		Time			Cycle	PC		Insn	Decoded instruction	Register and memory contents
          65000	         5	80000004	00000293	addi	x5,x0,0	  x0:0x00000000  x5=0x00000000
          75000	         6	80000008	00000313	addi	x6,x0,0	  x0:0x00000000  x6=0x00000000
          85000	         7	8000000c	00628263	beq	x5,x6,80000010	  x5:0x00000000  x6:0x00000000
          95000	         8	00000000	00000013	addi	x0,x0,0	  x0:0x00000000
         105000	         9	8000000c	00000013	addi	x0,x0,0	  x0:0x00000000
         115000	        10	80000010	00000097	auipc	x1,0x0	  x1=0x8000000c
         125000	        11	80000014	00c08093	addi	x1,x1,12	  x1:0x8000000c  x1=0x80000018
         135000	        12	80000018	00008067	jalr	x0,x1,0	  x1:0x80000018
         145000	        13	00000000	00000013	addi	x0,x0,0	  x0:0x00000000
         155000	        14	80000018	00000013	addi	x0,x0,0	  x0:0x00000000
         165000	        15	8000001c	400008b7	lui	x17,0x40000	 x17=0x40000000
         175000	        16	80000020	10088893	addi	x17,x17,256	 x17:0x40000000 x17=0x40000100
         185000	        17	80000024	00000013	addi	x0,x0,0	  x0:0x00000000
         195000	        18	80000028	0000a917	auipc	x18,0xa	 x18=0x8000a024
         205000	        19	8000002c	fa090913	addi	x18,x18,-96	 x18:0x8000a024 x18=0x80009fc4
         215000	        20	80000030	00002897	auipc	x17,0x2	 x17=0x8000202c
         225000	        21	80000034	dd088893	addi	x17,x17,-560	 x17:0x8000202c x17=0x80001dfc
         235000	        22	80000038	0008e893	ori	x17,x17,0	 x17:0x80001dfc x17=0x80001dfc
         245000	        23	8000003c	00000013	addi	x0,x0,0	  x0:0x00000000
         255000	        24	80000040	00000897	auipc	x17,0x0	 x17=0x8000003c
         265000	        25	80000044	02088893	addi	x17,x17,32	 x17:0x8000003c x17=0x8000005c
         275000	        26	80000048	00000013	addi	x0,x0,0	  x0:0x00000000
         285000	        27	8000004c	00000013	addi	x0,x0,0	  x0:0x00000000
         295000	        28	80000050	000028b7	lui	x17,0x2	 x17=0x00002000
         305000	        29	80000054	80088893	addi	x17,x17,-2048	 x17:0x00002000 x17=0x00001800
         315000	        30	80000058	00000013	addi	x0,x0,0	  x0:0x00000000
         325000	        31	8000005c	00000013	addi	x0,x0,0	  x0:0x00000000
         335000	        32	80000060	f1f9f037	lui	x0,0xf1f9f	
         345000	        33	80000064	42700013	addi	x0,x0,1063	  x0:0x00000000
         355000	        34	80000068	800000b7	lui	x1,0x80000	  x1=0x80000000
         365000	        35	8000006c	fe163137	lui	x2,0xfe163	  x2=0xfe163000
         375000	        36	80000070	56110113	addi	x2,x2,1377	  x2:0xfe163000  x2=0xfe163561
         385000	        37	80000074	fcf821b7	lui	x3,0xfcf82	  x3=0xfcf82000
         395000	        38	80000078	90f18193	addi	x3,x3,-1777	  x3:0xfcf82000  x3=0xfcf8190f
         405000	        39	8000007c	80000237	lui	x4,0x80000	  x4=0x80000000
         415000	        40	80000080	00b00293	addi	x5,x0,11	  x0:0x00000000  x5=0x0000000b
         425000	        41	80000084	00000313	addi	x6,x0,0	  x0:0x00000000  x6=0x00000000
         435000	        42	80000088	f1a4e3b7	lui	x7,0xf1a4e	  x7=0xf1a4e000
         445000	        43	8000008c	e4938393	addi	x7,x7,-439	  x7:0xf1a4e000  x7=0xf1a4de49
         455000	        44	80000090	80000437	lui	x8,0x80000	  x8=0x80000000
         465000	        45	80000094	80000537	lui	x10,0x80000	 x10=0x80000000
         475000	        46	80000098	f58525b7	lui	x11,0xf5852	 x11=0xf5852000
         485000	        47	8000009c	5e158593	addi	x11,x11,1505	 x11:0xf5852000 x11=0xf58525e1
         495000	        48	800000a0	80000637	lui	x12,0x80000	 x12=0x80000000
         505000	        49	800000a4	00000693	addi	x13,x0,0	  x0:0x00000000 x13=0x00000000
         515000	        50	800000a8	00700713	addi	x14,x0,7	  x0:0x00000000 x14=0x00000007
         525000	        51	800000ac	f045a7b7	lui	x15,0xf045a	 x15=0xf045a000
         535000	        52	800000b0	61678793	addi	x15,x15,1558	 x15:0xf045a000 x15=0xf045a616
         545000	        53	800000b4	4e9af837	lui	x16,0x4e9af	 x16=0x4e9af000
         555000	        54	800000b8	dcc80813	addi	x16,x16,-564	 x16:0x4e9af000 x16=0x4e9aedcc
         565000	        55	800000bc	00000893	addi	x17,x0,0	  x0:0x00000000 x17=0x00000000
         575000	        56	800000c0	d564e9b7	lui	x19,0xd564e	 x19=0xd564e000
         585000	        57	800000c4	b8898993	addi	x19,x19,-1144	 x19:0xd564e000 x19=0xd564db88
         595000	        58	800000c8	00000a13	addi	x20,x0,0	  x0:0x00000000 x20=0x00000000
         605000	        59	800000cc	f9b40ab7	lui	x21,0xf9b40	 x21=0xf9b40000
         615000	        60	800000d0	175a8a93	addi	x21,x21,373	 x21:0xf9b40000 x21=0xf9b40175
         625000	        61	800000d4	80000b37	lui	x22,0x80000	 x22=0x80000000
         635000	        62	800000d8	00000b93	addi	x23,x0,0	  x0:0x00000000 x23=0x00000000
         645000	        63	800000dc	80000c37	lui	x24,0x80000	 x24=0x80000000
         655000	        64	800000e0	c592ccb7	lui	x25,0xc592c	 x25=0xc592c000
         665000	        65	800000e4	7d3c8c93	addi	x25,x25,2003	 x25:0xc592c000 x25=0xc592c7d3
         675000	        66	800000e8	00600d13	addi	x26,x0,6	  x0:0x00000000 x26=0x00000006
         685000	        67	800000ec	00000d93	addi	x27,x0,0	  x0:0x00000000 x27=0x00000000
         695000	        68	800000f0	00300e13	addi	x28,x0,3	  x0:0x00000000 x28=0x00000003
         705000	        69	800000f4	80000eb7	lui	x29,0x80000	 x29=0x80000000
         715000	        70	800000f8	d8d33f37	lui	x30,0xd8d33	 x30=0xd8d33000
         725000	        71	800000fc	2a1f0f13	addi	x30,x30,673	 x30:0xd8d33000 x30=0xd8d332a1
         735000	        72	80000100	00000f93	addi	x31,x0,0	  x0:0x00000000 x31=0x00000000
         745000	        73	80000104	0000a497	auipc	x9,0xa	  x9=0x8000a100
         755000	        74	80000108	e8448493	addi	x9,x9,-380	  x9:0x8000a100  x9=0x80009f84
         765000	        75	8000010c	00008b97	auipc	x23,0x8	 x23=0x80008108
         775000	        76	80000110	2a7b8b93	addi	x23,x23,679	 x23:0x80008108 x23=0x800083af
         785000	        77	80000114	00008717	auipc	x14,0x8	 x14=0x80008110
         795000	        78	80000118	51d70713	addi	x14,x14,1309	 x14:0x80008110 x14=0x8000862d
         805000	        79	8000011c	00abcd03	lbu	x26,10(x23)	 x23:0x800083af x26=0x00000072 PA:0x800083b9
         815000	        80	80000120	fd2b8f03	lb	x30,-46(x23)	 x23:0x800083af x30=0x0000003a PA:0x80008381
         825000	        81	80000124	00771d83	lh	x27,7(x14)	 x14:0x8000862d x27=0xffffeeef PA:0x80008634
         835000	        82	80000128	032bc183	lbu	x3,50(x23)	 x23:0x800083af  x3=0x0000009a PA:0x800083e1
         845000	        83	8000012c	029b86a3	sb	x9,45(x23)	 x23:0x800083af  x9:0x80009f84 PA:0x800083dc
         855000	        84	80000130	ff5b8b23	sb	x21,-10(x23)	 x23:0x800083af x21:0xf9b40175 PA:0x800083a5
         865000	        85	80000134	ff174d83	lbu	x27,-15(x14)	 x14:0x8000862d x27=0x000000d5 PA:0x8000861e
         875000	        86	80000138	fff72d83	lw	x27,-1(x14)	 x14:0x8000862d x27=0xe4e5e6e7 PA:0x8000862c
         885000	        87	8000013c	00a74283	lbu	x5,10(x14)	 x14:0x8000862d  x5=0x000000ec PA:0x80008637
         895000	        88	80000140	03aba0a3	sw	x26,33(x23)	 x23:0x800083af x26:0x00000072 PA:0x800083d0
         905000	        89	80000144	005bc403	lbu	x8,5(x23)	 x23:0x800083af  x8=0x0000006f PA:0x800083b4
         915000	        90	80000148	014bce83	lbu	x29,20(x23)	 x23:0x800083af x29=0x00000078 PA:0x800083c3
         925000	        91	8000014c	ffc70d83	lb	x27,-4(x14)	 x14:0x8000862d x27=0xffffffe2 PA:0x80008629
         935000	        92	80000150	00008617	auipc	x12,0x8	 x12=0x8000814c
         945000	        93	80000154	67b60613	addi	x12,x12,1659	 x12:0x8000814c x12=0x800087c7
         955000	        94	80000158	00008997	auipc	x19,0x8	 x19=0x80008154
         965000	        95	8000015c	fad98993	addi	x19,x19,-83	 x19:0x80008154 x19=0x80008101
         975000	        96	80000160	fee60283	lb	x5,-18(x12)	 x12:0x800087c7  x5=0x0000006e PA:0x800087b5
         985000	        97	80000164	fea98a23	sb	x10,-12(x19)	 x19:0x80008101 x10:0x80000000 PA:0x800080f5
         995000	        98	80000168	cde60023	sb	x30,-832(x12)	 x12:0x800087c7 x30:0x0000003a PA:0x80008487
        1005000	        99	8000016c	00008117	auipc	x2,0x8	  x2=0x80008168
        1015000	       100	80000170	22110113	addi	x2,x2,545	  x2:0x80008168  x2=0x80008389
        1025000	       101	80000174	a1b60523	sb	x27,-1526(x12)	 x12:0x800087c7 x27:0xffffffe2 PA:0x800081d1
        1035000	       102	80000178	00008817	auipc	x16,0x8	 x16=0x80008174
        1045000	       103	8000017c	31080813	addi	x16,x16,784	 x16:0x80008174 x16=0x80008484
        1055000	       104	80000180	00098a83	lb	x21,0(x19)	 x19:0x80008101 x21=0xffffffba PA:0x80008101
        1065000	       105	80000184	ff481783	lh	x15,-12(x16)	 x16:0x80008484 x15=0x00003233 PA:0x80008478
        1075000	       106	80000188	00008197	auipc	x3,0x8	  x3=0x80008184
        1085000	       107	8000018c	63818193	addi	x3,x3,1592	  x3:0x80008184  x3=0x800087bc
        1095000	       108	80000190	00a85383	lhu	x7,10(x16)	 x16:0x80008484  x7=0x00004445 PA:0x8000848e
        1105000	       109	00000000	00000013	addi	x0,x0,0	  x0:0x00000000
        1115000	       110	80000194	00714c83	lbu	x25,7(x2)	  x2:0x80008389 x25=0x0000004b PA:0x80008390
        1125000	       111	00000000	00000013	addi	x0,x0,0	  x0:0x00000000
        1135000	       112	80000198	e39604a3	sb	x25,-471(x12)	 x12:0x800087c7 x25:0x0000004b PA:0x800085f0
        1145000	       113	8000019c	ffe9c883	lbu	x17,-2(x19)	 x19:0x80008101 x17=0x000000b4 PA:0x800080ff
        1155000	       114	800001a0	ff49c303	lbu	x6,-12(x19)	 x19:0x80008101  x6=0x00000000 PA:0x800080f5
        1165000	       115	00000000	00000013	addi	x0,x0,0	  x0:0x00000000
        1175000	       116	800001a4	00681283	lh	x5,6(x16)	 x16:0x80008484  x5=0x00004041 PA:0x8000848a
        1185000	       117	00000000	00000013	addi	x0,x0,0	  x0:0x00000000
        1195000	       118	800001a8	f6518ea3	sb	x5,-131(x3)	  x3:0x800087bc  x5:0x00004041 PA:0x80008739
        1205000	       119	800001ac	f8512ba3	sw	x5,-105(x2)	  x2:0x80008389  x5:0x00004041 PA:0x80008320
        1215000	       120	800001b0	c6a60fa3	sb	x10,-897(x12)	 x12:0x800087c7 x10:0x80000000 PA:0x80008446
        1225000	       121	800001b4	f3210303	lb	x6,-206(x2)	  x2:0x80008389  x6=0x00000070 PA:0x800082bb
        1235000	       122	800001b8	ff09ca03	lbu	x20,-16(x19)	 x19:0x80008101 x20=0x000000aa PA:0x800080f1
        1245000	       123	800001bc	00c19783	lh	x15,12(x3)	  x3:0x800087bc x15=0xffff8283 PA:0x800087c8
        1255000	       124	800001c0	fea809a3	sb	x10,-13(x16)	 x16:0x80008484 x10:0x80000000 PA:0x80008477
        1265000	       125	800001c4	cd165303	lhu	x6,-815(x12)	 x12:0x800087c7  x6=0x00005253 PA:0x80008498
        1275000	       126	800001c8	f0418aa3	sb	x4,-235(x3)	  x3:0x800087bc  x4:0x80000000 PA:0x800086d1
        1285000	       127	800001cc	f8718c83	lb	x25,-121(x3)	  x3:0x800087bc x25=0xfffffff8 PA:0x80008743
        1295000	       128	800001d0	fe398d23	sb	x3,-6(x19)	 x19:0x80008101  x3:0x800087bc PA:0x800080fb
        1305000	       129	800001d4	00080e03	lb	x28,0(x16)	 x16:0x80008484 x28=0x0000003f PA:0x80008484
        1315000	       130	800001d8	d5a60d03	lb	x26,-678(x12)	 x12:0x800087c7 x26=0xffffffda PA:0x80008521
        1325000	       131	800001dc	ff3808a3	sb	x19,-15(x16)	 x16:0x80008484 x19:0x80008101 PA:0x80008475
        1335000	       132	800001e0	e5e617a3	sh	x30,-433(x12)	 x12:0x800087c7 x30:0x0000003a PA:0x80008616
        1345000	       133	800001e4	fe410ba3	sb	x4,-9(x2)	  x2:0x80008389  x4:0x80000000 PA:0x80008380
        1355000	       134	800001e8	00482a83	lw	x21,4(x16)	 x16:0x80008484 x21=0x40414243 PA:0x80008488
        1365000	       135	800001ec	02915383	lhu	x7,41(x2)	  x2:0x80008389  x7=0x00006869 PA:0x800083b2
        1375000	       136	800001f0	00681b03	lh	x22,6(x16)	 x16:0x80008484 x22=0x00004041 PA:0x8000848a
        1385000	       137	800001f4	ffa85203	lhu	x4,-6(x16)	 x16:0x80008484  x4=0x00003435 PA:0x8000847e
        1395000	       138	800001f8	fdc18ba3	sb	x28,-41(x3)	  x3:0x800087bc x28:0x0000003f PA:0x80008793
        1405000	       139	800001fc	00008117	auipc	x2,0x8	  x2=0x800081f8
        1415000	       140	80000200	29d10113	addi	x2,x2,669	  x2:0x800081f8  x2=0x80008495
        1425000	       141	80000204	410e8033	sub	x0,x29,x16	 x29:0x00000078 x16:0x80008484
        1435000	       142	80000208	b9d38b13	addi	x22,x7,-1123	  x7:0x00006869 x22=0x00006406
        1445000	       143	8000020c	f7610e23	sb	x22,-132(x2)	  x2:0x80008495 x22:0x00006406 PA:0x80008411
        1455000	       144	80000210	fe614e03	lbu	x28,-26(x2)	  x2:0x80008495 x28=0x00000030 PA:0x8000847b
        1465000	       145	80000214	fe614403	lbu	x8,-26(x2)	  x2:0x80008495  x8=0x00000030 PA:0x8000847b
        1475000	       146	80000218	416801b3	sub	x3,x16,x22	 x16:0x80008484 x22:0x00006406  x3=0x8000207e
        1485000	       147	8000021c	fe614383	lbu	x7,-26(x2)	  x2:0x80008495  x7=0x00000030 PA:0x8000847b
        1495000	       148	80000220	01489e13	slli	x28,x17,0x14	 x17:0x000000b4 x28=0x0b400000
        1505000	       149	80000224	ff17c513	xori	x10,x15,-15	 x15:0xffff8283 x10=0x00007d72
        1515000	       150	80000228	f7010a03	lb	x20,-144(x2)	  x2:0x80008495 x20=0xffffffbe PA:0x80008405
        1525000	       151	8000022c	10010283	lb	x5,256(x2)	  x2:0x80008495  x5=0x0000004e PA:0x80008595
        1535000	       152	80000230	11510023	sb	x21,256(x2)	  x2:0x80008495 x21:0x40414243 PA:0x80008595
        1545000	       153	80000234	10014303	lbu	x6,256(x2)	  x2:0x80008495  x6=0x00000043 PA:0x80008595
        1555000	       154	80000238	d56b3c13	sltiu	x24,x22,-682	 x22:0x00006406 x24=0x00000001
        1565000	       155	8000023c	10010183	lb	x3,256(x2)	  x2:0x80008495  x3=0x00000043 PA:0x80008595
        1575000	       156	80000240	02910f03	lb	x30,41(x2)	  x2:0x80008495 x30=0x00000075 PA:0x800084be
        1585000	       157	80000244	f5511c03	lh	x24,-171(x2)	  x2:0x80008495 x24=0xffffa0a1 PA:0x800083ea
        1595000	       158	80000248	fff14403	lbu	x8,-1(x2)	  x2:0x80008495  x8=0x0000004f PA:0x80008494
        1605000	       159	8000024c	f9311ea3	sh	x19,-99(x2)	  x2:0x80008495 x19:0x80008101 PA:0x80008432
        1615000	       160	80000250	7bb94893	xori	x17,x18,1979	 x18:0x80009fc4 x17=0x8000987f
        1625000	       161	80000254	0e714683	lbu	x13,231(x2)	  x2:0x80008495 x13=0x00000037 PA:0x8000857c
        1635000	       162	80000258	00008617	auipc	x12,0x8	 x12=0x80008254
        1645000	       163	8000025c	66160613	addi	x12,x12,1633	 x12:0x80008254 x12=0x800088b5
        1655000	       164	80000260	af5ff593	andi	x11,x31,-1291	 x31:0x00000000 x11=0x00000000
        1665000	       165	80000264	00dea2b3	slt	x5,x29,x13	 x29:0x00000078 x13:0x00000037  x5=0x00000000
        1675000	       166	80000268	ff960c23	sb	x25,-8(x12)	 x12:0x800088b5 x25:0xfffffff8 PA:0x800088ad
        1685000	       167	8000026c	ff564503	lbu	x10,-11(x12)	 x12:0x800088b5 x10=0x00000091 PA:0x800088aa
        1695000	       168	80000270	d0dfff13	andi	x30,x31,-755	 x31:0x00000000 x30=0x00000000
        1705000	       169	80000274	9e503793	sltiu	x15,x0,-1563	  x0:0x00000000 x15=0x00000001
        1715000	       170	80000278	41200ab3	sub	x21,x0,x18	  x0:0x00000000 x18:0x80009fc4 x21=0x7fff603c
        1725000	       171	8000027c	00849b33	sll	x22,x9,x8	  x9:0x80009f84  x8:0x0000004f x22=0x4fc20000
        1735000	       172	80000280	00464bb3	xor	x23,x12,x4	 x12:0x800088b5  x4:0x00003435 x23=0x8000bc80
        1745000	       173	80000284	40c28533	sub	x10,x5,x12	  x5:0x00000000 x12:0x800088b5 x10=0x7fff774b
        1755000	       174	80000288	00d65283	lhu	x5,13(x12)	 x12:0x800088b5  x5=0x0000a8a9 PA:0x800088c2
        1765000	       175	8000028c	00064e83	lbu	x29,0(x12)	 x12:0x800088b5 x29=0x0000009e PA:0x800088b5
        1775000	       176	80000290	014621a3	sw	x20,3(x12)	 x12:0x800088b5 x20:0xffffffbe PA:0x800088b8
        1785000	       177	80000294	00000013	addi	x0,x0,0	  x0:0x00000000
        1795000	       178	80000298	01f25333	srl	x6,x4,x31	  x4:0x00003435 x31:0x00000000  x6=0x00003435
        1805000	       179	8000029c	01801393	slli	x7,x0,0x18	  x0:0x00000000  x7=0x00000000
        1815000	       180	800002a0	00974f33	xor	x30,x14,x9	 x14:0x8000862d  x9:0x80009f84 x30=0x000019a9
        1825000	       181	800002a4	41fc5793	srai	x15,x24,0x1f	 x24:0xffffa0a1 x15=0xffffffff
        1835000	       182	800002a8	00272233	slt	x4,x14,x2	 x14:0x8000862d  x2:0x80008495  x4=0x00000000
        1845000	       183	800002ac	014496b3	sll	x13,x9,x20	  x9:0x80009f84 x20:0xffffffbe x13=0x00000000
        1855000	       184	800002b0	ffe64d03	lbu	x26,-2(x12)	 x12:0x800088b5 x26=0x00000098 PA:0x800088b3
        1865000	       185	800002b4	ffd60783	lb	x15,-3(x12)	 x12:0x800088b5 x15=0xffffff99 PA:0x800088b2
        1875000	       186	800002b8	ffd60ea3	sb	x29,-3(x12)	 x12:0x800088b5 x29:0x0000009e PA:0x800088b2
        1885000	       187	800002bc	fe860d23	sb	x8,-6(x12)	 x12:0x800088b5  x8:0x0000004f PA:0x800088af
        1895000	       188	800002c0	ff464c03	lbu	x24,-12(x12)	 x12:0x800088b5 x24=0x00000092 PA:0x800088a9
        1905000	       189	800002c4	00009997	auipc	x19,0x9	 x19=0x800092c0
        1915000	       190	800002c8	aac98993	addi	x19,x19,-1364	 x19:0x800092c0 x19=0x80008d6c
        1925000	       191	800002cc	00008697	auipc	x13,0x8	 x13=0x800082c8
        1935000	       192	800002d0	74368693	addi	x13,x13,1859	 x13:0x800082c8 x13=0x80008a0b
        1945000	       193	800002d4	00008397	auipc	x7,0x8	  x7=0x800082d0
        1955000	       194	800002d8	73038393	addi	x7,x7,1840	  x7:0x800082d0  x7=0x80008a00
        1965000	       195	800002dc	e8d6a003	lw	x0,-371(x13)	 x13:0x80008a0b PA:0x80008898
        1975000	       196	800002e0	0a569803	lh	x16,165(x13)	 x13:0x80008a0b x16=0xffff9a9b PA:0x80008ab0
        1985000	       197	800002e4	00008f17	auipc	x30,0x8	 x30=0x800082e0
        1995000	       198	800002e8	6bdf0f13	addi	x30,x30,1725	 x30:0x800082e0 x30=0x8000899d
        2005000	       199	800002ec	17768223	sb	x23,356(x13)	 x13:0x80008a0b x23:0x8000bc80 PA:0x80008b6f
        2015000	       200	800002f0	623f4b83	lbu	x23,1571(x30)	 x30:0x8000899d x23=0x000000ab PA:0x80008fc0
        2025000	       201	800002f4	4a1f0523	sb	x1,1194(x30)	 x30:0x8000899d  x1:0x80000000 PA:0x80008e47
        2035000	       202	800002f8	ffa98183	lb	x3,-6(x19)	 x19:0x80008d6c  x3=0x0000004d PA:0x80008d66
        2045000	       203	800002fc	ff938d83	lb	x27,-7(x7)	  x7:0x80008a00 x27=0xffffffe2 PA:0x800089f9
        2055000	       204	80000300	ff99c583	lbu	x11,-7(x19)	 x19:0x80008d6c x11=0x0000004e PA:0x80008d65
        2065000	       205	80000304	00c3dd03	lhu	x26,12(x7)	  x7:0x80008a00 x26=0x0000f6f7 PA:0x80008a0c
        2075000	       206	80000308	00599823	sh	x5,16(x19)	 x19:0x80008d6c  x5:0x0000a8a9 PA:0x80008d7c
        2085000	       207	8000030c	ffc9a003	lw	x0,-4(x19)	 x19:0x80008d6c PA:0x80008d68
        2095000	       208	80000310	ff33c403	lbu	x8,-13(x7)	  x7:0x80008a00  x8=0x000000d8 PA:0x800089f3
        2105000	       209	80000314	01498123	sb	x20,2(x19)	 x19:0x80008d6c x20:0xffffffbe PA:0x80008d6e
        2115000	       210	80000318	f3b68b83	lb	x23,-197(x13)	 x13:0x80008a0b x23=0x0000002d PA:0x80008946
        2125000	       211	8000031c	fe9988a3	sb	x9,-15(x19)	 x19:0x80008d6c  x9:0x80009f84 PA:0x80008d5d
        2135000	       212	80000320	f2168b83	lb	x23,-223(x13)	 x13:0x80008a0b x23=0x00000017 PA:0x8000892c
        2145000	       213	80000324	f3df4883	lbu	x17,-195(x30)	 x30:0x8000899d x17=0x000000c1 PA:0x800088da
        2155000	       214	80000328	01b39823	sh	x27,16(x7)	  x7:0x80008a00 x27:0xffffffe2 PA:0x80008a10
        2165000	       215	8000032c	2f268303	lb	x6,754(x13)	 x13:0x80008a0b  x6=0xffffffe6 PA:0x80008cfd
        2175000	       216	80000330	ffd9a823	sw	x29,-16(x19)	 x19:0x80008d6c x29:0x0000009e PA:0x80008d5c
        2185000	       217	80000334	1fff0623	sb	x31,492(x30)	 x30:0x8000899d x31:0x00000000 PA:0x80008b89
        2195000	       218	80000338	04c699a3	sh	x12,83(x13)	 x13:0x80008a0b x12:0x800088b5 PA:0x80008a5e
        2205000	       219	8000033c	ff198703	lb	x14,-15(x19)	 x19:0x80008d6c x14=0x00000000 PA:0x80008d5d
        2215000	       220	80000340	ff338803	lb	x16,-13(x7)	  x7:0x80008a00 x16=0xffffffd8 PA:0x800089f3
        2225000	       221	80000344	ff598d03	lb	x26,-11(x19)	 x19:0x80008d6c x26=0x0000004a PA:0x80008d61
        2235000	       222	80000348	3ce68783	lb	x15,974(x13)	 x13:0x80008a0b x15=0xffffffc2 PA:0x80008dd9
        2245000	       223	8000034c	1c4f0923	sb	x4,466(x30)	 x30:0x8000899d  x4:0x00000000 PA:0x80008b6f
        2255000	       224	80000350	ff398d83	lb	x27,-13(x19)	 x19:0x80008d6c x27=0x00000000 PA:0x80008d5f
        2265000	       225	80000354	339f0103	lb	x2,825(x30)	 x30:0x8000899d  x2=0xffffffbd PA:0x80008cd6
        2275000	       226	80000358	4e5f0403	lb	x8,1253(x30)	 x30:0x8000899d  x8=0x00000069 PA:0x80008e82
        2285000	       227	8000035c	f2df0183	lb	x3,-211(x30)	 x30:0x8000899d  x3=0xffffffb1 PA:0x800088ca
        2295000	       228	80000360	01339623	sh	x19,12(x7)	  x7:0x80008a00 x19:0x80008d6c PA:0x80008a0c
        2305000	       229	80000364	00008a97	auipc	x21,0x8	 x21=0x80008360
        2315000	       230	80000368	118a8a93	addi	x21,x21,280	 x21:0x80008360 x21=0x80008478
        2325000	       231	8000036c	d9ba9323	sh	x27,-634(x21)	 x21:0x80008478 x27:0x00000000 PA:0x800081fe
        2335000	       232	80000370	e53ac503	lbu	x10,-429(x21)	 x21:0x80008478 x10=0x00000080 PA:0x800082cb
        2345000	       233	80000374	01565c13	srli	x24,x12,0x15	 x12:0x800088b5 x24=0x00000400
        2355000	       234	80000378	00000013	addi	x0,x0,0	  x0:0x00000000
        2365000	       235	8000037c	00c00233	add	x4,x0,x12	  x0:0x00000000 x12:0x800088b5  x4=0x800088b5
        2375000	       236	80000380	ceca8803	lb	x16,-788(x21)	 x21:0x80008478 x16=0x0000001f PA:0x80008164
        2385000	       237	80000384	ccba8f03	lb	x30,-821(x21)	 x21:0x80008478 x30=0xfffffff8 PA:0x80008143
        2395000	       238	80000388	e3aa8523	sb	x26,-470(x21)	 x21:0x80008478 x26:0x0000004a PA:0x800082a2
        2405000	       239	8000038c	eb3acd03	lbu	x26,-333(x21)	 x21:0x80008478 x26=0x000000e0 PA:0x8000832b
        2415000	       240	80000390	9a8feb37	lui	x22,0x9a8fe	 x22=0x9a8fe000
        2425000	       241	80000394	ff9ac603	lbu	x12,-7(x21)	 x21:0x80008478 x12=0x0000002a PA:0x80008471
        2435000	       242	80000398	0b2add03	lhu	x26,178(x21)	 x21:0x80008478 x26=0x0000e0e1 PA:0x8000852a
        2445000	       243	8000039c	000c1113	slli	x2,x24,0x0	 x24:0x00000400  x2=0x00000400
        2455000	       244	800003a0	2d0aa303	lw	x6,720(x21)	 x21:0x80008478  x6=0x00010203 PA:0x80008748
        2465000	       245	800003a4	ef3a89a3	sb	x19,-269(x21)	 x21:0x80008478 x19:0x80008d6c PA:0x8000836b
        2475000	       246	800003a8	eb8adc03	lhu	x24,-328(x21)	 x21:0x80008478 x24=0x0000eaeb PA:0x80008330
        2485000	       247	800003ac	0123cf33	xor	x30,x7,x18	  x7:0x80008a00 x18:0x80009fc4 x30=0x000015c4
        2495000	       248	800003b0	0f5a8103	lb	x2,245(x21)	 x21:0x80008478  x2=0x00000026 PA:0x8000856d
        2505000	       249	00000000	00000013	addi	x0,x0,0	  x0:0x00000000
        2515000	       250	800003b4	ee2a9123	sh	x2,-286(x21)	 x21:0x80008478  x2:0x00000026 PA:0x8000835a
        2525000	       251	800003b8	01c2df93	srli	x31,x5,0x1c	  x5:0x0000a8a9 x31=0x00000000
        2535000	       252	800003bc	00c86733	or	x14,x16,x12	 x16:0x0000001f x12:0x0000002a x14=0x0000003f
        2545000	       253	800003c0	0e1ac583	lbu	x11,225(x21)	 x21:0x80008478 x11=0x00000012 PA:0x80008559
        2555000	       254	800003c4	23baa823	sw	x27,560(x21)	 x21:0x80008478 x27:0x00000000 PA:0x800086a8
        2565000	       255	800003c8	ddba8fa3	sb	x27,-545(x21)	 x21:0x80008478 x27:0x00000000 PA:0x80008257
        2575000	       256	800003cc	e84ad383	lhu	x7,-380(x21)	 x21:0x80008478  x7=0x0000b6b7 PA:0x800082fc
        2585000	       257	800003d0	148a9f23	sh	x8,350(x21)	 x21:0x80008478  x8:0x00000069 PA:0x800085d6
        2595000	       258	800003d4	eeaa9d03	lh	x26,-278(x21)	 x21:0x80008478 x26=0x00001819 PA:0x80008362
        2605000	       259	800003d8	002ab8b3	sltu	x17,x21,x2	 x21:0x80008478  x2:0x00000026 x17=0x00000000
        2615000	       260	800003dc	ea3a82a3	sb	x3,-347(x21)	 x21:0x80008478  x3:0xffffffb1 PA:0x8000831d
        2625000	       261	800003e0	004f55b3	srl	x11,x30,x4	 x30:0x000015c4  x4:0x800088b5 x11=0x00000000
        2635000	       262	800003e4	01c85b93	srli	x23,x16,0x1c	 x16:0x0000001f x23=0x00000000
        2645000	       263	800003e8	34da8d83	lb	x27,845(x21)	 x21:0x80008478 x27=0x0000007e PA:0x800087c5
        2655000	       264	800003ec	1c8ad603	lhu	x12,456(x21)	 x21:0x80008478 x12=0x0000fafb PA:0x80008640
        2665000	       265	800003f0	bf0a80a3	sb	x16,-1055(x21)	 x21:0x80008478 x16:0x0000001f PA:0x80008059
        2675000	       266	800003f4	01ec05b3	add	x11,x24,x30	 x24:0x0000eaeb x30:0x000015c4 x11=0x000100af
        2685000	       267	800003f8	41bfde93	srai	x29,x31,0x1b	 x31:0x00000000 x29=0x00000000
        2695000	       268	800003fc	00c8cc33	xor	x24,x17,x12	 x17:0x00000000 x12:0x0000fafb x24=0x0000fafb
        2705000	       269	80000400	01229d13	slli	x26,x5,0x12	  x5:0x0000a8a9 x26=0xa2a40000
        2715000	       270	80000404	7cfaee93	ori	x29,x21,1999	 x21:0x80008478 x29=0x800087ff
        2725000	       271	80000408	c4ea8d83	lb	x27,-946(x21)	 x21:0x80008478 x27=0x0000007d PA:0x800080c6
        2735000	       272	8000040c	00008117	auipc	x2,0x8	  x2=0x80008408
        2745000	       273	80000410	ed410113	addi	x2,x2,-300	  x2:0x80008408  x2=0x800082dc
        2755000	       274	80000414	02615403	lhu	x8,38(x2)	  x2:0x800082dc  x8=0x0000b8b9 PA:0x80008302
        2765000	       275	80000418	ffd107a3	sb	x29,-17(x2)	  x2:0x800082dc x29:0x800087ff PA:0x800082cb
        2775000	       276	8000041c	02111123	sh	x1,34(x2)	  x2:0x800082dc  x1:0x80000000 PA:0x800082fe
        2785000	       277	80000420	01c289b3	add	x19,x5,x28	  x5:0x0000a8a9 x28:0x0b400000 x19=0x0b40a8a9
        2795000	       278	80000424	d01b8d13	addi	x26,x23,-767	 x23:0x00000000 x26=0xfffffd01
        2805000	       279	80000428	17d1f213	andi	x4,x3,381	  x3:0xffffffb1  x4=0x00000131
        2815000	       280	8000042c	00000013	addi	x0,x0,0	  x0:0x00000000
        2825000	       281	80000430	fd711023	sh	x23,-64(x2)	  x2:0x800082dc x23:0x00000000 PA:0x8000829c
        2835000	       282	80000434	0197dc13	srli	x24,x15,0x19	 x15:0xffffffc2 x24=0x0000007f
        2845000	       283	80000438	fc614403	lbu	x8,-58(x2)	  x2:0x800082dc  x8=0x0000004a PA:0x800082a2
        2855000	       284	8000043c	ff210ea3	sb	x18,-3(x2)	  x2:0x800082dc x18:0x80009fc4 PA:0x800082d9
        2865000	       285	80000440	59c70897	auipc	x17,0x59c70	 x17=0xd9c7043c
        2875000	       286	80000444	fe811003	lh	x0,-24(x2)	  x2:0x800082dc PA:0x800082c4
        2885000	       287	80000448	01a15303	lhu	x6,26(x2)	  x2:0x800082dc  x6=0x0000acad PA:0x800082f6
        2895000	       288	8000044c	01e10203	lb	x4,30(x2)	  x2:0x800082dc  x4=0xffffffb1 PA:0x800082fa
        2905000	       289	80000450	00932833	slt	x16,x6,x9	  x6:0x0000acad  x9:0x80009f84 x16=0x00000000
        2915000	       290	80000454	0018efb3	or	x31,x17,x1	 x17:0xd9c7043c  x1:0x80000000 x31=0xd9c7043c
        2925000	       291	80000458	fd310023	sb	x19,-64(x2)	  x2:0x800082dc x19:0x0b40a8a9 PA:0x8000829c
        2935000	       292	8000045c	aeb44713	xori	x14,x8,-1301	  x8:0x0000004a x14=0xfffffaa1
        2945000	       293	80000460	fe410703	lb	x14,-28(x2)	  x2:0x800082dc x14=0x0000007b PA:0x800082c0
        2955000	       294	80000464	03215503	lhu	x10,50(x2)	  x2:0x800082dc x10=0x0000c4c5 PA:0x8000830e
        2965000	       295	80000468	fc415603	lhu	x12,-60(x2)	  x2:0x800082dc x12=0x00005a5b PA:0x800082a0
        2975000	       296	8000046c	be14f013	andi	x0,x9,-1055	  x9:0x80009f84
        2985000	       297	80000470	ff2100a3	sb	x18,-31(x2)	  x2:0x800082dc x18:0x80009fc4 PA:0x800082bd
        2995000	       298	80000474	006b1033	sll	x0,x22,x6	 x22:0x9a8fe000  x6:0x0000acad
        3005000	       299	80000478	ff7100a3	sb	x23,-31(x2)	  x2:0x800082dc x23:0x00000000 PA:0x800082bd
        3015000	       300	8000047c	7681cc93	xori	x25,x3,1896	  x3:0xffffffb1 x25=0xfffff8d9
        3025000	       301	80000480	41375e33	sra	x28,x14,x19	 x14:0x0000007b x19:0x0b40a8a9 x28=0x00000000
        3035000	       302	80000484	0091d513	srli	x10,x3,0x9	  x3:0xffffffb1 x10=0x007fffff
        3045000	       303	80000488	ff5100a3	sb	x21,-31(x2)	  x2:0x800082dc x21:0x80008478 PA:0x800082bd
        3055000	       304	8000048c	ff215c03	lhu	x24,-14(x2)	  x2:0x800082dc x24=0x00008485 PA:0x800082ce
        3065000	       305	80000490	00009417	auipc	x8,0x9	  x8=0x8000948c
        3075000	       306	80000494	97640413	addi	x8,x8,-1674	  x8:0x8000948c  x8=0x80008e02
        3085000	       307	80000498	00009f97	auipc	x31,0x9	 x31=0x80009494
        3095000	       308	8000049c	9a7f8f93	addi	x31,x31,-1625	 x31:0x80009494 x31=0x80008e3b
        3105000	       309	800004a0	ffe44d83	lbu	x27,-2(x8)	  x8:0x80008e02 x27=0x000000eb PA:0x80008e00
        3115000	       310	800004a4	008f8523	sb	x8,10(x31)	 x31:0x80008e3b  x8:0x80008e02 PA:0x80008e45
        3125000	       311	800004a8	ff2f8803	lb	x16,-14(x31)	 x31:0x80008e3b x16=0x00000016 PA:0x80008e2d
        3135000	       312	800004ac	00f41623	sh	x15,12(x8)	  x8:0x80008e02 x15:0xffffffc2 PA:0x80008e0e
        3145000	       313	800004b0	fe0f8d23	sb	x0,-6(x31)	 x31:0x80008e3b  x0:0x00000000 PA:0x80008e35
        3155000	       314	800004b4	01242523	sw	x18,10(x8)	  x8:0x80008e02 x18:0x80009fc4 PA:0x80008e0c
        3165000	       315	800004b8	fe6f8ba3	sb	x6,-9(x31)	 x31:0x80008e3b  x6:0x0000acad PA:0x80008e32
        3175000	       316	800004bc	008406a3	sb	x8,13(x8)	  x8:0x80008e02  x8:0x80008e02 PA:0x80008e0f
        3185000	       317	800004c0	00b406a3	sb	x11,13(x8)	  x8:0x80008e02 x11:0x000100af PA:0x80008e0f
        3195000	       318	800004c4	010fc783	lbu	x15,16(x31)	 x31:0x80008e3b x15=0x00000030 PA:0x80008e4b
        3205000	       319	800004c8	00044103	lbu	x2,0(x8)	  x8:0x80008e02  x2=0x000000e9 PA:0x80008e02
        3215000	       320	800004cc	00af8883	lb	x17,10(x31)	 x31:0x80008e3b x17=0x00000002 PA:0x80008e45
        3225000	       321	800004d0	ff044c83	lbu	x25,-16(x8)	  x8:0x80008e02 x25=0x000000d9 PA:0x80008df2
        3235000	       322	800004d4	00740b03	lb	x22,7(x8)	  x8:0x80008e02 x22=0xfffffff2 PA:0x80008e09
        3245000	       323	800004d8	ff9faea3	sw	x25,-3(x31)	 x31:0x80008e3b x25:0x000000d9 PA:0x80008e38
        3255000	       324	800004dc	00008d97	auipc	x27,0x8	 x27=0x800084d8
        3265000	       325	800004e0	d56d8d93	addi	x27,x27,-682	 x27:0x800084d8 x27=0x8000822e
        3275000	       326	800004e4	0026ceb3	xor	x29,x13,x2	 x13:0x80008a0b  x2:0x000000e9 x29=0x80008ae2
        3285000	       327	800004e8	00000013	addi	x0,x0,0	  x0:0x00000000
        3295000	       328	800004ec	c451e997	auipc	x19,0xc451e	 x19=0x4451e4e8
        3305000	       329	800004f0	fc926f93	ori	x31,x4,-55	  x4:0xffffffb1 x31=0xfffffff9
        3315000	       330	800004f4	0199d793	srli	x15,x19,0x19	 x19:0x4451e4e8 x15=0x00000022
        3325000	       331	800004f8	01041133	sll	x2,x8,x16	  x8:0x80008e02 x16:0x00000016  x2=0x80800000
        3335000	       332	800004fc	ff3dc883	lbu	x17,-13(x27)	 x27:0x8000822e x17=0x000000da PA:0x80008221
        3345000	       333	80000500	d9fca293	slti	x5,x25,-609	 x25:0x000000d9  x5=0x00000000
        3355000	       334	80000504	af0aec13	ori	x24,x21,-1296	 x21:0x80008478 x24=0xfffffef8
        3365000	       335	80000508	ff0dc003	lbu	x0,-16(x27)	 x27:0x8000822e PA:0x8000821e
        3375000	       336	8000050c	009dc983	lbu	x19,9(x27)	 x27:0x8000822e x19=0x000000ec PA:0x80008237
        3385000	       337	80000510	00dd8303	lb	x6,13(x27)	 x27:0x8000822e  x6=0xfffffff0 PA:0x8000823b
        3395000	       338	80000514	ffadd303	lhu	x6,-6(x27)	 x27:0x8000822e  x6=0x0000e2e3 PA:0x80008228
        3405000	       339	80000518	004dd103	lhu	x2,4(x27)	 x27:0x8000822e  x2=0x0000e8e9 PA:0x80008232
        3415000	       340	8000051c	01101733	sll	x14,x0,x17	  x0:0x00000000 x17:0x000000da x14=0x00000000
        3425000	       341	80000520	008dd103	lhu	x2,8(x27)	 x27:0x8000822e  x2=0x0000eced PA:0x80008236
        3435000	       342	80000524	0133aeb3	slt	x29,x7,x19	  x7:0x0000b6b7 x19:0x000000ec x29=0x00000000
        3445000	       343	80000528	018d87a3	sb	x24,15(x27)	 x27:0x8000822e x24:0xfffffef8 PA:0x8000823d
        3455000	       344	8000052c	d61c6997	auipc	x19,0xd61c6	 x19=0x561c6528
        3465000	       345	80000530	febdad23	sw	x11,-6(x27)	 x27:0x8000822e x11:0x000100af PA:0x80008228
        3475000	       346	80000534	ff7d8883	lb	x17,-9(x27)	 x27:0x8000822e x17=0xffffffde PA:0x80008225
        3485000	       347	80000538	406981b3	sub	x3,x19,x6	 x19:0x561c6528  x6:0x0000e2e3  x3=0x561b8245
        3495000	       348	8000053c	007d8883	lb	x17,7(x27)	 x27:0x8000822e x17=0xffffffee PA:0x80008235
        3505000	       349	80000540	003b12b3	sll	x5,x22,x3	 x22:0xfffffff2  x3:0x561b8245  x5=0xfffffe40
        3515000	       350	80000544	ffadc283	lbu	x5,-6(x27)	 x27:0x8000822e  x5=0x000000af PA:0x80008228
        3525000	       351	80000548	0076c733	xor	x14,x13,x7	 x13:0x80008a0b  x7:0x0000b6b7 x14=0x80003cbc
        3535000	       352	8000054c	00addf03	lhu	x30,10(x27)	 x27:0x8000822e x30=0x0000f2f3 PA:0x80008238
        3545000	       353	80000550	58a40a13	addi	x20,x8,1418	  x8:0x80008e02 x20=0x8000938c
        3555000	       354	80000554	ff8ddf03	lhu	x30,-8(x27)	 x27:0x8000822e x30=0x0000dcdd PA:0x80008226
        3565000	       355	80000558	01d77133	and	x2,x14,x29	 x14:0x80003cbc x29:0x00000000  x2=0x00000000
        3575000	       356	8000055c	00dd8503	lb	x10,13(x27)	 x27:0x8000822e x10=0xfffffff0 PA:0x8000823b
        3585000	       357	80000560	2bc14113	xori	x2,x2,700	  x2:0x00000000  x2=0x000002bc
        3595000	       358	80000564	003dcf83	lbu	x31,3(x27)	 x27:0x8000822e x31=0x000000ea PA:0x80008231
        3605000	       359	80000568	febd9d23	sh	x11,-6(x27)	 x27:0x8000822e x11:0x000100af PA:0x80008228
        3615000	       360	8000056c	00ad84a3	sb	x10,9(x27)	 x27:0x8000822e x10:0xfffffff0 PA:0x80008237
        3625000	       361	80000570	00008617	auipc	x12,0x8	 x12=0x8000856c
        3635000	       362	80000574	f0260613	addi	x12,x12,-254	 x12:0x8000856c x12=0x8000846e
        3645000	       363	80000578	df560d83	lb	x27,-523(x12)	 x12:0x8000846e x27=0x00000018 PA:0x80008263
        3655000	       364	8000057c	f4160303	lb	x6,-191(x12)	 x12:0x8000846e  x6=0x00000064 PA:0x800083af
        3665000	       365	80000580	e6360a83	lb	x21,-413(x12)	 x12:0x8000846e x21=0xffffff8a PA:0x800082d1
        3675000	       366	80000584	56bfe413	ori	x8,x31,1387	 x31:0x000000ea  x8=0x000005eb
        3685000	       367	80000588	d94604a3	sb	x20,-631(x12)	 x12:0x8000846e x20:0x8000938c PA:0x800081f7
        3695000	       368	8000058c	0049b6b3	sltu	x13,x19,x4	 x19:0x561c6528  x4:0xffffffb1 x13=0x00000001
        3705000	       369	80000590	e9560aa3	sb	x21,-363(x12)	 x12:0x8000846e x21:0xffffff8a PA:0x80008303
        3715000	       370	80000594	20e7a893	slti	x17,x15,526	 x15:0x00000022 x17=0x00000001
        3725000	       371	80000598	40b95593	srai	x11,x18,0xb	 x18:0x80009fc4 x11=0xfff00013
        3735000	       372	8000059c	dbf64183	lbu	x3,-577(x12)	 x12:0x8000846e  x3=0x000000e6 PA:0x8000822d
        3745000	       373	800005a0	fa60ab37	lui	x22,0xfa60a	 x22=0xfa60a000
        3755000	       374	800005a4	21960723	sb	x25,526(x12)	 x12:0x8000846e x25:0x000000d9 PA:0x8000867c
        3765000	       375	800005a8	17360d83	lb	x27,371(x12)	 x12:0x8000846e x27=0xffffff9a PA:0x800085e1
        3775000	       376	800005ac	2e160a83	lb	x21,737(x12)	 x12:0x8000846e x21=0x00000004 PA:0x8000874f
        3785000	       377	800005b0	00d19a33	sll	x20,x3,x13	  x3:0x000000e6 x13:0x00000001 x20=0x000001cc
        3795000	       378	800005b4	af9e6993	ori	x19,x28,-1287	 x28:0x00000000 x19=0xfffffaf9
        3805000	       379	800005b8	010d68b3	or	x17,x26,x16	 x26:0xfffffd01 x16:0x00000016 x17=0xfffffd17
        3815000	       380	800005bc	01e78833	add	x16,x15,x30	 x15:0x00000022 x30:0x0000dcdd x16=0x0000dcff
        3825000	       381	800005c0	6b0907b7	lui	x15,0x6b090	 x15=0x6b090000
        3835000	       382	800005c4	e4061c83	lh	x25,-448(x12)	 x12:0x8000846e x25=0x00006465 PA:0x800082ae
        3845000	       383	800005c8	80109837	lui	x16,0x80109	 x16=0x80109000
        3855000	       384	800005cc	003f3333	sltu	x6,x30,x3	 x30:0x0000dcdd  x3:0x000000e6  x6=0x00000000
        3865000	       385	800005d0	303606a3	sb	x3,781(x12)	 x12:0x8000846e  x3:0x000000e6 PA:0x8000877b
        3875000	       386	800005d4	012abfb3	sltu	x31,x21,x18	 x21:0x00000004 x18:0x80009fc4 x31=0x00000001
        3885000	       387	800005d8	004a1393	slli	x7,x20,0x4	 x20:0x000001cc  x7=0x00001cc0
        3895000	       388	800005dc	ce460ea3	sb	x4,-771(x12)	 x12:0x8000846e  x4:0xffffffb1 PA:0x8000816b
        3905000	       389	800005e0	00008697	auipc	x13,0x8	 x13=0x800085dc
        3915000	       390	800005e4	bc968693	addi	x13,x13,-1079	 x13:0x800085dc x13=0x800081a5
        3925000	       391	800005e8	7ae42b13	slti	x22,x8,1966	  x8:0x000005eb x22=0x00000001
        3935000	       392	800005ec	2b6681a3	sb	x22,675(x13)	 x13:0x800081a5 x22:0x00000001 PA:0x80008448
        3945000	       393	800005f0	2b16a1a3	sw	x17,675(x13)	 x13:0x800081a5 x17:0xfffffd17 PA:0x80008448
        3955000	       394	800005f4	35268383	lb	x7,850(x13)	 x13:0x800081a5  x7=0xffffffac PA:0x800084f7
        3965000	       395	800005f8	dac33597	auipc	x11,0xdac33	 x11=0x5ac335f4
        3975000	       396	800005fc	34f68923	sb	x15,850(x13)	 x13:0x800081a5 x15:0x6b090000 PA:0x800084f7
        3985000	       397	80000600	f6d0ae93	slti	x29,x1,-147	  x1:0x80000000 x29=0x00000001
        3995000	       398	80000604	34d68923	sb	x13,850(x13)	 x13:0x800081a5 x13:0x800081a5 PA:0x800084f7
        4005000	       399	80000608	34d68923	sb	x13,850(x13)	 x13:0x800081a5 x13:0x800081a5 PA:0x800084f7
        4015000	       400	8000060c	35b68923	sb	x27,850(x13)	 x13:0x800081a5 x27:0xffffff9a PA:0x800084f7
        4025000	       401	80000610	35e68923	sb	x30,850(x13)	 x13:0x800081a5 x30:0x0000dcdd PA:0x800084f7
        4035000	       402	80000614	74cccf13	xori	x30,x25,1868	 x25:0x00006465 x30=0x00006329
        4045000	       403	80000618	3526ce83	lbu	x29,850(x13)	 x13:0x800081a5 x29=0x000000dd PA:0x800084f7
        4055000	       404	8000061c	3526c983	lbu	x19,850(x13)	 x13:0x800081a5 x19=0x000000dd PA:0x800084f7
        4065000	       405	80000620	35168923	sb	x17,850(x13)	 x13:0x800081a5 x17:0xfffffd17 PA:0x800084f7
        4075000	       406	80000624	411b8bb3	sub	x23,x23,x17	 x23:0x00000000 x17:0xfffffd17 x23=0x000002e9
        4085000	       407	80000628	34068923	sb	x0,850(x13)	 x13:0x800081a5  x0:0x00000000 PA:0x800084f7
        4095000	       408	8000062c	34768923	sb	x7,850(x13)	 x13:0x800081a5  x7:0xffffffac PA:0x800084f7
        4105000	       409	80000630	00008117	auipc	x2,0x8	  x2=0x8000862c
        4115000	       410	80000634	ed910113	addi	x2,x2,-295	  x2:0x8000862c  x2=0x80008505
        4125000	       411	80000638	fd414703	lbu	x14,-44(x2)	  x2:0x80008505 x14=0x00000092 PA:0x800084d9
        4135000	       412	8000063c	fc610a23	sb	x6,-44(x2)	  x2:0x80008505  x6:0x00000000 PA:0x800084d9
        4145000	       413	80000640	12f14b83	lbu	x23,303(x2)	  x2:0x80008505 x23=0x000000ef PA:0x80008634
        4155000	       414	80000644	12f10603	lb	x12,303(x2)	  x2:0x80008505 x12=0xffffffef PA:0x80008634
        4165000	       415	80000648	12f11403	lh	x8,303(x2)	  x2:0x80008505  x8=0xffffeeef PA:0x80008634
        4175000	       416	8000064c	012183b3	add	x7,x3,x18	  x3:0x000000e6 x18:0x80009fc4  x7=0x8000a0aa
        4185000	       417	80000650	c6614b83	lbu	x23,-922(x2)	  x2:0x80008505 x23=0x000000b1 PA:0x8000816b
        4195000	       418	80000654	dad14703	lbu	x14,-595(x2)	  x2:0x80008505 x14=0x00000069 PA:0x800082b2
        4205000	       419	80000658	db1116a3	sh	x17,-595(x2)	  x2:0x80008505 x17:0xfffffd17 PA:0x800082b2
        4215000	       420	8000065c	dad10f03	lb	x30,-595(x2)	  x2:0x80008505 x30=0x00000017 PA:0x800082b2
        4225000	       421	80000660	dad10a83	lb	x21,-595(x2)	  x2:0x80008505 x21=0x00000017 PA:0x800082b2
        4235000	       422	80000664	c3414683	lbu	x13,-972(x2)	  x2:0x80008505 x13=0x000000f2 PA:0x80008139
        4245000	       423	80000668	03ff1c63	bne	x30,x31,800006a0	 x30:0x00000017 x31:0x00000001
        4255000	       424	00000000	00000013	addi	x0,x0,0	  x0:0x00000000
        4265000	       425	8000069c	00000013	addi	x0,x0,0	  x0:0x00000000
        4275000	       426	800006a0	41bad013	srai	x0,x21,0x1b	 x21:0x00000017
        4285000	       427	800006a4	004676b3	and	x13,x12,x4	 x12:0xffffffef  x4:0xffffffb1 x13=0xffffffa1
        4295000	       428	800006a8	00496533	or	x10,x18,x4	 x18:0x80009fc4  x4:0xffffffb1 x10=0xfffffff5
        4305000	       429	800006ac	91d9cd93	xori	x27,x19,-1763	 x19:0x000000dd x27=0xfffff9c0
        4315000	       430	800006b0	00e11e63	bne	x2,x14,800006cc	  x2:0x80008505 x14:0x00000069
        4325000	       431	00000000	00000013	addi	x0,x0,0	  x0:0x00000000
        4335000	       432	800006c8	00000013	addi	x0,x0,0	  x0:0x00000000
        4345000	       433	800006cc	00e76b33	or	x22,x14,x14	 x14:0x00000069 x14:0x00000069 x22=0x00000069
        4355000	       434	800006d0	00000013	addi	x0,x0,0	  x0:0x00000000
        4365000	       435	800006d4	44fe0a13	addi	x20,x28,1103	 x28:0x00000000 x20=0x0000044f
        4375000	       436	800006d8	69403893	sltiu	x17,x0,1684	  x0:0x00000000 x17=0x00000001
        4385000	       437	800006dc	02245e63	bge	x8,x2,80000718	  x8:0xffffeeef  x2:0x80008505
        4395000	       438	00000000	00000013	addi	x0,x0,0	  x0:0x00000000
        4405000	       439	80000714	00000013	addi	x0,x0,0	  x0:0x00000000
        4415000	       440	80000718	01075233	srl	x4,x14,x16	 x14:0x00000069 x16:0x80109000  x4=0x00000069
        4425000	       441	8000071c	4057dcb3	sra	x25,x15,x5	 x15:0x6b090000  x5:0x000000af x25=0x0000d612
        4435000	       442	80000720	01ddbcb3	sltu	x25,x27,x29	 x27:0xfffff9c0 x29:0x000000dd x25=0x00000000
        4445000	       443	80000724	b334b113	sltiu	x2,x9,-1229	  x9:0x80009f84  x2=0x00000001
        4455000	       444	80000728	c62ef193	andi	x3,x29,-926	 x29:0x000000dd  x3=0x00000040
        4465000	       445	8000072c	00f71113	slli	x2,x14,0xf	 x14:0x00000069  x2=0x00348000
        4475000	       446	80000730	071d5863	bge	x26,x17,800007a0	 x26:0xfffffd01 x17:0x00000001
        4485000	       447	80000734	b0936b93	ori	x23,x6,-1271	  x6:0x00000000 x23=0xfffffb09
        4495000	       448	80000738	6e50a713	slti	x14,x1,1765	  x1:0x80000000 x14=0x00000001
        4505000	       449	8000073c	cf4646b7	lui	x13,0xcf464	 x13=0xcf464000
        4515000	       450	80000740	0125c7b3	xor	x15,x11,x18	 x11:0x5ac335f4 x18:0x80009fc4 x15=0xdac3aa30
        4525000	       451	80000744	00001617	auipc	x12,0x1	 x12=0x80001740
        4535000	       452	80000748	88460613	addi	x12,x12,-1916	 x12:0x80001740 x12=0x80000fc4
        4545000	       453	8000074c	01358a33	add	x20,x11,x19	 x11:0x5ac335f4 x19:0x000000dd x20=0x5ac336d1
        4555000	       454	80000750	01415993	srli	x19,x2,0x14	  x2:0x00348000 x19=0x00000003
        4565000	       455	80000754	23a60f13	addi	x30,x12,570	 x12:0x80000fc4 x30=0x800011fe
        4575000	       456	80000758	0f66cd93	xori	x27,x13,246	 x13:0xcf464000 x27=0xcf4640f6
        4585000	       457	8000075c	2ea60613	addi	x12,x12,746	 x12:0x80000fc4 x12=0x800012ae
        4595000	       458	80000760	00000013	addi	x0,x0,0	  x0:0x00000000
        4605000	       459	80000764	00d79863	bne	x15,x13,80000774	 x15:0xdac3aa30 x13:0xcf464000
        4615000	       460	00000000	00000013	addi	x0,x0,0	  x0:0x00000000
        4625000	       461	80000770	00000013	addi	x0,x0,0	  x0:0x00000000
        4635000	       462	80000774	d1760367	jalr	x6,x12,-745	 x12:0x800012ae  x6=0x80000774
        4645000	       463	00000000	00000013	addi	x0,x0,0	  x0:0x00000000
        4655000	       464	80000fc4	00000013	addi	x0,x0,0	  x0:0x00000000
        4665000	       465	80000fc8	01873433	sltu	x8,x14,x24	 x14:0x00000001 x24:0xfffffef8  x8=0x00000001
        4675000	       466	80000fcc	71ea2d17	auipc	x26,0x71ea2	 x26=0xf1ea2fc8
        4685000	       467	80000fd0	004b1a63	bne	x22,x4,80000fe4	 x22:0x00000069  x4:0x00000069
        4695000	       468	80000fd4	401ad693	srai	x13,x21,0x1	 x21:0x00000017 x13=0x0000000b
        4705000	       469	80000fd8	eb9eb597	auipc	x11,0xeb9eb	 x11=0x6b9ebfd4
        4715000	       470	80000fdc	71528993	addi	x19,x5,1813	  x5:0x000000af x19=0x000007c4
        4725000	       471	80000fe0	00cb1513	slli	x10,x22,0xc	 x22:0x00000069 x10=0x00069000
        4735000	       472	80000fe4	fd048493	addi	x9,x9,-48	  x9:0x80009f84  x9=0x80009f54
        4745000	       473	80000fe8	401805b3	sub	x11,x16,x1	 x16:0x80109000  x1:0x80000000 x11=0x00109000
        4755000	       474	80000fec	4080dfb3	sra	x31,x1,x8	  x1:0x80000000  x8:0x00000001 x31=0xc0000000
        4765000	       475	80000ff0	0064a223	sw	x6,4(x9)	  x9:0x80009f54  x6:0x80000774 PA:0x80009f58
        4775000	       476	80000ff4	e8443c93	sltiu	x25,x8,-380	  x8:0x00000001 x25=0x00000001
        4785000	       477	80000ff8	007c36b3	sltu	x13,x24,x7	 x24:0xfffffef8  x7:0x8000a0aa x13=0x00000000
        4795000	       478	80000ffc	00007117	auipc	x2,0x7	  x2=0x80007ff8
        4805000	       479	80001000	4a510113	addi	x2,x2,1189	  x2:0x80007ff8  x2=0x8000849d
        4815000	       480	80001004	fe310f23	sb	x3,-2(x2)	  x2:0x8000849d  x3:0x00000040 PA:0x8000849b
        4825000	       481	80001008	fc610c03	lb	x24,-58(x2)	  x2:0x8000849d x24=0x00000018 PA:0x80008463
        4835000	       482	8000100c	03715b83	lhu	x23,55(x2)	  x2:0x8000849d x23=0x00008e8f PA:0x800084d4
        4845000	       483	80001010	01814d83	lbu	x27,24(x2)	  x2:0x8000849d x27=0x0000006e PA:0x800084b5
        4855000	       484	80001014	01410c23	sb	x20,24(x2)	  x2:0x8000849d x20:0x5ac336d1 PA:0x800084b5
        4865000	       485	80001018	01cdd513	srli	x10,x27,0x1c	 x27:0x0000006e x10=0x00000000
        4875000	       486	8000101c	41c0dd33	sra	x26,x1,x28	  x1:0x80000000 x28:0x00000000 x26=0x80000000
        4885000	       487	80001020	fcb102a3	sb	x11,-59(x2)	  x2:0x8000849d x11:0x00109000 PA:0x80008462
        4895000	       488	80001024	00000013	addi	x0,x0,0	  x0:0x00000000
        4905000	       489	80001028	fc515d83	lhu	x27,-59(x2)	  x2:0x8000849d x27=0x00001800 PA:0x80008462
        4915000	       490	8000102c	fd312d83	lw	x27,-45(x2)	  x2:0x8000849d x27=0x28292a2b PA:0x80008470
        4925000	       491	80001030	02c10003	lb	x0,44(x2)	  x2:0x8000849d PA:0x800084c9
        4935000	       492	80001034	02c10003	lb	x0,44(x2)	  x2:0x8000849d PA:0x800084c9
        4945000	       493	80001038	03a14a83	lbu	x21,58(x2)	  x2:0x8000849d x21=0x0000008c PA:0x800084d7
        4955000	       494	8000103c	03a14703	lbu	x14,58(x2)	  x2:0x8000849d x14=0x0000008c PA:0x800084d7
        4965000	       495	80001040	03a10003	lb	x0,58(x2)	  x2:0x8000849d PA:0x800084d7
        4975000	       496	80001044	00e10803	lb	x16,14(x2)	  x2:0x8000849d x16=0x00000060 PA:0x800084ab
        4985000	       497	80001048	00e10b03	lb	x22,14(x2)	  x2:0x8000849d x22=0x00000060 PA:0x800084ab
        4995000	       498	8000104c	fff12183	lw	x3,-1(x2)	  x2:0x8000849d  x3=0x54555657 PA:0x8000849c
        5005000	       499	80001050	00007517	auipc	x10,0x7	 x10=0x8000804c
        5015000	       500	80001054	46850513	addi	x10,x10,1128	 x10:0x8000804c x10=0x800084b4
        5025000	       501	80001058	00007397	auipc	x7,0x7	  x7=0x80008054
        5035000	       502	8000105c	26438393	addi	x7,x7,612	  x7:0x80008054  x7=0x800082b8
        5045000	       503	80001060	00007597	auipc	x11,0x7	 x11=0x8000805c
        5055000	       504	80001064	6c858593	addi	x11,x11,1736	 x11:0x8000805c x11=0x80008724
        5065000	       505	80001068	00007717	auipc	x14,0x7	 x14=0x80008064
        5075000	       506	8000106c	36270713	addi	x14,x14,866	 x14:0x80008064 x14=0x800083c6
        5085000	       507	80001070	2e538283	lb	x5,741(x7)	  x7:0x800082b8  x5=0x00000056 PA:0x8000859d
        5095000	       508	80001074	00007f17	auipc	x30,0x7	 x30=0x80008070
        5105000	       509	80001078	022f0f13	addi	x30,x30,34	 x30:0x80008070 x30=0x80008092
        5115000	       510	8000107c	e9c58f23	sb	x28,-354(x11)	 x11:0x80008724 x28:0x00000000 PA:0x800085c2
        5125000	       511	80001080	ff770b83	lb	x23,-9(x14)	 x14:0x800083c6 x23=0x00000076 PA:0x800083bd
        5135000	       512	80001084	fd154103	lbu	x2,-47(x10)	 x10:0x800084b4  x2=0x0000003e PA:0x80008485
        5145000	       513	80001088	c9f58c83	lb	x25,-865(x11)	 x11:0x80008724 x25=0x00000078 PA:0x800083c3
        5155000	       514	8000108c	4f238f83	lb	x31,1266(x7)	  x7:0x800082b8 x31=0x00000061 PA:0x800087aa
        5165000	       515	80001090	00f500a3	sb	x15,1(x10)	 x10:0x800084b4 x15:0xdac3aa30 PA:0x800084b5
        5175000	       516	80001094	65af1803	lh	x16,1626(x30)	 x30:0x80008092 x16=0xffffa6a7 PA:0x800086ec
        5185000	       517	80001098	00671983	lh	x19,6(x14)	 x14:0x800083c6 x19=0xffff8687 PA:0x800083cc
        5195000	       518	8000109c	6d6f4183	lbu	x3,1750(x30)	 x30:0x80008092  x3=0x00000023 PA:0x80008768
        5205000	       519	800010a0	ff370c83	lb	x25,-13(x14)	 x14:0x800083c6 x25=0x00000072 PA:0x800083b9
        5215000	       520	800010a4	178f5283	lhu	x5,376(x30)	 x30:0x80008092  x5=0x0000c0c1 PA:0x8000820a
        5225000	       521	800010a8	00f52c23	sw	x15,24(x10)	 x10:0x800084b4 x15:0xdac3aa30 PA:0x800084cc
        5235000	       522	800010ac	a6a5da03	lhu	x20,-1430(x11)	 x11:0x80008724 x20=0x00004445 PA:0x8000818e
        5245000	       523	800010b0	ff054c83	lbu	x25,-16(x10)	 x10:0x800084b4 x25=0x0000005f PA:0x800084a4
        5255000	       524	800010b4	32538023	sb	x5,800(x7)	  x7:0x800082b8  x5:0x0000c0c1 PA:0x800085d8
        5265000	       525	800010b8	ce35c203	lbu	x4,-797(x11)	 x11:0x80008724  x4=0x000000bc PA:0x80008407
        5275000	       526	800010bc	642f5f83	lhu	x31,1602(x30)	 x30:0x80008092 x31=0x00008e8f PA:0x800086d4
        5285000	       527	800010c0	32df4a83	lbu	x21,813(x30)	 x30:0x80008092 x21=0x00000074 PA:0x800083bf
        5295000	       528	800010c4	ff070aa3	sb	x16,-11(x14)	 x14:0x800083c6 x16:0xffffa6a7 PA:0x800083bb
        5305000	       529	800010c8	00c75d03	lhu	x26,12(x14)	 x14:0x800083c6 x26=0x00000000 PA:0x800083d2
        5315000	       530	800010cc	e04581a3	sb	x4,-509(x11)	 x11:0x80008724  x4:0x000000bc PA:0x80008527
        5325000	       531	800010d0	03250c83	lb	x25,50(x10)	 x10:0x800084b4 x25=0xffffff9d PA:0x800084e6
        5335000	       532	800010d4	3cff06a3	sb	x15,973(x30)	 x30:0x80008092 x15:0xdac3aa30 PA:0x8000845f
        5345000	       533	800010d8	fd450d83	lb	x27,-44(x10)	 x10:0x800084b4 x27=0x00000043 PA:0x80008488
        5355000	       534	800010dc	008702a3	sb	x8,5(x14)	 x14:0x800083c6  x8:0x00000001 PA:0x800083cb
        5365000	       535	800010e0	00054303	lbu	x6,0(x10)	 x10:0x800084b4  x6=0x0000006f PA:0x800084b4
        5375000	       536	800010e4	137f0983	lb	x19,311(x30)	 x30:0x80008092 x19=0xffffff82 PA:0x800081c9
        5385000	       537	800010e8	36638803	lb	x16,870(x7)	  x7:0x800082b8 x16=0xffffffd5 PA:0x8000861e
        5395000	       538	00000000	00000013	addi	x0,x0,0	  x0:0x00000000
        5405000	       539	800010ec	fd050723	sb	x16,-50(x10)	 x10:0x800084b4 x16:0xffffffd5 PA:0x80008482
        5415000	       540	800010f0	fcbf09a3	sb	x11,-45(x30)	 x30:0x80008092 x11:0x80008724 PA:0x80008065
        5425000	       541	800010f4	103f0883	lb	x17,259(x30)	 x30:0x80008092 x17=0x0000004e PA:0x80008195
        5435000	       542	800010f8	fd839403	lh	x8,-40(x7)	  x7:0x800082b8  x8=0x00004a4b PA:0x80008290
        5445000	       543	800010fc	01850da3	sb	x24,27(x10)	 x10:0x800084b4 x24:0x00000018 PA:0x800084cf
        5455000	       544	80001100	03a50003	lb	x0,58(x10)	 x10:0x800084b4 PA:0x800084ee
        5465000	       545	80001104	e3e59003	lh	x0,-450(x11)	 x11:0x80008724 PA:0x80008562
        5475000	       546	80001108	986580a3	sb	x6,-1663(x11)	 x11:0x80008724  x6:0x0000006f PA:0x800080a5
        5485000	       547	8000110c	00007317	auipc	x6,0x7	  x6=0x80008108
        5495000	       548	80001110	0cf30313	addi	x6,x6,207	  x6:0x80008108  x6=0x800081d7
        5505000	       549	80001114	00007f17	auipc	x30,0x7	 x30=0x80008110
        5515000	       550	80001118	688f0f13	addi	x30,x30,1672	 x30:0x80008110 x30=0x80008798
        5525000	       551	8000111c	f61f04a3	sb	x1,-151(x30)	 x30:0x80008798  x1:0x80000000 PA:0x80008701
        5535000	       552	80001120	00007d97	auipc	x27,0x7	 x27=0x8000811c
        5545000	       553	80001124	300d8d93	addi	x27,x27,768	 x27:0x8000811c x27=0x8000841c
        5555000	       554	80001128	00f30283	lb	x5,15(x6)	  x6:0x800081d7  x5=0xffffff9d PA:0x800081e6
        5565000	       555	8000112c	f16f1a03	lh	x20,-234(x30)	 x30:0x80008798 x20=0x00006465 PA:0x800086ae
        5575000	       556	80001130	00007b97	auipc	x23,0x7	 x23=0x8000812c
        5585000	       557	80001134	065b8b93	addi	x23,x23,101	 x23:0x8000812c x23=0x80008191
        5595000	       558	80001138	f0fb9e03	lh	x28,-241(x23)	 x23:0x80008191 x28=0x00005a5b PA:0x800080a0
        5605000	       559	8000113c	e16d9003	lh	x0,-490(x27)	 x27:0x8000841c PA:0x80008232
        5615000	       560	80001140	fd2f03a3	sb	x18,-57(x30)	 x30:0x80008798 x18:0x80009fc4 PA:0x8000875f
        5625000	       561	80001144	f04b8003	lb	x0,-252(x23)	 x23:0x80008191 PA:0x80008095
        5635000	       562	80001148	057f0283	lb	x5,87(x30)	 x30:0x80008798  x5=0xffffffa4 PA:0x800087ef
        5645000	       563	8000114c	fe4b8d03	lb	x26,-28(x23)	 x23:0x80008191 x26=0x0000002e PA:0x80008175
        5655000	       564	80001150	f93f1723	sh	x19,-114(x30)	 x30:0x80008798 x19:0xffffff82 PA:0x80008726
        5665000	       565	80001154	001311a3	sh	x1,3(x6)	  x6:0x800081d7  x1:0x80000000 PA:0x800081da
        5675000	       566	80001158	db9dc503	lbu	x10,-583(x27)	 x27:0x8000841c x10=0x0000008e PA:0x800081d5
        5685000	       567	8000115c	ffe30a83	lb	x21,-2(x6)	  x6:0x800081d7 x21=0xffffff8e PA:0x800081d5
        5695000	       568	80001160	ffe30d03	lb	x26,-2(x6)	  x6:0x800081d7 x26=0xffffff8e PA:0x800081d5
        5705000	       569	80001164	ff2f0a03	lb	x20,-14(x30)	 x30:0x80008798 x20=0x00000041 PA:0x8000878a
        5715000	       570	80001168	109dc403	lbu	x8,265(x27)	 x27:0x8000841c  x8=0x000000de PA:0x80008525
        5725000	       571	8000116c	0dabafa3	sw	x26,223(x23)	 x23:0x80008191 x26:0xffffff8e PA:0x80008270
        5735000	       572	80001170	f6bf4a03	lbu	x20,-149(x30)	 x30:0x80008798 x20=0x000000b8 PA:0x80008703
        5745000	       573	80001174	f97b8983	lb	x19,-105(x23)	 x23:0x80008191 x19=0xffffffe3 PA:0x80008128
        5755000	       574	00000000	00000013	addi	x0,x0,0	  x0:0x00000000
        5765000	       575	80001178	053b8b23	sb	x19,86(x23)	 x23:0x80008191 x19:0xffffffe3 PA:0x800081e7
        5775000	       576	8000117c	d23dce03	lbu	x28,-733(x27)	 x27:0x8000841c x28=0x000000f4 PA:0x8000813f
        5785000	       577	80001180	cdad9e23	sh	x26,-804(x27)	 x27:0x8000841c x26:0xffffff8e PA:0x800080f8
        5795000	       578	80001184	f17f4803	lbu	x16,-233(x30)	 x30:0x80008798 x16=0x00000064 PA:0x800086af
        5805000	       579	80001188	00630583	lb	x11,6(x6)	  x6:0x800081d7 x11=0xffffff96 PA:0x800081dd
        5815000	       580	8000118c	ff730183	lb	x3,-9(x6)	  x6:0x800081d7  x3=0xffffff85 PA:0x800081ce
        5825000	       581	80001190	012f0fa3	sb	x18,31(x30)	 x30:0x80008798 x18:0x80009fc4 PA:0x800087b7
        5835000	       582	80001194	fbbbd283	lhu	x5,-69(x23)	 x23:0x80008191  x5=0x00000607 PA:0x8000814c
        5845000	       583	80001198	00008117	auipc	x2,0x8	  x2=0x80009194
        5855000	       584	8000119c	df810113	addi	x2,x2,-520	  x2:0x80009194  x2=0x80008f8c
        5865000	       585	800011a0	f228b017	auipc	x0,0xf228b	
        5875000	       586	800011a4	0156ceb3	xor	x29,x13,x21	 x13:0x00000000 x21:0xffffff8e x29=0xffffff8e
        5885000	       587	800011a8	0090ef33	or	x30,x1,x9	  x1:0x80000000  x9:0x80009f54 x30=0x80009f54
        5895000	       588	800011ac	a66e8c37	lui	x24,0xa66e8	 x24=0xa66e8000
        5905000	       589	800011b0	405bde93	srai	x29,x23,0x5	 x23:0x80008191 x29=0xfc00040c
        5915000	       590	800011b4	9c324c97	auipc	x25,0x9c324	 x25=0x1c3251b0
        5925000	       591	800011b8	ff20ee93	ori	x29,x1,-14	  x1:0x80000000 x29=0xfffffff2
        5935000	       592	800011bc	0fb2c217	auipc	x4,0xfb2c	  x4=0x8fb2d1b8
        5945000	       593	800011c0	c7b14c83	lbu	x25,-901(x2)	  x2:0x80008f8c x25=0x000000ec PA:0x80008c07
        5955000	       594	00000000	00000013	addi	x0,x0,0	  x0:0x00000000
        5965000	       595	800011c4	6d936893	ori	x17,x6,1753	  x6:0x800081d7 x17=0x800087df
        5975000	       596	800011c8	f7211183	lh	x3,-142(x2)	  x2:0x80008f8c  x3=0xffffe4e5 PA:0x80008efe
        5985000	       597	800011cc	4af7ed37	lui	x26,0x4af7e	 x26=0x4af7e000
        5995000	       598	800011d0	401e8233	sub	x4,x29,x1	 x29:0xfffffff2  x1:0x80000000  x4=0x7ffffff2
        6005000	       599	800011d4	d0810183	lb	x3,-760(x2)	  x2:0x80008f8c  x3=0x0000007f PA:0x80008c94
        6015000	       600	800011d8	41dd5e13	srai	x28,x26,0x1d	 x26:0x4af7e000 x28=0x00000002
        6025000	       601	800011dc	41610a33	sub	x20,x2,x22	  x2:0x80008f8c x22:0x00000060 x20=0x80008f2c
        6035000	       602	800011e0	b6e10723	sb	x14,-1170(x2)	  x2:0x80008f8c x14:0x800083c6 PA:0x80008afa
        6045000	       603	800011e4	e7110c03	lb	x24,-399(x2)	  x2:0x80008f8c x24=0xffffffe6 PA:0x80008dfd
        6055000	       604	800011e8	016ab3b3	sltu	x7,x21,x22	 x21:0xffffff8e x22:0x00000060  x7=0x00000000
        6065000	       605	800011ec	db786713	ori	x14,x16,-585	 x16:0x00000064 x14=0xfffffdf7
        6075000	       606	800011f0	6d088713	addi	x14,x17,1744	 x17:0x800087df x14=0x80008eaf
        6085000	       607	800011f4	b25105a3	sb	x5,-1237(x2)	  x2:0x80008f8c  x5:0x00000607 PA:0x80008ab7
        6095000	       608	800011f8	6dec3713	sltiu	x14,x24,1758	 x24:0xffffffe6 x14=0x00000000
        6105000	       609	800011fc	dce10ea3	sb	x14,-547(x2)	  x2:0x80008f8c x14:0x00000000 PA:0x80008d69
        6115000	       610	80001200	a2914383	lbu	x7,-1495(x2)	  x2:0x80008f8c  x7=0x0000009e PA:0x800089b5
        6125000	       611	80001204	bfa14d03	lbu	x26,-1030(x2)	  x2:0x80008f8c x26=0x0000006d PA:0x80008b86
        6135000	       612	80001208	da41fcb7	lui	x25,0xda41f	 x25=0xda41f000
        6145000	       613	8000120c	c39fa817	auipc	x16,0xc39fa	 x16=0x439fb208
        6155000	       614	80001210	be114f03	lbu	x30,-1055(x2)	  x2:0x80008f8c x30=0x00000056 PA:0x80008b6d
        6165000	       615	80001214	017d33b3	sltu	x7,x26,x23	 x26:0x0000006d x23:0x80008191  x7=0x00000001
        6175000	       616	80001218	2a02cb93	xori	x23,x5,672	  x5:0x00000607 x23=0x000004a7
        6185000	       617	8000121c	bec14d03	lbu	x26,-1044(x2)	  x2:0x80008f8c x26=0x00000063 PA:0x80008b78
        6195000	       618	80001220	b5714303	lbu	x6,-1193(x2)	  x2:0x80008f8c  x6=0x000000c8 PA:0x80008ae3
        6205000	       619	80001224	016886b3	add	x13,x17,x22	 x17:0x800087df x22:0x00000060 x13=0x8000883f
        6215000	       620	80001228	00000013	addi	x0,x0,0	  x0:0x00000000
        6225000	       621	8000122c	d5211e83	lh	x29,-686(x2)	  x2:0x80008f8c x29=0xffffc4c5 PA:0x80008cde
        6235000	       622	80001230	ede48e13	addi	x28,x9,-290	  x9:0x80009f54 x28=0x80009e32
        6245000	       623	80001234	90415183	lhu	x3,-1788(x2)	  x2:0x80008f8c  x3=0x00007a7b PA:0x80008890
        6255000	       624	80001238	85689b97	auipc	x23,0x85689	 x23=0x0568a234
        6265000	       625	8000123c	9f612823	sw	x22,-1552(x2)	  x2:0x80008f8c x22:0x00000060 PA:0x8000897c
        6275000	       626	80001240	de63aa13	slti	x20,x7,-538	  x7:0x00000001 x20=0x00000000
        6285000	       627	80001244	96e27193	andi	x3,x4,-1682	  x4:0x7ffffff2  x3=0x7ffff962
        6295000	       628	80001248	40030db3	sub	x27,x6,x0	  x6:0x000000c8  x0:0x00000000 x27=0x000000c8
        6305000	       629	8000124c	cc514283	lbu	x5,-827(x2)	  x2:0x80008f8c  x5=0x0000003a PA:0x80008c51
        6315000	       630	80001250	00008117	auipc	x2,0x8	  x2=0x8000924c
        6325000	       631	80001254	86810113	addi	x2,x2,-1944	  x2:0x8000924c  x2=0x80008ab4
        6335000	       632	80001258	02310e03	lb	x28,35(x2)	  x2:0x80008ab4 x28=0xffffffbc PA:0x80008ad7
        6345000	       633	8000125c	fd611503	lh	x10,-42(x2)	  x2:0x80008ab4 x10=0x00007071 PA:0x80008a8a
        6355000	       634	80001260	fc310aa3	sb	x3,-43(x2)	  x2:0x80008ab4  x3:0x7ffff962 PA:0x80008a89
        6365000	       635	80001264	fc310aa3	sb	x3,-43(x2)	  x2:0x80008ab4  x3:0x7ffff962 PA:0x80008a89
        6375000	       636	80001268	ff610c23	sb	x22,-8(x2)	  x2:0x80008ab4 x22:0x00000060 PA:0x80008aac
        6385000	       637	8000126c	fed12c23	sw	x13,-8(x2)	  x2:0x80008ab4 x13:0x8000883f PA:0x80008aac
        6395000	       638	80001270	00000013	addi	x0,x0,0	  x0:0x00000000
        6405000	       639	80001274	40265cb3	sra	x25,x12,x2	 x12:0x800012ae  x2:0x80008ab4 x25=0xfffff800
        6415000	       640	80001278	fda14183	lbu	x3,-38(x2)	  x2:0x80008ab4  x3=0x00000075 PA:0x80008a8e
        6425000	       641	8000127c	fe910da3	sb	x9,-5(x2)	  x2:0x80008ab4  x9:0x80009f54 PA:0x80008aaf
        6435000	       642	80001280	03f10b23	sb	x31,54(x2)	  x2:0x80008ab4 x31:0x00008e8f PA:0x80008aea
        6445000	       643	80001284	02410d83	lb	x27,36(x2)	  x2:0x80008ab4 x27=0xffffffc3 PA:0x80008ad8
        6455000	       644	80001288	02414e83	lbu	x29,36(x2)	  x2:0x80008ab4 x29=0x000000c3 PA:0x80008ad8
        6465000	       645	8000128c	03c10223	sb	x28,36(x2)	  x2:0x80008ab4 x28:0xffffffbc PA:0x80008ad8
        6475000	       646	80001290	02411b03	lh	x22,36(x2)	  x2:0x80008ab4 x22=0xffffc2bc PA:0x80008ad8
        6485000	       647	80001294	fd811323	sh	x24,-58(x2)	  x2:0x80008ab4 x24:0xffffffe6 PA:0x80008a7a
        6495000	       648	80001298	fcf14f03	lbu	x30,-49(x2)	  x2:0x80008ab4 x30=0x00000068 PA:0x80008a83
        6505000	       649	8000129c	fe611503	lh	x10,-26(x2)	  x2:0x80008ab4 x10=0xffff8081 PA:0x80008a9a
        6515000	       650	800012a0	fe614e03	lbu	x28,-26(x2)	  x2:0x80008ab4 x28=0x00000081 PA:0x80008a9a
        6525000	       651	800012a4	fe514283	lbu	x5,-27(x2)	  x2:0x80008ab4  x5=0x00000082 PA:0x80008a99
        6535000	       652	800012a8	00000013	addi	x0,x0,0	  x0:0x00000000
        6545000	       653	800012ac	fee10ea3	sb	x14,-3(x2)	  x2:0x80008ab4 x14:0x00000000 PA:0x80008ab1
        6555000	       654	800012b0	00007817	auipc	x16,0x7	 x16=0x800082ac
        6565000	       655	800012b4	f7080813	addi	x16,x16,-144	 x16:0x800082ac x16=0x8000821c
        6575000	       656	800012b8	0cb84b83	lbu	x23,203(x16)	 x16:0x8000821c x23=0x0000009c PA:0x800082e7
        6585000	       657	800012bc	fbb84e03	lbu	x28,-69(x16)	 x16:0x8000821c x28=0x0000008c PA:0x800081d7
        6595000	       658	800012c0	fef84f83	lbu	x31,-17(x16)	 x16:0x8000821c x31=0x000000c0 PA:0x8000820b
        6605000	       659	800012c4	409c8bb3	sub	x23,x25,x9	 x25:0xfffff800  x9:0x80009f54 x23=0x7fff58ac
        6615000	       660	800012c8	f3181223	sh	x17,-220(x16)	 x16:0x8000821c x17:0x800087df PA:0x80008140
        6625000	       661	800012cc	f1680ba3	sb	x22,-233(x16)	 x16:0x8000821c x22:0xffffc2bc PA:0x80008133
        6635000	       662	800012d0	10a5a393	slti	x7,x11,266	 x11:0xffffff96  x7=0x00000001
        6645000	       663	800012d4	7b40a313	slti	x6,x1,1972	  x1:0x80000000  x6=0x00000001
        6655000	       664	800012d8	f4681003	lh	x0,-186(x16)	 x16:0x8000821c PA:0x80008162
        6665000	       665	800012dc	f44805a3	sb	x4,-181(x16)	 x16:0x8000821c  x4:0x7ffffff2 PA:0x80008167
        6675000	       666	800012e0	f9780003	lb	x0,-105(x16)	 x16:0x8000821c PA:0x800081b3
        6685000	       667	800012e4	02580923	sb	x5,50(x16)	 x16:0x8000821c  x5:0x00000082 PA:0x8000824e
        6695000	       668	800012e8	07584e83	lbu	x29,117(x16)	 x16:0x8000821c x29=0x0000004a PA:0x80008291
        6705000	       669	800012ec	ffc82a03	lw	x20,-4(x16)	 x16:0x8000821c x20=0xd0d1d2d3 PA:0x80008218
        6715000	       670	800012f0	00000013	addi	x0,x0,0	  x0:0x00000000
        6725000	       671	800012f4	0d584783	lbu	x15,213(x16)	 x16:0x8000821c x15=0x000000aa PA:0x800082f1
        6735000	       672	800012f8	530af693	andi	x13,x21,1328	 x21:0xffffff8e x13=0x00000500
        6745000	       673	800012fc	015a2cb3	slt	x25,x20,x21	 x20:0xd0d1d2d3 x21:0xffffff8e x25=0x00000001
        6755000	       674	80001300	0ee81e23	sh	x14,252(x16)	 x16:0x8000821c x14:0x00000000 PA:0x80008318
        6765000	       675	80001304	00c3f733	and	x14,x7,x12	  x7:0x00000001 x12:0x800012ae x14=0x00000000
        6775000	       676	80001308	00000013	addi	x0,x0,0	  x0:0x00000000
        6785000	       677	8000130c	389cdfb7	lui	x31,0x389cd	 x31=0x389cd000
        6795000	       678	80001310	0ef81c23	sh	x15,248(x16)	 x16:0x8000821c x15:0x000000aa PA:0x80008314
        6805000	       679	80001314	00e65a33	srl	x20,x12,x14	 x12:0x800012ae x14:0x00000000 x20=0x800012ae
        6815000	       680	80001318	01235413	srli	x8,x6,0x12	  x6:0x00000001  x8=0x00000000
        6825000	       681	8000131c	fbe80c03	lb	x24,-66(x16)	 x16:0x8000821c x24=0x00000000 PA:0x800081da
        6835000	       682	80001320	0128f333	and	x6,x17,x18	 x17:0x800087df x18:0x80009fc4  x6=0x800087c4
        6845000	       683	80001324	01dcde13	srli	x28,x25,0x1d	 x25:0x00000001 x28=0x00000000
        6855000	       684	80001328	51a5ae93	slti	x29,x11,1306	 x11:0xffffff96 x29=0x00000001
        6865000	       685	8000132c	00a80aa3	sb	x10,21(x16)	 x16:0x8000821c x10:0xffff8081 PA:0x80008231
        6875000	       686	80001330	0018e6b3	or	x13,x17,x1	 x17:0x800087df  x1:0x80000000 x13=0x800087df
        6885000	       687	80001334	fb682623	sw	x22,-84(x16)	 x16:0x8000821c x22:0xffffc2bc PA:0x800081c8
        6895000	       688	80001338	04284703	lbu	x14,66(x16)	 x16:0x8000821c x14=0x00000015 PA:0x8000825e
        6905000	       689	8000133c	fb085f03	lhu	x30,-80(x16)	 x16:0x8000821c x30=0x00008687 PA:0x800081cc
        6915000	       690	80001340	fe482703	lw	x14,-28(x16)	 x16:0x8000821c x14=0xb8b9babb PA:0x80008200
        6925000	       691	80001344	f4b80823	sb	x11,-176(x16)	 x16:0x8000821c x11:0xffffff96 PA:0x8000816c
        6935000	       692	80001348	f9181f23	sh	x17,-98(x16)	 x16:0x8000821c x17:0x800087df PA:0x800081ba
        6945000	       693	8000134c	405b59b3	sra	x19,x22,x5	 x22:0xffffc2bc  x5:0x00000082 x19=0xfffff0af
        6955000	       694	80001350	01205993	srli	x19,x0,0x12	  x0:0x00000000 x19=0x00000000
        6965000	       695	80001354	0ea84593	xori	x11,x16,234	 x16:0x8000821c x11=0x800082f6
        6975000	       696	80001358	00515eb3	srl	x29,x2,x5	  x2:0x80008ab4  x5:0x00000082 x29=0x200022ad
        6985000	       697	8000135c	35177b13	andi	x22,x14,849	 x14:0xb8b9babb x22=0x00000211
        6995000	       698	80001360	00df2eb3	slt	x29,x30,x13	 x30:0x00008687 x13:0x800087df x29=0x00000000
        7005000	       699	80001364	412d8733	sub	x14,x27,x18	 x27:0xffffffc3 x18:0x80009fc4 x14=0x7fff5fff
        7015000	       700	80001368	59a24193	xori	x3,x4,1434	  x4:0x7ffffff2  x3=0x7ffffa68
        7025000	       701	8000136c	009f3f33	sltu	x30,x30,x9	 x30:0x00008687  x9:0x80009f54 x30=0x00000001
        7035000	       702	80001370	0168f663	bgeu	x17,x22,8000137c	 x17:0x800087df x22:0x00000211
        7045000	       703	00000000	00000013	addi	x0,x0,0	  x0:0x00000000
        7055000	       704	80001378	00000013	addi	x0,x0,0	  x0:0x00000000
        7065000	       705	8000137c	01b263b3	or	x7,x4,x27	  x4:0x7ffffff2 x27:0xffffffc3  x7=0xfffffff3
        7075000	       706	80001380	019a75b3	and	x11,x20,x25	 x20:0x800012ae x25:0x00000001 x11=0x00000000
        7085000	       707	80001384	00cdbe33	sltu	x28,x27,x12	 x27:0xffffffc3 x12:0x800012ae x28=0x00000000
        7095000	       708	80001388	36b74c13	xori	x24,x14,875	 x14:0x7fff5fff x24=0x7fff5c94
        7105000	       709	8000138c	01b6e6b3	or	x13,x13,x27	 x13:0x800087df x27:0xffffffc3 x13=0xffffffdf
        7115000	       710	80001390	010807b3	add	x15,x16,x16	 x16:0x8000821c x16:0x8000821c x15=0x00010438
        7125000	       711	80001394	01e4a533	slt	x10,x9,x30	  x9:0x80009f54 x30:0x00000001 x10=0x00000001
        7135000	       712	80001398	ff2b7413	andi	x8,x22,-14	 x22:0x00000211  x8=0x00000210
        7145000	       713	8000139c	03d0d863	bge	x1,x29,800013cc	  x1:0x80000000 x29:0x00000000
        7155000	       714	800013a0	413b57b3	sra	x15,x22,x19	 x22:0x00000211 x19:0x00000000 x15=0x00000211
        7165000	       715	800013a4	d3538817	auipc	x16,0xd3538	 x16=0x535393a0
        7175000	       716	800013a8	6008ce97	auipc	x29,0x6008c	 x29=0xe008d3a4
        7185000	       717	800013ac	73a30a93	addi	x21,x6,1850	  x6:0x800087c4 x21=0x80008efe
        7195000	       718	800013b0	0005d393	srli	x7,x11,0x0	 x11:0x00000000  x7=0x00000000
        7205000	       719	800013b4	3f5e8f13	addi	x30,x29,1013	 x29:0xe008d3a4 x30=0xe008d799
        7215000	       720	800013b8	01010a33	add	x20,x2,x16	  x2:0x80008ab4 x16:0x535393a0 x20=0xd3541e54
        7225000	       721	800013bc	00000013	addi	x0,x0,0	  x0:0x00000000
        7235000	       722	800013c0	0110d733	srl	x14,x1,x17	  x1:0x80000000 x17:0x800087df x14=0x00000001
        7245000	       723	800013c4	008eca33	xor	x20,x29,x8	 x29:0xe008d3a4  x8:0x00000210 x20=0xe008d1b4
        7255000	       724	800013c8	00fbdc13	srli	x24,x23,0xf	 x23:0x7fff58ac x24=0x0000fffe
        7265000	       725	800013cc	05cd0863	beq	x26,x28,8000141c	 x26:0x00000063 x28:0x00000000
        7275000	       726	800013d0	41a55893	srai	x17,x10,0x1a	 x10:0x00000001 x17=0x00000000
        7285000	       727	800013d4	00366533	or	x10,x12,x3	 x12:0x800012ae  x3:0x7ffffa68 x10=0xfffffaee
        7295000	       728	800013d8	5affed13	ori	x26,x31,1455	 x31:0x389cd000 x26=0x389cd5af
        7305000	       729	800013dc	01b64463	blt	x12,x27,800013e4	 x12:0x800012ae x27:0xffffffc3
        7315000	       730	00000000	00000013	addi	x0,x0,0	  x0:0x00000000
        7325000	       731	800013e0	00000013	addi	x0,x0,0	  x0:0x00000000
        7335000	       732	800013e4	af2e6413	ori	x8,x28,-1294	 x28:0x00000000  x8=0xfffffaf2
        7345000	       733	800013e8	f2ec6613	ori	x12,x24,-210	 x24:0x0000fffe x12=0xfffffffe
        7355000	       734	800013ec	00ee8463	beq	x29,x14,800013f4	 x29:0xe008d3a4 x14:0x00000001
        7365000	       735	800013f0	027a8863	beq	x21,x7,80001420	 x21:0x80008efe  x7:0x00000000
        7375000	       736	800013f4	010925b3	slt	x11,x18,x16	 x18:0x80009fc4 x16:0x535393a0 x11=0x00000001
        7385000	       737	800013f8	02e4c863	blt	x9,x14,80001428	  x9:0x80009f54 x14:0x00000001
        7395000	       738	00000000	00000013	addi	x0,x0,0	  x0:0x00000000
        7405000	       739	80001424	00000013	addi	x0,x0,0	  x0:0x00000000
        7415000	       740	80001428	0558d863	bge	x17,x21,80001478	 x17:0x00000000 x21:0x80008efe
        7425000	       741	00000000	00000013	addi	x0,x0,0	  x0:0x00000000
        7435000	       742	80001474	00000013	addi	x0,x0,0	  x0:0x00000000
        7445000	       743	80001478	0195d693	srli	x13,x11,0x19	 x11:0x00000001 x13=0x00000000
        7455000	       744	8000147c	a8722213	slti	x4,x4,-1401	  x4:0x7ffffff2  x4=0x00000000
        7465000	       745	80001480	00cd4893	xori	x17,x26,12	 x26:0x389cd5af x17=0x389cd5a3
        7475000	       746	80001484	40fddcb3	sra	x25,x27,x15	 x27:0xffffffc3 x15:0x00000211 x25=0xffffffff
        7485000	       747	80001488	0119af33	slt	x30,x19,x17	 x19:0x00000000 x17:0x389cd5a3 x30=0x00000001
        7495000	       748	8000148c	01e88a63	beq	x17,x30,800014a0	 x17:0x389cd5a3 x30:0x00000001
        7505000	       749	80001490	2e62b193	sltiu	x3,x5,742	  x5:0x00000082  x3=0x00000001
        7515000	       750	80001494	3d477317	auipc	x6,0x3d477	  x6=0xbd478490
        7525000	       751	80001498	001ffcb3	and	x25,x31,x1	 x31:0x389cd000  x1:0x80000000 x25=0x00000000
        7535000	       752	8000149c	01149a33	sll	x20,x9,x17	  x9:0x80009f54 x17:0x389cd5a3 x20=0x0004faa0
        7545000	       753	800014a0	407b8cb3	sub	x25,x23,x7	 x23:0x7fff58ac  x7:0x00000000 x25=0x7fff58ac
        7555000	       754	800014a4	0256f663	bgeu	x13,x5,800014d0	 x13:0x00000000  x5:0x00000082
        7565000	       755	800014a8	01b45833	srl	x16,x8,x27	  x8:0xfffffaf2 x27:0xffffffc3 x16=0x1fffff5e
        7575000	       756	800014ac	7cb62b13	slti	x22,x12,1995	 x12:0xfffffffe x22=0x00000001
        7585000	       757	800014b0	0079fa33	and	x20,x19,x7	 x19:0x00000000  x7:0x00000000 x20=0x00000000
        7595000	       758	800014b4	0071de33	srl	x28,x3,x7	  x3:0x00000001  x7:0x00000000 x28=0x00000001
        7605000	       759	800014b8	03b27c63	bgeu	x4,x27,800014f0	  x4:0x00000000 x27:0xffffffc3
        7615000	       760	800014bc	0efd6993	ori	x19,x26,239	 x26:0x389cd5af x19=0x389cd5ef
        7625000	       761	800014c0	01801a93	slli	x21,x0,0x18	  x0:0x00000000 x21=0x00000000
        7635000	       762	800014c4	05b3e263	bltu	x7,x27,80001508	  x7:0x00000000 x27:0xffffffc3
        7645000	       763	00000000	00000013	addi	x0,x0,0	  x0:0x00000000
        7655000	       764	80001504	00000013	addi	x0,x0,0	  x0:0x00000000
        7665000	       765	80001508	40508a33	sub	x20,x1,x5	  x1:0x80000000  x5:0x00000082 x20=0x7fffff7e
        7675000	       766	8000150c	01b06a33	or	x20,x0,x27	  x0:0x00000000 x27:0xffffffc3 x20=0xffffffc3
        7685000	       767	80001510	b1012893	slti	x17,x2,-1264	  x2:0x80008ab4 x17=0x00000001
        7695000	       768	80001514	01a646b3	xor	x13,x12,x26	 x12:0xfffffffe x26:0x389cd5af x13=0xc7632a51
        7705000	       769	80001518	413281b3	sub	x3,x5,x19	  x5:0x00000082 x19:0x389cd5ef  x3=0xc7632a93
        7715000	       770	8000151c	05d0f463	bgeu	x1,x29,80001564	  x1:0x80000000 x29:0xe008d3a4
        7725000	       771	80001520	3f0a2293	slti	x5,x20,1008	 x20:0xffffffc3  x5=0x00000001
        7735000	       772	80001524	00624db3	xor	x27,x4,x6	  x4:0x00000000  x6:0xbd478490 x27=0xbd478490
        7745000	       773	80001528	190d8393	addi	x7,x27,400	 x27:0xbd478490  x7=0xbd478620
        7755000	       774	8000152c	41a70633	sub	x12,x14,x26	 x14:0x00000001 x26:0x389cd5af x12=0xc7632a52
        7765000	       775	80001530	013dda63	bge	x27,x19,80001544	 x27:0xbd478490 x19:0x389cd5ef
        7775000	       776	80001534	00d55993	srli	x19,x10,0xd	 x10:0xfffffaee x19=0x0007ffff
        7785000	       777	80001538	2f55e893	ori	x17,x11,757	 x11:0x00000001 x17=0x000002f5
        7795000	       778	8000153c	00ee9e63	bne	x29,x14,80001558	 x29:0xe008d3a4 x14:0x00000001
        7805000	       779	00000000	00000013	addi	x0,x0,0	  x0:0x00000000
        7815000	       780	80001554	00000013	addi	x0,x0,0	  x0:0x00000000
        7825000	       781	80001558	af1e2d97	auipc	x27,0xaf1e2	 x27=0x2f1e3554
        7835000	       782	8000155c	c3526b17	auipc	x22,0xc3526	 x22=0x43527558
        7845000	       783	80001560	00000013	addi	x0,x0,0	  x0:0x00000000
        7855000	       784	80001564	f7c72813	slti	x16,x14,-132	 x14:0x00000001 x16=0x00000000
        7865000	       785	80001568	01398cb3	add	x25,x19,x19	 x19:0x0007ffff x19:0x0007ffff x25=0x000ffffe
        7875000	       786	8000156c	03084a63	blt	x16,x16,800015a0	 x16:0x00000000 x16:0x00000000
        7885000	       787	80001570	05c6c263	blt	x13,x28,800015b4	 x13:0xc7632a51 x28:0x00000001
        7895000	       788	00000000	00000013	addi	x0,x0,0	  x0:0x00000000
        7905000	       789	800015b0	00000013	addi	x0,x0,0	  x0:0x00000000
        7915000	       790	800015b4	02a1ca63	blt	x3,x10,800015e8	  x3:0xc7632a93 x10:0xfffffaee
        7925000	       791	00000000	00000013	addi	x0,x0,0	  x0:0x00000000
        7935000	       792	800015e4	00000013	addi	x0,x0,0	  x0:0x00000000
        7945000	       793	800015e8	01789013	slli	x0,x17,0x17	 x17:0x000002f5
        7955000	       794	800015ec	00000f97	auipc	x31,0x0	 x31=0x800015e8
        7965000	       795	800015f0	1f0f8f93	addi	x31,x31,496	 x31:0x800015e8 x31=0x800017d8
        7975000	       796	800015f4	a7ebad13	slti	x26,x23,-1410	 x23:0x7fff58ac x26=0x00000000
        7985000	       797	800015f8	0086aeb3	slt	x29,x13,x8	 x13:0xc7632a51  x8:0xfffffaf2 x29=0x00000001
        7995000	       798	800015fc	0c887213	andi	x4,x16,200	 x16:0x00000000  x4=0x00000000
        8005000	       799	80001600	00885c93	srli	x25,x16,0x8	 x16:0x00000000 x25=0x00000000
        8015000	       800	80001604	01b18333	add	x6,x3,x27	  x3:0xc7632a93 x27:0x2f1e3554  x6=0xf6815fe7
        8025000	       801	80001608	01ebdc33	srl	x24,x23,x30	 x23:0x7fff58ac x30:0x00000001 x24=0x3fffac56
        8035000	       802	8000160c	184f8f93	addi	x31,x31,388	 x31:0x800017d8 x31=0x8000195c
        8045000	       803	80001610	419601b3	sub	x3,x12,x25	 x12:0xc7632a52 x25:0x00000000  x3=0xc7632a52
        8055000	       804	80001614	e2aca193	slti	x3,x25,-470	 x25:0x00000000  x3=0x00000000
        8065000	       805	80001618	e7df8367	jalr	x6,x31,-387	 x31:0x8000195c  x6=0x80001618
        8075000	       806	00000000	00000013	addi	x0,x0,0	  x0:0x00000000
        8085000	       807	800017d8	00000013	addi	x0,x0,0	  x0:0x00000000
        8095000	       808	800017dc	00c2cdb3	xor	x27,x5,x12	  x5:0x00000001 x12:0xc7632a52 x27=0xc7632a53
        8105000	       809	800017e0	013e86b3	add	x13,x29,x19	 x29:0x00000001 x19:0x0007ffff x13=0x00080000
        8115000	       810	800017e4	ff048493	addi	x9,x9,-16	  x9:0x80009f54  x9=0x80009f44
        8125000	       811	800017e8	4fa1a597	auipc	x11,0x4fa1a	 x11=0xcfa1b7e4
        8135000	       812	800017ec	017b2ab3	slt	x21,x22,x23	 x22:0x43527558 x23:0x7fff58ac x21=0x00000001
        8145000	       813	800017f0	dec17f13	andi	x30,x2,-532	  x2:0x80008ab4 x30=0x800088a4
        8155000	       814	800017f4	01a58d33	add	x26,x11,x26	 x11:0xcfa1b7e4 x26:0x00000000 x26=0xcfa1b7e4
        8165000	       815	800017f8	0064a223	sw	x6,4(x9)	  x9:0x80009f44  x6:0x80001618 PA:0x80009f48
        8175000	       816	800017fc	00e828b3	slt	x17,x16,x14	 x16:0x00000000 x14:0x00000001 x17=0x00000001
        8185000	       817	80001800	00007a97	auipc	x21,0x7	 x21=0x800087fc
        8195000	       818	80001804	eefa8a93	addi	x21,x21,-273	 x21:0x800087fc x21=0x800086eb
        8205000	       819	80001808	01ba8823	sb	x27,16(x21)	 x21:0x800086eb x27:0xc7632a53 PA:0x800086fb
        8215000	       820	8000180c	010a8583	lb	x11,16(x21)	 x21:0x800086eb x11=0x00000053 PA:0x800086fb
        8225000	       821	80001810	11cdae93	slti	x29,x27,284	 x27:0xc7632a53 x29=0x00000001
        8235000	       822	80001814	fffa8f23	sb	x31,-2(x21)	 x21:0x800086eb x31:0x8000195c PA:0x800086e9
        8245000	       823	80001818	005a9283	lh	x5,5(x21)	 x21:0x800086eb  x5=0xffffaaab PA:0x800086f0
        8255000	       824	8000181c	019bd293	srli	x5,x23,0x19	 x23:0x7fff58ac  x5=0x0000003f
        8265000	       825	80001820	e78e6c17	auipc	x24,0xe78e6	 x24=0x678e781c
        8275000	       826	80001824	ffea8823	sb	x30,-16(x21)	 x21:0x800086eb x30:0x800088a4 PA:0x800086db
        8285000	       827	80001828	ff2a8823	sb	x18,-16(x21)	 x21:0x800086eb x18:0x80009fc4 PA:0x800086db
        8295000	       828	8000182c	ffaa8e83	lb	x29,-6(x21)	 x21:0x800086eb x29=0xffffff9e PA:0x800086e5
        8305000	       829	80001830	ffaa8203	lb	x4,-6(x21)	 x21:0x800086eb  x4=0xffffff9e PA:0x800086e5
        8315000	       830	80001834	00000013	addi	x0,x0,0	  x0:0x00000000
        8325000	       831	80001838	ffea88a3	sb	x30,-15(x21)	 x21:0x800086eb x30:0x800088a4 PA:0x800086dc
        8335000	       832	8000183c	ff7ad403	lhu	x8,-9(x21)	 x21:0x800086eb  x8=0x00009899 PA:0x800086e2
        8345000	       833	80001840	ff7a9803	lh	x16,-9(x21)	 x21:0x800086eb x16=0xffff9899 PA:0x800086e2
        8355000	       834	80001844	ffea8b03	lb	x22,-2(x21)	 x21:0x800086eb x22=0x0000005c PA:0x800086e9
        8365000	       835	00000000	00000013	addi	x0,x0,0	  x0:0x00000000
        8375000	       836	80001848	ff6a9ba3	sh	x22,-9(x21)	 x21:0x800086eb x22:0x0000005c PA:0x800086e2
        8385000	       837	8000184c	00007397	auipc	x7,0x7	  x7=0x80008848
        8395000	       838	80001850	55c38393	addi	x7,x7,1372	  x7:0x80008848  x7=0x80008da4
        8405000	       839	80001854	fec3ca83	lbu	x21,-20(x7)	  x7:0x80008da4 x21=0x0000007b PA:0x80008d90
        8415000	       840	80001858	0179dbb3	srl	x23,x19,x23	 x19:0x0007ffff x23:0x7fff58ac x23=0x0000007f
        8425000	       841	8000185c	fd238ba3	sb	x18,-41(x7)	  x7:0x80008da4 x18:0x80009fc4 PA:0x80008d7b
        8435000	       842	80001860	00f74033	xor	x0,x14,x15	 x14:0x00000001 x15:0x00000211
        8445000	       843	80001864	00d29233	sll	x4,x5,x13	  x5:0x0000003f x13:0x00080000  x4=0x0000003f
        8455000	       844	80001868	0343a603	lw	x12,52(x7)	  x7:0x80008da4 x12=0xc0c1c2c3 PA:0x80008dd8
        8465000	       845	8000186c	016df6b3	and	x13,x27,x22	 x27:0xc7632a53 x22:0x0000005c x13=0x00000050
        8475000	       846	80001870	fdf38ca3	sb	x31,-39(x7)	  x7:0x80008da4 x31:0x8000195c PA:0x80008d7d
        8485000	       847	80001874	0253cb03	lbu	x22,37(x7)	  x7:0x80008da4 x22=0x000000b2 PA:0x80008dc9
        8495000	       848	80001878	9cddbd13	sltiu	x26,x27,-1587	 x27:0xc7632a53 x26=0x00000001
        8505000	       849	8000187c	0383c703	lbu	x14,56(x7)	  x7:0x80008da4 x14=0x000000c7 PA:0x80008ddc
        8515000	       850	80001880	8779e693	ori	x13,x19,-1929	 x19:0x0007ffff x13=0xffffffff
        8525000	       851	80001884	409f5f93	srai	x31,x30,0x9	 x30:0x800088a4 x31=0xffc00044
        8535000	       852	80001888	ff63d703	lhu	x14,-10(x7)	  x7:0x80008da4 x14=0x00008081 PA:0x80008d9a
        8545000	       853	8000188c	009257b3	srl	x15,x4,x9	  x4:0x0000003f  x9:0x80009f44 x15=0x00000003
        8555000	       854	80001890	00b9cbb3	xor	x23,x19,x11	 x19:0x0007ffff x11:0x00000053 x23=0x0007ffac
        8565000	       855	80001894	00d015b3	sll	x11,x0,x13	  x0:0x00000000 x13:0xffffffff x11=0x00000000
        8575000	       856	80001898	e51b9297	auipc	x5,0xe51b9	  x5=0x651ba894
        8585000	       857	8000189c	fd064793	xori	x15,x12,-48	 x12:0xc0c1c2c3 x15=0x3f3e3d13
        8595000	       858	800018a0	015dc9b3	xor	x19,x27,x21	 x27:0xc7632a53 x21:0x0000007b x19=0xc7632a28
        8605000	       859	800018a4	77343ab7	lui	x21,0x77343	 x21=0x77343000
        8615000	       860	800018a8	00bcb233	sltu	x4,x25,x11	 x25:0x00000000 x11:0x00000000  x4=0x00000000
        8625000	       861	800018ac	0293c983	lbu	x19,41(x7)	  x7:0x80008da4 x19=0x000000b6 PA:0x80008dcd
        8635000	       862	800018b0	0194d313	srli	x6,x9,0x19	  x9:0x80009f44  x6=0x00000040
        8645000	       863	800018b4	00c382a3	sb	x12,5(x7)	  x7:0x80008da4 x12:0xc0c1c2c3 PA:0x80008da9
        8655000	       864	800018b8	00df5d33	srl	x26,x30,x13	 x30:0x800088a4 x13:0xffffffff x26=0x00000001
        8665000	       865	800018bc	015383a3	sb	x21,7(x7)	  x7:0x80008da4 x21:0x77343000 PA:0x80008dab
        8675000	       866	800018c0	00007c97	auipc	x25,0x7	 x25=0x800088bc
        8685000	       867	800018c4	851c8c93	addi	x25,x25,-1967	 x25:0x800088bc x25=0x8000810d
        8695000	       868	800018c8	007c3d33	sltu	x26,x24,x7	 x24:0x678e781c  x7:0x80008da4 x26=0x00000001
        8705000	       869	800018cc	050ccf83	lbu	x31,80(x25)	 x25:0x8000810d x31=0x00000016 PA:0x8000815d
        8715000	       870	800018d0	0b0c8e83	lb	x29,176(x25)	 x25:0x8000810d x29=0x00000076 PA:0x800081bd
        8725000	       871	800018d4	0a9c8783	lb	x15,169(x25)	 x25:0x8000810d x15=0x0000006d PA:0x800081b6
        8735000	       872	800018d8	fa6cca03	lbu	x20,-90(x25)	 x25:0x8000810d x20=0x00000068 PA:0x800080b3
        8745000	       873	800018dc	fa1cca03	lbu	x20,-95(x25)	 x25:0x8000810d x20=0x00000065 PA:0x800080ae
        8755000	       874	800018e0	1b6f0f17	auipc	x30,0x1b6f0	 x30=0x9b6f18dc
        8765000	       875	800018e4	002c6433	or	x8,x24,x2	 x24:0x678e781c  x2:0x80008ab4  x8=0xe78efabc
        8775000	       876	800018e8	0025db33	srl	x22,x11,x2	 x11:0x00000000  x2:0x80008ab4 x22=0x00000000
        8785000	       877	800018ec	0044de93	srli	x29,x9,0x4	  x9:0x80009f44 x29=0x080009f4
        8795000	       878	800018f0	07bc2693	slti	x13,x24,123	 x24:0x678e781c x13=0x00000000
        8805000	       879	800018f4	01118e33	add	x28,x3,x17	  x3:0x00000000 x17:0x00000001 x28=0x00000001
        8815000	       880	800018f8	098c8f83	lb	x31,152(x25)	 x25:0x8000810d x31=0x0000005e PA:0x800081a5
        8825000	       881	800018fc	016df333	and	x6,x27,x22	 x27:0xc7632a53 x22:0x00000000  x6=0x00000000
        8835000	       882	80001900	403a5313	srai	x6,x20,0x3	 x20:0x00000065  x6=0x0000000c
        8845000	       883	80001904	00627333	and	x6,x4,x6	  x4:0x00000000  x6:0x0000000c  x6=0x00000000
        8855000	       884	80001908	41770033	sub	x0,x14,x23	 x14:0x00008081 x23:0x0007ffac
        8865000	       885	8000190c	4192d2b3	sra	x5,x5,x25	  x5:0x651ba894 x25:0x8000810d  x5=0x000328dd
        8875000	       886	80001910	011e1733	sll	x14,x28,x17	 x28:0x00000001 x17:0x00000001 x14=0x00000002
        8885000	       887	80001914	00199633	sll	x12,x19,x1	 x19:0x000000b6  x1:0x80000000 x12=0x000000b6
        8895000	       888	80001918	07fc8623	sb	x31,108(x25)	 x25:0x8000810d x31:0x0000005e PA:0x80008179
        8905000	       889	8000191c	faec8723	sb	x14,-82(x25)	 x25:0x8000810d x14:0x00000002 PA:0x800080bb
        8915000	       890	80001920	0136aa33	slt	x20,x13,x19	 x13:0x00000000 x19:0x000000b6 x20=0x00000001
        8925000	       891	80001924	006b6333	or	x6,x22,x6	 x22:0x00000000  x6:0x00000000  x6=0x00000000
        8935000	       892	80001928	0f7cd883	lhu	x17,247(x25)	 x25:0x8000810d x17=0x0000bebf PA:0x80008204
        8945000	       893	8000192c	f81cdb83	lhu	x23,-127(x25)	 x25:0x8000810d x23=0x00004445 PA:0x8000808e
        8955000	       894	80001930	01fe1e13	slli	x28,x28,0x1f	 x28:0x00000001 x28=0x80000000
        8965000	       895	80001934	75086f97	auipc	x31,0x75086	 x31=0xf5087930
        8975000	       896	80001938	00fd9893	slli	x17,x27,0xf	 x27:0xc7632a53 x17=0x95298000
        8985000	       897	8000193c	039c96a3	sh	x25,45(x25)	 x25:0x8000810d x25:0x8000810d PA:0x8000813a
        8995000	       898	80001940	00007617	auipc	x12,0x7	 x12=0x8000893c
        9005000	       899	80001944	d1760613	addi	x12,x12,-745	 x12:0x8000893c x12=0x80008653
        9015000	       900	80001948	00007397	auipc	x7,0x7	  x7=0x80008944
        9025000	       901	8000194c	b8938393	addi	x7,x7,-1143	  x7:0x80008944  x7=0x800084cd
        9035000	       902	80001950	9f764f83	lbu	x31,-1545(x12)	 x12:0x80008653 x31=0x00000001 PA:0x8000804a
        9045000	       903	80001954	00006417	auipc	x8,0x6	  x8=0x80007950
        9055000	       904	80001958	78b40413	addi	x8,x8,1931	  x8:0x80007950  x8=0x800080db
        9065000	       905	8000195c	bac60523	sb	x12,-1110(x12)	 x12:0x80008653 x12:0x80008653 PA:0x800081fd
        9075000	       906	80001960	fdb44203	lbu	x4,-37(x8)	  x8:0x800080db  x4=0x0000006d PA:0x800080b6
        9085000	       907	80001964	ff438ca3	sb	x20,-7(x7)	  x7:0x800084cd x20:0x00000001 PA:0x800084c6
        9095000	       908	80001968	c4960d23	sb	x9,-934(x12)	 x12:0x80008653  x9:0x80009f44 PA:0x800082ad
        9105000	       909	8000196c	c2864c83	lbu	x25,-984(x12)	 x12:0x80008653 x25=0x00000030 PA:0x8000827b
        9115000	       910	80001970	afb61103	lh	x2,-1285(x12)	 x12:0x80008653  x2=0x00000405 PA:0x8000814e
        9125000	       911	80001974	a9860583	lb	x11,-1384(x12)	 x12:0x80008653 x11=0xffffffa0 PA:0x800080eb
        9135000	       912	80001978	01841ea3	sh	x24,29(x8)	  x8:0x800080db x24:0x678e781c PA:0x800080f8
        9145000	       913	8000197c	b7d613a3	sh	x29,-1177(x12)	 x12:0x80008653 x29:0x080009f4 PA:0x800081ba
        9155000	       914	80001980	fe738b03	lb	x22,-25(x7)	  x7:0x800084cd x22=0x0000006f PA:0x800084b4
        9165000	       915	80001984	fc040683	lb	x13,-64(x8)	  x8:0x800080db x13=0x00000050 PA:0x8000809b
        9175000	       916	80001988	fc939c83	lh	x25,-55(x7)	  x7:0x800084cd x25=0x00004c4d PA:0x80008496
        9185000	       917	8000198c	fc3406a3	sb	x3,-51(x8)	  x8:0x800080db  x3:0x00000000 PA:0x800080a8
        9195000	       918	80001990	02440203	lb	x4,36(x8)	  x8:0x800080db  x4=0xffffffb4 PA:0x800080ff
        9205000	       919	80001994	fd739283	lh	x5,-41(x7)	  x7:0x800084cd  x5=0x00005e5f PA:0x800084a4
        9215000	       920	80001998	03c40c23	sb	x28,56(x8)	  x8:0x800080db x28:0x80000000 PA:0x80008113
        9225000	       921	8000199c	00b40223	sb	x11,4(x8)	  x8:0x800080db x11:0xffffffa0 PA:0x800080df
        9235000	       922	800019a0	033397a3	sh	x19,47(x7)	  x7:0x800084cd x19:0x000000b6 PA:0x800084fc
        9245000	       923	800019a4	07660003	lb	x0,118(x12)	 x12:0x80008653 PA:0x800086c9
        9255000	       924	800019a8	02440b83	lb	x23,36(x8)	  x8:0x800080db x23=0xffffffb4 PA:0x800080ff
        9265000	       925	800019ac	b5660f83	lb	x31,-1194(x12)	 x12:0x80008653 x31=0x00000062 PA:0x800081a9
        9275000	       926	800019b0	08160723	sb	x1,142(x12)	 x12:0x80008653  x1:0x80000000 PA:0x800086e1
        9285000	       927	800019b4	ff638803	lb	x16,-10(x7)	  x7:0x800084cd x16=0x00000078 PA:0x800084c3
        9295000	       928	800019b8	02a44f03	lbu	x30,42(x8)	  x8:0x800080db x30=0x000000be PA:0x80008105
        9305000	       929	800019bc	00007817	auipc	x16,0x7	 x16=0x800089b8
        9315000	       930	800019c0	94380813	addi	x16,x16,-1725	 x16:0x800089b8 x16=0x800082fb
        9325000	       931	800019c4	03c80b83	lb	x23,60(x16)	 x16:0x800082fb x23=0xffffffec PA:0x80008337
        9335000	       932	800019c8	00007d97	auipc	x27,0x7	 x27=0x800089c4
        9345000	       933	800019cc	e3ad8d93	addi	x27,x27,-454	 x27:0x800089c4 x27=0x800087fe
        9355000	       934	800019d0	00007c97	auipc	x25,0x7	 x25=0x800089cc
        9365000	       935	800019d4	817c8c93	addi	x25,x25,-2025	 x25:0x800089cc x25=0x800081e3
        9375000	       936	800019d8	008d9683	lh	x13,8(x27)	 x27:0x800087fe x13=0xffffbcbd PA:0x80008806
        9385000	       937	800019dc	00680003	lb	x0,6(x16)	 x16:0x800082fb PA:0x80008301
        9395000	       938	800019e0	03680623	sb	x22,44(x16)	 x16:0x800082fb x22:0x0000006f PA:0x80008327
        9405000	       939	800019e4	008d8e83	lb	x29,8(x27)	 x27:0x800087fe x29=0xffffffbd PA:0x80008806
        9415000	       940	800019e8	ff3d89a3	sb	x19,-13(x27)	 x27:0x800087fe x19:0x000000b6 PA:0x800087f1
        9425000	       941	800019ec	fec80383	lb	x7,-20(x16)	 x16:0x800082fb  x7=0xffffff9c PA:0x800082e7
        9435000	       942	800019f0	ffdd8f23	sb	x29,-2(x27)	 x27:0x800087fe x29:0xffffffbd PA:0x800087fc
        9445000	       943	800019f4	ffdc8ea3	sb	x29,-3(x25)	 x25:0x800081e3 x29:0xffffffbd PA:0x800081e0
        9455000	       944	800019f8	004c8183	lb	x3,4(x25)	 x25:0x800081e3  x3=0xffffffe3 PA:0x800081e7
        9465000	       945	800019fc	00bd8f83	lb	x31,11(x27)	 x27:0x800087fe x31=0xffffffc2 PA:0x80008809
        9475000	       946	80001a00	010c8623	sb	x16,12(x25)	 x25:0x800081e3 x16:0x800082fb PA:0x800081ef
        9485000	       947	80001a04	fcc80023	sb	x12,-64(x16)	 x16:0x800082fb x12:0x80008653 PA:0x800082bb
        9495000	       948	80001a08	ff8dd583	lhu	x11,-8(x27)	 x27:0x800087fe x11=0x0000acad PA:0x800087f6
        9505000	       949	80001a0c	ff8ccd03	lbu	x26,-8(x25)	 x25:0x800081e3 x26=0x00000000 PA:0x800081db
        9515000	       950	80001a10	00ac8123	sb	x10,2(x25)	 x25:0x800081e3 x10:0xfffffaee PA:0x800081e5
        9525000	       951	80001a14	ff9dc283	lbu	x5,-7(x27)	 x27:0x800087fe  x5=0x000000ac PA:0x800087f7
        9535000	       952	00000000	00000013	addi	x0,x0,0	  x0:0x00000000
        9545000	       953	80001a18	005cab03	lw	x22,5(x25)	 x25:0x800081e3 x22=0xa0a1a2a3 PA:0x800081e8
        9555000	       954	80001a1c	ff8dab23	sw	x24,-10(x27)	 x27:0x800087fe x24:0x678e781c PA:0x800087f4
        9565000	       955	80001a20	006d9403	lh	x8,6(x27)	 x27:0x800087fe  x8=0xffffbebf PA:0x80008804
        9575000	       956	80001a24	036b0263	beq	x22,x22,80001a48	 x22:0xa0a1a2a3 x22:0xa0a1a2a3
        9585000	       957	00000000	00000013	addi	x0,x0,0	  x0:0x00000000
        9595000	       958	80001a44	00000013	addi	x0,x0,0	  x0:0x00000000
        9605000	       959	80001a48	026e8463	beq	x29,x6,80001a70	 x29:0xffffffbd  x6:0x00000000
        9615000	       960	80001a4c	00000013	addi	x0,x0,0	  x0:0x00000000
        9625000	       961	80001a50	02bfc263	blt	x31,x11,80001a74	 x31:0xffffffc2 x11:0x0000acad
        9635000	       962	00000000	00000013	addi	x0,x0,0	  x0:0x00000000
        9645000	       963	80001a70	00000013	addi	x0,x0,0	  x0:0x00000000
        9655000	       964	80001a74	014b1e63	bne	x22,x20,80001a90	 x22:0xa0a1a2a3 x20:0x00000001
        9665000	       965	00000000	00000013	addi	x0,x0,0	  x0:0x00000000
        9675000	       966	80001a8c	00000013	addi	x0,x0,0	  x0:0x00000000
        9685000	       967	80001a90	014d5d93	srli	x27,x26,0x14	 x26:0x00000000 x27=0x00000000
        9695000	       968	80001a94	05a9e063	bltu	x19,x26,80001ad4	 x19:0x000000b6 x26:0x00000000
        9705000	       969	80001a98	03ac4663	blt	x24,x26,80001ac4	 x24:0x678e781c x26:0x00000000
        9715000	       970	80001a9c	41500333	sub	x6,x0,x21	  x0:0x00000000 x21:0x77343000  x6=0x88cbd000
        9725000	       971	80001aa0	403957b3	sra	x15,x18,x3	 x18:0x80009fc4  x3:0xffffffe3 x15=0xf00013f8
        9735000	       972	80001aa4	001d5993	srli	x19,x26,0x1	 x26:0x00000000 x19=0x00000000
        9745000	       973	80001aa8	00000013	addi	x0,x0,0	  x0:0x00000000
        9755000	       974	80001aac	5f8e3c13	sltiu	x24,x28,1528	 x28:0x80000000 x24=0x00000000
        9765000	       975	80001ab0	0105b9b3	sltu	x19,x11,x16	 x11:0x0000acad x16:0x800082fb x19=0x00000001
        9775000	       976	80001ab4	41ee5d33	sra	x26,x28,x30	 x28:0x80000000 x30:0x000000be x26=0xfffffffe
        9785000	       977	80001ab8	00879b33	sll	x22,x15,x8	 x15:0xf00013f8  x8:0xffffbebf x22=0x00000000
        9795000	       978	80001abc	01601193	slli	x3,x0,0x16	  x0:0x00000000  x3=0x00000000
        9805000	       979	80001ac0	d741b193	sltiu	x3,x3,-652	  x3:0x00000000  x3=0x00000001
        9815000	       980	80001ac4	02421063	bne	x4,x4,80001ae4	  x4:0xffffffb4  x4:0xffffffb4
        9825000	       981	80001ac8	01591a33	sll	x20,x18,x21	 x18:0x80009fc4 x21:0x77343000 x20=0x80009fc4
        9835000	       982	80001acc	01db7ab3	and	x21,x22,x29	 x22:0x00000000 x29:0xffffffbd x21=0x00000000
        9845000	       983	80001ad0	008d6863	bltu	x26,x8,80001ae0	 x26:0xfffffffe  x8:0xffffbebf
        9855000	       984	80001ad4	01ea0033	add	x0,x20,x30	 x20:0x80009fc4 x30:0x000000be
        9865000	       985	80001ad8	283d6893	ori	x17,x26,643	 x26:0xfffffffe x17=0xffffffff
        9875000	       986	80001adc	00000013	addi	x0,x0,0	  x0:0x00000000
        9885000	       987	80001ae0	d3cecd13	xori	x26,x29,-708	 x29:0xffffffbd x26=0x00000281
        9895000	       988	80001ae4	9dd59717	auipc	x14,0x9dd59	 x14=0x1dd5aae0
        9905000	       989	80001ae8	00f3d863	bge	x7,x15,80001af8	  x7:0xffffff9c x15:0xf00013f8
        9915000	       990	00000000	00000013	addi	x0,x0,0	  x0:0x00000000
        9925000	       991	80001af4	00000013	addi	x0,x0,0	  x0:0x00000000
        9935000	       992	80001af8	0569f663	bgeu	x19,x22,80001b44	 x19:0x00000001 x22:0x00000000
        9945000	       993	00000000	00000013	addi	x0,x0,0	  x0:0x00000000
        9955000	       994	80001b40	00000013	addi	x0,x0,0	  x0:0x00000000
        9965000	       995	80001b44	009ade13	srli	x28,x21,0x9	 x21:0x00000000 x28=0x00000000
        9975000	       996	80001b48	5a87a393	slti	x7,x15,1448	 x15:0xf00013f8  x7=0x00000001
        9985000	       997	80001b4c	01f4feb3	and	x29,x9,x31	  x9:0x80009f44 x31:0xffffffc2 x29=0x80009f40
        9995000	       998	80001b50	1192ad93	slti	x27,x5,281	  x5:0x000000ac x27=0x00000001
       10005000	       999	80001b54	08120797	auipc	x15,0x8120	 x15=0x88121b50
       10015000	      1000	80001b58	560b8613	addi	x12,x23,1376	 x23:0xffffffec x12=0x0000054c
       10025000	      1001	80001b5c	00fc5893	srli	x17,x24,0xf	 x24:0x00000000 x17=0x00000000
       10035000	      1002	80001b60	0042d3b3	srl	x7,x5,x4	  x5:0x000000ac  x4:0xffffffb4  x7=0x00000000
       10045000	      1003	80001b64	00a85463	bge	x16,x10,80001b6c	 x16:0x800082fb x10:0xfffffaee
       10055000	      1004	80001b68	01c26663	bltu	x4,x28,80001b74	  x4:0xffffffb4 x28:0x00000000
       10065000	      1005	80001b6c	07209863	bne	x1,x18,80001bdc	  x1:0x80000000 x18:0x80009fc4
       10075000	      1006	00000000	00000013	addi	x0,x0,0	  x0:0x00000000
       10085000	      1007	80001bd8	00000013	addi	x0,x0,0	  x0:0x00000000
       10095000	      1008	80001bdc	01be8ab3	add	x21,x29,x27	 x29:0x80009f40 x27:0x00000001 x21=0x80009f41
       10105000	      1009	80001be0	01d71013	slli	x0,x14,0x1d	 x14:0x1dd5aae0
       10115000	      1010	80001be4	013896b3	sll	x13,x17,x19	 x17:0x00000000 x19:0x00000001 x13=0x00000000
       10125000	      1011	80001be8	55dd93b7	lui	x7,0x55dd9	  x7=0x55dd9000
       10135000	      1012	80001bec	4154df33	sra	x30,x9,x21	  x9:0x80009f44 x21:0x80009f41 x30=0xc0004fa2
       10145000	      1013	80001bf0	00c83d33	sltu	x26,x16,x12	 x16:0x800082fb x12:0x0000054c x26=0x00000000
       10155000	      1014	80001bf4	d85a0713	addi	x14,x20,-635	 x20:0x80009fc4 x14=0x80009d49
       10165000	      1015	80001bf8	416d8a33	sub	x20,x27,x22	 x27:0x00000001 x22:0x00000000 x20=0x00000001
       10175000	      1016	80001bfc	00000013	addi	x0,x0,0	  x0:0x00000000
       10185000	      1017	80001c00	00895293	srli	x5,x18,0x8	 x18:0x80009fc4  x5=0x0080009f
       10195000	      1018	80001c04	00252db3	slt	x27,x10,x2	 x10:0xfffffaee  x2:0x00000405 x27=0x00000001
       10205000	      1019	80001c08	0559c663	blt	x19,x21,80001c54	 x19:0x00000001 x21:0x80009f41
       10215000	      1020	80001c0c	e75af193	andi	x3,x21,-395	 x21:0x80009f41  x3=0x80009e41
       10225000	      1021	80001c10	0c803a93	sltiu	x21,x0,200	  x0:0x00000000 x21=0x00000001
       10235000	      1022	80001c14	41a8da13	srai	x20,x17,0x1a	 x17:0x00000000 x20=0x00000000
       10245000	      1023	80001c18	42b146b7	lui	x13,0x42b14	 x13=0x42b14000
       10255000	      1024	80001c1c	dfcc6513	ori	x10,x24,-516	 x24:0x00000000 x10=0xfffffdfc
       10265000	      1025	80001c20	406d5f33	sra	x30,x26,x6	 x26:0x00000000  x6:0x88cbd000 x30=0x00000000
       10275000	      1026	80001c24	7a0ff113	andi	x2,x31,1952	 x31:0xffffffc2  x2=0x00000780
       10285000	      1027	80001c28	00159393	slli	x7,x11,0x1	 x11:0x0000acad  x7=0x0001595a
       10295000	      1028	80001c2c	01dc4833	xor	x16,x24,x29	 x24:0x00000000 x29:0x80009f40 x16=0x80009f40
       10305000	      1029	80001c30	048a8463	beq	x21,x8,80001c78	 x21:0x00000001  x8:0xffffbebf
       10315000	      1030	80001c34	01499293	slli	x5,x19,0x14	 x19:0x00000001  x5=0x00100000
       10325000	      1031	80001c38	40805833	sra	x16,x0,x8	  x0:0x00000000  x8:0xffffbebf x16=0x00000000
       10335000	      1032	80001c3c	03057663	bgeu	x10,x16,80001c68	 x10:0xfffffdfc x16:0x00000000
       10345000	      1033	00000000	00000013	addi	x0,x0,0	  x0:0x00000000
       10355000	      1034	80001c64	00000013	addi	x0,x0,0	  x0:0x00000000
       10365000	      1035	80001c68	006cb5b3	sltu	x11,x25,x6	 x25:0x800081e3  x6:0x88cbd000 x11=0x00000001
       10375000	      1036	80001c6c	ed150f93	addi	x31,x10,-303	 x10:0xfffffdfc x31=0xfffffccd
       10385000	      1037	80001c70	01f15863	bge	x2,x31,80001c80	  x2:0x00000780 x31:0xfffffccd
       10395000	      1038	00000000	00000013	addi	x0,x0,0	  x0:0x00000000
       10405000	      1039	80001c7c	00000013	addi	x0,x0,0	  x0:0x00000000
       10415000	      1040	80001c80	90ca8593	addi	x11,x21,-1780	 x21:0x00000001 x11=0xfffff90d
       10425000	      1041	80001c84	959eaa93	slti	x21,x29,-1703	 x29:0x80009f40 x21=0x00000001
       10435000	      1042	80001c88	a800d5b7	lui	x11,0xa800d	 x11=0xa800d000
       10445000	      1043	80001c8c	03845863	bge	x8,x24,80001cbc	  x8:0xffffbebf x24:0x00000000
       10455000	      1044	80001c90	d08bf397	auipc	x7,0xd08bf	  x7=0x508c0c8c
       10465000	      1045	80001c94	01747fb3	and	x31,x8,x23	  x8:0xffffbebf x23:0xffffffec x31=0xffffbeac
       10475000	      1046	80001c98	00ca5d33	srl	x26,x20,x12	 x20:0x00000000 x12:0x0000054c x26=0x00000000
       10485000	      1047	80001c9c	00ed8a33	add	x20,x27,x14	 x27:0x00000001 x14:0x80009d49 x20=0x80009d4a
       10495000	      1048	80001ca0	8deb3f13	sltiu	x30,x22,-1826	 x22:0x00000000 x30=0x00000001
       10505000	      1049	80001ca4	6eeccb13	xori	x22,x25,1774	 x25:0x800081e3 x22=0x8000870d
       10515000	      1050	80001ca8	ab65b293	sltiu	x5,x11,-1354	 x11:0xa800d000  x5=0x00000001
       10525000	      1051	80001cac	00fb5e93	srli	x29,x22,0xf	 x22:0x8000870d x29=0x00010001
       10535000	      1052	80001cb0	01429533	sll	x10,x5,x20	  x5:0x00000001 x20:0x80009d4a x10=0x00000400
       10545000	      1053	80001cb4	41b15193	srai	x3,x2,0x1b	  x2:0x00000780  x3=0x00000000
       10555000	      1054	80001cb8	41d4d2b3	sra	x5,x9,x29	  x9:0x80009f44 x29:0x00010001  x5=0xc0004fa2
       10565000	      1055	80001cbc	410a0d33	sub	x26,x20,x16	 x20:0x80009d4a x16:0x00000000 x26=0x80009d4a
       10575000	      1056	80001cc0	40f3da13	srai	x20,x7,0xf	  x7:0x508c0c8c x20=0x0000a118
       10585000	      1057	80001cc4	03359663	bne	x11,x19,80001cf0	 x11:0xa800d000 x19:0x00000001
       10595000	      1058	00000000	00000013	addi	x0,x0,0	  x0:0x00000000
       10605000	      1059	80001cec	00000013	addi	x0,x0,0	  x0:0x00000000
       10615000	      1060	80001cf0	4fbea737	lui	x14,0x4fbea	 x14=0x4fbea000
       10625000	      1061	80001cf4	00e9d833	srl	x16,x19,x14	 x19:0x00000001 x14:0x4fbea000 x16=0x00000001
       10635000	      1062	80001cf8	00e64ab3	xor	x21,x12,x14	 x12:0x0000054c x14:0x4fbea000 x21=0x4fbea54c
       10645000	      1063	80001cfc	00e05e33	srl	x28,x0,x14	  x0:0x00000000 x14:0x4fbea000 x28=0x00000000
       10655000	      1064	80001d00	007d32b3	sltu	x5,x26,x7	 x26:0x80009d4a  x7:0x508c0c8c  x5=0x00000000
       10665000	      1065	80001d04	02221263	bne	x4,x2,80001d28	  x4:0xffffffb4  x2:0x00000780
       10675000	      1066	00000000	00000013	addi	x0,x0,0	  x0:0x00000000
       10685000	      1067	80001d24	00000013	addi	x0,x0,0	  x0:0x00000000
       10695000	      1068	80001d28	01395013	srli	x0,x18,0x13	 x18:0x80009fc4
       10705000	      1069	80001d2c	a471c393	xori	x7,x3,-1465	  x3:0x00000000  x7=0xfffffa47
       10715000	      1070	80001d30	0257d463	bge	x15,x5,80001d58	 x15:0x88121b50  x5:0x00000000
       10725000	      1071	80001d34	40cadd13	srai	x26,x21,0xc	 x21:0x4fbea54c x26=0x0004fbea
       10735000	      1072	80001d38	4f6aeb37	lui	x22,0x4f6ae	 x22=0x4f6ae000
       10745000	      1073	80001d3c	004c4863	blt	x24,x4,80001d4c	 x24:0x00000000  x4:0xffffffb4
       10755000	      1074	80001d40	05581463	bne	x16,x21,80001d88	 x16:0x00000001 x21:0x4fbea54c
       10765000	      1075	00000000	00000013	addi	x0,x0,0	  x0:0x00000000
       10775000	      1076	80001d84	00000013	addi	x0,x0,0	  x0:0x00000000
       10785000	      1077	80001d88	404383b3	sub	x7,x7,x4	  x7:0xfffffa47  x4:0xffffffb4  x7=0xfffffa93
       10795000	      1078	80001d8c	01111793	slli	x15,x2,0x11	  x2:0x00000780 x15=0x0f000000
       10805000	      1079	80001d90	02b87263	bgeu	x16,x11,80001db4	 x16:0x00000001 x11:0xa800d000
       10815000	      1080	80001d94	00eeb6b3	sltu	x13,x29,x14	 x29:0x00010001 x14:0x4fbea000 x13=0x00000001
       10825000	      1081	80001d98	01abce63	blt	x23,x26,80001db4	 x23:0xffffffec x26:0x0004fbea
       10835000	      1082	00000000	00000013	addi	x0,x0,0	  x0:0x00000000
       10845000	      1083	80001db0	00000013	addi	x0,x0,0	  x0:0x00000000
       10855000	      1084	80001db4	b203c513	xori	x10,x7,-1248	  x7:0xfffffa93 x10=0x000001b3
       10865000	      1085	80001db8	fa783a97	auipc	x21,0xfa783	 x21=0x7a784db4
       10875000	      1086	80001dbc	81b703b7	lui	x7,0x81b70	  x7=0x81b70000
       10885000	      1087	80001dc0	f4680237	lui	x4,0xf4680	  x4=0xf4680000
       10895000	      1088	80001dc4	0044a303	lw	x6,4(x9)	  x9:0x80009f44  x6=0x80001618 PA:0x80009f48
       10905000	      1089	80001dc8	ae3ef213	andi	x4,x29,-1309	 x29:0x00010001  x4=0x00010001
       10915000	      1090	80001dcc	01048493	addi	x9,x9,16	  x9:0x80009f44  x9=0x80009f54
       10925000	      1091	80001dd0	6105a213	slti	x4,x11,1552	 x11:0xa800d000  x4=0x00000001
       10935000	      1092	80001dd4	001e5693	srli	x13,x28,0x1	 x28:0x00000000 x13=0x00000000
       10945000	      1093	80001dd8	007846b3	xor	x13,x16,x7	 x16:0x00000001  x7:0x81b70000 x13=0x81b70001
       10955000	      1094	80001ddc	f2986f93	ori	x31,x16,-215	 x16:0x00000001 x31=0xffffff29
       10965000	      1095	80001de0	053a0813	addi	x16,x20,83	 x20:0x0000a118 x16=0x0000a16b
       10975000	      1096	80001de4	4a0c2813	slti	x16,x24,1184	 x24:0x00000000 x16=0x00000001
       10985000	      1097	80001de8	00030b93	addi	x23,x6,0	  x6:0x80001618 x23=0x80001618
       10995000	      1098	80001dec	000b8be7	jalr	x23,x23,0	 x23:0x80001618 x23=0x80001dec
       11005000	      1099	00000000	00000013	addi	x0,x0,0	  x0:0x00000000
       11015000	      1100	80001618	00000013	addi	x0,x0,0	  x0:0x00000000
       11025000	      1101	8000161c	00fe1a13	slli	x20,x28,0xf	 x28:0x00000000 x20=0x00000000
       11035000	      1102	80001620	013cd463	bge	x25,x19,80001628	 x25:0x800081e3 x19:0x00000001
       11045000	      1103	80001624	032c6e63	bltu	x24,x18,80001660	 x24:0x00000000 x18:0x80009fc4
       11055000	      1104	00000000	00000013	addi	x0,x0,0	  x0:0x00000000
       11065000	      1105	8000165c	00000013	addi	x0,x0,0	  x0:0x00000000
       11075000	      1106	80001660	410e57b3	sra	x15,x28,x16	 x28:0x00000000 x16:0x00000001 x15=0x00000000
       11085000	      1107	80001664	00ba82b3	add	x5,x21,x11	 x21:0x7a784db4 x11:0xa800d000  x5=0x22791db4
       11095000	      1108	80001668	00db5263	bge	x22,x13,8000166c	 x22:0x4f6ae000 x13:0x81b70001
       11105000	      1109	00000000	00000013	addi	x0,x0,0	  x0:0x00000000
       11115000	      1110	80001668	00000013	addi	x0,x0,0	  x0:0x00000000
       11125000	      1111	8000166c	005c9733	sll	x14,x25,x5	 x25:0x800081e3  x5:0x22791db4 x14=0x1e300000
       11135000	      1112	80001670	9864ef17	auipc	x30,0x9864e	 x30=0x1864f66c
       11145000	      1113	80001674	000f2433	slt	x8,x30,x0	 x30:0x1864f66c  x0:0x00000000  x8=0x00000000
       11155000	      1114	80001678	00000013	addi	x0,x0,0	  x0:0x00000000
       11165000	      1115	8000167c	005ade33	srl	x28,x21,x5	 x21:0x7a784db4  x5:0x22791db4 x28=0x000007a7
       11175000	      1116	80001680	6890e393	ori	x7,x1,1673	  x1:0x80000000  x7=0x80000689
       11185000	      1117	80001684	0182ea33	or	x20,x5,x24	  x5:0x22791db4 x24:0x00000000 x20=0x22791db4
       11195000	      1118	80001688	004ffeb3	and	x29,x31,x4	 x31:0xffffff29  x4:0x00000001 x29=0x00000001
       11205000	      1119	8000168c	01297ab3	and	x21,x18,x18	 x18:0x80009fc4 x18:0x80009fc4 x21=0x80009fc4
       11215000	      1120	80001690	4092d333	sra	x6,x5,x9	  x5:0x22791db4  x9:0x80009f54  x6=0x00000227
       11225000	      1121	80001694	03f51a63	bne	x10,x31,800016c8	 x10:0x000001b3 x31:0xffffff29
       11235000	      1122	00000000	00000013	addi	x0,x0,0	  x0:0x00000000
       11245000	      1123	800016c4	00000013	addi	x0,x0,0	  x0:0x00000000
       11255000	      1124	800016c8	99e3ed13	ori	x26,x7,-1634	  x7:0x80000689 x26=0xffffff9f
       11265000	      1125	800016cc	00961813	slli	x16,x12,0x9	 x12:0x0000054c x16=0x000a9800
       11275000	      1126	800016d0	01d08a63	beq	x1,x29,800016e4	  x1:0x80000000 x29:0x00000001
       11285000	      1127	800016d4	01ac5663	bge	x24,x26,800016e0	 x24:0x00000000 x26:0xffffff9f
       11295000	      1128	00000000	00000013	addi	x0,x0,0	  x0:0x00000000
       11305000	      1129	800016dc	00000013	addi	x0,x0,0	  x0:0x00000000
       11315000	      1130	800016e0	64d27993	andi	x19,x4,1613	  x4:0x00000001 x19=0x00000001
       11325000	      1131	800016e4	05b28463	beq	x5,x27,8000172c	  x5:0x22791db4 x27:0x00000001
       11335000	      1132	800016e8	01067733	and	x14,x12,x16	 x12:0x0000054c x16:0x000a9800 x14=0x00000000
       11345000	      1133	800016ec	0102ec33	or	x24,x5,x16	  x5:0x22791db4 x16:0x000a9800 x24=0x227b9db4
       11355000	      1134	800016f0	014cbeb3	sltu	x29,x25,x20	 x25:0x800081e3 x20:0x22791db4 x29=0x00000000
       11365000	      1135	800016f4	c8996f37	lui	x30,0xc8996	 x30=0xc8996000
       11375000	      1136	800016f8	3dc28d93	addi	x27,x5,988	  x5:0x22791db4 x27=0x22792190
       11385000	      1137	800016fc	01aeba33	sltu	x20,x29,x26	 x29:0x00000000 x26:0xffffff9f x20=0x00000001
       11395000	      1138	80001700	027e7863	bgeu	x28,x7,80001730	 x28:0x000007a7  x7:0x80000689
       11405000	      1139	80001704	11d6fb13	andi	x22,x13,285	 x13:0x81b70001 x22=0x00000001
       11415000	      1140	80001708	40428b33	sub	x22,x5,x4	  x5:0x22791db4  x4:0x00000001 x22=0x22791db3
       11425000	      1141	8000170c	03bc9a63	bne	x25,x27,80001740	 x25:0x800081e3 x27:0x22792190
       11435000	      1142	00000000	00000013	addi	x0,x0,0	  x0:0x00000000
       11445000	      1143	8000173c	00000013	addi	x0,x0,0	  x0:0x00000000
       11455000	      1144	80001740	016a5a93	srli	x21,x20,0x16	 x20:0x00000001 x21=0x00000000
       11465000	      1145	80001744	01387663	bgeu	x16,x19,80001750	 x16:0x000a9800 x19:0x00000001
       11475000	      1146	00000000	00000013	addi	x0,x0,0	  x0:0x00000000
       11485000	      1147	8000174c	00000013	addi	x0,x0,0	  x0:0x00000000
       11495000	      1148	80001750	01848c63	beq	x9,x24,80001768	  x9:0x80009f54 x24:0x227b9db4
       11505000	      1149	80001754	000133b3	sltu	x7,x2,x0	  x2:0x00000780  x0:0x00000000  x7=0x00000000
       11515000	      1150	80001758	01a7de63	bge	x15,x26,80001774	 x15:0x00000000 x26:0xffffff9f
       11525000	      1151	00000000	00000013	addi	x0,x0,0	  x0:0x00000000
       11535000	      1152	80001770	00000013	addi	x0,x0,0	  x0:0x00000000
       11545000	      1153	80001774	0142d463	bge	x5,x20,8000177c	  x5:0x22791db4 x20:0x00000001
       11555000	      1154	00000000	00000013	addi	x0,x0,0	  x0:0x00000000
       11565000	      1155	80001778	00000013	addi	x0,x0,0	  x0:0x00000000
       11575000	      1156	8000177c	02e3b693	sltiu	x13,x7,46	  x7:0x00000000 x13=0x00000001
       11585000	      1157	80001780	537dc893	xori	x17,x27,1335	 x27:0x22792190 x17=0x227924a7
       11595000	      1158	80001784	bc76f213	andi	x4,x13,-1081	 x13:0x00000001  x4=0x00000001
       11605000	      1159	80001788	010c8233	add	x4,x25,x16	 x25:0x800081e3 x16:0x000a9800  x4=0x800b19e3
       11615000	      1160	8000178c	e130e993	ori	x19,x1,-493	  x1:0x80000000 x19=0xfffffe13
       11625000	      1161	80001790	02050463	beq	x10,x0,800017b8	 x10:0x000001b3  x0:0x00000000
       11635000	      1162	80001794	00b51313	slli	x6,x10,0xb	 x10:0x000001b3  x6=0x000d9800
       11645000	      1163	80001798	011aa233	slt	x4,x21,x17	 x21:0x00000000 x17:0x227924a7  x4=0x00000001
       11655000	      1164	8000179c	00224e63	blt	x4,x2,800017b8	  x4:0x00000001  x2:0x00000780
       11665000	      1165	00000000	00000013	addi	x0,x0,0	  x0:0x00000000
       11675000	      1166	800017b4	00000013	addi	x0,x0,0	  x0:0x00000000
       11685000	      1167	800017b8	414c53b3	sra	x7,x24,x20	 x24:0x227b9db4 x20:0x00000001  x7=0x113dceda
       11695000	      1168	800017bc	0044a303	lw	x6,4(x9)	  x9:0x80009f54  x6=0x80000774 PA:0x80009f58
       11705000	      1169	800017c0	00db4a33	xor	x20,x22,x13	 x22:0x22791db3 x13:0x00000001 x20=0x22791db2
       11715000	      1170	800017c4	41575213	srai	x4,x14,0x15	 x14:0x00000000  x4=0x00000000
       11725000	      1171	800017c8	007a7233	and	x4,x20,x7	 x20:0x22791db2  x7:0x113dceda  x4=0x00390c92
       11735000	      1172	800017cc	03048493	addi	x9,x9,48	  x9:0x80009f54  x9=0x80009f84
       11745000	      1173	800017d0	63ad2593	slti	x11,x26,1594	 x26:0xffffff9f x11=0x00000001
       11755000	      1174	800017d4	00130a13	addi	x20,x6,1	  x6:0x80000774 x20=0x80000775
       11765000	      1175	800017d8	000a0a67	jalr	x20,x20,0	 x20:0x80000775 x20=0x800017d8
       11775000	      1176	00000000	00000013	addi	x0,x0,0	  x0:0x00000000
       11785000	      1177	80000774	00000013	addi	x0,x0,0	  x0:0x00000000
       11795000	      1178	80000778	00000013	addi	x0,x0,0	  x0:0x00000000
       11805000	      1179	8000077c	01929a93	slli	x21,x5,0x19	  x5:0x22791db4 x21=0x68000000
       11815000	      1180	80000780	fff078b7	lui	x17,0xfff07	 x17=0xfff07000
       11825000	      1181	80000784	00275393	srli	x7,x14,0x2	 x14:0x00000000  x7=0x00000000
       11835000	      1182	80000788	01378b33	add	x22,x15,x19	 x15:0x00000000 x19:0xfffffe13 x22=0xfffffe13
       11845000	      1183	8000078c	40415793	srai	x15,x2,0x4	  x2:0x00000780 x15=0x00000078
       11855000	      1184	80000790	411385b3	sub	x11,x7,x17	  x7:0x00000000 x17:0xfff07000 x11=0x000f9000
       11865000	      1185	80000794	01f41813	slli	x16,x8,0x1f	  x8:0x00000000 x16=0x00000000
       11875000	      1186	80000798	00a8a033	slt	x0,x17,x10	 x17:0xfff07000 x10:0x000001b3
       11885000	      1187	8000079c	009003b3	add	x7,x0,x9	  x0:0x00000000  x9:0x80009f84  x7=0x80009f84
       11895000	      1188	800007a0	c3b3b5b7	lui	x11,0xc3b3b	 x11=0xc3b3b000
       11905000	      1189	800007a4	028a0463	beq	x20,x8,800007cc	 x20:0x800017d8  x8:0x00000000
       11915000	      1190	800007a8	bf91af93	slti	x31,x3,-1031	  x3:0x00000000 x31=0x00000000
       11925000	      1191	800007ac	ee324293	xori	x5,x4,-285	  x4:0x00390c92  x5=0xffc6f271
       11935000	      1192	800007b0	4152de33	sra	x28,x5,x21	  x5:0xffc6f271 x21:0x68000000 x28=0xffc6f271
       11945000	      1193	800007b4	89d0b893	sltiu	x17,x1,-1891	  x1:0x80000000 x17=0x00000001
       11955000	      1194	800007b8	404b5d33	sra	x26,x22,x4	 x22:0xfffffe13  x4:0x00390c92 x26=0xffffffff
       11965000	      1195	800007bc	40f95513	srai	x10,x18,0xf	 x18:0x80009fc4 x10=0xffff0001
       11975000	      1196	800007c0	00fe02b3	add	x5,x28,x15	 x28:0xffc6f271 x15:0x00000078  x5=0xffc6f2e9
       11985000	      1197	800007c4	0579d263	bge	x19,x23,80000808	 x19:0xfffffe13 x23:0x80001dec
       11995000	      1198	00000000	00000013	addi	x0,x0,0	  x0:0x00000000
       12005000	      1199	80000804	00000013	addi	x0,x0,0	  x0:0x00000000
       12015000	      1200	80000808	01e66eb3	or	x29,x12,x30	 x12:0x0000054c x30:0xc8996000 x29=0xc899654c
       12025000	      1201	8000080c	00000013	addi	x0,x0,0	  x0:0x00000000
       12035000	      1202	80000810	00fbd633	srl	x12,x23,x15	 x23:0x80001dec x15:0x00000078 x12=0x00000080
       12045000	      1203	80000814	019ec663	blt	x29,x25,80000820	 x29:0xc899654c x25:0x800081e3
       12055000	      1204	80000818	02cd1263	bne	x26,x12,8000083c	 x26:0xffffffff x12:0x00000080
       12065000	      1205	00000000	00000013	addi	x0,x0,0	  x0:0x00000000
       12075000	      1206	80000838	00000013	addi	x0,x0,0	  x0:0x00000000
       12085000	      1207	8000083c	0022d193	srli	x3,x5,0x2	  x5:0xffc6f2e9  x3=0x3ff1bcba
       12095000	      1208	80000840	00b71133	sll	x2,x14,x11	 x14:0x00000000 x11:0xc3b3b000  x2=0x00000000
       12105000	      1209	80000844	d08e8337	lui	x6,0xd08e8	  x6=0xd08e8000
       12115000	      1210	80000848	01044263	blt	x8,x16,8000084c	  x8:0x00000000 x16:0x00000000
       12125000	      1211	8000084c	00af1593	slli	x11,x30,0xa	 x30:0xc8996000 x11=0x65800000
       12135000	      1212	80000850	9a893817	auipc	x16,0x9a893	 x16=0x1a89384c
       12145000	      1213	80000854	00000013	addi	x0,x0,0	  x0:0x00000000
       12155000	      1214	80000858	40b35033	sra	x0,x6,x11	  x6:0xd08e8000 x11:0x65800000
       12165000	      1215	8000085c	01655263	bge	x10,x22,80000860	 x10:0xffff0001 x22:0xfffffe13
       12175000	      1216	80000860	001d3e33	sltu	x28,x26,x1	 x26:0xffffffff  x1:0x80000000 x28=0x00000000
       12185000	      1217	80000864	02bdde63	bge	x27,x11,800008a0	 x27:0x22792190 x11:0x65800000
       12195000	      1218	80000868	aa4fed93	ori	x27,x31,-1372	 x31:0x00000000 x27=0xfffffaa4
       12205000	      1219	8000086c	401b5f93	srai	x31,x22,0x1	 x22:0xfffffe13 x31=0xffffff09
       12215000	      1220	80000870	00507263	bgeu	x0,x5,80000874	  x0:0x00000000  x5:0xffc6f2e9
       12225000	      1221	80000874	00558033	add	x0,x11,x5	 x11:0x65800000  x5:0xffc6f2e9
       12235000	      1222	80000878	01f03d33	sltu	x26,x0,x31	  x0:0x00000000 x31:0xffffff09 x26=0x00000001
       12245000	      1223	8000087c	01cf61b3	or	x3,x30,x28	 x30:0xc8996000 x28:0x00000000  x3=0xc8996000
       12255000	      1224	80000880	0270d663	bge	x1,x7,800008ac	  x1:0x80000000  x7:0x80009f84
       12265000	      1225	80000884	4df3c893	xori	x17,x7,1247	  x7:0x80009f84 x17=0x80009b5b
       12275000	      1226	80000888	00e913b3	sll	x7,x18,x14	 x18:0x80009fc4 x14:0x00000000  x7=0x80009fc4
       12285000	      1227	8000088c	01636e63	bltu	x6,x22,800008a8	  x6:0xd08e8000 x22:0xfffffe13
       12295000	      1228	00000000	00000013	addi	x0,x0,0	  x0:0x00000000
       12305000	      1229	800008a4	00000013	addi	x0,x0,0	  x0:0x00000000
       12315000	      1230	800008a8	0289d263	bge	x19,x8,800008cc	 x19:0xfffffe13  x8:0x00000000
       12325000	      1231	800008ac	401c0cb3	sub	x25,x24,x1	 x24:0x227b9db4  x1:0x80000000 x25=0xa27b9db4
       12335000	      1232	800008b0	04cc7063	bgeu	x24,x12,800008f0	 x24:0x227b9db4 x12:0x00000080
       12345000	      1233	00000000	00000013	addi	x0,x0,0	  x0:0x00000000
       12355000	      1234	800008ec	00000013	addi	x0,x0,0	  x0:0x00000000
       12365000	      1235	800008f0	02215e63	bge	x2,x2,8000092c	  x2:0x00000000  x2:0x00000000
       12375000	      1236	00000000	00000013	addi	x0,x0,0	  x0:0x00000000
       12385000	      1237	80000928	00000013	addi	x0,x0,0	  x0:0x00000000
       12395000	      1238	8000092c	00021893	slli	x17,x4,0x0	  x4:0x00390c92 x17=0x00390c92
       12405000	      1239	80000930	18620a13	addi	x20,x4,390	  x4:0x00390c92 x20=0x00390e18
       12415000	      1240	80000934	01a9d693	srli	x13,x19,0x1a	 x19:0xfffffe13 x13=0x0000003f
       12425000	      1241	80000938	00249633	sll	x12,x9,x2	  x9:0x80009f84  x2:0x00000000 x12=0x80009f84
       12435000	      1242	8000093c	63563e13	sltiu	x28,x12,1589	 x12:0x80009f84 x28=0x00000000
       12445000	      1243	80000940	0031dd93	srli	x27,x3,0x3	  x3:0xc8996000 x27=0x19132c00
       12455000	      1244	80000944	40655413	srai	x8,x10,0x6	 x10:0xffff0001  x8=0xfffffc00
       12465000	      1245	80000948	1aedcb13	xori	x22,x27,430	 x27:0x19132c00 x22=0x19132dae
       12475000	      1246	8000094c	c0c6ce13	xori	x28,x13,-1012	 x13:0x0000003f x28=0xfffffc33
       12485000	      1247	80000950	00ffaab3	slt	x21,x31,x15	 x31:0xffffff09 x15:0x00000078 x21=0x00000001
       12495000	      1248	80000954	2d0e2193	slti	x3,x28,720	 x28:0xfffffc33  x3=0x00000001
       12505000	      1249	80000958	00185c33	srl	x24,x16,x1	 x16:0x1a89384c  x1:0x80000000 x24=0x1a89384c
       12515000	      1250	8000095c	2de2bf13	sltiu	x30,x5,734	  x5:0xffc6f2e9 x30=0x00000000
       12525000	      1251	80000960	9560cab7	lui	x21,0x9560c	 x21=0x9560c000
       12535000	      1252	80000964	0287d263	bge	x15,x8,80000988	 x15:0x00000078  x8:0xfffffc00
       12545000	      1253	00000000	00000013	addi	x0,x0,0	  x0:0x00000000
       12555000	      1254	80000984	00000013	addi	x0,x0,0	  x0:0x00000000
       12565000	      1255	80000988	a5d27613	andi	x12,x4,-1443	  x4:0x00390c92 x12=0x00390810
       12575000	      1256	8000098c	7f7db613	sltiu	x12,x27,2039	 x27:0x19132c00 x12=0x00000000
       12585000	      1257	80000990	018c5263	bge	x24,x24,80000994	 x24:0x1a89384c x24:0x1a89384c
       12595000	      1258	00000000	00000013	addi	x0,x0,0	  x0:0x00000000
       12605000	      1259	80000990	00000013	addi	x0,x0,0	  x0:0x00000000
       12615000	      1260	80000994	4072de33	sra	x28,x5,x7	  x5:0xffc6f2e9  x7:0x80009fc4 x28=0xfffc6f2e
       12625000	      1261	80000998	75d5c137	lui	x2,0x75d5c	  x2=0x75d5c000
       12635000	      1262	8000099c	5ada95b7	lui	x11,0x5ada9	 x11=0x5ada9000
       12645000	      1263	800009a0	39a93b93	sltiu	x23,x18,922	 x18:0x80009fc4 x23=0x00000000
       12655000	      1264	800009a4	003bef33	or	x30,x23,x3	 x23:0x00000000  x3:0x00000001 x30=0x00000001
       12665000	      1265	800009a8	0055d593	srli	x11,x11,0x5	 x11:0x5ada9000 x11=0x02d6d480
       12675000	      1266	800009ac	04b70063	beq	x14,x11,800009ec	 x14:0x00000000 x11:0x02d6d480
       12685000	      1267	800009b0	03dc0263	beq	x24,x29,800009d4	 x24:0x1a89384c x29:0xc899654c
       12695000	      1268	800009b4	02678c63	beq	x15,x6,800009ec	 x15:0x00000078  x6:0xd08e8000
       12705000	      1269	800009b8	00e39793	slli	x15,x7,0xe	  x7:0x80009fc4 x15=0x27f10000
       12715000	      1270	800009bc	02c8ee63	bltu	x17,x12,800009f8	 x17:0x00390c92 x12:0x00000000
       12725000	      1271	800009c0	40285713	srai	x14,x16,0x2	 x16:0x1a89384c x14=0x06a24e13
       12735000	      1272	800009c4	00000013	addi	x0,x0,0	  x0:0x00000000
       12745000	      1273	800009c8	40578133	sub	x2,x15,x5	 x15:0x27f10000  x5:0xffc6f2e9  x2=0x282a0d17
       12755000	      1274	800009cc	016c6fb3	or	x31,x24,x22	 x24:0x1a89384c x22:0x19132dae x31=0x1b9b3dee
       12765000	      1275	800009d0	4147dc93	srai	x25,x15,0x14	 x15:0x27f10000 x25=0x0000027f
       12775000	      1276	800009d4	00ff6e63	bltu	x30,x15,800009f0	 x30:0x00000001 x15:0x27f10000
       12785000	      1277	00000000	00000013	addi	x0,x0,0	  x0:0x00000000
       12795000	      1278	800009ec	00000013	addi	x0,x0,0	  x0:0x00000000
       12805000	      1279	800009f0	0156b333	sltu	x6,x13,x21	 x13:0x0000003f x21:0x9560c000  x6=0x00000001
       12815000	      1280	800009f4	03e5ee63	bltu	x11,x30,80000a30	 x11:0x02d6d480 x30:0x00000001
       12825000	      1281	800009f8	6fe94c93	xori	x25,x18,1790	 x18:0x80009fc4 x25=0x8000993a
       12835000	      1282	800009fc	40df82b3	sub	x5,x31,x13	 x31:0x1b9b3dee x13:0x0000003f  x5=0x1b9b3daf
       12845000	      1283	80000a00	006bcb33	xor	x22,x23,x6	 x23:0x00000000  x6:0x00000001 x22=0x00000001
       12855000	      1284	80000a04	41e05eb3	sra	x29,x0,x30	  x0:0x00000000 x30:0x00000001 x29=0x00000000
       12865000	      1285	80000a08	c1d76993	ori	x19,x14,-995	 x14:0x06a24e13 x19=0xfffffe1f
       12875000	      1286	80000a0c	00000013	addi	x0,x0,0	  x0:0x00000000
       12885000	      1287	80000a10	00633233	sltu	x4,x6,x6	  x6:0x00000001  x6:0x00000001  x4=0x00000000
       12895000	      1288	80000a14	40880233	sub	x4,x16,x8	 x16:0x1a89384c  x8:0xfffffc00  x4=0x1a893c4c
       12905000	      1289	80000a18	41b75ab3	sra	x21,x14,x27	 x14:0x06a24e13 x27:0x19132c00 x21=0x06a24e13
       12915000	      1290	80000a1c	9eb0c113	xori	x2,x1,-1557	  x1:0x80000000  x2=0x7ffff9eb
       12925000	      1291	80000a20	00a59513	slli	x10,x11,0xa	 x11:0x02d6d480 x10=0x5b520000
       12935000	      1292	80000a24	06b36c63	bltu	x6,x11,80000a9c	  x6:0x00000001 x11:0x02d6d480
       12945000	      1293	00000000	00000013	addi	x0,x0,0	  x0:0x00000000
       12955000	      1294	80000a98	00000013	addi	x0,x0,0	  x0:0x00000000
       12965000	      1295	80000a9c	f2572393	slti	x7,x14,-219	 x14:0x06a24e13  x7=0x00000000
       12975000	      1296	80000aa0	044a6063	bltu	x20,x4,80000ae0	 x20:0x00390e18  x4:0x1a893c4c
       12985000	      1297	00000000	00000013	addi	x0,x0,0	  x0:0x00000000
       12995000	      1298	80000adc	00000013	addi	x0,x0,0	  x0:0x00000000
       13005000	      1299	80000ae0	04ed8863	beq	x27,x14,80000b30	 x27:0x19132c00 x14:0x06a24e13
       13015000	      1300	80000ae4	01314663	blt	x2,x19,80000af0	  x2:0x7ffff9eb x19:0xfffffe1f
       13025000	      1301	80000ae8	f023b113	sltiu	x2,x7,-254	  x7:0x00000000  x2=0x00000001
       13035000	      1302	80000aec	daaafc17	auipc	x24,0xdaaaf	 x24=0x5aaafae8
       13045000	      1303	80000af0	03435663	bge	x6,x20,80000b1c	  x6:0x00000001 x20:0x00390e18
       13055000	      1304	80000af4	007f5b33	srl	x22,x30,x7	 x30:0x00000001  x7:0x00000000 x22=0x00000001
       13065000	      1305	80000af8	0056eeb3	or	x29,x13,x5	 x13:0x0000003f  x5:0x1b9b3daf x29=0x1b9b3dbf
       13075000	      1306	80000afc	00a35d13	srli	x26,x6,0xa	  x6:0x00000001 x26=0x00000000
       13085000	      1307	80000b00	40ed8133	sub	x2,x27,x14	 x27:0x19132c00 x14:0x06a24e13  x2=0x1270dded
       13095000	      1308	80000b04	0111d1b3	srl	x3,x3,x17	  x3:0x00000001 x17:0x00390c92  x3=0x00000000
       13105000	      1309	80000b08	0894cf13	xori	x30,x9,137	  x9:0x80009f84 x30=0x80009f0d
       13115000	      1310	80000b0c	daf30993	addi	x19,x6,-593	  x6:0x00000001 x19=0xfffffdb0
       13125000	      1311	80000b10	73e7ce93	xori	x29,x15,1854	 x15:0x27f10000 x29=0x27f1073e
       13135000	      1312	80000b14	fbac8213	addi	x4,x25,-70	 x25:0x8000993a  x4=0x800098f4
       13145000	      1313	80000b18	00719bb3	sll	x23,x3,x7	  x3:0x00000000  x7:0x00000000 x23=0x00000000
       13155000	      1314	80000b1c	bb26e237	lui	x4,0xbb26e	  x4=0xbb26e000
       13165000	      1315	80000b20	01754db3	xor	x27,x10,x23	 x10:0x5b520000 x23:0x00000000 x27=0x5b520000
       13175000	      1316	80000b24	41375433	sra	x8,x14,x19	 x14:0x06a24e13 x19:0xfffffdb0  x8=0x000006a2
       13185000	      1317	80000b28	0177f133	and	x2,x15,x23	 x15:0x27f10000 x23:0x00000000  x2=0x00000000
       13195000	      1318	80000b2c	0542e263	bltu	x5,x20,80000b70	  x5:0x1b9b3daf x20:0x00390e18
       13205000	      1319	80000b30	b9873893	sltiu	x17,x14,-1128	 x14:0x06a24e13 x17=0x00000001
       13215000	      1320	80000b34	01586663	bltu	x16,x21,80000b40	 x16:0x1a89384c x21:0x06a24e13
       13225000	      1321	80000b38	01b43fb3	sltu	x31,x8,x27	  x8:0x000006a2 x27:0x5b520000 x31=0x00000001
       13235000	      1322	80000b3c	9bdf2713	slti	x14,x30,-1603	 x30:0x80009f0d x14=0x00000001
       13245000	      1323	80000b40	00000013	addi	x0,x0,0	  x0:0x00000000
       13255000	      1324	80000b44	410c53b3	sra	x7,x24,x16	 x24:0x5aaafae8 x16:0x1a89384c  x7=0x0005aaaf
       13265000	      1325	80000b48	00588433	add	x8,x17,x5	 x17:0x00000001  x5:0x1b9b3daf  x8=0x1b9b3db0
       13275000	      1326	80000b4c	02e79663	bne	x15,x14,80000b78	 x15:0x27f10000 x14:0x00000001
       13285000	      1327	00000000	00000013	addi	x0,x0,0	  x0:0x00000000
       13295000	      1328	80000b74	00000013	addi	x0,x0,0	  x0:0x00000000
       13305000	      1329	80000b78	00512e33	slt	x28,x2,x5	  x2:0x00000000  x5:0x1b9b3daf x28=0x00000001
       13315000	      1330	80000b7c	b87b8817	auipc	x16,0xb87b8	 x16=0x387b8b78
       13325000	      1331	80000b80	73a43b13	sltiu	x22,x8,1850	  x8:0x1b9b3db0 x22=0x00000000
       13335000	      1332	80000b84	00000013	addi	x0,x0,0	  x0:0x00000000
       13345000	      1333	80000b88	013bf5b3	and	x11,x23,x19	 x23:0x00000000 x19:0xfffffdb0 x11=0x00000000
       13355000	      1334	80000b8c	6964f793	andi	x15,x9,1686	  x9:0x80009f84 x15=0x00000684
       13365000	      1335	80000b90	03e34063	blt	x6,x30,80000bb0	  x6:0x00000001 x30:0x80009f0d
       13375000	      1336	80000b94	013db533	sltu	x10,x27,x19	 x27:0x5b520000 x19:0xfffffdb0 x10=0x00000001
       13385000	      1337	80000b98	2cf86997	auipc	x19,0x2cf86	 x19=0xacf86b94
       13395000	      1338	80000b9c	0269cc63	blt	x19,x6,80000bd4	 x19:0xacf86b94  x6:0x00000001
       13405000	      1339	00000000	00000013	addi	x0,x0,0	  x0:0x00000000
       13415000	      1340	80000bd0	00000013	addi	x0,x0,0	  x0:0x00000000
       13425000	      1341	80000bd4	0134cab3	xor	x21,x9,x19	  x9:0x80009f84 x19:0xacf86b94 x21=0x2cf8f410
       13435000	      1342	80000bd8	03247513	andi	x10,x8,50	  x8:0x1b9b3db0 x10=0x00000030
       13445000	      1343	80000bdc	01eb7233	and	x4,x22,x30	 x22:0x00000000 x30:0x80009f0d  x4=0x00000000
       13455000	      1344	80000be0	4380b197	auipc	x3,0x4380b	  x3=0xc380bbdc
       13465000	      1345	80000be4	015da333	slt	x6,x27,x21	 x27:0x5b520000 x21:0x2cf8f410  x6=0x00000000
       13475000	      1346	80000be8	00000013	addi	x0,x0,0	  x0:0x00000000
       13485000	      1347	80000bec	a09a4893	xori	x17,x20,-1527	 x20:0x00390e18 x17=0xffc6f411
       13495000	      1348	80000bf0	ca008193	addi	x3,x1,-864	  x1:0x80000000  x3=0x7ffffca0
       13505000	      1349	80000bf4	003a8433	add	x8,x21,x3	 x21:0x2cf8f410  x3:0x7ffffca0  x8=0xacf8f0b0
       13515000	      1350	80000bf8	01269513	slli	x10,x13,0x12	 x13:0x0000003f x10=0x00fc0000
       13525000	      1351	80000bfc	01c86663	bltu	x16,x28,80000c08	 x16:0x387b8b78 x28:0x00000001
       13535000	      1352	80000c00	0132aa33	slt	x20,x5,x19	  x5:0x1b9b3daf x19:0xacf86b94 x20=0x00000000
       13545000	      1353	80000c04	02c2fe63	bgeu	x5,x12,80000c40	  x5:0x1b9b3daf x12:0x00000000
       13555000	      1354	00000000	00000013	addi	x0,x0,0	  x0:0x00000000
       13565000	      1355	80000c3c	00000013	addi	x0,x0,0	  x0:0x00000000
       13575000	      1356	80000c40	f0a97f93	andi	x31,x18,-246	 x18:0x80009fc4 x31=0x80009f00
       13585000	      1357	80000c44	01b54263	blt	x10,x27,80000c48	 x10:0x00fc0000 x27:0x5b520000
       13595000	      1358	00000000	00000013	addi	x0,x0,0	  x0:0x00000000
       13605000	      1359	80000c44	00000013	addi	x0,x0,0	  x0:0x00000000
       13615000	      1360	80000c48	a22db693	sltiu	x13,x27,-1502	 x27:0x5b520000 x13=0x00000001
       13625000	      1361	80000c4c	016ea9b3	slt	x19,x29,x22	 x29:0x27f1073e x22:0x00000000 x19=0x00000000
       13635000	      1362	80000c50	0638c613	xori	x12,x17,99	 x17:0xffc6f411 x12=0xffc6f472
       13645000	      1363	80000c54	05340063	beq	x8,x19,80000c94	  x8:0xacf8f0b0 x19:0x00000000
       13655000	      1364	80000c58	01772d33	slt	x26,x14,x23	 x14:0x00000001 x23:0x00000000 x26=0x00000000
       13665000	      1365	80000c5c	008d2133	slt	x2,x26,x8	 x26:0x00000000  x8:0xacf8f0b0  x2=0x00000000
       13675000	      1366	80000c60	413a0633	sub	x12,x20,x19	 x20:0x00000000 x19:0x00000000 x12=0x00000000
       13685000	      1367	80000c64	1754fa17	auipc	x20,0x1754f	 x20=0x9754fc60
       13695000	      1368	80000c68	00376633	or	x12,x14,x3	 x14:0x00000001  x3:0x7ffffca0 x12=0x7ffffca1
       13705000	      1369	80000c6c	790e3837	lui	x16,0x790e3	 x16=0x790e3000
       13715000	      1370	80000c70	d7dbf293	andi	x5,x23,-643	 x23:0x00000000  x5=0x00000000
       13725000	      1371	80000c74	007917b3	sll	x15,x18,x7	 x18:0x80009fc4  x7:0x0005aaaf x15=0x4fe20000
       13735000	      1372	80000c78	412f03b3	sub	x7,x30,x18	 x30:0x80009f0d x18:0x80009fc4  x7=0xffffff49
       13745000	      1373	80000c7c	008b41b3	xor	x3,x22,x8	 x22:0x00000000  x8:0xacf8f0b0  x3=0xacf8f0b0
       13755000	      1374	80000c80	6360c993	xori	x19,x1,1590	  x1:0x80000000 x19=0x80000636
       13765000	      1375	80000c84	40535f93	srai	x31,x6,0x5	  x6:0x00000000 x31=0x00000000
       13775000	      1376	80000c88	ca28cf97	auipc	x31,0xca28c	 x31=0x4a28cc84
       13785000	      1377	80000c8c	00000013	addi	x0,x0,0	  x0:0x00000000
       13795000	      1378	80000c90	56a13513	sltiu	x10,x2,1386	  x2:0x00000000 x10=0x00000001
       13805000	      1379	80000c94	01185d13	srli	x26,x16,0x11	 x16:0x790e3000 x26=0x00003c87
       13815000	      1380	80000c98	0096ab33	slt	x22,x13,x9	 x13:0x00000001  x9:0x80009f84 x22=0x00000000
       13825000	      1381	80000c9c	05341663	bne	x8,x19,80000ce8	  x8:0xacf8f0b0 x19:0x80000636
       13835000	      1382	00000000	00000013	addi	x0,x0,0	  x0:0x00000000
       13845000	      1383	80000ce4	00000013	addi	x0,x0,0	  x0:0x00000000
       13855000	      1384	80000ce8	55754813	xori	x16,x10,1367	 x10:0x00000001 x16=0x00000556
       13865000	      1385	80000cec	003bd713	srli	x14,x23,0x3	 x23:0x00000000 x14=0x00000000
       13875000	      1386	80000cf0	00000013	addi	x0,x0,0	  x0:0x00000000
       13885000	      1387	80000cf4	5ed06213	ori	x4,x0,1517	  x0:0x00000000  x4=0x000005ed
       13895000	      1388	80000cf8	e95ef593	andi	x11,x29,-363	 x29:0x27f1073e x11=0x27f10614
       13905000	      1389	80000cfc	01810033	add	x0,x2,x24	  x2:0x00000000 x24:0x5aaafae8
       13915000	      1390	80000d00	003d3f33	sltu	x30,x26,x3	 x26:0x00003c87  x3:0xacf8f0b0 x30=0x00000001
       13925000	      1391	80000d04	cb9ef293	andi	x5,x29,-839	 x29:0x27f1073e  x5=0x27f10438
       13935000	      1392	80000d08	c3266517	auipc	x10,0xc3266	 x10=0x43266d04
       13945000	      1393	80000d0c	02061c63	bne	x12,x0,80000d44	 x12:0x7ffffca1  x0:0x00000000
       13955000	      1394	00000000	00000013	addi	x0,x0,0	  x0:0x00000000
       13965000	      1395	80000d40	00000013	addi	x0,x0,0	  x0:0x00000000
       13975000	      1396	80000d44	01241893	slli	x17,x8,0x12	  x8:0xacf8f0b0 x17=0xc2c00000
       13985000	      1397	80000d48	0447e663	bltu	x15,x4,80000d94	 x15:0x4fe20000  x4:0x000005ed
       13995000	      1398	80000d4c	00000013	addi	x0,x0,0	  x0:0x00000000
       14005000	      1399	80000d50	00f946b3	xor	x13,x18,x15	 x18:0x80009fc4 x15:0x4fe20000 x13=0xcfe29fc4
       14015000	      1400	80000d54	01945a13	srli	x20,x8,0x19	  x8:0xacf8f0b0 x20=0x00000056
       14025000	      1401	80000d58	419c5c33	sra	x24,x24,x25	 x24:0x5aaafae8 x25:0x8000993a x24=0x00000016
       14035000	      1402	80000d5c	41ad5d33	sra	x26,x26,x26	 x26:0x00003c87 x26:0x00003c87 x26=0x00000079
       14045000	      1403	80000d60	00000897	auipc	x17,0x0	 x17=0x80000d5c
       14055000	      1404	80000d64	26888893	addi	x17,x17,616	 x17:0x80000d5c x17=0x80000fc4
       14065000	      1405	80000d68	9e290e17	auipc	x28,0x9e290	 x28=0x1e290d64
       14075000	      1406	80000d6c	04988893	addi	x17,x17,73	 x17:0x80000fc4 x17=0x8000100d
       14085000	      1407	80000d70	58886597	auipc	x11,0x58886	 x11=0xd8886d6c
       14095000	      1408	80000d74	7b6fbb13	sltiu	x22,x31,1974	 x31:0x4a28cc84 x22=0x00000000
       14105000	      1409	80000d78	014f2733	slt	x14,x30,x20	 x30:0x00000001 x20:0x00000056 x14=0x00000001
       14115000	      1410	80000d7c	002c6533	or	x10,x24,x2	 x24:0x00000016  x2:0x00000000 x10=0x00000016
       14125000	      1411	80000d80	fb788367	jalr	x6,x17,-73	 x17:0x8000100d  x6=0x80000d80
       14135000	      1412	00000000	00000013	addi	x0,x0,0	  x0:0x00000000
       14145000	      1413	80000fc4	00000013	addi	x0,x0,0	  x0:0x00000000
       14155000	      1414	80000fc8	01873433	sltu	x8,x14,x24	 x14:0x00000001 x24:0x00000016  x8=0x00000001
       14165000	      1415	80000fcc	71ea2d17	auipc	x26,0x71ea2	 x26=0xf1ea2fc8
       14175000	      1416	80000fd0	004b1a63	bne	x22,x4,80000fe4	 x22:0x00000000  x4:0x000005ed
       14185000	      1417	00000000	00000013	addi	x0,x0,0	  x0:0x00000000
       14195000	      1418	80000fe0	00000013	addi	x0,x0,0	  x0:0x00000000
       14205000	      1419	80000fe4	fd048493	addi	x9,x9,-48	  x9:0x80009f84  x9=0x80009f54
       14215000	      1420	80000fe8	401805b3	sub	x11,x16,x1	 x16:0x00000556  x1:0x80000000 x11=0x80000556
       14225000	      1421	80000fec	4080dfb3	sra	x31,x1,x8	  x1:0x80000000  x8:0x00000001 x31=0xc0000000
       14235000	      1422	80000ff0	0064a223	sw	x6,4(x9)	  x9:0x80009f54  x6:0x80000d80 PA:0x80009f58
       14245000	      1423	80000ff4	e8443c93	sltiu	x25,x8,-380	  x8:0x00000001 x25=0x00000001
       14255000	      1424	80000ff8	007c36b3	sltu	x13,x24,x7	 x24:0x00000016  x7:0xffffff49 x13=0x00000001
       14265000	      1425	80000ffc	00007117	auipc	x2,0x7	  x2=0x80007ff8
       14275000	      1426	80001000	4a510113	addi	x2,x2,1189	  x2:0x80007ff8  x2=0x8000849d
       14285000	      1427	80001004	fe310f23	sb	x3,-2(x2)	  x2:0x8000849d  x3:0xacf8f0b0 PA:0x8000849b
       14295000	      1428	80001008	fc610c03	lb	x24,-58(x2)	  x2:0x8000849d x24=0x00000018 PA:0x80008463
       14305000	      1429	8000100c	03715b83	lhu	x23,55(x2)	  x2:0x8000849d x23=0x00008e8f PA:0x800084d4
       14315000	      1430	80001010	01814d83	lbu	x27,24(x2)	  x2:0x8000849d x27=0x00000030 PA:0x800084b5
       14325000	      1431	80001014	01410c23	sb	x20,24(x2)	  x2:0x8000849d x20:0x00000056 PA:0x800084b5
       14335000	      1432	80001018	01cdd513	srli	x10,x27,0x1c	 x27:0x00000030 x10=0x00000000
       14345000	      1433	8000101c	41c0dd33	sra	x26,x1,x28	  x1:0x80000000 x28:0x1e290d64 x26=0xf8000000
       14355000	      1434	80001020	fcb102a3	sb	x11,-59(x2)	  x2:0x8000849d x11:0x80000556 PA:0x80008462
       14365000	      1435	80001024	00000013	addi	x0,x0,0	  x0:0x00000000
       14375000	      1436	80001028	fc515d83	lhu	x27,-59(x2)	  x2:0x8000849d x27=0x00001856 PA:0x80008462
       14385000	      1437	8000102c	fd312d83	lw	x27,-45(x2)	  x2:0x8000849d x27=0x28292a2b PA:0x80008470
       14395000	      1438	80001030	02c10003	lb	x0,44(x2)	  x2:0x8000849d PA:0x800084c9
       14405000	      1439	80001034	02c10003	lb	x0,44(x2)	  x2:0x8000849d PA:0x800084c9
       14415000	      1440	80001038	03a14a83	lbu	x21,58(x2)	  x2:0x8000849d x21=0x0000008c PA:0x800084d7
       14425000	      1441	8000103c	03a14703	lbu	x14,58(x2)	  x2:0x8000849d x14=0x0000008c PA:0x800084d7
       14435000	      1442	80001040	03a10003	lb	x0,58(x2)	  x2:0x8000849d PA:0x800084d7
       14445000	      1443	80001044	00e10803	lb	x16,14(x2)	  x2:0x8000849d x16=0x00000060 PA:0x800084ab
       14455000	      1444	80001048	00e10b03	lb	x22,14(x2)	  x2:0x8000849d x22=0x00000060 PA:0x800084ab
       14465000	      1445	8000104c	fff12183	lw	x3,-1(x2)	  x2:0x8000849d  x3=0x54555657 PA:0x8000849c
       14475000	      1446	80001050	00007517	auipc	x10,0x7	 x10=0x8000804c
       14485000	      1447	80001054	46850513	addi	x10,x10,1128	 x10:0x8000804c x10=0x800084b4
       14495000	      1448	80001058	00007397	auipc	x7,0x7	  x7=0x80008054
       14505000	      1449	8000105c	26438393	addi	x7,x7,612	  x7:0x80008054  x7=0x800082b8
       14515000	      1450	80001060	00007597	auipc	x11,0x7	 x11=0x8000805c
       14525000	      1451	80001064	6c858593	addi	x11,x11,1736	 x11:0x8000805c x11=0x80008724
       14535000	      1452	80001068	00007717	auipc	x14,0x7	 x14=0x80008064
       14545000	      1453	8000106c	36270713	addi	x14,x14,866	 x14:0x80008064 x14=0x800083c6
       14555000	      1454	80001070	2e538283	lb	x5,741(x7)	  x7:0x800082b8  x5=0x00000056 PA:0x8000859d
       14565000	      1455	80001074	00007f17	auipc	x30,0x7	 x30=0x80008070
       14575000	      1456	80001078	022f0f13	addi	x30,x30,34	 x30:0x80008070 x30=0x80008092
       14585000	      1457	8000107c	e9c58f23	sb	x28,-354(x11)	 x11:0x80008724 x28:0x1e290d64 PA:0x800085c2
       14595000	      1458	80001080	ff770b83	lb	x23,-9(x14)	 x14:0x800083c6 x23=0x00000076 PA:0x800083bd
       14605000	      1459	80001084	fd154103	lbu	x2,-47(x10)	 x10:0x800084b4  x2=0x0000003e PA:0x80008485
       14615000	      1460	80001088	c9f58c83	lb	x25,-865(x11)	 x11:0x80008724 x25=0x00000078 PA:0x800083c3
       14625000	      1461	8000108c	4f238f83	lb	x31,1266(x7)	  x7:0x800082b8 x31=0x00000061 PA:0x800087aa
       14635000	      1462	80001090	00f500a3	sb	x15,1(x10)	 x10:0x800084b4 x15:0x4fe20000 PA:0x800084b5
       14645000	      1463	80001094	65af1803	lh	x16,1626(x30)	 x30:0x80008092 x16=0xffffa6a7 PA:0x800086ec
       14655000	      1464	80001098	00671983	lh	x19,6(x14)	 x14:0x800083c6 x19=0xffff8687 PA:0x800083cc
       14665000	      1465	8000109c	6d6f4183	lbu	x3,1750(x30)	 x30:0x80008092  x3=0x00000023 PA:0x80008768
       14675000	      1466	800010a0	ff370c83	lb	x25,-13(x14)	 x14:0x800083c6 x25=0x00000072 PA:0x800083b9
       14685000	      1467	800010a4	178f5283	lhu	x5,376(x30)	 x30:0x80008092  x5=0x0000c0c1 PA:0x8000820a
       14695000	      1468	800010a8	00f52c23	sw	x15,24(x10)	 x10:0x800084b4 x15:0x4fe20000 PA:0x800084cc
       14705000	      1469	800010ac	a6a5da03	lhu	x20,-1430(x11)	 x11:0x80008724 x20=0x00004445 PA:0x8000818e
       14715000	      1470	800010b0	ff054c83	lbu	x25,-16(x10)	 x10:0x800084b4 x25=0x0000005f PA:0x800084a4
       14725000	      1471	800010b4	32538023	sb	x5,800(x7)	  x7:0x800082b8  x5:0x0000c0c1 PA:0x800085d8
       14735000	      1472	800010b8	ce35c203	lbu	x4,-797(x11)	 x11:0x80008724  x4=0x000000bc PA:0x80008407
       14745000	      1473	800010bc	642f5f83	lhu	x31,1602(x30)	 x30:0x80008092 x31=0x00008e8f PA:0x800086d4
       14755000	      1474	800010c0	32df4a83	lbu	x21,813(x30)	 x30:0x80008092 x21=0x00000074 PA:0x800083bf
       14765000	      1475	800010c4	ff070aa3	sb	x16,-11(x14)	 x14:0x800083c6 x16:0xffffa6a7 PA:0x800083bb
       14775000	      1476	800010c8	00c75d03	lhu	x26,12(x14)	 x14:0x800083c6 x26=0x00000000 PA:0x800083d2
       14785000	      1477	800010cc	e04581a3	sb	x4,-509(x11)	 x11:0x80008724  x4:0x000000bc PA:0x80008527
       14795000	      1478	800010d0	03250c83	lb	x25,50(x10)	 x10:0x800084b4 x25=0xffffff9d PA:0x800084e6
       14805000	      1479	800010d4	3cff06a3	sb	x15,973(x30)	 x30:0x80008092 x15:0x4fe20000 PA:0x8000845f
       14815000	      1480	800010d8	fd450d83	lb	x27,-44(x10)	 x10:0x800084b4 x27=0x00000043 PA:0x80008488
       14825000	      1481	800010dc	008702a3	sb	x8,5(x14)	 x14:0x800083c6  x8:0x00000001 PA:0x800083cb
       14835000	      1482	800010e0	00054303	lbu	x6,0(x10)	 x10:0x800084b4  x6=0x0000006f PA:0x800084b4
       14845000	      1483	800010e4	137f0983	lb	x19,311(x30)	 x30:0x80008092 x19=0xffffffc2 PA:0x800081c9
       14855000	      1484	800010e8	36638803	lb	x16,870(x7)	  x7:0x800082b8 x16=0xffffffd5 PA:0x8000861e
       14865000	      1485	00000000	00000013	addi	x0,x0,0	  x0:0x00000000
       14875000	      1486	800010ec	fd050723	sb	x16,-50(x10)	 x10:0x800084b4 x16:0xffffffd5 PA:0x80008482
       14885000	      1487	800010f0	fcbf09a3	sb	x11,-45(x30)	 x30:0x80008092 x11:0x80008724 PA:0x80008065
       14895000	      1488	800010f4	103f0883	lb	x17,259(x30)	 x30:0x80008092 x17=0x0000004e PA:0x80008195
       14905000	      1489	800010f8	fd839403	lh	x8,-40(x7)	  x7:0x800082b8  x8=0x00004a4b PA:0x80008290
       14915000	      1490	800010fc	01850da3	sb	x24,27(x10)	 x10:0x800084b4 x24:0x00000018 PA:0x800084cf
       14925000	      1491	80001100	03a50003	lb	x0,58(x10)	 x10:0x800084b4 PA:0x800084ee
       14935000	      1492	80001104	e3e59003	lh	x0,-450(x11)	 x11:0x80008724 PA:0x80008562
       14945000	      1493	80001108	986580a3	sb	x6,-1663(x11)	 x11:0x80008724  x6:0x0000006f PA:0x800080a5
       14955000	      1494	8000110c	00007317	auipc	x6,0x7	  x6=0x80008108
       14965000	      1495	80001110	0cf30313	addi	x6,x6,207	  x6:0x80008108  x6=0x800081d7
       14975000	      1496	80001114	00007f17	auipc	x30,0x7	 x30=0x80008110
       14985000	      1497	80001118	688f0f13	addi	x30,x30,1672	 x30:0x80008110 x30=0x80008798
       14995000	      1498	8000111c	f61f04a3	sb	x1,-151(x30)	 x30:0x80008798  x1:0x80000000 PA:0x80008701
       15005000	      1499	80001120	00007d97	auipc	x27,0x7	 x27=0x8000811c
       15015000	      1500	80001124	300d8d93	addi	x27,x27,768	 x27:0x8000811c x27=0x8000841c
       15025000	      1501	80001128	00f30283	lb	x5,15(x6)	  x6:0x800081d7  x5=0xffffff9d PA:0x800081e6
       15035000	      1502	8000112c	f16f1a03	lh	x20,-234(x30)	 x30:0x80008798 x20=0x00006465 PA:0x800086ae
       15045000	      1503	80001130	00007b97	auipc	x23,0x7	 x23=0x8000812c
       15055000	      1504	80001134	065b8b93	addi	x23,x23,101	 x23:0x8000812c x23=0x80008191
       15065000	      1505	80001138	f0fb9e03	lh	x28,-241(x23)	 x23:0x80008191 x28=0x00005a5b PA:0x800080a0
       15075000	      1506	8000113c	e16d9003	lh	x0,-490(x27)	 x27:0x8000841c PA:0x80008232
       15085000	      1507	80001140	fd2f03a3	sb	x18,-57(x30)	 x30:0x80008798 x18:0x80009fc4 PA:0x8000875f
       15095000	      1508	80001144	f04b8003	lb	x0,-252(x23)	 x23:0x80008191 PA:0x80008095
       15105000	      1509	80001148	057f0283	lb	x5,87(x30)	 x30:0x80008798  x5=0xffffffa4 PA:0x800087ef
       15115000	      1510	8000114c	fe4b8d03	lb	x26,-28(x23)	 x23:0x80008191 x26=0x0000002e PA:0x80008175
       15125000	      1511	80001150	f93f1723	sh	x19,-114(x30)	 x30:0x80008798 x19:0xffffffc2 PA:0x80008726
       15135000	      1512	80001154	001311a3	sh	x1,3(x6)	  x6:0x800081d7  x1:0x80000000 PA:0x800081da
       15145000	      1513	80001158	db9dc503	lbu	x10,-583(x27)	 x27:0x8000841c x10=0x0000008e PA:0x800081d5
       15155000	      1514	8000115c	ffe30a83	lb	x21,-2(x6)	  x6:0x800081d7 x21=0xffffff8e PA:0x800081d5
       15165000	      1515	80001160	ffe30d03	lb	x26,-2(x6)	  x6:0x800081d7 x26=0xffffff8e PA:0x800081d5
       15175000	      1516	80001164	ff2f0a03	lb	x20,-14(x30)	 x30:0x80008798 x20=0x00000041 PA:0x8000878a
       15185000	      1517	80001168	109dc403	lbu	x8,265(x27)	 x27:0x8000841c  x8=0x000000de PA:0x80008525
       15195000	      1518	8000116c	0dabafa3	sw	x26,223(x23)	 x23:0x80008191 x26:0xffffff8e PA:0x80008270
       15205000	      1519	80001170	f6bf4a03	lbu	x20,-149(x30)	 x30:0x80008798 x20=0x000000b8 PA:0x80008703
       15215000	      1520	80001174	f97b8983	lb	x19,-105(x23)	 x23:0x80008191 x19=0xffffffe3 PA:0x80008128
       15225000	      1521	00000000	00000013	addi	x0,x0,0	  x0:0x00000000
       15235000	      1522	80001178	053b8b23	sb	x19,86(x23)	 x23:0x80008191 x19:0xffffffe3 PA:0x800081e7
       15245000	      1523	8000117c	d23dce03	lbu	x28,-733(x27)	 x27:0x8000841c x28=0x000000f4 PA:0x8000813f
       15255000	      1524	80001180	cdad9e23	sh	x26,-804(x27)	 x27:0x8000841c x26:0xffffff8e PA:0x800080f8
       15265000	      1525	80001184	f17f4803	lbu	x16,-233(x30)	 x30:0x80008798 x16=0x00000064 PA:0x800086af
       15275000	      1526	80001188	00630583	lb	x11,6(x6)	  x6:0x800081d7 x11=0xffffff96 PA:0x800081dd
       15285000	      1527	8000118c	ff730183	lb	x3,-9(x6)	  x6:0x800081d7  x3=0xffffff85 PA:0x800081ce
       15295000	      1528	80001190	012f0fa3	sb	x18,31(x30)	 x30:0x80008798 x18:0x80009fc4 PA:0x800087b7
       15305000	      1529	80001194	fbbbd283	lhu	x5,-69(x23)	 x23:0x80008191  x5=0x00000607 PA:0x8000814c
       15315000	      1530	80001198	00008117	auipc	x2,0x8	  x2=0x80009194
       15325000	      1531	8000119c	df810113	addi	x2,x2,-520	  x2:0x80009194  x2=0x80008f8c
       15335000	      1532	800011a0	f228b017	auipc	x0,0xf228b	
       15345000	      1533	800011a4	0156ceb3	xor	x29,x13,x21	 x13:0x00000001 x21:0xffffff8e x29=0xffffff8f
       15355000	      1534	800011a8	0090ef33	or	x30,x1,x9	  x1:0x80000000  x9:0x80009f54 x30=0x80009f54
       15365000	      1535	800011ac	a66e8c37	lui	x24,0xa66e8	 x24=0xa66e8000
       15375000	      1536	800011b0	405bde93	srai	x29,x23,0x5	 x23:0x80008191 x29=0xfc00040c
       15385000	      1537	800011b4	9c324c97	auipc	x25,0x9c324	 x25=0x1c3251b0
       15395000	      1538	800011b8	ff20ee93	ori	x29,x1,-14	  x1:0x80000000 x29=0xfffffff2
       15405000	      1539	800011bc	0fb2c217	auipc	x4,0xfb2c	  x4=0x8fb2d1b8
       15415000	      1540	800011c0	c7b14c83	lbu	x25,-901(x2)	  x2:0x80008f8c x25=0x000000ec PA:0x80008c07
       15425000	      1541	00000000	00000013	addi	x0,x0,0	  x0:0x00000000
       15435000	      1542	800011c4	6d936893	ori	x17,x6,1753	  x6:0x800081d7 x17=0x800087df
       15445000	      1543	800011c8	f7211183	lh	x3,-142(x2)	  x2:0x80008f8c  x3=0xffffe4e5 PA:0x80008efe
       15455000	      1544	800011cc	4af7ed37	lui	x26,0x4af7e	 x26=0x4af7e000
       15465000	      1545	800011d0	401e8233	sub	x4,x29,x1	 x29:0xfffffff2  x1:0x80000000  x4=0x7ffffff2
       15475000	      1546	800011d4	d0810183	lb	x3,-760(x2)	  x2:0x80008f8c  x3=0x0000007f PA:0x80008c94
       15485000	      1547	800011d8	41dd5e13	srai	x28,x26,0x1d	 x26:0x4af7e000 x28=0x00000002
       15495000	      1548	800011dc	41610a33	sub	x20,x2,x22	  x2:0x80008f8c x22:0x00000060 x20=0x80008f2c
       15505000	      1549	800011e0	b6e10723	sb	x14,-1170(x2)	  x2:0x80008f8c x14:0x800083c6 PA:0x80008afa
       15515000	      1550	800011e4	e7110c03	lb	x24,-399(x2)	  x2:0x80008f8c x24=0xffffffe6 PA:0x80008dfd
       15525000	      1551	800011e8	016ab3b3	sltu	x7,x21,x22	 x21:0xffffff8e x22:0x00000060  x7=0x00000000
       15535000	      1552	800011ec	db786713	ori	x14,x16,-585	 x16:0x00000064 x14=0xfffffdf7
       15545000	      1553	800011f0	6d088713	addi	x14,x17,1744	 x17:0x800087df x14=0x80008eaf
       15555000	      1554	800011f4	b25105a3	sb	x5,-1237(x2)	  x2:0x80008f8c  x5:0x00000607 PA:0x80008ab7
       15565000	      1555	800011f8	6dec3713	sltiu	x14,x24,1758	 x24:0xffffffe6 x14=0x00000000
       15575000	      1556	800011fc	dce10ea3	sb	x14,-547(x2)	  x2:0x80008f8c x14:0x00000000 PA:0x80008d69
       15585000	      1557	80001200	a2914383	lbu	x7,-1495(x2)	  x2:0x80008f8c  x7=0x0000009e PA:0x800089b5
       15595000	      1558	80001204	bfa14d03	lbu	x26,-1030(x2)	  x2:0x80008f8c x26=0x0000006d PA:0x80008b86
       15605000	      1559	80001208	da41fcb7	lui	x25,0xda41f	 x25=0xda41f000
       15615000	      1560	8000120c	c39fa817	auipc	x16,0xc39fa	 x16=0x439fb208
       15625000	      1561	80001210	be114f03	lbu	x30,-1055(x2)	  x2:0x80008f8c x30=0x00000056 PA:0x80008b6d
       15635000	      1562	80001214	017d33b3	sltu	x7,x26,x23	 x26:0x0000006d x23:0x80008191  x7=0x00000001
       15645000	      1563	80001218	2a02cb93	xori	x23,x5,672	  x5:0x00000607 x23=0x000004a7
       15655000	      1564	8000121c	bec14d03	lbu	x26,-1044(x2)	  x2:0x80008f8c x26=0x00000063 PA:0x80008b78
       15665000	      1565	80001220	b5714303	lbu	x6,-1193(x2)	  x2:0x80008f8c  x6=0x000000c8 PA:0x80008ae3
       15675000	      1566	80001224	016886b3	add	x13,x17,x22	 x17:0x800087df x22:0x00000060 x13=0x8000883f
       15685000	      1567	80001228	00000013	addi	x0,x0,0	  x0:0x00000000
       15695000	      1568	8000122c	d5211e83	lh	x29,-686(x2)	  x2:0x80008f8c x29=0xffffc4c5 PA:0x80008cde
       15705000	      1569	80001230	ede48e13	addi	x28,x9,-290	  x9:0x80009f54 x28=0x80009e32
       15715000	      1570	80001234	90415183	lhu	x3,-1788(x2)	  x2:0x80008f8c  x3=0x00007a7b PA:0x80008890
       15725000	      1571	80001238	85689b97	auipc	x23,0x85689	 x23=0x0568a234
       15735000	      1572	8000123c	9f612823	sw	x22,-1552(x2)	  x2:0x80008f8c x22:0x00000060 PA:0x8000897c
       15745000	      1573	80001240	de63aa13	slti	x20,x7,-538	  x7:0x00000001 x20=0x00000000
       15755000	      1574	80001244	96e27193	andi	x3,x4,-1682	  x4:0x7ffffff2  x3=0x7ffff962
       15765000	      1575	80001248	40030db3	sub	x27,x6,x0	  x6:0x000000c8  x0:0x00000000 x27=0x000000c8
       15775000	      1576	8000124c	cc514283	lbu	x5,-827(x2)	  x2:0x80008f8c  x5=0x0000003a PA:0x80008c51
       15785000	      1577	80001250	00008117	auipc	x2,0x8	  x2=0x8000924c
       15795000	      1578	80001254	86810113	addi	x2,x2,-1944	  x2:0x8000924c  x2=0x80008ab4
       15805000	      1579	80001258	02310e03	lb	x28,35(x2)	  x2:0x80008ab4 x28=0xffffffbc PA:0x80008ad7
       15815000	      1580	8000125c	fd611503	lh	x10,-42(x2)	  x2:0x80008ab4 x10=0x00007071 PA:0x80008a8a
       15825000	      1581	80001260	fc310aa3	sb	x3,-43(x2)	  x2:0x80008ab4  x3:0x7ffff962 PA:0x80008a89
       15835000	      1582	80001264	fc310aa3	sb	x3,-43(x2)	  x2:0x80008ab4  x3:0x7ffff962 PA:0x80008a89
       15845000	      1583	80001268	ff610c23	sb	x22,-8(x2)	  x2:0x80008ab4 x22:0x00000060 PA:0x80008aac
       15855000	      1584	8000126c	fed12c23	sw	x13,-8(x2)	  x2:0x80008ab4 x13:0x8000883f PA:0x80008aac
       15865000	      1585	80001270	00000013	addi	x0,x0,0	  x0:0x00000000
       15875000	      1586	80001274	40265cb3	sra	x25,x12,x2	 x12:0x7ffffca1  x2:0x80008ab4 x25=0x000007ff
       15885000	      1587	80001278	fda14183	lbu	x3,-38(x2)	  x2:0x80008ab4  x3=0x00000075 PA:0x80008a8e
       15895000	      1588	8000127c	fe910da3	sb	x9,-5(x2)	  x2:0x80008ab4  x9:0x80009f54 PA:0x80008aaf
       15905000	      1589	80001280	03f10b23	sb	x31,54(x2)	  x2:0x80008ab4 x31:0x00008e8f PA:0x80008aea
       15915000	      1590	80001284	02410d83	lb	x27,36(x2)	  x2:0x80008ab4 x27=0xffffffbc PA:0x80008ad8
       15925000	      1591	80001288	02414e83	lbu	x29,36(x2)	  x2:0x80008ab4 x29=0x000000bc PA:0x80008ad8
       15935000	      1592	8000128c	03c10223	sb	x28,36(x2)	  x2:0x80008ab4 x28:0xffffffbc PA:0x80008ad8
       15945000	      1593	80001290	02411b03	lh	x22,36(x2)	  x2:0x80008ab4 x22=0xffffc2bc PA:0x80008ad8
       15955000	      1594	80001294	fd811323	sh	x24,-58(x2)	  x2:0x80008ab4 x24:0xffffffe6 PA:0x80008a7a
       15965000	      1595	80001298	fcf14f03	lbu	x30,-49(x2)	  x2:0x80008ab4 x30=0x00000068 PA:0x80008a83
       15975000	      1596	8000129c	fe611503	lh	x10,-26(x2)	  x2:0x80008ab4 x10=0xffff8081 PA:0x80008a9a
       15985000	      1597	800012a0	fe614e03	lbu	x28,-26(x2)	  x2:0x80008ab4 x28=0x00000081 PA:0x80008a9a
       15995000	      1598	800012a4	fe514283	lbu	x5,-27(x2)	  x2:0x80008ab4  x5=0x00000082 PA:0x80008a99
       16005000	      1599	800012a8	00000013	addi	x0,x0,0	  x0:0x00000000
       16015000	      1600	800012ac	fee10ea3	sb	x14,-3(x2)	  x2:0x80008ab4 x14:0x00000000 PA:0x80008ab1
       16025000	      1601	800012b0	00007817	auipc	x16,0x7	 x16=0x800082ac
       16035000	      1602	800012b4	f7080813	addi	x16,x16,-144	 x16:0x800082ac x16=0x8000821c
       16045000	      1603	800012b8	0cb84b83	lbu	x23,203(x16)	 x16:0x8000821c x23=0x0000009c PA:0x800082e7
       16055000	      1604	800012bc	fbb84e03	lbu	x28,-69(x16)	 x16:0x8000821c x28=0x0000008c PA:0x800081d7
       16065000	      1605	800012c0	fef84f83	lbu	x31,-17(x16)	 x16:0x8000821c x31=0x000000c0 PA:0x8000820b
       16075000	      1606	800012c4	409c8bb3	sub	x23,x25,x9	 x25:0x000007ff  x9:0x80009f54 x23=0x7fff68ab
       16085000	      1607	800012c8	f3181223	sh	x17,-220(x16)	 x16:0x8000821c x17:0x800087df PA:0x80008140
       16095000	      1608	800012cc	f1680ba3	sb	x22,-233(x16)	 x16:0x8000821c x22:0xffffc2bc PA:0x80008133
       16105000	      1609	800012d0	10a5a393	slti	x7,x11,266	 x11:0xffffff96  x7=0x00000001
       16115000	      1610	800012d4	7b40a313	slti	x6,x1,1972	  x1:0x80000000  x6=0x00000001
       16125000	      1611	800012d8	f4681003	lh	x0,-186(x16)	 x16:0x8000821c PA:0x80008162
       16135000	      1612	800012dc	f44805a3	sb	x4,-181(x16)	 x16:0x8000821c  x4:0x7ffffff2 PA:0x80008167
       16145000	      1613	800012e0	f9780003	lb	x0,-105(x16)	 x16:0x8000821c PA:0x800081b3
       16155000	      1614	800012e4	02580923	sb	x5,50(x16)	 x16:0x8000821c  x5:0x00000082 PA:0x8000824e
       16165000	      1615	800012e8	07584e83	lbu	x29,117(x16)	 x16:0x8000821c x29=0x0000004a PA:0x80008291
       16175000	      1616	800012ec	ffc82a03	lw	x20,-4(x16)	 x16:0x8000821c x20=0xd0d1d2d3 PA:0x80008218
       16185000	      1617	800012f0	00000013	addi	x0,x0,0	  x0:0x00000000
       16195000	      1618	800012f4	0d584783	lbu	x15,213(x16)	 x16:0x8000821c x15=0x000000aa PA:0x800082f1
       16205000	      1619	800012f8	530af693	andi	x13,x21,1328	 x21:0xffffff8e x13=0x00000500
       16215000	      1620	800012fc	015a2cb3	slt	x25,x20,x21	 x20:0xd0d1d2d3 x21:0xffffff8e x25=0x00000001
       16225000	      1621	80001300	0ee81e23	sh	x14,252(x16)	 x16:0x8000821c x14:0x00000000 PA:0x80008318
       16235000	      1622	80001304	00c3f733	and	x14,x7,x12	  x7:0x00000001 x12:0x7ffffca1 x14=0x00000001
       16245000	      1623	80001308	00000013	addi	x0,x0,0	  x0:0x00000000
       16255000	      1624	8000130c	389cdfb7	lui	x31,0x389cd	 x31=0x389cd000
       16265000	      1625	80001310	0ef81c23	sh	x15,248(x16)	 x16:0x8000821c x15:0x000000aa PA:0x80008314
       16275000	      1626	80001314	00e65a33	srl	x20,x12,x14	 x12:0x7ffffca1 x14:0x00000001 x20=0x3ffffe50
       16285000	      1627	80001318	01235413	srli	x8,x6,0x12	  x6:0x00000001  x8=0x00000000
       16295000	      1628	8000131c	fbe80c03	lb	x24,-66(x16)	 x16:0x8000821c x24=0x00000000 PA:0x800081da
       16305000	      1629	80001320	0128f333	and	x6,x17,x18	 x17:0x800087df x18:0x80009fc4  x6=0x800087c4
       16315000	      1630	80001324	01dcde13	srli	x28,x25,0x1d	 x25:0x00000001 x28=0x00000000
       16325000	      1631	80001328	51a5ae93	slti	x29,x11,1306	 x11:0xffffff96 x29=0x00000001
       16335000	      1632	8000132c	00a80aa3	sb	x10,21(x16)	 x16:0x8000821c x10:0xffff8081 PA:0x80008231
       16345000	      1633	80001330	0018e6b3	or	x13,x17,x1	 x17:0x800087df  x1:0x80000000 x13=0x800087df
       16355000	      1634	80001334	fb682623	sw	x22,-84(x16)	 x16:0x8000821c x22:0xffffc2bc PA:0x800081c8
       16365000	      1635	80001338	04284703	lbu	x14,66(x16)	 x16:0x8000821c x14=0x00000015 PA:0x8000825e
       16375000	      1636	8000133c	fb085f03	lhu	x30,-80(x16)	 x16:0x8000821c x30=0x00008687 PA:0x800081cc
       16385000	      1637	80001340	fe482703	lw	x14,-28(x16)	 x16:0x8000821c x14=0xb8b9babb PA:0x80008200
       16395000	      1638	80001344	f4b80823	sb	x11,-176(x16)	 x16:0x8000821c x11:0xffffff96 PA:0x8000816c
       16405000	      1639	80001348	f9181f23	sh	x17,-98(x16)	 x16:0x8000821c x17:0x800087df PA:0x800081ba
       16415000	      1640	8000134c	405b59b3	sra	x19,x22,x5	 x22:0xffffc2bc  x5:0x00000082 x19=0xfffff0af
       16425000	      1641	80001350	01205993	srli	x19,x0,0x12	  x0:0x00000000 x19=0x00000000
       16435000	      1642	80001354	0ea84593	xori	x11,x16,234	 x16:0x8000821c x11=0x800082f6
       16445000	      1643	80001358	00515eb3	srl	x29,x2,x5	  x2:0x80008ab4  x5:0x00000082 x29=0x200022ad
       16455000	      1644	8000135c	35177b13	andi	x22,x14,849	 x14:0xb8b9babb x22=0x00000211
       16465000	      1645	80001360	00df2eb3	slt	x29,x30,x13	 x30:0x00008687 x13:0x800087df x29=0x00000000
       16475000	      1646	80001364	412d8733	sub	x14,x27,x18	 x27:0xffffffbc x18:0x80009fc4 x14=0x7fff5ff8
       16485000	      1647	80001368	59a24193	xori	x3,x4,1434	  x4:0x7ffffff2  x3=0x7ffffa68
       16495000	      1648	8000136c	009f3f33	sltu	x30,x30,x9	 x30:0x00008687  x9:0x80009f54 x30=0x00000001
       16505000	      1649	80001370	0168f663	bgeu	x17,x22,8000137c	 x17:0x800087df x22:0x00000211
       16515000	      1650	00000000	00000013	addi	x0,x0,0	  x0:0x00000000
       16525000	      1651	80001378	00000013	addi	x0,x0,0	  x0:0x00000000
       16535000	      1652	8000137c	01b263b3	or	x7,x4,x27	  x4:0x7ffffff2 x27:0xffffffbc  x7=0xfffffffe
       16545000	      1653	80001380	019a75b3	and	x11,x20,x25	 x20:0x3ffffe50 x25:0x00000001 x11=0x00000000
       16555000	      1654	80001384	00cdbe33	sltu	x28,x27,x12	 x27:0xffffffbc x12:0x7ffffca1 x28=0x00000000
       16565000	      1655	80001388	36b74c13	xori	x24,x14,875	 x14:0x7fff5ff8 x24=0x7fff5c93
       16575000	      1656	8000138c	01b6e6b3	or	x13,x13,x27	 x13:0x800087df x27:0xffffffbc x13=0xffffffff
       16585000	      1657	80001390	010807b3	add	x15,x16,x16	 x16:0x8000821c x16:0x8000821c x15=0x00010438
       16595000	      1658	80001394	01e4a533	slt	x10,x9,x30	  x9:0x80009f54 x30:0x00000001 x10=0x00000001
       16605000	      1659	80001398	ff2b7413	andi	x8,x22,-14	 x22:0x00000211  x8=0x00000210
       16615000	      1660	8000139c	03d0d863	bge	x1,x29,800013cc	  x1:0x80000000 x29:0x00000000
       16625000	      1661	800013a0	413b57b3	sra	x15,x22,x19	 x22:0x00000211 x19:0x00000000 x15=0x00000211
       16635000	      1662	800013a4	d3538817	auipc	x16,0xd3538	 x16=0x535393a0
       16645000	      1663	800013a8	6008ce97	auipc	x29,0x6008c	 x29=0xe008d3a4
       16655000	      1664	800013ac	73a30a93	addi	x21,x6,1850	  x6:0x800087c4 x21=0x80008efe
       16665000	      1665	800013b0	0005d393	srli	x7,x11,0x0	 x11:0x00000000  x7=0x00000000
       16675000	      1666	800013b4	3f5e8f13	addi	x30,x29,1013	 x29:0xe008d3a4 x30=0xe008d799
       16685000	      1667	800013b8	01010a33	add	x20,x2,x16	  x2:0x80008ab4 x16:0x535393a0 x20=0xd3541e54
       16695000	      1668	800013bc	00000013	addi	x0,x0,0	  x0:0x00000000
       16705000	      1669	800013c0	0110d733	srl	x14,x1,x17	  x1:0x80000000 x17:0x800087df x14=0x00000001
       16715000	      1670	800013c4	008eca33	xor	x20,x29,x8	 x29:0xe008d3a4  x8:0x00000210 x20=0xe008d1b4
       16725000	      1671	800013c8	00fbdc13	srli	x24,x23,0xf	 x23:0x7fff68ab x24=0x0000fffe
       16735000	      1672	800013cc	05cd0863	beq	x26,x28,8000141c	 x26:0x00000063 x28:0x00000000
       16745000	      1673	800013d0	41a55893	srai	x17,x10,0x1a	 x10:0x00000001 x17=0x00000000
       16755000	      1674	800013d4	00366533	or	x10,x12,x3	 x12:0x7ffffca1  x3:0x7ffffa68 x10=0x7ffffee9
       16765000	      1675	800013d8	5affed13	ori	x26,x31,1455	 x31:0x389cd000 x26=0x389cd5af
       16775000	      1676	800013dc	01b64463	blt	x12,x27,800013e4	 x12:0x7ffffca1 x27:0xffffffbc
       16785000	      1677	800013e0	a793cc93	xori	x25,x7,-1415	  x7:0x00000000 x25=0xfffffa79
       16795000	      1678	800013e4	af2e6413	ori	x8,x28,-1294	 x28:0x00000000  x8=0xfffffaf2
       16805000	      1679	800013e8	f2ec6613	ori	x12,x24,-210	 x24:0x0000fffe x12=0xfffffffe
       16815000	      1680	800013ec	00ee8463	beq	x29,x14,800013f4	 x29:0xe008d3a4 x14:0x00000001
       16825000	      1681	800013f0	027a8863	beq	x21,x7,80001420	 x21:0x80008efe  x7:0x00000000
       16835000	      1682	800013f4	010925b3	slt	x11,x18,x16	 x18:0x80009fc4 x16:0x535393a0 x11=0x00000001
       16845000	      1683	800013f8	02e4c863	blt	x9,x14,80001428	  x9:0x80009f54 x14:0x00000001
       16855000	      1684	00000000	00000013	addi	x0,x0,0	  x0:0x00000000
       16865000	      1685	80001424	00000013	addi	x0,x0,0	  x0:0x00000000
       16875000	      1686	80001428	0558d863	bge	x17,x21,80001478	 x17:0x00000000 x21:0x80008efe
       16885000	      1687	00000000	00000013	addi	x0,x0,0	  x0:0x00000000
       16895000	      1688	80001474	00000013	addi	x0,x0,0	  x0:0x00000000
       16905000	      1689	80001478	0195d693	srli	x13,x11,0x19	 x11:0x00000001 x13=0x00000000
       16915000	      1690	8000147c	a8722213	slti	x4,x4,-1401	  x4:0x7ffffff2  x4=0x00000000
       16925000	      1691	80001480	00cd4893	xori	x17,x26,12	 x26:0x389cd5af x17=0x389cd5a3
       16935000	      1692	80001484	40fddcb3	sra	x25,x27,x15	 x27:0xffffffbc x15:0x00000211 x25=0xffffffff
       16945000	      1693	80001488	0119af33	slt	x30,x19,x17	 x19:0x00000000 x17:0x389cd5a3 x30=0x00000001
       16955000	      1694	8000148c	01e88a63	beq	x17,x30,800014a0	 x17:0x389cd5a3 x30:0x00000001
       16965000	      1695	80001490	2e62b193	sltiu	x3,x5,742	  x5:0x00000082  x3=0x00000001
       16975000	      1696	80001494	3d477317	auipc	x6,0x3d477	  x6=0xbd478490
       16985000	      1697	80001498	001ffcb3	and	x25,x31,x1	 x31:0x389cd000  x1:0x80000000 x25=0x00000000
       16995000	      1698	8000149c	01149a33	sll	x20,x9,x17	  x9:0x80009f54 x17:0x389cd5a3 x20=0x0004faa0
       17005000	      1699	800014a0	407b8cb3	sub	x25,x23,x7	 x23:0x7fff68ab  x7:0x00000000 x25=0x7fff68ab
       17015000	      1700	800014a4	0256f663	bgeu	x13,x5,800014d0	 x13:0x00000000  x5:0x00000082
       17025000	      1701	800014a8	01b45833	srl	x16,x8,x27	  x8:0xfffffaf2 x27:0xffffffbc x16=0x0000000f
       17035000	      1702	800014ac	7cb62b13	slti	x22,x12,1995	 x12:0xfffffffe x22=0x00000001
       17045000	      1703	800014b0	0079fa33	and	x20,x19,x7	 x19:0x00000000  x7:0x00000000 x20=0x00000000
       17055000	      1704	800014b4	0071de33	srl	x28,x3,x7	  x3:0x00000001  x7:0x00000000 x28=0x00000001
       17065000	      1705	800014b8	03b27c63	bgeu	x4,x27,800014f0	  x4:0x00000000 x27:0xffffffbc
       17075000	      1706	800014bc	0efd6993	ori	x19,x26,239	 x26:0x389cd5af x19=0x389cd5ef
       17085000	      1707	800014c0	01801a93	slli	x21,x0,0x18	  x0:0x00000000 x21=0x00000000
       17095000	      1708	800014c4	05b3e263	bltu	x7,x27,80001508	  x7:0x00000000 x27:0xffffffbc
       17105000	      1709	00000000	00000013	addi	x0,x0,0	  x0:0x00000000
       17115000	      1710	80001504	00000013	addi	x0,x0,0	  x0:0x00000000
       17125000	      1711	80001508	40508a33	sub	x20,x1,x5	  x1:0x80000000  x5:0x00000082 x20=0x7fffff7e
       17135000	      1712	8000150c	01b06a33	or	x20,x0,x27	  x0:0x00000000 x27:0xffffffbc x20=0xffffffbc
       17145000	      1713	80001510	b1012893	slti	x17,x2,-1264	  x2:0x80008ab4 x17=0x00000001
       17155000	      1714	80001514	01a646b3	xor	x13,x12,x26	 x12:0xfffffffe x26:0x389cd5af x13=0xc7632a51
       17165000	      1715	80001518	413281b3	sub	x3,x5,x19	  x5:0x00000082 x19:0x389cd5ef  x3=0xc7632a93
       17175000	      1716	8000151c	05d0f463	bgeu	x1,x29,80001564	  x1:0x80000000 x29:0xe008d3a4
       17185000	      1717	80001520	3f0a2293	slti	x5,x20,1008	 x20:0xffffffbc  x5=0x00000001
       17195000	      1718	80001524	00624db3	xor	x27,x4,x6	  x4:0x00000000  x6:0xbd478490 x27=0xbd478490
       17205000	      1719	80001528	190d8393	addi	x7,x27,400	 x27:0xbd478490  x7=0xbd478620
       17215000	      1720	8000152c	41a70633	sub	x12,x14,x26	 x14:0x00000001 x26:0x389cd5af x12=0xc7632a52
       17225000	      1721	80001530	013dda63	bge	x27,x19,80001544	 x27:0xbd478490 x19:0x389cd5ef
       17235000	      1722	80001534	00d55993	srli	x19,x10,0xd	 x10:0x7ffffee9 x19=0x0003ffff
       17245000	      1723	80001538	2f55e893	ori	x17,x11,757	 x11:0x00000001 x17=0x000002f5
       17255000	      1724	8000153c	00ee9e63	bne	x29,x14,80001558	 x29:0xe008d3a4 x14:0x00000001
       17265000	      1725	00000000	00000013	addi	x0,x0,0	  x0:0x00000000
       17275000	      1726	80001554	00000013	addi	x0,x0,0	  x0:0x00000000
       17285000	      1727	80001558	af1e2d97	auipc	x27,0xaf1e2	 x27=0x2f1e3554
       17295000	      1728	8000155c	c3526b17	auipc	x22,0xc3526	 x22=0x43527558
       17305000	      1729	80001560	00000013	addi	x0,x0,0	  x0:0x00000000
       17315000	      1730	80001564	f7c72813	slti	x16,x14,-132	 x14:0x00000001 x16=0x00000000
       17325000	      1731	80001568	01398cb3	add	x25,x19,x19	 x19:0x0003ffff x19:0x0003ffff x25=0x0007fffe
       17335000	      1732	8000156c	03084a63	blt	x16,x16,800015a0	 x16:0x00000000 x16:0x00000000
       17345000	      1733	80001570	05c6c263	blt	x13,x28,800015b4	 x13:0xc7632a51 x28:0x00000001
       17355000	      1734	00000000	00000013	addi	x0,x0,0	  x0:0x00000000
       17365000	      1735	800015b0	00000013	addi	x0,x0,0	  x0:0x00000000
       17375000	      1736	800015b4	02a1ca63	blt	x3,x10,800015e8	  x3:0xc7632a93 x10:0x7ffffee9
       17385000	      1737	00000000	00000013	addi	x0,x0,0	  x0:0x00000000
       17395000	      1738	800015e4	00000013	addi	x0,x0,0	  x0:0x00000000
       17405000	      1739	800015e8	01789013	slli	x0,x17,0x17	 x17:0x000002f5
       17415000	      1740	800015ec	00000f97	auipc	x31,0x0	 x31=0x800015e8
       17425000	      1741	800015f0	1f0f8f93	addi	x31,x31,496	 x31:0x800015e8 x31=0x800017d8
       17435000	      1742	800015f4	a7ebad13	slti	x26,x23,-1410	 x23:0x7fff68ab x26=0x00000000
       17445000	      1743	800015f8	0086aeb3	slt	x29,x13,x8	 x13:0xc7632a51  x8:0xfffffaf2 x29=0x00000001
       17455000	      1744	800015fc	0c887213	andi	x4,x16,200	 x16:0x00000000  x4=0x00000000
       17465000	      1745	80001600	00885c93	srli	x25,x16,0x8	 x16:0x00000000 x25=0x00000000
       17475000	      1746	80001604	01b18333	add	x6,x3,x27	  x3:0xc7632a93 x27:0x2f1e3554  x6=0xf6815fe7
       17485000	      1747	80001608	01ebdc33	srl	x24,x23,x30	 x23:0x7fff68ab x30:0x00000001 x24=0x3fffb455
       17495000	      1748	8000160c	184f8f93	addi	x31,x31,388	 x31:0x800017d8 x31=0x8000195c
       17505000	      1749	80001610	419601b3	sub	x3,x12,x25	 x12:0xc7632a52 x25:0x00000000  x3=0xc7632a52
       17515000	      1750	80001614	e2aca193	slti	x3,x25,-470	 x25:0x00000000  x3=0x00000000
       17525000	      1751	80001618	e7df8367	jalr	x6,x31,-387	 x31:0x8000195c  x6=0x80001618
       17535000	      1752	00000000	00000013	addi	x0,x0,0	  x0:0x00000000
       17545000	      1753	800017d8	00000013	addi	x0,x0,0	  x0:0x00000000
       17555000	      1754	800017dc	00c2cdb3	xor	x27,x5,x12	  x5:0x00000001 x12:0xc7632a52 x27=0xc7632a53
       17565000	      1755	800017e0	013e86b3	add	x13,x29,x19	 x29:0x00000001 x19:0x0003ffff x13=0x00040000
       17575000	      1756	800017e4	ff048493	addi	x9,x9,-16	  x9:0x80009f54  x9=0x80009f44
       17585000	      1757	800017e8	4fa1a597	auipc	x11,0x4fa1a	 x11=0xcfa1b7e4
       17595000	      1758	800017ec	017b2ab3	slt	x21,x22,x23	 x22:0x43527558 x23:0x7fff68ab x21=0x00000001
       17605000	      1759	800017f0	dec17f13	andi	x30,x2,-532	  x2:0x80008ab4 x30=0x800088a4
       17615000	      1760	800017f4	01a58d33	add	x26,x11,x26	 x11:0xcfa1b7e4 x26:0x00000000 x26=0xcfa1b7e4
       17625000	      1761	800017f8	0064a223	sw	x6,4(x9)	  x9:0x80009f44  x6:0x80001618 PA:0x80009f48
       17635000	      1762	800017fc	00e828b3	slt	x17,x16,x14	 x16:0x00000000 x14:0x00000001 x17=0x00000001
       17645000	      1763	80001800	00007a97	auipc	x21,0x7	 x21=0x800087fc
       17655000	      1764	80001804	eefa8a93	addi	x21,x21,-273	 x21:0x800087fc x21=0x800086eb
       17665000	      1765	80001808	01ba8823	sb	x27,16(x21)	 x21:0x800086eb x27:0xc7632a53 PA:0x800086fb
       17675000	      1766	8000180c	010a8583	lb	x11,16(x21)	 x21:0x800086eb x11=0x00000053 PA:0x800086fb
       17685000	      1767	80001810	11cdae93	slti	x29,x27,284	 x27:0xc7632a53 x29=0x00000001
       17695000	      1768	80001814	fffa8f23	sb	x31,-2(x21)	 x21:0x800086eb x31:0x8000195c PA:0x800086e9
       17705000	      1769	80001818	005a9283	lh	x5,5(x21)	 x21:0x800086eb  x5=0xffffaaab PA:0x800086f0
       17715000	      1770	8000181c	019bd293	srli	x5,x23,0x19	 x23:0x7fff68ab  x5=0x0000003f
       17725000	      1771	80001820	e78e6c17	auipc	x24,0xe78e6	 x24=0x678e781c
       17735000	      1772	80001824	ffea8823	sb	x30,-16(x21)	 x21:0x800086eb x30:0x800088a4 PA:0x800086db
       17745000	      1773	80001828	ff2a8823	sb	x18,-16(x21)	 x21:0x800086eb x18:0x80009fc4 PA:0x800086db
       17755000	      1774	8000182c	ffaa8e83	lb	x29,-6(x21)	 x21:0x800086eb x29=0xffffff9e PA:0x800086e5
       17765000	      1775	80001830	ffaa8203	lb	x4,-6(x21)	 x21:0x800086eb  x4=0xffffff9e PA:0x800086e5
       17775000	      1776	80001834	00000013	addi	x0,x0,0	  x0:0x00000000
       17785000	      1777	80001838	ffea88a3	sb	x30,-15(x21)	 x21:0x800086eb x30:0x800088a4 PA:0x800086dc
       17795000	      1778	8000183c	ff7ad403	lhu	x8,-9(x21)	 x21:0x800086eb  x8=0x0000005c PA:0x800086e2
       17805000	      1779	80001840	ff7a9803	lh	x16,-9(x21)	 x21:0x800086eb x16=0x0000005c PA:0x800086e2
       17815000	      1780	80001844	ffea8b03	lb	x22,-2(x21)	 x21:0x800086eb x22=0x0000005c PA:0x800086e9
       17825000	      1781	00000000	00000013	addi	x0,x0,0	  x0:0x00000000
       17835000	      1782	80001848	ff6a9ba3	sh	x22,-9(x21)	 x21:0x800086eb x22:0x0000005c PA:0x800086e2
       17845000	      1783	8000184c	00007397	auipc	x7,0x7	  x7=0x80008848
       17855000	      1784	80001850	55c38393	addi	x7,x7,1372	  x7:0x80008848  x7=0x80008da4
       17865000	      1785	80001854	fec3ca83	lbu	x21,-20(x7)	  x7:0x80008da4 x21=0x0000007b PA:0x80008d90
       17875000	      1786	80001858	0179dbb3	srl	x23,x19,x23	 x19:0x0003ffff x23:0x7fff68ab x23=0x0000007f
       17885000	      1787	8000185c	fd238ba3	sb	x18,-41(x7)	  x7:0x80008da4 x18:0x80009fc4 PA:0x80008d7b
       17895000	      1788	80001860	00f74033	xor	x0,x14,x15	 x14:0x00000001 x15:0x00000211
       17905000	      1789	80001864	00d29233	sll	x4,x5,x13	  x5:0x0000003f x13:0x00040000  x4=0x0000003f
       17915000	      1790	80001868	0343a603	lw	x12,52(x7)	  x7:0x80008da4 x12=0xc0c1c2c3 PA:0x80008dd8
       17925000	      1791	8000186c	016df6b3	and	x13,x27,x22	 x27:0xc7632a53 x22:0x0000005c x13=0x00000050
       17935000	      1792	80001870	fdf38ca3	sb	x31,-39(x7)	  x7:0x80008da4 x31:0x8000195c PA:0x80008d7d
       17945000	      1793	80001874	0253cb03	lbu	x22,37(x7)	  x7:0x80008da4 x22=0x000000b2 PA:0x80008dc9
       17955000	      1794	80001878	9cddbd13	sltiu	x26,x27,-1587	 x27:0xc7632a53 x26=0x00000001
       17965000	      1795	8000187c	0383c703	lbu	x14,56(x7)	  x7:0x80008da4 x14=0x000000c7 PA:0x80008ddc
       17975000	      1796	80001880	8779e693	ori	x13,x19,-1929	 x19:0x0003ffff x13=0xffffffff
       17985000	      1797	80001884	409f5f93	srai	x31,x30,0x9	 x30:0x800088a4 x31=0xffc00044
       17995000	      1798	80001888	ff63d703	lhu	x14,-10(x7)	  x7:0x80008da4 x14=0x00008081 PA:0x80008d9a
       18005000	      1799	8000188c	009257b3	srl	x15,x4,x9	  x4:0x0000003f  x9:0x80009f44 x15=0x00000003
       18015000	      1800	80001890	00b9cbb3	xor	x23,x19,x11	 x19:0x0003ffff x11:0x00000053 x23=0x0003ffac
       18025000	      1801	80001894	00d015b3	sll	x11,x0,x13	  x0:0x00000000 x13:0xffffffff x11=0x00000000
       18035000	      1802	80001898	e51b9297	auipc	x5,0xe51b9	  x5=0x651ba894
       18045000	      1803	8000189c	fd064793	xori	x15,x12,-48	 x12:0xc0c1c2c3 x15=0x3f3e3d13
       18055000	      1804	800018a0	015dc9b3	xor	x19,x27,x21	 x27:0xc7632a53 x21:0x0000007b x19=0xc7632a28
       18065000	      1805	800018a4	77343ab7	lui	x21,0x77343	 x21=0x77343000
       18075000	      1806	800018a8	00bcb233	sltu	x4,x25,x11	 x25:0x00000000 x11:0x00000000  x4=0x00000000
       18085000	      1807	800018ac	0293c983	lbu	x19,41(x7)	  x7:0x80008da4 x19=0x000000b6 PA:0x80008dcd
       18095000	      1808	800018b0	0194d313	srli	x6,x9,0x19	  x9:0x80009f44  x6=0x00000040
       18105000	      1809	800018b4	00c382a3	sb	x12,5(x7)	  x7:0x80008da4 x12:0xc0c1c2c3 PA:0x80008da9
       18115000	      1810	800018b8	00df5d33	srl	x26,x30,x13	 x30:0x800088a4 x13:0xffffffff x26=0x00000001
       18125000	      1811	800018bc	015383a3	sb	x21,7(x7)	  x7:0x80008da4 x21:0x77343000 PA:0x80008dab
       18135000	      1812	800018c0	00007c97	auipc	x25,0x7	 x25=0x800088bc
       18145000	      1813	800018c4	851c8c93	addi	x25,x25,-1967	 x25:0x800088bc x25=0x8000810d
       18155000	      1814	800018c8	007c3d33	sltu	x26,x24,x7	 x24:0x678e781c  x7:0x80008da4 x26=0x00000001
       18165000	      1815	800018cc	050ccf83	lbu	x31,80(x25)	 x25:0x8000810d x31=0x00000016 PA:0x8000815d
       18175000	      1816	800018d0	0b0c8e83	lb	x29,176(x25)	 x25:0x8000810d x29=0x00000076 PA:0x800081bd
       18185000	      1817	800018d4	0a9c8783	lb	x15,169(x25)	 x25:0x8000810d x15=0x0000006d PA:0x800081b6
       18195000	      1818	800018d8	fa6cca03	lbu	x20,-90(x25)	 x25:0x8000810d x20=0x00000068 PA:0x800080b3
       18205000	      1819	800018dc	fa1cca03	lbu	x20,-95(x25)	 x25:0x8000810d x20=0x00000065 PA:0x800080ae
       18215000	      1820	800018e0	1b6f0f17	auipc	x30,0x1b6f0	 x30=0x9b6f18dc
       18225000	      1821	800018e4	002c6433	or	x8,x24,x2	 x24:0x678e781c  x2:0x80008ab4  x8=0xe78efabc
       18235000	      1822	800018e8	0025db33	srl	x22,x11,x2	 x11:0x00000000  x2:0x80008ab4 x22=0x00000000
       18245000	      1823	800018ec	0044de93	srli	x29,x9,0x4	  x9:0x80009f44 x29=0x080009f4
       18255000	      1824	800018f0	07bc2693	slti	x13,x24,123	 x24:0x678e781c x13=0x00000000
       18265000	      1825	800018f4	01118e33	add	x28,x3,x17	  x3:0x00000000 x17:0x00000001 x28=0x00000001
       18275000	      1826	800018f8	098c8f83	lb	x31,152(x25)	 x25:0x8000810d x31=0x0000005e PA:0x800081a5
       18285000	      1827	800018fc	016df333	and	x6,x27,x22	 x27:0xc7632a53 x22:0x00000000  x6=0x00000000
       18295000	      1828	80001900	403a5313	srai	x6,x20,0x3	 x20:0x00000065  x6=0x0000000c
       18305000	      1829	80001904	00627333	and	x6,x4,x6	  x4:0x00000000  x6:0x0000000c  x6=0x00000000
       18315000	      1830	80001908	41770033	sub	x0,x14,x23	 x14:0x00008081 x23:0x0003ffac
       18325000	      1831	8000190c	4192d2b3	sra	x5,x5,x25	  x5:0x651ba894 x25:0x8000810d  x5=0x000328dd
       18335000	      1832	80001910	011e1733	sll	x14,x28,x17	 x28:0x00000001 x17:0x00000001 x14=0x00000002
       18345000	      1833	80001914	00199633	sll	x12,x19,x1	 x19:0x000000b6  x1:0x80000000 x12=0x000000b6
       18355000	      1834	80001918	07fc8623	sb	x31,108(x25)	 x25:0x8000810d x31:0x0000005e PA:0x80008179
       18365000	      1835	8000191c	faec8723	sb	x14,-82(x25)	 x25:0x8000810d x14:0x00000002 PA:0x800080bb
       18375000	      1836	80001920	0136aa33	slt	x20,x13,x19	 x13:0x00000000 x19:0x000000b6 x20=0x00000001
       18385000	      1837	80001924	006b6333	or	x6,x22,x6	 x22:0x00000000  x6:0x00000000  x6=0x00000000
       18395000	      1838	80001928	0f7cd883	lhu	x17,247(x25)	 x25:0x8000810d x17=0x0000bebf PA:0x80008204
       18405000	      1839	8000192c	f81cdb83	lhu	x23,-127(x25)	 x25:0x8000810d x23=0x00004445 PA:0x8000808e
       18415000	      1840	80001930	01fe1e13	slli	x28,x28,0x1f	 x28:0x00000001 x28=0x80000000
       18425000	      1841	80001934	75086f97	auipc	x31,0x75086	 x31=0xf5087930
       18435000	      1842	80001938	00fd9893	slli	x17,x27,0xf	 x27:0xc7632a53 x17=0x95298000
       18445000	      1843	8000193c	039c96a3	sh	x25,45(x25)	 x25:0x8000810d x25:0x8000810d PA:0x8000813a
       18455000	      1844	80001940	00007617	auipc	x12,0x7	 x12=0x8000893c
       18465000	      1845	80001944	d1760613	addi	x12,x12,-745	 x12:0x8000893c x12=0x80008653
       18475000	      1846	80001948	00007397	auipc	x7,0x7	  x7=0x80008944
       18485000	      1847	8000194c	b8938393	addi	x7,x7,-1143	  x7:0x80008944  x7=0x800084cd
       18495000	      1848	80001950	9f764f83	lbu	x31,-1545(x12)	 x12:0x80008653 x31=0x00000001 PA:0x8000804a
       18505000	      1849	80001954	00006417	auipc	x8,0x6	  x8=0x80007950
       18515000	      1850	80001958	78b40413	addi	x8,x8,1931	  x8:0x80007950  x8=0x800080db
       18525000	      1851	8000195c	bac60523	sb	x12,-1110(x12)	 x12:0x80008653 x12:0x80008653 PA:0x800081fd
       18535000	      1852	80001960	fdb44203	lbu	x4,-37(x8)	  x8:0x800080db  x4=0x0000006d PA:0x800080b6
       18545000	      1853	80001964	ff438ca3	sb	x20,-7(x7)	  x7:0x800084cd x20:0x00000001 PA:0x800084c6
       18555000	      1854	80001968	c4960d23	sb	x9,-934(x12)	 x12:0x80008653  x9:0x80009f44 PA:0x800082ad
       18565000	      1855	8000196c	c2864c83	lbu	x25,-984(x12)	 x12:0x80008653 x25=0x00000030 PA:0x8000827b
       18575000	      1856	80001970	afb61103	lh	x2,-1285(x12)	 x12:0x80008653  x2=0x00000405 PA:0x8000814e
       18585000	      1857	80001974	a9860583	lb	x11,-1384(x12)	 x12:0x80008653 x11=0xffffffa0 PA:0x800080eb
       18595000	      1858	80001978	01841ea3	sh	x24,29(x8)	  x8:0x800080db x24:0x678e781c PA:0x800080f8
       18605000	      1859	8000197c	b7d613a3	sh	x29,-1177(x12)	 x12:0x80008653 x29:0x080009f4 PA:0x800081ba
       18615000	      1860	80001980	fe738b03	lb	x22,-25(x7)	  x7:0x800084cd x22=0x0000006f PA:0x800084b4
       18625000	      1861	80001984	fc040683	lb	x13,-64(x8)	  x8:0x800080db x13=0x00000050 PA:0x8000809b
       18635000	      1862	80001988	fc939c83	lh	x25,-55(x7)	  x7:0x800084cd x25=0x00004c4d PA:0x80008496
       18645000	      1863	8000198c	fc3406a3	sb	x3,-51(x8)	  x8:0x800080db  x3:0x00000000 PA:0x800080a8
       18655000	      1864	80001990	02440203	lb	x4,36(x8)	  x8:0x800080db  x4=0xffffffb4 PA:0x800080ff
       18665000	      1865	80001994	fd739283	lh	x5,-41(x7)	  x7:0x800084cd  x5=0x00005e5f PA:0x800084a4
       18675000	      1866	80001998	03c40c23	sb	x28,56(x8)	  x8:0x800080db x28:0x80000000 PA:0x80008113
       18685000	      1867	8000199c	00b40223	sb	x11,4(x8)	  x8:0x800080db x11:0xffffffa0 PA:0x800080df
       18695000	      1868	800019a0	033397a3	sh	x19,47(x7)	  x7:0x800084cd x19:0x000000b6 PA:0x800084fc
       18705000	      1869	800019a4	07660003	lb	x0,118(x12)	 x12:0x80008653 PA:0x800086c9
       18715000	      1870	800019a8	02440b83	lb	x23,36(x8)	  x8:0x800080db x23=0xffffffb4 PA:0x800080ff
       18725000	      1871	800019ac	b5660f83	lb	x31,-1194(x12)	 x12:0x80008653 x31=0x00000062 PA:0x800081a9
       18735000	      1872	800019b0	08160723	sb	x1,142(x12)	 x12:0x80008653  x1:0x80000000 PA:0x800086e1
       18745000	      1873	800019b4	ff638803	lb	x16,-10(x7)	  x7:0x800084cd x16=0x00000078 PA:0x800084c3
       18755000	      1874	800019b8	02a44f03	lbu	x30,42(x8)	  x8:0x800080db x30=0x000000be PA:0x80008105
       18765000	      1875	800019bc	00007817	auipc	x16,0x7	 x16=0x800089b8
       18775000	      1876	800019c0	94380813	addi	x16,x16,-1725	 x16:0x800089b8 x16=0x800082fb
       18785000	      1877	800019c4	03c80b83	lb	x23,60(x16)	 x16:0x800082fb x23=0xffffffec PA:0x80008337
       18795000	      1878	800019c8	00007d97	auipc	x27,0x7	 x27=0x800089c4
       18805000	      1879	800019cc	e3ad8d93	addi	x27,x27,-454	 x27:0x800089c4 x27=0x800087fe
       18815000	      1880	800019d0	00007c97	auipc	x25,0x7	 x25=0x800089cc
       18825000	      1881	800019d4	817c8c93	addi	x25,x25,-2025	 x25:0x800089cc x25=0x800081e3
       18835000	      1882	800019d8	008d9683	lh	x13,8(x27)	 x27:0x800087fe x13=0xffffbcbd PA:0x80008806
       18845000	      1883	800019dc	00680003	lb	x0,6(x16)	 x16:0x800082fb PA:0x80008301
       18855000	      1884	800019e0	03680623	sb	x22,44(x16)	 x16:0x800082fb x22:0x0000006f PA:0x80008327
       18865000	      1885	800019e4	008d8e83	lb	x29,8(x27)	 x27:0x800087fe x29=0xffffffbd PA:0x80008806
       18875000	      1886	800019e8	ff3d89a3	sb	x19,-13(x27)	 x27:0x800087fe x19:0x000000b6 PA:0x800087f1
       18885000	      1887	800019ec	fec80383	lb	x7,-20(x16)	 x16:0x800082fb  x7=0xffffff9c PA:0x800082e7
       18895000	      1888	800019f0	ffdd8f23	sb	x29,-2(x27)	 x27:0x800087fe x29:0xffffffbd PA:0x800087fc
       18905000	      1889	800019f4	ffdc8ea3	sb	x29,-3(x25)	 x25:0x800081e3 x29:0xffffffbd PA:0x800081e0
       18915000	      1890	800019f8	004c8183	lb	x3,4(x25)	 x25:0x800081e3  x3=0xffffffe3 PA:0x800081e7
       18925000	      1891	800019fc	00bd8f83	lb	x31,11(x27)	 x27:0x800087fe x31=0xffffffc2 PA:0x80008809
       18935000	      1892	80001a00	010c8623	sb	x16,12(x25)	 x25:0x800081e3 x16:0x800082fb PA:0x800081ef
       18945000	      1893	80001a04	fcc80023	sb	x12,-64(x16)	 x16:0x800082fb x12:0x80008653 PA:0x800082bb
       18955000	      1894	80001a08	ff8dd583	lhu	x11,-8(x27)	 x27:0x800087fe x11=0x0000678e PA:0x800087f6
       18965000	      1895	80001a0c	ff8ccd03	lbu	x26,-8(x25)	 x25:0x800081e3 x26=0x00000000 PA:0x800081db
       18975000	      1896	80001a10	00ac8123	sb	x10,2(x25)	 x25:0x800081e3 x10:0x7ffffee9 PA:0x800081e5
       18985000	      1897	80001a14	ff9dc283	lbu	x5,-7(x27)	 x27:0x800087fe  x5=0x00000067 PA:0x800087f7
       18995000	      1898	00000000	00000013	addi	x0,x0,0	  x0:0x00000000
       19005000	      1899	80001a18	005cab03	lw	x22,5(x25)	 x25:0x800081e3 x22=0xa0a1a2a3 PA:0x800081e8
       19015000	      1900	80001a1c	ff8dab23	sw	x24,-10(x27)	 x27:0x800087fe x24:0x678e781c PA:0x800087f4
       19025000	      1901	80001a20	006d9403	lh	x8,6(x27)	 x27:0x800087fe  x8=0xffffbebf PA:0x80008804
       19035000	      1902	80001a24	036b0263	beq	x22,x22,80001a48	 x22:0xa0a1a2a3 x22:0xa0a1a2a3
       19045000	      1903	00000000	00000013	addi	x0,x0,0	  x0:0x00000000
       19055000	      1904	80001a44	00000013	addi	x0,x0,0	  x0:0x00000000
       19065000	      1905	80001a48	026e8463	beq	x29,x6,80001a70	 x29:0xffffffbd  x6:0x00000000
       19075000	      1906	80001a4c	00000013	addi	x0,x0,0	  x0:0x00000000
       19085000	      1907	80001a50	02bfc263	blt	x31,x11,80001a74	 x31:0xffffffc2 x11:0x0000678e
       19095000	      1908	00000000	00000013	addi	x0,x0,0	  x0:0x00000000
       19105000	      1909	80001a70	00000013	addi	x0,x0,0	  x0:0x00000000
       19115000	      1910	80001a74	014b1e63	bne	x22,x20,80001a90	 x22:0xa0a1a2a3 x20:0x00000001
       19125000	      1911	00000000	00000013	addi	x0,x0,0	  x0:0x00000000
       19135000	      1912	80001a8c	00000013	addi	x0,x0,0	  x0:0x00000000
       19145000	      1913	80001a90	014d5d93	srli	x27,x26,0x14	 x26:0x00000000 x27=0x00000000
       19155000	      1914	80001a94	05a9e063	bltu	x19,x26,80001ad4	 x19:0x000000b6 x26:0x00000000
       19165000	      1915	80001a98	03ac4663	blt	x24,x26,80001ac4	 x24:0x678e781c x26:0x00000000
       19175000	      1916	80001a9c	41500333	sub	x6,x0,x21	  x0:0x00000000 x21:0x77343000  x6=0x88cbd000
       19185000	      1917	80001aa0	403957b3	sra	x15,x18,x3	 x18:0x80009fc4  x3:0xffffffe3 x15=0xf00013f8
       19195000	      1918	80001aa4	001d5993	srli	x19,x26,0x1	 x26:0x00000000 x19=0x00000000
       19205000	      1919	80001aa8	00000013	addi	x0,x0,0	  x0:0x00000000
       19215000	      1920	80001aac	5f8e3c13	sltiu	x24,x28,1528	 x28:0x80000000 x24=0x00000000
       19225000	      1921	80001ab0	0105b9b3	sltu	x19,x11,x16	 x11:0x0000678e x16:0x800082fb x19=0x00000001
       19235000	      1922	80001ab4	41ee5d33	sra	x26,x28,x30	 x28:0x80000000 x30:0x000000be x26=0xfffffffe
       19245000	      1923	80001ab8	00879b33	sll	x22,x15,x8	 x15:0xf00013f8  x8:0xffffbebf x22=0x00000000
       19255000	      1924	80001abc	01601193	slli	x3,x0,0x16	  x0:0x00000000  x3=0x00000000
       19265000	      1925	80001ac0	d741b193	sltiu	x3,x3,-652	  x3:0x00000000  x3=0x00000001
       19275000	      1926	80001ac4	02421063	bne	x4,x4,80001ae4	  x4:0xffffffb4  x4:0xffffffb4
       19285000	      1927	80001ac8	01591a33	sll	x20,x18,x21	 x18:0x80009fc4 x21:0x77343000 x20=0x80009fc4
       19295000	      1928	80001acc	01db7ab3	and	x21,x22,x29	 x22:0x00000000 x29:0xffffffbd x21=0x00000000
       19305000	      1929	80001ad0	008d6863	bltu	x26,x8,80001ae0	 x26:0xfffffffe  x8:0xffffbebf
       19315000	      1930	80001ad4	01ea0033	add	x0,x20,x30	 x20:0x80009fc4 x30:0x000000be
       19325000	      1931	80001ad8	283d6893	ori	x17,x26,643	 x26:0xfffffffe x17=0xffffffff
       19335000	      1932	80001adc	00000013	addi	x0,x0,0	  x0:0x00000000
       19345000	      1933	80001ae0	d3cecd13	xori	x26,x29,-708	 x29:0xffffffbd x26=0x00000281
       19355000	      1934	80001ae4	9dd59717	auipc	x14,0x9dd59	 x14=0x1dd5aae0
       19365000	      1935	80001ae8	00f3d863	bge	x7,x15,80001af8	  x7:0xffffff9c x15:0xf00013f8
       19375000	      1936	00000000	00000013	addi	x0,x0,0	  x0:0x00000000
       19385000	      1937	80001af4	00000013	addi	x0,x0,0	  x0:0x00000000
       19395000	      1938	80001af8	0569f663	bgeu	x19,x22,80001b44	 x19:0x00000001 x22:0x00000000
       19405000	      1939	00000000	00000013	addi	x0,x0,0	  x0:0x00000000
       19415000	      1940	80001b40	00000013	addi	x0,x0,0	  x0:0x00000000
       19425000	      1941	80001b44	009ade13	srli	x28,x21,0x9	 x21:0x00000000 x28=0x00000000
       19435000	      1942	80001b48	5a87a393	slti	x7,x15,1448	 x15:0xf00013f8  x7=0x00000001
       19445000	      1943	80001b4c	01f4feb3	and	x29,x9,x31	  x9:0x80009f44 x31:0xffffffc2 x29=0x80009f40
       19455000	      1944	80001b50	1192ad93	slti	x27,x5,281	  x5:0x00000067 x27=0x00000001
       19465000	      1945	80001b54	08120797	auipc	x15,0x8120	 x15=0x88121b50
       19475000	      1946	80001b58	560b8613	addi	x12,x23,1376	 x23:0xffffffec x12=0x0000054c
       19485000	      1947	80001b5c	00fc5893	srli	x17,x24,0xf	 x24:0x00000000 x17=0x00000000
       19495000	      1948	80001b60	0042d3b3	srl	x7,x5,x4	  x5:0x00000067  x4:0xffffffb4  x7=0x00000000
       19505000	      1949	80001b64	00a85463	bge	x16,x10,80001b6c	 x16:0x800082fb x10:0x7ffffee9
       19515000	      1950	80001b68	01c26663	bltu	x4,x28,80001b74	  x4:0xffffffb4 x28:0x00000000
       19525000	      1951	80001b6c	07209863	bne	x1,x18,80001bdc	  x1:0x80000000 x18:0x80009fc4
       19535000	      1952	00000000	00000013	addi	x0,x0,0	  x0:0x00000000
       19545000	      1953	80001bd8	00000013	addi	x0,x0,0	  x0:0x00000000
       19555000	      1954	80001bdc	01be8ab3	add	x21,x29,x27	 x29:0x80009f40 x27:0x00000001 x21=0x80009f41
       19565000	      1955	80001be0	01d71013	slli	x0,x14,0x1d	 x14:0x1dd5aae0
       19575000	      1956	80001be4	013896b3	sll	x13,x17,x19	 x17:0x00000000 x19:0x00000001 x13=0x00000000
       19585000	      1957	80001be8	55dd93b7	lui	x7,0x55dd9	  x7=0x55dd9000
       19595000	      1958	80001bec	4154df33	sra	x30,x9,x21	  x9:0x80009f44 x21:0x80009f41 x30=0xc0004fa2
       19605000	      1959	80001bf0	00c83d33	sltu	x26,x16,x12	 x16:0x800082fb x12:0x0000054c x26=0x00000000
       19615000	      1960	80001bf4	d85a0713	addi	x14,x20,-635	 x20:0x80009fc4 x14=0x80009d49
       19625000	      1961	80001bf8	416d8a33	sub	x20,x27,x22	 x27:0x00000001 x22:0x00000000 x20=0x00000001
       19635000	      1962	80001bfc	00000013	addi	x0,x0,0	  x0:0x00000000
       19645000	      1963	80001c00	00895293	srli	x5,x18,0x8	 x18:0x80009fc4  x5=0x0080009f
       19655000	      1964	80001c04	00252db3	slt	x27,x10,x2	 x10:0x7ffffee9  x2:0x00000405 x27=0x00000000
       19665000	      1965	80001c08	0559c663	blt	x19,x21,80001c54	 x19:0x00000001 x21:0x80009f41
       19675000	      1966	80001c0c	e75af193	andi	x3,x21,-395	 x21:0x80009f41  x3=0x80009e41
       19685000	      1967	80001c10	0c803a93	sltiu	x21,x0,200	  x0:0x00000000 x21=0x00000001
       19695000	      1968	80001c14	41a8da13	srai	x20,x17,0x1a	 x17:0x00000000 x20=0x00000000
       19705000	      1969	80001c18	42b146b7	lui	x13,0x42b14	 x13=0x42b14000
       19715000	      1970	80001c1c	dfcc6513	ori	x10,x24,-516	 x24:0x00000000 x10=0xfffffdfc
       19725000	      1971	80001c20	406d5f33	sra	x30,x26,x6	 x26:0x00000000  x6:0x88cbd000 x30=0x00000000
       19735000	      1972	80001c24	7a0ff113	andi	x2,x31,1952	 x31:0xffffffc2  x2=0x00000780
       19745000	      1973	80001c28	00159393	slli	x7,x11,0x1	 x11:0x0000678e  x7=0x0000cf1c
       19755000	      1974	80001c2c	01dc4833	xor	x16,x24,x29	 x24:0x00000000 x29:0x80009f40 x16=0x80009f40
       19765000	      1975	80001c30	048a8463	beq	x21,x8,80001c78	 x21:0x00000001  x8:0xffffbebf
       19775000	      1976	80001c34	01499293	slli	x5,x19,0x14	 x19:0x00000001  x5=0x00100000
       19785000	      1977	80001c38	40805833	sra	x16,x0,x8	  x0:0x00000000  x8:0xffffbebf x16=0x00000000
       19795000	      1978	80001c3c	03057663	bgeu	x10,x16,80001c68	 x10:0xfffffdfc x16:0x00000000
       19805000	      1979	00000000	00000013	addi	x0,x0,0	  x0:0x00000000
       19815000	      1980	80001c64	00000013	addi	x0,x0,0	  x0:0x00000000
       19825000	      1981	80001c68	006cb5b3	sltu	x11,x25,x6	 x25:0x800081e3  x6:0x88cbd000 x11=0x00000001
       19835000	      1982	80001c6c	ed150f93	addi	x31,x10,-303	 x10:0xfffffdfc x31=0xfffffccd
       19845000	      1983	80001c70	01f15863	bge	x2,x31,80001c80	  x2:0x00000780 x31:0xfffffccd
       19855000	      1984	00000000	00000013	addi	x0,x0,0	  x0:0x00000000
       19865000	      1985	80001c7c	00000013	addi	x0,x0,0	  x0:0x00000000
       19875000	      1986	80001c80	90ca8593	addi	x11,x21,-1780	 x21:0x00000001 x11=0xfffff90d
       19885000	      1987	80001c84	959eaa93	slti	x21,x29,-1703	 x29:0x80009f40 x21=0x00000001
       19895000	      1988	80001c88	a800d5b7	lui	x11,0xa800d	 x11=0xa800d000
       19905000	      1989	80001c8c	03845863	bge	x8,x24,80001cbc	  x8:0xffffbebf x24:0x00000000
       19915000	      1990	80001c90	d08bf397	auipc	x7,0xd08bf	  x7=0x508c0c8c
       19925000	      1991	80001c94	01747fb3	and	x31,x8,x23	  x8:0xffffbebf x23:0xffffffec x31=0xffffbeac
       19935000	      1992	80001c98	00ca5d33	srl	x26,x20,x12	 x20:0x00000000 x12:0x0000054c x26=0x00000000
       19945000	      1993	80001c9c	00ed8a33	add	x20,x27,x14	 x27:0x00000000 x14:0x80009d49 x20=0x80009d49
       19955000	      1994	80001ca0	8deb3f13	sltiu	x30,x22,-1826	 x22:0x00000000 x30=0x00000001
       19965000	      1995	80001ca4	6eeccb13	xori	x22,x25,1774	 x25:0x800081e3 x22=0x8000870d
       19975000	      1996	80001ca8	ab65b293	sltiu	x5,x11,-1354	 x11:0xa800d000  x5=0x00000001
       19985000	      1997	80001cac	00fb5e93	srli	x29,x22,0xf	 x22:0x8000870d x29=0x00010001
       19995000	      1998	80001cb0	01429533	sll	x10,x5,x20	  x5:0x00000001 x20:0x80009d49 x10=0x00000200
       20005000	      1999	80001cb4	41b15193	srai	x3,x2,0x1b	  x2:0x00000780  x3=0x00000000
       20015000	      2000	80001cb8	41d4d2b3	sra	x5,x9,x29	  x9:0x80009f44 x29:0x00010001  x5=0xc0004fa2
       20025000	      2001	80001cbc	410a0d33	sub	x26,x20,x16	 x20:0x80009d49 x16:0x00000000 x26=0x80009d49
       20035000	      2002	80001cc0	40f3da13	srai	x20,x7,0xf	  x7:0x508c0c8c x20=0x0000a118
       20045000	      2003	80001cc4	03359663	bne	x11,x19,80001cf0	 x11:0xa800d000 x19:0x00000001
       20055000	      2004	00000000	00000013	addi	x0,x0,0	  x0:0x00000000
       20065000	      2005	80001cec	00000013	addi	x0,x0,0	  x0:0x00000000
       20075000	      2006	80001cf0	4fbea737	lui	x14,0x4fbea	 x14=0x4fbea000
       20085000	      2007	80001cf4	00e9d833	srl	x16,x19,x14	 x19:0x00000001 x14:0x4fbea000 x16=0x00000001
       20095000	      2008	80001cf8	00e64ab3	xor	x21,x12,x14	 x12:0x0000054c x14:0x4fbea000 x21=0x4fbea54c
       20105000	      2009	80001cfc	00e05e33	srl	x28,x0,x14	  x0:0x00000000 x14:0x4fbea000 x28=0x00000000
       20115000	      2010	80001d00	007d32b3	sltu	x5,x26,x7	 x26:0x80009d49  x7:0x508c0c8c  x5=0x00000000
       20125000	      2011	80001d04	02221263	bne	x4,x2,80001d28	  x4:0xffffffb4  x2:0x00000780
       20135000	      2012	00000000	00000013	addi	x0,x0,0	  x0:0x00000000
       20145000	      2013	80001d24	00000013	addi	x0,x0,0	  x0:0x00000000
       20155000	      2014	80001d28	01395013	srli	x0,x18,0x13	 x18:0x80009fc4
       20165000	      2015	80001d2c	a471c393	xori	x7,x3,-1465	  x3:0x00000000  x7=0xfffffa47
       20175000	      2016	80001d30	0257d463	bge	x15,x5,80001d58	 x15:0x88121b50  x5:0x00000000
       20185000	      2017	80001d34	40cadd13	srai	x26,x21,0xc	 x21:0x4fbea54c x26=0x0004fbea
       20195000	      2018	80001d38	4f6aeb37	lui	x22,0x4f6ae	 x22=0x4f6ae000
       20205000	      2019	80001d3c	004c4863	blt	x24,x4,80001d4c	 x24:0x00000000  x4:0xffffffb4
       20215000	      2020	80001d40	05581463	bne	x16,x21,80001d88	 x16:0x00000001 x21:0x4fbea54c
       20225000	      2021	00000000	00000013	addi	x0,x0,0	  x0:0x00000000
       20235000	      2022	80001d84	00000013	addi	x0,x0,0	  x0:0x00000000
       20245000	      2023	80001d88	404383b3	sub	x7,x7,x4	  x7:0xfffffa47  x4:0xffffffb4  x7=0xfffffa93
       20255000	      2024	80001d8c	01111793	slli	x15,x2,0x11	  x2:0x00000780 x15=0x0f000000
       20265000	      2025	80001d90	02b87263	bgeu	x16,x11,80001db4	 x16:0x00000001 x11:0xa800d000
       20275000	      2026	80001d94	00eeb6b3	sltu	x13,x29,x14	 x29:0x00010001 x14:0x4fbea000 x13=0x00000001
       20285000	      2027	80001d98	01abce63	blt	x23,x26,80001db4	 x23:0xffffffec x26:0x0004fbea
       20295000	      2028	00000000	00000013	addi	x0,x0,0	  x0:0x00000000
       20305000	      2029	80001db0	00000013	addi	x0,x0,0	  x0:0x00000000
       20315000	      2030	80001db4	b203c513	xori	x10,x7,-1248	  x7:0xfffffa93 x10=0x000001b3
       20325000	      2031	80001db8	fa783a97	auipc	x21,0xfa783	 x21=0x7a784db4
       20335000	      2032	80001dbc	81b703b7	lui	x7,0x81b70	  x7=0x81b70000
       20345000	      2033	80001dc0	f4680237	lui	x4,0xf4680	  x4=0xf4680000
       20355000	      2034	80001dc4	0044a303	lw	x6,4(x9)	  x9:0x80009f44  x6=0x80001618 PA:0x80009f48
       20365000	      2035	80001dc8	ae3ef213	andi	x4,x29,-1309	 x29:0x00010001  x4=0x00010001
       20375000	      2036	80001dcc	01048493	addi	x9,x9,16	  x9:0x80009f44  x9=0x80009f54
       20385000	      2037	80001dd0	6105a213	slti	x4,x11,1552	 x11:0xa800d000  x4=0x00000001
       20395000	      2038	80001dd4	001e5693	srli	x13,x28,0x1	 x28:0x00000000 x13=0x00000000
       20405000	      2039	80001dd8	007846b3	xor	x13,x16,x7	 x16:0x00000001  x7:0x81b70000 x13=0x81b70001
       20415000	      2040	80001ddc	f2986f93	ori	x31,x16,-215	 x16:0x00000001 x31=0xffffff29
       20425000	      2041	80001de0	053a0813	addi	x16,x20,83	 x20:0x0000a118 x16=0x0000a16b
       20435000	      2042	80001de4	4a0c2813	slti	x16,x24,1184	 x24:0x00000000 x16=0x00000001
       20445000	      2043	80001de8	00030b93	addi	x23,x6,0	  x6:0x80001618 x23=0x80001618
       20455000	      2044	80001dec	000b8be7	jalr	x23,x23,0	 x23:0x80001618 x23=0x80001dec
       20465000	      2045	00000000	00000013	addi	x0,x0,0	  x0:0x00000000
       20475000	      2046	80001618	00000013	addi	x0,x0,0	  x0:0x00000000
       20485000	      2047	8000161c	00fe1a13	slli	x20,x28,0xf	 x28:0x00000000 x20=0x00000000
       20495000	      2048	80001620	013cd463	bge	x25,x19,80001628	 x25:0x800081e3 x19:0x00000001
       20505000	      2049	80001624	032c6e63	bltu	x24,x18,80001660	 x24:0x00000000 x18:0x80009fc4
       20515000	      2050	00000000	00000013	addi	x0,x0,0	  x0:0x00000000
       20525000	      2051	8000165c	00000013	addi	x0,x0,0	  x0:0x00000000
       20535000	      2052	80001660	410e57b3	sra	x15,x28,x16	 x28:0x00000000 x16:0x00000001 x15=0x00000000
       20545000	      2053	80001664	00ba82b3	add	x5,x21,x11	 x21:0x7a784db4 x11:0xa800d000  x5=0x22791db4
       20555000	      2054	80001668	00db5263	bge	x22,x13,8000166c	 x22:0x4f6ae000 x13:0x81b70001
       20565000	      2055	00000000	00000013	addi	x0,x0,0	  x0:0x00000000
       20575000	      2056	80001668	00000013	addi	x0,x0,0	  x0:0x00000000
       20585000	      2057	8000166c	005c9733	sll	x14,x25,x5	 x25:0x800081e3  x5:0x22791db4 x14=0x1e300000
       20595000	      2058	80001670	9864ef17	auipc	x30,0x9864e	 x30=0x1864f66c
       20605000	      2059	80001674	000f2433	slt	x8,x30,x0	 x30:0x1864f66c  x0:0x00000000  x8=0x00000000
       20615000	      2060	80001678	00000013	addi	x0,x0,0	  x0:0x00000000
       20625000	      2061	8000167c	005ade33	srl	x28,x21,x5	 x21:0x7a784db4  x5:0x22791db4 x28=0x000007a7
       20635000	      2062	80001680	6890e393	ori	x7,x1,1673	  x1:0x80000000  x7=0x80000689
       20645000	      2063	80001684	0182ea33	or	x20,x5,x24	  x5:0x22791db4 x24:0x00000000 x20=0x22791db4
       20655000	      2064	80001688	004ffeb3	and	x29,x31,x4	 x31:0xffffff29  x4:0x00000001 x29=0x00000001
       20665000	      2065	8000168c	01297ab3	and	x21,x18,x18	 x18:0x80009fc4 x18:0x80009fc4 x21=0x80009fc4
       20675000	      2066	80001690	4092d333	sra	x6,x5,x9	  x5:0x22791db4  x9:0x80009f54  x6=0x00000227
       20685000	      2067	80001694	03f51a63	bne	x10,x31,800016c8	 x10:0x000001b3 x31:0xffffff29
       20695000	      2068	00000000	00000013	addi	x0,x0,0	  x0:0x00000000
       20705000	      2069	800016c4	00000013	addi	x0,x0,0	  x0:0x00000000
       20715000	      2070	800016c8	99e3ed13	ori	x26,x7,-1634	  x7:0x80000689 x26=0xffffff9f
       20725000	      2071	800016cc	00961813	slli	x16,x12,0x9	 x12:0x0000054c x16=0x000a9800
       20735000	      2072	800016d0	01d08a63	beq	x1,x29,800016e4	  x1:0x80000000 x29:0x00000001
       20745000	      2073	800016d4	01ac5663	bge	x24,x26,800016e0	 x24:0x00000000 x26:0xffffff9f
       20755000	      2074	00000000	00000013	addi	x0,x0,0	  x0:0x00000000
       20765000	      2075	800016dc	00000013	addi	x0,x0,0	  x0:0x00000000
       20775000	      2076	800016e0	64d27993	andi	x19,x4,1613	  x4:0x00000001 x19=0x00000001
       20785000	      2077	800016e4	05b28463	beq	x5,x27,8000172c	  x5:0x22791db4 x27:0x00000000
       20795000	      2078	800016e8	01067733	and	x14,x12,x16	 x12:0x0000054c x16:0x000a9800 x14=0x00000000
       20805000	      2079	800016ec	0102ec33	or	x24,x5,x16	  x5:0x22791db4 x16:0x000a9800 x24=0x227b9db4
       20815000	      2080	800016f0	014cbeb3	sltu	x29,x25,x20	 x25:0x800081e3 x20:0x22791db4 x29=0x00000000
       20825000	      2081	800016f4	c8996f37	lui	x30,0xc8996	 x30=0xc8996000
       20835000	      2082	800016f8	3dc28d93	addi	x27,x5,988	  x5:0x22791db4 x27=0x22792190
       20845000	      2083	800016fc	01aeba33	sltu	x20,x29,x26	 x29:0x00000000 x26:0xffffff9f x20=0x00000001
       20855000	      2084	80001700	027e7863	bgeu	x28,x7,80001730	 x28:0x000007a7  x7:0x80000689
       20865000	      2085	80001704	11d6fb13	andi	x22,x13,285	 x13:0x81b70001 x22=0x00000001
       20875000	      2086	80001708	40428b33	sub	x22,x5,x4	  x5:0x22791db4  x4:0x00000001 x22=0x22791db3
       20885000	      2087	8000170c	03bc9a63	bne	x25,x27,80001740	 x25:0x800081e3 x27:0x22792190
       20895000	      2088	00000000	00000013	addi	x0,x0,0	  x0:0x00000000
       20905000	      2089	8000173c	00000013	addi	x0,x0,0	  x0:0x00000000
       20915000	      2090	80001740	016a5a93	srli	x21,x20,0x16	 x20:0x00000001 x21=0x00000000
       20925000	      2091	80001744	01387663	bgeu	x16,x19,80001750	 x16:0x000a9800 x19:0x00000001
       20935000	      2092	00000000	00000013	addi	x0,x0,0	  x0:0x00000000
       20945000	      2093	8000174c	00000013	addi	x0,x0,0	  x0:0x00000000
       20955000	      2094	80001750	01848c63	beq	x9,x24,80001768	  x9:0x80009f54 x24:0x227b9db4
       20965000	      2095	80001754	000133b3	sltu	x7,x2,x0	  x2:0x00000780  x0:0x00000000  x7=0x00000000
       20975000	      2096	80001758	01a7de63	bge	x15,x26,80001774	 x15:0x00000000 x26:0xffffff9f
       20985000	      2097	00000000	00000013	addi	x0,x0,0	  x0:0x00000000
       20995000	      2098	80001770	00000013	addi	x0,x0,0	  x0:0x00000000
       21005000	      2099	80001774	0142d463	bge	x5,x20,8000177c	  x5:0x22791db4 x20:0x00000001
       21015000	      2100	00000000	00000013	addi	x0,x0,0	  x0:0x00000000
       21025000	      2101	80001778	00000013	addi	x0,x0,0	  x0:0x00000000
       21035000	      2102	8000177c	02e3b693	sltiu	x13,x7,46	  x7:0x00000000 x13=0x00000001
       21045000	      2103	80001780	537dc893	xori	x17,x27,1335	 x27:0x22792190 x17=0x227924a7
       21055000	      2104	80001784	bc76f213	andi	x4,x13,-1081	 x13:0x00000001  x4=0x00000001
       21065000	      2105	80001788	010c8233	add	x4,x25,x16	 x25:0x800081e3 x16:0x000a9800  x4=0x800b19e3
       21075000	      2106	8000178c	e130e993	ori	x19,x1,-493	  x1:0x80000000 x19=0xfffffe13
       21085000	      2107	80001790	02050463	beq	x10,x0,800017b8	 x10:0x000001b3  x0:0x00000000
       21095000	      2108	80001794	00b51313	slli	x6,x10,0xb	 x10:0x000001b3  x6=0x000d9800
       21105000	      2109	80001798	011aa233	slt	x4,x21,x17	 x21:0x00000000 x17:0x227924a7  x4=0x00000001
       21115000	      2110	8000179c	00224e63	blt	x4,x2,800017b8	  x4:0x00000001  x2:0x00000780
       21125000	      2111	00000000	00000013	addi	x0,x0,0	  x0:0x00000000
       21135000	      2112	800017b4	00000013	addi	x0,x0,0	  x0:0x00000000
       21145000	      2113	800017b8	414c53b3	sra	x7,x24,x20	 x24:0x227b9db4 x20:0x00000001  x7=0x113dceda
       21155000	      2114	800017bc	0044a303	lw	x6,4(x9)	  x9:0x80009f54  x6=0x80000d80 PA:0x80009f58
       21165000	      2115	800017c0	00db4a33	xor	x20,x22,x13	 x22:0x22791db3 x13:0x00000001 x20=0x22791db2
       21175000	      2116	800017c4	41575213	srai	x4,x14,0x15	 x14:0x00000000  x4=0x00000000
       21185000	      2117	800017c8	007a7233	and	x4,x20,x7	 x20:0x22791db2  x7:0x113dceda  x4=0x00390c92
       21195000	      2118	800017cc	03048493	addi	x9,x9,48	  x9:0x80009f54  x9=0x80009f84
       21205000	      2119	800017d0	63ad2593	slti	x11,x26,1594	 x26:0xffffff9f x11=0x00000001
       21215000	      2120	800017d4	00130a13	addi	x20,x6,1	  x6:0x80000d80 x20=0x80000d81
       21225000	      2121	800017d8	000a0a67	jalr	x20,x20,0	 x20:0x80000d81 x20=0x800017d8
       21235000	      2122	00000000	00000013	addi	x0,x0,0	  x0:0x00000000
       21245000	      2123	80000d80	00000013	addi	x0,x0,0	  x0:0x00000000
       21255000	      2124	80000d84	0787c863	blt	x15,x24,80000df4	 x15:0x00000000 x24:0x227b9db4
       21265000	      2125	00000000	00000013	addi	x0,x0,0	  x0:0x00000000
       21275000	      2126	80000df0	00000013	addi	x0,x0,0	  x0:0x00000000
       21285000	      2127	80000df4	00c11b13	slli	x22,x2,0xc	  x2:0x00000780 x22=0x00780000
       21295000	      2128	80000df8	299d2313	slti	x6,x26,665	 x26:0xffffff9f  x6=0x00000001
       21305000	      2129	80000dfc	00c18db3	add	x27,x3,x12	  x3:0x00000000 x12:0x0000054c x27=0x0000054c
       21315000	      2130	80000e00	00325893	srli	x17,x4,0x3	  x4:0x00390c92 x17=0x00072192
       21325000	      2131	80000e04	01b95263	bge	x18,x27,80000e08	 x18:0x80009fc4 x27:0x0000054c
       21335000	      2132	80000e08	02678463	beq	x15,x6,80000e30	 x15:0x00000000  x6:0x00000001
       21345000	      2133	80000e0c	001c1d13	slli	x26,x24,0x1	 x24:0x227b9db4 x26=0x44f73b68
       21355000	      2134	80000e10	08eaf063	bgeu	x21,x14,80000e90	 x21:0x00000000 x14:0x00000000
       21365000	      2135	00000000	00000013	addi	x0,x0,0	  x0:0x00000000
       21375000	      2136	80000e8c	00000013	addi	x0,x0,0	  x0:0x00000000
       21385000	      2137	80000e90	00000013	addi	x0,x0,0	  x0:0x00000000
       21395000	      2138	80000e94	00000013	addi	x0,x0,0	  x0:0x00000000
       21405000	      2139	80000e98	0124dcb3	srl	x25,x9,x18	  x9:0x80009f84 x18:0x80009fc4 x25=0x080009f8
       21415000	      2140	80000e9c	41f35fb3	sra	x31,x6,x31	  x6:0x00000001 x31:0xffffff29 x31=0x00000000
       21425000	      2141	80000ea0	01c10333	add	x6,x2,x28	  x2:0x00000780 x28:0x000007a7  x6=0x00000f27
       21435000	      2142	80000ea4	05976263	bltu	x14,x25,80000ee8	 x14:0x00000000 x25:0x080009f8
       21445000	      2143	00000000	00000013	addi	x0,x0,0	  x0:0x00000000
       21455000	      2144	80000ee4	00000013	addi	x0,x0,0	  x0:0x00000000
       21465000	      2145	80000ee8	01e95313	srli	x6,x18,0x1e	 x18:0x80009fc4  x6=0x00000002
       21475000	      2146	80000eec	003f8d33	add	x26,x31,x3	 x31:0x00000000  x3:0x00000000 x26=0x00000000
       21485000	      2147	80000ef0	ff176b93	ori	x23,x14,-15	 x14:0x00000000 x23=0xfffffff1
       21495000	      2148	80000ef4	01b39113	slli	x2,x7,0x1b	  x7:0x113dceda  x2=0xd0000000
       21505000	      2149	80000ef8	63583413	sltiu	x8,x16,1589	 x16:0x000a9800  x8=0x00000000
       21515000	      2150	80000efc	00b6df33	srl	x30,x13,x11	 x13:0x00000001 x11:0x00000001 x30=0x00000000
       21525000	      2151	80000f00	410b5833	sra	x16,x22,x16	 x22:0x00780000 x16:0x000a9800 x16=0x00780000
       21535000	      2152	80000f04	9341f013	andi	x0,x3,-1740	  x3:0x00000000
       21545000	      2153	80000f08	02439663	bne	x7,x4,80000f34	  x7:0x113dceda  x4:0x00390c92
       21555000	      2154	00000000	00000013	addi	x0,x0,0	  x0:0x00000000
       21565000	      2155	80000f30	00000013	addi	x0,x0,0	  x0:0x00000000
       21575000	      2156	80000f34	01465193	srli	x3,x12,0x14	 x12:0x0000054c  x3=0x00000000
       21585000	      2157	80000f38	037b9063	bne	x23,x23,80000f58	 x23:0xfffffff1 x23:0xfffffff1
       21595000	      2158	80000f3c	04de8263	beq	x29,x13,80000f80	 x29:0x00000000 x13:0x00000001
       21605000	      2159	80000f40	00000013	addi	x0,x0,0	  x0:0x00000000
       21615000	      2160	80000f44	03825e63	bge	x4,x24,80000f80	  x4:0x00390c92 x24:0x227b9db4
       21625000	      2161	80000f48	4049dab3	sra	x21,x19,x4	 x19:0xfffffe13  x4:0x00390c92 x21=0xffffffff
       21635000	      2162	80000f4c	e390ac13	slti	x24,x1,-455	  x1:0x80000000 x24=0x00000001
       21645000	      2163	80000f50	de057213	andi	x4,x10,-544	 x10:0x000001b3  x4=0x000001a0
       21655000	      2164	80000f54	417b5193	srai	x3,x22,0x17	 x22:0x00780000  x3=0x00000000
       21665000	      2165	80000f58	0433e263	bltu	x7,x3,80000f9c	  x7:0x113dceda  x3:0x00000000
       21675000	      2166	80000f5c	fc71cb93	xori	x23,x3,-57	  x3:0x00000000 x23=0xffffffc7
       21685000	      2167	80000f60	0075dc13	srli	x24,x11,0x7	 x11:0x00000001 x24=0x00000000
       21695000	      2168	80000f64	01a076b3	and	x13,x0,x26	  x0:0x00000000 x26:0x00000000 x13=0x00000000
       21705000	      2169	80000f68	013aadb3	slt	x27,x21,x19	 x21:0xffffffff x19:0xfffffe13 x27=0x00000000
       21715000	      2170	80000f6c	411f5513	srai	x10,x30,0x11	 x30:0x00000000 x10=0x00000000
       21725000	      2171	80000f70	00fc5c13	srli	x24,x24,0xf	 x24:0x00000000 x24=0x00000000
       21735000	      2172	80000f74	9c2ab713	sltiu	x14,x21,-1598	 x21:0xffffffff x14=0x00000000
       21745000	      2173	80000f78	01f8f663	bgeu	x17,x31,80000f84	 x17:0x00072192 x31:0x00000000
       21755000	      2174	00000000	00000013	addi	x0,x0,0	  x0:0x00000000
       21765000	      2175	80000f80	00000013	addi	x0,x0,0	  x0:0x00000000
       21775000	      2176	80000f84	40238f33	sub	x30,x7,x2	  x7:0x113dceda  x2:0xd0000000 x30=0x413dceda
       21785000	      2177	80000f88	014f0e63	beq	x30,x20,80000fa4	 x30:0x413dceda x20:0x800017d8
       21795000	      2178	80000f8c	4296be93	sltiu	x29,x13,1065	 x13:0x00000000 x29=0x00000001
       21805000	      2179	80000f90	40e8d433	sra	x8,x17,x14	 x17:0x00072192 x14:0x00000000  x8=0x00072192
       21815000	      2180	80000f94	0193ce63	blt	x7,x25,80000fb0	  x7:0x113dceda x25:0x080009f8
       21825000	      2181	80000f98	00ef73b3	and	x7,x30,x14	 x30:0x413dceda x14:0x00000000  x7=0x00000000
       21835000	      2182	80000f9c	4e1a6d37	lui	x26,0x4e1a6	 x26=0x4e1a6000
       21845000	      2183	80000fa0	00b90663	beq	x18,x11,80000fac	 x18:0x80009fc4 x11:0x00000001
       21855000	      2184	80000fa4	01e1d663	bge	x3,x30,80000fb0	  x3:0x00000000 x30:0x413dceda
       21865000	      2185	80000fa8	01095813	srli	x16,x18,0x10	 x18:0x80009fc4 x16=0x00008000
       21875000	      2186	80000fac	015df263	bgeu	x27,x21,80000fb0	 x27:0x00000000 x21:0xffffffff
       21885000	      2187	80000fb0	4c15c413	xori	x8,x11,1217	 x11:0x00000001  x8=0x000004c0
       21895000	      2188	80000fb4	00000097	auipc	x1,0x0	  x1=0x80000fb0
       21905000	      2189	80000fb8	00c08093	addi	x1,x1,12	  x1:0x80000fb0  x1=0x80000fbc
       21915000	      2190	80000fbc	00008067	jalr	x0,x1,0	  x1:0x80000fbc
       21925000	      2191	00000000	00000013	addi	x0,x0,0	  x0:0x00000000
       21935000	      2192	80000fbc	00000013	addi	x0,x0,0	  x0:0x00000000
       21945000	      2193	80000fc0	00100193	addi	x3,x0,1	  x0:0x00000000  x3=0x00000001
       21955000	      2194	80000fc4	00000073	ecall	
       21965000	      2195	80000fc8	01873433	sltu	x8,x14,x24	 x14:0x00000000 x24:0x00000000  x8=0x00000000
