		Time			Cycle	PC		Insn	Decoded instruction	Register and memory contents
          65000	         5	80000004	00000293	addi	x5,x0,0	  x0:0x00000000  x5=0x00000000
          75000	         6	80000008	00000313	addi	x6,x0,0	  x0:0x00000000  x6=0x00000000
          85000	         7	8000000c	00628263	beq	x5,x6,80000010	  x5:0x00000000  x6:0x00000000
          95000	         8	00000000	00000013	addi	x0,x0,0	  x0:0x00000000
         105000	         9	8000000c	00000013	addi	x0,x0,0	  x0:0x00000000
         115000	        10	80000010	00000417	auipc	x8,0x0	  x8=0x8000000c
         125000	        11	80000014	00c40413	addi	x8,x8,12	  x8:0x8000000c  x8=0x80000018
         135000	        12	80000018	00040067	jalr	x0,x8,0	  x8:0x80000018
         145000	        13	00000000	00000013	addi	x0,x0,0	  x0:0x00000000
         155000	        14	80000018	00000013	addi	x0,x0,0	  x0:0x00000000
         165000	        15	8000001c	40000ab7	lui	x21,0x40000	 x21=0x40000000
         175000	        16	80000020	100a8a93	addi	x21,x21,256	 x21:0x40000000 x21=0x40000100
         185000	        17	80000024	00000013	addi	x0,x0,0	  x0:0x00000000
         195000	        18	80000028	0000ac97	auipc	x25,0xa	 x25=0x8000a024
         205000	        19	8000002c	fa0c8c93	addi	x25,x25,-96	 x25:0x8000a024 x25=0x80009fc4
         215000	        20	80000030	00002a97	auipc	x21,0x2	 x21=0x8000202c
         225000	        21	80000034	f7ca8a93	addi	x21,x21,-132	 x21:0x8000202c x21=0x80001fa8
         235000	        22	80000038	000aea93	ori	x21,x21,0	 x21:0x80001fa8 x21=0x80001fa8
         245000	        23	8000003c	00000013	addi	x0,x0,0	  x0:0x00000000
         255000	        24	80000040	00000a97	auipc	x21,0x0	 x21=0x8000003c
         265000	        25	80000044	020a8a93	addi	x21,x21,32	 x21:0x8000003c x21=0x8000005c
         275000	        26	80000048	00000013	addi	x0,x0,0	  x0:0x00000000
         285000	        27	8000004c	00000013	addi	x0,x0,0	  x0:0x00000000
         295000	        28	80000050	00002ab7	lui	x21,0x2	 x21=0x00002000
         305000	        29	80000054	800a8a93	addi	x21,x21,-2048	 x21:0x00002000 x21=0x00001800
         315000	        30	80000058	00000013	addi	x0,x0,0	  x0:0x00000000
         325000	        31	8000005c	00000013	addi	x0,x0,0	  x0:0x00000000
         335000	        32	80000060	00000013	addi	x0,x0,0	  x0:0x00000000
         345000	        33	80000064	00400093	addi	x1,x0,4	  x0:0x00000000  x1=0x00000004
         355000	        34	80000068	80000137	lui	x2,0x80000	  x2=0x80000000
         365000	        35	8000006c	f0fe91b7	lui	x3,0xf0fe9	  x3=0xf0fe9000
         375000	        36	80000070	e7418193	addi	x3,x3,-396	  x3:0xf0fe9000  x3=0xf0fe8e74
         385000	        37	80000074	80000237	lui	x4,0x80000	  x4=0x80000000
         395000	        38	80000078	00300293	addi	x5,x0,3	  x0:0x00000000  x5=0x00000003
         405000	        39	8000007c	6a4e8337	lui	x6,0x6a4e8	  x6=0x6a4e8000
         415000	        40	80000080	66330313	addi	x6,x6,1635	  x6:0x6a4e8000  x6=0x6a4e8663
         425000	        41	80000084	800003b7	lui	x7,0x80000	  x7=0x80000000
         435000	        42	80000088	c362f437	lui	x8,0xc362f	  x8=0xc362f000
         445000	        43	8000008c	1c640413	addi	x8,x8,454	  x8:0xc362f000  x8=0xc362f1c6
         455000	        44	80000090	c55634b7	lui	x9,0xc5563	  x9=0xc5563000
         465000	        45	80000094	85248493	addi	x9,x9,-1966	  x9:0xc5563000  x9=0xc5562852
         475000	        46	80000098	00a00513	addi	x10,x0,10	  x0:0x00000000 x10=0x0000000a
         485000	        47	8000009c	00000613	addi	x12,x0,0	  x0:0x00000000 x12=0x00000000
         495000	        48	800000a0	00000693	addi	x13,x0,0	  x0:0x00000000 x13=0x00000000
         505000	        49	800000a4	80000737	lui	x14,0x80000	 x14=0x80000000
         515000	        50	800000a8	00400793	addi	x15,x0,4	  x0:0x00000000 x15=0x00000004
         525000	        51	800000ac	f7c0e837	lui	x16,0xf7c0e	 x16=0xf7c0e000
         535000	        52	800000b0	35c80813	addi	x16,x16,860	 x16:0xf7c0e000 x16=0xf7c0e35c
         545000	        53	800000b4	875258b7	lui	x17,0x87525	 x17=0x87525000
         555000	        54	800000b8	b3b88893	addi	x17,x17,-1221	 x17:0x87525000 x17=0x87524b3b
         565000	        55	800000bc	92f9d937	lui	x18,0x92f9d	 x18=0x92f9d000
         575000	        56	800000c0	4cd90913	addi	x18,x18,1229	 x18:0x92f9d000 x18=0x92f9d4cd
         585000	        57	800000c4	af2d19b7	lui	x19,0xaf2d1	 x19=0xaf2d1000
         595000	        58	800000c8	87598993	addi	x19,x19,-1931	 x19:0xaf2d1000 x19=0xaf2d0875
         605000	        59	800000cc	00000a13	addi	x20,x0,0	  x0:0x00000000 x20=0x00000000
         615000	        60	800000d0	fc4b2ab7	lui	x21,0xfc4b2	 x21=0xfc4b2000
         625000	        61	800000d4	f7ca8a93	addi	x21,x21,-132	 x21:0xfc4b2000 x21=0xfc4b1f7c
         635000	        62	800000d8	00d00b13	addi	x22,x0,13	  x0:0x00000000 x22=0x0000000d
         645000	        63	800000dc	ff01bbb7	lui	x23,0xff01b	 x23=0xff01b000
         655000	        64	800000e0	30eb8b93	addi	x23,x23,782	 x23:0xff01b000 x23=0xff01b30e
         665000	        65	800000e4	80000c37	lui	x24,0x80000	 x24=0x80000000
         675000	        66	800000e8	00000d13	addi	x26,x0,0	  x0:0x00000000 x26=0x00000000
         685000	        67	800000ec	00600d93	addi	x27,x0,6	  x0:0x00000000 x27=0x00000006
         695000	        68	800000f0	00600e13	addi	x28,x0,6	  x0:0x00000000 x28=0x00000006
         705000	        69	800000f4	faa45eb7	lui	x29,0xfaa45	 x29=0xfaa45000
         715000	        70	800000f8	fdee8e93	addi	x29,x29,-34	 x29:0xfaa45000 x29=0xfaa44fde
         725000	        71	800000fc	00800f13	addi	x30,x0,8	  x0:0x00000000 x30=0x00000008
         735000	        72	80000100	fcca4fb7	lui	x31,0xfcca4	 x31=0xfcca4000
         745000	        73	80000104	38df8f93	addi	x31,x31,909	 x31:0xfcca4000 x31=0xfcca438d
         755000	        74	80000108	0000a597	auipc	x11,0xa	 x11=0x8000a104
         765000	        75	8000010c	e8058593	addi	x11,x11,-384	 x11:0x8000a104 x11=0x80009f84
         775000	        76	80000110	00009117	auipc	x2,0x9	  x2=0x8000910c
         785000	        77	80000114	95d10113	addi	x2,x2,-1699	  x2:0x8000910c  x2=0x80008a69
         795000	        78	80000118	418c0eb3	sub	x29,x24,x24	 x24:0x80000000 x24:0x80000000 x29=0x00000000
         805000	        79	8000011c	40efdb33	sra	x22,x31,x14	 x31:0xfcca438d x14:0x80000000 x22=0xfcca438d
         815000	        80	80000120	29114503	lbu	x10,657(x2)	  x2:0x80008a69 x10=0x00000000 PA:0x80008cfa
         825000	        81	80000124	283118a3	sh	x3,657(x2)	  x2:0x80008a69  x3:0xf0fe8e74 PA:0x80008cfa
         835000	        82	80000128	cef58013	addi	x0,x11,-785	 x11:0x80009f84
         845000	        83	8000012c	2fb14883	lbu	x17,763(x2)	  x2:0x80008a69 x17=0x00000000 PA:0x80008d64
         855000	        84	80000130	2fb10283	lb	x5,763(x2)	  x2:0x80008a69  x5=0x00000000 PA:0x80008d64
         865000	        85	80000134	40125e13	srai	x28,x4,0x1	  x4:0x80000000 x28=0xc0000000
         875000	        86	80000138	2e812da3	sw	x8,763(x2)	  x2:0x80008a69  x8:0xc362f1c6 PA:0x80008d64
         885000	        87	8000013c	2fb14d03	lbu	x26,763(x2)	  x2:0x80008a69 x26=0x000000c6 PA:0x80008d64
         895000	        88	80000140	f0b11aa3	sh	x11,-235(x2)	  x2:0x80008a69 x11:0x80009f84 PA:0x8000897e
         905000	        89	80000144	f1e10aa3	sb	x30,-235(x2)	  x2:0x80008a69 x30:0x00000008 PA:0x8000897e
         915000	        90	80000148	3f014983	lbu	x19,1008(x2)	  x2:0x80008a69 x19=0x00000000 PA:0x80008e59
         925000	        91	8000014c	01585333	srl	x6,x16,x21	 x16:0xf7c0e35c x21:0xfc4b1f7c  x6=0x0000000f
         935000	        92	80000150	3f010a83	lb	x21,1008(x2)	  x2:0x80008a69 x21=0x00000000 PA:0x80008e59
         945000	        93	80000154	ffd11383	lh	x7,-3(x2)	  x2:0x80008a69  x7=0x00000000 PA:0x80008a66
         955000	        94	80000158	edc11ca3	sh	x28,-295(x2)	  x2:0x80008a69 x28:0xc0000000 PA:0x80008942
         965000	        95	8000015c	4d814183	lbu	x3,1240(x2)	  x2:0x80008a69  x3=0x00000000 PA:0x80008f41
         975000	        96	80000160	ee633897	auipc	x17,0xee633	 x17=0x6e63315c
         985000	        97	80000164	4d110c23	sb	x17,1240(x2)	  x2:0x80008a69 x17:0x6e63315c PA:0x80008f41
         995000	        98	80000168	fa810983	lb	x19,-88(x2)	  x2:0x80008a69 x19=0x00000000 PA:0x80008a11
        1005000	        99	8000016c	00008217	auipc	x4,0x8	  x4=0x80008168
        1015000	       100	80000170	efd20213	addi	x4,x4,-259	  x4:0x80008168  x4=0x80008065
        1025000	       101	80000174	25c212a3	sh	x28,581(x4)	  x4:0x80008065 x28:0xc0000000 PA:0x800082aa
        1035000	       102	80000178	14924383	lbu	x7,329(x4)	  x4:0x80008065  x7=0x00000000 PA:0x800081ae
        1045000	       103	8000017c	00008617	auipc	x12,0x8	 x12=0x80008178
        1055000	       104	80000180	5b960613	addi	x12,x12,1465	 x12:0x80008178 x12=0x80008731
        1065000	       105	80000184	4a520723	sb	x5,1198(x4)	  x4:0x80008065  x5:0x00000000 PA:0x80008513
        1075000	       106	80000188	00864503	lbu	x10,8(x12)	 x12:0x80008731 x10=0x00000000 PA:0x80008739
        1085000	       107	8000018c	be860e03	lb	x28,-1048(x12)	 x12:0x80008731 x28=0x00000000 PA:0x80008319
        1095000	       108	80000190	98860ca3	sb	x8,-1639(x12)	 x12:0x80008731  x8:0xc362f1c6 PA:0x800080ca
        1105000	       109	80000194	c1860e03	lb	x28,-1000(x12)	 x12:0x80008731 x28=0x00000000 PA:0x80008349
        1115000	       110	80000198	00824903	lbu	x18,8(x4)	  x4:0x80008065 x18=0x00000000 PA:0x8000806d
        1125000	       111	8000019c	4ad20c03	lb	x24,1197(x4)	  x4:0x80008065 x24=0x00000000 PA:0x80008512
        1135000	       112	800001a0	e8760f23	sb	x7,-354(x12)	 x12:0x80008731  x7:0x00000000 PA:0x800085cf
        1145000	       113	800001a4	68424003	lbu	x0,1668(x4)	  x4:0x80008065 PA:0x800086e9
        1155000	       114	800001a8	45321aa3	sh	x19,1109(x4)	  x4:0x80008065 x19:0x00000000 PA:0x800084ba
        1165000	       115	800001ac	c0c60923	sb	x12,-1006(x12)	 x12:0x80008731 x12:0x80008731 PA:0x80008343
        1175000	       116	800001b0	f4a64683	lbu	x13,-182(x12)	 x12:0x80008731 x13=0x00000000 PA:0x8000867b
        1185000	       117	800001b4	0e020e03	lb	x28,224(x4)	  x4:0x80008065 x28=0x00000000 PA:0x80008145
        1195000	       118	800001b8	ebb60b83	lb	x23,-325(x12)	 x12:0x80008731 x23=0x00000000 PA:0x800085ec
        1205000	       119	800001bc	00009217	auipc	x4,0x9	  x4=0x800091b8
        1215000	       120	800001c0	bcb20213	addi	x4,x4,-1077	  x4:0x800091b8  x4=0x80008d83
        1225000	       121	800001c4	01e667b3	or	x15,x12,x30	 x12:0x80008731 x30:0x00000008 x15=0x80008739
        1235000	       122	800001c8	0122da93	srli	x21,x5,0x12	  x5:0x00000000 x21=0x00000000
        1245000	       123	800001cc	f4e20603	lb	x12,-178(x4)	  x4:0x80008d83 x12=0x00000000 PA:0x80008cd1
        1255000	       124	800001d0	01b6e833	or	x16,x13,x27	 x13:0x00000000 x27:0x00000006 x16=0x00000006
        1265000	       125	800001d4	0177da33	srl	x20,x15,x23	 x15:0x80008739 x23:0x00000000 x20=0x80008739
        1275000	       126	800001d8	00000013	addi	x0,x0,0	  x0:0x00000000
        1285000	       127	800001dc	089219a3	sh	x9,147(x4)	  x4:0x80008d83  x9:0xc5562852 PA:0x80008e16
        1295000	       128	800001e0	87a9a517	auipc	x10,0x87a9a	 x10=0x07a9a1dc
        1305000	       129	800001e4	41e001b3	sub	x3,x0,x30	  x0:0x00000000 x30:0x00000008  x3=0xfffffff8
        1315000	       130	800001e8	01765b93	srli	x23,x12,0x17	 x12:0x00000000 x23=0x00000000
        1325000	       131	800001ec	7a0bc893	xori	x17,x23,1952	 x23:0x00000000 x17=0x000007a0
        1335000	       132	800001f0	41cf5933	sra	x18,x30,x28	 x30:0x00000008 x28:0x00000000 x18=0x00000008
        1345000	       133	800001f4	0083d133	srl	x2,x7,x8	  x7:0x00000000  x8:0xc362f1c6  x2=0x00000000
        1355000	       134	800001f8	00fdab33	slt	x22,x27,x15	 x27:0x00000006 x15:0x80008739 x22=0x00000000
        1365000	       135	800001fc	00054d33	xor	x26,x10,x0	 x10:0x07a9a1dc  x0:0x00000000 x26=0x07a9a1dc
        1375000	       136	80000200	1c552fb7	lui	x31,0x1c552	 x31=0x1c552000
        1385000	       137	80000204	f5051ab7	lui	x21,0xf5051	 x21=0xf5051000
        1395000	       138	80000208	01e61733	sll	x14,x12,x30	 x12:0x00000000 x30:0x00000008 x14=0x00000000
        1405000	       139	8000020c	015be1b3	or	x3,x23,x21	 x23:0x00000000 x21:0xf5051000  x3=0xf5051000
        1415000	       140	80000210	00466833	or	x16,x12,x4	 x12:0x00000000  x4:0x80008d83 x16=0x80008d83
        1425000	       141	80000214	07024a83	lbu	x21,112(x4)	  x4:0x80008d83 x21=0x00000000 PA:0x80008df3
        1435000	       142	80000218	3f6d0c17	auipc	x24,0x3f6d0	 x24=0xbf6d0214
        1445000	       143	8000021c	00001d33	sll	x26,x0,x0	  x0:0x00000000  x0:0x00000000 x26=0x00000000
        1455000	       144	80000220	403ad033	sra	x0,x21,x3	 x21:0x00000000  x3:0xf5051000
        1465000	       145	80000224	01b25983	lhu	x19,27(x4)	  x4:0x80008d83 x19=0x00000000 PA:0x80008d9e
        1475000	       146	80000228	00f21683	lh	x13,15(x4)	  x4:0x80008d83 x13=0x00000000 PA:0x80008d92
        1485000	       147	8000022c	05024b03	lbu	x22,80(x4)	  x4:0x80008d83 x22=0x00000000 PA:0x80008dd3
        1495000	       148	80000230	b6da6f17	auipc	x30,0xb6da6	 x30=0x36da622c
        1505000	       149	80000234	0bb25103	lhu	x2,187(x4)	  x4:0x80008d83  x2=0x00000000 PA:0x80008e3e
        1515000	       150	80000238	016ffab3	and	x21,x31,x22	 x31:0x1c552000 x22:0x00000000 x21=0x00000000
        1525000	       151	8000023c	00825d13	srli	x26,x4,0x8	  x4:0x80008d83 x26=0x0080008d
        1535000	       152	80000240	50c42a93	slti	x21,x8,1292	  x8:0xc362f1c6 x21=0x00000001
        1545000	       153	80000244	09620523	sb	x22,138(x4)	  x4:0x80008d83 x22:0x00000000 PA:0x80008e0d
        1555000	       154	80000248	fd424e83	lbu	x29,-44(x4)	  x4:0x80008d83 x29=0x00000000 PA:0x80008d57
        1565000	       155	8000024c	fc725f83	lhu	x31,-57(x4)	  x4:0x80008d83 x31=0x00000000 PA:0x80008d4a
        1575000	       156	80000250	8f50e013	ori	x0,x1,-1803	  x1:0x00000004
        1585000	       157	80000254	0030f0b3	and	x1,x1,x3	  x1:0x00000004  x3:0xf5051000  x1=0x00000000
        1595000	       158	80000258	ffa206a3	sb	x26,-19(x4)	  x4:0x80008d83 x26:0x0080008d PA:0x80008d70
        1605000	       159	8000025c	00009617	auipc	x12,0x9	 x12=0x80009258
        1615000	       160	80000260	ab160613	addi	x12,x12,-1359	 x12:0x80009258 x12=0x80008d09
        1625000	       161	80000264	02a60203	lb	x4,42(x12)	 x12:0x80008d09  x4=0x00000000 PA:0x80008d33
        1635000	       162	80000268	00008a17	auipc	x20,0x8	 x20=0x80008264
        1645000	       163	8000026c	641a0a13	addi	x20,x20,1601	 x20:0x80008264 x20=0x800088a5
        1655000	       164	80000270	01b64f03	lbu	x30,27(x12)	 x12:0x80008d09 x30=0x00000000 PA:0x80008d24
        1665000	       165	80000274	00008b97	auipc	x23,0x8	 x23=0x80008270
        1675000	       166	80000278	5d3b8b93	addi	x23,x23,1491	 x23:0x80008270 x23=0x80008843
        1685000	       167	8000027c	01e607a3	sb	x30,15(x12)	 x12:0x80008d09 x30:0x00000000 PA:0x80008d18
        1695000	       168	80000280	00009497	auipc	x9,0x9	  x9=0x8000927c
        1705000	       169	80000284	af148493	addi	x9,x9,-1295	  x9:0x8000927c  x9=0x80008d6d
        1715000	       170	80000288	fdba1e03	lh	x28,-37(x20)	 x20:0x800088a5 x28=0x00000000 PA:0x80008880
        1725000	       171	8000028c	f3f48423	sb	x31,-216(x9)	  x9:0x80008d6d x31:0x00000000 PA:0x80008c95
        1735000	       172	80000290	feda5d83	lhu	x27,-19(x20)	 x20:0x800088a5 x27=0x00000000 PA:0x80008892
        1745000	       173	80000294	00cb8003	lb	x0,12(x23)	 x23:0x80008843 PA:0x8000884f
        1755000	       174	80000298	fc762303	lw	x6,-57(x12)	 x12:0x80008d09  x6=0x00000000 PA:0x80008cd0
        1765000	       175	8000029c	03348723	sb	x19,46(x9)	  x9:0x80008d6d x19:0x00000000 PA:0x80008d9b
        1775000	       176	800002a0	fff49f03	lh	x30,-1(x9)	  x9:0x80008d6d x30=0x00000000 PA:0x80008d6c
        1785000	       177	800002a4	025a5103	lhu	x2,37(x20)	 x20:0x800088a5  x2=0x00000000 PA:0x800088ca
        1795000	       178	800002a8	02e60003	lb	x0,46(x12)	 x12:0x80008d09 PA:0x80008d37
        1805000	       179	800002ac	03160d23	sb	x17,58(x12)	 x12:0x80008d09 x17:0x000007a0 PA:0x80008d43
        1815000	       180	800002b0	ffdb8b23	sb	x29,-10(x23)	 x23:0x80008843 x29:0x00000000 PA:0x80008839
        1825000	       181	800002b4	01961203	lh	x4,25(x12)	 x12:0x80008d09  x4=0x00000000 PA:0x80008d22
        1835000	       182	800002b8	005bc183	lbu	x3,5(x23)	 x23:0x80008843  x3=0x00000000 PA:0x80008848
        1845000	       183	800002bc	fca48303	lb	x6,-54(x9)	  x9:0x80008d6d  x6=0x00000000 PA:0x80008d37
        1855000	       184	800002c0	00ba5683	lhu	x13,11(x20)	 x20:0x800088a5 x13=0x00000000 PA:0x800088b0
        1865000	       185	800002c4	0964a5a3	sw	x22,139(x9)	  x9:0x80008d6d x22:0x00000000 PA:0x80008df8
        1875000	       186	800002c8	00fb81a3	sb	x15,3(x23)	 x23:0x80008843 x15:0x80008739 PA:0x80008846
        1885000	       187	800002cc	03f65083	lhu	x1,63(x12)	 x12:0x80008d09  x1=0x00000000 PA:0x80008d48
        1895000	       188	800002d0	0b248f03	lb	x30,178(x9)	  x9:0x80008d6d x30=0x00000000 PA:0x80008e1f
        1905000	       189	800002d4	fe3a16a3	sh	x3,-19(x20)	 x20:0x800088a5  x3:0x00000000 PA:0x80008892
        1915000	       190	800002d8	fdaa0d03	lb	x26,-38(x20)	 x20:0x800088a5 x26=0x00000000 PA:0x8000887f
        1925000	       191	800002dc	ff8a00a3	sb	x24,-31(x20)	 x20:0x800088a5 x24:0xbf6d0214 PA:0x80008886
        1935000	       192	800002e0	f5548da3	sb	x21,-165(x9)	  x9:0x80008d6d x21:0x00000001 PA:0x80008cc8
        1945000	       193	800002e4	005b8083	lb	x1,5(x23)	 x23:0x80008843  x1=0x00000000 PA:0x80008848
        1955000	       194	800002e8	fc9a0aa3	sb	x9,-43(x20)	 x20:0x800088a5  x9:0x80008d6d PA:0x8000887a
        1965000	       195	800002ec	06548c03	lb	x24,101(x9)	  x9:0x80008d6d x24=0x00000000 PA:0x80008dd2
        1975000	       196	800002f0	017a0ca3	sb	x23,25(x20)	 x20:0x800088a5 x23:0x80008843 PA:0x800088be
        1985000	       197	800002f4	00008617	auipc	x12,0x8	 x12=0x800082f0
        1995000	       198	800002f8	0f560613	addi	x12,x12,245	 x12:0x800082f0 x12=0x800083e5
        2005000	       199	800002fc	00165113	srli	x2,x12,0x1	 x12:0x800083e5  x2=0x400041f2
        2015000	       200	80000300	012402b3	add	x5,x8,x18	  x8:0xc362f1c6 x18:0x00000008  x5=0xc362f1ce
        2025000	       201	80000304	ff660983	lb	x19,-10(x12)	 x12:0x800083e5 x19=0x00000000 PA:0x800083db
        2035000	       202	80000308	01641a13	slli	x20,x8,0x16	  x8:0xc362f1c6 x20=0x71800000
        2045000	       203	8000030c	fe462da3	sw	x4,-5(x12)	 x12:0x800083e5  x4:0x00000000 PA:0x800083e0
        2055000	       204	80000310	ff660103	lb	x2,-10(x12)	 x12:0x800083e5  x2=0x00000000 PA:0x800083db
        2065000	       205	80000314	00d61783	lh	x15,13(x12)	 x12:0x800083e5 x15=0x00000000 PA:0x800083f2
        2075000	       206	80000318	00560983	lb	x19,5(x12)	 x12:0x800083e5 x19=0x00000000 PA:0x800083ea
        2085000	       207	00000000	00000013	addi	x0,x0,0	  x0:0x00000000
        2095000	       208	8000031c	010983b3	add	x7,x19,x16	 x19:0x00000000 x16:0x80008d83  x7=0x80008d83
        2105000	       209	80000320	01129e93	slli	x29,x5,0x11	  x5:0xc362f1ce x29=0xe39c0000
        2115000	       210	80000324	002e5033	srl	x0,x28,x2	 x28:0x00000000  x2:0x00000000
        2125000	       211	80000328	ffb60d83	lb	x27,-5(x12)	 x12:0x800083e5 x27=0x00000000 PA:0x800083e0
        2135000	       212	8000032c	00364103	lbu	x2,3(x12)	 x12:0x800083e5  x2=0x00000000 PA:0x800083e8
        2145000	       213	80000330	a2b04513	xori	x10,x0,-1493	  x0:0x00000000 x10=0xfffffa2b
        2155000	       214	80000334	a7d8ba93	sltiu	x21,x17,-1411	 x17:0x000007a0 x21=0x00000001
        2165000	       215	80000338	ff165083	lhu	x1,-15(x12)	 x12:0x800083e5  x1=0x00000000 PA:0x800083d6
        2175000	       216	8000033c	ffa64703	lbu	x14,-6(x12)	 x12:0x800083e5 x14=0x00000000 PA:0x800083df
        2185000	       217	80000340	fe561ca3	sh	x5,-7(x12)	 x12:0x800083e5  x5:0xc362f1ce PA:0x800083de
        2195000	       218	80000344	007e33b3	sltu	x7,x28,x7	 x28:0x00000000  x7:0x80008d83  x7=0x00000001
        2205000	       219	80000348	01a89233	sll	x4,x17,x26	 x17:0x000007a0 x26:0x00000000  x4=0x000007a0
        2215000	       220	8000034c	00864303	lbu	x6,8(x12)	 x12:0x800083e5  x6=0x00000000 PA:0x800083ed
        2225000	       221	80000350	01060b83	lb	x23,16(x12)	 x12:0x800083e5 x23=0x00000000 PA:0x800083f5
        2235000	       222	80000354	6284ce93	xori	x29,x9,1576	  x9:0x80008d6d x29=0x80008b45
        2245000	       223	80000358	ffa60203	lb	x4,-6(x12)	 x12:0x800083e5  x4=0xfffffff1 PA:0x800083df
        2255000	       224	8000035c	01d9e2b3	or	x5,x19,x29	 x19:0x00000000 x29:0x80008b45  x5=0x80008b45
        2265000	       225	80000360	00c64983	lbu	x19,12(x12)	 x12:0x800083e5 x19=0x00000000 PA:0x800083f1
        2275000	       226	80000364	00464003	lbu	x0,4(x12)	 x12:0x800083e5 PA:0x800083e9
        2285000	       227	80000368	ffe60e83	lb	x29,-2(x12)	 x12:0x800083e5 x29=0x00000000 PA:0x800083e3
        2295000	       228	8000036c	00860c03	lb	x24,8(x12)	 x12:0x800083e5 x24=0x00000000 PA:0x800083ed
        2305000	       229	80000370	00d91b93	slli	x23,x18,0xd	 x18:0x00000008 x23=0x00010000
        2315000	       230	80000374	ff565903	lhu	x18,-11(x12)	 x12:0x800083e5 x18=0x00000000 PA:0x800083da
        2325000	       231	80000378	01c60423	sb	x28,8(x12)	 x12:0x800083e5 x28:0x00000000 PA:0x800083ed
        2335000	       232	8000037c	00460983	lb	x19,4(x12)	 x12:0x800083e5 x19=0x00000000 PA:0x800083e9
        2345000	       233	80000380	69014c13	xori	x24,x2,1680	  x2:0x00000000 x24=0x00000690
        2355000	       234	80000384	010611a3	sh	x16,3(x12)	 x12:0x800083e5 x16:0x80008d83 PA:0x800083e8
        2365000	       235	80000388	f498a793	slti	x15,x17,-183	 x17:0x000007a0 x15=0x00000000
        2375000	       236	8000038c	40a55233	sra	x4,x10,x10	 x10:0xfffffa2b x10:0xfffffa2b  x4=0xffffffff
        2385000	       237	80000390	016e59b3	srl	x19,x28,x22	 x28:0x00000000 x22:0x00000000 x19=0x00000000
        2395000	       238	80000394	67968a13	addi	x20,x13,1657	 x13:0x00000000 x20=0x00000679
        2405000	       239	80000398	01c74033	xor	x0,x14,x28	 x14:0x00000000 x28:0x00000000
        2415000	       240	8000039c	4190d213	srai	x4,x1,0x19	  x1:0x00000000  x4=0x00000000
        2425000	       241	800003a0	ff561b03	lh	x22,-11(x12)	 x12:0x800083e5 x22=0x00000000 PA:0x800083da
        2435000	       242	800003a4	01079993	slli	x19,x15,0x10	 x15:0x00000000 x19=0x00000000
        2445000	       243	800003a8	01a9bdb3	sltu	x27,x19,x26	 x19:0x00000000 x26:0x00000000 x27=0x00000000
        2455000	       244	800003ac	c0e7d017	auipc	x0,0xc0e7d	
        2465000	       245	800003b0	10d06993	ori	x19,x0,269	  x0:0x00000000 x19=0x0000010d
        2475000	       246	800003b4	ff060783	lb	x15,-16(x12)	 x12:0x800083e5 x15=0x00000000 PA:0x800083d5
        2485000	       247	800003b8	01060a83	lb	x21,16(x12)	 x12:0x800083e5 x21=0x00000000 PA:0x800083f5
        2495000	       248	800003bc	00a60f03	lb	x30,10(x12)	 x12:0x800083e5 x30=0x00000000 PA:0x800083ef
        2505000	       249	800003c0	00d64f83	lbu	x31,13(x12)	 x12:0x800083e5 x31=0x00000000 PA:0x800083f2
        2515000	       250	800003c4	01794a33	xor	x20,x18,x23	 x18:0x00000000 x23:0x00010000 x20=0x00010000
        2525000	       251	800003c8	00000013	addi	x0,x0,0	  x0:0x00000000
        2535000	       252	800003cc	0116d833	srl	x16,x13,x17	 x13:0x00000000 x17:0x000007a0 x16=0x00000000
        2545000	       253	800003d0	c1cd4c13	xori	x24,x26,-996	 x26:0x00000000 x24=0xfffffc1c
        2555000	       254	800003d4	fff64e83	lbu	x29,-1(x12)	 x12:0x800083e5 x29=0x00000000 PA:0x800083e4
        2565000	       255	800003d8	00008097	auipc	x1,0x8	  x1=0x800083d4
        2575000	       256	800003dc	fa208093	addi	x1,x1,-94	  x1:0x800083d4  x1=0x80008376
        2585000	       257	800003e0	f8a08483	lb	x9,-118(x1)	  x1:0x80008376  x9=0x00000000 PA:0x80008300
        2595000	       258	800003e4	23882793	slti	x15,x16,568	 x16:0x00000000 x15=0x00000001
        2605000	       259	800003e8	f3e09523	sh	x30,-214(x1)	  x1:0x80008376 x30:0x00000000 PA:0x800082a0
        2615000	       260	800003ec	06a0cb83	lbu	x23,106(x1)	  x1:0x80008376 x23=0x00000000 PA:0x800083e0
        2625000	       261	800003f0	40d5df13	srai	x30,x11,0xd	 x11:0x80009f84 x30=0xfffc0004
        2635000	       262	800003f4	03608ea3	sb	x22,61(x1)	  x1:0x80008376 x22:0x00000000 PA:0x800083b3
        2645000	       263	800003f8	d1cd0e93	addi	x29,x26,-740	 x26:0x00000000 x29=0xfffffd1c
        2655000	       264	800003fc	0198d833	srl	x16,x17,x25	 x17:0x000007a0 x25:0x80009fc4 x16=0x0000007a
        2665000	       265	80000400	3913c293	xori	x5,x7,913	  x7:0x00000001  x5=0x00000390
        2675000	       266	80000404	005e8c33	add	x24,x29,x5	 x29:0xfffffd1c  x5:0x00000390 x24=0x000000ac
        2685000	       267	80000408	f860c503	lbu	x10,-122(x1)	  x1:0x80008376 x10=0x00000000 PA:0x800082fc
        2695000	       268	8000040c	f980dd03	lhu	x26,-104(x1)	  x1:0x80008376 x26=0x00000000 PA:0x8000830e
        2705000	       269	80000410	003798b3	sll	x17,x15,x3	 x15:0x00000001  x3:0x00000000 x17=0x00000001
        2715000	       270	80000414	ef1da713	slti	x14,x27,-271	 x27:0x00000000 x14=0x00000000
        2725000	       271	80000418	0230cd83	lbu	x27,35(x1)	  x1:0x80008376 x27=0x00000000 PA:0x80008399
        2735000	       272	8000041c	0080cd03	lbu	x26,8(x1)	  x1:0x80008376 x26=0x00000000 PA:0x8000837e
        2745000	       273	80000420	0f753f93	sltiu	x31,x10,247	 x10:0x00000000 x31=0x00000001
        2755000	       274	80000424	f170c783	lbu	x15,-233(x1)	  x1:0x80008376 x15=0x00000000 PA:0x8000828d
        2765000	       275	80000428	008c1a33	sll	x20,x24,x8	 x24:0x000000ac  x8:0xc362f1c6 x20=0x00002b00
        2775000	       276	8000042c	00d08703	lb	x14,13(x1)	  x1:0x80008376 x14=0x00000000 PA:0x80008383
        2785000	       277	80000430	00c08523	sb	x12,10(x1)	  x1:0x80008376 x12:0x800083e5 PA:0x80008380
        2795000	       278	80000434	fbd09023	sh	x29,-96(x1)	  x1:0x80008376 x29:0xfffffd1c PA:0x80008316
        2805000	       279	80000438	0f50c903	lbu	x18,245(x1)	  x1:0x80008376 x18=0x00000000 PA:0x8000846b
        2815000	       280	8000043c	434a9037	lui	x0,0x434a9	
        2825000	       281	80000440	0ed08d83	lb	x27,237(x1)	  x1:0x80008376 x27=0x00000000 PA:0x80008463
        2835000	       282	80000444	0c508783	lb	x15,197(x1)	  x1:0x80008376 x15=0x00000000 PA:0x8000843b
        2845000	       283	80000448	b856fb13	andi	x22,x13,-1147	 x13:0x00000000 x22=0x00000000
        2855000	       284	8000044c	f9409803	lh	x16,-108(x1)	  x1:0x80008376 x16=0x00000000 PA:0x8000830a
        2865000	       285	80000450	0f60a323	sw	x22,230(x1)	  x1:0x80008376 x22:0x00000000 PA:0x8000845c
        2875000	       286	80000454	dcee3197	auipc	x3,0xdcee3	  x3=0x5cee3450
        2885000	       287	80000458	9bc33b93	sltiu	x23,x6,-1604	  x6:0x00000000 x23=0x00000001
        2895000	       288	8000045c	00f437b3	sltu	x15,x8,x15	  x8:0xc362f1c6 x15:0x00000000 x15=0x00000000
        2905000	       289	80000460	00e09003	lh	x0,14(x1)	  x1:0x80008376 PA:0x80008384
        2915000	       290	80000464	00008117	auipc	x2,0x8	  x2=0x80008460
        2925000	       291	80000468	e8c10113	addi	x2,x2,-372	  x2:0x80008460  x2=0x800082ec
        2935000	       292	8000046c	03910503	lb	x10,57(x2)	  x2:0x800082ec x10=0x00000000 PA:0x80008325
        2945000	       293	80000470	0da11603	lh	x12,218(x2)	  x2:0x800082ec x12=0x00000000 PA:0x800083c6
        2955000	       294	80000474	00000013	addi	x0,x0,0	  x0:0x00000000
        2965000	       295	80000478	07d10aa3	sb	x29,117(x2)	  x2:0x800082ec x29:0xfffffd1c PA:0x80008361
        2975000	       296	8000047c	00617033	and	x0,x2,x6	  x2:0x800082ec  x6:0x00000000
        2985000	       297	80000480	5e30ef17	auipc	x30,0x5e30e	 x30=0xde30e47c
        2995000	       298	80000484	0c2101a3	sb	x2,195(x2)	  x2:0x800082ec  x2:0x800082ec PA:0x800083af
        3005000	       299	80000488	f5b14083	lbu	x1,-165(x2)	  x2:0x800082ec  x1=0x00000000 PA:0x80008247
        3015000	       300	8000048c	0db106a3	sb	x27,205(x2)	  x2:0x800082ec x27:0x00000000 PA:0x800083b9
        3025000	       301	80000490	00cc09b3	add	x19,x24,x12	 x24:0x000000ac x12:0x00000000 x19=0x000000ac
        3035000	       302	80000494	f7011d23	sh	x16,-134(x2)	  x2:0x800082ec x16:0x00000000 PA:0x80008266
        3045000	       303	80000498	fb215f03	lhu	x30,-78(x2)	  x2:0x800082ec x30=0x00000000 PA:0x8000829e
        3055000	       304	8000049c	00914d03	lbu	x26,9(x2)	  x2:0x800082ec x26=0x00000000 PA:0x800082f5
        3065000	       305	00000000	00000013	addi	x0,x0,0	  x0:0x00000000
        3075000	       306	800004a0	41a854b3	sra	x9,x16,x26	 x16:0x00000000 x26:0x00000000  x9=0x00000000
        3085000	       307	800004a4	40d500b3	sub	x1,x10,x13	 x10:0x00000000 x13:0x00000000  x1=0x00000000
        3095000	       308	800004a8	09911423	sh	x25,136(x2)	  x2:0x800082ec x25:0x80009fc4 PA:0x80008374
        3105000	       309	800004ac	01682633	slt	x12,x16,x22	 x16:0x00000000 x22:0x00000000 x12=0x00000000
        3115000	       310	800004b0	f5514483	lbu	x9,-171(x2)	  x2:0x800082ec  x9=0x00000000 PA:0x80008241
        3125000	       311	800004b4	012f31b3	sltu	x3,x30,x18	 x30:0x00000000 x18:0x00000000  x3=0x00000000
        3135000	       312	800004b8	fd4105a3	sb	x20,-53(x2)	  x2:0x800082ec x20:0x00002b00 PA:0x800082b7
        3145000	       313	800004bc	f4812c03	lw	x24,-184(x2)	  x2:0x800082ec x24=0x00000000 PA:0x80008234
        3155000	       314	800004c0	f6114303	lbu	x6,-159(x2)	  x2:0x800082ec  x6=0x00000000 PA:0x8000824d
        3165000	       315	800004c4	b2817e93	andi	x29,x2,-1240	  x2:0x800082ec x29=0x80008228
        3175000	       316	800004c8	406059b3	sra	x19,x0,x6	  x0:0x00000000  x6:0x00000000 x19=0x00000000
        3185000	       317	800004cc	a0763393	sltiu	x7,x12,-1529	 x12:0x00000000  x7=0x00000001
        3195000	       318	800004d0	04015883	lhu	x17,64(x2)	  x2:0x800082ec x17=0x00000000 PA:0x8000832c
        3205000	       319	800004d4	00000013	addi	x0,x0,0	  x0:0x00000000
        3215000	       320	800004d8	01f4e533	or	x10,x9,x31	  x9:0x00000000 x31:0x00000001 x10=0x00000001
        3225000	       321	800004dc	085103a3	sb	x5,135(x2)	  x2:0x800082ec  x5:0x00000390 PA:0x80008373
        3235000	       322	800004e0	01356f33	or	x30,x10,x19	 x10:0x00000001 x19:0x00000000 x30=0x00000001
        3245000	       323	800004e4	40c0d213	srai	x4,x1,0xc	  x1:0x00000000  x4=0x00000000
        3255000	       324	800004e8	ba2c7293	andi	x5,x24,-1118	 x24:0x00000000  x5=0x00000000
        3265000	       325	800004ec	f7c12d83	lw	x27,-132(x2)	  x2:0x800082ec x27=0x00000000 PA:0x80008268
        3275000	       326	800004f0	0fa108a3	sb	x26,241(x2)	  x2:0x800082ec x26:0x00000000 PA:0x800083dd
        3285000	       327	800004f4	f3b10e03	lb	x28,-197(x2)	  x2:0x800082ec x28=0x00000000 PA:0x80008227
        3295000	       328	800004f8	00000013	addi	x0,x0,0	  x0:0x00000000
        3305000	       329	800004fc	00325013	srli	x0,x4,0x3	  x4:0x00000000
        3315000	       330	80000500	001abdb3	sltu	x27,x21,x1	 x21:0x00000000  x1:0x00000000 x27=0x00000000
        3325000	       331	80000504	003d6f33	or	x30,x26,x3	 x26:0x00000000  x3:0x00000000 x30=0x00000000
        3335000	       332	80000508	00bc9533	sll	x10,x25,x11	 x25:0x80009fc4 x11:0x80009f84 x10=0x0009fc40
        3345000	       333	8000050c	ff848c13	addi	x24,x9,-8	  x9:0x00000000 x24=0xfffffff8
        3355000	       334	80000510	fd010523	sb	x16,-54(x2)	  x2:0x800082ec x16:0x00000000 PA:0x800082b6
        3365000	       335	80000514	41410533	sub	x10,x2,x20	  x2:0x800082ec x20:0x00002b00 x10=0x800057ec
        3375000	       336	80000518	0e910483	lb	x9,233(x2)	  x2:0x800082ec  x9=0x00000000 PA:0x800083d5
        3385000	       337	8000051c	0059e533	or	x10,x19,x5	 x19:0x00000000  x5:0x00000000 x10=0x00000000
        3395000	       338	80000520	0bc15503	lhu	x10,188(x2)	  x2:0x800082ec x10=0x00000000 PA:0x800083a8
        3405000	       339	80000524	ff714203	lbu	x4,-9(x2)	  x2:0x800082ec  x4=0x00000000 PA:0x800082e3
        3415000	       340	80000528	fc914803	lbu	x16,-55(x2)	  x2:0x800082ec x16=0x00000000 PA:0x800082b5
        3425000	       341	8000052c	01e89333	sll	x6,x17,x30	 x17:0x00000000 x30:0x00000000  x6=0x00000000
        3435000	       342	80000530	f3934a93	xori	x21,x6,-199	  x6:0x00000000 x21=0xffffff39
        3445000	       343	80000534	702f7697	auipc	x13,0x702f7	 x13=0xf02f7530
        3455000	       344	80000538	09d10283	lb	x5,157(x2)	  x2:0x800082ec  x5=0x00000000 PA:0x80008389
        3465000	       345	8000053c	0120f033	and	x0,x1,x18	  x1:0x00000000 x18:0x00000000
        3475000	       346	80000540	00a0da93	srli	x21,x1,0xa	  x1:0x00000000 x21=0x00000000
        3485000	       347	80000544	0f514a83	lbu	x21,245(x2)	  x2:0x800082ec x21=0x00000000 PA:0x800083e1
        3495000	       348	80000548	05810483	lb	x9,88(x2)	  x2:0x800082ec  x9=0x00000000 PA:0x80008344
        3505000	       349	8000054c	fa210ea3	sb	x2,-67(x2)	  x2:0x800082ec  x2:0x800082ec PA:0x800082a9
        3515000	       350	80000550	00008117	auipc	x2,0x8	  x2=0x8000854c
        3525000	       351	80000554	c2210113	addi	x2,x2,-990	  x2:0x8000854c  x2=0x8000816e
        3535000	       352	80000558	01f70ab3	add	x21,x14,x31	 x14:0x00000000 x31:0x00000001 x21=0x00000001
        3545000	       353	8000055c	00214383	lbu	x7,2(x2)	  x2:0x8000816e  x7=0x00000000 PA:0x80008170
        3555000	       354	80000560	00e107a3	sb	x14,15(x2)	  x2:0x8000816e x14:0x00000000 PA:0x8000817d
        3565000	       355	80000564	00212383	lw	x7,2(x2)	  x2:0x8000816e  x7=0x00000000 PA:0x80008170
        3575000	       356	80000568	40a9d3b3	sra	x7,x19,x10	 x19:0x00000000 x10:0x00000000  x7=0x00000000
        3585000	       357	8000056c	40665633	sra	x12,x12,x6	 x12:0x00000000  x6:0x00000000 x12=0x00000000
        3595000	       358	80000570	00f10483	lb	x9,15(x2)	  x2:0x8000816e  x9=0x00000000 PA:0x8000817d
        3605000	       359	80000574	00a12303	lw	x6,10(x2)	  x2:0x8000816e  x6=0x00000000 PA:0x80008178
        3615000	       360	00000000	00000013	addi	x0,x0,0	  x0:0x00000000
        3625000	       361	80000578	00611203	lh	x4,6(x2)	  x2:0x8000816e  x4=0x00000000 PA:0x80008174
        3635000	       362	8000057c	fec10923	sb	x12,-14(x2)	  x2:0x8000816e x12:0x00000000 PA:0x80008160
        3645000	       363	80000580	001f68b3	or	x17,x30,x1	 x30:0x00000000  x1:0x00000000 x17=0x00000000
        3655000	       364	80000584	fe810da3	sb	x8,-5(x2)	  x2:0x8000816e  x8:0xc362f1c6 PA:0x80008169
        3665000	       365	80000588	ffb10c03	lb	x24,-5(x2)	  x2:0x8000816e x24=0xffffffc6 PA:0x80008169
        3675000	       366	8000058c	ffb10c03	lb	x24,-5(x2)	  x2:0x8000816e x24=0xffffffc6 PA:0x80008169
        3685000	       367	80000590	00f14f03	lbu	x30,15(x2)	  x2:0x8000816e x30=0x00000000 PA:0x8000817d
        3695000	       368	80000594	00aaffb3	and	x31,x21,x10	 x21:0x00000001 x10:0x00000000 x31=0x00000000
        3705000	       369	80000598	016107a3	sb	x22,15(x2)	  x2:0x8000816e x22:0x00000000 PA:0x8000817d
        3715000	       370	8000059c	fef11823	sh	x15,-16(x2)	  x2:0x8000816e x15:0x00000000 PA:0x8000815e
        3725000	       371	800005a0	ff014203	lbu	x4,-16(x2)	  x2:0x8000816e  x4=0x00000000 PA:0x8000815e
        3735000	       372	800005a4	00008617	auipc	x12,0x8	 x12=0x800085a0
        3745000	       373	800005a8	bf160613	addi	x12,x12,-1039	 x12:0x800085a0 x12=0x80008191
        3755000	       374	800005ac	00008f17	auipc	x30,0x8	 x30=0x800085a8
        3765000	       375	800005b0	f46f0f13	addi	x30,x30,-186	 x30:0x800085a8 x30=0x800084ee
        3775000	       376	800005b4	ff1610a3	sh	x17,-31(x12)	 x12:0x80008191 x17:0x00000000 PA:0x80008172
        3785000	       377	800005b8	01ff1023	sh	x31,0(x30)	 x30:0x800084ee x31:0x00000000 PA:0x800084ee
        3795000	       378	800005bc	ff3f4203	lbu	x4,-13(x30)	 x30:0x800084ee  x4=0x00000000 PA:0x800084e1
        3805000	       379	800005c0	f17612a3	sh	x23,-251(x12)	 x12:0x80008191 x23:0x00000001 PA:0x80008096
        3815000	       380	800005c4	fe860483	lb	x9,-24(x12)	 x12:0x80008191  x9=0x00000000 PA:0x80008179
        3825000	       381	800005c8	ff2f4503	lbu	x10,-14(x30)	 x30:0x800084ee x10=0x00000000 PA:0x800084e0
        3835000	       382	800005cc	01ef03a3	sb	x30,7(x30)	 x30:0x800084ee x30:0x800084ee PA:0x800084f5
        3845000	       383	800005d0	ffaf0fa3	sb	x26,-1(x30)	 x30:0x800084ee x26:0x00000000 PA:0x800084ed
        3855000	       384	800005d4	07b60103	lb	x2,123(x12)	 x12:0x80008191  x2=0x00000000 PA:0x8000820c
        3865000	       385	800005d8	f9762fa3	sw	x23,-97(x12)	 x12:0x80008191 x23:0x00000001 PA:0x80008130
        3875000	       386	800005dc	f1160803	lb	x16,-239(x12)	 x12:0x80008191 x16=0x00000000 PA:0x800080a2
        3885000	       387	800005e0	0da613a3	sh	x26,199(x12)	 x12:0x80008191 x26:0x00000000 PA:0x80008258
        3895000	       388	800005e4	01af1823	sh	x26,16(x30)	 x30:0x800084ee x26:0x00000000 PA:0x800084fe
        3905000	       389	800005e8	05960023	sb	x25,64(x12)	 x12:0x80008191 x25:0x80009fc4 PA:0x800081d1
        3915000	       390	800005ec	fe4f1e23	sh	x4,-4(x30)	 x30:0x800084ee  x4:0x00000000 PA:0x800084ea
        3925000	       391	800005f0	00008117	auipc	x2,0x8	  x2=0x800085ec
        3935000	       392	800005f4	b6b10113	addi	x2,x2,-1173	  x2:0x800085ec  x2=0x80008157
        3945000	       393	800005f8	00008217	auipc	x4,0x8	  x4=0x800085f4
        3955000	       394	800005fc	aa720213	addi	x4,x4,-1369	  x4:0x800085f4  x4=0x8000809b
        3965000	       395	80000600	ff911a83	lh	x21,-7(x2)	  x2:0x80008157 x21=0x00000000 PA:0x80008150
        3975000	       396	80000604	25f25883	lhu	x17,607(x4)	  x4:0x8000809b x17=0x00000000 PA:0x800082fa
        3985000	       397	80000608	64b21ba3	sh	x11,1623(x4)	  x4:0x8000809b x11:0x80009f84 PA:0x800086f2
        3995000	       398	8000060c	01910423	sb	x25,8(x2)	  x2:0x80008157 x25:0x80009fc4 PA:0x8000815f
        4005000	       399	80000610	48320ba3	sb	x3,1175(x4)	  x4:0x8000809b  x3:0x00000000 PA:0x80008532
        4015000	       400	80000614	003104a3	sb	x3,9(x2)	  x2:0x80008157  x3:0x00000000 PA:0x80008160
        4025000	       401	80000618	6b720703	lb	x14,1719(x4)	  x4:0x8000809b x14=0x00000000 PA:0x80008752
        4035000	       402	8000061c	fff14483	lbu	x9,-1(x2)	  x2:0x80008157  x9=0x00000000 PA:0x80008156
        4045000	       403	80000620	00b114a3	sh	x11,9(x2)	  x2:0x80008157 x11:0x80009f84 PA:0x80008160
        4055000	       404	80000624	6d320803	lb	x16,1747(x4)	  x4:0x8000809b x16=0x00000000 PA:0x8000876e
        4065000	       405	80000628	01b10023	sb	x27,0(x2)	  x2:0x80008157 x27:0x00000000 PA:0x80008157
        4075000	       406	8000062c	ff210003	lb	x0,-14(x2)	  x2:0x80008157 PA:0x80008149
        4085000	       407	80000630	00311083	lh	x1,3(x2)	  x2:0x80008157  x1=0x00000000 PA:0x8000815a
        4095000	       408	80000634	2cf25d03	lhu	x26,719(x4)	  x4:0x8000809b x26=0x00000000 PA:0x8000836a
        4105000	       409	80000638	49720323	sb	x23,1158(x4)	  x4:0x8000809b x23:0x00000001 PA:0x80008521
        4115000	       410	8000063c	00008117	auipc	x2,0x8	  x2=0x80008638
        4125000	       411	80000640	fe910113	addi	x2,x2,-23	  x2:0x80008638  x2=0x80008621
        4135000	       412	80000644	0e414b83	lbu	x23,228(x2)	  x2:0x80008621 x23=0x00000000 PA:0x80008705
        4145000	       413	80000648	0d410003	lb	x0,212(x2)	  x2:0x80008621 PA:0x800086f5
        4155000	       414	8000064c	01f75913	srli	x18,x14,0x1f	 x14:0x00000000 x18=0x00000000
        4165000	       415	80000650	00769db3	sll	x27,x13,x7	 x13:0xf02f7530  x7:0x00000000 x27=0xf02f7530
        4175000	       416	80000654	0147b233	sltu	x4,x15,x20	 x15:0x00000000 x20:0x00002b00  x4=0x00000001
        4185000	       417	80000658	41485db3	sra	x27,x16,x20	 x16:0x00000000 x20:0x00002b00 x27=0x00000000
        4195000	       418	8000065c	0d410883	lb	x17,212(x2)	  x2:0x80008621 x17=0x00000000 PA:0x800086f5
        4205000	       419	80000660	00d14d03	lbu	x26,13(x2)	  x2:0x80008621 x26=0x00000000 PA:0x8000862e
        4215000	       420	80000664	0086d093	srli	x1,x13,0x8	 x13:0xf02f7530  x1=0x00f02f75
        4225000	       421	80000668	00d10803	lb	x16,13(x2)	  x2:0x80008621 x16=0x00000000 PA:0x8000862e
        4235000	       422	8000066c	00810123	sb	x8,2(x2)	  x2:0x80008621  x8:0xc362f1c6 PA:0x80008623
        4245000	       423	80000670	00210483	lb	x9,2(x2)	  x2:0x80008621  x9=0xffffffc6 PA:0x80008623
        4255000	       424	80000674	09b12d83	lw	x27,155(x2)	  x2:0x80008621 x27=0x00000000 PA:0x800086bc
        4265000	       425	00000000	00000013	addi	x0,x0,0	  x0:0x00000000
        4275000	       426	80000678	09b11903	lh	x18,155(x2)	  x2:0x80008621 x18=0x00000000 PA:0x800086bc
        4285000	       427	8000067c	09b14c03	lbu	x24,155(x2)	  x2:0x80008621 x24=0x00000000 PA:0x800086bc
        4295000	       428	00000000	00000013	addi	x0,x0,0	  x0:0x00000000
        4305000	       429	80000680	018dff33	and	x30,x27,x24	 x27:0x00000000 x24:0x00000000 x30=0x00000000
        4315000	       430	80000684	08c11da3	sh	x12,155(x2)	  x2:0x80008621 x12:0x80008191 PA:0x800086bc
        4325000	       431	80000688	03311783	lh	x15,51(x2)	  x2:0x80008621 x15=0x00000000 PA:0x80008654
        4335000	       432	8000068c	fe414903	lbu	x18,-28(x2)	  x2:0x80008621 x18=0x00000000 PA:0x80008605
        4345000	       433	80000690	f5710aa3	sb	x23,-171(x2)	  x2:0x80008621 x23:0x00000000 PA:0x80008576
        4355000	       434	80000694	f4310aa3	sb	x3,-171(x2)	  x2:0x80008621  x3:0x00000000 PA:0x80008576
        4365000	       435	80000698	0a115203	lhu	x4,161(x2)	  x2:0x80008621  x4=0x00000000 PA:0x800086c2
        4375000	       436	8000069c	41e95013	srai	x0,x18,0x1e	 x18:0x00000000
        4385000	       437	800006a0	08f06193	ori	x3,x0,143	  x0:0x00000000  x3=0x0000008f
        4395000	       438	800006a4	013108b3	add	x17,x2,x19	  x2:0x80008621 x19:0x00000000 x17=0x80008621
        4405000	       439	800006a8	01599613	slli	x12,x19,0x15	 x19:0x00000000 x12=0x00000000
        4415000	       440	800006ac	01ba7c33	and	x24,x20,x27	 x20:0x00002b00 x27:0x00000000 x24=0x00000000
        4425000	       441	800006b0	00156463	bltu	x10,x1,800006b8	 x10:0x00000000  x1:0x00f02f75
        4435000	       442	00000000	00000013	addi	x0,x0,0	  x0:0x00000000
        4445000	       443	800006b4	00000013	addi	x0,x0,0	  x0:0x00000000
        4455000	       444	800006b8	41b7d013	srai	x0,x15,0x1b	 x15:0x00000000
        4465000	       445	800006bc	bb3bbd17	auipc	x26,0xbb3bb	 x26=0x3b3bb6b8
        4475000	       446	800006c0	feb97b13	andi	x22,x18,-21	 x18:0x00000000 x22=0x00000000
        4485000	       447	800006c4	3db21837	lui	x16,0x3db21	 x16=0x3db21000
        4495000	       448	800006c8	00202fb3	slt	x31,x0,x2	  x0:0x00000000  x2:0x80008621 x31=0x00000000
        4505000	       449	800006cc	00241013	slli	x0,x8,0x2	  x8:0xc362f1c6
        4515000	       450	800006d0	07128113	addi	x2,x5,113	  x5:0x00000000  x2=0x00000071
        4525000	       451	800006d4	dbfbfb93	andi	x23,x23,-577	 x23:0x00000000 x23=0x00000000
        4535000	       452	800006d8	03178663	beq	x15,x17,80000704	 x15:0x00000000 x17:0x80008621
        4545000	       453	800006dc	000392b3	sll	x5,x7,x0	  x7:0x00000000  x0:0x00000000  x5=0x00000000
        4555000	       454	800006e0	411b5f33	sra	x30,x22,x17	 x22:0x00000000 x17:0x80008621 x30=0x00000000
        4565000	       455	800006e4	411d0933	sub	x18,x26,x17	 x26:0x3b3bb6b8 x17:0x80008621 x18=0xbb3b3097
        4575000	       456	800006e8	00c6db13	srli	x22,x13,0xc	 x13:0xf02f7530 x22=0x000f02f7
        4585000	       457	800006ec	40a18133	sub	x2,x3,x10	  x3:0x0000008f x10:0x00000000  x2=0x0000008f
        4595000	       458	800006f0	010e8933	add	x18,x29,x16	 x29:0x80008228 x16:0x3db21000 x18=0xbdb29228
        4605000	       459	800006f4	01f9e2b3	or	x5,x19,x31	 x19:0x00000000 x31:0x00000000  x5=0x00000000
        4615000	       460	800006f8	0108da93	srli	x21,x17,0x10	 x17:0x80008621 x21=0x00008000
        4625000	       461	800006fc	c45e6213	ori	x4,x28,-955	 x28:0x00000000  x4=0xfffffc45
        4635000	       462	80000700	01da38b3	sltu	x17,x20,x29	 x20:0x00002b00 x29:0x80008228 x17=0x00000001
        4645000	       463	80000704	004a34b3	sltu	x9,x20,x4	 x20:0x00002b00  x4:0xfffffc45  x9=0x00000001
        4655000	       464	80000708	02fb8263	beq	x23,x15,8000072c	 x23:0x00000000 x15:0x00000000
        4665000	       465	00000000	00000013	addi	x0,x0,0	  x0:0x00000000
        4675000	       466	80000728	00000013	addi	x0,x0,0	  x0:0x00000000
        4685000	       467	8000072c	00f0be33	sltu	x28,x1,x15	  x1:0x00f02f75 x15:0x00000000 x28=0x00000000
        4695000	       468	80000730	41935e93	srai	x29,x6,0x19	  x6:0x00000000 x29=0x00000000
        4705000	       469	80000734	00fe7533	and	x10,x28,x15	 x28:0x00000000 x15:0x00000000 x10=0x00000000
        4715000	       470	80000738	012ef463	bgeu	x29,x18,80000740	 x29:0x00000000 x18:0xbdb29228
        4725000	       471	8000073c	00b6be33	sltu	x28,x13,x11	 x13:0xf02f7530 x11:0x80009f84 x28=0x00000000
        4735000	       472	80000740	004cd863	bge	x25,x4,80000750	 x25:0x80009fc4  x4:0xfffffc45
        4745000	       473	80000744	01721613	slli	x12,x4,0x17	  x4:0xfffffc45 x12=0x22800000
        4755000	       474	80000748	8f59fb17	auipc	x22,0x8f59f	 x22=0x0f59f744
        4765000	       475	8000074c	4005ed93	ori	x27,x11,1024	 x11:0x80009f84 x27=0x80009f84
        4775000	       476	80000750	0147d333	srl	x6,x15,x20	 x15:0x00000000 x20:0x00002b00  x6=0x00000000
        4785000	       477	80000754	030d9263	bne	x27,x16,80000778	 x27:0x80009f84 x16:0x3db21000
        4795000	       478	00000000	00000013	addi	x0,x0,0	  x0:0x00000000
        4805000	       479	80000774	00000013	addi	x0,x0,0	  x0:0x00000000
        4815000	       480	80000778	685e3993	sltiu	x19,x28,1669	 x28:0x00000000 x19=0x00000001
        4825000	       481	8000077c	01315eb3	srl	x29,x2,x19	  x2:0x0000008f x19:0x00000001 x29=0x00000047
        4835000	       482	80000780	c4d73793	sltiu	x15,x14,-947	 x14:0x00000000 x15=0x00000001
        4845000	       483	80000784	01b929b3	slt	x19,x18,x27	 x18:0xbdb29228 x27:0x80009f84 x19=0x00000000
        4855000	       484	80000788	00ce1813	slli	x16,x28,0xc	 x28:0x00000000 x16=0x00000000
        4865000	       485	8000078c	0124ebb3	or	x23,x9,x18	  x9:0x00000001 x18:0xbdb29228 x23=0xbdb29229
        4875000	       486	80000790	0563c063	blt	x7,x22,800007d0	  x7:0x00000000 x22:0x0f59f744
        4885000	       487	00000000	00000013	addi	x0,x0,0	  x0:0x00000000
        4895000	       488	800007cc	00000013	addi	x0,x0,0	  x0:0x00000000
        4905000	       489	800007d0	0371f863	bgeu	x3,x23,80000800	  x3:0x0000008f x23:0xbdb29229
        4915000	       490	800007d4	01ec1eb3	sll	x29,x24,x30	 x24:0x00000000 x30:0x00000000 x29=0x00000000
        4925000	       491	800007d8	417184b3	sub	x9,x3,x23	  x3:0x0000008f x23:0xbdb29229  x9=0x424d6e66
        4935000	       492	800007dc	00292633	slt	x12,x18,x2	 x18:0xbdb29228  x2:0x0000008f x12=0x00000001
        4945000	       493	800007e0	40565093	srai	x1,x12,0x5	 x12:0x00000001  x1=0x00000000
        4955000	       494	800007e4	02c35c63	bge	x6,x12,8000081c	  x6:0x00000000 x12:0x00000001
        4965000	       495	800007e8	00c85c63	bge	x16,x12,80000800	 x16:0x00000000 x12:0x00000001
        4975000	       496	800007ec	01b78e63	beq	x15,x27,80000808	 x15:0x00000001 x27:0x80009f84
        4985000	       497	800007f0	407cd9b3	sra	x19,x25,x7	 x25:0x80009fc4  x7:0x00000000 x19=0x80009fc4
        4995000	       498	800007f4	0769f513	andi	x10,x19,118	 x19:0x80009fc4 x10=0x00000044
        5005000	       499	800007f8	ee717197	auipc	x3,0xee717	  x3=0x6e7177f4
        5015000	       500	800007fc	47033313	sltiu	x6,x6,1136	  x6:0x00000000  x6=0x00000001
        5025000	       501	80000800	00921033	sll	x0,x4,x9	  x4:0xfffffc45  x9:0x424d6e66
        5035000	       502	80000804	b0dfb193	sltiu	x3,x31,-1267	 x31:0x00000000  x3=0x00000001
        5045000	       503	80000808	01760463	beq	x12,x23,80000810	 x12:0x00000001 x23:0xbdb29229
        5055000	       504	8000080c	d4232f13	slti	x30,x6,-702	  x6:0x00000001 x30=0x00000000
        5065000	       505	80000810	01c19693	slli	x13,x3,0x1c	  x3:0x00000001 x13=0x10000000
        5075000	       506	80000814	407adbb3	sra	x23,x21,x7	 x21:0x00008000  x7:0x00000000 x23=0x00008000
        5085000	       507	80000818	4779e213	ori	x4,x19,1143	 x19:0x80009fc4  x4=0x80009ff7
        5095000	       508	8000081c	017a9493	slli	x9,x21,0x17	 x21:0x00008000  x9=0x00000000
        5105000	       509	80000820	011b3533	sltu	x10,x22,x17	 x22:0x0f59f744 x17:0x00000001 x10=0x00000000
        5115000	       510	80000824	0095f233	and	x4,x11,x9	 x11:0x80009f84  x9:0x00000000  x4=0x00000000
        5125000	       511	80000828	000492b3	sll	x5,x9,x0	  x9:0x00000000  x0:0x00000000  x5=0x00000000
        5135000	       512	8000082c	f6017637	lui	x12,0xf6017	 x12=0xf6017000
        5145000	       513	80000830	01850333	add	x6,x10,x24	 x10:0x00000000 x24:0x00000000  x6=0x00000000
        5155000	       514	80000834	03c8ce63	blt	x17,x28,80000870	 x17:0x00000001 x28:0x00000000
        5165000	       515	80000838	01e7f133	and	x2,x15,x30	 x15:0x00000001 x30:0x00000000  x2=0x00000000
        5175000	       516	8000083c	019c3a33	sltu	x20,x24,x25	 x24:0x00000000 x25:0x80009fc4 x20=0x00000001
        5185000	       517	80000840	012a0d33	add	x26,x20,x18	 x20:0x00000001 x18:0xbdb29228 x26=0xbdb29229
        5195000	       518	80000844	02c24863	blt	x4,x12,80000874	  x4:0x00000000 x12:0xf6017000
        5205000	       519	80000848	b833cf17	auipc	x30,0xb833c	 x30=0x3833c844
        5215000	       520	8000084c	017510b3	sll	x1,x10,x23	 x10:0x00000000 x23:0x00008000  x1=0x00000000
        5225000	       521	80000850	00a698b3	sll	x17,x13,x10	 x13:0x10000000 x10:0x00000000 x17=0x10000000
        5235000	       522	80000854	01a8c6b3	xor	x13,x17,x26	 x17:0x10000000 x26:0xbdb29229 x13=0xadb29229
        5245000	       523	80000858	01601093	slli	x1,x0,0x16	  x0:0x00000000  x1=0x00000000
        5255000	       524	8000085c	401e8bb3	sub	x23,x29,x1	 x29:0x00000000  x1:0x00000000 x23=0x00000000
        5265000	       525	80000860	9a31e513	ori	x10,x3,-1629	  x3:0x00000001 x10=0xfffff9a3
        5275000	       526	80000864	01df4863	blt	x30,x29,80000874	 x30:0x3833c844 x29:0x00000000
        5285000	       527	80000868	00ff6f33	or	x30,x30,x15	 x30:0x3833c844 x15:0x00000001 x30=0x3833c845
        5295000	       528	8000086c	04fe4663	blt	x28,x15,800008b8	 x28:0x00000000 x15:0x00000001
        5305000	       529	00000000	00000013	addi	x0,x0,0	  x0:0x00000000
        5315000	       530	800008b4	00000013	addi	x0,x0,0	  x0:0x00000000
        5325000	       531	800008b8	0196e1b3	or	x3,x13,x25	 x13:0xadb29229 x25:0x80009fc4  x3=0xadb29fed
        5335000	       532	800008bc	07e59a63	bne	x11,x30,80000930	 x11:0x80009f84 x30:0x3833c845
        5345000	       533	00000000	00000013	addi	x0,x0,0	  x0:0x00000000
        5355000	       534	8000092c	00000013	addi	x0,x0,0	  x0:0x00000000
        5365000	       535	80000930	4dd03e13	sltiu	x28,x0,1245	  x0:0x00000000 x28=0x00000001
        5375000	       536	80000934	40c40333	sub	x6,x8,x12	  x8:0xc362f1c6 x12:0xf6017000  x6=0xcd6181c6
        5385000	       537	80000938	01fafe63	bgeu	x21,x31,80000954	 x21:0x00008000 x31:0x00000000
        5395000	       538	00000000	00000013	addi	x0,x0,0	  x0:0x00000000
        5405000	       539	80000950	00000013	addi	x0,x0,0	  x0:0x00000000
        5415000	       540	80000954	018554b3	srl	x9,x10,x24	 x10:0xfffff9a3 x24:0x00000000  x9=0xfffff9a3
        5425000	       541	80000958	00000013	addi	x0,x0,0	  x0:0x00000000
        5435000	       542	8000095c	00008e97	auipc	x29,0x8	 x29=0x80008958
        5445000	       543	80000960	085e8e93	addi	x29,x29,133	 x29:0x80008958 x29=0x800089dd
        5455000	       544	80000964	1c7e92a3	sh	x7,453(x29)	 x29:0x800089dd  x7:0x00000000 PA:0x80008ba2
        5465000	       545	80000968	1c7e82a3	sb	x7,453(x29)	 x29:0x800089dd  x7:0x00000000 PA:0x80008ba2
        5475000	       546	8000096c	417304b3	sub	x9,x6,x23	  x6:0xcd6181c6 x23:0x00000000  x9=0xcd6181c6
        5485000	       547	80000970	1c5e82a3	sb	x5,453(x29)	 x29:0x800089dd  x5:0x00000000 PA:0x80008ba2
        5495000	       548	80000974	1c5e9f03	lh	x30,453(x29)	 x29:0x800089dd x30=0x00000000 PA:0x80008ba2
        5505000	       549	80000978	1c5e9703	lh	x14,453(x29)	 x29:0x800089dd x14=0x00000000 PA:0x80008ba2
        5515000	       550	8000097c	1c5e8183	lb	x3,453(x29)	 x29:0x800089dd  x3=0x00000000 PA:0x80008ba2
        5525000	       551	80000980	1d1e82a3	sb	x17,453(x29)	 x29:0x800089dd x17:0x10000000 PA:0x80008ba2
        5535000	       552	80000984	00cf54b3	srl	x9,x30,x12	 x30:0x00000000 x12:0xf6017000  x9=0x00000000
        5545000	       553	80000988	00000013	addi	x0,x0,0	  x0:0x00000000
        5555000	       554	8000098c	31fede03	lhu	x28,799(x29)	 x29:0x800089dd x28=0x00000000 PA:0x80008cfc
        5565000	       555	80000990	304eafa3	sw	x4,799(x29)	 x29:0x800089dd  x4:0x00000000 PA:0x80008cfc
        5575000	       556	80000994	31fecc03	lbu	x24,799(x29)	 x29:0x800089dd x24=0x00000000 PA:0x80008cfc
        5585000	       557	80000998	31fecc03	lbu	x24,799(x29)	 x29:0x800089dd x24=0x00000000 PA:0x80008cfc
        5595000	       558	8000099c	31eeafa3	sw	x30,799(x29)	 x29:0x800089dd x30:0x00000000 PA:0x80008cfc
        5605000	       559	800009a0	301eafa3	sw	x1,799(x29)	 x29:0x800089dd  x1:0x00000000 PA:0x80008cfc
        5615000	       560	800009a4	34ce8503	lb	x10,844(x29)	 x29:0x800089dd x10=0x00000000 PA:0x80008d29
        5625000	       561	800009a8	271e93a3	sh	x17,615(x29)	 x29:0x800089dd x17:0x10000000 PA:0x80008c44
        5635000	       562	800009ac	267e9003	lh	x0,615(x29)	 x29:0x800089dd PA:0x80008c44
        5645000	       563	800009b0	266e83a3	sb	x6,615(x29)	 x29:0x800089dd  x6:0xcd6181c6 PA:0x80008c44
        5655000	       564	800009b4	40f35513	srai	x10,x6,0xf	  x6:0xcd6181c6 x10=0xffff9ac3
        5665000	       565	800009b8	35fb79b7	lui	x19,0x35fb7	 x19=0x35fb7000
        5675000	       566	800009bc	4b6a7a13	andi	x20,x20,1206	 x20:0x00000001 x20=0x00000000
        5685000	       567	800009c0	41055693	srai	x13,x10,0x10	 x10:0xffff9ac3 x13=0xffffffff
        5695000	       568	800009c4	010c6863	bltu	x24,x16,800009d4	 x24:0x00000000 x16:0x00000000
        5705000	       569	800009c8	018676b3	and	x13,x12,x24	 x12:0xf6017000 x24:0x00000000 x13=0x00000000
        5715000	       570	800009cc	01955e63	bge	x10,x25,800009e8	 x10:0xffff9ac3 x25:0x80009fc4
        5725000	       571	00000000	00000013	addi	x0,x0,0	  x0:0x00000000
        5735000	       572	800009e4	00000013	addi	x0,x0,0	  x0:0x00000000
        5745000	       573	800009e8	02f9f863	bgeu	x19,x15,80000a18	 x19:0x35fb7000 x15:0x00000001
        5755000	       574	00000000	00000013	addi	x0,x0,0	  x0:0x00000000
        5765000	       575	80000a14	00000013	addi	x0,x0,0	  x0:0x00000000
        5775000	       576	80000a18	00fc9833	sll	x16,x25,x15	 x25:0x80009fc4 x15:0x00000001 x16=0x00013f88
        5785000	       577	80000a1c	d52a3013	sltiu	x0,x20,-686	 x20:0x00000000
        5795000	       578	80000a20	40b85113	srai	x2,x16,0xb	 x16:0x00013f88  x2=0x00000027
        5805000	       579	80000a24	413f0eb3	sub	x29,x30,x19	 x30:0x00000000 x19:0x35fb7000 x29=0xca049000
        5815000	       580	80000a28	00000013	addi	x0,x0,0	  x0:0x00000000
        5825000	       581	80000a2c	00c22a33	slt	x20,x4,x12	  x4:0x00000000 x12:0xf6017000 x20=0x00000000
        5835000	       582	80000a30	00000013	addi	x0,x0,0	  x0:0x00000000
        5845000	       583	80000a34	07a9d463	bge	x19,x26,80000a9c	 x19:0x35fb7000 x26:0xbdb29229
        5855000	       584	00000000	00000013	addi	x0,x0,0	  x0:0x00000000
        5865000	       585	80000a98	00000013	addi	x0,x0,0	  x0:0x00000000
        5875000	       586	80000a9c	04a75663	bge	x14,x10,80000ae8	 x14:0x00000000 x10:0xffff9ac3
        5885000	       587	00000000	00000013	addi	x0,x0,0	  x0:0x00000000
        5895000	       588	80000ae4	00000013	addi	x0,x0,0	  x0:0x00000000
        5905000	       589	80000ae8	01958833	add	x16,x11,x25	 x11:0x80009f84 x25:0x80009fc4 x16=0x00013f48
        5915000	       590	80000aec	3b43d837	lui	x16,0x3b43d	 x16=0x3b43d000
        5925000	       591	80000af0	418a5713	srai	x14,x20,0x18	 x20:0x00000000 x14=0x00000000
        5935000	       592	80000af4	00feedb3	or	x27,x29,x15	 x29:0xca049000 x15:0x00000001 x27=0xca049001
        5945000	       593	80000af8	008a40b3	xor	x1,x20,x8	 x20:0x00000000  x8:0xc362f1c6  x1=0xc362f1c6
        5955000	       594	80000afc	016196b3	sll	x13,x3,x22	  x3:0x00000000 x22:0x0f59f744 x13=0x00000000
        5965000	       595	80000b00	0449f263	bgeu	x19,x4,80000b44	 x19:0x35fb7000  x4:0x00000000
        5975000	       596	00000000	00000013	addi	x0,x0,0	  x0:0x00000000
        5985000	       597	80000b40	00000013	addi	x0,x0,0	  x0:0x00000000
        5995000	       598	80000b44	0192cc33	xor	x24,x5,x25	  x5:0x00000000 x25:0x80009fc4 x24=0x80009fc4
        6005000	       599	80000b48	39f1f493	andi	x9,x3,927	  x3:0x00000000  x9=0x00000000
        6015000	       600	80000b4c	e70451b7	lui	x3,0xe7045	  x3=0xe7045000
        6025000	       601	80000b50	03586e63	bltu	x16,x21,80000b8c	 x16:0x3b43d000 x21:0x00008000
        6035000	       602	80000b54	2f0eb713	sltiu	x14,x29,752	 x29:0xca049000 x14=0x00000000
        6045000	       603	80000b58	00000013	addi	x0,x0,0	  x0:0x00000000
        6055000	       604	80000b5c	5d945a37	lui	x20,0x5d945	 x20=0x5d945000
        6065000	       605	80000b60	20f4aa97	auipc	x21,0x20f4a	 x21=0xa0f4ab5c
        6075000	       606	80000b64	00000013	addi	x0,x0,0	  x0:0x00000000
        6085000	       607	80000b68	00cf0633	add	x12,x30,x12	 x30:0x00000000 x12:0xf6017000 x12=0xf6017000
        6095000	       608	80000b6c	0199ad33	slt	x26,x19,x25	 x19:0x35fb7000 x25:0x80009fc4 x26=0x00000000
        6105000	       609	80000b70	cf66c913	xori	x18,x13,-778	 x13:0x00000000 x18=0xfffffcf6
        6115000	       610	80000b74	7bcb4513	xori	x10,x22,1980	 x22:0x0f59f744 x10=0x0f59f0f8
        6125000	       611	80000b78	015ab833	sltu	x16,x21,x21	 x21:0xa0f4ab5c x21:0xa0f4ab5c x16=0x00000000
        6135000	       612	80000b7c	41068033	sub	x0,x13,x16	 x13:0x00000000 x16:0x00000000
        6145000	       613	80000b80	40a75db3	sra	x27,x14,x10	 x14:0x00000000 x10:0x0f59f0f8 x27=0x00000000
        6155000	       614	80000b84	00359463	bne	x11,x3,80000b8c	 x11:0x80009f84  x3:0xe7045000
        6165000	       615	00000000	00000013	addi	x0,x0,0	  x0:0x00000000
        6175000	       616	80000b88	00000013	addi	x0,x0,0	  x0:0x00000000
        6185000	       617	80000b8c	01f96533	or	x10,x18,x31	 x18:0xfffffcf6 x31:0x00000000 x10=0xfffffcf6
        6195000	       618	80000b90	04ab1063	bne	x22,x10,80000bd0	 x22:0x0f59f744 x10:0xfffffcf6
        6205000	       619	00000000	00000013	addi	x0,x0,0	  x0:0x00000000
        6215000	       620	80000bcc	00000013	addi	x0,x0,0	  x0:0x00000000
        6225000	       621	80000bd0	402ad9b3	sra	x19,x21,x2	 x21:0xa0f4ab5c  x2:0x00000027 x19=0xff41e956
        6235000	       622	80000bd4	00cfdc13	srli	x24,x31,0xc	 x31:0x00000000 x24=0x00000000
        6245000	       623	80000bd8	00024133	xor	x2,x4,x0	  x4:0x00000000  x0:0x00000000  x2=0x00000000
        6255000	       624	80000bdc	01bc6c63	bltu	x24,x27,80000bf4	 x24:0x00000000 x27:0x00000000
        6265000	       625	80000be0	0012adb3	slt	x27,x5,x1	  x5:0x00000000  x1:0xc362f1c6 x27=0x00000000
        6275000	       626	80000be4	413c5eb3	sra	x29,x24,x19	 x24:0x00000000 x19:0xff41e956 x29=0x00000000
        6285000	       627	80000be8	01291f33	sll	x30,x18,x18	 x18:0xfffffcf6 x18:0xfffffcf6 x30=0x3d800000
        6295000	       628	80000bec	00fa8863	beq	x21,x15,80000bfc	 x21:0xa0f4ab5c x15:0x00000001
        6305000	       629	80000bf0	40040533	sub	x10,x8,x0	  x8:0xc362f1c6  x0:0x00000000 x10=0xc362f1c6
        6315000	       630	80000bf4	00ec5f33	srl	x30,x24,x14	 x24:0x00000000 x14:0x00000000 x30=0x00000000
        6325000	       631	80000bf8	012f71b3	and	x3,x30,x18	 x30:0x00000000 x18:0xfffffcf6  x3=0x00000000
        6335000	       632	80000bfc	40830833	sub	x16,x6,x8	  x6:0xcd6181c6  x8:0xc362f1c6 x16=0x09fe9000
        6345000	       633	80000c00	008dc933	xor	x18,x27,x8	 x27:0x00000000  x8:0xc362f1c6 x18=0xc362f1c6
        6355000	       634	80000c04	04688863	beq	x17,x6,80000c54	 x17:0x10000000  x6:0xcd6181c6
        6365000	       635	80000c08	41660733	sub	x14,x12,x22	 x12:0xf6017000 x22:0x0f59f744 x14=0xe6a778bc
        6375000	       636	80000c0c	0ca5c393	xori	x7,x11,202	 x11:0x80009f84  x7=0x80009f4e
        6385000	       637	80000c10	0000bf33	sltu	x30,x1,x0	  x1:0xc362f1c6  x0:0x00000000 x30=0x00000000
        6395000	       638	80000c14	05980263	beq	x16,x25,80000c58	 x16:0x09fe9000 x25:0x80009fc4
        6405000	       639	80000c18	00000013	addi	x0,x0,0	  x0:0x00000000
        6415000	       640	80000c1c	01c4e533	or	x10,x9,x28	  x9:0x00000000 x28:0x00000000 x10=0x00000000
        6425000	       641	80000c20	0e5a2d13	slti	x26,x20,229	 x20:0x5d945000 x26=0x00000000
        6435000	       642	80000c24	01109863	bne	x1,x17,80000c34	  x1:0xc362f1c6 x17:0x10000000
        6445000	       643	00000000	00000013	addi	x0,x0,0	  x0:0x00000000
        6455000	       644	80000c30	00000013	addi	x0,x0,0	  x0:0x00000000
        6465000	       645	80000c34	035e9c63	bne	x29,x21,80000c6c	 x29:0x00000000 x21:0xa0f4ab5c
        6475000	       646	00000000	00000013	addi	x0,x0,0	  x0:0x00000000
        6485000	       647	80000c68	00000013	addi	x0,x0,0	  x0:0x00000000
        6495000	       648	80000c6c	b2f42e93	slti	x29,x8,-1233	  x8:0xc362f1c6 x29=0x00000001
        6505000	       649	80000c70	01885893	srli	x17,x16,0x18	 x16:0x09fe9000 x17=0x00000009
        6515000	       650	80000c74	04747263	bgeu	x8,x7,80000cb8	  x8:0xc362f1c6  x7:0x80009f4e
        6525000	       651	00000000	00000013	addi	x0,x0,0	  x0:0x00000000
        6535000	       652	80000cb4	00000013	addi	x0,x0,0	  x0:0x00000000
        6545000	       653	80000cb8	00df9d93	slli	x27,x31,0xd	 x31:0x00000000 x27=0x00000000
        6555000	       654	80000cbc	02989663	bne	x17,x9,80000ce8	 x17:0x00000009  x9:0x00000000
        6565000	       655	00000000	00000013	addi	x0,x0,0	  x0:0x00000000
        6575000	       656	80000ce4	00000013	addi	x0,x0,0	  x0:0x00000000
        6585000	       657	80000ce8	cb00a0b7	lui	x1,0xcb00a	  x1=0xcb00a000
        6595000	       658	80000cec	9c38ac17	auipc	x24,0x9c38a	 x24=0x1c38ace8
        6605000	       659	80000cf0	02ede863	bltu	x27,x14,80000d20	 x27:0x00000000 x14:0xe6a778bc
        6615000	       660	00000000	00000013	addi	x0,x0,0	  x0:0x00000000
        6625000	       661	80000d1c	00000013	addi	x0,x0,0	  x0:0x00000000
        6635000	       662	80000d20	24484513	xori	x10,x16,580	 x16:0x09fe9000 x10=0x09fe9244
        6645000	       663	80000d24	02dc9663	bne	x25,x13,80000d50	 x25:0x80009fc4 x13:0x00000000
        6655000	       664	00000000	00000013	addi	x0,x0,0	  x0:0x00000000
        6665000	       665	80000d4c	00000013	addi	x0,x0,0	  x0:0x00000000
        6675000	       666	80000d50	0050f833	and	x16,x1,x5	  x1:0xcb00a000  x5:0x00000000 x16=0x00000000
        6685000	       667	80000d54	0063bbb3	sltu	x23,x7,x6	  x7:0x80009f4e  x6:0xcd6181c6 x23=0x00000001
        6695000	       668	80000d58	aa727613	andi	x12,x4,-1369	  x4:0x00000000 x12=0x00000000
        6705000	       669	80000d5c	418fdb13	srai	x22,x31,0x18	 x31:0x00000000 x22=0x00000000
        6715000	       670	80000d60	a571a313	slti	x6,x3,-1449	  x3:0x00000000  x6=0x00000000
        6725000	       671	80000d64	0151d193	srli	x3,x3,0x15	  x3:0x00000000  x3=0x00000000
        6735000	       672	80000d68	007d7133	and	x2,x26,x7	 x26:0x00000000  x7:0x80009f4e  x2=0x00000000
        6745000	       673	80000d6c	2e787313	andi	x6,x16,743	 x16:0x00000000  x6=0x00000000
        6755000	       674	80000d70	40e883b3	sub	x7,x17,x14	 x17:0x00000009 x14:0xe6a778bc  x7=0x1958874d
        6765000	       675	80000d74	bdddf013	andi	x0,x27,-1059	 x27:0x00000000
        6775000	       676	80000d78	018e3833	sltu	x16,x28,x24	 x28:0x00000000 x24:0x1c38ace8 x16=0x00000001
        6785000	       677	80000d7c	012de3b3	or	x7,x27,x18	 x27:0x00000000 x18:0xc362f1c6  x7=0xc362f1c6
        6795000	       678	80000d80	010f1213	slli	x4,x30,0x10	 x30:0x00000000  x4=0x00000000
        6805000	       679	80000d84	036b8813	addi	x16,x23,54	 x23:0x00000001 x16=0x00000037
        6815000	       680	80000d88	87f5e993	ori	x19,x11,-1921	 x11:0x80009f84 x19=0xffffffff
        6825000	       681	80000d8c	037de263	bltu	x27,x23,80000db0	 x27:0x00000000 x23:0x00000001
        6835000	       682	00000000	00000013	addi	x0,x0,0	  x0:0x00000000
        6845000	       683	80000dac	00000013	addi	x0,x0,0	  x0:0x00000000
        6855000	       684	80000db0	b1512913	slti	x18,x2,-1259	  x2:0x00000000 x18=0x00000000
        6865000	       685	80000db4	59ed8893	addi	x17,x27,1438	 x27:0x00000000 x17=0x0000059e
        6875000	       686	80000db8	0036ec33	or	x24,x13,x3	 x13:0x00000000  x3:0x00000000 x24=0x00000000
        6885000	       687	80000dbc	00b2d293	srli	x5,x5,0xb	  x5:0x00000000  x5=0x00000000
        6895000	       688	80000dc0	00000417	auipc	x8,0x0	  x8=0x80000dbc
        6905000	       689	80000dc4	00c40413	addi	x8,x8,12	  x8:0x80000dbc  x8=0x80000dc8
        6915000	       690	80000dc8	00040067	jalr	x0,x8,0	  x8:0x80000dc8
        6925000	       691	00000000	00000013	addi	x0,x0,0	  x0:0x00000000
        6935000	       692	80000dc8	00000013	addi	x0,x0,0	  x0:0x00000000
        6945000	       693	80000dcc	00100193	addi	x3,x0,1	  x0:0x00000000  x3=0x00000001
        6955000	       694	80000dd0	00000073	ecall	
        6965000	       695	80000dd4	ff858593	addi	x11,x11,-8	 x11:0x80009f84 x11=0x80009f7c
