		Time			Cycle	PC		Insn	Decoded instruction	Register and memory contents
          65000	         5	80000004	00000293	addi	x5,x0,0	  x0:0x00000000  x5=0x00000000
          75000	         6	80000008	00000313	addi	x6,x0,0	  x0:0x00000000  x6=0x00000000
          85000	         7	8000000c	00628263	beq	x5,x6,80000010	  x5:0x00000000  x6:0x00000000
          95000	         8	00000000	00000013	addi	x0,x0,0	  x0:0x00000000
         105000	         9	8000000c	00000013	addi	x0,x0,0	  x0:0x00000000
         115000	        10	80000010	00000297	auipc	x5,0x0	  x5=0x8000000c
         125000	        11	80000014	00c28293	addi	x5,x5,12	  x5:0x8000000c  x5=0x80000018
         135000	        12	80000018	00028067	jalr	x0,x5,0	  x5:0x80000018
         145000	        13	00000000	00000013	addi	x0,x0,0	  x0:0x00000000
         155000	        14	80000018	00000013	addi	x0,x0,0	  x0:0x00000000
         165000	        15	8000001c	40000a37	lui	x20,0x40000	 x20=0x40000000
         175000	        16	80000020	100a0a13	addi	x20,x20,256	 x20:0x40000000 x20=0x40000100
         185000	        17	80000024	00000013	addi	x0,x0,0	  x0:0x00000000
         195000	        18	80000028	0000a517	auipc	x10,0xa	 x10=0x8000a024
         205000	        19	8000002c	fa050513	addi	x10,x10,-96	 x10:0x8000a024 x10=0x80009fc4
         215000	        20	80000030	00002a17	auipc	x20,0x2	 x20=0x8000202c
         225000	        21	80000034	684a0a13	addi	x20,x20,1668	 x20:0x8000202c x20=0x800026b0
         235000	        22	80000038	001a6a13	ori	x20,x20,1	 x20:0x800026b0 x20=0x800026b1
         245000	        23	8000003c	00000013	addi	x0,x0,0	  x0:0x00000000
         255000	        24	80000040	00000a17	auipc	x20,0x0	 x20=0x8000003c
         265000	        25	80000044	020a0a13	addi	x20,x20,32	 x20:0x8000003c x20=0x8000005c
         275000	        26	80000048	00000013	addi	x0,x0,0	  x0:0x00000000
         285000	        27	8000004c	00000013	addi	x0,x0,0	  x0:0x00000000
         295000	        28	80000050	00002a37	lui	x20,0x2	 x20=0x00002000
         305000	        29	80000054	800a0a13	addi	x20,x20,-2048	 x20:0x00002000 x20=0x00001800
         315000	        30	80000058	00000013	addi	x0,x0,0	  x0:0x00000000
         325000	        31	8000005c	00000013	addi	x0,x0,0	  x0:0x00000000
         335000	        32	80000060	f5b18037	lui	x0,0xf5b18	
         345000	        33	80000064	4d600013	addi	x0,x0,1238	  x0:0x00000000
         355000	        34	80000068	3b9890b7	lui	x1,0x3b989	  x1=0x3b989000
         365000	        35	8000006c	16a08093	addi	x1,x1,362	  x1:0x3b989000  x1=0x3b98916a
         375000	        36	80000070	80000137	lui	x2,0x80000	  x2=0x80000000
         385000	        37	80000074	f84751b7	lui	x3,0xf8475	  x3=0xf8475000
         395000	        38	80000078	33018193	addi	x3,x3,816	  x3:0xf8475000  x3=0xf8475330
         405000	        39	8000007c	f64d3237	lui	x4,0xf64d3	  x4=0xf64d3000
         415000	        40	80000080	ed720213	addi	x4,x4,-297	  x4:0xf64d3000  x4=0xf64d2ed7
         425000	        41	80000084	800002b7	lui	x5,0x80000	  x5=0x80000000
         435000	        42	80000088	59907337	lui	x6,0x59907	  x6=0x59907000
         445000	        43	8000008c	2bd30313	addi	x6,x6,701	  x6:0x59907000  x6=0x599072bd
         455000	        44	80000090	ff8f03b7	lui	x7,0xff8f0	  x7=0xff8f0000
         465000	        45	80000094	91538393	addi	x7,x7,-1771	  x7:0xff8f0000  x7=0xff8ef915
         475000	        46	80000098	00000413	addi	x8,x0,0	  x0:0x00000000  x8=0x00000000
         485000	        47	8000009c	800004b7	lui	x9,0x80000	  x9=0x80000000
         495000	        48	800000a0	7fe025b7	lui	x11,0x7fe02	 x11=0x7fe02000
         505000	        49	800000a4	ea958593	addi	x11,x11,-343	 x11:0x7fe02000 x11=0x7fe01ea9
         515000	        50	800000a8	00100613	addi	x12,x0,1	  x0:0x00000000 x12=0x00000001
         525000	        51	800000ac	800006b7	lui	x13,0x80000	 x13=0x80000000
         535000	        52	800000b0	80000737	lui	x14,0x80000	 x14=0x80000000
         545000	        53	800000b4	800007b7	lui	x15,0x80000	 x15=0x80000000
         555000	        54	800000b8	80000837	lui	x16,0x80000	 x16=0x80000000
         565000	        55	800000bc	a45cb8b7	lui	x17,0xa45cb	 x17=0xa45cb000
         575000	        56	800000c0	87a88893	addi	x17,x17,-1926	 x17:0xa45cb000 x17=0xa45ca87a
         585000	        57	800000c4	c8f4b937	lui	x18,0xc8f4b	 x18=0xc8f4b000
         595000	        58	800000c8	69690913	addi	x18,x18,1686	 x18:0xc8f4b000 x18=0xc8f4b696
         605000	        59	800000cc	800009b7	lui	x19,0x80000	 x19=0x80000000
         615000	        60	800000d0	80000a37	lui	x20,0x80000	 x20=0x80000000
         625000	        61	800000d4	00000a93	addi	x21,x0,0	  x0:0x00000000 x21=0x00000000
         635000	        62	800000d8	fc7c5b37	lui	x22,0xfc7c5	 x22=0xfc7c5000
         645000	        63	800000dc	887b0b13	addi	x22,x22,-1913	 x22:0xfc7c5000 x22=0xfc7c4887
         655000	        64	800000e0	00000c13	addi	x24,x0,0	  x0:0x00000000 x24=0x00000000
         665000	        65	800000e4	39960cb7	lui	x25,0x39960	 x25=0x39960000
         675000	        66	800000e8	0cfc8c93	addi	x25,x25,207	 x25:0x39960000 x25=0x399600cf
         685000	        67	800000ec	52b93d37	lui	x26,0x52b93	 x26=0x52b93000
         695000	        68	800000f0	a6dd0d13	addi	x26,x26,-1427	 x26:0x52b93000 x26=0x52b92a6d
         705000	        69	800000f4	00000d93	addi	x27,x0,0	  x0:0x00000000 x27=0x00000000
         715000	        70	800000f8	80000e37	lui	x28,0x80000	 x28=0x80000000
         725000	        71	800000fc	f3714eb7	lui	x29,0xf3714	 x29=0xf3714000
         735000	        72	80000100	be5e8e93	addi	x29,x29,-1051	 x29:0xf3714000 x29=0xf3713be5
         745000	        73	80000104	00000f13	addi	x30,x0,0	  x0:0x00000000 x30=0x00000000
         755000	        74	80000108	00f00f93	addi	x31,x0,15	  x0:0x00000000 x31=0x0000000f
         765000	        75	8000010c	0000ab97	auipc	x23,0xa	 x23=0x8000a108
         775000	        76	80000110	e7cb8b93	addi	x23,x23,-388	 x23:0x8000a108 x23=0x80009f84
         785000	        77	80000114	00009197	auipc	x3,0x9	  x3=0x80009110
         795000	        78	80000118	94d18193	addi	x3,x3,-1715	  x3:0x80009110  x3=0x80008a5d
         805000	        79	8000011c	f431df03	lhu	x30,-189(x3)	  x3:0x80008a5d x30=0x00008a8b PA:0x800089a0
         815000	        80	80000120	f5818123	sb	x24,-190(x3)	  x3:0x80008a5d x24:0x00000000 PA:0x8000899f
         825000	        81	80000124	f421cf03	lbu	x30,-190(x3)	  x3:0x80008a5d x30=0x00000000 PA:0x8000899f
         835000	        82	80000128	00000013	addi	x0,x0,0	  x0:0x00000000
         845000	        83	8000012c	f5818123	sb	x24,-190(x3)	  x3:0x80008a5d x24:0x00000000 PA:0x8000899f
         855000	        84	80000130	f4218403	lb	x8,-190(x3)	  x3:0x80008a5d  x8=0x00000000 PA:0x8000899f
         865000	        85	80000134	752f6917	auipc	x18,0x752f6	 x18=0xf52f6130
         875000	        86	80000138	f4d18123	sb	x13,-190(x3)	  x3:0x80008a5d x13:0x80000000 PA:0x8000899f
         885000	        87	8000013c	f421c083	lbu	x1,-190(x3)	  x3:0x80008a5d  x1=0x00000000 PA:0x8000899f
         895000	        88	80000140	f4218483	lb	x9,-190(x3)	  x3:0x80008a5d  x9=0x00000000 PA:0x8000899f
         905000	        89	80000144	f4218983	lb	x19,-190(x3)	  x3:0x80008a5d x19=0x00000000 PA:0x8000899f
         915000	        90	80000148	016790b3	sll	x1,x15,x22	 x15:0x80000000 x22:0xfc7c4887  x1=0x00000000
         925000	        91	8000014c	f5818123	sb	x24,-190(x3)	  x3:0x80008a5d x24:0x00000000 PA:0x8000899f
         935000	        92	80000150	00008e17	auipc	x28,0x8	 x28=0x8000814c
         945000	        93	80000154	fa2e0e13	addi	x28,x28,-94	 x28:0x8000814c x28=0x800080ee
         955000	        94	80000158	00008c97	auipc	x25,0x8	 x25=0x80008154
         965000	        95	8000015c	f9ac8c93	addi	x25,x25,-102	 x25:0x80008154 x25=0x800080ee
         975000	        96	80000160	ffae4383	lbu	x7,-6(x28)	 x28:0x800080ee  x7=0x000000a3 PA:0x800080e8
         985000	        97	80000164	5aecce83	lbu	x29,1454(x25)	 x25:0x800080ee x29=0x00000057 PA:0x8000869c
         995000	        98	80000168	006e2d03	lw	x26,6(x28)	 x28:0x800080ee x26=0xacadaeaf PA:0x800080f4
        1005000	        99	8000016c	fc7c8803	lb	x16,-57(x25)	 x25:0x800080ee x16=0x0000006e PA:0x800080b5
        1015000	       100	80000170	36ec8103	lb	x2,878(x25)	 x25:0x800080ee  x2=0x00000017 PA:0x8000845c
        1025000	       101	80000174	698c8723	sb	x24,1678(x25)	 x25:0x800080ee x24:0x00000000 PA:0x8000877c
        1035000	       102	80000178	fbbc8083	lb	x1,-69(x25)	 x25:0x800080ee  x1=0x00000062 PA:0x800080a9
        1045000	       103	8000017c	ffce0703	lb	x14,-4(x28)	 x28:0x800080ee x14=0xffffffa1 PA:0x800080ea
        1055000	       104	80000180	f64cc083	lbu	x1,-156(x25)	 x25:0x800080ee  x1=0x00000009 PA:0x80008052
        1065000	       105	80000184	007e0803	lb	x16,7(x28)	 x28:0x800080ee x16=0xffffffae PA:0x800080f5
        1075000	       106	80000188	291cc203	lbu	x4,657(x25)	 x25:0x800080ee  x4=0x00000034 PA:0x8000837f
        1085000	       107	8000018c	016e2123	sw	x22,2(x28)	 x28:0x800080ee x22:0xfc7c4887 PA:0x800080f0
        1095000	       108	80000190	007e0f83	lb	x31,7(x28)	 x28:0x800080ee x31=0xffffffae PA:0x800080f5
        1105000	       109	80000194	372cc003	lbu	x0,882(x25)	 x25:0x800080ee PA:0x80008460
        1115000	       110	80000198	ff1e4403	lbu	x8,-15(x28)	 x28:0x800080ee  x8=0x00000094 PA:0x800080df
        1125000	       111	8000019c	06939417	auipc	x8,0x6939	  x8=0x86939198
        1135000	       112	800001a0	01724cb3	xor	x25,x4,x23	  x4:0x00000034 x23:0x80009f84 x25=0x80009fb0
        1145000	       113	800001a4	02a4e663	bltu	x9,x10,800001d0	  x9:0x00000000 x10:0x80009fc4
        1155000	       114	00000000	00000013	addi	x0,x0,0	  x0:0x00000000
        1165000	       115	800001cc	00000013	addi	x0,x0,0	  x0:0x00000000
        1175000	       116	800001d0	4067d033	sra	x0,x15,x6	 x15:0x80000000  x6:0x599072bd
        1185000	       117	800001d4	005ca133	slt	x2,x25,x5	 x25:0x80009fb0  x5:0x80000000  x2=0x00000000
        1195000	       118	800001d8	83a78413	addi	x8,x15,-1990	 x15:0x80000000  x8=0x7ffff83a
        1205000	       119	800001dc	1136a613	slti	x12,x13,275	 x13:0x80000000 x12=0x00000001
        1215000	       120	800001e0	00187a33	and	x20,x16,x1	 x16:0xffffffae  x1:0x00000009 x20=0x00000008
        1225000	       121	800001e4	c11d8113	addi	x2,x27,-1007	 x27:0x00000000  x2=0xfffffc11
        1235000	       122	800001e8	01154863	blt	x10,x17,800001f8	 x10:0x80009fc4 x17:0xa45ca87a
        1245000	       123	00000000	00000013	addi	x0,x0,0	  x0:0x00000000
        1255000	       124	800001f4	00000013	addi	x0,x0,0	  x0:0x00000000
        1265000	       125	800001f8	93d1e813	ori	x16,x3,-1731	  x3:0x80008a5d x16=0xfffffb7d
        1275000	       126	800001fc	00fc4e63	blt	x24,x15,80000218	 x24:0x00000000 x15:0x80000000
        1285000	       127	80000200	03dfe263	bltu	x31,x29,80000224	 x31:0xffffffae x29:0x00000057
        1295000	       128	80000204	4135d1b3	sra	x3,x11,x19	 x11:0x7fe01ea9 x19:0x00000000  x3=0x7fe01ea9
        1305000	       129	80000208	02766c63	bltu	x12,x7,80000240	 x12:0x00000001  x7:0x000000a3
        1315000	       130	00000000	00000013	addi	x0,x0,0	  x0:0x00000000
        1325000	       131	8000023c	00000013	addi	x0,x0,0	  x0:0x00000000
        1335000	       132	80000240	00eb6033	or	x0,x22,x14	 x22:0xfc7c4887 x14:0xffffffa1
        1345000	       133	80000244	01e85e93	srli	x29,x16,0x1e	 x16:0xfffffb7d x29=0x00000003
        1355000	       134	80000248	002b11b3	sll	x3,x22,x2	 x22:0xfc7c4887  x2:0xfffffc11  x3=0x910e0000
        1365000	       135	8000024c	036b8c63	beq	x23,x22,80000284	 x23:0x80009f84 x22:0xfc7c4887
        1375000	       136	80000250	04b24263	blt	x4,x11,80000294	  x4:0x00000034 x11:0x7fe01ea9
        1385000	       137	00000000	00000013	addi	x0,x0,0	  x0:0x00000000
        1395000	       138	80000290	00000013	addi	x0,x0,0	  x0:0x00000000
        1405000	       139	80000294	5a3d6713	ori	x14,x26,1443	 x26:0xacadaeaf x14=0xacadafaf
        1415000	       140	80000298	02005c63	bge	x0,x0,800002d0	  x0:0x00000000  x0:0x00000000
        1425000	       141	00000000	00000013	addi	x0,x0,0	  x0:0x00000000
        1435000	       142	800002cc	00000013	addi	x0,x0,0	  x0:0x00000000
        1445000	       143	800002d0	00996fb3	or	x31,x18,x9	 x18:0xf52f6130  x9:0x00000000 x31=0xf52f6130
        1455000	       144	800002d4	00000013	addi	x0,x0,0	  x0:0x00000000
        1465000	       145	800002d8	014656b3	srl	x13,x12,x20	 x12:0x00000001 x20:0x00000008 x13=0x00000000
        1475000	       146	800002dc	047d7a93	andi	x21,x26,71	 x26:0xacadaeaf x21=0x00000007
        1485000	       147	800002e0	0dc07863	bgeu	x0,x28,800003b0	  x0:0x00000000 x28:0x800080ee
        1495000	       148	800002e4	00a8c4b3	xor	x9,x17,x10	 x17:0xa45ca87a x10:0x80009fc4  x9=0x245c37be
        1505000	       149	800002e8	00c91c93	slli	x25,x18,0xc	 x18:0xf52f6130 x25=0xf6130000
        1515000	       150	800002ec	0e9b8463	beq	x23,x9,800003d4	 x23:0x80009f84  x9:0x245c37be
        1525000	       151	800002f0	00008317	auipc	x6,0x8	  x6=0x800082ec
        1535000	       152	800002f4	0df30313	addi	x6,x6,223	  x6:0x800082ec  x6=0x800083cb
        1545000	       153	800002f8	01785e33	srl	x28,x16,x23	 x16:0xfffffb7d x23:0x80009f84 x28=0x0fffffb7
        1555000	       154	800002fc	26a30d23	sb	x10,634(x6)	  x6:0x800083cb x10:0x80009fc4 PA:0x80008645
        1565000	       155	80000300	1b230a23	sb	x18,436(x6)	  x6:0x800083cb x18:0xf52f6130 PA:0x8000857f
        1575000	       156	80000304	22f34683	lbu	x13,559(x6)	  x6:0x800083cb x13=0x000000b1 PA:0x800085fa
        1585000	       157	80000308	23330f23	sb	x19,574(x6)	  x6:0x800083cb x19:0x00000000 PA:0x80008609
        1595000	       158	8000030c	e8034603	lbu	x12,-384(x6)	  x6:0x800083cb x12=0x00000000 PA:0x8000824b
        1605000	       159	80000310	01315f93	srli	x31,x2,0x13	  x2:0xfffffc11 x31=0x00001fff
        1615000	       160	80000314	ce1300a3	sb	x1,-799(x6)	  x6:0x800083cb  x1:0x00000009 PA:0x800080ac
        1625000	       161	80000318	1b034703	lbu	x14,432(x6)	  x6:0x800083cb x14=0x00000030 PA:0x8000857b
        1635000	       162	8000031c	db634c83	lbu	x25,-586(x6)	  x6:0x800083cb x25=0x0000003a PA:0x80008181
        1645000	       163	80000320	2cc30103	lb	x2,716(x6)	  x6:0x800083cb  x2=0x0000004c PA:0x80008697
        1655000	       164	80000324	38530383	lb	x7,901(x6)	  x6:0x800083cb  x7=0x0000000b PA:0x80008750
        1665000	       165	80000328	fb9303a3	sb	x25,-89(x6)	  x6:0x800083cb x25:0x0000003a PA:0x80008372
        1675000	       166	8000032c	3b830603	lb	x12,952(x6)	  x6:0x800083cb x12=0x00000038 PA:0x80008783
        1685000	       167	80000330	78e47213	andi	x4,x8,1934	  x8:0x7ffff83a  x4=0x0000000a
        1695000	       168	80000334	01d37a33	and	x20,x6,x29	  x6:0x800083cb x29:0x00000003 x20=0x00000003
        1705000	       169	80000338	eb434403	lbu	x8,-332(x6)	  x6:0x800083cb  x8=0x00000034 PA:0x8000827f
        1715000	       170	8000033c	d9134c83	lbu	x25,-623(x6)	  x6:0x800083cb x25=0x00000017 PA:0x8000815c
        1725000	       171	80000340	ecb34003	lbu	x0,-309(x6)	  x6:0x800083cb PA:0x80008296
        1735000	       172	80000344	39931883	lh	x17,921(x6)	  x6:0x800083cb x17=0x00001e1f PA:0x80008764
        1745000	       173	80000348	0df35f03	lhu	x30,223(x6)	  x6:0x800083cb x30=0x00006061 PA:0x800084aa
        1755000	       174	8000034c	cf234103	lbu	x2,-782(x6)	  x6:0x800083cb  x2=0x00000076 PA:0x800080bd
        1765000	       175	80000350	0fd313a3	sh	x29,231(x6)	  x6:0x800083cb x29:0x00000003 PA:0x800084b2
        1775000	       176	80000354	1bd32d83	lw	x27,445(x6)	  x6:0x800083cb x27=0x40414243 PA:0x80008588
        1785000	       177	80000358	3eb34483	lbu	x9,1003(x6)	  x6:0x800083cb  x9=0x0000006d PA:0x800087b6
        1795000	       178	8000035c	10a68e13	addi	x28,x13,266	 x13:0x000000b1 x28=0x000001bb
        1805000	       179	80000360	13030e83	lb	x29,304(x6)	  x6:0x800083cb x29=0xffffffb0 PA:0x800084fb
        1815000	       180	80000364	14930123	sb	x9,322(x6)	  x6:0x800083cb  x9:0x0000006d PA:0x8000850d
        1825000	       181	80000368	e21310a3	sh	x1,-479(x6)	  x6:0x800083cb  x1:0x00000009 PA:0x800081ec
        1835000	       182	8000036c	3a20e613	ori	x12,x1,930	  x1:0x00000009 x12=0x000003ab
        1845000	       183	80000370	00cff4b3	and	x9,x31,x12	 x31:0x00001fff x12:0x000003ab  x9=0x000003ab
        1855000	       184	80000374	26731683	lh	x13,615(x6)	  x6:0x800083cb x13=0xffffe8e9 PA:0x80008632
        1865000	       185	80000378	184309a3	sb	x4,403(x6)	  x6:0x800083cb  x4:0x0000000a PA:0x8000855e
        1875000	       186	8000037c	d57302a3	sb	x23,-699(x6)	  x6:0x800083cb x23:0x80009f84 PA:0x80008110
        1885000	       187	80000380	74a0a813	slti	x16,x1,1866	  x1:0x00000009 x16=0x00000001
        1895000	       188	80000384	41fcdd33	sra	x26,x25,x31	 x25:0x00000017 x31:0x00001fff x26=0x00000000
        1905000	       189	80000388	00efffb3	and	x31,x31,x14	 x31:0x00001fff x14:0x00000030 x31=0x00000030
        1915000	       190	8000038c	0fe34703	lbu	x14,254(x6)	  x6:0x800083cb x14=0x00000082 PA:0x800084c9
        1925000	       191	80000390	30f31783	lh	x15,783(x6)	  x6:0x800083cb x15=0xffff9091 PA:0x800086da
        1935000	       192	80000394	00984633	xor	x12,x16,x9	 x16:0x00000001  x9:0x000003ab x12=0x000003aa
        1945000	       193	80000398	00525263	bge	x4,x5,8000039c	  x4:0x0000000a  x5:0x80000000
        1955000	       194	00000000	00000013	addi	x0,x0,0	  x0:0x00000000
        1965000	       195	80000398	00000013	addi	x0,x0,0	  x0:0x00000000
        1975000	       196	8000039c	01ebdf93	srli	x31,x23,0x1e	 x23:0x80009f84 x31=0x00000002
        1985000	       197	800003a0	a75ee193	ori	x3,x29,-1419	 x29:0xffffffb0  x3=0xfffffff5
        1995000	       198	800003a4	03825a63	bge	x4,x24,800003d8	  x4:0x0000000a x24:0x00000000
        2005000	       199	00000000	00000013	addi	x0,x0,0	  x0:0x00000000
        2015000	       200	800003d4	00000013	addi	x0,x0,0	  x0:0x00000000
        2025000	       201	800003d8	0147dfb3	srl	x31,x15,x20	 x15:0xffff9091 x20:0x00000003 x31=0x1ffff212
        2035000	       202	800003dc	7294a113	slti	x2,x9,1833	  x9:0x000003ab  x2=0x00000001
        2045000	       203	800003e0	741c2593	slti	x11,x24,1857	 x24:0x00000000 x11=0x00000001
        2055000	       204	800003e4	91768037	lui	x0,0x91768	
        2065000	       205	800003e8	019ec033	xor	x0,x29,x25	 x29:0xffffffb0 x25:0x00000017
        2075000	       206	800003ec	f0400c13	addi	x24,x0,-252	  x0:0x00000000 x24=0xffffff04
        2085000	       207	800003f0	01635913	srli	x18,x6,0x16	  x6:0x800083cb x18=0x00000200
        2095000	       208	800003f4	69ba3f13	sltiu	x30,x20,1691	 x20:0x00000003 x30=0x00000001
        2105000	       209	800003f8	0129c233	xor	x4,x19,x18	 x19:0x00000000 x18:0x00000200  x4=0x00000200
        2115000	       210	800003fc	840d0c97	auipc	x25,0x840d0	 x25=0x040d03f8
        2125000	       211	80000400	97ceca93	xori	x21,x29,-1668	 x29:0xffffffb0 x21=0x000006cc
        2135000	       212	80000404	ea234797	auipc	x15,0xea234	 x15=0x6a234400
        2145000	       213	80000408	018c6cb3	or	x25,x24,x24	 x24:0xffffff04 x24:0xffffff04 x25=0xffffff04
        2155000	       214	8000040c	00bb3cb3	sltu	x25,x22,x11	 x22:0xfc7c4887 x11:0x00000001 x25=0x00000000
        2165000	       215	80000410	012a9193	slli	x3,x21,0x12	 x21:0x000006cc  x3=0x1b300000
        2175000	       216	80000414	012f4333	xor	x6,x30,x18	 x30:0x00000001 x18:0x00000200  x6=0x00000201
        2185000	       217	80000418	a05c9c37	lui	x24,0xa05c9	 x24=0xa05c9000
        2195000	       218	8000041c	e1e5fa13	andi	x20,x11,-482	 x11:0x00000001 x20=0x00000000
        2205000	       219	80000420	40d85793	srai	x15,x16,0xd	 x16:0x00000001 x15=0x00000000
        2215000	       220	80000424	a741a393	slti	x7,x3,-1420	  x3:0x1b300000  x7=0x00000000
        2225000	       221	80000428	002028b3	slt	x17,x0,x2	  x0:0x00000000  x2:0x00000001 x17=0x00000001
        2235000	       222	8000042c	01e2d5b3	srl	x11,x5,x30	  x5:0x80000000 x30:0x00000001 x11=0x40000000
        2245000	       223	80000430	011b2333	slt	x6,x22,x17	 x22:0xfc7c4887 x17:0x00000001  x6=0x00000001
        2255000	       224	80000434	000f33b3	sltu	x7,x30,x0	 x30:0x00000001  x0:0x00000000  x7=0x00000000
        2265000	       225	80000438	8b43f713	andi	x14,x7,-1868	  x7:0x00000000 x14=0x00000000
        2275000	       226	8000043c	419cdf93	srai	x31,x25,0x19	 x25:0x00000000 x31=0x00000000
        2285000	       227	80000440	5ca39037	lui	x0,0x5ca39	
        2295000	       228	80000444	01e32633	slt	x12,x6,x30	  x6:0x00000001 x30:0x00000001 x12=0x00000000
        2305000	       229	80000448	00c8f6b3	and	x13,x17,x12	 x17:0x00000001 x12:0x00000000 x13=0x00000000
        2315000	       230	8000044c	007bd593	srli	x11,x23,0x7	 x23:0x80009f84 x11=0x0100013f
        2325000	       231	80000450	0027fe63	bgeu	x15,x2,8000046c	 x15:0x00000000  x2:0x00000001
        2335000	       232	80000454	00c7f8b3	and	x17,x15,x12	 x15:0x00000000 x12:0x00000000 x17=0x00000000
        2345000	       233	80000458	00267263	bgeu	x12,x2,8000045c	 x12:0x00000000  x2:0x00000001
        2355000	       234	8000045c	d5e33813	sltiu	x16,x6,-674	  x6:0x00000001 x16=0x00000001
        2365000	       235	80000460	00765f33	srl	x30,x12,x7	 x12:0x00000000  x7:0x00000000 x30=0x00000000
        2375000	       236	80000464	fc2ced93	ori	x27,x25,-62	 x25:0x00000000 x27=0xffffffc2
        2385000	       237	80000468	01b5edb3	or	x27,x11,x27	 x11:0x0100013f x27:0xffffffc2 x27=0xffffffff
        2395000	       238	8000046c	04c85263	bge	x16,x12,800004b0	 x16:0x00000001 x12:0x00000000
        2405000	       239	00000000	00000013	addi	x0,x0,0	  x0:0x00000000
        2415000	       240	800004ac	00000013	addi	x0,x0,0	  x0:0x00000000
        2425000	       241	800004b0	4462b913	sltiu	x18,x5,1094	  x5:0x80000000 x18=0x00000000
        2435000	       242	800004b4	4086d313	srai	x6,x13,0x8	 x13:0x00000000  x6=0x00000000
        2445000	       243	800004b8	00000013	addi	x0,x0,0	  x0:0x00000000
        2455000	       244	800004bc	078d0863	beq	x26,x24,8000052c	 x26:0x00000000 x24:0xa05c9000
        2465000	       245	800004c0	0101ea13	ori	x20,x3,16	  x3:0x1b300000 x20=0x1b300010
        2475000	       246	800004c4	065c7263	bgeu	x24,x5,80000528	 x24:0xa05c9000  x5:0x80000000
        2485000	       247	00000000	00000013	addi	x0,x0,0	  x0:0x00000000
        2495000	       248	80000524	00000013	addi	x0,x0,0	  x0:0x00000000
        2505000	       249	80000528	40f083b3	sub	x7,x1,x15	  x1:0x00000009 x15:0x00000000  x7=0x00000009
        2515000	       250	8000052c	40dc8733	sub	x14,x25,x13	 x25:0x00000000 x13:0x00000000 x14=0x00000000
        2525000	       251	80000530	40845e33	sra	x28,x8,x8	  x8:0x00000034  x8:0x00000034 x28=0x00000000
        2535000	       252	80000534	015f7833	and	x16,x30,x21	 x30:0x00000000 x21:0x000006cc x16=0x00000000
        2545000	       253	80000538	ee253a37	lui	x20,0xee253	 x20=0xee253000
        2555000	       254	8000053c	00000013	addi	x0,x0,0	  x0:0x00000000
        2565000	       255	80000540	b11b4a93	xori	x21,x22,-1263	 x22:0xfc7c4887 x21=0x0383b396
        2575000	       256	80000544	022e9e63	bne	x29,x2,80000580	 x29:0xffffffb0  x2:0x00000001
        2585000	       257	00000000	00000013	addi	x0,x0,0	  x0:0x00000000
        2595000	       258	8000057c	00000013	addi	x0,x0,0	  x0:0x00000000
        2605000	       259	80000580	58dbbf93	sltiu	x31,x23,1421	 x23:0x80009f84 x31=0x00000000
        2615000	       260	80000584	00778e33	add	x28,x15,x7	 x15:0x00000000  x7:0x00000009 x28=0x00000009
        2625000	       261	80000588	00000297	auipc	x5,0x0	  x5=0x80000584
        2635000	       262	8000058c	00c28293	addi	x5,x5,12	  x5:0x80000584  x5=0x80000590
        2645000	       263	80000590	00028067	jalr	x0,x5,0	  x5:0x80000590
        2655000	       264	00000000	00000013	addi	x0,x0,0	  x0:0x00000000
        2665000	       265	80000590	00000013	addi	x0,x0,0	  x0:0x00000000
        2675000	       266	80000594	00100193	addi	x3,x0,1	  x0:0x00000000  x3=0x00000001
        2685000	       267	80000598	00000073	ecall	
        2695000	       268	8000059c	4b5caf93	slti	x31,x25,1205	 x25:0x00000000 x31=0x00000001
