		Time			Cycle	PC		Insn	Decoded instruction	Register and memory contents
          65000	         5	80000004	00000293	addi	x5,x0,0	  x0:0x00000000  x5=0x00000000
          75000	         6	80000008	00000313	addi	x6,x0,0	  x0:0x00000000  x6=0x00000000
          85000	         7	8000000c	00628263	beq	x5,x6,80000010	  x5:0x00000000  x6:0x00000000
          95000	         8	00000000	00000013	addi	x0,x0,0	  x0:0x00000000
         105000	         9	8000000c	00000013	addi	x0,x0,0	  x0:0x00000000
         115000	        10	80000010	00000117	auipc	x2,0x0	  x2=0x8000000c
         125000	        11	80000014	00c10113	addi	x2,x2,12	  x2:0x8000000c  x2=0x80000018
         135000	        12	80000018	00010067	jalr	x0,x2,0	  x2:0x80000018
         145000	        13	00000000	00000013	addi	x0,x0,0	  x0:0x00000000
         155000	        14	80000018	00000013	addi	x0,x0,0	  x0:0x00000000
         165000	        15	8000001c	40000fb7	lui	x31,0x40000	 x31=0x40000000
         175000	        16	80000020	100f8f93	addi	x31,x31,256	 x31:0x40000000 x31=0x40000100
         185000	        17	80000024	00000013	addi	x0,x0,0	  x0:0x00000000
         195000	        18	80000028	0000ab17	auipc	x22,0xa	 x22=0x8000a024
         205000	        19	8000002c	fa0b0b13	addi	x22,x22,-96	 x22:0x8000a024 x22=0x80009fc4
         215000	        20	80000030	00002f97	auipc	x31,0x2	 x31=0x8000202c
         225000	        21	80000034	fe4f8f93	addi	x31,x31,-28	 x31:0x8000202c x31=0x80002010
         235000	        22	80000038	000fef93	ori	x31,x31,0	 x31:0x80002010 x31=0x80002010
         245000	        23	8000003c	00000013	addi	x0,x0,0	  x0:0x00000000
         255000	        24	80000040	00000f97	auipc	x31,0x0	 x31=0x8000003c
         265000	        25	80000044	020f8f93	addi	x31,x31,32	 x31:0x8000003c x31=0x8000005c
         275000	        26	80000048	00000013	addi	x0,x0,0	  x0:0x00000000
         285000	        27	8000004c	00000013	addi	x0,x0,0	  x0:0x00000000
         295000	        28	80000050	00002fb7	lui	x31,0x2	 x31=0x00002000
         305000	        29	80000054	800f8f93	addi	x31,x31,-2048	 x31:0x00002000 x31=0x00001800
         315000	        30	80000058	00000013	addi	x0,x0,0	  x0:0x00000000
         325000	        31	8000005c	00000013	addi	x0,x0,0	  x0:0x00000000
         335000	        32	80000060	00e00013	addi	x0,x0,14	  x0:0x00000000
         345000	        33	80000064	800000b7	lui	x1,0x80000	  x1=0x80000000
         355000	        34	80000068	80000137	lui	x2,0x80000	  x2=0x80000000
         365000	        35	8000006c	f3d4f1b7	lui	x3,0xf3d4f	  x3=0xf3d4f000
         375000	        36	80000070	75818193	addi	x3,x3,1880	  x3:0xf3d4f000  x3=0xf3d4f758
         385000	        37	80000074	80000237	lui	x4,0x80000	  x4=0x80000000
         395000	        38	80000078	00f00293	addi	x5,x0,15	  x0:0x00000000  x5=0x0000000f
         405000	        39	8000007c	1d1d6337	lui	x6,0x1d1d6	  x6=0x1d1d6000
         415000	        40	80000080	4f730313	addi	x6,x6,1271	  x6:0x1d1d6000  x6=0x1d1d64f7
         425000	        41	80000084	458603b7	lui	x7,0x45860	  x7=0x45860000
         435000	        42	80000088	b4e38393	addi	x7,x7,-1202	  x7:0x45860000  x7=0x4585fb4e
         445000	        43	8000008c	80000437	lui	x8,0x80000	  x8=0x80000000
         455000	        44	80000090	00300493	addi	x9,x0,3	  x0:0x00000000  x9=0x00000003
         465000	        45	80000094	80000537	lui	x10,0x80000	 x10=0x80000000
         475000	        46	80000098	ff90a5b7	lui	x11,0xff90a	 x11=0xff90a000
         485000	        47	8000009c	31358593	addi	x11,x11,787	 x11:0xff90a000 x11=0xff90a313
         495000	        48	800000a0	ff21a637	lui	x12,0xff21a	 x12=0xff21a000
         505000	        49	800000a4	10460613	addi	x12,x12,260	 x12:0xff21a000 x12=0xff21a104
         515000	        50	800000a8	f7d3c6b7	lui	x13,0xf7d3c	 x13=0xf7d3c000
         525000	        51	800000ac	af268693	addi	x13,x13,-1294	 x13:0xf7d3c000 x13=0xf7d3baf2
         535000	        52	800000b0	00000713	addi	x14,x0,0	  x0:0x00000000 x14=0x00000000
         545000	        53	800000b4	00800793	addi	x15,x0,8	  x0:0x00000000 x15=0x00000008
         555000	        54	800000b8	80000837	lui	x16,0x80000	 x16=0x80000000
         565000	        55	800000bc	49ad08b7	lui	x17,0x49ad0	 x17=0x49ad0000
         575000	        56	800000c0	a2088893	addi	x17,x17,-1504	 x17:0x49ad0000 x17=0x49acfa20
         585000	        57	800000c4	94d3a9b7	lui	x19,0x94d3a	 x19=0x94d3a000
         595000	        58	800000c8	96c98993	addi	x19,x19,-1684	 x19:0x94d3a000 x19=0x94d3996c
         605000	        59	800000cc	74677a37	lui	x20,0x74677	 x20=0x74677000
         615000	        60	800000d0	f97a0a13	addi	x20,x20,-105	 x20:0x74677000 x20=0x74676f97
         625000	        61	800000d4	103a7ab7	lui	x21,0x103a7	 x21=0x103a7000
         635000	        62	800000d8	64da8a93	addi	x21,x21,1613	 x21:0x103a7000 x21=0x103a764d
         645000	        63	800000dc	00200b93	addi	x23,x0,2	  x0:0x00000000 x23=0x00000002
         655000	        64	800000e0	f2659c37	lui	x24,0xf2659	 x24=0xf2659000
         665000	        65	800000e4	e4bc0c13	addi	x24,x24,-437	 x24:0xf2659000 x24=0xf2658e4b
         675000	        66	800000e8	fed98cb7	lui	x25,0xfed98	 x25=0xfed98000
         685000	        67	800000ec	b29c8c93	addi	x25,x25,-1239	 x25:0xfed98000 x25=0xfed97b29
         695000	        68	800000f0	f4860d37	lui	x26,0xf4860	 x26=0xf4860000
         705000	        69	800000f4	a65d0d13	addi	x26,x26,-1435	 x26:0xf4860000 x26=0xf485fa65
         715000	        70	800000f8	4ba20db7	lui	x27,0x4ba20	 x27=0x4ba20000
         725000	        71	800000fc	befd8d93	addi	x27,x27,-1041	 x27:0x4ba20000 x27=0x4ba1fbef
         735000	        72	80000100	00000e13	addi	x28,x0,0	  x0:0x00000000 x28=0x00000000
         745000	        73	80000104	00a00e93	addi	x29,x0,10	  x0:0x00000000 x29=0x0000000a
         755000	        74	80000108	f8463f37	lui	x30,0xf8463	 x30=0xf8463000
         765000	        75	8000010c	a98f0f13	addi	x30,x30,-1384	 x30:0xf8463000 x30=0xf8462a98
         775000	        76	80000110	f2e1bfb7	lui	x31,0xf2e1b	 x31=0xf2e1b000
         785000	        77	80000114	891f8f93	addi	x31,x31,-1903	 x31:0xf2e1b000 x31=0xf2e1a891
         795000	        78	80000118	0000a917	auipc	x18,0xa	 x18=0x8000a114
         805000	        79	8000011c	e7090913	addi	x18,x18,-400	 x18:0x8000a114 x18=0x80009f84
         815000	        80	80000120	00009617	auipc	x12,0x9	 x12=0x8000911c
         825000	        81	80000124	b0c60613	addi	x12,x12,-1268	 x12:0x8000911c x12=0x80008c28
         835000	        82	80000128	00009a17	auipc	x20,0x9	 x20=0x80009124
         845000	        83	8000012c	9e8a0a13	addi	x20,x20,-1560	 x20:0x80009124 x20=0x80008b0c
         855000	        84	80000130	fed60ea3	sb	x13,-3(x12)	 x12:0x80008c28 x13:0xf7d3baf2 PA:0x80008c25
         865000	        85	80000134	f3ea0ea3	sb	x30,-195(x20)	 x20:0x80008b0c x30:0xf8462a98 PA:0x80008a49
         875000	        86	80000138	00009717	auipc	x14,0x9	 x14=0x80009134
         885000	        87	8000013c	b0970713	addi	x14,x14,-1271	 x14:0x80009134 x14=0x80008c3d
         895000	        88	80000140	00009e17	auipc	x28,0x9	 x28=0x8000913c
         905000	        89	80000144	b2fe0e13	addi	x28,x28,-1233	 x28:0x8000913c x28=0x80008c6b
         915000	        90	80000148	00970183	lb	x3,9(x14)	 x14:0x80008c3d  x3=0x0000002d PA:0x80008c46
         925000	        91	8000014c	f17a4183	lbu	x3,-233(x20)	 x20:0x80008b0c  x3=0x00000008 PA:0x80008a23
         935000	        92	80000150	00009797	auipc	x15,0x9	 x15=0x8000914c
         945000	        93	80000154	dea78793	addi	x15,x15,-534	 x15:0x8000914c x15=0x80008f36
         955000	        94	80000158	0aaa0283	lb	x5,170(x20)	 x20:0x80008b0c  x5=0xffffff9d PA:0x80008bb6
         965000	        95	8000015c	ff375d83	lhu	x27,-13(x14)	 x14:0x80008c3d x27=0x00001a1b PA:0x80008c30
         975000	        96	80000160	f5e78ca3	sb	x30,-167(x15)	 x15:0x80008f36 x30:0xf8462a98 PA:0x80008e8f
         985000	        97	80000164	02ee0a23	sb	x14,52(x28)	 x28:0x80008c6b x14:0x80008c3d PA:0x80008c9f
         995000	        98	80000168	073a0083	lb	x1,115(x20)	 x20:0x80008b0c  x1=0x00000064 PA:0x80008b7f
        1005000	        99	8000016c	fec61583	lh	x11,-20(x12)	 x12:0x80008c28 x11=0xfffffeff PA:0x80008c14
        1015000	       100	80000170	c0de2c03	lw	x24,-1011(x28)	 x28:0x80008c6b x24=0x60616263 PA:0x80008878
        1025000	       101	80000174	ff571f83	lh	x31,-11(x14)	 x14:0x80008c3d x31=0x00001819 PA:0x80008c32
        1035000	       102	80000178	19ae0883	lb	x17,410(x28)	 x28:0x80008c6b x17=0xffffffee PA:0x80008e05
        1045000	       103	8000017c	0c7a0da3	sb	x7,219(x20)	 x20:0x80008b0c  x7:0x4585fb4e PA:0x80008be7
        1055000	       104	80000180	030a5583	lhu	x11,48(x20)	 x20:0x80008b0c x11=0x00002627 PA:0x80008b3c
        1065000	       105	80000184	ff270803	lb	x16,-14(x14)	 x14:0x80008c3d x16=0x00000014 PA:0x80008c2f
        1075000	       106	80000188	00260b83	lb	x23,2(x12)	 x12:0x80008c28 x23=0x00000011 PA:0x80008c2a
        1085000	       107	8000018c	f5f78523	sb	x31,-182(x15)	 x15:0x80008f36 x31:0x00001819 PA:0x80008e80
        1095000	       108	80000190	de5e1303	lh	x6,-539(x28)	 x28:0x80008c6b  x6=0x00003a3b PA:0x80008a50
        1105000	       109	80000194	ff470483	lb	x9,-12(x14)	 x14:0x80008c3d  x9=0x0000001a PA:0x80008c31
        1115000	       110	80000198	fc560623	sb	x5,-52(x12)	 x12:0x80008c28  x5:0xffffff9d PA:0x80008bf4
        1125000	       111	8000019c	ff578303	lb	x6,-11(x15)	 x15:0x80008f36  x6=0x00000010 PA:0x80008f2b
        1135000	       112	800001a0	0aa79c03	lh	x24,170(x15)	 x15:0x80008f36 x24=0xffffcacb PA:0x80008fe0
        1145000	       113	800001a4	fde78723	sb	x30,-50(x15)	 x15:0x80008f36 x30:0xf8462a98 PA:0x80008f04
        1155000	       114	800001a8	2c5e2203	lw	x4,709(x28)	 x28:0x80008c6b  x4=0x18191a1b PA:0x80008f30
        1165000	       115	800001ac	09979623	sh	x25,140(x15)	 x15:0x80008f36 x25:0xfed97b29 PA:0x80008fc2
        1175000	       116	800001b0	00974203	lbu	x4,9(x14)	 x14:0x80008c3d  x4=0x0000002d PA:0x80008c46
        1185000	       117	800001b4	0ae7d303	lhu	x6,174(x15)	 x15:0x80008f36  x6=0x0000cecf PA:0x80008fe4
        1195000	       118	800001b8	018e0e83	lb	x29,24(x28)	 x28:0x80008c6b x29=0x00000068 PA:0x80008c83
        1205000	       119	800001bc	07378aa3	sb	x19,117(x15)	 x15:0x80008f36 x19:0x94d3996c PA:0x80008fab
        1215000	       120	800001c0	00070823	sb	x0,16(x14)	 x14:0x80008c3d  x0:0x00000000 PA:0x80008c4d
        1225000	       121	800001c4	00070f03	lb	x30,0(x14)	 x14:0x80008c3d x30=0x00000026 PA:0x80008c3d
        1235000	       122	800001c8	ed9e5f03	lhu	x30,-295(x28)	 x28:0x80008c6b x30=0x00002e2f PA:0x80008b44
        1245000	       123	800001cc	00260683	lb	x13,2(x12)	 x12:0x80008c28 x13=0x00000011 PA:0x80008c2a
        1255000	       124	800001d0	fef784a3	sb	x15,-23(x15)	 x15:0x80008f36 x15:0x80008f36 PA:0x80008f1f
        1265000	       125	800001d4	010700a3	sb	x16,1(x14)	 x14:0x80008c3d x16:0x00000014 PA:0x80008c3e
        1275000	       126	800001d8	03d60503	lb	x10,61(x12)	 x12:0x80008c28 x10=0x0000004e PA:0x80008c65
        1285000	       127	00000000	00000013	addi	x0,x0,0	  x0:0x00000000
        1295000	       128	800001dc	00a74d83	lbu	x27,10(x14)	 x14:0x80008c3d x27=0x0000002c PA:0x80008c47
        1305000	       129	800001e0	00764f03	lbu	x30,7(x12)	 x12:0x80008c28 x30=0x00000014 PA:0x80008c2f
        1315000	       130	800001e4	cc4e07a3	sb	x4,-817(x28)	 x28:0x80008c6b  x4:0x0000002d PA:0x8000893a
        1325000	       131	800001e8	00008697	auipc	x13,0x8	 x13=0x800081e4
        1335000	       132	800001ec	03268693	addi	x13,x13,50	 x13:0x800081e4 x13=0x80008216
        1345000	       133	800001f0	01896833	or	x16,x18,x24	 x18:0x80009f84 x24:0xffffcacb x16=0xffffdfcf
        1355000	       134	800001f4	fc2680a3	sb	x2,-63(x13)	 x13:0x80008216  x2:0x80000000 PA:0x800081d7
        1365000	       135	800001f8	ff06c003	lbu	x0,-16(x13)	 x13:0x80008216 PA:0x80008206
        1375000	       136	800001fc	01169223	sh	x17,4(x13)	 x13:0x80008216 x17:0xffffffee PA:0x8000821a
        1385000	       137	80000200	fdb69c23	sh	x27,-40(x13)	 x13:0x80008216 x27:0x0000002c PA:0x800081ee
        1395000	       138	80000204	fef689a3	sb	x15,-13(x13)	 x13:0x80008216 x15:0x80008f36 PA:0x80008209
        1405000	       139	80000208	013ea1b3	slt	x3,x29,x19	 x29:0x00000068 x19:0x94d3996c  x3=0x00000000
        1415000	       140	8000020c	fc96c583	lbu	x11,-55(x13)	 x13:0x80008216 x11=0x00000094 PA:0x800081df
        1425000	       141	80000210	009fceb3	xor	x29,x31,x9	 x31:0x00001819  x9:0x0000001a x29=0x00001803
        1435000	       142	80000214	fdd68003	lb	x0,-35(x13)	 x13:0x80008216 PA:0x800081f3
        1445000	       143	80000218	027f4b93	xori	x23,x30,39	 x30:0x00000014 x23=0x00000033
        1455000	       144	8000021c	ec5e3513	sltiu	x10,x28,-315	 x28:0x80008c6b x10=0x00000001
        1465000	       145	80000220	bf3a4713	xori	x14,x20,-1037	 x20:0x80008b0c x14=0x7fff70ff
        1475000	       146	80000224	fc06dd03	lhu	x26,-64(x13)	 x13:0x80008216 x26=0x0000008d PA:0x800081d6
        1485000	       147	00000000	00000013	addi	x0,x0,0	  x0:0x00000000
        1495000	       148	80000228	01aaf5b3	and	x11,x21,x26	 x21:0x103a764d x26:0x0000008d x11=0x0000000d
        1505000	       149	8000022c	28b50d17	auipc	x26,0x28b50	 x26=0xa8b50228
        1515000	       150	80000230	a69d7893	andi	x17,x26,-1431	 x26:0xa8b50228 x17=0xa8b50228
        1525000	       151	80000234	04069a03	lh	x20,64(x13)	 x13:0x80008216 x20=0x00000c0d PA:0x80008256
        1535000	       152	80000238	41545333	sra	x6,x8,x21	  x8:0x80000000 x21:0x103a764d  x6=0xfffc0000
        1545000	       153	8000023c	811129b7	lui	x19,0x81112	 x19=0x81112000
        1555000	       154	80000240	9bbce313	ori	x6,x25,-1605	 x25:0xfed97b29  x6=0xfffffbbb
        1565000	       155	80000244	fc869983	lh	x19,-56(x13)	 x13:0x80008216 x19=0xffff9495 PA:0x800081de
        1575000	       156	80000248	0406d183	lhu	x3,64(x13)	 x13:0x80008216  x3=0x00000c0d PA:0x80008256
        1585000	       157	8000024c	40585493	srai	x9,x16,0x5	 x16:0xffffdfcf  x9=0xfffffefe
        1595000	       158	80000250	01669a83	lh	x21,22(x13)	 x13:0x80008216 x21=0xffffe6e7 PA:0x8000822c
        1605000	       159	80000254	0028ddb3	srl	x27,x17,x2	 x17:0xa8b50228  x2:0x80000000 x27=0xa8b50228
        1615000	       160	80000258	fff68e03	lb	x28,-1(x13)	 x13:0x80008216 x28=0xffffffce PA:0x80008215
        1625000	       161	8000025c	fc568783	lb	x15,-59(x13)	 x13:0x80008216 x15=0xffffff90 PA:0x800081db
        1635000	       162	80000260	40d201b3	sub	x3,x4,x13	  x4:0x0000002d x13:0x80008216  x3=0x7fff7e17
        1645000	       163	80000264	01f68e23	sb	x31,28(x13)	 x13:0x80008216 x31:0x00001819 PA:0x80008232
        1655000	       164	80000268	00000013	addi	x0,x0,0	  x0:0x00000000
        1665000	       165	8000026c	0406c383	lbu	x7,64(x13)	 x13:0x80008216  x7=0x0000000d PA:0x80008256
        1675000	       166	80000270	00000013	addi	x0,x0,0	  x0:0x00000000
        1685000	       167	80000274	013c5a13	srli	x20,x24,0x13	 x24:0xffffcacb x20=0x00001fff
        1695000	       168	80000278	01587db3	and	x27,x16,x21	 x16:0xffffdfcf x21:0xffffe6e7 x27=0xffffc6c7
        1705000	       169	8000027c	ac550d13	addi	x26,x10,-1339	 x10:0x00000001 x26=0xfffffac6
        1715000	       170	80000280	fd069f03	lh	x30,-48(x13)	 x13:0x80008216 x30=0xffff9c9d PA:0x800081e6
        1725000	       171	80000284	64290993	addi	x19,x18,1602	 x18:0x80009f84 x19=0x8000a5c6
        1735000	       172	80000288	01fb10b3	sll	x1,x22,x31	 x22:0x80009fc4 x31:0x00001819  x1=0x88000000
        1745000	       173	8000028c	fe9bc013	xori	x0,x23,-23	 x23:0x00000033
        1755000	       174	80000290	0196ce03	lbu	x28,25(x13)	 x13:0x80008216 x28=0x000000e4 PA:0x8000822f
        1765000	       175	80000294	03968fa3	sb	x25,63(x13)	 x13:0x80008216 x25:0xfed97b29 PA:0x80008255
        1775000	       176	80000298	00223e33	sltu	x28,x4,x2	  x4:0x0000002d  x2:0x80000000 x28=0x00000001
        1785000	       177	8000029c	fed68303	lb	x6,-19(x13)	 x13:0x80008216  x6=0xffffffb8 PA:0x80008203
        1795000	       178	800002a0	0346dd03	lhu	x26,52(x13)	 x13:0x80008216 x26=0x00000001 PA:0x8000824a
        1805000	       179	800002a4	f7e2fc13	andi	x24,x5,-130	  x5:0xffffff9d x24=0xffffff1c
        1815000	       180	800002a8	fe568e03	lb	x28,-27(x13)	 x13:0x80008216 x28=0xffffffb0 PA:0x800081fb
        1825000	       181	800002ac	fc1684a3	sb	x1,-55(x13)	 x13:0x80008216  x1:0x88000000 PA:0x800081df
        1835000	       182	800002b0	00008d97	auipc	x27,0x8	 x27=0x800082ac
        1845000	       183	800002b4	5f5d8d93	addi	x27,x27,1525	 x27:0x800082ac x27=0x800088a1
        1855000	       184	800002b8	415dd303	lhu	x6,1045(x27)	 x27:0x800088a1  x6=0x00009c9d PA:0x80008cb6
        1865000	       185	800002bc	415d9203	lh	x4,1045(x27)	 x27:0x800088a1  x4=0xffff9c9d PA:0x80008cb6
        1875000	       186	800002c0	0fad8e03	lb	x28,250(x27)	 x27:0x800088a1 x28=0xffffff80 PA:0x8000899b
        1885000	       187	00000000	00000013	addi	x0,x0,0	  x0:0x00000000
        1895000	       188	800002c4	0fcd8d23	sb	x28,250(x27)	 x27:0x800088a1 x28:0xffffff80 PA:0x8000899b
        1905000	       189	800002c8	0fadc383	lbu	x7,250(x27)	 x27:0x800088a1  x7=0x00000080 PA:0x8000899b
        1915000	       190	800002cc	4a3d8123	sb	x3,1186(x27)	 x27:0x800088a1  x3:0x7fff7e17 PA:0x80008d43
        1925000	       191	800002d0	00177033	and	x0,x14,x1	 x14:0x7fff70ff  x1:0x88000000
        1935000	       192	800002d4	4b3d8123	sb	x19,1186(x27)	 x27:0x800088a1 x19:0x8000a5c6 PA:0x80008d43
        1945000	       193	800002d8	4a2d8403	lb	x8,1186(x27)	 x27:0x800088a1  x8=0xffffffc6 PA:0x80008d43
        1955000	       194	800002dc	681d8083	lb	x1,1665(x27)	 x27:0x800088a1  x1=0x00000009 PA:0x80008f22
        1965000	       195	00000000	00000013	addi	x0,x0,0	  x0:0x00000000
        1975000	       196	800002e0	681dce83	lbu	x29,1665(x27)	 x27:0x800088a1 x29=0x00000009 PA:0x80008f22
        1985000	       197	800002e4	014dfcb3	and	x25,x27,x20	 x27:0x800088a1 x20:0x00001fff x25=0x000008a1
        1995000	       198	800002e8	6a193f93	sltiu	x31,x18,1697	 x18:0x80009f84 x31=0x00000000
        2005000	       199	800002ec	681dd083	lhu	x1,1665(x27)	 x27:0x800088a1  x1=0x00000809 PA:0x80008f22
        2015000	       200	800002f0	2c6d8a83	lb	x21,710(x27)	 x27:0x800088a1 x21=0x0000004c PA:0x80008b67
        2025000	       201	800002f4	5ebd8923	sb	x11,1522(x27)	 x27:0x800088a1 x11:0x0000000d PA:0x80008e93
        2035000	       202	800002f8	01c41393	slli	x7,x8,0x1c	  x8:0xffffffc6  x7=0x60000000
        2045000	       203	800002fc	5f2dce83	lbu	x29,1522(x27)	 x27:0x800088a1 x29=0x0000000d PA:0x80008e93
        2055000	       204	80000300	5f5d8923	sb	x21,1522(x27)	 x27:0x800088a1 x21:0x0000004c PA:0x80008e93
        2065000	       205	80000304	31ddc203	lbu	x4,797(x27)	 x27:0x800088a1  x4=0x000000a5 PA:0x80008bbe
        2075000	       206	80000308	00008b97	auipc	x23,0x8	 x23=0x80008304
        2085000	       207	8000030c	eacb8b93	addi	x23,x23,-340	 x23:0x80008304 x23=0x800081b0
        2095000	       208	80000310	66993013	sltiu	x0,x18,1641	 x18:0x80009f84
        2105000	       209	80000314	402c5f13	srai	x30,x24,0x2	 x24:0xffffff1c x30=0xffffffc7
        2115000	       210	80000318	032bc603	lbu	x12,50(x23)	 x23:0x800081b0 x12=0x00000099 PA:0x800081e2
        2125000	       211	8000031c	fedb80a3	sb	x13,-31(x23)	 x23:0x800081b0 x13:0x80008216 PA:0x80008191
        2135000	       212	80000320	00fbcc03	lbu	x24,15(x23)	 x23:0x800081b0 x24=0x00000074 PA:0x800081bf
        2145000	       213	00000000	00000013	addi	x0,x0,0	  x0:0x00000000
        2155000	       214	80000324	418189b3	sub	x19,x3,x24	  x3:0x7fff7e17 x24:0x00000074 x19=0x7fff7da3
        2165000	       215	80000328	02db8ea3	sb	x13,61(x23)	 x23:0x800081b0 x13:0x80008216 PA:0x800081ed
        2175000	       216	8000032c	01db8183	lb	x3,29(x23)	 x23:0x800081b0  x3=0xffffff86 PA:0x800081cd
        2185000	       217	80000330	412ddfb3	sra	x31,x27,x18	 x27:0x800088a1 x18:0x80009f84 x31=0xf800088a
        2195000	       218	80000334	01a59a33	sll	x20,x11,x26	 x11:0x0000000d x26:0x00000001 x20=0x0000001a
        2205000	       219	80000338	001bc703	lbu	x14,1(x23)	 x23:0x800081b0 x14=0x0000006a PA:0x800081b1
        2215000	       220	8000033c	036b8923	sb	x22,50(x23)	 x23:0x800081b0 x22:0x80009fc4 PA:0x800081e2
        2225000	       221	80000340	0163b0b3	sltu	x1,x7,x22	  x7:0x60000000 x22:0x80009fc4  x1=0x00000001
        2235000	       222	80000344	02fb84a3	sb	x15,41(x23)	 x23:0x800081b0 x15:0xffffff90 PA:0x800081d9
        2245000	       223	80000348	fd7b8883	lb	x17,-41(x23)	 x23:0x800081b0 x17=0x0000003c PA:0x80008187
        2255000	       224	8000034c	ff6b88a3	sb	x22,-15(x23)	 x23:0x800081b0 x22:0x80009fc4 PA:0x800081a1
        2265000	       225	80000350	01530db3	add	x27,x6,x21	  x6:0x00009c9d x21:0x0000004c x27=0x00009ce9
        2275000	       226	80000354	0fad6813	ori	x16,x26,250	 x26:0x00000001 x16=0x000000fb
        2285000	       227	80000358	024b8c23	sb	x4,56(x23)	 x23:0x800081b0  x4:0x000000a5 PA:0x800081e8
        2295000	       228	8000035c	22f713b7	lui	x7,0x22f71	  x7=0x22f71000
        2305000	       229	80000360	fc1b8ca3	sb	x1,-39(x23)	 x23:0x800081b0  x1:0x00000001 PA:0x80008189
        2315000	       230	80000364	022bd803	lhu	x16,34(x23)	 x23:0x800081b0 x16=0x00008889 PA:0x800081d2
        2325000	       231	80000368	015b8823	sb	x21,16(x23)	 x23:0x800081b0 x21:0x0000004c PA:0x800081c0
        2335000	       232	8000036c	02eb8fa3	sb	x14,63(x23)	 x23:0x800081b0 x14:0x0000006a PA:0x800081ef
        2345000	       233	80000370	026bca03	lbu	x20,38(x23)	 x23:0x800081b0 x20=0x0000008d PA:0x800081d6
        2355000	       234	80000374	01bb8623	sb	x27,12(x23)	 x23:0x800081b0 x27:0x00009ce9 PA:0x800081bc
        2365000	       235	80000378	00d0c633	xor	x12,x1,x13	  x1:0x00000001 x13:0x80008216 x12=0x80008217
        2375000	       236	8000037c	fddb8783	lb	x15,-35(x23)	 x23:0x800081b0 x15=0x00000046 PA:0x8000818d
        2385000	       237	80000380	03db8703	lb	x14,61(x23)	 x23:0x800081b0 x14=0x00000016 PA:0x800081ed
        2395000	       238	80000384	01449413	slli	x8,x9,0x14	  x9:0xfffffefe  x8=0xefe00000
        2405000	       239	80000388	fc7bc183	lbu	x3,-57(x23)	 x23:0x800081b0  x3=0x0000002c PA:0x80008177
        2415000	       240	8000038c	fe5b88a3	sb	x5,-15(x23)	 x23:0x800081b0  x5:0xffffff9d PA:0x800081a1
        2425000	       241	80000390	00009c17	auipc	x24,0x9	 x24=0x8000938c
        2435000	       242	80000394	ab6c0c13	addi	x24,x24,-1354	 x24:0x8000938c x24=0x80008e42
        2445000	       243	80000398	00009197	auipc	x3,0x9	  x3=0x80009394
        2455000	       244	8000039c	b3718193	addi	x3,x3,-1225	  x3:0x80009394  x3=0x80008ecb
        2465000	       245	800003a0	00008597	auipc	x11,0x8	 x11=0x8000839c
        2475000	       246	800003a4	5cb58593	addi	x11,x11,1483	 x11:0x8000839c x11=0x80008967
        2485000	       247	800003a8	00008817	auipc	x16,0x8	 x16=0x800083a4
        2495000	       248	800003ac	54380813	addi	x16,x16,1347	 x16:0x800083a4 x16=0x800088e7
        2505000	       249	800003b0	b5bc07a3	sb	x27,-1201(x24)	 x24:0x80008e42 x27:0x00009ce9 PA:0x80008991
        2515000	       250	800003b4	ee8c1f03	lh	x30,-280(x24)	 x24:0x80008e42 x30=0x00001011 PA:0x80008d2a
        2525000	       251	800003b8	fcf19fa3	sh	x15,-33(x3)	  x3:0x80008ecb x15:0x00000046 PA:0x80008eaa
        2535000	       252	800003bc	fe780723	sb	x7,-18(x16)	 x16:0x800088e7  x7:0x22f71000 PA:0x800088d5
        2545000	       253	800003c0	00009797	auipc	x15,0x9	 x15=0x800093bc
        2555000	       254	800003c4	a3678793	addi	x15,x15,-1482	 x15:0x800093bc x15=0x80008df2
        2565000	       255	800003c8	0d484b83	lbu	x23,212(x16)	 x16:0x800088e7 x23=0x000000a0 PA:0x800089bb
        2575000	       256	800003cc	f93c01a3	sb	x19,-125(x24)	 x24:0x80008e42 x19:0x7fff7da3 PA:0x80008dc5
        2585000	       257	800003d0	f717af23	sw	x17,-130(x15)	 x15:0x80008df2 x17:0x0000003c PA:0x80008d70
        2595000	       258	800003d4	d63c4a03	lbu	x20,-669(x24)	 x24:0x80008e42 x20=0x0000008e PA:0x80008ba5
        2605000	       259	800003d8	fad78703	lb	x14,-83(x15)	 x15:0x80008df2 x14=0xffffff84 PA:0x80008d9f
        2615000	       260	800003dc	fd818403	lb	x8,-40(x3)	  x3:0x80008ecb  x8=0xffffff88 PA:0x80008ea3
        2625000	       261	800003e0	05d78683	lb	x13,93(x15)	 x15:0x80008df2 x13=0x00000034 PA:0x80008e4f
        2635000	       262	800003e4	057c2923	sw	x23,82(x24)	 x24:0x80008e42 x23:0x000000a0 PA:0x80008e94
        2645000	       263	800003e8	fd958f83	lb	x31,-39(x11)	 x11:0x80008967 x31=0x0000002b PA:0x80008940
        2655000	       264	800003ec	fd51a403	lw	x8,-43(x3)	  x3:0x80008ecb  x8=0x88898a8b PA:0x80008ea0
        2665000	       265	800003f0	fea18303	lb	x6,-22(x3)	  x3:0x80008ecb  x6=0xffffff9e PA:0x80008eb5
        2675000	       266	800003f4	0245cf83	lbu	x31,36(x11)	 x11:0x80008967 x31=0x00000070 PA:0x8000898b
        2685000	       267	800003f8	02a58523	sb	x10,42(x11)	 x11:0x80008967 x10:0x00000001 PA:0x80008991
        2695000	       268	800003fc	03c1ce03	lbu	x28,60(x3)	  x3:0x80008ecb x28=0x000000ec PA:0x80008f07
        2705000	       269	80000400	02458123	sb	x4,34(x11)	 x11:0x80008967  x4:0x000000a5 PA:0x80008989
        2715000	       270	80000404	a2ac4083	lbu	x1,-1494(x24)	 x24:0x80008e42  x1=0x00000057 PA:0x8000886c
        2725000	       271	80000408	00484e03	lbu	x28,4(x16)	 x16:0x800088e7 x28=0x000000d0 PA:0x800088eb
        2735000	       272	8000040c	01718223	sb	x23,4(x3)	  x3:0x80008ecb x23:0x000000a0 PA:0x80008ecf
        2745000	       273	80000410	fe384283	lbu	x5,-29(x16)	 x16:0x800088e7  x5=0x000000b1 PA:0x800088ca
        2755000	       274	80000414	0ef78ca3	sb	x15,249(x15)	 x15:0x80008df2 x15:0x80008df2 PA:0x80008eeb
        2765000	       275	80000418	ca3c0383	lb	x7,-861(x24)	 x24:0x80008e42  x7=0xffffffce PA:0x80008ae5
        2775000	       276	8000041c	03c18603	lb	x12,60(x3)	  x3:0x80008ecb x12=0xffffffec PA:0x80008f07
        2785000	       277	00000000	00000013	addi	x0,x0,0	  x0:0x00000000
        2795000	       278	80000420	b8cc4503	lbu	x10,-1140(x24)	 x24:0x80008e42 x10=0x000000b5 PA:0x800089ce
        2805000	       279	80000424	0b978503	lb	x10,185(x15)	 x15:0x80008df2 x10=0x00000000 PA:0x80008eab
        2815000	       280	80000428	fd45cd83	lbu	x27,-44(x11)	 x11:0x80008967 x27=0x00000020 PA:0x8000893b
        2825000	       281	8000042c	e97c2323	sw	x23,-378(x24)	 x24:0x80008e42 x23:0x000000a0 PA:0x80008cc8
        2835000	       282	80000430	0a8807a3	sb	x8,175(x16)	 x16:0x800088e7  x8:0x88898a8b PA:0x80008996
        2845000	       283	80000434	fe8c4003	lbu	x0,-24(x24)	 x24:0x80008e42 PA:0x80008e2a
        2855000	       284	80000438	f44817a3	sh	x4,-177(x16)	 x16:0x800088e7  x4:0x000000a5 PA:0x80008836
        2865000	       285	8000043c	ff058b23	sb	x16,-10(x11)	 x11:0x80008967 x16:0x800088e7 PA:0x8000895d
        2875000	       286	80000440	ff61c703	lbu	x14,-10(x3)	  x3:0x80008ecb x14=0x000000aa PA:0x80008ec1
        2885000	       287	80000444	fc058fa3	sb	x0,-33(x11)	 x11:0x80008967  x0:0x00000000 PA:0x80008946
        2895000	       288	80000448	0031da03	lhu	x20,3(x3)	  x3:0x80008ecb x20=0x0000a0b5 PA:0x80008ece
        2905000	       289	8000044c	01318e83	lb	x29,19(x3)	  x3:0x80008ecb x29=0xffffffc5 PA:0x80008ede
        2915000	       290	80000450	00008417	auipc	x8,0x8	  x8=0x8000844c
        2925000	       291	80000454	07d40413	addi	x8,x8,125	  x8:0x8000844c  x8=0x800084c9
        2935000	       292	80000458	07b41c03	lh	x24,123(x8)	  x8:0x800084c9 x24=0xfffffeff PA:0x80008544
        2945000	       293	8000045c	07e42da3	sw	x30,123(x8)	  x8:0x800084c9 x30:0x00001011 PA:0x80008544
        2955000	       294	80000460	406cd593	srai	x11,x25,0x6	 x25:0x000008a1 x11=0x00000022
        2965000	       295	80000464	07742da3	sw	x23,123(x8)	  x8:0x800084c9 x23:0x000000a0 PA:0x80008544
        2975000	       296	80000468	07b44503	lbu	x10,123(x8)	  x8:0x800084c9 x10=0x000000a0 PA:0x80008544
        2985000	       297	8000046c	c1940e23	sb	x25,-996(x8)	  x8:0x800084c9 x25:0x000008a1 PA:0x800080e5
        2995000	       298	80000470	0050de13	srli	x28,x1,0x5	  x1:0x00000057 x28=0x00000002
        3005000	       299	80000474	c1c44203	lbu	x4,-996(x8)	  x8:0x800084c9  x4=0x000000a1 PA:0x800080e5
        3015000	       300	80000478	1d6418a3	sh	x22,465(x8)	  x8:0x800084c9 x22:0x80009fc4 PA:0x8000869a
        3025000	       301	8000047c	1d7418a3	sh	x23,465(x8)	  x8:0x800084c9 x23:0x000000a0 PA:0x8000869a
        3035000	       302	80000480	d30408a3	sb	x16,-719(x8)	  x8:0x800084c9 x16:0x800088e7 PA:0x800081fa
        3045000	       303	80000484	d3141483	lh	x9,-719(x8)	  x8:0x800084c9  x9=0xffffb0e7 PA:0x800081fa
        3055000	       304	80000488	d3144703	lbu	x14,-719(x8)	  x8:0x800084c9 x14=0x000000e7 PA:0x800081fa
        3065000	       305	8000048c	d3144f03	lbu	x30,-719(x8)	  x8:0x800084c9 x30=0x000000e7 PA:0x800081fa
        3075000	       306	80000490	d3141f83	lh	x31,-719(x8)	  x8:0x800084c9 x31=0xffffb0e7 PA:0x800081fa
        3085000	       307	80000494	d3144a03	lbu	x20,-719(x8)	  x8:0x800084c9 x20=0x000000e7 PA:0x800081fa
        3095000	       308	80000498	d3140183	lb	x3,-719(x8)	  x8:0x800084c9  x3=0xffffffe7 PA:0x800081fa
        3105000	       309	8000049c	01f49693	slli	x13,x9,0x1f	  x9:0xffffb0e7 x13=0x80000000
        3115000	       310	800004a0	d3141603	lh	x12,-719(x8)	  x8:0x800084c9 x12=0xffffb0e7 PA:0x800081fa
        3125000	       311	800004a4	d38408a3	sb	x24,-719(x8)	  x8:0x800084c9 x24:0xfffffeff PA:0x800081fa
        3135000	       312	800004a8	d3144c03	lbu	x24,-719(x8)	  x8:0x800084c9 x24=0x000000ff PA:0x800081fa
        3145000	       313	800004ac	f7d67293	andi	x5,x12,-131	 x12:0xffffb0e7  x5=0xffffb065
        3155000	       314	800004b0	415f5fb3	sra	x31,x30,x21	 x30:0x000000e7 x21:0x0000004c x31=0x00000000
        3165000	       315	800004b4	01a9a8b3	slt	x17,x19,x26	 x19:0x7fff7da3 x26:0x00000001 x17=0x00000000
        3175000	       316	800004b8	00e49263	bne	x9,x14,800004bc	  x9:0xffffb0e7 x14:0x000000e7
        3185000	       317	00000000	00000013	addi	x0,x0,0	  x0:0x00000000
        3195000	       318	800004b8	00000013	addi	x0,x0,0	  x0:0x00000000
        3205000	       319	800004bc	67525e37	lui	x28,0x67525	 x28=0x67525000
        3215000	       320	800004c0	c433e813	ori	x16,x7,-957	  x7:0xffffffce x16=0xffffffcf
        3225000	       321	800004c4	34b629b7	lui	x19,0x34b62	 x19=0x34b62000
        3235000	       322	800004c8	002ea633	slt	x12,x29,x2	 x29:0xffffffc5  x2:0x80000000 x12=0x00000000
        3245000	       323	800004cc	41f6d8b3	sra	x17,x13,x31	 x13:0x80000000 x31:0x00000000 x17=0x80000000
        3255000	       324	800004d0	01516fb3	or	x31,x2,x21	  x2:0x80000000 x21:0x0000004c x31=0x8000004c
        3265000	       325	800004d4	01111493	slli	x9,x2,0x11	  x2:0x80000000  x9=0x00000000
        3275000	       326	800004d8	02cf5c63	bge	x30,x12,80000510	 x30:0x000000e7 x12:0x00000000
        3285000	       327	00000000	00000013	addi	x0,x0,0	  x0:0x00000000
        3295000	       328	8000050c	00000013	addi	x0,x0,0	  x0:0x00000000
        3305000	       329	80000510	01e5d093	srli	x1,x11,0x1e	 x11:0x00000022  x1=0x00000000
        3315000	       330	80000514	019c31b3	sltu	x3,x24,x25	 x24:0x000000ff x25:0x000008a1  x3=0x00000001
        3325000	       331	80000518	00670533	add	x10,x14,x6	 x14:0x000000e7  x6:0xffffff9e x10=0x00000085
        3335000	       332	8000051c	f9fb0693	addi	x13,x22,-97	 x22:0x80009fc4 x13=0x80009f63
        3345000	       333	80000520	3d388a93	addi	x21,x17,979	 x17:0x80000000 x21=0x800003d3
        3355000	       334	80000524	0521d063	bge	x3,x18,80000564	  x3:0x00000001 x18:0x80009f84
        3365000	       335	00000000	00000013	addi	x0,x0,0	  x0:0x00000000
        3375000	       336	80000560	00000013	addi	x0,x0,0	  x0:0x00000000
        3385000	       337	80000564	00dcce33	xor	x28,x25,x13	 x25:0x000008a1 x13:0x80009f63 x28=0x800097c2
        3395000	       338	80000568	04755e63	bge	x10,x7,800005c4	 x10:0x00000085  x7:0xffffffce
        3405000	       339	00000000	00000013	addi	x0,x0,0	  x0:0x00000000
        3415000	       340	800005c0	00000013	addi	x0,x0,0	  x0:0x00000000
        3425000	       341	800005c4	00000013	addi	x0,x0,0	  x0:0x00000000
        3435000	       342	800005c8	0146d993	srli	x19,x13,0x14	 x13:0x80009f63 x19=0x00000800
        3445000	       343	800005cc	01e7cf33	xor	x30,x15,x30	 x15:0x80008df2 x30:0x000000e7 x30=0x80008d15
        3455000	       344	800005d0	403b8e33	sub	x28,x23,x3	 x23:0x000000a0  x3:0x00000001 x28=0x0000009f
        3465000	       345	800005d4	00b55863	bge	x10,x11,800005e4	 x10:0x00000085 x11:0x00000022
        3475000	       346	00000000	00000013	addi	x0,x0,0	  x0:0x00000000
        3485000	       347	800005e0	00000013	addi	x0,x0,0	  x0:0x00000000
        3495000	       348	800005e4	0763e063	bltu	x7,x22,80000644	  x7:0xffffffce x22:0x80009fc4
        3505000	       349	800005e8	5f263617	auipc	x12,0x5f263	 x12=0xdf2635e4
        3515000	       350	800005ec	0188ecb3	or	x25,x17,x24	 x17:0x80000000 x24:0x000000ff x25=0x800000ff
        3525000	       351	800005f0	9fe64c93	xori	x25,x12,-1538	 x12:0xdf2635e4 x25=0x20d9cc1a
        3535000	       352	800005f4	077c5263	bge	x24,x23,80000658	 x24:0x000000ff x23:0x000000a0
        3545000	       353	00000000	00000013	addi	x0,x0,0	  x0:0x00000000
        3555000	       354	80000654	00000013	addi	x0,x0,0	  x0:0x00000000
        3565000	       355	80000658	87550e93	addi	x29,x10,-1931	 x10:0x00000085 x29=0xfffff8fa
        3575000	       356	8000065c	3c1e3c17	auipc	x24,0x3c1e3	 x24=0xbc1e3658
        3585000	       357	80000660	00f3e7b3	or	x15,x7,x15	  x7:0xffffffce x15:0x80008df2 x15=0xfffffffe
        3595000	       358	80000664	40e18633	sub	x12,x3,x14	  x3:0x00000001 x14:0x000000e7 x12=0xffffff1a
        3605000	       359	80000668	04fdd663	bge	x27,x15,800006b4	 x27:0x00000020 x15:0xfffffffe
        3615000	       360	00000000	00000013	addi	x0,x0,0	  x0:0x00000000
        3625000	       361	800006b0	00000013	addi	x0,x0,0	  x0:0x00000000
        3635000	       362	800006b4	2f603a17	auipc	x20,0x2f603	 x20=0xaf6036b0
        3645000	       363	800006b8	a142f313	andi	x6,x5,-1516	  x5:0xffffb065  x6=0xffffb004
        3655000	       364	800006bc	3ca4a613	slti	x12,x9,970	  x9:0x00000000 x12=0x00000001
        3665000	       365	800006c0	401e0a33	sub	x20,x28,x1	 x28:0x0000009f  x1:0x00000000 x20=0x0000009f
        3675000	       366	800006c4	18b30217	auipc	x4,0x18b30	  x4=0x98b306c0
        3685000	       367	800006c8	001c6263	bltu	x24,x1,800006cc	 x24:0xbc1e3658  x1:0x00000000
        3695000	       368	800006cc	00b86663	bltu	x16,x11,800006d8	 x16:0xffffffcf x11:0x00000022
        3705000	       369	800006d0	2b6c3393	sltiu	x7,x24,694	 x24:0xbc1e3658  x7=0x00000000
        3715000	       370	800006d4	00f741b3	xor	x3,x14,x15	 x14:0x000000e7 x15:0xfffffffe  x3=0xffffff19
        3725000	       371	800006d8	01d51633	sll	x12,x10,x29	 x10:0x00000085 x29:0xfffff8fa x12=0x14000000
        3735000	       372	800006dc	0250e663	bltu	x1,x5,80000708	  x1:0x00000000  x5:0xffffb065
        3745000	       373	00000000	00000013	addi	x0,x0,0	  x0:0x00000000
        3755000	       374	80000704	00000013	addi	x0,x0,0	  x0:0x00000000
        3765000	       375	80000708	02a17c63	bgeu	x2,x10,80000740	  x2:0x80000000 x10:0x00000085
        3775000	       376	00000000	00000013	addi	x0,x0,0	  x0:0x00000000
        3785000	       377	8000073c	00000013	addi	x0,x0,0	  x0:0x00000000
        3795000	       378	80000740	01497633	and	x12,x18,x20	 x18:0x80009f84 x20:0x0000009f x12=0x00000084
        3805000	       379	80000744	0268e863	bltu	x17,x6,80000774	 x17:0x80000000  x6:0xffffb004
        3815000	       380	00000000	00000013	addi	x0,x0,0	  x0:0x00000000
        3825000	       381	80000770	00000013	addi	x0,x0,0	  x0:0x00000000
        3835000	       382	80000774	01ce0463	beq	x28,x28,8000077c	 x28:0x0000009f x28:0x0000009f
        3845000	       383	00000000	00000013	addi	x0,x0,0	  x0:0x00000000
        3855000	       384	80000778	00000013	addi	x0,x0,0	  x0:0x00000000
        3865000	       385	8000077c	00b07a33	and	x20,x0,x11	  x0:0x00000000 x11:0x00000022 x20=0x00000000
        3875000	       386	80000780	01d06513	ori	x10,x0,29	  x0:0x00000000 x10=0x0000001d
        3885000	       387	80000784	0500f863	bgeu	x1,x16,800007d4	  x1:0x00000000 x16:0xffffffcf
        3895000	       388	80000788	a650a513	slti	x10,x1,-1435	  x1:0x00000000 x10=0x00000000
        3905000	       389	8000078c	2998b313	sltiu	x6,x17,665	 x17:0x80000000  x6=0x00000000
        3915000	       390	80000790	4189d3b3	sra	x7,x19,x24	 x19:0x00000800 x24:0xbc1e3658  x7=0x00000000
        3925000	       391	80000794	4ed5ec93	ori	x25,x11,1261	 x11:0x00000022 x25=0x000004ef
        3935000	       392	80000798	015dd313	srli	x6,x27,0x15	 x27:0x00000020  x6=0x00000000
        3945000	       393	8000079c	41bbdc13	srai	x24,x23,0x1b	 x23:0x000000a0 x24=0x00000000
        3955000	       394	800007a0	01d5fab3	and	x21,x11,x29	 x11:0x00000022 x29:0xfffff8fa x21=0x00000022
        3965000	       395	800007a4	016c5813	srli	x16,x24,0x16	 x24:0x00000000 x16=0x00000000
        3975000	       396	800007a8	006dcc63	blt	x27,x6,800007c0	 x27:0x00000020  x6:0x00000000
        3985000	       397	800007ac	00445e63	bge	x8,x4,800007c8	  x8:0x800084c9  x4:0x98b306c0
        3995000	       398	800007b0	bb20a237	lui	x4,0xbb20a	  x4=0xbb20a000
        4005000	       399	800007b4	40cd0e33	sub	x28,x26,x12	 x26:0x00000001 x12:0x00000084 x28=0xffffff7d
        4015000	       400	800007b8	41e302b3	sub	x5,x6,x30	  x6:0x00000000 x30:0x80008d15  x5=0x7fff72eb
        4025000	       401	800007bc	41bf54b3	sra	x9,x30,x27	 x30:0x80008d15 x27:0x00000020  x9=0x80008d15
        4035000	       402	800007c0	416602b3	sub	x5,x12,x22	 x12:0x00000084 x22:0x80009fc4  x5=0x7fff60c0
        4045000	       403	800007c4	014747b3	xor	x15,x14,x20	 x14:0x000000e7 x20:0x00000000 x15=0x000000e7
        4055000	       404	800007c8	02d9ec63	bltu	x19,x13,80000800	 x19:0x00000800 x13:0x80009f63
        4065000	       405	00000000	00000013	addi	x0,x0,0	  x0:0x00000000
        4075000	       406	800007fc	00000013	addi	x0,x0,0	  x0:0x00000000
        4085000	       407	80000800	7d603a17	auipc	x20,0x7d603	 x20=0xfd6037fc
        4095000	       408	80000804	01f7ec33	or	x24,x15,x31	 x15:0x000000e7 x31:0x8000004c x24=0x800000ef
        4105000	       409	80000808	2e3553b7	lui	x7,0x2e355	  x7=0x2e355000
        4115000	       410	8000080c	0145f4b3	and	x9,x11,x20	 x11:0x00000022 x20:0xfd6037fc  x9=0x00000020
        4125000	       411	80000810	41c45eb3	sra	x29,x8,x28	  x8:0x800084c9 x28:0xffffff7d x29=0xfffffffc
        4135000	       412	80000814	00523a33	sltu	x20,x4,x5	  x4:0xbb20a000  x5:0x7fff60c0 x20=0x00000000
        4145000	       413	80000818	f6bb3a13	sltiu	x20,x22,-149	 x22:0x80009fc4 x20=0x00000001
        4155000	       414	8000081c	01b74ab3	xor	x21,x14,x27	 x14:0x000000e7 x27:0x00000020 x21=0x000000c7
        4165000	       415	80000820	017eb833	sltu	x16,x29,x23	 x29:0xfffffffc x23:0x000000a0 x16=0x00000000
        4175000	       416	80000824	409702b3	sub	x5,x14,x9	 x14:0x000000e7  x9:0x00000020  x5=0x000000c7
        4185000	       417	80000828	b89bf513	andi	x10,x23,-1143	 x23:0x000000a0 x10=0x00000080
        4195000	       418	8000082c	01531393	slli	x7,x6,0x15	  x6:0x00000000  x7=0x00000000
        4205000	       419	80000830	01c23db3	sltu	x27,x4,x28	  x4:0xbb20a000 x28:0xffffff7d x27=0x00000001
        4215000	       420	80000834	93b38d93	addi	x27,x7,-1733	  x7:0x00000000 x27=0xfffff93b
        4225000	       421	80000838	013579b3	and	x19,x10,x19	 x10:0x00000080 x19:0x00000800 x19=0x00000000
        4235000	       422	8000083c	41c75213	srai	x4,x14,0x1c	 x14:0x000000e7  x4=0x00000000
        4245000	       423	80000840	00488db3	add	x27,x17,x4	 x17:0x80000000  x4:0x00000000 x27=0x80000000
        4255000	       424	80000844	0053d893	srli	x17,x7,0x5	  x7:0x00000000 x17=0x00000000
        4265000	       425	80000848	01d67463	bgeu	x12,x29,80000850	 x12:0x00000084 x29:0xfffffffc
        4275000	       426	8000084c	00000013	addi	x0,x0,0	  x0:0x00000000
        4285000	       427	80000850	993f0793	addi	x15,x30,-1645	 x30:0x80008d15 x15=0x800086a8
        4295000	       428	80000854	017807b3	add	x15,x16,x23	 x16:0x00000000 x23:0x000000a0 x15=0x000000a0
        4305000	       429	80000858	00d25263	bge	x4,x13,8000085c	  x4:0x00000000 x13:0x80009f63
        4315000	       430	00000000	00000013	addi	x0,x0,0	  x0:0x00000000
        4325000	       431	80000858	00000013	addi	x0,x0,0	  x0:0x00000000
        4335000	       432	8000085c	1d506e13	ori	x28,x0,469	  x0:0x00000000 x28=0x000001d5
        4345000	       433	80000860	045d9863	bne	x27,x5,800008b0	 x27:0x80000000  x5:0x000000c7
        4355000	       434	00000000	00000013	addi	x0,x0,0	  x0:0x00000000
        4365000	       435	800008ac	00000013	addi	x0,x0,0	  x0:0x00000000
        4375000	       436	800008b0	41585093	srai	x1,x16,0x15	 x16:0x00000000  x1=0x00000000
        4385000	       437	800008b4	00320733	add	x14,x4,x3	  x4:0x00000000  x3:0xffffff19 x14=0xffffff19
        4395000	       438	800008b8	010c1493	slli	x9,x24,0x10	 x24:0x800000ef  x9=0x00ef0000
        4405000	       439	800008bc	01ff7a33	and	x20,x30,x31	 x30:0x80008d15 x31:0x8000004c x20=0x80000004
        4415000	       440	800008c0	4135d733	sra	x14,x11,x19	 x11:0x00000022 x19:0x00000000 x14=0x00000022
        4425000	       441	800008c4	406cdf93	srai	x31,x25,0x6	 x25:0x000004ef x31=0x00000013
        4435000	       442	800008c8	012e9ab3	sll	x21,x29,x18	 x29:0xfffffffc x18:0x80009f84 x21=0xffffffc0
        4445000	       443	800008cc	000fa4b3	slt	x9,x31,x0	 x31:0x00000013  x0:0x00000000  x9=0x00000000
        4455000	       444	800008d0	008aa333	slt	x6,x21,x8	 x21:0xffffffc0  x8:0x800084c9  x6=0x00000000
        4465000	       445	800008d4	d6374297	auipc	x5,0xd6374	  x5=0x563748d0
        4475000	       446	800008d8	017e17b3	sll	x15,x28,x23	 x28:0x000001d5 x23:0x000000a0 x15=0x000001d5
        4485000	       447	800008dc	031b4863	blt	x22,x17,8000090c	 x22:0x80009fc4 x17:0x00000000
        4495000	       448	00000000	00000013	addi	x0,x0,0	  x0:0x00000000
        4505000	       449	80000908	00000013	addi	x0,x0,0	  x0:0x00000000
        4515000	       450	8000090c	02f29863	bne	x5,x15,8000093c	  x5:0x563748d0 x15:0x000001d5
        4525000	       451	00000000	00000013	addi	x0,x0,0	  x0:0x00000000
        4535000	       452	80000938	00000013	addi	x0,x0,0	  x0:0x00000000
        4545000	       453	8000093c	ced17893	andi	x17,x2,-787	  x2:0x80000000 x17=0x80000000
        4555000	       454	80000940	00000117	auipc	x2,0x0	  x2=0x8000093c
        4565000	       455	80000944	00c10113	addi	x2,x2,12	  x2:0x8000093c  x2=0x80000948
        4575000	       456	80000948	00010067	jalr	x0,x2,0	  x2:0x80000948
        4585000	       457	00000000	00000013	addi	x0,x0,0	  x0:0x00000000
        4595000	       458	80000948	00000013	addi	x0,x0,0	  x0:0x00000000
        4605000	       459	8000094c	00100193	addi	x3,x0,1	  x0:0x00000000  x3=0x00000001
        4615000	       460	80000950	00000073	ecall	
        4625000	       461	80000954	01b60ab3	add	x21,x12,x27	 x12:0x00000084 x27:0x80000000 x21=0x80000084
