		Time			Cycle	PC		Insn	Decoded instruction	Register and memory contents
          65000	         5	80000004	00000293	addi	x5,x0,0	  x0:0x00000000  x5=0x00000000
          75000	         6	80000008	00000313	addi	x6,x0,0	  x0:0x00000000  x6=0x00000000
          85000	         7	8000000c	00628263	beq	x5,x6,80000010	  x5:0x00000000  x6:0x00000000
          95000	         8	00000000	00000013	addi	x0,x0,0	  x0:0x00000000
         105000	         9	8000000c	00000013	addi	x0,x0,0	  x0:0x00000000
         115000	        10	80000010	00000397	auipc	x7,0x0	  x7=0x8000000c
         125000	        11	80000014	00c38393	addi	x7,x7,12	  x7:0x8000000c  x7=0x80000018
         135000	        12	80000018	00038067	jalr	x0,x7,0	  x7:0x80000018
         145000	        13	00000000	00000013	addi	x0,x0,0	  x0:0x00000000
         155000	        14	80000018	00000013	addi	x0,x0,0	  x0:0x00000000
         165000	        15	8000001c	40000337	lui	x6,0x40000	  x6=0x40000000
         175000	        16	80000020	10030313	addi	x6,x6,256	  x6:0x40000000  x6=0x40000100
         185000	        17	80000024	00000013	addi	x0,x0,0	  x0:0x00000000
         195000	        18	80000028	0000af97	auipc	x31,0xa	 x31=0x8000a024
         205000	        19	8000002c	fa0f8f93	addi	x31,x31,-96	 x31:0x8000a024 x31=0x80009fc4
         215000	        20	80000030	00002317	auipc	x6,0x2	  x6=0x8000202c
         225000	        21	80000034	7d430313	addi	x6,x6,2004	  x6:0x8000202c  x6=0x80002800
         235000	        22	80000038	00136313	ori	x6,x6,1	  x6:0x80002800  x6=0x80002801
         245000	        23	8000003c	00000013	addi	x0,x0,0	  x0:0x00000000
         255000	        24	80000040	00000317	auipc	x6,0x0	  x6=0x8000003c
         265000	        25	80000044	02030313	addi	x6,x6,32	  x6:0x8000003c  x6=0x8000005c
         275000	        26	80000048	00000013	addi	x0,x0,0	  x0:0x00000000
         285000	        27	8000004c	00000013	addi	x0,x0,0	  x0:0x00000000
         295000	        28	80000050	00002337	lui	x6,0x2	  x6=0x00002000
         305000	        29	80000054	80030313	addi	x6,x6,-2048	  x6:0x00002000  x6=0x00001800
         315000	        30	80000058	00000013	addi	x0,x0,0	  x0:0x00000000
         325000	        31	8000005c	00000013	addi	x0,x0,0	  x0:0x00000000
         335000	        32	80000060	a2b75037	lui	x0,0xa2b75	
         345000	        33	80000064	83d00013	addi	x0,x0,-1987	  x0:0x00000000
         355000	        34	80000068	d72bd0b7	lui	x1,0xd72bd	  x1=0xd72bd000
         365000	        35	8000006c	55c08093	addi	x1,x1,1372	  x1:0xd72bd000  x1=0xd72bd55c
         375000	        36	80000070	fce1e137	lui	x2,0xfce1e	  x2=0xfce1e000
         385000	        37	80000074	4b010113	addi	x2,x2,1200	  x2:0xfce1e000  x2=0xfce1e4b0
         395000	        38	80000078	56d2b1b7	lui	x3,0x56d2b	  x3=0x56d2b000
         405000	        39	8000007c	24818193	addi	x3,x3,584	  x3:0x56d2b000  x3=0x56d2b248
         415000	        40	80000080	00000213	addi	x4,x0,0	  x0:0x00000000  x4=0x00000000
         425000	        41	80000084	f71b62b7	lui	x5,0xf71b6	  x5=0xf71b6000
         435000	        42	80000088	1b428293	addi	x5,x5,436	  x5:0xf71b6000  x5=0xf71b61b4
         445000	        43	8000008c	00100313	addi	x6,x0,1	  x0:0x00000000  x6=0x00000001
         455000	        44	80000090	00000393	addi	x7,x0,0	  x0:0x00000000  x7=0x00000000
         465000	        45	80000094	4cc71437	lui	x8,0x4cc71	  x8=0x4cc71000
         475000	        46	80000098	f3040413	addi	x8,x8,-208	  x8:0x4cc71000  x8=0x4cc70f30
         485000	        47	8000009c	00500513	addi	x10,x0,5	  x0:0x00000000 x10=0x00000005
         495000	        48	800000a0	00100593	addi	x11,x0,1	  x0:0x00000000 x11=0x00000001
         505000	        49	800000a4	80000637	lui	x12,0x80000	 x12=0x80000000
         515000	        50	800000a8	bf9e86b7	lui	x13,0xbf9e8	 x13=0xbf9e8000
         525000	        51	800000ac	9c568693	addi	x13,x13,-1595	 x13:0xbf9e8000 x13=0xbf9e79c5
         535000	        52	800000b0	f5b15737	lui	x14,0xf5b15	 x14=0xf5b15000
         545000	        53	800000b4	0e570713	addi	x14,x14,229	 x14:0xf5b15000 x14=0xf5b150e5
         555000	        54	800000b8	fe2637b7	lui	x15,0xfe263	 x15=0xfe263000
         565000	        55	800000bc	af778793	addi	x15,x15,-1289	 x15:0xfe263000 x15=0xfe262af7
         575000	        56	800000c0	72ec9837	lui	x16,0x72ec9	 x16=0x72ec9000
         585000	        57	800000c4	97880813	addi	x16,x16,-1672	 x16:0x72ec9000 x16=0x72ec8978
         595000	        58	800000c8	f3e868b7	lui	x17,0xf3e86	 x17=0xf3e86000
         605000	        59	800000cc	9ce88893	addi	x17,x17,-1586	 x17:0xf3e86000 x17=0xf3e859ce
         615000	        60	800000d0	00800913	addi	x18,x0,8	  x0:0x00000000 x18=0x00000008
         625000	        61	800000d4	800009b7	lui	x19,0x80000	 x19=0x80000000
         635000	        62	800000d8	00200a13	addi	x20,x0,2	  x0:0x00000000 x20=0x00000002
         645000	        63	800000dc	f25a0ab7	lui	x21,0xf25a0	 x21=0xf25a0000
         655000	        64	800000e0	651a8a93	addi	x21,x21,1617	 x21:0xf25a0000 x21=0xf25a0651
         665000	        65	800000e4	f8e03b37	lui	x22,0xf8e03	 x22=0xf8e03000
         675000	        66	800000e8	277b0b13	addi	x22,x22,631	 x22:0xf8e03000 x22=0xf8e03277
         685000	        67	800000ec	80000bb7	lui	x23,0x80000	 x23=0x80000000
         695000	        68	800000f0	f9983c37	lui	x24,0xf9983	 x24=0xf9983000
         705000	        69	800000f4	beac0c13	addi	x24,x24,-1046	 x24:0xf9983000 x24=0xf9982bea
         715000	        70	800000f8	00000c93	addi	x25,x0,0	  x0:0x00000000 x25=0x00000000
         725000	        71	800000fc	00c00d13	addi	x26,x0,12	  x0:0x00000000 x26=0x0000000c
         735000	        72	80000100	00600d93	addi	x27,x0,6	  x0:0x00000000 x27=0x00000006
         745000	        73	80000104	00200e13	addi	x28,x0,2	  x0:0x00000000 x28=0x00000002
         755000	        74	80000108	f35d9eb7	lui	x29,0xf35d9	 x29=0xf35d9000
         765000	        75	8000010c	6cce8e93	addi	x29,x29,1740	 x29:0xf35d9000 x29=0xf35d96cc
         775000	        76	80000110	00000f13	addi	x30,x0,0	  x0:0x00000000 x30=0x00000000
         785000	        77	80000114	0000a497	auipc	x9,0xa	  x9=0x8000a110
         795000	        78	80000118	e7448493	addi	x9,x9,-396	  x9:0x8000a110  x9=0x80009f84
         805000	        79	8000011c	00008797	auipc	x15,0x8	 x15=0x80008118
         815000	        80	80000120	fe478793	addi	x15,x15,-28	 x15:0x80008118 x15=0x800080fc
         825000	        81	80000124	00578403	lb	x8,5(x15)	 x15:0x800080fc  x8=0x00000000 PA:0x80008101
         835000	        82	80000128	00578503	lb	x10,5(x15)	 x15:0x800080fc x10=0x00000000 PA:0x80008101
         845000	        83	8000012c	fde78ba3	sb	x30,-41(x15)	 x15:0x800080fc x30:0x00000000 PA:0x800080d3
         855000	        84	80000130	c39e3a93	sltiu	x21,x28,-967	 x28:0x00000002 x21=0x00000001
         865000	        85	80000134	fdb7c183	lbu	x3,-37(x15)	 x15:0x800080fc  x3=0x00000000 PA:0x800080d7
         875000	        86	80000138	fdb78d83	lb	x27,-37(x15)	 x15:0x800080fc x27=0x00000000 PA:0x800080d7
         885000	        87	8000013c	02e78603	lb	x12,46(x15)	 x15:0x800080fc x12=0x00000000 PA:0x8000812a
         895000	        88	80000140	2306fc17	auipc	x24,0x2306f	 x24=0xa306f13c
         905000	        89	80000144	02378ba3	sb	x3,55(x15)	 x15:0x800080fc  x3:0x00000000 PA:0x80008133
         915000	        90	80000148	03778b83	lb	x23,55(x15)	 x15:0x800080fc x23=0x00000000 PA:0x80008133
         925000	        91	00000000	00000013	addi	x0,x0,0	  x0:0x00000000
         935000	        92	8000014c	03778603	lb	x12,55(x15)	 x15:0x800080fc x12=0x00000000 PA:0x80008133
         945000	        93	80000150	fc178e23	sb	x1,-36(x15)	 x15:0x800080fc  x1:0xd72bd55c PA:0x800080d8
         955000	        94	80000154	fdd78e83	lb	x29,-35(x15)	 x15:0x800080fc x29=0x00000000 PA:0x800080d9
         965000	        95	00000000	00000013	addi	x0,x0,0	  x0:0x00000000
         975000	        96	80000158	fdd78c83	lb	x25,-35(x15)	 x15:0x800080fc x25=0x00000000 PA:0x800080d9
         985000	        97	8000015c	fdc79983	lh	x19,-36(x15)	 x15:0x800080fc x19=0x0000005c PA:0x800080d8
         995000	        98	80000160	00008797	auipc	x15,0x8	 x15=0x8000815c
        1005000	        99	80000164	58078793	addi	x15,x15,1408	 x15:0x8000815c x15=0x800086dc
        1015000	       100	80000168	00008c97	auipc	x25,0x8	 x25=0x80008164
        1025000	       101	8000016c	4c7c8c93	addi	x25,x25,1223	 x25:0x80008164 x25=0x8000862b
        1035000	       102	80000170	c9f7c103	lbu	x2,-865(x15)	 x15:0x800086dc  x2=0x00000000 PA:0x8000837b
        1045000	       103	80000174	00008417	auipc	x8,0x8	  x8=0x80008170
        1055000	       104	80000178	2c640413	addi	x8,x8,710	  x8:0x80008170  x8=0x80008436
        1065000	       105	8000017c	00008297	auipc	x5,0x8	  x5=0x80008178
        1075000	       106	80000180	54828293	addi	x5,x5,1352	  x5:0x80008178  x5=0x800086c0
        1085000	       107	80000184	ffd2ca83	lbu	x21,-3(x5)	  x5:0x800086c0 x21=0x00000000 PA:0x800086bd
        1095000	       108	80000188	e6c78ea3	sb	x12,-387(x15)	 x15:0x800086dc x12:0x00000000 PA:0x80008559
        1105000	       109	8000018c	00744083	lbu	x1,7(x8)	  x8:0x80008436  x1=0x00000000 PA:0x8000843d
        1115000	       110	80000190	c07c9703	lh	x14,-1017(x25)	 x25:0x8000862b x14=0x00000000 PA:0x80008232
        1125000	       111	80000194	00008997	auipc	x19,0x8	 x19=0x80008190
        1135000	       112	80000198	0bd98993	addi	x19,x19,189	 x19:0x80008190 x19=0x8000824d
        1145000	       113	8000019c	ffd40ea3	sb	x29,-3(x8)	  x8:0x80008436 x29:0x00000000 PA:0x80008433
        1155000	       114	800001a0	be7cc303	lbu	x6,-1049(x25)	 x25:0x8000862b  x6=0x00000000 PA:0x80008212
        1165000	       115	800001a4	00a2c183	lbu	x3,10(x5)	  x5:0x800086c0  x3=0x00000000 PA:0x800086ca
        1175000	       116	800001a8	f62982a3	sb	x2,-155(x19)	 x19:0x8000824d  x2:0x00000000 PA:0x800081b2
        1185000	       117	800001ac	00144b03	lbu	x22,1(x8)	  x8:0x80008436 x22=0x00000000 PA:0x80008437
        1195000	       118	800001b0	d1fc8223	sb	x31,-764(x25)	 x25:0x8000862b x31:0x80009fc4 PA:0x8000832f
        1205000	       119	800001b4	f2898a83	lb	x21,-216(x19)	 x19:0x8000824d x21=0x00000000 PA:0x80008175
        1215000	       120	800001b8	ff744883	lbu	x17,-9(x8)	  x8:0x80008436 x17=0x00000000 PA:0x8000842d
        1225000	       121	800001bc	ffe29c23	sh	x30,-8(x5)	  x5:0x800086c0 x30:0x00000000 PA:0x800086b8
        1235000	       122	800001c0	f109c803	lbu	x16,-240(x19)	 x19:0x8000824d x16=0x00000000 PA:0x8000815d
        1245000	       123	800001c4	00140683	lb	x13,1(x8)	  x8:0x80008436 x13=0x00000000 PA:0x80008437
        1255000	       124	800001c8	00928083	lb	x1,9(x5)	  x5:0x800086c0  x1=0x00000000 PA:0x800086c9
        1265000	       125	800001cc	003280a3	sb	x3,1(x5)	  x5:0x800086c0  x3:0x00000000 PA:0x800086c1
        1275000	       126	800001d0	dfa79683	lh	x13,-518(x15)	 x15:0x800086dc x13=0x00000000 PA:0x800084d6
        1285000	       127	800001d4	0719db83	lhu	x23,113(x19)	 x19:0x8000824d x23=0x00000000 PA:0x800082be
        1295000	       128	800001d8	049990a3	sh	x9,65(x19)	 x19:0x8000824d  x9:0x80009f84 PA:0x8000828e
        1305000	       129	800001dc	fe828ba3	sb	x8,-9(x5)	  x5:0x800086c0  x8:0x80008436 PA:0x800086b7
        1315000	       130	800001e0	df779223	sh	x23,-540(x15)	 x15:0x800086dc x23:0x00000000 PA:0x800084c0
        1325000	       131	800001e4	ff445083	lhu	x1,-12(x8)	  x8:0x80008436  x1=0x00000000 PA:0x8000842a
        1335000	       132	800001e8	e7279683	lh	x13,-398(x15)	 x15:0x800086dc x13=0x00000000 PA:0x8000854e
        1345000	       133	800001ec	00641103	lh	x2,6(x8)	  x8:0x80008436  x2=0x00000000 PA:0x8000843c
        1355000	       134	800001f0	00a44503	lbu	x10,10(x8)	  x8:0x80008436 x10=0x00000000 PA:0x80008440
        1365000	       135	800001f4	127c8d83	lb	x27,295(x25)	 x25:0x8000862b x27=0x00000000 PA:0x80008752
        1375000	       136	800001f8	b46c8323	sb	x6,-1210(x25)	 x25:0x8000862b  x6:0x00000000 PA:0x80008171
        1385000	       137	800001fc	ff029683	lh	x13,-16(x5)	  x5:0x800086c0 x13=0x00000000 PA:0x800086b0
        1395000	       138	80000200	ff040823	sb	x16,-16(x8)	  x8:0x80008436 x16:0x00000000 PA:0x80008426
        1405000	       139	80000204	f6398683	lb	x13,-157(x19)	 x19:0x8000824d x13=0x00000000 PA:0x800081b0
        1415000	       140	80000208	e16c8723	sb	x22,-498(x25)	 x25:0x8000862b x22:0x00000000 PA:0x80008439
        1425000	       141	8000020c	ff92c003	lbu	x0,-7(x5)	  x5:0x800086c0 PA:0x800086b9
        1435000	       142	80000210	c08c81a3	sb	x8,-1021(x25)	 x25:0x8000862b  x8:0x80008436 PA:0x8000822e
        1445000	       143	80000214	00528883	lb	x17,5(x5)	  x5:0x800086c0 x17=0x00000000 PA:0x800086c5
        1455000	       144	80000218	ff928683	lb	x13,-7(x5)	  x5:0x800086c0 x13=0x00000000 PA:0x800086b9
        1465000	       145	8000021c	00008a17	auipc	x20,0x8	 x20=0x80008218
        1475000	       146	80000220	f72a0a13	addi	x20,x20,-142	 x20:0x80008218 x20=0x8000818a
        1485000	       147	80000224	526a2883	lw	x17,1318(x20)	 x20:0x8000818a x17=0x00000000 PA:0x800086b0
        1495000	       148	80000228	2ffa4183	lbu	x3,767(x20)	 x20:0x8000818a  x3=0x00000000 PA:0x80008489
        1505000	       149	8000022c	01d4bbb3	sltu	x23,x9,x29	  x9:0x80009f84 x29:0x00000000 x23=0x00000000
        1515000	       150	80000230	276a0323	sb	x22,614(x20)	 x20:0x8000818a x22:0x00000000 PA:0x800083f0
        1525000	       151	80000234	011a4b83	lbu	x23,17(x20)	 x20:0x8000818a x23=0x00000000 PA:0x8000819b
        1535000	       152	80000238	41f80e33	sub	x28,x16,x31	 x16:0x00000000 x31:0x80009fc4 x28=0x7fff603c
        1545000	       153	8000023c	00b95313	srli	x6,x18,0xb	 x18:0x00000008  x6=0x00000000
        1555000	       154	80000240	2b4a0423	sb	x20,680(x20)	 x20:0x8000818a x20:0x8000818a PA:0x80008432
        1565000	       155	80000244	27fa0623	sb	x31,620(x20)	 x20:0x8000818a x31:0x80009fc4 PA:0x800083f6
        1575000	       156	80000248	51ba00a3	sb	x27,1281(x20)	 x20:0x8000818a x27:0x00000000 PA:0x8000868b
        1585000	       157	8000024c	41dbd333	sra	x6,x23,x29	 x23:0x00000000 x29:0x00000000  x6=0x00000000
        1595000	       158	80000250	01f82233	slt	x4,x16,x31	 x16:0x00000000 x31:0x80009fc4  x4=0x00000000
        1605000	       159	80000254	182a0aa3	sb	x2,405(x20)	 x20:0x8000818a  x2:0x00000000 PA:0x8000831f
        1615000	       160	80000258	2e7a0723	sb	x7,750(x20)	 x20:0x8000818a  x7:0x00000000 PA:0x80008478
        1625000	       161	8000025c	fbb33c93	sltiu	x25,x6,-69	  x6:0x00000000 x25=0x00000001
        1635000	       162	80000260	c2e6cc13	xori	x24,x13,-978	 x13:0x00000000 x24=0xfffffc2e
        1645000	       163	80000264	1ada0903	lb	x18,429(x20)	 x20:0x8000818a x18=0x00000000 PA:0x80008337
        1655000	       164	80000268	f99a4503	lbu	x10,-103(x20)	 x20:0x8000818a x10=0x00000000 PA:0x80008123
        1665000	       165	8000026c	672a1623	sh	x18,1644(x20)	 x20:0x8000818a x18:0x00000000 PA:0x800087f6
        1675000	       166	80000270	014bc933	xor	x18,x23,x20	 x23:0x00000000 x20:0x8000818a x18=0x8000818a
        1685000	       167	80000274	0f4a1583	lh	x11,244(x20)	 x20:0x8000818a x11=0x00000000 PA:0x8000827e
        1695000	       168	80000278	548c2097	auipc	x1,0x548c2	  x1=0xd48c2274
        1705000	       169	8000027c	2ebc0293	addi	x5,x24,747	 x24:0xfffffc2e  x5=0xffffff19
        1715000	       170	80000280	173a09a3	sb	x19,371(x20)	 x20:0x8000818a x19:0x8000824d PA:0x800082fd
        1725000	       171	80000284	006c5b13	srli	x22,x24,0x6	 x24:0xfffffc2e x22=0x03fffff0
        1735000	       172	80000288	d358e693	ori	x13,x17,-715	 x17:0x00000000 x13=0xfffffd35
        1745000	       173	8000028c	1fed0513	addi	x10,x26,510	 x26:0x0000000c x10=0x0000020a
        1755000	       174	80000290	5d8a4683	lbu	x13,1496(x20)	 x20:0x8000818a x13=0x00000000 PA:0x80008762
        1765000	       175	80000294	4caa1d03	lh	x26,1226(x20)	 x20:0x8000818a x26=0x00000000 PA:0x80008654
        1775000	       176	80000298	00a93cb3	sltu	x25,x18,x10	 x18:0x8000818a x10:0x0000020a x25=0x00000000
        1785000	       177	8000029c	41ff59b3	sra	x19,x30,x31	 x30:0x00000000 x31:0x80009fc4 x19=0x00000000
        1795000	       178	800002a0	f38a07a3	sb	x24,-209(x20)	 x20:0x8000818a x24:0xfffffc2e PA:0x800080b9
        1805000	       179	800002a4	00e61c93	slli	x25,x12,0xe	 x12:0x00000000 x25=0x00000000
        1815000	       180	800002a8	4e8a1783	lh	x15,1256(x20)	 x20:0x8000818a x15=0x00000000 PA:0x80008672
        1825000	       181	800002ac	378a4283	lbu	x5,888(x20)	 x20:0x8000818a  x5=0x00000000 PA:0x80008502
        1835000	       182	800002b0	1dca4983	lbu	x19,476(x20)	 x20:0x8000818a x19=0x00000000 PA:0x80008366
        1845000	       183	800002b4	ee9a0583	lb	x11,-279(x20)	 x20:0x8000818a x11=0x00000000 PA:0x80008073
        1855000	       184	800002b8	571a2923	sw	x17,1394(x20)	 x20:0x8000818a x17:0x00000000 PA:0x800086fc
        1865000	       185	800002bc	351a0283	lb	x5,849(x20)	 x20:0x8000818a  x5=0x00000000 PA:0x800084db
        1875000	       186	800002c0	40fa04a3	sb	x15,1033(x20)	 x20:0x8000818a x15:0x00000000 PA:0x80008593
        1885000	       187	800002c4	cccb8a13	addi	x20,x23,-820	 x23:0x00000000 x20=0xfffffccc
        1895000	       188	800002c8	008345b3	xor	x11,x6,x8	  x6:0x00000000  x8:0x80008436 x11=0x80008436
        1905000	       189	800002cc	42f75ab7	lui	x21,0x42f75	 x21=0x42f75000
        1915000	       190	800002d0	00ad0a63	beq	x26,x10,800002e4	 x26:0x00000000 x10:0x0000020a
        1925000	       191	800002d4	23ec0913	addi	x18,x24,574	 x24:0xfffffc2e x18=0xfffffe6c
        1935000	       192	800002d8	40fbe713	ori	x14,x23,1039	 x23:0x00000000 x14=0x0000040f
        1945000	       193	800002dc	b6ff0293	addi	x5,x30,-1169	 x30:0x00000000  x5=0xfffffb6f
        1955000	       194	800002e0	e48e0b13	addi	x22,x28,-440	 x28:0x7fff603c x22=0x7fff5e84
        1965000	       195	800002e4	00d72433	slt	x8,x14,x13	 x14:0x0000040f x13:0x00000000  x8=0x00000000
        1975000	       196	800002e8	016c1d13	slli	x26,x24,0x16	 x24:0xfffffc2e x26=0x0b800000
        1985000	       197	800002ec	3bce7d93	andi	x27,x28,956	 x28:0x7fff603c x27=0x0000003c
        1995000	       198	800002f0	01c95a93	srli	x21,x18,0x1c	 x18:0xfffffe6c x21=0x0000000f
        2005000	       199	800002f4	005d10b3	sll	x1,x26,x5	 x26:0x0b800000  x5:0xfffffb6f  x1=0x00000000
        2015000	       200	800002f8	cd50b613	sltiu	x12,x1,-811	  x1:0x00000000 x12=0x00000001
        2025000	       201	800002fc	00a75d33	srl	x26,x14,x10	 x14:0x0000040f x10:0x0000020a x26=0x00000001
        2035000	       202	80000300	41658c33	sub	x24,x11,x22	 x11:0x80008436 x22:0x7fff5e84 x24=0x000125b2
        2045000	       203	80000304	014cb733	sltu	x14,x25,x20	 x25:0x00000000 x20:0xfffffccc x14=0x00000001
        2055000	       204	80000308	01c18463	beq	x3,x28,80000310	  x3:0x00000000 x28:0x7fff603c
        2065000	       205	8000030c	418885b3	sub	x11,x17,x24	 x17:0x00000000 x24:0x000125b2 x11=0xfffeda4e
        2075000	       206	80000310	b8e47993	andi	x19,x8,-1138	  x8:0x00000000 x19=0x00000000
        2085000	       207	80000314	00000013	addi	x0,x0,0	  x0:0x00000000
        2095000	       208	80000318	18b54e13	xori	x28,x10,395	 x10:0x0000020a x28=0x00000381
        2105000	       209	8000031c	01ddb6b3	sltu	x13,x27,x29	 x27:0x0000003c x29:0x00000000 x13=0x00000000
        2115000	       210	80000320	02f5dc63	bge	x11,x15,80000358	 x11:0xfffeda4e x15:0x00000000
        2125000	       211	80000324	00dd6733	or	x14,x26,x13	 x26:0x00000001 x13:0x00000000 x14=0x00000001
        2135000	       212	80000328	1f957713	andi	x14,x10,505	 x10:0x0000020a x14=0x00000008
        2145000	       213	8000032c	e2aa6793	ori	x15,x20,-470	 x20:0xfffffccc x15=0xfffffeee
        2155000	       214	80000330	994ced93	ori	x27,x25,-1644	 x25:0x00000000 x27=0xfffff994
        2165000	       215	80000334	00000013	addi	x0,x0,0	  x0:0x00000000
        2175000	       216	80000338	01727a33	and	x20,x4,x23	  x4:0x00000000 x23:0x00000000 x20=0x00000000
        2185000	       217	8000033c	412ddc93	srai	x25,x27,0x12	 x27:0xfffff994 x25=0xffffffff
        2195000	       218	80000340	0089df13	srli	x30,x19,0x8	 x19:0x00000000 x30=0x00000000
        2205000	       219	80000344	03930663	beq	x6,x25,80000370	  x6:0x00000000 x25:0xffffffff
        2215000	       220	80000348	411f55b3	sra	x11,x30,x17	 x30:0x00000000 x17:0x00000000 x11=0x00000000
        2225000	       221	8000034c	02fdfe63	bgeu	x27,x15,80000388	 x27:0xfffff994 x15:0xfffffeee
        2235000	       222	80000350	689dcd93	xori	x27,x27,1673	 x27:0xfffff994 x27=0xffffff1d
        2245000	       223	80000354	017a92b3	sll	x5,x21,x23	 x21:0x0000000f x23:0x00000000  x5=0x0000000f
        2255000	       224	80000358	01ed57b3	srl	x15,x26,x30	 x26:0x00000001 x30:0x00000000 x15=0x00000001
        2265000	       225	8000035c	f5ccbb13	sltiu	x22,x25,-164	 x25:0xffffffff x22=0x00000000
        2275000	       226	80000360	52016613	ori	x12,x2,1312	  x2:0x00000000 x12=0x00000520
        2285000	       227	80000364	00f24a63	blt	x4,x15,80000378	  x4:0x00000000 x15:0x00000001
        2295000	       228	00000000	00000013	addi	x0,x0,0	  x0:0x00000000
        2305000	       229	80000374	00000013	addi	x0,x0,0	  x0:0x00000000
        2315000	       230	80000378	00790863	beq	x18,x7,80000388	 x18:0xfffffe6c  x7:0x00000000
        2325000	       231	8000037c	41b505b3	sub	x11,x10,x27	 x10:0x0000020a x27:0xffffff1d x11=0x000002ed
        2335000	       232	80000380	d4128037	lui	x0,0xd4128	
        2345000	       233	80000384	4149d613	srai	x12,x19,0x14	 x19:0x00000000 x12=0x00000000
        2355000	       234	80000388	2b71ae13	slti	x28,x3,695	  x3:0x00000000 x28=0x00000001
        2365000	       235	8000038c	a892af13	slti	x30,x5,-1399	  x5:0x0000000f x30=0x00000000
        2375000	       236	80000390	5785c893	xori	x17,x11,1400	 x11:0x000002ed x17=0x00000795
        2385000	       237	80000394	fb59e117	auipc	x2,0xfb59e	  x2=0x7b59e390
        2395000	       238	80000398	4ef5f013	andi	x0,x11,1263	 x11:0x000002ed
        2405000	       239	8000039c	49206937	lui	x18,0x49206	 x18=0x49206000
        2415000	       240	800003a0	a85f8693	addi	x13,x31,-1403	 x31:0x80009fc4 x13=0x80009a49
        2425000	       241	800003a4	30c8aa17	auipc	x20,0x30c8a	 x20=0xb0c8a3a0
        2435000	       242	800003a8	02d3ce63	blt	x7,x13,800003e4	  x7:0x00000000 x13:0x80009a49
        2445000	       243	800003ac	84560d13	addi	x26,x12,-1979	 x12:0x00000000 x26=0xfffff845
        2455000	       244	800003b0	012a6c63	bltu	x20,x18,800003c8	 x20:0xb0c8a3a0 x18:0x49206000
        2465000	       245	800003b4	002c1eb3	sll	x29,x24,x2	 x24:0x000125b2  x2:0x7b59e390 x29=0x25b20000
        2475000	       246	800003b8	4524c893	xori	x17,x9,1106	  x9:0x80009f84 x17=0x80009bd6
        2485000	       247	800003bc	3e4f6593	ori	x11,x30,996	 x30:0x00000000 x11=0x000003e4
        2495000	       248	800003c0	41c3d613	srai	x12,x7,0x1c	  x7:0x00000000 x12=0x00000000
        2505000	       249	800003c4	01cb9bb3	sll	x23,x23,x28	 x23:0x00000000 x28:0x00000001 x23=0x00000000
        2515000	       250	800003c8	008f5513	srli	x10,x30,0x8	 x30:0x00000000 x10=0x00000000
        2525000	       251	800003cc	4182dcb3	sra	x25,x5,x24	  x5:0x0000000f x24:0x000125b2 x25=0x00000000
        2535000	       252	800003d0	008845b3	xor	x11,x16,x8	 x16:0x00000000  x8:0x00000000 x11=0x00000000
        2545000	       253	800003d4	0568d263	bge	x17,x22,80000418	 x17:0x80009bd6 x22:0x00000000
        2555000	       254	800003d8	da223013	sltiu	x0,x4,-606	  x4:0x00000000
        2565000	       255	800003dc	012691b3	sll	x3,x13,x18	 x13:0x80009a49 x18:0x49206000  x3=0x80009a49
        2575000	       256	800003e0	01aaa433	slt	x8,x21,x26	 x21:0x0000000f x26:0xfffff845  x8=0x00000000
        2585000	       257	800003e4	00bb5663	bge	x22,x11,800003f0	 x22:0x00000000 x11:0x00000000
        2595000	       258	00000000	00000013	addi	x0,x0,0	  x0:0x00000000
        2605000	       259	800003ec	00000013	addi	x0,x0,0	  x0:0x00000000
        2615000	       260	800003f0	23f94413	xori	x8,x18,575	 x18:0x49206000  x8=0x4920623f
        2625000	       261	800003f4	01a19a13	slli	x20,x3,0x1a	  x3:0x80009a49 x20=0x24000000
        2635000	       262	800003f8	dfc8a993	slti	x19,x17,-516	 x17:0x80009bd6 x19=0x00000001
        2645000	       263	800003fc	00000013	addi	x0,x0,0	  x0:0x00000000
        2655000	       264	80000400	0376f863	bgeu	x13,x23,80000430	 x13:0x80009a49 x23:0x00000000
        2665000	       265	00000000	00000013	addi	x0,x0,0	  x0:0x00000000
        2675000	       266	8000042c	00000013	addi	x0,x0,0	  x0:0x00000000
        2685000	       267	80000430	0127ab33	slt	x22,x15,x18	 x15:0x00000001 x18:0x49206000 x22=0x00000001
        2695000	       268	80000434	01f65e33	srl	x28,x12,x31	 x12:0x00000000 x31:0x80009fc4 x28=0x00000000
        2705000	       269	80000438	01e5ea63	bltu	x11,x30,8000044c	 x11:0x00000000 x30:0x00000000
        2715000	       270	8000043c	01d2da63	bge	x5,x29,80000450	  x5:0x0000000f x29:0x25b20000
        2725000	       271	80000440	0441f863	bgeu	x3,x4,80000490	  x3:0x80009a49  x4:0x00000000
        2735000	       272	00000000	00000013	addi	x0,x0,0	  x0:0x00000000
        2745000	       273	8000048c	00000013	addi	x0,x0,0	  x0:0x00000000
        2755000	       274	80000490	00856233	or	x4,x10,x8	 x10:0x00000000  x8:0x4920623f  x4=0x4920623f
        2765000	       275	80000494	06d61863	bne	x12,x13,80000504	 x12:0x00000000 x13:0x80009a49
        2775000	       276	00000000	00000013	addi	x0,x0,0	  x0:0x00000000
        2785000	       277	80000500	00000013	addi	x0,x0,0	  x0:0x00000000
        2795000	       278	80000504	01a6d793	srli	x15,x13,0x1a	 x13:0x80009a49 x15=0x00000020
        2805000	       279	80000508	000507b3	add	x15,x10,x0	 x10:0x00000000  x0:0x00000000 x15=0x00000000
        2815000	       280	8000050c	0455c663	blt	x11,x5,80000558	 x11:0x00000000  x5:0x0000000f
        2825000	       281	00000000	00000013	addi	x0,x0,0	  x0:0x00000000
        2835000	       282	80000554	00000013	addi	x0,x0,0	  x0:0x00000000
        2845000	       283	80000558	00000013	addi	x0,x0,0	  x0:0x00000000
        2855000	       284	8000055c	04a37463	bgeu	x6,x10,800005a4	  x6:0x00000000 x10:0x00000000
        2865000	       285	00000000	00000013	addi	x0,x0,0	  x0:0x00000000
        2875000	       286	800005a0	00000013	addi	x0,x0,0	  x0:0x00000000
        2885000	       287	800005a4	01009813	slli	x16,x1,0x10	  x1:0x00000000 x16=0x00000000
        2895000	       288	800005a8	00000397	auipc	x7,0x0	  x7=0x800005a4
        2905000	       289	800005ac	00c38393	addi	x7,x7,12	  x7:0x800005a4  x7=0x800005b0
        2915000	       290	800005b0	00038067	jalr	x0,x7,0	  x7:0x800005b0
        2925000	       291	00000000	00000013	addi	x0,x0,0	  x0:0x00000000
        2935000	       292	800005b0	00000013	addi	x0,x0,0	  x0:0x00000000
        2945000	       293	800005b4	00100193	addi	x3,x0,1	  x0:0x00000000  x3=0x00000001
        2955000	       294	800005b8	00000073	ecall	
        2965000	       295	800005bc	7c437593	andi	x11,x6,1988	  x6:0x00000000 x11=0x00000000
