		Time			Cycle	PC		Insn	Decoded instruction	Register and memory contents
          65000	         5	80000004	00000293	addi	x5,x0,0	  x0:0x00000000  x5=0x00000000
          75000	         6	80000008	00000313	addi	x6,x0,0	  x0:0x00000000  x6=0x00000000
          85000	         7	8000000c	00628263	beq	x5,x6,80000010	  x5:0x00000000  x6:0x00000000
          95000	         8	00000000	00000013	addi	x0,x0,0	  x0:0x00000000
         105000	         9	8000000c	00000013	addi	x0,x0,0	  x0:0x00000000
         115000	        10	80000010	00000e17	auipc	x28,0x0	 x28=0x8000000c
         125000	        11	80000014	00ce0e13	addi	x28,x28,12	 x28:0x8000000c x28=0x80000018
         135000	        12	80000018	000e0067	jalr	x0,x28,0	 x28:0x80000018
         145000	        13	00000000	00000013	addi	x0,x0,0	  x0:0x00000000
         155000	        14	80000018	00000013	addi	x0,x0,0	  x0:0x00000000
         165000	        15	8000001c	400006b7	lui	x13,0x40000	 x13=0x40000000
         175000	        16	80000020	10068693	addi	x13,x13,256	 x13:0x40000000 x13=0x40000100
         185000	        17	80000024	00000013	addi	x0,x0,0	  x0:0x00000000
         195000	        18	80000028	0000ad97	auipc	x27,0xa	 x27=0x8000a024
         205000	        19	8000002c	fa0d8d93	addi	x27,x27,-96	 x27:0x8000a024 x27=0x80009fc4
         215000	        20	80000030	00002697	auipc	x13,0x2	 x13=0x8000202c
         225000	        21	80000034	e4c68693	addi	x13,x13,-436	 x13:0x8000202c x13=0x80001e78
         235000	        22	80000038	0006e693	ori	x13,x13,0	 x13:0x80001e78 x13=0x80001e78
         245000	        23	8000003c	00000013	addi	x0,x0,0	  x0:0x00000000
         255000	        24	80000040	00000697	auipc	x13,0x0	 x13=0x8000003c
         265000	        25	80000044	02068693	addi	x13,x13,32	 x13:0x8000003c x13=0x8000005c
         275000	        26	80000048	00000013	addi	x0,x0,0	  x0:0x00000000
         285000	        27	8000004c	00000013	addi	x0,x0,0	  x0:0x00000000
         295000	        28	80000050	000026b7	lui	x13,0x2	 x13=0x00002000
         305000	        29	80000054	80068693	addi	x13,x13,-2048	 x13:0x00002000 x13=0x00001800
         315000	        30	80000058	00000013	addi	x0,x0,0	  x0:0x00000000
         325000	        31	8000005c	00000013	addi	x0,x0,0	  x0:0x00000000
         335000	        32	80000060	00000013	addi	x0,x0,0	  x0:0x00000000
         345000	        33	80000064	477aa0b7	lui	x1,0x477aa	  x1=0x477aa000
         355000	        34	80000068	c2d08093	addi	x1,x1,-979	  x1:0x477aa000  x1=0x477a9c2d
         365000	        35	8000006c	f92b2137	lui	x2,0xf92b2	  x2=0xf92b2000
         375000	        36	80000070	c8710113	addi	x2,x2,-889	  x2:0xf92b2000  x2=0xf92b1c87
         385000	        37	80000074	7e90b1b7	lui	x3,0x7e90b	  x3=0x7e90b000
         395000	        38	80000078	af618193	addi	x3,x3,-1290	  x3:0x7e90b000  x3=0x7e90aaf6
         405000	        39	8000007c	00d00213	addi	x4,x0,13	  x0:0x00000000  x4=0x0000000d
         415000	        40	80000080	00000293	addi	x5,x0,0	  x0:0x00000000  x5=0x00000000
         425000	        41	80000084	f86bc337	lui	x6,0xf86bc	  x6=0xf86bc000
         435000	        42	80000088	0f630313	addi	x6,x6,246	  x6:0xf86bc000  x6=0xf86bc0f6
         445000	        43	8000008c	00000393	addi	x7,x0,0	  x0:0x00000000  x7=0x00000000
         455000	        44	80000090	f72b0437	lui	x8,0xf72b0	  x8=0xf72b0000
         465000	        45	80000094	d3840413	addi	x8,x8,-712	  x8:0xf72b0000  x8=0xf72afd38
         475000	        46	80000098	f7e864b7	lui	x9,0xf7e86	  x9=0xf7e86000
         485000	        47	8000009c	6ab48493	addi	x9,x9,1707	  x9:0xf7e86000  x9=0xf7e866ab
         495000	        48	800000a0	80000537	lui	x10,0x80000	 x10=0x80000000
         505000	        49	800000a4	00000593	addi	x11,x0,0	  x0:0x00000000 x11=0x00000000
         515000	        50	800000a8	00100613	addi	x12,x0,1	  x0:0x00000000 x12=0x00000001
         525000	        51	800000ac	00000693	addi	x13,x0,0	  x0:0x00000000 x13=0x00000000
         535000	        52	800000b0	3469d737	lui	x14,0x3469d	 x14=0x3469d000
         545000	        53	800000b4	1ff70713	addi	x14,x14,511	 x14:0x3469d000 x14=0x3469d1ff
         555000	        54	800000b8	800007b7	lui	x15,0x80000	 x15=0x80000000
         565000	        55	800000bc	80000837	lui	x16,0x80000	 x16=0x80000000
         575000	        56	800000c0	00600893	addi	x17,x0,6	  x0:0x00000000 x17=0x00000006
         585000	        57	800000c4	00400913	addi	x18,x0,4	  x0:0x00000000 x18=0x00000004
         595000	        58	800000c8	b69749b7	lui	x19,0xb6974	 x19=0xb6974000
         605000	        59	800000cc	97898993	addi	x19,x19,-1672	 x19:0xb6974000 x19=0xb6973978
         615000	        60	800000d0	f6d59a37	lui	x20,0xf6d59	 x20=0xf6d59000
         625000	        61	800000d4	bd2a0a13	addi	x20,x20,-1070	 x20:0xf6d59000 x20=0xf6d58bd2
         635000	        62	800000d8	f0387ab7	lui	x21,0xf0387	 x21=0xf0387000
         645000	        63	800000dc	ae9a8a93	addi	x21,x21,-1303	 x21:0xf0387000 x21=0xf0386ae9
         655000	        64	800000e0	30040bb7	lui	x23,0x30040	 x23=0x30040000
         665000	        65	800000e4	3d5b8b93	addi	x23,x23,981	 x23:0x30040000 x23=0x300403d5
         675000	        66	800000e8	03df0c37	lui	x24,0x3df0	 x24=0x03df0000
         685000	        67	800000ec	9d5c0c13	addi	x24,x24,-1579	 x24:0x03df0000 x24=0x03def9d5
         695000	        68	800000f0	f786acb7	lui	x25,0xf786a	 x25=0xf786a000
         705000	        69	800000f4	868c8c93	addi	x25,x25,-1944	 x25:0xf786a000 x25=0xf7869868
         715000	        70	800000f8	00000d13	addi	x26,x0,0	  x0:0x00000000 x26=0x00000000
         725000	        71	800000fc	80000e37	lui	x28,0x80000	 x28=0x80000000
         735000	        72	80000100	fdcabeb7	lui	x29,0xfdcab	 x29=0xfdcab000
         745000	        73	80000104	e97e8e93	addi	x29,x29,-361	 x29:0xfdcab000 x29=0xfdcaae97
         755000	        74	80000108	feadbf37	lui	x30,0xfeadb	 x30=0xfeadb000
         765000	        75	8000010c	12bf0f13	addi	x30,x30,299	 x30:0xfeadb000 x30=0xfeadb12b
         775000	        76	80000110	00000f93	addi	x31,x0,0	  x0:0x00000000 x31=0x00000000
         785000	        77	80000114	0000ab17	auipc	x22,0xa	 x22=0x8000a110
         795000	        78	80000118	e74b0b13	addi	x22,x22,-396	 x22:0x8000a110 x22=0x80009f84
         805000	        79	8000011c	01beb133	sltu	x2,x29,x27	 x29:0xfdcaae97 x27:0x80009fc4  x2=0x00000000
         815000	        80	80000120	013fa133	slt	x2,x31,x19	 x31:0x00000000 x19:0xb6973978  x2=0x00000000
         825000	        81	80000124	a5b2a793	slti	x15,x5,-1445	  x5:0x00000000 x15=0x00000000
         835000	        82	80000128	ecd6b3b7	lui	x7,0xecd6b	  x7=0xecd6b000
         845000	        83	8000012c	00001497	auipc	x9,0x1	  x9=0x80001128
         855000	        84	80000130	6d048493	addi	x9,x9,1744	  x9:0x80001128  x9=0x800017f8
         865000	        85	80000134	8b352393	slti	x7,x10,-1869	 x10:0x80000000  x7=0x00000001
         875000	        86	80000138	05d48493	addi	x9,x9,93	  x9:0x800017f8  x9=0x80001855
         885000	        87	8000013c	012d1533	sll	x10,x26,x18	 x26:0x00000000 x18:0x00000004 x10=0x00000000
         895000	        88	80000140	01934863	blt	x6,x25,80000150	  x6:0xf86bc0f6 x25:0xf7869868
         905000	        89	80000144	88e5c713	xori	x14,x11,-1906	 x11:0x00000000 x14=0xfffff88e
         915000	        90	80000148	b1aef693	andi	x13,x29,-1254	 x29:0xfdcaae97 x13=0xfdcaaa12
         925000	        91	8000014c	41e75c33	sra	x24,x14,x30	 x14:0xfffff88e x30:0xfeadb12b x24=0xffffffff
         935000	        92	80000150	fa4487e7	jalr	x15,x9,-92	  x9:0x80001855 x15=0x80000150
         945000	        93	00000000	00000013	addi	x0,x0,0	  x0:0x00000000
         955000	        94	800017f8	00000013	addi	x0,x0,0	  x0:0x00000000
         965000	        95	800017fc	013cc663	blt	x25,x19,80001808	 x25:0xf7869868 x19:0xb6973978
         975000	        96	80001800	4712b413	sltiu	x8,x5,1137	  x5:0x00000000  x8=0x00000001
         985000	        97	80001804	01b815b3	sll	x11,x16,x27	 x16:0x80000000 x27:0x80009fc4 x11=0x00000000
         995000	        98	80001808	ff0b0b13	addi	x22,x22,-16	 x22:0x80009f84 x22=0x80009f74
        1005000	        99	8000180c	18c63513	sltiu	x10,x12,396	 x12:0x00000001 x10=0x00000001
        1015000	       100	80001810	00fb2223	sw	x15,4(x22)	 x22:0x80009f74 x15:0x80000150 PA:0x80009f78
        1025000	       101	80001814	0054dbb3	srl	x23,x9,x5	  x9:0x80001855  x5:0x00000000 x23=0x80001855
        1035000	       102	80001818	00007f17	auipc	x30,0x7	 x30=0x80008814
        1045000	       103	8000181c	120f0f13	addi	x30,x30,288	 x30:0x80008814 x30=0x80008934
        1055000	       104	80001820	01e1ac33	slt	x24,x3,x30	  x3:0x7e90aaf6 x30:0x80008934 x24=0x00000000
        1065000	       105	80001824	fe6f08a3	sb	x6,-15(x30)	 x30:0x80008934  x6:0xf86bc0f6 PA:0x80008925
        1075000	       106	80001828	fe6f1923	sh	x6,-14(x30)	 x30:0x80008934  x6:0xf86bc0f6 PA:0x80008926
        1085000	       107	8000182c	01ef1523	sh	x30,10(x30)	 x30:0x80008934 x30:0x80008934 PA:0x8000893e
        1095000	       108	80001830	00000013	addi	x0,x0,0	  x0:0x00000000
        1105000	       109	80001834	ffbf09a3	sb	x27,-13(x30)	 x30:0x80008934 x27:0x80009fc4 PA:0x80008927
        1115000	       110	80001838	40f85733	sra	x14,x16,x15	 x16:0x80000000 x15:0x80000150 x14=0xffff8000
        1125000	       111	8000183c	34d1c313	xori	x6,x3,845	  x3:0x7e90aaf6  x6=0x7e90a9bb
        1135000	       112	80001840	ff9f0603	lb	x12,-7(x30)	 x30:0x80008934 x12=0xffffffe4 PA:0x8000892d
        1145000	       113	80001844	f00d7637	lui	x12,0xf00d7	 x12=0xf00d7000
        1155000	       114	80001848	6e6df493	andi	x9,x27,1766	 x27:0x80009fc4  x9=0x000006c4
        1165000	       115	8000184c	febf0a23	sb	x11,-12(x30)	 x30:0x80008934 x11:0x00000000 PA:0x80008928
        1175000	       116	80001850	00c2f1b3	and	x3,x5,x12	  x5:0x00000000 x12:0xf00d7000  x3=0x00000000
        1185000	       117	80001854	00000013	addi	x0,x0,0	  x0:0x00000000
        1195000	       118	80001858	001c06b3	add	x13,x24,x1	 x24:0x00000000  x1:0x477a9c2d x13=0x477a9c2d
        1205000	       119	8000185c	00ef5d03	lhu	x26,14(x30)	 x30:0x80008934 x26=0x0000216a PA:0x80008942
        1215000	       120	80001860	0193dcb3	srl	x25,x7,x25	  x7:0x00000001 x25:0xf7869868 x25=0x00000000
        1225000	       121	80001864	01295893	srli	x17,x18,0x12	 x18:0x00000004 x17=0x00000000
        1235000	       122	80001868	82402113	slti	x2,x0,-2012	  x0:0x00000000  x2=0x00000000
        1245000	       123	8000186c	ef90b613	sltiu	x12,x1,-263	  x1:0x477a9c2d x12=0x00000001
        1255000	       124	80001870	00ff4d03	lbu	x26,15(x30)	 x30:0x80008934 x26=0x00000021 PA:0x80008943
        1265000	       125	80001874	008f00a3	sb	x8,1(x30)	 x30:0x80008934  x8:0x00000001 PA:0x80008935
        1275000	       126	80001878	0195c133	xor	x2,x11,x25	 x11:0x00000000 x25:0x00000000  x2=0x00000000
        1285000	       127	8000187c	00eec533	xor	x10,x29,x14	 x29:0xfdcaae97 x14:0xffff8000 x10=0x02352e97
        1295000	       128	80001880	004f2483	lw	x9,4(x30)	 x30:0x80008934  x9=0x4e04e85d PA:0x80008938
        1305000	       129	80001884	16724493	xori	x9,x4,359	  x4:0x0000000d  x9=0x0000016a
        1315000	       130	80001888	ff8f09a3	sb	x24,-13(x30)	 x30:0x80008934 x24:0x00000000 PA:0x80008927
        1325000	       131	8000188c	feff1923	sh	x15,-14(x30)	 x30:0x80008934 x15:0x80000150 PA:0x80008926
        1335000	       132	80001890	03ca8d17	auipc	x26,0x3ca8	 x26=0x83ca988c
        1345000	       133	80001894	00bd4a33	xor	x20,x26,x11	 x26:0x83ca988c x11:0x00000000 x20=0x83ca988c
        1355000	       134	80001898	ffcf1923	sh	x28,-14(x30)	 x30:0x80008934 x28:0x80000000 PA:0x80008926
        1365000	       135	8000189c	008c8d33	add	x26,x25,x8	 x25:0x00000000  x8:0x00000001 x26=0x00000001
        1375000	       136	800018a0	405e8cb3	sub	x25,x29,x5	 x29:0xfdcaae97  x5:0x00000000 x25=0xfdcaae97
        1385000	       137	800018a4	410450b3	sra	x1,x8,x16	  x8:0x00000001 x16:0x80000000  x1=0x00000001
        1395000	       138	800018a8	2886cc17	auipc	x24,0x2886c	 x24=0xa886d8a4
        1405000	       139	800018ac	05b5e113	ori	x2,x11,91	 x11:0x00000000  x2=0x0000005b
        1415000	       140	800018b0	fe2f0aa3	sb	x2,-11(x30)	 x30:0x80008934  x2:0x0000005b PA:0x80008929
        1425000	       141	800018b4	01a4cfb3	xor	x31,x9,x26	  x9:0x0000016a x26:0x00000001 x31=0x0000016b
        1435000	       142	800018b8	017f1423	sh	x23,8(x30)	 x30:0x80008934 x23:0x80001855 PA:0x8000893c
        1445000	       143	800018bc	00007c17	auipc	x24,0x7	 x24=0x800088b8
        1455000	       144	800018c0	156c0c13	addi	x24,x24,342	 x24:0x800088b8 x24=0x80008a0e
        1465000	       145	800018c4	012c05a3	sb	x18,11(x24)	 x24:0x80008a0e x18:0x00000004 PA:0x80008a19
        1475000	       146	800018c8	00007997	auipc	x19,0x7	 x19=0x800088c4
        1485000	       147	800018cc	1cb98993	addi	x19,x19,459	 x19:0x800088c4 x19=0x80008a8f
        1495000	       148	800018d0	01e98883	lb	x17,30(x19)	 x19:0x80008a8f x17=0xffffffa8 PA:0x80008aad
        1505000	       149	800018d4	00007d17	auipc	x26,0x7	 x26=0x800088d0
        1515000	       150	800018d8	f4dd0d13	addi	x26,x26,-179	 x26:0x800088d0 x26=0x8000881d
        1525000	       151	800018dc	ffdc09a3	sb	x29,-13(x24)	 x24:0x80008a0e x29:0xfdcaae97 PA:0x80008a01
        1535000	       152	800018e0	fe598703	lb	x14,-27(x19)	 x19:0x80008a8f x14=0xffffffb5 PA:0x80008a74
        1545000	       153	800018e4	070d0723	sb	x16,110(x26)	 x26:0x8000881d x16:0x80000000 PA:0x8000888b
        1555000	       154	800018e8	fc499aa3	sh	x4,-43(x19)	 x19:0x80008a8f  x4:0x0000000d PA:0x80008a64
        1565000	       155	800018ec	fe69c883	lbu	x17,-26(x19)	 x19:0x80008a8f x17=0x000000bb PA:0x80008a75
        1575000	       156	00000000	00000013	addi	x0,x0,0	  x0:0x00000000
        1585000	       157	800018f0	ff1c0203	lb	x4,-15(x24)	 x24:0x80008a0e  x4=0xffffff8d PA:0x800089ff
        1595000	       158	800018f4	059d4c83	lbu	x25,89(x26)	 x26:0x8000881d x25=0x00000006 PA:0x80008876
        1605000	       159	800018f8	02798d23	sb	x7,58(x19)	 x19:0x80008a8f  x7:0x00000001 PA:0x80008ac9
        1615000	       160	800018fc	006995a3	sh	x6,11(x19)	 x19:0x80008a8f  x6:0x7e90a9bb PA:0x80008a9a
        1625000	       161	80001900	fd19c183	lbu	x3,-47(x19)	 x19:0x80008a8f  x3=0x000000ef PA:0x80008a60
        1635000	       162	80001904	ff6c5703	lhu	x14,-10(x24)	 x24:0x80008a0e x14=0x000031fd PA:0x80008a04
        1645000	       163	80001908	0e4d0183	lb	x3,228(x26)	 x26:0x8000881d  x3=0x00000073 PA:0x80008901
        1655000	       164	8000190c	00ec5003	lhu	x0,14(x24)	 x24:0x80008a0e PA:0x80008a1c
        1665000	       165	80001910	0e4d0f83	lb	x31,228(x26)	 x26:0x8000881d x31=0x00000073 PA:0x80008901
        1675000	       166	80001914	048d0b83	lb	x23,72(x26)	 x26:0x8000881d x23=0x00000074 PA:0x80008865
        1685000	       167	80001918	00399403	lh	x8,3(x19)	 x19:0x80008a8f  x8=0x0000743a PA:0x80008a92
        1695000	       168	8000191c	fe4c0aa3	sb	x4,-11(x24)	 x24:0x80008a0e  x4:0xffffff8d PA:0x80008a03
        1705000	       169	80001920	ff7c4f03	lbu	x30,-9(x24)	 x24:0x80008a0e x30=0x00000031 PA:0x80008a05
        1715000	       170	80001924	000c1f03	lh	x30,0(x24)	 x24:0x80008a0e x30=0xffffdfec PA:0x80008a0e
        1725000	       171	80001928	0139d783	lhu	x15,19(x19)	 x19:0x80008a8f x15=0x00002c5d PA:0x80008aa2
        1735000	       172	8000192c	005c0503	lb	x10,5(x24)	 x24:0x80008a0e x10=0xffffffce PA:0x80008a13
        1745000	       173	80001930	00007817	auipc	x16,0x7	 x16=0x8000892c
        1755000	       174	80001934	5e080813	addi	x16,x16,1504	 x16:0x8000892c x16=0x80008f0c
        1765000	       175	80001938	00007097	auipc	x1,0x7	  x1=0x80008934
        1775000	       176	8000193c	33b08093	addi	x1,x1,827	  x1:0x80008934  x1=0x80008c6f
        1785000	       177	80001940	013806a3	sb	x19,13(x16)	 x16:0x80008f0c x19:0x80008a8f PA:0x80008f19
        1795000	       178	80001944	fd308103	lb	x2,-45(x1)	  x1:0x80008c6f  x2=0xffffff83 PA:0x80008c42
        1805000	       179	80001948	ff784683	lbu	x13,-9(x16)	 x16:0x80008f0c x13=0x000000aa PA:0x80008f03
        1815000	       180	8000194c	03208a23	sb	x18,52(x1)	  x1:0x80008c6f x18:0x00000004 PA:0x80008ca3
        1825000	       181	80001950	ff284283	lbu	x5,-14(x16)	 x16:0x80008f0c  x5=0x000000dc PA:0x80008efe
        1835000	       182	80001954	fc808483	lb	x9,-56(x1)	  x1:0x80008c6f  x9=0x0000006e PA:0x80008c37
        1845000	       183	80001958	fef80b23	sb	x15,-10(x16)	 x16:0x80008f0c x15:0x00002c5d PA:0x80008f02
        1855000	       184	8000195c	fc709183	lh	x3,-57(x1)	  x1:0x80008c6f  x3=0x00006eaf PA:0x80008c36
        1865000	       185	80001960	fcc081a3	sb	x12,-61(x1)	  x1:0x80008c6f x12:0x00000001 PA:0x80008c32
        1875000	       186	80001964	00c08903	lb	x18,12(x1)	  x1:0x80008c6f x18=0x0000004b PA:0x80008c7b
        1885000	       187	80001968	ff784583	lbu	x11,-9(x16)	 x16:0x80008f0c x11=0x000000aa PA:0x80008f03
        1895000	       188	8000196c	01f09383	lh	x7,31(x1)	  x1:0x80008c6f  x7=0x00006667 PA:0x80008c8e
        1905000	       189	80001970	00e0c883	lbu	x17,14(x1)	  x1:0x80008c6f x17=0x00000029 PA:0x80008c7d
        1915000	       190	80001974	fd008d23	sb	x16,-38(x1)	  x1:0x80008c6f x16:0x80008f0c PA:0x80008c49
        1925000	       191	80001978	00007117	auipc	x2,0x7	  x2=0x80008974
        1935000	       192	8000197c	47810113	addi	x2,x2,1144	  x2:0x80008974  x2=0x80008dec
        1945000	       193	80001980	16c10703	lb	x14,364(x2)	  x2:0x80008dec x14=0xffffffde PA:0x80008f58
        1955000	       194	80001984	b17ccf17	auipc	x30,0xb17cc	 x30=0x317cd980
        1965000	       195	80001988	16c14903	lbu	x18,364(x2)	  x2:0x80008dec x18=0x000000de PA:0x80008f58
        1975000	       196	8000198c	ba910703	lb	x14,-1111(x2)	  x2:0x80008dec x14=0xffffffab PA:0x80008995
        1985000	       197	80001990	ba910603	lb	x12,-1111(x2)	  x2:0x80008dec x12=0xffffffab PA:0x80008995
        1995000	       198	80001994	ba5104a3	sb	x5,-1111(x2)	  x2:0x80008dec  x5:0x000000dc PA:0x80008995
        2005000	       199	80001998	ba910b83	lb	x23,-1111(x2)	  x2:0x80008dec x23=0xffffffdc PA:0x80008995
        2015000	       200	8000199c	ba914703	lbu	x14,-1111(x2)	  x2:0x80008dec x14=0x000000dc PA:0x80008995
        2025000	       201	800019a0	ba2104a3	sb	x2,-1111(x2)	  x2:0x80008dec  x2:0x80008dec PA:0x80008995
        2035000	       202	800019a4	bbe104a3	sb	x30,-1111(x2)	  x2:0x80008dec x30:0x317cd980 PA:0x80008995
        2045000	       203	800019a8	09e10f03	lb	x30,158(x2)	  x2:0x80008dec x30=0x0000006a PA:0x80008e8a
        2055000	       204	800019ac	caa11783	lh	x15,-854(x2)	  x2:0x80008dec x15=0xffffa34f PA:0x80008a96
        2065000	       205	800019b0	40af85b3	sub	x11,x31,x10	 x31:0x00000073 x10:0xffffffce x11=0x000000a5
        2075000	       206	800019b4	00fb58b3	srl	x17,x22,x15	 x22:0x80009f74 x15:0xffffa34f x17=0x00010001
        2085000	       207	800019b8	b9411603	lh	x12,-1132(x2)	  x2:0x80008dec x12=0x00002ed8 PA:0x80008980
        2095000	       208	800019bc	00007117	auipc	x2,0x7	  x2=0x800089b8
        2105000	       209	800019c0	9cc10113	addi	x2,x2,-1588	  x2:0x800089b8  x2=0x80008384
        2115000	       210	800019c4	00015a83	lhu	x21,0(x2)	  x2:0x80008384 x21=0x00005cca PA:0x80008384
        2125000	       211	800019c8	41b95a33	sra	x20,x18,x27	 x18:0x000000de x27:0x80009fc4 x20=0x0000000d
        2135000	       212	800019cc	00412c03	lw	x24,4(x2)	  x2:0x80008384 x24=0x67ee9065 PA:0x80008388
        2145000	       213	800019d0	00b87833	and	x16,x16,x11	 x16:0x80008f0c x11:0x000000a5 x16=0x00000004
        2155000	       214	800019d4	00911723	sh	x9,14(x2)	  x2:0x80008384  x9:0x0000006e PA:0x80008392
        2165000	       215	800019d8	01f12823	sw	x31,16(x2)	  x2:0x80008384 x31:0x00000073 PA:0x80008394
        2175000	       216	800019dc	1f29b413	sltiu	x8,x19,498	 x19:0x80008a8f  x8=0x00000000
        2185000	       217	800019e0	0101a0b3	slt	x1,x3,x16	  x3:0x00006eaf x16:0x00000004  x1=0x00000000
        2195000	       218	800019e4	00214a83	lbu	x21,2(x2)	  x2:0x80008384 x21=0x0000000d PA:0x80008386
        2205000	       219	800019e8	00e15883	lhu	x17,14(x2)	  x2:0x80008384 x17=0x0000006e PA:0x80008392
        2215000	       220	800019ec	ff010ea3	sb	x16,-3(x2)	  x2:0x80008384 x16:0x00000004 PA:0x80008381
        2225000	       221	800019f0	01e860b3	or	x1,x16,x30	 x16:0x00000004 x30:0x0000006a  x1=0x0000006e
        2235000	       222	800019f4	01c2b333	sltu	x6,x5,x28	  x5:0x000000dc x28:0x80000000  x6=0x00000001
        2245000	       223	800019f8	40b507b3	sub	x15,x10,x11	 x10:0xffffffce x11:0x000000a5 x15=0xffffff29
        2255000	       224	800019fc	47b2fc93	andi	x25,x5,1147	  x5:0x000000dc x25=0x00000058
        2265000	       225	80001a00	00714d03	lbu	x26,7(x2)	  x2:0x80008384 x26=0x00000067 PA:0x8000838b
        2275000	       226	80001a04	0031a5b3	slt	x11,x3,x3	  x3:0x00006eaf  x3:0x00006eaf x11=0x00000000
        2285000	       227	80001a08	ffa10a23	sb	x26,-12(x2)	  x2:0x80008384 x26:0x00000067 PA:0x80008378
        2295000	       228	80001a0c	00ef2a33	slt	x20,x30,x14	 x30:0x0000006a x14:0x000000dc x20=0x00000001
        2305000	       229	80001a10	ff711a23	sh	x23,-12(x2)	  x2:0x80008384 x23:0xffffffdc PA:0x80008378
        2315000	       230	80001a14	00710403	lb	x8,7(x2)	  x2:0x80008384  x8=0x00000067 PA:0x8000838b
        2325000	       231	80001a18	a110ba93	sltiu	x21,x1,-1519	  x1:0x0000006e x21=0x00000001
        2335000	       232	80001a1c	00869913	slli	x18,x13,0x8	 x13:0x000000aa x18=0x0000aa00
        2345000	       233	80001a20	00215803	lhu	x16,2(x2)	  x2:0x80008384 x16=0x0000500d PA:0x80008386
        2355000	       234	80001a24	b9e16493	ori	x9,x2,-1122	  x2:0x80008384  x9=0xfffffb9e
        2365000	       235	80001a28	ff714803	lbu	x16,-9(x2)	  x2:0x80008384 x16=0x000000b4 PA:0x8000837b
        2375000	       236	80001a2c	00000013	addi	x0,x0,0	  x0:0x00000000
        2385000	       237	80001a30	41ee5813	srai	x16,x28,0x1e	 x28:0x80000000 x16=0xfffffffe
        2395000	       238	80001a34	00000013	addi	x0,x0,0	  x0:0x00000000
        2405000	       239	80001a38	00ded0b3	srl	x1,x29,x13	 x29:0xfdcaae97 x13:0x000000aa  x1=0x003f72ab
        2415000	       240	80001a3c	00c15783	lhu	x15,12(x2)	  x2:0x80008384 x15=0x0000224e PA:0x80008390
        2425000	       241	80001a40	000f58b3	srl	x17,x30,x0	 x30:0x0000006a  x0:0x00000000 x17=0x0000006a
        2435000	       242	80001a44	00a10683	lb	x13,10(x2)	  x2:0x80008384 x13=0xffffffeb PA:0x8000838e
        2445000	       243	80001a48	6015e993	ori	x19,x11,1537	 x11:0x00000000 x19=0x00000601
        2455000	       244	80001a4c	2d402197	auipc	x3,0x2d402	  x3=0xad403a48
        2465000	       245	80001a50	ffe10603	lb	x12,-2(x2)	  x2:0x80008384 x12=0x00000053 PA:0x80008382
        2475000	       246	80001a54	ffc11c83	lh	x25,-4(x2)	  x2:0x80008384 x25=0x0000048b PA:0x80008380
        2485000	       247	80001a58	00910e83	lb	x29,9(x2)	  x2:0x80008384 x29=0x00000031 PA:0x8000838d
        2495000	       248	80001a5c	018e6f33	or	x30,x28,x24	 x28:0x80000000 x24:0x67ee9065 x30=0xe7ee9065
        2505000	       249	80001a60	00d10c83	lb	x25,13(x2)	  x2:0x80008384 x25=0x00000022 PA:0x80008391
        2515000	       250	80001a64	01015503	lhu	x10,16(x2)	  x2:0x80008384 x10=0x00000073 PA:0x80008394
        2525000	       251	80001a68	00006197	auipc	x3,0x6	  x3=0x80007a64
        2535000	       252	80001a6c	60218193	addi	x3,x3,1538	  x3:0x80007a64  x3=0x80008066
        2545000	       253	80001a70	0061a103	lw	x2,6(x3)	  x3:0x80008066  x2=0x400dbeea PA:0x8000806c
        2555000	       254	80001a74	0061d783	lhu	x15,6(x3)	  x3:0x80008066 x15=0x0000beea PA:0x8000806c
        2565000	       255	80001a78	deae2393	slti	x7,x28,-534	 x28:0x80000000  x7=0x00000001
        2575000	       256	80001a7c	66083013	sltiu	x0,x16,1632	 x16:0xfffffffe
        2585000	       257	80001a80	0001d283	lhu	x5,0(x3)	  x3:0x80008066  x5=0x0000e8fc PA:0x80008066
        2595000	       258	80001a84	ffe18ba3	sb	x30,-9(x3)	  x3:0x80008066 x30:0xe7ee9065 PA:0x8000805d
        2605000	       259	80001a88	fe718ba3	sb	x7,-9(x3)	  x3:0x80008066  x7:0x00000001 PA:0x8000805d
        2615000	       260	80001a8c	ffe19603	lh	x12,-2(x3)	  x3:0x80008066 x12=0xffffabc6 PA:0x80008064
        2625000	       261	80001a90	00d18003	lb	x0,13(x3)	  x3:0x80008066 PA:0x80008073
        2635000	       262	80001a94	00d1cc83	lbu	x25,13(x3)	  x3:0x80008066 x25=0x000000d7 PA:0x80008073
        2645000	       263	80001a98	01df1d33	sll	x26,x30,x29	 x30:0xe7ee9065 x29:0x00000031 x26=0x20ca0000
        2655000	       264	80001a9c	0091c703	lbu	x14,9(x3)	  x3:0x80008066 x14=0x00000040 PA:0x8000806f
        2665000	       265	80001aa0	0101d383	lhu	x7,16(x3)	  x3:0x80008066  x7=0x0000c3b1 PA:0x80008076
        2675000	       266	80001aa4	01e18823	sb	x30,16(x3)	  x3:0x80008066 x30:0xe7ee9065 PA:0x80008076
        2685000	       267	80001aa8	01018383	lb	x7,16(x3)	  x3:0x80008066  x7=0x00000065 PA:0x80008076
        2695000	       268	80001aac	01018983	lb	x19,16(x3)	  x3:0x80008066 x19=0x00000065 PA:0x80008076
        2705000	       269	80001ab0	007186a3	sb	x7,13(x3)	  x3:0x80008066  x7:0x00000065 PA:0x80008073
        2715000	       270	80001ab4	89496913	ori	x18,x18,-1900	 x18:0x0000aa00 x18=0xfffffa94
        2725000	       271	80001ab8	09893793	sltiu	x15,x18,152	 x18:0xfffffa94 x15=0x00000000
        2735000	       272	80001abc	409b5c33	sra	x24,x22,x9	 x22:0x80009f74  x9:0xfffffb9e x24=0xfffffffe
        2745000	       273	80001ac0	ffe1a403	lw	x8,-2(x3)	  x3:0x80008066  x8=0xe8fcabc6 PA:0x80008064
        2755000	       274	80001ac4	fee1af23	sw	x14,-2(x3)	  x3:0x80008066 x14:0x00000040 PA:0x80008064
        2765000	       275	80001ac8	0091a123	sw	x9,2(x3)	  x3:0x80008066  x9:0xfffffb9e PA:0x80008068
        2775000	       276	80001acc	ff019203	lh	x4,-16(x3)	  x3:0x80008066  x4=0x00007c06 PA:0x80008056
        2785000	       277	80001ad0	ff01d683	lhu	x13,-16(x3)	  x3:0x80008066 x13=0x00007c06 PA:0x80008056
        2795000	       278	80001ad4	004ef433	and	x8,x29,x4	 x29:0x00000031  x4:0x00007c06  x8=0x00000000
        2805000	       279	80001ad8	fee18ea3	sb	x14,-3(x3)	  x3:0x80008066 x14:0x00000040 PA:0x80008063
        2815000	       280	80001adc	3d366113	ori	x2,x12,979	 x12:0xffffabc6  x2=0xffffabd7
        2825000	       281	80001ae0	030d4a63	blt	x26,x16,80001b14	 x26:0x20ca0000 x16:0xfffffffe
        2835000	       282	80001ae4	016b5713	srli	x14,x22,0x16	 x22:0x80009f74 x14=0x00000200
        2845000	       283	80001ae8	04f0d063	bge	x1,x15,80001b28	  x1:0x003f72ab x15:0x00000000
        2855000	       284	00000000	00000013	addi	x0,x0,0	  x0:0x00000000
        2865000	       285	80001b24	00000013	addi	x0,x0,0	  x0:0x00000000
        2875000	       286	80001b28	054af663	bgeu	x21,x20,80001b74	 x21:0x00000001 x20:0x00000001
        2885000	       287	00000000	00000013	addi	x0,x0,0	  x0:0x00000000
        2895000	       288	80001b70	00000013	addi	x0,x0,0	  x0:0x00000000
        2905000	       289	80001b74	00000013	addi	x0,x0,0	  x0:0x00000000
        2915000	       290	80001b78	0289f663	bgeu	x19,x8,80001ba4	 x19:0x00000065  x8:0x00000000
        2925000	       291	00000000	00000013	addi	x0,x0,0	  x0:0x00000000
        2935000	       292	80001ba0	00000013	addi	x0,x0,0	  x0:0x00000000
        2945000	       293	80001ba4	03e95e63	bge	x18,x30,80001be0	 x18:0xfffffa94 x30:0xe7ee9065
        2955000	       294	00000000	00000013	addi	x0,x0,0	  x0:0x00000000
        2965000	       295	80001bdc	00000013	addi	x0,x0,0	  x0:0x00000000
        2975000	       296	80001be0	00bba8b3	slt	x17,x23,x11	 x23:0xffffffdc x11:0x00000000 x17=0x00000001
        2985000	       297	80001be4	e9092293	slti	x5,x18,-368	 x18:0xfffffa94  x5=0x00000001
        2995000	       298	80001be8	00000013	addi	x0,x0,0	  x0:0x00000000
        3005000	       299	80001bec	01c4b333	sltu	x6,x9,x28	  x9:0xfffffb9e x28:0x80000000  x6=0x00000000
        3015000	       300	80001bf0	ccfe3a13	sltiu	x20,x28,-817	 x28:0x80000000 x20=0x00000001
        3025000	       301	80001bf4	0004bd33	sltu	x26,x9,x0	  x9:0xfffffb9e  x0:0x00000000 x26=0x00000000
        3035000	       302	80001bf8	3b508597	auipc	x11,0x3b508	 x11=0xbb509bf4
        3045000	       303	80001bfc	01949e63	bne	x9,x25,80001c18	  x9:0xfffffb9e x25:0x000000d7
        3055000	       304	00000000	00000013	addi	x0,x0,0	  x0:0x00000000
        3065000	       305	80001c14	00000013	addi	x0,x0,0	  x0:0x00000000
        3075000	       306	80001c18	405e5993	srai	x19,x28,0x5	 x28:0x80000000 x19=0xfc000000
        3085000	       307	80001c1c	00000013	addi	x0,x0,0	  x0:0x00000000
        3095000	       308	80001c20	d746b597	auipc	x11,0xd746b	 x11=0x5746cc1c
        3105000	       309	80001c24	a2539d37	lui	x26,0xa2539	 x26=0xa2539000
        3115000	       310	80001c28	6ab72393	slti	x7,x14,1707	 x14:0x00000200  x7=0x00000001
        3125000	       311	80001c2c	b0e10213	addi	x4,x2,-1266	  x2:0xffffabd7  x4=0xffffa6e5
        3135000	       312	80001c30	8ef30313	addi	x6,x6,-1809	  x6:0x00000000  x6=0xfffff8ef
        3145000	       313	80001c34	00bd0ab3	add	x21,x26,x11	 x26:0xa2539000 x11:0x5746cc1c x21=0xf99a5c1c
        3155000	       314	80001c38	007495b3	sll	x11,x9,x7	  x9:0xfffffb9e  x7:0x00000001 x11=0xfffff73c
        3165000	       315	80001c3c	00cd5463	bge	x26,x12,80001c44	 x26:0xa2539000 x12:0xffffabc6
        3175000	       316	80001c40	4009d7b3	sra	x15,x19,x0	 x19:0xfc000000  x0:0x00000000 x15=0xfc000000
        3185000	       317	80001c44	5ec30c97	auipc	x25,0x5ec30	 x25=0xdec31c40
        3195000	       318	80001c48	71358eb7	lui	x29,0x71358	 x29=0x71358000
        3205000	       319	80001c4c	00f59913	slli	x18,x11,0xf	 x11:0xfffff73c x18=0xfb9e0000
        3215000	       320	80001c50	000311b3	sll	x3,x6,x0	  x6:0xfffff8ef  x0:0x00000000  x3=0xfffff8ef
        3225000	       321	80001c54	2064c913	xori	x18,x9,518	  x9:0xfffffb9e x18=0xfffff998
        3235000	       322	80001c58	00e3a3b3	slt	x7,x7,x14	  x7:0x00000001 x14:0x00000200  x7=0x00000001
        3245000	       323	80001c5c	2c834497	auipc	x9,0x2c834	  x9=0xac835c58
        3255000	       324	80001c60	ac2f5737	lui	x14,0xac2f5	 x14=0xac2f5000
        3265000	       325	80001c64	01789663	bne	x17,x23,80001c70	 x17:0x00000001 x23:0xffffffdc
        3275000	       326	00000000	00000013	addi	x0,x0,0	  x0:0x00000000
        3285000	       327	80001c6c	00000013	addi	x0,x0,0	  x0:0x00000000
        3295000	       328	80001c70	047bf063	bgeu	x23,x7,80001cb0	 x23:0xffffffdc  x7:0x00000001
        3305000	       329	00000000	00000013	addi	x0,x0,0	  x0:0x00000000
        3315000	       330	80001cac	00000013	addi	x0,x0,0	  x0:0x00000000
        3325000	       331	80001cb0	002b0fb3	add	x31,x22,x2	 x22:0x80009f74  x2:0xffffabd7 x31=0x80004b4b
        3335000	       332	80001cb4	00000013	addi	x0,x0,0	  x0:0x00000000
        3345000	       333	80001cb8	00676863	bltu	x14,x6,80001cc8	 x14:0xac2f5000  x6:0xfffff8ef
        3355000	       334	00000000	00000013	addi	x0,x0,0	  x0:0x00000000
        3365000	       335	80001cc4	00000013	addi	x0,x0,0	  x0:0x00000000
        3375000	       336	80001cc8	00966a33	or	x20,x12,x9	 x12:0xffffabc6  x9:0xac835c58 x20=0xffffffde
        3385000	       337	80001ccc	ecb37a37	lui	x20,0xecb37	 x20=0xecb37000
        3395000	       338	80001cd0	00f7b4b3	sltu	x9,x15,x15	 x15:0xfc000000 x15:0xfc000000  x9=0x00000000
        3405000	       339	80001cd4	6e464313	xori	x6,x12,1764	 x12:0xffffabc6  x6=0xffffad22
        3415000	       340	80001cd8	406b5f33	sra	x30,x22,x6	 x22:0x80009f74  x6:0xffffad22 x30=0xe00027dd
        3425000	       341	80001cdc	0576f263	bgeu	x13,x23,80001d20	 x13:0x00007c06 x23:0xffffffdc
        3435000	       342	80001ce0	01b6d913	srli	x18,x13,0x1b	 x13:0x00007c06 x18=0x00000000
        3445000	       343	80001ce4	8a792693	slti	x13,x18,-1881	 x18:0x00000000 x13=0x00000000
        3455000	       344	80001ce8	402cd113	srai	x2,x25,0x2	 x25:0xdec31c40  x2=0xf7b0c710
        3465000	       345	80001cec	00d95863	bge	x18,x13,80001cfc	 x18:0x00000000 x13:0x00000000
        3475000	       346	00000000	00000013	addi	x0,x0,0	  x0:0x00000000
        3485000	       347	80001cf8	00000013	addi	x0,x0,0	  x0:0x00000000
        3495000	       348	80001cfc	01111d33	sll	x26,x2,x17	  x2:0xf7b0c710 x17:0x00000001 x26=0xef618e20
        3505000	       349	80001d00	015ed8b3	srl	x17,x29,x21	 x29:0x71358000 x21:0xf99a5c1c x17=0x00000007
        3515000	       350	80001d04	c7d16c13	ori	x24,x2,-899	  x2:0xf7b0c710 x24=0xffffff7d
        3525000	       351	80001d08	51090c13	addi	x24,x18,1296	 x18:0x00000000 x24=0x00000510
        3535000	       352	80001d0c	70f12a93	slti	x21,x2,1807	  x2:0xf7b0c710 x21=0x00000001
        3545000	       353	80001d10	00a7f533	and	x10,x15,x10	 x15:0xfc000000 x10:0x00000073 x10=0x00000000
        3555000	       354	80001d14	938b4f13	xori	x30,x22,-1736	 x22:0x80009f74 x30=0x7fff664c
        3565000	       355	80001d18	00aaef93	ori	x31,x21,10	 x21:0x00000001 x31=0x0000000b
        3575000	       356	80001d1c	00fa50b3	srl	x1,x20,x15	 x20:0xecb37000 x15:0xfc000000  x1=0xecb37000
        3585000	       357	80001d20	01a3c1b3	xor	x3,x7,x26	  x7:0x00000001 x26:0xef618e20  x3=0xef618e21
        3595000	       358	80001d24	012c8733	add	x14,x25,x18	 x25:0xdec31c40 x18:0x00000000 x14=0xdec31c40
        3605000	       359	80001d28	414e59b3	sra	x19,x28,x20	 x28:0x80000000 x20:0xecb37000 x19=0x80000000
        3615000	       360	80001d2c	21784493	xori	x9,x16,535	 x16:0xfffffffe  x9=0xfffffde9
        3625000	       361	80001d30	00000013	addi	x0,x0,0	  x0:0x00000000
        3635000	       362	80001d34	02798a63	beq	x19,x7,80001d68	 x19:0x80000000  x7:0x00000001
        3645000	       363	80001d38	4065dfb3	sra	x31,x11,x6	 x11:0xfffff73c  x6:0xffffad22 x31=0xfffffdcf
        3655000	       364	80001d3c	419b5013	srai	x0,x22,0x19	 x22:0x80009f74
        3665000	       365	80001d40	7967aa13	slti	x20,x15,1942	 x15:0xfc000000 x20=0x00000001
        3675000	       366	80001d44	02d08a63	beq	x1,x13,80001d78	  x1:0xecb37000 x13:0x00000000
        3685000	       367	80001d48	008f00b3	add	x1,x30,x8	 x30:0x7fff664c  x8:0x00000000  x1=0x7fff664c
        3695000	       368	80001d4c	40e98ab3	sub	x21,x19,x14	 x19:0x80000000 x14:0xdec31c40 x21=0xa13ce3c0
        3705000	       369	80001d50	0347d263	bge	x15,x20,80001d74	 x15:0xfc000000 x20:0x00000001
        3715000	       370	80001d54	416c5033	sra	x0,x24,x22	 x24:0x00000510 x22:0x80009f74
        3725000	       371	80001d58	01c5b033	sltu	x0,x11,x28	 x11:0xfffff73c x28:0x80000000
        3735000	       372	80001d5c	021d1663	bne	x26,x1,80001d88	 x26:0xef618e20  x1:0x7fff664c
        3745000	       373	00000000	00000013	addi	x0,x0,0	  x0:0x00000000
        3755000	       374	80001d84	00000013	addi	x0,x0,0	  x0:0x00000000
        3765000	       375	80001d88	014e6633	or	x12,x28,x20	 x28:0x80000000 x20:0x00000001 x12=0x80000001
        3775000	       376	80001d8c	54482837	lui	x16,0x54482	 x16=0x54482000
        3785000	       377	80001d90	1cdf2197	auipc	x3,0x1cdf2	  x3=0x9cdf3d8c
        3795000	       378	80001d94	01428a33	add	x20,x5,x20	  x5:0x00000001 x20:0x00000001 x20=0x00000002
        3805000	       379	80001d98	01f36c33	or	x24,x6,x31	  x6:0xffffad22 x31:0xfffffdcf x24=0xfffffdef
        3815000	       380	80001d9c	410cdc93	srai	x25,x25,0x10	 x25:0xdec31c40 x25=0xffffdec3
        3825000	       381	80001da0	01cb71b3	and	x3,x22,x28	 x22:0x80009f74 x28:0x80000000  x3=0x80000000
        3835000	       382	80001da4	ca7c6213	ori	x4,x24,-857	 x24:0xfffffdef  x4=0xfffffdef
        3845000	       383	80001da8	01871693	slli	x13,x14,0x18	 x14:0xdec31c40 x13=0x40000000
        3855000	       384	80001dac	021b1e63	bne	x22,x1,80001de8	 x22:0x80009f74  x1:0x7fff664c
        3865000	       385	00000000	00000013	addi	x0,x0,0	  x0:0x00000000
        3875000	       386	80001de4	00000013	addi	x0,x0,0	  x0:0x00000000
        3885000	       387	80001de8	0485d063	bge	x11,x8,80001e28	 x11:0xfffff73c  x8:0x00000000
        3895000	       388	80001dec	abb26f13	ori	x30,x4,-1349	  x4:0xfffffdef x30=0xffffffff
        3905000	       389	80001df0	40f75a93	srai	x21,x14,0xf	 x14:0xdec31c40 x21=0xffffbd86
        3915000	       390	80001df4	4003d693	srai	x13,x7,0x0	  x7:0x00000001 x13=0x00000001
        3925000	       391	80001df8	001cbab3	sltu	x21,x25,x1	 x25:0xffffdec3  x1:0x7fff664c x21=0x00000000
        3935000	       392	80001dfc	0040d893	srli	x17,x1,0x4	  x1:0x7fff664c x17=0x07fff664
        3945000	       393	80001e00	0167a233	slt	x4,x15,x22	 x15:0xfc000000 x22:0x80009f74  x4=0x00000000
        3955000	       394	80001e04	01bac463	blt	x21,x27,80001e0c	 x21:0x00000000 x27:0x80009fc4
        3965000	       395	80001e08	03284463	blt	x16,x18,80001e30	 x16:0x54482000 x18:0x00000000
        3975000	       396	80001e0c	0caf0713	addi	x14,x30,202	 x30:0xffffffff x14=0x000000c9
        3985000	       397	80001e10	02495063	bge	x18,x4,80001e30	 x18:0x00000000  x4:0x00000000
        3995000	       398	00000000	00000013	addi	x0,x0,0	  x0:0x00000000
        4005000	       399	80001e2c	00000013	addi	x0,x0,0	  x0:0x00000000
        4015000	       400	80001e30	0c0c6013	ori	x0,x24,192	 x24:0xfffffdef
        4025000	       401	80001e34	00a6c233	xor	x4,x13,x10	 x13:0x00000001 x10:0x00000000  x4=0x00000001
        4035000	       402	80001e38	26faca93	xori	x21,x21,623	 x21:0x00000000 x21=0x0000026f
        4045000	       403	80001e3c	007fa8b3	slt	x17,x31,x7	 x31:0xfffffdcf  x7:0x00000001 x17=0x00000001
        4055000	       404	80001e40	405352b3	sra	x5,x6,x5	  x6:0xffffad22  x5:0x00000001  x5=0xffffd691
        4065000	       405	80001e44	00e42033	slt	x0,x8,x14	  x8:0x00000000 x14:0x000000c9
        4075000	       406	80001e48	05b84117	auipc	x2,0x5b84	  x2=0x85b85e44
        4085000	       407	80001e4c	741fef13	ori	x30,x31,1857	 x31:0xfffffdcf x30=0xffffffcf
        4095000	       408	80001e50	004b2783	lw	x15,4(x22)	 x22:0x80009f74 x15=0x80000150 PA:0x80009f78
        4105000	       409	00000000	00000013	addi	x0,x0,0	  x0:0x00000000
        4115000	       410	80001e54	8af94613	xori	x12,x18,-1873	 x18:0x00000000 x12=0xfffff8af
        4125000	       411	80001e58	010b0b13	addi	x22,x22,16	 x22:0x80009f74 x22=0x80009f84
        4135000	       412	80001e5c	01dafcb3	and	x25,x21,x29	 x21:0x0000026f x29:0x71358000 x25=0x00000000
        4145000	       413	80001e60	00c65033	srl	x0,x12,x12	 x12:0xfffff8af x12:0xfffff8af
        4155000	       414	80001e64	00178613	addi	x12,x15,1	 x15:0x80000150 x12=0x80000151
        4165000	       415	80001e68	00060667	jalr	x12,x12,0	 x12:0x80000151 x12=0x80001e68
        4175000	       416	00000000	00000013	addi	x0,x0,0	  x0:0x00000000
        4185000	       417	80000150	00000013	addi	x0,x0,0	  x0:0x00000000
        4195000	       418	80000154	00009417	auipc	x8,0x9	  x8=0x80009150
        4205000	       419	80000158	95440413	addi	x8,x8,-1708	  x8:0x80009150  x8=0x80008aa4
        4215000	       420	8000015c	006085b3	add	x11,x1,x6	  x1:0x7fff664c  x6:0xffffad22 x11=0x7fff136e
        4225000	       421	80000160	b86b6a93	ori	x21,x22,-1146	 x22:0x80009f84 x21=0xffffff86
        4235000	       422	80000164	25ed8497	auipc	x9,0x25ed8	  x9=0xa5ed8160
        4245000	       423	80000168	01769793	slli	x15,x13,0x17	 x13:0x00000001 x15=0x00800000
        4255000	       424	8000016c	019dfeb3	and	x29,x27,x25	 x27:0x80009fc4 x25:0x00000000 x29=0x00000000
        4265000	       425	80000170	df41c813	xori	x16,x3,-524	  x3:0x80000000 x16=0x7ffffdf4
        4275000	       426	80000174	47da6c93	ori	x25,x20,1149	 x20:0x00000002 x25=0x0000047f
        4285000	       427	80000178	28d404a3	sb	x13,649(x8)	  x8:0x80008aa4 x13:0x00000001 PA:0x80008d2d
        4295000	       428	8000017c	405e5133	sra	x2,x28,x5	 x28:0x80000000  x5:0xffffd691  x2=0xffffc000
        4305000	       429	80000180	84214a93	xori	x21,x2,-1982	  x2:0xffffc000 x21=0x00003842
        4315000	       430	80000184	00000013	addi	x0,x0,0	  x0:0x00000000
        4325000	       431	80000188	04f40f83	lb	x31,79(x8)	  x8:0x80008aa4 x31=0x0000004c PA:0x80008af3
        4335000	       432	8000018c	01ba8f33	add	x30,x21,x27	 x21:0x00003842 x27:0x80009fc4 x30=0x8000d806
        4345000	       433	80000190	40800eb3	sub	x29,x0,x8	  x0:0x00000000  x8:0x80008aa4 x29=0x7fff755c
        4355000	       434	80000194	4129d913	srai	x18,x19,0x12	 x19:0x80000000 x18=0xffffe000
        4365000	       435	80000198	0136dd33	srl	x26,x13,x19	 x13:0x00000001 x19:0x80000000 x26=0x00000001
        4375000	       436	8000019c	df841b83	lh	x23,-520(x8)	  x8:0x80008aa4 x23=0xffffe68c PA:0x8000889c
        4385000	       437	800001a0	69003213	sltiu	x4,x0,1680	  x0:0x00000000  x4=0x00000001
        4395000	       438	800001a4	007b8d33	add	x26,x23,x7	 x23:0xffffe68c  x7:0x00000001 x26=0xffffe68d
        4405000	       439	800001a8	0099f6b3	and	x13,x19,x9	 x19:0x80000000  x9:0xa5ed8160 x13=0x80000000
        4415000	       440	800001ac	f6841e83	lh	x29,-152(x8)	  x8:0x80008aa4 x29=0xffffc34d PA:0x80008a0c
        4425000	       441	800001b0	01895613	srli	x12,x18,0x18	 x18:0xffffe000 x12=0x000000ff
        4435000	       442	800001b4	d0d82593	slti	x11,x16,-755	 x16:0x7ffffdf4 x11=0x00000000
        4445000	       443	800001b8	c86fceb7	lui	x29,0xc86fc	 x29=0xc86fc000
        4455000	       444	800001bc	006c96b3	sll	x13,x25,x6	 x25:0x0000047f  x6:0xffffad22 x13=0x000011fc
        4465000	       445	800001c0	006b7bb3	and	x23,x22,x6	 x22:0x80009f84  x6:0xffffad22 x23=0x80008d00
        4475000	       446	800001c4	03241183	lh	x3,50(x8)	  x8:0x80008aa4  x3=0x0000396b PA:0x80008ad6
        4485000	       447	800001c8	eaf44383	lbu	x7,-337(x8)	  x8:0x80008aa4  x7=0x0000009f PA:0x80008953
        4495000	       448	800001cc	00d22d33	slt	x26,x4,x13	  x4:0x00000001 x13:0x000011fc x26=0x00000001
        4505000	       449	800001d0	694a4f13	xori	x30,x20,1684	 x20:0x00000002 x30=0x00000696
        4515000	       450	800001d4	e8540f23	sb	x5,-354(x8)	  x8:0x80008aa4  x5:0xffffd691 PA:0x80008942
        4525000	       451	800001d8	00a1b733	sltu	x14,x3,x10	  x3:0x0000396b x10:0x00000000 x14=0x00000000
        4535000	       452	800001dc	f5140b83	lb	x23,-175(x8)	  x8:0x80008aa4 x23=0x00000011 PA:0x800089f5
        4545000	       453	800001e0	413384b3	sub	x9,x7,x19	  x7:0x0000009f x19:0x80000000  x9=0x8000009f
        4555000	       454	800001e4	26840203	lb	x4,616(x8)	  x8:0x80008aa4  x4=0xffffff91 PA:0x80008d0c
        4565000	       455	800001e8	017ddb93	srli	x23,x27,0x17	 x27:0x80009fc4 x23=0x00000100
        4575000	       456	800001ec	27944683	lbu	x13,633(x8)	  x8:0x80008aa4 x13=0x0000009f PA:0x80008d1d
        4585000	       457	800001f0	00008a17	auipc	x20,0x8	 x20=0x800081ec
        4595000	       458	800001f4	333a0a13	addi	x20,x20,819	 x20:0x800081ec x20=0x8000851f
        4605000	       459	800001f8	00008617	auipc	x12,0x8	 x12=0x800081f4
        4615000	       460	800001fc	ebc60613	addi	x12,x12,-324	 x12:0x800081f4 x12=0x800080b0
        4625000	       461	80000200	00008c97	auipc	x25,0x8	 x25=0x800081fc
        4635000	       462	80000204	e8ec8c93	addi	x25,x25,-370	 x25:0x800081fc x25=0x8000808a
        4645000	       463	80000208	00f60203	lb	x4,15(x12)	 x12:0x800080b0  x4=0x00000070 PA:0x800080bf
        4655000	       464	8000020c	000a0f83	lb	x31,0(x20)	 x20:0x8000851f x31=0x0000006c PA:0x8000851f
        4665000	       465	80000210	0b3cc183	lbu	x3,179(x25)	 x25:0x8000808a  x3=0x00000097 PA:0x8000813d
        4675000	       466	80000214	000600a3	sb	x0,1(x12)	 x12:0x800080b0  x0:0x00000000 PA:0x800080b1
        4685000	       467	80000218	00008517	auipc	x10,0x8	 x10=0x80008214
        4695000	       468	8000021c	55750513	addi	x10,x10,1367	 x10:0x80008214 x10=0x8000876b
        4705000	       469	80000220	001a0883	lb	x17,1(x20)	 x20:0x8000851f x17=0xffffff8f PA:0x80008520
        4715000	       470	80000224	06fcce83	lbu	x29,111(x25)	 x25:0x8000808a x29=0x0000005c PA:0x800080f9
        4725000	       471	80000228	fe260d23	sb	x2,-6(x12)	 x12:0x800080b0  x2:0xffffc000 PA:0x800080aa
        4735000	       472	8000022c	007a5583	lhu	x11,7(x20)	 x20:0x8000851f x11=0x00003f76 PA:0x80008526
        4745000	       473	80000230	022ca323	sw	x2,38(x25)	 x25:0x8000808a  x2:0xffffc000 PA:0x800080b0
        4755000	       474	80000234	02850203	lb	x4,40(x10)	 x10:0x8000876b  x4=0x00000005 PA:0x80008793
        4765000	       475	80000238	ff2a4983	lbu	x19,-14(x20)	 x20:0x8000851f x19=0x000000c7 PA:0x80008511
        4775000	       476	8000023c	0b1cc283	lbu	x5,177(x25)	 x25:0x8000808a  x5=0x000000d4 PA:0x8000813b
        4785000	       477	80000240	01950623	sb	x25,12(x10)	 x10:0x8000876b x25:0x8000808a PA:0x80008777
        4795000	       478	80000244	ffb64683	lbu	x13,-5(x12)	 x12:0x800080b0 x13=0x0000008c PA:0x800080ab
        4805000	       479	80000248	004a0683	lb	x13,4(x20)	 x20:0x8000851f x13=0xffffffe9 PA:0x80008523
        4815000	       480	8000024c	01555403	lhu	x8,21(x10)	 x10:0x8000876b  x8=0x00007b41 PA:0x80008780
        4825000	       481	80000250	035c8883	lb	x17,53(x25)	 x25:0x8000808a x17=0x00000070 PA:0x800080bf
        4835000	       482	80000254	010a0223	sb	x16,4(x20)	 x20:0x8000851f x16:0x7ffffdf4 PA:0x80008523
        4845000	       483	80000258	ff0a4883	lbu	x17,-16(x20)	 x20:0x8000851f x17=0x0000005a PA:0x8000850f
        4855000	       484	8000025c	ff665f03	lhu	x30,-10(x12)	 x12:0x800080b0 x30=0x0000b13d PA:0x800080a6
        4865000	       485	80000260	006a0083	lb	x1,6(x20)	 x20:0x8000851f  x1=0xffffffa5 PA:0x80008525
        4875000	       486	80000264	ffc50f03	lb	x30,-4(x10)	 x10:0x8000876b x30=0x00000052 PA:0x80008767
        4885000	       487	80000268	000a0783	lb	x15,0(x20)	 x20:0x8000851f x15=0x0000006c PA:0x8000851f
        4895000	       488	8000026c	ff861003	lh	x0,-8(x12)	 x12:0x800080b0 PA:0x800080a8
        4905000	       489	80000270	0fcc8583	lb	x11,252(x25)	 x25:0x8000808a x11=0x00000036 PA:0x80008186
        4915000	       490	80000274	0a1c88a3	sb	x1,177(x25)	 x25:0x8000808a  x1:0xffffffa5 PA:0x8000813b
        4925000	       491	80000278	fd750e83	lb	x29,-41(x10)	 x10:0x8000876b x29=0x00000078 PA:0x80008742
        4935000	       492	8000027c	ff260f83	lb	x31,-14(x12)	 x12:0x800080b0 x31=0x0000004e PA:0x800080a2
        4945000	       493	80000280	fee54e83	lbu	x29,-18(x10)	 x10:0x8000876b x29=0x00000082 PA:0x80008759
        4955000	       494	80000284	00009117	auipc	x2,0x9	  x2=0x80009280
        4965000	       495	80000288	a9010113	addi	x2,x2,-1392	  x2:0x80009280  x2=0x80008d10
        4975000	       496	8000028c	00615183	lhu	x3,6(x2)	  x2:0x80008d10  x3=0x0000003d PA:0x80008d16
        4985000	       497	80000290	bf5f8313	addi	x6,x31,-1035	 x31:0x0000004e  x6=0xfffffc43
        4995000	       498	80000294	ff815903	lhu	x18,-8(x2)	  x2:0x80008d10 x18=0x0000cd67 PA:0x80008d08
        5005000	       499	80000298	ff812283	lw	x5,-8(x2)	  x2:0x80008d10  x5=0x0556cd67 PA:0x80008d08
        5015000	       500	8000029c	00a10783	lb	x15,10(x2)	  x2:0x80008d10 x15=0xfffffffb PA:0x80008d1a
        5025000	       501	800002a0	01014d03	lbu	x26,16(x2)	  x2:0x80008d10 x26=0x0000003b PA:0x80008d20
        5035000	       502	800002a4	01014a83	lbu	x21,16(x2)	  x2:0x80008d10 x21=0x0000003b PA:0x80008d20
        5045000	       503	800002a8	00a10383	lb	x7,10(x2)	  x2:0x80008d10  x7=0xfffffffb PA:0x80008d1a
        5055000	       504	800002ac	00a15c03	lhu	x24,10(x2)	  x2:0x80008d10 x24=0x000069fb PA:0x80008d1a
        5065000	       505	800002b0	ff114603	lbu	x12,-15(x2)	  x2:0x80008d10 x12=0x00000023 PA:0x80008d01
        5075000	       506	800002b4	ff114303	lbu	x6,-15(x2)	  x2:0x80008d10  x6=0x00000023 PA:0x80008d01
        5085000	       507	800002b8	ff914b83	lbu	x23,-7(x2)	  x2:0x80008d10 x23=0x000000cd PA:0x80008d09
        5095000	       508	800002bc	ff910ca3	sb	x25,-7(x2)	  x2:0x80008d10 x25:0x8000808a PA:0x80008d09
        5105000	       509	800002c0	ffd14a03	lbu	x20,-3(x2)	  x2:0x80008d10 x20=0x00000039 PA:0x80008d0d
        5115000	       510	800002c4	ffd14583	lbu	x11,-3(x2)	  x2:0x80008d10 x11=0x00000039 PA:0x80008d0d
        5125000	       511	800002c8	012100a3	sb	x18,1(x2)	  x2:0x80008d10 x18:0x0000cd67 PA:0x80008d11
        5135000	       512	800002cc	00114a83	lbu	x21,1(x2)	  x2:0x80008d10 x21=0x00000067 PA:0x80008d11
        5145000	       513	800002d0	00008117	auipc	x2,0x8	  x2=0x800082cc
        5155000	       514	800002d4	f6410113	addi	x2,x2,-156	  x2:0x800082cc  x2=0x80008230
        5165000	       515	800002d8	3d514d03	lbu	x26,981(x2)	  x2:0x80008230 x26=0x000000d1 PA:0x80008605
        5175000	       516	800002dc	2b415d03	lhu	x26,692(x2)	  x2:0x80008230 x26=0x0000e47c PA:0x800084e4
        5185000	       517	800002e0	2b412583	lw	x11,692(x2)	  x2:0x80008230 x11=0x20c7e47c PA:0x800084e4
        5195000	       518	800002e4	08747493	andi	x9,x8,135	  x8:0x00007b41  x9=0x00000001
        5205000	       519	800002e8	2b510a23	sb	x21,692(x2)	  x2:0x80008230 x21:0x00000067 PA:0x800084e4
        5215000	       520	800002ec	2f610e83	lb	x29,758(x2)	  x2:0x80008230 x29=0x00000076 PA:0x80008526
        5225000	       521	800002f0	e2110a83	lb	x21,-479(x2)	  x2:0x80008230 x21=0xffffffeb PA:0x80008051
        5235000	       522	800002f4	0e410783	lb	x15,228(x2)	  x2:0x80008230 x15=0xffffffa0 PA:0x80008314
        5245000	       523	800002f8	04011283	lh	x5,64(x2)	  x2:0x80008230  x5=0x00006dd8 PA:0x80008270
        5255000	       524	800002fc	f7b11823	sh	x27,-144(x2)	  x2:0x80008230 x27:0x80009fc4 PA:0x800081a0
        5265000	       525	80000300	08211923	sh	x2,146(x2)	  x2:0x80008230  x2:0x80008230 PA:0x800082c2
        5275000	       526	80000304	1e910503	lb	x10,489(x2)	  x2:0x80008230 x10=0x0000004b PA:0x80008419
        5285000	       527	80000308	37710b23	sb	x23,886(x2)	  x2:0x80008230 x23:0x000000cd PA:0x800085a6
        5295000	       528	8000030c	0d4b7f13	andi	x30,x22,212	 x22:0x80009f84 x30=0x00000084
        5305000	       529	80000310	46411303	lh	x6,1124(x2)	  x2:0x80008230  x6=0x00004c6d PA:0x80008694
        5315000	       530	80000314	46412083	lw	x1,1124(x2)	  x2:0x80008230  x1=0x17754c6d PA:0x80008694
        5325000	       531	80000318	47610403	lb	x8,1142(x2)	  x2:0x80008230  x8=0x00000076 PA:0x800086a6
        5335000	       532	8000031c	00008a97	auipc	x21,0x8	 x21=0x80008318
        5345000	       533	80000320	e26a8a93	addi	x21,x21,-474	 x21:0x80008318 x21=0x8000813e
        5355000	       534	80000324	00008397	auipc	x7,0x8	  x7=0x80008320
        5365000	       535	80000328	00138393	addi	x7,x7,1	  x7:0x80008320  x7=0x80008321
        5375000	       536	8000032c	090396a3	sh	x16,141(x7)	  x7:0x80008321 x16:0x7ffffdf4 PA:0x800083ae
        5385000	       537	80000330	00008317	auipc	x6,0x8	  x6=0x8000832c
        5395000	       538	80000334	e2730313	addi	x6,x6,-473	  x6:0x8000832c  x6=0x80008153
        5405000	       539	80000338	00008217	auipc	x4,0x8	  x4=0x80008334
        5415000	       540	8000033c	e2f20213	addi	x4,x4,-465	  x4:0x80008334  x4=0x80008163
        5425000	       541	80000340	fe73c103	lbu	x2,-25(x7)	  x7:0x80008321  x2=0x000000fd PA:0x80008308
        5435000	       542	80000344	fc524883	lbu	x17,-59(x4)	  x4:0x80008163 x17=0x000000f6 PA:0x80008128
        5445000	       543	80000348	fe624003	lbu	x0,-26(x4)	  x4:0x80008163 PA:0x80008149
        5455000	       544	8000034c	00f31403	lh	x8,15(x6)	  x6:0x80008153  x8=0x000002da PA:0x80008162
        5465000	       545	80000350	fed20723	sb	x13,-18(x4)	  x4:0x80008163 x13:0xffffffe9 PA:0x80008151
        5475000	       546	80000354	f6a3c583	lbu	x11,-150(x7)	  x7:0x80008321 x11=0x00000011 PA:0x8000828b
        5485000	       547	80000358	ff1219a3	sh	x17,-13(x4)	  x4:0x80008163 x17:0x000000f6 PA:0x80008156
        5495000	       548	8000035c	00008617	auipc	x12,0x8	 x12=0x80008358
        5505000	       549	80000360	47160613	addi	x12,x12,1137	 x12:0x80008358 x12=0x800087c9
        5515000	       550	80000364	ff931aa3	sh	x25,-11(x6)	  x6:0x80008153 x25:0x8000808a PA:0x80008148
        5525000	       551	80000368	084397a3	sh	x4,143(x7)	  x7:0x80008321  x4:0x80008163 PA:0x800083b0
        5535000	       552	8000036c	ef160683	lb	x13,-271(x12)	 x12:0x800087c9 x13=0xffffffee PA:0x800086ba
        5545000	       553	80000370	c3760923	sb	x23,-974(x12)	 x12:0x800087c9 x23:0x000000cd PA:0x800083fb
        5555000	       554	80000374	c0860ca3	sb	x8,-999(x12)	 x12:0x800087c9  x8:0x000002da PA:0x800083e2
        5565000	       555	80000378	00f35403	lhu	x8,15(x6)	  x6:0x80008153  x8=0x000002da PA:0x80008162
        5575000	       556	8000037c	bd664f83	lbu	x31,-1066(x12)	 x12:0x800087c9 x31=0x00000066 PA:0x8000839f
        5585000	       557	80000380	33ca82a3	sb	x28,805(x21)	 x21:0x8000813e x28:0x80000000 PA:0x80008463
        5595000	       558	80000384	009203a3	sb	x9,7(x4)	  x4:0x80008163  x9:0x00000001 PA:0x8000816a
        5605000	       559	80000388	2aca9103	lh	x2,684(x21)	 x21:0x8000813e  x2=0x0000474c PA:0x800083ea
        5615000	       560	8000038c	2bcac783	lbu	x15,700(x21)	 x21:0x8000813e x15=0x00000038 PA:0x800083fa
        5625000	       561	80000390	f8238ea3	sb	x2,-99(x7)	  x7:0x80008321  x2:0x0000474c PA:0x800082be
        5635000	       562	80000394	60ca9723	sh	x12,1550(x21)	 x21:0x8000813e x12:0x800087c9 PA:0x8000874c
        5645000	       563	80000398	fee20a03	lb	x20,-18(x4)	  x4:0x80008163 x20=0xffffffe9 PA:0x80008151
        5655000	       564	8000039c	00330e83	lb	x29,3(x6)	  x6:0x80008153 x29=0xfffffff6 PA:0x80008156
        5665000	       565	800003a0	07438883	lb	x17,116(x7)	  x7:0x80008321 x17=0x00000000 PA:0x80008395
        5675000	       566	800003a4	95561a03	lh	x20,-1707(x12)	 x12:0x800087c9 x20=0xfffff48e PA:0x8000811e
        5685000	       567	800003a8	0a6aa983	lw	x19,166(x21)	 x21:0x8000813e x19=0x3b58206b PA:0x800081e4
        5695000	       568	800003ac	0ba38783	lb	x15,186(x7)	  x7:0x80008321 x15=0x00000058 PA:0x800083db
        5705000	       569	800003b0	ff030003	lb	x0,-16(x6)	  x6:0x80008153 PA:0x80008143
        5715000	       570	800003b4	00008117	auipc	x2,0x8	  x2=0x800083b0
        5725000	       571	800003b8	19810113	addi	x2,x2,408	  x2:0x800083b0  x2=0x80008548
        5735000	       572	800003bc	ffd10f03	lb	x30,-3(x2)	  x2:0x80008548 x30=0xffffffab PA:0x80008545
        5745000	       573	800003c0	ff710403	lb	x8,-9(x2)	  x2:0x80008548  x8=0xffffffcf PA:0x8000853f
        5755000	       574	800003c4	ff710c83	lb	x25,-9(x2)	  x2:0x80008548 x25=0xffffffcf PA:0x8000853f
        5765000	       575	800003c8	e4df4a13	xori	x20,x30,-435	 x30:0xffffffab x20=0x000001e6
        5775000	       576	800003cc	009dd533	srl	x10,x27,x9	 x27:0x80009fc4  x9:0x00000001 x10=0x40004fe2
        5785000	       577	800003d0	c5564313	xori	x6,x12,-939	 x12:0x800087c9  x6=0x7fff7b9c
        5795000	       578	800003d4	644a0f13	addi	x30,x20,1604	 x20:0x000001e6 x30=0x0000082a
        5805000	       579	800003d8	00514c83	lbu	x25,5(x2)	  x2:0x80008548 x25=0x00000093 PA:0x8000854d
        5815000	       580	800003dc	00301213	slli	x4,x0,0x3	  x0:0x00000000  x4=0x00000000
        5825000	       581	800003e0	b4b7ec13	ori	x24,x15,-1205	 x15:0x00000058 x24=0xfffffb5b
        5835000	       582	800003e4	00412f83	lw	x31,4(x2)	  x2:0x80008548 x31=0xcf959342 PA:0x8000854c
        5845000	       583	800003e8	018becb3	or	x25,x23,x24	 x23:0x000000cd x24:0xfffffb5b x25=0xfffffbdf
        5855000	       584	800003ec	3a58ca93	xori	x21,x17,933	 x17:0x00000000 x21=0x000003a5
        5865000	       585	800003f0	00d10783	lb	x15,13(x2)	  x2:0x80008548 x15=0xffffffd2 PA:0x80008555
        5875000	       586	800003f4	ff310203	lb	x4,-13(x2)	  x2:0x80008548  x4=0x00000005 PA:0x8000853b
        5885000	       587	800003f8	1f1dbb93	sltiu	x23,x27,497	 x27:0x80009fc4 x23=0x00000000
        5895000	       588	800003fc	00e11583	lh	x11,14(x2)	  x2:0x80008548 x11=0xffffb58a PA:0x80008556
        5905000	       589	80000400	ff011203	lh	x4,-16(x2)	  x2:0x80008548  x4=0xfffff973 PA:0x80008538
        5915000	       590	80000404	01a11723	sh	x26,14(x2)	  x2:0x80008548 x26:0x0000e47c PA:0x80008556
        5925000	       591	80000408	00710083	lb	x1,7(x2)	  x2:0x80008548  x1=0xffffffcf PA:0x8000854f
        5935000	       592	00000000	00000013	addi	x0,x0,0	  x0:0x00000000
        5945000	       593	8000040c	00d0d213	srli	x4,x1,0xd	  x1:0xffffffcf  x4=0x0007ffff
        5955000	       594	80000410	01811123	sh	x24,2(x2)	  x2:0x80008548 x24:0xfffffb5b PA:0x8000854a
        5965000	       595	80000414	01d10823	sb	x29,16(x2)	  x2:0x80008548 x29:0xfffffff6 PA:0x80008558
        5975000	       596	80000418	ff6108a3	sb	x22,-15(x2)	  x2:0x80008548 x22:0x80009f84 PA:0x80008539
        5985000	       597	8000041c	016100a3	sb	x22,1(x2)	  x2:0x80008548 x22:0x80009f84 PA:0x80008549
        5995000	       598	80000420	06909297	auipc	x5,0x6909	  x5=0x8690941c
        6005000	       599	80000424	00510523	sb	x5,10(x2)	  x2:0x80008548  x5:0x8690941c PA:0x80008552
        6015000	       600	80000428	ff014983	lbu	x19,-16(x2)	  x2:0x80008548 x19=0x00000073 PA:0x80008538
        6025000	       601	8000042c	00958fb3	add	x31,x11,x9	 x11:0xffffb58a  x9:0x00000001 x31=0xffffb58b
        6035000	       602	80000430	ff410ba3	sb	x20,-9(x2)	  x2:0x80008548 x20:0x000001e6 PA:0x8000853f
        6045000	       603	80000434	00015c83	lhu	x25,0(x2)	  x2:0x80008548 x25=0x00008458 PA:0x80008548
        6055000	       604	80000438	011d1eb3	sll	x29,x26,x17	 x26:0x0000e47c x17:0x00000000 x29=0x0000e47c
        6065000	       605	8000043c	00000013	addi	x0,x0,0	  x0:0x00000000
        6075000	       606	80000440	01012883	lw	x17,16(x2)	  x2:0x80008548 x17=0x523478f6 PA:0x80008558
        6085000	       607	80000444	ffc14583	lbu	x11,-4(x2)	  x2:0x80008548 x11=0x00000081 PA:0x80008544
        6095000	       608	80000448	fe910fa3	sb	x9,-1(x2)	  x2:0x80008548  x9:0x00000001 PA:0x80008547
        6105000	       609	8000044c	ca13af37	lui	x30,0xca13a	 x30=0xca13a000
        6115000	       610	80000450	01d5fcb3	and	x25,x11,x29	 x11:0x00000081 x29:0x0000e47c x25=0x00000000
        6125000	       611	80000454	00314b83	lbu	x23,3(x2)	  x2:0x80008548 x23=0x000000fb PA:0x8000854b
        6135000	       612	80000458	4108d893	srai	x17,x17,0x10	 x17:0x523478f6 x17=0x00005234
        6145000	       613	8000045c	00000013	addi	x0,x0,0	  x0:0x00000000
        6155000	       614	80000460	5301ac93	slti	x25,x3,1328	  x3:0x0000003d x25=0x00000001
        6165000	       615	80000464	00a100a3	sb	x10,1(x2)	  x2:0x80008548 x10:0x40004fe2 PA:0x80008549
        6175000	       616	80000468	ff514483	lbu	x9,-11(x2)	  x2:0x80008548  x9=0x000000de PA:0x8000853d
        6185000	       617	8000046c	8863a893	slti	x17,x7,-1914	  x7:0x80008321 x17=0x00000001
        6195000	       618	80000470	00461513	slli	x10,x12,0x4	 x12:0x800087c9 x10=0x00087c90
        6205000	       619	80000474	00811523	sh	x8,10(x2)	  x2:0x80008548  x8:0xffffffcf PA:0x80008552
        6215000	       620	80000478	00912823	sw	x9,16(x2)	  x2:0x80008548  x9:0x000000de PA:0x80008558
        6225000	       621	8000047c	ffc10ba3	sb	x28,-9(x2)	  x2:0x80008548 x28:0x80000000 PA:0x8000853f
        6235000	       622	80000480	003d9633	sll	x12,x27,x3	 x27:0x80009fc4  x3:0x0000003d x12=0x80000000
        6245000	       623	80000484	1ac5ba17	auipc	x20,0x1ac5b	 x20=0x9ac5b480
        6255000	       624	80000488	07b46c63	bltu	x8,x27,80000500	  x8:0xffffffcf x27:0x80009fc4
        6265000	       625	8000048c	00eea1b3	slt	x3,x29,x14	 x29:0x0000e47c x14:0x00000000  x3=0x00000000
        6275000	       626	80000490	01d5afb3	slt	x31,x11,x29	 x11:0x00000081 x29:0x0000e47c x31=0x00000001
        6285000	       627	80000494	031c4a63	blt	x24,x17,800004c8	 x24:0xfffffb5b x17:0x00000001
        6295000	       628	00000000	00000013	addi	x0,x0,0	  x0:0x00000000
        6305000	       629	800004c4	00000013	addi	x0,x0,0	  x0:0x00000000
        6315000	       630	800004c8	07ae0263	beq	x28,x26,8000052c	 x28:0x80000000 x26:0x0000e47c
        6325000	       631	800004cc	bac42a93	slti	x21,x8,-1108	  x8:0xffffffcf x21=0x00000000
        6335000	       632	800004d0	000db633	sltu	x12,x27,x0	 x27:0x80009fc4  x0:0x00000000 x12=0x00000000
        6345000	       633	800004d4	00000917	auipc	x18,0x0	 x18=0x800004d0
        6355000	       634	800004d8	4b090913	addi	x18,x18,1200	 x18:0x800004d0 x18=0x80000980
        6365000	       635	800004dc	69738a93	addi	x21,x7,1687	  x7:0x80008321 x21=0x800089b8
        6375000	       636	800004e0	efd90913	addi	x18,x18,-259	 x18:0x80000980 x18=0x8000087d
        6385000	       637	800004e4	01e7f863	bgeu	x15,x30,800004f4	 x15:0xffffffd2 x30:0xca13a000
        6395000	       638	00000000	00000013	addi	x0,x0,0	  x0:0x00000000
        6405000	       639	800004f0	00000013	addi	x0,x0,0	  x0:0x00000000
        6415000	       640	800004f4	103907e7	jalr	x15,x18,259	 x18:0x8000087d x15=0x800004f4
        6425000	       641	00000000	00000013	addi	x0,x0,0	  x0:0x00000000
        6435000	       642	80000980	00000013	addi	x0,x0,0	  x0:0x00000000
        6445000	       643	80000984	00e8d463	bge	x17,x14,8000098c	 x17:0x00000001 x14:0x00000000
        6455000	       644	00000000	00000013	addi	x0,x0,0	  x0:0x00000000
        6465000	       645	80000988	00000013	addi	x0,x0,0	  x0:0x00000000
        6475000	       646	8000098c	fe0b0b13	addi	x22,x22,-32	 x22:0x80009f84 x22=0x80009f64
        6485000	       647	80000990	00fb2223	sw	x15,4(x22)	 x22:0x80009f64 x15:0x800004f4 PA:0x80009f68
        6495000	       648	80000994	6d5cec13	ori	x24,x25,1749	 x25:0x00000001 x24=0x000006d5
        6505000	       649	80000998	412f86b3	sub	x13,x31,x18	 x31:0x00000001 x18:0x8000087d x13=0x7ffff784
        6515000	       650	8000099c	4032dc93	srai	x25,x5,0x3	  x5:0x8690941c x25=0xf0d21283
        6525000	       651	800009a0	be2eec13	ori	x24,x29,-1054	 x29:0x0000e47c x24=0xfffffffe
        6535000	       652	800009a4	00008e97	auipc	x29,0x8	 x29=0x800089a0
        6545000	       653	800009a8	dabe8e93	addi	x29,x29,-597	 x29:0x800089a0 x29=0x8000874b
        6555000	       654	800009ac	ff8ec903	lbu	x18,-8(x29)	 x29:0x8000874b x18=0x000000e3 PA:0x80008743
        6565000	       655	800009b0	feee8923	sb	x14,-14(x29)	 x29:0x8000874b x14:0x00000000 PA:0x8000873d
        6575000	       656	800009b4	007e95a3	sh	x7,11(x29)	 x29:0x8000874b  x7:0x80008321 PA:0x80008756
        6585000	       657	800009b8	014e95a3	sh	x20,11(x29)	 x29:0x8000874b x20:0x9ac5b480 PA:0x80008756
        6595000	       658	800009bc	00ce95a3	sh	x12,11(x29)	 x29:0x8000874b x12:0x00000000 PA:0x80008756
        6605000	       659	800009c0	00008033	add	x0,x1,x0	  x1:0xffffffcf  x0:0x00000000
        6615000	       660	800009c4	015e8823	sb	x21,16(x29)	 x29:0x8000874b x21:0x800089b8 PA:0x8000875b
        6625000	       661	800009c8	010e8b83	lb	x23,16(x29)	 x29:0x8000874b x23=0xffffffb8 PA:0x8000875b
        6635000	       662	800009cc	005e8823	sb	x5,16(x29)	 x29:0x8000874b  x5:0x8690941c PA:0x8000875b
        6645000	       663	800009d0	001e8823	sb	x1,16(x29)	 x29:0x8000874b  x1:0xffffffcf PA:0x8000875b
        6655000	       664	800009d4	010e8c03	lb	x24,16(x29)	 x29:0x8000874b x24=0xffffffcf PA:0x8000875b
        6665000	       665	00000000	00000013	addi	x0,x0,0	  x0:0x00000000
        6675000	       666	800009d8	ff8e8c23	sb	x24,-8(x29)	 x29:0x8000874b x24:0xffffffcf PA:0x80008743
        6685000	       667	800009dc	008e8603	lb	x12,8(x29)	 x29:0x8000874b x12=0x0000007d PA:0x80008753
        6695000	       668	800009e0	008e8a83	lb	x21,8(x29)	 x29:0x8000874b x21=0x0000007d PA:0x80008753
        6705000	       669	800009e4	008e8f83	lb	x31,8(x29)	 x29:0x8000874b x31=0x0000007d PA:0x80008753
        6715000	       670	800009e8	008e8103	lb	x2,8(x29)	 x29:0x8000874b  x2=0x0000007d PA:0x80008753
        6725000	       671	800009ec	ff0e98a3	sh	x16,-15(x29)	 x29:0x8000874b x16:0x7ffffdf4 PA:0x8000873c
        6735000	       672	800009f0	ff2e98a3	sh	x18,-15(x29)	 x29:0x8000874b x18:0x000000e3 PA:0x8000873c
        6745000	       673	800009f4	ff1e98a3	sh	x17,-15(x29)	 x29:0x8000874b x17:0x00000001 PA:0x8000873c
        6755000	       674	800009f8	00008397	auipc	x7,0x8	  x7=0x800089f4
        6765000	       675	800009fc	98b38393	addi	x7,x7,-1653	  x7:0x800089f4  x7=0x8000837f
        6775000	       676	80000a00	00007c97	auipc	x25,0x7	 x25=0x800079fc
        6785000	       677	80000a04	7fdc8c93	addi	x25,x25,2045	 x25:0x800079fc x25=0x800081f9
        6795000	       678	80000a08	00008f17	auipc	x30,0x8	 x30=0x80008a04
        6805000	       679	80000a0c	db3f0f13	addi	x30,x30,-589	 x30:0x80008a04 x30=0x800087b7
        6815000	       680	80000a10	01438503	lb	x10,20(x7)	  x7:0x8000837f x10=0x00000000 PA:0x80008393
        6825000	       681	80000a14	fd63c983	lbu	x19,-42(x7)	  x7:0x8000837f x19=0x000000c8 PA:0x80008355
        6835000	       682	80000a18	02e38c03	lb	x24,46(x7)	  x7:0x8000837f x24=0x0000007b PA:0x800083ad
        6845000	       683	80000a1c	3fec8003	lb	x0,1022(x25)	 x25:0x800081f9 PA:0x800085f7
        6855000	       684	80000a20	01ef0323	sb	x30,6(x30)	 x30:0x800087b7 x30:0x800087b7 PA:0x800087bd
        6865000	       685	80000a24	ff938823	sb	x25,-16(x7)	  x7:0x8000837f x25:0x800081f9 PA:0x8000836f
        6875000	       686	80000a28	00008897	auipc	x17,0x8	 x17=0x80008a24
        6885000	       687	80000a2c	b2e88893	addi	x17,x17,-1234	 x17:0x80008a24 x17=0x80008552
        6895000	       688	80000a30	01b396a3	sh	x27,13(x7)	  x7:0x8000837f x27:0x80009fc4 PA:0x8000838c
        6905000	       689	80000a34	f698c303	lbu	x6,-151(x17)	 x17:0x80008552  x6=0x000000fe PA:0x800084bb
        6915000	       690	80000a38	f5dcca83	lbu	x21,-163(x25)	 x25:0x800081f9 x21=0x000000f6 PA:0x80008156
        6925000	       691	80000a3c	fa489723	sh	x4,-82(x17)	 x17:0x80008552  x4:0x0007ffff PA:0x80008500
        6935000	       692	80000a40	502cc083	lbu	x1,1282(x25)	 x25:0x800081f9  x1=0x000000ee PA:0x800086fb
        6945000	       693	80000a44	fd338183	lb	x3,-45(x7)	  x7:0x8000837f  x3=0x0000004b PA:0x80008352
        6955000	       694	80000a48	001f4b83	lbu	x23,1(x30)	 x30:0x800087b7 x23=0x0000002f PA:0x800087b8
        6965000	       695	80000a4c	0053a703	lw	x14,5(x7)	  x7:0x8000837f x14=0x500d5cca PA:0x80008384
        6975000	       696	00000000	00000013	addi	x0,x0,0	  x0:0x00000000
        6985000	       697	80000a50	00ef0823	sb	x14,16(x30)	 x30:0x800087b7 x14:0x500d5cca PA:0x800087c7
        6995000	       698	80000a54	ffef0a83	lb	x21,-2(x30)	 x30:0x800087b7 x21=0xffffffac PA:0x800087b5
        7005000	       699	80000a58	02438583	lb	x11,36(x7)	  x7:0x8000837f x11=0x00000073 PA:0x800083a3
        7015000	       700	80000a5c	f0189a23	sh	x1,-236(x17)	 x17:0x80008552  x1:0x000000ee PA:0x80008466
        7025000	       701	80000a60	f0b88aa3	sb	x11,-235(x17)	 x17:0x80008552 x11:0x00000073 PA:0x80008467
        7035000	       702	80000a64	13accb83	lbu	x23,314(x25)	 x25:0x800081f9 x23=0x0000007e PA:0x80008333
        7045000	       703	80000a68	f4488323	sb	x4,-186(x17)	 x17:0x80008552  x4:0x0007ffff PA:0x80008498
        7055000	       704	80000a6c	35ccc583	lbu	x11,860(x25)	 x25:0x800081f9 x11=0x000000d2 PA:0x80008555
        7065000	       705	80000a70	f988cf83	lbu	x31,-104(x17)	 x17:0x80008552 x31=0x000000b4 PA:0x800084ea
        7075000	       706	80000a74	fe53c803	lbu	x16,-27(x7)	  x7:0x8000837f x16=0x000000b7 PA:0x80008364
        7085000	       707	80000a78	ffff0c03	lb	x24,-1(x30)	 x30:0x800087b7 x24=0xffffffb3 PA:0x800087b6
        7095000	       708	80000a7c	0848d083	lhu	x1,132(x17)	 x17:0x80008552  x1=0x00007f01 PA:0x800085d6
        7105000	       709	80000a80	015c8ca3	sb	x21,25(x25)	 x25:0x800081f9 x21:0xffffffac PA:0x80008212
        7115000	       710	80000a84	f65882a3	sb	x5,-155(x17)	 x17:0x80008552  x5:0x8690941c PA:0x800084b7
        7125000	       711	80000a88	f448c483	lbu	x9,-188(x17)	 x17:0x80008552  x9=0x00000010 PA:0x80008496
        7135000	       712	80000a8c	01bf0723	sb	x27,14(x30)	 x30:0x800087b7 x27:0x80009fc4 PA:0x800087c5
        7145000	       713	80000a90	010f0903	lb	x18,16(x30)	 x30:0x800087b7 x18=0xffffffca PA:0x800087c7
        7155000	       714	80000a94	fff8cd03	lbu	x26,-1(x17)	 x17:0x80008552 x26=0x00000031 PA:0x80008551
        7165000	       715	80000a98	ffff5503	lhu	x10,-1(x30)	 x30:0x800087b7 x10=0x0000eab3 PA:0x800087b6
        7175000	       716	80000a9c	00008e97	auipc	x29,0x8	 x29=0x80008a98
        7185000	       717	80000aa0	ef8e8e93	addi	x29,x29,-264	 x29:0x80008a98 x29=0x80008990
        7195000	       718	80000aa4	00008897	auipc	x17,0x8	 x17=0x80008aa0
        7205000	       719	80000aa8	46588893	addi	x17,x17,1125	 x17:0x80008aa0 x17=0x80008f05
        7215000	       720	80000aac	086e8ca3	sb	x6,153(x29)	 x29:0x80008990  x6:0x000000fe PA:0x80008a29
        7225000	       721	80000ab0	00008a97	auipc	x21,0x8	 x21=0x80008aac
        7235000	       722	80000ab4	2eba8a93	addi	x21,x21,747	 x21:0x80008aac x21=0x80008d97
        7245000	       723	80000ab8	00008697	auipc	x13,0x8	 x13=0x80008ab4
        7255000	       724	80000abc	3bd68693	addi	x13,x13,957	 x13:0x80008ab4 x13=0x80008e71
        7265000	       725	80000ac0	ffe68903	lb	x18,-2(x13)	 x13:0x80008e71 x18=0x0000001f PA:0x80008e6f
        7275000	       726	80000ac4	a5f88023	sb	x31,-1472(x17)	 x17:0x80008f05 x31:0x000000b4 PA:0x80008945
        7285000	       727	80000ac8	00008f97	auipc	x31,0x8	 x31=0x80008ac4
        7295000	       728	80000acc	33bf8f93	addi	x31,x31,827	 x31:0x80008ac4 x31=0x80008dff
        7305000	       729	80000ad0	e5e88923	sb	x30,-430(x17)	 x17:0x80008f05 x30:0x800087b7 PA:0x80008d57
        7315000	       730	80000ad4	0a1e8e23	sb	x1,188(x29)	 x29:0x80008990  x1:0x00007f01 PA:0x80008a4c
        7325000	       731	80000ad8	f47a8623	sb	x7,-180(x21)	 x21:0x80008d97  x7:0x8000837f PA:0x80008ce3
        7335000	       732	80000adc	0dce8383	lb	x7,220(x29)	 x29:0x80008990  x7=0xffffffb9 PA:0x80008a6c
        7345000	       733	80000ae0	002680a3	sb	x2,1(x13)	 x13:0x80008e71  x2:0x0000007d PA:0x80008e72
        7355000	       734	80000ae4	ffffd083	lhu	x1,-1(x31)	 x31:0x80008dff  x1=0x000012fa PA:0x80008dfe
        7365000	       735	80000ae8	01a68723	sb	x26,14(x13)	 x13:0x80008e71 x26:0x00000031 PA:0x80008e7f
        7375000	       736	80000aec	fd8e8fa3	sb	x24,-33(x29)	 x29:0x80008990 x24:0xffffffb3 PA:0x8000896f
        7385000	       737	80000af0	03bec703	lbu	x14,59(x29)	 x29:0x80008990 x14=0x000000f9 PA:0x800089cb
        7395000	       738	80000af4	066aa2a3	sw	x6,101(x21)	 x21:0x80008d97  x6:0x000000fe PA:0x80008dfc
        7405000	       739	80000af8	f36e9623	sh	x22,-212(x29)	 x29:0x80008990 x22:0x80009f64 PA:0x800088bc
        7415000	       740	80000afc	ffbfd203	lhu	x4,-5(x31)	 x31:0x80008dff  x4=0x00009875 PA:0x80008dfa
        7425000	       741	80000b00	aa288503	lb	x10,-1374(x17)	 x17:0x80008f05 x10=0x0000001c PA:0x800089a7
        7435000	       742	80000b04	f3fea023	sw	x31,-224(x29)	 x29:0x80008990 x31:0x80008dff PA:0x800088b0
        7445000	       743	80000b08	010f8f03	lb	x30,16(x31)	 x31:0x80008dff x30=0xffffff84 PA:0x80008e0f
        7455000	       744	80000b0c	c848c383	lbu	x7,-892(x17)	 x17:0x80008f05  x7=0x00000064 PA:0x80008b89
        7465000	       745	80000b10	02cea023	sw	x12,32(x29)	 x29:0x80008990 x12:0x0000007d PA:0x800089b0
        7475000	       746	80000b14	fed68c23	sb	x13,-8(x13)	 x13:0x80008e71 x13:0x80008e71 PA:0x80008e69
        7485000	       747	80000b18	09aa8703	lb	x14,154(x21)	 x21:0x80008d97 x14=0x0000005d PA:0x80008e31
        7495000	       748	80000b1c	010fa0a3	sw	x16,1(x31)	 x31:0x80008dff x16:0x000000b7 PA:0x80008e00
        7505000	       749	80000b20	f96a8c83	lb	x25,-106(x21)	 x21:0x80008d97 x25=0x00000001 PA:0x80008d2d
        7515000	       750	80000b24	ff868483	lb	x9,-8(x13)	 x13:0x80008e71  x9=0x00000071 PA:0x80008e69
        7525000	       751	80000b28	00bf8623	sb	x11,12(x31)	 x31:0x80008dff x11:0x000000d2 PA:0x80008e0b
        7535000	       752	80000b2c	00769583	lh	x11,7(x13)	 x13:0x80008e71 x11=0xffff9fba PA:0x80008e78
        7545000	       753	80000b30	0f0a8ea3	sb	x16,253(x21)	 x21:0x80008d97 x16:0x000000b7 PA:0x80008e94
        7555000	       754	80000b34	b5488383	lb	x7,-1196(x17)	 x17:0x80008f05  x7=0x0000002a PA:0x80008a59
        7565000	       755	80000b38	00bf9603	lh	x12,11(x31)	 x31:0x80008dff x12=0xffffd2be PA:0x80008e0a
        7575000	       756	80000b3c	01268523	sb	x18,10(x13)	 x13:0x80008e71 x18:0x0000001f PA:0x80008e7b
        7585000	       757	80000b40	c8589a03	lh	x20,-891(x17)	 x17:0x80008f05 x20=0xfffffbbd PA:0x80008b8a
        7595000	       758	80000b44	f05ec503	lbu	x10,-251(x29)	 x29:0x80008990 x10=0x000000ed PA:0x80008895
        7605000	       759	80000b48	022aaea3	sw	x2,61(x21)	 x21:0x80008d97  x2:0x0000007d PA:0x80008dd4
        7615000	       760	80000b4c	94d88923	sb	x13,-1710(x17)	 x17:0x80008f05 x13:0x80008e71 PA:0x80008857
        7625000	       761	80000b50	03bac203	lbu	x4,59(x21)	 x21:0x80008d97  x4=0x0000006b PA:0x80008dd2
        7635000	       762	80000b54	0e5a80a3	sb	x5,225(x21)	 x21:0x80008d97  x5:0x8690941c PA:0x80008e78
        7645000	       763	80000b58	0d1e8583	lb	x11,209(x29)	 x29:0x80008990 x11=0xffffffd0 PA:0x80008a61
        7655000	       764	80000b5c	00668f03	lb	x30,6(x13)	 x13:0x80008e71 x30=0x00000047 PA:0x80008e77
        7665000	       765	80000b60	f898a1a3	sw	x9,-125(x17)	 x17:0x80008f05  x9:0x00000071 PA:0x80008e88
        7675000	       766	80000b64	00ffd483	lhu	x9,15(x31)	 x31:0x80008dff  x9=0x00008406 PA:0x80008e0e
        7685000	       767	80000b68	00007a97	auipc	x21,0x7	 x21=0x80007b64
        7695000	       768	80000b6c	74aa8a93	addi	x21,x21,1866	 x21:0x80007b64 x21=0x800082ae
        7705000	       769	80000b70	00008217	auipc	x4,0x8	  x4=0x80008b6c
        7715000	       770	80000b74	a9e20213	addi	x4,x4,-1378	  x4:0x80008b6c  x4=0x8000860a
        7725000	       771	80000b78	00124983	lbu	x19,1(x4)	  x4:0x8000860a x19=0x00000019 PA:0x8000860b
        7735000	       772	80000b7c	00008a17	auipc	x20,0x8	 x20=0x80008b78
        7745000	       773	80000b80	b21a0a13	addi	x20,x20,-1247	 x20:0x80008b78 x20=0x80008699
        7755000	       774	80000b84	03bacc03	lbu	x24,59(x21)	 x21:0x800082ae x24=0x00000072 PA:0x800082e9
        7765000	       775	80000b88	004a0783	lb	x15,4(x20)	 x20:0x80008699 x15=0xffffffc7 PA:0x8000869d
        7775000	       776	80000b8c	062ac883	lbu	x17,98(x21)	 x21:0x800082ae x17=0x00000071 PA:0x80008310
        7785000	       777	80000b90	ffca0f03	lb	x30,-4(x20)	 x20:0x80008699 x30=0x0000004c PA:0x80008695
        7795000	       778	80000b94	00821023	sh	x8,0(x4)	  x4:0x8000860a  x8:0xffffffcf PA:0x8000860a
        7805000	       779	80000b98	ff8a0803	lb	x16,-8(x20)	 x20:0x80008699 x16=0xffffffbe PA:0x80008691
        7815000	       780	80000b9c	045ac183	lbu	x3,69(x21)	 x21:0x800082ae  x3=0x00000089 PA:0x800082f3
        7825000	       781	80000ba0	ffea0d23	sb	x30,-6(x20)	 x20:0x80008699 x30:0x0000004c PA:0x80008693
        7835000	       782	80000ba4	f1aa85a3	sb	x26,-245(x21)	 x21:0x800082ae x26:0x00000031 PA:0x800081b9
        7845000	       783	80000ba8	ff5a5483	lhu	x9,-11(x20)	 x20:0x80008699  x9=0x000091a2 PA:0x8000868e
        7855000	       784	80000bac	fff20603	lb	x12,-1(x4)	  x4:0x8000860a x12=0xfffffffb PA:0x80008609
        7865000	       785	80000bb0	0eda8ca3	sb	x13,249(x21)	 x21:0x800082ae x13:0x80008e71 PA:0x800083a7
        7875000	       786	80000bb4	fe4a0823	sb	x4,-16(x20)	 x20:0x80008699  x4:0x8000860a PA:0x80008689
        7885000	       787	80000bb8	ff8a0783	lb	x15,-8(x20)	 x20:0x80008699 x15=0xffffffbe PA:0x80008691
        7895000	       788	80000bbc	ff4a0f83	lb	x31,-12(x20)	 x20:0x80008699 x31=0xffffff99 PA:0x8000868d
        7905000	       789	80000bc0	00c25583	lhu	x11,12(x4)	  x4:0x8000860a x11=0x0000d6f9 PA:0x80008616
        7915000	       790	80000bc4	0e8a8ea3	sb	x8,253(x21)	 x21:0x800082ae  x8:0xffffffcf PA:0x800083ab
        7925000	       791	80000bc8	ff8a0c03	lb	x24,-8(x20)	 x20:0x80008699 x24=0xffffffbe PA:0x80008691
        7935000	       792	80000bcc	00321323	sh	x3,6(x4)	  x4:0x8000860a  x3:0x00000089 PA:0x80008610
        7945000	       793	80000bd0	fcca9103	lh	x2,-52(x21)	 x21:0x800082ae  x2=0x000030f1 PA:0x8000827a
        7955000	       794	80000bd4	ff524283	lbu	x5,-11(x4)	  x4:0x8000860a  x5=0x00000054 PA:0x800085ff
        7965000	       795	80000bd8	f96aab83	lw	x23,-106(x21)	 x21:0x800082ae x23=0x8f38f1d9 PA:0x80008244
        7975000	       796	80000bdc	ffb22f23	sw	x27,-2(x4)	  x4:0x8000860a x27:0x80009fc4 PA:0x80008608
        7985000	       797	80000be0	00008717	auipc	x14,0x8	 x14=0x80008bdc
        7995000	       798	80000be4	a6970713	addi	x14,x14,-1431	 x14:0x80008bdc x14=0x80008645
        8005000	       799	80000be8	00008197	auipc	x3,0x8	  x3=0x80008be4
        8015000	       800	80000bec	a4a18193	addi	x3,x3,-1462	  x3:0x80008be4  x3=0x8000862e
        8025000	       801	80000bf0	00007897	auipc	x17,0x7	 x17=0x80007bec
        8035000	       802	80000bf4	4f488893	addi	x17,x17,1268	 x17:0x80007bec x17=0x800080e0
        8045000	       803	80000bf8	07d184a3	sb	x29,105(x3)	  x3:0x8000862e x29:0x80008990 PA:0x80008697
        8055000	       804	80000bfc	00970f03	lb	x30,9(x14)	 x14:0x80008645 x30=0x0000006c PA:0x8000864e
        8065000	       805	80000c00	0a61d503	lhu	x10,166(x3)	  x3:0x8000862e x10=0x0000152b PA:0x800086d4
        8075000	       806	80000c04	00870423	sb	x8,8(x14)	 x14:0x80008645  x8:0xffffffcf PA:0x8000864d
        8085000	       807	80000c08	ffa70483	lb	x9,-6(x14)	 x14:0x80008645  x9=0x00000042 PA:0x8000863f
        8095000	       808	80000c0c	fe18c983	lbu	x19,-31(x17)	 x17:0x800080e0 x19=0x000000cf PA:0x800080c1
        8105000	       809	80000c10	0058c103	lbu	x2,5(x17)	 x17:0x800080e0  x2=0x00000043 PA:0x800080e5
        8115000	       810	80000c14	ff571683	lh	x13,-11(x14)	 x14:0x80008645 x13=0x00001fd0 PA:0x8000863a
        8125000	       811	80000c18	fff8c503	lbu	x10,-1(x17)	 x17:0x800080e0 x10=0x00000058 PA:0x800080df
        8135000	       812	80000c1c	f9518283	lb	x5,-107(x3)	  x3:0x8000862e  x5=0x0000003d PA:0x800085c3
        8145000	       813	80000c20	04189023	sh	x1,64(x17)	 x17:0x800080e0  x1:0x000012fa PA:0x80008120
        8155000	       814	80000c24	fa118423	sb	x1,-88(x3)	  x3:0x8000862e  x1:0x000012fa PA:0x800085d6
        8165000	       815	80000c28	fe970da3	sb	x9,-5(x14)	 x14:0x80008645  x9:0x00000042 PA:0x80008640
        8175000	       816	80000c2c	f101c783	lbu	x15,-240(x3)	  x3:0x8000862e x15=0x000000c7 PA:0x8000853e
        8185000	       817	80000c30	fae1dc03	lhu	x24,-82(x3)	  x3:0x8000862e x24=0x00000690 PA:0x800085dc
        8195000	       818	80000c34	01c8d783	lhu	x15,28(x17)	 x17:0x800080e0 x15=0x0000aa3e PA:0x800080fc
        8205000	       819	80000c38	00770423	sb	x7,8(x14)	 x14:0x80008645  x7:0x0000002a PA:0x8000864d
        8215000	       820	80000c3c	0468a023	sw	x6,64(x17)	 x17:0x800080e0  x6:0x000000fe PA:0x80008120
        8225000	       821	80000c40	02d88e23	sb	x13,60(x17)	 x17:0x800080e0 x13:0x00001fd0 PA:0x8000811c
        8235000	       822	80000c44	00b18ba3	sb	x11,23(x3)	  x3:0x8000862e x11:0x0000d6f9 PA:0x80008645
        8245000	       823	80000c48	03119123	sh	x17,34(x3)	  x3:0x8000862e x17:0x800080e0 PA:0x80008650
        8255000	       824	80000c4c	ff274503	lbu	x10,-14(x14)	 x14:0x80008645 x10=0x00000065 PA:0x80008637
        8265000	       825	80000c50	f811a323	sw	x1,-122(x3)	  x3:0x8000862e  x1:0x000012fa PA:0x800085b4
        8275000	       826	80000c54	fcf89d23	sh	x15,-38(x17)	 x17:0x800080e0 x15:0x0000aa3e PA:0x800080ba
        8285000	       827	80000c58	ff670f83	lb	x31,-10(x14)	 x14:0x80008645 x31=0x0000001f PA:0x8000863b
        8295000	       828	80000c5c	fcc18fa3	sb	x12,-33(x3)	  x3:0x8000862e x12:0xfffffffb PA:0x8000860d
        8305000	       829	80000c60	fff71903	lh	x18,-1(x14)	 x14:0x80008645 x18=0xfffff95a PA:0x80008644
        8315000	       830	80000c64	ffb72083	lw	x1,-5(x14)	 x14:0x80008645  x1=0x57faf642 PA:0x80008640
        8325000	       831	80000c68	00007797	auipc	x15,0x7	 x15=0x80007c64
        8335000	       832	80000c6c	4a978793	addi	x15,x15,1193	 x15:0x80007c64 x15=0x8000810d
        8345000	       833	80000c70	018ed213	srli	x4,x29,0x18	 x29:0x80008990  x4=0x00000080
        8355000	       834	80000c74	0047c983	lbu	x19,4(x15)	 x15:0x8000810d x19=0x0000001f PA:0x80008111
        8365000	       835	80000c78	00878583	lb	x11,8(x15)	 x15:0x8000810d x11=0xffffff9a PA:0x80008115
        8375000	       836	80000c7c	00878f83	lb	x31,8(x15)	 x15:0x8000810d x31=0xffffff9a PA:0x80008115
        8385000	       837	80000c80	cd0d6213	ori	x4,x26,-816	 x26:0x00000031  x4=0xfffffcf1
        8395000	       838	80000c84	67e1c813	xori	x16,x3,1662	  x3:0x8000862e x16=0x80008050
        8405000	       839	80000c88	00d78323	sb	x13,6(x15)	 x15:0x8000810d x13:0x00001fd0 PA:0x80008113
        8415000	       840	80000c8c	ffb78a83	lb	x21,-5(x15)	 x15:0x8000810d x21=0x00000035 PA:0x80008108
        8425000	       841	80000c90	00179283	lh	x5,1(x15)	 x15:0x8000810d  x5=0xfffffb8b PA:0x8000810e
        8435000	       842	80000c94	6ca56713	ori	x14,x10,1738	 x10:0x00000065 x14=0x000006ef
        8445000	       843	80000c98	ff379aa3	sh	x19,-11(x15)	 x15:0x8000810d x19:0x0000001f PA:0x80008102
        8455000	       844	80000c9c	0047c703	lbu	x14,4(x15)	 x15:0x8000810d x14=0x0000001f PA:0x80008111
        8465000	       845	80000ca0	0037d703	lhu	x14,3(x15)	 x15:0x8000810d x14=0x00001f89 PA:0x80008110
        8475000	       846	80000ca4	51f93193	sltiu	x3,x18,1311	 x18:0xfffff95a  x3=0x00000000
        8485000	       847	80000ca8	0056b0b3	sltu	x1,x13,x5	 x13:0x00001fd0  x5:0xfffffb8b  x1=0x00000001
        8495000	       848	80000cac	40488c33	sub	x24,x17,x4	 x17:0x800080e0  x4:0xfffffcf1 x24=0x800083ef
        8505000	       849	80000cb0	10cdbf13	sltiu	x30,x27,268	 x27:0x80009fc4 x30=0x00000000
        8515000	       850	80000cb4	41265613	srai	x12,x12,0x12	 x12:0xfffffffb x12=0xffffffff
        8525000	       851	80000cb8	ff578803	lb	x16,-11(x15)	 x15:0x8000810d x16=0x0000001f PA:0x80008102
        8535000	       852	80000cbc	0057c703	lbu	x14,5(x15)	 x15:0x8000810d x14=0x000000c3 PA:0x80008112
        8545000	       853	80000cc0	4118df93	srai	x31,x17,0x11	 x17:0x800080e0 x31=0xffffc000
        8555000	       854	80000cc4	407d03b3	sub	x7,x26,x7	 x26:0x00000031  x7:0x0000002a  x7=0x00000007
        8565000	       855	80000cc8	fe878f23	sb	x8,-2(x15)	 x15:0x8000810d  x8:0xffffffcf PA:0x8000810b
        8575000	       856	80000ccc	401d56b3	sra	x13,x26,x1	 x26:0x00000031  x1:0x00000001 x13=0x00000018
        8585000	       857	80000cd0	ff97d183	lhu	x3,-7(x15)	 x15:0x8000810d  x3=0x00006dee PA:0x80008106
        8595000	       858	80000cd4	016787a3	sb	x22,15(x15)	 x15:0x8000810d x22:0x80009f64 PA:0x8000811c
        8605000	       859	80000cd8	a79c8893	addi	x17,x25,-1415	 x25:0x00000001 x17=0xfffffa7a
        8615000	       860	80000cdc	0057a5a3	sw	x5,11(x15)	 x15:0x8000810d  x5:0xfffffb8b PA:0x80008118
        8625000	       861	80000ce0	ffb7ce83	lbu	x29,-5(x15)	 x15:0x8000810d x29=0x00000035 PA:0x80008108
        8635000	       862	80000ce4	0027c403	lbu	x8,2(x15)	 x15:0x8000810d  x8=0x000000fb PA:0x8000810f
        8645000	       863	80000ce8	00778503	lb	x10,7(x15)	 x15:0x8000810d x10=0xffffff9f PA:0x80008114
        8655000	       864	80000cec	fef78ca3	sb	x15,-7(x15)	 x15:0x8000810d x15:0x8000810d PA:0x80008106
        8665000	       865	80000cf0	018e9913	slli	x18,x29,0x18	 x29:0x00000035 x18=0x35000000
        8675000	       866	80000cf4	00b62cb3	slt	x25,x12,x11	 x12:0xffffffff x11:0xffffff9a x25=0x00000000
        8685000	       867	80000cf8	00f0ca33	xor	x20,x1,x15	  x1:0x00000001 x15:0x8000810d x20=0x8000810c
        8695000	       868	80000cfc	805dc513	xori	x10,x27,-2043	 x27:0x80009fc4 x10=0x7fff67c1
        8705000	       869	80000d00	01678c33	add	x24,x15,x22	 x15:0x8000810d x22:0x80009f64 x24=0x00012071
        8715000	       870	80000d04	0061c3b3	xor	x7,x3,x6	  x3:0x00006dee  x6:0x000000fe  x7=0x00006d10
        8725000	       871	80000d08	00478523	sb	x4,10(x15)	 x15:0x8000810d  x4:0xfffffcf1 PA:0x80008117
        8735000	       872	80000d0c	ff778103	lb	x2,-9(x15)	 x15:0x8000810d  x2=0xffffff82 PA:0x80008104
        8745000	       873	80000d10	fea789a3	sb	x10,-13(x15)	 x15:0x8000810d x10:0x7fff67c1 PA:0x80008100
        8755000	       874	80000d14	ff678483	lb	x9,-10(x15)	 x15:0x8000810d  x9=0x00000000 PA:0x80008103
        8765000	       875	80000d18	bc33bbb7	lui	x23,0xbc33b	 x23=0xbc33b000
        8775000	       876	80000d1c	00000013	addi	x0,x0,0	  x0:0x00000000
        8785000	       877	80000d20	ffa78c23	sb	x26,-8(x15)	 x15:0x8000810d x26:0x00000031 PA:0x80008105
        8795000	       878	80000d24	00008417	auipc	x8,0x8	  x8=0x80008d20
        8805000	       879	80000d28	ada40413	addi	x8,x8,-1318	  x8:0x80008d20  x8=0x800087fa
        8815000	       880	80000d2c	ffa44803	lbu	x16,-6(x8)	  x8:0x800087fa x16=0x000000cd PA:0x800087f4
        8825000	       881	80000d30	01b41823	sh	x27,16(x8)	  x8:0x800087fa x27:0x80009fc4 PA:0x8000880a
        8835000	       882	80000d34	ff244983	lbu	x19,-14(x8)	  x8:0x800087fa x19=0x000000fb PA:0x800087ec
        8845000	       883	80000d38	54034a93	xori	x21,x6,1344	  x6:0x000000fe x21=0x000005be
        8855000	       884	80000d3c	00344a83	lbu	x21,3(x8)	  x8:0x800087fa x21=0x000000a7 PA:0x800087fd
        8865000	       885	80000d40	013404a3	sb	x19,9(x8)	  x8:0x800087fa x19:0x000000fb PA:0x80008803
        8875000	       886	80000d44	00740983	lb	x19,7(x8)	  x8:0x800087fa x19=0x00000028 PA:0x80008801
        8885000	       887	80000d48	01209813	slli	x16,x1,0x12	  x1:0x00000001 x16=0x00040000
        8895000	       888	80000d4c	ff441a83	lh	x21,-12(x8)	  x8:0x800087fa x21=0xffffbea3 PA:0x800087ee
        8905000	       889	80000d50	00000013	addi	x0,x0,0	  x0:0x00000000
        8915000	       890	80000d54	00b40f83	lb	x31,11(x8)	  x8:0x800087fa x31=0x00000047 PA:0x80008805
        8925000	       891	80000d58	fe4408a3	sb	x4,-15(x8)	  x8:0x800087fa  x4:0xfffffcf1 PA:0x800087eb
        8935000	       892	80000d5c	00e45d03	lhu	x26,14(x8)	  x8:0x800087fa x26=0x0000acf1 PA:0x80008808
        8945000	       893	80000d60	fe340a23	sb	x3,-12(x8)	  x8:0x800087fa  x3:0x00006dee PA:0x800087ee
        8955000	       894	80000d64	ffa40703	lb	x14,-6(x8)	  x8:0x800087fa x14=0xffffffcd PA:0x800087f4
        8965000	       895	80000d68	0166f033	and	x0,x13,x22	 x13:0x00000018 x22:0x80009f64
        8975000	       896	80000d6c	00140103	lb	x2,1(x8)	  x8:0x800087fa  x2=0x00000022 PA:0x800087fb
        8985000	       897	80000d70	ff244803	lbu	x16,-14(x8)	  x8:0x800087fa x16=0x000000fb PA:0x800087ec
        8995000	       898	00000000	00000013	addi	x0,x0,0	  x0:0x00000000
        9005000	       899	80000d74	0105d6b3	srl	x13,x11,x16	 x11:0xffffff9a x16:0x000000fb x13=0x0000001f
        9015000	       900	80000d78	00540f83	lb	x31,5(x8)	  x8:0x800087fa x31=0xffffffc4 PA:0x800087ff
        9025000	       901	80000d7c	0087fa33	and	x20,x15,x8	 x15:0x8000810d  x8:0x800087fa x20=0x80008108
        9035000	       902	80000d80	01045f03	lhu	x30,16(x8)	  x8:0x800087fa x30=0x00009fc4 PA:0x8000880a
        9045000	       903	80000d84	ffd42f23	sw	x29,-2(x8)	  x8:0x800087fa x29:0x00000035 PA:0x800087f8
        9055000	       904	80000d88	000f5213	srli	x4,x30,0x0	 x30:0x00009fc4  x4=0x00009fc4
        9065000	       905	80000d8c	41e05a33	sra	x20,x0,x30	  x0:0x00000000 x30:0x00009fc4 x20=0x00000000
        9075000	       906	80000d90	c3200f93	addi	x31,x0,-974	  x0:0x00000000 x31=0xfffffc32
        9085000	       907	80000d94	006f92b3	sll	x5,x31,x6	 x31:0xfffffc32  x6:0x000000fe  x5=0x80000000
        9095000	       908	80000d98	d638b513	sltiu	x10,x17,-669	 x17:0xfffffa7a x10=0x00000001
        9105000	       909	80000d9c	ff344c03	lbu	x24,-13(x8)	  x8:0x800087fa x24=0x00000027 PA:0x800087ed
        9115000	       910	80000da0	6b6fe193	ori	x3,x31,1718	 x31:0xfffffc32  x3=0xfffffeb6
        9125000	       911	80000da4	00445303	lhu	x6,4(x8)	  x8:0x800087fa  x6=0x0000c4d7 PA:0x800087fe
        9135000	       912	80000da8	00c45d03	lhu	x26,12(x8)	  x8:0x800087fa x26=0x00007b50 PA:0x80008806
        9145000	       913	80000dac	48601f37	lui	x30,0x48601	 x30=0x48601000
        9155000	       914	80000db0	ff044903	lbu	x18,-16(x8)	  x8:0x800087fa x18=0x0000007d PA:0x800087ea
        9165000	       915	80000db4	016f9993	slli	x19,x31,0x16	 x31:0xfffffc32 x19=0x0c800000
        9175000	       916	80000db8	ff544183	lbu	x3,-11(x8)	  x8:0x800087fa  x3=0x000000be PA:0x800087ef
        9185000	       917	80000dbc	fb3ca313	slti	x6,x25,-77	 x25:0x00000000  x6=0x00000000
        9195000	       918	80000dc0	415b06b3	sub	x13,x22,x21	 x22:0x80009f64 x21:0xffffbea3 x13=0x8000e0c1
        9205000	       919	80000dc4	5bb07737	lui	x14,0x5bb07	 x14=0x5bb07000
        9215000	       920	80000dc8	01bb1513	slli	x10,x22,0x1b	 x22:0x80009f64 x10=0x20000000
        9225000	       921	80000dcc	00d40c03	lb	x24,13(x8)	  x8:0x800087fa x24=0x0000007b PA:0x80008807
        9235000	       922	80000dd0	ff440003	lb	x0,-12(x8)	  x8:0x800087fa PA:0x800087ee
        9245000	       923	80000dd4	00740683	lb	x13,7(x8)	  x8:0x800087fa x13=0x00000028 PA:0x80008801
        9255000	       924	80000dd8	00fe1713	slli	x14,x28,0xf	 x28:0x80000000 x14=0x00000000
        9265000	       925	80000ddc	00040523	sb	x0,10(x8)	  x8:0x800087fa  x0:0x00000000 PA:0x80008804
        9275000	       926	80000de0	00007f17	auipc	x30,0x7	 x30=0x80007ddc
        9285000	       927	80000de4	27df0f13	addi	x30,x30,637	 x30:0x80007ddc x30=0x80008059
        9295000	       928	80000de8	01201013	slli	x0,x0,0x12	  x0:0x00000000
        9305000	       929	80000dec	76cf0403	lb	x8,1900(x30)	 x30:0x80008059  x8=0xffffffc4 PA:0x800087c5
        9315000	       930	80000df0	650fb197	auipc	x3,0x650fb	  x3=0xe50fbdec
        9325000	       931	80000df4	084f4603	lbu	x12,132(x30)	 x30:0x80008059 x12=0x00000046 PA:0x800080dd
        9335000	       932	80000df8	74ff5303	lhu	x6,1871(x30)	 x30:0x80008059  x6=0x0000f40c PA:0x800087a8
        9345000	       933	80000dfc	069f17a3	sh	x9,111(x30)	 x30:0x80008059  x9:0x00000000 PA:0x800080c8
        9355000	       934	80000e00	00d5d393	srli	x7,x11,0xd	 x11:0xffffff9a  x7=0x0007ffff
        9365000	       935	80000e04	178f0a83	lb	x21,376(x30)	 x30:0x80008059 x21=0x0000000a PA:0x800081d1
        9375000	       936	80000e08	409803b3	sub	x7,x16,x9	 x16:0x000000fb  x9:0x00000000  x7=0x000000fb
        9385000	       937	80000e0c	204f4903	lbu	x18,516(x30)	 x30:0x80008059 x18=0x0000006c PA:0x8000825d
        9395000	       938	80000e10	40e88eb3	sub	x29,x17,x14	 x17:0xfffffa7a x14:0x00000000 x29=0xfffffa7a
        9405000	       939	80000e14	d49ab893	sltiu	x17,x21,-695	 x21:0x0000000a x17=0x00000001
        9415000	       940	80000e18	011a03b3	add	x7,x20,x17	 x20:0x00000000 x17:0x00000001  x7=0x00000001
        9425000	       941	80000e1c	2e4f4703	lbu	x14,740(x30)	 x30:0x80008059 x14=0x000000c7 PA:0x8000833d
        9435000	       942	80000e20	2762b493	sltiu	x9,x5,630	  x5:0x80000000  x9=0x00000000
        9445000	       943	80000e24	40e9d693	srai	x13,x19,0xe	 x19:0x0c800000 x13=0x00003200
        9455000	       944	80000e28	39bf4f83	lbu	x31,923(x30)	 x30:0x80008059 x31=0x0000000f PA:0x800083f4
        9465000	       945	80000e2c	000f4003	lbu	x0,0(x30)	 x30:0x80008059 PA:0x80008059
        9475000	       946	80000e30	d6a4a4b7	lui	x9,0xd6a4a	  x9=0xd6a4a000
        9485000	       947	80000e34	40045a33	sra	x20,x8,x0	  x8:0xffffffc4  x0:0x00000000 x20=0xffffffc4
        9495000	       948	80000e38	2b6f4383	lbu	x7,694(x30)	 x30:0x80008059  x7=0x0000003b PA:0x8000830f
        9505000	       949	00000000	00000013	addi	x0,x0,0	  x0:0x00000000
        9515000	       950	80000e3c	2173c893	xori	x17,x7,535	  x7:0x0000003b x17=0x0000022c
        9525000	       951	80000e40	602f0583	lb	x11,1538(x30)	 x30:0x80008059 x11=0xffffffbe PA:0x8000865b
        9535000	       952	80000e44	01bb0033	add	x0,x22,x27	 x22:0x80009f64 x27:0x80009fc4
        9545000	       953	80000e48	00fcf9b3	and	x19,x25,x15	 x25:0x00000000 x15:0x8000810d x19=0x00000000
        9555000	       954	80000e4c	012d28b3	slt	x17,x26,x18	 x26:0x00007b50 x18:0x0000006c x17=0x00000000
        9565000	       955	80000e50	436f0023	sb	x22,1056(x30)	 x30:0x80008059 x22:0x80009f64 PA:0x80008479
        9575000	       956	80000e54	192f0283	lb	x5,402(x30)	 x30:0x80008059  x5=0xfffffff3 PA:0x800081eb
        9585000	       957	80000e58	41515193	srai	x3,x2,0x15	  x2:0x00000022  x3=0x00000000
        9595000	       958	80000e5c	5cdf0a83	lb	x21,1485(x30)	 x30:0x80008059 x21=0xffffff87 PA:0x80008626
        9605000	       959	80000e60	24ef0703	lb	x14,590(x30)	 x30:0x80008059 x14=0x00000001 PA:0x800082a7
        9615000	       960	80000e64	003fdc13	srli	x24,x31,0x3	 x31:0x0000000f x24=0x00000001
        9625000	       961	80000e68	1c0f4183	lbu	x3,448(x30)	 x30:0x80008059  x3=0x000000b7 PA:0x80008219
        9635000	       962	80000e6c	6f266497	auipc	x9,0x6f266	  x9=0xef266e68
        9645000	       963	80000e70	3ba7f613	andi	x12,x15,954	 x15:0x8000810d x12=0x00000108
        9655000	       964	80000e74	01970533	add	x10,x14,x25	 x14:0x00000001 x25:0x00000000 x10=0x00000001
        9665000	       965	80000e78	45390413	addi	x8,x18,1107	 x18:0x0000006c  x8=0x000004bf
        9675000	       966	80000e7c	41f255b3	sra	x11,x4,x31	  x4:0x00009fc4 x31:0x0000000f x11=0x00000001
        9685000	       967	80000e80	1b1f5783	lhu	x15,433(x30)	 x30:0x80008059 x15=0x0000dd0d PA:0x8000820a
        9695000	       968	00000000	00000013	addi	x0,x0,0	  x0:0x00000000
        9705000	       969	80000e84	0067cab3	xor	x21,x15,x6	 x15:0x0000dd0d  x6:0x0000f40c x21=0x00002901
        9715000	       970	80000e88	01ba1733	sll	x14,x20,x27	 x20:0xffffffc4 x27:0x80009fc4 x14=0xfffffc40
        9725000	       971	80000e8c	01c78333	add	x6,x15,x28	 x15:0x0000dd0d x28:0x80000000  x6=0x8000dd0d
        9735000	       972	80000e90	4e6f0a83	lb	x21,1254(x30)	 x30:0x80008059 x21=0x00000000 PA:0x8000853f
        9745000	       973	80000e94	493f4383	lbu	x7,1171(x30)	 x30:0x80008059  x7=0x00000001 PA:0x800084ec
        9755000	       974	80000e98	609f0483	lb	x9,1545(x30)	 x30:0x80008059  x9=0x0000005c PA:0x80008662
        9765000	       975	80000e9c	5d9f1ca3	sh	x25,1497(x30)	 x30:0x80008059 x25:0x00000000 PA:0x80008632
        9775000	       976	80000ea0	3ccf0183	lb	x3,972(x30)	 x30:0x80008059  x3=0xffffffe1 PA:0x80008425
        9785000	       977	80000ea4	5d2f4883	lbu	x17,1490(x30)	 x30:0x80008059 x17=0x0000001a PA:0x8000862b
        9795000	       978	00000000	00000013	addi	x0,x0,0	  x0:0x00000000
        9805000	       979	80000ea8	311f0623	sb	x17,780(x30)	 x30:0x80008059 x17:0x0000001a PA:0x80008365
        9815000	       980	80000eac	00007417	auipc	x8,0x7	  x8=0x80007ea8
        9825000	       981	80000eb0	2ad40413	addi	x8,x8,685	  x8:0x80007ea8  x8=0x80008155
        9835000	       982	80000eb4	ff440a83	lb	x21,-12(x8)	  x8:0x80008155 x21=0xffffff80 PA:0x80008149
        9845000	       983	80000eb8	ff444e83	lbu	x29,-12(x8)	  x8:0x80008155 x29=0x00000080 PA:0x80008149
        9855000	       984	80000ebc	56c26193	ori	x3,x4,1388	  x4:0x00009fc4  x3=0x00009fec
        9865000	       985	80000ec0	ff444a83	lbu	x21,-12(x8)	  x8:0x80008155 x21=0x00000080 PA:0x80008149
        9875000	       986	80000ec4	00c40f83	lb	x31,12(x8)	  x8:0x80008155 x31=0x0000003b PA:0x80008161
        9885000	       987	00000000	00000013	addi	x0,x0,0	  x0:0x00000000
        9895000	       988	80000ec8	01f42cb3	slt	x25,x8,x31	  x8:0x80008155 x31:0x0000003b x25=0x00000001
        9905000	       989	80000ecc	40d28233	sub	x4,x5,x13	  x5:0xfffffff3 x13:0x00003200  x4=0xffffcdf3
        9915000	       990	80000ed0	ff240d23	sb	x18,-6(x8)	  x8:0x80008155 x18:0x0000006c PA:0x8000814f
        9925000	       991	80000ed4	ffc40d23	sb	x28,-6(x8)	  x8:0x80008155 x28:0x80000000 PA:0x8000814f
        9935000	       992	80000ed8	ffa44303	lbu	x6,-6(x8)	  x8:0x80008155  x6=0x00000000 PA:0x8000814f
        9945000	       993	80000edc	01ba6733	or	x14,x20,x27	 x20:0xffffffc4 x27:0x80009fc4 x14=0xffffffc4
        9955000	       994	80000ee0	ff644283	lbu	x5,-10(x8)	  x8:0x80008155  x5=0x0000005d PA:0x8000814b
        9965000	       995	00000000	00000013	addi	x0,x0,0	  x0:0x00000000
        9975000	       996	80000ee4	40588ab3	sub	x21,x17,x5	 x17:0x0000001a  x5:0x0000005d x21=0xffffffbd
        9985000	       997	80000ee8	eb154793	xori	x15,x10,-335	 x10:0x00000001 x15=0xfffffeb0
        9995000	       998	80000eec	ffd40b23	sb	x29,-10(x8)	  x8:0x80008155 x29:0x00000080 PA:0x8000814b
       10005000	       999	80000ef0	ff644c83	lbu	x25,-10(x8)	  x8:0x80008155 x25=0x00000080 PA:0x8000814b
       10015000	      1000	80000ef4	00007117	auipc	x2,0x7	  x2=0x80007ef0
       10025000	      1001	80000ef8	6f510113	addi	x2,x2,1781	  x2:0x80007ef0  x2=0x800085e5
       10035000	      1002	80000efc	f3510723	sb	x21,-210(x2)	  x2:0x800085e5 x21:0xffffffbd PA:0x80008513
       10045000	      1003	80000f00	f2710723	sb	x7,-210(x2)	  x2:0x800085e5  x7:0x00000001 PA:0x80008513
       10055000	      1004	80000f04	d7854d13	xori	x26,x10,-648	 x10:0x00000001 x26=0xfffffd79
       10065000	      1005	80000f08	f45102a3	sb	x5,-187(x2)	  x2:0x800085e5  x5:0x0000005d PA:0x8000852a
       10075000	      1006	80000f0c	0af11203	lh	x4,175(x2)	  x2:0x800085e5  x4=0x00004c6d PA:0x80008694
       10085000	      1007	80000f10	0ae14383	lbu	x7,174(x2)	  x2:0x800085e5  x7=0x0000004c PA:0x80008693
       10095000	      1008	80000f14	f3d14383	lbu	x7,-195(x2)	  x2:0x800085e5  x7=0x00000076 PA:0x80008522
       10105000	      1009	80000f18	f5e110a3	sh	x30,-191(x2)	  x2:0x800085e5 x30:0x80008059 PA:0x80008526
       10115000	      1010	80000f1c	f4111903	lh	x18,-191(x2)	  x2:0x800085e5 x18=0xffff8059 PA:0x80008526
       10125000	      1011	80000f20	0de11fa3	sh	x30,223(x2)	  x2:0x800085e5 x30:0x80008059 PA:0x800086c4
       10135000	      1012	80000f24	069111a3	sh	x9,99(x2)	  x2:0x800085e5  x9:0x0000005c PA:0x80008648
       10145000	      1013	80000f28	f7e10883	lb	x17,-130(x2)	  x2:0x800085e5 x17=0x00000011 PA:0x80008563
       10155000	      1014	80000f2c	08710ca3	sb	x7,153(x2)	  x2:0x800085e5  x7:0x00000076 PA:0x8000867e
       10165000	      1015	80000f30	1db20c13	addi	x24,x4,475	  x4:0x00004c6d x24=0x00004e48
       10175000	      1016	80000f34	f8711783	lh	x15,-121(x2)	  x2:0x800085e5 x15=0xfffff1c1 PA:0x8000856c
       10185000	      1017	80000f38	f82103a3	sb	x2,-121(x2)	  x2:0x800085e5  x2:0x800085e5 PA:0x8000856c
       10195000	      1018	80000f3c	00008117	auipc	x2,0x8	  x2=0x80008f38
       10205000	      1019	80000f40	9fa10113	addi	x2,x2,-1542	  x2:0x80008f38  x2=0x80008932
       10215000	      1020	80000f44	fe210d03	lb	x26,-30(x2)	  x2:0x80008932 x26=0xffffffec PA:0x80008914
       10225000	      1021	80000f48	03710883	lb	x17,55(x2)	  x2:0x80008932 x17=0x0000007f PA:0x80008969
       10235000	      1022	80000f4c	01414583	lbu	x11,20(x2)	  x2:0x80008932 x11=0x0000009b PA:0x80008946
       10245000	      1023	00000000	00000013	addi	x0,x0,0	  x0:0x00000000
       10255000	      1024	80000f50	fcb10803	lb	x16,-53(x2)	  x2:0x80008932 x16=0xffffffde PA:0x800088fd
       10265000	      1025	80000f54	034108a3	sb	x20,49(x2)	  x2:0x80008932 x20:0xffffffc4 PA:0x80008963
       10275000	      1026	80000f58	02811083	lh	x1,40(x2)	  x2:0x80008932  x1=0xffffc0eb PA:0x8000895a
       10285000	      1027	80000f5c	fc5109a3	sb	x5,-45(x2)	  x2:0x80008932  x5:0x0000005d PA:0x80008905
       10295000	      1028	80000f60	01114403	lbu	x8,17(x2)	  x2:0x80008932  x8=0x00000021 PA:0x80008943
       10305000	      1029	80000f64	b2660593	addi	x11,x12,-1242	 x12:0x00000108 x11=0xfffffc2e
       10315000	      1030	80000f68	01a60f33	add	x30,x12,x26	 x12:0x00000108 x26:0xffffffec x30=0x000000f4
       10325000	      1031	80000f6c	01a11883	lh	x17,26(x2)	  x2:0x80008932 x17=0x00007abf PA:0x8000894c
       10335000	      1032	80000f70	01642933	slt	x18,x8,x22	  x8:0x00000021 x22:0x80009f64 x18=0x00000000
       10345000	      1033	80000f74	f200e593	ori	x11,x1,-224	  x1:0xffffc0eb x11=0xffffffeb
       10355000	      1034	80000f78	fc5104a3	sb	x5,-55(x2)	  x2:0x80008932  x5:0x0000005d PA:0x800088fb
       10365000	      1035	80000f7c	fe015c83	lhu	x25,-32(x2)	  x2:0x80008932 x25=0x000010e3 PA:0x80008912
       10375000	      1036	80000f80	416454b3	sra	x9,x8,x22	  x8:0x00000021 x22:0x80009f64  x9=0x00000002
       10385000	      1037	80000f84	fc811c23	sh	x8,-40(x2)	  x2:0x80008932  x8:0x00000021 PA:0x8000890a
       10395000	      1038	80000f88	fef14f03	lbu	x30,-17(x2)	  x2:0x80008932 x30=0x000000f2 PA:0x80008921
       10405000	      1039	80000f8c	022102a3	sb	x2,37(x2)	  x2:0x80008932  x2:0x80008932 PA:0x80008957
       10415000	      1040	80000f90	0004b3b3	sltu	x7,x9,x0	  x9:0x00000002  x0:0x00000000  x7=0x00000000
       10425000	      1041	80000f94	01201493	slli	x9,x0,0x12	  x0:0x00000000  x9=0x00000000
       10435000	      1042	80000f98	010559b3	srl	x19,x10,x16	 x10:0x00000001 x16:0xffffffde x19=0x00000000
       10445000	      1043	80000f9c	03d10f03	lb	x30,61(x2)	  x2:0x80008932 x30=0xffffffb3 PA:0x8000896f
       10455000	      1044	80000fa0	01ba6333	or	x6,x20,x27	 x20:0xffffffc4 x27:0x80009fc4  x6=0xffffffc4
       10465000	      1045	80000fa4	03514f83	lbu	x31,53(x2)	  x2:0x80008932 x31=0x000000e6 PA:0x80008967
       10475000	      1046	80000fa8	01e4ffb3	and	x31,x9,x30	  x9:0x00000000 x30:0xffffffb3 x31=0x00000000
       10485000	      1047	80000fac	fe210983	lb	x19,-30(x2)	  x2:0x80008932 x19=0xffffffec PA:0x80008914
       10495000	      1048	80000fb0	00d799b3	sll	x19,x15,x13	 x15:0xfffff1c1 x13:0x00003200 x19=0xfffff1c1
       10505000	      1049	80000fb4	63b96993	ori	x19,x18,1595	 x18:0x00000000 x19=0x0000063b
       10515000	      1050	80000fb8	00e563b3	or	x7,x10,x14	 x10:0x00000001 x14:0xffffffc4  x7=0xffffffc5
       10525000	      1051	80000fbc	40955493	srai	x9,x10,0x9	 x10:0x00000001  x9=0x00000000
       10535000	      1052	80000fc0	01714783	lbu	x15,23(x2)	  x2:0x80008932 x15=0x000000ab PA:0x80008949
       10545000	      1053	80000fc4	72aafc13	andi	x24,x21,1834	 x21:0xffffffbd x24=0x00000728
       10555000	      1054	80000fc8	fd110483	lb	x9,-47(x2)	  x2:0x80008932  x9=0x00000016 PA:0x80008903
       10565000	      1055	80000fcc	00871193	slli	x3,x14,0x8	 x14:0xffffffc4  x3=0xffffc400
       10575000	      1056	80000fd0	01ad91b3	sll	x3,x27,x26	 x27:0x80009fc4 x26:0xffffffec  x3=0x09fc4000
       10585000	      1057	80000fd4	fe414483	lbu	x9,-28(x2)	  x2:0x80008932  x9=0x00000080 PA:0x80008916
       10595000	      1058	80000fd8	ae026593	ori	x11,x4,-1312	  x4:0x00004c6d x11=0xfffffeed
       10605000	      1059	80000fdc	00910303	lb	x6,9(x2)	  x2:0x80008932  x6=0x0000004e PA:0x8000893b
       10615000	      1060	80000fe0	fee15a83	lhu	x21,-18(x2)	  x2:0x80008932 x21=0x0000f222 PA:0x80008920
       10625000	      1061	00000000	00000013	addi	x0,x0,0	  x0:0x00000000
       10635000	      1062	80000fe4	400ad9b3	sra	x19,x21,x0	 x21:0x0000f222  x0:0x00000000 x19=0x0000f222
       10645000	      1063	80000fe8	fc0106a3	sb	x0,-51(x2)	  x2:0x80008932  x0:0x00000000 PA:0x800088ff
       10655000	      1064	80000fec	fed14c83	lbu	x25,-19(x2)	  x2:0x80008932 x25=0x000000ea PA:0x8000891f
       10665000	      1065	80000ff0	00e10683	lb	x13,14(x2)	  x2:0x80008932 x13=0xffffffcb PA:0x80008940
       10675000	      1066	80000ff4	fe0109a3	sb	x0,-13(x2)	  x2:0x80008932  x0:0x00000000 PA:0x80008925
       10685000	      1067	80000ff8	4077d813	srai	x16,x15,0x7	 x15:0x000000ab x16=0x00000001
       10695000	      1068	80000ffc	41528a33	sub	x20,x5,x21	  x5:0x0000005d x21:0x0000f222 x20=0xffff0e3b
       10705000	      1069	80001000	01a85793	srli	x15,x16,0x1a	 x16:0x00000001 x15=0x00000000
       10715000	      1070	80001004	d69f4113	xori	x2,x30,-663	 x30:0xffffffb3  x2=0x000002da
       10725000	      1071	80001008	0155f2b3	and	x5,x11,x21	 x11:0xfffffeed x21:0x0000f222  x5=0x0000f220
       10735000	      1072	8000100c	010f81b3	add	x3,x31,x16	 x31:0x00000000 x16:0x00000001  x3=0x00000001
       10745000	      1073	80001010	09b93513	sltiu	x10,x18,155	 x18:0x00000000 x10=0x00000001
       10755000	      1074	80001014	010fd733	srl	x14,x31,x16	 x31:0x00000000 x16:0x00000001 x14=0x00000000
       10765000	      1075	80001018	03415663	bge	x2,x20,80001044	  x2:0x000002da x20:0xffff0e3b
       10775000	      1076	00000000	00000013	addi	x0,x0,0	  x0:0x00000000
       10785000	      1077	80001040	00000013	addi	x0,x0,0	  x0:0x00000000
       10795000	      1078	80001044	17fba397	auipc	x7,0x17fba	  x7=0x97fbb040
       10805000	      1079	80001048	5ebf8513	addi	x10,x31,1515	 x31:0x00000000 x10=0x000005eb
       10815000	      1080	8000104c	017d4633	xor	x12,x26,x23	 x26:0xffffffec x23:0xbc33b000 x12=0x43cc4fec
       10825000	      1081	80001050	007b2eb3	slt	x29,x22,x7	 x22:0x80009f64  x7:0x97fbb040 x29=0x00000001
       10835000	      1082	80001054	008e3333	sltu	x6,x28,x8	 x28:0x80000000  x8:0x00000021  x6=0x00000000
       10845000	      1083	80001058	a8cc4b93	xori	x23,x24,-1396	 x24:0x00000728 x23=0xfffffda4
       10855000	      1084	8000105c	00f220b3	slt	x1,x4,x15	  x4:0x00004c6d x15:0x00000000  x1=0x00000000
       10865000	      1085	80001060	4055d733	sra	x14,x11,x5	 x11:0xfffffeed  x5:0x0000f220 x14=0xfffffeed
       10875000	      1086	80001064	0068ff33	and	x30,x17,x6	 x17:0x00007abf  x6:0x00000000 x30=0x00000000
       10885000	      1087	80001068	0139fbb3	and	x23,x19,x19	 x19:0x0000f222 x19:0x0000f222 x23=0x0000f222
       10895000	      1088	8000106c	057d7063	bgeu	x26,x23,800010ac	 x26:0xffffffec x23:0x0000f222
       10905000	      1089	00000000	00000013	addi	x0,x0,0	  x0:0x00000000
       10915000	      1090	800010a8	00000013	addi	x0,x0,0	  x0:0x00000000
       10925000	      1091	800010ac	00678663	beq	x15,x6,800010b8	 x15:0x00000000  x6:0x00000000
       10935000	      1092	00000000	00000013	addi	x0,x0,0	  x0:0x00000000
       10945000	      1093	800010b4	00000013	addi	x0,x0,0	  x0:0x00000000
       10955000	      1094	800010b8	019f4733	xor	x14,x30,x25	 x30:0x00000000 x25:0x000000ea x14=0x000000ea
       10965000	      1095	800010bc	01c21013	slli	x0,x4,0x1c	  x4:0x00004c6d
       10975000	      1096	800010c0	7e5d6a93	ori	x21,x26,2021	 x26:0xffffffec x21=0xffffffed
       10985000	      1097	800010c4	0302fa63	bgeu	x5,x16,800010f8	  x5:0x0000f220 x16:0x00000001
       10995000	      1098	00000000	00000013	addi	x0,x0,0	  x0:0x00000000
       11005000	      1099	800010f4	00000013	addi	x0,x0,0	  x0:0x00000000
       11015000	      1100	800010f8	07346c63	bltu	x8,x19,80001170	  x8:0x00000021 x19:0x0000f222
       11025000	      1101	00000000	00000013	addi	x0,x0,0	  x0:0x00000000
       11035000	      1102	8000116c	00000013	addi	x0,x0,0	  x0:0x00000000
       11045000	      1103	80001170	01599793	slli	x15,x19,0x15	 x19:0x0000f222 x15=0x44400000
       11055000	      1104	80001174	0013e033	or	x0,x7,x1	  x7:0x97fbb040  x1:0x00000000
       11065000	      1105	80001178	00b49193	slli	x3,x9,0xb	  x9:0x00000080  x3=0x00040000
       11075000	      1106	8000117c	0097d033	srl	x0,x15,x9	 x15:0x44400000  x9:0x00000080
       11085000	      1107	80001180	40bdd133	sra	x2,x27,x11	 x27:0x80009fc4 x11:0xfffffeed  x2=0xfffc0004
       11095000	      1108	80001184	5f5eeab7	lui	x21,0x5f5ee	 x21=0x5f5ee000
       11105000	      1109	80001188	20307613	andi	x12,x0,515	  x0:0x00000000 x12=0x00000000
       11115000	      1110	8000118c	40ec83b3	sub	x7,x25,x14	 x25:0x000000ea x14:0x000000ea  x7=0x00000000
       11125000	      1111	80001190	00000013	addi	x0,x0,0	  x0:0x00000000
       11135000	      1112	80001194	00859713	slli	x14,x11,0x8	 x11:0xfffffeed x14=0xfffeed00
       11145000	      1113	80001198	03878263	beq	x15,x24,800011bc	 x15:0x44400000 x24:0x00000728
       11155000	      1114	8000119c	65e58c13	addi	x24,x11,1630	 x11:0xfffffeed x24=0x0000054b
       11165000	      1115	800011a0	490ce693	ori	x13,x25,1168	 x25:0x000000ea x13=0x000004fa
       11175000	      1116	800011a4	0120c263	blt	x1,x18,800011a8	  x1:0x00000000 x18:0x00000000
       11185000	      1117	800011a8	74888093	addi	x1,x17,1864	 x17:0x00007abf  x1=0x00008207
       11195000	      1118	800011ac	02176263	bltu	x14,x1,800011d0	 x14:0xfffeed00  x1:0x00008207
       11205000	      1119	800011b0	25195537	lui	x10,0x25195	 x10=0x25195000
       11215000	      1120	800011b4	00000013	addi	x0,x0,0	  x0:0x00000000
       11225000	      1121	800011b8	0023c933	xor	x18,x7,x2	  x7:0x00000000  x2:0xfffc0004 x18=0xfffc0004
       11235000	      1122	800011bc	d7777693	andi	x13,x14,-649	 x14:0xfffeed00 x13=0xfffeed00
       11245000	      1123	800011c0	01245813	srli	x16,x8,0x12	  x8:0x00000021 x16=0x00000000
       11255000	      1124	800011c4	40e00033	sub	x0,x0,x14	  x0:0x00000000 x14:0xfffeed00
       11265000	      1125	800011c8	01c69813	slli	x16,x13,0x1c	 x13:0xfffeed00 x16=0x00000000
       11275000	      1126	800011cc	55157a93	andi	x21,x10,1361	 x10:0x25195000 x21=0x00000000
       11285000	      1127	800011d0	004f9a33	sll	x20,x31,x4	 x31:0x00000000  x4:0x00004c6d x20=0x00000000
       11295000	      1128	800011d4	0057e263	bltu	x15,x5,800011d8	 x15:0x44400000  x5:0x0000f220
       11305000	      1129	800011d8	01737333	and	x6,x6,x23	  x6:0x00000000 x23:0x0000f222  x6=0x00000000
       11315000	      1130	800011dc	5512aa93	slti	x21,x5,1361	  x5:0x0000f220 x21=0x00000000
       11325000	      1131	800011e0	003aacb3	slt	x25,x21,x3	 x21:0x00000000  x3:0x00040000 x25=0x00000001
       11335000	      1132	800011e4	a6d27a13	andi	x20,x4,-1427	  x4:0x00004c6d x20=0x0000486d
       11345000	      1133	800011e8	01fe1113	slli	x2,x28,0x1f	 x28:0x80000000  x2=0x00000000
       11355000	      1134	800011ec	029d3437	lui	x8,0x29d3	  x8=0x029d3000
       11365000	      1135	800011f0	007cf5b3	and	x11,x25,x7	 x25:0x00000001  x7:0x00000000 x11=0x00000000
       11375000	      1136	800011f4	9eb2f393	andi	x7,x5,-1557	  x5:0x0000f220  x7=0x0000f020
       11385000	      1137	800011f8	ae07b593	sltiu	x11,x15,-1312	 x15:0x44400000 x11=0x00000001
       11395000	      1138	800011fc	01869c63	bne	x13,x24,80001214	 x13:0xfffeed00 x24:0x0000054b
       11405000	      1139	00000000	00000013	addi	x0,x0,0	  x0:0x00000000
       11415000	      1140	80001210	00000013	addi	x0,x0,0	  x0:0x00000000
       11425000	      1141	80001214	7e4d0a93	addi	x21,x26,2020	 x26:0xffffffec x21=0x000007d0
       11435000	      1142	80001218	0023b433	sltu	x8,x7,x2	  x7:0x0000f020  x2:0x00000000  x8=0x00000000
       11445000	      1143	8000121c	016117b3	sll	x15,x2,x22	  x2:0x00000000 x22:0x80009f64 x15=0x00000000
       11455000	      1144	80001220	9e94fc93	andi	x25,x9,-1559	  x9:0x00000080 x25=0x00000080
       11465000	      1145	80001224	014e5433	srl	x8,x28,x20	 x28:0x80000000 x20:0x0000486d  x8=0x00040000
       11475000	      1146	80001228	412adc13	srai	x24,x21,0x12	 x21:0x000007d0 x24=0x00000000
       11485000	      1147	8000122c	057ef863	bgeu	x29,x23,8000127c	 x29:0x00000001 x23:0x0000f222
       11495000	      1148	80001230	00588463	beq	x17,x5,80001238	 x17:0x00007abf  x5:0x0000f220
       11505000	      1149	80001234	41fdd693	srai	x13,x27,0x1f	 x27:0x80009fc4 x13=0xffffffff
       11515000	      1150	80001238	7740f413	andi	x8,x1,1908	  x1:0x00008207  x8=0x00000204
       11525000	      1151	8000123c	00584933	xor	x18,x16,x5	 x16:0x00000000  x5:0x0000f220 x18=0x0000f220
       11535000	      1152	80001240	013c1013	slli	x0,x24,0x13	 x24:0x00000000
       11545000	      1153	80001244	0006ecb3	or	x25,x13,x0	 x13:0xffffffff  x0:0x00000000 x25=0xffffffff
       11555000	      1154	80001248	ea8dc613	xori	x12,x27,-344	 x27:0x80009fc4 x12=0x7fff616c
       11565000	      1155	8000124c	013de663	bltu	x27,x19,80001258	 x27:0x80009fc4 x19:0x0000f222
       11575000	      1156	80001250	668a6213	ori	x4,x20,1640	 x20:0x0000486d  x4=0x00004e6d
       11585000	      1157	80001254	01098433	add	x8,x19,x16	 x19:0x0000f222 x16:0x00000000  x8=0x0000f222
       11595000	      1158	80001258	fff00a13	addi	x20,x0,-1	  x0:0x00000000 x20=0xffffffff
       11605000	      1159	8000125c	0224ce63	blt	x9,x2,80001298	  x9:0x00000080  x2:0x00000000
       11615000	      1160	80001260	00c6d193	srli	x3,x13,0xc	 x13:0xffffffff  x3=0x000fffff
       11625000	      1161	80001264	00ebf233	and	x4,x23,x14	 x23:0x0000f222 x14:0xfffeed00  x4=0x0000e000
       11635000	      1162	80001268	01d8b733	sltu	x14,x17,x29	 x17:0x00007abf x29:0x00000001 x14=0x00000000
       11645000	      1163	8000126c	bc672213	slti	x4,x14,-1082	 x14:0x00000000  x4=0x00000000
       11655000	      1164	80001270	01d9b033	sltu	x0,x19,x29	 x19:0x0000f222 x29:0x00000001
       11665000	      1165	80001274	01d45513	srli	x10,x8,0x1d	  x8:0x0000f222 x10=0x00000000
       11675000	      1166	80001278	01835fb3	srl	x31,x6,x24	  x6:0x00000000 x24:0x00000000 x31=0x00000000
       11685000	      1167	8000127c	0363c263	blt	x7,x22,800012a0	  x7:0x0000f020 x22:0x80009f64
       11695000	      1168	80001280	8304f1b7	lui	x3,0x8304f	  x3=0x8304f000
       11705000	      1169	80001284	04908863	beq	x1,x9,800012d4	  x1:0x00008207  x9:0x00000080
       11715000	      1170	80001288	016502b3	add	x5,x10,x22	 x10:0x00000000 x22:0x80009f64  x5=0x80009f64
       11725000	      1171	8000128c	c5e9f893	andi	x17,x19,-930	 x19:0x0000f222 x17=0x0000f002
       11735000	      1172	80001290	2ba5b613	sltiu	x12,x11,698	 x11:0x00000001 x12=0x00000001
       11745000	      1173	80001294	df973793	sltiu	x15,x14,-519	 x14:0x00000000 x15=0x00000001
       11755000	      1174	80001298	0086d813	srli	x16,x13,0x8	 x13:0xffffffff x16=0x00ffffff
       11765000	      1175	8000129c	a5884693	xori	x13,x16,-1448	 x16:0x00ffffff x13=0xff0005a7
       11775000	      1176	800012a0	490a45b7	lui	x11,0x490a4	 x11=0x490a4000
       11785000	      1177	800012a4	02bace63	blt	x21,x11,800012e0	 x21:0x000007d0 x11:0x490a4000
       11795000	      1178	00000000	00000013	addi	x0,x0,0	  x0:0x00000000
       11805000	      1179	800012dc	00000013	addi	x0,x0,0	  x0:0x00000000
       11815000	      1180	800012e0	40110233	sub	x4,x2,x1	  x2:0x00000000  x1:0x00008207  x4=0xffff7df9
       11825000	      1181	800012e4	001a03b3	add	x7,x20,x1	 x20:0xffffffff  x1:0x00008207  x7=0x00008206
       11835000	      1182	800012e8	0336da63	bge	x13,x19,8000131c	 x13:0xff0005a7 x19:0x0000f222
       11845000	      1183	800012ec	03770e63	beq	x14,x23,80001328	 x14:0x00000000 x23:0x0000f222
       11855000	      1184	800012f0	01f39013	slli	x0,x7,0x1f	  x7:0x00008206
       11865000	      1185	800012f4	00ab9233	sll	x4,x23,x10	 x23:0x0000f222 x10:0x00000000  x4=0x0000f222
       11875000	      1186	800012f8	00fc45b3	xor	x11,x24,x15	 x24:0x00000000 x15:0x00000001 x11=0x00000001
       11885000	      1187	800012fc	ef3bb793	sltiu	x15,x23,-269	 x23:0x0000f222 x15=0x00000001
       11895000	      1188	80001300	404dd093	srai	x1,x27,0x4	 x27:0x80009fc4  x1=0xf80009fc
       11905000	      1189	80001304	05d46463	bltu	x8,x29,8000134c	  x8:0x0000f222 x29:0x00000001
       11915000	      1190	80001308	02c9ea63	bltu	x19,x12,8000133c	 x19:0x0000f222 x12:0x00000001
       11925000	      1191	8000130c	40bd5a13	srai	x20,x26,0xb	 x26:0xffffffec x20=0xffffffff
       11935000	      1192	80001310	00281893	slli	x17,x16,0x2	 x16:0x00ffffff x17=0x03fffffc
       11945000	      1193	80001314	01ad3fb3	sltu	x31,x26,x26	 x26:0xffffffec x26:0xffffffec x31=0x00000000
       11955000	      1194	80001318	408a83b3	sub	x7,x21,x8	 x21:0x000007d0  x8:0x0000f222  x7=0xffff15ae
       11965000	      1195	8000131c	02cb5e63	bge	x22,x12,80001358	 x22:0x80009f64 x12:0x00000001
       11975000	      1196	80001320	7a380693	addi	x13,x16,1955	 x16:0x00ffffff x13=0x010007a2
       11985000	      1197	80001324	00ebe1b3	or	x3,x23,x14	 x23:0x0000f222 x14:0x00000000  x3=0x0000f222
       11995000	      1198	80001328	04acd863	bge	x25,x10,80001378	 x25:0xffffffff x10:0x00000000
       12005000	      1199	8000132c	aedf7293	andi	x5,x30,-1299	 x30:0x00000000  x5=0x00000000
       12015000	      1200	80001330	011f7433	and	x8,x30,x17	 x30:0x00000000 x17:0x03fffffc  x8=0x00000000
       12025000	      1201	80001334	7333c497	auipc	x9,0x7333c	  x9=0xf333d330
       12035000	      1202	80001338	406401b3	sub	x3,x8,x6	  x8:0x00000000  x6:0x00000000  x3=0x00000000
       12045000	      1203	8000133c	382f6093	ori	x1,x30,898	 x30:0x00000000  x1=0x00000382
       12055000	      1204	80001340	00515a13	srli	x20,x2,0x5	  x2:0x00000000 x20=0x00000000
       12065000	      1205	80001344	403f04b3	sub	x9,x30,x3	 x30:0x00000000  x3:0x00000000  x9=0x00000000
       12075000	      1206	80001348	0182e663	bltu	x5,x24,80001354	  x5:0x00000000 x24:0x00000000
       12085000	      1207	8000134c	84032f13	slti	x30,x6,-1984	  x6:0x00000000 x30=0x00000000
       12095000	      1208	80001350	01981c13	slli	x24,x16,0x19	 x16:0x00ffffff x24=0xfe000000
       12105000	      1209	80001354	00000013	addi	x0,x0,0	  x0:0x00000000
       12115000	      1210	80001358	007992b3	sll	x5,x19,x7	 x19:0x0000f222  x7:0xffff15ae  x5=0x3c888000
       12125000	      1211	8000135c	01a9d593	srli	x11,x19,0x1a	 x19:0x0000f222 x11=0x00000000
       12135000	      1212	80001360	41b7dc93	srai	x25,x15,0x1b	 x15:0x00000001 x25=0x00000000
       12145000	      1213	80001364	001b3633	sltu	x12,x22,x1	 x22:0x80009f64  x1:0x00000382 x12=0x00000000
       12155000	      1214	80001368	41058433	sub	x8,x11,x16	 x11:0x00000000 x16:0x00ffffff  x8=0xff000001
       12165000	      1215	8000136c	04cc4463	blt	x24,x12,800013b4	 x24:0xfe000000 x12:0x00000000
       12175000	      1216	00000000	00000013	addi	x0,x0,0	  x0:0x00000000
       12185000	      1217	800013b0	00000013	addi	x0,x0,0	  x0:0x00000000
       12195000	      1218	800013b4	016e3233	sltu	x4,x28,x22	 x28:0x80000000 x22:0x80009f64  x4=0x00000001
       12205000	      1219	800013b8	025c6263	bltu	x24,x5,800013dc	 x24:0xfe000000  x5:0x3c888000
       12215000	      1220	800013bc	e3fee117	auipc	x2,0xe3fee	  x2=0x63fef3b8
       12225000	      1221	800013c0	00d9dc93	srli	x25,x19,0xd	 x19:0x0000f222 x25=0x00000007
       12235000	      1222	800013c4	014edb93	srli	x23,x29,0x14	 x29:0x00000001 x23=0x00000000
       12245000	      1223	800013c8	40235813	srai	x16,x6,0x2	  x6:0x00000000 x16=0x00000000
       12255000	      1224	800013cc	04f00863	beq	x0,x15,8000141c	  x0:0x00000000 x15:0x00000001
       12265000	      1225	800013d0	41afd593	srai	x11,x31,0x1a	 x31:0x00000000 x11=0x00000000
       12275000	      1226	800013d4	ccfa0f93	addi	x31,x20,-817	 x20:0x00000000 x31=0xfffffccf
       12285000	      1227	800013d8	6dcd8d13	addi	x26,x27,1756	 x27:0x80009fc4 x26=0x8000a6a0
       12295000	      1228	800013dc	01cd0eb3	add	x29,x26,x28	 x26:0x8000a6a0 x28:0x80000000 x29=0x0000a6a0
       12305000	      1229	800013e0	40f85313	srai	x6,x16,0xf	 x16:0x00000000  x6=0x00000000
       12315000	      1230	800013e4	01fc9433	sll	x8,x25,x31	 x25:0x00000007 x31:0xfffffccf  x8=0x00038000
       12325000	      1231	800013e8	02b9e663	bltu	x19,x11,80001414	 x19:0x0000f222 x11:0x00000000
       12335000	      1232	800013ec	d4215337	lui	x6,0xd4215	  x6=0xd4215000
       12345000	      1233	800013f0	01899a13	slli	x20,x19,0x18	 x19:0x0000f222 x20=0x22000000
       12355000	      1234	800013f4	40855eb3	sra	x29,x10,x8	 x10:0x00000000  x8:0x00038000 x29=0x00000000
       12365000	      1235	800013f8	02905063	bge	x0,x9,80001418	  x0:0x00000000  x9:0x00000000
       12375000	      1236	00000000	00000013	addi	x0,x0,0	  x0:0x00000000
       12385000	      1237	80001414	00000013	addi	x0,x0,0	  x0:0x00000000
       12395000	      1238	80001418	4cbaec93	ori	x25,x21,1227	 x21:0x000007d0 x25=0x000007db
       12405000	      1239	8000141c	03806263	bltu	x0,x24,80001440	  x0:0x00000000 x24:0xfe000000
       12415000	      1240	00000000	00000013	addi	x0,x0,0	  x0:0x00000000
       12425000	      1241	8000143c	00000013	addi	x0,x0,0	  x0:0x00000000
       12435000	      1242	80001440	00978263	beq	x15,x9,80001444	 x15:0x00000001  x9:0x00000000
       12445000	      1243	80001444	02ecdc63	bge	x25,x14,8000147c	 x25:0x000007db x14:0x00000000
       12455000	      1244	00000000	00000013	addi	x0,x0,0	  x0:0x00000000
       12465000	      1245	80001478	00000013	addi	x0,x0,0	  x0:0x00000000
       12475000	      1246	8000147c	01107633	and	x12,x0,x17	  x0:0x00000000 x17:0x03fffffc x12=0x00000000
       12485000	      1247	80001480	00b21c33	sll	x24,x4,x11	  x4:0x00000001 x11:0x00000000 x24=0x00000001
       12495000	      1248	80001484	01481993	slli	x19,x16,0x14	 x16:0x00000000 x19=0x00000000
       12505000	      1249	80001488	01539893	slli	x17,x7,0x15	  x7:0xffff15ae x17=0xb5c00000
       12515000	      1250	8000148c	01c799b3	sll	x19,x15,x28	 x15:0x00000001 x28:0x80000000 x19=0x00000001
       12525000	      1251	80001490	41be5133	sra	x2,x28,x27	 x28:0x80000000 x27:0x80009fc4  x2=0xf8000000
       12535000	      1252	80001494	00eeb633	sltu	x12,x29,x14	 x29:0x00000000 x14:0x00000000 x12=0x00000000
       12545000	      1253	80001498	41cbd9b3	sra	x19,x23,x28	 x23:0x00000000 x28:0x80000000 x19=0x00000000
       12555000	      1254	8000149c	01d2f733	and	x14,x5,x29	  x5:0x3c888000 x29:0x00000000 x14=0x00000000
       12565000	      1255	800014a0	01cc8733	add	x14,x25,x28	 x25:0x000007db x28:0x80000000 x14=0x800007db
       12575000	      1256	800014a4	00da1433	sll	x8,x20,x13	 x20:0x22000000 x13:0x010007a2  x8=0x88000000
       12585000	      1257	800014a8	00785cb3	srl	x25,x16,x7	 x16:0x00000000  x7:0xffff15ae x25=0x00000000
       12595000	      1258	800014ac	033d5263	bge	x26,x19,800014d0	 x26:0x8000a6a0 x19:0x00000000
       12605000	      1259	800014b0	01c59463	bne	x11,x28,800014b8	 x11:0x00000000 x28:0x80000000
       12615000	      1260	00000000	00000013	addi	x0,x0,0	  x0:0x00000000
       12625000	      1261	800014b4	00000013	addi	x0,x0,0	  x0:0x00000000
       12635000	      1262	800014b8	40e1d013	srai	x0,x3,0xe	  x3:0x00000000
       12645000	      1263	800014bc	4127d493	srai	x9,x15,0x12	 x15:0x00000001  x9=0x00000000
       12655000	      1264	800014c0	403c56b3	sra	x13,x24,x3	 x24:0x00000001  x3:0x00000000 x13=0x00000001
       12665000	      1265	800014c4	3791e917	auipc	x18,0x3791e	 x18=0xb791f4c0
       12675000	      1266	800014c8	9203f913	andi	x18,x7,-1760	  x7:0xffff15ae x18=0xffff1120
       12685000	      1267	800014cc	e2cabc97	auipc	x25,0xe2cab	 x25=0x62cac4c8
       12695000	      1268	800014d0	010e5033	srl	x0,x28,x16	 x28:0x80000000 x16:0x00000000
       12705000	      1269	800014d4	97c27893	andi	x17,x4,-1668	  x4:0x00000001 x17=0x00000000
       12715000	      1270	800014d8	01b6e463	bltu	x13,x27,800014e0	 x13:0x00000001 x27:0x80009fc4
       12725000	      1271	00000000	00000013	addi	x0,x0,0	  x0:0x00000000
       12735000	      1272	800014dc	00000013	addi	x0,x0,0	  x0:0x00000000
       12745000	      1273	800014e0	04864463	blt	x12,x8,80001528	 x12:0x00000000  x8:0x88000000
       12755000	      1274	800014e4	5ef02e93	slti	x29,x0,1519	  x0:0x00000000 x29=0x00000001
       12765000	      1275	800014e8	006552b3	srl	x5,x10,x6	 x10:0x00000000  x6:0xd4215000  x5=0x00000000
       12775000	      1276	800014ec	0345c663	blt	x11,x20,80001518	 x11:0x00000000 x20:0x22000000
       12785000	      1277	00000000	00000013	addi	x0,x0,0	  x0:0x00000000
       12795000	      1278	80001514	00000013	addi	x0,x0,0	  x0:0x00000000
       12805000	      1279	80001518	02611863	bne	x2,x6,80001548	  x2:0xf8000000  x6:0xd4215000
       12815000	      1280	00000000	00000013	addi	x0,x0,0	  x0:0x00000000
       12825000	      1281	80001544	00000013	addi	x0,x0,0	  x0:0x00000000
       12835000	      1282	80001548	0087ea33	or	x20,x15,x8	 x15:0x00000001  x8:0x88000000 x20=0x88000001
       12845000	      1283	8000154c	01e716b3	sll	x13,x14,x30	 x14:0x800007db x30:0x00000000 x13=0x800007db
       12855000	      1284	80001550	41420a33	sub	x20,x4,x20	  x4:0x00000001 x20:0x88000001 x20=0x78000000
       12865000	      1285	80001554	025d1a63	bne	x26,x5,80001588	 x26:0x8000a6a0  x5:0x00000000
       12875000	      1286	00000000	00000013	addi	x0,x0,0	  x0:0x00000000
       12885000	      1287	80001584	00000013	addi	x0,x0,0	  x0:0x00000000
       12895000	      1288	80001588	00602233	slt	x4,x0,x6	  x0:0x00000000  x6:0xd4215000  x4=0x00000000
       12905000	      1289	8000158c	41e2dbb3	sra	x23,x5,x30	  x5:0x00000000 x30:0x00000000 x23=0x00000000
       12915000	      1290	80001590	007de533	or	x10,x27,x7	 x27:0x80009fc4  x7:0xffff15ae x10=0xffff9fee
       12925000	      1291	80001594	01024bb3	xor	x23,x4,x16	  x4:0x00000000 x16:0x00000000 x23=0x00000000
       12935000	      1292	80001598	40fe57b3	sra	x15,x28,x15	 x28:0x80000000 x15:0x00000001 x15=0xc0000000
       12945000	      1293	8000159c	01ab9eb3	sll	x29,x23,x26	 x23:0x00000000 x26:0x8000a6a0 x29=0x00000000
       12955000	      1294	800015a0	00ecf663	bgeu	x25,x14,800015ac	 x25:0x62cac4c8 x14:0x800007db
       12965000	      1295	800015a4	03c01063	bne	x0,x28,800015c4	  x0:0x00000000 x28:0x80000000
       12975000	      1296	00000000	00000013	addi	x0,x0,0	  x0:0x00000000
       12985000	      1297	800015c0	00000013	addi	x0,x0,0	  x0:0x00000000
       12995000	      1298	800015c4	de743013	sltiu	x0,x8,-537	  x8:0x88000000
       13005000	      1299	800015c8	02b8f063	bgeu	x17,x11,800015e8	 x17:0x00000000 x11:0x00000000
       13015000	      1300	00000000	00000013	addi	x0,x0,0	  x0:0x00000000
       13025000	      1301	800015e4	00000013	addi	x0,x0,0	  x0:0x00000000
       13035000	      1302	800015e8	c67d3337	lui	x6,0xc67d3	  x6=0xc67d3000
       13045000	      1303	800015ec	0189f8b3	and	x17,x19,x24	 x19:0x00000000 x24:0x00000001 x17=0x00000000
       13055000	      1304	800015f0	00e8dd13	srli	x26,x17,0xe	 x17:0x00000000 x26=0x00000000
       13065000	      1305	800015f4	41af09b3	sub	x19,x30,x26	 x30:0x00000000 x26:0x00000000 x19=0x00000000
       13075000	      1306	800015f8	69acca13	xori	x20,x25,1690	 x25:0x62cac4c8 x20=0x62cac252
       13085000	      1307	800015fc	6042c213	xori	x4,x5,1540	  x5:0x00000000  x4=0x00000604
       13095000	      1308	80001600	047ae863	bltu	x21,x7,80001650	 x21:0x000007d0  x7:0xffff15ae
       13105000	      1309	00000000	00000013	addi	x0,x0,0	  x0:0x00000000
       13115000	      1310	8000164c	00000013	addi	x0,x0,0	  x0:0x00000000
       13125000	      1311	80001650	00b2de93	srli	x29,x5,0xb	  x5:0x00000000 x29=0x00000000
       13135000	      1312	80001654	00afe933	or	x18,x31,x10	 x31:0xfffffccf x10:0xffff9fee x18=0xffffffef
       13145000	      1313	80001658	5dce9fb7	lui	x31,0x5dce9	 x31=0x5dce9000
       13155000	      1314	8000165c	01abc533	xor	x10,x23,x26	 x23:0x00000000 x26:0x00000000 x10=0x00000000
       13165000	      1315	80001660	00741e93	slli	x29,x8,0x7	  x8:0x88000000 x29=0x00000000
       13175000	      1316	80001664	41ea5533	sra	x10,x20,x30	 x20:0x62cac252 x30:0x00000000 x10=0x62cac252
       13185000	      1317	80001668	00000013	addi	x0,x0,0	  x0:0x00000000
       13195000	      1318	8000166c	009e7eb3	and	x29,x28,x9	 x28:0x80000000  x9:0x00000000 x29=0x00000000
       13205000	      1319	80001670	00dd81b3	add	x3,x27,x13	 x27:0x80009fc4 x13:0x800007db  x3=0x0000a79f
       13215000	      1320	80001674	406b5ab3	sra	x21,x22,x6	 x22:0x80009f64  x6:0xc67d3000 x21=0x80009f64
       13225000	      1321	80001678	004015b3	sll	x11,x0,x4	  x0:0x00000000  x4:0x00000604 x11=0x00000000
       13235000	      1322	8000167c	010b3333	sltu	x6,x22,x16	 x22:0x80009f64 x16:0x00000000  x6=0x00000000
       13245000	      1323	80001680	00f11c93	slli	x25,x2,0xf	  x2:0xf8000000 x25=0x00000000
       13255000	      1324	80001684	00d39413	slli	x8,x7,0xd	  x7:0xffff15ae  x8=0xe2b5c000
       13265000	      1325	80001688	0014e8b3	or	x17,x9,x1	  x9:0x00000000  x1:0x00000382 x17=0x00000382
       13275000	      1326	8000168c	72cb0a13	addi	x20,x22,1836	 x22:0x80009f64 x20=0x8000a690
       13285000	      1327	80001690	a0597713	andi	x14,x18,-1531	 x18:0xffffffef x14=0xfffffa05
       13295000	      1328	80001694	009d39b3	sltu	x19,x26,x9	 x26:0x00000000  x9:0x00000000 x19=0x00000000
       13305000	      1329	80001698	00000013	addi	x0,x0,0	  x0:0x00000000
       13315000	      1330	8000169c	01171333	sll	x6,x14,x17	 x14:0xfffffa05 x17:0x00000382  x6=0xffffe814
       13325000	      1331	800016a0	8705a493	slti	x9,x11,-1936	 x11:0x00000000  x9=0x00000000
       13335000	      1332	800016a4	03864c63	blt	x12,x24,800016dc	 x12:0x00000000 x24:0x00000001
       13345000	      1333	00000000	00000013	addi	x0,x0,0	  x0:0x00000000
       13355000	      1334	800016d8	00000013	addi	x0,x0,0	  x0:0x00000000
       13365000	      1335	800016dc	4c557d13	andi	x26,x10,1221	 x10:0x62cac252 x26=0x00000040
       13375000	      1336	800016e0	41005493	srai	x9,x0,0x10	  x0:0x00000000  x9=0x00000000
       13385000	      1337	800016e4	411a54b3	sra	x9,x20,x17	 x20:0x8000a690 x17:0x00000382  x9=0xe00029a4
       13395000	      1338	800016e8	99e44413	xori	x8,x8,-1634	  x8:0xe2b5c000  x8=0x1d4a399e
       13405000	      1339	800016ec	01d887b3	add	x15,x17,x29	 x17:0x00000382 x29:0x00000000 x15=0x00000382
       13415000	      1340	800016f0	414c5c13	srai	x24,x24,0x14	 x24:0x00000001 x24=0x00000000
       13425000	      1341	800016f4	031b5e63	bge	x22,x17,80001730	 x22:0x80009f64 x17:0x00000382
       13435000	      1342	800016f8	94a6bf13	sltiu	x30,x13,-1718	 x13:0x800007db x30=0x00000001
       13445000	      1343	800016fc	01569fb3	sll	x31,x13,x21	 x13:0x800007db x21:0x80009f64 x31=0x00007db0
       13455000	      1344	80001700	00247663	bgeu	x8,x2,8000170c	  x8:0x1d4a399e  x2:0xf8000000
       13465000	      1345	80001704	40f506b3	sub	x13,x10,x15	 x10:0x62cac252 x15:0x00000382 x13=0x62cabed0
       13475000	      1346	80001708	40a48a33	sub	x20,x9,x10	  x9:0xe00029a4 x10:0x62cac252 x20=0x7d356752
       13485000	      1347	8000170c	bdb7f193	andi	x3,x15,-1061	 x15:0x00000382  x3=0x00000382
       13495000	      1348	80001710	41c80f33	sub	x30,x16,x28	 x16:0x00000000 x28:0x80000000 x30=0x80000000
       13505000	      1349	80001714	402c5f93	srai	x31,x24,0x2	 x24:0x00000000 x31=0x00000000
       13515000	      1350	80001718	ee8fad13	slti	x26,x31,-280	 x31:0x00000000 x26=0x00000000
       13525000	      1351	8000171c	4061d0b3	sra	x1,x3,x6	  x3:0x00000382  x6:0xffffe814  x1=0x00000000
       13535000	      1352	80001720	c4d43393	sltiu	x7,x8,-947	  x8:0x1d4a399e  x7=0x00000001
       13545000	      1353	80001724	36f18a93	addi	x21,x3,879	  x3:0x00000382 x21=0x000006f1
       13555000	      1354	80001728	004c20b3	slt	x1,x24,x4	 x24:0x00000000  x4:0x00000604  x1=0x00000001
       13565000	      1355	8000172c	00840933	add	x18,x8,x8	  x8:0x1d4a399e  x8:0x1d4a399e x18=0x3a94733c
       13575000	      1356	80001730	0121f933	and	x18,x3,x18	  x3:0x00000382 x18:0x3a94733c x18=0x00000300
       13585000	      1357	80001734	015bd9b3	srl	x19,x23,x21	 x23:0x00000000 x21:0x000006f1 x19=0x00000000
       13595000	      1358	80001738	d1a7cc13	xori	x24,x15,-742	 x15:0x00000382 x24=0xfffffe98
       13605000	      1359	8000173c	038a0663	beq	x20,x24,80001768	 x20:0x7d356752 x24:0xfffffe98
       13615000	      1360	80001740	05ec9463	bne	x25,x30,80001788	 x25:0x00000000 x30:0x80000000
       13625000	      1361	00000000	00000013	addi	x0,x0,0	  x0:0x00000000
       13635000	      1362	80001784	00000013	addi	x0,x0,0	  x0:0x00000000
       13645000	      1363	80001788	0099ceb3	xor	x29,x19,x9	 x19:0x00000000  x9:0xe00029a4 x29=0xe00029a4
       13655000	      1364	8000178c	412f5433	sra	x8,x30,x18	 x30:0x80000000 x18:0x00000300  x8=0x80000000
       13665000	      1365	80001790	013836b3	sltu	x13,x16,x19	 x16:0x00000000 x19:0x00000000 x13=0x00000000
       13675000	      1366	80001794	ae0c0993	addi	x19,x24,-1312	 x24:0xfffffe98 x19=0xfffff978
       13685000	      1367	80001798	00f82f33	slt	x30,x16,x15	 x16:0x00000000 x15:0x00000382 x30=0x00000001
       13695000	      1368	8000179c	01236a33	or	x20,x6,x18	  x6:0xffffe814 x18:0x00000300 x20=0xffffeb14
       13705000	      1369	800017a0	01d953b3	srl	x7,x18,x29	 x18:0x00000300 x29:0xe00029a4  x7=0x00000030
       13715000	      1370	800017a4	00a23637	lui	x12,0xa23	 x12=0x00a23000
       13725000	      1371	800017a8	01601463	bne	x0,x22,800017b0	  x0:0x00000000 x22:0x80009f64
       13735000	      1372	00000000	00000013	addi	x0,x0,0	  x0:0x00000000
       13745000	      1373	800017ac	00000013	addi	x0,x0,0	  x0:0x00000000
       13755000	      1374	800017b0	00481c63	bne	x16,x4,800017c8	 x16:0x00000000  x4:0x00000604
       13765000	      1375	00000000	00000013	addi	x0,x0,0	  x0:0x00000000
       13775000	      1376	800017c4	00000013	addi	x0,x0,0	  x0:0x00000000
       13785000	      1377	800017c8	004e5593	srli	x11,x28,0x4	 x28:0x80000000 x11=0x08000000
       13795000	      1378	800017cc	b041b493	sltiu	x9,x3,-1276	  x3:0x00000382  x9=0x00000001
       13805000	      1379	800017d0	015c9663	bne	x25,x21,800017dc	 x25:0x00000000 x21:0x000006f1
       13815000	      1380	00000000	00000013	addi	x0,x0,0	  x0:0x00000000
       13825000	      1381	800017d8	00000013	addi	x0,x0,0	  x0:0x00000000
       13835000	      1382	800017dc	007804b3	add	x9,x16,x7	 x16:0x00000000  x7:0x00000030  x9=0x00000030
       13845000	      1383	800017e0	004b2783	lw	x15,4(x22)	 x22:0x80009f64 x15=0x800004f4 PA:0x80009f68
       13855000	      1384	800017e4	a9d4e893	ori	x17,x9,-1379	  x9:0x00000030 x17=0xfffffabd
       13865000	      1385	800017e8	020b0b13	addi	x22,x22,32	 x22:0x80009f64 x22=0x80009f84
       13875000	      1386	800017ec	55dd7693	andi	x13,x26,1373	 x26:0x00000000 x13=0x00000000
       13885000	      1387	800017f0	01390cb3	add	x25,x18,x19	 x18:0x00000300 x19:0xfffff978 x25=0xfffffc78
       13895000	      1388	800017f4	00078613	addi	x12,x15,0	 x15:0x800004f4 x12=0x800004f4
       13905000	      1389	800017f8	00060667	jalr	x12,x12,0	 x12:0x800004f4 x12=0x800017f8
       13915000	      1390	00000000	00000013	addi	x0,x0,0	  x0:0x00000000
       13925000	      1391	800004f4	00000013	addi	x0,x0,0	  x0:0x00000000
       13935000	      1392	800004f8	0068cfb3	xor	x31,x17,x6	 x17:0xfffffabd  x6:0xffffe814 x31=0x000012a9
       13945000	      1393	800004fc	03ceea63	bltu	x29,x28,80000530	 x29:0xe00029a4 x28:0x80000000
       13955000	      1394	80000500	034cc863	blt	x25,x20,80000530	 x25:0xfffffc78 x20:0xffffeb14
       13965000	      1395	80000504	00a09333	sll	x6,x1,x10	  x1:0x00000001 x10:0x62cac252  x6=0x00040000
       13975000	      1396	80000508	01f66a63	bltu	x12,x31,8000051c	 x12:0x800017f8 x31:0x000012a9
       13985000	      1397	8000050c	a37ef613	andi	x12,x29,-1481	 x29:0xe00029a4 x12=0xe0002824
       13995000	      1398	80000510	0178de93	srli	x29,x17,0x17	 x17:0xfffffabd x29=0x000001ff
       14005000	      1399	80000514	99b09c37	lui	x24,0x99b09	 x24=0x99b09000
       14015000	      1400	80000518	005ed313	srli	x6,x29,0x5	 x29:0x000001ff  x6=0x0000000f
       14025000	      1401	8000051c	40a68bb3	sub	x23,x13,x10	 x13:0x00000000 x10:0x62cac252 x23=0x9d353dae
       14035000	      1402	80000520	01d95ab3	srl	x21,x18,x29	 x18:0x00000300 x29:0x000001ff x21=0x00000000
       14045000	      1403	80000524	04381663	bne	x16,x3,80000570	 x16:0x00000000  x3:0x00000382
       14055000	      1404	00000000	00000013	addi	x0,x0,0	  x0:0x00000000
       14065000	      1405	8000056c	00000013	addi	x0,x0,0	  x0:0x00000000
       14075000	      1406	80000570	00ee76b3	and	x13,x28,x14	 x28:0x80000000 x14:0xfffffa05 x13=0x80000000
       14085000	      1407	80000574	01f8b933	sltu	x18,x17,x31	 x17:0xfffffabd x31:0x000012a9 x18=0x00000000
       14095000	      1408	80000578	405d5633	sra	x12,x26,x5	 x26:0x00000000  x5:0x00000000 x12=0x00000000
       14105000	      1409	8000057c	3825e593	ori	x11,x11,898	 x11:0x08000000 x11=0x08000382
       14115000	      1410	80000580	0193cbb3	xor	x23,x7,x25	  x7:0x00000030 x25:0xfffffc78 x23=0xfffffc48
       14125000	      1411	80000584	01b08bb3	add	x23,x1,x27	  x1:0x00000001 x27:0x80009fc4 x23=0x80009fc5
       14135000	      1412	80000588	01f8f133	and	x2,x17,x31	 x17:0xfffffabd x31:0x000012a9  x2=0x000012a9
       14145000	      1413	8000058c	014c1b93	slli	x23,x24,0x14	 x24:0x99b09000 x23=0x00000000
       14155000	      1414	80000590	02a9d463	bge	x19,x10,800005b8	 x19:0xfffff978 x10:0x62cac252
       14165000	      1415	80000594	5bf25bb7	lui	x23,0x5bf25	 x23=0x5bf25000
       14175000	      1416	80000598	037a5663	bge	x20,x23,800005c4	 x20:0xffffeb14 x23:0x5bf25000
       14185000	      1417	8000059c	92258413	addi	x8,x11,-1758	 x11:0x08000382  x8=0x07fffca4
       14195000	      1418	800005a0	64de0493	addi	x9,x28,1613	 x28:0x80000000  x9=0x8000064d
       14205000	      1419	800005a4	81e57a13	andi	x20,x10,-2018	 x10:0x62cac252 x20=0x62cac012
       14215000	      1420	800005a8	413dd333	sra	x6,x27,x19	 x27:0x80009fc4 x19:0xfffff978  x6=0xffffff80
       14225000	      1421	800005ac	01f60863	beq	x12,x31,800005bc	 x12:0x00000000 x31:0x000012a9
       14235000	      1422	800005b0	00000013	addi	x0,x0,0	  x0:0x00000000
       14245000	      1423	800005b4	8f014993	xori	x19,x2,-1808	  x2:0x000012a9 x19=0xffffea59
       14255000	      1424	800005b8	00a9e663	bltu	x19,x10,800005c4	 x19:0xffffea59 x10:0x62cac252
       14265000	      1425	800005bc	01670333	add	x6,x14,x22	 x14:0xfffffa05 x22:0x80009f84  x6=0x80009989
       14275000	      1426	800005c0	0d74cb93	xori	x23,x9,215	  x9:0x8000064d x23=0x8000069a
       14285000	      1427	800005c4	10f2ea93	ori	x21,x5,271	  x5:0x00000000 x21=0x0000010f
       14295000	      1428	800005c8	008e1893	slli	x17,x28,0x8	 x28:0x80000000 x17=0x00000000
       14305000	      1429	800005cc	7f16d217	auipc	x4,0x7f16d	  x4=0xff16d5c8
       14315000	      1430	800005d0	01cdabb3	slt	x23,x27,x28	 x27:0x80009fc4 x28:0x80000000 x23=0x00000000
       14325000	      1431	800005d4	01cf8e63	beq	x31,x28,800005f0	 x31:0x000012a9 x28:0x80000000
       14335000	      1432	800005d8	4029d413	srai	x8,x19,0x2	 x19:0xffffea59  x8=0xfffffa96
       14345000	      1433	800005dc	41145e93	srai	x29,x8,0x11	  x8:0xfffffa96 x29=0xffffffff
       14355000	      1434	800005e0	a656a217	auipc	x4,0xa656a	  x4=0x2656a5dc
       14365000	      1435	800005e4	41bb5893	srai	x17,x22,0x1b	 x22:0x80009f84 x17=0xfffffff0
       14375000	      1436	800005e8	0149f4b3	and	x9,x19,x20	 x19:0xffffea59 x20:0x62cac012  x9=0x62cac010
       14385000	      1437	800005ec	494a7513	andi	x10,x20,1172	 x20:0x62cac012 x10=0x00000010
       14395000	      1438	800005f0	41575513	srai	x10,x14,0x15	 x14:0xfffffa05 x10=0xffffffff
       14405000	      1439	800005f4	00289193	slli	x3,x17,0x2	 x17:0xfffffff0  x3=0xffffffc0
       14415000	      1440	800005f8	01efca63	blt	x31,x30,8000060c	 x31:0x000012a9 x30:0x00000001
       14425000	      1441	800005fc	6edcf613	andi	x12,x25,1773	 x25:0xfffffc78 x12=0x00000468
       14435000	      1442	80000600	004d9733	sll	x14,x27,x4	 x27:0x80009fc4  x4:0x2656a5dc x14=0x40000000
       14445000	      1443	80000604	05f97263	bgeu	x18,x31,80000648	 x18:0x00000000 x31:0x000012a9
       14455000	      1444	80000608	410c03b3	sub	x7,x24,x16	 x24:0x99b09000 x16:0x00000000  x7=0x99b09000
       14465000	      1445	8000060c	d6138237	lui	x4,0xd6138	  x4=0xd6138000
       14475000	      1446	80000610	04790063	beq	x18,x7,80000650	 x18:0x00000000  x7:0x99b09000
       14485000	      1447	80000614	7d1a0a93	addi	x21,x20,2001	 x20:0x62cac012 x21=0x62cac7e3
       14495000	      1448	80000618	411104b3	sub	x9,x2,x17	  x2:0x000012a9 x17:0xfffffff0  x9=0x000012b9
       14505000	      1449	8000061c	53848393	addi	x7,x9,1336	  x9:0x000012b9  x7=0x000017f1
       14515000	      1450	80000620	41d8d613	srai	x12,x17,0x1d	 x17:0xfffffff0 x12=0xffffffff
       14525000	      1451	80000624	025d8463	beq	x27,x5,8000064c	 x27:0x80009fc4  x5:0x00000000
       14535000	      1452	80000628	103ee037	lui	x0,0x103ee	
       14545000	      1453	8000062c	d10b0d13	addi	x26,x22,-752	 x22:0x80009f84 x26=0x80009c94
       14555000	      1454	80000630	05754263	blt	x10,x23,80000674	 x10:0xffffffff x23:0x00000000
       14565000	      1455	00000000	00000013	addi	x0,x0,0	  x0:0x00000000
       14575000	      1456	80000670	00000013	addi	x0,x0,0	  x0:0x00000000
       14585000	      1457	80000674	012627b3	slt	x15,x12,x18	 x12:0xffffffff x18:0x00000000 x15=0x00000001
       14595000	      1458	80000678	0066d533	srl	x10,x13,x6	 x13:0x80000000  x6:0x80009989 x10=0x00400000
       14605000	      1459	8000067c	a126c893	xori	x17,x13,-1518	 x13:0x80000000 x17=0x7ffffa12
       14615000	      1460	80000680	eb28f213	andi	x4,x17,-334	 x17:0x7ffffa12  x4=0x7ffffa12
       14625000	      1461	80000684	006a9d13	slli	x26,x21,0x6	 x21:0x62cac7e3 x26=0xb2b1f8c0
       14635000	      1462	80000688	01a861b3	or	x3,x16,x26	 x16:0x00000000 x26:0xb2b1f8c0  x3=0xb2b1f8c0
       14645000	      1463	8000068c	009374b3	and	x9,x6,x9	  x6:0x80009989  x9:0x000012b9  x9=0x00001089
       14655000	      1464	80000690	01cdca63	blt	x27,x28,800006a4	 x27:0x80009fc4 x28:0x80000000
       14665000	      1465	80000694	41260cb3	sub	x25,x12,x18	 x12:0xffffffff x18:0x00000000 x25=0xffffffff
       14675000	      1466	80000698	001d9863	bne	x27,x1,800006a8	 x27:0x80009fc4  x1:0x00000001
       14685000	      1467	00000000	00000013	addi	x0,x0,0	  x0:0x00000000
       14695000	      1468	800006a4	00000013	addi	x0,x0,0	  x0:0x00000000
       14705000	      1469	800006a8	41acd913	srai	x18,x25,0x1a	 x25:0xffffffff x18=0xffffffff
       14715000	      1470	800006ac	79468013	addi	x0,x13,1940	 x13:0x80000000
       14725000	      1471	800006b0	04c59263	bne	x11,x12,800006f4	 x11:0x08000382 x12:0xffffffff
       14735000	      1472	00000000	00000013	addi	x0,x0,0	  x0:0x00000000
       14745000	      1473	800006f0	00000013	addi	x0,x0,0	  x0:0x00000000
       14755000	      1474	800006f4	4bb97993	andi	x19,x18,1211	 x18:0xffffffff x19=0x000004bb
       14765000	      1475	800006f8	09149263	bne	x9,x17,8000077c	  x9:0x00001089 x17:0x7ffffa12
       14775000	      1476	00000000	00000013	addi	x0,x0,0	  x0:0x00000000
       14785000	      1477	80000778	00000013	addi	x0,x0,0	  x0:0x00000000
       14795000	      1478	8000077c	41bada33	sra	x20,x21,x27	 x21:0x62cac7e3 x27:0x80009fc4 x20=0x062cac7e
       14805000	      1479	80000780	0df87017	auipc	x0,0xdf87	
       14815000	      1480	80000784	010691b3	sll	x3,x13,x16	 x13:0x80000000 x16:0x00000000  x3=0x80000000
       14825000	      1481	80000788	0093ef33	or	x30,x7,x9	  x7:0x000017f1  x9:0x00001089 x30=0x000017f9
       14835000	      1482	8000078c	00752213	slti	x4,x10,7	 x10:0x00400000  x4=0x00000000
       14845000	      1483	80000790	0a3b4a93	xori	x21,x22,163	 x22:0x80009f84 x21=0x80009f27
       14855000	      1484	80000794	03eac863	blt	x21,x30,800007c4	 x21:0x80009f27 x30:0x000017f9
       14865000	      1485	00000000	00000013	addi	x0,x0,0	  x0:0x00000000
       14875000	      1486	800007c0	00000013	addi	x0,x0,0	  x0:0x00000000
       14885000	      1487	800007c4	41b4d0b3	sra	x1,x9,x27	  x9:0x00001089 x27:0x80009fc4  x1=0x00000108
       14895000	      1488	800007c8	00f0beb3	sltu	x29,x1,x15	  x1:0x00000108 x15:0x00000001 x29=0x00000000
       14905000	      1489	800007cc	05dd1863	bne	x26,x29,8000081c	 x26:0xb2b1f8c0 x29:0x00000000
       14915000	      1490	00000000	00000013	addi	x0,x0,0	  x0:0x00000000
       14925000	      1491	80000818	00000013	addi	x0,x0,0	  x0:0x00000000
       14935000	      1492	8000081c	7bf99497	auipc	x9,0x7bf99	  x9=0xfbf99818
       14945000	      1493	80000820	00905733	srl	x14,x0,x9	  x0:0x00000000  x9:0xfbf99818 x14=0x00000000
       14955000	      1494	80000824	00d84333	xor	x6,x16,x13	 x16:0x00000000 x13:0x80000000  x6=0x80000000
       14965000	      1495	80000828	00000013	addi	x0,x0,0	  x0:0x00000000
       14975000	      1496	8000082c	00baf8b3	and	x17,x21,x11	 x21:0x80009f27 x11:0x08000382 x17=0x00000302
       14985000	      1497	80000830	22ef0313	addi	x6,x30,558	 x30:0x000017f9  x6=0x00001a27
       14995000	      1498	80000834	00e55e63	bge	x10,x14,80000850	 x10:0x00400000 x14:0x00000000
       15005000	      1499	00000000	00000013	addi	x0,x0,0	  x0:0x00000000
       15015000	      1500	8000084c	00000013	addi	x0,x0,0	  x0:0x00000000
       15025000	      1501	80000850	759bc593	xori	x11,x23,1881	 x23:0x00000000 x11=0x00000759
       15035000	      1502	80000854	03469e63	bne	x13,x20,80000890	 x13:0x80000000 x20:0x062cac7e
       15045000	      1503	00000000	00000013	addi	x0,x0,0	  x0:0x00000000
       15055000	      1504	8000088c	00000013	addi	x0,x0,0	  x0:0x00000000
       15065000	      1505	80000890	035c1263	bne	x24,x21,800008b4	 x24:0x99b09000 x21:0x80009f27
       15075000	      1506	00000000	00000013	addi	x0,x0,0	  x0:0x00000000
       15085000	      1507	800008b0	00000013	addi	x0,x0,0	  x0:0x00000000
       15095000	      1508	800008b4	ae9eb693	sltiu	x13,x29,-1303	 x29:0x00000000 x13=0x00000001
       15105000	      1509	800008b8	01b76133	or	x2,x14,x27	 x14:0x00000000 x27:0x80009fc4  x2=0x80009fc4
       15115000	      1510	800008bc	8638ff13	andi	x30,x17,-1949	 x17:0x00000302 x30=0x00000002
       15125000	      1511	800008c0	e21af417	auipc	x8,0xe21af	  x8=0x621af8bc
       15135000	      1512	800008c4	f4086113	ori	x2,x16,-192	 x16:0x00000000  x2=0xffffff40
       15145000	      1513	800008c8	4fc2c393	xori	x7,x5,1276	  x5:0x00000000  x7=0x000004fc
       15155000	      1514	800008cc	f55dbb93	sltiu	x23,x27,-171	 x27:0x80009fc4 x23=0x00000001
       15165000	      1515	800008d0	1f342093	slti	x1,x8,499	  x8:0x621af8bc  x1=0x00000000
       15175000	      1516	800008d4	bce60893	addi	x17,x12,-1074	 x12:0xffffffff x17=0xfffffbcd
       15185000	      1517	800008d8	0110e433	or	x8,x1,x17	  x1:0x00000000 x17:0xfffffbcd  x8=0xfffffbcd
       15195000	      1518	800008dc	01975113	srli	x2,x14,0x19	 x14:0x00000000  x2=0x00000000
       15205000	      1519	800008e0	12e7ad37	lui	x26,0x12e7a	 x26=0x12e7a000
       15215000	      1520	800008e4	03c05663	bge	x0,x28,80000910	  x0:0x00000000 x28:0x80000000
       15225000	      1521	00000000	00000013	addi	x0,x0,0	  x0:0x00000000
       15235000	      1522	8000090c	00000013	addi	x0,x0,0	  x0:0x00000000
       15245000	      1523	80000910	b2b94193	xori	x3,x18,-1237	 x18:0xffffffff  x3=0x000004d4
       15255000	      1524	80000914	4000d633	sra	x12,x1,x0	  x1:0x00000000  x0:0x00000000 x12=0x00000000
       15265000	      1525	80000918	035d9a63	bne	x27,x21,8000094c	 x27:0x80009fc4 x21:0x80009f27
       15275000	      1526	00000000	00000013	addi	x0,x0,0	  x0:0x00000000
       15285000	      1527	80000948	00000013	addi	x0,x0,0	  x0:0x00000000
       15295000	      1528	8000094c	00000013	addi	x0,x0,0	  x0:0x00000000
       15305000	      1529	80000950	01255093	srli	x1,x10,0x12	 x10:0x00400000  x1=0x00000010
       15315000	      1530	80000954	8fd16c93	ori	x25,x2,-1795	  x2:0x00000000 x25=0xfffff8fd
       15325000	      1531	80000958	00851a63	bne	x10,x8,8000096c	 x10:0x00400000  x8:0xfffffbcd
       15335000	      1532	00000000	00000013	addi	x0,x0,0	  x0:0x00000000
       15345000	      1533	80000968	00000013	addi	x0,x0,0	  x0:0x00000000
       15355000	      1534	8000096c	eff34f97	auipc	x31,0xeff34	 x31=0x6ff34968
       15365000	      1535	80000970	00000e17	auipc	x28,0x0	 x28=0x8000096c
       15375000	      1536	80000974	00ce0e13	addi	x28,x28,12	 x28:0x8000096c x28=0x80000978
       15385000	      1537	80000978	000e0067	jalr	x0,x28,0	 x28:0x80000978
       15395000	      1538	00000000	00000013	addi	x0,x0,0	  x0:0x00000000
       15405000	      1539	80000978	00000013	addi	x0,x0,0	  x0:0x00000000
       15415000	      1540	8000097c	00100193	addi	x3,x0,1	  x0:0x00000000  x3=0x00000001
       15425000	      1541	80000980	00000073	ecall	
       15435000	      1542	80000984	00e8d463	bge	x17,x14,8000098c	 x17:0xfffffbcd x14:0x00000000
