		Time			Cycle	PC		Insn	Decoded instruction	Register and memory contents
          65000	         5	80000004	00000293	addi	x5,x0,0	  x0:0x00000000  x5=0x00000000
          75000	         6	80000008	00000313	addi	x6,x0,0	  x0:0x00000000  x6=0x00000000
          85000	         7	8000000c	00628263	beq	x5,x6,80000010	  x5:0x00000000  x6:0x00000000
          95000	         8	00000000	00000013	addi	x0,x0,0	  x0:0x00000000
         105000	         9	8000000c	00000013	addi	x0,x0,0	  x0:0x00000000
         115000	        10	80000010	00000097	auipc	x1,0x0	  x1=0x8000000c
         125000	        11	80000014	00c08093	addi	x1,x1,12	  x1:0x8000000c  x1=0x80000018
         135000	        12	80000018	00008067	jalr	x0,x1,0	  x1:0x80000018
         145000	        13	00000000	00000013	addi	x0,x0,0	  x0:0x00000000
         155000	        14	80000018	00000013	addi	x0,x0,0	  x0:0x00000000
         165000	        15	8000001c	40000db7	lui	x27,0x40000	 x27=0x40000000
         175000	        16	80000020	100d8d93	addi	x27,x27,256	 x27:0x40000000 x27=0x40000100
         185000	        17	80000024	00000013	addi	x0,x0,0	  x0:0x00000000
         195000	        18	80000028	0000a697	auipc	x13,0xa	 x13=0x8000a024
         205000	        19	8000002c	fa068693	addi	x13,x13,-96	 x13:0x8000a024 x13=0x80009fc4
         215000	        20	80000030	00002d97	auipc	x27,0x2	 x27=0x8000202c
         225000	        21	80000034	764d8d93	addi	x27,x27,1892	 x27:0x8000202c x27=0x80002790
         235000	        22	80000038	001ded93	ori	x27,x27,1	 x27:0x80002790 x27=0x80002791
         245000	        23	8000003c	00000013	addi	x0,x0,0	  x0:0x00000000
         255000	        24	80000040	00000d97	auipc	x27,0x0	 x27=0x8000003c
         265000	        25	80000044	020d8d93	addi	x27,x27,32	 x27:0x8000003c x27=0x8000005c
         275000	        26	80000048	00000013	addi	x0,x0,0	  x0:0x00000000
         285000	        27	8000004c	00000013	addi	x0,x0,0	  x0:0x00000000
         295000	        28	80000050	00002db7	lui	x27,0x2	 x27=0x00002000
         305000	        29	80000054	800d8d93	addi	x27,x27,-2048	 x27:0x00002000 x27=0x00001800
         315000	        30	80000058	00000013	addi	x0,x0,0	  x0:0x00000000
         325000	        31	8000005c	00000013	addi	x0,x0,0	  x0:0x00000000
         335000	        32	80000060	767b7037	lui	x0,0x767b7	
         345000	        33	80000064	c5900013	addi	x0,x0,-935	  x0:0x00000000
         355000	        34	80000068	00800093	addi	x1,x0,8	  x0:0x00000000  x1=0x00000008
         365000	        35	8000006c	00000113	addi	x2,x0,0	  x0:0x00000000  x2=0x00000000
         375000	        36	80000070	f6b511b7	lui	x3,0xf6b51	  x3=0xf6b51000
         385000	        37	80000074	ffd18193	addi	x3,x3,-3	  x3:0xf6b51000  x3=0xf6b50ffd
         395000	        38	80000078	d5699237	lui	x4,0xd5699	  x4=0xd5699000
         405000	        39	8000007c	65720213	addi	x4,x4,1623	  x4:0xd5699000  x4=0xd5699657
         415000	        40	80000080	fdd992b7	lui	x5,0xfdd99	  x5=0xfdd99000
         425000	        41	80000084	e8228293	addi	x5,x5,-382	  x5:0xfdd99000  x5=0xfdd98e82
         435000	        42	80000088	f85ba337	lui	x6,0xf85ba	  x6=0xf85ba000
         445000	        43	8000008c	8c730313	addi	x6,x6,-1849	  x6:0xf85ba000  x6=0xf85b98c7
         455000	        44	80000090	800003b7	lui	x7,0x80000	  x7=0x80000000
         465000	        45	80000094	00b00413	addi	x8,x0,11	  x0:0x00000000  x8=0x0000000b
         475000	        46	80000098	224754b7	lui	x9,0x22475	  x9=0x22475000
         485000	        47	8000009c	39148493	addi	x9,x9,913	  x9:0x22475000  x9=0x22475391
         495000	        48	800000a0	a736e537	lui	x10,0xa736e	 x10=0xa736e000
         505000	        49	800000a4	a7750513	addi	x10,x10,-1417	 x10:0xa736e000 x10=0xa736da77
         515000	        50	800000a8	4d3605b7	lui	x11,0x4d360	 x11=0x4d360000
         525000	        51	800000ac	e4058593	addi	x11,x11,-448	 x11:0x4d360000 x11=0x4d35fe40
         535000	        52	800000b0	00000613	addi	x12,x0,0	  x0:0x00000000 x12=0x00000000
         545000	        53	800000b4	80000737	lui	x14,0x80000	 x14=0x80000000
         555000	        54	800000b8	00200793	addi	x15,x0,2	  x0:0x00000000 x15=0x00000002
         565000	        55	800000bc	fd1fc837	lui	x16,0xfd1fc	 x16=0xfd1fc000
         575000	        56	800000c0	bde80813	addi	x16,x16,-1058	 x16:0xfd1fc000 x16=0xfd1fbbde
         585000	        57	800000c4	c0b788b7	lui	x17,0xc0b78	 x17=0xc0b78000
         595000	        58	800000c8	32588893	addi	x17,x17,805	 x17:0xc0b78000 x17=0xc0b78325
         605000	        59	800000cc	00000913	addi	x18,x0,0	  x0:0x00000000 x18=0x00000000
         615000	        60	800000d0	5a0bd9b7	lui	x19,0x5a0bd	 x19=0x5a0bd000
         625000	        61	800000d4	b5698993	addi	x19,x19,-1194	 x19:0x5a0bd000 x19=0x5a0bcb56
         635000	        62	800000d8	00c00a13	addi	x20,x0,12	  x0:0x00000000 x20=0x0000000c
         645000	        63	800000dc	2ef07b37	lui	x22,0x2ef07	 x22=0x2ef07000
         655000	        64	800000e0	33eb0b13	addi	x22,x22,830	 x22:0x2ef07000 x22=0x2ef0733e
         665000	        65	800000e4	00000b93	addi	x23,x0,0	  x0:0x00000000 x23=0x00000000
         675000	        66	800000e8	f718ac37	lui	x24,0xf718a	 x24=0xf718a000
         685000	        67	800000ec	322c0c13	addi	x24,x24,802	 x24:0xf718a000 x24=0xf718a322
         695000	        68	800000f0	f4113cb7	lui	x25,0xf4113	 x25=0xf4113000
         705000	        69	800000f4	f2ec8c93	addi	x25,x25,-210	 x25:0xf4113000 x25=0xf4112f2e
         715000	        70	800000f8	00000d13	addi	x26,x0,0	  x0:0x00000000 x26=0x00000000
         725000	        71	800000fc	fa5d2db7	lui	x27,0xfa5d2	 x27=0xfa5d2000
         735000	        72	80000100	b18d8d93	addi	x27,x27,-1256	 x27:0xfa5d2000 x27=0xfa5d1b18
         745000	        73	80000104	80000e37	lui	x28,0x80000	 x28=0x80000000
         755000	        74	80000108	80000eb7	lui	x29,0x80000	 x29=0x80000000
         765000	        75	8000010c	7ba08f37	lui	x30,0x7ba08	 x30=0x7ba08000
         775000	        76	80000110	431f0f13	addi	x30,x30,1073	 x30:0x7ba08000 x30=0x7ba08431
         785000	        77	80000114	00000f93	addi	x31,x0,0	  x0:0x00000000 x31=0x00000000
         795000	        78	80000118	0000aa97	auipc	x21,0xa	 x21=0x8000a114
         805000	        79	8000011c	e70a8a93	addi	x21,x21,-400	 x21:0x8000a114 x21=0x80009f84
         815000	        80	80000120	7c69f537	lui	x10,0x7c69f	 x10=0x7c69f000
         825000	        81	80000124	990b4793	xori	x15,x22,-1648	 x22:0x2ef0733e x15=0xd10f8aae
         835000	        82	80000128	414fde33	sra	x28,x31,x20	 x31:0x00000000 x20:0x0000000c x28=0x00000000
         845000	        83	8000012c	00002217	auipc	x4,0x2	  x4=0x80002128
         855000	        84	80000130	88820213	addi	x4,x4,-1912	  x4:0x80002128  x4=0x800019b0
         865000	        85	80000134	01b0ce33	xor	x28,x1,x27	  x1:0x00000008 x27:0xfa5d1b18 x28=0xfa5d1b10
         875000	        86	80000138	06c6a017	auipc	x0,0x6c6a	
         885000	        87	8000013c	d6720213	addi	x4,x4,-665	  x4:0x800019b0  x4=0x80001717
         895000	        88	80000140	01e89613	slli	x12,x17,0x1e	 x17:0xc0b78325 x12=0x40000000
         905000	        89	80000144	008e74b3	and	x9,x28,x8	 x28:0xfa5d1b10  x8:0x0000000b  x9=0x00000000
         915000	        90	80000148	bcd52813	slti	x16,x10,-1075	 x10:0x7c69f000 x16=0x00000000
         925000	        91	8000014c	285c6f93	ori	x31,x24,645	 x24:0xf718a322 x31=0xf718a3a7
         935000	        92	80000150	004a9463	bne	x21,x4,80000158	 x21:0x80009f84  x4:0x80001717
         945000	        93	00000000	00000013	addi	x0,x0,0	  x0:0x00000000
         955000	        94	80000154	00000013	addi	x0,x0,0	  x0:0x00000000
         965000	        95	80000158	29a20367	jalr	x6,x4,666	  x4:0x80001717  x6=0x80000158
         975000	        96	00000000	00000013	addi	x0,x0,0	  x0:0x00000000
         985000	        97	800019b0	00000013	addi	x0,x0,0	  x0:0x00000000
         995000	        98	800019b4	00fd2d33	slt	x26,x26,x15	 x26:0x00000000 x15:0xd10f8aae x26=0x00000000
        1005000	        99	800019b8	ff4a8a93	addi	x21,x21,-12	 x21:0x80009f84 x21=0x80009f78
        1015000	       100	800019bc	00779893	slli	x17,x15,0x7	 x15:0xd10f8aae x17=0x87c55700
        1025000	       101	800019c0	075be7b7	lui	x15,0x75be	 x15=0x075be000
        1035000	       102	800019c4	006aa223	sw	x6,4(x21)	 x21:0x80009f78  x6:0x80000158 PA:0x80009f7c
        1045000	       103	800019c8	9df62713	slti	x14,x12,-1569	 x12:0x40000000 x14=0x00000000
        1055000	       104	800019cc	2414a293	slti	x5,x9,577	  x9:0x00000000  x5=0x00000001
        1065000	       105	800019d0	01c2d833	srl	x16,x5,x28	  x5:0x00000001 x28:0xfa5d1b10 x16=0x00000000
        1075000	       106	800019d4	00007117	auipc	x2,0x7	  x2=0x800089d0
        1085000	       107	800019d8	e6810113	addi	x2,x2,-408	  x2:0x800089d0  x2=0x80008838
        1095000	       108	800019dc	33d10403	lb	x8,829(x2)	  x2:0x80008838  x8=0xfffffff6 PA:0x80008b75
        1105000	       109	800019e0	0122d493	srli	x9,x5,0x12	  x5:0x00000001  x9=0x00000000
        1115000	       110	800019e4	01e254b3	srl	x9,x4,x30	  x4:0x80001717 x30:0x7ba08431  x9=0x00004000
        1125000	       111	800019e8	e2244e13	xori	x28,x8,-478	  x8:0xfffffff6 x28=0x000001d4
        1135000	       112	800019ec	fe814303	lbu	x6,-24(x2)	  x2:0x80008838  x6=0x00000050 PA:0x80008820
        1145000	       113	800019f0	08b104a3	sb	x11,137(x2)	  x2:0x80008838 x11:0x4d35fe40 PA:0x800088c1
        1155000	       114	800019f4	01f4c933	xor	x18,x9,x31	  x9:0x00004000 x31:0xf718a3a7 x18=0xf718e3a7
        1165000	       115	800019f8	31e11a23	sh	x30,788(x2)	  x2:0x80008838 x30:0x7ba08431 PA:0x80008b4c
        1175000	       116	800019fc	00c5e8b3	or	x17,x11,x12	 x11:0x4d35fe40 x12:0x40000000 x17=0x4d35fe40
        1185000	       117	80001a00	01bb5f13	srli	x30,x22,0x1b	 x22:0x2ef0733e x30=0x00000005
        1195000	       118	80001a04	548d2837	lui	x16,0x548d2	 x16=0x548d2000
        1205000	       119	80001a08	25a14e03	lbu	x28,602(x2)	  x2:0x80008838 x28=0x0000009a PA:0x80008a92
        1215000	       120	80001a0c	60710c03	lb	x24,1543(x2)	  x2:0x80008838 x24=0xffffffa1 PA:0x80008e3f
        1225000	       121	80001a10	5d610d03	lb	x26,1494(x2)	  x2:0x80008838 x26=0xfffffff3 PA:0x80008e0e
        1235000	       122	80001a14	4d562613	slti	x12,x12,1237	 x12:0x40000000 x12=0x00000000
        1245000	       123	80001a18	2eb102a3	sb	x11,741(x2)	  x2:0x80008838 x11:0x4d35fe40 PA:0x80008b1d
        1255000	       124	80001a1c	402e0eb3	sub	x29,x28,x2	 x28:0x0000009a  x2:0x80008838 x29=0x7fff7862
        1265000	       125	80001a20	04811b83	lh	x23,72(x2)	  x2:0x80008838 x23=0x000049c6 PA:0x80008880
        1275000	       126	80001a24	00e8db93	srli	x23,x17,0xe	 x17:0x4d35fe40 x23=0x000134d7
        1285000	       127	80001a28	3c014f83	lbu	x31,960(x2)	  x2:0x80008838 x31=0x00000065 PA:0x80008bf8
        1295000	       128	80001a2c	85548d13	addi	x26,x9,-1963	  x9:0x00004000 x26=0x00003855
        1305000	       129	80001a30	0055d733	srl	x14,x11,x5	 x11:0x4d35fe40  x5:0x00000001 x14=0x269aff20
        1315000	       130	80001a34	11e14803	lbu	x16,286(x2)	  x2:0x80008838 x16=0x00000029 PA:0x80008956
        1325000	       131	80001a38	0191dd93	srli	x27,x3,0x19	  x3:0xf6b50ffd x27=0x0000007b
        1335000	       132	80001a3c	6e510523	sb	x5,1770(x2)	  x2:0x80008838  x5:0x00000001 PA:0x80008f22
        1345000	       133	80001a40	51510703	lb	x14,1301(x2)	  x2:0x80008838 x14=0x00000070 PA:0x80008d4d
        1355000	       134	80001a44	580106a3	sb	x0,1421(x2)	  x2:0x80008838  x0:0x00000000 PA:0x80008dc5
        1365000	       135	80001a48	6fe11d83	lh	x27,1790(x2)	  x2:0x80008838 x27=0x00000f11 PA:0x80008f36
        1375000	       136	00000000	00000013	addi	x0,x0,0	  x0:0x00000000
        1385000	       137	80001a4c	01b56733	or	x14,x10,x27	 x10:0x7c69f000 x27:0x00000f11 x14=0x7c69ff11
        1395000	       138	80001a50	408d5913	srai	x18,x26,0x8	 x26:0x00003855 x18=0x00000038
        1405000	       139	80001a54	0021e913	ori	x18,x3,2	  x3:0xf6b50ffd x18=0xf6b50fff
        1415000	       140	80001a58	09215e83	lhu	x29,146(x2)	  x2:0x80008838 x29=0x00001a32 PA:0x800088ca
        1425000	       141	80001a5c	dd3f2fb7	lui	x31,0xdd3f2	 x31=0xdd3f2000
        1435000	       142	80001a60	40420033	sub	x0,x4,x4	  x4:0x80001717  x4:0x80001717
        1445000	       143	80001a64	40888eb3	sub	x29,x17,x8	 x17:0x4d35fe40  x8:0xfffffff6 x29=0x4d35fe4a
        1455000	       144	80001a68	015eb3b3	sltu	x7,x29,x21	 x29:0x4d35fe4a x21:0x80009f78  x7=0x00000001
        1465000	       145	80001a6c	40d184b3	sub	x9,x3,x13	  x3:0xf6b50ffd x13:0x80009fc4  x9=0x76b47039
        1475000	       146	80001a70	008b7233	and	x4,x22,x8	 x22:0x2ef0733e  x8:0xfffffff6  x4=0x2ef07336
        1485000	       147	80001a74	00000013	addi	x0,x0,0	  x0:0x00000000
        1495000	       148	80001a78	015bcc33	xor	x24,x23,x21	 x23:0x000134d7 x21:0x80009f78 x24=0x8001abaf
        1505000	       149	80001a7c	2d910523	sb	x25,714(x2)	  x2:0x80008838 x25:0xf4112f2e PA:0x80008b02
        1515000	       150	80001a80	42b10723	sb	x11,1070(x2)	  x2:0x80008838 x11:0x4d35fe40 PA:0x80008c66
        1525000	       151	80001a84	01ea6db3	or	x27,x20,x30	 x20:0x0000000c x30:0x00000005 x27=0x0000000d
        1535000	       152	80001a88	21114b83	lbu	x23,529(x2)	  x2:0x80008838 x23=0x000000bb PA:0x80008a49
        1545000	       153	80001a8c	4ba15203	lhu	x4,1210(x2)	  x2:0x80008838  x4=0x00005f57 PA:0x80008cf2
        1555000	       154	80001a90	0c310c23	sb	x3,216(x2)	  x2:0x80008838  x3:0xf6b50ffd PA:0x80008910
        1565000	       155	80001a94	00006717	auipc	x14,0x6	 x14=0x80007a90
        1575000	       156	80001a98	76c70713	addi	x14,x14,1900	 x14:0x80007a90 x14=0x800081fc
        1585000	       157	80001a9c	07b71723	sh	x27,110(x14)	 x14:0x800081fc x27:0x0000000d PA:0x8000826a
        1595000	       158	80001aa0	06e71483	lh	x9,110(x14)	 x14:0x800081fc  x9=0x0000000d PA:0x8000826a
        1605000	       159	80001aa4	06e75583	lhu	x11,110(x14)	 x14:0x800081fc x11=0x0000000d PA:0x8000826a
        1615000	       160	80001aa8	00cdd813	srli	x16,x27,0xc	 x27:0x0000000d x16=0x00000000
        1625000	       161	80001aac	7e0e2593	slti	x11,x28,2016	 x28:0x0000009a x11=0x00000001
        1635000	       162	80001ab0	f2471623	sh	x4,-212(x14)	 x14:0x800081fc  x4:0x00005f57 PA:0x80008128
        1645000	       163	80001ab4	fc763a17	auipc	x20,0xfc763	 x20=0x7c764ab0
        1655000	       164	80001ab8	412f52b3	sra	x5,x30,x18	 x30:0x00000005 x18:0xf6b50fff  x5=0x00000000
        1665000	       165	80001abc	f2c72583	lw	x11,-212(x14)	 x14:0x800081fc x11=0x2d0b5f57 PA:0x80008128
        1675000	       166	80001ac0	07d74d03	lbu	x26,125(x14)	 x14:0x800081fc x26=0x00000068 PA:0x80008279
        1685000	       167	80001ac4	409cde93	srai	x29,x25,0x9	 x25:0xf4112f2e x29=0xfffa0897
        1695000	       168	80001ac8	41c45393	srai	x7,x8,0x1c	  x8:0xfffffff6  x7=0xffffffff
        1705000	       169	80001acc	0cc75283	lhu	x5,204(x14)	 x14:0x800081fc  x5=0x000085c9 PA:0x800082c8
        1715000	       170	80001ad0	0cc72e83	lw	x29,204(x14)	 x14:0x800081fc x29=0x126b85c9 PA:0x800082c8
        1725000	       171	80001ad4	0cc72c03	lw	x24,204(x14)	 x14:0x800081fc x24=0x126b85c9 PA:0x800082c8
        1735000	       172	80001ad8	0ae1cd93	xori	x27,x3,174	  x3:0xf6b50ffd x27=0xf6b50f53
        1745000	       173	80001adc	0cc72383	lw	x7,204(x14)	 x14:0x800081fc  x7=0x126b85c9 PA:0x800082c8
        1755000	       174	80001ae0	0cc72a03	lw	x20,204(x14)	 x14:0x800081fc x20=0x126b85c9 PA:0x800082c8
        1765000	       175	80001ae4	0cc75783	lhu	x15,204(x14)	 x14:0x800081fc x15=0x000085c9 PA:0x800082c8
        1775000	       176	80001ae8	00974103	lbu	x2,9(x14)	 x14:0x800081fc  x2=0x00000046 PA:0x80008205
        1785000	       177	80001aec	00970303	lb	x6,9(x14)	 x14:0x800081fc  x6=0x00000046 PA:0x80008205
        1795000	       178	80001af0	00006317	auipc	x6,0x6	  x6=0x80007aec
        1805000	       179	80001af4	57d30313	addi	x6,x6,1405	  x6:0x80007aec  x6=0x80008069
        1815000	       180	80001af8	00630b83	lb	x23,6(x6)	  x6:0x80008069 x23=0x00000032 PA:0x8000806f
        1825000	       181	80001afc	00006617	auipc	x12,0x6	 x12=0x80007af8
        1835000	       182	80001b00	62460613	addi	x12,x12,1572	 x12:0x80007af8 x12=0x8000811c
        1845000	       183	80001b04	00007117	auipc	x2,0x7	  x2=0x80008b00
        1855000	       184	80001b08	91810113	addi	x2,x2,-1768	  x2:0x80008b00  x2=0x80008418
        1865000	       185	80001b0c	00007c97	auipc	x25,0x7	 x25=0x80008b08
        1875000	       186	80001b10	a1cc8c93	addi	x25,x25,-1508	 x25:0x80008b08 x25=0x80008524
        1885000	       187	80001b14	f2310f03	lb	x30,-221(x2)	  x2:0x80008418 x30=0x00000017 PA:0x8000833b
        1895000	       188	80001b18	03d14e83	lbu	x29,61(x2)	  x2:0x80008418 x29=0x00000094 PA:0x80008455
        1905000	       189	80001b1c	f8615003	lhu	x0,-122(x2)	  x2:0x80008418 PA:0x8000839e
        1915000	       190	80001b20	36530b83	lb	x23,869(x6)	  x6:0x80008069 x23=0x0000006a PA:0x800083ce
        1925000	       191	80001b24	f20c80a3	sb	x0,-223(x25)	 x25:0x80008524  x0:0x00000000 PA:0x80008445
        1935000	       192	80001b28	ff564003	lbu	x0,-11(x12)	 x12:0x8000811c PA:0x80008111
        1945000	       193	80001b2c	fe460e03	lb	x28,-28(x12)	 x12:0x8000811c x28=0x00000000 PA:0x80008100
        1955000	       194	80001b30	5ec30703	lb	x14,1516(x6)	  x6:0x80008069 x14=0xffffff8e PA:0x80008655
        1965000	       195	80001b34	f36cde03	lhu	x28,-202(x25)	 x25:0x80008524 x28=0x0000ee74 PA:0x8000845a
        1975000	       196	80001b38	03811803	lh	x16,56(x2)	  x2:0x80008418 x16=0x00006e37 PA:0x80008450
        1985000	       197	80001b3c	01964403	lbu	x8,25(x12)	 x12:0x8000811c  x8=0x000000f6 PA:0x80008135
        1995000	       198	80001b40	f65c8483	lb	x9,-155(x25)	 x25:0x80008524  x9=0xffffff9f PA:0x80008489
        2005000	       199	80001b44	fb7c8f03	lb	x30,-73(x25)	 x25:0x80008524 x30=0xffffffb8 PA:0x800084db
        2015000	       200	80001b48	f05c8883	lb	x17,-251(x25)	 x25:0x80008524 x17=0xfffffffb PA:0x80008429
        2025000	       201	80001b4c	03462a03	lw	x20,52(x12)	 x12:0x8000811c x20=0xccabfae4 PA:0x80008150
        2035000	       202	80001b50	f0acd703	lhu	x14,-246(x25)	 x25:0x80008524 x14=0x00001420 PA:0x8000842e
        2045000	       203	80001b54	2a930783	lb	x15,681(x6)	  x6:0x80008069 x15=0x00000067 PA:0x80008312
        2055000	       204	80001b58	0cc10b23	sb	x12,214(x2)	  x2:0x80008418 x12:0x8000811c PA:0x800084ee
        2065000	       205	80001b5c	f56c9903	lh	x18,-170(x25)	 x25:0x80008524 x18=0x00007db3 PA:0x8000847a
        2075000	       206	80001b60	5ee30923	sb	x14,1522(x6)	  x6:0x80008069 x14:0x00001420 PA:0x8000865b
        2085000	       207	80001b64	03a11803	lh	x16,58(x2)	  x2:0x80008418 x16=0x00003a9e PA:0x80008452
        2095000	       208	80001b68	00410ca3	sb	x4,25(x2)	  x2:0x80008418  x4:0x00005f57 PA:0x80008431
        2105000	       209	80001b6c	02e61183	lh	x3,46(x12)	 x12:0x8000811c  x3=0x00007a5a PA:0x8000814a
        2115000	       210	80001b70	03fcc803	lbu	x16,63(x25)	 x25:0x80008524 x16=0x00000001 PA:0x80008563
        2125000	       211	80001b74	20030e83	lb	x29,512(x6)	  x6:0x80008069 x29=0xffffffb6 PA:0x80008269
        2135000	       212	80001b78	0fe10d83	lb	x27,254(x2)	  x2:0x80008418 x27=0x0000001b PA:0x80008516
        2145000	       213	80001b7c	01164403	lbu	x8,17(x12)	 x12:0x8000811c  x8=0x000000c2 PA:0x8000812d
        2155000	       214	80001b80	30f35883	lhu	x17,783(x6)	  x6:0x80008069 x17=0x0000f3fe PA:0x80008378
        2165000	       215	80001b84	0e1cc583	lbu	x11,225(x25)	 x25:0x80008524 x11=0x00000026 PA:0x80008605
        2175000	       216	80001b88	408259b3	sra	x19,x4,x8	  x4:0x00005f57  x8:0x000000c2 x19=0x000017d5
        2185000	       217	80001b8c	01c2f263	bgeu	x5,x28,80001b90	  x5:0x000085c9 x28:0x0000ee74
        2195000	       218	80001b90	400c5d13	srai	x26,x24,0x0	 x24:0x126b85c9 x26=0x126b85c9
        2205000	       219	80001b94	01ba1293	slli	x5,x20,0x1b	 x20:0xccabfae4  x5=0x20000000
        2215000	       220	80001b98	7f9bad93	slti	x27,x23,2041	 x23:0x0000006a x27=0x00000001
        2225000	       221	80001b9c	01351d93	slli	x27,x10,0x13	 x10:0x7c69f000 x27=0x80000000
        2235000	       222	80001ba0	01918663	beq	x3,x25,80001bac	  x3:0x00007a5a x25:0x80008524
        2245000	       223	80001ba4	f5855297	auipc	x5,0xf5855	  x5=0x75856ba0
        2255000	       224	80001ba8	01d9d213	srli	x4,x19,0x1d	 x19:0x000017d5  x4=0x00000000
        2265000	       225	80001bac	a8bdb113	sltiu	x2,x27,-1397	 x27:0x80000000  x2=0x00000001
        2275000	       226	80001bb0	05ebc063	blt	x23,x30,80001bf0	 x23:0x0000006a x30:0xffffffb8
        2285000	       227	80001bb4	00b1af33	slt	x30,x3,x11	  x3:0x00007a5a x11:0x00000026 x30=0x00000000
        2295000	       228	80001bb8	00263eb3	sltu	x29,x12,x2	 x12:0x8000811c  x2:0x00000001 x29=0x00000000
        2305000	       229	80001bbc	00abd5b3	srl	x11,x23,x10	 x23:0x0000006a x10:0x7c69f000 x11=0x0000006a
        2315000	       230	80001bc0	a12e6313	ori	x6,x28,-1518	 x28:0x0000ee74  x6=0xfffffe76
        2325000	       231	80001bc4	003ae663	bltu	x21,x3,80001bd0	 x21:0x80009f78  x3:0x00007a5a
        2335000	       232	80001bc8	01e69833	sll	x16,x13,x30	 x13:0x80009fc4 x30:0x00000000 x16=0x80009fc4
        2345000	       233	80001bcc	0105e733	or	x14,x11,x16	 x11:0x0000006a x16:0x80009fc4 x14=0x80009fee
        2355000	       234	80001bd0	00e2eb33	or	x22,x5,x14	  x5:0x75856ba0 x14:0x80009fee x22=0xf585ffee
        2365000	       235	80001bd4	00e54263	blt	x10,x14,80001bd8	 x10:0x7c69f000 x14:0x80009fee
        2375000	       236	80001bd8	01c9b933	sltu	x18,x19,x28	 x19:0x000017d5 x28:0x0000ee74 x18=0x00000001
        2385000	       237	80001bdc	95cdf813	andi	x16,x27,-1700	 x27:0x80000000 x16=0x80000000
        2395000	       238	80001be0	019802b3	add	x5,x16,x25	 x16:0x80000000 x25:0x80008524  x5=0x00008524
        2405000	       239	80001be4	0461c063	blt	x3,x6,80001c24	  x3:0x00007a5a  x6:0xfffffe76
        2415000	       240	80001be8	011d9113	slli	x2,x27,0x11	 x27:0x80000000  x2=0x00000000
        2425000	       241	80001bec	7a4ec713	xori	x14,x29,1956	 x29:0x00000000 x14=0x000007a4
        2435000	       242	80001bf0	01a0c663	blt	x1,x26,80001bfc	  x1:0x00000008 x26:0x126b85c9
        2445000	       243	00000000	00000013	addi	x0,x0,0	  x0:0x00000000
        2455000	       244	80001bf8	00000013	addi	x0,x0,0	  x0:0x00000000
        2465000	       245	80001bfc	000ddd93	srli	x27,x27,0x0	 x27:0x80000000 x27=0x80000000
        2475000	       246	80001c00	01839463	bne	x7,x24,80001c08	  x7:0x126b85c9 x24:0x126b85c9
        2485000	       247	80001c04	8ac5f917	auipc	x18,0x8ac5f	 x18=0x0ac60c00
        2495000	       248	80001c08	5d95f113	andi	x2,x11,1497	 x11:0x0000006a  x2=0x00000048
        2505000	       249	80001c0c	038e7e63	bgeu	x28,x24,80001c48	 x28:0x0000ee74 x24:0x126b85c9
        2515000	       250	80001c10	19977f93	andi	x31,x14,409	 x14:0x000007a4 x31=0x00000180
        2525000	       251	80001c14	03629863	bne	x5,x22,80001c44	  x5:0x00008524 x22:0xf585ffee
        2535000	       252	00000000	00000013	addi	x0,x0,0	  x0:0x00000000
        2545000	       253	80001c40	00000013	addi	x0,x0,0	  x0:0x00000000
        2555000	       254	80001c44	01d54233	xor	x4,x10,x29	 x10:0x7c69f000 x29:0x00000000  x4=0x7c69f000
        2565000	       255	80001c48	01a05db3	srl	x27,x0,x26	  x0:0x00000000 x26:0x126b85c9 x27=0x00000000
        2575000	       256	80001c4c	0345e463	bltu	x11,x20,80001c74	 x11:0x0000006a x20:0xccabfae4
        2585000	       257	00000000	00000013	addi	x0,x0,0	  x0:0x00000000
        2595000	       258	80001c70	00000013	addi	x0,x0,0	  x0:0x00000000
        2605000	       259	80001c74	00a6a133	slt	x2,x13,x10	 x13:0x80009fc4 x10:0x7c69f000  x2=0x00000001
        2615000	       260	80001c78	05696863	bltu	x18,x22,80001cc8	 x18:0x0ac60c00 x22:0xf585ffee
        2625000	       261	00000000	00000013	addi	x0,x0,0	  x0:0x00000000
        2635000	       262	80001cc4	00000013	addi	x0,x0,0	  x0:0x00000000
        2645000	       263	80001cc8	4e972d13	slti	x26,x14,1257	 x14:0x000007a4 x26=0x00000000
        2655000	       264	80001ccc	00d664b3	or	x9,x12,x13	 x12:0x8000811c x13:0x80009fc4  x9=0x80009fdc
        2665000	       265	80001cd0	01fd57b3	srl	x15,x26,x31	 x26:0x00000000 x31:0x00000180 x15=0x00000000
        2675000	       266	80001cd4	3e142313	slti	x6,x8,993	  x8:0x000000c2  x6=0x00000001
        2685000	       267	80001cd8	ff856e93	ori	x29,x10,-8	 x10:0x7c69f000 x29=0xfffffff8
        2695000	       268	80001cdc	40b552b3	sra	x5,x10,x11	 x10:0x7c69f000 x11:0x0000006a  x5=0x001f1a7c
        2705000	       269	80001ce0	8a8dff13	andi	x30,x27,-1880	 x27:0x00000000 x30=0x00000000
        2715000	       270	80001ce4	00000013	addi	x0,x0,0	  x0:0x00000000
        2725000	       271	80001ce8	e33dec37	lui	x24,0xe33de	 x24=0xe33de000
        2735000	       272	80001cec	0129de13	srli	x28,x19,0x12	 x19:0x000017d5 x28=0x00000000
        2745000	       273	80001cf0	00440263	beq	x8,x4,80001cf4	  x8:0x000000c2  x4:0x7c69f000
        2755000	       274	80001cf4	1ccee393	ori	x7,x29,460	 x29:0xfffffff8  x7=0xfffffffc
        2765000	       275	80001cf8	05a99063	bne	x19,x26,80001d38	 x19:0x000017d5 x26:0x00000000
        2775000	       276	00000000	00000013	addi	x0,x0,0	  x0:0x00000000
        2785000	       277	80001d34	00000013	addi	x0,x0,0	  x0:0x00000000
        2795000	       278	80001d38	00852fb3	slt	x31,x10,x8	 x10:0x7c69f000  x8:0x000000c2 x31=0x00000000
        2805000	       279	80001d3c	00f42433	slt	x8,x8,x15	  x8:0x000000c2 x15:0x00000000  x8=0x00000000
        2815000	       280	80001d40	40225033	sra	x0,x4,x2	  x4:0x7c69f000  x2:0x00000001
        2825000	       281	80001d44	00cf9c63	bne	x31,x12,80001d5c	 x31:0x00000000 x12:0x8000811c
        2835000	       282	00000000	00000013	addi	x0,x0,0	  x0:0x00000000
        2845000	       283	80001d58	00000013	addi	x0,x0,0	  x0:0x00000000
        2855000	       284	80001d5c	0337e463	bltu	x15,x19,80001d84	 x15:0x00000000 x19:0x000017d5
        2865000	       285	00000000	00000013	addi	x0,x0,0	  x0:0x00000000
        2875000	       286	80001d80	00000013	addi	x0,x0,0	  x0:0x00000000
        2885000	       287	80001d84	01fc37b3	sltu	x15,x24,x31	 x24:0xe33de000 x31:0x00000000 x15=0x00000000
        2895000	       288	80001d88	005e0e33	add	x28,x28,x5	 x28:0x00000000  x5:0x001f1a7c x28=0x001f1a7c
        2905000	       289	80001d8c	4111d4b3	sra	x9,x3,x17	  x3:0x00007a5a x17:0x0000f3fe  x9=0x00000000
        2915000	       290	80001d90	00000013	addi	x0,x0,0	  x0:0x00000000
        2925000	       291	80001d94	004d23b3	slt	x7,x26,x4	 x26:0x00000000  x4:0x7c69f000  x7=0x00000001
        2935000	       292	80001d98	00e98263	beq	x19,x14,80001d9c	 x19:0x000017d5 x14:0x000007a4
        2945000	       293	80001d9c	0146ca63	blt	x13,x20,80001db0	 x13:0x80009fc4 x20:0xccabfae4
        2955000	       294	00000000	00000013	addi	x0,x0,0	  x0:0x00000000
        2965000	       295	80001dac	00000013	addi	x0,x0,0	  x0:0x00000000
        2975000	       296	80001db0	021b1e63	bne	x22,x1,80001dec	 x22:0xf585ffee  x1:0x00000008
        2985000	       297	00000000	00000013	addi	x0,x0,0	  x0:0x00000000
        2995000	       298	80001de8	00000013	addi	x0,x0,0	  x0:0x00000000
        3005000	       299	80001dec	550c0413	addi	x8,x24,1360	 x24:0xe33de000  x8=0xe33de550
        3015000	       300	80001df0	147cb113	sltiu	x2,x25,327	 x25:0x80008524  x2=0x00000000
        3025000	       301	80001df4	40c6d913	srai	x18,x13,0xc	 x13:0x80009fc4 x18=0xfff80009
        3035000	       302	80001df8	e173bf13	sltiu	x30,x7,-489	  x7:0x00000001 x30=0x00000001
        3045000	       303	80001dfc	264e3f93	sltiu	x31,x28,612	 x28:0x001f1a7c x31=0x00000000
        3055000	       304	80001e00	004aa303	lw	x6,4(x21)	 x21:0x80009f78  x6=0x80000158 PA:0x80009f7c
        3065000	       305	00000000	00000013	addi	x0,x0,0	  x0:0x00000000
        3075000	       306	80001e04	00c33733	sltu	x14,x6,x12	  x6:0x80000158 x12:0x8000811c x14=0x00000001
        3085000	       307	80001e08	00ca8a93	addi	x21,x21,12	 x21:0x80009f78 x21=0x80009f84
        3095000	       308	80001e0c	01e5fd33	and	x26,x11,x30	 x11:0x0000006a x30:0x00000001 x26=0x00000000
        3105000	       309	80001e10	41315293	srai	x5,x2,0x13	  x2:0x00000000  x5=0x00000000
        3115000	       310	80001e14	00130d93	addi	x27,x6,1	  x6:0x80000158 x27=0x80000159
        3125000	       311	80001e18	000d8de7	jalr	x27,x27,0	 x27:0x80000159 x27=0x80001e18
        3135000	       312	00000000	00000013	addi	x0,x0,0	  x0:0x00000000
        3145000	       313	80000158	00000013	addi	x0,x0,0	  x0:0x00000000
        3155000	       314	8000015c	41098933	sub	x18,x19,x16	 x19:0x000017d5 x16:0x80000000 x18=0x800017d5
        3165000	       315	80000160	19286cb7	lui	x25,0x19286	 x25=0x19286000
        3175000	       316	80000164	00002597	auipc	x11,0x2	 x11=0x80002160
        3185000	       317	80000168	85058593	addi	x11,x11,-1968	 x11:0x80002160 x11=0x800019b0
        3195000	       318	8000016c	00264c33	xor	x24,x12,x2	 x12:0x8000811c  x2:0x00000000 x24=0x8000811c
        3205000	       319	80000170	41975913	srai	x18,x14,0x19	 x14:0x00000001 x18=0x00000000
        3215000	       320	80000174	3d758593	addi	x11,x11,983	 x11:0x800019b0 x11=0x80001d87
        3225000	       321	80000178	67866c97	auipc	x25,0x67866	 x25=0xe7866174
        3235000	       322	8000017c	01a15463	bge	x2,x26,80000184	  x2:0x00000000 x26:0x00000000
        3245000	       323	00000000	00000013	addi	x0,x0,0	  x0:0x00000000
        3255000	       324	80000180	00000013	addi	x0,x0,0	  x0:0x00000000
        3265000	       325	80000184	c2a58367	jalr	x6,x11,-982	 x11:0x80001d87  x6=0x80000184
        3275000	       326	00000000	00000013	addi	x0,x0,0	  x0:0x00000000
        3285000	       327	800019b0	00000013	addi	x0,x0,0	  x0:0x00000000
        3295000	       328	800019b4	00fd2d33	slt	x26,x26,x15	 x26:0x00000000 x15:0x00000000 x26=0x00000000
        3305000	       329	800019b8	ff4a8a93	addi	x21,x21,-12	 x21:0x80009f84 x21=0x80009f78
        3315000	       330	800019bc	00779893	slli	x17,x15,0x7	 x15:0x00000000 x17=0x00000000
        3325000	       331	800019c0	075be7b7	lui	x15,0x75be	 x15=0x075be000
        3335000	       332	800019c4	006aa223	sw	x6,4(x21)	 x21:0x80009f78  x6:0x80000184 PA:0x80009f7c
        3345000	       333	800019c8	9df62713	slti	x14,x12,-1569	 x12:0x8000811c x14=0x00000001
        3355000	       334	800019cc	2414a293	slti	x5,x9,577	  x9:0x00000000  x5=0x00000001
        3365000	       335	800019d0	01c2d833	srl	x16,x5,x28	  x5:0x00000001 x28:0x001f1a7c x16=0x00000000
        3375000	       336	800019d4	00007117	auipc	x2,0x7	  x2=0x800089d0
        3385000	       337	800019d8	e6810113	addi	x2,x2,-408	  x2:0x800089d0  x2=0x80008838
        3395000	       338	800019dc	33d10403	lb	x8,829(x2)	  x2:0x80008838  x8=0xfffffff6 PA:0x80008b75
        3405000	       339	800019e0	0122d493	srli	x9,x5,0x12	  x5:0x00000001  x9=0x00000000
        3415000	       340	800019e4	01e254b3	srl	x9,x4,x30	  x4:0x7c69f000 x30:0x00000001  x9=0x3e34f800
        3425000	       341	800019e8	e2244e13	xori	x28,x8,-478	  x8:0xfffffff6 x28=0x000001d4
        3435000	       342	800019ec	fe814303	lbu	x6,-24(x2)	  x2:0x80008838  x6=0x00000050 PA:0x80008820
        3445000	       343	800019f0	08b104a3	sb	x11,137(x2)	  x2:0x80008838 x11:0x80001d87 PA:0x800088c1
        3455000	       344	800019f4	01f4c933	xor	x18,x9,x31	  x9:0x3e34f800 x31:0x00000000 x18=0x3e34f800
        3465000	       345	800019f8	31e11a23	sh	x30,788(x2)	  x2:0x80008838 x30:0x00000001 PA:0x80008b4c
        3475000	       346	800019fc	00c5e8b3	or	x17,x11,x12	 x11:0x80001d87 x12:0x8000811c x17=0x80009d9f
        3485000	       347	80001a00	01bb5f13	srli	x30,x22,0x1b	 x22:0xf585ffee x30=0x0000001e
        3495000	       348	80001a04	548d2837	lui	x16,0x548d2	 x16=0x548d2000
        3505000	       349	80001a08	25a14e03	lbu	x28,602(x2)	  x2:0x80008838 x28=0x0000009a PA:0x80008a92
        3515000	       350	80001a0c	60710c03	lb	x24,1543(x2)	  x2:0x80008838 x24=0xffffffa1 PA:0x80008e3f
        3525000	       351	80001a10	5d610d03	lb	x26,1494(x2)	  x2:0x80008838 x26=0xfffffff3 PA:0x80008e0e
        3535000	       352	80001a14	4d562613	slti	x12,x12,1237	 x12:0x8000811c x12=0x00000001
        3545000	       353	80001a18	2eb102a3	sb	x11,741(x2)	  x2:0x80008838 x11:0x80001d87 PA:0x80008b1d
        3555000	       354	80001a1c	402e0eb3	sub	x29,x28,x2	 x28:0x0000009a  x2:0x80008838 x29=0x7fff7862
        3565000	       355	80001a20	04811b83	lh	x23,72(x2)	  x2:0x80008838 x23=0x000049c6 PA:0x80008880
        3575000	       356	80001a24	00e8db93	srli	x23,x17,0xe	 x17:0x80009d9f x23=0x00020002
        3585000	       357	80001a28	3c014f83	lbu	x31,960(x2)	  x2:0x80008838 x31=0x00000065 PA:0x80008bf8
        3595000	       358	80001a2c	85548d13	addi	x26,x9,-1963	  x9:0x3e34f800 x26=0x3e34f055
        3605000	       359	80001a30	0055d733	srl	x14,x11,x5	 x11:0x80001d87  x5:0x00000001 x14=0x40000ec3
        3615000	       360	80001a34	11e14803	lbu	x16,286(x2)	  x2:0x80008838 x16=0x00000029 PA:0x80008956
        3625000	       361	80001a38	0191dd93	srli	x27,x3,0x19	  x3:0x00007a5a x27=0x00000000
        3635000	       362	80001a3c	6e510523	sb	x5,1770(x2)	  x2:0x80008838  x5:0x00000001 PA:0x80008f22
        3645000	       363	80001a40	51510703	lb	x14,1301(x2)	  x2:0x80008838 x14=0x00000070 PA:0x80008d4d
        3655000	       364	80001a44	580106a3	sb	x0,1421(x2)	  x2:0x80008838  x0:0x00000000 PA:0x80008dc5
        3665000	       365	80001a48	6fe11d83	lh	x27,1790(x2)	  x2:0x80008838 x27=0x00000f11 PA:0x80008f36
        3675000	       366	00000000	00000013	addi	x0,x0,0	  x0:0x00000000
        3685000	       367	80001a4c	01b56733	or	x14,x10,x27	 x10:0x7c69f000 x27:0x00000f11 x14=0x7c69ff11
        3695000	       368	80001a50	408d5913	srai	x18,x26,0x8	 x26:0x3e34f055 x18=0x003e34f0
        3705000	       369	80001a54	0021e913	ori	x18,x3,2	  x3:0x00007a5a x18=0x00007a5a
        3715000	       370	80001a58	09215e83	lhu	x29,146(x2)	  x2:0x80008838 x29=0x00001a32 PA:0x800088ca
        3725000	       371	80001a5c	dd3f2fb7	lui	x31,0xdd3f2	 x31=0xdd3f2000
        3735000	       372	80001a60	40420033	sub	x0,x4,x4	  x4:0x7c69f000  x4:0x7c69f000
        3745000	       373	80001a64	40888eb3	sub	x29,x17,x8	 x17:0x80009d9f  x8:0xfffffff6 x29=0x80009da9
        3755000	       374	80001a68	015eb3b3	sltu	x7,x29,x21	 x29:0x80009da9 x21:0x80009f78  x7=0x00000001
        3765000	       375	80001a6c	40d184b3	sub	x9,x3,x13	  x3:0x00007a5a x13:0x80009fc4  x9=0x7fffda96
        3775000	       376	80001a70	008b7233	and	x4,x22,x8	 x22:0xf585ffee  x8:0xfffffff6  x4=0xf585ffe6
        3785000	       377	80001a74	00000013	addi	x0,x0,0	  x0:0x00000000
        3795000	       378	80001a78	015bcc33	xor	x24,x23,x21	 x23:0x00020002 x21:0x80009f78 x24=0x80029f7a
        3805000	       379	80001a7c	2d910523	sb	x25,714(x2)	  x2:0x80008838 x25:0xe7866174 PA:0x80008b02
        3815000	       380	80001a80	42b10723	sb	x11,1070(x2)	  x2:0x80008838 x11:0x80001d87 PA:0x80008c66
        3825000	       381	80001a84	01ea6db3	or	x27,x20,x30	 x20:0xccabfae4 x30:0x0000001e x27=0xccabfafe
        3835000	       382	80001a88	21114b83	lbu	x23,529(x2)	  x2:0x80008838 x23=0x000000bb PA:0x80008a49
        3845000	       383	80001a8c	4ba15203	lhu	x4,1210(x2)	  x2:0x80008838  x4=0x00005f57 PA:0x80008cf2
        3855000	       384	80001a90	0c310c23	sb	x3,216(x2)	  x2:0x80008838  x3:0x00007a5a PA:0x80008910
        3865000	       385	80001a94	00006717	auipc	x14,0x6	 x14=0x80007a90
        3875000	       386	80001a98	76c70713	addi	x14,x14,1900	 x14:0x80007a90 x14=0x800081fc
        3885000	       387	80001a9c	07b71723	sh	x27,110(x14)	 x14:0x800081fc x27:0xccabfafe PA:0x8000826a
        3895000	       388	80001aa0	06e71483	lh	x9,110(x14)	 x14:0x800081fc  x9=0xfffffafe PA:0x8000826a
        3905000	       389	80001aa4	06e75583	lhu	x11,110(x14)	 x14:0x800081fc x11=0x0000fafe PA:0x8000826a
        3915000	       390	80001aa8	00cdd813	srli	x16,x27,0xc	 x27:0xccabfafe x16=0x000ccabf
        3925000	       391	80001aac	7e0e2593	slti	x11,x28,2016	 x28:0x0000009a x11=0x00000001
        3935000	       392	80001ab0	f2471623	sh	x4,-212(x14)	 x14:0x800081fc  x4:0x00005f57 PA:0x80008128
        3945000	       393	80001ab4	fc763a17	auipc	x20,0xfc763	 x20=0x7c764ab0
        3955000	       394	80001ab8	412f52b3	sra	x5,x30,x18	 x30:0x0000001e x18:0x00007a5a  x5=0x00000000
        3965000	       395	80001abc	f2c72583	lw	x11,-212(x14)	 x14:0x800081fc x11=0x2d0b5f57 PA:0x80008128
        3975000	       396	80001ac0	07d74d03	lbu	x26,125(x14)	 x14:0x800081fc x26=0x00000068 PA:0x80008279
        3985000	       397	80001ac4	409cde93	srai	x29,x25,0x9	 x25:0xe7866174 x29=0xfff3c330
        3995000	       398	80001ac8	41c45393	srai	x7,x8,0x1c	  x8:0xfffffff6  x7=0xffffffff
        4005000	       399	80001acc	0cc75283	lhu	x5,204(x14)	 x14:0x800081fc  x5=0x000085c9 PA:0x800082c8
        4015000	       400	80001ad0	0cc72e83	lw	x29,204(x14)	 x14:0x800081fc x29=0x126b85c9 PA:0x800082c8
        4025000	       401	80001ad4	0cc72c03	lw	x24,204(x14)	 x14:0x800081fc x24=0x126b85c9 PA:0x800082c8
        4035000	       402	80001ad8	0ae1cd93	xori	x27,x3,174	  x3:0x00007a5a x27=0x00007af4
        4045000	       403	80001adc	0cc72383	lw	x7,204(x14)	 x14:0x800081fc  x7=0x126b85c9 PA:0x800082c8
        4055000	       404	80001ae0	0cc72a03	lw	x20,204(x14)	 x14:0x800081fc x20=0x126b85c9 PA:0x800082c8
        4065000	       405	80001ae4	0cc75783	lhu	x15,204(x14)	 x14:0x800081fc x15=0x000085c9 PA:0x800082c8
        4075000	       406	80001ae8	00974103	lbu	x2,9(x14)	 x14:0x800081fc  x2=0x00000046 PA:0x80008205
        4085000	       407	80001aec	00970303	lb	x6,9(x14)	 x14:0x800081fc  x6=0x00000046 PA:0x80008205
        4095000	       408	80001af0	00006317	auipc	x6,0x6	  x6=0x80007aec
        4105000	       409	80001af4	57d30313	addi	x6,x6,1405	  x6:0x80007aec  x6=0x80008069
        4115000	       410	80001af8	00630b83	lb	x23,6(x6)	  x6:0x80008069 x23=0x00000032 PA:0x8000806f
        4125000	       411	80001afc	00006617	auipc	x12,0x6	 x12=0x80007af8
        4135000	       412	80001b00	62460613	addi	x12,x12,1572	 x12:0x80007af8 x12=0x8000811c
        4145000	       413	80001b04	00007117	auipc	x2,0x7	  x2=0x80008b00
        4155000	       414	80001b08	91810113	addi	x2,x2,-1768	  x2:0x80008b00  x2=0x80008418
        4165000	       415	80001b0c	00007c97	auipc	x25,0x7	 x25=0x80008b08
        4175000	       416	80001b10	a1cc8c93	addi	x25,x25,-1508	 x25:0x80008b08 x25=0x80008524
        4185000	       417	80001b14	f2310f03	lb	x30,-221(x2)	  x2:0x80008418 x30=0x00000017 PA:0x8000833b
        4195000	       418	80001b18	03d14e83	lbu	x29,61(x2)	  x2:0x80008418 x29=0x00000094 PA:0x80008455
        4205000	       419	80001b1c	f8615003	lhu	x0,-122(x2)	  x2:0x80008418 PA:0x8000839e
        4215000	       420	80001b20	36530b83	lb	x23,869(x6)	  x6:0x80008069 x23=0x0000006a PA:0x800083ce
        4225000	       421	80001b24	f20c80a3	sb	x0,-223(x25)	 x25:0x80008524  x0:0x00000000 PA:0x80008445
        4235000	       422	80001b28	ff564003	lbu	x0,-11(x12)	 x12:0x8000811c PA:0x80008111
        4245000	       423	80001b2c	fe460e03	lb	x28,-28(x12)	 x12:0x8000811c x28=0x00000000 PA:0x80008100
        4255000	       424	80001b30	5ec30703	lb	x14,1516(x6)	  x6:0x80008069 x14=0xffffff8e PA:0x80008655
        4265000	       425	80001b34	f36cde03	lhu	x28,-202(x25)	 x25:0x80008524 x28=0x0000ee74 PA:0x8000845a
        4275000	       426	80001b38	03811803	lh	x16,56(x2)	  x2:0x80008418 x16=0x00006e37 PA:0x80008450
        4285000	       427	80001b3c	01964403	lbu	x8,25(x12)	 x12:0x8000811c  x8=0x000000f6 PA:0x80008135
        4295000	       428	80001b40	f65c8483	lb	x9,-155(x25)	 x25:0x80008524  x9=0xffffff9f PA:0x80008489
        4305000	       429	80001b44	fb7c8f03	lb	x30,-73(x25)	 x25:0x80008524 x30=0xffffffb8 PA:0x800084db
        4315000	       430	80001b48	f05c8883	lb	x17,-251(x25)	 x25:0x80008524 x17=0xfffffffb PA:0x80008429
        4325000	       431	80001b4c	03462a03	lw	x20,52(x12)	 x12:0x8000811c x20=0xccabfae4 PA:0x80008150
        4335000	       432	80001b50	f0acd703	lhu	x14,-246(x25)	 x25:0x80008524 x14=0x00001420 PA:0x8000842e
        4345000	       433	80001b54	2a930783	lb	x15,681(x6)	  x6:0x80008069 x15=0x00000067 PA:0x80008312
        4355000	       434	80001b58	0cc10b23	sb	x12,214(x2)	  x2:0x80008418 x12:0x8000811c PA:0x800084ee
        4365000	       435	80001b5c	f56c9903	lh	x18,-170(x25)	 x25:0x80008524 x18=0x00007db3 PA:0x8000847a
        4375000	       436	80001b60	5ee30923	sb	x14,1522(x6)	  x6:0x80008069 x14:0x00001420 PA:0x8000865b
        4385000	       437	80001b64	03a11803	lh	x16,58(x2)	  x2:0x80008418 x16=0x00003a9e PA:0x80008452
        4395000	       438	80001b68	00410ca3	sb	x4,25(x2)	  x2:0x80008418  x4:0x00005f57 PA:0x80008431
        4405000	       439	80001b6c	02e61183	lh	x3,46(x12)	 x12:0x8000811c  x3=0x00007a5a PA:0x8000814a
        4415000	       440	80001b70	03fcc803	lbu	x16,63(x25)	 x25:0x80008524 x16=0x00000001 PA:0x80008563
        4425000	       441	80001b74	20030e83	lb	x29,512(x6)	  x6:0x80008069 x29=0xffffffb6 PA:0x80008269
        4435000	       442	80001b78	0fe10d83	lb	x27,254(x2)	  x2:0x80008418 x27=0x0000001b PA:0x80008516
        4445000	       443	80001b7c	01164403	lbu	x8,17(x12)	 x12:0x8000811c  x8=0x000000c2 PA:0x8000812d
        4455000	       444	80001b80	30f35883	lhu	x17,783(x6)	  x6:0x80008069 x17=0x0000f3fe PA:0x80008378
        4465000	       445	80001b84	0e1cc583	lbu	x11,225(x25)	 x25:0x80008524 x11=0x00000026 PA:0x80008605
        4475000	       446	80001b88	408259b3	sra	x19,x4,x8	  x4:0x00005f57  x8:0x000000c2 x19=0x000017d5
        4485000	       447	80001b8c	01c2f263	bgeu	x5,x28,80001b90	  x5:0x000085c9 x28:0x0000ee74
        4495000	       448	80001b90	400c5d13	srai	x26,x24,0x0	 x24:0x126b85c9 x26=0x126b85c9
        4505000	       449	80001b94	01ba1293	slli	x5,x20,0x1b	 x20:0xccabfae4  x5=0x20000000
        4515000	       450	80001b98	7f9bad93	slti	x27,x23,2041	 x23:0x0000006a x27=0x00000001
        4525000	       451	80001b9c	01351d93	slli	x27,x10,0x13	 x10:0x7c69f000 x27=0x80000000
        4535000	       452	80001ba0	01918663	beq	x3,x25,80001bac	  x3:0x00007a5a x25:0x80008524
        4545000	       453	80001ba4	f5855297	auipc	x5,0xf5855	  x5=0x75856ba0
        4555000	       454	80001ba8	01d9d213	srli	x4,x19,0x1d	 x19:0x000017d5  x4=0x00000000
        4565000	       455	80001bac	a8bdb113	sltiu	x2,x27,-1397	 x27:0x80000000  x2=0x00000001
        4575000	       456	80001bb0	05ebc063	blt	x23,x30,80001bf0	 x23:0x0000006a x30:0xffffffb8
        4585000	       457	80001bb4	00b1af33	slt	x30,x3,x11	  x3:0x00007a5a x11:0x00000026 x30=0x00000000
        4595000	       458	80001bb8	00263eb3	sltu	x29,x12,x2	 x12:0x8000811c  x2:0x00000001 x29=0x00000000
        4605000	       459	80001bbc	00abd5b3	srl	x11,x23,x10	 x23:0x0000006a x10:0x7c69f000 x11=0x0000006a
        4615000	       460	80001bc0	a12e6313	ori	x6,x28,-1518	 x28:0x0000ee74  x6=0xfffffe76
        4625000	       461	80001bc4	003ae663	bltu	x21,x3,80001bd0	 x21:0x80009f78  x3:0x00007a5a
        4635000	       462	80001bc8	01e69833	sll	x16,x13,x30	 x13:0x80009fc4 x30:0x00000000 x16=0x80009fc4
        4645000	       463	80001bcc	0105e733	or	x14,x11,x16	 x11:0x0000006a x16:0x80009fc4 x14=0x80009fee
        4655000	       464	80001bd0	00e2eb33	or	x22,x5,x14	  x5:0x75856ba0 x14:0x80009fee x22=0xf585ffee
        4665000	       465	80001bd4	00e54263	blt	x10,x14,80001bd8	 x10:0x7c69f000 x14:0x80009fee
        4675000	       466	80001bd8	01c9b933	sltu	x18,x19,x28	 x19:0x000017d5 x28:0x0000ee74 x18=0x00000001
        4685000	       467	80001bdc	95cdf813	andi	x16,x27,-1700	 x27:0x80000000 x16=0x80000000
        4695000	       468	80001be0	019802b3	add	x5,x16,x25	 x16:0x80000000 x25:0x80008524  x5=0x00008524
        4705000	       469	80001be4	0461c063	blt	x3,x6,80001c24	  x3:0x00007a5a  x6:0xfffffe76
        4715000	       470	80001be8	011d9113	slli	x2,x27,0x11	 x27:0x80000000  x2=0x00000000
        4725000	       471	80001bec	7a4ec713	xori	x14,x29,1956	 x29:0x00000000 x14=0x000007a4
        4735000	       472	80001bf0	01a0c663	blt	x1,x26,80001bfc	  x1:0x00000008 x26:0x126b85c9
        4745000	       473	00000000	00000013	addi	x0,x0,0	  x0:0x00000000
        4755000	       474	80001bf8	00000013	addi	x0,x0,0	  x0:0x00000000
        4765000	       475	80001bfc	000ddd93	srli	x27,x27,0x0	 x27:0x80000000 x27=0x80000000
        4775000	       476	80001c00	01839463	bne	x7,x24,80001c08	  x7:0x126b85c9 x24:0x126b85c9
        4785000	       477	80001c04	8ac5f917	auipc	x18,0x8ac5f	 x18=0x0ac60c00
        4795000	       478	80001c08	5d95f113	andi	x2,x11,1497	 x11:0x0000006a  x2=0x00000048
        4805000	       479	80001c0c	038e7e63	bgeu	x28,x24,80001c48	 x28:0x0000ee74 x24:0x126b85c9
        4815000	       480	80001c10	19977f93	andi	x31,x14,409	 x14:0x000007a4 x31=0x00000180
        4825000	       481	80001c14	03629863	bne	x5,x22,80001c44	  x5:0x00008524 x22:0xf585ffee
        4835000	       482	00000000	00000013	addi	x0,x0,0	  x0:0x00000000
        4845000	       483	80001c40	00000013	addi	x0,x0,0	  x0:0x00000000
        4855000	       484	80001c44	01d54233	xor	x4,x10,x29	 x10:0x7c69f000 x29:0x00000000  x4=0x7c69f000
        4865000	       485	80001c48	01a05db3	srl	x27,x0,x26	  x0:0x00000000 x26:0x126b85c9 x27=0x00000000
        4875000	       486	80001c4c	0345e463	bltu	x11,x20,80001c74	 x11:0x0000006a x20:0xccabfae4
        4885000	       487	00000000	00000013	addi	x0,x0,0	  x0:0x00000000
        4895000	       488	80001c70	00000013	addi	x0,x0,0	  x0:0x00000000
        4905000	       489	80001c74	00a6a133	slt	x2,x13,x10	 x13:0x80009fc4 x10:0x7c69f000  x2=0x00000001
        4915000	       490	80001c78	05696863	bltu	x18,x22,80001cc8	 x18:0x0ac60c00 x22:0xf585ffee
        4925000	       491	00000000	00000013	addi	x0,x0,0	  x0:0x00000000
        4935000	       492	80001cc4	00000013	addi	x0,x0,0	  x0:0x00000000
        4945000	       493	80001cc8	4e972d13	slti	x26,x14,1257	 x14:0x000007a4 x26=0x00000000
        4955000	       494	80001ccc	00d664b3	or	x9,x12,x13	 x12:0x8000811c x13:0x80009fc4  x9=0x80009fdc
        4965000	       495	80001cd0	01fd57b3	srl	x15,x26,x31	 x26:0x00000000 x31:0x00000180 x15=0x00000000
        4975000	       496	80001cd4	3e142313	slti	x6,x8,993	  x8:0x000000c2  x6=0x00000001
        4985000	       497	80001cd8	ff856e93	ori	x29,x10,-8	 x10:0x7c69f000 x29=0xfffffff8
        4995000	       498	80001cdc	40b552b3	sra	x5,x10,x11	 x10:0x7c69f000 x11:0x0000006a  x5=0x001f1a7c
        5005000	       499	80001ce0	8a8dff13	andi	x30,x27,-1880	 x27:0x00000000 x30=0x00000000
        5015000	       500	80001ce4	00000013	addi	x0,x0,0	  x0:0x00000000
        5025000	       501	80001ce8	e33dec37	lui	x24,0xe33de	 x24=0xe33de000
        5035000	       502	80001cec	0129de13	srli	x28,x19,0x12	 x19:0x000017d5 x28=0x00000000
        5045000	       503	80001cf0	00440263	beq	x8,x4,80001cf4	  x8:0x000000c2  x4:0x7c69f000
        5055000	       504	80001cf4	1ccee393	ori	x7,x29,460	 x29:0xfffffff8  x7=0xfffffffc
        5065000	       505	80001cf8	05a99063	bne	x19,x26,80001d38	 x19:0x000017d5 x26:0x00000000
        5075000	       506	00000000	00000013	addi	x0,x0,0	  x0:0x00000000
        5085000	       507	80001d34	00000013	addi	x0,x0,0	  x0:0x00000000
        5095000	       508	80001d38	00852fb3	slt	x31,x10,x8	 x10:0x7c69f000  x8:0x000000c2 x31=0x00000000
        5105000	       509	80001d3c	00f42433	slt	x8,x8,x15	  x8:0x000000c2 x15:0x00000000  x8=0x00000000
        5115000	       510	80001d40	40225033	sra	x0,x4,x2	  x4:0x7c69f000  x2:0x00000001
        5125000	       511	80001d44	00cf9c63	bne	x31,x12,80001d5c	 x31:0x00000000 x12:0x8000811c
        5135000	       512	00000000	00000013	addi	x0,x0,0	  x0:0x00000000
        5145000	       513	80001d58	00000013	addi	x0,x0,0	  x0:0x00000000
        5155000	       514	80001d5c	0337e463	bltu	x15,x19,80001d84	 x15:0x00000000 x19:0x000017d5
        5165000	       515	00000000	00000013	addi	x0,x0,0	  x0:0x00000000
        5175000	       516	80001d80	00000013	addi	x0,x0,0	  x0:0x00000000
        5185000	       517	80001d84	01fc37b3	sltu	x15,x24,x31	 x24:0xe33de000 x31:0x00000000 x15=0x00000000
        5195000	       518	80001d88	005e0e33	add	x28,x28,x5	 x28:0x00000000  x5:0x001f1a7c x28=0x001f1a7c
        5205000	       519	80001d8c	4111d4b3	sra	x9,x3,x17	  x3:0x00007a5a x17:0x0000f3fe  x9=0x00000000
        5215000	       520	80001d90	00000013	addi	x0,x0,0	  x0:0x00000000
        5225000	       521	80001d94	004d23b3	slt	x7,x26,x4	 x26:0x00000000  x4:0x7c69f000  x7=0x00000001
        5235000	       522	80001d98	00e98263	beq	x19,x14,80001d9c	 x19:0x000017d5 x14:0x000007a4
        5245000	       523	80001d9c	0146ca63	blt	x13,x20,80001db0	 x13:0x80009fc4 x20:0xccabfae4
        5255000	       524	00000000	00000013	addi	x0,x0,0	  x0:0x00000000
        5265000	       525	80001dac	00000013	addi	x0,x0,0	  x0:0x00000000
        5275000	       526	80001db0	021b1e63	bne	x22,x1,80001dec	 x22:0xf585ffee  x1:0x00000008
        5285000	       527	00000000	00000013	addi	x0,x0,0	  x0:0x00000000
        5295000	       528	80001de8	00000013	addi	x0,x0,0	  x0:0x00000000
        5305000	       529	80001dec	550c0413	addi	x8,x24,1360	 x24:0xe33de000  x8=0xe33de550
        5315000	       530	80001df0	147cb113	sltiu	x2,x25,327	 x25:0x80008524  x2=0x00000000
        5325000	       531	80001df4	40c6d913	srai	x18,x13,0xc	 x13:0x80009fc4 x18=0xfff80009
        5335000	       532	80001df8	e173bf13	sltiu	x30,x7,-489	  x7:0x00000001 x30=0x00000001
        5345000	       533	80001dfc	264e3f93	sltiu	x31,x28,612	 x28:0x001f1a7c x31=0x00000000
        5355000	       534	80001e00	004aa303	lw	x6,4(x21)	 x21:0x80009f78  x6=0x80000184 PA:0x80009f7c
        5365000	       535	00000000	00000013	addi	x0,x0,0	  x0:0x00000000
        5375000	       536	80001e04	00c33733	sltu	x14,x6,x12	  x6:0x80000184 x12:0x8000811c x14=0x00000001
        5385000	       537	80001e08	00ca8a93	addi	x21,x21,12	 x21:0x80009f78 x21=0x80009f84
        5395000	       538	80001e0c	01e5fd33	and	x26,x11,x30	 x11:0x0000006a x30:0x00000001 x26=0x00000000
        5405000	       539	80001e10	41315293	srai	x5,x2,0x13	  x2:0x00000000  x5=0x00000000
        5415000	       540	80001e14	00130d93	addi	x27,x6,1	  x6:0x80000184 x27=0x80000185
        5425000	       541	80001e18	000d8de7	jalr	x27,x27,0	 x27:0x80000185 x27=0x80001e18
        5435000	       542	00000000	00000013	addi	x0,x0,0	  x0:0x00000000
        5445000	       543	80000184	00000013	addi	x0,x0,0	  x0:0x00000000
        5455000	       544	80000188	00008597	auipc	x11,0x8	 x11=0x80008184
        5465000	       545	8000018c	68a58593	addi	x11,x11,1674	 x11:0x80008184 x11=0x8000880e
        5475000	       546	80000190	00008197	auipc	x3,0x8	  x3=0x8000818c
        5485000	       547	80000194	38118193	addi	x3,x3,897	  x3:0x8000818c  x3=0x8000850d
        5495000	       548	80000198	2fc18ea3	sb	x28,765(x3)	  x3:0x8000850d x28:0x001f1a7c PA:0x8000880a
        5505000	       549	8000019c	fad58003	lb	x0,-83(x11)	 x11:0x8000880e PA:0x800087bb
        5515000	       550	800001a0	f9758a03	lb	x20,-105(x11)	 x11:0x8000880e x20=0x00000000 PA:0x800087a5
        5525000	       551	800001a4	cab1a483	lw	x9,-853(x3)	  x3:0x8000850d  x9=0x9cf4fa6d PA:0x800081b8
        5535000	       552	800001a8	fc658e83	lb	x29,-58(x11)	 x11:0x8000880e x29=0x00000045 PA:0x800087d4
        5545000	       553	800001ac	f1859303	lh	x6,-232(x11)	 x11:0x8000880e  x6=0x00000743 PA:0x80008726
        5555000	       554	800001b0	ce91c283	lbu	x5,-791(x3)	  x3:0x8000850d  x5=0x000000a9 PA:0x800081f6
        5565000	       555	800001b4	f5d5c783	lbu	x15,-163(x11)	 x11:0x8000880e x15=0x00000038 PA:0x8000876b
        5575000	       556	800001b8	25818d83	lb	x27,600(x3)	  x3:0x8000850d x27=0x0000003a PA:0x80008765
        5585000	       557	800001bc	f27587a3	sb	x7,-209(x11)	 x11:0x8000880e  x7:0x00000001 PA:0x8000873d
        5595000	       558	800001c0	183192a3	sh	x3,389(x3)	  x3:0x8000850d  x3:0x8000850d PA:0x80008692
        5605000	       559	800001c4	f305dc83	lhu	x25,-208(x11)	 x11:0x8000880e x25=0x00004844 PA:0x8000873e
        5615000	       560	800001c8	1e71a603	lw	x12,487(x3)	  x3:0x8000850d x12=0xa67f6d5f PA:0x800086f4
        5625000	       561	800001cc	1d118323	sb	x17,454(x3)	  x3:0x8000850d x17:0x0000f3fe PA:0x800086d3
        5635000	       562	800001d0	f0459603	lh	x12,-252(x11)	 x11:0x8000880e x12=0xffffdbf5 PA:0x80008712
        5645000	       563	800001d4	f8f5a123	sw	x15,-126(x11)	 x11:0x8000880e x15:0x00000038 PA:0x80008790
        5655000	       564	800001d8	09e18603	lb	x12,158(x3)	  x3:0x8000850d x12=0x00000047 PA:0x800085ab
        5665000	       565	800001dc	c1818103	lb	x2,-1000(x3)	  x3:0x8000850d  x2=0x0000001c PA:0x80008125
        5675000	       566	800001e0	f9c59f83	lh	x31,-100(x11)	 x11:0x8000880e x31=0x00004437 PA:0x800087aa
        5685000	       567	800001e4	bcc18b23	sb	x12,-1066(x3)	  x3:0x8000850d x12:0x00000047 PA:0x800080e3
        5695000	       568	800001e8	00008c17	auipc	x24,0x8	 x24=0x800081e4
        5705000	       569	800001ec	301c0c13	addi	x24,x24,769	 x24:0x800081e4 x24=0x800084e5
        5715000	       570	800001f0	01f60a33	add	x20,x12,x31	 x12:0x00000047 x31:0x00004437 x20=0x0000447e
        5725000	       571	800001f4	f097c513	xori	x10,x15,-247	 x15:0x00000038 x10=0xffffff31
        5735000	       572	800001f8	f06c0a03	lb	x20,-250(x24)	 x24:0x800084e5 x20=0x00000044 PA:0x800083eb
        5745000	       573	800001fc	40970333	sub	x6,x14,x9	 x14:0x00000001  x9:0x9cf4fa6d  x6=0x630b0594
        5755000	       574	80000200	00818333	add	x6,x3,x8	  x3:0x8000850d  x8:0xe33de550  x6=0x633e6a5d
        5765000	       575	80000204	1c2c4103	lbu	x2,450(x24)	 x24:0x800084e5  x2=0x000000a2 PA:0x800086a7
        5775000	       576	80000208	008fa3b3	slt	x7,x31,x8	 x31:0x00004437  x8:0xe33de550  x7=0x00000000
        5785000	       577	8000020c	17b76d17	auipc	x26,0x17b76	 x26=0x97b76208
        5795000	       578	80000210	d5bc1ba3	sh	x27,-681(x24)	 x24:0x800084e5 x27:0x0000003a PA:0x8000823c
        5805000	       579	80000214	32ec4183	lbu	x3,814(x24)	 x24:0x800084e5  x3=0x000000c0 PA:0x80008813
        5815000	       580	80000218	eab6a893	slti	x17,x13,-341	 x13:0x80009fc4 x17=0x00000001
        5825000	       581	8000021c	fe5c5203	lhu	x4,-27(x24)	 x24:0x800084e5  x4=0x0000f8f5 PA:0x800084ca
        5835000	       582	00000000	00000013	addi	x0,x0,0	  x0:0x00000000
        5845000	       583	80000220	fe4c4283	lbu	x5,-28(x24)	 x24:0x800084e5  x5=0x00000049 PA:0x800084c9
        5855000	       584	80000224	40335793	srai	x15,x6,0x3	  x6:0x633e6a5d x15=0x0c67cd4b
        5865000	       585	80000228	2f058737	lui	x14,0x2f058	 x14=0x2f058000
        5875000	       586	8000022c	00f51433	sll	x8,x10,x15	 x10:0xffffff31 x15:0x0c67cd4b  x8=0xfff98800
        5885000	       587	80000230	057c0123	sb	x23,66(x24)	 x24:0x800084e5 x23:0x0000006a PA:0x80008527
        5895000	       588	80000234	00e50d33	add	x26,x10,x14	 x10:0xffffff31 x14:0x2f058000 x26=0x2f057f31
        5905000	       589	80000238	c682c513	xori	x10,x5,-920	  x5:0x00000049 x10=0xfffffc21
        5915000	       590	8000023c	01e7ba33	sltu	x20,x15,x30	 x15:0x0c67cd4b x30:0x00000001 x20=0x00000000
        5925000	       591	80000240	88724b13	xori	x22,x4,-1913	  x4:0x0000f8f5 x22=0xffff0072
        5935000	       592	80000244	06bc5283	lhu	x5,107(x24)	 x24:0x800084e5  x5=0x0000d4fa PA:0x80008550
        5945000	       593	80000248	292c0c83	lb	x25,658(x24)	 x24:0x800084e5 x25=0xffffffef PA:0x80008777
        5955000	       594	8000024c	c44c0303	lb	x6,-956(x24)	 x24:0x800084e5  x6=0x0000005f PA:0x80008129
        5965000	       595	80000250	00009117	auipc	x2,0x9	  x2=0x8000924c
        5975000	       596	80000254	8e810113	addi	x2,x2,-1816	  x2:0x8000924c  x2=0x80008b34
        5985000	       597	80000258	0c714e83	lbu	x29,199(x2)	  x2:0x80008b34 x29=0x00000001 PA:0x80008bfb
        5995000	       598	8000025c	00a89613	slli	x12,x17,0xa	 x17:0x00000001 x12=0x00000400
        6005000	       599	80000260	00000013	addi	x0,x0,0	  x0:0x00000000
        6015000	       600	80000264	0e411923	sh	x4,242(x2)	  x2:0x80008b34  x4:0x0000f8f5 PA:0x80008c26
        6025000	       601	80000268	0f214d03	lbu	x26,242(x2)	  x2:0x80008b34 x26=0x000000f5 PA:0x80008c26
        6035000	       602	8000026c	f2010523	sb	x0,-214(x2)	  x2:0x80008b34  x0:0x00000000 PA:0x80008a5e
        6045000	       603	80000270	fd310fa3	sb	x19,-33(x2)	  x2:0x80008b34 x19:0x000017d5 PA:0x80008b13
        6055000	       604	80000274	402709b3	sub	x19,x14,x2	 x14:0x2f058000  x2:0x80008b34 x19=0xaf04f4cc
        6065000	       605	80000278	40ef03b3	sub	x7,x30,x14	 x30:0x00000001 x14:0x2f058000  x7=0xd0fa8001
        6075000	       606	8000027c	fd410fa3	sb	x20,-33(x2)	  x2:0x80008b34 x20:0x00000000 PA:0x80008b13
        6085000	       607	80000280	fdf10e83	lb	x29,-33(x2)	  x2:0x80008b34 x29=0x00000000 PA:0x80008b13
        6095000	       608	80000284	f3812483	lw	x9,-200(x2)	  x2:0x80008b34  x9=0x9c9b44c9 PA:0x80008a6c
        6105000	       609	80000288	f3811f03	lh	x30,-200(x2)	  x2:0x80008b34 x30=0x000044c9 PA:0x80008a6c
        6115000	       610	8000028c	f1fdca13	xori	x20,x27,-225	 x27:0x0000003a x20=0xffffff25
        6125000	       611	80000290	06c10803	lb	x16,108(x2)	  x2:0x80008b34 x16=0xffffffcf PA:0x80008ba0
        6135000	       612	80000294	01910da3	sb	x25,27(x2)	  x2:0x80008b34 x25:0xffffffef PA:0x80008b4f
        6145000	       613	80000298	01110da3	sb	x17,27(x2)	  x2:0x80008b34 x17:0x00000001 PA:0x80008b4f
        6155000	       614	8000029c	006107b3	add	x15,x2,x6	  x2:0x80008b34  x6:0x0000005f x15=0x80008b93
        6165000	       615	800002a0	896df913	andi	x18,x27,-1898	 x27:0x0000003a x18=0x00000012
        6175000	       616	800002a4	27da8113	addi	x2,x21,637	 x21:0x80009f84  x2=0x8000a201
        6185000	       617	800002a8	ebd58c13	addi	x24,x11,-323	 x11:0x8000880e x24=0x800086cb
        6195000	       618	800002ac	a872b893	sltiu	x17,x5,-1401	  x5:0x0000d4fa x17=0x00000001
        6205000	       619	800002b0	0051c4b3	xor	x9,x3,x5	  x3:0x000000c0  x5:0x0000d4fa  x9=0x0000d43a
        6215000	       620	800002b4	0113a7b3	slt	x15,x7,x17	  x7:0xd0fa8001 x17:0x00000001 x15=0x00000001
        6225000	       621	800002b8	00000013	addi	x0,x0,0	  x0:0x00000000
        6235000	       622	800002bc	000095b3	sll	x11,x1,x0	  x1:0x00000008  x0:0x00000000 x11=0x00000008
        6245000	       623	800002c0	01159c93	slli	x25,x11,0x11	 x11:0x00000008 x25=0x00100000
        6255000	       624	800002c4	717cd137	lui	x2,0x717cd	  x2=0x717cd000
        6265000	       625	800002c8	502b3a13	sltiu	x20,x22,1282	 x22:0xffff0072 x20=0x00000000
        6275000	       626	800002cc	8db8a993	slti	x19,x17,-1829	 x17:0x00000001 x19=0x00000000
        6285000	       627	800002d0	0132d513	srli	x10,x5,0x13	  x5:0x0000d4fa x10=0x00000000
        6295000	       628	800002d4	4031d933	sra	x18,x3,x3	  x3:0x000000c0  x3:0x000000c0 x18=0x000000c0
        6305000	       629	800002d8	03e29a63	bne	x5,x30,8000030c	  x5:0x0000d4fa x30:0x000044c9
        6315000	       630	00000000	00000013	addi	x0,x0,0	  x0:0x00000000
        6325000	       631	80000308	00000013	addi	x0,x0,0	  x0:0x00000000
        6335000	       632	8000030c	5a25e513	ori	x10,x11,1442	 x11:0x00000008 x10=0x000005aa
        6345000	       633	80000310	01948663	beq	x9,x25,8000031c	  x9:0x0000d43a x25:0x00100000
        6355000	       634	80000314	00850e33	add	x28,x10,x8	 x10:0x000005aa  x8:0xfff98800 x28=0xfff98daa
        6365000	       635	80000318	02a4e263	bltu	x9,x10,8000033c	  x9:0x0000d43a x10:0x000005aa
        6375000	       636	8000031c	004be033	or	x0,x23,x4	 x23:0x0000006a  x4:0x0000f8f5
        6385000	       637	80000320	04f97463	bgeu	x18,x15,80000368	 x18:0x000000c0 x15:0x00000001
        6395000	       638	00000000	00000013	addi	x0,x0,0	  x0:0x00000000
        6405000	       639	80000364	00000013	addi	x0,x0,0	  x0:0x00000000
        6415000	       640	80000368	01f503b3	add	x7,x10,x31	 x10:0x000005aa x31:0x00004437  x7=0x000049e1
        6425000	       641	8000036c	6cf44193	xori	x3,x8,1743	  x8:0xfff98800  x3=0xfff98ecf
        6435000	       642	80000370	01b90433	add	x8,x18,x27	 x18:0x000000c0 x27:0x0000003a  x8=0x000000fa
        6445000	       643	80000374	01640233	add	x4,x8,x22	  x8:0x000000fa x22:0xffff0072  x4=0xffff016c
        6455000	       644	80000378	40d60333	sub	x6,x12,x13	 x12:0x00000400 x13:0x80009fc4  x6=0x7fff643c
        6465000	       645	8000037c	023ac663	blt	x21,x3,800003a8	 x21:0x80009f84  x3:0xfff98ecf
        6475000	       646	00000000	00000013	addi	x0,x0,0	  x0:0x00000000
        6485000	       647	800003a4	00000013	addi	x0,x0,0	  x0:0x00000000
        6495000	       648	800003a8	030cda63	bge	x25,x16,800003dc	 x25:0x00100000 x16:0xffffffcf
        6505000	       649	00000000	00000013	addi	x0,x0,0	  x0:0x00000000
        6515000	       650	800003d8	00000013	addi	x0,x0,0	  x0:0x00000000
        6525000	       651	800003dc	40ae8db3	sub	x27,x29,x10	 x29:0x00000000 x10:0x000005aa x27=0xfffffa56
        6535000	       652	800003e0	dc8aa413	slti	x8,x21,-568	 x21:0x80009f84  x8=0x00000001
        6545000	       653	800003e4	ad29b413	sltiu	x8,x19,-1326	 x19:0x00000000  x8=0x00000001
        6555000	       654	800003e8	0183feb3	and	x29,x7,x24	  x7:0x000049e1 x24:0x800086cb x29=0x000000c1
        6565000	       655	800003ec	01f73eb3	sltu	x29,x14,x31	 x14:0x2f058000 x31:0x00004437 x29=0x00000000
        6575000	       656	800003f0	005dceb3	xor	x29,x27,x5	 x27:0xfffffa56  x5:0x0000d4fa x29=0xffff2eac
        6585000	       657	800003f4	017e8733	add	x14,x29,x23	 x29:0xffff2eac x23:0x0000006a x14=0xffff2f16
        6595000	       658	800003f8	00000013	addi	x0,x0,0	  x0:0x00000000
        6605000	       659	800003fc	00d42013	slti	x0,x8,13	  x8:0x00000001
        6615000	       660	80000400	00000917	auipc	x18,0x0	 x18=0x800003fc
        6625000	       661	80000404	1c890913	addi	x18,x18,456	 x18:0x800003fc x18=0x800005c4
        6635000	       662	80000408	e1a90913	addi	x18,x18,-486	 x18:0x800005c4 x18=0x800003de
        6645000	       663	8000040c	00ba88b3	add	x17,x21,x11	 x21:0x80009f84 x11:0x00000008 x17=0x80009f8c
        6655000	       664	80000410	1e790367	jalr	x6,x18,487	 x18:0x800003de  x6=0x80000410
        6665000	       665	00000000	00000013	addi	x0,x0,0	  x0:0x00000000
        6675000	       666	800005c4	00000013	addi	x0,x0,0	  x0:0x00000000
        6685000	       667	800005c8	40a58b33	sub	x22,x11,x10	 x11:0x00000008 x10:0x000005aa x22=0xfffffa5e
        6695000	       668	800005cc	fc4a8a93	addi	x21,x21,-60	 x21:0x80009f84 x21=0x80009f48
        6705000	       669	800005d0	0139bcb3	sltu	x25,x19,x19	 x19:0x00000000 x19:0x00000000 x25=0x00000000
        6715000	       670	800005d4	9ec13493	sltiu	x9,x2,-1556	  x2:0x717cd000  x9=0x00000001
        6725000	       671	800005d8	4bf8fe93	andi	x29,x17,1215	 x17:0x80009f8c x29=0x0000048c
        6735000	       672	800005dc	7e7cce13	xori	x28,x25,2023	 x25:0x00000000 x28=0x000007e7
        6745000	       673	800005e0	4e96cf13	xori	x30,x13,1257	 x13:0x80009fc4 x30=0x80009b2d
        6755000	       674	800005e4	006aa223	sw	x6,4(x21)	 x21:0x80009f48  x6:0x80000410 PA:0x80009f4c
        6765000	       675	800005e8	01751f33	sll	x30,x10,x23	 x10:0x000005aa x23:0x0000006a x30=0x0016a800
        6775000	       676	800005ec	418f5d93	srai	x27,x30,0x18	 x30:0x0016a800 x27=0x00000000
        6785000	       677	800005f0	596f4893	xori	x17,x30,1430	 x30:0x0016a800 x17=0x0016ad96
        6795000	       678	800005f4	2a25f297	auipc	x5,0x2a25f	  x5=0xaa25f5f0
        6805000	       679	800005f8	00008c97	auipc	x25,0x8	 x25=0x800085f4
        6815000	       680	800005fc	dd5c8c93	addi	x25,x25,-555	 x25:0x800085f4 x25=0x800083c9
        6825000	       681	80000600	00ec8983	lb	x19,14(x25)	 x25:0x800083c9 x19=0xfffffff3 PA:0x800083d7
        6835000	       682	80000604	00008497	auipc	x9,0x8	  x9=0x80008600
        6845000	       683	80000608	e6d48493	addi	x9,x9,-403	  x9:0x80008600  x9=0x8000846d
        6855000	       684	8000060c	00008d97	auipc	x27,0x8	 x27=0x80008608
        6865000	       685	80000610	f84d8d93	addi	x27,x27,-124	 x27:0x80008608 x27=0x8000858c
        6875000	       686	80000614	00008597	auipc	x11,0x8	 x11=0x80008610
        6885000	       687	80000618	e4f58593	addi	x11,x11,-433	 x11:0x80008610 x11=0x8000845f
        6895000	       688	8000061c	ff34d303	lhu	x6,-13(x9)	  x9:0x8000846d  x6=0x000013ca PA:0x80008460
        6905000	       689	80000620	009c8623	sb	x9,12(x25)	 x25:0x800083c9  x9:0x8000846d PA:0x800083d5
        6915000	       690	80000624	f3159f03	lh	x30,-207(x11)	 x11:0x8000845f x30=0x0000693e PA:0x80008390
        6925000	       691	80000628	009494a3	sh	x9,9(x9)	  x9:0x8000846d  x9:0x8000846d PA:0x80008476
        6935000	       692	8000062c	00008617	auipc	x12,0x8	 x12=0x80008628
        6945000	       693	80000630	b4460613	addi	x12,x12,-1212	 x12:0x80008628 x12=0x8000816c
        6955000	       694	80000634	0064c003	lbu	x0,6(x9)	  x9:0x8000846d PA:0x80008473
        6965000	       695	80000638	017c8123	sb	x23,2(x25)	 x25:0x800083c9 x23:0x0000006a PA:0x800083cb
        6975000	       696	8000063c	fc665883	lhu	x17,-58(x12)	 x12:0x8000816c x17=0x0000b5d8 PA:0x80008132
        6985000	       697	80000640	005dc903	lbu	x18,5(x27)	 x27:0x8000858c x18=0x00000075 PA:0x80008591
        6995000	       698	80000644	0b35cf03	lbu	x30,179(x11)	 x11:0x8000845f x30=0x0000008e PA:0x80008512
        7005000	       699	80000648	fe549fa3	sh	x5,-1(x9)	  x9:0x8000846d  x5:0xaa25f5f0 PA:0x8000846c
        7015000	       700	8000064c	ff6d8883	lb	x17,-10(x27)	 x27:0x8000858c x17=0x0000001a PA:0x80008582
        7025000	       701	80000650	00e61f23	sh	x14,30(x12)	 x12:0x8000816c x14:0xffff2f16 PA:0x8000818a
        7035000	       702	80000654	00ec8883	lb	x17,14(x25)	 x25:0x800083c9 x17=0xfffffff3 PA:0x800083d7
        7045000	       703	80000658	00158283	lb	x5,1(x11)	 x11:0x8000845f  x5=0xffffffca PA:0x80008460
        7055000	       704	8000065c	fed48b23	sb	x13,-10(x9)	  x9:0x8000846d x13:0x80009fc4 PA:0x80008463
        7065000	       705	80000660	ffacc783	lbu	x15,-6(x25)	 x25:0x800083c9 x15=0x00000065 PA:0x800083c3
        7075000	       706	80000664	010dd503	lhu	x10,16(x27)	 x27:0x8000858c x10=0x00009861 PA:0x8000859c
        7085000	       707	80000668	fc760b83	lb	x23,-57(x12)	 x12:0x8000816c x23=0xffffffb5 PA:0x80008133
        7095000	       708	8000066c	07458723	sb	x20,110(x11)	 x11:0x8000845f x20:0x00000000 PA:0x800084cd
        7105000	       709	80000670	00bd8823	sb	x11,16(x27)	 x27:0x8000858c x11:0x8000845f PA:0x8000859c
        7115000	       710	80000674	ff4ccf03	lbu	x30,-12(x25)	 x25:0x800083c9 x30=0x0000004e PA:0x800083bd
        7125000	       711	80000678	002cc883	lbu	x17,2(x25)	 x25:0x800083c9 x17=0x0000006a PA:0x800083cb
        7135000	       712	8000067c	01a60b83	lb	x23,26(x12)	 x12:0x8000816c x23=0xffffffd2 PA:0x80008186
        7145000	       713	80000680	0bf58803	lb	x16,191(x11)	 x11:0x8000845f x16=0x00000023 PA:0x8000851e
        7155000	       714	00000000	00000013	addi	x0,x0,0	  x0:0x00000000
        7165000	       715	80000684	010dc783	lbu	x15,16(x27)	 x27:0x8000858c x15=0x0000005f PA:0x8000859c
        7175000	       716	80000688	001cc703	lbu	x14,1(x25)	 x25:0x800083c9 x14=0x00000080 PA:0x800083ca
        7185000	       717	8000068c	ff9dc303	lbu	x6,-7(x27)	 x27:0x8000858c  x6=0x0000002f PA:0x80008585
        7195000	       718	80000690	ffa48f03	lb	x30,-6(x9)	  x9:0x8000846d x30=0xffffffdd PA:0x80008467
        7205000	       719	80000694	f6d5ad03	lw	x26,-147(x11)	 x11:0x8000845f x26=0xf36a9c9b PA:0x800083cc
        7215000	       720	80000698	fe248da3	sb	x2,-5(x9)	  x9:0x8000846d  x2:0x717cd000 PA:0x80008468
        7225000	       721	8000069c	001cdb83	lhu	x23,1(x25)	 x25:0x800083c9 x23=0x00006a80 PA:0x800083ca
        7235000	       722	800006a0	fec58383	lb	x7,-20(x11)	 x11:0x8000845f  x7=0x00000029 PA:0x8000844b
        7245000	       723	800006a4	ff24c283	lbu	x5,-14(x9)	  x9:0x8000846d  x5=0x00000011 PA:0x8000845f
        7255000	       724	800006a8	03b600a3	sb	x27,33(x12)	 x12:0x8000816c x27:0x8000858c PA:0x8000818d
        7265000	       725	800006ac	0004c203	lbu	x4,0(x9)	  x9:0x8000846d  x4=0x000000f5 PA:0x8000846d
        7275000	       726	800006b0	02161523	sh	x1,42(x12)	 x12:0x8000816c  x1:0x00000008 PA:0x80008196
        7285000	       727	800006b4	01061323	sh	x16,6(x12)	 x12:0x8000816c x16:0x00000023 PA:0x80008172
        7295000	       728	800006b8	f6258ea3	sb	x2,-131(x11)	 x11:0x8000845f  x2:0x717cd000 PA:0x800083dc
        7305000	       729	800006bc	00c62c23	sw	x12,24(x12)	 x12:0x8000816c x12:0x8000816c PA:0x80008184
        7315000	       730	800006c0	ff3d8383	lb	x7,-13(x27)	 x27:0x8000858c  x7=0x00000068 PA:0x8000857f
        7325000	       731	800006c4	01e492a3	sh	x30,5(x9)	  x9:0x8000846d x30:0xffffffdd PA:0x80008472
        7335000	       732	800006c8	00dcdb03	lhu	x22,13(x25)	 x25:0x800083c9 x22=0x0000f300 PA:0x800083d6
        7345000	       733	800006cc	00008797	auipc	x15,0x8	 x15=0x800086c8
        7355000	       734	800006d0	c8178793	addi	x15,x15,-895	 x15:0x800086c8 x15=0x80008349
        7365000	       735	800006d4	03d78b03	lb	x22,61(x15)	 x15:0x80008349 x22=0x0000000a PA:0x80008386
        7375000	       736	800006d8	00008197	auipc	x3,0x8	  x3=0x800086d4
        7385000	       737	800006dc	a9818193	addi	x3,x3,-1384	  x3:0x800086d4  x3=0x8000816c
        7395000	       738	800006e0	fdf78ca3	sb	x31,-39(x15)	 x15:0x80008349 x31:0x00004437 PA:0x80008322
        7405000	       739	800006e4	fc5781a3	sb	x5,-61(x15)	 x15:0x80008349  x5:0x00000011 PA:0x8000830c
        7415000	       740	800006e8	fc67c903	lbu	x18,-58(x15)	 x15:0x80008349 x18=0x00000041 PA:0x8000830f
        7425000	       741	800006ec	fda1ac23	sw	x26,-40(x3)	  x3:0x8000816c x26:0xf36a9c9b PA:0x80008144
        7435000	       742	800006f0	ffb7dc03	lhu	x24,-5(x15)	 x15:0x80008349 x24=0x0000a83b PA:0x80008344
        7445000	       743	800006f4	02a7c403	lbu	x8,42(x15)	 x15:0x80008349  x8=0x00000043 PA:0x80008373
        7455000	       744	800006f8	01518da3	sb	x21,27(x3)	  x3:0x8000816c x21:0x80009f48 PA:0x80008187
        7465000	       745	800006fc	0221d483	lhu	x9,34(x3)	  x3:0x8000816c  x9=0x00008d66 PA:0x8000818e
        7475000	       746	80000700	0087c803	lbu	x16,8(x15)	 x15:0x80008349 x16=0x0000009f PA:0x80008351
        7485000	       747	80000704	fcb1c383	lbu	x7,-53(x3)	  x3:0x8000816c  x7=0x00000035 PA:0x80008137
        7495000	       748	80000708	03579103	lh	x2,53(x15)	 x15:0x80008349  x2=0x00000a0e PA:0x8000837e
        7505000	       749	8000070c	ffa19b23	sh	x26,-10(x3)	  x3:0x8000816c x26:0xf36a9c9b PA:0x80008162
        7515000	       750	80000710	00008117	auipc	x2,0x8	  x2=0x8000870c
        7525000	       751	80000714	24c10113	addi	x2,x2,588	  x2:0x8000870c  x2=0x80008958
        7535000	       752	80000718	00171f13	slli	x30,x14,0x1	 x14:0x00000080 x30=0x00000100
        7545000	       753	8000071c	ff415c03	lhu	x24,-12(x2)	  x2:0x80008958 x24=0x000031cd PA:0x8000894c
        7555000	       754	00000000	00000013	addi	x0,x0,0	  x0:0x00000000
        7565000	       755	80000720	018d4733	xor	x14,x26,x24	 x26:0xf36a9c9b x24:0x000031cd x14=0xf36aad56
        7575000	       756	80000724	fed10a23	sb	x13,-12(x2)	  x2:0x80008958 x13:0x80009fc4 PA:0x8000894c
        7585000	       757	80000728	ff415903	lhu	x18,-12(x2)	  x2:0x80008958 x18=0x000031c4 PA:0x8000894c
        7595000	       758	8000072c	ff810a23	sb	x24,-12(x2)	  x2:0x80008958 x24:0x000031cd PA:0x8000894c
        7605000	       759	80000730	ff312a23	sw	x19,-12(x2)	  x2:0x80008958 x19:0xfffffff3 PA:0x8000894c
        7615000	       760	80000734	fe412a23	sw	x4,-12(x2)	  x2:0x80008958  x4:0x000000f5 PA:0x8000894c
        7625000	       761	80000738	fe612a23	sw	x6,-12(x2)	  x2:0x80008958  x6:0x0000002f PA:0x8000894c
        7635000	       762	8000073c	ff412d03	lw	x26,-12(x2)	  x2:0x80008958 x26=0x0000002f PA:0x8000894c
        7645000	       763	80000740	25c0beb7	lui	x29,0x25c0b	 x29=0x25c0b000
        7655000	       764	80000744	ff414303	lbu	x6,-12(x2)	  x2:0x80008958  x6=0x0000002f PA:0x8000894c
        7665000	       765	80000748	ff411603	lh	x12,-12(x2)	  x2:0x80008958 x12=0x0000002f PA:0x8000894c
        7675000	       766	8000074c	b3d4ab13	slti	x22,x9,-1219	  x9:0x00008d66 x22=0x00000000
        7685000	       767	80000750	01d10ca3	sb	x29,25(x2)	  x2:0x80008958 x29:0x25c0b000 PA:0x80008971
        7695000	       768	80000754	41c2d193	srai	x3,x5,0x1c	  x5:0x00000011  x3=0x00000000
        7705000	       769	80000758	01c10ca3	sb	x28,25(x2)	  x2:0x80008958 x28:0x000007e7 PA:0x80008971
        7715000	       770	8000075c	01910b03	lb	x22,25(x2)	  x2:0x80008958 x22=0xffffffe7 PA:0x80008971
        7725000	       771	80000760	00510ca3	sb	x5,25(x2)	  x2:0x80008958  x5:0x00000011 PA:0x80008971
        7735000	       772	80000764	01910b83	lb	x23,25(x2)	  x2:0x80008958 x23=0x00000011 PA:0x80008971
        7745000	       773	80000768	01914303	lbu	x6,25(x2)	  x2:0x80008958  x6=0x00000011 PA:0x80008971
        7755000	       774	8000076c	00008117	auipc	x2,0x8	  x2=0x80008768
        7765000	       775	80000770	e8d10113	addi	x2,x2,-371	  x2:0x80008768  x2=0x800085f5
        7775000	       776	80000774	c1110c03	lb	x24,-1007(x2)	  x2:0x800085f5 x24=0xffffffca PA:0x80008206
        7785000	       777	80000778	12614e03	lbu	x28,294(x2)	  x2:0x800085f5 x28=0x000000ff PA:0x8000871b
        7795000	       778	8000077c	40f18b33	sub	x22,x3,x15	  x3:0x00000000 x15:0x80008349 x22=0x7fff7cb7
        7805000	       779	80000780	00c51213	slli	x4,x10,0xc	 x10:0x00009861  x4=0x09861000
        7815000	       780	80000784	00000013	addi	x0,x0,0	  x0:0x00000000
        7825000	       781	80000788	c5c14e03	lbu	x28,-932(x2)	  x2:0x800085f5 x28=0x000000fc PA:0x80008251
        7835000	       782	8000078c	8a4bea13	ori	x20,x23,-1884	 x23:0x00000011 x20=0xfffff8b5
        7845000	       783	80000790	409ed3b3	sra	x7,x29,x9	 x29:0x25c0b000  x9:0x00008d66  x7=0x009702c0
        7855000	       784	80000794	d0310523	sb	x3,-758(x2)	  x2:0x800085f5  x3:0x00000000 PA:0x800082ff
        7865000	       785	80000798	01f3ec33	or	x24,x7,x31	  x7:0x009702c0 x31:0x00004437 x24=0x009746f7
        7875000	       786	8000079c	00000013	addi	x0,x0,0	  x0:0x00000000
        7885000	       787	800007a0	d097b013	sltiu	x0,x15,-759	 x15:0x80008349
        7895000	       788	800007a4	15b15f03	lhu	x30,347(x2)	  x2:0x800085f5 x30=0x0000440b PA:0x80008750
        7905000	       789	800007a8	00ec58b3	srl	x17,x24,x14	 x24:0x009746f7 x14:0xf36aad56 x17=0x00000002
        7915000	       790	800007ac	f5c10b23	sb	x28,-170(x2)	  x2:0x800085f5 x28:0x000000fc PA:0x8000854b
        7925000	       791	800007b0	ae610383	lb	x7,-1306(x2)	  x2:0x800085f5  x7=0x00000061 PA:0x800080db
        7935000	       792	800007b4	1da125a3	sw	x26,459(x2)	  x2:0x800085f5 x26:0x0000002f PA:0x800087c0
        7945000	       793	800007b8	0f79d237	lui	x4,0xf79d	  x4=0x0f79d000
        7955000	       794	800007bc	01241313	slli	x6,x8,0x12	  x8:0x00000043  x6=0x010c0000
        7965000	       795	800007c0	00000013	addi	x0,x0,0	  x0:0x00000000
        7975000	       796	800007c4	e4e10e83	lb	x29,-434(x2)	  x2:0x800085f5 x29=0x00000056 PA:0x80008443
        7985000	       797	00000000	00000013	addi	x0,x0,0	  x0:0x00000000
        7995000	       798	800007c8	d9d108a3	sb	x29,-623(x2)	  x2:0x800085f5 x29:0x00000056 PA:0x80008386
        8005000	       799	800007cc	f2514d03	lbu	x26,-219(x2)	  x2:0x800085f5 x26=0x000000ad PA:0x8000851a
        8015000	       800	00000000	00000013	addi	x0,x0,0	  x0:0x00000000
        8025000	       801	800007d0	019d05b3	add	x11,x26,x25	 x26:0x000000ad x25:0x800083c9 x11=0x80008476
        8035000	       802	800007d4	c3510e03	lb	x28,-971(x2)	  x2:0x800085f5 x28=0xfffffff6 PA:0x8000822a
        8045000	       803	00000000	00000013	addi	x0,x0,0	  x0:0x00000000
        8055000	       804	800007d8	1dc10c03	lb	x24,476(x2)	  x2:0x800085f5 x24=0x00000070 PA:0x800087d1
        8065000	       805	800007dc	01915283	lhu	x5,25(x2)	  x2:0x800085f5  x5=0x00008fd6 PA:0x8000860e
        8075000	       806	800007e0	b7111b83	lh	x23,-1167(x2)	  x2:0x800085f5 x23=0xffffc491 PA:0x80008166
        8085000	       807	800007e4	a87117a3	sh	x7,-1393(x2)	  x2:0x800085f5  x7:0x00000061 PA:0x80008084
        8095000	       808	800007e8	00bad493	srli	x9,x21,0xb	 x21:0x80009f48  x9=0x00100013
        8105000	       809	800007ec	0158bc33	sltu	x24,x17,x21	 x17:0x00000002 x21:0x80009f48 x24=0x00000001
        8115000	       810	800007f0	bed14983	lbu	x19,-1043(x2)	  x2:0x800085f5 x19=0x0000006a PA:0x800081e2
        8125000	       811	800007f4	d6d10983	lb	x19,-659(x2)	  x2:0x800085f5 x19=0xffffffe5 PA:0x80008362
        8135000	       812	800007f8	00008117	auipc	x2,0x8	  x2=0x800087f4
        8145000	       813	800007fc	b0810113	addi	x2,x2,-1272	  x2:0x800087f4  x2=0x800082fc
        8155000	       814	80000800	0133d4b3	srl	x9,x7,x19	  x7:0x00000061 x19:0xffffffe5  x9=0x00000003
        8165000	       815	80000804	bd4e0c93	addi	x25,x28,-1068	 x28:0xfffffff6 x25=0xfffffbca
        8175000	       816	80000808	00f11423	sh	x15,8(x2)	  x2:0x800082fc x15:0x80008349 PA:0x80008304
        8185000	       817	8000080c	03110a03	lb	x20,49(x2)	  x2:0x800082fc x20=0x0000004b PA:0x8000832d
        8195000	       818	80000810	9c982e93	slti	x29,x16,-1591	 x16:0x0000009f x29=0x00000000
        8205000	       819	80000814	004b6933	or	x18,x22,x4	 x22:0x7fff7cb7  x4:0x0f79d000 x18=0x7ffffcb7
        8215000	       820	80000818	fea14203	lbu	x4,-22(x2)	  x2:0x800082fc  x4=0x000000e4 PA:0x800082e6
        8225000	       821	8000081c	40960233	sub	x4,x12,x9	 x12:0x0000002f  x9:0x00000003  x4=0x0000002c
        8235000	       822	80000820	0113a3b3	slt	x7,x7,x17	  x7:0x00000061 x17:0x00000002  x7=0x00000000
        8245000	       823	80000824	fdc0c713	xori	x14,x1,-36	  x1:0x00000008 x14=0xffffffd4
        8255000	       824	80000828	377f7897	auipc	x17,0x377f7	 x17=0xb77f7824
        8265000	       825	8000082c	66a53f93	sltiu	x31,x10,1642	 x10:0x00009861 x31=0x00000000
        8275000	       826	80000830	1a728393	addi	x7,x5,423	  x5:0x00008fd6  x7=0x0000917d
        8285000	       827	80000834	3bb8ab93	slti	x23,x17,955	 x17:0xb77f7824 x23=0x00000001
        8295000	       828	80000838	02f14783	lbu	x15,47(x2)	  x2:0x800082fc x15=0x00000001 PA:0x8000832b
        8305000	       829	8000083c	004ec4b3	xor	x9,x29,x4	 x29:0x00000000  x4:0x0000002c  x9=0x0000002c
        8315000	       830	80000840	01f10783	lb	x15,31(x2)	  x2:0x800082fc x15=0x0000006a PA:0x8000831b
        8325000	       831	80000844	00015303	lhu	x6,0(x2)	  x2:0x800082fc  x6=0x0000f6f3 PA:0x800082fc
        8335000	       832	80000848	00310603	lb	x12,3(x2)	  x2:0x800082fc x12=0x00000000 PA:0x800082ff
        8345000	       833	8000084c	00102533	slt	x10,x0,x1	  x0:0x00000000  x1:0x00000008 x10=0x00000001
        8355000	       834	80000850	00614d83	lbu	x27,6(x2)	  x2:0x800082fc x27=0x00000012 PA:0x80008302
        8365000	       835	80000854	00000013	addi	x0,x0,0	  x0:0x00000000
        8375000	       836	80000858	00f14403	lbu	x8,15(x2)	  x2:0x800082fc  x8=0x00000091 PA:0x8000830b
        8385000	       837	8000085c	fd97e213	ori	x4,x15,-39	 x15:0x0000006a  x4=0xfffffffb
        8395000	       838	80000860	00810123	sb	x8,2(x2)	  x2:0x800082fc  x8:0x00000091 PA:0x800082fe
        8405000	       839	80000864	fcd12223	sw	x13,-60(x2)	  x2:0x800082fc x13:0x80009fc4 PA:0x800082c0
        8415000	       840	80000868	01011913	slli	x18,x2,0x10	  x2:0x800082fc x18=0x82fc0000
        8425000	       841	8000086c	01914b83	lbu	x23,25(x2)	  x2:0x800082fc x23=0x00000098 PA:0x80008315
        8435000	       842	80000870	02314e83	lbu	x29,35(x2)	  x2:0x800082fc x29=0x000000b8 PA:0x8000831f
        8445000	       843	80000874	003111b3	sll	x3,x2,x3	  x2:0x800082fc  x3:0x00000000  x3=0x800082fc
        8455000	       844	80000878	fe314583	lbu	x11,-29(x2)	  x2:0x800082fc x11=0x000000a0 PA:0x800082df
        8465000	       845	8000087c	52a1cc13	xori	x24,x3,1322	  x3:0x800082fc x24=0x800087d6
        8475000	       846	80000880	0143d913	srli	x18,x7,0x14	  x7:0x0000917d x18=0x00000000
        8485000	       847	80000884	01d10ba3	sb	x29,23(x2)	  x2:0x800082fc x29:0x000000b8 PA:0x80008313
        8495000	       848	80000888	41dd5033	sra	x0,x26,x29	 x26:0x000000ad x29:0x000000b8
        8505000	       849	8000088c	ffb14383	lbu	x7,-5(x2)	  x2:0x800082fc  x7=0x00000022 PA:0x800082f7
        8515000	       850	80000890	fea10e03	lb	x28,-22(x2)	  x2:0x800082fc x28=0xffffffe4 PA:0x800082e6
        8525000	       851	80000894	ad3fba13	sltiu	x20,x31,-1325	 x31:0x00000000 x20=0x00000001
        8535000	       852	80000898	fff10f83	lb	x31,-1(x2)	  x2:0x800082fc x31=0x00000013 PA:0x800082fb
        8545000	       853	8000089c	00082d33	slt	x26,x16,x0	 x16:0x0000009f  x0:0x00000000 x26=0x00000000
        8555000	       854	800008a0	fed10623	sb	x13,-20(x2)	  x2:0x800082fc x13:0x80009fc4 PA:0x800082e8
        8565000	       855	800008a4	407a5c33	sra	x24,x20,x7	 x20:0x00000001  x7:0x00000022 x24=0x00000000
        8575000	       856	800008a8	fde10523	sb	x30,-54(x2)	  x2:0x800082fc x30:0x0000440b PA:0x800082c6
        8585000	       857	800008ac	01215483	lhu	x9,18(x2)	  x2:0x800082fc  x9=0x000041f7 PA:0x8000830e
        8595000	       858	800008b0	38826813	ori	x16,x4,904	  x4:0xfffffffb x16=0xfffffffb
        8605000	       859	800008b4	00e524b3	slt	x9,x10,x14	 x10:0x00000001 x14:0xffffffd4  x9=0x00000000
        8615000	       860	800008b8	03812183	lw	x3,56(x2)	  x2:0x800082fc  x3=0x00ef12fe PA:0x80008334
        8625000	       861	800008bc	ffd10f23	sb	x29,-2(x2)	  x2:0x800082fc x29:0x000000b8 PA:0x800082fa
        8635000	       862	800008c0	bc564013	xori	x0,x12,-1083	 x12:0x00000000
        8645000	       863	800008c4	fcd14403	lbu	x8,-51(x2)	  x2:0x800082fc  x8=0x00000085 PA:0x800082c9
        8655000	       864	800008c8	fed10583	lb	x11,-19(x2)	  x2:0x800082fc x11=0xffffffb2 PA:0x800082e9
        8665000	       865	800008cc	00008817	auipc	x16,0x8	 x16=0x800088c8
        8675000	       866	800008d0	38b80813	addi	x16,x16,907	 x16:0x800088c8 x16=0x80008c53
        8685000	       867	800008d4	00008d97	auipc	x27,0x8	 x27=0x800088d0
        8695000	       868	800008d8	442d8d93	addi	x27,x27,1090	 x27:0x800088d0 x27=0x80008d12
        8705000	       869	800008dc	1b880fa3	sb	x24,447(x16)	 x16:0x80008c53 x24:0x00000000 PA:0x80008e12
        8715000	       870	800008e0	ffedd903	lhu	x18,-2(x27)	 x27:0x80008d12 x18=0x00009739 PA:0x80008d10
        8725000	       871	800008e4	ff8d8d23	sb	x24,-6(x27)	 x27:0x80008d12 x24:0x00000000 PA:0x80008d0c
        8735000	       872	800008e8	00008a17	auipc	x20,0x8	 x20=0x800088e4
        8745000	       873	800008ec	533a0a13	addi	x20,x20,1331	 x20:0x800088e4 x20=0x80008e17
        8755000	       874	800008f0	12e80b03	lb	x22,302(x16)	 x16:0x80008c53 x22=0x0000000f PA:0x80008d81
        8765000	       875	800008f4	10ba0f23	sb	x11,286(x20)	 x20:0x80008e17 x11:0xffffffb2 PA:0x80008f35
        8775000	       876	800008f8	cb880923	sb	x24,-846(x16)	 x16:0x80008c53 x24:0x00000000 PA:0x80008905
        8785000	       877	800008fc	ffdd8b03	lb	x22,-3(x27)	 x27:0x80008d12 x22=0xffffffc6 PA:0x80008d0f
        8795000	       878	80000900	006d8b83	lb	x23,6(x27)	 x27:0x80008d12 x23=0x00000018 PA:0x80008d18
        8805000	       879	80000904	07c80d03	lb	x26,124(x16)	 x16:0x80008c53 x26=0x00000021 PA:0x80008ccf
        8815000	       880	80000908	145a4203	lbu	x4,325(x20)	 x20:0x80008e17  x4=0x00000057 PA:0x80008f5c
        8825000	       881	8000090c	ff1dc203	lbu	x4,-15(x27)	 x27:0x80008d12  x4=0x000000b9 PA:0x80008d03
        8835000	       882	80000910	f83a03a3	sb	x3,-121(x20)	 x20:0x80008e17  x3:0x00ef12fe PA:0x80008d9e
        8845000	       883	80000914	00cdd903	lhu	x18,12(x27)	 x27:0x80008d12 x18=0x00001890 PA:0x80008d1e
        8855000	       884	80000918	fae80e03	lb	x28,-82(x16)	 x16:0x80008c53 x28=0xffffff89 PA:0x80008c01
        8865000	       885	8000091c	14aa0703	lb	x14,330(x20)	 x20:0x80008e17 x14=0xffffffd5 PA:0x80008f61
        8875000	       886	80000920	caf80023	sb	x15,-864(x16)	 x16:0x80008c53 x15:0x0000006a PA:0x800088f3
        8885000	       887	80000924	febd8da3	sb	x11,-5(x27)	 x27:0x80008d12 x11:0xffffffb2 PA:0x80008d0d
        8895000	       888	80000928	fe1a1783	lh	x15,-31(x20)	 x20:0x80008e17 x15=0xffffe74a PA:0x80008df8
        8905000	       889	8000092c	a5fa4503	lbu	x10,-1441(x20)	 x20:0x80008e17 x10=0x00000075 PA:0x80008876
        8915000	       890	80000930	00008797	auipc	x15,0x8	 x15=0x8000892c
        8925000	       891	80000934	f0378793	addi	x15,x15,-253	 x15:0x8000892c x15=0x8000882f
        8935000	       892	80000938	fe0788a3	sb	x0,-15(x15)	 x15:0x8000882f  x0:0x00000000 PA:0x80008820
        8945000	       893	8000093c	fe0798a3	sh	x0,-15(x15)	 x15:0x8000882f  x0:0x00000000 PA:0x80008820
        8955000	       894	80000940	ff77a8a3	sw	x23,-15(x15)	 x15:0x8000882f x23:0x00000018 PA:0x80008820
        8965000	       895	80000944	feb7a8a3	sw	x11,-15(x15)	 x15:0x8000882f x11:0xffffffb2 PA:0x80008820
        8975000	       896	80000948	ffe7a8a3	sw	x30,-15(x15)	 x15:0x8000882f x30:0x0000440b PA:0x80008820
        8985000	       897	8000094c	01ad5733	srl	x14,x26,x26	 x26:0x00000021 x26:0x00000021 x14=0x00000010
        8995000	       898	80000950	ffc78c23	sb	x28,-8(x15)	 x15:0x8000882f x28:0xffffff89 PA:0x80008827
        9005000	       899	80000954	6ccd8213	addi	x4,x27,1740	 x27:0x80008d12  x4=0x800093de
        9015000	       900	80000958	ff878c83	lb	x25,-8(x15)	 x15:0x8000882f x25=0xffffff89 PA:0x80008827
        9025000	       901	8000095c	ff87cd83	lbu	x27,-8(x15)	 x15:0x8000882f x27=0x00000089 PA:0x80008827
        9035000	       902	80000960	ff87c483	lbu	x9,-8(x15)	 x15:0x8000882f  x9=0x00000089 PA:0x80008827
        9045000	       903	80000964	fed78c23	sb	x13,-8(x15)	 x15:0x8000882f x13:0x80009fc4 PA:0x80008827
        9055000	       904	80000968	ffd78c23	sb	x29,-8(x15)	 x15:0x8000882f x29:0x000000b8 PA:0x80008827
        9065000	       905	8000096c	ffe7ca03	lbu	x20,-2(x15)	 x15:0x8000882f x20=0x00000038 PA:0x8000882d
        9075000	       906	80000970	ffe7c303	lbu	x6,-2(x15)	 x15:0x8000882f  x6=0x00000038 PA:0x8000882d
        9085000	       907	80000974	00ac0433	add	x8,x24,x10	 x24:0x00000000 x10:0x00000075  x8=0x00000075
        9095000	       908	80000978	feb78f23	sb	x11,-2(x15)	 x15:0x8000882f x11:0xffffffb2 PA:0x8000882d
        9105000	       909	8000097c	0007ca03	lbu	x20,0(x15)	 x15:0x8000882f x20=0x00000097 PA:0x8000882f
        9115000	       910	80000980	0007c383	lbu	x7,0(x15)	 x15:0x8000882f  x7=0x00000097 PA:0x8000882f
        9125000	       911	80000984	00878023	sb	x8,0(x15)	 x15:0x8000882f  x8:0x00000075 PA:0x8000882f
        9135000	       912	80000988	01c78023	sb	x28,0(x15)	 x15:0x8000882f x28:0xffffff89 PA:0x8000882f
        9145000	       913	8000098c	00e795a3	sh	x14,11(x15)	 x15:0x8000882f x14:0x00000010 PA:0x8000883a
        9155000	       914	80000990	00008117	auipc	x2,0x8	  x2=0x8000898c
        9165000	       915	80000994	9f810113	addi	x2,x2,-1544	  x2:0x8000898c  x2=0x80008384
        9175000	       916	80000998	014105a3	sb	x20,11(x2)	  x2:0x80008384 x20:0x00000097 PA:0x8000838f
        9185000	       917	8000099c	ff610ba3	sb	x22,-9(x2)	  x2:0x80008384 x22:0xffffffc6 PA:0x8000837b
        9195000	       918	800009a0	6e73fd13	andi	x26,x7,1767	  x7:0x00000097 x26=0x00000087
        9205000	       919	800009a4	01054cb3	xor	x25,x10,x16	 x10:0x00000075 x16:0x80008c53 x25=0x80008c26
        9215000	       920	800009a8	00415383	lhu	x7,4(x2)	  x2:0x80008384  x7=0x00008371 PA:0x80008388
        9225000	       921	800009ac	00000013	addi	x0,x0,0	  x0:0x00000000
        9235000	       922	800009b0	ff710f83	lb	x31,-9(x2)	  x2:0x80008384 x31=0xffffffc6 PA:0x8000837b
        9245000	       923	800009b4	00f10283	lb	x5,15(x2)	  x2:0x80008384  x5=0x0000005f PA:0x80008393
        9255000	       924	800009b8	01b322b3	slt	x5,x6,x27	  x6:0x00000038 x27:0x00000089  x5=0x00000001
        9265000	       925	800009bc	00653f33	sltu	x30,x10,x6	 x10:0x00000075  x6:0x00000038 x30=0x00000000
        9275000	       926	800009c0	ff210703	lb	x14,-14(x2)	  x2:0x80008384 x14=0x00000033 PA:0x80008376
        9285000	       927	800009c4	41965b93	srai	x23,x12,0x19	 x12:0x00000000 x23=0x00000000
        9295000	       928	800009c8	407dd733	sra	x14,x27,x7	 x27:0x00000089  x7:0x00008371 x14=0x00000000
        9305000	       929	800009cc	ff210d83	lb	x27,-14(x2)	  x2:0x80008384 x27=0x00000033 PA:0x80008376
        9315000	       930	800009d0	01d91613	slli	x12,x18,0x1d	 x18:0x00001890 x12=0x00000000
        9325000	       931	800009d4	0117abb3	slt	x23,x15,x17	 x15:0x8000882f x17:0xb77f7824 x23=0x00000001
        9335000	       932	800009d8	00c10423	sb	x12,8(x2)	  x2:0x80008384 x12:0x00000000 PA:0x8000838c
        9345000	       933	800009dc	00914183	lbu	x3,9(x2)	  x2:0x80008384  x3=0x000000e3 PA:0x8000838d
        9355000	       934	800009e0	00a15703	lhu	x14,10(x2)	  x2:0x80008384 x14=0x0000973e PA:0x8000838e
        9365000	       935	800009e4	40d405b7	lui	x11,0x40d40	 x11=0x40d40000
        9375000	       936	800009e8	008eac33	slt	x24,x29,x8	 x29:0x000000b8  x8:0x00000075 x24=0x00000000
        9385000	       937	800009ec	01512423	sw	x21,8(x2)	  x2:0x80008384 x21:0x80009f48 PA:0x8000838c
        9395000	       938	800009f0	00355f33	srl	x30,x10,x3	 x10:0x00000075  x3:0x000000e3 x30=0x0000000e
        9405000	       939	800009f4	00914f03	lbu	x30,9(x2)	  x2:0x80008384 x30=0x0000009f PA:0x8000838d
        9415000	       940	800009f8	0fc77c93	andi	x25,x14,252	 x14:0x0000973e x25=0x0000003c
        9425000	       941	800009fc	00000013	addi	x0,x0,0	  x0:0x00000000
        9435000	       942	80000a00	00264f33	xor	x30,x12,x2	 x12:0x00000000  x2:0x80008384 x30=0x80008384
        9445000	       943	80000a04	002369b3	or	x19,x6,x2	  x6:0x00000038  x2:0x80008384 x19=0x800083bc
        9455000	       944	80000a08	00514b03	lbu	x22,5(x2)	  x2:0x80008384 x22=0x00000083 PA:0x80008389
        9465000	       945	00000000	00000013	addi	x0,x0,0	  x0:0x00000000
        9475000	       946	80000a0c	0162a733	slt	x14,x5,x22	  x5:0x00000001 x22:0x00000083 x14=0x00000001
        9485000	       947	80000a10	22a9e393	ori	x7,x19,554	 x19:0x800083bc  x7=0x800083be
        9495000	       948	80000a14	01012c83	lw	x25,16(x2)	  x2:0x80008384 x25=0xdea0574b PA:0x80008394
        9505000	       949	00000000	00000013	addi	x0,x0,0	  x0:0x00000000
        9515000	       950	80000a18	ff910e23	sb	x25,-4(x2)	  x2:0x80008384 x25:0xdea0574b PA:0x80008380
        9525000	       951	80000a1c	00bf1413	slli	x8,x30,0xb	 x30:0x80008384  x8=0x041c2000
        9535000	       952	80000a20	aee2ef93	ori	x31,x5,-1298	  x5:0x00000001 x31=0xfffffaef
        9545000	       953	80000a24	db99f793	andi	x15,x19,-583	 x19:0x800083bc x15=0x800081b8
        9555000	       954	80000a28	ff011f83	lh	x31,-16(x2)	  x2:0x80008384 x31=0x00005d13 PA:0x80008374
        9565000	       955	80000a2c	41378033	sub	x0,x15,x19	 x15:0x800081b8 x19:0x800083bc
        9575000	       956	80000a30	013f18b3	sll	x17,x30,x19	 x30:0x80008384 x19:0x800083bc x17=0x40000000
        9585000	       957	80000a34	01810823	sb	x24,16(x2)	  x2:0x80008384 x24:0x00000000 PA:0x80008394
        9595000	       958	80000a38	00000013	addi	x0,x0,0	  x0:0x00000000
        9605000	       959	80000a3c	01aebd33	sltu	x26,x29,x26	 x29:0x000000b8 x26:0x00000087 x26=0x00000000
        9615000	       960	80000a40	00c15f03	lhu	x30,12(x2)	  x2:0x80008384 x30=0x0000693e PA:0x80008390
        9625000	       961	80000a44	ab183493	sltiu	x9,x16,-1359	 x16:0x80008c53  x9=0x00000001
        9635000	       962	80000a48	ffb14c83	lbu	x25,-5(x2)	  x2:0x80008384 x25=0x0000000a PA:0x8000837f
        9645000	       963	80000a4c	01f103a3	sb	x31,7(x2)	  x2:0x80008384 x31:0x00005d13 PA:0x8000838b
        9655000	       964	80000a50	ffd10883	lb	x17,-3(x2)	  x2:0x80008384 x17=0xffffff8e PA:0x80008381
        9665000	       965	80000a54	ff811383	lh	x7,-8(x2)	  x2:0x80008384  x7=0x00007b18 PA:0x8000837c
        9675000	       966	80000a58	ff815383	lhu	x7,-8(x2)	  x2:0x80008384  x7=0x00007b18 PA:0x8000837c
        9685000	       967	80000a5c	00ecfdb3	and	x27,x25,x14	 x25:0x0000000a x14:0x00000001 x27=0x00000000
        9695000	       968	80000a60	00215283	lhu	x5,2(x2)	  x2:0x80008384  x5=0x00007356 PA:0x80008386
        9705000	       969	80000a64	00e14303	lbu	x6,14(x2)	  x2:0x80008384  x6=0x0000007e PA:0x80008392
        9715000	       970	80000a68	00008297	auipc	x5,0x8	  x5=0x80008a64
        9725000	       971	80000a6c	dd828293	addi	x5,x5,-552	  x5:0x80008a64  x5=0x8000883c
        9735000	       972	80000a70	ff428783	lb	x15,-12(x5)	  x5:0x8000883c x15=0xffffffc1 PA:0x80008830
        9745000	       973	80000a74	ff22c883	lbu	x17,-14(x5)	  x5:0x8000883c x17=0x00000026 PA:0x8000882e
        9755000	       974	80000a78	ff728d03	lb	x26,-9(x5)	  x5:0x8000883c x26=0xffffffde PA:0x80008833
        9765000	       975	80000a7c	0092a823	sw	x9,16(x5)	  x5:0x8000883c  x9:0x00000001 PA:0x8000884c
        9775000	       976	80000a80	92fe1d17	auipc	x26,0x92fe1	 x26=0x12fe1a7c
        9785000	       977	80000a84	ff029403	lh	x8,-16(x5)	  x5:0x8000883c  x8=0xffffb26b PA:0x8000882c
        9795000	       978	80000a88	ffe29403	lh	x8,-2(x5)	  x5:0x8000883c  x8=0x00000010 PA:0x8000883a
        9805000	       979	80000a8c	ff229c03	lh	x24,-14(x5)	  x5:0x8000883c x24=0xffff8926 PA:0x8000882e
        9815000	       980	80000a90	01f779b3	and	x19,x14,x31	 x14:0x00000001 x31:0x00005d13 x19=0x00000001
        9825000	       981	80000a94	b451deb7	lui	x29,0xb451d	 x29=0xb451d000
        9835000	       982	80000a98	00e9fb33	and	x22,x19,x14	 x19:0x00000001 x14:0x00000001 x22=0x00000001
        9845000	       983	80000a9c	5d396d13	ori	x26,x18,1491	 x18:0x00001890 x26=0x00001dd3
        9855000	       984	80000aa0	415d5e33	sra	x28,x26,x21	 x26:0x00001dd3 x21:0x80009f48 x28=0x0000001d
        9865000	       985	80000aa4	00665e93	srli	x29,x12,0x6	 x12:0x00000000 x29=0x00000000
        9875000	       986	80000aa8	403dd613	srai	x12,x27,0x3	 x27:0x00000000 x12=0x00000000
        9885000	       987	80000aac	f202a513	slti	x10,x5,-224	  x5:0x8000883c x10=0x00000001
        9895000	       988	80000ab0	ff528d03	lb	x26,-11(x5)	  x5:0x8000883c x26=0x0000007b PA:0x80008831
        9905000	       989	80000ab4	b60fff93	andi	x31,x31,-1184	 x31:0x00005d13 x31=0x00005900
        9915000	       990	80000ab8	ffe28483	lb	x9,-2(x5)	  x5:0x8000883c  x9=0x00000010 PA:0x8000883a
        9925000	       991	80000abc	cd9bcb93	xori	x23,x23,-807	 x23:0x00000001 x23=0xfffffcd8
        9935000	       992	80000ac0	009f0333	add	x6,x30,x9	 x30:0x0000693e  x9:0x00000010  x6=0x0000694e
        9945000	       993	80000ac4	00b28f83	lb	x31,11(x5)	  x5:0x8000883c x31=0xffffffff PA:0x80008847
        9955000	       994	80000ac8	00274033	xor	x0,x14,x2	 x14:0x00000001  x2:0x80008384
        9965000	       995	80000acc	011e5593	srli	x11,x28,0x11	 x28:0x0000001d x11=0x00000000
        9975000	       996	80000ad0	00928703	lb	x14,9(x5)	  x5:0x8000883c x14=0x0000003b PA:0x80008845
        9985000	       997	80000ad4	00928123	sb	x9,2(x5)	  x5:0x8000883c  x9:0x00000010 PA:0x8000883e
        9995000	       998	80000ad8	013f1f33	sll	x30,x30,x19	 x30:0x0000693e x19:0x00000001 x30=0x0000d27c
       10005000	       999	80000adc	00928f83	lb	x31,9(x5)	  x5:0x8000883c x31=0x0000003b PA:0x80008845
       10015000	      1000	80000ae0	01e4e433	or	x8,x9,x30	  x9:0x00000010 x30:0x0000d27c  x8=0x0000d27c
       10025000	      1001	80000ae4	ff828103	lb	x2,-8(x5)	  x5:0x8000883c  x2=0xffffff90 PA:0x80008834
       10035000	      1002	80000ae8	00d28303	lb	x6,13(x5)	  x5:0x8000883c  x6=0x0000002c PA:0x80008849
       10045000	      1003	80000aec	ffa2cf03	lbu	x30,-6(x5)	  x5:0x8000883c x30=0x00000072 PA:0x80008836
       10055000	      1004	80000af0	40cc5333	sra	x6,x24,x12	 x24:0xffff8926 x12:0x00000000  x6=0xffff8926
       10065000	      1005	80000af4	018282a3	sb	x24,5(x5)	  x5:0x8000883c x24:0xffff8926 PA:0x80008841
       10075000	      1006	80000af8	019ddb93	srli	x23,x27,0x19	 x27:0x00000000 x23=0x00000000
       10085000	      1007	80000afc	00d2cd83	lbu	x27,13(x5)	  x5:0x8000883c x27=0x0000002c PA:0x80008849
       10095000	      1008	80000b00	ff02de83	lhu	x29,-16(x5)	  x5:0x8000883c x29=0x0000b26b PA:0x8000882c
       10105000	      1009	80000b04	012284a3	sb	x18,9(x5)	  x5:0x8000883c x18:0x00001890 PA:0x80008845
       10115000	      1010	80000b08	014705b3	add	x11,x14,x20	 x14:0x0000003b x20:0x00000097 x11=0x000000d2
       10125000	      1011	80000b0c	fe628ca3	sb	x6,-7(x5)	  x5:0x8000883c  x6:0xffff8926 PA:0x80008835
       10135000	      1012	80000b10	ff029383	lh	x7,-16(x5)	  x5:0x8000883c  x7=0xffffb26b PA:0x8000882c
       10145000	      1013	80000b14	a577b413	sltiu	x8,x15,-1449	 x15:0xffffffc1  x8=0x00000000
       10155000	      1014	80000b18	013b1b13	slli	x22,x22,0x13	 x22:0x00000001 x22=0x00080000
       10165000	      1015	80000b1c	01d2e733	or	x14,x5,x29	  x5:0x8000883c x29:0x0000b26b x14=0x8000ba7f
       10175000	      1016	80000b20	00ae87b3	add	x15,x29,x10	 x29:0x0000b26b x10:0x00000001 x15=0x0000b26c
       10185000	      1017	80000b24	180aa737	lui	x14,0x180aa	 x14=0x180aa000
       10195000	      1018	80000b28	41fe0d33	sub	x26,x28,x31	 x28:0x0000001d x31:0x0000003b x26=0xffffffe2
       10205000	      1019	80000b2c	00f82133	slt	x2,x16,x15	 x16:0x80008c53 x15:0x0000b26c  x2=0x00000001
       10215000	      1020	80000b30	019a5493	srli	x9,x20,0x19	 x20:0x00000097  x9=0x00000000
       10225000	      1021	80000b34	003fae33	slt	x28,x31,x3	 x31:0x0000003b  x3:0x000000e3 x28=0x00000001
       10235000	      1022	80000b38	fff28003	lb	x0,-1(x5)	  x5:0x8000883c PA:0x8000883b
       10245000	      1023	80000b3c	41d5de33	sra	x28,x11,x29	 x11:0x000000d2 x29:0x0000b26b x28=0x00000000
       10255000	      1024	80000b40	335cc393	xori	x7,x25,821	 x25:0x0000000a  x7=0x0000033f
       10265000	      1025	80000b44	00c285a3	sb	x12,11(x5)	  x5:0x8000883c x12:0x00000000 PA:0x80008847
       10275000	      1026	80000b48	00008917	auipc	x18,0x8	 x18=0x80008b44
       10285000	      1027	80000b4c	9dd90913	addi	x18,x18,-1571	 x18:0x80008b44 x18=0x80008521
       10295000	      1028	80000b50	fc294883	lbu	x17,-62(x18)	 x18:0x80008521 x17=0x00000033 PA:0x800084e3
       10305000	      1029	80000b54	fc290703	lb	x14,-62(x18)	 x18:0x80008521 x14=0x00000033 PA:0x800084e3
       10315000	      1030	80000b58	fc890123	sb	x8,-62(x18)	 x18:0x80008521  x8:0x00000000 PA:0x800084e3
       10325000	      1031	80000b5c	03d90ba3	sb	x29,55(x18)	 x18:0x80008521 x29:0x0000b26b PA:0x80008558
       10335000	      1032	80000b60	03792483	lw	x9,55(x18)	 x18:0x80008521  x9=0xd7bd556b PA:0x80008558
       10345000	      1033	80000b64	03794f83	lbu	x31,55(x18)	 x18:0x80008521 x31=0x0000006b PA:0x80008558
       10355000	      1034	80000b68	03791383	lh	x7,55(x18)	 x18:0x80008521  x7=0x0000556b PA:0x80008558
       10365000	      1035	80000b6c	0184c433	xor	x8,x9,x24	  x9:0xd7bd556b x24:0xffff8926  x8=0x2842dc4d
       10375000	      1036	80000b70	03792803	lw	x16,55(x18)	 x18:0x80008521 x16=0xd7bd556b PA:0x80008558
       10385000	      1037	80000b74	03791483	lh	x9,55(x18)	 x18:0x80008521  x9=0x0000556b PA:0x80008558
       10395000	      1038	80000b78	fe390ba3	sb	x3,-9(x18)	 x18:0x80008521  x3:0x000000e3 PA:0x80008518
       10405000	      1039	80000b7c	ff795783	lhu	x15,-9(x18)	 x18:0x80008521 x15=0x00000fe3 PA:0x80008518
       10415000	      1040	80000b80	00b108b3	add	x17,x2,x11	  x2:0x00000001 x11:0x000000d2 x17=0x000000d3
       10425000	      1041	80000b84	ff792d83	lw	x27,-9(x18)	 x18:0x80008521 x27=0x21ad0fe3 PA:0x80008518
       10435000	      1042	80000b88	005983b3	add	x7,x19,x5	 x19:0x00000001  x5:0x8000883c  x7=0x8000883d
       10445000	      1043	80000b8c	ff791203	lh	x4,-9(x18)	 x18:0x80008521  x4=0x00000fe3 PA:0x80008518
       10455000	      1044	80000b90	ffe90ba3	sb	x30,-9(x18)	 x18:0x80008521 x30:0x00000072 PA:0x80008518
       10465000	      1045	80000b94	ff792b03	lw	x22,-9(x18)	 x18:0x80008521 x22=0x21ad0f72 PA:0x80008518
       10475000	      1046	80000b98	ff790103	lb	x2,-9(x18)	 x18:0x80008521  x2=0x00000072 PA:0x80008518
       10485000	      1047	80000b9c	ffc90ba3	sb	x28,-9(x18)	 x18:0x80008521 x28:0x00000000 PA:0x80008518
       10495000	      1048	80000ba0	00008117	auipc	x2,0x8	  x2=0x80008b9c
       10505000	      1049	80000ba4	ba510113	addi	x2,x2,-1115	  x2:0x80008b9c  x2=0x80008741
       10515000	      1050	80000ba8	01814183	lbu	x3,24(x2)	  x2:0x80008741  x3=0x000000f9 PA:0x80008759
       10525000	      1051	80000bac	fe010023	sb	x0,-32(x2)	  x2:0x80008741  x0:0x00000000 PA:0x80008721
       10535000	      1052	80000bb0	fc514483	lbu	x9,-59(x2)	  x2:0x80008741  x9=0x00000001 PA:0x80008706
       10545000	      1053	80000bb4	00b10923	sb	x11,18(x2)	  x2:0x80008741 x11:0x000000d2 PA:0x80008753
       10555000	      1054	80000bb8	00000013	addi	x0,x0,0	  x0:0x00000000
       10565000	      1055	80000bbc	02214b03	lbu	x22,34(x2)	  x2:0x80008741 x22=0x00000099 PA:0x80008763
       10575000	      1056	80000bc0	00aba5b3	slt	x11,x23,x10	 x23:0x00000000 x10:0x00000001 x11=0x00000001
       10585000	      1057	80000bc4	004575b3	and	x11,x10,x4	 x10:0x00000001  x4:0x00000fe3 x11=0x00000001
       10595000	      1058	80000bc8	03210503	lb	x10,50(x2)	  x2:0x80008741 x10=0xffffff89 PA:0x80008773
       10605000	      1059	80000bcc	0018da33	srl	x20,x17,x1	 x17:0x000000d3  x1:0x00000008 x20=0x00000000
       10615000	      1060	80000bd0	6820b013	sltiu	x0,x1,1666	  x1:0x00000008
       10625000	      1061	80000bd4	01da94b3	sll	x9,x21,x29	 x21:0x80009f48 x29:0x0000b26b  x9=0x04fa4000
       10635000	      1062	80000bd8	01c10223	sb	x28,4(x2)	  x2:0x80008741 x28:0x00000000 PA:0x80008745
       10645000	      1063	80000bdc	29d2eb17	auipc	x22,0x29d2e	 x22=0xa9d2ebd8
       10655000	      1064	80000be0	01a2d7b3	srl	x15,x5,x26	  x5:0x8000883c x26:0xffffffe2 x15=0x2000220f
       10665000	      1065	80000be4	fe614783	lbu	x15,-26(x2)	  x2:0x80008741 x15=0x00000007 PA:0x80008727
       10675000	      1066	80000be8	d4493013	sltiu	x0,x18,-700	 x18:0x80008521
       10685000	      1067	80000bec	00ad8b33	add	x22,x27,x10	 x27:0x21ad0fe3 x10:0xffffff89 x22=0x21ad0f6c
       10695000	      1068	80000bf0	02b14983	lbu	x19,43(x2)	  x2:0x80008741 x19=0x0000007b PA:0x8000876c
       10705000	      1069	80000bf4	4b61ac93	slti	x25,x3,1206	  x3:0x000000f9 x25=0x00000001
       10715000	      1070	80000bf8	00000013	addi	x0,x0,0	  x0:0x00000000
       10725000	      1071	80000bfc	01366bb3	or	x23,x12,x19	 x12:0x00000000 x19:0x0000007b x23=0x0000007b
       10735000	      1072	80000c00	97e02c93	slti	x25,x0,-1666	  x0:0x00000000 x25=0x00000000
       10745000	      1073	80000c04	a322f317	auipc	x6,0xa322f	  x6=0x2322fc00
       10755000	      1074	80000c08	01c14383	lbu	x7,28(x2)	  x2:0x80008741  x7=0x000000c5 PA:0x8000875d
       10765000	      1075	80000c0c	fdb127a3	sw	x27,-49(x2)	  x2:0x80008741 x27:0x21ad0fe3 PA:0x80008710
       10775000	      1076	80000c10	00007317	auipc	x6,0x7	  x6=0x80007c0c
       10785000	      1077	80000c14	67430313	addi	x6,x6,1652	  x6:0x80007c0c  x6=0x80008280
       10795000	      1078	80000c18	e1834903	lbu	x18,-488(x6)	  x6:0x80008280 x18=0x00000096 PA:0x80008098
       10805000	      1079	80000c1c	00007b97	auipc	x23,0x7	 x23=0x80007c18
       10815000	      1080	80000c20	785b8b93	addi	x23,x23,1925	 x23:0x80007c18 x23=0x8000839d
       10825000	      1081	80000c24	eb734f03	lbu	x30,-329(x6)	  x6:0x80008280 x30=0x00000035 PA:0x80008137
       10835000	      1082	80000c28	ff1b8f83	lb	x31,-15(x23)	 x23:0x8000839d x31=0x00000000 PA:0x8000838e
       10845000	      1083	80000c2c	45134583	lbu	x11,1105(x6)	  x6:0x80008280 x11=0x000000dd PA:0x800086d1
       10855000	      1084	80000c30	1b731d23	sh	x23,442(x6)	  x6:0x80008280 x23:0x8000839d PA:0x8000843a
       10865000	      1085	80000c34	2e8300a3	sb	x8,737(x6)	  x6:0x80008280  x8:0x2842dc4d PA:0x80008561
       10875000	      1086	80000c38	ff8bc603	lbu	x12,-8(x23)	 x23:0x8000839d x12=0x00000057 PA:0x80008395
       10885000	      1087	80000c3c	ff8b8d83	lb	x27,-8(x23)	 x23:0x8000839d x27=0x00000057 PA:0x80008395
       10895000	      1088	80000c40	e3434c03	lbu	x24,-460(x6)	  x6:0x80008280 x24=0x00000091 PA:0x800080b4
       10905000	      1089	80000c44	001b8523	sb	x1,10(x23)	 x23:0x8000839d  x1:0x00000008 PA:0x800083a7
       10915000	      1090	80000c48	18334583	lbu	x11,387(x6)	  x6:0x80008280 x11=0x000000a1 PA:0x80008403
       10925000	      1091	80000c4c	ffbbd983	lhu	x19,-5(x23)	 x23:0x8000839d x19=0x00008d3f PA:0x80008398
       10935000	      1092	80000c50	310303a3	sb	x16,775(x6)	  x6:0x80008280 x16:0xd7bd556b PA:0x80008587
       10945000	      1093	80000c54	fe2bafa3	sw	x2,-1(x23)	 x23:0x8000839d  x2:0x80008741 PA:0x8000839c
       10955000	      1094	80000c58	00008b17	auipc	x22,0x8	 x22=0x80008c54
       10965000	      1095	80000c5c	d77b0b13	addi	x22,x22,-649	 x22:0x80008c54 x22=0x800089cb
       10975000	      1096	80000c60	00008d97	auipc	x27,0x8	 x27=0x80008c5c
       10985000	      1097	80000c64	fb9d8d93	addi	x27,x27,-71	 x27:0x80008c5c x27=0x80008c15
       10995000	      1098	80000c68	00008597	auipc	x11,0x8	 x11=0x80008c64
       11005000	      1099	80000c6c	e0058593	addi	x11,x11,-512	 x11:0x80008c64 x11=0x80008a64
       11015000	      1100	80000c70	ffab4703	lbu	x14,-6(x22)	 x22:0x800089cb x14=0x00000041 PA:0x800089c5
       11025000	      1101	80000c74	1c8da7a3	sw	x8,463(x27)	 x27:0x80008c15  x8:0x2842dc4d PA:0x80008de4
       11035000	      1102	80000c78	00008c97	auipc	x25,0x8	 x25=0x80008c74
       11045000	      1103	80000c7c	d35c8c93	addi	x25,x25,-715	 x25:0x80008c74 x25=0x800089a9
       11055000	      1104	80000c80	ec0d8e83	lb	x29,-320(x27)	 x27:0x80008c15 x29=0xffffffc5 PA:0x80008ad5
       11065000	      1105	80000c84	fc2c8623	sb	x2,-52(x25)	 x25:0x800089a9  x2:0x80008741 PA:0x80008975
       11075000	      1106	80000c88	00008317	auipc	x6,0x8	  x6=0x80008c84
       11085000	      1107	80000c8c	f0c30313	addi	x6,x6,-244	  x6:0x80008c84  x6=0x80008b90
       11095000	      1108	80000c90	00ab0da3	sb	x10,27(x22)	 x22:0x800089cb x10:0xffffff89 PA:0x800089e6
       11105000	      1109	80000c94	1f3da703	lw	x14,499(x27)	 x27:0x80008c15 x14=0x8d8c73f1 PA:0x80008e08
       11115000	      1110	80000c98	00234483	lbu	x9,2(x6)	  x6:0x80008b90  x9=0x000000f4 PA:0x80008b92
       11125000	      1111	80000c9c	fec30f23	sb	x12,-2(x6)	  x6:0x80008b90 x12:0x00000057 PA:0x80008b8e
       11135000	      1112	80000ca0	006c9aa3	sh	x6,21(x25)	 x25:0x800089a9  x6:0x80008b90 PA:0x800089be
       11145000	      1113	80000ca4	026b0803	lb	x16,38(x22)	 x22:0x800089cb x16=0xffffffdc PA:0x800089f1
       11155000	      1114	80000ca8	007c8f83	lb	x31,7(x25)	 x25:0x800089a9 x31=0xffffffd7 PA:0x800089b0
       11165000	      1115	80000cac	00958503	lb	x10,9(x11)	 x11:0x80008a64 x10=0x00000044 PA:0x80008a6d
       11175000	      1116	80000cb0	21ed8803	lb	x16,542(x27)	 x27:0x80008c15 x16=0xfffffffa PA:0x80008e33
       11185000	      1117	80000cb4	026b4f03	lbu	x30,38(x22)	 x22:0x800089cb x30=0x000000dc PA:0x800089f1
       11195000	      1118	80000cb8	e51d8723	sb	x17,-434(x27)	 x27:0x80008c15 x17:0x000000d3 PA:0x80008a63
       11205000	      1119	80000cbc	00930503	lb	x10,9(x6)	  x6:0x80008b90 x10=0xffffffe4 PA:0x80008b99
       11215000	      1120	80000cc0	e65dc903	lbu	x18,-411(x27)	 x27:0x80008c15 x18=0x00000063 PA:0x80008a7a
       11225000	      1121	80000cc4	00fb0d23	sb	x15,26(x22)	 x22:0x800089cb x15:0x00000007 PA:0x800089e5
       11235000	      1122	80000cc8	ffa30483	lb	x9,-6(x6)	  x6:0x80008b90  x9=0x00000078 PA:0x80008b8a
       11245000	      1123	80000ccc	03cc8e03	lb	x28,60(x25)	 x25:0x800089a9 x28=0x00000007 PA:0x800089e5
       11255000	      1124	80000cd0	12ed8983	lb	x19,302(x27)	 x27:0x80008c15 x19=0x00000061 PA:0x80008d43
       11265000	      1125	80000cd4	fff31b23	sh	x31,-10(x6)	  x6:0x80008b90 x31:0xffffffd7 PA:0x80008b86
       11275000	      1126	80000cd8	ff85df03	lhu	x30,-8(x11)	 x11:0x80008a64 x30=0x0000da5c PA:0x80008a5c
       11285000	      1127	80000cdc	051b0023	sb	x17,64(x22)	 x22:0x800089cb x17:0x000000d3 PA:0x80008a0b
       11295000	      1128	80000ce0	ff231703	lh	x14,-14(x6)	  x6:0x80008b90 x14=0xffffab41 PA:0x80008b82
       11305000	      1129	80000ce4	00758e83	lb	x29,7(x11)	 x11:0x80008a64 x29=0x00000070 PA:0x80008a6b
       11315000	      1130	80000ce8	ff130383	lb	x7,-15(x6)	  x6:0x80008b90  x7=0xffffffcf PA:0x80008b81
       11325000	      1131	80000cec	01034f03	lbu	x30,16(x6)	  x6:0x80008b90 x30=0x000000cf PA:0x80008ba0
       11335000	      1132	80000cf0	ec3dac03	lw	x24,-317(x27)	 x27:0x80008c15 x24=0xacc33691 PA:0x80008ad8
       11345000	      1133	80000cf4	002c8423	sb	x2,8(x25)	 x25:0x800089a9  x2:0x80008741 PA:0x800089b1
       11355000	      1134	80000cf8	fdcc8703	lb	x14,-36(x25)	 x25:0x800089a9 x14=0x0000003a PA:0x80008985
       11365000	      1135	00000000	00000013	addi	x0,x0,0	  x0:0x00000000
       11375000	      1136	80000cfc	caed8aa3	sb	x14,-843(x27)	 x27:0x80008c15 x14:0x0000003a PA:0x800088ca
       11385000	      1137	80000d00	ffe31503	lh	x10,-2(x6)	  x6:0x80008b90 x10=0xffffe957 PA:0x80008b8e
       11395000	      1138	80000d04	01b5a623	sw	x27,12(x11)	 x11:0x80008a64 x27:0x80008c15 PA:0x80008a70
       11405000	      1139	80000d08	39dd8123	sb	x29,898(x27)	 x27:0x80008c15 x29:0x00000070 PA:0x80008f97
       11415000	      1140	80000d0c	ff05a003	lw	x0,-16(x11)	 x11:0x80008a64 PA:0x80008a54
       11425000	      1141	80000d10	ff7b1d03	lh	x26,-9(x22)	 x22:0x800089cb x26=0xffff98f3 PA:0x800089c2
       11435000	      1142	80000d14	fcfb09a3	sb	x15,-45(x22)	 x22:0x800089cb x15:0x00000007 PA:0x8000899e
       11445000	      1143	80000d18	ffbcd003	lhu	x0,-5(x25)	 x25:0x800089a9 PA:0x800089a4
       11455000	      1144	80000d1c	00130c03	lb	x24,1(x6)	  x6:0x80008b90 x24=0xffffffca PA:0x80008b91
       11465000	      1145	80000d20	00008f97	auipc	x31,0x8	 x31=0x80008d1c
       11475000	      1146	80000d24	246f8f93	addi	x31,x31,582	 x31:0x80008d1c x31=0x80008f62
       11485000	      1147	80000d28	f7ffc003	lbu	x0,-129(x31)	 x31:0x80008f62 PA:0x80008ee1
       11495000	      1148	80000d2c	f7ffc783	lbu	x15,-129(x31)	 x31:0x80008f62 x15=0x000000d7 PA:0x80008ee1
       11505000	      1149	80000d30	f73f8fa3	sb	x19,-129(x31)	 x31:0x80008f62 x19:0x00000061 PA:0x80008ee1
       11515000	      1150	80000d34	f7ffcb83	lbu	x23,-129(x31)	 x31:0x80008f62 x23=0x00000061 PA:0x80008ee1
       11525000	      1151	80000d38	f7ff8703	lb	x14,-129(x31)	 x31:0x80008f62 x14=0x00000061 PA:0x80008ee1
       11535000	      1152	80000d3c	f7ff8883	lb	x17,-129(x31)	 x31:0x80008f62 x17=0x00000061 PA:0x80008ee1
       11545000	      1153	80000d40	f7ffcc83	lbu	x25,-129(x31)	 x31:0x80008f62 x25=0x00000061 PA:0x80008ee1
       11555000	      1154	80000d44	00557d33	and	x26,x10,x5	 x10:0xffffe957  x5:0x8000883c x26=0x80008814
       11565000	      1155	80000d48	f7ff8e83	lb	x29,-129(x31)	 x31:0x80008f62 x29=0x00000061 PA:0x80008ee1
       11575000	      1156	80000d4c	f7ff8783	lb	x15,-129(x31)	 x31:0x80008f62 x15=0x00000061 PA:0x80008ee1
       11585000	      1157	80000d50	f64f8fa3	sb	x4,-129(x31)	 x31:0x80008f62  x4:0x00000fe3 PA:0x80008ee1
       11595000	      1158	80000d54	f7ff8a03	lb	x20,-129(x31)	 x31:0x80008f62 x20=0xffffffe3 PA:0x80008ee1
       11605000	      1159	80000d58	f7ff8883	lb	x17,-129(x31)	 x31:0x80008f62 x17=0xffffffe3 PA:0x80008ee1
       11615000	      1160	80000d5c	01b3c033	xor	x0,x7,x27	  x7:0xffffffcf x27:0x80008c15
       11625000	      1161	80000d60	f7ffc103	lbu	x2,-129(x31)	 x31:0x80008f62  x2=0x000000e3 PA:0x80008ee1
       11635000	      1162	80000d64	00c65cb3	srl	x25,x12,x12	 x12:0x00000057 x12:0x00000057 x25=0x00000000
       11645000	      1163	80000d68	f7ffc003	lbu	x0,-129(x31)	 x31:0x80008f62 PA:0x80008ee1
       11655000	      1164	80000d6c	f72f8fa3	sb	x18,-129(x31)	 x31:0x80008f62 x18:0x00000063 PA:0x80008ee1
       11665000	      1165	80000d70	f7ffcd83	lbu	x27,-129(x31)	 x31:0x80008f62 x27=0x00000063 PA:0x80008ee1
       11675000	      1166	80000d74	f7ffce83	lbu	x29,-129(x31)	 x31:0x80008f62 x29=0x00000063 PA:0x80008ee1
       11685000	      1167	80000d78	f7ff8e03	lb	x28,-129(x31)	 x31:0x80008f62 x28=0x00000063 PA:0x80008ee1
       11695000	      1168	80000d7c	00007117	auipc	x2,0x7	  x2=0x80007d78
       11705000	      1169	80000d80	43d10113	addi	x2,x2,1085	  x2:0x80007d78  x2=0x800081b5
       11715000	      1170	80000d84	01939813	slli	x16,x7,0x19	  x7:0xffffffcf x16=0x9e000000
       11725000	      1171	80000d88	15e35e97	auipc	x29,0x15e35	 x29=0x95e35d84
       11735000	      1172	80000d8c	0d78c013	xori	x0,x17,215	 x17:0xffffffe3
       11745000	      1173	80000d90	01385d13	srli	x26,x16,0x13	 x16:0x9e000000 x26=0x000013c0
       11755000	      1174	80000d94	01e035b3	sltu	x11,x0,x30	  x0:0x00000000 x30:0x000000cf x11=0x00000001
       11765000	      1175	80000d98	050c7513	andi	x10,x24,80	 x24:0xffffffca x10=0x00000040
       11775000	      1176	80000d9c	01d10423	sb	x29,8(x2)	  x2:0x800081b5 x29:0x95e35d84 PA:0x800081bd
       11785000	      1177	80000da0	012129a3	sw	x18,19(x2)	  x2:0x800081b5 x18:0x00000063 PA:0x800081c8
       11795000	      1178	80000da4	01ab68b3	or	x17,x22,x26	 x22:0x800089cb x26:0x000013c0 x17=0x80009bcb
       11805000	      1179	80000da8	fcf10583	lb	x11,-49(x2)	  x2:0x800081b5 x11=0x0000006c PA:0x80008184
       11815000	      1180	80000dac	605c3b13	sltiu	x22,x24,1541	 x24:0xffffffca x22=0x00000000
       11825000	      1181	80000db0	3f15ce97	auipc	x29,0x3f15c	 x29=0xbf15cdac
       11835000	      1182	80000db4	ffc14283	lbu	x5,-4(x2)	  x2:0x800081b5  x5=0x00000094 PA:0x800081b1
       11845000	      1183	80000db8	00315e83	lhu	x29,3(x2)	  x2:0x800081b5 x29=0x0000fa6d PA:0x800081b8
       11855000	      1184	80000dbc	d6c70c93	addi	x25,x14,-660	 x14:0x00000061 x25=0xfffffdcd
       11865000	      1185	80000dc0	fdd10b03	lb	x22,-35(x2)	  x2:0x800081b5 x22=0xfffffff3 PA:0x80008192
       11875000	      1186	80000dc4	00587033	and	x0,x16,x5	 x16:0x9e000000  x5:0x00000094
       11885000	      1187	80000dc8	03a10f83	lb	x31,58(x2)	  x2:0x800081b5 x31=0xffffffcc PA:0x800081ef
       11895000	      1188	80000dcc	fd5106a3	sb	x21,-51(x2)	  x2:0x800081b5 x21:0x80009f48 PA:0x80008182
       11905000	      1189	80000dd0	03e10c83	lb	x25,62(x2)	  x2:0x800081b5 x25=0xffffff92 PA:0x800081f3
       11915000	      1190	80000dd4	fc515e83	lhu	x29,-59(x2)	  x2:0x800081b5 x29=0x0000bae5 PA:0x8000817a
       11925000	      1191	80000dd8	00e6b233	sltu	x4,x13,x14	 x13:0x80009fc4 x14:0x00000061  x4=0x00000000
       11935000	      1192	80000ddc	206b2637	lui	x12,0x206b2	 x12=0x206b2000
       11945000	      1193	80000de0	00659eb3	sll	x29,x11,x6	 x11:0x0000006c  x6:0x80008b90 x29=0x006c0000
       11955000	      1194	80000de4	01b12d83	lw	x27,27(x2)	  x2:0x800081b5 x27=0x41466654 PA:0x800081d0
       11965000	      1195	80000de8	4129d033	sra	x0,x19,x18	 x19:0x00000061 x18:0x00000063
       11975000	      1196	80000dec	fe312283	lw	x5,-29(x2)	  x2:0x800081b5  x5=0x0cd1b663 PA:0x80008198
       11985000	      1197	80000df0	00a7dcb3	srl	x25,x15,x10	 x15:0x00000061 x10:0x00000040 x25=0x00000061
       11995000	      1198	80000df4	fcf15e03	lhu	x28,-49(x2)	  x2:0x800081b5 x28=0x0000816c PA:0x80008184
       12005000	      1199	80000df8	03a112a3	sh	x26,37(x2)	  x2:0x800081b5 x26:0x000013c0 PA:0x800081da
       12015000	      1200	80000dfc	00c125a3	sw	x12,11(x2)	  x2:0x800081b5 x12:0x206b2000 PA:0x800081c0
       12025000	      1201	80000e00	ff010d03	lb	x26,-16(x2)	  x2:0x800081b5 x26=0x00000062 PA:0x800081a5
       12035000	      1202	80000e04	fc614183	lbu	x3,-58(x2)	  x2:0x800081b5  x3=0x000000ba PA:0x8000817b
       12045000	      1203	80000e08	fcc14183	lbu	x3,-52(x2)	  x2:0x800081b5  x3=0x0000009a PA:0x80008181
       12055000	      1204	80000e0c	01d104a3	sb	x29,9(x2)	  x2:0x800081b5 x29:0x006c0000 PA:0x800081be
       12065000	      1205	80000e10	ffc14c83	lbu	x25,-4(x2)	  x2:0x800081b5 x25=0x00000094 PA:0x800081b1
       12075000	      1206	80000e14	fc810583	lb	x11,-56(x2)	  x2:0x800081b5 x11=0x0000003e PA:0x8000817d
       12085000	      1207	80000e18	5b886213	ori	x4,x16,1464	 x16:0x9e000000  x4=0x9e0005b8
       12095000	      1208	80000e1c	02f107a3	sb	x15,47(x2)	  x2:0x800081b5 x15:0x00000061 PA:0x800081e4
       12105000	      1209	80000e20	fc915783	lhu	x15,-55(x2)	  x2:0x800081b5 x15=0x0000531e PA:0x8000817e
       12115000	      1210	80000e24	00007117	auipc	x2,0x7	  x2=0x80007e20
       12125000	      1211	80000e28	3df10113	addi	x2,x2,991	  x2:0x80007e20  x2=0x800081ff
       12135000	      1212	80000e2c	39c122a3	sw	x28,901(x2)	  x2:0x800081ff x28:0x0000816c PA:0x80008584
       12145000	      1213	80000e30	ccbc0793	addi	x15,x24,-821	 x24:0xffffffca x15=0xfffffc95
       12155000	      1214	80000e34	00ce6a33	or	x20,x28,x12	 x28:0x0000816c x12:0x206b2000 x20=0x206ba16c
       12165000	      1215	80000e38	398102a3	sb	x24,901(x2)	  x2:0x800081ff x24:0xffffffca PA:0x80008584
       12175000	      1216	80000e3c	0100d413	srli	x8,x1,0x10	  x1:0x00000008  x8=0x00000000
       12185000	      1217	80000e40	38514f03	lbu	x30,901(x2)	  x2:0x800081ff x30=0x000000ca PA:0x80008584
       12195000	      1218	80000e44	609dac93	slti	x25,x27,1545	 x27:0x41466654 x25=0x00000000
       12205000	      1219	80000e48	01860bb3	add	x23,x12,x24	 x12:0x206b2000 x24:0xffffffca x23=0x206b1fca
       12215000	      1220	80000e4c	5113ed13	ori	x26,x7,1297	  x7:0xffffffcf x26=0xffffffdf
       12225000	      1221	80000e50	1b114e83	lbu	x29,433(x2)	  x2:0x800081ff x29=0x000000cb PA:0x800083b0
       12235000	      1222	80000e54	4f4128a3	sw	x20,1265(x2)	  x2:0x800081ff x20:0x206ba16c PA:0x800086f0
       12245000	      1223	80000e58	4f110b83	lb	x23,1265(x2)	  x2:0x800081ff x23=0x0000006c PA:0x800086f0
       12255000	      1224	80000e5c	00000013	addi	x0,x0,0	  x0:0x00000000
       12265000	      1225	80000e60	0cd10e03	lb	x28,205(x2)	  x2:0x800081ff x28=0x00000059 PA:0x800082cc
       12275000	      1226	80000e64	08714883	lbu	x17,135(x2)	  x2:0x800081ff x17=0x00000010 PA:0x80008286
       12285000	      1227	80000e68	44614883	lbu	x17,1094(x2)	  x2:0x800081ff x17=0x00000063 PA:0x80008645
       12295000	      1228	80000e6c	29d10403	lb	x8,669(x2)	  x2:0x800081ff  x8=0xffffffea PA:0x8000849c
       12305000	      1229	80000e70	031a9463	bne	x21,x17,80000e98	 x21:0x80009f48 x17:0x00000063
       12315000	      1230	00000000	00000013	addi	x0,x0,0	  x0:0x00000000
       12325000	      1231	80000e94	00000013	addi	x0,x0,0	  x0:0x00000000
       12335000	      1232	80000e98	27ae7c17	auipc	x24,0x27ae7	 x24=0xa7ae7e94
       12345000	      1233	80000e9c	03339e63	bne	x7,x19,80000ed8	  x7:0xffffffcf x19:0x00000061
       12355000	      1234	00000000	00000013	addi	x0,x0,0	  x0:0x00000000
       12365000	      1235	80000ed4	00000013	addi	x0,x0,0	  x0:0x00000000
       12375000	      1236	80000ed8	01bed233	srl	x4,x29,x27	 x29:0x000000cb x27:0x41466654  x4=0x00000000
       12385000	      1237	80000edc	04db0663	beq	x22,x13,80000f28	 x22:0xfffffff3 x13:0x80009fc4
       12395000	      1238	80000ee0	73887593	andi	x11,x16,1848	 x16:0x9e000000 x11=0x00000000
       12405000	      1239	80000ee4	018971b3	and	x3,x18,x24	 x18:0x00000063 x24:0xa7ae7e94  x3=0x00000000
       12415000	      1240	80000ee8	40f60e33	sub	x28,x12,x15	 x12:0x206b2000 x15:0xfffffc95 x28=0x206b236b
       12425000	      1241	80000eec	0e06ce93	xori	x29,x13,224	 x13:0x80009fc4 x29=0x80009f24
       12435000	      1242	80000ef0	8f47b493	sltiu	x9,x15,-1804	 x15:0xfffffc95  x9=0x00000000
       12445000	      1243	80000ef4	01aecb33	xor	x22,x29,x26	 x29:0x80009f24 x26:0xffffffdf x22=0x7fff60fb
       12455000	      1244	80000ef8	0e196513	ori	x10,x18,225	 x18:0x00000063 x10=0x000000e3
       12465000	      1245	80000efc	0424e263	bltu	x9,x2,80000f40	  x9:0x00000000  x2:0x800081ff
       12475000	      1246	00000000	00000013	addi	x0,x0,0	  x0:0x00000000
       12485000	      1247	80000f3c	00000013	addi	x0,x0,0	  x0:0x00000000
       12495000	      1248	80000f40	01021e63	bne	x4,x16,80000f5c	  x4:0x00000000 x16:0x9e000000
       12505000	      1249	00000000	00000013	addi	x0,x0,0	  x0:0x00000000
       12515000	      1250	80000f58	00000013	addi	x0,x0,0	  x0:0x00000000
       12525000	      1251	80000f5c	e5180817	auipc	x16,0xe5180	 x16=0x65180f58
       12535000	      1252	80000f60	010b0fb3	add	x31,x22,x16	 x22:0x7fff60fb x16:0x65180f58 x31=0xe5177053
       12545000	      1253	80000f64	02ac9a63	bne	x25,x10,80000f98	 x25:0x00000000 x10:0x000000e3
       12555000	      1254	00000000	00000013	addi	x0,x0,0	  x0:0x00000000
       12565000	      1255	80000f94	00000013	addi	x0,x0,0	  x0:0x00000000
       12575000	      1256	80000f98	33900213	addi	x4,x0,825	  x0:0x00000000  x4=0x00000339
       12585000	      1257	80000f9c	00000013	addi	x0,x0,0	  x0:0x00000000
       12595000	      1258	80000fa0	01e5f3b3	and	x7,x11,x30	 x11:0x00000000 x30:0x000000ca  x7=0x00000000
       12605000	      1259	80000fa4	006b75b3	and	x11,x22,x6	 x22:0x7fff60fb  x6:0x80008b90 x11=0x00000090
       12615000	      1260	80000fa8	41afd733	sra	x14,x31,x26	 x31:0xe5177053 x26:0xffffffdf x14=0xffffffff
       12625000	      1261	80000fac	016cbfb3	sltu	x31,x25,x22	 x25:0x00000000 x22:0x7fff60fb x31=0x00000001
       12635000	      1262	80000fb0	00000013	addi	x0,x0,0	  x0:0x00000000
       12645000	      1263	80000fb4	40e70033	sub	x0,x14,x14	 x14:0xffffffff x14:0xffffffff
       12655000	      1264	80000fb8	01873733	sltu	x14,x14,x24	 x14:0xffffffff x24:0xa7ae7e94 x14=0x00000000
       12665000	      1265	80000fbc	01b39663	bne	x7,x27,80000fc8	  x7:0x00000000 x27:0x41466654
       12675000	      1266	00000000	00000013	addi	x0,x0,0	  x0:0x00000000
       12685000	      1267	80000fc4	00000013	addi	x0,x0,0	  x0:0x00000000
       12695000	      1268	80000fc8	01b117b3	sll	x15,x2,x27	  x2:0x800081ff x27:0x41466654 x15=0x1ff00000
       12705000	      1269	80000fcc	03954863	blt	x10,x25,80000ffc	 x10:0x000000e3 x25:0x00000000
       12715000	      1270	80000fd0	2a274f97	auipc	x31,0x2a274	 x31=0xaa274fcc
       12725000	      1271	80000fd4	018b1193	slli	x3,x22,0x18	 x22:0x7fff60fb  x3=0xfb000000
       12735000	      1272	80000fd8	039bfc63	bgeu	x23,x25,80001010	 x23:0x0000006c x25:0x00000000
       12745000	      1273	00000000	00000013	addi	x0,x0,0	  x0:0x00000000
       12755000	      1274	8000100c	00000013	addi	x0,x0,0	  x0:0x00000000
       12765000	      1275	80001010	01a3e463	bltu	x7,x26,80001018	  x7:0x00000000 x26:0xffffffdf
       12775000	      1276	00000000	00000013	addi	x0,x0,0	  x0:0x00000000
       12785000	      1277	80001014	00000013	addi	x0,x0,0	  x0:0x00000000
       12795000	      1278	80001018	035bf063	bgeu	x23,x21,80001038	 x23:0x0000006c x21:0x80009f48
       12805000	      1279	8000101c	406dd333	sra	x6,x27,x6	 x27:0x41466654  x6:0x80008b90  x6=0x00004146
       12815000	      1280	80001020	03e7d463	bge	x15,x30,80001048	 x15:0x1ff00000 x30:0x000000ca
       12825000	      1281	00000000	00000013	addi	x0,x0,0	  x0:0x00000000
       12835000	      1282	80001044	00000013	addi	x0,x0,0	  x0:0x00000000
       12845000	      1283	80001048	00e1c233	xor	x4,x3,x14	  x3:0xfb000000 x14:0x00000000  x4=0xfb000000
       12855000	      1284	8000104c	8e9c3213	sltiu	x4,x24,-1815	 x24:0xa7ae7e94  x4=0x00000001
       12865000	      1285	80001050	00000013	addi	x0,x0,0	  x0:0x00000000
       12875000	      1286	80001054	00422333	slt	x6,x4,x4	  x4:0x00000001  x4:0x00000001  x6=0x00000000
       12885000	      1287	80001058	00c6fe63	bgeu	x13,x12,80001074	 x13:0x80009fc4 x12:0x206b2000
       12895000	      1288	00000000	00000013	addi	x0,x0,0	  x0:0x00000000
       12905000	      1289	80001070	00000013	addi	x0,x0,0	  x0:0x00000000
       12915000	      1290	80001074	02b1ee63	bltu	x3,x11,800010b0	  x3:0xfb000000 x11:0x00000090
       12925000	      1291	80001078	d0ec3013	sltiu	x0,x24,-754	 x24:0xa7ae7e94
       12935000	      1292	8000107c	7c290b93	addi	x23,x18,1986	 x18:0x00000063 x23=0x00000825
       12945000	      1293	80001080	16bb4913	xori	x18,x22,363	 x22:0x7fff60fb x18=0x7fff6190
       12955000	      1294	80001084	2cf779b7	lui	x19,0x2cf77	 x19=0x2cf77000
       12965000	      1295	80001088	b35f9137	lui	x2,0xb35f9	  x2=0xb35f9000
       12975000	      1296	8000108c	3f69bd17	auipc	x26,0x3f69b	 x26=0xbf69c088
       12985000	      1297	80001090	011c99b3	sll	x19,x25,x17	 x25:0x00000000 x17:0x00000063 x19=0x00000000
       12995000	      1298	80001094	01c55b13	srli	x22,x10,0x1c	 x10:0x000000e3 x22=0x00000000
       13005000	      1299	80001098	40d65eb3	sra	x29,x12,x13	 x12:0x206b2000 x13:0x80009fc4 x29=0x0206b200
       13015000	      1300	8000109c	407a52b3	sra	x5,x20,x7	 x20:0x206ba16c  x7:0x00000000  x5=0x206ba16c
       13025000	      1301	800010a0	409d8433	sub	x8,x27,x9	 x27:0x41466654  x9:0x00000000  x8=0x41466654
       13035000	      1302	800010a4	00375613	srli	x12,x14,0x3	 x14:0x00000000 x12=0x00000000
       13045000	      1303	800010a8	0096e633	or	x12,x13,x9	 x13:0x80009fc4  x9:0x00000000 x12=0x80009fc4
       13055000	      1304	800010ac	54053293	sltiu	x5,x10,1344	 x10:0x000000e3  x5=0x00000001
       13065000	      1305	800010b0	c005c493	xori	x9,x11,-1024	 x11:0x00000090  x9=0xfffffc90
       13075000	      1306	800010b4	00e61e93	slli	x29,x12,0xe	 x12:0x80009fc4 x29=0x27f10000
       13085000	      1307	800010b8	0173d263	bge	x7,x23,800010bc	  x7:0x00000000 x23:0x00000825
       13095000	      1308	800010bc	8e0acf93	xori	x31,x21,-1824	 x21:0x80009f48 x31=0x7fff67a8
       13105000	      1309	800010c0	08b6f893	andi	x17,x13,139	 x13:0x80009fc4 x17=0x00000080
       13115000	      1310	800010c4	017ac433	xor	x8,x21,x23	 x21:0x80009f48 x23:0x00000825  x8=0x8000976d
       13125000	      1311	800010c8	5ee02913	slti	x18,x0,1518	  x0:0x00000000 x18=0x00000001
       13135000	      1312	800010cc	c865a793	slti	x15,x11,-890	 x11:0x00000090 x15=0x00000000
       13145000	      1313	800010d0	6df8e517	auipc	x10,0x6df8e	 x10=0xedf8f0cc
       13155000	      1314	800010d4	b73f4c13	xori	x24,x30,-1165	 x30:0x000000ca x24=0xfffffbb9
       13165000	      1315	800010d8	00000013	addi	x0,x0,0	  x0:0x00000000
       13175000	      1316	800010dc	03f8ca63	blt	x17,x31,80001110	 x17:0x00000080 x31:0x7fff67a8
       13185000	      1317	00000000	00000013	addi	x0,x0,0	  x0:0x00000000
       13195000	      1318	8000110c	00000013	addi	x0,x0,0	  x0:0x00000000
       13205000	      1319	80001110	01d3f463	bgeu	x7,x29,80001118	  x7:0x00000000 x29:0x27f10000
       13215000	      1320	80001114	514be513	ori	x10,x23,1300	 x23:0x00000825 x10=0x00000d35
       13225000	      1321	80001118	02860e63	beq	x12,x8,80001154	 x12:0x80009fc4  x8:0x8000976d
       13235000	      1322	8000111c	00abc033	xor	x0,x23,x10	 x23:0x00000825 x10:0x00000d35
       13245000	      1323	80001120	026e4a63	blt	x28,x6,80001154	 x28:0x206b236b  x6:0x00000000
       13255000	      1324	80001124	03e6f663	bgeu	x13,x30,80001150	 x13:0x80009fc4 x30:0x000000ca
       13265000	      1325	00000000	00000013	addi	x0,x0,0	  x0:0x00000000
       13275000	      1326	8000114c	00000013	addi	x0,x0,0	  x0:0x00000000
       13285000	      1327	80001150	00ce38b3	sltu	x17,x28,x12	 x28:0x206b236b x12:0x80009fc4 x17=0x00000001
       13295000	      1328	80001154	45f07b93	andi	x23,x0,1119	  x0:0x00000000 x23=0x00000000
       13305000	      1329	80001158	3734ec13	ori	x24,x9,883	  x9:0xfffffc90 x24=0xfffffff3
       13315000	      1330	8000115c	0084ccb3	xor	x25,x9,x8	  x9:0xfffffc90  x8:0x8000976d x25=0x7fff6bfd
       13325000	      1331	80001160	02c97463	bgeu	x18,x12,80001188	 x18:0x00000001 x12:0x80009fc4
       13335000	      1332	80001164	67fdc013	xori	x0,x27,1663	 x27:0x41466654
       13345000	      1333	80001168	01fc6733	or	x14,x24,x31	 x24:0xfffffff3 x31:0x7fff67a8 x14=0xfffffffb
       13355000	      1334	8000116c	dc277813	andi	x16,x14,-574	 x14:0xfffffffb x16=0xfffffdc2
       13365000	      1335	80001170	04b64263	blt	x12,x11,800011b4	 x12:0x80009fc4 x11:0x00000090
       13375000	      1336	00000000	00000013	addi	x0,x0,0	  x0:0x00000000
       13385000	      1337	800011b0	00000013	addi	x0,x0,0	  x0:0x00000000
       13395000	      1338	800011b4	00950b33	add	x22,x10,x9	 x10:0x00000d35  x9:0xfffffc90 x22=0x000009c5
       13405000	      1339	800011b8	13aa2f37	lui	x30,0x13aa2	 x30=0x13aa2000
       13415000	      1340	800011bc	e1cd7493	andi	x9,x26,-484	 x26:0xbf69c088  x9=0xbf69c008
       13425000	      1341	800011c0	006523b3	slt	x7,x10,x6	 x10:0x00000d35  x6:0x00000000  x7=0x00000000
       13435000	      1342	800011c4	6a88a193	slti	x3,x17,1704	 x17:0x00000001  x3=0x00000001
       13445000	      1343	800011c8	00f61fb3	sll	x31,x12,x15	 x12:0x80009fc4 x15:0x00000000 x31=0x80009fc4
       13455000	      1344	800011cc	7e2fa193	slti	x3,x31,2018	 x31:0x80009fc4  x3=0x00000001
       13465000	      1345	800011d0	00fe08b3	add	x17,x28,x15	 x28:0x206b236b x15:0x00000000 x17=0x206b236b
       13475000	      1346	800011d4	413751b3	sra	x3,x14,x19	 x14:0xfffffffb x19:0x00000000  x3=0xfffffffb
       13485000	      1347	800011d8	40ce0833	sub	x16,x28,x12	 x28:0x206b236b x12:0x80009fc4 x16=0xa06a83a7
       13495000	      1348	800011dc	0093db93	srli	x23,x7,0x9	  x7:0x00000000 x23=0x00000000
       13505000	      1349	800011e0	012299b3	sll	x19,x5,x18	  x5:0x00000001 x18:0x00000001 x19=0x00000002
       13515000	      1350	800011e4	00955eb3	srl	x29,x10,x9	 x10:0x00000d35  x9:0xbf69c008 x29=0x0000000d
       13525000	      1351	800011e8	05acf463	bgeu	x25,x26,80001230	 x25:0x7fff6bfd x26:0xbf69c088
       13535000	      1352	800011ec	419d5e13	srai	x28,x26,0x19	 x26:0xbf69c088 x28=0xffffffdf
       13545000	      1353	800011f0	4a392e13	slti	x28,x18,1187	 x18:0x00000001 x28=0x00000001
       13555000	      1354	800011f4	011be3b3	or	x7,x23,x17	 x23:0x00000000 x17:0x206b236b  x7=0x206b236b
       13565000	      1355	800011f8	41f60f33	sub	x30,x12,x31	 x12:0x80009fc4 x31:0x80009fc4 x30=0x00000000
       13575000	      1356	800011fc	d4fd7513	andi	x10,x26,-689	 x26:0xbf69c088 x10=0xbf69c008
       13585000	      1357	80001200	a5d47193	andi	x3,x8,-1443	  x8:0x8000976d  x3=0x8000924d
       13595000	      1358	80001204	65bb7313	andi	x6,x22,1627	 x22:0x000009c5  x6=0x00000041
       13605000	      1359	80001208	a598a193	slti	x3,x17,-1447	 x17:0x206b236b  x3=0x00000000
       13615000	      1360	8000120c	38136c13	ori	x24,x6,897	  x6:0x00000041 x24=0x000003c1
       13625000	      1361	80001210	01025613	srli	x12,x4,0x10	  x4:0x00000001 x12=0x00000000
       13635000	      1362	80001214	02160863	beq	x12,x1,80001244	 x12:0x00000000  x1:0x00000008
       13645000	      1363	80001218	014d13b3	sll	x7,x26,x20	 x26:0xbf69c088 x20:0x206ba16c  x7=0x9c088000
       13655000	      1364	8000121c	401307b3	sub	x15,x6,x1	  x6:0x00000041  x1:0x00000008 x15=0x00000039
       13665000	      1365	80001220	00335613	srli	x12,x6,0x3	  x6:0x00000041 x12=0x00000008
       13675000	      1366	80001224	01605c33	srl	x24,x0,x22	  x0:0x00000000 x22:0x000009c5 x24=0x00000000
       13685000	      1367	80001228	40358033	sub	x0,x11,x3	 x11:0x00000090  x3:0x00000000
       13695000	      1368	8000122c	d2136113	ori	x2,x6,-735	  x6:0x00000041  x2=0xfffffd61
       13705000	      1369	80001230	03533d13	sltiu	x26,x6,53	  x6:0x00000041 x26=0x00000000
       13715000	      1370	80001234	08feca63	blt	x29,x15,800012c8	 x29:0x0000000d x15:0x00000039
       13725000	      1371	00000000	00000013	addi	x0,x0,0	  x0:0x00000000
       13735000	      1372	800012c4	00000013	addi	x0,x0,0	  x0:0x00000000
       13745000	      1373	800012c8	4069d333	sra	x6,x19,x6	 x19:0x00000002  x6:0x00000041  x6=0x00000001
       13755000	      1374	800012cc	01cd4033	xor	x0,x26,x28	 x26:0x00000000 x28:0x00000001
       13765000	      1375	800012d0	02e97663	bgeu	x18,x14,800012fc	 x18:0x00000001 x14:0xfffffffb
       13775000	      1376	800012d4	01be1e63	bne	x28,x27,800012f0	 x28:0x00000001 x27:0x41466654
       13785000	      1377	00000000	00000013	addi	x0,x0,0	  x0:0x00000000
       13795000	      1378	800012ec	00000013	addi	x0,x0,0	  x0:0x00000000
       13805000	      1379	800012f0	01d65c93	srli	x25,x12,0x1d	 x12:0x00000008 x25=0x00000000
       13815000	      1380	800012f4	03f4c063	blt	x9,x31,80001314	  x9:0xbf69c008 x31:0x80009fc4
       13825000	      1381	800012f8	00ed05b3	add	x11,x26,x14	 x26:0x00000000 x14:0xfffffffb x11=0xfffffffb
       13835000	      1382	800012fc	4203e813	ori	x16,x7,1056	  x7:0x9c088000 x16=0x9c088420
       13845000	      1383	80001300	897bf7b7	lui	x15,0x897bf	 x15=0x897bf000
       13855000	      1384	80001304	00091cb3	sll	x25,x18,x0	 x18:0x00000001  x0:0x00000000 x25=0x00000001
       13865000	      1385	80001308	4d16ce97	auipc	x29,0x4d16c	 x29=0xcd16d304
       13875000	      1386	8000130c	64e62413	slti	x8,x12,1614	 x12:0x00000008  x8=0x00000001
       13885000	      1387	80001310	6b622613	slti	x12,x4,1718	  x4:0x00000001 x12=0x00000001
       13895000	      1388	80001314	038b8463	beq	x23,x24,8000133c	 x23:0x00000000 x24:0x00000000
       13905000	      1389	00000000	00000013	addi	x0,x0,0	  x0:0x00000000
       13915000	      1390	80001338	00000013	addi	x0,x0,0	  x0:0x00000000
       13925000	      1391	8000133c	4079d893	srai	x17,x19,0x7	 x19:0x00000002 x17=0x00000000
       13935000	      1392	80001340	019e52b3	srl	x5,x28,x25	 x28:0x00000001 x25:0x00000001  x5=0x00000000
       13945000	      1393	80001344	04189663	bne	x17,x1,80001390	 x17:0x00000000  x1:0x00000008
       13955000	      1394	00000000	00000013	addi	x0,x0,0	  x0:0x00000000
       13965000	      1395	8000138c	00000013	addi	x0,x0,0	  x0:0x00000000
       13975000	      1396	80001390	81960713	addi	x14,x12,-2023	 x12:0x00000001 x14=0xfffff81a
       13985000	      1397	80001394	a1ca3413	sltiu	x8,x20,-1508	 x20:0x206ba16c  x8=0x00000001
       13995000	      1398	80001398	030c5a63	bge	x24,x16,800013cc	 x24:0x00000000 x16:0x9c088420
       14005000	      1399	00000000	00000013	addi	x0,x0,0	  x0:0x00000000
       14015000	      1400	800013c8	00000013	addi	x0,x0,0	  x0:0x00000000
       14025000	      1401	800013cc	01ab7663	bgeu	x22,x26,800013d8	 x22:0x000009c5 x26:0x00000000
       14035000	      1402	00000000	00000013	addi	x0,x0,0	  x0:0x00000000
       14045000	      1403	800013d4	00000013	addi	x0,x0,0	  x0:0x00000000
       14055000	      1404	800013d8	ccd23b13	sltiu	x22,x4,-819	  x4:0x00000001 x22=0x00000001
       14065000	      1405	800013dc	de994813	xori	x16,x18,-535	 x18:0x00000001 x16=0xfffffde8
       14075000	      1406	800013e0	41320bb3	sub	x23,x4,x19	  x4:0x00000001 x19:0x00000002 x23=0xffffffff
       14085000	      1407	800013e4	410b5d33	sra	x26,x22,x16	 x22:0x00000001 x16:0xfffffde8 x26=0x00000000
       14095000	      1408	800013e8	bd9a0797	auipc	x15,0xbd9a0	 x15=0x3d9a13e4
       14105000	      1409	800013ec	01c07c33	and	x24,x0,x28	  x0:0x00000000 x28:0x00000001 x24=0x00000000
       14115000	      1410	800013f0	412609b3	sub	x19,x12,x18	 x12:0x00000001 x18:0x00000001 x19=0x00000000
       14125000	      1411	800013f4	019a6133	or	x2,x20,x25	 x20:0x206ba16c x25:0x00000001  x2=0x206ba16d
       14135000	      1412	800013f8	0032fcb3	and	x25,x5,x3	  x5:0x00000000  x3:0x00000000 x25=0x00000000
       14145000	      1413	800013fc	f4822593	slti	x11,x4,-184	  x4:0x00000001 x11=0x00000000
       14155000	      1414	80001400	03ec5663	bge	x24,x30,8000142c	 x24:0x00000000 x30:0x00000000
       14165000	      1415	00000000	00000013	addi	x0,x0,0	  x0:0x00000000
       14175000	      1416	80001428	00000013	addi	x0,x0,0	  x0:0x00000000
       14185000	      1417	8000142c	00a01db3	sll	x27,x0,x10	  x0:0x00000000 x10:0xbf69c008 x27=0x00000000
       14195000	      1418	80001430	02988a63	beq	x17,x9,80001464	 x17:0x00000000  x9:0xbf69c008
       14205000	      1419	80001434	01c55d33	srl	x26,x10,x28	 x10:0xbf69c008 x28:0x00000001 x26=0x5fb4e004
       14215000	      1420	80001438	04b05663	bge	x0,x11,80001484	  x0:0x00000000 x11:0x00000000
       14225000	      1421	00000000	00000013	addi	x0,x0,0	  x0:0x00000000
       14235000	      1422	80001480	00000013	addi	x0,x0,0	  x0:0x00000000
       14245000	      1423	80001484	d3f50f93	addi	x31,x10,-705	 x10:0xbf69c008 x31=0xbf69bd47
       14255000	      1424	80001488	99265f37	lui	x30,0x99265	 x30=0x99265000
       14265000	      1425	8000148c	fd184c93	xori	x25,x16,-47	 x16:0xfffffde8 x25=0x00000239
       14275000	      1426	80001490	01345393	srli	x7,x8,0x13	  x8:0x00000001  x7=0x00000000
       14285000	      1427	80001494	2f3aa213	slti	x4,x21,755	 x21:0x80009f48  x4=0x00000001
       14295000	      1428	80001498	00862f33	slt	x30,x12,x8	 x12:0x00000001  x8:0x00000001 x30=0x00000000
       14305000	      1429	8000149c	059ac263	blt	x21,x25,800014e0	 x21:0x80009f48 x25:0x00000239
       14315000	      1430	00000000	00000013	addi	x0,x0,0	  x0:0x00000000
       14325000	      1431	800014dc	00000013	addi	x0,x0,0	  x0:0x00000000
       14335000	      1432	800014e0	01af9193	slli	x3,x31,0x1a	 x31:0xbf69bd47  x3=0x1c000000
       14345000	      1433	800014e4	55f43293	sltiu	x5,x8,1375	  x8:0x00000001  x5=0x00000001
       14355000	      1434	800014e8	e683bfb7	lui	x31,0xe683b	 x31=0xe683b000
       14365000	      1435	800014ec	01eccfb3	xor	x31,x25,x30	 x25:0x00000239 x30:0x00000000 x31=0x00000239
       14375000	      1436	800014f0	017fc9b3	xor	x19,x31,x23	 x31:0x00000239 x23:0xffffffff x19=0xfffffdc6
       14385000	      1437	800014f4	00191333	sll	x6,x18,x1	 x18:0x00000001  x1:0x00000008  x6=0x00000100
       14395000	      1438	800014f8	687ee213	ori	x4,x29,1671	 x29:0xcd16d304  x4=0xcd16d787
       14405000	      1439	800014fc	12e54337	lui	x6,0x12e54	  x6=0x12e54000
       14415000	      1440	80001500	006137b3	sltu	x15,x2,x6	  x2:0x206ba16d  x6:0x12e54000 x15=0x00000000
       14425000	      1441	80001504	040dc663	blt	x27,x0,80001550	 x27:0x00000000  x0:0x00000000
       14435000	      1442	80001508	04401263	bne	x0,x4,8000154c	  x0:0x00000000  x4:0xcd16d787
       14445000	      1443	00000000	00000013	addi	x0,x0,0	  x0:0x00000000
       14455000	      1444	80001548	00000013	addi	x0,x0,0	  x0:0x00000000
       14465000	      1445	8000154c	9e182a37	lui	x20,0x9e182	 x20=0x9e182000
       14475000	      1446	80001550	014039b3	sltu	x19,x0,x20	  x0:0x00000000 x20:0x9e182000 x19=0x00000001
       14485000	      1447	80001554	41d85813	srai	x16,x16,0x1d	 x16:0xfffffde8 x16=0xffffffff
       14495000	      1448	80001558	01b9c833	xor	x16,x19,x27	 x19:0x00000001 x27:0x00000000 x16=0x00000001
       14505000	      1449	8000155c	6ba48f13	addi	x30,x9,1722	  x9:0xbf69c008 x30=0xbf69c6c2
       14515000	      1450	80001560	05a88463	beq	x17,x26,800015a8	 x17:0x00000000 x26:0x5fb4e004
       14525000	      1451	80001564	0130acb3	slt	x25,x1,x19	  x1:0x00000008 x19:0x00000001 x25=0x00000000
       14535000	      1452	80001568	706089b7	lui	x19,0x70608	 x19=0x70608000
       14545000	      1453	8000156c	00fc8e63	beq	x25,x15,80001588	 x25:0x00000000 x15:0x00000000
       14555000	      1454	00000000	00000013	addi	x0,x0,0	  x0:0x00000000
       14565000	      1455	80001584	00000013	addi	x0,x0,0	  x0:0x00000000
       14575000	      1456	80001588	00138eb3	add	x29,x7,x1	  x7:0x00000000  x1:0x00000008 x29=0x00000008
       14585000	      1457	8000158c	03f08e63	beq	x1,x31,800015c8	  x1:0x00000008 x31:0x00000239
       14595000	      1458	80001590	f110a593	slti	x11,x1,-239	  x1:0x00000008 x11=0x00000000
       14605000	      1459	80001594	03a18463	beq	x3,x26,800015bc	  x3:0x1c000000 x26:0x5fb4e004
       14615000	      1460	80001598	3f0bb393	sltiu	x7,x23,1008	 x23:0xffffffff  x7=0x00000000
       14625000	      1461	8000159c	00435533	srl	x10,x6,x4	  x6:0x12e54000  x4:0xcd16d787 x10=0x0025ca80
       14635000	      1462	800015a0	f3250113	addi	x2,x10,-206	 x10:0x0025ca80  x2=0x0025c9b2
       14645000	      1463	800015a4	00000013	addi	x0,x0,0	  x0:0x00000000
       14655000	      1464	800015a8	40105893	srai	x17,x0,0x1	  x0:0x00000000 x17=0x00000000
       14665000	      1465	800015ac	02da4063	blt	x20,x13,800015cc	 x20:0x9e182000 x13:0x80009fc4
       14675000	      1466	800015b0	41e35293	srai	x5,x6,0x1e	  x6:0x12e54000  x5=0x00000000
       14685000	      1467	800015b4	01656433	or	x8,x10,x22	 x10:0x0025ca80 x22:0x00000001  x8=0x0025ca81
       14695000	      1468	800015b8	75f89417	auipc	x8,0x75f89	  x8=0xf5f8a5b4
       14705000	      1469	800015bc	055c1863	bne	x24,x21,8000160c	 x24:0x00000000 x21:0x80009f48
       14715000	      1470	00000000	00000013	addi	x0,x0,0	  x0:0x00000000
       14725000	      1471	80001608	00000013	addi	x0,x0,0	  x0:0x00000000
       14735000	      1472	8000160c	00767eb3	and	x29,x12,x7	 x12:0x00000001  x7:0x00000000 x29=0x00000000
       14745000	      1473	80001610	03b39663	bne	x7,x27,8000163c	  x7:0x00000000 x27:0x00000000
       14755000	      1474	80001614	017ae9b3	or	x19,x21,x23	 x21:0x80009f48 x23:0xffffffff x19=0xffffffff
       14765000	      1475	80001618	0100ff33	and	x30,x1,x16	  x1:0x00000008 x16:0x00000001 x30=0x00000000
       14775000	      1476	8000161c	021a7a63	bgeu	x20,x1,80001650	 x20:0x9e182000  x1:0x00000008
       14785000	      1477	00000000	00000013	addi	x0,x0,0	  x0:0x00000000
       14795000	      1478	8000164c	00000013	addi	x0,x0,0	  x0:0x00000000
       14805000	      1479	80001650	e5d0e493	ori	x9,x1,-419	  x1:0x00000008  x9=0xfffffe5d
       14815000	      1480	80001654	0069f7b3	and	x15,x19,x6	 x19:0xffffffff  x6:0x12e54000 x15=0x12e54000
       14825000	      1481	80001658	dc598c13	addi	x24,x19,-571	 x19:0xffffffff x24=0xfffffdc4
       14835000	      1482	8000165c	01a92c33	slt	x24,x18,x26	 x18:0x00000001 x26:0x5fb4e004 x24=0x00000001
       14845000	      1483	80001660	3a80d917	auipc	x18,0x3a80d	 x18=0xba80e65c
       14855000	      1484	80001664	01fc4e63	blt	x24,x31,80001680	 x24:0x00000001 x31:0x00000239
       14865000	      1485	00000000	00000013	addi	x0,x0,0	  x0:0x00000000
       14875000	      1486	8000167c	00000013	addi	x0,x0,0	  x0:0x00000000
       14885000	      1487	80001680	019ec2b3	xor	x5,x29,x25	 x29:0x00000000 x25:0x00000000  x5=0x00000000
       14895000	      1488	80001684	3e03a417	auipc	x8,0x3e03a	  x8=0xbe03b680
       14905000	      1489	80001688	0161e133	or	x2,x3,x22	  x3:0x1c000000 x22:0x00000001  x2=0x1c000001
       14915000	      1490	8000168c	5e3a0e93	addi	x29,x20,1507	 x20:0x9e182000 x29=0x9e1825e3
       14925000	      1491	80001690	0170a9b3	slt	x19,x1,x23	  x1:0x00000008 x23:0xffffffff x19=0x00000000
       14935000	      1492	80001694	00ab9463	bne	x23,x10,8000169c	 x23:0xffffffff x10:0x0025ca80
       14945000	      1493	00000000	00000013	addi	x0,x0,0	  x0:0x00000000
       14955000	      1494	80001698	00000013	addi	x0,x0,0	  x0:0x00000000
       14965000	      1495	8000169c	00a9ce33	xor	x28,x19,x10	 x19:0x00000000 x10:0x0025ca80 x28=0x0025ca80
       14975000	      1496	800016a0	05528463	beq	x5,x21,800016e8	  x5:0x00000000 x21:0x80009f48
       14985000	      1497	800016a4	8dc54f93	xori	x31,x10,-1828	 x10:0x0025ca80 x31=0xffda325c
       14995000	      1498	800016a8	1331b293	sltiu	x5,x3,307	  x3:0x1c000000  x5=0x00000000
       15005000	      1499	800016ac	037f7863	bgeu	x30,x23,800016dc	 x30:0x00000000 x23:0xffffffff
       15015000	      1500	800016b0	68110e93	addi	x29,x2,1665	  x2:0x1c000001 x29=0x1c000682
       15025000	      1501	800016b4	00000013	addi	x0,x0,0	  x0:0x00000000
       15035000	      1502	800016b8	01c37db3	and	x27,x6,x28	  x6:0x12e54000 x28:0x0025ca80 x27=0x00254000
       15045000	      1503	800016bc	01840933	add	x18,x8,x24	  x8:0xbe03b680 x24:0x00000001 x18=0xbe03b681
       15055000	      1504	800016c0	d8ea6413	ori	x8,x20,-626	 x20:0x9e182000  x8=0xfffffd8e
       15065000	      1505	800016c4	01859413	slli	x8,x11,0x18	 x11:0x00000000  x8=0x00000000
       15075000	      1506	800016c8	00000013	addi	x0,x0,0	  x0:0x00000000
       15085000	      1507	800016cc	01035d93	srli	x27,x6,0x10	  x6:0x12e54000 x27=0x000012e5
       15095000	      1508	800016d0	40505fb3	sra	x31,x0,x5	  x0:0x00000000  x5:0x00000000 x31=0x00000000
       15105000	      1509	800016d4	00000013	addi	x0,x0,0	  x0:0x00000000
       15115000	      1510	800016d8	4085df93	srai	x31,x11,0x8	 x11:0x00000000 x31=0x00000000
       15125000	      1511	800016dc	05f7f463	bgeu	x15,x31,80001724	 x15:0x12e54000 x31:0x00000000
       15135000	      1512	00000000	00000013	addi	x0,x0,0	  x0:0x00000000
       15145000	      1513	80001720	00000013	addi	x0,x0,0	  x0:0x00000000
       15155000	      1514	80001724	0a162197	auipc	x3,0xa162	  x3=0x8a163720
       15165000	      1515	80001728	006b3d33	sltu	x26,x22,x6	 x22:0x00000001  x6:0x12e54000 x26=0x00000001
       15175000	      1516	8000172c	0e316813	ori	x16,x2,227	  x2:0x1c000001 x16=0x1c0000e3
       15185000	      1517	80001730	0178a633	slt	x12,x17,x23	 x17:0x00000000 x23:0xffffffff x12=0x00000000
       15195000	      1518	80001734	74986f93	ori	x31,x16,1865	 x16:0x1c0000e3 x31=0x1c0007eb
       15205000	      1519	80001738	ff406413	ori	x8,x0,-12	  x0:0x00000000  x8=0xfffffff4
       15215000	      1520	8000173c	8666e313	ori	x6,x13,-1946	 x13:0x80009fc4  x6=0xffffffe6
       15225000	      1521	80001740	4188da13	srai	x20,x17,0x18	 x17:0x00000000 x20=0x00000000
       15235000	      1522	80001744	00011793	slli	x15,x2,0x0	  x2:0x1c000001 x15=0x1c000001
       15245000	      1523	80001748	404ad033	sra	x0,x21,x4	 x21:0x80009f48  x4:0xcd16d787
       15255000	      1524	8000174c	01fbd933	srl	x18,x23,x31	 x23:0xffffffff x31:0x1c0007eb x18=0x001fffff
       15265000	      1525	80001750	00ee4633	xor	x12,x28,x14	 x28:0x0025ca80 x14:0xfffff81a x12=0xffda329a
       15275000	      1526	80001754	02d0f463	bgeu	x1,x13,8000177c	  x1:0x00000008 x13:0x80009fc4
       15285000	      1527	80001758	00299c93	slli	x25,x19,0x2	 x19:0x00000000 x25=0x00000000
       15295000	      1528	8000175c	00279f33	sll	x30,x15,x2	 x15:0x1c000001  x2:0x1c000001 x30=0x38000002
       15305000	      1529	80001760	00725613	srli	x12,x4,0x7	  x4:0xcd16d787 x12=0x019a2daf
       15315000	      1530	80001764	039ef263	bgeu	x29,x25,80001788	 x29:0x1c000682 x25:0x00000000
       15325000	      1531	00000000	00000013	addi	x0,x0,0	  x0:0x00000000
       15335000	      1532	80001784	00000013	addi	x0,x0,0	  x0:0x00000000
       15345000	      1533	80001788	b373bdb7	lui	x27,0xb373b	 x27=0xb373b000
       15355000	      1534	8000178c	00699493	slli	x9,x19,0x6	 x19:0x00000000  x9=0x00000000
       15365000	      1535	80001790	00485513	srli	x10,x16,0x4	 x16:0x1c0000e3 x10=0x01c0000e
       15375000	      1536	80001794	435f7393	andi	x7,x30,1077	 x30:0x38000002  x7=0x00000000
       15385000	      1537	80001798	01479613	slli	x12,x15,0x14	 x15:0x1c000001 x12=0x00100000
       15395000	      1538	8000179c	045a7263	bgeu	x20,x5,800017e0	 x20:0x00000000  x5:0x00000000
       15405000	      1539	00000000	00000013	addi	x0,x0,0	  x0:0x00000000
       15415000	      1540	800017dc	00000013	addi	x0,x0,0	  x0:0x00000000
       15425000	      1541	800017e0	7dc68413	addi	x8,x13,2012	 x13:0x80009fc4  x8=0x8000a7a0
       15435000	      1542	800017e4	a6a018b7	lui	x17,0xa6a01	 x17=0xa6a01000
       15445000	      1543	800017e8	028a1e63	bne	x20,x8,80001824	 x20:0x00000000  x8:0x8000a7a0
       15455000	      1544	00000000	00000013	addi	x0,x0,0	  x0:0x00000000
       15465000	      1545	80001820	00000013	addi	x0,x0,0	  x0:0x00000000
       15475000	      1546	80001824	0a9cc863	blt	x25,x9,800018d4	 x25:0x00000000  x9:0x00000000
       15485000	      1547	80001828	01e58eb3	add	x29,x11,x30	 x11:0x00000000 x30:0x38000002 x29=0x38000002
       15495000	      1548	8000182c	00000013	addi	x0,x0,0	  x0:0x00000000
       15505000	      1549	80001830	00832c33	slt	x24,x6,x8	  x6:0xffffffe6  x8:0x8000a7a0 x24=0x00000000
       15515000	      1550	80001834	00166417	auipc	x8,0x166	  x8=0x80167830
       15525000	      1551	80001838	01e6a5b3	slt	x11,x13,x30	 x13:0x80009fc4 x30:0x38000002 x11=0x00000001
       15535000	      1552	8000183c	0c2d8a63	beq	x27,x2,80001910	 x27:0xb373b000  x2:0x1c000001
       15545000	      1553	80001840	00007b97	auipc	x23,0x7	 x23=0x8000883c
       15555000	      1554	80001844	2b1b8b93	addi	x23,x23,689	 x23:0x8000883c x23=0x80008aed
       15565000	      1555	80001848	00007c17	auipc	x24,0x7	 x24=0x80008844
       15575000	      1556	8000184c	374c0c13	addi	x24,x24,884	 x24:0x80008844 x24=0x80008bb8
       15585000	      1557	80001850	00007817	auipc	x16,0x7	 x16=0x8000884c
       15595000	      1558	80001854	49f80813	addi	x16,x16,1183	 x16:0x8000884c x16=0x80008ceb
       15605000	      1559	80001858	00182103	lw	x2,1(x16)	 x16:0x80008ceb  x2=0x289ae0de PA:0x80008cec
       15615000	      1560	8000185c	f12c1d23	sh	x18,-230(x24)	 x24:0x80008bb8 x18:0x001fffff PA:0x80008ad2
       15625000	      1561	80001860	00a80523	sb	x10,10(x16)	 x16:0x80008ceb x10:0x01c0000e PA:0x80008cf5
       15635000	      1562	80001864	13db9983	lh	x19,317(x23)	 x23:0x80008aed x19=0xffffada3 PA:0x80008c2a
       15645000	      1563	80001868	076bc383	lbu	x7,118(x23)	 x23:0x80008aed  x7=0x000000b3 PA:0x80008b63
       15655000	      1564	8000186c	018803a3	sb	x24,7(x16)	 x16:0x80008ceb x24:0x80008bb8 PA:0x80008cf2
       15665000	      1565	80001870	04fb8983	lb	x19,79(x23)	 x23:0x80008aed x19=0x0000000d PA:0x80008b3c
       15675000	      1566	80001874	297c4b03	lbu	x22,663(x24)	 x24:0x80008bb8 x22=0x00000028 PA:0x80008e4f
       15685000	      1567	80001878	ff084903	lbu	x18,-16(x16)	 x16:0x80008ceb x18=0x0000009b PA:0x80008cdb
       15695000	      1568	8000187c	00980423	sb	x9,8(x16)	 x16:0x80008ceb  x9:0x00000000 PA:0x80008cf3
       15705000	      1569	80001880	c79c4c83	lbu	x25,-903(x24)	 x24:0x80008bb8 x25=0x0000007b PA:0x80008831
       15715000	      1570	80001884	37ac0c83	lb	x25,890(x24)	 x24:0x80008bb8 x25=0xfffffffb PA:0x80008f32
       15725000	      1571	80001888	2b0c2023	sw	x16,672(x24)	 x24:0x80008bb8 x16:0x80008ceb PA:0x80008e58
       15735000	      1572	8000188c	32bc0183	lb	x3,811(x24)	 x24:0x80008bb8  x3=0x00000001 PA:0x80008ee3
       15745000	      1573	80001890	ff780f83	lb	x31,-9(x16)	 x16:0x80008ceb x31=0xffffffcd PA:0x80008ce2
       15755000	      1574	80001894	f6ebada3	sw	x14,-133(x23)	 x23:0x80008aed x14:0xfffff81a PA:0x80008a68
       15765000	      1575	80001898	00080d03	lb	x26,0(x16)	 x16:0x80008ceb x26=0x0000003a PA:0x80008ceb
       15775000	      1576	8000189c	c65c0203	lb	x4,-923(x24)	 x24:0x80008bb8  x4=0xffffffb0 PA:0x8000881d
       15785000	      1577	800018a0	061c0883	lb	x17,97(x24)	 x24:0x80008bb8 x17=0xffffffce PA:0x80008c19
       15795000	      1578	800018a4	077c0c83	lb	x25,119(x24)	 x24:0x80008bb8 x25=0xffffff95 PA:0x80008c2f
       15805000	      1579	800018a8	df7bdf03	lhu	x30,-521(x23)	 x23:0x80008aed x30=0x00006861 PA:0x800088e4
       15815000	      1580	800018ac	d24b8723	sb	x4,-722(x23)	 x23:0x80008aed  x4:0xffffffb0 PA:0x8000881b
       15825000	      1581	800018b0	f91c4a03	lbu	x20,-111(x24)	 x24:0x80008bb8 x20=0x00000081 PA:0x80008b49
       15835000	      1582	800018b4	00e80303	lb	x6,14(x16)	 x16:0x80008ceb  x6=0xffffff88 PA:0x80008cf9
       15845000	      1583	800018b8	070b8103	lb	x2,112(x23)	 x23:0x80008aed  x2=0x00000036 PA:0x80008b5d
       15855000	      1584	800018bc	00a80523	sb	x10,10(x16)	 x16:0x80008ceb x10:0x01c0000e PA:0x80008cf5
       15865000	      1585	800018c0	375b8d23	sb	x21,890(x23)	 x23:0x80008aed x21:0x80009f48 PA:0x80008e67
       15875000	      1586	800018c4	ffc84b03	lbu	x22,-4(x16)	 x16:0x80008ceb x22=0x00000080 PA:0x80008ce7
       15885000	      1587	800018c8	0d3b8b23	sb	x19,214(x23)	 x23:0x80008aed x19:0x0000000d PA:0x80008bc3
       15895000	      1588	800018cc	056dc463	blt	x27,x22,80001914	 x27:0xb373b000 x22:0x00000080
       15905000	      1589	00000000	00000013	addi	x0,x0,0	  x0:0x00000000
       15915000	      1590	80001910	00000013	addi	x0,x0,0	  x0:0x00000000
       15925000	      1591	80001914	98124013	xori	x0,x4,-1663	  x4:0xffffffb0
       15935000	      1592	80001918	70820537	lui	x10,0x70820	 x10=0x70820000
       15945000	      1593	8000191c	00908133	add	x2,x1,x9	  x1:0x00000008  x9:0x00000000  x2=0x00000008
       15955000	      1594	80001920	fdf6e993	ori	x19,x13,-33	 x13:0x80009fc4 x19=0xffffffdf
       15965000	      1595	80001924	4121de93	srai	x29,x3,0x12	  x3:0x00000001 x29=0x00000000
       15975000	      1596	80001928	a0684613	xori	x12,x16,-1530	 x16:0x80008ceb x12=0x7fff76ed
       15985000	      1597	8000192c	41a8db93	srai	x23,x17,0x1a	 x17:0xffffffce x23=0xffffffff
       15995000	      1598	80001930	00d27333	and	x6,x4,x13	  x4:0xffffffb0 x13:0x80009fc4  x6=0x80009f80
       16005000	      1599	80001934	001d9f33	sll	x30,x27,x1	 x27:0xb373b000  x1:0x00000008 x30=0x73b00000
       16015000	      1600	80001938	83cc7297	auipc	x5,0x83cc7	  x5=0x03cc8934
       16025000	      1601	8000193c	418f0b33	sub	x22,x30,x24	 x30:0x73b00000 x24:0x80008bb8 x22=0xf3af7448
       16035000	      1602	80001940	4006d2b3	sra	x5,x13,x0	 x13:0x80009fc4  x0:0x00000000  x5=0x80009fc4
       16045000	      1603	80001944	017f62b3	or	x5,x30,x23	 x30:0x73b00000 x23:0xffffffff  x5=0xffffffff
       16055000	      1604	80001948	02fd8463	beq	x27,x15,80001970	 x27:0xb373b000 x15:0x1c000001
       16065000	      1605	8000194c	0279fc63	bgeu	x19,x7,80001984	 x19:0xffffffdf  x7:0x000000b3
       16075000	      1606	00000000	00000013	addi	x0,x0,0	  x0:0x00000000
       16085000	      1607	80001980	00000013	addi	x0,x0,0	  x0:0x00000000
       16095000	      1608	80001984	01f17663	bgeu	x2,x31,80001990	  x2:0x00000008 x31:0xffffffcd
       16105000	      1609	80001988	54c6f613	andi	x12,x13,1356	 x13:0x80009fc4 x12=0x00000544
       16115000	      1610	8000198c	41ccd233	sra	x4,x25,x28	 x25:0xffffff95 x28:0x0025ca80  x4=0xffffff95
       16125000	      1611	80001990	84fafb93	andi	x23,x21,-1969	 x21:0x80009f48 x23=0x80009848
       16135000	      1612	80001994	142c3d93	sltiu	x27,x24,322	 x24:0x80008bb8 x27=0x00000000
       16145000	      1613	80001998	006cf8b3	and	x17,x25,x6	 x25:0xffffff95  x6:0x80009f80 x17=0x80009f80
       16155000	      1614	8000199c	41ef8533	sub	x10,x31,x30	 x31:0xffffffcd x30:0x73b00000 x10=0x8c4fffcd
       16165000	      1615	800019a0	004aa303	lw	x6,4(x21)	 x21:0x80009f48  x6=0x80000410 PA:0x80009f4c
       16175000	      1616	800019a4	03ca8a93	addi	x21,x21,60	 x21:0x80009f48 x21=0x80009f84
       16185000	      1617	800019a8	0956ee13	ori	x28,x13,149	 x13:0x80009fc4 x28=0x80009fd5
       16195000	      1618	800019ac	00130493	addi	x9,x6,1	  x6:0x80000410  x9=0x80000411
       16205000	      1619	800019b0	000484e7	jalr	x9,x9,0	  x9:0x80000411  x9=0x800019b0
       16215000	      1620	00000000	00000013	addi	x0,x0,0	  x0:0x00000000
       16225000	      1621	80000410	00000013	addi	x0,x0,0	  x0:0x00000000
       16235000	      1622	80000414	7b87c613	xori	x12,x15,1976	 x15:0x1c000001 x12=0x1c0007b9
       16245000	      1623	80000418	00c3fe33	and	x28,x7,x12	  x7:0x000000b3 x12:0x1c0007b9 x28=0x000000b1
       16255000	      1624	8000041c	013f4533	xor	x10,x30,x19	 x30:0x73b00000 x19:0xffffffdf x10=0x8c4fffdf
       16265000	      1625	80000420	00000013	addi	x0,x0,0	  x0:0x00000000
       16275000	      1626	80000424	04fa4663	blt	x20,x15,80000470	 x20:0x00000081 x15:0x1c000001
       16285000	      1627	00000000	00000013	addi	x0,x0,0	  x0:0x00000000
       16295000	      1628	8000046c	00000013	addi	x0,x0,0	  x0:0x00000000
       16305000	      1629	80000470	0080c463	blt	x1,x8,80000478	  x1:0x00000008  x8:0x80167830
       16315000	      1630	80000474	00cd1a63	bne	x26,x12,80000488	 x26:0x0000003a x12:0x1c0007b9
       16325000	      1631	00000000	00000013	addi	x0,x0,0	  x0:0x00000000
       16335000	      1632	80000484	00000013	addi	x0,x0,0	  x0:0x00000000
       16345000	      1633	80000488	ab32c713	xori	x14,x5,-1357	  x5:0xffffffff x14=0x0000054c
       16355000	      1634	8000048c	01751c93	slli	x25,x10,0x17	 x10:0x8c4fffdf x25=0xef800000
       16365000	      1635	80000490	005111b3	sll	x3,x2,x5	  x2:0x00000008  x5:0xffffffff  x3=0x00000000
       16375000	      1636	80000494	411e5c93	srai	x25,x28,0x11	 x28:0x000000b1 x25=0x00000000
       16385000	      1637	80000498	012e7a63	bgeu	x28,x18,800004ac	 x28:0x000000b1 x18:0x0000009b
       16395000	      1638	00000000	00000013	addi	x0,x0,0	  x0:0x00000000
       16405000	      1639	800004a8	00000013	addi	x0,x0,0	  x0:0x00000000
       16415000	      1640	800004ac	01159793	slli	x15,x11,0x11	 x11:0x00000001 x15=0x00020000
       16425000	      1641	800004b0	e6e9b893	sltiu	x17,x19,-402	 x19:0xffffffdf x17=0x00000000
       16435000	      1642	800004b4	daa137b7	lui	x15,0xdaa13	 x15=0xdaa13000
       16445000	      1643	800004b8	0063fcb3	and	x25,x7,x6	  x7:0x000000b3  x6:0x80000410 x25=0x00000010
       16455000	      1644	800004bc	5f6fd037	lui	x0,0x5f6fd	
       16465000	      1645	800004c0	c13a4f13	xori	x30,x20,-1005	 x20:0x00000081 x30=0xfffffc92
       16475000	      1646	800004c4	413e8333	sub	x6,x29,x19	 x29:0x00000000 x19:0xffffffdf  x6=0x00000021
       16485000	      1647	800004c8	00445eb3	srl	x29,x8,x4	  x8:0x80167830  x4:0xffffff95 x29=0x00000400
       16495000	      1648	800004cc	00a9acb3	slt	x25,x19,x10	 x19:0xffffffdf x10:0x8c4fffdf x25=0x00000000
       16505000	      1649	800004d0	2ed86993	ori	x19,x16,749	 x16:0x80008ceb x19=0x80008eef
       16515000	      1650	800004d4	049fd863	bge	x31,x9,80000524	 x31:0xffffffcd  x9:0x800019b0
       16525000	      1651	00000000	00000013	addi	x0,x0,0	  x0:0x00000000
       16535000	      1652	80000520	00000013	addi	x0,x0,0	  x0:0x00000000
       16545000	      1653	80000524	019b5933	srl	x18,x22,x25	 x22:0xf3af7448 x25:0x00000000 x18=0xf3af7448
       16555000	      1654	80000528	7b75f913	andi	x18,x11,1975	 x11:0x00000001 x18=0x00000001
       16565000	      1655	8000052c	01b2a1b3	slt	x3,x5,x27	  x5:0xffffffff x27:0x00000000  x3=0x00000001
       16575000	      1656	80000530	b5746b93	ori	x23,x8,-1193	  x8:0x80167830 x23=0xfffffb77
       16585000	      1657	80000534	00f97633	and	x12,x18,x15	 x18:0x00000001 x15:0xdaa13000 x12=0x00000000
       16595000	      1658	80000538	03fa7063	bgeu	x20,x31,80000558	 x20:0x00000081 x31:0xffffffcd
       16605000	      1659	8000053c	41afd433	sra	x8,x31,x26	 x31:0xffffffcd x26:0x0000003a  x8=0xffffffff
       16615000	      1660	80000540	02856263	bltu	x10,x8,80000564	 x10:0x8c4fffdf  x8:0xffffffff
       16625000	      1661	00000000	00000013	addi	x0,x0,0	  x0:0x00000000
       16635000	      1662	80000560	00000013	addi	x0,x0,0	  x0:0x00000000
       16645000	      1663	80000564	0050c663	blt	x1,x5,80000570	  x1:0x00000008  x5:0xffffffff
       16655000	      1664	80000568	8ec18437	lui	x8,0x8ec18	  x8=0x8ec18000
       16665000	      1665	8000056c	a168dc37	lui	x24,0xa168d	 x24=0xa168d000
       16675000	      1666	80000570	015fc4b3	xor	x9,x31,x21	 x31:0xffffffcd x21:0x80009f84  x9=0x7fff6049
       16685000	      1667	80000574	02888a63	beq	x17,x8,800005a8	 x17:0x00000000  x8:0x8ec18000
       16695000	      1668	80000578	01071513	slli	x10,x14,0x10	 x14:0x0000054c x10=0x054c0000
       16705000	      1669	8000057c	00900263	beq	x0,x9,80000580	  x0:0x00000000  x9:0x7fff6049
       16715000	      1670	80000580	019bd593	srli	x11,x23,0x19	 x23:0xfffffb77 x11=0x0000007f
       16725000	      1671	80000584	00b55193	srli	x3,x10,0xb	 x10:0x054c0000  x3=0x0000a980
       16735000	      1672	80000588	e3328793	addi	x15,x5,-461	  x5:0xffffffff x15=0xfffffe32
       16745000	      1673	8000058c	9050a213	slti	x4,x1,-1787	  x1:0x00000008  x4=0x00000000
       16755000	      1674	80000590	42e86713	ori	x14,x16,1070	 x16:0x80008ceb x14=0x80008cef
       16765000	      1675	80000594	91a07793	andi	x15,x0,-1766	  x0:0x00000000 x15=0x00000000
       16775000	      1676	80000598	463a64b7	lui	x9,0x463a6	  x9=0x463a6000
       16785000	      1677	8000059c	6423eb13	ori	x22,x7,1602	  x7:0x000000b3 x22=0x000006f3
       16795000	      1678	800005a0	004a6463	bltu	x20,x4,800005a8	 x20:0x00000081  x4:0x00000000
       16805000	      1679	800005a4	01311593	slli	x11,x2,0x13	  x2:0x00000008 x11=0x00400000
       16815000	      1680	800005a8	01083db3	sltu	x27,x16,x16	 x16:0x80008ceb x16:0x80008ceb x27=0x00000000
       16825000	      1681	800005ac	013193b3	sll	x7,x3,x19	  x3:0x0000a980 x19:0x80008eef  x7=0x54c00000
       16835000	      1682	800005b0	3fd92a13	slti	x20,x18,1021	 x18:0x00000001 x20=0x00000001
       16845000	      1683	800005b4	00000097	auipc	x1,0x0	  x1=0x800005b0
       16855000	      1684	800005b8	00c08093	addi	x1,x1,12	  x1:0x800005b0  x1=0x800005bc
       16865000	      1685	800005bc	00008067	jalr	x0,x1,0	  x1:0x800005bc
       16875000	      1686	00000000	00000013	addi	x0,x0,0	  x0:0x00000000
       16885000	      1687	800005bc	00000013	addi	x0,x0,0	  x0:0x00000000
       16895000	      1688	800005c0	00100193	addi	x3,x0,1	  x0:0x00000000  x3=0x00000001
       16905000	      1689	800005c4	00000073	ecall	
       16915000	      1690	800005c8	40a58b33	sub	x22,x11,x10	 x11:0x00400000 x10:0x054c0000 x22=0xfaf40000
