		Time			Cycle	PC		Insn	Decoded instruction	Register and memory contents
          65000	         5	80000004	00000293	addi	x5,x0,0	  x0:0x00000000  x5=0x00000000
          75000	         6	80000008	00000313	addi	x6,x0,0	  x0:0x00000000  x6=0x00000000
          85000	         7	8000000c	00628263	beq	x5,x6,80000010	  x5:0x00000000  x6:0x00000000
          95000	         8	00000000	00000013	addi	x0,x0,0	  x0:0x00000000
         105000	         9	8000000c	00000013	addi	x0,x0,0	  x0:0x00000000
         115000	        10	80000010	00000117	auipc	x2,0x0	  x2=0x8000000c
         125000	        11	80000014	00c10113	addi	x2,x2,12	  x2:0x8000000c  x2=0x80000018
         135000	        12	80000018	00010067	jalr	x0,x2,0	  x2:0x80000018
         145000	        13	00000000	00000013	addi	x0,x0,0	  x0:0x00000000
         155000	        14	80000018	00000013	addi	x0,x0,0	  x0:0x00000000
         165000	        15	8000001c	40000937	lui	x18,0x40000	 x18=0x40000000
         175000	        16	80000020	10090913	addi	x18,x18,256	 x18:0x40000000 x18=0x40000100
         185000	        17	80000024	00000013	addi	x0,x0,0	  x0:0x00000000
         195000	        18	80000028	0000a597	auipc	x11,0xa	 x11=0x8000a024
         205000	        19	8000002c	fa058593	addi	x11,x11,-96	 x11:0x8000a024 x11=0x80009fc4
         215000	        20	80000030	00002917	auipc	x18,0x2	 x18=0x8000202c
         225000	        21	80000034	ed890913	addi	x18,x18,-296	 x18:0x8000202c x18=0x80001f04
         235000	        22	80000038	00096913	ori	x18,x18,0	 x18:0x80001f04 x18=0x80001f04
         245000	        23	8000003c	00000013	addi	x0,x0,0	  x0:0x00000000
         255000	        24	80000040	00000917	auipc	x18,0x0	 x18=0x8000003c
         265000	        25	80000044	02090913	addi	x18,x18,32	 x18:0x8000003c x18=0x8000005c
         275000	        26	80000048	00000013	addi	x0,x0,0	  x0:0x00000000
         285000	        27	8000004c	00000013	addi	x0,x0,0	  x0:0x00000000
         295000	        28	80000050	00002937	lui	x18,0x2	 x18=0x00002000
         305000	        29	80000054	80090913	addi	x18,x18,-2048	 x18:0x00002000 x18=0x00001800
         315000	        30	80000058	00000013	addi	x0,x0,0	  x0:0x00000000
         325000	        31	8000005c	00000013	addi	x0,x0,0	  x0:0x00000000
         335000	        32	80000060	9c481037	lui	x0,0x9c481	
         345000	        33	80000064	8ad00013	addi	x0,x0,-1875	  x0:0x00000000
         355000	        34	80000068	800000b7	lui	x1,0x80000	  x1=0x80000000
         365000	        35	8000006c	00500113	addi	x2,x0,5	  x0:0x00000000  x2=0x00000005
         375000	        36	80000070	056541b7	lui	x3,0x5654	  x3=0x05654000
         385000	        37	80000074	57c18193	addi	x3,x3,1404	  x3:0x05654000  x3=0x0565457c
         395000	        38	80000078	00f00213	addi	x4,x0,15	  x0:0x00000000  x4=0x0000000f
         405000	        39	8000007c	f4c682b7	lui	x5,0xf4c68	  x5=0xf4c68000
         415000	        40	80000080	afa28293	addi	x5,x5,-1286	  x5:0xf4c68000  x5=0xf4c67afa
         425000	        41	80000084	00000313	addi	x6,x0,0	  x0:0x00000000  x6=0x00000000
         435000	        42	80000088	00000393	addi	x7,x0,0	  x0:0x00000000  x7=0x00000000
         445000	        43	8000008c	fbd8f437	lui	x8,0xfbd8f	  x8=0xfbd8f000
         455000	        44	80000090	dc540413	addi	x8,x8,-571	  x8:0xfbd8f000  x8=0xfbd8edc5
         465000	        45	80000094	800004b7	lui	x9,0x80000	  x9=0x80000000
         475000	        46	80000098	00000513	addi	x10,x0,0	  x0:0x00000000 x10=0x00000000
         485000	        47	8000009c	00000613	addi	x12,x0,0	  x0:0x00000000 x12=0x00000000
         495000	        48	800000a0	800006b7	lui	x13,0x80000	 x13=0x80000000
         505000	        49	800000a4	00000713	addi	x14,x0,0	  x0:0x00000000 x14=0x00000000
         515000	        50	800000a8	00800813	addi	x16,x0,8	  x0:0x00000000 x16=0x00000008
         525000	        51	800000ac	facab8b7	lui	x17,0xfacab	 x17=0xfacab000
         535000	        52	800000b0	29688893	addi	x17,x17,662	 x17:0xfacab000 x17=0xfacab296
         545000	        53	800000b4	fb3c8937	lui	x18,0xfb3c8	 x18=0xfb3c8000
         555000	        54	800000b8	ee090913	addi	x18,x18,-288	 x18:0xfb3c8000 x18=0xfb3c7ee0
         565000	        55	800000bc	f90749b7	lui	x19,0xf9074	 x19=0xf9074000
         575000	        56	800000c0	7e698993	addi	x19,x19,2022	 x19:0xf9074000 x19=0xf90747e6
         585000	        57	800000c4	00000a13	addi	x20,x0,0	  x0:0x00000000 x20=0x00000000
         595000	        58	800000c8	00300a93	addi	x21,x0,3	  x0:0x00000000 x21=0x00000003
         605000	        59	800000cc	80000b37	lui	x22,0x80000	 x22=0x80000000
         615000	        60	800000d0	00200b93	addi	x23,x0,2	  x0:0x00000000 x23=0x00000002
         625000	        61	800000d4	00100c13	addi	x24,x0,1	  x0:0x00000000 x24=0x00000001
         635000	        62	800000d8	00000c93	addi	x25,x0,0	  x0:0x00000000 x25=0x00000000
         645000	        63	800000dc	00500d13	addi	x26,x0,5	  x0:0x00000000 x26=0x00000005
         655000	        64	800000e0	80000db7	lui	x27,0x80000	 x27=0x80000000
         665000	        65	800000e4	00000e13	addi	x28,x0,0	  x0:0x00000000 x28=0x00000000
         675000	        66	800000e8	80000eb7	lui	x29,0x80000	 x29=0x80000000
         685000	        67	800000ec	00500f13	addi	x30,x0,5	  x0:0x00000000 x30=0x00000005
         695000	        68	800000f0	00d00f93	addi	x31,x0,13	  x0:0x00000000 x31=0x0000000d
         705000	        69	800000f4	0000a797	auipc	x15,0xa	 x15=0x8000a0f0
         715000	        70	800000f8	e9478793	addi	x15,x15,-364	 x15:0x8000a0f0 x15=0x80009f84
         725000	        71	800000fc	01105193	srli	x3,x0,0x11	  x0:0x00000000  x3=0x00000000
         735000	        72	80000100	e47d0a13	addi	x20,x26,-441	 x26:0x00000005 x20=0xfffffe4c
         745000	        73	80000104	00000b17	auipc	x22,0x0	 x22=0x80000100
         755000	        74	80000108	320b0b13	addi	x22,x22,800	 x22:0x80000100 x22=0x80000420
         765000	        75	8000010c	08549837	lui	x16,0x8549	 x16=0x08549000
         775000	        76	80000110	3ebb0b13	addi	x22,x22,1003	 x22:0x80000420 x22=0x8000080b
         785000	        77	80000114	41c681b3	sub	x3,x13,x28	 x13:0x80000000 x28:0x00000000  x3=0x80000000
         795000	        78	80000118	01411463	bne	x2,x20,80000120	  x2:0x00000005 x20:0xfffffe4c
         805000	        79	00000000	00000013	addi	x0,x0,0	  x0:0x00000000
         815000	        80	8000011c	00000013	addi	x0,x0,0	  x0:0x00000000
         825000	        81	80000120	c16b00e7	jalr	x1,x22,-1002	 x22:0x8000080b  x1=0x80000120
         835000	        82	00000000	00000013	addi	x0,x0,0	  x0:0x00000000
         845000	        83	80000420	00000013	addi	x0,x0,0	  x0:0x00000000
         855000	        84	80000424	006aff33	and	x30,x21,x6	 x21:0x00000003  x6:0x00000000 x30=0x00000000
         865000	        85	80000428	01287263	bgeu	x16,x18,8000042c	 x16:0x08549000 x18:0xfb3c7ee0
         875000	        86	8000042c	fe478793	addi	x15,x15,-28	 x15:0x80009f84 x15=0x80009f68
         885000	        87	80000430	0169ed33	or	x26,x19,x22	 x19:0xf90747e6 x22:0x8000080b x26=0xf9074fef
         895000	        88	80000434	0017a223	sw	x1,4(x15)	 x15:0x80009f68  x1:0x80000120 PA:0x80009f6c
         905000	        89	80000438	95168693	addi	x13,x13,-1711	 x13:0x80000000 x13=0x7ffff951
         915000	        90	8000043c	009366b3	or	x13,x6,x9	  x6:0x00000000  x9:0x80000000 x13=0x80000000
         925000	        91	80000440	00008097	auipc	x1,0x8	  x1=0x8000843c
         935000	        92	80000444	16808093	addi	x1,x1,360	  x1:0x8000843c  x1=0x800085a4
         945000	        93	80000448	00008a17	auipc	x20,0x8	 x20=0x80008444
         955000	        94	8000044c	cf5a0a13	addi	x20,x20,-779	 x20:0x80008444 x20=0x80008139
         965000	        95	80000450	fd4a13a3	sh	x20,-57(x20)	 x20:0x80008139 x20:0x80008139 PA:0x80008100
         975000	        96	80000454	00008197	auipc	x3,0x8	  x3=0x80008450
         985000	        97	80000458	16e18193	addi	x3,x3,366	  x3:0x80008450  x3=0x800085be
         995000	        98	8000045c	00008a97	auipc	x21,0x8	 x21=0x80008458
        1005000	        99	80000460	345a8a93	addi	x21,x21,837	 x21:0x80008458 x21=0x8000879d
        1015000	       100	80000464	fe619423	sh	x6,-24(x3)	  x3:0x800085be  x6:0x00000000 PA:0x800085a6
        1025000	       101	80000468	c900ae23	sw	x16,-868(x1)	  x1:0x800085a4 x16:0x08549000 PA:0x80008240
        1035000	       102	8000046c	ff21c283	lbu	x5,-14(x3)	  x3:0x800085be  x5=0x00000022 PA:0x800085b0
        1045000	       103	80000470	ee609b03	lh	x22,-282(x1)	  x1:0x800085a4 x22=0xffff9b76 PA:0x8000848a
        1055000	       104	80000474	bcda8a23	sb	x13,-1068(x21)	 x21:0x8000879d x13:0x80000000 PA:0x80008371
        1065000	       105	80000478	fdaa13a3	sh	x26,-57(x20)	 x20:0x80008139 x26:0xf9074fef PA:0x80008100
        1075000	       106	8000047c	00a09b03	lh	x22,10(x1)	  x1:0x800085a4 x22=0x00003cc2 PA:0x800085ae
        1085000	       107	80000480	c98a8383	lb	x7,-872(x21)	 x21:0x8000879d  x7=0x00000070 PA:0x80008435
        1095000	       108	80000484	dc508003	lb	x0,-571(x1)	  x1:0x800085a4 PA:0x80008369
        1105000	       109	80000488	03c1c983	lbu	x19,60(x3)	  x3:0x800085be x19=0x000000d6 PA:0x800085fa
        1115000	       110	8000048c	fc019023	sh	x0,-64(x3)	  x3:0x800085be  x0:0x00000000 PA:0x8000857e
        1125000	       111	80000490	d77a9383	lh	x7,-649(x21)	 x21:0x8000879d  x7=0xffffb9a2 PA:0x80008514
        1135000	       112	80000494	fd81cc83	lbu	x25,-40(x3)	  x3:0x800085be x25=0x00000021 PA:0x80008596
        1145000	       113	80000498	033a2703	lw	x14,51(x20)	 x20:0x80008139 x14=0xfcd5be29 PA:0x8000816c
        1155000	       114	8000049c	cc908ea3	sb	x9,-803(x1)	  x1:0x800085a4  x9:0x80000000 PA:0x80008281
        1165000	       115	800004a0	007a2d03	lw	x26,7(x20)	 x20:0x80008139 x26=0x7b2a799f PA:0x80008140
        1175000	       116	800004a4	00d18c83	lb	x25,13(x3)	  x3:0x800085be x25=0xffffffc0 PA:0x800085cb
        1185000	       117	800004a8	f56a8a23	sb	x22,-172(x21)	 x21:0x8000879d x22:0x00003cc2 PA:0x800086f1
        1195000	       118	800004ac	20209403	lh	x8,514(x1)	  x1:0x800085a4  x8=0xffffe2ed PA:0x800087a6
        1205000	       119	800004b0	fd8a12a3	sh	x24,-59(x20)	 x20:0x80008139 x24:0x00000001 PA:0x800080fe
        1215000	       120	800004b4	fc01c383	lbu	x7,-64(x3)	  x3:0x800085be  x7=0x00000000 PA:0x8000857e
        1225000	       121	800004b8	fefa4b03	lbu	x22,-17(x20)	 x20:0x80008139 x22=0x000000cb PA:0x80008128
        1235000	       122	800004bc	e52a96a3	sh	x18,-435(x21)	 x21:0x8000879d x18:0xfb3c7ee0 PA:0x800085ea
        1245000	       123	800004c0	bf40dd03	lhu	x26,-1036(x1)	  x1:0x800085a4 x26=0x000086af PA:0x80008198
        1255000	       124	800004c4	032a0503	lb	x10,50(x20)	 x20:0x80008139 x10=0xffffff8d PA:0x8000816b
        1265000	       125	800004c8	be2a8623	sb	x2,-1044(x21)	 x21:0x8000879d  x2:0x00000005 PA:0x80008389
        1275000	       126	800004cc	00008f17	auipc	x30,0x8	 x30=0x800084c8
        1285000	       127	800004d0	e57f0f13	addi	x30,x30,-425	 x30:0x800084c8 x30=0x8000831f
        1295000	       128	800004d4	001f4983	lbu	x19,1(x30)	 x30:0x8000831f x19=0x00000099 PA:0x80008320
        1305000	       129	800004d8	009f5383	lhu	x7,9(x30)	 x30:0x8000831f  x7=0x00004243 PA:0x80008328
        1315000	       130	800004dc	ffdf09a3	sb	x29,-13(x30)	 x30:0x8000831f x29:0x80000000 PA:0x80008312
        1325000	       131	800004e0	ff4f0603	lb	x12,-12(x30)	 x30:0x8000831f x12=0xfffffffd PA:0x80008313
        1335000	       132	800004e4	00a15933	srl	x18,x2,x10	  x2:0x00000005 x10:0xffffff8d x18=0x00000000
        1345000	       133	800004e8	ef963f93	sltiu	x31,x12,-263	 x12:0xfffffffd x31=0x00000000
        1355000	       134	800004ec	f68de193	ori	x3,x27,-152	 x27:0x80000000  x3=0xffffff68
        1365000	       135	800004f0	01289413	slli	x8,x17,0x12	 x17:0xfacab296  x8=0xca580000
        1375000	       136	800004f4	40bfd1b3	sra	x3,x31,x11	 x31:0x00000000 x11:0x80009fc4  x3=0x00000000
        1385000	       137	800004f8	e92cf513	andi	x10,x25,-366	 x25:0xffffffc0 x10=0xfffffe80
        1395000	       138	800004fc	ff5f1803	lh	x16,-11(x30)	 x30:0x8000831f x16=0xffff9b5b PA:0x80008314
        1405000	       139	00000000	00000013	addi	x0,x0,0	  x0:0x00000000
        1415000	       140	80000500	ff0f4483	lbu	x9,-16(x30)	 x30:0x8000831f  x9=0x0000003b PA:0x8000830f
        1425000	       141	80000504	c0b22313	slti	x6,x4,-1013	  x4:0x0000000f  x6=0x00000000
        1435000	       142	80000508	00df1683	lh	x13,13(x30)	 x30:0x8000831f x13=0x00002fb6 PA:0x8000832c
        1445000	       143	8000050c	41a95193	srai	x3,x18,0x1a	 x18:0x00000000  x3=0x00000000
        1455000	       144	80000510	001f15a3	sh	x1,11(x30)	 x30:0x8000831f  x1:0x800085a4 PA:0x8000832a
        1465000	       145	80000514	ff5f0603	lb	x12,-11(x30)	 x30:0x8000831f x12=0x0000005b PA:0x80008314
        1475000	       146	80000518	ff8f0ca3	sb	x24,-7(x30)	 x30:0x8000831f x24:0x00000001 PA:0x80008318
        1485000	       147	8000051c	00ef0e03	lb	x28,14(x30)	 x30:0x8000831f x28=0x0000002f PA:0x8000832d
        1495000	       148	80000520	01a87533	and	x10,x16,x26	 x16:0xffff9b5b x26:0x000086af x10=0x0000820b
        1505000	       149	80000524	004f0803	lb	x16,4(x30)	 x30:0x8000831f x16=0x0000003f PA:0x80008323
        1515000	       150	80000528	406add33	sra	x26,x21,x6	 x21:0x8000879d  x6:0x00000000 x26=0x8000879d
        1525000	       151	8000052c	ffef0c83	lb	x25,-2(x30)	 x30:0x8000831f x25=0xffffffe5 PA:0x8000831d
        1535000	       152	80000530	ff6f4003	lbu	x0,-10(x30)	 x30:0x8000831f PA:0x80008315
        1545000	       153	80000534	956a0b93	addi	x23,x20,-1706	 x20:0x80008139 x23=0x80007a8f
        1555000	       154	80000538	ff1f1303	lh	x6,-15(x30)	 x30:0x8000831f  x6=0x000024a8 PA:0x80008310
        1565000	       155	8000053c	00ff5183	lhu	x3,15(x30)	 x30:0x8000831f  x3=0x0000fbe3 PA:0x8000832e
        1575000	       156	80000540	009f0023	sb	x9,0(x30)	 x30:0x8000831f  x9:0x0000003b PA:0x8000831f
        1585000	       157	80000544	0050ec33	or	x24,x1,x5	  x1:0x800085a4  x5:0x00000022 x24=0x800085a6
        1595000	       158	80000548	0174b433	sltu	x8,x9,x23	  x9:0x0000003b x23:0x80007a8f  x8=0x00000001
        1605000	       159	8000054c	ff4f4b83	lbu	x23,-12(x30)	 x30:0x8000831f x23=0x000000fd PA:0x80008313
        1615000	       160	80000550	ffef0303	lb	x6,-2(x30)	 x30:0x8000831f  x6=0xffffffe5 PA:0x8000831d
        1625000	       161	80000554	007f0123	sb	x7,2(x30)	 x30:0x8000831f  x7:0x00004243 PA:0x80008321
        1635000	       162	80000558	00008997	auipc	x19,0x8	 x19=0x80008554
        1645000	       163	8000055c	e4f98993	addi	x19,x19,-433	 x19:0x80008554 x19=0x800083a3
        1655000	       164	80000560	0119d683	lhu	x13,17(x19)	 x19:0x800083a3 x13=0x0000a5e0 PA:0x800083b4
        1665000	       165	80000564	00008097	auipc	x1,0x8	  x1=0x80008560
        1675000	       166	80000568	c9208093	addi	x1,x1,-878	  x1:0x80008560  x1=0x800081f2
        1685000	       167	8000056c	f3d08d83	lb	x27,-195(x1)	  x1:0x800081f2 x27=0xffffffec PA:0x8000812f
        1695000	       168	80000570	00008b97	auipc	x23,0x8	 x23=0x8000856c
        1705000	       169	80000574	1cab8b93	addi	x23,x23,458	 x23:0x8000856c x23=0x80008736
        1715000	       170	80000578	044080a3	sb	x4,65(x1)	  x1:0x800081f2  x4:0x0000000f PA:0x80008233
        1725000	       171	8000057c	f08b9a03	lh	x20,-248(x23)	 x23:0x80008736 x20=0x00001535 PA:0x8000863e
        1735000	       172	80000580	00008f97	auipc	x31,0x8	 x31=0x8000857c
        1745000	       173	80000584	b9bf8f93	addi	x31,x31,-1125	 x31:0x8000857c x31=0x80008117
        1755000	       174	80000588	00008817	auipc	x16,0x8	 x16=0x80008584
        1765000	       175	8000058c	db480813	addi	x16,x16,-588	 x16:0x80008584 x16=0x80008338
        1775000	       176	80000590	ff4fcd03	lbu	x26,-12(x31)	 x31:0x80008117 x26=0x00000016 PA:0x8000810b
        1785000	       177	80000594	04eb8403	lb	x8,78(x23)	 x23:0x80008736  x8=0x00000062 PA:0x80008784
        1795000	       178	80000598	00d82823	sw	x13,16(x16)	 x16:0x80008338 x13:0x0000a5e0 PA:0x80008348
        1805000	       179	8000059c	f780c383	lbu	x7,-136(x1)	  x1:0x800081f2  x7=0x0000008c PA:0x8000816a
        1815000	       180	800005a0	02f98383	lb	x7,47(x19)	 x19:0x800083a3  x7=0xfffffff3 PA:0x800083d2
        1825000	       181	800005a4	0189cf03	lbu	x30,24(x19)	 x19:0x800083a3 x30=0x00000001 PA:0x800083bb
        1835000	       182	800005a8	002802a3	sb	x2,5(x16)	 x16:0x80008338  x2:0x00000005 PA:0x8000833d
        1845000	       183	800005ac	0a1089a3	sb	x1,179(x1)	  x1:0x800081f2  x1:0x800081f2 PA:0x800082a5
        1855000	       184	800005b0	00ffdc03	lhu	x24,15(x31)	 x31:0x80008117 x24=0x0000cb28 PA:0x80008126
        1865000	       185	800005b4	01384683	lbu	x13,19(x16)	 x16:0x80008338 x13=0x00000000 PA:0x8000834b
        1875000	       186	800005b8	0e70c703	lbu	x14,231(x1)	  x1:0x800081f2 x14=0x00000054 PA:0x800082d9
        1885000	       187	800005bc	00bf9a03	lh	x20,11(x31)	 x31:0x80008117 x20=0x00006c86 PA:0x80008122
        1895000	       188	800005c0	052082a3	sb	x18,69(x1)	  x1:0x800081f2 x18:0x00000000 PA:0x80008237
        1905000	       189	800005c4	f4fbce03	lbu	x28,-177(x23)	 x23:0x80008736 x28=0x0000003d PA:0x80008685
        1915000	       190	800005c8	047bc603	lbu	x12,71(x23)	 x23:0x80008736 x12=0x000000f9 PA:0x8000877d
        1925000	       191	800005cc	ff3f9403	lh	x8,-13(x31)	 x31:0x80008117  x8=0x0000164b PA:0x8000810a
        1935000	       192	800005d0	fd980e03	lb	x28,-39(x16)	 x16:0x80008338 x28=0x00000024 PA:0x80008311
        1945000	       193	800005d4	01881683	lh	x13,24(x16)	 x16:0x80008338 x13=0x00002b19 PA:0x80008350
        1955000	       194	800005d8	f88bda03	lhu	x20,-120(x23)	 x23:0x80008736 x20=0x00000dbf PA:0x800086be
        1965000	       195	800005dc	00ff9703	lh	x14,15(x31)	 x31:0x80008117 x14=0xffffcb28 PA:0x80008126
        1975000	       196	800005e0	02199703	lh	x14,33(x19)	 x19:0x800083a3 x14=0x00007bef PA:0x800083c4
        1985000	       197	800005e4	05d08e03	lb	x28,93(x1)	  x1:0x800081f2 x28=0xffffff9b PA:0x8000824f
        1995000	       198	800005e8	003fcd83	lbu	x27,3(x31)	 x31:0x80008117 x27=0x00000062 PA:0x8000811a
        2005000	       199	800005ec	fd5803a3	sb	x21,-57(x16)	 x16:0x80008338 x21:0x8000879d PA:0x800082ff
        2015000	       200	800005f0	fed9a483	lw	x9,-19(x19)	 x19:0x800083a3  x9=0xc7ceab12 PA:0x80008390
        2025000	       201	800005f4	f37bc683	lbu	x13,-201(x23)	 x23:0x80008736 x13=0x0000009b PA:0x8000866d
        2035000	       202	800005f8	001fd403	lhu	x8,1(x31)	 x31:0x80008117  x8=0x0000f019 PA:0x80008118
        2045000	       203	800005fc	fd698ba3	sb	x22,-41(x19)	 x19:0x800083a3 x22:0x000000cb PA:0x8000837a
        2055000	       204	80000600	00008097	auipc	x1,0x8	  x1=0x800085fc
        2065000	       205	80000604	c6208093	addi	x1,x1,-926	  x1:0x800085fc  x1=0x8000825e
        2075000	       206	80000608	ffb08c03	lb	x24,-5(x1)	  x1:0x8000825e x24=0x0000003c PA:0x80008259
        2085000	       207	8000060c	f5e3e313	ori	x6,x7,-162	  x7:0xfffffff3  x6=0xffffffff
        2095000	       208	80000610	00d29233	sll	x4,x5,x13	  x5:0x00000022 x13:0x0000009b  x4=0x10000000
        2105000	       209	80000614	ffb08883	lb	x17,-5(x1)	  x1:0x8000825e x17=0x0000003c PA:0x80008259
        2115000	       210	80000618	ffb08b03	lb	x22,-5(x1)	  x1:0x8000825e x22=0x0000003c PA:0x80008259
        2125000	       211	8000061c	fc709723	sh	x7,-50(x1)	  x1:0x8000825e  x7:0xfffffff3 PA:0x8000822c
        2135000	       212	80000620	fce09303	lh	x6,-50(x1)	  x1:0x8000825e  x6=0xfffffff3 PA:0x8000822c
        2145000	       213	80000624	01b0cc83	lbu	x25,27(x1)	  x1:0x8000825e x25=0x00000027 PA:0x80008279
        2155000	       214	80000628	00000013	addi	x0,x0,0	  x0:0x00000000
        2165000	       215	8000062c	00c08da3	sb	x12,27(x1)	  x1:0x8000825e x12:0x000000f9 PA:0x80008279
        2175000	       216	80000630	40f153b3	sra	x7,x2,x15	  x2:0x00000005 x15:0x80009f68  x7=0x00000000
        2185000	       217	80000634	01b0c003	lbu	x0,27(x1)	  x1:0x8000825e PA:0x80008279
        2195000	       218	80000638	01008da3	sb	x16,27(x1)	  x1:0x8000825e x16:0x80008338 PA:0x80008279
        2205000	       219	8000063c	00000013	addi	x0,x0,0	  x0:0x00000000
        2215000	       220	80000640	b3412193	slti	x3,x2,-1228	  x2:0x00000005  x3=0x00000000
        2225000	       221	80000644	0170cd03	lbu	x26,23(x1)	  x1:0x8000825e x26=0x000000a6 PA:0x80008275
        2235000	       222	80000648	00108ba3	sb	x1,23(x1)	  x1:0x8000825e  x1:0x8000825e PA:0x80008275
        2245000	       223	8000064c	01708b83	lb	x23,23(x1)	  x1:0x8000825e x23=0x0000005e PA:0x80008275
        2255000	       224	80000650	fd108503	lb	x10,-47(x1)	  x1:0x8000825e x10=0xffffffe4 PA:0x8000822f
        2265000	       225	80000654	35ca7013	andi	x0,x20,860	 x20:0x00000dbf
        2275000	       226	80000658	fd7088a3	sb	x23,-47(x1)	  x1:0x8000825e x23:0x0000005e PA:0x8000822f
        2285000	       227	8000065c	00008817	auipc	x16,0x8	 x16=0x80008658
        2295000	       228	80000660	c7c80813	addi	x16,x16,-900	 x16:0x80008658 x16=0x800082d4
        2305000	       229	80000664	fb084683	lbu	x13,-80(x16)	 x16:0x800082d4 x13=0x0000004c PA:0x80008284
        2315000	       230	80000668	fb080903	lb	x18,-80(x16)	 x16:0x800082d4 x18=0x0000004c PA:0x80008284
        2325000	       231	8000066c	f5984383	lbu	x7,-167(x16)	 x16:0x800082d4  x7=0x000000ff PA:0x8000822d
        2335000	       232	80000670	f5980703	lb	x14,-167(x16)	 x16:0x800082d4 x14=0xffffffff PA:0x8000822d
        2345000	       233	80000674	f5984183	lbu	x3,-167(x16)	 x16:0x800082d4  x3=0x000000ff PA:0x8000822d
        2355000	       234	80000678	52138d13	addi	x26,x7,1313	  x7:0x000000ff x26=0x00000620
        2365000	       235	8000067c	27377237	lui	x4,0x27377	  x4=0x27377000
        2375000	       236	80000680	f5980b83	lb	x23,-167(x16)	 x16:0x800082d4 x23=0xffffffff PA:0x8000822d
        2385000	       237	80000684	402da893	slti	x17,x27,1026	 x27:0x00000062 x17=0x00000001
        2395000	       238	80000688	f5980503	lb	x10,-167(x16)	 x16:0x800082d4 x10=0xffffffff PA:0x8000822d
        2405000	       239	8000068c	01d7b233	sltu	x4,x15,x29	 x15:0x80009f68 x29:0x80000000  x4=0x00000000
        2415000	       240	80000690	f4580ca3	sb	x5,-167(x16)	 x16:0x800082d4  x5:0x00000022 PA:0x8000822d
        2425000	       241	80000694	00147533	and	x10,x8,x1	  x8:0x0000f019  x1:0x8000825e x10=0x00008018
        2435000	       242	80000698	f5984b03	lbu	x22,-167(x16)	 x16:0x800082d4 x22=0x00000022 PA:0x8000822d
        2445000	       243	8000069c	f4480ca3	sb	x4,-167(x16)	 x16:0x800082d4  x4:0x00000000 PA:0x8000822d
        2455000	       244	800006a0	f5980503	lb	x10,-167(x16)	 x16:0x800082d4 x10=0x00000000 PA:0x8000822d
        2465000	       245	800006a4	049808a3	sb	x9,81(x16)	 x16:0x800082d4  x9:0xc7ceab12 PA:0x80008325
        2475000	       246	800006a8	fb984303	lbu	x6,-71(x16)	 x16:0x800082d4  x6=0x00000087 PA:0x8000828d
        2485000	       247	800006ac	fb980183	lb	x3,-71(x16)	 x16:0x800082d4  x3=0xffffff87 PA:0x8000828d
        2495000	       248	800006b0	00008c17	auipc	x24,0x8	 x24=0x800086ac
        2505000	       249	800006b4	e71c0c13	addi	x24,x24,-399	 x24:0x800086ac x24=0x8000851d
        2515000	       250	800006b8	0cec0303	lb	x6,206(x24)	 x24:0x8000851d  x6=0x0000007e PA:0x800085eb
        2525000	       251	800006bc	0a2c0623	sb	x2,172(x24)	 x24:0x8000851d  x2:0x00000005 PA:0x800085c9
        2535000	       252	800006c0	0b7c0623	sb	x23,172(x24)	 x24:0x8000851d x23:0xffffffff PA:0x800085c9
        2545000	       253	800006c4	f31c5f83	lhu	x31,-207(x24)	 x24:0x8000851d x31=0x00001e6c PA:0x8000844e
        2555000	       254	800006c8	fc7c2903	lw	x18,-57(x24)	 x24:0x8000851d x18=0x695ce64f PA:0x800084e4
        2565000	       255	800006cc	088c0303	lb	x6,136(x24)	 x24:0x8000851d  x6=0x00000025 PA:0x800085a5
        2575000	       256	800006d0	f57c04a3	sb	x23,-183(x24)	 x24:0x8000851d x23:0xffffffff PA:0x80008466
        2585000	       257	800006d4	ff2c10a3	sh	x18,-31(x24)	 x24:0x8000851d x18:0x695ce64f PA:0x800084fe
        2595000	       258	800006d8	fb3c0283	lb	x5,-77(x24)	 x24:0x8000851d  x5=0xffffffc5 PA:0x800084d0
        2605000	       259	800006dc	08ec0e03	lb	x28,142(x24)	 x24:0x8000851d x28=0xffffff84 PA:0x800085ab
        2615000	       260	800006e0	f5fc2b83	lw	x23,-161(x24)	 x24:0x8000851d x23=0xc92079fd PA:0x8000847c
        2625000	       261	800006e4	ab06e297	auipc	x5,0xab06e	  x5=0x2b06e6e0
        2635000	       262	800006e8	0abc4f83	lbu	x31,171(x24)	 x24:0x8000851d x31=0x00000058 PA:0x800085c8
        2645000	       263	800006ec	0acc15a3	sh	x12,171(x24)	 x24:0x8000851d x12:0x000000f9 PA:0x800085c8
        2655000	       264	800006f0	0b9c05a3	sb	x25,171(x24)	 x24:0x8000851d x25:0x00000027 PA:0x800085c8
        2665000	       265	800006f4	00008e97	auipc	x29,0x8	 x29=0x800086f0
        2675000	       266	800006f8	03fe8e93	addi	x29,x29,63	 x29:0x800086f0 x29=0x8000872f
        2685000	       267	800006fc	f85e9fa3	sh	x5,-97(x29)	 x29:0x8000872f  x5:0x2b06e6e0 PA:0x800086ce
        2695000	       268	80000700	0166da13	srli	x20,x13,0x16	 x13:0x0000004c x20=0x00000000
        2705000	       269	80000704	0138e1b3	or	x3,x17,x19	 x17:0x00000001 x19:0x800083a3  x3=0x800083a3
        2715000	       270	80000708	01feda83	lhu	x21,31(x29)	 x29:0x8000872f x21=0x00006b20 PA:0x8000874e
        2725000	       271	8000070c	c1a0f413	andi	x8,x1,-998	  x1:0x8000825e  x8=0x8000801a
        2735000	       272	80000710	00000013	addi	x0,x0,0	  x0:0x00000000
        2745000	       273	80000714	a5b14893	xori	x17,x2,-1445	  x2:0x00000005 x17=0xfffffa5e
        2755000	       274	80000718	40d98db3	sub	x27,x19,x13	 x19:0x800083a3 x13:0x0000004c x27=0x80008357
        2765000	       275	8000071c	fe7ed383	lhu	x7,-25(x29)	 x29:0x8000872f  x7=0x0000f6f6 PA:0x80008716
        2775000	       276	80000720	0157a533	slt	x10,x15,x21	 x15:0x80009f68 x21:0x00006b20 x10=0x00000001
        2785000	       277	80000724	400b8bb3	sub	x23,x23,x0	 x23:0xc92079fd  x0:0x00000000 x23=0xc92079fd
        2795000	       278	80000728	01fe8323	sb	x31,6(x29)	 x29:0x8000872f x31:0x00000058 PA:0x80008735
        2805000	       279	8000072c	004190b3	sll	x1,x3,x4	  x3:0x800083a3  x4:0x00000000  x1=0x800083a3
        2815000	       280	80000730	003a0b33	add	x22,x20,x3	 x20:0x00000000  x3:0x800083a3 x22=0x800083a3
        2825000	       281	80000734	32c7e913	ori	x18,x15,812	 x15:0x80009f68 x18=0x80009f6c
        2835000	       282	80000738	f85e8c23	sb	x5,-104(x29)	 x29:0x8000872f  x5:0x2b06e6e0 PA:0x800086c7
        2845000	       283	8000073c	f3dec483	lbu	x9,-195(x29)	 x29:0x8000872f  x9=0x000000fa PA:0x8000866c
        2855000	       284	80000740	00a66bb3	or	x23,x12,x10	 x12:0x000000f9 x10:0x00000001 x23=0x000000f9
        2865000	       285	80000744	027e9b03	lh	x22,39(x29)	 x29:0x8000872f x22=0x00004ee3 PA:0x80008756
        2875000	       286	80000748	bbf8fd93	andi	x27,x17,-1089	 x17:0xfffffa5e x27=0xfffffa1e
        2885000	       287	8000074c	f3b0c613	xori	x12,x1,-197	  x1:0x800083a3 x12=0x7fff7c98
        2895000	       288	80000750	f24e8b83	lb	x23,-220(x29)	 x29:0x8000872f x23=0x00000028 PA:0x80008653
        2905000	       289	80000754	00579e13	slli	x28,x15,0x5	 x15:0x80009f68 x28=0x0013ed00
        2915000	       290	80000758	000fdd33	srl	x26,x31,x0	 x31:0x00000058  x0:0x00000000 x26=0x00000058
        2925000	       291	8000075c	017f62b3	or	x5,x30,x23	 x30:0x00000001 x23:0x00000028  x5=0x00000029
        2935000	       292	80000760	00fe9e03	lh	x28,15(x29)	 x29:0x8000872f x28=0x00001004 PA:0x8000873e
        2945000	       293	80000764	0150e3b3	or	x7,x1,x21	  x1:0x800083a3 x21:0x00006b20  x7=0x8000eba3
        2955000	       294	80000768	fffe96a3	sh	x31,-19(x29)	 x29:0x8000872f x31:0x00000058 PA:0x8000871c
        2965000	       295	8000076c	00008497	auipc	x9,0x8	  x9=0x80008768
        2975000	       296	80000770	b9848493	addi	x9,x9,-1128	  x9:0x80008768  x9=0x80008300
        2985000	       297	80000774	20248b23	sb	x2,534(x9)	  x9:0x80008300  x2:0x00000005 PA:0x80008516
        2995000	       298	80000778	00000013	addi	x0,x0,0	  x0:0x00000000
        3005000	       299	8000077c	28b4cf83	lbu	x31,651(x9)	  x9:0x80008300 x31=0x000000dd PA:0x8000858b
        3015000	       300	80000780	28b4ca03	lbu	x20,651(x9)	  x9:0x80008300 x20=0x000000dd PA:0x8000858b
        3025000	       301	80000784	28b4c803	lbu	x16,651(x9)	  x9:0x80008300 x16=0x000000dd PA:0x8000858b
        3035000	       302	80000788	f0748fa3	sb	x7,-225(x9)	  x9:0x80008300  x7:0x8000eba3 PA:0x8000821f
        3045000	       303	8000078c	00c5a933	slt	x18,x11,x12	 x11:0x80009fc4 x12:0x7fff7c98 x18=0x00000001
        3055000	       304	80000790	40e98733	sub	x14,x19,x14	 x19:0x800083a3 x14:0xffffffff x14=0x800083a4
        3065000	       305	80000794	f1f48a03	lb	x20,-225(x9)	  x9:0x80008300 x20=0xffffffa3 PA:0x8000821f
        3075000	       306	80000798	f0248fa3	sb	x2,-225(x9)	  x9:0x80008300  x2:0x00000005 PA:0x8000821f
        3085000	       307	8000079c	00740533	add	x10,x8,x7	  x8:0x8000801a  x7:0x8000eba3 x10=0x00016bbd
        3095000	       308	800007a0	12849c03	lh	x24,296(x9)	  x9:0x80008300 x24=0xffffb28d PA:0x80008428
        3105000	       309	800007a4	dd94cc03	lbu	x24,-551(x9)	  x9:0x80008300 x24=0x000000e8 PA:0x800080d9
        3115000	       310	800007a8	dd948c83	lb	x25,-551(x9)	  x9:0x80008300 x25=0xffffffe8 PA:0x800080d9
        3125000	       311	00000000	00000013	addi	x0,x0,0	  x0:0x00000000
        3135000	       312	800007ac	dd948403	lb	x8,-551(x9)	  x9:0x80008300  x8=0xffffffe8 PA:0x800080d9
        3145000	       313	800007b0	3a348123	sb	x3,930(x9)	  x9:0x80008300  x3:0x800083a3 PA:0x800086a2
        3155000	       314	800007b4	0fd48c83	lb	x25,253(x9)	  x9:0x80008300 x25=0x0000007b PA:0x800083fd
        3165000	       315	800007b8	f784cb83	lbu	x23,-136(x9)	  x9:0x80008300 x23=0x0000006a PA:0x80008278
        3175000	       316	800007bc	00008697	auipc	x13,0x8	 x13=0x800087b8
        3185000	       317	800007c0	2e568693	addi	x13,x13,741	 x13:0x800087b8 x13=0x80008a9d
        3195000	       318	800007c4	00c51c33	sll	x24,x10,x12	 x10:0x00016bbd x12:0x7fff7c98 x24=0xbd000000
        3205000	       319	800007c8	4c097213	andi	x4,x18,1216	 x18:0x00000001  x4=0x00000000
        3215000	       320	800007cc	002d9293	slli	x5,x27,0x2	 x27:0xfffffa1e  x5=0xffffe878
        3225000	       321	800007d0	00c6ce83	lbu	x29,12(x13)	 x13:0x80008a9d x29=0x00000028 PA:0x80008aa9
        3235000	       322	800007d4	86faa613	slti	x12,x21,-1937	 x21:0x00006b20 x12=0x00000000
        3245000	       323	800007d8	45c4b513	sltiu	x10,x9,1116	  x9:0x80008300 x10=0x00000000
        3255000	       324	800007dc	41cd8233	sub	x4,x27,x28	 x27:0xfffffa1e x28:0x00001004  x4=0xffffea1a
        3265000	       325	800007e0	4ad68f23	sb	x13,1214(x13)	 x13:0x80008a9d x13:0x80008a9d PA:0x80008f5b
        3275000	       326	800007e4	29268aa3	sb	x18,661(x13)	 x13:0x80008a9d x18:0x00000001 PA:0x80008d32
        3285000	       327	800007e8	2b46c403	lbu	x8,692(x13)	 x13:0x80008a9d  x8=0x000000b6 PA:0x80008d51
        3295000	       328	800007ec	f8c68f03	lb	x30,-116(x13)	 x13:0x80008a9d x30=0xffffff95 PA:0x80008a29
        3305000	       329	800007f0	ff668923	sb	x22,-14(x13)	 x13:0x80008a9d x22:0x00004ee3 PA:0x80008a8f
        3315000	       330	800007f4	50c68e03	lb	x28,1292(x13)	 x13:0x80008a9d x28=0xfffffff0 PA:0x80008fa9
        3325000	       331	800007f8	ea668e23	sb	x6,-324(x13)	 x13:0x80008a9d  x6:0x00000025 PA:0x80008959
        3335000	       332	800007fc	02868503	lb	x10,40(x13)	 x13:0x80008a9d x10=0x00000065 PA:0x80008ac5
        3345000	       333	80000800	010dc9b3	xor	x19,x27,x16	 x27:0xfffffa1e x16:0x000000dd x19=0xfffffac3
        3355000	       334	80000804	0115d613	srli	x12,x11,0x11	 x11:0x80009fc4 x12=0x00004000
        3365000	       335	80000808	18683c93	sltiu	x25,x16,390	 x16:0x000000dd x25=0x00000001
        3375000	       336	8000080c	00000013	addi	x0,x0,0	  x0:0x00000000
        3385000	       337	80000810	60444a93	xori	x21,x8,1540	  x8:0x000000b6 x21=0x000006b2
        3395000	       338	80000814	2a268e23	sb	x2,700(x13)	 x13:0x80008a9d  x2:0x00000005 PA:0x80008d59
        3405000	       339	80000818	00d944b3	xor	x9,x18,x13	 x18:0x00000001 x13:0x80008a9d  x9=0x80008a9c
        3415000	       340	8000081c	1196db03	lhu	x22,281(x13)	 x13:0x80008a9d x22=0x000048e7 PA:0x80008bb6
        3425000	       341	80000820	f7a68a03	lb	x20,-134(x13)	 x13:0x80008a9d x20=0x00000027 PA:0x80008a17
        3435000	       342	80000824	5b97ff93	andi	x31,x15,1465	 x15:0x80009f68 x31=0x00000528
        3445000	       343	80000828	0143d9b3	srl	x19,x7,x20	  x7:0x8000eba3 x20:0x00000027 x19=0x010001d7
        3455000	       344	8000082c	23868323	sb	x24,550(x13)	 x13:0x80008a9d x24:0xbd000000 PA:0x80008cc3
        3465000	       345	80000830	019f4333	xor	x6,x30,x25	 x30:0xffffff95 x25:0x00000001  x6=0xffffff94
        3475000	       346	80000834	a9972913	slti	x18,x14,-1383	 x14:0x800083a4 x18=0x00000001
        3485000	       347	80000838	18d63e13	sltiu	x28,x12,397	 x12:0x00004000 x28=0x00000000
        3495000	       348	8000083c	00ca4333	xor	x6,x20,x12	 x20:0x00000027 x12:0x00004000  x6=0x00004027
        3505000	       349	80000840	013c8ab3	add	x21,x25,x19	 x25:0x00000001 x19:0x010001d7 x21=0x010001d8
        3515000	       350	80000844	406fd533	sra	x10,x31,x6	 x31:0x00000528  x6:0x00004027 x10=0x0000000a
        3525000	       351	80000848	bab0ae13	slti	x28,x1,-1109	  x1:0x800083a3 x28=0x00000001
        3535000	       352	8000084c	014b1b13	slli	x22,x22,0x14	 x22:0x000048e7 x22=0x8e700000
        3545000	       353	80000850	2e868f83	lb	x31,744(x13)	 x13:0x80008a9d x31=0xffffffdc PA:0x80008d85
        3555000	       354	80000854	4ec66393	ori	x7,x12,1260	 x12:0x00004000  x7=0x000044ec
        3565000	       355	80000858	4165d4b3	sra	x9,x11,x22	 x11:0x80009fc4 x22:0x8e700000  x9=0x80009fc4
        3575000	       356	8000085c	f116a1a3	sw	x17,-253(x13)	 x13:0x80008a9d x17:0xfffffa5e PA:0x800089a0
        3585000	       357	80000860	00008817	auipc	x16,0x8	 x16=0x8000885c
        3595000	       358	80000864	6d880813	addi	x16,x16,1752	 x16:0x8000885c x16=0x80008f34
        3605000	       359	80000868	fc885c03	lhu	x24,-56(x16)	 x16:0x80008f34 x24=0x0000032c PA:0x80008efc
        3615000	       360	8000086c	fc884003	lbu	x0,-56(x16)	 x16:0x80008f34 PA:0x80008efc
        3625000	       361	80000870	fc885c03	lhu	x24,-56(x16)	 x16:0x80008f34 x24=0x0000032c PA:0x80008efc
        3635000	       362	80000874	fd280423	sb	x18,-56(x16)	 x16:0x80008f34 x18:0x00000001 PA:0x80008efc
        3645000	       363	80000878	fc884403	lbu	x8,-56(x16)	 x16:0x80008f34  x8=0x00000001 PA:0x80008efc
        3655000	       364	8000087c	faa84913	xori	x18,x16,-86	 x16:0x80008f34 x18=0x7fff709e
        3665000	       365	80000880	fd981423	sh	x25,-56(x16)	 x16:0x80008f34 x25:0x00000001 PA:0x80008efc
        3675000	       366	80000884	fce81423	sh	x14,-56(x16)	 x16:0x80008f34 x14:0x800083a4 PA:0x80008efc
        3685000	       367	80000888	fdb80423	sb	x27,-56(x16)	 x16:0x80008f34 x27:0xfffffa1e PA:0x80008efc
        3695000	       368	8000088c	fc881b03	lh	x22,-56(x16)	 x16:0x80008f34 x22=0xffff831e PA:0x80008efc
        3705000	       369	80000890	fc884203	lbu	x4,-56(x16)	 x16:0x80008f34  x4=0x0000001e PA:0x80008efc
        3715000	       370	00000000	00000013	addi	x0,x0,0	  x0:0x00000000
        3725000	       371	80000894	16472f37	lui	x30,0x16472	 x30=0x16472000
        3735000	       372	80000898	fc881d83	lh	x27,-56(x16)	 x16:0x80008f34 x27=0xffff831e PA:0x80008efc
        3745000	       373	8000089c	016e9493	slli	x9,x29,0x16	 x29:0x00000028  x9=0x0a000000
        3755000	       374	800008a0	fdf82423	sw	x31,-56(x16)	 x16:0x80008f34 x31:0xffffffdc PA:0x80008efc
        3765000	       375	800008a4	fdb80423	sb	x27,-56(x16)	 x16:0x80008f34 x27:0xffff831e PA:0x80008efc
        3775000	       376	800008a8	03e85883	lhu	x17,62(x16)	 x16:0x80008f34 x17=0x000053a0 PA:0x80008f72
        3785000	       377	800008ac	03e81b83	lh	x23,62(x16)	 x16:0x80008f34 x23=0x000053a0 PA:0x80008f72
        3795000	       378	800008b0	02080f23	sb	x0,62(x16)	 x16:0x80008f34  x0:0x00000000 PA:0x80008f72
        3805000	       379	800008b4	03e80383	lb	x7,62(x16)	 x16:0x80008f34  x7=0x00000000 PA:0x80008f72
        3815000	       380	800008b8	03e85c83	lhu	x25,62(x16)	 x16:0x80008f34 x25=0x00005300 PA:0x80008f72
        3825000	       381	800008bc	03e81e03	lh	x28,62(x16)	 x16:0x80008f34 x28=0x00005300 PA:0x80008f72
        3835000	       382	800008c0	00008917	auipc	x18,0x8	 x18=0x800088bc
        3845000	       383	800008c4	d1e90913	addi	x18,x18,-738	 x18:0x800088bc x18=0x800085da
        3855000	       384	800008c8	fea92f23	sw	x10,-2(x18)	 x18:0x800085da x10:0x0000000a PA:0x800085d8
        3865000	       385	800008cc	038908a3	sb	x24,49(x18)	 x18:0x800085da x24:0x0000032c PA:0x8000860b
        3875000	       386	800008d0	00008a97	auipc	x21,0x8	 x21=0x800088cc
        3885000	       387	800008d4	d8aa8a93	addi	x21,x21,-630	 x21:0x800088cc x21=0x80008656
        3895000	       388	800008d8	fc690ca3	sb	x6,-39(x18)	 x18:0x800085da  x6:0x00004027 PA:0x800085b3
        3905000	       389	800008dc	033a8da3	sb	x19,59(x21)	 x21:0x80008656 x19:0x010001d7 PA:0x80008691
        3915000	       390	800008e0	0eda8c83	lb	x25,237(x21)	 x21:0x80008656 x25=0xffffff81 PA:0x80008743
        3925000	       391	800008e4	f34acf83	lbu	x31,-204(x21)	 x21:0x80008656 x31=0x00000062 PA:0x8000858a
        3935000	       392	800008e8	0f6ac083	lbu	x1,246(x21)	 x21:0x80008656  x1=0x00000037 PA:0x8000874c
        3945000	       393	800008ec	029a83a3	sb	x9,39(x21)	 x21:0x80008656  x9:0x0a000000 PA:0x8000867d
        3955000	       394	800008f0	ffe94703	lbu	x14,-2(x18)	 x18:0x800085da x14=0x0000000a PA:0x800085d8
        3965000	       395	800008f4	fdf90083	lb	x1,-33(x18)	 x18:0x800085da  x1=0x00000066 PA:0x800085b9
        3975000	       396	800008f8	00f94703	lbu	x14,15(x18)	 x18:0x800085da x14=0x00000001 PA:0x800085e9
        3985000	       397	800008fc	07ca8a23	sb	x28,116(x21)	 x21:0x80008656 x28:0x00005300 PA:0x800086ca
        3995000	       398	80000900	fe690ca3	sb	x6,-7(x18)	 x18:0x800085da  x6:0x00004027 PA:0x800085d3
        4005000	       399	80000904	fe194b03	lbu	x22,-31(x18)	 x18:0x800085da x22=0x00000043 PA:0x800085bb
        4015000	       400	00000000	00000013	addi	x0,x0,0	  x0:0x00000000
        4025000	       401	80000908	056a84a3	sb	x22,73(x21)	 x21:0x80008656 x22:0x00000043 PA:0x8000869f
        4035000	       402	8000090c	09ba8d03	lb	x26,155(x21)	 x21:0x80008656 x26=0xffffffc2 PA:0x800086f1
        4045000	       403	80000910	00008c97	auipc	x25,0x8	 x25=0x8000890c
        4055000	       404	80000914	f4ac8c93	addi	x25,x25,-182	 x25:0x8000890c x25=0x80008856
        4065000	       405	80000918	02bc8003	lb	x0,43(x25)	 x25:0x80008856 PA:0x80008881
        4075000	       406	8000091c	01185293	srli	x5,x16,0x11	 x16:0x80008f34  x5=0x00004000
        4085000	       407	80000920	005cc803	lbu	x16,5(x25)	 x25:0x80008856 x16=0x000000c7 PA:0x8000885b
        4095000	       408	80000924	01b30a33	add	x20,x6,x27	  x6:0x00004027 x27:0xffff831e x20=0xffffc345
        4105000	       409	80000928	01ab1d33	sll	x26,x22,x26	 x22:0x00000043 x26:0xffffffc2 x26=0x0000010c
        4115000	       410	8000092c	7193ab17	auipc	x22,0x7193a	 x22=0xf193a928
        4125000	       411	80000930	57402a13	slti	x20,x0,1396	  x0:0x00000000 x20=0x00000001
        4135000	       412	80000934	013044b3	xor	x9,x0,x19	  x0:0x00000000 x19:0x010001d7  x9=0x010001d7
        4145000	       413	80000938	040c8e83	lb	x29,64(x25)	 x25:0x80008856 x29=0xffffffe9 PA:0x80008896
        4155000	       414	8000093c	ffcc8d03	lb	x26,-4(x25)	 x25:0x80008856 x26=0x0000003a PA:0x80008852
        4165000	       415	80000940	00000013	addi	x0,x0,0	  x0:0x00000000
        4175000	       416	80000944	1384ef13	ori	x30,x9,312	  x9:0x010001d7 x30=0x010001ff
        4185000	       417	80000948	00879fb3	sll	x31,x15,x8	 x15:0x80009f68  x8:0x00000001 x31=0x00013ed0
        4195000	       418	8000094c	008818b3	sll	x17,x16,x8	 x16:0x000000c7  x8:0x00000001 x17=0x0000018e
        4205000	       419	80000950	e7ba4f13	xori	x30,x20,-389	 x20:0x00000001 x30=0xfffffe7a
        4215000	       420	80000954	03bc86a3	sb	x27,45(x25)	 x25:0x80008856 x27:0xffff831e PA:0x80008883
        4225000	       421	80000958	41c4d533	sra	x10,x9,x28	  x9:0x010001d7 x28:0x00005300 x10=0x010001d7
        4235000	       422	8000095c	9df0e993	ori	x19,x1,-1569	  x1:0x00000066 x19=0xfffff9ff
        4245000	       423	80000960	017c8423	sb	x23,8(x25)	 x25:0x80008856 x23:0x000053a0 PA:0x8000885e
        4255000	       424	80000964	feacc083	lbu	x1,-22(x25)	 x25:0x80008856  x1=0x000000cd PA:0x80008840
        4265000	       425	80000968	40255093	srai	x1,x10,0x2	 x10:0x010001d7  x1=0x00400075
        4275000	       426	8000096c	6fef2993	slti	x19,x30,1790	 x30:0xfffffe7a x19=0x00000001
        4285000	       427	80000970	3ced7f93	andi	x31,x26,974	 x26:0x0000003a x31=0x0000000a
        4295000	       428	80000974	a4563313	sltiu	x6,x12,-1467	 x12:0x00004000  x6=0x00000001
        4305000	       429	80000978	01acab83	lw	x23,26(x25)	 x25:0x80008856 x23=0xdbeda62b PA:0x80008870
        4315000	       430	8000097c	fd6cd903	lhu	x18,-42(x25)	 x25:0x80008856 x18=0x0000f266 PA:0x8000882c
        4325000	       431	80000980	8c5a2913	slti	x18,x20,-1851	 x20:0x00000001 x18=0x00000000
        4335000	       432	80000984	031c8c03	lb	x24,49(x25)	 x25:0x80008856 x24=0xffffff93 PA:0x80008887
        4345000	       433	80000988	033c8d83	lb	x27,51(x25)	 x25:0x80008856 x27=0x00000072 PA:0x80008889
        4355000	       434	8000098c	006cd483	lhu	x9,6(x25)	 x25:0x80008856  x9=0x0000f0a3 PA:0x8000885c
        4365000	       435	80000990	00008097	auipc	x1,0x8	  x1=0x8000898c
        4375000	       436	80000994	94408093	addi	x1,x1,-1724	  x1:0x8000898c  x1=0x800082d0
        4385000	       437	80000998	080086a3	sb	x0,141(x1)	  x1:0x800082d0  x0:0x00000000 PA:0x8000835d
        4395000	       438	8000099c	00008497	auipc	x9,0x8	  x9=0x80008998
        4405000	       439	800009a0	bd648493	addi	x9,x9,-1066	  x9:0x80008998  x9=0x8000856e
        4415000	       440	800009a4	27748823	sb	x23,624(x9)	  x9:0x8000856e x23:0xdbeda62b PA:0x800087de
        4425000	       441	800009a8	f0508903	lb	x18,-251(x1)	  x1:0x800082d0 x18=0x0000000c PA:0x800081d5
        4435000	       442	800009ac	b4248f03	lb	x30,-1214(x9)	  x9:0x8000856e x30=0xffffffb4 PA:0x800080b0
        4445000	       443	800009b0	f3d08303	lb	x6,-195(x1)	  x1:0x800082d0  x6=0xffffff91 PA:0x8000820d
        4455000	       444	800009b4	e32483a3	sb	x18,-473(x9)	  x9:0x8000856e x18:0x0000000c PA:0x80008395
        4465000	       445	800009b8	d4049923	sh	x0,-686(x9)	  x9:0x8000856e  x0:0x00000000 PA:0x800082c0
        4475000	       446	800009bc	f3608723	sb	x22,-210(x1)	  x1:0x800082d0 x22:0xf193a928 PA:0x800081fe
        4485000	       447	800009c0	b1148f03	lb	x30,-1263(x9)	  x9:0x8000856e x30=0x0000001b PA:0x8000807f
        4495000	       448	800009c4	f6d08a03	lb	x20,-147(x1)	  x1:0x800082d0 x20=0x00000072 PA:0x8000823d
        4505000	       449	800009c8	00008a17	auipc	x20,0x8	 x20=0x800089c4
        4515000	       450	800009cc	f8ea0a13	addi	x20,x20,-114	 x20:0x800089c4 x20=0x80008952
        4525000	       451	800009d0	05ba2523	sw	x27,74(x20)	 x20:0x80008952 x27:0x00000072 PA:0x8000899c
        4535000	       452	800009d4	0e6a5483	lhu	x9,230(x20)	 x20:0x80008952  x9=0x00005c30 PA:0x80008a38
        4545000	       453	800009d8	046a4d03	lbu	x26,70(x20)	 x20:0x80008952 x26=0x00000016 PA:0x80008998
        4555000	       454	800009dc	022a2e03	lw	x28,34(x20)	 x20:0x80008952 x28=0xf65345f1 PA:0x80008974
        4565000	       455	800009e0	4778eb13	ori	x22,x17,1143	 x17:0x0000018e x22=0x000005ff
        4575000	       456	800009e4	f3da0683	lb	x13,-195(x20)	 x20:0x80008952 x13=0xfffffff0 PA:0x8000888f
        4585000	       457	800009e8	0a4a5283	lhu	x5,164(x20)	 x20:0x80008952  x5=0x0000ba5a PA:0x800089f6
        4595000	       458	800009ec	fc6a5483	lhu	x9,-58(x20)	 x20:0x80008952  x9=0x0000bbe2 PA:0x80008918
        4605000	       459	800009f0	f94a00a3	sb	x20,-127(x20)	 x20:0x80008952 x20:0x80008952 PA:0x800088d3
        4615000	       460	800009f4	f2ba0603	lb	x12,-213(x20)	 x20:0x80008952 x12=0xfffffff4 PA:0x8000887d
        4625000	       461	800009f8	01e39cb3	sll	x25,x7,x30	  x7:0x00000000 x30:0x0000001b x25=0x00000000
        4635000	       462	800009fc	007d9733	sll	x14,x27,x7	 x27:0x00000072  x7:0x00000000 x14=0x00000072
        4645000	       463	80000a00	e3d34913	xori	x18,x6,-451	  x6:0xffffff91 x18=0x000001ac
        4655000	       464	80000a04	f7aa2e03	lw	x28,-134(x20)	 x20:0x80008952 x28=0xc8b17eae PA:0x800088cc
        4665000	       465	80000a08	07ba0aa3	sb	x27,117(x20)	 x20:0x80008952 x27:0x00000072 PA:0x800089c7
        4675000	       466	80000a0c	f0ca0123	sb	x12,-254(x20)	 x20:0x80008952 x12:0xfffffff4 PA:0x80008854
        4685000	       467	80000a10	98862617	auipc	x12,0x98862	 x12=0x18862a0c
        4695000	       468	80000a14	41fc5f33	sra	x30,x24,x31	 x24:0xffffff93 x31:0x0000000a x30=0xffffffff
        4705000	       469	80000a18	f64a4403	lbu	x8,-156(x20)	 x20:0x80008952  x8=0x000000ea PA:0x800088b6
        4715000	       470	80000a1c	077a4b83	lbu	x23,119(x20)	 x20:0x80008952 x23=0x00000071 PA:0x800089c9
        4725000	       471	80000a20	0d3a02a3	sb	x19,197(x20)	 x20:0x80008952 x19:0x00000001 PA:0x80008a17
        4735000	       472	80000a24	056a5c03	lhu	x24,86(x20)	 x20:0x80008952 x24=0x0000cd61 PA:0x800089a8
        4745000	       473	80000a28	06ca1a83	lh	x21,108(x20)	 x20:0x80008952 x21=0x000035c3 PA:0x800089be
        4755000	       474	80000a2c	ffda0603	lb	x12,-3(x20)	 x20:0x80008952 x12=0x00000010 PA:0x8000894f
        4765000	       475	80000a30	0b0a5403	lhu	x8,176(x20)	 x20:0x80008952  x8=0x00000e48 PA:0x80008a02
        4775000	       476	80000a34	005830b3	sltu	x1,x16,x5	 x16:0x000000c7  x5:0x0000ba5a  x1=0x00000001
        4785000	       477	80000a38	016a1a83	lh	x21,22(x20)	 x20:0x80008952 x21=0x00000b49 PA:0x80008968
        4795000	       478	80000a3c	0aea2d83	lw	x27,174(x20)	 x20:0x80008952 x27=0x0e48086b PA:0x80008a00
        4805000	       479	80000a40	018e2cb3	slt	x25,x28,x24	 x28:0xc8b17eae x24:0x0000cd61 x25=0x00000001
        4815000	       480	80000a44	098a04a3	sb	x24,137(x20)	 x20:0x80008952 x24:0x0000cd61 PA:0x800089db
        4825000	       481	80000a48	0009ee33	or	x28,x19,x0	 x19:0x00000001  x0:0x00000000 x28=0x00000001
        4835000	       482	80000a4c	0161a2b3	slt	x5,x3,x22	  x3:0x800083a3 x22:0x000005ff  x5=0x00000001
        4845000	       483	80000a50	41a35393	srai	x7,x6,0x1a	  x6:0xffffff91  x7=0xffffffff
        4855000	       484	80000a54	1f097c93	andi	x25,x18,496	 x18:0x000001ac x25=0x000001a0
        4865000	       485	80000a58	fcaa1a23	sh	x10,-44(x20)	 x20:0x80008952 x10:0x010001d7 PA:0x80008926
        4875000	       486	80000a5c	01b87db3	and	x27,x16,x27	 x16:0x000000c7 x27:0x0e48086b x27=0x00000043
        4885000	       487	80000a60	074a1c23	sh	x20,120(x20)	 x20:0x80008952 x20:0x80008952 PA:0x800089ca
        4895000	       488	80000a64	00f4ed33	or	x26,x9,x15	  x9:0x0000bbe2 x15:0x80009f68 x26=0x8000bfea
        4905000	       489	80000a68	09ca5703	lhu	x14,156(x20)	 x20:0x80008952 x14=0x0000d9cd PA:0x800089ee
        4915000	       490	80000a6c	007fd433	srl	x8,x31,x7	 x31:0x0000000a  x7:0xffffffff  x8=0x00000000
        4925000	       491	80000a70	fdca1923	sh	x28,-46(x20)	 x20:0x80008952 x28:0x00000001 PA:0x80008924
        4935000	       492	80000a74	033a4c03	lbu	x24,51(x20)	 x20:0x80008952 x24=0x00000020 PA:0x80008985
        4945000	       493	80000a78	f11a4b83	lbu	x23,-239(x20)	 x20:0x80008952 x23=0x0000001f PA:0x80008863
        4955000	       494	80000a7c	40be5b93	srai	x23,x28,0xb	 x28:0x00000001 x23=0x00000000
        4965000	       495	80000a80	00afde13	srli	x28,x31,0xa	 x31:0x0000000a x28=0x00000000
        4975000	       496	80000a84	037a0983	lb	x19,55(x20)	 x20:0x80008952 x19=0xffffffe6 PA:0x80008989
        4985000	       497	80000a88	b5f2ba13	sltiu	x20,x5,-1185	  x5:0x00000001 x20=0x00000001
        4995000	       498	80000a8c	015d6733	or	x14,x26,x21	 x26:0x8000bfea x21:0x00000b49 x14=0x8000bfeb
        5005000	       499	80000a90	4033de13	srai	x28,x7,0x3	  x7:0xffffffff x28=0xffffffff
        5015000	       500	80000a94	031a1263	bne	x20,x17,80000ab8	 x20:0x00000001 x17:0x0000018e
        5025000	       501	00000000	00000013	addi	x0,x0,0	  x0:0x00000000
        5035000	       502	80000ab4	00000013	addi	x0,x0,0	  x0:0x00000000
        5045000	       503	80000ab8	01abaeb3	slt	x29,x23,x26	 x23:0x00000000 x26:0x8000bfea x29=0x00000000
        5055000	       504	80000abc	00000013	addi	x0,x0,0	  x0:0x00000000
        5065000	       505	80000ac0	00ad5bb3	srl	x23,x26,x10	 x26:0x8000bfea x10:0x010001d7 x23=0x00000100
        5075000	       506	80000ac4	00ed5863	bge	x26,x14,80000ad4	 x26:0x8000bfea x14:0x8000bfeb
        5085000	       507	80000ac8	00f75e63	bge	x14,x15,80000ae4	 x14:0x8000bfeb x15:0x80009f68
        5095000	       508	00000000	00000013	addi	x0,x0,0	  x0:0x00000000
        5105000	       509	80000ae0	00000013	addi	x0,x0,0	  x0:0x00000000
        5115000	       510	80000ae4	0c0e6a13	ori	x20,x28,192	 x28:0xffffffff x20=0xffffffff
        5125000	       511	80000ae8	0dab5c63	bge	x22,x26,80000bc0	 x22:0x000005ff x26:0x8000bfea
        5135000	       512	00000000	00000013	addi	x0,x0,0	  x0:0x00000000
        5145000	       513	80000bbc	00000013	addi	x0,x0,0	  x0:0x00000000
        5155000	       514	80000bc0	01afdc33	srl	x24,x31,x26	 x31:0x0000000a x26:0x8000bfea x24=0x00000000
        5165000	       515	80000bc4	015c6033	or	x0,x24,x21	 x24:0x00000000 x21:0x00000b49
        5175000	       516	80000bc8	7ad10913	addi	x18,x2,1965	  x2:0x00000005 x18=0x000007b2
        5185000	       517	80000bcc	05465063	bge	x12,x20,80000c0c	 x12:0x00000010 x20:0xffffffff
        5195000	       518	00000000	00000013	addi	x0,x0,0	  x0:0x00000000
        5205000	       519	80000c08	00000013	addi	x0,x0,0	  x0:0x00000000
        5215000	       520	80000c0c	0337c463	blt	x15,x19,80000c34	 x15:0x80009f68 x19:0xffffffe6
        5225000	       521	00000000	00000013	addi	x0,x0,0	  x0:0x00000000
        5235000	       522	80000c30	00000013	addi	x0,x0,0	  x0:0x00000000
        5245000	       523	80000c34	03a88063	beq	x17,x26,80000c54	 x17:0x0000018e x26:0x8000bfea
        5255000	       524	80000c38	35893f93	sltiu	x31,x18,856	 x18:0x000007b2 x31=0x00000000
        5265000	       525	80000c3c	53c2ad93	slti	x27,x5,1340	  x5:0x00000001 x27=0x00000001
        5275000	       526	80000c40	5b4763b7	lui	x7,0x5b476	  x7=0x5b476000
        5285000	       527	80000c44	00000013	addi	x0,x0,0	  x0:0x00000000
        5295000	       528	80000c48	01a30e33	add	x28,x6,x26	  x6:0xffffff91 x26:0x8000bfea x28=0x8000bf7b
        5305000	       529	80000c4c	00ec9eb3	sll	x29,x25,x14	 x25:0x000001a0 x14:0x8000bfeb x29=0x000d0000
        5315000	       530	80000c50	01c1e233	or	x4,x3,x28	  x3:0x800083a3 x28:0x8000bf7b  x4=0x8000bffb
        5325000	       531	80000c54	04b99263	bne	x19,x11,80000c98	 x19:0xffffffe6 x11:0x80009fc4
        5335000	       532	00000000	00000013	addi	x0,x0,0	  x0:0x00000000
        5345000	       533	80000c94	00000013	addi	x0,x0,0	  x0:0x00000000
        5355000	       534	80000c98	4c77a917	auipc	x18,0x4c77a	 x18=0xcc77ac94
        5365000	       535	80000c9c	03701c63	bne	x0,x23,80000cd4	  x0:0x00000000 x23:0x00000100
        5375000	       536	00000000	00000013	addi	x0,x0,0	  x0:0x00000000
        5385000	       537	80000cd0	00000013	addi	x0,x0,0	  x0:0x00000000
        5395000	       538	80000cd4	00566c33	or	x24,x12,x5	 x12:0x00000010  x5:0x00000001 x24=0x00000011
        5405000	       539	80000cd8	02651463	bne	x10,x6,80000d00	 x10:0x010001d7  x6:0xffffff91
        5415000	       540	00000000	00000013	addi	x0,x0,0	  x0:0x00000000
        5425000	       541	80000cfc	00000013	addi	x0,x0,0	  x0:0x00000000
        5435000	       542	80000d00	019fca33	xor	x20,x31,x25	 x31:0x00000000 x25:0x000001a0 x20=0x000001a0
        5445000	       543	80000d04	04dd5863	bge	x26,x13,80000d54	 x26:0x8000bfea x13:0xfffffff0
        5455000	       544	80000d08	ae16b0b7	lui	x1,0xae16b	  x1=0xae16b000
        5465000	       545	80000d0c	0f806093	ori	x1,x0,248	  x0:0x00000000  x1=0x000000f8
        5475000	       546	80000d10	ffea8937	lui	x18,0xffea8	 x18=0xffea8000
        5485000	       547	80000d14	a9ebf393	andi	x7,x23,-1378	 x23:0x00000100  x7=0x00000000
        5495000	       548	80000d18	00ca78b3	and	x17,x20,x12	 x20:0x000001a0 x12:0x00000010 x17=0x00000000
        5505000	       549	80000d1c	f31fec13	ori	x24,x31,-207	 x31:0x00000000 x24=0xffffff31
        5515000	       550	80000d20	40e689b3	sub	x19,x13,x14	 x13:0xfffffff0 x14:0x8000bfeb x19=0x7fff4005
        5525000	       551	80000d24	fca94313	xori	x6,x18,-54	 x18:0xffea8000  x6=0x00157fca
        5535000	       552	80000d28	0111d813	srli	x16,x3,0x11	  x3:0x800083a3 x16=0x00004000
        5545000	       553	80000d2c	00000013	addi	x0,x0,0	  x0:0x00000000
        5555000	       554	80000d30	012548b3	xor	x17,x10,x18	 x10:0x010001d7 x18:0xffea8000 x17=0xfeea81d7
        5565000	       555	80000d34	166bf193	andi	x3,x23,358	 x23:0x00000100  x3=0x00000100
        5575000	       556	80000d38	010cbf33	sltu	x30,x25,x16	 x25:0x000001a0 x16:0x00004000 x30=0x00000001
        5585000	       557	80000d3c	00a03733	sltu	x14,x0,x10	  x0:0x00000000 x10:0x010001d7 x14=0x00000001
        5595000	       558	80000d40	030e5063	bge	x28,x16,80000d60	 x28:0x8000bf7b x16:0x00004000
        5605000	       559	80000d44	02811a63	bne	x2,x8,80000d78	  x2:0x00000005  x8:0x00000000
        5615000	       560	00000000	00000013	addi	x0,x0,0	  x0:0x00000000
        5625000	       561	80000d74	00000013	addi	x0,x0,0	  x0:0x00000000
        5635000	       562	80000d78	e61ee293	ori	x5,x29,-415	 x29:0x000d0000  x5=0xfffffe61
        5645000	       563	80000d7c	01e21f13	slli	x30,x4,0x1e	  x4:0x8000bffb x30=0xc0000000
        5655000	       564	80000d80	035c5463	bge	x24,x21,80000da8	 x24:0xffffff31 x21:0x00000b49
        5665000	       565	80000d84	019a8733	add	x14,x21,x25	 x21:0x00000b49 x25:0x000001a0 x14=0x00000ce9
        5675000	       566	80000d88	40b4d333	sra	x6,x9,x11	  x9:0x0000bbe2 x11:0x80009fc4  x6=0x00000bbe
        5685000	       567	80000d8c	0133f8b3	and	x17,x7,x19	  x7:0x00000000 x19:0x7fff4005 x17=0x00000000
        5695000	       568	80000d90	01971863	bne	x14,x25,80000da0	 x14:0x00000ce9 x25:0x000001a0
        5705000	       569	00000000	00000013	addi	x0,x0,0	  x0:0x00000000
        5715000	       570	80000d9c	00000013	addi	x0,x0,0	  x0:0x00000000
        5725000	       571	80000da0	896d0a93	addi	x21,x26,-1898	 x26:0x8000bfea x21=0x8000b880
        5735000	       572	80000da4	0153da13	srli	x20,x7,0x15	  x7:0x00000000 x20=0x00000000
        5745000	       573	80000da8	009c9b33	sll	x22,x25,x9	 x25:0x000001a0  x9:0x0000bbe2 x22=0x00000680
        5755000	       574	80000dac	024cda63	bge	x25,x4,80000de0	 x25:0x000001a0  x4:0x8000bffb
        5765000	       575	00000000	00000013	addi	x0,x0,0	  x0:0x00000000
        5775000	       576	80000ddc	00000013	addi	x0,x0,0	  x0:0x00000000
        5785000	       577	80000de0	0130d663	bge	x1,x19,80000dec	  x1:0x000000f8 x19:0x7fff4005
        5795000	       578	80000de4	01349663	bne	x9,x19,80000df0	  x9:0x0000bbe2 x19:0x7fff4005
        5805000	       579	00000000	00000013	addi	x0,x0,0	  x0:0x00000000
        5815000	       580	80000dec	00000013	addi	x0,x0,0	  x0:0x00000000
        5825000	       581	80000df0	00e652b3	srl	x5,x12,x14	 x12:0x00000010 x14:0x00000ce9  x5=0x00000000
        5835000	       582	80000df4	004ac033	xor	x0,x21,x4	 x21:0x8000b880  x4:0x8000bffb
        5845000	       583	80000df8	0fbc2bb7	lui	x23,0xfbc2	 x23=0x0fbc2000
        5855000	       584	80000dfc	03037713	andi	x14,x6,48	  x6:0x00000bbe x14=0x00000030
        5865000	       585	80000e00	01457863	bgeu	x10,x20,80000e10	 x10:0x010001d7 x20:0x00000000
        5875000	       586	00000000	00000013	addi	x0,x0,0	  x0:0x00000000
        5885000	       587	80000e0c	00000013	addi	x0,x0,0	  x0:0x00000000
        5895000	       588	80000e10	006c4233	xor	x4,x24,x6	 x24:0xffffff31  x6:0x00000bbe  x4=0xfffff48f
        5905000	       589	80000e14	053f1463	bne	x30,x19,80000e5c	 x30:0xc0000000 x19:0x7fff4005
        5915000	       590	00000000	00000013	addi	x0,x0,0	  x0:0x00000000
        5925000	       591	80000e58	00000013	addi	x0,x0,0	  x0:0x00000000
        5935000	       592	80000e5c	403dd613	srai	x12,x27,0x3	 x27:0x00000001 x12=0x00000000
        5945000	       593	80000e60	00000013	addi	x0,x0,0	  x0:0x00000000
        5955000	       594	80000e64	002a8e33	add	x28,x21,x2	 x21:0x8000b880  x2:0x00000005 x28=0x8000b885
        5965000	       595	80000e68	02761863	bne	x12,x7,80000e98	 x12:0x00000000  x7:0x00000000
        5975000	       596	80000e6c	dad4cfb7	lui	x31,0xdad4c	 x31=0xdad4c000
        5985000	       597	80000e70	d22fb613	sltiu	x12,x31,-734	 x31:0xdad4c000 x12=0x00000001
        5995000	       598	80000e74	04f87063	bgeu	x16,x15,80000eb4	 x16:0x00004000 x15:0x80009f68
        6005000	       599	80000e78	5738cb13	xori	x22,x17,1395	 x17:0x00000000 x22=0x00000573
        6015000	       600	80000e7c	04248663	beq	x9,x2,80000ec8	  x9:0x0000bbe2  x2:0x00000005
        6025000	       601	80000e80	0135d613	srli	x12,x11,0x13	 x11:0x80009fc4 x12=0x00001000
        6035000	       602	80000e84	02029263	bne	x5,x0,80000ea8	  x5:0x00000000  x0:0x00000000
        6045000	       603	80000e88	3bb4ba93	sltiu	x21,x9,955	  x9:0x0000bbe2 x21=0x00000000
        6055000	       604	80000e8c	42638e93	addi	x29,x7,1062	  x7:0x00000000 x29=0x00000426
        6065000	       605	80000e90	2a14b893	sltiu	x17,x9,673	  x9:0x0000bbe2 x17=0x00000000
        6075000	       606	80000e94	410e5a33	sra	x20,x28,x16	 x28:0x8000b885 x16:0x00004000 x20=0x8000b885
        6085000	       607	80000e98	7c377b97	auipc	x23,0x7c377	 x23=0xfc377e94
        6095000	       608	80000e9c	00000013	addi	x0,x0,0	  x0:0x00000000
        6105000	       609	80000ea0	01e69eb3	sll	x29,x13,x30	 x13:0xfffffff0 x30:0xc0000000 x29=0xfffffff0
        6115000	       610	80000ea4	dda1fb13	andi	x22,x3,-550	  x3:0x00000100 x22=0x00000100
        6125000	       611	80000ea8	a4e03713	sltiu	x14,x0,-1458	  x0:0x00000000 x14=0x00000001
        6135000	       612	80000eac	40ea09b3	sub	x19,x20,x14	 x20:0x8000b885 x14:0x00000001 x19=0x8000b884
        6145000	       613	80000eb0	0041ce33	xor	x28,x3,x4	  x3:0x00000100  x4:0xfffff48f x28=0xfffff58f
        6155000	       614	80000eb4	01731c33	sll	x24,x6,x23	  x6:0x00000bbe x23:0xfc377e94 x24=0xbbe00000
        6165000	       615	80000eb8	8eb8f613	andi	x12,x17,-1813	 x17:0x00000000 x12=0x00000000
        6175000	       616	80000ebc	4193dbb3	sra	x23,x7,x25	  x7:0x00000000 x25:0x000001a0 x23=0x00000000
        6185000	       617	80000ec0	411bd713	srai	x14,x23,0x11	 x23:0x00000000 x14=0x00000000
        6195000	       618	80000ec4	0282f463	bgeu	x5,x8,80000eec	  x5:0x00000000  x8:0x00000000
        6205000	       619	00000000	00000013	addi	x0,x0,0	  x0:0x00000000
        6215000	       620	80000ee8	00000013	addi	x0,x0,0	  x0:0x00000000
        6225000	       621	80000eec	01796433	or	x8,x18,x23	 x18:0xffea8000 x23:0x00000000  x8=0xffea8000
        6235000	       622	80000ef0	00000013	addi	x0,x0,0	  x0:0x00000000
        6245000	       623	80000ef4	40975d33	sra	x26,x14,x9	 x14:0x00000000  x9:0x0000bbe2 x26=0x00000000
        6255000	       624	80000ef8	00ed9663	bne	x27,x14,80000f04	 x27:0x00000001 x14:0x00000000
        6265000	       625	00000000	00000013	addi	x0,x0,0	  x0:0x00000000
        6275000	       626	80000f00	00000013	addi	x0,x0,0	  x0:0x00000000
        6285000	       627	80000f04	01e93533	sltu	x10,x18,x30	 x18:0xffea8000 x30:0xc0000000 x10=0x00000000
        6295000	       628	80000f08	00871933	sll	x18,x14,x8	 x14:0x00000000  x8:0xffea8000 x18=0x00000000
        6305000	       629	80000f0c	b0317437	lui	x8,0xb0317	  x8=0xb0317000
        6315000	       630	80000f10	00971613	slli	x12,x14,0x9	 x14:0x00000000 x12=0x00000000
        6325000	       631	80000f14	03d5dc63	bge	x11,x29,80000f4c	 x11:0x80009fc4 x29:0xfffffff0
        6335000	       632	80000f18	00000013	addi	x0,x0,0	  x0:0x00000000
        6345000	       633	80000f1c	f81a6693	ori	x13,x20,-127	 x20:0x8000b885 x13=0xffffff85
        6355000	       634	80000f20	82003893	sltiu	x17,x0,-2016	  x0:0x00000000 x17=0x00000001
        6365000	       635	80000f24	404cd0b3	sra	x1,x25,x4	 x25:0x000001a0  x4:0xfffff48f  x1=0x00000000
        6375000	       636	80000f28	404a0bb3	sub	x23,x20,x4	 x20:0x8000b885  x4:0xfffff48f x23=0x8000c3f6
        6385000	       637	80000f2c	aebfba93	sltiu	x21,x31,-1301	 x31:0xdad4c000 x21=0x00000001
        6395000	       638	80000f30	7a288b13	addi	x22,x17,1954	 x17:0x00000001 x22=0x000007a3
        6405000	       639	80000f34	03f5fa63	bgeu	x11,x31,80000f68	 x11:0x80009fc4 x31:0xdad4c000
        6415000	       640	80000f38	00ef62b3	or	x5,x30,x14	 x30:0xc0000000 x14:0x00000000  x5=0xc0000000
        6425000	       641	80000f3c	87df6f17	auipc	x30,0x87df6	 x30=0x07df6f38
        6435000	       642	80000f40	5229a517	auipc	x10,0x5229a	 x10=0xd229af3c
        6445000	       643	80000f44	00000013	addi	x0,x0,0	  x0:0x00000000
        6455000	       644	80000f48	49dd6213	ori	x4,x26,1181	 x26:0x00000000  x4=0x0000049d
        6465000	       645	80000f4c	01a15bb3	srl	x23,x2,x26	  x2:0x00000005 x26:0x00000000 x23=0x00000005
        6475000	       646	80000f50	015dda63	bge	x27,x21,80000f64	 x27:0x00000001 x21:0x00000001
        6485000	       647	00000000	00000013	addi	x0,x0,0	  x0:0x00000000
        6495000	       648	80000f60	00000013	addi	x0,x0,0	  x0:0x00000000
        6505000	       649	80000f64	00000013	addi	x0,x0,0	  x0:0x00000000
        6515000	       650	80000f68	019cceb3	xor	x29,x25,x25	 x25:0x000001a0 x25:0x000001a0 x29=0x00000000
        6525000	       651	80000f6c	02a1f863	bgeu	x3,x10,80000f9c	  x3:0x00000100 x10:0xd229af3c
        6535000	       652	80000f70	00296333	or	x6,x18,x2	 x18:0x00000000  x2:0x00000005  x6=0x00000005
        6545000	       653	80000f74	03c08263	beq	x1,x28,80000f98	  x1:0x00000000 x28:0xfffff58f
        6555000	       654	80000f78	5016e413	ori	x8,x13,1281	 x13:0xffffff85  x8=0xffffff85
        6565000	       655	80000f7c	00645e13	srli	x28,x8,0x6	  x8:0xffffff85 x28=0x03fffffe
        6575000	       656	80000f80	00000013	addi	x0,x0,0	  x0:0x00000000
        6585000	       657	80000f84	0170a2b3	slt	x5,x1,x23	  x1:0x00000000 x23:0x00000005  x5=0x00000001
        6595000	       658	80000f88	fe95bc13	sltiu	x24,x11,-23	 x11:0x80009fc4 x24=0x00000001
        6605000	       659	80000f8c	05a09863	bne	x1,x26,80000fdc	  x1:0x00000000 x26:0x00000000
        6615000	       660	80000f90	013eef33	or	x30,x29,x19	 x29:0x00000000 x19:0x8000b884 x30=0x8000b884
        6625000	       661	80000f94	027f7c63	bgeu	x30,x7,80000fcc	 x30:0x8000b884  x7:0x00000000
        6635000	       662	00000000	00000013	addi	x0,x0,0	  x0:0x00000000
        6645000	       663	80000fc8	00000013	addi	x0,x0,0	  x0:0x00000000
        6655000	       664	80000fcc	01ba5663	bge	x20,x27,80000fd8	 x20:0x8000b885 x27:0x00000001
        6665000	       665	80000fd0	0123d713	srli	x14,x7,0x12	  x7:0x00000000 x14=0x00000000
        6675000	       666	80000fd4	52605e37	lui	x28,0x52605	 x28=0x52605000
        6685000	       667	80000fd8	00bde6b3	or	x13,x27,x11	 x27:0x00000001 x11:0x80009fc4 x13=0x80009fc5
        6695000	       668	80000fdc	00359f93	slli	x31,x11,0x3	 x11:0x80009fc4 x31=0x0004fe20
        6705000	       669	80000fe0	01a90863	beq	x18,x26,80000ff0	 x18:0x00000000 x26:0x00000000
        6715000	       670	00000000	00000013	addi	x0,x0,0	  x0:0x00000000
        6725000	       671	80000fec	00000013	addi	x0,x0,0	  x0:0x00000000
        6735000	       672	80000ff0	6dceab93	slti	x23,x29,1756	 x29:0x00000000 x23=0x00000001
        6745000	       673	80000ff4	104c2e93	slti	x29,x24,260	 x24:0x00000001 x29=0x00000001
        6755000	       674	80000ff8	01e3bc33	sltu	x24,x7,x30	  x7:0x00000000 x30:0x8000b884 x24=0x00000001
        6765000	       675	80000ffc	c3efc493	xori	x9,x31,-962	 x31:0x0004fe20  x9=0xfffb021e
        6775000	       676	80001000	00e01413	slli	x8,x0,0xe	  x0:0x00000000  x8=0x00000000
        6785000	       677	80001004	00000013	addi	x0,x0,0	  x0:0x00000000
        6795000	       678	80001008	4002d013	srai	x0,x5,0x0	  x5:0x00000001
        6805000	       679	8000100c	00263833	sltu	x16,x12,x2	 x12:0x00000000  x2:0x00000005 x16=0x00000001
        6815000	       680	80001010	01309cb3	sll	x25,x1,x19	  x1:0x00000000 x19:0x8000b884 x25=0x00000000
        6825000	       681	80001014	01cbdb93	srli	x23,x23,0x1c	 x23:0x00000001 x23=0x00000000
        6835000	       682	80001018	0578e463	bltu	x17,x23,80001060	 x17:0x00000001 x23:0x00000000
        6845000	       683	8000101c	01e918b3	sll	x17,x18,x30	 x18:0x00000000 x30:0x8000b884 x17=0x00000000
        6855000	       684	80001020	8f924e13	xori	x28,x4,-1799	  x4:0x0000049d x28=0xfffffc64
        6865000	       685	80001024	00762713	slti	x14,x12,7	 x12:0x00000000 x14=0x00000001
        6875000	       686	80001028	0062c863	blt	x5,x6,80001038	  x5:0x00000001  x6:0x00000005
        6885000	       687	00000000	00000013	addi	x0,x0,0	  x0:0x00000000
        6895000	       688	80001034	00000013	addi	x0,x0,0	  x0:0x00000000
        6905000	       689	80001038	00195193	srli	x3,x18,0x1	 x18:0x00000000  x3=0x00000000
        6915000	       690	8000103c	04610663	beq	x2,x6,80001088	  x2:0x00000005  x6:0x00000005
        6925000	       691	00000000	00000013	addi	x0,x0,0	  x0:0x00000000
        6935000	       692	80001084	00000013	addi	x0,x0,0	  x0:0x00000000
        6945000	       693	80001088	01cd8e33	add	x28,x27,x28	 x27:0x00000001 x28:0xfffffc64 x28=0xfffffc65
        6955000	       694	8000108c	40e251b3	sra	x3,x4,x14	  x4:0x0000049d x14:0x00000001  x3=0x0000024e
        6965000	       695	80001090	03301a63	bne	x0,x19,800010c4	  x0:0x00000000 x19:0x8000b884
        6975000	       696	00000000	00000013	addi	x0,x0,0	  x0:0x00000000
        6985000	       697	800010c0	00000013	addi	x0,x0,0	  x0:0x00000000
        6995000	       698	800010c4	0071e4b3	or	x9,x3,x7	  x3:0x0000024e  x7:0x00000000  x9=0x0000024e
        7005000	       699	800010c8	f2690eb7	lui	x29,0xf2690	 x29=0xf2690000
        7015000	       700	800010cc	b4710537	lui	x10,0xb4710	 x10=0xb4710000
        7025000	       701	800010d0	03ecca63	blt	x25,x30,80001104	 x25:0x00000000 x30:0x8000b884
        7035000	       702	800010d4	8e975037	lui	x0,0x8e975	
        7045000	       703	800010d8	dc310a93	addi	x21,x2,-573	  x2:0x00000005 x21=0xfffffdc8
        7055000	       704	800010dc	01aa5333	srl	x6,x20,x26	 x20:0x8000b885 x26:0x00000000  x6=0x8000b885
        7065000	       705	800010e0	00f55a13	srli	x20,x10,0xf	 x10:0xb4710000 x20=0x000168e2
        7075000	       706	800010e4	04066663	bltu	x12,x0,80001130	 x12:0x00000000  x0:0x00000000
        7085000	       707	800010e8	00907a63	bgeu	x0,x9,800010fc	  x0:0x00000000  x9:0x0000024e
        7095000	       708	800010ec	01012f33	slt	x30,x2,x16	  x2:0x00000005 x16:0x00000001 x30=0x00000000
        7105000	       709	800010f0	c9027fb7	lui	x31,0xc9027	 x31=0xc9027000
        7115000	       710	800010f4	a7c23297	auipc	x5,0xa7c23	  x5=0x27c240f0
        7125000	       711	800010f8	0159a1b3	slt	x3,x19,x21	 x19:0x8000b884 x21:0xfffffdc8  x3=0x00000001
        7135000	       712	800010fc	00618433	add	x8,x3,x6	  x3:0x00000001  x6:0x8000b885  x8=0x8000b886
        7145000	       713	80001100	27aec917	auipc	x18,0x27aec	 x18=0xa7aed0fc
        7155000	       714	80001104	008d8833	add	x16,x27,x8	 x27:0x00000001  x8:0x8000b886 x16=0x8000b887
        7165000	       715	80001108	054f4863	blt	x30,x20,80001158	 x30:0x00000000 x20:0x000168e2
        7175000	       716	00000000	00000013	addi	x0,x0,0	  x0:0x00000000
        7185000	       717	80001154	00000013	addi	x0,x0,0	  x0:0x00000000
        7195000	       718	80001158	008c3633	sltu	x12,x24,x8	 x24:0x00000001  x8:0x8000b886 x12=0x00000001
        7205000	       719	8000115c	04a39463	bne	x7,x10,800011a4	  x7:0x00000000 x10:0xb4710000
        7215000	       720	00000000	00000013	addi	x0,x0,0	  x0:0x00000000
        7225000	       721	800011a0	00000013	addi	x0,x0,0	  x0:0x00000000
        7235000	       722	800011a4	03751a63	bne	x10,x23,800011d8	 x10:0xb4710000 x23:0x00000000
        7245000	       723	00000000	00000013	addi	x0,x0,0	  x0:0x00000000
        7255000	       724	800011d4	00000013	addi	x0,x0,0	  x0:0x00000000
        7265000	       725	800011d8	02e2e063	bltu	x5,x14,800011f8	  x5:0x27c240f0 x14:0x00000001
        7275000	       726	800011dc	0555f263	bgeu	x11,x21,80001220	 x11:0x80009fc4 x21:0xfffffdc8
        7285000	       727	800011e0	00b19493	slli	x9,x3,0xb	  x3:0x00000001  x9=0x00000800
        7295000	       728	800011e4	41c6d433	sra	x8,x13,x28	 x13:0x80009fc5 x28:0xfffffc65  x8=0xfc0004fe
        7305000	       729	800011e8	f3177713	andi	x14,x14,-207	 x14:0x00000001 x14=0x00000001
        7315000	       730	800011ec	0168a633	slt	x12,x17,x22	 x17:0x00000000 x22:0x000007a3 x12=0x00000001
        7325000	       731	800011f0	01f048b3	xor	x17,x0,x31	  x0:0x00000000 x31:0xc9027000 x17=0xc9027000
        7335000	       732	800011f4	00000013	addi	x0,x0,0	  x0:0x00000000
        7345000	       733	800011f8	01e57863	bgeu	x10,x30,80001208	 x10:0xb4710000 x30:0x00000000
        7355000	       734	00000000	00000013	addi	x0,x0,0	  x0:0x00000000
        7365000	       735	80001204	00000013	addi	x0,x0,0	  x0:0x00000000
        7375000	       736	80001208	01fce233	or	x4,x25,x31	 x25:0x00000000 x31:0xc9027000  x4=0xc9027000
        7385000	       737	8000120c	004664b3	or	x9,x12,x4	 x12:0x00000001  x4:0xc9027000  x9=0xc9027001
        7395000	       738	80001210	026c7863	bgeu	x24,x6,80001240	 x24:0x00000001  x6:0x8000b885
        7405000	       739	80001214	41240d33	sub	x26,x8,x18	  x8:0xfc0004fe x18:0xa7aed0fc x26=0x54513402
        7415000	       740	80001218	147cbbb7	lui	x23,0x147cb	 x23=0x147cb000
        7425000	       741	8000121c	02d54c63	blt	x10,x13,80001254	 x10:0xb4710000 x13:0x80009fc5
        7435000	       742	80001220	01ecdb93	srli	x23,x25,0x1e	 x25:0x00000000 x23=0x00000000
        7445000	       743	80001224	0191f933	and	x18,x3,x25	  x3:0x00000001 x25:0x00000000 x18=0x00000000
        7455000	       744	80001228	4113dc93	srai	x25,x7,0x11	  x7:0x00000000 x25=0x00000000
        7465000	       745	8000122c	029cd063	bge	x25,x9,8000124c	 x25:0x00000000  x9:0xc9027001
        7475000	       746	00000000	00000013	addi	x0,x0,0	  x0:0x00000000
        7485000	       747	80001248	00000013	addi	x0,x0,0	  x0:0x00000000
        7495000	       748	8000124c	004e0933	add	x18,x28,x4	 x28:0xfffffc65  x4:0xc9027000 x18=0xc9026c65
        7505000	       749	80001250	01929d13	slli	x26,x5,0x19	  x5:0x27c240f0 x26=0xe0000000
        7515000	       750	80001254	01467663	bgeu	x12,x20,80001260	 x12:0x00000001 x20:0x000168e2
        7525000	       751	80001258	3acbf413	andi	x8,x23,940	 x23:0x00000000  x8=0x00000000
        7535000	       752	8000125c	40a70933	sub	x18,x14,x10	 x14:0x00000001 x10:0xb4710000 x18=0x4b8f0001
        7545000	       753	80001260	04737663	bgeu	x6,x7,800012ac	  x6:0x8000b885  x7:0x00000000
        7555000	       754	00000000	00000013	addi	x0,x0,0	  x0:0x00000000
        7565000	       755	800012a8	00000013	addi	x0,x0,0	  x0:0x00000000
        7575000	       756	800012ac	00a26ab3	or	x21,x4,x10	  x4:0xc9027000 x10:0xb4710000 x21=0xfd737000
        7585000	       757	800012b0	00e78e63	beq	x15,x14,800012cc	 x15:0x80009f68 x14:0x00000001
        7595000	       758	800012b4	0144af33	slt	x30,x9,x20	  x9:0xc9027001 x20:0x000168e2 x30=0x00000001
        7605000	       759	800012b8	0258cc63	blt	x17,x5,800012f0	 x17:0xc9027000  x5:0x27c240f0
        7615000	       760	00000000	00000013	addi	x0,x0,0	  x0:0x00000000
        7625000	       761	800012ec	00000013	addi	x0,x0,0	  x0:0x00000000
        7635000	       762	800012f0	036e1a63	bne	x28,x22,80001324	 x28:0xfffffc65 x22:0x000007a3
        7645000	       763	00000000	00000013	addi	x0,x0,0	  x0:0x00000000
        7655000	       764	80001320	00000013	addi	x0,x0,0	  x0:0x00000000
        7665000	       765	80001324	414b5c33	sra	x24,x22,x20	 x22:0x000007a3 x20:0x000168e2 x24=0x000001e8
        7675000	       766	80001328	ab998213	addi	x4,x19,-1351	 x19:0x8000b884  x4=0x8000b33d
        7685000	       767	8000132c	0f908d13	addi	x26,x1,249	  x1:0x00000000 x26=0x000000f9
        7695000	       768	80001330	006c5ab3	srl	x21,x24,x6	 x24:0x000001e8  x6:0x8000b885 x21=0x0000000f
        7705000	       769	80001334	0163ed33	or	x26,x7,x22	  x7:0x00000000 x22:0x000007a3 x26=0x000007a3
        7715000	       770	80001338	4024d1b3	sra	x3,x9,x2	  x9:0xc9027001  x2:0x00000005  x3=0xfe481380
        7725000	       771	8000133c	9589f813	andi	x16,x19,-1704	 x19:0x8000b884 x16=0x8000b800
        7735000	       772	80001340	40f45f13	srai	x30,x8,0xf	  x8:0x00000000 x30=0x00000000
        7745000	       773	80001344	00431293	slli	x5,x6,0x4	  x6:0x8000b885  x5=0x000b8850
        7755000	       774	80001348	400781b3	sub	x3,x15,x0	 x15:0x80009f68  x0:0x00000000  x3=0x80009f68
        7765000	       775	8000134c	037ac813	xori	x16,x21,55	 x21:0x0000000f x16=0x00000038
        7775000	       776	80001350	057e9463	bne	x29,x23,80001398	 x29:0xf2690000 x23:0x00000000
        7785000	       777	00000000	00000013	addi	x0,x0,0	  x0:0x00000000
        7795000	       778	80001394	00000013	addi	x0,x0,0	  x0:0x00000000
        7805000	       779	80001398	00ce3c33	sltu	x24,x28,x12	 x28:0xfffffc65 x12:0x00000001 x24=0x00000000
        7815000	       780	8000139c	00000013	addi	x0,x0,0	  x0:0x00000000
        7825000	       781	800013a0	03c11063	bne	x2,x28,800013c0	  x2:0x00000005 x28:0xfffffc65
        7835000	       782	00000000	00000013	addi	x0,x0,0	  x0:0x00000000
        7845000	       783	800013bc	00000013	addi	x0,x0,0	  x0:0x00000000
        7855000	       784	800013c0	5546e293	ori	x5,x13,1364	 x13:0x80009fc5  x5=0x80009fd5
        7865000	       785	800013c4	78410293	addi	x5,x2,1924	  x2:0x00000005  x5=0x00000789
        7875000	       786	800013c8	482afbb7	lui	x23,0x482af	 x23=0x482af000
        7885000	       787	800013cc	012f83b3	add	x7,x31,x18	 x31:0xc9027000 x18:0x4b8f0001  x7=0x14917001
        7895000	       788	800013d0	80d8ac93	slti	x25,x17,-2035	 x17:0xc9027000 x25=0x00000001
        7905000	       789	800013d4	ba34a013	slti	x0,x9,-1117	  x9:0xc9027001
        7915000	       790	800013d8	05036063	bltu	x6,x16,80001418	  x6:0x8000b885 x16:0x00000038
        7925000	       791	800013dc	222aaf13	slti	x30,x21,546	 x21:0x0000000f x30=0x00000001
        7935000	       792	800013e0	01cf9b13	slli	x22,x31,0x1c	 x31:0xc9027000 x22=0x00000000
        7945000	       793	800013e4	41d6dfb3	sra	x31,x13,x29	 x13:0x80009fc5 x29:0xf2690000 x31=0x80009fc5
        7955000	       794	800013e8	00000013	addi	x0,x0,0	  x0:0x00000000
        7965000	       795	800013ec	0246c063	blt	x13,x4,8000140c	 x13:0x80009fc5  x4:0x8000b33d
        7975000	       796	00000000	00000013	addi	x0,x0,0	  x0:0x00000000
        7985000	       797	80001408	00000013	addi	x0,x0,0	  x0:0x00000000
        7995000	       798	8000140c	00c2d413	srli	x8,x5,0xc	  x5:0x00000789  x8=0x00000000
        8005000	       799	80001410	1fba7413	andi	x8,x20,507	 x20:0x000168e2  x8=0x000000e2
        8015000	       800	80001414	012a1c33	sll	x24,x20,x18	 x20:0x000168e2 x18:0x4b8f0001 x24=0x0002d1c4
        8025000	       801	80001418	409ed933	sra	x18,x29,x9	 x29:0xf2690000  x9:0xc9027001 x18=0xf9348000
        8035000	       802	8000141c	0047a083	lw	x1,4(x15)	 x15:0x80009f68  x1=0x80000120 PA:0x80009f6c
        8045000	       803	80001420	55e67293	andi	x5,x12,1374	 x12:0x00000001  x5=0x00000000
        8055000	       804	80001424	00000013	addi	x0,x0,0	  x0:0x00000000
        8065000	       805	80001428	01c78793	addi	x15,x15,28	 x15:0x80009f68 x15=0x80009f84
        8075000	       806	8000142c	01f15693	srli	x13,x2,0x1f	  x2:0x00000005 x13=0x00000000
        8085000	       807	80001430	f7104293	xori	x5,x0,-143	  x0:0x00000000  x5=0xffffff71
        8095000	       808	80001434	00008e93	addi	x29,x1,0	  x1:0x80000120 x29=0x80000120
        8105000	       809	80001438	000e8ee7	jalr	x29,x29,0	 x29:0x80000120 x29=0x80001438
        8115000	       810	00000000	00000013	addi	x0,x0,0	  x0:0x00000000
        8125000	       811	80000120	00000013	addi	x0,x0,0	  x0:0x00000000
        8135000	       812	80000124	00008917	auipc	x18,0x8	 x18=0x80008120
        8145000	       813	80000128	54b90913	addi	x18,x18,1355	 x18:0x80008120 x18=0x8000866b
        8155000	       814	8000012c	0e595883	lhu	x17,229(x18)	 x18:0x8000866b x17=0x00000167 PA:0x80008750
        8165000	       815	80000130	00375f33	srl	x30,x14,x3	 x14:0x00000001  x3:0x80009f68 x30=0x00000000
        8175000	       816	80000134	0e9922a3	sw	x9,229(x18)	 x18:0x8000866b  x9:0xc9027001 PA:0x80008750
        8185000	       817	80000138	0e594f03	lbu	x30,229(x18)	 x18:0x8000866b x30=0x00000001 PA:0x80008750
        8195000	       818	8000013c	08290a83	lb	x21,130(x18)	 x18:0x8000866b x21=0xfffffff9 PA:0x800086ed
        8205000	       819	80000140	08290d03	lb	x26,130(x18)	 x18:0x8000866b x26=0xfffffff9 PA:0x800086ed
        8215000	       820	80000144	08890123	sb	x8,130(x18)	 x18:0x8000866b  x8:0x000000e2 PA:0x800086ed
        8225000	       821	80000148	ff790ba3	sb	x23,-9(x18)	 x18:0x8000866b x23:0x482af000 PA:0x80008662
        8235000	       822	8000014c	01185a93	srli	x21,x16,0x11	 x16:0x00000038 x21=0x00000000
        8245000	       823	80000150	ff790083	lb	x1,-9(x18)	 x18:0x8000866b  x1=0x00000000 PA:0x80008662
        8255000	       824	80000154	39618c93	addi	x25,x3,918	  x3:0x80009f68 x25=0x8000a2fe
        8265000	       825	80000158	ff791a03	lh	x20,-9(x18)	 x18:0x8000866b x20=0x00001b00 PA:0x80008662
        8275000	       826	8000015c	ff791b03	lh	x22,-9(x18)	 x18:0x8000866b x22=0x00001b00 PA:0x80008662
        8285000	       827	80000160	ff795a03	lhu	x20,-9(x18)	 x18:0x8000866b x20=0x00001b00 PA:0x80008662
        8295000	       828	80000164	fe790ba3	sb	x7,-9(x18)	 x18:0x8000866b  x7:0x14917001 PA:0x80008662
        8305000	       829	80000168	00009697	auipc	x13,0x9	 x13=0x80009164
        8315000	       830	8000016c	8e668693	addi	x13,x13,-1818	 x13:0x80009164 x13=0x80008a4a
        8325000	       831	80000170	00009997	auipc	x19,0x9	 x19=0x8000916c
        8335000	       832	80000174	e4398993	addi	x19,x19,-445	 x19:0x8000916c x19=0x80008faf
        8345000	       833	80000178	00009b17	auipc	x22,0x9	 x22=0x80009174
        8355000	       834	8000017c	d4bb0b13	addi	x22,x22,-693	 x22:0x80009174 x22=0x80008ebf
        8365000	       835	80000180	fffb5d83	lhu	x27,-1(x22)	 x22:0x80008ebf x27=0x000057e3 PA:0x80008ebe
        8375000	       836	80000184	00009c97	auipc	x25,0x9	 x25=0x80009180
        8385000	       837	80000188	dffc8c93	addi	x25,x25,-513	 x25:0x80009180 x25=0x80008f7f
        8395000	       838	8000018c	fe6b0823	sb	x6,-16(x22)	 x22:0x80008ebf  x6:0x8000b885 PA:0x80008eaf
        8405000	       839	80000190	00008b97	auipc	x23,0x8	 x23=0x8000818c
        8415000	       840	80000194	794b8b93	addi	x23,x23,1940	 x23:0x8000818c x23=0x80008920
        8425000	       841	80000198	e64983a3	sb	x4,-409(x19)	 x19:0x80008faf  x4:0x8000b33d PA:0x80008e16
        8435000	       842	8000019c	ff5cc283	lbu	x5,-11(x25)	 x25:0x80008f7f  x5=0x00000067 PA:0x80008f74
        8445000	       843	800001a0	c2f98723	sb	x15,-978(x19)	 x19:0x80008faf x15:0x80009f84 PA:0x80008bdd
        8455000	       844	800001a4	001b4183	lbu	x3,1(x22)	 x22:0x80008ebf  x3=0x000000a5 PA:0x80008ec0
        8465000	       845	800001a8	a409c083	lbu	x1,-1472(x19)	 x19:0x80008faf  x1=0x000000d9 PA:0x800089ef
        8475000	       846	800001ac	b8e98d83	lb	x27,-1138(x19)	 x19:0x80008faf x27=0x00000005 PA:0x80008b3d
        8485000	       847	800001b0	00eb4883	lbu	x17,14(x22)	 x22:0x80008ebf x17=0x00000074 PA:0x80008ecd
        8495000	       848	800001b4	019c82a3	sb	x25,5(x25)	 x25:0x80008f7f x25:0x80008f7f PA:0x80008f84
        8505000	       849	800001b8	9269cd83	lbu	x27,-1754(x19)	 x19:0x80008faf x27=0x000000d0 PA:0x800088d5
        8515000	       850	800001bc	10eb88a3	sb	x14,273(x23)	 x23:0x80008920 x14:0x00000001 PA:0x80008a31
        8525000	       851	800001c0	3b5b8d23	sb	x21,954(x23)	 x23:0x80008920 x21:0x00000000 PA:0x80008cda
        8535000	       852	800001c4	b2098803	lb	x16,-1248(x19)	 x19:0x80008faf x16=0x00000062 PA:0x80008acf
        8545000	       853	800001c8	ff568883	lb	x17,-11(x13)	 x13:0x80008a4a x17=0xffffffd4 PA:0x80008a3f
        8555000	       854	800001cc	ffc69503	lh	x10,-4(x13)	 x13:0x80008a4a x10=0xffffeebd PA:0x80008a46
        8565000	       855	800001d0	fe6b0923	sb	x6,-14(x22)	 x22:0x80008ebf  x6:0x8000b885 PA:0x80008eb1
        8575000	       856	800001d4	d139c083	lbu	x1,-749(x19)	 x19:0x80008faf  x1=0x0000005f PA:0x80008cc2
        8585000	       857	800001d8	ff268383	lb	x7,-14(x13)	 x13:0x80008a4a  x7=0x0000003e PA:0x80008a3c
        8595000	       858	800001dc	000cc403	lbu	x8,0(x25)	 x25:0x80008f7f  x8=0x0000001f PA:0x80008f7f
        8605000	       859	800001e0	00d681a3	sb	x13,3(x13)	 x13:0x80008a4a x13:0x80008a4a PA:0x80008a4d
        8615000	       860	800001e4	47db8e83	lb	x29,1149(x23)	 x23:0x80008920 x29=0x0000001a PA:0x80008d9d
        8625000	       861	800001e8	387b8403	lb	x8,903(x23)	 x23:0x80008920  x8=0xfffffff4 PA:0x80008ca7
        8635000	       862	800001ec	2cbbc303	lbu	x6,715(x23)	 x23:0x80008920  x6=0x000000d6 PA:0x80008beb
        8645000	       863	800001f0	9df98423	sb	x31,-1592(x19)	 x19:0x80008faf x31:0x80009fc5 PA:0x80008977
        8655000	       864	800001f4	ffe689a3	sb	x30,-13(x13)	 x13:0x80008a4a x30:0x00000001 PA:0x80008a3d
        8665000	       865	800001f8	00bb0123	sb	x11,2(x22)	 x22:0x80008ebf x11:0x80009fc4 PA:0x80008ec1
        8675000	       866	800001fc	ffccce03	lbu	x28,-4(x25)	 x25:0x80008f7f x28=0x00000032 PA:0x80008f7b
        8685000	       867	80000200	00768a03	lb	x20,7(x13)	 x13:0x80008a4a x20=0x00000005 PA:0x80008a51
        8695000	       868	80000204	ff66d483	lhu	x9,-10(x13)	 x13:0x80008a4a  x9=0x0000d890 PA:0x80008a40
        8705000	       869	80000208	aeb9d703	lhu	x14,-1301(x19)	 x19:0x80008faf x14=0x000083af PA:0x80008a9a
        8715000	       870	8000020c	410bdd03	lhu	x26,1040(x23)	 x23:0x80008920 x26=0x0000e7fd PA:0x80008d30
        8725000	       871	80000210	ffc68f83	lb	x31,-4(x13)	 x13:0x80008a4a x31=0xffffffbd PA:0x80008a46
        8735000	       872	80000214	ffdb1d03	lh	x26,-3(x22)	 x22:0x80008ebf x26=0x00001e31 PA:0x80008ebc
        8745000	       873	80000218	005c8823	sb	x5,16(x25)	 x25:0x80008f7f  x5:0x00000067 PA:0x80008f8f
        8755000	       874	8000021c	00008197	auipc	x3,0x8	  x3=0x80008218
        8765000	       875	80000220	72418193	addi	x3,x3,1828	  x3:0x80008218  x3=0x8000893c
        8775000	       876	80000224	9a8aadb7	lui	x27,0x9a8aa	 x27=0x9a8aa000
        8785000	       877	80000228	0e51ce03	lbu	x28,229(x3)	  x3:0x8000893c x28=0x000000b2 PA:0x80008a21
        8795000	       878	8000022c	01080933	add	x18,x16,x16	 x16:0x00000062 x16:0x00000062 x18=0x000000c4
        8805000	       879	80000230	3bf181a3	sb	x31,931(x3)	  x3:0x8000893c x31:0xffffffbd PA:0x80008cdf
        8815000	       880	80000234	371180a3	sb	x17,865(x3)	  x3:0x8000893c x17:0xffffffd4 PA:0x80008c9d
        8825000	       881	80000238	2ab18a83	lb	x21,683(x3)	  x3:0x8000893c x21=0x0000004b PA:0x80008be7
        8835000	       882	8000023c	00000013	addi	x0,x0,0	  x0:0x00000000
        8845000	       883	80000240	01645c93	srli	x25,x8,0x16	  x8:0xfffffff4 x25=0x000003ff
        8855000	       884	80000244	bd10b513	sltiu	x10,x1,-1071	  x1:0x0000005f x10=0x00000001
        8865000	       885	80000248	6391c203	lbu	x4,1593(x3)	  x3:0x8000893c  x4=0x00000092 PA:0x80008f75
        8875000	       886	8000024c	01b3ae33	slt	x28,x7,x27	  x7:0x0000003e x27:0x9a8aa000 x28=0x00000000
        8885000	       887	80000250	1de18423	sb	x30,456(x3)	  x3:0x8000893c x30:0x00000001 PA:0x80008b04
        8895000	       888	80000254	47018a23	sb	x16,1140(x3)	  x3:0x8000893c x16:0x00000062 PA:0x80008db0
        8905000	       889	80000258	00f7acb3	slt	x25,x15,x15	 x15:0x80009f84 x15:0x80009f84 x25=0x00000000
        8915000	       890	8000025c	41505d93	srai	x27,x0,0x15	  x0:0x00000000 x27=0x00000000
        8925000	       891	80000260	006ac2b3	xor	x5,x21,x6	 x21:0x0000004b  x6:0x000000d6  x5=0x0000009d
        8935000	       892	80000264	1d518f03	lb	x30,469(x3)	  x3:0x8000893c x30=0x0000000f PA:0x80008b11
        8945000	       893	80000268	7bf24293	xori	x5,x4,1983	  x4:0x00000092  x5=0x0000072d
        8955000	       894	8000026c	f0818c83	lb	x25,-248(x3)	  x3:0x8000893c x25=0xffffffd6 PA:0x80008844
        8965000	       895	80000270	30e18683	lb	x13,782(x3)	  x3:0x8000893c x13=0x0000007d PA:0x80008c4a
        8975000	       896	80000274	00a81813	slli	x16,x16,0xa	 x16:0x00000062 x16=0x00018800
        8985000	       897	80000278	e74c7093	andi	x1,x24,-396	 x24:0x0002d1c4  x1=0x0002d044
        8995000	       898	8000027c	16a4a3b7	lui	x7,0x16a4a	  x7=0x16a4a000
        9005000	       899	80000280	00c560b3	or	x1,x10,x12	 x10:0x00000001 x12:0x00000001  x1=0x00000001
        9015000	       900	80000284	01479b13	slli	x22,x15,0x14	 x15:0x80009f84 x22=0xf8400000
        9025000	       901	80000288	019f5933	srl	x18,x30,x25	 x30:0x0000000f x25:0xffffffd6 x18=0x00000000
        9035000	       902	8000028c	fc819d03	lh	x26,-56(x3)	  x3:0x8000893c x26=0x00003219 PA:0x80008904
        9045000	       903	80000290	fcf18683	lb	x13,-49(x3)	  x3:0x8000893c x13=0xffffff87 PA:0x8000890b
        9055000	       904	80000294	fda187a3	sb	x26,-49(x3)	  x3:0x8000893c x26:0x00003219 PA:0x8000890b
        9065000	       905	80000298	403bd533	sra	x10,x23,x3	 x23:0x80008920  x3:0x8000893c x10=0xfffffff8
        9075000	       906	8000029c	5ff18683	lb	x13,1535(x3)	  x3:0x8000893c x13=0xffffff98 PA:0x80008f3b
        9085000	       907	800002a0	57d9bd93	sltiu	x27,x19,1405	 x19:0x80008faf x27=0x00000000
        9095000	       908	800002a4	0ca64493	xori	x9,x12,202	 x12:0x00000001  x9=0x000000cb
        9105000	       909	800002a8	01bcc233	xor	x4,x25,x27	 x25:0xffffffd6 x27:0x00000000  x4=0xffffffd6
        9115000	       910	800002ac	003a9093	slli	x1,x21,0x3	 x21:0x0000004b  x1=0x00000258
        9125000	       911	800002b0	4791c883	lbu	x17,1145(x3)	  x3:0x8000893c x17=0x00000049 PA:0x80008db5
        9135000	       912	800002b4	2491c703	lbu	x14,585(x3)	  x3:0x8000893c x14=0x000000dc PA:0x80008b85
        9145000	       913	800002b8	36618c23	sb	x6,888(x3)	  x3:0x8000893c  x6:0x000000d6 PA:0x80008cb4
        9155000	       914	800002bc	01a784b3	add	x9,x15,x26	 x15:0x80009f84 x26:0x00003219  x9=0x8000d19d
        9165000	       915	800002c0	ebd97d13	andi	x26,x18,-323	 x18:0x00000000 x26=0x00000000
        9175000	       916	800002c4	3ae18203	lb	x4,942(x3)	  x3:0x8000893c  x4=0x00000038 PA:0x80008cea
        9185000	       917	00000000	00000013	addi	x0,x0,0	  x0:0x00000000
        9195000	       918	800002c8	004b06b3	add	x13,x22,x4	 x22:0xf8400000  x4:0x00000038 x13=0xf8400038
        9205000	       919	800002cc	1be19483	lh	x9,446(x3)	  x3:0x8000893c  x9=0x0000515c PA:0x80008afa
        9215000	       920	800002d0	41550333	sub	x6,x10,x21	 x10:0xfffffff8 x21:0x0000004b  x6=0xffffffad
        9225000	       921	800002d4	49e18123	sb	x30,1154(x3)	  x3:0x8000893c x30:0x0000000f PA:0x80008dbe
        9235000	       922	800002d8	48e19b23	sh	x14,1174(x3)	  x3:0x8000893c x14:0x000000dc PA:0x80008dd2
        9245000	       923	800002dc	002b0eb3	add	x29,x22,x2	 x22:0xf8400000  x2:0x00000005 x29=0xf8400005
        9255000	       924	800002e0	16c1c083	lbu	x1,364(x3)	  x3:0x8000893c  x1=0x000000d4 PA:0x80008aa8
        9265000	       925	800002e4	6391c603	lbu	x12,1593(x3)	  x3:0x8000893c x12=0x00000092 PA:0x80008f75
        9275000	       926	800002e8	b2657393	andi	x7,x10,-1242	 x10:0xfffffff8  x7=0xfffffb20
        9285000	       927	800002ec	40145c13	srai	x24,x8,0x1	  x8:0xfffffff4 x24=0xfffffffa
        9295000	       928	800002f0	836bb093	sltiu	x1,x23,-1994	 x23:0x80008920  x1=0x00000001
        9305000	       929	800002f4	295af613	andi	x12,x21,661	 x21:0x0000004b x12=0x00000001
        9315000	       930	800002f8	07797663	bgeu	x18,x23,80000364	 x18:0x00000000 x23:0x80008920
        9325000	       931	800002fc	00218db3	add	x27,x3,x2	  x3:0x8000893c  x2:0x00000005 x27=0x80008941
        9335000	       932	80000300	029ad663	bge	x21,x9,8000032c	 x21:0x0000004b  x9:0x0000515c
        9345000	       933	80000304	cf5fb497	auipc	x9,0xcf5fb	  x9=0x4f5fb300
        9355000	       934	80000308	01464933	xor	x18,x12,x20	 x12:0x00000001 x20:0x00000005 x18=0x00000004
        9365000	       935	8000030c	b4b97bb7	lui	x23,0xb4b97	 x23=0xb4b97000
        9375000	       936	80000310	00000013	addi	x0,x0,0	  x0:0x00000000
        9385000	       937	80000314	066e1863	bne	x28,x6,80000384	 x28:0x00000000  x6:0xffffffad
        9395000	       938	00000000	00000013	addi	x0,x0,0	  x0:0x00000000
        9405000	       939	80000380	00000013	addi	x0,x0,0	  x0:0x00000000
        9415000	       940	80000384	a3c1c993	xori	x19,x3,-1476	  x3:0x8000893c x19=0x7fff7300
        9425000	       941	80000388	59f7c093	xori	x1,x15,1439	 x15:0x80009f84  x1=0x80009a1b
        9435000	       942	8000038c	03f55263	bge	x10,x31,800003b0	 x10:0xfffffff8 x31:0xffffffbd
        9445000	       943	00000000	00000013	addi	x0,x0,0	  x0:0x00000000
        9455000	       944	800003ac	00000013	addi	x0,x0,0	  x0:0x00000000
        9465000	       945	800003b0	ab2aef93	ori	x31,x21,-1358	 x21:0x0000004b x31=0xfffffafb
        9475000	       946	800003b4	01b69833	sll	x16,x13,x27	 x13:0xf8400038 x27:0x80008941 x16=0xf0800070
        9485000	       947	800003b8	01d31b13	slli	x22,x6,0x1d	  x6:0xffffffad x22=0xa0000000
        9495000	       948	800003bc	01663333	sltu	x6,x12,x22	 x12:0x00000001 x22:0xa0000000  x6=0x00000001
        9505000	       949	800003c0	003d8e63	beq	x27,x3,800003dc	 x27:0x80008941  x3:0x8000893c
        9515000	       950	800003c4	001f4cb3	xor	x25,x30,x1	 x30:0x0000000f  x1:0x80009a1b x25=0x80009a14
        9525000	       951	800003c8	005a6463	bltu	x20,x5,800003d0	 x20:0x00000005  x5:0x0000072d
        9535000	       952	00000000	00000013	addi	x0,x0,0	  x0:0x00000000
        9545000	       953	800003cc	00000013	addi	x0,x0,0	  x0:0x00000000
        9555000	       954	800003d0	2489f513	andi	x10,x19,584	 x19:0x7fff7300 x10=0x00000200
        9565000	       955	800003d4	5840bd93	sltiu	x27,x1,1412	  x1:0x80009a1b x27=0x00000000
        9575000	       956	800003d8	015c4cb3	xor	x25,x24,x21	 x24:0xfffffffa x21:0x0000004b x25=0xffffffb1
        9585000	       957	800003dc	41675013	srai	x0,x14,0x16	 x14:0x000000dc
        9595000	       958	800003e0	00bbf3b3	and	x7,x23,x11	 x23:0xb4b97000 x11:0x80009fc4  x7=0x80001000
        9605000	       959	800003e4	0070cb33	xor	x22,x1,x7	  x1:0x80009a1b  x7:0x80001000 x22=0x00008a1b
        9615000	       960	800003e8	039be263	bltu	x23,x25,8000040c	 x23:0xb4b97000 x25:0xffffffb1
        9625000	       961	00000000	00000013	addi	x0,x0,0	  x0:0x00000000
        9635000	       962	80000408	00000013	addi	x0,x0,0	  x0:0x00000000
        9645000	       963	8000040c	00662233	slt	x4,x12,x6	 x12:0x00000001  x6:0x00000001  x4=0x00000000
        9655000	       964	80000410	00000117	auipc	x2,0x0	  x2=0x8000040c
        9665000	       965	80000414	00c10113	addi	x2,x2,12	  x2:0x8000040c  x2=0x80000418
        9675000	       966	80000418	00010067	jalr	x0,x2,0	  x2:0x80000418
        9685000	       967	00000000	00000013	addi	x0,x0,0	  x0:0x00000000
        9695000	       968	80000418	00000013	addi	x0,x0,0	  x0:0x00000000
        9705000	       969	8000041c	00100193	addi	x3,x0,1	  x0:0x00000000  x3=0x00000001
        9715000	       970	80000420	00000073	ecall	
        9725000	       971	80000424	006aff33	and	x30,x21,x6	 x21:0x0000004b  x6:0x00000001 x30=0x00000001
