		Time			Cycle	PC		Insn	Decoded instruction	Register and memory contents
          65000	         5	80000004	00000293	addi	x5,x0,0	  x0:0x00000000  x5=0x00000000
          75000	         6	80000008	00000313	addi	x6,x0,0	  x0:0x00000000  x6=0x00000000
          85000	         7	8000000c	00628263	beq	x5,x6,80000010	  x5:0x00000000  x6:0x00000000
          95000	         8	00000000	00000013	addi	x0,x0,0	  x0:0x00000000
         105000	         9	8000000c	00000013	addi	x0,x0,0	  x0:0x00000000
         115000	        10	80000010	00000217	auipc	x4,0x0	  x4=0x8000000c
         125000	        11	80000014	00c20213	addi	x4,x4,12	  x4:0x8000000c  x4=0x80000018
         135000	        12	80000018	00020067	jalr	x0,x4,0	  x4:0x80000018
         145000	        13	00000000	00000013	addi	x0,x0,0	  x0:0x00000000
         155000	        14	80000018	00000013	addi	x0,x0,0	  x0:0x00000000
         165000	        15	8000001c	40000837	lui	x16,0x40000	 x16=0x40000000
         175000	        16	80000020	10080813	addi	x16,x16,256	 x16:0x40000000 x16=0x40000100
         185000	        17	80000024	00000013	addi	x0,x0,0	  x0:0x00000000
         195000	        18	80000028	0000ad17	auipc	x26,0xa	 x26=0x8000a024
         205000	        19	8000002c	fa0d0d13	addi	x26,x26,-96	 x26:0x8000a024 x26=0x80009fc4
         215000	        20	80000030	00002817	auipc	x16,0x2	 x16=0x8000202c
         225000	        21	80000034	f5080813	addi	x16,x16,-176	 x16:0x8000202c x16=0x80001f7c
         235000	        22	80000038	00086813	ori	x16,x16,0	 x16:0x80001f7c x16=0x80001f7c
         245000	        23	8000003c	00000013	addi	x0,x0,0	  x0:0x00000000
         255000	        24	80000040	00000817	auipc	x16,0x0	 x16=0x8000003c
         265000	        25	80000044	02080813	addi	x16,x16,32	 x16:0x8000003c x16=0x8000005c
         275000	        26	80000048	00000013	addi	x0,x0,0	  x0:0x00000000
         285000	        27	8000004c	00000013	addi	x0,x0,0	  x0:0x00000000
         295000	        28	80000050	00002837	lui	x16,0x2	 x16=0x00002000
         305000	        29	80000054	80080813	addi	x16,x16,-2048	 x16:0x00002000 x16=0x00001800
         315000	        30	80000058	00000013	addi	x0,x0,0	  x0:0x00000000
         325000	        31	8000005c	00000013	addi	x0,x0,0	  x0:0x00000000
         335000	        32	80000060	f02be037	lui	x0,0xf02be	
         345000	        33	80000064	d3f00013	addi	x0,x0,-705	  x0:0x00000000
         355000	        34	80000068	a5ed50b7	lui	x1,0xa5ed5	  x1=0xa5ed5000
         365000	        35	8000006c	d0f08093	addi	x1,x1,-753	  x1:0xa5ed5000  x1=0xa5ed4d0f
         375000	        36	80000070	00000113	addi	x2,x0,0	  x0:0x00000000  x2=0x00000000
         385000	        37	80000074	bed541b7	lui	x3,0xbed54	  x3=0xbed54000
         395000	        38	80000078	e7c18193	addi	x3,x3,-388	  x3:0xbed54000  x3=0xbed53e7c
         405000	        39	8000007c	55a9b237	lui	x4,0x55a9b	  x4=0x55a9b000
         415000	        40	80000080	c7920213	addi	x4,x4,-903	  x4:0x55a9b000  x4=0x55a9ac79
         425000	        41	80000084	732142b7	lui	x5,0x73214	  x5=0x73214000
         435000	        42	80000088	75c28293	addi	x5,x5,1884	  x5:0x73214000  x5=0x7321475c
         445000	        43	8000008c	5e2363b7	lui	x7,0x5e236	  x7=0x5e236000
         455000	        44	80000090	ae138393	addi	x7,x7,-1311	  x7:0x5e236000  x7=0x5e235ae1
         465000	        45	80000094	80000437	lui	x8,0x80000	  x8=0x80000000
         475000	        46	80000098	41ba54b7	lui	x9,0x41ba5	  x9=0x41ba5000
         485000	        47	8000009c	75348493	addi	x9,x9,1875	  x9:0x41ba5000  x9=0x41ba5753
         495000	        48	800000a0	ff079537	lui	x10,0xff079	 x10=0xff079000
         505000	        49	800000a4	f9150513	addi	x10,x10,-111	 x10:0xff079000 x10=0xff078f91
         515000	        50	800000a8	f47375b7	lui	x11,0xf4737	 x11=0xf4737000
         525000	        51	800000ac	1f258593	addi	x11,x11,498	 x11:0xf4737000 x11=0xf47371f2
         535000	        52	800000b0	00000613	addi	x12,x0,0	  x0:0x00000000 x12=0x00000000
         545000	        53	800000b4	f1eb36b7	lui	x13,0xf1eb3	 x13=0xf1eb3000
         555000	        54	800000b8	44668693	addi	x13,x13,1094	 x13:0xf1eb3000 x13=0xf1eb3446
         565000	        55	800000bc	80000737	lui	x14,0x80000	 x14=0x80000000
         575000	        56	800000c0	00000793	addi	x15,x0,0	  x0:0x00000000 x15=0x00000000
         585000	        57	800000c4	af162837	lui	x16,0xaf162	 x16=0xaf162000
         595000	        58	800000c8	37980813	addi	x16,x16,889	 x16:0xaf162000 x16=0xaf162379
         605000	        59	800000cc	00900893	addi	x17,x0,9	  x0:0x00000000 x17=0x00000009
         615000	        60	800000d0	80000937	lui	x18,0x80000	 x18=0x80000000
         625000	        61	800000d4	00d00993	addi	x19,x0,13	  x0:0x00000000 x19=0x0000000d
         635000	        62	800000d8	f048ba37	lui	x20,0xf048b	 x20=0xf048b000
         645000	        63	800000dc	f05a0a13	addi	x20,x20,-251	 x20:0xf048b000 x20=0xf048af05
         655000	        64	800000e0	80000ab7	lui	x21,0x80000	 x21=0x80000000
         665000	        65	800000e4	80000b37	lui	x22,0x80000	 x22=0x80000000
         675000	        66	800000e8	00100b93	addi	x23,x0,1	  x0:0x00000000 x23=0x00000001
         685000	        67	800000ec	42e9ac37	lui	x24,0x42e9a	 x24=0x42e9a000
         695000	        68	800000f0	8e2c0c13	addi	x24,x24,-1822	 x24:0x42e9a000 x24=0x42e998e2
         705000	        69	800000f4	f03becb7	lui	x25,0xf03be	 x25=0xf03be000
         715000	        70	800000f8	9b8c8c93	addi	x25,x25,-1608	 x25:0xf03be000 x25=0xf03bd9b8
         725000	        71	800000fc	f6251db7	lui	x27,0xf6251	 x27=0xf6251000
         735000	        72	80000100	3d7d8d93	addi	x27,x27,983	 x27:0xf6251000 x27=0xf62513d7
         745000	        73	80000104	b6b65e37	lui	x28,0xb6b65	 x28=0xb6b65000
         755000	        74	80000108	f45e0e13	addi	x28,x28,-187	 x28:0xb6b65000 x28=0xb6b64f45
         765000	        75	8000010c	80000eb7	lui	x29,0x80000	 x29=0x80000000
         775000	        76	80000110	80000f37	lui	x30,0x80000	 x30=0x80000000
         785000	        77	80000114	f8701fb7	lui	x31,0xf8701	 x31=0xf8701000
         795000	        78	80000118	2b0f8f93	addi	x31,x31,688	 x31:0xf8701000 x31=0xf87012b0
         805000	        79	8000011c	0000a317	auipc	x6,0xa	  x6=0x8000a118
         815000	        80	80000120	e6c30313	addi	x6,x6,-404	  x6:0x8000a118  x6=0x80009f84
         825000	        81	80000124	00009817	auipc	x16,0x9	 x16=0x80009120
         835000	        82	80000128	dbd80813	addi	x16,x16,-579	 x16:0x80009120 x16=0x80008edd
         845000	        83	8000012c	00008617	auipc	x12,0x8	 x12=0x80008128
         855000	        84	80000130	7e260613	addi	x12,x12,2018	 x12:0x80008128 x12=0x8000890a
         865000	        85	80000134	00009a17	auipc	x20,0x9	 x20=0x80009130
         875000	        86	80000138	95da0a13	addi	x20,x20,-1699	 x20:0x80009130 x20=0x80008a8d
         885000	        87	8000013c	c1185383	lhu	x7,-1007(x16)	 x16:0x80008edd  x7=0x00006ccc PA:0x80008aee
         895000	        88	80000140	093a1aa3	sh	x19,149(x20)	 x20:0x80008a8d x19:0x0000000d PA:0x80008b22
         905000	        89	80000144	fd964b03	lbu	x22,-39(x12)	 x12:0x8000890a x22=0x000000ef PA:0x800088e3
         915000	        90	80000148	00009797	auipc	x15,0x9	 x15=0x80009144
         925000	        91	8000014c	d3a78793	addi	x15,x15,-710	 x15:0x80009144 x15=0x80008e7e
         935000	        92	80000150	00678b03	lb	x22,6(x15)	 x15:0x80008e7e x22=0xffffff95 PA:0x80008e84
         945000	        93	80000154	ff964f03	lbu	x30,-7(x12)	 x12:0x8000890a x30=0x000000d4 PA:0x80008903
         955000	        94	80000158	f0484c83	lbu	x25,-252(x16)	 x16:0x80008edd x25=0x00000038 PA:0x80008de1
         965000	        95	8000015c	e46a4c83	lbu	x25,-442(x20)	 x20:0x80008a8d x25=0x00000048 PA:0x800088d3
         975000	        96	80000160	fde61483	lh	x9,-34(x12)	 x12:0x8000890a  x9=0xffffbd3b PA:0x800088e8
         985000	        97	80000164	de6a0a83	lb	x21,-538(x20)	 x20:0x80008a8d x21=0xfffffffd PA:0x80008873
         995000	        98	00000000	00000013	addi	x0,x0,0	  x0:0x00000000
        1005000	        99	80000168	03564283	lbu	x5,53(x12)	 x12:0x8000890a  x5=0x000000a5 PA:0x8000893f
        1015000	       100	8000016c	03164a83	lbu	x21,49(x12)	 x12:0x8000890a x21=0x0000003a PA:0x8000893b
        1025000	       101	80000170	fd679383	lh	x7,-42(x15)	 x15:0x80008e7e  x7=0x00003a1c PA:0x80008e54
        1035000	       102	80000174	0c284483	lbu	x9,194(x16)	 x16:0x80008edd  x9=0x000000f0 PA:0x80008f9f
        1045000	       103	80000178	c50811a3	sh	x16,-957(x16)	 x16:0x80008edd x16:0x80008edd PA:0x80008b20
        1055000	       104	8000017c	fe760e03	lb	x28,-25(x12)	 x12:0x8000890a x28=0x0000007f PA:0x800088f1
        1065000	       105	80000180	405a1283	lh	x5,1029(x20)	 x20:0x80008a8d  x5=0x000017ee PA:0x80008e92
        1075000	       106	80000184	01f785a3	sb	x31,11(x15)	 x15:0x80008e7e x31:0xf87012b0 PA:0x80008e89
        1085000	       107	80000188	f1c80b83	lb	x23,-228(x16)	 x16:0x80008edd x23=0xffffffc6 PA:0x80008df9
        1095000	       108	8000018c	01360e03	lb	x28,19(x12)	 x12:0x8000890a x28=0x00000017 PA:0x8000891d
        1105000	       109	80000190	00c80b03	lb	x22,12(x16)	 x16:0x80008edd x22=0x00000075 PA:0x80008ee9
        1115000	       110	80000194	01178683	lb	x13,17(x15)	 x15:0x80008e7e x13=0xfffffff7 PA:0x80008e8f
        1125000	       111	80000198	c8a84e03	lbu	x28,-886(x16)	 x16:0x80008edd x28=0x0000006f PA:0x80008b67
        1135000	       112	8000019c	08aa4e03	lbu	x28,138(x20)	 x20:0x80008a8d x28=0x0000007a PA:0x80008b17
        1145000	       113	800001a0	f88a0883	lb	x17,-120(x20)	 x20:0x80008a8d x17=0x00000063 PA:0x80008a15
        1155000	       114	00000000	00000013	addi	x0,x0,0	  x0:0x00000000
        1165000	       115	800001a4	e71a1aa3	sh	x17,-395(x20)	 x20:0x80008a8d x17:0x00000063 PA:0x80008902
        1175000	       116	800001a8	03f7cc03	lbu	x24,63(x15)	 x15:0x80008e7e x24=0x0000000b PA:0x80008ebd
        1185000	       117	800001ac	00009c97	auipc	x25,0x9	 x25=0x800091a8
        1195000	       118	800001b0	b17c8c93	addi	x25,x25,-1257	 x25:0x800091a8 x25=0x80008cbf
        1205000	       119	800001b4	00008c17	auipc	x24,0x8	 x24=0x800081b0
        1215000	       120	800001b8	66ec0c13	addi	x24,x24,1646	 x24:0x800081b0 x24=0x8000881e
        1225000	       121	800001bc	00009e97	auipc	x29,0x9	 x29=0x800091b8
        1235000	       122	800001c0	c5be8e93	addi	x29,x29,-933	 x29:0x800091b8 x29=0x80008e13
        1245000	       123	800001c4	26bc01a3	sb	x11,611(x24)	 x24:0x8000881e x11:0xf47371f2 PA:0x80008a81
        1255000	       124	800001c8	00009917	auipc	x18,0x9	 x18=0x800091c4
        1265000	       125	800001cc	c3e90913	addi	x18,x18,-962	 x18:0x800091c4 x18=0x80008e02
        1275000	       126	800001d0	02690b23	sb	x6,54(x18)	 x18:0x80008e02  x6:0x80009f84 PA:0x80008e38
        1285000	       127	800001d4	ffbcc783	lbu	x15,-5(x25)	 x25:0x80008cbf x15=0x000000c4 PA:0x80008cba
        1295000	       128	800001d8	f79ea403	lw	x8,-135(x29)	 x29:0x80008e13  x8=0x95af3f6e PA:0x80008d8c
        1305000	       129	800001dc	fbce8f23	sb	x28,-66(x29)	 x29:0x80008e13 x28:0x0000007a PA:0x80008dd1
        1315000	       130	800001e0	024e93a3	sh	x4,39(x29)	 x29:0x80008e13  x4:0x55a9ac79 PA:0x80008e3a
        1325000	       131	800001e4	1f6c0183	lb	x3,502(x24)	 x24:0x8000881e  x3=0xffffff99 PA:0x80008a14
        1335000	       132	800001e8	ff7ccf03	lbu	x30,-9(x25)	 x25:0x80008cbf x30=0x0000009c PA:0x80008cb6
        1345000	       133	800001ec	00f90483	lb	x9,15(x18)	 x18:0x80008e02  x9=0xffffffb1 PA:0x80008e11
        1355000	       134	800001f0	418c0483	lb	x9,1048(x24)	 x24:0x8000881e  x9=0xffffff9c PA:0x80008c36
        1365000	       135	800001f4	008cca03	lbu	x20,8(x25)	 x25:0x80008cbf x20=0x000000ef PA:0x80008cc7
        1375000	       136	800001f8	fe6ec483	lbu	x9,-26(x29)	 x29:0x80008e13  x9=0x000000c6 PA:0x80008df9
        1385000	       137	800001fc	0cdc0483	lb	x9,205(x24)	 x24:0x8000881e  x9=0xffffffcb PA:0x800088eb
        1395000	       138	80000200	00bc8f83	lb	x31,11(x25)	 x25:0x80008cbf x31=0x0000005c PA:0x80008cca
        1405000	       139	80000204	02d94d83	lbu	x27,45(x18)	 x18:0x80008e02 x27=0x0000005b PA:0x80008e2f
        1415000	       140	80000208	30ac1683	lh	x13,778(x24)	 x24:0x8000881e x13=0xffffc6e6 PA:0x80008b28
        1425000	       141	8000020c	fc5ed583	lhu	x11,-59(x29)	 x29:0x80008e13 x11=0x0000f3e8 PA:0x80008dd8
        1435000	       142	80000210	fdf94383	lbu	x7,-33(x18)	 x18:0x80008e02  x7=0x00000038 PA:0x80008de1
        1445000	       143	80000214	170c1403	lh	x8,368(x24)	 x24:0x8000881e  x8=0xffffbe3c PA:0x8000898e
        1455000	       144	80000218	f5de8b23	sb	x29,-170(x29)	 x29:0x80008e13 x29:0x80008e13 PA:0x80008d69
        1465000	       145	8000021c	347c4d83	lbu	x27,839(x24)	 x24:0x8000881e x27=0x00000002 PA:0x80008b65
        1475000	       146	80000220	fca90723	sb	x10,-50(x18)	 x18:0x80008e02 x10:0xff078f91 PA:0x80008dd0
        1485000	       147	80000224	ff691e03	lh	x28,-10(x18)	 x18:0x80008e02 x28=0xffffc678 PA:0x80008df8
        1495000	       148	80000228	015c8123	sb	x21,2(x25)	 x25:0x80008cbf x21:0x0000003a PA:0x80008cc1
        1505000	       149	8000022c	fc8e8703	lb	x14,-56(x29)	 x29:0x80008e13 x14=0xffffffd4 PA:0x80008ddb
        1515000	       150	80000230	fcf90783	lb	x15,-49(x18)	 x18:0x80008e02 x15=0x0000007a PA:0x80008dd1
        1525000	       151	80000234	002c8b03	lb	x22,2(x25)	 x25:0x80008cbf x22=0x0000003a PA:0x80008cc1
        1535000	       152	80000238	34cc01a3	sb	x12,835(x24)	 x24:0x8000881e x12:0x8000890a PA:0x80008b61
        1545000	       153	8000023c	ff9e8083	lb	x1,-7(x29)	 x29:0x80008e13  x1=0xffffffef PA:0x80008e0c
        1555000	       154	80000240	5dec4803	lbu	x16,1502(x24)	 x24:0x8000881e x16=0x00000087 PA:0x80008dfc
        1565000	       155	80000244	018ea8a3	sw	x24,17(x29)	 x29:0x80008e13 x24:0x8000881e PA:0x80008e24
        1575000	       156	80000248	57ec0803	lb	x16,1406(x24)	 x24:0x8000881e x16=0x0000006d PA:0x80008d9c
        1585000	       157	00000000	00000013	addi	x0,x0,0	  x0:0x00000000
        1595000	       158	8000024c	010c8183	lb	x3,16(x25)	 x25:0x80008cbf  x3=0x0000002d PA:0x80008ccf
        1605000	       159	80000250	03c94983	lbu	x19,60(x18)	 x18:0x80008e02 x19=0x0000001e PA:0x80008e3e
        1615000	       160	80000254	00dcaa83	lw	x21,13(x25)	 x25:0x80008cbf x21=0x2d99a42f PA:0x80008ccc
        1625000	       161	80000258	f56e9da3	sh	x22,-165(x29)	 x29:0x80008e13 x22:0x0000003a PA:0x80008d6e
        1635000	       162	8000025c	00494083	lbu	x1,4(x18)	 x18:0x80008e02  x1=0x0000000c PA:0x80008e06
        1645000	       163	00000000	00000013	addi	x0,x0,0	  x0:0x00000000
        1655000	       164	80000260	00009517	auipc	x10,0x9	 x10=0x8000925c
        1665000	       165	80000264	b8250513	addi	x10,x10,-1150	 x10:0x8000925c x10=0x80008dde
        1675000	       166	80000268	00009b17	auipc	x22,0x9	 x22=0x80009264
        1685000	       167	8000026c	c38b0b13	addi	x22,x22,-968	 x22:0x80009264 x22=0x80008e9c
        1695000	       168	80000270	00009117	auipc	x2,0x9	  x2=0x8000926c
        1705000	       169	80000274	c0e10113	addi	x2,x2,-1010	  x2:0x8000926c  x2=0x80008e7a
        1715000	       170	80000278	01350483	lb	x9,19(x10)	 x10:0x80008dde  x9=0xffffffbd PA:0x80008df1
        1725000	       171	8000027c	02cb5483	lhu	x9,44(x22)	 x22:0x80008e9c  x9=0x0000f4aa PA:0x80008ec8
        1735000	       172	80000280	fdfb4c83	lbu	x25,-33(x22)	 x22:0x80008e9c x25=0x00000061 PA:0x80008e7b
        1745000	       173	80000284	037100a3	sb	x23,33(x2)	  x2:0x80008e7a x23:0xffffffc6 PA:0x80008e9b
        1755000	       174	80000288	f4950003	lb	x0,-183(x10)	 x10:0x80008dde PA:0x80008d27
        1765000	       175	8000028c	009b0b83	lb	x23,9(x22)	 x22:0x80008e9c x23=0xffffffc4 PA:0x80008ea5
        1775000	       176	80000290	05650783	lb	x15,86(x10)	 x10:0x80008dde x15=0x00000042 PA:0x80008e34
        1785000	       177	80000294	ff0b4983	lbu	x19,-16(x22)	 x22:0x80008e9c x19=0x00000036 PA:0x80008e8c
        1795000	       178	80000298	00db2a23	sw	x13,20(x22)	 x22:0x80008e9c x13:0xffffc6e6 PA:0x80008eb0
        1805000	       179	8000029c	fed14c03	lbu	x24,-19(x2)	  x2:0x80008e7a x24=0x000000ed PA:0x80008e67
        1815000	       180	800002a0	f4754f83	lbu	x31,-185(x10)	 x10:0x80008dde x31=0x0000004c PA:0x80008d25
        1825000	       181	800002a4	05550283	lb	x5,85(x10)	 x10:0x80008dde  x5=0x00000000 PA:0x80008e33
        1835000	       182	800002a8	02a50023	sb	x10,32(x10)	 x10:0x80008dde x10:0x80008dde PA:0x80008dfe
        1845000	       183	800002ac	03714403	lbu	x8,55(x2)	  x2:0x80008e7a  x8=0x000000c6 PA:0x80008eb1
        1855000	       184	800002b0	02b14783	lbu	x15,43(x2)	  x2:0x80008e7a x15=0x000000c4 PA:0x80008ea5
        1865000	       185	800002b4	fbc51583	lh	x11,-68(x10)	 x10:0x80008dde x11=0xffffbc7c PA:0x80008d9a
        1875000	       186	800002b8	fff10da3	sb	x31,-5(x2)	  x2:0x80008e7a x31:0x0000004c PA:0x80008e75
        1885000	       187	800002bc	fdd50683	lb	x13,-35(x10)	 x10:0x80008dde x13=0x00000076 PA:0x80008dbb
        1895000	       188	800002c0	fe010aa3	sb	x0,-11(x2)	  x2:0x80008e7a  x0:0x00000000 PA:0x80008e6f
        1905000	       189	800002c4	0fa54683	lbu	x13,250(x10)	 x10:0x80008dde x13=0x00000086 PA:0x80008ed8
        1915000	       190	800002c8	0a954803	lbu	x16,169(x10)	 x10:0x80008dde x16=0x000000e3 PA:0x80008e87
        1925000	       191	800002cc	00110c83	lb	x25,1(x2)	  x2:0x80008e7a x25=0x00000061 PA:0x80008e7b
        1935000	       192	800002d0	00008a97	auipc	x21,0x8	 x21=0x800082cc
        1945000	       193	800002d4	5c9a8a93	addi	x21,x21,1481	 x21:0x800082cc x21=0x80008895
        1955000	       194	800002d8	ffba9383	lh	x7,-5(x21)	 x21:0x80008895  x7=0xffffb7a2 PA:0x80008890
        1965000	       195	800002dc	00009717	auipc	x14,0x9	 x14=0x800092d8
        1975000	       196	800002e0	cd770713	addi	x14,x14,-809	 x14:0x800092d8 x14=0x80008faf
        1985000	       197	800002e4	00da8323	sb	x13,6(x21)	 x21:0x80008895 x13:0x00000086 PA:0x8000889b
        1995000	       198	800002e8	b3474c03	lbu	x24,-1228(x14)	 x14:0x80008faf x24=0x00000045 PA:0x80008ae3
        2005000	       199	800002ec	e6b70aa3	sb	x11,-395(x14)	 x14:0x80008faf x11:0xffffbc7c PA:0x80008e24
        2015000	       200	800002f0	aa971da3	sh	x9,-1349(x14)	 x14:0x80008faf  x9:0x0000f4aa PA:0x80008a6a
        2025000	       201	800002f4	00aaca03	lbu	x20,10(x21)	 x21:0x80008895 x20=0x000000aa PA:0x8000889f
        2035000	       202	800002f8	d8d719a3	sh	x13,-621(x14)	 x14:0x80008faf x13:0x00000086 PA:0x80008d42
        2045000	       203	800002fc	010acb83	lbu	x23,16(x21)	 x21:0x80008895 x23=0x000000f9 PA:0x800088a5
        2055000	       204	80000300	e1975403	lhu	x8,-487(x14)	 x14:0x80008faf  x8=0x00001358 PA:0x80008dc8
        2065000	       205	80000304	eb674583	lbu	x11,-330(x14)	 x14:0x80008faf x11=0x0000001f PA:0x80008e65
        2075000	       206	80000308	ed270823	sb	x18,-304(x14)	 x14:0x80008faf x18:0x80008e02 PA:0x80008e7f
        2085000	       207	8000030c	ff8a8aa3	sb	x24,-11(x21)	 x21:0x80008895 x24:0x00000045 PA:0x8000888a
        2095000	       208	80000310	00cac483	lbu	x9,12(x21)	 x21:0x80008895  x9=0x00000045 PA:0x800088a1
        2105000	       209	00000000	00000013	addi	x0,x0,0	  x0:0x00000000
        2115000	       210	80000314	e49706a3	sb	x9,-435(x14)	 x14:0x80008faf  x9:0x00000045 PA:0x80008dfc
        2125000	       211	80000318	fe2a8c23	sb	x2,-8(x21)	 x21:0x80008895  x2:0x80008e7a PA:0x8000888d
        2135000	       212	8000031c	d3172803	lw	x16,-719(x14)	 x14:0x80008faf x16=0xaa393fad PA:0x80008ce0
        2145000	       213	80000320	bfb75f03	lhu	x30,-1029(x14)	 x14:0x80008faf x30=0x000017af PA:0x80008baa
        2155000	       214	80000324	00008117	auipc	x2,0x8	  x2=0x80008320
        2165000	       215	80000328	67d10113	addi	x2,x2,1661	  x2:0x80008320  x2=0x8000899d
        2175000	       216	8000032c	9da8ca13	xori	x20,x17,-1574	 x17:0x00000063 x20=0xfffff9b9
        2185000	       217	80000330	00214783	lbu	x15,2(x2)	  x2:0x8000899d x15=0x000000ea PA:0x8000899f
        2195000	       218	80000334	00d295b3	sll	x11,x5,x13	  x5:0x00000000 x13:0x00000086 x11=0x00000000
        2205000	       219	80000338	fe414403	lbu	x8,-28(x2)	  x2:0x8000899d  x8=0x00000036 PA:0x80008981
        2215000	       220	8000033c	01e78e33	add	x28,x15,x30	 x15:0x000000ea x30:0x000017af x28=0x00001899
        2225000	       221	80000340	01b04033	xor	x0,x0,x27	  x0:0x00000000 x27:0x00000002
        2235000	       222	80000344	00014283	lbu	x5,0(x2)	  x2:0x8000899d  x5=0x00000074 PA:0x8000899d
        2245000	       223	80000348	00f15c03	lhu	x24,15(x2)	  x2:0x8000899d x24=0x00002c48 PA:0x800089ac
        2255000	       224	8000034c	fef14b03	lbu	x22,-17(x2)	  x2:0x8000899d x22=0x000000bc PA:0x8000898c
        2265000	       225	80000350	407205b3	sub	x11,x4,x7	  x4:0x55a9ac79  x7:0xffffb7a2 x11=0x55a9f4d7
        2275000	       226	80000354	01010023	sb	x16,0(x2)	  x2:0x8000899d x16:0xaa393fad PA:0x8000899d
        2285000	       227	80000358	fd410283	lb	x5,-44(x2)	  x2:0x8000899d  x5=0x00000061 PA:0x80008971
        2295000	       228	8000035c	4121db33	sra	x22,x3,x18	  x3:0x0000002d x18:0x80008e02 x22=0x0000000b
        2305000	       229	80000360	0013c033	xor	x0,x7,x1	  x7:0xffffb7a2  x1:0x0000000c
        2315000	       230	80000364	fdf15983	lhu	x19,-33(x2)	  x2:0x8000899d x19=0x00002cdb PA:0x8000897c
        2325000	       231	80000368	fd010ba3	sb	x16,-41(x2)	  x2:0x8000899d x16:0xaa393fad PA:0x80008974
        2335000	       232	8000036c	45e98797	auipc	x15,0x45e98	 x15=0xc5e98368
        2345000	       233	80000370	02e10fa3	sb	x14,63(x2)	  x2:0x8000899d x14:0x80008faf PA:0x800089dc
        2355000	       234	80000374	018972b3	and	x5,x18,x24	 x18:0x80008e02 x24:0x00002c48  x5=0x00000c00
        2365000	       235	80000378	00000013	addi	x0,x0,0	  x0:0x00000000
        2375000	       236	8000037c	417f89b3	sub	x19,x31,x23	 x31:0x0000004c x23:0x000000f9 x19=0xffffff53
        2385000	       237	80000380	fcc10903	lb	x18,-52(x2)	  x2:0x8000899d x18=0xffffff9e PA:0x80008969
        2395000	       238	80000384	024117a3	sh	x4,47(x2)	  x2:0x8000899d  x4:0x55a9ac79 PA:0x800089cc
        2405000	       239	80000388	00009597	auipc	x11,0x9	 x11=0x80009384
        2415000	       240	8000038c	ad258593	addi	x11,x11,-1326	 x11:0x80009384 x11=0x80008e56
        2425000	       241	80000390	01b681b3	add	x3,x13,x27	 x13:0x00000086 x27:0x00000002  x3=0x00000088
        2435000	       242	80000394	40c25913	srai	x18,x4,0xc	  x4:0x55a9ac79 x18=0x00055a9a
        2445000	       243	80000398	06858523	sb	x8,106(x11)	 x11:0x80008e56  x8:0x00000036 PA:0x80008ec0
        2455000	       244	8000039c	df994d93	xori	x27,x18,-519	 x18:0x00055a9a x27=0xfffaa763
        2465000	       245	800003a0	c637e013	ori	x0,x15,-925	 x15:0xc5e98368
        2475000	       246	800003a4	01f0bcb3	sltu	x25,x1,x31	  x1:0x0000000c x31:0x0000004c x25=0x00000001
        2485000	       247	800003a8	aa1fce93	xori	x29,x31,-1375	 x31:0x0000004c x29=0xfffffaed
        2495000	       248	800003ac	01feffb3	and	x31,x29,x31	 x29:0xfffffaed x31:0x0000004c x31=0x0000004c
        2505000	       249	800003b0	0d25cf03	lbu	x30,210(x11)	 x11:0x80008e56 x30=0x00000085 PA:0x80008f28
        2515000	       250	800003b4	0047bcb3	sltu	x25,x15,x4	 x15:0xc5e98368  x4:0x55a9ac79 x25=0x00000000
        2525000	       251	800003b8	f2058403	lb	x8,-224(x11)	 x11:0x80008e56  x8=0xffffffe5 PA:0x80008d76
        2535000	       252	800003bc	01689b13	slli	x22,x17,0x16	 x17:0x00000063 x22=0x18c00000
        2545000	       253	800003c0	f7c59883	lh	x17,-132(x11)	 x11:0x80008e56 x17=0xfffff24f PA:0x80008dd2
        2555000	       254	800003c4	f1a58da3	sb	x26,-229(x11)	 x11:0x80008e56 x26:0x80009fc4 PA:0x80008d71
        2565000	       255	800003c8	00931533	sll	x10,x6,x9	  x6:0x80009f84  x9:0x00000045 x10=0x0013f080
        2575000	       256	800003cc	f24587a3	sb	x4,-209(x11)	 x11:0x80008e56  x4:0x55a9ac79 PA:0x80008d85
        2585000	       257	800003d0	400a8b33	sub	x22,x21,x0	 x21:0x80008895  x0:0x00000000 x22=0x80008895
        2595000	       258	800003d4	04758f83	lb	x31,71(x11)	 x11:0x80008e56 x31=0xffffffdc PA:0x80008e9d
        2605000	       259	800003d8	faacb513	sltiu	x10,x25,-86	 x25:0x00000000 x10=0x00000001
        2615000	       260	800003dc	09c59e83	lh	x29,156(x11)	 x11:0x80008e56 x29=0xffffe286 PA:0x80008ef2
        2625000	       261	800003e0	40afd733	sra	x14,x31,x10	 x31:0xffffffdc x10:0x00000001 x14=0xffffffee
        2635000	       262	800003e4	ff759c23	sh	x23,-8(x11)	 x11:0x80008e56 x23:0x000000f9 PA:0x80008e4e
        2645000	       263	800003e8	f6e586a3	sb	x14,-147(x11)	 x11:0x80008e56 x14:0xffffffee PA:0x80008dc3
        2655000	       264	800003ec	e540c613	xori	x12,x1,-428	  x1:0x0000000c x12=0xfffffe58
        2665000	       265	800003f0	fca5c503	lbu	x10,-54(x11)	 x11:0x80008e56 x10=0x000000a2 PA:0x80008e20
        2675000	       266	00000000	00000013	addi	x0,x0,0	  x0:0x00000000
        2685000	       267	800003f4	f2a586a3	sb	x10,-211(x11)	 x11:0x80008e56 x10:0x000000a2 PA:0x80008d83
        2695000	       268	800003f8	01ddcbb3	xor	x23,x27,x29	 x27:0xfffaa763 x29:0xffffe286 x23=0x000545e5
        2705000	       269	800003fc	fd558c03	lb	x24,-43(x11)	 x11:0x80008e56 x24=0xffffffe0 PA:0x80008e2b
        2715000	       270	80000400	016b8033	add	x0,x23,x22	 x23:0x000545e5 x22:0x80008895
        2725000	       271	80000404	02a5ca83	lbu	x21,42(x11)	 x11:0x80008e56 x21=0x00000069 PA:0x80008e80
        2735000	       272	80000408	f425a183	lw	x3,-190(x11)	 x11:0x80008e56  x3=0xbc7c8975 PA:0x80008d98
        2745000	       273	8000040c	0645c983	lbu	x19,100(x11)	 x11:0x80008e56 x19=0x00000093 PA:0x80008eba
        2755000	       274	80000410	f2158723	sb	x1,-210(x11)	 x11:0x80008e56  x1:0x0000000c PA:0x80008d84
        2765000	       275	80000414	01d9e133	or	x2,x19,x29	 x19:0x00000093 x29:0xffffe286  x2=0xffffe297
        2775000	       276	80000418	f4c580a3	sb	x12,-191(x11)	 x11:0x80008e56 x12:0xfffffe58 PA:0x80008d97
        2785000	       277	8000041c	9d08f193	andi	x3,x17,-1584	 x17:0xfffff24f  x3=0xfffff040
        2795000	       278	80000420	f6d58803	lb	x16,-147(x11)	 x11:0x80008e56 x16=0xffffffee PA:0x80008dc3
        2805000	       279	80000424	0a958223	sb	x9,164(x11)	 x11:0x80008e56  x9:0x00000045 PA:0x80008efa
        2815000	       280	80000428	0175c083	lbu	x1,23(x11)	 x11:0x80008e56  x1=0x000000d7 PA:0x80008e6d
        2825000	       281	8000042c	00000013	addi	x0,x0,0	  x0:0x00000000
        2835000	       282	80000430	fbc5d703	lhu	x14,-68(x11)	 x11:0x80008e56 x14=0x0000e9e7 PA:0x80008e12
        2845000	       283	00000000	00000013	addi	x0,x0,0	  x0:0x00000000
        2855000	       284	80000434	c0eef897	auipc	x17,0xc0eef	 x17=0x40eef430
        2865000	       285	80000438	1cfeb813	sltiu	x16,x29,463	 x29:0xffffe286 x16=0x00000000
        2875000	       286	8000043c	f6e58b23	sb	x14,-138(x11)	 x11:0x80008e56 x14:0x0000e9e7 PA:0x80008dcc
        2885000	       287	80000440	00df24b3	slt	x9,x30,x13	 x30:0x00000085 x13:0x00000086  x9=0x00000001
        2895000	       288	80000444	41ce0b33	sub	x22,x28,x28	 x28:0x00001899 x28:0x00001899 x22=0x00000000
        2905000	       289	80000448	01a580a3	sb	x26,1(x11)	 x11:0x80008e56 x26:0x80009fc4 PA:0x80008e57
        2915000	       290	8000044c	01258523	sb	x18,10(x11)	 x11:0x80008e56 x18:0x00055a9a PA:0x80008e60
        2925000	       291	80000450	fc7588a3	sb	x7,-47(x11)	 x11:0x80008e56  x7:0xffffb7a2 PA:0x80008e27
        2935000	       292	80000454	00000013	addi	x0,x0,0	  x0:0x00000000
        2945000	       293	80000458	08158083	lb	x1,129(x11)	 x11:0x80008e56  x1=0x00000009 PA:0x80008ed7
        2955000	       294	8000045c	fc959423	sh	x9,-56(x11)	 x11:0x80008e56  x9:0x00000001 PA:0x80008e1e
        2965000	       295	80000460	01b017b3	sll	x15,x0,x27	  x0:0x00000000 x27:0xfffaa763 x15=0x00000000
        2975000	       296	80000464	016c67b3	or	x15,x24,x22	 x24:0xffffffe0 x22:0x00000000 x15=0xffffffe0
        2985000	       297	80000468	8a216d93	ori	x27,x2,-1886	  x2:0xffffe297 x27=0xfffffab7
        2995000	       298	8000046c	00000013	addi	x0,x0,0	  x0:0x00000000
        3005000	       299	80000470	82efae13	slti	x28,x31,-2002	 x31:0xffffffdc x28=0x00000000
        3015000	       300	80000474	989b2a93	slti	x21,x22,-1655	 x22:0x00000000 x21=0x00000000
        3025000	       301	80000478	0ed5c783	lbu	x15,237(x11)	 x11:0x80008e56 x15=0x00000061 PA:0x80008f43
        3035000	       302	8000047c	00008197	auipc	x3,0x8	  x3=0x80008478
        3045000	       303	80000480	cba18193	addi	x3,x3,-838	  x3:0x80008478  x3=0x80008132
        3055000	       304	80000484	00beda93	srli	x21,x29,0xb	 x29:0xffffe286 x21=0x001ffffc
        3065000	       305	80000488	00778db3	add	x27,x15,x7	 x15:0x00000061  x7:0xffffb7a2 x27=0xffffb803
        3075000	       306	8000048c	2c6182a3	sb	x6,709(x3)	  x3:0x80008132  x6:0x80009f84 PA:0x800083f7
        3085000	       307	80000490	407b0db3	sub	x27,x22,x7	 x22:0x00000000  x7:0xffffb7a2 x27=0x0000485e
        3095000	       308	80000494	49d1c383	lbu	x7,1181(x3)	  x3:0x80008132  x7=0x0000008b PA:0x800085cf
        3105000	       309	80000498	53e1a883	lw	x17,1342(x3)	  x3:0x80008132 x17=0x9c4120f5 PA:0x80008670
        3115000	       310	8000049c	5c27ef93	ori	x31,x15,1474	 x15:0x00000061 x31=0x000005e3
        3125000	       311	800004a0	53e1d403	lhu	x8,1342(x3)	  x3:0x80008132  x8=0x000020f5 PA:0x80008670
        3135000	       312	800004a4	53e18b83	lb	x23,1342(x3)	  x3:0x80008132 x23=0xfffffff5 PA:0x80008670
        3145000	       313	800004a8	7d4a3e17	auipc	x28,0x7d4a3	 x28=0xfd4a34a4
        3155000	       314	800004ac	53e1c783	lbu	x15,1342(x3)	  x3:0x80008132 x15=0x000000f5 PA:0x80008670
        3165000	       315	800004b0	53e18f23	sb	x30,1342(x3)	  x3:0x80008132 x30:0x00000085 PA:0x80008670
        3175000	       316	800004b4	53e18a83	lb	x21,1342(x3)	  x3:0x80008132 x21=0xffffff85 PA:0x80008670
        3185000	       317	800004b8	53f19f23	sh	x31,1342(x3)	  x3:0x80008132 x31:0x000005e3 PA:0x80008670
        3195000	       318	800004bc	53e19083	lh	x1,1342(x3)	  x3:0x80008132  x1=0x000005e3 PA:0x80008670
        3205000	       319	800004c0	4025d593	srai	x11,x11,0x2	 x11:0x80008e56 x11=0xe0002395
        3215000	       320	800004c4	00dc2633	slt	x12,x24,x13	 x24:0xffffffe0 x13:0x00000086 x12=0x00000001
        3225000	       321	800004c8	52a18f23	sb	x10,1342(x3)	  x3:0x80008132 x10:0x000000a2 PA:0x80008670
        3235000	       322	800004cc	53e1ca83	lbu	x21,1342(x3)	  x3:0x80008132 x21=0x000000a2 PA:0x80008670
        3245000	       323	800004d0	53e1d903	lhu	x18,1342(x3)	  x3:0x80008132 x18=0x000005a2 PA:0x80008670
        3255000	       324	800004d4	f3919223	sh	x25,-220(x3)	  x3:0x80008132 x25:0x00000000 PA:0x80008056
        3265000	       325	800004d8	f241d583	lhu	x11,-220(x3)	  x3:0x80008132 x11=0x00000000 PA:0x80008056
        3275000	       326	800004dc	f2418f03	lb	x30,-220(x3)	  x3:0x80008132 x30=0x00000000 PA:0x80008056
        3285000	       327	800004e0	f3119223	sh	x17,-220(x3)	  x3:0x80008132 x17:0x9c4120f5 PA:0x80008056
        3295000	       328	800004e4	f2418c83	lb	x25,-220(x3)	  x3:0x80008132 x25=0xfffffff5 PA:0x80008056
        3305000	       329	800004e8	f241ce83	lbu	x29,-220(x3)	  x3:0x80008132 x29=0x000000f5 PA:0x80008056
        3315000	       330	800004ec	00008117	auipc	x2,0x8	  x2=0x800084e8
        3325000	       331	800004f0	c8f10113	addi	x2,x2,-881	  x2:0x800084e8  x2=0x80008177
        3335000	       332	800004f4	fcd15483	lhu	x9,-51(x2)	  x2:0x80008177  x9=0x00002885 PA:0x80008144
        3345000	       333	800004f8	005110a3	sh	x5,1(x2)	  x2:0x80008177  x5:0x00000c00 PA:0x80008178
        3355000	       334	800004fc	00114a83	lbu	x21,1(x2)	  x2:0x80008177 x21=0x00000000 PA:0x80008178
        3365000	       335	80000500	fcb15183	lhu	x3,-53(x2)	  x2:0x80008177  x3=0x000050b5 PA:0x80008142
        3375000	       336	80000504	e8d94013	xori	x0,x18,-371	 x18:0x000005a2
        3385000	       337	80000508	1d7cff93	andi	x31,x25,471	 x25:0xfffffff5 x31=0x000001d5
        3395000	       338	8000050c	02310b23	sb	x3,54(x2)	  x2:0x80008177  x3:0x000050b5 PA:0x800081ad
        3405000	       339	80000510	01911ca3	sh	x25,25(x2)	  x2:0x80008177 x25:0xfffffff5 PA:0x80008190
        3415000	       340	80000514	41a15cb3	sra	x25,x2,x26	  x2:0x80008177 x26:0x80009fc4 x25=0xf8000817
        3425000	       341	80000518	01911ca3	sh	x25,25(x2)	  x2:0x80008177 x25:0xf8000817 PA:0x80008190
        3435000	       342	8000051c	01610583	lb	x11,22(x2)	  x2:0x80008177 x11=0xffffffec PA:0x8000818d
        3445000	       343	80000520	01610783	lb	x15,22(x2)	  x2:0x80008177 x15=0xffffffec PA:0x8000818d
        3455000	       344	80000524	01614583	lbu	x11,22(x2)	  x2:0x80008177 x11=0x000000ec PA:0x8000818d
        3465000	       345	80000528	01614083	lbu	x1,22(x2)	  x2:0x80008177  x1=0x000000ec PA:0x8000818d
        3475000	       346	8000052c	ff911a03	lh	x20,-7(x2)	  x2:0x80008177 x20=0xffffb91d PA:0x80008170
        3485000	       347	80000530	c9833913	sltiu	x18,x6,-872	  x6:0x80009f84 x18=0x00000001
        3495000	       348	80000534	ff915883	lhu	x17,-7(x2)	  x2:0x80008177 x17=0x0000b91d PA:0x80008170
        3505000	       349	80000538	ff914683	lbu	x13,-7(x2)	  x2:0x80008177 x13=0x0000001d PA:0x80008170
        3515000	       350	8000053c	003119a3	sh	x3,19(x2)	  x2:0x80008177  x3:0x000050b5 PA:0x8000818a
        3525000	       351	80000540	00b119a3	sh	x11,19(x2)	  x2:0x80008177 x11:0x000000ec PA:0x8000818a
        3535000	       352	80000544	00008297	auipc	x5,0x8	  x5=0x80008540
        3545000	       353	80000548	5a728293	addi	x5,x5,1447	  x5:0x80008540  x5=0x80008ae7
        3555000	       354	8000054c	fa53feb7	lui	x29,0xfa53f	 x29=0xfa53f000
        3565000	       355	80000550	fe528103	lb	x2,-27(x5)	  x5:0x80008ae7  x2=0x00000056 PA:0x80008acc
        3575000	       356	00000000	00000013	addi	x0,x0,0	  x0:0x00000000
        3585000	       357	80000554	f1417c13	andi	x24,x2,-236	  x2:0x00000056 x24=0x00000014
        3595000	       358	80000558	028290a3	sh	x8,33(x5)	  x5:0x80008ae7  x8:0x000020f5 PA:0x80008b08
        3605000	       359	8000055c	004b8533	add	x10,x23,x4	 x23:0xfffffff5  x4:0x55a9ac79 x10=0x55a9ac6e
        3615000	       360	80000560	00737033	and	x0,x6,x7	  x6:0x80009f84  x7:0x0000008b
        3625000	       361	80000564	00a05c93	srli	x25,x0,0xa	  x0:0x00000000 x25=0x00000000
        3635000	       362	80000568	00449a33	sll	x20,x9,x4	  x9:0x00002885  x4:0x55a9ac79 x20=0x0a000000
        3645000	       363	8000056c	fdc28603	lb	x12,-36(x5)	  x5:0x80008ae7 x12=0x0000002b PA:0x80008ac3
        3655000	       364	80000570	fd028a03	lb	x20,-48(x5)	  x5:0x80008ae7 x20=0x00000036 PA:0x80008ab7
        3665000	       365	80000574	fd82c683	lbu	x13,-40(x5)	  x5:0x80008ae7 x13=0x0000007d PA:0x80008abf
        3675000	       366	80000578	00397eb3	and	x29,x18,x3	 x18:0x00000001  x3:0x000050b5 x29=0x00000001
        3685000	       367	8000057c	5fe5e913	ori	x18,x11,1534	 x11:0x000000ec x18=0x000005fe
        3695000	       368	80000580	02d2c383	lbu	x7,45(x5)	  x5:0x80008ae7  x7=0x00000095 PA:0x80008b14
        3705000	       369	80000584	01e2cf03	lbu	x30,30(x5)	  x5:0x80008ae7 x30=0x000000f2 PA:0x80008b05
        3715000	       370	80000588	ff528723	sb	x21,-18(x5)	  x5:0x80008ae7 x21:0x00000000 PA:0x80008ad5
        3725000	       371	8000058c	fd128923	sb	x17,-46(x5)	  x5:0x80008ae7 x17:0x0000b91d PA:0x80008ab9
        3735000	       372	80000590	00369833	sll	x16,x13,x3	 x13:0x0000007d  x3:0x000050b5 x16=0x0fa00000
        3745000	       373	80000594	02c28d23	sb	x12,58(x5)	  x5:0x80008ae7 x12:0x0000002b PA:0x80008b21
        3755000	       374	80000598	02428403	lb	x8,36(x5)	  x5:0x80008ae7  x8=0xffffffcb PA:0x80008b0b
        3765000	       375	8000059c	70310a93	addi	x21,x2,1795	  x2:0x00000056 x21=0x00000759
        3775000	       376	800005a0	0042c783	lbu	x15,4(x5)	  x5:0x80008ae7 x15=0x000000d4 PA:0x80008aeb
        3785000	       377	800005a4	a6ec4f17	auipc	x30,0xa6ec4	 x30=0x26ec45a0
        3795000	       378	800005a8	0202c503	lbu	x10,32(x5)	  x5:0x80008ae7 x10=0x0000005f PA:0x80008b07
        3805000	       379	800005ac	0152c383	lbu	x7,21(x5)	  x5:0x80008ae7  x7=0x0000005a PA:0x80008afc
        3815000	       380	800005b0	00358e33	add	x28,x11,x3	 x11:0x000000ec  x3:0x000050b5 x28=0x000051a1
        3825000	       381	800005b4	09634b13	xori	x22,x6,150	  x6:0x80009f84 x22=0x80009f12
        3835000	       382	800005b8	41435a33	sra	x20,x6,x20	  x6:0x80009f84 x20:0x00000036 x20=0xfffffe00
        3845000	       383	800005bc	68ec8a13	addi	x20,x25,1678	 x25:0x00000000 x20=0x0000068e
        3855000	       384	800005c0	015cc633	xor	x12,x25,x21	 x25:0x00000000 x21:0x00000759 x12=0x00000759
        3865000	       385	800005c4	00d2ac83	lw	x25,13(x5)	  x5:0x80008ae7 x25=0x2592a2ab PA:0x80008af4
        3875000	       386	800005c8	fef29fa3	sh	x15,-1(x5)	  x5:0x80008ae7 x15:0x000000d4 PA:0x80008ae6
        3885000	       387	800005cc	fe728323	sb	x7,-26(x5)	  x5:0x80008ae7  x7:0x0000005a PA:0x80008acd
        3895000	       388	800005d0	405fd0b3	sra	x1,x31,x5	 x31:0x000001d5  x5:0x80008ae7  x1=0x00000003
        3905000	       389	800005d4	01828723	sb	x24,14(x5)	  x5:0x80008ae7 x24:0x00000014 PA:0x80008af5
        3915000	       390	800005d8	02d28823	sb	x13,48(x5)	  x5:0x80008ae7 x13:0x0000007d PA:0x80008b17
        3925000	       391	800005dc	75cef093	andi	x1,x29,1884	 x29:0x00000001  x1=0x00000000
        3935000	       392	800005e0	01e3b633	sltu	x12,x7,x30	  x7:0x0000005a x30:0x26ec45a0 x12=0x00000001
        3945000	       393	800005e4	ff72d783	lhu	x15,-9(x5)	  x5:0x80008ae7 x15=0x0000e818 PA:0x80008ade
        3955000	       394	800005e8	008cfc33	and	x24,x25,x8	 x25:0x2592a2ab  x8:0xffffffcb x24=0x2592a28b
        3965000	       395	800005ec	00000013	addi	x0,x0,0	  x0:0x00000000
        3975000	       396	800005f0	006229b3	slt	x19,x4,x6	  x4:0x55a9ac79  x6:0x80009f84 x19=0x00000000
        3985000	       397	800005f4	03b2c483	lbu	x9,59(x5)	  x5:0x80008ae7  x9=0x0000000d PA:0x80008b22
        3995000	       398	800005f8	02628583	lb	x11,38(x5)	  x5:0x80008ae7 x11=0xffffffd4 PA:0x80008b0d
        4005000	       399	800005fc	0110e833	or	x16,x1,x17	  x1:0x00000000 x17:0x0000b91d x16=0x0000b91d
        4015000	       400	80000600	01ceb633	sltu	x12,x29,x28	 x29:0x00000001 x28:0x000051a1 x12=0x00000001
        4025000	       401	80000604	ff329583	lh	x11,-13(x5)	  x5:0x80008ae7 x11=0x00005eb5 PA:0x80008ada
        4035000	       402	80000608	0154edb3	or	x27,x9,x21	  x9:0x0000000d x21:0x00000759 x27=0x0000075d
        4045000	       403	8000060c	3ccbc513	xori	x10,x23,972	 x23:0xfffffff5 x10=0xfffffc39
        4055000	       404	80000610	00000013	addi	x0,x0,0	  x0:0x00000000
        4065000	       405	80000614	03928e83	lb	x29,57(x5)	  x5:0x80008ae7 x29=0xffffffdd PA:0x80008b20
        4075000	       406	80000618	fdf28083	lb	x1,-33(x5)	  x5:0x80008ae7  x1=0xffffff93 PA:0x80008ac6
        4085000	       407	8000061c	01c2a0a3	sw	x28,1(x5)	  x5:0x80008ae7 x28:0x000051a1 PA:0x80008ae8
        4095000	       408	80000620	4dc88793	addi	x15,x17,1244	 x17:0x0000b91d x15=0x0000bdf9
        4105000	       409	80000624	00d29c03	lh	x24,13(x5)	  x5:0x80008ae7 x24=0x000014ab PA:0x80008af4
        4115000	       410	80000628	9431ee93	ori	x29,x3,-1725	  x3:0x000050b5 x29=0xfffff9f7
        4125000	       411	8000062c	02428a03	lb	x20,36(x5)	  x5:0x80008ae7 x20=0xffffffcb PA:0x80008b0b
        4135000	       412	80000630	01c28783	lb	x15,28(x5)	  x5:0x80008ae7 x15=0xffffff8b PA:0x80008b03
        4145000	       413	80000634	01b90133	add	x2,x18,x27	 x18:0x000005fe x27:0x0000075d  x2=0x00000d5b
        4155000	       414	80000638	fee28e83	lb	x29,-18(x5)	  x5:0x80008ae7 x29=0x00000000 PA:0x80008ad5
        4165000	       415	8000063c	00008117	auipc	x2,0x8	  x2=0x80008638
        4175000	       416	80000640	e3910113	addi	x2,x2,-455	  x2:0x80008638  x2=0x80008471
        4185000	       417	80000644	58ad0717	auipc	x14,0x58ad0	 x14=0xd8ad0640
        4195000	       418	80000648	00910783	lb	x15,9(x2)	  x2:0x80008471 x15=0x0000001d PA:0x8000847a
        4205000	       419	8000064c	00914b03	lbu	x22,9(x2)	  x2:0x80008471 x22=0x0000001d PA:0x8000847a
        4215000	       420	80000650	ffa14c83	lbu	x25,-6(x2)	  x2:0x80008471 x25=0x000000de PA:0x8000846b
        4225000	       421	80000654	00e10083	lb	x1,14(x2)	  x2:0x80008471  x1=0x00000073 PA:0x8000847f
        4235000	       422	80000658	ff910a03	lb	x20,-7(x2)	  x2:0x80008471 x20=0xffffffda PA:0x8000846a
        4245000	       423	8000065c	fff14c83	lbu	x25,-1(x2)	  x2:0x80008471 x25=0x0000009d PA:0x80008470
        4255000	       424	80000660	fff14603	lbu	x12,-1(x2)	  x2:0x80008471 x12=0x0000009d PA:0x80008470
        4265000	       425	80000664	fff15783	lhu	x15,-1(x2)	  x2:0x80008471 x15=0x00001d9d PA:0x80008470
        4275000	       426	80000668	fee10fa3	sb	x14,-1(x2)	  x2:0x80008471 x14:0xd8ad0640 PA:0x80008470
        4285000	       427	8000066c	fff12c83	lw	x25,-1(x2)	  x2:0x80008471 x25=0xbfa21d40 PA:0x80008470
        4295000	       428	80000670	48107e93	andi	x29,x0,1153	  x0:0x00000000 x29=0x00000000
        4305000	       429	80000674	01cb9733	sll	x14,x23,x28	 x23:0xfffffff5 x28:0x000051a1 x14=0xffffffea
        4315000	       430	80000678	ff112fa3	sw	x17,-1(x2)	  x2:0x80008471 x17:0x0000b91d PA:0x80008470
        4325000	       431	8000067c	fff14703	lbu	x14,-1(x2)	  x2:0x80008471 x14=0x0000001d PA:0x80008470
        4335000	       432	80000680	fe910fa3	sb	x9,-1(x2)	  x2:0x80008471  x9:0x0000000d PA:0x80008470
        4345000	       433	80000684	fe811fa3	sh	x8,-1(x2)	  x2:0x80008471  x8:0xffffffcb PA:0x80008470
        4355000	       434	80000688	00008e97	auipc	x29,0x8	 x29=0x80008684
        4365000	       435	8000068c	20ae8e93	addi	x29,x29,522	 x29:0x80008684 x29=0x8000888e
        4375000	       436	80000690	ffee9383	lh	x7,-2(x29)	 x29:0x8000888e  x7=0x00007a3a PA:0x8000888c
        4385000	       437	80000694	ffee9f03	lh	x30,-2(x29)	 x29:0x8000888e x30=0x00007a3a PA:0x8000888c
        4395000	       438	80000698	fefeaf23	sw	x15,-2(x29)	 x29:0x8000888e x15:0x00001d9d PA:0x8000888c
        4405000	       439	8000069c	410ddb33	sra	x22,x27,x16	 x27:0x0000075d x16:0x0000b91d x22=0x00000000
        4415000	       440	800006a0	ff6e8503	lb	x10,-10(x29)	 x29:0x8000888e x10=0x0000003d PA:0x80008884
        4425000	       441	800006a4	ff6edf83	lhu	x31,-10(x29)	 x29:0x8000888e x31=0x0000363d PA:0x80008884
        4435000	       442	800006a8	00f51793	slli	x15,x10,0xf	 x10:0x0000003d x15=0x001e8000
        4445000	       443	800006ac	014c7fb3	and	x31,x24,x20	 x24:0x000014ab x20:0xffffffda x31=0x0000148a
        4455000	       444	800006b0	00be9123	sh	x11,2(x29)	 x29:0x8000888e x11:0x00005eb5 PA:0x80008890
        4465000	       445	800006b4	004e9123	sh	x4,2(x29)	 x29:0x8000888e  x4:0x55a9ac79 PA:0x80008890
        4475000	       446	800006b8	002ea803	lw	x16,2(x29)	 x29:0x8000888e x16=0xf54fac79 PA:0x80008890
        4485000	       447	800006bc	01f2fb33	and	x22,x5,x31	  x5:0x80008ae7 x31:0x0000148a x22=0x00000082
        4495000	       448	800006c0	002ec903	lbu	x18,2(x29)	 x29:0x8000888e x18=0x00000079 PA:0x80008890
        4505000	       449	800006c4	002ecd83	lbu	x27,2(x29)	 x29:0x8000888e x27=0x00000079 PA:0x80008890
        4515000	       450	800006c8	3f732bb7	lui	x23,0x3f732	 x23=0x3f732000
        4525000	       451	800006cc	008e8123	sb	x8,2(x29)	 x29:0x8000888e  x8:0xffffffcb PA:0x80008890
        4535000	       452	800006d0	005d9593	slli	x11,x27,0x5	 x27:0x00000079 x11=0x00000f20
        4545000	       453	800006d4	40265c13	srai	x24,x12,0x2	 x12:0x0000009d x24=0x00000027
        4555000	       454	800006d8	04e10063	beq	x2,x14,80000718	  x2:0x80008471 x14:0x0000001d
        4565000	       455	800006dc	01284263	blt	x16,x18,800006e0	 x16:0xf54fac79 x18:0x00000079
        4575000	       456	00000000	00000013	addi	x0,x0,0	  x0:0x00000000
        4585000	       457	800006dc	00000013	addi	x0,x0,0	  x0:0x00000000
        4595000	       458	800006e0	00548ab3	add	x21,x9,x5	  x9:0x0000000d  x5:0x80008ae7 x21=0x80008af4
        4605000	       459	800006e4	0331cc63	blt	x3,x19,8000071c	  x3:0x000050b5 x19:0x00000000
        4615000	       460	800006e8	016cd263	bge	x25,x22,800006ec	 x25:0xbfa21d40 x22:0x00000082
        4625000	       461	800006ec	41988733	sub	x14,x17,x25	 x17:0x0000b91d x25:0xbfa21d40 x14=0x405e9bdd
        4635000	       462	800006f0	03881063	bne	x16,x24,80000710	 x16:0xf54fac79 x24:0x00000027
        4645000	       463	00000000	00000013	addi	x0,x0,0	  x0:0x00000000
        4655000	       464	8000070c	00000013	addi	x0,x0,0	  x0:0x00000000
        4665000	       465	80000710	40eede33	sra	x28,x29,x14	 x29:0x8000888e x14:0x405e9bdd x28=0xfffffffc
        4675000	       466	80000714	01694c63	blt	x18,x22,8000072c	 x18:0x00000079 x22:0x00000082
        4685000	       467	00000000	00000013	addi	x0,x0,0	  x0:0x00000000
        4695000	       468	80000728	00000013	addi	x0,x0,0	  x0:0x00000000
        4705000	       469	8000072c	055b8063	beq	x23,x21,8000076c	 x23:0x3f732000 x21:0x80008af4
        4715000	       470	80000730	01c76433	or	x8,x14,x28	 x14:0x405e9bdd x28:0xfffffffc  x8=0xfffffffd
        4725000	       471	80000734	daacf613	andi	x12,x25,-598	 x25:0xbfa21d40 x12=0xbfa21d00
        4735000	       472	80000738	018bc863	blt	x23,x24,80000748	 x23:0x3f732000 x24:0x00000027
        4745000	       473	8000073c	0150c0b3	xor	x1,x1,x21	  x1:0x00000073 x21:0x80008af4  x1=0x80008a87
        4755000	       474	80000740	04599463	bne	x19,x5,80000788	 x19:0x00000000  x5:0x80008ae7
        4765000	       475	00000000	00000013	addi	x0,x0,0	  x0:0x00000000
        4775000	       476	80000784	00000013	addi	x0,x0,0	  x0:0x00000000
        4785000	       477	80000788	01a6cdb3	xor	x27,x13,x26	 x13:0x0000007d x26:0x80009fc4 x27=0x80009fb9
        4795000	       478	8000078c	01559a63	bne	x11,x21,800007a0	 x11:0x00000f20 x21:0x80008af4
        4805000	       479	00000000	00000013	addi	x0,x0,0	  x0:0x00000000
        4815000	       480	8000079c	00000013	addi	x0,x0,0	  x0:0x00000000
        4825000	       481	800007a0	0411f063	bgeu	x3,x1,800007e0	  x3:0x000050b5  x1:0x80008a87
        4835000	       482	800007a4	00000013	addi	x0,x0,0	  x0:0x00000000
        4845000	       483	800007a8	00a89db3	sll	x27,x17,x10	 x17:0x0000b91d x10:0x0000003d x27=0xa0000000
        4855000	       484	800007ac	64712d93	slti	x27,x2,1607	  x2:0x80008471 x27=0x00000001
        4865000	       485	800007b0	d84f0293	addi	x5,x30,-636	 x30:0x00007a3a  x5=0x000077be
        4875000	       486	800007b4	002327b3	slt	x15,x6,x2	  x6:0x80009f84  x2:0x80008471 x15=0x00000000
        4885000	       487	800007b8	013518b3	sll	x17,x10,x19	 x10:0x0000003d x19:0x00000000 x17=0x0000003d
        4895000	       488	800007bc	01d89613	slli	x12,x17,0x1d	 x17:0x0000003d x12=0xa0000000
        4905000	       489	800007c0	00000013	addi	x0,x0,0	  x0:0x00000000
        4915000	       490	800007c4	419d8a33	sub	x20,x27,x25	 x27:0x00000001 x25:0xbfa21d40 x20=0x405de2c1
        4925000	       491	800007c8	01a04ab3	xor	x21,x0,x26	  x0:0x00000000 x26:0x80009fc4 x21=0x80009fc4
        4935000	       492	800007cc	c2f589b7	lui	x19,0xc2f58	 x19=0xc2f58000
        4945000	       493	800007d0	30fbec13	ori	x24,x23,783	 x23:0x3f732000 x24=0x3f73230f
        4955000	       494	800007d4	3ea589b7	lui	x19,0x3ea58	 x19=0x3ea58000
        4965000	       495	800007d8	010b7b33	and	x22,x22,x16	 x22:0x00000082 x16:0xf54fac79 x22=0x00000000
        4975000	       496	800007dc	00de6eb3	or	x29,x28,x13	 x28:0xfffffffc x13:0x0000007d x29=0xfffffffd
        4985000	       497	800007e0	13d9c297	auipc	x5,0x13d9c	  x5=0x93d9c7dc
        4995000	       498	800007e4	03254463	blt	x10,x18,8000080c	 x10:0x0000003d x18:0x00000079
        5005000	       499	00000000	00000013	addi	x0,x0,0	  x0:0x00000000
        5015000	       500	80000808	00000013	addi	x0,x0,0	  x0:0x00000000
        5025000	       501	8000080c	00319db3	sll	x27,x3,x3	  x3:0x000050b5  x3:0x000050b5 x27=0x16a00000
        5035000	       502	80000810	00f0c1b3	xor	x3,x1,x15	  x1:0x80008a87 x15:0x00000000  x3=0x80008a87
        5045000	       503	80000814	01961533	sll	x10,x12,x25	 x12:0xa0000000 x25:0xbfa21d40 x10=0xa0000000
        5055000	       504	80000818	00f5a3b3	slt	x7,x11,x15	 x11:0x00000f20 x15:0x00000000  x7=0x00000000
        5065000	       505	8000081c	01e69fb3	sll	x31,x13,x30	 x13:0x0000007d x30:0x00007a3a x31=0xf4000000
        5075000	       506	80000820	009c1e63	bne	x24,x9,8000083c	 x24:0x3f73230f  x9:0x0000000d
        5085000	       507	00000000	00000013	addi	x0,x0,0	  x0:0x00000000
        5095000	       508	80000838	00000013	addi	x0,x0,0	  x0:0x00000000
        5105000	       509	8000083c	00ca1263	bne	x20,x12,80000840	 x20:0x405de2c1 x12:0xa0000000
        5115000	       510	00000000	00000013	addi	x0,x0,0	  x0:0x00000000
        5125000	       511	8000083c	00000013	addi	x0,x0,0	  x0:0x00000000
        5135000	       512	80000840	40138db3	sub	x27,x7,x1	  x7:0x00000000  x1:0x80008a87 x27=0x7fff7579
        5145000	       513	80000844	85cec717	auipc	x14,0x85cec	 x14=0x05cec840
        5155000	       514	80000848	05035463	bge	x6,x16,80000890	  x6:0x80009f84 x16:0xf54fac79
        5165000	       515	8000084c	40cadbb3	sra	x23,x21,x12	 x21:0x80009fc4 x12:0xa0000000 x23=0x80009fc4
        5175000	       516	80000850	00641a33	sll	x20,x8,x6	  x8:0xfffffffd  x6:0x80009f84 x20=0xffffffd0
        5185000	       517	80000854	4175d513	srai	x10,x11,0x17	 x11:0x00000f20 x10=0x00000000
        5195000	       518	80000858	c9d40513	addi	x10,x8,-867	  x8:0xfffffffd x10=0xfffffc9a
        5205000	       519	8000085c	2b476793	ori	x15,x14,692	 x14:0x05cec840 x15=0x05cecaf4
        5215000	       520	80000860	30914893	xori	x17,x2,777	  x2:0x80008471 x17=0x80008778
        5225000	       521	80000864	32a93093	sltiu	x1,x18,810	 x18:0x00000079  x1=0x00000001
        5235000	       522	80000868	41ffdf13	srai	x30,x31,0x1f	 x31:0xf4000000 x30=0xffffffff
        5245000	       523	8000086c	412c8133	sub	x2,x25,x18	 x25:0xbfa21d40 x18:0x00000079  x2=0xbfa21cc7
        5255000	       524	80000870	40cd54b3	sra	x9,x26,x12	 x26:0x80009fc4 x12:0xa0000000  x9=0x80009fc4
        5265000	       525	80000874	85ea3113	sltiu	x2,x20,-1954	 x20:0xffffffd0  x2=0x00000000
        5275000	       526	80000878	02bb1463	bne	x22,x11,800008a0	 x22:0x00000000 x11:0x00000f20
        5285000	       527	00000000	00000013	addi	x0,x0,0	  x0:0x00000000
        5295000	       528	8000089c	00000013	addi	x0,x0,0	  x0:0x00000000
        5305000	       529	800008a0	006906b3	add	x13,x18,x6	 x18:0x00000079  x6:0x80009f84 x13=0x80009ffd
        5315000	       530	800008a4	4def8813	addi	x16,x31,1246	 x31:0xf4000000 x16=0xf40004de
        5325000	       531	800008a8	01135a13	srli	x20,x6,0x11	  x6:0x80009f84 x20=0x00004000
        5335000	       532	800008ac	3d547bb7	lui	x23,0x3d547	 x23=0x3d547000
        5345000	       533	800008b0	008597b3	sll	x15,x11,x8	 x11:0x00000f20  x8:0xfffffffd x15=0x00000000
        5355000	       534	800008b4	4588eb37	lui	x22,0x4588e	 x22=0x4588e000
        5365000	       535	800008b8	4089d193	srai	x3,x19,0x8	 x19:0x3ea58000  x3=0x003ea580
        5375000	       536	800008bc	415d86b3	sub	x13,x27,x21	 x27:0x7fff7579 x21:0x80009fc4 x13=0xfffed5b5
        5385000	       537	800008c0	04b60263	beq	x12,x11,80000904	 x12:0xa0000000 x11:0x00000f20
        5395000	       538	800008c4	86bd8e37	lui	x28,0x86bd8	 x28=0x86bd8000
        5405000	       539	800008c8	4363e293	ori	x5,x7,1078	  x7:0x00000000  x5=0x00000436
        5415000	       540	800008cc	0021d663	bge	x3,x2,800008d8	  x3:0x003ea580  x2:0x00000000
        5425000	       541	00000000	00000013	addi	x0,x0,0	  x0:0x00000000
        5435000	       542	800008d4	00000013	addi	x0,x0,0	  x0:0x00000000
        5445000	       543	800008d8	417fde33	sra	x28,x31,x23	 x31:0xf4000000 x23:0x3d547000 x28=0xf4000000
        5455000	       544	800008dc	4031db93	srai	x23,x3,0x3	  x3:0x003ea580 x23=0x0007d4b0
        5465000	       545	800008e0	40755c93	srai	x25,x10,0x7	 x10:0xfffffc9a x25=0xfffffff9
        5475000	       546	800008e4	91fccc13	xori	x24,x25,-1761	 x25:0xfffffff9 x24=0x000006e6
        5485000	       547	800008e8	00f09a63	bne	x1,x15,800008fc	  x1:0x00000001 x15:0x00000000
        5495000	       548	00000000	00000013	addi	x0,x0,0	  x0:0x00000000
        5505000	       549	800008f8	00000013	addi	x0,x0,0	  x0:0x00000000
        5515000	       550	800008fc	001b9e13	slli	x28,x23,0x1	 x23:0x0007d4b0 x28=0x000fa960
        5525000	       551	80000900	8f3bcb13	xori	x22,x23,-1805	 x23:0x0007d4b0 x22=0xfff82c43
        5535000	       552	80000904	00e85263	bge	x16,x14,80000908	 x16:0xf40004de x14:0x05cec840
        5545000	       553	80000908	f1276b37	lui	x22,0xf1276	 x22=0xf1276000
        5555000	       554	8000090c	008e5c33	srl	x24,x28,x8	 x28:0x000fa960  x8:0xfffffffd x24=0x00000000
        5565000	       555	80000910	05638663	beq	x7,x22,8000095c	  x7:0x00000000 x22:0xf1276000
        5575000	       556	80000914	01d350b3	srl	x1,x6,x29	  x6:0x80009f84 x29:0xfffffffd  x1=0x00000004
        5585000	       557	80000918	01aad613	srli	x12,x21,0x1a	 x21:0x80009fc4 x12=0x00000020
        5595000	       558	8000091c	012b5eb3	srl	x29,x22,x18	 x22:0xf1276000 x18:0x00000079 x29=0x00000078
        5605000	       559	80000920	04f76463	bltu	x14,x15,80000968	 x14:0x05cec840 x15:0x00000000
        5615000	       560	80000924	016559b3	srl	x19,x10,x22	 x10:0xfffffc9a x22:0xf1276000 x19=0xfffffc9a
        5625000	       561	80000928	01a36e63	bltu	x6,x26,80000944	  x6:0x80009f84 x26:0x80009fc4
        5635000	       562	00000000	00000013	addi	x0,x0,0	  x0:0x00000000
        5645000	       563	80000940	00000013	addi	x0,x0,0	  x0:0x00000000
        5655000	       564	80000944	01c69813	slli	x16,x13,0x1c	 x13:0xfffed5b5 x16=0x50000000
        5665000	       565	80000948	01546ab3	or	x21,x8,x21	  x8:0xfffffffd x21:0x80009fc4 x21=0xfffffffd
        5675000	       566	8000094c	5b4efe37	lui	x28,0x5b4ef	 x28=0x5b4ef000
        5685000	       567	80000950	86087e13	andi	x28,x16,-1952	 x16:0x50000000 x28=0x50000000
        5695000	       568	80000954	012cd263	bge	x25,x18,80000958	 x25:0xfffffff9 x18:0x00000079
        5705000	       569	80000958	0041c7b3	xor	x15,x3,x4	  x3:0x003ea580  x4:0x55a9ac79 x15=0x559709f9
        5715000	       570	8000095c	409d5b13	srai	x22,x26,0x9	 x26:0x80009fc4 x22=0xffc0004f
        5725000	       571	80000960	cebaf413	andi	x8,x21,-789	 x21:0xfffffffd  x8=0xfffffce9
        5735000	       572	80000964	eae8b693	sltiu	x13,x17,-338	 x17:0x80008778 x13=0x00000001
        5745000	       573	80000968	6e7a3c93	sltiu	x25,x20,1767	 x20:0x00004000 x25=0x00000000
        5755000	       574	8000096c	0dabbe13	sltiu	x28,x23,218	 x23:0x0007d4b0 x28=0x00000000
        5765000	       575	80000970	0187be33	sltu	x28,x15,x24	 x15:0x559709f9 x24:0x00000000 x28=0x00000000
        5775000	       576	80000974	00a818b3	sll	x17,x16,x10	 x16:0x50000000 x10:0xfffffc9a x17=0x00000000
        5785000	       577	80000978	11487663	bgeu	x16,x20,80000a84	 x16:0x50000000 x20:0x00004000
        5795000	       578	00000000	00000013	addi	x0,x0,0	  x0:0x00000000
        5805000	       579	80000a80	00000013	addi	x0,x0,0	  x0:0x00000000
        5815000	       580	80000a84	74641bb7	lui	x23,0x74641	 x23=0x74641000
        5825000	       581	80000a88	00089293	slli	x5,x17,0x0	 x17:0x00000000  x5=0x00000000
        5835000	       582	80000a8c	003556b3	srl	x13,x10,x3	 x10:0xfffffc9a  x3:0x003ea580 x13=0xfffffc9a
        5845000	       583	80000a90	41710633	sub	x12,x2,x23	  x2:0x00000000 x23:0x74641000 x12=0x8b9bf000
        5855000	       584	80000a94	41b5df33	sra	x30,x11,x27	 x11:0x00000f20 x27:0x7fff7579 x30=0x00000000
        5865000	       585	80000a98	00fdf7b3	and	x15,x27,x15	 x27:0x7fff7579 x15:0x559709f9 x15=0x55970179
        5875000	       586	80000a9c	3f4db113	sltiu	x2,x27,1012	 x27:0x7fff7579  x2=0x00000000
        5885000	       587	80000aa0	b7b12f17	auipc	x30,0xb7b12	 x30=0x37b12a9c
        5895000	       588	80000aa4	01ebdcb3	srl	x25,x23,x30	 x23:0x74641000 x30:0x37b12a9c x25=0x00000007
        5905000	       589	80000aa8	41c4d593	srai	x11,x9,0x1c	  x9:0x80009fc4 x11=0xfffffff8
        5915000	       590	80000aac	40c35593	srai	x11,x6,0xc	  x6:0x80009f84 x11=0xfff80009
        5925000	       591	80000ab0	01137c63	bgeu	x6,x17,80000ac8	  x6:0x80009f84 x17:0x00000000
        5935000	       592	00000000	00000013	addi	x0,x0,0	  x0:0x00000000
        5945000	       593	80000ac4	00000013	addi	x0,x0,0	  x0:0x00000000
        5955000	       594	80000ac8	6622d3b7	lui	x7,0x6622d	  x7=0x6622d000
        5965000	       595	80000acc	e70f4293	xori	x5,x30,-400	 x30:0x37b12a9c  x5=0xc84ed4ec
        5975000	       596	80000ad0	00f987b3	add	x15,x19,x15	 x19:0xfffffc9a x15:0x55970179 x15=0x5596fe13
        5985000	       597	80000ad4	d3de8413	addi	x8,x29,-707	 x29:0x00000078  x8=0xfffffdb5
        5995000	       598	80000ad8	40cc5033	sra	x0,x24,x12	 x24:0x00000000 x12:0x8b9bf000
        6005000	       599	80000adc	344f9037	lui	x0,0x344f9	
        6015000	       600	80000ae0	ceb8be17	auipc	x28,0xceb8b	 x28=0x4eb8badc
        6025000	       601	80000ae4	0016c433	xor	x8,x13,x1	 x13:0xfffffc9a  x1:0x00000004  x8=0xfffffc9e
        6035000	       602	80000ae8	4099d613	srai	x12,x19,0x9	 x19:0xfffffc9a x12=0xfffffffe
        6045000	       603	80000aec	009103b3	add	x7,x2,x9	  x2:0x00000000  x9:0x80009fc4  x7=0x80009fc4
        6055000	       604	80000af0	008ef633	and	x12,x29,x8	 x29:0x00000078  x8:0xfffffc9e x12=0x00000018
        6065000	       605	80000af4	4869e093	ori	x1,x19,1158	 x19:0xfffffc9a  x1=0xfffffc9e
        6075000	       606	80000af8	01f9a533	slt	x10,x19,x31	 x19:0xfffffc9a x31:0xf4000000 x10=0x00000000
        6085000	       607	80000afc	01dff633	and	x12,x31,x29	 x31:0xf4000000 x29:0x00000078 x12=0x00000000
        6095000	       608	80000b00	01d34c33	xor	x24,x6,x29	  x6:0x80009f84 x29:0x00000078 x24=0x80009ffc
        6105000	       609	80000b04	0025e633	or	x12,x11,x2	 x11:0xfff80009  x2:0x00000000 x12=0xfff80009
        6115000	       610	80000b08	02921863	bne	x4,x9,80000b38	  x4:0x55a9ac79  x9:0x80009fc4
        6125000	       611	00000000	00000013	addi	x0,x0,0	  x0:0x00000000
        6135000	       612	80000b34	00000013	addi	x0,x0,0	  x0:0x00000000
        6145000	       613	80000b38	03359463	bne	x11,x19,80000b60	 x11:0xfff80009 x19:0xfffffc9a
        6155000	       614	00000000	00000013	addi	x0,x0,0	  x0:0x00000000
        6165000	       615	80000b5c	00000013	addi	x0,x0,0	  x0:0x00000000
        6175000	       616	80000b60	92bf3513	sltiu	x10,x30,-1749	 x30:0x37b12a9c x10=0x00000001
        6185000	       617	80000b64	00e57263	bgeu	x10,x14,80000b68	 x10:0x00000001 x14:0x05cec840
        6195000	       618	80000b68	408904b3	sub	x9,x18,x8	 x18:0x00000079  x8:0xfffffc9e  x9=0x000003db
        6205000	       619	80000b6c	411589b3	sub	x19,x11,x17	 x11:0xfff80009 x17:0x00000000 x19=0xfff80009
        6215000	       620	80000b70	37703c93	sltiu	x25,x0,887	  x0:0x00000000 x25=0x00000001
        6225000	       621	80000b74	d52e2813	slti	x16,x28,-686	 x28:0x4eb8badc x16=0x00000000
        6235000	       622	80000b78	85497e93	andi	x29,x18,-1964	 x18:0x00000079 x29=0x00000050
        6245000	       623	80000b7c	01550633	add	x12,x10,x21	 x10:0x00000001 x21:0xfffffffd x12=0xfffffffe
        6255000	       624	80000b80	0607da63	bge	x15,x0,80000bf4	 x15:0x5596fe13  x0:0x00000000
        6265000	       625	00000000	00000013	addi	x0,x0,0	  x0:0x00000000
        6275000	       626	80000bf0	00000013	addi	x0,x0,0	  x0:0x00000000
        6285000	       627	80000bf4	417bd513	srai	x10,x23,0x17	 x23:0x74641000 x10=0x000000e8
        6295000	       628	80000bf8	007cd6b3	srl	x13,x25,x7	 x25:0x00000001  x7:0x80009fc4 x13=0x00000000
        6305000	       629	80000bfc	0174a9b3	slt	x19,x9,x23	  x9:0x000003db x23:0x74641000 x19=0x00000001
        6315000	       630	80000c00	0054de93	srli	x29,x9,0x5	  x9:0x000003db x29=0x0000001e
        6325000	       631	80000c04	014f5f93	srli	x31,x30,0x14	 x30:0x37b12a9c x31=0x0000037b
        6335000	       632	80000c08	0012d293	srli	x5,x5,0x1	  x5:0xc84ed4ec  x5=0x64276a76
        6345000	       633	80000c0c	0319c463	blt	x19,x17,80000c34	 x19:0x00000001 x17:0x00000000
        6355000	       634	80000c10	006ef433	and	x8,x29,x6	 x29:0x0000001e  x6:0x80009f84  x8=0x00000004
        6365000	       635	80000c14	a35dc513	xori	x10,x27,-1483	 x27:0x7fff7579 x10=0x80008f4c
        6375000	       636	80000c18	01693cb3	sltu	x25,x18,x22	 x18:0x00000079 x22:0xffc0004f x25=0x00000001
        6385000	       637	80000c1c	41a10fb3	sub	x31,x2,x26	  x2:0x00000000 x26:0x80009fc4 x31=0x7fff603c
        6395000	       638	80000c20	02778d93	addi	x27,x15,39	 x15:0x5596fe13 x27=0x5596fe3a
        6405000	       639	80000c24	6be72513	slti	x10,x14,1726	 x14:0x05cec840 x10=0x00000000
        6415000	       640	80000c28	d816a0b7	lui	x1,0xd816a	  x1=0xd816a000
        6425000	       641	80000c2c	007fec33	or	x24,x31,x7	 x31:0x7fff603c  x7:0x80009fc4 x24=0xfffffffc
        6435000	       642	80000c30	2c1dce13	xori	x28,x27,705	 x27:0x5596fe3a x28=0x5596fcfb
        6445000	       643	80000c34	3262e913	ori	x18,x5,806	  x5:0x64276a76 x18=0x64276b76
        6455000	       644	80000c38	4010dbb3	sra	x23,x1,x1	  x1:0xd816a000  x1:0xd816a000 x23=0xd816a000
        6465000	       645	80000c3c	e2d32393	slti	x7,x6,-467	  x6:0x80009f84  x7=0x00000001
        6475000	       646	80000c40	e87abb93	sltiu	x23,x21,-377	 x21:0xfffffffd x23=0x00000000
        6485000	       647	80000c44	410ed9b3	sra	x19,x29,x16	 x29:0x0000001e x16:0x00000000 x19=0x0000001e
        6495000	       648	80000c48	00925a93	srli	x21,x4,0x9	  x4:0x55a9ac79 x21=0x002ad4d6
        6505000	       649	80000c4c	049a7a63	bgeu	x20,x9,80000ca0	 x20:0x00004000  x9:0x000003db
        6515000	       650	00000000	00000013	addi	x0,x0,0	  x0:0x00000000
        6525000	       651	80000c9c	00000013	addi	x0,x0,0	  x0:0x00000000
        6535000	       652	80000ca0	05c21063	bne	x4,x28,80000ce0	  x4:0x55a9ac79 x28:0x5596fcfb
        6545000	       653	00000000	00000013	addi	x0,x0,0	  x0:0x00000000
        6555000	       654	80000cdc	00000013	addi	x0,x0,0	  x0:0x00000000
        6565000	       655	80000ce0	37b1ff37	lui	x30,0x37b1f	 x30=0x37b1f000
        6575000	       656	80000ce4	00df1db3	sll	x27,x30,x13	 x30:0x37b1f000 x13:0x00000000 x27=0x37b1f000
        6585000	       657	80000ce8	417f88b3	sub	x17,x31,x23	 x31:0x7fff603c x23:0x00000000 x17=0x7fff603c
        6595000	       658	80000cec	00cf5263	bge	x30,x12,80000cf0	 x30:0x37b1f000 x12:0xfffffffe
        6605000	       659	00000000	00000013	addi	x0,x0,0	  x0:0x00000000
        6615000	       660	80000cec	00000013	addi	x0,x0,0	  x0:0x00000000
        6625000	       661	80000cf0	05ebf463	bgeu	x23,x30,80000d38	 x23:0x00000000 x30:0x37b1f000
        6635000	       662	80000cf4	031e7063	bgeu	x28,x17,80000d14	 x28:0x5596fcfb x17:0x7fff603c
        6645000	       663	80000cf8	471fc197	auipc	x3,0x471fc	  x3=0xc71fccf4
        6655000	       664	80000cfc	01219c63	bne	x3,x18,80000d14	  x3:0xc71fccf4 x18:0x64276b76
        6665000	       665	00000000	00000013	addi	x0,x0,0	  x0:0x00000000
        6675000	       666	80000d10	00000013	addi	x0,x0,0	  x0:0x00000000
        6685000	       667	80000d14	00000013	addi	x0,x0,0	  x0:0x00000000
        6695000	       668	80000d18	dc63b593	sltiu	x11,x7,-570	  x7:0x00000001 x11=0x00000001
        6705000	       669	80000d1c	03794a63	blt	x18,x23,80000d50	 x18:0x64276b76 x23:0x00000000
        6715000	       670	80000d20	16a59a97	auipc	x21,0x16a59	 x21=0x96a59d1c
        6725000	       671	80000d24	00178263	beq	x15,x1,80000d28	 x15:0x5596fe13  x1:0xd816a000
        6735000	       672	80000d28	f8e2b093	sltiu	x1,x5,-114	  x5:0x64276a76  x1=0x00000001
        6745000	       673	80000d2c	41ea5a93	srai	x21,x20,0x1e	 x20:0x00004000 x21=0x00000000
        6755000	       674	80000d30	6a3cc493	xori	x9,x25,1699	 x25:0x00000001  x9=0x000006a2
        6765000	       675	80000d34	01bb7663	bgeu	x22,x27,80000d40	 x22:0xffc0004f x27:0x37b1f000
        6775000	       676	00000000	00000013	addi	x0,x0,0	  x0:0x00000000
        6785000	       677	80000d3c	00000013	addi	x0,x0,0	  x0:0x00000000
        6795000	       678	80000d40	40a1da93	srai	x21,x3,0xa	  x3:0xc71fccf4 x21=0xfff1c7f3
        6805000	       679	80000d44	00000013	addi	x0,x0,0	  x0:0x00000000
        6815000	       680	80000d48	00805613	srli	x12,x0,0x8	  x0:0x00000000 x12=0x00000000
        6825000	       681	80000d4c	019f9493	slli	x9,x31,0x19	 x31:0x7fff603c  x9=0x78000000
        6835000	       682	80000d50	01de84b3	add	x9,x29,x29	 x29:0x0000001e x29:0x0000001e  x9=0x0000003c
        6845000	       683	80000d54	0820fe93	andi	x29,x1,130	  x1:0x00000001 x29=0x00000000
        6855000	       684	80000d58	00a42eb3	slt	x29,x8,x10	  x8:0x00000004 x10:0x00000000 x29=0x00000000
        6865000	       685	80000d5c	04bbe063	bltu	x23,x11,80000d9c	 x23:0x00000000 x11:0x00000001
        6875000	       686	00000000	00000013	addi	x0,x0,0	  x0:0x00000000
        6885000	       687	80000d98	00000013	addi	x0,x0,0	  x0:0x00000000
        6895000	       688	80000d9c	038f8c63	beq	x31,x24,80000dd4	 x31:0x7fff603c x24:0xfffffffc
        6905000	       689	80000da0	400e50b3	sra	x1,x28,x0	 x28:0x5596fcfb  x0:0x00000000  x1=0x5596fcfb
        6915000	       690	80000da4	0011cc63	blt	x3,x1,80000dbc	  x3:0xc71fccf4  x1:0x5596fcfb
        6925000	       691	00000000	00000013	addi	x0,x0,0	  x0:0x00000000
        6935000	       692	80000db8	00000013	addi	x0,x0,0	  x0:0x00000000
        6945000	       693	80000dbc	4e6fb017	auipc	x0,0x4e6fb	
        6955000	       694	80000dc0	d7ea7597	auipc	x11,0xd7ea7	 x11=0x57ea7dbc
        6965000	       695	80000dc4	f744fb13	andi	x22,x9,-140	  x9:0x0000003c x22=0x00000034
        6975000	       696	80000dc8	04104063	blt	x0,x1,80000e08	  x0:0x00000000  x1:0x5596fcfb
        6985000	       697	00000000	00000013	addi	x0,x0,0	  x0:0x00000000
        6995000	       698	80000e04	00000013	addi	x0,x0,0	  x0:0x00000000
        7005000	       699	80000e08	016f77b3	and	x15,x30,x22	 x30:0x37b1f000 x22:0x00000034 x15=0x00000000
        7015000	       700	80000e0c	beed79b7	lui	x19,0xbeed7	 x19=0xbeed7000
        7025000	       701	80000e10	04a00663	beq	x0,x10,80000e5c	  x0:0x00000000 x10:0x00000000
        7035000	       702	00000000	00000013	addi	x0,x0,0	  x0:0x00000000
        7045000	       703	80000e58	00000013	addi	x0,x0,0	  x0:0x00000000
        7055000	       704	80000e5c	4a8de113	ori	x2,x27,1192	 x27:0x37b1f000  x2=0x37b1f4a8
        7065000	       705	80000e60	c7f80d93	addi	x27,x16,-897	 x16:0x00000000 x27=0xfffffc7f
        7075000	       706	80000e64	004ab933	sltu	x18,x21,x4	 x21:0xfff1c7f3  x4:0x55a9ac79 x18=0x00000000
        7085000	       707	80000e68	01bc7cb3	and	x25,x24,x27	 x24:0xfffffffc x27:0xfffffc7f x25=0xfffffc7c
        7095000	       708	80000e6c	0198c433	xor	x8,x17,x25	 x17:0x7fff603c x25:0xfffffc7c  x8=0x80009c40
        7105000	       709	80000e70	0ac6ec97	auipc	x25,0xac6e	 x25=0x8ac6ee6c
        7115000	       710	80000e74	03b49863	bne	x9,x27,80000ea4	  x9:0x0000003c x27:0xfffffc7f
        7125000	       711	00000000	00000013	addi	x0,x0,0	  x0:0x00000000
        7135000	       712	80000ea0	00000013	addi	x0,x0,0	  x0:0x00000000
        7145000	       713	80000ea4	6b6a2613	slti	x12,x20,1718	 x20:0x00004000 x12=0x00000000
        7155000	       714	80000ea8	00256ab3	or	x21,x10,x2	 x10:0x00000000  x2:0x37b1f4a8 x21=0x37b1f4a8
        7165000	       715	80000eac	00cdbdb3	sltu	x27,x27,x12	 x27:0xfffffc7f x12:0x00000000 x27=0x00000000
        7175000	       716	80000eb0	411bdab3	sra	x21,x23,x17	 x23:0x00000000 x17:0x7fff603c x21=0x00000000
        7185000	       717	80000eb4	007c06b3	add	x13,x24,x7	 x24:0xfffffffc  x7:0x00000001 x13=0xfffffffd
        7195000	       718	80000eb8	61e48f13	addi	x30,x9,1566	  x9:0x0000003c x30=0x0000065a
        7205000	       719	80000ebc	268c2493	slti	x9,x24,616	 x24:0xfffffffc  x9=0x00000001
        7215000	       720	80000ec0	40cf0033	sub	x0,x30,x12	 x30:0x0000065a x12:0x00000000
        7225000	       721	80000ec4	243c3c93	sltiu	x25,x24,579	 x24:0xfffffffc x25=0x00000000
        7235000	       722	80000ec8	410b5033	sra	x0,x22,x16	 x22:0x00000034 x16:0x00000000
        7245000	       723	80000ecc	adfec6b7	lui	x13,0xadfec	 x13=0xadfec000
        7255000	       724	80000ed0	a6b82d97	auipc	x27,0xa6b82	 x27=0x26b82ecc
        7265000	       725	80000ed4	40c35a33	sra	x20,x6,x12	  x6:0x80009f84 x12:0x00000000 x20=0x80009f84
        7275000	       726	80000ed8	73158b37	lui	x22,0x73158	 x22=0x73158000
        7285000	       727	80000edc	41e6ddb3	sra	x27,x13,x30	 x13:0xadfec000 x30:0x0000065a x27=0xffffffeb
        7295000	       728	80000ee0	40afdf93	srai	x31,x31,0xa	 x31:0x7fff603c x31=0x001fffd8
        7305000	       729	80000ee4	413d5693	srai	x13,x26,0x13	 x26:0x80009fc4 x13=0xfffff000
        7315000	       730	80000ee8	0055ca63	blt	x11,x5,80000efc	 x11:0x57ea7dbc  x5:0x64276a76
        7325000	       731	00000000	00000013	addi	x0,x0,0	  x0:0x00000000
        7335000	       732	80000ef8	00000013	addi	x0,x0,0	  x0:0x00000000
        7345000	       733	80000efc	00854933	xor	x18,x10,x8	 x10:0x00000000  x8:0x80009c40 x18=0x80009c40
        7355000	       734	80000f00	00540c63	beq	x8,x5,80000f18	  x8:0x80009c40  x5:0x64276a76
        7365000	       735	80000f04	001ce263	bltu	x25,x1,80000f08	 x25:0x00000000  x1:0x5596fcfb
        7375000	       736	00000000	00000013	addi	x0,x0,0	  x0:0x00000000
        7385000	       737	80000f04	00000013	addi	x0,x0,0	  x0:0x00000000
        7395000	       738	80000f08	00c2d9b3	srl	x19,x5,x12	  x5:0x64276a76 x12:0x00000000 x19=0x64276a76
        7405000	       739	80000f0c	40d407b3	sub	x15,x8,x13	  x8:0x80009c40 x13:0xfffff000 x15=0x8000ac40
        7415000	       740	80000f10	00eed8b3	srl	x17,x29,x14	 x29:0x00000000 x14:0x05cec840 x17=0x00000000
        7425000	       741	80000f14	4017d7b3	sra	x15,x15,x1	 x15:0x8000ac40  x1:0x5596fcfb x15=0xfffffff0
        7435000	       742	80000f18	00000013	addi	x0,x0,0	  x0:0x00000000
        7445000	       743	80000f1c	00e41713	slli	x14,x8,0xe	  x8:0x80009c40 x14=0x27100000
        7455000	       744	80000f20	41ed0633	sub	x12,x26,x30	 x26:0x80009fc4 x30:0x0000065a x12=0x8000996a
        7465000	       745	80000f24	01b20463	beq	x4,x27,80000f2c	  x4:0x55a9ac79 x27:0xffffffeb
        7475000	       746	80000f28	0097c263	blt	x15,x9,80000f2c	 x15:0xfffffff0  x9:0x00000001
        7485000	       747	00000000	00000013	addi	x0,x0,0	  x0:0x00000000
        7495000	       748	80000f28	00000013	addi	x0,x0,0	  x0:0x00000000
        7505000	       749	80000f2c	4146d2b3	sra	x5,x13,x20	 x13:0xfffff000 x20:0x80009f84  x5=0xffffff00
        7515000	       750	80000f30	00000217	auipc	x4,0x0	  x4=0x80000f2c
        7525000	       751	80000f34	00c20213	addi	x4,x4,12	  x4:0x80000f2c  x4=0x80000f38
        7535000	       752	80000f38	00020067	jalr	x0,x4,0	  x4:0x80000f38
        7545000	       753	00000000	00000013	addi	x0,x0,0	  x0:0x00000000
        7555000	       754	80000f38	00000013	addi	x0,x0,0	  x0:0x00000000
        7565000	       755	80000f3c	00100193	addi	x3,x0,1	  x0:0x00000000  x3=0x00000001
        7575000	       756	80000f40	00000073	ecall	
        7585000	       757	80000f44	41f88a33	sub	x20,x17,x31	 x17:0x00000000 x31:0x001fffd8 x20=0xffe00028
