		Time			Cycle	PC		Insn	Decoded instruction	Register and memory contents
          65000	         5	80000004	00000293	addi	x5,x0,0	  x0:0x00000000  x5=0x00000000
          75000	         6	80000008	00000313	addi	x6,x0,0	  x0:0x00000000  x6=0x00000000
          85000	         7	8000000c	00628263	beq	x5,x6,80000010	  x5:0x00000000  x6:0x00000000
          95000	         8	00000000	00000013	addi	x0,x0,0	  x0:0x00000000
         105000	         9	8000000c	00000013	addi	x0,x0,0	  x0:0x00000000
         115000	        10	80000010	00000c97	auipc	x25,0x0	 x25=0x8000000c
         125000	        11	80000014	00cc8c93	addi	x25,x25,12	 x25:0x8000000c x25=0x80000018
         135000	        12	80000018	000c8067	jalr	x0,x25,0	 x25:0x80000018
         145000	        13	00000000	00000013	addi	x0,x0,0	  x0:0x00000000
         155000	        14	80000018	00000013	addi	x0,x0,0	  x0:0x00000000
         165000	        15	8000001c	400008b7	lui	x17,0x40000	 x17=0x40000000
         175000	        16	80000020	10088893	addi	x17,x17,256	 x17:0x40000000 x17=0x40000100
         185000	        17	80000024	00000013	addi	x0,x0,0	  x0:0x00000000
         195000	        18	80000028	0000a397	auipc	x7,0xa	  x7=0x8000a024
         205000	        19	8000002c	fa038393	addi	x7,x7,-96	  x7:0x8000a024  x7=0x80009fc4
         215000	        20	80000030	00003897	auipc	x17,0x3	 x17=0x8000302c
         225000	        21	80000034	88488893	addi	x17,x17,-1916	 x17:0x8000302c x17=0x800028b0
         235000	        22	80000038	0018e893	ori	x17,x17,1	 x17:0x800028b0 x17=0x800028b1
         245000	        23	8000003c	00000013	addi	x0,x0,0	  x0:0x00000000
         255000	        24	80000040	00000897	auipc	x17,0x0	 x17=0x8000003c
         265000	        25	80000044	02088893	addi	x17,x17,32	 x17:0x8000003c x17=0x8000005c
         275000	        26	80000048	00000013	addi	x0,x0,0	  x0:0x00000000
         285000	        27	8000004c	00000013	addi	x0,x0,0	  x0:0x00000000
         295000	        28	80000050	000028b7	lui	x17,0x2	 x17=0x00002000
         305000	        29	80000054	80088893	addi	x17,x17,-2048	 x17:0x00002000 x17=0x00001800
         315000	        30	80000058	00000013	addi	x0,x0,0	  x0:0x00000000
         325000	        31	8000005c	00000013	addi	x0,x0,0	  x0:0x00000000
         335000	        32	80000060	f14ef037	lui	x0,0xf14ef	
         345000	        33	80000064	4d400013	addi	x0,x0,1236	  x0:0x00000000
         355000	        34	80000068	00e00093	addi	x1,x0,14	  x0:0x00000000  x1=0x0000000e
         365000	        35	8000006c	00b00113	addi	x2,x0,11	  x0:0x00000000  x2=0x0000000b
         375000	        36	80000070	00d00193	addi	x3,x0,13	  x0:0x00000000  x3=0x0000000d
         385000	        37	80000074	80000237	lui	x4,0x80000	  x4=0x80000000
         395000	        38	80000078	800002b7	lui	x5,0x80000	  x5=0x80000000
         405000	        39	8000007c	80000337	lui	x6,0x80000	  x6=0x80000000
         415000	        40	80000080	00900413	addi	x8,x0,9	  x0:0x00000000  x8=0x00000009
         425000	        41	80000084	00d00493	addi	x9,x0,13	  x0:0x00000000  x9=0x0000000d
         435000	        42	80000088	00e00513	addi	x10,x0,14	  x0:0x00000000 x10=0x0000000e
         445000	        43	8000008c	00000593	addi	x11,x0,0	  x0:0x00000000 x11=0x00000000
         455000	        44	80000090	800006b7	lui	x13,0x80000	 x13=0x80000000
         465000	        45	80000094	afd73737	lui	x14,0xafd73	 x14=0xafd73000
         475000	        46	80000098	8a270713	addi	x14,x14,-1886	 x14:0xafd73000 x14=0xafd728a2
         485000	        47	8000009c	00e00793	addi	x15,x0,14	  x0:0x00000000 x15=0x0000000e
         495000	        48	800000a0	80000837	lui	x16,0x80000	 x16=0x80000000
         505000	        49	800000a4	00800893	addi	x17,x0,8	  x0:0x00000000 x17=0x00000008
         515000	        50	800000a8	00000913	addi	x18,x0,0	  x0:0x00000000 x18=0x00000000
         525000	        51	800000ac	827609b7	lui	x19,0x82760	 x19=0x82760000
         535000	        52	800000b0	38598993	addi	x19,x19,901	 x19:0x82760000 x19=0x82760385
         545000	        53	800000b4	00600a13	addi	x20,x0,6	  x0:0x00000000 x20=0x00000006
         555000	        54	800000b8	80000ab7	lui	x21,0x80000	 x21=0x80000000
         565000	        55	800000bc	fbf13b37	lui	x22,0xfbf13	 x22=0xfbf13000
         575000	        56	800000c0	d27b0b13	addi	x22,x22,-729	 x22:0xfbf13000 x22=0xfbf12d27
         585000	        57	800000c4	28a1ebb7	lui	x23,0x28a1e	 x23=0x28a1e000
         595000	        58	800000c8	67cb8b93	addi	x23,x23,1660	 x23:0x28a1e000 x23=0x28a1e67c
         605000	        59	800000cc	f9f96c37	lui	x24,0xf9f96	 x24=0xf9f96000
         615000	        60	800000d0	261c0c13	addi	x24,x24,609	 x24:0xf9f96000 x24=0xf9f96261
         625000	        61	800000d4	00500c93	addi	x25,x0,5	  x0:0x00000000 x25=0x00000005
         635000	        62	800000d8	80000d37	lui	x26,0x80000	 x26=0x80000000
         645000	        63	800000dc	4b993db7	lui	x27,0x4b993	 x27=0x4b993000
         655000	        64	800000e0	300d8d93	addi	x27,x27,768	 x27:0x4b993000 x27=0x4b993300
         665000	        65	800000e4	d2ed2e37	lui	x28,0xd2ed2	 x28=0xd2ed2000
         675000	        66	800000e8	62ce0e13	addi	x28,x28,1580	 x28:0xd2ed2000 x28=0xd2ed262c
         685000	        67	800000ec	00000e93	addi	x29,x0,0	  x0:0x00000000 x29=0x00000000
         695000	        68	800000f0	45dddf37	lui	x30,0x45ddd	 x30=0x45ddd000
         705000	        69	800000f4	ccef0f13	addi	x30,x30,-818	 x30:0x45ddd000 x30=0x45ddccce
         715000	        70	800000f8	80000fb7	lui	x31,0x80000	 x31=0x80000000
         725000	        71	800000fc	0000a617	auipc	x12,0xa	 x12=0x8000a0f8
         735000	        72	80000100	e8c60613	addi	x12,x12,-372	 x12:0x8000a0f8 x12=0x80009f84
         745000	        73	80000104	00008817	auipc	x16,0x8	 x16=0x80008100
         755000	        74	80000108	45880813	addi	x16,x16,1112	 x16:0x80008100 x16=0x80008558
         765000	        75	8000010c	17d80d23	sb	x29,378(x16)	 x16:0x80008558 x29:0x00000000 PA:0x800086d2
         775000	        76	80000110	0051e233	or	x4,x3,x5	  x3:0x0000000d  x5:0x80000000  x4=0x8000000d
         785000	        77	80000114	a713c793	xori	x15,x7,-1423	  x7:0x80009fc4 x15=0x7fff65b5
         795000	        78	80000118	17e80d23	sb	x30,378(x16)	 x16:0x80008558 x30:0x45ddccce PA:0x800086d2
         805000	        79	8000011c	17a80503	lb	x10,378(x16)	 x16:0x80008558 x10=0xffffffce PA:0x800086d2
         815000	        80	80000120	16281d23	sh	x2,378(x16)	 x16:0x80008558  x2:0x0000000b PA:0x800086d2
         825000	        81	80000124	17a80c03	lb	x24,378(x16)	 x16:0x80008558 x24=0x0000000b PA:0x800086d2
         835000	        82	80000128	17a85703	lhu	x14,378(x16)	 x16:0x80008558 x14=0x0000000b PA:0x800086d2
         845000	        83	8000012c	17a81103	lh	x2,378(x16)	 x16:0x80008558  x2=0x0000000b PA:0x800086d2
         855000	        84	80000130	001fcfb3	xor	x31,x31,x1	 x31:0x80000000  x1:0x0000000e x31=0x8000000e
         865000	        85	80000134	006572b3	and	x5,x10,x6	 x10:0xffffffce  x6:0x80000000  x5=0x80000000
         875000	        86	80000138	410b8533	sub	x10,x23,x16	 x23:0x28a1e67c x16:0x80008558 x10=0xa8a16124
         885000	        87	8000013c	17a84e03	lbu	x28,378(x16)	 x16:0x80008558 x28=0x0000000b PA:0x800086d2
         895000	        88	80000140	17a81a03	lh	x20,378(x16)	 x16:0x80008558 x20=0x0000000b PA:0x800086d2
         905000	        89	80000144	17a81183	lh	x3,378(x16)	 x16:0x80008558  x3=0x0000000b PA:0x800086d2
         915000	        90	80000148	fd680523	sb	x22,-54(x16)	 x16:0x80008558 x22:0xfbf12d27 PA:0x80008522
         925000	        91	8000014c	fca80503	lb	x10,-54(x16)	 x16:0x80008558 x10=0x00000027 PA:0x80008522
         935000	        92	80000150	003ea0b3	slt	x1,x29,x3	 x29:0x00000000  x3:0x0000000b  x1=0x00000001
         945000	        93	80000154	ee184283	lbu	x5,-287(x16)	 x16:0x80008558  x5=0x000000f9 PA:0x80008439
         955000	        94	80000158	ef0800a3	sb	x16,-287(x16)	 x16:0x80008558 x16:0x80008558 PA:0x80008439
         965000	        95	8000015c	ee184583	lbu	x11,-287(x16)	 x16:0x80008558 x11=0x00000058 PA:0x80008439
         975000	        96	80000160	ee180b83	lb	x23,-287(x16)	 x16:0x80008558 x23=0x00000058 PA:0x80008439
         985000	        97	80000164	ee180883	lb	x17,-287(x16)	 x16:0x80008558 x17=0x00000058 PA:0x80008439
         995000	        98	80000168	00008117	auipc	x2,0x8	  x2=0x80008164
        1005000	        99	8000016c	54b10113	addi	x2,x2,1355	  x2:0x80008164  x2=0x800086af
        1015000	       100	80000170	0172e1b3	or	x3,x5,x23	  x5:0x000000f9 x23:0x00000058  x3=0x000000f9
        1025000	       101	80000174	01c4edb3	or	x27,x9,x28	  x9:0x0000000d x28:0x0000000b x27=0x0000000f
        1035000	       102	80000178	015d7433	and	x8,x26,x21	 x26:0x80000000 x21:0x80000000  x8=0x80000000
        1045000	       103	8000017c	00181a33	sll	x20,x16,x1	 x16:0x80008558  x1:0x00000001 x20=0x00010ab0
        1055000	       104	80000180	41b0dc13	srai	x24,x1,0x1b	  x1:0x00000001 x24=0x00000000
        1065000	       105	80000184	7c2d0e93	addi	x29,x26,1986	 x26:0x80000000 x29=0x800007c2
        1075000	       106	80000188	03c10a23	sb	x28,52(x2)	  x2:0x800086af x28:0x0000000b PA:0x800086e3
        1085000	       107	8000018c	ccac8593	addi	x11,x25,-822	 x25:0x00000005 x11=0xfffffccf
        1095000	       108	80000190	00e52e33	slt	x28,x10,x14	 x10:0x00000027 x14:0x0000000b x28=0x00000000
        1105000	       109	80000194	0aa10783	lb	x15,170(x2)	  x2:0x800086af x15=0xffffffea PA:0x80008759
        1115000	       110	80000198	012a4733	xor	x14,x20,x18	 x20:0x00010ab0 x18:0x00000000 x14=0x00010ab0
        1125000	       111	8000019c	014594b3	sll	x9,x11,x20	 x11:0xfffffccf x20:0x00010ab0  x9=0xfccf0000
        1135000	       112	800001a0	00cb7c33	and	x24,x22,x12	 x22:0xfbf12d27 x12:0x80009f84 x24=0x80000d04
        1145000	       113	800001a4	0c314303	lbu	x6,195(x2)	  x2:0x800086af  x6=0x0000006c PA:0x80008772
        1155000	       114	800001a8	fb112b83	lw	x23,-79(x2)	  x2:0x800086af x23=0x8e23d22c PA:0x80008660
        1165000	       115	800001ac	f0610a23	sb	x6,-236(x2)	  x2:0x800086af  x6:0x0000006c PA:0x800085c3
        1175000	       116	800001b0	0db108a3	sb	x27,209(x2)	  x2:0x800086af x27:0x0000000f PA:0x80008780
        1185000	       117	800001b4	fbf11da3	sh	x31,-69(x2)	  x2:0x800086af x31:0x8000000e PA:0x8000866a
        1195000	       118	800001b8	001d6333	or	x6,x26,x1	 x26:0x80000000  x1:0x00000001  x6=0x80000001
        1205000	       119	800001bc	00f616b3	sll	x13,x12,x15	 x12:0x80009f84 x15:0xffffffea x13=0x027e1000
        1215000	       120	800001c0	f0914803	lbu	x16,-247(x2)	  x2:0x800086af x16=0x00000082 PA:0x800085b8
        1225000	       121	800001c4	01c5ca33	xor	x20,x11,x28	 x11:0xfffffccf x28:0x00000000 x20=0xfffffccf
        1235000	       122	800001c8	34874037	lui	x0,0x34874	
        1245000	       123	800001cc	00000013	addi	x0,x0,0	  x0:0x00000000
        1255000	       124	800001d0	0136b033	sltu	x0,x13,x19	 x13:0x027e1000 x19:0x82760385
        1265000	       125	800001d4	f8ede993	ori	x19,x27,-114	 x27:0x0000000f x19=0xffffff8f
        1275000	       126	800001d8	0e714683	lbu	x13,231(x2)	  x2:0x800086af x13=0x0000001a PA:0x80008796
        1285000	       127	800001dc	0170eeb3	or	x29,x1,x23	  x1:0x00000001 x23:0x8e23d22c x29=0x8e23d22d
        1295000	       128	800001e0	cbe6d697	auipc	x13,0xcbe6d	 x13=0x4be6d1dc
        1305000	       129	800001e4	004892b3	sll	x5,x17,x4	 x17:0x00000058  x4:0x8000000d  x5=0x000b0000
        1315000	       130	800001e8	014ed413	srli	x8,x29,0x14	 x29:0x8e23d22d  x8=0x000008e2
        1325000	       131	800001ec	5668b817	auipc	x16,0x5668b	 x16=0xd668b1e8
        1335000	       132	800001f0	027d7d13	andi	x26,x26,39	 x26:0x80000000 x26=0x00000000
        1345000	       133	800001f4	0084f733	and	x14,x9,x8	  x9:0xfccf0000  x8:0x000008e2 x14=0x00000000
        1355000	       134	800001f8	01d960b3	or	x1,x18,x29	 x18:0x00000000 x29:0x8e23d22d  x1=0x8e23d22d
        1365000	       135	800001fc	f8111703	lh	x14,-127(x2)	  x2:0x800086af x14=0xfffff4bc PA:0x80008630
        1375000	       136	80000200	00009197	auipc	x3,0x9	  x3=0x800091fc
        1385000	       137	80000204	bad18193	addi	x3,x3,-1107	  x3:0x800091fc  x3=0x80008da9
        1395000	       138	80000208	00009a17	auipc	x20,0x9	 x20=0x80009204
        1405000	       139	8000020c	a26a0a13	addi	x20,x20,-1498	 x20:0x80009204 x20=0x80008c2a
        1415000	       140	80000210	fe8a0c03	lb	x24,-24(x20)	 x20:0x80008c2a x24=0x00000030 PA:0x80008c12
        1425000	       141	80000214	036a5003	lhu	x0,54(x20)	 x20:0x80008c2a PA:0x80008c60
        1435000	       142	80000218	00ea2483	lw	x9,14(x20)	 x20:0x80008c2a  x9=0xece945d5 PA:0x80008c38
        1445000	       143	8000021c	f631db83	lhu	x23,-157(x3)	  x3:0x80008da9 x23=0x0000fbfb PA:0x80008d0c
        1455000	       144	80000220	08f18923	sb	x15,146(x3)	  x3:0x80008da9 x15:0xffffffea PA:0x80008e3b
        1465000	       145	80000224	0261c783	lbu	x15,38(x3)	  x3:0x80008da9 x15=0x00000048 PA:0x80008dcf
        1475000	       146	80000228	0f61cb03	lbu	x22,246(x3)	  x3:0x80008da9 x22=0x000000a8 PA:0x80008e9f
        1485000	       147	8000022c	f2718403	lb	x8,-217(x3)	  x3:0x80008da9  x8=0x0000002b PA:0x80008cd0
        1495000	       148	80000230	fe7a4983	lbu	x19,-25(x20)	 x20:0x80008c2a x19=0x000000cf PA:0x80008c11
        1505000	       149	80000234	0cc1c103	lbu	x2,204(x3)	  x3:0x80008da9  x2=0x00000048 PA:0x80008e75
        1515000	       150	80000238	06e1c303	lbu	x6,110(x3)	  x3:0x80008da9  x6=0x00000011 PA:0x80008e17
        1525000	       151	8000023c	f2318523	sb	x3,-214(x3)	  x3:0x80008da9  x3:0x80008da9 PA:0x80008cd3
        1535000	       152	80000240	fe2a0003	lb	x0,-30(x20)	 x20:0x80008c2a PA:0x80008c0c
        1545000	       153	80000244	0d3182a3	sb	x19,197(x3)	  x3:0x80008da9 x19:0x000000cf PA:0x80008e6e
        1555000	       154	80000248	ff9a01a3	sb	x25,-29(x20)	 x20:0x80008c2a x25:0x00000005 PA:0x80008c0d
        1565000	       155	8000024c	00008f97	auipc	x31,0x8	 x31=0x80008248
        1575000	       156	80000250	189f8f93	addi	x31,x31,393	 x31:0x80008248 x31=0x800083d1
        1585000	       157	80000254	41045c13	srai	x24,x8,0x10	  x8:0x0000002b x24=0x00000000
        1595000	       158	80000258	023f8a23	sb	x3,52(x31)	 x31:0x800083d1  x3:0x80008da9 PA:0x80008405
        1605000	       159	8000025c	4159fc13	andi	x24,x19,1045	 x19:0x000000cf x24=0x00000005
        1615000	       160	80000260	033f8583	lb	x11,51(x31)	 x31:0x800083d1 x11=0xffffffe1 PA:0x80008404
        1625000	       161	80000264	fdbf9303	lh	x6,-37(x31)	 x31:0x800083d1  x6=0xfffffa02 PA:0x800083ac
        1635000	       162	80000268	01a58c33	add	x24,x11,x26	 x11:0xffffffe1 x26:0x00000000 x24=0xffffffe1
        1645000	       163	8000026c	0cafcb03	lbu	x22,202(x31)	 x31:0x800083d1 x22=0x00000040 PA:0x8000849b
        1655000	       164	80000270	00abc733	xor	x14,x23,x10	 x23:0x0000fbfb x10:0x00000027 x14=0x0000fbdc
        1665000	       165	80000274	0e0f8223	sb	x0,228(x31)	 x31:0x800083d1  x0:0x00000000 PA:0x800084b5
        1675000	       166	80000278	00b8d2b3	srl	x5,x17,x11	 x17:0x00000058 x11:0xffffffe1  x5=0x0000002c
        1685000	       167	8000027c	0040eeb3	or	x29,x1,x4	  x1:0x8e23d22d  x4:0x8000000d x29=0x8e23d22d
        1695000	       168	80000280	40a084b3	sub	x9,x1,x10	  x1:0x8e23d22d x10:0x00000027  x9=0x8e23d206
        1705000	       169	80000284	ff5fd983	lhu	x19,-11(x31)	 x31:0x800083d1 x19=0x0000f9bf PA:0x800083c6
        1715000	       170	80000288	f40f8683	lb	x13,-192(x31)	 x31:0x800083d1 x13=0x00000011 PA:0x80008311
        1725000	       171	8000028c	f5ffcf03	lbu	x30,-161(x31)	 x31:0x800083d1 x30=0x000000fb PA:0x80008330
        1735000	       172	00000000	00000013	addi	x0,x0,0	  x0:0x00000000
        1745000	       173	80000290	e63f2437	lui	x8,0xe63f2	  x8=0xe63f2000
        1755000	       174	80000294	0a9f8b03	lb	x22,169(x31)	 x31:0x800083d1 x22=0xffffffdb PA:0x8000847a
        1765000	       175	80000298	f4df9283	lh	x5,-179(x31)	 x31:0x800083d1  x5=0x00005e80 PA:0x8000831e
        1775000	       176	8000029c	02dfdd03	lhu	x26,45(x31)	 x31:0x800083d1 x26=0x0000edb3 PA:0x800083fe
        1785000	       177	800002a0	f1cfc703	lbu	x14,-228(x31)	 x31:0x800083d1 x14=0x0000000d PA:0x800082ed
        1795000	       178	800002a4	0d5f8703	lb	x14,213(x31)	 x31:0x800083d1 x14=0x00000046 PA:0x800084a6
        1805000	       179	800002a8	fd2f8423	sb	x18,-56(x31)	 x31:0x800083d1 x18:0x00000000 PA:0x80008399
        1815000	       180	800002ac	00c641b3	xor	x3,x12,x12	 x12:0x80009f84 x12:0x80009f84  x3=0x00000000
        1825000	       181	800002b0	081f8983	lb	x19,129(x31)	 x31:0x800083d1 x19=0xffffff8b PA:0x80008452
        1835000	       182	800002b4	2f543b97	auipc	x23,0x2f543	 x23=0xaf5432b0
        1845000	       183	800002b8	f3cf8703	lb	x14,-196(x31)	 x31:0x800083d1 x14=0x00000005 PA:0x8000830d
        1855000	       184	800002bc	0b2f8e83	lb	x29,178(x31)	 x31:0x800083d1 x29=0xffffffcf PA:0x80008483
        1865000	       185	800002c0	0fcf8d03	lb	x26,252(x31)	 x31:0x800083d1 x26=0x0000006e PA:0x800084cd
        1875000	       186	800002c4	f0c67e37	lui	x28,0xf0c67	 x28=0xf0c67000
        1885000	       187	800002c8	f39fd883	lhu	x17,-199(x31)	 x31:0x800083d1 x17=0x0000615c PA:0x8000830a
        1895000	       188	800002cc	0124bc33	sltu	x24,x9,x18	  x9:0x8e23d206 x18:0x00000000 x24=0x00000000
        1905000	       189	800002d0	00b15a93	srli	x21,x2,0xb	  x2:0x00000048 x21=0x00000000
        1915000	       190	800002d4	fd3f8a23	sb	x19,-44(x31)	 x31:0x800083d1 x19:0xffffff8b PA:0x800083a5
        1925000	       191	800002d8	00000013	addi	x0,x0,0	  x0:0x00000000
        1935000	       192	800002dc	ff5f9903	lh	x18,-11(x31)	 x31:0x800083d1 x18=0xfffff9bf PA:0x800083c6
        1945000	       193	800002e0	f96f8f03	lb	x30,-106(x31)	 x31:0x800083d1 x30=0xffffff8c PA:0x80008367
        1955000	       194	800002e4	015d79b3	and	x19,x26,x21	 x26:0x0000006e x21:0x00000000 x19=0x00000000
        1965000	       195	800002e8	01d875b3	and	x11,x16,x29	 x16:0xd668b1e8 x29:0xffffffcf x11=0xd668b1c8
        1975000	       196	800002ec	0dcf8e03	lb	x28,220(x31)	 x31:0x800083d1 x28=0x0000003f PA:0x800084ad
        1985000	       197	800002f0	e86128b7	lui	x17,0xe8612	 x17=0xe8612000
        1995000	       198	800002f4	f82fc583	lbu	x11,-126(x31)	 x31:0x800083d1 x11=0x000000b3 PA:0x80008353
        2005000	       199	800002f8	d603ad93	slti	x27,x7,-672	  x7:0x80009fc4 x27=0x00000001
        2015000	       200	800002fc	cc6c6593	ori	x11,x24,-826	 x24:0x00000000 x11=0xfffffcc6
        2025000	       201	80000300	40715533	sra	x10,x2,x7	  x2:0x00000048  x7:0x80009fc4 x10=0x00000004
        2035000	       202	80000304	462f6b93	ori	x23,x30,1122	 x30:0xffffff8c x23=0xffffffee
        2045000	       203	80000308	f0cf8b83	lb	x23,-244(x31)	 x31:0x800083d1 x23=0x00000020 PA:0x800082dd
        2055000	       204	8000030c	01971e33	sll	x28,x14,x25	 x14:0x00000005 x25:0x00000005 x28=0x000000a0
        2065000	       205	80000310	22a3c713	xori	x14,x7,554	  x7:0x80009fc4 x14=0x80009dee
        2075000	       206	80000314	f09fc583	lbu	x11,-247(x31)	 x31:0x800083d1 x11=0x0000001d PA:0x800082da
        2085000	       207	80000318	00008197	auipc	x3,0x8	  x3=0x80008314
        2095000	       208	8000031c	f6018193	addi	x3,x3,-160	  x3:0x80008314  x3=0x80008274
        2105000	       209	80000320	fe018b23	sb	x0,-10(x3)	  x3:0x80008274  x0:0x00000000 PA:0x8000826a
        2115000	       210	80000324	40d20e33	sub	x28,x4,x13	  x4:0x8000000d x13:0x00000011 x28=0x7ffffffc
        2125000	       211	80000328	67a4cf93	xori	x31,x9,1658	  x9:0x8e23d206 x31=0x8e23d47c
        2135000	       212	8000032c	00c18323	sb	x12,6(x3)	  x3:0x80008274 x12:0x80009f84 PA:0x8000827a
        2145000	       213	80000330	00318323	sb	x3,6(x3)	  x3:0x80008274  x3:0x80008274 PA:0x8000827a
        2155000	       214	80000334	00619323	sh	x6,6(x3)	  x3:0x80008274  x6:0xfffffa02 PA:0x8000827a
        2165000	       215	80000338	0061ca83	lbu	x21,6(x3)	  x3:0x80008274 x21=0x00000002 PA:0x8000827a
        2175000	       216	8000033c	00619e03	lh	x28,6(x3)	  x3:0x80008274 x28=0xfffffa02 PA:0x8000827a
        2185000	       217	80000340	006faab3	slt	x21,x31,x6	 x31:0x8e23d47c  x6:0xfffffa02 x21=0x00000001
        2195000	       218	80000344	0061dd03	lhu	x26,6(x3)	  x3:0x80008274 x26=0x0000fa02 PA:0x8000827a
        2205000	       219	80000348	161abb13	sltiu	x22,x21,353	 x21:0x00000001 x22=0x00000001
        2215000	       220	8000034c	00118323	sb	x1,6(x3)	  x3:0x80008274  x1:0x8e23d22d PA:0x8000827a
        2225000	       221	80000350	01f18323	sb	x31,6(x3)	  x3:0x80008274 x31:0x8e23d47c PA:0x8000827a
        2235000	       222	80000354	000180a3	sb	x0,1(x3)	  x3:0x80008274  x0:0x00000000 PA:0x80008275
        2245000	       223	80000358	0031c583	lbu	x11,3(x3)	  x3:0x80008274 x11=0x0000007f PA:0x80008277
        2255000	       224	8000035c	00318283	lb	x5,3(x3)	  x3:0x80008274  x5=0x0000007f PA:0x80008277
        2265000	       225	80000360	00318c03	lb	x24,3(x3)	  x3:0x80008274 x24=0x0000007f PA:0x80008277
        2275000	       226	80000364	008181a3	sb	x8,3(x3)	  x3:0x80008274  x8:0xe63f2000 PA:0x80008277
        2285000	       227	80000368	01e181a3	sb	x30,3(x3)	  x3:0x80008274 x30:0xffffff8c PA:0x80008277
        2295000	       228	8000036c	002181a3	sb	x2,3(x3)	  x3:0x80008274  x2:0x00000048 PA:0x80008277
        2305000	       229	80000370	0031c683	lbu	x13,3(x3)	  x3:0x80008274 x13=0x00000048 PA:0x80008277
        2315000	       230	80000374	01818ca3	sb	x24,25(x3)	  x3:0x80008274 x24:0x0000007f PA:0x8000828d
        2325000	       231	80000378	00009997	auipc	x19,0x9	 x19=0x80009374
        2335000	       232	8000037c	b5198993	addi	x19,x19,-1199	 x19:0x80009374 x19=0x80008ec5
        2345000	       233	80000380	00008717	auipc	x14,0x8	 x14=0x8000837c
        2355000	       234	80000384	4c370713	addi	x14,x14,1219	 x14:0x8000837c x14=0x8000883f
        2365000	       235	80000388	00009417	auipc	x8,0x9	  x8=0x80009384
        2375000	       236	8000038c	97840413	addi	x8,x8,-1672	  x8:0x80009384  x8=0x80008cfc
        2385000	       237	80000390	00009c17	auipc	x24,0x9	 x24=0x8000938c
        2395000	       238	80000394	b9ac0c13	addi	x24,x24,-1126	 x24:0x8000938c x24=0x80008f26
        2405000	       239	80000398	03a40ba3	sb	x26,55(x8)	  x8:0x80008cfc x26:0x0000fa02 PA:0x80008d33
        2415000	       240	8000039c	0049c903	lbu	x18,4(x19)	 x19:0x80008ec5 x18=0x0000004e PA:0x80008ec9
        2425000	       241	00000000	00000013	addi	x0,x0,0	  x0:0x00000000
        2435000	       242	800003a0	ff270183	lb	x3,-14(x14)	 x14:0x8000883f  x3=0xffffffcd PA:0x80008831
        2445000	       243	800003a4	fc241b23	sh	x2,-42(x8)	  x8:0x80008cfc  x2:0x00000048 PA:0x80008cd2
        2455000	       244	800003a8	ff79a483	lw	x9,-9(x19)	 x19:0x80008ec5  x9=0x4ee91a76 PA:0x80008ebc
        2465000	       245	800003ac	01440ea3	sb	x20,29(x8)	  x8:0x80008cfc x20:0x80008c2a PA:0x80008d19
        2475000	       246	800003b0	f8ec0e83	lb	x29,-114(x24)	 x24:0x80008f26 x29=0xffffffd5 PA:0x80008eb4
        2485000	       247	00000000	00000013	addi	x0,x0,0	  x0:0x00000000
        2495000	       248	800003b4	ffd98e23	sb	x29,-4(x19)	 x19:0x80008ec5 x29:0xffffffd5 PA:0x80008ec1
        2505000	       249	800003b8	faec1d03	lh	x26,-82(x24)	 x24:0x80008f26 x26=0xffff8828 PA:0x80008ed4
        2515000	       250	800003bc	0099df03	lhu	x30,9(x19)	 x19:0x80008ec5 x30=0x00002074 PA:0x80008ece
        2525000	       251	800003c0	fc5c0583	lb	x11,-59(x24)	 x24:0x80008f26 x11=0x00000029 PA:0x80008eeb
        2535000	       252	800003c4	053c2123	sw	x19,66(x24)	 x24:0x80008f26 x19:0x80008ec5 PA:0x80008f68
        2545000	       253	800003c8	fb8c1003	lh	x0,-72(x24)	 x24:0x80008f26 PA:0x80008ede
        2555000	       254	800003cc	fd742e23	sw	x23,-36(x8)	  x8:0x80008cfc x23:0x00000020 PA:0x80008cd8
        2565000	       255	800003d0	03074303	lbu	x6,48(x14)	 x14:0x8000883f  x6=0x000000cf PA:0x8000886f
        2575000	       256	800003d4	fce45783	lhu	x15,-50(x8)	  x8:0x80008cfc x15=0x00005d29 PA:0x80008cca
        2585000	       257	800003d8	fbfc0303	lb	x6,-65(x24)	 x24:0x80008f26  x6=0xffffff8c PA:0x80008ee5
        2595000	       258	800003dc	fff98103	lb	x2,-1(x19)	 x19:0x80008ec5  x2=0x00000075 PA:0x80008ec4
        2605000	       259	800003e0	01d44683	lbu	x13,29(x8)	  x8:0x80008cfc x13=0x0000002a PA:0x80008d19
        2615000	       260	800003e4	03f70c23	sb	x31,56(x14)	 x14:0x8000883f x31:0x8e23d47c PA:0x80008877
        2625000	       261	800003e8	01042903	lw	x18,16(x8)	  x8:0x80008cfc x18=0x10fcfbfb PA:0x80008d0c
        2635000	       262	00000000	00000013	addi	x0,x0,0	  x0:0x00000000
        2645000	       263	800003ec	ff29c283	lbu	x5,-14(x19)	 x19:0x80008ec5  x5=0x00000010 PA:0x80008eb7
        2655000	       264	800003f0	01e74583	lbu	x11,30(x14)	 x14:0x8000883f x11=0x000000aa PA:0x8000885d
        2665000	       265	800003f4	00a70303	lb	x6,10(x14)	 x14:0x8000883f  x6=0xffffffdc PA:0x80008849
        2675000	       266	800003f8	00009317	auipc	x6,0x9	  x6=0x800093f4
        2685000	       267	800003fc	97930313	addi	x6,x6,-1671	  x6:0x800093f4  x6=0x80008d6d
        2695000	       268	80000400	00730423	sb	x7,8(x6)	  x6:0x80008d6d  x7:0x80009fc4 PA:0x80008d75
        2705000	       269	80000404	01930423	sb	x25,8(x6)	  x6:0x80008d6d x25:0x00000005 PA:0x80008d75
        2715000	       270	80000408	00faa133	slt	x2,x21,x15	 x21:0x00000001 x15:0x00005d29  x2=0x00000001
        2725000	       271	8000040c	a719e193	ori	x3,x19,-1423	 x19:0x80008ec5  x3=0xfffffef5
        2735000	       272	80000410	fe930783	lb	x15,-23(x6)	  x6:0x80008d6d x15=0x00000023 PA:0x80008d56
        2745000	       273	80000414	dc4ef813	andi	x16,x29,-572	 x29:0xffffffd5 x16=0xfffffdc4
        2755000	       274	80000418	fe935883	lhu	x17,-23(x6)	  x6:0x80008d6d x17=0x0000ff23 PA:0x80008d56
        2765000	       275	8000041c	01034c03	lbu	x24,16(x6)	  x6:0x80008d6d x24=0x000000bc PA:0x80008d7d
        2775000	       276	00000000	00000013	addi	x0,x0,0	  x0:0x00000000
        2785000	       277	80000420	9f7c5297	auipc	x5,0x9f7c5	  x5=0x1f7c541c
        2795000	       278	80000424	fd530523	sb	x21,-54(x6)	  x6:0x80008d6d x21:0x00000001 PA:0x80008d37
        2805000	       279	80000428	02234183	lbu	x3,34(x6)	  x6:0x80008d6d  x3=0x00000075 PA:0x80008d8f
        2815000	       280	8000042c	02030123	sb	x0,34(x6)	  x6:0x80008d6d  x0:0x00000000 PA:0x80008d8f
        2825000	       281	80000430	02234a83	lbu	x21,34(x6)	  x6:0x80008d6d x21=0x00000000 PA:0x80008d8f
        2835000	       282	80000434	02234983	lbu	x19,34(x6)	  x6:0x80008d6d x19=0x00000000 PA:0x80008d8f
        2845000	       283	80000438	01f724b3	slt	x9,x14,x31	 x14:0x8000883f x31:0x8e23d47c  x9=0x00000001
        2855000	       284	8000043c	02230f03	lb	x30,34(x6)	  x6:0x80008d6d x30=0x00000000 PA:0x80008d8f
        2865000	       285	80000440	03a30123	sb	x26,34(x6)	  x6:0x80008d6d x26:0xffff8828 PA:0x80008d8f
        2875000	       286	80000444	36a3c193	xori	x3,x7,874	  x7:0x80009fc4  x3=0x80009cae
        2885000	       287	80000448	03d34703	lbu	x14,61(x6)	  x6:0x80008d6d x14=0x0000006e PA:0x80008daa
        2895000	       288	8000044c	00a30003	lb	x0,10(x6)	  x6:0x80008d6d PA:0x80008d77
        2905000	       289	80000450	00830523	sb	x8,10(x6)	  x6:0x80008d6d  x8:0x80008cfc PA:0x80008d77
        2915000	       290	80000454	00a30a83	lb	x21,10(x6)	  x6:0x80008d6d x21=0xfffffffc PA:0x80008d77
        2925000	       291	80000458	01430523	sb	x20,10(x6)	  x6:0x80008d6d x20:0x80008c2a PA:0x80008d77
        2935000	       292	8000045c	00009497	auipc	x9,0x9	  x9=0x80009458
        2945000	       293	80000460	98148493	addi	x9,x9,-1663	  x9:0x80009458  x9=0x80008dd9
        2955000	       294	80000464	f6248683	lb	x13,-158(x9)	  x9:0x80008dd9 x13=0x00000061 PA:0x80008d3b
        2965000	       295	80000468	0604a7a3	sw	x0,111(x9)	  x9:0x80008dd9  x0:0x00000000 PA:0x80008e48
        2975000	       296	8000046c	00b87933	and	x18,x16,x11	 x16:0xfffffdc4 x11:0x000000aa x18=0x00000080
        2985000	       297	80000470	0042ba33	sltu	x20,x5,x4	  x5:0x1f7c541c  x4:0x8000000d x20=0x00000001
        2995000	       298	80000474	00000013	addi	x0,x0,0	  x0:0x00000000
        3005000	       299	80000478	063497a3	sh	x3,111(x9)	  x9:0x80008dd9  x3:0x80009cae PA:0x80008e48
        3015000	       300	8000047c	66a20293	addi	x5,x4,1642	  x4:0x8000000d  x5=0x80000677
        3025000	       301	80000480	078487a3	sb	x24,111(x9)	  x9:0x80008dd9 x24:0x000000bc PA:0x80008e48
        3035000	       302	80000484	0724a7a3	sw	x18,111(x9)	  x9:0x80008dd9 x18:0x00000080 PA:0x80008e48
        3045000	       303	80000488	f9b4c983	lbu	x19,-101(x9)	  x9:0x80008dd9 x19=0x00000027 PA:0x80008d74
        3055000	       304	8000048c	01818fb3	add	x31,x3,x24	  x3:0x80009cae x24:0x000000bc x31=0x80009d6a
        3065000	       305	80000490	f9e4ada3	sw	x30,-101(x9)	  x9:0x80008dd9 x30:0x00000000 PA:0x80008d74
        3075000	       306	80000494	f8e4ada3	sw	x14,-101(x9)	  x9:0x80008dd9 x14:0x0000006e PA:0x80008d74
        3085000	       307	80000498	f8049da3	sh	x0,-101(x9)	  x9:0x80008dd9  x0:0x00000000 PA:0x80008d74
        3095000	       308	8000049c	0da48aa3	sb	x26,213(x9)	  x9:0x80008dd9 x26:0xffff8828 PA:0x80008eae
        3105000	       309	800004a0	120eaf93	slti	x31,x29,288	 x29:0xffffffd5 x31=0x00000001
        3115000	       310	800004a4	0d549003	lh	x0,213(x9)	  x9:0x80008dd9 PA:0x80008eae
        3125000	       311	800004a8	0d548583	lb	x11,213(x9)	  x9:0x80008dd9 x11=0x00000028 PA:0x80008eae
        3135000	       312	800004ac	0da48aa3	sb	x26,213(x9)	  x9:0x80008dd9 x26:0xffff8828 PA:0x80008eae
        3145000	       313	800004b0	0d54ce83	lbu	x29,213(x9)	  x9:0x80008dd9 x29=0x00000028 PA:0x80008eae
        3155000	       314	800004b4	003c1e13	slli	x28,x24,0x3	 x24:0x000000bc x28=0x000005e0
        3165000	       315	800004b8	0d549203	lh	x4,213(x9)	  x9:0x80008dd9  x4=0x00002928 PA:0x80008eae
        3175000	       316	800004bc	00009e17	auipc	x28,0x9	 x28=0x800094b8
        3185000	       317	800004c0	9a0e0e13	addi	x28,x28,-1632	 x28:0x800094b8 x28=0x80008e58
        3195000	       318	800004c4	5586ec37	lui	x24,0x5586e	 x24=0x5586e000
        3205000	       319	800004c8	fe5e0ca3	sb	x5,-7(x28)	 x28:0x80008e58  x5:0x80000677 PA:0x80008e51
        3215000	       320	800004cc	004e0a03	lb	x20,4(x28)	 x28:0x80008e58 x20=0x0000006d PA:0x80008e5c
        3225000	       321	800004d0	ff2e1883	lh	x17,-14(x28)	 x28:0x80008e58 x17=0x00000000 PA:0x80008e4a
        3235000	       322	800004d4	006e0483	lb	x9,6(x28)	 x28:0x80008e58  x9=0xffffffcb PA:0x80008e5e
        3245000	       323	800004d8	ff7e08a3	sb	x23,-15(x28)	 x28:0x80008e58 x23:0x00000020 PA:0x80008e49
        3255000	       324	800004dc	ff8e2183	lw	x3,-8(x28)	 x28:0x80008e58  x3=0x41b87720 PA:0x80008e50
        3265000	       325	800004e0	005a7db3	and	x27,x20,x5	 x20:0x0000006d  x5:0x80000677 x27=0x00000065
        3275000	       326	800004e4	ff9e0b83	lb	x23,-7(x28)	 x28:0x80008e58 x23=0x00000077 PA:0x80008e51
        3285000	       327	800004e8	811b6d13	ori	x26,x22,-2031	 x22:0x00000001 x26=0xfffff811
        3295000	       328	800004ec	001e4783	lbu	x15,1(x28)	 x28:0x80008e58 x15=0x000000dc PA:0x80008e59
        3305000	       329	800004f0	005e4a03	lbu	x20,5(x28)	 x28:0x80008e58 x20=0x00000013 PA:0x80008e5d
        3315000	       330	800004f4	01d191b3	sll	x3,x3,x29	  x3:0x41b87720 x29:0x00000028  x3=0xb8772000
        3325000	       331	800004f8	00000013	addi	x0,x0,0	  x0:0x00000000
        3335000	       332	800004fc	019986b3	add	x13,x19,x25	 x19:0x00000027 x25:0x00000005 x13=0x0000002c
        3345000	       333	80000500	00be0e83	lb	x29,11(x28)	 x28:0x80008e58 x29=0xffffffc8 PA:0x80008e63
        3355000	       334	80000504	ff2e5c03	lhu	x24,-14(x28)	 x28:0x80008e58 x24=0x00000000 PA:0x80008e4a
        3365000	       335	80000508	005e4903	lbu	x18,5(x28)	 x28:0x80008e58 x18=0x00000013 PA:0x80008e5d
        3375000	       336	8000050c	1a2c3693	sltiu	x13,x24,418	 x24:0x00000000 x13=0x00000001
        3385000	       337	80000510	00e0a133	slt	x2,x1,x14	  x1:0x8e23d22d x14:0x0000006e  x2=0x00000001
        3395000	       338	80000514	001c5e93	srli	x29,x24,0x1	 x24:0x00000000 x29=0x00000000
        3405000	       339	80000518	01333433	sltu	x8,x6,x19	  x6:0x80008d6d x19:0x00000027  x8=0x00000000
        3415000	       340	8000051c	004e4503	lbu	x10,4(x28)	 x28:0x80008e58 x10=0x0000006d PA:0x80008e5c
        3425000	       341	00000000	00000013	addi	x0,x0,0	  x0:0x00000000
        3435000	       342	80000520	00ae4003	lbu	x0,10(x28)	 x28:0x80008e58 PA:0x80008e62
        3445000	       343	80000524	001018b3	sll	x17,x0,x1	  x0:0x00000000  x1:0x8e23d22d x17=0x00000000
        3455000	       344	80000528	002e0883	lb	x17,2(x28)	 x28:0x80008e58 x17=0xffffffc4 PA:0x80008e5a
        3465000	       345	8000052c	0045ac33	slt	x24,x11,x4	 x11:0x00000028  x4:0x00002928 x24=0x00000001
        3475000	       346	80000530	ff2e5903	lhu	x18,-14(x28)	 x28:0x80008e58 x18=0x00000000 PA:0x80008e4a
        3485000	       347	80000534	761b57b7	lui	x15,0x761b5	 x15=0x761b5000
        3495000	       348	80000538	010e2403	lw	x8,16(x28)	 x28:0x80008e58  x8=0x1474b386 PA:0x80008e68
        3505000	       349	8000053c	001e03a3	sb	x1,7(x28)	 x28:0x80008e58  x1:0x8e23d22d PA:0x80008e5f
        3515000	       350	80000540	412ad693	srai	x13,x21,0x12	 x21:0xfffffffc x13=0xffffffff
        3525000	       351	80000544	ffde4b03	lbu	x22,-3(x28)	 x28:0x80008e58 x22=0x00000078 PA:0x80008e55
        3535000	       352	80000548	7b122913	slti	x18,x4,1969	  x4:0x00002928 x18=0x00000000
        3545000	       353	8000054c	01be1123	sh	x27,2(x28)	 x28:0x80008e58 x27:0x00000065 PA:0x80008e5a
        3555000	       354	80000550	00009f17	auipc	x30,0x9	 x30=0x8000954c
        3565000	       355	80000554	914f0f13	addi	x30,x30,-1772	 x30:0x8000954c x30=0x80008e60
        3575000	       356	80000558	00009317	auipc	x6,0x9	  x6=0x80009554
        3585000	       357	8000055c	a7f30313	addi	x6,x6,-1409	  x6:0x80009554  x6=0x80008fd3
        3595000	       358	80000560	c8531083	lh	x1,-891(x6)	  x6:0x80008fd3  x1=0x00002755 PA:0x80008c58
        3605000	       359	80000564	b9334003	lbu	x0,-1133(x6)	  x6:0x80008fd3 PA:0x80008b66
        3615000	       360	80000568	fc6f06a3	sb	x6,-51(x30)	 x30:0x80008e60  x6:0x80008fd3 PA:0x80008e2d
        3625000	       361	8000056c	00008517	auipc	x10,0x8	 x10=0x80008568
        3635000	       362	80000570	7fe50513	addi	x10,x10,2046	 x10:0x80008568 x10=0x80008d66
        3645000	       363	80000574	00008497	auipc	x9,0x8	  x9=0x80008570
        3655000	       364	80000578	43648493	addi	x9,x9,1078	  x9:0x80008570  x9=0x800089a6
        3665000	       365	8000057c	02154a03	lbu	x20,33(x10)	 x10:0x80008d66 x20=0x00000015 PA:0x80008d87
        3675000	       366	80000580	b3a30e23	sb	x26,-1220(x6)	  x6:0x80008fd3 x26:0xfffff811 PA:0x80008b0f
        3685000	       367	80000584	fc3f2c23	sw	x3,-40(x30)	 x30:0x80008e60  x3:0xb8772000 PA:0x80008e38
        3695000	       368	80000588	fe5486a3	sb	x5,-19(x9)	  x9:0x800089a6  x5:0x80000677 PA:0x80008993
        3705000	       369	8000058c	00454e83	lbu	x29,4(x10)	 x10:0x80008d66 x29=0x00000041 PA:0x80008d6a
        3715000	       370	80000590	8bf34f83	lbu	x31,-1857(x6)	  x6:0x80008fd3 x31=0x00000096 PA:0x80008892
        3725000	       371	80000594	02af5883	lhu	x17,42(x30)	 x30:0x80008e60 x17=0x00001c02 PA:0x80008e8a
        3735000	       372	80000598	ddf300a3	sb	x31,-575(x6)	  x6:0x80008fd3 x31:0x00000096 PA:0x80008d94
        3745000	       373	8000059c	95834a03	lbu	x20,-1704(x6)	  x6:0x80008fd3 x20=0x000000de PA:0x8000892b
        3755000	       374	800005a0	fed4c003	lbu	x0,-19(x9)	  x9:0x800089a6 PA:0x80008993
        3765000	       375	800005a4	01048023	sb	x16,0(x9)	  x9:0x800089a6 x16:0xfffffdc4 PA:0x800089a6
        3775000	       376	800005a8	aa934d03	lbu	x26,-1367(x6)	  x6:0x80008fd3 x26=0x000000e1 PA:0x80008a7c
        3785000	       377	800005ac	00af4e03	lbu	x28,10(x30)	 x30:0x80008e60 x28=0x00000074 PA:0x80008e6a
        3795000	       378	800005b0	02549c23	sh	x5,56(x9)	  x9:0x800089a6  x5:0x80000677 PA:0x800089de
        3805000	       379	800005b4	fd854b83	lbu	x23,-40(x10)	 x10:0x80008d66 x23=0x00000004 PA:0x80008d3e
        3815000	       380	800005b8	00cf0703	lb	x14,12(x30)	 x30:0x80008e60 x14=0x00000010 PA:0x80008e6c
        3825000	       381	800005bc	01948a23	sb	x25,20(x9)	  x9:0x800089a6 x25:0x00000005 PA:0x800089ba
        3835000	       382	800005c0	ff5504a3	sb	x21,-23(x10)	 x10:0x80008d66 x21:0xfffffffc PA:0x80008d4f
        3845000	       383	800005c4	fd954083	lbu	x1,-39(x10)	 x10:0x80008d66  x1=0x000000be PA:0x80008d3f
        3855000	       384	800005c8	a7834083	lbu	x1,-1416(x6)	  x6:0x80008fd3  x1=0x000000d4 PA:0x80008a4b
        3865000	       385	800005cc	b4e34e83	lbu	x29,-1202(x6)	  x6:0x80008fd3 x29=0x00000032 PA:0x80008b21
        3875000	       386	800005d0	00008117	auipc	x2,0x8	  x2=0x800085cc
        3885000	       387	800005d4	08c10113	addi	x2,x2,140	  x2:0x800085cc  x2=0x80008658
        3895000	       388	800005d8	12b14f83	lbu	x31,299(x2)	  x2:0x80008658 x31=0x0000002a PA:0x80008783
        3905000	       389	800005dc	fb811923	sh	x24,-78(x2)	  x2:0x80008658 x24:0x00000001 PA:0x8000860a
        3915000	       390	800005e0	17af8513	addi	x10,x31,378	 x31:0x0000002a x10=0x000001a4
        3925000	       391	800005e4	025109a3	sb	x5,51(x2)	  x2:0x80008658  x5:0x80000677 PA:0x8000868b
        3935000	       392	800005e8	aa914e83	lbu	x29,-1367(x2)	  x2:0x80008658 x29=0x00000011 PA:0x80008101
        3945000	       393	800005ec	a8b10b83	lb	x23,-1397(x2)	  x2:0x80008658 x23=0xffffffb4 PA:0x800080e3
        3955000	       394	800005f0	c3d105a3	sb	x29,-981(x2)	  x2:0x80008658 x29:0x00000011 PA:0x80008283
        3965000	       395	800005f4	c9ef3593	sltiu	x11,x30,-866	 x30:0x80008e60 x11=0x00000001
        3975000	       396	800005f8	6b7a2d37	lui	x26,0x6b7a2	 x26=0x6b7a2000
        3985000	       397	800005fc	f9011403	lh	x8,-112(x2)	  x2:0x80008658  x8=0xffff89b6 PA:0x800085e8
        3995000	       398	80000600	13114283	lbu	x5,305(x2)	  x2:0x80008658  x5=0x0000004d PA:0x80008789
        4005000	       399	80000604	00f15193	srli	x3,x2,0xf	  x2:0x80008658  x3=0x00010001
        4015000	       400	80000608	d9f14c03	lbu	x24,-609(x2)	  x2:0x80008658 x24=0x000000e3 PA:0x800083f7
        4025000	       401	8000060c	a8310023	sb	x3,-1408(x2)	  x2:0x80008658  x3:0x00010001 PA:0x800080d8
        4035000	       402	80000610	40475093	srai	x1,x14,0x4	 x14:0x00000010  x1=0x00000001
        4045000	       403	80000614	12b14083	lbu	x1,299(x2)	  x2:0x80008658  x1=0x0000002a PA:0x80008783
        4055000	       404	80000618	04d14683	lbu	x13,77(x2)	  x2:0x80008658 x13=0x000000a4 PA:0x800086a5
        4065000	       405	8000061c	00000013	addi	x0,x0,0	  x0:0x00000000
        4075000	       406	80000620	b5114783	lbu	x15,-1199(x2)	  x2:0x80008658 x15=0x00000097 PA:0x800081a9
        4085000	       407	80000624	d0a15203	lhu	x4,-758(x2)	  x2:0x80008658  x4=0x00005802 PA:0x80008362
        4095000	       408	80000628	65f1a313	slti	x6,x3,1631	  x3:0x00010001  x6=0x00000000
        4105000	       409	8000062c	ab010fa3	sb	x16,-1345(x2)	  x2:0x80008658 x16:0xfffffdc4 PA:0x80008117
        4115000	       410	80000630	80b8cc13	xori	x24,x17,-2037	 x17:0x00001c02 x24=0xffffe409
        4125000	       411	80000634	014b3833	sltu	x16,x22,x20	 x22:0x00000078 x20:0x000000de x16=0x00000001
        4135000	       412	80000638	bf415e83	lhu	x29,-1036(x2)	  x2:0x80008658 x29=0x00008c64 PA:0x8000824c
        4145000	       413	8000063c	a2e10e83	lb	x29,-1490(x2)	  x2:0x80008658 x29=0xffffffdb PA:0x80008086
        4155000	       414	80000640	40b40bb3	sub	x23,x8,x11	  x8:0xffff89b6 x11:0x00000001 x23=0xffff89b5
        4165000	       415	80000644	24b50813	addi	x16,x10,587	 x10:0x000001a4 x16=0x000003ef
        4175000	       416	80000648	a5f14783	lbu	x15,-1441(x2)	  x2:0x80008658 x15=0x00000029 PA:0x800080b7
        4185000	       417	8000064c	f9510fa3	sb	x21,-97(x2)	  x2:0x80008658 x21:0xfffffffc PA:0x800085f7
        4195000	       418	80000650	09012703	lw	x14,144(x2)	  x2:0x80008658 x14=0xf7755794 PA:0x800086e8
        4205000	       419	80000654	010e19b3	sll	x19,x28,x16	 x28:0x00000074 x16:0x000003ef x19=0x003a0000
        4215000	       420	80000658	e2410703	lb	x14,-476(x2)	  x2:0x80008658 x14=0x0000005b PA:0x8000847c
        4225000	       421	8000065c	fdc10583	lb	x11,-36(x2)	  x2:0x80008658 x11=0xffffffcd PA:0x80008634
        4235000	       422	80000660	11011e83	lh	x29,272(x2)	  x2:0x80008658 x29=0xffffd39d PA:0x80008768
        4245000	       423	00000000	00000013	addi	x0,x0,0	  x0:0x00000000
        4255000	       424	80000664	a9d10183	lb	x3,-1379(x2)	  x2:0x80008658  x3=0xffffffb5 PA:0x800080f5
        4265000	       425	80000668	63562137	lui	x2,0x63562	  x2=0x63562000
        4275000	       426	8000066c	04bc0463	beq	x24,x11,800006b4	 x24:0xffffe409 x11:0xffffffcd
        4285000	       427	80000670	0178c1b3	xor	x3,x17,x23	 x17:0x00001c02 x23:0xffff89b5  x3=0xffff95b7
        4295000	       428	80000674	02ccde63	bge	x25,x12,800006b0	 x25:0x00000005 x12:0x80009f84
        4305000	       429	00000000	00000013	addi	x0,x0,0	  x0:0x00000000
        4315000	       430	800006ac	00000013	addi	x0,x0,0	  x0:0x00000000
        4325000	       431	800006b0	019cd693	srli	x13,x25,0x19	 x25:0x00000005 x13=0x00000000
        4335000	       432	800006b4	00fe25b3	slt	x11,x28,x15	 x28:0x00000074 x15:0x00000029 x11=0x00000000
        4345000	       433	800006b8	01d04263	blt	x0,x29,800006bc	  x0:0x00000000 x29:0xffffd39d
        4355000	       434	800006bc	00b282b3	add	x5,x5,x11	  x5:0x0000004d x11:0x00000000  x5=0x0000004d
        4365000	       435	800006c0	410a5b33	sra	x22,x20,x16	 x20:0x000000de x16:0x000003ef x22=0x00000000
        4375000	       436	800006c4	6ba1af13	slti	x30,x3,1722	  x3:0xffff95b7 x30=0x00000001
        4385000	       437	800006c8	0049d4b3	srl	x9,x19,x4	 x19:0x003a0000  x4:0x00005802  x9=0x000e8000
        4395000	       438	800006cc	409851b3	sra	x3,x16,x9	 x16:0x000003ef  x9:0x000e8000  x3=0x000003ef
        4405000	       439	800006d0	04588263	beq	x17,x5,80000714	 x17:0x00001c02  x5:0x0000004d
        4415000	       440	800006d4	0a91aa13	slti	x20,x3,169	  x3:0x000003ef x20=0x00000000
        4425000	       441	800006d8	21230b93	addi	x23,x6,530	  x6:0x00000000 x23=0x00000212
        4435000	       442	800006dc	00f2e1b3	or	x3,x5,x15	  x5:0x0000004d x15:0x00000029  x3=0x0000006d
        4445000	       443	800006e0	54ea8413	addi	x8,x21,1358	 x21:0xfffffffc  x8=0x0000054a
        4455000	       444	800006e4	01bb1033	sll	x0,x22,x27	 x22:0x00000000 x27:0x00000065
        4465000	       445	800006e8	02b57263	bgeu	x10,x11,8000070c	 x10:0x000001a4 x11:0x00000000
        4475000	       446	00000000	00000013	addi	x0,x0,0	  x0:0x00000000
        4485000	       447	80000708	00000013	addi	x0,x0,0	  x0:0x00000000
        4495000	       448	8000070c	3fc12b13	slti	x22,x2,1020	  x2:0x63562000 x22=0x00000000
        4505000	       449	80000710	00000013	addi	x0,x0,0	  x0:0x00000000
        4515000	       450	80000714	414b5a93	srai	x21,x22,0x14	 x22:0x00000000 x21=0x00000000
        4525000	       451	80000718	013a5593	srli	x11,x20,0x13	 x20:0x00000000 x11=0x00000000
        4535000	       452	8000071c	0027de33	srl	x28,x15,x2	 x15:0x00000029  x2:0x63562000 x28=0x00000029
        4545000	       453	80000720	02811a63	bne	x2,x8,80000754	  x2:0x63562000  x8:0x0000054a
        4555000	       454	00000000	00000013	addi	x0,x0,0	  x0:0x00000000
        4565000	       455	80000750	00000013	addi	x0,x0,0	  x0:0x00000000
        4575000	       456	80000754	002cf2b3	and	x5,x25,x2	 x25:0x00000005  x2:0x63562000  x5=0x00000000
        4585000	       457	80000758	00047db3	and	x27,x8,x0	  x8:0x0000054a  x0:0x00000000 x27=0x00000000
        4595000	       458	8000075c	f349b313	sltiu	x6,x19,-204	 x19:0x003a0000  x6=0x00000001
        4605000	       459	80000760	017ce333	or	x6,x25,x23	 x25:0x00000005 x23:0x00000212  x6=0x00000217
        4615000	       460	80000764	c438ad13	slti	x26,x17,-957	 x17:0x00001c02 x26=0x00000000
        4625000	       461	80000768	d5ceba13	sltiu	x20,x29,-676	 x29:0xffffd39d x20=0x00000001
        4635000	       462	8000076c	69aebd13	sltiu	x26,x29,1690	 x29:0xffffd39d x26=0x00000000
        4645000	       463	80000770	cf882bb7	lui	x23,0xcf882	 x23=0xcf882000
        4655000	       464	80000774	779fe593	ori	x11,x31,1913	 x31:0x0000002a x11=0x0000077b
        4665000	       465	80000778	40b0d713	srai	x14,x1,0xb	  x1:0x0000002a x14=0x00000000
        4675000	       466	8000077c	40fe80b3	sub	x1,x29,x15	 x29:0xffffd39d x15:0x00000029  x1=0xffffd374
        4685000	       467	80000780	016c92b3	sll	x5,x25,x22	 x25:0x00000005 x22:0x00000000  x5=0x00000005
        4695000	       468	80000784	00729733	sll	x14,x5,x7	  x5:0x00000005  x7:0x80009fc4 x14=0x00000050
        4705000	       469	80000788	0040dd93	srli	x27,x1,0x4	  x1:0xffffd374 x27=0x0ffffd37
        4715000	       470	8000078c	001739b3	sltu	x19,x14,x1	 x14:0x00000050  x1:0xffffd374 x19=0x00000001
        4725000	       471	80000790	41c9df33	sra	x30,x19,x28	 x19:0x00000001 x28:0x00000029 x30=0x00000000
        4735000	       472	80000794	0748e463	bltu	x17,x20,800007fc	 x17:0x00001c02 x20:0x00000001
        4745000	       473	80000798	005c3ab3	sltu	x21,x24,x5	 x24:0xffffe409  x5:0x00000005 x21=0x00000000
        4755000	       474	8000079c	00a3de93	srli	x29,x7,0xa	  x7:0x80009fc4 x29=0x00200027
        4765000	       475	800007a0	7f3cca13	xori	x20,x25,2035	 x25:0x00000005 x20=0x000007f6
        4775000	       476	800007a4	04ebf863	bgeu	x23,x14,800007f4	 x23:0xcf882000 x14:0x00000050
        4785000	       477	00000000	00000013	addi	x0,x0,0	  x0:0x00000000
        4795000	       478	800007f0	00000013	addi	x0,x0,0	  x0:0x00000000
        4805000	       479	800007f4	009a9033	sll	x0,x21,x9	 x21:0x00000000  x9:0x000e8000
        4815000	       480	800007f8	00bb7ab3	and	x21,x22,x11	 x22:0x00000000 x11:0x0000077b x21=0x00000000
        4825000	       481	800007fc	01c12eb3	slt	x29,x2,x28	  x2:0x63562000 x28:0x00000029 x29=0x00000000
        4835000	       482	80000800	18102b13	slti	x22,x0,385	  x0:0x00000000 x22=0x00000001
        4845000	       483	80000804	005936b3	sltu	x13,x18,x5	 x18:0x00000000  x5:0x00000005 x13=0x00000001
        4855000	       484	80000808	05188463	beq	x17,x17,80000850	 x17:0x00001c02 x17:0x00001c02
        4865000	       485	00000000	00000013	addi	x0,x0,0	  x0:0x00000000
        4875000	       486	8000084c	00000013	addi	x0,x0,0	  x0:0x00000000
        4885000	       487	80000850	4bff0593	addi	x11,x30,1215	 x30:0x00000000 x11=0x000004bf
        4895000	       488	80000854	00c6d813	srli	x16,x13,0xc	 x13:0x00000001 x16=0x00000000
        4905000	       489	80000858	419dd533	sra	x10,x27,x25	 x27:0x0ffffd37 x25:0x00000005 x10=0x007fffe9
        4915000	       490	8000085c	00217433	and	x8,x2,x2	  x2:0x63562000  x2:0x63562000  x8=0x63562000
        4925000	       491	80000860	005ee863	bltu	x29,x5,80000870	 x29:0x00000000  x5:0x00000005
        4935000	       492	00000000	00000013	addi	x0,x0,0	  x0:0x00000000
        4945000	       493	8000086c	00000013	addi	x0,x0,0	  x0:0x00000000
        4955000	       494	80000870	b38bdab7	lui	x21,0xb38bd	 x21=0xb38bd000
        4965000	       495	80000874	41485093	srai	x1,x16,0x14	 x16:0x00000000  x1=0x00000000
        4975000	       496	80000878	0015cd33	xor	x26,x11,x1	 x11:0x000004bf  x1:0x00000000 x26=0x000004bf
        4985000	       497	8000087c	00eb6793	ori	x15,x22,14	 x22:0x00000001 x15=0x0000000f
        4995000	       498	80000880	00ddca63	blt	x27,x13,80000894	 x27:0x0ffffd37 x13:0x00000001
        5005000	       499	80000884	02f95463	bge	x18,x15,800008ac	 x18:0x00000000 x15:0x0000000f
        5015000	       500	80000888	4176d933	sra	x18,x13,x23	 x13:0x00000001 x23:0xcf882000 x18=0x00000001
        5025000	       501	8000088c	02989663	bne	x17,x9,800008b8	 x17:0x00001c02  x9:0x000e8000
        5035000	       502	00000000	00000013	addi	x0,x0,0	  x0:0x00000000
        5045000	       503	800008b4	00000013	addi	x0,x0,0	  x0:0x00000000
        5055000	       504	800008b8	38e7a493	slti	x9,x15,910	 x15:0x0000000f  x9=0x00000001
        5065000	       505	800008bc	00000013	addi	x0,x0,0	  x0:0x00000000
        5075000	       506	800008c0	0e9e6d93	ori	x27,x28,233	 x28:0x00000029 x27=0x000000e9
        5085000	       507	800008c4	00a14ab3	xor	x21,x2,x10	  x2:0x63562000 x10:0x007fffe9 x21=0x6329dfe9
        5095000	       508	800008c8	410d8fb3	sub	x31,x27,x16	 x27:0x000000e9 x16:0x00000000 x31=0x000000e9
        5105000	       509	800008cc	00000013	addi	x0,x0,0	  x0:0x00000000
        5115000	       510	800008d0	00863533	sltu	x10,x12,x8	 x12:0x80009f84  x8:0x63562000 x10=0x00000000
        5125000	       511	800008d4	405602b3	sub	x5,x12,x5	 x12:0x80009f84  x5:0x00000005  x5=0x80009f7f
        5135000	       512	800008d8	45046313	ori	x6,x8,1104	  x8:0x63562000  x6=0x63562450
        5145000	       513	800008dc	01669463	bne	x13,x22,800008e4	 x13:0x00000001 x22:0x00000001
        5155000	       514	800008e0	013fbd33	sltu	x26,x31,x19	 x31:0x000000e9 x19:0x00000001 x26=0x00000000
        5165000	       515	800008e4	01a2ddb3	srl	x27,x5,x26	  x5:0x80009f7f x26:0x00000000 x27=0x80009f7f
        5175000	       516	800008e8	1f40fe93	andi	x29,x1,500	  x1:0x00000000 x29=0x00000000
        5185000	       517	800008ec	00bb1d93	slli	x27,x22,0xb	 x22:0x00000001 x27=0x00000800
        5195000	       518	800008f0	412c8e33	sub	x28,x25,x18	 x25:0x00000005 x18:0x00000001 x28=0x00000004
        5205000	       519	800008f4	0a03e513	ori	x10,x7,160	  x7:0x80009fc4 x10=0x80009fe4
        5215000	       520	800008f8	01478933	add	x18,x15,x20	 x15:0x0000000f x20:0x000007f6 x18=0x00000805
        5225000	       521	800008fc	5c833e93	sltiu	x29,x6,1480	  x6:0x63562450 x29=0x00000000
        5235000	       522	80000900	00419093	slli	x1,x3,0x4	  x3:0x0000006d  x1=0x000006d0
        5245000	       523	80000904	09a76693	ori	x13,x14,154	 x14:0x00000050 x13=0x000000da
        5255000	       524	80000908	40a908b3	sub	x17,x18,x10	 x18:0x00000805 x10:0x80009fe4 x17=0x7fff6821
        5265000	       525	8000090c	572bed97	auipc	x27,0x572be	 x27=0xd72be908
        5275000	       526	80000910	0189b933	sltu	x18,x19,x24	 x19:0x00000001 x24:0xffffe409 x18=0x00000001
        5285000	       527	80000914	008bf933	and	x18,x23,x8	 x23:0xcf882000  x8:0x63562000 x18=0x43002000
        5295000	       528	80000918	01490133	add	x2,x18,x20	 x18:0x43002000 x20:0x000007f6  x2=0x430027f6
        5305000	       529	8000091c	0062ba33	sltu	x20,x5,x6	  x5:0x80009f7f  x6:0x63562450 x20=0x00000000
        5315000	       530	80000920	78238c13	addi	x24,x7,1922	  x7:0x80009fc4 x24=0x8000a746
        5325000	       531	80000924	afbe6a37	lui	x20,0xafbe6	 x20=0xafbe6000
        5335000	       532	80000928	237eef13	ori	x30,x29,567	 x29:0x00000000 x30=0x00000237
        5345000	       533	8000092c	01439413	slli	x8,x7,0x14	  x7:0x80009fc4  x8=0xfc400000
        5355000	       534	80000930	024f1e63	bne	x30,x4,8000096c	 x30:0x00000237  x4:0x00005802
        5365000	       535	00000000	00000013	addi	x0,x0,0	  x0:0x00000000
        5375000	       536	80000968	00000013	addi	x0,x0,0	  x0:0x00000000
        5385000	       537	8000096c	019dd713	srli	x14,x27,0x19	 x27:0xd72be908 x14=0x0000006b
        5395000	       538	80000970	051a7863	bgeu	x20,x17,800009c0	 x20:0xafbe6000 x17:0x7fff6821
        5405000	       539	00000000	00000013	addi	x0,x0,0	  x0:0x00000000
        5415000	       540	800009bc	00000013	addi	x0,x0,0	  x0:0x00000000
        5425000	       541	800009c0	41155093	srai	x1,x10,0x11	 x10:0x80009fe4  x1=0xffffc000
        5435000	       542	800009c4	00000013	addi	x0,x0,0	  x0:0x00000000
        5445000	       543	800009c8	0000d013	srli	x0,x1,0x0	  x1:0xffffc000
        5455000	       544	800009cc	00000013	addi	x0,x0,0	  x0:0x00000000
        5465000	       545	800009d0	00b95a63	bge	x18,x11,800009e4	 x18:0x43002000 x11:0x000004bf
        5475000	       546	00000000	00000013	addi	x0,x0,0	  x0:0x00000000
        5485000	       547	800009e0	00000013	addi	x0,x0,0	  x0:0x00000000
        5495000	       548	800009e4	1415e793	ori	x15,x11,321	 x11:0x000004bf x15=0x000005ff
        5505000	       549	800009e8	cc51be13	sltiu	x28,x3,-827	  x3:0x0000006d x28=0x00000001
        5515000	       550	800009ec	01f0de13	srli	x28,x1,0x1f	  x1:0xffffc000 x28=0x00000001
        5525000	       551	800009f0	01785033	srl	x0,x16,x23	 x16:0x00000000 x23:0xcf882000
        5535000	       552	800009f4	e3e37893	andi	x17,x6,-450	  x6:0x63562450 x17=0x63562410
        5545000	       553	800009f8	00a85833	srl	x16,x16,x10	 x16:0x00000000 x10:0x80009fe4 x16=0x00000000
        5555000	       554	800009fc	017bd033	srl	x0,x23,x23	 x23:0xcf882000 x23:0xcf882000
        5565000	       555	80000a00	955300b7	lui	x1,0x95530	  x1=0x95530000
        5575000	       556	80000a04	004847b3	xor	x15,x16,x4	 x16:0x00000000  x4:0x00005802 x15=0x00005802
        5585000	       557	80000a08	9ac12213	slti	x4,x2,-1620	  x2:0x430027f6  x4=0x00000000
        5595000	       558	80000a0c	01f5a6b3	slt	x13,x11,x31	 x11:0x000004bf x31:0x000000e9 x13=0x00000000
        5605000	       559	80000a10	0024d813	srli	x16,x9,0x2	  x9:0x00000001 x16=0x00000000
        5615000	       560	80000a14	d85bf293	andi	x5,x23,-635	 x23:0xcf882000  x5=0xcf882000
        5625000	       561	80000a18	b6498713	addi	x14,x19,-1180	 x19:0x00000001 x14=0xfffffb65
        5635000	       562	80000a1c	40a9dd13	srai	x26,x19,0xa	 x19:0x00000001 x26=0x00000000
        5645000	       563	80000a20	003dc863	blt	x27,x3,80000a30	 x27:0xd72be908  x3:0x0000006d
        5655000	       564	00000000	00000013	addi	x0,x0,0	  x0:0x00000000
        5665000	       565	80000a2c	00000013	addi	x0,x0,0	  x0:0x00000000
        5675000	       566	80000a30	ce713e93	sltiu	x29,x2,-793	  x2:0x430027f6 x29=0x00000001
        5685000	       567	80000a34	00000013	addi	x0,x0,0	  x0:0x00000000
        5695000	       568	80000a38	0030ed33	or	x26,x1,x3	  x1:0x95530000  x3:0x0000006d x26=0x9553006d
        5705000	       569	80000a3c	0083ab33	slt	x22,x7,x8	  x7:0x80009fc4  x8:0xfc400000 x22=0x00000001
        5715000	       570	80000a40	014b0463	beq	x22,x20,80000a48	 x22:0x00000001 x20:0xafbe6000
        5725000	       571	80000a44	035e0a63	beq	x28,x21,80000a78	 x28:0x00000001 x21:0x6329dfe9
        5735000	       572	80000a48	03ef9263	bne	x31,x30,80000a6c	 x31:0x000000e9 x30:0x00000237
        5745000	       573	00000000	00000013	addi	x0,x0,0	  x0:0x00000000
        5755000	       574	80000a68	00000013	addi	x0,x0,0	  x0:0x00000000
        5765000	       575	80000a6c	0107e933	or	x18,x15,x16	 x15:0x00005802 x16:0x00000000 x18=0x00005802
        5775000	       576	80000a70	005b1313	slli	x6,x22,0x5	 x22:0x00000001  x6=0x00000020
        5785000	       577	80000a74	011846b3	xor	x13,x16,x17	 x16:0x00000000 x17:0x63562410 x13=0x63562410
        5795000	       578	80000a78	014849b3	xor	x19,x16,x20	 x16:0x00000000 x20:0xafbe6000 x19=0xafbe6000
        5805000	       579	80000a7c	005bf533	and	x10,x23,x5	 x23:0xcf882000  x5:0xcf882000 x10=0xcf882000
        5815000	       580	80000a80	04dd8663	beq	x27,x13,80000acc	 x27:0xd72be908 x13:0x63562410
        5825000	       581	80000a84	4fc44f93	xori	x31,x8,1276	  x8:0xfc400000 x31=0xfc4004fc
        5835000	       582	80000a88	41bed133	sra	x2,x29,x27	 x29:0x00000001 x27:0xd72be908  x2=0x00000000
        5845000	       583	80000a8c	0066be33	sltu	x28,x13,x6	 x13:0x63562410  x6:0x00000020 x28=0x00000000
        5855000	       584	80000a90	007ce4b3	or	x9,x25,x7	 x25:0x00000005  x7:0x80009fc4  x9=0x80009fc5
        5865000	       585	80000a94	40d687b3	sub	x15,x13,x13	 x13:0x63562410 x13:0x63562410 x15=0x00000000
        5875000	       586	80000a98	008caab3	slt	x21,x25,x8	 x25:0x00000005  x8:0xfc400000 x21=0x00000000
        5885000	       587	80000a9c	729baf93	slti	x31,x23,1833	 x23:0xcf882000 x31=0x00000001
        5895000	       588	80000aa0	0043da33	srl	x20,x7,x4	  x7:0x80009fc4  x4:0x00000000 x20=0x80009fc4
        5905000	       589	80000aa4	01b15a13	srli	x20,x2,0x1b	  x2:0x00000000 x20=0x00000000
        5915000	       590	80000aa8	01030db3	add	x27,x6,x16	  x6:0x00000020 x16:0x00000000 x27=0x00000020
        5925000	       591	80000aac	e4389d97	auipc	x27,0xe4389	 x27=0x64389aa8
        5935000	       592	80000ab0	00de3033	sltu	x0,x28,x13	 x28:0x00000000 x13:0x63562410
        5945000	       593	80000ab4	41ee8533	sub	x10,x29,x30	 x29:0x00000001 x30:0x00000237 x10=0xfffffdca
        5955000	       594	80000ab8	004df217	auipc	x4,0x4df	  x4=0x804dfab4
        5965000	       595	80000abc	016e0833	add	x16,x28,x22	 x28:0x00000000 x22:0x00000001 x16=0x00000001
        5975000	       596	80000ac0	01d068b3	or	x17,x0,x29	  x0:0x00000000 x29:0x00000001 x17=0x00000001
        5985000	       597	80000ac4	005b82b3	add	x5,x23,x5	 x23:0xcf882000  x5:0xcf882000  x5=0x9f104000
        5995000	       598	80000ac8	00000013	addi	x0,x0,0	  x0:0x00000000
        6005000	       599	80000acc	3cdcbb13	sltiu	x22,x25,973	 x25:0x00000005 x22=0x00000001
        6015000	       600	80000ad0	006fcb33	xor	x22,x31,x6	 x31:0x00000001  x6:0x00000020 x22=0x00000021
        6025000	       601	80000ad4	019aee63	bltu	x21,x25,80000af0	 x21:0x00000000 x25:0x00000005
        6035000	       602	00000000	00000013	addi	x0,x0,0	  x0:0x00000000
        6045000	       603	80000aec	00000013	addi	x0,x0,0	  x0:0x00000000
        6055000	       604	80000af0	0024de63	bge	x9,x2,80000b0c	  x9:0x80009fc5  x2:0x00000000
        6065000	       605	80000af4	00c85293	srli	x5,x16,0xc	 x16:0x00000001  x5=0x00000000
        6075000	       606	80000af8	00000013	addi	x0,x0,0	  x0:0x00000000
        6085000	       607	80000afc	00101213	slli	x4,x0,0x1	  x0:0x00000000  x4=0x00000000
        6095000	       608	80000b00	00208b33	add	x22,x1,x2	  x1:0x95530000  x2:0x00000000 x22=0x95530000
        6105000	       609	80000b04	40970f33	sub	x30,x14,x9	 x14:0xfffffb65  x9:0x80009fc5 x30=0x7fff5ba0
        6115000	       610	80000b08	76fffe93	andi	x29,x31,1903	 x31:0x00000001 x29=0x00000001
        6125000	       611	80000b0c	40b6d1b3	sra	x3,x13,x11	 x13:0x63562410 x11:0x000004bf  x3=0x00000000
        6135000	       612	80000b10	05bb0463	beq	x22,x27,80000b58	 x22:0x95530000 x27:0x64389aa8
        6145000	       613	80000b14	02186463	bltu	x16,x1,80000b3c	 x16:0x00000001  x1:0x95530000
        6155000	       614	00000000	00000013	addi	x0,x0,0	  x0:0x00000000
        6165000	       615	80000b38	00000013	addi	x0,x0,0	  x0:0x00000000
        6175000	       616	80000b3c	01431463	bne	x6,x20,80000b44	  x6:0x00000020 x20:0x00000000
        6185000	       617	00000000	00000013	addi	x0,x0,0	  x0:0x00000000
        6195000	       618	80000b40	00000013	addi	x0,x0,0	  x0:0x00000000
        6205000	       619	80000b44	00da0863	beq	x20,x13,80000b54	 x20:0x00000000 x13:0x63562410
        6215000	       620	80000b48	042be463	bltu	x23,x2,80000b90	 x23:0xcf882000  x2:0x00000000
        6225000	       621	80000b4c	01d296b3	sll	x13,x5,x29	  x5:0x00000000 x29:0x00000001 x13=0x00000000
        6235000	       622	80000b50	0047d263	bge	x15,x4,80000b54	 x15:0x00000000  x4:0x00000000
        6245000	       623	00000000	00000013	addi	x0,x0,0	  x0:0x00000000
        6255000	       624	80000b50	00000013	addi	x0,x0,0	  x0:0x00000000
        6265000	       625	80000b54	000491b3	sll	x3,x9,x0	  x9:0x80009fc5  x0:0x00000000  x3=0x80009fc5
        6275000	       626	80000b58	f292ab13	slti	x22,x5,-215	  x5:0x00000000 x22=0x00000000
        6285000	       627	80000b5c	01e4d913	srli	x18,x9,0x1e	  x9:0x80009fc5 x18=0x00000002
        6295000	       628	80000b60	4806f593	andi	x11,x13,1152	 x13:0x00000000 x11=0x00000000
        6305000	       629	80000b64	ef3ea593	slti	x11,x29,-269	 x29:0x00000001 x11=0x00000000
        6315000	       630	80000b68	34134993	xori	x19,x6,833	  x6:0x00000020 x19=0x00000361
        6325000	       631	80000b6c	00aa4933	xor	x18,x20,x10	 x20:0x00000000 x10:0xfffffdca x18=0xfffffdca
        6335000	       632	80000b70	006224b3	slt	x9,x4,x6	  x4:0x00000000  x6:0x00000020  x9=0x00000001
        6345000	       633	80000b74	0169b9b3	sltu	x19,x19,x22	 x19:0x00000361 x22:0x00000000 x19=0x00000000
        6355000	       634	80000b78	00737a33	and	x20,x6,x7	  x6:0x00000020  x7:0x80009fc4 x20=0x00000000
        6365000	       635	80000b7c	1bcc6213	ori	x4,x24,444	 x24:0x8000a746  x4=0x8000a7fe
        6375000	       636	80000b80	00b535b3	sltu	x11,x10,x11	 x10:0xfffffdca x11:0x00000000 x11=0x00000000
        6385000	       637	80000b84	00d3d2b3	srl	x5,x7,x13	  x7:0x80009fc4 x13:0x00000000  x5=0x80009fc4
        6395000	       638	80000b88	fda07a13	andi	x20,x0,-38	  x0:0x00000000 x20=0x00000000
        6405000	       639	80000b8c	01c41bb3	sll	x23,x8,x28	  x8:0xfc400000 x28:0x00000000 x23=0xfc400000
        6415000	       640	80000b90	035e4263	blt	x28,x21,80000bb4	 x28:0x00000000 x21:0x00000000
        6425000	       641	80000b94	40a98b33	sub	x22,x19,x10	 x19:0x00000000 x10:0xfffffdca x22=0x00000236
        6435000	       642	80000b98	2186c413	xori	x8,x13,536	 x13:0x00000000  x8=0x00000218
        6445000	       643	80000b9c	402a51b3	sra	x3,x20,x2	 x20:0x00000000  x2:0x00000000  x3=0x00000000
        6455000	       644	80000ba0	b1cbc493	xori	x9,x23,-1252	 x23:0xfc400000  x9=0x03bffb1c
        6465000	       645	80000ba4	f1c3c793	xori	x15,x7,-228	  x7:0x80009fc4 x15=0x7fff60d8
        6475000	       646	80000ba8	000f60b3	or	x1,x30,x0	 x30:0x7fff5ba0  x0:0x00000000  x1=0x7fff5ba0
        6485000	       647	80000bac	01b979b3	and	x19,x18,x27	 x18:0xfffffdca x27:0x64389aa8 x19=0x64389888
        6495000	       648	80000bb0	00f1ae33	slt	x28,x3,x15	  x3:0x00000000 x15:0x7fff60d8 x28=0x00000001
        6505000	       649	80000bb4	01fb74b3	and	x9,x22,x31	 x22:0x00000236 x31:0x00000001  x9=0x00000000
        6515000	       650	80000bb8	00969d93	slli	x27,x13,0x9	 x13:0x00000000 x27=0x00000000
        6525000	       651	80000bbc	4e856e13	ori	x28,x10,1256	 x10:0xfffffdca x28=0xfffffdea
        6535000	       652	80000bc0	3371e513	ori	x10,x3,823	  x3:0x00000000 x10=0x00000337
        6545000	       653	80000bc4	40b95d13	srai	x26,x18,0xb	 x18:0xfffffdca x26=0xffffffff
        6555000	       654	80000bc8	4164da13	srai	x20,x9,0x16	  x9:0x00000000 x20=0x00000000
        6565000	       655	80000bcc	00ef1463	bne	x30,x14,80000bd4	 x30:0x7fff5ba0 x14:0xfffffb65
        6575000	       656	00000000	00000013	addi	x0,x0,0	  x0:0x00000000
        6585000	       657	80000bd0	00000013	addi	x0,x0,0	  x0:0x00000000
        6595000	       658	80000bd4	018bf133	and	x2,x23,x24	 x23:0xfc400000 x24:0x8000a746  x2=0x80000000
        6605000	       659	80000bd8	055f6463	bltu	x30,x21,80000c20	 x30:0x7fff5ba0 x21:0x00000000
        6615000	       660	80000bdc	1dd37497	auipc	x9,0x1dd37	  x9=0x9dd37bd8
        6625000	       661	80000be0	00736eb3	or	x29,x6,x7	  x6:0x00000020  x7:0x80009fc4 x29=0x80009fe4
        6635000	       662	80000be4	00d699b3	sll	x19,x13,x13	 x13:0x00000000 x13:0x00000000 x19=0x00000000
        6645000	       663	80000be8	00d9e933	or	x18,x19,x13	 x19:0x00000000 x13:0x00000000 x18=0x00000000
        6655000	       664	80000bec	00d3cc33	xor	x24,x7,x13	  x7:0x80009fc4 x13:0x00000000 x24=0x80009fc4
        6665000	       665	80000bf0	403d58b3	sra	x17,x26,x3	 x26:0xffffffff  x3:0x00000000 x17=0xffffffff
        6675000	       666	80000bf4	d8634193	xori	x3,x6,-634	  x6:0x00000020  x3=0xfffffda6
        6685000	       667	80000bf8	0159b433	sltu	x8,x19,x21	 x19:0x00000000 x21:0x00000000  x8=0x00000000
        6695000	       668	80000bfc	01cf88b3	add	x17,x31,x28	 x31:0x00000001 x28:0xfffffdea x17=0xfffffdeb
        6705000	       669	80000c00	020b8e63	beq	x23,x0,80000c3c	 x23:0xfc400000  x0:0x00000000
        6715000	       670	80000c04	002c4133	xor	x2,x24,x2	 x24:0x80009fc4  x2:0x80000000  x2=0x00009fc4
        6725000	       671	80000c08	4ca6b213	sltiu	x4,x13,1226	 x13:0x00000000  x4=0x00000001
        6735000	       672	80000c0c	31e0fb93	andi	x23,x1,798	  x1:0x7fff5ba0 x23=0x00000300
        6745000	       673	80000c10	03dd7263	bgeu	x26,x29,80000c34	 x26:0xffffffff x29:0x80009fe4
        6755000	       674	00000000	00000013	addi	x0,x0,0	  x0:0x00000000
        6765000	       675	80000c30	00000013	addi	x0,x0,0	  x0:0x00000000
        6775000	       676	80000c34	0371d263	bge	x3,x23,80000c58	  x3:0xfffffda6 x23:0x00000300
        6785000	       677	80000c38	0062e263	bltu	x5,x6,80000c3c	  x5:0x80009fc4  x6:0x00000020
        6795000	       678	80000c3c	00305193	srli	x3,x0,0x3	  x0:0x00000000  x3=0x00000000
        6805000	       679	80000c40	41d305b3	sub	x11,x6,x29	  x6:0x00000020 x29:0x80009fe4 x11=0x7fff603c
        6815000	       680	80000c44	c71b4093	xori	x1,x22,-911	 x22:0x00000236  x1=0xfffffe47
        6825000	       681	80000c48	0dd21663	bne	x4,x29,80000d14	  x4:0x00000001 x29:0x80009fe4
        6835000	       682	00000000	00000013	addi	x0,x0,0	  x0:0x00000000
        6845000	       683	80000d10	00000013	addi	x0,x0,0	  x0:0x00000000
        6855000	       684	80000d14	017ac533	xor	x10,x21,x23	 x21:0x00000000 x23:0x00000300 x10=0x00000300
        6865000	       685	80000d18	00000897	auipc	x17,0x0	 x17=0x80000d14
        6875000	       686	80000d1c	09888893	addi	x17,x17,152	 x17:0x80000d14 x17=0x80000dac
        6885000	       687	80000d20	00a581b3	add	x3,x11,x10	 x11:0x7fff603c x10:0x00000300  x3=0x7fff633c
        6895000	       688	80000d24	005b1a13	slli	x20,x22,0x5	 x22:0x00000236 x20=0x000046c0
        6905000	       689	80000d28	0100b833	sltu	x16,x1,x16	  x1:0xfffffe47 x16:0x00000001 x16=0x00000000
        6915000	       690	80000d2c	00d69bb3	sll	x23,x13,x13	 x13:0x00000000 x13:0x00000000 x23=0x00000000
        6925000	       691	80000d30	018a76b3	and	x13,x20,x24	 x20:0x000046c0 x24:0x80009fc4 x13=0x000006c0
        6935000	       692	80000d34	ecc88893	addi	x17,x17,-308	 x17:0x80000dac x17=0x80000c78
        6945000	       693	80000d38	00cf2433	slt	x8,x30,x12	 x30:0x7fff5ba0 x12:0x80009f84  x8=0x00000000
        6955000	       694	80000d3c	00eee463	bltu	x29,x14,80000d44	 x29:0x80009fe4 x14:0xfffffb65
        6965000	       695	00000000	00000013	addi	x0,x0,0	  x0:0x00000000
        6975000	       696	80000d40	00000013	addi	x0,x0,0	  x0:0x00000000
        6985000	       697	80000d44	135880e7	jalr	x1,x17,309	 x17:0x80000c78  x1=0x80000d44
        6995000	       698	00000000	00000013	addi	x0,x0,0	  x0:0x00000000
        7005000	       699	80000dac	00000013	addi	x0,x0,0	  x0:0x00000000
        7015000	       700	80000db0	ff860613	addi	x12,x12,-8	 x12:0x80009f84 x12=0x80009f7c
        7025000	       701	80000db4	00000013	addi	x0,x0,0	  x0:0x00000000
        7035000	       702	80000db8	0153bdb3	sltu	x27,x7,x21	  x7:0x80009fc4 x21:0x00000000 x27=0x00000000
        7045000	       703	80000dbc	01651513	slli	x10,x10,0x16	 x10:0x00000300 x10=0xc0000000
        7055000	       704	80000dc0	1d0c3693	sltiu	x13,x24,464	 x24:0x80009fc4 x13=0x00000000
        7065000	       705	80000dc4	00162223	sw	x1,4(x12)	 x12:0x80009f7c  x1:0x80000d44 PA:0x80009f80
        7075000	       706	80000dc8	4487f917	auipc	x18,0x4487f	 x18=0xc487fdc4
        7085000	       707	80000dcc	00007117	auipc	x2,0x7	  x2=0x80007dc8
        7095000	       708	80000dd0	7f910113	addi	x2,x2,2041	  x2:0x80007dc8  x2=0x800085c1
        7105000	       709	80000dd4	3bb7f4b7	lui	x9,0x3bb7f	  x9=0x3bb7f000
        7115000	       710	80000dd8	0e810b23	sb	x8,246(x2)	  x2:0x800085c1  x8:0x00000000 PA:0x800086b7
        7125000	       711	80000ddc	40a25293	srai	x5,x4,0xa	  x4:0x00000001  x5=0x00000000
        7135000	       712	80000de0	fff11f03	lh	x30,-1(x2)	  x2:0x800085c1 x30=0x000007aa PA:0x800085c0
        7145000	       713	80000de4	016ac733	xor	x14,x21,x22	 x21:0x00000000 x22:0x00000236 x14=0x00000236
        7155000	       714	80000de8	017975b3	and	x11,x18,x23	 x18:0xc487fdc4 x23:0x00000000 x11=0x00000000
        7165000	       715	80000dec	6c310813	addi	x16,x2,1731	  x2:0x800085c1 x16=0x80008c84
        7175000	       716	80000df0	07b10f23	sb	x27,126(x2)	  x2:0x800085c1 x27:0x00000000 PA:0x8000863f
        7185000	       717	80000df4	016eebb3	or	x23,x29,x22	 x29:0x80009fe4 x22:0x00000236 x23=0x80009ff6
        7195000	       718	80000df8	fc511503	lh	x10,-59(x2)	  x2:0x800085c1 x10=0xffff807e PA:0x80008586
        7205000	       719	80000dfc	031104a3	sb	x17,41(x2)	  x2:0x800085c1 x17:0x80000c78 PA:0x800085ea
        7215000	       720	80000e00	fc114b03	lbu	x22,-63(x2)	  x2:0x800085c1 x22=0x000000c2 PA:0x80008582
        7225000	       721	80000e04	f9214983	lbu	x19,-110(x2)	  x2:0x800085c1 x19=0x000000d5 PA:0x80008553
        7235000	       722	80000e08	fb7114a3	sh	x23,-87(x2)	  x2:0x800085c1 x23:0x80009ff6 PA:0x8000856a
        7245000	       723	80000e0c	fd915283	lhu	x5,-39(x2)	  x2:0x800085c1  x5=0x00002093 PA:0x8000859a
        7255000	       724	80000e10	01a50eb3	add	x29,x10,x26	 x10:0xffff807e x26:0xffffffff x29=0xffff807d
        7265000	       725	80000e14	93b44ab7	lui	x21,0x93b44	 x21=0x93b44000
        7275000	       726	80000e18	731a2b13	slti	x22,x20,1841	 x20:0x000046c0 x22=0x00000000
        7285000	       727	80000e1c	0aa10f23	sb	x10,190(x2)	  x2:0x800085c1 x10:0xffff807e PA:0x8000867f
        7295000	       728	80000e20	00852533	slt	x10,x10,x8	 x10:0xffff807e  x8:0x00000000 x10=0x00000001
        7305000	       729	80000e24	08a14d03	lbu	x26,138(x2)	  x2:0x800085c1 x26=0x0000004e PA:0x8000864b
        7315000	       730	80000e28	982feb13	ori	x22,x31,-1662	 x31:0x00000001 x22=0xfffff983
        7325000	       731	80000e2c	2f212313	slti	x6,x2,754	  x2:0x800085c1  x6=0x00000001
        7335000	       732	80000e30	faf10703	lb	x14,-81(x2)	  x2:0x800085c1 x14=0xffffffe0 PA:0x80008570
        7345000	       733	80000e34	403302b3	sub	x5,x6,x3	  x6:0x00000001  x3:0x7fff633c  x5=0x80009cc5
        7355000	       734	80000e38	0034dc13	srli	x24,x9,0x3	  x9:0x3bb7f000 x24=0x0776fe00
        7365000	       735	80000e3c	fcf101a3	sb	x15,-61(x2)	  x2:0x800085c1 x15:0x7fff60d8 PA:0x80008584
        7375000	       736	80000e40	01e65a93	srli	x21,x12,0x1e	 x12:0x80009f7c x21=0x00000002
        7385000	       737	80000e44	aca3ed13	ori	x26,x7,-1334	  x7:0x80009fc4 x26=0xffffffce
        7395000	       738	80000e48	40030eb3	sub	x29,x6,x0	  x6:0x00000001  x0:0x00000000 x29=0x00000001
        7405000	       739	80000e4c	08d11e83	lh	x29,141(x2)	  x2:0x800085c1 x29=0x00000fc3 PA:0x8000864e
        7415000	       740	80000e50	06a14d83	lbu	x27,106(x2)	  x2:0x800085c1 x27=0x00000098 PA:0x8000862b
        7425000	       741	80000e54	f7fe2413	slti	x8,x28,-129	 x28:0xfffffdea  x8=0x00000001
        7435000	       742	80000e58	f5e10723	sb	x30,-178(x2)	  x2:0x800085c1 x30:0x000007aa PA:0x8000850f
        7445000	       743	80000e5c	03610983	lb	x19,54(x2)	  x2:0x800085c1 x19=0xfffffffc PA:0x800085f7
        7455000	       744	80000e60	01114503	lbu	x10,17(x2)	  x2:0x800085c1 x10=0x000000bc PA:0x800085d2
        7465000	       745	80000e64	f7312ba3	sw	x19,-137(x2)	  x2:0x800085c1 x19:0xfffffffc PA:0x80008538
        7475000	       746	80000e68	fad10f03	lb	x30,-83(x2)	  x2:0x800085c1 x30=0xffffffdd PA:0x8000856e
        7485000	       747	80000e6c	00008117	auipc	x2,0x8	  x2=0x80008e68
        7495000	       748	80000e70	dec10113	addi	x2,x2,-532	  x2:0x80008e68  x2=0x80008c54
        7505000	       749	80000e74	00008c17	auipc	x24,0x8	 x24=0x80008e70
        7515000	       750	80000e78	bc2c0c13	addi	x24,x24,-1086	 x24:0x80008e70 x24=0x80008a32
        7525000	       751	80000e7c	00008d97	auipc	x27,0x8	 x27=0x80008e78
        7535000	       752	80000e80	11dd8d93	addi	x27,x27,285	 x27:0x80008e78 x27=0x80008f95
        7545000	       753	80000e84	fe8109a3	sb	x8,-13(x2)	  x2:0x80008c54  x8:0x00000001 PA:0x80008c47
        7555000	       754	80000e88	e5fda183	lw	x3,-417(x27)	 x27:0x80008f95  x3=0xba2eeda3 PA:0x80008df4
        7565000	       755	80000e8c	fecd8f83	lb	x31,-20(x27)	 x27:0x80008f95 x31=0x0000001d PA:0x80008f81
        7575000	       756	80000e90	c4cd9ea3	sh	x12,-931(x27)	 x27:0x80008f95 x12:0x80009f7c PA:0x80008bf2
        7585000	       757	80000e94	00008097	auipc	x1,0x8	  x1=0x80008e90
        7595000	       758	80000e98	a6f08093	addi	x1,x1,-1425	  x1:0x80008e90  x1=0x800088ff
        7605000	       759	80000e9c	ff8c0183	lb	x3,-8(x24)	 x24:0x80008a32  x3=0xffffffdf PA:0x80008a2a
        7615000	       760	80000ea0	9cfd8703	lb	x14,-1585(x27)	 x27:0x80008f95 x14=0xffffffb9 PA:0x80008964
        7625000	       761	80000ea4	00008f17	auipc	x30,0x8	 x30=0x80008ea0
        7635000	       762	80000ea8	9e1f0f13	addi	x30,x30,-1567	 x30:0x80008ea0 x30=0x80008881
        7645000	       763	80000eac	00408a83	lb	x21,4(x1)	  x1:0x800088ff x21=0x0000002d PA:0x80008903
        7655000	       764	80000eb0	02714b03	lbu	x22,39(x2)	  x2:0x80008c54 x22=0x0000000b PA:0x80008c7b
        7665000	       765	80000eb4	ffb14303	lbu	x6,-5(x2)	  x2:0x80008c54  x6=0x000000c0 PA:0x80008c4f
        7675000	       766	80000eb8	417f13a3	sh	x23,1031(x30)	 x30:0x80008881 x23:0x80009ff6 PA:0x80008c88
        7685000	       767	80000ebc	02412823	sw	x4,48(x2)	  x2:0x80008c54  x4:0x00000001 PA:0x80008c84
        7695000	       768	80000ec0	fe1c0ba3	sb	x1,-9(x24)	 x24:0x80008a32  x1:0x800088ff PA:0x80008a29
        7705000	       769	80000ec4	fe0c0ea3	sb	x0,-3(x24)	 x24:0x80008a32  x0:0x00000000 PA:0x80008a2f
        7715000	       770	80000ec8	ffa08803	lb	x16,-6(x1)	  x1:0x800088ff x16=0x0000001c PA:0x800088f9
        7725000	       771	80000ecc	fe8099a3	sh	x8,-13(x1)	  x1:0x800088ff  x8:0x00000001 PA:0x800088f2
        7735000	       772	80000ed0	fefd9783	lh	x15,-17(x27)	 x27:0x80008f95 x15=0x000044d9 PA:0x80008f84
        7745000	       773	80000ed4	ff6c1e03	lh	x28,-10(x24)	 x24:0x80008a32 x28=0xffffffbf PA:0x80008a28
        7755000	       774	80000ed8	a8dd8023	sb	x13,-1408(x27)	 x27:0x80008f95 x13:0x00000000 PA:0x80008a15
        7765000	       775	80000edc	fff08003	lb	x0,-1(x1)	  x1:0x800088ff PA:0x800088fe
        7775000	       776	80000ee0	aebd8023	sb	x11,-1312(x27)	 x27:0x80008f95 x11:0x00000000 PA:0x80008a75
        7785000	       777	80000ee4	01208023	sb	x18,0(x1)	  x1:0x800088ff x18:0xc487fdc4 PA:0x800088ff
        7795000	       778	80000ee8	feb14883	lbu	x17,-21(x2)	  x2:0x80008c54 x17=0x000000ad PA:0x80008c3f
        7805000	       779	80000eec	08ef0d03	lb	x26,142(x30)	 x30:0x80008881 x26=0xffffffa2 PA:0x8000890f
        7815000	       780	80000ef0	ff70cf83	lbu	x31,-9(x1)	  x1:0x800088ff x31=0x0000001f PA:0x800088f6
        7825000	       781	80000ef4	955d9a03	lh	x20,-1707(x27)	 x27:0x80008f95 x20=0x000007ee PA:0x800088ea
        7835000	       782	80000ef8	fc211203	lh	x4,-62(x2)	  x2:0x80008c54  x4=0xffffa595 PA:0x80008c16
        7845000	       783	80000efc	09ef0923	sb	x30,146(x30)	 x30:0x80008881 x30:0x80008881 PA:0x80008913
        7855000	       784	80000f00	fe910403	lb	x8,-23(x2)	  x2:0x80008c54  x8=0x0000000a PA:0x80008c3d
        7865000	       785	80000f04	954d8183	lb	x3,-1708(x27)	 x27:0x80008f95  x3=0x0000007c PA:0x800088e9
        7875000	       786	80000f08	001c0503	lb	x10,1(x24)	 x24:0x80008a32 x10=0xffffffcf PA:0x80008a33
        7885000	       787	80000f0c	fee08c23	sb	x14,-8(x1)	  x1:0x800088ff x14:0xffffffb9 PA:0x800088f7
        7895000	       788	80000f10	f42dc003	lbu	x0,-190(x27)	 x27:0x80008f95 PA:0x80008ed7
        7905000	       789	80000f14	004c04a3	sb	x4,9(x24)	 x24:0x80008a32  x4:0xffffa595 PA:0x80008a3b
        7915000	       790	80000f18	ff308703	lb	x14,-13(x1)	  x1:0x800088ff x14=0x00000001 PA:0x800088f2
        7925000	       791	80000f1c	00412223	sw	x4,4(x2)	  x2:0x80008c54  x4:0xffffa595 PA:0x80008c58
        7935000	       792	80000f20	4a8f0b83	lb	x23,1192(x30)	 x30:0x80008881 x23=0xffffffe0 PA:0x80008d29
        7945000	       793	80000f24	ffec0d23	sb	x30,-6(x24)	 x24:0x80008a32 x30:0x80008881 PA:0x80008a2c
        7955000	       794	80000f28	ffbc1e23	sh	x27,-4(x24)	 x24:0x80008a32 x27:0x80008f95 PA:0x80008a2e
        7965000	       795	80000f2c	420f4003	lbu	x0,1056(x30)	 x30:0x80008881 PA:0x80008ca1
        7975000	       796	80000f30	2ff68593	addi	x11,x13,767	 x13:0x00000000 x11=0x000002ff
        7985000	       797	80000f34	03b26463	bltu	x4,x27,80000f5c	  x4:0xffffa595 x27:0x80008f95
        7995000	       798	80000f38	b677c313	xori	x6,x15,-1177	 x15:0x000044d9  x6=0xffffbfbe
        8005000	       799	80000f3c	00161033	sll	x0,x12,x1	 x12:0x80009f7c  x1:0x800088ff
        8015000	       800	80000f40	aee32313	slti	x6,x6,-1298	  x6:0xffffbfbe  x6=0x00000001
        8025000	       801	80000f44	0175a6b3	slt	x13,x11,x23	 x11:0x000002ff x23:0xffffffe0 x13=0x00000000
        8035000	       802	80000f48	9eeaff13	andi	x30,x21,-1554	 x21:0x0000002d x30=0x0000002c
        8045000	       803	80000f4c	008482b3	add	x5,x9,x8	  x9:0x3bb7f000  x8:0x0000000a  x5=0x3bb7f00a
        8055000	       804	80000f50	024d7063	bgeu	x26,x4,80000f70	 x26:0xffffffa2  x4:0xffffa595
        8065000	       805	00000000	00000013	addi	x0,x0,0	  x0:0x00000000
        8075000	       806	80000f6c	00000013	addi	x0,x0,0	  x0:0x00000000
        8085000	       807	80000f70	3d31c093	xori	x1,x3,979	  x3:0x0000007c  x1=0x000003af
        8095000	       808	80000f74	00000013	addi	x0,x0,0	  x0:0x00000000
        8105000	       809	80000f78	0a9dce63	blt	x27,x9,80001034	 x27:0x80008f95  x9:0x3bb7f000
        8115000	       810	00000000	00000013	addi	x0,x0,0	  x0:0x00000000
        8125000	       811	80001030	00000013	addi	x0,x0,0	  x0:0x00000000
        8135000	       812	80001034	01d07a33	and	x20,x0,x29	  x0:0x00000000 x29:0x00000fc3 x20=0x00000000
        8145000	       813	80001038	c4584f13	xori	x30,x16,-955	 x16:0x0000001c x30=0xfffffc59
        8155000	       814	8000103c	8f13c793	xori	x15,x7,-1807	  x7:0x80009fc4 x15=0x7fff6735
        8165000	       815	80001040	410b0bb3	sub	x23,x22,x16	 x22:0x0000000b x16:0x0000001c x23=0xffffffef
        8175000	       816	80001044	00e09f33	sll	x30,x1,x14	  x1:0x000003af x14:0x00000001 x30=0x0000075e
        8185000	       817	80001048	02551e63	bne	x10,x5,80001084	 x10:0xffffffcf  x5:0x3bb7f00a
        8195000	       818	00000000	00000013	addi	x0,x0,0	  x0:0x00000000
        8205000	       819	80001080	00000013	addi	x0,x0,0	  x0:0x00000000
        8215000	       820	80001084	62ce3f93	sltiu	x31,x28,1580	 x28:0xffffffbf x31=0x00000000
        8225000	       821	80001088	01809863	bne	x1,x24,80001098	  x1:0x000003af x24:0x80008a32
        8235000	       822	00000000	00000013	addi	x0,x0,0	  x0:0x00000000
        8245000	       823	80001094	00000013	addi	x0,x0,0	  x0:0x00000000
        8255000	       824	80001098	b9463213	sltiu	x4,x12,-1132	 x12:0x80009f7c  x4=0x00000001
        8265000	       825	8000109c	01504463	blt	x0,x21,800010a4	  x0:0x00000000 x21:0x0000002d
        8275000	       826	00000000	00000013	addi	x0,x0,0	  x0:0x00000000
        8285000	       827	800010a0	00000013	addi	x0,x0,0	  x0:0x00000000
        8295000	       828	800010a4	0285c663	blt	x11,x8,800010d0	 x11:0x000002ff  x8:0x0000000a
        8305000	       829	800010a8	4109a817	auipc	x16,0x4109a	 x16=0xc109b0a4
        8315000	       830	800010ac	011ab233	sltu	x4,x21,x17	 x21:0x0000002d x17:0x000000ad  x4=0x00000001
        8325000	       831	800010b0	005b1993	slli	x19,x22,0x5	 x22:0x0000000b x19=0x00000160
        8335000	       832	800010b4	04f3c463	blt	x7,x15,800010fc	  x7:0x80009fc4 x15:0x7fff6735
        8345000	       833	00000000	00000013	addi	x0,x0,0	  x0:0x00000000
        8355000	       834	800010f8	00000013	addi	x0,x0,0	  x0:0x00000000
        8365000	       835	800010fc	cda22713	slti	x14,x4,-806	  x4:0x00000001 x14=0x00000000
        8375000	       836	80001100	00c06663	bltu	x0,x12,8000110c	  x0:0x00000000 x12:0x80009f7c
        8385000	       837	00000000	00000013	addi	x0,x0,0	  x0:0x00000000
        8395000	       838	80001108	00000013	addi	x0,x0,0	  x0:0x00000000
        8405000	       839	8000110c	00e1b4b3	sltu	x9,x3,x14	  x3:0x0000007c x14:0x00000000  x9=0x00000000
        8415000	       840	80001110	41475413	srai	x8,x14,0x14	 x14:0x00000000  x8=0x00000000
        8425000	       841	80001114	40db5913	srai	x18,x22,0xd	 x22:0x0000000b x18=0x00000000
        8435000	       842	80001118	01f61033	sll	x0,x12,x31	 x12:0x80009f7c x31:0x00000000
        8445000	       843	8000111c	0066c4b3	xor	x9,x13,x6	 x13:0x00000000  x6:0x00000001  x9=0x00000001
        8455000	       844	80001120	00461db3	sll	x27,x12,x4	 x12:0x80009f7c  x4:0x00000001 x27=0x00013ef8
        8465000	       845	80001124	bbbf3f17	auipc	x30,0xbbbf3	 x30=0x3bbf4120
        8475000	       846	80001128	5e2f2e93	slti	x29,x30,1506	 x30:0x3bbf4120 x29=0x00000000
        8485000	       847	8000112c	001c6863	bltu	x24,x1,8000113c	 x24:0x80008a32  x1:0x000003af
        8495000	       848	80001130	4058d1b3	sra	x3,x17,x5	 x17:0x000000ad  x5:0x3bb7f00a  x3=0x00000000
        8505000	       849	80001134	20ec4193	xori	x3,x24,526	 x24:0x80008a32  x3=0x8000883c
        8515000	       850	80001138	02636a63	bltu	x6,x6,8000116c	  x6:0x00000001  x6:0x00000001
        8525000	       851	8000113c	c39e4313	xori	x6,x28,-967	 x28:0xffffffbf  x6=0x00000386
        8535000	       852	80001140	0345f063	bgeu	x11,x20,80001160	 x11:0x000002ff x20:0x00000000
        8545000	       853	00000000	00000013	addi	x0,x0,0	  x0:0x00000000
        8555000	       854	8000115c	00000013	addi	x0,x0,0	  x0:0x00000000
        8565000	       855	80001160	01f68263	beq	x13,x31,80001164	 x13:0x00000000 x31:0x00000000
        8575000	       856	00000000	00000013	addi	x0,x0,0	  x0:0x00000000
        8585000	       857	80001160	00000013	addi	x0,x0,0	  x0:0x00000000
        8595000	       858	80001164	02e87063	bgeu	x16,x14,80001184	 x16:0xc109b0a4 x14:0x00000000
        8605000	       859	00000000	00000013	addi	x0,x0,0	  x0:0x00000000
        8615000	       860	80001180	00000013	addi	x0,x0,0	  x0:0x00000000
        8625000	       861	80001184	e210b813	sltiu	x16,x1,-479	  x1:0x000003af x16=0x00000001
        8635000	       862	80001188	0144ac33	slt	x24,x9,x20	  x9:0x00000001 x20:0x00000000 x24=0x00000000
        8645000	       863	8000118c	00000013	addi	x0,x0,0	  x0:0x00000000
        8655000	       864	80001190	3f3d6113	ori	x2,x26,1011	 x26:0xffffffa2  x2=0xfffffff3
        8665000	       865	80001194	41680db3	sub	x27,x16,x22	 x16:0x00000001 x22:0x0000000b x27=0xfffffff6
        8675000	       866	80001198	00071c13	slli	x24,x14,0x0	 x14:0x00000000 x24=0x00000000
        8685000	       867	8000119c	00000013	addi	x0,x0,0	  x0:0x00000000
        8695000	       868	800011a0	8fc1ca13	xori	x20,x3,-1796	  x3:0x8000883c x20=0x7fff70c0
        8705000	       869	800011a4	4085d6b3	sra	x13,x11,x8	 x11:0x000002ff  x8:0x00000000 x13=0x000002ff
        8715000	       870	800011a8	9e080893	addi	x17,x16,-1568	 x16:0x00000001 x17=0xfffff9e1
        8725000	       871	800011ac	01faa433	slt	x8,x21,x31	 x21:0x0000002d x31:0x00000000  x8=0x00000000
        8735000	       872	800011b0	0177f2b3	and	x5,x15,x23	 x15:0x7fff6735 x23:0xffffffef  x5=0x7fff6725
        8745000	       873	800011b4	56a8fe97	auipc	x29,0x56a8f	 x29=0xd6a901b0
        8755000	       874	800011b8	2ee3e113	ori	x2,x7,750	  x7:0x80009fc4  x2=0x80009fee
        8765000	       875	800011bc	0056f033	and	x0,x13,x5	 x13:0x000002ff  x5:0x7fff6725
        8775000	       876	800011c0	beffbf13	sltiu	x30,x31,-1041	 x31:0x00000000 x30=0x00000001
        8785000	       877	800011c4	01b65593	srli	x11,x12,0x1b	 x12:0x80009f7c x11=0x00000010
        8795000	       878	800011c8	01458293	addi	x5,x11,20	 x11:0x00000010  x5=0x00000024
        8805000	       879	800011cc	4138d493	srai	x9,x17,0x13	 x17:0xfffff9e1  x9=0xffffffff
        8815000	       880	800011d0	cf633f93	sltiu	x31,x6,-778	  x6:0x00000386 x31=0x00000001
        8825000	       881	800011d4	00c3fdb3	and	x27,x7,x12	  x7:0x80009fc4 x12:0x80009f7c x27=0x80009f44
        8835000	       882	800011d8	0045ec33	or	x24,x11,x4	 x11:0x00000010  x4:0x00000001 x24=0x00000011
        8845000	       883	800011dc	a626ed93	ori	x27,x13,-1438	 x13:0x000002ff x27=0xfffffaff
        8855000	       884	800011e0	01364663	blt	x12,x19,800011ec	 x12:0x80009f7c x19:0x00000160
        8865000	       885	00000000	00000013	addi	x0,x0,0	  x0:0x00000000
        8875000	       886	800011e8	00000013	addi	x0,x0,0	  x0:0x00000000
        8885000	       887	800011ec	01ba2433	slt	x8,x20,x27	 x20:0x7fff70c0 x27:0xfffffaff  x8=0x00000000
        8895000	       888	800011f0	00000013	addi	x0,x0,0	  x0:0x00000000
        8905000	       889	800011f4	015d3a33	sltu	x20,x26,x21	 x26:0xffffffa2 x21:0x0000002d x20=0x00000000
        8915000	       890	800011f8	006dd913	srli	x18,x27,0x6	 x27:0xfffffaff x18=0x03ffffeb
        8925000	       891	800011fc	00d9da13	srli	x20,x19,0xd	 x19:0x00000160 x20=0x00000000
        8935000	       892	80001200	012b5f13	srli	x30,x22,0x12	 x22:0x0000000b x30=0x00000000
        8945000	       893	80001204	00262db3	slt	x27,x12,x2	 x12:0x80009f7c  x2:0x80009fee x27=0x00000001
        8955000	       894	80001208	0061f463	bgeu	x3,x6,80001210	  x3:0x8000883c  x6:0x00000386
        8965000	       895	00000000	00000013	addi	x0,x0,0	  x0:0x00000000
        8975000	       896	8000120c	00000013	addi	x0,x0,0	  x0:0x00000000
        8985000	       897	80001210	77115797	auipc	x15,0x77115	 x15=0xf711620c
        8995000	       898	80001214	01419833	sll	x16,x3,x20	  x3:0x8000883c x20:0x00000000 x16=0x8000883c
        9005000	       899	80001218	01daa2b3	slt	x5,x21,x29	 x21:0x0000002d x29:0xd6a901b0  x5=0x00000000
        9015000	       900	8000121c	000bd913	srli	x18,x23,0x0	 x23:0xffffffef x18=0xffffffef
        9025000	       901	80001220	704a7793	andi	x15,x20,1796	 x20:0x00000000 x15=0x00000000
        9035000	       902	80001224	00000013	addi	x0,x0,0	  x0:0x00000000
        9045000	       903	80001228	001a28b3	slt	x17,x20,x1	 x20:0x00000000  x1:0x000003af x17=0x00000001
        9055000	       904	8000122c	00462083	lw	x1,4(x12)	 x12:0x80009f7c  x1=0x80000d44 PA:0x80009f80
        9065000	       905	80001230	00860613	addi	x12,x12,8	 x12:0x80009f7c x12=0x80009f84
        9075000	       906	80001234	417c8533	sub	x10,x25,x23	 x25:0x00000005 x23:0xffffffef x10=0x00000016
        9085000	       907	80001238	9915fe13	andi	x28,x11,-1647	 x11:0x00000010 x28=0x00000010
        9095000	       908	8000123c	87f2ef13	ori	x30,x5,-1921	  x5:0x00000000 x30=0xfffff87f
        9105000	       909	80001240	00108d13	addi	x26,x1,1	  x1:0x80000d44 x26=0x80000d45
        9115000	       910	80001244	000d0d67	jalr	x26,x26,0	 x26:0x80000d45 x26=0x80001244
        9125000	       911	00000000	00000013	addi	x0,x0,0	  x0:0x00000000
        9135000	       912	80000d44	00000013	addi	x0,x0,0	  x0:0x00000000
        9145000	       913	80000d48	01f7de63	bge	x15,x31,80000d64	 x15:0x00000000 x31:0x00000001
        9155000	       914	80000d4c	0151a533	slt	x10,x3,x21	  x3:0x8000883c x21:0x0000002d x10=0x00000001
        9165000	       915	80000d50	86befb17	auipc	x22,0x86bef	 x22=0x06befd4c
        9175000	       916	80000d54	01d08463	beq	x1,x29,80000d5c	  x1:0x80000d44 x29:0xd6a901b0
        9185000	       917	80000d58	5fc2f493	andi	x9,x5,1532	  x5:0x00000000  x9=0x00000000
        9195000	       918	80000d5c	03ee6463	bltu	x28,x30,80000d84	 x28:0x00000010 x30:0xfffff87f
        9205000	       919	00000000	00000013	addi	x0,x0,0	  x0:0x00000000
        9215000	       920	80000d80	00000013	addi	x0,x0,0	  x0:0x00000000
        9225000	       921	80000d84	01235863	bge	x6,x18,80000d94	  x6:0x00000386 x18:0xffffffef
        9235000	       922	00000000	00000013	addi	x0,x0,0	  x0:0x00000000
        9245000	       923	80000d90	00000013	addi	x0,x0,0	  x0:0x00000000
        9255000	       924	80000d94	80d38d13	addi	x26,x7,-2035	  x7:0x80009fc4 x26=0x800097d1
        9265000	       925	80000d98	40d757b3	sra	x15,x14,x13	 x14:0x00000000 x13:0x000002ff x15=0x00000000
        9275000	       926	80000d9c	00000c97	auipc	x25,0x0	 x25=0x80000d98
        9285000	       927	80000da0	00cc8c93	addi	x25,x25,12	 x25:0x80000d98 x25=0x80000da4
        9295000	       928	80000da4	000c8067	jalr	x0,x25,0	 x25:0x80000da4
        9305000	       929	00000000	00000013	addi	x0,x0,0	  x0:0x00000000
        9315000	       930	80000da4	00000013	addi	x0,x0,0	  x0:0x00000000
        9325000	       931	80000da8	00100193	addi	x3,x0,1	  x0:0x00000000  x3=0x00000001
        9335000	       932	80000dac	00000073	ecall	
        9345000	       933	80000db0	ff860613	addi	x12,x12,-8	 x12:0x80009f84 x12=0x80009f7c
