		Time			Cycle	PC		Insn	Decoded instruction	Register and memory contents
          65000	         5	80000004	00000293	addi	x5,x0,0	  x0:0x00000000  x5=0x00000000
          75000	         6	80000008	00000313	addi	x6,x0,0	  x0:0x00000000  x6=0x00000000
          85000	         7	8000000c	00628263	beq	x5,x6,80000010	  x5:0x00000000  x6:0x00000000
          95000	         8	00000000	00000013	addi	x0,x0,0	  x0:0x00000000
         105000	         9	8000000c	00000013	addi	x0,x0,0	  x0:0x00000000
         115000	        10	80000010	00000e97	auipc	x29,0x0	 x29=0x8000000c
         125000	        11	80000014	00ce8e93	addi	x29,x29,12	 x29:0x8000000c x29=0x80000018
         135000	        12	80000018	000e8067	jalr	x0,x29,0	 x29:0x80000018
         145000	        13	00000000	00000013	addi	x0,x0,0	  x0:0x00000000
         155000	        14	80000018	00000013	addi	x0,x0,0	  x0:0x00000000
         165000	        15	8000001c	40000237	lui	x4,0x40000	  x4=0x40000000
         175000	        16	80000020	10020213	addi	x4,x4,256	  x4:0x40000000  x4=0x40000100
         185000	        17	80000024	00000013	addi	x0,x0,0	  x0:0x00000000
         195000	        18	80000028	0000a897	auipc	x17,0xa	 x17=0x8000a024
         205000	        19	8000002c	fa088893	addi	x17,x17,-96	 x17:0x8000a024 x17=0x80009fc4
         215000	        20	80000030	00002217	auipc	x4,0x2	  x4=0x8000202c
         225000	        21	80000034	ee420213	addi	x4,x4,-284	  x4:0x8000202c  x4=0x80001f10
         235000	        22	80000038	00026213	ori	x4,x4,0	  x4:0x80001f10  x4=0x80001f10
         245000	        23	8000003c	00000013	addi	x0,x0,0	  x0:0x00000000
         255000	        24	80000040	00000217	auipc	x4,0x0	  x4=0x8000003c
         265000	        25	80000044	02020213	addi	x4,x4,32	  x4:0x8000003c  x4=0x8000005c
         275000	        26	80000048	00000013	addi	x0,x0,0	  x0:0x00000000
         285000	        27	8000004c	00000013	addi	x0,x0,0	  x0:0x00000000
         295000	        28	80000050	00002237	lui	x4,0x2	  x4=0x00002000
         305000	        29	80000054	80020213	addi	x4,x4,-2048	  x4:0x00002000  x4=0x00001800
         315000	        30	80000058	00000013	addi	x0,x0,0	  x0:0x00000000
         325000	        31	8000005c	00000013	addi	x0,x0,0	  x0:0x00000000
         335000	        32	80000060	00000013	addi	x0,x0,0	  x0:0x00000000
         345000	        33	80000064	00b00093	addi	x1,x0,11	  x0:0x00000000  x1=0x0000000b
         355000	        34	80000068	00000113	addi	x2,x0,0	  x0:0x00000000  x2=0x00000000
         365000	        35	8000006c	800001b7	lui	x3,0x80000	  x3=0x80000000
         375000	        36	80000070	b6a4f237	lui	x4,0xb6a4f	  x4=0xb6a4f000
         385000	        37	80000074	8f120213	addi	x4,x4,-1807	  x4:0xb6a4f000  x4=0xb6a4e8f1
         395000	        38	80000078	800002b7	lui	x5,0x80000	  x5=0x80000000
         405000	        39	8000007c	fb800337	lui	x6,0xfb800	  x6=0xfb800000
         415000	        40	80000080	94730313	addi	x6,x6,-1721	  x6:0xfb800000  x6=0xfb7ff947
         425000	        41	80000084	f61ac437	lui	x8,0xf61ac	  x8=0xf61ac000
         435000	        42	80000088	3b740413	addi	x8,x8,951	  x8:0xf61ac000  x8=0xf61ac3b7
         445000	        43	8000008c	00c00493	addi	x9,x0,12	  x0:0x00000000  x9=0x0000000c
         455000	        44	80000090	00f00513	addi	x10,x0,15	  x0:0x00000000 x10=0x0000000f
         465000	        45	80000094	800005b7	lui	x11,0x80000	 x11=0x80000000
         475000	        46	80000098	00800613	addi	x12,x0,8	  x0:0x00000000 x12=0x00000008
         485000	        47	8000009c	00000693	addi	x13,x0,0	  x0:0x00000000 x13=0x00000000
         495000	        48	800000a0	ed068737	lui	x14,0xed068	 x14=0xed068000
         505000	        49	800000a4	ced70713	addi	x14,x14,-787	 x14:0xed068000 x14=0xed067ced
         515000	        50	800000a8	00000793	addi	x15,x0,0	  x0:0x00000000 x15=0x00000000
         525000	        51	800000ac	03377837	lui	x16,0x3377	 x16=0x03377000
         535000	        52	800000b0	87c80813	addi	x16,x16,-1924	 x16:0x03377000 x16=0x0337687c
         545000	        53	800000b4	fa35c937	lui	x18,0xfa35c	 x18=0xfa35c000
         555000	        54	800000b8	f4d90913	addi	x18,x18,-179	 x18:0xfa35c000 x18=0xfa35bf4d
         565000	        55	800000bc	00000993	addi	x19,x0,0	  x0:0x00000000 x19=0x00000000
         575000	        56	800000c0	a7327a37	lui	x20,0xa7327	 x20=0xa7327000
         585000	        57	800000c4	b3fa0a13	addi	x20,x20,-1217	 x20:0xa7327000 x20=0xa7326b3f
         595000	        58	800000c8	80000ab7	lui	x21,0x80000	 x21=0x80000000
         605000	        59	800000cc	f8f3fb37	lui	x22,0xf8f3f	 x22=0xf8f3f000
         615000	        60	800000d0	19bb0b13	addi	x22,x22,411	 x22:0xf8f3f000 x22=0xf8f3f19b
         625000	        61	800000d4	00d00b93	addi	x23,x0,13	  x0:0x00000000 x23=0x0000000d
         635000	        62	800000d8	00900c13	addi	x24,x0,9	  x0:0x00000000 x24=0x00000009
         645000	        63	800000dc	80000cb7	lui	x25,0x80000	 x25=0x80000000
         655000	        64	800000e0	00000d13	addi	x26,x0,0	  x0:0x00000000 x26=0x00000000
         665000	        65	800000e4	00800d93	addi	x27,x0,8	  x0:0x00000000 x27=0x00000008
         675000	        66	800000e8	80000e37	lui	x28,0x80000	 x28=0x80000000
         685000	        67	800000ec	00e00e93	addi	x29,x0,14	  x0:0x00000000 x29=0x0000000e
         695000	        68	800000f0	cdde9f37	lui	x30,0xcdde9	 x30=0xcdde9000
         705000	        69	800000f4	e1ff0f13	addi	x30,x30,-481	 x30:0xcdde9000 x30=0xcdde8e1f
         715000	        70	800000f8	ff8dcfb7	lui	x31,0xff8dc	 x31=0xff8dc000
         725000	        71	800000fc	eecf8f93	addi	x31,x31,-276	 x31:0xff8dc000 x31=0xff8dbeec
         735000	        72	80000100	0000a397	auipc	x7,0xa	  x7=0x8000a0fc
         745000	        73	80000104	e8838393	addi	x7,x7,-376	  x7:0x8000a0fc  x7=0x80009f84
         755000	        74	80000108	00107933	and	x18,x0,x1	  x0:0x00000000  x1:0x0000000b x18=0x00000000
         765000	        75	8000010c	00001a97	auipc	x21,0x1	 x21=0x80001108
         775000	        76	80000110	07ca8a93	addi	x21,x21,124	 x21:0x80001108 x21=0x80001184
         785000	        77	80000114	3f872d93	slti	x27,x14,1016	 x14:0xed067ced x27=0x00000001
         795000	        78	80000118	41458233	sub	x4,x11,x20	 x11:0x80000000 x20:0xa7326b3f  x4=0xd8cd94c1
         805000	        79	8000011c	cf3e0413	addi	x8,x28,-781	 x28:0x80000000  x8=0x7ffffcf3
         815000	        80	80000120	f9fa8a93	addi	x21,x21,-97	 x21:0x80001184 x21=0x80001123
         825000	        81	80000124	00962bb3	slt	x23,x12,x9	 x12:0x00000008  x9:0x0000000c x23=0x00000001
         835000	        82	80000128	001b60b3	or	x1,x22,x1	 x22:0xf8f3f19b  x1:0x0000000b  x1=0xf8f3f19b
         845000	        83	8000012c	01631863	bne	x6,x22,8000013c	  x6:0xfb7ff947 x22:0xf8f3f19b
         855000	        84	00000000	00000013	addi	x0,x0,0	  x0:0x00000000
         865000	        85	80000138	00000013	addi	x0,x0,0	  x0:0x00000000
         875000	        86	8000013c	062a80e7	jalr	x1,x21,98	 x21:0x80001123  x1=0x8000013c
         885000	        87	00000000	00000013	addi	x0,x0,0	  x0:0x00000000
         895000	        88	80001184	00000013	addi	x0,x0,0	  x0:0x00000000
         905000	        89	80001188	fd038393	addi	x7,x7,-48	  x7:0x80009f84  x7=0x80009f54
         915000	        90	8000118c	0147b333	sltu	x6,x15,x20	 x15:0x00000000 x20:0xa7326b3f  x6=0x00000001
         925000	        91	80001190	418386b3	sub	x13,x7,x24	  x7:0x80009f54 x24:0x00000009 x13=0x80009f4b
         935000	        92	80001194	6105fc93	andi	x25,x11,1552	 x11:0x80000000 x25=0x00000000
         945000	        93	80001198	0013a223	sw	x1,4(x7)	  x7:0x80009f54  x1:0x8000013c PA:0x80009f58
         955000	        94	8000119c	007aa533	slt	x10,x21,x7	 x21:0x80001123  x7:0x80009f54 x10=0x00000001
         965000	        95	800011a0	4020dd33	sra	x26,x1,x2	  x1:0x8000013c  x2:0x00000000 x26=0x8000013c
         975000	        96	800011a4	00008617	auipc	x12,0x8	 x12=0x800091a0
         985000	        97	800011a8	9f360613	addi	x12,x12,-1549	 x12:0x800091a0 x12=0x80008b93
         995000	        98	800011ac	00007d17	auipc	x26,0x7	 x26=0x800081a8
        1005000	        99	800011b0	7c6d0d13	addi	x26,x26,1990	 x26:0x800081a8 x26=0x8000896e
        1015000	       100	800011b4	00b60823	sb	x11,16(x12)	 x12:0x80008b93 x11:0x80000000 PA:0x80008ba3
        1025000	       101	800011b8	00008097	auipc	x1,0x8	  x1=0x800091b4
        1035000	       102	800011bc	b6108093	addi	x1,x1,-1183	  x1:0x800091b4  x1=0x80008d15
        1045000	       103	800011c0	216d1a23	sh	x22,532(x26)	 x26:0x8000896e x22:0xf8f3f19b PA:0x80008b82
        1055000	       104	800011c4	bff08723	sb	x31,-1042(x1)	  x1:0x80008d15 x31:0xff8dbeec PA:0x80008903
        1065000	       105	800011c8	409d0103	lb	x2,1033(x26)	 x26:0x8000896e  x2=0x00000000 PA:0x80008d77
        1075000	       106	800011cc	4a4d1423	sh	x4,1192(x26)	 x26:0x8000896e  x4:0xd8cd94c1 PA:0x80008e16
        1085000	       107	800011d0	fd364f03	lbu	x30,-45(x12)	 x12:0x80008b93 x30=0x00000000 PA:0x80008b66
        1095000	       108	800011d4	cf20ce03	lbu	x28,-782(x1)	  x1:0x80008d15 x28=0x00000000 PA:0x80008a07
        1105000	       109	800011d8	4bbd0c23	sb	x27,1208(x26)	 x26:0x8000896e x27:0x00000001 PA:0x80008e26
        1115000	       110	800011dc	1f308403	lb	x8,499(x1)	  x1:0x80008d15  x8=0x00000000 PA:0x80008f08
        1125000	       111	800011e0	20ad1903	lh	x18,522(x26)	 x26:0x8000896e x18=0x00000000 PA:0x80008b78
        1135000	       112	800011e4	e2c08103	lb	x2,-468(x1)	  x1:0x80008d15  x2=0x00000000 PA:0x80008b41
        1145000	       113	800011e8	fc764483	lbu	x9,-57(x12)	 x12:0x80008b93  x9=0x00000000 PA:0x80008b5a
        1155000	       114	800011ec	fe4618a3	sh	x4,-15(x12)	 x12:0x80008b93  x4:0xd8cd94c1 PA:0x80008b84
        1165000	       115	800011f0	138080a3	sb	x24,289(x1)	  x1:0x80008d15 x24:0x00000009 PA:0x80008e36
        1175000	       116	800011f4	3e1d4503	lbu	x10,993(x26)	 x26:0x8000896e x10=0x00000000 PA:0x80008d4f
        1185000	       117	800011f8	01860103	lb	x2,24(x12)	 x12:0x80008b93  x2=0x00000000 PA:0x80008bab
        1195000	       118	800011fc	00008117	auipc	x2,0x8	  x2=0x800091f8
        1205000	       119	80001200	c8710113	addi	x2,x2,-889	  x2:0x800091f8  x2=0x80008e7f
        1215000	       120	80001204	ff514f83	lbu	x31,-11(x2)	  x2:0x80008e7f x31=0x00000000 PA:0x80008e74
        1225000	       121	80001208	ffc10d03	lb	x26,-4(x2)	  x2:0x80008e7f x26=0x00000000 PA:0x80008e7b
        1235000	       122	8000120c	ffe10e23	sb	x30,-4(x2)	  x2:0x80008e7f x30:0x00000000 PA:0x80008e7b
        1245000	       123	80001210	ffc14b03	lbu	x22,-4(x2)	  x2:0x80008e7f x22=0x00000000 PA:0x80008e7b
        1255000	       124	80001214	00810c83	lb	x25,8(x2)	  x2:0x80008e7f x25=0x00000000 PA:0x80008e87
        1265000	       125	80001218	00096933	or	x18,x18,x0	 x18:0x00000000  x0:0x00000000 x18=0x00000000
        1275000	       126	8000121c	00814683	lbu	x13,8(x2)	  x2:0x80008e7f x13=0x00000000 PA:0x80008e87
        1285000	       127	80001220	00310b03	lb	x22,3(x2)	  x2:0x80008e7f x22=0x00000000 PA:0x80008e82
        1295000	       128	80001224	00c10983	lb	x19,12(x2)	  x2:0x80008e7f x19=0x00000000 PA:0x80008e8b
        1305000	       129	80001228	00010123	sb	x0,2(x2)	  x2:0x80008e7f  x0:0x00000000 PA:0x80008e81
        1315000	       130	8000122c	00210683	lb	x13,2(x2)	  x2:0x80008e7f x13=0x00000000 PA:0x80008e81
        1325000	       131	80001230	ff814283	lbu	x5,-8(x2)	  x2:0x80008e7f  x5=0x00000000 PA:0x80008e77
        1335000	       132	80001234	ff810083	lb	x1,-8(x2)	  x2:0x80008e7f  x1=0x00000000 PA:0x80008e77
        1345000	       133	80001238	01a115a3	sh	x26,11(x2)	  x2:0x80008e7f x26:0x00000000 PA:0x80008e8a
        1355000	       134	8000123c	ffa10f23	sb	x26,-2(x2)	  x2:0x80008e7f x26:0x00000000 PA:0x80008e7d
        1365000	       135	80001240	00008117	auipc	x2,0x8	  x2=0x8000923c
        1375000	       136	80001244	b4b10113	addi	x2,x2,-1205	  x2:0x8000923c  x2=0x80008d87
        1385000	       137	80001248	fef14483	lbu	x9,-17(x2)	  x2:0x80008d87  x9=0x00000000 PA:0x80008d76
        1395000	       138	8000124c	00000013	addi	x0,x0,0	  x0:0x00000000
        1405000	       139	80001250	019e7833	and	x16,x28,x25	 x28:0x00000000 x25:0x00000000 x16=0x00000000
        1415000	       140	80001254	fe910683	lb	x13,-23(x2)	  x2:0x80008d87 x13=0x00000000 PA:0x80008d70
        1425000	       141	80001258	fdd116a3	sh	x29,-51(x2)	  x2:0x80008d87 x29:0x0000000e PA:0x80008d54
        1435000	       142	8000125c	aafaf4b7	lui	x9,0xaafaf	  x9=0xaafaf000
        1445000	       143	80001260	40b0d693	srai	x13,x1,0xb	  x1:0x00000000 x13=0x00000000
        1455000	       144	80001264	ff514b03	lbu	x22,-11(x2)	  x2:0x80008d87 x22=0x00000000 PA:0x80008d7c
        1465000	       145	80001268	ff910723	sb	x25,-18(x2)	  x2:0x80008d87 x25:0x00000000 PA:0x80008d75
        1475000	       146	8000126c	00a111a3	sh	x10,3(x2)	  x2:0x80008d87 x10:0x00000000 PA:0x80008d8a
        1485000	       147	80001270	85647f93	andi	x31,x8,-1962	  x8:0x00000000 x31=0x00000000
        1495000	       148	80001274	fc0115a3	sh	x0,-53(x2)	  x2:0x80008d87  x0:0x00000000 PA:0x80008d52
        1505000	       149	80001278	01f14183	lbu	x3,31(x2)	  x2:0x80008d87  x3=0x00000000 PA:0x80008da6
        1515000	       150	8000127c	0c1d4493	xori	x9,x26,193	 x26:0x00000000  x9=0x000000c1
        1525000	       151	80001280	ff010823	sb	x16,-16(x2)	  x2:0x80008d87 x16:0x00000000 PA:0x80008d77
        1535000	       152	80001284	fe710123	sb	x7,-30(x2)	  x2:0x80008d87  x7:0x80009f54 PA:0x80008d69
        1545000	       153	80001288	012114a3	sh	x18,9(x2)	  x2:0x80008d87 x18:0x00000000 PA:0x80008d90
        1555000	       154	8000128c	409c8733	sub	x14,x25,x9	 x25:0x00000000  x9:0x000000c1 x14=0xffffff3f
        1565000	       155	80001290	fe814483	lbu	x9,-24(x2)	  x2:0x80008d87  x9=0x00000000 PA:0x80008d6f
        1575000	       156	80001294	00ed7bb3	and	x23,x26,x14	 x26:0x00000000 x14:0xffffff3f x23=0x00000000
        1585000	       157	80001298	01410783	lb	x15,20(x2)	  x2:0x80008d87 x15=0x00000000 PA:0x80008d9b
        1595000	       158	8000129c	ffa114a3	sh	x26,-23(x2)	  x2:0x80008d87 x26:0x00000000 PA:0x80008d70
        1605000	       159	800012a0	03e10703	lb	x14,62(x2)	  x2:0x80008d87 x14=0x00000000 PA:0x80008dc5
        1615000	       160	800012a4	fd810b03	lb	x22,-40(x2)	  x2:0x80008d87 x22=0x00000000 PA:0x80008d5f
        1625000	       161	800012a8	02614303	lbu	x6,38(x2)	  x2:0x80008d87  x6=0x00000000 PA:0x80008dad
        1635000	       162	800012ac	0030c9b3	xor	x19,x1,x3	  x1:0x00000000  x3:0x00000000 x19=0x00000000
        1645000	       163	800012b0	ff1115a3	sh	x17,-21(x2)	  x2:0x80008d87 x17:0x80009fc4 PA:0x80008d72
        1655000	       164	800012b4	01914f03	lbu	x30,25(x2)	  x2:0x80008d87 x30=0x00000000 PA:0x80008da0
        1665000	       165	800012b8	02010203	lb	x4,32(x2)	  x2:0x80008d87  x4=0x00000000 PA:0x80008da7
        1675000	       166	800012bc	6700f713	andi	x14,x1,1648	  x1:0x00000000 x14=0x00000000
        1685000	       167	800012c0	017641b3	xor	x3,x12,x23	 x12:0x80008b93 x23:0x00000000  x3=0x80008b93
        1695000	       168	800012c4	40af0fb3	sub	x31,x30,x10	 x30:0x00000000 x10:0x00000000 x31=0x00000000
        1705000	       169	800012c8	00d96fb3	or	x31,x18,x13	 x18:0x00000000 x13:0x00000000 x31=0x00000000
        1715000	       170	800012cc	78b90c17	auipc	x24,0x78b90	 x24=0xf8b912c8
        1725000	       171	800012d0	fe410483	lb	x9,-28(x2)	  x2:0x80008d87  x9=0x00000000 PA:0x80008d6b
        1735000	       172	800012d4	03d14583	lbu	x11,61(x2)	  x2:0x80008d87 x11=0x00000000 PA:0x80008dc4
        1745000	       173	800012d8	0b1ed497	auipc	x9,0xb1ed	  x9=0x8b1ee2d4
        1755000	       174	800012dc	00d30fb3	add	x31,x6,x13	  x6:0x00000000 x13:0x00000000 x31=0x00000000
        1765000	       175	800012e0	fd310683	lb	x13,-45(x2)	  x2:0x80008d87 x13=0x00000000 PA:0x80008d5a
        1775000	       176	800012e4	01b55413	srli	x8,x10,0x1b	 x10:0x00000000  x8=0x00000000
        1785000	       177	800012e8	01114203	lbu	x4,17(x2)	  x2:0x80008d87  x4=0x00000000 PA:0x80008d98
        1795000	       178	800012ec	ffc14a03	lbu	x20,-4(x2)	  x2:0x80008d87 x20=0x00000000 PA:0x80008d83
        1805000	       179	800012f0	fe914283	lbu	x5,-23(x2)	  x2:0x80008d87  x5=0x00000000 PA:0x80008d70
        1815000	       180	800012f4	fd110f23	sb	x17,-34(x2)	  x2:0x80008d87 x17:0x80009fc4 PA:0x80008d65
        1825000	       181	800012f8	01a14983	lbu	x19,26(x2)	  x2:0x80008d87 x19=0x00000000 PA:0x80008da1
        1835000	       182	800012fc	01a14083	lbu	x1,26(x2)	  x2:0x80008d87  x1=0x00000000 PA:0x80008da1
        1845000	       183	00000000	00000013	addi	x0,x0,0	  x0:0x00000000
        1855000	       184	80001300	00008697	auipc	x13,0x8	 x13=0x800092fc
        1865000	       185	80001304	99c68693	addi	x13,x13,-1636	 x13:0x800092fc x13=0x80008c98
        1875000	       186	80001308	efb6c783	lbu	x15,-261(x13)	 x13:0x80008c98 x15=0x00000000 PA:0x80008b93
        1885000	       187	8000130c	efb6c983	lbu	x19,-261(x13)	 x13:0x80008c98 x19=0x00000000 PA:0x80008b93
        1895000	       188	80001310	efb6c203	lbu	x4,-261(x13)	 x13:0x80008c98  x4=0x00000000 PA:0x80008b93
        1905000	       189	80001314	ef068da3	sb	x16,-261(x13)	 x13:0x80008c98 x16:0x00000000 PA:0x80008b93
        1915000	       190	80001318	efb68d03	lb	x26,-261(x13)	 x13:0x80008c98 x26=0x00000000 PA:0x80008b93
        1925000	       191	8000131c	ee668da3	sb	x6,-261(x13)	 x13:0x80008c98  x6:0x00000000 PA:0x80008b93
        1935000	       192	80001320	efb68f83	lb	x31,-261(x13)	 x13:0x80008c98 x31=0x00000000 PA:0x80008b93
        1945000	       193	80001324	efb68f03	lb	x30,-261(x13)	 x13:0x80008c98 x30=0x00000000 PA:0x80008b93
        1955000	       194	80001328	efb68003	lb	x0,-261(x13)	 x13:0x80008c98 PA:0x80008b93
        1965000	       195	8000132c	efb6cf83	lbu	x31,-261(x13)	 x13:0x80008c98 x31=0x00000000 PA:0x80008b93
        1975000	       196	80001330	cdcd74b7	lui	x9,0xcdcd7	  x9=0xcdcd7000
        1985000	       197	80001334	efb6c403	lbu	x8,-261(x13)	 x13:0x80008c98  x8=0x00000000 PA:0x80008b93
        1995000	       198	80001338	01ee9a93	slli	x21,x29,0x1e	 x29:0x0000000e x21=0x80000000
        2005000	       199	8000133c	efb6ca03	lbu	x20,-261(x13)	 x13:0x80008c98 x20=0x00000000 PA:0x80008b93
        2015000	       200	00000000	00000013	addi	x0,x0,0	  x0:0x00000000
        2025000	       201	80001340	00ba5213	srli	x4,x20,0xb	 x20:0x00000000  x4=0x00000000
        2035000	       202	80001344	efb6c503	lbu	x10,-261(x13)	 x13:0x80008c98 x10=0x00000000 PA:0x80008b93
        2045000	       203	80001348	00008197	auipc	x3,0x8	  x3=0x80009344
        2055000	       204	8000134c	b9b18193	addi	x3,x3,-1125	  x3:0x80009344  x3=0x80008edf
        2065000	       205	80001350	fd518583	lb	x11,-43(x3)	  x3:0x80008edf x11=0x00000000 PA:0x80008eb4
        2075000	       206	80001354	00c18d23	sb	x12,26(x3)	  x3:0x80008edf x12:0x80008b93 PA:0x80008ef9
        2085000	       207	80001358	01a18603	lb	x12,26(x3)	  x3:0x80008edf x12=0xffffff93 PA:0x80008ef9
        2095000	       208	8000135c	fdf1db83	lhu	x23,-33(x3)	  x3:0x80008edf x23=0x00000000 PA:0x80008ebe
        2105000	       209	80001360	fdf1d503	lhu	x10,-33(x3)	  x3:0x80008edf x10=0x00000000 PA:0x80008ebe
        2115000	       210	80001364	fdf1c703	lbu	x14,-33(x3)	  x3:0x80008edf x14=0x00000000 PA:0x80008ebe
        2125000	       211	80001368	fdf19d83	lh	x27,-33(x3)	  x3:0x80008edf x27=0x00000000 PA:0x80008ebe
        2135000	       212	8000136c	fd01c483	lbu	x9,-48(x3)	  x3:0x80008edf  x9=0x00000000 PA:0x80008eaf
        2145000	       213	80001370	02418d23	sb	x4,58(x3)	  x3:0x80008edf  x4:0x00000000 PA:0x80008f19
        2155000	       214	80001374	03a18403	lb	x8,58(x3)	  x3:0x80008edf  x8=0x00000000 PA:0x80008f19
        2165000	       215	80001378	01174033	xor	x0,x14,x17	 x14:0x00000000 x17:0x80009fc4
        2175000	       216	8000137c	03a1c403	lbu	x8,58(x3)	  x3:0x80008edf  x8=0x00000000 PA:0x80008f19
        2185000	       217	80001380	03a1c683	lbu	x13,58(x3)	  x3:0x80008edf x13=0x00000000 PA:0x80008f19
        2195000	       218	00000000	00000013	addi	x0,x0,0	  x0:0x00000000
        2205000	       219	80001384	02d18d23	sb	x13,58(x3)	  x3:0x80008edf x13:0x00000000 PA:0x80008f19
        2215000	       220	80001388	03a18483	lb	x9,58(x3)	  x3:0x80008edf  x9=0x00000000 PA:0x80008f19
        2225000	       221	8000138c	ff31c403	lbu	x8,-13(x3)	  x3:0x80008edf  x8=0x00000000 PA:0x80008ed2
        2235000	       222	80001390	ff31d103	lhu	x2,-13(x3)	  x3:0x80008edf  x2=0x00000000 PA:0x80008ed2
        2245000	       223	80001394	ffb189a3	sb	x27,-13(x3)	  x3:0x80008edf x27:0x00000000 PA:0x80008ed2
        2255000	       224	80001398	ff31da03	lhu	x20,-13(x3)	  x3:0x80008edf x20=0x00000000 PA:0x80008ed2
        2265000	       225	8000139c	00007a97	auipc	x21,0x7	 x21=0x80008398
        2275000	       226	800013a0	678a8a93	addi	x21,x21,1656	 x21:0x80008398 x21=0x80008a10
        2285000	       227	800013a4	fc4ad183	lhu	x3,-60(x21)	 x21:0x80008a10  x3=0x00000000 PA:0x800089d4
        2295000	       228	800013a8	00008797	auipc	x15,0x8	 x15=0x800093a4
        2305000	       229	800013ac	c2578793	addi	x15,x15,-987	 x15:0x800093a4 x15=0x80008fc9
        2315000	       230	800013b0	f417d503	lhu	x10,-191(x15)	 x15:0x80008fc9 x10=0x00000000 PA:0x80008f0a
        2325000	       231	800013b4	00007617	auipc	x12,0x7	 x12=0x800083b0
        2335000	       232	800013b8	4a860613	addi	x12,x12,1192	 x12:0x800083b0 x12=0x80008858
        2345000	       233	800013bc	ff8a80a3	sb	x24,-31(x21)	 x21:0x80008a10 x24:0xf8b912c8 PA:0x800089f1
        2355000	       234	800013c0	fcca9923	sh	x12,-46(x21)	 x21:0x80008a10 x12:0x80008858 PA:0x800089e2
        2365000	       235	800013c4	ff664b83	lbu	x23,-10(x12)	 x12:0x80008858 x23=0x00000000 PA:0x8000884e
        2375000	       236	800013c8	02ca9a23	sh	x12,52(x21)	 x21:0x80008a10 x12:0x80008858 PA:0x80008a44
        2385000	       237	800013cc	f8778683	lb	x13,-121(x15)	 x15:0x80008fc9 x13=0x00000000 PA:0x80008f50
        2395000	       238	800013d0	ff7ac183	lbu	x3,-9(x21)	 x21:0x80008a10  x3=0x00000000 PA:0x80008a07
        2405000	       239	800013d4	ff061d03	lh	x26,-16(x12)	 x12:0x80008858 x26=0x00000000 PA:0x80008848
        2415000	       240	800013d8	ff465003	lhu	x0,-12(x12)	 x12:0x80008858 PA:0x8000884c
        2425000	       241	800013dc	ff47c003	lbu	x0,-12(x15)	 x15:0x80008fc9 PA:0x80008fbd
        2435000	       242	800013e0	006a9b83	lh	x23,6(x21)	 x21:0x80008a10 x23=0x00000000 PA:0x80008a16
        2445000	       243	800013e4	00560903	lb	x18,5(x12)	 x12:0x80008858 x18=0x00000000 PA:0x8000885d
        2455000	       244	800013e8	029a8003	lb	x0,41(x21)	 x21:0x80008a10 PA:0x80008a39
        2465000	       245	800013ec	fc2aa023	sw	x2,-64(x21)	 x21:0x80008a10  x2:0x00000000 PA:0x800089d0
        2475000	       246	800013f0	ffd78583	lb	x11,-3(x15)	 x15:0x80008fc9 x11=0x00000000 PA:0x80008fc6
        2485000	       247	800013f4	00160c03	lb	x24,1(x12)	 x12:0x80008858 x24=0x00000000 PA:0x80008859
        2495000	       248	800013f8	fe4aa583	lw	x11,-28(x21)	 x21:0x80008a10 x11=0x00000000 PA:0x800089f4
        2505000	       249	800013fc	01760523	sb	x23,10(x12)	 x12:0x80008858 x23:0x00000000 PA:0x80008862
        2515000	       250	80001400	fde78d23	sb	x30,-38(x15)	 x15:0x80008fc9 x30:0x00000000 PA:0x80008fa3
        2525000	       251	80001404	040aa003	lw	x0,64(x21)	 x21:0x80008a10 PA:0x80008a50
        2535000	       252	80001408	00c605a3	sb	x12,11(x12)	 x12:0x80008858 x12:0x80008858 PA:0x80008863
        2545000	       253	8000140c	00007c97	auipc	x25,0x7	 x25=0x80008408
        2555000	       254	80001410	d13c8c93	addi	x25,x25,-749	 x25:0x80008408 x25=0x8000811b
        2565000	       255	80001414	ff5c9ba3	sh	x21,-9(x25)	 x25:0x8000811b x21:0x80008a10 PA:0x80008112
        2575000	       256	80001418	27ecc903	lbu	x18,638(x25)	 x25:0x8000811b x18=0x00000000 PA:0x80008399
        2585000	       257	8000141c	4157df13	srai	x30,x15,0x15	 x15:0x80008fc9 x30=0xfffffc00
        2595000	       258	80001420	41df89b3	sub	x19,x31,x29	 x31:0x00000000 x29:0x0000000e x19=0xfffffff2
        2605000	       259	80001424	402c8503	lb	x10,1026(x25)	 x25:0x8000811b x10=0x00000000 PA:0x8000851d
        2615000	       260	80001428	573c8d03	lb	x26,1395(x25)	 x25:0x8000811b x26=0x00000000 PA:0x8000868e
        2625000	       261	8000142c	00000013	addi	x0,x0,0	  x0:0x00000000
        2635000	       262	80001430	012752b3	srl	x5,x14,x18	 x14:0x00000000 x18:0x00000000  x5=0x00000000
        2645000	       263	80001434	015cc6b3	xor	x13,x25,x21	 x25:0x8000811b x21:0x80008a10 x13=0x00000b0b
        2655000	       264	80001438	01dfd693	srli	x13,x31,0x1d	 x31:0x00000000 x13=0x00000000
        2665000	       265	8000143c	01acc603	lbu	x12,26(x25)	 x25:0x8000811b x12=0x00000000 PA:0x80008135
        2675000	       266	00000000	00000013	addi	x0,x0,0	  x0:0x00000000
        2685000	       267	80001440	5d261db7	lui	x27,0x5d261	 x27=0x5d261000
        2695000	       268	80001444	00000013	addi	x0,x0,0	  x0:0x00000000
        2705000	       269	80001448	45d87313	andi	x6,x16,1117	 x16:0x00000000  x6=0x00000000
        2715000	       270	8000144c	02fc8423	sb	x15,40(x25)	 x25:0x8000811b x15:0x80008fc9 PA:0x80008143
        2725000	       271	80001450	40105db3	sra	x27,x0,x1	  x0:0x00000000  x1:0x00000000 x27=0x00000000
        2735000	       272	80001454	00cce633	or	x12,x25,x12	 x25:0x8000811b x12:0x00000000 x12=0x8000811b
        2745000	       273	80001458	12fc9903	lh	x18,303(x25)	 x25:0x8000811b x18=0x00000000 PA:0x8000824a
        2755000	       274	00000000	00000013	addi	x0,x0,0	  x0:0x00000000
        2765000	       275	8000145c	372c8a23	sb	x18,884(x25)	 x25:0x8000811b x18:0x00000000 PA:0x8000848f
        2775000	       276	80001460	faacca83	lbu	x21,-86(x25)	 x25:0x8000811b x21=0x00000000 PA:0x800080c5
        2785000	       277	80001464	182c8083	lb	x1,386(x25)	 x25:0x8000811b  x1=0x00000000 PA:0x8000829d
        2795000	       278	80001468	5d8c8523	sb	x24,1482(x25)	 x25:0x8000811b x24:0x00000000 PA:0x800086e5
        2805000	       279	8000146c	01904a33	xor	x20,x0,x25	  x0:0x00000000 x25:0x8000811b x20=0x8000811b
        2815000	       280	80001470	4a3cd083	lhu	x1,1187(x25)	 x25:0x8000811b  x1=0x00000000 PA:0x800085be
        2825000	       281	80001474	483c9a03	lh	x20,1155(x25)	 x25:0x8000811b x20=0x00000000 PA:0x8000859e
        2835000	       282	80001478	011d7db3	and	x27,x26,x17	 x26:0x00000000 x17:0x80009fc4 x27=0x00000000
        2845000	       283	8000147c	41fa8133	sub	x2,x21,x31	 x21:0x00000000 x31:0x00000000  x2=0x00000000
        2855000	       284	80001480	00b69a33	sll	x20,x13,x11	 x13:0x00000000 x11:0x00000000 x20=0x00000000
        2865000	       285	80001484	6c61e5b7	lui	x11,0x6c61e	 x11=0x6c61e000
        2875000	       286	80001488	deab4d97	auipc	x27,0xdeab4	 x27=0x5eab5484
        2885000	       287	8000148c	025c9683	lh	x13,37(x25)	 x25:0x8000811b x13=0x00000000 PA:0x80008140
        2895000	       288	80001490	60012d93	slti	x27,x2,1536	  x2:0x00000000 x27=0x00000001
        2905000	       289	80001494	00000013	addi	x0,x0,0	  x0:0x00000000
        2915000	       290	80001498	191cc683	lbu	x13,401(x25)	 x25:0x8000811b x13=0x00000000 PA:0x800082ac
        2925000	       291	8000149c	4a8c8683	lb	x13,1192(x25)	 x25:0x8000811b x13=0x00000000 PA:0x800085c3
        2935000	       292	800014a0	41f551b3	sra	x3,x10,x31	 x10:0x00000000 x31:0x00000000  x3=0x00000000
        2945000	       293	800014a4	bc912593	slti	x11,x2,-1079	  x2:0x00000000 x11=0x00000000
        2955000	       294	800014a8	588cc083	lbu	x1,1416(x25)	 x25:0x8000811b  x1=0x00000000 PA:0x800086a3
        2965000	       295	800014ac	d06b0e13	addi	x28,x22,-762	 x22:0x00000000 x28=0xfffffd06
        2975000	       296	800014b0	00268933	add	x18,x13,x2	 x13:0x00000000  x2:0x00000000 x18=0x00000000
        2985000	       297	800014b4	3bbc8103	lb	x2,955(x25)	 x25:0x8000811b  x2=0x00000000 PA:0x800084d6
        2995000	       298	800014b8	48fc8223	sb	x15,1156(x25)	 x25:0x8000811b x15:0x80008fc9 PA:0x8000859f
        3005000	       299	800014bc	654c8223	sb	x20,1604(x25)	 x25:0x8000811b x20:0x00000000 PA:0x8000875f
        3015000	       300	800014c0	00a507b3	add	x15,x10,x10	 x10:0x00000000 x10:0x00000000 x15=0x00000000
        3025000	       301	800014c4	22a95337	lui	x6,0x22a95	  x6=0x22a95000
        3035000	       302	800014c8	400ca2a3	sw	x0,1029(x25)	 x25:0x8000811b  x0:0x00000000 PA:0x80008520
        3045000	       303	800014cc	5b2c8b03	lb	x22,1458(x25)	 x25:0x8000811b x22=0x00000000 PA:0x800086cd
        3055000	       304	800014d0	01fe5533	srl	x10,x28,x31	 x28:0xfffffd06 x31:0x00000000 x10=0xfffffd06
        3065000	       305	800014d4	4a9c8da3	sb	x9,1211(x25)	 x25:0x8000811b  x9:0x00000000 PA:0x800085d6
        3075000	       306	800014d8	01249813	slli	x16,x9,0x12	  x9:0x00000000 x16=0x00000000
        3085000	       307	800014dc	3eac82a3	sb	x10,997(x25)	 x25:0x8000811b x10:0xfffffd06 PA:0x80008500
        3095000	       308	800014e0	488ccb03	lbu	x22,1160(x25)	 x25:0x8000811b x22=0x00000000 PA:0x800085a3
        3105000	       309	800014e4	00007317	auipc	x6,0x7	  x6=0x800084e0
        3115000	       310	800014e8	ff030313	addi	x6,x6,-16	  x6:0x800084e0  x6=0x800084d0
        3125000	       311	800014ec	d2bbcb13	xori	x22,x23,-725	 x23:0x00000000 x22=0xfffffd2b
        3135000	       312	800014f0	f5130c83	lb	x25,-175(x6)	  x6:0x800084d0 x25=0x00000000 PA:0x80008421
        3145000	       313	800014f4	f5134083	lbu	x1,-175(x6)	  x6:0x800084d0  x1=0x00000000 PA:0x80008421
        3155000	       314	800014f8	f4e308a3	sb	x14,-175(x6)	  x6:0x800084d0 x14:0x00000000 PA:0x80008421
        3165000	       315	800014fc	f4b308a3	sb	x11,-175(x6)	  x6:0x800084d0 x11:0x00000000 PA:0x80008421
        3175000	       316	80001500	f5134c03	lbu	x24,-175(x6)	  x6:0x800084d0 x24=0x00000000 PA:0x80008421
        3185000	       317	80001504	f40308a3	sb	x0,-175(x6)	  x6:0x800084d0  x0:0x00000000 PA:0x80008421
        3195000	       318	80001508	f5130683	lb	x13,-175(x6)	  x6:0x800084d0 x13=0x00000000 PA:0x80008421
        3205000	       319	8000150c	f50308a3	sb	x16,-175(x6)	  x6:0x800084d0 x16:0x00000000 PA:0x80008421
        3215000	       320	80001510	f5130583	lb	x11,-175(x6)	  x6:0x800084d0 x11=0x00000000 PA:0x80008421
        3225000	       321	80001514	008ff5b3	and	x11,x31,x8	 x31:0x00000000  x8:0x00000000 x11=0x00000000
        3235000	       322	80001518	f5134a83	lbu	x21,-175(x6)	  x6:0x800084d0 x21=0x00000000 PA:0x80008421
        3245000	       323	8000151c	f5134283	lbu	x5,-175(x6)	  x6:0x800084d0  x5=0x00000000 PA:0x80008421
        3255000	       324	00000000	00000013	addi	x0,x0,0	  x0:0x00000000
        3265000	       325	80001520	01c2dd13	srli	x26,x5,0x1c	  x5:0x00000000 x26=0x00000000
        3275000	       326	80001524	015a16b3	sll	x13,x20,x21	 x20:0x00000000 x21:0x00000000 x13=0x00000000
        3285000	       327	80001528	f56308a3	sb	x22,-175(x6)	  x6:0x800084d0 x22:0xfffffd2b PA:0x80008421
        3295000	       328	8000152c	f5134b03	lbu	x22,-175(x6)	  x6:0x800084d0 x22=0x0000002b PA:0x80008421
        3305000	       329	80001530	f52308a3	sb	x18,-175(x6)	  x6:0x800084d0 x18:0x00000000 PA:0x80008421
        3315000	       330	80001534	f5130103	lb	x2,-175(x6)	  x6:0x800084d0  x2=0x00000000 PA:0x80008421
        3325000	       331	80001538	f50308a3	sb	x16,-175(x6)	  x6:0x800084d0 x16:0x00000000 PA:0x80008421
        3335000	       332	8000153c	f5f308a3	sb	x31,-175(x6)	  x6:0x800084d0 x31:0x00000000 PA:0x80008421
        3345000	       333	80001540	fbc302a3	sb	x28,-91(x6)	  x6:0x800084d0 x28:0xfffffd06 PA:0x80008475
        3355000	       334	80001544	fb3302a3	sb	x19,-91(x6)	  x6:0x800084d0 x19:0xfffffff2 PA:0x80008475
        3365000	       335	80001548	00007c17	auipc	x24,0x7	 x24=0x80008544
        3375000	       336	8000154c	1ecc0c13	addi	x24,x24,492	 x24:0x80008544 x24=0x80008730
        3385000	       337	80001550	fe3c0ca3	sb	x3,-7(x24)	 x24:0x80008730  x3:0x00000000 PA:0x80008729
        3395000	       338	80001554	00007497	auipc	x9,0x7	  x9=0x80008550
        3405000	       339	80001558	2af48493	addi	x9,x9,687	  x9:0x80008550  x9=0x800087ff
        3415000	       340	8000155c	00007517	auipc	x10,0x7	 x10=0x80008558
        3425000	       341	80001560	aff50513	addi	x10,x10,-1281	 x10:0x80008558 x10=0x80008057
        3435000	       342	80001564	ffec0803	lb	x16,-2(x24)	 x24:0x80008730 x16=0x00000000 PA:0x8000872e
        3445000	       343	80001568	f4048083	lb	x1,-192(x9)	  x9:0x800087ff  x1=0x00000000 PA:0x8000873f
        3455000	       344	8000156c	006c5083	lhu	x1,6(x24)	 x24:0x80008730  x1=0x00000000 PA:0x80008736
        3465000	       345	80001570	feac0fa3	sb	x10,-1(x24)	 x24:0x80008730 x10:0x80008057 PA:0x8000872f
        3475000	       346	80001574	ff954583	lbu	x11,-7(x10)	 x10:0x80008057 x11=0x00000000 PA:0x80008050
        3485000	       347	80001578	f28491a3	sh	x8,-221(x9)	  x9:0x800087ff  x8:0x00000000 PA:0x80008722
        3495000	       348	8000157c	f86488a3	sb	x6,-111(x9)	  x9:0x800087ff  x6:0x800084d0 PA:0x80008790
        3505000	       349	80001580	ff850d03	lb	x26,-8(x10)	 x10:0x80008057 x26=0x00000000 PA:0x8000804f
        3515000	       350	80001584	ffbc4f83	lbu	x31,-5(x24)	 x24:0x80008730 x31=0x00000000 PA:0x8000872b
        3525000	       351	80001588	f3848d03	lb	x26,-200(x9)	  x9:0x800087ff x26=0x00000000 PA:0x80008737
        3535000	       352	8000158c	f4148c23	sb	x1,-168(x9)	  x9:0x800087ff  x1:0x00000000 PA:0x80008757
        3545000	       353	80001590	01650783	lb	x15,22(x10)	 x10:0x80008057 x15=0x00000000 PA:0x8000806d
        3555000	       354	00000000	00000013	addi	x0,x0,0	  x0:0x00000000
        3565000	       355	80001594	fef51da3	sh	x15,-5(x10)	 x10:0x80008057 x15:0x00000000 PA:0x80008052
        3575000	       356	80001598	007c0703	lb	x14,7(x24)	 x24:0x80008730 x14=0x00000000 PA:0x80008737
        3585000	       357	8000159c	f4948723	sb	x9,-178(x9)	  x9:0x800087ff  x9:0x800087ff PA:0x8000874d
        3595000	       358	800015a0	00ac0d83	lb	x27,10(x24)	 x24:0x80008730 x27=0x00000000 PA:0x8000873a
        3605000	       359	800015a4	ff0c4103	lbu	x2,-16(x24)	 x24:0x80008730  x2=0x00000000 PA:0x80008720
        3615000	       360	800015a8	fed519a3	sh	x13,-13(x10)	 x10:0x80008057 x13:0x00000000 PA:0x8000804a
        3625000	       361	800015ac	f4d4da03	lhu	x20,-179(x9)	  x9:0x800087ff x20=0x0000ff00 PA:0x8000874c
        3635000	       362	800015b0	00b54203	lbu	x4,11(x10)	 x10:0x80008057  x4=0x00000000 PA:0x80008062
        3645000	       363	800015b4	00c48983	lb	x19,12(x9)	  x9:0x800087ff x19=0x00000000 PA:0x8000880b
        3655000	       364	800015b8	f9f4c103	lbu	x2,-97(x9)	  x9:0x800087ff  x2=0x00000000 PA:0x8000879e
        3665000	       365	800015bc	001c0f83	lb	x31,1(x24)	 x24:0x80008730 x31=0x00000000 PA:0x80008731
        3675000	       366	800015c0	00450103	lb	x2,4(x10)	 x10:0x80008057  x2=0x00000000 PA:0x8000805b
        3685000	       367	800015c4	f6448983	lb	x19,-156(x9)	  x9:0x800087ff x19=0x00000000 PA:0x80008763
        3695000	       368	800015c8	00007117	auipc	x2,0x7	  x2=0x800085c4
        3705000	       369	800015cc	44b10113	addi	x2,x2,1099	  x2:0x800085c4  x2=0x80008a0f
        3715000	       370	800015d0	fea10b23	sb	x10,-10(x2)	  x2:0x80008a0f x10:0x80008057 PA:0x80008a05
        3725000	       371	800015d4	d724bf13	sltiu	x30,x9,-654	  x9:0x800087ff x30=0x00000001
        3735000	       372	800015d8	03814b03	lbu	x22,56(x2)	  x2:0x80008a0f x22=0x00000000 PA:0x80008a47
        3745000	       373	800015dc	00610583	lb	x11,6(x2)	  x2:0x80008a0f x11=0x00000000 PA:0x80008a15
        3755000	       374	800015e0	fe710b83	lb	x23,-25(x2)	  x2:0x80008a0f x23=0x00000000 PA:0x800089f6
        3765000	       375	800015e4	40155c33	sra	x24,x10,x1	 x10:0x80008057  x1:0x00000000 x24=0x80008057
        3775000	       376	800015e8	03d10f23	sb	x29,62(x2)	  x2:0x80008a0f x29:0x0000000e PA:0x80008a4d
        3785000	       377	800015ec	004df7b3	and	x15,x27,x4	 x27:0x00000000  x4:0x00000000 x15=0x00000000
        3795000	       378	800015f0	01020633	add	x12,x4,x16	  x4:0x00000000 x16:0x00000000 x12=0x00000000
        3805000	       379	800015f4	0068d533	srl	x10,x17,x6	 x17:0x80009fc4  x6:0x800084d0 x10=0x00008000
        3815000	       380	800015f8	ff7106a3	sb	x23,-19(x2)	  x2:0x80008a0f x23:0x00000000 PA:0x800089fc
        3825000	       381	800015fc	305ecc13	xori	x24,x29,773	 x29:0x0000000e x24=0x0000030b
        3835000	       382	80001600	fe311483	lh	x9,-29(x2)	  x2:0x80008a0f  x9=0x00000000 PA:0x800089f2
        3845000	       383	80001604	ff515203	lhu	x4,-11(x2)	  x2:0x80008a0f  x4=0x00005700 PA:0x80008a04
        3855000	       384	80001608	00201593	slli	x11,x0,0x2	  x0:0x00000000 x11=0x00000000
        3865000	       385	8000160c	9e7a8c93	addi	x25,x21,-1561	 x21:0x00000000 x25=0xfffff9e7
        3875000	       386	80001610	00c14b83	lbu	x23,12(x2)	  x2:0x80008a0f x23=0x00000000 PA:0x80008a1b
        3885000	       387	80001614	01821f93	slli	x31,x4,0x18	  x4:0x00005700 x31=0x00000000
        3895000	       388	80001618	9ebc3b97	auipc	x23,0x9ebc3	 x23=0x1ebc4614
        3905000	       389	8000161c	411e8333	sub	x6,x29,x17	 x29:0x0000000e x17:0x80009fc4  x6=0x7fff604a
        3915000	       390	80001620	fe010ea3	sb	x0,-3(x2)	  x2:0x80008a0f  x0:0x00000000 PA:0x80008a0c
        3925000	       391	80001624	01885633	srl	x12,x16,x24	 x16:0x00000000 x24:0x0000030b x12=0x00000000
        3935000	       392	80001628	03110203	lb	x4,49(x2)	  x2:0x80008a0f  x4=0x00000000 PA:0x80008a40
        3945000	       393	8000162c	40a65f13	srai	x30,x12,0xa	 x12:0x00000000 x30=0x00000000
        3955000	       394	80001630	01c116a3	sh	x28,13(x2)	  x2:0x80008a0f x28:0xfffffd06 PA:0x80008a1c
        3965000	       395	80001634	402a5bb3	sra	x23,x20,x2	 x20:0x0000ff00  x2:0x80008a0f x23=0x00000001
        3975000	       396	80001638	4965eb13	ori	x22,x11,1174	 x11:0x00000000 x22=0x00000496
        3985000	       397	8000163c	96317593	andi	x11,x2,-1693	  x2:0x80008a0f x11=0x80008803
        3995000	       398	80001640	8bd6b517	auipc	x10,0x8bd6b	 x10=0x0bd6c63c
        4005000	       399	80001644	415585b3	sub	x11,x11,x21	 x11:0x80008803 x21:0x00000000 x11=0x80008803
        4015000	       400	80001648	02c10983	lb	x19,44(x2)	  x2:0x80008a0f x19=0x00000000 PA:0x80008a3b
        4025000	       401	8000164c	01ec9e33	sll	x28,x25,x30	 x25:0xfffff9e7 x30:0x00000000 x28=0xfffff9e7
        4035000	       402	80001650	fec14f83	lbu	x31,-20(x2)	  x2:0x80008a0f x31=0x00000000 PA:0x800089fb
        4045000	       403	80001654	00214683	lbu	x13,2(x2)	  x2:0x80008a0f x13=0x00000000 PA:0x80008a11
        4055000	       404	80001658	fc410203	lb	x4,-60(x2)	  x2:0x80008a0f  x4=0x00000000 PA:0x800089d3
        4065000	       405	8000165c	e36d7713	andi	x14,x26,-458	 x26:0x00000000 x14=0x00000000
        4075000	       406	80001660	40c55db3	sra	x27,x10,x12	 x10:0x0bd6c63c x12:0x00000000 x27=0x0bd6c63c
        4085000	       407	80001664	00b10923	sb	x11,18(x2)	  x2:0x80008a0f x11:0x80008803 PA:0x80008a21
        4095000	       408	80001668	f897e313	ori	x6,x15,-119	 x15:0x00000000  x6=0xffffff89
        4105000	       409	8000166c	01b10523	sb	x27,10(x2)	  x2:0x80008a0f x27:0x0bd6c63c PA:0x80008a19
        4115000	       410	80001670	6fc53e13	sltiu	x28,x10,1788	 x10:0x0bd6c63c x28=0x00000000
        4125000	       411	80001674	00000013	addi	x0,x0,0	  x0:0x00000000
        4135000	       412	80001678	ffa10003	lb	x0,-6(x2)	  x2:0x80008a0f PA:0x80008a09
        4145000	       413	8000167c	77d74213	xori	x4,x14,1917	 x14:0x00000000  x4=0x0000077d
        4155000	       414	80001680	626cc493	xori	x9,x25,1574	 x25:0xfffff9e7  x9=0xffffffc1
        4165000	       415	80001684	fc314803	lbu	x16,-61(x2)	  x2:0x80008a0f x16=0x00000000 PA:0x800089d2
        4175000	       416	80001688	01a14783	lbu	x15,26(x2)	  x2:0x80008a0f x15=0x00000000 PA:0x80008a29
        4185000	       417	8000168c	00c11da3	sh	x12,27(x2)	  x2:0x80008a0f x12:0x00000000 PA:0x80008a2a
        4195000	       418	80001690	fff15403	lhu	x8,-1(x2)	  x2:0x80008a0f  x8=0x00000000 PA:0x80008a0e
        4205000	       419	80001694	00007c17	auipc	x24,0x7	 x24=0x80008690
        4215000	       420	80001698	b3bc0c13	addi	x24,x24,-1221	 x24:0x80008690 x24=0x800081cb
        4225000	       421	8000169c	f44c4603	lbu	x12,-188(x24)	 x24:0x800081cb x12=0x00000000 PA:0x8000810f
        4235000	       422	800016a0	ff2c0e03	lb	x28,-14(x24)	 x24:0x800081cb x28=0x00000000 PA:0x800081bd
        4245000	       423	800016a4	01005233	srl	x4,x0,x16	  x0:0x00000000 x16:0x00000000  x4=0x00000000
        4255000	       424	800016a8	03dc05a3	sb	x29,43(x24)	 x24:0x800081cb x29:0x0000000e PA:0x800081f6
        4265000	       425	800016ac	045c1503	lh	x10,69(x24)	 x24:0x800081cb x10=0x00000000 PA:0x80008210
        4275000	       426	00000000	00000013	addi	x0,x0,0	  x0:0x00000000
        4285000	       427	800016b0	0cac4283	lbu	x5,202(x24)	 x24:0x800081cb  x5=0x00000000 PA:0x80008295
        4295000	       428	800016b4	119bad93	slti	x27,x23,281	 x23:0x00000001 x27=0x00000001
        4305000	       429	800016b8	012a2b33	slt	x22,x20,x18	 x20:0x0000ff00 x18:0x00000000 x22=0x00000000
        4315000	       430	800016bc	004d1f13	slli	x30,x26,0x4	 x26:0x00000000 x30=0x00000000
        4325000	       431	800016c0	40408733	sub	x14,x1,x4	  x1:0x00000000  x4:0x00000000 x14=0x00000000
        4335000	       432	800016c4	f7fc08a3	sb	x31,-143(x24)	 x24:0x800081cb x31:0x00000000 PA:0x8000813c
        4345000	       433	800016c8	09fc5c83	lhu	x25,159(x24)	 x24:0x800081cb x25=0x00000000 PA:0x8000826a
        4355000	       434	800016cc	00b19293	slli	x5,x3,0xb	  x3:0x00000000  x5=0x00000000
        4365000	       435	800016d0	00000013	addi	x0,x0,0	  x0:0x00000000
        4375000	       436	800016d4	01273433	sltu	x8,x14,x18	 x14:0x00000000 x18:0x00000000  x8=0x00000000
        4385000	       437	800016d8	00320433	add	x8,x4,x3	  x4:0x00000000  x3:0x00000000  x8=0x00000000
        4395000	       438	800016dc	b54ba017	auipc	x0,0xb54ba	
        4405000	       439	800016e0	050c1aa3	sh	x16,85(x24)	 x24:0x800081cb x16:0x00000000 PA:0x80008220
        4415000	       440	800016e4	056c0903	lb	x18,86(x24)	 x24:0x800081cb x18=0x00000000 PA:0x80008221
        4425000	       441	800016e8	040c26a3	sw	x0,77(x24)	 x24:0x800081cb  x0:0x00000000 PA:0x80008218
        4435000	       442	800016ec	008974b3	and	x9,x18,x8	 x18:0x00000000  x8:0x00000000  x9=0x00000000
        4445000	       443	800016f0	05ac4683	lbu	x13,90(x24)	 x24:0x800081cb x13=0x00000000 PA:0x80008225
        4455000	       444	800016f4	0abc1f83	lh	x31,171(x24)	 x24:0x800081cb x31=0x00000000 PA:0x80008276
        4465000	       445	800016f8	00f3d333	srl	x6,x7,x15	  x7:0x80009f54 x15:0x00000000  x6=0x80009f54
        4475000	       446	800016fc	59bf4597	auipc	x11,0x59bf4	 x11=0xd9bf56f8
        4485000	       447	80001700	6aa80993	addi	x19,x16,1706	 x16:0x00000000 x19=0x000006aa
        4495000	       448	80001704	cbe4cf13	xori	x30,x9,-834	  x9:0x00000000 x30=0xfffffcbe
        4505000	       449	80001708	f85c0123	sb	x5,-126(x24)	 x24:0x800081cb  x5:0x00000000 PA:0x8000814d
        4515000	       450	8000170c	7d45fb37	lui	x22,0x7d45f	 x22=0x7d45f000
        4525000	       451	80001710	f74c15a3	sh	x20,-149(x24)	 x24:0x800081cb x20:0x0000ff00 PA:0x80008136
        4535000	       452	80001714	01ab6a33	or	x20,x22,x26	 x22:0x7d45f000 x26:0x00000000 x20=0x7d45f000
        4545000	       453	80001718	ad5ff213	andi	x4,x31,-1323	 x31:0x00000000  x4=0x00000000
        4555000	       454	8000171c	fafc0c23	sb	x15,-72(x24)	 x24:0x800081cb x15:0x00000000 PA:0x80008183
        4565000	       455	80001720	0fdc5703	lhu	x14,253(x24)	 x24:0x800081cb x14=0x00000000 PA:0x800082c8
        4575000	       456	80001724	0095cdb3	xor	x27,x11,x9	 x11:0xd9bf56f8  x9:0x00000000 x27=0xd9bf56f8
        4585000	       457	80001728	fcac0223	sb	x10,-60(x24)	 x24:0x800081cb x10:0x00000000 PA:0x8000818f
        4595000	       458	8000172c	032c0f83	lb	x31,50(x24)	 x24:0x800081cb x31=0x00000000 PA:0x800081fd
        4605000	       459	80001730	0021a633	slt	x12,x3,x2	  x3:0x00000000  x2:0x80008a0f x12=0x00000000
        4615000	       460	80001734	fdac0f03	lb	x30,-38(x24)	 x24:0x800081cb x30=0x00000000 PA:0x800081a5
        4625000	       461	80001738	033c0223	sb	x19,36(x24)	 x24:0x800081cb x19:0x000006aa PA:0x800081ef
        4635000	       462	8000173c	f55c1b83	lh	x23,-171(x24)	 x24:0x800081cb x23=0x00000000 PA:0x80008120
        4645000	       463	80001740	0cbc5f03	lhu	x30,203(x24)	 x24:0x800081cb x30=0x00000000 PA:0x80008296
        4655000	       464	80001744	016575b3	and	x11,x10,x22	 x10:0x00000000 x22:0x7d45f000 x11=0x00000000
        4665000	       465	80001748	f51c0e23	sb	x17,-164(x24)	 x24:0x800081cb x17:0x80009fc4 PA:0x80008127
        4675000	       466	8000174c	00195863	bge	x18,x1,8000175c	 x18:0x00000000  x1:0x00000000
        4685000	       467	00000000	00000013	addi	x0,x0,0	  x0:0x00000000
        4695000	       468	80001758	00000013	addi	x0,x0,0	  x0:0x00000000
        4705000	       469	8000175c	01761293	slli	x5,x12,0x17	 x12:0x00000000  x5=0x00000000
        4715000	       470	80001760	0e986313	ori	x6,x16,233	 x16:0x00000000  x6=0x000000e9
        4725000	       471	80001764	36e5aa97	auipc	x21,0x36e5a	 x21=0xb6e5b760
        4735000	       472	80001768	41e7df93	srai	x31,x15,0x1e	 x15:0x00000000 x31=0x00000000
        4745000	       473	8000176c	00de37b3	sltu	x15,x28,x13	 x28:0x00000000 x13:0x00000000 x15=0x00000000
        4755000	       474	80001770	13cd8d93	addi	x27,x27,316	 x27:0xd9bf56f8 x27=0xd9bf5834
        4765000	       475	80001774	00000013	addi	x0,x0,0	  x0:0x00000000
        4775000	       476	80001778	010051b3	srl	x3,x0,x16	  x0:0x00000000 x16:0x00000000  x3=0x00000000
        4785000	       477	8000177c	016b7d33	and	x26,x22,x22	 x22:0x7d45f000 x22:0x7d45f000 x26=0x7d45f000
        4795000	       478	80001780	fcbb8713	addi	x14,x23,-53	 x23:0x00000000 x14=0xffffffcb
        4805000	       479	80001784	01ba45b3	xor	x11,x20,x27	 x20:0x7d45f000 x27:0xd9bf5834 x11=0xa4faa834
        4815000	       480	80001788	6610cc97	auipc	x25,0x6610c	 x25=0xe610d784
        4825000	       481	8000178c	01fe0a63	beq	x28,x31,800017a0	 x28:0x00000000 x31:0x00000000
        4835000	       482	00000000	00000013	addi	x0,x0,0	  x0:0x00000000
        4845000	       483	8000179c	00000013	addi	x0,x0,0	  x0:0x00000000
        4855000	       484	800017a0	05f95863	bge	x18,x31,800017f0	 x18:0x00000000 x31:0x00000000
        4865000	       485	00000000	00000013	addi	x0,x0,0	  x0:0x00000000
        4875000	       486	800017ec	00000013	addi	x0,x0,0	  x0:0x00000000
        4885000	       487	800017f0	00000013	addi	x0,x0,0	  x0:0x00000000
        4895000	       488	800017f4	41c15313	srai	x6,x2,0x1c	  x2:0x80008a0f  x6=0xfffffff8
        4905000	       489	800017f8	0034d263	bge	x9,x3,800017fc	  x9:0x00000000  x3:0x00000000
        4915000	       490	00000000	00000013	addi	x0,x0,0	  x0:0x00000000
        4925000	       491	800017f8	00000013	addi	x0,x0,0	  x0:0x00000000
        4935000	       492	800017fc	00efaab3	slt	x21,x31,x14	 x31:0x00000000 x14:0xffffffcb x21=0x00000000
        4945000	       493	80001800	7d61cc93	xori	x25,x3,2006	  x3:0x00000000 x25=0x000007d6
        4955000	       494	80001804	0148dbb3	srl	x23,x17,x20	 x17:0x80009fc4 x20:0x7d45f000 x23=0x80009fc4
        4965000	       495	80001808	03795463	bge	x18,x23,80001830	 x18:0x00000000 x23:0x80009fc4
        4975000	       496	00000000	00000013	addi	x0,x0,0	  x0:0x00000000
        4985000	       497	8000182c	00000013	addi	x0,x0,0	  x0:0x00000000
        4995000	       498	80001830	03828863	beq	x5,x24,80001860	  x5:0x00000000 x24:0x800081cb
        5005000	       499	80001834	660f7517	auipc	x10,0x660f7	 x10=0xe60f8830
        5015000	       500	80001838	0521f463	bgeu	x3,x18,80001880	  x3:0x00000000 x18:0x00000000
        5025000	       501	00000000	00000013	addi	x0,x0,0	  x0:0x00000000
        5035000	       502	8000187c	00000013	addi	x0,x0,0	  x0:0x00000000
        5045000	       503	80001880	01d9e433	or	x8,x19,x29	 x19:0x000006aa x29:0x0000000e  x8=0x000006ae
        5055000	       504	80001884	00b7a733	slt	x14,x15,x11	 x15:0x00000000 x11:0xa4faa834 x14=0x00000000
        5065000	       505	80001888	01419e33	sll	x28,x3,x20	  x3:0x00000000 x20:0x7d45f000 x28=0x00000000
        5075000	       506	8000188c	001b1033	sll	x0,x22,x1	 x22:0x7d45f000  x1:0x00000000
        5085000	       507	80001890	02dc7463	bgeu	x24,x13,800018b8	 x24:0x800081cb x13:0x00000000
        5095000	       508	00000000	00000013	addi	x0,x0,0	  x0:0x00000000
        5105000	       509	800018b4	00000013	addi	x0,x0,0	  x0:0x00000000
        5115000	       510	800018b8	019b6263	bltu	x22,x25,800018bc	 x22:0x7d45f000 x25:0x000007d6
        5125000	       511	800018bc	0071fe63	bgeu	x3,x7,800018d8	  x3:0x00000000  x7:0x80009f54
        5135000	       512	800018c0	ec652493	slti	x9,x10,-314	 x10:0xe60f8830  x9=0x00000001
        5145000	       513	800018c4	9eaf3c13	sltiu	x24,x30,-1558	 x30:0x00000000 x24=0x00000001
        5155000	       514	800018c8	024b7463	bgeu	x22,x4,800018f0	 x22:0x7d45f000  x4:0x00000000
        5165000	       515	00000000	00000013	addi	x0,x0,0	  x0:0x00000000
        5175000	       516	800018ec	00000013	addi	x0,x0,0	  x0:0x00000000
        5185000	       517	800018f0	035de063	bltu	x27,x21,80001910	 x27:0xd9bf5834 x21:0x00000000
        5195000	       518	800018f4	01875233	srl	x4,x14,x24	 x14:0x00000000 x24:0x00000001  x4=0x00000000
        5205000	       519	800018f8	00d95663	bge	x18,x13,80001904	 x18:0x00000000 x13:0x00000000
        5215000	       520	00000000	00000013	addi	x0,x0,0	  x0:0x00000000
        5225000	       521	80001900	00000013	addi	x0,x0,0	  x0:0x00000000
        5235000	       522	80001904	01fad433	srl	x8,x21,x31	 x21:0x00000000 x31:0x00000000  x8=0x00000000
        5245000	       523	80001908	40535d33	sra	x26,x6,x5	  x6:0xfffffff8  x5:0x00000000 x26=0xfffffff8
        5255000	       524	8000190c	402f84b3	sub	x9,x31,x2	 x31:0x00000000  x2:0x80008a0f  x9=0x7fff75f1
        5265000	       525	80001910	2e55b093	sltiu	x1,x11,741	 x11:0xa4faa834  x1=0x00000000
        5275000	       526	80001914	0239c063	blt	x19,x3,80001934	 x19:0x000006aa  x3:0x00000000
        5285000	       527	80001918	01614033	xor	x0,x2,x22	  x2:0x80008a0f x22:0x7d45f000
        5295000	       528	8000191c	03506463	bltu	x0,x21,80001944	  x0:0x00000000 x21:0x00000000
        5305000	       529	80001920	00000013	addi	x0,x0,0	  x0:0x00000000
        5315000	       530	80001924	011c04b3	add	x9,x24,x17	 x24:0x00000001 x17:0x80009fc4  x9=0x80009fc5
        5325000	       531	80001928	0103d093	srli	x1,x7,0x10	  x7:0x80009f54  x1=0x00008000
        5335000	       532	8000192c	902d4a93	xori	x21,x26,-1790	 x26:0xfffffff8 x21=0x000006fa
        5345000	       533	80001930	01301213	slli	x4,x0,0x13	  x0:0x00000000  x4=0x00000000
        5355000	       534	80001934	01435913	srli	x18,x6,0x14	  x6:0xfffffff8 x18=0x00000fff
        5365000	       535	80001938	030f7463	bgeu	x30,x16,80001960	 x30:0x00000000 x16:0x00000000
        5375000	       536	00000000	00000013	addi	x0,x0,0	  x0:0x00000000
        5385000	       537	8000195c	00000013	addi	x0,x0,0	  x0:0x00000000
        5395000	       538	80001960	02b84063	blt	x16,x11,80001980	 x16:0x00000000 x11:0xa4faa834
        5405000	       539	80001964	019d0bb3	add	x23,x26,x25	 x26:0xfffffff8 x25:0x000007d6 x23=0x000007ce
        5415000	       540	80001968	50b94d93	xori	x27,x18,1291	 x18:0x00000fff x27=0x00000af4
        5425000	       541	8000196c	01015e33	srl	x28,x2,x16	  x2:0x80008a0f x16:0x00000000 x28=0x80008a0f
        5435000	       542	80001970	40b35233	sra	x4,x6,x11	  x6:0xfffffff8 x11:0xa4faa834  x4=0xffffffff
        5445000	       543	80001974	0120fdb3	and	x27,x1,x18	  x1:0x00008000 x18:0x00000fff x27=0x00000000
        5455000	       544	80001978	f1b70313	addi	x6,x14,-229	 x14:0x00000000  x6=0xffffff1b
        5465000	       545	8000197c	0088fe33	and	x28,x17,x8	 x17:0x80009fc4  x8:0x00000000 x28=0x00000000
        5475000	       546	80001980	41f7d433	sra	x8,x15,x31	 x15:0x00000000 x31:0x00000000  x8=0x00000000
        5485000	       547	80001984	00821a63	bne	x4,x8,80001998	  x4:0xffffffff  x8:0x00000000
        5495000	       548	00000000	00000013	addi	x0,x0,0	  x0:0x00000000
        5505000	       549	80001994	00000013	addi	x0,x0,0	  x0:0x00000000
        5515000	       550	80001998	00000013	addi	x0,x0,0	  x0:0x00000000
        5525000	       551	8000199c	01275693	srli	x13,x14,0x12	 x14:0x00000000 x13=0x00000000
        5535000	       552	800019a0	004b2ab3	slt	x21,x22,x4	 x22:0x7d45f000  x4:0xffffffff x21=0x00000000
        5545000	       553	800019a4	01bac7b3	xor	x15,x21,x27	 x21:0x00000000 x27:0x00000000 x15=0x00000000
        5555000	       554	800019a8	00dc5ab3	srl	x21,x24,x13	 x24:0x00000001 x13:0x00000000 x21=0x00000001
        5565000	       555	800019ac	014c2ab3	slt	x21,x24,x20	 x24:0x00000001 x20:0x7d45f000 x21=0x00000001
        5575000	       556	800019b0	e6be9cb7	lui	x25,0xe6be9	 x25=0xe6be9000
        5585000	       557	800019b4	00871e63	bne	x14,x8,800019d0	 x14:0x00000000  x8:0x00000000
        5595000	       558	800019b8	41630a33	sub	x20,x6,x22	  x6:0xffffff1b x22:0x7d45f000 x20=0x82ba0f1b
        5605000	       559	800019bc	01965593	srli	x11,x12,0x19	 x12:0x00000000 x11=0x00000000
        5615000	       560	800019c0	01b31863	bne	x6,x27,800019d0	  x6:0xffffff1b x27:0x00000000
        5625000	       561	00000000	00000013	addi	x0,x0,0	  x0:0x00000000
        5635000	       562	800019cc	00000013	addi	x0,x0,0	  x0:0x00000000
        5645000	       563	800019d0	01f97233	and	x4,x18,x31	 x18:0x00000fff x31:0x00000000  x4=0x00000000
        5655000	       564	800019d4	93fdc4b7	lui	x9,0x93fdc	  x9=0x93fdc000
        5665000	       565	800019d8	00c11f33	sll	x30,x2,x12	  x2:0x80008a0f x12:0x00000000 x30=0x80008a0f
        5675000	       566	800019dc	0471d863	bge	x3,x7,80001a2c	  x3:0x00000000  x7:0x80009f54
        5685000	       567	00000000	00000013	addi	x0,x0,0	  x0:0x00000000
        5695000	       568	80001a28	00000013	addi	x0,x0,0	  x0:0x00000000
        5705000	       569	80001a2c	114ba413	slti	x8,x23,276	 x23:0x000007ce  x8=0x00000000
        5715000	       570	80001a30	adcf3293	sltiu	x5,x30,-1316	 x30:0x80008a0f  x5=0x00000001
        5725000	       571	80001a34	01595663	bge	x18,x21,80001a40	 x18:0x00000fff x21:0x00000001
        5735000	       572	00000000	00000013	addi	x0,x0,0	  x0:0x00000000
        5745000	       573	80001a3c	00000013	addi	x0,x0,0	  x0:0x00000000
        5755000	       574	80001a40	00050a33	add	x20,x10,x0	 x10:0xe60f8830  x0:0x00000000 x20=0xe60f8830
        5765000	       575	80001a44	0058ed33	or	x26,x17,x5	 x17:0x80009fc4  x5:0x00000001 x26=0x80009fc5
        5775000	       576	80001a48	001555b3	srl	x11,x10,x1	 x10:0xe60f8830  x1:0x00008000 x11=0xe60f8830
        5785000	       577	80001a4c	01501f93	slli	x31,x0,0x15	  x0:0x00000000 x31=0x00000000
        5795000	       578	80001a50	41da5133	sra	x2,x20,x29	 x20:0xe60f8830 x29:0x0000000e  x2=0xffff983e
        5805000	       579	80001a54	00aa9033	sll	x0,x21,x10	 x21:0x00000001 x10:0xe60f8830
        5815000	       580	80001a58	013db033	sltu	x0,x27,x19	 x27:0x00000000 x19:0x000006aa
        5825000	       581	80001a5c	e8cea713	slti	x14,x29,-372	 x29:0x0000000e x14=0x00000000
        5835000	       582	80001a60	00fd0863	beq	x26,x15,80001a70	 x26:0x80009fc5 x15:0x00000000
        5845000	       583	80001a64	01e6c263	blt	x13,x30,80001a68	 x13:0x00000000 x30:0x80008a0f
        5855000	       584	80001a68	2cec8237	lui	x4,0x2cec8	  x4=0x2cec8000
        5865000	       585	80001a6c	01cbde63	bge	x23,x28,80001a88	 x23:0x000007ce x28:0x00000000
        5875000	       586	00000000	00000013	addi	x0,x0,0	  x0:0x00000000
        5885000	       587	80001a84	00000013	addi	x0,x0,0	  x0:0x00000000
        5895000	       588	80001a88	0116aa33	slt	x20,x13,x17	 x13:0x00000000 x17:0x80009fc4 x20=0x00000000
        5905000	       589	80001a8c	05bf8463	beq	x31,x27,80001ad4	 x31:0x00000000 x27:0x00000000
        5915000	       590	00000000	00000013	addi	x0,x0,0	  x0:0x00000000
        5925000	       591	80001ad0	00000013	addi	x0,x0,0	  x0:0x00000000
        5935000	       592	80001ad4	41c15d93	srai	x27,x2,0x1c	  x2:0xffff983e x27=0xffffffff
        5945000	       593	80001ad8	b5d9f2b7	lui	x5,0xb5d9f	  x5=0xb5d9f000
        5955000	       594	80001adc	00dab233	sltu	x4,x21,x13	 x21:0x00000001 x13:0x00000000  x4=0x00000000
        5965000	       595	80001ae0	05b6f863	bgeu	x13,x27,80001b30	 x13:0x00000000 x27:0xffffffff
        5975000	       596	80001ae4	7dcfe513	ori	x10,x31,2012	 x31:0x00000000 x10=0x000007dc
        5985000	       597	80001ae8	8a647c93	andi	x25,x8,-1882	  x8:0x00000000 x25=0x00000000
        5995000	       598	80001aec	27b33093	sltiu	x1,x6,635	  x6:0xffffff1b  x1=0x00000000
        6005000	       599	80001af0	018c5a33	srl	x20,x24,x24	 x24:0x00000001 x24:0x00000001 x20=0x00000000
        6015000	       600	80001af4	7f5aa513	slti	x10,x21,2037	 x21:0x00000001 x10=0x00000001
        6025000	       601	80001af8	0001aab3	slt	x21,x3,x0	  x3:0x00000000  x0:0x00000000 x21=0x00000000
        6035000	       602	80001afc	004796b3	sll	x13,x15,x4	 x15:0x00000000  x4:0x00000000 x13=0x00000000
        6045000	       603	80001b00	00826663	bltu	x4,x8,80001b0c	  x4:0x00000000  x8:0x00000000
        6055000	       604	80001b04	14929c17	auipc	x24,0x14929	 x24=0x9492ab00
        6065000	       605	80001b08	1fc80313	addi	x6,x16,508	 x16:0x00000000  x6=0x000001fc
        6075000	       606	80001b0c	410f5c33	sra	x24,x30,x16	 x30:0x80008a0f x16:0x00000000 x24=0x80008a0f
        6085000	       607	80001b10	639e8613	addi	x12,x29,1593	 x29:0x0000000e x12=0x00000647
        6095000	       608	80001b14	012b7ab3	and	x21,x22,x18	 x22:0x7d45f000 x18:0x00000fff x21=0x00000000
        6105000	       609	80001b18	402ddd33	sra	x26,x27,x2	 x27:0xffffffff  x2:0xffff983e x26=0xffffffff
        6115000	       610	80001b1c	f10abd37	lui	x26,0xf10ab	 x26=0xf10ab000
        6125000	       611	80001b20	01266cb3	or	x25,x12,x18	 x12:0x00000647 x18:0x00000fff x25=0x00000fff
        6135000	       612	80001b24	268ecb93	xori	x23,x29,616	 x29:0x0000000e x23=0x00000266
        6145000	       613	80001b28	275e3813	sltiu	x16,x28,629	 x28:0x00000000 x16=0x00000001
        6155000	       614	80001b2c	024b5063	bge	x22,x4,80001b4c	 x22:0x7d45f000  x4:0x00000000
        6165000	       615	00000000	00000013	addi	x0,x0,0	  x0:0x00000000
        6175000	       616	80001b48	00000013	addi	x0,x0,0	  x0:0x00000000
        6185000	       617	80001b4c	00000013	addi	x0,x0,0	  x0:0x00000000
        6195000	       618	80001b50	005d6433	or	x8,x26,x5	 x26:0xf10ab000  x5:0xb5d9f000  x8=0xf5dbf000
        6205000	       619	80001b54	01ce9693	slli	x13,x29,0x1c	 x29:0x0000000e x13=0xe0000000
        6215000	       620	80001b58	308185b7	lui	x11,0x30818	 x11=0x30818000
        6225000	       621	80001b5c	406dd733	sra	x14,x27,x6	 x27:0xffffffff  x6:0x000001fc x14=0xffffffff
        6235000	       622	80001b60	00d4f833	and	x16,x9,x13	  x9:0x93fdc000 x13:0xe0000000 x16=0x80000000
        6245000	       623	80001b64	0292ee63	bltu	x5,x9,80001ba0	  x5:0xb5d9f000  x9:0x93fdc000
        6255000	       624	80001b68	0041a933	slt	x18,x3,x4	  x3:0x00000000  x4:0x00000000 x18=0x00000000
        6265000	       625	80001b6c	008137b3	sltu	x15,x2,x8	  x2:0xffff983e  x8:0xf5dbf000 x15=0x00000000
        6275000	       626	80001b70	41d985b3	sub	x11,x19,x29	 x19:0x000006aa x29:0x0000000e x11=0x0000069c
        6285000	       627	80001b74	016ff833	and	x16,x31,x22	 x31:0x00000000 x22:0x7d45f000 x16=0x00000000
        6295000	       628	80001b78	4069d4b3	sra	x9,x19,x6	 x19:0x000006aa  x6:0x000001fc  x9=0x00000000
        6305000	       629	80001b7c	03bcd863	bge	x25,x27,80001bac	 x25:0x00000fff x27:0xffffffff
        6315000	       630	00000000	00000013	addi	x0,x0,0	  x0:0x00000000
        6325000	       631	80001ba8	00000013	addi	x0,x0,0	  x0:0x00000000
        6335000	       632	80001bac	007f5593	srli	x11,x30,0x7	 x30:0x80008a0f x11=0x01000114
        6345000	       633	80001bb0	03bf1063	bne	x30,x27,80001bd0	 x30:0x80008a0f x27:0xffffffff
        6355000	       634	00000000	00000013	addi	x0,x0,0	  x0:0x00000000
        6365000	       635	80001bcc	00000013	addi	x0,x0,0	  x0:0x00000000
        6375000	       636	80001bd0	004d2833	slt	x16,x26,x4	 x26:0xf10ab000  x4:0x00000000 x16=0x00000001
        6385000	       637	80001bd4	41825f33	sra	x30,x4,x24	  x4:0x00000000 x24:0x80008a0f x30=0x00000000
        6395000	       638	80001bd8	009a1633	sll	x12,x20,x9	 x20:0x00000000  x9:0x00000000 x12=0x00000000
        6405000	       639	80001bdc	04c05463	bge	x0,x12,80001c24	  x0:0x00000000 x12:0x00000000
        6415000	       640	00000000	00000013	addi	x0,x0,0	  x0:0x00000000
        6425000	       641	80001c20	00000013	addi	x0,x0,0	  x0:0x00000000
        6435000	       642	80001c24	403101b3	sub	x3,x2,x3	  x2:0xffff983e  x3:0x00000000  x3=0xffff983e
        6445000	       643	80001c28	002c5793	srli	x15,x24,0x2	 x24:0x80008a0f x15=0x20002283
        6455000	       644	80001c2c	00128863	beq	x5,x1,80001c3c	  x5:0xb5d9f000  x1:0x00000000
        6465000	       645	80001c30	00000013	addi	x0,x0,0	  x0:0x00000000
        6475000	       646	80001c34	404d0933	sub	x18,x26,x4	 x26:0xf10ab000  x4:0x00000000 x18=0xf10ab000
        6485000	       647	80001c38	23410317	auipc	x6,0x23410	  x6=0xa3411c34
        6495000	       648	80001c3c	01055333	srl	x6,x10,x16	 x10:0x00000001 x16:0x00000001  x6=0x00000000
        6505000	       649	80001c40	001c2933	slt	x18,x24,x1	 x24:0x80008a0f  x1:0x00000000 x18=0x00000001
        6515000	       650	80001c44	018d2d33	slt	x26,x26,x24	 x26:0xf10ab000 x24:0x80008a0f x26=0x00000000
        6525000	       651	80001c48	03257463	bgeu	x10,x18,80001c70	 x10:0x00000001 x18:0x00000001
        6535000	       652	00000000	00000013	addi	x0,x0,0	  x0:0x00000000
        6545000	       653	80001c6c	00000013	addi	x0,x0,0	  x0:0x00000000
        6555000	       654	80001c70	00276e33	or	x28,x14,x2	 x14:0xffffffff  x2:0xffff983e x28=0xffffffff
        6565000	       655	80001c74	091e0863	beq	x28,x17,80001d04	 x28:0xffffffff x17:0x80009fc4
        6575000	       656	80001c78	00987d33	and	x26,x16,x9	 x16:0x00000001  x9:0x00000000 x26=0x00000000
        6585000	       657	80001c7c	011866b3	or	x13,x16,x17	 x16:0x00000001 x17:0x80009fc4 x13=0x80009fc5
        6595000	       658	80001c80	0aa56463	bltu	x10,x10,80001d28	 x10:0x00000001 x10:0x00000001
        6605000	       659	80001c84	00006117	auipc	x2,0x6	  x2=0x80007c80
        6615000	       660	80001c88	52110113	addi	x2,x2,1313	  x2:0x80007c80  x2=0x800081a1
        6625000	       661	80001c8c	00007917	auipc	x18,0x7	 x18=0x80008c88
        6635000	       662	80001c90	a5a90913	addi	x18,x18,-1446	 x18:0x80008c88 x18=0x800086e2
        6645000	       663	80001c94	04b94703	lbu	x14,75(x18)	 x18:0x800086e2 x14=0x00000000 PA:0x8000872d
        6655000	       664	80001c98	fd691f03	lh	x30,-42(x18)	 x18:0x800086e2 x30=0x00000000 PA:0x800086b8
        6665000	       665	80001c9c	00006997	auipc	x19,0x6	 x19=0x80007c98
        6675000	       666	80001ca0	5dc98993	addi	x19,x19,1500	 x19:0x80007c98 x19=0x80008274
        6685000	       667	80001ca4	07c983a3	sb	x28,103(x19)	 x19:0x80008274 x28:0xffffffff PA:0x800082db
        6695000	       668	80001ca8	00610023	sb	x6,0(x2)	  x2:0x800081a1  x6:0x00000000 PA:0x800081a1
        6705000	       669	80001cac	f5f90f83	lb	x31,-161(x18)	 x18:0x800086e2 x31=0x00000000 PA:0x80008641
        6715000	       670	80001cb0	ffc10403	lb	x8,-4(x2)	  x2:0x800081a1  x8=0x00000000 PA:0x8000819d
        6725000	       671	80001cb4	05291c83	lh	x25,82(x18)	 x18:0x800086e2 x25=0x00000000 PA:0x80008734
        6735000	       672	80001cb8	f2f98f83	lb	x31,-209(x19)	 x19:0x80008274 x31=0x00000000 PA:0x800081a3
        6745000	       673	80001cbc	ff312f03	lw	x30,-13(x2)	  x2:0x800081a1 x30=0x00000000 PA:0x80008194
        6755000	       674	80001cc0	fee10b23	sb	x14,-10(x2)	  x2:0x800081a1 x14:0x00000000 PA:0x80008197
        6765000	       675	80001cc4	03b90ea3	sb	x27,61(x18)	 x18:0x800086e2 x27:0xffffffff PA:0x8000871f
        6775000	       676	80001cc8	fdf90483	lb	x9,-33(x18)	 x18:0x800086e2  x9=0x00000000 PA:0x800086c1
        6785000	       677	80001ccc	06e99c03	lh	x24,110(x19)	 x19:0x80008274 x24=0x00000000 PA:0x800082e2
        6795000	       678	80001cd0	09295a03	lhu	x20,146(x18)	 x18:0x800086e2 x20=0x00000000 PA:0x80008774
        6805000	       679	80001cd4	028981a3	sb	x8,35(x19)	 x19:0x80008274  x8:0x00000000 PA:0x80008297
        6815000	       680	80001cd8	05090783	lb	x15,80(x18)	 x18:0x800086e2 x15=0x00000000 PA:0x80008732
        6825000	       681	80001cdc	ff310003	lb	x0,-13(x2)	  x2:0x800081a1 PA:0x80008194
        6835000	       682	80001ce0	0c698ca3	sb	x6,217(x19)	 x19:0x80008274  x6:0x00000000 PA:0x8000834d
        6845000	       683	80001ce4	fa266193	ori	x3,x12,-94	 x12:0x00000000  x3=0xffffffa2
        6855000	       684	80001ce8	03ed5863	bge	x26,x30,80001d18	 x26:0x00000000 x30:0x00000000
        6865000	       685	00000000	00000013	addi	x0,x0,0	  x0:0x00000000
        6875000	       686	80001d14	00000013	addi	x0,x0,0	  x0:0x00000000
        6885000	       687	80001d18	00000013	addi	x0,x0,0	  x0:0x00000000
        6895000	       688	80001d1c	00bace33	xor	x28,x21,x11	 x21:0x00000000 x11:0x01000114 x28=0x01000114
        6905000	       689	80001d20	412f81b3	sub	x3,x31,x18	 x31:0x00000000 x18:0x800086e2  x3=0x7fff791e
        6915000	       690	80001d24	8f4d2037	lui	x0,0x8f4d2	
        6925000	       691	80001d28	00289663	bne	x17,x2,80001d34	 x17:0x80009fc4  x2:0x800081a1
        6935000	       692	00000000	00000013	addi	x0,x0,0	  x0:0x00000000
        6945000	       693	80001d30	00000013	addi	x0,x0,0	  x0:0x00000000
        6955000	       694	80001d34	7228fc13	andi	x24,x17,1826	 x17:0x80009fc4 x24=0x00000700
        6965000	       695	80001d38	01a43fb3	sltu	x31,x8,x26	  x8:0x00000000 x26:0x00000000 x31=0x00000000
        6975000	       696	80001d3c	d5a16c93	ori	x25,x2,-678	  x2:0x800081a1 x25=0xfffffdfb
        6985000	       697	80001d40	010c1213	slli	x4,x24,0x10	 x24:0x00000700  x4=0x07000000
        6995000	       698	80001d44	41af00b3	sub	x1,x30,x26	 x30:0x00000000 x26:0x00000000  x1=0x00000000
        7005000	       699	80001d48	01e0e4b3	or	x9,x1,x30	  x1:0x00000000 x30:0x00000000  x9=0x00000000
        7015000	       700	80001d4c	00000013	addi	x0,x0,0	  x0:0x00000000
        7025000	       701	80001d50	035a9463	bne	x21,x21,80001d78	 x21:0x00000000 x21:0x00000000
        7035000	       702	80001d54	62e36d93	ori	x27,x6,1582	  x6:0x00000000 x27=0x0000062e
        7045000	       703	80001d58	00000013	addi	x0,x0,0	  x0:0x00000000
        7055000	       704	80001d5c	059a4263	blt	x20,x25,80001da0	 x20:0x00000000 x25:0xfffffdfb
        7065000	       705	80001d60	0175f493	andi	x9,x11,23	 x11:0x01000114  x9=0x00000014
        7075000	       706	80001d64	00fa4333	xor	x6,x20,x15	 x20:0x00000000 x15:0x00000000  x6=0x00000000
        7085000	       707	80001d68	d689ac13	slti	x24,x19,-664	 x19:0x80008274 x24=0x00000001
        7095000	       708	80001d6c	416bda93	srai	x21,x23,0x16	 x23:0x00000266 x21=0x00000000
        7105000	       709	80001d70	05a0f863	bgeu	x1,x26,80001dc0	  x1:0x00000000 x26:0x00000000
        7115000	       710	00000000	00000013	addi	x0,x0,0	  x0:0x00000000
        7125000	       711	80001dbc	00000013	addi	x0,x0,0	  x0:0x00000000
        7135000	       712	80001dc0	003440b3	xor	x1,x8,x3	  x8:0x00000000  x3:0x7fff791e  x1=0x7fff791e
        7145000	       713	80001dc4	2d168d93	addi	x27,x13,721	 x13:0x80009fc5 x27=0x8000a296
        7155000	       714	80001dc8	70b5b593	sltiu	x11,x11,1803	 x11:0x01000114 x11=0x00000000
        7165000	       715	80001dcc	01c97cb3	and	x25,x18,x28	 x18:0x800086e2 x28:0x01000114 x25=0x00000000
        7175000	       716	80001dd0	0111cb33	xor	x22,x3,x17	  x3:0x7fff791e x17:0x80009fc4 x22=0xffffe6da
        7185000	       717	80001dd4	55fd7e17	auipc	x28,0x55fd7	 x28=0xd5fd8dd0
        7195000	       718	80001dd8	9d4c6593	ori	x11,x24,-1580	 x24:0x00000001 x11=0xfffff9d5
        7205000	       719	80001ddc	00000013	addi	x0,x0,0	  x0:0x00000000
        7215000	       720	80001de0	f453b313	sltiu	x6,x7,-187	  x7:0x80009f54  x6=0x00000001
        7225000	       721	80001de4	87275e17	auipc	x28,0x87275	 x28=0x07276de0
        7235000	       722	80001de8	895b7d37	lui	x26,0x895b7	 x26=0x895b7000
        7245000	       723	80001dec	00650333	add	x6,x10,x6	 x10:0x00000001  x6:0x00000001  x6=0x00000002
        7255000	       724	80001df0	002f0db3	add	x27,x30,x2	 x30:0x00000000  x2:0x800081a1 x27=0x800081a1
        7265000	       725	80001df4	019954b3	srl	x9,x18,x25	 x18:0x800086e2 x25:0x00000000  x9=0x800086e2
        7275000	       726	80001df8	072fde63	bge	x31,x18,80001e74	 x31:0x00000000 x18:0x800086e2
        7285000	       727	00000000	00000013	addi	x0,x0,0	  x0:0x00000000
        7295000	       728	80001e70	00000013	addi	x0,x0,0	  x0:0x00000000
        7305000	       729	80001e74	0196c433	xor	x8,x13,x25	 x13:0x80009fc5 x25:0x00000000  x8=0x80009fc5
        7315000	       730	80001e78	00c7f663	bgeu	x15,x12,80001e84	 x15:0x00000000 x12:0x00000000
        7325000	       731	00000000	00000013	addi	x0,x0,0	  x0:0x00000000
        7335000	       732	80001e80	00000013	addi	x0,x0,0	  x0:0x00000000
        7345000	       733	80001e84	00ba5833	srl	x16,x20,x11	 x20:0x00000000 x11:0xfffff9d5 x16=0x00000000
        7355000	       734	80001e88	00375913	srli	x18,x14,0x3	 x14:0x00000000 x18=0x00000000
        7365000	       735	80001e8c	01cd3933	sltu	x18,x26,x28	 x26:0x895b7000 x28:0x07276de0 x18=0x00000000
        7375000	       736	80001e90	414ed913	srai	x18,x29,0x14	 x29:0x0000000e x18=0x00000000
        7385000	       737	80001e94	004744b3	xor	x9,x14,x4	 x14:0x00000000  x4:0x07000000  x9=0x07000000
        7395000	       738	80001e98	01805a93	srli	x21,x0,0x18	  x0:0x00000000 x21=0x00000000
        7405000	       739	80001e9c	0374de63	bge	x9,x23,80001ed8	  x9:0x07000000 x23:0x00000266
        7415000	       740	00000000	00000013	addi	x0,x0,0	  x0:0x00000000
        7425000	       741	80001ed4	00000013	addi	x0,x0,0	  x0:0x00000000
        7435000	       742	80001ed8	0012c1b3	xor	x3,x5,x1	  x5:0xb5d9f000  x1:0x7fff791e  x3=0xca26891e
        7445000	       743	80001edc	ffa82493	slti	x9,x16,-6	 x16:0x00000000  x9=0x00000000
        7455000	       744	80001ee0	0043a083	lw	x1,4(x7)	  x7:0x80009f54  x1=0x8000013c PA:0x80009f58
        7465000	       745	80001ee4	03038393	addi	x7,x7,48	  x7:0x80009f54  x7=0x80009f84
        7475000	       746	80001ee8	00025333	srl	x6,x4,x0	  x4:0x07000000  x0:0x00000000  x6=0x07000000
        7485000	       747	80001eec	00fc0033	add	x0,x24,x15	 x24:0x00000001 x15:0x00000000
        7495000	       748	80001ef0	00e33233	sltu	x4,x6,x14	  x6:0x07000000 x14:0x00000000  x4=0x00000000
        7505000	       749	80001ef4	4066db33	sra	x22,x13,x6	 x13:0x80009fc5  x6:0x07000000 x22=0x80009fc5
        7515000	       750	80001ef8	0156d293	srli	x5,x13,0x15	 x13:0x80009fc5  x5=0x00000400
        7525000	       751	80001efc	00108693	addi	x13,x1,1	  x1:0x8000013c x13=0x8000013d
        7535000	       752	80001f00	000686e7	jalr	x13,x13,0	 x13:0x8000013d x13=0x80001f00
        7545000	       753	00000000	00000013	addi	x0,x0,0	  x0:0x00000000
        7555000	       754	8000013c	00000013	addi	x0,x0,0	  x0:0x00000000
        7565000	       755	80000140	00009d97	auipc	x27,0x9	 x27=0x8000913c
        7575000	       756	80000144	995d8d93	addi	x27,x27,-1643	 x27:0x8000913c x27=0x80008ad1
        7585000	       757	80000148	004d8e03	lb	x28,4(x27)	 x27:0x80008ad1 x28=0x00000000 PA:0x80008ad5
        7595000	       758	8000014c	012d8623	sb	x18,12(x27)	 x27:0x80008ad1 x18:0x00000000 PA:0x80008add
        7605000	       759	80000150	00009697	auipc	x13,0x9	 x13=0x8000914c
        7615000	       760	80000154	de468693	addi	x13,x13,-540	 x13:0x8000914c x13=0x80008f30
        7625000	       761	80000158	faf6c783	lbu	x15,-81(x13)	 x13:0x80008f30 x15=0x00000000 PA:0x80008edf
        7635000	       762	8000015c	ffbd98a3	sh	x27,-15(x27)	 x27:0x80008ad1 x27:0x80008ad1 PA:0x80008ac2
        7645000	       763	80000160	0b66cb83	lbu	x23,182(x13)	 x13:0x80008f30 x23=0x00000000 PA:0x80008fe6
        7655000	       764	80000164	00fd9503	lh	x10,15(x27)	 x27:0x80008ad1 x10=0x00000000 PA:0x80008ae0
        7665000	       765	80000168	f0869a03	lh	x20,-248(x13)	 x13:0x80008f30 x20=0x00000000 PA:0x80008e38
        7675000	       766	8000016c	ff9dc583	lbu	x11,-7(x27)	 x27:0x80008ad1 x11=0x00000000 PA:0x80008aca
        7685000	       767	80000170	f9e6d083	lhu	x1,-98(x13)	 x13:0x80008f30  x1=0x00000000 PA:0x80008ece
        7695000	       768	80000174	005dc803	lbu	x16,5(x27)	 x27:0x80008ad1 x16=0x00000000 PA:0x80008ad6
        7705000	       769	80000178	f116c583	lbu	x11,-239(x13)	 x13:0x80008f30 x11=0x00000000 PA:0x80008e41
        7715000	       770	8000017c	ffed8ea3	sb	x30,-3(x27)	 x27:0x80008ad1 x30:0x00000000 PA:0x80008ace
        7725000	       771	80000180	f716c503	lbu	x10,-143(x13)	 x13:0x80008f30 x10=0x00000000 PA:0x80008ea1
        7735000	       772	80000184	f0e68303	lb	x6,-242(x13)	 x13:0x80008f30  x6=0x00000000 PA:0x80008e3e
        7745000	       773	80000188	012d83a3	sb	x18,7(x27)	 x27:0x80008ad1 x18:0x00000000 PA:0x80008ad8
        7755000	       774	8000018c	0ab68783	lb	x15,171(x13)	 x13:0x80008f30 x15=0x00000000 PA:0x80008fdb
        7765000	       775	80000190	ff9dc103	lbu	x2,-7(x27)	 x27:0x80008ad1  x2=0x00000000 PA:0x80008aca
        7775000	       776	80000194	00009697	auipc	x13,0x9	 x13=0x80009190
        7785000	       777	80000198	81e68693	addi	x13,x13,-2018	 x13:0x80009190 x13=0x800089ae
        7795000	       778	8000019c	08e681a3	sb	x14,131(x13)	 x13:0x800089ae x14:0x00000000 PA:0x80008a31
        7805000	       779	800001a0	08368783	lb	x15,131(x13)	 x13:0x800089ae x15=0x00000000 PA:0x80008a31
        7815000	       780	800001a4	08368c03	lb	x24,131(x13)	 x13:0x800089ae x24=0x00000000 PA:0x80008a31
        7825000	       781	800001a8	0ad68d03	lb	x26,173(x13)	 x13:0x800089ae x26=0x00000000 PA:0x80008a5b
        7835000	       782	800001ac	f5168703	lb	x14,-175(x13)	 x13:0x800089ae x14=0x00000000 PA:0x800088ff
        7845000	       783	800001b0	f5168f03	lb	x30,-175(x13)	 x13:0x800089ae x30=0x00000000 PA:0x800088ff
        7855000	       784	800001b4	f4d688a3	sb	x13,-175(x13)	 x13:0x800089ae x13:0x800089ae PA:0x800088ff
        7865000	       785	800001b8	f516c603	lbu	x12,-175(x13)	 x13:0x800089ae x12=0x000000ae PA:0x800088ff
        7875000	       786	800001bc	f516cb83	lbu	x23,-175(x13)	 x13:0x800089ae x23=0x000000ae PA:0x800088ff
        7885000	       787	800001c0	41d55033	sra	x0,x10,x29	 x10:0x00000000 x29:0x0000000e
        7895000	       788	800001c4	f6d68f83	lb	x31,-147(x13)	 x13:0x800089ae x31=0x00000000 PA:0x8000891b
        7905000	       789	800001c8	00009117	auipc	x2,0x9	  x2=0x800091c4
        7915000	       790	800001cc	d2e10113	addi	x2,x2,-722	  x2:0x800091c4  x2=0x80008ef2
        7925000	       791	800001d0	0199f633	and	x12,x19,x25	 x19:0x80008274 x25:0x00000000 x12=0x00000000
        7935000	       792	800001d4	035107a3	sb	x21,47(x2)	  x2:0x80008ef2 x21:0x00000000 PA:0x80008f21
        7945000	       793	800001d8	fd811b03	lh	x22,-40(x2)	  x2:0x80008ef2 x22=0x00000000 PA:0x80008eca
        7955000	       794	800001dc	01ac96b3	sll	x13,x25,x26	 x25:0x00000000 x26:0x00000000 x13=0x00000000
        7965000	       795	800001e0	00ef1ab3	sll	x21,x30,x14	 x30:0x00000000 x14:0x00000000 x21=0x00000000
        7975000	       796	800001e4	00aa1a93	slli	x21,x20,0xa	 x20:0x00000000 x21=0x00000000
        7985000	       797	800001e8	00c51413	slli	x8,x10,0xc	 x10:0x00000000  x8=0x00000000
        7995000	       798	800001ec	ff010523	sb	x16,-22(x2)	  x2:0x80008ef2 x16:0x00000000 PA:0x80008edc
        8005000	       799	800001f0	02b10803	lb	x16,43(x2)	  x2:0x80008ef2 x16=0x00000000 PA:0x80008f1d
        8015000	       800	00000000	00000013	addi	x0,x0,0	  x0:0x00000000
        8025000	       801	800001f4	ff014183	lbu	x3,-16(x2)	  x2:0x80008ef2  x3=0x00000000 PA:0x80008ee2
        8035000	       802	800001f8	00b427b3	slt	x15,x8,x11	  x8:0x00000000 x11:0x00000000 x15=0x00000000
        8045000	       803	800001fc	fd910ba3	sb	x25,-41(x2)	  x2:0x80008ef2 x25:0x00000000 PA:0x80008ec9
        8055000	       804	80000200	02110703	lb	x14,33(x2)	  x2:0x80008ef2 x14=0x00000000 PA:0x80008f13
        8065000	       805	80000204	002340b3	xor	x1,x6,x2	  x6:0x00000000  x2:0x80008ef2  x1=0x80008ef2
        8075000	       806	80000208	00000013	addi	x0,x0,0	  x0:0x00000000
        8085000	       807	8000020c	fd914e03	lbu	x28,-39(x2)	  x2:0x80008ef2 x28=0x00000000 PA:0x80008ecb
        8095000	       808	80000210	00c55533	srl	x10,x10,x12	 x10:0x00000000 x12:0x00000000 x10=0x00000000
        8105000	       809	80000214	77903b93	sltiu	x23,x0,1913	  x0:0x00000000 x23=0x00000001
        8115000	       810	80000218	02f10ca3	sb	x15,57(x2)	  x2:0x80008ef2 x15:0x00000000 PA:0x80008f2b
        8125000	       811	8000021c	00d40db3	add	x27,x8,x13	  x8:0x00000000 x13:0x00000000 x27=0x00000000
        8135000	       812	80000220	00c11703	lh	x14,12(x2)	  x2:0x80008ef2 x14=0x00000000 PA:0x80008efe
        8145000	       813	80000224	02710003	lb	x0,39(x2)	  x2:0x80008ef2 PA:0x80008f19
        8155000	       814	80000228	03314903	lbu	x18,51(x2)	  x2:0x80008ef2 x18=0x00000000 PA:0x80008f25
        8165000	       815	8000022c	00000013	addi	x0,x0,0	  x0:0x00000000
        8175000	       816	80000230	9c26f313	andi	x6,x13,-1598	 x13:0x00000000  x6=0x00000000
        8185000	       817	80000234	fe514783	lbu	x15,-27(x2)	  x2:0x80008ef2 x15=0x00000000 PA:0x80008ed7
        8195000	       818	80000238	01abcc33	xor	x24,x23,x26	 x23:0x00000001 x26:0x00000000 x24=0x00000001
        8205000	       819	8000023c	00205613	srli	x12,x0,0x2	  x0:0x00000000 x12=0x00000000
        8215000	       820	80000240	001924b3	slt	x9,x18,x1	 x18:0x00000000  x1:0x80008ef2  x9=0x00000000
        8225000	       821	80000244	fc5107a3	sb	x5,-49(x2)	  x2:0x80008ef2  x5:0x00000400 PA:0x80008ec1
        8235000	       822	80000248	954ee793	ori	x15,x29,-1708	 x29:0x0000000e x15=0xfffff95e
        8245000	       823	8000024c	e25c7993	andi	x19,x24,-475	 x24:0x00000001 x19=0x00000001
        8255000	       824	80000250	009f70b3	and	x1,x30,x9	 x30:0x00000000  x9:0x00000000  x1=0x00000000
        8265000	       825	80000254	7bd10313	addi	x6,x2,1981	  x2:0x80008ef2  x6=0x800096af
        8275000	       826	80000258	01601713	slli	x14,x0,0x16	  x0:0x00000000 x14=0x00000000
        8285000	       827	8000025c	00c11933	sll	x18,x2,x12	  x2:0x80008ef2 x12:0x00000000 x18=0x80008ef2
        8295000	       828	80000260	00c639b3	sltu	x19,x12,x12	 x12:0x00000000 x12:0x00000000 x19=0x00000000
        8305000	       829	80000264	01e12783	lw	x15,30(x2)	  x2:0x80008ef2 x15=0x00000000 PA:0x80008f10
        8315000	       830	80000268	03291c63	bne	x18,x18,800002a0	 x18:0x80008ef2 x18:0x80008ef2
        8325000	       831	8000026c	00a25e33	srl	x28,x4,x10	  x4:0x00000000 x10:0x00000000 x28=0x00000000
        8335000	       832	80000270	69b86c97	auipc	x25,0x69b86	 x25=0xe9b8626c
        8345000	       833	80000274	02c9dc63	bge	x19,x12,800002ac	 x19:0x00000000 x12:0x00000000
        8355000	       834	00000000	00000013	addi	x0,x0,0	  x0:0x00000000
        8365000	       835	800002a8	00000013	addi	x0,x0,0	  x0:0x00000000
        8375000	       836	800002ac	40a4da13	srai	x20,x9,0xa	  x9:0x00000000 x20=0x00000000
        8385000	       837	800002b0	004eda93	srli	x21,x29,0x4	 x29:0x0000000e x21=0x00000000
        8395000	       838	800002b4	0077c033	xor	x0,x15,x7	 x15:0x00000000  x7:0x80009f84
        8405000	       839	800002b8	01d57cb3	and	x25,x10,x29	 x10:0x00000000 x29:0x0000000e x25=0x00000000
        8415000	       840	800002bc	01248633	add	x12,x9,x18	  x9:0x00000000 x18:0x80008ef2 x12=0x80008ef2
        8425000	       841	800002c0	00771733	sll	x14,x14,x7	 x14:0x00000000  x7:0x80009f84 x14=0x00000000
        8435000	       842	800002c4	00d88e63	beq	x17,x13,800002e0	 x17:0x80009fc4 x13:0x00000000
        8445000	       843	800002c8	00211263	bne	x2,x2,800002cc	  x2:0x80008ef2  x2:0x80008ef2
        8455000	       844	800002cc	01985a13	srli	x20,x16,0x19	 x16:0x00000000 x20=0x00000000
        8465000	       845	800002d0	011f9e33	sll	x28,x31,x17	 x31:0x00000000 x17:0x80009fc4 x28=0x00000000
        8475000	       846	800002d4	0106e733	or	x14,x13,x16	 x13:0x00000000 x16:0x00000000 x14=0x00000000
        8485000	       847	800002d8	0064adb3	slt	x27,x9,x6	  x9:0x00000000  x6:0x800096af x27=0x00000000
        8495000	       848	800002dc	008d9933	sll	x18,x27,x8	 x27:0x00000000  x8:0x00000000 x18=0x00000000
        8505000	       849	800002e0	88eca9b7	lui	x19,0x88eca	 x19=0x88eca000
        8515000	       850	800002e4	01315f33	srl	x30,x2,x19	  x2:0x80008ef2 x19:0x88eca000 x30=0x80008ef2
        8525000	       851	800002e8	9286b213	sltiu	x4,x13,-1752	 x13:0x00000000  x4=0x00000001
        8535000	       852	800002ec	014864b3	or	x9,x16,x20	 x16:0x00000000 x20:0x00000000  x9=0x00000000
        8545000	       853	800002f0	01712233	slt	x4,x2,x23	  x2:0x80008ef2 x23:0x00000001  x4=0x00000001
        8555000	       854	800002f4	41425f13	srai	x30,x4,0x14	  x4:0x00000001 x30=0x00000000
        8565000	       855	800002f8	008b1193	slli	x3,x22,0x8	 x22:0x00000000  x3=0x00000000
        8575000	       856	800002fc	84ddb513	sltiu	x10,x27,-1971	 x27:0x00000000 x10=0x00000001
        8585000	       857	80000300	003176b3	and	x13,x2,x3	  x2:0x80008ef2  x3:0x00000000 x13=0x00000000
        8595000	       858	80000304	0160f333	and	x6,x1,x22	  x1:0x00000000 x22:0x00000000  x6=0x00000000
        8605000	       859	80000308	03b0ea63	bltu	x1,x27,8000033c	  x1:0x00000000 x27:0x00000000
        8615000	       860	8000030c	00b32033	slt	x0,x6,x11	  x6:0x00000000 x11:0x00000000
        8625000	       861	80000310	00e505b3	add	x11,x10,x14	 x10:0x00000001 x14:0x00000000 x11=0x00000001
        8635000	       862	80000314	042fc863	blt	x31,x2,80000364	 x31:0x00000000  x2:0x80008ef2
        8645000	       863	80000318	00000013	addi	x0,x0,0	  x0:0x00000000
        8655000	       864	8000031c	2836a693	slti	x13,x13,643	 x13:0x00000000 x13=0x00000001
        8665000	       865	80000320	01996e63	bltu	x18,x25,8000033c	 x18:0x00000000 x25:0x00000000
        8675000	       866	80000324	003c1e63	bne	x24,x3,80000340	 x24:0x00000001  x3:0x00000000
        8685000	       867	00000000	00000013	addi	x0,x0,0	  x0:0x00000000
        8695000	       868	8000033c	00000013	addi	x0,x0,0	  x0:0x00000000
        8705000	       869	80000340	ad9bc813	xori	x16,x23,-1319	 x23:0x00000001 x16=0xfffffad8
        8715000	       870	80000344	4079d493	srai	x9,x19,0x7	 x19:0x88eca000  x9=0xff11d940
        8725000	       871	80000348	00000013	addi	x0,x0,0	  x0:0x00000000
        8735000	       872	8000034c	05d7d063	bge	x15,x29,8000038c	 x15:0x00000000 x29:0x0000000e
        8745000	       873	80000350	417fdb13	srai	x22,x31,0x17	 x31:0x00000000 x22=0x00000000
        8755000	       874	80000354	01250293	addi	x5,x10,18	 x10:0x00000001  x5=0x00000013
        8765000	       875	80000358	014479b3	and	x19,x8,x20	  x8:0x00000000 x20:0x00000000 x19=0x00000000
        8775000	       876	8000035c	cf226193	ori	x3,x4,-782	  x4:0x00000001  x3=0xfffffcf3
        8785000	       877	80000360	01debc33	sltu	x24,x29,x29	 x29:0x0000000e x29:0x0000000e x24=0x00000000
        8795000	       878	80000364	01049c63	bne	x9,x16,8000037c	  x9:0xff11d940 x16:0xfffffad8
        8805000	       879	00000000	00000013	addi	x0,x0,0	  x0:0x00000000
        8815000	       880	80000378	00000013	addi	x0,x0,0	  x0:0x00000000
        8825000	       881	8000037c	a1006213	ori	x4,x0,-1520	  x0:0x00000000  x4=0xfffffa10
        8835000	       882	80000380	00985513	srli	x10,x16,0x9	 x16:0xfffffad8 x10=0x007ffffd
        8845000	       883	80000384	86704913	xori	x18,x0,-1945	  x0:0x00000000 x18=0xfffff867
        8855000	       884	80000388	00000013	addi	x0,x0,0	  x0:0x00000000
        8865000	       885	8000038c	006ec0b3	xor	x1,x29,x6	 x29:0x0000000e  x6:0x00000000  x1=0x0000000e
        8875000	       886	80000390	01d61d33	sll	x26,x12,x29	 x12:0x80008ef2 x29:0x0000000e x26=0x23bc8000
        8885000	       887	80000394	06416263	bltu	x2,x4,800003f8	  x2:0x80008ef2  x4:0xfffffa10
        8895000	       888	00000000	00000013	addi	x0,x0,0	  x0:0x00000000
        8905000	       889	800003f4	00000013	addi	x0,x0,0	  x0:0x00000000
        8915000	       890	800003f8	00000013	addi	x0,x0,0	  x0:0x00000000
        8925000	       891	800003fc	0158f333	and	x6,x17,x21	 x17:0x80009fc4 x21:0x00000000  x6=0x00000000
        8935000	       892	80000400	00b1ccb3	xor	x25,x3,x11	  x3:0xfffffcf3 x11:0x00000001 x25=0xfffffcf2
        8945000	       893	80000404	c908e213	ori	x4,x17,-880	 x17:0x80009fc4  x4=0xffffffd4
        8955000	       894	80000408	04574863	blt	x14,x5,80000458	 x14:0x00000000  x5:0x00000013
        8965000	       895	00000000	00000013	addi	x0,x0,0	  x0:0x00000000
        8975000	       896	80000454	00000013	addi	x0,x0,0	  x0:0x00000000
        8985000	       897	80000458	e2ecf617	auipc	x12,0xe2ecf	 x12=0x62ecf454
        8995000	       898	8000045c	01072fb3	slt	x31,x14,x16	 x14:0x00000000 x16:0xfffffad8 x31=0x00000000
        9005000	       899	80000460	01db7e63	bgeu	x22,x29,8000047c	 x22:0x00000000 x29:0x0000000e
        9015000	       900	80000464	01757133	and	x2,x10,x23	 x10:0x007ffffd x23:0x00000001  x2=0x00000001
        9025000	       901	80000468	01125e13	srli	x28,x4,0x11	  x4:0xffffffd4 x28=0x00007fff
        9035000	       902	8000046c	00000013	addi	x0,x0,0	  x0:0x00000000
        9045000	       903	80000470	02fc5a63	bge	x24,x15,800004a4	 x24:0x00000000 x15:0x00000000
        9055000	       904	00000000	00000013	addi	x0,x0,0	  x0:0x00000000
        9065000	       905	800004a0	00000013	addi	x0,x0,0	  x0:0x00000000
        9075000	       906	800004a4	0187f7b3	and	x15,x15,x24	 x15:0x00000000 x24:0x00000000 x15=0x00000000
        9085000	       907	800004a8	0fe48d97	auipc	x27,0xfe48	 x27=0x8fe484a4
        9095000	       908	800004ac	00156833	or	x16,x10,x1	 x10:0x007ffffd  x1:0x0000000e x16=0x007fffff
        9105000	       909	800004b0	03c98663	beq	x19,x28,800004dc	 x19:0x00000000 x28:0x00007fff
        9115000	       910	800004b4	01855513	srli	x10,x10,0x18	 x10:0x007ffffd x10=0x00000000
        9125000	       911	800004b8	00218833	add	x16,x3,x2	  x3:0xfffffcf3  x2:0x00000001 x16=0xfffffcf4
        9135000	       912	800004bc	6a8d3313	sltiu	x6,x26,1704	 x26:0x23bc8000  x6=0x00000000
        9145000	       913	800004c0	00711013	slli	x0,x2,0x7	  x2:0x00000001
        9155000	       914	800004c4	00ba9b93	slli	x23,x21,0xb	 x21:0x00000000 x23=0x00000000
        9165000	       915	800004c8	44ff7b13	andi	x22,x30,1103	 x30:0x00000000 x22=0x00000000
        9175000	       916	800004cc	1dd13113	sltiu	x2,x2,477	  x2:0x00000001  x2=0x00000001
        9185000	       917	800004d0	007e9d33	sll	x26,x29,x7	 x29:0x0000000e  x7:0x80009f84 x26=0x000000e0
        9195000	       918	800004d4	015b40b3	xor	x1,x22,x21	 x22:0x00000000 x21:0x00000000  x1=0x00000000
        9205000	       919	800004d8	01c19513	slli	x10,x3,0x1c	  x3:0xfffffcf3 x10=0x30000000
        9215000	       920	800004dc	400e0233	sub	x4,x28,x0	 x28:0x00007fff  x0:0x00000000  x4=0x00007fff
        9225000	       921	800004e0	00000e97	auipc	x29,0x0	 x29=0x800004dc
        9235000	       922	800004e4	00ce8e93	addi	x29,x29,12	 x29:0x800004dc x29=0x800004e8
        9245000	       923	800004e8	000e8067	jalr	x0,x29,0	 x29:0x800004e8
        9255000	       924	00000000	00000013	addi	x0,x0,0	  x0:0x00000000
        9265000	       925	800004e8	00000013	addi	x0,x0,0	  x0:0x00000000
        9275000	       926	800004ec	00100193	addi	x3,x0,1	  x0:0x00000000  x3=0x00000001
        9285000	       927	800004f0	00000073	ecall	
        9295000	       928	800004f4	514a8313	addi	x6,x21,1300	 x21:0x00000000  x6=0x00000514
