		Time			Cycle	PC		Insn	Decoded instruction	Register and memory contents
          65000	         5	80000004	00000293	addi	x5,x0,0	  x0:0x00000000  x5=0x00000000
          75000	         6	80000008	00000313	addi	x6,x0,0	  x0:0x00000000  x6=0x00000000
          85000	         7	8000000c	00628263	beq	x5,x6,80000010	  x5:0x00000000  x6:0x00000000
          95000	         8	00000000	00000013	addi	x0,x0,0	  x0:0x00000000
         105000	         9	8000000c	00000013	addi	x0,x0,0	  x0:0x00000000
         115000	        10	80000010	00000717	auipc	x14,0x0	 x14=0x8000000c
         125000	        11	80000014	00c70713	addi	x14,x14,12	 x14:0x8000000c x14=0x80000018
         135000	        12	80000018	00070067	jalr	x0,x14,0	 x14:0x80000018
         145000	        13	00000000	00000013	addi	x0,x0,0	  x0:0x00000000
         155000	        14	80000018	00000013	addi	x0,x0,0	  x0:0x00000000
         165000	        15	8000001c	400006b7	lui	x13,0x40000	 x13=0x40000000
         175000	        16	80000020	10068693	addi	x13,x13,256	 x13:0x40000000 x13=0x40000100
         185000	        17	80000024	00000013	addi	x0,x0,0	  x0:0x00000000
         195000	        18	80000028	0000a917	auipc	x18,0xa	 x18=0x8000a024
         205000	        19	8000002c	fa090913	addi	x18,x18,-96	 x18:0x8000a024 x18=0x80009fc4
         215000	        20	80000030	00002697	auipc	x13,0x2	 x13=0x8000202c
         225000	        21	80000034	f1068693	addi	x13,x13,-240	 x13:0x8000202c x13=0x80001f3c
         235000	        22	80000038	0006e693	ori	x13,x13,0	 x13:0x80001f3c x13=0x80001f3c
         245000	        23	8000003c	00000013	addi	x0,x0,0	  x0:0x00000000
         255000	        24	80000040	00000697	auipc	x13,0x0	 x13=0x8000003c
         265000	        25	80000044	02068693	addi	x13,x13,32	 x13:0x8000003c x13=0x8000005c
         275000	        26	80000048	00000013	addi	x0,x0,0	  x0:0x00000000
         285000	        27	8000004c	00000013	addi	x0,x0,0	  x0:0x00000000
         295000	        28	80000050	000026b7	lui	x13,0x2	 x13=0x00002000
         305000	        29	80000054	80068693	addi	x13,x13,-2048	 x13:0x00002000 x13=0x00001800
         315000	        30	80000058	00000013	addi	x0,x0,0	  x0:0x00000000
         325000	        31	8000005c	00000013	addi	x0,x0,0	  x0:0x00000000
         335000	        32	80000060	80000037	lui	x0,0x80000	
         345000	        33	80000064	00000013	addi	x0,x0,0	  x0:0x00000000
         355000	        34	80000068	067b70b7	lui	x1,0x67b7	  x1=0x067b7000
         365000	        35	8000006c	ce908093	addi	x1,x1,-791	  x1:0x067b7000  x1=0x067b6ce9
         375000	        36	80000070	f0c57137	lui	x2,0xf0c57	  x2=0xf0c57000
         385000	        37	80000074	42610113	addi	x2,x2,1062	  x2:0xf0c57000  x2=0xf0c57426
         395000	        38	80000078	00000193	addi	x3,x0,0	  x0:0x00000000  x3=0x00000000
         405000	        39	8000007c	00a00293	addi	x5,x0,10	  x0:0x00000000  x5=0x0000000a
         415000	        40	80000080	00b00313	addi	x6,x0,11	  x0:0x00000000  x6=0x0000000b
         425000	        41	80000084	00200393	addi	x7,x0,2	  x0:0x00000000  x7=0x00000002
         435000	        42	80000088	f0649437	lui	x8,0xf0649	  x8=0xf0649000
         445000	        43	8000008c	a2740413	addi	x8,x8,-1497	  x8:0xf0649000  x8=0xf0648a27
         455000	        44	80000090	00900493	addi	x9,x0,9	  x0:0x00000000  x9=0x00000009
         465000	        45	80000094	80000537	lui	x10,0x80000	 x10=0x80000000
         475000	        46	80000098	800005b7	lui	x11,0x80000	 x11=0x80000000
         485000	        47	8000009c	00000613	addi	x12,x0,0	  x0:0x00000000 x12=0x00000000
         495000	        48	800000a0	00000693	addi	x13,x0,0	  x0:0x00000000 x13=0x00000000
         505000	        49	800000a4	00000713	addi	x14,x0,0	  x0:0x00000000 x14=0x00000000
         515000	        50	800000a8	00100793	addi	x15,x0,1	  x0:0x00000000 x15=0x00000001
         525000	        51	800000ac	80000837	lui	x16,0x80000	 x16=0x80000000
         535000	        52	800000b0	fd0c48b7	lui	x17,0xfd0c4	 x17=0xfd0c4000
         545000	        53	800000b4	b7588893	addi	x17,x17,-1163	 x17:0xfd0c4000 x17=0xfd0c3b75
         555000	        54	800000b8	800009b7	lui	x19,0x80000	 x19=0x80000000
         565000	        55	800000bc	6e5a1a37	lui	x20,0x6e5a1	 x20=0x6e5a1000
         575000	        56	800000c0	7dba0a13	addi	x20,x20,2011	 x20:0x6e5a1000 x20=0x6e5a17db
         585000	        57	800000c4	80000ab7	lui	x21,0x80000	 x21=0x80000000
         595000	        58	800000c8	00000b13	addi	x22,x0,0	  x0:0x00000000 x22=0x00000000
         605000	        59	800000cc	f0853bb7	lui	x23,0xf0853	 x23=0xf0853000
         615000	        60	800000d0	e2bb8b93	addi	x23,x23,-469	 x23:0xf0853000 x23=0xf0852e2b
         625000	        61	800000d4	00000c13	addi	x24,x0,0	  x0:0x00000000 x24=0x00000000
         635000	        62	800000d8	f86e6cb7	lui	x25,0xf86e6	 x25=0xf86e6000
         645000	        63	800000dc	f8dc8c93	addi	x25,x25,-115	 x25:0xf86e6000 x25=0xf86e5f8d
         655000	        64	800000e0	00200d13	addi	x26,x0,2	  x0:0x00000000 x26=0x00000002
         665000	        65	800000e4	80000db7	lui	x27,0x80000	 x27=0x80000000
         675000	        66	800000e8	7e3c9e37	lui	x28,0x7e3c9	 x28=0x7e3c9000
         685000	        67	800000ec	010e0e13	addi	x28,x28,16	 x28:0x7e3c9000 x28=0x7e3c9010
         695000	        68	800000f0	00000e93	addi	x29,x0,0	  x0:0x00000000 x29=0x00000000
         705000	        69	800000f4	6ed24f37	lui	x30,0x6ed24	 x30=0x6ed24000
         715000	        70	800000f8	8dbf0f13	addi	x30,x30,-1829	 x30:0x6ed24000 x30=0x6ed238db
         725000	        71	800000fc	00900f93	addi	x31,x0,9	  x0:0x00000000 x31=0x00000009
         735000	        72	80000100	0000a217	auipc	x4,0xa	  x4=0x8000a0fc
         745000	        73	80000104	e8820213	addi	x4,x4,-376	  x4:0x8000a0fc  x4=0x80009f84
         755000	        74	80000108	004bfe33	and	x28,x23,x4	 x23:0xf0852e2b  x4:0x80009f84 x28=0x80000e00
         765000	        75	8000010c	01045b93	srli	x23,x8,0x10	  x8:0xf0648a27 x23=0x0000f064
         775000	        76	80000110	00001997	auipc	x19,0x1	 x19=0x8000110c
         785000	        77	80000114	3bc98993	addi	x19,x19,956	 x19:0x8000110c x19=0x800014c8
         795000	        78	80000118	ae0d8397	auipc	x7,0xae0d8	  x7=0x2e0d8114
         805000	        79	8000011c	41ea04b3	sub	x9,x20,x30	 x20:0x6e5a17db x30:0x6ed238db  x9=0xff87df00
         815000	        80	80000120	01d1f7b3	and	x15,x3,x29	  x3:0x00000000 x29:0x00000000 x15=0x00000000
         825000	        81	80000124	407cdab3	sra	x21,x25,x7	 x25:0xf86e5f8d  x7:0x2e0d8114 x21=0xffffff86
         835000	        82	80000128	018bf8b3	and	x17,x23,x24	 x23:0x0000f064 x24:0x00000000 x17=0x00000000
         845000	        83	8000012c	411c82b3	sub	x5,x25,x17	 x25:0xf86e5f8d x17:0x00000000  x5=0xf86e5f8d
         855000	        84	80000130	e2e98993	addi	x19,x19,-466	 x19:0x800014c8 x19=0x800012f6
         865000	        85	80000134	764d9317	auipc	x6,0x764d9	  x6=0xf64d9130
         875000	        86	80000138	3ecbc613	xori	x12,x23,1004	 x23:0x0000f064 x12=0x0000f388
         885000	        87	8000013c	1d398367	jalr	x6,x19,467	 x19:0x800012f6  x6=0x8000013c
         895000	        88	00000000	00000013	addi	x0,x0,0	  x0:0x00000000
         905000	        89	800014c8	00000013	addi	x0,x0,0	  x0:0x00000000
         915000	        90	800014cc	fec20213	addi	x4,x4,-20	  x4:0x80009f84  x4=0x80009f70
         925000	        91	800014d0	8888e793	ori	x15,x17,-1912	 x17:0x00000000 x15=0xfffff888
         935000	        92	800014d4	70f3ca13	xori	x20,x7,1807	  x7:0x2e0d8114 x20=0x2e0d861b
         945000	        93	800014d8	4010cb37	lui	x22,0x4010c	 x22=0x4010c000
         955000	        94	800014dc	aa9b4197	auipc	x3,0xaa9b4	  x3=0x2a9b54d8
         965000	        95	800014e0	00622223	sw	x6,4(x4)	  x4:0x80009f70  x6:0x8000013c PA:0x80009f74
         975000	        96	800014e4	69d88793	addi	x15,x17,1693	 x17:0x00000000 x15=0x0000069d
         985000	        97	800014e8	3c563637	lui	x12,0x3c563	 x12=0x3c563000
         995000	        98	800014ec	0192fa33	and	x20,x5,x25	  x5:0xf86e5f8d x25:0xf86e5f8d x20=0xf86e5f8d
        1005000	        99	800014f0	01f59693	slli	x13,x11,0x1f	 x11:0x80000000 x13=0x00000000
        1015000	       100	800014f4	01be9093	slli	x1,x29,0x1b	 x29:0x00000000  x1=0x00000000
        1025000	       101	800014f8	00007117	auipc	x2,0x7	  x2=0x800084f4
        1035000	       102	800014fc	d4f10113	addi	x2,x2,-689	  x2:0x800084f4  x2=0x80008243
        1045000	       103	80001500	03d3f8b7	lui	x17,0x3d3f	 x17=0x03d3f000
        1055000	       104	80001504	019100a3	sb	x25,1(x2)	  x2:0x80008243 x25:0xf86e5f8d PA:0x80008244
        1065000	       105	80001508	01e2b0b3	sltu	x1,x5,x30	  x5:0xf86e5f8d x30:0x6ed238db  x1=0x00000000
        1075000	       106	8000150c	6c9ab613	sltiu	x12,x21,1737	 x21:0xffffff86 x12=0x00000000
        1085000	       107	80001510	00110623	sb	x1,12(x2)	  x2:0x80008243  x1:0x00000000 PA:0x8000824f
        1095000	       108	80001514	ff614d83	lbu	x27,-10(x2)	  x2:0x80008243 x27=0x000000d0 PA:0x80008239
        1105000	       109	80001518	013b49b3	xor	x19,x22,x19	 x22:0x4010c000 x19:0x800012f6 x19=0xc010d2f6
        1115000	       110	8000151c	41c28633	sub	x12,x5,x28	  x5:0xf86e5f8d x28:0x80000e00 x12=0x786e518d
        1125000	       111	80001520	010fd633	srl	x12,x31,x16	 x31:0x00000009 x16:0x80000000 x12=0x00000009
        1135000	       112	80001524	ff715583	lhu	x11,-9(x2)	  x2:0x80008243 x11=0x000082be PA:0x8000823a
        1145000	       113	80001528	e7ed7993	andi	x19,x26,-386	 x26:0x00000002 x19=0x00000002
        1155000	       114	8000152c	fe011da3	sh	x0,-5(x2)	  x2:0x80008243  x0:0x00000000 PA:0x8000823e
        1165000	       115	80001530	0241a893	slti	x17,x3,36	  x3:0x2a9b54d8 x17=0x00000000
        1175000	       116	80001534	01318eb3	add	x29,x3,x19	  x3:0x2a9b54d8 x19:0x00000002 x29=0x2a9b54da
        1185000	       117	80001538	00000013	addi	x0,x0,0	  x0:0x00000000
        1195000	       118	8000153c	2d274b93	xori	x23,x14,722	 x14:0x00000000 x23=0x000002d2
        1205000	       119	80001540	00814283	lbu	x5,8(x2)	  x2:0x80008243  x5=0x0000002c PA:0x8000824b
        1215000	       120	80001544	a9016593	ori	x11,x2,-1392	  x2:0x80008243 x11=0xfffffad3
        1225000	       121	80001548	005102a3	sb	x5,5(x2)	  x2:0x80008243  x5:0x0000002c PA:0x80008248
        1235000	       122	8000154c	ff610983	lb	x19,-10(x2)	  x2:0x80008243 x19=0xffffffd0 PA:0x80008239
        1245000	       123	80001550	003685b3	add	x11,x13,x3	 x13:0x00000000  x3:0x2a9b54d8 x11=0x2a9b54d8
        1255000	       124	80001554	66fa44b7	lui	x9,0x66fa4	  x9=0x66fa4000
        1265000	       125	80001558	00f10383	lb	x7,15(x2)	  x2:0x80008243  x7=0xffffffc0 PA:0x80008252
        1275000	       126	8000155c	75ac3b93	sltiu	x23,x24,1882	 x24:0x00000000 x23=0x00000001
        1285000	       127	80001560	4f324e17	auipc	x28,0x4f324	 x28=0xcf32555c
        1295000	       128	80001564	1441eb17	auipc	x22,0x1441e	 x22=0x9441f560
        1305000	       129	80001568	fff15d83	lhu	x27,-1(x2)	  x2:0x80008243 x27=0x000017d7 PA:0x80008242
        1315000	       130	8000156c	005fe4b3	or	x9,x31,x5	 x31:0x00000009  x5:0x0000002c  x9=0x0000002d
        1325000	       131	80001570	01d10323	sb	x29,6(x2)	  x2:0x80008243 x29:0x2a9b54da PA:0x80008249
        1335000	       132	80001574	4c0ff693	andi	x13,x31,1216	 x31:0x00000009 x13=0x00000000
        1345000	       133	80001578	ff115003	lhu	x0,-15(x2)	  x2:0x80008243 PA:0x80008234
        1355000	       134	8000157c	003124a3	sw	x3,9(x2)	  x2:0x80008243  x3:0x2a9b54d8 PA:0x8000824c
        1365000	       135	80001580	ec090437	lui	x8,0xec090	  x8=0xec090000
        1375000	       136	80001584	00ececb3	or	x25,x25,x14	 x25:0xf86e5f8d x14:0x00000000 x25=0xf86e5f8d
        1385000	       137	80001588	010100a3	sb	x16,1(x2)	  x2:0x80008243 x16:0x80000000 PA:0x80008244
        1395000	       138	8000158c	00c11893	slli	x17,x2,0xc	  x2:0x80008243 x17=0x08243000
        1405000	       139	80001590	016b33b3	sltu	x7,x22,x22	 x22:0x9441f560 x22:0x9441f560  x7=0x00000000
        1415000	       140	80001594	00514c83	lbu	x25,5(x2)	  x2:0x80008243 x25=0x0000002c PA:0x80008248
        1425000	       141	80001598	fe310aa3	sb	x3,-11(x2)	  x2:0x80008243  x3:0x2a9b54d8 PA:0x80008238
        1435000	       142	8000159c	4079d993	srai	x19,x19,0x7	 x19:0xffffffd0 x19=0xffffffff
        1445000	       143	800015a0	ff810683	lb	x13,-8(x2)	  x2:0x80008243 x13=0xffffff82 PA:0x8000823b
        1455000	       144	800015a4	ffb10503	lb	x10,-5(x2)	  x2:0x80008243 x10=0x00000000 PA:0x8000823e
        1465000	       145	800015a8	00e9ecb3	or	x25,x19,x14	 x19:0xffffffff x14:0x00000000 x25=0xffffffff
        1475000	       146	800015ac	ff915f03	lhu	x30,-7(x2)	  x2:0x80008243 x30=0x00002385 PA:0x8000823c
        1485000	       147	800015b0	00115c83	lhu	x25,1(x2)	  x2:0x80008243 x25=0x00008e00 PA:0x80008244
        1495000	       148	800015b4	96e0e993	ori	x19,x1,-1682	  x1:0x00000000 x19=0xfffff96e
        1505000	       149	800015b8	ff711c83	lh	x25,-9(x2)	  x2:0x80008243 x25=0xffff82be PA:0x8000823a
        1515000	       150	800015bc	012aabb3	slt	x23,x21,x18	 x21:0xffffff86 x18:0x80009fc4 x23=0x00000000
        1525000	       151	800015c0	00f95313	srli	x6,x18,0xf	 x18:0x80009fc4  x6=0x00010001
        1535000	       152	800015c4	ff810503	lb	x10,-8(x2)	  x2:0x80008243 x10=0xffffff82 PA:0x8000823b
        1545000	       153	800015c8	00000013	addi	x0,x0,0	  x0:0x00000000
        1555000	       154	800015cc	ffa10823	sb	x26,-16(x2)	  x2:0x80008243 x26:0x00000002 PA:0x80008233
        1565000	       155	800015d0	00007c97	auipc	x25,0x7	 x25=0x800085cc
        1575000	       156	800015d4	4e1c8c93	addi	x25,x25,1249	 x25:0x800085cc x25=0x80008aad
        1585000	       157	800015d8	226c8b03	lb	x22,550(x25)	 x25:0x80008aad x22=0x00000042 PA:0x80008cd3
        1595000	       158	800015dc	226cc003	lbu	x0,550(x25)	 x25:0x80008aad PA:0x80008cd3
        1605000	       159	800015e0	226c8483	lb	x9,550(x25)	 x25:0x80008aad  x9=0x00000042 PA:0x80008cd3
        1615000	       160	800015e4	226cc483	lbu	x9,550(x25)	 x25:0x80008aad  x9=0x00000042 PA:0x80008cd3
        1625000	       161	800015e8	226c8d83	lb	x27,550(x25)	 x25:0x80008aad x27=0x00000042 PA:0x80008cd3
        1635000	       162	800015ec	226cc183	lbu	x3,550(x25)	 x25:0x80008aad  x3=0x00000042 PA:0x80008cd3
        1645000	       163	800015f0	ad68c293	xori	x5,x17,-1322	 x17:0x08243000  x5=0xf7dbcad6
        1655000	       164	800015f4	226c8403	lb	x8,550(x25)	 x25:0x80008aad  x8=0x00000042 PA:0x80008cd3
        1665000	       165	800015f8	0b1cdd03	lhu	x26,177(x25)	 x25:0x80008aad x26=0x00009fc3 PA:0x80008b5e
        1675000	       166	800015fc	0a4c88a3	sb	x4,177(x25)	 x25:0x80008aad  x4:0x80009f70 PA:0x80008b5e
        1685000	       167	80001600	6dfc3313	sltiu	x6,x24,1759	 x24:0x00000000  x6=0x00000001
        1695000	       168	80001604	0b1cc183	lbu	x3,177(x25)	 x25:0x80008aad  x3=0x00000070 PA:0x80008b5e
        1705000	       169	80001608	0a1c98a3	sh	x1,177(x25)	 x25:0x80008aad  x1:0x00000000 PA:0x80008b5e
        1715000	       170	8000160c	0b4c88a3	sb	x20,177(x25)	 x25:0x80008aad x20:0xf86e5f8d PA:0x80008b5e
        1725000	       171	80001610	0b1c9603	lh	x12,177(x25)	 x25:0x80008aad x12=0x0000008d PA:0x80008b5e
        1735000	       172	80001614	0a8c88a3	sb	x8,177(x25)	 x25:0x80008aad  x8:0x00000042 PA:0x80008b5e
        1745000	       173	80001618	0173f033	and	x0,x7,x23	  x7:0x00000000 x23:0x00000000
        1755000	       174	8000161c	01cc5c13	srli	x24,x24,0x1c	 x24:0x00000000 x24=0x00000000
        1765000	       175	80001620	0bcc88a3	sb	x28,177(x25)	 x25:0x80008aad x28:0xcf32555c PA:0x80008b5e
        1775000	       176	80001624	0b1c8a83	lb	x21,177(x25)	 x25:0x80008aad x21=0x0000005c PA:0x80008b5e
        1785000	       177	80001628	0b1cde03	lhu	x28,177(x25)	 x25:0x80008aad x28=0x0000005c PA:0x80008b5e
        1795000	       178	8000162c	0b1c9883	lh	x17,177(x25)	 x25:0x80008aad x17=0x0000005c PA:0x80008b5e
        1805000	       179	80001630	00007e97	auipc	x29,0x7	 x29=0x8000862c
        1815000	       180	80001634	e7ce8e93	addi	x29,x29,-388	 x29:0x8000862c x29=0x800084a8
        1825000	       181	80001638	07f37093	andi	x1,x6,127	  x6:0x00000001  x1=0x00000001
        1835000	       182	8000163c	05decb03	lbu	x22,93(x29)	 x29:0x800084a8 x22=0x00000040 PA:0x80008505
        1845000	       183	80001640	00000013	addi	x0,x0,0	  x0:0x00000000
        1855000	       184	80001644	4855f493	andi	x9,x11,1157	 x11:0x2a9b54d8  x9=0x00000480
        1865000	       185	80001648	01d2ebb3	or	x23,x5,x29	  x5:0xf7dbcad6 x29:0x800084a8 x23=0xf7dbcefe
        1875000	       186	8000164c	4122df93	srai	x31,x5,0x12	  x5:0xf7dbcad6 x31=0xfffffdf6
        1885000	       187	80001650	fa9ec303	lbu	x6,-87(x29)	 x29:0x800084a8  x6=0x000000d9 PA:0x80008451
        1895000	       188	80001654	ffce8583	lb	x11,-4(x29)	 x29:0x800084a8 x11=0x00000033 PA:0x800084a4
        1905000	       189	80001658	f74ed103	lhu	x2,-140(x29)	 x29:0x800084a8  x2=0x0000a565 PA:0x8000841c
        1915000	       190	8000165c	00e5c8b3	xor	x17,x11,x14	 x11:0x00000033 x14:0x00000000 x17=0x00000033
        1925000	       191	80001660	098e9923	sh	x24,146(x29)	 x29:0x800084a8 x24:0x00000000 PA:0x8000853a
        1935000	       192	80001664	fc7e8023	sb	x7,-64(x29)	 x29:0x800084a8  x7:0x00000000 PA:0x80008468
        1945000	       193	80001668	41be0e33	sub	x28,x28,x27	 x28:0x0000005c x27:0x00000042 x28=0x0000001a
        1955000	       194	8000166c	f90ea383	lw	x7,-112(x29)	 x29:0x800084a8  x7=0xd07a5cd7 PA:0x80008438
        1965000	       195	80001670	f1cede03	lhu	x28,-228(x29)	 x29:0x800084a8 x28=0x0000f49e PA:0x800083c4
        1975000	       196	80001674	92d1eb13	ori	x22,x3,-1747	  x3:0x00000070 x22=0xfffff97d
        1985000	       197	80001678	043ec503	lbu	x10,67(x29)	 x29:0x800084a8 x10=0x00000036 PA:0x800084eb
        1995000	       198	8000167c	f9ee9283	lh	x5,-98(x29)	 x29:0x800084a8  x5=0xffffc87e PA:0x80008446
        2005000	       199	80001680	07bec183	lbu	x3,123(x29)	 x29:0x800084a8  x3=0x0000002b PA:0x80008523
        2015000	       200	00000000	00000013	addi	x0,x0,0	  x0:0x00000000
        2025000	       201	80001684	403a5633	sra	x12,x20,x3	 x20:0xf86e5f8d  x3:0x0000002b x12=0xffff0dcb
        2035000	       202	80001688	dd584793	xori	x15,x16,-555	 x16:0x80000000 x15=0x7ffffdd5
        2045000	       203	8000168c	40fd8a33	sub	x20,x27,x15	 x27:0x00000042 x15:0x7ffffdd5 x20=0x8000026d
        2055000	       204	80001690	fc3ec483	lbu	x9,-61(x29)	 x29:0x800084a8  x9=0x000000bc PA:0x8000846b
        2065000	       205	80001694	026e8c03	lb	x24,38(x29)	 x29:0x800084a8 x24=0x0000001f PA:0x800084ce
        2075000	       206	80001698	40e35093	srai	x1,x6,0xe	  x6:0x000000d9  x1=0x00000000
        2085000	       207	8000169c	012efbb3	and	x23,x29,x18	 x29:0x800084a8 x18:0x80009fc4 x23=0x80008480
        2095000	       208	800016a0	fdee8a03	lb	x20,-34(x29)	 x29:0x800084a8 x20=0x0000001c PA:0x80008486
        2105000	       209	800016a4	f7074a13	xori	x20,x14,-144	 x14:0x00000000 x20=0xffffff70
        2115000	       210	800016a8	008b1133	sll	x2,x22,x8	 x22:0xfffff97d  x8:0x00000042  x2=0xffffe5f4
        2125000	       211	800016ac	00aed333	srl	x6,x29,x10	 x29:0x800084a8 x10:0x00000036  x6=0x00000200
        2135000	       212	800016b0	f4ee8883	lb	x17,-178(x29)	 x29:0x800084a8 x17=0xffffffd9 PA:0x800083f6
        2145000	       213	800016b4	004ef033	and	x0,x29,x4	 x29:0x800084a8  x4:0x80009f70
        2155000	       214	800016b8	40bedd93	srai	x27,x29,0xb	 x29:0x800084a8 x27=0xfff00010
        2165000	       215	800016bc	f0aedb03	lhu	x22,-246(x29)	 x29:0x800084a8 x22=0x000057c1 PA:0x800083b2
        2175000	       216	800016c0	00858bb3	add	x23,x11,x8	 x11:0x00000033  x8:0x00000042 x23=0x00000075
        2185000	       217	800016c4	8fd72c93	slti	x25,x14,-1795	 x14:0x00000000 x25=0x00000000
        2195000	       218	800016c8	de854513	xori	x10,x10,-536	 x10:0x00000036 x10=0xfffffdde
        2205000	       219	800016cc	fe6e8f23	sb	x6,-2(x29)	 x29:0x800084a8  x6:0x00000200 PA:0x800084a6
        2215000	       220	800016d0	00007497	auipc	x9,0x7	  x9=0x800086cc
        2225000	       221	800016d4	f0248493	addi	x9,x9,-254	  x9:0x800086cc  x9=0x800085ce
        2235000	       222	800016d8	00007697	auipc	x13,0x7	 x13=0x800086d4
        2245000	       223	800016dc	e2d68693	addi	x13,x13,-467	 x13:0x800086d4 x13=0x80008501
        2255000	       224	800016e0	00007117	auipc	x2,0x7	  x2=0x800086dc
        2265000	       225	800016e4	db610113	addi	x2,x2,-586	  x2:0x800086dc  x2=0x80008492
        2275000	       226	800016e8	f4f68423	sb	x15,-184(x13)	 x13:0x80008501 x15:0x7ffffdd5 PA:0x80008449
        2285000	       227	800016ec	bac48783	lb	x15,-1108(x9)	  x9:0x800085ce x15=0xffffff81 PA:0x8000817a
        2295000	       228	800016f0	00e15403	lhu	x8,14(x2)	  x2:0x80008492  x8=0x000002f7 PA:0x800084a0
        2305000	       229	800016f4	c4c49403	lh	x8,-948(x9)	  x9:0x800085ce  x8=0x000004e3 PA:0x8000821a
        2315000	       230	800016f8	0096cd03	lbu	x26,9(x13)	 x13:0x80008501 x26=0x000000b4 PA:0x8000850a
        2325000	       231	800016fc	d4249083	lh	x1,-702(x9)	  x9:0x800085ce  x1=0xffff9d14 PA:0x80008310
        2335000	       232	80001700	f3068d23	sb	x16,-198(x13)	 x13:0x80008501 x16:0x80000000 PA:0x8000843b
        2345000	       233	80001704	ff010d03	lb	x26,-16(x2)	  x2:0x80008492 x26=0x00000054 PA:0x80008482
        2355000	       234	80001708	0f968583	lb	x11,249(x13)	 x13:0x80008501 x11=0xffffffee PA:0x800085fa
        2365000	       235	8000170c	21b48f23	sb	x27,542(x9)	  x9:0x800085ce x27:0xfff00010 PA:0x800087ec
        2375000	       236	80001710	ffe10d83	lb	x27,-2(x2)	  x2:0x80008492 x27=0xffffffcc PA:0x80008490
        2385000	       237	80001714	f8c6c503	lbu	x10,-116(x13)	 x13:0x80008501 x10=0x00000023 PA:0x8000848d
        2395000	       238	80001718	00810003	lb	x0,8(x2)	  x2:0x80008492 PA:0x8000849a
        2405000	       239	8000171c	f2f482a3	sb	x15,-219(x9)	  x9:0x800085ce x15:0xffffff81 PA:0x800084f3
        2415000	       240	80001720	d74480a3	sb	x20,-671(x9)	  x9:0x800085ce x20:0xffffff70 PA:0x8000832f
        2425000	       241	80001724	01015383	lhu	x7,16(x2)	  x2:0x80008492  x7=0x0000dcd3 PA:0x800084a2
        2435000	       242	80001728	0036a983	lw	x19,3(x13)	 x13:0x80008501 x19=0x2bb7405f PA:0x80008504
        2445000	       243	8000172c	f6168623	sb	x1,-148(x13)	 x13:0x80008501  x1:0xffff9d14 PA:0x8000846d
        2455000	       244	80001730	ff914c03	lbu	x24,-7(x2)	  x2:0x80008492 x24=0x00000085 PA:0x8000848b
        2465000	       245	80001734	00007497	auipc	x9,0x7	  x9=0x80008730
        2475000	       246	80001738	06648493	addi	x9,x9,102	  x9:0x80008730  x9=0x80008796
        2485000	       247	8000173c	00fb5b13	srli	x22,x22,0xf	 x22:0x000057c1 x22=0x00000000
        2495000	       248	80001740	ebb4c983	lbu	x19,-325(x9)	  x9:0x80008796 x19=0x00000083 PA:0x80008651
        2505000	       249	80001744	aca2ba13	sltiu	x20,x5,-1334	  x5:0xffffc87e x20=0x00000001
        2515000	       250	80001748	fdb48283	lb	x5,-37(x9)	  x9:0x80008796  x5=0x0000004e PA:0x80008771
        2525000	       251	8000174c	fdb48f83	lb	x31,-37(x9)	  x9:0x80008796 x31=0x0000004e PA:0x80008771
        2535000	       252	80001750	fc248da3	sb	x2,-37(x9)	  x9:0x80008796  x2:0x80008492 PA:0x80008771
        2545000	       253	80001754	fdb48e03	lb	x28,-37(x9)	  x9:0x80008796 x28=0xffffff92 PA:0x80008771
        2555000	       254	80001758	fdb48083	lb	x1,-37(x9)	  x9:0x80008796  x1=0xffffff92 PA:0x80008771
        2565000	       255	8000175c	5f938b93	addi	x23,x7,1529	  x7:0x0000dcd3 x23=0x0000e2cc
        2575000	       256	80001760	d4a49c83	lh	x25,-694(x9)	  x9:0x80008796 x25=0x00004e46 PA:0x800084e0
        2585000	       257	80001764	d4a4d803	lhu	x16,-694(x9)	  x9:0x80008796 x16=0x00004e46 PA:0x800084e0
        2595000	       258	80001768	40590333	sub	x6,x18,x5	 x18:0x80009fc4  x5:0x0000004e  x6=0x80009f76
        2605000	       259	8000176c	fef48fa3	sb	x15,-1(x9)	  x9:0x80008796 x15:0xffffff81 PA:0x80008795
        2615000	       260	80001770	fff4c683	lbu	x13,-1(x9)	  x9:0x80008796 x13=0x00000081 PA:0x80008795
        2625000	       261	80001774	000b1e93	slli	x29,x22,0x0	 x22:0x00000000 x29=0x00000000
        2635000	       262	80001778	017e0a33	add	x20,x28,x23	 x28:0xffffff92 x23:0x0000e2cc x20=0x0000e25e
        2645000	       263	8000177c	fff48783	lb	x15,-1(x9)	  x9:0x80008796 x15=0xffffff81 PA:0x80008795
        2655000	       264	80001780	ffd48fa3	sb	x29,-1(x9)	  x9:0x80008796 x29:0x00000000 PA:0x80008795
        2665000	       265	80001784	00007117	auipc	x2,0x7	  x2=0x80008780
        2675000	       266	80001788	73a10113	addi	x2,x2,1850	  x2:0x80008780  x2=0x80008eba
        2685000	       267	8000178c	03b10803	lb	x16,59(x2)	  x2:0x80008eba x16=0x00000079 PA:0x80008ef5
        2695000	       268	80001790	02310da3	sb	x3,59(x2)	  x2:0x80008eba  x3:0x0000002b PA:0x80008ef5
        2705000	       269	80001794	02910da3	sb	x9,59(x2)	  x2:0x80008eba  x9:0x80008796 PA:0x80008ef5
        2715000	       270	80001798	08c11f03	lh	x30,140(x2)	  x2:0x80008eba x30=0xffffe832 PA:0x80008f46
        2725000	       271	8000179c	08c11003	lh	x0,140(x2)	  x2:0x80008eba PA:0x80008f46
        2735000	       272	800017a0	0048ed33	or	x26,x17,x4	 x17:0xffffffd9  x4:0x80009f70 x26=0xfffffff9
        2745000	       273	800017a4	f1e12b23	sw	x30,-234(x2)	  x2:0x80008eba x30:0xffffe832 PA:0x80008dd0
        2755000	       274	800017a8	0c815b03	lhu	x22,200(x2)	  x2:0x80008eba x22=0x0000a28d PA:0x80008f82
        2765000	       275	800017ac	309ce513	ori	x10,x25,777	 x25:0x00004e46 x10=0x00004f4f
        2775000	       276	800017b0	0c810c83	lb	x25,200(x2)	  x2:0x80008eba x25=0xffffff8d PA:0x80008f82
        2785000	       277	800017b4	0d010423	sb	x16,200(x2)	  x2:0x80008eba x16:0x00000079 PA:0x80008f82
        2795000	       278	800017b8	0c810f03	lb	x30,200(x2)	  x2:0x80008eba x30=0x00000079 PA:0x80008f82
        2805000	       279	800017bc	05510aa3	sb	x21,85(x2)	  x2:0x80008eba x21:0x0000005c PA:0x80008f0f
        2815000	       280	800017c0	04314183	lbu	x3,67(x2)	  x2:0x80008eba  x3=0x000000c6 PA:0x80008efd
        2825000	       281	00000000	00000013	addi	x0,x0,0	  x0:0x00000000
        2835000	       282	800017c4	04314403	lbu	x8,67(x2)	  x2:0x80008eba  x8=0x000000c6 PA:0x80008efd
        2845000	       283	800017c8	04310f03	lb	x30,67(x2)	  x2:0x80008eba x30=0xffffffc6 PA:0x80008efd
        2855000	       284	800017cc	f6b100a3	sb	x11,-159(x2)	  x2:0x80008eba x11:0xffffffee PA:0x80008e1b
        2865000	       285	800017d0	00007117	auipc	x2,0x7	  x2=0x800087cc
        2875000	       286	800017d4	c5010113	addi	x2,x2,-944	  x2:0x800087cc  x2=0x8000841c
        2885000	       287	800017d8	9d867593	andi	x11,x12,-1576	 x12:0xffff0dcb x11=0xffff09c8
        2895000	       288	800017dc	ac3caf93	slti	x31,x25,-1341	 x25:0xffffff8d x31=0x00000000
        2905000	       289	800017e0	017a50b3	srl	x1,x20,x23	 x20:0x0000e25e x23:0x0000e2cc  x1=0x0000000e
        2915000	       290	800017e4	d0e14603	lbu	x12,-754(x2)	  x2:0x8000841c x12=0x00000077 PA:0x8000812a
        2925000	       291	800017e8	e5814783	lbu	x15,-424(x2)	  x2:0x8000841c x15=0x00000064 PA:0x80008274
        2935000	       292	800017ec	0ba10da3	sb	x26,187(x2)	  x2:0x8000841c x26:0xfffffff9 PA:0x800084d7
        2945000	       293	800017f0	2c812303	lw	x6,712(x2)	  x2:0x8000841c  x6=0x9d2cb446 PA:0x800086e4
        2955000	       294	800017f4	cb567413	andi	x8,x12,-843	 x12:0x00000077  x8=0x00000035
        2965000	       295	800017f8	00774bb3	xor	x23,x14,x7	 x14:0x00000000  x7:0x0000dcd3 x23=0x0000dcd3
        2975000	       296	800017fc	018835b3	sltu	x11,x16,x24	 x16:0x00000079 x24:0x00000085 x11=0x00000001
        2985000	       297	80001800	68f90a13	addi	x20,x18,1679	 x18:0x80009fc4 x20=0x8000a653
        2995000	       298	80001804	002c1993	slli	x19,x24,0x2	 x24:0x00000085 x19=0x00000214
        3005000	       299	80001808	b5e2ee93	ori	x29,x5,-1186	  x5:0x0000004e x29=0xfffffb5e
        3015000	       300	8000180c	2d0104a3	sb	x16,713(x2)	  x2:0x8000841c x16:0x00000079 PA:0x800086e5
        3025000	       301	80001810	40718cb3	sub	x25,x3,x7	  x3:0x000000c6  x7:0x0000dcd3 x25=0xffff23f3
        3035000	       302	80001814	001c5613	srli	x12,x24,0x1	 x24:0x00000085 x12=0x00000042
        3045000	       303	80001818	cb514f83	lbu	x31,-843(x2)	  x2:0x8000841c x31=0x000000b9 PA:0x800080d1
        3055000	       304	8000181c	01370033	add	x0,x14,x19	 x14:0x00000000 x19:0x00000214
        3065000	       305	80001820	00061393	slli	x7,x12,0x0	 x12:0x00000042  x7=0x00000042
        3075000	       306	80001824	20e10ba3	sb	x14,535(x2)	  x2:0x8000841c x14:0x00000000 PA:0x80008633
        3085000	       307	80001828	2a410d83	lb	x27,676(x2)	  x2:0x8000841c x27=0x0000002f PA:0x800086c0
        3095000	       308	8000182c	22d10483	lb	x9,557(x2)	  x2:0x8000841c  x9=0x00000020 PA:0x80008649
        3105000	       309	80001830	01150333	add	x6,x10,x17	 x10:0x00004f4f x17:0xffffffd9  x6=0x00004f28
        3115000	       310	80001834	2d011283	lh	x5,720(x2)	  x2:0x8000841c  x5=0xffff8c68 PA:0x800086ec
        3125000	       311	80001838	05e10283	lb	x5,94(x2)	  x2:0x8000841c  x5=0xffffffa1 PA:0x8000847a
        3135000	       312	00000000	00000013	addi	x0,x0,0	  x0:0x00000000
        3145000	       313	8000183c	30514783	lbu	x15,773(x2)	  x2:0x8000841c x15=0x00000091 PA:0x80008721
        3155000	       314	80001840	c8d14603	lbu	x12,-883(x2)	  x2:0x8000841c x12=0x00000030 PA:0x800080a9
        3165000	       315	80001844	efe10e23	sb	x30,-260(x2)	  x2:0x8000841c x30:0xffffffc6 PA:0x80008318
        3175000	       316	80001848	ea5104a3	sb	x5,-343(x2)	  x2:0x8000841c  x5:0xffffffa1 PA:0x800082c5
        3185000	       317	8000184c	03b37063	bgeu	x6,x27,8000186c	  x6:0x00004f28 x27:0x0000002f
        3195000	       318	00000000	00000013	addi	x0,x0,0	  x0:0x00000000
        3205000	       319	80001868	00000013	addi	x0,x0,0	  x0:0x00000000
        3215000	       320	8000186c	287b4113	xori	x2,x22,647	 x22:0x0000a28d  x2=0x0000a00a
        3225000	       321	80001870	002772b3	and	x5,x14,x2	 x14:0x00000000  x2:0x0000a00a  x5=0x00000000
        3235000	       322	80001874	e0a42993	slti	x19,x8,-502	  x8:0x00000035 x19=0x00000000
        3245000	       323	80001878	415400b3	sub	x1,x8,x21	  x8:0x00000035 x21:0x0000005c  x1=0xffffffd9
        3255000	       324	8000187c	36cebb13	sltiu	x22,x29,876	 x29:0xfffffb5e x22=0x00000000
        3265000	       325	80001880	001b37b3	sltu	x15,x22,x1	 x22:0x00000000  x1:0xffffffd9 x15=0x00000001
        3275000	       326	80001884	094ede63	bge	x29,x20,80001920	 x29:0xfffffb5e x20:0x8000a653
        3285000	       327	00000000	00000013	addi	x0,x0,0	  x0:0x00000000
        3295000	       328	8000191c	00000013	addi	x0,x0,0	  x0:0x00000000
        3305000	       329	80001920	01e57e63	bgeu	x10,x30,8000193c	 x10:0x00004f4f x30:0xffffffc6
        3315000	       330	80001924	00786663	bltu	x16,x7,80001930	 x16:0x00000079  x7:0x00000042
        3325000	       331	80001928	0108aa33	slt	x20,x17,x16	 x17:0xffffffd9 x16:0x00000079 x20=0x00000001
        3335000	       332	8000192c	d680a393	slti	x7,x1,-664	  x1:0xffffffd9  x7=0x00000000
        3345000	       333	80001930	030df663	bgeu	x27,x16,8000195c	 x27:0x0000002f x16:0x00000079
        3355000	       334	80001934	40f2d093	srai	x1,x5,0xf	  x5:0x00000000  x1=0x00000000
        3365000	       335	80001938	0097c433	xor	x8,x15,x9	 x15:0x00000001  x9:0x00000020  x8=0x00000021
        3375000	       336	8000193c	01e84533	xor	x10,x16,x30	 x16:0x00000079 x30:0xffffffc6 x10=0xffffffbf
        3385000	       337	80001940	41d35e33	sra	x28,x6,x29	  x6:0x00004f28 x29:0xfffffb5e x28=0x00000000
        3395000	       338	80001944	03734793	xori	x15,x6,55	  x6:0x00004f28 x15=0x00004f1f
        3405000	       339	80001948	c8512c93	slti	x25,x2,-891	  x2:0x0000a00a x25=0x00000000
        3415000	       340	8000194c	41ec84b3	sub	x9,x25,x30	 x25:0x00000000 x30:0xffffffc6  x9=0x0000003a
        3425000	       341	80001950	01fc0e33	add	x28,x24,x31	 x24:0x00000085 x31:0x000000b9 x28=0x0000013e
        3435000	       342	80001954	00dab5b3	sltu	x11,x21,x13	 x21:0x0000005c x13:0x00000081 x11=0x00000001
        3445000	       343	80001958	016a5e33	srl	x28,x20,x22	 x20:0x00000001 x22:0x00000000 x28=0x00000001
        3455000	       344	8000195c	02375063	bge	x14,x3,8000197c	 x14:0x00000000  x3:0x000000c6
        3465000	       345	80001960	00bb4a33	xor	x20,x22,x11	 x22:0x00000000 x11:0x00000001 x20=0x00000001
        3475000	       346	80001964	0262e863	bltu	x5,x6,80001994	  x5:0x00000000  x6:0x00004f28
        3485000	       347	00000000	00000013	addi	x0,x0,0	  x0:0x00000000
        3495000	       348	80001990	00000013	addi	x0,x0,0	  x0:0x00000000
        3505000	       349	80001994	019275b3	and	x11,x4,x25	  x4:0x80009f70 x25:0x00000000 x11=0x00000000
        3515000	       350	80001998	01fc4db3	xor	x27,x24,x31	 x24:0x00000085 x31:0x000000b9 x27=0x0000003c
        3525000	       351	8000199c	1152e463	bltu	x5,x21,80001aa4	  x5:0x00000000 x21:0x0000005c
        3535000	       352	00000000	00000013	addi	x0,x0,0	  x0:0x00000000
        3545000	       353	80001aa0	00000013	addi	x0,x0,0	  x0:0x00000000
        3555000	       354	80001aa4	01ecda63	bge	x25,x30,80001ab8	 x25:0x00000000 x30:0xffffffc6
        3565000	       355	00000000	00000013	addi	x0,x0,0	  x0:0x00000000
        3575000	       356	80001ab4	00000013	addi	x0,x0,0	  x0:0x00000000
        3585000	       357	80001ab8	70022a13	slti	x20,x4,1792	  x4:0x80009f70 x20=0x00000001
        3595000	       358	80001abc	40fe5cb3	sra	x25,x28,x15	 x28:0x00000001 x15:0x00004f1f x25=0x00000000
        3605000	       359	80001ac0	007386b3	add	x13,x7,x7	  x7:0x00000000  x7:0x00000000 x13=0x00000000
        3615000	       360	80001ac4	419bd833	sra	x16,x23,x25	 x23:0x0000dcd3 x25:0x00000000 x16=0x0000dcd3
        3625000	       361	80001ac8	02357063	bgeu	x10,x3,80001ae8	 x10:0xffffffbf  x3:0x000000c6
        3635000	       362	00000000	00000013	addi	x0,x0,0	  x0:0x00000000
        3645000	       363	80001ae4	00000013	addi	x0,x0,0	  x0:0x00000000
        3655000	       364	80001ae8	05ac9663	bne	x25,x26,80001b34	 x25:0x00000000 x26:0xfffffff9
        3665000	       365	00000000	00000013	addi	x0,x0,0	  x0:0x00000000
        3675000	       366	80001b30	00000013	addi	x0,x0,0	  x0:0x00000000
        3685000	       367	80001b34	41fd0d33	sub	x26,x26,x31	 x26:0xfffffff9 x31:0x000000b9 x26=0xffffff40
        3695000	       368	80001b38	f5ab3a13	sltiu	x20,x22,-166	 x22:0x00000000 x20=0x00000001
        3705000	       369	80001b3c	22bd4f37	lui	x30,0x22bd4	 x30=0x22bd4000
        3715000	       370	80001b40	002e61b3	or	x3,x28,x2	 x28:0x00000001  x2:0x0000a00a  x3=0x0000a00b
        3725000	       371	80001b44	02184663	blt	x16,x1,80001b70	 x16:0x0000dcd3  x1:0x00000000
        3735000	       372	80001b48	40b9d833	sra	x16,x19,x11	 x19:0x00000000 x11:0x00000000 x16=0x00000000
        3745000	       373	80001b4c	0194b833	sltu	x16,x9,x25	  x9:0x0000003a x25:0x00000000 x16=0x00000000
        3755000	       374	80001b50	02f81a63	bne	x16,x15,80001b84	 x16:0x00000000 x15:0x00004f1f
        3765000	       375	00000000	00000013	addi	x0,x0,0	  x0:0x00000000
        3775000	       376	80001b80	00000013	addi	x0,x0,0	  x0:0x00000000
        3785000	       377	80001b84	a3d92c93	slti	x25,x18,-1475	 x18:0x80009fc4 x25=0x00000001
        3795000	       378	80001b88	009dcd33	xor	x26,x27,x9	 x27:0x0000003c  x9:0x0000003a x26=0x00000006
        3805000	       379	80001b8c	05876463	bltu	x14,x24,80001bd4	 x14:0x00000000 x24:0x00000085
        3815000	       380	00000000	00000013	addi	x0,x0,0	  x0:0x00000000
        3825000	       381	80001bd0	00000013	addi	x0,x0,0	  x0:0x00000000
        3835000	       382	80001bd4	00338133	add	x2,x7,x3	  x7:0x00000000  x3:0x0000a00b  x2=0x0000a00b
        3845000	       383	80001bd8	00000013	addi	x0,x0,0	  x0:0x00000000
        3855000	       384	80001bdc	407c8eb3	sub	x29,x25,x7	 x25:0x00000001  x7:0x00000000 x29=0x00000001
        3865000	       385	80001be0	00b41463	bne	x8,x11,80001be8	  x8:0x00000021 x11:0x00000000
        3875000	       386	00000000	00000013	addi	x0,x0,0	  x0:0x00000000
        3885000	       387	80001be4	00000013	addi	x0,x0,0	  x0:0x00000000
        3895000	       388	80001be8	01116fb3	or	x31,x2,x17	  x2:0x0000a00b x17:0xffffffd9 x31=0xffffffdb
        3905000	       389	80001bec	00ae68b3	or	x17,x28,x10	 x28:0x00000001 x10:0xffffffbf x17=0xffffffbf
        3915000	       390	80001bf0	01c19e63	bne	x3,x28,80001c0c	  x3:0x0000a00b x28:0x00000001
        3925000	       391	00000000	00000013	addi	x0,x0,0	  x0:0x00000000
        3935000	       392	80001c08	00000013	addi	x0,x0,0	  x0:0x00000000
        3945000	       393	80001c0c	e6887f37	lui	x30,0xe6887	 x30=0xe6887000
        3955000	       394	80001c10	01689413	slli	x8,x17,0x16	 x17:0xffffffbf  x8=0xefc00000
        3965000	       395	80001c14	00266663	bltu	x12,x2,80001c20	 x12:0x00000030  x2:0x0000a00b
        3975000	       396	00000000	00000013	addi	x0,x0,0	  x0:0x00000000
        3985000	       397	80001c1c	00000013	addi	x0,x0,0	  x0:0x00000000
        3995000	       398	80001c20	01935333	srl	x6,x6,x25	  x6:0x00004f28 x25:0x00000001  x6=0x00002794
        4005000	       399	80001c24	52966113	ori	x2,x12,1321	 x12:0x00000030  x2=0x00000539
        4015000	       400	80001c28	94e7f893	andi	x17,x15,-1714	 x15:0x00004f1f x17=0x0000490e
        4025000	       401	80001c2c	ed621cb7	lui	x25,0xed621	 x25=0xed621000
        4035000	       402	80001c30	02a04063	blt	x0,x10,80001c50	  x0:0x00000000 x10:0xffffffbf
        4045000	       403	80001c34	007dc6b3	xor	x13,x27,x7	 x27:0x0000003c  x7:0x00000000 x13=0x0000003c
        4055000	       404	80001c38	05f98663	beq	x19,x31,80001c84	 x19:0x00000000 x31:0xffffffdb
        4065000	       405	80001c3c	00e33133	sltu	x2,x6,x14	  x6:0x00002794 x14:0x00000000  x2=0x00000000
        4075000	       406	80001c40	022ee863	bltu	x29,x2,80001c70	 x29:0x00000001  x2:0x00000000
        4085000	       407	80001c44	05177663	bgeu	x14,x17,80001c90	 x14:0x00000000 x17:0x0000490e
        4095000	       408	80001c48	6933cc93	xori	x25,x7,1683	  x7:0x00000000 x25=0x00000693
        4105000	       409	80001c4c	02ae7063	bgeu	x28,x10,80001c6c	 x28:0x00000001 x10:0xffffffbf
        4115000	       410	80001c50	01bb8a63	beq	x23,x27,80001c64	 x23:0x0000dcd3 x27:0x0000003c
        4125000	       411	80001c54	210e2393	slti	x7,x28,528	 x28:0x00000001  x7=0x00000001
        4135000	       412	80001c58	b909c693	xori	x13,x19,-1136	 x19:0x00000000 x13=0xfffffb90
        4145000	       413	80001c5c	5c44f813	andi	x16,x9,1476	  x9:0x0000003a x16=0x00000000
        4155000	       414	80001c60	01686133	or	x2,x16,x22	 x16:0x00000000 x22:0x00000000  x2=0x00000000
        4165000	       415	80001c64	40195e33	sra	x28,x18,x1	 x18:0x80009fc4  x1:0x00000000 x28=0x80009fc4
        4175000	       416	80001c68	6caf6f97	auipc	x31,0x6caf6	 x31=0xecaf7c64
        4185000	       417	80001c6c	004f38b3	sltu	x17,x30,x4	 x30:0xe6887000  x4:0x80009f70 x17=0x00000000
        4195000	       418	80001c70	00000013	addi	x0,x0,0	  x0:0x00000000
        4205000	       419	80001c74	034d9c63	bne	x27,x20,80001cac	 x27:0x0000003c x20:0x00000001
        4215000	       420	00000000	00000013	addi	x0,x0,0	  x0:0x00000000
        4225000	       421	80001ca8	00000013	addi	x0,x0,0	  x0:0x00000000
        4235000	       422	80001cac	01d408b3	add	x17,x8,x29	  x8:0xefc00000 x29:0x00000001 x17=0xefc00001
        4245000	       423	80001cb0	011dcc63	blt	x27,x17,80001cc8	 x27:0x0000003c x17:0xefc00001
        4255000	       424	80001cb4	00000013	addi	x0,x0,0	  x0:0x00000000
        4265000	       425	80001cb8	01085533	srl	x10,x16,x16	 x16:0x00000000 x16:0x00000000 x10=0x00000000
        4275000	       426	80001cbc	050d8263	beq	x27,x16,80001d00	 x27:0x0000003c x16:0x00000000
        4285000	       427	80001cc0	002c0263	beq	x24,x2,80001cc4	 x24:0x00000085  x2:0x00000000
        4295000	       428	80001cc4	00555e93	srli	x29,x10,0x5	 x10:0x00000000 x29=0x00000000
        4305000	       429	80001cc8	00b41533	sll	x10,x8,x11	  x8:0xefc00000 x11:0x00000000 x10=0xefc00000
        4315000	       430	80001ccc	40120bb3	sub	x23,x4,x1	  x4:0x80009f70  x1:0x00000000 x23=0x80009f70
        4325000	       431	80001cd0	0193cdb3	xor	x27,x7,x25	  x7:0x00000001 x25:0x00000693 x27=0x00000692
        4335000	       432	80001cd4	dea95b17	auipc	x22,0xdea95	 x22=0x5ea96cd0
        4345000	       433	80001cd8	018af463	bgeu	x21,x24,80001ce0	 x21:0x0000005c x24:0x00000085
        4355000	       434	80001cdc	00308a63	beq	x1,x3,80001cf0	  x1:0x00000000  x3:0x0000a00b
        4365000	       435	80001ce0	01b59c93	slli	x25,x11,0x1b	 x11:0x00000000 x25=0x00000000
        4375000	       436	80001ce4	00f4afb3	slt	x31,x9,x15	  x9:0x0000003a x15:0x00004f1f x31=0x00000001
        4385000	       437	80001ce8	00000013	addi	x0,x0,0	  x0:0x00000000
        4395000	       438	80001cec	0a0c7793	andi	x15,x24,160	 x24:0x00000085 x15=0x00000080
        4405000	       439	80001cf0	00000013	addi	x0,x0,0	  x0:0x00000000
        4415000	       440	80001cf4	403d8033	sub	x0,x27,x3	 x27:0x00000692  x3:0x0000a00b
        4425000	       441	80001cf8	d4db6d93	ori	x27,x22,-691	 x22:0x5ea96cd0 x27=0xfffffddd
        4435000	       442	80001cfc	f585a513	slti	x10,x11,-168	 x11:0x00000000 x10=0x00000000
        4445000	       443	80001d00	0120ea63	bltu	x1,x18,80001d14	  x1:0x00000000 x18:0x80009fc4
        4455000	       444	00000000	00000013	addi	x0,x0,0	  x0:0x00000000
        4465000	       445	80001d10	00000013	addi	x0,x0,0	  x0:0x00000000
        4475000	       446	80001d14	042e4263	blt	x28,x2,80001d58	 x28:0x80009fc4  x2:0x00000000
        4485000	       447	00000000	00000013	addi	x0,x0,0	  x0:0x00000000
        4495000	       448	80001d54	00000013	addi	x0,x0,0	  x0:0x00000000
        4505000	       449	80001d58	04741663	bne	x8,x7,80001da4	  x8:0xefc00000  x7:0x00000001
        4515000	       450	00000000	00000013	addi	x0,x0,0	  x0:0x00000000
        4525000	       451	80001da0	00000013	addi	x0,x0,0	  x0:0x00000000
        4535000	       452	80001da4	002de133	or	x2,x27,x2	 x27:0xfffffddd  x2:0x00000000  x2=0xfffffddd
        4545000	       453	80001da8	017dda63	bge	x27,x23,80001dbc	 x27:0xfffffddd x23:0x80009f70
        4555000	       454	00000000	00000013	addi	x0,x0,0	  x0:0x00000000
        4565000	       455	80001db8	00000013	addi	x0,x0,0	  x0:0x00000000
        4575000	       456	80001dbc	021e0e63	beq	x28,x1,80001df8	 x28:0x80009fc4  x1:0x00000000
        4585000	       457	80001dc0	63c6b013	sltiu	x0,x13,1596	 x13:0xfffffb90
        4595000	       458	80001dc4	b2b57f93	andi	x31,x10,-1237	 x10:0x00000000 x31=0x00000000
        4605000	       459	80001dc8	001474b3	and	x9,x8,x1	  x8:0xefc00000  x1:0x00000000  x9=0x00000000
        4615000	       460	80001dcc	41b4d7b3	sra	x15,x9,x27	  x9:0x00000000 x27:0xfffffddd x15=0x00000000
        4625000	       461	80001dd0	03ff6863	bltu	x30,x31,80001e00	 x30:0xe6887000 x31:0x00000000
        4635000	       462	80001dd4	013be263	bltu	x23,x19,80001dd8	 x23:0x80009f70 x19:0x00000000
        4645000	       463	80001dd8	05cc8663	beq	x25,x28,80001e24	 x25:0x00000000 x28:0x80009fc4
        4655000	       464	80001ddc	005fa6b3	slt	x13,x31,x5	 x31:0x00000000  x5:0x00000000 x13=0x00000000
        4665000	       465	80001de0	01aedbb3	srl	x23,x29,x26	 x29:0x00000000 x26:0x00000006 x23=0x00000000
        4675000	       466	80001de4	005cbcb3	sltu	x25,x25,x5	 x25:0x00000000  x5:0x00000000 x25=0x00000000
        4685000	       467	80001de8	00ce2133	slt	x2,x28,x12	 x28:0x80009fc4 x12:0x00000030  x2=0x00000001
        4695000	       468	80001dec	05ecd863	bge	x25,x30,80001e3c	 x25:0x00000000 x30:0xe6887000
        4705000	       469	00000000	00000013	addi	x0,x0,0	  x0:0x00000000
        4715000	       470	80001e38	00000013	addi	x0,x0,0	  x0:0x00000000
        4725000	       471	80001e3c	40385a33	sra	x20,x16,x3	 x16:0x00000000  x3:0x0000a00b x20=0x00000000
        4735000	       472	80001e40	00000013	addi	x0,x0,0	  x0:0x00000000
        4745000	       473	80001e44	01355393	srli	x7,x10,0x13	 x10:0x00000000  x7=0x00000000
        4755000	       474	80001e48	02504c63	blt	x0,x5,80001e80	  x0:0x00000000  x5:0x00000000
        4765000	       475	80001e4c	012a1c93	slli	x25,x20,0x12	 x20:0x00000000 x25=0x00000000
        4775000	       476	80001e50	02ba9663	bne	x21,x11,80001e7c	 x21:0x0000005c x11:0x00000000
        4785000	       477	00000000	00000013	addi	x0,x0,0	  x0:0x00000000
        4795000	       478	80001e78	00000013	addi	x0,x0,0	  x0:0x00000000
        4805000	       479	80001e7c	0081e463	bltu	x3,x8,80001e84	  x3:0x0000a00b  x8:0xefc00000
        4815000	       480	00000000	00000013	addi	x0,x0,0	  x0:0x00000000
        4825000	       481	80001e80	00000013	addi	x0,x0,0	  x0:0x00000000
        4835000	       482	80001e84	15180393	addi	x7,x16,337	 x16:0x00000000  x7=0x00000151
        4845000	       483	80001e88	01a35eb3	srl	x29,x6,x26	  x6:0x00002794 x26:0x00000006 x29=0x0000009e
        4855000	       484	80001e8c	01af16b3	sll	x13,x30,x26	 x30:0xe6887000 x26:0x00000006 x13=0xa21c0000
        4865000	       485	80001e90	006195b3	sll	x11,x3,x6	  x3:0x0000a00b  x6:0x00002794 x11=0x00b00000
        4875000	       486	80001e94	05d70863	beq	x14,x29,80001ee4	 x14:0x00000000 x29:0x0000009e
        4885000	       487	80001e98	41c8c837	lui	x16,0x41c8c	 x16=0x41c8c000
        4895000	       488	80001e9c	3de02e13	slti	x28,x0,990	  x0:0x00000000 x28=0x00000001
        4905000	       489	80001ea0	bbcdad13	slti	x26,x27,-1092	 x27:0xfffffddd x26=0x00000000
        4915000	       490	80001ea4	01c85bb3	srl	x23,x16,x28	 x16:0x41c8c000 x28:0x00000001 x23=0x20e46000
        4925000	       491	80001ea8	0024d3b3	srl	x7,x9,x2	  x9:0x00000000  x2:0x00000001  x7=0x00000000
        4935000	       492	80001eac	000e0a63	beq	x28,x0,80001ec0	 x28:0x00000001  x0:0x00000000
        4945000	       493	80001eb0	0176ef33	or	x30,x13,x23	 x13:0xa21c0000 x23:0x20e46000 x30=0xa2fc6000
        4955000	       494	80001eb4	0076c663	blt	x13,x7,80001ec0	 x13:0xa21c0000  x7:0x00000000
        4965000	       495	00000000	00000013	addi	x0,x0,0	  x0:0x00000000
        4975000	       496	80001ebc	00000013	addi	x0,x0,0	  x0:0x00000000
        4985000	       497	80001ec0	03fd7c63	bgeu	x26,x31,80001ef8	 x26:0x00000000 x31:0x00000000
        4995000	       498	00000000	00000013	addi	x0,x0,0	  x0:0x00000000
        5005000	       499	80001ef4	00000013	addi	x0,x0,0	  x0:0x00000000
        5015000	       500	80001ef8	29aa8a93	addi	x21,x21,666	 x21:0x0000005c x21=0x000002f6
        5025000	       501	80001efc	209cf393	andi	x7,x25,521	 x25:0x00000000  x7=0x00000000
        5035000	       502	80001f00	9cfced13	ori	x26,x25,-1585	 x25:0x00000000 x26=0xfffff9cf
        5045000	       503	80001f04	00245b33	srl	x22,x8,x2	  x8:0xefc00000  x2:0x00000001 x22=0x77e00000
        5055000	       504	80001f08	00685463	bge	x16,x6,80001f10	 x16:0x41c8c000  x6:0x00002794
        5065000	       505	00000000	00000013	addi	x0,x0,0	  x0:0x00000000
        5075000	       506	80001f0c	00000013	addi	x0,x0,0	  x0:0x00000000
        5085000	       507	80001f10	00000013	addi	x0,x0,0	  x0:0x00000000
        5095000	       508	80001f14	00422303	lw	x6,4(x4)	  x4:0x80009f70  x6=0x8000013c PA:0x80009f74
        5105000	       509	80001f18	01fc2bb7	lui	x23,0x1fc2	 x23=0x01fc2000
        5115000	       510	80001f1c	01420213	addi	x4,x4,20	  x4:0x80009f70  x4=0x80009f84
        5125000	       511	80001f20	d5d87b17	auipc	x22,0xd5d87	 x22=0x55d88f1c
        5135000	       512	80001f24	8a343593	sltiu	x11,x8,-1885	  x8:0xefc00000 x11=0x00000001
        5145000	       513	80001f28	00030393	addi	x7,x6,0	  x6:0x8000013c  x7=0x8000013c
        5155000	       514	80001f2c	000383e7	jalr	x7,x7,0	  x7:0x8000013c  x7=0x80001f2c
        5165000	       515	00000000	00000013	addi	x0,x0,0	  x0:0x00000000
        5175000	       516	8000013c	00000013	addi	x0,x0,0	  x0:0x00000000
        5185000	       517	80000140	00b43e33	sltu	x28,x8,x11	  x8:0xefc00000 x11:0x00000001 x28=0x00000000
        5195000	       518	80000144	00000f17	auipc	x30,0x0	 x30=0x80000140
        5205000	       519	80000148	6ccf0f13	addi	x30,x30,1740	 x30:0x80000140 x30=0x8000080c
        5215000	       520	8000014c	00eb1d93	slli	x27,x22,0xe	 x22:0x55d88f1c x27=0x23c70000
        5225000	       521	80000150	004a9e93	slli	x29,x21,0x4	 x21:0x000002f6 x29=0x00002f60
        5235000	       522	80000154	4998ef93	ori	x31,x17,1177	 x17:0xefc00001 x31=0xefc00499
        5245000	       523	80000158	58de6b17	auipc	x22,0x58de6	 x22=0xd8de6154
        5255000	       524	8000015c	6fd4fe13	andi	x28,x9,1789	  x9:0x00000000 x28=0x00000000
        5265000	       525	80000160	00beab33	slt	x22,x29,x11	 x29:0x00002f60 x11:0x00000001 x22=0x00000000
        5275000	       526	80000164	055f0f13	addi	x30,x30,85	 x30:0x8000080c x30=0x80000861
        5285000	       527	80000168	3db1de97	auipc	x29,0x3db1d	 x29=0xbdb1d164
        5295000	       528	8000016c	fabf0367	jalr	x6,x30,-85	 x30:0x80000861  x6=0x8000016c
        5305000	       529	00000000	00000013	addi	x0,x0,0	  x0:0x00000000
        5315000	       530	8000080c	00000013	addi	x0,x0,0	  x0:0x00000000
        5325000	       531	80000810	005870b3	and	x1,x16,x5	 x16:0x41c8c000  x5:0x00000000  x1=0x00000000
        5335000	       532	80000814	00913833	sltu	x16,x2,x9	  x2:0x00000001  x9:0x00000000 x16=0x00000000
        5345000	       533	80000818	ff020213	addi	x4,x4,-16	  x4:0x80009f84  x4=0x80009f74
        5355000	       534	8000081c	00000013	addi	x0,x0,0	  x0:0x00000000
        5365000	       535	80000820	7dc8aab7	lui	x21,0x7dc8a	 x21=0x7dc8a000
        5375000	       536	80000824	011e5693	srli	x13,x28,0x11	 x28:0x00000000 x13=0x00000000
        5385000	       537	80000828	00622223	sw	x6,4(x4)	  x4:0x80009f74  x6:0x8000016c PA:0x80009f78
        5395000	       538	8000082c	00519a93	slli	x21,x3,0x5	  x3:0x0000a00b x21=0x00140160
        5405000	       539	80000830	00008117	auipc	x2,0x8	  x2=0x8000882c
        5415000	       540	80000834	04110113	addi	x2,x2,65	  x2:0x8000882c  x2=0x8000886d
        5425000	       541	80000838	01a15c33	srl	x24,x2,x26	  x2:0x8000886d x26:0xfffff9cf x24=0x00010001
        5435000	       542	8000083c	07910823	sb	x25,112(x2)	  x2:0x8000886d x25:0x00000000 PA:0x800088dd
        5445000	       543	80000840	48e14883	lbu	x17,1166(x2)	  x2:0x8000886d x17=0x0000001c PA:0x80008cfb
        5455000	       544	80000844	27a14983	lbu	x19,634(x2)	  x2:0x8000886d x19=0x0000001f PA:0x80008ae7
        5465000	       545	80000848	31d11d03	lh	x26,797(x2)	  x2:0x8000886d x26=0xffffdf09 PA:0x80008b8a
        5475000	       546	8000084c	8524e993	ori	x19,x9,-1966	  x9:0x00000000 x19=0xfffff852
        5485000	       547	80000850	ecf42493	slti	x9,x8,-305	  x8:0xefc00000  x9=0x00000001
        5495000	       548	80000854	11414503	lbu	x10,276(x2)	  x2:0x8000886d x10=0x000000bb PA:0x80008981
        5505000	       549	80000858	015fd093	srli	x1,x31,0x15	 x31:0xefc00499  x1=0x0000077e
        5515000	       550	8000085c	41e15593	srai	x11,x2,0x1e	  x2:0x8000886d x11=0xfffffffe
        5525000	       551	80000860	404606b3	sub	x13,x12,x4	 x12:0x00000030  x4:0x80009f74 x13=0x7fff60bc
        5535000	       552	80000864	7e1aaa93	slti	x21,x21,2017	 x21:0x00140160 x21=0x00000000
        5545000	       553	80000868	ce0e6513	ori	x10,x28,-800	 x28:0x00000000 x10=0xfffffce0
        5555000	       554	8000086c	4b153813	sltiu	x16,x10,1201	 x10:0xfffffce0 x16=0x00000000
        5565000	       555	80000870	475118a3	sh	x21,1137(x2)	  x2:0x8000886d x21:0x00000000 PA:0x80008cde
        5575000	       556	80000874	66a14783	lbu	x15,1642(x2)	  x2:0x8000886d x15=0x000000a1 PA:0x80008ed7
        5585000	       557	80000878	60310d23	sb	x3,1562(x2)	  x2:0x8000886d  x3:0x0000a00b PA:0x80008e87
        5595000	       558	8000087c	2c0bbd93	sltiu	x27,x23,704	 x23:0x01fc2000 x27=0x00000000
        5605000	       559	80000880	bd76ab13	slti	x22,x13,-1065	 x13:0x7fff60bc x22=0x00000000
        5615000	       560	80000884	2eebdb37	lui	x22,0x2eebd	 x22=0x2eebd000
        5625000	       561	80000888	0bd10a23	sb	x29,180(x2)	  x2:0x8000886d x29:0xbdb1d164 PA:0x80008921
        5635000	       562	8000088c	41bd51b3	sra	x3,x26,x27	 x26:0xffffdf09 x27:0x00000000  x3=0xffffdf09
        5645000	       563	80000890	48e10683	lb	x13,1166(x2)	  x2:0x8000886d x13=0x0000001c PA:0x80008cfb
        5655000	       564	80000894	fc910c83	lb	x25,-55(x2)	  x2:0x8000886d x25=0x0000005b PA:0x80008836
        5665000	       565	80000898	0f550993	addi	x19,x10,245	 x10:0xfffffce0 x19=0xfffffdd5
        5675000	       566	8000089c	481118a3	sh	x1,1169(x2)	  x2:0x8000886d  x1:0x0000077e PA:0x80008cfe
        5685000	       567	800008a0	00008b17	auipc	x22,0x8	 x22=0x8000889c
        5695000	       568	800008a4	071b0b13	addi	x22,x22,113	 x22:0x8000889c x22=0x8000890d
        5705000	       569	800008a8	045b2ba3	sw	x5,87(x22)	 x22:0x8000890d  x5:0x00000000 PA:0x80008964
        5715000	       570	800008ac	00008897	auipc	x17,0x8	 x17=0x800088a8
        5725000	       571	800008b0	73d88893	addi	x17,x17,1853	 x17:0x800088a8 x17=0x80008fe5
        5735000	       572	800008b4	00008597	auipc	x11,0x8	 x11=0x800088b0
        5745000	       573	800008b8	65b58593	addi	x11,x11,1627	 x11:0x800088b0 x11=0x80008f0b
        5755000	       574	800008bc	ff358e03	lb	x28,-13(x11)	 x11:0x80008f0b x28=0xffffffb0 PA:0x80008efe
        5765000	       575	800008c0	0eab0523	sb	x10,234(x22)	 x22:0x8000890d x10:0xfffffce0 PA:0x800089f7
        5775000	       576	800008c4	ff088103	lb	x2,-16(x17)	 x17:0x80008fe5  x2=0xffffffeb PA:0x80008fd5
        5785000	       577	800008c8	fed58d23	sb	x13,-6(x11)	 x11:0x80008f0b x13:0x0000001c PA:0x80008f05
        5795000	       578	800008cc	ffa88f23	sb	x26,-2(x17)	 x17:0x80008fe5 x26:0xffffdf09 PA:0x80008fe3
        5805000	       579	800008d0	fdcb4003	lbu	x0,-36(x22)	 x22:0x8000890d PA:0x800088e9
        5815000	       580	800008d4	00359483	lh	x9,3(x11)	 x11:0x80008f0b  x9=0x00005c67 PA:0x80008f0e
        5825000	       581	800008d8	fed58b23	sb	x13,-10(x11)	 x11:0x80008f0b x13:0x0000001c PA:0x80008f01
        5835000	       582	800008dc	fe5b4803	lbu	x16,-27(x22)	 x22:0x8000890d x16=0x000000a1 PA:0x800088f2
        5845000	       583	800008e0	fcfb5a83	lhu	x21,-49(x22)	 x22:0x8000890d x21=0x0000004c PA:0x800088dc
        5855000	       584	800008e4	ffc898a3	sh	x28,-15(x17)	 x17:0x80008fe5 x28:0xffffffb0 PA:0x80008fd6
        5865000	       585	800008e8	ff78ce83	lbu	x29,-9(x17)	 x17:0x80008fe5 x29=0x000000fa PA:0x80008fdc
        5875000	       586	800008ec	070b0923	sb	x16,114(x22)	 x22:0x8000890d x16:0x000000a1 PA:0x8000897f
        5885000	       587	800008f0	0dab4f83	lbu	x31,218(x22)	 x22:0x8000890d x31=0x00000087 PA:0x800089e7
        5895000	       588	800008f4	ff55c103	lbu	x2,-11(x11)	 x11:0x80008f0b  x2=0x00000095 PA:0x80008f00
        5905000	       589	800008f8	ff658923	sb	x22,-14(x11)	 x11:0x80008f0b x22:0x8000890d PA:0x80008efd
        5915000	       590	800008fc	ff789b83	lh	x23,-9(x17)	 x17:0x80008fe5 x23=0xffffbcfa PA:0x80008fdc
        5925000	       591	80000900	00658983	lb	x19,6(x11)	 x11:0x80008f0b x19=0x0000004b PA:0x80008f11
        5935000	       592	80000904	0e1b1c03	lh	x24,225(x22)	 x22:0x8000890d x24=0x00006642 PA:0x800089ee
        5945000	       593	80000908	005b0983	lb	x19,5(x22)	 x22:0x8000890d x19=0xffffffdf PA:0x80008912
        5955000	       594	8000090c	0015c603	lbu	x12,1(x11)	 x11:0x80008f0b x12=0x000000e2 PA:0x80008f0c
        5965000	       595	80000910	ffa88c83	lb	x25,-6(x17)	 x17:0x80008fe5 x25=0xffffffa6 PA:0x80008fdf
        5975000	       596	80000914	00008197	auipc	x3,0x8	  x3=0x80008910
        5985000	       597	80000918	65f18193	addi	x3,x3,1631	  x3:0x80008910  x3=0x80008f6f
        5995000	       598	8000091c	ef419fa3	sh	x20,-257(x3)	  x3:0x80008f6f x20:0x00000000 PA:0x80008e6e
        6005000	       599	80000920	eff19a83	lh	x21,-257(x3)	  x3:0x80008f6f x21=0x00000000 PA:0x80008e6e
        6015000	       600	80000924	b418e297	auipc	x5,0xb418e	  x5=0x3418e920
        6025000	       601	80000928	3cb6e593	ori	x11,x13,971	 x13:0x0000001c x11=0x000003df
        6035000	       602	8000092c	ef418fa3	sb	x20,-257(x3)	  x3:0x80008f6f x20:0x00000000 PA:0x80008e6e
        6045000	       603	80000930	eff1c983	lbu	x19,-257(x3)	  x3:0x80008f6f x19=0x00000000 PA:0x80008e6e
        6055000	       604	80000934	eff1ca03	lbu	x20,-257(x3)	  x3:0x80008f6f x20=0x00000000 PA:0x80008e6e
        6065000	       605	80000938	eff19403	lh	x8,-257(x3)	  x3:0x80008f6f  x8=0x00000000 PA:0x80008e6e
        6075000	       606	8000093c	9ac9c293	xori	x5,x19,-1620	 x19:0x00000000  x5=0xfffff9ac
        6085000	       607	80000940	eff18103	lb	x2,-257(x3)	  x3:0x80008f6f  x2=0x00000000 PA:0x80008e6e
        6095000	       608	80000944	efb18fa3	sb	x27,-257(x3)	  x3:0x80008f6f x27:0x00000000 PA:0x80008e6e
        6105000	       609	80000948	db71bf13	sltiu	x30,x3,-585	  x3:0x80008f6f x30=0x00000001
        6115000	       610	8000094c	eff18f03	lb	x30,-257(x3)	  x3:0x80008f6f x30=0x00000000 PA:0x80008e6e
        6125000	       611	80000950	a86ca413	slti	x8,x25,-1402	 x25:0xffffffa6  x8=0x00000000
        6135000	       612	80000954	873d7d93	andi	x27,x26,-1933	 x26:0xffffdf09 x27=0xffffd801
        6145000	       613	80000958	eff18683	lb	x13,-257(x3)	  x3:0x80008f6f x13=0x00000000 PA:0x80008e6e
        6155000	       614	8000095c	00008597	auipc	x11,0x8	 x11=0x80008958
        6165000	       615	80000960	24a58593	addi	x11,x11,586	 x11:0x80008958 x11=0x80008ba2
        6175000	       616	80000964	00008097	auipc	x1,0x8	  x1=0x80008960
        6185000	       617	80000968	3a808093	addi	x1,x1,936	  x1:0x80008960  x1=0x80008d08
        6195000	       618	8000096c	00008797	auipc	x15,0x8	 x15=0x80008968
        6205000	       619	80000970	22b78793	addi	x15,x15,555	 x15:0x80008968 x15=0x80008b93
        6215000	       620	80000974	00008117	auipc	x2,0x8	  x2=0x80008970
        6225000	       621	80000978	fdb10113	addi	x2,x2,-37	  x2:0x80008970  x2=0x8000894b
        6235000	       622	8000097c	0265af83	lw	x31,38(x11)	 x11:0x80008ba2 x31=0x48310e70 PA:0x80008bc8
        6245000	       623	80000980	00008997	auipc	x19,0x8	 x19=0x8000897c
        6255000	       624	80000984	32e98993	addi	x19,x19,814	 x19:0x8000897c x19=0x80008caa
        6265000	       625	80000988	f9210da3	sb	x18,-101(x2)	  x2:0x8000894b x18:0x80009fc4 PA:0x800088e6
        6275000	       626	8000098c	0459c803	lbu	x16,69(x19)	 x19:0x80008caa x16=0x000000b4 PA:0x80008cef
        6285000	       627	80000990	05b15f03	lhu	x30,91(x2)	  x2:0x8000894b x30=0x0000cade PA:0x800089a6
        6295000	       628	80000994	fd05d383	lhu	x7,-48(x11)	 x11:0x80008ba2  x7=0x00001945 PA:0x80008b72
        6305000	       629	80000998	bc108aa3	sb	x1,-1067(x1)	  x1:0x80008d08  x1:0x80008d08 PA:0x800088dd
        6315000	       630	8000099c	feb58283	lb	x5,-21(x11)	 x11:0x80008ba2  x5=0xffffffb9 PA:0x80008b8d
        6325000	       631	800009a0	f00795a3	sh	x0,-245(x15)	 x15:0x80008b93  x0:0x00000000 PA:0x80008a9e
        6335000	       632	800009a4	f9179603	lh	x12,-111(x15)	 x15:0x80008b93 x12=0xffff8c8d PA:0x80008b24
        6345000	       633	800009a8	03998883	lb	x17,57(x19)	 x19:0x80008caa x17=0x00000065 PA:0x80008ce3
        6355000	       634	800009ac	fcc58f83	lb	x31,-52(x11)	 x11:0x80008ba2 x31=0xffffff9b PA:0x80008b6e
        6365000	       635	800009b0	f68109a3	sb	x8,-141(x2)	  x2:0x8000894b  x8:0x00000000 PA:0x800088be
        6375000	       636	800009b4	0aa78403	lb	x8,170(x15)	 x15:0x80008b93  x8=0x00000043 PA:0x80008c3d
        6385000	       637	800009b8	f5a98823	sb	x26,-176(x19)	 x19:0x80008caa x26:0xffffdf09 PA:0x80008bfa
        6395000	       638	800009bc	f6908d83	lb	x27,-151(x1)	  x1:0x80008d08 x27=0x00000010 PA:0x80008c71
        6405000	       639	800009c0	04010183	lb	x3,64(x2)	  x2:0x8000894b  x3=0xffffffcf PA:0x8000898b
        6415000	       640	800009c4	0057d183	lhu	x3,5(x15)	 x15:0x80008b93  x3=0x00004842 PA:0x80008b98
        6425000	       641	800009c8	28408923	sb	x4,658(x1)	  x1:0x80008d08  x4:0x80009f74 PA:0x80008f9a
        6435000	       642	800009cc	f587c483	lbu	x9,-168(x15)	 x15:0x80008b93  x9=0x000000e7 PA:0x80008aeb
        6445000	       643	800009d0	f9f78a03	lb	x20,-97(x15)	 x15:0x80008b93 x20=0x00000006 PA:0x80008b32
        6455000	       644	00000000	00000013	addi	x0,x0,0	  x0:0x00000000
        6465000	       645	800009d4	0145d503	lhu	x10,20(x11)	 x11:0x80008ba2 x10=0x0000b09c PA:0x80008bb6
        6475000	       646	800009d8	fd558423	sb	x21,-56(x11)	 x11:0x80008ba2 x21:0x00000000 PA:0x80008b6a
        6485000	       647	800009dc	d750cb83	lbu	x23,-651(x1)	  x1:0x80008d08 x23=0x00000026 PA:0x80008a7d
        6495000	       648	800009e0	feb78603	lb	x12,-21(x15)	 x15:0x80008b93 x12=0x00000068 PA:0x80008b7e
        6505000	       649	800009e4	f2d98223	sb	x13,-220(x19)	 x19:0x80008caa x13:0x00000000 PA:0x80008bce
        6515000	       650	800009e8	01d58303	lb	x6,29(x11)	 x11:0x80008ba2  x6=0x00000073 PA:0x80008bbf
        6525000	       651	800009ec	fc47c883	lbu	x17,-60(x15)	 x15:0x80008b93 x17=0x00000032 PA:0x80008b57
        6535000	       652	800009f0	0065ae03	lw	x28,6(x11)	 x11:0x80008ba2 x28=0xec8df043 PA:0x80008ba8
        6545000	       653	800009f4	ff114d83	lbu	x27,-15(x2)	  x2:0x8000894b x27=0x0000006e PA:0x8000893c
        6555000	       654	800009f8	1d308803	lb	x16,467(x1)	  x1:0x80008d08 x16=0x0000007b PA:0x80008edb
        6565000	       655	800009fc	fd65a323	sw	x22,-58(x11)	 x11:0x80008ba2 x22:0x8000890d PA:0x80008b68
        6575000	       656	80000a00	b370c683	lbu	x13,-1225(x1)	  x1:0x80008d08 x13=0x00000074 PA:0x8000883f
        6585000	       657	80000a04	0ac78423	sb	x12,168(x15)	 x15:0x80008b93 x12:0x00000068 PA:0x80008c3b
        6595000	       658	80000a08	db30c683	lbu	x13,-589(x1)	  x1:0x80008d08 x13=0x000000ee PA:0x80008abb
        6605000	       659	80000a0c	fe458283	lb	x5,-28(x11)	 x11:0x80008ba2  x5=0xffffffa8 PA:0x80008b86
        6615000	       660	80000a10	0cc99823	sh	x12,208(x19)	 x19:0x80008caa x12:0x00000068 PA:0x80008d7a
        6625000	       661	80000a14	02112e03	lw	x28,33(x2)	  x2:0x8000894b x28=0x33737d89 PA:0x8000896c
        6635000	       662	80000a18	0d978c83	lb	x25,217(x15)	 x15:0x80008b93 x25=0xffffff9b PA:0x80008c6c
        6645000	       663	80000a1c	09410403	lb	x8,148(x2)	  x2:0x8000894b  x8=0xffffff97 PA:0x800089df
        6655000	       664	80000a20	0af98683	lb	x13,175(x19)	 x19:0x80008caa x13=0xffffffe9 PA:0x80008d59
        6665000	       665	80000a24	00007117	auipc	x2,0x7	  x2=0x80007a20
        6675000	       666	80000a28	71610113	addi	x2,x2,1814	  x2:0x80007a20  x2=0x80008136
        6685000	       667	80000a2c	67510723	sb	x21,1646(x2)	  x2:0x80008136 x21:0x00000000 PA:0x800087a4
        6695000	       668	80000a30	0126efb3	or	x31,x13,x18	 x13:0xffffffe9 x18:0x80009fc4 x31=0xffffffed
        6705000	       669	80000a34	4dd10d03	lb	x26,1245(x2)	  x2:0x80008136 x26=0xffffff9b PA:0x80008613
        6715000	       670	80000a38	000adfb3	srl	x31,x21,x0	 x21:0x00000000  x0:0x00000000 x31=0x00000000
        6725000	       671	80000a3c	01a79b33	sll	x22,x15,x26	 x15:0x80008b93 x26:0xffffff9b x22=0x98000000
        6735000	       672	80000a40	faa23393	sltiu	x7,x4,-86	  x4:0x80009f74  x7=0x00000001
        6745000	       673	80000a44	27910503	lb	x10,633(x2)	  x2:0x80008136 x10=0xffffffa4 PA:0x800083af
        6755000	       674	80000a48	4be10e23	sb	x30,1212(x2)	  x2:0x80008136 x30:0x0000cade PA:0x800085f2
        6765000	       675	80000a4c	6bb10ca3	sb	x27,1721(x2)	  x2:0x80008136 x27:0x0000006e PA:0x800087ef
        6775000	       676	80000a50	6e011383	lh	x7,1760(x2)	  x2:0x80008136  x7=0xffffea83 PA:0x80008816
        6785000	       677	80000a54	8d098993	addi	x19,x19,-1840	 x19:0x80008caa x19=0x8000857a
        6795000	       678	80000a58	017a1433	sll	x8,x20,x23	 x20:0x00000006 x23:0x00000026  x8=0x00000180
        6805000	       679	80000a5c	81a9b693	sltiu	x13,x19,-2022	 x19:0x8000857a x13=0x00000001
        6815000	       680	80000a60	60e102a3	sb	x14,1541(x2)	  x2:0x80008136 x14:0x00000000 PA:0x8000873b
        6825000	       681	80000a64	2de14503	lbu	x10,734(x2)	  x2:0x80008136 x10=0x0000004f PA:0x80008414
        6835000	       682	80000a68	0162eeb3	or	x29,x5,x22	  x5:0xffffffa8 x22:0x98000000 x29=0xffffffa8
        6845000	       683	80000a6c	0d911f23	sh	x25,222(x2)	  x2:0x80008136 x25:0xffffff9b PA:0x80008214
        6855000	       684	80000a70	4023d5b3	sra	x11,x7,x2	  x7:0xffffea83  x2:0x80008136 x11=0xffffffff
        6865000	       685	80000a74	ffb14403	lbu	x8,-5(x2)	  x2:0x80008136  x8=0x000000e4 PA:0x80008131
        6875000	       686	80000a78	32c14883	lbu	x17,812(x2)	  x2:0x80008136 x17=0x0000008a PA:0x80008462
        6885000	       687	00000000	00000013	addi	x0,x0,0	  x0:0x00000000
        6895000	       688	80000a7c	3d114503	lbu	x10,977(x2)	  x2:0x80008136 x10=0x0000002b PA:0x80008507
        6905000	       689	80000a80	41f8de93	srai	x29,x17,0x1f	 x17:0x0000008a x29=0x00000000
        6915000	       690	80000a84	29212503	lw	x10,658(x2)	  x2:0x80008136 x10=0x176463f6 PA:0x800083c8
        6925000	       691	80000a88	00ef2433	slt	x8,x30,x14	 x30:0x0000cade x14:0x00000000  x8=0x00000000
        6935000	       692	80000a8c	fed10f03	lb	x30,-19(x2)	  x2:0x80008136 x30=0x0000000f PA:0x80008123
        6945000	       693	80000a90	69f104a3	sb	x31,1673(x2)	  x2:0x80008136 x31:0x00000000 PA:0x800087bf
        6955000	       694	80000a94	01f50bb3	add	x23,x10,x31	 x10:0x176463f6 x31:0x00000000 x23=0x176463f6
        6965000	       695	80000a98	13114f03	lbu	x30,305(x2)	  x2:0x80008136 x30=0x00000073 PA:0x80008267
        6975000	       696	80000a9c	37b14983	lbu	x19,891(x2)	  x2:0x80008136 x19=0x00000018 PA:0x800084b1
        6985000	       697	80000aa0	55d10083	lb	x1,1373(x2)	  x2:0x80008136  x1=0xffffff8a PA:0x80008693
        6995000	       698	00000000	00000013	addi	x0,x0,0	  x0:0x00000000
        7005000	       699	80000aa4	8a123613	sltiu	x12,x4,-1887	  x4:0x80009f74 x12=0x00000001
        7015000	       700	80000aa8	41635433	sra	x8,x6,x22	  x6:0x00000073 x22:0x98000000  x8=0x00000073
        7025000	       701	80000aac	01685d33	srl	x26,x16,x22	 x16:0x0000007b x22:0x98000000 x26=0x0000007b
        7035000	       702	80000ab0	82e47f93	andi	x31,x8,-2002	  x8:0x00000073 x31=0x00000022
        7045000	       703	80000ab4	341eba13	sltiu	x20,x29,833	 x29:0x00000000 x20=0x00000001
        7055000	       704	80000ab8	40c80cb3	sub	x25,x16,x12	 x16:0x0000007b x12:0x00000001 x25=0x0000007a
        7065000	       705	80000abc	00be1db3	sll	x27,x28,x11	 x28:0x33737d89 x11:0xffffffff x27=0x80000000
        7075000	       706	80000ac0	407b5a33	sra	x20,x22,x7	 x22:0x98000000  x7:0xffffea83 x20=0xf3000000
        7085000	       707	80000ac4	95648293	addi	x5,x9,-1706	  x9:0x000000e7  x5=0xfffffa3d
        7095000	       708	80000ac8	63c14b83	lbu	x23,1596(x2)	  x2:0x80008136 x23=0x000000c1 PA:0x80008772
        7105000	       709	80000acc	69212603	lw	x12,1682(x2)	  x2:0x80008136 x12=0xe33b1f33 PA:0x800087c8
        7115000	       710	80000ad0	68310603	lb	x12,1667(x2)	  x2:0x80008136 x12=0x00000060 PA:0x800087b9
        7125000	       711	80000ad4	1cf42893	slti	x17,x8,463	  x8:0x00000073 x17=0x00000001
        7135000	       712	80000ad8	01d88eb3	add	x29,x17,x29	 x17:0x00000001 x29:0x00000000 x29=0x00000001
        7145000	       713	80000adc	01112d23	sw	x17,26(x2)	  x2:0x80008136 x17:0x00000001 PA:0x80008150
        7155000	       714	80000ae0	26b14603	lbu	x12,619(x2)	  x2:0x80008136 x12=0x00000068 PA:0x800083a1
        7165000	       715	80000ae4	01fa1693	slli	x13,x20,0x1f	 x20:0xf3000000 x13=0x00000000
        7175000	       716	80000ae8	41a80f33	sub	x30,x16,x26	 x16:0x0000007b x26:0x0000007b x30=0x00000000
        7185000	       717	80000aec	ab01a593	slti	x11,x3,-1360	  x3:0x00004842 x11=0x00000000
        7195000	       718	80000af0	8452d637	lui	x12,0x8452d	 x12=0x8452d000
        7205000	       719	80000af4	016dbc33	sltu	x24,x27,x22	 x27:0x80000000 x22:0x98000000 x24=0x00000001
        7215000	       720	80000af8	32310803	lb	x16,803(x2)	  x2:0x80008136 x16=0xffffff92 PA:0x80008459
        7225000	       721	80000afc	60011003	lh	x0,1536(x2)	  x2:0x80008136 PA:0x80008736
        7235000	       722	80000b00	1a114c03	lbu	x24,417(x2)	  x2:0x80008136 x24=0x0000003d PA:0x800082d7
        7245000	       723	80000b04	00000013	addi	x0,x0,0	  x0:0x00000000
        7255000	       724	80000b08	0187ddb3	srl	x27,x15,x24	 x15:0x80008b93 x24:0x0000003d x27=0x00000004
        7265000	       725	80000b0c	67110e83	lb	x29,1649(x2)	  x2:0x80008136 x29=0x00000079 PA:0x800087a7
        7275000	       726	80000b10	00007117	auipc	x2,0x7	  x2=0x80007b0c
        7285000	       727	80000b14	5ab10113	addi	x2,x2,1451	  x2:0x80007b0c  x2=0x800080b7
        7295000	       728	80000b18	05c101a3	sb	x28,67(x2)	  x2:0x800080b7 x28:0x33737d89 PA:0x800080fa
        7305000	       729	80000b1c	04310803	lb	x16,67(x2)	  x2:0x800080b7 x16=0xffffff89 PA:0x800080fa
        7315000	       730	80000b20	04311383	lh	x7,67(x2)	  x2:0x800080b7  x7=0xfffff189 PA:0x800080fa
        7325000	       731	80000b24	04310603	lb	x12,67(x2)	  x2:0x800080b7 x12=0xffffff89 PA:0x800080fa
        7335000	       732	80000b28	04d101a3	sb	x13,67(x2)	  x2:0x800080b7 x13:0x00000000 PA:0x800080fa
        7345000	       733	80000b2c	dba2fa17	auipc	x20,0xdba2f	 x20=0x5ba2fb28
        7355000	       734	80000b30	0026f333	and	x6,x13,x2	 x13:0x00000000  x2:0x800080b7  x6=0x00000000
        7365000	       735	80000b34	04315003	lhu	x0,67(x2)	  x2:0x800080b7 PA:0x800080fa
        7375000	       736	80000b38	636aac17	auipc	x24,0x636aa	 x24=0xe36aab34
        7385000	       737	80000b3c	02e10583	lb	x11,46(x2)	  x2:0x800080b7 x11=0xffffffaf PA:0x800080e5
        7395000	       738	80000b40	02e10283	lb	x5,46(x2)	  x2:0x800080b7  x5=0xffffffaf PA:0x800080e5
        7405000	       739	80000b44	02e14303	lbu	x6,46(x2)	  x2:0x800080b7  x6=0x000000af PA:0x800080e5
        7415000	       740	80000b48	03110723	sb	x17,46(x2)	  x2:0x800080b7 x17:0x00000001 PA:0x800080e5
        7425000	       741	80000b4c	02410723	sb	x4,46(x2)	  x2:0x800080b7  x4:0x80009f74 PA:0x800080e5
        7435000	       742	80000b50	02e10b03	lb	x22,46(x2)	  x2:0x800080b7 x22=0x00000074 PA:0x800080e5
        7445000	       743	80000b54	02e14403	lbu	x8,46(x2)	  x2:0x800080b7  x8=0x00000074 PA:0x800080e5
        7455000	       744	80000b58	02e10d03	lb	x26,46(x2)	  x2:0x800080b7 x26=0x00000074 PA:0x800080e5
        7465000	       745	80000b5c	02e10383	lb	x7,46(x2)	  x2:0x800080b7  x7=0x00000074 PA:0x800080e5
        7475000	       746	80000b60	02e14f83	lbu	x31,46(x2)	  x2:0x800080b7 x31=0x00000074 PA:0x800080e5
        7485000	       747	80000b64	5c7af093	andi	x1,x21,1479	 x21:0x00000000  x1=0x00000000
        7495000	       748	80000b68	02e10403	lb	x8,46(x2)	  x2:0x800080b7  x8=0x00000074 PA:0x800080e5
        7505000	       749	80000b6c	00008797	auipc	x15,0x8	 x15=0x80008b68
        7515000	       750	80000b70	f3b78793	addi	x15,x15,-197	 x15:0x80008b68 x15=0x80008aa3
        7525000	       751	80000b74	00008d97	auipc	x27,0x8	 x27=0x80008b70
        7535000	       752	80000b78	fc2d8d93	addi	x27,x27,-62	 x27:0x80008b70 x27=0x80008b32
        7545000	       753	80000b7c	00008e97	auipc	x29,0x8	 x29=0x80008b78
        7555000	       754	80000b80	f8ce8e93	addi	x29,x29,-116	 x29:0x80008b78 x29=0x80008b04
        7565000	       755	80000b84	00008597	auipc	x11,0x8	 x11=0x80008b80
        7575000	       756	80000b88	1eb58593	addi	x11,x11,491	 x11:0x80008b80 x11=0x80008d6b
        7585000	       757	80000b8c	00008097	auipc	x1,0x8	  x1=0x80008b88
        7595000	       758	80000b90	19308093	addi	x1,x1,403	  x1:0x80008b88  x1=0x80008d1b
        7605000	       759	80000b94	e457aaa3	sw	x5,-427(x15)	 x15:0x80008aa3  x5:0xffffffaf PA:0x800088f8
        7615000	       760	80000b98	be458123	sb	x4,-1054(x11)	 x11:0x80008d6b  x4:0x80009f74 PA:0x8000894d
        7625000	       761	80000b9c	000dd603	lhu	x12,0(x27)	 x27:0x80008b32 x12=0x00009206 PA:0x80008b32
        7635000	       762	80000ba0	d2f5d403	lhu	x8,-721(x11)	 x11:0x80008d6b  x8=0x00008ca7 PA:0x80008a9a
        7645000	       763	80000ba4	aef5dd03	lhu	x26,-1297(x11)	 x11:0x80008d6b x26=0x0000714c PA:0x8000885a
        7655000	       764	80000ba8	fd37c983	lbu	x19,-45(x15)	 x15:0x80008aa3 x19=0x0000007a PA:0x80008a76
        7665000	       765	80000bac	ebfe8103	lb	x2,-321(x29)	 x29:0x80008b04  x2=0x00000065 PA:0x800089c3
        7675000	       766	80000bb0	dc308a23	sb	x3,-556(x1)	  x1:0x80008d1b  x3:0x00004842 PA:0x80008aef
        7685000	       767	80000bb4	0bf08aa3	sb	x31,181(x1)	  x1:0x80008d1b x31:0x00000074 PA:0x80008dd0
        7695000	       768	80000bb8	008dcc03	lbu	x24,8(x27)	 x27:0x80008b32 x24=0x00000058 PA:0x80008b3a
        7705000	       769	80000bbc	e31e8b03	lb	x22,-463(x29)	 x29:0x80008b04 x22=0xffffff88 PA:0x80008935
        7715000	       770	80000bc0	1cf78e03	lb	x28,463(x15)	 x15:0x80008aa3 x28=0xffffff95 PA:0x80008c72
        7725000	       771	80000bc4	237e81a3	sb	x23,547(x29)	 x29:0x80008b04 x23:0x000000c1 PA:0x80008d27
        7735000	       772	80000bc8	fe8d8c23	sb	x8,-8(x27)	 x27:0x80008b32  x8:0x00008ca7 PA:0x80008b2a
        7745000	       773	80000bcc	41e7ce03	lbu	x28,1054(x15)	 x15:0x80008aa3 x28=0x0000009a PA:0x80008ec1
        7755000	       774	80000bd0	cc108d03	lb	x26,-831(x1)	  x1:0x80008d1b x26=0xfffffff7 PA:0x800089dc
        7765000	       775	80000bd4	2a878c03	lb	x24,680(x15)	 x15:0x80008aa3 x24=0x0000000c PA:0x80008d4b
        7775000	       776	80000bd8	f265c603	lbu	x12,-218(x11)	 x11:0x80008d6b x12=0x00000095 PA:0x80008c91
        7785000	       777	80000bdc	001da123	sw	x1,2(x27)	 x27:0x80008b32  x1:0x80008d1b PA:0x80008b34
        7795000	       778	80000be0	0e9e9b23	sh	x9,246(x29)	 x29:0x80008b04  x9:0x000000e7 PA:0x80008bfa
        7805000	       779	80000be4	c82091a3	sh	x2,-893(x1)	  x1:0x80008d1b  x2:0x00000065 PA:0x8000899e
        7815000	       780	80000be8	ecde8f03	lb	x30,-307(x29)	 x29:0x80008b04 x30=0xffffffd0 PA:0x800089d1
        7825000	       781	80000bec	1135cd03	lbu	x26,275(x11)	 x11:0x80008d6b x26=0x000000aa PA:0x80008e7e
        7835000	       782	80000bf0	efeece03	lbu	x28,-258(x29)	 x29:0x80008b04 x28=0x000000f0 PA:0x80008a02
        7845000	       783	80000bf4	0ab78f23	sb	x11,190(x15)	 x15:0x80008aa3 x11:0x80008d6b PA:0x80008b61
        7855000	       784	80000bf8	b5559e03	lh	x28,-1195(x11)	 x11:0x80008d6b x28=0xffff85fd PA:0x800088c0
        7865000	       785	80000bfc	008d8303	lb	x6,8(x27)	 x27:0x80008b32  x6=0x00000058 PA:0x80008b3a
        7875000	       786	80000c00	eb458503	lb	x10,-332(x11)	 x11:0x80008d6b x10=0xffffffd4 PA:0x80008c1f
        7885000	       787	80000c04	006ddb03	lhu	x22,6(x27)	 x27:0x80008b32 x22=0x0000b62c PA:0x80008b38
        7895000	       788	80000c08	006d8323	sb	x6,6(x27)	 x27:0x80008b32  x6:0x00000058 PA:0x80008b38
        7905000	       789	80000c0c	25808423	sb	x24,584(x1)	  x1:0x80008d1b x24:0x0000000c PA:0x80008f63
        7915000	       790	80000c10	386e88a3	sb	x6,913(x29)	 x29:0x80008b04  x6:0x00000058 PA:0x80008e95
        7925000	       791	80000c14	001d8523	sb	x1,10(x27)	 x27:0x80008b32  x1:0x80008d1b PA:0x80008b3c
        7935000	       792	80000c18	2ae08d23	sb	x14,698(x1)	  x1:0x80008d1b x14:0x00000000 PA:0x80008fd5
        7945000	       793	80000c1c	e8458f23	sb	x4,-354(x11)	 x11:0x80008d6b  x4:0x80009f74 PA:0x80008c09
        7955000	       794	80000c20	01fd82a3	sb	x31,5(x27)	 x27:0x80008b32 x31:0x00000074 PA:0x80008b37
        7965000	       795	80000c24	45a7c503	lbu	x10,1114(x15)	 x15:0x80008aa3 x10=0x0000000d PA:0x80008efd
        7975000	       796	80000c28	00008597	auipc	x11,0x8	 x11=0x80008c24
        7985000	       797	80000c2c	a7c58593	addi	x11,x11,-1412	 x11:0x80008c24 x11=0x800086a0
        7995000	       798	80000c30	00008817	auipc	x16,0x8	 x16=0x80008c2c
        8005000	       799	80000c34	8ee80813	addi	x16,x16,-1810	 x16:0x80008c2c x16=0x8000851a
        8015000	       800	80000c38	07885103	lhu	x2,120(x16)	 x16:0x8000851a  x2=0x00002cd9 PA:0x80008592
        8025000	       801	80000c3c	01059383	lh	x7,16(x11)	 x11:0x800086a0  x7=0xffffdaf8 PA:0x800086b0
        8035000	       802	80000c40	fb6801a3	sb	x22,-93(x16)	 x16:0x8000851a x22:0x0000b62c PA:0x800084bd
        8045000	       803	80000c44	f3e85783	lhu	x15,-194(x16)	 x16:0x8000851a x15=0x0000920c PA:0x80008458
        8055000	       804	80000c48	ff35c083	lbu	x1,-13(x11)	 x11:0x800086a0  x1=0x0000008a PA:0x80008693
        8065000	       805	80000c4c	01e584a3	sb	x30,9(x11)	 x11:0x800086a0 x30:0xffffffd0 PA:0x800086a9
        8075000	       806	80000c50	ff558823	sb	x21,-16(x11)	 x11:0x800086a0 x21:0x00000000 PA:0x80008690
        8085000	       807	80000c54	06485303	lhu	x6,100(x16)	 x16:0x8000851a  x6=0x00007b54 PA:0x8000857e
        8095000	       808	80000c58	0015c283	lbu	x5,1(x11)	 x11:0x800086a0  x5=0x000000f8 PA:0x800086a1
        8105000	       809	80000c5c	ff058503	lb	x10,-16(x11)	 x11:0x800086a0 x10=0x00000000 PA:0x80008690
        8115000	       810	80000c60	0015c383	lbu	x7,1(x11)	 x11:0x800086a0  x7=0x000000f8 PA:0x800086a1
        8125000	       811	80000c64	00459083	lh	x1,4(x11)	 x11:0x800086a0  x1=0x00000945 PA:0x800086a4
        8135000	       812	80000c68	0ac85603	lhu	x12,172(x16)	 x16:0x8000851a x12=0x000027da PA:0x800085c6
        8145000	       813	80000c6c	f2f81a23	sh	x15,-204(x16)	 x16:0x8000851a x15:0x0000920c PA:0x8000844e
        8155000	       814	80000c70	0105cf03	lbu	x30,16(x11)	 x11:0x800086a0 x30=0x000000f8 PA:0x800086b0
        8165000	       815	80000c74	00008117	auipc	x2,0x8	  x2=0x80008c70
        8175000	       816	80000c78	f9a10113	addi	x2,x2,-102	  x2:0x80008c70  x2=0x80008c0a
        8185000	       817	80000c7c	13314783	lbu	x15,307(x2)	  x2:0x80008c0a x15=0x0000000c PA:0x80008d3d
        8195000	       818	80000c80	003b9b33	sll	x22,x23,x3	 x23:0x000000c1  x3:0x00004842 x22=0x00000304
        8205000	       819	80000c84	2ee15683	lhu	x13,750(x2)	  x2:0x80008c0a x13=0x0000b668 PA:0x80008ef8
        8215000	       820	80000c88	00204a33	xor	x20,x0,x2	  x0:0x00000000  x2:0x80008c0a x20=0x80008c0a
        8225000	       821	80000c8c	2fe107a3	sb	x30,751(x2)	  x2:0x80008c0a x30:0x000000f8 PA:0x80008ef9
        8235000	       822	80000c90	da710b03	lb	x22,-601(x2)	  x2:0x80008c0a x22=0xffffffe6 PA:0x800089b1
        8245000	       823	80000c94	cdd100a3	sb	x29,-831(x2)	  x2:0x80008c0a x29:0x80008b04 PA:0x800088cb
        8255000	       824	80000c98	e6f10a83	lb	x21,-401(x2)	  x2:0x80008c0a x21=0xffffffc1 PA:0x80008a79
        8265000	       825	80000c9c	690dbc13	sltiu	x24,x27,1680	 x27:0x80008b32 x24=0x00000000
        8275000	       826	80000ca0	34914403	lbu	x8,841(x2)	  x2:0x80008c0a  x8=0x00000098 PA:0x80008f53
        8285000	       827	80000ca4	c3710c03	lb	x24,-969(x2)	  x2:0x80008c0a x24=0xffffffca PA:0x80008841
        8295000	       828	80000ca8	dff10ba3	sb	x31,-521(x2)	  x2:0x80008c0a x31:0x00000074 PA:0x80008a01
        8305000	       829	80000cac	009fcab3	xor	x21,x31,x9	 x31:0x00000074  x9:0x000000e7 x21=0x00000093
        8315000	       830	80000cb0	ff910983	lb	x19,-7(x2)	  x2:0x80008c0a x19=0xffffffe2 PA:0x80008c03
        8325000	       831	80000cb4	e4811803	lh	x16,-440(x2)	  x2:0x80008c0a x16=0xffffc796 PA:0x80008a52
        8335000	       832	80000cb8	00e0ab33	slt	x22,x1,x14	  x1:0x00000945 x14:0x00000000 x22=0x00000000
        8345000	       833	80000cbc	00000013	addi	x0,x0,0	  x0:0x00000000
        8355000	       834	80000cc0	f4110183	lb	x3,-191(x2)	  x2:0x80008c0a  x3=0x0000002d PA:0x80008b4b
        8365000	       835	80000cc4	22414503	lbu	x10,548(x2)	  x2:0x80008c0a x10=0x00000056 PA:0x80008e2e
        8375000	       836	80000cc8	00896ab3	or	x21,x18,x8	 x18:0x80009fc4  x8:0x00000098 x21=0x80009fdc
        8385000	       837	80000ccc	2c611483	lh	x9,710(x2)	  x2:0x80008c0a  x9=0xffffb63b PA:0x80008ed0
        8395000	       838	80000cd0	fb914283	lbu	x5,-71(x2)	  x2:0x80008c0a  x5=0x00000021 PA:0x80008bc3
        8405000	       839	80000cd4	0026e9b3	or	x19,x13,x2	 x13:0x0000b668  x2:0x80008c0a x19=0x8000be6a
        8415000	       840	80000cd8	c4a29597	auipc	x11,0xc4a29	 x11=0x44a29cd4
        8425000	       841	80000cdc	0055f6b3	and	x13,x11,x5	 x11:0x44a29cd4  x5:0x00000021 x13=0x00000000
        8435000	       842	80000ce0	e2d11e23	sh	x13,-452(x2)	  x2:0x80008c0a x13:0x00000000 PA:0x80008a46
        8445000	       843	80000ce4	004ca333	slt	x6,x25,x4	 x25:0x0000007a  x4:0x80009f74  x6=0x00000000
        8455000	       844	80000ce8	f9014403	lbu	x8,-112(x2)	  x2:0x80008c0a  x8=0x000000d5 PA:0x80008b9a
        8465000	       845	80000cec	ff2f2593	slti	x11,x30,-14	 x30:0x000000f8 x11=0x00000000
        8475000	       846	80000cf0	4743eb13	ori	x22,x7,1140	  x7:0x000000f8 x22=0x000004fc
        8485000	       847	80000cf4	400d8433	sub	x8,x27,x0	 x27:0x80008b32  x0:0x00000000  x8=0x80008b32
        8495000	       848	80000cf8	e2211083	lh	x1,-478(x2)	  x2:0x80008c0a  x1=0x00000dcb PA:0x80008a2c
        8505000	       849	80000cfc	27011503	lh	x10,624(x2)	  x2:0x80008c0a x10=0x00007be9 PA:0x80008e7a
        8515000	       850	80000d00	ea510d83	lb	x27,-347(x2)	  x2:0x80008c0a x27=0xfffffffe PA:0x80008aaf
        8525000	       851	80000d04	00000013	addi	x0,x0,0	  x0:0x00000000
        8535000	       852	80000d08	19b14483	lbu	x9,411(x2)	  x2:0x80008c0a  x9=0x0000001f PA:0x80008da5
        8545000	       853	80000d0c	394100a3	sb	x20,897(x2)	  x2:0x80008c0a x20:0x80008c0a PA:0x80008f8b
        8555000	       854	80000d10	0f4107a3	sb	x20,239(x2)	  x2:0x80008c0a x20:0x80008c0a PA:0x80008cf9
        8565000	       855	80000d14	d2714e03	lbu	x28,-729(x2)	  x2:0x80008c0a x28=0x00000015 PA:0x80008931
        8575000	       856	80000d18	c3314e03	lbu	x28,-973(x2)	  x2:0x80008c0a x28=0x00000090 PA:0x8000883d
        8585000	       857	80000d1c	00008417	auipc	x8,0x8	  x8=0x80008d18
        8595000	       858	80000d20	23f40413	addi	x8,x8,575	  x8:0x80008d18  x8=0x80008f57
        8605000	       859	80000d24	002411b3	sll	x3,x8,x2	  x8:0x80008f57  x2:0x80008c0a  x3=0x023d5c00
        8615000	       860	80000d28	f8721db7	lui	x27,0xf8721	 x27=0xf8721000
        8625000	       861	80000d2c	012709b3	add	x19,x14,x18	 x14:0x00000000 x18:0x80009fc4 x19=0x80009fc4
        8635000	       862	80000d30	c8085f97	auipc	x31,0xc8085	 x31=0x48085d2c
        8645000	       863	80000d34	c5540f23	sb	x21,-930(x8)	  x8:0x80008f57 x21:0x80009fdc PA:0x80008bb5
        8655000	       864	80000d38	c4b40f23	sb	x11,-930(x8)	  x8:0x80008f57 x11:0x00000000 PA:0x80008bb5
        8665000	       865	80000d3c	01da6eb3	or	x29,x20,x29	 x20:0x80008c0a x29:0x80008b04 x29=0x80008f0e
        8675000	       866	80000d40	c5a40f23	sb	x26,-930(x8)	  x8:0x80008f57 x26:0x000000aa PA:0x80008bb5
        8685000	       867	80000d44	c5e44383	lbu	x7,-930(x8)	  x8:0x80008f57  x7=0x000000aa PA:0x80008bb5
        8695000	       868	80000d48	f0c6a113	slti	x2,x13,-244	 x13:0x00000000  x2=0x00000000
        8705000	       869	80000d4c	c4540f23	sb	x5,-930(x8)	  x8:0x80008f57  x5:0x00000021 PA:0x80008bb5
        8715000	       870	80000d50	c5e40983	lb	x19,-930(x8)	  x8:0x80008f57 x19=0x00000021 PA:0x80008bb5
        8725000	       871	80000d54	1fc66c93	ori	x25,x12,508	 x12:0x000027da x25=0x000027fe
        8735000	       872	80000d58	c4d40f23	sb	x13,-930(x8)	  x8:0x80008f57 x13:0x00000000 PA:0x80008bb5
        8745000	       873	80000d5c	c5e44183	lbu	x3,-930(x8)	  x8:0x80008f57  x3=0x00000000 PA:0x80008bb5
        8755000	       874	80000d60	c5e40083	lb	x1,-930(x8)	  x8:0x80008f57  x1=0x00000000 PA:0x80008bb5
        8765000	       875	80000d64	c5e40483	lb	x9,-930(x8)	  x8:0x80008f57  x9=0x00000000 PA:0x80008bb5
        8775000	       876	80000d68	c5240f23	sb	x18,-930(x8)	  x8:0x80008f57 x18:0x80009fc4 PA:0x80008bb5
        8785000	       877	80000d6c	be8b3513	sltiu	x10,x22,-1048	 x22:0x000004fc x10=0x00000001
        8795000	       878	80000d70	770cf7b7	lui	x15,0x770cf	 x15=0x770cf000
        8805000	       879	80000d74	014f0f33	add	x30,x30,x20	 x30:0x000000f8 x20:0x80008c0a x30=0x80008d02
        8815000	       880	80000d78	04287063	bgeu	x16,x2,80000db8	 x16:0xffffc796  x2:0x00000000
        8825000	       881	00000000	00000013	addi	x0,x0,0	  x0:0x00000000
        8835000	       882	80000db4	00000013	addi	x0,x0,0	  x0:0x00000000
        8845000	       883	80000db8	00bd8e63	beq	x27,x11,80000dd4	 x27:0xf8721000 x11:0x00000000
        8855000	       884	80000dbc	002cb433	sltu	x8,x25,x2	 x25:0x000027fe  x2:0x00000000  x8=0x00000000
        8865000	       885	80000dc0	dbd00d93	addi	x27,x0,-579	  x0:0x00000000 x27=0xfffffdbd
        8875000	       886	80000dc4	40915093	srai	x1,x2,0x9	  x2:0x00000000  x1=0x00000000
        8885000	       887	80000dc8	00ec32b3	sltu	x5,x24,x14	 x24:0xffffffca x14:0x00000000  x5=0x00000000
        8895000	       888	80000dcc	683f7113	andi	x2,x30,1667	 x30:0x80008d02  x2=0x00000402
        8905000	       889	80000dd0	41995593	srai	x11,x18,0x19	 x18:0x80009fc4 x11=0xffffffc0
        8915000	       890	80000dd4	02f45c63	bge	x8,x15,80000e0c	  x8:0x00000000 x15:0x770cf000
        8925000	       891	80000dd8	00d811b3	sll	x3,x16,x13	 x16:0xffffc796 x13:0x00000000  x3=0xffffc796
        8935000	       892	80000ddc	405adc13	srai	x24,x21,0x5	 x21:0x80009fdc x24=0xfc0004fe
        8945000	       893	80000de0	00af53b3	srl	x7,x30,x10	 x30:0x80008d02 x10:0x00000001  x7=0x40004681
        8955000	       894	80000de4	2a867113	andi	x2,x12,680	 x12:0x000027da  x2=0x00000288
        8965000	       895	80000de8	00000013	addi	x0,x0,0	  x0:0x00000000
        8975000	       896	80000dec	00224863	blt	x4,x2,80000dfc	  x4:0x80009f74  x2:0x00000288
        8985000	       897	00000000	00000013	addi	x0,x0,0	  x0:0x00000000
        8995000	       898	80000df8	00000013	addi	x0,x0,0	  x0:0x00000000
        9005000	       899	80000dfc	00000013	addi	x0,x0,0	  x0:0x00000000
        9015000	       900	80000e00	761b8d93	addi	x27,x23,1889	 x23:0x000000c1 x27=0x00000822
        9025000	       901	80000e04	017bdc93	srli	x25,x23,0x17	 x23:0x000000c1 x25=0x00000000
        9035000	       902	80000e08	70002e93	slti	x29,x0,1792	  x0:0x00000000 x29=0x00000001
        9045000	       903	80000e0c	019bbab3	sltu	x21,x23,x25	 x23:0x000000c1 x25:0x00000000 x21=0x00000000
        9055000	       904	80000e10	0084f633	and	x12,x9,x8	  x9:0x00000000  x8:0x00000000 x12=0x00000000
        9065000	       905	80000e14	df457f13	andi	x30,x10,-524	 x10:0x00000001 x30=0x00000000
        9075000	       906	80000e18	dd8fc693	xori	x13,x31,-552	 x31:0x48085d2c x13=0xb7f7a0f4
        9085000	       907	80000e1c	dbd7eab7	lui	x21,0xdbd7e	 x21=0xdbd7e000
        9095000	       908	80000e20	04591063	bne	x18,x5,80000e60	 x18:0x80009fc4  x5:0x00000000
        9105000	       909	00000000	00000013	addi	x0,x0,0	  x0:0x00000000
        9115000	       910	80000e5c	00000013	addi	x0,x0,0	  x0:0x00000000
        9125000	       911	80000e60	41c72e13	slti	x28,x14,1052	 x14:0x00000000 x28=0x00000001
        9135000	       912	80000e64	12a2f037	lui	x0,0x12a2f	
        9145000	       913	80000e68	001a81b3	add	x3,x21,x1	 x21:0xdbd7e000  x1:0x00000000  x3=0xdbd7e000
        9155000	       914	80000e6c	62d34313	xori	x6,x6,1581	  x6:0x00000000  x6=0x0000062d
        9165000	       915	80000e70	056fc663	blt	x31,x22,80000ebc	 x31:0x48085d2c x22:0x000004fc
        9175000	       916	80000e74	36a4ff93	andi	x31,x9,874	  x9:0x00000000 x31=0x00000000
        9185000	       917	80000e78	40d681b3	sub	x3,x13,x13	 x13:0xb7f7a0f4 x13:0xb7f7a0f4  x3=0x00000000
        9195000	       918	80000e7c	03b54463	blt	x10,x27,80000ea4	 x10:0x00000001 x27:0x00000822
        9205000	       919	00000000	00000013	addi	x0,x0,0	  x0:0x00000000
        9215000	       920	80000ea0	00000013	addi	x0,x0,0	  x0:0x00000000
        9225000	       921	80000ea4	a05e0a13	addi	x20,x28,-1531	 x28:0x00000001 x20=0xfffffa06
        9235000	       922	80000ea8	01b67333	and	x6,x12,x27	 x12:0x00000000 x27:0x00000822  x6=0x00000000
        9245000	       923	80000eac	017a3333	sltu	x6,x20,x23	 x20:0xfffffa06 x23:0x000000c1  x6=0x00000000
        9255000	       924	80000eb0	00995d13	srli	x26,x18,0x9	 x18:0x80009fc4 x26=0x0040004f
        9265000	       925	80000eb4	5e634993	xori	x19,x6,1510	  x6:0x00000000 x19=0x000005e6
        9275000	       926	80000eb8	40135993	srai	x19,x6,0x1	  x6:0x00000000 x19=0x00000000
        9285000	       927	80000ebc	503baf13	slti	x30,x23,1283	 x23:0x000000c1 x30=0x00000001
        9295000	       928	80000ec0	00cec7b3	xor	x15,x29,x12	 x29:0x00000001 x12:0x00000000 x15=0x00000001
        9305000	       929	80000ec4	7f237493	andi	x9,x6,2034	  x6:0x00000000  x9=0x00000000
        9315000	       930	80000ec8	014958b3	srl	x17,x18,x20	 x18:0x80009fc4 x20:0xfffffa06 x17=0x0200027f
        9325000	       931	80000ecc	01919263	bne	x3,x25,80000ed0	  x3:0x00000000 x25:0x00000000
        9335000	       932	80000ed0	5abee393	ori	x7,x29,1451	 x29:0x00000001  x7=0x000005ab
        9345000	       933	80000ed4	00b052b3	srl	x5,x0,x11	  x0:0x00000000 x11:0xffffffc0  x5=0x00000000
        9355000	       934	80000ed8	01991693	slli	x13,x18,0x19	 x18:0x80009fc4 x13=0x88000000
        9365000	       935	80000edc	0059cf33	xor	x30,x19,x5	 x19:0x00000000  x5:0x00000000 x30=0x00000000
        9375000	       936	80000ee0	8b1fb017	auipc	x0,0x8b1fb	
        9385000	       937	80000ee4	00a61463	bne	x12,x10,80000eec	 x12:0x00000000 x10:0x00000001
        9395000	       938	00000000	00000013	addi	x0,x0,0	  x0:0x00000000
        9405000	       939	80000ee8	00000013	addi	x0,x0,0	  x0:0x00000000
        9415000	       940	80000eec	a991b7b7	lui	x15,0xa991b	 x15=0xa991b000
        9425000	       941	80000ef0	01e36cb3	or	x25,x6,x30	  x6:0x00000000 x30:0x00000000 x25=0x00000000
        9435000	       942	80000ef4	00000013	addi	x0,x0,0	  x0:0x00000000
        9445000	       943	80000ef8	40bc82b3	sub	x5,x25,x11	 x25:0x00000000 x11:0xffffffc0  x5=0x00000040
        9455000	       944	80000efc	41cf82b3	sub	x5,x31,x28	 x31:0x00000000 x28:0x00000001  x5=0xffffffff
        9465000	       945	80000f00	032a1a63	bne	x20,x18,80000f34	 x20:0xfffffa06 x18:0x80009fc4
        9475000	       946	00000000	00000013	addi	x0,x0,0	  x0:0x00000000
        9485000	       947	80000f30	00000013	addi	x0,x0,0	  x0:0x00000000
        9495000	       948	80000f34	40365413	srai	x8,x12,0x3	 x12:0x00000000  x8=0x00000000
        9505000	       949	80000f38	019fd593	srli	x11,x31,0x19	 x31:0x00000000 x11=0x00000000
        9515000	       950	80000f3c	00b86e63	bltu	x16,x11,80000f58	 x16:0xffffc796 x11:0x00000000
        9525000	       951	80000f40	59bcab97	auipc	x23,0x59bca	 x23=0xd9bcaf3c
        9535000	       952	80000f44	5e7ccc93	xori	x25,x25,1511	 x25:0x00000000 x25=0x000005e7
        9545000	       953	80000f48	00d6ebb3	or	x23,x13,x13	 x13:0x88000000 x13:0x88000000 x23=0x88000000
        9555000	       954	80000f4c	014b1463	bne	x22,x20,80000f54	 x22:0x000004fc x20:0xfffffa06
        9565000	       955	00000000	00000013	addi	x0,x0,0	  x0:0x00000000
        9575000	       956	80000f50	00000013	addi	x0,x0,0	  x0:0x00000000
        9585000	       957	80000f54	00febcb3	sltu	x25,x29,x15	 x29:0x00000001 x15:0xa991b000 x25=0x00000001
        9595000	       958	80000f58	007d17b3	sll	x15,x26,x7	 x26:0x0040004f  x7:0x000005ab x15=0x00027800
        9605000	       959	80000f5c	01afab33	slt	x22,x31,x26	 x31:0x00000000 x26:0x0040004f x22=0x00000001
        9615000	       960	80000f60	00000013	addi	x0,x0,0	  x0:0x00000000
        9625000	       961	80000f64	0088dc13	srli	x24,x17,0x8	 x17:0x0200027f x24=0x00020002
        9635000	       962	80000f68	03820063	beq	x4,x24,80000f88	  x4:0x80009f74 x24:0x00020002
        9645000	       963	80000f6c	03568463	beq	x13,x21,80000f94	 x13:0x88000000 x21:0xdbd7e000
        9655000	       964	80000f70	2e567a93	andi	x21,x12,741	 x12:0x00000000 x21=0x00000000
        9665000	       965	80000f74	010bf433	and	x8,x23,x16	 x23:0x88000000 x16:0xffffc796  x8=0x88000000
        9675000	       966	80000f78	01f711b3	sll	x3,x14,x31	 x14:0x00000000 x31:0x00000000  x3=0x00000000
        9685000	       967	80000f7c	400d84b3	sub	x9,x27,x0	 x27:0x00000822  x0:0x00000000  x9=0x00000822
        9695000	       968	80000f80	d9416093	ori	x1,x2,-620	  x2:0x00000288  x1=0xffffff9c
        9705000	       969	80000f84	02128863	beq	x5,x1,80000fb4	  x5:0xffffffff  x1:0xffffff9c
        9715000	       970	80000f88	01f66bb3	or	x23,x12,x31	 x12:0x00000000 x31:0x00000000 x23=0x00000000
        9725000	       971	80000f8c	01855293	srli	x5,x10,0x18	 x10:0x00000001  x5=0x00000000
        9735000	       972	80000f90	00000013	addi	x0,x0,0	  x0:0x00000000
        9745000	       973	80000f94	6876f613	andi	x12,x13,1671	 x13:0x88000000 x12=0x00000000
        9755000	       974	80000f98	54eaf193	andi	x3,x21,1358	 x21:0x00000000  x3=0x00000000
        9765000	       975	80000f9c	5a4e04b7	lui	x9,0x5a4e0	  x9=0x5a4e0000
        9775000	       976	80000fa0	00d0b5b3	sltu	x11,x1,x13	  x1:0xffffff9c x13:0x88000000 x11=0x00000000
        9785000	       977	80000fa4	040ef263	bgeu	x29,x0,80000fe8	 x29:0x00000001  x0:0x00000000
        9795000	       978	00000000	00000013	addi	x0,x0,0	  x0:0x00000000
        9805000	       979	80000fe4	00000013	addi	x0,x0,0	  x0:0x00000000
        9815000	       980	80000fe8	00000013	addi	x0,x0,0	  x0:0x00000000
        9825000	       981	80000fec	4066d293	srai	x5,x13,0x6	 x13:0x88000000  x5=0xfe200000
        9835000	       982	80000ff0	4174d293	srai	x5,x9,0x17	  x9:0x5a4e0000  x5=0x000000b4
        9845000	       983	80000ff4	6ce48313	addi	x6,x9,1742	  x9:0x5a4e0000  x6=0x5a4e06ce
        9855000	       984	80000ff8	01082f33	slt	x30,x16,x16	 x16:0xffffc796 x16:0xffffc796 x30=0x00000000
        9865000	       985	80000ffc	022b8a63	beq	x23,x2,80001030	 x23:0x00000000  x2:0x00000288
        9875000	       986	80001000	0040e833	or	x16,x1,x4	  x1:0xffffff9c  x4:0x80009f74 x16=0xfffffffc
        9885000	       987	80001004	01ba0a33	add	x20,x20,x27	 x20:0xfffffa06 x27:0x00000822 x20=0x00000228
        9895000	       988	80001008	8cd8a793	slti	x15,x17,-1843	 x17:0x0200027f x15=0x00000000
        9905000	       989	8000100c	ac2ce493	ori	x9,x25,-1342	 x25:0x00000001  x9=0xfffffac3
        9915000	       990	80001010	40218133	sub	x2,x3,x2	  x3:0x00000000  x2:0x00000288  x2=0xfffffd78
        9925000	       991	80001014	011245b3	xor	x11,x4,x17	  x4:0x80009f74 x17:0x0200027f x11=0x82009d0b
        9935000	       992	80001018	00c46e33	or	x28,x8,x12	  x8:0x88000000 x12:0x00000000 x28=0x88000000
        9945000	       993	8000101c	012acd33	xor	x26,x21,x18	 x21:0x00000000 x18:0x80009fc4 x26=0x80009fc4
        9955000	       994	80001020	01708833	add	x16,x1,x23	  x1:0xffffff9c x23:0x00000000 x16=0xffffff9c
        9965000	       995	80001024	052d0863	beq	x26,x18,80001074	 x26:0x80009fc4 x18:0x80009fc4
        9975000	       996	00000000	00000013	addi	x0,x0,0	  x0:0x00000000
        9985000	       997	80001070	00000013	addi	x0,x0,0	  x0:0x00000000
        9995000	       998	80001074	40185f93	srai	x31,x16,0x1	 x16:0xffffff9c x31=0xffffffce
       10005000	       999	80001078	fe313537	lui	x10,0xfe313	 x10=0xfe313000
       10015000	      1000	8000107c	3e963f13	sltiu	x30,x12,1001	 x12:0x00000000 x30=0x00000001
       10025000	      1001	80001080	00ec4463	blt	x24,x14,80001088	 x24:0x00020002 x14:0x00000000
       10035000	      1002	80001084	86568517	auipc	x10,0x86568	 x10=0x06569080
       10045000	      1003	80001088	406fb593	sltiu	x11,x31,1030	 x31:0xffffffce x11=0x00000000
       10055000	      1004	8000108c	01dcfc33	and	x24,x25,x29	 x25:0x00000001 x29:0x00000001 x24=0x00000001
       10065000	      1005	80001090	0155d793	srli	x15,x11,0x15	 x11:0x00000000 x15=0x00000000
       10075000	      1006	80001094	415b0c33	sub	x24,x22,x21	 x22:0x00000001 x21:0x00000000 x24=0x00000001
       10085000	      1007	80001098	8e1a7113	andi	x2,x20,-1823	 x20:0x00000228  x2=0x00000020
       10095000	      1008	8000109c	00221833	sll	x16,x4,x2	  x4:0x80009f74  x2:0x00000020 x16=0x80009f74
       10105000	      1009	800010a0	02aaea63	bltu	x21,x10,800010d4	 x21:0x00000000 x10:0x06569080
       10115000	      1010	00000000	00000013	addi	x0,x0,0	  x0:0x00000000
       10125000	      1011	800010d0	00000013	addi	x0,x0,0	  x0:0x00000000
       10135000	      1012	800010d4	03ca6863	bltu	x20,x28,80001104	 x20:0x00000228 x28:0x88000000
       10145000	      1013	00000000	00000013	addi	x0,x0,0	  x0:0x00000000
       10155000	      1014	80001100	00000013	addi	x0,x0,0	  x0:0x00000000
       10165000	      1015	80001104	00b7aeb3	slt	x29,x15,x11	 x15:0x00000000 x11:0x00000000 x29=0x00000000
       10175000	      1016	80001108	41ec8133	sub	x2,x25,x30	 x25:0x00000001 x30:0x00000001  x2=0x00000000
       10185000	      1017	8000110c	405f56b3	sra	x13,x30,x5	 x30:0x00000001  x5:0x000000b4 x13=0x00000000
       10195000	      1018	80001110	03059a63	bne	x11,x16,80001144	 x11:0x00000000 x16:0x80009f74
       10205000	      1019	00000000	00000013	addi	x0,x0,0	  x0:0x00000000
       10215000	      1020	80001140	00000013	addi	x0,x0,0	  x0:0x00000000
       10225000	      1021	80001144	0155bbb3	sltu	x23,x11,x21	 x11:0x00000000 x21:0x00000000 x23=0x00000000
       10235000	      1022	80001148	19de1d17	auipc	x26,0x19de1	 x26=0x99de2144
       10245000	      1023	8000114c	8ca95e97	auipc	x29,0x8ca95	 x29=0x0ca96148
       10255000	      1024	80001150	048b4063	blt	x22,x8,80001190	 x22:0x00000001  x8:0x88000000
       10265000	      1025	80001154	853da637	lui	x12,0x853da	 x12=0x853da000
       10275000	      1026	80001158	0170fe33	and	x28,x1,x23	  x1:0xffffff9c x23:0x00000000 x28=0x00000000
       10285000	      1027	8000115c	f3d8a813	slti	x16,x17,-195	 x17:0x0200027f x16=0x00000000
       10295000	      1028	80001160	00c19b93	slli	x23,x3,0xc	  x3:0x00000000 x23=0x00000000
       10305000	      1029	80001164	05047063	bgeu	x8,x16,800011a4	  x8:0x88000000 x16:0x00000000
       10315000	      1030	00000000	00000013	addi	x0,x0,0	  x0:0x00000000
       10325000	      1031	800011a0	00000013	addi	x0,x0,0	  x0:0x00000000
       10335000	      1032	800011a4	80707437	lui	x8,0x80707	  x8=0x80707000
       10345000	      1033	800011a8	01a58d33	add	x26,x11,x26	 x11:0x00000000 x26:0x99de2144 x26=0x99de2144
       10355000	      1034	800011ac	00db3c33	sltu	x24,x22,x13	 x22:0x00000001 x13:0x00000000 x24=0x00000000
       10365000	      1035	800011b0	01c61eb3	sll	x29,x12,x28	 x12:0x853da000 x28:0x00000000 x29=0x853da000
       10375000	      1036	800011b4	40835133	sra	x2,x6,x8	  x6:0x5a4e06ce  x8:0x80707000  x2=0x5a4e06ce
       10385000	      1037	800011b8	4092d133	sra	x2,x5,x9	  x5:0x000000b4  x9:0xfffffac3  x2=0x00000016
       10395000	      1038	800011bc	015b7333	and	x6,x22,x21	 x22:0x00000001 x21:0x00000000  x6=0x00000000
       10405000	      1039	800011c0	00491693	slli	x13,x18,0x4	 x18:0x80009fc4 x13=0x0009fc40
       10415000	      1040	800011c4	00e607b7	lui	x15,0xe60	 x15=0x00e60000
       10425000	      1041	800011c8	4e532893	slti	x17,x6,1253	  x6:0x00000000 x17=0x00000001
       10435000	      1042	800011cc	006012b3	sll	x5,x0,x6	  x0:0x00000000  x6:0x00000000  x5=0x00000000
       10445000	      1043	800011d0	5d244313	xori	x6,x8,1490	  x8:0x80707000  x6=0x807075d2
       10455000	      1044	800011d4	009eea63	bltu	x29,x9,800011e8	 x29:0x853da000  x9:0xfffffac3
       10465000	      1045	00000000	00000013	addi	x0,x0,0	  x0:0x00000000
       10475000	      1046	800011e4	00000013	addi	x0,x0,0	  x0:0x00000000
       10485000	      1047	800011e8	41b8d5b3	sra	x11,x17,x27	 x17:0x00000001 x27:0x00000822 x11=0x00000000
       10495000	      1048	800011ec	0055aeb3	slt	x29,x11,x5	 x11:0x00000000  x5:0x00000000 x29=0x00000000
       10505000	      1049	800011f0	01650463	beq	x10,x22,800011f8	 x10:0x06569080 x22:0x00000001
       10515000	      1050	800011f4	01f3ec33	or	x24,x7,x31	  x7:0x000005ab x31:0xffffffce x24=0xffffffef
       10525000	      1051	800011f8	010c5613	srli	x12,x24,0x10	 x24:0xffffffef x12=0x0000ffff
       10535000	      1052	800011fc	048c5863	bge	x24,x8,8000124c	 x24:0xffffffef  x8:0x80707000
       10545000	      1053	00000000	00000013	addi	x0,x0,0	  x0:0x00000000
       10555000	      1054	80001248	00000013	addi	x0,x0,0	  x0:0x00000000
       10565000	      1055	8000124c	b2ae0f93	addi	x31,x28,-1238	 x28:0x00000000 x31=0xfffffb2a
       10575000	      1056	80001250	03574463	blt	x14,x21,80001278	 x14:0x00000000 x21:0x00000000
       10585000	      1057	80001254	cca1d897	auipc	x17,0xcca1d	 x17=0x4ca1e250
       10595000	      1058	80001258	02985a63	bge	x16,x9,8000128c	 x16:0x00000000  x9:0xfffffac3
       10605000	      1059	00000000	00000013	addi	x0,x0,0	  x0:0x00000000
       10615000	      1060	80001288	00000013	addi	x0,x0,0	  x0:0x00000000
       10625000	      1061	8000128c	00000013	addi	x0,x0,0	  x0:0x00000000
       10635000	      1062	80001290	254512b7	lui	x5,0x25451	  x5=0x25451000
       10645000	      1063	80001294	a94ac013	xori	x0,x21,-1388	 x21:0x00000000
       10655000	      1064	80001298	04ef5663	bge	x30,x14,800012e4	 x30:0x00000001 x14:0x00000000
       10665000	      1065	00000000	00000013	addi	x0,x0,0	  x0:0x00000000
       10675000	      1066	800012e0	00000013	addi	x0,x0,0	  x0:0x00000000
       10685000	      1067	800012e4	010b55b3	srl	x11,x22,x16	 x22:0x00000001 x16:0x00000000 x11=0x00000001
       10695000	      1068	800012e8	01be5093	srli	x1,x28,0x1b	 x28:0x00000000  x1=0x00000000
       10705000	      1069	800012ec	01785ab3	srl	x21,x16,x23	 x16:0x00000000 x23:0x00000000 x21=0x00000000
       10715000	      1070	800012f0	d39d22b7	lui	x5,0xd39d2	  x5=0xd39d2000
       10725000	      1071	800012f4	01b34033	xor	x0,x6,x27	  x6:0x807075d2 x27:0x00000822
       10735000	      1072	800012f8	53d43313	sltiu	x6,x8,1341	  x8:0x80707000  x6=0x00000000
       10745000	      1073	800012fc	b3b1aa37	lui	x20,0xb3b1a	 x20=0xb3b1a000
       10755000	      1074	80001300	00008417	auipc	x8,0x8	  x8=0x800092fc
       10765000	      1075	80001304	ca340413	addi	x8,x8,-861	  x8:0x800092fc  x8=0x80008f9f
       10775000	      1076	80001308	00315113	srli	x2,x2,0x3	  x2:0x00000016  x2=0x00000002
       10785000	      1077	8000130c	d3f00013	addi	x0,x0,-705	  x0:0x00000000
       10795000	      1078	80001310	ed640083	lb	x1,-298(x8)	  x8:0x80008f9f  x1=0x00000027 PA:0x80008e75
       10805000	      1079	80001314	54820c93	addi	x25,x4,1352	  x4:0x80009f74 x25=0x8000a4bc
       10815000	      1080	80001318	e6745103	lhu	x2,-409(x8)	  x8:0x80008f9f  x2=0x0000d2d2 PA:0x80008e06
       10825000	      1081	8000131c	01e77fb3	and	x31,x14,x30	 x14:0x00000000 x30:0x00000001 x31=0x00000000
       10835000	      1082	80001320	98e40483	lb	x9,-1650(x8)	  x8:0x80008f9f  x9=0x0000002f PA:0x8000892d
       10845000	      1083	80001324	fa440d23	sb	x4,-70(x8)	  x8:0x80008f9f  x4:0x80009f74 PA:0x80008f59
       10855000	      1084	80001328	53a20313	addi	x6,x4,1338	  x4:0x80009f74  x6=0x8000a4ae
       10865000	      1085	8000132c	eb69feb7	lui	x29,0xeb69f	 x29=0xeb69f000
       10875000	      1086	80001330	92940a23	sb	x9,-1740(x8)	  x8:0x80008f9f  x9:0x0000002f PA:0x800088d3
       10885000	      1087	80001334	2512e893	ori	x17,x5,593	  x5:0xd39d2000 x17=0xd39d2251
       10895000	      1088	80001338	c1c40603	lb	x12,-996(x8)	  x8:0x80008f9f x12=0x00000045 PA:0x80008bbb
       10905000	      1089	8000133c	01a35d33	srl	x26,x6,x26	  x6:0x8000a4ae x26:0x99de2144 x26=0x08000a4a
       10915000	      1090	80001340	b1440583	lb	x11,-1260(x8)	  x8:0x80008f9f x11=0xffffffd6 PA:0x80008ab3
       10925000	      1091	80001344	c1a40503	lb	x10,-998(x8)	  x8:0x80008f9f x10=0xffffffbc PA:0x80008bb9
       10935000	      1092	80001348	96540e23	sb	x5,-1668(x8)	  x8:0x80008f9f  x5:0xd39d2000 PA:0x8000891b
       10945000	      1093	8000134c	00000013	addi	x0,x0,0	  x0:0x00000000
       10955000	      1094	80001350	40ac5613	srai	x12,x24,0xa	 x24:0xffffffef x12=0xffffffff
       10965000	      1095	80001354	8dc40283	lb	x5,-1828(x8)	  x8:0x80008f9f  x5=0x0000002b PA:0x8000887b
       10975000	      1096	80001358	b9cd8793	addi	x15,x27,-1124	 x27:0x00000822 x15=0x000003be
       10985000	      1097	8000135c	00365293	srli	x5,x12,0x3	 x12:0xffffffff  x5=0x1fffffff
       10995000	      1098	80001360	6b6faf13	slti	x30,x31,1718	 x31:0x00000000 x30=0x00000001
       11005000	      1099	80001364	010fd613	srli	x12,x31,0x10	 x31:0x00000000 x12=0x00000000
       11015000	      1100	80001368	ca540023	sb	x5,-864(x8)	  x8:0x80008f9f  x5:0x1fffffff PA:0x80008c3f
       11025000	      1101	8000136c	f2e44603	lbu	x12,-210(x8)	  x8:0x80008f9f x12=0x00000079 PA:0x80008ecd
       11035000	      1102	80001370	a8a40583	lb	x11,-1398(x8)	  x8:0x80008f9f x11=0xffffff9e PA:0x80008a29
       11045000	      1103	80001374	98e40003	lb	x0,-1650(x8)	  x8:0x80008f9f PA:0x8000892d
       11055000	      1104	80001378	01d7a533	slt	x10,x15,x29	 x15:0x000003be x29:0xeb69f000 x10=0x00000000
       11065000	      1105	8000137c	cb187293	andi	x5,x16,-847	 x16:0x00000000  x5=0x00000000
       11075000	      1106	80001380	40af5413	srai	x8,x30,0xa	 x30:0x00000001  x8=0x00000000
       11085000	      1107	80001384	1087ad93	slti	x27,x15,264	 x15:0x000003be x27=0x00000000
       11095000	      1108	80001388	016cb1b3	sltu	x3,x25,x22	 x25:0x8000a4bc x22:0x00000001  x3=0x00000000
       11105000	      1109	8000138c	00007a17	auipc	x20,0x7	 x20=0x80008388
       11115000	      1110	80001390	4aaa0a13	addi	x20,x20,1194	 x20:0x80008388 x20=0x80008832
       11125000	      1111	80001394	71300193	addi	x3,x0,1811	  x0:0x00000000  x3=0x00000713
       11135000	      1112	80001398	ffca4883	lbu	x17,-4(x20)	 x20:0x80008832 x17=0x00000013 PA:0x8000882e
       11145000	      1113	8000139c	ffca1e03	lh	x28,-4(x20)	 x20:0x80008832 x28=0x00002613 PA:0x8000882e
       11155000	      1114	800013a0	ff1a0e23	sb	x17,-4(x20)	 x20:0x80008832 x17:0x00000013 PA:0x8000882e
       11165000	      1115	800013a4	ff2a1183	lh	x3,-14(x20)	 x20:0x80008832  x3=0xffff842e PA:0x80008824
       11175000	      1116	800013a8	01a01c33	sll	x24,x0,x26	  x0:0x00000000 x26:0x08000a4a x24=0x00000000
       11185000	      1117	800013ac	00000013	addi	x0,x0,0	  x0:0x00000000
       11195000	      1118	800013b0	ff3a4483	lbu	x9,-13(x20)	 x20:0x80008832  x9=0x00000084 PA:0x80008825
       11205000	      1119	800013b4	fe4a09a3	sb	x4,-13(x20)	 x20:0x80008832  x4:0x80009f74 PA:0x80008825
       11215000	      1120	800013b8	ff2a0da3	sb	x18,-5(x20)	 x20:0x80008832 x18:0x80009fc4 PA:0x8000882d
       11225000	      1121	800013bc	ffba0e83	lb	x29,-5(x20)	 x20:0x80008832 x29=0xffffffc4 PA:0x8000882d
       11235000	      1122	800013c0	008a4e03	lbu	x28,8(x20)	 x20:0x80008832 x28=0x00000049 PA:0x8000883a
       11245000	      1123	800013c4	003a4383	lbu	x7,3(x20)	 x20:0x80008832  x7=0x000000e0 PA:0x80008835
       11255000	      1124	800013c8	009a4a83	lbu	x21,9(x20)	 x20:0x80008832 x21=0x000000d0 PA:0x8000883b
       11265000	      1125	800013cc	00fa0f03	lb	x30,15(x20)	 x20:0x80008832 x30=0xffffffca PA:0x80008841
       11275000	      1126	800013d0	ff1a4f83	lbu	x31,-15(x20)	 x20:0x80008832 x31=0x0000005a PA:0x80008823
       11285000	      1127	800013d4	ff5a2f23	sw	x21,-2(x20)	 x20:0x80008832 x21:0x000000d0 PA:0x80008830
       11295000	      1128	800013d8	ff0a2f23	sw	x16,-2(x20)	 x20:0x80008832 x16:0x00000000 PA:0x80008830
       11305000	      1129	800013dc	01f95293	srli	x5,x18,0x1f	 x18:0x80009fc4  x5=0x00000001
       11315000	      1130	800013e0	ff7a0503	lb	x10,-9(x20)	 x20:0x80008832 x10=0x0000004d PA:0x80008829
       11325000	      1131	800013e4	0056fb33	and	x22,x13,x5	 x13:0x0009fc40  x5:0x00000001 x22=0x00000000
       11335000	      1132	800013e8	01ef9633	sll	x12,x31,x30	 x31:0x0000005a x30:0xffffffca x12=0x00016800
       11345000	      1133	800013ec	18c9f093	andi	x1,x19,396	 x19:0x00000000  x1=0x00000000
       11355000	      1134	800013f0	05967263	bgeu	x12,x25,80001434	 x12:0x00016800 x25:0x8000a4bc
       11365000	      1135	800013f4	05fae063	bltu	x21,x31,80001434	 x21:0x000000d0 x31:0x0000005a
       11375000	      1136	800013f8	00ff3c33	sltu	x24,x30,x15	 x30:0xffffffca x15:0x000003be x24=0x00000000
       11385000	      1137	800013fc	009b19b3	sll	x19,x22,x9	 x22:0x00000000  x9:0x00000084 x19=0x00000000
       11395000	      1138	80001400	00599013	slli	x0,x19,0x5	 x19:0x00000000
       11405000	      1139	80001404	0055d1b3	srl	x3,x11,x5	 x11:0xffffff9e  x5:0x00000001  x3=0x7fffffcf
       11415000	      1140	80001408	40f20ab3	sub	x21,x4,x15	  x4:0x80009f74 x15:0x000003be x21=0x80009bb6
       11425000	      1141	8000140c	01c89813	slli	x16,x17,0x1c	 x17:0x00000013 x16=0x30000000
       11435000	      1142	80001410	00637bb3	and	x23,x6,x6	  x6:0x8000a4ae  x6:0x8000a4ae x23=0x8000a4ae
       11445000	      1143	80001414	005279b3	and	x19,x4,x5	  x4:0x80009f74  x5:0x00000001 x19=0x00000000
       11455000	      1144	80001418	00c6d813	srli	x16,x13,0xc	 x13:0x0009fc40 x16=0x0000009f
       11465000	      1145	8000141c	02a81063	bne	x16,x10,8000143c	 x16:0x0000009f x10:0x0000004d
       11475000	      1146	00000000	00000013	addi	x0,x0,0	  x0:0x00000000
       11485000	      1147	80001438	00000013	addi	x0,x0,0	  x0:0x00000000
       11495000	      1148	8000143c	00a74263	blt	x14,x10,80001440	 x14:0x00000000 x10:0x0000004d
       11505000	      1149	00000000	00000013	addi	x0,x0,0	  x0:0x00000000
       11515000	      1150	8000143c	00000013	addi	x0,x0,0	  x0:0x00000000
       11525000	      1151	80001440	40225c13	srai	x24,x4,0x2	  x4:0x80009f74 x24=0xe00027dd
       11535000	      1152	80001444	5b30a693	slti	x13,x1,1459	  x1:0x00000000 x13=0x00000001
       11545000	      1153	80001448	41825e93	srai	x29,x4,0x18	  x4:0x80009f74 x29=0xffffff80
       11555000	      1154	8000144c	01b1d5b3	srl	x11,x3,x27	  x3:0x7fffffcf x27:0x00000000 x11=0x7fffffcf
       11565000	      1155	80001450	003cd033	srl	x0,x25,x3	 x25:0x8000a4bc  x3:0x7fffffcf
       11575000	      1156	80001454	01fb5db3	srl	x27,x22,x31	 x22:0x00000000 x31:0x0000005a x27=0x00000000
       11585000	      1157	80001458	01af36b3	sltu	x13,x30,x26	 x30:0xffffffca x26:0x08000a4a x13=0x00000000
       11595000	      1158	8000145c	31de3417	auipc	x8,0x31de3	  x8=0xb1de4458
       11605000	      1159	80001460	d3a97a93	andi	x21,x18,-710	 x18:0x80009fc4 x21=0x80009d00
       11615000	      1160	80001464	22612c13	slti	x24,x2,550	  x2:0x0000d2d2 x24=0x00000000
       11625000	      1161	80001468	04eaf063	bgeu	x21,x14,800014a8	 x21:0x80009d00 x14:0x00000000
       11635000	      1162	00000000	00000013	addi	x0,x0,0	  x0:0x00000000
       11645000	      1163	800014a4	00000013	addi	x0,x0,0	  x0:0x00000000
       11655000	      1164	800014a8	0108aa33	slt	x20,x17,x16	 x17:0x00000013 x16:0x0000009f x20=0x00000001
       11665000	      1165	800014ac	00422303	lw	x6,4(x4)	  x4:0x80009f74  x6=0x8000016c PA:0x80009f78
       11675000	      1166	800014b0	01b2b4b3	sltu	x9,x5,x27	  x5:0x00000001 x27:0x00000000  x9=0x00000000
       11685000	      1167	800014b4	09162893	slti	x17,x12,145	 x12:0x00016800 x17=0x00000000
       11695000	      1168	800014b8	00000013	addi	x0,x0,0	  x0:0x00000000
       11705000	      1169	800014bc	01020213	addi	x4,x4,16	  x4:0x80009f74  x4=0x80009f84
       11715000	      1170	800014c0	00f571b3	and	x3,x10,x15	 x10:0x0000004d x15:0x000003be  x3=0x0000000c
       11725000	      1171	800014c4	00130893	addi	x17,x6,1	  x6:0x8000016c x17=0x8000016d
       11735000	      1172	800014c8	000888e7	jalr	x17,x17,0	 x17:0x8000016d x17=0x800014c8
       11745000	      1173	00000000	00000013	addi	x0,x0,0	  x0:0x00000000
       11755000	      1174	8000016c	00000013	addi	x0,x0,0	  x0:0x00000000
       11765000	      1175	80000170	00008897	auipc	x17,0x8	 x17=0x8000816c
       11775000	      1176	80000174	5db88893	addi	x17,x17,1499	 x17:0x8000816c x17=0x80008747
       11785000	      1177	80000178	ffc88d23	sb	x28,-6(x17)	 x17:0x80008747 x28:0x00000049 PA:0x80008741
       11795000	      1178	8000017c	00000013	addi	x0,x0,0	  x0:0x00000000
       11805000	      1179	80000180	ffa8c283	lbu	x5,-6(x17)	 x17:0x80008747  x5=0x00000049 PA:0x80008741
       11815000	      1180	80000184	000d3a33	sltu	x20,x26,x0	 x26:0x08000a4a  x0:0x00000000 x20=0x00000000
       11825000	      1181	80000188	fe388d23	sb	x3,-6(x17)	 x17:0x80008747  x3:0x0000000c PA:0x80008741
       11835000	      1182	8000018c	ffa8c683	lbu	x13,-6(x17)	 x17:0x80008747 x13=0x0000000c PA:0x80008741
       11845000	      1183	80000190	ffa8c383	lbu	x7,-6(x17)	 x17:0x80008747  x7=0x0000000c PA:0x80008741
       11855000	      1184	80000194	00e43533	sltu	x10,x8,x14	  x8:0xb1de4458 x14:0x00000000 x10=0x00000000
       11865000	      1185	80000198	ff288d23	sb	x18,-6(x17)	 x17:0x80008747 x18:0x80009fc4 PA:0x80008741
       11875000	      1186	8000019c	fe988823	sb	x9,-16(x17)	 x17:0x80008747  x9:0x00000000 PA:0x80008737
       11885000	      1187	800001a0	fee88823	sb	x14,-16(x17)	 x17:0x80008747 x14:0x00000000 PA:0x80008737
       11895000	      1188	800001a4	ff08cc03	lbu	x24,-16(x17)	 x17:0x80008747 x24=0x00000000 PA:0x80008737
       11905000	      1189	800001a8	feb88823	sb	x11,-16(x17)	 x17:0x80008747 x11:0x7fffffcf PA:0x80008737
       11915000	      1190	800001ac	ff08c283	lbu	x5,-16(x17)	 x17:0x80008747  x5=0x000000cf PA:0x80008737
       11925000	      1191	800001b0	ff08ca83	lbu	x21,-16(x17)	 x17:0x80008747 x21=0x000000cf PA:0x80008737
       11935000	      1192	800001b4	fe788823	sb	x7,-16(x17)	 x17:0x80008747  x7:0x0000000c PA:0x80008737
       11945000	      1193	800001b8	00a887a3	sb	x10,15(x17)	 x17:0x80008747 x10:0x00000000 PA:0x80008756
       11955000	      1194	800001bc	18b67393	andi	x7,x12,395	 x12:0x00016800  x7=0x00000000
       11965000	      1195	800001c0	00f89e83	lh	x29,15(x17)	 x17:0x80008747 x29=0x00003800 PA:0x80008756
       11975000	      1196	800001c4	00e88c03	lb	x24,14(x17)	 x17:0x80008747 x24=0x0000004e PA:0x80008755
       11985000	      1197	800001c8	00e8c283	lbu	x5,14(x17)	 x17:0x80008747  x5=0x0000004e PA:0x80008755
       11995000	      1198	800001cc	00e8c503	lbu	x10,14(x17)	 x17:0x80008747 x10=0x0000004e PA:0x80008755
       12005000	      1199	800001d0	c2830e13	addi	x28,x6,-984	  x6:0x8000016c x28=0x7ffffd94
       12015000	      1200	800001d4	00b71493	slli	x9,x14,0xb	 x14:0x00000000  x9=0x00000000
       12025000	      1201	800001d8	01dcc433	xor	x8,x25,x29	 x25:0x8000a4bc x29:0x00003800  x8=0x80009cbc
       12035000	      1202	800001dc	00e8ce83	lbu	x29,14(x17)	 x17:0x80008747 x29=0x0000004e PA:0x80008755
       12045000	      1203	800001e0	01b884a3	sb	x27,9(x17)	 x17:0x80008747 x27:0x00000000 PA:0x80008750
       12055000	      1204	800001e4	00008817	auipc	x16,0x8	 x16=0x800081e0
       12065000	      1205	800001e8	ece80813	addi	x16,x16,-306	 x16:0x800081e0 x16=0x800080ae
       12075000	      1206	800001ec	fdf81423	sh	x31,-56(x16)	 x16:0x800080ae x31:0x0000005a PA:0x80008076
       12085000	      1207	800001f0	015eda33	srl	x20,x29,x21	 x29:0x0000004e x21:0x000000cf x20=0x00000000
       12095000	      1208	800001f4	002804a3	sb	x2,9(x16)	 x16:0x800080ae  x2:0x0000d2d2 PA:0x800080b7
       12105000	      1209	800001f8	01381323	sh	x19,6(x16)	 x16:0x800080ae x19:0x00000000 PA:0x800080b4
       12115000	      1210	800001fc	01c80323	sb	x28,6(x16)	 x16:0x800080ae x28:0x7ffffd94 PA:0x800080b4
       12125000	      1211	80000200	01280323	sb	x18,6(x16)	 x16:0x800080ae x18:0x80009fc4 PA:0x800080b4
       12135000	      1212	80000204	00680183	lb	x3,6(x16)	 x16:0x800080ae  x3=0xffffffc4 PA:0x800080b4
       12145000	      1213	80000208	ffe84b83	lbu	x23,-2(x16)	 x16:0x800080ae x23=0x00000034 PA:0x800080ac
       12155000	      1214	8000020c	00b2beb3	sltu	x29,x5,x11	  x5:0x0000004e x11:0x7fffffcf x29=0x00000001
       12165000	      1215	80000210	fe3803a3	sb	x3,-25(x16)	 x16:0x800080ae  x3:0xffffffc4 PA:0x80008095
       12175000	      1216	80000214	00b84583	lbu	x11,11(x16)	 x16:0x800080ae x11=0x000000e9 PA:0x800080b9
       12185000	      1217	80000218	02984303	lbu	x6,41(x16)	 x16:0x800080ae  x6=0x000000ed PA:0x800080d7
       12195000	      1218	8000021c	00c82723	sw	x12,14(x16)	 x16:0x800080ae x12:0x00016800 PA:0x800080bc
       12205000	      1219	80000220	00e81603	lh	x12,14(x16)	 x16:0x800080ae x12=0x00006800 PA:0x800080bc
       12215000	      1220	00000000	00000013	addi	x0,x0,0	  x0:0x00000000
       12225000	      1221	80000224	fcc85303	lhu	x6,-52(x16)	 x16:0x800080ae  x6=0x00007ce9 PA:0x8000807a
       12235000	      1222	80000228	03380da3	sb	x19,59(x16)	 x16:0x800080ae x19:0x00000000 PA:0x800080e9
       12245000	      1223	8000022c	03b84a83	lbu	x21,59(x16)	 x16:0x800080ae x21=0x00000000 PA:0x800080e9
       12255000	      1224	80000230	fde81d03	lh	x26,-34(x16)	 x16:0x800080ae x26=0x000022a2 PA:0x8000808c
       12265000	      1225	80000234	ff984b83	lbu	x23,-7(x16)	 x16:0x800080ae x23=0x000000b4 PA:0x800080a7
       12275000	      1226	80000238	00008b97	auipc	x23,0x8	 x23=0x80008234
       12285000	      1227	8000023c	007b8b93	addi	x23,x23,7	 x23:0x80008234 x23=0x8000823b
       12295000	      1228	80000240	3a42b837	lui	x16,0x3a42b	 x16=0x3a42b000
       12305000	      1229	80000244	ffbbc583	lbu	x11,-5(x23)	 x23:0x8000823b x11=0x00000042 PA:0x80008236
       12315000	      1230	80000248	01fdfb33	and	x22,x27,x31	 x27:0x00000000 x31:0x0000005a x22=0x00000000
       12325000	      1231	8000024c	ffabcd83	lbu	x27,-6(x23)	 x23:0x8000823b x27=0x000000d8 PA:0x80008235
       12335000	      1232	00000000	00000013	addi	x0,x0,0	  x0:0x00000000
       12345000	      1233	80000250	a01dde37	lui	x28,0xa01dd	 x28=0xa01dd000
       12355000	      1234	80000254	0cc04337	lui	x6,0xcc04	  x6=0x0cc04000
       12365000	      1235	80000258	008bcf03	lbu	x30,8(x23)	 x23:0x8000823b x30=0x00000017 PA:0x80008243
       12375000	      1236	8000025c	01b29d13	slli	x26,x5,0x1b	  x5:0x0000004e x26=0x70000000
       12385000	      1237	80000260	41598db3	sub	x27,x19,x21	 x19:0x00000000 x21:0x00000000 x27=0x00000000
       12395000	      1238	80000264	ff1b8e03	lb	x28,-15(x23)	 x23:0x8000823b x28=0xffffff91 PA:0x8000822c
       12405000	      1239	80000268	00aad493	srli	x9,x21,0xa	 x21:0x00000000  x9=0x00000000
       12415000	      1240	8000026c	404250b3	sra	x1,x4,x4	  x4:0x80009f84  x4:0x80009f84  x1=0xf80009f8
       12425000	      1241	80000270	00e17433	and	x8,x2,x14	  x2:0x0000d2d2 x14:0x00000000  x8=0x00000000
       12435000	      1242	80000274	00000013	addi	x0,x0,0	  x0:0x00000000
       12445000	      1243	80000278	005b8323	sb	x5,6(x23)	 x23:0x8000823b  x5:0x0000004e PA:0x80008241
       12455000	      1244	8000027c	40518133	sub	x2,x3,x5	  x3:0xffffffc4  x5:0x0000004e  x2=0xffffff76
       12465000	      1245	80000280	de130d93	addi	x27,x6,-543	  x6:0x0cc04000 x27=0x0cc03de1
       12475000	      1246	80000284	010bc803	lbu	x16,16(x23)	 x23:0x8000823b x16=0x0000002c PA:0x8000824b
       12485000	      1247	80000288	01b09a13	slli	x20,x1,0x1b	  x1:0xf80009f8 x20=0xc0000000
       12495000	      1248	8000028c	a944c293	xori	x5,x9,-1388	  x9:0x00000000  x5=0xfffffa94
       12505000	      1249	80000290	012b8623	sb	x18,12(x23)	 x23:0x8000823b x18:0x80009fc4 PA:0x80008247
       12515000	      1250	80000294	ffebc483	lbu	x9,-2(x23)	 x23:0x8000823b  x9=0x000000d0 PA:0x80008239
       12525000	      1251	80000298	fe3b9da3	sh	x3,-5(x23)	 x23:0x8000823b  x3:0xffffffc4 PA:0x80008236
       12535000	      1252	8000029c	017b90a3	sh	x23,1(x23)	 x23:0x8000823b x23:0x8000823b PA:0x8000823c
       12545000	      1253	800002a0	febb8a23	sb	x11,-12(x23)	 x23:0x8000823b x11:0x00000042 PA:0x8000822f
       12555000	      1254	800002a4	000b85a3	sb	x0,11(x23)	 x23:0x8000823b  x0:0x00000000 PA:0x80008246
       12565000	      1255	800002a8	01eb8123	sb	x30,2(x23)	 x23:0x8000823b x30:0x00000017 PA:0x8000823d
       12575000	      1256	800002ac	00008117	auipc	x2,0x8	  x2=0x800082a8
       12585000	      1257	800002b0	60f10113	addi	x2,x2,1551	  x2:0x800082a8  x2=0x800088b7
       12595000	      1258	800002b4	ff014403	lbu	x8,-16(x2)	  x2:0x800088b7  x8=0x000000a3 PA:0x800088a7
       12605000	      1259	800002b8	5e302e13	slti	x28,x0,1507	  x0:0x00000000 x28=0x00000001
       12615000	      1260	800002bc	00000013	addi	x0,x0,0	  x0:0x00000000
       12625000	      1261	800002c0	fc1106a3	sb	x1,-51(x2)	  x2:0x800088b7  x1:0xf80009f8 PA:0x80008884
       12635000	      1262	800002c4	00514783	lbu	x15,5(x2)	  x2:0x800088b7 x15=0x000000da PA:0x800088bc
       12645000	      1263	800002c8	018b1893	slli	x17,x22,0x18	 x22:0x00000000 x17=0x00000000
       12655000	      1264	800002cc	fcd15b03	lhu	x22,-51(x2)	  x2:0x800088b7 x22=0x000042f8 PA:0x80008884
       12665000	      1265	800002d0	092caa13	slti	x20,x25,146	 x25:0x8000a4bc x20=0x00000001
       12675000	      1266	800002d4	fe010423	sb	x0,-24(x2)	  x2:0x800088b7  x0:0x00000000 PA:0x8000889f
       12685000	      1267	800002d8	03a14483	lbu	x9,58(x2)	  x2:0x800088b7  x9=0x000000b4 PA:0x800088f1
       12695000	      1268	800002dc	412205b3	sub	x11,x4,x18	  x4:0x80009f84 x18:0x80009fc4 x11=0xffffffc0
       12705000	      1269	800002e0	fef14483	lbu	x9,-17(x2)	  x2:0x800088b7  x9=0x00000026 PA:0x800088a6
       12715000	      1270	800002e4	03510283	lb	x5,53(x2)	  x2:0x800088b7  x5=0x0000007a PA:0x800088ec
       12725000	      1271	800002e8	00ae9a93	slli	x21,x29,0xa	 x29:0x00000001 x21=0x00000400
       12735000	      1272	800002ec	0d39e893	ori	x17,x19,211	 x19:0x00000000 x17=0x000000d3
       12745000	      1273	800002f0	02414583	lbu	x11,36(x2)	  x2:0x800088b7 x11=0x00000000 PA:0x800088db
       12755000	      1274	800002f4	fc910fa3	sb	x9,-33(x2)	  x2:0x800088b7  x9:0x00000026 PA:0x80008896
       12765000	      1275	800002f8	625cf493	andi	x9,x25,1573	 x25:0x8000a4bc  x9=0x00000424
       12775000	      1276	800002fc	fba28b93	addi	x23,x5,-70	  x5:0x0000007a x23=0x00000034
       12785000	      1277	80000300	4e323b93	sltiu	x23,x4,1251	  x4:0x80009f84 x23=0x00000000
       12795000	      1278	80000304	fc111803	lh	x16,-63(x2)	  x2:0x800088b7 x16=0x0000623a PA:0x80008878
       12805000	      1279	80000308	4091d7b3	sra	x15,x3,x9	  x3:0xffffffc4  x9:0x00000424 x15=0xfffffffc
       12815000	      1280	8000030c	0b6d2293	slti	x5,x26,182	 x26:0x70000000  x5=0x00000000
       12825000	      1281	80000310	a4b00393	addi	x7,x0,-1461	  x0:0x00000000  x7=0xfffffa4b
       12835000	      1282	80000314	02315003	lhu	x0,35(x2)	  x2:0x800088b7 PA:0x800088da
       12845000	      1283	80000318	41a1ddb3	sra	x27,x3,x26	  x3:0xffffffc4 x26:0x70000000 x27=0xffffffc4
       12855000	      1284	8000031c	fe115883	lhu	x17,-31(x2)	  x2:0x800088b7 x17=0x0000071c PA:0x80008898
       12865000	      1285	80000320	e0c9ad13	slti	x26,x19,-500	 x19:0x00000000 x26=0x00000000
       12875000	      1286	80000324	fe010823	sb	x0,-16(x2)	  x2:0x800088b7  x0:0x00000000 PA:0x800088a7
       12885000	      1287	80000328	ffa82b37	lui	x22,0xffa82	 x22=0xffa82000
       12895000	      1288	8000032c	03911983	lh	x19,57(x2)	  x2:0x800088b7 x19=0xffffb45b PA:0x800088f0
       12905000	      1289	80000330	b1a3c993	xori	x19,x7,-1254	  x7:0xfffffa4b x19=0x00000151
       12915000	      1290	80000334	014ba833	slt	x16,x23,x20	 x23:0x00000000 x20:0x00000001 x16=0x00000001
       12925000	      1291	80000338	ff010f83	lb	x31,-16(x2)	  x2:0x800088b7 x31=0x00000000 PA:0x800088a7
       12935000	      1292	8000033c	fed101a3	sb	x13,-29(x2)	  x2:0x800088b7 x13:0x0000000c PA:0x8000889a
       12945000	      1293	80000340	d2933b13	sltiu	x22,x6,-727	  x6:0x0cc04000 x22=0x00000001
       12955000	      1294	80000344	02714483	lbu	x9,39(x2)	  x2:0x800088b7  x9=0x00000051 PA:0x800088de
       12965000	      1295	80000348	03310023	sb	x19,32(x2)	  x2:0x800088b7 x19:0x00000151 PA:0x800088d7
       12975000	      1296	8000034c	2a9ba493	slti	x9,x23,681	 x23:0x00000000  x9=0x00000001
       12985000	      1297	80000350	03611ea3	sh	x22,61(x2)	  x2:0x800088b7 x22:0x00000001 PA:0x800088f4
       12995000	      1298	80000354	fc214183	lbu	x3,-62(x2)	  x2:0x800088b7  x3=0x00000062 PA:0x80008879
       13005000	      1299	80000358	01015d13	srli	x26,x2,0x10	  x2:0x800088b7 x26=0x00008000
       13015000	      1300	8000035c	01615633	srl	x12,x2,x22	  x2:0x800088b7 x22:0x00000001 x12=0x4000445b
       13025000	      1301	80000360	01914983	lbu	x19,25(x2)	  x2:0x800088b7 x19=0x00000035 PA:0x800088d0
       13035000	      1302	80000364	01a8d493	srli	x9,x17,0x1a	 x17:0x0000071c  x9=0x00000000
       13045000	      1303	80000368	00d126a3	sw	x13,13(x2)	  x2:0x800088b7 x13:0x0000000c PA:0x800088c4
       13055000	      1304	8000036c	008c2f33	slt	x30,x24,x8	 x24:0x0000004e  x8:0x000000a3 x30=0x00000001
       13065000	      1305	80000370	01511603	lh	x12,21(x2)	  x2:0x800088b7 x12=0xffffeb76 PA:0x800088cc
       13075000	      1306	80000374	00410a83	lb	x21,4(x2)	  x2:0x800088b7 x21=0x0000004f PA:0x800088bb
       13085000	      1307	80000378	00009417	auipc	x8,0x9	  x8=0x80009374
       13095000	      1308	8000037c	97640413	addi	x8,x8,-1674	  x8:0x80009374  x8=0x80008cea
       13105000	      1309	80000380	00009517	auipc	x10,0x9	 x10=0x8000937c
       13115000	      1310	80000384	b0c50513	addi	x10,x10,-1268	 x10:0x8000937c x10=0x80008e88
       13125000	      1311	80000388	00008d17	auipc	x26,0x8	 x26=0x80008384
       13135000	      1312	8000038c	7a6d0d13	addi	x26,x26,1958	 x26:0x80008384 x26=0x80008b2a
       13145000	      1313	80000390	c0344783	lbu	x15,-1021(x8)	  x8:0x80008cea x15=0x0000006f PA:0x800088ed
       13155000	      1314	80000394	fa740923	sb	x7,-78(x8)	  x8:0x80008cea  x7:0xfffffa4b PA:0x80008c9c
       13165000	      1315	80000398	e9a42783	lw	x15,-358(x8)	  x8:0x80008cea x15=0xa1a80d2f PA:0x80008b84
       13175000	      1316	8000039c	00ad2083	lw	x1,10(x26)	 x26:0x80008b2a  x1=0x74008d1b PA:0x80008b34
       13185000	      1317	800003a0	f4354883	lbu	x17,-189(x10)	 x10:0x80008e88 x17=0x000000b7 PA:0x80008dcb
       13195000	      1318	800003a4	f5d50c03	lb	x24,-163(x10)	 x10:0x80008e88 x24=0x0000000b PA:0x80008de5
       13205000	      1319	800003a8	c3d40fa3	sb	x29,-961(x8)	  x8:0x80008cea x29:0x00000001 PA:0x80008929
       13215000	      1320	800003ac	ffdd0683	lb	x13,-3(x26)	 x26:0x80008b2a x13=0x00000077 PA:0x80008b27
       13225000	      1321	800003b0	fc144483	lbu	x9,-63(x8)	  x8:0x80008cea  x9=0x000000ab PA:0x80008cab
       13235000	      1322	800003b4	ff9d0c03	lb	x24,-7(x26)	 x26:0x80008b2a x24=0x00000044 PA:0x80008b23
       13245000	      1323	800003b8	f40501a3	sb	x0,-189(x10)	 x10:0x80008e88  x0:0x00000000 PA:0x80008dcb
       13255000	      1324	800003bc	0d641783	lh	x15,214(x8)	  x8:0x80008cea x15=0x000063fe PA:0x80008dc0
       13265000	      1325	800003c0	03954483	lbu	x9,57(x10)	 x10:0x80008e88  x9=0x0000009a PA:0x80008ec1
       13275000	      1326	800003c4	02651f03	lh	x30,38(x10)	 x10:0x80008e88 x30=0xffffc782 PA:0x80008eae
       13285000	      1327	800003c8	fdf40aa3	sb	x31,-43(x8)	  x8:0x80008cea x31:0x00000000 PA:0x80008cbf
       13295000	      1328	800003cc	00ed4603	lbu	x12,14(x26)	 x26:0x80008b2a x12=0x00000058 PA:0x80008b38
       13305000	      1329	800003d0	1a740603	lb	x12,423(x8)	  x8:0x80008cea x12=0x00000050 PA:0x80008e91
       13315000	      1330	800003d4	f2f54483	lbu	x9,-209(x10)	 x10:0x80008e88  x9=0x000000e0 PA:0x80008db7
       13325000	      1331	800003d8	c6c409a3	sb	x12,-909(x8)	  x8:0x80008cea x12:0x00000050 PA:0x8000895d
       13335000	      1332	800003dc	13c40ca3	sb	x28,313(x8)	  x8:0x80008cea x28:0x00000001 PA:0x80008e23
       13345000	      1333	800003e0	00bd0123	sb	x11,2(x26)	 x26:0x80008b2a x11:0x00000000 PA:0x80008b2c
       13355000	      1334	800003e4	008d5a83	lhu	x21,8(x26)	 x26:0x80008b2a x21=0x00009206 PA:0x80008b32
       13365000	      1335	800003e8	00e55c83	lhu	x25,14(x10)	 x10:0x80008e88 x25=0x000016d2 PA:0x80008e96
       13375000	      1336	800003ec	005d4483	lbu	x9,5(x26)	 x26:0x80008b2a  x9=0x000000e1 PA:0x80008b2f
       13385000	      1337	800003f0	002d2b03	lw	x22,2(x26)	 x26:0x80008b2a x22=0xe1370400 PA:0x80008b2c
       13395000	      1338	800003f4	00fd0303	lb	x6,15(x26)	 x26:0x80008b2a  x6=0xffffffb6 PA:0x80008b39
       13405000	      1339	800003f8	f672bb13	sltiu	x22,x5,-153	  x5:0x00000000 x22=0x00000001
       13415000	      1340	800003fc	013d2133	slt	x2,x26,x19	 x26:0x80008b2a x19:0x00000035  x2=0x00000001
       13425000	      1341	80000400	015a5493	srli	x9,x20,0x15	 x20:0x00000001  x9=0x00000000
       13435000	      1342	80000404	01ed9663	bne	x27,x30,80000410	 x27:0xffffffc4 x30:0xffffc782
       13445000	      1343	00000000	00000013	addi	x0,x0,0	  x0:0x00000000
       13455000	      1344	8000040c	00000013	addi	x0,x0,0	  x0:0x00000000
       13465000	      1345	80000410	003b99b3	sll	x19,x23,x3	 x23:0x00000000  x3:0x00000062 x19=0x00000000
       13475000	      1346	80000414	01475293	srli	x5,x14,0x14	 x14:0x00000000  x5=0x00000000
       13485000	      1347	80000418	1949fa93	andi	x21,x19,404	 x19:0x00000000 x21=0x00000000
       13495000	      1348	8000041c	4e18bb13	sltiu	x22,x17,1249	 x17:0x000000b7 x22=0x00000001
       13505000	      1349	80000420	41285613	srai	x12,x16,0x12	 x16:0x00000001 x12=0x00000000
       13515000	      1350	80000424	29d2e893	ori	x17,x5,669	  x5:0x00000000 x17=0x0000029d
       13525000	      1351	80000428	0074bf33	sltu	x30,x9,x7	  x9:0x00000000  x7:0xfffffa4b x30=0x00000001
       13535000	      1352	8000042c	01275b33	srl	x22,x14,x18	 x14:0x00000000 x18:0x80009fc4 x22=0x00000000
       13545000	      1353	80000430	38fe5b17	auipc	x22,0x38fe5	 x22=0xb8fe542c
       13555000	      1354	80000434	01351633	sll	x12,x10,x19	 x10:0x80008e88 x19:0x00000000 x12=0x80008e88
       13565000	      1355	80000438	02101863	bne	x0,x1,80000468	  x0:0x00000000  x1:0x74008d1b
       13575000	      1356	00000000	00000013	addi	x0,x0,0	  x0:0x00000000
       13585000	      1357	80000464	00000013	addi	x0,x0,0	  x0:0x00000000
       13595000	      1358	80000468	96a5eb13	ori	x22,x11,-1686	 x11:0x00000000 x22=0xfffff96a
       13605000	      1359	8000046c	00d6d493	srli	x9,x13,0xd	 x13:0x00000077  x9=0x00000000
       13615000	      1360	80000470	0294d263	bge	x9,x9,80000494	  x9:0x00000000  x9:0x00000000
       13625000	      1361	00000000	00000013	addi	x0,x0,0	  x0:0x00000000
       13635000	      1362	80000490	00000013	addi	x0,x0,0	  x0:0x00000000
       13645000	      1363	80000494	00dd6433	or	x8,x26,x13	 x26:0x80008b2a x13:0x00000077  x8=0x80008b7f
       13655000	      1364	80000498	c7c44d13	xori	x26,x8,-900	  x8:0x80008b7f x26=0x7fff7703
       13665000	      1365	8000049c	346e3c13	sltiu	x24,x28,838	 x28:0x00000001 x24=0x00000001
       13675000	      1366	800004a0	727f4d93	xori	x27,x30,1831	 x30:0x00000001 x27=0x00000726
       13685000	      1367	800004a4	cc42b013	sltiu	x0,x5,-828	  x5:0x00000000
       13695000	      1368	800004a8	03930863	beq	x6,x25,800004d8	  x6:0xffffffb6 x25:0x000016d2
       13705000	      1369	800004ac	025e0863	beq	x28,x5,800004dc	 x28:0x00000001  x5:0x00000000
       13715000	      1370	800004b0	01537e63	bgeu	x6,x21,800004cc	  x6:0xffffffb6 x21:0x00000000
       13725000	      1371	00000000	00000013	addi	x0,x0,0	  x0:0x00000000
       13735000	      1372	800004c8	00000013	addi	x0,x0,0	  x0:0x00000000
       13745000	      1373	800004cc	4132da93	srai	x21,x5,0x13	  x5:0x00000000 x21=0x00000000
       13755000	      1374	800004d0	00236c33	or	x24,x6,x2	  x6:0xffffffb6  x2:0x00000001 x24=0xffffffb7
       13765000	      1375	800004d4	00000013	addi	x0,x0,0	  x0:0x00000000
       13775000	      1376	800004d8	03e9c463	blt	x19,x30,80000500	 x19:0x00000000 x30:0x00000001
       13785000	      1377	00000000	00000013	addi	x0,x0,0	  x0:0x00000000
       13795000	      1378	800004fc	00000013	addi	x0,x0,0	  x0:0x00000000
       13805000	      1379	80000500	00000013	addi	x0,x0,0	  x0:0x00000000
       13815000	      1380	80000504	00000013	addi	x0,x0,0	  x0:0x00000000
       13825000	      1381	80000508	0573a093	slti	x1,x7,87	  x7:0xfffffa4b  x1=0x00000001
       13835000	      1382	8000050c	00c49033	sll	x0,x9,x12	  x9:0x00000000 x12:0x80008e88
       13845000	      1383	80000510	01bb62b3	or	x5,x22,x27	 x22:0xfffff96a x27:0x00000726  x5=0xffffff6e
       13855000	      1384	80000514	40b25d33	sra	x26,x4,x11	  x4:0x80009f84 x11:0x00000000 x26=0x80009f84
       13865000	      1385	80000518	4109d193	srai	x3,x19,0x10	 x19:0x00000000  x3=0x00000000
       13875000	      1386	8000051c	012d6433	or	x8,x26,x18	 x26:0x80009f84 x18:0x80009fc4  x8=0x80009fc4
       13885000	      1387	80000520	fc04a613	slti	x12,x9,-64	  x9:0x00000000 x12=0x00000000
       13895000	      1388	80000524	0512f063	bgeu	x5,x17,80000564	  x5:0xffffff6e x17:0x0000029d
       13905000	      1389	00000000	00000013	addi	x0,x0,0	  x0:0x00000000
       13915000	      1390	80000560	00000013	addi	x0,x0,0	  x0:0x00000000
       13925000	      1391	80000564	014ff263	bgeu	x31,x20,80000568	 x31:0x00000000 x20:0x00000001
       13935000	      1392	80000568	046fd263	bge	x31,x6,800005ac	 x31:0x00000000  x6:0xffffffb6
       13945000	      1393	00000000	00000013	addi	x0,x0,0	  x0:0x00000000
       13955000	      1394	800005a8	00000013	addi	x0,x0,0	  x0:0x00000000
       13965000	      1395	800005ac	01515993	srli	x19,x2,0x15	  x2:0x00000001 x19=0x00000000
       13975000	      1396	800005b0	01e84b33	xor	x22,x16,x30	 x16:0x00000001 x30:0x00000001 x22=0x00000000
       13985000	      1397	800005b4	04910063	beq	x2,x9,800005f4	  x2:0x00000001  x9:0x00000000
       13995000	      1398	800005b8	05655463	bge	x10,x22,80000600	 x10:0x80008e88 x22:0x00000000
       14005000	      1399	800005bc	41d4d593	srai	x11,x9,0x1d	  x9:0x00000000 x11=0x00000000
       14015000	      1400	800005c0	0035db13	srli	x22,x11,0x3	 x11:0x00000000 x22=0x00000000
       14025000	      1401	800005c4	40b05013	srai	x0,x0,0xb	  x0:0x00000000
       14035000	      1402	800005c8	012ec663	blt	x29,x18,800005d4	 x29:0x00000001 x18:0x80009fc4
       14045000	      1403	800005cc	3e58b013	sltiu	x0,x17,997	 x17:0x0000029d
       14055000	      1404	800005d0	00000013	addi	x0,x0,0	  x0:0x00000000
       14065000	      1405	800005d4	00e0de33	srl	x28,x1,x14	  x1:0x00000001 x14:0x00000000 x28=0x00000001
       14075000	      1406	800005d8	0ab33193	sltiu	x3,x6,171	  x6:0xffffffb6  x3=0x00000000
       14085000	      1407	800005dc	72f3ca13	xori	x20,x7,1839	  x7:0xfffffa4b x20=0xfffffd64
       14095000	      1408	800005e0	01687133	and	x2,x16,x22	 x16:0x00000001 x22:0x00000000  x2=0x00000000
       14105000	      1409	800005e4	012dffb3	and	x31,x27,x18	 x27:0x00000726 x18:0x80009fc4 x31=0x00000704
       14115000	      1410	800005e8	006c5513	srli	x10,x24,0x6	 x24:0xffffffb7 x10=0x03fffffe
       14125000	      1411	800005ec	053d5063	bge	x26,x19,8000062c	 x26:0x80009f84 x19:0x00000000
       14135000	      1412	800005f0	00000013	addi	x0,x0,0	  x0:0x00000000
       14145000	      1413	800005f4	01cece63	blt	x29,x28,80000610	 x29:0x00000001 x28:0x00000001
       14155000	      1414	800005f8	038e5863	bge	x28,x24,80000628	 x28:0x00000001 x24:0xffffffb7
       14165000	      1415	00000000	00000013	addi	x0,x0,0	  x0:0x00000000
       14175000	      1416	80000624	00000013	addi	x0,x0,0	  x0:0x00000000
       14185000	      1417	80000628	48786893	ori	x17,x16,1159	 x16:0x00000001 x17=0x00000487
       14195000	      1418	8000062c	01522533	slt	x10,x4,x21	  x4:0x80009f84 x21:0x00000000 x10=0x00000001
       14205000	      1419	80000630	23642993	slti	x19,x8,566	  x8:0x80009fc4 x19=0x00000001
       14215000	      1420	80000634	000efc33	and	x24,x29,x0	 x29:0x00000001  x0:0x00000000 x24=0x00000000
       14225000	      1421	80000638	04e6d663	bge	x13,x14,80000684	 x13:0x00000077 x14:0x00000000
       14235000	      1422	00000000	00000013	addi	x0,x0,0	  x0:0x00000000
       14245000	      1423	80000680	00000013	addi	x0,x0,0	  x0:0x00000000
       14255000	      1424	80000684	54c0d497	auipc	x9,0x54c0d	  x9=0xd4c0d680
       14265000	      1425	80000688	04afe063	bltu	x31,x10,800006c8	 x31:0x00000704 x10:0x00000001
       14275000	      1426	8000068c	08b0c997	auipc	x19,0x8b0c	 x19=0x88b0c688
       14285000	      1427	80000690	72a81837	lui	x16,0x72a81	 x16=0x72a81000
       14295000	      1428	80000694	04464063	blt	x12,x4,800006d4	 x12:0x00000000  x4:0x80009f84
       14305000	      1429	80000698	01ad1533	sll	x10,x26,x26	 x26:0x80009f84 x26:0x80009f84 x10=0x0009f840
       14315000	      1430	8000069c	c10c7a17	auipc	x20,0xc10c7	 x20=0x410c7698
       14325000	      1431	800006a0	01cc2333	slt	x6,x24,x28	 x24:0x00000000 x28:0x00000001  x6=0x00000001
       14335000	      1432	800006a4	40dcd6b3	sra	x13,x25,x13	 x25:0x000016d2 x13:0x00000077 x13=0x00000000
       14345000	      1433	800006a8	013d8663	beq	x27,x19,800006b4	 x27:0x00000726 x19:0x88b0c688
       14355000	      1434	800006ac	03b18a63	beq	x3,x27,800006e0	  x3:0x00000000 x27:0x00000726
       14365000	      1435	800006b0	0103c9b3	xor	x19,x7,x16	  x7:0xfffffa4b x16:0x72a81000 x19=0x8d57ea4b
       14375000	      1436	800006b4	03388863	beq	x17,x19,800006e4	 x17:0x00000487 x19:0x8d57ea4b
       14385000	      1437	800006b8	85ba8c13	addi	x24,x21,-1957	 x21:0x00000000 x24=0xfffff85b
       14395000	      1438	800006bc	00640e63	beq	x8,x6,800006d8	  x8:0x80009fc4  x6:0x00000001
       14405000	      1439	800006c0	7fa88d13	addi	x26,x17,2042	 x17:0x00000487 x26=0x00000c81
       14415000	      1440	800006c4	01386e63	bltu	x16,x19,800006e0	 x16:0x72a81000 x19:0x8d57ea4b
       14425000	      1441	00000000	00000013	addi	x0,x0,0	  x0:0x00000000
       14435000	      1442	800006dc	00000013	addi	x0,x0,0	  x0:0x00000000
       14445000	      1443	800006e0	dbbf2193	slti	x3,x30,-581	 x30:0x00000001  x3=0x00000000
       14455000	      1444	800006e4	43e80b13	addi	x22,x16,1086	 x16:0x72a81000 x22=0x72a8143e
       14465000	      1445	800006e8	fd410d37	lui	x26,0xfd410	 x26=0xfd410000
       14475000	      1446	800006ec	05646a63	bltu	x8,x22,80000740	  x8:0x80009fc4 x22:0x72a8143e
       14485000	      1447	800006f0	00008117	auipc	x2,0x8	  x2=0x800086ec
       14495000	      1448	800006f4	bca10113	addi	x2,x2,-1078	  x2:0x800086ec  x2=0x800082b6
       14505000	      1449	800006f8	ff910b83	lb	x23,-7(x2)	  x2:0x800082b6 x23=0xffffff97 PA:0x800082af
       14515000	      1450	800006fc	00008f17	auipc	x30,0x8	 x30=0x800086f8
       14525000	      1451	80000700	ed7f0f13	addi	x30,x30,-297	 x30:0x800086f8 x30=0x800085cf
       14535000	      1452	80000704	ff110c03	lb	x24,-15(x2)	  x2:0x800082b6 x24=0xffffffe1 PA:0x800082a7
       14545000	      1453	80000708	01f14283	lbu	x5,31(x2)	  x2:0x800082b6  x5=0x0000002f PA:0x800082d5
       14555000	      1454	8000070c	fe1f1a83	lh	x21,-31(x30)	 x30:0x800085cf x21=0x000055c9 PA:0x800085b0
       14565000	      1455	80000710	ff2f15a3	sh	x18,-21(x30)	 x30:0x800085cf x18:0x80009fc4 PA:0x800085ba
       14575000	      1456	80000714	025f0123	sb	x5,34(x30)	 x30:0x800085cf  x5:0x0000002f PA:0x800085f1
       14585000	      1457	80000718	fe1f2883	lw	x17,-31(x30)	 x30:0x800085cf x17=0xf6e755c9 PA:0x800085b0
       14595000	      1458	8000071c	01a15883	lhu	x17,26(x2)	  x2:0x800082b6 x17=0x00001e59 PA:0x800082d0
       14605000	      1459	80000720	fcff4303	lbu	x6,-49(x30)	 x30:0x800085cf  x6=0x000000b1 PA:0x8000859e
       14615000	      1460	80000724	01910283	lb	x5,25(x2)	  x2:0x800082b6  x5=0xffffffcb PA:0x800082cf
       14625000	      1461	80000728	fd210323	sb	x18,-58(x2)	  x2:0x800082b6 x18:0x80009fc4 PA:0x8000827c
       14635000	      1462	8000072c	00df22a3	sw	x13,5(x30)	 x30:0x800085cf x13:0x00000000 PA:0x800085d4
       14645000	      1463	80000730	fc310503	lb	x10,-61(x2)	  x2:0x800082b6 x10=0x0000003d PA:0x80008279
       14655000	      1464	00000000	00000013	addi	x0,x0,0	  x0:0x00000000
       14665000	      1465	80000734	00af0ea3	sb	x10,29(x30)	 x30:0x800085cf x10:0x0000003d PA:0x800085ec
       14675000	      1466	80000738	7cc2ab13	slti	x22,x5,1996	  x5:0xffffffcb x22=0x00000001
       14685000	      1467	8000073c	00045d13	srli	x26,x8,0x0	  x8:0x80009fc4 x26=0x80009fc4
       14695000	      1468	80000740	0111a333	slt	x6,x3,x17	  x3:0x00000000 x17:0x00001e59  x6=0x00000001
       14705000	      1469	80000744	055bfe63	bgeu	x23,x21,800007a0	 x23:0xffffff97 x21:0x000055c9
       14715000	      1470	00000000	00000013	addi	x0,x0,0	  x0:0x00000000
       14725000	      1471	8000079c	00000013	addi	x0,x0,0	  x0:0x00000000
       14735000	      1472	800007a0	00126ab3	or	x21,x4,x1	  x4:0x80009f84  x1:0x00000001 x21=0x80009f85
       14745000	      1473	800007a4	5a4caa93	slti	x21,x25,1444	 x25:0x000016d2 x21=0x00000000
       14755000	      1474	800007a8	408d0033	sub	x0,x26,x8	 x26:0x80009fc4  x8:0x80009fc4
       14765000	      1475	800007ac	5cd5ce93	xori	x29,x11,1485	 x11:0x00000000 x29=0x000005cd
       14775000	      1476	800007b0	5cad0a93	addi	x21,x26,1482	 x26:0x80009fc4 x21=0x8000a58e
       14785000	      1477	800007b4	82a94f13	xori	x30,x18,-2006	 x18:0x80009fc4 x30=0x7fff67ee
       14795000	      1478	800007b8	d5e94197	auipc	x3,0xd5e94	  x3=0x55e947b4
       14805000	      1479	800007bc	00ac46b3	xor	x13,x24,x10	 x24:0xffffffe1 x10:0x0000003d x13=0xffffffdc
       14815000	      1480	800007c0	02881c63	bne	x16,x8,800007f8	 x16:0x72a81000  x8:0x80009fc4
       14825000	      1481	00000000	00000013	addi	x0,x0,0	  x0:0x00000000
       14835000	      1482	800007f4	00000013	addi	x0,x0,0	  x0:0x00000000
       14845000	      1483	800007f8	16083f13	sltiu	x30,x16,352	 x16:0x72a81000 x30=0x00000000
       14855000	      1484	800007fc	00000717	auipc	x14,0x0	 x14=0x800007f8
       14865000	      1485	80000800	00c70713	addi	x14,x14,12	 x14:0x800007f8 x14=0x80000804
       14875000	      1486	80000804	00070067	jalr	x0,x14,0	 x14:0x80000804
       14885000	      1487	00000000	00000013	addi	x0,x0,0	  x0:0x00000000
       14895000	      1488	80000804	00000013	addi	x0,x0,0	  x0:0x00000000
       14905000	      1489	80000808	00100193	addi	x3,x0,1	  x0:0x00000000  x3=0x00000001
       14915000	      1490	8000080c	00000073	ecall	
       14925000	      1491	80000810	005870b3	and	x1,x16,x5	 x16:0x72a81000  x5:0xffffffcb  x1=0x72a81000
