		Time			Cycle	PC		Insn	Decoded instruction	Register and memory contents
          65000	         5	80000004	00000293	addi	x5,x0,0	  x0:0x00000000  x5=0x00000000
          75000	         6	80000008	00000313	addi	x6,x0,0	  x0:0x00000000  x6=0x00000000
          85000	         7	8000000c	00628263	beq	x5,x6,80000010	  x5:0x00000000  x6:0x00000000
          95000	         8	00000000	00000013	addi	x0,x0,0	  x0:0x00000000
         105000	         9	8000000c	00000013	addi	x0,x0,0	  x0:0x00000000
         115000	        10	80000010	00000717	auipc	x14,0x0	 x14=0x8000000c
         125000	        11	80000014	00c70713	addi	x14,x14,12	 x14:0x8000000c x14=0x80000018
         135000	        12	80000018	00070067	jalr	x0,x14,0	 x14:0x80000018
         145000	        13	00000000	00000013	addi	x0,x0,0	  x0:0x00000000
         155000	        14	80000018	00000013	addi	x0,x0,0	  x0:0x00000000
         165000	        15	8000001c	40000c37	lui	x24,0x40000	 x24=0x40000000
         175000	        16	80000020	100c0c13	addi	x24,x24,256	 x24:0x40000000 x24=0x40000100
         185000	        17	80000024	00000013	addi	x0,x0,0	  x0:0x00000000
         195000	        18	80000028	0000ad97	auipc	x27,0xa	 x27=0x8000a024
         205000	        19	8000002c	fa0d8d93	addi	x27,x27,-96	 x27:0x8000a024 x27=0x80009fc4
         215000	        20	80000030	00002c17	auipc	x24,0x2	 x24=0x8000202c
         225000	        21	80000034	e90c0c13	addi	x24,x24,-368	 x24:0x8000202c x24=0x80001ebc
         235000	        22	80000038	000c6c13	ori	x24,x24,0	 x24:0x80001ebc x24=0x80001ebc
         245000	        23	8000003c	00000013	addi	x0,x0,0	  x0:0x00000000
         255000	        24	80000040	00000c17	auipc	x24,0x0	 x24=0x8000003c
         265000	        25	80000044	020c0c13	addi	x24,x24,32	 x24:0x8000003c x24=0x8000005c
         275000	        26	80000048	00000013	addi	x0,x0,0	  x0:0x00000000
         285000	        27	8000004c	00000013	addi	x0,x0,0	  x0:0x00000000
         295000	        28	80000050	00002c37	lui	x24,0x2	 x24=0x00002000
         305000	        29	80000054	800c0c13	addi	x24,x24,-2048	 x24:0x00002000 x24=0x00001800
         315000	        30	80000058	00000013	addi	x0,x0,0	  x0:0x00000000
         325000	        31	8000005c	00000013	addi	x0,x0,0	  x0:0x00000000
         335000	        32	80000060	f6d98037	lui	x0,0xf6d98	
         345000	        33	80000064	7c800013	addi	x0,x0,1992	  x0:0x00000000
         355000	        34	80000068	800000b7	lui	x1,0x80000	  x1=0x80000000
         365000	        35	8000006c	00000113	addi	x2,x0,0	  x0:0x00000000  x2=0x00000000
         375000	        36	80000070	800001b7	lui	x3,0x80000	  x3=0x80000000
         385000	        37	80000074	00400213	addi	x4,x0,4	  x0:0x00000000  x4=0x00000004
         395000	        38	80000078	00000293	addi	x5,x0,0	  x0:0x00000000  x5=0x00000000
         405000	        39	8000007c	fe031337	lui	x6,0xfe031	  x6=0xfe031000
         415000	        40	80000080	3c230313	addi	x6,x6,962	  x6:0xfe031000  x6=0xfe0313c2
         425000	        41	80000084	7752e3b7	lui	x7,0x7752e	  x7=0x7752e000
         435000	        42	80000088	a9138393	addi	x7,x7,-1391	  x7:0x7752e000  x7=0x7752da91
         445000	        43	8000008c	00000413	addi	x8,x0,0	  x0:0x00000000  x8=0x00000000
         455000	        44	80000090	21d864b7	lui	x9,0x21d86	  x9=0x21d86000
         465000	        45	80000094	48948493	addi	x9,x9,1161	  x9:0x21d86000  x9=0x21d86489
         475000	        46	80000098	ff9ef5b7	lui	x11,0xff9ef	 x11=0xff9ef000
         485000	        47	8000009c	95658593	addi	x11,x11,-1706	 x11:0xff9ef000 x11=0xff9ee956
         495000	        48	800000a0	6fa6d637	lui	x12,0x6fa6d	 x12=0x6fa6d000
         505000	        49	800000a4	52e60613	addi	x12,x12,1326	 x12:0x6fa6d000 x12=0x6fa6d52e
         515000	        50	800000a8	800006b7	lui	x13,0x80000	 x13=0x80000000
         525000	        51	800000ac	bf859737	lui	x14,0xbf859	 x14=0xbf859000
         535000	        52	800000b0	63d70713	addi	x14,x14,1597	 x14:0xbf859000 x14=0xbf85963d
         545000	        53	800000b4	8f1cd7b7	lui	x15,0x8f1cd	 x15=0x8f1cd000
         555000	        54	800000b8	e7778793	addi	x15,x15,-393	 x15:0x8f1cd000 x15=0x8f1cce77
         565000	        55	800000bc	8b118837	lui	x16,0x8b118	 x16=0x8b118000
         575000	        56	800000c0	45180813	addi	x16,x16,1105	 x16:0x8b118000 x16=0x8b118451
         585000	        57	800000c4	df33e8b7	lui	x17,0xdf33e	 x17=0xdf33e000
         595000	        58	800000c8	f4688893	addi	x17,x17,-186	 x17:0xdf33e000 x17=0xdf33df46
         605000	        59	800000cc	f5d27937	lui	x18,0xf5d27	 x18=0xf5d27000
         615000	        60	800000d0	c9f90913	addi	x18,x18,-865	 x18:0xf5d27000 x18=0xf5d26c9f
         625000	        61	800000d4	621a49b7	lui	x19,0x621a4	 x19=0x621a4000
         635000	        62	800000d8	88a98993	addi	x19,x19,-1910	 x19:0x621a4000 x19=0x621a388a
         645000	        63	800000dc	80000a37	lui	x20,0x80000	 x20=0x80000000
         655000	        64	800000e0	00000a93	addi	x21,x0,0	  x0:0x00000000 x21=0x00000000
         665000	        65	800000e4	e3aaeb37	lui	x22,0xe3aae	 x22=0xe3aae000
         675000	        66	800000e8	2a7b0b13	addi	x22,x22,679	 x22:0xe3aae000 x22=0xe3aae2a7
         685000	        67	800000ec	00900b93	addi	x23,x0,9	  x0:0x00000000 x23=0x00000009
         695000	        68	800000f0	00800c13	addi	x24,x0,8	  x0:0x00000000 x24=0x00000008
         705000	        69	800000f4	6c152cb7	lui	x25,0x6c152	 x25=0x6c152000
         715000	        70	800000f8	651c8c93	addi	x25,x25,1617	 x25:0x6c152000 x25=0x6c152651
         725000	        71	800000fc	00800d13	addi	x26,x0,8	  x0:0x00000000 x26=0x00000008
         735000	        72	80000100	00100e13	addi	x28,x0,1	  x0:0x00000000 x28=0x00000001
         745000	        73	80000104	00b00e93	addi	x29,x0,11	  x0:0x00000000 x29=0x0000000b
         755000	        74	80000108	00800f13	addi	x30,x0,8	  x0:0x00000000 x30=0x00000008
         765000	        75	8000010c	80000fb7	lui	x31,0x80000	 x31=0x80000000
         775000	        76	80000110	0000a517	auipc	x10,0xa	 x10=0x8000a10c
         785000	        77	80000114	e7850513	addi	x10,x10,-392	 x10:0x8000a10c x10=0x80009f84
         795000	        78	80000118	00008317	auipc	x6,0x8	  x6=0x80008114
         805000	        79	8000011c	73930313	addi	x6,x6,1849	  x6:0x80008114  x6=0x8000884d
         815000	        80	80000120	01034e83	lbu	x29,16(x6)	  x6:0x8000884d x29=0x000000bb PA:0x8000885d
         825000	        81	80000124	00000013	addi	x0,x0,0	  x0:0x00000000
         835000	        82	80000128	ffa30603	lb	x12,-6(x6)	  x6:0x8000884d x12=0xffffff8a PA:0x80008847
         845000	        83	8000012c	00924b33	xor	x22,x4,x9	  x4:0x00000004  x9:0x21d86489 x22=0x21d8648d
         855000	        84	80000130	fe730b23	sb	x7,-10(x6)	  x6:0x8000884d  x7:0x7752da91 PA:0x80008843
         865000	        85	80000134	40690bb3	sub	x23,x18,x6	 x18:0xf5d26c9f  x6:0x8000884d x23=0x75d1e452
         875000	        86	80000138	ff731fa3	sh	x23,-1(x6)	  x6:0x8000884d x23:0x75d1e452 PA:0x8000884c
         885000	        87	8000013c	ffa34a83	lbu	x21,-6(x6)	  x6:0x8000884d x21=0x0000008a PA:0x80008847
         895000	        88	80000140	ffb35c03	lhu	x24,-5(x6)	  x6:0x8000884d x24=0x000061e7 PA:0x80008848
         905000	        89	80000144	9a582993	slti	x19,x16,-1627	 x16:0x8b118451 x19=0x00000001
         915000	        90	80000148	ff830b23	sb	x24,-10(x6)	  x6:0x8000884d x24:0x000061e7 PA:0x80008843
         925000	        91	8000014c	ff731383	lh	x7,-9(x6)	  x6:0x8000884d  x7=0x000040d1 PA:0x80008844
         935000	        92	80000150	ed513637	lui	x12,0xed513	 x12=0xed513000
         945000	        93	80000154	00030603	lb	x12,0(x6)	  x6:0x8000884d x12=0xffffffe4 PA:0x8000884d
         955000	        94	80000158	6d5d0993	addi	x19,x26,1749	 x26:0x00000008 x19=0x000006dd
         965000	        95	8000015c	ffe34083	lbu	x1,-2(x6)	  x6:0x8000884d  x1=0x000000ac PA:0x8000884b
         975000	        96	80000160	00e941b3	xor	x3,x18,x14	 x18:0xf5d26c9f x14:0xbf85963d  x3=0x4a57faa2
         985000	        97	80000164	41220d33	sub	x26,x4,x18	  x4:0x00000004 x18:0xf5d26c9f x26=0x0a2d9365
         995000	        98	80000168	00531013	slli	x0,x6,0x5	  x6:0x8000884d
        1005000	        99	8000016c	00531083	lh	x1,5(x6)	  x6:0x8000884d  x1=0x00002219 PA:0x80008852
        1015000	       100	80000170	00230c83	lb	x25,2(x6)	  x6:0x8000884d x25=0xffffffaf PA:0x8000884f
        1025000	       101	80000174	ff331aa3	sh	x19,-11(x6)	  x6:0x8000884d x19:0x000006dd PA:0x80008842
        1035000	       102	80000178	ff034903	lbu	x18,-16(x6)	  x6:0x8000884d x18=0x00000032 PA:0x8000883d
        1045000	       103	8000017c	00000013	addi	x0,x0,0	  x0:0x00000000
        1055000	       104	80000180	4b2fe693	ori	x13,x31,1202	 x31:0x80000000 x13=0x800004b2
        1065000	       105	80000184	e4333a93	sltiu	x21,x6,-445	  x6:0x8000884d x21=0x00000001
        1075000	       106	80000188	00c2fbb3	and	x23,x5,x12	  x5:0x00000000 x12:0xffffffe4 x23=0x00000000
        1085000	       107	8000018c	01d81f13	slli	x30,x16,0x1d	 x16:0x8b118451 x30=0x20000000
        1095000	       108	80000190	00c30183	lb	x3,12(x6)	  x6:0x8000884d  x3=0x0000003a PA:0x80008859
        1105000	       109	80000194	01830523	sb	x24,10(x6)	  x6:0x8000884d x24:0x000061e7 PA:0x80008857
        1115000	       110	80000198	00b32983	lw	x19,11(x6)	  x6:0x8000884d x19=0x463f3a12 PA:0x80008858
        1125000	       111	8000019c	01155c93	srli	x25,x10,0x11	 x10:0x80009f84 x25=0x00004000
        1135000	       112	800001a0	0119d913	srli	x18,x19,0x11	 x19:0x463f3a12 x18=0x0000231f
        1145000	       113	800001a4	92ad7813	andi	x16,x26,-1750	 x26:0x0a2d9365 x16=0x0a2d9120
        1155000	       114	800001a8	0141dfb3	srl	x31,x3,x20	  x3:0x0000003a x20:0x80000000 x31=0x0000003a
        1165000	       115	800001ac	fec31fa3	sh	x12,-1(x6)	  x6:0x8000884d x12:0xffffffe4 PA:0x8000884c
        1175000	       116	800001b0	00008497	auipc	x9,0x8	  x9=0x800081ac
        1185000	       117	800001b4	f2448493	addi	x9,x9,-220	  x9:0x800081ac  x9=0x800080d0
        1195000	       118	800001b8	14b48403	lb	x8,331(x9)	  x9:0x800080d0  x8=0xffffffb1 PA:0x8000821b
        1205000	       119	800001bc	40b30933	sub	x18,x6,x11	  x6:0x8000884d x11:0xff9ee956 x18=0x80619ef7
        1215000	       120	800001c0	01fbb933	sltu	x18,x23,x31	 x23:0x00000000 x31:0x0000003a x18=0x00000001
        1225000	       121	800001c4	14c485a3	sb	x12,331(x9)	  x9:0x800080d0 x12:0xffffffe4 PA:0x8000821b
        1235000	       122	800001c8	14b48b83	lb	x23,331(x9)	  x9:0x800080d0 x23=0xffffffe4 PA:0x8000821b
        1245000	       123	800001cc	418b5433	sra	x8,x22,x24	 x22:0x21d8648d x24:0x000061e7  x8=0x0043b0c9
        1255000	       124	800001d0	15d485a3	sb	x29,331(x9)	  x9:0x800080d0 x29:0x000000bb PA:0x8000821b
        1265000	       125	800001d4	150485a3	sb	x16,331(x9)	  x9:0x800080d0 x16:0x0a2d9120 PA:0x8000821b
        1275000	       126	800001d8	145485a3	sb	x5,331(x9)	  x9:0x800080d0  x5:0x00000000 PA:0x8000821b
        1285000	       127	800001dc	14b48183	lb	x3,331(x9)	  x9:0x800080d0  x3=0x00000000 PA:0x8000821b
        1295000	       128	800001e0	014bb933	sltu	x18,x23,x20	 x23:0xffffffe4 x20:0x80000000 x18=0x00000000
        1305000	       129	800001e4	6c14c183	lbu	x3,1729(x9)	  x9:0x800080d0  x3=0x00000062 PA:0x80008791
        1315000	       130	800001e8	41448d03	lb	x26,1044(x9)	  x9:0x800080d0 x26=0x00000076 PA:0x800084e4
        1325000	       131	800001ec	ede65937	lui	x18,0xede65	 x18=0xede65000
        1335000	       132	800001f0	4144d983	lhu	x19,1044(x9)	  x9:0x800080d0 x19=0x00009176 PA:0x800084e4
        1345000	       133	800001f4	07648ba3	sb	x22,119(x9)	  x9:0x800080d0 x22:0x21d8648d PA:0x80008147
        1355000	       134	800001f8	06b48ba3	sb	x11,119(x9)	  x9:0x800080d0 x11:0xff9ee956 PA:0x80008147
        1365000	       135	800001fc	0774c603	lbu	x12,119(x9)	  x9:0x800080d0 x12=0x00000056 PA:0x80008147
        1375000	       136	80000200	4d048da3	sb	x16,1243(x9)	  x9:0x800080d0 x16:0x0a2d9120 PA:0x800085ab
        1385000	       137	80000204	00008797	auipc	x15,0x8	 x15=0x80008200
        1395000	       138	80000208	34e78793	addi	x15,x15,846	 x15:0x80008200 x15=0x8000854e
        1405000	       139	8000020c	fa978883	lb	x17,-87(x15)	 x15:0x8000854e x17=0x0000000b PA:0x800084f7
        1415000	       140	80000210	00008e17	auipc	x28,0x8	 x28=0x8000820c
        1425000	       141	80000214	f72e0e13	addi	x28,x28,-142	 x28:0x8000820c x28=0x8000817e
        1435000	       142	80000218	04778103	lb	x2,71(x15)	 x15:0x8000854e  x2=0x00000023 PA:0x80008595
        1445000	       143	8000021c	fc0e4403	lbu	x8,-64(x28)	 x28:0x8000817e  x8=0x0000005a PA:0x8000813e
        1455000	       144	80000220	f697c303	lbu	x6,-151(x15)	 x15:0x8000854e  x6=0x000000b8 PA:0x800084b7
        1465000	       145	80000224	00008597	auipc	x11,0x8	 x11=0x80008220
        1475000	       146	80000228	4c558593	addi	x11,x11,1221	 x11:0x80008220 x11=0x800086e5
        1485000	       147	8000022c	00008917	auipc	x18,0x8	 x18=0x80008228
        1495000	       148	80000230	47b90913	addi	x18,x18,1147	 x18:0x80008228 x18=0x800086a3
        1505000	       149	80000234	0035a483	lw	x9,3(x11)	 x11:0x800086e5  x9=0x53aeafa9 PA:0x800086e8
        1515000	       150	80000238	00008f17	auipc	x30,0x8	 x30=0x80008234
        1525000	       151	8000023c	5c0f0f13	addi	x30,x30,1472	 x30:0x80008234 x30=0x800087f4
        1535000	       152	80000240	972f1383	lh	x7,-1678(x30)	 x30:0x800087f4  x7=0xffffe6c8 PA:0x80008166
        1545000	       153	80000244	0497c203	lbu	x4,73(x15)	 x15:0x8000854e  x4=0x00000052 PA:0x80008597
        1555000	       154	80000248	f5c90023	sb	x28,-192(x18)	 x18:0x800086a3 x28:0x8000817e PA:0x800085e3
        1565000	       155	8000024c	fc9e0603	lb	x12,-55(x28)	 x28:0x8000817e x12=0x00000056 PA:0x80008147
        1575000	       156	80000250	99df1323	sh	x29,-1658(x30)	 x30:0x800087f4 x29:0x000000bb PA:0x8000817a
        1585000	       157	80000254	ff55d383	lhu	x7,-11(x11)	 x11:0x800086e5  x7=0x0000d8d9 PA:0x800086da
        1595000	       158	80000258	f0478d23	sb	x4,-230(x15)	 x15:0x8000854e  x4:0x00000052 PA:0x80008468
        1605000	       159	8000025c	0e594883	lbu	x17,229(x18)	 x18:0x800086a3 x17=0x000000c7 PA:0x80008788
        1615000	       160	80000260	016584a3	sb	x22,9(x11)	 x11:0x800086e5 x22:0x21d8648d PA:0x800086ee
        1625000	       161	80000264	94ff4483	lbu	x9,-1713(x30)	 x30:0x800087f4  x9=0x0000008a PA:0x80008143
        1635000	       162	80000268	01ae1b23	sh	x26,22(x28)	 x28:0x8000817e x26:0x00000076 PA:0x80008194
        1645000	       163	8000026c	f5d7c983	lbu	x19,-163(x15)	 x15:0x8000854e x19=0x000000f8 PA:0x800084ab
        1655000	       164	80000270	fed58f23	sb	x13,-2(x11)	 x11:0x800086e5 x13:0x800004b2 PA:0x800086e3
        1665000	       165	80000274	fdf78603	lb	x12,-33(x15)	 x15:0x8000854e x12=0xffffffd0 PA:0x8000852d
        1675000	       166	80000278	f69919a3	sh	x9,-141(x18)	 x18:0x800086a3  x9:0x0000008a PA:0x80008616
        1685000	       167	8000027c	991f4183	lbu	x3,-1647(x30)	 x30:0x800087f4  x3=0x000000d6 PA:0x80008185
        1695000	       168	80000280	0f5786a3	sb	x21,237(x15)	 x15:0x8000854e x21:0x00000001 PA:0x8000863b
        1705000	       169	80000284	009e4f83	lbu	x31,9(x28)	 x28:0x8000817e x31=0x000000f2 PA:0x80008187
        1715000	       170	80000288	b45f1d23	sh	x5,-1190(x30)	 x30:0x800087f4  x5:0x00000000 PA:0x8000834e
        1725000	       171	8000028c	f3394c03	lbu	x24,-205(x18)	 x18:0x800086a3 x24=0x00000028 PA:0x800085d6
        1735000	       172	80000290	024e4483	lbu	x9,36(x28)	 x28:0x8000817e  x9=0x0000003f PA:0x800081a2
        1745000	       173	80000294	ac3f0b03	lb	x22,-1341(x30)	 x30:0x800087f4 x22=0xfffffff0 PA:0x800082b7
        1755000	       174	80000298	c21f0383	lb	x7,-991(x30)	 x30:0x800087f4  x7=0xffffffdb PA:0x80008415
        1765000	       175	8000029c	ff558b83	lb	x23,-11(x11)	 x11:0x800086e5 x23=0xffffffd9 PA:0x800086da
        1775000	       176	800002a0	01c594a3	sh	x28,9(x11)	 x11:0x800086e5 x28:0x8000817e PA:0x800086ee
        1785000	       177	800002a4	a60f4a03	lbu	x20,-1440(x30)	 x30:0x800087f4 x20=0x000000d6 PA:0x80008254
        1795000	       178	800002a8	d5af1b23	sh	x26,-682(x30)	 x30:0x800087f4 x26:0x00000076 PA:0x8000854a
        1805000	       179	800002ac	008e0e83	lb	x29,8(x28)	 x28:0x8000817e x29=0x00000069 PA:0x80008186
        1815000	       180	800002b0	0ff7c803	lbu	x16,255(x15)	 x15:0x8000854e x16=0x0000006a PA:0x8000864d
        1825000	       181	800002b4	ff559f83	lh	x31,-11(x11)	 x11:0x800086e5 x31=0xffffd8d9 PA:0x800086da
        1835000	       182	800002b8	021e0083	lb	x1,33(x28)	 x28:0x8000817e  x1=0x0000005e PA:0x8000819f
        1845000	       183	00000000	00000013	addi	x0,x0,0	  x0:0x00000000
        1855000	       184	800002bc	04178083	lb	x1,65(x15)	 x15:0x8000854e  x1=0xfffffff1 PA:0x8000858f
        1865000	       185	800002c0	05590ba3	sb	x21,87(x18)	 x18:0x800086a3 x21:0x00000001 PA:0x800086fa
        1875000	       186	800002c4	00008117	auipc	x2,0x8	  x2=0x800082c0
        1885000	       187	800002c8	7e510113	addi	x2,x2,2021	  x2:0x800082c0  x2=0x80008aa5
        1895000	       188	800002cc	00000013	addi	x0,x0,0	  x0:0x00000000
        1905000	       189	800002d0	386114a3	sh	x6,905(x2)	  x2:0x80008aa5  x6:0x000000b8 PA:0x80008e2e
        1915000	       190	800002d4	40f07f13	andi	x30,x0,1039	  x0:0x00000000 x30=0x00000000
        1925000	       191	800002d8	38911c83	lh	x25,905(x2)	  x2:0x80008aa5 x25=0x000000b8 PA:0x80008e2e
        1935000	       192	800002dc	2782cd13	xori	x26,x5,632	  x5:0x00000000 x26=0x00000278
        1945000	       193	800002e0	00000013	addi	x0,x0,0	  x0:0x00000000
        1955000	       194	800002e4	01bb21b3	slt	x3,x22,x27	 x22:0xfffffff0 x27:0x80009fc4  x3=0x00000000
        1965000	       195	800002e8	38910f03	lb	x30,905(x2)	  x2:0x80008aa5 x30=0xffffffb8 PA:0x80008e2e
        1975000	       196	800002ec	e8911a83	lh	x21,-375(x2)	  x2:0x80008aa5 x21=0xffffca2d PA:0x8000892e
        1985000	       197	800002f0	e8911d03	lh	x26,-375(x2)	  x2:0x80008aa5 x26=0xffffca2d PA:0x8000892e
        1995000	       198	800002f4	e8910d03	lb	x26,-375(x2)	  x2:0x80008aa5 x26=0x0000002d PA:0x8000892e
        2005000	       199	800002f8	e96114a3	sh	x22,-375(x2)	  x2:0x80008aa5 x22:0xfffffff0 PA:0x8000892e
        2015000	       200	800002fc	e95104a3	sb	x21,-375(x2)	  x2:0x80008aa5 x21:0xffffca2d PA:0x8000892e
        2025000	       201	80000300	e8910f83	lb	x31,-375(x2)	  x2:0x80008aa5 x31=0x0000002d PA:0x8000892e
        2035000	       202	80000304	e8915983	lhu	x19,-375(x2)	  x2:0x80008aa5 x19=0x0000ff2d PA:0x8000892e
        2045000	       203	80000308	00009917	auipc	x18,0x9	 x18=0x80009304
        2055000	       204	8000030c	b7090913	addi	x18,x18,-1168	 x18:0x80009304 x18=0x80008e74
        2065000	       205	80000310	fff90303	lb	x6,-1(x18)	 x18:0x80008e74  x6=0x00000008 PA:0x80008e73
        2075000	       206	80000314	00009197	auipc	x3,0x9	  x3=0x80009310
        2085000	       207	80000318	9bd18193	addi	x3,x3,-1603	  x3:0x80009310  x3=0x80008ccd
        2095000	       208	8000031c	b4c18e23	sb	x12,-1188(x3)	  x3:0x80008ccd x12:0xffffffd0 PA:0x80008829
        2105000	       209	80000320	00490a03	lb	x20,4(x18)	 x18:0x80008e74 x20=0x0000006a PA:0x80008e78
        2115000	       210	80000324	f8c1cc03	lbu	x24,-116(x3)	  x3:0x80008ccd x24=0x00000015 PA:0x80008c59
        2125000	       211	80000328	ffc90683	lb	x13,-4(x18)	 x18:0x80008e74 x13=0x0000002e PA:0x80008e70
        2135000	       212	8000032c	0211d283	lhu	x5,33(x3)	  x3:0x80008ccd  x5=0x0000c28d PA:0x80008cee
        2145000	       213	80000330	ff790aa3	sb	x23,-11(x18)	 x18:0x80008e74 x23:0xffffffd9 PA:0x80008e69
        2155000	       214	80000334	00009f17	auipc	x30,0x9	 x30=0x80009330
        2165000	       215	80000338	86ff0f13	addi	x30,x30,-1937	 x30:0x80009330 x30=0x80008b9f
        2175000	       216	8000033c	c951cc83	lbu	x25,-875(x3)	  x3:0x80008ccd x25=0x000000c7 PA:0x80008962
        2185000	       217	00000000	00000013	addi	x0,x0,0	  x0:0x00000000
        2195000	       218	80000340	ff994d03	lbu	x26,-7(x18)	 x18:0x80008e74 x26=0x0000006b PA:0x80008e6d
        2205000	       219	80000344	0e2f13a3	sh	x2,231(x30)	 x30:0x80008b9f  x2:0x80008aa5 PA:0x80008c86
        2215000	       220	80000348	00e95203	lhu	x4,14(x18)	 x18:0x80008e74  x4=0x00002b0d PA:0x80008e82
        2225000	       221	8000034c	f27f5103	lhu	x2,-217(x30)	 x30:0x80008b9f  x2=0x000082a8 PA:0x80008ac6
        2235000	       222	80000350	fbe1c203	lbu	x4,-66(x3)	  x3:0x80008ccd  x4=0x00000049 PA:0x80008c8b
        2245000	       223	80000354	ff790a23	sb	x23,-12(x18)	 x18:0x80008e74 x23:0xffffffd9 PA:0x80008e68
        2255000	       224	80000358	0a6f4683	lbu	x13,166(x30)	 x30:0x80008b9f x13=0x00000080 PA:0x80008c45
        2265000	       225	8000035c	0a4f4b83	lbu	x23,164(x30)	 x30:0x80008b9f x23=0x00000054 PA:0x80008c43
        2275000	       226	80000360	2331d283	lhu	x5,563(x3)	  x3:0x80008ccd  x5=0x0000d622 PA:0x80008f00
        2285000	       227	80000364	bd818103	lb	x2,-1064(x3)	  x3:0x80008ccd  x2=0xffffff8b PA:0x800088a5
        2295000	       228	80000368	f56f0a03	lb	x20,-170(x30)	 x30:0x80008b9f x20=0xffffff9a PA:0x80008af5
        2305000	       229	8000036c	306196a3	sh	x6,781(x3)	  x3:0x80008ccd  x6:0x00000008 PA:0x80008fda
        2315000	       230	80000370	00008597	auipc	x11,0x8	 x11=0x8000836c
        2325000	       231	80000374	d1f58593	addi	x11,x11,-737	 x11:0x8000836c x11=0x8000808b
        2335000	       232	80000378	00008817	auipc	x16,0x8	 x16=0x80008374
        2345000	       233	8000037c	efa80813	addi	x16,x16,-262	 x16:0x80008374 x16=0x8000826e
        2355000	       234	80000380	0405c783	lbu	x15,64(x11)	 x11:0x8000808b x15=0x0000004a PA:0x800080cb
        2365000	       235	80000384	00008e17	auipc	x28,0x8	 x28=0x80008380
        2375000	       236	80000388	160e0e13	addi	x28,x28,352	 x28:0x80008380 x28=0x800084e0
        2385000	       237	8000038c	00008f97	auipc	x31,0x8	 x31=0x80008388
        2395000	       238	80000390	2e1f8f93	addi	x31,x31,737	 x31:0x80008388 x31=0x80008669
        2405000	       239	80000394	fa9e1523	sh	x9,-86(x28)	 x28:0x800084e0  x9:0x0000003f PA:0x8000848a
        2415000	       240	80000398	0e6f8103	lb	x2,230(x31)	 x31:0x80008669  x2=0xffffffcf PA:0x8000874f
        2425000	       241	8000039c	00008c97	auipc	x25,0x8	 x25=0x80008398
        2435000	       242	800003a0	d0bc8c93	addi	x25,x25,-757	 x25:0x80008398 x25=0x800080a3
        2445000	       243	800003a4	fe958a23	sb	x9,-12(x11)	 x11:0x8000808b  x9:0x0000003f PA:0x8000807f
        2455000	       244	800003a8	f42e5383	lhu	x7,-190(x28)	 x28:0x800084e0  x7=0x00008e01 PA:0x80008422
        2465000	       245	800003ac	051fc303	lbu	x6,81(x31)	 x31:0x80008669  x6=0x000000cf PA:0x800086ba
        2475000	       246	800003b0	03158483	lb	x9,49(x11)	 x11:0x8000808b  x9=0xffffffbc PA:0x800080bc
        2485000	       247	00000000	00000013	addi	x0,x0,0	  x0:0x00000000
        2495000	       248	800003b4	0c9e0283	lb	x5,201(x28)	 x28:0x800084e0  x5=0x00000068 PA:0x800085a9
        2505000	       249	800003b8	0d2f8683	lb	x13,210(x31)	 x31:0x80008669 x13=0xffffffc2 PA:0x8000873b
        2515000	       250	800003bc	010c8783	lb	x15,16(x25)	 x25:0x800080a3 x15=0x00000063 PA:0x800080b3
        2525000	       251	800003c0	0d0e1283	lh	x5,208(x28)	 x28:0x800084e0  x5=0xffff988e PA:0x800085b0
        2535000	       252	800003c4	07bfdb03	lhu	x22,123(x31)	 x31:0x80008669 x22=0x00009fb8 PA:0x800086e4
        2545000	       253	800003c8	0ecfcb03	lbu	x22,236(x31)	 x31:0x80008669 x22=0x00000059 PA:0x80008755
        2555000	       254	800003cc	0bb80a83	lb	x21,187(x16)	 x16:0x8000826e x21=0x00000070 PA:0x80008329
        2565000	       255	800003d0	00758323	sb	x7,6(x11)	 x11:0x8000808b  x7:0x00008e01 PA:0x80008091
        2575000	       256	800003d4	fcde0b83	lb	x23,-51(x28)	 x28:0x800084e0 x23=0x00000070 PA:0x800084ad
        2585000	       257	800003d8	f07e0783	lb	x15,-249(x28)	 x28:0x800084e0 x15=0xffffff9e PA:0x800083e7
        2595000	       258	800003dc	fb280083	lb	x1,-78(x16)	 x16:0x8000826e  x1=0x00000043 PA:0x80008220
        2605000	       259	800003e0	fcd5c183	lbu	x3,-51(x11)	 x11:0x8000808b  x3=0x00000066 PA:0x80008058
        2615000	       260	800003e4	0a181a23	sh	x1,180(x16)	 x16:0x8000826e  x1:0x00000043 PA:0x80008322
        2625000	       261	800003e8	060fc283	lbu	x5,96(x31)	 x31:0x80008669  x5=0x0000005b PA:0x800086c9
        2635000	       262	800003ec	feff91a3	sh	x15,-29(x31)	 x31:0x80008669 x15:0xffffff9e PA:0x8000864c
        2645000	       263	800003f0	0cee0783	lb	x15,206(x28)	 x28:0x800084e0 x15=0xffffffd7 PA:0x800085ae
        2655000	       264	800003f4	0b484c03	lbu	x24,180(x16)	 x16:0x8000826e x24=0x00000043 PA:0x80008322
        2665000	       265	800003f8	00e58f23	sb	x14,30(x11)	 x11:0x8000808b x14:0xbf85963d PA:0x800080a9
        2675000	       266	800003fc	fe058e83	lb	x29,-32(x11)	 x11:0x8000808b x29=0x0000005b PA:0x8000806b
        2685000	       267	80000400	fedc8b23	sb	x13,-10(x25)	 x25:0x800080a3 x13:0xffffffc2 PA:0x80008099
        2695000	       268	80000404	fc3e0083	lb	x1,-61(x28)	 x28:0x800084e0  x1=0x00000061 PA:0x800084a3
        2705000	       269	80000408	ff8c8d03	lb	x26,-8(x25)	 x25:0x800080a3 x26=0xffffffe6 PA:0x8000809b
        2715000	       270	8000040c	0a6e5003	lhu	x0,166(x28)	 x28:0x800084e0 PA:0x80008586
        2725000	       271	80000410	f3d80b83	lb	x23,-195(x16)	 x16:0x8000826e x23=0xffffff86 PA:0x800081ab
        2735000	       272	80000414	0045ca03	lbu	x20,4(x11)	 x11:0x8000808b x20=0x00000069 PA:0x8000808f
        2745000	       273	80000418	05ee1603	lh	x12,94(x28)	 x28:0x800084e0 x12=0x00003aac PA:0x8000853e
        2755000	       274	8000041c	0bc81623	sh	x28,172(x16)	 x16:0x8000826e x28:0x800084e0 PA:0x8000831a
        2765000	       275	80000420	016c8223	sb	x22,4(x25)	 x25:0x800080a3 x22:0x00000059 PA:0x800080a7
        2775000	       276	80000424	006cc183	lbu	x3,6(x25)	 x25:0x800080a3  x3=0x0000003d PA:0x800080a9
        2785000	       277	80000428	00008997	auipc	x19,0x8	 x19=0x80008424
        2795000	       278	8000042c	72398993	addi	x19,x19,1827	 x19:0x80008424 x19=0x80008b47
        2805000	       279	80000430	f8798ca3	sb	x7,-103(x19)	 x19:0x80008b47  x7:0x00008e01 PA:0x80008ae0
        2815000	       280	80000434	00000013	addi	x0,x0,0	  x0:0x00000000
        2825000	       281	80000438	41442393	slti	x7,x8,1044	  x8:0x0000005a  x7=0x00000001
        2835000	       282	8000043c	010b5c33	srl	x24,x22,x16	 x22:0x00000059 x16:0x8000826e x24=0x00000000
        2845000	       283	80000440	cd97ab93	slti	x23,x15,-807	 x15:0xffffffd7 x23=0x00000000
        2855000	       284	80000444	41528b33	sub	x22,x5,x21	  x5:0x0000005b x21:0x00000070 x22=0xffffffeb
        2865000	       285	80000448	00f86ab3	or	x21,x16,x15	 x16:0x8000826e x15:0xffffffd7 x21=0xffffffff
        2875000	       286	8000044c	00000013	addi	x0,x0,0	  x0:0x00000000
        2885000	       287	80000450	54acc493	xori	x9,x25,1354	 x25:0x800080a3  x9=0x800085e9
        2895000	       288	80000454	0025c833	xor	x16,x11,x2	 x11:0x8000808b  x2:0xffffffcf x16=0x7fff7f44
        2905000	       289	80000458	f8a64917	auipc	x18,0xf8a64	 x18=0x78a64454
        2915000	       290	8000045c	b64d8693	addi	x13,x27,-1180	 x27:0x80009fc4 x13=0x80009b28
        2925000	       291	80000460	abb5ee93	ori	x29,x11,-1349	 x11:0x8000808b x29=0xfffffabb
        2935000	       292	80000464	f6e9cc83	lbu	x25,-146(x19)	 x19:0x80008b47 x25=0x00000037 PA:0x80008ab5
        2945000	       293	80000468	4114d693	srai	x13,x9,0x11	  x9:0x800085e9 x13=0xffffc000
        2955000	       294	8000046c	017a8a33	add	x20,x21,x23	 x21:0xffffffff x23:0x00000000 x20=0xffffffff
        2965000	       295	80000470	40d0de93	srai	x29,x1,0xd	  x1:0x00000061 x29=0x00000000
        2975000	       296	80000474	00f69233	sll	x4,x13,x15	 x13:0xffffc000 x15:0xffffffd7  x4=0x00000000
        2985000	       297	80000478	07b99403	lh	x8,123(x19)	 x19:0x80008b47  x8=0xffffb28c PA:0x80008bc2
        2995000	       298	8000047c	07c9cf03	lbu	x30,124(x19)	 x19:0x80008b47 x30=0x000000b2 PA:0x80008bc3
        3005000	       299	80000480	01133633	sltu	x12,x6,x17	  x6:0x000000cf x17:0x000000c7 x12=0x00000000
        3015000	       300	80000484	f3098d23	sb	x16,-198(x19)	 x19:0x80008b47 x16:0x7fff7f44 PA:0x80008a81
        3025000	       301	80000488	f6b98603	lb	x12,-149(x19)	 x19:0x80008b47 x12=0xffffffaa PA:0x80008ab2
        3035000	       302	8000048c	08d99583	lh	x11,141(x19)	 x19:0x80008b47 x11=0xffffb589 PA:0x80008bd4
        3045000	       303	80000490	e93bb4b7	lui	x9,0xe93bb	  x9=0xe93bb000
        3055000	       304	80000494	411a5833	sra	x16,x20,x17	 x20:0xffffffff x17:0x000000c7 x16=0xffffffff
        3065000	       305	80000498	003ada33	srl	x20,x21,x3	 x21:0xffffffff  x3:0x0000003d x20=0x00000007
        3075000	       306	8000049c	0187b7b3	sltu	x15,x15,x24	 x15:0xffffffd7 x24:0x00000000 x15=0x00000000
        3085000	       307	800004a0	402b5633	sra	x12,x22,x2	 x22:0xffffffeb  x2:0xffffffcf x12=0xffffffff
        3095000	       308	800004a4	0ca9c903	lbu	x18,202(x19)	 x19:0x80008b47 x18=0x00000040 PA:0x80008c11
        3105000	       309	800004a8	0359a103	lw	x2,53(x19)	 x19:0x80008b47  x2=0x05b186a1 PA:0x80008b7c
        3115000	       310	800004ac	009cb8b3	sltu	x17,x25,x9	 x25:0x00000037  x9:0xe93bb000 x17=0x00000001
        3125000	       311	800004b0	0162c7b3	xor	x15,x5,x22	  x5:0x0000005b x22:0xffffffeb x15=0xffffffb0
        3135000	       312	800004b4	025983a3	sb	x5,39(x19)	 x19:0x80008b47  x5:0x0000005b PA:0x80008b6e
        3145000	       313	800004b8	0181f633	and	x12,x3,x24	  x3:0x0000003d x24:0x00000000 x12=0x00000000
        3155000	       314	800004bc	f2199683	lh	x13,-223(x19)	 x19:0x80008b47 x13=0x00005888 PA:0x80008a68
        3165000	       315	800004c0	00009497	auipc	x9,0x9	  x9=0x800094bc
        3175000	       316	800004c4	8ef48493	addi	x9,x9,-1809	  x9:0x800094bc  x9=0x80008dab
        3185000	       317	800004c8	f154a603	lw	x12,-235(x9)	  x9:0x80008dab x12=0x1d520ecd PA:0x80008cc0
        3195000	       318	800004cc	0da48c23	sb	x26,216(x9)	  x9:0x80008dab x26:0xffffffe6 PA:0x80008e83
        3205000	       319	800004d0	002a63b3	or	x7,x20,x2	 x20:0x00000007  x2:0x05b186a1  x7=0x05b186a7
        3215000	       320	800004d4	0d848883	lb	x17,216(x9)	  x9:0x80008dab x17=0xffffffe6 PA:0x80008e83
        3225000	       321	800004d8	00881a93	slli	x21,x16,0x8	 x16:0xffffffff x21=0xffffff00
        3235000	       322	800004dc	0d84c083	lbu	x1,216(x9)	  x9:0x80008dab  x1=0x000000e6 PA:0x80008e83
        3245000	       323	800004e0	0d84c803	lbu	x16,216(x9)	  x9:0x80008dab x16=0x000000e6 PA:0x80008e83
        3255000	       324	800004e4	f6548603	lb	x12,-155(x9)	  x9:0x80008dab x12=0xffffff89 PA:0x80008d10
        3265000	       325	800004e8	008fdeb3	srl	x29,x31,x8	 x31:0x80008669  x8:0xffffb28c x29=0x00080008
        3275000	       326	800004ec	f654ae03	lw	x28,-155(x9)	  x9:0x80008dab x28=0x45682e89 PA:0x80008d10
        3285000	       327	800004f0	418a85b3	sub	x11,x21,x24	 x21:0xffffff00 x24:0x00000000 x11=0xffffff00
        3295000	       328	800004f4	f654d303	lhu	x6,-155(x9)	  x9:0x80008dab  x6=0x00002e89 PA:0x80008d10
        3305000	       329	800004f8	f88494a3	sh	x8,-119(x9)	  x9:0x80008dab  x8:0xffffb28c PA:0x80008d34
        3315000	       330	800004fc	01316633	or	x12,x2,x19	  x2:0x05b186a1 x19:0x80008b47 x12=0x85b18fe7
        3325000	       331	80000500	0a54d303	lhu	x6,165(x9)	  x9:0x80008dab  x6=0x0000fdce PA:0x80008e50
        3335000	       332	80000504	0179bbb3	sltu	x23,x19,x23	 x19:0x80008b47 x23:0x00000000 x23=0x00000000
        3345000	       333	80000508	0a7492a3	sh	x7,165(x9)	  x9:0x80008dab  x7:0x05b186a7 PA:0x80008e50
        3355000	       334	8000050c	00008117	auipc	x2,0x8	  x2=0x80008508
        3365000	       335	80000510	2f910113	addi	x2,x2,761	  x2:0x80008508  x2=0x80008801
        3375000	       336	80000514	5b208d13	addi	x26,x1,1458	  x1:0x000000e6 x26=0x00000698
        3385000	       337	80000518	cc2117a3	sh	x2,-817(x2)	  x2:0x80008801  x2:0x80008801 PA:0x800084d0
        3395000	       338	8000051c	dd510483	lb	x9,-555(x2)	  x2:0x80008801  x9=0x00000028 PA:0x800085d6
        3405000	       339	80000520	bcf62193	slti	x3,x12,-1073	 x12:0x85b18fe7  x3=0x00000001
        3415000	       340	80000524	4026df13	srai	x30,x13,0x2	 x13:0x00005888 x30=0x00001622
        3425000	       341	80000528	00e6eeb3	or	x29,x13,x14	 x13:0x00005888 x14:0xbf85963d x29=0xbf85debd
        3435000	       342	8000052c	0181f2b3	and	x5,x3,x24	  x3:0x00000001 x24:0x00000000  x5=0x00000000
        3445000	       343	80000530	01ee84b3	add	x9,x29,x30	 x29:0xbf85debd x30:0x00001622  x9=0xbf85f4df
        3455000	       344	80000534	01963bb3	sltu	x23,x12,x25	 x12:0x85b18fe7 x25:0x00000037 x23=0x00000000
        3465000	       345	80000538	87d10d23	sb	x29,-1926(x2)	  x2:0x80008801 x29:0xbf85debd PA:0x8000807b
        3475000	       346	8000053c	005f1913	slli	x18,x30,0x5	 x30:0x00001622 x18=0x0002c440
        3485000	       347	80000540	0140d013	srli	x0,x1,0x14	  x1:0x000000e6
        3495000	       348	80000544	01a591b3	sll	x3,x11,x26	 x11:0xffffff00 x26:0x00000698  x3=0x00000000
        3505000	       349	80000548	a9afe613	ori	x12,x31,-1382	 x31:0x80008669 x12=0xfffffefb
        3515000	       350	8000054c	00e398b3	sll	x17,x7,x14	  x7:0x05b186a7 x14:0xbf85963d x17=0xe0000000
        3525000	       351	80000550	aea60693	addi	x13,x12,-1302	 x12:0xfffffefb x13=0xfffff9e5
        3535000	       352	80000554	f8510d23	sb	x5,-102(x2)	  x2:0x80008801  x5:0x00000000 PA:0x8000879b
        3545000	       353	80000558	86310da3	sb	x3,-1925(x2)	  x2:0x80008801  x3:0x00000000 PA:0x8000807c
        3555000	       354	8000055c	b79107a3	sb	x25,-1169(x2)	  x2:0x80008801 x25:0x00000037 PA:0x80008370
        3565000	       355	80000560	fc4103a3	sb	x4,-57(x2)	  x2:0x80008801  x4:0x00000000 PA:0x800087c8
        3575000	       356	80000564	48ef2993	slti	x19,x30,1166	 x30:0x00001622 x19=0x00000000
        3585000	       357	80000568	a8df2e37	lui	x28,0xa8df2	 x28=0xa8df2000
        3595000	       358	8000056c	bc8114a3	sh	x8,-1079(x2)	  x2:0x80008801  x8:0xffffb28c PA:0x800083ca
        3605000	       359	80000570	4b18b7b7	lui	x15,0x4b18b	 x15=0x4b18b000
        3615000	       360	80000574	41248fb3	sub	x31,x9,x18	  x9:0xbf85f4df x18:0x0002c440 x31=0xbf83309f
        3625000	       361	80000578	e6d15483	lhu	x9,-403(x2)	  x2:0x80008801  x9=0x0000d8f2 PA:0x8000866e
        3635000	       362	8000057c	a0f10823	sb	x15,-1520(x2)	  x2:0x80008801 x15:0x4b18b000 PA:0x80008211
        3645000	       363	80000580	ff210a03	lb	x20,-14(x2)	  x2:0x80008801 x20=0x00000078 PA:0x800087f3
        3655000	       364	80000584	01861f93	slli	x31,x12,0x18	 x12:0xfffffefb x31=0xfb000000
        3665000	       365	80000588	413654b3	sra	x9,x12,x19	 x12:0xfffffefb x19:0x00000000  x9=0xfffffefb
        3675000	       366	8000058c	00761e13	slli	x28,x12,0x7	 x12:0xfffffefb x28=0xffff7d80
        3685000	       367	80000590	01c0acb3	slt	x25,x1,x28	  x1:0x000000e6 x28:0xffff7d80 x25=0x00000000
        3695000	       368	80000594	f1014583	lbu	x11,-240(x2)	  x2:0x80008801 x11=0x0000008a PA:0x80008711
        3705000	       369	80000598	5f093693	sltiu	x13,x18,1520	 x18:0x0002c440 x13=0x00000000
        3715000	       370	8000059c	404fd933	sra	x18,x31,x4	 x31:0xfb000000  x4:0x00000000 x18=0xfb000000
        3725000	       371	800005a0	c8514e03	lbu	x28,-891(x2)	  x2:0x80008801 x28=0x000000f8 PA:0x80008486
        3735000	       372	800005a4	00008997	auipc	x19,0x8	 x19=0x800085a0
        3745000	       373	800005a8	13898993	addi	x19,x19,312	 x19:0x800085a0 x19=0x800086d8
        3755000	       374	800005ac	f9e980a3	sb	x30,-127(x19)	 x19:0x800086d8 x30:0x00001622 PA:0x80008659
        3765000	       375	800005b0	d3f9cc03	lbu	x24,-705(x19)	 x19:0x800086d8 x24=0x000000fa PA:0x80008417
        3775000	       376	800005b4	ef09a083	lw	x1,-272(x19)	 x19:0x800086d8  x1=0x085f9be8 PA:0x800085c8
        3785000	       377	800005b8	be6faf93	slti	x31,x31,-1050	 x31:0xfb000000 x31=0x00000001
        3795000	       378	800005bc	41585d13	srai	x26,x16,0x15	 x16:0x000000e6 x26=0x00000000
        3805000	       379	800005c0	0ee4c313	xori	x6,x9,238	  x9:0xfffffefb  x6=0xfffffe15
        3815000	       380	800005c4	ef398823	sb	x19,-272(x19)	 x19:0x800086d8 x19:0x800086d8 PA:0x800085c8
        3825000	       381	800005c8	c169d283	lhu	x5,-1002(x19)	 x19:0x800086d8  x5=0x0000f9c2 PA:0x800082ee
        3835000	       382	800005cc	b3a9dd03	lhu	x26,-1222(x19)	 x19:0x800086d8 x26=0x0000c272 PA:0x80008212
        3845000	       383	00000000	00000013	addi	x0,x0,0	  x0:0x00000000
        3855000	       384	800005d0	b3a99283	lh	x5,-1222(x19)	 x19:0x800086d8  x5=0xffffc272 PA:0x80008212
        3865000	       385	800005d4	ddc99383	lh	x7,-548(x19)	 x19:0x800086d8  x7=0x00004468 PA:0x800084b4
        3875000	       386	800005d8	b13b1fb7	lui	x31,0xb13b1	 x31=0xb13b1000
        3885000	       387	800005dc	bd899223	sh	x24,-1084(x19)	 x19:0x800086d8 x24:0x000000fa PA:0x8000829c
        3895000	       388	800005e0	d7898b23	sb	x24,-650(x19)	 x19:0x800086d8 x24:0x000000fa PA:0x8000844e
        3905000	       389	800005e4	d7299b23	sh	x18,-650(x19)	 x19:0x800086d8 x18:0xfb000000 PA:0x8000844e
        3915000	       390	800005e8	9ad9ce83	lbu	x29,-1619(x19)	 x19:0x800086d8 x29=0x00000056 PA:0x80008085
        3925000	       391	800005ec	00008917	auipc	x18,0x8	 x18=0x800085e8
        3935000	       392	800005f0	51290913	addi	x18,x18,1298	 x18:0x800085e8 x18=0x80008afa
        3945000	       393	800005f4	f2691723	sh	x6,-210(x18)	 x18:0x80008afa  x6:0xfffffe15 PA:0x80008a28
        3955000	       394	800005f8	f2e92103	lw	x2,-210(x18)	 x18:0x80008afa  x2=0xb0d0fe15 PA:0x80008a28
        3965000	       395	800005fc	01a1d233	srl	x4,x3,x26	  x3:0x00000000 x26:0x0000c272  x4=0x00000000
        3975000	       396	80000600	f3290723	sb	x18,-210(x18)	 x18:0x80008afa x18:0x80008afa PA:0x80008a28
        3985000	       397	80000604	f2e90b03	lb	x22,-210(x18)	 x18:0x80008afa x22=0xfffffffa PA:0x80008a28
        3995000	       398	80000608	4179d9b3	sra	x19,x19,x23	 x19:0x800086d8 x23:0x00000000 x19=0x800086d8
        4005000	       399	8000060c	f6692203	lw	x4,-154(x18)	 x18:0x80008afa  x4=0x96e20653 PA:0x80008a60
        4015000	       400	80000610	f6694983	lbu	x19,-154(x18)	 x18:0x80008afa x19=0x00000053 PA:0x80008a60
        4025000	       401	80000614	41920cb3	sub	x25,x4,x25	  x4:0x96e20653 x25:0x00000000 x25=0x96e20653
        4035000	       402	80000618	06a90223	sb	x10,100(x18)	 x18:0x80008afa x10:0x80009f84 PA:0x80008b5e
        4045000	       403	8000061c	06f90223	sb	x15,100(x18)	 x18:0x80008afa x15:0x4b18b000 PA:0x80008b5e
        4055000	       404	80000620	07390223	sb	x19,100(x18)	 x18:0x80008afa x19:0x00000053 PA:0x80008b5e
        4065000	       405	80000624	fcc91a23	sh	x12,-44(x18)	 x18:0x80008afa x12:0xfffffefb PA:0x80008ace
        4075000	       406	80000628	fd494e83	lbu	x29,-44(x18)	 x18:0x80008afa x29=0x000000fb PA:0x80008ace
        4085000	       407	8000062c	fd495383	lhu	x7,-44(x18)	 x18:0x80008afa  x7=0x0000fefb PA:0x80008ace
        4095000	       408	80000630	fcf91a23	sh	x15,-44(x18)	 x18:0x80008afa x15:0x4b18b000 PA:0x80008ace
        4105000	       409	80000634	0130fe33	and	x28,x1,x19	  x1:0x085f9be8 x19:0x00000053 x28=0x00000040
        4115000	       410	80000638	005601b3	add	x3,x12,x5	 x12:0xfffffefb  x5:0xffffc272  x3=0xffffc16d
        4125000	       411	8000063c	02f90883	lb	x17,47(x18)	 x18:0x80008afa x17=0xfffffffa PA:0x80008b29
        4135000	       412	80000640	64868c93	addi	x25,x13,1608	 x13:0x00000000 x25=0x00000648
        4145000	       413	80000644	f76902a3	sb	x22,-155(x18)	 x18:0x80008afa x22:0xfffffffa PA:0x80008a5f
        4155000	       414	80000648	00008497	auipc	x9,0x8	  x9=0x80008644
        4165000	       415	8000064c	71348493	addi	x9,x9,1811	  x9:0x80008644  x9=0x80008d57
        4175000	       416	80000650	001c7033	and	x0,x24,x1	 x24:0x000000fa  x1:0x085f9be8
        4185000	       417	80000654	d4c48e03	lb	x28,-692(x9)	  x9:0x80008d57 x28=0x00000025 PA:0x80008aa3
        4195000	       418	80000658	53223213	sltiu	x4,x4,1330	  x4:0x96e20653  x4=0x00000000
        4205000	       419	8000065c	b1b4c083	lbu	x1,-1253(x9)	  x9:0x80008d57  x1=0x00000064 PA:0x80008872
        4215000	       420	80000660	000f26b3	slt	x13,x30,x0	 x30:0x00001622  x0:0x00000000 x13=0x00000000
        4225000	       421	80000664	88738e13	addi	x28,x7,-1913	  x7:0x0000fefb x28=0x0000f782
        4235000	       422	80000668	fa448683	lb	x13,-92(x9)	  x9:0x80008d57 x13=0xffffffaf PA:0x80008cfb
        4245000	       423	8000066c	b1a4e313	ori	x6,x9,-1254	  x9:0x80008d57  x6=0xffffff5f
        4255000	       424	80000670	00000013	addi	x0,x0,0	  x0:0x00000000
        4265000	       425	80000674	b6e8a893	slti	x17,x17,-1170	 x17:0xfffffffa x17=0x00000000
        4275000	       426	80000678	b824ca03	lbu	x20,-1150(x9)	  x9:0x80008d57 x20=0x000000f1 PA:0x800088d9
        4285000	       427	8000067c	dea4c783	lbu	x15,-534(x9)	  x9:0x80008d57 x15=0x000000fb PA:0x80008b41
        4295000	       428	80000680	ce1484a3	sb	x1,-791(x9)	  x9:0x80008d57  x1:0x00000064 PA:0x80008a40
        4305000	       429	80000684	c10482a3	sb	x16,-1019(x9)	  x9:0x80008d57 x16:0x000000e6 PA:0x8000895c
        4315000	       430	80000688	0ec48583	lb	x11,236(x9)	  x9:0x80008d57 x11=0xffffff80 PA:0x80008e43
        4325000	       431	8000068c	e724c883	lbu	x17,-398(x9)	  x9:0x80008d57 x17=0x00000014 PA:0x80008bc9
        4335000	       432	80000690	f9b48ba3	sb	x27,-105(x9)	  x9:0x80008d57 x27:0x80009fc4 PA:0x80008cee
        4345000	       433	80000694	d304aca3	sw	x16,-711(x9)	  x9:0x80008d57 x16:0x000000e6 PA:0x80008a90
        4355000	       434	80000698	04248b03	lb	x22,66(x9)	  x9:0x80008d57 x22=0x00000045 PA:0x80008d99
        4365000	       435	8000069c	2614a683	lw	x13,609(x9)	  x9:0x80008d57 x13=0xa96046fd PA:0x80008fb8
        4375000	       436	800006a0	01af8333	add	x6,x31,x26	 x31:0xb13b1000 x26:0x0000c272  x6=0xb13bd272
        4385000	       437	800006a4	aea48623	sb	x10,-1300(x9)	  x9:0x80008d57 x10:0x80009f84 PA:0x80008843
        4395000	       438	800006a8	00eebeb3	sltu	x29,x29,x14	 x29:0x000000fb x14:0xbf85963d x29=0x00000001
        4405000	       439	800006ac	c0648a23	sb	x6,-1004(x9)	  x9:0x80008d57  x6:0xb13bd272 PA:0x8000896b
        4415000	       440	800006b0	06248023	sb	x2,96(x9)	  x9:0x80008d57  x2:0xb0d0fe15 PA:0x80008db7
        4425000	       441	800006b4	3b006113	ori	x2,x0,944	  x0:0x00000000  x2=0x000003b0
        4435000	       442	800006b8	33976797	auipc	x15,0x33976	 x15=0xb39766b4
        4445000	       443	800006bc	0b648023	sb	x22,160(x9)	  x9:0x80008d57 x22:0x00000045 PA:0x80008df7
        4455000	       444	800006c0	c824c403	lbu	x8,-894(x9)	  x9:0x80008d57  x8=0x00000089 PA:0x800089d9
        4465000	       445	800006c4	ee948003	lb	x0,-279(x9)	  x9:0x80008d57 PA:0x80008c40
        4475000	       446	800006c8	00949193	slli	x3,x9,0x9	  x9:0x80008d57  x3=0x011aae00
        4485000	       447	800006cc	55782f17	auipc	x30,0x55782	 x30=0xd57826c8
        4495000	       448	800006d0	1c74d283	lhu	x5,455(x9)	  x9:0x80008d57  x5=0x0000c7a4 PA:0x80008f1e
        4505000	       449	800006d4	0144a0b3	slt	x1,x9,x20	  x9:0x80008d57 x20:0x000000f1  x1=0x00000001
        4515000	       450	800006d8	b854c603	lbu	x12,-1147(x9)	  x9:0x80008d57 x12=0x0000007b PA:0x800088dc
        4525000	       451	800006dc	f7b4d803	lhu	x16,-133(x9)	  x9:0x80008d57 x16=0x00001d42 PA:0x80008cd2
        4535000	       452	800006e0	00dfb333	sltu	x6,x31,x13	 x31:0xb13b1000 x13:0xa96046fd  x6=0x00000000
        4545000	       453	800006e4	1314ae83	lw	x29,305(x9)	  x9:0x80008d57 x29=0xe85262fb PA:0x80008e88
        4555000	       454	800006e8	23f49f83	lh	x31,575(x9)	  x9:0x80008d57 x31=0x0000697a PA:0x80008f96
        4565000	       455	800006ec	25d49803	lh	x16,605(x9)	  x9:0x80008d57 x16=0x00003114 PA:0x80008fb4
        4575000	       456	800006f0	21298113	addi	x2,x19,530	 x19:0x00000053  x2=0x00000265
        4585000	       457	800006f4	002bfa33	and	x20,x23,x2	 x23:0x00000000  x2:0x00000265 x20=0x00000000
        4595000	       458	800006f8	b5749ba3	sh	x23,-1193(x9)	  x9:0x80008d57 x23:0x00000000 PA:0x800088ae
        4605000	       459	800006fc	05748423	sb	x23,72(x9)	  x9:0x80008d57 x23:0x00000000 PA:0x80008d9f
        4615000	       460	80000700	00008a17	auipc	x20,0x8	 x20=0x800086fc
        4625000	       461	80000704	681a0a13	addi	x20,x20,1665	 x20:0x800086fc x20=0x80008d7d
        4635000	       462	80000708	020a4803	lbu	x16,32(x20)	 x20:0x80008d7d x16=0x00000009 PA:0x80008d9d
        4645000	       463	8000070c	00008497	auipc	x9,0x8	  x9=0x80008708
        4655000	       464	80000710	5bb48493	addi	x9,x9,1467	  x9:0x80008708  x9=0x80008cc3
        4665000	       465	80000714	00008797	auipc	x15,0x8	 x15=0x80008710
        4675000	       466	80000718	69d78793	addi	x15,x15,1693	 x15:0x80008710 x15=0x80008dad
        4685000	       467	8000071c	00008097	auipc	x1,0x8	  x1=0x80008718
        4695000	       468	80000720	70f08093	addi	x1,x1,1807	  x1:0x80008718  x1=0x80008e27
        4705000	       469	80000724	158a0b23	sb	x24,342(x20)	 x20:0x80008d7d x24:0x000000fa PA:0x80008ed3
        4715000	       470	80000728	0e448ba3	sb	x4,247(x9)	  x9:0x80008cc3  x4:0x00000000 PA:0x80008dba
        4725000	       471	8000072c	ff008183	lb	x3,-16(x1)	  x1:0x80008e27  x3=0xffffffa9 PA:0x80008e17
        4735000	       472	80000730	01778023	sb	x23,0(x15)	 x15:0x80008dad x23:0x00000000 PA:0x80008dad
        4745000	       473	80000734	0f64c383	lbu	x7,246(x9)	  x9:0x80008cc3  x7=0x0000002c PA:0x80008db9
        4755000	       474	80000738	0cda21a3	sw	x13,195(x20)	 x20:0x80008d7d x13:0xa96046fd PA:0x80008e40
        4765000	       475	8000073c	00878f03	lb	x30,8(x15)	 x15:0x80008dad x30=0xffffff90 PA:0x80008db5
        4775000	       476	80000740	ff478c03	lb	x24,-12(x15)	 x15:0x80008dad x24=0xffffffef PA:0x80008da1
        4785000	       477	80000744	ff708383	lb	x7,-9(x1)	  x1:0x80008e27  x7=0x00000030 PA:0x80008e1e
        4795000	       478	80000748	0ef49003	lh	x0,239(x9)	  x9:0x80008cc3 PA:0x80008db2
        4805000	       479	8000074c	adda0c03	lb	x24,-1315(x20)	 x20:0x80008d7d x24=0x0000003f PA:0x8000885a
        4815000	       480	80000750	034083a3	sb	x20,39(x1)	  x1:0x80008e27 x20:0x80008d7d PA:0x80008e4e
        4825000	       481	80000754	00478d03	lb	x26,4(x15)	 x15:0x80008dad x26=0xffffffd5 PA:0x80008db1
        4835000	       482	80000758	f5d486a3	sb	x29,-179(x9)	  x9:0x80008cc3 x29:0xe85262fb PA:0x80008c10
        4845000	       483	8000075c	02008923	sb	x0,50(x1)	  x1:0x80008e27  x0:0x00000000 PA:0x80008e59
        4855000	       484	80000760	1f9a5e03	lhu	x28,505(x20)	 x20:0x80008d7d x28=0x00008d73 PA:0x80008f76
        4865000	       485	80000764	0100c583	lbu	x11,16(x1)	  x1:0x80008e27 x11=0x00000001 PA:0x80008e37
        4875000	       486	80000768	ffe48383	lb	x7,-2(x9)	  x9:0x80008cc3  x7=0x0000000e PA:0x80008cc1
        4885000	       487	8000076c	feb0da83	lhu	x21,-21(x1)	  x1:0x80008e27 x21=0x0000827c PA:0x80008e12
        4895000	       488	00000000	00000013	addi	x0,x0,0	  x0:0x00000000
        4905000	       489	80000770	fd50c683	lbu	x13,-43(x1)	  x1:0x80008e27 x13=0x00000025 PA:0x80008dfc
        4915000	       490	80000774	254a03a3	sb	x20,583(x20)	 x20:0x80008d7d x20:0x80008d7d PA:0x80008fc4
        4925000	       491	80000778	022487a3	sb	x2,47(x9)	  x9:0x80008cc3  x2:0x00000265 PA:0x80008cf2
        4935000	       492	8000077c	000785a3	sb	x0,11(x15)	 x15:0x80008dad  x0:0x00000000 PA:0x80008db8
        4945000	       493	80000780	0d04cf03	lbu	x30,208(x9)	  x9:0x80008cc3 x30=0x00000035 PA:0x80008d93
        4955000	       494	80000784	dcca27a3	sw	x12,-561(x20)	 x20:0x80008d7d x12:0x0000007b PA:0x80008b4c
        4965000	       495	80000788	ffd7de83	lhu	x29,-3(x15)	 x15:0x80008dad x29=0x0000e080 PA:0x80008daa
        4975000	       496	8000078c	f7a48f83	lb	x31,-134(x9)	  x9:0x80008cc3 x31=0x0000002f PA:0x80008c3d
        4985000	       497	80000790	fd808203	lb	x4,-40(x1)	  x1:0x80008e27  x4=0x00000003 PA:0x80008dff
        4995000	       498	80000794	fc60c583	lbu	x11,-58(x1)	  x1:0x80008e27 x11=0x000000c3 PA:0x80008ded
        5005000	       499	80000798	ff37cd03	lbu	x26,-13(x15)	 x15:0x80008dad x26=0x00000033 PA:0x80008da0
        5015000	       500	8000079c	00008117	auipc	x2,0x8	  x2=0x80008798
        5025000	       501	800007a0	e9610113	addi	x2,x2,-362	  x2:0x80008798  x2=0x8000862e
        5035000	       502	800007a4	01110023	sb	x17,0(x2)	  x2:0x8000862e x17:0x00000014 PA:0x8000862e
        5045000	       503	800007a8	ff714783	lbu	x15,-9(x2)	  x2:0x8000862e x15=0x0000006f PA:0x80008625
        5055000	       504	800007ac	00015583	lhu	x11,0(x2)	  x2:0x8000862e x11=0x00008d14 PA:0x8000862e
        5065000	       505	800007b0	404f5fb3	sra	x31,x30,x4	 x30:0x00000035  x4:0x00000003 x31=0x00000006
        5075000	       506	800007b4	ff314183	lbu	x3,-13(x2)	  x2:0x8000862e  x3=0x00000011 PA:0x80008621
        5085000	       507	800007b8	400f5c33	sra	x24,x30,x0	 x30:0x00000035  x0:0x00000000 x24=0x00000035
        5095000	       508	800007bc	009660b3	or	x1,x12,x9	 x12:0x0000007b  x9:0x80008cc3  x1=0x80008cfb
        5105000	       509	800007c0	fe710ca3	sb	x7,-7(x2)	  x2:0x8000862e  x7:0x0000000e PA:0x80008627
        5115000	       510	800007c4	7d1cc393	xori	x7,x25,2001	 x25:0x00000648  x7=0x00000199
        5125000	       511	800007c8	01015183	lhu	x3,16(x2)	  x2:0x8000862e  x3=0x0000d2ec PA:0x8000863e
        5135000	       512	800007cc	00000013	addi	x0,x0,0	  x0:0x00000000
        5145000	       513	800007d0	fe0108a3	sb	x0,-15(x2)	  x2:0x8000862e  x0:0x00000000 PA:0x8000861f
        5155000	       514	800007d4	00111323	sh	x1,6(x2)	  x2:0x8000862e  x1:0x80008cfb PA:0x80008634
        5165000	       515	800007d8	00f14e03	lbu	x28,15(x2)	  x2:0x8000862e x28=0x00000099 PA:0x8000863d
        5175000	       516	800007dc	e177f913	andi	x18,x15,-489	 x15:0x0000006f x18=0x00000007
        5185000	       517	800007e0	ff810003	lb	x0,-8(x2)	  x2:0x8000862e PA:0x80008626
        5195000	       518	800007e4	4bc37337	lui	x6,0x4bc37	  x6=0x4bc37000
        5205000	       519	800007e8	41030b33	sub	x22,x6,x16	  x6:0x4bc37000 x16:0x00000009 x22=0x4bc36ff7
        5215000	       520	800007ec	0105e333	or	x6,x11,x16	 x11:0x00008d14 x16:0x00000009  x6=0x00008d1d
        5225000	       521	800007f0	ff710183	lb	x3,-9(x2)	  x2:0x8000862e  x3=0x0000006f PA:0x80008625
        5235000	       522	800007f4	018ab333	sltu	x6,x21,x24	 x21:0x0000827c x24:0x00000035  x6=0x00000000
        5245000	       523	800007f8	00314c83	lbu	x25,3(x2)	  x2:0x8000862e x25=0x00000037 PA:0x80008631
        5255000	       524	800007fc	00c102a3	sb	x12,5(x2)	  x2:0x8000862e x12:0x0000007b PA:0x80008633
        5265000	       525	80000800	fe211c23	sh	x2,-8(x2)	  x2:0x8000862e  x2:0x8000862e PA:0x80008626
        5275000	       526	80000804	ff314d03	lbu	x26,-13(x2)	  x2:0x8000862e x26=0x00000011 PA:0x80008621
        5285000	       527	80000808	01e10223	sb	x30,4(x2)	  x2:0x8000862e x30:0x00000035 PA:0x80008632
        5295000	       528	8000080c	00598433	add	x8,x19,x5	 x19:0x00000053  x5:0x0000c7a4  x8=0x0000c7f7
        5305000	       529	80000810	00ad5f13	srli	x30,x26,0xa	 x26:0x00000011 x30=0x00000000
        5315000	       530	80000814	ffa10683	lb	x13,-6(x2)	  x2:0x8000862e x13=0x00000045 PA:0x80008628
        5325000	       531	80000818	00e15403	lhu	x8,14(x2)	  x2:0x8000862e  x8=0x0000996f PA:0x8000863c
        5335000	       532	8000081c	00d10203	lb	x4,13(x2)	  x2:0x8000862e  x4=0x00000001 PA:0x8000863b
        5345000	       533	80000820	419f0b33	sub	x22,x30,x25	 x30:0x00000000 x25:0x00000037 x22=0xffffffc9
        5355000	       534	80000824	01ca1093	slli	x1,x20,0x1c	 x20:0x80008d7d  x1=0xd0000000
        5365000	       535	80000828	ff110f83	lb	x31,-15(x2)	  x2:0x8000862e x31=0x00000000 PA:0x8000861f
        5375000	       536	8000082c	ffd10e03	lb	x28,-3(x2)	  x2:0x8000862e x28=0x00000010 PA:0x8000862b
        5385000	       537	80000830	00c14383	lbu	x7,12(x2)	  x2:0x8000862e  x7=0x00000054 PA:0x8000863a
        5395000	       538	80000834	00e10583	lb	x11,14(x2)	  x2:0x8000862e x11=0x0000006f PA:0x8000863c
        5405000	       539	80000838	00e10903	lb	x18,14(x2)	  x2:0x8000862e x18=0x0000006f PA:0x8000863c
        5415000	       540	8000083c	fff14303	lbu	x6,-1(x2)	  x2:0x8000862e  x6=0x000000bf PA:0x8000862d
        5425000	       541	80000840	00008597	auipc	x11,0x8	 x11=0x8000883c
        5435000	       542	80000844	ea058593	addi	x11,x11,-352	 x11:0x8000883c x11=0x800086dc
        5445000	       543	80000848	0045a683	lw	x13,4(x11)	 x11:0x800086dc x13=0xb27d0f49 PA:0x800086e0
        5455000	       544	8000084c	0045d283	lhu	x5,4(x11)	 x11:0x800086dc  x5=0x00000f49 PA:0x800086e0
        5465000	       545	80000850	00000013	addi	x0,x0,0	  x0:0x00000000
        5475000	       546	80000854	00358483	lb	x9,3(x11)	 x11:0x800086dc  x9=0xffffff85 PA:0x800086df
        5485000	       547	80000858	01f58823	sb	x31,16(x11)	 x11:0x800086dc x31:0x00000000 PA:0x800086ec
        5495000	       548	8000085c	01558823	sb	x21,16(x11)	 x11:0x800086dc x21:0x0000827c PA:0x800086ec
        5505000	       549	80000860	0105d403	lhu	x8,16(x11)	 x11:0x800086dc  x8=0x0000427c PA:0x800086ec
        5515000	       550	80000864	f1c50293	addi	x5,x10,-228	 x10:0x80009f84  x5=0x80009ea0
        5525000	       551	80000868	01759823	sh	x23,16(x11)	 x11:0x800086dc x23:0x00000000 PA:0x800086ec
        5535000	       552	8000086c	fe15ce03	lbu	x28,-31(x11)	 x11:0x800086dc x28=0x000000f1 PA:0x800086bd
        5545000	       553	80000870	00cab2b3	sltu	x5,x21,x12	 x21:0x0000827c x12:0x0000007b  x5=0x00000000
        5555000	       554	80000874	0115cb03	lbu	x22,17(x11)	 x11:0x800086dc x22=0x00000000 PA:0x800086ed
        5565000	       555	80000878	0115c183	lbu	x3,17(x11)	 x11:0x800086dc  x3=0x00000000 PA:0x800086ed
        5575000	       556	8000087c	016f8eb3	add	x29,x31,x22	 x31:0x00000000 x22:0x00000000 x29=0x00000000
        5585000	       557	80000880	00290833	add	x16,x18,x2	 x18:0x0000006f  x2:0x8000862e x16=0x8000869d
        5595000	       558	80000884	00a588a3	sb	x10,17(x11)	 x11:0x800086dc x10:0x80009f84 PA:0x800086ed
        5605000	       559	80000888	00008597	auipc	x11,0x8	 x11=0x80008884
        5615000	       560	8000088c	28358593	addi	x11,x11,643	 x11:0x80008884 x11=0x80008b07
        5625000	       561	80000890	00008817	auipc	x16,0x8	 x16=0x8000888c
        5635000	       562	80000894	10680813	addi	x16,x16,262	 x16:0x8000888c x16=0x80008992
        5645000	       563	80000898	32a58123	sb	x10,802(x11)	 x11:0x80008b07 x10:0x80009f84 PA:0x80008e29
        5655000	       564	8000089c	4b65a8a3	sw	x22,1201(x11)	 x11:0x80008b07 x22:0x00000000 PA:0x80008fb8
        5665000	       565	800008a0	fed84b83	lbu	x23,-19(x16)	 x16:0x80008992 x23=0x0000006b PA:0x8000897f
        5675000	       566	800008a4	fa9589a3	sb	x9,-77(x11)	 x11:0x80008b07  x9:0xffffff85 PA:0x80008aba
        5685000	       567	800008a8	f81800a3	sb	x1,-127(x16)	 x16:0x80008992  x1:0xd0000000 PA:0x80008913
        5695000	       568	800008ac	eef84c83	lbu	x25,-273(x16)	 x16:0x80008992 x25=0x000000a3 PA:0x80008881
        5705000	       569	00000000	00000013	addi	x0,x0,0	  x0:0x00000000
        5715000	       570	800008b0	2395d303	lhu	x6,569(x11)	 x11:0x80008b07  x6=0x00006e0b PA:0x80008d40
        5725000	       571	800008b4	e615cc03	lbu	x24,-415(x11)	 x11:0x80008b07 x24=0x0000001b PA:0x80008968
        5735000	       572	800008b8	23281183	lh	x3,562(x16)	 x16:0x80008992  x3=0xfffff317 PA:0x80008bc4
        5745000	       573	800008bc	f7d5ce03	lbu	x28,-131(x11)	 x11:0x80008b07 x28=0x0000007b PA:0x80008a84
        5755000	       574	800008c0	fd081f83	lh	x31,-48(x16)	 x16:0x80008992 x31=0x000011c7 PA:0x80008962
        5765000	       575	800008c4	00008e17	auipc	x28,0x8	 x28=0x800088c0
        5775000	       576	800008c8	28de0e13	addi	x28,x28,653	 x28:0x800088c0 x28=0x80008b4d
        5785000	       577	800008cc	008e4c03	lbu	x24,8(x28)	 x28:0x80008b4d x24=0x00000064 PA:0x80008b55
        5795000	       578	800008d0	8ae48a93	addi	x21,x9,-1874	  x9:0xffffff85 x21=0xfffff833
        5805000	       579	800008d4	00efd993	srli	x19,x31,0xe	 x31:0x000011c7 x19=0x00000000
        5815000	       580	800008d8	0019db33	srl	x22,x19,x1	 x19:0x00000000  x1:0xd0000000 x22=0x00000000
        5825000	       581	800008dc	f88e0d23	sb	x8,-102(x28)	 x28:0x80008b4d  x8:0x0000427c PA:0x80008ae7
        5835000	       582	800008e0	037e16a3	sh	x23,45(x28)	 x28:0x80008b4d x23:0x0000006b PA:0x80008b7a
        5845000	       583	800008e4	f3ee0783	lb	x15,-194(x28)	 x28:0x80008b4d x15=0xffffff9b PA:0x80008a8b
        5855000	       584	800008e8	01765813	srli	x16,x12,0x17	 x12:0x0000007b x16=0x00000000
        5865000	       585	800008ec	00fe9e93	slli	x29,x29,0xf	 x29:0x00000000 x29=0x00000000
        5875000	       586	800008f0	fdfe0fa3	sb	x31,-33(x28)	 x28:0x80008b4d x31:0x000011c7 PA:0x80008b2c
        5885000	       587	800008f4	41f15f13	srai	x30,x2,0x1f	  x2:0x8000862e x30=0xffffffff
        5895000	       588	800008f8	ffde10a3	sh	x29,-31(x28)	 x28:0x80008b4d x29:0x00000000 PA:0x80008b2e
        5905000	       589	800008fc	f36e4b03	lbu	x22,-202(x28)	 x28:0x80008b4d x22=0x00000015 PA:0x80008a83
        5915000	       590	80000900	6b5cb113	sltiu	x2,x25,1717	 x25:0x000000a3  x2=0x00000001
        5925000	       591	80000904	d4ad0593	addi	x11,x26,-694	 x26:0x00000011 x11=0xfffffd5b
        5935000	       592	80000908	29647f93	andi	x31,x8,662	  x8:0x0000427c x31=0x00000214
        5945000	       593	8000090c	a8fd3b17	auipc	x22,0xa8fd3	 x22=0x28fd3908
        5955000	       594	80000910	00e6b033	sltu	x0,x13,x14	 x13:0xb27d0f49 x14:0xbf85963d
        5965000	       595	80000914	5db88913	addi	x18,x17,1499	 x17:0x00000014 x18=0x000005ef
        5975000	       596	80000918	092e4103	lbu	x2,146(x28)	 x28:0x80008b4d  x2=0x000000b0 PA:0x80008bdf
        5985000	       597	8000091c	61dfa213	slti	x4,x31,1565	 x31:0x00000214  x4=0x00000001
        5995000	       598	80000920	01239fb3	sll	x31,x7,x18	  x7:0x00000054 x18:0x000005ef x31=0x002a0000
        6005000	       599	80000924	006918b3	sll	x17,x18,x6	 x18:0x000005ef  x6:0x00006e0b x17=0x002f7800
        6015000	       600	80000928	007e5813	srli	x16,x28,0x7	 x28:0x80008b4d x16=0x01000116
        6025000	       601	8000092c	411d57b3	sra	x15,x26,x17	 x26:0x00000011 x17:0x002f7800 x15=0x00000011
        6035000	       602	80000930	672b0c13	addi	x24,x22,1650	 x22:0x28fd3908 x24=0x28fd3f7a
        6045000	       603	80000934	01d7d333	srl	x6,x15,x29	 x15:0x00000011 x29:0x00000000  x6=0x00000011
        6055000	       604	80000938	40c859b3	sra	x19,x16,x12	 x16:0x01000116 x12:0x0000007b x19=0x00000000
        6065000	       605	8000093c	db78f4b7	lui	x9,0xdb78f	  x9=0xdb78f000
        6075000	       606	80000940	41ad5c13	srai	x24,x26,0x1a	 x26:0x00000011 x24=0x00000000
        6085000	       607	80000944	f2be2d03	lw	x26,-213(x28)	 x28:0x80008b4d x26=0x370ea255 PA:0x80008a78
        6095000	       608	80000948	0058eab3	or	x21,x17,x5	 x17:0x002f7800  x5:0x00000000 x21=0x002f7800
        6105000	       609	8000094c	133d7bb7	lui	x23,0x133d7	 x23=0x133d7000
        6115000	       610	80000950	a4c12d13	slti	x26,x2,-1460	  x2:0x000000b0 x26=0x00000000
        6125000	       611	80000954	4193d093	srai	x1,x7,0x19	  x7:0x00000054  x1=0x00000000
        6135000	       612	80000958	02fe0783	lb	x15,47(x28)	 x28:0x80008b4d x15=0xffffffa1 PA:0x80008b7c
        6145000	       613	8000095c	00008b97	auipc	x23,0x8	 x23=0x80008958
        6155000	       614	80000960	ef2b8b93	addi	x23,x23,-270	 x23:0x80008958 x23=0x8000884a
        6165000	       615	80000964	007bca03	lbu	x20,7(x23)	 x23:0x8000884a x20=0x00000033 PA:0x80008851
        6175000	       616	80000968	00008d17	auipc	x26,0x8	 x26=0x80008964
        6185000	       617	8000096c	594d0d13	addi	x26,x26,1428	 x26:0x80008964 x26=0x80008ef8
        6195000	       618	80000970	ffabc103	lbu	x2,-6(x23)	 x23:0x8000884a  x2=0x000000d1 PA:0x80008844
        6205000	       619	80000974	f7dd0c83	lb	x25,-131(x26)	 x26:0x80008ef8 x25=0xffffff8f PA:0x80008e75
        6215000	       620	80000978	ff7b8783	lb	x15,-9(x23)	 x23:0x8000884a x15=0x00000024 PA:0x80008841
        6225000	       621	00000000	00000013	addi	x0,x0,0	  x0:0x00000000
        6235000	       622	8000097c	c0fd05a3	sb	x15,-1013(x26)	 x26:0x80008ef8 x15:0x00000024 PA:0x80008b03
        6245000	       623	80000980	c1cd5003	lhu	x0,-996(x26)	 x26:0x80008ef8 PA:0x80008b14
        6255000	       624	80000984	011b9223	sh	x17,4(x23)	 x23:0x8000884a x17:0x002f7800 PA:0x8000884e
        6265000	       625	80000988	00eb8623	sb	x14,12(x23)	 x23:0x8000884a x14:0xbf85963d PA:0x80008856
        6275000	       626	8000098c	056d4603	lbu	x12,86(x26)	 x26:0x80008ef8 x12=0x000000f2 PA:0x80008f4e
        6285000	       627	80000990	bb2d0ba3	sb	x18,-1097(x26)	 x26:0x80008ef8 x18:0x000005ef PA:0x80008aaf
        6295000	       628	80000994	00bbcc03	lbu	x24,11(x23)	 x23:0x8000884a x24=0x000000a3 PA:0x80008855
        6305000	       629	80000998	d28d4483	lbu	x9,-728(x26)	 x26:0x80008ef8  x9=0x00000051 PA:0x80008c20
        6315000	       630	8000099c	01cd0a83	lb	x21,28(x26)	 x26:0x80008ef8 x21=0x00000052 PA:0x80008f14
        6325000	       631	800009a0	f834ef13	ori	x30,x9,-125	  x9:0x00000051 x30=0xffffffd3
        6335000	       632	800009a4	003dd2b3	srl	x5,x27,x3	 x27:0x80009fc4  x3:0xfffff317  x5=0x00000100
        6345000	       633	800009a8	4ba8d317	auipc	x6,0x4ba8d	  x6=0xcba8d9a4
        6355000	       634	800009ac	00e97c63	bgeu	x18,x14,800009c4	 x18:0x000005ef x14:0xbf85963d
        6365000	       635	800009b0	00000013	addi	x0,x0,0	  x0:0x00000000
        6375000	       636	800009b4	008f58b3	srl	x17,x30,x8	 x30:0xffffffd3  x8:0x0000427c x17=0x0000000f
        6385000	       637	800009b8	4139d813	srai	x16,x19,0x13	 x19:0x00000000 x16=0x00000000
        6395000	       638	800009bc	0106dd13	srli	x26,x13,0x10	 x13:0xb27d0f49 x26=0x0000b27d
        6405000	       639	800009c0	412bdf13	srai	x30,x23,0x12	 x23:0x8000884a x30=0xffffe000
        6415000	       640	800009c4	000dac33	slt	x24,x27,x0	 x27:0x80009fc4  x0:0x00000000 x24=0x00000001
        6425000	       641	800009c8	00000013	addi	x0,x0,0	  x0:0x00000000
        6435000	       642	800009cc	c6d16e13	ori	x28,x2,-915	  x2:0x000000d1 x28=0xfffffcfd
        6445000	       643	800009d0	01a40463	beq	x8,x26,800009d8	  x8:0x0000427c x26:0x0000b27d
        6455000	       644	800009d4	aa5c3a13	sltiu	x20,x24,-1371	 x24:0x00000001 x20=0x00000001
        6465000	       645	800009d8	c8a76213	ori	x4,x14,-886	 x14:0xbf85963d  x4=0xfffffebf
        6475000	       646	800009dc	002bac33	slt	x24,x23,x2	 x23:0x8000884a  x2:0x000000d1 x24=0x00000001
        6485000	       647	800009e0	7c47b1b7	lui	x3,0x7c47b	  x3=0x7c47b000
        6495000	       648	800009e4	4d96f093	andi	x1,x13,1241	 x13:0xb27d0f49  x1=0x00000449
        6505000	       649	800009e8	4138df33	sra	x30,x17,x19	 x17:0x0000000f x19:0x00000000 x30=0x0000000f
        6515000	       650	800009ec	409a09b3	sub	x19,x20,x9	 x20:0x00000001  x9:0x00000051 x19=0xffffffb0
        6525000	       651	800009f0	5cadf093	andi	x1,x27,1482	 x27:0x80009fc4  x1=0x000005c0
        6535000	       652	800009f4	0189d8b3	srl	x17,x19,x24	 x19:0xffffffb0 x24:0x00000001 x17=0x7fffffd8
        6545000	       653	800009f8	041de863	bltu	x27,x1,80000a48	 x27:0x80009fc4  x1:0x000005c0
        6555000	       654	800009fc	f4844193	xori	x3,x8,-184	  x8:0x0000427c  x3=0xffffbd34
        6565000	       655	80000a00	55f4b617	auipc	x12,0x55f4b	 x12=0xd5f4b9fc
        6575000	       656	80000a04	00000013	addi	x0,x0,0	  x0:0x00000000
        6585000	       657	80000a08	40665493	srai	x9,x12,0x6	 x12:0xd5f4b9fc  x9=0xff57d2e7
        6595000	       658	80000a0c	41f5dab3	sra	x21,x11,x31	 x11:0xfffffd5b x31:0x002a0000 x21=0xfffffd5b
        6605000	       659	80000a10	f42959b7	lui	x19,0xf4295	 x19=0xf4295000
        6615000	       660	80000a14	9eb52c13	slti	x24,x10,-1557	 x10:0x80009f84 x24=0x00000001
        6625000	       661	80000a18	0193b1b3	sltu	x3,x7,x25	  x7:0x00000054 x25:0xffffff8f  x3=0x00000001
        6635000	       662	80000a1c	2eb90413	addi	x8,x18,747	 x18:0x000005ef  x8=0x000008da
        6645000	       663	80000a20	007914b3	sll	x9,x18,x7	 x18:0x000005ef  x7:0x00000054  x9=0x5ef00000
        6655000	       664	80000a24	016c3633	sltu	x12,x24,x22	 x24:0x00000001 x22:0x28fd3908 x12=0x00000001
        6665000	       665	80000a28	0181d263	bge	x3,x24,80000a2c	  x3:0x00000001 x24:0x00000001
        6675000	       666	00000000	00000013	addi	x0,x0,0	  x0:0x00000000
        6685000	       667	80000a28	00000013	addi	x0,x0,0	  x0:0x00000000
        6695000	       668	80000a2c	411a5993	srai	x19,x20,0x11	 x20:0x00000001 x19=0x00000000
        6705000	       669	80000a30	00f76433	or	x8,x14,x15	 x14:0xbf85963d x15:0x00000024  x8=0xbf85963d
        6715000	       670	80000a34	2195cc13	xori	x24,x11,537	 x11:0xfffffd5b x24=0xffffff42
        6725000	       671	80000a38	84c9ba13	sltiu	x20,x19,-1972	 x19:0x00000000 x20=0x00000001
        6735000	       672	80000a3c	004e6c63	bltu	x28,x4,80000a54	 x28:0xfffffcfd  x4:0xfffffebf
        6745000	       673	00000000	00000013	addi	x0,x0,0	  x0:0x00000000
        6755000	       674	80000a50	00000013	addi	x0,x0,0	  x0:0x00000000
        6765000	       675	80000a54	41ba5eb3	sra	x29,x20,x27	 x20:0x00000001 x27:0x80009fc4 x29=0x00000000
        6775000	       676	80000a58	4057d3b3	sra	x7,x15,x5	 x15:0x00000024  x5:0x00000100  x7=0x00000024
        6785000	       677	80000a5c	01f21093	slli	x1,x4,0x1f	  x4:0xfffffebf  x1=0x80000000
        6795000	       678	80000a60	41288333	sub	x6,x17,x18	 x17:0x7fffffd8 x18:0x000005ef  x6=0x7ffff9e9
        6805000	       679	80000a64	06b44013	xori	x0,x8,107	  x8:0xbf85963d
        6815000	       680	80000a68	01d9b4b3	sltu	x9,x19,x29	 x19:0x00000000 x29:0x00000000  x9=0x00000000
        6825000	       681	80000a6c	01374e63	blt	x14,x19,80000a88	 x14:0xbf85963d x19:0x00000000
        6835000	       682	00000000	00000013	addi	x0,x0,0	  x0:0x00000000
        6845000	       683	80000a84	00000013	addi	x0,x0,0	  x0:0x00000000
        6855000	       684	80000a88	7d76c593	xori	x11,x13,2007	 x13:0xb27d0f49 x11=0xb27d089e
        6865000	       685	80000a8c	00000013	addi	x0,x0,0	  x0:0x00000000
        6875000	       686	80000a90	41e75393	srai	x7,x14,0x1e	 x14:0xbf85963d  x7=0xfffffffe
        6885000	       687	80000a94	00d217b3	sll	x15,x4,x13	  x4:0xfffffebf x13:0xb27d0f49 x15=0xfffd7e00
        6895000	       688	80000a98	00d85f93	srli	x31,x16,0xd	 x16:0x00000000 x31=0x00000000
        6905000	       689	80000a9c	f0684e93	xori	x29,x16,-250	 x16:0x00000000 x29=0xffffff06
        6915000	       690	80000aa0	00849b93	slli	x23,x9,0x8	  x9:0x00000000 x23=0x00000000
        6925000	       691	80000aa4	024ec063	blt	x29,x4,80000ac4	 x29:0xffffff06  x4:0xfffffebf
        6935000	       692	80000aa8	07577793	andi	x15,x14,117	 x14:0xbf85963d x15=0x00000035
        6945000	       693	80000aac	41c8d933	sra	x18,x17,x28	 x17:0x7fffffd8 x28:0xfffffcfd x18=0x00000003
        6955000	       694	80000ab0	05094263	blt	x18,x16,80000af4	 x18:0x00000003 x16:0x00000000
        6965000	       695	80000ab4	310d8093	addi	x1,x27,784	 x27:0x80009fc4  x1=0x8000a2d4
        6975000	       696	80000ab8	00a40663	beq	x8,x10,80000ac4	  x8:0xbf85963d x10:0x80009f84
        6985000	       697	80000abc	00000013	addi	x0,x0,0	  x0:0x00000000
        6995000	       698	80000ac0	8ac90197	auipc	x3,0x8ac90	  x3=0x0ac90abc
        7005000	       699	80000ac4	014aecb3	or	x25,x21,x20	 x21:0xfffffd5b x20:0x00000001 x25=0xfffffd5b
        7015000	       700	80000ac8	40fb5c13	srai	x24,x22,0xf	 x22:0x28fd3908 x24=0x000051fa
        7025000	       701	80000acc	015ca633	slt	x12,x25,x21	 x25:0xfffffd5b x21:0xfffffd5b x12=0x00000000
        7035000	       702	80000ad0	21f1c793	xori	x15,x3,543	  x3:0x0ac90abc x15=0x0ac908a3
        7045000	       703	80000ad4	01df4c63	blt	x30,x29,80000aec	 x30:0x0000000f x29:0xffffff06
        7055000	       704	80000ad8	4060d113	srai	x2,x1,0x6	  x1:0x8000a2d4  x2=0xfe00028b
        7065000	       705	80000adc	b3bc3613	sltiu	x12,x24,-1221	 x24:0x000051fa x12=0x00000001
        7075000	       706	80000ae0	6d85fc13	andi	x24,x11,1752	 x11:0xb27d089e x24=0x00000098
        7085000	       707	80000ae4	000de3b3	or	x7,x27,x0	 x27:0x80009fc4  x0:0x00000000  x7=0x80009fc4
        7095000	       708	80000ae8	806bb093	sltiu	x1,x23,-2042	 x23:0x00000000  x1=0x00000001
        7105000	       709	80000aec	00a891b3	sll	x3,x17,x10	 x17:0x7fffffd8 x10:0x80009f84  x3=0xfffffd80
        7115000	       710	80000af0	ffb40893	addi	x17,x8,-5	  x8:0xbf85963d x17=0xbf859638
        7125000	       711	80000af4	8f26cd13	xori	x26,x13,-1806	 x13:0xb27d0f49 x26=0x4d82f7bb
        7135000	       712	80000af8	40275ab3	sra	x21,x14,x2	 x14:0xbf85963d  x2:0xfe00028b x21=0xfff7f0b2
        7145000	       713	80000afc	40d10eb3	sub	x29,x2,x13	  x2:0xfe00028b x13:0xb27d0f49 x29=0x4b82f342
        7155000	       714	80000b00	27c6bb13	sltiu	x22,x13,636	 x13:0xb27d0f49 x22=0x00000000
        7165000	       715	80000b04	406c0b33	sub	x22,x24,x6	 x24:0x00000098  x6:0x7ffff9e9 x22=0x800006af
        7175000	       716	80000b08	f7498893	addi	x17,x19,-140	 x19:0x00000000 x17=0xffffff74
        7185000	       717	80000b0c	0215ee63	bltu	x11,x1,80000b48	 x11:0xb27d089e  x1:0x00000001
        7195000	       718	80000b10	0160eeb3	or	x29,x1,x22	  x1:0x00000001 x22:0x800006af x29=0x800006af
        7205000	       719	80000b14	00ef9993	slli	x19,x31,0xe	 x31:0x00000000 x19=0x00000000
        7215000	       720	80000b18	00729913	slli	x18,x5,0x7	  x5:0x00000100 x18=0x00008000
        7225000	       721	80000b1c	00c70463	beq	x14,x12,80000b24	 x14:0xbf85963d x12:0x00000001
        7235000	       722	80000b20	04190063	beq	x18,x1,80000b60	 x18:0x00008000  x1:0x00000001
        7245000	       723	80000b24	00210863	beq	x2,x2,80000b34	  x2:0xfe00028b  x2:0xfe00028b
        7255000	       724	00000000	00000013	addi	x0,x0,0	  x0:0x00000000
        7265000	       725	80000b30	00000013	addi	x0,x0,0	  x0:0x00000000
        7275000	       726	80000b34	4f94c213	xori	x4,x9,1273	  x9:0x00000000  x4=0x000004f9
        7285000	       727	80000b38	0190dc13	srli	x24,x1,0x19	  x1:0x00000001 x24=0x00000000
        7295000	       728	80000b3c	05887863	bgeu	x16,x24,80000b8c	 x16:0x00000000 x24:0x00000000
        7305000	       729	00000000	00000013	addi	x0,x0,0	  x0:0x00000000
        7315000	       730	80000b88	00000013	addi	x0,x0,0	  x0:0x00000000
        7325000	       731	80000b8c	00000013	addi	x0,x0,0	  x0:0x00000000
        7335000	       732	80000b90	9b2e3993	sltiu	x19,x28,-1614	 x28:0xfffffcfd x19=0x00000000
        7345000	       733	80000b94	31513037	lui	x0,0x31513	
        7355000	       734	80000b98	00a09233	sll	x4,x1,x10	  x1:0x00000001 x10:0x80009f84  x4=0x00000010
        7365000	       735	80000b9c	02d45463	bge	x8,x13,80000bc4	  x8:0xbf85963d x13:0xb27d0f49
        7375000	       736	00000000	00000013	addi	x0,x0,0	  x0:0x00000000
        7385000	       737	80000bc0	00000013	addi	x0,x0,0	  x0:0x00000000
        7395000	       738	80000bc4	5b8a4613	xori	x12,x20,1464	 x20:0x00000001 x12=0x000005b9
        7405000	       739	80000bc8	4aeafa93	andi	x21,x21,1198	 x21:0xfff7f0b2 x21=0x000000a2
        7415000	       740	80000bcc	012d5c33	srl	x24,x26,x18	 x26:0x4d82f7bb x18:0x00008000 x24=0x4d82f7bb
        7425000	       741	80000bd0	baacfd37	lui	x26,0xbaacf	 x26=0xbaacf000
        7435000	       742	80000bd4	006dce63	blt	x27,x6,80000bf0	 x27:0x80009fc4  x6:0x7ffff9e9
        7445000	       743	00000000	00000013	addi	x0,x0,0	  x0:0x00000000
        7455000	       744	80000bec	00000013	addi	x0,x0,0	  x0:0x00000000
        7465000	       745	80000bf0	00000013	addi	x0,x0,0	  x0:0x00000000
        7475000	       746	80000bf4	005421b3	slt	x3,x8,x5	  x8:0xbf85963d  x5:0x00000100  x3=0x00000001
        7485000	       747	80000bf8	01a11093	slli	x1,x2,0x1a	  x2:0xfe00028b  x1=0x2c000000
        7495000	       748	80000bfc	053d0263	beq	x26,x19,80000c40	 x26:0xbaacf000 x19:0x00000000
        7505000	       749	80000c00	03cb9663	bne	x23,x28,80000c2c	 x23:0x00000000 x28:0xfffffcfd
        7515000	       750	00000000	00000013	addi	x0,x0,0	  x0:0x00000000
        7525000	       751	80000c28	00000013	addi	x0,x0,0	  x0:0x00000000
        7535000	       752	80000c2c	0459ee13	ori	x28,x19,69	 x19:0x00000000 x28=0x00000045
        7545000	       753	80000c30	00000013	addi	x0,x0,0	  x0:0x00000000
        7555000	       754	80000c34	00ae5e33	srl	x28,x28,x10	 x28:0x00000045 x10:0x80009f84 x28=0x00000004
        7565000	       755	80000c38	00000013	addi	x0,x0,0	  x0:0x00000000
        7575000	       756	80000c3c	018edcb3	srl	x25,x29,x24	 x29:0x800006af x24:0x4d82f7bb x25=0x00000010
        7585000	       757	80000c40	014eb933	sltu	x18,x29,x20	 x29:0x800006af x20:0x00000001 x18=0x00000000
        7595000	       758	80000c44	66954213	xori	x4,x10,1641	 x10:0x80009f84  x4=0x800099ed
        7605000	       759	80000c48	031e0863	beq	x28,x17,80000c78	 x28:0x00000004 x17:0xffffff74
        7615000	       760	80000c4c	015f6663	bltu	x30,x21,80000c58	 x30:0x0000000f x21:0x000000a2
        7625000	       761	00000000	00000013	addi	x0,x0,0	  x0:0x00000000
        7635000	       762	80000c54	00000013	addi	x0,x0,0	  x0:0x00000000
        7645000	       763	80000c58	d3aea813	slti	x16,x29,-710	 x29:0x800006af x16=0x00000001
        7655000	       764	80000c5c	019c47b3	xor	x15,x24,x25	 x24:0x4d82f7bb x25:0x00000010 x15=0x4d82f7ab
        7665000	       765	80000c60	003e70b3	and	x1,x28,x3	 x28:0x00000004  x3:0x00000001  x1=0x00000000
        7675000	       766	80000c64	00661c33	sll	x24,x12,x6	 x12:0x000005b9  x6:0x7ffff9e9 x24=0x000b7200
        7685000	       767	80000c68	83b1bf93	sltiu	x31,x3,-1989	  x3:0x00000001 x31=0x00000001
        7695000	       768	80000c6c	40248d33	sub	x26,x9,x2	  x9:0x00000000  x2:0xfe00028b x26=0x01fffd75
        7705000	       769	80000c70	0171ffb3	and	x31,x3,x23	  x3:0x00000001 x23:0x00000000 x31=0x00000000
        7715000	       770	80000c74	00029893	slli	x17,x5,0x0	  x5:0x00000100 x17=0x00000100
        7725000	       771	80000c78	78fdbfb7	lui	x31,0x78fdb	 x31=0x78fdb000
        7735000	       772	80000c7c	04e76263	bltu	x14,x14,80000cc0	 x14:0xbf85963d x14:0xbf85963d
        7745000	       773	80000c80	05da7063	bgeu	x20,x29,80000cc0	 x20:0x00000001 x29:0x800006af
        7755000	       774	80000c84	415d59b3	sra	x19,x26,x21	 x26:0x01fffd75 x21:0x000000a2 x19=0x007fff5d
        7765000	       775	80000c88	00a75a63	bge	x14,x10,80000c9c	 x14:0xbf85963d x10:0x80009f84
        7775000	       776	00000000	00000013	addi	x0,x0,0	  x0:0x00000000
        7785000	       777	80000c98	00000013	addi	x0,x0,0	  x0:0x00000000
        7795000	       778	80000c9c	7d968813	addi	x16,x13,2009	 x13:0xb27d0f49 x16=0xb27d1722
        7805000	       779	80000ca0	aac0aa13	slti	x20,x1,-1364	  x1:0x00000000 x20=0x00000000
        7815000	       780	80000ca4	00df7cb3	and	x25,x30,x13	 x30:0x0000000f x13:0xb27d0f49 x25=0x00000009
        7825000	       781	80000ca8	00357e63	bgeu	x10,x3,80000cc4	 x10:0x80009f84  x3:0x00000001
        7835000	       782	00000000	00000013	addi	x0,x0,0	  x0:0x00000000
        7845000	       783	80000cc0	00000013	addi	x0,x0,0	  x0:0x00000000
        7855000	       784	80000cc4	014f44b3	xor	x9,x30,x20	 x30:0x0000000f x20:0x00000000  x9=0x0000000f
        7865000	       785	80000cc8	8682e913	ori	x18,x5,-1944	  x5:0x00000100 x18=0xfffff968
        7875000	       786	80000ccc	04d7f263	bgeu	x15,x13,80000d10	 x15:0x4d82f7ab x13:0xb27d0f49
        7885000	       787	80000cd0	8bf7c593	xori	x11,x15,-1857	 x15:0x4d82f7ab x11=0xb27d0f14
        7895000	       788	80000cd4	a79c8c93	addi	x25,x25,-1415	 x25:0x00000009 x25=0xfffffa82
        7905000	       789	80000cd8	b2fba113	slti	x2,x23,-1233	 x23:0x00000000  x2=0x00000000
        7915000	       790	80000cdc	1cafc193	xori	x3,x31,458	 x31:0x78fdb000  x3=0x78fdb1ca
        7925000	       791	80000ce0	00a0c7b3	xor	x15,x1,x10	  x1:0x00000000 x10:0x80009f84 x15=0x80009f84
        7935000	       792	80000ce4	013298b3	sll	x17,x5,x19	  x5:0x00000100 x19:0x007fff5d x17=0x00000000
        7945000	       793	80000ce8	0712e037	lui	x0,0x712e	
        7955000	       794	80000cec	6245e813	ori	x16,x11,1572	 x11:0xb27d0f14 x16=0xb27d0f34
        7965000	       795	80000cf0	015e20b3	slt	x1,x28,x21	 x28:0x00000004 x21:0x000000a2  x1=0x00000001
        7975000	       796	80000cf4	0413d663	bge	x7,x1,80000d40	  x7:0x80009fc4  x1:0x00000001
        7985000	       797	80000cf8	05adc263	blt	x27,x26,80000d3c	 x27:0x80009fc4 x26:0x01fffd75
        7995000	       798	00000000	00000013	addi	x0,x0,0	  x0:0x00000000
        8005000	       799	80000d38	00000013	addi	x0,x0,0	  x0:0x00000000
        8015000	       800	80000d3c	406f5133	sra	x2,x30,x6	 x30:0x0000000f  x6:0x7ffff9e9  x2=0x00000000
        8025000	       801	80000d40	41c008b3	sub	x17,x0,x28	  x0:0x00000000 x28:0x00000004 x17=0xfffffffc
        8035000	       802	80000d44	05ec7863	bgeu	x24,x30,80000d94	 x24:0x000b7200 x30:0x0000000f
        8045000	       803	00000000	00000013	addi	x0,x0,0	  x0:0x00000000
        8055000	       804	80000d90	00000013	addi	x0,x0,0	  x0:0x00000000
        8065000	       805	80000d94	05905863	bge	x0,x25,80000de4	  x0:0x00000000 x25:0xfffffa82
        8075000	       806	00000000	00000013	addi	x0,x0,0	  x0:0x00000000
        8085000	       807	80000de0	00000013	addi	x0,x0,0	  x0:0x00000000
        8095000	       808	80000de4	0096b6b3	sltu	x13,x13,x9	 x13:0xb27d0f49  x9:0x0000000f x13=0x00000000
        8105000	       809	80000de8	007f9c93	slli	x25,x31,0x7	 x31:0x78fdb000 x25=0x7ed80000
        8115000	       810	80000dec	8d6eeb13	ori	x22,x29,-1834	 x29:0x800006af x22=0xfffffeff
        8125000	       811	80000df0	018c2eb3	slt	x29,x24,x24	 x24:0x000b7200 x24:0x000b7200 x29=0x00000000
        8135000	       812	80000df4	02036e63	bltu	x6,x0,80000e30	  x6:0x7ffff9e9  x0:0x00000000
        8145000	       813	80000df8	f29ffb13	andi	x22,x31,-215	 x31:0x78fdb000 x22=0x78fdb000
        8155000	       814	80000dfc	00a89333	sll	x6,x17,x10	 x17:0xfffffffc x10:0x80009f84  x6=0xffffffc0
        8165000	       815	80000e00	9a310f97	auipc	x31,0x9a310	 x31=0x1a310dfc
        8175000	       816	80000e04	00a402b3	add	x5,x8,x10	  x8:0xbf85963d x10:0x80009f84  x5=0x3f8635c1
        8185000	       817	80000e08	7cf6fc13	andi	x24,x13,1999	 x13:0x00000000 x24=0x00000000
        8195000	       818	80000e0c	1cdbaa17	auipc	x20,0x1cdba	 x20=0x9cdbae08
        8205000	       819	80000e10	81407f13	andi	x30,x0,-2028	  x0:0x00000000 x30=0x00000000
        8215000	       820	80000e14	01f061b3	or	x3,x0,x31	  x0:0x00000000 x31:0x1a310dfc  x3=0x1a310dfc
        8225000	       821	80000e18	0074da63	bge	x9,x7,80000e2c	  x9:0x0000000f  x7:0x80009fc4
        8235000	       822	00000000	00000013	addi	x0,x0,0	  x0:0x00000000
        8245000	       823	80000e28	00000013	addi	x0,x0,0	  x0:0x00000000
        8255000	       824	80000e2c	4184e117	auipc	x2,0x4184e	  x2=0xc184ee28
        8265000	       825	80000e30	00b1d193	srli	x3,x3,0xb	  x3:0x1a310dfc  x3=0x00034621
        8275000	       826	80000e34	b3087993	andi	x19,x16,-1232	 x16:0xb27d0f34 x19=0xb27d0b30
        8285000	       827	80000e38	01a51693	slli	x13,x10,0x1a	 x10:0x80009f84 x13=0x10000000
        8295000	       828	80000e3c	508a0a17	auipc	x20,0x508a0	 x20=0xd08a0e38
        8305000	       829	80000e40	6d93ab93	slti	x23,x7,1753	  x7:0x80009fc4 x23=0x00000001
        8315000	       830	80000e44	416a5d33	sra	x26,x20,x22	 x20:0xd08a0e38 x22:0x78fdb000 x26=0xd08a0e38
        8325000	       831	80000e48	0045db33	srl	x22,x11,x4	 x11:0xb27d0f14  x4:0x800099ed x22=0x000593e8
        8335000	       832	80000e4c	0048c133	xor	x2,x17,x4	 x17:0xfffffffc  x4:0x800099ed  x2=0x7fff6611
        8345000	       833	80000e50	bd403993	sltiu	x19,x0,-1068	  x0:0x00000000 x19=0x00000001
        8355000	       834	80000e54	0139df93	srli	x31,x19,0x13	 x19:0x00000001 x31=0x00000000
        8365000	       835	80000e58	00e00f33	add	x30,x0,x14	  x0:0x00000000 x14:0xbf85963d x30=0xbf85963d
        8375000	       836	80000e5c	025fc413	xori	x8,x31,37	 x31:0x00000000  x8=0x00000025
        8385000	       837	80000e60	05720263	beq	x4,x23,80000ea4	  x4:0x800099ed x23:0x00000001
        8395000	       838	80000e64	01bdecb3	or	x25,x27,x27	 x27:0x80009fc4 x27:0x80009fc4 x25=0x80009fc4
        8405000	       839	80000e68	0a67fd13	andi	x26,x15,166	 x15:0x80009f84 x26=0x00000084
        8415000	       840	80000e6c	0095d9b3	srl	x19,x11,x9	 x11:0xb27d0f14  x9:0x0000000f x19=0x000164fa
        8425000	       841	80000e70	01a36463	bltu	x6,x26,80000e78	  x6:0xffffffc0 x26:0x00000084
        8435000	       842	80000e74	65066f13	ori	x30,x12,1616	 x12:0x000005b9 x30=0x000007f9
        8445000	       843	80000e78	011a2633	slt	x12,x20,x17	 x20:0xd08a0e38 x17:0xfffffffc x12=0x00000001
        8455000	       844	80000e7c	58530f13	addi	x30,x6,1413	  x6:0xffffffc0 x30=0x00000545
        8465000	       845	80000e80	00845663	bge	x8,x8,80000e8c	  x8:0x00000025  x8:0x00000025
        8475000	       846	00000000	00000013	addi	x0,x0,0	  x0:0x00000000
        8485000	       847	80000e88	00000013	addi	x0,x0,0	  x0:0x00000000
        8495000	       848	80000e8c	000b5cb3	srl	x25,x22,x0	 x22:0x000593e8  x0:0x00000000 x25=0x000593e8
        8505000	       849	80000e90	aaeb6993	ori	x19,x22,-1362	 x22:0x000593e8 x19=0xfffffbee
        8515000	       850	80000e94	40b4db93	srai	x23,x9,0xb	  x9:0x0000000f x23=0x00000000
        8525000	       851	80000e98	fb0142b7	lui	x5,0xfb014	  x5=0xfb014000
        8535000	       852	80000e9c	01ac0933	add	x18,x24,x26	 x24:0x00000000 x26:0x00000084 x18=0x00000084
        8545000	       853	80000ea0	01439d13	slli	x26,x7,0x14	  x7:0x80009fc4 x26=0xfc400000
        8555000	       854	80000ea4	01d2cb33	xor	x22,x5,x29	  x5:0xfb014000 x29:0x00000000 x22=0xfb014000
        8565000	       855	80000ea8	01cfd3b3	srl	x7,x31,x28	 x31:0x00000000 x28:0x00000004  x7=0x00000000
        8575000	       856	80000eac	f541f013	andi	x0,x3,-172	  x3:0x00034621
        8585000	       857	80000eb0	01fda133	slt	x2,x27,x31	 x27:0x80009fc4 x31:0x00000000  x2=0x00000001
        8595000	       858	80000eb4	03f58063	beq	x11,x31,80000ed4	 x11:0xb27d0f14 x31:0x00000000
        8605000	       859	80000eb8	0131fc63	bgeu	x3,x19,80000ed0	  x3:0x00034621 x19:0xfffffbee
        8615000	       860	80000ebc	013b9b33	sll	x22,x23,x19	 x23:0x00000000 x19:0xfffffbee x22=0x00000000
        8625000	       861	80000ec0	011d1bb3	sll	x23,x26,x17	 x26:0xfc400000 x17:0xfffffffc x23=0x00000000
        8635000	       862	80000ec4	01be9493	slli	x9,x29,0x1b	 x29:0x00000000  x9=0x00000000
        8645000	       863	80000ec8	0162df33	srl	x30,x5,x22	  x5:0xfb014000 x22:0x00000000 x30=0xfb014000
        8655000	       864	80000ecc	012354b3	srl	x9,x6,x18	  x6:0xffffffc0 x18:0x00000084  x9=0x0ffffffc
        8665000	       865	80000ed0	007601b3	add	x3,x12,x7	 x12:0x00000001  x7:0x00000000  x3=0x00000001
        8675000	       866	80000ed4	816e4013	xori	x0,x28,-2026	 x28:0x00000004
        8685000	       867	80000ed8	01cc1b33	sll	x22,x24,x28	 x24:0x00000000 x28:0x00000004 x22=0x00000000
        8695000	       868	80000edc	e2ea3f93	sltiu	x31,x20,-466	 x20:0xd08a0e38 x31=0x00000001
        8705000	       869	80000ee0	d2a050b7	lui	x1,0xd2a05	  x1=0xd2a05000
        8715000	       870	80000ee4	326a6fb7	lui	x31,0x326a6	 x31=0x326a6000
        8725000	       871	80000ee8	41780bb3	sub	x23,x16,x23	 x16:0xb27d0f34 x23:0x00000000 x23=0xb27d0f34
        8735000	       872	80000eec	01d7b5b3	sltu	x11,x15,x29	 x15:0x80009f84 x29:0x00000000 x11=0x00000000
        8745000	       873	80000ef0	00225593	srli	x11,x4,0x2	  x4:0x800099ed x11=0x2000267b
        8755000	       874	80000ef4	001395b3	sll	x11,x7,x1	  x7:0x00000000  x1:0xd2a05000 x11=0x00000000
        8765000	       875	80000ef8	13440b13	addi	x22,x8,308	  x8:0x00000025 x22=0x00000159
        8775000	       876	80000efc	005b1fb3	sll	x31,x22,x5	 x22:0x00000159  x5:0xfb014000 x31=0x00000159
        8785000	       877	80000f00	0b35e193	ori	x3,x11,179	 x11:0x00000000  x3=0x000000b3
        8795000	       878	80000f04	4046d0b3	sra	x1,x13,x4	 x13:0x10000000  x4:0x800099ed  x1=0x00008000
        8805000	       879	80000f08	0132e3b3	or	x7,x5,x19	  x5:0xfb014000 x19:0xfffffbee  x7=0xfffffbee
        8815000	       880	80000f0c	40b786b3	sub	x13,x15,x11	 x15:0x80009f84 x11:0x00000000 x13=0x80009f84
        8825000	       881	80000f10	00000013	addi	x0,x0,0	  x0:0x00000000
        8835000	       882	80000f14	013d9f13	slli	x30,x27,0x13	 x27:0x80009fc4 x30=0xfe200000
        8845000	       883	80000f18	40370833	sub	x16,x14,x3	 x14:0xbf85963d  x3:0x000000b3 x16=0xbf85958a
        8855000	       884	80000f1c	001f9f13	slli	x30,x31,0x1	 x31:0x00000159 x30=0x000002b2
        8865000	       885	80000f20	00b780b3	add	x1,x15,x11	 x15:0x80009f84 x11:0x00000000  x1=0x80009f84
        8875000	       886	80000f24	418755b3	sra	x11,x14,x24	 x14:0xbf85963d x24:0x00000000 x11=0xbf85963d
        8885000	       887	80000f28	00a455b3	srl	x11,x8,x10	  x8:0x00000025 x10:0x80009f84 x11=0x00000002
        8895000	       888	80000f2c	01c81c63	bne	x16,x28,80000f44	 x16:0xbf85958a x28:0x00000004
        8905000	       889	00000000	00000013	addi	x0,x0,0	  x0:0x00000000
        8915000	       890	80000f40	00000013	addi	x0,x0,0	  x0:0x00000000
        8925000	       891	80000f44	01adfe63	bgeu	x27,x26,80000f60	 x27:0x80009fc4 x26:0xfc400000
        8935000	       892	80000f48	01814e33	xor	x28,x2,x24	  x2:0x00000001 x24:0x00000000 x28=0x00000001
        8945000	       893	80000f4c	04754263	blt	x10,x7,80000f90	 x10:0x80009f84  x7:0xfffffbee
        8955000	       894	00000000	00000013	addi	x0,x0,0	  x0:0x00000000
        8965000	       895	80000f8c	00000013	addi	x0,x0,0	  x0:0x00000000
        8975000	       896	80000f90	013284b3	add	x9,x5,x19	  x5:0xfb014000 x19:0xfffffbee  x9=0xfb013bee
        8985000	       897	80000f94	6d773ab7	lui	x21,0x6d773	 x21=0x6d773000
        8995000	       898	80000f98	01e7f4b3	and	x9,x15,x30	 x15:0x80009f84 x30:0x000002b2  x9=0x00000280
        9005000	       899	80000f9c	72aea117	auipc	x2,0x72aea	  x2=0xf2aeaf98
        9015000	       900	80000fa0	05238263	beq	x7,x18,80000fe4	  x7:0xfffffbee x18:0x00000084
        9025000	       901	80000fa4	00160cb3	add	x25,x12,x1	 x12:0x00000001  x1:0x80009f84 x25=0x80009f85
        9035000	       902	80000fa8	c9d25f17	auipc	x30,0xc9d25	 x30=0x49d25fa4
        9045000	       903	80000fac	01cfc3b3	xor	x7,x31,x28	 x31:0x00000159 x28:0x00000001  x7=0x00000158
        9055000	       904	80000fb0	68934f93	xori	x31,x6,1673	  x6:0xffffffc0 x31=0xfffff949
        9065000	       905	80000fb4	2617fb37	lui	x22,0x2617f	 x22=0x2617f000
        9075000	       906	80000fb8	f3abbe37	lui	x28,0xf3abb	 x28=0xf3abb000
        9085000	       907	80000fbc	41185d13	srai	x26,x16,0x11	 x16:0xbf85958a x26=0xffffdfc2
        9095000	       908	80000fc0	01641913	slli	x18,x8,0x16	  x8:0x00000025 x18=0x09400000
        9105000	       909	80000fc4	0135c7b3	xor	x15,x11,x19	 x11:0x00000002 x19:0xfffffbee x15=0xfffffbec
        9115000	       910	80000fc8	01d15033	srl	x0,x2,x29	  x2:0xf2aeaf98 x29:0x00000000
        9125000	       911	80000fcc	d15a3613	sltiu	x12,x20,-747	 x20:0xd08a0e38 x12=0x00000001
        9135000	       912	80000fd0	ddbb7997	auipc	x19,0xddbb7	 x19=0x5dbb7fcc
        9145000	       913	80000fd4	00000013	addi	x0,x0,0	  x0:0x00000000
        9155000	       914	80000fd8	8e35deb7	lui	x29,0x8e35d	 x29=0x8e35d000
        9165000	       915	80000fdc	4059dbb3	sra	x23,x19,x5	 x19:0x5dbb7fcc  x5:0xfb014000 x23=0x5dbb7fcc
        9175000	       916	80000fe0	00ec1f93	slli	x31,x24,0xe	 x24:0x00000000 x31=0x00000000
        9185000	       917	80000fe4	036d7e63	bgeu	x26,x22,80001020	 x26:0xffffdfc2 x22:0x2617f000
        9195000	       918	00000000	00000013	addi	x0,x0,0	  x0:0x00000000
        9205000	       919	8000101c	00000013	addi	x0,x0,0	  x0:0x00000000
        9215000	       920	80001020	02b84463	blt	x16,x11,80001048	 x16:0xbf85958a x11:0x00000002
        9225000	       921	00000000	00000013	addi	x0,x0,0	  x0:0x00000000
        9235000	       922	80001044	00000013	addi	x0,x0,0	  x0:0x00000000
        9245000	       923	80001048	00ec9f13	slli	x30,x25,0xe	 x25:0x80009f85 x30=0x27e14000
        9255000	       924	8000104c	4167da13	srai	x20,x15,0x16	 x15:0xfffffbec x20=0xffffffff
        9265000	       925	80001050	00000013	addi	x0,x0,0	  x0:0x00000000
        9275000	       926	80001054	01911413	slli	x8,x2,0x19	  x2:0xf2aeaf98  x8=0x30000000
        9285000	       927	80001058	64be6393	ori	x7,x28,1611	 x28:0xf3abb000  x7=0xf3abb64b
        9295000	       928	8000105c	0305f463	bgeu	x11,x16,80001084	 x11:0x00000002 x16:0xbf85958a
        9305000	       929	80001060	014bfe63	bgeu	x23,x20,8000107c	 x23:0x5dbb7fcc x20:0xffffffff
        9315000	       930	80001064	004ec3b3	xor	x7,x29,x4	 x29:0x8e35d000  x4:0x800099ed  x7=0x0e3549ed
        9325000	       931	80001068	cc9c7813	andi	x16,x24,-823	 x24:0x00000000 x16=0x00000000
        9335000	       932	8000106c	2dcea113	slti	x2,x29,732	 x29:0x8e35d000  x2=0x00000001
        9345000	       933	80001070	00000013	addi	x0,x0,0	  x0:0x00000000
        9355000	       934	80001074	019319b3	sll	x19,x6,x25	  x6:0xffffffc0 x25:0x80009f85 x19=0xfffff800
        9365000	       935	80001078	40d28f33	sub	x30,x5,x13	  x5:0xfb014000 x13:0x80009f84 x30=0x7b00a07c
        9375000	       936	8000107c	40ffdb13	srai	x22,x31,0xf	 x31:0x00000000 x22=0x00000000
        9385000	       937	80001080	6694a393	slti	x7,x9,1641	  x9:0x00000280  x7=0x00000001
        9395000	       938	80001084	23dac893	xori	x17,x21,573	 x21:0x6d773000 x17=0x6d77323d
        9405000	       939	80001088	62ce2c93	slti	x25,x28,1580	 x28:0xf3abb000 x25=0x00000001
        9415000	       940	8000108c	01a55093	srli	x1,x10,0x1a	 x10:0x80009f84  x1=0x00000020
        9425000	       941	80001090	00e88e33	add	x28,x17,x14	 x17:0x6d77323d x14:0xbf85963d x28=0x2cfcc87a
        9435000	       942	80001094	011280b3	add	x1,x5,x17	  x5:0xfb014000 x17:0x6d77323d  x1=0x6878723d
        9445000	       943	80001098	a1bdfa13	andi	x20,x27,-1509	 x27:0x80009fc4 x20=0x80009a00
        9455000	       944	8000109c	dcd78193	addi	x3,x15,-563	 x15:0xfffffbec  x3=0xfffff9b9
        9465000	       945	800010a0	01fd3133	sltu	x2,x26,x31	 x26:0xffffdfc2 x31:0x00000000  x2=0x00000000
        9475000	       946	800010a4	410bd493	srai	x9,x23,0x10	 x23:0x5dbb7fcc  x9=0x00005dbb
        9485000	       947	800010a8	41045c93	srai	x25,x8,0x10	  x8:0x30000000 x25=0x00003000
        9495000	       948	800010ac	70f6e293	ori	x5,x13,1807	 x13:0x80009f84  x5=0x80009f8f
        9505000	       949	800010b0	010bd493	srli	x9,x23,0x10	 x23:0x5dbb7fcc  x9=0x00005dbb
        9515000	       950	800010b4	00001097	auipc	x1,0x1	  x1=0x800020b0
        9525000	       951	800010b8	a3008093	addi	x1,x1,-1488	  x1:0x800020b0  x1=0x80001ae0
        9535000	       952	800010bc	0125b433	sltu	x8,x11,x18	 x11:0x00000002 x18:0x09400000  x8=0x00000001
        9545000	       953	800010c0	64572a13	slti	x20,x14,1605	 x14:0xbf85963d x20=0x00000001
        9555000	       954	800010c4	f2880993	addi	x19,x16,-216	 x16:0x00000000 x19=0xffffff28
        9565000	       955	800010c8	ae8a6f93	ori	x31,x20,-1304	 x20:0x00000001 x31=0xfffffae9
        9575000	       956	800010cc	06208093	addi	x1,x1,98	  x1:0x80001ae0  x1=0x80001b42
        9585000	       957	800010d0	cae9dd37	lui	x26,0xcae9d	 x26=0xcae9d000
        9595000	       958	800010d4	f9f08167	jalr	x2,x1,-97	  x1:0x80001b42  x2=0x800010d4
        9605000	       959	00000000	00000013	addi	x0,x0,0	  x0:0x00000000
        9615000	       960	80001ae0	00000013	addi	x0,x0,0	  x0:0x00000000
        9625000	       961	80001ae4	00d59a63	bne	x11,x13,80001af8	 x11:0x00000002 x13:0x80009f84
        9635000	       962	00000000	00000013	addi	x0,x0,0	  x0:0x00000000
        9645000	       963	80001af4	00000013	addi	x0,x0,0	  x0:0x00000000
        9655000	       964	80001af8	fc850513	addi	x10,x10,-56	 x10:0x80009f84 x10=0x80009f4c
        9665000	       965	80001afc	01f34333	xor	x6,x6,x31	  x6:0xffffffc0 x31:0xfffffae9  x6=0x00000529
        9675000	       966	80001b00	00b5ee33	or	x28,x11,x11	 x11:0x00000002 x11:0x00000002 x28=0x00000002
        9685000	       967	80001b04	01cb1433	sll	x8,x22,x28	 x22:0x00000000 x28:0x00000002  x8=0x00000000
        9695000	       968	80001b08	00252223	sw	x2,4(x10)	 x10:0x80009f4c  x2:0x800010d4 PA:0x80009f50
        9705000	       969	80001b0c	01be75b3	and	x11,x28,x27	 x28:0x00000002 x27:0x80009fc4 x11=0x00000000
        9715000	       970	80001b10	00000997	auipc	x19,0x0	 x19=0x80001b0c
        9725000	       971	80001b14	8f498993	addi	x19,x19,-1804	 x19:0x80001b0c x19=0x80001400
        9735000	       972	80001b18	dc12f2b7	lui	x5,0xdc12f	  x5=0xdc12f000
        9745000	       973	80001b1c	144eb913	sltiu	x18,x29,324	 x29:0x8e35d000 x18=0x00000000
        9755000	       974	80001b20	01ab20b3	slt	x1,x22,x26	 x22:0x00000000 x26:0xcae9d000  x1=0x00000000
        9765000	       975	80001b24	200da7b7	lui	x15,0x200da	 x15=0x200da000
        9775000	       976	80001b28	03d36f93	ori	x31,x6,61	  x6:0x00000529 x31=0x0000053d
        9785000	       977	80001b2c	41f95b93	srai	x23,x18,0x1f	 x18:0x00000000 x23=0x00000000
        9795000	       978	80001b30	d5698993	addi	x19,x19,-682	 x19:0x80001400 x19=0x80001156
        9805000	       979	80001b34	6de9a093	slti	x1,x19,1758	 x19:0x80001156  x1=0x00000001
        9815000	       980	80001b38	3de93a93	sltiu	x21,x18,990	 x18:0x00000000 x21=0x00000001
        9825000	       981	80001b3c	00000013	addi	x0,x0,0	  x0:0x00000000
        9835000	       982	80001b40	ec326093	ori	x1,x4,-317	  x4:0x800099ed  x1=0xffffffef
        9845000	       983	80001b44	2ab98167	jalr	x2,x19,683	 x19:0x80001156  x2=0x80001b44
        9855000	       984	00000000	00000013	addi	x0,x0,0	  x0:0x00000000
        9865000	       985	80001400	00000013	addi	x0,x0,0	  x0:0x00000000
        9875000	       986	80001404	4b156293	ori	x5,x10,1201	 x10:0x80009f4c  x5=0x80009ffd
        9885000	       987	80001408	c0ef8f17	auipc	x30,0xc0ef8	 x30=0x40ef9404
        9895000	       988	8000140c	fe850513	addi	x10,x10,-24	 x10:0x80009f4c x10=0x80009f34
        9905000	       989	80001410	00252223	sw	x2,4(x10)	 x10:0x80009f34  x2:0x80001b44 PA:0x80009f38
        9915000	       990	80001414	003726b3	slt	x13,x14,x3	 x14:0xbf85963d  x3:0xfffff9b9 x13=0x00000001
        9925000	       991	80001418	01446833	or	x16,x8,x20	  x8:0x00000000 x20:0x00000001 x16=0x00000001
        9935000	       992	8000141c	0009d193	srli	x3,x19,0x0	 x19:0x80001156  x3=0x80001156
        9945000	       993	80001420	00007b97	auipc	x23,0x7	 x23=0x8000841c
        9955000	       994	80001424	6a1b8b93	addi	x23,x23,1697	 x23:0x8000841c x23=0x80008abd
        9965000	       995	80001428	ffeb8e83	lb	x29,-2(x23)	 x23:0x80008abd x29=0xfffffff9 PA:0x80008abb
        9975000	       996	8000142c	ff5b8923	sb	x21,-14(x23)	 x23:0x80008abd x21:0x00000001 PA:0x80008aaf
        9985000	       997	80001430	ff8bc283	lbu	x5,-8(x23)	 x23:0x80008abd  x5=0x00000037 PA:0x80008ab5
        9995000	       998	80001434	1b124f37	lui	x30,0x1b124	 x30=0x1b124000
       10005000	       999	80001438	ff9bc283	lbu	x5,-7(x23)	 x23:0x80008abd  x5=0x00000006 PA:0x80008ab6
       10015000	      1000	8000143c	010d9f33	sll	x30,x27,x16	 x27:0x80009fc4 x16:0x00000001 x30=0x00013f88
       10025000	      1001	80001440	4f23a893	slti	x17,x7,1266	  x7:0x00000001 x17=0x00000001
       10035000	      1002	80001444	00cb8083	lb	x1,12(x23)	 x23:0x80008abd  x1=0xffffffc3 PA:0x80008ac9
       10045000	      1003	80001448	010b90a3	sh	x16,1(x23)	 x23:0x80008abd x16:0x00000001 PA:0x80008abe
       10055000	      1004	8000144c	00eb8303	lb	x6,14(x23)	 x23:0x80008abd  x6=0xffffffa5 PA:0x80008acb
       10065000	      1005	80001450	01e26eb3	or	x29,x4,x30	  x4:0x800099ed x30:0x00013f88 x29=0x8001bfed
       10075000	      1006	80001454	40f4d1b3	sra	x3,x9,x15	  x9:0x00005dbb x15:0x200da000  x3=0x00005dbb
       10085000	      1007	80001458	fe0b8a23	sb	x0,-12(x23)	 x23:0x80008abd  x0:0x00000000 PA:0x80008ab1
       10095000	      1008	8000145c	017965b3	or	x11,x18,x23	 x18:0x00000000 x23:0x80008abd x11=0x80008abd
       10105000	      1009	80001460	000b8c03	lb	x24,0(x23)	 x23:0x80008abd x24=0x0000002c PA:0x80008abd
       10115000	      1010	80001464	01997033	and	x0,x18,x25	 x18:0x00000000 x25:0x00003000
       10125000	      1011	80001468	57ee8a93	addi	x21,x29,1406	 x29:0x8001bfed x21=0x8001c56b
       10135000	      1012	8000146c	fe6b8923	sb	x6,-14(x23)	 x23:0x80008abd  x6:0xffffffa5 PA:0x80008aaf
       10145000	      1013	80001470	fffb8803	lb	x16,-1(x23)	 x23:0x80008abd x16=0x00000019 PA:0x80008abc
       10155000	      1014	80001474	ff9bc783	lbu	x15,-7(x23)	 x23:0x80008abd x15=0x00000006 PA:0x80008ab6
       10165000	      1015	80001478	8daa6d13	ori	x26,x20,-1830	 x20:0x00000001 x26=0xfffff8db
       10175000	      1016	8000147c	01f433b3	sltu	x7,x8,x31	  x8:0x00000000 x31:0x0000053d  x7=0x00000001
       10185000	      1017	80001480	ff8b8103	lb	x2,-8(x23)	 x23:0x80008abd  x2=0x00000037 PA:0x80008ab5
       10195000	      1018	80001484	ff6bca03	lbu	x20,-10(x23)	 x23:0x80008abd x20=0x00000049 PA:0x80008ab3
       10205000	      1019	80001488	00007e17	auipc	x28,0x7	 x28=0x80008484
       10215000	      1020	8000148c	2e2e0e13	addi	x28,x28,738	 x28:0x80008484 x28=0x80008766
       10225000	      1021	80001490	13618893	addi	x17,x3,310	  x3:0x00005dbb x17=0x00005ef1
       10235000	      1022	80001494	003e0723	sb	x3,14(x28)	 x28:0x80008766  x3:0x00005dbb PA:0x80008774
       10245000	      1023	80001498	00ee0a83	lb	x21,14(x28)	 x28:0x80008766 x21=0xffffffbb PA:0x80008774
       10255000	      1024	8000149c	001e1723	sh	x1,14(x28)	 x28:0x80008766  x1:0xffffffc3 PA:0x80008774
       10265000	      1025	800014a0	00ee4403	lbu	x8,14(x28)	 x28:0x80008766  x8=0x000000c3 PA:0x80008774
       10275000	      1026	800014a4	00ee0403	lb	x8,14(x28)	 x28:0x80008766  x8=0xffffffc3 PA:0x80008774
       10285000	      1027	800014a8	3cb1bf97	auipc	x31,0x3cb1b	 x31=0xbcb1c4a4
       10295000	      1028	800014ac	ca4db113	sltiu	x2,x27,-860	 x27:0x80009fc4  x2=0x00000001
       10305000	      1029	800014b0	00ee2f03	lw	x30,14(x28)	 x28:0x80008766 x30=0x472affc3 PA:0x80008774
       10315000	      1030	800014b4	00ce2723	sw	x12,14(x28)	 x28:0x80008766 x12:0x00000001 PA:0x80008774
       10325000	      1031	800014b8	012e0723	sb	x18,14(x28)	 x28:0x80008766 x18:0x00000000 PA:0x80008774
       10335000	      1032	800014bc	00ee2403	lw	x8,14(x28)	 x28:0x80008766  x8=0x00000000 PA:0x80008774
       10345000	      1033	800014c0	01be2723	sw	x27,14(x28)	 x28:0x80008766 x27:0x80009fc4 PA:0x80008774
       10355000	      1034	800014c4	010e0723	sb	x16,14(x28)	 x28:0x80008766 x16:0x00000019 PA:0x80008774
       10365000	      1035	800014c8	40a4d433	sra	x8,x9,x10	  x9:0x00005dbb x10:0x80009f34  x8=0x00000000
       10375000	      1036	800014cc	015e2723	sw	x21,14(x28)	 x28:0x80008766 x21:0xffffffbb PA:0x80008774
       10385000	      1037	800014d0	008b1c13	slli	x24,x22,0x8	 x22:0x00000000 x24=0x00000000
       10395000	      1038	800014d4	00ee0b03	lb	x22,14(x28)	 x28:0x80008766 x22=0xffffffbb PA:0x80008774
       10405000	      1039	800014d8	00446cb3	or	x25,x8,x4	  x8:0x00000000  x4:0x800099ed x25=0x800099ed
       10415000	      1040	800014dc	feae2d23	sw	x10,-6(x28)	 x28:0x80008766 x10:0x80009f34 PA:0x80008760
       10425000	      1041	800014e0	00854833	xor	x16,x10,x8	 x10:0x80009f34  x8:0x00000000 x16=0x80009f34
       10435000	      1042	800014e4	ffae4403	lbu	x8,-6(x28)	 x28:0x80008766  x8=0x00000034 PA:0x80008760
       10445000	      1043	800014e8	00007197	auipc	x3,0x7	  x3=0x800084e4
       10455000	      1044	800014ec	50618193	addi	x3,x3,1286	  x3:0x800084e4  x3=0x800089ea
       10465000	      1045	800014f0	01be9e13	slli	x28,x29,0x1b	 x29:0x8001bfed x28=0x68000000
       10475000	      1046	800014f4	01315a33	srl	x20,x2,x19	  x2:0x00000001 x19:0x80001156 x20=0x00000000
       10485000	      1047	800014f8	005cb2b3	sltu	x5,x25,x5	 x25:0x800099ed  x5:0x00000006  x5=0x00000000
       10495000	      1048	800014fc	03f189a3	sb	x31,51(x3)	  x3:0x800089ea x31:0xbcb1c4a4 PA:0x80008a1d
       10505000	      1049	80001500	00601f93	slli	x31,x0,0x6	  x0:0x00000000 x31=0x00000000
       10515000	      1050	80001504	017a4333	xor	x6,x20,x23	 x20:0x00000000 x23:0x80008abd  x6=0x80008abd
       10525000	      1051	80001508	00cf9993	slli	x19,x31,0xc	 x31:0x00000000 x19=0x00000000
       10535000	      1052	8000150c	fe718fa3	sb	x7,-1(x3)	  x3:0x800089ea  x7:0x00000001 PA:0x800089e9
       10545000	      1053	80001510	00000013	addi	x0,x0,0	  x0:0x00000000
       10555000	      1054	80001514	42407a17	auipc	x20,0x42407	 x20=0xc2408510
       10565000	      1055	80001518	03319223	sh	x19,36(x3)	  x3:0x800089ea x19:0x00000000 PA:0x80008a0e
       10575000	      1056	8000151c	fd518083	lb	x1,-43(x3)	  x3:0x800089ea  x1=0x0000001a PA:0x800089bf
       10585000	      1057	00000000	00000013	addi	x0,x0,0	  x0:0x00000000
       10595000	      1058	80001520	41b0de33	sra	x28,x1,x27	  x1:0x0000001a x27:0x80009fc4 x28=0x00000001
       10605000	      1059	80001524	fd118303	lb	x6,-47(x3)	  x3:0x800089ea  x6=0x0000004b PA:0x800089bb
       10615000	      1060	80001528	ff219423	sh	x18,-24(x3)	  x3:0x800089ea x18:0x00000000 PA:0x800089d2
       10625000	      1061	8000152c	00119723	sh	x1,14(x3)	  x3:0x800089ea  x1:0x0000001a PA:0x800089f8
       10635000	      1062	80001530	fd01c883	lbu	x17,-48(x3)	  x3:0x800089ea x17=0x000000a1 PA:0x800089ba
       10645000	      1063	80001534	beee6c93	ori	x25,x28,-1042	 x28:0x00000001 x25=0xfffffbef
       10655000	      1064	80001538	02c19f83	lh	x31,44(x3)	  x3:0x800089ea x31=0x00007b1e PA:0x80008a16
       10665000	      1065	8000153c	fc61d303	lhu	x6,-58(x3)	  x3:0x800089ea  x6=0x0000d81f PA:0x800089b0
       10675000	      1066	80001540	038187a3	sb	x24,47(x3)	  x3:0x800089ea x24:0x00000000 PA:0x80008a19
       10685000	      1067	80001544	fc218da3	sb	x2,-37(x3)	  x3:0x800089ea  x2:0x00000001 PA:0x800089c5
       10695000	      1068	80001548	fd91ce83	lbu	x29,-39(x3)	  x3:0x800089ea x29=0x00000042 PA:0x800089c3
       10705000	      1069	8000154c	fce1d203	lhu	x4,-50(x3)	  x3:0x800089ea  x4=0x0000533c PA:0x800089b8
       10715000	      1070	80001550	0064ccb3	xor	x25,x9,x6	  x9:0x00005dbb  x6:0x0000d81f x25=0x000085a4
       10725000	      1071	80001554	01f4d893	srli	x17,x9,0x1f	  x9:0x00005dbb x17=0x00000000
       10735000	      1072	80001558	00ee1933	sll	x18,x28,x14	 x28:0x00000001 x14:0xbf85963d x18=0x20000000
       10745000	      1073	8000155c	72181e97	auipc	x29,0x72181	 x29=0xf2182558
       10755000	      1074	80001560	41a58fb3	sub	x31,x11,x26	 x11:0x80008abd x26:0xfffff8db x31=0x800091e2
       10765000	      1075	80001564	402bda13	srai	x20,x23,0x2	 x23:0x80008abd x20=0xe00022af
       10775000	      1076	80001568	fe81c683	lbu	x13,-24(x3)	  x3:0x800089ea x13=0x00000000 PA:0x800089d2
       10785000	      1077	8000156c	00000013	addi	x0,x0,0	  x0:0x00000000
       10795000	      1078	80001570	005736b3	sltu	x13,x14,x5	 x14:0xbf85963d  x5:0x00000000 x13=0x00000000
       10805000	      1079	80001574	01301c33	sll	x24,x0,x19	  x0:0x00000000 x19:0x00000000 x24=0x00000000
       10815000	      1080	80001578	00c1dc83	lhu	x25,12(x3)	  x3:0x800089ea x25=0x000046f0 PA:0x800089f6
       10825000	      1081	8000157c	fde18aa3	sb	x30,-43(x3)	  x3:0x800089ea x30:0x472affc3 PA:0x800089bf
       10835000	      1082	80001580	00007c17	auipc	x24,0x7	 x24=0x8000857c
       10845000	      1083	80001584	64bc0c13	addi	x24,x24,1611	 x24:0x8000857c x24=0x80008bc7
       10855000	      1084	80001588	06dc4c83	lbu	x25,109(x24)	 x24:0x80008bc7 x25=0x0000004b PA:0x80008c34
       10865000	      1085	8000158c	0bac0f83	lb	x31,186(x24)	 x24:0x80008bc7 x31=0xfffffff1 PA:0x80008c81
       10875000	      1086	80001590	00007817	auipc	x16,0x7	 x16=0x8000858c
       10885000	      1087	80001594	35080813	addi	x16,x16,848	 x16:0x8000858c x16=0x800088dc
       10895000	      1088	80001598	00007697	auipc	x13,0x7	 x13=0x80008594
       10905000	      1089	8000159c	34a68693	addi	x13,x13,842	 x13:0x80008594 x13=0x800088de
       10915000	      1090	800015a0	07cc4403	lbu	x8,124(x24)	 x24:0x80008bc7  x8=0x00000054 PA:0x80008c43
       10925000	      1091	800015a4	ffe80e83	lb	x29,-2(x16)	 x16:0x800088dc x29=0x0000007e PA:0x800088da
       10935000	      1092	800015a8	2c26a603	lw	x12,706(x13)	 x13:0x800088de x12=0x134ce17f PA:0x80008ba0
       10945000	      1093	800015ac	02fc0983	lb	x19,47(x24)	 x24:0x80008bc7 x19=0x00000047 PA:0x80008bf6
       10955000	      1094	800015b0	0fd808a3	sb	x29,241(x16)	 x16:0x800088dc x29:0x0000007e PA:0x800089cd
       10965000	      1095	800015b4	0ee85183	lhu	x3,238(x16)	 x16:0x800088dc  x3=0x00005d9b PA:0x800089ca
       10975000	      1096	800015b8	31e68f83	lb	x31,798(x13)	 x13:0x800088de x31=0x00000055 PA:0x80008bfc
       10985000	      1097	800015bc	0f7c4d03	lbu	x26,247(x24)	 x24:0x80008bc7 x26=0x00000000 PA:0x80008cbe
       10995000	      1098	800015c0	2516cf83	lbu	x31,593(x13)	 x13:0x800088de x31=0x00000000 PA:0x80008b2f
       11005000	      1099	800015c4	063c4d03	lbu	x26,99(x24)	 x24:0x80008bc7 x26=0x0000006b PA:0x80008c2a
       11015000	      1100	800015c8	19069a83	lh	x21,400(x13)	 x13:0x800088de x21=0xffffe3d0 PA:0x80008a6e
       11025000	      1101	800015cc	09769c23	sh	x23,152(x13)	 x13:0x800088de x23:0x80008abd PA:0x80008976
       11035000	      1102	800015d0	091c5b03	lhu	x22,145(x24)	 x24:0x80008bc7 x22=0x00001525 PA:0x80008c58
       11045000	      1103	800015d4	0ab683a3	sb	x11,167(x13)	 x13:0x800088de x11:0x80008abd PA:0x80008985
       11055000	      1104	800015d8	0cec0f83	lb	x31,206(x24)	 x24:0x80008bc7 x31=0xffffffd8 PA:0x80008c95
       11065000	      1105	800015dc	1c26a783	lw	x15,450(x13)	 x13:0x800088de x15=0x25a23146 PA:0x80008aa0
       11075000	      1106	800015e0	fa082183	lw	x3,-96(x16)	 x16:0x800088dc  x3=0x5bc22cf5 PA:0x8000887c
       11085000	      1107	800015e4	15768623	sb	x23,332(x13)	 x13:0x800088de x23:0x80008abd PA:0x80008a2a
       11095000	      1108	800015e8	f44c0a23	sb	x4,-172(x24)	 x24:0x80008bc7  x4:0x0000533c PA:0x80008b1b
       11105000	      1109	800015ec	f7a85103	lhu	x2,-134(x16)	 x16:0x800088dc  x2=0x0000e73d PA:0x80008856
       11115000	      1110	800015f0	0b068583	lb	x11,176(x13)	 x13:0x800088de x11=0x00000075 PA:0x8000898e
       11125000	      1111	800015f4	00007117	auipc	x2,0x7	  x2=0x800085f0
       11135000	      1112	800015f8	10c10113	addi	x2,x2,268	  x2:0x800085f0  x2=0x800086fc
       11145000	      1113	800015fc	03510ba3	sb	x21,55(x2)	  x2:0x800086fc x21:0xffffe3d0 PA:0x80008733
       11155000	      1114	80001600	03510483	lb	x9,53(x2)	  x2:0x800086fc  x9=0xffffffad PA:0x80008731
       11165000	      1115	80001604	00aedd13	srli	x26,x29,0xa	 x29:0x0000007e x26=0x00000000
       11175000	      1116	80001608	004da9b3	slt	x19,x27,x4	 x27:0x80009fc4  x4:0x0000533c x19=0x00000001
       11185000	      1117	8000160c	8053eb93	ori	x23,x7,-2043	  x7:0x00000001 x23=0xfffff805
       11195000	      1118	80001610	ff510983	lb	x19,-11(x2)	  x2:0x800086fc x19=0x00000036 PA:0x800086f1
       11205000	      1119	80001614	794cbb13	sltiu	x22,x25,1940	 x25:0x0000004b x22=0x00000001
       11215000	      1120	80001618	02d12223	sw	x13,36(x2)	  x2:0x800086fc x13:0x800088de PA:0x80008720
       11225000	      1121	8000161c	01814483	lbu	x9,24(x2)	  x2:0x800086fc  x9=0x00000061 PA:0x80008714
       11235000	      1122	80001620	fcd14983	lbu	x19,-51(x2)	  x2:0x800086fc x19=0x0000005b PA:0x800086c9
       11245000	      1123	80001624	fcd10e03	lb	x28,-51(x2)	  x2:0x800086fc x28=0x0000005b PA:0x800086c9
       11255000	      1124	80001628	fde106a3	sb	x30,-51(x2)	  x2:0x800086fc x30:0x472affc3 PA:0x800086c9
       11265000	      1125	8000162c	fcd14e03	lbu	x28,-51(x2)	  x2:0x800086fc x28=0x000000c3 PA:0x800086c9
       11275000	      1126	80001630	fcd14403	lbu	x8,-51(x2)	  x2:0x800086fc  x8=0x000000c3 PA:0x800086c9
       11285000	      1127	80001634	00007a17	auipc	x20,0x7	 x20=0x80008630
       11295000	      1128	80001638	143a0a13	addi	x20,x20,323	 x20:0x80008630 x20=0x80008773
       11305000	      1129	8000163c	00007b97	auipc	x23,0x7	 x23=0x80008638
       11315000	      1130	80001640	165b8b93	addi	x23,x23,357	 x23:0x80008638 x23=0x8000879d
       11325000	      1131	80001644	00007c17	auipc	x24,0x7	 x24=0x80008640
       11335000	      1132	80001648	a97c0c13	addi	x24,x24,-1385	 x24:0x80008640 x24=0x800080d7
       11345000	      1133	8000164c	05cb8123	sb	x28,66(x23)	 x23:0x8000879d x28:0x000000c3 PA:0x800087df
       11355000	      1134	80001650	09fc0403	lb	x8,159(x24)	 x24:0x800080d7  x8=0x00000026 PA:0x80008176
       11365000	      1135	80001654	00007897	auipc	x17,0x7	 x17=0x80008650
       11375000	      1136	80001658	cd188893	addi	x17,x17,-815	 x17:0x80008650 x17=0x80008321
       11385000	      1137	8000165c	92ba5303	lhu	x6,-1749(x20)	 x20:0x80008773  x6=0x0000615d PA:0x8000809e
       11395000	      1138	80001660	02eb9ca3	sh	x14,57(x23)	 x23:0x8000879d x14:0xbf85963d PA:0x800087d6
       11405000	      1139	80001664	00007617	auipc	x12,0x7	 x12=0x80008660
       11415000	      1140	80001668	04f60613	addi	x12,x12,79	 x12:0x80008660 x12=0x800086af
       11425000	      1141	8000166c	0a4c0a83	lb	x21,164(x24)	 x24:0x800080d7 x21=0x00000000 PA:0x8000817b
       11435000	      1142	80001670	080a1ba3	sh	x0,151(x20)	 x20:0x80008773  x0:0x00000000 PA:0x8000880a
       11445000	      1143	80001674	11a64e03	lbu	x28,282(x12)	 x12:0x800086af x28=0x00000085 PA:0x800087c9
       11455000	      1144	80001678	cdba1fa3	sh	x27,-801(x20)	 x20:0x80008773 x27:0x80009fc4 PA:0x80008452
       11465000	      1145	8000167c	f75c2f03	lw	x30,-139(x24)	 x24:0x800080d7 x30=0xe502cf0a PA:0x8000804c
       11475000	      1146	80001680	06ec0aa3	sb	x14,117(x24)	 x24:0x800080d7 x14:0xbf85963d PA:0x8000814c
       11485000	      1147	80001684	ff48c303	lbu	x6,-12(x17)	 x17:0x80008321  x6=0x00000006 PA:0x80008315
       11495000	      1148	80001688	ff7a0b23	sb	x23,-10(x20)	 x20:0x80008773 x23:0x8000879d PA:0x80008769
       11505000	      1149	8000168c	cf064203	lbu	x4,-784(x12)	 x12:0x800086af  x4=0x00000027 PA:0x8000839f
       11515000	      1150	80001690	e86a0823	sb	x6,-368(x20)	 x20:0x80008773  x6:0x00000006 PA:0x80008603
       11525000	      1151	80001694	f5fb8383	lb	x7,-161(x23)	 x23:0x8000879d  x7=0xffffffb6 PA:0x800086fc
       11535000	      1152	80001698	ff2c0d03	lb	x26,-14(x24)	 x24:0x800080d7 x26=0xffffffc4 PA:0x800080c9
       11545000	      1153	8000169c	007880a3	sb	x7,1(x17)	 x17:0x80008321  x7:0xffffffb6 PA:0x80008322
       11555000	      1154	800016a0	98ea4f83	lbu	x31,-1650(x20)	 x20:0x80008773 x31=0x00000051 PA:0x80008101
       11565000	      1155	800016a4	00a88f03	lb	x30,10(x17)	 x17:0x80008321 x30=0xffffffa6 PA:0x8000832b
       11575000	      1156	800016a8	e5860823	sb	x24,-432(x12)	 x12:0x800086af x24:0x800080d7 PA:0x800084ff
       11585000	      1157	800016ac	ffc8c203	lbu	x4,-4(x17)	 x17:0x80008321  x4=0x0000007f PA:0x8000831d
       11595000	      1158	800016b0	f3cbcf83	lbu	x31,-196(x23)	 x23:0x8000879d x31=0x000000d5 PA:0x800086d9
       11605000	      1159	800016b4	025a0123	sb	x5,34(x20)	 x20:0x80008773  x5:0x00000000 PA:0x80008795
       11615000	      1160	800016b8	ffa88183	lb	x3,-6(x17)	 x17:0x80008321  x3=0xffffff84 PA:0x8000831b
       11625000	      1161	800016bc	0abc0323	sb	x11,166(x24)	 x24:0x800080d7 x11:0x00000075 PA:0x8000817d
       11635000	      1162	800016c0	fb0c0b23	sb	x16,-74(x24)	 x24:0x800080d7 x16:0x800088dc PA:0x8000808d
       11645000	      1163	800016c4	0c660783	lb	x15,198(x12)	 x12:0x800086af x15=0xffffffff PA:0x80008775
       11655000	      1164	800016c8	ffa88383	lb	x7,-6(x17)	 x17:0x80008321  x7=0xffffff84 PA:0x8000831b
       11665000	      1165	800016cc	06ea0983	lb	x19,110(x20)	 x20:0x80008773 x19=0x0000006f PA:0x800087e1
       11675000	      1166	800016d0	014890a3	sh	x20,1(x17)	 x17:0x80008321 x20:0x80008773 PA:0x80008322
       11685000	      1167	800016d4	fd1c4383	lbu	x7,-47(x24)	 x24:0x800080d7  x7=0x00000093 PA:0x800080a8
       11695000	      1168	800016d8	09ec0d03	lb	x26,158(x24)	 x24:0x800080d7 x26=0x00000021 PA:0x80008175
       11705000	      1169	800016dc	ffb88823	sb	x27,-16(x17)	 x17:0x80008321 x27:0x80009fc4 PA:0x80008311
       11715000	      1170	800016e0	01eb8003	lb	x0,30(x23)	 x23:0x8000879d PA:0x800087bb
       11725000	      1171	800016e4	ff78c803	lbu	x16,-9(x17)	 x17:0x80008321 x16=0x0000009d PA:0x80008318
       11735000	      1172	800016e8	fc9b8723	sb	x9,-50(x23)	 x23:0x8000879d  x9:0x00000061 PA:0x8000876b
       11745000	      1173	800016ec	02ebc183	lbu	x3,46(x23)	 x23:0x8000879d  x3=0x00000026 PA:0x800087cb
       11755000	      1174	800016f0	d7962103	lw	x2,-647(x12)	 x12:0x800086af  x2=0x91ae7c41 PA:0x80008428
       11765000	      1175	800016f4	04737663	bgeu	x6,x7,80001740	  x6:0x00000006  x7:0x00000093
       11775000	      1176	800016f8	013c22b3	slt	x5,x24,x19	 x24:0x800080d7 x19:0x0000006f  x5=0x00000001
       11785000	      1177	800016fc	005d79b3	and	x19,x26,x5	 x26:0x00000021  x5:0x00000001 x19=0x00000001
       11795000	      1178	80001700	0086d633	srl	x12,x13,x8	 x13:0x800088de  x8:0x00000026 x12=0x02000223
       11805000	      1179	80001704	60d30413	addi	x8,x6,1549	  x6:0x00000006  x8=0x00000613
       11815000	      1180	80001708	008788b3	add	x17,x15,x8	 x15:0xffffffff  x8:0x00000613 x17=0x00000612
       11825000	      1181	8000170c	02ee1863	bne	x28,x14,8000173c	 x28:0x00000085 x14:0xbf85963d
       11835000	      1182	00000000	00000013	addi	x0,x0,0	  x0:0x00000000
       11845000	      1183	80001738	00000013	addi	x0,x0,0	  x0:0x00000000
       11855000	      1184	8000173c	41ea89b3	sub	x19,x21,x30	 x21:0x00000000 x30:0xffffffa6 x19=0x0000005a
       11865000	      1185	80001740	004d1b93	slli	x23,x26,0x4	 x26:0x00000021 x23=0x00000210
       11875000	      1186	80001744	0000d633	srl	x12,x1,x0	  x1:0x0000001a  x0:0x00000000 x12=0x0000001a
       11885000	      1187	80001748	418d5033	sra	x0,x26,x24	 x26:0x00000021 x24:0x800080d7
       11895000	      1188	8000174c	0566e463	bltu	x13,x22,80001794	 x13:0x800088de x22:0x00000001
       11905000	      1189	80001750	37efff93	andi	x31,x31,894	 x31:0x000000d5 x31=0x00000054
       11915000	      1190	80001754	3a5e7413	andi	x8,x28,933	 x28:0x00000085  x8=0x00000085
       11925000	      1191	80001758	1118e593	ori	x11,x17,273	 x17:0x00000612 x11=0x00000713
       11935000	      1192	8000175c	0065e3b3	or	x7,x11,x6	 x11:0x00000713  x6:0x00000006  x7=0x00000717
       11945000	      1193	80001760	00cdab33	slt	x22,x27,x12	 x27:0x80009fc4 x12:0x0000001a x22=0x00000001
       11955000	      1194	80001764	16144a97	auipc	x21,0x16144	 x21=0x96145760
       11965000	      1195	80001768	01772133	slt	x2,x14,x23	 x14:0xbf85963d x23:0x00000210  x2=0x00000001
       11975000	      1196	8000176c	00000013	addi	x0,x0,0	  x0:0x00000000
       11985000	      1197	80001770	00b8d493	srli	x9,x17,0xb	 x17:0x00000612  x9=0x00000000
       11995000	      1198	80001774	059f7863	bgeu	x30,x25,800017c4	 x30:0xffffffa6 x25:0x0000004b
       12005000	      1199	00000000	00000013	addi	x0,x0,0	  x0:0x00000000
       12015000	      1200	800017c0	00000013	addi	x0,x0,0	  x0:0x00000000
       12025000	      1201	800017c4	02f2e063	bltu	x5,x15,800017e4	  x5:0x00000001 x15:0xffffffff
       12035000	      1202	00000000	00000013	addi	x0,x0,0	  x0:0x00000000
       12045000	      1203	800017e0	00000013	addi	x0,x0,0	  x0:0x00000000
       12055000	      1204	800017e4	006ea1b3	slt	x3,x29,x6	 x29:0x0000007e  x6:0x00000006  x3=0x00000000
       12065000	      1205	800017e8	03dd0a63	beq	x26,x29,8000181c	 x26:0x00000021 x29:0x0000007e
       12075000	      1206	800017ec	008eda63	bge	x29,x8,80001800	 x29:0x0000007e  x8:0x00000085
       12085000	      1207	800017f0	00087a63	bgeu	x16,x0,80001804	 x16:0x0000009d  x0:0x00000000
       12095000	      1208	00000000	00000013	addi	x0,x0,0	  x0:0x00000000
       12105000	      1209	80001800	00000013	addi	x0,x0,0	  x0:0x00000000
       12115000	      1210	80001804	40bedcb3	sra	x25,x29,x11	 x29:0x0000007e x11:0x00000713 x25=0x00000000
       12125000	      1211	80001808	00000013	addi	x0,x0,0	  x0:0x00000000
       12135000	      1212	8000180c	02a68863	beq	x13,x10,8000183c	 x13:0x800088de x10:0x80009f34
       12145000	      1213	80001810	00c837b3	sltu	x15,x16,x12	 x16:0x0000009d x12:0x0000001a x15=0x00000000
       12155000	      1214	80001814	05edc263	blt	x27,x30,80001858	 x27:0x80009fc4 x30:0xffffffa6
       12165000	      1215	00000000	00000013	addi	x0,x0,0	  x0:0x00000000
       12175000	      1216	80001854	00000013	addi	x0,x0,0	  x0:0x00000000
       12185000	      1217	80001858	00c23633	sltu	x12,x4,x12	  x4:0x0000007f x12:0x0000001a x12=0x00000000
       12195000	      1218	8000185c	00a76bb3	or	x23,x14,x10	 x14:0xbf85963d x10:0x80009f34 x23=0xbf859f3d
       12205000	      1219	80001860	019e1c63	bne	x28,x25,80001878	 x28:0x00000085 x25:0x00000000
       12215000	      1220	00000000	00000013	addi	x0,x0,0	  x0:0x00000000
       12225000	      1221	80001874	00000013	addi	x0,x0,0	  x0:0x00000000
       12235000	      1222	80001878	0307ea63	bltu	x15,x16,800018ac	 x15:0x00000000 x16:0x0000009d
       12245000	      1223	00000000	00000013	addi	x0,x0,0	  x0:0x00000000
       12255000	      1224	800018a8	00000013	addi	x0,x0,0	  x0:0x00000000
       12265000	      1225	800018ac	40e55c13	srai	x24,x10,0xe	 x10:0x80009f34 x24=0xfffe0002
       12275000	      1226	800018b0	00000013	addi	x0,x0,0	  x0:0x00000000
       12285000	      1227	800018b4	0146c3b3	xor	x7,x13,x20	 x13:0x800088de x20:0x80008773  x7=0x00000fad
       12295000	      1228	800018b8	01591fb3	sll	x31,x18,x21	 x18:0x20000000 x21:0x96145760 x31=0x20000000
       12305000	      1229	800018bc	03cfd863	bge	x31,x28,800018ec	 x31:0x20000000 x28:0x00000085
       12315000	      1230	00000000	00000013	addi	x0,x0,0	  x0:0x00000000
       12325000	      1231	800018e8	00000013	addi	x0,x0,0	  x0:0x00000000
       12335000	      1232	800018ec	405d0e33	sub	x28,x26,x5	 x26:0x00000021  x5:0x00000001 x28=0x00000020
       12345000	      1233	800018f0	41d75d13	srai	x26,x14,0x1d	 x14:0xbf85963d x26=0xfffffffd
       12355000	      1234	800018f4	00e7b9b3	sltu	x19,x15,x14	 x15:0x00000000 x14:0xbf85963d x19=0x00000001
       12365000	      1235	800018f8	04569463	bne	x13,x5,80001940	 x13:0x800088de  x5:0x00000001
       12375000	      1236	00000000	00000013	addi	x0,x0,0	  x0:0x00000000
       12385000	      1237	8000193c	00000013	addi	x0,x0,0	  x0:0x00000000
       12395000	      1238	80001940	028e5863	bge	x28,x8,80001970	 x28:0x00000020  x8:0x00000085
       12405000	      1239	80001944	41f88133	sub	x2,x17,x31	 x17:0x00000612 x31:0x20000000  x2=0xe0000612
       12415000	      1240	80001948	5ab3be13	sltiu	x28,x7,1451	  x7:0x00000fad x28=0x00000000
       12425000	      1241	8000194c	023ae863	bltu	x21,x3,8000197c	 x21:0x96145760  x3:0x00000000
       12435000	      1242	80001950	1ca52613	slti	x12,x10,458	 x10:0x80009f34 x12=0x00000001
       12445000	      1243	80001954	011b5693	srli	x13,x22,0x11	 x22:0x00000001 x13=0x00000000
       12455000	      1244	80001958	03009463	bne	x1,x16,80001980	  x1:0x0000001a x16:0x0000009d
       12465000	      1245	00000000	00000013	addi	x0,x0,0	  x0:0x00000000
       12475000	      1246	8000197c	00000013	addi	x0,x0,0	  x0:0x00000000
       12485000	      1247	80001980	00000013	addi	x0,x0,0	  x0:0x00000000
       12495000	      1248	80001984	00f45f33	srl	x30,x8,x15	  x8:0x00000085 x15:0x00000000 x30=0x00000085
       12505000	      1249	80001988	68c54813	xori	x16,x10,1676	 x10:0x80009f34 x16=0x800099b8
       12515000	      1250	8000198c	80f03a93	sltiu	x21,x0,-2033	  x0:0x00000000 x21=0x00000001
       12525000	      1251	80001990	29407793	andi	x15,x0,660	  x0:0x00000000 x15=0x00000000
       12535000	      1252	80001994	583d9d17	auipc	x26,0x583d9	 x26=0xd83da990
       12545000	      1253	80001998	0196d493	srli	x9,x13,0x19	 x13:0x00000000  x9=0x00000000
       12555000	      1254	8000199c	40995293	srai	x5,x18,0x9	 x18:0x20000000  x5=0x00100000
       12565000	      1255	800019a0	033b8c63	beq	x23,x19,800019d8	 x23:0xbf859f3d x19:0x00000001
       12575000	      1256	800019a4	00dafab3	and	x21,x21,x13	 x21:0x00000001 x13:0x00000000 x21=0x00000000
       12585000	      1257	800019a8	60a30b13	addi	x22,x6,1546	  x6:0x00000006 x22=0x00000610
       12595000	      1258	800019ac	003ddb13	srli	x22,x27,0x3	 x27:0x80009fc4 x22=0x100013f8
       12605000	      1259	800019b0	044ee263	bltu	x29,x4,800019f4	 x29:0x0000007e  x4:0x0000007f
       12615000	      1260	00000000	00000013	addi	x0,x0,0	  x0:0x00000000
       12625000	      1261	800019f0	00000013	addi	x0,x0,0	  x0:0x00000000
       12635000	      1262	800019f4	13e4b213	sltiu	x4,x9,318	  x9:0x00000000  x4=0x00000001
       12645000	      1263	800019f8	0dc0b817	auipc	x16,0xdc0b	 x16=0x8dc0c9f4
       12655000	      1264	800019fc	41b6d093	srai	x1,x13,0x1b	 x13:0x00000000  x1=0x00000000
       12665000	      1265	80001a00	01339413	slli	x8,x7,0x13	  x7:0x00000fad  x8=0x7d680000
       12675000	      1266	80001a04	00611133	sll	x2,x2,x6	  x2:0xe0000612  x6:0x00000006  x2=0x00018480
       12685000	      1267	80001a08	010df633	and	x12,x27,x16	 x27:0x80009fc4 x16:0x8dc0c9f4 x12=0x800089c4
       12695000	      1268	80001a0c	00f67f33	and	x30,x12,x15	 x12:0x800089c4 x15:0x00000000 x30=0x00000000
       12705000	      1269	80001a10	2e05c613	xori	x12,x11,736	 x11:0x00000713 x12=0x000005f3
       12715000	      1270	80001a14	017f4c63	blt	x30,x23,80001a2c	 x30:0x00000000 x23:0xbf859f3d
       12725000	      1271	80001a18	01f14a63	blt	x2,x31,80001a2c	  x2:0x00018480 x31:0x20000000
       12735000	      1272	00000000	00000013	addi	x0,x0,0	  x0:0x00000000
       12745000	      1273	80001a28	00000013	addi	x0,x0,0	  x0:0x00000000
       12755000	      1274	80001a2c	68054393	xori	x7,x10,1664	 x10:0x80009f34  x7=0x800099b4
       12765000	      1275	80001a30	b3428913	addi	x18,x5,-1228	  x5:0x00100000 x18=0x000ffb34
       12775000	      1276	80001a34	04ba6863	bltu	x20,x11,80001a84	 x20:0x80008773 x11:0x00000713
       12785000	      1277	80001a38	4724f993	andi	x19,x9,1138	  x9:0x00000000 x19=0x00000000
       12795000	      1278	80001a3c	4007d813	srai	x16,x15,0x0	 x15:0x00000000 x16=0x00000000
       12805000	      1279	80001a40	a3384b13	xori	x22,x16,-1485	 x16:0x00000000 x22=0xfffffa33
       12815000	      1280	80001a44	03528a63	beq	x5,x21,80001a78	  x5:0x00100000 x21:0x00000000
       12825000	      1281	80001a48	0082b6b3	sltu	x13,x5,x8	  x5:0x00100000  x8:0x7d680000 x13=0x00000001
       12835000	      1282	80001a4c	000e6033	or	x0,x28,x0	 x28:0x00000000  x0:0x00000000
       12845000	      1283	80001a50	009f1833	sll	x16,x30,x9	 x30:0x00000000  x9:0x00000000 x16=0x00000000
       12855000	      1284	80001a54	e741d297	auipc	x5,0xe741d	  x5=0x6741ea50
       12865000	      1285	80001a58	052b5063	bge	x22,x18,80001a98	 x22:0xfffffa33 x18:0x000ffb34
       12875000	      1286	80001a5c	005616b3	sll	x13,x12,x5	 x12:0x000005f3  x5:0x6741ea50 x13=0x05f30000
       12885000	      1287	80001a60	1d8b2593	slti	x11,x22,472	 x22:0xfffffa33 x11=0x00000001
       12895000	      1288	80001a64	006faab3	slt	x21,x31,x6	 x31:0x20000000  x6:0x00000006 x21=0x00000000
       12905000	      1289	80001a68	032af863	bgeu	x21,x18,80001a98	 x21:0x00000000 x18:0x000ffb34
       12915000	      1290	80001a6c	00fe31b3	sltu	x3,x28,x15	 x28:0x00000000 x15:0x00000000  x3=0x00000000
       12925000	      1291	80001a70	29f92593	slti	x11,x18,671	 x18:0x000ffb34 x11=0x00000000
       12935000	      1292	80001a74	afe9fc93	andi	x25,x19,-1282	 x19:0x00000000 x25=0x00000000
       12945000	      1293	80001a78	02a81863	bne	x16,x10,80001aa8	 x16:0x00000000 x10:0x80009f34
       12955000	      1294	00000000	00000013	addi	x0,x0,0	  x0:0x00000000
       12965000	      1295	80001aa4	00000013	addi	x0,x0,0	  x0:0x00000000
       12975000	      1296	80001aa8	41be0033	sub	x0,x28,x27	 x28:0x00000000 x27:0x80009fc4
       12985000	      1297	80001aac	6d3e2493	slti	x9,x28,1747	 x28:0x00000000  x9=0x00000001
       12995000	      1298	80001ab0	00a297b3	sll	x15,x5,x10	  x5:0x6741ea50 x10:0x80009f34 x15=0xa5000000
       13005000	      1299	80001ab4	003a7933	and	x18,x20,x3	 x20:0x80008773  x3:0x00000000 x18=0x00000000
       13015000	      1300	80001ab8	016a46b3	xor	x13,x20,x22	 x20:0x80008773 x22:0xfffffa33 x13=0x7fff7d40
       13025000	      1301	80001abc	018fe263	bltu	x31,x24,80001ac0	 x31:0x20000000 x24:0xfffe0002
       13035000	      1302	00000000	00000013	addi	x0,x0,0	  x0:0x00000000
       13045000	      1303	80001abc	00000013	addi	x0,x0,0	  x0:0x00000000
       13055000	      1304	80001ac0	58ab0493	addi	x9,x22,1418	 x22:0xfffffa33  x9=0xffffffbd
       13065000	      1305	80001ac4	00452103	lw	x2,4(x10)	 x10:0x80009f34  x2=0x80001b44 PA:0x80009f38
       13075000	      1306	80001ac8	83b84b13	xori	x22,x16,-1989	 x16:0x00000000 x22=0xfffff83b
       13085000	      1307	80001acc	af3fb837	lui	x16,0xaf3fb	 x16=0xaf3fb000
       13095000	      1308	80001ad0	44257793	andi	x15,x10,1090	 x10:0x80009f34 x15=0x00000400
       13105000	      1309	80001ad4	01850513	addi	x10,x10,24	 x10:0x80009f34 x10=0x80009f4c
       13115000	      1310	80001ad8	e0b04f93	xori	x31,x0,-501	  x0:0x00000000 x31=0xfffffe0b
       13125000	      1311	80001adc	00110113	addi	x2,x2,1	  x2:0x80001b44  x2=0x80001b45
       13135000	      1312	80001ae0	00010167	jalr	x2,x2,0	  x2:0x80001b45  x2=0x80001ae0
       13145000	      1313	00000000	00000013	addi	x0,x0,0	  x0:0x00000000
       13155000	      1314	80001b44	00000013	addi	x0,x0,0	  x0:0x00000000
       13165000	      1315	80001b48	00000897	auipc	x17,0x0	 x17=0x80001b44
       13175000	      1316	80001b4c	8bc88893	addi	x17,x17,-1860	 x17:0x80001b44 x17=0x80001400
       13185000	      1317	80001b50	7b64f0b7	lui	x1,0x7b64f	  x1=0x7b64f000
       13195000	      1318	80001b54	403359b3	sra	x19,x6,x3	  x6:0x00000006  x3:0x00000000 x19=0x00000006
       13205000	      1319	80001b58	2f188893	addi	x17,x17,753	 x17:0x80001400 x17=0x800016f1
       13215000	      1320	80001b5c	40875bb3	sra	x23,x14,x8	 x14:0xbf85963d  x8:0x7d680000 x23=0xbf85963d
       13225000	      1321	80001b60	dbdab497	auipc	x9,0xdbdab	  x9=0x5bdacb5c
       13235000	      1322	80001b64	403080b3	sub	x1,x1,x3	  x1:0x7b64f000  x3:0x00000000  x1=0x7b64f000
       13245000	      1323	80001b68	00b212b3	sll	x5,x4,x11	  x4:0x00000001 x11:0x00000000  x5=0x00000001
       13255000	      1324	80001b6c	d0f88167	jalr	x2,x17,-753	 x17:0x800016f1  x2=0x80001b6c
       13265000	      1325	00000000	00000013	addi	x0,x0,0	  x0:0x00000000
       13275000	      1326	80001400	00000013	addi	x0,x0,0	  x0:0x00000000
       13285000	      1327	80001404	4b156293	ori	x5,x10,1201	 x10:0x80009f4c  x5=0x80009ffd
       13295000	      1328	80001408	c0ef8f17	auipc	x30,0xc0ef8	 x30=0x40ef9404
       13305000	      1329	8000140c	fe850513	addi	x10,x10,-24	 x10:0x80009f4c x10=0x80009f34
       13315000	      1330	80001410	00252223	sw	x2,4(x10)	 x10:0x80009f34  x2:0x80001b6c PA:0x80009f38
       13325000	      1331	80001414	003726b3	slt	x13,x14,x3	 x14:0xbf85963d  x3:0x00000000 x13=0x00000001
       13335000	      1332	80001418	01446833	or	x16,x8,x20	  x8:0x7d680000 x20:0x80008773 x16=0xfd688773
       13345000	      1333	8000141c	0009d193	srli	x3,x19,0x0	 x19:0x00000006  x3=0x00000006
       13355000	      1334	80001420	00007b97	auipc	x23,0x7	 x23=0x8000841c
       13365000	      1335	80001424	6a1b8b93	addi	x23,x23,1697	 x23:0x8000841c x23=0x80008abd
       13375000	      1336	80001428	ffeb8e83	lb	x29,-2(x23)	 x23:0x80008abd x29=0xfffffff9 PA:0x80008abb
       13385000	      1337	8000142c	ff5b8923	sb	x21,-14(x23)	 x23:0x80008abd x21:0x00000000 PA:0x80008aaf
       13395000	      1338	80001430	ff8bc283	lbu	x5,-8(x23)	 x23:0x80008abd  x5=0x00000037 PA:0x80008ab5
       13405000	      1339	80001434	1b124f37	lui	x30,0x1b124	 x30=0x1b124000
       13415000	      1340	80001438	ff9bc283	lbu	x5,-7(x23)	 x23:0x80008abd  x5=0x00000006 PA:0x80008ab6
       13425000	      1341	8000143c	010d9f33	sll	x30,x27,x16	 x27:0x80009fc4 x16:0xfd688773 x30=0xfe200000
       13435000	      1342	80001440	4f23a893	slti	x17,x7,1266	  x7:0x800099b4 x17=0x00000001
       13445000	      1343	80001444	00cb8083	lb	x1,12(x23)	 x23:0x80008abd  x1=0xffffffc3 PA:0x80008ac9
       13455000	      1344	80001448	010b90a3	sh	x16,1(x23)	 x23:0x80008abd x16:0xfd688773 PA:0x80008abe
       13465000	      1345	8000144c	00eb8303	lb	x6,14(x23)	 x23:0x80008abd  x6=0xffffffa5 PA:0x80008acb
       13475000	      1346	80001450	01e26eb3	or	x29,x4,x30	  x4:0x00000001 x30:0xfe200000 x29=0xfe200001
       13485000	      1347	80001454	40f4d1b3	sra	x3,x9,x15	  x9:0x5bdacb5c x15:0x00000400  x3=0x5bdacb5c
       13495000	      1348	80001458	fe0b8a23	sb	x0,-12(x23)	 x23:0x80008abd  x0:0x00000000 PA:0x80008ab1
       13505000	      1349	8000145c	017965b3	or	x11,x18,x23	 x18:0x00000000 x23:0x80008abd x11=0x80008abd
       13515000	      1350	80001460	000b8c03	lb	x24,0(x23)	 x23:0x80008abd x24=0x0000002c PA:0x80008abd
       13525000	      1351	80001464	01997033	and	x0,x18,x25	 x18:0x00000000 x25:0x00000000
       13535000	      1352	80001468	57ee8a93	addi	x21,x29,1406	 x29:0xfe200001 x21=0xfe20057f
       13545000	      1353	8000146c	fe6b8923	sb	x6,-14(x23)	 x23:0x80008abd  x6:0xffffffa5 PA:0x80008aaf
       13555000	      1354	80001470	fffb8803	lb	x16,-1(x23)	 x23:0x80008abd x16=0x00000019 PA:0x80008abc
       13565000	      1355	80001474	ff9bc783	lbu	x15,-7(x23)	 x23:0x80008abd x15=0x00000006 PA:0x80008ab6
       13575000	      1356	80001478	8daa6d13	ori	x26,x20,-1830	 x20:0x80008773 x26=0xfffffffb
       13585000	      1357	8000147c	01f433b3	sltu	x7,x8,x31	  x8:0x7d680000 x31:0xfffffe0b  x7=0x00000001
       13595000	      1358	80001480	ff8b8103	lb	x2,-8(x23)	 x23:0x80008abd  x2=0x00000037 PA:0x80008ab5
       13605000	      1359	80001484	ff6bca03	lbu	x20,-10(x23)	 x23:0x80008abd x20=0x00000049 PA:0x80008ab3
       13615000	      1360	80001488	00007e17	auipc	x28,0x7	 x28=0x80008484
       13625000	      1361	8000148c	2e2e0e13	addi	x28,x28,738	 x28:0x80008484 x28=0x80008766
       13635000	      1362	80001490	13618893	addi	x17,x3,310	  x3:0x5bdacb5c x17=0x5bdacc92
       13645000	      1363	80001494	003e0723	sb	x3,14(x28)	 x28:0x80008766  x3:0x5bdacb5c PA:0x80008774
       13655000	      1364	80001498	00ee0a83	lb	x21,14(x28)	 x28:0x80008766 x21=0x0000005c PA:0x80008774
       13665000	      1365	8000149c	001e1723	sh	x1,14(x28)	 x28:0x80008766  x1:0xffffffc3 PA:0x80008774
       13675000	      1366	800014a0	00ee4403	lbu	x8,14(x28)	 x28:0x80008766  x8=0x000000c3 PA:0x80008774
       13685000	      1367	800014a4	00ee0403	lb	x8,14(x28)	 x28:0x80008766  x8=0xffffffc3 PA:0x80008774
       13695000	      1368	800014a8	3cb1bf97	auipc	x31,0x3cb1b	 x31=0xbcb1c4a4
       13705000	      1369	800014ac	ca4db113	sltiu	x2,x27,-860	 x27:0x80009fc4  x2=0x00000001
       13715000	      1370	800014b0	00ee2f03	lw	x30,14(x28)	 x28:0x80008766 x30=0xffffffc3 PA:0x80008774
       13725000	      1371	800014b4	00ce2723	sw	x12,14(x28)	 x28:0x80008766 x12:0x000005f3 PA:0x80008774
       13735000	      1372	800014b8	012e0723	sb	x18,14(x28)	 x28:0x80008766 x18:0x00000000 PA:0x80008774
       13745000	      1373	800014bc	00ee2403	lw	x8,14(x28)	 x28:0x80008766  x8=0x00000500 PA:0x80008774
       13755000	      1374	800014c0	01be2723	sw	x27,14(x28)	 x28:0x80008766 x27:0x80009fc4 PA:0x80008774
       13765000	      1375	800014c4	010e0723	sb	x16,14(x28)	 x28:0x80008766 x16:0x00000019 PA:0x80008774
       13775000	      1376	800014c8	40a4d433	sra	x8,x9,x10	  x9:0x5bdacb5c x10:0x80009f34  x8=0x000005bd
       13785000	      1377	800014cc	015e2723	sw	x21,14(x28)	 x28:0x80008766 x21:0x0000005c PA:0x80008774
       13795000	      1378	800014d0	008b1c13	slli	x24,x22,0x8	 x22:0xfffff83b x24=0xfff83b00
       13805000	      1379	800014d4	00ee0b03	lb	x22,14(x28)	 x28:0x80008766 x22=0x0000005c PA:0x80008774
       13815000	      1380	800014d8	00446cb3	or	x25,x8,x4	  x8:0x000005bd  x4:0x00000001 x25=0x000005bd
       13825000	      1381	800014dc	feae2d23	sw	x10,-6(x28)	 x28:0x80008766 x10:0x80009f34 PA:0x80008760
       13835000	      1382	800014e0	00854833	xor	x16,x10,x8	 x10:0x80009f34  x8:0x000005bd x16=0x80009a89
       13845000	      1383	800014e4	ffae4403	lbu	x8,-6(x28)	 x28:0x80008766  x8=0x00000034 PA:0x80008760
       13855000	      1384	800014e8	00007197	auipc	x3,0x7	  x3=0x800084e4
       13865000	      1385	800014ec	50618193	addi	x3,x3,1286	  x3:0x800084e4  x3=0x800089ea
       13875000	      1386	800014f0	01be9e13	slli	x28,x29,0x1b	 x29:0xfe200001 x28=0x08000000
       13885000	      1387	800014f4	01315a33	srl	x20,x2,x19	  x2:0x00000001 x19:0x00000006 x20=0x00000000
       13895000	      1388	800014f8	005cb2b3	sltu	x5,x25,x5	 x25:0x000005bd  x5:0x00000006  x5=0x00000000
       13905000	      1389	800014fc	03f189a3	sb	x31,51(x3)	  x3:0x800089ea x31:0xbcb1c4a4 PA:0x80008a1d
       13915000	      1390	80001500	00601f93	slli	x31,x0,0x6	  x0:0x00000000 x31=0x00000000
       13925000	      1391	80001504	017a4333	xor	x6,x20,x23	 x20:0x00000000 x23:0x80008abd  x6=0x80008abd
       13935000	      1392	80001508	00cf9993	slli	x19,x31,0xc	 x31:0x00000000 x19=0x00000000
       13945000	      1393	8000150c	fe718fa3	sb	x7,-1(x3)	  x3:0x800089ea  x7:0x00000001 PA:0x800089e9
       13955000	      1394	80001510	00000013	addi	x0,x0,0	  x0:0x00000000
       13965000	      1395	80001514	42407a17	auipc	x20,0x42407	 x20=0xc2408510
       13975000	      1396	80001518	03319223	sh	x19,36(x3)	  x3:0x800089ea x19:0x00000000 PA:0x80008a0e
       13985000	      1397	8000151c	fd518083	lb	x1,-43(x3)	  x3:0x800089ea  x1=0xffffffc3 PA:0x800089bf
       13995000	      1398	00000000	00000013	addi	x0,x0,0	  x0:0x00000000
       14005000	      1399	80001520	41b0de33	sra	x28,x1,x27	  x1:0xffffffc3 x27:0x80009fc4 x28=0xfffffffc
       14015000	      1400	80001524	fd118303	lb	x6,-47(x3)	  x3:0x800089ea  x6=0x0000004b PA:0x800089bb
       14025000	      1401	80001528	ff219423	sh	x18,-24(x3)	  x3:0x800089ea x18:0x00000000 PA:0x800089d2
       14035000	      1402	8000152c	00119723	sh	x1,14(x3)	  x3:0x800089ea  x1:0xffffffc3 PA:0x800089f8
       14045000	      1403	80001530	fd01c883	lbu	x17,-48(x3)	  x3:0x800089ea x17=0x000000a1 PA:0x800089ba
       14055000	      1404	80001534	beee6c93	ori	x25,x28,-1042	 x28:0xfffffffc x25=0xfffffffe
       14065000	      1405	80001538	02c19f83	lh	x31,44(x3)	  x3:0x800089ea x31=0x00007b1e PA:0x80008a16
       14075000	      1406	8000153c	fc61d303	lhu	x6,-58(x3)	  x3:0x800089ea  x6=0x0000d81f PA:0x800089b0
       14085000	      1407	80001540	038187a3	sb	x24,47(x3)	  x3:0x800089ea x24:0xfff83b00 PA:0x80008a19
       14095000	      1408	80001544	fc218da3	sb	x2,-37(x3)	  x3:0x800089ea  x2:0x00000001 PA:0x800089c5
       14105000	      1409	80001548	fd91ce83	lbu	x29,-39(x3)	  x3:0x800089ea x29=0x00000042 PA:0x800089c3
       14115000	      1410	8000154c	fce1d203	lhu	x4,-50(x3)	  x3:0x800089ea  x4=0x0000533c PA:0x800089b8
       14125000	      1411	80001550	0064ccb3	xor	x25,x9,x6	  x9:0x5bdacb5c  x6:0x0000d81f x25=0x5bda1343
       14135000	      1412	80001554	01f4d893	srli	x17,x9,0x1f	  x9:0x5bdacb5c x17=0x00000000
       14145000	      1413	80001558	00ee1933	sll	x18,x28,x14	 x28:0xfffffffc x14:0xbf85963d x18=0x80000000
       14155000	      1414	8000155c	72181e97	auipc	x29,0x72181	 x29=0xf2182558
       14165000	      1415	80001560	41a58fb3	sub	x31,x11,x26	 x11:0x80008abd x26:0xfffffffb x31=0x80008ac2
       14175000	      1416	80001564	402bda13	srai	x20,x23,0x2	 x23:0x80008abd x20=0xe00022af
       14185000	      1417	80001568	fe81c683	lbu	x13,-24(x3)	  x3:0x800089ea x13=0x00000000 PA:0x800089d2
       14195000	      1418	8000156c	00000013	addi	x0,x0,0	  x0:0x00000000
       14205000	      1419	80001570	005736b3	sltu	x13,x14,x5	 x14:0xbf85963d  x5:0x00000000 x13=0x00000000
       14215000	      1420	80001574	01301c33	sll	x24,x0,x19	  x0:0x00000000 x19:0x00000000 x24=0x00000000
       14225000	      1421	80001578	00c1dc83	lhu	x25,12(x3)	  x3:0x800089ea x25=0x000046f0 PA:0x800089f6
       14235000	      1422	8000157c	fde18aa3	sb	x30,-43(x3)	  x3:0x800089ea x30:0xffffffc3 PA:0x800089bf
       14245000	      1423	80001580	00007c17	auipc	x24,0x7	 x24=0x8000857c
       14255000	      1424	80001584	64bc0c13	addi	x24,x24,1611	 x24:0x8000857c x24=0x80008bc7
       14265000	      1425	80001588	06dc4c83	lbu	x25,109(x24)	 x24:0x80008bc7 x25=0x0000004b PA:0x80008c34
       14275000	      1426	8000158c	0bac0f83	lb	x31,186(x24)	 x24:0x80008bc7 x31=0xfffffff1 PA:0x80008c81
       14285000	      1427	80001590	00007817	auipc	x16,0x7	 x16=0x8000858c
       14295000	      1428	80001594	35080813	addi	x16,x16,848	 x16:0x8000858c x16=0x800088dc
       14305000	      1429	80001598	00007697	auipc	x13,0x7	 x13=0x80008594
       14315000	      1430	8000159c	34a68693	addi	x13,x13,842	 x13:0x80008594 x13=0x800088de
       14325000	      1431	800015a0	07cc4403	lbu	x8,124(x24)	 x24:0x80008bc7  x8=0x00000054 PA:0x80008c43
       14335000	      1432	800015a4	ffe80e83	lb	x29,-2(x16)	 x16:0x800088dc x29=0x0000007e PA:0x800088da
       14345000	      1433	800015a8	2c26a603	lw	x12,706(x13)	 x13:0x800088de x12=0x134ce17f PA:0x80008ba0
       14355000	      1434	800015ac	02fc0983	lb	x19,47(x24)	 x24:0x80008bc7 x19=0x00000047 PA:0x80008bf6
       14365000	      1435	800015b0	0fd808a3	sb	x29,241(x16)	 x16:0x800088dc x29:0x0000007e PA:0x800089cd
       14375000	      1436	800015b4	0ee85183	lhu	x3,238(x16)	 x16:0x800088dc  x3=0x00005d9b PA:0x800089ca
       14385000	      1437	800015b8	31e68f83	lb	x31,798(x13)	 x13:0x800088de x31=0x00000055 PA:0x80008bfc
       14395000	      1438	800015bc	0f7c4d03	lbu	x26,247(x24)	 x24:0x80008bc7 x26=0x00000000 PA:0x80008cbe
       14405000	      1439	800015c0	2516cf83	lbu	x31,593(x13)	 x13:0x800088de x31=0x00000000 PA:0x80008b2f
       14415000	      1440	800015c4	063c4d03	lbu	x26,99(x24)	 x24:0x80008bc7 x26=0x0000006b PA:0x80008c2a
       14425000	      1441	800015c8	19069a83	lh	x21,400(x13)	 x13:0x800088de x21=0xffffe3d0 PA:0x80008a6e
       14435000	      1442	800015cc	09769c23	sh	x23,152(x13)	 x13:0x800088de x23:0x80008abd PA:0x80008976
       14445000	      1443	800015d0	091c5b03	lhu	x22,145(x24)	 x24:0x80008bc7 x22=0x00001525 PA:0x80008c58
       14455000	      1444	800015d4	0ab683a3	sb	x11,167(x13)	 x13:0x800088de x11:0x80008abd PA:0x80008985
       14465000	      1445	800015d8	0cec0f83	lb	x31,206(x24)	 x24:0x80008bc7 x31=0xffffffd8 PA:0x80008c95
       14475000	      1446	800015dc	1c26a783	lw	x15,450(x13)	 x13:0x800088de x15=0x25a23146 PA:0x80008aa0
       14485000	      1447	800015e0	fa082183	lw	x3,-96(x16)	 x16:0x800088dc  x3=0x5bc22cf5 PA:0x8000887c
       14495000	      1448	800015e4	15768623	sb	x23,332(x13)	 x13:0x800088de x23:0x80008abd PA:0x80008a2a
       14505000	      1449	800015e8	f44c0a23	sb	x4,-172(x24)	 x24:0x80008bc7  x4:0x0000533c PA:0x80008b1b
       14515000	      1450	800015ec	f7a85103	lhu	x2,-134(x16)	 x16:0x800088dc  x2=0x0000e73d PA:0x80008856
       14525000	      1451	800015f0	0b068583	lb	x11,176(x13)	 x13:0x800088de x11=0x00000075 PA:0x8000898e
       14535000	      1452	800015f4	00007117	auipc	x2,0x7	  x2=0x800085f0
       14545000	      1453	800015f8	10c10113	addi	x2,x2,268	  x2:0x800085f0  x2=0x800086fc
       14555000	      1454	800015fc	03510ba3	sb	x21,55(x2)	  x2:0x800086fc x21:0xffffe3d0 PA:0x80008733
       14565000	      1455	80001600	03510483	lb	x9,53(x2)	  x2:0x800086fc  x9=0xffffffad PA:0x80008731
       14575000	      1456	80001604	00aedd13	srli	x26,x29,0xa	 x29:0x0000007e x26=0x00000000
       14585000	      1457	80001608	004da9b3	slt	x19,x27,x4	 x27:0x80009fc4  x4:0x0000533c x19=0x00000001
       14595000	      1458	8000160c	8053eb93	ori	x23,x7,-2043	  x7:0x00000001 x23=0xfffff805
       14605000	      1459	80001610	ff510983	lb	x19,-11(x2)	  x2:0x800086fc x19=0x00000036 PA:0x800086f1
       14615000	      1460	80001614	794cbb13	sltiu	x22,x25,1940	 x25:0x0000004b x22=0x00000001
       14625000	      1461	80001618	02d12223	sw	x13,36(x2)	  x2:0x800086fc x13:0x800088de PA:0x80008720
       14635000	      1462	8000161c	01814483	lbu	x9,24(x2)	  x2:0x800086fc  x9=0x00000061 PA:0x80008714
       14645000	      1463	80001620	fcd14983	lbu	x19,-51(x2)	  x2:0x800086fc x19=0x000000c3 PA:0x800086c9
       14655000	      1464	80001624	fcd10e03	lb	x28,-51(x2)	  x2:0x800086fc x28=0xffffffc3 PA:0x800086c9
       14665000	      1465	80001628	fde106a3	sb	x30,-51(x2)	  x2:0x800086fc x30:0xffffffc3 PA:0x800086c9
       14675000	      1466	8000162c	fcd14e03	lbu	x28,-51(x2)	  x2:0x800086fc x28=0x000000c3 PA:0x800086c9
       14685000	      1467	80001630	fcd14403	lbu	x8,-51(x2)	  x2:0x800086fc  x8=0x000000c3 PA:0x800086c9
       14695000	      1468	80001634	00007a17	auipc	x20,0x7	 x20=0x80008630
       14705000	      1469	80001638	143a0a13	addi	x20,x20,323	 x20:0x80008630 x20=0x80008773
       14715000	      1470	8000163c	00007b97	auipc	x23,0x7	 x23=0x80008638
       14725000	      1471	80001640	165b8b93	addi	x23,x23,357	 x23:0x80008638 x23=0x8000879d
       14735000	      1472	80001644	00007c17	auipc	x24,0x7	 x24=0x80008640
       14745000	      1473	80001648	a97c0c13	addi	x24,x24,-1385	 x24:0x80008640 x24=0x800080d7
       14755000	      1474	8000164c	05cb8123	sb	x28,66(x23)	 x23:0x8000879d x28:0x000000c3 PA:0x800087df
       14765000	      1475	80001650	09fc0403	lb	x8,159(x24)	 x24:0x800080d7  x8=0x00000026 PA:0x80008176
       14775000	      1476	80001654	00007897	auipc	x17,0x7	 x17=0x80008650
       14785000	      1477	80001658	cd188893	addi	x17,x17,-815	 x17:0x80008650 x17=0x80008321
       14795000	      1478	8000165c	92ba5303	lhu	x6,-1749(x20)	 x20:0x80008773  x6=0x0000615d PA:0x8000809e
       14805000	      1479	80001660	02eb9ca3	sh	x14,57(x23)	 x23:0x8000879d x14:0xbf85963d PA:0x800087d6
       14815000	      1480	80001664	00007617	auipc	x12,0x7	 x12=0x80008660
       14825000	      1481	80001668	04f60613	addi	x12,x12,79	 x12:0x80008660 x12=0x800086af
       14835000	      1482	8000166c	0a4c0a83	lb	x21,164(x24)	 x24:0x800080d7 x21=0x00000000 PA:0x8000817b
       14845000	      1483	80001670	080a1ba3	sh	x0,151(x20)	 x20:0x80008773  x0:0x00000000 PA:0x8000880a
       14855000	      1484	80001674	11a64e03	lbu	x28,282(x12)	 x12:0x800086af x28=0x00000085 PA:0x800087c9
       14865000	      1485	80001678	cdba1fa3	sh	x27,-801(x20)	 x20:0x80008773 x27:0x80009fc4 PA:0x80008452
       14875000	      1486	8000167c	f75c2f03	lw	x30,-139(x24)	 x24:0x800080d7 x30=0xe502cf0a PA:0x8000804c
       14885000	      1487	80001680	06ec0aa3	sb	x14,117(x24)	 x24:0x800080d7 x14:0xbf85963d PA:0x8000814c
       14895000	      1488	80001684	ff48c303	lbu	x6,-12(x17)	 x17:0x80008321  x6=0x00000006 PA:0x80008315
       14905000	      1489	80001688	ff7a0b23	sb	x23,-10(x20)	 x20:0x80008773 x23:0x8000879d PA:0x80008769
       14915000	      1490	8000168c	cf064203	lbu	x4,-784(x12)	 x12:0x800086af  x4=0x00000027 PA:0x8000839f
       14925000	      1491	80001690	e86a0823	sb	x6,-368(x20)	 x20:0x80008773  x6:0x00000006 PA:0x80008603
       14935000	      1492	80001694	f5fb8383	lb	x7,-161(x23)	 x23:0x8000879d  x7=0xffffffb6 PA:0x800086fc
       14945000	      1493	80001698	ff2c0d03	lb	x26,-14(x24)	 x24:0x800080d7 x26=0xffffffc4 PA:0x800080c9
       14955000	      1494	8000169c	007880a3	sb	x7,1(x17)	 x17:0x80008321  x7:0xffffffb6 PA:0x80008322
       14965000	      1495	800016a0	98ea4f83	lbu	x31,-1650(x20)	 x20:0x80008773 x31=0x00000051 PA:0x80008101
       14975000	      1496	800016a4	00a88f03	lb	x30,10(x17)	 x17:0x80008321 x30=0xffffffa6 PA:0x8000832b
       14985000	      1497	800016a8	e5860823	sb	x24,-432(x12)	 x12:0x800086af x24:0x800080d7 PA:0x800084ff
       14995000	      1498	800016ac	ffc8c203	lbu	x4,-4(x17)	 x17:0x80008321  x4=0x0000007f PA:0x8000831d
       15005000	      1499	800016b0	f3cbcf83	lbu	x31,-196(x23)	 x23:0x8000879d x31=0x000000d5 PA:0x800086d9
       15015000	      1500	800016b4	025a0123	sb	x5,34(x20)	 x20:0x80008773  x5:0x00000000 PA:0x80008795
       15025000	      1501	800016b8	ffa88183	lb	x3,-6(x17)	 x17:0x80008321  x3=0xffffff84 PA:0x8000831b
       15035000	      1502	800016bc	0abc0323	sb	x11,166(x24)	 x24:0x800080d7 x11:0x00000075 PA:0x8000817d
       15045000	      1503	800016c0	fb0c0b23	sb	x16,-74(x24)	 x24:0x800080d7 x16:0x800088dc PA:0x8000808d
       15055000	      1504	800016c4	0c660783	lb	x15,198(x12)	 x12:0x800086af x15=0x00000000 PA:0x80008775
       15065000	      1505	800016c8	ffa88383	lb	x7,-6(x17)	 x17:0x80008321  x7=0xffffff84 PA:0x8000831b
       15075000	      1506	800016cc	06ea0983	lb	x19,110(x20)	 x20:0x80008773 x19=0x0000006f PA:0x800087e1
       15085000	      1507	800016d0	014890a3	sh	x20,1(x17)	 x17:0x80008321 x20:0x80008773 PA:0x80008322
       15095000	      1508	800016d4	fd1c4383	lbu	x7,-47(x24)	 x24:0x800080d7  x7=0x00000093 PA:0x800080a8
       15105000	      1509	800016d8	09ec0d03	lb	x26,158(x24)	 x24:0x800080d7 x26=0x00000021 PA:0x80008175
       15115000	      1510	800016dc	ffb88823	sb	x27,-16(x17)	 x17:0x80008321 x27:0x80009fc4 PA:0x80008311
       15125000	      1511	800016e0	01eb8003	lb	x0,30(x23)	 x23:0x8000879d PA:0x800087bb
       15135000	      1512	800016e4	ff78c803	lbu	x16,-9(x17)	 x17:0x80008321 x16=0x0000009d PA:0x80008318
       15145000	      1513	800016e8	fc9b8723	sb	x9,-50(x23)	 x23:0x8000879d  x9:0x00000061 PA:0x8000876b
       15155000	      1514	800016ec	02ebc183	lbu	x3,46(x23)	 x23:0x8000879d  x3=0x00000026 PA:0x800087cb
       15165000	      1515	800016f0	d7962103	lw	x2,-647(x12)	 x12:0x800086af  x2=0x91ae7c41 PA:0x80008428
       15175000	      1516	800016f4	04737663	bgeu	x6,x7,80001740	  x6:0x00000006  x7:0x00000093
       15185000	      1517	800016f8	013c22b3	slt	x5,x24,x19	 x24:0x800080d7 x19:0x0000006f  x5=0x00000001
       15195000	      1518	800016fc	005d79b3	and	x19,x26,x5	 x26:0x00000021  x5:0x00000001 x19=0x00000001
       15205000	      1519	80001700	0086d633	srl	x12,x13,x8	 x13:0x800088de  x8:0x00000026 x12=0x02000223
       15215000	      1520	80001704	60d30413	addi	x8,x6,1549	  x6:0x00000006  x8=0x00000613
       15225000	      1521	80001708	008788b3	add	x17,x15,x8	 x15:0x00000000  x8:0x00000613 x17=0x00000613
       15235000	      1522	8000170c	02ee1863	bne	x28,x14,8000173c	 x28:0x00000085 x14:0xbf85963d
       15245000	      1523	00000000	00000013	addi	x0,x0,0	  x0:0x00000000
       15255000	      1524	80001738	00000013	addi	x0,x0,0	  x0:0x00000000
       15265000	      1525	8000173c	41ea89b3	sub	x19,x21,x30	 x21:0x00000000 x30:0xffffffa6 x19=0x0000005a
       15275000	      1526	80001740	004d1b93	slli	x23,x26,0x4	 x26:0x00000021 x23=0x00000210
       15285000	      1527	80001744	0000d633	srl	x12,x1,x0	  x1:0xffffffc3  x0:0x00000000 x12=0xffffffc3
       15295000	      1528	80001748	418d5033	sra	x0,x26,x24	 x26:0x00000021 x24:0x800080d7
       15305000	      1529	8000174c	0566e463	bltu	x13,x22,80001794	 x13:0x800088de x22:0x00000001
       15315000	      1530	80001750	37efff93	andi	x31,x31,894	 x31:0x000000d5 x31=0x00000054
       15325000	      1531	80001754	3a5e7413	andi	x8,x28,933	 x28:0x00000085  x8=0x00000085
       15335000	      1532	80001758	1118e593	ori	x11,x17,273	 x17:0x00000613 x11=0x00000713
       15345000	      1533	8000175c	0065e3b3	or	x7,x11,x6	 x11:0x00000713  x6:0x00000006  x7=0x00000717
       15355000	      1534	80001760	00cdab33	slt	x22,x27,x12	 x27:0x80009fc4 x12:0xffffffc3 x22=0x00000001
       15365000	      1535	80001764	16144a97	auipc	x21,0x16144	 x21=0x96145760
       15375000	      1536	80001768	01772133	slt	x2,x14,x23	 x14:0xbf85963d x23:0x00000210  x2=0x00000001
       15385000	      1537	8000176c	00000013	addi	x0,x0,0	  x0:0x00000000
       15395000	      1538	80001770	00b8d493	srli	x9,x17,0xb	 x17:0x00000613  x9=0x00000000
       15405000	      1539	80001774	059f7863	bgeu	x30,x25,800017c4	 x30:0xffffffa6 x25:0x0000004b
       15415000	      1540	00000000	00000013	addi	x0,x0,0	  x0:0x00000000
       15425000	      1541	800017c0	00000013	addi	x0,x0,0	  x0:0x00000000
       15435000	      1542	800017c4	02f2e063	bltu	x5,x15,800017e4	  x5:0x00000001 x15:0x00000000
       15445000	      1543	800017c8	01680bb3	add	x23,x16,x22	 x16:0x0000009d x22:0x00000001 x23=0x0000009e
       15455000	      1544	800017cc	40098eb3	sub	x29,x19,x0	 x19:0x0000005a  x0:0x00000000 x29=0x0000005a
       15465000	      1545	800017d0	03649063	bne	x9,x22,800017f0	  x9:0x00000000 x22:0x00000001
       15475000	      1546	00000000	00000013	addi	x0,x0,0	  x0:0x00000000
       15485000	      1547	800017ec	00000013	addi	x0,x0,0	  x0:0x00000000
       15495000	      1548	800017f0	00087a63	bgeu	x16,x0,80001804	 x16:0x0000009d  x0:0x00000000
       15505000	      1549	00000000	00000013	addi	x0,x0,0	  x0:0x00000000
       15515000	      1550	80001800	00000013	addi	x0,x0,0	  x0:0x00000000
       15525000	      1551	80001804	40bedcb3	sra	x25,x29,x11	 x29:0x0000005a x11:0x00000713 x25=0x00000000
       15535000	      1552	80001808	00000013	addi	x0,x0,0	  x0:0x00000000
       15545000	      1553	8000180c	02a68863	beq	x13,x10,8000183c	 x13:0x800088de x10:0x80009f34
       15555000	      1554	80001810	00c837b3	sltu	x15,x16,x12	 x16:0x0000009d x12:0xffffffc3 x15=0x00000001
       15565000	      1555	80001814	05edc263	blt	x27,x30,80001858	 x27:0x80009fc4 x30:0xffffffa6
       15575000	      1556	00000000	00000013	addi	x0,x0,0	  x0:0x00000000
       15585000	      1557	80001854	00000013	addi	x0,x0,0	  x0:0x00000000
       15595000	      1558	80001858	00c23633	sltu	x12,x4,x12	  x4:0x0000007f x12:0xffffffc3 x12=0x00000001
       15605000	      1559	8000185c	00a76bb3	or	x23,x14,x10	 x14:0xbf85963d x10:0x80009f34 x23=0xbf859f3d
       15615000	      1560	80001860	019e1c63	bne	x28,x25,80001878	 x28:0x00000085 x25:0x00000000
       15625000	      1561	00000000	00000013	addi	x0,x0,0	  x0:0x00000000
       15635000	      1562	80001874	00000013	addi	x0,x0,0	  x0:0x00000000
       15645000	      1563	80001878	0307ea63	bltu	x15,x16,800018ac	 x15:0x00000001 x16:0x0000009d
       15655000	      1564	00000000	00000013	addi	x0,x0,0	  x0:0x00000000
       15665000	      1565	800018a8	00000013	addi	x0,x0,0	  x0:0x00000000
       15675000	      1566	800018ac	40e55c13	srai	x24,x10,0xe	 x10:0x80009f34 x24=0xfffe0002
       15685000	      1567	800018b0	00000013	addi	x0,x0,0	  x0:0x00000000
       15695000	      1568	800018b4	0146c3b3	xor	x7,x13,x20	 x13:0x800088de x20:0x80008773  x7=0x00000fad
       15705000	      1569	800018b8	01591fb3	sll	x31,x18,x21	 x18:0x80000000 x21:0x96145760 x31=0x80000000
       15715000	      1570	800018bc	03cfd863	bge	x31,x28,800018ec	 x31:0x80000000 x28:0x00000085
       15725000	      1571	800018c0	27f40a37	lui	x20,0x27f40	 x20=0x27f40000
       15735000	      1572	800018c4	0410c263	blt	x1,x1,80001908	  x1:0xffffffc3  x1:0xffffffc3
       15745000	      1573	800018c8	5dbcf117	auipc	x2,0x5dbcf	  x2=0xddbd08c4
       15755000	      1574	800018cc	01e3a833	slt	x16,x7,x30	  x7:0x00000fad x30:0xffffffa6 x16=0x00000000
       15765000	      1575	800018d0	f459b813	sltiu	x16,x19,-187	 x19:0x0000005a x16=0x00000001
       15775000	      1576	800018d4	400b5c13	srai	x24,x22,0x0	 x22:0x00000001 x24=0x00000001
       15785000	      1577	800018d8	57034193	xori	x3,x6,1392	  x6:0x00000006  x3=0x00000576
       15795000	      1578	800018dc	41cfd813	srai	x16,x31,0x1c	 x31:0x80000000 x16=0xfffffff8
       15805000	      1579	800018e0	00f1c7b3	xor	x15,x3,x15	  x3:0x00000576 x15:0x00000001 x15=0x00000577
       15815000	      1580	800018e4	018abd33	sltu	x26,x21,x24	 x21:0x96145760 x24:0x00000001 x26=0x00000000
       15825000	      1581	800018e8	05dc6063	bltu	x24,x29,80001928	 x24:0x00000001 x29:0x0000005a
       15835000	      1582	00000000	00000013	addi	x0,x0,0	  x0:0x00000000
       15845000	      1583	80001924	00000013	addi	x0,x0,0	  x0:0x00000000
       15855000	      1584	80001928	01409fb3	sll	x31,x1,x20	  x1:0xffffffc3 x20:0x27f40000 x31=0xffffffc3
       15865000	      1585	8000192c	bb814913	xori	x18,x2,-1096	  x2:0xddbd08c4 x18=0x2242f37c
       15875000	      1586	80001930	ba33e593	ori	x11,x7,-1117	  x7:0x00000fad x11=0xffffffaf
       15885000	      1587	80001934	fef60093	addi	x1,x12,-17	 x12:0x00000001  x1=0xfffffff0
       15895000	      1588	80001938	033f4063	blt	x30,x19,80001958	 x30:0xffffffa6 x19:0x0000005a
       15905000	      1589	00000000	00000013	addi	x0,x0,0	  x0:0x00000000
       15915000	      1590	80001954	00000013	addi	x0,x0,0	  x0:0x00000000
       15925000	      1591	80001958	03009463	bne	x1,x16,80001980	  x1:0xfffffff0 x16:0xfffffff8
       15935000	      1592	00000000	00000013	addi	x0,x0,0	  x0:0x00000000
       15945000	      1593	8000197c	00000013	addi	x0,x0,0	  x0:0x00000000
       15955000	      1594	80001980	00000013	addi	x0,x0,0	  x0:0x00000000
       15965000	      1595	80001984	00f45f33	srl	x30,x8,x15	  x8:0x00000085 x15:0x00000577 x30=0x00000000
       15975000	      1596	80001988	68c54813	xori	x16,x10,1676	 x10:0x80009f34 x16=0x800099b8
       15985000	      1597	8000198c	80f03a93	sltiu	x21,x0,-2033	  x0:0x00000000 x21=0x00000001
       15995000	      1598	80001990	29407793	andi	x15,x0,660	  x0:0x00000000 x15=0x00000000
       16005000	      1599	80001994	583d9d17	auipc	x26,0x583d9	 x26=0xd83da990
       16015000	      1600	80001998	0196d493	srli	x9,x13,0x19	 x13:0x800088de  x9=0x00000040
       16025000	      1601	8000199c	40995293	srai	x5,x18,0x9	 x18:0x2242f37c  x5=0x00112179
       16035000	      1602	800019a0	033b8c63	beq	x23,x19,800019d8	 x23:0xbf859f3d x19:0x0000005a
       16045000	      1603	800019a4	00dafab3	and	x21,x21,x13	 x21:0x00000001 x13:0x800088de x21=0x00000000
       16055000	      1604	800019a8	60a30b13	addi	x22,x6,1546	  x6:0x00000006 x22=0x00000610
       16065000	      1605	800019ac	003ddb13	srli	x22,x27,0x3	 x27:0x80009fc4 x22=0x100013f8
       16075000	      1606	800019b0	044ee263	bltu	x29,x4,800019f4	 x29:0x0000005a  x4:0x0000007f
       16085000	      1607	00000000	00000013	addi	x0,x0,0	  x0:0x00000000
       16095000	      1608	800019f0	00000013	addi	x0,x0,0	  x0:0x00000000
       16105000	      1609	800019f4	13e4b213	sltiu	x4,x9,318	  x9:0x00000040  x4=0x00000001
       16115000	      1610	800019f8	0dc0b817	auipc	x16,0xdc0b	 x16=0x8dc0c9f4
       16125000	      1611	800019fc	41b6d093	srai	x1,x13,0x1b	 x13:0x800088de  x1=0xfffffff0
       16135000	      1612	80001a00	01339413	slli	x8,x7,0x13	  x7:0x00000fad  x8=0x7d680000
       16145000	      1613	80001a04	00611133	sll	x2,x2,x6	  x2:0xddbd08c4  x6:0x00000006  x2=0x6f423100
       16155000	      1614	80001a08	010df633	and	x12,x27,x16	 x27:0x80009fc4 x16:0x8dc0c9f4 x12=0x800089c4
       16165000	      1615	80001a0c	00f67f33	and	x30,x12,x15	 x12:0x800089c4 x15:0x00000000 x30=0x00000000
       16175000	      1616	80001a10	2e05c613	xori	x12,x11,736	 x11:0xffffffaf x12=0xfffffd4f
       16185000	      1617	80001a14	017f4c63	blt	x30,x23,80001a2c	 x30:0x00000000 x23:0xbf859f3d
       16195000	      1618	80001a18	01f14a63	blt	x2,x31,80001a2c	  x2:0x6f423100 x31:0xffffffc3
       16205000	      1619	80001a1c	00d1d0b3	srl	x1,x3,x13	  x3:0x00000576 x13:0x800088de  x1=0x00000000
       16215000	      1620	80001a20	000e5263	bge	x28,x0,80001a24	 x28:0x00000085  x0:0x00000000
       16225000	      1621	00000000	00000013	addi	x0,x0,0	  x0:0x00000000
       16235000	      1622	80001a20	00000013	addi	x0,x0,0	  x0:0x00000000
       16245000	      1623	80001a24	c6149cb7	lui	x25,0xc6149	 x25=0xc6149000
       16255000	      1624	80001a28	c24bc017	auipc	x0,0xc24bc	
       16265000	      1625	80001a2c	68054393	xori	x7,x10,1664	 x10:0x80009f34  x7=0x800099b4
       16275000	      1626	80001a30	b3428913	addi	x18,x5,-1228	  x5:0x00112179 x18=0x00111cad
       16285000	      1627	80001a34	04ba6863	bltu	x20,x11,80001a84	 x20:0x27f40000 x11:0xffffffaf
       16295000	      1628	00000000	00000013	addi	x0,x0,0	  x0:0x00000000
       16305000	      1629	80001a80	00000013	addi	x0,x0,0	  x0:0x00000000
       16315000	      1630	80001a84	41635d13	srai	x26,x6,0x16	  x6:0x00000006 x26=0x00000000
       16325000	      1631	80001a88	00c57333	and	x6,x10,x12	 x10:0x80009f34 x12:0xfffffd4f  x6=0x80009d04
       16335000	      1632	80001a8c	01fb4bb3	xor	x23,x22,x31	 x22:0x100013f8 x31:0xffffffc3 x23=0xefffec3b
       16345000	      1633	80001a90	ffcb8f97	auipc	x31,0xffcb8	 x31=0x7fcb9a8c
       16355000	      1634	80001a94	00ccabb3	slt	x23,x25,x12	 x25:0xc6149000 x12:0xfffffd4f x23=0x00000001
       16365000	      1635	80001a98	69fc1697	auipc	x13,0x69fc1	 x13=0xe9fc2a94
       16375000	      1636	80001a9c	00459013	slli	x0,x11,0x4	 x11:0xffffffaf
       16385000	      1637	80001aa0	124e0e13	addi	x28,x28,292	 x28:0x00000085 x28=0x000001a9
       16395000	      1638	80001aa4	013f8e63	beq	x31,x19,80001ac0	 x31:0x7fcb9a8c x19:0x0000005a
       16405000	      1639	80001aa8	41be0033	sub	x0,x28,x27	 x28:0x000001a9 x27:0x80009fc4
       16415000	      1640	80001aac	6d3e2493	slti	x9,x28,1747	 x28:0x000001a9  x9=0x00000001
       16425000	      1641	80001ab0	00a297b3	sll	x15,x5,x10	  x5:0x00112179 x10:0x80009f34 x15=0x17900000
       16435000	      1642	80001ab4	003a7933	and	x18,x20,x3	 x20:0x27f40000  x3:0x00000576 x18=0x00000000
       16445000	      1643	80001ab8	016a46b3	xor	x13,x20,x22	 x20:0x27f40000 x22:0x100013f8 x13=0x37f413f8
       16455000	      1644	80001abc	018fe263	bltu	x31,x24,80001ac0	 x31:0x7fcb9a8c x24:0x00000001
       16465000	      1645	80001ac0	58ab0493	addi	x9,x22,1418	 x22:0x100013f8  x9=0x10001982
       16475000	      1646	80001ac4	00452103	lw	x2,4(x10)	 x10:0x80009f34  x2=0x80001b6c PA:0x80009f38
       16485000	      1647	80001ac8	83b84b13	xori	x22,x16,-1989	 x16:0x8dc0c9f4 x22=0x723f31cf
       16495000	      1648	80001acc	af3fb837	lui	x16,0xaf3fb	 x16=0xaf3fb000
       16505000	      1649	80001ad0	44257793	andi	x15,x10,1090	 x10:0x80009f34 x15=0x00000400
       16515000	      1650	80001ad4	01850513	addi	x10,x10,24	 x10:0x80009f34 x10=0x80009f4c
       16525000	      1651	80001ad8	e0b04f93	xori	x31,x0,-501	  x0:0x00000000 x31=0xfffffe0b
       16535000	      1652	80001adc	00110113	addi	x2,x2,1	  x2:0x80001b6c  x2=0x80001b6d
       16545000	      1653	80001ae0	00010167	jalr	x2,x2,0	  x2:0x80001b6d  x2=0x80001ae0
       16555000	      1654	00000000	00000013	addi	x0,x0,0	  x0:0x00000000
       16565000	      1655	80001b6c	00000013	addi	x0,x0,0	  x0:0x00000000
       16575000	      1656	80001b70	00007917	auipc	x18,0x7	 x18=0x80008b6c
       16585000	      1657	80001b74	a8c90913	addi	x18,x18,-1396	 x18:0x80008b6c x18=0x800085f8
       16595000	      1658	80001b78	00007997	auipc	x19,0x7	 x19=0x80008b74
       16605000	      1659	80001b7c	97598993	addi	x19,x19,-1675	 x19:0x80008b74 x19=0x800084e9
       16615000	      1660	80001b80	00098c03	lb	x24,0(x19)	 x19:0x800084e9 x24=0xfffffffa PA:0x800084e9
       16625000	      1661	80001b84	00007297	auipc	x5,0x7	  x5=0x80008b80
       16635000	      1662	80001b88	9fd28293	addi	x5,x5,-1539	  x5:0x80008b80  x5=0x8000857d
       16645000	      1663	80001b8c	0092d483	lhu	x9,9(x5)	  x5:0x8000857d  x9=0x000004dd PA:0x80008586
       16655000	      1664	80001b90	ff799b83	lh	x23,-9(x19)	 x19:0x800084e9 x23=0x00005394 PA:0x800084e0
       16665000	      1665	80001b94	ff994883	lbu	x17,-7(x18)	 x18:0x800085f8 x17=0x000000d4 PA:0x800085f1
       16675000	      1666	80001b98	ff72a783	lw	x15,-9(x5)	  x5:0x8000857d x15=0xce0906b4 PA:0x80008574
       16685000	      1667	80001b9c	ffa28083	lb	x1,-6(x5)	  x5:0x8000857d  x1=0xffffffce PA:0x80008577
       16695000	      1668	80001ba0	00929303	lh	x6,9(x5)	  x5:0x8000857d  x6=0x000004dd PA:0x80008586
       16705000	      1669	00000000	00000013	addi	x0,x0,0	  x0:0x00000000
       16715000	      1670	80001ba4	0069c403	lbu	x8,6(x19)	 x19:0x800084e9  x8=0x000000b5 PA:0x800084ef
       16725000	      1671	80001ba8	ffa91823	sh	x26,-16(x18)	 x18:0x800085f8 x26:0x00000000 PA:0x800085e8
       16735000	      1672	80001bac	01028723	sb	x16,14(x5)	  x5:0x8000857d x16:0xaf3fb000 PA:0x8000858b
       16745000	      1673	80001bb0	ffd98c83	lb	x25,-3(x19)	 x19:0x800084e9 x25=0x00000016 PA:0x800084e6
       16755000	      1674	80001bb4	ff298203	lb	x4,-14(x19)	 x19:0x800084e9  x4=0x0000002a PA:0x800084db
       16765000	      1675	80001bb8	00528183	lb	x3,5(x5)	  x5:0x8000857d  x3=0xffffffe0 PA:0x80008582
       16775000	      1676	80001bbc	00190803	lb	x16,1(x18)	 x18:0x800085f8 x16=0x0000004d PA:0x800085f9
       16785000	      1677	80001bc0	ff129783	lh	x15,-15(x5)	  x5:0x8000857d x15=0x00003bfb PA:0x8000856e
       16795000	      1678	80001bc4	ff428c03	lb	x24,-12(x5)	  x5:0x8000857d x24=0x0000005a PA:0x80008571
       16805000	      1679	80001bc8	fe498a23	sb	x4,-12(x19)	 x19:0x800084e9  x4:0x0000002a PA:0x800084dd
       16815000	      1680	80001bcc	00895f83	lhu	x31,8(x18)	 x18:0x800085f8 x31=0x0000568e PA:0x80008600
       16825000	      1681	80001bd0	00e2cc03	lbu	x24,14(x5)	  x5:0x8000857d x24=0x00000000 PA:0x8000858b
       16835000	      1682	80001bd4	00998823	sb	x9,16(x19)	 x19:0x800084e9  x9:0x000004dd PA:0x800084f9
       16845000	      1683	80001bd8	ff092f03	lw	x30,-16(x18)	 x18:0x800085f8 x30=0xb7b70000 PA:0x800085e8
       16855000	      1684	80001bdc	00007c17	auipc	x24,0x7	 x24=0x80008bd8
       16865000	      1685	80001be0	8e3c0c13	addi	x24,x24,-1821	 x24:0x80008bd8 x24=0x800084bb
       16875000	      1686	80001be4	005aab33	slt	x22,x21,x5	 x21:0x00000000  x5:0x8000857d x22=0x00000000
       16885000	      1687	80001be8	fb5c4b83	lbu	x23,-75(x24)	 x24:0x800084bb x23=0x0000003f PA:0x80008470
       16895000	      1688	80001bec	055c5983	lhu	x19,85(x24)	 x24:0x800084bb x19=0x000089ae PA:0x80008510
       16905000	      1689	80001bf0	fd7c14a3	sh	x23,-55(x24)	 x24:0x800084bb x23:0x0000003f PA:0x80008484
       16915000	      1690	80001bf4	00069093	slli	x1,x13,0x0	 x13:0x37f413f8  x1=0x37f413f8
       16925000	      1691	80001bf8	f0dc5483	lhu	x9,-243(x24)	 x24:0x800084bb  x9=0x0000e478 PA:0x800083c8
       16935000	      1692	80001bfc	f0ec0303	lb	x6,-242(x24)	 x24:0x800084bb  x6=0xffffffe4 PA:0x800083c9
       16945000	      1693	80001c00	06cc0723	sb	x12,110(x24)	 x24:0x800084bb x12:0xfffffd4f PA:0x80008529
       16955000	      1694	80001c04	f33c0a03	lb	x20,-205(x24)	 x24:0x800084bb x20=0x0000002a PA:0x800083ee
       16965000	      1695	80001c08	00ead213	srli	x4,x21,0xe	 x21:0x00000000  x4=0x00000000
       16975000	      1696	80001c0c	00b7a4b3	slt	x9,x15,x11	 x15:0x00003bfb x11:0xffffffaf  x9=0x00000000
       16985000	      1697	80001c10	00c20033	add	x0,x4,x12	  x4:0x00000000 x12:0xfffffd4f
       16995000	      1698	80001c14	fdcc0183	lb	x3,-36(x24)	 x24:0x800084bb  x3=0xffffffe7 PA:0x80008497
       17005000	      1699	80001c18	f4ac0b23	sb	x10,-170(x24)	 x24:0x800084bb x10:0x80009f4c PA:0x80008411
       17015000	      1700	80001c1c	01b73ab3	sltu	x21,x14,x27	 x14:0xbf85963d x27:0x80009fc4 x21=0x00000000
       17025000	      1701	80001c20	63ea8c97	auipc	x25,0x63ea8	 x25=0xe3ea9c1c
       17035000	      1702	80001c24	b0c0abb7	lui	x23,0xb0c0a	 x23=0xb0c0a000
       17045000	      1703	80001c28	f3cc0723	sb	x28,-210(x24)	 x24:0x800084bb x28:0x000001a9 PA:0x800083e9
       17055000	      1704	80001c2c	f4dc1303	lh	x6,-179(x24)	 x24:0x800084bb  x6=0xfffff693 PA:0x80008408
       17065000	      1705	80001c30	f7dc4183	lbu	x3,-131(x24)	 x24:0x800084bb  x3=0x0000009a PA:0x80008438
       17075000	      1706	80001c34	017acfb3	xor	x31,x21,x23	 x21:0x00000000 x23:0xb0c0a000 x31=0xb0c0a000
       17085000	      1707	80001c38	008c4283	lbu	x5,8(x24)	 x24:0x800084bb  x5=0x000000b3 PA:0x800084c3
       17095000	      1708	80001c3c	008aa833	slt	x16,x21,x8	 x21:0x00000000  x8:0x000000b5 x16=0x00000001
       17105000	      1709	80001c40	05ac4983	lbu	x19,90(x24)	 x24:0x800084bb x19=0x00000066 PA:0x80008515
       17115000	      1710	80001c44	00000013	addi	x0,x0,0	  x0:0x00000000
       17125000	      1711	80001c48	0ecc4103	lbu	x2,236(x24)	 x24:0x800084bb  x2=0x00000021 PA:0x800085a7
       17135000	      1712	80001c4c	4df42113	slti	x2,x8,1247	  x8:0x000000b5  x2=0x00000001
       17145000	      1713	80001c50	00a898b3	sll	x17,x17,x10	 x17:0x000000d4 x10:0x80009f4c x17=0x000d4000
       17155000	      1714	80001c54	f13c4883	lbu	x17,-237(x24)	 x24:0x800084bb x17=0x000000da PA:0x800083ce
       17165000	      1715	80001c58	00007117	auipc	x2,0x7	  x2=0x80008c54
       17175000	      1716	80001c5c	d7d10113	addi	x2,x2,-643	  x2:0x80008c54  x2=0x800089d1
       17185000	      1717	80001c60	f8b10423	sb	x11,-120(x2)	  x2:0x800089d1 x11:0xffffffaf PA:0x80008959
       17195000	      1718	80001c64	07a10da3	sb	x26,123(x2)	  x2:0x800089d1 x26:0x00000000 PA:0x80008a4c
       17205000	      1719	80001c68	0f910c03	lb	x24,249(x2)	  x2:0x800089d1 x24=0xffffff99 PA:0x80008aca
       17215000	      1720	80001c6c	08610ea3	sb	x6,157(x2)	  x2:0x800089d1  x6:0xfffff693 PA:0x80008a6e
       17225000	      1721	80001c70	01d15f83	lhu	x31,29(x2)	  x2:0x800089d1 x31=0x0000f4b6 PA:0x800089ee
       17235000	      1722	80001c74	f2810b23	sb	x8,-202(x2)	  x2:0x800089d1  x8:0x000000b5 PA:0x80008907
       17245000	      1723	80001c78	f3610a83	lb	x21,-202(x2)	  x2:0x800089d1 x21=0xffffffb5 PA:0x80008907
       17255000	      1724	80001c7c	fe814d03	lbu	x26,-24(x2)	  x2:0x800089d1 x26=0x00000053 PA:0x800089b9
       17265000	      1725	00000000	00000013	addi	x0,x0,0	  x0:0x00000000
       17275000	      1726	80001c80	09a125a3	sw	x26,139(x2)	  x2:0x800089d1 x26:0x00000053 PA:0x80008a5c
       17285000	      1727	80001c84	01fa1e13	slli	x28,x20,0x1f	 x20:0x0000002a x28=0x00000000
       17295000	      1728	80001c88	07e10423	sb	x30,104(x2)	  x2:0x800089d1 x30:0xb7b70000 PA:0x80008a39
       17305000	      1729	80001c8c	0d614003	lbu	x0,214(x2)	  x2:0x800089d1 PA:0x80008aa7
       17315000	      1730	80001c90	0a810083	lb	x1,168(x2)	  x2:0x800089d1  x1=0xffffffa2 PA:0x80008a79
       17325000	      1731	80001c94	c4cc7e13	andi	x28,x24,-948	 x24:0xffffff99 x28=0xfffffc08
       17335000	      1732	80001c98	0a810383	lb	x7,168(x2)	  x2:0x800089d1  x7=0xffffffa2 PA:0x80008a79
       17345000	      1733	80001c9c	0a111883	lh	x17,161(x2)	  x2:0x800089d1 x17=0xffffb4dd PA:0x80008a72
       17355000	      1734	80001ca0	fd312a03	lw	x20,-45(x2)	  x2:0x800089d1 x20=0xb2ded25a PA:0x800089a4
       17365000	      1735	80001ca4	f0b11003	lh	x0,-245(x2)	  x2:0x800089d1 PA:0x800088dc
       17375000	      1736	80001ca8	f3414783	lbu	x15,-204(x2)	  x2:0x800089d1 x15=0x00000087 PA:0x80008905
       17385000	      1737	80001cac	6e45f897	auipc	x17,0x6e45f	 x17=0xee460ca8
       17395000	      1738	80001cb0	00ed5893	srli	x17,x26,0xe	 x26:0x00000053 x17=0x00000000
       17405000	      1739	80001cb4	00000013	addi	x0,x0,0	  x0:0x00000000
       17415000	      1740	80001cb8	00000013	addi	x0,x0,0	  x0:0x00000000
       17425000	      1741	80001cbc	00cbdd13	srli	x26,x23,0xc	 x23:0xb0c0a000 x26=0x000b0c0a
       17435000	      1742	80001cc0	1e92ea13	ori	x20,x5,489	  x5:0x000000b3 x20=0x000001fb
       17445000	      1743	80001cc4	01f3e463	bltu	x7,x31,80001ccc	  x7:0xffffffa2 x31:0x0000f4b6
       17455000	      1744	80001cc8	04bdd863	bge	x27,x11,80001d18	 x27:0x80009fc4 x11:0xffffffaf
       17465000	      1745	80001ccc	41aa03b3	sub	x7,x20,x26	 x20:0x000001fb x26:0x000b0c0a  x7=0xfff4f5f1
       17475000	      1746	80001cd0	0029da63	bge	x19,x2,80001ce4	 x19:0x00000066  x2:0x800089d1
       17485000	      1747	00000000	00000013	addi	x0,x0,0	  x0:0x00000000
       17495000	      1748	80001ce0	00000013	addi	x0,x0,0	  x0:0x00000000
       17505000	      1749	80001ce4	8a102813	slti	x16,x0,-1887	  x0:0x00000000 x16=0x00000000
       17515000	      1750	80001ce8	02c3fa63	bgeu	x7,x12,80001d1c	  x7:0xfff4f5f1 x12:0xfffffd4f
       17525000	      1751	80001cec	4067d413	srai	x8,x15,0x6	 x15:0x00000087  x8=0x00000002
       17535000	      1752	80001cf0	e5e68593	addi	x11,x13,-418	 x13:0x37f413f8 x11=0x37f41256
       17545000	      1753	80001cf4	002fb333	sltu	x6,x31,x2	 x31:0x0000f4b6  x2:0x800089d1  x6=0x00000001
       17555000	      1754	80001cf8	4326a2b7	lui	x5,0x4326a	  x5=0x4326a000
       17565000	      1755	80001cfc	05760463	beq	x12,x23,80001d44	 x12:0xfffffd4f x23:0xb0c0a000
       17575000	      1756	80001d00	00956fb3	or	x31,x10,x9	 x10:0x80009f4c  x9:0x00000000 x31=0x80009f4c
       17585000	      1757	80001d04	01236bb3	or	x23,x6,x18	  x6:0x00000001 x18:0x800085f8 x23=0x800085f9
       17595000	      1758	80001d08	746f3193	sltiu	x3,x30,1862	 x30:0xb7b70000  x3=0x00000000
       17605000	      1759	80001d0c	00a25993	srli	x19,x4,0xa	  x4:0x00000000 x19=0x00000000
       17615000	      1760	80001d10	405958b3	sra	x17,x18,x5	 x18:0x800085f8  x5:0x4326a000 x17=0x800085f8
       17625000	      1761	80001d14	00378bb3	add	x23,x15,x3	 x15:0x00000087  x3:0x00000000 x23=0x00000087
       17635000	      1762	80001d18	01d96863	bltu	x18,x29,80001d28	 x18:0x800085f8 x29:0x0000005a
       17645000	      1763	80001d1c	00ec0133	add	x2,x24,x14	 x24:0xffffff99 x14:0xbf85963d  x2=0xbf8595d6
       17655000	      1764	80001d20	015d2d33	slt	x26,x26,x21	 x26:0x000b0c0a x21:0xffffffb5 x26=0x00000000
       17665000	      1765	80001d24	c82bcf37	lui	x30,0xc82bc	 x30=0xc82bc000
       17675000	      1766	80001d28	53242493	slti	x9,x8,1330	  x8:0x00000002  x9=0x00000001
       17685000	      1767	80001d2c	00000013	addi	x0,x0,0	  x0:0x00000000
       17695000	      1768	80001d30	05fc5863	bge	x24,x31,80001d80	 x24:0xffffff99 x31:0x80009f4c
       17705000	      1769	00000000	00000013	addi	x0,x0,0	  x0:0x00000000
       17715000	      1770	80001d7c	00000013	addi	x0,x0,0	  x0:0x00000000
       17725000	      1771	80001d80	002e2bb3	slt	x23,x28,x2	 x28:0xfffffc08  x2:0xbf8595d6 x23=0x00000000
       17735000	      1772	80001d84	001924b3	slt	x9,x18,x1	 x18:0x800085f8  x1:0xffffffa2  x9=0x00000001
       17745000	      1773	80001d88	40835413	srai	x8,x6,0x8	  x6:0x00000001  x8=0x00000000
       17755000	      1774	80001d8c	05086263	bltu	x16,x16,80001dd0	 x16:0x00000000 x16:0x00000000
       17765000	      1775	80001d90	00e05263	bge	x0,x14,80001d94	  x0:0x00000000 x14:0xbf85963d
       17775000	      1776	00000000	00000013	addi	x0,x0,0	  x0:0x00000000
       17785000	      1777	80001d90	00000013	addi	x0,x0,0	  x0:0x00000000
       17795000	      1778	80001d94	403784b3	sub	x9,x15,x3	 x15:0x00000087  x3:0x00000000  x9=0x00000087
       17805000	      1779	80001d98	01d2a0b3	slt	x1,x5,x29	  x5:0x4326a000 x29:0x0000005a  x1=0x00000000
       17815000	      1780	80001d9c	00f91e93	slli	x29,x18,0xf	 x18:0x800085f8 x29=0x42fc0000
       17825000	      1781	80001da0	39d18f13	addi	x30,x3,925	  x3:0x00000000 x30=0x0000039d
       17835000	      1782	80001da4	01909eb3	sll	x29,x1,x25	  x1:0x00000000 x25:0xe3ea9c1c x29=0x00000000
       17845000	      1783	80001da8	02881a63	bne	x16,x8,80001ddc	 x16:0x00000000  x8:0x00000000
       17855000	      1784	80001dac	01041fb3	sll	x31,x8,x16	  x8:0x00000000 x16:0x00000000 x31=0x00000000
       17865000	      1785	80001db0	00322e33	slt	x28,x4,x3	  x4:0x00000000  x3:0x00000000 x28=0x00000000
       17875000	      1786	80001db4	00a75893	srli	x17,x14,0xa	 x14:0xbf85963d x17=0x002fe165
       17885000	      1787	80001db8	01ab1bb3	sll	x23,x22,x26	 x22:0x00000000 x26:0x00000000 x23=0x00000000
       17895000	      1788	80001dbc	00ba1a13	slli	x20,x20,0xb	 x20:0x000001fb x20=0x000fd800
       17905000	      1789	80001dc0	41920f33	sub	x30,x4,x25	  x4:0x00000000 x25:0xe3ea9c1c x30=0x1c1563e4
       17915000	      1790	80001dc4	04929263	bne	x5,x9,80001e08	  x5:0x4326a000  x9:0x00000087
       17925000	      1791	00000000	00000013	addi	x0,x0,0	  x0:0x00000000
       17935000	      1792	80001e04	00000013	addi	x0,x0,0	  x0:0x00000000
       17945000	      1793	80001e08	0413c663	blt	x7,x1,80001e54	  x7:0xfff4f5f1  x1:0x00000000
       17955000	      1794	00000000	00000013	addi	x0,x0,0	  x0:0x00000000
       17965000	      1795	80001e50	00000013	addi	x0,x0,0	  x0:0x00000000
       17975000	      1796	80001e54	e0d22337	lui	x6,0xe0d22	  x6=0xe0d22000
       17985000	      1797	80001e58	0391c863	blt	x3,x25,80001e88	  x3:0x00000000 x25:0xe3ea9c1c
       17995000	      1798	80001e5c	c2a6ce13	xori	x28,x13,-982	 x13:0x37f413f8 x28=0xc80befd2
       18005000	      1799	80001e60	00000013	addi	x0,x0,0	  x0:0x00000000
       18015000	      1800	80001e64	00455463	bge	x10,x4,80001e6c	 x10:0x80009f4c  x4:0x00000000
       18025000	      1801	80001e68	01e5fab3	and	x21,x11,x30	 x11:0x37f41256 x30:0x1c1563e4 x21=0x14140244
       18035000	      1802	80001e6c	01d5e633	or	x12,x11,x29	 x11:0x37f41256 x29:0x00000000 x12=0x37f41256
       18045000	      1803	80001e70	0038e863	bltu	x17,x3,80001e80	 x17:0x002fe165  x3:0x00000000
       18055000	      1804	80001e74	01141233	sll	x4,x8,x17	  x8:0x00000000 x17:0x002fe165  x4=0x00000000
       18065000	      1805	80001e78	003461b3	or	x3,x8,x3	  x8:0x00000000  x3:0x00000000  x3=0x00000000
       18075000	      1806	80001e7c	00c87663	bgeu	x16,x12,80001e88	 x16:0x00000000 x12:0x37f41256
       18085000	      1807	80001e80	3bae6e13	ori	x28,x28,954	 x28:0xc80befd2 x28=0xc80beffa
       18095000	      1808	80001e84	01401263	bne	x0,x20,80001e88	  x0:0x00000000 x20:0x000fd800
       18105000	      1809	00000000	00000013	addi	x0,x0,0	  x0:0x00000000
       18115000	      1810	80001e84	00000013	addi	x0,x0,0	  x0:0x00000000
       18125000	      1811	80001e88	00319d33	sll	x26,x3,x3	  x3:0x00000000  x3:0x00000000 x26=0x00000000
       18135000	      1812	80001e8c	00452103	lw	x2,4(x10)	 x10:0x80009f4c  x2=0x800010d4 PA:0x80009f50
       18145000	      1813	80001e90	00eba7b3	slt	x15,x23,x14	 x23:0x00000000 x14:0xbf85963d x15=0x00000000
       18155000	      1814	80001e94	01862833	slt	x16,x12,x24	 x12:0x37f41256 x24:0xffffff99 x16=0x00000000
       18165000	      1815	80001e98	a5e60c93	addi	x25,x12,-1442	 x12:0x37f41256 x25=0x37f40cb4
       18175000	      1816	80001e9c	009d38b3	sltu	x17,x26,x9	 x26:0x00000000  x9:0x00000087 x17=0x00000001
       18185000	      1817	80001ea0	03850513	addi	x10,x10,56	 x10:0x80009f4c x10=0x80009f84
       18195000	      1818	80001ea4	007480b3	add	x1,x9,x7	  x9:0x00000087  x7:0xfff4f5f1  x1=0xfff4f678
       18205000	      1819	80001ea8	00010893	addi	x17,x2,0	  x2:0x800010d4 x17=0x800010d4
       18215000	      1820	80001eac	000888e7	jalr	x17,x17,0	 x17:0x800010d4 x17=0x80001eac
       18225000	      1821	00000000	00000013	addi	x0,x0,0	  x0:0x00000000
       18235000	      1822	800010d4	00000013	addi	x0,x0,0	  x0:0x00000000
       18245000	      1823	800010d8	b71c4b93	xori	x23,x24,-1167	 x24:0xffffff99 x23=0x000004e8
       18255000	      1824	800010dc	657e2913	slti	x18,x28,1623	 x28:0xc80beffa x18=0x00000001
       18265000	      1825	800010e0	01fc0833	add	x16,x24,x31	 x24:0xffffff99 x31:0x00000000 x16=0xffffff99
       18275000	      1826	800010e4	01c4b833	sltu	x16,x9,x28	  x9:0x00000087 x28:0xc80beffa x16=0x00000001
       18285000	      1827	800010e8	0438d263	bge	x17,x3,8000112c	 x17:0x80001eac  x3:0x00000000
       18295000	      1828	800010ec	41d28ab3	sub	x21,x5,x29	  x5:0x4326a000 x29:0x00000000 x21=0x4326a000
       18305000	      1829	800010f0	010a9863	bne	x21,x16,80001100	 x21:0x4326a000 x16:0x00000001
       18315000	      1830	00000000	00000013	addi	x0,x0,0	  x0:0x00000000
       18325000	      1831	800010fc	00000013	addi	x0,x0,0	  x0:0x00000000
       18335000	      1832	80001100	00650cb3	add	x25,x10,x6	 x10:0x80009f84  x6:0xe0d22000 x25=0x60d2bf84
       18345000	      1833	80001104	00efb833	sltu	x16,x31,x14	 x31:0x00000000 x14:0xbf85963d x16=0x00000001
       18355000	      1834	80001108	0129c663	blt	x19,x18,80001114	 x19:0x00000000 x18:0x00000001
       18365000	      1835	00000000	00000013	addi	x0,x0,0	  x0:0x00000000
       18375000	      1836	80001110	00000013	addi	x0,x0,0	  x0:0x00000000
       18385000	      1837	80001114	01d29f93	slli	x31,x5,0x1d	  x5:0x4326a000 x31=0x00000000
       18395000	      1838	80001118	00c31293	slli	x5,x6,0xc	  x6:0xe0d22000  x5=0x22000000
       18405000	      1839	8000111c	00e81133	sll	x2,x16,x14	 x16:0x00000001 x14:0xbf85963d  x2=0x20000000
       18415000	      1840	80001120	00539263	bne	x7,x5,80001124	  x7:0xfff4f5f1  x5:0x22000000
       18425000	      1841	00000000	00000013	addi	x0,x0,0	  x0:0x00000000
       18435000	      1842	80001120	00000013	addi	x0,x0,0	  x0:0x00000000
       18445000	      1843	80001124	01976eb3	or	x29,x14,x25	 x14:0xbf85963d x25:0x60d2bf84 x29=0xffd7bfbd
       18455000	      1844	80001128	05146863	bltu	x8,x17,80001178	  x8:0x00000000 x17:0x80001eac
       18465000	      1845	00000000	00000013	addi	x0,x0,0	  x0:0x00000000
       18475000	      1846	80001174	00000013	addi	x0,x0,0	  x0:0x00000000
       18485000	      1847	80001178	012794b3	sll	x9,x15,x18	 x15:0x00000000 x18:0x00000001  x9=0x00000000
       18495000	      1848	8000117c	00f18233	add	x4,x3,x15	  x3:0x00000000 x15:0x00000000  x4=0x00000000
       18505000	      1849	80001180	3b440097	auipc	x1,0x3b440	  x1=0xbb44117c
       18515000	      1850	80001184	008085b3	add	x11,x1,x8	  x1:0xbb44117c  x8:0x00000000 x11=0xbb44117c
       18525000	      1851	80001188	00927a33	and	x20,x4,x9	  x4:0x00000000  x9:0x00000000 x20=0x00000000
       18535000	      1852	8000118c	12108c13	addi	x24,x1,289	  x1:0xbb44117c x24=0xbb44129d
       18545000	      1853	80001190	01455333	srl	x6,x10,x20	 x10:0x80009f84 x20:0x00000000  x6=0x80009f84
       18555000	      1854	80001194	40205433	sra	x8,x0,x2	  x0:0x00000000  x2:0x20000000  x8=0x00000000
       18565000	      1855	80001198	073ce863	bltu	x25,x19,80001208	 x25:0x60d2bf84 x19:0x00000000
       18575000	      1856	8000119c	0176bcb3	sltu	x25,x13,x23	 x13:0x37f413f8 x23:0x000004e8 x25=0x00000000
       18585000	      1857	800011a0	e8765597	auipc	x11,0xe8765	 x11=0x6876619c
       18595000	      1858	800011a4	055cde63	bge	x25,x21,80001200	 x25:0x00000000 x21:0x4326a000
       18605000	      1859	800011a8	012aeb33	or	x22,x21,x18	 x21:0x4326a000 x18:0x00000001 x22=0x4326a001
       18615000	      1860	800011ac	420f5037	lui	x0,0x420f5	
       18625000	      1861	800011b0	7024e193	ori	x3,x9,1794	  x9:0x00000000  x3=0x00000702
       18635000	      1862	800011b4	00001197	auipc	x3,0x1	  x3=0x800021b0
       18645000	      1863	800011b8	93018193	addi	x3,x3,-1744	  x3:0x800021b0  x3=0x80001ae0
       18655000	      1864	800011bc	3a918193	addi	x3,x3,937	  x3:0x80001ae0  x3=0x80001e89
       18665000	      1865	800011c0	011d0e33	add	x28,x26,x17	 x26:0x00000000 x17:0x80001eac x28=0x80001eac
       18675000	      1866	800011c4	efe6c293	xori	x5,x13,-258	 x13:0x37f413f8  x5=0xc80bed06
       18685000	      1867	800011c8	654b3897	auipc	x17,0x654b3	 x17=0xe54b41c4
       18695000	      1868	800011cc	01237b33	and	x22,x6,x18	  x6:0x80009f84 x18:0x00000001 x22=0x00000000
       18705000	      1869	800011d0	88ba0113	addi	x2,x20,-1909	 x20:0x00000000  x2=0xfffff88b
       18715000	      1870	800011d4	0120d463	bge	x1,x18,800011dc	  x1:0xbb44117c x18:0x00000001
       18725000	      1871	800011d8	1b163d13	sltiu	x26,x12,433	 x12:0x37f41256 x26=0x00000000
       18735000	      1872	800011dc	c5718167	jalr	x2,x3,-937	  x3:0x80001e89  x2=0x800011dc
       18745000	      1873	00000000	00000013	addi	x0,x0,0	  x0:0x00000000
       18755000	      1874	80001ae0	00000013	addi	x0,x0,0	  x0:0x00000000
       18765000	      1875	80001ae4	00d59a63	bne	x11,x13,80001af8	 x11:0x6876619c x13:0x37f413f8
       18775000	      1876	00000000	00000013	addi	x0,x0,0	  x0:0x00000000
       18785000	      1877	80001af4	00000013	addi	x0,x0,0	  x0:0x00000000
       18795000	      1878	80001af8	fc850513	addi	x10,x10,-56	 x10:0x80009f84 x10=0x80009f4c
       18805000	      1879	80001afc	01f34333	xor	x6,x6,x31	  x6:0x80009f84 x31:0x00000000  x6=0x80009f84
       18815000	      1880	80001b00	00b5ee33	or	x28,x11,x11	 x11:0x6876619c x11:0x6876619c x28=0x6876619c
       18825000	      1881	80001b04	01cb1433	sll	x8,x22,x28	 x22:0x00000000 x28:0x6876619c  x8=0x00000000
       18835000	      1882	80001b08	00252223	sw	x2,4(x10)	 x10:0x80009f4c  x2:0x800011dc PA:0x80009f50
       18845000	      1883	80001b0c	01be75b3	and	x11,x28,x27	 x28:0x6876619c x27:0x80009fc4 x11=0x00000184
       18855000	      1884	80001b10	00000997	auipc	x19,0x0	 x19=0x80001b0c
       18865000	      1885	80001b14	8f498993	addi	x19,x19,-1804	 x19:0x80001b0c x19=0x80001400
       18875000	      1886	80001b18	dc12f2b7	lui	x5,0xdc12f	  x5=0xdc12f000
       18885000	      1887	80001b1c	144eb913	sltiu	x18,x29,324	 x29:0xffd7bfbd x18=0x00000000
       18895000	      1888	80001b20	01ab20b3	slt	x1,x22,x26	 x22:0x00000000 x26:0x00000000  x1=0x00000000
       18905000	      1889	80001b24	200da7b7	lui	x15,0x200da	 x15=0x200da000
       18915000	      1890	80001b28	03d36f93	ori	x31,x6,61	  x6:0x80009f84 x31=0x80009fbd
       18925000	      1891	80001b2c	41f95b93	srai	x23,x18,0x1f	 x18:0x00000000 x23=0x00000000
       18935000	      1892	80001b30	d5698993	addi	x19,x19,-682	 x19:0x80001400 x19=0x80001156
       18945000	      1893	80001b34	6de9a093	slti	x1,x19,1758	 x19:0x80001156  x1=0x00000001
       18955000	      1894	80001b38	3de93a93	sltiu	x21,x18,990	 x18:0x00000000 x21=0x00000001
       18965000	      1895	80001b3c	00000013	addi	x0,x0,0	  x0:0x00000000
       18975000	      1896	80001b40	ec326093	ori	x1,x4,-317	  x4:0x00000000  x1=0xfffffec3
       18985000	      1897	80001b44	2ab98167	jalr	x2,x19,683	 x19:0x80001156  x2=0x80001b44
       18995000	      1898	00000000	00000013	addi	x0,x0,0	  x0:0x00000000
       19005000	      1899	80001400	00000013	addi	x0,x0,0	  x0:0x00000000
       19015000	      1900	80001404	4b156293	ori	x5,x10,1201	 x10:0x80009f4c  x5=0x80009ffd
       19025000	      1901	80001408	c0ef8f17	auipc	x30,0xc0ef8	 x30=0x40ef9404
       19035000	      1902	8000140c	fe850513	addi	x10,x10,-24	 x10:0x80009f4c x10=0x80009f34
       19045000	      1903	80001410	00252223	sw	x2,4(x10)	 x10:0x80009f34  x2:0x80001b44 PA:0x80009f38
       19055000	      1904	80001414	003726b3	slt	x13,x14,x3	 x14:0xbf85963d  x3:0x80001e89 x13=0x00000000
       19065000	      1905	80001418	01446833	or	x16,x8,x20	  x8:0x00000000 x20:0x00000000 x16=0x00000000
       19075000	      1906	8000141c	0009d193	srli	x3,x19,0x0	 x19:0x80001156  x3=0x80001156
       19085000	      1907	80001420	00007b97	auipc	x23,0x7	 x23=0x8000841c
       19095000	      1908	80001424	6a1b8b93	addi	x23,x23,1697	 x23:0x8000841c x23=0x80008abd
       19105000	      1909	80001428	ffeb8e83	lb	x29,-2(x23)	 x23:0x80008abd x29=0xfffffff9 PA:0x80008abb
       19115000	      1910	8000142c	ff5b8923	sb	x21,-14(x23)	 x23:0x80008abd x21:0x00000001 PA:0x80008aaf
       19125000	      1911	80001430	ff8bc283	lbu	x5,-8(x23)	 x23:0x80008abd  x5=0x00000037 PA:0x80008ab5
       19135000	      1912	80001434	1b124f37	lui	x30,0x1b124	 x30=0x1b124000
       19145000	      1913	80001438	ff9bc283	lbu	x5,-7(x23)	 x23:0x80008abd  x5=0x00000006 PA:0x80008ab6
       19155000	      1914	8000143c	010d9f33	sll	x30,x27,x16	 x27:0x80009fc4 x16:0x00000000 x30=0x80009fc4
       19165000	      1915	80001440	4f23a893	slti	x17,x7,1266	  x7:0xfff4f5f1 x17=0x00000001
       19175000	      1916	80001444	00cb8083	lb	x1,12(x23)	 x23:0x80008abd  x1=0xffffffc3 PA:0x80008ac9
       19185000	      1917	80001448	010b90a3	sh	x16,1(x23)	 x23:0x80008abd x16:0x00000000 PA:0x80008abe
       19195000	      1918	8000144c	00eb8303	lb	x6,14(x23)	 x23:0x80008abd  x6=0xffffffa5 PA:0x80008acb
       19205000	      1919	80001450	01e26eb3	or	x29,x4,x30	  x4:0x00000000 x30:0x80009fc4 x29=0x80009fc4
       19215000	      1920	80001454	40f4d1b3	sra	x3,x9,x15	  x9:0x00000000 x15:0x200da000  x3=0x00000000
       19225000	      1921	80001458	fe0b8a23	sb	x0,-12(x23)	 x23:0x80008abd  x0:0x00000000 PA:0x80008ab1
       19235000	      1922	8000145c	017965b3	or	x11,x18,x23	 x18:0x00000000 x23:0x80008abd x11=0x80008abd
       19245000	      1923	80001460	000b8c03	lb	x24,0(x23)	 x23:0x80008abd x24=0x0000002c PA:0x80008abd
       19255000	      1924	80001464	01997033	and	x0,x18,x25	 x18:0x00000000 x25:0x00000000
       19265000	      1925	80001468	57ee8a93	addi	x21,x29,1406	 x29:0x80009fc4 x21=0x8000a542
       19275000	      1926	8000146c	fe6b8923	sb	x6,-14(x23)	 x23:0x80008abd  x6:0xffffffa5 PA:0x80008aaf
       19285000	      1927	80001470	fffb8803	lb	x16,-1(x23)	 x23:0x80008abd x16=0x00000019 PA:0x80008abc
       19295000	      1928	80001474	ff9bc783	lbu	x15,-7(x23)	 x23:0x80008abd x15=0x00000006 PA:0x80008ab6
       19305000	      1929	80001478	8daa6d13	ori	x26,x20,-1830	 x20:0x00000000 x26=0xfffff8da
       19315000	      1930	8000147c	01f433b3	sltu	x7,x8,x31	  x8:0x00000000 x31:0x80009fbd  x7=0x00000001
       19325000	      1931	80001480	ff8b8103	lb	x2,-8(x23)	 x23:0x80008abd  x2=0x00000037 PA:0x80008ab5
       19335000	      1932	80001484	ff6bca03	lbu	x20,-10(x23)	 x23:0x80008abd x20=0x00000049 PA:0x80008ab3
       19345000	      1933	80001488	00007e17	auipc	x28,0x7	 x28=0x80008484
       19355000	      1934	8000148c	2e2e0e13	addi	x28,x28,738	 x28:0x80008484 x28=0x80008766
       19365000	      1935	80001490	13618893	addi	x17,x3,310	  x3:0x00000000 x17=0x00000136
       19375000	      1936	80001494	003e0723	sb	x3,14(x28)	 x28:0x80008766  x3:0x00000000 PA:0x80008774
       19385000	      1937	80001498	00ee0a83	lb	x21,14(x28)	 x28:0x80008766 x21=0x00000000 PA:0x80008774
       19395000	      1938	8000149c	001e1723	sh	x1,14(x28)	 x28:0x80008766  x1:0xffffffc3 PA:0x80008774
       19405000	      1939	800014a0	00ee4403	lbu	x8,14(x28)	 x28:0x80008766  x8=0x000000c3 PA:0x80008774
       19415000	      1940	800014a4	00ee0403	lb	x8,14(x28)	 x28:0x80008766  x8=0xffffffc3 PA:0x80008774
       19425000	      1941	800014a8	3cb1bf97	auipc	x31,0x3cb1b	 x31=0xbcb1c4a4
       19435000	      1942	800014ac	ca4db113	sltiu	x2,x27,-860	 x27:0x80009fc4  x2=0x00000001
       19445000	      1943	800014b0	00ee2f03	lw	x30,14(x28)	 x28:0x80008766 x30=0x0000ffc3 PA:0x80008774
       19455000	      1944	800014b4	00ce2723	sw	x12,14(x28)	 x28:0x80008766 x12:0x37f41256 PA:0x80008774
       19465000	      1945	800014b8	012e0723	sb	x18,14(x28)	 x28:0x80008766 x18:0x00000000 PA:0x80008774
       19475000	      1946	800014bc	00ee2403	lw	x8,14(x28)	 x28:0x80008766  x8=0x37f41200 PA:0x80008774
       19485000	      1947	800014c0	01be2723	sw	x27,14(x28)	 x28:0x80008766 x27:0x80009fc4 PA:0x80008774
       19495000	      1948	800014c4	010e0723	sb	x16,14(x28)	 x28:0x80008766 x16:0x00000019 PA:0x80008774
       19505000	      1949	800014c8	40a4d433	sra	x8,x9,x10	  x9:0x00000000 x10:0x80009f34  x8=0x00000000
       19515000	      1950	800014cc	015e2723	sw	x21,14(x28)	 x28:0x80008766 x21:0x00000000 PA:0x80008774
       19525000	      1951	800014d0	008b1c13	slli	x24,x22,0x8	 x22:0x00000000 x24=0x00000000
       19535000	      1952	800014d4	00ee0b03	lb	x22,14(x28)	 x28:0x80008766 x22=0x00000000 PA:0x80008774
       19545000	      1953	800014d8	00446cb3	or	x25,x8,x4	  x8:0x00000000  x4:0x00000000 x25=0x00000000
       19555000	      1954	800014dc	feae2d23	sw	x10,-6(x28)	 x28:0x80008766 x10:0x80009f34 PA:0x80008760
       19565000	      1955	800014e0	00854833	xor	x16,x10,x8	 x10:0x80009f34  x8:0x00000000 x16=0x80009f34
       19575000	      1956	800014e4	ffae4403	lbu	x8,-6(x28)	 x28:0x80008766  x8=0x00000034 PA:0x80008760
       19585000	      1957	800014e8	00007197	auipc	x3,0x7	  x3=0x800084e4
       19595000	      1958	800014ec	50618193	addi	x3,x3,1286	  x3:0x800084e4  x3=0x800089ea
       19605000	      1959	800014f0	01be9e13	slli	x28,x29,0x1b	 x29:0x80009fc4 x28=0x20000000
       19615000	      1960	800014f4	01315a33	srl	x20,x2,x19	  x2:0x00000001 x19:0x80001156 x20=0x00000000
       19625000	      1961	800014f8	005cb2b3	sltu	x5,x25,x5	 x25:0x00000000  x5:0x00000006  x5=0x00000001
       19635000	      1962	800014fc	03f189a3	sb	x31,51(x3)	  x3:0x800089ea x31:0xbcb1c4a4 PA:0x80008a1d
       19645000	      1963	80001500	00601f93	slli	x31,x0,0x6	  x0:0x00000000 x31=0x00000000
       19655000	      1964	80001504	017a4333	xor	x6,x20,x23	 x20:0x00000000 x23:0x80008abd  x6=0x80008abd
       19665000	      1965	80001508	00cf9993	slli	x19,x31,0xc	 x31:0x00000000 x19=0x00000000
       19675000	      1966	8000150c	fe718fa3	sb	x7,-1(x3)	  x3:0x800089ea  x7:0x00000001 PA:0x800089e9
       19685000	      1967	80001510	00000013	addi	x0,x0,0	  x0:0x00000000
       19695000	      1968	80001514	42407a17	auipc	x20,0x42407	 x20=0xc2408510
       19705000	      1969	80001518	03319223	sh	x19,36(x3)	  x3:0x800089ea x19:0x00000000 PA:0x80008a0e
       19715000	      1970	8000151c	fd518083	lb	x1,-43(x3)	  x3:0x800089ea  x1=0xffffffc3 PA:0x800089bf
       19725000	      1971	00000000	00000013	addi	x0,x0,0	  x0:0x00000000
       19735000	      1972	80001520	41b0de33	sra	x28,x1,x27	  x1:0xffffffc3 x27:0x80009fc4 x28=0xfffffffc
       19745000	      1973	80001524	fd118303	lb	x6,-47(x3)	  x3:0x800089ea  x6=0x0000004b PA:0x800089bb
       19755000	      1974	80001528	ff219423	sh	x18,-24(x3)	  x3:0x800089ea x18:0x00000000 PA:0x800089d2
       19765000	      1975	8000152c	00119723	sh	x1,14(x3)	  x3:0x800089ea  x1:0xffffffc3 PA:0x800089f8
       19775000	      1976	80001530	fd01c883	lbu	x17,-48(x3)	  x3:0x800089ea x17=0x000000a1 PA:0x800089ba
       19785000	      1977	80001534	beee6c93	ori	x25,x28,-1042	 x28:0xfffffffc x25=0xfffffffe
       19795000	      1978	80001538	02c19f83	lh	x31,44(x3)	  x3:0x800089ea x31=0x00007b1e PA:0x80008a16
       19805000	      1979	8000153c	fc61d303	lhu	x6,-58(x3)	  x3:0x800089ea  x6=0x0000d81f PA:0x800089b0
       19815000	      1980	80001540	038187a3	sb	x24,47(x3)	  x3:0x800089ea x24:0x00000000 PA:0x80008a19
       19825000	      1981	80001544	fc218da3	sb	x2,-37(x3)	  x3:0x800089ea  x2:0x00000001 PA:0x800089c5
       19835000	      1982	80001548	fd91ce83	lbu	x29,-39(x3)	  x3:0x800089ea x29=0x00000042 PA:0x800089c3
       19845000	      1983	8000154c	fce1d203	lhu	x4,-50(x3)	  x3:0x800089ea  x4=0x0000533c PA:0x800089b8
       19855000	      1984	80001550	0064ccb3	xor	x25,x9,x6	  x9:0x00000000  x6:0x0000d81f x25=0x0000d81f
       19865000	      1985	80001554	01f4d893	srli	x17,x9,0x1f	  x9:0x00000000 x17=0x00000000
       19875000	      1986	80001558	00ee1933	sll	x18,x28,x14	 x28:0xfffffffc x14:0xbf85963d x18=0x80000000
       19885000	      1987	8000155c	72181e97	auipc	x29,0x72181	 x29=0xf2182558
       19895000	      1988	80001560	41a58fb3	sub	x31,x11,x26	 x11:0x80008abd x26:0xfffff8da x31=0x800091e3
       19905000	      1989	80001564	402bda13	srai	x20,x23,0x2	 x23:0x80008abd x20=0xe00022af
       19915000	      1990	80001568	fe81c683	lbu	x13,-24(x3)	  x3:0x800089ea x13=0x00000000 PA:0x800089d2
       19925000	      1991	8000156c	00000013	addi	x0,x0,0	  x0:0x00000000
       19935000	      1992	80001570	005736b3	sltu	x13,x14,x5	 x14:0xbf85963d  x5:0x00000001 x13=0x00000000
       19945000	      1993	80001574	01301c33	sll	x24,x0,x19	  x0:0x00000000 x19:0x00000000 x24=0x00000000
       19955000	      1994	80001578	00c1dc83	lhu	x25,12(x3)	  x3:0x800089ea x25=0x000046f0 PA:0x800089f6
       19965000	      1995	8000157c	fde18aa3	sb	x30,-43(x3)	  x3:0x800089ea x30:0x0000ffc3 PA:0x800089bf
       19975000	      1996	80001580	00007c17	auipc	x24,0x7	 x24=0x8000857c
       19985000	      1997	80001584	64bc0c13	addi	x24,x24,1611	 x24:0x8000857c x24=0x80008bc7
       19995000	      1998	80001588	06dc4c83	lbu	x25,109(x24)	 x24:0x80008bc7 x25=0x0000004b PA:0x80008c34
       20005000	      1999	8000158c	0bac0f83	lb	x31,186(x24)	 x24:0x80008bc7 x31=0xfffffff1 PA:0x80008c81
       20015000	      2000	80001590	00007817	auipc	x16,0x7	 x16=0x8000858c
       20025000	      2001	80001594	35080813	addi	x16,x16,848	 x16:0x8000858c x16=0x800088dc
       20035000	      2002	80001598	00007697	auipc	x13,0x7	 x13=0x80008594
       20045000	      2003	8000159c	34a68693	addi	x13,x13,842	 x13:0x80008594 x13=0x800088de
       20055000	      2004	800015a0	07cc4403	lbu	x8,124(x24)	 x24:0x80008bc7  x8=0x00000054 PA:0x80008c43
       20065000	      2005	800015a4	ffe80e83	lb	x29,-2(x16)	 x16:0x800088dc x29=0x0000007e PA:0x800088da
       20075000	      2006	800015a8	2c26a603	lw	x12,706(x13)	 x13:0x800088de x12=0x134ce17f PA:0x80008ba0
       20085000	      2007	800015ac	02fc0983	lb	x19,47(x24)	 x24:0x80008bc7 x19=0x00000047 PA:0x80008bf6
       20095000	      2008	800015b0	0fd808a3	sb	x29,241(x16)	 x16:0x800088dc x29:0x0000007e PA:0x800089cd
       20105000	      2009	800015b4	0ee85183	lhu	x3,238(x16)	 x16:0x800088dc  x3=0x00005d9b PA:0x800089ca
       20115000	      2010	800015b8	31e68f83	lb	x31,798(x13)	 x13:0x800088de x31=0x00000055 PA:0x80008bfc
       20125000	      2011	800015bc	0f7c4d03	lbu	x26,247(x24)	 x24:0x80008bc7 x26=0x00000000 PA:0x80008cbe
       20135000	      2012	800015c0	2516cf83	lbu	x31,593(x13)	 x13:0x800088de x31=0x00000000 PA:0x80008b2f
       20145000	      2013	800015c4	063c4d03	lbu	x26,99(x24)	 x24:0x80008bc7 x26=0x0000006b PA:0x80008c2a
       20155000	      2014	800015c8	19069a83	lh	x21,400(x13)	 x13:0x800088de x21=0xffffe393 PA:0x80008a6e
       20165000	      2015	800015cc	09769c23	sh	x23,152(x13)	 x13:0x800088de x23:0x80008abd PA:0x80008976
       20175000	      2016	800015d0	091c5b03	lhu	x22,145(x24)	 x24:0x80008bc7 x22=0x00001525 PA:0x80008c58
       20185000	      2017	800015d4	0ab683a3	sb	x11,167(x13)	 x13:0x800088de x11:0x80008abd PA:0x80008985
       20195000	      2018	800015d8	0cec0f83	lb	x31,206(x24)	 x24:0x80008bc7 x31=0xffffffd8 PA:0x80008c95
       20205000	      2019	800015dc	1c26a783	lw	x15,450(x13)	 x13:0x800088de x15=0x25a23146 PA:0x80008aa0
       20215000	      2020	800015e0	fa082183	lw	x3,-96(x16)	 x16:0x800088dc  x3=0x5bc22cf5 PA:0x8000887c
       20225000	      2021	800015e4	15768623	sb	x23,332(x13)	 x13:0x800088de x23:0x80008abd PA:0x80008a2a
       20235000	      2022	800015e8	f44c0a23	sb	x4,-172(x24)	 x24:0x80008bc7  x4:0x0000533c PA:0x80008b1b
       20245000	      2023	800015ec	f7a85103	lhu	x2,-134(x16)	 x16:0x800088dc  x2=0x0000e73d PA:0x80008856
       20255000	      2024	800015f0	0b068583	lb	x11,176(x13)	 x13:0x800088de x11=0x00000075 PA:0x8000898e
       20265000	      2025	800015f4	00007117	auipc	x2,0x7	  x2=0x800085f0
       20275000	      2026	800015f8	10c10113	addi	x2,x2,268	  x2:0x800085f0  x2=0x800086fc
       20285000	      2027	800015fc	03510ba3	sb	x21,55(x2)	  x2:0x800086fc x21:0xffffe393 PA:0x80008733
       20295000	      2028	80001600	03510483	lb	x9,53(x2)	  x2:0x800086fc  x9=0xffffffad PA:0x80008731
       20305000	      2029	80001604	00aedd13	srli	x26,x29,0xa	 x29:0x0000007e x26=0x00000000
       20315000	      2030	80001608	004da9b3	slt	x19,x27,x4	 x27:0x80009fc4  x4:0x0000533c x19=0x00000001
       20325000	      2031	8000160c	8053eb93	ori	x23,x7,-2043	  x7:0x00000001 x23=0xfffff805
       20335000	      2032	80001610	ff510983	lb	x19,-11(x2)	  x2:0x800086fc x19=0x00000036 PA:0x800086f1
       20345000	      2033	80001614	794cbb13	sltiu	x22,x25,1940	 x25:0x0000004b x22=0x00000001
       20355000	      2034	80001618	02d12223	sw	x13,36(x2)	  x2:0x800086fc x13:0x800088de PA:0x80008720
       20365000	      2035	8000161c	01814483	lbu	x9,24(x2)	  x2:0x800086fc  x9=0x00000061 PA:0x80008714
       20375000	      2036	80001620	fcd14983	lbu	x19,-51(x2)	  x2:0x800086fc x19=0x000000c3 PA:0x800086c9
       20385000	      2037	80001624	fcd10e03	lb	x28,-51(x2)	  x2:0x800086fc x28=0xffffffc3 PA:0x800086c9
       20395000	      2038	80001628	fde106a3	sb	x30,-51(x2)	  x2:0x800086fc x30:0x0000ffc3 PA:0x800086c9
       20405000	      2039	8000162c	fcd14e03	lbu	x28,-51(x2)	  x2:0x800086fc x28=0x000000c3 PA:0x800086c9
       20415000	      2040	80001630	fcd14403	lbu	x8,-51(x2)	  x2:0x800086fc  x8=0x000000c3 PA:0x800086c9
       20425000	      2041	80001634	00007a17	auipc	x20,0x7	 x20=0x80008630
       20435000	      2042	80001638	143a0a13	addi	x20,x20,323	 x20:0x80008630 x20=0x80008773
       20445000	      2043	8000163c	00007b97	auipc	x23,0x7	 x23=0x80008638
       20455000	      2044	80001640	165b8b93	addi	x23,x23,357	 x23:0x80008638 x23=0x8000879d
       20465000	      2045	80001644	00007c17	auipc	x24,0x7	 x24=0x80008640
       20475000	      2046	80001648	a97c0c13	addi	x24,x24,-1385	 x24:0x80008640 x24=0x800080d7
       20485000	      2047	8000164c	05cb8123	sb	x28,66(x23)	 x23:0x8000879d x28:0x000000c3 PA:0x800087df
       20495000	      2048	80001650	09fc0403	lb	x8,159(x24)	 x24:0x800080d7  x8=0x00000026 PA:0x80008176
       20505000	      2049	80001654	00007897	auipc	x17,0x7	 x17=0x80008650
       20515000	      2050	80001658	cd188893	addi	x17,x17,-815	 x17:0x80008650 x17=0x80008321
       20525000	      2051	8000165c	92ba5303	lhu	x6,-1749(x20)	 x20:0x80008773  x6=0x0000615d PA:0x8000809e
       20535000	      2052	80001660	02eb9ca3	sh	x14,57(x23)	 x23:0x8000879d x14:0xbf85963d PA:0x800087d6
       20545000	      2053	80001664	00007617	auipc	x12,0x7	 x12=0x80008660
       20555000	      2054	80001668	04f60613	addi	x12,x12,79	 x12:0x80008660 x12=0x800086af
       20565000	      2055	8000166c	0a4c0a83	lb	x21,164(x24)	 x24:0x800080d7 x21=0x00000000 PA:0x8000817b
       20575000	      2056	80001670	080a1ba3	sh	x0,151(x20)	 x20:0x80008773  x0:0x00000000 PA:0x8000880a
       20585000	      2057	80001674	11a64e03	lbu	x28,282(x12)	 x12:0x800086af x28=0x00000085 PA:0x800087c9
       20595000	      2058	80001678	cdba1fa3	sh	x27,-801(x20)	 x20:0x80008773 x27:0x80009fc4 PA:0x80008452
       20605000	      2059	8000167c	f75c2f03	lw	x30,-139(x24)	 x24:0x800080d7 x30=0xe502cf0a PA:0x8000804c
       20615000	      2060	80001680	06ec0aa3	sb	x14,117(x24)	 x24:0x800080d7 x14:0xbf85963d PA:0x8000814c
       20625000	      2061	80001684	ff48c303	lbu	x6,-12(x17)	 x17:0x80008321  x6=0x00000006 PA:0x80008315
       20635000	      2062	80001688	ff7a0b23	sb	x23,-10(x20)	 x20:0x80008773 x23:0x8000879d PA:0x80008769
       20645000	      2063	8000168c	cf064203	lbu	x4,-784(x12)	 x12:0x800086af  x4=0x00000027 PA:0x8000839f
       20655000	      2064	80001690	e86a0823	sb	x6,-368(x20)	 x20:0x80008773  x6:0x00000006 PA:0x80008603
       20665000	      2065	80001694	f5fb8383	lb	x7,-161(x23)	 x23:0x8000879d  x7=0xffffffb6 PA:0x800086fc
       20675000	      2066	80001698	ff2c0d03	lb	x26,-14(x24)	 x24:0x800080d7 x26=0xffffffc4 PA:0x800080c9
       20685000	      2067	8000169c	007880a3	sb	x7,1(x17)	 x17:0x80008321  x7:0xffffffb6 PA:0x80008322
       20695000	      2068	800016a0	98ea4f83	lbu	x31,-1650(x20)	 x20:0x80008773 x31=0x00000051 PA:0x80008101
       20705000	      2069	800016a4	00a88f03	lb	x30,10(x17)	 x17:0x80008321 x30=0xffffffa6 PA:0x8000832b
       20715000	      2070	800016a8	e5860823	sb	x24,-432(x12)	 x12:0x800086af x24:0x800080d7 PA:0x800084ff
       20725000	      2071	800016ac	ffc8c203	lbu	x4,-4(x17)	 x17:0x80008321  x4=0x0000007f PA:0x8000831d
       20735000	      2072	800016b0	f3cbcf83	lbu	x31,-196(x23)	 x23:0x8000879d x31=0x000000d5 PA:0x800086d9
       20745000	      2073	800016b4	025a0123	sb	x5,34(x20)	 x20:0x80008773  x5:0x00000001 PA:0x80008795
       20755000	      2074	800016b8	ffa88183	lb	x3,-6(x17)	 x17:0x80008321  x3=0xffffff84 PA:0x8000831b
       20765000	      2075	800016bc	0abc0323	sb	x11,166(x24)	 x24:0x800080d7 x11:0x00000075 PA:0x8000817d
       20775000	      2076	800016c0	fb0c0b23	sb	x16,-74(x24)	 x24:0x800080d7 x16:0x800088dc PA:0x8000808d
       20785000	      2077	800016c4	0c660783	lb	x15,198(x12)	 x12:0x800086af x15=0x00000000 PA:0x80008775
       20795000	      2078	800016c8	ffa88383	lb	x7,-6(x17)	 x17:0x80008321  x7=0xffffff84 PA:0x8000831b
       20805000	      2079	800016cc	06ea0983	lb	x19,110(x20)	 x20:0x80008773 x19=0x0000006f PA:0x800087e1
       20815000	      2080	800016d0	014890a3	sh	x20,1(x17)	 x17:0x80008321 x20:0x80008773 PA:0x80008322
       20825000	      2081	800016d4	fd1c4383	lbu	x7,-47(x24)	 x24:0x800080d7  x7=0x00000093 PA:0x800080a8
       20835000	      2082	800016d8	09ec0d03	lb	x26,158(x24)	 x24:0x800080d7 x26=0x00000021 PA:0x80008175
       20845000	      2083	800016dc	ffb88823	sb	x27,-16(x17)	 x17:0x80008321 x27:0x80009fc4 PA:0x80008311
       20855000	      2084	800016e0	01eb8003	lb	x0,30(x23)	 x23:0x8000879d PA:0x800087bb
       20865000	      2085	800016e4	ff78c803	lbu	x16,-9(x17)	 x17:0x80008321 x16=0x0000009d PA:0x80008318
       20875000	      2086	800016e8	fc9b8723	sb	x9,-50(x23)	 x23:0x8000879d  x9:0x00000061 PA:0x8000876b
       20885000	      2087	800016ec	02ebc183	lbu	x3,46(x23)	 x23:0x8000879d  x3=0x00000026 PA:0x800087cb
       20895000	      2088	800016f0	d7962103	lw	x2,-647(x12)	 x12:0x800086af  x2=0x91ae7c41 PA:0x80008428
       20905000	      2089	800016f4	04737663	bgeu	x6,x7,80001740	  x6:0x00000006  x7:0x00000093
       20915000	      2090	800016f8	013c22b3	slt	x5,x24,x19	 x24:0x800080d7 x19:0x0000006f  x5=0x00000001
       20925000	      2091	800016fc	005d79b3	and	x19,x26,x5	 x26:0x00000021  x5:0x00000001 x19=0x00000001
       20935000	      2092	80001700	0086d633	srl	x12,x13,x8	 x13:0x800088de  x8:0x00000026 x12=0x02000223
       20945000	      2093	80001704	60d30413	addi	x8,x6,1549	  x6:0x00000006  x8=0x00000613
       20955000	      2094	80001708	008788b3	add	x17,x15,x8	 x15:0x00000000  x8:0x00000613 x17=0x00000613
       20965000	      2095	8000170c	02ee1863	bne	x28,x14,8000173c	 x28:0x00000085 x14:0xbf85963d
       20975000	      2096	00000000	00000013	addi	x0,x0,0	  x0:0x00000000
       20985000	      2097	80001738	00000013	addi	x0,x0,0	  x0:0x00000000
       20995000	      2098	8000173c	41ea89b3	sub	x19,x21,x30	 x21:0x00000000 x30:0xffffffa6 x19=0x0000005a
       21005000	      2099	80001740	004d1b93	slli	x23,x26,0x4	 x26:0x00000021 x23=0x00000210
       21015000	      2100	80001744	0000d633	srl	x12,x1,x0	  x1:0xffffffc3  x0:0x00000000 x12=0xffffffc3
       21025000	      2101	80001748	418d5033	sra	x0,x26,x24	 x26:0x00000021 x24:0x800080d7
       21035000	      2102	8000174c	0566e463	bltu	x13,x22,80001794	 x13:0x800088de x22:0x00000001
       21045000	      2103	80001750	37efff93	andi	x31,x31,894	 x31:0x000000d5 x31=0x00000054
       21055000	      2104	80001754	3a5e7413	andi	x8,x28,933	 x28:0x00000085  x8=0x00000085
       21065000	      2105	80001758	1118e593	ori	x11,x17,273	 x17:0x00000613 x11=0x00000713
       21075000	      2106	8000175c	0065e3b3	or	x7,x11,x6	 x11:0x00000713  x6:0x00000006  x7=0x00000717
       21085000	      2107	80001760	00cdab33	slt	x22,x27,x12	 x27:0x80009fc4 x12:0xffffffc3 x22=0x00000001
       21095000	      2108	80001764	16144a97	auipc	x21,0x16144	 x21=0x96145760
       21105000	      2109	80001768	01772133	slt	x2,x14,x23	 x14:0xbf85963d x23:0x00000210  x2=0x00000001
       21115000	      2110	8000176c	00000013	addi	x0,x0,0	  x0:0x00000000
       21125000	      2111	80001770	00b8d493	srli	x9,x17,0xb	 x17:0x00000613  x9=0x00000000
       21135000	      2112	80001774	059f7863	bgeu	x30,x25,800017c4	 x30:0xffffffa6 x25:0x0000004b
       21145000	      2113	00000000	00000013	addi	x0,x0,0	  x0:0x00000000
       21155000	      2114	800017c0	00000013	addi	x0,x0,0	  x0:0x00000000
       21165000	      2115	800017c4	02f2e063	bltu	x5,x15,800017e4	  x5:0x00000001 x15:0x00000000
       21175000	      2116	800017c8	01680bb3	add	x23,x16,x22	 x16:0x0000009d x22:0x00000001 x23=0x0000009e
       21185000	      2117	800017cc	40098eb3	sub	x29,x19,x0	 x19:0x0000005a  x0:0x00000000 x29=0x0000005a
       21195000	      2118	800017d0	03649063	bne	x9,x22,800017f0	  x9:0x00000000 x22:0x00000001
       21205000	      2119	00000000	00000013	addi	x0,x0,0	  x0:0x00000000
       21215000	      2120	800017ec	00000013	addi	x0,x0,0	  x0:0x00000000
       21225000	      2121	800017f0	00087a63	bgeu	x16,x0,80001804	 x16:0x0000009d  x0:0x00000000
       21235000	      2122	00000000	00000013	addi	x0,x0,0	  x0:0x00000000
       21245000	      2123	80001800	00000013	addi	x0,x0,0	  x0:0x00000000
       21255000	      2124	80001804	40bedcb3	sra	x25,x29,x11	 x29:0x0000005a x11:0x00000713 x25=0x00000000
       21265000	      2125	80001808	00000013	addi	x0,x0,0	  x0:0x00000000
       21275000	      2126	8000180c	02a68863	beq	x13,x10,8000183c	 x13:0x800088de x10:0x80009f34
       21285000	      2127	80001810	00c837b3	sltu	x15,x16,x12	 x16:0x0000009d x12:0xffffffc3 x15=0x00000001
       21295000	      2128	80001814	05edc263	blt	x27,x30,80001858	 x27:0x80009fc4 x30:0xffffffa6
       21305000	      2129	00000000	00000013	addi	x0,x0,0	  x0:0x00000000
       21315000	      2130	80001854	00000013	addi	x0,x0,0	  x0:0x00000000
       21325000	      2131	80001858	00c23633	sltu	x12,x4,x12	  x4:0x0000007f x12:0xffffffc3 x12=0x00000001
       21335000	      2132	8000185c	00a76bb3	or	x23,x14,x10	 x14:0xbf85963d x10:0x80009f34 x23=0xbf859f3d
       21345000	      2133	80001860	019e1c63	bne	x28,x25,80001878	 x28:0x00000085 x25:0x00000000
       21355000	      2134	00000000	00000013	addi	x0,x0,0	  x0:0x00000000
       21365000	      2135	80001874	00000013	addi	x0,x0,0	  x0:0x00000000
       21375000	      2136	80001878	0307ea63	bltu	x15,x16,800018ac	 x15:0x00000001 x16:0x0000009d
       21385000	      2137	00000000	00000013	addi	x0,x0,0	  x0:0x00000000
       21395000	      2138	800018a8	00000013	addi	x0,x0,0	  x0:0x00000000
       21405000	      2139	800018ac	40e55c13	srai	x24,x10,0xe	 x10:0x80009f34 x24=0xfffe0002
       21415000	      2140	800018b0	00000013	addi	x0,x0,0	  x0:0x00000000
       21425000	      2141	800018b4	0146c3b3	xor	x7,x13,x20	 x13:0x800088de x20:0x80008773  x7=0x00000fad
       21435000	      2142	800018b8	01591fb3	sll	x31,x18,x21	 x18:0x80000000 x21:0x96145760 x31=0x80000000
       21445000	      2143	800018bc	03cfd863	bge	x31,x28,800018ec	 x31:0x80000000 x28:0x00000085
       21455000	      2144	800018c0	27f40a37	lui	x20,0x27f40	 x20=0x27f40000
       21465000	      2145	800018c4	0410c263	blt	x1,x1,80001908	  x1:0xffffffc3  x1:0xffffffc3
       21475000	      2146	800018c8	5dbcf117	auipc	x2,0x5dbcf	  x2=0xddbd08c4
       21485000	      2147	800018cc	01e3a833	slt	x16,x7,x30	  x7:0x00000fad x30:0xffffffa6 x16=0x00000000
       21495000	      2148	800018d0	f459b813	sltiu	x16,x19,-187	 x19:0x0000005a x16=0x00000001
       21505000	      2149	800018d4	400b5c13	srai	x24,x22,0x0	 x22:0x00000001 x24=0x00000001
       21515000	      2150	800018d8	57034193	xori	x3,x6,1392	  x6:0x00000006  x3=0x00000576
       21525000	      2151	800018dc	41cfd813	srai	x16,x31,0x1c	 x31:0x80000000 x16=0xfffffff8
       21535000	      2152	800018e0	00f1c7b3	xor	x15,x3,x15	  x3:0x00000576 x15:0x00000001 x15=0x00000577
       21545000	      2153	800018e4	018abd33	sltu	x26,x21,x24	 x21:0x96145760 x24:0x00000001 x26=0x00000000
       21555000	      2154	800018e8	05dc6063	bltu	x24,x29,80001928	 x24:0x00000001 x29:0x0000005a
       21565000	      2155	00000000	00000013	addi	x0,x0,0	  x0:0x00000000
       21575000	      2156	80001924	00000013	addi	x0,x0,0	  x0:0x00000000
       21585000	      2157	80001928	01409fb3	sll	x31,x1,x20	  x1:0xffffffc3 x20:0x27f40000 x31=0xffffffc3
       21595000	      2158	8000192c	bb814913	xori	x18,x2,-1096	  x2:0xddbd08c4 x18=0x2242f37c
       21605000	      2159	80001930	ba33e593	ori	x11,x7,-1117	  x7:0x00000fad x11=0xffffffaf
       21615000	      2160	80001934	fef60093	addi	x1,x12,-17	 x12:0x00000001  x1=0xfffffff0
       21625000	      2161	80001938	033f4063	blt	x30,x19,80001958	 x30:0xffffffa6 x19:0x0000005a
       21635000	      2162	00000000	00000013	addi	x0,x0,0	  x0:0x00000000
       21645000	      2163	80001954	00000013	addi	x0,x0,0	  x0:0x00000000
       21655000	      2164	80001958	03009463	bne	x1,x16,80001980	  x1:0xfffffff0 x16:0xfffffff8
       21665000	      2165	00000000	00000013	addi	x0,x0,0	  x0:0x00000000
       21675000	      2166	8000197c	00000013	addi	x0,x0,0	  x0:0x00000000
       21685000	      2167	80001980	00000013	addi	x0,x0,0	  x0:0x00000000
       21695000	      2168	80001984	00f45f33	srl	x30,x8,x15	  x8:0x00000085 x15:0x00000577 x30=0x00000000
       21705000	      2169	80001988	68c54813	xori	x16,x10,1676	 x10:0x80009f34 x16=0x800099b8
       21715000	      2170	8000198c	80f03a93	sltiu	x21,x0,-2033	  x0:0x00000000 x21=0x00000001
       21725000	      2171	80001990	29407793	andi	x15,x0,660	  x0:0x00000000 x15=0x00000000
       21735000	      2172	80001994	583d9d17	auipc	x26,0x583d9	 x26=0xd83da990
       21745000	      2173	80001998	0196d493	srli	x9,x13,0x19	 x13:0x800088de  x9=0x00000040
       21755000	      2174	8000199c	40995293	srai	x5,x18,0x9	 x18:0x2242f37c  x5=0x00112179
       21765000	      2175	800019a0	033b8c63	beq	x23,x19,800019d8	 x23:0xbf859f3d x19:0x0000005a
       21775000	      2176	800019a4	00dafab3	and	x21,x21,x13	 x21:0x00000001 x13:0x800088de x21=0x00000000
       21785000	      2177	800019a8	60a30b13	addi	x22,x6,1546	  x6:0x00000006 x22=0x00000610
       21795000	      2178	800019ac	003ddb13	srli	x22,x27,0x3	 x27:0x80009fc4 x22=0x100013f8
       21805000	      2179	800019b0	044ee263	bltu	x29,x4,800019f4	 x29:0x0000005a  x4:0x0000007f
       21815000	      2180	00000000	00000013	addi	x0,x0,0	  x0:0x00000000
       21825000	      2181	800019f0	00000013	addi	x0,x0,0	  x0:0x00000000
       21835000	      2182	800019f4	13e4b213	sltiu	x4,x9,318	  x9:0x00000040  x4=0x00000001
       21845000	      2183	800019f8	0dc0b817	auipc	x16,0xdc0b	 x16=0x8dc0c9f4
       21855000	      2184	800019fc	41b6d093	srai	x1,x13,0x1b	 x13:0x800088de  x1=0xfffffff0
       21865000	      2185	80001a00	01339413	slli	x8,x7,0x13	  x7:0x00000fad  x8=0x7d680000
       21875000	      2186	80001a04	00611133	sll	x2,x2,x6	  x2:0xddbd08c4  x6:0x00000006  x2=0x6f423100
       21885000	      2187	80001a08	010df633	and	x12,x27,x16	 x27:0x80009fc4 x16:0x8dc0c9f4 x12=0x800089c4
       21895000	      2188	80001a0c	00f67f33	and	x30,x12,x15	 x12:0x800089c4 x15:0x00000000 x30=0x00000000
       21905000	      2189	80001a10	2e05c613	xori	x12,x11,736	 x11:0xffffffaf x12=0xfffffd4f
       21915000	      2190	80001a14	017f4c63	blt	x30,x23,80001a2c	 x30:0x00000000 x23:0xbf859f3d
       21925000	      2191	80001a18	01f14a63	blt	x2,x31,80001a2c	  x2:0x6f423100 x31:0xffffffc3
       21935000	      2192	80001a1c	00d1d0b3	srl	x1,x3,x13	  x3:0x00000576 x13:0x800088de  x1=0x00000000
       21945000	      2193	80001a20	000e5263	bge	x28,x0,80001a24	 x28:0x00000085  x0:0x00000000
       21955000	      2194	00000000	00000013	addi	x0,x0,0	  x0:0x00000000
       21965000	      2195	80001a20	00000013	addi	x0,x0,0	  x0:0x00000000
       21975000	      2196	80001a24	c6149cb7	lui	x25,0xc6149	 x25=0xc6149000
       21985000	      2197	80001a28	c24bc017	auipc	x0,0xc24bc	
       21995000	      2198	80001a2c	68054393	xori	x7,x10,1664	 x10:0x80009f34  x7=0x800099b4
       22005000	      2199	80001a30	b3428913	addi	x18,x5,-1228	  x5:0x00112179 x18=0x00111cad
       22015000	      2200	80001a34	04ba6863	bltu	x20,x11,80001a84	 x20:0x27f40000 x11:0xffffffaf
       22025000	      2201	00000000	00000013	addi	x0,x0,0	  x0:0x00000000
       22035000	      2202	80001a80	00000013	addi	x0,x0,0	  x0:0x00000000
       22045000	      2203	80001a84	41635d13	srai	x26,x6,0x16	  x6:0x00000006 x26=0x00000000
       22055000	      2204	80001a88	00c57333	and	x6,x10,x12	 x10:0x80009f34 x12:0xfffffd4f  x6=0x80009d04
       22065000	      2205	80001a8c	01fb4bb3	xor	x23,x22,x31	 x22:0x100013f8 x31:0xffffffc3 x23=0xefffec3b
       22075000	      2206	80001a90	ffcb8f97	auipc	x31,0xffcb8	 x31=0x7fcb9a8c
       22085000	      2207	80001a94	00ccabb3	slt	x23,x25,x12	 x25:0xc6149000 x12:0xfffffd4f x23=0x00000001
       22095000	      2208	80001a98	69fc1697	auipc	x13,0x69fc1	 x13=0xe9fc2a94
       22105000	      2209	80001a9c	00459013	slli	x0,x11,0x4	 x11:0xffffffaf
       22115000	      2210	80001aa0	124e0e13	addi	x28,x28,292	 x28:0x00000085 x28=0x000001a9
       22125000	      2211	80001aa4	013f8e63	beq	x31,x19,80001ac0	 x31:0x7fcb9a8c x19:0x0000005a
       22135000	      2212	80001aa8	41be0033	sub	x0,x28,x27	 x28:0x000001a9 x27:0x80009fc4
       22145000	      2213	80001aac	6d3e2493	slti	x9,x28,1747	 x28:0x000001a9  x9=0x00000001
       22155000	      2214	80001ab0	00a297b3	sll	x15,x5,x10	  x5:0x00112179 x10:0x80009f34 x15=0x17900000
       22165000	      2215	80001ab4	003a7933	and	x18,x20,x3	 x20:0x27f40000  x3:0x00000576 x18=0x00000000
       22175000	      2216	80001ab8	016a46b3	xor	x13,x20,x22	 x20:0x27f40000 x22:0x100013f8 x13=0x37f413f8
       22185000	      2217	80001abc	018fe263	bltu	x31,x24,80001ac0	 x31:0x7fcb9a8c x24:0x00000001
       22195000	      2218	80001ac0	58ab0493	addi	x9,x22,1418	 x22:0x100013f8  x9=0x10001982
       22205000	      2219	80001ac4	00452103	lw	x2,4(x10)	 x10:0x80009f34  x2=0x80001b44 PA:0x80009f38
       22215000	      2220	80001ac8	83b84b13	xori	x22,x16,-1989	 x16:0x8dc0c9f4 x22=0x723f31cf
       22225000	      2221	80001acc	af3fb837	lui	x16,0xaf3fb	 x16=0xaf3fb000
       22235000	      2222	80001ad0	44257793	andi	x15,x10,1090	 x10:0x80009f34 x15=0x00000400
       22245000	      2223	80001ad4	01850513	addi	x10,x10,24	 x10:0x80009f34 x10=0x80009f4c
       22255000	      2224	80001ad8	e0b04f93	xori	x31,x0,-501	  x0:0x00000000 x31=0xfffffe0b
       22265000	      2225	80001adc	00110113	addi	x2,x2,1	  x2:0x80001b44  x2=0x80001b45
       22275000	      2226	80001ae0	00010167	jalr	x2,x2,0	  x2:0x80001b45  x2=0x80001ae0
       22285000	      2227	00000000	00000013	addi	x0,x0,0	  x0:0x00000000
       22295000	      2228	80001b44	00000013	addi	x0,x0,0	  x0:0x00000000
       22305000	      2229	80001b48	00000897	auipc	x17,0x0	 x17=0x80001b44
       22315000	      2230	80001b4c	8bc88893	addi	x17,x17,-1860	 x17:0x80001b44 x17=0x80001400
       22325000	      2231	80001b50	7b64f0b7	lui	x1,0x7b64f	  x1=0x7b64f000
       22335000	      2232	80001b54	403359b3	sra	x19,x6,x3	  x6:0x80009d04  x3:0x00000576 x19=0xfffffe00
       22345000	      2233	80001b58	2f188893	addi	x17,x17,753	 x17:0x80001400 x17=0x800016f1
       22355000	      2234	80001b5c	40875bb3	sra	x23,x14,x8	 x14:0xbf85963d  x8:0x7d680000 x23=0xbf85963d
       22365000	      2235	80001b60	dbdab497	auipc	x9,0xdbdab	  x9=0x5bdacb5c
       22375000	      2236	80001b64	403080b3	sub	x1,x1,x3	  x1:0x7b64f000  x3:0x00000576  x1=0x7b64ea8a
       22385000	      2237	80001b68	00b212b3	sll	x5,x4,x11	  x4:0x00000001 x11:0xffffffaf  x5=0x00008000
       22395000	      2238	80001b6c	d0f88167	jalr	x2,x17,-753	 x17:0x800016f1  x2=0x80001b6c
       22405000	      2239	00000000	00000013	addi	x0,x0,0	  x0:0x00000000
       22415000	      2240	80001400	00000013	addi	x0,x0,0	  x0:0x00000000
       22425000	      2241	80001404	4b156293	ori	x5,x10,1201	 x10:0x80009f4c  x5=0x80009ffd
       22435000	      2242	80001408	c0ef8f17	auipc	x30,0xc0ef8	 x30=0x40ef9404
       22445000	      2243	8000140c	fe850513	addi	x10,x10,-24	 x10:0x80009f4c x10=0x80009f34
       22455000	      2244	80001410	00252223	sw	x2,4(x10)	 x10:0x80009f34  x2:0x80001b6c PA:0x80009f38
       22465000	      2245	80001414	003726b3	slt	x13,x14,x3	 x14:0xbf85963d  x3:0x00000576 x13=0x00000001
       22475000	      2246	80001418	01446833	or	x16,x8,x20	  x8:0x7d680000 x20:0x27f40000 x16=0x7ffc0000
       22485000	      2247	8000141c	0009d193	srli	x3,x19,0x0	 x19:0xfffffe00  x3=0xfffffe00
       22495000	      2248	80001420	00007b97	auipc	x23,0x7	 x23=0x8000841c
       22505000	      2249	80001424	6a1b8b93	addi	x23,x23,1697	 x23:0x8000841c x23=0x80008abd
       22515000	      2250	80001428	ffeb8e83	lb	x29,-2(x23)	 x23:0x80008abd x29=0xfffffff9 PA:0x80008abb
       22525000	      2251	8000142c	ff5b8923	sb	x21,-14(x23)	 x23:0x80008abd x21:0x00000000 PA:0x80008aaf
       22535000	      2252	80001430	ff8bc283	lbu	x5,-8(x23)	 x23:0x80008abd  x5=0x00000037 PA:0x80008ab5
       22545000	      2253	80001434	1b124f37	lui	x30,0x1b124	 x30=0x1b124000
       22555000	      2254	80001438	ff9bc283	lbu	x5,-7(x23)	 x23:0x80008abd  x5=0x00000006 PA:0x80008ab6
       22565000	      2255	8000143c	010d9f33	sll	x30,x27,x16	 x27:0x80009fc4 x16:0x7ffc0000 x30=0x80009fc4
       22575000	      2256	80001440	4f23a893	slti	x17,x7,1266	  x7:0x800099b4 x17=0x00000001
       22585000	      2257	80001444	00cb8083	lb	x1,12(x23)	 x23:0x80008abd  x1=0xffffffc3 PA:0x80008ac9
       22595000	      2258	80001448	010b90a3	sh	x16,1(x23)	 x23:0x80008abd x16:0x7ffc0000 PA:0x80008abe
       22605000	      2259	8000144c	00eb8303	lb	x6,14(x23)	 x23:0x80008abd  x6=0xffffffa5 PA:0x80008acb
       22615000	      2260	80001450	01e26eb3	or	x29,x4,x30	  x4:0x00000001 x30:0x80009fc4 x29=0x80009fc5
       22625000	      2261	80001454	40f4d1b3	sra	x3,x9,x15	  x9:0x5bdacb5c x15:0x00000400  x3=0x5bdacb5c
       22635000	      2262	80001458	fe0b8a23	sb	x0,-12(x23)	 x23:0x80008abd  x0:0x00000000 PA:0x80008ab1
       22645000	      2263	8000145c	017965b3	or	x11,x18,x23	 x18:0x00000000 x23:0x80008abd x11=0x80008abd
       22655000	      2264	80001460	000b8c03	lb	x24,0(x23)	 x23:0x80008abd x24=0x0000002c PA:0x80008abd
       22665000	      2265	80001464	01997033	and	x0,x18,x25	 x18:0x00000000 x25:0xc6149000
       22675000	      2266	80001468	57ee8a93	addi	x21,x29,1406	 x29:0x80009fc5 x21=0x8000a543
       22685000	      2267	8000146c	fe6b8923	sb	x6,-14(x23)	 x23:0x80008abd  x6:0xffffffa5 PA:0x80008aaf
       22695000	      2268	80001470	fffb8803	lb	x16,-1(x23)	 x23:0x80008abd x16=0x00000019 PA:0x80008abc
       22705000	      2269	80001474	ff9bc783	lbu	x15,-7(x23)	 x23:0x80008abd x15=0x00000006 PA:0x80008ab6
       22715000	      2270	80001478	8daa6d13	ori	x26,x20,-1830	 x20:0x27f40000 x26=0xfffff8da
       22725000	      2271	8000147c	01f433b3	sltu	x7,x8,x31	  x8:0x7d680000 x31:0xfffffe0b  x7=0x00000001
       22735000	      2272	80001480	ff8b8103	lb	x2,-8(x23)	 x23:0x80008abd  x2=0x00000037 PA:0x80008ab5
       22745000	      2273	80001484	ff6bca03	lbu	x20,-10(x23)	 x23:0x80008abd x20=0x00000049 PA:0x80008ab3
       22755000	      2274	80001488	00007e17	auipc	x28,0x7	 x28=0x80008484
       22765000	      2275	8000148c	2e2e0e13	addi	x28,x28,738	 x28:0x80008484 x28=0x80008766
       22775000	      2276	80001490	13618893	addi	x17,x3,310	  x3:0x5bdacb5c x17=0x5bdacc92
       22785000	      2277	80001494	003e0723	sb	x3,14(x28)	 x28:0x80008766  x3:0x5bdacb5c PA:0x80008774
       22795000	      2278	80001498	00ee0a83	lb	x21,14(x28)	 x28:0x80008766 x21=0x0000005c PA:0x80008774
       22805000	      2279	8000149c	001e1723	sh	x1,14(x28)	 x28:0x80008766  x1:0xffffffc3 PA:0x80008774
       22815000	      2280	800014a0	00ee4403	lbu	x8,14(x28)	 x28:0x80008766  x8=0x000000c3 PA:0x80008774
       22825000	      2281	800014a4	00ee0403	lb	x8,14(x28)	 x28:0x80008766  x8=0xffffffc3 PA:0x80008774
       22835000	      2282	800014a8	3cb1bf97	auipc	x31,0x3cb1b	 x31=0xbcb1c4a4
       22845000	      2283	800014ac	ca4db113	sltiu	x2,x27,-860	 x27:0x80009fc4  x2=0x00000001
       22855000	      2284	800014b0	00ee2f03	lw	x30,14(x28)	 x28:0x80008766 x30=0x0000ffc3 PA:0x80008774
       22865000	      2285	800014b4	00ce2723	sw	x12,14(x28)	 x28:0x80008766 x12:0xfffffd4f PA:0x80008774
       22875000	      2286	800014b8	012e0723	sb	x18,14(x28)	 x28:0x80008766 x18:0x00000000 PA:0x80008774
       22885000	      2287	800014bc	00ee2403	lw	x8,14(x28)	 x28:0x80008766  x8=0xfffffd00 PA:0x80008774
       22895000	      2288	800014c0	01be2723	sw	x27,14(x28)	 x28:0x80008766 x27:0x80009fc4 PA:0x80008774
       22905000	      2289	800014c4	010e0723	sb	x16,14(x28)	 x28:0x80008766 x16:0x00000019 PA:0x80008774
       22915000	      2290	800014c8	40a4d433	sra	x8,x9,x10	  x9:0x5bdacb5c x10:0x80009f34  x8=0x000005bd
       22925000	      2291	800014cc	015e2723	sw	x21,14(x28)	 x28:0x80008766 x21:0x0000005c PA:0x80008774
       22935000	      2292	800014d0	008b1c13	slli	x24,x22,0x8	 x22:0x723f31cf x24=0x3f31cf00
       22945000	      2293	800014d4	00ee0b03	lb	x22,14(x28)	 x28:0x80008766 x22=0x0000005c PA:0x80008774
       22955000	      2294	800014d8	00446cb3	or	x25,x8,x4	  x8:0x000005bd  x4:0x00000001 x25=0x000005bd
       22965000	      2295	800014dc	feae2d23	sw	x10,-6(x28)	 x28:0x80008766 x10:0x80009f34 PA:0x80008760
       22975000	      2296	800014e0	00854833	xor	x16,x10,x8	 x10:0x80009f34  x8:0x000005bd x16=0x80009a89
       22985000	      2297	800014e4	ffae4403	lbu	x8,-6(x28)	 x28:0x80008766  x8=0x00000034 PA:0x80008760
       22995000	      2298	800014e8	00007197	auipc	x3,0x7	  x3=0x800084e4
       23005000	      2299	800014ec	50618193	addi	x3,x3,1286	  x3:0x800084e4  x3=0x800089ea
       23015000	      2300	800014f0	01be9e13	slli	x28,x29,0x1b	 x29:0x80009fc5 x28=0x28000000
       23025000	      2301	800014f4	01315a33	srl	x20,x2,x19	  x2:0x00000001 x19:0xfffffe00 x20=0x00000001
       23035000	      2302	800014f8	005cb2b3	sltu	x5,x25,x5	 x25:0x000005bd  x5:0x00000006  x5=0x00000000
       23045000	      2303	800014fc	03f189a3	sb	x31,51(x3)	  x3:0x800089ea x31:0xbcb1c4a4 PA:0x80008a1d
       23055000	      2304	80001500	00601f93	slli	x31,x0,0x6	  x0:0x00000000 x31=0x00000000
       23065000	      2305	80001504	017a4333	xor	x6,x20,x23	 x20:0x00000001 x23:0x80008abd  x6=0x80008abc
       23075000	      2306	80001508	00cf9993	slli	x19,x31,0xc	 x31:0x00000000 x19=0x00000000
       23085000	      2307	8000150c	fe718fa3	sb	x7,-1(x3)	  x3:0x800089ea  x7:0x00000001 PA:0x800089e9
       23095000	      2308	80001510	00000013	addi	x0,x0,0	  x0:0x00000000
       23105000	      2309	80001514	42407a17	auipc	x20,0x42407	 x20=0xc2408510
       23115000	      2310	80001518	03319223	sh	x19,36(x3)	  x3:0x800089ea x19:0x00000000 PA:0x80008a0e
       23125000	      2311	8000151c	fd518083	lb	x1,-43(x3)	  x3:0x800089ea  x1=0xffffffc3 PA:0x800089bf
       23135000	      2312	00000000	00000013	addi	x0,x0,0	  x0:0x00000000
       23145000	      2313	80001520	41b0de33	sra	x28,x1,x27	  x1:0xffffffc3 x27:0x80009fc4 x28=0xfffffffc
       23155000	      2314	80001524	fd118303	lb	x6,-47(x3)	  x3:0x800089ea  x6=0x0000004b PA:0x800089bb
       23165000	      2315	80001528	ff219423	sh	x18,-24(x3)	  x3:0x800089ea x18:0x00000000 PA:0x800089d2
       23175000	      2316	8000152c	00119723	sh	x1,14(x3)	  x3:0x800089ea  x1:0xffffffc3 PA:0x800089f8
       23185000	      2317	80001530	fd01c883	lbu	x17,-48(x3)	  x3:0x800089ea x17=0x000000a1 PA:0x800089ba
       23195000	      2318	80001534	beee6c93	ori	x25,x28,-1042	 x28:0xfffffffc x25=0xfffffffe
       23205000	      2319	80001538	02c19f83	lh	x31,44(x3)	  x3:0x800089ea x31=0x00007b1e PA:0x80008a16
       23215000	      2320	8000153c	fc61d303	lhu	x6,-58(x3)	  x3:0x800089ea  x6=0x0000d81f PA:0x800089b0
       23225000	      2321	80001540	038187a3	sb	x24,47(x3)	  x3:0x800089ea x24:0x3f31cf00 PA:0x80008a19
       23235000	      2322	80001544	fc218da3	sb	x2,-37(x3)	  x3:0x800089ea  x2:0x00000001 PA:0x800089c5
       23245000	      2323	80001548	fd91ce83	lbu	x29,-39(x3)	  x3:0x800089ea x29=0x00000042 PA:0x800089c3
       23255000	      2324	8000154c	fce1d203	lhu	x4,-50(x3)	  x3:0x800089ea  x4=0x0000533c PA:0x800089b8
       23265000	      2325	80001550	0064ccb3	xor	x25,x9,x6	  x9:0x5bdacb5c  x6:0x0000d81f x25=0x5bda1343
       23275000	      2326	80001554	01f4d893	srli	x17,x9,0x1f	  x9:0x5bdacb5c x17=0x00000000
       23285000	      2327	80001558	00ee1933	sll	x18,x28,x14	 x28:0xfffffffc x14:0xbf85963d x18=0x80000000
       23295000	      2328	8000155c	72181e97	auipc	x29,0x72181	 x29=0xf2182558
       23305000	      2329	80001560	41a58fb3	sub	x31,x11,x26	 x11:0x80008abd x26:0xfffff8da x31=0x800091e3
       23315000	      2330	80001564	402bda13	srai	x20,x23,0x2	 x23:0x80008abd x20=0xe00022af
       23325000	      2331	80001568	fe81c683	lbu	x13,-24(x3)	  x3:0x800089ea x13=0x00000000 PA:0x800089d2
       23335000	      2332	8000156c	00000013	addi	x0,x0,0	  x0:0x00000000
       23345000	      2333	80001570	005736b3	sltu	x13,x14,x5	 x14:0xbf85963d  x5:0x00000000 x13=0x00000000
       23355000	      2334	80001574	01301c33	sll	x24,x0,x19	  x0:0x00000000 x19:0x00000000 x24=0x00000000
       23365000	      2335	80001578	00c1dc83	lhu	x25,12(x3)	  x3:0x800089ea x25=0x000046f0 PA:0x800089f6
       23375000	      2336	8000157c	fde18aa3	sb	x30,-43(x3)	  x3:0x800089ea x30:0x0000ffc3 PA:0x800089bf
       23385000	      2337	80001580	00007c17	auipc	x24,0x7	 x24=0x8000857c
       23395000	      2338	80001584	64bc0c13	addi	x24,x24,1611	 x24:0x8000857c x24=0x80008bc7
       23405000	      2339	80001588	06dc4c83	lbu	x25,109(x24)	 x24:0x80008bc7 x25=0x0000004b PA:0x80008c34
       23415000	      2340	8000158c	0bac0f83	lb	x31,186(x24)	 x24:0x80008bc7 x31=0xfffffff1 PA:0x80008c81
       23425000	      2341	80001590	00007817	auipc	x16,0x7	 x16=0x8000858c
       23435000	      2342	80001594	35080813	addi	x16,x16,848	 x16:0x8000858c x16=0x800088dc
       23445000	      2343	80001598	00007697	auipc	x13,0x7	 x13=0x80008594
       23455000	      2344	8000159c	34a68693	addi	x13,x13,842	 x13:0x80008594 x13=0x800088de
       23465000	      2345	800015a0	07cc4403	lbu	x8,124(x24)	 x24:0x80008bc7  x8=0x00000054 PA:0x80008c43
       23475000	      2346	800015a4	ffe80e83	lb	x29,-2(x16)	 x16:0x800088dc x29=0x0000007e PA:0x800088da
       23485000	      2347	800015a8	2c26a603	lw	x12,706(x13)	 x13:0x800088de x12=0x134ce17f PA:0x80008ba0
       23495000	      2348	800015ac	02fc0983	lb	x19,47(x24)	 x24:0x80008bc7 x19=0x00000047 PA:0x80008bf6
       23505000	      2349	800015b0	0fd808a3	sb	x29,241(x16)	 x16:0x800088dc x29:0x0000007e PA:0x800089cd
       23515000	      2350	800015b4	0ee85183	lhu	x3,238(x16)	 x16:0x800088dc  x3=0x00005d9b PA:0x800089ca
       23525000	      2351	800015b8	31e68f83	lb	x31,798(x13)	 x13:0x800088de x31=0x00000055 PA:0x80008bfc
       23535000	      2352	800015bc	0f7c4d03	lbu	x26,247(x24)	 x24:0x80008bc7 x26=0x00000000 PA:0x80008cbe
       23545000	      2353	800015c0	2516cf83	lbu	x31,593(x13)	 x13:0x800088de x31=0x00000000 PA:0x80008b2f
       23555000	      2354	800015c4	063c4d03	lbu	x26,99(x24)	 x24:0x80008bc7 x26=0x0000006b PA:0x80008c2a
       23565000	      2355	800015c8	19069a83	lh	x21,400(x13)	 x13:0x800088de x21=0xffffe393 PA:0x80008a6e
       23575000	      2356	800015cc	09769c23	sh	x23,152(x13)	 x13:0x800088de x23:0x80008abd PA:0x80008976
       23585000	      2357	800015d0	091c5b03	lhu	x22,145(x24)	 x24:0x80008bc7 x22=0x00001525 PA:0x80008c58
       23595000	      2358	800015d4	0ab683a3	sb	x11,167(x13)	 x13:0x800088de x11:0x80008abd PA:0x80008985
       23605000	      2359	800015d8	0cec0f83	lb	x31,206(x24)	 x24:0x80008bc7 x31=0xffffffd8 PA:0x80008c95
       23615000	      2360	800015dc	1c26a783	lw	x15,450(x13)	 x13:0x800088de x15=0x25a23146 PA:0x80008aa0
       23625000	      2361	800015e0	fa082183	lw	x3,-96(x16)	 x16:0x800088dc  x3=0x5bc22cf5 PA:0x8000887c
       23635000	      2362	800015e4	15768623	sb	x23,332(x13)	 x13:0x800088de x23:0x80008abd PA:0x80008a2a
       23645000	      2363	800015e8	f44c0a23	sb	x4,-172(x24)	 x24:0x80008bc7  x4:0x0000533c PA:0x80008b1b
       23655000	      2364	800015ec	f7a85103	lhu	x2,-134(x16)	 x16:0x800088dc  x2=0x0000e73d PA:0x80008856
       23665000	      2365	800015f0	0b068583	lb	x11,176(x13)	 x13:0x800088de x11=0x00000075 PA:0x8000898e
       23675000	      2366	800015f4	00007117	auipc	x2,0x7	  x2=0x800085f0
       23685000	      2367	800015f8	10c10113	addi	x2,x2,268	  x2:0x800085f0  x2=0x800086fc
       23695000	      2368	800015fc	03510ba3	sb	x21,55(x2)	  x2:0x800086fc x21:0xffffe393 PA:0x80008733
       23705000	      2369	80001600	03510483	lb	x9,53(x2)	  x2:0x800086fc  x9=0xffffffad PA:0x80008731
       23715000	      2370	80001604	00aedd13	srli	x26,x29,0xa	 x29:0x0000007e x26=0x00000000
       23725000	      2371	80001608	004da9b3	slt	x19,x27,x4	 x27:0x80009fc4  x4:0x0000533c x19=0x00000001
       23735000	      2372	8000160c	8053eb93	ori	x23,x7,-2043	  x7:0x00000001 x23=0xfffff805
       23745000	      2373	80001610	ff510983	lb	x19,-11(x2)	  x2:0x800086fc x19=0x00000036 PA:0x800086f1
       23755000	      2374	80001614	794cbb13	sltiu	x22,x25,1940	 x25:0x0000004b x22=0x00000001
       23765000	      2375	80001618	02d12223	sw	x13,36(x2)	  x2:0x800086fc x13:0x800088de PA:0x80008720
       23775000	      2376	8000161c	01814483	lbu	x9,24(x2)	  x2:0x800086fc  x9=0x00000061 PA:0x80008714
       23785000	      2377	80001620	fcd14983	lbu	x19,-51(x2)	  x2:0x800086fc x19=0x000000c3 PA:0x800086c9
       23795000	      2378	80001624	fcd10e03	lb	x28,-51(x2)	  x2:0x800086fc x28=0xffffffc3 PA:0x800086c9
       23805000	      2379	80001628	fde106a3	sb	x30,-51(x2)	  x2:0x800086fc x30:0x0000ffc3 PA:0x800086c9
       23815000	      2380	8000162c	fcd14e03	lbu	x28,-51(x2)	  x2:0x800086fc x28=0x000000c3 PA:0x800086c9
       23825000	      2381	80001630	fcd14403	lbu	x8,-51(x2)	  x2:0x800086fc  x8=0x000000c3 PA:0x800086c9
       23835000	      2382	80001634	00007a17	auipc	x20,0x7	 x20=0x80008630
       23845000	      2383	80001638	143a0a13	addi	x20,x20,323	 x20:0x80008630 x20=0x80008773
       23855000	      2384	8000163c	00007b97	auipc	x23,0x7	 x23=0x80008638
       23865000	      2385	80001640	165b8b93	addi	x23,x23,357	 x23:0x80008638 x23=0x8000879d
       23875000	      2386	80001644	00007c17	auipc	x24,0x7	 x24=0x80008640
       23885000	      2387	80001648	a97c0c13	addi	x24,x24,-1385	 x24:0x80008640 x24=0x800080d7
       23895000	      2388	8000164c	05cb8123	sb	x28,66(x23)	 x23:0x8000879d x28:0x000000c3 PA:0x800087df
       23905000	      2389	80001650	09fc0403	lb	x8,159(x24)	 x24:0x800080d7  x8=0x00000026 PA:0x80008176
       23915000	      2390	80001654	00007897	auipc	x17,0x7	 x17=0x80008650
       23925000	      2391	80001658	cd188893	addi	x17,x17,-815	 x17:0x80008650 x17=0x80008321
       23935000	      2392	8000165c	92ba5303	lhu	x6,-1749(x20)	 x20:0x80008773  x6=0x0000615d PA:0x8000809e
       23945000	      2393	80001660	02eb9ca3	sh	x14,57(x23)	 x23:0x8000879d x14:0xbf85963d PA:0x800087d6
       23955000	      2394	80001664	00007617	auipc	x12,0x7	 x12=0x80008660
       23965000	      2395	80001668	04f60613	addi	x12,x12,79	 x12:0x80008660 x12=0x800086af
       23975000	      2396	8000166c	0a4c0a83	lb	x21,164(x24)	 x24:0x800080d7 x21=0x00000000 PA:0x8000817b
       23985000	      2397	80001670	080a1ba3	sh	x0,151(x20)	 x20:0x80008773  x0:0x00000000 PA:0x8000880a
       23995000	      2398	80001674	11a64e03	lbu	x28,282(x12)	 x12:0x800086af x28=0x00000085 PA:0x800087c9
       24005000	      2399	80001678	cdba1fa3	sh	x27,-801(x20)	 x20:0x80008773 x27:0x80009fc4 PA:0x80008452
       24015000	      2400	8000167c	f75c2f03	lw	x30,-139(x24)	 x24:0x800080d7 x30=0xe502cf0a PA:0x8000804c
       24025000	      2401	80001680	06ec0aa3	sb	x14,117(x24)	 x24:0x800080d7 x14:0xbf85963d PA:0x8000814c
       24035000	      2402	80001684	ff48c303	lbu	x6,-12(x17)	 x17:0x80008321  x6=0x00000006 PA:0x80008315
       24045000	      2403	80001688	ff7a0b23	sb	x23,-10(x20)	 x20:0x80008773 x23:0x8000879d PA:0x80008769
       24055000	      2404	8000168c	cf064203	lbu	x4,-784(x12)	 x12:0x800086af  x4=0x00000027 PA:0x8000839f
       24065000	      2405	80001690	e86a0823	sb	x6,-368(x20)	 x20:0x80008773  x6:0x00000006 PA:0x80008603
       24075000	      2406	80001694	f5fb8383	lb	x7,-161(x23)	 x23:0x8000879d  x7=0xffffffb6 PA:0x800086fc
       24085000	      2407	80001698	ff2c0d03	lb	x26,-14(x24)	 x24:0x800080d7 x26=0xffffffc4 PA:0x800080c9
       24095000	      2408	8000169c	007880a3	sb	x7,1(x17)	 x17:0x80008321  x7:0xffffffb6 PA:0x80008322
       24105000	      2409	800016a0	98ea4f83	lbu	x31,-1650(x20)	 x20:0x80008773 x31=0x00000051 PA:0x80008101
       24115000	      2410	800016a4	00a88f03	lb	x30,10(x17)	 x17:0x80008321 x30=0xffffffa6 PA:0x8000832b
       24125000	      2411	800016a8	e5860823	sb	x24,-432(x12)	 x12:0x800086af x24:0x800080d7 PA:0x800084ff
       24135000	      2412	800016ac	ffc8c203	lbu	x4,-4(x17)	 x17:0x80008321  x4=0x0000007f PA:0x8000831d
       24145000	      2413	800016b0	f3cbcf83	lbu	x31,-196(x23)	 x23:0x8000879d x31=0x000000d5 PA:0x800086d9
       24155000	      2414	800016b4	025a0123	sb	x5,34(x20)	 x20:0x80008773  x5:0x00000000 PA:0x80008795
       24165000	      2415	800016b8	ffa88183	lb	x3,-6(x17)	 x17:0x80008321  x3=0xffffff84 PA:0x8000831b
       24175000	      2416	800016bc	0abc0323	sb	x11,166(x24)	 x24:0x800080d7 x11:0x00000075 PA:0x8000817d
       24185000	      2417	800016c0	fb0c0b23	sb	x16,-74(x24)	 x24:0x800080d7 x16:0x800088dc PA:0x8000808d
       24195000	      2418	800016c4	0c660783	lb	x15,198(x12)	 x12:0x800086af x15=0x00000000 PA:0x80008775
       24205000	      2419	800016c8	ffa88383	lb	x7,-6(x17)	 x17:0x80008321  x7=0xffffff84 PA:0x8000831b
       24215000	      2420	800016cc	06ea0983	lb	x19,110(x20)	 x20:0x80008773 x19=0x0000006f PA:0x800087e1
       24225000	      2421	800016d0	014890a3	sh	x20,1(x17)	 x17:0x80008321 x20:0x80008773 PA:0x80008322
       24235000	      2422	800016d4	fd1c4383	lbu	x7,-47(x24)	 x24:0x800080d7  x7=0x00000093 PA:0x800080a8
       24245000	      2423	800016d8	09ec0d03	lb	x26,158(x24)	 x24:0x800080d7 x26=0x00000021 PA:0x80008175
       24255000	      2424	800016dc	ffb88823	sb	x27,-16(x17)	 x17:0x80008321 x27:0x80009fc4 PA:0x80008311
       24265000	      2425	800016e0	01eb8003	lb	x0,30(x23)	 x23:0x8000879d PA:0x800087bb
       24275000	      2426	800016e4	ff78c803	lbu	x16,-9(x17)	 x17:0x80008321 x16=0x0000009d PA:0x80008318
       24285000	      2427	800016e8	fc9b8723	sb	x9,-50(x23)	 x23:0x8000879d  x9:0x00000061 PA:0x8000876b
       24295000	      2428	800016ec	02ebc183	lbu	x3,46(x23)	 x23:0x8000879d  x3=0x00000026 PA:0x800087cb
       24305000	      2429	800016f0	d7962103	lw	x2,-647(x12)	 x12:0x800086af  x2=0x91ae7c41 PA:0x80008428
       24315000	      2430	800016f4	04737663	bgeu	x6,x7,80001740	  x6:0x00000006  x7:0x00000093
       24325000	      2431	800016f8	013c22b3	slt	x5,x24,x19	 x24:0x800080d7 x19:0x0000006f  x5=0x00000001
       24335000	      2432	800016fc	005d79b3	and	x19,x26,x5	 x26:0x00000021  x5:0x00000001 x19=0x00000001
       24345000	      2433	80001700	0086d633	srl	x12,x13,x8	 x13:0x800088de  x8:0x00000026 x12=0x02000223
       24355000	      2434	80001704	60d30413	addi	x8,x6,1549	  x6:0x00000006  x8=0x00000613
       24365000	      2435	80001708	008788b3	add	x17,x15,x8	 x15:0x00000000  x8:0x00000613 x17=0x00000613
       24375000	      2436	8000170c	02ee1863	bne	x28,x14,8000173c	 x28:0x00000085 x14:0xbf85963d
       24385000	      2437	00000000	00000013	addi	x0,x0,0	  x0:0x00000000
       24395000	      2438	80001738	00000013	addi	x0,x0,0	  x0:0x00000000
       24405000	      2439	8000173c	41ea89b3	sub	x19,x21,x30	 x21:0x00000000 x30:0xffffffa6 x19=0x0000005a
       24415000	      2440	80001740	004d1b93	slli	x23,x26,0x4	 x26:0x00000021 x23=0x00000210
       24425000	      2441	80001744	0000d633	srl	x12,x1,x0	  x1:0xffffffc3  x0:0x00000000 x12=0xffffffc3
       24435000	      2442	80001748	418d5033	sra	x0,x26,x24	 x26:0x00000021 x24:0x800080d7
       24445000	      2443	8000174c	0566e463	bltu	x13,x22,80001794	 x13:0x800088de x22:0x00000001
       24455000	      2444	80001750	37efff93	andi	x31,x31,894	 x31:0x000000d5 x31=0x00000054
       24465000	      2445	80001754	3a5e7413	andi	x8,x28,933	 x28:0x00000085  x8=0x00000085
       24475000	      2446	80001758	1118e593	ori	x11,x17,273	 x17:0x00000613 x11=0x00000713
       24485000	      2447	8000175c	0065e3b3	or	x7,x11,x6	 x11:0x00000713  x6:0x00000006  x7=0x00000717
       24495000	      2448	80001760	00cdab33	slt	x22,x27,x12	 x27:0x80009fc4 x12:0xffffffc3 x22=0x00000001
       24505000	      2449	80001764	16144a97	auipc	x21,0x16144	 x21=0x96145760
       24515000	      2450	80001768	01772133	slt	x2,x14,x23	 x14:0xbf85963d x23:0x00000210  x2=0x00000001
       24525000	      2451	8000176c	00000013	addi	x0,x0,0	  x0:0x00000000
       24535000	      2452	80001770	00b8d493	srli	x9,x17,0xb	 x17:0x00000613  x9=0x00000000
       24545000	      2453	80001774	059f7863	bgeu	x30,x25,800017c4	 x30:0xffffffa6 x25:0x0000004b
       24555000	      2454	00000000	00000013	addi	x0,x0,0	  x0:0x00000000
       24565000	      2455	800017c0	00000013	addi	x0,x0,0	  x0:0x00000000
       24575000	      2456	800017c4	02f2e063	bltu	x5,x15,800017e4	  x5:0x00000001 x15:0x00000000
       24585000	      2457	800017c8	01680bb3	add	x23,x16,x22	 x16:0x0000009d x22:0x00000001 x23=0x0000009e
       24595000	      2458	800017cc	40098eb3	sub	x29,x19,x0	 x19:0x0000005a  x0:0x00000000 x29=0x0000005a
       24605000	      2459	800017d0	03649063	bne	x9,x22,800017f0	  x9:0x00000000 x22:0x00000001
       24615000	      2460	00000000	00000013	addi	x0,x0,0	  x0:0x00000000
       24625000	      2461	800017ec	00000013	addi	x0,x0,0	  x0:0x00000000
       24635000	      2462	800017f0	00087a63	bgeu	x16,x0,80001804	 x16:0x0000009d  x0:0x00000000
       24645000	      2463	00000000	00000013	addi	x0,x0,0	  x0:0x00000000
       24655000	      2464	80001800	00000013	addi	x0,x0,0	  x0:0x00000000
       24665000	      2465	80001804	40bedcb3	sra	x25,x29,x11	 x29:0x0000005a x11:0x00000713 x25=0x00000000
       24675000	      2466	80001808	00000013	addi	x0,x0,0	  x0:0x00000000
       24685000	      2467	8000180c	02a68863	beq	x13,x10,8000183c	 x13:0x800088de x10:0x80009f34
       24695000	      2468	80001810	00c837b3	sltu	x15,x16,x12	 x16:0x0000009d x12:0xffffffc3 x15=0x00000001
       24705000	      2469	80001814	05edc263	blt	x27,x30,80001858	 x27:0x80009fc4 x30:0xffffffa6
       24715000	      2470	00000000	00000013	addi	x0,x0,0	  x0:0x00000000
       24725000	      2471	80001854	00000013	addi	x0,x0,0	  x0:0x00000000
       24735000	      2472	80001858	00c23633	sltu	x12,x4,x12	  x4:0x0000007f x12:0xffffffc3 x12=0x00000001
       24745000	      2473	8000185c	00a76bb3	or	x23,x14,x10	 x14:0xbf85963d x10:0x80009f34 x23=0xbf859f3d
       24755000	      2474	80001860	019e1c63	bne	x28,x25,80001878	 x28:0x00000085 x25:0x00000000
       24765000	      2475	00000000	00000013	addi	x0,x0,0	  x0:0x00000000
       24775000	      2476	80001874	00000013	addi	x0,x0,0	  x0:0x00000000
       24785000	      2477	80001878	0307ea63	bltu	x15,x16,800018ac	 x15:0x00000001 x16:0x0000009d
       24795000	      2478	00000000	00000013	addi	x0,x0,0	  x0:0x00000000
       24805000	      2479	800018a8	00000013	addi	x0,x0,0	  x0:0x00000000
       24815000	      2480	800018ac	40e55c13	srai	x24,x10,0xe	 x10:0x80009f34 x24=0xfffe0002
       24825000	      2481	800018b0	00000013	addi	x0,x0,0	  x0:0x00000000
       24835000	      2482	800018b4	0146c3b3	xor	x7,x13,x20	 x13:0x800088de x20:0x80008773  x7=0x00000fad
       24845000	      2483	800018b8	01591fb3	sll	x31,x18,x21	 x18:0x80000000 x21:0x96145760 x31=0x80000000
       24855000	      2484	800018bc	03cfd863	bge	x31,x28,800018ec	 x31:0x80000000 x28:0x00000085
       24865000	      2485	800018c0	27f40a37	lui	x20,0x27f40	 x20=0x27f40000
       24875000	      2486	800018c4	0410c263	blt	x1,x1,80001908	  x1:0xffffffc3  x1:0xffffffc3
       24885000	      2487	800018c8	5dbcf117	auipc	x2,0x5dbcf	  x2=0xddbd08c4
       24895000	      2488	800018cc	01e3a833	slt	x16,x7,x30	  x7:0x00000fad x30:0xffffffa6 x16=0x00000000
       24905000	      2489	800018d0	f459b813	sltiu	x16,x19,-187	 x19:0x0000005a x16=0x00000001
       24915000	      2490	800018d4	400b5c13	srai	x24,x22,0x0	 x22:0x00000001 x24=0x00000001
       24925000	      2491	800018d8	57034193	xori	x3,x6,1392	  x6:0x00000006  x3=0x00000576
       24935000	      2492	800018dc	41cfd813	srai	x16,x31,0x1c	 x31:0x80000000 x16=0xfffffff8
       24945000	      2493	800018e0	00f1c7b3	xor	x15,x3,x15	  x3:0x00000576 x15:0x00000001 x15=0x00000577
       24955000	      2494	800018e4	018abd33	sltu	x26,x21,x24	 x21:0x96145760 x24:0x00000001 x26=0x00000000
       24965000	      2495	800018e8	05dc6063	bltu	x24,x29,80001928	 x24:0x00000001 x29:0x0000005a
       24975000	      2496	00000000	00000013	addi	x0,x0,0	  x0:0x00000000
       24985000	      2497	80001924	00000013	addi	x0,x0,0	  x0:0x00000000
       24995000	      2498	80001928	01409fb3	sll	x31,x1,x20	  x1:0xffffffc3 x20:0x27f40000 x31=0xffffffc3
       25005000	      2499	8000192c	bb814913	xori	x18,x2,-1096	  x2:0xddbd08c4 x18=0x2242f37c
       25015000	      2500	80001930	ba33e593	ori	x11,x7,-1117	  x7:0x00000fad x11=0xffffffaf
       25025000	      2501	80001934	fef60093	addi	x1,x12,-17	 x12:0x00000001  x1=0xfffffff0
       25035000	      2502	80001938	033f4063	blt	x30,x19,80001958	 x30:0xffffffa6 x19:0x0000005a
       25045000	      2503	00000000	00000013	addi	x0,x0,0	  x0:0x00000000
       25055000	      2504	80001954	00000013	addi	x0,x0,0	  x0:0x00000000
       25065000	      2505	80001958	03009463	bne	x1,x16,80001980	  x1:0xfffffff0 x16:0xfffffff8
       25075000	      2506	00000000	00000013	addi	x0,x0,0	  x0:0x00000000
       25085000	      2507	8000197c	00000013	addi	x0,x0,0	  x0:0x00000000
       25095000	      2508	80001980	00000013	addi	x0,x0,0	  x0:0x00000000
       25105000	      2509	80001984	00f45f33	srl	x30,x8,x15	  x8:0x00000085 x15:0x00000577 x30=0x00000000
       25115000	      2510	80001988	68c54813	xori	x16,x10,1676	 x10:0x80009f34 x16=0x800099b8
       25125000	      2511	8000198c	80f03a93	sltiu	x21,x0,-2033	  x0:0x00000000 x21=0x00000001
       25135000	      2512	80001990	29407793	andi	x15,x0,660	  x0:0x00000000 x15=0x00000000
       25145000	      2513	80001994	583d9d17	auipc	x26,0x583d9	 x26=0xd83da990
       25155000	      2514	80001998	0196d493	srli	x9,x13,0x19	 x13:0x800088de  x9=0x00000040
       25165000	      2515	8000199c	40995293	srai	x5,x18,0x9	 x18:0x2242f37c  x5=0x00112179
       25175000	      2516	800019a0	033b8c63	beq	x23,x19,800019d8	 x23:0xbf859f3d x19:0x0000005a
       25185000	      2517	800019a4	00dafab3	and	x21,x21,x13	 x21:0x00000001 x13:0x800088de x21=0x00000000
       25195000	      2518	800019a8	60a30b13	addi	x22,x6,1546	  x6:0x00000006 x22=0x00000610
       25205000	      2519	800019ac	003ddb13	srli	x22,x27,0x3	 x27:0x80009fc4 x22=0x100013f8
       25215000	      2520	800019b0	044ee263	bltu	x29,x4,800019f4	 x29:0x0000005a  x4:0x0000007f
       25225000	      2521	00000000	00000013	addi	x0,x0,0	  x0:0x00000000
       25235000	      2522	800019f0	00000013	addi	x0,x0,0	  x0:0x00000000
       25245000	      2523	800019f4	13e4b213	sltiu	x4,x9,318	  x9:0x00000040  x4=0x00000001
       25255000	      2524	800019f8	0dc0b817	auipc	x16,0xdc0b	 x16=0x8dc0c9f4
       25265000	      2525	800019fc	41b6d093	srai	x1,x13,0x1b	 x13:0x800088de  x1=0xfffffff0
       25275000	      2526	80001a00	01339413	slli	x8,x7,0x13	  x7:0x00000fad  x8=0x7d680000
       25285000	      2527	80001a04	00611133	sll	x2,x2,x6	  x2:0xddbd08c4  x6:0x00000006  x2=0x6f423100
       25295000	      2528	80001a08	010df633	and	x12,x27,x16	 x27:0x80009fc4 x16:0x8dc0c9f4 x12=0x800089c4
       25305000	      2529	80001a0c	00f67f33	and	x30,x12,x15	 x12:0x800089c4 x15:0x00000000 x30=0x00000000
       25315000	      2530	80001a10	2e05c613	xori	x12,x11,736	 x11:0xffffffaf x12=0xfffffd4f
       25325000	      2531	80001a14	017f4c63	blt	x30,x23,80001a2c	 x30:0x00000000 x23:0xbf859f3d
       25335000	      2532	80001a18	01f14a63	blt	x2,x31,80001a2c	  x2:0x6f423100 x31:0xffffffc3
       25345000	      2533	80001a1c	00d1d0b3	srl	x1,x3,x13	  x3:0x00000576 x13:0x800088de  x1=0x00000000
       25355000	      2534	80001a20	000e5263	bge	x28,x0,80001a24	 x28:0x00000085  x0:0x00000000
       25365000	      2535	00000000	00000013	addi	x0,x0,0	  x0:0x00000000
       25375000	      2536	80001a20	00000013	addi	x0,x0,0	  x0:0x00000000
       25385000	      2537	80001a24	c6149cb7	lui	x25,0xc6149	 x25=0xc6149000
       25395000	      2538	80001a28	c24bc017	auipc	x0,0xc24bc	
       25405000	      2539	80001a2c	68054393	xori	x7,x10,1664	 x10:0x80009f34  x7=0x800099b4
       25415000	      2540	80001a30	b3428913	addi	x18,x5,-1228	  x5:0x00112179 x18=0x00111cad
       25425000	      2541	80001a34	04ba6863	bltu	x20,x11,80001a84	 x20:0x27f40000 x11:0xffffffaf
       25435000	      2542	00000000	00000013	addi	x0,x0,0	  x0:0x00000000
       25445000	      2543	80001a80	00000013	addi	x0,x0,0	  x0:0x00000000
       25455000	      2544	80001a84	41635d13	srai	x26,x6,0x16	  x6:0x00000006 x26=0x00000000
       25465000	      2545	80001a88	00c57333	and	x6,x10,x12	 x10:0x80009f34 x12:0xfffffd4f  x6=0x80009d04
       25475000	      2546	80001a8c	01fb4bb3	xor	x23,x22,x31	 x22:0x100013f8 x31:0xffffffc3 x23=0xefffec3b
       25485000	      2547	80001a90	ffcb8f97	auipc	x31,0xffcb8	 x31=0x7fcb9a8c
       25495000	      2548	80001a94	00ccabb3	slt	x23,x25,x12	 x25:0xc6149000 x12:0xfffffd4f x23=0x00000001
       25505000	      2549	80001a98	69fc1697	auipc	x13,0x69fc1	 x13=0xe9fc2a94
       25515000	      2550	80001a9c	00459013	slli	x0,x11,0x4	 x11:0xffffffaf
       25525000	      2551	80001aa0	124e0e13	addi	x28,x28,292	 x28:0x00000085 x28=0x000001a9
       25535000	      2552	80001aa4	013f8e63	beq	x31,x19,80001ac0	 x31:0x7fcb9a8c x19:0x0000005a
       25545000	      2553	80001aa8	41be0033	sub	x0,x28,x27	 x28:0x000001a9 x27:0x80009fc4
       25555000	      2554	80001aac	6d3e2493	slti	x9,x28,1747	 x28:0x000001a9  x9=0x00000001
       25565000	      2555	80001ab0	00a297b3	sll	x15,x5,x10	  x5:0x00112179 x10:0x80009f34 x15=0x17900000
       25575000	      2556	80001ab4	003a7933	and	x18,x20,x3	 x20:0x27f40000  x3:0x00000576 x18=0x00000000
       25585000	      2557	80001ab8	016a46b3	xor	x13,x20,x22	 x20:0x27f40000 x22:0x100013f8 x13=0x37f413f8
       25595000	      2558	80001abc	018fe263	bltu	x31,x24,80001ac0	 x31:0x7fcb9a8c x24:0x00000001
       25605000	      2559	80001ac0	58ab0493	addi	x9,x22,1418	 x22:0x100013f8  x9=0x10001982
       25615000	      2560	80001ac4	00452103	lw	x2,4(x10)	 x10:0x80009f34  x2=0x80001b6c PA:0x80009f38
       25625000	      2561	80001ac8	83b84b13	xori	x22,x16,-1989	 x16:0x8dc0c9f4 x22=0x723f31cf
       25635000	      2562	80001acc	af3fb837	lui	x16,0xaf3fb	 x16=0xaf3fb000
       25645000	      2563	80001ad0	44257793	andi	x15,x10,1090	 x10:0x80009f34 x15=0x00000400
       25655000	      2564	80001ad4	01850513	addi	x10,x10,24	 x10:0x80009f34 x10=0x80009f4c
       25665000	      2565	80001ad8	e0b04f93	xori	x31,x0,-501	  x0:0x00000000 x31=0xfffffe0b
       25675000	      2566	80001adc	00110113	addi	x2,x2,1	  x2:0x80001b6c  x2=0x80001b6d
       25685000	      2567	80001ae0	00010167	jalr	x2,x2,0	  x2:0x80001b6d  x2=0x80001ae0
       25695000	      2568	00000000	00000013	addi	x0,x0,0	  x0:0x00000000
       25705000	      2569	80001b6c	00000013	addi	x0,x0,0	  x0:0x00000000
       25715000	      2570	80001b70	00007917	auipc	x18,0x7	 x18=0x80008b6c
       25725000	      2571	80001b74	a8c90913	addi	x18,x18,-1396	 x18:0x80008b6c x18=0x800085f8
       25735000	      2572	80001b78	00007997	auipc	x19,0x7	 x19=0x80008b74
       25745000	      2573	80001b7c	97598993	addi	x19,x19,-1675	 x19:0x80008b74 x19=0x800084e9
       25755000	      2574	80001b80	00098c03	lb	x24,0(x19)	 x19:0x800084e9 x24=0xfffffffa PA:0x800084e9
       25765000	      2575	80001b84	00007297	auipc	x5,0x7	  x5=0x80008b80
       25775000	      2576	80001b88	9fd28293	addi	x5,x5,-1539	  x5:0x80008b80  x5=0x8000857d
       25785000	      2577	80001b8c	0092d483	lhu	x9,9(x5)	  x5:0x8000857d  x9=0x000004dd PA:0x80008586
       25795000	      2578	80001b90	ff799b83	lh	x23,-9(x19)	 x19:0x800084e9 x23=0x00005394 PA:0x800084e0
       25805000	      2579	80001b94	ff994883	lbu	x17,-7(x18)	 x18:0x800085f8 x17=0x000000d4 PA:0x800085f1
       25815000	      2580	80001b98	ff72a783	lw	x15,-9(x5)	  x5:0x8000857d x15=0xce0906b4 PA:0x80008574
       25825000	      2581	80001b9c	ffa28083	lb	x1,-6(x5)	  x5:0x8000857d  x1=0xffffffce PA:0x80008577
       25835000	      2582	80001ba0	00929303	lh	x6,9(x5)	  x5:0x8000857d  x6=0x000004dd PA:0x80008586
       25845000	      2583	00000000	00000013	addi	x0,x0,0	  x0:0x00000000
       25855000	      2584	80001ba4	0069c403	lbu	x8,6(x19)	 x19:0x800084e9  x8=0x000000b5 PA:0x800084ef
       25865000	      2585	80001ba8	ffa91823	sh	x26,-16(x18)	 x18:0x800085f8 x26:0x00000000 PA:0x800085e8
       25875000	      2586	80001bac	01028723	sb	x16,14(x5)	  x5:0x8000857d x16:0xaf3fb000 PA:0x8000858b
       25885000	      2587	80001bb0	ffd98c83	lb	x25,-3(x19)	 x19:0x800084e9 x25=0x00000016 PA:0x800084e6
       25895000	      2588	80001bb4	ff298203	lb	x4,-14(x19)	 x19:0x800084e9  x4=0x0000002a PA:0x800084db
       25905000	      2589	80001bb8	00528183	lb	x3,5(x5)	  x5:0x8000857d  x3=0xffffffe0 PA:0x80008582
       25915000	      2590	80001bbc	00190803	lb	x16,1(x18)	 x18:0x800085f8 x16=0x0000004d PA:0x800085f9
       25925000	      2591	80001bc0	ff129783	lh	x15,-15(x5)	  x5:0x8000857d x15=0x00003bfb PA:0x8000856e
       25935000	      2592	80001bc4	ff428c03	lb	x24,-12(x5)	  x5:0x8000857d x24=0x0000005a PA:0x80008571
       25945000	      2593	80001bc8	fe498a23	sb	x4,-12(x19)	 x19:0x800084e9  x4:0x0000002a PA:0x800084dd
       25955000	      2594	80001bcc	00895f83	lhu	x31,8(x18)	 x18:0x800085f8 x31=0x0000568e PA:0x80008600
       25965000	      2595	80001bd0	00e2cc03	lbu	x24,14(x5)	  x5:0x8000857d x24=0x00000000 PA:0x8000858b
       25975000	      2596	80001bd4	00998823	sb	x9,16(x19)	 x19:0x800084e9  x9:0x000004dd PA:0x800084f9
       25985000	      2597	80001bd8	ff092f03	lw	x30,-16(x18)	 x18:0x800085f8 x30=0xb7b70000 PA:0x800085e8
       25995000	      2598	80001bdc	00007c17	auipc	x24,0x7	 x24=0x80008bd8
       26005000	      2599	80001be0	8e3c0c13	addi	x24,x24,-1821	 x24:0x80008bd8 x24=0x800084bb
       26015000	      2600	80001be4	005aab33	slt	x22,x21,x5	 x21:0x00000000  x5:0x8000857d x22=0x00000000
       26025000	      2601	80001be8	fb5c4b83	lbu	x23,-75(x24)	 x24:0x800084bb x23=0x0000003f PA:0x80008470
       26035000	      2602	80001bec	055c5983	lhu	x19,85(x24)	 x24:0x800084bb x19=0x000089ae PA:0x80008510
       26045000	      2603	80001bf0	fd7c14a3	sh	x23,-55(x24)	 x24:0x800084bb x23:0x0000003f PA:0x80008484
       26055000	      2604	80001bf4	00069093	slli	x1,x13,0x0	 x13:0x37f413f8  x1=0x37f413f8
       26065000	      2605	80001bf8	f0dc5483	lhu	x9,-243(x24)	 x24:0x800084bb  x9=0x0000e478 PA:0x800083c8
       26075000	      2606	80001bfc	f0ec0303	lb	x6,-242(x24)	 x24:0x800084bb  x6=0xffffffe4 PA:0x800083c9
       26085000	      2607	80001c00	06cc0723	sb	x12,110(x24)	 x24:0x800084bb x12:0xfffffd4f PA:0x80008529
       26095000	      2608	80001c04	f33c0a03	lb	x20,-205(x24)	 x24:0x800084bb x20=0x0000002a PA:0x800083ee
       26105000	      2609	80001c08	00ead213	srli	x4,x21,0xe	 x21:0x00000000  x4=0x00000000
       26115000	      2610	80001c0c	00b7a4b3	slt	x9,x15,x11	 x15:0x00003bfb x11:0xffffffaf  x9=0x00000000
       26125000	      2611	80001c10	00c20033	add	x0,x4,x12	  x4:0x00000000 x12:0xfffffd4f
       26135000	      2612	80001c14	fdcc0183	lb	x3,-36(x24)	 x24:0x800084bb  x3=0xffffffe7 PA:0x80008497
       26145000	      2613	80001c18	f4ac0b23	sb	x10,-170(x24)	 x24:0x800084bb x10:0x80009f4c PA:0x80008411
       26155000	      2614	80001c1c	01b73ab3	sltu	x21,x14,x27	 x14:0xbf85963d x27:0x80009fc4 x21=0x00000000
       26165000	      2615	80001c20	63ea8c97	auipc	x25,0x63ea8	 x25=0xe3ea9c1c
       26175000	      2616	80001c24	b0c0abb7	lui	x23,0xb0c0a	 x23=0xb0c0a000
       26185000	      2617	80001c28	f3cc0723	sb	x28,-210(x24)	 x24:0x800084bb x28:0x000001a9 PA:0x800083e9
       26195000	      2618	80001c2c	f4dc1303	lh	x6,-179(x24)	 x24:0x800084bb  x6=0xfffff693 PA:0x80008408
       26205000	      2619	80001c30	f7dc4183	lbu	x3,-131(x24)	 x24:0x800084bb  x3=0x0000009a PA:0x80008438
       26215000	      2620	80001c34	017acfb3	xor	x31,x21,x23	 x21:0x00000000 x23:0xb0c0a000 x31=0xb0c0a000
       26225000	      2621	80001c38	008c4283	lbu	x5,8(x24)	 x24:0x800084bb  x5=0x000000b3 PA:0x800084c3
       26235000	      2622	80001c3c	008aa833	slt	x16,x21,x8	 x21:0x00000000  x8:0x000000b5 x16=0x00000001
       26245000	      2623	80001c40	05ac4983	lbu	x19,90(x24)	 x24:0x800084bb x19=0x00000066 PA:0x80008515
       26255000	      2624	80001c44	00000013	addi	x0,x0,0	  x0:0x00000000
       26265000	      2625	80001c48	0ecc4103	lbu	x2,236(x24)	 x24:0x800084bb  x2=0x00000021 PA:0x800085a7
       26275000	      2626	80001c4c	4df42113	slti	x2,x8,1247	  x8:0x000000b5  x2=0x00000001
       26285000	      2627	80001c50	00a898b3	sll	x17,x17,x10	 x17:0x000000d4 x10:0x80009f4c x17=0x000d4000
       26295000	      2628	80001c54	f13c4883	lbu	x17,-237(x24)	 x24:0x800084bb x17=0x000000da PA:0x800083ce
       26305000	      2629	80001c58	00007117	auipc	x2,0x7	  x2=0x80008c54
       26315000	      2630	80001c5c	d7d10113	addi	x2,x2,-643	  x2:0x80008c54  x2=0x800089d1
       26325000	      2631	80001c60	f8b10423	sb	x11,-120(x2)	  x2:0x800089d1 x11:0xffffffaf PA:0x80008959
       26335000	      2632	80001c64	07a10da3	sb	x26,123(x2)	  x2:0x800089d1 x26:0x00000000 PA:0x80008a4c
       26345000	      2633	80001c68	0f910c03	lb	x24,249(x2)	  x2:0x800089d1 x24=0xffffff99 PA:0x80008aca
       26355000	      2634	80001c6c	08610ea3	sb	x6,157(x2)	  x2:0x800089d1  x6:0xfffff693 PA:0x80008a6e
       26365000	      2635	80001c70	01d15f83	lhu	x31,29(x2)	  x2:0x800089d1 x31=0x0000f4b6 PA:0x800089ee
       26375000	      2636	80001c74	f2810b23	sb	x8,-202(x2)	  x2:0x800089d1  x8:0x000000b5 PA:0x80008907
       26385000	      2637	80001c78	f3610a83	lb	x21,-202(x2)	  x2:0x800089d1 x21=0xffffffb5 PA:0x80008907
       26395000	      2638	80001c7c	fe814d03	lbu	x26,-24(x2)	  x2:0x800089d1 x26=0x00000053 PA:0x800089b9
       26405000	      2639	00000000	00000013	addi	x0,x0,0	  x0:0x00000000
       26415000	      2640	80001c80	09a125a3	sw	x26,139(x2)	  x2:0x800089d1 x26:0x00000053 PA:0x80008a5c
       26425000	      2641	80001c84	01fa1e13	slli	x28,x20,0x1f	 x20:0x0000002a x28=0x00000000
       26435000	      2642	80001c88	07e10423	sb	x30,104(x2)	  x2:0x800089d1 x30:0xb7b70000 PA:0x80008a39
       26445000	      2643	80001c8c	0d614003	lbu	x0,214(x2)	  x2:0x800089d1 PA:0x80008aa7
       26455000	      2644	80001c90	0a810083	lb	x1,168(x2)	  x2:0x800089d1  x1=0xffffffa2 PA:0x80008a79
       26465000	      2645	80001c94	c4cc7e13	andi	x28,x24,-948	 x24:0xffffff99 x28=0xfffffc08
       26475000	      2646	80001c98	0a810383	lb	x7,168(x2)	  x2:0x800089d1  x7=0xffffffa2 PA:0x80008a79
       26485000	      2647	80001c9c	0a111883	lh	x17,161(x2)	  x2:0x800089d1 x17=0xffffb4dd PA:0x80008a72
       26495000	      2648	80001ca0	fd312a03	lw	x20,-45(x2)	  x2:0x800089d1 x20=0xb2ded25a PA:0x800089a4
       26505000	      2649	80001ca4	f0b11003	lh	x0,-245(x2)	  x2:0x800089d1 PA:0x800088dc
       26515000	      2650	80001ca8	f3414783	lbu	x15,-204(x2)	  x2:0x800089d1 x15=0x00000087 PA:0x80008905
       26525000	      2651	80001cac	6e45f897	auipc	x17,0x6e45f	 x17=0xee460ca8
       26535000	      2652	80001cb0	00ed5893	srli	x17,x26,0xe	 x26:0x00000053 x17=0x00000000
       26545000	      2653	80001cb4	00000013	addi	x0,x0,0	  x0:0x00000000
       26555000	      2654	80001cb8	00000013	addi	x0,x0,0	  x0:0x00000000
       26565000	      2655	80001cbc	00cbdd13	srli	x26,x23,0xc	 x23:0xb0c0a000 x26=0x000b0c0a
       26575000	      2656	80001cc0	1e92ea13	ori	x20,x5,489	  x5:0x000000b3 x20=0x000001fb
       26585000	      2657	80001cc4	01f3e463	bltu	x7,x31,80001ccc	  x7:0xffffffa2 x31:0x0000f4b6
       26595000	      2658	80001cc8	04bdd863	bge	x27,x11,80001d18	 x27:0x80009fc4 x11:0xffffffaf
       26605000	      2659	80001ccc	41aa03b3	sub	x7,x20,x26	 x20:0x000001fb x26:0x000b0c0a  x7=0xfff4f5f1
       26615000	      2660	80001cd0	0029da63	bge	x19,x2,80001ce4	 x19:0x00000066  x2:0x800089d1
       26625000	      2661	00000000	00000013	addi	x0,x0,0	  x0:0x00000000
       26635000	      2662	80001ce0	00000013	addi	x0,x0,0	  x0:0x00000000
       26645000	      2663	80001ce4	8a102813	slti	x16,x0,-1887	  x0:0x00000000 x16=0x00000000
       26655000	      2664	80001ce8	02c3fa63	bgeu	x7,x12,80001d1c	  x7:0xfff4f5f1 x12:0xfffffd4f
       26665000	      2665	80001cec	4067d413	srai	x8,x15,0x6	 x15:0x00000087  x8=0x00000002
       26675000	      2666	80001cf0	e5e68593	addi	x11,x13,-418	 x13:0x37f413f8 x11=0x37f41256
       26685000	      2667	80001cf4	002fb333	sltu	x6,x31,x2	 x31:0x0000f4b6  x2:0x800089d1  x6=0x00000001
       26695000	      2668	80001cf8	4326a2b7	lui	x5,0x4326a	  x5=0x4326a000
       26705000	      2669	80001cfc	05760463	beq	x12,x23,80001d44	 x12:0xfffffd4f x23:0xb0c0a000
       26715000	      2670	80001d00	00956fb3	or	x31,x10,x9	 x10:0x80009f4c  x9:0x00000000 x31=0x80009f4c
       26725000	      2671	80001d04	01236bb3	or	x23,x6,x18	  x6:0x00000001 x18:0x800085f8 x23=0x800085f9
       26735000	      2672	80001d08	746f3193	sltiu	x3,x30,1862	 x30:0xb7b70000  x3=0x00000000
       26745000	      2673	80001d0c	00a25993	srli	x19,x4,0xa	  x4:0x00000000 x19=0x00000000
       26755000	      2674	80001d10	405958b3	sra	x17,x18,x5	 x18:0x800085f8  x5:0x4326a000 x17=0x800085f8
       26765000	      2675	80001d14	00378bb3	add	x23,x15,x3	 x15:0x00000087  x3:0x00000000 x23=0x00000087
       26775000	      2676	80001d18	01d96863	bltu	x18,x29,80001d28	 x18:0x800085f8 x29:0x0000005a
       26785000	      2677	80001d1c	00ec0133	add	x2,x24,x14	 x24:0xffffff99 x14:0xbf85963d  x2=0xbf8595d6
       26795000	      2678	80001d20	015d2d33	slt	x26,x26,x21	 x26:0x000b0c0a x21:0xffffffb5 x26=0x00000000
       26805000	      2679	80001d24	c82bcf37	lui	x30,0xc82bc	 x30=0xc82bc000
       26815000	      2680	80001d28	53242493	slti	x9,x8,1330	  x8:0x00000002  x9=0x00000001
       26825000	      2681	80001d2c	00000013	addi	x0,x0,0	  x0:0x00000000
       26835000	      2682	80001d30	05fc5863	bge	x24,x31,80001d80	 x24:0xffffff99 x31:0x80009f4c
       26845000	      2683	00000000	00000013	addi	x0,x0,0	  x0:0x00000000
       26855000	      2684	80001d7c	00000013	addi	x0,x0,0	  x0:0x00000000
       26865000	      2685	80001d80	002e2bb3	slt	x23,x28,x2	 x28:0xfffffc08  x2:0xbf8595d6 x23=0x00000000
       26875000	      2686	80001d84	001924b3	slt	x9,x18,x1	 x18:0x800085f8  x1:0xffffffa2  x9=0x00000001
       26885000	      2687	80001d88	40835413	srai	x8,x6,0x8	  x6:0x00000001  x8=0x00000000
       26895000	      2688	80001d8c	05086263	bltu	x16,x16,80001dd0	 x16:0x00000000 x16:0x00000000
       26905000	      2689	80001d90	00e05263	bge	x0,x14,80001d94	  x0:0x00000000 x14:0xbf85963d
       26915000	      2690	00000000	00000013	addi	x0,x0,0	  x0:0x00000000
       26925000	      2691	80001d90	00000013	addi	x0,x0,0	  x0:0x00000000
       26935000	      2692	80001d94	403784b3	sub	x9,x15,x3	 x15:0x00000087  x3:0x00000000  x9=0x00000087
       26945000	      2693	80001d98	01d2a0b3	slt	x1,x5,x29	  x5:0x4326a000 x29:0x0000005a  x1=0x00000000
       26955000	      2694	80001d9c	00f91e93	slli	x29,x18,0xf	 x18:0x800085f8 x29=0x42fc0000
       26965000	      2695	80001da0	39d18f13	addi	x30,x3,925	  x3:0x00000000 x30=0x0000039d
       26975000	      2696	80001da4	01909eb3	sll	x29,x1,x25	  x1:0x00000000 x25:0xe3ea9c1c x29=0x00000000
       26985000	      2697	80001da8	02881a63	bne	x16,x8,80001ddc	 x16:0x00000000  x8:0x00000000
       26995000	      2698	80001dac	01041fb3	sll	x31,x8,x16	  x8:0x00000000 x16:0x00000000 x31=0x00000000
       27005000	      2699	80001db0	00322e33	slt	x28,x4,x3	  x4:0x00000000  x3:0x00000000 x28=0x00000000
       27015000	      2700	80001db4	00a75893	srli	x17,x14,0xa	 x14:0xbf85963d x17=0x002fe165
       27025000	      2701	80001db8	01ab1bb3	sll	x23,x22,x26	 x22:0x00000000 x26:0x00000000 x23=0x00000000
       27035000	      2702	80001dbc	00ba1a13	slli	x20,x20,0xb	 x20:0x000001fb x20=0x000fd800
       27045000	      2703	80001dc0	41920f33	sub	x30,x4,x25	  x4:0x00000000 x25:0xe3ea9c1c x30=0x1c1563e4
       27055000	      2704	80001dc4	04929263	bne	x5,x9,80001e08	  x5:0x4326a000  x9:0x00000087
       27065000	      2705	00000000	00000013	addi	x0,x0,0	  x0:0x00000000
       27075000	      2706	80001e04	00000013	addi	x0,x0,0	  x0:0x00000000
       27085000	      2707	80001e08	0413c663	blt	x7,x1,80001e54	  x7:0xfff4f5f1  x1:0x00000000
       27095000	      2708	00000000	00000013	addi	x0,x0,0	  x0:0x00000000
       27105000	      2709	80001e50	00000013	addi	x0,x0,0	  x0:0x00000000
       27115000	      2710	80001e54	e0d22337	lui	x6,0xe0d22	  x6=0xe0d22000
       27125000	      2711	80001e58	0391c863	blt	x3,x25,80001e88	  x3:0x00000000 x25:0xe3ea9c1c
       27135000	      2712	80001e5c	c2a6ce13	xori	x28,x13,-982	 x13:0x37f413f8 x28=0xc80befd2
       27145000	      2713	80001e60	00000013	addi	x0,x0,0	  x0:0x00000000
       27155000	      2714	80001e64	00455463	bge	x10,x4,80001e6c	 x10:0x80009f4c  x4:0x00000000
       27165000	      2715	80001e68	01e5fab3	and	x21,x11,x30	 x11:0x37f41256 x30:0x1c1563e4 x21=0x14140244
       27175000	      2716	80001e6c	01d5e633	or	x12,x11,x29	 x11:0x37f41256 x29:0x00000000 x12=0x37f41256
       27185000	      2717	80001e70	0038e863	bltu	x17,x3,80001e80	 x17:0x002fe165  x3:0x00000000
       27195000	      2718	80001e74	01141233	sll	x4,x8,x17	  x8:0x00000000 x17:0x002fe165  x4=0x00000000
       27205000	      2719	80001e78	003461b3	or	x3,x8,x3	  x8:0x00000000  x3:0x00000000  x3=0x00000000
       27215000	      2720	80001e7c	00c87663	bgeu	x16,x12,80001e88	 x16:0x00000000 x12:0x37f41256
       27225000	      2721	80001e80	3bae6e13	ori	x28,x28,954	 x28:0xc80befd2 x28=0xc80beffa
       27235000	      2722	80001e84	01401263	bne	x0,x20,80001e88	  x0:0x00000000 x20:0x000fd800
       27245000	      2723	00000000	00000013	addi	x0,x0,0	  x0:0x00000000
       27255000	      2724	80001e84	00000013	addi	x0,x0,0	  x0:0x00000000
       27265000	      2725	80001e88	00319d33	sll	x26,x3,x3	  x3:0x00000000  x3:0x00000000 x26=0x00000000
       27275000	      2726	80001e8c	00452103	lw	x2,4(x10)	 x10:0x80009f4c  x2=0x800011dc PA:0x80009f50
       27285000	      2727	80001e90	00eba7b3	slt	x15,x23,x14	 x23:0x00000000 x14:0xbf85963d x15=0x00000000
       27295000	      2728	80001e94	01862833	slt	x16,x12,x24	 x12:0x37f41256 x24:0xffffff99 x16=0x00000000
       27305000	      2729	80001e98	a5e60c93	addi	x25,x12,-1442	 x12:0x37f41256 x25=0x37f40cb4
       27315000	      2730	80001e9c	009d38b3	sltu	x17,x26,x9	 x26:0x00000000  x9:0x00000087 x17=0x00000001
       27325000	      2731	80001ea0	03850513	addi	x10,x10,56	 x10:0x80009f4c x10=0x80009f84
       27335000	      2732	80001ea4	007480b3	add	x1,x9,x7	  x9:0x00000087  x7:0xfff4f5f1  x1=0xfff4f678
       27345000	      2733	80001ea8	00010893	addi	x17,x2,0	  x2:0x800011dc x17=0x800011dc
       27355000	      2734	80001eac	000888e7	jalr	x17,x17,0	 x17:0x800011dc x17=0x80001eac
       27365000	      2735	00000000	00000013	addi	x0,x0,0	  x0:0x00000000
       27375000	      2736	800011dc	00000013	addi	x0,x0,0	  x0:0x00000000
       27385000	      2737	800011e0	01b09e13	slli	x28,x1,0x1b	  x1:0xfff4f678 x28=0xc0000000
       27395000	      2738	800011e4	0112c2b3	xor	x5,x5,x17	  x5:0x4326a000 x17:0x80001eac  x5=0xc326beac
       27405000	      2739	800011e8	40de5b13	srai	x22,x28,0xd	 x28:0xc0000000 x22=0xfffe0000
       27415000	      2740	800011ec	04a95663	bge	x18,x10,80001238	 x18:0x800085f8 x10:0x80009f84
       27425000	      2741	800011f0	01cd4233	xor	x4,x26,x28	 x26:0x00000000 x28:0xc0000000  x4=0xc0000000
       27435000	      2742	800011f4	5ee5b8b7	lui	x17,0x5ee5b	 x17=0x5ee5b000
       27445000	      2743	800011f8	00dba7b3	slt	x15,x23,x13	 x23:0x00000000 x13:0x37f413f8 x15=0x00000001
       27455000	      2744	800011fc	c7e375b7	lui	x11,0xc7e37	 x11=0xc7e37000
       27465000	      2745	80001200	01d84833	xor	x16,x16,x29	 x16:0x00000000 x29:0x00000000 x16=0x00000000
       27475000	      2746	80001204	0cdafb37	lui	x22,0xcdaf	 x22=0x0cdaf000
       27485000	      2747	80001208	00000013	addi	x0,x0,0	  x0:0x00000000
       27495000	      2748	8000120c	878fb217	auipc	x4,0x878fb	  x4=0x078fc208
       27505000	      2749	80001210	00b396b3	sll	x13,x7,x11	  x7:0xfff4f5f1 x11:0xc7e37000 x13=0xfff4f5f1
       27515000	      2750	80001214	2a562bb7	lui	x23,0x2a562	 x23=0x2a562000
       27525000	      2751	80001218	0105f1b3	and	x3,x11,x16	 x11:0xc7e37000 x16:0x00000000  x3=0x00000000
       27535000	      2752	8000121c	01652fb3	slt	x31,x10,x22	 x10:0x80009f84 x22:0x0cdaf000 x31=0x00000001
       27545000	      2753	80001220	40dad133	sra	x2,x21,x13	 x21:0x14140244 x13:0xfff4f5f1  x2=0x00000a0a
       27555000	      2754	80001224	0170dc63	bge	x1,x23,8000123c	  x1:0xfff4f678 x23:0x2a562000
       27565000	      2755	80001228	00630f33	add	x30,x6,x6	  x6:0xe0d22000  x6:0xe0d22000 x30=0xc1a44000
       27575000	      2756	8000122c	00e1af33	slt	x30,x3,x14	  x3:0x00000000 x14:0xbf85963d x30=0x00000000
       27585000	      2757	80001230	01fbdc93	srli	x25,x23,0x1f	 x23:0x2a562000 x25=0x00000000
       27595000	      2758	80001234	016f5e93	srli	x29,x30,0x16	 x30:0x00000000 x29=0x00000000
       27605000	      2759	80001238	057e8263	beq	x29,x23,8000127c	 x29:0x00000000 x23:0x2a562000
       27615000	      2760	8000123c	03ef6663	bltu	x30,x30,80001268	 x30:0x00000000 x30:0x00000000
       27625000	      2761	80001240	b0c04693	xori	x13,x0,-1268	  x0:0x00000000 x13=0xfffffb0c
       27635000	      2762	80001244	494a14b7	lui	x9,0x494a1	  x9=0x494a1000
       27645000	      2763	80001248	017f8663	beq	x31,x23,80001254	 x31:0x00000001 x23:0x2a562000
       27655000	      2764	8000124c	01cbeb33	or	x22,x23,x28	 x23:0x2a562000 x28:0xc0000000 x22=0xea562000
       27665000	      2765	80001250	40abd5b3	sra	x11,x23,x10	 x23:0x2a562000 x10:0x80009f84 x11=0x02a56200
       27675000	      2766	80001254	05298863	beq	x19,x18,800012a4	 x19:0x00000000 x18:0x800085f8
       27685000	      2767	80001258	00479133	sll	x2,x15,x4	 x15:0x00000001  x4:0x078fc208  x2=0x00000100
       27695000	      2768	8000125c	e5d40293	addi	x5,x8,-419	  x8:0x00000000  x5=0xfffffe5d
       27705000	      2769	80001260	0092ab33	slt	x22,x5,x9	  x5:0xfffffe5d  x9:0x494a1000 x22=0x00000001
       27715000	      2770	80001264	0002a933	slt	x18,x5,x0	  x5:0xfffffe5d  x0:0x00000000 x18=0x00000001
       27725000	      2771	80001268	a3643d17	auipc	x26,0xa3643	 x26=0x23644264
       27735000	      2772	8000126c	0084eb33	or	x22,x9,x8	  x9:0x494a1000  x8:0x00000000 x22=0x494a1000
       27745000	      2773	80001270	051d5063	bge	x26,x17,800012b0	 x26:0x23644264 x17:0x5ee5b000
       27755000	      2774	80001274	00c0b2b3	sltu	x5,x1,x12	  x1:0xfff4f678 x12:0x37f41256  x5=0x00000000
       27765000	      2775	80001278	01bfb433	sltu	x8,x31,x27	 x31:0x00000001 x27:0x80009fc4  x8=0x00000001
       27775000	      2776	8000127c	c3154b93	xori	x23,x10,-975	 x10:0x80009f84 x23=0x7fff63b5
       27785000	      2777	80001280	4c662213	slti	x4,x12,1222	 x12:0x37f41256  x4=0x00000000
       27795000	      2778	80001284	01264f33	xor	x30,x12,x18	 x12:0x37f41256 x18:0x00000001 x30=0x37f41257
       27805000	      2779	80001288	00e7de63	bge	x15,x14,800012a4	 x15:0x00000001 x14:0xbf85963d
       27815000	      2780	00000000	00000013	addi	x0,x0,0	  x0:0x00000000
       27825000	      2781	800012a0	00000013	addi	x0,x0,0	  x0:0x00000000
       27835000	      2782	800012a4	00d39b33	sll	x22,x7,x13	  x7:0xfff4f5f1 x13:0xfffffb0c x22=0x4f5f1000
       27845000	      2783	800012a8	05106663	bltu	x0,x17,800012f4	  x0:0x00000000 x17:0x5ee5b000
       27855000	      2784	00000000	00000013	addi	x0,x0,0	  x0:0x00000000
       27865000	      2785	800012f0	00000013	addi	x0,x0,0	  x0:0x00000000
       27875000	      2786	800012f4	005edb13	srli	x22,x29,0x5	 x29:0x00000000 x22=0x00000000
       27885000	      2787	800012f8	402a8c33	sub	x24,x21,x2	 x21:0x14140244  x2:0x00000100 x24=0x14140144
       27895000	      2788	800012fc	00000013	addi	x0,x0,0	  x0:0x00000000
       27905000	      2789	80001300	01541463	bne	x8,x21,80001308	  x8:0x00000001 x21:0x14140244
       27915000	      2790	00000000	00000013	addi	x0,x0,0	  x0:0x00000000
       27925000	      2791	80001304	00000013	addi	x0,x0,0	  x0:0x00000000
       27935000	      2792	80001308	0178b9b3	sltu	x19,x17,x23	 x17:0x5ee5b000 x23:0x7fff63b5 x19=0x00000001
       27945000	      2793	8000130c	017fd863	bge	x31,x23,8000131c	 x31:0x00000001 x23:0x7fff63b5
       27955000	      2794	80001310	00004e33	xor	x28,x0,x0	  x0:0x00000000  x0:0x00000000 x28=0x00000000
       27965000	      2795	80001314	015b67b3	or	x15,x22,x21	 x22:0x00000000 x21:0x14140244 x15=0x14140244
       27975000	      2796	80001318	015b15b3	sll	x11,x22,x21	 x22:0x00000000 x21:0x14140244 x11=0x00000000
       27985000	      2797	8000131c	00cf2e33	slt	x28,x30,x12	 x30:0x37f41257 x12:0x37f41256 x28=0x00000000
       27995000	      2798	80001320	01769233	sll	x4,x13,x23	 x13:0xfffffb0c x23:0x7fff63b5  x4=0x61800000
       28005000	      2799	80001324	00000013	addi	x0,x0,0	  x0:0x00000000
       28015000	      2800	80001328	1886af13	slti	x30,x13,392	 x13:0xfffffb0c x30=0x00000001
       28025000	      2801	8000132c	000a1663	bne	x20,x0,80001338	 x20:0x000fd800  x0:0x00000000
       28035000	      2802	00000000	00000013	addi	x0,x0,0	  x0:0x00000000
       28045000	      2803	80001334	00000013	addi	x0,x0,0	  x0:0x00000000
       28055000	      2804	80001338	036ee063	bltu	x29,x22,80001358	 x29:0x00000000 x22:0x00000000
       28065000	      2805	8000133c	00937263	bgeu	x6,x9,80001340	  x6:0xe0d22000  x9:0x494a1000
       28075000	      2806	00000000	00000013	addi	x0,x0,0	  x0:0x00000000
       28085000	      2807	8000133c	00000013	addi	x0,x0,0	  x0:0x00000000
       28095000	      2808	80001340	95c4d297	auipc	x5,0x95c4d	  x5=0x15c4e33c
       28105000	      2809	80001344	00000013	addi	x0,x0,0	  x0:0x00000000
       28115000	      2810	80001348	9706ff13	andi	x30,x13,-1680	 x13:0xfffffb0c x30=0xfffff900
       28125000	      2811	8000134c	018e3c33	sltu	x24,x28,x24	 x28:0x00000000 x24:0x14140144 x24=0x00000001
       28135000	      2812	80001350	0138ff33	and	x30,x17,x19	 x17:0x5ee5b000 x19:0x00000001 x30=0x00000000
       28145000	      2813	80001354	01ed4633	xor	x12,x26,x30	 x26:0x23644264 x30:0x00000000 x12=0x23644264
       28155000	      2814	80001358	38937013	andi	x0,x6,905	  x6:0xe0d22000
       28165000	      2815	8000135c	414c5013	srai	x0,x24,0x14	 x24:0x00000001
       28175000	      2816	80001360	00cd2eb3	slt	x29,x26,x12	 x26:0x23644264 x12:0x23644264 x29=0x00000000
       28185000	      2817	80001364	0178a233	slt	x4,x17,x23	 x17:0x5ee5b000 x23:0x7fff63b5  x4=0x00000001
       28195000	      2818	80001368	00000013	addi	x0,x0,0	  x0:0x00000000
       28205000	      2819	8000136c	00000013	addi	x0,x0,0	  x0:0x00000000
       28215000	      2820	80001370	0108f663	bgeu	x17,x16,8000137c	 x17:0x5ee5b000 x16:0x00000000
       28225000	      2821	00000000	00000013	addi	x0,x0,0	  x0:0x00000000
       28235000	      2822	80001378	00000013	addi	x0,x0,0	  x0:0x00000000
       28245000	      2823	8000137c	419b8933	sub	x18,x23,x25	 x23:0x7fff63b5 x25:0x00000000 x18=0x7fff63b5
       28255000	      2824	80001380	05f85263	bge	x16,x31,800013c4	 x16:0x00000000 x31:0x00000001
       28265000	      2825	80001384	816acf13	xori	x30,x21,-2026	 x21:0x14140244 x30=0xebebfa52
       28275000	      2826	80001388	00000013	addi	x0,x0,0	  x0:0x00000000
       28285000	      2827	8000138c	00d3e233	or	x4,x7,x13	  x7:0xfff4f5f1 x13:0xfffffb0c  x4=0xfffffffd
       28295000	      2828	80001390	62778a93	addi	x21,x15,1575	 x15:0x14140244 x21=0x1414086b
       28305000	      2829	80001394	00eef433	and	x8,x29,x14	 x29:0x00000000 x14:0xbf85963d  x8=0x00000000
       28315000	      2830	80001398	00ac0463	beq	x24,x10,800013a0	 x24:0x00000001 x10:0x80009f84
       28325000	      2831	8000139c	c2657c17	auipc	x24,0xc2657	 x24=0x42658398
       28335000	      2832	800013a0	05ef2693	slti	x13,x30,94	 x30:0xebebfa52 x13=0x00000001
       28345000	      2833	800013a4	0debb213	sltiu	x4,x23,222	 x23:0x7fff63b5  x4=0x00000000
       28355000	      2834	800013a8	0106d7b3	srl	x15,x13,x16	 x13:0x00000001 x16:0x00000000 x15=0x00000001
       28365000	      2835	800013ac	004fd033	srl	x0,x31,x4	 x31:0x00000001  x4:0x00000000
       28375000	      2836	800013b0	409a5933	sra	x18,x20,x9	 x20:0x000fd800  x9:0x494a1000 x18=0x000fd800
       28385000	      2837	800013b4	b669f413	andi	x8,x19,-1178	 x19:0x00000001  x8=0x00000000
       28395000	      2838	800013b8	01fc1093	slli	x1,x24,0x1f	 x24:0x42658398  x1=0x00000000
       28405000	      2839	800013bc	80b64213	xori	x4,x12,-2037	 x12:0x23644264  x4=0xdc9bba6f
       28415000	      2840	800013c0	0179e7b3	or	x15,x19,x23	 x19:0x00000001 x23:0x7fff63b5 x15=0x7fff63b5
       28425000	      2841	800013c4	b6897093	andi	x1,x18,-1176	 x18:0x000fd800  x1=0x000fd800
       28435000	      2842	800013c8	0008b133	sltu	x2,x17,x0	 x17:0x5ee5b000  x0:0x00000000  x2=0x00000000
       28445000	      2843	800013cc	6d39fe93	andi	x29,x19,1747	 x19:0x00000001 x29=0x00000001
       28455000	      2844	800013d0	418c0bb3	sub	x23,x24,x24	 x24:0x42658398 x24:0x42658398 x23=0x00000000
       28465000	      2845	800013d4	01beec63	bltu	x29,x27,800013ec	 x29:0x00000001 x27:0x80009fc4
       28475000	      2846	00000000	00000013	addi	x0,x0,0	  x0:0x00000000
       28485000	      2847	800013e8	00000013	addi	x0,x0,0	  x0:0x00000000
       28495000	      2848	800013ec	41688c33	sub	x24,x17,x22	 x17:0x5ee5b000 x22:0x00000000 x24=0x5ee5b000
       28505000	      2849	800013f0	00000717	auipc	x14,0x0	 x14=0x800013ec
       28515000	      2850	800013f4	00c70713	addi	x14,x14,12	 x14:0x800013ec x14=0x800013f8
       28525000	      2851	800013f8	00070067	jalr	x0,x14,0	 x14:0x800013f8
       28535000	      2852	00000000	00000013	addi	x0,x0,0	  x0:0x00000000
       28545000	      2853	800013f8	00000013	addi	x0,x0,0	  x0:0x00000000
       28555000	      2854	800013fc	00100193	addi	x3,x0,1	  x0:0x00000000  x3=0x00000001
       28565000	      2855	80001400	00000073	ecall	
       28575000	      2856	80001404	4b156293	ori	x5,x10,1201	 x10:0x80009f84  x5=0x80009fb5
