		Time			Cycle	PC		Insn	Decoded instruction	Register and memory contents
          65000	         5	80000004	00000293	addi	x5,x0,0	  x0:0x00000000  x5=0x00000000
          75000	         6	80000008	00000313	addi	x6,x0,0	  x0:0x00000000  x6=0x00000000
          85000	         7	8000000c	00628263	beq	x5,x6,80000010	  x5:0x00000000  x6:0x00000000
          95000	         8	00000000	00000013	addi	x0,x0,0	  x0:0x00000000
         105000	         9	8000000c	00000013	addi	x0,x0,0	  x0:0x00000000
         115000	        10	80000010	00000297	auipc	x5,0x0	  x5=0x8000000c
         125000	        11	80000014	00c28293	addi	x5,x5,12	  x5:0x8000000c  x5=0x80000018
         135000	        12	80000018	00028067	jalr	x0,x5,0	  x5:0x80000018
         145000	        13	00000000	00000013	addi	x0,x0,0	  x0:0x00000000
         155000	        14	80000018	00000013	addi	x0,x0,0	  x0:0x00000000
         165000	        15	8000001c	40000f37	lui	x30,0x40000	 x30=0x40000000
         175000	        16	80000020	100f0f13	addi	x30,x30,256	 x30:0x40000000 x30=0x40000100
         185000	        17	80000024	00000013	addi	x0,x0,0	  x0:0x00000000
         195000	        18	80000028	0000a917	auipc	x18,0xa	 x18=0x8000a024
         205000	        19	8000002c	fa090913	addi	x18,x18,-96	 x18:0x8000a024 x18=0x80009fc4
         215000	        20	80000030	00003f17	auipc	x30,0x3	 x30=0x8000302c
         225000	        21	80000034	8d4f0f13	addi	x30,x30,-1836	 x30:0x8000302c x30=0x80002900
         235000	        22	80000038	001f6f13	ori	x30,x30,1	 x30:0x80002900 x30=0x80002901
         245000	        23	8000003c	00000013	addi	x0,x0,0	  x0:0x00000000
         255000	        24	80000040	00000f17	auipc	x30,0x0	 x30=0x8000003c
         265000	        25	80000044	020f0f13	addi	x30,x30,32	 x30:0x8000003c x30=0x8000005c
         275000	        26	80000048	00000013	addi	x0,x0,0	  x0:0x00000000
         285000	        27	8000004c	00000013	addi	x0,x0,0	  x0:0x00000000
         295000	        28	80000050	00002f37	lui	x30,0x2	 x30=0x00002000
         305000	        29	80000054	800f0f13	addi	x30,x30,-2048	 x30:0x00002000 x30=0x00001800
         315000	        30	80000058	00000013	addi	x0,x0,0	  x0:0x00000000
         325000	        31	8000005c	00000013	addi	x0,x0,0	  x0:0x00000000
         335000	        32	80000060	00800013	addi	x0,x0,8	  x0:0x00000000
         345000	        33	80000064	00000093	addi	x1,x0,0	  x0:0x00000000  x1=0x00000000
         355000	        34	80000068	00000113	addi	x2,x0,0	  x0:0x00000000  x2=0x00000000
         365000	        35	8000006c	f4f1d1b7	lui	x3,0xf4f1d	  x3=0xf4f1d000
         375000	        36	80000070	0c318193	addi	x3,x3,195	  x3:0xf4f1d000  x3=0xf4f1d0c3
         385000	        37	80000074	bb4d7237	lui	x4,0xbb4d7	  x4=0xbb4d7000
         395000	        38	80000078	cb020213	addi	x4,x4,-848	  x4:0xbb4d7000  x4=0xbb4d6cb0
         405000	        39	8000007c	f2a5f2b7	lui	x5,0xf2a5f	  x5=0xf2a5f000
         415000	        40	80000080	48828293	addi	x5,x5,1160	  x5:0xf2a5f000  x5=0xf2a5f488
         425000	        41	80000084	00000313	addi	x6,x0,0	  x0:0x00000000  x6=0x00000000
         435000	        42	80000088	f42e83b7	lui	x7,0xf42e8	  x7=0xf42e8000
         445000	        43	8000008c	70938393	addi	x7,x7,1801	  x7:0xf42e8000  x7=0xf42e8709
         455000	        44	80000090	f2d1a437	lui	x8,0xf2d1a	  x8=0xf2d1a000
         465000	        45	80000094	7a040413	addi	x8,x8,1952	  x8:0xf2d1a000  x8=0xf2d1a7a0
         475000	        46	80000098	f78854b7	lui	x9,0xf7885	  x9=0xf7885000
         485000	        47	8000009c	e9c48493	addi	x9,x9,-356	  x9:0xf7885000  x9=0xf7884e9c
         495000	        48	800000a0	80000537	lui	x10,0x80000	 x10=0x80000000
         505000	        49	800000a4	a88105b7	lui	x11,0xa8810	 x11=0xa8810000
         515000	        50	800000a8	10d58593	addi	x11,x11,269	 x11:0xa8810000 x11=0xa881010d
         525000	        51	800000ac	80000637	lui	x12,0x80000	 x12=0x80000000
         535000	        52	800000b0	5b2836b7	lui	x13,0x5b283	 x13=0x5b283000
         545000	        53	800000b4	a7c68693	addi	x13,x13,-1412	 x13:0x5b283000 x13=0x5b282a7c
         555000	        54	800000b8	00000713	addi	x14,x0,0	  x0:0x00000000 x14=0x00000000
         565000	        55	800000bc	800007b7	lui	x15,0x80000	 x15=0x80000000
         575000	        56	800000c0	38b92837	lui	x16,0x38b92	 x16=0x38b92000
         585000	        57	800000c4	7d680813	addi	x16,x16,2006	 x16:0x38b92000 x16=0x38b927d6
         595000	        58	800000c8	3680b8b7	lui	x17,0x3680b	 x17=0x3680b000
         605000	        59	800000cc	ed488893	addi	x17,x17,-300	 x17:0x3680b000 x17=0x3680aed4
         615000	        60	800000d0	800009b7	lui	x19,0x80000	 x19=0x80000000
         625000	        61	800000d4	00000a13	addi	x20,x0,0	  x0:0x00000000 x20=0x00000000
         635000	        62	800000d8	00000a93	addi	x21,x0,0	  x0:0x00000000 x21=0x00000000
         645000	        63	800000dc	00700b13	addi	x22,x0,7	  x0:0x00000000 x22=0x00000007
         655000	        64	800000e0	80000bb7	lui	x23,0x80000	 x23=0x80000000
         665000	        65	800000e4	00000c93	addi	x25,x0,0	  x0:0x00000000 x25=0x00000000
         675000	        66	800000e8	00400d13	addi	x26,x0,4	  x0:0x00000000 x26=0x00000004
         685000	        67	800000ec	00000d93	addi	x27,x0,0	  x0:0x00000000 x27=0x00000000
         695000	        68	800000f0	923b1e37	lui	x28,0x923b1	 x28=0x923b1000
         705000	        69	800000f4	b48e0e13	addi	x28,x28,-1208	 x28:0x923b1000 x28=0x923b0b48
         715000	        70	800000f8	00600e93	addi	x29,x0,6	  x0:0x00000000 x29=0x00000006
         725000	        71	800000fc	58286f37	lui	x30,0x58286	 x30=0x58286000
         735000	        72	80000100	fd2f0f13	addi	x30,x30,-46	 x30:0x58286000 x30=0x58285fd2
         745000	        73	80000104	c2c54fb7	lui	x31,0xc2c54	 x31=0xc2c54000
         755000	        74	80000108	c68f8f93	addi	x31,x31,-920	 x31:0xc2c54000 x31=0xc2c53c68
         765000	        75	8000010c	0000ac17	auipc	x24,0xa	 x24=0x8000a108
         775000	        76	80000110	e7cc0c13	addi	x24,x24,-388	 x24:0x8000a108 x24=0x80009f84
         785000	        77	80000114	f93bc193	xori	x3,x23,-109	 x23:0x80000000  x3=0x7fffff93
         795000	        78	80000118	00001697	auipc	x13,0x1	 x13=0x80001114
         805000	        79	8000011c	fb068693	addi	x13,x13,-80	 x13:0x80001114 x13=0x800010c4
         815000	        80	80000120	009e2f33	slt	x30,x28,x9	 x28:0x923b0b48  x9:0xf7884e9c x30=0x00000001
         825000	        81	80000124	00000013	addi	x0,x0,0	  x0:0x00000000
         835000	        82	80000128	dc268693	addi	x13,x13,-574	 x13:0x800010c4 x13=0x80000e86
         845000	        83	8000012c	00dd08b3	add	x17,x26,x13	 x26:0x00000004 x13:0x80000e86 x17=0x80000e8a
         855000	        84	80000130	01277463	bgeu	x14,x18,80000138	 x14:0x00000000 x18:0x80009fc4
         865000	        85	80000134	ed8c6013	ori	x0,x24,-296	 x24:0x80009f84
         875000	        86	80000138	23f683e7	jalr	x7,x13,575	 x13:0x80000e86  x7=0x80000138
         885000	        87	00000000	00000013	addi	x0,x0,0	  x0:0x00000000
         895000	        88	800010c4	00000013	addi	x0,x0,0	  x0:0x00000000
         905000	        89	800010c8	fd4c0c13	addi	x24,x24,-44	 x24:0x80009f84 x24=0x80009f58
         915000	        90	800010cc	415688b3	sub	x17,x13,x21	 x13:0x80000e86 x21:0x00000000 x17=0x80000e86
         925000	        91	800010d0	007c2223	sw	x7,4(x24)	 x24:0x80009f58  x7:0x80000138 PA:0x80009f5c
         935000	        92	800010d4	018ffa33	and	x20,x31,x24	 x31:0xc2c53c68 x24:0x80009f58 x20=0x80001c48
         945000	        93	800010d8	40fdd493	srai	x9,x27,0xf	 x27:0x00000000  x9=0x00000000
         955000	        94	800010dc	00a209b3	add	x19,x4,x10	  x4:0xbb4d6cb0 x10:0x80000000 x19=0x3b4d6cb0
         965000	        95	800010e0	403f5113	srai	x2,x30,0x3	 x30:0x00000001  x2=0x00000000
         975000	        96	800010e4	a7c518b7	lui	x17,0xa7c51	 x17=0xa7c51000
         985000	        97	800010e8	01d93237	lui	x4,0x1d93	  x4=0x01d93000
         995000	        98	800010ec	40f3d113	srai	x2,x7,0xf	  x7:0x80000138  x2=0xffff0000
        1005000	        99	800010f0	00ec21b3	slt	x3,x24,x14	 x24:0x80009f58 x14:0x00000000  x3=0x00000001
        1015000	       100	800010f4	00008117	auipc	x2,0x8	  x2=0x800090f0
        1025000	       101	800010f8	8df10113	addi	x2,x2,-1825	  x2:0x800090f0  x2=0x800089cf
        1035000	       102	800010fc	f1f10023	sb	x31,-256(x2)	  x2:0x800089cf x31:0xc2c53c68 PA:0x800088cf
        1045000	       103	80001100	03211ba3	sh	x18,55(x2)	  x2:0x800089cf x18:0x80009fc4 PA:0x80008a06
        1055000	       104	80001104	02311ba3	sh	x3,55(x2)	  x2:0x800089cf  x3:0x00000001 PA:0x80008a06
        1065000	       105	80001108	03715703	lhu	x14,55(x2)	  x2:0x800089cf x14=0x00000001 PA:0x80008a06
        1075000	       106	8000110c	03010ba3	sb	x16,55(x2)	  x2:0x800089cf x16:0x38b927d6 PA:0x80008a06
        1085000	       107	80001110	fd315b83	lhu	x23,-45(x2)	  x2:0x800089cf x23=0x00004515 PA:0x800089a2
        1095000	       108	80001114	01b81513	slli	x10,x16,0x1b	 x16:0x38b927d6 x10=0xb0000000
        1105000	       109	80001118	00b7ff33	and	x30,x15,x11	 x15:0x80000000 x11:0xa881010d x30=0x80000000
        1115000	       110	8000111c	00310423	sb	x3,8(x2)	  x2:0x800089cf  x3:0x00000001 PA:0x800089d7
        1125000	       111	80001120	0bd11c83	lh	x25,189(x2)	  x2:0x800089cf x25=0x00002450 PA:0x80008a8c
        1135000	       112	80001124	0a012ea3	sw	x0,189(x2)	  x2:0x800089cf  x0:0x00000000 PA:0x80008a8c
        1145000	       113	80001128	07710aa3	sb	x23,117(x2)	  x2:0x800089cf x23:0x00004515 PA:0x80008a44
        1155000	       114	8000112c	0ae94d13	xori	x26,x18,174	 x18:0x80009fc4 x26=0x80009f6a
        1165000	       115	80001130	fbc14603	lbu	x12,-68(x2)	  x2:0x800089cf x12=0x000000c0 PA:0x8000898b
        1175000	       116	80001134	fbc14303	lbu	x6,-68(x2)	  x2:0x800089cf  x6=0x000000c0 PA:0x8000898b
        1185000	       117	80001138	fab10e23	sb	x11,-68(x2)	  x2:0x800089cf x11:0xa881010d PA:0x8000898b
        1195000	       118	8000113c	fac10e23	sb	x12,-68(x2)	  x2:0x800089cf x12:0x000000c0 PA:0x8000898b
        1205000	       119	80001140	f7a14183	lbu	x3,-134(x2)	  x2:0x800089cf  x3=0x0000007c PA:0x80008949
        1215000	       120	80001144	013b10b3	sll	x1,x22,x19	 x22:0x00000007 x19:0x3b4d6cb0  x1=0x00070000
        1225000	       121	80001148	f7910d23	sb	x25,-134(x2)	  x2:0x800089cf x25:0x00002450 PA:0x80008949
        1235000	       122	8000114c	f7a10183	lb	x3,-134(x2)	  x2:0x800089cf  x3=0x00000050 PA:0x80008949
        1245000	       123	80001150	f6510d23	sb	x5,-134(x2)	  x2:0x800089cf  x5:0xf2a5f488 PA:0x80008949
        1255000	       124	80001154	0ca10003	lb	x0,202(x2)	  x2:0x800089cf PA:0x80008a99
        1265000	       125	80001158	00008117	auipc	x2,0x8	  x2=0x80009154
        1275000	       126	8000115c	ca410113	addi	x2,x2,-860	  x2:0x80009154  x2=0x80008df8
        1285000	       127	80001160	01c11023	sh	x28,0(x2)	  x2:0x80008df8 x28:0x923b0b48 PA:0x80008df8
        1295000	       128	80001164	4116d313	srai	x6,x13,0x11	 x13:0x80000e86  x6=0xffffc000
        1305000	       129	80001168	fc211f03	lh	x30,-62(x2)	  x2:0x80008df8 x30=0x00002ea5 PA:0x80008dba
        1315000	       130	8000116c	ff012d83	lw	x27,-16(x2)	  x2:0x80008df8 x27=0x4cbc747d PA:0x80008de8
        1325000	       131	80001170	01aff4b3	and	x9,x31,x26	 x31:0xc2c53c68 x26:0x80009f6a  x9=0x80001c68
        1335000	       132	80001174	fdf14783	lbu	x15,-33(x2)	  x2:0x80008df8 x15=0x0000001e PA:0x80008dd7
        1345000	       133	80001178	ff510883	lb	x17,-11(x2)	  x2:0x80008df8 x17=0x00000035 PA:0x80008ded
        1355000	       134	00000000	00000013	addi	x0,x0,0	  x0:0x00000000
        1365000	       135	8000117c	4138db93	srai	x23,x17,0x13	 x17:0x00000035 x23=0x00000000
        1375000	       136	80001180	fc310703	lb	x14,-61(x2)	  x2:0x80008df8 x14=0x0000002e PA:0x80008dbb
        1385000	       137	80001184	004c1633	sll	x12,x24,x4	 x24:0x80009f58  x4:0x01d93000 x12=0x80009f58
        1395000	       138	80001188	4060d833	sra	x16,x1,x6	  x1:0x00070000  x6:0xffffc000 x16=0x00070000
        1405000	       139	8000118c	01814d03	lbu	x26,24(x2)	  x2:0x80008df8 x26=0x00000080 PA:0x80008e10
        1415000	       140	80001190	fde14c83	lbu	x25,-34(x2)	  x2:0x80008df8 x25=0x00000033 PA:0x80008dd6
        1425000	       141	80001194	fcd10923	sb	x13,-46(x2)	  x2:0x80008df8 x13:0x80000e86 PA:0x80008dca
        1435000	       142	80001198	10da6f93	ori	x31,x20,269	 x20:0x80001c48 x31=0x80001d4d
        1445000	       143	8000119c	ff514483	lbu	x9,-11(x2)	  x2:0x80008df8  x9=0x00000035 PA:0x80008ded
        1455000	       144	800011a0	dc7be397	auipc	x7,0xdc7be	  x7=0x5c7bf19c
        1465000	       145	800011a4	40685713	srai	x14,x16,0x6	 x16:0x00070000 x14=0x00001c00
        1475000	       146	800011a8	9427b597	auipc	x11,0x9427b	 x11=0x1427c1a4
        1485000	       147	800011ac	02311023	sh	x3,32(x2)	  x2:0x80008df8  x3:0x00000050 PA:0x80008e18
        1495000	       148	800011b0	77a58413	addi	x8,x11,1914	 x11:0x1427c1a4  x8=0x1427c91e
        1505000	       149	800011b4	fc114503	lbu	x10,-63(x2)	  x2:0x80008df8 x10=0x000000c4 PA:0x80008db9
        1515000	       150	800011b8	ff214403	lbu	x8,-14(x2)	  x2:0x80008df8  x8=0x000000bc PA:0x80008dea
        1525000	       151	00000000	00000013	addi	x0,x0,0	  x0:0x00000000
        1535000	       152	800011bc	02814b83	lbu	x23,40(x2)	  x2:0x80008df8 x23=0x000000dc PA:0x80008e20
        1545000	       153	800011c0	fe814983	lbu	x19,-24(x2)	  x2:0x80008df8 x19=0x0000005a PA:0x80008de0
        1555000	       154	00000000	00000013	addi	x0,x0,0	  x0:0x00000000
        1565000	       155	800011c4	01318db3	add	x27,x3,x19	  x3:0x00000050 x19:0x0000005a x27=0x000000aa
        1575000	       156	800011c8	03610fa3	sb	x22,63(x2)	  x2:0x80008df8 x22:0x00000007 PA:0x80008e37
        1585000	       157	800011cc	401ddcb3	sra	x25,x27,x1	 x27:0x000000aa  x1:0x00070000 x25=0x000000aa
        1595000	       158	800011d0	0065e7b3	or	x15,x11,x6	 x11:0x1427c1a4  x6:0xffffc000 x15=0xffffc1a4
        1605000	       159	800011d4	e478a593	slti	x11,x17,-441	 x17:0x00000035 x11=0x00000000
        1615000	       160	800011d8	00000013	addi	x0,x0,0	  x0:0x00000000
        1625000	       161	800011dc	beafab93	slti	x23,x31,-1046	 x31:0x80001d4d x23=0x00000001
        1635000	       162	800011e0	01510a03	lb	x20,21(x2)	  x2:0x80008df8 x20=0x00000065 PA:0x80008e0d
        1645000	       163	800011e4	fdf10b03	lb	x22,-33(x2)	  x2:0x80008df8 x22=0x0000001e PA:0x80008dd7
        1655000	       164	800011e8	03510503	lb	x10,53(x2)	  x2:0x80008df8 x10=0x0000000f PA:0x80008e2d
        1665000	       165	800011ec	fdc10f83	lb	x31,-36(x2)	  x2:0x80008df8 x31=0xffffff97 PA:0x80008dd4
        1675000	       166	800011f0	04f10023	sb	x15,64(x2)	  x2:0x80008df8 x15:0xffffc1a4 PA:0x80008e38
        1685000	       167	800011f4	00190f33	add	x30,x18,x1	 x18:0x80009fc4  x1:0x00070000 x30=0x80079fc4
        1695000	       168	800011f8	272b6593	ori	x11,x22,626	 x22:0x0000001e x11=0x0000027e
        1705000	       169	800011fc	fff11923	sh	x31,-14(x2)	  x2:0x80008df8 x31:0xffffff97 PA:0x80008dea
        1715000	       170	80001200	fdd10403	lb	x8,-35(x2)	  x2:0x80008df8  x8=0xffffffeb PA:0x80008dd5
        1725000	       171	80001204	4024da13	srai	x20,x9,0x2	  x9:0x00000035 x20=0x0000000d
        1735000	       172	80001208	fd210823	sb	x18,-48(x2)	  x2:0x80008df8 x18:0x80009fc4 PA:0x80008dc8
        1745000	       173	8000120c	007a9733	sll	x14,x21,x7	 x21:0x00000000  x7:0x5c7bf19c x14=0x00000000
        1755000	       174	80001210	009d2733	slt	x14,x26,x9	 x26:0x00000080  x9:0x00000035 x14=0x00000000
        1765000	       175	80001214	182a0413	addi	x8,x20,386	 x20:0x0000000d  x8=0x0000018f
        1775000	       176	80001218	01211723	sh	x18,14(x2)	  x2:0x80008df8 x18:0x80009fc4 PA:0x80008e06
        1785000	       177	8000121c	00007817	auipc	x16,0x7	 x16=0x80008218
        1795000	       178	80001220	65d80813	addi	x16,x16,1629	 x16:0x80008218 x16=0x80008875
        1805000	       179	80001224	00007a97	auipc	x21,0x7	 x21=0x80008220
        1815000	       180	80001228	6faa8a93	addi	x21,x21,1786	 x21:0x80008220 x21=0x8000891a
        1825000	       181	8000122c	00008717	auipc	x14,0x8	 x14=0x80009228
        1835000	       182	80001230	d4270713	addi	x14,x14,-702	 x14:0x80009228 x14=0x80008f6a
        1845000	       183	80001234	fe684083	lbu	x1,-26(x16)	 x16:0x80008875  x1=0x00000027 PA:0x8000885b
        1855000	       184	80001238	fd5a8783	lb	x15,-43(x21)	 x21:0x8000891a x15=0xffffff84 PA:0x800088ef
        1865000	       185	8000123c	ffb70203	lb	x4,-5(x14)	 x14:0x80008f6a  x4=0x0000006d PA:0x80008f65
        1875000	       186	80001240	0ea84503	lbu	x10,234(x16)	 x16:0x80008875 x10=0x00000091 PA:0x8000895f
        1885000	       187	80001244	003a80a3	sb	x3,1(x21)	 x21:0x8000891a  x3:0x00000050 PA:0x8000891b
        1895000	       188	80001248	fc6ad403	lhu	x8,-58(x21)	 x21:0x8000891a  x8=0x0000db26 PA:0x800088e0
        1905000	       189	8000124c	feead603	lhu	x12,-18(x21)	 x21:0x8000891a x12=0x00007e4b PA:0x80008908
        1915000	       190	80001250	001709a3	sb	x1,19(x14)	 x14:0x80008f6a  x1:0x00000027 PA:0x80008f7d
        1925000	       191	80001254	fe9ac583	lbu	x11,-23(x21)	 x21:0x8000891a x11=0x0000009d PA:0x80008903
        1935000	       192	80001258	ffa80223	sb	x26,-28(x16)	 x16:0x80008875 x26:0x00000080 PA:0x80008859
        1945000	       193	8000125c	fdc70e03	lb	x28,-36(x14)	 x14:0x80008f6a x28=0x00000040 PA:0x80008f46
        1955000	       194	80001260	02fac103	lbu	x2,47(x21)	 x21:0x8000891a  x2=0x00000088 PA:0x80008949
        1965000	       195	80001264	0a6825a3	sw	x6,171(x16)	 x16:0x80008875  x6:0xffffc000 PA:0x80008920
        1975000	       196	80001268	09e84083	lbu	x1,158(x16)	 x16:0x80008875  x1=0x000000c2 PA:0x80008913
        1985000	       197	8000126c	fc874503	lbu	x10,-56(x14)	 x14:0x80008f6a x10=0x0000006b PA:0x80008f32
        1995000	       198	80001270	03aaa483	lw	x9,58(x21)	 x21:0x8000891a  x9=0x593127ce PA:0x80008954
        2005000	       199	80001274	02ba8683	lb	x13,43(x21)	 x21:0x8000891a x13=0xffffffe9 PA:0x80008945
        2015000	       200	80001278	fd581c83	lh	x25,-43(x16)	 x16:0x80008875 x25=0xffffe018 PA:0x8000884a
        2025000	       201	8000127c	fc5ac103	lbu	x2,-59(x21)	 x21:0x8000891a  x2=0x0000004b PA:0x800088df
        2035000	       202	80001280	02f74f83	lbu	x31,47(x14)	 x14:0x80008f6a x31=0x00000038 PA:0x80008f99
        2045000	       203	80001284	01d85a03	lhu	x20,29(x16)	 x16:0x80008875 x20=0x00009503 PA:0x80008892
        2055000	       204	80001288	ff0a9183	lh	x3,-16(x21)	 x21:0x8000891a  x3=0x000070a2 PA:0x8000890a
        2065000	       205	8000128c	02f70b83	lb	x23,47(x14)	 x14:0x80008f6a x23=0x00000038 PA:0x80008f99
        2075000	       206	80001290	02280b03	lb	x22,34(x16)	 x16:0x80008875 x22=0x00000034 PA:0x80008897
        2085000	       207	80001294	feb74583	lbu	x11,-21(x14)	 x14:0x80008f6a x11=0x0000007b PA:0x80008f55
        2095000	       208	80001298	00007697	auipc	x13,0x7	 x13=0x80008294
        2105000	       209	8000129c	7d768693	addi	x13,x13,2007	 x13:0x80008294 x13=0x80008a6b
        2115000	       210	800012a0	304690a3	sh	x4,769(x13)	 x13:0x80008a6b  x4:0x0000006d PA:0x80008d6c
        2125000	       211	800012a4	29010d13	addi	x26,x2,656	  x2:0x0000004b x26=0x000002db
        2135000	       212	800012a8	3016c603	lbu	x12,769(x13)	 x13:0x80008a6b x12=0x0000006d PA:0x80008d6c
        2145000	       213	800012ac	3016ce03	lbu	x28,769(x13)	 x13:0x80008a6b x28=0x0000006d PA:0x80008d6c
        2155000	       214	800012b0	0132d333	srl	x6,x5,x19	  x5:0xf2a5f488 x19:0x0000005a  x6=0x0000003c
        2165000	       215	800012b4	315690a3	sh	x21,769(x13)	 x13:0x80008a6b x21:0x8000891a PA:0x80008d6c
        2175000	       216	800012b8	1af68e03	lb	x28,431(x13)	 x13:0x80008a6b x28=0xffffffc7 PA:0x80008c1a
        2185000	       217	800012bc	1b8697a3	sh	x24,431(x13)	 x13:0x80008a6b x24:0x80009f58 PA:0x80008c1a
        2195000	       218	800012c0	06468323	sb	x4,102(x13)	 x13:0x80008a6b  x4:0x0000006d PA:0x80008ad1
        2205000	       219	800012c4	06668503	lb	x10,102(x13)	 x13:0x80008a6b x10=0x0000006d PA:0x80008ad1
        2215000	       220	800012c8	07468323	sb	x20,102(x13)	 x13:0x80008a6b x20:0x00009503 PA:0x80008ad1
        2225000	       221	800012cc	0129fe33	and	x28,x19,x18	 x19:0x0000005a x18:0x80009fc4 x28=0x00000040
        2235000	       222	800012d0	07b68323	sb	x27,102(x13)	 x13:0x80008a6b x27:0x000000aa PA:0x80008ad1
        2245000	       223	800012d4	06468323	sb	x4,102(x13)	 x13:0x80008a6b  x4:0x0000006d PA:0x80008ad1
        2255000	       224	800012d8	06068323	sb	x0,102(x13)	 x13:0x80008a6b  x0:0x00000000 PA:0x80008ad1
        2265000	       225	800012dc	01a75513	srli	x10,x14,0x1a	 x14:0x80008f6a x10=0x00000020
        2275000	       226	800012e0	06468323	sb	x4,102(x13)	 x13:0x80008a6b  x4:0x0000006d PA:0x80008ad1
        2285000	       227	800012e4	f7a6c883	lbu	x17,-134(x13)	 x13:0x80008a6b x17=0x00000021 PA:0x800089e5
        2295000	       228	800012e8	00007417	auipc	x8,0x7	  x8=0x800082e4
        2305000	       229	800012ec	0d440413	addi	x8,x8,212	  x8:0x800082e4  x8=0x800083b8
        2315000	       230	800012f0	ff140da3	sb	x17,-5(x8)	  x8:0x800083b8 x17:0x00000021 PA:0x800083b3
        2325000	       231	800012f4	fec42a03	lw	x20,-20(x8)	  x8:0x800083b8 x20=0x478cef0a PA:0x800083a4
        2335000	       232	800012f8	011fc0b3	xor	x1,x31,x17	 x31:0x00000038 x17:0x00000021  x1=0x00000019
        2345000	       233	800012fc	00279593	slli	x11,x15,0x2	 x15:0xffffff84 x11=0xfffffe10
        2355000	       234	80001300	04044d03	lbu	x26,64(x8)	  x8:0x800083b8 x26=0x0000001f PA:0x800083f8
        2365000	       235	00000000	00000013	addi	x0,x0,0	  x0:0x00000000
        2375000	       236	80001304	ffa40a83	lb	x21,-6(x8)	  x8:0x800083b8 x21=0xffffff82 PA:0x800083b2
        2385000	       237	80001308	00461233	sll	x4,x12,x4	 x12:0x0000006d  x4:0x0000006d  x4=0x000da000
        2395000	       238	8000130c	fe544f03	lbu	x30,-27(x8)	  x8:0x800083b8 x30=0x000000f4 PA:0x8000839d
        2405000	       239	80001310	02640f23	sb	x6,62(x8)	  x8:0x800083b8  x6:0x0000003c PA:0x800083f6
        2415000	       240	80001314	af41fe13	andi	x28,x3,-1292	  x3:0x000070a2 x28=0x000070a0
        2425000	       241	80001318	00755733	srl	x14,x10,x7	 x10:0x00000020  x7:0x5c7bf19c x14=0x00000000
        2435000	       242	8000131c	a40f2113	slti	x2,x30,-1472	 x30:0x000000f4  x2=0x00000000
        2445000	       243	80001320	0163c8b3	xor	x17,x7,x22	  x7:0x5c7bf19c x22:0x00000034 x17=0x5c7bf1a8
        2455000	       244	80001324	fe542823	sw	x5,-16(x8)	  x8:0x800083b8  x5:0xf2a5f488 PA:0x800083a8
        2465000	       245	80001328	01844103	lbu	x2,24(x8)	  x8:0x800083b8  x2=0x00000075 PA:0x800083d0
        2475000	       246	8000132c	00aa3233	sltu	x4,x20,x10	 x20:0x478cef0a x10:0x00000020  x4=0x00000000
        2485000	       247	80001330	8b3feb97	auipc	x23,0x8b3fe	 x23=0x0b3ff32c
        2495000	       248	80001334	fe340c83	lb	x25,-29(x8)	  x8:0x800083b8 x25=0xffffffa8 PA:0x8000839b
        2505000	       249	80001338	00000013	addi	x0,x0,0	  x0:0x00000000
        2515000	       250	8000133c	00307133	and	x2,x0,x3	  x0:0x00000000  x3:0x000070a2  x2=0x00000000
        2525000	       251	80001340	fb6af893	andi	x17,x21,-74	 x21:0xffffff82 x17=0xffffff82
        2535000	       252	80001344	03244883	lbu	x17,50(x8)	  x8:0x800083b8 x17=0x00000073 PA:0x800083ea
        2545000	       253	80001348	43c68613	addi	x12,x13,1084	 x13:0x80008a6b x12=0x80008ea7
        2555000	       254	8000134c	01d44003	lbu	x0,29(x8)	  x8:0x800083b8 PA:0x800083d5
        2565000	       255	80001350	02841083	lh	x1,40(x8)	  x8:0x800083b8  x1=0x000071d6 PA:0x800083e0
        2575000	       256	80001354	fcd44483	lbu	x9,-51(x8)	  x8:0x800083b8  x9=0x00000048 PA:0x80008385
        2585000	       257	80001358	e12e8893	addi	x17,x29,-494	 x29:0x00000006 x17=0xfffffe18
        2595000	       258	8000135c	fdf40aa3	sb	x31,-43(x8)	  x8:0x800083b8 x31:0x00000038 PA:0x8000838d
        2605000	       259	80001360	01f44c83	lbu	x25,31(x8)	  x8:0x800083b8 x25=0x0000003a PA:0x800083d7
        2615000	       260	00000000	00000013	addi	x0,x0,0	  x0:0x00000000
        2625000	       261	80001364	fd940f23	sb	x25,-34(x8)	  x8:0x800083b8 x25:0x0000003a PA:0x80008396
        2635000	       262	80001368	ffe41303	lh	x6,-2(x8)	  x8:0x800083b8  x6=0xffffd766 PA:0x800083b6
        2645000	       263	8000136c	ffd44483	lbu	x9,-3(x8)	  x8:0x800083b8  x9=0x00000067 PA:0x800083b5
        2655000	       264	80001370	ac0d8f97	auipc	x31,0xac0d8	 x31=0x2c0d936c
        2665000	       265	80001374	bf52cb93	xori	x23,x5,-1035	  x5:0xf2a5f488 x23=0x0d5a0f7d
        2675000	       266	80001378	00640583	lb	x11,6(x8)	  x8:0x800083b8 x11=0xffffffdb PA:0x800083be
        2685000	       267	8000137c	02245b03	lhu	x22,34(x8)	  x8:0x800083b8 x22=0x0000d26f PA:0x800083da
        2695000	       268	80001380	002730b3	sltu	x1,x14,x2	 x14:0x00000000  x2:0x00000000  x1=0x00000000
        2705000	       269	80001384	fd645f83	lhu	x31,-42(x8)	  x8:0x800083b8 x31=0x0000b14c PA:0x8000838e
        2715000	       270	80001388	40dc0333	sub	x6,x24,x13	 x24:0x80009f58 x13:0x80008a6b  x6=0x000014ed
        2725000	       271	8000138c	19224113	xori	x2,x4,402	  x4:0x00000000  x2=0x00000192
        2735000	       272	80001390	01e45d03	lhu	x26,30(x8)	  x8:0x800083b8 x26=0x00003a3e PA:0x800083d6
        2745000	       273	00000000	00000013	addi	x0,x0,0	  x0:0x00000000
        2755000	       274	80001394	012d5113	srli	x2,x26,0x12	 x26:0x00003a3e  x2=0x00000000
        2765000	       275	80001398	9a5ac813	xori	x16,x21,-1627	 x21:0xffffff82 x16=0x00000627
        2775000	       276	8000139c	01641b23	sh	x22,22(x8)	  x8:0x800083b8 x22:0x0000d26f PA:0x800083ce
        2785000	       277	800013a0	019b5a33	srl	x20,x22,x25	 x22:0x0000d26f x25:0x0000003a x20=0x00000000
        2795000	       278	800013a4	40d25f13	srai	x30,x4,0xd	  x4:0x00000000 x30=0x00000000
        2805000	       279	800013a8	e2502813	slti	x16,x0,-475	  x0:0x00000000 x16=0x00000000
        2815000	       280	800013ac	fe444d83	lbu	x27,-28(x8)	  x8:0x800083b8 x27=0x0000002d PA:0x8000839c
        2825000	       281	800013b0	00642823	sw	x6,16(x8)	  x8:0x800083b8  x6:0x000014ed PA:0x800083c8
        2835000	       282	800013b4	05842023	sw	x24,64(x8)	  x8:0x800083b8 x24:0x80009f58 PA:0x800083f8
        2845000	       283	800013b8	0171d3b3	srl	x7,x3,x23	  x3:0x000070a2 x23:0x0d5a0f7d  x7=0x00000000
        2855000	       284	800013bc	00640083	lb	x1,6(x8)	  x8:0x800083b8  x1=0xffffffdb PA:0x800083be
        2865000	       285	800013c0	00b40623	sb	x11,12(x8)	  x8:0x800083b8 x11:0xffffffdb PA:0x800083c4
        2875000	       286	800013c4	01f44a03	lbu	x20,31(x8)	  x8:0x800083b8 x20=0x0000003a PA:0x800083d7
        2885000	       287	800013c8	00007d97	auipc	x27,0x7	 x27=0x800083c4
        2895000	       288	800013cc	160d8d93	addi	x27,x27,352	 x27:0x800083c4 x27=0x80008524
        2905000	       289	800013d0	00007397	auipc	x7,0x7	  x7=0x800083cc
        2915000	       290	800013d4	e7938393	addi	x7,x7,-391	  x7:0x800083cc  x7=0x80008245
        2925000	       291	800013d8	56a38e23	sb	x10,1404(x7)	  x7:0x80008245 x10:0x00000020 PA:0x800087c1
        2935000	       292	800013dc	f00d8203	lb	x4,-256(x27)	 x27:0x80008524  x4=0xffffffb0 PA:0x80008424
        2945000	       293	800013e0	01dd8403	lb	x8,29(x27)	 x27:0x80008524  x8=0x0000004c PA:0x80008541
        2955000	       294	800013e4	f96d8983	lb	x19,-106(x27)	 x27:0x80008524 x19=0x00000034 PA:0x800084ba
        2965000	       295	800013e8	ff0dc983	lbu	x19,-16(x27)	 x27:0x80008524 x19=0x000000d0 PA:0x80008514
        2975000	       296	800013ec	01739183	lh	x3,23(x7)	  x7:0x80008245  x3=0xffffbffd PA:0x8000825c
        2985000	       297	800013f0	f58d9b23	sh	x24,-170(x27)	 x27:0x80008524 x24:0x80009f58 PA:0x8000847a
        2995000	       298	800013f4	056d8ba3	sb	x22,87(x27)	 x27:0x80008524 x22:0x0000d26f PA:0x8000857b
        3005000	       299	800013f8	56338f83	lb	x31,1379(x7)	  x7:0x80008245 x31=0xffffff85 PA:0x800087a8
        3015000	       300	800013fc	f60d9783	lh	x15,-160(x27)	 x27:0x80008524 x15=0xffffd948 PA:0x80008484
        3025000	       301	80001400	054d9f23	sh	x20,94(x27)	 x27:0x80008524 x20:0x0000003a PA:0x80008582
        3035000	       302	80001404	03d38403	lb	x8,61(x7)	  x7:0x80008245  x8=0xffffffdf PA:0x80008282
        3045000	       303	80001408	031dc483	lbu	x9,49(x27)	 x27:0x80008524  x9=0x00000090 PA:0x80008555
        3055000	       304	8000140c	4703ce83	lbu	x29,1136(x7)	  x7:0x80008245 x29=0x0000009c PA:0x800086b5
        3065000	       305	80001410	02ad84a3	sb	x10,41(x27)	 x27:0x80008524 x10:0x00000020 PA:0x8000854d
        3075000	       306	80001414	14f3d583	lhu	x11,335(x7)	  x7:0x80008245 x11=0x00005f34 PA:0x80008394
        3085000	       307	80001418	00007b17	auipc	x22,0x7	 x22=0x80008414
        3095000	       308	8000141c	4c6b0b13	addi	x22,x22,1222	 x22:0x80008414 x22=0x800088da
        3105000	       309	80001420	3e1b4483	lbu	x9,993(x22)	 x22:0x800088da  x9=0x000000bb PA:0x80008cbb
        3115000	       310	80001424	0069d793	srli	x15,x19,0x6	 x19:0x000000d0 x15=0x00000003
        3125000	       311	80001428	4b0b4c93	xori	x25,x22,1200	 x22:0x800088da x25=0x80008c6a
        3135000	       312	8000142c	49eb00a3	sb	x30,1153(x22)	 x22:0x800088da x30:0x00000000 PA:0x80008d5b
        3145000	       313	80001430	40ac8633	sub	x12,x25,x10	 x25:0x80008c6a x10:0x00000020 x12=0x80008c4a
        3155000	       314	80001434	bd22f513	andi	x10,x5,-1070	  x5:0xf2a5f488 x10=0xf2a5f080
        3165000	       315	80001438	1ac8f493	andi	x9,x17,428	 x17:0xfffffe18  x9=0x00000008
        3175000	       316	8000143c	187b4d03	lbu	x26,391(x22)	 x22:0x800088da x26=0x000000fe PA:0x80008a61
        3185000	       317	80001440	403b0003	lb	x0,1027(x22)	 x22:0x800088da PA:0x80008cdd
        3195000	       318	80001444	73b12f13	slti	x30,x2,1851	  x2:0x00000000 x30=0x00000001
        3205000	       319	80001448	2ccb1303	lh	x6,716(x22)	 x22:0x800088da  x6=0xffffba5a PA:0x80008ba6
        3215000	       320	8000144c	0135c833	xor	x16,x11,x19	 x11:0x00005f34 x19:0x000000d0 x16=0x00005fe4
        3225000	       321	80001450	02fb4483	lbu	x9,47(x22)	 x22:0x800088da  x9=0x0000007e PA:0x80008909
        3235000	       322	80001454	086b2083	lw	x1,134(x22)	 x22:0x800088da  x1=0x635d62f8 PA:0x80008960
        3245000	       323	80001458	018985b3	add	x11,x19,x24	 x19:0x000000d0 x24:0x80009f58 x11=0x8000a028
        3255000	       324	8000145c	00275693	srli	x13,x14,0x2	 x14:0x00000000 x13=0x00000000
        3265000	       325	80001460	01192633	slt	x12,x18,x17	 x18:0x80009fc4 x17:0xfffffe18 x12=0x00000001
        3275000	       326	80001464	01ea1eb3	sll	x29,x20,x30	 x20:0x0000003a x30:0x00000001 x29=0x00000074
        3285000	       327	80001468	d205a813	slti	x16,x11,-736	 x11:0x8000a028 x16=0x00000001
        3295000	       328	8000146c	fb9b4583	lbu	x11,-71(x22)	 x22:0x800088da x11=0x00000095 PA:0x80008893
        3305000	       329	80001470	3d10ae37	lui	x28,0x3d10a	 x28=0x3d10a000
        3315000	       330	80001474	244b1183	lh	x3,580(x22)	 x22:0x800088da  x3=0x00006f1e PA:0x80008b1e
        3325000	       331	80001478	567b2523	sw	x7,1386(x22)	 x22:0x800088da  x7:0x80008245 PA:0x80008e44
        3335000	       332	8000147c	c93f9897	auipc	x17,0xc93f9	 x17=0x493fa478
        3345000	       333	80001480	675b4183	lbu	x3,1653(x22)	 x22:0x800088da  x3=0x0000005f PA:0x80008f4f
        3355000	       334	80001484	66d16a13	ori	x20,x2,1645	  x2:0x00000000 x20=0x0000066d
        3365000	       335	80001488	71330093	addi	x1,x6,1811	  x6:0xffffba5a  x1=0xffffc16d
        3375000	       336	8000148c	017b4083	lbu	x1,23(x22)	 x22:0x800088da  x1=0x00000080 PA:0x800088f1
        3385000	       337	00000000	00000013	addi	x0,x0,0	  x0:0x00000000
        3395000	       338	80001490	00135613	srli	x12,x6,0x1	  x6:0xffffba5a x12=0x7fffdd2d
        3405000	       339	80001494	21cb0c83	lb	x25,540(x22)	 x22:0x800088da x25=0x00000010 PA:0x80008af6
        3415000	       340	80001498	52bb0a83	lb	x21,1323(x22)	 x22:0x800088da x21=0xffffffc7 PA:0x80008e05
        3425000	       341	8000149c	702b00a3	sb	x2,1793(x22)	 x22:0x800088da  x2:0x00000000 PA:0x80008fdb
        3435000	       342	800014a0	01fb4f83	lbu	x31,31(x22)	 x22:0x800088da x31=0x0000001e PA:0x800088f9
        3445000	       343	800014a4	4efb0983	lb	x19,1263(x22)	 x22:0x800088da x19=0xffffff90 PA:0x80008dc9
        3455000	       344	800014a8	33db0e03	lb	x28,829(x22)	 x22:0x800088da x28=0x00000020 PA:0x80008c17
        3465000	       345	800014ac	066b4a83	lbu	x21,102(x22)	 x22:0x800088da x21=0x00000067 PA:0x80008940
        3475000	       346	800014b0	30db0fa3	sb	x13,799(x22)	 x22:0x800088da x13:0x00000000 PA:0x80008bf9
        3485000	       347	800014b4	4c8b0aa3	sb	x8,1237(x22)	 x22:0x800088da  x8:0xffffffdf PA:0x80008daf
        3495000	       348	800014b8	603b4783	lbu	x15,1539(x22)	 x22:0x800088da x15=0x00000079 PA:0x80008edd
        3505000	       349	800014bc	00985233	srl	x4,x16,x9	 x16:0x00000001  x9:0x0000007e  x4=0x00000000
        3515000	       350	800014c0	1ddb0e23	sb	x29,476(x22)	 x22:0x800088da x29:0x00000074 PA:0x80008ab6
        3525000	       351	800014c4	551b4503	lbu	x10,1361(x22)	 x22:0x800088da x10=0x000000b3 PA:0x80008e2b
        3535000	       352	800014c8	249b4503	lbu	x10,585(x22)	 x22:0x800088da x10=0x0000004c PA:0x80008b23
        3545000	       353	800014cc	016caf33	slt	x30,x25,x22	 x25:0x00000010 x22:0x800088da x30=0x00000000
        3555000	       354	800014d0	2adb4f03	lbu	x30,685(x22)	 x22:0x800088da x30=0x00000037 PA:0x80008b87
        3565000	       355	800014d4	418adfb3	sra	x31,x21,x24	 x21:0x00000067 x24:0x80009f58 x31=0x00000000
        3575000	       356	800014d8	00545533	srl	x10,x8,x5	  x8:0xffffffdf  x5:0xf2a5f488 x10=0x00ffffff
        3585000	       357	800014dc	18fb4403	lbu	x8,399(x22)	 x22:0x800088da  x8=0x000000e4 PA:0x80008a69
        3595000	       358	800014e0	3d7b0203	lb	x4,983(x22)	 x22:0x800088da  x4=0xfffffff3 PA:0x80008cb1
        3605000	       359	800014e4	41e80333	sub	x6,x16,x30	 x16:0x00000001 x30:0x00000037  x6=0xffffffca
        3615000	       360	800014e8	157b08a3	sb	x23,337(x22)	 x22:0x800088da x23:0x0d5a0f7d PA:0x80008a2b
        3625000	       361	800014ec	00007317	auipc	x6,0x7	  x6=0x800084e8
        3635000	       362	800014f0	39130313	addi	x6,x6,913	  x6:0x800084e8  x6=0x80008879
        3645000	       363	800014f4	02e34583	lbu	x11,46(x6)	  x6:0x80008879 x11=0x00000080 PA:0x800088a7
        3655000	       364	800014f8	00007f97	auipc	x31,0x7	 x31=0x800084f4
        3665000	       365	800014fc	6fff8f93	addi	x31,x31,1791	 x31:0x800084f4 x31=0x80008bf3
        3675000	       366	80001500	00007197	auipc	x3,0x7	  x3=0x800084fc
        3685000	       367	80001504	6d318193	addi	x3,x3,1747	  x3:0x800084fc  x3=0x80008bcf
        3695000	       368	80001508	07634e83	lbu	x29,118(x6)	  x6:0x80008879 x29=0x00000084 PA:0x800088ef
        3705000	       369	8000150c	fc6fca83	lbu	x21,-58(x31)	 x31:0x80008bf3 x21=0x000000fb PA:0x80008bb9
        3715000	       370	80001510	0d9311a3	sh	x25,195(x6)	  x6:0x80008879 x25:0x00000010 PA:0x8000893c
        3725000	       371	80001514	06bf8c83	lb	x25,107(x31)	 x31:0x80008bf3 x25=0xffffffe0 PA:0x80008c5e
        3735000	       372	80001518	0c434003	lbu	x0,196(x6)	  x6:0x80008879 PA:0x8000893d
        3745000	       373	8000151c	06df8b23	sb	x13,118(x31)	 x31:0x80008bf3 x13:0x00000000 PA:0x80008c69
        3755000	       374	80001520	0451c783	lbu	x15,69(x3)	  x3:0x80008bcf x15=0x0000005d PA:0x80008c14
        3765000	       375	80001524	090f8c83	lb	x25,144(x31)	 x31:0x80008bf3 x25=0xffffff9c PA:0x80008c83
        3775000	       376	80001528	09834e03	lbu	x28,152(x6)	  x6:0x80008879 x28=0x0000005e PA:0x80008911
        3785000	       377	8000152c	0c61ca83	lbu	x21,198(x3)	  x3:0x80008bcf x21=0x0000006d PA:0x80008c95
        3795000	       378	80001530	f081ca03	lbu	x20,-248(x3)	  x3:0x80008bcf x20=0x000000bc PA:0x80008ad7
        3805000	       379	80001534	05b30c23	sb	x27,88(x6)	  x6:0x80008879 x27:0x80008524 PA:0x800088d1
        3815000	       380	80001538	f4af8c83	lb	x25,-182(x31)	 x31:0x80008bf3 x25=0xfffffffe PA:0x80008b3d
        3825000	       381	8000153c	fc1fd583	lhu	x11,-63(x31)	 x31:0x80008bf3 x11=0x0000b276 PA:0x80008bb4
        3835000	       382	80001540	07618b03	lb	x22,118(x3)	  x3:0x80008bcf x22=0x00000057 PA:0x80008c45
        3845000	       383	80001544	fa6fce83	lbu	x29,-90(x31)	 x31:0x80008bf3 x29=0x0000000d PA:0x80008b99
        3855000	       384	80001548	ff630123	sb	x22,-30(x6)	  x6:0x80008879 x22:0x00000057 PA:0x8000885b
        3865000	       385	8000154c	f54f8583	lb	x11,-172(x31)	 x31:0x80008bf3 x11=0xffffffb5 PA:0x80008b47
        3875000	       386	80001550	fd6fc603	lbu	x12,-42(x31)	 x31:0x80008bf3 x12=0x0000002e PA:0x80008bc9
        3885000	       387	80001554	0a634c83	lbu	x25,166(x6)	  x6:0x80008879 x25=0x00000018 PA:0x8000891f
        3895000	       388	80001558	0df18f23	sb	x31,222(x3)	  x3:0x80008bcf x31:0x80008bf3 PA:0x80008cad
        3905000	       389	8000155c	f9d19a83	lh	x21,-99(x3)	  x3:0x80008bcf x21=0xffffde7e PA:0x80008b6c
        3915000	       390	80001560	00007097	auipc	x1,0x7	  x1=0x8000855c
        3925000	       391	80001564	0be08093	addi	x1,x1,190	  x1:0x8000855c  x1=0x8000861a
        3935000	       392	80001568	007083a3	sb	x7,7(x1)	  x1:0x8000861a  x7:0x80008245 PA:0x80008621
        3945000	       393	8000156c	0093ebb3	or	x23,x7,x9	  x7:0x80008245  x9:0x0000007e x23=0x8000827f
        3955000	       394	80001570	0070ce03	lbu	x28,7(x1)	  x1:0x8000861a x28=0x00000045 PA:0x80008621
        3965000	       395	80001574	00000013	addi	x0,x0,0	  x0:0x00000000
        3975000	       396	80001578	fe809823	sh	x8,-16(x1)	  x1:0x8000861a  x8:0x000000e4 PA:0x8000860a
        3985000	       397	8000157c	005cc5b3	xor	x11,x25,x5	 x25:0x00000018  x5:0xf2a5f488 x11=0xf2a5f490
        3995000	       398	80001580	0071b3b3	sltu	x7,x3,x7	  x3:0x80008bcf  x7:0x80008245  x7=0x00000000
        4005000	       399	80001584	000085a3	sb	x0,11(x1)	  x1:0x8000861a  x0:0x00000000 PA:0x80008625
        4015000	       400	80001588	0050cd83	lbu	x27,5(x1)	  x1:0x8000861a x27=0x00000024 PA:0x8000861f
        4025000	       401	8000158c	01440233	add	x4,x8,x20	  x8:0x000000e4 x20:0x000000bc  x4=0x000001a0
        4035000	       402	80001590	fff08ba3	sb	x31,-9(x1)	  x1:0x8000861a x31:0x80008bf3 PA:0x80008611
        4045000	       403	80001594	0040ce03	lbu	x28,4(x1)	  x1:0x8000861a x28=0x00000084 PA:0x8000861e
        4055000	       404	80001598	0040d483	lhu	x9,4(x1)	  x1:0x8000861a  x9=0x00002484 PA:0x8000861e
        4065000	       405	8000159c	133abb17	auipc	x22,0x133ab	 x22=0x933ac598
        4075000	       406	800015a0	00b08223	sb	x11,4(x1)	  x1:0x8000861a x11:0xf2a5f490 PA:0x8000861e
        4085000	       407	800015a4	ff80d703	lhu	x14,-8(x1)	  x1:0x8000861a x14=0x00005ac5 PA:0x80008612
        4095000	       408	800015a8	ff808483	lb	x9,-8(x1)	  x1:0x8000861a  x9=0xffffffc5 PA:0x80008612
        4105000	       409	800015ac	fea09c23	sh	x10,-8(x1)	  x1:0x8000861a x10:0x00ffffff PA:0x80008612
        4115000	       410	800015b0	ff509c23	sh	x21,-8(x1)	  x1:0x8000861a x21:0xffffde7e PA:0x80008612
        4125000	       411	800015b4	2c3fe593	ori	x11,x31,707	 x31:0x80008bf3 x11=0x80008bf3
        4135000	       412	800015b8	ffb08403	lb	x8,-5(x1)	  x1:0x8000861a  x8=0xfffffff5 PA:0x80008615
        4145000	       413	800015bc	00008c97	auipc	x25,0x8	 x25=0x800095b8
        4155000	       414	800015c0	862c8c93	addi	x25,x25,-1950	 x25:0x800095b8 x25=0x80008e1a
        4165000	       415	800015c4	41475213	srai	x4,x14,0x14	 x14:0x00005ac5  x4=0x00000000
        4175000	       416	800015c8	095c89a3	sb	x21,147(x25)	 x25:0x80008e1a x21:0xffffde7e PA:0x80008ead
        4185000	       417	800015cc	dd8c6e17	auipc	x28,0xdd8c6	 x28=0x5d8c75c8
        4195000	       418	800015d0	f1c64813	xori	x16,x12,-228	 x12:0x0000002e x16=0xffffff32
        4205000	       419	800015d4	9a53a897	auipc	x17,0x9a53a	 x17=0x1a53b5d0
        4215000	       420	800015d8	019edfb3	srl	x31,x29,x25	 x29:0x0000000d x25:0x80008e1a x31=0x00000000
        4225000	       421	800015dc	006398b3	sll	x17,x7,x6	  x7:0x00000000  x6:0x80008879 x17=0x00000000
        4235000	       422	800015e0	4b614013	xori	x0,x2,1206	  x2:0x00000000
        4245000	       423	800015e4	f5eca603	lw	x12,-162(x25)	 x25:0x80008e1a x12=0x24860c9a PA:0x80008d78
        4255000	       424	800015e8	0f2cc883	lbu	x17,242(x25)	 x25:0x80008e1a x17=0x000000c3 PA:0x80008f0c
        4265000	       425	800015ec	017cc583	lbu	x11,23(x25)	 x25:0x80008e1a x11=0x0000005b PA:0x80008e31
        4275000	       426	800015f0	0ddc8e83	lb	x29,221(x25)	 x25:0x80008e1a x29=0xffffffe7 PA:0x80008ef7
        4285000	       427	800015f4	f12caa03	lw	x20,-238(x25)	 x25:0x80008e1a x20=0xa0227f5a PA:0x80008d2c
        4295000	       428	800015f8	00eee433	or	x8,x29,x14	 x29:0xffffffe7 x14:0x00005ac5  x8=0xffffffe7
        4305000	       429	800015fc	046cdf83	lhu	x31,70(x25)	 x25:0x80008e1a x31=0x00007dac PA:0x80008e60
        4315000	       430	80001600	faac8703	lb	x14,-86(x25)	 x25:0x80008e1a x14=0x00000052 PA:0x80008dc4
        4325000	       431	80001604	ffaccb83	lbu	x23,-6(x25)	 x25:0x80008e1a x23=0x00000051 PA:0x80008e14
        4335000	       432	80001608	fb8c8423	sb	x24,-88(x25)	 x25:0x80008e1a x24:0x80009f58 PA:0x80008dc2
        4345000	       433	8000160c	0e5c8b03	lb	x22,229(x25)	 x25:0x80008e1a x22=0xffffffc5 PA:0x80008eff
        4355000	       434	80001610	a88f3d13	sltiu	x26,x30,-1400	 x30:0x00000037 x26=0x00000001
        4365000	       435	80001614	633fab93	slti	x23,x31,1587	 x31:0x00007dac x23=0x00000000
        4375000	       436	80001618	018f06b3	add	x13,x30,x24	 x30:0x00000037 x24:0x80009f58 x13=0x80009f8f
        4385000	       437	8000161c	0f5c9b23	sh	x21,246(x25)	 x25:0x80008e1a x21:0xffffde7e PA:0x80008f10
        4395000	       438	80001620	00dc8783	lb	x15,13(x25)	 x25:0x80008e1a x15=0xffffffdc PA:0x80008e27
        4405000	       439	80001624	7f82c317	auipc	x6,0x7f82c	  x6=0xff82d620
        4415000	       440	80001628	015b73b3	and	x7,x22,x21	 x22:0xffffffc5 x21:0xffffde7e  x7=0xffffde44
        4425000	       441	8000162c	fbbcab23	sw	x27,-74(x25)	 x25:0x80008e1a x27:0x00000024 PA:0x80008dd0
        4435000	       442	80001630	414851b3	sra	x3,x16,x20	 x16:0xffffff32 x20:0xa0227f5a  x3=0xffffffff
        4445000	       443	80001634	f26c8103	lb	x2,-218(x25)	 x25:0x80008e1a  x2=0xffffffb4 PA:0x80008d40
        4455000	       444	80001638	086c8ba3	sb	x6,151(x25)	 x25:0x80008e1a  x6:0xff82d620 PA:0x80008eb1
        4465000	       445	8000163c	0f4c9983	lh	x19,244(x25)	 x25:0x80008e1a x19=0xffffa221 PA:0x80008f0e
        4475000	       446	80001640	9f8d3313	sltiu	x6,x26,-1544	 x26:0x00000001  x6=0x00000001
        4485000	       447	80001644	0aec8223	sb	x14,164(x25)	 x25:0x80008e1a x14:0x00000052 PA:0x80008ebe
        4495000	       448	80001648	00844ab3	xor	x21,x8,x8	  x8:0xffffffe7  x8:0xffffffe7 x21=0x00000000
        4505000	       449	8000164c	08fc8ba3	sb	x15,151(x25)	 x25:0x80008e1a x15:0xffffffdc PA:0x80008eb1
        4515000	       450	80001650	ceab6b13	ori	x22,x22,-790	 x22:0xffffffc5 x22=0xffffffef
        4525000	       451	80001654	00da6fb3	or	x31,x20,x13	 x20:0xa0227f5a x13:0x80009f8f x31=0xa022ffdf
        4535000	       452	80001658	015bffb3	and	x31,x23,x21	 x23:0x00000000 x21:0x00000000 x31=0x00000000
        4545000	       453	8000165c	0adcc483	lbu	x9,173(x25)	 x25:0x80008e1a  x9=0x00000034 PA:0x80008ec7
        4555000	       454	80001660	018f7a33	and	x20,x30,x24	 x30:0x00000037 x24:0x80009f58 x20=0x00000010
        4565000	       455	80001664	0a9c86a3	sb	x9,173(x25)	 x25:0x80008e1a  x9:0x00000034 PA:0x80008ec7
        4575000	       456	80001668	050cd383	lhu	x7,80(x25)	 x25:0x80008e1a  x7=0x00004156 PA:0x80008e6a
        4585000	       457	8000166c	fffcc803	lbu	x16,-1(x25)	 x25:0x80008e1a x16=0x00000000 PA:0x80008e19
        4595000	       458	80001670	f9ccd403	lhu	x8,-100(x25)	 x25:0x80008e1a  x8=0x00009919 PA:0x80008db6
        4605000	       459	80001674	09dc8ca3	sb	x29,153(x25)	 x25:0x80008e1a x29:0xffffffe7 PA:0x80008eb3
        4615000	       460	80001678	063c8ca3	sb	x3,121(x25)	 x25:0x80008e1a  x3:0xffffffff PA:0x80008e93
        4625000	       461	8000167c	8330a893	slti	x17,x1,-1997	  x1:0x8000861a x17=0x00000001
        4635000	       462	80001680	490795b7	lui	x11,0x49079	 x11=0x49079000
        4645000	       463	80001684	01fc5d93	srli	x27,x24,0x1f	 x24:0x80009f58 x27=0x00000001
        4655000	       464	80001688	f65c8ea3	sb	x5,-131(x25)	 x25:0x80008e1a  x5:0xf2a5f488 PA:0x80008d97
        4665000	       465	8000168c	061c8ea3	sb	x1,125(x25)	 x25:0x80008e1a  x1:0x8000861a PA:0x80008e97
        4675000	       466	80001690	f51ca123	sw	x17,-190(x25)	 x25:0x80008e1a x17:0x00000001 PA:0x80008d5c
        4685000	       467	80001694	00b3bdb3	sltu	x27,x7,x11	  x7:0x00004156 x11:0x49079000 x27=0x00000001
        4695000	       468	80001698	057c8aa3	sb	x23,85(x25)	 x25:0x80008e1a x23:0x00000000 PA:0x80008e6f
        4705000	       469	8000169c	00007117	auipc	x2,0x7	  x2=0x80008698
        4715000	       470	800016a0	b1d10113	addi	x2,x2,-1251	  x2:0x80008698  x2=0x800081b5
        4725000	       471	800016a4	18869097	auipc	x1,0x18869	  x1=0x9886a6a0
        4735000	       472	800016a8	faf15d83	lhu	x27,-81(x2)	  x2:0x800081b5 x27=0x0000d8a5 PA:0x80008164
        4745000	       473	800016ac	0d610b83	lb	x23,214(x2)	  x2:0x800081b5 x23=0xffffffb4 PA:0x8000828b
        4755000	       474	800016b0	0d610b23	sb	x22,214(x2)	  x2:0x800081b5 x22:0xffffffef PA:0x8000828b
        4765000	       475	800016b4	00969cb3	sll	x25,x13,x9	 x13:0x80009f8f  x9:0x00000034 x25=0xf8f00000
        4775000	       476	800016b8	0d614303	lbu	x6,214(x2)	  x2:0x800081b5  x6=0x000000ef PA:0x8000828b
        4785000	       477	800016bc	0d614c83	lbu	x25,214(x2)	  x2:0x800081b5 x25=0x000000ef PA:0x8000828b
        4795000	       478	800016c0	fef12883	lw	x17,-17(x2)	  x2:0x800081b5 x17=0x1f0c4c8d PA:0x800081a4
        4805000	       479	800016c4	fef10b03	lb	x22,-17(x2)	  x2:0x800081b5 x22=0xffffff8d PA:0x800081a4
        4815000	       480	800016c8	0a614683	lbu	x13,166(x2)	  x2:0x800081b5 x13=0x000000ee PA:0x8000825b
        4825000	       481	800016cc	10014083	lbu	x1,256(x2)	  x2:0x800081b5  x1=0x0000006b PA:0x800082b5
        4835000	       482	800016d0	10014d03	lbu	x26,256(x2)	  x2:0x800081b5 x26=0x0000006b PA:0x800082b5
        4845000	       483	800016d4	00950533	add	x10,x10,x9	 x10:0x00ffffff  x9:0x00000034 x10=0x01000033
        4855000	       484	800016d8	10014783	lbu	x15,256(x2)	  x2:0x800081b5 x15=0x0000006b PA:0x800082b5
        4865000	       485	800016dc	00b5dfb3	srl	x31,x11,x11	 x11:0x49079000 x11:0x49079000 x31=0x49079000
        4875000	       486	800016e0	0e810ba3	sb	x8,247(x2)	  x2:0x800081b5  x8:0x00009919 PA:0x800082ac
        4885000	       487	800016e4	0f110fa3	sb	x17,255(x2)	  x2:0x800081b5 x17:0x1f0c4c8d PA:0x800082b4
        4895000	       488	800016e8	f3712983	lw	x19,-201(x2)	  x2:0x800081b5 x19=0xa1ead8d5 PA:0x800080ec
        4905000	       489	800016ec	f9210d23	sb	x18,-102(x2)	  x2:0x800081b5 x18:0x80009fc4 PA:0x8000814f
        4915000	       490	800016f0	0f210403	lb	x8,242(x2)	  x2:0x800081b5  x8=0xffffff94 PA:0x800082a7
        4925000	       491	800016f4	0f214703	lbu	x14,242(x2)	  x2:0x800081b5 x14=0x00000094 PA:0x800082a7
        4935000	       492	800016f8	0f210d03	lb	x26,242(x2)	  x2:0x800081b5 x26=0xffffff94 PA:0x800082a7
        4945000	       493	800016fc	05d14683	lbu	x13,93(x2)	  x2:0x800081b5 x13=0x0000007a PA:0x80008212
        4955000	       494	80001700	05d51463	bne	x10,x29,80001748	 x10:0x01000033 x29:0xffffffe7
        4965000	       495	00000000	00000013	addi	x0,x0,0	  x0:0x00000000
        4975000	       496	80001744	00000013	addi	x0,x0,0	  x0:0x00000000
        4985000	       497	80001748	000137b3	sltu	x15,x2,x0	  x2:0x800081b5  x0:0x00000000 x15=0x00000000
        4995000	       498	8000174c	0184d033	srl	x0,x9,x24	  x9:0x00000034 x24:0x80009f58
        5005000	       499	80001750	00c1e333	or	x6,x3,x12	  x3:0xffffffff x12:0x24860c9a  x6=0xffffffff
        5015000	       500	80001754	0034c8b3	xor	x17,x9,x3	  x9:0x00000034  x3:0xffffffff x17=0xffffffcb
        5025000	       501	80001758	00bb1433	sll	x8,x22,x11	 x22:0xffffff8d x11:0x49079000  x8=0xffffff8d
        5035000	       502	8000175c	9bf4ad13	slti	x26,x9,-1601	  x9:0x00000034 x26=0x00000000
        5045000	       503	80001760	00cf27b3	slt	x15,x30,x12	 x30:0x00000037 x12:0x24860c9a x15=0x00000001
        5055000	       504	80001764	00000013	addi	x0,x0,0	  x0:0x00000000
        5065000	       505	80001768	01785db3	srl	x27,x16,x23	 x16:0x00000000 x23:0xffffffb4 x27=0x00000000
        5075000	       506	8000176c	41aadcb3	sra	x25,x21,x26	 x21:0x00000000 x26:0x00000000 x25=0x00000000
        5085000	       507	80001770	6fa52a93	slti	x21,x10,1786	 x10:0x01000033 x21=0x00000000
        5095000	       508	80001774	016e6ab3	or	x21,x28,x22	 x28:0x5d8c75c8 x22:0xffffff8d x21=0xffffffcd
        5105000	       509	80001778	6868a593	slti	x11,x17,1670	 x17:0xffffffcb x11=0x00000001
        5115000	       510	8000177c	00a8d713	srli	x14,x17,0xa	 x17:0xffffffcb x14=0x003fffff
        5125000	       511	80001780	24306f13	ori	x30,x0,579	  x0:0x00000000 x30=0x00000243
        5135000	       512	80001784	5eb3a113	slti	x2,x7,1515	  x7:0x00004156  x2=0x00000000
        5145000	       513	80001788	e3efa213	slti	x4,x31,-450	 x31:0x49079000  x4=0x00000000
        5155000	       514	8000178c	044de663	bltu	x27,x4,800017d8	 x27:0x00000000  x4:0x00000000
        5165000	       515	80001790	5b318c93	addi	x25,x3,1459	  x3:0xffffffff x25=0x000005b2
        5175000	       516	80001794	4187dc93	srai	x25,x15,0x18	 x15:0x00000001 x25=0x00000000
        5185000	       517	80001798	41805313	srai	x6,x0,0x18	  x0:0x00000000  x6=0x00000000
        5195000	       518	8000179c	3f63a513	slti	x10,x7,1014	  x7:0x00004156 x10=0x00000000
        5205000	       519	800017a0	00000013	addi	x0,x0,0	  x0:0x00000000
        5215000	       520	800017a4	01129863	bne	x5,x17,800017b4	  x5:0xf2a5f488 x17:0xffffffcb
        5225000	       521	00000000	00000013	addi	x0,x0,0	  x0:0x00000000
        5235000	       522	800017b0	00000013	addi	x0,x0,0	  x0:0x00000000
        5245000	       523	800017b4	64f13413	sltiu	x8,x2,1615	  x2:0x00000000  x8=0x00000001
        5255000	       524	800017b8	00139833	sll	x16,x7,x1	  x7:0x00004156  x1:0x0000006b x16=0x020ab000
        5265000	       525	800017bc	4175de13	srai	x28,x11,0x17	 x11:0x00000001 x28=0x00000000
        5275000	       526	800017c0	7cbd38b7	lui	x17,0x7cbd3	 x17=0x7cbd3000
        5285000	       527	800017c4	049e7863	bgeu	x28,x9,80001814	 x28:0x00000000  x9:0x00000034
        5295000	       528	800017c8	c382c813	xori	x16,x5,-968	  x5:0xf2a5f488 x16=0x0d5a08b0
        5305000	       529	800017cc	0018e733	or	x14,x17,x1	 x17:0x7cbd3000  x1:0x0000006b x14=0x7cbd306b
        5315000	       530	800017d0	402a0233	sub	x4,x20,x2	 x20:0x00000010  x2:0x00000000  x4=0x00000010
        5325000	       531	800017d4	00aa1eb3	sll	x29,x20,x10	 x20:0x00000010 x10:0x00000000 x29=0x00000010
        5335000	       532	800017d8	00422d33	slt	x26,x4,x4	  x4:0x00000010  x4:0x00000010 x26=0x00000000
        5345000	       533	800017dc	00abe8b3	or	x17,x23,x10	 x23:0xffffffb4 x10:0x00000000 x17=0xffffffb4
        5355000	       534	800017e0	016e2433	slt	x8,x28,x22	 x28:0x00000000 x22:0xffffff8d  x8=0x00000000
        5365000	       535	800017e4	00ea6133	or	x2,x20,x14	 x20:0x00000010 x14:0x7cbd306b  x2=0x7cbd307b
        5375000	       536	800017e8	05881863	bne	x16,x24,80001838	 x16:0x0d5a08b0 x24:0x80009f58
        5385000	       537	00000000	00000013	addi	x0,x0,0	  x0:0x00000000
        5395000	       538	80001834	00000013	addi	x0,x0,0	  x0:0x00000000
        5405000	       539	80001838	38b80713	addi	x14,x16,907	 x16:0x0d5a08b0 x14=0x0d5a0c3b
        5415000	       540	8000183c	01b93833	sltu	x16,x18,x27	 x18:0x80009fc4 x27:0x00000000 x16=0x00000000
        5425000	       541	80001840	01c0f863	bgeu	x1,x28,80001850	  x1:0x0000006b x28:0x00000000
        5435000	       542	00000000	00000013	addi	x0,x0,0	  x0:0x00000000
        5445000	       543	8000184c	00000013	addi	x0,x0,0	  x0:0x00000000
        5455000	       544	80001850	273ea693	slti	x13,x29,627	 x29:0x00000010 x13=0x00000001
        5465000	       545	80001854	0111db93	srli	x23,x3,0x11	  x3:0xffffffff x23=0x00007fff
        5475000	       546	80001858	6d9de213	ori	x4,x27,1753	 x27:0x00000000  x4=0x000006d9
        5485000	       547	8000185c	2538b313	sltiu	x6,x17,595	 x17:0xffffffb4  x6=0x00000000
        5495000	       548	80001860	059a4663	blt	x20,x25,800018ac	 x20:0x00000010 x25:0x00000000
        5505000	       549	80001864	40f386b3	sub	x13,x7,x15	  x7:0x00004156 x15:0x00000001 x13=0x00004155
        5515000	       550	80001868	01281b13	slli	x22,x16,0x12	 x16:0x00000000 x22=0x00000000
        5525000	       551	8000186c	006b2f33	slt	x30,x22,x6	 x22:0x00000000  x6:0x00000000 x30=0x00000000
        5535000	       552	80001870	00d84fb3	xor	x31,x16,x13	 x16:0x00000000 x13:0x00004155 x31=0x00004155
        5545000	       553	80001874	02747c63	bgeu	x8,x7,800018ac	  x8:0x00000000  x7:0x00004156
        5555000	       554	80001878	17bd0b93	addi	x23,x26,379	 x26:0x00000000 x23=0x0000017b
        5565000	       555	8000187c	48f8b513	sltiu	x10,x17,1167	 x17:0xffffffb4 x10=0x00000000
        5575000	       556	80001880	0044b633	sltu	x12,x9,x4	  x9:0x00000034  x4:0x000006d9 x12=0x00000001
        5585000	       557	80001884	3d61e113	ori	x2,x3,982	  x3:0xffffffff  x2=0xffffffff
        5595000	       558	80001888	642d1697	auipc	x13,0x642d1	 x13=0xe42d2884
        5605000	       559	8000188c	52592f13	slti	x30,x18,1317	 x18:0x80009fc4 x30=0x00000001
        5615000	       560	80001890	9467f893	andi	x17,x15,-1722	 x15:0x00000001 x17=0x00000000
        5625000	       561	80001894	dedb8513	addi	x10,x23,-531	 x23:0x0000017b x10=0xffffff68
        5635000	       562	80001898	ccc38693	addi	x13,x7,-820	  x7:0x00004156 x13=0x00003e22
        5645000	       563	8000189c	4fd87e93	andi	x29,x16,1277	 x16:0x00000000 x29=0x00000000
        5655000	       564	800018a0	00000013	addi	x0,x0,0	  x0:0x00000000
        5665000	       565	800018a4	e9322713	slti	x14,x4,-365	  x4:0x000006d9 x14=0x00000000
        5675000	       566	800018a8	01412b33	slt	x22,x2,x20	  x2:0xffffffff x20:0x00000010 x22=0x00000001
        5685000	       567	800018ac	00009693	slli	x13,x1,0x0	  x1:0x0000006b x13=0x0000006b
        5695000	       568	800018b0	e30d6f93	ori	x31,x26,-464	 x26:0x00000000 x31=0xfffffe30
        5705000	       569	800018b4	40535413	srai	x8,x6,0x5	  x6:0x00000000  x8=0x00000000
        5715000	       570	800018b8	b7257817	auipc	x16,0xb7257	 x16=0x372588b4
        5725000	       571	800018bc	93d8ac97	auipc	x25,0x93d8a	 x25=0x13d8b8b8
        5735000	       572	800018c0	0049db33	srl	x22,x19,x4	 x19:0xa1ead8d5  x4:0x000006d9 x22=0x00000050
        5745000	       573	800018c4	8fc87093	andi	x1,x16,-1796	 x16:0x372588b4  x1=0x372588b4
        5755000	       574	800018c8	0387f663	bgeu	x15,x24,800018f4	 x15:0x00000001 x24:0x80009f58
        5765000	       575	800018cc	a6ef9e97	auipc	x29,0xa6ef9	 x29=0x26efa8c8
        5775000	       576	800018d0	01bf9a63	bne	x31,x27,800018e4	 x31:0xfffffe30 x27:0x00000000
        5785000	       577	00000000	00000013	addi	x0,x0,0	  x0:0x00000000
        5795000	       578	800018e0	00000013	addi	x0,x0,0	  x0:0x00000000
        5805000	       579	800018e4	af1a4713	xori	x14,x20,-1295	 x20:0x00000010 x14=0xfffffae1
        5815000	       580	800018e8	9f91c493	xori	x9,x3,-1543	  x3:0xffffffff  x9=0x00000606
        5825000	       581	800018ec	00d25a63	bge	x4,x13,80001900	  x4:0x000006d9 x13:0x0000006b
        5835000	       582	00000000	00000013	addi	x0,x0,0	  x0:0x00000000
        5845000	       583	800018fc	00000013	addi	x0,x0,0	  x0:0x00000000
        5855000	       584	80001900	0fca4313	xori	x6,x20,252	 x20:0x00000010  x6=0x000000ec
        5865000	       585	80001904	00000013	addi	x0,x0,0	  x0:0x00000000
        5875000	       586	80001908	00e86a63	bltu	x16,x14,8000191c	 x16:0x372588b4 x14:0xfffffae1
        5885000	       587	00000000	00000013	addi	x0,x0,0	  x0:0x00000000
        5895000	       588	80001918	00000013	addi	x0,x0,0	  x0:0x00000000
        5905000	       589	8000191c	00000013	addi	x0,x0,0	  x0:0x00000000
        5915000	       590	80001920	04641863	bne	x8,x6,80001970	  x8:0x00000000  x6:0x000000ec
        5925000	       591	00000000	00000013	addi	x0,x0,0	  x0:0x00000000
        5935000	       592	8000196c	00000013	addi	x0,x0,0	  x0:0x00000000
        5945000	       593	80001970	c030f197	auipc	x3,0xc030f	  x3=0x4031096c
        5955000	       594	80001974	711f0693	addi	x13,x30,1809	 x30:0x00000001 x13=0x00000712
        5965000	       595	80001978	9648b3b7	lui	x7,0x9648b	  x7=0x9648b000
        5975000	       596	8000197c	c02b4213	xori	x4,x22,-1022	 x22:0x00000050  x4=0xfffffc52
        5985000	       597	80001980	00f6da13	srli	x20,x13,0xf	 x13:0x00000712 x20=0x00000000
        5995000	       598	80001984	0003a433	slt	x8,x7,x0	  x7:0x9648b000  x0:0x00000000  x8=0x00000001
        6005000	       599	80001988	8f960a13	addi	x20,x12,-1799	 x12:0x00000001 x20=0xfffff8fa
        6015000	       600	8000198c	404657b3	sra	x15,x12,x4	 x12:0x00000001  x4:0xfffffc52 x15=0x00000000
        6025000	       601	80001990	010ca5b3	slt	x11,x25,x16	 x25:0x13d8b8b8 x16:0x372588b4 x11=0x00000001
        6035000	       602	80001994	00a2de63	bge	x5,x10,800019b0	  x5:0xf2a5f488 x10:0xffffff68
        6045000	       603	80001998	585af893	andi	x17,x21,1413	 x21:0xffffffcd x17=0x00000585
        6055000	       604	8000199c	0198da13	srli	x20,x17,0x19	 x17:0x00000585 x20=0x00000000
        6065000	       605	800019a0	00580a33	add	x20,x16,x5	 x16:0x372588b4  x5:0xf2a5f488 x20=0x29cb7d3c
        6075000	       606	800019a4	fff02493	slti	x9,x0,-1	  x0:0x00000000  x9=0x00000000
        6085000	       607	800019a8	00d9ab33	slt	x22,x19,x13	 x19:0xa1ead8d5 x13:0x00000712 x22=0x00000001
        6095000	       608	800019ac	00509233	sll	x4,x1,x5	  x1:0x372588b4  x5:0xf2a5f488  x4=0x2588b400
        6105000	       609	800019b0	001f1693	slli	x13,x30,0x1	 x30:0x00000001 x13=0x00000002
        6115000	       610	800019b4	feebb893	sltiu	x17,x23,-18	 x23:0x0000017b x17=0x00000001
        6125000	       611	800019b8	00a4f263	bgeu	x9,x10,800019bc	  x9:0x00000000 x10:0xffffff68
        6135000	       612	800019bc	01e83db3	sltu	x27,x16,x30	 x16:0x372588b4 x30:0x00000001 x27=0x00000000
        6145000	       613	800019c0	007e8a33	add	x20,x29,x7	 x29:0x26efa8c8  x7:0x9648b000 x20=0xbd3858c8
        6155000	       614	800019c4	02f90193	addi	x3,x18,47	 x18:0x80009fc4  x3=0x80009ff3
        6165000	       615	800019c8	04277463	bgeu	x14,x2,80001a10	 x14:0xfffffae1  x2:0xffffffff
        6175000	       616	800019cc	7fb56193	ori	x3,x10,2043	 x10:0xffffff68  x3=0xfffffffb
        6185000	       617	800019d0	4023da33	sra	x20,x7,x2	  x7:0x9648b000  x2:0xffffffff x20=0xffffffff
        6195000	       618	800019d4	05a56863	bltu	x10,x26,80001a24	 x10:0xffffff68 x26:0x00000000
        6205000	       619	800019d8	40335f93	srai	x31,x6,0x3	  x6:0x000000ec x31=0x0000001d
        6215000	       620	800019dc	01cd96b3	sll	x13,x27,x28	 x27:0x00000000 x28:0x00000000 x13=0x00000000
        6225000	       621	800019e0	02becc63	blt	x29,x11,80001a18	 x29:0x26efa8c8 x11:0x00000001
        6235000	       622	800019e4	00370a63	beq	x14,x3,800019f8	 x14:0xfffffae1  x3:0xfffffffb
        6245000	       623	800019e8	00237633	and	x12,x6,x2	  x6:0x000000ec  x2:0xffffffff x12=0x000000ec
        6255000	       624	800019ec	012a90b3	sll	x1,x21,x18	 x21:0xffffffcd x18:0x80009fc4  x1=0xfffffcd0
        6265000	       625	800019f0	018e6133	or	x2,x28,x24	 x28:0x00000000 x24:0x80009f58  x2=0x80009f58
        6275000	       626	800019f4	d5c9a893	slti	x17,x19,-676	 x19:0xa1ead8d5 x17=0x00000001
        6285000	       627	800019f8	4079d8b3	sra	x17,x19,x7	 x19:0xa1ead8d5  x7:0x9648b000 x17=0xa1ead8d5
        6295000	       628	800019fc	da137213	andi	x4,x6,-607	  x6:0x000000ec  x4=0x000000a0
        6305000	       629	80001a00	1e600a13	addi	x20,x0,486	  x0:0x00000000 x20=0x000001e6
        6315000	       630	80001a04	4060db93	srai	x23,x1,0x6	  x1:0xfffffcd0 x23=0xfffffff3
        6325000	       631	80001a08	05235463	bge	x6,x18,80001a50	  x6:0x000000ec x18:0x80009fc4
        6335000	       632	00000000	00000013	addi	x0,x0,0	  x0:0x00000000
        6345000	       633	80001a4c	00000013	addi	x0,x0,0	  x0:0x00000000
        6355000	       634	80001a50	f27c0613	addi	x12,x24,-217	 x24:0x80009f58 x12=0x80009e7f
        6365000	       635	80001a54	00b28e63	beq	x5,x11,80001a70	  x5:0xf2a5f488 x11:0x00000001
        6375000	       636	80001a58	07abfb13	andi	x22,x23,122	 x23:0xfffffff3 x22=0x00000072
        6385000	       637	80001a5c	0048b7b3	sltu	x15,x17,x4	 x17:0xa1ead8d5  x4:0x000000a0 x15=0x00000000
        6395000	       638	80001a60	41a5d4b3	sra	x9,x11,x26	 x11:0x00000001 x26:0x00000000  x9=0x00000001
        6405000	       639	80001a64	4be8e893	ori	x17,x17,1214	 x17:0xa1ead8d5 x17=0xa1eadcff
        6415000	       640	80001a68	412fd393	srai	x7,x31,0x12	 x31:0x0000001d  x7=0x00000000
        6425000	       641	80001a6c	de832d13	slti	x26,x6,-536	  x6:0x000000ec x26=0x00000000
        6435000	       642	80001a70	01564ab3	xor	x21,x12,x21	 x12:0x80009e7f x21:0xffffffcd x21=0x7fff61b2
        6445000	       643	80001a74	405d0db3	sub	x27,x26,x5	 x26:0x00000000  x5:0xf2a5f488 x27=0x0d5a0b78
        6455000	       644	80001a78	01d3a533	slt	x10,x7,x29	  x7:0x00000000 x29:0x26efa8c8 x10=0x00000001
        6465000	       645	80001a7c	418586b3	sub	x13,x11,x24	 x11:0x00000001 x24:0x80009f58 x13=0x7fff60a9
        6475000	       646	80001a80	f83909b7	lui	x19,0xf8390	 x19=0xf8390000
        6485000	       647	80001a84	cb49fa93	andi	x21,x19,-844	 x19:0xf8390000 x21=0xf8390000
        6495000	       648	80001a88	40208bb3	sub	x23,x1,x2	  x1:0xfffffcd0  x2:0x80009f58 x23=0x7fff5d78
        6505000	       649	80001a8c	118d2613	slti	x12,x26,280	 x26:0x00000000 x12=0x00000001
        6515000	       650	80001a90	754f4a93	xori	x21,x30,1876	 x30:0x00000001 x21=0x00000755
        6525000	       651	80001a94	0182cdb3	xor	x27,x5,x24	  x5:0xf2a5f488 x24:0x80009f58 x27=0x72a56bd0
        6535000	       652	80001a98	5fcfbe13	sltiu	x28,x31,1532	 x31:0x0000001d x28=0x00000001
        6545000	       653	80001a9c	00000013	addi	x0,x0,0	  x0:0x00000000
        6555000	       654	80001aa0	00615fb3	srl	x31,x2,x6	  x2:0x80009f58  x6:0x000000ec x31=0x00080009
        6565000	       655	80001aa4	b665fe93	andi	x29,x11,-1178	 x11:0x00000001 x29=0x00000000
        6575000	       656	80001aa8	6122aa13	slti	x20,x5,1554	  x5:0xf2a5f488 x20=0x00000001
        6585000	       657	80001aac	402b5eb3	sra	x29,x22,x2	 x22:0x00000072  x2:0x80009f58 x29=0x00000000
        6595000	       658	80001ab0	059e4463	blt	x28,x25,80001af8	 x28:0x00000001 x25:0x13d8b8b8
        6605000	       659	00000000	00000013	addi	x0,x0,0	  x0:0x00000000
        6615000	       660	80001af4	00000013	addi	x0,x0,0	  x0:0x00000000
        6625000	       661	80001af8	00af6a63	bltu	x30,x10,80001b0c	 x30:0x00000001 x10:0x00000001
        6635000	       662	80001afc	e028a3b7	lui	x7,0xe028a	  x7=0xe028a000
        6645000	       663	80001b00	017d5213	srli	x4,x26,0x17	 x26:0x00000000  x4=0x00000000
        6655000	       664	80001b04	561b2893	slti	x17,x22,1377	 x22:0x00000072 x17=0x00000001
        6665000	       665	80001b08	004d6c63	bltu	x26,x4,80001b20	 x26:0x00000000  x4:0x00000000
        6675000	       666	80001b0c	31132513	slti	x10,x6,785	  x6:0x000000ec x10=0x00000001
        6685000	       667	80001b10	417cd8b3	sra	x17,x25,x23	 x25:0x13d8b8b8 x23:0x7fff5d78 x17=0x00000013
        6695000	       668	80001b14	03c10a63	beq	x2,x28,80001b48	  x2:0x80009f58 x28:0x00000001
        6705000	       669	80001b18	02ee8263	beq	x29,x14,80001b3c	 x29:0x00000000 x14:0xfffffae1
        6715000	       670	80001b1c	050a4663	blt	x20,x16,80001b68	 x20:0x00000001 x16:0x372588b4
        6725000	       671	00000000	00000013	addi	x0,x0,0	  x0:0x00000000
        6735000	       672	80001b64	00000013	addi	x0,x0,0	  x0:0x00000000
        6745000	       673	80001b68	046cd663	bge	x25,x6,80001bb4	 x25:0x13d8b8b8  x6:0x000000ec
        6755000	       674	00000000	00000013	addi	x0,x0,0	  x0:0x00000000
        6765000	       675	80001bb0	00000013	addi	x0,x0,0	  x0:0x00000000
        6775000	       676	80001bb4	00366533	or	x10,x12,x3	 x12:0x00000001  x3:0xfffffffb x10=0xfffffffb
        6785000	       677	80001bb8	00d38b33	add	x22,x7,x13	  x7:0xe028a000 x13:0x7fff60a9 x22=0x602800a9
        6795000	       678	80001bbc	66222c93	slti	x25,x4,1634	  x4:0x00000000 x25=0x00000001
        6805000	       679	80001bc0	0032aa33	slt	x20,x5,x3	  x5:0xf2a5f488  x3:0xfffffffb x20=0x00000001
        6815000	       680	80001bc4	b3bab393	sltiu	x7,x21,-1221	 x21:0x00000755  x7=0x00000001
        6825000	       681	80001bc8	0176db33	srl	x22,x13,x23	 x13:0x7fff60a9 x23:0x7fff5d78 x22=0x0000007f
        6835000	       682	80001bcc	016bd793	srli	x15,x23,0x16	 x23:0x7fff5d78 x15=0x000001ff
        6845000	       683	80001bd0	003f0863	beq	x30,x3,80001be0	 x30:0x00000001  x3:0xfffffffb
        6855000	       684	80001bd4	7f334493	xori	x9,x6,2035	  x6:0x000000ec  x9=0x0000071f
        6865000	       685	80001bd8	01678033	add	x0,x15,x22	 x15:0x000001ff x22:0x0000007f
        6875000	       686	80001bdc	00b61793	slli	x15,x12,0xb	 x12:0x00000001 x15=0x00000800
        6885000	       687	80001be0	01441e93	slli	x29,x8,0x14	  x8:0x00000001 x29=0x00100000
        6895000	       688	80001be4	056bc863	blt	x23,x22,80001c34	 x23:0x7fff5d78 x22:0x0000007f
        6905000	       689	80001be8	00d95d93	srli	x27,x18,0xd	 x18:0x80009fc4 x27=0x00040004
        6915000	       690	80001bec	21b13e93	sltiu	x29,x2,539	  x2:0x80009f58 x29=0x00000000
        6925000	       691	80001bf0	004b1413	slli	x8,x22,0x4	 x22:0x0000007f  x8=0x000007f0
        6935000	       692	80001bf4	00c906b3	add	x13,x18,x12	 x18:0x80009fc4 x12:0x00000001 x13=0x80009fc5
        6945000	       693	80001bf8	05f46663	bltu	x8,x31,80001c44	  x8:0x000007f0 x31:0x00080009
        6955000	       694	00000000	00000013	addi	x0,x0,0	  x0:0x00000000
        6965000	       695	80001c40	00000013	addi	x0,x0,0	  x0:0x00000000
        6975000	       696	80001c44	d02e6c93	ori	x25,x28,-766	 x28:0x00000001 x25=0xfffffd03
        6985000	       697	80001c48	010d5463	bge	x26,x16,80001c50	 x26:0x00000000 x16:0x372588b4
        6995000	       698	80001c4c	c38ebd93	sltiu	x27,x29,-968	 x29:0x00000000 x27=0x00000001
        7005000	       699	80001c50	130a0c97	auipc	x25,0x130a0	 x25=0x930a1c4c
        7015000	       700	80001c54	0579d463	bge	x19,x23,80001c9c	 x19:0xf8390000 x23:0x7fff5d78
        7025000	       701	80001c58	c2aaa893	slti	x17,x21,-982	 x21:0x00000755 x17=0x00000000
        7035000	       702	80001c5c	018ccab3	xor	x21,x25,x24	 x25:0x930a1c4c x24:0x80009f58 x21=0x130a8314
        7045000	       703	80001c60	01a87263	bgeu	x16,x26,80001c64	 x16:0x372588b4 x26:0x00000000
        7055000	       704	00000000	00000013	addi	x0,x0,0	  x0:0x00000000
        7065000	       705	80001c60	00000013	addi	x0,x0,0	  x0:0x00000000
        7075000	       706	80001c64	00000013	addi	x0,x0,0	  x0:0x00000000
        7085000	       707	80001c68	f923c593	xori	x11,x7,-110	  x7:0x00000001 x11=0xffffff93
        7095000	       708	80001c6c	0ea14d13	xori	x26,x2,234	  x2:0x80009f58 x26=0x80009fb2
        7105000	       709	80001c70	0123aeb3	slt	x29,x7,x18	  x7:0x00000001 x18:0x80009fc4 x29=0x00000000
        7115000	       710	80001c74	00dd17b3	sll	x15,x26,x13	 x26:0x80009fb2 x13:0x80009fc5 x15=0x0013f640
        7125000	       711	80001c78	0133a233	slt	x4,x7,x19	  x7:0x00000001 x19:0xf8390000  x4=0x00000000
        7135000	       712	80001c7c	2322be13	sltiu	x28,x5,562	  x5:0xf2a5f488 x28=0x00000000
        7145000	       713	80001c80	0c0b8337	lui	x6,0xc0b8	  x6=0x0c0b8000
        7155000	       714	80001c84	27422793	slti	x15,x4,628	  x4:0x00000000 x15=0x00000001
        7165000	       715	80001c88	0121ba33	sltu	x20,x3,x18	  x3:0xfffffffb x18:0x80009fc4 x20=0x00000000
        7175000	       716	80001c8c	031f9663	bne	x31,x17,80001cb8	 x31:0x00080009 x17:0x00000000
        7185000	       717	00000000	00000013	addi	x0,x0,0	  x0:0x00000000
        7195000	       718	80001cb4	00000013	addi	x0,x0,0	  x0:0x00000000
        7205000	       719	80001cb8	00336133	or	x2,x6,x3	  x6:0x0c0b8000  x3:0xfffffffb  x2=0xfffffffb
        7215000	       720	80001cbc	01af6033	or	x0,x30,x26	 x30:0x00000001 x26:0x80009fb2
        7225000	       721	80001cc0	c2f9c797	auipc	x15,0xc2f9c	 x15=0x42f9dcbc
        7235000	       722	80001cc4	b4f76e13	ori	x28,x14,-1201	 x14:0xfffffae1 x28=0xfffffbef
        7245000	       723	80001cc8	00831033	sll	x0,x6,x8	  x6:0x0c0b8000  x8:0x000007f0
        7255000	       724	80001ccc	01725893	srli	x17,x4,0x17	  x4:0x00000000 x17=0x00000000
        7265000	       725	80001cd0	01757a63	bgeu	x10,x23,80001ce4	 x10:0xfffffffb x23:0x7fff5d78
        7275000	       726	00000000	00000013	addi	x0,x0,0	  x0:0x00000000
        7285000	       727	80001ce0	00000013	addi	x0,x0,0	  x0:0x00000000
        7295000	       728	80001ce4	01cd8263	beq	x27,x28,80001ce8	 x27:0x00000001 x28:0xfffffbef
        7305000	       729	80001ce8	03e9fe63	bgeu	x19,x30,80001d24	 x19:0xf8390000 x30:0x00000001
        7315000	       730	00000000	00000013	addi	x0,x0,0	  x0:0x00000000
        7325000	       731	80001d20	00000013	addi	x0,x0,0	  x0:0x00000000
        7335000	       732	80001d24	01a2ea63	bltu	x5,x26,80001d38	  x5:0xf2a5f488 x26:0x80009fb2
        7345000	       733	80001d28	00f153b3	srl	x7,x2,x15	  x2:0xfffffffb x15:0x42f9dcbc  x7=0x0000000f
        7355000	       734	80001d2c	01ccd813	srli	x16,x25,0x1c	 x25:0x930a1c4c x16=0x00000009
        7365000	       735	80001d30	f1970113	addi	x2,x14,-231	 x14:0xfffffae1  x2=0xfffff9fa
        7375000	       736	80001d34	00e49c93	slli	x25,x9,0xe	  x9:0x0000071f x25=0x01c7c000
        7385000	       737	80001d38	434bcb13	xori	x22,x23,1076	 x23:0x7fff5d78 x22=0x7fff594c
        7395000	       738	80001d3c	046d5463	bge	x26,x6,80001d84	 x26:0x80009fb2  x6:0x0c0b8000
        7405000	       739	80001d40	01f470b3	and	x1,x8,x31	  x8:0x000007f0 x31:0x00080009  x1=0x00000000
        7415000	       740	80001d44	00c5ee63	bltu	x11,x12,80001d60	 x11:0xffffff93 x12:0x00000001
        7425000	       741	80001d48	33fe2d93	slti	x27,x28,831	 x28:0xfffffbef x27=0x00000001
        7435000	       742	80001d4c	001a5b93	srli	x23,x20,0x1	 x20:0x00000000 x23=0x00000000
        7445000	       743	80001d50	02d6d263	bge	x13,x13,80001d74	 x13:0x80009fc5 x13:0x80009fc5
        7455000	       744	00000000	00000013	addi	x0,x0,0	  x0:0x00000000
        7465000	       745	80001d70	00000013	addi	x0,x0,0	  x0:0x00000000
        7475000	       746	80001d74	10d94893	xori	x17,x18,269	 x18:0x80009fc4 x17=0x80009ec9
        7485000	       747	80001d78	006bda63	bge	x23,x6,80001d8c	 x23:0x00000000  x6:0x0c0b8000
        7495000	       748	80001d7c	00470c63	beq	x14,x4,80001d94	 x14:0xfffffae1  x4:0x00000000
        7505000	       749	80001d80	01e2df33	srl	x30,x5,x30	  x5:0xf2a5f488 x30:0x00000001 x30=0x7952fa44
        7515000	       750	80001d84	fb734893	xori	x17,x6,-73	  x6:0x0c0b8000 x17=0xf3f47fb7
        7525000	       751	80001d88	605ae893	ori	x17,x21,1541	 x21:0x130a8314 x17=0x130a8715
        7535000	       752	80001d8c	01eb6863	bltu	x22,x30,80001d9c	 x22:0x7fff594c x30:0x7952fa44
        7545000	       753	80001d90	016d11b3	sll	x3,x26,x22	 x26:0x80009fb2 x22:0x7fff594c  x3=0x09fb2000
        7555000	       754	80001d94	00621713	slli	x14,x4,0x6	  x4:0x00000000 x14=0x00000000
        7565000	       755	80001d98	6d310813	addi	x16,x2,1747	  x2:0xfffff9fa x16=0x000000cd
        7575000	       756	80001d9c	007d5a13	srli	x20,x26,0x7	 x26:0x80009fb2 x20=0x0100013f
        7585000	       757	80001da0	00000013	addi	x0,x0,0	  x0:0x00000000
        7595000	       758	80001da4	b1bf7193	andi	x3,x30,-1253	 x30:0x7952fa44  x3=0x7952fa00
        7605000	       759	80001da8	01280263	beq	x16,x18,80001dac	 x16:0x000000cd x18:0x80009fc4
        7615000	       760	80001dac	055a1863	bne	x20,x21,80001dfc	 x20:0x0100013f x21:0x130a8314
        7625000	       761	00000000	00000013	addi	x0,x0,0	  x0:0x00000000
        7635000	       762	80001df8	00000013	addi	x0,x0,0	  x0:0x00000000
        7645000	       763	80001dfc	96db8413	addi	x8,x23,-1683	 x23:0x00000000  x8=0xfffff96d
        7655000	       764	80001e00	048f8c93	addi	x25,x31,72	 x31:0x00080009 x25=0x00080051
        7665000	       765	80001e04	01fa8263	beq	x21,x31,80001e08	 x21:0x130a8314 x31:0x00080009
        7675000	       766	80001e08	2c5a4893	xori	x17,x20,709	 x20:0x0100013f x17=0x010003fa
        7685000	       767	80001e0c	000bb333	sltu	x6,x23,x0	 x23:0x00000000  x0:0x00000000  x6=0x00000000
        7695000	       768	80001e10	b079de37	lui	x28,0xb079d	 x28=0xb079d000
        7705000	       769	80001e14	03607663	bgeu	x0,x22,80001e40	  x0:0x00000000 x22:0x7fff594c
        7715000	       770	80001e18	405a5db3	sra	x27,x20,x5	 x20:0x0100013f  x5:0xf2a5f488 x27=0x00010001
        7725000	       771	80001e1c	00bc53b3	srl	x7,x24,x11	 x24:0x80009f58 x11:0xffffff93  x7=0x00001000
        7735000	       772	80001e20	a19e3c97	auipc	x25,0xa19e3	 x25=0x219e4e1c
        7745000	       773	80001e24	01270463	beq	x14,x18,80001e2c	 x14:0x00000000 x18:0x80009fc4
        7755000	       774	80001e28	cbf98d93	addi	x27,x19,-833	 x19:0xf8390000 x27=0xf838fcbf
        7765000	       775	80001e2c	e0532b97	auipc	x23,0xe0532	 x23=0x60533e28
        7775000	       776	80001e30	0120ab33	slt	x22,x1,x18	  x1:0x00000000 x18:0x80009fc4 x22=0x00000000
        7785000	       777	80001e34	408ed133	sra	x2,x29,x8	 x29:0x00000000  x8:0xfffff96d  x2=0x00000000
        7795000	       778	80001e38	f4b16613	ori	x12,x2,-181	  x2:0x00000000 x12=0xffffff4b
        7805000	       779	80001e3c	40555ab3	sra	x21,x10,x5	 x10:0xfffffffb  x5:0xf2a5f488 x21=0xffffffff
        7815000	       780	80001e40	00f8a133	slt	x2,x17,x15	 x17:0x010003fa x15:0x42f9dcbc  x2=0x00000001
        7825000	       781	80001e44	49314f17	auipc	x30,0x49314	 x30=0xc9315e40
        7835000	       782	80001e48	005278b3	and	x17,x4,x5	  x4:0x00000000  x5:0xf2a5f488 x17=0x00000000
        7845000	       783	80001e4c	2333ad93	slti	x27,x7,563	  x7:0x00001000 x27=0x00000000
        7855000	       784	80001e50	62073793	sltiu	x15,x14,1568	 x14:0x00000000 x15=0x00000001
        7865000	       785	80001e54	1dde9b37	lui	x22,0x1dde9	 x22=0x1dde9000
        7875000	       786	80001e58	2d747313	andi	x6,x8,727	  x8:0xfffff96d  x6=0x00000045
        7885000	       787	80001e5c	01d4d863	bge	x9,x29,80001e6c	  x9:0x0000071f x29:0x00000000
        7895000	       788	00000000	00000013	addi	x0,x0,0	  x0:0x00000000
        7905000	       789	80001e68	00000013	addi	x0,x0,0	  x0:0x00000000
        7915000	       790	80001e6c	01d7da33	srl	x20,x15,x29	 x15:0x00000001 x29:0x00000000 x20=0x00000001
        7925000	       791	80001e70	00007717	auipc	x14,0x7	 x14=0x80008e6c
        7935000	       792	80001e74	f9370713	addi	x14,x14,-109	 x14:0x80008e6c x14=0x80008dff
        7945000	       793	80001e78	00007417	auipc	x8,0x7	  x8=0x80008e74
        7955000	       794	80001e7c	d7140413	addi	x8,x8,-655	  x8:0x80008e74  x8=0x80008be5
        7965000	       795	80001e80	00007097	auipc	x1,0x7	  x1=0x80008e7c
        7975000	       796	80001e84	f7508093	addi	x1,x1,-139	  x1:0x80008e7c  x1=0x80008df1
        7985000	       797	80001e88	00770003	lb	x0,7(x14)	 x14:0x80008dff PA:0x80008e06
        7995000	       798	80001e8c	01c0a7a3	sw	x28,15(x1)	  x1:0x80008df1 x28:0xb079d000 PA:0x80008e00
        8005000	       799	80001e90	00007a97	auipc	x21,0x7	 x21=0x80008e8c
        8015000	       800	80001e94	f75a8a93	addi	x21,x21,-139	 x21:0x80008e8c x21=0x80008e01
        8025000	       801	80001e98	ff3a90a3	sh	x19,-31(x21)	 x21:0x80008e01 x19:0xf8390000 PA:0x80008de2
        8035000	       802	80001e9c	f6dadb03	lhu	x22,-147(x21)	 x21:0x80008e01 x22=0x0000d58c PA:0x80008d6e
        8045000	       803	80001ea0	039405a3	sb	x25,43(x8)	  x8:0x80008be5 x25:0x219e4e1c PA:0x80008c10
        8055000	       804	80001ea4	00007f17	auipc	x30,0x7	 x30=0x80008ea0
        8065000	       805	80001ea8	0c9f0f13	addi	x30,x30,201	 x30:0x80008ea0 x30=0x80008f69
        8075000	       806	80001eac	fc140b83	lb	x23,-63(x8)	  x8:0x80008be5 x23=0x0000005a PA:0x80008ba6
        8085000	       807	80001eb0	01af10a3	sh	x26,1(x30)	 x30:0x80008f69 x26:0x80009fb2 PA:0x80008f6a
        8095000	       808	80001eb4	ffcf0f83	lb	x31,-4(x30)	 x30:0x80008f69 x31=0x0000006d PA:0x80008f65
        8105000	       809	00000000	00000013	addi	x0,x0,0	  x0:0x00000000
        8115000	       810	80001eb8	01f40e83	lb	x29,31(x8)	  x8:0x80008be5 x29=0x0000002a PA:0x80008c04
        8125000	       811	80001ebc	ff9f5783	lhu	x15,-7(x30)	 x30:0x80008f69 x15=0x0000e4d4 PA:0x80008f62
        8135000	       812	80001ec0	0c9add83	lhu	x27,201(x21)	 x21:0x80008e01 x27=0x0000015f PA:0x80008eca
        8145000	       813	80001ec4	003414a3	sh	x3,9(x8)	  x8:0x80008be5  x3:0x7952fa00 PA:0x80008bee
        8155000	       814	80001ec8	010f0523	sb	x16,10(x30)	 x30:0x80008f69 x16:0x000000cd PA:0x80008f73
        8165000	       815	80001ecc	ffe70483	lb	x9,-2(x14)	 x14:0x80008dff  x9=0xffffffe0 PA:0x80008dfd
        8175000	       816	80001ed0	03444f83	lbu	x31,52(x8)	  x8:0x80008be5 x31=0x0000004a PA:0x80008c19
        8185000	       817	80001ed4	00574f83	lbu	x31,5(x14)	 x14:0x80008dff x31=0x00000045 PA:0x80008e04
        8195000	       818	80001ed8	ffc70103	lb	x2,-4(x14)	 x14:0x80008dff  x2=0x0000001e PA:0x80008dfb
        8205000	       819	80001edc	ffd0d983	lhu	x19,-3(x1)	  x1:0x80008df1 x19=0x00000e16 PA:0x80008dee
        8215000	       820	80001ee0	048ac183	lbu	x3,72(x21)	 x21:0x80008e01  x3=0x00000048 PA:0x80008e49
        8225000	       821	80001ee4	ffd08b23	sb	x29,-10(x1)	  x1:0x80008df1 x29:0x0000002a PA:0x80008de7
        8235000	       822	80001ee8	fe3f0b23	sb	x3,-10(x30)	 x30:0x80008f69  x3:0x00000048 PA:0x80008f5f
        8245000	       823	80001eec	01c70623	sb	x28,12(x14)	 x14:0x80008dff x28:0xb079d000 PA:0x80008e0b
        8255000	       824	80001ef0	fc0acb83	lbu	x23,-64(x21)	 x21:0x80008e01 x23=0x00000051 PA:0x80008dc1
        8265000	       825	80001ef4	01345603	lhu	x12,19(x8)	  x8:0x80008be5 x12=0x00000094 PA:0x80008bf8
        8275000	       826	80001ef8	026acb83	lbu	x23,38(x21)	 x21:0x80008e01 x23=0x000000dc PA:0x80008e27
        8285000	       827	80001efc	04044803	lbu	x16,64(x8)	  x8:0x80008be5 x16=0x00000028 PA:0x80008c25
        8295000	       828	80001f00	0bea8b83	lb	x23,190(x21)	 x21:0x80008e01 x23=0xffffffd1 PA:0x80008ebf
        8305000	       829	80001f04	01308023	sb	x19,0(x1)	  x1:0x80008df1 x19:0x00000e16 PA:0x80008df1
        8315000	       830	80001f08	ff208b03	lb	x22,-14(x1)	  x1:0x80008df1 x22=0x00000000 PA:0x80008de3
        8325000	       831	80001f0c	ffff1683	lh	x13,-1(x30)	 x30:0x80008f69 x13=0xffffa040 PA:0x80008f68
        8335000	       832	80001f10	04e9c463	blt	x19,x14,80001f58	 x19:0x00000e16 x14:0x80008dff
        8345000	       833	80001f14	1e7c8a93	addi	x21,x25,487	 x25:0x219e4e1c x21=0x219e5003
        8355000	       834	80001f18	0132f8b3	and	x17,x5,x19	  x5:0xf2a5f488 x19:0x00000e16 x17=0x00000400
        8365000	       835	80001f1c	9cda5337	lui	x6,0x9cda5	  x6=0x9cda5000
        8375000	       836	80001f20	03e91e63	bne	x18,x30,80001f5c	 x18:0x80009fc4 x30:0x80008f69
        8385000	       837	00000000	00000013	addi	x0,x0,0	  x0:0x00000000
        8395000	       838	80001f58	00000013	addi	x0,x0,0	  x0:0x00000000
        8405000	       839	80001f5c	3b89b193	sltiu	x3,x19,952	 x19:0x00000e16  x3=0x00000000
        8415000	       840	80001f60	004c2383	lw	x7,4(x24)	 x24:0x80009f58  x7=0x80000138 PA:0x80009f5c
        8425000	       841	00000000	00000013	addi	x0,x0,0	  x0:0x00000000
        8435000	       842	80001f64	f670fe17	auipc	x28,0xf670f	 x28=0x76710f60
        8445000	       843	80001f68	02cc0c13	addi	x24,x24,44	 x24:0x80009f58 x24=0x80009f84
        8455000	       844	80001f6c	0110d233	srl	x4,x1,x17	  x1:0x80008df1 x17:0x00000400  x4=0x80008df1
        8465000	       845	80001f70	59372693	slti	x13,x14,1427	 x14:0x80008dff x13=0x00000001
        8475000	       846	80001f74	40d681b3	sub	x3,x13,x13	 x13:0x00000001 x13:0x00000001  x3=0x00000000
        8485000	       847	80001f78	000b1733	sll	x14,x22,x0	 x22:0x00000000  x0:0x00000000 x14=0x00000000
        8495000	       848	80001f7c	001dfdb3	and	x27,x27,x1	 x27:0x0000015f  x1:0x80008df1 x27=0x00000151
        8505000	       849	80001f80	40085e33	sra	x28,x16,x0	 x16:0x00000028  x0:0x00000000 x28=0x00000028
        8515000	       850	80001f84	005991b3	sll	x3,x19,x5	 x19:0x00000e16  x5:0xf2a5f488  x3=0x000e1600
        8525000	       851	80001f88	76542993	slti	x19,x8,1893	  x8:0x80008be5 x19=0x00000001
        8535000	       852	80001f8c	00038d93	addi	x27,x7,0	  x7:0x80000138 x27=0x80000138
        8545000	       853	80001f90	000d8de7	jalr	x27,x27,0	 x27:0x80000138 x27=0x80001f90
        8555000	       854	00000000	00000013	addi	x0,x0,0	  x0:0x00000000
        8565000	       855	80000138	00000013	addi	x0,x0,0	  x0:0x00000000
        8575000	       856	8000013c	00008317	auipc	x6,0x8	  x6=0x80008138
        8585000	       857	80000140	65d30313	addi	x6,x6,1629	  x6:0x80008138  x6=0x80008795
        8595000	       858	80000144	05c309a3	sb	x28,83(x6)	  x6:0x80008795 x28:0x00000028 PA:0x800087e8
        8605000	       859	80000148	01e7b6b3	sltu	x13,x15,x30	 x15:0x0000e4d4 x30:0x80008f69 x13=0x00000001
        8615000	       860	8000014c	00000013	addi	x0,x0,0	  x0:0x00000000
        8625000	       861	80000150	00f053b3	srl	x7,x0,x15	  x0:0x00000000 x15:0x0000e4d4  x7=0x00000000
        8635000	       862	80000154	06334383	lbu	x7,99(x6)	  x6:0x80008795  x7=0x0000001b PA:0x800087f8
        8645000	       863	80000158	f2c30a03	lb	x20,-212(x6)	  x6:0x80008795 x20=0xffffffaa PA:0x800086c1
        8655000	       864	8000015c	05a30583	lb	x11,90(x6)	  x6:0x80008795 x11=0x00000041 PA:0x800087ef
        8665000	       865	80000160	134a7e17	auipc	x28,0x134a7	 x28=0x934a715c
        8675000	       866	80000164	fd630703	lb	x14,-42(x6)	  x6:0x80008795 x14=0xffffffb2 PA:0x8000876b
        8685000	       867	80000168	fa331183	lh	x3,-93(x6)	  x6:0x80008795  x3=0x00007665 PA:0x80008738
        8695000	       868	8000016c	a1b6ee93	ori	x29,x13,-1509	 x13:0x00000001 x29=0xfffffa1b
        8705000	       869	80000170	f4e34883	lbu	x17,-178(x6)	  x6:0x80008795 x17=0x0000005c PA:0x800086e3
        8715000	       870	80000174	d1c4f693	andi	x13,x9,-740	  x9:0xffffffe0 x13=0xfffffd00
        8725000	       871	80000178	010e9fb3	sll	x31,x29,x16	 x29:0xfffffa1b x16:0x00000028 x31=0xfffa1b00
        8735000	       872	8000017c	f3130323	sb	x17,-218(x6)	  x6:0x80008795 x17:0x0000005c PA:0x800086bb
        8745000	       873	80000180	0e04b013	sltiu	x0,x9,224	  x9:0xffffffe0
        8755000	       874	80000184	03034e03	lbu	x28,48(x6)	  x6:0x80008795 x28=0x00000065 PA:0x800087c5
        8765000	       875	80000188	000f83b3	add	x7,x31,x0	 x31:0xfffa1b00  x0:0x00000000  x7=0xfffa1b00
        8775000	       876	8000018c	f0e30823	sb	x14,-240(x6)	  x6:0x80008795 x14:0xffffffb2 PA:0x800086a5
        8785000	       877	80000190	f1a34b83	lbu	x23,-230(x6)	  x6:0x80008795 x23=0x00000099 PA:0x800086af
        8795000	       878	80000194	f4c30e23	sb	x12,-164(x6)	  x6:0x80008795 x12:0x00000094 PA:0x800086f1
        8805000	       879	80000198	00000013	addi	x0,x0,0	  x0:0x00000000
        8815000	       880	8000019c	f3330123	sb	x19,-222(x6)	  x6:0x80008795 x19:0x00000001 PA:0x800086b7
        8825000	       881	800001a0	16723b13	sltiu	x22,x4,359	  x4:0x80008df1 x22=0x00000000
        8835000	       882	800001a4	06e34603	lbu	x12,110(x6)	  x6:0x80008795 x12=0x000000b2 PA:0x80008803
        8845000	       883	800001a8	018038b3	sltu	x17,x0,x24	  x0:0x00000000 x24:0x80009f84 x17=0x00000001
        8855000	       884	800001ac	82764d97	auipc	x27,0x82764	 x27=0x027641a8
        8865000	       885	800001b0	00cd8d33	add	x26,x27,x12	 x27:0x027641a8 x12:0x000000b2 x26=0x0276425a
        8875000	       886	800001b4	f7230a23	sb	x18,-140(x6)	  x6:0x80008795 x18:0x80009fc4 PA:0x80008709
        8885000	       887	800001b8	02830a03	lb	x20,40(x6)	  x6:0x80008795 x20=0xfffffff6 PA:0x800087bd
        8895000	       888	800001bc	4183d613	srai	x12,x7,0x18	  x7:0xfffa1b00 x12=0xffffffff
        8905000	       889	800001c0	07e30883	lb	x17,126(x6)	  x6:0x80008795 x17=0x00000047 PA:0x80008813
        8915000	       890	800001c4	f4830b03	lb	x22,-184(x6)	  x6:0x80008795 x22=0x0000001e PA:0x800086dd
        8925000	       891	800001c8	01aab7b3	sltu	x15,x21,x26	 x21:0x219e5003 x26:0x0276425a x15=0x00000000
        8935000	       892	800001cc	002bd713	srli	x14,x23,0x2	 x23:0x00000099 x14=0x00000026
        8945000	       893	800001d0	ff3329a3	sw	x19,-13(x6)	  x6:0x80008795 x19:0x00000001 PA:0x80008788
        8955000	       894	800001d4	00009f17	auipc	x30,0x9	 x30=0x800091d0
        8965000	       895	800001d8	891f0f13	addi	x30,x30,-1903	 x30:0x800091d0 x30=0x80008a61
        8975000	       896	800001dc	00009197	auipc	x3,0x9	  x3=0x800091d8
        8985000	       897	800001e0	bde18193	addi	x3,x3,-1058	  x3:0x800091d8  x3=0x80008db6
        8995000	       898	800001e4	ff71c383	lbu	x7,-9(x3)	  x3:0x80008db6  x7=0x0000004b PA:0x80008dad
        9005000	       899	800001e8	00918e03	lb	x28,9(x3)	  x3:0x80008db6 x28=0x0000002c PA:0x80008dbf
        9015000	       900	800001ec	038f0423	sb	x24,40(x30)	 x30:0x80008a61 x24:0x80009f84 PA:0x80008a89
        9025000	       901	800001f0	00e1a523	sw	x14,10(x3)	  x3:0x80008db6 x14:0x00000026 PA:0x80008dc0
        9035000	       902	800001f4	025f0723	sb	x5,46(x30)	 x30:0x80008a61  x5:0xf2a5f488 PA:0x80008a8f
        9045000	       903	800001f8	fe018aa3	sb	x0,-11(x3)	  x3:0x80008db6  x0:0x00000000 PA:0x80008dab
        9055000	       904	800001fc	01bf1203	lh	x4,27(x30)	 x30:0x80008a61  x4=0xffffa555 PA:0x80008a7c
        9065000	       905	80000200	fcbf4083	lbu	x1,-53(x30)	 x30:0x80008a61  x1=0x0000001e PA:0x80008a2c
        9075000	       906	80000204	017f0d83	lb	x27,23(x30)	 x30:0x80008a61 x27=0xffffffc3 PA:0x80008a78
        9085000	       907	80000208	fd9f1ea3	sh	x25,-35(x30)	 x30:0x80008a61 x25:0x219e4e1c PA:0x80008a3e
        9095000	       908	8000020c	fe518ba3	sb	x5,-9(x3)	  x3:0x80008db6  x5:0xf2a5f488 PA:0x80008dad
        9105000	       909	80000210	fd7f2103	lw	x2,-41(x30)	 x30:0x80008a61  x2=0xbf865102 PA:0x80008a38
        9115000	       910	80000214	ffc1c103	lbu	x2,-4(x3)	  x3:0x80008db6  x2=0x00000075 PA:0x80008db2
        9125000	       911	80000218	00c18c83	lb	x25,12(x3)	  x3:0x80008db6 x25=0x00000000 PA:0x80008dc2
        9135000	       912	8000021c	ff318823	sb	x19,-16(x3)	  x3:0x80008db6 x19:0x00000001 PA:0x80008da6
        9145000	       913	80000220	fcdf0223	sb	x13,-60(x30)	 x30:0x80008a61 x13:0xfffffd00 PA:0x80008a25
        9155000	       914	80000224	024f0503	lb	x10,36(x30)	 x30:0x80008a61 x10=0xffffffa0 PA:0x80008a85
        9165000	       915	80000228	00009117	auipc	x2,0x9	  x2=0x80009224
        9175000	       916	8000022c	9f010113	addi	x2,x2,-1552	  x2:0x80009224  x2=0x80008c14
        9185000	       917	80000230	01d100a3	sb	x29,1(x2)	  x2:0x80008c14 x29:0xfffffa1b PA:0x80008c15
        9195000	       918	80000234	00114d83	lbu	x27,1(x2)	  x2:0x80008c14 x27=0x0000001b PA:0x80008c15
        9205000	       919	80000238	00a100a3	sb	x10,1(x2)	  x2:0x80008c14 x10:0xffffffa0 PA:0x80008c15
        9215000	       920	8000023c	00d10503	lb	x10,13(x2)	  x2:0x80008c14 x10=0xffffffb5 PA:0x80008c21
        9225000	       921	80000240	00710183	lb	x3,7(x2)	  x2:0x80008c14  x3=0xffffff9f PA:0x80008c1b
        9235000	       922	80000244	ff810ea3	sb	x24,-3(x2)	  x2:0x80008c14 x24:0x80009f84 PA:0x80008c11
        9245000	       923	80000248	ffd14583	lbu	x11,-3(x2)	  x2:0x80008c14 x11=0x00000084 PA:0x80008c11
        9255000	       924	8000024c	ff110ea3	sb	x17,-3(x2)	  x2:0x80008c14 x17:0x00000047 PA:0x80008c11
        9265000	       925	80000250	ffd14203	lbu	x4,-3(x2)	  x2:0x80008c14  x4=0x00000047 PA:0x80008c11
        9275000	       926	80000254	ffd10503	lb	x10,-3(x2)	  x2:0x80008c14 x10=0x00000047 PA:0x80008c11
        9285000	       927	80000258	010a0bb3	add	x23,x20,x16	 x20:0xfffffff6 x16:0x00000028 x23=0x0000001e
        9295000	       928	8000025c	ffd10503	lb	x10,-3(x2)	  x2:0x80008c14 x10=0x00000047 PA:0x80008c11
        9305000	       929	80000260	ffd10c83	lb	x25,-3(x2)	  x2:0x80008c14 x25=0x00000047 PA:0x80008c11
        9315000	       930	80000264	ffd14383	lbu	x7,-3(x2)	  x2:0x80008c14  x7=0x00000047 PA:0x80008c11
        9325000	       931	80000268	01f10823	sb	x31,16(x2)	  x2:0x80008c14 x31:0xfffa1b00 PA:0x80008c24
        9335000	       932	8000026c	01014e03	lbu	x28,16(x2)	  x2:0x80008c14 x28=0x00000000 PA:0x80008c24
        9345000	       933	80000270	001101a3	sb	x1,3(x2)	  x2:0x80008c14  x1:0x0000001e PA:0x80008c17
        9355000	       934	80000274	fe110ea3	sb	x1,-3(x2)	  x2:0x80008c14  x1:0x0000001e PA:0x80008c11
        9365000	       935	80000278	ffd14f03	lbu	x30,-3(x2)	  x2:0x80008c14 x30=0x0000001e PA:0x80008c11
        9375000	       936	8000027c	fe710ea3	sb	x7,-3(x2)	  x2:0x80008c14  x7:0x00000047 PA:0x80008c11
        9385000	       937	80000280	41d50fb3	sub	x31,x10,x29	 x10:0x00000047 x29:0xfffffa1b x31=0x0000062c
        9395000	       938	80000284	00a28233	add	x4,x5,x10	  x5:0xf2a5f488 x10:0x00000047  x4=0xf2a5f4cf
        9405000	       939	80000288	40ea57b3	sra	x15,x20,x14	 x20:0xfffffff6 x14:0x00000026 x15=0xffffffff
        9415000	       940	8000028c	075e2b13	slti	x22,x28,117	 x28:0x00000000 x22=0x00000001
        9425000	       941	80000290	01d91813	slli	x16,x18,0x1d	 x18:0x80009fc4 x16=0x80000000
        9435000	       942	80000294	b04bf013	andi	x0,x23,-1276	 x23:0x0000001e
        9445000	       943	80000298	e8c1a093	slti	x1,x3,-372	  x3:0xffffff9f  x1=0x00000000
        9455000	       944	8000029c	40625113	srai	x2,x4,0x6	  x4:0xf2a5f4cf  x2=0xffca97d3
        9465000	       945	800002a0	b9561337	lui	x6,0xb9561	  x6=0xb9561000
        9475000	       946	800002a4	40b1da33	sra	x20,x3,x11	  x3:0xffffff9f x11:0x00000084 x20=0xfffffff9
        9485000	       947	800002a8	001276b3	and	x13,x4,x1	  x4:0xf2a5f4cf  x1:0x00000000 x13=0x00000000
        9495000	       948	800002ac	00bb8e63	beq	x23,x11,800002c8	 x23:0x0000001e x11:0x00000084
        9505000	       949	800002b0	01985a63	bge	x16,x25,800002c4	 x16:0x80000000 x25:0x00000047
        9515000	       950	800002b4	3b5eaf93	slti	x31,x29,949	 x29:0xfffffa1b x31=0x00000001
        9525000	       951	800002b8	1517fb13	andi	x22,x15,337	 x15:0xffffffff x22=0x00000151
        9535000	       952	800002bc	0022fb33	and	x22,x5,x2	  x5:0xf2a5f488  x2:0xffca97d3 x22=0xf2809480
        9545000	       953	800002c0	a0ef6993	ori	x19,x30,-1522	 x30:0x0000001e x19=0xfffffa1e
        9555000	       954	800002c4	45813413	sltiu	x8,x2,1112	  x2:0xffca97d3  x8=0x00000000
        9565000	       955	800002c8	d78b4413	xori	x8,x22,-648	 x22:0xf2809480  x8=0x0d7f69f8
        9575000	       956	800002cc	00000013	addi	x0,x0,0	  x0:0x00000000
        9585000	       957	800002d0	e54e0f13	addi	x30,x28,-428	 x28:0x00000000 x30=0xfffffe54
        9595000	       958	800002d4	070e6e63	bltu	x28,x16,80000350	 x28:0x00000000 x16:0x80000000
        9605000	       959	00000000	00000013	addi	x0,x0,0	  x0:0x00000000
        9615000	       960	8000034c	00000013	addi	x0,x0,0	  x0:0x00000000
        9625000	       961	80000350	744fc493	xori	x9,x31,1860	 x31:0x00000001  x9=0x00000745
        9635000	       962	80000354	84113793	sltiu	x15,x2,-1983	  x2:0xffca97d3 x15=0x00000001
        9645000	       963	80000358	01c27033	and	x0,x4,x28	  x4:0xf2a5f4cf x28:0x00000000
        9655000	       964	8000035c	01b0d413	srli	x8,x1,0x1b	  x1:0x00000000  x8=0x00000000
        9665000	       965	80000360	01b6a1b3	slt	x3,x13,x27	 x13:0x00000000 x27:0x0000001b  x3=0x00000001
        9675000	       966	80000364	49296a93	ori	x21,x18,1170	 x18:0x80009fc4 x21=0x80009fd6
        9685000	       967	80000368	00001863	bne	x0,x0,80000378	  x0:0x00000000  x0:0x00000000
        9695000	       968	8000036c	017e93b3	sll	x7,x29,x23	 x29:0xfffffa1b x23:0x0000001e  x7=0xc0000000
        9705000	       969	80000370	01ba0863	beq	x20,x27,80000380	 x20:0xfffffff9 x27:0x0000001b
        9715000	       970	80000374	02429063	bne	x5,x4,80000394	  x5:0xf2a5f488  x4:0xf2a5f4cf
        9725000	       971	00000000	00000013	addi	x0,x0,0	  x0:0x00000000
        9735000	       972	80000390	00000013	addi	x0,x0,0	  x0:0x00000000
        9745000	       973	80000394	9be7f193	andi	x3,x15,-1602	 x15:0x00000001  x3=0x00000000
        9755000	       974	80000398	00000297	auipc	x5,0x0	  x5=0x80000394
        9765000	       975	8000039c	00c28293	addi	x5,x5,12	  x5:0x80000394  x5=0x800003a0
        9775000	       976	800003a0	00028067	jalr	x0,x5,0	  x5:0x800003a0
        9785000	       977	00000000	00000013	addi	x0,x0,0	  x0:0x00000000
        9795000	       978	800003a0	00000013	addi	x0,x0,0	  x0:0x00000000
        9805000	       979	800003a4	00100193	addi	x3,x0,1	  x0:0x00000000  x3=0x00000001
        9815000	       980	800003a8	00000073	ecall	
        9825000	       981	800003ac	ae96c413	xori	x8,x13,-1303	 x13:0x00000000  x8=0xfffffae9
