		Time			Cycle	PC		Insn	Decoded instruction	Register and memory contents
          65000	         5	80000004	00000293	addi	x5,x0,0	  x0:0x00000000  x5=0x00000000
          75000	         6	80000008	00000313	addi	x6,x0,0	  x0:0x00000000  x6=0x00000000
          85000	         7	8000000c	00628263	beq	x5,x6,80000010	  x5:0x00000000  x6:0x00000000
          95000	         8	00000000	00000013	addi	x0,x0,0	  x0:0x00000000
         105000	         9	8000000c	00000013	addi	x0,x0,0	  x0:0x00000000
         115000	        10	80000010	00000f17	auipc	x30,0x0	 x30=0x8000000c
         125000	        11	80000014	00cf0f13	addi	x30,x30,12	 x30:0x8000000c x30=0x80000018
         135000	        12	80000018	000f0067	jalr	x0,x30,0	 x30:0x80000018
         145000	        13	00000000	00000013	addi	x0,x0,0	  x0:0x00000000
         155000	        14	80000018	00000013	addi	x0,x0,0	  x0:0x00000000
         165000	        15	8000001c	40000437	lui	x8,0x40000	  x8=0x40000000
         175000	        16	80000020	10040413	addi	x8,x8,256	  x8:0x40000000  x8=0x40000100
         185000	        17	80000024	00000013	addi	x0,x0,0	  x0:0x00000000
         195000	        18	80000028	0000ae17	auipc	x28,0xa	 x28=0x8000a024
         205000	        19	8000002c	fa0e0e13	addi	x28,x28,-96	 x28:0x8000a024 x28=0x80009fc4
         215000	        20	80000030	00003417	auipc	x8,0x3	  x8=0x8000302c
         225000	        21	80000034	82440413	addi	x8,x8,-2012	  x8:0x8000302c  x8=0x80002850
         235000	        22	80000038	00146413	ori	x8,x8,1	  x8:0x80002850  x8=0x80002851
         245000	        23	8000003c	00000013	addi	x0,x0,0	  x0:0x00000000
         255000	        24	80000040	00000417	auipc	x8,0x0	  x8=0x8000003c
         265000	        25	80000044	02040413	addi	x8,x8,32	  x8:0x8000003c  x8=0x8000005c
         275000	        26	80000048	00000013	addi	x0,x0,0	  x0:0x00000000
         285000	        27	8000004c	00000013	addi	x0,x0,0	  x0:0x00000000
         295000	        28	80000050	00002437	lui	x8,0x2	  x8=0x00002000
         305000	        29	80000054	80040413	addi	x8,x8,-2048	  x8:0x00002000  x8=0x00001800
         315000	        30	80000058	00000013	addi	x0,x0,0	  x0:0x00000000
         325000	        31	8000005c	00000013	addi	x0,x0,0	  x0:0x00000000
         335000	        32	80000060	50b9c037	lui	x0,0x50b9c	
         345000	        33	80000064	67300013	addi	x0,x0,1651	  x0:0x00000000
         355000	        34	80000068	800000b7	lui	x1,0x80000	  x1=0x80000000
         365000	        35	8000006c	00000113	addi	x2,x0,0	  x0:0x00000000  x2=0x00000000
         375000	        36	80000070	00000193	addi	x3,x0,0	  x0:0x00000000  x3=0x00000000
         385000	        37	80000074	fd203237	lui	x4,0xfd203	  x4=0xfd203000
         395000	        38	80000078	2d620213	addi	x4,x4,726	  x4:0xfd203000  x4=0xfd2032d6
         405000	        39	8000007c	fa9d92b7	lui	x5,0xfa9d9	  x5=0xfa9d9000
         415000	        40	80000080	5ab28293	addi	x5,x5,1451	  x5:0xfa9d9000  x5=0xfa9d95ab
         425000	        41	80000084	f28ae337	lui	x6,0xf28ae	  x6=0xf28ae000
         435000	        42	80000088	5a730313	addi	x6,x6,1447	  x6:0xf28ae000  x6=0xf28ae5a7
         445000	        43	8000008c	800003b7	lui	x7,0x80000	  x7=0x80000000
         455000	        44	80000090	24a83437	lui	x8,0x24a83	  x8=0x24a83000
         465000	        45	80000094	30940413	addi	x8,x8,777	  x8:0x24a83000  x8=0x24a83309
         475000	        46	80000098	00000493	addi	x9,x0,0	  x0:0x00000000  x9=0x00000000
         485000	        47	8000009c	80000537	lui	x10,0x80000	 x10=0x80000000
         495000	        48	800000a0	da3785b7	lui	x11,0xda378	 x11=0xda378000
         505000	        49	800000a4	59658593	addi	x11,x11,1430	 x11:0xda378000 x11=0xda378596
         515000	        50	800000a8	7ebf3637	lui	x12,0x7ebf3	 x12=0x7ebf3000
         525000	        51	800000ac	f5560613	addi	x12,x12,-171	 x12:0x7ebf3000 x12=0x7ebf2f55
         535000	        52	800000b0	00300693	addi	x13,x0,3	  x0:0x00000000 x13=0x00000003
         545000	        53	800000b4	f0698737	lui	x14,0xf0698	 x14=0xf0698000
         555000	        54	800000b8	2f770713	addi	x14,x14,759	 x14:0xf0698000 x14=0xf06982f7
         565000	        55	800000bc	79ddc7b7	lui	x15,0x79ddc	 x15=0x79ddc000
         575000	        56	800000c0	3fc78793	addi	x15,x15,1020	 x15:0x79ddc000 x15=0x79ddc3fc
         585000	        57	800000c4	6fc70837	lui	x16,0x6fc70	 x16=0x6fc70000
         595000	        58	800000c8	0e880813	addi	x16,x16,232	 x16:0x6fc70000 x16=0x6fc700e8
         605000	        59	800000cc	00000893	addi	x17,x0,0	  x0:0x00000000 x17=0x00000000
         615000	        60	800000d0	80000937	lui	x18,0x80000	 x18=0x80000000
         625000	        61	800000d4	00000993	addi	x19,x0,0	  x0:0x00000000 x19=0x00000000
         635000	        62	800000d8	2d114a37	lui	x20,0x2d114	 x20=0x2d114000
         645000	        63	800000dc	d9aa0a13	addi	x20,x20,-614	 x20:0x2d114000 x20=0x2d113d9a
         655000	        64	800000e0	00e00b13	addi	x22,x0,14	  x0:0x00000000 x22=0x0000000e
         665000	        65	800000e4	00000b93	addi	x23,x0,0	  x0:0x00000000 x23=0x00000000
         675000	        66	800000e8	f82fec37	lui	x24,0xf82fe	 x24=0xf82fe000
         685000	        67	800000ec	663c0c13	addi	x24,x24,1635	 x24:0xf82fe000 x24=0xf82fe663
         695000	        68	800000f0	89630cb7	lui	x25,0x89630	 x25=0x89630000
         705000	        69	800000f4	476c8c93	addi	x25,x25,1142	 x25:0x89630000 x25=0x89630476
         715000	        70	800000f8	00000d13	addi	x26,x0,0	  x0:0x00000000 x26=0x00000000
         725000	        71	800000fc	dfef9db7	lui	x27,0xdfef9	 x27=0xdfef9000
         735000	        72	80000100	70bd8d93	addi	x27,x27,1803	 x27:0xdfef9000 x27=0xdfef970b
         745000	        73	80000104	fda61eb7	lui	x29,0xfda61	 x29=0xfda61000
         755000	        74	80000108	6f7e8e93	addi	x29,x29,1783	 x29:0xfda61000 x29=0xfda616f7
         765000	        75	8000010c	56e78f37	lui	x30,0x56e78	 x30=0x56e78000
         775000	        76	80000110	aa6f0f13	addi	x30,x30,-1370	 x30:0x56e78000 x30=0x56e77aa6
         785000	        77	80000114	00300f93	addi	x31,x0,3	  x0:0x00000000 x31=0x00000003
         795000	        78	80000118	0000aa97	auipc	x21,0xa	 x21=0x8000a114
         805000	        79	8000011c	e70a8a93	addi	x21,x21,-400	 x21:0x8000a114 x21=0x80009f84
         815000	        80	80000120	00008117	auipc	x2,0x8	  x2=0x8000811c
         825000	        81	80000124	65910113	addi	x2,x2,1625	  x2:0x8000811c  x2=0x80008775
         835000	        82	80000128	09610c83	lb	x25,150(x2)	  x2:0x80008775 x25=0xffffffc0 PA:0x8000880b
         845000	        83	8000012c	1ee43d93	sltiu	x27,x8,494	  x8:0x24a83309 x27=0x00000000
         855000	        84	80000130	07814503	lbu	x10,120(x2)	  x2:0x80008775 x10=0x000000a6 PA:0x800087ed
         865000	        85	80000134	07310c23	sb	x19,120(x2)	  x2:0x80008775 x19:0x00000000 PA:0x800087ed
         875000	        86	80000138	f1410b03	lb	x22,-236(x2)	  x2:0x80008775 x22=0x00000042 PA:0x80008689
         885000	        87	8000013c	02e14883	lbu	x17,46(x2)	  x2:0x80008775 x17=0x00000058 PA:0x800087a3
         895000	        88	80000140	02110723	sb	x1,46(x2)	  x2:0x80008775  x1:0x80000000 PA:0x800087a3
         905000	        89	80000144	03310723	sb	x19,46(x2)	  x2:0x80008775 x19:0x00000000 PA:0x800087a3
         915000	        90	80000148	f6210803	lb	x16,-158(x2)	  x2:0x80008775 x16=0xffffff8c PA:0x800086d7
         925000	        91	8000014c	f1a14683	lbu	x13,-230(x2)	  x2:0x80008775 x13=0x00000044 PA:0x8000868f
         935000	        92	80000150	fc210b03	lb	x22,-62(x2)	  x2:0x80008775 x22=0xffffffec PA:0x80008737
         945000	        93	80000154	fd810123	sb	x24,-62(x2)	  x2:0x80008775 x24:0xf82fe663 PA:0x80008737
         955000	        94	80000158	fb312e83	lw	x29,-77(x2)	  x2:0x80008775 x29=0xe0e1e2e3 PA:0x80008728
         965000	        95	8000015c	fad129a3	sw	x13,-77(x2)	  x2:0x80008775 x13:0x00000044 PA:0x80008728
         975000	        96	80000160	00008117	auipc	x2,0x8	  x2=0x8000815c
         985000	        97	80000164	3ed10113	addi	x2,x2,1005	  x2:0x8000815c  x2=0x80008549
         995000	        98	80000168	ff110e83	lb	x29,-15(x2)	  x2:0x80008549 x29=0xfffffff1 PA:0x8000853a
        1005000	        99	8000016c	ff110503	lb	x10,-15(x2)	  x2:0x80008549 x10=0xfffffff1 PA:0x8000853a
        1015000	       100	80000170	ff115c03	lhu	x24,-15(x2)	  x2:0x80008549 x24=0x0000f0f1 PA:0x8000853a
        1025000	       101	80000174	ff110803	lb	x16,-15(x2)	  x2:0x80008549 x16=0xfffffff1 PA:0x8000853a
        1035000	       102	80000178	ff110183	lb	x3,-15(x2)	  x2:0x80008549  x3=0xfffffff1 PA:0x8000853a
        1045000	       103	8000017c	ff115c83	lhu	x25,-15(x2)	  x2:0x80008549 x25=0x0000f0f1 PA:0x8000853a
        1055000	       104	80000180	ff114803	lbu	x16,-15(x2)	  x2:0x80008549 x16=0x000000f1 PA:0x8000853a
        1065000	       105	80000184	5e68e793	ori	x15,x17,1510	 x17:0x00000058 x15=0x000005fe
        1075000	       106	80000188	ff114a03	lbu	x20,-15(x2)	  x2:0x80008549 x20=0x000000f1 PA:0x8000853a
        1085000	       107	8000018c	0038beb3	sltu	x29,x17,x3	 x17:0x00000058  x3:0xfffffff1 x29=0x00000001
        1095000	       108	80000190	ff6108a3	sb	x22,-15(x2)	  x2:0x80008549 x22:0xffffffec PA:0x8000853a
        1105000	       109	80000194	ff110583	lb	x11,-15(x2)	  x2:0x80008549 x11=0xffffffec PA:0x8000853a
        1115000	       110	80000198	ff110783	lb	x15,-15(x2)	  x2:0x80008549 x15=0xffffffec PA:0x8000853a
        1125000	       111	8000019c	407f5db3	sra	x27,x30,x7	 x30:0x56e77aa6  x7:0x80000000 x27=0x56e77aa6
        1135000	       112	800001a0	ff3118a3	sh	x19,-15(x2)	  x2:0x80008549 x19:0x00000000 PA:0x8000853a
        1145000	       113	800001a4	ff114403	lbu	x8,-15(x2)	  x2:0x80008549  x8=0x00000000 PA:0x8000853a
        1155000	       114	800001a8	ff114203	lbu	x4,-15(x2)	  x2:0x80008549  x4=0x00000000 PA:0x8000853a
        1165000	       115	800001ac	fe9108a3	sb	x9,-15(x2)	  x2:0x80008549  x9:0x00000000 PA:0x8000853a
        1175000	       116	800001b0	fe6118a3	sh	x6,-15(x2)	  x2:0x80008549  x6:0xf28ae5a7 PA:0x8000853a
        1185000	       117	800001b4	418f80b3	sub	x1,x31,x24	 x31:0x00000003 x24:0x0000f0f1  x1=0xffff0f12
        1195000	       118	800001b8	ed396c93	ori	x25,x18,-301	 x18:0x80000000 x25=0xfffffed3
        1205000	       119	800001bc	ff110c83	lb	x25,-15(x2)	  x2:0x80008549 x25=0xffffffa7 PA:0x8000853a
        1215000	       120	800001c0	ff114883	lbu	x17,-15(x2)	  x2:0x80008549 x17=0x000000a7 PA:0x8000853a
        1225000	       121	800001c4	00009117	auipc	x2,0x9	  x2=0x800091c0
        1235000	       122	800001c8	c9f10113	addi	x2,x2,-865	  x2:0x800091c0  x2=0x80008e5f
        1245000	       123	800001cc	00009b17	auipc	x22,0x9	 x22=0x800091c8
        1255000	       124	800001d0	a92b0b13	addi	x22,x22,-1390	 x22:0x800091c8 x22=0x80008c5a
        1265000	       125	800001d4	00009997	auipc	x19,0x9	 x19=0x800091d0
        1275000	       126	800001d8	b8198993	addi	x19,x19,-1151	 x19:0x800091d0 x19=0x80008d51
        1285000	       127	800001dc	f2f15303	lhu	x6,-209(x2)	  x2:0x80008e5f  x6=0x00007475 PA:0x80008d8e
        1295000	       128	800001e0	09b10283	lb	x5,155(x2)	  x2:0x80008e5f  x5=0xffffffe1 PA:0x80008efa
        1305000	       129	800001e4	03298583	lb	x11,50(x19)	 x19:0x80008d51 x11=0x00000068 PA:0x80008d83
        1315000	       130	800001e8	00008097	auipc	x1,0x8	  x1=0x800081e4
        1325000	       131	800001ec	65208093	addi	x1,x1,1618	  x1:0x800081e4  x1=0x80008836
        1335000	       132	800001f0	fe59d683	lhu	x13,-27(x19)	 x19:0x80008d51 x13=0x00001c1d PA:0x80008d36
        1345000	       133	800001f4	03910f83	lb	x31,57(x2)	  x2:0x80008e5f x31=0xffffff83 PA:0x80008e98
        1355000	       134	800001f8	ff7b0603	lb	x12,-9(x22)	 x22:0x80008c5a x12=0x0000003a PA:0x80008c51
        1365000	       135	800001fc	00bb0183	lb	x3,11(x22)	 x22:0x80008c5a  x3=0x0000004e PA:0x80008c65
        1375000	       136	80000200	fba98383	lb	x7,-70(x19)	 x19:0x80008d51  x7=0xfffffff0 PA:0x80008d0b
        1385000	       137	80000204	fc199aa3	sh	x1,-43(x19)	 x19:0x80008d51  x1:0x80008836 PA:0x80008d26
        1395000	       138	80000208	f5e128a3	sw	x30,-175(x2)	  x2:0x80008e5f x30:0x56e77aa6 PA:0x80008db0
        1405000	       139	8000020c	25609a03	lh	x20,598(x1)	  x1:0x80008836 x20=0x00007677 PA:0x80008a8c
        1415000	       140	80000210	0aa98da3	sb	x10,187(x19)	 x19:0x80008d51 x10:0xfffffff1 PA:0x80008e0c
        1425000	       141	80000214	f90113a3	sh	x16,-121(x2)	  x2:0x80008e5f x16:0x000000f1 PA:0x80008de6
        1435000	       142	80000218	018b1723	sh	x24,14(x22)	 x22:0x80008c5a x24:0x0000f0f1 PA:0x80008c68
        1445000	       143	8000021c	f5d10d23	sb	x29,-166(x2)	  x2:0x80008e5f x29:0x00000001 PA:0x80008db9
        1455000	       144	80000220	74108303	lb	x6,1857(x1)	  x1:0x80008836  x6=0x0000005c PA:0x80008f77
        1465000	       145	80000224	1f50cc03	lbu	x24,501(x1)	  x1:0x80008836 x24=0x00000010 PA:0x80008a2b
        1475000	       146	80000228	fbd981a3	sb	x29,-93(x19)	 x19:0x80008d51 x29:0x00000001 PA:0x80008cf4
        1485000	       147	8000022c	ff0b0803	lb	x16,-16(x22)	 x22:0x80008c5a x16=0x00000031 PA:0x80008c4a
        1495000	       148	80000230	f0d98e23	sb	x13,-228(x19)	 x19:0x80008d51 x13:0x00001c1d PA:0x80008c6d
        1505000	       149	80000234	00898d83	lb	x27,8(x19)	 x19:0x80008d51 x27=0x00000042 PA:0x80008d59
        1515000	       150	80000238	0c110d03	lb	x26,193(x2)	  x2:0x80008e5f x26=0x0000000b PA:0x80008f20
        1525000	       151	8000023c	3be09383	lh	x7,958(x1)	  x1:0x80008836  x7=0xffffdedf PA:0x80008bf4
        1535000	       152	80000240	f8c98803	lb	x16,-116(x19)	 x19:0x80008d51 x16=0xffffffc6 PA:0x80008cdd
        1545000	       153	80000244	0579dd83	lhu	x27,87(x19)	 x19:0x80008d51 x27=0x00009293 PA:0x80008da8
        1555000	       154	80000248	0cd112a3	sh	x13,197(x2)	  x2:0x80008e5f x13:0x00001c1d PA:0x80008f24
        1565000	       155	8000024c	00ab1703	lh	x14,10(x22)	 x22:0x80008c5a x14=0x00004e4f PA:0x80008c64
        1575000	       156	80000250	0cd11d03	lh	x26,205(x2)	  x2:0x80008e5f x26=0x00001617 PA:0x80008f2c
        1585000	       157	80000254	03810d03	lb	x26,56(x2)	  x2:0x80008e5f x26=0x0000007c PA:0x80008e97
        1595000	       158	80000258	68f08403	lb	x8,1679(x1)	  x1:0x80008836  x8=0xffffffae PA:0x80008ec5
        1605000	       159	8000025c	00008117	auipc	x2,0x8	  x2=0x80008258
        1615000	       160	80000260	7f010113	addi	x2,x2,2032	  x2:0x80008258  x2=0x80008a48
        1625000	       161	80000264	03a11303	lh	x6,58(x2)	  x2:0x80008a48  x6=0x00006869 PA:0x80008a82
        1635000	       162	80000268	fec11323	sh	x12,-26(x2)	  x2:0x80008a48 x12:0x0000003a PA:0x80008a2e
        1645000	       163	8000026c	00c11723	sh	x12,14(x2)	  x2:0x80008a48 x12:0x0000003a PA:0x80008a56
        1655000	       164	80000270	01e11723	sh	x30,14(x2)	  x2:0x80008a48 x30:0x56e77aa6 PA:0x80008a56
        1665000	       165	80000274	00d10883	lb	x17,13(x2)	  x2:0x80008a48 x17=0x0000003e PA:0x80008a55
        1675000	       166	80000278	00d14883	lbu	x17,13(x2)	  x2:0x80008a48 x17=0x0000003e PA:0x80008a55
        1685000	       167	8000027c	ff415e83	lhu	x29,-12(x2)	  x2:0x80008a48 x29=0x00002627 PA:0x80008a3c
        1695000	       168	80000280	00512c23	sw	x5,24(x2)	  x2:0x80008a48  x5:0xffffffe1 PA:0x80008a60
        1705000	       169	80000284	fdd105a3	sb	x29,-53(x2)	  x2:0x80008a48 x29:0x00002627 PA:0x80008a13
        1715000	       170	80000288	02314883	lbu	x17,35(x2)	  x2:0x80008a48 x17=0x00000050 PA:0x80008a6b
        1725000	       171	8000028c	02314a03	lbu	x20,35(x2)	  x2:0x80008a48 x20=0x00000050 PA:0x80008a6b
        1735000	       172	80000290	02314003	lbu	x0,35(x2)	  x2:0x80008a48 PA:0x80008a6b
        1745000	       173	80000294	02b10f83	lb	x31,43(x2)	  x2:0x80008a48 x31=0x00000058 PA:0x80008a73
        1755000	       174	80000298	67603093	sltiu	x1,x0,1654	  x0:0x00000000  x1=0x00000001
        1765000	       175	8000029c	02b10583	lb	x11,43(x2)	  x2:0x80008a48 x11=0x00000058 PA:0x80008a73
        1775000	       176	00000000	00000013	addi	x0,x0,0	  x0:0x00000000
        1785000	       177	800002a0	02b10203	lb	x4,43(x2)	  x2:0x80008a48  x4=0x00000058 PA:0x80008a73
        1795000	       178	800002a4	027105a3	sb	x7,43(x2)	  x2:0x80008a48  x7:0xffffdedf PA:0x80008a73
        1805000	       179	800002a8	0149fbb3	and	x23,x19,x20	 x19:0x80008d51 x20:0x00000050 x23=0x00000050
        1815000	       180	800002ac	007665b3	or	x11,x12,x7	 x12:0x0000003a  x7:0xffffdedf x11=0xffffdeff
        1825000	       181	800002b0	fef107a3	sb	x15,-17(x2)	  x2:0x80008a48 x15:0xffffffec PA:0x80008a37
        1835000	       182	800002b4	fef14e83	lbu	x29,-17(x2)	  x2:0x80008a48 x29=0x000000ec PA:0x80008a37
        1845000	       183	800002b8	00009f97	auipc	x31,0x9	 x31=0x800092b4
        1855000	       184	800002bc	b52f8f93	addi	x31,x31,-1198	 x31:0x800092b4 x31=0x80008e06
        1865000	       185	800002c0	00009d97	auipc	x27,0x9	 x27=0x800092bc
        1875000	       186	800002c4	c19d8d93	addi	x27,x27,-999	 x27:0x800092bc x27=0x80008ed5
        1885000	       187	800002c8	ff3d8923	sb	x19,-14(x27)	 x27:0x80008ed5 x19:0x80008d51 PA:0x80008ec7
        1895000	       188	800002cc	00009797	auipc	x15,0x9	 x15=0x800092c8
        1905000	       189	800002d0	c1478793	addi	x15,x15,-1004	 x15:0x800092c8 x15=0x80008edc
        1915000	       190	800002d4	00008397	auipc	x7,0x8	  x7=0x800082d0
        1925000	       191	800002d8	5f938393	addi	x7,x7,1529	  x7:0x800082d0  x7=0x800088c9
        1935000	       192	800002dc	d85f8ca3	sb	x5,-615(x31)	 x31:0x80008e06  x5:0xffffffe1 PA:0x80008b9f
        1945000	       193	800002e0	a6279923	sh	x2,-1422(x15)	 x15:0x80008edc  x2:0x80008a48 PA:0x8000894e
        1955000	       194	800002e4	b8778b23	sb	x7,-1130(x15)	 x15:0x80008edc  x7:0x800088c9 PA:0x80008a72
        1965000	       195	800002e8	feb38a23	sb	x11,-12(x7)	  x7:0x800088c9 x11:0xffffdeff PA:0x800088bd
        1975000	       196	800002ec	01cd8683	lb	x13,28(x27)	 x27:0x80008ed5 x13=0xffffffda PA:0x80008ef1
        1985000	       197	800002f0	aa57c483	lbu	x9,-1371(x15)	 x15:0x80008edc  x9=0x0000006a PA:0x80008981
        1995000	       198	800002f4	00009097	auipc	x1,0x9	  x1=0x800092f0
        2005000	       199	800002f8	90508093	addi	x1,x1,-1787	  x1:0x800092f0  x1=0x80008bf5
        2015000	       200	800002fc	fcad8523	sb	x10,-54(x27)	 x27:0x80008ed5 x10:0xfffffff1 PA:0x80008e9f
        2025000	       201	80000300	c6efa983	lw	x19,-914(x31)	 x31:0x80008e06 x19=0x5c5d5e5f PA:0x80008a74
        2035000	       202	80000304	0c9f8403	lb	x8,201(x31)	 x31:0x80008e06  x8=0xffffffb4 PA:0x80008ecf
        2045000	       203	80000308	9a978aa3	sb	x9,-1611(x15)	 x15:0x80008edc  x9:0x0000006a PA:0x80008891
        2055000	       204	8000030c	ff109d03	lh	x26,-15(x1)	  x1:0x80008bf5 x26=0xffffcccd PA:0x80008be6
        2065000	       205	80000310	c1bfc503	lbu	x10,-997(x31)	 x31:0x80008e06 x10=0x0000000a PA:0x80008a21
        2075000	       206	80000314	01bdab03	lw	x22,27(x27)	 x27:0x80008ed5 x22=0xd8d9dadb PA:0x80008ef0
        2085000	       207	80000318	00138323	sb	x1,6(x7)	  x7:0x800088c9  x1:0x80008bf5 PA:0x800088cf
        2095000	       208	8000031c	009d9183	lh	x3,9(x27)	 x27:0x80008ed5  x3=0xffffc4c5 PA:0x80008ede
        2105000	       209	80000320	c5cfc483	lbu	x9,-932(x31)	 x31:0x80008e06  x9=0x000000ff PA:0x80008a62
        2115000	       210	80000324	00438203	lb	x4,4(x7)	  x7:0x800088c9  x4=0xffffffb6 PA:0x800088cd
        2125000	       211	80000328	ad678ca3	sb	x22,-1319(x15)	 x15:0x80008edc x22:0xd8d9dadb PA:0x800089b5
        2135000	       212	8000032c	00cd8603	lb	x12,12(x27)	 x27:0x80008ed5 x12=0xffffffca PA:0x80008ee1
        2145000	       213	80000330	a85fc303	lbu	x6,-1403(x31)	 x31:0x80008e06  x6=0x00000070 PA:0x8000888b
        2155000	       214	80000334	01c096a3	sh	x28,13(x1)	  x1:0x80008bf5 x28:0x80009fc4 PA:0x80008c02
        2165000	       215	80000338	00a38803	lb	x16,10(x7)	  x7:0x800088c9 x16=0xffffffb8 PA:0x800088d3
        2175000	       216	8000033c	ff238583	lb	x11,-14(x7)	  x7:0x800088c9 x11=0xffffffa0 PA:0x800088bb
        2185000	       217	80000340	d9ff8503	lb	x10,-609(x31)	 x31:0x80008e06 x10=0xffffff8e PA:0x80008ba5
        2195000	       218	80000344	0013d683	lhu	x13,1(x7)	  x7:0x800088c9 x13=0x0000b0b1 PA:0x800088ca
        2205000	       219	80000348	fc1d8703	lb	x14,-63(x27)	 x27:0x80008ed5 x14=0x0000007d PA:0x80008e96
        2215000	       220	8000034c	e6479c83	lh	x25,-412(x15)	 x15:0x80008edc x25=0x00002a2b PA:0x80008d40
        2225000	       221	80000350	ff00c403	lbu	x8,-16(x1)	  x1:0x80008bf5  x8=0x000000ce PA:0x80008be5
        2235000	       222	80000354	df0f81a3	sb	x16,-541(x31)	 x31:0x80008e06 x16:0xffffffb8 PA:0x80008be9
        2245000	       223	80000358	00f38603	lb	x12,15(x7)	  x7:0x800088c9 x12=0xffffffc3 PA:0x800088d8
        2255000	       224	8000035c	ffd08803	lb	x16,-3(x1)	  x1:0x80008bf5 x16=0xffffffd9 PA:0x80008bf2
        2265000	       225	80000360	9c07dc03	lhu	x24,-1600(x15)	 x15:0x80008edc x24=0x00008687 PA:0x8000889c
        2275000	       226	80000364	fc078283	lb	x5,-64(x15)	 x15:0x80008edc  x5=0xffffff87 PA:0x80008e9c
        2285000	       227	80000368	ac3fca03	lbu	x20,-1341(x31)	 x31:0x80008e06 x20=0x000000b2 PA:0x800088c9
        2295000	       228	8000036c	fd6d8e83	lb	x29,-42(x27)	 x27:0x80008ed5 x29=0xffffff90 PA:0x80008eab
        2305000	       229	80000370	0033cd03	lbu	x26,3(x7)	  x7:0x800088c9 x26=0x000000b7 PA:0x800088cc
        2315000	       230	80000374	00fddc03	lhu	x24,15(x27)	 x27:0x80008ed5 x24=0x0000cecf PA:0x80008ee4
        2325000	       231	80000378	bcb78c23	sb	x11,-1064(x15)	 x15:0x80008edc x11:0xffffffa0 PA:0x80008ab4
        2335000	       232	8000037c	fea08823	sb	x10,-16(x1)	  x1:0x80008bf5 x10:0xffffff8e PA:0x80008be5
        2345000	       233	80000380	00008497	auipc	x9,0x8	  x9=0x8000837c
        2355000	       234	80000384	e4c48493	addi	x9,x9,-436	  x9:0x8000837c  x9=0x800081c8
        2365000	       235	80000388	006481a3	sb	x6,3(x9)	  x9:0x800081c8  x6:0x00000070 PA:0x800081cb
        2375000	       236	8000038c	ff54ce83	lbu	x29,-11(x9)	  x9:0x800081c8 x29=0x00000076 PA:0x800081bd
        2385000	       237	80000390	ff148aa3	sb	x17,-11(x9)	  x9:0x800081c8 x17:0x00000050 PA:0x800081bd
        2395000	       238	80000394	0004d803	lhu	x16,0(x9)	  x9:0x800081c8 x16=0x00008283 PA:0x800081c8
        2405000	       239	80000398	00347c33	and	x24,x8,x3	  x8:0x000000ce  x3:0xffffc4c5 x24=0x000000c4
        2415000	       240	8000039c	ffe49d23	sh	x30,-6(x9)	  x9:0x800081c8 x30:0x56e77aa6 PA:0x800081c2
        2425000	       241	800003a0	0104e1b3	or	x3,x9,x16	  x9:0x800081c8 x16:0x00008283  x3=0x800083cb
        2435000	       242	800003a4	00000013	addi	x0,x0,0	  x0:0x00000000
        2445000	       243	800003a8	00148d83	lb	x27,1(x9)	  x9:0x800081c8 x27=0xffffff82 PA:0x800081c9
        2455000	       244	800003ac	016487a3	sb	x22,15(x9)	  x9:0x800081c8 x22:0xd8d9dadb PA:0x800081d7
        2465000	       245	800003b0	002d1313	slli	x6,x26,0x2	 x26:0x000000b7  x6=0x000002dc
        2475000	       246	800003b4	ff24dc83	lhu	x25,-14(x9)	  x9:0x800081c8 x25=0x00007071 PA:0x800081ba
        2485000	       247	800003b8	00849b83	lh	x23,8(x9)	  x9:0x800081c8 x23=0xffff8a8b PA:0x800081d0
        2495000	       248	800003bc	00a4c103	lbu	x2,10(x9)	  x9:0x800081c8  x2=0x00000089 PA:0x800081d2
        2505000	       249	800003c0	ff44a683	lw	x13,-12(x9)	  x9:0x800081c8 x13=0x74755077 PA:0x800081bc
        2515000	       250	800003c4	ffd48d83	lb	x27,-3(x9)	  x9:0x800081c8 x27=0x0000007e PA:0x800081c5
        2525000	       251	800003c8	ff448f83	lb	x31,-12(x9)	  x9:0x800081c8 x31=0x00000077 PA:0x800081bc
        2535000	       252	800003cc	0054c103	lbu	x2,5(x9)	  x9:0x800081c8  x2=0x00000086 PA:0x800081cd
        2545000	       253	800003d0	00000013	addi	x0,x0,0	  x0:0x00000000
        2555000	       254	800003d4	004af233	and	x4,x21,x4	 x21:0x80009f84  x4:0xffffffb6  x4=0x80009f84
        2565000	       255	800003d8	009f1433	sll	x8,x30,x9	 x30:0x56e77aa6  x9:0x800081c8  x8=0xe77aa600
        2575000	       256	800003dc	0064c903	lbu	x18,6(x9)	  x9:0x800081c8 x18=0x00000085 PA:0x800081ce
        2585000	       257	800003e0	00649803	lh	x16,6(x9)	  x9:0x800081c8 x16=0xffff8485 PA:0x800081ce
        2595000	       258	800003e4	40915b13	srai	x22,x2,0x9	  x2:0x00000086 x22=0x00000000
        2605000	       259	800003e8	00048023	sb	x0,0(x9)	  x9:0x800081c8  x0:0x00000000 PA:0x800081c8
        2615000	       260	800003ec	411556b3	sra	x13,x10,x17	 x10:0xffffff8e x17:0x00000050 x13=0xffffffff
        2625000	       261	800003f0	ffe4c383	lbu	x7,-2(x9)	  x9:0x800081c8  x7=0x0000007d PA:0x800081c6
        2635000	       262	800003f4	0141e833	or	x16,x3,x20	  x3:0x800083cb x20:0x000000b2 x16=0x800083fb
        2645000	       263	800003f8	00000013	addi	x0,x0,0	  x0:0x00000000
        2655000	       264	800003fc	012b1e93	slli	x29,x22,0x12	 x22:0x00000000 x29=0x00000000
        2665000	       265	80000400	c6f20993	addi	x19,x4,-913	  x4:0x80009f84 x19=0x80009bf3
        2675000	       266	80000404	64e3c793	xori	x15,x7,1614	  x7:0x0000007d x15=0x00000633
        2685000	       267	80000408	00b4a423	sw	x11,8(x9)	  x9:0x800081c8 x11:0xffffffa0 PA:0x800081d0
        2695000	       268	8000040c	0147b533	sltu	x10,x15,x20	 x15:0x00000633 x20:0x000000b2 x10=0x00000000
        2705000	       269	80000410	8c09a237	lui	x4,0x8c09a	  x4=0x8c09a000
        2715000	       270	80000414	ff04a203	lw	x4,-16(x9)	  x9:0x800081c8  x4=0x70717273 PA:0x800081b8
        2725000	       271	80000418	014e99b3	sll	x19,x29,x20	 x29:0x00000000 x20:0x000000b2 x19=0x00000000
        2735000	       272	8000041c	01249323	sh	x18,6(x9)	  x9:0x800081c8 x18:0x00000085 PA:0x800081ce
        2745000	       273	80000420	00009597	auipc	x11,0x9	 x11=0x8000941c
        2755000	       274	80000424	af858593	addi	x11,x11,-1288	 x11:0x8000941c x11=0x80008f14
        2765000	       275	80000428	f0c58783	lb	x15,-244(x11)	 x11:0x80008f14 x15=0x0000000b PA:0x80008e20
        2775000	       276	8000042c	00009517	auipc	x10,0x9	 x10=0x80009428
        2785000	       277	80000430	94850513	addi	x10,x10,-1720	 x10:0x80009428 x10=0x80008d70
        2795000	       278	80000434	00009f97	auipc	x31,0x9	 x31=0x80009430
        2805000	       279	80000438	879f8f93	addi	x31,x31,-1927	 x31:0x80009430 x31=0x80008ca9
        2815000	       280	8000043c	00008117	auipc	x2,0x8	  x2=0x80008438
        2825000	       281	80000440	54010113	addi	x2,x2,1344	  x2:0x80008438  x2=0x80008978
        2835000	       282	80000444	00158083	lb	x1,1(x11)	 x11:0x80008f14  x1=0xfffffffe PA:0x80008f15
        2845000	       283	00000000	00000013	addi	x0,x0,0	  x0:0x00000000
        2855000	       284	80000448	00008617	auipc	x12,0x8	 x12=0x80008444
        2865000	       285	8000044c	4cd60613	addi	x12,x12,1229	 x12:0x80008444 x12=0x80008911
        2875000	       286	80000450	03d50c23	sb	x29,56(x10)	 x10:0x80008d70 x29:0x00000000 PA:0x80008da8
        2885000	       287	80000454	01d11123	sh	x29,2(x2)	  x2:0x80008978 x29:0x00000000 PA:0x8000897a
        2895000	       288	80000458	f8f60683	lb	x13,-113(x12)	 x12:0x80008911 x13=0xffffff8b PA:0x800088a0
        2905000	       289	8000045c	07458003	lb	x0,116(x11)	 x11:0x80008f14 PA:0x80008f88
        2915000	       290	80000460	00710023	sb	x7,0(x2)	  x2:0x80008978  x7:0x0000007d PA:0x80008978
        2925000	       291	80000464	fe5501a3	sb	x5,-29(x10)	 x10:0x80008d70  x5:0xffffff87 PA:0x80008d53
        2935000	       292	80000468	0b0f8803	lb	x16,176(x31)	 x31:0x80008ca9 x16=0x00000042 PA:0x80008d59
        2945000	       293	8000046c	bf3fcb03	lbu	x22,-1037(x31)	 x31:0x80008ca9 x22=0x00000087 PA:0x8000889c
        2955000	       294	80000470	ff714183	lbu	x3,-9(x2)	  x2:0x80008978  x3=0x00000054 PA:0x8000896f
        2965000	       295	80000474	fb559c23	sh	x21,-72(x11)	 x11:0x80008f14 x21:0x80009f84 PA:0x80008ecc
        2975000	       296	80000478	04051283	lh	x5,64(x10)	 x10:0x80008d70  x5=0x00007aa6 PA:0x80008db0
        2985000	       297	8000047c	ffd10183	lb	x3,-3(x2)	  x2:0x80008978  x3=0x0000005e PA:0x80008975
        2995000	       298	80000480	0df623a3	sw	x31,199(x12)	 x12:0x80008911 x31:0x80008ca9 PA:0x800089d8
        3005000	       299	80000484	024f8903	lb	x18,36(x31)	 x31:0x80008ca9 x18=0xffffffb6 PA:0x80008ccd
        3015000	       300	80000488	01011303	lh	x6,16(x2)	  x2:0x80008978  x6=0x00007273 PA:0x80008988
        3025000	       301	8000048c	fdf54203	lbu	x4,-33(x10)	 x10:0x80008d70  x4=0x00000034 PA:0x80008d4f
        3035000	       302	80000490	ff310003	lb	x0,-13(x2)	  x2:0x80008978 PA:0x8000896b
        3045000	       303	80000494	f7859a23	sh	x24,-140(x11)	 x11:0x80008f14 x24:0x000000c4 PA:0x80008e88
        3055000	       304	80000498	fcf50303	lb	x6,-49(x10)	 x10:0x80008d70  x6=0x00000024 PA:0x80008d3f
        3065000	       305	8000049c	fa85c803	lbu	x16,-88(x11)	 x11:0x80008f14 x16=0x000000a7 PA:0x80008ebc
        3075000	       306	800004a0	fed60083	lb	x1,-19(x12)	 x12:0x80008911  x1=0xffffffe5 PA:0x800088fe
        3085000	       307	800004a4	fff54203	lbu	x4,-1(x10)	 x10:0x80008d70  x4=0x00000054 PA:0x80008d6f
        3095000	       308	800004a8	0975cc83	lbu	x25,151(x11)	 x11:0x80008f14 x25=0x00000090 PA:0x80008fab
        3105000	       309	800004ac	080f88a3	sb	x0,145(x31)	 x31:0x80008ca9  x0:0x00000000 PA:0x80008d3a
        3115000	       310	800004b0	02f5c703	lbu	x14,47(x11)	 x11:0x80008f14 x14=0x00000028 PA:0x80008f43
        3125000	       311	800004b4	01858183	lb	x3,24(x11)	 x11:0x80008f14  x3=0x00000017 PA:0x80008f2c
        3135000	       312	800004b8	00214183	lbu	x3,2(x2)	  x2:0x80008978  x3=0x00000000 PA:0x8000897a
        3145000	       313	800004bc	07e64c03	lbu	x24,126(x12)	 x12:0x80008911 x24=0x00000074 PA:0x8000898f
        3155000	       314	800004c0	fff14183	lbu	x3,-1(x2)	  x2:0x80008978  x3=0x0000005c PA:0x80008977
        3165000	       315	800004c4	c1cf8d83	lb	x27,-996(x31)	 x31:0x80008ca9 x27=0xffffffae PA:0x800088c5
        3175000	       316	800004c8	fff54803	lbu	x16,-1(x10)	 x10:0x80008d70 x16=0x00000054 PA:0x80008d6f
        3185000	       317	800004cc	0695c903	lbu	x18,105(x11)	 x11:0x80008f14 x18=0x00000066 PA:0x80008f7d
        3195000	       318	800004d0	00712423	sw	x7,8(x2)	  x2:0x80008978  x7:0x0000007d PA:0x80008980
        3205000	       319	800004d4	01015403	lhu	x8,16(x2)	  x2:0x80008978  x8=0x00007273 PA:0x80008988
        3215000	       320	800004d8	03951923	sh	x25,50(x10)	 x10:0x80008d70 x25:0x00000090 PA:0x80008da2
        3225000	       321	800004dc	0bf60f23	sb	x31,190(x12)	 x12:0x80008911 x31:0x80008ca9 PA:0x800089cf
        3235000	       322	800004e0	0d164b03	lbu	x22,209(x12)	 x12:0x80008911 x22=0x000000c9 PA:0x800089e2
        3245000	       323	800004e4	00008d17	auipc	x26,0x8	 x26=0x800084e0
        3255000	       324	800004e8	bb0d0d13	addi	x26,x26,-1104	 x26:0x800084e0 x26=0x80008090
        3265000	       325	800004ec	1e2a3893	sltiu	x17,x20,482	 x20:0x000000b2 x17=0x00000001
        3275000	       326	800004f0	23c4c013	xori	x0,x9,572	  x9:0x800081c8
        3285000	       327	800004f4	014a6b33	or	x22,x20,x20	 x20:0x000000b2 x20:0x000000b2 x22=0x000000b2
        3295000	       328	800004f8	7836c593	xori	x11,x13,1923	 x13:0xffffff8b x11=0xfffff808
        3305000	       329	800004fc	83c14d93	xori	x27,x2,-1988	  x2:0x80008978 x27=0x7fff7144
        3315000	       330	80000500	013dd733	srl	x14,x27,x19	 x27:0x7fff7144 x19:0x00000000 x14=0x7fff7144
        3325000	       331	80000504	01f5b1b3	sltu	x3,x11,x31	 x11:0xfffff808 x31:0x80008ca9  x3=0x00000000
        3335000	       332	80000508	01026eb3	or	x29,x4,x16	  x4:0x00000054 x16:0x00000054 x29=0x00000054
        3345000	       333	8000050c	cd00a697	auipc	x13,0xcd00a	 x13=0x4d00a508
        3355000	       334	80000510	00467833	and	x16,x12,x4	 x12:0x80008911  x4:0x00000054 x16=0x00000010
        3365000	       335	80000514	00ba79b3	and	x19,x20,x11	 x20:0x000000b2 x11:0xfffff808 x19=0x00000000
        3375000	       336	80000518	ff3d0183	lb	x3,-13(x26)	 x26:0x80008090  x3=0x00000038 PA:0x80008083
        3385000	       337	8000051c	4084dc93	srai	x25,x9,0x8	  x9:0x800081c8 x25=0xff800081
        3395000	       338	80000520	ff2d5203	lhu	x4,-14(x26)	 x26:0x80008090  x4=0x00003839 PA:0x80008082
        3405000	       339	80000524	ffbd4983	lbu	x19,-5(x26)	 x26:0x80008090 x19=0x00000040 PA:0x8000808b
        3415000	       340	80000528	00c4afb3	slt	x31,x9,x12	  x9:0x800081c8 x12:0x80008911 x31=0x00000001
        3425000	       341	8000052c	fead1c23	sh	x10,-8(x26)	 x26:0x80008090 x10:0x80008d70 PA:0x80008088
        3435000	       342	80000530	fedd0ca3	sb	x13,-7(x26)	 x26:0x80008090 x13:0x4d00a508 PA:0x80008089
        3445000	       343	80000534	ff8d4003	lbu	x0,-8(x26)	 x26:0x80008090 PA:0x80008088
        3455000	       344	80000538	ff8d1383	lh	x7,-8(x26)	 x26:0x80008090  x7=0x00000870 PA:0x80008088
        3465000	       345	8000053c	0186f9b3	and	x19,x13,x24	 x13:0x4d00a508 x24:0x00000074 x19=0x00000000
        3475000	       346	80000540	007d0283	lb	x5,7(x26)	 x26:0x80008090  x5=0x0000004c PA:0x80008097
        3485000	       347	80000544	5a1bd917	auipc	x18,0x5a1bd	 x18=0xda1bd540
        3495000	       348	80000548	77d88293	addi	x5,x17,1917	 x17:0x00000001  x5=0x0000077e
        3505000	       349	8000054c	46404817	auipc	x16,0x46404	 x16=0xc6404548
        3515000	       350	80000550	fead0da3	sb	x10,-5(x26)	 x26:0x80008090 x10:0x80008d70 PA:0x8000808b
        3525000	       351	80000554	00fd0583	lb	x11,15(x26)	 x26:0x80008090 x11=0x00000054 PA:0x8000809f
        3535000	       352	80000558	009d06a3	sb	x9,13(x26)	 x26:0x80008090  x9:0x800081c8 PA:0x8000809d
        3545000	       353	8000055c	ffdd4003	lbu	x0,-3(x26)	 x26:0x80008090 PA:0x8000808d
        3555000	       354	80000560	059a4863	blt	x20,x25,800005b0	 x20:0x000000b2 x25:0xff800081
        3565000	       355	80000564	413c5393	srai	x7,x24,0x13	 x24:0x00000074  x7=0x00000000
        3575000	       356	80000568	0099a133	slt	x2,x19,x9	 x19:0x00000000  x9:0x800081c8  x2=0x00000000
        3585000	       357	8000056c	c96ca397	auipc	x7,0xc96ca	  x7=0x496ca568
        3595000	       358	80000570	e9d1e713	ori	x14,x3,-355	  x3:0x00000038 x14=0xfffffebd
        3605000	       359	80000574	04804663	blt	x0,x8,800005c0	  x0:0x00000000  x8:0x00007273
        3615000	       360	00000000	00000013	addi	x0,x0,0	  x0:0x00000000
        3625000	       361	800005bc	00000013	addi	x0,x0,0	  x0:0x00000000
        3635000	       362	800005c0	2b314597	auipc	x11,0x2b314	 x11=0xab3145bc
        3645000	       363	800005c4	0061da33	srl	x20,x3,x6	  x3:0x00000038  x6:0x00000024 x20=0x00000003
        3655000	       364	800005c8	011b9f93	slli	x31,x23,0x11	 x23:0xffff8a8b x31=0x15160000
        3665000	       365	800005cc	0159d493	srli	x9,x19,0x15	 x19:0x00000000  x9=0x00000000
        3675000	       366	800005d0	0497e263	bltu	x15,x9,80000614	 x15:0x0000000b  x9:0x00000000
        3685000	       367	800005d4	01979d33	sll	x26,x15,x25	 x15:0x0000000b x25:0xff800081 x26=0x00000016
        3695000	       368	800005d8	54ab14b7	lui	x9,0x54ab1	  x9=0x54ab1000
        3705000	       369	800005dc	f7470413	addi	x8,x14,-140	 x14:0xfffffebd  x8=0xfffffe31
        3715000	       370	800005e0	01fd4633	xor	x12,x26,x31	 x26:0x00000016 x31:0x15160000 x12=0x15160016
        3725000	       371	800005e4	34f5c193	xori	x3,x11,847	 x11:0xab3145bc  x3=0xab3146f3
        3735000	       372	800005e8	00c22b33	slt	x22,x4,x12	  x4:0x00003839 x12:0x15160016 x22=0x00000001
        3745000	       373	800005ec	00c1c6b3	xor	x13,x3,x12	  x3:0xab3146f3 x12:0x15160016 x13=0xbe2746e5
        3755000	       374	800005f0	00c40c63	beq	x8,x12,80000608	  x8:0xfffffe31 x12:0x15160016
        3765000	       375	800005f4	0162ddb3	srl	x27,x5,x22	  x5:0x0000077e x22:0x00000001 x27=0x000003bf
        3775000	       376	800005f8	b3aea093	slti	x1,x29,-1222	 x29:0x00000054  x1=0x00000000
        3785000	       377	800005fc	4053d833	sra	x16,x7,x5	  x7:0x496ca568  x5:0x0000077e x16=0x00000001
        3795000	       378	80000600	00bf5c33	srl	x24,x30,x11	 x30:0x56e77aa6 x11:0xab3145bc x24=0x00000005
        3805000	       379	80000604	004f9a63	bne	x31,x4,80000618	 x31:0x15160000  x4:0x00003839
        3815000	       380	00000000	00000013	addi	x0,x0,0	  x0:0x00000000
        3825000	       381	80000614	00000013	addi	x0,x0,0	  x0:0x00000000
        3835000	       382	80000618	01863db3	sltu	x27,x12,x24	 x12:0x15160016 x24:0x00000005 x27=0x00000000
        3845000	       383	8000061c	0189e333	or	x6,x19,x24	 x19:0x00000000 x24:0x00000005  x6=0x00000005
        3855000	       384	80000620	025e5c63	bge	x28,x5,80000658	 x28:0x80009fc4  x5:0x0000077e
        3865000	       385	80000624	00df1313	slli	x6,x30,0xd	 x30:0x56e77aa6  x6=0xef54c000
        3875000	       386	80000628	dd247593	andi	x11,x8,-558	  x8:0xfffffe31 x11=0xfffffc10
        3885000	       387	8000062c	019ffdb3	and	x27,x31,x25	 x31:0x15160000 x25:0xff800081 x27=0x15000000
        3895000	       388	80000630	0069d533	srl	x10,x19,x6	 x19:0x00000000  x6:0xef54c000 x10=0x00000000
        3905000	       389	80000634	037bc263	blt	x23,x23,80000658	 x23:0xffff8a8b x23:0xffff8a8b
        3915000	       390	80000638	01dc0b33	add	x22,x24,x29	 x24:0x00000005 x29:0x00000054 x22=0x00000059
        3925000	       391	8000063c	0184aeb3	slt	x29,x9,x24	  x9:0x54ab1000 x24:0x00000005 x29=0x00000000
        3935000	       392	80000640	02239a63	bne	x7,x2,80000674	  x7:0x496ca568  x2:0x00000000
        3945000	       393	00000000	00000013	addi	x0,x0,0	  x0:0x00000000
        3955000	       394	80000670	00000013	addi	x0,x0,0	  x0:0x00000000
        3965000	       395	80000674	28330117	auipc	x2,0x28330	  x2=0xa8330670
        3975000	       396	80000678	05a5e613	ori	x12,x11,90	 x11:0xfffffc10 x12=0xfffffc5a
        3985000	       397	8000067c	cbe751b7	lui	x3,0xcbe75	  x3=0xcbe75000
        3995000	       398	80000680	033d8263	beq	x27,x19,800006a4	 x27:0x15000000 x19:0x00000000
        4005000	       399	80000684	01b66d33	or	x26,x12,x27	 x12:0xfffffc5a x27:0x15000000 x26=0xfffffc5a
        4015000	       400	80000688	00f11693	slli	x13,x2,0xf	  x2:0xa8330670 x13=0x83380000
        4025000	       401	8000068c	00e85a33	srl	x20,x16,x14	 x16:0x00000001 x14:0xfffffebd x20=0x00000000
        4035000	       402	80000690	414657b3	sra	x15,x12,x20	 x12:0xfffffc5a x20:0x00000000 x15=0xfffffc5a
        4045000	       403	80000694	00f4a3b3	slt	x7,x9,x15	  x9:0x54ab1000 x15:0xfffffc5a  x7=0x00000000
        4055000	       404	80000698	01af1813	slli	x16,x30,0x1a	 x30:0x56e77aa6 x16=0x98000000
        4065000	       405	8000069c	e6429cb7	lui	x25,0xe6429	 x25=0xe6429000
        4075000	       406	800006a0	00f28633	add	x12,x5,x15	  x5:0x0000077e x15:0xfffffc5a x12=0x000003d8
        4085000	       407	800006a4	003e1613	slli	x12,x28,0x3	 x28:0x80009fc4 x12=0x0004fe20
        4095000	       408	800006a8	92db3797	auipc	x15,0x92db3	 x15=0x12db36a4
        4105000	       409	800006ac	00897233	and	x4,x18,x8	 x18:0xda1bd540  x8:0xfffffe31  x4=0xda1bd400
        4115000	       410	800006b0	004e5593	srli	x11,x28,0x4	 x28:0x80009fc4 x11=0x080009fc
        4125000	       411	800006b4	00835b93	srli	x23,x6,0x8	  x6:0xef54c000 x23=0x00ef54c0
        4135000	       412	800006b8	0115d833	srl	x16,x11,x17	 x11:0x080009fc x17:0x00000001 x16=0x040004fe
        4145000	       413	800006bc	01a038b3	sltu	x17,x0,x26	  x0:0x00000000 x26:0xfffffc5a x17=0x00000001
        4155000	       414	800006c0	3965b693	sltiu	x13,x11,918	 x11:0x080009fc x13=0x00000000
        4165000	       415	800006c4	031c1e63	bne	x24,x17,80000700	 x24:0x00000005 x17:0x00000001
        4175000	       416	00000000	00000013	addi	x0,x0,0	  x0:0x00000000
        4185000	       417	800006fc	00000013	addi	x0,x0,0	  x0:0x00000000
        4195000	       418	80000700	b1216037	lui	x0,0xb1216	
        4205000	       419	80000704	e1f0fd97	auipc	x27,0xe1f0f	 x27=0x61f0f700
        4215000	       420	80000708	00b1d613	srli	x12,x3,0xb	  x3:0xcbe75000 x12=0x00197cea
        4225000	       421	8000070c	01f8f863	bgeu	x17,x31,8000071c	 x17:0x00000001 x31:0x15160000
        4235000	       422	80000710	412ad8b3	sra	x17,x21,x18	 x21:0x80009f84 x18:0xda1bd540 x17=0x80009f84
        4245000	       423	80000714	00482933	slt	x18,x16,x4	 x16:0x040004fe  x4:0xda1bd400 x18=0x00000000
        4255000	       424	80000718	4157d8b3	sra	x17,x15,x21	 x15:0x12db36a4 x21:0x80009f84 x17=0x012db36a
        4265000	       425	8000071c	003b06b3	add	x13,x22,x3	 x22:0x00000059  x3:0xcbe75000 x13=0xcbe75059
        4275000	       426	80000720	01925613	srli	x12,x4,0x19	  x4:0xda1bd400 x12=0x0000006d
        4285000	       427	80000724	00008117	auipc	x2,0x8	  x2=0x80008720
        4295000	       428	80000728	43310113	addi	x2,x2,1075	  x2:0x80008720  x2=0x80008b53
        4305000	       429	8000072c	01028933	add	x18,x5,x16	  x5:0x0000077e x16:0x040004fe x18=0x04000c7c
        4315000	       430	80000730	01710ca3	sb	x23,25(x2)	  x2:0x80008b53 x23:0x00ef54c0 PA:0x80008b6c
        4325000	       431	80000734	fe910723	sb	x9,-18(x2)	  x2:0x80008b53  x9:0x54ab1000 PA:0x80008b41
        4335000	       432	80000738	03410883	lb	x17,52(x2)	  x2:0x80008b53 x17=0x0000006c PA:0x80008b87
        4345000	       433	8000073c	029112a3	sh	x9,37(x2)	  x2:0x80008b53  x9:0x54ab1000 PA:0x80008b78
        4355000	       434	80000740	03c14003	lbu	x0,60(x2)	  x2:0x80008b53 PA:0x80008b8f
        4365000	       435	80000744	fe8111a3	sh	x8,-29(x2)	  x2:0x80008b53  x8:0xfffffe31 PA:0x80008b36
        4375000	       436	80000748	fcd11603	lh	x12,-51(x2)	  x2:0x80008b53 x12=0x00000a0b PA:0x80008b20
        4385000	       437	8000074c	be4d6897	auipc	x17,0xbe4d6	 x17=0x3e4d6748
        4395000	       438	80000750	03514903	lbu	x18,53(x2)	  x2:0x80008b53 x18=0x00000073 PA:0x80008b88
        4405000	       439	80000754	0116de93	srli	x29,x13,0x11	 x13:0xcbe75059 x29=0x000065f3
        4415000	       440	80000758	00ebe233	or	x4,x23,x14	 x23:0x00ef54c0 x14:0xfffffebd  x4=0xfffffefd
        4425000	       441	8000075c	01f10e23	sb	x31,28(x2)	  x2:0x80008b53 x31:0x15160000 PA:0x80008b6f
        4435000	       442	80000760	01910f23	sb	x25,30(x2)	  x2:0x80008b53 x25:0xe6429000 PA:0x80008b71
        4445000	       443	80000764	fdf14303	lbu	x6,-33(x2)	  x2:0x80008b53  x6=0x00000019 PA:0x80008b32
        4455000	       444	80000768	94aa97b7	lui	x15,0x94aa9	 x15=0x94aa9000
        4465000	       445	8000076c	00d11683	lh	x13,13(x2)	  x2:0x80008b53 x13=0x00004a4b PA:0x80008b60
        4475000	       446	80000770	fd1106a3	sb	x17,-51(x2)	  x2:0x80008b53 x17:0x3e4d6748 PA:0x80008b20
        4485000	       447	80000774	7ec656b7	lui	x13,0x7ec65	 x13=0x7ec65000
        4495000	       448	80000778	00210b23	sb	x2,22(x2)	  x2:0x80008b53  x2:0x80008b53 PA:0x80008b69
        4505000	       449	8000077c	00000013	addi	x0,x0,0	  x0:0x00000000
        4515000	       450	80000780	00a14903	lbu	x18,10(x2)	  x2:0x80008b53 x18=0x00000046 PA:0x80008b5d
        4525000	       451	80000784	ffd14e83	lbu	x29,-3(x2)	  x2:0x80008b53 x29=0x0000003b PA:0x80008b50
        4535000	       452	80000788	01ca5b93	srli	x23,x20,0x1c	 x20:0x00000000 x23=0x00000000
        4545000	       453	8000078c	02315383	lhu	x7,35(x2)	  x2:0x80008b53  x7=0x00005c5d PA:0x80008b76
        4555000	       454	80000790	036113a3	sh	x22,39(x2)	  x2:0x80008b53 x22:0x00000059 PA:0x80008b7a
        4565000	       455	80000794	ffa107a3	sb	x26,-17(x2)	  x2:0x80008b53 x26:0xfffffc5a PA:0x80008b42
        4575000	       456	80000798	41a4d893	srai	x17,x9,0x1a	  x9:0x54ab1000 x17=0x00000015
        4585000	       457	8000079c	01410f23	sb	x20,30(x2)	  x2:0x80008b53 x20:0x00000000 PA:0x80008b71
        4595000	       458	800007a0	00010503	lb	x10,0(x2)	  x2:0x80008b53 x10=0x00000038 PA:0x80008b53
        4605000	       459	800007a4	03114e83	lbu	x29,49(x2)	  x2:0x80008b53 x29=0x0000006f PA:0x80008b84
        4615000	       460	800007a8	03810523	sb	x24,42(x2)	  x2:0x80008b53 x24:0x00000005 PA:0x80008b7d
        4625000	       461	800007ac	03a10583	lb	x11,58(x2)	  x2:0x80008b53 x11=0x00000076 PA:0x80008b8d
        4635000	       462	00000000	00000013	addi	x0,x0,0	  x0:0x00000000
        4645000	       463	800007b0	53458613	addi	x12,x11,1332	 x11:0x00000076 x12=0x000005aa
        4655000	       464	800007b4	ff114c83	lbu	x25,-15(x2)	  x2:0x80008b53 x25=0x0000002f PA:0x80008b44
        4665000	       465	800007b8	41e2d733	sra	x14,x5,x30	  x5:0x0000077e x30:0x56e77aa6 x14=0x0000001d
        4675000	       466	800007bc	402ddc13	srai	x24,x27,0x2	 x27:0x61f0f700 x24=0x187c3dc0
        4685000	       467	800007c0	002b3b33	sltu	x22,x22,x2	 x22:0x00000059  x2:0x80008b53 x22=0x00000001
        4695000	       468	800007c4	008058b3	srl	x17,x0,x8	  x0:0x00000000  x8:0xfffffe31 x17=0x00000000
        4705000	       469	800007c8	ff710803	lb	x16,-9(x2)	  x2:0x80008b53 x16=0x00000031 PA:0x80008b4a
        4715000	       470	800007cc	02914e83	lbu	x29,41(x2)	  x2:0x80008b53 x29=0x00000067 PA:0x80008b7c
        4725000	       471	800007d0	01010da3	sb	x16,27(x2)	  x2:0x80008b53 x16:0x00000031 PA:0x80008b6e
        4735000	       472	800007d4	c7d17197	auipc	x3,0xc7d17	  x3=0x47d177d0
        4745000	       473	800007d8	00818cb3	add	x25,x3,x8	  x3:0x47d177d0  x8:0xfffffe31 x25=0x47d17601
        4755000	       474	800007dc	01ddbc33	sltu	x24,x27,x29	 x27:0x61f0f700 x29:0x00000067 x24=0x00000000
        4765000	       475	800007e0	20d97513	andi	x10,x18,525	 x18:0x00000046 x10=0x00000004
        4775000	       476	800007e4	008ca7b3	slt	x15,x25,x8	 x25:0x47d17601  x8:0xfffffe31 x15=0x00000000
        4785000	       477	800007e8	5e3f2693	slti	x13,x30,1507	 x30:0x56e77aa6 x13=0x00000000
        4795000	       478	800007ec	01f40233	add	x4,x8,x31	  x8:0xfffffe31 x31:0x15160000  x4=0x1515fe31
        4805000	       479	800007f0	01115263	bge	x2,x17,800007f4	  x2:0x80008b53 x17:0x00000000
        4815000	       480	800007f4	007f96b3	sll	x13,x31,x7	 x31:0x15160000  x7:0x00005c5d x13=0x00000000
        4825000	       481	800007f8	0160d813	srli	x16,x1,0x16	  x1:0x00000000 x16=0x00000000
        4835000	       482	800007fc	00787263	bgeu	x16,x7,80000800	 x16:0x00000000  x7:0x00005c5d
        4845000	       483	80000800	04807463	bgeu	x0,x8,80000848	  x0:0x00000000  x8:0xfffffe31
        4855000	       484	80000804	40d785b3	sub	x11,x15,x13	 x15:0x00000000 x13:0x00000000 x11=0x00000000
        4865000	       485	80000808	01a64fb3	xor	x31,x12,x26	 x12:0x000005aa x26:0xfffffc5a x31=0xfffff9f0
        4875000	       486	8000080c	002282b3	add	x5,x5,x2	  x5:0x0000077e  x2:0x80008b53  x5=0x800092d1
        4885000	       487	80000810	badbe8b7	lui	x17,0xbadbe	 x17=0xbadbe000
        4895000	       488	80000814	41bfd313	srai	x6,x31,0x1b	 x31:0xfffff9f0  x6=0xffffffff
        4905000	       489	80000818	0f6d7113	andi	x2,x26,246	 x26:0xfffffc5a  x2=0x00000052
        4915000	       490	8000081c	00000013	addi	x0,x0,0	  x0:0x00000000
        4925000	       491	80000820	40100fb3	sub	x31,x0,x1	  x0:0x00000000  x1:0x00000000 x31=0x00000000
        4935000	       492	80000824	000a4463	blt	x20,x0,8000082c	 x20:0x00000000  x0:0x00000000
        4945000	       493	80000828	043330b7	lui	x1,0x4333	  x1=0x04333000
        4955000	       494	8000082c	00b0c433	xor	x8,x1,x11	  x1:0x04333000 x11:0x00000000  x8=0x04333000
        4965000	       495	80000830	409e5593	srai	x11,x28,0x9	 x28:0x80009fc4 x11=0xffc0004f
        4975000	       496	80000834	40768fb3	sub	x31,x13,x7	 x13:0x00000000  x7:0x00005c5d x31=0xffffa3a3
        4985000	       497	80000838	00b83733	sltu	x14,x16,x11	 x16:0x00000000 x11:0xffc0004f x14=0x00000001
        4995000	       498	8000083c	01c781b3	add	x3,x15,x28	 x15:0x00000000 x28:0x80009fc4  x3=0x80009fc4
        5005000	       499	80000840	01a4d1b3	srl	x3,x9,x26	  x9:0x54ab1000 x26:0xfffffc5a  x3=0x00000015
        5015000	       500	80000844	4150d013	srai	x0,x1,0x15	  x1:0x04333000
        5025000	       501	80000848	5f388a13	addi	x20,x17,1523	 x17:0xbadbe000 x20=0xbadbe5f3
        5035000	       502	8000084c	02f59663	bne	x11,x15,80000878	 x11:0xffc0004f x15:0x00000000
        5045000	       503	00000000	00000013	addi	x0,x0,0	  x0:0x00000000
        5055000	       504	80000874	00000013	addi	x0,x0,0	  x0:0x00000000
        5065000	       505	80000878	0096fc63	bgeu	x13,x9,80000890	 x13:0x00000000  x9:0x54ab1000
        5075000	       506	8000087c	4013df93	srai	x31,x7,0x1	  x7:0x00005c5d x31=0x00002e2e
        5085000	       507	80000880	00495e63	bge	x18,x4,8000089c	 x18:0x00000046  x4:0x1515fe31
        5095000	       508	80000884	41c5d393	srai	x7,x11,0x1c	 x11:0xffc0004f  x7=0xffffffff
        5105000	       509	80000888	4e195897	auipc	x17,0x4e195	 x17=0xce195884
        5115000	       510	8000088c	9f1f3513	sltiu	x10,x30,-1551	 x30:0x56e77aa6 x10=0x00000001
        5125000	       511	80000890	415650b3	sra	x1,x12,x21	 x12:0x000005aa x21:0x80009f84  x1=0x0000005a
        5135000	       512	80000894	05a27463	bgeu	x4,x26,800008dc	  x4:0x1515fe31 x26:0xfffffc5a
        5145000	       513	80000898	3af8e613	ori	x12,x17,943	 x17:0xce195884 x12=0xce195baf
        5155000	       514	8000089c	0013e6b3	or	x13,x7,x1	  x7:0xffffffff  x1:0x0000005a x13=0xffffffff
        5165000	       515	800008a0	052f6663	bltu	x30,x18,800008ec	 x30:0x56e77aa6 x18:0x00000046
        5175000	       516	800008a4	00e77a33	and	x20,x14,x14	 x14:0x00000001 x14:0x00000001 x20=0x00000001
        5185000	       517	800008a8	abfd6a13	ori	x20,x26,-1345	 x26:0xfffffc5a x20=0xfffffeff
        5195000	       518	800008ac	00491a63	bne	x18,x4,800008c0	 x18:0x00000046  x4:0x1515fe31
        5205000	       519	00000000	00000013	addi	x0,x0,0	  x0:0x00000000
        5215000	       520	800008bc	00000013	addi	x0,x0,0	  x0:0x00000000
        5225000	       521	800008c0	0089d463	bge	x19,x8,800008c8	 x19:0x00000000  x8:0x04333000
        5235000	       522	800008c4	011bde93	srli	x29,x23,0x11	 x23:0x00000000 x29=0x00000000
        5245000	       523	800008c8	016b2eb3	slt	x29,x22,x22	 x22:0x00000001 x22:0x00000001 x29=0x00000000
        5255000	       524	800008cc	56c2ea13	ori	x20,x5,1388	  x5:0x800092d1 x20=0x800097fd
        5265000	       525	800008d0	0044ee63	bltu	x9,x4,800008ec	  x9:0x54ab1000  x4:0x1515fe31
        5275000	       526	800008d4	03a4e393	ori	x7,x9,58	  x9:0x54ab1000  x7=0x54ab103a
        5285000	       527	800008d8	017c03b3	add	x7,x24,x23	 x24:0x00000000 x23:0x00000000  x7=0x00000000
        5295000	       528	800008dc	79c1bc13	sltiu	x24,x3,1948	  x3:0x00000015 x24=0x00000001
        5305000	       529	800008e0	00c73933	sltu	x18,x14,x12	 x14:0x00000001 x12:0xce195baf x18=0x00000001
        5315000	       530	800008e4	402206b3	sub	x13,x4,x2	  x4:0x1515fe31  x2:0x00000052 x13=0x1515fddf
        5325000	       531	800008e8	00ed60b3	or	x1,x26,x14	 x26:0xfffffc5a x14:0x00000001  x1=0xfffffc5b
        5335000	       532	800008ec	05d4d663	bge	x9,x29,80000938	  x9:0x54ab1000 x29:0x00000000
        5345000	       533	00000000	00000013	addi	x0,x0,0	  x0:0x00000000
        5355000	       534	80000934	00000013	addi	x0,x0,0	  x0:0x00000000
        5365000	       535	80000938	cbe78637	lui	x12,0xcbe78	 x12=0xcbe78000
        5375000	       536	8000093c	41975733	sra	x14,x14,x25	 x14:0x00000001 x25:0x47d17601 x14=0x00000000
        5385000	       537	80000940	01f41233	sll	x4,x8,x31	  x8:0x04333000 x31:0x00002e2e  x4=0xcc000000
        5395000	       538	80000944	0536e663	bltu	x13,x19,80000990	 x13:0x1515fddf x19:0x00000000
        5405000	       539	80000948	00dafdb3	and	x27,x21,x13	 x21:0x80009f84 x13:0x1515fddf x27=0x00009d84
        5415000	       540	8000094c	cfe47093	andi	x1,x8,-770	  x8:0x04333000  x1=0x04333000
        5425000	       541	80000950	66fb0d93	addi	x27,x22,1647	 x22:0x00000001 x27=0x00000670
        5435000	       542	80000954	4043dc93	srai	x25,x7,0x4	  x7:0x00000000 x25=0x00000000
        5445000	       543	80000958	00c27c63	bgeu	x4,x12,80000970	  x4:0xcc000000 x12:0xcbe78000
        5455000	       544	00000000	00000013	addi	x0,x0,0	  x0:0x00000000
        5465000	       545	8000096c	00000013	addi	x0,x0,0	  x0:0x00000000
        5475000	       546	80000970	01298263	beq	x19,x18,80000974	 x19:0x00000000 x18:0x00000001
        5485000	       547	80000974	2bd34d13	xori	x26,x6,701	  x6:0xffffffff x26=0xfffffd42
        5495000	       548	80000978	00b64cb3	xor	x25,x12,x11	 x12:0xcbe78000 x11:0xffc0004f x25=0x3427804f
        5505000	       549	8000097c	0032fb33	and	x22,x5,x3	  x5:0x800092d1  x3:0x00000015 x22=0x00000011
        5515000	       550	80000980	019fafb3	slt	x31,x31,x25	 x31:0x00002e2e x25:0x3427804f x31=0x00000001
        5525000	       551	80000984	00e661b3	or	x3,x12,x14	 x12:0xcbe78000 x14:0x00000000  x3=0xcbe78000
        5535000	       552	80000988	4007d513	srai	x10,x15,0x0	 x15:0x00000000 x10=0x00000000
        5545000	       553	8000098c	03c5d463	bge	x11,x28,800009b4	 x11:0xffc0004f x28:0x80009fc4
        5555000	       554	00000000	00000013	addi	x0,x0,0	  x0:0x00000000
        5565000	       555	800009b0	00000013	addi	x0,x0,0	  x0:0x00000000
        5575000	       556	800009b4	02941263	bne	x8,x9,800009d8	  x8:0x04333000  x9:0x54ab1000
        5585000	       557	00000000	00000013	addi	x0,x0,0	  x0:0x00000000
        5595000	       558	800009d4	00000013	addi	x0,x0,0	  x0:0x00000000
        5605000	       559	800009d8	01a944b3	xor	x9,x18,x26	 x18:0x00000001 x26:0xfffffd42  x9=0xfffffd43
        5615000	       560	800009dc	417a8cb3	sub	x25,x21,x23	 x21:0x80009f84 x23:0x00000000 x25=0x80009f84
        5625000	       561	800009e0	014cb833	sltu	x16,x25,x20	 x25:0x80009f84 x20:0x800097fd x16=0x00000000
        5635000	       562	800009e4	1e5da993	slti	x19,x27,485	 x27:0x00000670 x19=0x00000000
        5645000	       563	800009e8	017ced33	or	x26,x25,x23	 x25:0x80009f84 x23:0x00000000 x26=0x80009f84
        5655000	       564	800009ec	00199213	slli	x4,x19,0x1	 x19:0x00000000  x4=0x00000000
        5665000	       565	800009f0	00d26533	or	x10,x4,x13	  x4:0x00000000 x13:0x1515fddf x10=0x1515fddf
        5675000	       566	800009f4	00000013	addi	x0,x0,0	  x0:0x00000000
        5685000	       567	800009f8	04f24263	blt	x4,x15,80000a3c	  x4:0x00000000 x15:0x00000000
        5695000	       568	800009fc	20ba3b93	sltiu	x23,x20,523	 x20:0x800097fd x23=0x00000000
        5705000	       569	80000a00	01884033	xor	x0,x16,x24	 x16:0x00000000 x24:0x00000001
        5715000	       570	80000a04	00c90533	add	x10,x18,x12	 x18:0x00000001 x12:0xcbe78000 x10=0xcbe78001
        5725000	       571	80000a08	01cd3633	sltu	x12,x26,x28	 x26:0x80009f84 x28:0x80009fc4 x12=0x00000001
        5735000	       572	80000a0c	03fcd263	bge	x25,x31,80000a30	 x25:0x80009f84 x31:0x00000001
        5745000	       573	80000a10	01841833	sll	x16,x8,x24	  x8:0x04333000 x24:0x00000001 x16=0x08666000
        5755000	       574	80000a14	ffabf593	andi	x11,x23,-6	 x23:0x00000000 x11=0x00000000
        5765000	       575	80000a18	00d0aa33	slt	x20,x1,x13	  x1:0x04333000 x13:0x1515fddf x20=0x00000001
        5775000	       576	80000a1c	41a05213	srai	x4,x0,0x1a	  x0:0x00000000  x4=0x00000000
        5785000	       577	80000a20	0209ee63	bltu	x19,x0,80000a5c	 x19:0x00000000  x0:0x00000000
        5795000	       578	80000a24	408d5b33	sra	x22,x26,x8	 x26:0x80009f84  x8:0x04333000 x22=0x80009f84
        5805000	       579	80000a28	004c37b3	sltu	x15,x24,x4	 x24:0x00000001  x4:0x00000000 x15=0x00000000
        5815000	       580	80000a2c	01fca9b3	slt	x19,x25,x31	 x25:0x80009f84 x31:0x00000001 x19=0x00000001
        5825000	       581	80000a30	00d52d33	slt	x26,x10,x13	 x10:0xcbe78001 x13:0x1515fddf x26=0x00000001
        5835000	       582	80000a34	02738a63	beq	x7,x7,80000a68	  x7:0x00000000  x7:0x00000000
        5845000	       583	00000000	00000013	addi	x0,x0,0	  x0:0x00000000
        5855000	       584	80000a64	00000013	addi	x0,x0,0	  x0:0x00000000
        5865000	       585	80000a68	d06a6913	ori	x18,x20,-762	 x20:0x00000001 x18=0xfffffd07
        5875000	       586	80000a6c	01195a63	bge	x18,x17,80000a80	 x18:0xfffffd07 x17:0xce195884
        5885000	       587	00000000	00000013	addi	x0,x0,0	  x0:0x00000000
        5895000	       588	80000a7c	00000013	addi	x0,x0,0	  x0:0x00000000
        5905000	       589	80000a80	4129dbb3	sra	x23,x19,x18	 x19:0x00000001 x18:0xfffffd07 x23=0x00000000
        5915000	       590	80000a84	00d41613	slli	x12,x8,0xd	  x8:0x04333000 x12=0x66000000
        5925000	       591	80000a88	01430463	beq	x6,x20,80000a90	  x6:0xffffffff x20:0x00000001
        5935000	       592	80000a8c	01077c63	bgeu	x14,x16,80000aa4	 x14:0x00000000 x16:0x08666000
        5945000	       593	80000a90	41530cb3	sub	x25,x6,x21	  x6:0xffffffff x21:0x80009f84 x25=0x7fff607b
        5955000	       594	80000a94	021c0263	beq	x24,x1,80000ab8	 x24:0x00000001  x1:0x04333000
        5965000	       595	80000a98	02cb4c63	blt	x22,x12,80000ad0	 x22:0x80009f84 x12:0x66000000
        5975000	       596	00000000	00000013	addi	x0,x0,0	  x0:0x00000000
        5985000	       597	80000acc	00000013	addi	x0,x0,0	  x0:0x00000000
        5995000	       598	80000ad0	c2934d37	lui	x26,0xc2934	 x26=0xc2934000
        6005000	       599	80000ad4	005e6833	or	x16,x28,x5	 x28:0x80009fc4  x5:0x800092d1 x16=0x80009fd5
        6015000	       600	80000ad8	40de58b3	sra	x17,x28,x13	 x28:0x80009fc4 x13:0x1515fddf x17=0xffffffff
        6025000	       601	80000adc	404fd333	sra	x6,x31,x4	 x31:0x00000001  x4:0x00000000  x6=0x00000001
        6035000	       602	80000ae0	03935a63	bge	x6,x25,80000b14	  x6:0x00000001 x25:0x7fff607b
        6045000	       603	80000ae4	006af133	and	x2,x21,x6	 x21:0x80009f84  x6:0x00000001  x2=0x00000000
        6055000	       604	80000ae8	01719c93	slli	x25,x3,0x17	  x3:0xcbe78000 x25=0x00000000
        6065000	       605	80000aec	0073c1b3	xor	x3,x7,x7	  x7:0x00000000  x7:0x00000000  x3=0x00000000
        6075000	       606	80000af0	00a5dc63	bge	x11,x10,80000b08	 x11:0x00000000 x10:0xcbe78001
        6085000	       607	00000000	00000013	addi	x0,x0,0	  x0:0x00000000
        6095000	       608	80000b04	00000013	addi	x0,x0,0	  x0:0x00000000
        6105000	       609	80000b08	01e4dcb3	srl	x25,x9,x30	  x9:0xfffffd43 x30:0x56e77aa6 x25=0x03fffff5
        6115000	       610	80000b0c	00b7c863	blt	x15,x11,80000b1c	 x15:0x00000000 x11:0x00000000
        6125000	       611	80000b10	003dc933	xor	x18,x27,x3	 x27:0x00000670  x3:0x00000000 x18=0x00000670
        6135000	       612	80000b14	01849a33	sll	x20,x9,x24	  x9:0xfffffd43 x24:0x00000001 x20=0xfffffa86
        6145000	       613	80000b18	62beee93	ori	x29,x29,1579	 x29:0x00000000 x29=0x0000062b
        6155000	       614	80000b1c	40f15eb3	sra	x29,x2,x15	  x2:0x00000000 x15:0x00000000 x29=0x00000000
        6165000	       615	80000b20	a5e82613	slti	x12,x16,-1442	 x16:0x80009fd5 x12=0x00000001
        6175000	       616	80000b24	00000013	addi	x0,x0,0	  x0:0x00000000
        6185000	       617	80000b28	40df5313	srai	x6,x30,0xd	 x30:0x56e77aa6  x6=0x0002b73b
        6195000	       618	80000b2c	0084d593	srli	x11,x9,0x8	  x9:0xfffffd43 x11=0x00fffffd
        6205000	       619	80000b30	01c239b3	sltu	x19,x4,x28	  x4:0x00000000 x28:0x80009fc4 x19=0x00000001
        6215000	       620	80000b34	005642b3	xor	x5,x12,x5	 x12:0x00000001  x5:0x800092d1  x5=0x800092d0
        6225000	       621	80000b38	00000013	addi	x0,x0,0	  x0:0x00000000
        6235000	       622	80000b3c	4171d893	srai	x17,x3,0x17	  x3:0x00000000 x17=0x00000000
        6245000	       623	80000b40	155b6317	auipc	x6,0x155b6	  x6=0x955b6b3c
        6255000	       624	80000b44	0021ecb3	or	x25,x3,x2	  x3:0x00000000  x2:0x00000000 x25=0x00000000
        6265000	       625	80000b48	01405333	srl	x6,x0,x20	  x0:0x00000000 x20:0xfffffa86  x6=0x00000000
        6275000	       626	80000b4c	00a39eb3	sll	x29,x7,x10	  x7:0x00000000 x10:0xcbe78001 x29=0x00000000
        6285000	       627	80000b50	00d0f733	and	x14,x1,x13	  x1:0x04333000 x13:0x1515fddf x14=0x04113000
        6295000	       628	80000b54	19c22913	slti	x18,x4,412	  x4:0x00000000 x18=0x00000001
        6305000	       629	80000b58	417d85b3	sub	x11,x27,x23	 x27:0x00000670 x23:0x00000000 x11=0x00000670
        6315000	       630	80000b5c	002f1e93	slli	x29,x30,0x2	 x30:0x56e77aa6 x29=0x5b9dea98
        6325000	       631	80000b60	40bf8bb3	sub	x23,x31,x11	 x31:0x00000001 x11:0x00000670 x23=0xfffff991
        6335000	       632	80000b64	007f9393	slli	x7,x31,0x7	 x31:0x00000001  x7=0x00000080
        6345000	       633	80000b68	02757a63	bgeu	x10,x7,80000b9c	 x10:0xcbe78001  x7:0x00000080
        6355000	       634	00000000	00000013	addi	x0,x0,0	  x0:0x00000000
        6365000	       635	80000b98	00000013	addi	x0,x0,0	  x0:0x00000000
        6375000	       636	80000b9c	00eccdb3	xor	x27,x25,x14	 x25:0x00000000 x14:0x04113000 x27=0x04113000
        6385000	       637	80000ba0	00f99713	slli	x14,x19,0xf	 x19:0x00000001 x14=0x00008000
        6395000	       638	80000ba4	002f59b3	srl	x19,x30,x2	 x30:0x56e77aa6  x2:0x00000000 x19=0x56e77aa6
        6405000	       639	80000ba8	00faa0b3	slt	x1,x21,x15	 x21:0x80009f84 x15:0x00000000  x1=0x00000001
        6415000	       640	80000bac	002d9d93	slli	x27,x27,0x2	 x27:0x04113000 x27=0x1044c000
        6425000	       641	80000bb0	6e2d8297	auipc	x5,0x6e2d8	  x5=0xee2d8bac
        6435000	       642	80000bb4	da79b197	auipc	x3,0xda79b	  x3=0x5a79bbb0
        6445000	       643	80000bb8	017f0a63	beq	x30,x23,80000bcc	 x30:0x56e77aa6 x23:0xfffff991
        6455000	       644	80000bbc	40520cb3	sub	x25,x4,x5	  x4:0x00000000  x5:0xee2d8bac x25=0x11d27454
        6465000	       645	80000bc0	90a6f813	andi	x16,x13,-1782	 x13:0x1515fddf x16=0x1515f90a
        6475000	       646	80000bc4	046a1463	bne	x20,x6,80000c0c	 x20:0xfffffa86  x6:0x00000000
        6485000	       647	00000000	00000013	addi	x0,x0,0	  x0:0x00000000
        6495000	       648	80000c08	00000013	addi	x0,x0,0	  x0:0x00000000
        6505000	       649	80000c0c	9824dd37	lui	x26,0x9824d	 x26=0x9824d000
        6515000	       650	80000c10	00000f17	auipc	x30,0x0	 x30=0x80000c0c
        6525000	       651	80000c14	00cf0f13	addi	x30,x30,12	 x30:0x80000c0c x30=0x80000c18
        6535000	       652	80000c18	000f0067	jalr	x0,x30,0	 x30:0x80000c18
        6545000	       653	00000000	00000013	addi	x0,x0,0	  x0:0x00000000
        6555000	       654	80000c18	00000013	addi	x0,x0,0	  x0:0x00000000
        6565000	       655	80000c1c	00100193	addi	x3,x0,1	  x0:0x00000000  x3=0x00000001
        6575000	       656	80000c20	00000073	ecall	
        6585000	       657	80000c24	00000013	addi	x0,x0,0	  x0:0x00000000
