		Time			Cycle	PC		Insn	Decoded instruction	Register and memory contents
          65000	         5	80000004	00000293	addi	x5,x0,0	  x0:0x00000000  x5=0x00000000
          75000	         6	80000008	00000313	addi	x6,x0,0	  x0:0x00000000  x6=0x00000000
          85000	         7	8000000c	00628263	beq	x5,x6,80000010	  x5:0x00000000  x6:0x00000000
          95000	         8	00000000	00000013	addi	x0,x0,0	  x0:0x00000000
         105000	         9	8000000c	00000013	addi	x0,x0,0	  x0:0x00000000
         115000	        10	80000010	00000517	auipc	x10,0x0	 x10=0x8000000c
         125000	        11	80000014	00c50513	addi	x10,x10,12	 x10:0x8000000c x10=0x80000018
         135000	        12	80000018	00050067	jalr	x0,x10,0	 x10:0x80000018
         145000	        13	00000000	00000013	addi	x0,x0,0	  x0:0x00000000
         155000	        14	80000018	00000013	addi	x0,x0,0	  x0:0x00000000
         165000	        15	8000001c	400009b7	lui	x19,0x40000	 x19=0x40000000
         175000	        16	80000020	10098993	addi	x19,x19,256	 x19:0x40000000 x19=0x40000100
         185000	        17	80000024	00000013	addi	x0,x0,0	  x0:0x00000000
         195000	        18	80000028	0000ad97	auipc	x27,0xa	 x27=0x8000a024
         205000	        19	8000002c	fa0d8d93	addi	x27,x27,-96	 x27:0x8000a024 x27=0x80009fc4
         215000	        20	80000030	00002997	auipc	x19,0x2	 x19=0x8000202c
         225000	        21	80000034	e2c98993	addi	x19,x19,-468	 x19:0x8000202c x19=0x80001e58
         235000	        22	80000038	0009e993	ori	x19,x19,0	 x19:0x80001e58 x19=0x80001e58
         245000	        23	8000003c	00000013	addi	x0,x0,0	  x0:0x00000000
         255000	        24	80000040	00000997	auipc	x19,0x0	 x19=0x8000003c
         265000	        25	80000044	02098993	addi	x19,x19,32	 x19:0x8000003c x19=0x8000005c
         275000	        26	80000048	00000013	addi	x0,x0,0	  x0:0x00000000
         285000	        27	8000004c	00000013	addi	x0,x0,0	  x0:0x00000000
         295000	        28	80000050	000029b7	lui	x19,0x2	 x19=0x00002000
         305000	        29	80000054	80098993	addi	x19,x19,-2048	 x19:0x00002000 x19=0x00001800
         315000	        30	80000058	00000013	addi	x0,x0,0	  x0:0x00000000
         325000	        31	8000005c	00000013	addi	x0,x0,0	  x0:0x00000000
         335000	        32	80000060	80000037	lui	x0,0x80000	
         345000	        33	80000064	00000013	addi	x0,x0,0	  x0:0x00000000
         355000	        34	80000068	800000b7	lui	x1,0x80000	  x1=0x80000000
         365000	        35	8000006c	00000113	addi	x2,x0,0	  x0:0x00000000  x2=0x00000000
         375000	        36	80000070	f30281b7	lui	x3,0xf3028	  x3=0xf3028000
         385000	        37	80000074	04518193	addi	x3,x3,69	  x3:0xf3028000  x3=0xf3028045
         395000	        38	80000078	00000213	addi	x4,x0,0	  x0:0x00000000  x4=0x00000000
         405000	        39	8000007c	00000293	addi	x5,x0,0	  x0:0x00000000  x5=0x00000000
         415000	        40	80000080	f5def337	lui	x6,0xf5def	  x6=0xf5def000
         425000	        41	80000084	cff30313	addi	x6,x6,-769	  x6:0xf5def000  x6=0xf5deecff
         435000	        42	80000088	00000393	addi	x7,x0,0	  x0:0x00000000  x7=0x00000000
         445000	        43	8000008c	00b00413	addi	x8,x0,11	  x0:0x00000000  x8=0x0000000b
         455000	        44	80000090	f27974b7	lui	x9,0xf2797	  x9=0xf2797000
         465000	        45	80000094	e3548493	addi	x9,x9,-459	  x9:0xf2797000  x9=0xf2796e35
         475000	        46	80000098	80000537	lui	x10,0x80000	 x10=0x80000000
         485000	        47	8000009c	00000593	addi	x11,x0,0	  x0:0x00000000 x11=0x00000000
         495000	        48	800000a0	f70fc637	lui	x12,0xf70fc	 x12=0xf70fc000
         505000	        49	800000a4	da060613	addi	x12,x12,-608	 x12:0xf70fc000 x12=0xf70fbda0
         515000	        50	800000a8	00700693	addi	x13,x0,7	  x0:0x00000000 x13=0x00000007
         525000	        51	800000ac	00a00713	addi	x14,x0,10	  x0:0x00000000 x14=0x0000000a
         535000	        52	800000b0	00000793	addi	x15,x0,0	  x0:0x00000000 x15=0x00000000
         545000	        53	800000b4	fb3b0837	lui	x16,0xfb3b0	 x16=0xfb3b0000
         555000	        54	800000b8	67d80813	addi	x16,x16,1661	 x16:0xfb3b0000 x16=0xfb3b067d
         565000	        55	800000bc	00000893	addi	x17,x0,0	  x0:0x00000000 x17=0x00000000
         575000	        56	800000c0	7963f937	lui	x18,0x7963f	 x18=0x7963f000
         585000	        57	800000c4	2ca90913	addi	x18,x18,714	 x18:0x7963f000 x18=0x7963f2ca
         595000	        58	800000c8	800009b7	lui	x19,0x80000	 x19=0x80000000
         605000	        59	800000cc	05d66a37	lui	x20,0x5d66	 x20=0x05d66000
         615000	        60	800000d0	567a0a13	addi	x20,x20,1383	 x20:0x05d66000 x20=0x05d66567
         625000	        61	800000d4	00b00a93	addi	x21,x0,11	  x0:0x00000000 x21=0x0000000b
         635000	        62	800000d8	cc071b37	lui	x22,0xcc071	 x22=0xcc071000
         645000	        63	800000dc	c7bb0b13	addi	x22,x22,-901	 x22:0xcc071000 x22=0xcc070c7b
         655000	        64	800000e0	f24e8bb7	lui	x23,0xf24e8	 x23=0xf24e8000
         665000	        65	800000e4	13db8b93	addi	x23,x23,317	 x23:0xf24e8000 x23=0xf24e813d
         675000	        66	800000e8	00a00c13	addi	x24,x0,10	  x0:0x00000000 x24=0x0000000a
         685000	        67	800000ec	00b00c93	addi	x25,x0,11	  x0:0x00000000 x25=0x0000000b
         695000	        68	800000f0	00300d13	addi	x26,x0,3	  x0:0x00000000 x26=0x00000003
         705000	        69	800000f4	25725e37	lui	x28,0x25725	 x28=0x25725000
         715000	        70	800000f8	943e0e13	addi	x28,x28,-1725	 x28:0x25725000 x28=0x25724943
         725000	        71	800000fc	00000e93	addi	x29,x0,0	  x0:0x00000000 x29=0x00000000
         735000	        72	80000100	6696bfb7	lui	x31,0x6696b	 x31=0x6696b000
         745000	        73	80000104	0b0f8f93	addi	x31,x31,176	 x31:0x6696b000 x31=0x6696b0b0
         755000	        74	80000108	0000af17	auipc	x30,0xa	 x30=0x8000a104
         765000	        75	8000010c	e80f0f13	addi	x30,x30,-384	 x30:0x8000a104 x30=0x80009f84
         775000	        76	80000110	00009317	auipc	x6,0x9	  x6=0x8000910c
         785000	        77	80000114	bf630313	addi	x6,x6,-1034	  x6:0x8000910c  x6=0x80008d02
         795000	        78	80000118	e9232a83	lw	x21,-366(x6)	  x6:0x80008d02 x21=0x1c8566ea PA:0x80008b94
         805000	        79	8000011c	e9831923	sh	x24,-366(x6)	  x6:0x80008d02 x24:0x0000000a PA:0x80008b94
         815000	        80	80000120	e9230183	lb	x3,-366(x6)	  x6:0x80008d02  x3=0x0000000a PA:0x80008b94
         825000	        81	80000124	e9230e83	lb	x29,-366(x6)	  x6:0x80008d02 x29=0x0000000a PA:0x80008b94
         835000	        82	80000128	e9232683	lw	x13,-366(x6)	  x6:0x80008d02 x13=0x1c85000a PA:0x80008b94
         845000	        83	8000012c	e9232183	lw	x3,-366(x6)	  x6:0x80008d02  x3=0x1c85000a PA:0x80008b94
         855000	        84	80000130	e9235b83	lhu	x23,-366(x6)	  x6:0x80008d02 x23=0x0000000a PA:0x80008b94
         865000	        85	80000134	e9234a03	lbu	x20,-366(x6)	  x6:0x80008d02 x20=0x0000000a PA:0x80008b94
         875000	        86	80000138	e8831923	sh	x8,-366(x6)	  x6:0x80008d02  x8:0x0000000b PA:0x80008b94
         885000	        87	8000013c	fa634c83	lbu	x25,-90(x6)	  x6:0x80008d02 x25=0x00000012 PA:0x80008ca8
         895000	        88	80000140	faa30323	sb	x10,-90(x6)	  x6:0x80008d02 x10:0x80000000 PA:0x80008ca8
         905000	        89	80000144	13e31683	lh	x13,318(x6)	  x6:0x80008d02 x13=0xffffddb1 PA:0x80008e40
         915000	        90	80000148	40705f93	srai	x31,x0,0x7	  x0:0x00000000 x31=0x00000000
         925000	        91	8000014c	12f31f23	sh	x15,318(x6)	  x6:0x80008d02 x15:0x00000000 PA:0x80008e40
         935000	        92	80000150	13931f23	sh	x25,318(x6)	  x6:0x80008d02 x25:0x00000012 PA:0x80008e40
         945000	        93	80000154	13130f23	sb	x17,318(x6)	  x6:0x80008d02 x17:0x00000000 PA:0x80008e40
         955000	        94	80000158	13b31f23	sh	x27,318(x6)	  x6:0x80008d02 x27:0x80009fc4 PA:0x80008e40
         965000	        95	8000015c	13e34683	lbu	x13,318(x6)	  x6:0x80008d02 x13=0x000000c4 PA:0x80008e40
         975000	        96	80000160	13e35b83	lhu	x23,318(x6)	  x6:0x80008d02 x23=0x00009fc4 PA:0x80008e40
         985000	        97	80000164	00009117	auipc	x2,0x9	  x2=0x80009160
         995000	        98	80000168	88410113	addi	x2,x2,-1916	  x2:0x80009160  x2=0x800089e4
        1005000	        99	8000016c	e9f14f83	lbu	x31,-353(x2)	  x2:0x800089e4 x31=0x0000005f PA:0x80008883
        1015000	       100	80000170	01da4a33	xor	x20,x20,x29	 x20:0x0000000a x29:0x0000000a x20=0x00000000
        1025000	       101	80000174	e9810fa3	sb	x24,-353(x2)	  x2:0x800089e4 x24:0x0000000a PA:0x80008883
        1035000	       102	80000178	e9f14b83	lbu	x23,-353(x2)	  x2:0x800089e4 x23=0x0000000a PA:0x80008883
        1045000	       103	8000017c	e9f14303	lbu	x6,-353(x2)	  x2:0x800089e4  x6=0x0000000a PA:0x80008883
        1055000	       104	80000180	00acb5b3	sltu	x11,x25,x10	 x25:0x00000012 x10:0x80000000 x11=0x00000001
        1065000	       105	80000184	e9010fa3	sb	x16,-353(x2)	  x2:0x800089e4 x16:0xfb3b067d PA:0x80008883
        1075000	       106	80000188	40fc5fb3	sra	x31,x24,x15	 x24:0x0000000a x15:0x00000000 x31=0x0000000a
        1085000	       107	8000018c	e9f14983	lbu	x19,-353(x2)	  x2:0x800089e4 x19=0x0000007d PA:0x80008883
        1095000	       108	80000190	e9f10783	lb	x15,-353(x2)	  x2:0x800089e4 x15=0x0000007d PA:0x80008883
        1105000	       109	80000194	03e11c03	lh	x24,62(x2)	  x2:0x800089e4 x24=0x00001f6d PA:0x80008a22
        1115000	       110	80000198	29314483	lbu	x9,659(x2)	  x2:0x800089e4  x9=0x00000027 PA:0x80008c77
        1125000	       111	8000019c	f5611423	sh	x22,-184(x2)	  x2:0x800089e4 x22:0xcc070c7b PA:0x8000892c
        1135000	       112	800001a0	01c868b3	or	x17,x16,x28	 x16:0xfb3b067d x28:0x25724943 x17=0xff7b4f7f
        1145000	       113	800001a4	8675a593	slti	x11,x11,-1945	 x11:0x00000001 x11=0x00000000
        1155000	       114	800001a8	f7b11b23	sh	x27,-138(x2)	  x2:0x800089e4 x27:0x80009fc4 PA:0x8000895a
        1165000	       115	800001ac	12e10703	lb	x14,302(x2)	  x2:0x800089e4 x14=0x00000045 PA:0x80008b12
        1175000	       116	800001b0	f7c11623	sh	x28,-148(x2)	  x2:0x800089e4 x28:0x25724943 PA:0x80008950
        1185000	       117	800001b4	f7311623	sh	x19,-148(x2)	  x2:0x800089e4 x19:0x0000007d PA:0x80008950
        1195000	       118	800001b8	e8111023	sh	x1,-384(x2)	  x2:0x800089e4  x1:0x80000000 PA:0x80008864
        1205000	       119	800001bc	e8e10023	sb	x14,-384(x2)	  x2:0x800089e4 x14:0x00000045 PA:0x80008864
        1215000	       120	800001c0	39e11323	sh	x30,902(x2)	  x2:0x800089e4 x30:0x80009f84 PA:0x80008d6a
        1225000	       121	800001c4	e2eb0013	addi	x0,x22,-466	 x22:0xcc070c7b
        1235000	       122	800001c8	58510903	lb	x18,1413(x2)	  x2:0x800089e4 x18=0x00000071 PA:0x80008f69
        1245000	       123	800001cc	00008a17	auipc	x20,0x8	 x20=0x800081c8
        1255000	       124	800001d0	7b0a0a13	addi	x20,x20,1968	 x20:0x800081c8 x20=0x80008978
        1265000	       125	800001d4	00a2c4b3	xor	x9,x5,x10	  x5:0x00000000 x10:0x80000000  x9=0x80000000
        1275000	       126	800001d8	fdfa0823	sb	x31,-48(x20)	 x20:0x80008978 x31:0x0000000a PA:0x80008948
        1285000	       127	800001dc	032b2593	slti	x11,x22,50	 x22:0xcc070c7b x11=0x00000001
        1295000	       128	800001e0	00ea1c33	sll	x24,x20,x14	 x20:0x80008978 x14:0x00000045 x24=0x00112f00
        1305000	       129	800001e4	be457413	andi	x8,x10,-1052	 x10:0x80000000  x8=0x80000000
        1315000	       130	800001e8	fc0a1d23	sh	x0,-38(x20)	 x20:0x80008978  x0:0x00000000 PA:0x80008952
        1325000	       131	800001ec	b2526313	ori	x6,x4,-1243	  x4:0x00000000  x6=0xfffffb25
        1335000	       132	800001f0	016a5f83	lhu	x31,22(x20)	 x20:0x80008978 x31=0x0000ed20 PA:0x8000898e
        1345000	       133	800001f4	00bd5b33	srl	x22,x26,x11	 x26:0x00000003 x11:0x00000001 x22=0x00000001
        1355000	       134	800001f8	003a4c83	lbu	x25,3(x20)	 x20:0x80008978 x25=0x000000f3 PA:0x8000897b
        1365000	       135	800001fc	4051dc93	srai	x25,x3,0x5	  x3:0x1c85000a x25=0x00e42800
        1375000	       136	80000200	feea5783	lhu	x15,-18(x20)	 x20:0x80008978 x15=0x00006aa6 PA:0x80008966
        1385000	       137	80000204	fe3a4883	lbu	x17,-29(x20)	 x20:0x80008978 x17=0x0000009f PA:0x8000895b
        1395000	       138	80000208	fcba4783	lbu	x15,-53(x20)	 x20:0x80008978 x15=0x00000019 PA:0x80008943
        1405000	       139	8000020c	022a1a23	sh	x2,52(x20)	 x20:0x80008978  x2:0x800089e4 PA:0x800089ac
        1415000	       140	80000210	3175c417	auipc	x8,0x3175c	  x8=0xb175c20c
        1425000	       141	80000214	02ba0183	lb	x3,43(x20)	 x20:0x80008978  x3=0xffffffa2 PA:0x800089a3
        1435000	       142	80000218	ae490193	addi	x3,x18,-1308	 x18:0x00000071  x3=0xfffffb55
        1445000	       143	8000021c	023a0d03	lb	x26,35(x20)	 x20:0x80008978 x26=0x00000027 PA:0x8000899b
        1455000	       144	80000220	fc7a0023	sb	x7,-64(x20)	 x20:0x80008978  x7:0x00000000 PA:0x80008938
        1465000	       145	80000224	fdaa5483	lhu	x9,-38(x20)	 x20:0x80008978  x9=0x00000000 PA:0x80008952
        1475000	       146	80000228	03da4c83	lbu	x25,61(x20)	 x20:0x80008978 x25=0x00000081 PA:0x800089b5
        1485000	       147	8000022c	00584bb3	xor	x23,x16,x5	 x16:0xfb3b067d  x5:0x00000000 x23=0xfb3b067d
        1495000	       148	80000230	ea954813	xori	x16,x10,-343	 x10:0x80000000 x16=0x7ffffea9
        1505000	       149	80000234	000e5113	srli	x2,x28,0x0	 x28:0x25724943  x2=0x25724943
        1515000	       150	80000238	fdba06a3	sb	x27,-51(x20)	 x20:0x80008978 x27:0x80009fc4 PA:0x80008945
        1525000	       151	8000023c	00000013	addi	x0,x0,0	  x0:0x00000000
        1535000	       152	80000240	3535f793	andi	x15,x11,851	 x11:0x00000001 x15=0x00000001
        1545000	       153	80000244	012d6d33	or	x26,x26,x18	 x26:0x00000027 x18:0x00000071 x26=0x00000077
        1555000	       154	80000248	00000013	addi	x0,x0,0	  x0:0x00000000
        1565000	       155	8000024c	ef9f6813	ori	x16,x30,-263	 x30:0x80009f84 x16=0xfffffffd
        1575000	       156	80000250	038a5003	lhu	x0,56(x20)	 x20:0x80008978 PA:0x800089b0
        1585000	       157	80000254	0070b233	sltu	x4,x1,x7	  x1:0x80000000  x7:0x00000000  x4=0x00000000
        1595000	       158	80000258	016a0983	lb	x19,22(x20)	 x20:0x80008978 x19=0x00000020 PA:0x8000898e
        1605000	       159	8000025c	8beeae93	slti	x29,x29,-1858	 x29:0x0000000a x29=0x00000000
        1615000	       160	80000260	00997333	and	x6,x18,x9	 x18:0x00000071  x9:0x00000000  x6=0x00000000
        1625000	       161	80000264	01955233	srl	x4,x10,x25	 x10:0x80000000 x25:0x00000081  x4=0x40000000
        1635000	       162	80000268	86044a93	xori	x21,x8,-1952	  x8:0xb175c20c x21=0x4e8a3a6c
        1645000	       163	8000026c	feea5b03	lhu	x22,-18(x20)	 x20:0x80008978 x22=0x00006aa6 PA:0x80008966
        1655000	       164	80000270	03ba02a3	sb	x27,37(x20)	 x20:0x80008978 x27:0x80009fc4 PA:0x8000899d
        1665000	       165	80000274	fefa4303	lbu	x6,-17(x20)	 x20:0x80008978  x6=0x0000006a PA:0x80008967
        1675000	       166	80000278	06a3e013	ori	x0,x7,106	  x7:0x00000000
        1685000	       167	8000027c	02ca0783	lb	x15,44(x20)	 x20:0x80008978 x15=0x00000067 PA:0x800089a4
        1695000	       168	80000280	01c82eb3	slt	x29,x16,x28	 x16:0xfffffffd x28:0x25724943 x29=0x00000001
        1705000	       169	80000284	ffca2d03	lw	x26,-4(x20)	 x20:0x80008978 x26=0x7c03ed3b PA:0x80008974
        1715000	       170	80000288	00008117	auipc	x2,0x8	  x2=0x80008284
        1725000	       171	8000028c	2fe10113	addi	x2,x2,766	  x2:0x80008284  x2=0x80008582
        1735000	       172	80000290	0084d813	srli	x16,x9,0x8	  x9:0x00000000 x16=0x00000000
        1745000	       173	80000294	e3c221b7	lui	x3,0xe3c22	  x3=0xe3c22000
        1755000	       174	80000298	0a514403	lbu	x8,165(x2)	  x2:0x80008582  x8=0x00000048 PA:0x80008627
        1765000	       175	00000000	00000013	addi	x0,x0,0	  x0:0x00000000
        1775000	       176	8000029c	0c814903	lbu	x18,200(x2)	  x2:0x80008582 x18=0x00000075 PA:0x8000864a
        1785000	       177	800002a0	e6e11023	sh	x14,-416(x2)	  x2:0x80008582 x14:0x00000045 PA:0x800083e2
        1795000	       178	800002a4	f1f14283	lbu	x5,-225(x2)	  x2:0x80008582  x5=0x00000018 PA:0x800084a1
        1805000	       179	800002a8	006514b3	sll	x9,x10,x6	 x10:0x80000000  x6:0x0000006a  x9=0x00000000
        1815000	       180	800002ac	1e710083	lb	x1,487(x2)	  x2:0x80008582  x1=0xffffff95 PA:0x80008769
        1825000	       181	800002b0	c3411323	sh	x20,-986(x2)	  x2:0x80008582 x20:0x80008978 PA:0x800081a8
        1835000	       182	800002b4	06914403	lbu	x8,105(x2)	  x2:0x80008582  x8=0x00000028 PA:0x800085eb
        1845000	       183	800002b8	30636a13	ori	x20,x6,774	  x6:0x0000006a x20=0x0000036e
        1855000	       184	800002bc	00441013	slli	x0,x8,0x4	  x8:0x00000028
        1865000	       185	800002c0	f51105a3	sb	x17,-181(x2)	  x2:0x80008582 x17:0x0000009f PA:0x800084cd
        1875000	       186	800002c4	00da3a13	sltiu	x20,x20,13	 x20:0x0000036e x20=0x00000000
        1885000	       187	800002c8	e2b11223	sh	x11,-476(x2)	  x2:0x80008582 x11:0x00000001 PA:0x800083a6
        1895000	       188	800002cc	00f1fb33	and	x22,x3,x15	  x3:0xe3c22000 x15:0x00000067 x22=0x00000000
        1905000	       189	800002d0	db914683	lbu	x13,-583(x2)	  x2:0x80008582 x13=0x00000043 PA:0x8000833b
        1915000	       190	800002d4	0134fa33	and	x20,x9,x19	  x9:0x00000000 x19:0x00000020 x20=0x00000000
        1925000	       191	800002d8	b9c12b23	sw	x28,-1130(x2)	  x2:0x80008582 x28:0x25724943 PA:0x80008118
        1935000	       192	800002dc	410a09b3	sub	x19,x20,x16	 x20:0x00000000 x16:0x00000000 x19=0x00000000
        1945000	       193	800002e0	d3c10c03	lb	x24,-708(x2)	  x2:0x80008582 x24=0xfffffffc PA:0x800082be
        1955000	       194	800002e4	1533c913	xori	x18,x7,339	  x7:0x00000000 x18=0x00000153
        1965000	       195	800002e8	25610303	lb	x6,598(x2)	  x2:0x80008582  x6=0x00000044 PA:0x800087d8
        1975000	       196	800002ec	19f10003	lb	x0,415(x2)	  x2:0x80008582 PA:0x80008721
        1985000	       197	800002f0	11f14a83	lbu	x21,287(x2)	  x2:0x80008582 x21=0x000000de PA:0x800086a1
        1995000	       198	800002f4	de114b03	lbu	x22,-543(x2)	  x2:0x80008582 x22=0x00000050 PA:0x80008363
        2005000	       199	800002f8	103ec013	xori	x0,x29,259	 x29:0x00000001
        2015000	       200	800002fc	bfb10303	lb	x6,-1029(x2)	  x2:0x80008582  x6=0xffffff9c PA:0x8000817d
        2025000	       201	80000300	e6d14283	lbu	x5,-403(x2)	  x2:0x80008582  x5=0x000000ec PA:0x800083ef
        2035000	       202	80000304	f3010a83	lb	x21,-208(x2)	  x2:0x80008582 x21=0x0000000c PA:0x800084b2
        2045000	       203	80000308	01ff4433	xor	x8,x30,x31	 x30:0x80009f84 x31:0x0000ed20  x8=0x800072a4
        2055000	       204	8000030c	00695793	srli	x15,x18,0x6	 x18:0x00000153 x15=0x00000005
        2065000	       205	80000310	01304b33	xor	x22,x0,x19	  x0:0x00000000 x19:0x00000000 x22=0x00000000
        2075000	       206	80000314	2b676b93	ori	x23,x14,694	 x14:0x00000045 x23=0x000002f7
        2085000	       207	80000318	02011d03	lh	x26,32(x2)	  x2:0x80008582 x26=0x00001013 PA:0x800085a2
        2095000	       208	8000031c	01410e83	lb	x29,20(x2)	  x2:0x80008582 x29=0x00000052 PA:0x80008596
        2105000	       209	80000320	00008a97	auipc	x21,0x8	 x21=0x8000831c
        2115000	       210	80000324	6bfa8a93	addi	x21,x21,1727	 x21:0x8000831c x21=0x800089db
        2125000	       211	80000328	fd8aca03	lbu	x20,-40(x21)	 x21:0x800089db x20=0x000000ac PA:0x800089b3
        2135000	       212	8000032c	016a9a33	sll	x20,x21,x22	 x21:0x800089db x22:0x00000000 x20=0x800089db
        2145000	       213	80000330	fd8a8783	lb	x15,-40(x21)	 x21:0x800089db x15=0xffffffac PA:0x800089b3
        2155000	       214	80000334	016a8b03	lb	x22,22(x21)	 x21:0x800089db x22=0xffffff98 PA:0x800089f1
        2165000	       215	80000338	031aa783	lw	x15,49(x21)	 x21:0x800089db x15=0x7cb3fcd4 PA:0x80008a0c
        2175000	       216	8000033c	031a9c03	lh	x24,49(x21)	 x21:0x800089db x24=0xfffffcd4 PA:0x80008a0c
        2185000	       217	80000340	fe6a8083	lb	x1,-26(x21)	 x21:0x800089db  x1=0xffffffcd PA:0x800089c1
        2195000	       218	00000000	00000013	addi	x0,x0,0	  x0:0x00000000
        2205000	       219	80000344	321aa593	slti	x11,x21,801	 x21:0x800089db x11=0x00000001
        2215000	       220	80000348	fdbac683	lbu	x13,-37(x21)	 x21:0x800089db x13=0x00000052 PA:0x800089b6
        2225000	       221	8000034c	f2f9f7b7	lui	x15,0xf2f9f	 x15=0xf2f9f000
        2235000	       222	80000350	fdba9d03	lh	x26,-37(x21)	 x21:0x800089db x26=0x00004452 PA:0x800089b6
        2245000	       223	80000354	ffeaaea3	sw	x30,-3(x21)	 x21:0x800089db x30:0x80009f84 PA:0x800089d8
        2255000	       224	80000358	ffda8003	lb	x0,-3(x21)	 x21:0x800089db PA:0x800089d8
        2265000	       225	8000035c	054d9bb7	lui	x23,0x54d9	 x23=0x054d9000
        2275000	       226	80000360	ffda8103	lb	x2,-3(x21)	 x21:0x800089db  x2=0xffffff84 PA:0x800089d8
        2285000	       227	80000364	ffda8203	lb	x4,-3(x21)	 x21:0x800089db  x4=0xffffff84 PA:0x800089d8
        2295000	       228	80000368	001e14b3	sll	x9,x28,x1	 x28:0x25724943  x1:0xffffffcd  x9=0x49286000
        2305000	       229	8000036c	41555433	sra	x8,x10,x21	 x10:0x80000000 x21:0x800089db  x8=0xfffffff0
        2315000	       230	80000370	033a9683	lh	x13,51(x21)	 x21:0x800089db x13=0x00007cb3 PA:0x80008a0e
        2325000	       231	80000374	01eac703	lbu	x14,30(x21)	 x21:0x800089db x14=0x00000051 PA:0x800089f9
        2335000	       232	80000378	035aa583	lw	x11,53(x21)	 x21:0x800089db x11=0xe25ec458 PA:0x80008a10
        2345000	       233	8000037c	fe8ac983	lbu	x19,-24(x21)	 x21:0x800089db x19=0x0000008b PA:0x800089c3
        2355000	       234	80000380	fe8a8b03	lb	x22,-24(x21)	 x21:0x800089db x22=0xffffff8b PA:0x800089c3
        2365000	       235	80000384	fe8acc03	lbu	x24,-24(x21)	 x21:0x800089db x24=0x0000008b PA:0x800089c3
        2375000	       236	80000388	fc1a8f23	sb	x1,-34(x21)	 x21:0x800089db  x1:0xffffffcd PA:0x800089b9
        2385000	       237	8000038c	fdea8883	lb	x17,-34(x21)	 x21:0x800089db x17=0xffffffcd PA:0x800089b9
        2395000	       238	80000390	00008597	auipc	x11,0x8	 x11=0x8000838c
        2405000	       239	80000394	22758593	addi	x11,x11,551	 x11:0x8000838c x11=0x800085b3
        2415000	       240	80000398	00008117	auipc	x2,0x8	  x2=0x80008394
        2425000	       241	8000039c	e6010113	addi	x2,x2,-416	  x2:0x80008394  x2=0x800081f4
        2435000	       242	800003a0	00008897	auipc	x17,0x8	 x17=0x8000839c
        2445000	       243	800003a4	f5e88893	addi	x17,x17,-162	 x17:0x8000839c x17=0x800082fa
        2455000	       244	800003a8	00008297	auipc	x5,0x8	  x5=0x800083a4
        2465000	       245	800003ac	3de28293	addi	x5,x5,990	  x5:0x800083a4  x5=0x80008782
        2475000	       246	800003b0	010283a3	sb	x16,7(x5)	  x5:0x80008782 x16:0x00000000 PA:0x80008789
        2485000	       247	800003b4	00c12403	lw	x8,12(x2)	  x2:0x800081f4  x8=0xf7dabce1 PA:0x80008200
        2495000	       248	800003b8	0f85aea3	sw	x24,253(x11)	 x11:0x800085b3 x24:0x0000008b PA:0x800086b0
        2505000	       249	800003bc	00d28483	lb	x9,13(x5)	  x5:0x80008782  x9=0xffffff9e PA:0x8000878f
        2515000	       250	800003c0	08b58823	sb	x11,144(x11)	 x11:0x800085b3 x11:0x800085b3 PA:0x80008643
        2525000	       251	800003c4	f7359403	lh	x8,-141(x11)	 x11:0x800085b3  x8=0xffffda74 PA:0x80008526
        2535000	       252	800003c8	0398cd03	lbu	x26,57(x17)	 x17:0x800082fa x26=0x00000074 PA:0x80008333
        2545000	       253	800003cc	03b88483	lb	x9,59(x17)	 x17:0x800082fa  x9=0xffffffe4 PA:0x80008335
        2555000	       254	800003d0	fe629c23	sh	x6,-8(x5)	  x5:0x80008782  x6:0xffffff9c PA:0x8000877a
        2565000	       255	800003d4	fb15d203	lhu	x4,-79(x11)	 x11:0x800085b3  x4=0x0000df4b PA:0x80008564
        2575000	       256	00000000	00000013	addi	x0,x0,0	  x0:0x00000000
        2585000	       257	800003d8	004100a3	sb	x4,1(x2)	  x2:0x800081f4  x4:0x0000df4b PA:0x800081f5
        2595000	       258	800003dc	00008a17	auipc	x20,0x8	 x20=0x800083d8
        2605000	       259	800003e0	252a0a13	addi	x20,x20,594	 x20:0x800083d8 x20=0x8000862a
        2615000	       260	800003e4	07d882a3	sb	x29,101(x17)	 x17:0x800082fa x29:0x00000052 PA:0x8000835f
        2625000	       261	800003e8	006a0a83	lb	x21,6(x20)	 x20:0x8000862a x21=0xffffffa1 PA:0x80008630
        2635000	       262	800003ec	f595a0a3	sw	x25,-191(x11)	 x11:0x800085b3 x25:0x00000081 PA:0x800084f4
        2645000	       263	800003f0	fa45cd03	lbu	x26,-92(x11)	 x11:0x800085b3 x26=0x000000e7 PA:0x80008557
        2655000	       264	800003f4	feda0da3	sb	x13,-5(x20)	 x20:0x8000862a x13:0x00007cb3 PA:0x80008625
        2665000	       265	800003f8	06a88803	lb	x16,106(x17)	 x17:0x800082fa x16=0xffffffa9 PA:0x80008364
        2675000	       266	800003fc	00d14783	lbu	x15,13(x2)	  x2:0x800081f4 x15=0x000000bc PA:0x80008201
        2685000	       267	80000400	0002a323	sw	x0,6(x5)	  x5:0x80008782  x0:0x00000000 PA:0x80008788
        2695000	       268	80000404	002105a3	sb	x2,11(x2)	  x2:0x800081f4  x2:0x800081f4 PA:0x800081ff
        2705000	       269	80000408	01da07a3	sb	x29,15(x20)	 x20:0x8000862a x29:0x00000052 PA:0x80008639
        2715000	       270	8000040c	00910d03	lb	x26,9(x2)	  x2:0x800081f4 x26=0x00000010 PA:0x800081fd
        2725000	       271	80000410	f408cc03	lbu	x24,-192(x17)	 x17:0x800082fa x24=0x000000d6 PA:0x8000823a
        2735000	       272	80000414	0248c483	lbu	x9,36(x17)	 x17:0x800082fa  x9=0x00000061 PA:0x8000831e
        2745000	       273	80000418	f1888623	sb	x24,-244(x17)	 x17:0x800082fa x24:0x000000d6 PA:0x80008206
        2755000	       274	8000041c	ff8a0e83	lb	x29,-8(x20)	 x20:0x8000862a x29=0xffffffe3 PA:0x80008622
        2765000	       275	80000420	0b688a23	sb	x22,180(x17)	 x17:0x800082fa x22:0xffffff8b PA:0x800083ae
        2775000	       276	80000424	fbd585a3	sb	x29,-85(x11)	 x11:0x800085b3 x29:0xffffffe3 PA:0x8000855e
        2785000	       277	80000428	00ba0203	lb	x4,11(x20)	 x20:0x8000862a  x4=0x00000010 PA:0x80008635
        2795000	       278	8000042c	fe010f23	sb	x0,-2(x2)	  x2:0x800081f4  x0:0x00000000 PA:0x800081f2
        2805000	       279	80000430	00a10d03	lb	x26,10(x2)	  x2:0x800081f4 x26=0x00000046 PA:0x800081fe
        2815000	       280	80000434	ff828003	lb	x0,-8(x5)	  x5:0x80008782 PA:0x8000877a
        2825000	       281	80000438	0cb8c183	lbu	x3,203(x17)	 x17:0x800082fa  x3=0x000000b1 PA:0x800083c5
        2835000	       282	8000043c	01911723	sh	x25,14(x2)	  x2:0x800081f4 x25:0x00000081 PA:0x80008202
        2845000	       283	80000440	004a01a3	sb	x4,3(x20)	 x20:0x8000862a  x4:0x00000010 PA:0x8000862d
        2855000	       284	80000444	00928c83	lb	x25,9(x5)	  x5:0x80008782 x25=0x00000000 PA:0x8000878b
        2865000	       285	80000448	ffe28d23	sb	x30,-6(x5)	  x5:0x80008782 x30:0x80009f84 PA:0x8000877c
        2875000	       286	8000044c	00015d03	lhu	x26,0(x2)	  x2:0x800081f4 x26=0x00004b26 PA:0x800081f4
        2885000	       287	80000450	f18587a3	sb	x24,-241(x11)	 x11:0x800085b3 x24:0x000000d6 PA:0x800084c2
        2895000	       288	80000454	f888c983	lbu	x19,-120(x17)	 x17:0x800082fa x19=0x000000bc PA:0x80008282
        2905000	       289	80000458	f4f5c383	lbu	x7,-177(x11)	 x11:0x800085b3  x7=0x000000ad PA:0x80008502
        2915000	       290	8000045c	ff328983	lb	x19,-13(x5)	  x5:0x80008782 x19=0x0000003d PA:0x80008775
        2925000	       291	80000460	ff959a83	lh	x21,-7(x11)	 x11:0x800085b3 x21=0xffff9df9 PA:0x800085ac
        2935000	       292	80000464	00fa04a3	sb	x15,9(x20)	 x20:0x8000862a x15:0x000000bc PA:0x80008633
        2945000	       293	80000468	ff610f23	sb	x22,-2(x2)	  x2:0x800081f4 x22:0xffffff8b PA:0x800081f2
        2955000	       294	8000046c	00008117	auipc	x2,0x8	  x2=0x80008468
        2965000	       295	80000470	11310113	addi	x2,x2,275	  x2:0x80008468  x2=0x8000857b
        2975000	       296	80000474	f5c14403	lbu	x8,-164(x2)	  x2:0x8000857b  x8=0x000000d3 PA:0x800084d7
        2985000	       297	80000478	00f69613	slli	x12,x13,0xf	 x13:0x00007cb3 x12=0x3e598000
        2995000	       298	8000047c	00a19493	slli	x9,x3,0xa	  x3:0x000000b1  x9=0x0002c400
        3005000	       299	80000480	01762ab3	slt	x21,x12,x23	 x12:0x3e598000 x23:0x054d9000 x21=0x00000000
        3015000	       300	80000484	fa510723	sb	x5,-82(x2)	  x2:0x8000857b  x5:0x80008782 PA:0x80008529
        3025000	       301	80000488	414bde13	srai	x28,x23,0x14	 x23:0x054d9000 x28=0x00000054
        3035000	       302	8000048c	f9c10e83	lb	x29,-100(x2)	  x2:0x8000857b x29=0xffffffac PA:0x80008517
        3045000	       303	80000490	40ddd413	srai	x8,x27,0xd	 x27:0x80009fc4  x8=0xfffc0004
        3055000	       304	80000494	46fb4813	xori	x16,x22,1135	 x22:0xffffff8b x16=0xfffffbe4
        3065000	       305	80000498	3d7a6393	ori	x7,x20,983	 x20:0x8000862a  x7=0x800087ff
        3075000	       306	8000049c	0f414303	lbu	x6,244(x2)	  x2:0x8000857b  x6=0x00000005 PA:0x8000866f
        3085000	       307	800004a0	03010603	lb	x12,48(x2)	  x2:0x8000857b x12=0x00000043 PA:0x800085ab
        3095000	       308	800004a4	09410a23	sb	x20,148(x2)	  x2:0x8000857b x20:0x8000862a PA:0x8000860f
        3105000	       309	800004a8	08610023	sb	x6,128(x2)	  x2:0x8000857b  x6:0x00000005 PA:0x800085fb
        3115000	       310	800004ac	f5e14903	lbu	x18,-162(x2)	  x2:0x8000857b x18=0x00000031 PA:0x800084d9
        3125000	       311	800004b0	0a515483	lhu	x9,165(x2)	  x2:0x8000857b  x9=0x000095bc PA:0x80008620
        3135000	       312	800004b4	410c5ab3	sra	x21,x24,x16	 x24:0x000000d6 x16:0xfffffbe4 x21=0x0000000d
        3145000	       313	800004b8	b8c53013	sltiu	x0,x10,-1140	 x10:0x80000000
        3155000	       314	800004bc	00069733	sll	x14,x13,x0	 x13:0x00007cb3  x0:0x00000000 x14=0x00007cb3
        3165000	       315	800004c0	f3f10403	lb	x8,-193(x2)	  x2:0x8000857b  x8=0x00000037 PA:0x800084ba
        3175000	       316	800004c4	07915683	lhu	x13,121(x2)	  x2:0x8000857b x13=0x00004352 PA:0x800085f4
        3185000	       317	800004c8	f2810a83	lb	x21,-216(x2)	  x2:0x8000857b x21=0xffffffc9 PA:0x800084a3
        3195000	       318	00000000	00000013	addi	x0,x0,0	  x0:0x00000000
        3205000	       319	800004cc	cb59c813	xori	x16,x19,-843	 x19:0x0000003d x16=0xfffffc88
        3215000	       320	800004d0	400554b3	sra	x9,x10,x0	 x10:0x80000000  x0:0x00000000  x9=0x80000000
        3225000	       321	800004d4	012d9413	slli	x8,x27,0x12	 x27:0x80009fc4  x8=0x7f100000
        3235000	       322	800004d8	09b15283	lhu	x5,155(x2)	  x2:0x8000857b  x5=0x00006cca PA:0x80008616
        3245000	       323	800004dc	0146d193	srli	x3,x13,0x14	 x13:0x00004352  x3=0x00000000
        3255000	       324	800004e0	4147d333	sra	x6,x15,x20	 x15:0x000000bc x20:0x8000862a  x6=0x00000000
        3265000	       325	800004e4	f7510903	lb	x18,-139(x2)	  x2:0x8000857b x18=0x00000006 PA:0x800084f0
        3275000	       326	800004e8	fee10003	lb	x0,-18(x2)	  x2:0x8000857b PA:0x80008569
        3285000	       327	800004ec	00c029b3	slt	x19,x0,x12	  x0:0x00000000 x12:0x00000043 x19=0x00000001
        3295000	       328	800004f0	07010a03	lb	x20,112(x2)	  x2:0x8000857b x20=0x00000028 PA:0x800085eb
        3305000	       329	800004f4	0ac14583	lbu	x11,172(x2)	  x2:0x8000857b x11=0x00000048 PA:0x80008627
        3315000	       330	800004f8	00008117	auipc	x2,0x8	  x2=0x800084f4
        3325000	       331	800004fc	f3410113	addi	x2,x2,-204	  x2:0x800084f4  x2=0x80008428
        3335000	       332	80000500	03310b83	lb	x23,51(x2)	  x2:0x80008428 x23=0xffffffda PA:0x8000845b
        3345000	       333	80000504	03a109a3	sb	x26,51(x2)	  x2:0x80008428 x26:0x00004b26 PA:0x8000845b
        3355000	       334	80000508	03310583	lb	x11,51(x2)	  x2:0x80008428 x11=0x00000026 PA:0x8000845b
        3365000	       335	8000050c	03314183	lbu	x3,51(x2)	  x2:0x80008428  x3=0x00000026 PA:0x8000845b
        3375000	       336	80000510	02e109a3	sb	x14,51(x2)	  x2:0x80008428 x14:0x00007cb3 PA:0x8000845b
        3385000	       337	80000514	03314303	lbu	x6,51(x2)	  x2:0x80008428  x6=0x000000b3 PA:0x8000845b
        3395000	       338	80000518	03314983	lbu	x19,51(x2)	  x2:0x80008428 x19=0x000000b3 PA:0x8000845b
        3405000	       339	8000051c	024109a3	sb	x4,51(x2)	  x2:0x80008428  x4:0x00000010 PA:0x8000845b
        3415000	       340	80000520	03310b83	lb	x23,51(x2)	  x2:0x80008428 x23=0x00000010 PA:0x8000845b
        3425000	       341	80000524	03310303	lb	x6,51(x2)	  x2:0x80008428  x6=0x00000010 PA:0x8000845b
        3435000	       342	80000528	03d109a3	sb	x29,51(x2)	  x2:0x80008428 x29:0xffffffac PA:0x8000845b
        3445000	       343	8000052c	018104a3	sb	x24,9(x2)	  x2:0x80008428 x24:0x000000d6 PA:0x80008431
        3455000	       344	80000530	406b5c93	srai	x25,x22,0x6	 x22:0xffffff8b x25=0xfffffffe
        3465000	       345	80000534	00914f83	lbu	x31,9(x2)	  x2:0x80008428 x31=0x000000d6 PA:0x80008431
        3475000	       346	80000538	002104a3	sb	x2,9(x2)	  x2:0x80008428  x2:0x80008428 PA:0x80008431
        3485000	       347	8000053c	00914b83	lbu	x23,9(x2)	  x2:0x80008428 x23=0x00000028 PA:0x80008431
        3495000	       348	80000540	00008f97	auipc	x31,0x8	 x31=0x8000853c
        3505000	       349	80000544	014f8f93	addi	x31,x31,20	 x31:0x8000853c x31=0x80008550
        3515000	       350	80000548	1ecf8183	lb	x3,492(x31)	 x31:0x80008550  x3=0xfffffffa PA:0x8000873c
        3525000	       351	8000054c	81b02293	slti	x5,x0,-2021	  x0:0x00000000  x5=0x00000000
        3535000	       352	80000550	c4bfc583	lbu	x11,-949(x31)	 x31:0x80008550 x11=0x0000007e PA:0x8000819b
        3545000	       353	80000554	c7ff88a3	sb	x31,-911(x31)	 x31:0x80008550 x31:0x80008550 PA:0x800081c1
        3555000	       354	80000558	01f1b6b3	sltu	x13,x3,x31	  x3:0xfffffffa x31:0x80008550 x13=0x00000000
        3565000	       355	8000055c	00c647b3	xor	x15,x12,x12	 x12:0x00000043 x12:0x00000043 x15=0x00000000
        3575000	       356	80000560	c71fce83	lbu	x29,-911(x31)	 x31:0x80008550 x29=0x00000050 PA:0x800081c1
        3585000	       357	80000564	e21fcd03	lbu	x26,-479(x31)	 x31:0x80008550 x26=0x00000073 PA:0x80008371
        3595000	       358	80000568	e21f8903	lb	x18,-479(x31)	 x31:0x80008550 x18=0x00000073 PA:0x80008371
        3605000	       359	8000056c	e21f8783	lb	x15,-479(x31)	 x31:0x80008550 x15=0x00000073 PA:0x80008371
        3615000	       360	80000570	e21f8c03	lb	x24,-479(x31)	 x31:0x80008550 x24=0x00000073 PA:0x80008371
        3625000	       361	80000574	4083d133	sra	x2,x7,x8	  x7:0x800087ff  x8:0x7f100000  x2=0x800087ff
        3635000	       362	80000578	708a4b13	xori	x22,x20,1800	 x20:0x00000028 x22=0x00000720
        3645000	       363	8000057c	ff1fc603	lbu	x12,-15(x31)	 x31:0x80008550 x12=0x00000041 PA:0x80008541
        3655000	       364	80000580	00449e13	slli	x28,x9,0x4	  x9:0x80000000 x28=0x00000000
        3665000	       365	80000584	ff1fc103	lbu	x2,-15(x31)	 x31:0x80008550  x2=0x00000041 PA:0x80008541
        3675000	       366	80000588	01c06a33	or	x20,x0,x28	  x0:0x00000000 x28:0x00000000 x20=0x00000000
        3685000	       367	8000058c	233f8783	lb	x15,563(x31)	 x31:0x80008550 x15=0xffffff85 PA:0x80008783
        3695000	       368	80000590	f13f8d03	lb	x26,-237(x31)	 x31:0x80008550 x26=0x00000013 PA:0x80008463
        3705000	       369	80000594	00008117	auipc	x2,0x8	  x2=0x80008590
        3715000	       370	80000598	bd810113	addi	x2,x2,-1064	  x2:0x80008590  x2=0x80008168
        3725000	       371	8000059c	5bc3a213	slti	x4,x7,1468	  x7:0x800087ff  x4=0x00000001
        3735000	       372	800005a0	f6e108a3	sb	x14,-143(x2)	  x2:0x80008168 x14:0x00007cb3 PA:0x800080d9
        3745000	       373	800005a4	f5510583	lb	x11,-171(x2)	  x2:0x80008168 x11=0x00000075 PA:0x800080bd
        3755000	       374	800005a8	03f14703	lbu	x14,63(x2)	  x2:0x80008168 x14=0x00000071 PA:0x800081a7
        3765000	       375	800005ac	07d10d03	lb	x26,125(x2)	  x2:0x80008168 x26=0x00000069 PA:0x800081e5
        3775000	       376	800005b0	01d3d8b3	srl	x17,x7,x29	  x7:0x800087ff x29:0x00000050 x17=0x00008000
        3785000	       377	800005b4	fe3e2093	slti	x1,x28,-29	 x28:0x00000000  x1=0x00000000
        3795000	       378	800005b8	dda97017	auipc	x0,0xdda97	
        3805000	       379	800005bc	fe815003	lhu	x0,-24(x2)	  x2:0x80008168 PA:0x80008150
        3815000	       380	800005c0	f5e11d03	lh	x26,-162(x2)	  x2:0x80008168 x26=0xffffff1e PA:0x800080c6
        3825000	       381	800005c4	ebec63b7	lui	x7,0xebec6	  x7=0xebec6000
        3835000	       382	800005c8	04314783	lbu	x15,67(x2)	  x2:0x80008168 x15=0x000000e2 PA:0x800081ab
        3845000	       383	800005cc	0b010b83	lb	x23,176(x2)	  x2:0x80008168 x23=0x0000005c PA:0x80008218
        3855000	       384	800005d0	00000013	addi	x0,x0,0	  x0:0x00000000
        3865000	       385	800005d4	a1d74813	xori	x16,x14,-1507	 x14:0x00000071 x16=0xfffffa6c
        3875000	       386	800005d8	0fb10e83	lb	x29,251(x2)	  x2:0x80008168 x29=0x0000006b PA:0x80008263
        3885000	       387	800005dc	ff2109a3	sb	x18,-13(x2)	  x2:0x80008168 x18:0x00000073 PA:0x8000815b
        3895000	       388	800005e0	40db5793	srai	x15,x22,0xd	 x22:0x00000720 x15=0x00000000
        3905000	       389	800005e4	04910923	sb	x9,82(x2)	  x2:0x80008168  x9:0x80000000 PA:0x800081ba
        3915000	       390	800005e8	0c411023	sh	x4,192(x2)	  x2:0x80008168  x4:0x00000001 PA:0x80008228
        3925000	       391	800005ec	058103a3	sb	x24,71(x2)	  x2:0x80008168 x24:0x00000073 PA:0x800081af
        3935000	       392	800005f0	0ea10003	lb	x0,234(x2)	  x2:0x80008168 PA:0x80008252
        3945000	       393	800005f4	0b714303	lbu	x6,183(x2)	  x2:0x80008168  x6=0x00000083 PA:0x8000821f
        3955000	       394	800005f8	00874033	xor	x0,x14,x8	 x14:0x00000071  x8:0x7f100000
        3965000	       395	800005fc	00870c33	add	x24,x14,x8	 x14:0x00000071  x8:0x7f100000 x24=0x7f100071
        3975000	       396	80000600	f7812683	lw	x13,-136(x2)	  x2:0x80008168 x13=0xfbd2791f PA:0x800080e0
        3985000	       397	80000604	06710aa3	sb	x7,117(x2)	  x2:0x80008168  x7:0xebec6000 PA:0x800081dd
        3995000	       398	80000608	08511623	sh	x5,140(x2)	  x2:0x80008168  x5:0x00000000 PA:0x800081f4
        4005000	       399	8000060c	f4214983	lbu	x19,-190(x2)	  x2:0x80008168 x19=0x0000000a PA:0x800080aa
        4015000	       400	80000610	005ea933	slt	x18,x29,x5	 x29:0x0000006b  x5:0x00000000 x18=0x00000000
        4025000	       401	80000614	44473d13	sltiu	x26,x14,1092	 x14:0x00000071 x26=0x00000001
        4035000	       402	80000618	08412803	lw	x16,132(x2)	  x2:0x80008168 x16=0x130622ec PA:0x800081ec
        4045000	       403	8000061c	05c12603	lw	x12,92(x2)	  x2:0x80008168 x12=0x6ec05cf1 PA:0x800081c4
        4055000	       404	80000620	00000013	addi	x0,x0,0	  x0:0x00000000
        4065000	       405	80000624	05d10ea3	sb	x29,93(x2)	  x2:0x80008168 x29:0x0000006b PA:0x800081c5
        4075000	       406	80000628	01783cb3	sltu	x25,x16,x23	 x16:0x130622ec x23:0x0000005c x25=0x00000000
        4085000	       407	8000062c	41675833	sra	x16,x14,x22	 x14:0x00000071 x22:0x00000720 x16=0x00000071
        4095000	       408	80000630	f89101a3	sb	x9,-125(x2)	  x2:0x80008168  x9:0x80000000 PA:0x800080eb
        4105000	       409	80000634	00008b17	auipc	x22,0x8	 x22=0x80008630
        4115000	       410	80000638	796b0b13	addi	x22,x22,1942	 x22:0x80008630 x22=0x80008dc6
        4125000	       411	8000063c	00cef833	and	x16,x29,x12	 x29:0x0000006b x12:0x6ec05cf1 x16=0x00000061
        4135000	       412	80000640	feeb2d03	lw	x26,-18(x22)	 x22:0x80008dc6 x26=0x44b08432 PA:0x80008db4
        4145000	       413	80000644	ffe84913	xori	x18,x16,-2	 x16:0x00000061 x18=0xffffff9f
        4155000	       414	80000648	ff1b1723	sh	x17,-18(x22)	 x22:0x80008dc6 x17:0x00008000 PA:0x80008db4
        4165000	       415	8000064c	05cb1203	lh	x4,92(x22)	 x22:0x80008dc6  x4=0x00001943 PA:0x80008e22
        4175000	       416	80000650	02bb4b83	lbu	x23,43(x22)	 x22:0x80008dc6 x23=0x000000e6 PA:0x80008df1
        4185000	       417	80000654	f47b4183	lbu	x3,-185(x22)	 x22:0x80008dc6  x3=0x0000000b PA:0x80008d0d
        4195000	       418	80000658	f47b4783	lbu	x15,-185(x22)	 x22:0x80008dc6 x15=0x0000000b PA:0x80008d0d
        4205000	       419	8000065c	41c64f93	xori	x31,x12,1052	 x12:0x6ec05cf1 x31=0x6ec058ed
        4215000	       420	80000660	5bd4f193	andi	x3,x9,1469	  x9:0x80000000  x3=0x00000000
        4225000	       421	80000664	f47b0c83	lb	x25,-185(x22)	 x22:0x80008dc6 x25=0x0000000b PA:0x80008d0d
        4235000	       422	80000668	00983793	sltiu	x15,x16,9	 x16:0x00000061 x15=0x00000000
        4245000	       423	8000066c	01a9f433	and	x8,x19,x26	 x19:0x0000000a x26:0x44b08432  x8=0x00000002
        4255000	       424	80000670	f63b1923	sh	x3,-142(x22)	 x22:0x80008dc6  x3:0x00000000 PA:0x80008d38
        4265000	       425	80000674	f7cb0923	sb	x28,-142(x22)	 x22:0x80008dc6 x28:0x00000000 PA:0x80008d38
        4275000	       426	80000678	f72b2183	lw	x3,-142(x22)	 x22:0x80008dc6  x3=0x6d1b0000 PA:0x80008d38
        4285000	       427	8000067c	4155de33	sra	x28,x11,x21	 x11:0x00000075 x21:0xffffffc9 x28=0x00000000
        4295000	       428	80000680	f72b0d03	lb	x26,-142(x22)	 x22:0x80008dc6 x26=0x00000000 PA:0x80008d38
        4305000	       429	80000684	00008c17	auipc	x24,0x8	 x24=0x80008680
        4315000	       430	80000688	0cec0c13	addi	x24,x24,206	 x24:0x80008680 x24=0x8000874e
        4325000	       431	8000068c	00008797	auipc	x15,0x8	 x15=0x80008688
        4335000	       432	80000690	b7278793	addi	x15,x15,-1166	 x15:0x80008688 x15=0x800081fa
        4345000	       433	80000694	039c4003	lbu	x0,57(x24)	 x24:0x8000874e PA:0x80008787
        4355000	       434	80000698	fdbc4b83	lbu	x23,-37(x24)	 x24:0x8000874e x23=0x00000008 PA:0x80008729
        4365000	       435	8000069c	29b79a23	sh	x27,660(x15)	 x15:0x800081fa x27:0x80009fc4 PA:0x8000848e
        4375000	       436	800006a0	00008297	auipc	x5,0x8	  x5=0x8000869c
        4385000	       437	800006a4	c8f28293	addi	x5,x5,-881	  x5:0x8000869c  x5=0x8000832b
        4395000	       438	800006a8	039c4883	lbu	x17,57(x24)	 x24:0x8000874e x17=0x00000013 PA:0x80008787
        4405000	       439	800006ac	0257c383	lbu	x7,37(x15)	 x15:0x800081fa  x7=0x00000083 PA:0x8000821f
        4415000	       440	800006b0	033c0303	lb	x6,51(x24)	 x24:0x8000874e  x6=0x0000006c PA:0x80008781
        4425000	       441	800006b4	00008497	auipc	x9,0x8	  x9=0x800086b0
        4435000	       442	800006b8	09348493	addi	x9,x9,147	  x9:0x800086b0  x9=0x80008743
        4445000	       443	800006bc	220780a3	sb	x0,545(x15)	 x15:0x800081fa  x0:0x00000000 PA:0x8000841b
        4455000	       444	800006c0	00008c97	auipc	x25,0x8	 x25=0x800086bc
        4465000	       445	800006c4	f6ec8c93	addi	x25,x25,-146	 x25:0x800086bc x25=0x8000862a
        4475000	       446	800006c8	ff2c0aa3	sb	x18,-11(x24)	 x24:0x8000874e x18:0xffffff9f PA:0x80008743
        4485000	       447	800006cc	014c0703	lb	x14,20(x24)	 x24:0x8000874e x14=0xffffffa5 PA:0x80008762
        4495000	       448	800006d0	018c0603	lb	x12,24(x24)	 x24:0x8000874e x12=0x00000040 PA:0x80008766
        4505000	       449	800006d4	fcb28903	lb	x18,-53(x5)	  x5:0x8000832b x18=0xffffff93 PA:0x800082f6
        4515000	       450	800006d8	fd6c8603	lb	x12,-42(x25)	 x25:0x8000862a x12=0xffffffe4 PA:0x80008600
        4525000	       451	800006dc	ed67aa83	lw	x21,-298(x15)	 x15:0x800081fa x21=0x9a0f7833 PA:0x800080d0
        4535000	       452	800006e0	2c678383	lb	x7,710(x15)	 x15:0x800081fa  x7=0xffffff83 PA:0x800084c0
        4545000	       453	800006e4	fe4c9f83	lh	x31,-28(x25)	 x25:0x8000862a x31=0x00002ad6 PA:0x8000860e
        4555000	       454	800006e8	03e2c083	lbu	x1,62(x5)	  x5:0x8000832b  x1=0x0000002b PA:0x80008369
        4565000	       455	800006ec	03d4d303	lhu	x6,61(x9)	  x9:0x80008743  x6=0x00006cf9 PA:0x80008780
        4575000	       456	800006f0	36f78083	lb	x1,879(x15)	 x15:0x800081fa  x1=0x00000051 PA:0x80008569
        4585000	       457	800006f4	02dc87a3	sb	x13,47(x25)	 x25:0x8000862a x13:0xfbd2791f PA:0x80008659
        4595000	       458	800006f8	c5d48a03	lb	x20,-931(x9)	  x9:0x80008743 x20=0x00000029 PA:0x800083a0
        4605000	       459	800006fc	fedc8e23	sb	x13,-4(x25)	 x25:0x8000862a x13:0xfbd2791f PA:0x80008626
        4615000	       460	80000700	fac4ca03	lbu	x20,-84(x9)	  x9:0x80008743 x20=0x000000cc PA:0x800086ef
        4625000	       461	80000704	01ec0c23	sb	x30,24(x24)	 x24:0x8000874e x30:0x80009f84 PA:0x80008766
        4635000	       462	80000708	01429fa3	sh	x20,31(x5)	  x5:0x8000832b x20:0x000000cc PA:0x8000834a
        4645000	       463	8000070c	f5278183	lb	x3,-174(x15)	 x15:0x800081fa  x3=0x0000004f PA:0x8000814c
        4655000	       464	80000710	b66486a3	sb	x6,-1171(x9)	  x9:0x80008743  x6:0x00006cf9 PA:0x800082b0
        4665000	       465	80000714	f297ce83	lbu	x29,-215(x15)	 x15:0x800081fa x29=0x00000053 PA:0x80008123
        4675000	       466	80000718	ee748883	lb	x17,-281(x9)	  x9:0x80008743 x17=0xffffffd6 PA:0x8000862a
        4685000	       467	8000071c	d1748e03	lb	x28,-745(x9)	  x9:0x80008743 x28=0xffffffcd PA:0x8000845a
        4695000	       468	80000720	020c0f83	lb	x31,32(x24)	 x24:0x8000874e x31=0xffffffa5 PA:0x8000876e
        4705000	       469	80000724	98348883	lb	x17,-1661(x9)	  x9:0x80008743 x17=0x0000001e PA:0x800080c6
        4715000	       470	80000728	0342c003	lbu	x0,52(x5)	  x5:0x8000832b PA:0x8000835f
        4725000	       471	8000072c	fed2c583	lbu	x11,-19(x5)	  x5:0x8000832b x11=0x000000f3 PA:0x80008318
        4735000	       472	80000730	01cc8003	lb	x0,28(x25)	 x25:0x8000862a PA:0x80008646
        4745000	       473	80000734	01048703	lb	x14,16(x9)	  x9:0x80008743 x14=0xffffffb0 PA:0x80008753
        4755000	       474	00000000	00000013	addi	x0,x0,0	  x0:0x00000000
        4765000	       475	80000738	02e28683	lb	x13,46(x5)	  x5:0x8000832b x13=0xffffffd9 PA:0x80008359
        4775000	       476	8000073c	00008317	auipc	x6,0x8	  x6=0x80008738
        4785000	       477	80000740	5a430313	addi	x6,x6,1444	  x6:0x80008738  x6=0x80008cdc
        4795000	       478	80000744	d2f3cb93	xori	x23,x7,-721	  x7:0xffffff83 x23=0x000002ac
        4805000	       479	80000748	04231903	lh	x18,66(x6)	  x6:0x80008cdc x18=0xffffbc3e PA:0x80008d1e
        4815000	       480	8000074c	00eeb4b3	sltu	x9,x29,x14	 x29:0x00000053 x14:0xffffffb0  x9=0x00000001
        4825000	       481	80000750	f0e52e13	slti	x28,x10,-242	 x10:0x80000000 x28=0x00000001
        4835000	       482	80000754	534f8893	addi	x17,x31,1332	 x31:0xffffffa5 x17=0x000004d9
        4845000	       483	80000758	40e65693	srai	x13,x12,0xe	 x12:0xffffffe4 x13=0xffffffff
        4855000	       484	8000075c	41975cb3	sra	x25,x14,x25	 x14:0xffffffb0 x25:0x8000862a x25=0xffffffff
        4865000	       485	80000760	007e6433	or	x8,x28,x7	 x28:0x00000001  x7:0xffffff83  x8=0xffffff83
        4875000	       486	80000764	0f635083	lhu	x1,246(x6)	  x6:0x80008cdc  x1=0x0000852b PA:0x80008dd2
        4885000	       487	80000768	01ace1b3	or	x3,x25,x26	 x25:0xffffffff x26:0x00000000  x3=0xffffffff
        4895000	       488	8000076c	00c44c33	xor	x24,x8,x12	  x8:0xffffff83 x12:0xffffffe4 x24=0x00000067
        4905000	       489	80000770	f1d30583	lb	x11,-227(x6)	  x6:0x80008cdc x11=0xffffffb2 PA:0x80008bf9
        4915000	       490	80000774	009b02b3	add	x5,x22,x9	 x22:0x80008dc6  x9:0x00000001  x5=0x80008dc7
        4925000	       491	80000778	01ed1213	slli	x4,x26,0x1e	 x26:0x00000000  x4=0x00000000
        4935000	       492	8000077c	1d2b3493	sltiu	x9,x22,466	 x22:0x80008dc6  x9=0x00000000
        4945000	       493	80000780	04d34803	lbu	x16,77(x6)	  x6:0x80008cdc x16=0x00000063 PA:0x80008d29
        4955000	       494	80000784	00fb3cb3	sltu	x25,x22,x15	 x22:0x80008dc6 x15:0x800081fa x25=0x00000000
        4965000	       495	80000788	01631583	lh	x11,22(x6)	  x6:0x80008cdc x11=0xfffff955 PA:0x80008cf2
        4975000	       496	8000078c	00000013	addi	x0,x0,0	  x0:0x00000000
        4985000	       497	80000790	217f3013	sltiu	x0,x30,535	 x30:0x80009f84
        4995000	       498	80000794	03234a83	lbu	x21,50(x6)	  x6:0x80008cdc x21=0x000000de PA:0x80008d0e
        5005000	       499	80000798	f8a32e23	sw	x10,-100(x6)	  x6:0x80008cdc x10:0x80000000 PA:0x80008c78
        5015000	       500	8000079c	cbdfc813	xori	x16,x31,-835	 x31:0xffffffa5 x16=0x00000318
        5025000	       501	800007a0	fa630ca3	sb	x6,-71(x6)	  x6:0x80008cdc  x6:0x80008cdc PA:0x80008c95
        5035000	       502	800007a4	01d09a33	sll	x20,x1,x29	  x1:0x0000852b x29:0x00000053 x20=0x29580000
        5045000	       503	800007a8	0159c433	xor	x8,x19,x21	 x19:0x0000000a x21:0x000000de  x8=0x000000d4
        5055000	       504	800007ac	40b0de93	srai	x29,x1,0xb	  x1:0x0000852b x29=0x00000010
        5065000	       505	800007b0	01a8d613	srli	x12,x17,0x1a	 x17:0x000004d9 x12=0x00000000
        5075000	       506	800007b4	357c8b13	addi	x22,x25,855	 x25:0x00000000 x22=0x00000357
        5085000	       507	800007b8	fba32c23	sw	x26,-72(x6)	  x6:0x80008cdc x26:0x00000000 PA:0x80008c94
        5095000	       508	800007bc	b5dded13	ori	x26,x27,-1187	 x27:0x80009fc4 x26=0xffffffdd
        5105000	       509	800007c0	08134f83	lbu	x31,129(x6)	  x6:0x80008cdc x31=0x0000002f PA:0x80008d5d
        5115000	       510	800007c4	0103c7b3	xor	x15,x7,x16	  x7:0xffffff83 x16:0x00000318 x15=0xfffffc9b
        5125000	       511	800007c8	19067013	andi	x0,x12,400	 x12:0x00000000
        5135000	       512	800007cc	403dd193	srai	x3,x27,0x3	 x27:0x80009fc4  x3=0xf00013f8
        5145000	       513	800007d0	f1930b03	lb	x22,-231(x6)	  x6:0x80008cdc x22=0x00000008 PA:0x80008bf5
        5155000	       514	800007d4	01f2f2b3	and	x5,x5,x31	  x5:0x80008dc7 x31:0x0000002f  x5=0x00000007
        5165000	       515	800007d8	34566193	ori	x3,x12,837	 x12:0x00000000  x3=0x00000345
        5175000	       516	800007dc	fad30883	lb	x17,-83(x6)	  x6:0x80008cdc x17=0x00000064 PA:0x80008c89
        5185000	       517	800007e0	01d79c13	slli	x24,x15,0x1d	 x15:0xfffffc9b x24=0x60000000
        5195000	       518	800007e4	001e0633	add	x12,x28,x1	 x28:0x00000001  x1:0x0000852b x12=0x0000852c
        5205000	       519	800007e8	fe434983	lbu	x19,-28(x6)	  x6:0x80008cdc x19=0x0000006c PA:0x80008cc0
        5215000	       520	800007ec	00008897	auipc	x17,0x8	 x17=0x800087e8
        5225000	       521	800007f0	6e388893	addi	x17,x17,1763	 x17:0x800087e8 x17=0x80008ecb
        5235000	       522	800007f4	0038d783	lhu	x15,3(x17)	 x17:0x80008ecb x15=0x000068b0 PA:0x80008ece
        5245000	       523	800007f8	03188f83	lb	x31,49(x17)	 x17:0x80008ecb x31=0x0000006f PA:0x80008efc
        5255000	       524	800007fc	033b6913	ori	x18,x22,51	 x22:0x00000008 x18=0x0000003b
        5265000	       525	80000800	fea8c003	lbu	x0,-22(x17)	 x17:0x80008ecb PA:0x80008eb5
        5275000	       526	80000804	41ef5a33	sra	x20,x30,x30	 x30:0x80009f84 x30:0x80009f84 x20=0xf80009f8
        5285000	       527	80000808	4a91eb93	ori	x23,x3,1193	  x3:0x00000345 x23=0x000007ed
        5295000	       528	8000080c	00c83b33	sltu	x22,x16,x12	 x16:0x00000318 x12:0x0000852c x22=0x00000001
        5305000	       529	80000810	01e02c33	slt	x24,x0,x30	  x0:0x00000000 x30:0x80009f84 x24=0x00000000
        5315000	       530	80000814	fd488a83	lb	x21,-44(x17)	 x17:0x80008ecb x21=0xffffff8a PA:0x80008e9f
        5325000	       531	80000818	fcf8c683	lbu	x13,-49(x17)	 x17:0x80008ecb x13=0x000000c6 PA:0x80008e9a
        5335000	       532	8000081c	009c95b3	sll	x11,x25,x9	 x25:0x00000000  x9:0x00000000 x11=0x00000000
        5345000	       533	80000820	00888303	lb	x6,8(x17)	 x17:0x80008ecb  x6=0xffffffa1 PA:0x80008ed3
        5355000	       534	80000824	9fccee17	auipc	x28,0x9fcce	 x28=0x1fcce820
        5365000	       535	80000828	028897a3	sh	x8,47(x17)	 x17:0x80008ecb  x8:0x000000d4 PA:0x80008efa
        5375000	       536	8000082c	0358db83	lhu	x23,53(x17)	 x17:0x80008ecb x23=0x0000df62 PA:0x80008f00
        5385000	       537	80000830	00c88403	lb	x8,12(x17)	 x17:0x80008ecb  x8=0x00000016 PA:0x80008ed7
        5395000	       538	80000834	025895a3	sh	x5,43(x17)	 x17:0x80008ecb  x5:0x00000007 PA:0x80008ef6
        5405000	       539	80000838	02188403	lb	x8,33(x17)	 x17:0x80008ecb  x8=0x0000007b PA:0x80008eec
        5415000	       540	8000083c	41520ab3	sub	x21,x4,x21	  x4:0x00000000 x21:0xffffff8a x21=0x00000076
        5425000	       541	80000840	01632733	slt	x14,x6,x22	  x6:0xffffffa1 x22:0x00000001 x14=0x00000001
        5435000	       542	80000844	fc88aaa3	sw	x8,-43(x17)	 x17:0x80008ecb  x8:0x0000007b PA:0x80008ea0
        5445000	       543	80000848	fde88303	lb	x6,-34(x17)	 x17:0x80008ecb  x6=0xffffffb6 PA:0x80008ea9
        5455000	       544	8000084c	00589903	lh	x18,5(x17)	 x17:0x80008ecb x18=0x00004acd PA:0x80008ed0
        5465000	       545	80000850	ff7887a3	sb	x23,-17(x17)	 x17:0x80008ecb x23:0x0000df62 PA:0x80008eba
        5475000	       546	80000854	fef88d03	lb	x26,-17(x17)	 x17:0x80008ecb x26=0x00000062 PA:0x80008eba
        5485000	       547	80000858	0005ea33	or	x20,x11,x0	 x11:0x00000000  x0:0x00000000 x20=0x00000000
        5495000	       548	8000085c	03a88c23	sb	x26,56(x17)	 x17:0x80008ecb x26:0x00000062 PA:0x80008f03
        5505000	       549	80000860	fc288403	lb	x8,-62(x17)	 x17:0x80008ecb  x8=0xffffffa3 PA:0x80008e8d
        5515000	       550	80000864	01d88aa3	sb	x29,21(x17)	 x17:0x80008ecb x29:0x00000010 PA:0x80008ee0
        5525000	       551	80000868	fee891a3	sh	x14,-29(x17)	 x17:0x80008ecb x14:0x00000001 PA:0x80008eae
        5535000	       552	8000086c	02888ea3	sb	x8,61(x17)	 x17:0x80008ecb  x8:0xffffffa3 PA:0x80008f08
        5545000	       553	80000870	00008297	auipc	x5,0x8	  x5=0x8000886c
        5555000	       554	80000874	9e228293	addi	x5,x5,-1566	  x5:0x8000886c  x5=0x8000824e
        5565000	       555	80000878	00ce01b3	add	x3,x28,x12	 x28:0x1fcce820 x12:0x0000852c  x3=0x1fcd6d4c
        5575000	       556	8000087c	e242db83	lhu	x23,-476(x5)	  x5:0x8000824e x23=0x0000939b PA:0x80008072
        5585000	       557	80000880	e2428f83	lb	x31,-476(x5)	  x5:0x8000824e x31=0xffffff9b PA:0x80008072
        5595000	       558	80000884	40c85b33	sra	x22,x16,x12	 x16:0x00000318 x12:0x0000852c x22=0x00000000
        5605000	       559	80000888	e2428a03	lb	x20,-476(x5)	  x5:0x8000824e x20=0xffffff9b PA:0x80008072
        5615000	       560	8000088c	e242db83	lhu	x23,-476(x5)	  x5:0x8000824e x23=0x0000939b PA:0x80008072
        5625000	       561	80000890	e242d703	lhu	x14,-476(x5)	  x5:0x8000824e x14=0x0000939b PA:0x80008072
        5635000	       562	80000894	e3b28223	sb	x27,-476(x5)	  x5:0x8000824e x27:0x80009fc4 PA:0x80008072
        5645000	       563	80000898	e3a28223	sb	x26,-476(x5)	  x5:0x8000824e x26:0x00000062 PA:0x80008072
        5655000	       564	8000089c	e2128223	sb	x1,-476(x5)	  x5:0x8000824e  x1:0x0000852b PA:0x80008072
        5665000	       565	800008a0	e3029223	sh	x16,-476(x5)	  x5:0x8000824e x16:0x00000318 PA:0x80008072
        5675000	       566	800008a4	e2d28223	sb	x13,-476(x5)	  x5:0x8000824e x13:0x000000c6 PA:0x80008072
        5685000	       567	800008a8	c77ab093	sltiu	x1,x21,-905	 x21:0x00000076  x1=0x00000001
        5695000	       568	800008ac	e2d29223	sh	x13,-476(x5)	  x5:0x8000824e x13:0x000000c6 PA:0x80008072
        5705000	       569	800008b0	e2429f83	lh	x31,-476(x5)	  x5:0x8000824e x31=0x000000c6 PA:0x80008072
        5715000	       570	800008b4	e2429403	lh	x8,-476(x5)	  x5:0x8000824e  x8=0x000000c6 PA:0x80008072
        5725000	       571	800008b8	403b0cb3	sub	x25,x22,x3	 x22:0x00000000  x3:0x1fcd6d4c x25=0xe03292b4
        5735000	       572	800008bc	e2428d03	lb	x26,-476(x5)	  x5:0x8000824e x26=0xffffffc6 PA:0x80008072
        5745000	       573	800008c0	00008d17	auipc	x26,0x8	 x26=0x800088bc
        5755000	       574	800008c4	20ed0d13	addi	x26,x26,526	 x26:0x800088bc x26=0x80008aca
        5765000	       575	800008c8	00008197	auipc	x3,0x8	  x3=0x800088c4
        5775000	       576	800008cc	4a518193	addi	x3,x3,1189	  x3:0x800088c4  x3=0x80008d69
        5785000	       577	800008d0	00008617	auipc	x12,0x8	 x12=0x800088cc
        5795000	       578	800008d4	15e60613	addi	x12,x12,350	 x12:0x800088cc x12=0x80008a2a
        5805000	       579	800008d8	188d0403	lb	x8,392(x26)	 x26:0x80008aca  x8=0xffffff98 PA:0x80008c52
        5815000	       580	800008dc	f29d4283	lbu	x5,-215(x26)	 x26:0x80008aca  x5=0x0000001b PA:0x800089f3
        5825000	       581	800008e0	00008817	auipc	x16,0x8	 x16=0x800088dc
        5835000	       582	800008e4	4f780813	addi	x16,x16,1271	 x16:0x800088dc x16=0x80008dd3
        5845000	       583	800008e8	fd581fa3	sh	x21,-33(x16)	 x16:0x80008dd3 x21:0x00000076 PA:0x80008db2
        5855000	       584	800008ec	c431d383	lhu	x7,-957(x3)	  x3:0x80008d69  x7=0x000089e4 PA:0x800089ac
        5865000	       585	800008f0	b8a18003	lb	x0,-1142(x3)	  x3:0x80008d69 PA:0x800088f3
        5875000	       586	800008f4	f3880283	lb	x5,-200(x16)	 x16:0x80008dd3  x5=0x0000004f PA:0x80008d0b
        5885000	       587	800008f8	fd060983	lb	x19,-48(x12)	 x12:0x80008a2a x19=0x00000060 PA:0x800089fa
        5895000	       588	800008fc	e3418783	lb	x15,-460(x3)	  x3:0x80008d69 x15=0xffffffaa PA:0x80008b9d
        5905000	       589	80000900	efcd5303	lhu	x6,-260(x26)	 x26:0x80008aca  x6=0x0000b3c5 PA:0x800089c6
        5915000	       590	80000904	d991c703	lbu	x14,-615(x3)	  x3:0x80008d69 x14=0x000000c3 PA:0x80008b02
        5925000	       591	80000908	f6f81f83	lh	x31,-145(x16)	 x16:0x80008dd3 x31=0xffffcd03 PA:0x80008d42
        5935000	       592	8000090c	f2b60283	lb	x5,-213(x12)	 x12:0x80008a2a  x5=0x00000065 PA:0x80008955
        5945000	       593	80000910	b7a18ca3	sb	x26,-1159(x3)	  x3:0x80008d69 x26:0x80008aca PA:0x800088e2
        5955000	       594	80000914	fa661103	lh	x2,-90(x12)	 x12:0x80008a2a  x2=0x00001c2f PA:0x800089d0
        5965000	       595	80000918	f2f81903	lh	x18,-209(x16)	 x16:0x80008dd3 x18=0xfffff47a PA:0x80008d02
        5975000	       596	8000091c	f2e607a3	sb	x14,-209(x12)	 x12:0x80008a2a x14:0x000000c3 PA:0x80008959
        5985000	       597	80000920	0bc18e83	lb	x29,188(x3)	  x3:0x80008d69 x29=0x0000001c PA:0x80008e25
        5995000	       598	80000924	0b8d1e23	sh	x24,188(x26)	 x26:0x80008aca x24:0x00000000 PA:0x80008b86
        6005000	       599	80000928	07b18723	sb	x27,110(x3)	  x3:0x80008d69 x27:0x80009fc4 PA:0x80008dd7
        6015000	       600	8000092c	f48607a3	sb	x8,-177(x12)	 x12:0x80008a2a  x8:0xffffff98 PA:0x80008979
        6025000	       601	80000930	2c2d4083	lbu	x1,706(x26)	 x26:0x80008aca  x1=0x00000008 PA:0x80008d8c
        6035000	       602	80000934	d8a1ca83	lbu	x21,-630(x3)	  x3:0x80008d69 x21=0x000000fd PA:0x80008af3
        6045000	       603	80000938	0cb80883	lb	x17,203(x16)	 x16:0x80008dd3 x17=0xffffffe5 PA:0x80008e9e
        6055000	       604	8000093c	02781903	lh	x18,39(x16)	 x16:0x80008dd3 x18=0x00000e26 PA:0x80008dfa
        6065000	       605	80000940	f3185a03	lhu	x20,-207(x16)	 x16:0x80008dd3 x20=0x0000095c PA:0x80008d04
        6075000	       606	80000944	fec80b83	lb	x23,-20(x16)	 x16:0x80008dd3 x23=0xffffffa2 PA:0x80008dbf
        6085000	       607	80000948	0f260583	lb	x11,242(x12)	 x12:0x80008a2a x11=0x0000004e PA:0x80008b1c
        6095000	       608	8000094c	0f3d4683	lbu	x13,243(x26)	 x26:0x80008aca x13=0x000000dc PA:0x80008bbd
        6105000	       609	80000950	00b80203	lb	x4,11(x16)	 x16:0x80008dd3  x4=0x00000039 PA:0x80008dde
        6115000	       610	80000954	fbd60aa3	sb	x29,-75(x12)	 x12:0x80008a2a x29:0x0000001c PA:0x800089df
        6125000	       611	80000958	f8f85683	lhu	x13,-113(x16)	 x16:0x80008dd3 x13=0x0000915e PA:0x80008d62
        6135000	       612	8000095c	0971a5a3	sw	x23,139(x3)	  x3:0x80008d69 x23:0xffffffa2 PA:0x80008df4
        6145000	       613	80000960	193d06a3	sb	x19,397(x26)	 x26:0x80008aca x19:0x00000060 PA:0x80008c57
        6155000	       614	80000964	0b465903	lhu	x18,180(x12)	 x12:0x80008a2a x18=0x0000863f PA:0x80008ade
        6165000	       615	80000968	0e860c23	sb	x8,248(x12)	 x12:0x80008a2a  x8:0xffffff98 PA:0x80008b22
        6175000	       616	8000096c	08a602a3	sb	x10,133(x12)	 x12:0x80008a2a x10:0x80000000 PA:0x80008aaf
        6185000	       617	80000970	00008d17	auipc	x26,0x8	 x26=0x8000896c
        6195000	       618	80000974	625d0d13	addi	x26,x26,1573	 x26:0x8000896c x26=0x80008f91
        6205000	       619	80000978	d70d1ea3	sh	x16,-643(x26)	 x26:0x80008f91 x16:0x80008dd3 PA:0x80008d0e
        6215000	       620	8000097c	a7ad4283	lbu	x5,-1414(x26)	 x26:0x80008f91  x5=0x0000001b PA:0x80008a0b
        6225000	       621	80000980	c7cd0183	lb	x3,-900(x26)	 x26:0x80008f91  x3=0x00000036 PA:0x80008c0d
        6235000	       622	80000984	01b95a33	srl	x20,x18,x27	 x18:0x0000863f x27:0x80009fc4 x20=0x00000863
        6245000	       623	80000988	002cac33	slt	x24,x25,x2	 x25:0xe03292b4  x2:0x00001c2f x24=0x00000001
        6255000	       624	8000098c	01a31113	slli	x2,x6,0x1a	  x6:0x0000b3c5  x2=0x14000000
        6265000	       625	80000990	a5c5c813	xori	x16,x11,-1444	 x11:0x0000004e x16=0xfffffa12
        6275000	       626	80000994	ce2d4383	lbu	x7,-798(x26)	 x26:0x80008f91  x7=0x000000e3 PA:0x80008c73
        6285000	       627	80000998	00a1f233	and	x4,x3,x10	  x3:0x00000036 x10:0x80000000  x4=0x00000000
        6295000	       628	8000099c	b9ed4b83	lbu	x23,-1122(x26)	 x26:0x80008f91 x23=0x00000005 PA:0x80008b2f
        6305000	       629	800009a0	5be49497	auipc	x9,0x5be49	  x9=0xdbe4999c
        6315000	       630	800009a4	5c154ab7	lui	x21,0x5c154	 x21=0x5c154000
        6325000	       631	800009a8	00ac6933	or	x18,x24,x10	 x24:0x00000001 x10:0x80000000 x18=0x80000001
        6335000	       632	800009ac	b95d2ba3	sw	x21,-1129(x26)	 x26:0x80008f91 x21:0x5c154000 PA:0x80008b28
        6345000	       633	800009b0	f1cd4783	lbu	x15,-228(x26)	 x26:0x80008f91 x15=0x0000008a PA:0x80008ead
        6355000	       634	800009b4	bc5d3793	sltiu	x15,x26,-1083	 x26:0x80008f91 x15=0x00000001
        6365000	       635	800009b8	ae9d4903	lbu	x18,-1303(x26)	 x26:0x80008f91 x18=0x00000010 PA:0x80008a7a
        6375000	       636	800009bc	8a97fb17	auipc	x22,0x8a97f	 x22=0x0a97f9b8
        6385000	       637	800009c0	8a7d12a3	sh	x7,-1883(x26)	 x26:0x80008f91  x7:0x000000e3 PA:0x80008836
        6395000	       638	800009c4	efed0f23	sb	x30,-258(x26)	 x26:0x80008f91 x30:0x80009f84 PA:0x80008e8f
        6405000	       639	800009c8	df2d0203	lb	x4,-526(x26)	 x26:0x80008f91  x4=0xfffffff7 PA:0x80008d83
        6415000	       640	800009cc	c2bd5483	lhu	x9,-981(x26)	 x26:0x80008f91  x9=0x0000dcd8 PA:0x80008bbc
        6425000	       641	800009d0	948d0283	lb	x5,-1720(x26)	 x26:0x80008f91  x5=0x00000000 PA:0x800088d9
        6435000	       642	00000000	00000013	addi	x0,x0,0	  x0:0x00000000
        6445000	       643	800009d4	01d2f033	and	x0,x5,x29	  x5:0x00000000 x29:0x0000001c
        6455000	       644	800009d8	01b3ac33	slt	x24,x7,x27	  x7:0x000000e3 x27:0x80009fc4 x24=0x00000000
        6465000	       645	800009dc	0b320e37	lui	x28,0xb320	 x28=0x0b320000
        6475000	       646	800009e0	01215b93	srli	x23,x2,0x12	  x2:0x14000000 x23=0x00000500
        6485000	       647	800009e4	01545893	srli	x17,x8,0x15	  x8:0xffffff98 x17=0x000007ff
        6495000	       648	800009e8	e6bd0c23	sb	x11,-392(x26)	 x26:0x80008f91 x11:0x0000004e PA:0x80008e09
        6505000	       649	800009ec	d54d4783	lbu	x15,-684(x26)	 x26:0x80008f91 x15=0x00000072 PA:0x80008ce5
        6515000	       650	800009f0	0146d1b3	srl	x3,x13,x20	 x13:0x0000915e x20:0x00000863  x3=0x0000122b
        6525000	       651	800009f4	cf5d17a3	sh	x21,-785(x26)	 x26:0x80008f91 x21:0x5c154000 PA:0x80008c80
        6535000	       652	800009f8	4b5d2213	slti	x4,x26,1205	 x26:0x80008f91  x4=0x00000001
        6545000	       653	800009fc	8c0d0383	lb	x7,-1856(x26)	 x26:0x80008f91  x7=0xffffffe6 PA:0x80008851
        6555000	       654	80000a00	01b197b3	sll	x15,x3,x27	  x3:0x0000122b x27:0x80009fc4 x15=0x000122b0
        6565000	       655	80000a04	8fed4f83	lbu	x31,-1794(x26)	 x26:0x80008f91 x31=0x00000001 PA:0x8000888f
        6575000	       656	80000a08	fbed4903	lbu	x18,-66(x26)	 x26:0x80008f91 x18=0x00000047 PA:0x80008f4f
        6585000	       657	80000a0c	959d0e23	sb	x25,-1700(x26)	 x26:0x80008f91 x25:0xe03292b4 PA:0x800088ed
        6595000	       658	80000a10	000338b3	sltu	x17,x6,x0	  x6:0x0000b3c5  x0:0x00000000 x17=0x00000000
        6605000	       659	80000a14	a96d4403	lbu	x8,-1386(x26)	 x26:0x80008f91  x8=0x0000004c PA:0x80008a27
        6615000	       660	80000a18	dcad4603	lbu	x12,-566(x26)	 x26:0x80008f91 x12=0x0000002a PA:0x80008d5b
        6625000	       661	80000a1c	b91d0083	lb	x1,-1135(x26)	 x26:0x80008f91  x1=0xffffff98 PA:0x80008b22
        6635000	       662	80000a20	4538b393	sltiu	x7,x17,1107	 x17:0x00000000  x7=0x00000001
        6645000	       663	80000a24	00155013	srli	x0,x10,0x1	 x10:0x80000000
        6655000	       664	80000a28	c30d0903	lb	x18,-976(x26)	 x26:0x80008f91 x18=0x00000055 PA:0x80008bc1
        6665000	       665	00000000	00000013	addi	x0,x0,0	  x0:0x00000000
        6675000	       666	80000a2c	c12d4203	lbu	x4,-1006(x26)	 x26:0x80008f91  x4=0x00000015 PA:0x80008ba3
        6685000	       667	80000a30	ab8d0b03	lb	x22,-1352(x26)	 x26:0x80008f91 x22=0x00000014 PA:0x80008a49
        6695000	       668	80000a34	c5fd5b03	lhu	x22,-929(x26)	 x26:0x80008f91 x22=0x0000e3bf PA:0x80008bf0
        6705000	       669	80000a38	01a09093	slli	x1,x1,0x1a	  x1:0xffffff98  x1=0x60000000
        6715000	       670	80000a3c	5df84593	xori	x11,x16,1503	 x16:0xfffffa12 x11=0xffffffcd
        6725000	       671	80000a40	01536033	or	x0,x6,x21	  x6:0x0000b3c5 x21:0x5c154000
        6735000	       672	80000a44	01c697b3	sll	x15,x13,x28	 x13:0x0000915e x28:0x0b320000 x15=0x0000915e
        6745000	       673	80000a48	0d458137	lui	x2,0xd458	  x2=0x0d458000
        6755000	       674	80000a4c	00a74863	blt	x14,x10,80000a5c	 x14:0x000000c3 x10:0x80000000
        6765000	       675	80000a50	00e1d3b3	srl	x7,x3,x14	  x3:0x0000122b x14:0x000000c3  x7=0x00000245
        6775000	       676	80000a54	2ac61997	auipc	x19,0x2ac61	 x19=0xaac61a50
        6785000	       677	80000a58	c7396a13	ori	x20,x18,-909	 x18:0x00000055 x20=0xfffffc77
        6795000	       678	80000a5c	006d7463	bgeu	x26,x6,80000a64	 x26:0x80008f91  x6:0x0000b3c5
        6805000	       679	00000000	00000013	addi	x0,x0,0	  x0:0x00000000
        6815000	       680	80000a60	00000013	addi	x0,x0,0	  x0:0x00000000
        6825000	       681	80000a64	00000013	addi	x0,x0,0	  x0:0x00000000
        6835000	       682	80000a68	0386c263	blt	x13,x24,80000a8c	 x13:0x0000915e x24:0x00000000
        6845000	       683	80000a6c	7b0b9c17	auipc	x24,0x7b0b9	 x24=0xfb0b9a68
        6855000	       684	80000a70	41f6d4b3	sra	x9,x13,x31	 x13:0x0000915e x31:0x00000001  x9=0x000048af
        6865000	       685	80000a74	03e67263	bgeu	x12,x30,80000a98	 x12:0x0000002a x30:0x80009f84
        6875000	       686	80000a78	033f5063	bge	x30,x19,80000a98	 x30:0x80009f84 x19:0xaac61a50
        6885000	       687	80000a7c	d93bae93	slti	x29,x23,-621	 x23:0x00000500 x29=0x00000000
        6895000	       688	80000a80	c728ac13	slti	x24,x17,-910	 x17:0x00000000 x24=0x00000000
        6905000	       689	80000a84	6eab5d37	lui	x26,0x6eab5	 x26=0x6eab5000
        6915000	       690	80000a88	c1296193	ori	x3,x18,-1006	 x18:0x00000055  x3=0xfffffc57
        6925000	       691	80000a8c	04d04263	blt	x0,x13,80000ad0	  x0:0x00000000 x13:0x0000915e
        6935000	       692	00000000	00000013	addi	x0,x0,0	  x0:0x00000000
        6945000	       693	80000acc	00000013	addi	x0,x0,0	  x0:0x00000000
        6955000	       694	80000ad0	018e5263	bge	x28,x24,80000ad4	 x28:0x0b320000 x24:0x00000000
        6965000	       695	00000000	00000013	addi	x0,x0,0	  x0:0x00000000
        6975000	       696	80000ad0	00000013	addi	x0,x0,0	  x0:0x00000000
        6985000	       697	80000ad4	01a91113	slli	x2,x18,0x1a	 x18:0x00000055  x2=0x54000000
        6995000	       698	80000ad8	018986b3	add	x13,x19,x24	 x19:0xaac61a50 x24:0x00000000 x13=0xaac61a50
        7005000	       699	80000adc	40460033	sub	x0,x12,x4	 x12:0x0000002a  x4:0x00000015
        7015000	       700	80000ae0	037c1263	bne	x24,x23,80000b04	 x24:0x00000000 x23:0x00000500
        7025000	       701	00000000	00000013	addi	x0,x0,0	  x0:0x00000000
        7035000	       702	80000b00	00000013	addi	x0,x0,0	  x0:0x00000000
        7045000	       703	80000b04	b0f72713	slti	x14,x14,-1265	 x14:0x000000c3 x14=0x00000000
        7055000	       704	80000b08	01b304b3	add	x9,x6,x27	  x6:0x0000b3c5 x27:0x80009fc4  x9=0x80015389
        7065000	       705	80000b0c	01a55333	srl	x6,x10,x26	 x10:0x80000000 x26:0x6eab5000  x6=0x80000000
        7075000	       706	80000b10	01566933	or	x18,x12,x21	 x12:0x0000002a x21:0x5c154000 x18=0x5c15402a
        7085000	       707	80000b14	4a628913	addi	x18,x5,1190	  x5:0x00000000 x18=0x000004a6
        7095000	       708	80000b18	90e80913	addi	x18,x16,-1778	 x16:0xfffffa12 x18=0xfffff320
        7105000	       709	80000b1c	09284c63	blt	x16,x18,80000bb4	 x16:0xfffffa12 x18:0xfffff320
        7115000	       710	80000b20	0a649a63	bne	x9,x6,80000bd4	  x9:0x80015389  x6:0x80000000
        7125000	       711	00000000	00000013	addi	x0,x0,0	  x0:0x00000000
        7135000	       712	80000bd0	00000013	addi	x0,x0,0	  x0:0x00000000
        7145000	       713	80000bd4	02f44263	blt	x8,x15,80000bf8	  x8:0x0000004c x15:0x0000915e
        7155000	       714	00000000	00000013	addi	x0,x0,0	  x0:0x00000000
        7165000	       715	80000bf4	00000013	addi	x0,x0,0	  x0:0x00000000
        7175000	       716	80000bf8	00a7a733	slt	x14,x15,x10	 x15:0x0000915e x10:0x80000000 x14=0x00000000
        7185000	       717	80000bfc	df92f4b7	lui	x9,0xdf92f	  x9=0xdf92f000
        7195000	       718	80000c00	02d9fe63	bgeu	x19,x13,80000c3c	 x19:0xaac61a50 x13:0xaac61a50
        7205000	       719	00000000	00000013	addi	x0,x0,0	  x0:0x00000000
        7215000	       720	80000c38	00000013	addi	x0,x0,0	  x0:0x00000000
        7225000	       721	80000c3c	fd2db213	sltiu	x4,x27,-46	 x27:0x80009fc4  x4=0x00000001
        7235000	       722	80000c40	01185a13	srli	x20,x16,0x11	 x16:0xfffffa12 x20=0x00007fff
        7245000	       723	80000c44	971a8c13	addi	x24,x21,-1679	 x21:0x5c154000 x24=0x5c153971
        7255000	       724	80000c48	02820c63	beq	x4,x8,80000c80	  x4:0x00000001  x8:0x0000004c
        7265000	       725	80000c4c	00919733	sll	x14,x3,x9	  x3:0xfffffc57  x9:0xdf92f000 x14=0xfffffc57
        7275000	       726	80000c50	01d75193	srli	x3,x14,0x1d	 x14:0xfffffc57  x3=0x00000007
        7285000	       727	80000c54	021b5e63	bge	x22,x1,80000c90	 x22:0x0000e3bf  x1:0x60000000
        7295000	       728	80000c58	10bf8813	addi	x16,x31,267	 x31:0x00000001 x16=0x0000010c
        7305000	       729	80000c5c	00cb1b93	slli	x23,x22,0xc	 x22:0x0000e3bf x23=0x0e3bf000
        7315000	       730	80000c60	a7ff8b97	auipc	x23,0xa7ff8	 x23=0x27ff8c5c
        7325000	       731	80000c64	01115463	bge	x2,x17,80000c6c	  x2:0x54000000 x17:0x00000000
        7335000	       732	00000000	00000013	addi	x0,x0,0	  x0:0x00000000
        7345000	       733	80000c68	00000013	addi	x0,x0,0	  x0:0x00000000
        7355000	       734	80000c6c	009e55b3	srl	x11,x28,x9	 x28:0x0b320000  x9:0xdf92f000 x11=0x0b320000
        7365000	       735	80000c70	4a183e93	sltiu	x29,x16,1185	 x16:0x0000010c x29=0x00000001
        7375000	       736	80000c74	0003ebb3	or	x23,x7,x0	  x7:0x00000245  x0:0x00000000 x23=0x00000245
        7385000	       737	80000c78	c626ae93	slti	x29,x13,-926	 x13:0xaac61a50 x29=0x00000001
        7395000	       738	80000c7c	003cd6b3	srl	x13,x25,x3	 x25:0xe03292b4  x3:0x00000007 x13=0x01c06525
        7405000	       739	80000c80	008716b3	sll	x13,x14,x8	 x14:0xfffffc57  x8:0x0000004c x13=0xffc57000
        7415000	       740	80000c84	5cae7813	andi	x16,x28,1482	 x28:0x0b320000 x16=0x00000000
        7425000	       741	80000c88	bbcbfd13	andi	x26,x23,-1092	 x23:0x00000245 x26=0x00000204
        7435000	       742	80000c8c	7703e593	ori	x11,x7,1904	  x7:0x00000245 x11=0x00000775
        7445000	       743	80000c90	8adbfd13	andi	x26,x23,-1875	 x23:0x00000245 x26=0x00000005
        7455000	       744	80000c94	068f8063	beq	x31,x8,80000cf4	 x31:0x00000001  x8:0x0000004c
        7465000	       745	80000c98	6e340393	addi	x7,x8,1763	  x8:0x0000004c  x7=0x0000072f
        7475000	       746	80000c9c	16b8e813	ori	x16,x17,363	 x17:0x00000000 x16=0x0000016b
        7485000	       747	80000ca0	b7d7e693	ori	x13,x15,-1155	 x15:0x0000915e x13=0xfffffb7f
        7495000	       748	80000ca4	a669c413	xori	x8,x19,-1434	 x19:0xaac61a50  x8=0x5539e036
        7505000	       749	80000ca8	011d8a33	add	x20,x27,x17	 x27:0x80009fc4 x17:0x00000000 x20=0x80009fc4
        7515000	       750	80000cac	b49a3c93	sltiu	x25,x20,-1207	 x20:0x80009fc4 x25=0x00000001
        7525000	       751	80000cb0	01045c33	srl	x24,x8,x16	  x8:0x5539e036 x16:0x0000016b x24=0x000aa73c
        7535000	       752	80000cb4	36457717	auipc	x14,0x36457	 x14=0xb6457cb0
        7545000	       753	80000cb8	01549293	slli	x5,x9,0x15	  x9:0xdf92f000  x5=0x00000000
        7555000	       754	80000cbc	00001697	auipc	x13,0x1	 x13=0x80001cb8
        7565000	       755	80000cc0	cfc68693	addi	x13,x13,-772	 x13:0x80001cb8 x13=0x800019b4
        7575000	       756	80000cc4	40c4d2b3	sra	x5,x9,x12	  x9:0xdf92f000 x12:0x0000002a  x5=0xfff7e4bc
        7585000	       757	80000cc8	4193d4b3	sra	x9,x7,x25	  x7:0x0000072f x25:0x00000001  x9=0x00000397
        7595000	       758	80000ccc	00000013	addi	x0,x0,0	  x0:0x00000000
        7605000	       759	80000cd0	f4e68693	addi	x13,x13,-178	 x13:0x800019b4 x13=0x80001902
        7615000	       760	80000cd4	418b8c33	sub	x24,x23,x24	 x23:0x00000245 x24:0x000aa73c x24=0xfff55b09
        7625000	       761	80000cd8	0026d413	srli	x8,x13,0x2	 x13:0x80001902  x8=0x20000640
        7635000	       762	80000cdc	3979aa13	slti	x20,x19,919	 x19:0xaac61a50 x20=0x00000001
        7645000	       763	80000ce0	465cda37	lui	x20,0x465cd	 x20=0x465cd000
        7655000	       764	80000ce4	0b2680e7	jalr	x1,x13,178	 x13:0x80001902  x1=0x80000ce4
        7665000	       765	00000000	00000013	addi	x0,x0,0	  x0:0x00000000
        7675000	       766	800019b4	00000013	addi	x0,x0,0	  x0:0x00000000
        7685000	       767	800019b8	01e7beb3	sltu	x29,x15,x30	 x15:0x0000915e x30:0x80009f84 x29=0x00000001
        7695000	       768	800019bc	948fb713	sltiu	x14,x31,-1720	 x31:0x00000001 x14=0x00000001
        7705000	       769	800019c0	00cee2b3	or	x5,x29,x12	 x29:0x00000001 x12:0x0000002a  x5=0x0000002b
        7715000	       770	800019c4	01399463	bne	x19,x19,800019cc	 x19:0xaac61a50 x19:0xaac61a50
        7725000	       771	800019c8	3cfa9117	auipc	x2,0x3cfa9	  x2=0xbcfaa9c4
        7735000	       772	800019cc	fe4f0f13	addi	x30,x30,-28	 x30:0x80009f84 x30=0x80009f68
        7745000	       773	800019d0	0176d113	srli	x2,x13,0x17	 x13:0x80001902  x2=0x00000100
        7755000	       774	800019d4	001f2223	sw	x1,4(x30)	 x30:0x80009f68  x1:0x80000ce4 PA:0x80009f6c
        7765000	       775	800019d8	58276713	ori	x14,x14,1410	 x14:0x00000001 x14=0x00000583
        7775000	       776	800019dc	007df833	and	x16,x27,x7	 x27:0x80009fc4  x7:0x0000072f x16=0x00000704
        7785000	       777	800019e0	cc75a213	slti	x4,x11,-825	 x11:0x00000775  x4=0x00000000
        7795000	       778	800019e4	bc917413	andi	x8,x2,-1079	  x2:0x00000100  x8=0x00000100
        7805000	       779	800019e8	417c01b3	sub	x3,x24,x23	 x24:0xfff55b09 x23:0x00000245  x3=0xfff558c4
        7815000	       780	800019ec	40e1d8b3	sra	x17,x3,x14	  x3:0xfff558c4 x14:0x00000583 x17=0xfffeab18
        7825000	       781	800019f0	f9245d17	auipc	x26,0xf9245	 x26=0x792469ec
        7835000	       782	800019f4	00b6e433	or	x8,x13,x11	 x13:0x80001902 x11:0x00000775  x8=0x80001f77
        7845000	       783	800019f8	0174f663	bgeu	x9,x23,80001a04	  x9:0x00000397 x23:0x00000245
        7855000	       784	00000000	00000013	addi	x0,x0,0	  x0:0x00000000
        7865000	       785	80001a00	00000013	addi	x0,x0,0	  x0:0x00000000
        7875000	       786	80001a04	df5ff0ef	jal	x1,80001a04	  x1=0x80001a04
        7885000	       787	00000000	00000013	addi	x0,x0,0	  x0:0x00000000
        7895000	       788	800017f4	00000013	addi	x0,x0,0	  x0:0x00000000
        7905000	       789	800017f8	cf93b293	sltiu	x5,x7,-775	  x7:0x0000072f  x5=0x00000001
        7915000	       790	800017fc	01a1bd33	sltu	x26,x3,x26	  x3:0xfff558c4 x26:0x792469ec x26=0x00000000
        7925000	       791	80001800	013cd263	bge	x25,x19,80001804	 x25:0x00000001 x19:0xaac61a50
        7935000	       792	00000000	00000013	addi	x0,x0,0	  x0:0x00000000
        7945000	       793	80001800	00000013	addi	x0,x0,0	  x0:0x00000000
        7955000	       794	80001804	fd0f0f13	addi	x30,x30,-48	 x30:0x80009f68 x30=0x80009f38
        7965000	       795	80001808	412adc93	srai	x25,x21,0x12	 x21:0x5c154000 x25=0x00001705
        7975000	       796	8000180c	016e46b3	xor	x13,x28,x22	 x28:0x0b320000 x22:0x0000e3bf x13=0x0b32e3bf
        7985000	       797	80001810	4020d693	srai	x13,x1,0x2	  x1:0x80001a04 x13=0xe0000681
        7995000	       798	80001814	003fd713	srli	x14,x31,0x3	 x31:0x00000001 x14=0x00000000
        8005000	       799	80001818	56892e37	lui	x28,0x56892	 x28=0x56892000
        8015000	       800	8000181c	001f2223	sw	x1,4(x30)	 x30:0x80009f38  x1:0x80001a04 PA:0x80009f3c
        8025000	       801	80001820	005e9cb3	sll	x25,x29,x5	 x29:0x00000001  x5:0x00000001 x25=0x00000002
        8035000	       802	80001824	00941b33	sll	x22,x8,x9	  x8:0x80001f77  x9:0x00000397 x22=0xbb800000
        8045000	       803	80001828	29e90013	addi	x0,x18,670	 x18:0xfffff320
        8055000	       804	8000182c	c8858b93	addi	x23,x11,-888	 x11:0x00000775 x23=0x000003fd
        8065000	       805	80001830	018b9fb3	sll	x31,x23,x24	 x23:0x000003fd x24:0xfff55b09 x31=0x0007fa00
        8075000	       806	80001834	01b2e263	bltu	x5,x27,80001838	  x5:0x00000001 x27:0x80009fc4
        8085000	       807	00000000	00000013	addi	x0,x0,0	  x0:0x00000000
        8095000	       808	80001834	00000013	addi	x0,x0,0	  x0:0x00000000
        8105000	       809	80001838	01a3b2b3	sltu	x5,x7,x26	  x7:0x0000072f x26:0x00000000  x5=0x00000000
        8115000	       810	8000183c	04e3ee13	ori	x28,x7,78	  x7:0x0000072f x28=0x0000076f
        8125000	       811	80001840	004b1d33	sll	x26,x22,x4	 x22:0xbb800000  x4:0x00000000 x26=0xbb800000
        8135000	       812	80001844	3defa7b7	lui	x15,0x3defa	 x15=0x3defa000
        8145000	       813	80001848	68c84c13	xori	x24,x16,1676	 x16:0x00000704 x24=0x00000188
        8155000	       814	8000184c	01132933	slt	x18,x6,x17	  x6:0x80000000 x17:0xfffeab18 x18=0x00000001
        8165000	       815	80001850	2344b0b7	lui	x1,0x2344b	  x1=0x2344b000
        8175000	       816	80001854	011988b3	add	x17,x19,x17	 x19:0xaac61a50 x17:0xfffeab18 x17=0xaac4c568
        8185000	       817	80001858	029d5063	bge	x26,x9,80001878	 x26:0xbb800000  x9:0x00000397
        8195000	       818	8000185c	00000013	addi	x0,x0,0	  x0:0x00000000
        8205000	       819	80001860	406d07b3	sub	x15,x26,x6	 x26:0xbb800000  x6:0x80000000 x15=0x3b800000
        8215000	       820	80001864	f75b09b7	lui	x19,0xf75b0	 x19=0xf75b0000
        8225000	       821	80001868	00fd5b93	srli	x23,x26,0xf	 x26:0xbb800000 x23=0x00017700
        8235000	       822	8000186c	010f9cb3	sll	x25,x31,x16	 x31:0x0007fa00 x16:0x00000704 x25=0x007fa000
        8245000	       823	80001870	0103c6b3	xor	x13,x7,x16	  x7:0x0000072f x16:0x00000704 x13=0x0000002b
        8255000	       824	80001874	001f9133	sll	x2,x31,x1	 x31:0x0007fa00  x1:0x2344b000  x2=0x0007fa00
        8265000	       825	80001878	01c0f833	and	x16,x1,x28	  x1:0x2344b000 x28:0x0000076f x16=0x00000000
        8275000	       826	8000187c	94d04313	xori	x6,x0,-1715	  x0:0x00000000  x6=0xfffff94d
        8285000	       827	80001880	00000013	addi	x0,x0,0	  x0:0x00000000
        8295000	       828	80001884	41a35293	srai	x5,x6,0x1a	  x6:0xfffff94d  x5=0xffffffff
        8305000	       829	80001888	01978133	add	x2,x15,x25	 x15:0x3b800000 x25:0x007fa000  x2=0x3bffa000
        8315000	       830	8000188c	00808a33	add	x20,x1,x8	  x1:0x2344b000  x8:0x80001f77 x20=0xa344cf77
        8325000	       831	80001890	00000013	addi	x0,x0,0	  x0:0x00000000
        8335000	       832	80001894	010dfe63	bgeu	x27,x16,800018b0	 x27:0x80009fc4 x16:0x00000000
        8345000	       833	00000000	00000013	addi	x0,x0,0	  x0:0x00000000
        8355000	       834	800018ac	00000013	addi	x0,x0,0	  x0:0x00000000
        8365000	       835	800018b0	01e01933	sll	x18,x0,x30	  x0:0x00000000 x30:0x80009f38 x18=0x00000000
        8375000	       836	800018b4	4126dfb3	sra	x31,x13,x18	 x13:0x0000002b x18:0x00000000 x31=0x0000002b
        8385000	       837	800018b8	1c5c73b7	lui	x7,0x1c5c7	  x7=0x1c5c7000
        8395000	       838	800018bc	fcf38413	addi	x8,x7,-49	  x7:0x1c5c7000  x8=0x1c5c6fcf
        8405000	       839	800018c0	01b6e2b3	or	x5,x13,x27	 x13:0x0000002b x27:0x80009fc4  x5=0x80009fef
        8415000	       840	800018c4	4906c293	xori	x5,x13,1168	 x13:0x0000002b  x5=0x000004bb
        8425000	       841	800018c8	960f8c17	auipc	x24,0x960f8	 x24=0x160f98c4
        8435000	       842	800018cc	0032d833	srl	x16,x5,x3	  x5:0x000004bb  x3:0xfff558c4 x16=0x0000004b
        8445000	       843	800018d0	bdd04a97	auipc	x21,0xbdd04	 x21=0x3dd058cc
        8455000	       844	800018d4	41a309b3	sub	x19,x6,x26	  x6:0xfffff94d x26:0xbb800000 x19=0x447ff94d
        8465000	       845	800018d8	174f3413	sltiu	x8,x30,372	 x30:0x80009f38  x8=0x00000000
        8475000	       846	800018dc	01dd5c33	srl	x24,x26,x29	 x26:0xbb800000 x29:0x00000001 x24=0x5dc00000
        8485000	       847	800018e0	04b25663	bge	x4,x11,8000192c	  x4:0x00000000 x11:0x00000775
        8495000	       848	800018e4	0113c3b3	xor	x7,x7,x17	  x7:0x1c5c7000 x17:0xaac4c568  x7=0xb698b568
        8505000	       849	800018e8	04e47663	bgeu	x8,x14,80001934	  x8:0x00000000 x14:0x00000000
        8515000	       850	00000000	00000013	addi	x0,x0,0	  x0:0x00000000
        8525000	       851	80001930	00000013	addi	x0,x0,0	  x0:0x00000000
        8535000	       852	80001934	97580413	addi	x8,x16,-1675	 x16:0x0000004b  x8=0xfffff9c0
        8545000	       853	80001938	e5bb4b93	xori	x23,x22,-421	 x22:0xbb800000 x23=0x447ffe5b
        8555000	       854	8000193c	002fe463	bltu	x31,x2,80001944	 x31:0x0000002b  x2:0x3bffa000
        8565000	       855	00000000	00000013	addi	x0,x0,0	  x0:0x00000000
        8575000	       856	80001940	00000013	addi	x0,x0,0	  x0:0x00000000
        8585000	       857	80001944	40240b33	sub	x22,x8,x2	  x8:0xfffff9c0  x2:0x3bffa000 x22=0xc40059c0
        8595000	       858	80001948	40c900b3	sub	x1,x18,x12	 x18:0x00000000 x12:0x0000002a  x1=0xffffffd6
        8605000	       859	8000194c	01218663	beq	x3,x18,80001958	  x3:0xfff558c4 x18:0x00000000
        8615000	       860	80001950	002c0a33	add	x20,x24,x2	 x24:0x5dc00000  x2:0x3bffa000 x20=0x99bfa000
        8625000	       861	80001954	001acc33	xor	x24,x21,x1	 x21:0x3dd058cc  x1:0xffffffd6 x24=0xc22fa71a
        8635000	       862	80001958	01b69a13	slli	x20,x13,0x1b	 x13:0x0000002b x20=0x58000000
        8645000	       863	8000195c	00000013	addi	x0,x0,0	  x0:0x00000000
        8655000	       864	80001960	00609793	slli	x15,x1,0x6	  x1:0xffffffd6 x15=0xfffff580
        8665000	       865	80001964	b1d26e93	ori	x29,x4,-1251	  x4:0x00000000 x29=0xfffffb1d
        8675000	       866	80001968	2a302293	slti	x5,x0,675	  x0:0x00000000  x5=0x00000001
        8685000	       867	8000196c	00669393	slli	x7,x13,0x6	 x13:0x0000002b  x7=0x00000ac0
        8695000	       868	80001970	ed504013	xori	x0,x0,-299	  x0:0x00000000
        8705000	       869	80001974	41a35393	srai	x7,x6,0x1a	  x6:0xfffff94d  x7=0xffffffff
        8715000	       870	80001978	00000013	addi	x0,x0,0	  x0:0x00000000
        8725000	       871	8000197c	13a4a113	slti	x2,x9,314	  x9:0x00000397  x2=0x00000000
        8735000	       872	80001980	0196c0b3	xor	x1,x13,x25	 x13:0x0000002b x25:0x007fa000  x1=0x007fa02b
        8745000	       873	80001984	01b3e463	bltu	x7,x27,8000198c	  x7:0xffffffff x27:0x80009fc4
        8755000	       874	80001988	00edea33	or	x20,x27,x14	 x27:0x80009fc4 x14:0x00000000 x20=0x80009fc4
        8765000	       875	8000198c	ff518993	addi	x19,x3,-11	  x3:0xfff558c4 x19=0xfff558b9
        8775000	       876	80001990	002d5813	srli	x16,x26,0x2	 x26:0xbb800000 x16=0x2ee00000
        8785000	       877	80001994	00f7be33	sltu	x28,x15,x15	 x15:0xfffff580 x15:0xfffff580 x28=0x00000000
        8795000	       878	80001998	002f06b3	add	x13,x30,x2	 x30:0x80009f38  x2:0x00000000 x13=0x80009f38
        8805000	       879	8000199c	00a8d633	srl	x12,x17,x10	 x17:0xaac4c568 x10:0x80000000 x12=0xaac4c568
        8815000	       880	800019a0	004f2083	lw	x1,4(x30)	 x30:0x80009f38  x1=0x80001a04 PA:0x80009f3c
        8825000	       881	800019a4	48986d13	ori	x26,x16,1161	 x16:0x2ee00000 x26=0x2ee00489
        8835000	       882	800019a8	030f0f13	addi	x30,x30,48	 x30:0x80009f38 x30=0x80009f68
        8845000	       883	800019ac	41cb8633	sub	x12,x23,x28	 x23:0x447ffe5b x28:0x00000000 x12=0x447ffe5b
        8855000	       884	800019b0	00108493	addi	x9,x1,1	  x1:0x80001a04  x9=0x80001a05
        8865000	       885	800019b4	000484e7	jalr	x9,x9,0	  x9:0x80001a05  x9=0x800019b4
        8875000	       886	00000000	00000013	addi	x0,x0,0	  x0:0x00000000
        8885000	       887	80001a04	00000013	addi	x0,x0,0	  x0:0x00000000
        8895000	       888	80001a08	0099d713	srli	x14,x19,0x9	 x19:0xfff558b9 x14=0x007ffaac
        8905000	       889	80001a0c	00d87e63	bgeu	x16,x13,80001a28	 x16:0x2ee00000 x13:0x80009f38
        8915000	       890	80001a10	40045e93	srai	x29,x8,0x0	  x8:0xfffff9c0 x29=0xfffff9c0
        8925000	       891	80001a14	407a80b3	sub	x1,x21,x7	 x21:0x3dd058cc  x7:0xffffffff  x1=0x3dd058cd
        8935000	       892	80001a18	e2cb6617	auipc	x12,0xe2cb6	 x12=0x62cb7a14
        8945000	       893	80001a1c	00ccdd13	srli	x26,x25,0xc	 x25:0x007fa000 x26=0x000007fa
        8955000	       894	80001a20	00000013	addi	x0,x0,0	  x0:0x00000000
        8965000	       895	80001a24	d7927493	andi	x9,x4,-647	  x4:0x00000000  x9=0x00000000
        8975000	       896	80001a28	dd1ff0ef	jal	x1,80001a28	  x1=0x80001a28
        8985000	       897	00000000	00000013	addi	x0,x0,0	  x0:0x00000000
        8995000	       898	800017f4	00000013	addi	x0,x0,0	  x0:0x00000000
        9005000	       899	800017f8	cf93b293	sltiu	x5,x7,-775	  x7:0xffffffff  x5=0x00000000
        9015000	       900	800017fc	01a1bd33	sltu	x26,x3,x26	  x3:0xfff558c4 x26:0x000007fa x26=0x00000000
        9025000	       901	80001800	013cd263	bge	x25,x19,80001804	 x25:0x007fa000 x19:0xfff558b9
        9035000	       902	00000000	00000013	addi	x0,x0,0	  x0:0x00000000
        9045000	       903	80001800	00000013	addi	x0,x0,0	  x0:0x00000000
        9055000	       904	80001804	fd0f0f13	addi	x30,x30,-48	 x30:0x80009f68 x30=0x80009f38
        9065000	       905	80001808	412adc93	srai	x25,x21,0x12	 x21:0x3dd058cc x25=0x00000f74
        9075000	       906	8000180c	016e46b3	xor	x13,x28,x22	 x28:0x00000000 x22:0xc40059c0 x13=0xc40059c0
        9085000	       907	80001810	4020d693	srai	x13,x1,0x2	  x1:0x80001a28 x13=0xe000068a
        9095000	       908	80001814	003fd713	srli	x14,x31,0x3	 x31:0x0000002b x14=0x00000005
        9105000	       909	80001818	56892e37	lui	x28,0x56892	 x28=0x56892000
        9115000	       910	8000181c	001f2223	sw	x1,4(x30)	 x30:0x80009f38  x1:0x80001a28 PA:0x80009f3c
        9125000	       911	80001820	005e9cb3	sll	x25,x29,x5	 x29:0xfffff9c0  x5:0x00000000 x25=0xfffff9c0
        9135000	       912	80001824	00941b33	sll	x22,x8,x9	  x8:0xfffff9c0  x9:0x00000000 x22=0xfffff9c0
        9145000	       913	80001828	29e90013	addi	x0,x18,670	 x18:0x00000000
        9155000	       914	8000182c	c8858b93	addi	x23,x11,-888	 x11:0x00000775 x23=0x000003fd
        9165000	       915	80001830	018b9fb3	sll	x31,x23,x24	 x23:0x000003fd x24:0xc22fa71a x31=0xf4000000
        9175000	       916	80001834	01b2e263	bltu	x5,x27,80001838	  x5:0x00000000 x27:0x80009fc4
        9185000	       917	00000000	00000013	addi	x0,x0,0	  x0:0x00000000
        9195000	       918	80001834	00000013	addi	x0,x0,0	  x0:0x00000000
        9205000	       919	80001838	01a3b2b3	sltu	x5,x7,x26	  x7:0xffffffff x26:0x00000000  x5=0x00000000
        9215000	       920	8000183c	04e3ee13	ori	x28,x7,78	  x7:0xffffffff x28=0xffffffff
        9225000	       921	80001840	004b1d33	sll	x26,x22,x4	 x22:0xfffff9c0  x4:0x00000000 x26=0xfffff9c0
        9235000	       922	80001844	3defa7b7	lui	x15,0x3defa	 x15=0x3defa000
        9245000	       923	80001848	68c84c13	xori	x24,x16,1676	 x16:0x2ee00000 x24=0x2ee0068c
        9255000	       924	8000184c	01132933	slt	x18,x6,x17	  x6:0xfffff94d x17:0xaac4c568 x18=0x00000000
        9265000	       925	80001850	2344b0b7	lui	x1,0x2344b	  x1=0x2344b000
        9275000	       926	80001854	011988b3	add	x17,x19,x17	 x19:0xfff558b9 x17:0xaac4c568 x17=0xaaba1e21
        9285000	       927	80001858	029d5063	bge	x26,x9,80001878	 x26:0xfffff9c0  x9:0x00000000
        9295000	       928	8000185c	00000013	addi	x0,x0,0	  x0:0x00000000
        9305000	       929	80001860	406d07b3	sub	x15,x26,x6	 x26:0xfffff9c0  x6:0xfffff94d x15=0x00000073
        9315000	       930	80001864	f75b09b7	lui	x19,0xf75b0	 x19=0xf75b0000
        9325000	       931	80001868	00fd5b93	srli	x23,x26,0xf	 x26:0xfffff9c0 x23=0x0001ffff
        9335000	       932	8000186c	010f9cb3	sll	x25,x31,x16	 x31:0xf4000000 x16:0x2ee00000 x25=0xf4000000
        9345000	       933	80001870	0103c6b3	xor	x13,x7,x16	  x7:0xffffffff x16:0x2ee00000 x13=0xd11fffff
        9355000	       934	80001874	001f9133	sll	x2,x31,x1	 x31:0xf4000000  x1:0x2344b000  x2=0xf4000000
        9365000	       935	80001878	01c0f833	and	x16,x1,x28	  x1:0x2344b000 x28:0xffffffff x16=0x2344b000
        9375000	       936	8000187c	94d04313	xori	x6,x0,-1715	  x0:0x00000000  x6=0xfffff94d
        9385000	       937	80001880	00000013	addi	x0,x0,0	  x0:0x00000000
        9395000	       938	80001884	41a35293	srai	x5,x6,0x1a	  x6:0xfffff94d  x5=0xffffffff
        9405000	       939	80001888	01978133	add	x2,x15,x25	 x15:0x00000073 x25:0xf4000000  x2=0xf4000073
        9415000	       940	8000188c	00808a33	add	x20,x1,x8	  x1:0x2344b000  x8:0xfffff9c0 x20=0x2344a9c0
        9425000	       941	80001890	00000013	addi	x0,x0,0	  x0:0x00000000
        9435000	       942	80001894	010dfe63	bgeu	x27,x16,800018b0	 x27:0x80009fc4 x16:0x2344b000
        9445000	       943	00000000	00000013	addi	x0,x0,0	  x0:0x00000000
        9455000	       944	800018ac	00000013	addi	x0,x0,0	  x0:0x00000000
        9465000	       945	800018b0	01e01933	sll	x18,x0,x30	  x0:0x00000000 x30:0x80009f38 x18=0x00000000
        9475000	       946	800018b4	4126dfb3	sra	x31,x13,x18	 x13:0xd11fffff x18:0x00000000 x31=0xd11fffff
        9485000	       947	800018b8	1c5c73b7	lui	x7,0x1c5c7	  x7=0x1c5c7000
        9495000	       948	800018bc	fcf38413	addi	x8,x7,-49	  x7:0x1c5c7000  x8=0x1c5c6fcf
        9505000	       949	800018c0	01b6e2b3	or	x5,x13,x27	 x13:0xd11fffff x27:0x80009fc4  x5=0xd11fffff
        9515000	       950	800018c4	4906c293	xori	x5,x13,1168	 x13:0xd11fffff  x5=0xd11ffb6f
        9525000	       951	800018c8	960f8c17	auipc	x24,0x960f8	 x24=0x160f98c4
        9535000	       952	800018cc	0032d833	srl	x16,x5,x3	  x5:0xd11ffb6f  x3:0xfff558c4 x16=0x0d11ffb6
        9545000	       953	800018d0	bdd04a97	auipc	x21,0xbdd04	 x21=0x3dd058cc
        9555000	       954	800018d4	41a309b3	sub	x19,x6,x26	  x6:0xfffff94d x26:0xfffff9c0 x19=0xffffff8d
        9565000	       955	800018d8	174f3413	sltiu	x8,x30,372	 x30:0x80009f38  x8=0x00000000
        9575000	       956	800018dc	01dd5c33	srl	x24,x26,x29	 x26:0xfffff9c0 x29:0xfffff9c0 x24=0xfffff9c0
        9585000	       957	800018e0	04b25663	bge	x4,x11,8000192c	  x4:0x00000000 x11:0x00000775
        9595000	       958	800018e4	0113c3b3	xor	x7,x7,x17	  x7:0x1c5c7000 x17:0xaaba1e21  x7=0xb6e66e21
        9605000	       959	800018e8	04e47663	bgeu	x8,x14,80001934	  x8:0x00000000 x14:0x00000005
        9615000	       960	800018ec	0117dd33	srl	x26,x15,x17	 x15:0x00000073 x17:0xaaba1e21 x26=0x00000039
        9625000	       961	800018f0	059a5863	bge	x20,x25,80001940	 x20:0x2344a9c0 x25:0xf4000000
        9635000	       962	00000000	00000013	addi	x0,x0,0	  x0:0x00000000
        9645000	       963	8000193c	00000013	addi	x0,x0,0	  x0:0x00000000
        9655000	       964	80001940	00f9ec63	bltu	x19,x15,80001958	 x19:0xffffff8d x15:0x00000073
        9665000	       965	80001944	40240b33	sub	x22,x8,x2	  x8:0x00000000  x2:0xf4000073 x22=0x0bffff8d
        9675000	       966	80001948	40c900b3	sub	x1,x18,x12	 x18:0x00000000 x12:0x62cb7a14  x1=0x9d3485ec
        9685000	       967	8000194c	01218663	beq	x3,x18,80001958	  x3:0xfff558c4 x18:0x00000000
        9695000	       968	80001950	002c0a33	add	x20,x24,x2	 x24:0xfffff9c0  x2:0xf4000073 x20=0xf3fffa33
        9705000	       969	80001954	001acc33	xor	x24,x21,x1	 x21:0x3dd058cc  x1:0x9d3485ec x24=0xa0e4dd20
        9715000	       970	80001958	01b69a13	slli	x20,x13,0x1b	 x13:0xd11fffff x20=0xf8000000
        9725000	       971	8000195c	00000013	addi	x0,x0,0	  x0:0x00000000
        9735000	       972	80001960	00609793	slli	x15,x1,0x6	  x1:0x9d3485ec x15=0x4d217b00
        9745000	       973	80001964	b1d26e93	ori	x29,x4,-1251	  x4:0x00000000 x29=0xfffffb1d
        9755000	       974	80001968	2a302293	slti	x5,x0,675	  x0:0x00000000  x5=0x00000001
        9765000	       975	8000196c	00669393	slli	x7,x13,0x6	 x13:0xd11fffff  x7=0x47ffffc0
        9775000	       976	80001970	ed504013	xori	x0,x0,-299	  x0:0x00000000
        9785000	       977	80001974	41a35393	srai	x7,x6,0x1a	  x6:0xfffff94d  x7=0xffffffff
        9795000	       978	80001978	00000013	addi	x0,x0,0	  x0:0x00000000
        9805000	       979	8000197c	13a4a113	slti	x2,x9,314	  x9:0x00000000  x2=0x00000001
        9815000	       980	80001980	0196c0b3	xor	x1,x13,x25	 x13:0xd11fffff x25:0xf4000000  x1=0x251fffff
        9825000	       981	80001984	01b3e463	bltu	x7,x27,8000198c	  x7:0xffffffff x27:0x80009fc4
        9835000	       982	80001988	00edea33	or	x20,x27,x14	 x27:0x80009fc4 x14:0x00000005 x20=0x80009fc5
        9845000	       983	8000198c	ff518993	addi	x19,x3,-11	  x3:0xfff558c4 x19=0xfff558b9
        9855000	       984	80001990	002d5813	srli	x16,x26,0x2	 x26:0x00000039 x16=0x0000000e
        9865000	       985	80001994	00f7be33	sltu	x28,x15,x15	 x15:0x4d217b00 x15:0x4d217b00 x28=0x00000000
        9875000	       986	80001998	002f06b3	add	x13,x30,x2	 x30:0x80009f38  x2:0x00000001 x13=0x80009f39
        9885000	       987	8000199c	00a8d633	srl	x12,x17,x10	 x17:0xaaba1e21 x10:0x80000000 x12=0xaaba1e21
        9895000	       988	800019a0	004f2083	lw	x1,4(x30)	 x30:0x80009f38  x1=0x80001a28 PA:0x80009f3c
        9905000	       989	800019a4	48986d13	ori	x26,x16,1161	 x16:0x0000000e x26=0x0000048f
        9915000	       990	800019a8	030f0f13	addi	x30,x30,48	 x30:0x80009f38 x30=0x80009f68
        9925000	       991	800019ac	41cb8633	sub	x12,x23,x28	 x23:0x0001ffff x28:0x00000000 x12=0x0001ffff
        9935000	       992	800019b0	00108493	addi	x9,x1,1	  x1:0x80001a28  x9=0x80001a29
        9945000	       993	800019b4	000484e7	jalr	x9,x9,0	  x9:0x80001a29  x9=0x800019b4
        9955000	       994	00000000	00000013	addi	x0,x0,0	  x0:0x00000000
        9965000	       995	80001a28	00000013	addi	x0,x0,0	  x0:0x00000000
        9975000	       996	80001a2c	00007117	auipc	x2,0x7	  x2=0x80008a28
        9985000	       997	80001a30	c7d10113	addi	x2,x2,-899	  x2:0x80008a28  x2=0x800086a5
        9995000	       998	80001a34	017a0433	add	x8,x20,x23	 x20:0x80009fc5 x23:0x0001ffff  x8=0x80029fc4
       10005000	       999	80001a38	000118a3	sh	x0,17(x2)	  x2:0x800086a5  x0:0x00000000 PA:0x800086b6
       10015000	      1000	80001a3c	e1343293	sltiu	x5,x8,-493	  x8:0x80029fc4  x5=0x00000001
       10025000	      1001	80001a40	8e527b17	auipc	x22,0x8e527	 x22=0x0e528a3c
       10035000	      1002	80001a44	00c118a3	sh	x12,17(x2)	  x2:0x800086a5 x12:0x0001ffff PA:0x800086b6
       10045000	      1003	80001a48	01111703	lh	x14,17(x2)	  x2:0x800086a5 x14=0xffffffff PA:0x800086b6
       10055000	      1004	80001a4c	01110683	lb	x13,17(x2)	  x2:0x800086a5 x13=0xffffffff PA:0x800086b6
       10065000	      1005	80001a50	01111903	lh	x18,17(x2)	  x2:0x800086a5 x18=0xffffffff PA:0x800086b6
       10075000	      1006	80001a54	01b108a3	sb	x27,17(x2)	  x2:0x800086a5 x27:0x80009fc4 PA:0x800086b6
       10085000	      1007	80001a58	01114a03	lbu	x20,17(x2)	  x2:0x800086a5 x20=0x000000c4 PA:0x800086b6
       10095000	      1008	80001a5c	97287193	andi	x3,x16,-1678	 x16:0x0000000e  x3=0x00000002
       10105000	      1009	80001a60	006118a3	sh	x6,17(x2)	  x2:0x800086a5  x6:0xfffff94d PA:0x800086b6
       10115000	      1010	80001a64	01115003	lhu	x0,17(x2)	  x2:0x800086a5 PA:0x800086b6
       10125000	      1011	80001a68	01115183	lhu	x3,17(x2)	  x2:0x800086a5  x3=0x0000f94d PA:0x800086b6
       10135000	      1012	80001a6c	002118a3	sh	x2,17(x2)	  x2:0x800086a5  x2:0x800086a5 PA:0x800086b6
       10145000	      1013	80001a70	00007717	auipc	x14,0x7	 x14=0x80008a6c
       10155000	      1014	80001a74	9cc70713	addi	x14,x14,-1588	 x14:0x80008a6c x14=0x80008438
       10165000	      1015	80001a78	00007697	auipc	x13,0x7	 x13=0x80008a74
       10175000	      1016	80001a7c	b5368693	addi	x13,x13,-1197	 x13:0x80008a74 x13=0x800085c7
       10185000	      1017	80001a80	09970d03	lb	x26,153(x14)	 x14:0x80008438 x26=0xffffffae PA:0x800084d1
       10195000	      1018	80001a84	20c72583	lw	x11,524(x14)	 x14:0x80008438 x11=0x080cf0ac PA:0x80008644
       10205000	      1019	80001a88	d06707a3	sb	x6,-753(x14)	 x14:0x80008438  x6:0xfffff94d PA:0x80008147
       10215000	      1020	80001a8c	00007a97	auipc	x21,0x7	 x21=0x80008a88
       10225000	      1021	80001a90	aeea8a93	addi	x21,x21,-1298	 x21:0x80008a88 x21=0x80008576
       10235000	      1022	80001a94	cdb74583	lbu	x11,-805(x14)	 x14:0x80008438 x11=0x0000007a PA:0x80008113
       10245000	      1023	80001a98	ff368823	sb	x19,-16(x13)	 x13:0x800085c7 x19:0xfff558b9 PA:0x800085b7
       10255000	      1024	80001a9c	17f71f23	sh	x31,382(x14)	 x14:0x80008438 x31:0xd11fffff PA:0x800085b6
       10265000	      1025	80001aa0	c8370783	lb	x15,-893(x14)	 x14:0x80008438 x15=0x0000002f PA:0x800080bb
       10275000	      1026	80001aa4	af9acb83	lbu	x23,-1287(x21)	 x21:0x80008576 x23=0x0000000b PA:0x8000806f
       10285000	      1027	80001aa8	d64a81a3	sb	x4,-669(x21)	 x21:0x80008576  x4:0x00000000 PA:0x800082d9
       10295000	      1028	80001aac	ff8688a3	sb	x24,-15(x13)	 x13:0x800085c7 x24:0xa0e4dd20 PA:0x800085b8
       10305000	      1029	80001ab0	0df703a3	sb	x31,199(x14)	 x14:0x80008438 x31:0xd11fffff PA:0x800084ff
       10315000	      1030	80001ab4	011690a3	sh	x17,1(x13)	 x13:0x800085c7 x17:0xaaba1e21 PA:0x800085c8
       10325000	      1031	80001ab8	21ca9a03	lh	x20,540(x21)	 x21:0x80008576 x20=0xffff9e95 PA:0x80008792
       10335000	      1032	80001abc	25075403	lhu	x8,592(x14)	 x14:0x80008438  x8=0x0000fe30 PA:0x80008688
       10345000	      1033	80001ac0	2a074203	lbu	x4,672(x14)	 x14:0x80008438  x4=0x0000004c PA:0x800086d8
       10355000	      1034	00000000	00000013	addi	x0,x0,0	  x0:0x00000000
       10365000	      1035	80001ac4	00468303	lb	x6,4(x13)	 x13:0x800085c7  x6=0x00000025 PA:0x800085cb
       10375000	      1036	80001ac8	e35a8023	sb	x21,-480(x21)	 x21:0x80008576 x21:0x80008576 PA:0x80008396
       10385000	      1037	80001acc	0df702a3	sb	x31,197(x14)	 x14:0x80008438 x31:0xd11fffff PA:0x800084fd
       10395000	      1038	80001ad0	ff56c803	lbu	x16,-11(x13)	 x13:0x800085c7 x16=0x000000bd PA:0x800085bc
       10405000	      1039	00000000	00000013	addi	x0,x0,0	  x0:0x00000000
       10415000	      1040	80001ad4	df0a8983	lb	x19,-528(x21)	 x21:0x80008576 x19=0xffffffcc PA:0x80008366
       10425000	      1041	80001ad8	00007317	auipc	x6,0x7	  x6=0x80008ad4
       10435000	      1042	80001adc	81d30313	addi	x6,x6,-2019	  x6:0x80008ad4  x6=0x800082f1
       10445000	      1043	80001ae0	f8730b83	lb	x23,-121(x6)	  x6:0x800082f1 x23=0x00000074 PA:0x80008278
       10455000	      1044	80001ae4	865ed417	auipc	x8,0x865ed	  x8=0x065eeae0
       10465000	      1045	80001ae8	00e34383	lbu	x7,14(x6)	  x6:0x800082f1  x7=0x0000007c PA:0x800082ff
       10475000	      1046	80001aec	015132b3	sltu	x5,x2,x21	  x2:0x800086a5 x21:0x80008576  x5=0x00000000
       10485000	      1047	80001af0	f6332083	lw	x1,-157(x6)	  x6:0x800082f1  x1=0x5b0fdfb6 PA:0x80008254
       10495000	      1048	80001af4	00289793	slli	x15,x17,0x2	 x17:0xaaba1e21 x15=0xaae87884
       10505000	      1049	80001af8	a7384193	xori	x3,x16,-1421	 x16:0x000000bd  x3=0xffffface
       10515000	      1050	80001afc	fff30283	lb	x5,-1(x6)	  x6:0x800082f1  x5=0xffffffa8 PA:0x800082f0
       10525000	      1051	80001b00	fb135003	lhu	x0,-79(x6)	  x6:0x800082f1 PA:0x800082a2
       10535000	      1052	80001b04	f3b30183	lb	x3,-197(x6)	  x6:0x800082f1  x3=0x0000007b PA:0x8000822c
       10545000	      1053	80001b08	f4830fa3	sb	x8,-161(x6)	  x6:0x800082f1  x8:0x065eeae0 PA:0x80008250
       10555000	      1054	80001b0c	0d57ea13	ori	x20,x15,213	 x15:0xaae87884 x20=0xaae878d5
       10565000	      1055	80001b10	01f30383	lb	x7,31(x6)	  x6:0x800082f1  x7=0xffffffb1 PA:0x80008310
       10575000	      1056	80001b14	03e30583	lb	x11,62(x6)	  x6:0x800082f1 x11=0xffffff92 PA:0x8000832f
       10585000	      1057	80001b18	011f9793	slli	x15,x31,0x11	 x31:0xd11fffff x15=0xfffe0000
       10595000	      1058	80001b1c	06e34703	lbu	x14,110(x6)	  x6:0x800082f1 x14=0x00000052 PA:0x8000835f
       10605000	      1059	00000000	00000013	addi	x0,x0,0	  x0:0x00000000
       10615000	      1060	80001b20	34474b13	xori	x22,x14,836	 x14:0x00000052 x22=0x00000316
       10625000	      1061	80001b24	002aa833	slt	x16,x21,x2	 x21:0x80008576  x2:0x800086a5 x16=0x00000001
       10635000	      1062	80001b28	0cb31aa3	sh	x11,213(x6)	  x6:0x800082f1 x11:0xffffff92 PA:0x800083c6
       10645000	      1063	80001b2c	fca30683	lb	x13,-54(x6)	  x6:0x800082f1 x13=0xffffffb4 PA:0x800082bb
       10655000	      1064	80001b30	08730103	lb	x2,135(x6)	  x6:0x800082f1  x2=0x00000015 PA:0x80008378
       10665000	      1065	80001b34	40f6dd13	srai	x26,x13,0xf	 x13:0xffffffb4 x26=0xffffffff
       10675000	      1066	80001b38	015d3433	sltu	x8,x26,x21	 x26:0xffffffff x21:0x80008576  x8=0x00000000
       10685000	      1067	80001b3c	f7730c03	lb	x24,-137(x6)	  x6:0x800082f1 x24=0x00000028 PA:0x80008268
       10695000	      1068	80001b40	0a8312a3	sh	x8,165(x6)	  x6:0x800082f1  x8:0x00000000 PA:0x80008396
       10705000	      1069	80001b44	0f535803	lhu	x16,245(x6)	  x6:0x800082f1 x16=0x0000d054 PA:0x800083e6
       10715000	      1070	80001b48	c1efa597	auipc	x11,0xc1efa	 x11=0x41efbb44
       10725000	      1071	80001b4c	40830cb3	sub	x25,x6,x8	  x6:0x800082f1  x8:0x00000000 x25=0x800082f1
       10735000	      1072	80001b50	08131b83	lh	x23,129(x6)	  x6:0x800082f1 x23=0x00005069 PA:0x80008372
       10745000	      1073	80001b54	03e34083	lbu	x1,62(x6)	  x6:0x800082f1  x1=0x00000092 PA:0x8000832f
       10755000	      1074	80001b58	f7a30703	lb	x14,-134(x6)	  x6:0x800082f1 x14=0x00000003 PA:0x8000826b
       10765000	      1075	80001b5c	41485f93	srai	x31,x16,0x14	 x16:0x0000d054 x31=0x00000000
       10775000	      1076	80001b60	0ac323a3	sw	x12,167(x6)	  x6:0x800082f1 x12:0x0001ffff PA:0x80008398
       10785000	      1077	80001b64	8cdbf393	andi	x7,x23,-1843	 x23:0x00005069  x7=0x00005049
       10795000	      1078	80001b68	002fd3b3	srl	x7,x31,x2	 x31:0x00000000  x2:0x00000015  x7=0x00000000
       10805000	      1079	80001b6c	017a5bb3	srl	x23,x20,x23	 x20:0xaae878d5 x23:0x00005069 x23=0x0055743c
       10815000	      1080	80001b70	0e434c83	lbu	x25,228(x6)	  x6:0x800082f1 x25=0x0000002f PA:0x800083d5
       10825000	      1081	80001b74	3ea96b93	ori	x23,x18,1002	 x18:0xffffffff x23=0xffffffff
       10835000	      1082	80001b78	04030003	lb	x0,64(x6)	  x6:0x800082f1 PA:0x80008331
       10845000	      1083	80001b7c	f9430b83	lb	x23,-108(x6)	  x6:0x800082f1 x23=0x00000037 PA:0x80008285
       10855000	      1084	00000000	00000013	addi	x0,x0,0	  x0:0x00000000
       10865000	      1085	80001b80	0b731f83	lh	x31,183(x6)	  x6:0x800082f1 x31=0x00007b04 PA:0x800083a8
       10875000	      1086	80001b84	064301a3	sb	x4,99(x6)	  x6:0x800082f1  x4:0x0000004c PA:0x80008354
       10885000	      1087	80001b88	0f930183	lb	x3,249(x6)	  x6:0x800082f1  x3=0xffffffa0 PA:0x800083ea
       10895000	      1088	80001b8c	0a732c03	lw	x24,167(x6)	  x6:0x800082f1 x24=0x0001ffff PA:0x80008398
       10905000	      1089	80001b90	08a30923	sb	x10,146(x6)	  x6:0x800082f1 x10:0x80000000 PA:0x80008383
       10915000	      1090	80001b94	01a004b3	add	x9,x0,x26	  x0:0x00000000 x26:0xffffffff  x9=0xffffffff
       10925000	      1091	80001b98	018f65b3	or	x11,x30,x24	 x30:0x80009f68 x24:0x0001ffff x11=0x8001ffff
       10935000	      1092	80001b9c	01b90d33	add	x26,x18,x27	 x18:0xffffffff x27:0x80009fc4 x26=0x80009fc3
       10945000	      1093	80001ba0	00821c93	slli	x25,x4,0x8	  x4:0x0000004c x25=0x00004c00
       10955000	      1094	80001ba4	00000013	addi	x0,x0,0	  x0:0x00000000
       10965000	      1095	80001ba8	05b91063	bne	x18,x27,80001be8	 x18:0xffffffff x27:0x80009fc4
       10975000	      1096	00000000	00000013	addi	x0,x0,0	  x0:0x00000000
       10985000	      1097	80001be4	00000013	addi	x0,x0,0	  x0:0x00000000
       10995000	      1098	80001be8	005a81b3	add	x3,x21,x5	 x21:0x80008576  x5:0xffffffa8  x3=0x8000851e
       11005000	      1099	80001bec	00000013	addi	x0,x0,0	  x0:0x00000000
       11015000	      1100	80001bf0	03956863	bltu	x10,x25,80001c20	 x10:0x80000000 x25:0x00004c00
       11025000	      1101	80001bf4	00499463	bne	x19,x4,80001bfc	 x19:0xffffffcc  x4:0x0000004c
       11035000	      1102	00000000	00000013	addi	x0,x0,0	  x0:0x00000000
       11045000	      1103	80001bf8	00000013	addi	x0,x0,0	  x0:0x00000000
       11055000	      1104	80001bfc	fc985b17	auipc	x22,0xfc985	 x22=0x7c986bf8
       11065000	      1105	80001c00	00fdc463	blt	x27,x15,80001c08	 x27:0x80009fc4 x15:0xfffe0000
       11075000	      1106	00000000	00000013	addi	x0,x0,0	  x0:0x00000000
       11085000	      1107	80001c04	00000013	addi	x0,x0,0	  x0:0x00000000
       11095000	      1108	80001c08	00000013	addi	x0,x0,0	  x0:0x00000000
       11105000	      1109	80001c0c	02945463	bge	x8,x9,80001c34	  x8:0x00000000  x9:0xffffffff
       11115000	      1110	00000000	00000013	addi	x0,x0,0	  x0:0x00000000
       11125000	      1111	80001c30	00000013	addi	x0,x0,0	  x0:0x00000000
       11135000	      1112	80001c34	039bdc63	bge	x23,x25,80001c6c	 x23:0x00000037 x25:0x00004c00
       11145000	      1113	80001c38	ece40937	lui	x18,0xece40	 x18=0xece40000
       11155000	      1114	80001c3c	7509c693	xori	x13,x19,1872	 x19:0xffffffcc x13=0xfffff89c
       11165000	      1115	80001c40	4199d613	srai	x12,x19,0x19	 x19:0xffffffcc x12=0xffffffff
       11175000	      1116	80001c44	4196db93	srai	x23,x13,0x19	 x13:0xfffff89c x23=0xffffffff
       11185000	      1117	80001c48	007d1c13	slli	x24,x26,0x7	 x26:0x80009fc3 x24=0x004fe180
       11195000	      1118	80001c4c	003f9013	slli	x0,x31,0x3	 x31:0x00007b04
       11205000	      1119	80001c50	40bf0cb3	sub	x25,x30,x11	 x30:0x80009f68 x11:0x8001ffff x25=0xfffe9f69
       11215000	      1120	80001c54	02abcc63	blt	x23,x10,80001c8c	 x23:0xffffffff x10:0x80000000
       11225000	      1121	80001c58	016cca63	blt	x25,x22,80001c6c	 x25:0xfffe9f69 x22:0x7c986bf8
       11235000	      1122	00000000	00000013	addi	x0,x0,0	  x0:0x00000000
       11245000	      1123	80001c68	00000013	addi	x0,x0,0	  x0:0x00000000
       11255000	      1124	80001c6c	00f4a833	slt	x16,x9,x15	  x9:0xffffffff x15:0xfffe0000 x16=0x00000000
       11265000	      1125	80001c70	0779e113	ori	x2,x19,119	 x19:0xffffffcc  x2=0xffffffff
       11275000	      1126	80001c74	01a60bb3	add	x23,x12,x26	 x12:0xffffffff x26:0x80009fc3 x23=0x80009fc2
       11285000	      1127	80001c78	c8bd2313	slti	x6,x26,-885	 x26:0x80009fc3  x6=0x00000001
       11295000	      1128	80001c7c	3cfb4717	auipc	x14,0x3cfb4	 x14=0xbcfb5c78
       11305000	      1129	80001c80	3b8611b7	lui	x3,0x3b861	  x3=0x3b861000
       11315000	      1130	80001c84	019475b3	and	x11,x8,x25	  x8:0x00000000 x25:0xfffe9f69 x11=0x00000000
       11325000	      1131	80001c88	98efc497	auipc	x9,0x98efc	  x9=0x18efdc84
       11335000	      1132	80001c8c	005c4ab3	xor	x21,x24,x5	 x24:0x004fe180  x5:0xffffffa8 x21=0xffb01e28
       11345000	      1133	80001c90	da7df897	auipc	x17,0xda7df	 x17=0x5a7e0c8c
       11355000	      1134	80001c94	01f27333	and	x6,x4,x31	  x4:0x0000004c x31:0x00007b04  x6=0x00000004
       11365000	      1135	80001c98	41be8c33	sub	x24,x29,x27	 x29:0xfffffb1d x27:0x80009fc4 x24=0x7fff5b59
       11375000	      1136	80001c9c	41fc5d13	srai	x26,x24,0x1f	 x24:0x7fff5b59 x26=0x00000000
       11385000	      1137	80001ca0	7fa651b7	lui	x3,0x7fa65	  x3=0x7fa65000
       11395000	      1138	80001ca4	40ac5333	sra	x6,x24,x10	 x24:0x7fff5b59 x10:0x80000000  x6=0x7fff5b59
       11405000	      1139	80001ca8	03e96063	bltu	x18,x30,80001cc8	 x18:0xece40000 x30:0x80009f68
       11415000	      1140	80001cac	79e36a13	ori	x20,x6,1950	  x6:0x7fff5b59 x20=0x7fff5fdf
       11425000	      1141	80001cb0	01da55b3	srl	x11,x20,x29	 x20:0x7fff5fdf x29:0xfffffb1d x11=0x00000003
       11435000	      1142	80001cb4	00bf7a33	and	x20,x30,x11	 x30:0x80009f68 x11:0x00000003 x20=0x00000000
       11445000	      1143	80001cb8	04160663	beq	x12,x1,80001d04	 x12:0xffffffff  x1:0x00000092
       11455000	      1144	80001cbc	0128d2b3	srl	x5,x17,x18	 x17:0x5a7e0c8c x18:0xece40000  x5=0x5a7e0c8c
       11465000	      1145	80001cc0	00aa0863	beq	x20,x10,80001cd0	 x20:0x00000000 x10:0x80000000
       11475000	      1146	80001cc4	00953833	sltu	x16,x10,x9	 x10:0x80000000  x9:0x18efdc84 x16=0x00000000
       11485000	      1147	80001cc8	6040b893	sltiu	x17,x1,1540	  x1:0x00000092 x17=0x00000001
       11495000	      1148	80001ccc	03f66463	bltu	x12,x31,80001cf4	 x12:0xffffffff x31:0x00007b04
       11505000	      1149	80001cd0	006b5633	srl	x12,x22,x6	 x22:0x7c986bf8  x6:0x7fff5b59 x12=0x0000003e
       11515000	      1150	80001cd4	01ee1333	sll	x6,x28,x30	 x28:0x00000000 x30:0x80009f68  x6=0x00000000
       11525000	      1151	80001cd8	01b75333	srl	x6,x14,x27	 x14:0xbcfb5c78 x27:0x80009fc4  x6=0x0bcfb5c7
       11535000	      1152	80001cdc	0152bbb3	sltu	x23,x5,x21	  x5:0x5a7e0c8c x21:0xffb01e28 x23=0x00000001
       11545000	      1153	80001ce0	41c507b3	sub	x15,x10,x28	 x10:0x80000000 x28:0x00000000 x15=0x80000000
       11555000	      1154	80001ce4	008c7263	bgeu	x24,x8,80001ce8	 x24:0x7fff5b59  x8:0x00000000
       11565000	      1155	00000000	00000013	addi	x0,x0,0	  x0:0x00000000
       11575000	      1156	80001ce4	00000013	addi	x0,x0,0	  x0:0x00000000
       11585000	      1157	80001ce8	018a9993	slli	x19,x21,0x18	 x21:0xffb01e28 x19=0x28000000
       11595000	      1158	80001cec	15aa6713	ori	x14,x20,346	 x20:0x00000000 x14=0x0000015a
       11605000	      1159	80001cf0	0b490893	addi	x17,x18,180	 x18:0xece40000 x17=0xece400b4
       11615000	      1160	80001cf4	00000013	addi	x0,x0,0	  x0:0x00000000
       11625000	      1161	80001cf8	40aad993	srai	x19,x21,0xa	 x21:0xffb01e28 x19=0xffffec07
       11635000	      1162	80001cfc	0f144493	xori	x9,x8,241	  x8:0x00000000  x9=0x000000f1
       11645000	      1163	80001d00	014524b3	slt	x9,x10,x20	 x10:0x80000000 x20:0x00000000  x9=0x00000001
       11655000	      1164	80001d04	41c5d033	sra	x0,x11,x28	 x11:0x00000003 x28:0x00000000
       11665000	      1165	80001d08	00000013	addi	x0,x0,0	  x0:0x00000000
       11675000	      1166	80001d0c	00cd9933	sll	x18,x27,x12	 x27:0x80009fc4 x12:0x0000003e x18=0x00000000
       11685000	      1167	80001d10	bfd52e93	slti	x29,x10,-1027	 x10:0x80000000 x29=0x00000001
       11695000	      1168	80001d14	0207f263	bgeu	x15,x0,80001d38	 x15:0x80000000  x0:0x00000000
       11705000	      1169	00000000	00000013	addi	x0,x0,0	  x0:0x00000000
       11715000	      1170	80001d34	00000013	addi	x0,x0,0	  x0:0x00000000
       11725000	      1171	80001d38	040cf263	bgeu	x25,x0,80001d7c	 x25:0xfffe9f69  x0:0x00000000
       11735000	      1172	00000000	00000013	addi	x0,x0,0	  x0:0x00000000
       11745000	      1173	80001d78	00000013	addi	x0,x0,0	  x0:0x00000000
       11755000	      1174	80001d7c	00c549b3	xor	x19,x10,x12	 x10:0x80000000 x12:0x0000003e x19=0x8000003e
       11765000	      1175	80001d80	02db6e63	bltu	x22,x13,80001dbc	 x22:0x7c986bf8 x13:0xfffff89c
       11775000	      1176	00000000	00000013	addi	x0,x0,0	  x0:0x00000000
       11785000	      1177	80001db8	00000013	addi	x0,x0,0	  x0:0x00000000
       11795000	      1178	80001dbc	8b1a7a13	andi	x20,x20,-1871	 x20:0x00000000 x20=0x00000000
       11805000	      1179	80001dc0	01b92033	slt	x0,x18,x27	 x18:0x00000000 x27:0x80009fc4
       11815000	      1180	80001dc4	01afd333	srl	x6,x31,x26	 x31:0x00007b04 x26:0x00000000  x6=0x00007b04
       11825000	      1181	80001dc8	400dd3b3	sra	x7,x27,x0	 x27:0x80009fc4  x0:0x00000000  x7=0x80009fc4
       11835000	      1182	80001dcc	00cf1263	bne	x30,x12,80001dd0	 x30:0x80009f68 x12:0x0000003e
       11845000	      1183	00000000	00000013	addi	x0,x0,0	  x0:0x00000000
       11855000	      1184	80001dcc	00000013	addi	x0,x0,0	  x0:0x00000000
       11865000	      1185	80001dd0	00000013	addi	x0,x0,0	  x0:0x00000000
       11875000	      1186	80001dd4	0464e463	bltu	x9,x6,80001e1c	  x9:0x00000001  x6:0x00007b04
       11885000	      1187	00000000	00000013	addi	x0,x0,0	  x0:0x00000000
       11895000	      1188	80001e18	00000013	addi	x0,x0,0	  x0:0x00000000
       11905000	      1189	80001e1c	010a9e13	slli	x28,x21,0x10	 x21:0xffb01e28 x28=0x1e280000
       11915000	      1190	80001e20	00a29333	sll	x6,x5,x10	  x5:0x5a7e0c8c x10:0x80000000  x6=0x5a7e0c8c
       11925000	      1191	80001e24	3d4cb917	auipc	x18,0x3d4cb	 x18=0xbd4cce20
       11935000	      1192	80001e28	600c7813	andi	x16,x24,1536	 x24:0x7fff5b59 x16=0x00000200
       11945000	      1193	80001e2c	bcfc6b93	ori	x23,x24,-1073	 x24:0x7fff5b59 x23=0xfffffbdf
       11955000	      1194	80001e30	004f2083	lw	x1,4(x30)	 x30:0x80009f68  x1=0x80000ce4 PA:0x80009f6c
       11965000	      1195	00000000	00000013	addi	x0,x0,0	  x0:0x00000000
       11975000	      1196	80001e34	0013e9b3	or	x19,x7,x1	  x7:0x80009fc4  x1:0x80000ce4 x19=0x80009fe4
       11985000	      1197	80001e38	e35b6993	ori	x19,x22,-459	 x22:0x7c986bf8 x19=0xfffffffd
       11995000	      1198	80001e3c	01cf0f13	addi	x30,x30,28	 x30:0x80009f68 x30=0x80009f84
       12005000	      1199	80001e40	c2170fb7	lui	x31,0xc2170	 x31=0xc2170000
       12015000	      1200	80001e44	00108e93	addi	x29,x1,1	  x1:0x80000ce4 x29=0x80000ce5
       12025000	      1201	80001e48	000e8ee7	jalr	x29,x29,0	 x29:0x80000ce5 x29=0x80001e48
       12035000	      1202	00000000	00000013	addi	x0,x0,0	  x0:0x00000000
       12045000	      1203	80000ce4	00000013	addi	x0,x0,0	  x0:0x00000000
       12055000	      1204	80000ce8	00dbcbb3	xor	x23,x23,x13	 x23:0xfffffbdf x13:0xfffff89c x23=0x00000343
       12065000	      1205	80000cec	0374d863	bge	x9,x23,80000d1c	  x9:0x00000001 x23:0x00000343
       12075000	      1206	80000cf0	fe5d2a93	slti	x21,x26,-27	 x26:0x00000000 x21=0x00000000
       12085000	      1207	80000cf4	01069193	slli	x3,x13,0x10	 x13:0xfffff89c  x3=0xf89c0000
       12095000	      1208	80000cf8	00b10863	beq	x2,x11,80000d08	  x2:0xffffffff x11:0x00000003
       12105000	      1209	80000cfc	f3be4413	xori	x8,x28,-197	 x28:0x1e280000  x8=0xe1d7ff3b
       12115000	      1210	80000d00	036a0263	beq	x20,x22,80000d24	 x20:0x00000000 x22:0x7c986bf8
       12125000	      1211	80000d04	86c76e13	ori	x28,x14,-1940	 x14:0x0000015a x28=0xfffff97e
       12135000	      1212	80000d08	0217c463	blt	x15,x1,80000d30	 x15:0x80000000  x1:0x80000ce4
       12145000	      1213	00000000	00000013	addi	x0,x0,0	  x0:0x00000000
       12155000	      1214	80000d2c	00000013	addi	x0,x0,0	  x0:0x00000000
       12165000	      1215	80000d30	0d3d3913	sltiu	x18,x26,211	 x26:0x00000000 x18=0x00000001
       12175000	      1216	80000d34	01b2efb3	or	x31,x5,x27	  x5:0x5a7e0c8c x27:0x80009fc4 x31=0xda7e9fcc
       12185000	      1217	80000d38	b7578213	addi	x4,x15,-1163	 x15:0x80000000  x4=0x7ffffb75
       12195000	      1218	80000d3c	00301713	slli	x14,x0,0x3	  x0:0x00000000 x14=0x00000000
       12205000	      1219	80000d40	6d2f7993	andi	x19,x30,1746	 x30:0x80009f84 x19=0x00000680
       12215000	      1220	80000d44	01b197b3	sll	x15,x3,x27	  x3:0xf89c0000 x27:0x80009fc4 x15=0x89c00000
       12225000	      1221	80000d48	01da9633	sll	x12,x21,x29	 x21:0x00000000 x29:0x80001e48 x12=0x00000000
       12235000	      1222	80000d4c	ba768293	addi	x5,x13,-1113	 x13:0xfffff89c  x5=0xfffff443
       12245000	      1223	80000d50	41b4d613	srai	x12,x9,0x1b	  x9:0x00000001 x12=0x00000000
       12255000	      1224	80000d54	00fa9ab3	sll	x21,x21,x15	 x21:0x00000000 x15:0x89c00000 x21=0x00000000
       12265000	      1225	80000d58	00f99d13	slli	x26,x19,0xf	 x19:0x00000680 x26=0x03400000
       12275000	      1226	80000d5c	6b91a493	slti	x9,x3,1721	  x3:0xf89c0000  x9=0x00000001
       12285000	      1227	80000d60	b9901437	lui	x8,0xb9901	  x8=0xb9901000
       12295000	      1228	80000d64	00000013	addi	x0,x0,0	  x0:0x00000000
       12305000	      1229	80000d68	03d71c63	bne	x14,x29,80000da0	 x14:0x00000000 x29:0x80001e48
       12315000	      1230	00000000	00000013	addi	x0,x0,0	  x0:0x00000000
       12325000	      1231	80000d9c	00000013	addi	x0,x0,0	  x0:0x00000000
       12335000	      1232	80000da0	3b698b13	addi	x22,x19,950	 x19:0x00000680 x22=0x00000a36
       12345000	      1233	80000da4	db942b97	auipc	x23,0xdb942	 x23=0x5b942da0
       12355000	      1234	80000da8	0182dbb3	srl	x23,x5,x24	  x5:0xfffff443 x24:0x7fff5b59 x23=0x0000007f
       12365000	      1235	80000dac	41d15f93	srai	x31,x2,0x1d	  x2:0xffffffff x31=0xffffffff
       12375000	      1236	80000db0	34db6a97	auipc	x21,0x34db6	 x21=0xb4db6dac
       12385000	      1237	80000db4	04c9c463	blt	x19,x12,80000dfc	 x19:0x00000680 x12:0x00000000
       12395000	      1238	80000db8	ef59e117	auipc	x2,0xef59e	  x2=0x6f59edb4
       12405000	      1239	80000dbc	00882c33	slt	x24,x16,x8	 x16:0x00000200  x8:0xb9901000 x24=0x00000000
       12415000	      1240	80000dc0	fca87d13	andi	x26,x16,-54	 x16:0x00000200 x26=0x00000200
       12425000	      1241	80000dc4	82c4cc37	lui	x24,0x82c4c	 x24=0x82c4c000
       12435000	      1242	80000dc8	00851113	slli	x2,x10,0x8	 x10:0x80000000  x2=0x00000000
       12445000	      1243	80000dcc	40a009b3	sub	x19,x0,x10	  x0:0x00000000 x10:0x80000000 x19=0x80000000
       12455000	      1244	80000dd0	41f3d9b3	sra	x19,x7,x31	  x7:0x80009fc4 x31:0xffffffff x19=0xffffffff
       12465000	      1245	80000dd4	00561e13	slli	x28,x12,0x5	 x12:0x00000000 x28=0x00000000
       12475000	      1246	80000dd8	00921d33	sll	x26,x4,x9	  x4:0x7ffffb75  x9:0x00000001 x26=0xfffff6ea
       12485000	      1247	80000ddc	a764fc93	andi	x25,x9,-1418	  x9:0x00000001 x25=0x00000000
       12495000	      1248	80000de0	008e5ab3	srl	x21,x28,x8	 x28:0x00000000  x8:0xb9901000 x21=0x00000000
       12505000	      1249	80000de4	036cec63	bltu	x25,x22,80000e1c	 x25:0x00000000 x22:0x00000a36
       12515000	      1250	00000000	00000013	addi	x0,x0,0	  x0:0x00000000
       12525000	      1251	80000e18	00000013	addi	x0,x0,0	  x0:0x00000000
       12535000	      1252	80000e1c	0063a733	slt	x14,x7,x6	  x7:0x80009fc4  x6:0x5a7e0c8c x14=0x00000001
       12545000	      1253	80000e20	01cae3b3	or	x7,x21,x28	 x21:0x00000000 x28:0x00000000  x7=0x00000000
       12555000	      1254	80000e24	40370733	sub	x14,x14,x3	 x14:0x00000001  x3:0xf89c0000 x14=0x07640001
       12565000	      1255	80000e28	0058f833	and	x16,x17,x5	 x17:0xece400b4  x5:0xfffff443 x16=0xece40000
       12575000	      1256	80000e2c	0071b8b3	sltu	x17,x3,x7	  x3:0xf89c0000  x7:0x00000000 x17=0x00000000
       12585000	      1257	80000e30	016916b3	sll	x13,x18,x22	 x18:0x00000001 x22:0x00000a36 x13=0x00400000
       12595000	      1258	80000e34	40f00ab3	sub	x21,x0,x15	  x0:0x00000000 x15:0x89c00000 x21=0x76400000
       12605000	      1259	80000e38	10c52193	slti	x3,x10,268	 x10:0x80000000  x3=0x00000001
       12615000	      1260	80000e3c	4045d633	sra	x12,x11,x4	 x11:0x00000003  x4:0x7ffffb75 x12=0x00000000
       12625000	      1261	80000e40	028f8c93	addi	x25,x31,40	 x31:0xffffffff x25=0x00000027
       12635000	      1262	80000e44	28cc7f93	andi	x31,x24,652	 x24:0x82c4c000 x31=0x00000000
       12645000	      1263	80000e48	003d0ab3	add	x21,x26,x3	 x26:0xfffff6ea  x3:0x00000001 x21=0xfffff6eb
       12655000	      1264	80000e4c	01260263	beq	x12,x18,80000e50	 x12:0x00000000 x18:0x00000001
       12665000	      1265	80000e50	00296eb3	or	x29,x18,x2	 x18:0x00000001  x2:0x00000000 x29=0x00000001
       12675000	      1266	80000e54	0e346113	ori	x2,x8,227	  x8:0xb9901000  x2=0xb99010e3
       12685000	      1267	80000e58	007ea3b3	slt	x7,x29,x7	 x29:0x00000001  x7:0x00000000  x7=0x00000000
       12695000	      1268	80000e5c	00ff5033	srl	x0,x30,x15	 x30:0x80009f84 x15:0x89c00000
       12705000	      1269	80000e60	02936263	bltu	x6,x9,80000e84	  x6:0x5a7e0c8c  x9:0x00000001
       12715000	      1270	80000e64	43882e13	slti	x28,x16,1080	 x16:0xece40000 x28=0x00000001
       12725000	      1271	80000e68	861a7093	andi	x1,x20,-1951	 x20:0x00000000  x1=0x00000000
       12735000	      1272	80000e6c	01585e63	bge	x16,x21,80000e88	 x16:0xece40000 x21:0xfffff6eb
       12745000	      1273	80000e70	41705193	srai	x3,x0,0x17	  x0:0x00000000  x3=0x00000000
       12755000	      1274	80000e74	4086d933	sra	x18,x13,x8	 x13:0x00400000  x8:0xb9901000 x18=0x00400000
       12765000	      1275	80000e78	00ab4c33	xor	x24,x22,x10	 x22:0x00000a36 x10:0x80000000 x24=0x80000a36
       12775000	      1276	80000e7c	009078b3	and	x17,x0,x9	  x0:0x00000000  x9:0x00000001 x17=0x00000000
       12785000	      1277	80000e80	a1330e93	addi	x29,x6,-1517	  x6:0x5a7e0c8c x29=0x5a7e069f
       12795000	      1278	80000e84	011fb7b3	sltu	x15,x31,x17	 x31:0x00000000 x17:0x00000000 x15=0x00000000
       12805000	      1279	80000e88	00000013	addi	x0,x0,0	  x0:0x00000000
       12815000	      1280	80000e8c	00000013	addi	x0,x0,0	  x0:0x00000000
       12825000	      1281	80000e90	01533b33	sltu	x22,x6,x21	  x6:0x5a7e0c8c x21:0xfffff6eb x22=0x00000001
       12835000	      1282	80000e94	a939ae13	slti	x28,x19,-1389	 x19:0xffffffff x28=0x00000000
       12845000	      1283	80000e98	03ef8263	beq	x31,x30,80000ebc	 x31:0x00000000 x30:0x80009f84
       12855000	      1284	80000e9c	e22afe97	auipc	x29,0xe22af	 x29=0x622afe98
       12865000	      1285	80000ea0	00bb4cb3	xor	x25,x22,x11	 x22:0x00000001 x11:0x00000003 x25=0x00000002
       12875000	      1286	80000ea4	00e69463	bne	x13,x14,80000eac	 x13:0x00400000 x14:0x07640001
       12885000	      1287	00000000	00000013	addi	x0,x0,0	  x0:0x00000000
       12895000	      1288	80000ea8	00000013	addi	x0,x0,0	  x0:0x00000000
       12905000	      1289	80000eac	01048e63	beq	x9,x16,80000ec8	  x9:0x00000001 x16:0xece40000
       12915000	      1290	80000eb0	39a4cb13	xori	x22,x9,922	  x9:0x00000001 x22=0x0000039b
       12925000	      1291	80000eb4	01219b13	slli	x22,x3,0x12	  x3:0x00000000 x22=0x00000000
       12935000	      1292	80000eb8	6f112d13	slti	x26,x2,1777	  x2:0xb99010e3 x26=0x00000001
       12945000	      1293	80000ebc	06d8ae97	auipc	x29,0x6d8a	 x29=0x86d8aeb8
       12955000	      1294	80000ec0	00236b33	or	x22,x6,x2	  x6:0x5a7e0c8c  x2:0xb99010e3 x22=0xfbfe1cef
       12965000	      1295	80000ec4	0109e863	bltu	x19,x16,80000ed4	 x19:0xffffffff x16:0xece40000
       12975000	      1296	80000ec8	000ad813	srli	x16,x21,0x0	 x21:0xfffff6eb x16=0xfffff6eb
       12985000	      1297	80000ecc	2675cc13	xori	x24,x11,615	 x11:0x00000003 x24=0x00000264
       12995000	      1298	80000ed0	00a756b3	srl	x13,x14,x10	 x14:0x07640001 x10:0x80000000 x13=0x07640001
       13005000	      1299	80000ed4	014ed933	srl	x18,x29,x20	 x29:0x86d8aeb8 x20:0x00000000 x18=0x86d8aeb8
       13015000	      1300	80000ed8	161b7593	andi	x11,x22,353	 x22:0xfbfe1cef x11=0x00000061
       13025000	      1301	80000edc	3c1c4913	xori	x18,x24,961	 x24:0x00000264 x18=0x000001a5
       13035000	      1302	80000ee0	014ddab3	srl	x21,x27,x20	 x27:0x80009fc4 x20:0x00000000 x21=0x80009fc4
       13045000	      1303	80000ee4	9425ac93	slti	x25,x11,-1726	 x11:0x00000061 x25=0x00000000
       13055000	      1304	80000ee8	405a54b3	sra	x9,x20,x5	 x20:0x00000000  x5:0xfffff443  x9=0x00000000
       13065000	      1305	80000eec	5d1e68b7	lui	x17,0x5d1e6	 x17=0x5d1e6000
       13075000	      1306	80000ef0	04fc0e13	addi	x28,x24,79	 x24:0x00000264 x28=0x000002b3
       13085000	      1307	80000ef4	ea928813	addi	x16,x5,-343	  x5:0xfffff443 x16=0xfffff2ec
       13095000	      1308	80000ef8	789195b7	lui	x11,0x78919	 x11=0x78919000
       13105000	      1309	80000efc	019f03b3	add	x7,x30,x25	 x30:0x80009f84 x25:0x00000000  x7=0x80009f84
       13115000	      1310	80000f00	c7aa0393	addi	x7,x20,-902	 x20:0x00000000  x7=0xfffffc7a
       13125000	      1311	80000f04	008a4fb3	xor	x31,x20,x8	 x20:0x00000000  x8:0xb9901000 x31=0xb9901000
       13135000	      1312	80000f08	003336b3	sltu	x13,x6,x3	  x6:0x5a7e0c8c  x3:0x00000000 x13=0x00000000
       13145000	      1313	80000f0c	00e79133	sll	x2,x15,x14	 x15:0x00000000 x14:0x07640001  x2=0x00000000
       13155000	      1314	80000f10	0089f833	and	x16,x19,x8	 x19:0xffffffff  x8:0xb9901000 x16=0xb9901000
       13165000	      1315	80000f14	00b9ec63	bltu	x19,x11,80000f2c	 x19:0xffffffff x11:0x78919000
       13175000	      1316	80000f18	04a5e663	bltu	x11,x10,80000f64	 x11:0x78919000 x10:0x80000000
       13185000	      1317	00000000	00000013	addi	x0,x0,0	  x0:0x00000000
       13195000	      1318	80000f60	00000013	addi	x0,x0,0	  x0:0x00000000
       13205000	      1319	80000f64	0121f233	and	x4,x3,x18	  x3:0x00000000 x18:0x000001a5  x4=0x00000000
       13215000	      1320	80000f68	017fbc33	sltu	x24,x31,x23	 x31:0xb9901000 x23:0x0000007f x24=0x00000000
       13225000	      1321	80000f6c	0252f863	bgeu	x5,x5,80000f9c	  x5:0xfffff443  x5:0xfffff443
       13235000	      1322	00000000	00000013	addi	x0,x0,0	  x0:0x00000000
       13245000	      1323	80000f98	00000013	addi	x0,x0,0	  x0:0x00000000
       13255000	      1324	80000f9c	bff8d637	lui	x12,0xbff8d	 x12=0xbff8d000
       13265000	      1325	80000fa0	0fa78a63	beq	x15,x26,80001094	 x15:0x00000000 x26:0x00000001
       13275000	      1326	80000fa4	136e2fb7	lui	x31,0x136e2	 x31=0x136e2000
       13285000	      1327	80000fa8	01781d13	slli	x26,x16,0x17	 x16:0xb9901000 x26=0x00000000
       13295000	      1328	80000fac	9b8fc493	xori	x9,x31,-1608	 x31:0x136e2000  x9=0xec91d9b8
       13305000	      1329	80000fb0	00007397	auipc	x7,0x7	  x7=0x80007fac
       13315000	      1330	80000fb4	39a38393	addi	x7,x7,922	  x7:0x80007fac  x7=0x80008346
       13325000	      1331	80000fb8	00007797	auipc	x15,0x7	 x15=0x80007fb4
       13335000	      1332	80000fbc	47a78793	addi	x15,x15,1146	 x15:0x80007fb4 x15=0x8000842e
       13345000	      1333	80000fc0	ff9780a3	sb	x25,-31(x15)	 x15:0x8000842e x25:0x00000000 PA:0x8000840f
       13355000	      1334	80000fc4	00007217	auipc	x4,0x7	  x4=0x80007fc0
       13365000	      1335	80000fc8	5a620213	addi	x4,x4,1446	  x4:0x80007fc0  x4=0x80008566
       13375000	      1336	80000fcc	d703db03	lhu	x22,-656(x7)	  x7:0x80008346 x22=0x0000b2b3 PA:0x800080b6
       13385000	      1337	80000fd0	00007897	auipc	x17,0x7	 x17=0x80007fcc
       13395000	      1338	80000fd4	47988893	addi	x17,x17,1145	 x17:0x80007fcc x17=0x80008445
       13405000	      1339	80000fd8	fc6201a3	sb	x6,-61(x4)	  x4:0x80008566  x6:0x5a7e0c8c PA:0x80008529
       13415000	      1340	80000fdc	fd678d03	lb	x26,-42(x15)	 x15:0x8000842e x26=0x00000059 PA:0x80008404
       13425000	      1341	80000fe0	01088683	lb	x13,16(x17)	 x17:0x80008445 x13=0x00000079 PA:0x80008455
       13435000	      1342	80000fe4	f3f24803	lbu	x16,-193(x4)	  x4:0x80008566 x16=0x00000073 PA:0x800084a5
       13445000	      1343	80000fe8	09720a03	lb	x20,151(x4)	  x4:0x80008566 x20=0xffffff9c PA:0x800085fd
       13455000	      1344	80000fec	fe77c803	lbu	x16,-25(x15)	 x15:0x8000842e x16=0x0000006b PA:0x80008415
       13465000	      1345	80000ff0	d463af23	sw	x6,-674(x7)	  x7:0x80008346  x6:0x5a7e0c8c PA:0x800080a4
       13475000	      1346	80000ff4	00007997	auipc	x19,0x7	 x19=0x80007ff0
       13485000	      1347	80000ff8	18b98993	addi	x19,x19,395	 x19:0x80007ff0 x19=0x8000817b
       13495000	      1348	80000ffc	011895a3	sh	x17,11(x17)	 x17:0x80008445 x17:0x80008445 PA:0x80008450
       13505000	      1349	80001000	02d24a03	lbu	x20,45(x4)	  x4:0x80008566 x20=0x00000056 PA:0x80008593
       13515000	      1350	80001004	fc7981a3	sb	x7,-61(x19)	 x19:0x8000817b  x7:0x80008346 PA:0x8000813e
       13525000	      1351	80001008	f8e9c183	lbu	x3,-114(x19)	 x19:0x8000817b  x3=0x000000e0 PA:0x80008109
       13535000	      1352	8000100c	4c638303	lb	x6,1222(x7)	  x7:0x80008346  x6=0x0000006f PA:0x8000880c
       13545000	      1353	80001010	02b7c583	lbu	x11,43(x15)	 x15:0x8000842e x11=0x000000ea PA:0x80008459
       13555000	      1354	80001014	f729ca83	lbu	x21,-142(x19)	 x19:0x8000817b x21=0x000000cd PA:0x800080ed
       13565000	      1355	80001018	ed039303	lh	x6,-304(x7)	  x7:0x80008346  x6=0x000016a6 PA:0x80008216
       13575000	      1356	8000101c	fce22b23	sw	x14,-42(x4)	  x4:0x80008566 x14:0x07640001 PA:0x8000853c
       13585000	      1357	80001020	d7238903	lb	x18,-654(x7)	  x7:0x80008346 x18=0x00000016 PA:0x800080b8
       13595000	      1358	80001024	00288083	lb	x1,2(x17)	 x17:0x80008445  x1=0x0000002a PA:0x80008447
       13605000	      1359	80001028	0cd20e03	lb	x28,205(x4)	  x4:0x80008566 x28=0xffffffbc PA:0x80008633
       13615000	      1360	8000102c	0db98683	lb	x13,219(x19)	 x19:0x8000817b x13=0x0000000f PA:0x80008256
       13625000	      1361	80001030	2c038ea3	sb	x0,733(x7)	  x7:0x80008346  x0:0x00000000 PA:0x80008623
       13635000	      1362	80001034	06798423	sb	x7,104(x19)	 x19:0x8000817b  x7:0x80008346 PA:0x800081e3
       13645000	      1363	80001038	f113c183	lbu	x3,-239(x7)	  x7:0x80008346  x3=0x0000005b PA:0x80008257
       13655000	      1364	8000103c	f7d24083	lbu	x1,-131(x4)	  x4:0x80008566  x1=0x0000009c PA:0x800084e3
       13665000	      1365	00000000	00000013	addi	x0,x0,0	  x0:0x00000000
       13675000	      1366	80001040	fc17cd03	lbu	x26,-63(x15)	 x15:0x8000842e x26=0x000000ec PA:0x800083ef
       13685000	      1367	80001044	4a63a183	lw	x3,1190(x7)	  x7:0x80008346  x3=0x35080cfe PA:0x800087ec
       13695000	      1368	80001048	0b198d03	lb	x26,177(x19)	 x19:0x8000817b x26=0x0000007b PA:0x8000822c
       13705000	      1369	8000104c	41d38c03	lb	x24,1053(x7)	  x7:0x80008346 x24=0xffffffb4 PA:0x80008763
       13715000	      1370	80001050	02f7c683	lbu	x13,47(x15)	 x15:0x8000842e x13=0x000000e7 PA:0x8000845d
       13725000	      1371	80001054	fe13cc03	lbu	x24,-31(x7)	  x7:0x80008346 x24=0x0000009c PA:0x80008327
       13735000	      1372	80001058	0008c003	lbu	x0,0(x17)	 x17:0x80008445 PA:0x80008445
       13745000	      1373	8000105c	01e7cd03	lbu	x26,30(x15)	 x15:0x8000842e x26=0x000000a1 PA:0x8000844c
       13755000	      1374	80001060	0e298603	lb	x12,226(x19)	 x19:0x8000817b x12=0x00000053 PA:0x8000825d
       13765000	      1375	80001064	fea8afa3	sw	x10,-1(x17)	 x17:0x80008445 x10:0x80000000 PA:0x80008444
       13775000	      1376	80001068	017743b3	xor	x7,x14,x23	 x14:0x07640001 x23:0x0000007f  x7=0x0764007e
       13785000	      1377	8000106c	36d2c193	xori	x3,x5,877	  x5:0xfffff443  x3=0xfffff72e
       13795000	      1378	80001070	41aadab3	sra	x21,x21,x26	 x21:0x000000cd x26:0x000000a1 x21=0x00000066
       13805000	      1379	80001074	0076dbb3	srl	x23,x13,x7	 x13:0x000000e7  x7:0x0764007e x23=0x00000000
       13815000	      1380	80001078	01534ab3	xor	x21,x6,x21	  x6:0x000016a6 x21:0x00000066 x21=0x000016c0
       13825000	      1381	8000107c	02c11a63	bne	x2,x12,800010b0	  x2:0x00000000 x12:0x00000053
       13835000	      1382	00000000	00000013	addi	x0,x0,0	  x0:0x00000000
       13845000	      1383	800010ac	00000013	addi	x0,x0,0	  x0:0x00000000
       13855000	      1384	800010b0	415e8cb3	sub	x25,x29,x21	 x29:0x86d8aeb8 x21:0x000016c0 x25=0x86d897f8
       13865000	      1385	800010b4	00155313	srli	x6,x10,0x1	 x10:0x80000000  x6=0x40000000
       13875000	      1386	800010b8	00086333	or	x6,x16,x0	 x16:0x0000006b  x0:0x00000000  x6=0x0000006b
       13885000	      1387	800010bc	001d9793	slli	x15,x27,0x1	 x27:0x80009fc4 x15=0x00013f88
       13895000	      1388	800010c0	034f6263	bltu	x30,x20,800010e4	 x30:0x80009f84 x20:0x00000056
       13905000	      1389	800010c4	04408463	beq	x1,x4,8000110c	  x1:0x0000009c  x4:0x80008566
       13915000	      1390	800010c8	00000013	addi	x0,x0,0	  x0:0x00000000
       13925000	      1391	800010cc	044f5663	bge	x30,x4,80001118	 x30:0x80009f84  x4:0x80008566
       13935000	      1392	00000000	00000013	addi	x0,x0,0	  x0:0x00000000
       13945000	      1393	80001114	00000013	addi	x0,x0,0	  x0:0x00000000
       13955000	      1394	80001118	008f8b33	add	x22,x31,x8	 x31:0x136e2000  x8:0xb9901000 x22=0xccfe3000
       13965000	      1395	8000111c	62787893	andi	x17,x16,1575	 x16:0x0000006b x17=0x00000023
       13975000	      1396	80001120	01a4dcb3	srl	x25,x9,x26	  x9:0xec91d9b8 x26:0x000000a1 x25=0x7648ecdc
       13985000	      1397	80001124	0040fc63	bgeu	x1,x4,8000113c	  x1:0x0000009c  x4:0x80008566
       13995000	      1398	80001128	58b07913	andi	x18,x0,1419	  x0:0x00000000 x18=0x00000000
       14005000	      1399	8000112c	6bfc7317	auipc	x6,0x6bfc7	  x6=0xebfc8128
       14015000	      1400	80001130	09720c13	addi	x24,x4,151	  x4:0x80008566 x24=0x800085fd
       14025000	      1401	80001134	051a7663	bgeu	x20,x17,80001180	 x20:0x00000056 x17:0x00000023
       14035000	      1402	00000000	00000013	addi	x0,x0,0	  x0:0x00000000
       14045000	      1403	8000117c	00000013	addi	x0,x0,0	  x0:0x00000000
       14055000	      1404	80001180	400cd5b3	sra	x11,x25,x0	 x25:0x7648ecdc  x0:0x00000000 x11=0x7648ecdc
       14065000	      1405	80001184	93652993	slti	x19,x10,-1738	 x10:0x80000000 x19=0x00000001
       14075000	      1406	80001188	0072ea33	or	x20,x5,x7	  x5:0xfffff443  x7:0x0764007e x20=0xfffff47f
       14085000	      1407	8000118c	01f1c6b3	xor	x13,x3,x31	  x3:0xfffff72e x31:0x136e2000 x13=0xec91d72e
       14095000	      1408	80001190	02a29c63	bne	x5,x10,800011c8	  x5:0xfffff443 x10:0x80000000
       14105000	      1409	00000000	00000013	addi	x0,x0,0	  x0:0x00000000
       14115000	      1410	800011c4	00000013	addi	x0,x0,0	  x0:0x00000000
       14125000	      1411	800011c8	008995b3	sll	x11,x19,x8	 x19:0x00000001  x8:0xb9901000 x11=0x00000001
       14135000	      1412	800011cc	0005d863	bge	x11,x0,800011dc	 x11:0x00000001  x0:0x00000000
       14145000	      1413	00000000	00000013	addi	x0,x0,0	  x0:0x00000000
       14155000	      1414	800011d8	00000013	addi	x0,x0,0	  x0:0x00000000
       14165000	      1415	800011dc	eb5d4013	xori	x0,x26,-331	 x26:0x000000a1
       14175000	      1416	800011e0	0047acb3	slt	x25,x15,x4	 x15:0x00013f88  x4:0x80008566 x25=0x00000000
       14185000	      1417	800011e4	0a4f0193	addi	x3,x30,164	 x30:0x80009f84  x3=0x8000a028
       14195000	      1418	800011e8	026c4263	blt	x24,x6,8000120c	 x24:0x800085fd  x6:0xebfc8128
       14205000	      1419	00000000	00000013	addi	x0,x0,0	  x0:0x00000000
       14215000	      1420	80001208	00000013	addi	x0,x0,0	  x0:0x00000000
       14225000	      1421	8000120c	0094d9b3	srl	x19,x9,x9	  x9:0xec91d9b8  x9:0xec91d9b8 x19=0x000000ec
       14235000	      1422	80001210	dca2a293	slti	x5,x5,-566	  x5:0xfffff443  x5=0x00000001
       14245000	      1423	80001214	f00af793	andi	x15,x21,-256	 x21:0x000016c0 x15=0x00001600
       14255000	      1424	80001218	011bb033	sltu	x0,x23,x17	 x23:0x00000000 x17:0x00000023
       14265000	      1425	8000121c	0018d863	bge	x17,x1,8000122c	 x17:0x00000023  x1:0x0000009c
       14275000	      1426	80001220	d53d2813	slti	x16,x26,-685	 x26:0x000000a1 x16=0x00000000
       14285000	      1427	80001224	00c4f733	and	x14,x9,x12	  x9:0xec91d9b8 x12:0x00000053 x14=0x00000010
       14295000	      1428	80001228	03171863	bne	x14,x17,80001258	 x14:0x00000010 x17:0x00000023
       14305000	      1429	00000000	00000013	addi	x0,x0,0	  x0:0x00000000
       14315000	      1430	80001254	00000013	addi	x0,x0,0	  x0:0x00000000
       14325000	      1431	80001258	ae780593	addi	x11,x16,-1305	 x16:0x00000000 x11=0xfffffae7
       14335000	      1432	8000125c	d5b4ef93	ori	x31,x9,-677	  x9:0xec91d9b8 x31=0xfffffdfb
       14345000	      1433	80001260	032c6e63	bltu	x24,x18,8000129c	 x24:0x800085fd x18:0x00000000
       14355000	      1434	80001264	12258813	addi	x16,x11,290	 x11:0xfffffae7 x16=0xfffffc09
       14365000	      1435	80001268	02228063	beq	x5,x2,80001288	  x5:0x00000001  x2:0x00000000
       14375000	      1436	8000126c	02590c63	beq	x18,x5,800012a4	 x18:0x00000000  x5:0x00000001
       14385000	      1437	80001270	d9c0ee13	ori	x28,x1,-612	  x1:0x0000009c x28=0xfffffd9c
       14395000	      1438	80001274	4010d2b3	sra	x5,x1,x1	  x1:0x0000009c  x1:0x0000009c  x5=0x00000000
       14405000	      1439	80001278	00915633	srl	x12,x2,x9	  x2:0x00000000  x9:0xec91d9b8 x12=0x00000000
       14415000	      1440	8000127c	41825033	sra	x0,x4,x24	  x4:0x80008566 x24:0x800085fd
       14425000	      1441	80001280	01996233	or	x4,x18,x25	 x18:0x00000000 x25:0x00000000  x4=0x00000000
       14435000	      1442	80001284	000e2a33	slt	x20,x28,x0	 x28:0xfffffd9c  x0:0x00000000 x20=0x00000001
       14445000	      1443	80001288	019b5cb3	srl	x25,x22,x25	 x22:0xccfe3000 x25:0x00000000 x25=0xccfe3000
       14455000	      1444	8000128c	a0ac8837	lui	x16,0xa0ac8	 x16=0xa0ac8000
       14465000	      1445	80001290	034d5263	bge	x26,x20,800012b4	 x26:0x000000a1 x20:0x00000001
       14475000	      1446	00000000	00000013	addi	x0,x0,0	  x0:0x00000000
       14485000	      1447	800012b0	00000013	addi	x0,x0,0	  x0:0x00000000
       14495000	      1448	800012b4	40e85e13	srai	x28,x16,0xe	 x16:0xa0ac8000 x28=0xfffe82b2
       14505000	      1449	800012b8	01449463	bne	x9,x20,800012c0	  x9:0xec91d9b8 x20:0x00000001
       14515000	      1450	00000000	00000013	addi	x0,x0,0	  x0:0x00000000
       14525000	      1451	800012bc	00000013	addi	x0,x0,0	  x0:0x00000000
       14535000	      1452	800012c0	64533f93	sltiu	x31,x6,1605	  x6:0xebfc8128 x31=0x00000000
       14545000	      1453	800012c4	03088263	beq	x17,x16,800012e8	 x17:0x00000023 x16:0xa0ac8000
       14555000	      1454	800012c8	006ad733	srl	x14,x21,x6	 x21:0x000016c0  x6:0xebfc8128 x14=0x00000016
       14565000	      1455	800012cc	02f29263	bne	x5,x15,800012f0	  x5:0x00000000 x15:0x00001600
       14575000	      1456	00000000	00000013	addi	x0,x0,0	  x0:0x00000000
       14585000	      1457	800012ec	00000013	addi	x0,x0,0	  x0:0x00000000
       14595000	      1458	800012f0	011fdb33	srl	x22,x31,x17	 x31:0x00000000 x17:0x00000023 x22=0x00000000
       14605000	      1459	800012f4	01213833	sltu	x16,x2,x18	  x2:0x00000000 x18:0x00000000 x16=0x00000000
       14615000	      1460	800012f8	02b1dc63	bge	x3,x11,80001330	  x3:0x8000a028 x11:0xfffffae7
       14625000	      1461	800012fc	00e76133	or	x2,x14,x14	 x14:0x00000016 x14:0x00000016  x2=0x00000016
       14635000	      1462	80001300	4068d813	srai	x16,x17,0x6	 x17:0x00000023 x16=0x00000000
       14645000	      1463	80001304	000e1eb3	sll	x29,x28,x0	 x28:0xfffe82b2  x0:0x00000000 x29=0xfffe82b2
       14655000	      1464	80001308	b43e3993	sltiu	x19,x28,-1213	 x28:0xfffe82b2 x19=0x00000001
       14665000	      1465	8000130c	01e31b13	slli	x22,x6,0x1e	  x6:0xebfc8128 x22=0x00000000
       14675000	      1466	80001310	0202e263	bltu	x5,x0,80001334	  x5:0x00000000  x0:0x00000000
       14685000	      1467	80001314	01e74e33	xor	x28,x14,x30	 x14:0x00000016 x30:0x80009f84 x28=0x80009f92
       14695000	      1468	80001318	0102e633	or	x12,x5,x16	  x5:0x00000000 x16:0x00000000 x12=0x00000000
       14705000	      1469	8000131c	05caf263	bgeu	x21,x28,80001360	 x21:0x000016c0 x28:0x80009f92
       14715000	      1470	80001320	00000013	addi	x0,x0,0	  x0:0x00000000
       14725000	      1471	80001324	402bdc13	srai	x24,x23,0x2	 x23:0x00000000 x24=0x00000000
       14735000	      1472	80001328	00cf5d13	srli	x26,x30,0xc	 x30:0x80009f84 x26=0x00080009
       14745000	      1473	8000132c	5b4b6993	ori	x19,x22,1460	 x22:0x00000000 x19=0x000005b4
       14755000	      1474	80001330	018b9893	slli	x17,x23,0x18	 x23:0x00000000 x17=0x00000000
       14765000	      1475	80001334	40985933	sra	x18,x16,x9	 x16:0x00000000  x9:0xec91d9b8 x18=0x00000000
       14775000	      1476	80001338	00370033	add	x0,x14,x3	 x14:0x00000016  x3:0x8000a028
       14785000	      1477	8000133c	63500193	addi	x3,x0,1589	  x0:0x00000000  x3=0x00000635
       14795000	      1478	80001340	5d524c13	xori	x24,x4,1493	  x4:0x00000000 x24=0x000005d5
       14805000	      1479	80001344	01d90733	add	x14,x18,x29	 x18:0x00000000 x29:0xfffe82b2 x14=0xfffe82b2
       14815000	      1480	80001348	39936f93	ori	x31,x6,921	  x6:0xebfc8128 x31=0xebfc83b9
       14825000	      1481	8000134c	01160863	beq	x12,x17,8000135c	 x12:0x00000000 x17:0x00000000
       14835000	      1482	00000000	00000013	addi	x0,x0,0	  x0:0x00000000
       14845000	      1483	80001358	00000013	addi	x0,x0,0	  x0:0x00000000
       14855000	      1484	8000135c	001da7b3	slt	x15,x27,x1	 x27:0x80009fc4  x1:0x0000009c x15=0x00000001
       14865000	      1485	80001360	011e77b3	and	x15,x28,x17	 x28:0x80009f92 x17:0x00000000 x15=0x00000000
       14875000	      1486	80001364	00e7d893	srli	x17,x15,0xe	 x15:0x00000000 x17=0x00000000
       14885000	      1487	80001368	80da4813	xori	x16,x20,-2035	 x20:0x00000001 x16=0xfffff80c
       14895000	      1488	8000136c	01a29393	slli	x7,x5,0x1a	  x5:0x00000000  x7=0x00000000
       14905000	      1489	80001370	40c40d33	sub	x26,x8,x12	  x8:0xb9901000 x12:0x00000000 x26=0xb9901000
       14915000	      1490	80001374	017f9813	slli	x16,x31,0x17	 x31:0xebfc83b9 x16=0xdc800000
       14925000	      1491	80001378	00f8d793	srli	x15,x17,0xf	 x17:0x00000000 x15=0x00000000
       14935000	      1492	8000137c	e20bb937	lui	x18,0xe20bb	 x18=0xe20bb000
       14945000	      1493	80001380	0045a6b3	slt	x13,x11,x4	 x11:0xfffffae7  x4:0x00000000 x13=0x00000001
       14955000	      1494	80001384	004b6463	bltu	x22,x4,8000138c	 x22:0x00000000  x4:0x00000000
       14965000	      1495	80001388	001e02b3	add	x5,x28,x1	 x28:0x80009f92  x1:0x0000009c  x5=0x8000a02e
       14975000	      1496	8000138c	28a3e593	ori	x11,x7,650	  x7:0x00000000 x11=0x0000028a
       14985000	      1497	80001390	64df18b7	lui	x17,0x64df1	 x17=0x64df1000
       14995000	      1498	80001394	418b59b3	sra	x19,x22,x24	 x22:0x00000000 x24:0x000005d5 x19=0x00000000
       15005000	      1499	80001398	4af20013	addi	x0,x4,1199	  x4:0x00000000
       15015000	      1500	8000139c	00565a93	srli	x21,x12,0x5	 x12:0x00000000 x21=0x00000000
       15025000	      1501	800013a0	00000013	addi	x0,x0,0	  x0:0x00000000
       15035000	      1502	800013a4	031a0263	beq	x20,x17,800013c8	 x20:0x00000001 x17:0x64df1000
       15045000	      1503	800013a8	007c8e33	add	x28,x25,x7	 x25:0xccfe3000  x7:0x00000000 x28=0xccfe3000
       15055000	      1504	800013ac	0f2a8593	addi	x11,x21,242	 x21:0x00000000 x11=0x000000f2
       15065000	      1505	800013b0	00a1d793	srli	x15,x3,0xa	  x3:0x00000635 x15=0x00000001
       15075000	      1506	800013b4	017a3bb3	sltu	x23,x20,x23	 x20:0x00000001 x23:0x00000000 x23=0x00000000
       15085000	      1507	800013b8	00511263	bne	x2,x5,800013bc	  x2:0x00000016  x5:0x8000a02e
       15095000	      1508	00000000	00000013	addi	x0,x0,0	  x0:0x00000000
       15105000	      1509	800013b8	00000013	addi	x0,x0,0	  x0:0x00000000
       15115000	      1510	800013bc	9c0ef097	auipc	x1,0x9c0ef	  x1=0x1c0f03b8
       15125000	      1511	800013c0	3d333293	sltiu	x5,x6,979	  x6:0xebfc8128  x5=0x00000000
       15135000	      1512	800013c4	015116b3	sll	x13,x2,x21	  x2:0x00000016 x21:0x00000000 x13=0x00000016
       15145000	      1513	800013c8	6812e813	ori	x16,x5,1665	  x5:0x00000000 x16=0x00000681
       15155000	      1514	800013cc	5fa82697	auipc	x13,0x5fa82	 x13=0xdfa833c8
       15165000	      1515	800013d0	00bbfd33	and	x26,x23,x11	 x23:0x00000000 x11:0x000000f2 x26=0x00000000
       15175000	      1516	800013d4	018b0863	beq	x22,x24,800013e4	 x22:0x00000000 x24:0x000005d5
       15185000	      1517	800013d8	4147d733	sra	x14,x15,x20	 x15:0x00000001 x20:0x00000001 x14=0x00000000
       15195000	      1518	800013dc	00d0a433	slt	x8,x1,x13	  x1:0x1c0f03b8 x13:0xdfa833c8  x8=0x00000000
       15205000	      1519	800013e0	7e7c6d13	ori	x26,x24,2023	 x24:0x000005d5 x26=0x000007f7
       15215000	      1520	800013e4	89a3b493	sltiu	x9,x7,-1894	  x7:0x00000000  x9=0x00000001
       15225000	      1521	800013e8	002103b3	add	x7,x2,x2	  x2:0x00000016  x2:0x00000016  x7=0x0000002c
       15235000	      1522	800013ec	0a166313	ori	x6,x12,161	 x12:0x00000000  x6=0x000000a1
       15245000	      1523	800013f0	007083b3	add	x7,x1,x7	  x1:0x1c0f03b8  x7:0x0000002c  x7=0x1c0f03e4
       15255000	      1524	800013f4	01454463	blt	x10,x20,800013fc	 x10:0x80000000 x20:0x00000001
       15265000	      1525	00000000	00000013	addi	x0,x0,0	  x0:0x00000000
       15275000	      1526	800013f8	00000013	addi	x0,x0,0	  x0:0x00000000
       15285000	      1527	800013fc	03ec0c63	beq	x24,x30,80001434	 x24:0x000005d5 x30:0x80009f84
       15295000	      1528	80001400	00d1d6b3	srl	x13,x3,x13	  x3:0x00000635 x13:0xdfa833c8 x13=0x00000006
       15305000	      1529	80001404	00ff0933	add	x18,x30,x15	 x30:0x80009f84 x15:0x00000001 x18=0x80009f85
       15315000	      1530	80001408	017ef6b3	and	x13,x29,x23	 x29:0xfffe82b2 x23:0x00000000 x13=0x00000000
       15325000	      1531	8000140c	0056c8b3	xor	x17,x13,x5	 x13:0x00000000  x5:0x00000000 x17=0x00000000
       15335000	      1532	80001410	40915813	srai	x16,x2,0x9	  x2:0x00000016 x16=0x00000000
       15345000	      1533	80001414	00a4afb3	slt	x31,x9,x10	  x9:0x00000001 x10:0x80000000 x31=0x00000000
       15355000	      1534	80001418	41a8d833	sra	x16,x17,x26	 x17:0x00000000 x26:0x000007f7 x16=0x00000000
       15365000	      1535	8000141c	b1062593	slti	x11,x12,-1264	 x12:0x00000000 x11=0x00000000
       15375000	      1536	80001420	0046bcb3	sltu	x25,x13,x4	 x13:0x00000000  x4:0x00000000 x25=0x00000000
       15385000	      1537	80001424	0184bab3	sltu	x21,x9,x24	  x9:0x00000001 x24:0x000005d5 x21=0x00000001
       15395000	      1538	80001428	89108013	addi	x0,x1,-1903	  x1:0x1c0f03b8
       15405000	      1539	8000142c	00000013	addi	x0,x0,0	  x0:0x00000000
       15415000	      1540	80001430	409e00b3	sub	x1,x28,x9	 x28:0xccfe3000  x9:0x00000001  x1=0xccfe2fff
       15425000	      1541	80001434	1d640797	auipc	x15,0x1d640	 x15=0x9d641430
       15435000	      1542	80001438	01f9f733	and	x14,x19,x31	 x19:0x00000000 x31:0x00000000 x14=0x00000000
       15445000	      1543	8000143c	028e6a63	bltu	x28,x8,80001470	 x28:0xccfe3000  x8:0x00000000
       15455000	      1544	80001440	0be50263	beq	x10,x30,800014e4	 x10:0x80000000 x30:0x80009f84
       15465000	      1545	80001444	009f02b3	add	x5,x30,x9	 x30:0x80009f84  x9:0x00000001  x5=0x80009f85
       15475000	      1546	80001448	094b1c63	bne	x22,x20,800014e0	 x22:0x00000000 x20:0x00000001
       15485000	      1547	00000000	00000013	addi	x0,x0,0	  x0:0x00000000
       15495000	      1548	800014dc	00000013	addi	x0,x0,0	  x0:0x00000000
       15505000	      1549	800014e0	01b19813	slli	x16,x3,0x1b	  x3:0x00000635 x16=0xa8000000
       15515000	      1550	800014e4	03989263	bne	x17,x25,80001508	 x17:0x00000000 x25:0x00000000
       15525000	      1551	800014e8	01c83d33	sltu	x26,x16,x28	 x16:0xa8000000 x28:0xccfe3000 x26=0x00000001
       15535000	      1552	800014ec	414600b3	sub	x1,x12,x20	 x12:0x00000000 x20:0x00000001  x1=0xffffffff
       15545000	      1553	800014f0	411ed833	sra	x16,x29,x17	 x29:0xfffe82b2 x17:0x00000000 x16=0xfffe82b2
       15555000	      1554	800014f4	487c3b93	sltiu	x23,x24,1159	 x24:0x000005d5 x23=0x00000000
       15565000	      1555	800014f8	00a59113	slli	x2,x11,0xa	 x11:0x00000000  x2=0x00000000
       15575000	      1556	800014fc	01e80333	add	x6,x16,x30	 x16:0xfffe82b2 x30:0x80009f84  x6=0x7fff2236
       15585000	      1557	80001500	00000013	addi	x0,x0,0	  x0:0x00000000
       15595000	      1558	80001504	04799263	bne	x19,x7,80001548	 x19:0x00000000  x7:0x1c0f03e4
       15605000	      1559	00000000	00000013	addi	x0,x0,0	  x0:0x00000000
       15615000	      1560	80001544	00000013	addi	x0,x0,0	  x0:0x00000000
       15625000	      1561	80001548	0b0fee63	bltu	x31,x16,80001604	 x31:0x00000000 x16:0xfffe82b2
       15635000	      1562	00000000	00000013	addi	x0,x0,0	  x0:0x00000000
       15645000	      1563	80001600	00000013	addi	x0,x0,0	  x0:0x00000000
       15655000	      1564	80001604	40705c93	srai	x25,x0,0x7	  x0:0x00000000 x25=0x00000000
       15665000	      1565	80001608	01fc06b3	add	x13,x24,x31	 x24:0x000005d5 x31:0x00000000 x13=0x000005d5
       15675000	      1566	8000160c	40a45c33	sra	x24,x8,x10	  x8:0x00000000 x10:0x80000000 x24=0x00000000
       15685000	      1567	80001610	470cb593	sltiu	x11,x25,1136	 x25:0x00000000 x11=0x00000001
       15695000	      1568	80001614	0008da93	srli	x21,x17,0x0	 x17:0x00000000 x21=0x00000000
       15705000	      1569	80001618	016a1293	slli	x5,x20,0x16	 x20:0x00000001  x5=0x00400000
       15715000	      1570	8000161c	01c2efb3	or	x31,x5,x28	  x5:0x00400000 x28:0xccfe3000 x31=0xccfe3000
       15725000	      1571	80001620	01fa6263	bltu	x20,x31,80001624	 x20:0x00000001 x31:0xccfe3000
       15735000	      1572	00000000	00000013	addi	x0,x0,0	  x0:0x00000000
       15745000	      1573	80001620	00000013	addi	x0,x0,0	  x0:0x00000000
       15755000	      1574	80001624	02cdc063	blt	x27,x12,80001644	 x27:0x80009fc4 x12:0x00000000
       15765000	      1575	00000000	00000013	addi	x0,x0,0	  x0:0x00000000
       15775000	      1576	80001640	00000013	addi	x0,x0,0	  x0:0x00000000
       15785000	      1577	80001644	81a83a13	sltiu	x20,x16,-2022	 x16:0xfffe82b2 x20=0x00000001
       15795000	      1578	80001648	02736e63	bltu	x6,x7,80001684	  x6:0x7fff2236  x7:0x1c0f03e4
       15805000	      1579	8000164c	01f0f033	and	x0,x1,x31	  x1:0xffffffff x31:0xccfe3000
       15815000	      1580	80001650	00f6f8b3	and	x17,x13,x15	 x13:0x000005d5 x15:0x9d641430 x17=0x00000410
       15825000	      1581	80001654	00e659b3	srl	x19,x12,x14	 x12:0x00000000 x14:0x00000000 x19=0x00000000
       15835000	      1582	80001658	b5b7b217	auipc	x4,0xb5b7b	  x4=0x35b7c654
       15845000	      1583	8000165c	4af1d697	auipc	x13,0x4af1d	 x13=0xcaf1e658
       15855000	      1584	80001660	416c5193	srai	x3,x24,0x16	 x24:0x00000000  x3=0x00000000
       15865000	      1585	80001664	01751e93	slli	x29,x10,0x17	 x10:0x80000000 x29=0x00000000
       15875000	      1586	80001668	e8980197	auipc	x3,0xe8980	  x3=0x68981664
       15885000	      1587	8000166c	0222c263	blt	x5,x2,80001690	  x5:0x00400000  x2:0x00000000
       15895000	      1588	80001670	d4b9c113	xori	x2,x19,-693	 x19:0x00000000  x2=0xfffffd4b
       15905000	      1589	80001674	017a5e63	bge	x20,x23,80001690	 x20:0x00000001 x23:0x00000000
       15915000	      1590	00000000	00000013	addi	x0,x0,0	  x0:0x00000000
       15925000	      1591	8000168c	00000013	addi	x0,x0,0	  x0:0x00000000
       15935000	      1592	80001690	022cf263	bgeu	x25,x2,800016b4	 x25:0x00000000  x2:0xfffffd4b
       15945000	      1593	80001694	02211863	bne	x2,x2,800016c4	  x2:0xfffffd4b  x2:0xfffffd4b
       15955000	      1594	80001698	0026d693	srli	x13,x13,0x2	 x13:0xcaf1e658 x13=0x32bc7996
       15965000	      1595	8000169c	01b21c63	bne	x4,x27,800016b4	  x4:0x35b7c654 x27:0x80009fc4
       15975000	      1596	00000000	00000013	addi	x0,x0,0	  x0:0x00000000
       15985000	      1597	800016b0	00000013	addi	x0,x0,0	  x0:0x00000000
       15995000	      1598	800016b4	128c9797	auipc	x15,0x128c9	 x15=0x928ca6b0
       16005000	      1599	800016b8	01be2633	slt	x12,x28,x27	 x28:0xccfe3000 x27:0x80009fc4 x12=0x00000000
       16015000	      1600	800016bc	0014f263	bgeu	x9,x1,800016c0	  x9:0x00000001  x1:0xffffffff
       16025000	      1601	800016c0	012c9bb3	sll	x23,x25,x18	 x25:0x00000000 x18:0x80009f85 x23=0x00000000
       16035000	      1602	800016c4	41dfda33	sra	x20,x31,x29	 x31:0xccfe3000 x29:0x00000000 x20=0xccfe3000
       16045000	      1603	800016c8	01e22933	slt	x18,x4,x30	  x4:0x35b7c654 x30:0x80009f84 x18=0x00000000
       16055000	      1604	800016cc	02b67263	bgeu	x12,x11,800016f0	 x12:0x00000000 x11:0x00000001
       16065000	      1605	800016d0	8e528213	addi	x4,x5,-1819	  x5:0x00400000  x4=0x003ff8e5
       16075000	      1606	800016d4	0398e263	bltu	x17,x25,800016f8	 x17:0x00000410 x25:0x00000000
       16085000	      1607	800016d8	00b42233	slt	x4,x8,x11	  x8:0x00000000 x11:0x00000001  x4=0x00000001
       16095000	      1608	800016dc	01223833	sltu	x16,x4,x18	  x4:0x00000001 x18:0x00000000 x16=0x00000000
       16105000	      1609	800016e0	d00fc713	xori	x14,x31,-768	 x31:0xccfe3000 x14=0x3301cd00
       16115000	      1610	800016e4	00b4fa33	and	x20,x9,x11	  x9:0x00000001 x11:0x00000001 x20=0x00000001
       16125000	      1611	800016e8	4faf0813	addi	x16,x30,1274	 x30:0x80009f84 x16=0x8000a47e
       16135000	      1612	800016ec	f17f4c93	xori	x25,x30,-233	 x30:0x80009f84 x25=0x7fff6093
       16145000	      1613	800016f0	01d60c33	add	x24,x12,x29	 x12:0x00000000 x29:0x00000000 x24=0x00000000
       16155000	      1614	800016f4	41b751b3	sra	x3,x14,x27	 x14:0x3301cd00 x27:0x80009fc4  x3=0x03301cd0
       16165000	      1615	800016f8	eb023193	sltiu	x3,x4,-336	  x4:0x00000001  x3=0x00000001
       16175000	      1616	800016fc	4038d293	srai	x5,x17,0x3	 x17:0x00000410  x5=0x00000082
       16185000	      1617	80001700	090e0293	addi	x5,x28,144	 x28:0xccfe3000  x5=0xccfe3090
       16195000	      1618	80001704	00000013	addi	x0,x0,0	  x0:0x00000000
       16205000	      1619	80001708	01415ab3	srl	x21,x2,x20	  x2:0xfffffd4b x20:0x00000001 x21=0x7ffffea5
       16215000	      1620	8000170c	00881eb3	sll	x29,x16,x8	 x16:0x8000a47e  x8:0x00000000 x29=0x8000a47e
       16225000	      1621	80001710	01859933	sll	x18,x11,x24	 x11:0x00000001 x24:0x00000000 x18=0x00000001
       16235000	      1622	80001714	01136b33	or	x22,x6,x17	  x6:0x7fff2236 x17:0x00000410 x22=0x7fff2636
       16245000	      1623	80001718	b71dcd13	xori	x26,x27,-1167	 x27:0x80009fc4 x26=0x7fff64b5
       16255000	      1624	8000171c	004d9263	bne	x27,x4,80001720	 x27:0x80009fc4  x4:0x00000001
       16265000	      1625	00000000	00000013	addi	x0,x0,0	  x0:0x00000000
       16275000	      1626	8000171c	00000013	addi	x0,x0,0	  x0:0x00000000
       16285000	      1627	80001720	008df733	and	x14,x27,x8	 x27:0x80009fc4  x8:0x00000000 x14=0x00000000
       16295000	      1628	80001724	27083893	sltiu	x17,x16,624	 x16:0x8000a47e x17=0x00000000
       16305000	      1629	80001728	41f1deb3	sra	x29,x3,x31	  x3:0x00000001 x31:0xccfe3000 x29=0x00000001
       16315000	      1630	8000172c	41b95e93	srai	x29,x18,0x1b	 x18:0x00000001 x29=0x00000000
       16325000	      1631	80001730	ecfd8e93	addi	x29,x27,-305	 x27:0x80009fc4 x29=0x80009e93
       16335000	      1632	80001734	03b76e63	bltu	x14,x27,80001770	 x14:0x00000000 x27:0x80009fc4
       16345000	      1633	00000000	00000013	addi	x0,x0,0	  x0:0x00000000
       16355000	      1634	8000176c	00000013	addi	x0,x0,0	  x0:0x00000000
       16365000	      1635	80001770	016a0e63	beq	x20,x22,8000178c	 x20:0x00000001 x22:0x7fff2636
       16375000	      1636	80001774	0bf3e817	auipc	x16,0xbf3e	 x16=0x8bf3f770
       16385000	      1637	80001778	00110b33	add	x22,x2,x1	  x2:0xfffffd4b  x1:0xffffffff x22=0xfffffd4a
       16395000	      1638	8000177c	416c8633	sub	x12,x25,x22	 x25:0x7fff6093 x22:0xfffffd4a x12=0x7fff6349
       16405000	      1639	80001780	028a6863	bltu	x20,x8,800017b0	 x20:0x00000001  x8:0x00000000
       16415000	      1640	80001784	03b6ee63	bltu	x13,x27,800017c0	 x13:0x32bc7996 x27:0x80009fc4
       16425000	      1641	00000000	00000013	addi	x0,x0,0	  x0:0x00000000
       16435000	      1642	800017bc	00000013	addi	x0,x0,0	  x0:0x00000000
       16445000	      1643	800017c0	005bc6b3	xor	x13,x23,x5	 x23:0x00000000  x5:0xccfe3090 x13=0xccfe3090
       16455000	      1644	800017c4	4fa23e13	sltiu	x28,x4,1274	  x4:0x00000001 x28=0x00000001
       16465000	      1645	800017c8	0181cc63	blt	x3,x24,800017e0	  x3:0x00000001 x24:0x00000000
       16475000	      1646	800017cc	67c7ab13	slti	x22,x15,1660	 x15:0x928ca6b0 x22=0x00000001
       16485000	      1647	800017d0	00750863	beq	x10,x7,800017e0	 x10:0x80000000  x7:0x1c0f03e4
       16495000	      1648	800017d4	01131663	bne	x6,x17,800017e0	  x6:0x7fff2236 x17:0x00000000
       16505000	      1649	00000000	00000013	addi	x0,x0,0	  x0:0x00000000
       16515000	      1650	800017dc	00000013	addi	x0,x0,0	  x0:0x00000000
       16525000	      1651	800017e0	01259493	slli	x9,x11,0x12	 x11:0x00000001  x9=0x00040000
       16535000	      1652	800017e4	00000517	auipc	x10,0x0	 x10=0x800017e0
       16545000	      1653	800017e8	00c50513	addi	x10,x10,12	 x10:0x800017e0 x10=0x800017ec
       16555000	      1654	800017ec	00050067	jalr	x0,x10,0	 x10:0x800017ec
       16565000	      1655	00000000	00000013	addi	x0,x0,0	  x0:0x00000000
       16575000	      1656	800017ec	00000013	addi	x0,x0,0	  x0:0x00000000
       16585000	      1657	800017f0	00100193	addi	x3,x0,1	  x0:0x00000000  x3=0x00000001
       16595000	      1658	800017f4	00000073	ecall	
       16605000	      1659	800017f8	cf93b293	sltiu	x5,x7,-775	  x7:0x1c0f03e4  x5=0x00000001
