		Time			Cycle	PC		Insn	Decoded instruction	Register and memory contents
          65000	         5	80000004	00000293	addi	x5,x0,0	  x0:0x00000000  x5=0x00000000
          75000	         6	80000008	00000313	addi	x6,x0,0	  x0:0x00000000  x6=0x00000000
          85000	         7	8000000c	00628263	beq	x5,x6,80000010	  x5:0x00000000  x6:0x00000000
          95000	         8	00000000	00000013	addi	x0,x0,0	  x0:0x00000000
         105000	         9	8000000c	00000013	addi	x0,x0,0	  x0:0x00000000
         115000	        10	80000010	00000d17	auipc	x26,0x0	 x26=0x8000000c
         125000	        11	80000014	00cd0d13	addi	x26,x26,12	 x26:0x8000000c x26=0x80000018
         135000	        12	80000018	000d0067	jalr	x0,x26,0	 x26:0x80000018
         145000	        13	00000000	00000013	addi	x0,x0,0	  x0:0x00000000
         155000	        14	80000018	00000013	addi	x0,x0,0	  x0:0x00000000
         165000	        15	8000001c	40000fb7	lui	x31,0x40000	 x31=0x40000000
         175000	        16	80000020	100f8f93	addi	x31,x31,256	 x31:0x40000000 x31=0x40000100
         185000	        17	80000024	00000013	addi	x0,x0,0	  x0:0x00000000
         195000	        18	80000028	0000a917	auipc	x18,0xa	 x18=0x8000a024
         205000	        19	8000002c	fa090913	addi	x18,x18,-96	 x18:0x8000a024 x18=0x80009fc4
         215000	        20	80000030	00003f97	auipc	x31,0x3	 x31=0x8000302c
         225000	        21	80000034	a74f8f93	addi	x31,x31,-1420	 x31:0x8000302c x31=0x80002aa0
         235000	        22	80000038	001fef93	ori	x31,x31,1	 x31:0x80002aa0 x31=0x80002aa1
         245000	        23	8000003c	00000013	addi	x0,x0,0	  x0:0x00000000
         255000	        24	80000040	00000f97	auipc	x31,0x0	 x31=0x8000003c
         265000	        25	80000044	020f8f93	addi	x31,x31,32	 x31:0x8000003c x31=0x8000005c
         275000	        26	80000048	00000013	addi	x0,x0,0	  x0:0x00000000
         285000	        27	8000004c	00000013	addi	x0,x0,0	  x0:0x00000000
         295000	        28	80000050	00002fb7	lui	x31,0x2	 x31=0x00002000
         305000	        29	80000054	800f8f93	addi	x31,x31,-2048	 x31:0x00002000 x31=0x00001800
         315000	        30	80000058	00000013	addi	x0,x0,0	  x0:0x00000000
         325000	        31	8000005c	00000013	addi	x0,x0,0	  x0:0x00000000
         335000	        32	80000060	f9f6d037	lui	x0,0xf9f6d	
         345000	        33	80000064	03400013	addi	x0,x0,52	  x0:0x00000000
         355000	        34	80000068	00000093	addi	x1,x0,0	  x0:0x00000000  x1=0x00000000
         365000	        35	8000006c	00000193	addi	x3,x0,0	  x0:0x00000000  x3=0x00000000
         375000	        36	80000070	80000237	lui	x4,0x80000	  x4=0x80000000
         385000	        37	80000074	0726a2b7	lui	x5,0x726a	  x5=0x0726a000
         395000	        38	80000078	74a28293	addi	x5,x5,1866	  x5:0x0726a000  x5=0x0726a74a
         405000	        39	8000007c	4fddf337	lui	x6,0x4fddf	  x6=0x4fddf000
         415000	        40	80000080	f6330313	addi	x6,x6,-157	  x6:0x4fddf000  x6=0x4fddef63
         425000	        41	80000084	800003b7	lui	x7,0x80000	  x7=0x80000000
         435000	        42	80000088	00000413	addi	x8,x0,0	  x0:0x00000000  x8=0x00000000
         445000	        43	8000008c	00600493	addi	x9,x0,6	  x0:0x00000000  x9=0x00000006
         455000	        44	80000090	00000513	addi	x10,x0,0	  x0:0x00000000 x10=0x00000000
         465000	        45	80000094	00000593	addi	x11,x0,0	  x0:0x00000000 x11=0x00000000
         475000	        46	80000098	80000637	lui	x12,0x80000	 x12=0x80000000
         485000	        47	8000009c	800006b7	lui	x13,0x80000	 x13=0x80000000
         495000	        48	800000a0	4adc8737	lui	x14,0x4adc8	 x14=0x4adc8000
         505000	        49	800000a4	51370713	addi	x14,x14,1299	 x14:0x4adc8000 x14=0x4adc8513
         515000	        50	800000a8	00000793	addi	x15,x0,0	  x0:0x00000000 x15=0x00000000
         525000	        51	800000ac	80000837	lui	x16,0x80000	 x16=0x80000000
         535000	        52	800000b0	800008b7	lui	x17,0x80000	 x17=0x80000000
         545000	        53	800000b4	800009b7	lui	x19,0x80000	 x19=0x80000000
         555000	        54	800000b8	00000a13	addi	x20,x0,0	  x0:0x00000000 x20=0x00000000
         565000	        55	800000bc	00000a93	addi	x21,x0,0	  x0:0x00000000 x21=0x00000000
         575000	        56	800000c0	fa21eb37	lui	x22,0xfa21e	 x22=0xfa21e000
         585000	        57	800000c4	141b0b13	addi	x22,x22,321	 x22:0xfa21e000 x22=0xfa21e141
         595000	        58	800000c8	f33cbbb7	lui	x23,0xf33cb	 x23=0xf33cb000
         605000	        59	800000cc	effb8b93	addi	x23,x23,-257	 x23:0xf33cb000 x23=0xf33caeff
         615000	        60	800000d0	e5904c37	lui	x24,0xe5904	 x24=0xe5904000
         625000	        61	800000d4	8aec0c13	addi	x24,x24,-1874	 x24:0xe5904000 x24=0xe59038ae
         635000	        62	800000d8	00f00c93	addi	x25,x0,15	  x0:0x00000000 x25=0x0000000f
         645000	        63	800000dc	fd34bd37	lui	x26,0xfd34b	 x26=0xfd34b000
         655000	        64	800000e0	927d0d13	addi	x26,x26,-1753	 x26:0xfd34b000 x26=0xfd34a927
         665000	        65	800000e4	00900d93	addi	x27,x0,9	  x0:0x00000000 x27=0x00000009
         675000	        66	800000e8	00000e13	addi	x28,x0,0	  x0:0x00000000 x28=0x00000000
         685000	        67	800000ec	ada54eb7	lui	x29,0xada54	 x29=0xada54000
         695000	        68	800000f0	576e8e93	addi	x29,x29,1398	 x29:0xada54000 x29=0xada54576
         705000	        69	800000f4	0bba5f37	lui	x30,0xbba5	 x30=0x0bba5000
         715000	        70	800000f8	61cf0f13	addi	x30,x30,1564	 x30:0x0bba5000 x30=0x0bba561c
         725000	        71	800000fc	88e74fb7	lui	x31,0x88e74	 x31=0x88e74000
         735000	        72	80000100	efef8f93	addi	x31,x31,-258	 x31:0x88e74000 x31=0x88e73efe
         745000	        73	80000104	0000a117	auipc	x2,0xa	  x2=0x8000a100
         755000	        74	80000108	e8410113	addi	x2,x2,-380	  x2:0x8000a100  x2=0x80009f84
         765000	        75	8000010c	00839213	slli	x4,x7,0x8	  x7:0x80000000  x4=0x00000000
         775000	        76	80000110	a7203a93	sltiu	x21,x0,-1422	  x0:0x00000000 x21=0x00000001
         785000	        77	80000114	00000417	auipc	x8,0x0	  x8=0x80000110
         795000	        78	80000118	2a440413	addi	x8,x8,676	  x8:0x80000110  x8=0x800003b4
         805000	        79	8000011c	f6140413	addi	x8,x8,-159	  x8:0x800003b4  x8=0x80000315
         815000	        80	80000120	1fce7793	andi	x15,x28,508	 x28:0x00000000 x15=0x00000000
         825000	        81	80000124	018b6eb3	or	x29,x22,x24	 x22:0xfa21e141 x24:0xe59038ae x29=0xffb1f9ef
         835000	        82	80000128	000c1bb3	sll	x23,x24,x0	 x24:0xe59038ae  x0:0x00000000 x23=0xe59038ae
         845000	        83	8000012c	004a7463	bgeu	x20,x4,80000134	 x20:0x00000000  x4:0x00000000
         855000	        84	00000000	00000013	addi	x0,x0,0	  x0:0x00000000
         865000	        85	80000130	00000013	addi	x0,x0,0	  x0:0x00000000
         875000	        86	80000134	09f400e7	jalr	x1,x8,159	  x8:0x80000315  x1=0x80000134
         885000	        87	00000000	00000013	addi	x0,x0,0	  x0:0x00000000
         895000	        88	800003b4	00000013	addi	x0,x0,0	  x0:0x00000000
         905000	        89	800003b8	415e0c33	sub	x24,x28,x21	 x28:0x00000000 x21:0x00000001 x24=0xffffffff
         915000	        90	800003bc	fe010113	addi	x2,x2,-32	  x2:0x80009f84  x2=0x80009f64
         925000	        91	800003c0	00b9ecb3	or	x25,x19,x11	 x19:0x80000000 x11:0x00000000 x25=0x80000000
         935000	        92	800003c4	00112223	sw	x1,4(x2)	  x2:0x80009f64  x1:0x80000134 PA:0x80009f68
         945000	        93	800003c8	6076a893	slti	x17,x13,1543	 x13:0x80000000 x17=0x00000001
         955000	        94	800003cc	00008f97	auipc	x31,0x8	 x31=0x800083c8
         965000	        95	800003d0	d6ff8f93	addi	x31,x31,-657	 x31:0x800083c8 x31=0x80008137
         975000	        96	800003d4	00008497	auipc	x9,0x8	  x9=0x800083d0
         985000	        97	800003d8	eb948493	addi	x9,x9,-327	  x9:0x800083d0  x9=0x80008289
         995000	        98	800003dc	013f9ba3	sh	x19,23(x31)	 x31:0x80008137 x19:0x80000000 PA:0x8000814e
        1005000	        99	800003e0	0d4f8f23	sb	x20,222(x31)	 x31:0x80008137 x20:0x00000000 PA:0x80008215
        1015000	       100	800003e4	00008f17	auipc	x30,0x8	 x30=0x800083e0
        1025000	       101	800003e8	efaf0f13	addi	x30,x30,-262	 x30:0x800083e0 x30=0x800082da
        1035000	       102	800003ec	00008297	auipc	x5,0x8	  x5=0x800083e8
        1045000	       103	800003f0	e3d28293	addi	x5,x5,-451	  x5:0x800083e8  x5=0x80008225
        1055000	       104	800003f4	fdafaca3	sw	x26,-39(x31)	 x31:0x80008137 x26:0xfd34a927 PA:0x80008110
        1065000	       105	800003f8	2db4a983	lw	x19,731(x9)	  x9:0x80008289 x19=0x1c1d1e1f PA:0x80008564
        1075000	       106	800003fc	fc3f4983	lbu	x19,-61(x30)	 x30:0x800082da x19=0x00000056 PA:0x8000829d
        1085000	       107	80000400	f5afc383	lbu	x7,-166(x31)	 x31:0x80008137  x7=0x0000004a PA:0x80008091
        1095000	       108	80000404	2c94a3a3	sw	x9,711(x9)	  x9:0x80008289  x9:0x80008289 PA:0x80008550
        1105000	       109	80000408	008f1e03	lh	x28,8(x30)	 x30:0x800082da x28=0xffff9899 PA:0x800082e2
        1115000	       110	8000040c	f8a28aa3	sb	x10,-107(x5)	  x5:0x80008225 x10:0x00000000 PA:0x800081ba
        1125000	       111	80000410	fc4f0523	sb	x4,-54(x30)	 x30:0x800082da  x4:0x00000000 PA:0x800082a4
        1135000	       112	80000414	1e028383	lb	x7,480(x5)	  x5:0x80008225  x7=0xffffffbe PA:0x80008405
        1145000	       113	80000418	fd9f0da3	sb	x25,-37(x30)	 x30:0x800082da x25:0x80000000 PA:0x800082b5
        1155000	       114	8000041c	e3e4c383	lbu	x7,-450(x9)	  x9:0x80008289  x7=0x0000007c PA:0x800080c7
        1165000	       115	80000420	1c0282a3	sb	x0,453(x5)	  x5:0x80008225  x0:0x00000000 PA:0x800083ea
        1175000	       116	80000424	01cf2523	sw	x28,10(x30)	 x30:0x800082da x28:0xffff9899 PA:0x800082e4
        1185000	       117	80000428	029f4703	lbu	x14,41(x30)	 x30:0x800082da x14=0x000000b8 PA:0x80008303
        1195000	       118	8000042c	f2ff8723	sb	x15,-210(x31)	 x31:0x80008137 x15:0x00000000 PA:0x80008065
        1205000	       119	80000430	e254d803	lhu	x16,-475(x9)	  x9:0x80008289 x16=0x00006465 PA:0x800080ae
        1215000	       120	80000434	0fe2c783	lbu	x15,254(x5)	  x5:0x80008225 x15=0x000000d8 PA:0x80008323
        1225000	       121	80000438	1a228623	sb	x2,428(x5)	  x5:0x80008225  x2:0x80009f64 PA:0x800083d1
        1235000	       122	8000043c	f90f89a3	sb	x16,-109(x31)	 x31:0x80008137 x16:0x00006465 PA:0x800080ca
        1245000	       123	80000440	10f28783	lb	x15,271(x5)	  x5:0x80008225 x15=0xffffffef PA:0x80008334
        1255000	       124	00000000	00000013	addi	x0,x0,0	  x0:0x00000000
        1265000	       125	80000444	fcff0203	lb	x4,-49(x30)	 x30:0x800082da  x4=0x00000062 PA:0x800082a9
        1275000	       126	80000448	0cdfd003	lhu	x0,205(x31)	 x31:0x80008137 PA:0x80008204
        1285000	       127	8000044c	22e4c883	lbu	x17,558(x9)	  x9:0x80008289 x17=0x0000006c PA:0x800084b7
        1295000	       128	80000450	06efc383	lbu	x7,110(x31)	 x31:0x80008137  x7=0x0000005e PA:0x800081a5
        1305000	       129	80000454	f4cf8983	lb	x19,-180(x31)	 x31:0x80008137 x19=0x00000038 PA:0x80008083
        1315000	       130	80000458	3892db83	lhu	x23,905(x5)	  x5:0x80008225 x23=0x00006465 PA:0x800085ae
        1325000	       131	8000045c	f81490a3	sh	x1,-127(x9)	  x9:0x80008289  x1:0x80000134 PA:0x8000820a
        1335000	       132	80000460	ff2f1023	sh	x18,-32(x30)	 x30:0x800082da x18:0x80009fc4 PA:0x800082ba
        1345000	       133	80000464	00008497	auipc	x9,0x8	  x9=0x80008460
        1355000	       134	80000468	46448493	addi	x9,x9,1124	  x9:0x80008460  x9=0x800088c4
        1365000	       135	8000046c	f8648aa3	sb	x6,-107(x9)	  x9:0x800088c4  x6:0x4fddef63 PA:0x80008859
        1375000	       136	80000470	f9548583	lb	x11,-107(x9)	  x9:0x800088c4 x11=0x00000063 PA:0x80008859
        1385000	       137	80000474	f954c383	lbu	x7,-107(x9)	  x9:0x800088c4  x7=0x00000063 PA:0x80008859
        1395000	       138	80000478	f8e48aa3	sb	x14,-107(x9)	  x9:0x800088c4 x14:0x000000b8 PA:0x80008859
        1405000	       139	8000047c	41305893	srai	x17,x0,0x13	  x0:0x00000000 x17=0x00000000
        1415000	       140	80000480	014c2433	slt	x8,x24,x20	 x24:0xffffffff x20:0x00000000  x8=0x00000001
        1425000	       141	80000484	f954cb03	lbu	x22,-107(x9)	  x9:0x800088c4 x22=0x000000b8 PA:0x80008859
        1435000	       142	80000488	f9548503	lb	x10,-107(x9)	  x9:0x800088c4 x10=0xffffffb8 PA:0x80008859
        1445000	       143	8000048c	f9548783	lb	x15,-107(x9)	  x9:0x800088c4 x15=0xffffffb8 PA:0x80008859
        1455000	       144	80000490	f9548783	lb	x15,-107(x9)	  x9:0x800088c4 x15=0xffffffb8 PA:0x80008859
        1465000	       145	80000494	f8248aa3	sb	x2,-107(x9)	  x9:0x800088c4  x2:0x80009f64 PA:0x80008859
        1475000	       146	80000498	f8c48aa3	sb	x12,-107(x9)	  x9:0x800088c4 x12:0x80000000 PA:0x80008859
        1485000	       147	8000049c	014c68b3	or	x17,x24,x20	 x24:0xffffffff x20:0x00000000 x17=0xffffffff
        1495000	       148	800004a0	f9948aa3	sb	x25,-107(x9)	  x9:0x800088c4 x25:0x80000000 PA:0x80008859
        1505000	       149	800004a4	00008397	auipc	x7,0x8	  x7=0x800084a0
        1515000	       150	800004a8	4da38393	addi	x7,x7,1242	  x7:0x800084a0  x7=0x8000897a
        1525000	       151	800004ac	00008897	auipc	x17,0x8	 x17=0x800084a8
        1535000	       152	800004b0	54388893	addi	x17,x17,1347	 x17:0x800084a8 x17=0x800089eb
        1545000	       153	800004b4	00009317	auipc	x6,0x9	  x6=0x800094b0
        1555000	       154	800004b8	9bf30313	addi	x6,x6,-1601	  x6:0x800094b0  x6=0x80008e6f
        1565000	       155	800004bc	00008c97	auipc	x25,0x8	 x25=0x800084b8
        1575000	       156	800004c0	659c8c93	addi	x25,x25,1625	 x25:0x800084b8 x25=0x80008b11
        1585000	       157	800004c4	07538b03	lb	x22,117(x7)	  x7:0x8000897a x22=0xffffffd4 PA:0x800089ef
        1595000	       158	800004c8	00008c17	auipc	x24,0x8	 x24=0x800084c4
        1605000	       159	800004cc	5c1c0c13	addi	x24,x24,1473	 x24:0x800084c4 x24=0x80008a85
        1615000	       160	800004d0	09238f23	sb	x18,158(x7)	  x7:0x8000897a x18:0x80009fc4 PA:0x80008a18
        1625000	       161	800004d4	ff6c4783	lbu	x15,-10(x24)	 x24:0x80008a85 x15=0x00000060 PA:0x80008a7b
        1635000	       162	800004d8	fe7c8983	lb	x19,-25(x25)	 x25:0x80008b11 x19=0xffffffe3 PA:0x80008af8
        1645000	       163	800004dc	09e38783	lb	x15,158(x7)	  x7:0x8000897a x15=0xffffffc4 PA:0x80008a18
        1655000	       164	800004e0	ff8caba3	sw	x24,-9(x25)	 x25:0x80008b11 x24:0x80008a85 PA:0x80008b08
        1665000	       165	800004e4	0d48cf83	lbu	x31,212(x17)	 x17:0x800089eb x31=0x000000a4 PA:0x80008abf
        1675000	       166	800004e8	ffcc4783	lbu	x15,-4(x24)	 x24:0x80008a85 x15=0x0000006a PA:0x80008a81
        1685000	       167	800004ec	fc4c8d83	lb	x27,-60(x25)	 x25:0x80008b11 x27=0xffffffbe PA:0x80008ad5
        1695000	       168	800004f0	0f538403	lb	x8,245(x7)	  x7:0x8000897a  x8=0x00000054 PA:0x80008a6f
        1705000	       169	800004f4	0123c283	lbu	x5,18(x7)	  x7:0x8000897a  x5=0x00000077 PA:0x8000898c
        1715000	       170	800004f8	03f38fa3	sb	x31,63(x7)	  x7:0x8000897a x31:0x000000a4 PA:0x800089b9
        1725000	       171	800004fc	033cd983	lhu	x19,51(x25)	 x25:0x80008b11 x19=0x00002e2f PA:0x80008b44
        1735000	       172	80000500	fd7c1fa3	sh	x23,-33(x24)	 x24:0x80008a85 x23:0x00006465 PA:0x80008a64
        1745000	       173	80000504	f338ca03	lbu	x20,-205(x17)	 x17:0x800089eb x20=0x00000005 PA:0x8000891e
        1755000	       174	80000508	011cca03	lbu	x20,17(x25)	 x25:0x80008b11 x20=0x00000009 PA:0x80008b22
        1765000	       175	8000050c	011c1203	lh	x4,17(x24)	 x24:0x80008a85  x4=0x00007c7d PA:0x80008a96
        1775000	       176	80000510	025c0203	lb	x4,37(x24)	 x24:0x80008a85  x4=0xffffff91 PA:0x80008aaa
        1785000	       177	80000514	00234403	lbu	x8,2(x6)	  x6:0x80008e6f  x8=0x0000005a PA:0x80008e71
        1795000	       178	80000518	034c8f23	sb	x20,62(x25)	 x25:0x80008b11 x20:0x00000009 PA:0x80008b4f
        1805000	       179	8000051c	f3d380a3	sb	x29,-223(x7)	  x7:0x8000897a x29:0xffb1f9ef PA:0x8000889b
        1815000	       180	80000520	ff734003	lbu	x0,-9(x6)	  x6:0x80008e6f PA:0x80008e66
        1825000	       181	80000524	fd0c8503	lb	x10,-48(x25)	 x25:0x80008b11 x10=0xffffffca PA:0x80008ae1
        1835000	       182	80000528	00088ba3	sb	x0,23(x17)	 x17:0x800089eb  x0:0x00000000 PA:0x80008a02
        1845000	       183	8000052c	0ee8c783	lbu	x15,238(x17)	 x17:0x800089eb x15=0x000000c2 PA:0x80008ad9
        1855000	       184	80000530	00834183	lbu	x3,8(x6)	  x6:0x80008e6f  x3=0x0000005c PA:0x80008e77
        1865000	       185	80000534	00c34e03	lbu	x28,12(x6)	  x6:0x80008e6f x28=0x00000060 PA:0x80008e7b
        1875000	       186	80000538	fe3c9a03	lh	x20,-29(x25)	 x25:0x80008b11 x20=0xffffdedf PA:0x80008af4
        1885000	       187	8000053c	01bc8803	lb	x16,27(x25)	 x25:0x80008b11 x16=0x00000017 PA:0x80008b2c
        1895000	       188	80000540	01d8c403	lbu	x8,29(x17)	 x17:0x800089eb  x8=0x000000f3 PA:0x80008a08
        1905000	       189	80000544	029c02a3	sb	x9,37(x24)	 x24:0x80008a85  x9:0x800088c4 PA:0x80008aaa
        1915000	       190	80000548	f6888f23	sb	x8,-130(x17)	 x17:0x800089eb  x8:0x000000f3 PA:0x80008969
        1925000	       191	8000054c	00f322a3	sw	x15,5(x6)	  x6:0x80008e6f x15:0x000000c2 PA:0x80008e74
        1935000	       192	80000550	fcf38483	lb	x9,-49(x7)	  x7:0x8000897a  x9=0x00000032 PA:0x80008949
        1945000	       193	80000554	00008097	auipc	x1,0x8	  x1=0x80008550
        1955000	       194	80000558	7f308093	addi	x1,x1,2035	  x1:0x80008550  x1=0x80008d43
        1965000	       195	8000055c	00009c97	auipc	x25,0x9	 x25=0x80009558
        1975000	       196	80000560	837c8c93	addi	x25,x25,-1993	 x25:0x80009558 x25=0x80008d8f
        1985000	       197	80000564	00008697	auipc	x13,0x8	 x13=0x80008560
        1995000	       198	80000568	77d68693	addi	x13,x13,1917	 x13:0x80008560 x13=0x80008cdd
        2005000	       199	8000056c	f7608823	sb	x22,-144(x1)	  x1:0x80008d43 x22:0xffffffd4 PA:0x80008cb3
        2015000	       200	80000570	00008297	auipc	x5,0x8	  x5=0x8000856c
        2025000	       201	80000574	4fb28293	addi	x5,x5,1275	  x5:0x8000856c  x5=0x80008a67
        2035000	       202	80000578	00dcae03	lw	x28,13(x25)	 x25:0x80008d8f x28=0x84858687 PA:0x80008d9c
        2045000	       203	8000057c	00008397	auipc	x7,0x8	  x7=0x80008578
        2055000	       204	80000580	65138393	addi	x7,x7,1617	  x7:0x80008578  x7=0x80008bc9
        2065000	       205	80000584	cf76cc03	lbu	x24,-777(x13)	 x13:0x80008cdd x24=0x000000bf PA:0x800089d4
        2075000	       206	80000588	ffac8423	sb	x26,-24(x25)	 x25:0x80008d8f x26:0xfd34a927 PA:0x80008d77
        2085000	       207	8000058c	b6e690a3	sh	x14,-1183(x13)	 x13:0x80008cdd x14:0x000000b8 PA:0x8000883e
        2095000	       208	80000590	fe538b23	sb	x5,-10(x7)	  x7:0x80008bc9  x5:0x80008a67 PA:0x80008bbf
        2105000	       209	80000594	fee281a3	sb	x14,-29(x5)	  x5:0x80008a67 x14:0x000000b8 PA:0x80008a4a
        2115000	       210	80000598	08108783	lb	x15,129(x1)	  x1:0x80008d43 x15=0xffffffaf PA:0x80008dc4
        2125000	       211	8000059c	010283a3	sb	x16,7(x5)	  x5:0x80008a67 x16:0x00000017 PA:0x80008a6e
        2135000	       212	800005a0	fe568423	sb	x5,-24(x13)	 x13:0x80008cdd  x5:0x80008a67 PA:0x80008cc5
        2145000	       213	800005a4	f27098a3	sh	x7,-207(x1)	  x1:0x80008d43  x7:0x80008bc9 PA:0x80008c74
        2155000	       214	800005a8	ffacc583	lbu	x11,-6(x25)	 x25:0x80008d8f x11=0x00000072 PA:0x80008d89
        2165000	       215	800005ac	fc0c8783	lb	x15,-64(x25)	 x25:0x80008d8f x15=0x00000034 PA:0x80008d4f
        2175000	       216	800005b0	ff238783	lb	x15,-14(x7)	  x7:0x80008bc9 x15=0xffffffa0 PA:0x80008bbb
        2185000	       217	800005b4	fc42c783	lbu	x15,-60(x5)	  x5:0x80008a67 x15=0x00000010 PA:0x80008a2b
        2195000	       218	800005b8	03ec8503	lb	x10,62(x25)	 x25:0x80008d8f x10=0xffffffb6 PA:0x80008dcd
        2205000	       219	800005bc	01838223	sb	x24,4(x7)	  x7:0x80008bc9 x24:0x000000bf PA:0x80008bcd
        2215000	       220	800005c0	f460c883	lbu	x17,-186(x1)	  x1:0x80008d43 x17=0x00000072 PA:0x80008c89
        2225000	       221	800005c4	00628303	lb	x6,6(x5)	  x5:0x80008a67  x6=0x00000056 PA:0x80008a6d
        2235000	       222	800005c8	d5c6c703	lbu	x14,-676(x13)	 x13:0x80008cdd x14=0x00000022 PA:0x80008a39
        2245000	       223	800005cc	f62097a3	sh	x2,-145(x1)	  x1:0x80008d43  x2:0x80009f64 PA:0x80008cb2
        2255000	       224	800005d0	05468783	lb	x15,84(x13)	 x13:0x80008cdd x15=0x0000001a PA:0x80008d31
        2265000	       225	800005d4	f5f09183	lh	x3,-161(x1)	  x1:0x80008d43  x3=0xffff8889 PA:0x80008ca2
        2275000	       226	800005d8	01a38623	sb	x26,12(x7)	  x7:0x80008bc9 x26:0xfd34a927 PA:0x80008bd5
        2285000	       227	800005dc	06a08423	sb	x10,104(x1)	  x1:0x80008d43 x10:0xffffffb6 PA:0x80008dab
        2295000	       228	800005e0	03e29ea3	sh	x30,61(x5)	  x5:0x80008a67 x30:0x800082da PA:0x80008aa4
        2305000	       229	800005e4	fc4ccf03	lbu	x30,-60(x25)	 x25:0x80008d8f x30=0x00000038 PA:0x80008d53
        2315000	       230	800005e8	fda2c203	lbu	x4,-38(x5)	  x5:0x80008a67  x4=0x0000002a PA:0x80008a41
        2325000	       231	800005ec	e676ca03	lbu	x20,-409(x13)	 x13:0x80008cdd x20=0x0000002f PA:0x80008b44
        2335000	       232	800005f0	fc9cd003	lhu	x0,-55(x25)	 x25:0x80008d8f PA:0x80008d58
        2345000	       233	800005f4	ff93d883	lhu	x17,-7(x7)	  x7:0x80008bc9 x17=0x0000a8a9 PA:0x80008bc2
        2355000	       234	800005f8	ca668623	sb	x6,-852(x13)	 x13:0x80008cdd  x6:0x00000056 PA:0x80008989
        2365000	       235	800005fc	1c468ea3	sb	x4,477(x13)	 x13:0x80008cdd  x4:0x0000002a PA:0x80008eba
        2375000	       236	80000600	f2b0cb83	lbu	x23,-213(x1)	  x1:0x80008d43 x23=0x00000055 PA:0x80008c6e
        2385000	       237	80000604	0a26c883	lbu	x17,162(x13)	 x13:0x80008cdd x17=0x00000064 PA:0x80008d7f
        2395000	       238	80000608	00008517	auipc	x10,0x8	 x10=0x80008604
        2405000	       239	8000060c	3a950513	addi	x10,x10,937	 x10:0x80008604 x10=0x800089ad
        2415000	       240	80000610	0db50023	sb	x27,192(x10)	 x10:0x800089ad x27:0xffffffbe PA:0x80008a6d
        2425000	       241	80000614	63125417	auipc	x8,0x63125	  x8=0xe3125610
        2435000	       242	80000618	01c3f333	and	x6,x7,x28	  x7:0x80008bc9 x28:0x84858687  x6=0x80008281
        2445000	       243	8000061c	05c50d83	lb	x27,92(x10)	 x10:0x800089ad x27=0xfffffff2 PA:0x80008a09
        2455000	       244	80000620	81c2a817	auipc	x16,0x81c2a	 x16=0x01c2a61c
        2465000	       245	80000624	01fe1493	slli	x9,x28,0x1f	 x28:0x84858687  x9=0x80000000
        2475000	       246	80000628	ed65cbb7	lui	x23,0xed65c	 x23=0xed65c000
        2485000	       247	8000062c	8f6ee613	ori	x12,x29,-1802	 x29:0xffb1f9ef x12=0xfffff9ff
        2495000	       248	80000630	c456c413	xori	x8,x13,-955	 x13:0x80008cdd  x8=0x7fff7098
        2505000	       249	80000634	0039ce33	xor	x28,x19,x3	 x19:0x00002e2f  x3:0xffff8889 x28=0xffffa6a6
        2515000	       250	80000638	008a7233	and	x4,x20,x8	 x20:0x0000002f  x8:0x7fff7098  x4=0x00000008
        2525000	       251	8000063c	012b6733	or	x14,x22,x18	 x22:0xffffffd4 x18:0x80009fc4 x14=0xffffffd4
        2535000	       252	80000640	01c83833	sltu	x16,x16,x28	 x16:0x01c2a61c x28:0xffffa6a6 x16=0x00000001
        2545000	       253	80000644	00000013	addi	x0,x0,0	  x0:0x00000000
        2555000	       254	80000648	0c0508a3	sb	x0,209(x10)	 x10:0x800089ad  x0:0x00000000 PA:0x80008a7e
        2565000	       255	8000064c	0092e3b3	or	x7,x5,x9	  x5:0x80008a67  x9:0x80000000  x7=0x80008a67
        2575000	       256	80000650	0169f5b3	and	x11,x19,x22	 x19:0x00002e2f x22:0xffffffd4 x11=0x00002e04
        2585000	       257	80000654	01082c33	slt	x24,x16,x16	 x16:0x00000001 x16:0x00000001 x24=0x00000000
        2595000	       258	80000658	0169cbb3	xor	x23,x19,x22	 x19:0x00002e2f x22:0xffffffd4 x23=0xffffd1fb
        2605000	       259	8000065c	d4984e13	xori	x28,x16,-695	 x16:0x00000001 x28=0xfffffd48
        2615000	       260	80000660	0e254e83	lbu	x29,226(x10)	 x10:0x800089ad x29=0x00000074 PA:0x80008a8f
        2625000	       261	80000664	00000013	addi	x0,x0,0	  x0:0x00000000
        2635000	       262	80000668	014176b3	and	x13,x2,x20	  x2:0x80009f64 x20:0x0000002f x13=0x00000024
        2645000	       263	8000066c	f09a1a17	auipc	x20,0xf09a1	 x20=0x709a1668
        2655000	       264	80000670	4063d393	srai	x7,x7,0x6	  x7:0x80008a67  x7=0xfe000229
        2665000	       265	80000674	017b37b3	sltu	x15,x22,x23	 x22:0xffffffd4 x23:0xffffd1fb x15=0x00000000
        2675000	       266	80000678	04c54283	lbu	x5,76(x10)	 x10:0x800089ad  x5=0x000000e2 PA:0x800089f9
        2685000	       267	8000067c	06854583	lbu	x11,104(x10)	 x10:0x800089ad x11=0x000000fe PA:0x80008a15
        2695000	       268	80000680	f8e517a3	sh	x14,-113(x10)	 x10:0x800089ad x14:0xffffffd4 PA:0x8000893c
        2705000	       269	80000684	014e9f33	sll	x30,x29,x20	 x29:0x00000074 x20:0x709a1668 x30=0x00007400
        2715000	       270	80000688	530ea293	slti	x5,x29,1328	 x29:0x00000074  x5=0x00000001
        2725000	       271	8000068c	002f5e33	srl	x28,x30,x2	 x30:0x00007400  x2:0x80009f64 x28=0x00000740
        2735000	       272	80000690	f9454403	lbu	x8,-108(x10)	 x10:0x800089ad  x8=0x0000002a PA:0x80008941
        2745000	       273	00000000	00000013	addi	x0,x0,0	  x0:0x00000000
        2755000	       274	80000694	02850003	lb	x0,40(x10)	 x10:0x800089ad PA:0x800089d5
        2765000	       275	80000698	f7e54803	lbu	x16,-130(x10)	 x10:0x800089ad x16=0x00000010 PA:0x8000892b
        2775000	       276	8000069c	fe350923	sb	x3,-14(x10)	 x10:0x800089ad  x3:0xffff8889 PA:0x8000899f
        2785000	       277	800006a0	00008f17	auipc	x30,0x8	 x30=0x8000869c
        2795000	       278	800006a4	127f0f13	addi	x30,x30,295	 x30:0x8000869c x30=0x800087c3
        2805000	       279	800006a8	ffdf01a3	sb	x29,-29(x30)	 x30:0x800087c3 x29:0x00000074 PA:0x800087a6
        2815000	       280	800006ac	00008a17	auipc	x20,0x8	 x20=0x800086a8
        2825000	       281	800006b0	bcaa0a13	addi	x20,x20,-1078	 x20:0x800086a8 x20=0x80008272
        2835000	       282	800006b4	320a1b03	lh	x22,800(x20)	 x20:0x80008272 x22=0x00004849 PA:0x80008592
        2845000	       283	800006b8	00008097	auipc	x1,0x8	  x1=0x800086b4
        2855000	       284	800006bc	eb208093	addi	x1,x1,-334	  x1:0x800086b4  x1=0x80008566
        2865000	       285	800006c0	00008397	auipc	x7,0x8	  x7=0x800086bc
        2875000	       286	800006c4	f0138393	addi	x7,x7,-255	  x7:0x800086bc  x7=0x800085bd
        2885000	       287	800006c8	fe0f2ea3	sw	x0,-3(x30)	 x30:0x800087c3  x0:0x00000000 PA:0x800087c0
        2895000	       288	800006cc	ced38783	lb	x15,-787(x7)	  x7:0x800085bd x15=0x00000061 PA:0x800082aa
        2905000	       289	800006d0	fd0f0983	lb	x19,-48(x30)	 x30:0x800087c3 x19=0x00000048 PA:0x80008793
        2915000	       290	800006d4	e233a683	lw	x13,-477(x7)	  x7:0x800085bd x13=0x98999a9b PA:0x800083e0
        2925000	       291	800006d8	01af0003	lb	x0,26(x30)	 x30:0x800087c3 PA:0x800087dd
        2935000	       292	800006dc	02c08fa3	sb	x12,63(x1)	  x1:0x80008566 x12:0xfffff9ff PA:0x800085a5
        2945000	       293	800006e0	00b08b03	lb	x22,11(x1)	  x1:0x80008566 x22=0x0000002a PA:0x80008571
        2955000	       294	800006e4	e97a04a3	sb	x23,-375(x20)	 x20:0x80008272 x23:0xffffd1fb PA:0x800080fb
        2965000	       295	800006e8	4ffa4b03	lbu	x22,1279(x20)	 x20:0x80008272 x22=0x0000002a PA:0x80008771
        2975000	       296	800006ec	fd0084a3	sb	x16,-55(x1)	  x1:0x80008566 x16:0x00000010 PA:0x8000852f
        2985000	       297	800006f0	033f0503	lb	x10,51(x30)	 x30:0x800087c3 x10=0xffffffad PA:0x800087f6
        2995000	       298	800006f4	133a4703	lbu	x14,307(x20)	 x20:0x80008272 x14=0x0000005e PA:0x800083a5
        3005000	       299	800006f8	010f0003	lb	x0,16(x30)	 x30:0x800087c3 PA:0x800087d3
        3015000	       300	800006fc	35ea5e83	lhu	x29,862(x20)	 x20:0x80008272 x29=0x00008a8b PA:0x800085d0
        3025000	       301	80000700	d9f38d23	sb	x31,-614(x7)	  x7:0x800085bd x31:0x000000a4 PA:0x80008357
        3035000	       302	80000704	fd9f0623	sb	x25,-52(x30)	 x30:0x800087c3 x25:0x80008d8f PA:0x8000878f
        3045000	       303	80000708	ec8a0183	lb	x3,-312(x20)	 x20:0x80008272  x3=0xfffffff1 PA:0x8000813a
        3055000	       304	8000070c	eaba0b83	lb	x23,-341(x20)	 x20:0x80008272 x23=0xffffffd6 PA:0x8000811d
        3065000	       305	80000710	c6c3ca83	lbu	x21,-916(x7)	  x7:0x800085bd x21=0x000000e2 PA:0x80008229
        3075000	       306	80000714	000089a3	sb	x0,19(x1)	  x1:0x80008566  x0:0x00000000 PA:0x80008579
        3085000	       307	80000718	fff09f23	sh	x31,-2(x1)	  x1:0x80008566 x31:0x000000a4 PA:0x80008564
        3095000	       308	8000071c	ff3f0523	sb	x19,-22(x30)	 x30:0x800087c3 x19:0x00000048 PA:0x800087ad
        3105000	       309	80000720	bc73a703	lw	x14,-1081(x7)	  x7:0x800085bd x14=0x3c3d3e3f PA:0x80008184
        3115000	       310	80000724	0060d883	lhu	x17,6(x1)	  x1:0x80008566 x17=0x00002627 PA:0x8000856c
        3125000	       311	80000728	feb088a3	sb	x11,-15(x1)	  x1:0x80008566 x11:0x000000fe PA:0x80008557
        3135000	       312	8000072c	fbea09a3	sb	x30,-77(x20)	 x20:0x80008272 x30:0x800087c3 PA:0x80008225
        3145000	       313	80000730	f043c483	lbu	x9,-252(x7)	  x7:0x800085bd  x9=0x0000007a PA:0x800084c1
        3155000	       314	80000734	01cf0603	lb	x12,28(x30)	 x30:0x800087c3 x12=0xffffff94 PA:0x800087df
        3165000	       315	00000000	00000013	addi	x0,x0,0	  x0:0x00000000
        3175000	       316	80000738	16ca0b83	lb	x23,364(x20)	 x20:0x80008272 x23=0xffffff95 PA:0x800083de
        3185000	       317	8000073c	00008797	auipc	x15,0x8	 x15=0x80008738
        3195000	       318	80000740	59178793	addi	x15,x15,1425	 x15:0x80008738 x15=0x80008cc9
        3205000	       319	80000744	ffc78b03	lb	x22,-4(x15)	 x15:0x80008cc9 x22=0x00000067 PA:0x80008cc5
        3215000	       320	80000748	02379283	lh	x5,35(x15)	 x15:0x80008cc9  x5=0xffffd6d7 PA:0x80008cec
        3225000	       321	8000074c	ff779ca3	sh	x23,-7(x15)	 x15:0x80008cc9 x23:0xffffff95 PA:0x80008cc2
        3235000	       322	80000750	01a53433	sltu	x8,x10,x26	 x10:0xffffffad x26:0xfd34a927  x8=0x00000000
        3245000	       323	80000754	40770db3	sub	x27,x14,x7	 x14:0x3c3d3e3f  x7:0x800085bd x27=0xbc3cb882
        3255000	       324	80000758	fd178223	sb	x17,-60(x15)	 x15:0x80008cc9 x17:0x00002627 PA:0x80008c8d
        3265000	       325	8000075c	fc47c403	lbu	x8,-60(x15)	 x15:0x80008cc9  x8=0x00000027 PA:0x80008c8d
        3275000	       326	80000760	fc478383	lb	x7,-60(x15)	 x15:0x80008cc9  x7=0x00000027 PA:0x80008c8d
        3285000	       327	80000764	fc478683	lb	x13,-60(x15)	 x15:0x80008cc9 x13=0x00000027 PA:0x80008c8d
        3295000	       328	80000768	012798a3	sh	x18,17(x15)	 x15:0x80008cc9 x18:0x80009fc4 PA:0x80008cda
        3305000	       329	8000076c	02978c23	sb	x9,56(x15)	 x15:0x80008cc9  x9:0x0000007a PA:0x80008d01
        3315000	       330	80000770	01a1df13	srli	x30,x3,0x1a	  x3:0xfffffff1 x30=0x0000003f
        3325000	       331	80000774	02678c23	sb	x6,56(x15)	 x15:0x80008cc9  x6:0x80008281 PA:0x80008d01
        3335000	       332	80000778	00257633	and	x12,x10,x2	 x10:0xffffffad  x2:0x80009f64 x12=0x80009f24
        3345000	       333	8000077c	00206a33	or	x20,x0,x2	  x0:0x00000000  x2:0x80009f64 x20=0x80009f64
        3355000	       334	80000780	03a7cb03	lbu	x22,58(x15)	 x15:0x80008cc9 x22=0x000000e8 PA:0x80008d03
        3365000	       335	80000784	fe378a03	lb	x20,-29(x15)	 x15:0x80008cc9 x20=0xffffff97 PA:0x80008cac
        3375000	       336	80000788	251136b7	lui	x13,0x25113	 x13=0x25113000
        3385000	       337	8000078c	003279b3	and	x19,x4,x3	  x4:0x00000008  x3:0xfffffff1 x19=0x00000000
        3395000	       338	80000790	ff978423	sb	x25,-24(x15)	 x15:0x80008cc9 x25:0x80008d8f PA:0x80008cb1
        3405000	       339	80000794	00008997	auipc	x19,0x8	 x19=0x80008790
        3415000	       340	80000798	35e98993	addi	x19,x19,862	 x19:0x80008790 x19=0x80008aee
        3425000	       341	8000079c	00008297	auipc	x5,0x8	  x5=0x80008798
        3435000	       342	800007a0	16d28293	addi	x5,x5,365	  x5:0x80008798  x5=0x80008905
        3445000	       343	800007a4	ffc98d23	sb	x28,-6(x19)	 x19:0x80008aee x28:0x00000740 PA:0x80008ae8
        3455000	       344	800007a8	ff099483	lh	x9,-16(x19)	 x19:0x80008aee  x9=0xffffc4c5 PA:0x80008ade
        3465000	       345	800007ac	00008397	auipc	x7,0x8	  x7=0x800087a8
        3475000	       346	800007b0	5a838393	addi	x7,x7,1448	  x7:0x800087a8  x7=0x80008d50
        3485000	       347	800007b4	f4e28883	lb	x17,-178(x5)	  x5:0x80008905 x17=0x00000038 PA:0x80008853
        3495000	       348	800007b8	00008317	auipc	x6,0x8	  x6=0x800087b4
        3505000	       349	800007bc	42130313	addi	x6,x6,1057	  x6:0x800087b4  x6=0x80008bd5
        3515000	       350	800007c0	00238423	sb	x2,8(x7)	  x7:0x80008d50  x2:0x80009f64 PA:0x80008d58
        3525000	       351	800007c4	00130603	lb	x12,1(x6)	  x6:0x80008bd5 x12=0xffffffbd PA:0x80008bd6
        3535000	       352	800007c8	ff899803	lh	x16,-8(x19)	 x19:0x80008aee x16=0xffffcccd PA:0x80008ae6
        3545000	       353	800007cc	0ab2aa83	lw	x21,171(x5)	  x5:0x80008905 x21=0x98999a9b PA:0x800089b0
        3555000	       354	800007d0	00e34f83	lbu	x31,14(x6)	  x6:0x80008bd5 x31=0x000000c8 PA:0x80008be3
        3565000	       355	800007d4	ffc30d83	lb	x27,-4(x6)	  x6:0x80008bd5 x27=0xffffffba PA:0x80008bd1
        3575000	       356	800007d8	00f99523	sh	x15,10(x19)	 x19:0x80008aee x15:0x80008cc9 PA:0x80008af8
        3585000	       357	800007dc	005302a3	sb	x5,5(x6)	  x6:0x80008bd5  x5:0x80008905 PA:0x80008bda
        3595000	       358	800007e0	013385a3	sb	x19,11(x7)	  x7:0x80008d50 x19:0x80008aee PA:0x80008d5b
        3605000	       359	800007e4	0059ce83	lbu	x29,5(x19)	 x19:0x80008aee x29=0x000000d8 PA:0x80008af3
        3615000	       360	800007e8	ffb38b03	lb	x22,-5(x7)	  x7:0x80008d50 x22=0x00000030 PA:0x80008d4b
        3625000	       361	800007ec	00828223	sb	x8,4(x5)	  x5:0x80008905  x8:0x00000027 PA:0x80008909
        3635000	       362	800007f0	fda28b83	lb	x23,-38(x5)	  x5:0x80008905 x23=0xffffffc4 PA:0x800088df
        3645000	       363	800007f4	0023cf03	lbu	x30,2(x7)	  x7:0x80008d50 x30=0x00000039 PA:0x80008d52
        3655000	       364	800007f8	ffa34e03	lbu	x28,-6(x6)	  x6:0x80008bd5 x28=0x000000b4 PA:0x80008bcf
        3665000	       365	800007fc	01228b23	sb	x18,22(x5)	  x5:0x80008905 x18:0x80009fc4 PA:0x8000891b
        3675000	       366	80000800	00938603	lb	x12,9(x7)	  x7:0x80008d50 x12=0x00000042 PA:0x80008d59
        3685000	       367	80000804	0732d183	lhu	x3,115(x5)	  x5:0x80008905  x3=0x00006263 PA:0x80008978
        3695000	       368	80000808	0003ce83	lbu	x29,0(x7)	  x7:0x80008d50 x29=0x0000003b PA:0x80008d50
        3705000	       369	8000080c	01529ba3	sh	x21,23(x5)	  x5:0x80008905 x21:0x98999a9b PA:0x8000891c
        3715000	       370	80000810	fb028203	lb	x4,-80(x5)	  x5:0x80008905  x4=0xffffff9e PA:0x800088b5
        3725000	       371	80000814	ffc34683	lbu	x13,-4(x6)	  x6:0x80008bd5 x13=0x000000ba PA:0x80008bd1
        3735000	       372	80000818	0103ac83	lw	x25,16(x7)	  x7:0x80008d50 x25=0x48494a4b PA:0x80008d60
        3745000	       373	8000081c	01c2cf03	lbu	x30,28(x5)	  x5:0x80008905 x30=0x0000000a PA:0x80008921
        3755000	       374	80000820	ff83a683	lw	x13,-8(x7)	  x7:0x80008d50 x13=0x30313233 PA:0x80008d48
        3765000	       375	80000824	00e30883	lb	x17,14(x6)	  x6:0x80008bd5 x17=0xffffffc8 PA:0x80008be3
        3775000	       376	80000828	ffa3ca83	lbu	x21,-6(x7)	  x7:0x80008d50 x21=0x00000031 PA:0x80008d4a
        3785000	       377	8000082c	fff30ea3	sb	x31,-3(x6)	  x6:0x80008bd5 x31:0x000000c8 PA:0x80008bd2
        3795000	       378	80000830	fff98ba3	sb	x31,-9(x19)	 x19:0x80008aee x31:0x000000c8 PA:0x80008ae5
        3805000	       379	80000834	ff234c03	lbu	x24,-14(x6)	  x6:0x80008bd5 x24=0x000000ac PA:0x80008bc7
        3815000	       380	80000838	fa328183	lb	x3,-93(x5)	  x5:0x80008905  x3=0xffffff93 PA:0x800088a8
        3825000	       381	8000083c	00008e17	auipc	x28,0x8	 x28=0x80008838
        3835000	       382	80000840	27ae0e13	addi	x28,x28,634	 x28:0x80008838 x28=0x80008ab2
        3845000	       383	80000844	018cba33	sltu	x20,x25,x24	 x25:0x48494a4b x24:0x000000ac x20=0x00000000
        3855000	       384	80000848	b04c3593	sltiu	x11,x24,-1276	 x24:0x000000ac x11=0x00000001
        3865000	       385	8000084c	3e104697	auipc	x13,0x3e104	 x13=0xbe104848
        3875000	       386	80000850	e98cec13	ori	x24,x25,-360	 x25:0x48494a4b x24=0xfffffedb
        3885000	       387	80000854	4744e617	auipc	x12,0x4744e	 x12=0xc744e850
        3895000	       388	80000858	01609633	sll	x12,x1,x22	  x1:0x80008566 x22:0x00000030 x12=0x85660000
        3905000	       389	8000085c	00a7acb3	slt	x25,x15,x10	 x15:0x80008cc9 x10:0xffffffad x25=0x00000001
        3915000	       390	80000860	4ceef213	andi	x4,x29,1230	 x29:0x0000003b  x4=0x0000000a
        3925000	       391	80000864	fdee2783	lw	x15,-34(x28)	 x28:0x80008ab2 x15=0x78797a7b PA:0x80008a90
        3935000	       392	80000868	01e29233	sll	x4,x5,x30	  x5:0x80008905 x30:0x0000000a  x4=0x02241400
        3945000	       393	8000086c	001d1233	sll	x4,x26,x1	 x26:0xfd34a927  x1:0x80008566  x4=0x4d2a49c0
        3955000	       394	80000870	005a9833	sll	x16,x21,x5	 x21:0x00000031  x5:0x80008905 x16=0x00000620
        3965000	       395	80000874	0117e4b3	or	x9,x15,x17	 x15:0x78797a7b x17:0xffffffc8  x9=0xfffffffb
        3975000	       396	80000878	0c6e2983	lw	x19,198(x28)	 x28:0x80008ab2 x19=0x60616263 PA:0x80008b78
        3985000	       397	8000087c	016480b3	add	x1,x9,x22	  x9:0xfffffffb x22:0x00000030  x1=0x0000002b
        3995000	       398	80000880	01d80633	add	x12,x16,x29	 x16:0x00000620 x29:0x0000003b x12=0x0000065b
        4005000	       399	80000884	dd1ef893	andi	x17,x29,-559	 x29:0x0000003b x17=0x00000011
        4015000	       400	80000888	f50e0da3	sb	x16,-165(x28)	 x28:0x80008ab2 x16:0x00000620 PA:0x80008a0d
        4025000	       401	8000088c	01a89493	slli	x9,x17,0x1a	 x17:0x00000011  x9=0x44000000
        4035000	       402	80000890	0c2e08a3	sb	x2,209(x28)	 x28:0x80008ab2  x2:0x80009f64 PA:0x80008b83
        4045000	       403	80000894	0e0e01a3	sb	x0,227(x28)	 x28:0x80008ab2  x0:0x00000000 PA:0x80008b95
        4055000	       404	80000898	0a3e0203	lb	x4,163(x28)	 x28:0x80008ab2  x4=0x0000003e PA:0x80008b55
        4065000	       405	8000089c	f8be0283	lb	x5,-117(x28)	 x28:0x80008ab2  x5=0x00000026 PA:0x80008a3d
        4075000	       406	800008a0	41955593	srai	x11,x10,0x19	 x10:0xffffffad x11=0xffffffff
        4085000	       407	800008a4	00071993	slli	x19,x14,0x0	 x14:0x3c3d3e3f x19=0x3c3d3e3f
        4095000	       408	800008a8	0189c9b3	xor	x19,x19,x24	 x19:0x3c3d3e3f x24:0xfffffedb x19=0xc3c2c0e4
        4105000	       409	800008ac	c9636493	ori	x9,x6,-874	  x6:0x80008bd5  x9=0xffffffd7
        4115000	       410	800008b0	0150d7b3	srl	x15,x1,x21	  x1:0x0000002b x21:0x00000031 x15=0x00000000
        4125000	       411	800008b4	55eea817	auipc	x16,0x55eea	 x16=0xd5eea8b0
        4135000	       412	800008b8	01a4c6b3	xor	x13,x9,x26	  x9:0xffffffd7 x26:0xfd34a927 x13=0x02cb56f0
        4145000	       413	800008bc	409dda13	srai	x20,x27,0x9	 x27:0xffffffba x20=0xffffffff
        4155000	       414	800008c0	efd7ae97	auipc	x29,0xefd7a	 x29=0x6fd7a8bc
        4165000	       415	800008c4	0b7e0f03	lb	x30,183(x28)	 x28:0x80008ab2 x30=0x00000052 PA:0x80008b69
        4175000	       416	800008c8	018eb633	sltu	x12,x29,x24	 x29:0x6fd7a8bc x24:0xfffffedb x12=0x00000001
        4185000	       417	800008cc	f85e4583	lbu	x11,-123(x28)	 x28:0x80008ab2 x11=0x0000001c PA:0x80008a37
        4195000	       418	800008d0	41dc59b3	sra	x19,x24,x29	 x24:0xfffffedb x29:0x6fd7a8bc x19=0xffffffff
        4205000	       419	800008d4	fe7e4c03	lbu	x24,-25(x28)	 x28:0x80008ab2 x24=0x00000082 PA:0x80008a99
        4215000	       420	800008d8	055e4d83	lbu	x27,85(x28)	 x28:0x80008ab2 x27=0x000000ec PA:0x80008b07
        4225000	       421	800008dc	00007597	auipc	x11,0x7	 x11=0x800078d8
        4235000	       422	800008e0	78658593	addi	x11,x11,1926	 x11:0x800078d8 x11=0x8000805e
        4245000	       423	800008e4	4185de83	lhu	x29,1048(x11)	 x11:0x8000805e x29=0x00002c2d PA:0x80008476
        4255000	       424	800008e8	237588a3	sb	x23,561(x11)	 x11:0x8000805e x23:0xffffffc4 PA:0x8000828f
        4265000	       425	800008ec	46f58203	lb	x4,1135(x11)	 x11:0x8000805e  x4=0xffffff86 PA:0x800084cd
        4275000	       426	800008f0	2257ce93	xori	x29,x15,549	 x15:0x00000000 x29=0x00000225
        4285000	       427	800008f4	003a3833	sltu	x16,x20,x3	 x20:0xffffffff  x3:0xffffff93 x16=0x00000000
        4295000	       428	800008f8	6b35c083	lbu	x1,1715(x11)	 x11:0x8000805e  x1=0x000000ca PA:0x80008711
        4305000	       429	800008fc	3fa5db03	lhu	x22,1018(x11)	 x11:0x8000805e x22=0x00001213 PA:0x80008458
        4315000	       430	80000900	3e558783	lb	x15,997(x11)	 x11:0x8000805e x15=0xfffffff8 PA:0x80008443
        4325000	       431	00000000	00000013	addi	x0,x0,0	  x0:0x00000000
        4335000	       432	80000904	fef58283	lb	x5,-17(x11)	 x11:0x8000805e  x5=0x00000006 PA:0x8000804d
        4345000	       433	80000908	ba832b13	slti	x22,x6,-1112	  x6:0x80008bd5 x22=0x00000001
        4355000	       434	8000090c	006321b3	slt	x3,x6,x6	  x6:0x80008bd5  x6:0x80008bd5  x3=0x00000000
        4365000	       435	80000910	01ac27b3	slt	x15,x24,x26	 x24:0x00000082 x26:0xfd34a927 x15=0x00000000
        4375000	       436	80000914	01258623	sb	x18,12(x11)	 x11:0x8000805e x18:0x80009fc4 PA:0x8000806a
        4385000	       437	80000918	002b2817	auipc	x16,0x2b2	 x16=0x802b2914
        4395000	       438	8000091c	4fa94313	xori	x6,x18,1274	 x18:0x80009fc4  x6=0x80009b3e
        4405000	       439	80000920	007de7b3	or	x15,x27,x7	 x27:0x000000ec  x7:0x80008d50 x15=0x80008dfc
        4415000	       440	80000924	2365cd83	lbu	x27,566(x11)	 x11:0x8000805e x27=0x0000004f PA:0x80008294
        4425000	       441	80000928	f17d4a17	auipc	x20,0xf17d4	 x20=0x717d4924
        4435000	       442	8000092c	00f59693	slli	x13,x11,0xf	 x11:0x8000805e x13=0x402f0000
        4445000	       443	80000930	5dc582a3	sb	x28,1477(x11)	 x11:0x8000805e x28:0x80008ab2 PA:0x80008623
        4455000	       444	80000934	00c42eb3	slt	x29,x8,x12	  x8:0x00000027 x12:0x00000001 x29=0x00000000
        4465000	       445	80000938	2b016997	auipc	x19,0x2b016	 x19=0xab016934
        4475000	       446	8000093c	46b58aa3	sb	x11,1141(x11)	 x11:0x8000805e x11:0x8000805e PA:0x800084d3
        4485000	       447	80000940	52716197	auipc	x3,0x52716	  x3=0xd271693c
        4495000	       448	80000944	2d358aa3	sb	x19,725(x11)	 x11:0x8000805e x19:0xab016934 PA:0x80008333
        4505000	       449	80000948	7aa58a03	lb	x20,1962(x11)	 x11:0x8000805e x20=0xffffffc3 PA:0x80008808
        4515000	       450	8000094c	01879f13	slli	x30,x15,0x18	 x15:0x80008dfc x30=0xfc000000
        4525000	       451	80000950	3a458f23	sb	x4,958(x11)	 x11:0x8000805e  x4:0xffffff86 PA:0x8000841c
        4535000	       452	80000954	01ce6333	or	x6,x28,x28	 x28:0x80008ab2 x28:0x80008ab2  x6=0x80008ab2
        4545000	       453	80000958	4475c683	lbu	x13,1095(x11)	 x11:0x8000805e x13=0x0000005e PA:0x800084a5
        4555000	       454	8000095c	01c5db93	srli	x23,x11,0x1c	 x11:0x8000805e x23=0x00000008
        4565000	       455	80000960	2ca59e03	lh	x28,714(x11)	 x11:0x8000805e x28=0xffffe2e3 PA:0x80008328
        4575000	       456	80000964	3d28b413	sltiu	x8,x17,978	 x17:0x00000011  x8=0x00000001
        4585000	       457	80000968	e9500f13	addi	x30,x0,-363	  x0:0x00000000 x30=0xfffffe95
        4595000	       458	8000096c	20e5d303	lhu	x6,526(x11)	 x11:0x8000805e  x6=0x00002627 PA:0x8000826c
        4605000	       459	80000970	00008e17	auipc	x28,0x8	 x28=0x8000896c
        4615000	       460	80000974	ef0e0e13	addi	x28,x28,-272	 x28:0x8000896c x28=0x8000885c
        4625000	       461	80000978	414b5013	srai	x0,x22,0x14	 x22:0x00000001
        4635000	       462	8000097c	00443833	sltu	x16,x8,x4	  x8:0x00000001  x4:0xffffff86 x16=0x00000001
        4645000	       463	80000980	fe2e0723	sb	x2,-18(x28)	 x28:0x8000885c  x2:0x80009f64 PA:0x8000884a
        4655000	       464	80000984	01c643b3	xor	x7,x12,x28	 x12:0x00000001 x28:0x8000885c  x7=0x8000885d
        4665000	       465	80000988	e2447993	andi	x19,x8,-476	  x8:0x00000001 x19=0x00000000
        4675000	       466	8000098c	00d53c33	sltu	x24,x10,x13	 x10:0xffffffad x13:0x0000005e x24=0x00000000
        4685000	       467	80000990	ff9e4b03	lbu	x22,-7(x28)	 x28:0x8000885c x22=0x0000003e PA:0x80008855
        4695000	       468	80000994	40bd5a93	srai	x21,x26,0xb	 x26:0xfd34a927 x21=0xffffa695
        4705000	       469	80000998	fd8e2c23	sw	x24,-40(x28)	 x28:0x8000885c x24:0x00000000 PA:0x80008834
        4715000	       470	8000099c	01de0403	lb	x8,29(x28)	 x28:0x8000885c  x8=0x00000062 PA:0x80008879
        4725000	       471	800009a0	fc7e05a3	sb	x7,-53(x28)	 x28:0x8000885c  x7:0x8000885d PA:0x80008827
        4735000	       472	800009a4	fede4883	lbu	x17,-19(x28)	 x28:0x8000885c x17=0x00000032 PA:0x80008849
        4745000	       473	800009a8	51e0b393	sltiu	x7,x1,1310	  x1:0x000000ca  x7=0x00000001
        4755000	       474	800009ac	fd1e0083	lb	x1,-47(x28)	 x28:0x8000885c  x1=0x00000016 PA:0x8000882d
        4765000	       475	800009b0	ff0e4503	lbu	x10,-16(x28)	 x28:0x8000885c x10=0x00000037 PA:0x8000884c
        4775000	       476	800009b4	00729493	slli	x9,x5,0x7	  x5:0x00000006  x9=0x00000300
        4785000	       477	800009b8	fe5e01a3	sb	x5,-29(x28)	 x28:0x8000885c  x5:0x00000006 PA:0x8000883f
        4795000	       478	800009bc	018e45b3	xor	x11,x28,x24	 x28:0x8000885c x24:0x00000000 x11=0x8000885c
        4805000	       479	800009c0	40a70fb3	sub	x31,x14,x10	 x14:0x3c3d3e3f x10:0x00000037 x31=0x3c3d3e08
        4815000	       480	800009c4	be712013	slti	x0,x2,-1049	  x2:0x80009f64
        4825000	       481	800009c8	01de0583	lb	x11,29(x28)	 x28:0x8000885c x11=0x00000062 PA:0x80008879
        4835000	       482	800009cc	41e05a13	srai	x20,x0,0x1e	  x0:0x00000000 x20=0x00000000
        4845000	       483	800009d0	01fe0803	lb	x16,31(x28)	 x28:0x8000885c x16=0x00000060 PA:0x8000887b
        4855000	       484	800009d4	889ec817	auipc	x16,0x889ec	 x16=0x089ec9d0
        4865000	       485	800009d8	fefe4503	lbu	x10,-17(x28)	 x28:0x8000885c x10=0x00000030 PA:0x8000884b
        4875000	       486	800009dc	ffee1923	sh	x30,-14(x28)	 x28:0x8000885c x30:0xfffffe95 PA:0x8000884e
        4885000	       487	800009e0	fffe0f83	lb	x31,-1(x28)	 x28:0x8000885c x31=0x00000040 PA:0x8000885b
        4895000	       488	800009e4	0099d293	srli	x5,x19,0x9	 x19:0x00000000  x5=0x00000000
        4905000	       489	800009e8	6c7d4293	xori	x5,x26,1735	 x26:0xfd34a927  x5=0xfd34afe0
        4915000	       490	800009ec	039e4783	lbu	x15,57(x28)	 x28:0x8000885c x15=0x0000007e PA:0x80008895
        4925000	       491	00000000	00000013	addi	x0,x0,0	  x0:0x00000000
        4935000	       492	800009f0	00b7d193	srli	x3,x15,0xb	 x15:0x0000007e  x3=0x00000000
        4945000	       493	800009f4	01fe06a3	sb	x31,13(x28)	 x28:0x8000885c x31:0x00000040 PA:0x80008869
        4955000	       494	800009f8	00008717	auipc	x14,0x8	 x14=0x800089f4
        4965000	       495	800009fc	ec470713	addi	x14,x14,-316	 x14:0x800089f4 x14=0x800088b8
        4975000	       496	80000a00	170700a3	sb	x16,353(x14)	 x14:0x800088b8 x16:0x089ec9d0 PA:0x80008a19
        4985000	       497	80000a04	67c70303	lb	x6,1660(x14)	 x14:0x800088b8  x6=0x0000001f PA:0x80008f34
        4995000	       498	80000a08	130f26b7	lui	x13,0x130f2	 x13=0x130f2000
        5005000	       499	80000a0c	ffa70023	sb	x26,-32(x14)	 x14:0x800088b8 x26:0xfd34a927 PA:0x80008898
        5015000	       500	80000a10	01c54b33	xor	x22,x10,x28	 x10:0x00000030 x28:0x8000885c x22=0x8000886c
        5025000	       501	80000a14	0117d033	srl	x0,x15,x17	 x15:0x0000007e x17:0x00000032
        5035000	       502	80000a18	4099d413	srai	x8,x19,0x9	 x19:0x00000000  x8=0x00000000
        5045000	       503	80000a1c	57071323	sh	x16,1382(x14)	 x14:0x800088b8 x16:0x089ec9d0 PA:0x80008e1e
        5055000	       504	80000a20	5dc76093	ori	x1,x14,1500	 x14:0x800088b8  x1=0x80008dfc
        5065000	       505	80000a24	01c41493	slli	x9,x8,0x1c	  x8:0x00000000  x9=0x00000000
        5075000	       506	80000a28	35374f03	lbu	x30,851(x14)	 x14:0x800088b8 x30=0x000000f0 PA:0x80008c0b
        5085000	       507	80000a2c	7799c793	xori	x15,x19,1913	 x19:0x00000000 x15=0x00000779
        5095000	       508	80000a30	01f4b4b3	sltu	x9,x9,x31	  x9:0x00000000 x31:0x00000040  x9=0x00000001
        5105000	       509	80000a34	40f5d393	srai	x7,x11,0xf	 x11:0x00000062  x7=0x00000000
        5115000	       510	80000a38	003907b3	add	x15,x18,x3	 x18:0x80009fc4  x3:0x00000000 x15=0x80009fc4
        5125000	       511	80000a3c	55870923	sb	x24,1362(x14)	 x14:0x800088b8 x24:0x00000000 PA:0x80008e0a
        5135000	       512	80000a40	fa370aa3	sb	x3,-75(x14)	 x14:0x800088b8  x3:0x00000000 PA:0x8000886d
        5145000	       513	80000a44	53213593	sltiu	x11,x2,1330	  x2:0x80009f64 x11=0x00000000
        5155000	       514	80000a48	a86dc413	xori	x8,x27,-1402	 x27:0x0000004f  x8=0xfffffac9
        5165000	       515	80000a4c	9eadc617	auipc	x12,0x9eadc	 x12=0x1eadca48
        5175000	       516	80000a50	003f10b3	sll	x1,x30,x3	 x30:0x000000f0  x3:0x00000000  x1=0x000000f0
        5185000	       517	80000a54	64a74e03	lbu	x28,1610(x14)	 x14:0x800088b8 x28=0x000000e9 PA:0x80008f02
        5195000	       518	80000a58	d6da2413	slti	x8,x20,-659	 x20:0x00000000  x8=0x00000000
        5205000	       519	80000a5c	4b370e83	lb	x29,1203(x14)	 x14:0x800088b8 x29=0x00000050 PA:0x80008d6b
        5215000	       520	80000a60	410d0eb3	sub	x29,x26,x16	 x26:0xfd34a927 x16:0x089ec9d0 x29=0xf495df57
        5225000	       521	80000a64	6a3fab13	slti	x22,x31,1699	 x31:0x00000040 x22=0x00000001
        5235000	       522	80000a68	6b370123	sb	x19,1698(x14)	 x14:0x800088b8 x19:0x00000000 PA:0x80008f5a
        5245000	       523	80000a6c	fb772223	sw	x23,-92(x14)	 x14:0x800088b8 x23:0x00000008 PA:0x8000885c
        5255000	       524	80000a70	00008f17	auipc	x30,0x8	 x30=0x80008a6c
        5265000	       525	80000a74	d90f0f13	addi	x30,x30,-624	 x30:0x80008a6c x30=0x800087fc
        5275000	       526	80000a78	214e0613	addi	x12,x28,532	 x28:0x000000e9 x12=0x000002fd
        5285000	       527	80000a7c	ef9ae093	ori	x1,x21,-263	 x21:0xffffa695  x1=0xfffffefd
        5295000	       528	80000a80	f66f1383	lh	x7,-154(x30)	 x30:0x800087fc  x7=0x00001819 PA:0x80008762
        5305000	       529	80000a84	f6df0783	lb	x15,-147(x30)	 x30:0x800087fc x15=0x00000022 PA:0x80008769
        5315000	       530	80000a88	f5ff0783	lb	x15,-161(x30)	 x30:0x800087fc x15=0x00000010 PA:0x8000875b
        5325000	       531	80000a8c	f66f07a3	sb	x6,-145(x30)	 x30:0x800087fc  x6:0x0000001f PA:0x8000876b
        5335000	       532	80000a90	009c21b3	slt	x3,x24,x9	 x24:0x00000000  x9:0x00000001  x3=0x00000001
        5345000	       533	80000a94	52182513	slti	x10,x16,1313	 x16:0x089ec9d0 x10=0x00000000
        5355000	       534	80000a98	f2ef4683	lbu	x13,-210(x30)	 x30:0x800087fc x13=0x000000e1 PA:0x8000872a
        5365000	       535	80000a9c	f2ef4803	lbu	x16,-210(x30)	 x30:0x800087fc x16=0x000000e1 PA:0x8000872a
        5375000	       536	80000aa0	01822fb3	slt	x31,x4,x24	  x4:0xffffff86 x24:0x00000000 x31=0x00000001
        5385000	       537	80000aa4	f27f1723	sh	x7,-210(x30)	 x30:0x800087fc  x7:0x00001819 PA:0x8000872a
        5395000	       538	80000aa8	f83f07a3	sb	x3,-113(x30)	 x30:0x800087fc  x3:0x00000001 PA:0x8000878b
        5405000	       539	80000aac	f9cf07a3	sb	x28,-113(x30)	 x30:0x800087fc x28:0x000000e9 PA:0x8000878b
        5415000	       540	80000ab0	00089cb3	sll	x25,x17,x0	 x17:0x00000032  x0:0x00000000 x25=0x00000032
        5425000	       541	80000ab4	f8ff4503	lbu	x10,-113(x30)	 x30:0x800087fc x10=0x000000e9 PA:0x8000878b
        5435000	       542	80000ab8	f0ff0783	lb	x15,-241(x30)	 x30:0x800087fc x15=0xffffffc0 PA:0x8000870b
        5445000	       543	80000abc	f33f4c03	lbu	x24,-205(x30)	 x30:0x800087fc x24=0x000000e4 PA:0x8000872f
        5455000	       544	80000ac0	01af1623	sh	x26,12(x30)	 x30:0x800087fc x26:0xfd34a927 PA:0x80008808
        5465000	       545	80000ac4	4064d593	srai	x11,x9,0x6	  x9:0x00000001 x11=0x00000000
        5475000	       546	80000ac8	00cf2e83	lw	x29,12(x30)	 x30:0x800087fc x29=0xc0c1a927 PA:0x80008808
        5485000	       547	80000acc	00000013	addi	x0,x0,0	  x0:0x00000000
        5495000	       548	80000ad0	03f41a63	bne	x8,x31,80000b04	  x8:0x00000000 x31:0x00000001
        5505000	       549	00000000	00000013	addi	x0,x0,0	  x0:0x00000000
        5515000	       550	80000b00	00000013	addi	x0,x0,0	  x0:0x00000000
        5525000	       551	80000b04	a03d7093	andi	x1,x26,-1533	 x26:0xfd34a927  x1=0xfd34a803
        5535000	       552	80000b08	008079b3	and	x19,x0,x8	  x0:0x00000000  x8:0x00000000 x19=0x00000000
        5545000	       553	80000b0c	0177d7b3	srl	x15,x15,x23	 x15:0xffffffc0 x23:0x00000008 x15=0x00ffffff
        5555000	       554	80000b10	00361033	sll	x0,x12,x3	 x12:0x000002fd  x3:0x00000001
        5565000	       555	80000b14	00008717	auipc	x14,0x8	 x14=0x80008b10
        5575000	       556	80000b18	f1e70713	addi	x14,x14,-226	 x14:0x80008b10 x14=0x80008a2e
        5585000	       557	80000b1c	15970783	lb	x15,345(x14)	 x14:0x80008a2e x15=0x0000006c PA:0x80008b87
        5595000	       558	80000b20	4c172923	sw	x1,1234(x14)	 x14:0x80008a2e  x1:0xfd34a803 PA:0x80008f00
        5605000	       559	80000b24	4d570923	sb	x21,1234(x14)	 x14:0x80008a2e x21:0xffffa695 PA:0x80008f00
        5615000	       560	80000b28	4ad70aa3	sb	x13,1205(x14)	 x14:0x80008a2e x13:0x000000e1 PA:0x80008ee3
        5625000	       561	80000b2c	4b570783	lb	x15,1205(x14)	 x14:0x80008a2e x15=0xffffffe1 PA:0x80008ee3
        5635000	       562	80000b30	228700a3	sb	x8,545(x14)	 x14:0x80008a2e  x8:0x00000000 PA:0x80008c4f
        5645000	       563	80000b34	f3170683	lb	x13,-207(x14)	 x14:0x80008a2e x13=0x00000044 PA:0x8000895f
        5655000	       564	80000b38	ed970223	sb	x25,-316(x14)	 x14:0x80008a2e x25:0x00000032 PA:0x800088f2
        5665000	       565	80000b3c	00162f33	slt	x30,x12,x1	 x12:0x000002fd  x1:0xfd34a803 x30=0x00000000
        5675000	       566	80000b40	59970803	lb	x16,1433(x14)	 x14:0x80008a2e x16=0xffffffac PA:0x80008fc7
        5685000	       567	80000b44	01a19c93	slli	x25,x3,0x1a	  x3:0x00000001 x25=0x04000000
        5695000	       568	80000b48	59970603	lb	x12,1433(x14)	 x14:0x80008a2e x12=0xffffffac PA:0x80008fc7
        5705000	       569	80000b4c	ef470c83	lb	x25,-268(x14)	 x14:0x80008a2e x25=0x00000009 PA:0x80008922
        5715000	       570	80000b50	f7a70083	lb	x1,-134(x14)	 x14:0x80008a2e  x1=0xffffff93 PA:0x800089a8
        5725000	       571	80000b54	008ae433	or	x8,x21,x8	 x21:0xffffa695  x8:0x00000000  x8=0xffffa695
        5735000	       572	80000b58	a720a537	lui	x10,0xa720a	 x10=0xa720a000
        5745000	       573	80000b5c	6c88be93	sltiu	x29,x17,1736	 x17:0x00000032 x29=0x00000001
        5755000	       574	80000b60	01f15993	srli	x19,x2,0x1f	  x2:0x80009f64 x19=0x00000001
        5765000	       575	80000b64	0185bdb3	sltu	x27,x11,x24	 x11:0x00000000 x24:0x000000e4 x27=0x00000001
        5775000	       576	80000b68	04396663	bltu	x18,x3,80000bb4	 x18:0x80009fc4  x3:0x00000001
        5785000	       577	80000b6c	9b1b8593	addi	x11,x23,-1615	 x23:0x00000008 x11=0xfffff9b9
        5795000	       578	80000b70	01d49db3	sll	x27,x9,x29	  x9:0x00000001 x29:0x00000001 x27=0x00000002
        5805000	       579	80000b74	00842233	slt	x4,x8,x8	  x8:0xffffa695  x8:0xffffa695  x4=0x00000000
        5815000	       580	80000b78	fdb5f693	andi	x13,x11,-37	 x11:0xfffff9b9 x13=0xfffff999
        5825000	       581	80000b7c	013ee663	bltu	x29,x19,80000b88	 x29:0x00000001 x19:0x00000001
        5835000	       582	80000b80	003212b3	sll	x5,x4,x3	  x4:0x00000000  x3:0x00000001  x5=0x00000000
        5845000	       583	80000b84	d4bc8613	addi	x12,x25,-693	 x25:0x00000009 x12=0xfffffd54
        5855000	       584	80000b88	8da52e13	slti	x28,x10,-1830	 x10:0xa720a000 x28=0x00000001
        5865000	       585	80000b8c	5161e3b7	lui	x7,0x5161e	  x7=0x5161e000
        5875000	       586	80000b90	01151333	sll	x6,x10,x17	 x10:0xa720a000 x17:0x00000032  x6=0x80000000
        5885000	       587	80000b94	00135513	srli	x10,x6,0x1	  x6:0x80000000 x10=0x40000000
        5895000	       588	80000b98	03927063	bgeu	x4,x25,80000bb8	  x4:0x00000000 x25:0x00000009
        5905000	       589	80000b9c	39dda813	slti	x16,x27,925	 x27:0x00000002 x16=0x00000001
        5915000	       590	80000ba0	523a4c13	xori	x24,x20,1315	 x20:0x00000000 x24=0x00000523
        5925000	       591	80000ba4	415ed813	srai	x16,x29,0x15	 x29:0x00000001 x16=0x00000000
        5935000	       592	80000ba8	01f0c633	xor	x12,x1,x31	  x1:0xffffff93 x31:0x00000001 x12=0xffffff92
        5945000	       593	80000bac	013dd6b3	srl	x13,x27,x19	 x27:0x00000002 x19:0x00000001 x13=0x00000001
        5955000	       594	80000bb0	00c87463	bgeu	x16,x12,80000bb8	 x16:0x00000000 x12:0xffffff92
        5965000	       595	80000bb4	00035233	srl	x4,x6,x0	  x6:0x80000000  x0:0x00000000  x4=0x80000000
        5975000	       596	80000bb8	d1264597	auipc	x11,0xd1264	 x11=0x51264bb4
        5985000	       597	80000bbc	013a3233	sltu	x4,x20,x19	 x20:0x00000000 x19:0x00000001  x4=0x00000001
        5995000	       598	80000bc0	00516bb3	or	x23,x2,x5	  x2:0x80009f64  x5:0x00000000 x23=0x80009f64
        6005000	       599	80000bc4	a9f0d2b7	lui	x5,0xa9f0d	  x5=0xa9f0d000
        6015000	       600	80000bc8	01d9f263	bgeu	x19,x29,80000bcc	 x19:0x00000001 x29:0x00000001
        6025000	       601	00000000	00000013	addi	x0,x0,0	  x0:0x00000000
        6035000	       602	80000bc8	00000013	addi	x0,x0,0	  x0:0x00000000
        6045000	       603	80000bcc	0000f433	and	x8,x1,x0	  x1:0xffffff93  x0:0x00000000  x8=0x00000000
        6055000	       604	80000bd0	00c51db3	sll	x27,x10,x12	 x10:0x40000000 x12:0xffffff92 x27=0x00000000
        6065000	       605	80000bd4	01e03eb3	sltu	x29,x0,x30	  x0:0x00000000 x30:0x00000000 x29=0x00000000
        6075000	       606	80000bd8	00b41413	slli	x8,x8,0xb	  x8:0x00000000  x8=0x00000000
        6085000	       607	80000bdc	40635e33	sra	x28,x6,x6	  x6:0x80000000  x6:0x80000000 x28=0x80000000
        6095000	       608	80000be0	40fc0033	sub	x0,x24,x15	 x24:0x00000523 x15:0xffffffe1
        6105000	       609	80000be4	01d2ca33	xor	x20,x5,x29	  x5:0xa9f0d000 x29:0x00000000 x20=0xa9f0d000
        6115000	       610	80000be8	cf968713	addi	x14,x13,-775	 x13:0x00000001 x14=0xfffffcfa
        6125000	       611	80000bec	01a6fe63	bgeu	x13,x26,80000c08	 x13:0x00000001 x26:0xfd34a927
        6135000	       612	80000bf0	3e943413	sltiu	x8,x8,1001	  x8:0x00000000  x8=0x00000001
        6145000	       613	80000bf4	41240833	sub	x16,x8,x18	  x8:0x00000001 x18:0x80009fc4 x16=0x7fff603d
        6155000	       614	80000bf8	01599033	sll	x0,x19,x21	 x19:0x00000001 x21:0xffffa695
        6165000	       615	80000bfc	415ed733	sra	x14,x29,x21	 x29:0x00000000 x21:0xffffa695 x14=0x00000000
        6175000	       616	80000c00	045df063	bgeu	x27,x5,80000c40	 x27:0x00000000  x5:0xa9f0d000
        6185000	       617	80000c04	62018213	addi	x4,x3,1568	  x3:0x00000001  x4=0x00000621
        6195000	       618	80000c08	d96ff193	andi	x3,x31,-618	 x31:0x00000001  x3=0x00000000
        6205000	       619	80000c0c	00000013	addi	x0,x0,0	  x0:0x00000000
        6215000	       620	80000c10	04a64263	blt	x12,x10,80000c54	 x12:0xffffff92 x10:0x40000000
        6225000	       621	00000000	00000013	addi	x0,x0,0	  x0:0x00000000
        6235000	       622	80000c50	00000013	addi	x0,x0,0	  x0:0x00000000
        6245000	       623	80000c54	40225e93	srai	x29,x4,0x2	  x4:0x00000621 x29=0x00000188
        6255000	       624	80000c58	401287b3	sub	x15,x5,x1	  x5:0xa9f0d000  x1:0xffffff93 x15=0xa9f0d06d
        6265000	       625	80000c5c	3fe6af13	slti	x30,x13,1022	 x13:0x00000001 x30=0x00000001
        6275000	       626	80000c60	01faceb3	xor	x29,x21,x31	 x21:0xffffa695 x31:0x00000001 x29=0xffffa694
        6285000	       627	80000c64	03851063	bne	x10,x24,80000c84	 x10:0x40000000 x24:0x00000523
        6295000	       628	00000000	00000013	addi	x0,x0,0	  x0:0x00000000
        6305000	       629	80000c80	00000013	addi	x0,x0,0	  x0:0x00000000
        6315000	       630	80000c84	40290c33	sub	x24,x18,x2	 x18:0x80009fc4  x2:0x80009f64 x24=0x00000060
        6325000	       631	80000c88	05ccf063	bgeu	x25,x28,80000cc8	 x25:0x00000009 x28:0x80000000
        6335000	       632	80000c8c	012ae9b3	or	x19,x21,x18	 x21:0xffffa695 x18:0x80009fc4 x19=0xffffbfd5
        6345000	       633	80000c90	00baa333	slt	x6,x21,x11	 x21:0xffffa695 x11:0x51264bb4  x6=0x00000001
        6355000	       634	80000c94	01d6d263	bge	x13,x29,80000c98	 x13:0x00000001 x29:0xffffa694
        6365000	       635	00000000	00000013	addi	x0,x0,0	  x0:0x00000000
        6375000	       636	80000c94	00000013	addi	x0,x0,0	  x0:0x00000000
        6385000	       637	80000c98	00f3aa33	slt	x20,x7,x15	  x7:0x5161e000 x15:0xa9f0d06d x20=0x00000000
        6395000	       638	80000c9c	c8566c13	ori	x24,x12,-891	 x12:0xffffff92 x24=0xffffff97
        6405000	       639	80000ca0	b0b06c93	ori	x25,x0,-1269	  x0:0x00000000 x25=0xfffffb0b
        6415000	       640	80000ca4	05f35463	bge	x6,x31,80000cec	  x6:0x00000001 x31:0x00000001
        6425000	       641	00000000	00000013	addi	x0,x0,0	  x0:0x00000000
        6435000	       642	80000ce8	00000013	addi	x0,x0,0	  x0:0x00000000
        6445000	       643	80000cec	00c3cc63	blt	x7,x12,80000d04	  x7:0x5161e000 x12:0xffffff92
        6455000	       644	80000cf0	029f7863	bgeu	x30,x9,80000d20	 x30:0x00000001  x9:0x00000001
        6465000	       645	00000000	00000013	addi	x0,x0,0	  x0:0x00000000
        6475000	       646	80000d1c	00000013	addi	x0,x0,0	  x0:0x00000000
        6485000	       647	80000d20	00234cb3	xor	x25,x6,x2	  x6:0x00000001  x2:0x80009f64 x25=0x80009f65
        6495000	       648	80000d24	a218b013	sltiu	x0,x17,-1503	 x17:0x00000032
        6505000	       649	80000d28	8dcd4a93	xori	x21,x26,-1828	 x26:0xfd34a927 x21=0x02cb51fb
        6515000	       650	80000d2c	af47a813	slti	x16,x15,-1292	 x15:0xa9f0d06d x16=0x00000001
        6525000	       651	80000d30	0076dd93	srli	x27,x13,0x7	 x13:0x00000001 x27=0x00000000
        6535000	       652	80000d34	00243f33	sltu	x30,x8,x2	  x8:0x00000001  x2:0x80009f64 x30=0x00000001
        6545000	       653	80000d38	00000c97	auipc	x25,0x0	 x25=0x80000d34
        6555000	       654	80000d3c	670c8c93	addi	x25,x25,1648	 x25:0x80000d34 x25=0x800013a4
        6565000	       655	80000d40	c7dc8c93	addi	x25,x25,-899	 x25:0x800013a4 x25=0x80001021
        6575000	       656	80000d44	1bb422b7	lui	x5,0x1bb42	  x5=0x1bb42000
        6585000	       657	80000d48	007176b3	and	x13,x2,x7	  x2:0x80009f64  x7:0x5161e000 x13=0x00008000
        6595000	       658	80000d4c	bff60013	addi	x0,x12,-1025	 x12:0xffffff92
        6605000	       659	80000d50	01946463	bltu	x8,x25,80000d58	  x8:0x00000001 x25:0x80001021
        6615000	       660	00000000	00000013	addi	x0,x0,0	  x0:0x00000000
        6625000	       661	80000d54	00000013	addi	x0,x0,0	  x0:0x00000000
        6635000	       662	80000d58	383c80e7	jalr	x1,x25,899	 x25:0x80001021  x1=0x80000d58
        6645000	       663	00000000	00000013	addi	x0,x0,0	  x0:0x00000000
        6655000	       664	800013a4	00000013	addi	x0,x0,0	  x0:0x00000000
        6665000	       665	800013a8	311ece13	xori	x28,x29,785	 x29:0xffffa694 x28=0xffffa585
        6675000	       666	800013ac	00417463	bgeu	x2,x4,800013b4	  x2:0x80009f64  x4:0x00000621
        6685000	       667	00000000	00000013	addi	x0,x0,0	  x0:0x00000000
        6695000	       668	800013b0	00000013	addi	x0,x0,0	  x0:0x00000000
        6705000	       669	800013b4	fc010113	addi	x2,x2,-64	  x2:0x80009f64  x2=0x80009f24
        6715000	       670	800013b8	014ef233	and	x4,x29,x20	 x29:0xffffa694 x20:0x00000000  x4=0x00000000
        6725000	       671	800013bc	7562b593	sltiu	x11,x5,1878	  x5:0x1bb42000 x11=0x00000000
        6735000	       672	800013c0	00112223	sw	x1,4(x2)	  x2:0x80009f24  x1:0x80000d58 PA:0x80009f28
        6745000	       673	800013c4	007cca33	xor	x20,x25,x7	 x25:0x80001021  x7:0x5161e000 x20=0xd161f021
        6755000	       674	800013c8	413086b3	sub	x13,x1,x19	  x1:0x80000d58 x19:0xffffbfd5 x13=0x80004d83
        6765000	       675	800013cc	002c5713	srli	x14,x24,0x2	 x24:0xffffff97 x14=0x3fffffe5
        6775000	       676	800013d0	003da3b3	slt	x7,x27,x3	 x27:0x00000000  x3:0x00000000  x7=0x00000000
        6785000	       677	800013d4	cd263493	sltiu	x9,x12,-814	 x12:0xffffff92  x9=0x00000000
        6795000	       678	800013d8	00007717	auipc	x14,0x7	 x14=0x800083d4
        6805000	       679	800013dc	7dd70713	addi	x14,x14,2013	 x14:0x800083d4 x14=0x80008bb1
        6815000	       680	800013e0	02a74303	lbu	x6,42(x14)	 x14:0x80008bb1  x6=0x000000c0 PA:0x80008bdb
        6825000	       681	800013e4	00d5d533	srl	x10,x11,x13	 x11:0x00000000 x13:0x80004d83 x10=0x00000000
        6835000	       682	800013e8	02e74083	lbu	x1,46(x14)	 x14:0x80008bb1  x1=0x000000c4 PA:0x80008bdf
        6845000	       683	800013ec	03e721a3	sw	x30,35(x14)	 x14:0x80008bb1 x30:0x00000001 PA:0x80008bd4
        6855000	       684	800013f0	fd770a83	lb	x21,-41(x14)	 x14:0x80008bb1 x21=0x00000073 PA:0x80008b88
        6865000	       685	800013f4	fc371183	lh	x3,-61(x14)	 x14:0x80008bb1  x3=0x00005e5f PA:0x80008b74
        6875000	       686	800013f8	fee74883	lbu	x17,-18(x14)	 x14:0x80008bb1 x17=0x00000084 PA:0x80008b9f
        6885000	       687	800013fc	fe370923	sb	x3,-14(x14)	 x14:0x80008bb1  x3:0x00005e5f PA:0x80008ba3
        6895000	       688	80001400	fde70483	lb	x9,-34(x14)	 x14:0x80008bb1  x9=0x00000074 PA:0x80008b8f
        6905000	       689	80001404	fe670623	sb	x6,-20(x14)	 x14:0x80008bb1  x6:0x000000c0 PA:0x80008b9d
        6915000	       690	80001408	ffa719a3	sh	x26,-13(x14)	 x14:0x80008bb1 x26:0xfd34a927 PA:0x80008ba4
        6925000	       691	8000140c	fcd70b03	lb	x22,-51(x14)	 x14:0x80008bb1 x22=0x00000065 PA:0x80008b7e
        6935000	       692	80001410	40428033	sub	x0,x5,x4	  x5:0x1bb42000  x4:0x00000000
        6945000	       693	80001414	001587b3	add	x15,x11,x1	 x11:0x00000000  x1:0x000000c4 x15=0x000000c4
        6955000	       694	80001418	00625633	srl	x12,x4,x6	  x4:0x00000000  x6:0x000000c0 x12=0x00000000
        6965000	       695	8000141c	02175f83	lhu	x31,33(x14)	 x14:0x80008bb1 x31=0x0000b8c8 PA:0x80008bd2
        6975000	       696	80001420	9a20c813	xori	x16,x1,-1630	  x1:0x000000c4 x16=0xfffff966
        6985000	       697	80001424	03470383	lb	x7,52(x14)	 x14:0x80008bb1  x7=0xffffffce PA:0x80008be5
        6995000	       698	80001428	019704a3	sb	x25,9(x14)	 x14:0x80008bb1 x25:0x80001021 PA:0x80008bba
        7005000	       699	8000142c	fc374603	lbu	x12,-61(x14)	 x14:0x80008bb1 x12=0x0000005f PA:0x80008b74
        7015000	       700	80001430	fe470e03	lb	x28,-28(x14)	 x14:0x80008bb1 x28=0x00000000 PA:0x80008b95
        7025000	       701	80001434	01603333	sltu	x6,x0,x22	  x0:0x00000000 x22:0x00000065  x6=0x00000001
        7035000	       702	80001438	00670fa3	sb	x6,31(x14)	 x14:0x80008bb1  x6:0x00000001 PA:0x80008bd0
        7045000	       703	8000143c	00b71f03	lh	x30,11(x14)	 x14:0x80008bb1 x30=0xffffa6a7 PA:0x80008bbc
        7055000	       704	80001440	01070f23	sb	x16,30(x14)	 x14:0x80008bb1 x16:0xfffff966 PA:0x80008bcf
        7065000	       705	80001444	016aa1b3	slt	x3,x21,x22	 x21:0x00000073 x22:0x00000065  x3=0x00000000
        7075000	       706	80001448	00691993	slli	x19,x18,0x6	 x18:0x80009fc4 x19=0x0027f100
        7085000	       707	8000144c	ea5a2d93	slti	x27,x20,-347	 x20:0xd161f021 x27=0x00000001
        7095000	       708	80001450	00ef1633	sll	x12,x30,x14	 x30:0xffffa6a7 x14:0x80008bb1 x12=0x4d4e0000
        7105000	       709	80001454	fec74283	lbu	x5,-20(x14)	 x14:0x80008bb1  x5=0x000000c0 PA:0x80008b9d
        7115000	       710	80001458	c4286c13	ori	x24,x16,-958	 x16:0xfffff966 x24=0xfffffd66
        7125000	       711	8000145c	416b0b33	sub	x22,x22,x22	 x22:0x00000065 x22:0x00000065 x22=0x00000000
        7135000	       712	80001460	03474e83	lbu	x29,52(x14)	 x14:0x80008bb1 x29=0x000000ce PA:0x80008be5
        7145000	       713	80001464	017378b3	and	x17,x6,x23	  x6:0x00000001 x23:0x80009f64 x17=0x00000000
        7155000	       714	80001468	01b74803	lbu	x16,27(x14)	 x14:0x80008bb1 x16=0x000000b7 PA:0x80008bcc
        7165000	       715	8000146c	02b74b03	lbu	x22,43(x14)	 x14:0x80008bb1 x22=0x000000c7 PA:0x80008bdc
        7175000	       716	80001470	d221bb13	sltiu	x22,x3,-734	  x3:0x00000000 x22=0x00000001
        7185000	       717	80001474	fd670b23	sb	x22,-42(x14)	 x14:0x80008bb1 x22:0x00000001 PA:0x80008b87
        7195000	       718	80001478	01223e33	sltu	x28,x4,x18	  x4:0x00000000 x18:0x80009fc4 x28=0x00000001
        7205000	       719	8000147c	fe874083	lbu	x1,-24(x14)	 x14:0x80008bb1  x1=0x00000082 PA:0x80008b99
        7215000	       720	80001480	009820b3	slt	x1,x16,x9	 x16:0x000000b7  x9:0x00000074  x1=0x00000000
        7225000	       721	80001484	01074183	lbu	x3,16(x14)	 x14:0x80008bb1  x3=0x000000aa PA:0x80008bc1
        7235000	       722	80001488	cd532e13	slti	x28,x6,-811	  x6:0x00000001 x28=0x00000000
        7245000	       723	8000148c	02712893	slti	x17,x2,39	  x2:0x80009f24 x17=0x00000001
        7255000	       724	80001490	fe274403	lbu	x8,-30(x14)	 x14:0x80008bb1  x8=0x00000078 PA:0x80008b93
        7265000	       725	80001494	e940e8b7	lui	x17,0xe940e	 x17=0xe940e000
        7275000	       726	80001498	00571a83	lh	x21,5(x14)	 x14:0x80008bb1 x21=0xffff9c9d PA:0x80008bb6
        7285000	       727	8000149c	03a70e23	sb	x26,60(x14)	 x14:0x80008bb1 x26:0xfd34a927 PA:0x80008bed
        7295000	       728	800014a0	019230b3	sltu	x1,x4,x25	  x4:0x00000000 x25:0x80001021  x1=0x00000001
        7305000	       729	800014a4	1e664513	xori	x10,x12,486	 x12:0x4d4e0000 x10=0x4d4e01e6
        7315000	       730	800014a8	00219e93	slli	x29,x3,0x2	  x3:0x000000aa x29=0x000002a8
        7325000	       731	800014ac	0046c2b3	xor	x5,x13,x4	 x13:0x80004d83  x4:0x00000000  x5=0x80004d83
        7335000	       732	800014b0	fc674783	lbu	x15,-58(x14)	 x14:0x80008bb1 x15=0x0000005c PA:0x80008b77
        7345000	       733	800014b4	00007617	auipc	x12,0x7	 x12=0x800084b0
        7355000	       734	800014b8	fd860613	addi	x12,x12,-40	 x12:0x800084b0 x12=0x80008488
        7365000	       735	800014bc	00007697	auipc	x13,0x7	 x13=0x800084b8
        7375000	       736	800014c0	12168693	addi	x13,x13,289	 x13:0x800084b8 x13=0x800085d9
        7385000	       737	800014c4	00560203	lb	x4,5(x12)	 x12:0x80008488  x4=0x00000046 PA:0x8000848d
        7395000	       738	800014c8	01861c23	sh	x24,24(x12)	 x12:0x80008488 x24:0xfffffd66 PA:0x800084a0
        7405000	       739	800014cc	00007e17	auipc	x28,0x7	 x28=0x800084c8
        7415000	       740	800014d0	d73e0e13	addi	x28,x28,-653	 x28:0x800084c8 x28=0x8000823b
        7425000	       741	800014d4	00007397	auipc	x7,0x7	  x7=0x800084d0
        7435000	       742	800014d8	f8938393	addi	x7,x7,-119	  x7:0x800084d0  x7=0x80008459
        7445000	       743	800014dc	1fce0a23	sb	x28,500(x28)	 x28:0x8000823b x28:0x8000823b PA:0x8000842f
        7455000	       744	800014e0	f9468923	sb	x20,-110(x13)	 x13:0x800085d9 x20:0xd161f021 PA:0x8000856b
        7465000	       745	800014e4	03b38aa3	sb	x27,53(x7)	  x7:0x80008459 x27:0x00000001 PA:0x8000848e
        7475000	       746	800014e8	f4a68783	lb	x15,-182(x13)	 x13:0x800085d9 x15=0xffffffd8 PA:0x80008523
        7485000	       747	00000000	00000013	addi	x0,x0,0	  x0:0x00000000
        7495000	       748	800014ec	f6fe1da3	sh	x15,-133(x28)	 x28:0x8000823b x15:0xffffffd8 PA:0x800081b6
        7505000	       749	800014f0	fd9e1c83	lh	x25,-39(x28)	 x28:0x8000823b x25=0x000000cf PA:0x80008214
        7515000	       750	800014f4	1d4e0f23	sb	x20,478(x28)	 x28:0x8000823b x20:0xd161f021 PA:0x80008419
        7525000	       751	800014f8	03c60523	sb	x28,42(x12)	 x12:0x80008488 x28:0x8000823b PA:0x800084b2
        7535000	       752	800014fc	ff03c003	lbu	x0,-16(x7)	  x7:0x80008459 PA:0x80008449
        7545000	       753	80001500	0333a283	lw	x5,51(x7)	  x7:0x80008459  x5=0x44014647 PA:0x8000848c
        7555000	       754	80001504	ff03cc83	lbu	x25,-16(x7)	  x7:0x80008459 x25=0x00000002 PA:0x80008449
        7565000	       755	80001508	01c61783	lh	x15,28(x12)	 x12:0x80008488 x15=0x00005e5f PA:0x800084a4
        7575000	       756	8000150c	0b0691a3	sh	x16,163(x13)	 x13:0x800085d9 x16:0x000000b7 PA:0x8000867c
        7585000	       757	80001510	0323cc83	lbu	x25,50(x7)	  x7:0x80008459 x25=0x00000040 PA:0x8000848b
        7595000	       758	80001514	05168b23	sb	x17,86(x13)	 x13:0x800085d9 x17:0xe940e000 PA:0x8000862f
        7605000	       759	80001518	fec65f83	lhu	x31,-20(x12)	 x12:0x80008488 x31=0x00002e2f PA:0x80008474
        7615000	       760	8000151c	00e38803	lb	x16,14(x7)	  x7:0x80008459 x16=0x0000001c PA:0x80008467
        7625000	       761	80001520	fc560203	lb	x4,-59(x12)	 x12:0x80008488  x4=0x00000006 PA:0x8000844d
        7635000	       762	80001524	59ce0823	sb	x28,1424(x28)	 x28:0x8000823b x28:0x8000823b PA:0x800087cb
        7645000	       763	80001528	fd93c003	lbu	x0,-39(x7)	  x7:0x80008459 PA:0x80008432
        7655000	       764	8000152c	fce65203	lhu	x4,-50(x12)	 x12:0x80008488  x4=0x00000c0d PA:0x80008456
        7665000	       765	80001530	f86e13a3	sh	x6,-121(x28)	 x28:0x8000823b  x6:0x00000001 PA:0x800081c2
        7675000	       766	80001534	023605a3	sb	x3,43(x12)	 x12:0x80008488  x3:0x000000aa PA:0x800084b3
        7685000	       767	80001538	fa56c203	lbu	x4,-91(x13)	 x13:0x800085d9  x4=0x00000035 PA:0x8000857e
        7695000	       768	8000153c	fcb392a3	sh	x11,-59(x7)	  x7:0x80008459 x11:0x00000000 PA:0x8000841e
        7705000	       769	80001540	05b62023	sw	x27,64(x12)	 x12:0x80008488 x27:0x00000001 PA:0x800084c8
        7715000	       770	80001544	00d38783	lb	x15,13(x7)	  x7:0x80008459 x15=0x0000001d PA:0x80008466
        7725000	       771	80001548	fe661883	lh	x17,-26(x12)	 x12:0x80008488 x17=0x00002425 PA:0x8000846e
        7735000	       772	8000154c	fb96cc03	lbu	x24,-71(x13)	 x13:0x800085d9 x24=0x00000049 PA:0x80008592
        7745000	       773	80001550	f836cf83	lbu	x31,-125(x13)	 x13:0x800085d9 x31=0x00000017 PA:0x8000855c
        7755000	       774	80001554	00007297	auipc	x5,0x7	  x5=0x80008550
        7765000	       775	80001558	2a628293	addi	x5,x5,678	  x5:0x80008550  x5=0x800087f6
        7775000	       776	8000155c	f252c683	lbu	x13,-219(x5)	  x5:0x800087f6 x13=0x000000d0 PA:0x8000871b
        7785000	       777	80001560	401d8a33	sub	x20,x27,x1	 x27:0x00000001  x1:0x00000001 x20=0x00000000
        7795000	       778	80001564	00ab0f33	add	x30,x22,x10	 x22:0x00000001 x10:0x4d4e01e6 x30=0x4d4e01e7
        7805000	       779	80001568	f2e29723	sh	x14,-210(x5)	  x5:0x800087f6 x14:0x80008bb1 PA:0x80008724
        7815000	       780	8000156c	fbf28a03	lb	x20,-65(x5)	  x5:0x800087f6 x20=0x0000006e PA:0x800087b5
        7825000	       781	80001570	f192ca03	lbu	x20,-231(x5)	  x5:0x800087f6 x20=0x000000c4 PA:0x8000870f
        7835000	       782	80001574	fa82cb83	lbu	x23,-88(x5)	  x5:0x800087f6 x23=0x00000055 PA:0x8000879e
        7845000	       783	80001578	01b28a83	lb	x21,27(x5)	  x5:0x800087f6 x21=0xffffffca PA:0x80008811
        7855000	       784	8000157c	f7428123	sb	x20,-158(x5)	  x5:0x800087f6 x20:0x000000c4 PA:0x80008758
        7865000	       785	80001580	f21287a3	sb	x1,-209(x5)	  x5:0x800087f6  x1:0x00000001 PA:0x80008725
        7875000	       786	80001584	0063f733	and	x14,x7,x6	  x7:0x80008459  x6:0x00000001 x14=0x00000001
        7885000	       787	80001588	fbb2c183	lbu	x3,-69(x5)	  x5:0x800087f6  x3=0x0000006a PA:0x800087b1
        7895000	       788	8000158c	00028083	lb	x1,0(x5)	  x5:0x800087f6  x1=0xffffffad PA:0x800087f6
        7905000	       789	80001590	f8d2ca83	lbu	x21,-115(x5)	  x5:0x800087f6 x21=0x00000038 PA:0x80008783
        7915000	       790	80001594	00e474b3	and	x9,x8,x14	  x8:0x00000078 x14:0x00000001  x9=0x00000000
        7925000	       791	80001598	f6629b83	lh	x23,-154(x5)	  x5:0x800087f6 x23=0x00001617 PA:0x8000875c
        7935000	       792	8000159c	f4d28c83	lb	x25,-179(x5)	  x5:0x800087f6 x25=0xfffffff8 PA:0x80008743
        7945000	       793	800015a0	4b668b13	addi	x22,x13,1206	 x13:0x000000d0 x22=0x00000586
        7955000	       794	800015a4	f2528383	lb	x7,-219(x5)	  x5:0x800087f6  x7=0xffffffd0 PA:0x8000871b
        7965000	       795	800015a8	40e75893	srai	x17,x14,0xe	 x14:0x00000001 x17=0x00000000
        7975000	       796	800015ac	0443a813	slti	x16,x7,68	  x7:0xffffffd0 x16=0x00000001
        7985000	       797	800015b0	f7c289a3	sb	x28,-141(x5)	  x5:0x800087f6 x28:0x8000823b PA:0x80008769
        7995000	       798	800015b4	00dbbdb3	sltu	x27,x23,x13	 x23:0x00001617 x13:0x000000d0 x27=0x00000000
        8005000	       799	800015b8	f6e2cc03	lbu	x24,-146(x5)	  x5:0x800087f6 x24=0x0000001f PA:0x80008764
        8015000	       800	800015bc	4175dfb3	sra	x31,x11,x23	 x11:0x00000000 x23:0x00001617 x31=0x00000000
        8025000	       801	800015c0	f9f28f83	lb	x31,-97(x5)	  x5:0x800087f6 x31=0x0000004e PA:0x80008795
        8035000	       802	800015c4	27698f93	addi	x31,x19,630	 x19:0x0027f100 x31=0x0027f376
        8045000	       803	800015c8	00185693	srli	x13,x16,0x1	 x16:0x00000001 x13=0x00000000
        8055000	       804	800015cc	f5c2d003	lhu	x0,-164(x5)	  x5:0x800087f6 PA:0x80008752
        8065000	       805	800015d0	f4e29d23	sh	x14,-166(x5)	  x5:0x800087f6 x14:0x00000001 PA:0x80008750
        8075000	       806	800015d4	fac284a3	sb	x12,-87(x5)	  x5:0x800087f6 x12:0x80008488 PA:0x8000879f
        8085000	       807	800015d8	f1d28623	sb	x29,-244(x5)	  x5:0x800087f6 x29:0x000002a8 PA:0x80008702
        8095000	       808	800015dc	f9228d83	lb	x27,-110(x5)	  x5:0x800087f6 x27=0x00000043 PA:0x80008788
        8105000	       809	800015e0	41a8d733	sra	x14,x17,x26	 x17:0x00000000 x26:0xfd34a927 x14=0x00000000
        8115000	       810	800015e4	f7128383	lb	x7,-143(x5)	  x5:0x800087f6  x7=0x0000001c PA:0x80008767
        8125000	       811	800015e8	f602c683	lbu	x13,-160(x5)	  x5:0x800087f6 x13=0x0000000d PA:0x80008756
        8135000	       812	800015ec	f7728b23	sb	x23,-138(x5)	  x5:0x800087f6 x23:0x00001617 PA:0x8000876c
        8145000	       813	800015f0	ffd2c883	lbu	x17,-3(x5)	  x5:0x800087f6 x17=0x000000a8 PA:0x800087f3
        8155000	       814	800015f4	51cbbd93	sltiu	x27,x23,1308	 x23:0x00001617 x27=0x00000000
        8165000	       815	800015f8	ff82af23	sw	x24,-2(x5)	  x5:0x800087f6 x24:0x0000001f PA:0x800087f4
        8175000	       816	800015fc	00008617	auipc	x12,0x8	 x12=0x800095f8
        8185000	       817	80001600	8ea60613	addi	x12,x12,-1814	 x12:0x800095f8 x12=0x80008ee2
        8195000	       818	80001604	e5062923	sw	x16,-430(x12)	 x12:0x80008ee2 x16:0x00000001 PA:0x80008d34
        8205000	       819	80001608	a7e64f03	lbu	x30,-1410(x12)	 x12:0x80008ee2 x30=0x0000004b PA:0x80008960
        8215000	       820	00000000	00000013	addi	x0,x0,0	  x0:0x00000000
        8225000	       821	8000160c	a7e62783	lw	x15,-1410(x12)	 x12:0x80008ee2 x15=0x48494a4b PA:0x80008960
        8235000	       822	80001610	a7e62883	lw	x17,-1410(x12)	 x12:0x80008ee2 x17=0x48494a4b PA:0x80008960
        8245000	       823	80001614	a7961f23	sh	x25,-1410(x12)	 x12:0x80008ee2 x25:0xfffffff8 PA:0x80008960
        8255000	       824	80001618	a7d61f23	sh	x29,-1410(x12)	 x12:0x80008ee2 x29:0x000002a8 PA:0x80008960
        8265000	       825	8000161c	a7a60f23	sb	x26,-1410(x12)	 x12:0x80008ee2 x26:0xfd34a927 PA:0x80008960
        8275000	       826	80001620	a7e64403	lbu	x8,-1410(x12)	 x12:0x80008ee2  x8=0x00000027 PA:0x80008960
        8285000	       827	80001624	be060403	lb	x8,-1056(x12)	 x12:0x80008ee2  x8=0xffffffa9 PA:0x80008ac2
        8295000	       828	80001628	014bfdb3	and	x27,x23,x20	 x23:0x00001617 x20:0x000000c4 x27=0x00000004
        8305000	       829	8000162c	a6383b37	lui	x22,0xa6383	 x22=0xa6383000
        8315000	       830	80001630	40efde13	srai	x28,x31,0xe	 x31:0x0027f376 x28=0x0000009f
        8325000	       831	80001634	bf461023	sh	x20,-1056(x12)	 x12:0x80008ee2 x20:0x000000c4 PA:0x80008ac2
        8335000	       832	80001638	bf560023	sb	x21,-1056(x12)	 x12:0x80008ee2 x21:0x00000038 PA:0x80008ac2
        8345000	       833	8000163c	be060f83	lb	x31,-1056(x12)	 x12:0x80008ee2 x31=0x00000038 PA:0x80008ac2
        8355000	       834	80001640	bfc61023	sh	x28,-1056(x12)	 x12:0x80008ee2 x28:0x0000009f PA:0x80008ac2
        8365000	       835	80001644	be065403	lhu	x8,-1056(x12)	 x12:0x80008ee2  x8=0x0000009f PA:0x80008ac2
        8375000	       836	80001648	00007217	auipc	x4,0x7	  x4=0x80008644
        8385000	       837	8000164c	79220213	addi	x4,x4,1938	  x4:0x80008644  x4=0x80008dd6
        8395000	       838	80001650	00008c97	auipc	x25,0x8	 x25=0x8000964c
        8405000	       839	80001654	826c8c93	addi	x25,x25,-2010	 x25:0x8000964c x25=0x80008e72
        8415000	       840	80001658	fd2c9623	sh	x18,-52(x25)	 x25:0x80008e72 x18:0x80009fc4 PA:0x80008e3e
        8425000	       841	8000165c	00007f97	auipc	x31,0x7	 x31=0x80008658
        8435000	       842	80001660	41cf8f93	addi	x31,x31,1052	 x31:0x80008658 x31=0x80008a74
        8445000	       843	80001664	00007f17	auipc	x30,0x7	 x30=0x80008660
        8455000	       844	80001668	777f0f13	addi	x30,x30,1911	 x30:0x80008660 x30=0x80008dd7
        8465000	       845	8000166c	00007517	auipc	x10,0x7	 x10=0x80008668
        8475000	       846	80001670	73d50513	addi	x10,x10,1853	 x10:0x80008668 x10=0x80008da5
        8485000	       847	80001674	01520723	sb	x21,14(x4)	  x4:0x80008dd6 x21:0x00000038 PA:0x80008de4
        8495000	       848	80001678	007203a3	sb	x7,7(x4)	  x4:0x80008dd6  x7:0x0000001c PA:0x80008ddd
        8505000	       849	8000167c	09555383	lhu	x7,149(x10)	 x10:0x80008da5  x7=0x00002021 PA:0x80008e3a
        8515000	       850	80001680	fecf0483	lb	x9,-20(x30)	 x30:0x80008dd7  x9=0xffffffa8 PA:0x80008dc3
        8525000	       851	80001684	f4e54083	lbu	x1,-178(x10)	 x10:0x80008da5  x1=0x000000d8 PA:0x80008cf3
        8535000	       852	80001688	ff3fa623	sw	x19,-20(x31)	 x31:0x80008a74 x19:0x0027f100 PA:0x80008a60
        8545000	       853	8000168c	ff820ea3	sb	x24,-3(x4)	  x4:0x80008dd6 x24:0x0000001f PA:0x80008dd3
        8555000	       854	80001690	098c8a23	sb	x24,148(x25)	 x25:0x80008e72 x24:0x0000001f PA:0x80008f06
        8565000	       855	80001694	f45ccd83	lbu	x27,-187(x25)	 x25:0x80008e72 x27=0x0000009c PA:0x80008db7
        8575000	       856	80001698	026f8703	lb	x14,38(x31)	 x31:0x80008a74 x14=0xffffff81 PA:0x80008a9a
        8585000	       857	8000169c	02af0383	lb	x7,42(x30)	 x30:0x80008dd7  x7=0xffffffea PA:0x80008e01
        8595000	       858	800016a0	f1950023	sb	x25,-256(x10)	 x10:0x80008da5 x25:0x80008e72 PA:0x80008ca5
        8605000	       859	800016a4	fbc50e23	sb	x28,-68(x10)	 x10:0x80008da5 x28:0x0000009f PA:0x80008d61
        8615000	       860	800016a8	fe2c9c03	lh	x24,-30(x25)	 x25:0x80008e72 x24=0x00003e3f PA:0x80008e54
        8625000	       861	800016ac	00b20c03	lb	x24,11(x4)	  x4:0x80008dd6 x24=0xffffffca PA:0x80008de1
        8635000	       862	800016b0	fc2f0183	lb	x3,-62(x30)	 x30:0x80008dd7  x3=0xffffff82 PA:0x80008d99
        8645000	       863	800016b4	02afc403	lbu	x8,42(x31)	 x31:0x80008a74  x8=0x00000085 PA:0x80008a9e
        8655000	       864	800016b8	fcefc783	lbu	x15,-50(x31)	 x31:0x80008a74 x15=0x00000029 PA:0x80008a42
        8665000	       865	800016bc	fccf0b83	lb	x23,-52(x30)	 x30:0x80008dd7 x23=0xffffff88 PA:0x80008da3
        8675000	       866	800016c0	01ff8383	lb	x7,31(x31)	 x31:0x80008a74  x7=0x00000078 PA:0x80008a93
        8685000	       867	800016c4	f2954a83	lbu	x21,-215(x10)	 x10:0x80008da5 x21=0x000000b5 PA:0x80008cce
        8695000	       868	00000000	00000013	addi	x0,x0,0	  x0:0x00000000
        8705000	       869	800016c8	035f0c03	lb	x24,53(x30)	 x30:0x80008dd7 x24=0xfffffff7 PA:0x80008e0c
        8715000	       870	800016cc	fc2f8c23	sb	x2,-40(x31)	 x31:0x80008a74  x2:0x80009f24 PA:0x80008a4c
        8725000	       871	800016d0	f5ec8523	sb	x30,-182(x25)	 x25:0x80008e72 x30:0x80008dd7 PA:0x80008dbc
        8735000	       872	800016d4	ff220383	lb	x7,-14(x4)	  x4:0x80008dd6  x7=0xffffffb3 PA:0x80008dc8
        8745000	       873	800016d8	0a551583	lh	x11,165(x10)	 x10:0x80008da5 x11=0x00003031 PA:0x80008e4a
        8755000	       874	800016dc	ff320283	lb	x5,-13(x4)	  x4:0x80008dd6  x5=0xffffffb2 PA:0x80008dc9
        8765000	       875	800016e0	03bfc383	lbu	x7,59(x31)	 x31:0x80008a74  x7=0x00000094 PA:0x80008aaf
        8775000	       876	800016e4	016f22a3	sw	x22,5(x30)	 x30:0x80008dd7 x22:0xa6383000 PA:0x80008ddc
        8785000	       877	800016e8	01efc983	lbu	x19,30(x31)	 x31:0x80008a74 x19=0x00000079 PA:0x80008a92
        8795000	       878	800016ec	006f87a3	sb	x6,15(x31)	 x31:0x80008a74  x6:0x00000001 PA:0x80008a83
        8805000	       879	800016f0	00007517	auipc	x10,0x7	 x10=0x800086ec
        8815000	       880	800016f4	f6750513	addi	x10,x10,-153	 x10:0x800086ec x10=0x80008653
        8825000	       881	800016f8	07355003	lhu	x0,115(x10)	 x10:0x80008653 PA:0x800086c6
        8835000	       882	800016fc	06350d83	lb	x27,99(x10)	 x10:0x80008653 x27=0x0000006d PA:0x800086b6
        8845000	       883	80001700	06351e83	lh	x29,99(x10)	 x10:0x80008653 x29=0x00006c6d PA:0x800086b6
        8855000	       884	80001704	070501a3	sb	x16,99(x10)	 x10:0x80008653 x16:0x00000001 PA:0x800086b6
        8865000	       885	80001708	06354e03	lbu	x28,99(x10)	 x10:0x80008653 x28=0x00000001 PA:0x800086b6
        8875000	       886	8000170c	06355083	lhu	x1,99(x10)	 x10:0x80008653  x1=0x00006c01 PA:0x800086b6
        8885000	       887	80001710	06355383	lhu	x7,99(x10)	 x10:0x80008653  x7=0x00006c01 PA:0x800086b6
        8895000	       888	80001714	074511a3	sh	x20,99(x10)	 x10:0x80008653 x20:0x000000c4 PA:0x800086b6
        8905000	       889	80001718	01a3bb33	sltu	x22,x7,x26	  x7:0x00006c01 x26:0xfd34a927 x22=0x00000001
        8915000	       890	8000171c	06351e83	lh	x29,99(x10)	 x10:0x80008653 x29=0x000000c4 PA:0x800086b6
        8925000	       891	80001720	06354b83	lbu	x23,99(x10)	 x10:0x80008653 x23=0x000000c4 PA:0x800086b6
        8935000	       892	80001724	06355b83	lhu	x23,99(x10)	 x10:0x80008653 x23=0x000000c4 PA:0x800086b6
        8945000	       893	80001728	06354e83	lbu	x29,99(x10)	 x10:0x80008653 x29=0x000000c4 PA:0x800086b6
        8955000	       894	8000172c	06355d83	lhu	x27,99(x10)	 x10:0x80008653 x27=0x000000c4 PA:0x800086b6
        8965000	       895	80001730	06355b03	lhu	x22,99(x10)	 x10:0x80008653 x22=0x000000c4 PA:0x800086b6
        8975000	       896	80001734	069511a3	sh	x9,99(x10)	 x10:0x80008653  x9:0xffffffa8 PA:0x800086b6
        8985000	       897	80001738	08955083	lhu	x1,137(x10)	 x10:0x80008653  x1=0x00009697 PA:0x800086dc
        8995000	       898	8000173c	08955203	lhu	x4,137(x10)	 x10:0x80008653  x4=0x00009697 PA:0x800086dc
        9005000	       899	80001740	08950983	lb	x19,137(x10)	 x10:0x80008653 x19=0xffffff97 PA:0x800086dc
        9015000	       900	80001744	fec54c83	lbu	x25,-20(x10)	 x10:0x80008653 x25=0x000000f4 PA:0x8000863f
        9025000	       901	80001748	fec50d83	lb	x27,-20(x10)	 x10:0x80008653 x27=0xfffffff4 PA:0x8000863f
        9035000	       902	8000174c	00007517	auipc	x10,0x7	 x10=0x80008748
        9045000	       903	80001750	65550513	addi	x10,x10,1621	 x10:0x80008748 x10=0x80008d9d
        9055000	       904	80001754	40ab82b3	sub	x5,x23,x10	 x23:0x000000c4 x10:0x80008d9d  x5=0x7fff7327
        9065000	       905	80001758	17cc8e93	addi	x29,x25,380	 x25:0x000000f4 x29=0x00000270
        9075000	       906	8000175c	00c2b2b3	sltu	x5,x5,x12	  x5:0x7fff7327 x12:0x80008ee2  x5=0x00000001
        9085000	       907	80001760	01951e83	lh	x29,25(x10)	 x10:0x80008d9d x29=0xffff9c9d PA:0x80008db6
        9095000	       908	00000000	00000013	addi	x0,x0,0	  x0:0x00000000
        9105000	       909	80001764	03d500a3	sb	x29,33(x10)	 x10:0x80008d9d x29:0xffff9c9d PA:0x80008dbe
        9115000	       910	80001768	01010033	add	x0,x2,x16	  x2:0x80009f24 x16:0x00000001
        9125000	       911	8000176c	02b50ea3	sb	x11,61(x10)	 x10:0x80008d9d x11:0x00003031 PA:0x80008dda
        9135000	       912	80001770	406b5633	sra	x12,x22,x6	 x22:0x000000c4  x6:0x00000001 x12=0x00000062
        9145000	       913	80001774	fd450383	lb	x7,-44(x10)	 x10:0x80008d9d  x7=0x0000005a PA:0x80008d71
        9155000	       914	80001778	01f45693	srli	x13,x8,0x1f	  x8:0x00000085 x13=0x00000000
        9165000	       915	8000177c	03650623	sb	x22,44(x10)	 x10:0x80008d9d x22:0x000000c4 PA:0x80008dc9
        9175000	       916	80001780	00a54e03	lbu	x28,10(x10)	 x10:0x80008d9d x28=0x0000008c PA:0x80008da7
        9185000	       917	80001784	009f1493	slli	x9,x30,0x9	 x30:0x80008dd7  x9=0x011bae00
        9195000	       918	80001788	fc650d23	sb	x6,-38(x10)	 x10:0x80008d9d  x6:0x00000001 PA:0x80008d77
        9205000	       919	8000178c	41cf5f13	srai	x30,x30,0x1c	 x30:0x80008dd7 x30=0xfffffff8
        9215000	       920	80001790	00000013	addi	x0,x0,0	  x0:0x00000000
        9225000	       921	80001794	015f0bb3	add	x23,x30,x21	 x30:0xfffffff8 x21:0x000000b5 x23=0x000000ad
        9235000	       922	80001798	ff8502a3	sb	x24,-27(x10)	 x10:0x80008d9d x24:0xfffffff7 PA:0x80008d82
        9245000	       923	8000179c	03e51aa3	sh	x30,53(x10)	 x10:0x80008d9d x30:0xfffffff8 PA:0x80008dd2
        9255000	       924	800017a0	00174bb3	xor	x23,x14,x1	 x14:0xffffff81  x1:0x00009697 x23=0xffff6916
        9265000	       925	800017a4	40660bb3	sub	x23,x12,x6	 x12:0x00000062  x6:0x00000001 x23=0x00000061
        9275000	       926	800017a8	003085b3	add	x11,x1,x3	  x1:0x00009697  x3:0xffffff82 x11=0x00009619
        9285000	       927	800017ac	03f50b23	sb	x31,54(x10)	 x10:0x80008d9d x31:0x80008a74 PA:0x80008dd3
        9295000	       928	800017b0	fd9515a3	sh	x25,-53(x10)	 x10:0x80008d9d x25:0x000000f4 PA:0x80008d68
        9305000	       929	800017b4	02a50723	sb	x10,46(x10)	 x10:0x80008d9d x10:0x80008d9d PA:0x80008dcb
        9315000	       930	800017b8	00789733	sll	x14,x17,x7	 x17:0x48494a4b  x7:0x0000005a x14=0x2c000000
        9325000	       931	800017bc	fe650023	sb	x6,-32(x10)	 x10:0x80008d9d  x6:0x00000001 PA:0x80008d7d
        9335000	       932	800017c0	00fad293	srli	x5,x21,0xf	 x21:0x000000b5  x5=0x00000000
        9345000	       933	800017c4	02b52783	lw	x15,43(x10)	 x10:0x80008d9d x15=0x9db1c4b3 PA:0x80008dc8
        9355000	       934	800017c8	ff054003	lbu	x0,-16(x10)	 x10:0x80008d9d PA:0x80008d8d
        9365000	       935	800017cc	ffe54303	lbu	x6,-2(x10)	 x10:0x80008d9d  x6=0x00000080 PA:0x80008d9b
        9375000	       936	800017d0	01af15b3	sll	x11,x30,x26	 x30:0xfffffff8 x26:0xfd34a927 x11=0xfffffc00
        9385000	       937	800017d4	1f3d0413	addi	x8,x26,499	 x26:0xfd34a927  x8=0xfd34ab1a
        9395000	       938	800017d8	d6dfe6b7	lui	x13,0xd6dfe	 x13=0xd6dfe000
        9405000	       939	800017dc	fda54783	lbu	x15,-38(x10)	 x10:0x80008d9d x15=0x00000001 PA:0x80008d77
        9415000	       940	800017e0	03e54a83	lbu	x21,62(x10)	 x10:0x80008d9d x21=0x000000c0 PA:0x80008ddb
        9425000	       941	800017e4	03850f03	lb	x30,56(x10)	 x10:0x80008d9d x30=0xffffffbe PA:0x80008dd5
        9435000	       942	00000000	00000013	addi	x0,x0,0	  x0:0x00000000
        9445000	       943	800017e8	288f7f97	auipc	x31,0x288f7	 x31=0xa88f87e4
        9455000	       944	800017ec	fc050423	sb	x0,-56(x10)	 x10:0x80008d9d  x0:0x00000000 PA:0x80008d65
        9465000	       945	800017f0	00007197	auipc	x3,0x7	  x3=0x800087ec
        9475000	       946	800017f4	53718193	addi	x3,x3,1335	  x3:0x800087ec  x3=0x80008d23
        9485000	       947	800017f8	00007f97	auipc	x31,0x7	 x31=0x800087f4
        9495000	       948	800017fc	525f8f93	addi	x31,x31,1317	 x31:0x800087f4 x31=0x80008d19
        9505000	       949	80001800	00007697	auipc	x13,0x7	 x13=0x800087fc
        9515000	       950	80001804	3d268693	addi	x13,x13,978	 x13:0x800087fc x13=0x80008bce
        9525000	       951	80001808	026f8223	sb	x6,36(x31)	 x31:0x80008d19  x6:0x00000080 PA:0x80008d3d
        9535000	       952	8000180c	04c1cd83	lbu	x27,76(x3)	  x3:0x80008d23 x27=0x00000054 PA:0x80008d6f
        9545000	       953	80001810	01a68323	sb	x26,6(x13)	 x13:0x80008bce x26:0xfd34a927 PA:0x80008bd4
        9555000	       954	80001814	02f1a4a3	sw	x15,41(x3)	  x3:0x80008d23 x15:0x00000001 PA:0x80008d4c
        9565000	       955	80001818	00007617	auipc	x12,0x7	 x12=0x80008814
        9575000	       956	8000181c	24f60613	addi	x12,x12,591	 x12:0x80008814 x12=0x80008a63
        9585000	       957	80001820	ff364483	lbu	x9,-13(x12)	 x12:0x80008a63  x9=0x0000003d PA:0x80008a56
        9595000	       958	80001824	01368c83	lb	x25,19(x13)	 x13:0x80008bce x25=0xffffffca PA:0x80008be1
        9605000	       959	80001828	f8418f23	sb	x4,-98(x3)	  x3:0x80008d23  x4:0x00009697 PA:0x80008cc1
        9615000	       960	8000182c	00b601a3	sb	x11,3(x12)	 x12:0x80008a63 x11:0xfffffc00 PA:0x80008a66
        9625000	       961	80001830	02d68723	sb	x13,46(x13)	 x13:0x80008bce x13:0x80008bce PA:0x80008bfc
        9635000	       962	80001834	ffdf8623	sb	x29,-20(x31)	 x31:0x80008d19 x29:0xffff9c9d PA:0x80008d05
        9645000	       963	80001838	02468b03	lb	x22,36(x13)	 x13:0x80008bce x22=0xffffffd9 PA:0x80008bf2
        9655000	       964	8000183c	006603a3	sb	x6,7(x12)	 x12:0x80008a63  x6:0x00000080 PA:0x80008a6a
        9665000	       965	80001840	fe469b03	lh	x22,-28(x13)	 x13:0x80008bce x22=0xffff9899 PA:0x80008bb2
        9675000	       966	80001844	feffa003	lw	x0,-17(x31)	 x31:0x80008d19 PA:0x80008d08
        9685000	       967	80001848	f2f198a3	sh	x15,-207(x3)	  x3:0x80008d23 x15:0x00000001 PA:0x80008c54
        9695000	       968	8000184c	0246d003	lhu	x0,36(x13)	 x13:0x80008bce PA:0x80008bf2
        9705000	       969	80001850	ff46c703	lbu	x14,-12(x13)	 x13:0x80008bce x14=0x000000a9 PA:0x80008bc2
        9715000	       970	80001854	00f68723	sb	x15,14(x13)	 x13:0x80008bce x15:0x00000001 PA:0x80008bdc
        9725000	       971	80001858	01160823	sb	x17,16(x12)	 x12:0x80008a63 x17:0x48494a4b PA:0x80008a73
        9735000	       972	8000185c	fe8f8c23	sb	x8,-8(x31)	 x31:0x80008d19  x8:0xfd34ab1a PA:0x80008d11
        9745000	       973	80001860	fcf68aa3	sb	x15,-43(x13)	 x13:0x80008bce x15:0x00000001 PA:0x80008ba3
        9755000	       974	80001864	ff6198a3	sh	x22,-15(x3)	  x3:0x80008d23 x22:0xffff9899 PA:0x80008d14
        9765000	       975	80001868	0d618223	sb	x22,196(x3)	  x3:0x80008d23 x22:0xffff9899 PA:0x80008de7
        9775000	       976	8000186c	ff260c23	sb	x18,-8(x12)	 x12:0x80008a63 x18:0x80009fc4 PA:0x80008a5b
        9785000	       977	80001870	f131cc03	lbu	x24,-237(x3)	  x3:0x80008d23 x24=0x0000001d PA:0x80008c36
        9795000	       978	80001874	008fc803	lbu	x16,8(x31)	 x31:0x80008d19 x16=0x0000000a PA:0x80008d21
        9805000	       979	80001878	03268f03	lb	x30,50(x13)	 x13:0x80008bce x30=0xffffffeb PA:0x80008c00
        9815000	       980	8000187c	00007297	auipc	x5,0x7	  x5=0x80008878
        9825000	       981	80001880	14c28293	addi	x5,x5,332	  x5:0x80008878  x5=0x800089c4
        9835000	       982	80001884	03528183	lb	x3,53(x5)	  x5:0x800089c4  x3=0xffffffe2 PA:0x800089f9
        9845000	       983	80001888	00007217	auipc	x4,0x7	  x4=0x80008884
        9855000	       984	8000188c	66a20213	addi	x4,x4,1642	  x4:0x80008884  x4=0x80008eee
        9865000	       985	80001890	00007b17	auipc	x22,0x7	 x22=0x8000888c
        9875000	       986	80001894	53cb0b13	addi	x22,x22,1340	 x22:0x8000888c x22=0x80008dc8
        9885000	       987	80001898	00007417	auipc	x8,0x7	  x8=0x80008894
        9895000	       988	8000189c	0f240413	addi	x8,x8,242	  x8:0x80008894  x8=0x80008986
        9905000	       989	800018a0	00007717	auipc	x14,0x7	 x14=0x8000889c
        9915000	       990	800018a4	fcd70713	addi	x14,x14,-51	 x14:0x8000889c x14=0x80008869
        9925000	       991	800018a8	0392c683	lbu	x13,57(x5)	  x5:0x800089c4 x13=0x000000e6 PA:0x800089fd
        9935000	       992	800018ac	00625e83	lhu	x29,6(x4)	  x4:0x80008eee x29=0x0000dedf PA:0x80008ef4
        9945000	       993	800018b0	fe170aa3	sb	x1,-11(x14)	 x14:0x80008869  x1:0x00009697 PA:0x8000885e
        9955000	       994	800018b4	00724003	lbu	x0,7(x4)	  x4:0x80008eee PA:0x80008ef5
        9965000	       995	800018b8	fabb0183	lb	x3,-85(x22)	 x22:0x80008dc8  x3=0x00000058 PA:0x80008d73
        9975000	       996	800018bc	ff944a03	lbu	x20,-7(x8)	  x8:0x80008986 x20=0x00000064 PA:0x8000897f
        9985000	       997	800018c0	00924f83	lbu	x31,9(x4)	  x4:0x80008eee x31=0x000000dc PA:0x80008ef7
        9995000	       998	800018c4	0bab0fa3	sb	x26,191(x22)	 x22:0x80008dc8 x26:0xfd34a927 PA:0x80008e87
       10005000	       999	800018c8	046b4303	lbu	x6,70(x22)	 x22:0x80008dc8  x6=0x000000f5 PA:0x80008e0e
       10015000	      1000	800018cc	fc228503	lb	x10,-62(x5)	  x5:0x800089c4 x10=0x0000006d PA:0x80008986
       10025000	      1001	800018d0	fff74983	lbu	x19,-1(x14)	 x14:0x80008869 x19=0x00000053 PA:0x80008868
       10035000	      1002	800018d4	ffd24483	lbu	x9,-3(x4)	  x4:0x80008eee  x9=0x000000d0 PA:0x80008eeb
       10045000	      1003	800018d8	00074c03	lbu	x24,0(x14)	 x14:0x80008869 x24=0x00000040 PA:0x80008869
       10055000	      1004	800018dc	ffa44c83	lbu	x25,-6(x8)	  x8:0x80008986 x25=0x0000006b PA:0x80008980
       10065000	      1005	800018e0	01074683	lbu	x13,16(x14)	 x14:0x80008869 x13=0x00000062 PA:0x80008879
       10075000	      1006	800018e4	ffa21303	lh	x6,-6(x4)	  x4:0x80008eee  x6=0xffffd2d3 PA:0x80008ee8
       10085000	      1007	800018e8	0362d783	lhu	x15,54(x5)	  x5:0x800089c4 x15=0x0000e0e1 PA:0x800089fa
       10095000	      1008	00000000	00000013	addi	x0,x0,0	  x0:0x00000000
       10105000	      1009	800018ec	fef20b23	sb	x15,-10(x4)	  x4:0x80008eee x15:0x0000e0e1 PA:0x80008ee4
       10115000	      1010	800018f0	0cab0ba3	sb	x10,215(x22)	 x22:0x80008dc8 x10:0x0000006d PA:0x80008e9f
       10125000	      1011	800018f4	00270f83	lb	x31,2(x14)	 x14:0x80008869 x31=0x00000050 PA:0x8000886b
       10135000	      1012	800018f8	000717a3	sh	x0,15(x14)	 x14:0x80008869  x0:0x00000000 PA:0x80008878
       10145000	      1013	800018fc	fed2c303	lbu	x6,-19(x5)	  x5:0x800089c4  x6=0x0000009a PA:0x800089b1
       10155000	      1014	80001900	00441d83	lh	x27,4(x8)	  x8:0x80008986 x27=0x00007071 PA:0x8000898a
       10165000	      1015	80001904	fe440ea3	sb	x4,-3(x8)	  x8:0x80008986  x4:0x80008eee PA:0x80008983
       10175000	      1016	80001908	00821123	sh	x8,2(x4)	  x4:0x80008eee  x8:0x80008986 PA:0x80008ef0
       10185000	      1017	8000190c	00a70c03	lb	x24,10(x14)	 x14:0x80008869 x24=0x00000058 PA:0x80008873
       10195000	      1018	80001910	016727a3	sw	x22,15(x14)	 x14:0x80008869 x22:0x80008dc8 PA:0x80008878
       10205000	      1019	80001914	fed71fa3	sh	x13,-1(x14)	 x14:0x80008869 x13:0x00000062 PA:0x80008868
       10215000	      1020	80001918	ff825883	lhu	x17,-8(x4)	  x4:0x80008eee x17=0x0000cccd PA:0x80008ee6
       10225000	      1021	8000191c	f60b5783	lhu	x15,-160(x22)	 x22:0x80008dc8 x15=0x00001213 PA:0x80008d28
       10235000	      1022	80001920	f5ab02a3	sb	x26,-187(x22)	 x22:0x80008dc8 x26:0xfd34a927 PA:0x80008d0d
       10245000	      1023	80001924	00629423	sh	x6,8(x5)	  x5:0x800089c4  x6:0x0000009a PA:0x800089cc
       10255000	      1024	80001928	ff045b83	lhu	x23,-16(x8)	  x8:0x80008986 x23=0x00005c5d PA:0x80008976
       10265000	      1025	8000192c	00321123	sh	x3,2(x4)	  x4:0x80008eee  x3:0x00000058 PA:0x80008ef0
       10275000	      1026	80001930	ffd75803	lhu	x16,-3(x14)	 x14:0x80008869 x16=0x00004c4d PA:0x80008866
       10285000	      1027	80001934	fdd2c503	lbu	x10,-35(x5)	  x5:0x800089c4 x10=0x0000008a PA:0x800089a1
       10295000	      1028	80001938	00007897	auipc	x17,0x7	 x17=0x80008934
       10305000	      1029	8000193c	a4f88893	addi	x17,x17,-1457	 x17:0x80008934 x17=0x80008383
       10315000	      1030	80001940	ff68c083	lbu	x1,-10(x17)	 x17:0x80008383  x1=0x00000032 PA:0x80008379
       10325000	      1031	80001944	ff68c283	lbu	x5,-10(x17)	 x17:0x80008383  x5=0x00000032 PA:0x80008379
       10335000	      1032	80001948	e8092337	lui	x6,0xe8092	  x6=0xe8092000
       10345000	      1033	8000194c	ff588b23	sb	x21,-10(x17)	 x17:0x80008383 x21:0x000000c0 PA:0x80008379
       10355000	      1034	80001950	00b0ffb3	and	x31,x1,x11	  x1:0x00000032 x11:0xfffffc00 x31=0x00000000
       10365000	      1035	80001954	406dd7b3	sra	x15,x27,x6	 x27:0x00007071  x6:0xe8092000 x15=0x00007071
       10375000	      1036	80001958	ff688b03	lb	x22,-10(x17)	 x17:0x80008383 x22=0xffffffc0 PA:0x80008379
       10385000	      1037	8000195c	00000013	addi	x0,x0,0	  x0:0x00000000
       10395000	      1038	80001960	ff088b23	sb	x16,-10(x17)	 x17:0x80008383 x16:0x00004c4d PA:0x80008379
       10405000	      1039	80001964	ff68c783	lbu	x15,-10(x17)	 x17:0x80008383 x15=0x0000004d PA:0x80008379
       10415000	      1040	80001968	ff888b23	sb	x24,-10(x17)	 x17:0x80008383 x24:0x00000058 PA:0x80008379
       10425000	      1041	8000196c	ff68cb83	lbu	x23,-10(x17)	 x17:0x80008383 x23=0x00000058 PA:0x80008379
       10435000	      1042	80001970	fe888b23	sb	x8,-10(x17)	 x17:0x80008383  x8:0x80008986 PA:0x80008379
       10445000	      1043	80001974	01dea9b3	slt	x19,x29,x29	 x29:0x0000dedf x29:0x0000dedf x19=0x00000000
       10455000	      1044	80001978	ff68cc83	lbu	x25,-10(x17)	 x17:0x80008383 x25=0x00000086 PA:0x80008379
       10465000	      1045	8000197c	00007997	auipc	x19,0x7	 x19=0x80008978
       10475000	      1046	80001980	a9198993	addi	x19,x19,-1391	 x19:0x80008978 x19=0x80008409
       10485000	      1047	80001984	01769693	slli	x13,x13,0x17	 x13:0x00000062 x13=0x31000000
       10495000	      1048	80001988	fff99803	lh	x16,-1(x19)	 x19:0x80008409 x16=0xffffc2c3 PA:0x80008408
       10505000	      1049	8000198c	56cdab93	slti	x23,x27,1388	 x27:0x00007071 x23=0x00000000
       10515000	      1050	80001990	449ad637	lui	x12,0x449ad	 x12=0x449ad000
       10525000	      1051	80001994	011f8bb3	add	x23,x31,x17	 x31:0x00000000 x17:0x80008383 x23=0x80008383
       10535000	      1052	80001998	0099d883	lhu	x17,9(x19)	 x19:0x80008409 x17=0x0000c8c9 PA:0x80008412
       10545000	      1053	8000199c	4000d5b3	sra	x11,x1,x0	  x1:0x00000032  x0:0x00000000 x11=0x00000032
       10555000	      1054	800019a0	412a80b3	sub	x1,x21,x18	 x21:0x000000c0 x18:0x80009fc4  x1=0x7fff60fc
       10565000	      1055	800019a4	00000013	addi	x0,x0,0	  x0:0x00000000
       10575000	      1056	800019a8	01aa2db3	slt	x27,x20,x26	 x20:0x00000064 x26:0xfd34a927 x27=0x00000000
       10585000	      1057	800019ac	0106aab3	slt	x21,x13,x16	 x13:0x31000000 x16:0xffffc2c3 x21=0x00000000
       10595000	      1058	800019b0	0089c503	lbu	x10,8(x19)	 x19:0x80008409 x10=0x000000ca PA:0x80008411
       10605000	      1059	800019b4	008a5e13	srli	x28,x20,0x8	 x20:0x00000064 x28=0x00000000
       10615000	      1060	800019b8	01365733	srl	x14,x12,x19	 x12:0x449ad000 x19:0x80008409 x14=0x00224d68
       10625000	      1061	800019bc	bd1cb493	sltiu	x9,x25,-1071	 x25:0x00000086  x9=0x00000001
       10635000	      1062	800019c0	ff298403	lb	x8,-14(x19)	 x19:0x80008409  x8=0xffffffb0 PA:0x800083fb
       10645000	      1063	800019c4	6ccc0317	auipc	x6,0x6ccc0	  x6=0xeccc19c0
       10655000	      1064	800019c8	00c9c083	lbu	x1,12(x19)	 x19:0x80008409  x1=0x000000ce PA:0x80008415
       10665000	      1065	800019cc	005c07b3	add	x15,x24,x5	 x24:0x00000058  x5:0x00000032 x15=0x0000008a
       10675000	      1066	800019d0	419fdeb3	sra	x29,x31,x25	 x31:0x00000000 x25:0x00000086 x29=0x00000000
       10685000	      1067	800019d4	ff99d303	lhu	x6,-7(x19)	 x19:0x80008409  x6=0x0000b8b9 PA:0x80008402
       10695000	      1068	800019d8	fe898ea3	sb	x8,-3(x19)	 x19:0x80008409  x8:0xffffffb0 PA:0x80008406
       10705000	      1069	800019dc	0029c383	lbu	x7,2(x19)	 x19:0x80008409  x7=0x000000c0 PA:0x8000840b
       10715000	      1070	800019e0	4e557393	andi	x7,x10,1253	 x10:0x000000ca  x7=0x000000c0
       10725000	      1071	800019e4	00f995a3	sh	x15,11(x19)	 x19:0x80008409 x15:0x0000008a PA:0x80008414
       10735000	      1072	800019e8	01170db3	add	x27,x14,x17	 x14:0x00224d68 x17:0x0000c8c9 x27=0x00231631
       10745000	      1073	800019ec	6cf83b93	sltiu	x23,x16,1743	 x16:0xffffc2c3 x23=0x00000000
       10755000	      1074	800019f0	ceb39817	auipc	x16,0xceb39	 x16=0x4eb3a9ec
       10765000	      1075	800019f4	ff599d83	lh	x27,-11(x19)	 x19:0x80008409 x27=0xffffb4b5 PA:0x800083fe
       10775000	      1076	800019f8	a03282b7	lui	x5,0xa0328	  x5=0xa0328000
       10785000	      1077	800019fc	0006d693	srli	x13,x13,0x0	 x13:0x31000000 x13=0x31000000
       10795000	      1078	80001a00	408c5093	srai	x1,x24,0x8	 x24:0x00000058  x1=0x00000000
       10805000	      1079	80001a04	36092f13	slti	x30,x18,864	 x18:0x80009fc4 x30=0x00000001
       10815000	      1080	80001a08	0039da83	lhu	x21,3(x19)	 x19:0x80008409 x21=0x0000c6c7 PA:0x8000840c
       10825000	      1081	00000000	00000013	addi	x0,x0,0	  x0:0x00000000
       10835000	      1082	80001a0c	008aaa33	slt	x20,x21,x8	 x21:0x0000c6c7  x8:0xffffffb0 x20=0x00000000
       10845000	      1083	80001a10	009cbcb3	sltu	x25,x25,x9	 x25:0x00000086  x9:0x00000001 x25=0x00000000
       10855000	      1084	80001a14	490b0213	addi	x4,x22,1168	 x22:0xffffffc0  x4=0x00000450
       10865000	      1085	80001a18	00098383	lb	x7,0(x19)	 x19:0x80008409  x7=0xffffffc2 PA:0x80008409
       10875000	      1086	80001a1c	00098b03	lb	x22,0(x19)	 x19:0x80008409 x22=0xffffffc2 PA:0x80008409
       10885000	      1087	80001a20	002282b3	add	x5,x5,x2	  x5:0xa0328000  x2:0x80009f24  x5=0x20331f24
       10895000	      1088	80001a24	010991a3	sh	x16,3(x19)	 x19:0x80008409 x16:0x4eb3a9ec PA:0x8000840c
       10905000	      1089	80001a28	01591d93	slli	x27,x18,0x15	 x18:0x80009fc4 x27=0xf8800000
       10915000	      1090	80001a2c	017f9663	bne	x31,x23,80001a38	 x31:0x00000000 x23:0x00000000
       10925000	      1091	80001a30	00ce7cb3	and	x25,x28,x12	 x28:0x00000000 x12:0x449ad000 x25=0x00000000
       10935000	      1092	80001a34	deb77e93	andi	x29,x14,-533	 x14:0x00224d68 x29=0x00224d68
       10945000	      1093	80001a38	19647a13	andi	x20,x8,406	  x8:0xffffffb0 x20=0x00000190
       10955000	      1094	80001a3c	01fb9b33	sll	x22,x23,x31	 x23:0x00000000 x31:0x00000000 x22=0x00000000
       10965000	      1095	80001a40	03787263	bgeu	x16,x23,80001a64	 x16:0x4eb3a9ec x23:0x00000000
       10975000	      1096	00000000	00000013	addi	x0,x0,0	  x0:0x00000000
       10985000	      1097	80001a60	00000013	addi	x0,x0,0	  x0:0x00000000
       10995000	      1098	80001a64	007f49b3	xor	x19,x30,x7	 x30:0x00000001  x7:0xffffffc2 x19=0xffffffc3
       11005000	      1099	80001a68	01697333	and	x6,x18,x22	 x18:0x80009fc4 x22:0x00000000  x6=0x00000000
       11015000	      1100	80001a6c	98f92f93	slti	x31,x18,-1649	 x18:0x80009fc4 x31=0x00000001
       11025000	      1101	80001a70	080cea93	ori	x21,x25,128	 x25:0x00000000 x21=0x00000080
       11035000	      1102	80001a74	d2f21e17	auipc	x28,0xd2f21	 x28=0x52f22a70
       11045000	      1103	80001a78	00a432b3	sltu	x5,x8,x10	  x8:0xffffffb0 x10:0x000000ca  x5=0x00000000
       11055000	      1104	80001a7c	41875a13	srai	x20,x14,0x18	 x14:0x00224d68 x20=0x00000000
       11065000	      1105	80001a80	01a85193	srli	x3,x16,0x1a	 x16:0x4eb3a9ec  x3=0x00000013
       11075000	      1106	80001a84	ded6fa13	andi	x20,x13,-531	 x13:0x31000000 x20=0x31000000
       11085000	      1107	80001a88	00fcd313	srli	x6,x25,0xf	 x25:0x00000000  x6=0x00000000
       11095000	      1108	80001a8c	03794263	blt	x18,x23,80001ab0	 x18:0x80009fc4 x23:0x00000000
       11105000	      1109	00000000	00000013	addi	x0,x0,0	  x0:0x00000000
       11115000	      1110	80001aac	00000013	addi	x0,x0,0	  x0:0x00000000
       11125000	      1111	80001ab0	40fe5233	sra	x4,x28,x15	 x28:0x52f22a70 x15:0x0000008a  x4=0x0014bc8a
       11135000	      1112	80001ab4	05238663	beq	x7,x18,80001b00	  x7:0xffffffc2 x18:0x80009fc4
       11145000	      1113	80001ab8	00ea9593	slli	x11,x21,0xe	 x21:0x00000080 x11=0x00200000
       11155000	      1114	80001abc	19ed7b93	andi	x23,x26,414	 x26:0xfd34a927 x23=0x00000106
       11165000	      1115	80001ac0	00f6e3b3	or	x7,x13,x15	 x13:0x31000000 x15:0x0000008a  x7=0x3100008a
       11175000	      1116	80001ac4	39692013	slti	x0,x18,918	 x18:0x80009fc4
       11185000	      1117	80001ac8	41138c33	sub	x24,x7,x17	  x7:0x3100008a x17:0x0000c8c9 x24=0x30ff37c1
       11195000	      1118	80001acc	551a0f13	addi	x30,x20,1361	 x20:0x31000000 x30=0x31000551
       11205000	      1119	80001ad0	9595ef93	ori	x31,x11,-1703	 x11:0x00200000 x31=0xfffff959
       11215000	      1120	80001ad4	01dc9c33	sll	x24,x25,x29	 x25:0x00000000 x29:0x00224d68 x24=0x00000000
       11225000	      1121	80001ad8	795a2b13	slti	x22,x20,1941	 x20:0x31000000 x22=0x00000000
       11235000	      1122	80001adc	008f2cb3	slt	x25,x30,x8	 x30:0x31000551  x8:0xffffffb0 x25=0x00000000
       11245000	      1123	80001ae0	6c7c6813	ori	x16,x24,1735	 x24:0x00000000 x16=0x000006c7
       11255000	      1124	80001ae4	01001893	slli	x17,x0,0x10	  x0:0x00000000 x17=0x00000000
       11265000	      1125	80001ae8	41e1dfb3	sra	x31,x3,x30	  x3:0x00000013 x30:0x31000551 x31=0x00000000
       11275000	      1126	80001aec	01662833	slt	x16,x12,x22	 x12:0x449ad000 x22:0x00000000 x16=0x00000000
       11285000	      1127	80001af0	0044fa63	bgeu	x9,x4,80001b04	  x9:0x00000001  x4:0x0014bc8a
       11295000	      1128	80001af4	00b6d593	srli	x11,x13,0xb	 x13:0x31000000 x11=0x00062000
       11305000	      1129	80001af8	3b64f017	auipc	x0,0x3b64f	
       11315000	      1130	80001afc	0234e063	bltu	x9,x3,80001b1c	  x9:0x00000001  x3:0x00000013
       11325000	      1131	00000000	00000013	addi	x0,x0,0	  x0:0x00000000
       11335000	      1132	80001b18	00000013	addi	x0,x0,0	  x0:0x00000000
       11345000	      1133	80001b1c	68c9bf37	lui	x30,0x68c9b	 x30=0x68c9b000
       11355000	      1134	80001b20	003dc333	xor	x6,x27,x3	 x27:0xf8800000  x3:0x00000013  x6=0xf8800013
       11365000	      1135	80001b24	040b8263	beq	x23,x0,80001b68	 x23:0x00000106  x0:0x00000000
       11375000	      1136	80001b28	407289b3	sub	x19,x5,x7	  x5:0x00000000  x7:0x3100008a x19=0xceffff76
       11385000	      1137	80001b2c	aa33e713	ori	x14,x7,-1373	  x7:0x3100008a x14=0xfffffaab
       11395000	      1138	80001b30	00afe733	or	x14,x31,x10	 x31:0x00000000 x10:0x000000ca x14=0x000000ca
       11405000	      1139	80001b34	00819693	slli	x13,x3,0x8	  x3:0x00000013 x13=0x00001300
       11415000	      1140	80001b38	0ddcc337	lui	x6,0xddcc	  x6=0x0ddcc000
       11425000	      1141	80001b3c	02a47063	bgeu	x8,x10,80001b5c	  x8:0xffffffb0 x10:0x000000ca
       11435000	      1142	00000000	00000013	addi	x0,x0,0	  x0:0x00000000
       11445000	      1143	80001b58	00000013	addi	x0,x0,0	  x0:0x00000000
       11455000	      1144	80001b5c	0014adb3	slt	x27,x9,x1	  x9:0x00000001  x1:0x00000000 x27=0x00000000
       11465000	      1145	80001b60	00000013	addi	x0,x0,0	  x0:0x00000000
       11475000	      1146	80001b64	00b64033	xor	x0,x12,x11	 x12:0x449ad000 x11:0x00062000
       11485000	      1147	80001b68	03394263	blt	x18,x19,80001b8c	 x18:0x80009fc4 x19:0xceffff76
       11495000	      1148	00000000	00000013	addi	x0,x0,0	  x0:0x00000000
       11505000	      1149	80001b88	00000013	addi	x0,x0,0	  x0:0x00000000
       11515000	      1150	80001b8c	0149fbb3	and	x23,x19,x20	 x19:0xceffff76 x20:0x31000000 x23=0x00000000
       11525000	      1151	80001b90	00b12e33	slt	x28,x2,x11	  x2:0x80009f24 x11:0x00062000 x28=0x00000001
       11535000	      1152	80001b94	01026593	ori	x11,x4,16	  x4:0x0014bc8a x11=0x0014bc9a
       11545000	      1153	80001b98	00abec33	or	x24,x23,x10	 x23:0x00000000 x10:0x000000ca x24=0x000000ca
       11555000	      1154	80001b9c	01033333	sltu	x6,x6,x16	  x6:0x0ddcc000 x16:0x00000000  x6=0x00000000
       11565000	      1155	80001ba0	40088db3	sub	x27,x17,x0	 x17:0x00000000  x0:0x00000000 x27=0x00000000
       11575000	      1156	80001ba4	4163dd93	srai	x27,x7,0x16	  x7:0x3100008a x27=0x000000c4
       11585000	      1157	80001ba8	67f53813	sltiu	x16,x10,1663	 x10:0x000000ca x16=0x00000001
       11595000	      1158	80001bac	03186463	bltu	x16,x17,80001bd4	 x16:0x00000001 x17:0x00000000
       11605000	      1159	80001bb0	00bde263	bltu	x27,x11,80001bb4	 x27:0x000000c4 x11:0x0014bc9a
       11615000	      1160	00000000	00000013	addi	x0,x0,0	  x0:0x00000000
       11625000	      1161	80001bb0	00000013	addi	x0,x0,0	  x0:0x00000000
       11635000	      1162	80001bb4	418d08b3	sub	x17,x26,x24	 x26:0xfd34a927 x24:0x000000ca x17=0xfd34a85d
       11645000	      1163	80001bb8	9859fa93	andi	x21,x19,-1659	 x19:0xceffff76 x21=0xcefff904
       11655000	      1164	80001bbc	d438a593	slti	x11,x17,-701	 x17:0xfd34a85d x11=0x00000001
       11665000	      1165	80001bc0	000d4863	blt	x26,x0,80001bd0	 x26:0xfd34a927  x0:0x00000000
       11675000	      1166	00000000	00000013	addi	x0,x0,0	  x0:0x00000000
       11685000	      1167	80001bcc	00000013	addi	x0,x0,0	  x0:0x00000000
       11695000	      1168	80001bd0	69fb1617	auipc	x12,0x69fb1	 x12=0xe9fb2bcc
       11705000	      1169	80001bd4	01248b33	add	x22,x9,x18	  x9:0x00000001 x18:0x80009fc4 x22=0x80009fc5
       11715000	      1170	80001bd8	01eec033	xor	x0,x29,x30	 x29:0x00224d68 x30:0x68c9b000
       11725000	      1171	80001bdc	41ee5fb3	sra	x31,x28,x30	 x28:0x00000001 x30:0x68c9b000 x31=0x00000001
       11735000	      1172	80001be0	03901a63	bne	x0,x25,80001c14	  x0:0x00000000 x25:0x00000000
       11745000	      1173	80001be4	c2dac893	xori	x17,x21,-979	 x21:0xcefff904 x17=0x31000529
       11755000	      1174	80001be8	00ec2cb3	slt	x25,x24,x14	 x24:0x000000ca x14:0x000000ca x25=0x00000000
       11765000	      1175	80001bec	01e15993	srli	x19,x2,0x1e	  x2:0x80009f24 x19=0x00000002
       11775000	      1176	80001bf0	01619b13	slli	x22,x3,0x16	  x3:0x00000013 x22=0x04c00000
       11785000	      1177	80001bf4	5d1ce313	ori	x6,x25,1489	 x25:0x00000000  x6=0x000005d1
       11795000	      1178	80001bf8	a975ee97	auipc	x29,0xa975e	 x29=0x2975fbf4
       11805000	      1179	80001bfc	526a7193	andi	x3,x20,1318	 x20:0x31000000  x3=0x00000000
       11815000	      1180	80001c00	2277fb93	andi	x23,x15,551	 x15:0x0000008a x23=0x00000002
       11825000	      1181	80001c04	00aebb33	sltu	x22,x29,x10	 x29:0x2975fbf4 x10:0x000000ca x22=0x00000000
       11835000	      1182	80001c08	412a5213	srai	x4,x20,0x12	 x20:0x31000000  x4=0x00000c40
       11845000	      1183	80001c0c	00c66a63	bltu	x12,x12,80001c20	 x12:0xe9fb2bcc x12:0xe9fb2bcc
       11855000	      1184	80001c10	82fc7593	andi	x11,x24,-2001	 x24:0x000000ca x11=0x0000000a
       11865000	      1185	80001c14	0380e063	bltu	x1,x24,80001c34	  x1:0x00000000 x24:0x000000ca
       11875000	      1186	00000000	00000013	addi	x0,x0,0	  x0:0x00000000
       11885000	      1187	80001c30	00000013	addi	x0,x0,0	  x0:0x00000000
       11895000	      1188	80001c34	00038033	add	x0,x7,x0	  x7:0x3100008a  x0:0x00000000
       11905000	      1189	80001c38	0207ce63	blt	x15,x0,80001c74	 x15:0x0000008a  x0:0x00000000
       11915000	      1190	80001c3c	0531d663	bge	x3,x19,80001c88	  x3:0x00000000 x19:0x00000002
       11925000	      1191	80001c40	01725663	bge	x4,x23,80001c4c	  x4:0x00000c40 x23:0x00000002
       11935000	      1192	00000000	00000013	addi	x0,x0,0	  x0:0x00000000
       11945000	      1193	80001c48	00000013	addi	x0,x0,0	  x0:0x00000000
       11955000	      1194	80001c4c	01ff6e63	bltu	x30,x31,80001c68	 x30:0x68c9b000 x31:0x00000001
       11965000	      1195	80001c50	426d8097	auipc	x1,0x426d8	  x1=0xc26d9c4c
       11975000	      1196	80001c54	2587ae93	slti	x29,x15,600	 x15:0x0000008a x29=0x00000001
       11985000	      1197	80001c58	404f8db3	sub	x27,x31,x4	 x31:0x00000001  x4:0x00000c40 x27=0xfffff3c1
       11995000	      1198	80001c5c	007127b3	slt	x15,x2,x7	  x2:0x80009f24  x7:0x3100008a x15=0x00000001
       12005000	      1199	80001c60	01270663	beq	x14,x18,80001c6c	 x14:0x000000ca x18:0x80009fc4
       12015000	      1200	80001c64	00ec1c63	bne	x24,x14,80001c7c	 x24:0x000000ca x14:0x000000ca
       12025000	      1201	80001c68	41ffd5b3	sra	x11,x31,x31	 x31:0x00000001 x31:0x00000001 x11=0x00000000
       12035000	      1202	80001c6c	0250ce63	blt	x1,x5,80001ca8	  x1:0xc26d9c4c  x5:0x00000000
       12045000	      1203	00000000	00000013	addi	x0,x0,0	  x0:0x00000000
       12055000	      1204	80001ca4	00000013	addi	x0,x0,0	  x0:0x00000000
       12065000	      1205	80001ca8	00365013	srli	x0,x12,0x3	 x12:0xe9fb2bcc
       12075000	      1206	80001cac	d7eeb193	sltiu	x3,x29,-642	 x29:0x00000001  x3=0x00000001
       12085000	      1207	80001cb0	01dd7663	bgeu	x26,x29,80001cbc	 x26:0xfd34a927 x29:0x00000001
       12095000	      1208	00000000	00000013	addi	x0,x0,0	  x0:0x00000000
       12105000	      1209	80001cb8	00000013	addi	x0,x0,0	  x0:0x00000000
       12115000	      1210	80001cbc	32124f93	xori	x31,x4,801	  x4:0x00000c40 x31=0x00000f61
       12125000	      1211	80001cc0	b8274813	xori	x16,x14,-1150	 x14:0x000000ca x16=0xfffffb48
       12135000	      1212	80001cc4	00b9bb33	sltu	x22,x19,x11	 x19:0x00000002 x11:0x00000000 x22=0x00000000
       12145000	      1213	80001cc8	00745693	srli	x13,x8,0x7	  x8:0xffffffb0 x13=0x01ffffff
       12155000	      1214	80001ccc	00822c33	slt	x24,x4,x8	  x4:0x00000c40  x8:0xffffffb0 x24=0x00000000
       12165000	      1215	80001cd0	00c3cab3	xor	x21,x7,x12	  x7:0x3100008a x12:0xe9fb2bcc x21=0xd8fb2b46
       12175000	      1216	80001cd4	01a366b3	or	x13,x6,x26	  x6:0x000005d1 x26:0xfd34a927 x13=0xfd34adf7
       12185000	      1217	80001cd8	00000013	addi	x0,x0,0	  x0:0x00000000
       12195000	      1218	80001cdc	00275f13	srli	x30,x14,0x2	 x14:0x000000ca x30=0x00000032
       12205000	      1219	80001ce0	40cd5193	srai	x3,x26,0xc	 x26:0xfd34a927  x3=0xffffd34a
       12215000	      1220	80001ce4	0150ceb3	xor	x29,x1,x21	  x1:0xc26d9c4c x21:0xd8fb2b46 x29=0x1a96b70a
       12225000	      1221	80001ce8	01f65313	srli	x6,x12,0x1f	 x12:0xe9fb2bcc  x6=0x00000001
       12235000	      1222	80001cec	c72bae13	slti	x28,x23,-910	 x23:0x00000002 x28=0x00000000
       12245000	      1223	80001cf0	41e3da13	srai	x20,x7,0x1e	  x7:0x3100008a x20=0x00000000
       12255000	      1224	80001cf4	032ed263	bge	x29,x18,80001d18	 x29:0x1a96b70a x18:0x80009fc4
       12265000	      1225	00000000	00000013	addi	x0,x0,0	  x0:0x00000000
       12275000	      1226	80001d14	00000013	addi	x0,x0,0	  x0:0x00000000
       12285000	      1227	80001d18	b6016c37	lui	x24,0xb6016	 x24=0xb6016000
       12295000	      1228	80001d1c	405d89b3	sub	x19,x27,x5	 x27:0xfffff3c1  x5:0x00000000 x19=0xfffff3c1
       12305000	      1229	80001d20	565fcb93	xori	x23,x31,1381	 x31:0x00000f61 x23=0x00000a04
       12315000	      1230	80001d24	411bd5b3	sra	x11,x23,x17	 x23:0x00000a04 x17:0x31000529 x11=0x00000005
       12325000	      1231	80001d28	00c99ab3	sll	x21,x19,x12	 x19:0xfffff3c1 x12:0xe9fb2bcc x21=0xff3c1000
       12335000	      1232	80001d2c	03437263	bgeu	x6,x20,80001d50	  x6:0x00000001 x20:0x00000000
       12345000	      1233	00000000	00000013	addi	x0,x0,0	  x0:0x00000000
       12355000	      1234	80001d4c	00000013	addi	x0,x0,0	  x0:0x00000000
       12365000	      1235	80001d50	83a5b193	sltiu	x3,x11,-1990	 x11:0x00000005  x3=0x00000001
       12375000	      1236	80001d54	0017c733	xor	x14,x15,x1	 x15:0x00000001  x1:0xc26d9c4c x14=0xc26d9c4d
       12385000	      1237	80001d58	01389a63	bne	x17,x19,80001d6c	 x17:0x31000529 x19:0xfffff3c1
       12395000	      1238	00000000	00000013	addi	x0,x0,0	  x0:0x00000000
       12405000	      1239	80001d68	00000013	addi	x0,x0,0	  x0:0x00000000
       12415000	      1240	80001d6c	418b5b33	sra	x22,x22,x24	 x22:0x00000000 x24:0xb6016000 x22=0x00000000
       12425000	      1241	80001d70	00b011b3	sll	x3,x0,x11	  x0:0x00000000 x11:0x00000005  x3=0x00000000
       12435000	      1242	80001d74	04f74063	blt	x14,x15,80001db4	 x14:0xc26d9c4d x15:0x00000001
       12445000	      1243	00000000	00000013	addi	x0,x0,0	  x0:0x00000000
       12455000	      1244	80001db0	00000013	addi	x0,x0,0	  x0:0x00000000
       12465000	      1245	80001db4	02aaf263	bgeu	x21,x10,80001dd8	 x21:0xff3c1000 x10:0x000000ca
       12475000	      1246	00000000	00000013	addi	x0,x0,0	  x0:0x00000000
       12485000	      1247	80001dd4	00000013	addi	x0,x0,0	  x0:0x00000000
       12495000	      1248	80001dd8	772af513	andi	x10,x21,1906	 x21:0xff3c1000 x10=0x00000000
       12505000	      1249	80001ddc	02034263	blt	x6,x0,80001e00	  x6:0x00000001  x0:0x00000000
       12515000	      1250	80001de0	01d961b3	or	x3,x18,x29	 x18:0x80009fc4 x29:0x1a96b70a  x3=0x9a96bfce
       12525000	      1251	80001de4	40c15993	srai	x19,x2,0xc	  x2:0x80009f24 x19=0xfff80009
       12535000	      1252	80001de8	11bc0f93	addi	x31,x24,283	 x24:0xb6016000 x31=0xb601611b
       12545000	      1253	80001dec	40bf59b3	sra	x19,x30,x11	 x30:0x00000032 x11:0x00000005 x19=0x00000001
       12555000	      1254	80001df0	00244663	blt	x8,x2,80001dfc	  x8:0xffffffb0  x2:0x80009f24
       12565000	      1255	80001df4	02cc8e63	beq	x25,x12,80001e30	 x25:0x00000000 x12:0xe9fb2bcc
       12575000	      1256	80001df8	01358f33	add	x30,x11,x19	 x11:0x00000005 x19:0x00000001 x30=0x00000006
       12585000	      1257	80001dfc	c9256d93	ori	x27,x10,-878	 x10:0x00000000 x27=0xfffffc92
       12595000	      1258	80001e00	35641ab7	lui	x21,0x35641	 x21=0x35641000
       12605000	      1259	80001e04	b4b4b2b7	lui	x5,0xb4b4b	  x5=0xb4b4b000
       12615000	      1260	80001e08	b1e60c93	addi	x25,x12,-1250	 x12:0xe9fb2bcc x25=0xe9fb26ea
       12625000	      1261	80001e0c	00edeab3	or	x21,x27,x14	 x27:0xfffffc92 x14:0xc26d9c4d x21=0xfffffcdf
       12635000	      1262	80001e10	77492d93	slti	x27,x18,1908	 x18:0x80009fc4 x27=0x00000001
       12645000	      1263	80001e14	0099d193	srli	x3,x19,0x9	 x19:0x00000001  x3=0x00000000
       12655000	      1264	80001e18	03a79063	bne	x15,x26,80001e38	 x15:0x00000001 x26:0xfd34a927
       12665000	      1265	00000000	00000013	addi	x0,x0,0	  x0:0x00000000
       12675000	      1266	80001e34	00000013	addi	x0,x0,0	  x0:0x00000000
       12685000	      1267	80001e38	01637663	bgeu	x6,x22,80001e44	  x6:0x00000001 x22:0x00000000
       12695000	      1268	00000000	00000013	addi	x0,x0,0	  x0:0x00000000
       12705000	      1269	80001e40	00000013	addi	x0,x0,0	  x0:0x00000000
       12715000	      1270	80001e44	41e2d513	srai	x10,x5,0x1e	  x5:0xb4b4b000 x10=0xfffffffe
       12725000	      1271	80001e48	0f842a93	slti	x21,x8,248	  x8:0xffffffb0 x21=0x00000001
       12735000	      1272	80001e4c	0196d433	srl	x8,x13,x25	 x13:0xfd34adf7 x25:0xe9fb26ea  x8=0x003f4d2b
       12745000	      1273	80001e50	5c0fbc93	sltiu	x25,x31,1472	 x31:0xb601611b x25=0x00000000
       12755000	      1274	80001e54	01c33ab3	sltu	x21,x6,x28	  x6:0x00000001 x28:0x00000000 x21=0x00000000
       12765000	      1275	80001e58	00c5e733	or	x14,x11,x12	 x11:0x00000005 x12:0xe9fb2bcc x14=0xe9fb2bcd
       12775000	      1276	80001e5c	00575863	bge	x14,x5,80001e6c	 x14:0xe9fb2bcd  x5:0xb4b4b000
       12785000	      1277	00000000	00000013	addi	x0,x0,0	  x0:0x00000000
       12795000	      1278	80001e68	00000013	addi	x0,x0,0	  x0:0x00000000
       12805000	      1279	80001e6c	e980bb13	sltiu	x22,x1,-360	  x1:0xc26d9c4c x22=0x00000001
       12815000	      1280	80001e70	02198c63	beq	x19,x1,80001ea8	 x19:0x00000001  x1:0xc26d9c4c
       12825000	      1281	80001e74	405a5cb3	sra	x25,x20,x5	 x20:0x00000000  x5:0xb4b4b000 x25=0x00000000
       12835000	      1282	80001e78	01a1fb33	and	x22,x3,x26	  x3:0x00000000 x26:0xfd34a927 x22=0x00000000
       12845000	      1283	80001e7c	40f683b3	sub	x7,x13,x15	 x13:0xfd34adf7 x15:0x00000001  x7=0xfd34adf6
       12855000	      1284	80001e80	26748093	addi	x1,x9,615	  x9:0x00000001  x1=0x00000268
       12865000	      1285	80001e84	005a0263	beq	x20,x5,80001e88	 x20:0x00000000  x5:0xb4b4b000
       12875000	      1286	80001e88	01930eb3	add	x29,x6,x25	  x6:0x00000001 x25:0x00000000 x29=0x00000001
       12885000	      1287	80001e8c	00c6b333	sltu	x6,x13,x12	 x13:0xfd34adf7 x12:0xe9fb2bcc  x6=0x00000000
       12895000	      1288	80001e90	01929a63	bne	x5,x25,80001ea4	  x5:0xb4b4b000 x25:0x00000000
       12905000	      1289	00000000	00000013	addi	x0,x0,0	  x0:0x00000000
       12915000	      1290	80001ea0	00000013	addi	x0,x0,0	  x0:0x00000000
       12925000	      1291	80001ea4	000205b3	add	x11,x4,x0	  x4:0x00000c40  x0:0x00000000 x11=0x00000c40
       12935000	      1292	80001ea8	41e65bb3	sra	x23,x12,x30	 x12:0xe9fb2bcc x30:0x00000006 x23=0xffa7ecaf
       12945000	      1293	80001eac	01ed49b3	xor	x19,x26,x30	 x26:0xfd34a927 x30:0x00000006 x19=0xfd34a921
       12955000	      1294	80001eb0	009703b3	add	x7,x14,x9	 x14:0xe9fb2bcd  x9:0x00000001  x7=0xe9fb2bce
       12965000	      1295	80001eb4	0efbf293	andi	x5,x23,239	 x23:0xffa7ecaf  x5=0x000000af
       12975000	      1296	80001eb8	02675463	bge	x14,x6,80001ee0	 x14:0xe9fb2bcd  x6:0x00000000
       12985000	      1297	80001ebc	003c8033	add	x0,x25,x3	 x25:0x00000000  x3:0x00000000
       12995000	      1298	80001ec0	02606263	bltu	x0,x6,80001ee4	  x0:0x00000000  x6:0x00000000
       13005000	      1299	80001ec4	283aec13	ori	x24,x21,643	 x21:0x00000000 x24=0x00000283
       13015000	      1300	80001ec8	00267263	bgeu	x12,x2,80001ecc	 x12:0xe9fb2bcc  x2:0x80009f24
       13025000	      1301	00000000	00000013	addi	x0,x0,0	  x0:0x00000000
       13035000	      1302	80001ec8	00000013	addi	x0,x0,0	  x0:0x00000000
       13045000	      1303	80001ecc	007a1a63	bne	x20,x7,80001ee0	 x20:0x00000000  x7:0xe9fb2bce
       13055000	      1304	00000000	00000013	addi	x0,x0,0	  x0:0x00000000
       13065000	      1305	80001edc	00000013	addi	x0,x0,0	  x0:0x00000000
       13075000	      1306	80001ee0	dd288db7	lui	x27,0xdd288	 x27=0xdd288000
       13085000	      1307	80001ee4	00cc8533	add	x10,x25,x12	 x25:0x00000000 x12:0xe9fb2bcc x10=0xe9fb2bcc
       13095000	      1308	80001ee8	01f6af33	slt	x30,x13,x31	 x13:0xfd34adf7 x31:0xb601611b x30=0x00000000
       13105000	      1309	80001eec	e77e4a13	xori	x20,x28,-393	 x28:0x00000000 x20=0xfffffe77
       13115000	      1310	80001ef0	00e766b3	or	x13,x14,x14	 x14:0xe9fb2bcd x14:0xe9fb2bcd x13=0xe9fb2bcd
       13125000	      1311	80001ef4	40ee2093	slti	x1,x28,1038	 x28:0x00000000  x1=0x00000001
       13135000	      1312	80001ef8	00efc863	blt	x31,x14,80001f08	 x31:0xb601611b x14:0xe9fb2bcd
       13145000	      1313	00000000	00000013	addi	x0,x0,0	  x0:0x00000000
       13155000	      1314	80001f04	00000013	addi	x0,x0,0	  x0:0x00000000
       13165000	      1315	80001f08	01089b33	sll	x22,x17,x16	 x17:0x31000529 x16:0xfffffb48 x22=0x00052900
       13175000	      1316	80001f0c	001dd893	srli	x17,x27,0x1	 x27:0xdd288000 x17=0x6e944000
       13185000	      1317	80001f10	0139c663	blt	x19,x19,80001f1c	 x19:0xfd34a921 x19:0xfd34a921
       13195000	      1318	80001f14	009fda33	srl	x20,x31,x9	 x31:0xb601611b  x9:0x00000001 x20=0x5b00b08d
       13205000	      1319	80001f18	01bcda13	srli	x20,x25,0x1b	 x25:0x00000000 x20=0x00000000
       13215000	      1320	80001f1c	c258bc13	sltiu	x24,x17,-987	 x17:0x6e944000 x24=0x00000001
       13225000	      1321	80001f20	00007c17	auipc	x24,0x7	 x24=0x80008f1c
       13235000	      1322	80001f24	c9bc0c13	addi	x24,x24,-869	 x24:0x80008f1c x24=0x80008bb7
       13245000	      1323	80001f28	03dc2ca3	sw	x29,57(x24)	 x24:0x80008bb7 x29:0x00000001 PA:0x80008bf0
       13255000	      1324	80001f2c	039c0603	lb	x12,57(x24)	 x24:0x80008bb7 x12=0x00000001 PA:0x80008bf0
       13265000	      1325	80001f30	039c4c83	lbu	x25,57(x24)	 x24:0x80008bb7 x25=0x00000001 PA:0x80008bf0
       13275000	      1326	00000000	00000013	addi	x0,x0,0	  x0:0x00000000
       13285000	      1327	80001f34	039c0483	lb	x9,57(x24)	 x24:0x80008bb7  x9=0x00000001 PA:0x80008bf0
       13295000	      1328	80001f38	039c4503	lbu	x10,57(x24)	 x24:0x80008bb7 x10=0x00000001 PA:0x80008bf0
       13305000	      1329	80001f3c	00380b33	add	x22,x16,x3	 x16:0xfffffb48  x3:0x00000000 x22=0xfffffb48
       13315000	      1330	80001f40	039c4503	lbu	x10,57(x24)	 x24:0x80008bb7 x10=0x00000001 PA:0x80008bf0
       13325000	      1331	80001f44	039c5083	lhu	x1,57(x24)	 x24:0x80008bb7  x1=0x00000001 PA:0x80008bf0
       13335000	      1332	80001f48	fcec0123	sb	x14,-62(x24)	 x24:0x80008bb7 x14:0xe9fb2bcd PA:0x80008b79
       13345000	      1333	80001f4c	fcdc0123	sb	x13,-62(x24)	 x24:0x80008bb7 x13:0xe9fb2bcd PA:0x80008b79
       13355000	      1334	80001f50	fdac0123	sb	x26,-62(x24)	 x24:0x80008bb7 x26:0xfd34a927 PA:0x80008b79
       13365000	      1335	80001f54	4141dbb3	sra	x23,x3,x20	  x3:0x00000000 x20:0x00000000 x23=0x00000000
       13375000	      1336	80001f58	5680b813	sltiu	x16,x1,1384	  x1:0x00000001 x16=0x00000001
       13385000	      1337	80001f5c	0c7dfb13	andi	x22,x27,199	 x27:0xdd288000 x22=0x00000000
       13395000	      1338	80001f60	0070d0b3	srl	x1,x1,x7	  x1:0x00000001  x7:0xe9fb2bce  x1=0x00000000
       13405000	      1339	80001f64	6b79d3b7	lui	x7,0x6b79d	  x7=0x6b79d000
       13415000	      1340	80001f68	041e6063	bltu	x28,x1,80001fa8	 x28:0x00000000  x1:0x00000000
       13425000	      1341	80001f6c	4933f613	andi	x12,x7,1171	  x7:0x6b79d000 x12=0x00000000
       13435000	      1342	80001f70	01e79c33	sll	x24,x15,x30	 x15:0x00000001 x30:0x00000000 x24=0x00000001
       13445000	      1343	80001f74	d9673713	sltiu	x14,x14,-618	 x14:0xe9fb2bcd x14=0x00000001
       13455000	      1344	80001f78	41d15e93	srai	x29,x2,0x1d	  x2:0x80009f24 x29=0xfffffffc
       13465000	      1345	80001f7c	001e4eb3	xor	x29,x28,x1	 x28:0x00000000  x1:0x00000000 x29=0x00000000
       13475000	      1346	80001f80	70d51c97	auipc	x25,0x70d51	 x25=0xf0d52f7c
       13485000	      1347	80001f84	40215333	sra	x6,x2,x2	  x2:0x80009f24  x2:0x80009f24  x6=0xf80009f2
       13495000	      1348	80001f88	003e3c33	sltu	x24,x28,x3	 x28:0x00000000  x3:0x00000000 x24=0x00000000
       13505000	      1349	80001f8c	51c1c293	xori	x5,x3,1308	  x3:0x00000000  x5=0x0000051c
       13515000	      1350	80001f90	41fb5533	sra	x10,x22,x31	 x22:0x00000000 x31:0xb601611b x10=0x00000000
       13525000	      1351	80001f94	00d22e33	slt	x28,x4,x13	  x4:0x00000c40 x13:0xe9fb2bcd x28=0x00000000
       13535000	      1352	80001f98	01915c63	bge	x2,x25,80001fb0	  x2:0x80009f24 x25:0xf0d52f7c
       13545000	      1353	80001f9c	01475a13	srli	x20,x14,0x14	 x14:0x00000001 x20=0x00000000
       13555000	      1354	80001fa0	00000013	addi	x0,x0,0	  x0:0x00000000
       13565000	      1355	80001fa4	081d2193	slti	x3,x26,129	 x26:0xfd34a927  x3=0x00000001
       13575000	      1356	80001fa8	00c42033	slt	x0,x8,x12	  x8:0x003f4d2b x12:0x00000000
       13585000	      1357	80001fac	b5bb2bb7	lui	x23,0xb5bb2	 x23=0xb5bb2000
       13595000	      1358	80001fb0	010396b3	sll	x13,x7,x16	  x7:0x6b79d000 x16:0x00000001 x13=0xd6f3a000
       13605000	      1359	80001fb4	006e8e63	beq	x29,x6,80001fd0	 x29:0x00000000  x6:0xf80009f2
       13615000	      1360	80001fb8	0433c263	blt	x7,x3,80001ffc	  x7:0x6b79d000  x3:0x00000001
       13625000	      1361	80001fbc	00cc89b3	add	x19,x25,x12	 x25:0xf0d52f7c x12:0x00000000 x19=0xf0d52f7c
       13635000	      1362	80001fc0	01e9e5b3	or	x11,x19,x30	 x19:0xf0d52f7c x30:0x00000000 x11=0xf0d52f7c
       13645000	      1363	80001fc4	76214093	xori	x1,x2,1890	  x2:0x80009f24  x1=0x80009846
       13655000	      1364	80001fc8	4187d293	srai	x5,x15,0x18	 x15:0x00000001  x5=0x00000000
       13665000	      1365	80001fcc	0143d513	srli	x10,x7,0x14	  x7:0x6b79d000 x10=0x000006b7
       13675000	      1366	80001fd0	04b3d663	bge	x7,x11,8000201c	  x7:0x6b79d000 x11:0xf0d52f7c
       13685000	      1367	00000000	00000013	addi	x0,x0,0	  x0:0x00000000
       13695000	      1368	80002018	00000013	addi	x0,x0,0	  x0:0x00000000
       13705000	      1369	8000201c	06b30d93	addi	x27,x6,107	  x6:0xf80009f2 x27=0xf8000a5d
       13715000	      1370	80002020	4060d5b3	sra	x11,x1,x6	  x1:0x80009846  x6:0xf80009f2 x11=0xffffe000
       13725000	      1371	80002024	01935533	srl	x10,x6,x25	  x6:0xf80009f2 x25:0xf0d52f7c x10=0x0000000f
       13735000	      1372	80002028	da310793	addi	x15,x2,-605	  x2:0x80009f24 x15=0x80009cc7
       13745000	      1373	8000202c	00935f93	srli	x31,x6,0x9	  x6:0xf80009f2 x31=0x007c0004
       13755000	      1374	80002030	018b3cb3	sltu	x25,x22,x24	 x22:0x00000000 x24:0x00000000 x25=0x00000000
       13765000	      1375	80002034	018bd893	srli	x17,x23,0x18	 x23:0xb5bb2000 x17=0x000000b5
       13775000	      1376	80002038	00345663	bge	x8,x3,80002044	  x8:0x003f4d2b  x3:0x00000001
       13785000	      1377	00000000	00000013	addi	x0,x0,0	  x0:0x00000000
       13795000	      1378	80002040	00000013	addi	x0,x0,0	  x0:0x00000000
       13805000	      1379	80002044	03178063	beq	x15,x17,80002064	 x15:0x80009cc7 x17:0x000000b5
       13815000	      1380	80002048	029a4e63	blt	x20,x9,80002084	 x20:0x00000000  x9:0x00000001
       13825000	      1381	00000000	00000013	addi	x0,x0,0	  x0:0x00000000
       13835000	      1382	80002080	00000013	addi	x0,x0,0	  x0:0x00000000
       13845000	      1383	80002084	00a1b833	sltu	x16,x3,x10	  x3:0x00000001 x10:0x0000000f x16=0x00000001
       13855000	      1384	80002088	3b38b613	sltiu	x12,x17,947	 x17:0x000000b5 x12=0x00000001
       13865000	      1385	8000208c	00caeb33	or	x22,x21,x12	 x21:0x00000000 x12:0x00000001 x22=0x00000001
       13875000	      1386	80002090	00eeefb3	or	x31,x29,x14	 x29:0x00000000 x14:0x00000001 x31=0x00000001
       13885000	      1387	80002094	04b8f663	bgeu	x17,x11,800020e0	 x17:0x000000b5 x11:0xffffe000
       13895000	      1388	80002098	01f84eb3	xor	x29,x16,x31	 x16:0x00000001 x31:0x00000001 x29=0x00000000
       13905000	      1389	8000209c	01112833	slt	x16,x2,x17	  x2:0x80009f24 x17:0x000000b5 x16=0x00000001
       13915000	      1390	800020a0	015617b3	sll	x15,x12,x21	 x12:0x00000001 x21:0x00000000 x15=0x00000001
       13925000	      1391	800020a4	03de6c63	bltu	x28,x29,800020dc	 x28:0x00000000 x29:0x00000000
       13935000	      1392	800020a8	41f05e13	srai	x28,x0,0x1f	  x0:0x00000000 x28=0x00000000
       13945000	      1393	800020ac	0096deb3	srl	x29,x13,x9	 x13:0xd6f3a000  x9:0x00000001 x29=0x6b79d000
       13955000	      1394	800020b0	0e76ca13	xori	x20,x13,231	 x13:0xd6f3a000 x20=0xd6f3a0e7
       13965000	      1395	800020b4	db3acb93	xori	x23,x21,-589	 x21:0x00000000 x23=0xfffffdb3
       13975000	      1396	800020b8	00000013	addi	x0,x0,0	  x0:0x00000000
       13985000	      1397	800020bc	022d4063	blt	x26,x2,800020dc	 x26:0xfd34a927  x2:0x80009f24
       13995000	      1398	800020c0	412f5993	srai	x19,x30,0x12	 x30:0x00000000 x19=0x00000000
       14005000	      1399	800020c4	00000013	addi	x0,x0,0	  x0:0x00000000
       14015000	      1400	800020c8	006286b3	add	x13,x5,x6	  x5:0x00000000  x6:0xf80009f2 x13=0xf80009f2
       14025000	      1401	800020cc	00000013	addi	x0,x0,0	  x0:0x00000000
       14035000	      1402	800020d0	01f29733	sll	x14,x5,x31	  x5:0x00000000 x31:0x00000001 x14=0x00000000
       14045000	      1403	800020d4	01c08e63	beq	x1,x28,800020f0	  x1:0x80009846 x28:0x00000000
       14055000	      1404	800020d8	01a20bb3	add	x23,x4,x26	  x4:0x00000c40 x26:0xfd34a927 x23=0xfd34b567
       14065000	      1405	800020dc	01177333	and	x6,x14,x17	 x14:0x00000000 x17:0x000000b5  x6=0x00000000
       14075000	      1406	800020e0	41d24e13	xori	x28,x4,1053	  x4:0x00000c40 x28=0x0000085d
       14085000	      1407	800020e4	941b0893	addi	x17,x22,-1727	 x22:0x00000001 x17=0xfffff942
       14095000	      1408	800020e8	00c0e463	bltu	x1,x12,800020f0	  x1:0x80009846 x12:0x00000001
       14105000	      1409	800020ec	dcd3a393	slti	x7,x7,-563	  x7:0x6b79d000  x7=0x00000000
       14115000	      1410	800020f0	00000013	addi	x0,x0,0	  x0:0x00000000
       14125000	      1411	800020f4	aee24d93	xori	x27,x4,-1298	  x4:0x00000c40 x27=0xfffff6ae
       14135000	      1412	800020f8	40535db3	sra	x27,x6,x5	  x6:0x00000000  x5:0x00000000 x27=0x00000000
       14145000	      1413	800020fc	01a97233	and	x4,x18,x26	 x18:0x80009fc4 x26:0xfd34a927  x4=0x80008904
       14155000	      1414	80002100	4cc0b513	sltiu	x10,x1,1228	  x1:0x80009846 x10=0x00000000
       14165000	      1415	80002104	6077e193	ori	x3,x15,1543	 x15:0x00000001  x3=0x00000607
       14175000	      1416	80002108	00412083	lw	x1,4(x2)	  x2:0x80009f24  x1=0x80000d58 PA:0x80009f28
       14185000	      1417	8000210c	01c56733	or	x14,x10,x28	 x10:0x00000000 x28:0x0000085d x14=0x0000085d
       14195000	      1418	80002110	0166ccb3	xor	x25,x13,x22	 x13:0xf80009f2 x22:0x00000001 x25=0xf80009f3
       14205000	      1419	80002114	42ddfc13	andi	x24,x27,1069	 x27:0x00000000 x24=0x00000000
       14215000	      1420	80002118	04010113	addi	x2,x2,64	  x2:0x80009f24  x2=0x80009f64
       14225000	      1421	8000211c	40ddd333	sra	x6,x27,x13	 x27:0x00000000 x13:0xf80009f2  x6=0x00000000
       14235000	      1422	80002120	0096a833	slt	x16,x13,x9	 x13:0xf80009f2  x9:0x00000001 x16=0x00000001
       14245000	      1423	80002124	00008c13	addi	x24,x1,0	  x1:0x80000d58 x24=0x80000d58
       14255000	      1424	80002128	000c0c67	jalr	x24,x24,0	 x24:0x80000d58 x24=0x80002128
       14265000	      1425	00000000	00000013	addi	x0,x0,0	  x0:0x00000000
       14275000	      1426	80000d58	00000013	addi	x0,x0,0	  x0:0x00000000
       14285000	      1427	80000d5c	214411b7	lui	x3,0x21441	  x3=0x21441000
       14295000	      1428	80000d60	00c89a63	bne	x17,x12,80000d74	 x17:0xfffff942 x12:0x00000001
       14305000	      1429	00000000	00000013	addi	x0,x0,0	  x0:0x00000000
       14315000	      1430	80000d70	00000013	addi	x0,x0,0	  x0:0x00000000
       14325000	      1431	80000d74	000c9293	slli	x5,x25,0x0	 x25:0xf80009f3  x5=0xf80009f3
       14335000	      1432	80000d78	9637e793	ori	x15,x15,-1693	 x15:0x00000001 x15=0xfffff963
       14345000	      1433	80000d7c	01222713	slti	x14,x4,18	  x4:0x80008904 x14=0x00000001
       14355000	      1434	80000d80	403d5193	srai	x3,x26,0x3	 x26:0xfd34a927  x3=0xffa69524
       14365000	      1435	80000d84	495d0493	addi	x9,x26,1173	 x26:0xfd34a927  x9=0xfd34adbc
       14375000	      1436	80000d88	75083a17	auipc	x20,0x75083	 x20=0xf5083d84
       14385000	      1437	80000d8c	01055db3	srl	x27,x10,x16	 x10:0x00000000 x16:0x00000001 x27=0x00000000
       14395000	      1438	80000d90	b7f30c13	addi	x24,x6,-1153	  x6:0x00000000 x24=0xfffffb7f
       14405000	      1439	80000d94	09d80263	beq	x16,x29,80000e18	 x16:0x00000001 x29:0x6b79d000
       14415000	      1440	80000d98	00000013	addi	x0,x0,0	  x0:0x00000000
       14425000	      1441	80000d9c	1c8f3793	sltiu	x15,x30,456	 x30:0x00000000 x15=0x00000001
       14435000	      1442	80000da0	01cd6533	or	x10,x26,x28	 x26:0xfd34a927 x28:0x0000085d x10=0xfd34a97f
       14445000	      1443	80000da4	00000013	addi	x0,x0,0	  x0:0x00000000
       14455000	      1444	80000da8	0130d493	srli	x9,x1,0x13	  x1:0x80000d58  x9=0x00001000
       14465000	      1445	80000dac	0130f633	and	x12,x1,x19	  x1:0x80000d58 x19:0x00000000 x12=0x00000000
       14475000	      1446	80000db0	000af033	and	x0,x21,x0	 x21:0x00000000  x0:0x00000000
       14485000	      1447	80000db4	4001dc93	srai	x25,x3,0x0	  x3:0xffa69524 x25=0xffa69524
       14495000	      1448	80000db8	013ab6b3	sltu	x13,x21,x19	 x21:0x00000000 x19:0x00000000 x13=0x00000000
       14505000	      1449	80000dbc	00d14ab3	xor	x21,x2,x13	  x2:0x80009f64 x13:0x00000000 x21=0x80009f64
       14515000	      1450	80000dc0	41e08e33	sub	x28,x1,x30	  x1:0x80000d58 x30:0x00000000 x28=0x80000d58
       14525000	      1451	80000dc4	00707c33	and	x24,x0,x7	  x0:0x00000000  x7:0x00000000 x24=0x00000000
       14535000	      1452	80000dc8	f69db613	sltiu	x12,x27,-151	 x27:0x00000000 x12=0x00000001
       14545000	      1453	80000dcc	406e02b3	sub	x5,x28,x6	 x28:0x80000d58  x6:0x00000000  x5=0x80000d58
       14555000	      1454	80000dd0	5c32a613	slti	x12,x5,1475	  x5:0x80000d58 x12=0x00000001
       14565000	      1455	80000dd4	0001ec33	or	x24,x3,x0	  x3:0xffa69524  x0:0x00000000 x24=0xffa69524
       14575000	      1456	80000dd8	01059233	sll	x4,x11,x16	 x11:0xffffe000 x16:0x00000001  x4=0xffffc000
       14585000	      1457	80000ddc	54942193	slti	x3,x8,1353	  x8:0x003f4d2b  x3=0x00000000
       14595000	      1458	80000de0	00008a97	auipc	x21,0x8	 x21=0x80008ddc
       14605000	      1459	80000de4	f76a8a93	addi	x21,x21,-138	 x21:0x80008ddc x21=0x80008d52
       14615000	      1460	80000de8	01ca8b03	lb	x22,28(x21)	 x21:0x80008d52 x22=0x00000055 PA:0x80008d6e
       14625000	      1461	80000dec	01ca8303	lb	x6,28(x21)	 x21:0x80008d52  x6=0x00000055 PA:0x80008d6e
       14635000	      1462	80000df0	01da8e23	sb	x29,28(x21)	 x21:0x80008d52 x29:0x6b79d000 PA:0x80008d6e
       14645000	      1463	80000df4	009573b3	and	x7,x10,x9	 x10:0xfd34a97f  x9:0x00001000  x7=0x00000000
       14655000	      1464	80000df8	01dacc83	lbu	x25,29(x21)	 x21:0x80008d52 x25=0x00000054 PA:0x80008d6f
       14665000	      1465	80000dfc	01dac983	lbu	x19,29(x21)	 x21:0x80008d52 x19=0x00000054 PA:0x80008d6f
       14675000	      1466	80000e00	ff9a82a3	sb	x25,-27(x21)	 x21:0x80008d52 x25:0x00000054 PA:0x80008d37
       14685000	      1467	80000e04	fe5ac803	lbu	x16,-27(x21)	 x21:0x80008d52 x16=0x00000054 PA:0x80008d37
       14695000	      1468	80000e08	ff9a82a3	sb	x25,-27(x21)	 x21:0x80008d52 x25:0x00000054 PA:0x80008d37
       14705000	      1469	80000e0c	fe5ac603	lbu	x12,-27(x21)	 x21:0x80008d52 x12=0x00000054 PA:0x80008d37
       14715000	      1470	80000e10	ffca82a3	sb	x28,-27(x21)	 x21:0x80008d52 x28:0x80000d58 PA:0x80008d37
       14725000	      1471	80000e14	fe5ac783	lbu	x15,-27(x21)	 x21:0x80008d52 x15=0x00000058 PA:0x80008d37
       14735000	      1472	80000e18	408b8233	sub	x4,x23,x8	 x23:0xfd34b567  x8:0x003f4d2b  x4=0xfcf5683c
       14745000	      1473	80000e1c	2b668013	addi	x0,x13,694	 x13:0x00000000
       14755000	      1474	80000e20	01408a63	beq	x1,x20,80000e34	  x1:0x80000d58 x20:0xf5083d84
       14765000	      1475	80000e24	6b40a013	slti	x0,x1,1716	  x1:0x80000d58
       14775000	      1476	80000e28	00da6733	or	x14,x20,x13	 x20:0xf5083d84 x13:0x00000000 x14=0xf5083d84
       14785000	      1477	80000e2c	048b4063	blt	x22,x8,80000e6c	 x22:0x00000055  x8:0x003f4d2b
       14795000	      1478	00000000	00000013	addi	x0,x0,0	  x0:0x00000000
       14805000	      1479	80000e68	00000013	addi	x0,x0,0	  x0:0x00000000
       14815000	      1480	80000e6c	41665b33	sra	x22,x12,x22	 x12:0x00000054 x22:0x00000055 x22=0x00000000
       14825000	      1481	80000e70	00b67263	bgeu	x12,x11,80000e74	 x12:0x00000054 x11:0xffffe000
       14835000	      1482	80000e74	8e0e0013	addi	x0,x28,-1824	 x28:0x80000d58
       14845000	      1483	80000e78	4753a393	slti	x7,x7,1141	  x7:0x00000000  x7=0x00000001
       14855000	      1484	80000e7c	006a4cb3	xor	x25,x20,x6	 x20:0xf5083d84  x6:0x00000055 x25=0xf5083dd1
       14865000	      1485	80000e80	01719093	slli	x1,x3,0x17	  x3:0x00000000  x1=0x00000000
       14875000	      1486	80000e84	00051393	slli	x7,x10,0x0	 x10:0xfd34a97f  x7=0xfd34a97f
       14885000	      1487	80000e88	404b87b3	sub	x15,x23,x4	 x23:0xfd34b567  x4:0xfcf5683c x15=0x003f4d2b
       14895000	      1488	80000e8c	02690063	beq	x18,x6,80000eac	 x18:0x80009fc4  x6:0x00000055
       14905000	      1489	80000e90	26107737	lui	x14,0x26107	 x14=0x26107000
       14915000	      1490	80000e94	02dad063	bge	x21,x13,80000eb4	 x21:0x80008d52 x13:0x00000000
       14925000	      1491	80000e98	01476863	bltu	x14,x20,80000ea8	 x14:0x26107000 x20:0xf5083d84
       14935000	      1492	00000000	00000013	addi	x0,x0,0	  x0:0x00000000
       14945000	      1493	80000ea4	00000013	addi	x0,x0,0	  x0:0x00000000
       14955000	      1494	80000ea8	f2a0a293	slti	x5,x1,-214	  x1:0x00000000  x5=0x00000000
       14965000	      1495	80000eac	048a3d93	sltiu	x27,x20,72	 x20:0xf5083d84 x27=0x00000000
       14975000	      1496	80000eb0	41dfd4b3	sra	x9,x31,x29	 x31:0x00000001 x29:0x6b79d000  x9=0x00000001
       14985000	      1497	80000eb4	017089b3	add	x19,x1,x23	  x1:0x00000000 x23:0xfd34b567 x19=0xfd34b567
       14995000	      1498	80000eb8	9420adb7	lui	x27,0x9420a	 x27=0x9420a000
       15005000	      1499	80000ebc	01a1c0b3	xor	x1,x3,x26	  x3:0x00000000 x26:0xfd34a927  x1=0xfd34a927
       15015000	      1500	80000ec0	0a9ba413	slti	x8,x23,169	 x23:0xfd34b567  x8=0x00000001
       15025000	      1501	80000ec4	63a53f13	sltiu	x30,x10,1594	 x10:0xfd34a97f x30=0x00000000
       15035000	      1502	80000ec8	8ce66213	ori	x4,x12,-1842	 x12:0x00000054  x4=0xfffff8de
       15045000	      1503	80000ecc	40c2d293	srai	x5,x5,0xc	  x5:0x00000000  x5=0x00000000
       15055000	      1504	80000ed0	00947c33	and	x24,x8,x9	  x8:0x00000001  x9:0x00000001 x24=0x00000001
       15065000	      1505	80000ed4	02367663	bgeu	x12,x3,80000f00	 x12:0x00000054  x3:0x00000000
       15075000	      1506	00000000	00000013	addi	x0,x0,0	  x0:0x00000000
       15085000	      1507	80000efc	00000013	addi	x0,x0,0	  x0:0x00000000
       15095000	      1508	80000f00	68852593	slti	x11,x10,1672	 x10:0xfd34a97f x11=0x00000001
       15105000	      1509	80000f04	01bdd663	bge	x27,x27,80000f10	 x27:0x9420a000 x27:0x9420a000
       15115000	      1510	00000000	00000013	addi	x0,x0,0	  x0:0x00000000
       15125000	      1511	80000f0c	00000013	addi	x0,x0,0	  x0:0x00000000
       15135000	      1512	80000f10	4154d793	srai	x15,x9,0x15	  x9:0x00000001 x15=0x00000000
       15145000	      1513	80000f14	41dbd033	sra	x0,x23,x29	 x23:0xfd34b567 x29:0x6b79d000
       15155000	      1514	80000f18	05425463	bge	x4,x20,80000f60	  x4:0xfffff8de x20:0xf5083d84
       15165000	      1515	00000000	00000013	addi	x0,x0,0	  x0:0x00000000
       15175000	      1516	80000f5c	00000013	addi	x0,x0,0	  x0:0x00000000
       15185000	      1517	80000f60	00ad2733	slt	x14,x26,x10	 x26:0xfd34a927 x10:0xfd34a97f x14=0x00000001
       15195000	      1518	80000f64	422e7813	andi	x16,x28,1058	 x28:0x80000d58 x16=0x00000400
       15205000	      1519	80000f68	845b7b93	andi	x23,x22,-1979	 x22:0x00000000 x23=0x00000000
       15215000	      1520	80000f6c	e076bc17	auipc	x24,0xe076b	 x24=0x6076bf68
       15225000	      1521	80000f70	009bee63	bltu	x23,x9,80000f8c	 x23:0x00000000  x9:0x00000001
       15235000	      1522	00000000	00000013	addi	x0,x0,0	  x0:0x00000000
       15245000	      1523	80000f88	00000013	addi	x0,x0,0	  x0:0x00000000
       15255000	      1524	80000f8c	0195cb33	xor	x22,x11,x25	 x11:0x00000001 x25:0xf5083dd1 x22=0xf5083dd0
       15265000	      1525	80000f90	057d7863	bgeu	x26,x23,80000fe0	 x26:0xfd34a927 x23:0x00000000
       15275000	      1526	00000000	00000013	addi	x0,x0,0	  x0:0x00000000
       15285000	      1527	80000fdc	00000013	addi	x0,x0,0	  x0:0x00000000
       15295000	      1528	80000fe0	00434233	xor	x4,x6,x4	  x6:0x00000055  x4:0xfffff8de  x4=0xfffff88b
       15305000	      1529	80000fe4	403f58b3	sra	x17,x30,x3	 x30:0x00000000  x3:0x00000000 x17=0x00000000
       15315000	      1530	80000fe8	04250263	beq	x10,x2,8000102c	 x10:0xfd34a97f  x2:0x80009f64
       15325000	      1531	80000fec	05659863	bne	x11,x22,8000103c	 x11:0x00000001 x22:0xf5083dd0
       15335000	      1532	00000000	00000013	addi	x0,x0,0	  x0:0x00000000
       15345000	      1533	80001038	00000013	addi	x0,x0,0	  x0:0x00000000
       15355000	      1534	8000103c	e939f413	andi	x8,x19,-365	 x19:0xfd34b567  x8=0xfd34b403
       15365000	      1535	80001040	0119ef33	or	x30,x19,x17	 x19:0xfd34b567 x17:0x00000000 x30=0xfd34b567
       15375000	      1536	80001044	028f1063	bne	x30,x8,80001064	 x30:0xfd34b567  x8:0xfd34b403
       15385000	      1537	00000000	00000013	addi	x0,x0,0	  x0:0x00000000
       15395000	      1538	80001060	00000013	addi	x0,x0,0	  x0:0x00000000
       15405000	      1539	80001064	01c743b3	xor	x7,x14,x28	 x14:0x00000001 x28:0x80000d58  x7=0x80000d59
       15415000	      1540	80001068	05f65663	bge	x12,x31,800010b4	 x12:0x00000054 x31:0x00000001
       15425000	      1541	00000000	00000013	addi	x0,x0,0	  x0:0x00000000
       15435000	      1542	800010b0	00000013	addi	x0,x0,0	  x0:0x00000000
       15445000	      1543	800010b4	0108deb3	srl	x29,x17,x16	 x17:0x00000000 x16:0x00000400 x29=0x00000000
       15455000	      1544	800010b8	02078a13	addi	x20,x15,32	 x15:0x00000000 x20=0x00000020
       15465000	      1545	800010bc	01b5d833	srl	x16,x11,x27	 x11:0x00000001 x27:0x9420a000 x16=0x00000001
       15475000	      1546	800010c0	0d514313	xori	x6,x2,213	  x2:0x80009f64  x6=0x80009fb1
       15485000	      1547	800010c4	40d88f33	sub	x30,x17,x13	 x17:0x00000000 x13:0x00000000 x30=0x00000000
       15495000	      1548	800010c8	015b8eb3	add	x29,x23,x21	 x23:0x00000000 x21:0x80008d52 x29=0x80008d52
       15505000	      1549	800010cc	0169a833	slt	x16,x19,x22	 x19:0xfd34b567 x22:0xf5083dd0 x16=0x00000000
       15515000	      1550	800010d0	9f220f13	addi	x30,x4,-1550	  x4:0xfffff88b x30=0xfffff27d
       15525000	      1551	800010d4	00f59b93	slli	x23,x11,0xf	 x11:0x00000001 x23=0x00008000
       15535000	      1552	800010d8	00676463	bltu	x14,x6,800010e0	 x14:0x00000001  x6:0x80009fb1
       15545000	      1553	00000000	00000013	addi	x0,x0,0	  x0:0x00000000
       15555000	      1554	800010dc	00000013	addi	x0,x0,0	  x0:0x00000000
       15565000	      1555	800010e0	00000013	addi	x0,x0,0	  x0:0x00000000
       15575000	      1556	800010e4	01a97263	bgeu	x18,x26,800010e8	 x18:0x80009fc4 x26:0xfd34a927
       15585000	      1557	800010e8	7aaf0613	addi	x12,x30,1962	 x30:0xfffff27d x12=0xfffffa27
       15595000	      1558	800010ec	01ac9bb3	sll	x23,x25,x26	 x25:0xf5083dd1 x26:0xfd34a927 x23=0x841ee880
       15605000	      1559	800010f0	40915db3	sra	x27,x2,x9	  x2:0x80009f64  x9:0x00000001 x27=0xc0004fb2
       15615000	      1560	800010f4	011fabb3	slt	x23,x31,x17	 x31:0x00000001 x17:0x00000000 x23=0x00000000
       15625000	      1561	800010f8	01a70663	beq	x14,x26,80001104	 x14:0x00000001 x26:0xfd34a927
       15635000	      1562	800010fc	05098463	beq	x19,x16,80001144	 x19:0xfd34b567 x16:0x00000000
       15645000	      1563	80001100	014bd413	srli	x8,x23,0x14	 x23:0x00000000  x8=0x00000000
       15655000	      1564	80001104	63628093	addi	x1,x5,1590	  x5:0x00000000  x1=0x00000636
       15665000	      1565	80001108	f732ca13	xori	x20,x5,-141	  x5:0x00000000 x20=0xffffff73
       15675000	      1566	8000110c	3cd58b13	addi	x22,x11,973	 x11:0x00000001 x22=0x000003ce
       15685000	      1567	80001110	012f1a33	sll	x20,x30,x18	 x30:0xfffff27d x18:0x80009fc4 x20=0xffff27d0
       15695000	      1568	80001114	00000013	addi	x0,x0,0	  x0:0x00000000
       15705000	      1569	80001118	00be5c63	bge	x28,x11,80001130	 x28:0x80000d58 x11:0x00000001
       15715000	      1570	8000111c	0040b733	sltu	x14,x1,x4	  x1:0x00000636  x4:0xfffff88b x14=0x00000001
       15725000	      1571	80001120	01691fb3	sll	x31,x18,x22	 x18:0x80009fc4 x22:0x000003ce x31=0x27f10000
       15735000	      1572	80001124	04a65463	bge	x12,x10,8000116c	 x12:0xfffffa27 x10:0xfd34a97f
       15745000	      1573	00000000	00000013	addi	x0,x0,0	  x0:0x00000000
       15755000	      1574	80001168	00000013	addi	x0,x0,0	  x0:0x00000000
       15765000	      1575	8000116c	c9f96a97	auipc	x21,0xc9f96	 x21=0x49f97168
       15775000	      1576	80001170	00000013	addi	x0,x0,0	  x0:0x00000000
       15785000	      1577	80001174	00bc36b3	sltu	x13,x24,x11	 x24:0x6076bf68 x11:0x00000001 x13=0x00000000
       15795000	      1578	80001178	00fedb93	srli	x23,x29,0xf	 x29:0x80008d52 x23=0x00010001
       15805000	      1579	8000117c	005e2db3	slt	x27,x28,x5	 x28:0x80000d58  x5:0x00000000 x27=0x00000001
       15815000	      1580	80001180	01f7fc63	bgeu	x15,x31,80001198	 x15:0x00000000 x31:0x27f10000
       15825000	      1581	80001184	03cde063	bltu	x27,x28,800011a4	 x27:0x00000001 x28:0x80000d58
       15835000	      1582	00000000	00000013	addi	x0,x0,0	  x0:0x00000000
       15845000	      1583	800011a0	00000013	addi	x0,x0,0	  x0:0x00000000
       15855000	      1584	800011a4	00000013	addi	x0,x0,0	  x0:0x00000000
       15865000	      1585	800011a8	00bebab3	sltu	x21,x29,x11	 x29:0x80008d52 x11:0x00000001 x21=0x00000000
       15875000	      1586	800011ac	13c5f093	andi	x1,x11,316	 x11:0x00000001  x1=0x00000000
       15885000	      1587	800011b0	0039df33	srl	x30,x19,x3	 x19:0xfd34b567  x3:0x00000000 x30=0xfd34b567
       15895000	      1588	800011b4	009f4e63	blt	x30,x9,800011d0	 x30:0xfd34b567  x9:0x00000001
       15905000	      1589	00000000	00000013	addi	x0,x0,0	  x0:0x00000000
       15915000	      1590	800011cc	00000013	addi	x0,x0,0	  x0:0x00000000
       15925000	      1591	800011d0	04ed4d93	xori	x27,x26,78	 x26:0xfd34a927 x27=0xfd34a969
       15935000	      1592	800011d4	41bd82b3	sub	x5,x27,x27	 x27:0xfd34a969 x27:0xfd34a969  x5=0x00000000
       15945000	      1593	800011d8	03d04f13	xori	x30,x0,61	  x0:0x00000000 x30=0x0000003d
       15955000	      1594	800011dc	00c9fbb3	and	x23,x19,x12	 x19:0xfd34b567 x12:0xfffffa27 x23=0xfd34b027
       15965000	      1595	800011e0	0053e4b3	or	x9,x7,x5	  x7:0x80000d59  x5:0x00000000  x9=0x80000d59
       15975000	      1596	800011e4	3febe593	ori	x11,x23,1022	 x23:0xfd34b027 x11=0xfd34b3ff
       15985000	      1597	800011e8	00000013	addi	x0,x0,0	  x0:0x00000000
       15995000	      1598	800011ec	01762f33	slt	x30,x12,x23	 x12:0xfffffa27 x23:0xfd34b027 x30=0x00000000
       16005000	      1599	800011f0	40d506b3	sub	x13,x10,x13	 x10:0xfd34a97f x13:0x00000000 x13=0xfd34a97f
       16015000	      1600	800011f4	f05cd9b7	lui	x19,0xf05cd	 x19=0xf05cd000
       16025000	      1601	800011f8	03b80263	beq	x16,x27,8000121c	 x16:0x00000000 x27:0xfd34a969
       16035000	      1602	800011fc	00dc6263	bltu	x24,x13,80001200	 x24:0x6076bf68 x13:0xfd34a97f
       16045000	      1603	00000000	00000013	addi	x0,x0,0	  x0:0x00000000
       16055000	      1604	800011fc	00000013	addi	x0,x0,0	  x0:0x00000000
       16065000	      1605	80001200	008769b3	or	x19,x14,x8	 x14:0x00000001  x8:0x00000000 x19=0x00000001
       16075000	      1606	80001204	03e87a63	bgeu	x16,x30,80001238	 x16:0x00000000 x30:0x00000000
       16085000	      1607	00000000	00000013	addi	x0,x0,0	  x0:0x00000000
       16095000	      1608	80001234	00000013	addi	x0,x0,0	  x0:0x00000000
       16105000	      1609	80001238	6485dbb7	lui	x23,0x6485d	 x23=0x6485d000
       16115000	      1610	8000123c	407d06b3	sub	x13,x26,x7	 x26:0xfd34a927  x7:0x80000d59 x13=0x7d349bce
       16125000	      1611	80001240	056f7063	bgeu	x30,x22,80001280	 x30:0x00000000 x22:0x000003ce
       16135000	      1612	80001244	a16157b7	lui	x15,0xa1615	 x15=0xa1615000
       16145000	      1613	80001248	012f4463	blt	x30,x18,80001250	 x30:0x00000000 x18:0x80009fc4
       16155000	      1614	8000124c	40ce5833	sra	x16,x28,x12	 x28:0x80000d58 x12:0xfffffa27 x16=0xff00001a
       16165000	      1615	80001250	054c4063	blt	x24,x20,80001290	 x24:0x6076bf68 x20:0xffff27d0
       16175000	      1616	80001254	00000013	addi	x0,x0,0	  x0:0x00000000
       16185000	      1617	80001258	cccfd817	auipc	x16,0xcccfd	 x16=0x4ccfe254
       16195000	      1618	8000125c	64f4fa13	andi	x20,x9,1615	  x9:0x80000d59 x20=0x00000449
       16205000	      1619	80001260	04857463	bgeu	x10,x8,800012a8	 x10:0xfd34a97f  x8:0x00000000
       16215000	      1620	00000000	00000013	addi	x0,x0,0	  x0:0x00000000
       16225000	      1621	800012a4	00000013	addi	x0,x0,0	  x0:0x00000000
       16235000	      1622	800012a8	032e4e63	blt	x28,x18,800012e4	 x28:0x80000d58 x18:0x80009fc4
       16245000	      1623	00000000	00000013	addi	x0,x0,0	  x0:0x00000000
       16255000	      1624	800012e0	00000013	addi	x0,x0,0	  x0:0x00000000
       16265000	      1625	800012e4	49456d93	ori	x27,x10,1172	 x10:0xfd34a97f x27=0xfd34adff
       16275000	      1626	800012e8	1de77b17	auipc	x22,0x1de77	 x22=0x9de782e4
       16285000	      1627	800012ec	00b2a633	slt	x12,x5,x11	  x5:0x00000000 x11:0xfd34b3ff x12=0x00000000
       16295000	      1628	800012f0	01149b93	slli	x23,x9,0x11	  x9:0x80000d59 x23=0x1ab20000
       16305000	      1629	800012f4	00000013	addi	x0,x0,0	  x0:0x00000000
       16315000	      1630	800012f8	40b45313	srai	x6,x8,0xb	  x8:0x00000000  x6=0x00000000
       16325000	      1631	800012fc	e5a70a13	addi	x20,x14,-422	 x14:0x00000001 x20=0xfffffe5b
       16335000	      1632	80001300	0021e633	or	x12,x3,x2	  x3:0x00000000  x2:0x80009f64 x12=0x80009f64
       16345000	      1633	80001304	00a8dab3	srl	x21,x17,x10	 x17:0x00000000 x10:0xfd34a97f x21=0x00000000
       16355000	      1634	80001308	056ef663	bgeu	x29,x22,80001354	 x29:0x80008d52 x22:0x9de782e4
       16365000	      1635	8000130c	00fda333	slt	x6,x27,x15	 x27:0xfd34adff x15:0xa1615000  x6=0x00000000
       16375000	      1636	80001310	01fa9863	bne	x21,x31,80001320	 x21:0x00000000 x31:0x27f10000
       16385000	      1637	00000000	00000013	addi	x0,x0,0	  x0:0x00000000
       16395000	      1638	8000131c	00000013	addi	x0,x0,0	  x0:0x00000000
       16405000	      1639	80001320	fee5ad93	slti	x27,x11,-18	 x11:0xfd34b3ff x27=0x00000001
       16415000	      1640	80001324	2280acb7	lui	x25,0x2280a	 x25=0x2280a000
       16425000	      1641	80001328	00603bb3	sltu	x23,x0,x6	  x0:0x00000000  x6:0x00000000 x23=0x00000000
       16435000	      1642	8000132c	913cec97	auipc	x25,0x913ce	 x25=0x113cf328
       16445000	      1643	80001330	04637263	bgeu	x6,x6,80001374	  x6:0x00000000  x6:0x00000000
       16455000	      1644	00000000	00000013	addi	x0,x0,0	  x0:0x00000000
       16465000	      1645	80001370	00000013	addi	x0,x0,0	  x0:0x00000000
       16475000	      1646	80001374	968ae313	ori	x6,x21,-1688	 x21:0x00000000  x6=0xfffff968
       16485000	      1647	80001378	00412083	lw	x1,4(x2)	  x2:0x80009f64  x1=0x80000134 PA:0x80009f68
       16495000	      1648	8000137c	414e0bb3	sub	x23,x28,x20	 x28:0x80000d58 x20:0xfffffe5b x23=0x80000efd
       16505000	      1649	80001380	0077cab3	xor	x21,x15,x7	 x15:0xa1615000  x7:0x80000d59 x21=0x21615d59
       16515000	      1650	80001384	02010113	addi	x2,x2,32	  x2:0x80009f64  x2=0x80009f84
       16525000	      1651	80001388	845a0f13	addi	x30,x20,-1979	 x20:0xfffffe5b x30=0xfffff6a0
       16535000	      1652	8000138c	007c3433	sltu	x8,x24,x7	 x24:0x6076bf68  x7:0x80000d59  x8=0x00000001
       16545000	      1653	80001390	01d99493	slli	x9,x19,0x1d	 x19:0x00000001  x9=0x20000000
       16555000	      1654	80001394	00e18a33	add	x20,x3,x14	  x3:0x00000000 x14:0x00000001 x20=0x00000001
       16565000	      1655	80001398	c6c70193	addi	x3,x14,-916	 x14:0x00000001  x3=0xfffffc6d
       16575000	      1656	8000139c	1a5acb13	xori	x22,x21,421	 x21:0x21615d59 x22=0x21615cfc
       16585000	      1657	800013a0	00108c93	addi	x25,x1,1	  x1:0x80000134 x25=0x80000135
       16595000	      1658	800013a4	000c8ce7	jalr	x25,x25,0	 x25:0x80000135 x25=0x800013a4
       16605000	      1659	00000000	00000013	addi	x0,x0,0	  x0:0x00000000
       16615000	      1660	80000134	00000013	addi	x0,x0,0	  x0:0x00000000
       16625000	      1661	80000138	00008a17	auipc	x20,0x8	 x20=0x80008134
       16635000	      1662	8000013c	0c9a0a13	addi	x20,x20,201	 x20:0x80008134 x20=0x800081fd
       16645000	      1663	80000140	017486b3	add	x13,x9,x23	  x9:0x20000000 x23:0x80000efd x13=0xa0000efd
       16655000	      1664	80000144	5fba1ca3	sh	x27,1529(x20)	 x20:0x800081fd x27:0x00000001 PA:0x800087f6
       16665000	      1665	80000148	e82a0383	lb	x7,-382(x20)	 x20:0x800081fd  x7=0x00000034 PA:0x8000807f
       16675000	      1666	8000014c	557a4083	lbu	x1,1367(x20)	 x20:0x800081fd  x1=0x0000000f PA:0x80008754
       16685000	      1667	80000150	251a0ca3	sb	x17,601(x20)	 x20:0x800081fd x17:0x00000000 PA:0x80008456
       16695000	      1668	80000154	faea0aa3	sb	x14,-75(x20)	 x20:0x800081fd x14:0x00000001 PA:0x800081b2
       16705000	      1669	80000158	582a0703	lb	x14,1410(x20)	 x20:0x800081fd x14=0x00000034 PA:0x8000877f
       16715000	      1670	8000015c	5cca0123	sb	x12,1474(x20)	 x20:0x800081fd x12:0x80009f64 PA:0x800087bf
       16725000	      1671	80000160	034a0aa3	sb	x20,53(x20)	 x20:0x800081fd x20:0x800081fd PA:0x80008232
       16735000	      1672	80000164	035a5483	lhu	x9,53(x20)	 x20:0x800081fd  x9=0x0000e8fd PA:0x80008232
       16745000	      1673	80000168	021a0aa3	sb	x1,53(x20)	 x20:0x800081fd  x1:0x0000000f PA:0x80008232
       16755000	      1674	8000016c	098a0023	sb	x24,128(x20)	 x20:0x800081fd x24:0x6076bf68 PA:0x8000827d
       16765000	      1675	80000170	091a0023	sb	x17,128(x20)	 x20:0x800081fd x17:0x00000000 PA:0x8000827d
       16775000	      1676	80000174	09da0023	sb	x29,128(x20)	 x20:0x800081fd x29:0x80008d52 PA:0x8000827d
       16785000	      1677	80000178	04ea2da3	sw	x14,91(x20)	 x20:0x800081fd x14:0x00000034 PA:0x80008258
       16795000	      1678	8000017c	00008497	auipc	x9,0x8	  x9=0x80008178
       16805000	      1679	80000180	51948493	addi	x9,x9,1305	  x9:0x80008178  x9=0x80008691
       16815000	      1680	80000184	00008b97	auipc	x23,0x8	 x23=0x80008180
       16825000	      1681	80000188	561b8b93	addi	x23,x23,1377	 x23:0x80008180 x23=0x800086e1
       16835000	      1682	8000018c	ffd48a23	sb	x29,-12(x9)	  x9:0x80008691 x29:0x80008d52 PA:0x80008685
       16845000	      1683	80000190	f3ebc603	lbu	x12,-194(x23)	 x23:0x800086e1 x12=0x000000d4 PA:0x8000861f
       16855000	      1684	80000194	ffb49703	lh	x14,-5(x9)	  x9:0x80008691 x14=0x00004647 PA:0x8000868c
       16865000	      1685	80000198	ff048b23	sb	x16,-10(x9)	  x9:0x80008691 x16:0x4ccfe254 PA:0x80008687
       16875000	      1686	8000019c	00248603	lb	x12,2(x9)	  x9:0x80008691 x12=0x00000048 PA:0x80008693
       16885000	      1687	800001a0	00d48303	lb	x6,13(x9)	  x9:0x80008691  x6=0x00000055 PA:0x8000869e
       16895000	      1688	800001a4	0ffbc883	lbu	x17,255(x23)	 x23:0x800086e1 x17=0x0000009b PA:0x800087e0
       16905000	      1689	800001a8	fe448923	sb	x4,-14(x9)	  x9:0x80008691  x4:0xfffff88b PA:0x80008683
       16915000	      1690	800001ac	016485a3	sb	x22,11(x9)	  x9:0x80008691 x22:0x21615cfc PA:0x8000869c
       16925000	      1691	800001b0	0b4bcc83	lbu	x25,180(x23)	 x23:0x800086e1 x25=0x0000004e PA:0x80008795
       16935000	      1692	800001b4	0034a003	lw	x0,3(x9)	  x9:0x80008691 PA:0x80008694
       16945000	      1693	800001b8	f06b8a03	lb	x20,-250(x23)	 x23:0x800086e1 x20=0xffffff9c PA:0x800085e7
       16955000	      1694	800001bc	f29b9c03	lh	x24,-215(x23)	 x23:0x800086e1 x24=0xffffc0c1 PA:0x8000860a
       16965000	      1695	800001c0	00009497	auipc	x9,0x9	  x9=0x800091bc
       16975000	      1696	800001c4	be548493	addi	x9,x9,-1051	  x9:0x800091bc  x9=0x80008da1
       16985000	      1697	800001c8	ee94dc83	lhu	x25,-279(x9)	  x9:0x80008da1 x25=0x00007071 PA:0x80008c8a
       16995000	      1698	800001cc	01f41313	slli	x6,x8,0x1f	  x8:0x00000001  x6=0x80000000
       17005000	      1699	800001d0	40c18ab3	sub	x21,x3,x12	  x3:0xfffffc6d x12:0x00000048 x21=0xfffffc25
       17015000	      1700	800001d4	fc14c503	lbu	x10,-63(x9)	  x9:0x80008da1 x10=0x00000049 PA:0x80008d62
       17025000	      1701	800001d8	d6048403	lb	x8,-672(x9)	  x9:0x80008da1  x8=0xffffffea PA:0x80008b01
       17035000	      1702	800001dc	0824cb03	lbu	x22,130(x9)	  x9:0x80008da1 x22=0x00000008 PA:0x80008e23
       17045000	      1703	800001e0	c7e48e23	sb	x30,-900(x9)	  x9:0x80008da1 x30:0xfffff6a0 PA:0x80008a1d
       17055000	      1704	800001e4	495630b7	lui	x1,0x49563	  x1=0x49563000
       17065000	      1705	800001e8	434cf037	lui	x0,0x434cf	
       17075000	      1706	800001ec	0a748003	lb	x0,167(x9)	  x9:0x80008da1 PA:0x80008e48
       17085000	      1707	800001f0	00055ab3	srl	x21,x10,x0	 x10:0x00000049  x0:0x00000000 x21=0x00000049
       17095000	      1708	800001f4	d394c183	lbu	x3,-711(x9)	  x9:0x80008da1  x3=0x000000c1 PA:0x80008ada
       17105000	      1709	800001f8	006c7fb3	and	x31,x24,x6	 x24:0xffffc0c1  x6:0x80000000 x31=0x80000000
       17115000	      1710	800001fc	08746f93	ori	x31,x8,135	  x8:0xffffffea x31=0xffffffef
       17125000	      1711	80000200	abfb0c13	addi	x24,x22,-1345	 x22:0x00000008 x24=0xfffffac7
       17135000	      1712	80000204	aef57213	andi	x4,x10,-1297	 x10:0x00000049  x4=0x00000049
       17145000	      1713	80000208	b814d983	lhu	x19,-1151(x9)	  x9:0x80008da1 x19=0x00000809 PA:0x80008922
       17155000	      1714	8000020c	004e56b3	srl	x13,x28,x4	 x28:0x80000d58  x4:0x00000049 x13=0x00400006
       17165000	      1715	80000210	3f8d7313	andi	x6,x26,1016	 x26:0xfd34a927  x6=0x00000120
       17175000	      1716	80000214	00e8a433	slt	x8,x17,x14	 x17:0x0000009b x14:0x00004647  x8=0x00000001
       17185000	      1717	80000218	41dc5733	sra	x14,x24,x29	 x24:0xfffffac7 x29:0x80008d52 x14=0xffffffff
       17195000	      1718	8000021c	013df233	and	x4,x27,x19	 x27:0x00000001 x19:0x00000809  x4=0x00000001
       17205000	      1719	80000220	00103833	sltu	x16,x0,x1	  x0:0x00000000  x1:0x49563000 x16=0x00000001
       17215000	      1720	80000224	00f8b0b3	sltu	x1,x17,x15	 x17:0x0000009b x15:0xa1615000  x1=0x00000001
       17225000	      1721	80000228	d0448703	lb	x14,-764(x9)	  x9:0x80008da1 x14=0xffffff82 PA:0x80008aa5
       17235000	      1722	8000022c	33ba3313	sltiu	x6,x20,827	 x20:0xffffff9c  x6=0x00000000
       17245000	      1723	80000230	10a48923	sb	x10,274(x9)	  x9:0x80008da1 x10:0x00000049 PA:0x80008eb3
       17255000	      1724	80000234	ce048303	lb	x6,-800(x9)	  x9:0x80008da1  x6=0x0000006a PA:0x80008a81
       17265000	      1725	80000238	3f5a7313	andi	x6,x20,1013	 x20:0xffffff9c  x6=0x00000394
       17275000	      1726	8000023c	00d25693	srli	x13,x4,0xd	  x4:0x00000001 x13=0x00000000
       17285000	      1727	80000240	7a12ed93	ori	x27,x5,1953	  x5:0x00000000 x27=0x000007a1
       17295000	      1728	80000244	1d64cd83	lbu	x27,470(x9)	  x9:0x80008da1 x27=0x0000005c PA:0x80008f77
       17305000	      1729	80000248	012a0233	add	x4,x20,x18	 x20:0xffffff9c x18:0x80009fc4  x4=0x80009f60
       17315000	      1730	8000024c	019488b3	add	x17,x9,x25	  x9:0x80008da1 x25:0x00007071 x17=0x8000fe12
       17325000	      1731	80000250	01d59d93	slli	x27,x11,0x1d	 x11:0xfd34b3ff x27=0xe0000000
       17335000	      1732	80000254	0a048e03	lb	x28,160(x9)	  x9:0x80008da1 x28=0x0000002a PA:0x80008e41
       17345000	      1733	80000258	cca4c683	lbu	x13,-822(x9)	  x9:0x80008da1 x13=0x00000050 PA:0x80008a6b
       17355000	      1734	8000025c	07848923	sb	x24,114(x9)	  x9:0x80008da1 x24:0xfffffac7 PA:0x80008e13
       17365000	      1735	80000260	af349383	lh	x7,-1293(x9)	  x9:0x80008da1  x7=0x00007e7f PA:0x80008894
       17375000	      1736	80000264	472a2393	slti	x7,x20,1138	 x20:0xffffff9c  x7=0x00000001
       17385000	      1737	80000268	13c4cc03	lbu	x24,316(x9)	  x9:0x80008da1 x24=0x000000c6 PA:0x80008edd
       17395000	      1738	8000026c	02b3d263	bge	x7,x11,80000290	  x7:0x00000001 x11:0xfd34b3ff
       17405000	      1739	00000000	00000013	addi	x0,x0,0	  x0:0x00000000
       17415000	      1740	8000028c	00000013	addi	x0,x0,0	  x0:0x00000000
       17425000	      1741	80000290	05357063	bgeu	x10,x19,800002d0	 x10:0x00000049 x19:0x00000809
       17435000	      1742	80000294	0101d633	srl	x12,x3,x16	  x3:0x000000c1 x16:0x00000001 x12=0x00000060
       17445000	      1743	80000298	25ce0f93	addi	x31,x28,604	 x28:0x0000002a x31=0x00000286
       17455000	      1744	8000029c	9f8cea13	ori	x20,x25,-1544	 x25:0x00007071 x20=0xfffff9f9
       17465000	      1745	800002a0	031a9663	bne	x21,x17,800002cc	 x21:0x00000049 x17:0x8000fe12
       17475000	      1746	00000000	00000013	addi	x0,x0,0	  x0:0x00000000
       17485000	      1747	800002c8	00000013	addi	x0,x0,0	  x0:0x00000000
       17495000	      1748	800002cc	00509eb3	sll	x29,x1,x5	  x1:0x00000001  x5:0x00000000 x29=0x00000001
       17505000	      1749	800002d0	001341b3	xor	x3,x6,x1	  x6:0x00000394  x1:0x00000001  x3=0x00000395
       17515000	      1750	800002d4	4061d193	srai	x3,x3,0x6	  x3:0x00000395  x3=0x0000000e
       17525000	      1751	800002d8	41c10733	sub	x14,x2,x28	  x2:0x80009f84 x28:0x0000002a x14=0x80009f5a
       17535000	      1752	800002dc	004dd813	srli	x16,x27,0x4	 x27:0xe0000000 x16=0x0e000000
       17545000	      1753	800002e0	5e950013	addi	x0,x10,1513	 x10:0x00000049
       17555000	      1754	800002e4	009173b3	and	x7,x2,x9	  x2:0x80009f84  x9:0x80008da1  x7=0x80008d80
       17565000	      1755	800002e8	01887fb3	and	x31,x16,x24	 x16:0x0e000000 x24:0x000000c6 x31=0x00000000
       17575000	      1756	800002ec	36b2a0b7	lui	x1,0x36b2a	  x1=0x36b2a000
       17585000	      1757	800002f0	41fddb33	sra	x22,x27,x31	 x27:0xe0000000 x31:0x00000000 x22=0xe0000000
       17595000	      1758	800002f4	00569013	slli	x0,x13,0x5	 x13:0x00000050
       17605000	      1759	800002f8	00814633	xor	x12,x2,x8	  x2:0x80009f84  x8:0x00000001 x12=0x80009f85
       17615000	      1760	800002fc	41c7d613	srai	x12,x15,0x1c	 x15:0xa1615000 x12=0xfffffffa
       17625000	      1761	80000300	4159d893	srai	x17,x19,0x15	 x19:0x00000809 x17=0x00000000
       17635000	      1762	80000304	03750663	beq	x10,x23,80000330	 x10:0x00000049 x23:0x800086e1
       17645000	      1763	80000308	e6b9bc13	sltiu	x24,x19,-405	 x19:0x00000809 x24=0x00000001
       17655000	      1764	8000030c	0017d493	srli	x9,x15,0x1	 x15:0xa1615000  x9=0x50b0a800
       17665000	      1765	80000310	0cc04c93	xori	x25,x0,204	  x0:0x00000000 x25=0x000000cc
       17675000	      1766	80000314	00000013	addi	x0,x0,0	  x0:0x00000000
       17685000	      1767	80000318	02179a63	bne	x15,x1,8000034c	 x15:0xa1615000  x1:0x36b2a000
       17695000	      1768	00000000	00000013	addi	x0,x0,0	  x0:0x00000000
       17705000	      1769	80000348	00000013	addi	x0,x0,0	  x0:0x00000000
       17715000	      1770	8000034c	008b1e93	slli	x29,x22,0x8	 x22:0xe0000000 x29=0x00000000
       17725000	      1771	80000350	fb060797	auipc	x15,0xfb060	 x15=0x7b06034c
       17735000	      1772	80000354	8abcf293	andi	x5,x25,-1877	 x25:0x000000cc  x5=0x00000088
       17745000	      1773	80000358	5f014313	xori	x6,x2,1520	  x2:0x80009f84  x6=0x80009a74
       17755000	      1774	8000035c	41148333	sub	x6,x9,x17	  x9:0x50b0a800 x17:0x00000000  x6=0x50b0a800
       17765000	      1775	80000360	011107b3	add	x15,x2,x17	  x2:0x80009f84 x17:0x00000000 x15=0x80009f84
       17775000	      1776	80000364	00000097	auipc	x1,0x0	  x1=0x80000360
       17785000	      1777	80000368	05408093	addi	x1,x1,84	  x1:0x80000360  x1=0x800003b4
       17795000	      1778	8000036c	004563b3	or	x7,x10,x4	 x10:0x00000049  x4:0x80009f60  x7=0x80009f69
       17805000	      1779	80000370	00a765b3	or	x11,x14,x10	 x14:0x80009f5a x10:0x00000049 x11=0x80009f5b
       17815000	      1780	80000374	fbcb3593	sltiu	x11,x22,-68	 x22:0xe0000000 x11=0x00000001
       17825000	      1781	80000378	01b487b3	add	x15,x9,x27	  x9:0x50b0a800 x27:0xe0000000 x15=0x30b0a800
       17835000	      1782	8000037c	019f78b3	and	x17,x30,x25	 x30:0xfffff6a0 x25:0x000000cc x17=0x00000080
       17845000	      1783	80000380	ead94c37	lui	x24,0xead94	 x24=0xead94000
       17855000	      1784	80000384	cd908093	addi	x1,x1,-807	  x1:0x800003b4  x1=0x8000008d
       17865000	      1785	80000388	4160de13	srai	x28,x1,0x16	  x1:0x8000008d x28=0xfffffe00
       17875000	      1786	8000038c	01f71033	sll	x0,x14,x31	 x14:0x80009f5a x31:0x00000000
       17885000	      1787	80000390	328080e7	jalr	x1,x1,808	  x1:0x8000008d  x1=0x80000390
       17895000	      1788	00000000	00000013	addi	x0,x0,0	  x0:0x00000000
       17905000	      1789	800003b4	00000013	addi	x0,x0,0	  x0:0x00000000
       17915000	      1790	800003b8	415e0c33	sub	x24,x28,x21	 x28:0xfffffe00 x21:0x00000049 x24=0xfffffdb7
       17925000	      1791	800003bc	fe010113	addi	x2,x2,-32	  x2:0x80009f84  x2=0x80009f64
       17935000	      1792	800003c0	00b9ecb3	or	x25,x19,x11	 x19:0x00000809 x11:0x00000001 x25=0x00000809
       17945000	      1793	800003c4	00112223	sw	x1,4(x2)	  x2:0x80009f64  x1:0x80000390 PA:0x80009f68
       17955000	      1794	800003c8	6076a893	slti	x17,x13,1543	 x13:0x00000050 x17=0x00000001
       17965000	      1795	800003cc	00008f97	auipc	x31,0x8	 x31=0x800083c8
       17975000	      1796	800003d0	d6ff8f93	addi	x31,x31,-657	 x31:0x800083c8 x31=0x80008137
       17985000	      1797	800003d4	00008497	auipc	x9,0x8	  x9=0x800083d0
       17995000	      1798	800003d8	eb948493	addi	x9,x9,-327	  x9:0x800083d0  x9=0x80008289
       18005000	      1799	800003dc	013f9ba3	sh	x19,23(x31)	 x31:0x80008137 x19:0x00000809 PA:0x8000814e
       18015000	      1800	800003e0	0d4f8f23	sb	x20,222(x31)	 x31:0x80008137 x20:0xfffff9f9 PA:0x80008215
       18025000	      1801	800003e4	00008f17	auipc	x30,0x8	 x30=0x800083e0
       18035000	      1802	800003e8	efaf0f13	addi	x30,x30,-262	 x30:0x800083e0 x30=0x800082da
       18045000	      1803	800003ec	00008297	auipc	x5,0x8	  x5=0x800083e8
       18055000	      1804	800003f0	e3d28293	addi	x5,x5,-451	  x5:0x800083e8  x5=0x80008225
       18065000	      1805	800003f4	fdafaca3	sw	x26,-39(x31)	 x31:0x80008137 x26:0xfd34a927 PA:0x80008110
       18075000	      1806	800003f8	2db4a983	lw	x19,731(x9)	  x9:0x80008289 x19=0x1c1d00a4 PA:0x80008564
       18085000	      1807	800003fc	fc3f4983	lbu	x19,-61(x30)	 x30:0x800082da x19=0x00000056 PA:0x8000829d
       18095000	      1808	80000400	f5afc383	lbu	x7,-166(x31)	 x31:0x80008137  x7=0x0000004a PA:0x80008091
       18105000	      1809	80000404	2c94a3a3	sw	x9,711(x9)	  x9:0x80008289  x9:0x80008289 PA:0x80008550
       18115000	      1810	80000408	008f1e03	lh	x28,8(x30)	 x30:0x800082da x28=0xffff9899 PA:0x800082e2
       18125000	      1811	8000040c	f8a28aa3	sb	x10,-107(x5)	  x5:0x80008225 x10:0x00000049 PA:0x800081ba
       18135000	      1812	80000410	fc4f0523	sb	x4,-54(x30)	 x30:0x800082da  x4:0x80009f60 PA:0x800082a4
       18145000	      1813	80000414	1e028383	lb	x7,480(x5)	  x5:0x80008225  x7=0xffffffbe PA:0x80008405
       18155000	      1814	80000418	fd9f0da3	sb	x25,-37(x30)	 x30:0x800082da x25:0x00000809 PA:0x800082b5
       18165000	      1815	8000041c	e3e4c383	lbu	x7,-450(x9)	  x9:0x80008289  x7=0x0000007c PA:0x800080c7
       18175000	      1816	80000420	1c0282a3	sb	x0,453(x5)	  x5:0x80008225  x0:0x00000000 PA:0x800083ea
       18185000	      1817	80000424	01cf2523	sw	x28,10(x30)	 x30:0x800082da x28:0xffff9899 PA:0x800082e4
       18195000	      1818	80000428	029f4703	lbu	x14,41(x30)	 x30:0x800082da x14=0x000000b8 PA:0x80008303
       18205000	      1819	8000042c	f2ff8723	sb	x15,-210(x31)	 x31:0x80008137 x15:0x30b0a800 PA:0x80008065
       18215000	      1820	80000430	e254d803	lhu	x16,-475(x9)	  x9:0x80008289 x16=0x00006465 PA:0x800080ae
       18225000	      1821	80000434	0fe2c783	lbu	x15,254(x5)	  x5:0x80008225 x15=0x000000d8 PA:0x80008323
       18235000	      1822	80000438	1a228623	sb	x2,428(x5)	  x5:0x80008225  x2:0x80009f64 PA:0x800083d1
       18245000	      1823	8000043c	f90f89a3	sb	x16,-109(x31)	 x31:0x80008137 x16:0x00006465 PA:0x800080ca
       18255000	      1824	80000440	10f28783	lb	x15,271(x5)	  x5:0x80008225 x15=0xffffffef PA:0x80008334
       18265000	      1825	00000000	00000013	addi	x0,x0,0	  x0:0x00000000
       18275000	      1826	80000444	fcff0203	lb	x4,-49(x30)	 x30:0x800082da  x4=0x00000062 PA:0x800082a9
       18285000	      1827	80000448	0cdfd003	lhu	x0,205(x31)	 x31:0x80008137 PA:0x80008204
       18295000	      1828	8000044c	22e4c883	lbu	x17,558(x9)	  x9:0x80008289 x17=0x0000006c PA:0x800084b7
       18305000	      1829	80000450	06efc383	lbu	x7,110(x31)	 x31:0x80008137  x7=0x0000005e PA:0x800081a5
       18315000	      1830	80000454	f4cf8983	lb	x19,-180(x31)	 x31:0x80008137 x19=0x00000038 PA:0x80008083
       18325000	      1831	80000458	3892db83	lhu	x23,905(x5)	  x5:0x80008225 x23=0x00006465 PA:0x800085ae
       18335000	      1832	8000045c	f81490a3	sh	x1,-127(x9)	  x9:0x80008289  x1:0x80000390 PA:0x8000820a
       18345000	      1833	80000460	ff2f1023	sh	x18,-32(x30)	 x30:0x800082da x18:0x80009fc4 PA:0x800082ba
       18355000	      1834	80000464	00008497	auipc	x9,0x8	  x9=0x80008460
       18365000	      1835	80000468	46448493	addi	x9,x9,1124	  x9:0x80008460  x9=0x800088c4
       18375000	      1836	8000046c	f8648aa3	sb	x6,-107(x9)	  x9:0x800088c4  x6:0x50b0a800 PA:0x80008859
       18385000	      1837	80000470	f9548583	lb	x11,-107(x9)	  x9:0x800088c4 x11=0x00000000 PA:0x80008859
       18395000	      1838	80000474	f954c383	lbu	x7,-107(x9)	  x9:0x800088c4  x7=0x00000000 PA:0x80008859
       18405000	      1839	80000478	f8e48aa3	sb	x14,-107(x9)	  x9:0x800088c4 x14:0x000000b8 PA:0x80008859
       18415000	      1840	8000047c	41305893	srai	x17,x0,0x13	  x0:0x00000000 x17=0x00000000
       18425000	      1841	80000480	014c2433	slt	x8,x24,x20	 x24:0xfffffdb7 x20:0xfffff9f9  x8=0x00000000
       18435000	      1842	80000484	f954cb03	lbu	x22,-107(x9)	  x9:0x800088c4 x22=0x000000b8 PA:0x80008859
       18445000	      1843	80000488	f9548503	lb	x10,-107(x9)	  x9:0x800088c4 x10=0xffffffb8 PA:0x80008859
       18455000	      1844	8000048c	f9548783	lb	x15,-107(x9)	  x9:0x800088c4 x15=0xffffffb8 PA:0x80008859
       18465000	      1845	80000490	f9548783	lb	x15,-107(x9)	  x9:0x800088c4 x15=0xffffffb8 PA:0x80008859
       18475000	      1846	80000494	f8248aa3	sb	x2,-107(x9)	  x9:0x800088c4  x2:0x80009f64 PA:0x80008859
       18485000	      1847	80000498	f8c48aa3	sb	x12,-107(x9)	  x9:0x800088c4 x12:0xfffffffa PA:0x80008859
       18495000	      1848	8000049c	014c68b3	or	x17,x24,x20	 x24:0xfffffdb7 x20:0xfffff9f9 x17=0xfffffdff
       18505000	      1849	800004a0	f9948aa3	sb	x25,-107(x9)	  x9:0x800088c4 x25:0x00000809 PA:0x80008859
       18515000	      1850	800004a4	00008397	auipc	x7,0x8	  x7=0x800084a0
       18525000	      1851	800004a8	4da38393	addi	x7,x7,1242	  x7:0x800084a0  x7=0x8000897a
       18535000	      1852	800004ac	00008897	auipc	x17,0x8	 x17=0x800084a8
       18545000	      1853	800004b0	54388893	addi	x17,x17,1347	 x17:0x800084a8 x17=0x800089eb
       18555000	      1854	800004b4	00009317	auipc	x6,0x9	  x6=0x800094b0
       18565000	      1855	800004b8	9bf30313	addi	x6,x6,-1601	  x6:0x800094b0  x6=0x80008e6f
       18575000	      1856	800004bc	00008c97	auipc	x25,0x8	 x25=0x800084b8
       18585000	      1857	800004c0	659c8c93	addi	x25,x25,1625	 x25:0x800084b8 x25=0x80008b11
       18595000	      1858	800004c4	07538b03	lb	x22,117(x7)	  x7:0x8000897a x22=0xffffffd4 PA:0x800089ef
       18605000	      1859	800004c8	00008c17	auipc	x24,0x8	 x24=0x800084c4
       18615000	      1860	800004cc	5c1c0c13	addi	x24,x24,1473	 x24:0x800084c4 x24=0x80008a85
       18625000	      1861	800004d0	09238f23	sb	x18,158(x7)	  x7:0x8000897a x18:0x80009fc4 PA:0x80008a18
       18635000	      1862	800004d4	ff6c4783	lbu	x15,-10(x24)	 x24:0x80008a85 x15=0x00000060 PA:0x80008a7b
       18645000	      1863	800004d8	fe7c8983	lb	x19,-25(x25)	 x25:0x80008b11 x19=0xffffffc9 PA:0x80008af8
       18655000	      1864	800004dc	09e38783	lb	x15,158(x7)	  x7:0x8000897a x15=0xffffffc4 PA:0x80008a18
       18665000	      1865	800004e0	ff8caba3	sw	x24,-9(x25)	 x25:0x80008b11 x24:0x80008a85 PA:0x80008b08
       18675000	      1866	800004e4	0d48cf83	lbu	x31,212(x17)	 x17:0x800089eb x31=0x000000a4 PA:0x80008abf
       18685000	      1867	800004e8	ffcc4783	lbu	x15,-4(x24)	 x24:0x80008a85 x15=0x0000006a PA:0x80008a81
       18695000	      1868	800004ec	fc4c8d83	lb	x27,-60(x25)	 x25:0x80008b11 x27=0xffffffbe PA:0x80008ad5
       18705000	      1869	800004f0	0f538403	lb	x8,245(x7)	  x7:0x8000897a  x8=0x00000054 PA:0x80008a6f
       18715000	      1870	800004f4	0123c283	lbu	x5,18(x7)	  x7:0x8000897a  x5=0x00000077 PA:0x8000898c
       18725000	      1871	800004f8	03f38fa3	sb	x31,63(x7)	  x7:0x8000897a x31:0x000000a4 PA:0x800089b9
       18735000	      1872	800004fc	033cd983	lhu	x19,51(x25)	 x25:0x80008b11 x19=0x00002e2f PA:0x80008b44
       18745000	      1873	80000500	fd7c1fa3	sh	x23,-33(x24)	 x24:0x80008a85 x23:0x00006465 PA:0x80008a64
       18755000	      1874	80000504	f338ca03	lbu	x20,-205(x17)	 x17:0x800089eb x20=0x00000005 PA:0x8000891e
       18765000	      1875	80000508	011cca03	lbu	x20,17(x25)	 x25:0x80008b11 x20=0x00000009 PA:0x80008b22
       18775000	      1876	8000050c	011c1203	lh	x4,17(x24)	 x24:0x80008a85  x4=0x00007c7d PA:0x80008a96
       18785000	      1877	80000510	025c0203	lb	x4,37(x24)	 x24:0x80008a85  x4=0xffffffc4 PA:0x80008aaa
       18795000	      1878	80000514	00234403	lbu	x8,2(x6)	  x6:0x80008e6f  x8=0x0000005a PA:0x80008e71
       18805000	      1879	80000518	034c8f23	sb	x20,62(x25)	 x25:0x80008b11 x20:0x00000009 PA:0x80008b4f
       18815000	      1880	8000051c	f3d380a3	sb	x29,-223(x7)	  x7:0x8000897a x29:0x00000000 PA:0x8000889b
       18825000	      1881	80000520	ff734003	lbu	x0,-9(x6)	  x6:0x80008e6f PA:0x80008e66
       18835000	      1882	80000524	fd0c8503	lb	x10,-48(x25)	 x25:0x80008b11 x10=0xffffffca PA:0x80008ae1
       18845000	      1883	80000528	00088ba3	sb	x0,23(x17)	 x17:0x800089eb  x0:0x00000000 PA:0x80008a02
       18855000	      1884	8000052c	0ee8c783	lbu	x15,238(x17)	 x17:0x800089eb x15=0x000000c2 PA:0x80008ad9
       18865000	      1885	80000530	00834183	lbu	x3,8(x6)	  x6:0x80008e6f  x3=0x00000000 PA:0x80008e77
       18875000	      1886	80000534	00c34e03	lbu	x28,12(x6)	  x6:0x80008e6f x28=0x00000060 PA:0x80008e7b
       18885000	      1887	80000538	fe3c9a03	lh	x20,-29(x25)	 x25:0x80008b11 x20=0xffffdedf PA:0x80008af4
       18895000	      1888	8000053c	01bc8803	lb	x16,27(x25)	 x25:0x80008b11 x16=0x00000017 PA:0x80008b2c
       18905000	      1889	80000540	01d8c403	lbu	x8,29(x17)	 x17:0x800089eb  x8=0x000000f3 PA:0x80008a08
       18915000	      1890	80000544	029c02a3	sb	x9,37(x24)	 x24:0x80008a85  x9:0x800088c4 PA:0x80008aaa
       18925000	      1891	80000548	f6888f23	sb	x8,-130(x17)	 x17:0x800089eb  x8:0x000000f3 PA:0x80008969
       18935000	      1892	8000054c	00f322a3	sw	x15,5(x6)	  x6:0x80008e6f x15:0x000000c2 PA:0x80008e74
       18945000	      1893	80000550	fcf38483	lb	x9,-49(x7)	  x7:0x8000897a  x9=0x00000032 PA:0x80008949
       18955000	      1894	80000554	00008097	auipc	x1,0x8	  x1=0x80008550
       18965000	      1895	80000558	7f308093	addi	x1,x1,2035	  x1:0x80008550  x1=0x80008d43
       18975000	      1896	8000055c	00009c97	auipc	x25,0x9	 x25=0x80009558
       18985000	      1897	80000560	837c8c93	addi	x25,x25,-1993	 x25:0x80009558 x25=0x80008d8f
       18995000	      1898	80000564	00008697	auipc	x13,0x8	 x13=0x80008560
       19005000	      1899	80000568	77d68693	addi	x13,x13,1917	 x13:0x80008560 x13=0x80008cdd
       19015000	      1900	8000056c	f7608823	sb	x22,-144(x1)	  x1:0x80008d43 x22:0xffffffd4 PA:0x80008cb3
       19025000	      1901	80000570	00008297	auipc	x5,0x8	  x5=0x8000856c
       19035000	      1902	80000574	4fb28293	addi	x5,x5,1275	  x5:0x8000856c  x5=0x80008a67
       19045000	      1903	80000578	00dcae03	lw	x28,13(x25)	 x25:0x80008d8f x28=0x84858687 PA:0x80008d9c
       19055000	      1904	8000057c	00008397	auipc	x7,0x8	  x7=0x80008578
       19065000	      1905	80000580	65138393	addi	x7,x7,1617	  x7:0x80008578  x7=0x80008bc9
       19075000	      1906	80000584	cf76cc03	lbu	x24,-777(x13)	 x13:0x80008cdd x24=0x000000bf PA:0x800089d4
       19085000	      1907	80000588	ffac8423	sb	x26,-24(x25)	 x25:0x80008d8f x26:0xfd34a927 PA:0x80008d77
       19095000	      1908	8000058c	b6e690a3	sh	x14,-1183(x13)	 x13:0x80008cdd x14:0x000000b8 PA:0x8000883e
       19105000	      1909	80000590	fe538b23	sb	x5,-10(x7)	  x7:0x80008bc9  x5:0x80008a67 PA:0x80008bbf
       19115000	      1910	80000594	fee281a3	sb	x14,-29(x5)	  x5:0x80008a67 x14:0x000000b8 PA:0x80008a4a
       19125000	      1911	80000598	08108783	lb	x15,129(x1)	  x1:0x80008d43 x15=0xffffffaf PA:0x80008dc4
       19135000	      1912	8000059c	010283a3	sb	x16,7(x5)	  x5:0x80008a67 x16:0x00000017 PA:0x80008a6e
       19145000	      1913	800005a0	fe568423	sb	x5,-24(x13)	 x13:0x80008cdd  x5:0x80008a67 PA:0x80008cc5
       19155000	      1914	800005a4	f27098a3	sh	x7,-207(x1)	  x1:0x80008d43  x7:0x80008bc9 PA:0x80008c74
       19165000	      1915	800005a8	ffacc583	lbu	x11,-6(x25)	 x25:0x80008d8f x11=0x00000072 PA:0x80008d89
       19175000	      1916	800005ac	fc0c8783	lb	x15,-64(x25)	 x25:0x80008d8f x15=0x00000000 PA:0x80008d4f
       19185000	      1917	800005b0	ff238783	lb	x15,-14(x7)	  x7:0x80008bc9 x15=0xffffffa0 PA:0x80008bbb
       19195000	      1918	800005b4	fc42c783	lbu	x15,-60(x5)	  x5:0x80008a67 x15=0x00000010 PA:0x80008a2b
       19205000	      1919	800005b8	03ec8503	lb	x10,62(x25)	 x25:0x80008d8f x10=0xffffffb6 PA:0x80008dcd
       19215000	      1920	800005bc	01838223	sb	x24,4(x7)	  x7:0x80008bc9 x24:0x000000bf PA:0x80008bcd
       19225000	      1921	800005c0	f460c883	lbu	x17,-186(x1)	  x1:0x80008d43 x17=0x00000072 PA:0x80008c89
       19235000	      1922	800005c4	00628303	lb	x6,6(x5)	  x5:0x80008a67  x6=0xffffffbe PA:0x80008a6d
       19245000	      1923	800005c8	d5c6c703	lbu	x14,-676(x13)	 x13:0x80008cdd x14=0x00000022 PA:0x80008a39
       19255000	      1924	800005cc	f62097a3	sh	x2,-145(x1)	  x1:0x80008d43  x2:0x80009f64 PA:0x80008cb2
       19265000	      1925	800005d0	05468783	lb	x15,84(x13)	 x13:0x80008cdd x15=0x0000001a PA:0x80008d31
       19275000	      1926	800005d4	f5f09183	lh	x3,-161(x1)	  x1:0x80008d43  x3=0xffff8889 PA:0x80008ca2
       19285000	      1927	800005d8	01a38623	sb	x26,12(x7)	  x7:0x80008bc9 x26:0xfd34a927 PA:0x80008bd5
       19295000	      1928	800005dc	06a08423	sb	x10,104(x1)	  x1:0x80008d43 x10:0xffffffb6 PA:0x80008dab
       19305000	      1929	800005e0	03e29ea3	sh	x30,61(x5)	  x5:0x80008a67 x30:0x800082da PA:0x80008aa4
       19315000	      1930	800005e4	fc4ccf03	lbu	x30,-60(x25)	 x25:0x80008d8f x30=0x00000038 PA:0x80008d53
       19325000	      1931	800005e8	fda2c203	lbu	x4,-38(x5)	  x5:0x80008a67  x4=0x0000002a PA:0x80008a41
       19335000	      1932	800005ec	e676ca03	lbu	x20,-409(x13)	 x13:0x80008cdd x20=0x0000002f PA:0x80008b44
       19345000	      1933	800005f0	fc9cd003	lhu	x0,-55(x25)	 x25:0x80008d8f PA:0x80008d58
       19355000	      1934	800005f4	ff93d883	lhu	x17,-7(x7)	  x7:0x80008bc9 x17=0x0000a8a9 PA:0x80008bc2
       19365000	      1935	800005f8	ca668623	sb	x6,-852(x13)	 x13:0x80008cdd  x6:0xffffffbe PA:0x80008989
       19375000	      1936	800005fc	1c468ea3	sb	x4,477(x13)	 x13:0x80008cdd  x4:0x0000002a PA:0x80008eba
       19385000	      1937	80000600	f2b0cb83	lbu	x23,-213(x1)	  x1:0x80008d43 x23=0x00000055 PA:0x80008c6e
       19395000	      1938	80000604	0a26c883	lbu	x17,162(x13)	 x13:0x80008cdd x17=0x00000064 PA:0x80008d7f
       19405000	      1939	80000608	00008517	auipc	x10,0x8	 x10=0x80008604
       19415000	      1940	8000060c	3a950513	addi	x10,x10,937	 x10:0x80008604 x10=0x800089ad
       19425000	      1941	80000610	0db50023	sb	x27,192(x10)	 x10:0x800089ad x27:0xffffffbe PA:0x80008a6d
       19435000	      1942	80000614	63125417	auipc	x8,0x63125	  x8=0xe3125610
       19445000	      1943	80000618	01c3f333	and	x6,x7,x28	  x7:0x80008bc9 x28:0x84858687  x6=0x80008281
       19455000	      1944	8000061c	05c50d83	lb	x27,92(x10)	 x10:0x800089ad x27=0xfffffff2 PA:0x80008a09
       19465000	      1945	80000620	81c2a817	auipc	x16,0x81c2a	 x16=0x01c2a61c
       19475000	      1946	80000624	01fe1493	slli	x9,x28,0x1f	 x28:0x84858687  x9=0x80000000
       19485000	      1947	80000628	ed65cbb7	lui	x23,0xed65c	 x23=0xed65c000
       19495000	      1948	8000062c	8f6ee613	ori	x12,x29,-1802	 x29:0x00000000 x12=0xfffff8f6
       19505000	      1949	80000630	c456c413	xori	x8,x13,-955	 x13:0x80008cdd  x8=0x7fff7098
       19515000	      1950	80000634	0039ce33	xor	x28,x19,x3	 x19:0x00002e2f  x3:0xffff8889 x28=0xffffa6a6
       19525000	      1951	80000638	008a7233	and	x4,x20,x8	 x20:0x0000002f  x8:0x7fff7098  x4=0x00000008
       19535000	      1952	8000063c	012b6733	or	x14,x22,x18	 x22:0xffffffd4 x18:0x80009fc4 x14=0xffffffd4
       19545000	      1953	80000640	01c83833	sltu	x16,x16,x28	 x16:0x01c2a61c x28:0xffffa6a6 x16=0x00000001
       19555000	      1954	80000644	00000013	addi	x0,x0,0	  x0:0x00000000
       19565000	      1955	80000648	0c0508a3	sb	x0,209(x10)	 x10:0x800089ad  x0:0x00000000 PA:0x80008a7e
       19575000	      1956	8000064c	0092e3b3	or	x7,x5,x9	  x5:0x80008a67  x9:0x80000000  x7=0x80008a67
       19585000	      1957	80000650	0169f5b3	and	x11,x19,x22	 x19:0x00002e2f x22:0xffffffd4 x11=0x00002e04
       19595000	      1958	80000654	01082c33	slt	x24,x16,x16	 x16:0x00000001 x16:0x00000001 x24=0x00000000
       19605000	      1959	80000658	0169cbb3	xor	x23,x19,x22	 x19:0x00002e2f x22:0xffffffd4 x23=0xffffd1fb
       19615000	      1960	8000065c	d4984e13	xori	x28,x16,-695	 x16:0x00000001 x28=0xfffffd48
       19625000	      1961	80000660	0e254e83	lbu	x29,226(x10)	 x10:0x800089ad x29=0x00000074 PA:0x80008a8f
       19635000	      1962	80000664	00000013	addi	x0,x0,0	  x0:0x00000000
       19645000	      1963	80000668	014176b3	and	x13,x2,x20	  x2:0x80009f64 x20:0x0000002f x13=0x00000024
       19655000	      1964	8000066c	f09a1a17	auipc	x20,0xf09a1	 x20=0x709a1668
       19665000	      1965	80000670	4063d393	srai	x7,x7,0x6	  x7:0x80008a67  x7=0xfe000229
       19675000	      1966	80000674	017b37b3	sltu	x15,x22,x23	 x22:0xffffffd4 x23:0xffffd1fb x15=0x00000000
       19685000	      1967	80000678	04c54283	lbu	x5,76(x10)	 x10:0x800089ad  x5=0x000000e2 PA:0x800089f9
       19695000	      1968	8000067c	06854583	lbu	x11,104(x10)	 x10:0x800089ad x11=0x000000fe PA:0x80008a15
       19705000	      1969	80000680	f8e517a3	sh	x14,-113(x10)	 x10:0x800089ad x14:0xffffffd4 PA:0x8000893c
       19715000	      1970	80000684	014e9f33	sll	x30,x29,x20	 x29:0x00000074 x20:0x709a1668 x30=0x00007400
       19725000	      1971	80000688	530ea293	slti	x5,x29,1328	 x29:0x00000074  x5=0x00000001
       19735000	      1972	8000068c	002f5e33	srl	x28,x30,x2	 x30:0x00007400  x2:0x80009f64 x28=0x00000740
       19745000	      1973	80000690	f9454403	lbu	x8,-108(x10)	 x10:0x800089ad  x8=0x0000002a PA:0x80008941
       19755000	      1974	00000000	00000013	addi	x0,x0,0	  x0:0x00000000
       19765000	      1975	80000694	02850003	lb	x0,40(x10)	 x10:0x800089ad PA:0x800089d5
       19775000	      1976	80000698	f7e54803	lbu	x16,-130(x10)	 x10:0x800089ad x16=0x00000010 PA:0x8000892b
       19785000	      1977	8000069c	fe350923	sb	x3,-14(x10)	 x10:0x800089ad  x3:0xffff8889 PA:0x8000899f
       19795000	      1978	800006a0	00008f17	auipc	x30,0x8	 x30=0x8000869c
       19805000	      1979	800006a4	127f0f13	addi	x30,x30,295	 x30:0x8000869c x30=0x800087c3
       19815000	      1980	800006a8	ffdf01a3	sb	x29,-29(x30)	 x30:0x800087c3 x29:0x00000074 PA:0x800087a6
       19825000	      1981	800006ac	00008a17	auipc	x20,0x8	 x20=0x800086a8
       19835000	      1982	800006b0	bcaa0a13	addi	x20,x20,-1078	 x20:0x800086a8 x20=0x80008272
       19845000	      1983	800006b4	320a1b03	lh	x22,800(x20)	 x20:0x80008272 x22=0x00004849 PA:0x80008592
       19855000	      1984	800006b8	00008097	auipc	x1,0x8	  x1=0x800086b4
       19865000	      1985	800006bc	eb208093	addi	x1,x1,-334	  x1:0x800086b4  x1=0x80008566
       19875000	      1986	800006c0	00008397	auipc	x7,0x8	  x7=0x800086bc
       19885000	      1987	800006c4	f0138393	addi	x7,x7,-255	  x7:0x800086bc  x7=0x800085bd
       19895000	      1988	800006c8	fe0f2ea3	sw	x0,-3(x30)	 x30:0x800087c3  x0:0x00000000 PA:0x800087c0
       19905000	      1989	800006cc	ced38783	lb	x15,-787(x7)	  x7:0x800085bd x15=0x00000061 PA:0x800082aa
       19915000	      1990	800006d0	fd0f0983	lb	x19,-48(x30)	 x30:0x800087c3 x19=0x00000048 PA:0x80008793
       19925000	      1991	800006d4	e233a683	lw	x13,-477(x7)	  x7:0x800085bd x13=0x98999a9b PA:0x800083e0
       19935000	      1992	800006d8	01af0003	lb	x0,26(x30)	 x30:0x800087c3 PA:0x800087dd
       19945000	      1993	800006dc	02c08fa3	sb	x12,63(x1)	  x1:0x80008566 x12:0xfffff8f6 PA:0x800085a5
       19955000	      1994	800006e0	00b08b03	lb	x22,11(x1)	  x1:0x80008566 x22=0x0000002a PA:0x80008571
       19965000	      1995	800006e4	e97a04a3	sb	x23,-375(x20)	 x20:0x80008272 x23:0xffffd1fb PA:0x800080fb
       19975000	      1996	800006e8	4ffa4b03	lbu	x22,1279(x20)	 x20:0x80008272 x22=0x0000002a PA:0x80008771
       19985000	      1997	800006ec	fd0084a3	sb	x16,-55(x1)	  x1:0x80008566 x16:0x00000010 PA:0x8000852f
       19995000	      1998	800006f0	033f0503	lb	x10,51(x30)	 x30:0x800087c3 x10=0x00000001 PA:0x800087f6
       20005000	      1999	800006f4	133a4703	lbu	x14,307(x20)	 x20:0x80008272 x14=0x0000005e PA:0x800083a5
       20015000	      2000	800006f8	010f0003	lb	x0,16(x30)	 x30:0x800087c3 PA:0x800087d3
       20025000	      2001	800006fc	35ea5e83	lhu	x29,862(x20)	 x20:0x80008272 x29=0x00008a8b PA:0x800085d0
       20035000	      2002	80000700	d9f38d23	sb	x31,-614(x7)	  x7:0x800085bd x31:0x000000a4 PA:0x80008357
       20045000	      2003	80000704	fd9f0623	sb	x25,-52(x30)	 x30:0x800087c3 x25:0x80008d8f PA:0x8000878f
       20055000	      2004	80000708	ec8a0183	lb	x3,-312(x20)	 x20:0x80008272  x3=0xfffffff1 PA:0x8000813a
       20065000	      2005	8000070c	eaba0b83	lb	x23,-341(x20)	 x20:0x80008272 x23=0xffffffd6 PA:0x8000811d
       20075000	      2006	80000710	c6c3ca83	lbu	x21,-916(x7)	  x7:0x800085bd x21=0x000000e2 PA:0x80008229
       20085000	      2007	80000714	000089a3	sb	x0,19(x1)	  x1:0x80008566  x0:0x00000000 PA:0x80008579
       20095000	      2008	80000718	fff09f23	sh	x31,-2(x1)	  x1:0x80008566 x31:0x000000a4 PA:0x80008564
       20105000	      2009	8000071c	ff3f0523	sb	x19,-22(x30)	 x30:0x800087c3 x19:0x00000048 PA:0x800087ad
       20115000	      2010	80000720	bc73a703	lw	x14,-1081(x7)	  x7:0x800085bd x14=0x3c3d3e3f PA:0x80008184
       20125000	      2011	80000724	0060d883	lhu	x17,6(x1)	  x1:0x80008566 x17=0x00002627 PA:0x8000856c
       20135000	      2012	80000728	feb088a3	sb	x11,-15(x1)	  x1:0x80008566 x11:0x000000fe PA:0x80008557
       20145000	      2013	8000072c	fbea09a3	sb	x30,-77(x20)	 x20:0x80008272 x30:0x800087c3 PA:0x80008225
       20155000	      2014	80000730	f043c483	lbu	x9,-252(x7)	  x7:0x800085bd  x9=0x0000007a PA:0x800084c1
       20165000	      2015	80000734	01cf0603	lb	x12,28(x30)	 x30:0x800087c3 x12=0xffffff94 PA:0x800087df
       20175000	      2016	00000000	00000013	addi	x0,x0,0	  x0:0x00000000
       20185000	      2017	80000738	16ca0b83	lb	x23,364(x20)	 x20:0x80008272 x23=0xffffff95 PA:0x800083de
       20195000	      2018	8000073c	00008797	auipc	x15,0x8	 x15=0x80008738
       20205000	      2019	80000740	59178793	addi	x15,x15,1425	 x15:0x80008738 x15=0x80008cc9
       20215000	      2020	80000744	ffc78b03	lb	x22,-4(x15)	 x15:0x80008cc9 x22=0x00000067 PA:0x80008cc5
       20225000	      2021	80000748	02379283	lh	x5,35(x15)	 x15:0x80008cc9  x5=0xffffd6d7 PA:0x80008cec
       20235000	      2022	8000074c	ff779ca3	sh	x23,-7(x15)	 x15:0x80008cc9 x23:0xffffff95 PA:0x80008cc2
       20245000	      2023	80000750	01a53433	sltu	x8,x10,x26	 x10:0x00000001 x26:0xfd34a927  x8=0x00000001
       20255000	      2024	80000754	40770db3	sub	x27,x14,x7	 x14:0x3c3d3e3f  x7:0x800085bd x27=0xbc3cb882
       20265000	      2025	80000758	fd178223	sb	x17,-60(x15)	 x15:0x80008cc9 x17:0x00002627 PA:0x80008c8d
       20275000	      2026	8000075c	fc47c403	lbu	x8,-60(x15)	 x15:0x80008cc9  x8=0x00000027 PA:0x80008c8d
       20285000	      2027	80000760	fc478383	lb	x7,-60(x15)	 x15:0x80008cc9  x7=0x00000027 PA:0x80008c8d
       20295000	      2028	80000764	fc478683	lb	x13,-60(x15)	 x15:0x80008cc9 x13=0x00000027 PA:0x80008c8d
       20305000	      2029	80000768	012798a3	sh	x18,17(x15)	 x15:0x80008cc9 x18:0x80009fc4 PA:0x80008cda
       20315000	      2030	8000076c	02978c23	sb	x9,56(x15)	 x15:0x80008cc9  x9:0x0000007a PA:0x80008d01
       20325000	      2031	80000770	01a1df13	srli	x30,x3,0x1a	  x3:0xfffffff1 x30=0x0000003f
       20335000	      2032	80000774	02678c23	sb	x6,56(x15)	 x15:0x80008cc9  x6:0x80008281 PA:0x80008d01
       20345000	      2033	80000778	00257633	and	x12,x10,x2	 x10:0x00000001  x2:0x80009f64 x12=0x00000000
       20355000	      2034	8000077c	00206a33	or	x20,x0,x2	  x0:0x00000000  x2:0x80009f64 x20=0x80009f64
       20365000	      2035	80000780	03a7cb03	lbu	x22,58(x15)	 x15:0x80008cc9 x22=0x000000e8 PA:0x80008d03
       20375000	      2036	80000784	fe378a03	lb	x20,-29(x15)	 x15:0x80008cc9 x20=0xffffff97 PA:0x80008cac
       20385000	      2037	80000788	251136b7	lui	x13,0x25113	 x13=0x25113000
       20395000	      2038	8000078c	003279b3	and	x19,x4,x3	  x4:0x00000008  x3:0xfffffff1 x19=0x00000000
       20405000	      2039	80000790	ff978423	sb	x25,-24(x15)	 x15:0x80008cc9 x25:0x80008d8f PA:0x80008cb1
       20415000	      2040	80000794	00008997	auipc	x19,0x8	 x19=0x80008790
       20425000	      2041	80000798	35e98993	addi	x19,x19,862	 x19:0x80008790 x19=0x80008aee
       20435000	      2042	8000079c	00008297	auipc	x5,0x8	  x5=0x80008798
       20445000	      2043	800007a0	16d28293	addi	x5,x5,365	  x5:0x80008798  x5=0x80008905
       20455000	      2044	800007a4	ffc98d23	sb	x28,-6(x19)	 x19:0x80008aee x28:0x00000740 PA:0x80008ae8
       20465000	      2045	800007a8	ff099483	lh	x9,-16(x19)	 x19:0x80008aee  x9=0xffffc4c5 PA:0x80008ade
       20475000	      2046	800007ac	00008397	auipc	x7,0x8	  x7=0x800087a8
       20485000	      2047	800007b0	5a838393	addi	x7,x7,1448	  x7:0x800087a8  x7=0x80008d50
       20495000	      2048	800007b4	f4e28883	lb	x17,-178(x5)	  x5:0x80008905 x17=0x00000038 PA:0x80008853
       20505000	      2049	800007b8	00008317	auipc	x6,0x8	  x6=0x800087b4
       20515000	      2050	800007bc	42130313	addi	x6,x6,1057	  x6:0x800087b4  x6=0x80008bd5
       20525000	      2051	800007c0	00238423	sb	x2,8(x7)	  x7:0x80008d50  x2:0x80009f64 PA:0x80008d58
       20535000	      2052	800007c4	00130603	lb	x12,1(x6)	  x6:0x80008bd5 x12=0x00000000 PA:0x80008bd6
       20545000	      2053	800007c8	ff899803	lh	x16,-8(x19)	 x19:0x80008aee x16=0xffffcccd PA:0x80008ae6
       20555000	      2054	800007cc	0ab2aa83	lw	x21,171(x5)	  x5:0x80008905 x21=0x98999a9b PA:0x800089b0
       20565000	      2055	800007d0	00e34f83	lbu	x31,14(x6)	  x6:0x80008bd5 x31=0x000000c8 PA:0x80008be3
       20575000	      2056	800007d4	ffc30d83	lb	x27,-4(x6)	  x6:0x80008bd5 x27=0xffffffba PA:0x80008bd1
       20585000	      2057	800007d8	00f99523	sh	x15,10(x19)	 x19:0x80008aee x15:0x80008cc9 PA:0x80008af8
       20595000	      2058	800007dc	005302a3	sb	x5,5(x6)	  x6:0x80008bd5  x5:0x80008905 PA:0x80008bda
       20605000	      2059	800007e0	013385a3	sb	x19,11(x7)	  x7:0x80008d50 x19:0x80008aee PA:0x80008d5b
       20615000	      2060	800007e4	0059ce83	lbu	x29,5(x19)	 x19:0x80008aee x29=0x000000d8 PA:0x80008af3
       20625000	      2061	800007e8	ffb38b03	lb	x22,-5(x7)	  x7:0x80008d50 x22=0x00000030 PA:0x80008d4b
       20635000	      2062	800007ec	00828223	sb	x8,4(x5)	  x5:0x80008905  x8:0x00000027 PA:0x80008909
       20645000	      2063	800007f0	fda28b83	lb	x23,-38(x5)	  x5:0x80008905 x23=0xffffffc4 PA:0x800088df
       20655000	      2064	800007f4	0023cf03	lbu	x30,2(x7)	  x7:0x80008d50 x30=0x00000039 PA:0x80008d52
       20665000	      2065	800007f8	ffa34e03	lbu	x28,-6(x6)	  x6:0x80008bd5 x28=0x00000066 PA:0x80008bcf
       20675000	      2066	800007fc	01228b23	sb	x18,22(x5)	  x5:0x80008905 x18:0x80009fc4 PA:0x8000891b
       20685000	      2067	80000800	00938603	lb	x12,9(x7)	  x7:0x80008d50 x12=0x00000042 PA:0x80008d59
       20695000	      2068	80000804	0732d183	lhu	x3,115(x5)	  x5:0x80008905  x3=0x00006263 PA:0x80008978
       20705000	      2069	80000808	0003ce83	lbu	x29,0(x7)	  x7:0x80008d50 x29=0x0000003b PA:0x80008d50
       20715000	      2070	8000080c	01529ba3	sh	x21,23(x5)	  x5:0x80008905 x21:0x98999a9b PA:0x8000891c
       20725000	      2071	80000810	fb028203	lb	x4,-80(x5)	  x5:0x80008905  x4=0xffffff9e PA:0x800088b5
       20735000	      2072	80000814	ffc34683	lbu	x13,-4(x6)	  x6:0x80008bd5 x13=0x000000ba PA:0x80008bd1
       20745000	      2073	80000818	0103ac83	lw	x25,16(x7)	  x7:0x80008d50 x25=0x48499f4b PA:0x80008d60
       20755000	      2074	8000081c	01c2cf03	lbu	x30,28(x5)	  x5:0x80008905 x30=0x0000000a PA:0x80008921
       20765000	      2075	80000820	ff83a683	lw	x13,-8(x7)	  x7:0x80008d50 x13=0x30313233 PA:0x80008d48
       20775000	      2076	80000824	00e30883	lb	x17,14(x6)	  x6:0x80008bd5 x17=0xffffffc8 PA:0x80008be3
       20785000	      2077	80000828	ffa3ca83	lbu	x21,-6(x7)	  x7:0x80008d50 x21=0x00000031 PA:0x80008d4a
       20795000	      2078	8000082c	fff30ea3	sb	x31,-3(x6)	  x6:0x80008bd5 x31:0x000000c8 PA:0x80008bd2
       20805000	      2079	80000830	fff98ba3	sb	x31,-9(x19)	 x19:0x80008aee x31:0x000000c8 PA:0x80008ae5
       20815000	      2080	80000834	ff234c03	lbu	x24,-14(x6)	  x6:0x80008bd5 x24=0x000000ac PA:0x80008bc7
       20825000	      2081	80000838	fa328183	lb	x3,-93(x5)	  x5:0x80008905  x3=0xffffff93 PA:0x800088a8
       20835000	      2082	8000083c	00008e17	auipc	x28,0x8	 x28=0x80008838
       20845000	      2083	80000840	27ae0e13	addi	x28,x28,634	 x28:0x80008838 x28=0x80008ab2
       20855000	      2084	80000844	018cba33	sltu	x20,x25,x24	 x25:0x48499f4b x24:0x000000ac x20=0x00000000
       20865000	      2085	80000848	b04c3593	sltiu	x11,x24,-1276	 x24:0x000000ac x11=0x00000001
       20875000	      2086	8000084c	3e104697	auipc	x13,0x3e104	 x13=0xbe104848
       20885000	      2087	80000850	e98cec13	ori	x24,x25,-360	 x25:0x48499f4b x24=0xffffffdb
       20895000	      2088	80000854	4744e617	auipc	x12,0x4744e	 x12=0xc744e850
       20905000	      2089	80000858	01609633	sll	x12,x1,x22	  x1:0x80008566 x22:0x00000030 x12=0x85660000
       20915000	      2090	8000085c	00a7acb3	slt	x25,x15,x10	 x15:0x80008cc9 x10:0x00000001 x25=0x00000001
       20925000	      2091	80000860	4ceef213	andi	x4,x29,1230	 x29:0x0000003b  x4=0x0000000a
       20935000	      2092	80000864	fdee2783	lw	x15,-34(x28)	 x28:0x80008ab2 x15=0x78797a7b PA:0x80008a90
       20945000	      2093	80000868	01e29233	sll	x4,x5,x30	  x5:0x80008905 x30:0x0000000a  x4=0x02241400
       20955000	      2094	8000086c	001d1233	sll	x4,x26,x1	 x26:0xfd34a927  x1:0x80008566  x4=0x4d2a49c0
       20965000	      2095	80000870	005a9833	sll	x16,x21,x5	 x21:0x00000031  x5:0x80008905 x16=0x00000620
       20975000	      2096	80000874	0117e4b3	or	x9,x15,x17	 x15:0x78797a7b x17:0xffffffc8  x9=0xfffffffb
       20985000	      2097	80000878	0c6e2983	lw	x19,198(x28)	 x28:0x80008ab2 x19=0x60612763 PA:0x80008b78
       20995000	      2098	8000087c	016480b3	add	x1,x9,x22	  x9:0xfffffffb x22:0x00000030  x1=0x0000002b
       21005000	      2099	80000880	01d80633	add	x12,x16,x29	 x16:0x00000620 x29:0x0000003b x12=0x0000065b
       21015000	      2100	80000884	dd1ef893	andi	x17,x29,-559	 x29:0x0000003b x17=0x00000011
       21025000	      2101	80000888	f50e0da3	sb	x16,-165(x28)	 x28:0x80008ab2 x16:0x00000620 PA:0x80008a0d
       21035000	      2102	8000088c	01a89493	slli	x9,x17,0x1a	 x17:0x00000011  x9=0x44000000
       21045000	      2103	80000890	0c2e08a3	sb	x2,209(x28)	 x28:0x80008ab2  x2:0x80009f64 PA:0x80008b83
       21055000	      2104	80000894	0e0e01a3	sb	x0,227(x28)	 x28:0x80008ab2  x0:0x00000000 PA:0x80008b95
       21065000	      2105	80000898	0a3e0203	lb	x4,163(x28)	 x28:0x80008ab2  x4=0x0000003e PA:0x80008b55
       21075000	      2106	8000089c	f8be0283	lb	x5,-117(x28)	 x28:0x80008ab2  x5=0x00000026 PA:0x80008a3d
       21085000	      2107	800008a0	41955593	srai	x11,x10,0x19	 x10:0x00000001 x11=0x00000000
       21095000	      2108	800008a4	00071993	slli	x19,x14,0x0	 x14:0x3c3d3e3f x19=0x3c3d3e3f
       21105000	      2109	800008a8	0189c9b3	xor	x19,x19,x24	 x19:0x3c3d3e3f x24:0xffffffdb x19=0xc3c2c1e4
       21115000	      2110	800008ac	c9636493	ori	x9,x6,-874	  x6:0x80008bd5  x9=0xffffffd7
       21125000	      2111	800008b0	0150d7b3	srl	x15,x1,x21	  x1:0x0000002b x21:0x00000031 x15=0x00000000
       21135000	      2112	800008b4	55eea817	auipc	x16,0x55eea	 x16=0xd5eea8b0
       21145000	      2113	800008b8	01a4c6b3	xor	x13,x9,x26	  x9:0xffffffd7 x26:0xfd34a927 x13=0x02cb56f0
       21155000	      2114	800008bc	409dda13	srai	x20,x27,0x9	 x27:0xffffffba x20=0xffffffff
       21165000	      2115	800008c0	efd7ae97	auipc	x29,0xefd7a	 x29=0x6fd7a8bc
       21175000	      2116	800008c4	0b7e0f03	lb	x30,183(x28)	 x28:0x80008ab2 x30=0x00000052 PA:0x80008b69
       21185000	      2117	800008c8	018eb633	sltu	x12,x29,x24	 x29:0x6fd7a8bc x24:0xffffffdb x12=0x00000001
       21195000	      2118	800008cc	f85e4583	lbu	x11,-123(x28)	 x28:0x80008ab2 x11=0x0000001c PA:0x80008a37
       21205000	      2119	800008d0	41dc59b3	sra	x19,x24,x29	 x24:0xffffffdb x29:0x6fd7a8bc x19=0xffffffff
       21215000	      2120	800008d4	fe7e4c03	lbu	x24,-25(x28)	 x28:0x80008ab2 x24=0x00000082 PA:0x80008a99
       21225000	      2121	800008d8	055e4d83	lbu	x27,85(x28)	 x28:0x80008ab2 x27=0x000000ec PA:0x80008b07
       21235000	      2122	800008dc	00007597	auipc	x11,0x7	 x11=0x800078d8
       21245000	      2123	800008e0	78658593	addi	x11,x11,1926	 x11:0x800078d8 x11=0x8000805e
       21255000	      2124	800008e4	4185de83	lhu	x29,1048(x11)	 x11:0x8000805e x29=0x00002c2d PA:0x80008476
       21265000	      2125	800008e8	237588a3	sb	x23,561(x11)	 x11:0x8000805e x23:0xffffffc4 PA:0x8000828f
       21275000	      2126	800008ec	46f58203	lb	x4,1135(x11)	 x11:0x8000805e  x4=0xffffff86 PA:0x800084cd
       21285000	      2127	800008f0	2257ce93	xori	x29,x15,549	 x15:0x00000000 x29=0x00000225
       21295000	      2128	800008f4	003a3833	sltu	x16,x20,x3	 x20:0xffffffff  x3:0xffffff93 x16=0x00000000
       21305000	      2129	800008f8	6b35c083	lbu	x1,1715(x11)	 x11:0x8000805e  x1=0x000000ca PA:0x80008711
       21315000	      2130	800008fc	3fa5db03	lhu	x22,1018(x11)	 x11:0x8000805e x22=0x00001213 PA:0x80008458
       21325000	      2131	80000900	3e558783	lb	x15,997(x11)	 x11:0x8000805e x15=0xfffffff8 PA:0x80008443
       21335000	      2132	00000000	00000013	addi	x0,x0,0	  x0:0x00000000
       21345000	      2133	80000904	fef58283	lb	x5,-17(x11)	 x11:0x8000805e  x5=0x00000006 PA:0x8000804d
       21355000	      2134	80000908	ba832b13	slti	x22,x6,-1112	  x6:0x80008bd5 x22=0x00000001
       21365000	      2135	8000090c	006321b3	slt	x3,x6,x6	  x6:0x80008bd5  x6:0x80008bd5  x3=0x00000000
       21375000	      2136	80000910	01ac27b3	slt	x15,x24,x26	 x24:0x00000082 x26:0xfd34a927 x15=0x00000000
       21385000	      2137	80000914	01258623	sb	x18,12(x11)	 x11:0x8000805e x18:0x80009fc4 PA:0x8000806a
       21395000	      2138	80000918	002b2817	auipc	x16,0x2b2	 x16=0x802b2914
       21405000	      2139	8000091c	4fa94313	xori	x6,x18,1274	 x18:0x80009fc4  x6=0x80009b3e
       21415000	      2140	80000920	007de7b3	or	x15,x27,x7	 x27:0x000000ec  x7:0x80008d50 x15=0x80008dfc
       21425000	      2141	80000924	2365cd83	lbu	x27,566(x11)	 x11:0x8000805e x27=0x0000004f PA:0x80008294
       21435000	      2142	80000928	f17d4a17	auipc	x20,0xf17d4	 x20=0x717d4924
       21445000	      2143	8000092c	00f59693	slli	x13,x11,0xf	 x11:0x8000805e x13=0x402f0000
       21455000	      2144	80000930	5dc582a3	sb	x28,1477(x11)	 x11:0x8000805e x28:0x80008ab2 PA:0x80008623
       21465000	      2145	80000934	00c42eb3	slt	x29,x8,x12	  x8:0x00000027 x12:0x00000001 x29=0x00000000
       21475000	      2146	80000938	2b016997	auipc	x19,0x2b016	 x19=0xab016934
       21485000	      2147	8000093c	46b58aa3	sb	x11,1141(x11)	 x11:0x8000805e x11:0x8000805e PA:0x800084d3
       21495000	      2148	80000940	52716197	auipc	x3,0x52716	  x3=0xd271693c
       21505000	      2149	80000944	2d358aa3	sb	x19,725(x11)	 x11:0x8000805e x19:0xab016934 PA:0x80008333
       21515000	      2150	80000948	7aa58a03	lb	x20,1962(x11)	 x11:0x8000805e x20=0x00000027 PA:0x80008808
       21525000	      2151	8000094c	01879f13	slli	x30,x15,0x18	 x15:0x80008dfc x30=0xfc000000
       21535000	      2152	80000950	3a458f23	sb	x4,958(x11)	 x11:0x8000805e  x4:0xffffff86 PA:0x8000841c
       21545000	      2153	80000954	01ce6333	or	x6,x28,x28	 x28:0x80008ab2 x28:0x80008ab2  x6=0x80008ab2
       21555000	      2154	80000958	4475c683	lbu	x13,1095(x11)	 x11:0x8000805e x13=0x0000005e PA:0x800084a5
       21565000	      2155	8000095c	01c5db93	srli	x23,x11,0x1c	 x11:0x8000805e x23=0x00000008
       21575000	      2156	80000960	2ca59e03	lh	x28,714(x11)	 x11:0x8000805e x28=0xffffe2e3 PA:0x80008328
       21585000	      2157	80000964	3d28b413	sltiu	x8,x17,978	 x17:0x00000011  x8=0x00000001
       21595000	      2158	80000968	e9500f13	addi	x30,x0,-363	  x0:0x00000000 x30=0xfffffe95
       21605000	      2159	8000096c	20e5d303	lhu	x6,526(x11)	 x11:0x8000805e  x6=0x00002627 PA:0x8000826c
       21615000	      2160	80000970	00008e17	auipc	x28,0x8	 x28=0x8000896c
       21625000	      2161	80000974	ef0e0e13	addi	x28,x28,-272	 x28:0x8000896c x28=0x8000885c
       21635000	      2162	80000978	414b5013	srai	x0,x22,0x14	 x22:0x00000001
       21645000	      2163	8000097c	00443833	sltu	x16,x8,x4	  x8:0x00000001  x4:0xffffff86 x16=0x00000001
       21655000	      2164	80000980	fe2e0723	sb	x2,-18(x28)	 x28:0x8000885c  x2:0x80009f64 PA:0x8000884a
       21665000	      2165	80000984	01c643b3	xor	x7,x12,x28	 x12:0x00000001 x28:0x8000885c  x7=0x8000885d
       21675000	      2166	80000988	e2447993	andi	x19,x8,-476	  x8:0x00000001 x19=0x00000000
       21685000	      2167	8000098c	00d53c33	sltu	x24,x10,x13	 x10:0x00000001 x13:0x0000005e x24=0x00000001
       21695000	      2168	80000990	ff9e4b03	lbu	x22,-7(x28)	 x28:0x8000885c x22=0x0000003e PA:0x80008855
       21705000	      2169	80000994	40bd5a93	srai	x21,x26,0xb	 x26:0xfd34a927 x21=0xffffa695
       21715000	      2170	80000998	fd8e2c23	sw	x24,-40(x28)	 x28:0x8000885c x24:0x00000001 PA:0x80008834
       21725000	      2171	8000099c	01de0403	lb	x8,29(x28)	 x28:0x8000885c  x8=0xffffff8d PA:0x80008879
       21735000	      2172	800009a0	fc7e05a3	sb	x7,-53(x28)	 x28:0x8000885c  x7:0x8000885d PA:0x80008827
       21745000	      2173	800009a4	fede4883	lbu	x17,-19(x28)	 x28:0x8000885c x17=0x00000032 PA:0x80008849
       21755000	      2174	800009a8	51e0b393	sltiu	x7,x1,1310	  x1:0x000000ca  x7=0x00000001
       21765000	      2175	800009ac	fd1e0083	lb	x1,-47(x28)	 x28:0x8000885c  x1=0x00000016 PA:0x8000882d
       21775000	      2176	800009b0	ff0e4503	lbu	x10,-16(x28)	 x28:0x8000885c x10=0x00000037 PA:0x8000884c
       21785000	      2177	800009b4	00729493	slli	x9,x5,0x7	  x5:0x00000006  x9=0x00000300
       21795000	      2178	800009b8	fe5e01a3	sb	x5,-29(x28)	 x28:0x8000885c  x5:0x00000006 PA:0x8000883f
       21805000	      2179	800009bc	018e45b3	xor	x11,x28,x24	 x28:0x8000885c x24:0x00000001 x11=0x8000885d
       21815000	      2180	800009c0	40a70fb3	sub	x31,x14,x10	 x14:0x3c3d3e3f x10:0x00000037 x31=0x3c3d3e08
       21825000	      2181	800009c4	be712013	slti	x0,x2,-1049	  x2:0x80009f64
       21835000	      2182	800009c8	01de0583	lb	x11,29(x28)	 x28:0x8000885c x11=0xffffff8d PA:0x80008879
       21845000	      2183	800009cc	41e05a13	srai	x20,x0,0x1e	  x0:0x00000000 x20=0x00000000
       21855000	      2184	800009d0	01fe0803	lb	x16,31(x28)	 x28:0x8000885c x16=0xffffff80 PA:0x8000887b
       21865000	      2185	800009d4	889ec817	auipc	x16,0x889ec	 x16=0x089ec9d0
       21875000	      2186	800009d8	fefe4503	lbu	x10,-17(x28)	 x28:0x8000885c x10=0x00000030 PA:0x8000884b
       21885000	      2187	800009dc	ffee1923	sh	x30,-14(x28)	 x28:0x8000885c x30:0xfffffe95 PA:0x8000884e
       21895000	      2188	800009e0	fffe0f83	lb	x31,-1(x28)	 x28:0x8000885c x31=0x00000040 PA:0x8000885b
       21905000	      2189	800009e4	0099d293	srli	x5,x19,0x9	 x19:0x00000000  x5=0x00000000
       21915000	      2190	800009e8	6c7d4293	xori	x5,x26,1735	 x26:0xfd34a927  x5=0xfd34afe0
       21925000	      2191	800009ec	039e4783	lbu	x15,57(x28)	 x28:0x8000885c x15=0x0000007e PA:0x80008895
       21935000	      2192	00000000	00000013	addi	x0,x0,0	  x0:0x00000000
       21945000	      2193	800009f0	00b7d193	srli	x3,x15,0xb	 x15:0x0000007e  x3=0x00000000
       21955000	      2194	800009f4	01fe06a3	sb	x31,13(x28)	 x28:0x8000885c x31:0x00000040 PA:0x80008869
       21965000	      2195	800009f8	00008717	auipc	x14,0x8	 x14=0x800089f4
       21975000	      2196	800009fc	ec470713	addi	x14,x14,-316	 x14:0x800089f4 x14=0x800088b8
       21985000	      2197	80000a00	170700a3	sb	x16,353(x14)	 x14:0x800088b8 x16:0x089ec9d0 PA:0x80008a19
       21995000	      2198	80000a04	67c70303	lb	x6,1660(x14)	 x14:0x800088b8  x6=0x0000001f PA:0x80008f34
       22005000	      2199	80000a08	130f26b7	lui	x13,0x130f2	 x13=0x130f2000
       22015000	      2200	80000a0c	ffa70023	sb	x26,-32(x14)	 x14:0x800088b8 x26:0xfd34a927 PA:0x80008898
       22025000	      2201	80000a10	01c54b33	xor	x22,x10,x28	 x10:0x00000030 x28:0x8000885c x22=0x8000886c
       22035000	      2202	80000a14	0117d033	srl	x0,x15,x17	 x15:0x0000007e x17:0x00000032
       22045000	      2203	80000a18	4099d413	srai	x8,x19,0x9	 x19:0x00000000  x8=0x00000000
       22055000	      2204	80000a1c	57071323	sh	x16,1382(x14)	 x14:0x800088b8 x16:0x089ec9d0 PA:0x80008e1e
       22065000	      2205	80000a20	5dc76093	ori	x1,x14,1500	 x14:0x800088b8  x1=0x80008dfc
       22075000	      2206	80000a24	01c41493	slli	x9,x8,0x1c	  x8:0x00000000  x9=0x00000000
       22085000	      2207	80000a28	35374f03	lbu	x30,851(x14)	 x14:0x800088b8 x30=0x000000f0 PA:0x80008c0b
       22095000	      2208	80000a2c	7799c793	xori	x15,x19,1913	 x19:0x00000000 x15=0x00000779
       22105000	      2209	80000a30	01f4b4b3	sltu	x9,x9,x31	  x9:0x00000000 x31:0x00000040  x9=0x00000001
       22115000	      2210	80000a34	40f5d393	srai	x7,x11,0xf	 x11:0xffffff8d  x7=0xffffffff
       22125000	      2211	80000a38	003907b3	add	x15,x18,x3	 x18:0x80009fc4  x3:0x00000000 x15=0x80009fc4
       22135000	      2212	80000a3c	55870923	sb	x24,1362(x14)	 x14:0x800088b8 x24:0x00000001 PA:0x80008e0a
       22145000	      2213	80000a40	fa370aa3	sb	x3,-75(x14)	 x14:0x800088b8  x3:0x00000000 PA:0x8000886d
       22155000	      2214	80000a44	53213593	sltiu	x11,x2,1330	  x2:0x80009f64 x11=0x00000000
       22165000	      2215	80000a48	a86dc413	xori	x8,x27,-1402	 x27:0x0000004f  x8=0xfffffac9
       22175000	      2216	80000a4c	9eadc617	auipc	x12,0x9eadc	 x12=0x1eadca48
       22185000	      2217	80000a50	003f10b3	sll	x1,x30,x3	 x30:0x000000f0  x3:0x00000000  x1=0x000000f0
       22195000	      2218	80000a54	64a74e03	lbu	x28,1610(x14)	 x14:0x800088b8 x28=0x00000034 PA:0x80008f02
       22205000	      2219	80000a58	d6da2413	slti	x8,x20,-659	 x20:0x00000000  x8=0x00000000
       22215000	      2220	80000a5c	4b370e83	lb	x29,1203(x14)	 x14:0x800088b8 x29=0x00000050 PA:0x80008d6b
       22225000	      2221	80000a60	410d0eb3	sub	x29,x26,x16	 x26:0xfd34a927 x16:0x089ec9d0 x29=0xf495df57
       22235000	      2222	80000a64	6a3fab13	slti	x22,x31,1699	 x31:0x00000040 x22=0x00000001
       22245000	      2223	80000a68	6b370123	sb	x19,1698(x14)	 x14:0x800088b8 x19:0x00000000 PA:0x80008f5a
       22255000	      2224	80000a6c	fb772223	sw	x23,-92(x14)	 x14:0x800088b8 x23:0x00000008 PA:0x8000885c
       22265000	      2225	80000a70	00008f17	auipc	x30,0x8	 x30=0x80008a6c
       22275000	      2226	80000a74	d90f0f13	addi	x30,x30,-624	 x30:0x80008a6c x30=0x800087fc
       22285000	      2227	80000a78	214e0613	addi	x12,x28,532	 x28:0x00000034 x12=0x00000248
       22295000	      2228	80000a7c	ef9ae093	ori	x1,x21,-263	 x21:0xffffa695  x1=0xfffffefd
       22305000	      2229	80000a80	f66f1383	lh	x7,-154(x30)	 x30:0x800087fc  x7=0x00001819 PA:0x80008762
       22315000	      2230	80000a84	f6df0783	lb	x15,-147(x30)	 x30:0x800087fc x15=0x0000003b PA:0x80008769
       22325000	      2231	80000a88	f5ff0783	lb	x15,-161(x30)	 x30:0x800087fc x15=0x00000010 PA:0x8000875b
       22335000	      2232	80000a8c	f66f07a3	sb	x6,-145(x30)	 x30:0x800087fc  x6:0x0000001f PA:0x8000876b
       22345000	      2233	80000a90	009c21b3	slt	x3,x24,x9	 x24:0x00000001  x9:0x00000001  x3=0x00000000
       22355000	      2234	80000a94	52182513	slti	x10,x16,1313	 x16:0x089ec9d0 x10=0x00000000
       22365000	      2235	80000a98	f2ef4683	lbu	x13,-210(x30)	 x30:0x800087fc x13=0x00000019 PA:0x8000872a
       22375000	      2236	80000a9c	f2ef4803	lbu	x16,-210(x30)	 x30:0x800087fc x16=0x00000019 PA:0x8000872a
       22385000	      2237	80000aa0	01822fb3	slt	x31,x4,x24	  x4:0xffffff86 x24:0x00000001 x31=0x00000001
       22395000	      2238	80000aa4	f27f1723	sh	x7,-210(x30)	 x30:0x800087fc  x7:0x00001819 PA:0x8000872a
       22405000	      2239	80000aa8	f83f07a3	sb	x3,-113(x30)	 x30:0x800087fc  x3:0x00000000 PA:0x8000878b
       22415000	      2240	80000aac	f9cf07a3	sb	x28,-113(x30)	 x30:0x800087fc x28:0x00000034 PA:0x8000878b
       22425000	      2241	80000ab0	00089cb3	sll	x25,x17,x0	 x17:0x00000032  x0:0x00000000 x25=0x00000032
       22435000	      2242	80000ab4	f8ff4503	lbu	x10,-113(x30)	 x30:0x800087fc x10=0x00000034 PA:0x8000878b
       22445000	      2243	80000ab8	f0ff0783	lb	x15,-241(x30)	 x30:0x800087fc x15=0xffffffc0 PA:0x8000870b
       22455000	      2244	80000abc	f33f4c03	lbu	x24,-205(x30)	 x30:0x800087fc x24=0x000000e4 PA:0x8000872f
       22465000	      2245	80000ac0	01af1623	sh	x26,12(x30)	 x30:0x800087fc x26:0xfd34a927 PA:0x80008808
       22475000	      2246	80000ac4	4064d593	srai	x11,x9,0x6	  x9:0x00000001 x11=0x00000000
       22485000	      2247	80000ac8	00cf2e83	lw	x29,12(x30)	 x30:0x800087fc x29=0xc0c1a927 PA:0x80008808
       22495000	      2248	80000acc	00000013	addi	x0,x0,0	  x0:0x00000000
       22505000	      2249	80000ad0	03f41a63	bne	x8,x31,80000b04	  x8:0x00000000 x31:0x00000001
       22515000	      2250	00000000	00000013	addi	x0,x0,0	  x0:0x00000000
       22525000	      2251	80000b00	00000013	addi	x0,x0,0	  x0:0x00000000
       22535000	      2252	80000b04	a03d7093	andi	x1,x26,-1533	 x26:0xfd34a927  x1=0xfd34a803
       22545000	      2253	80000b08	008079b3	and	x19,x0,x8	  x0:0x00000000  x8:0x00000000 x19=0x00000000
       22555000	      2254	80000b0c	0177d7b3	srl	x15,x15,x23	 x15:0xffffffc0 x23:0x00000008 x15=0x00ffffff
       22565000	      2255	80000b10	00361033	sll	x0,x12,x3	 x12:0x00000248  x3:0x00000000
       22575000	      2256	80000b14	00008717	auipc	x14,0x8	 x14=0x80008b10
       22585000	      2257	80000b18	f1e70713	addi	x14,x14,-226	 x14:0x80008b10 x14=0x80008a2e
       22595000	      2258	80000b1c	15970783	lb	x15,345(x14)	 x14:0x80008a2e x15=0x00000001 PA:0x80008b87
       22605000	      2259	80000b20	4c172923	sw	x1,1234(x14)	 x14:0x80008a2e  x1:0xfd34a803 PA:0x80008f00
       22615000	      2260	80000b24	4d570923	sb	x21,1234(x14)	 x14:0x80008a2e x21:0xffffa695 PA:0x80008f00
       22625000	      2261	80000b28	4ad70aa3	sb	x13,1205(x14)	 x14:0x80008a2e x13:0x00000019 PA:0x80008ee3
       22635000	      2262	80000b2c	4b570783	lb	x15,1205(x14)	 x14:0x80008a2e x15=0x00000019 PA:0x80008ee3
       22645000	      2263	80000b30	228700a3	sb	x8,545(x14)	 x14:0x80008a2e  x8:0x00000000 PA:0x80008c4f
       22655000	      2264	80000b34	f3170683	lb	x13,-207(x14)	 x14:0x80008a2e x13=0x00000044 PA:0x8000895f
       22665000	      2265	80000b38	ed970223	sb	x25,-316(x14)	 x14:0x80008a2e x25:0x00000032 PA:0x800088f2
       22675000	      2266	80000b3c	00162f33	slt	x30,x12,x1	 x12:0x00000248  x1:0xfd34a803 x30=0x00000000
       22685000	      2267	80000b40	59970803	lb	x16,1433(x14)	 x14:0x80008a2e x16=0xffffffac PA:0x80008fc7
       22695000	      2268	80000b44	01a19c93	slli	x25,x3,0x1a	  x3:0x00000000 x25=0x00000000
       22705000	      2269	80000b48	59970603	lb	x12,1433(x14)	 x14:0x80008a2e x12=0xffffffac PA:0x80008fc7
       22715000	      2270	80000b4c	ef470c83	lb	x25,-268(x14)	 x14:0x80008a2e x25=0x00000009 PA:0x80008922
       22725000	      2271	80000b50	f7a70083	lb	x1,-134(x14)	 x14:0x80008a2e  x1=0xffffff93 PA:0x800089a8
       22735000	      2272	80000b54	008ae433	or	x8,x21,x8	 x21:0xffffa695  x8:0x00000000  x8=0xffffa695
       22745000	      2273	80000b58	a720a537	lui	x10,0xa720a	 x10=0xa720a000
       22755000	      2274	80000b5c	6c88be93	sltiu	x29,x17,1736	 x17:0x00000032 x29=0x00000001
       22765000	      2275	80000b60	01f15993	srli	x19,x2,0x1f	  x2:0x80009f64 x19=0x00000001
       22775000	      2276	80000b64	0185bdb3	sltu	x27,x11,x24	 x11:0x00000000 x24:0x000000e4 x27=0x00000001
       22785000	      2277	80000b68	04396663	bltu	x18,x3,80000bb4	 x18:0x80009fc4  x3:0x00000000
       22795000	      2278	80000b6c	9b1b8593	addi	x11,x23,-1615	 x23:0x00000008 x11=0xfffff9b9
       22805000	      2279	80000b70	01d49db3	sll	x27,x9,x29	  x9:0x00000001 x29:0x00000001 x27=0x00000002
       22815000	      2280	80000b74	00842233	slt	x4,x8,x8	  x8:0xffffa695  x8:0xffffa695  x4=0x00000000
       22825000	      2281	80000b78	fdb5f693	andi	x13,x11,-37	 x11:0xfffff9b9 x13=0xfffff999
       22835000	      2282	80000b7c	013ee663	bltu	x29,x19,80000b88	 x29:0x00000001 x19:0x00000001
       22845000	      2283	80000b80	003212b3	sll	x5,x4,x3	  x4:0x00000000  x3:0x00000000  x5=0x00000000
       22855000	      2284	80000b84	d4bc8613	addi	x12,x25,-693	 x25:0x00000009 x12=0xfffffd54
       22865000	      2285	80000b88	8da52e13	slti	x28,x10,-1830	 x10:0xa720a000 x28=0x00000001
       22875000	      2286	80000b8c	5161e3b7	lui	x7,0x5161e	  x7=0x5161e000
       22885000	      2287	80000b90	01151333	sll	x6,x10,x17	 x10:0xa720a000 x17:0x00000032  x6=0x80000000
       22895000	      2288	80000b94	00135513	srli	x10,x6,0x1	  x6:0x80000000 x10=0x40000000
       22905000	      2289	80000b98	03927063	bgeu	x4,x25,80000bb8	  x4:0x00000000 x25:0x00000009
       22915000	      2290	80000b9c	39dda813	slti	x16,x27,925	 x27:0x00000002 x16=0x00000001
       22925000	      2291	80000ba0	523a4c13	xori	x24,x20,1315	 x20:0x00000000 x24=0x00000523
       22935000	      2292	80000ba4	415ed813	srai	x16,x29,0x15	 x29:0x00000001 x16=0x00000000
       22945000	      2293	80000ba8	01f0c633	xor	x12,x1,x31	  x1:0xffffff93 x31:0x00000001 x12=0xffffff92
       22955000	      2294	80000bac	013dd6b3	srl	x13,x27,x19	 x27:0x00000002 x19:0x00000001 x13=0x00000001
       22965000	      2295	80000bb0	00c87463	bgeu	x16,x12,80000bb8	 x16:0x00000000 x12:0xffffff92
       22975000	      2296	80000bb4	00035233	srl	x4,x6,x0	  x6:0x80000000  x0:0x00000000  x4=0x80000000
       22985000	      2297	80000bb8	d1264597	auipc	x11,0xd1264	 x11=0x51264bb4
       22995000	      2298	80000bbc	013a3233	sltu	x4,x20,x19	 x20:0x00000000 x19:0x00000001  x4=0x00000001
       23005000	      2299	80000bc0	00516bb3	or	x23,x2,x5	  x2:0x80009f64  x5:0x00000000 x23=0x80009f64
       23015000	      2300	80000bc4	a9f0d2b7	lui	x5,0xa9f0d	  x5=0xa9f0d000
       23025000	      2301	80000bc8	01d9f263	bgeu	x19,x29,80000bcc	 x19:0x00000001 x29:0x00000001
       23035000	      2302	00000000	00000013	addi	x0,x0,0	  x0:0x00000000
       23045000	      2303	80000bc8	00000013	addi	x0,x0,0	  x0:0x00000000
       23055000	      2304	80000bcc	0000f433	and	x8,x1,x0	  x1:0xffffff93  x0:0x00000000  x8=0x00000000
       23065000	      2305	80000bd0	00c51db3	sll	x27,x10,x12	 x10:0x40000000 x12:0xffffff92 x27=0x00000000
       23075000	      2306	80000bd4	01e03eb3	sltu	x29,x0,x30	  x0:0x00000000 x30:0x00000000 x29=0x00000000
       23085000	      2307	80000bd8	00b41413	slli	x8,x8,0xb	  x8:0x00000000  x8=0x00000000
       23095000	      2308	80000bdc	40635e33	sra	x28,x6,x6	  x6:0x80000000  x6:0x80000000 x28=0x80000000
       23105000	      2309	80000be0	40fc0033	sub	x0,x24,x15	 x24:0x00000523 x15:0x00000019
       23115000	      2310	80000be4	01d2ca33	xor	x20,x5,x29	  x5:0xa9f0d000 x29:0x00000000 x20=0xa9f0d000
       23125000	      2311	80000be8	cf968713	addi	x14,x13,-775	 x13:0x00000001 x14=0xfffffcfa
       23135000	      2312	80000bec	01a6fe63	bgeu	x13,x26,80000c08	 x13:0x00000001 x26:0xfd34a927
       23145000	      2313	80000bf0	3e943413	sltiu	x8,x8,1001	  x8:0x00000000  x8=0x00000001
       23155000	      2314	80000bf4	41240833	sub	x16,x8,x18	  x8:0x00000001 x18:0x80009fc4 x16=0x7fff603d
       23165000	      2315	80000bf8	01599033	sll	x0,x19,x21	 x19:0x00000001 x21:0xffffa695
       23175000	      2316	80000bfc	415ed733	sra	x14,x29,x21	 x29:0x00000000 x21:0xffffa695 x14=0x00000000
       23185000	      2317	80000c00	045df063	bgeu	x27,x5,80000c40	 x27:0x00000000  x5:0xa9f0d000
       23195000	      2318	80000c04	62018213	addi	x4,x3,1568	  x3:0x00000000  x4=0x00000620
       23205000	      2319	80000c08	d96ff193	andi	x3,x31,-618	 x31:0x00000001  x3=0x00000000
       23215000	      2320	80000c0c	00000013	addi	x0,x0,0	  x0:0x00000000
       23225000	      2321	80000c10	04a64263	blt	x12,x10,80000c54	 x12:0xffffff92 x10:0x40000000
       23235000	      2322	00000000	00000013	addi	x0,x0,0	  x0:0x00000000
       23245000	      2323	80000c50	00000013	addi	x0,x0,0	  x0:0x00000000
       23255000	      2324	80000c54	40225e93	srai	x29,x4,0x2	  x4:0x00000620 x29=0x00000188
       23265000	      2325	80000c58	401287b3	sub	x15,x5,x1	  x5:0xa9f0d000  x1:0xffffff93 x15=0xa9f0d06d
       23275000	      2326	80000c5c	3fe6af13	slti	x30,x13,1022	 x13:0x00000001 x30=0x00000001
       23285000	      2327	80000c60	01faceb3	xor	x29,x21,x31	 x21:0xffffa695 x31:0x00000001 x29=0xffffa694
       23295000	      2328	80000c64	03851063	bne	x10,x24,80000c84	 x10:0x40000000 x24:0x00000523
       23305000	      2329	00000000	00000013	addi	x0,x0,0	  x0:0x00000000
       23315000	      2330	80000c80	00000013	addi	x0,x0,0	  x0:0x00000000
       23325000	      2331	80000c84	40290c33	sub	x24,x18,x2	 x18:0x80009fc4  x2:0x80009f64 x24=0x00000060
       23335000	      2332	80000c88	05ccf063	bgeu	x25,x28,80000cc8	 x25:0x00000009 x28:0x80000000
       23345000	      2333	80000c8c	012ae9b3	or	x19,x21,x18	 x21:0xffffa695 x18:0x80009fc4 x19=0xffffbfd5
       23355000	      2334	80000c90	00baa333	slt	x6,x21,x11	 x21:0xffffa695 x11:0x51264bb4  x6=0x00000001
       23365000	      2335	80000c94	01d6d263	bge	x13,x29,80000c98	 x13:0x00000001 x29:0xffffa694
       23375000	      2336	00000000	00000013	addi	x0,x0,0	  x0:0x00000000
       23385000	      2337	80000c94	00000013	addi	x0,x0,0	  x0:0x00000000
       23395000	      2338	80000c98	00f3aa33	slt	x20,x7,x15	  x7:0x5161e000 x15:0xa9f0d06d x20=0x00000000
       23405000	      2339	80000c9c	c8566c13	ori	x24,x12,-891	 x12:0xffffff92 x24=0xffffff97
       23415000	      2340	80000ca0	b0b06c93	ori	x25,x0,-1269	  x0:0x00000000 x25=0xfffffb0b
       23425000	      2341	80000ca4	05f35463	bge	x6,x31,80000cec	  x6:0x00000001 x31:0x00000001
       23435000	      2342	00000000	00000013	addi	x0,x0,0	  x0:0x00000000
       23445000	      2343	80000ce8	00000013	addi	x0,x0,0	  x0:0x00000000
       23455000	      2344	80000cec	00c3cc63	blt	x7,x12,80000d04	  x7:0x5161e000 x12:0xffffff92
       23465000	      2345	80000cf0	029f7863	bgeu	x30,x9,80000d20	 x30:0x00000001  x9:0x00000001
       23475000	      2346	00000000	00000013	addi	x0,x0,0	  x0:0x00000000
       23485000	      2347	80000d1c	00000013	addi	x0,x0,0	  x0:0x00000000
       23495000	      2348	80000d20	00234cb3	xor	x25,x6,x2	  x6:0x00000001  x2:0x80009f64 x25=0x80009f65
       23505000	      2349	80000d24	a218b013	sltiu	x0,x17,-1503	 x17:0x00000032
       23515000	      2350	80000d28	8dcd4a93	xori	x21,x26,-1828	 x26:0xfd34a927 x21=0x02cb51fb
       23525000	      2351	80000d2c	af47a813	slti	x16,x15,-1292	 x15:0xa9f0d06d x16=0x00000001
       23535000	      2352	80000d30	0076dd93	srli	x27,x13,0x7	 x13:0x00000001 x27=0x00000000
       23545000	      2353	80000d34	00243f33	sltu	x30,x8,x2	  x8:0x00000001  x2:0x80009f64 x30=0x00000001
       23555000	      2354	80000d38	00000c97	auipc	x25,0x0	 x25=0x80000d34
       23565000	      2355	80000d3c	670c8c93	addi	x25,x25,1648	 x25:0x80000d34 x25=0x800013a4
       23575000	      2356	80000d40	c7dc8c93	addi	x25,x25,-899	 x25:0x800013a4 x25=0x80001021
       23585000	      2357	80000d44	1bb422b7	lui	x5,0x1bb42	  x5=0x1bb42000
       23595000	      2358	80000d48	007176b3	and	x13,x2,x7	  x2:0x80009f64  x7:0x5161e000 x13=0x00008000
       23605000	      2359	80000d4c	bff60013	addi	x0,x12,-1025	 x12:0xffffff92
       23615000	      2360	80000d50	01946463	bltu	x8,x25,80000d58	  x8:0x00000001 x25:0x80001021
       23625000	      2361	00000000	00000013	addi	x0,x0,0	  x0:0x00000000
       23635000	      2362	80000d54	00000013	addi	x0,x0,0	  x0:0x00000000
       23645000	      2363	80000d58	383c80e7	jalr	x1,x25,899	 x25:0x80001021  x1=0x80000d58
       23655000	      2364	00000000	00000013	addi	x0,x0,0	  x0:0x00000000
       23665000	      2365	800013a4	00000013	addi	x0,x0,0	  x0:0x00000000
       23675000	      2366	800013a8	311ece13	xori	x28,x29,785	 x29:0xffffa694 x28=0xffffa585
       23685000	      2367	800013ac	00417463	bgeu	x2,x4,800013b4	  x2:0x80009f64  x4:0x00000620
       23695000	      2368	00000000	00000013	addi	x0,x0,0	  x0:0x00000000
       23705000	      2369	800013b0	00000013	addi	x0,x0,0	  x0:0x00000000
       23715000	      2370	800013b4	fc010113	addi	x2,x2,-64	  x2:0x80009f64  x2=0x80009f24
       23725000	      2371	800013b8	014ef233	and	x4,x29,x20	 x29:0xffffa694 x20:0x00000000  x4=0x00000000
       23735000	      2372	800013bc	7562b593	sltiu	x11,x5,1878	  x5:0x1bb42000 x11=0x00000000
       23745000	      2373	800013c0	00112223	sw	x1,4(x2)	  x2:0x80009f24  x1:0x80000d58 PA:0x80009f28
       23755000	      2374	800013c4	007cca33	xor	x20,x25,x7	 x25:0x80001021  x7:0x5161e000 x20=0xd161f021
       23765000	      2375	800013c8	413086b3	sub	x13,x1,x19	  x1:0x80000d58 x19:0xffffbfd5 x13=0x80004d83
       23775000	      2376	800013cc	002c5713	srli	x14,x24,0x2	 x24:0xffffff97 x14=0x3fffffe5
       23785000	      2377	800013d0	003da3b3	slt	x7,x27,x3	 x27:0x00000000  x3:0x00000000  x7=0x00000000
       23795000	      2378	800013d4	cd263493	sltiu	x9,x12,-814	 x12:0xffffff92  x9=0x00000000
       23805000	      2379	800013d8	00007717	auipc	x14,0x7	 x14=0x800083d4
       23815000	      2380	800013dc	7dd70713	addi	x14,x14,2013	 x14:0x800083d4 x14=0x80008bb1
       23825000	      2381	800013e0	02a74303	lbu	x6,42(x14)	 x14:0x80008bb1  x6=0x000000c0 PA:0x80008bdb
       23835000	      2382	800013e4	00d5d533	srl	x10,x11,x13	 x11:0x00000000 x13:0x80004d83 x10=0x00000000
       23845000	      2383	800013e8	02e74083	lbu	x1,46(x14)	 x14:0x80008bb1  x1=0x000000c4 PA:0x80008bdf
       23855000	      2384	800013ec	03e721a3	sw	x30,35(x14)	 x14:0x80008bb1 x30:0x00000001 PA:0x80008bd4
       23865000	      2385	800013f0	fd770a83	lb	x21,-41(x14)	 x14:0x80008bb1 x21=0x00000073 PA:0x80008b88
       23875000	      2386	800013f4	fc371183	lh	x3,-61(x14)	 x14:0x80008bb1  x3=0x00005e5f PA:0x80008b74
       23885000	      2387	800013f8	fee74883	lbu	x17,-18(x14)	 x14:0x80008bb1 x17=0x00000084 PA:0x80008b9f
       23895000	      2388	800013fc	fe370923	sb	x3,-14(x14)	 x14:0x80008bb1  x3:0x00005e5f PA:0x80008ba3
       23905000	      2389	80001400	fde70483	lb	x9,-34(x14)	 x14:0x80008bb1  x9=0x00000074 PA:0x80008b8f
       23915000	      2390	80001404	fe670623	sb	x6,-20(x14)	 x14:0x80008bb1  x6:0x000000c0 PA:0x80008b9d
       23925000	      2391	80001408	ffa719a3	sh	x26,-13(x14)	 x14:0x80008bb1 x26:0xfd34a927 PA:0x80008ba4
       23935000	      2392	8000140c	fcd70b03	lb	x22,-51(x14)	 x14:0x80008bb1 x22=0x00000065 PA:0x80008b7e
       23945000	      2393	80001410	40428033	sub	x0,x5,x4	  x5:0x1bb42000  x4:0x00000000
       23955000	      2394	80001414	001587b3	add	x15,x11,x1	 x11:0x00000000  x1:0x000000c4 x15=0x000000c4
       23965000	      2395	80001418	00625633	srl	x12,x4,x6	  x4:0x00000000  x6:0x000000c0 x12=0x00000000
       23975000	      2396	8000141c	02175f83	lhu	x31,33(x14)	 x14:0x80008bb1 x31=0x0000b8c8 PA:0x80008bd2
       23985000	      2397	80001420	9a20c813	xori	x16,x1,-1630	  x1:0x000000c4 x16=0xfffff966
       23995000	      2398	80001424	03470383	lb	x7,52(x14)	 x14:0x80008bb1  x7=0xffffffce PA:0x80008be5
       24005000	      2399	80001428	019704a3	sb	x25,9(x14)	 x14:0x80008bb1 x25:0x80001021 PA:0x80008bba
       24015000	      2400	8000142c	fc374603	lbu	x12,-61(x14)	 x14:0x80008bb1 x12=0x0000005f PA:0x80008b74
       24025000	      2401	80001430	fe470e03	lb	x28,-28(x14)	 x14:0x80008bb1 x28=0x00000000 PA:0x80008b95
       24035000	      2402	80001434	01603333	sltu	x6,x0,x22	  x0:0x00000000 x22:0x00000065  x6=0x00000001
       24045000	      2403	80001438	00670fa3	sb	x6,31(x14)	 x14:0x80008bb1  x6:0x00000001 PA:0x80008bd0
       24055000	      2404	8000143c	00b71f03	lh	x30,11(x14)	 x14:0x80008bb1 x30=0xffffa6a7 PA:0x80008bbc
       24065000	      2405	80001440	01070f23	sb	x16,30(x14)	 x14:0x80008bb1 x16:0xfffff966 PA:0x80008bcf
       24075000	      2406	80001444	016aa1b3	slt	x3,x21,x22	 x21:0x00000073 x22:0x00000065  x3=0x00000000
       24085000	      2407	80001448	00691993	slli	x19,x18,0x6	 x18:0x80009fc4 x19=0x0027f100
       24095000	      2408	8000144c	ea5a2d93	slti	x27,x20,-347	 x20:0xd161f021 x27=0x00000001
       24105000	      2409	80001450	00ef1633	sll	x12,x30,x14	 x30:0xffffa6a7 x14:0x80008bb1 x12=0x4d4e0000
       24115000	      2410	80001454	fec74283	lbu	x5,-20(x14)	 x14:0x80008bb1  x5=0x000000c0 PA:0x80008b9d
       24125000	      2411	80001458	c4286c13	ori	x24,x16,-958	 x16:0xfffff966 x24=0xfffffd66
       24135000	      2412	8000145c	416b0b33	sub	x22,x22,x22	 x22:0x00000065 x22:0x00000065 x22=0x00000000
       24145000	      2413	80001460	03474e83	lbu	x29,52(x14)	 x14:0x80008bb1 x29=0x000000ce PA:0x80008be5
       24155000	      2414	80001464	017378b3	and	x17,x6,x23	  x6:0x00000001 x23:0x80009f64 x17=0x00000000
       24165000	      2415	80001468	01b74803	lbu	x16,27(x14)	 x14:0x80008bb1 x16=0x000000b7 PA:0x80008bcc
       24175000	      2416	8000146c	02b74b03	lbu	x22,43(x14)	 x14:0x80008bb1 x22=0x00000001 PA:0x80008bdc
       24185000	      2417	80001470	d221bb13	sltiu	x22,x3,-734	  x3:0x00000000 x22=0x00000001
       24195000	      2418	80001474	fd670b23	sb	x22,-42(x14)	 x14:0x80008bb1 x22:0x00000001 PA:0x80008b87
       24205000	      2419	80001478	01223e33	sltu	x28,x4,x18	  x4:0x00000000 x18:0x80009fc4 x28=0x00000001
       24215000	      2420	8000147c	fe874083	lbu	x1,-24(x14)	 x14:0x80008bb1  x1=0x00000082 PA:0x80008b99
       24225000	      2421	80001480	009820b3	slt	x1,x16,x9	 x16:0x000000b7  x9:0x00000074  x1=0x00000000
       24235000	      2422	80001484	01074183	lbu	x3,16(x14)	 x14:0x80008bb1  x3=0x000000aa PA:0x80008bc1
       24245000	      2423	80001488	cd532e13	slti	x28,x6,-811	  x6:0x00000001 x28=0x00000000
       24255000	      2424	8000148c	02712893	slti	x17,x2,39	  x2:0x80009f24 x17=0x00000001
       24265000	      2425	80001490	fe274403	lbu	x8,-30(x14)	 x14:0x80008bb1  x8=0x00000078 PA:0x80008b93
       24275000	      2426	80001494	e940e8b7	lui	x17,0xe940e	 x17=0xe940e000
       24285000	      2427	80001498	00571a83	lh	x21,5(x14)	 x14:0x80008bb1 x21=0xffff9c9d PA:0x80008bb6
       24295000	      2428	8000149c	03a70e23	sb	x26,60(x14)	 x14:0x80008bb1 x26:0xfd34a927 PA:0x80008bed
       24305000	      2429	800014a0	019230b3	sltu	x1,x4,x25	  x4:0x00000000 x25:0x80001021  x1=0x00000001
       24315000	      2430	800014a4	1e664513	xori	x10,x12,486	 x12:0x4d4e0000 x10=0x4d4e01e6
       24325000	      2431	800014a8	00219e93	slli	x29,x3,0x2	  x3:0x000000aa x29=0x000002a8
       24335000	      2432	800014ac	0046c2b3	xor	x5,x13,x4	 x13:0x80004d83  x4:0x00000000  x5=0x80004d83
       24345000	      2433	800014b0	fc674783	lbu	x15,-58(x14)	 x14:0x80008bb1 x15=0x0000005c PA:0x80008b77
       24355000	      2434	800014b4	00007617	auipc	x12,0x7	 x12=0x800084b0
       24365000	      2435	800014b8	fd860613	addi	x12,x12,-40	 x12:0x800084b0 x12=0x80008488
       24375000	      2436	800014bc	00007697	auipc	x13,0x7	 x13=0x800084b8
       24385000	      2437	800014c0	12168693	addi	x13,x13,289	 x13:0x800084b8 x13=0x800085d9
       24395000	      2438	800014c4	00560203	lb	x4,5(x12)	 x12:0x80008488  x4=0x00000046 PA:0x8000848d
       24405000	      2439	800014c8	01861c23	sh	x24,24(x12)	 x12:0x80008488 x24:0xfffffd66 PA:0x800084a0
       24415000	      2440	800014cc	00007e17	auipc	x28,0x7	 x28=0x800084c8
       24425000	      2441	800014d0	d73e0e13	addi	x28,x28,-653	 x28:0x800084c8 x28=0x8000823b
       24435000	      2442	800014d4	00007397	auipc	x7,0x7	  x7=0x800084d0
       24445000	      2443	800014d8	f8938393	addi	x7,x7,-119	  x7:0x800084d0  x7=0x80008459
       24455000	      2444	800014dc	1fce0a23	sb	x28,500(x28)	 x28:0x8000823b x28:0x8000823b PA:0x8000842f
       24465000	      2445	800014e0	f9468923	sb	x20,-110(x13)	 x13:0x800085d9 x20:0xd161f021 PA:0x8000856b
       24475000	      2446	800014e4	03b38aa3	sb	x27,53(x7)	  x7:0x80008459 x27:0x00000001 PA:0x8000848e
       24485000	      2447	800014e8	f4a68783	lb	x15,-182(x13)	 x13:0x800085d9 x15=0xffffffd8 PA:0x80008523
       24495000	      2448	00000000	00000013	addi	x0,x0,0	  x0:0x00000000
       24505000	      2449	800014ec	f6fe1da3	sh	x15,-133(x28)	 x28:0x8000823b x15:0xffffffd8 PA:0x800081b6
       24515000	      2450	800014f0	fd9e1c83	lh	x25,-39(x28)	 x28:0x8000823b x25=0xfffff9cf PA:0x80008214
       24525000	      2451	800014f4	1d4e0f23	sb	x20,478(x28)	 x28:0x8000823b x20:0xd161f021 PA:0x80008419
       24535000	      2452	800014f8	03c60523	sb	x28,42(x12)	 x12:0x80008488 x28:0x8000823b PA:0x800084b2
       24545000	      2453	800014fc	ff03c003	lbu	x0,-16(x7)	  x7:0x80008459 PA:0x80008449
       24555000	      2454	80001500	0333a283	lw	x5,51(x7)	  x7:0x80008459  x5=0x44014647 PA:0x8000848c
       24565000	      2455	80001504	ff03cc83	lbu	x25,-16(x7)	  x7:0x80008459 x25=0x00000002 PA:0x80008449
       24575000	      2456	80001508	01c61783	lh	x15,28(x12)	 x12:0x80008488 x15=0x00005e5f PA:0x800084a4
       24585000	      2457	8000150c	0b0691a3	sh	x16,163(x13)	 x13:0x800085d9 x16:0x000000b7 PA:0x8000867c
       24595000	      2458	80001510	0323cc83	lbu	x25,50(x7)	  x7:0x80008459 x25=0x00000040 PA:0x8000848b
       24605000	      2459	80001514	05168b23	sb	x17,86(x13)	 x13:0x800085d9 x17:0xe940e000 PA:0x8000862f
       24615000	      2460	80001518	fec65f83	lhu	x31,-20(x12)	 x12:0x80008488 x31=0x00002e2f PA:0x80008474
       24625000	      2461	8000151c	00e38803	lb	x16,14(x7)	  x7:0x80008459 x16=0x0000001c PA:0x80008467
       24635000	      2462	80001520	fc560203	lb	x4,-59(x12)	 x12:0x80008488  x4=0x00000006 PA:0x8000844d
       24645000	      2463	80001524	59ce0823	sb	x28,1424(x28)	 x28:0x8000823b x28:0x8000823b PA:0x800087cb
       24655000	      2464	80001528	fd93c003	lbu	x0,-39(x7)	  x7:0x80008459 PA:0x80008432
       24665000	      2465	8000152c	fce65203	lhu	x4,-50(x12)	 x12:0x80008488  x4=0x00000c00 PA:0x80008456
       24675000	      2466	80001530	f86e13a3	sh	x6,-121(x28)	 x28:0x8000823b  x6:0x00000001 PA:0x800081c2
       24685000	      2467	80001534	023605a3	sb	x3,43(x12)	 x12:0x80008488  x3:0x000000aa PA:0x800084b3
       24695000	      2468	80001538	fa56c203	lbu	x4,-91(x13)	 x13:0x800085d9  x4=0x00000035 PA:0x8000857e
       24705000	      2469	8000153c	fcb392a3	sh	x11,-59(x7)	  x7:0x80008459 x11:0x00000000 PA:0x8000841e
       24715000	      2470	80001540	05b62023	sw	x27,64(x12)	 x12:0x80008488 x27:0x00000001 PA:0x800084c8
       24725000	      2471	80001544	00d38783	lb	x15,13(x7)	  x7:0x80008459 x15=0x0000001d PA:0x80008466
       24735000	      2472	80001548	fe661883	lh	x17,-26(x12)	 x12:0x80008488 x17=0x00002425 PA:0x8000846e
       24745000	      2473	8000154c	fb96cc03	lbu	x24,-71(x13)	 x13:0x800085d9 x24=0x00000049 PA:0x80008592
       24755000	      2474	80001550	f836cf83	lbu	x31,-125(x13)	 x13:0x800085d9 x31=0x00000017 PA:0x8000855c
       24765000	      2475	80001554	00007297	auipc	x5,0x7	  x5=0x80008550
       24775000	      2476	80001558	2a628293	addi	x5,x5,678	  x5:0x80008550  x5=0x800087f6
       24785000	      2477	8000155c	f252c683	lbu	x13,-219(x5)	  x5:0x800087f6 x13=0x000000d0 PA:0x8000871b
       24795000	      2478	80001560	401d8a33	sub	x20,x27,x1	 x27:0x00000001  x1:0x00000001 x20=0x00000000
       24805000	      2479	80001564	00ab0f33	add	x30,x22,x10	 x22:0x00000001 x10:0x4d4e01e6 x30=0x4d4e01e7
       24815000	      2480	80001568	f2e29723	sh	x14,-210(x5)	  x5:0x800087f6 x14:0x80008bb1 PA:0x80008724
       24825000	      2481	8000156c	fbf28a03	lb	x20,-65(x5)	  x5:0x800087f6 x20=0x0000006e PA:0x800087b5
       24835000	      2482	80001570	f192ca03	lbu	x20,-231(x5)	  x5:0x800087f6 x20=0x000000c4 PA:0x8000870f
       24845000	      2483	80001574	fa82cb83	lbu	x23,-88(x5)	  x5:0x800087f6 x23=0x00000055 PA:0x8000879e
       24855000	      2484	80001578	01b28a83	lb	x21,27(x5)	  x5:0x800087f6 x21=0xffffffca PA:0x80008811
       24865000	      2485	8000157c	f7428123	sb	x20,-158(x5)	  x5:0x800087f6 x20:0x000000c4 PA:0x80008758
       24875000	      2486	80001580	f21287a3	sb	x1,-209(x5)	  x5:0x800087f6  x1:0x00000001 PA:0x80008725
       24885000	      2487	80001584	0063f733	and	x14,x7,x6	  x7:0x80008459  x6:0x00000001 x14=0x00000001
       24895000	      2488	80001588	fbb2c183	lbu	x3,-69(x5)	  x5:0x800087f6  x3=0x0000006a PA:0x800087b1
       24905000	      2489	8000158c	00028083	lb	x1,0(x5)	  x5:0x800087f6  x1=0x00000001 PA:0x800087f6
       24915000	      2490	80001590	f8d2ca83	lbu	x21,-115(x5)	  x5:0x800087f6 x21=0x00000038 PA:0x80008783
       24925000	      2491	80001594	00e474b3	and	x9,x8,x14	  x8:0x00000078 x14:0x00000001  x9=0x00000000
       24935000	      2492	80001598	f6629b83	lh	x23,-154(x5)	  x5:0x800087f6 x23=0x00001617 PA:0x8000875c
       24945000	      2493	8000159c	f4d28c83	lb	x25,-179(x5)	  x5:0x800087f6 x25=0xfffffff8 PA:0x80008743
       24955000	      2494	800015a0	4b668b13	addi	x22,x13,1206	 x13:0x000000d0 x22=0x00000586
       24965000	      2495	800015a4	f2528383	lb	x7,-219(x5)	  x5:0x800087f6  x7=0xffffffd0 PA:0x8000871b
       24975000	      2496	800015a8	40e75893	srai	x17,x14,0xe	 x14:0x00000001 x17=0x00000000
       24985000	      2497	800015ac	0443a813	slti	x16,x7,68	  x7:0xffffffd0 x16=0x00000001
       24995000	      2498	800015b0	f7c289a3	sb	x28,-141(x5)	  x5:0x800087f6 x28:0x8000823b PA:0x80008769
       25005000	      2499	800015b4	00dbbdb3	sltu	x27,x23,x13	 x23:0x00001617 x13:0x000000d0 x27=0x00000000
       25015000	      2500	800015b8	f6e2cc03	lbu	x24,-146(x5)	  x5:0x800087f6 x24=0x0000001f PA:0x80008764
       25025000	      2501	800015bc	4175dfb3	sra	x31,x11,x23	 x11:0x00000000 x23:0x00001617 x31=0x00000000
       25035000	      2502	800015c0	f9f28f83	lb	x31,-97(x5)	  x5:0x800087f6 x31=0x0000004e PA:0x80008795
       25045000	      2503	800015c4	27698f93	addi	x31,x19,630	 x19:0x0027f100 x31=0x0027f376
       25055000	      2504	800015c8	00185693	srli	x13,x16,0x1	 x16:0x00000001 x13=0x00000000
       25065000	      2505	800015cc	f5c2d003	lhu	x0,-164(x5)	  x5:0x800087f6 PA:0x80008752
       25075000	      2506	800015d0	f4e29d23	sh	x14,-166(x5)	  x5:0x800087f6 x14:0x00000001 PA:0x80008750
       25085000	      2507	800015d4	fac284a3	sb	x12,-87(x5)	  x5:0x800087f6 x12:0x80008488 PA:0x8000879f
       25095000	      2508	800015d8	f1d28623	sb	x29,-244(x5)	  x5:0x800087f6 x29:0x000002a8 PA:0x80008702
       25105000	      2509	800015dc	f9228d83	lb	x27,-110(x5)	  x5:0x800087f6 x27=0x00000043 PA:0x80008788
       25115000	      2510	800015e0	41a8d733	sra	x14,x17,x26	 x17:0x00000000 x26:0xfd34a927 x14=0x00000000
       25125000	      2511	800015e4	f7128383	lb	x7,-143(x5)	  x5:0x800087f6  x7=0x0000001c PA:0x80008767
       25135000	      2512	800015e8	f602c683	lbu	x13,-160(x5)	  x5:0x800087f6 x13=0x0000000d PA:0x80008756
       25145000	      2513	800015ec	f7728b23	sb	x23,-138(x5)	  x5:0x800087f6 x23:0x00001617 PA:0x8000876c
       25155000	      2514	800015f0	ffd2c883	lbu	x17,-3(x5)	  x5:0x800087f6 x17=0x000000a8 PA:0x800087f3
       25165000	      2515	800015f4	51cbbd93	sltiu	x27,x23,1308	 x23:0x00001617 x27=0x00000000
       25175000	      2516	800015f8	ff82af23	sw	x24,-2(x5)	  x5:0x800087f6 x24:0x0000001f PA:0x800087f4
       25185000	      2517	800015fc	00008617	auipc	x12,0x8	 x12=0x800095f8
       25195000	      2518	80001600	8ea60613	addi	x12,x12,-1814	 x12:0x800095f8 x12=0x80008ee2
       25205000	      2519	80001604	e5062923	sw	x16,-430(x12)	 x12:0x80008ee2 x16:0x00000001 PA:0x80008d34
       25215000	      2520	80001608	a7e64f03	lbu	x30,-1410(x12)	 x12:0x80008ee2 x30=0x00000027 PA:0x80008960
       25225000	      2521	00000000	00000013	addi	x0,x0,0	  x0:0x00000000
       25235000	      2522	8000160c	a7e62783	lw	x15,-1410(x12)	 x12:0x80008ee2 x15=0x48490227 PA:0x80008960
       25245000	      2523	80001610	a7e62883	lw	x17,-1410(x12)	 x12:0x80008ee2 x17=0x48490227 PA:0x80008960
       25255000	      2524	80001614	a7961f23	sh	x25,-1410(x12)	 x12:0x80008ee2 x25:0xfffffff8 PA:0x80008960
       25265000	      2525	80001618	a7d61f23	sh	x29,-1410(x12)	 x12:0x80008ee2 x29:0x000002a8 PA:0x80008960
       25275000	      2526	8000161c	a7a60f23	sb	x26,-1410(x12)	 x12:0x80008ee2 x26:0xfd34a927 PA:0x80008960
       25285000	      2527	80001620	a7e64403	lbu	x8,-1410(x12)	 x12:0x80008ee2  x8=0x00000027 PA:0x80008960
       25295000	      2528	80001624	be060403	lb	x8,-1056(x12)	 x12:0x80008ee2  x8=0xffffff9f PA:0x80008ac2
       25305000	      2529	80001628	014bfdb3	and	x27,x23,x20	 x23:0x00001617 x20:0x000000c4 x27=0x00000004
       25315000	      2530	8000162c	a6383b37	lui	x22,0xa6383	 x22=0xa6383000
       25325000	      2531	80001630	40efde13	srai	x28,x31,0xe	 x31:0x0027f376 x28=0x0000009f
       25335000	      2532	80001634	bf461023	sh	x20,-1056(x12)	 x12:0x80008ee2 x20:0x000000c4 PA:0x80008ac2
       25345000	      2533	80001638	bf560023	sb	x21,-1056(x12)	 x12:0x80008ee2 x21:0x00000038 PA:0x80008ac2
       25355000	      2534	8000163c	be060f83	lb	x31,-1056(x12)	 x12:0x80008ee2 x31=0x00000038 PA:0x80008ac2
       25365000	      2535	80001640	bfc61023	sh	x28,-1056(x12)	 x12:0x80008ee2 x28:0x0000009f PA:0x80008ac2
       25375000	      2536	80001644	be065403	lhu	x8,-1056(x12)	 x12:0x80008ee2  x8=0x0000009f PA:0x80008ac2
       25385000	      2537	80001648	00007217	auipc	x4,0x7	  x4=0x80008644
       25395000	      2538	8000164c	79220213	addi	x4,x4,1938	  x4:0x80008644  x4=0x80008dd6
       25405000	      2539	80001650	00008c97	auipc	x25,0x8	 x25=0x8000964c
       25415000	      2540	80001654	826c8c93	addi	x25,x25,-2010	 x25:0x8000964c x25=0x80008e72
       25425000	      2541	80001658	fd2c9623	sh	x18,-52(x25)	 x25:0x80008e72 x18:0x80009fc4 PA:0x80008e3e
       25435000	      2542	8000165c	00007f97	auipc	x31,0x7	 x31=0x80008658
       25445000	      2543	80001660	41cf8f93	addi	x31,x31,1052	 x31:0x80008658 x31=0x80008a74
       25455000	      2544	80001664	00007f17	auipc	x30,0x7	 x30=0x80008660
       25465000	      2545	80001668	777f0f13	addi	x30,x30,1911	 x30:0x80008660 x30=0x80008dd7
       25475000	      2546	8000166c	00007517	auipc	x10,0x7	 x10=0x80008668
       25485000	      2547	80001670	73d50513	addi	x10,x10,1853	 x10:0x80008668 x10=0x80008da5
       25495000	      2548	80001674	01520723	sb	x21,14(x4)	  x4:0x80008dd6 x21:0x00000038 PA:0x80008de4
       25505000	      2549	80001678	007203a3	sb	x7,7(x4)	  x4:0x80008dd6  x7:0x0000001c PA:0x80008ddd
       25515000	      2550	8000167c	09555383	lhu	x7,149(x10)	 x10:0x80008da5  x7=0x00002021 PA:0x80008e3a
       25525000	      2551	80001680	fecf0483	lb	x9,-20(x30)	 x30:0x80008dd7  x9=0xffffffa8 PA:0x80008dc3
       25535000	      2552	80001684	f4e54083	lbu	x1,-178(x10)	 x10:0x80008da5  x1=0x000000d8 PA:0x80008cf3
       25545000	      2553	80001688	ff3fa623	sw	x19,-20(x31)	 x31:0x80008a74 x19:0x0027f100 PA:0x80008a60
       25555000	      2554	8000168c	ff820ea3	sb	x24,-3(x4)	  x4:0x80008dd6 x24:0x0000001f PA:0x80008dd3
       25565000	      2555	80001690	098c8a23	sb	x24,148(x25)	 x25:0x80008e72 x24:0x0000001f PA:0x80008f06
       25575000	      2556	80001694	f45ccd83	lbu	x27,-187(x25)	 x25:0x80008e72 x27=0x0000009c PA:0x80008db7
       25585000	      2557	80001698	026f8703	lb	x14,38(x31)	 x31:0x80008a74 x14=0xffffff81 PA:0x80008a9a
       25595000	      2558	8000169c	02af0383	lb	x7,42(x30)	 x30:0x80008dd7  x7=0xffffffea PA:0x80008e01
       25605000	      2559	800016a0	f1950023	sb	x25,-256(x10)	 x10:0x80008da5 x25:0x80008e72 PA:0x80008ca5
       25615000	      2560	800016a4	fbc50e23	sb	x28,-68(x10)	 x10:0x80008da5 x28:0x0000009f PA:0x80008d61
       25625000	      2561	800016a8	fe2c9c03	lh	x24,-30(x25)	 x25:0x80008e72 x24=0x00003e3f PA:0x80008e54
       25635000	      2562	800016ac	00b20c03	lb	x24,11(x4)	  x4:0x80008dd6 x24=0xffffffca PA:0x80008de1
       25645000	      2563	800016b0	fc2f0183	lb	x3,-62(x30)	 x30:0x80008dd7  x3=0xffffff82 PA:0x80008d99
       25655000	      2564	800016b4	02afc403	lbu	x8,42(x31)	 x31:0x80008a74  x8=0x00000085 PA:0x80008a9e
       25665000	      2565	800016b8	fcefc783	lbu	x15,-50(x31)	 x31:0x80008a74 x15=0x00000029 PA:0x80008a42
       25675000	      2566	800016bc	fccf0b83	lb	x23,-52(x30)	 x30:0x80008dd7 x23=0xffffff88 PA:0x80008da3
       25685000	      2567	800016c0	01ff8383	lb	x7,31(x31)	 x31:0x80008a74  x7=0x00000078 PA:0x80008a93
       25695000	      2568	800016c4	f2954a83	lbu	x21,-215(x10)	 x10:0x80008da5 x21=0x000000b5 PA:0x80008cce
       25705000	      2569	00000000	00000013	addi	x0,x0,0	  x0:0x00000000
       25715000	      2570	800016c8	035f0c03	lb	x24,53(x30)	 x30:0x80008dd7 x24=0xfffffff7 PA:0x80008e0c
       25725000	      2571	800016cc	fc2f8c23	sb	x2,-40(x31)	 x31:0x80008a74  x2:0x80009f24 PA:0x80008a4c
       25735000	      2572	800016d0	f5ec8523	sb	x30,-182(x25)	 x25:0x80008e72 x30:0x80008dd7 PA:0x80008dbc
       25745000	      2573	800016d4	ff220383	lb	x7,-14(x4)	  x4:0x80008dd6  x7=0xffffffb3 PA:0x80008dc8
       25755000	      2574	800016d8	0a551583	lh	x11,165(x10)	 x10:0x80008da5 x11=0x00003031 PA:0x80008e4a
       25765000	      2575	800016dc	ff320283	lb	x5,-13(x4)	  x4:0x80008dd6  x5=0xffffffc4 PA:0x80008dc9
       25775000	      2576	800016e0	03bfc383	lbu	x7,59(x31)	 x31:0x80008a74  x7=0x00000094 PA:0x80008aaf
       25785000	      2577	800016e4	016f22a3	sw	x22,5(x30)	 x30:0x80008dd7 x22:0xa6383000 PA:0x80008ddc
       25795000	      2578	800016e8	01efc983	lbu	x19,30(x31)	 x31:0x80008a74 x19=0x00000079 PA:0x80008a92
       25805000	      2579	800016ec	006f87a3	sb	x6,15(x31)	 x31:0x80008a74  x6:0x00000001 PA:0x80008a83
       25815000	      2580	800016f0	00007517	auipc	x10,0x7	 x10=0x800086ec
       25825000	      2581	800016f4	f6750513	addi	x10,x10,-153	 x10:0x800086ec x10=0x80008653
       25835000	      2582	800016f8	07355003	lhu	x0,115(x10)	 x10:0x80008653 PA:0x800086c6
       25845000	      2583	800016fc	06350d83	lb	x27,99(x10)	 x10:0x80008653 x27=0xffffffa8 PA:0x800086b6
       25855000	      2584	80001700	06351e83	lh	x29,99(x10)	 x10:0x80008653 x29=0xffffffa8 PA:0x800086b6
       25865000	      2585	80001704	070501a3	sb	x16,99(x10)	 x10:0x80008653 x16:0x00000001 PA:0x800086b6
       25875000	      2586	80001708	06354e03	lbu	x28,99(x10)	 x10:0x80008653 x28=0x00000001 PA:0x800086b6
       25885000	      2587	8000170c	06355083	lhu	x1,99(x10)	 x10:0x80008653  x1=0x0000ff01 PA:0x800086b6
       25895000	      2588	80001710	06355383	lhu	x7,99(x10)	 x10:0x80008653  x7=0x0000ff01 PA:0x800086b6
       25905000	      2589	80001714	074511a3	sh	x20,99(x10)	 x10:0x80008653 x20:0x000000c4 PA:0x800086b6
       25915000	      2590	80001718	01a3bb33	sltu	x22,x7,x26	  x7:0x0000ff01 x26:0xfd34a927 x22=0x00000001
       25925000	      2591	8000171c	06351e83	lh	x29,99(x10)	 x10:0x80008653 x29=0x000000c4 PA:0x800086b6
       25935000	      2592	80001720	06354b83	lbu	x23,99(x10)	 x10:0x80008653 x23=0x000000c4 PA:0x800086b6
       25945000	      2593	80001724	06355b83	lhu	x23,99(x10)	 x10:0x80008653 x23=0x000000c4 PA:0x800086b6
       25955000	      2594	80001728	06354e83	lbu	x29,99(x10)	 x10:0x80008653 x29=0x000000c4 PA:0x800086b6
       25965000	      2595	8000172c	06355d83	lhu	x27,99(x10)	 x10:0x80008653 x27=0x000000c4 PA:0x800086b6
       25975000	      2596	80001730	06355b03	lhu	x22,99(x10)	 x10:0x80008653 x22=0x000000c4 PA:0x800086b6
       25985000	      2597	80001734	069511a3	sh	x9,99(x10)	 x10:0x80008653  x9:0xffffffa8 PA:0x800086b6
       25995000	      2598	80001738	08955083	lhu	x1,137(x10)	 x10:0x80008653  x1=0x00009697 PA:0x800086dc
       26005000	      2599	8000173c	08955203	lhu	x4,137(x10)	 x10:0x80008653  x4=0x00009697 PA:0x800086dc
       26015000	      2600	80001740	08950983	lb	x19,137(x10)	 x10:0x80008653 x19=0xffffff97 PA:0x800086dc
       26025000	      2601	80001744	fec54c83	lbu	x25,-20(x10)	 x10:0x80008653 x25=0x000000f4 PA:0x8000863f
       26035000	      2602	80001748	fec50d83	lb	x27,-20(x10)	 x10:0x80008653 x27=0xfffffff4 PA:0x8000863f
       26045000	      2603	8000174c	00007517	auipc	x10,0x7	 x10=0x80008748
       26055000	      2604	80001750	65550513	addi	x10,x10,1621	 x10:0x80008748 x10=0x80008d9d
       26065000	      2605	80001754	40ab82b3	sub	x5,x23,x10	 x23:0x000000c4 x10:0x80008d9d  x5=0x7fff7327
       26075000	      2606	80001758	17cc8e93	addi	x29,x25,380	 x25:0x000000f4 x29=0x00000270
       26085000	      2607	8000175c	00c2b2b3	sltu	x5,x5,x12	  x5:0x7fff7327 x12:0x80008ee2  x5=0x00000001
       26095000	      2608	80001760	01951e83	lh	x29,25(x10)	 x10:0x80008d9d x29=0xffff9c9d PA:0x80008db6
       26105000	      2609	00000000	00000013	addi	x0,x0,0	  x0:0x00000000
       26115000	      2610	80001764	03d500a3	sb	x29,33(x10)	 x10:0x80008d9d x29:0xffff9c9d PA:0x80008dbe
       26125000	      2611	80001768	01010033	add	x0,x2,x16	  x2:0x80009f24 x16:0x00000001
       26135000	      2612	8000176c	02b50ea3	sb	x11,61(x10)	 x10:0x80008d9d x11:0x00003031 PA:0x80008dda
       26145000	      2613	80001770	406b5633	sra	x12,x22,x6	 x22:0x000000c4  x6:0x00000001 x12=0x00000062
       26155000	      2614	80001774	fd450383	lb	x7,-44(x10)	 x10:0x80008d9d  x7=0x0000005a PA:0x80008d71
       26165000	      2615	80001778	01f45693	srli	x13,x8,0x1f	  x8:0x00000085 x13=0x00000000
       26175000	      2616	8000177c	03650623	sb	x22,44(x10)	 x10:0x80008d9d x22:0x000000c4 PA:0x80008dc9
       26185000	      2617	80001780	00a54e03	lbu	x28,10(x10)	 x10:0x80008d9d x28=0x0000008c PA:0x80008da7
       26195000	      2618	80001784	009f1493	slli	x9,x30,0x9	 x30:0x80008dd7  x9=0x011bae00
       26205000	      2619	80001788	fc650d23	sb	x6,-38(x10)	 x10:0x80008d9d  x6:0x00000001 PA:0x80008d77
       26215000	      2620	8000178c	41cf5f13	srai	x30,x30,0x1c	 x30:0x80008dd7 x30=0xfffffff8
       26225000	      2621	80001790	00000013	addi	x0,x0,0	  x0:0x00000000
       26235000	      2622	80001794	015f0bb3	add	x23,x30,x21	 x30:0xfffffff8 x21:0x000000b5 x23=0x000000ad
       26245000	      2623	80001798	ff8502a3	sb	x24,-27(x10)	 x10:0x80008d9d x24:0xfffffff7 PA:0x80008d82
       26255000	      2624	8000179c	03e51aa3	sh	x30,53(x10)	 x10:0x80008d9d x30:0xfffffff8 PA:0x80008dd2
       26265000	      2625	800017a0	00174bb3	xor	x23,x14,x1	 x14:0xffffff81  x1:0x00009697 x23=0xffff6916
       26275000	      2626	800017a4	40660bb3	sub	x23,x12,x6	 x12:0x00000062  x6:0x00000001 x23=0x00000061
       26285000	      2627	800017a8	003085b3	add	x11,x1,x3	  x1:0x00009697  x3:0xffffff82 x11=0x00009619
       26295000	      2628	800017ac	03f50b23	sb	x31,54(x10)	 x10:0x80008d9d x31:0x80008a74 PA:0x80008dd3
       26305000	      2629	800017b0	fd9515a3	sh	x25,-53(x10)	 x10:0x80008d9d x25:0x000000f4 PA:0x80008d68
       26315000	      2630	800017b4	02a50723	sb	x10,46(x10)	 x10:0x80008d9d x10:0x80008d9d PA:0x80008dcb
       26325000	      2631	800017b8	00789733	sll	x14,x17,x7	 x17:0x48490227  x7:0x0000005a x14=0x9c000000
       26335000	      2632	800017bc	fe650023	sb	x6,-32(x10)	 x10:0x80008d9d  x6:0x00000001 PA:0x80008d7d
       26345000	      2633	800017c0	00fad293	srli	x5,x21,0xf	 x21:0x000000b5  x5=0x00000000
       26355000	      2634	800017c4	02b52783	lw	x15,43(x10)	 x10:0x80008d9d x15=0x9db1c4b3 PA:0x80008dc8
       26365000	      2635	800017c8	ff054003	lbu	x0,-16(x10)	 x10:0x80008d9d PA:0x80008d8d
       26375000	      2636	800017cc	ffe54303	lbu	x6,-2(x10)	 x10:0x80008d9d  x6=0x00000080 PA:0x80008d9b
       26385000	      2637	800017d0	01af15b3	sll	x11,x30,x26	 x30:0xfffffff8 x26:0xfd34a927 x11=0xfffffc00
       26395000	      2638	800017d4	1f3d0413	addi	x8,x26,499	 x26:0xfd34a927  x8=0xfd34ab1a
       26405000	      2639	800017d8	d6dfe6b7	lui	x13,0xd6dfe	 x13=0xd6dfe000
       26415000	      2640	800017dc	fda54783	lbu	x15,-38(x10)	 x10:0x80008d9d x15=0x00000001 PA:0x80008d77
       26425000	      2641	800017e0	03e54a83	lbu	x21,62(x10)	 x10:0x80008d9d x21=0x000000c0 PA:0x80008ddb
       26435000	      2642	800017e4	03850f03	lb	x30,56(x10)	 x10:0x80008d9d x30=0xffffffbe PA:0x80008dd5
       26445000	      2643	00000000	00000013	addi	x0,x0,0	  x0:0x00000000
       26455000	      2644	800017e8	288f7f97	auipc	x31,0x288f7	 x31=0xa88f87e4
       26465000	      2645	800017ec	fc050423	sb	x0,-56(x10)	 x10:0x80008d9d  x0:0x00000000 PA:0x80008d65
       26475000	      2646	800017f0	00007197	auipc	x3,0x7	  x3=0x800087ec
       26485000	      2647	800017f4	53718193	addi	x3,x3,1335	  x3:0x800087ec  x3=0x80008d23
       26495000	      2648	800017f8	00007f97	auipc	x31,0x7	 x31=0x800087f4
       26505000	      2649	800017fc	525f8f93	addi	x31,x31,1317	 x31:0x800087f4 x31=0x80008d19
       26515000	      2650	80001800	00007697	auipc	x13,0x7	 x13=0x800087fc
       26525000	      2651	80001804	3d268693	addi	x13,x13,978	 x13:0x800087fc x13=0x80008bce
       26535000	      2652	80001808	026f8223	sb	x6,36(x31)	 x31:0x80008d19  x6:0x00000080 PA:0x80008d3d
       26545000	      2653	8000180c	04c1cd83	lbu	x27,76(x3)	  x3:0x80008d23 x27=0x00000054 PA:0x80008d6f
       26555000	      2654	80001810	01a68323	sb	x26,6(x13)	 x13:0x80008bce x26:0xfd34a927 PA:0x80008bd4
       26565000	      2655	80001814	02f1a4a3	sw	x15,41(x3)	  x3:0x80008d23 x15:0x00000001 PA:0x80008d4c
       26575000	      2656	80001818	00007617	auipc	x12,0x7	 x12=0x80008814
       26585000	      2657	8000181c	24f60613	addi	x12,x12,591	 x12:0x80008814 x12=0x80008a63
       26595000	      2658	80001820	ff364483	lbu	x9,-13(x12)	 x12:0x80008a63  x9=0x0000003d PA:0x80008a56
       26605000	      2659	80001824	01368c83	lb	x25,19(x13)	 x13:0x80008bce x25=0xffffffca PA:0x80008be1
       26615000	      2660	80001828	f8418f23	sb	x4,-98(x3)	  x3:0x80008d23  x4:0x00009697 PA:0x80008cc1
       26625000	      2661	8000182c	00b601a3	sb	x11,3(x12)	 x12:0x80008a63 x11:0xfffffc00 PA:0x80008a66
       26635000	      2662	80001830	02d68723	sb	x13,46(x13)	 x13:0x80008bce x13:0x80008bce PA:0x80008bfc
       26645000	      2663	80001834	ffdf8623	sb	x29,-20(x31)	 x31:0x80008d19 x29:0xffff9c9d PA:0x80008d05
       26655000	      2664	80001838	02468b03	lb	x22,36(x13)	 x13:0x80008bce x22=0x00000000 PA:0x80008bf2
       26665000	      2665	8000183c	006603a3	sb	x6,7(x12)	 x12:0x80008a63  x6:0x00000080 PA:0x80008a6a
       26675000	      2666	80001840	fe469b03	lh	x22,-28(x13)	 x13:0x80008bce x22=0xffff9899 PA:0x80008bb2
       26685000	      2667	80001844	feffa003	lw	x0,-17(x31)	 x31:0x80008d19 PA:0x80008d08
       26695000	      2668	80001848	f2f198a3	sh	x15,-207(x3)	  x3:0x80008d23 x15:0x00000001 PA:0x80008c54
       26705000	      2669	8000184c	0246d003	lhu	x0,36(x13)	 x13:0x80008bce PA:0x80008bf2
       26715000	      2670	80001850	ff46c703	lbu	x14,-12(x13)	 x13:0x80008bce x14=0x000000a9 PA:0x80008bc2
       26725000	      2671	80001854	00f68723	sb	x15,14(x13)	 x13:0x80008bce x15:0x00000001 PA:0x80008bdc
       26735000	      2672	80001858	01160823	sb	x17,16(x12)	 x12:0x80008a63 x17:0x48490227 PA:0x80008a73
       26745000	      2673	8000185c	fe8f8c23	sb	x8,-8(x31)	 x31:0x80008d19  x8:0xfd34ab1a PA:0x80008d11
       26755000	      2674	80001860	fcf68aa3	sb	x15,-43(x13)	 x13:0x80008bce x15:0x00000001 PA:0x80008ba3
       26765000	      2675	80001864	ff6198a3	sh	x22,-15(x3)	  x3:0x80008d23 x22:0xffff9899 PA:0x80008d14
       26775000	      2676	80001868	0d618223	sb	x22,196(x3)	  x3:0x80008d23 x22:0xffff9899 PA:0x80008de7
       26785000	      2677	8000186c	ff260c23	sb	x18,-8(x12)	 x12:0x80008a63 x18:0x80009fc4 PA:0x80008a5b
       26795000	      2678	80001870	f131cc03	lbu	x24,-237(x3)	  x3:0x80008d23 x24=0x0000001d PA:0x80008c36
       26805000	      2679	80001874	008fc803	lbu	x16,8(x31)	 x31:0x80008d19 x16=0x0000000a PA:0x80008d21
       26815000	      2680	80001878	03268f03	lb	x30,50(x13)	 x13:0x80008bce x30=0xffffffeb PA:0x80008c00
       26825000	      2681	8000187c	00007297	auipc	x5,0x7	  x5=0x80008878
       26835000	      2682	80001880	14c28293	addi	x5,x5,332	  x5:0x80008878  x5=0x800089c4
       26845000	      2683	80001884	03528183	lb	x3,53(x5)	  x5:0x800089c4  x3=0xffffffe2 PA:0x800089f9
       26855000	      2684	80001888	00007217	auipc	x4,0x7	  x4=0x80008884
       26865000	      2685	8000188c	66a20213	addi	x4,x4,1642	  x4:0x80008884  x4=0x80008eee
       26875000	      2686	80001890	00007b17	auipc	x22,0x7	 x22=0x8000888c
       26885000	      2687	80001894	53cb0b13	addi	x22,x22,1340	 x22:0x8000888c x22=0x80008dc8
       26895000	      2688	80001898	00007417	auipc	x8,0x7	  x8=0x80008894
       26905000	      2689	8000189c	0f240413	addi	x8,x8,242	  x8:0x80008894  x8=0x80008986
       26915000	      2690	800018a0	00007717	auipc	x14,0x7	 x14=0x8000889c
       26925000	      2691	800018a4	fcd70713	addi	x14,x14,-51	 x14:0x8000889c x14=0x80008869
       26935000	      2692	800018a8	0392c683	lbu	x13,57(x5)	  x5:0x800089c4 x13=0x000000e6 PA:0x800089fd
       26945000	      2693	800018ac	00625e83	lhu	x29,6(x4)	  x4:0x80008eee x29=0x0000dedf PA:0x80008ef4
       26955000	      2694	800018b0	fe170aa3	sb	x1,-11(x14)	 x14:0x80008869  x1:0x00009697 PA:0x8000885e
       26965000	      2695	800018b4	00724003	lbu	x0,7(x4)	  x4:0x80008eee PA:0x80008ef5
       26975000	      2696	800018b8	fabb0183	lb	x3,-85(x22)	 x22:0x80008dc8  x3=0x00000058 PA:0x80008d73
       26985000	      2697	800018bc	ff944a03	lbu	x20,-7(x8)	  x8:0x80008986 x20=0x00000064 PA:0x8000897f
       26995000	      2698	800018c0	00924f83	lbu	x31,9(x4)	  x4:0x80008eee x31=0x000000dc PA:0x80008ef7
       27005000	      2699	800018c4	0bab0fa3	sb	x26,191(x22)	 x22:0x80008dc8 x26:0xfd34a927 PA:0x80008e87
       27015000	      2700	800018c8	046b4303	lbu	x6,70(x22)	 x22:0x80008dc8  x6=0x000000f5 PA:0x80008e0e
       27025000	      2701	800018cc	fc228503	lb	x10,-62(x5)	  x5:0x800089c4 x10=0x0000006d PA:0x80008986
       27035000	      2702	800018d0	fff74983	lbu	x19,-1(x14)	 x14:0x80008869 x19=0x00000062 PA:0x80008868
       27045000	      2703	800018d4	ffd24483	lbu	x9,-3(x4)	  x4:0x80008eee  x9=0x000000d0 PA:0x80008eeb
       27055000	      2704	800018d8	00074c03	lbu	x24,0(x14)	 x14:0x80008869 x24=0x00000040 PA:0x80008869
       27065000	      2705	800018dc	ffa44c83	lbu	x25,-6(x8)	  x8:0x80008986 x25=0x0000006b PA:0x80008980
       27075000	      2706	800018e0	01074683	lbu	x13,16(x14)	 x14:0x80008869 x13=0x0000008d PA:0x80008879
       27085000	      2707	800018e4	ffa21303	lh	x6,-6(x4)	  x4:0x80008eee  x6=0xffffd2d3 PA:0x80008ee8
       27095000	      2708	800018e8	0362d783	lhu	x15,54(x5)	  x5:0x800089c4 x15=0x0000e0e1 PA:0x800089fa
       27105000	      2709	00000000	00000013	addi	x0,x0,0	  x0:0x00000000
       27115000	      2710	800018ec	fef20b23	sb	x15,-10(x4)	  x4:0x80008eee x15:0x0000e0e1 PA:0x80008ee4
       27125000	      2711	800018f0	0cab0ba3	sb	x10,215(x22)	 x22:0x80008dc8 x10:0x0000006d PA:0x80008e9f
       27135000	      2712	800018f4	00270f83	lb	x31,2(x14)	 x14:0x80008869 x31=0x00000050 PA:0x8000886b
       27145000	      2713	800018f8	000717a3	sh	x0,15(x14)	 x14:0x80008869  x0:0x00000000 PA:0x80008878
       27155000	      2714	800018fc	fed2c303	lbu	x6,-19(x5)	  x5:0x800089c4  x6=0x0000009a PA:0x800089b1
       27165000	      2715	80001900	00441d83	lh	x27,4(x8)	  x8:0x80008986 x27=0x00007071 PA:0x8000898a
       27175000	      2716	80001904	fe440ea3	sb	x4,-3(x8)	  x8:0x80008986  x4:0x80008eee PA:0x80008983
       27185000	      2717	80001908	00821123	sh	x8,2(x4)	  x4:0x80008eee  x8:0x80008986 PA:0x80008ef0
       27195000	      2718	8000190c	00a70c03	lb	x24,10(x14)	 x14:0x80008869 x24=0x00000058 PA:0x80008873
       27205000	      2719	80001910	016727a3	sw	x22,15(x14)	 x14:0x80008869 x22:0x80008dc8 PA:0x80008878
       27215000	      2720	80001914	fed71fa3	sh	x13,-1(x14)	 x14:0x80008869 x13:0x0000008d PA:0x80008868
       27225000	      2721	80001918	ff825883	lhu	x17,-8(x4)	  x4:0x80008eee x17=0x0000cccd PA:0x80008ee6
       27235000	      2722	8000191c	f60b5783	lhu	x15,-160(x22)	 x22:0x80008dc8 x15=0x00001213 PA:0x80008d28
       27245000	      2723	80001920	f5ab02a3	sb	x26,-187(x22)	 x22:0x80008dc8 x26:0xfd34a927 PA:0x80008d0d
       27255000	      2724	80001924	00629423	sh	x6,8(x5)	  x5:0x800089c4  x6:0x0000009a PA:0x800089cc
       27265000	      2725	80001928	ff045b83	lhu	x23,-16(x8)	  x8:0x80008986 x23=0x00005c5d PA:0x80008976
       27275000	      2726	8000192c	00321123	sh	x3,2(x4)	  x4:0x80008eee  x3:0x00000058 PA:0x80008ef0
       27285000	      2727	80001930	ffd75803	lhu	x16,-3(x14)	 x14:0x80008869 x16=0x00004c4d PA:0x80008866
       27295000	      2728	80001934	fdd2c503	lbu	x10,-35(x5)	  x5:0x800089c4 x10=0x0000008a PA:0x800089a1
       27305000	      2729	80001938	00007897	auipc	x17,0x7	 x17=0x80008934
       27315000	      2730	8000193c	a4f88893	addi	x17,x17,-1457	 x17:0x80008934 x17=0x80008383
       27325000	      2731	80001940	ff68c083	lbu	x1,-10(x17)	 x17:0x80008383  x1=0x00000086 PA:0x80008379
       27335000	      2732	80001944	ff68c283	lbu	x5,-10(x17)	 x17:0x80008383  x5=0x00000086 PA:0x80008379
       27345000	      2733	80001948	e8092337	lui	x6,0xe8092	  x6=0xe8092000
       27355000	      2734	8000194c	ff588b23	sb	x21,-10(x17)	 x17:0x80008383 x21:0x000000c0 PA:0x80008379
       27365000	      2735	80001950	00b0ffb3	and	x31,x1,x11	  x1:0x00000086 x11:0xfffffc00 x31=0x00000000
       27375000	      2736	80001954	406dd7b3	sra	x15,x27,x6	 x27:0x00007071  x6:0xe8092000 x15=0x00007071
       27385000	      2737	80001958	ff688b03	lb	x22,-10(x17)	 x17:0x80008383 x22=0xffffffc0 PA:0x80008379
       27395000	      2738	8000195c	00000013	addi	x0,x0,0	  x0:0x00000000
       27405000	      2739	80001960	ff088b23	sb	x16,-10(x17)	 x17:0x80008383 x16:0x00004c4d PA:0x80008379
       27415000	      2740	80001964	ff68c783	lbu	x15,-10(x17)	 x17:0x80008383 x15=0x0000004d PA:0x80008379
       27425000	      2741	80001968	ff888b23	sb	x24,-10(x17)	 x17:0x80008383 x24:0x00000058 PA:0x80008379
       27435000	      2742	8000196c	ff68cb83	lbu	x23,-10(x17)	 x17:0x80008383 x23=0x00000058 PA:0x80008379
       27445000	      2743	80001970	fe888b23	sb	x8,-10(x17)	 x17:0x80008383  x8:0x80008986 PA:0x80008379
       27455000	      2744	80001974	01dea9b3	slt	x19,x29,x29	 x29:0x0000dedf x29:0x0000dedf x19=0x00000000
       27465000	      2745	80001978	ff68cc83	lbu	x25,-10(x17)	 x17:0x80008383 x25=0x00000086 PA:0x80008379
       27475000	      2746	8000197c	00007997	auipc	x19,0x7	 x19=0x80008978
       27485000	      2747	80001980	a9198993	addi	x19,x19,-1391	 x19:0x80008978 x19=0x80008409
       27495000	      2748	80001984	01769693	slli	x13,x13,0x17	 x13:0x0000008d x13=0x46800000
       27505000	      2749	80001988	fff99803	lh	x16,-1(x19)	 x19:0x80008409 x16=0xffffc2c3 PA:0x80008408
       27515000	      2750	8000198c	56cdab93	slti	x23,x27,1388	 x27:0x00007071 x23=0x00000000
       27525000	      2751	80001990	449ad637	lui	x12,0x449ad	 x12=0x449ad000
       27535000	      2752	80001994	011f8bb3	add	x23,x31,x17	 x31:0x00000000 x17:0x80008383 x23=0x80008383
       27545000	      2753	80001998	0099d883	lhu	x17,9(x19)	 x19:0x80008409 x17=0x0000c8c9 PA:0x80008412
       27555000	      2754	8000199c	4000d5b3	sra	x11,x1,x0	  x1:0x00000086  x0:0x00000000 x11=0x00000086
       27565000	      2755	800019a0	412a80b3	sub	x1,x21,x18	 x21:0x000000c0 x18:0x80009fc4  x1=0x7fff60fc
       27575000	      2756	800019a4	00000013	addi	x0,x0,0	  x0:0x00000000
       27585000	      2757	800019a8	01aa2db3	slt	x27,x20,x26	 x20:0x00000064 x26:0xfd34a927 x27=0x00000000
       27595000	      2758	800019ac	0106aab3	slt	x21,x13,x16	 x13:0x46800000 x16:0xffffc2c3 x21=0x00000000
       27605000	      2759	800019b0	0089c503	lbu	x10,8(x19)	 x19:0x80008409 x10=0x000000ca PA:0x80008411
       27615000	      2760	800019b4	008a5e13	srli	x28,x20,0x8	 x20:0x00000064 x28=0x00000000
       27625000	      2761	800019b8	01365733	srl	x14,x12,x19	 x12:0x449ad000 x19:0x80008409 x14=0x00224d68
       27635000	      2762	800019bc	bd1cb493	sltiu	x9,x25,-1071	 x25:0x00000086  x9=0x00000001
       27645000	      2763	800019c0	ff298403	lb	x8,-14(x19)	 x19:0x80008409  x8=0xffffffb0 PA:0x800083fb
       27655000	      2764	800019c4	6ccc0317	auipc	x6,0x6ccc0	  x6=0xeccc19c0
       27665000	      2765	800019c8	00c9c083	lbu	x1,12(x19)	 x19:0x80008409  x1=0x00000000 PA:0x80008415
       27675000	      2766	800019cc	005c07b3	add	x15,x24,x5	 x24:0x00000058  x5:0x00000086 x15=0x000000de
       27685000	      2767	800019d0	419fdeb3	sra	x29,x31,x25	 x31:0x00000000 x25:0x00000086 x29=0x00000000
       27695000	      2768	800019d4	ff99d303	lhu	x6,-7(x19)	 x19:0x80008409  x6=0x0000b8b9 PA:0x80008402
       27705000	      2769	800019d8	fe898ea3	sb	x8,-3(x19)	 x19:0x80008409  x8:0xffffffb0 PA:0x80008406
       27715000	      2770	800019dc	0029c383	lbu	x7,2(x19)	 x19:0x80008409  x7=0x000000c0 PA:0x8000840b
       27725000	      2771	800019e0	4e557393	andi	x7,x10,1253	 x10:0x000000ca  x7=0x000000c0
       27735000	      2772	800019e4	00f995a3	sh	x15,11(x19)	 x19:0x80008409 x15:0x000000de PA:0x80008414
       27745000	      2773	800019e8	01170db3	add	x27,x14,x17	 x14:0x00224d68 x17:0x0000c8c9 x27=0x00231631
       27755000	      2774	800019ec	6cf83b93	sltiu	x23,x16,1743	 x16:0xffffc2c3 x23=0x00000000
       27765000	      2775	800019f0	ceb39817	auipc	x16,0xceb39	 x16=0x4eb3a9ec
       27775000	      2776	800019f4	ff599d83	lh	x27,-11(x19)	 x19:0x80008409 x27=0xffffb4b5 PA:0x800083fe
       27785000	      2777	800019f8	a03282b7	lui	x5,0xa0328	  x5=0xa0328000
       27795000	      2778	800019fc	0006d693	srli	x13,x13,0x0	 x13:0x46800000 x13=0x46800000
       27805000	      2779	80001a00	408c5093	srai	x1,x24,0x8	 x24:0x00000058  x1=0x00000000
       27815000	      2780	80001a04	36092f13	slti	x30,x18,864	 x18:0x80009fc4 x30=0x00000001
       27825000	      2781	80001a08	0039da83	lhu	x21,3(x19)	 x19:0x80008409 x21=0x0000a9ec PA:0x8000840c
       27835000	      2782	00000000	00000013	addi	x0,x0,0	  x0:0x00000000
       27845000	      2783	80001a0c	008aaa33	slt	x20,x21,x8	 x21:0x0000a9ec  x8:0xffffffb0 x20=0x00000000
       27855000	      2784	80001a10	009cbcb3	sltu	x25,x25,x9	 x25:0x00000086  x9:0x00000001 x25=0x00000000
       27865000	      2785	80001a14	490b0213	addi	x4,x22,1168	 x22:0xffffffc0  x4=0x00000450
       27875000	      2786	80001a18	00098383	lb	x7,0(x19)	 x19:0x80008409  x7=0xffffffc2 PA:0x80008409
       27885000	      2787	80001a1c	00098b03	lb	x22,0(x19)	 x19:0x80008409 x22=0xffffffc2 PA:0x80008409
       27895000	      2788	80001a20	002282b3	add	x5,x5,x2	  x5:0xa0328000  x2:0x80009f24  x5=0x20331f24
       27905000	      2789	80001a24	010991a3	sh	x16,3(x19)	 x19:0x80008409 x16:0x4eb3a9ec PA:0x8000840c
       27915000	      2790	80001a28	01591d93	slli	x27,x18,0x15	 x18:0x80009fc4 x27=0xf8800000
       27925000	      2791	80001a2c	017f9663	bne	x31,x23,80001a38	 x31:0x00000000 x23:0x00000000
       27935000	      2792	80001a30	00ce7cb3	and	x25,x28,x12	 x28:0x00000000 x12:0x449ad000 x25=0x00000000
       27945000	      2793	80001a34	deb77e93	andi	x29,x14,-533	 x14:0x00224d68 x29=0x00224d68
       27955000	      2794	80001a38	19647a13	andi	x20,x8,406	  x8:0xffffffb0 x20=0x00000190
       27965000	      2795	80001a3c	01fb9b33	sll	x22,x23,x31	 x23:0x00000000 x31:0x00000000 x22=0x00000000
       27975000	      2796	80001a40	03787263	bgeu	x16,x23,80001a64	 x16:0x4eb3a9ec x23:0x00000000
       27985000	      2797	00000000	00000013	addi	x0,x0,0	  x0:0x00000000
       27995000	      2798	80001a60	00000013	addi	x0,x0,0	  x0:0x00000000
       28005000	      2799	80001a64	007f49b3	xor	x19,x30,x7	 x30:0x00000001  x7:0xffffffc2 x19=0xffffffc3
       28015000	      2800	80001a68	01697333	and	x6,x18,x22	 x18:0x80009fc4 x22:0x00000000  x6=0x00000000
       28025000	      2801	80001a6c	98f92f93	slti	x31,x18,-1649	 x18:0x80009fc4 x31=0x00000001
       28035000	      2802	80001a70	080cea93	ori	x21,x25,128	 x25:0x00000000 x21=0x00000080
       28045000	      2803	80001a74	d2f21e17	auipc	x28,0xd2f21	 x28=0x52f22a70
       28055000	      2804	80001a78	00a432b3	sltu	x5,x8,x10	  x8:0xffffffb0 x10:0x000000ca  x5=0x00000000
       28065000	      2805	80001a7c	41875a13	srai	x20,x14,0x18	 x14:0x00224d68 x20=0x00000000
       28075000	      2806	80001a80	01a85193	srli	x3,x16,0x1a	 x16:0x4eb3a9ec  x3=0x00000013
       28085000	      2807	80001a84	ded6fa13	andi	x20,x13,-531	 x13:0x46800000 x20=0x46800000
       28095000	      2808	80001a88	00fcd313	srli	x6,x25,0xf	 x25:0x00000000  x6=0x00000000
       28105000	      2809	80001a8c	03794263	blt	x18,x23,80001ab0	 x18:0x80009fc4 x23:0x00000000
       28115000	      2810	00000000	00000013	addi	x0,x0,0	  x0:0x00000000
       28125000	      2811	80001aac	00000013	addi	x0,x0,0	  x0:0x00000000
       28135000	      2812	80001ab0	40fe5233	sra	x4,x28,x15	 x28:0x52f22a70 x15:0x000000de  x4=0x00000001
       28145000	      2813	80001ab4	05238663	beq	x7,x18,80001b00	  x7:0xffffffc2 x18:0x80009fc4
       28155000	      2814	80001ab8	00ea9593	slli	x11,x21,0xe	 x21:0x00000080 x11=0x00200000
       28165000	      2815	80001abc	19ed7b93	andi	x23,x26,414	 x26:0xfd34a927 x23=0x00000106
       28175000	      2816	80001ac0	00f6e3b3	or	x7,x13,x15	 x13:0x46800000 x15:0x000000de  x7=0x468000de
       28185000	      2817	80001ac4	39692013	slti	x0,x18,918	 x18:0x80009fc4
       28195000	      2818	80001ac8	41138c33	sub	x24,x7,x17	  x7:0x468000de x17:0x0000c8c9 x24=0x467f3815
       28205000	      2819	80001acc	551a0f13	addi	x30,x20,1361	 x20:0x46800000 x30=0x46800551
       28215000	      2820	80001ad0	9595ef93	ori	x31,x11,-1703	 x11:0x00200000 x31=0xfffff959
       28225000	      2821	80001ad4	01dc9c33	sll	x24,x25,x29	 x25:0x00000000 x29:0x00224d68 x24=0x00000000
       28235000	      2822	80001ad8	795a2b13	slti	x22,x20,1941	 x20:0x46800000 x22=0x00000000
       28245000	      2823	80001adc	008f2cb3	slt	x25,x30,x8	 x30:0x46800551  x8:0xffffffb0 x25=0x00000000
       28255000	      2824	80001ae0	6c7c6813	ori	x16,x24,1735	 x24:0x00000000 x16=0x000006c7
       28265000	      2825	80001ae4	01001893	slli	x17,x0,0x10	  x0:0x00000000 x17=0x00000000
       28275000	      2826	80001ae8	41e1dfb3	sra	x31,x3,x30	  x3:0x00000013 x30:0x46800551 x31=0x00000000
       28285000	      2827	80001aec	01662833	slt	x16,x12,x22	 x12:0x449ad000 x22:0x00000000 x16=0x00000000
       28295000	      2828	80001af0	0044fa63	bgeu	x9,x4,80001b04	  x9:0x00000001  x4:0x00000001
       28305000	      2829	00000000	00000013	addi	x0,x0,0	  x0:0x00000000
       28315000	      2830	80001b00	00000013	addi	x0,x0,0	  x0:0x00000000
       28325000	      2831	80001b04	0067ebb3	or	x23,x15,x6	 x15:0x000000de  x6:0x00000000 x23=0x000000de
       28335000	      2832	80001b08	00ecf733	and	x14,x25,x14	 x25:0x00000000 x14:0x00224d68 x14=0x00000000
       28345000	      2833	80001b0c	02805863	bge	x0,x8,80001b3c	  x0:0x00000000  x8:0xffffffb0
       28355000	      2834	00000000	00000013	addi	x0,x0,0	  x0:0x00000000
       28365000	      2835	80001b38	00000013	addi	x0,x0,0	  x0:0x00000000
       28375000	      2836	80001b3c	02a47063	bgeu	x8,x10,80001b5c	  x8:0xffffffb0 x10:0x000000ca
       28385000	      2837	00000000	00000013	addi	x0,x0,0	  x0:0x00000000
       28395000	      2838	80001b58	00000013	addi	x0,x0,0	  x0:0x00000000
       28405000	      2839	80001b5c	0014adb3	slt	x27,x9,x1	  x9:0x00000001  x1:0x00000000 x27=0x00000000
       28415000	      2840	80001b60	00000013	addi	x0,x0,0	  x0:0x00000000
       28425000	      2841	80001b64	00b64033	xor	x0,x12,x11	 x12:0x449ad000 x11:0x00200000
       28435000	      2842	80001b68	03394263	blt	x18,x19,80001b8c	 x18:0x80009fc4 x19:0xffffffc3
       28445000	      2843	00000000	00000013	addi	x0,x0,0	  x0:0x00000000
       28455000	      2844	80001b88	00000013	addi	x0,x0,0	  x0:0x00000000
       28465000	      2845	80001b8c	0149fbb3	and	x23,x19,x20	 x19:0xffffffc3 x20:0x46800000 x23=0x46800000
       28475000	      2846	80001b90	00b12e33	slt	x28,x2,x11	  x2:0x80009f24 x11:0x00200000 x28=0x00000001
       28485000	      2847	80001b94	01026593	ori	x11,x4,16	  x4:0x00000001 x11=0x00000011
       28495000	      2848	80001b98	00abec33	or	x24,x23,x10	 x23:0x46800000 x10:0x000000ca x24=0x468000ca
       28505000	      2849	80001b9c	01033333	sltu	x6,x6,x16	  x6:0x00000000 x16:0x00000000  x6=0x00000000
       28515000	      2850	80001ba0	40088db3	sub	x27,x17,x0	 x17:0x00000000  x0:0x00000000 x27=0x00000000
       28525000	      2851	80001ba4	4163dd93	srai	x27,x7,0x16	  x7:0x468000de x27=0x0000011a
       28535000	      2852	80001ba8	67f53813	sltiu	x16,x10,1663	 x10:0x000000ca x16=0x00000001
       28545000	      2853	80001bac	03186463	bltu	x16,x17,80001bd4	 x16:0x00000001 x17:0x00000000
       28555000	      2854	80001bb0	00bde263	bltu	x27,x11,80001bb4	 x27:0x0000011a x11:0x00000011
       28565000	      2855	80001bb4	418d08b3	sub	x17,x26,x24	 x26:0xfd34a927 x24:0x468000ca x17=0xb6b4a85d
       28575000	      2856	80001bb8	9859fa93	andi	x21,x19,-1659	 x19:0xffffffc3 x21=0xfffff981
       28585000	      2857	80001bbc	d438a593	slti	x11,x17,-701	 x17:0xb6b4a85d x11=0x00000001
       28595000	      2858	80001bc0	000d4863	blt	x26,x0,80001bd0	 x26:0xfd34a927  x0:0x00000000
       28605000	      2859	00000000	00000013	addi	x0,x0,0	  x0:0x00000000
       28615000	      2860	80001bcc	00000013	addi	x0,x0,0	  x0:0x00000000
       28625000	      2861	80001bd0	69fb1617	auipc	x12,0x69fb1	 x12=0xe9fb2bcc
       28635000	      2862	80001bd4	01248b33	add	x22,x9,x18	  x9:0x00000001 x18:0x80009fc4 x22=0x80009fc5
       28645000	      2863	80001bd8	01eec033	xor	x0,x29,x30	 x29:0x00224d68 x30:0x46800551
       28655000	      2864	80001bdc	41ee5fb3	sra	x31,x28,x30	 x28:0x00000001 x30:0x46800551 x31=0x00000000
       28665000	      2865	80001be0	03901a63	bne	x0,x25,80001c14	  x0:0x00000000 x25:0x00000000
       28675000	      2866	80001be4	c2dac893	xori	x17,x21,-979	 x21:0xfffff981 x17=0x000005ac
       28685000	      2867	80001be8	00ec2cb3	slt	x25,x24,x14	 x24:0x468000ca x14:0x00000000 x25=0x00000000
       28695000	      2868	80001bec	01e15993	srli	x19,x2,0x1e	  x2:0x80009f24 x19=0x00000002
       28705000	      2869	80001bf0	01619b13	slli	x22,x3,0x16	  x3:0x00000013 x22=0x04c00000
       28715000	      2870	80001bf4	5d1ce313	ori	x6,x25,1489	 x25:0x00000000  x6=0x000005d1
       28725000	      2871	80001bf8	a975ee97	auipc	x29,0xa975e	 x29=0x2975fbf4
       28735000	      2872	80001bfc	526a7193	andi	x3,x20,1318	 x20:0x46800000  x3=0x00000000
       28745000	      2873	80001c00	2277fb93	andi	x23,x15,551	 x15:0x000000de x23=0x00000006
       28755000	      2874	80001c04	00aebb33	sltu	x22,x29,x10	 x29:0x2975fbf4 x10:0x000000ca x22=0x00000000
       28765000	      2875	80001c08	412a5213	srai	x4,x20,0x12	 x20:0x46800000  x4=0x000011a0
       28775000	      2876	80001c0c	00c66a63	bltu	x12,x12,80001c20	 x12:0xe9fb2bcc x12:0xe9fb2bcc
       28785000	      2877	80001c10	82fc7593	andi	x11,x24,-2001	 x24:0x468000ca x11=0x4680000a
       28795000	      2878	80001c14	0380e063	bltu	x1,x24,80001c34	  x1:0x00000000 x24:0x468000ca
       28805000	      2879	00000000	00000013	addi	x0,x0,0	  x0:0x00000000
       28815000	      2880	80001c30	00000013	addi	x0,x0,0	  x0:0x00000000
       28825000	      2881	80001c34	00038033	add	x0,x7,x0	  x7:0x468000de  x0:0x00000000
       28835000	      2882	80001c38	0207ce63	blt	x15,x0,80001c74	 x15:0x000000de  x0:0x00000000
       28845000	      2883	80001c3c	0531d663	bge	x3,x19,80001c88	  x3:0x00000000 x19:0x00000002
       28855000	      2884	80001c40	01725663	bge	x4,x23,80001c4c	  x4:0x000011a0 x23:0x00000006
       28865000	      2885	00000000	00000013	addi	x0,x0,0	  x0:0x00000000
       28875000	      2886	80001c48	00000013	addi	x0,x0,0	  x0:0x00000000
       28885000	      2887	80001c4c	01ff6e63	bltu	x30,x31,80001c68	 x30:0x46800551 x31:0x00000000
       28895000	      2888	80001c50	426d8097	auipc	x1,0x426d8	  x1=0xc26d9c4c
       28905000	      2889	80001c54	2587ae93	slti	x29,x15,600	 x15:0x000000de x29=0x00000001
       28915000	      2890	80001c58	404f8db3	sub	x27,x31,x4	 x31:0x00000000  x4:0x000011a0 x27=0xffffee60
       28925000	      2891	80001c5c	007127b3	slt	x15,x2,x7	  x2:0x80009f24  x7:0x468000de x15=0x00000001
       28935000	      2892	80001c60	01270663	beq	x14,x18,80001c6c	 x14:0x00000000 x18:0x80009fc4
       28945000	      2893	80001c64	00ec1c63	bne	x24,x14,80001c7c	 x24:0x468000ca x14:0x00000000
       28955000	      2894	00000000	00000013	addi	x0,x0,0	  x0:0x00000000
       28965000	      2895	80001c78	00000013	addi	x0,x0,0	  x0:0x00000000
       28975000	      2896	80001c7c	01200233	add	x4,x0,x18	  x0:0x00000000 x18:0x80009fc4  x4=0x80009fc4
       28985000	      2897	80001c80	01c71f93	slli	x31,x14,0x1c	 x14:0x00000000 x31=0x00000000
       28995000	      2898	80001c84	64988893	addi	x17,x17,1609	 x17:0x000005ac x17=0x00000bf5
       29005000	      2899	80001c88	00bd9f93	slli	x31,x27,0xb	 x27:0xffffee60 x31=0xff730000
       29015000	      2900	80001c8c	002d8863	beq	x27,x2,80001c9c	 x27:0xffffee60  x2:0x80009f24
       29025000	      2901	80001c90	05464663	blt	x12,x20,80001cdc	 x12:0xe9fb2bcc x20:0x46800000
       29035000	      2902	00000000	00000013	addi	x0,x0,0	  x0:0x00000000
       29045000	      2903	80001cd8	00000013	addi	x0,x0,0	  x0:0x00000000
       29055000	      2904	80001cdc	00275f13	srli	x30,x14,0x2	 x14:0x00000000 x30=0x00000000
       29065000	      2905	80001ce0	40cd5193	srai	x3,x26,0xc	 x26:0xfd34a927  x3=0xffffd34a
       29075000	      2906	80001ce4	0150ceb3	xor	x29,x1,x21	  x1:0xc26d9c4c x21:0xfffff981 x29=0x3d9265cd
       29085000	      2907	80001ce8	01f65313	srli	x6,x12,0x1f	 x12:0xe9fb2bcc  x6=0x00000001
       29095000	      2908	80001cec	c72bae13	slti	x28,x23,-910	 x23:0x00000006 x28=0x00000000
       29105000	      2909	80001cf0	41e3da13	srai	x20,x7,0x1e	  x7:0x468000de x20=0x00000001
       29115000	      2910	80001cf4	032ed263	bge	x29,x18,80001d18	 x29:0x3d9265cd x18:0x80009fc4
       29125000	      2911	00000000	00000013	addi	x0,x0,0	  x0:0x00000000
       29135000	      2912	80001d14	00000013	addi	x0,x0,0	  x0:0x00000000
       29145000	      2913	80001d18	b6016c37	lui	x24,0xb6016	 x24=0xb6016000
       29155000	      2914	80001d1c	405d89b3	sub	x19,x27,x5	 x27:0xffffee60  x5:0x00000000 x19=0xffffee60
       29165000	      2915	80001d20	565fcb93	xori	x23,x31,1381	 x31:0xff730000 x23=0xff730565
       29175000	      2916	80001d24	411bd5b3	sra	x11,x23,x17	 x23:0xff730565 x17:0x00000bf5 x11=0xfffffffb
       29185000	      2917	80001d28	00c99ab3	sll	x21,x19,x12	 x19:0xffffee60 x12:0xe9fb2bcc x21=0xfee60000
       29195000	      2918	80001d2c	03437263	bgeu	x6,x20,80001d50	  x6:0x00000001 x20:0x00000001
       29205000	      2919	00000000	00000013	addi	x0,x0,0	  x0:0x00000000
       29215000	      2920	80001d4c	00000013	addi	x0,x0,0	  x0:0x00000000
       29225000	      2921	80001d50	83a5b193	sltiu	x3,x11,-1990	 x11:0xfffffffb  x3=0x00000000
       29235000	      2922	80001d54	0017c733	xor	x14,x15,x1	 x15:0x00000001  x1:0xc26d9c4c x14=0xc26d9c4d
       29245000	      2923	80001d58	01389a63	bne	x17,x19,80001d6c	 x17:0x00000bf5 x19:0xffffee60
       29255000	      2924	00000000	00000013	addi	x0,x0,0	  x0:0x00000000
       29265000	      2925	80001d68	00000013	addi	x0,x0,0	  x0:0x00000000
       29275000	      2926	80001d6c	418b5b33	sra	x22,x22,x24	 x22:0x00000000 x24:0xb6016000 x22=0x00000000
       29285000	      2927	80001d70	00b011b3	sll	x3,x0,x11	  x0:0x00000000 x11:0xfffffffb  x3=0x00000000
       29295000	      2928	80001d74	04f74063	blt	x14,x15,80001db4	 x14:0xc26d9c4d x15:0x00000001
       29305000	      2929	00000000	00000013	addi	x0,x0,0	  x0:0x00000000
       29315000	      2930	80001db0	00000013	addi	x0,x0,0	  x0:0x00000000
       29325000	      2931	80001db4	02aaf263	bgeu	x21,x10,80001dd8	 x21:0xfee60000 x10:0x000000ca
       29335000	      2932	00000000	00000013	addi	x0,x0,0	  x0:0x00000000
       29345000	      2933	80001dd4	00000013	addi	x0,x0,0	  x0:0x00000000
       29355000	      2934	80001dd8	772af513	andi	x10,x21,1906	 x21:0xfee60000 x10=0x00000000
       29365000	      2935	80001ddc	02034263	blt	x6,x0,80001e00	  x6:0x00000001  x0:0x00000000
       29375000	      2936	80001de0	01d961b3	or	x3,x18,x29	 x18:0x80009fc4 x29:0x3d9265cd  x3=0xbd92ffcd
       29385000	      2937	80001de4	40c15993	srai	x19,x2,0xc	  x2:0x80009f24 x19=0xfff80009
       29395000	      2938	80001de8	11bc0f93	addi	x31,x24,283	 x24:0xb6016000 x31=0xb601611b
       29405000	      2939	80001dec	40bf59b3	sra	x19,x30,x11	 x30:0x00000000 x11:0xfffffffb x19=0x00000000
       29415000	      2940	80001df0	00244663	blt	x8,x2,80001dfc	  x8:0xffffffb0  x2:0x80009f24
       29425000	      2941	80001df4	02cc8e63	beq	x25,x12,80001e30	 x25:0x00000000 x12:0xe9fb2bcc
       29435000	      2942	80001df8	01358f33	add	x30,x11,x19	 x11:0xfffffffb x19:0x00000000 x30=0xfffffffb
       29445000	      2943	80001dfc	c9256d93	ori	x27,x10,-878	 x10:0x00000000 x27=0xfffffc92
       29455000	      2944	80001e00	35641ab7	lui	x21,0x35641	 x21=0x35641000
       29465000	      2945	80001e04	b4b4b2b7	lui	x5,0xb4b4b	  x5=0xb4b4b000
       29475000	      2946	80001e08	b1e60c93	addi	x25,x12,-1250	 x12:0xe9fb2bcc x25=0xe9fb26ea
       29485000	      2947	80001e0c	00edeab3	or	x21,x27,x14	 x27:0xfffffc92 x14:0xc26d9c4d x21=0xfffffcdf
       29495000	      2948	80001e10	77492d93	slti	x27,x18,1908	 x18:0x80009fc4 x27=0x00000001
       29505000	      2949	80001e14	0099d193	srli	x3,x19,0x9	 x19:0x00000000  x3=0x00000000
       29515000	      2950	80001e18	03a79063	bne	x15,x26,80001e38	 x15:0x00000001 x26:0xfd34a927
       29525000	      2951	00000000	00000013	addi	x0,x0,0	  x0:0x00000000
       29535000	      2952	80001e34	00000013	addi	x0,x0,0	  x0:0x00000000
       29545000	      2953	80001e38	01637663	bgeu	x6,x22,80001e44	  x6:0x00000001 x22:0x00000000
       29555000	      2954	00000000	00000013	addi	x0,x0,0	  x0:0x00000000
       29565000	      2955	80001e40	00000013	addi	x0,x0,0	  x0:0x00000000
       29575000	      2956	80001e44	41e2d513	srai	x10,x5,0x1e	  x5:0xb4b4b000 x10=0xfffffffe
       29585000	      2957	80001e48	0f842a93	slti	x21,x8,248	  x8:0xffffffb0 x21=0x00000001
       29595000	      2958	80001e4c	0196d433	srl	x8,x13,x25	 x13:0x46800000 x25:0xe9fb26ea  x8=0x0011a000
       29605000	      2959	80001e50	5c0fbc93	sltiu	x25,x31,1472	 x31:0xb601611b x25=0x00000000
       29615000	      2960	80001e54	01c33ab3	sltu	x21,x6,x28	  x6:0x00000001 x28:0x00000000 x21=0x00000000
       29625000	      2961	80001e58	00c5e733	or	x14,x11,x12	 x11:0xfffffffb x12:0xe9fb2bcc x14=0xffffffff
       29635000	      2962	80001e5c	00575863	bge	x14,x5,80001e6c	 x14:0xffffffff  x5:0xb4b4b000
       29645000	      2963	00000000	00000013	addi	x0,x0,0	  x0:0x00000000
       29655000	      2964	80001e68	00000013	addi	x0,x0,0	  x0:0x00000000
       29665000	      2965	80001e6c	e980bb13	sltiu	x22,x1,-360	  x1:0xc26d9c4c x22=0x00000001
       29675000	      2966	80001e70	02198c63	beq	x19,x1,80001ea8	 x19:0x00000000  x1:0xc26d9c4c
       29685000	      2967	80001e74	405a5cb3	sra	x25,x20,x5	 x20:0x00000001  x5:0xb4b4b000 x25=0x00000001
       29695000	      2968	80001e78	01a1fb33	and	x22,x3,x26	  x3:0x00000000 x26:0xfd34a927 x22=0x00000000
       29705000	      2969	80001e7c	40f683b3	sub	x7,x13,x15	 x13:0x46800000 x15:0x00000001  x7=0x467fffff
       29715000	      2970	80001e80	26748093	addi	x1,x9,615	  x9:0x00000001  x1=0x00000268
       29725000	      2971	80001e84	005a0263	beq	x20,x5,80001e88	 x20:0x00000001  x5:0xb4b4b000
       29735000	      2972	80001e88	01930eb3	add	x29,x6,x25	  x6:0x00000001 x25:0x00000001 x29=0x00000002
       29745000	      2973	80001e8c	00c6b333	sltu	x6,x13,x12	 x13:0x46800000 x12:0xe9fb2bcc  x6=0x00000001
       29755000	      2974	80001e90	01929a63	bne	x5,x25,80001ea4	  x5:0xb4b4b000 x25:0x00000001
       29765000	      2975	00000000	00000013	addi	x0,x0,0	  x0:0x00000000
       29775000	      2976	80001ea0	00000013	addi	x0,x0,0	  x0:0x00000000
       29785000	      2977	80001ea4	000205b3	add	x11,x4,x0	  x4:0x80009fc4  x0:0x00000000 x11=0x80009fc4
       29795000	      2978	80001ea8	41e65bb3	sra	x23,x12,x30	 x12:0xe9fb2bcc x30:0xfffffffb x23=0xfffffffd
       29805000	      2979	80001eac	01ed49b3	xor	x19,x26,x30	 x26:0xfd34a927 x30:0xfffffffb x19=0x02cb56dc
       29815000	      2980	80001eb0	009703b3	add	x7,x14,x9	 x14:0xffffffff  x9:0x00000001  x7=0x00000000
       29825000	      2981	80001eb4	0efbf293	andi	x5,x23,239	 x23:0xfffffffd  x5=0x000000ed
       29835000	      2982	80001eb8	02675463	bge	x14,x6,80001ee0	 x14:0xffffffff  x6:0x00000001
       29845000	      2983	80001ebc	003c8033	add	x0,x25,x3	 x25:0x00000001  x3:0x00000000
       29855000	      2984	80001ec0	02606263	bltu	x0,x6,80001ee4	  x0:0x00000000  x6:0x00000001
       29865000	      2985	00000000	00000013	addi	x0,x0,0	  x0:0x00000000
       29875000	      2986	80001ee0	00000013	addi	x0,x0,0	  x0:0x00000000
       29885000	      2987	80001ee4	00cc8533	add	x10,x25,x12	 x25:0x00000001 x12:0xe9fb2bcc x10=0xe9fb2bcd
       29895000	      2988	80001ee8	01f6af33	slt	x30,x13,x31	 x13:0x46800000 x31:0xb601611b x30=0x00000000
       29905000	      2989	80001eec	e77e4a13	xori	x20,x28,-393	 x28:0x00000000 x20=0xfffffe77
       29915000	      2990	80001ef0	00e766b3	or	x13,x14,x14	 x14:0xffffffff x14:0xffffffff x13=0xffffffff
       29925000	      2991	80001ef4	40ee2093	slti	x1,x28,1038	 x28:0x00000000  x1=0x00000001
       29935000	      2992	80001ef8	00efc863	blt	x31,x14,80001f08	 x31:0xb601611b x14:0xffffffff
       29945000	      2993	00000000	00000013	addi	x0,x0,0	  x0:0x00000000
       29955000	      2994	80001f04	00000013	addi	x0,x0,0	  x0:0x00000000
       29965000	      2995	80001f08	01089b33	sll	x22,x17,x16	 x17:0x00000bf5 x16:0x00000001 x22=0x000017ea
       29975000	      2996	80001f0c	001dd893	srli	x17,x27,0x1	 x27:0x00000001 x17=0x00000000
       29985000	      2997	80001f10	0139c663	blt	x19,x19,80001f1c	 x19:0x02cb56dc x19:0x02cb56dc
       29995000	      2998	80001f14	009fda33	srl	x20,x31,x9	 x31:0xb601611b  x9:0x00000001 x20=0x5b00b08d
       30005000	      2999	80001f18	01bcda13	srli	x20,x25,0x1b	 x25:0x00000001 x20=0x00000000
       30015000	      3000	80001f1c	c258bc13	sltiu	x24,x17,-987	 x17:0x00000000 x24=0x00000001
       30025000	      3001	80001f20	00007c17	auipc	x24,0x7	 x24=0x80008f1c
       30035000	      3002	80001f24	c9bc0c13	addi	x24,x24,-869	 x24:0x80008f1c x24=0x80008bb7
       30045000	      3003	80001f28	03dc2ca3	sw	x29,57(x24)	 x24:0x80008bb7 x29:0x00000002 PA:0x80008bf0
       30055000	      3004	80001f2c	039c0603	lb	x12,57(x24)	 x24:0x80008bb7 x12=0x00000002 PA:0x80008bf0
       30065000	      3005	80001f30	039c4c83	lbu	x25,57(x24)	 x24:0x80008bb7 x25=0x00000002 PA:0x80008bf0
       30075000	      3006	00000000	00000013	addi	x0,x0,0	  x0:0x00000000
       30085000	      3007	80001f34	039c0483	lb	x9,57(x24)	 x24:0x80008bb7  x9=0x00000002 PA:0x80008bf0
       30095000	      3008	80001f38	039c4503	lbu	x10,57(x24)	 x24:0x80008bb7 x10=0x00000002 PA:0x80008bf0
       30105000	      3009	80001f3c	00380b33	add	x22,x16,x3	 x16:0x00000001  x3:0x00000000 x22=0x00000001
       30115000	      3010	80001f40	039c4503	lbu	x10,57(x24)	 x24:0x80008bb7 x10=0x00000002 PA:0x80008bf0
       30125000	      3011	80001f44	039c5083	lhu	x1,57(x24)	 x24:0x80008bb7  x1=0x00000002 PA:0x80008bf0
       30135000	      3012	80001f48	fcec0123	sb	x14,-62(x24)	 x24:0x80008bb7 x14:0xffffffff PA:0x80008b79
       30145000	      3013	80001f4c	fcdc0123	sb	x13,-62(x24)	 x24:0x80008bb7 x13:0xffffffff PA:0x80008b79
       30155000	      3014	80001f50	fdac0123	sb	x26,-62(x24)	 x24:0x80008bb7 x26:0xfd34a927 PA:0x80008b79
       30165000	      3015	80001f54	4141dbb3	sra	x23,x3,x20	  x3:0x00000000 x20:0x00000000 x23=0x00000000
       30175000	      3016	80001f58	5680b813	sltiu	x16,x1,1384	  x1:0x00000002 x16=0x00000001
       30185000	      3017	80001f5c	0c7dfb13	andi	x22,x27,199	 x27:0x00000001 x22=0x00000001
       30195000	      3018	80001f60	0070d0b3	srl	x1,x1,x7	  x1:0x00000002  x7:0x00000000  x1=0x00000002
       30205000	      3019	80001f64	6b79d3b7	lui	x7,0x6b79d	  x7=0x6b79d000
       30215000	      3020	80001f68	041e6063	bltu	x28,x1,80001fa8	 x28:0x00000000  x1:0x00000002
       30225000	      3021	00000000	00000013	addi	x0,x0,0	  x0:0x00000000
       30235000	      3022	80001fa4	00000013	addi	x0,x0,0	  x0:0x00000000
       30245000	      3023	80001fa8	00c42033	slt	x0,x8,x12	  x8:0x0011a000 x12:0x00000002
       30255000	      3024	80001fac	b5bb2bb7	lui	x23,0xb5bb2	 x23=0xb5bb2000
       30265000	      3025	80001fb0	010396b3	sll	x13,x7,x16	  x7:0x6b79d000 x16:0x00000001 x13=0xd6f3a000
       30275000	      3026	80001fb4	006e8e63	beq	x29,x6,80001fd0	 x29:0x00000002  x6:0x00000001
       30285000	      3027	80001fb8	0433c263	blt	x7,x3,80001ffc	  x7:0x6b79d000  x3:0x00000000
       30295000	      3028	80001fbc	00cc89b3	add	x19,x25,x12	 x25:0x00000002 x12:0x00000002 x19=0x00000004
       30305000	      3029	80001fc0	01e9e5b3	or	x11,x19,x30	 x19:0x00000004 x30:0x00000000 x11=0x00000004
       30315000	      3030	80001fc4	76214093	xori	x1,x2,1890	  x2:0x80009f24  x1=0x80009846
       30325000	      3031	80001fc8	4187d293	srai	x5,x15,0x18	 x15:0x00000001  x5=0x00000000
       30335000	      3032	80001fcc	0143d513	srli	x10,x7,0x14	  x7:0x6b79d000 x10=0x000006b7
       30345000	      3033	80001fd0	04b3d663	bge	x7,x11,8000201c	  x7:0x6b79d000 x11:0x00000004
       30355000	      3034	00000000	00000013	addi	x0,x0,0	  x0:0x00000000
       30365000	      3035	80002018	00000013	addi	x0,x0,0	  x0:0x00000000
       30375000	      3036	8000201c	06b30d93	addi	x27,x6,107	  x6:0x00000001 x27=0x0000006c
       30385000	      3037	80002020	4060d5b3	sra	x11,x1,x6	  x1:0x80009846  x6:0x00000001 x11=0xc0004c23
       30395000	      3038	80002024	01935533	srl	x10,x6,x25	  x6:0x00000001 x25:0x00000002 x10=0x00000000
       30405000	      3039	80002028	da310793	addi	x15,x2,-605	  x2:0x80009f24 x15=0x80009cc7
       30415000	      3040	8000202c	00935f93	srli	x31,x6,0x9	  x6:0x00000001 x31=0x00000000
       30425000	      3041	80002030	018b3cb3	sltu	x25,x22,x24	 x22:0x00000001 x24:0x80008bb7 x25=0x00000001
       30435000	      3042	80002034	018bd893	srli	x17,x23,0x18	 x23:0xb5bb2000 x17=0x000000b5
       30445000	      3043	80002038	00345663	bge	x8,x3,80002044	  x8:0x0011a000  x3:0x00000000
       30455000	      3044	00000000	00000013	addi	x0,x0,0	  x0:0x00000000
       30465000	      3045	80002040	00000013	addi	x0,x0,0	  x0:0x00000000
       30475000	      3046	80002044	03178063	beq	x15,x17,80002064	 x15:0x80009cc7 x17:0x000000b5
       30485000	      3047	80002048	029a4e63	blt	x20,x9,80002084	 x20:0x00000000  x9:0x00000002
       30495000	      3048	00000000	00000013	addi	x0,x0,0	  x0:0x00000000
       30505000	      3049	80002080	00000013	addi	x0,x0,0	  x0:0x00000000
       30515000	      3050	80002084	00a1b833	sltu	x16,x3,x10	  x3:0x00000000 x10:0x00000000 x16=0x00000000
       30525000	      3051	80002088	3b38b613	sltiu	x12,x17,947	 x17:0x000000b5 x12=0x00000001
       30535000	      3052	8000208c	00caeb33	or	x22,x21,x12	 x21:0x00000000 x12:0x00000001 x22=0x00000001
       30545000	      3053	80002090	00eeefb3	or	x31,x29,x14	 x29:0x00000002 x14:0xffffffff x31=0xffffffff
       30555000	      3054	80002094	04b8f663	bgeu	x17,x11,800020e0	 x17:0x000000b5 x11:0xc0004c23
       30565000	      3055	80002098	01f84eb3	xor	x29,x16,x31	 x16:0x00000000 x31:0xffffffff x29=0xffffffff
       30575000	      3056	8000209c	01112833	slt	x16,x2,x17	  x2:0x80009f24 x17:0x000000b5 x16=0x00000001
       30585000	      3057	800020a0	015617b3	sll	x15,x12,x21	 x12:0x00000001 x21:0x00000000 x15=0x00000001
       30595000	      3058	800020a4	03de6c63	bltu	x28,x29,800020dc	 x28:0x00000000 x29:0xffffffff
       30605000	      3059	00000000	00000013	addi	x0,x0,0	  x0:0x00000000
       30615000	      3060	800020d8	00000013	addi	x0,x0,0	  x0:0x00000000
       30625000	      3061	800020dc	01177333	and	x6,x14,x17	 x14:0xffffffff x17:0x000000b5  x6=0x000000b5
       30635000	      3062	800020e0	41d24e13	xori	x28,x4,1053	  x4:0x80009fc4 x28=0x80009bd9
       30645000	      3063	800020e4	941b0893	addi	x17,x22,-1727	 x22:0x00000001 x17=0xfffff942
       30655000	      3064	800020e8	00c0e463	bltu	x1,x12,800020f0	  x1:0x80009846 x12:0x00000001
       30665000	      3065	800020ec	dcd3a393	slti	x7,x7,-563	  x7:0x6b79d000  x7=0x00000000
       30675000	      3066	800020f0	00000013	addi	x0,x0,0	  x0:0x00000000
       30685000	      3067	800020f4	aee24d93	xori	x27,x4,-1298	  x4:0x80009fc4 x27=0x7fff652a
       30695000	      3068	800020f8	40535db3	sra	x27,x6,x5	  x6:0x000000b5  x5:0x00000000 x27=0x000000b5
       30705000	      3069	800020fc	01a97233	and	x4,x18,x26	 x18:0x80009fc4 x26:0xfd34a927  x4=0x80008904
       30715000	      3070	80002100	4cc0b513	sltiu	x10,x1,1228	  x1:0x80009846 x10=0x00000000
       30725000	      3071	80002104	6077e193	ori	x3,x15,1543	 x15:0x00000001  x3=0x00000607
       30735000	      3072	80002108	00412083	lw	x1,4(x2)	  x2:0x80009f24  x1=0x80000d58 PA:0x80009f28
       30745000	      3073	8000210c	01c56733	or	x14,x10,x28	 x10:0x00000000 x28:0x80009bd9 x14=0x80009bd9
       30755000	      3074	80002110	0166ccb3	xor	x25,x13,x22	 x13:0xd6f3a000 x22:0x00000001 x25=0xd6f3a001
       30765000	      3075	80002114	42ddfc13	andi	x24,x27,1069	 x27:0x000000b5 x24=0x00000025
       30775000	      3076	80002118	04010113	addi	x2,x2,64	  x2:0x80009f24  x2=0x80009f64
       30785000	      3077	8000211c	40ddd333	sra	x6,x27,x13	 x27:0x000000b5 x13:0xd6f3a000  x6=0x000000b5
       30795000	      3078	80002120	0096a833	slt	x16,x13,x9	 x13:0xd6f3a000  x9:0x00000002 x16=0x00000001
       30805000	      3079	80002124	00008c13	addi	x24,x1,0	  x1:0x80000d58 x24=0x80000d58
       30815000	      3080	80002128	000c0c67	jalr	x24,x24,0	 x24:0x80000d58 x24=0x80002128
       30825000	      3081	00000000	00000013	addi	x0,x0,0	  x0:0x00000000
       30835000	      3082	80000d58	00000013	addi	x0,x0,0	  x0:0x00000000
       30845000	      3083	80000d5c	214411b7	lui	x3,0x21441	  x3=0x21441000
       30855000	      3084	80000d60	00c89a63	bne	x17,x12,80000d74	 x17:0xfffff942 x12:0x00000001
       30865000	      3085	00000000	00000013	addi	x0,x0,0	  x0:0x00000000
       30875000	      3086	80000d70	00000013	addi	x0,x0,0	  x0:0x00000000
       30885000	      3087	80000d74	000c9293	slli	x5,x25,0x0	 x25:0xd6f3a001  x5=0xd6f3a001
       30895000	      3088	80000d78	9637e793	ori	x15,x15,-1693	 x15:0x00000001 x15=0xfffff963
       30905000	      3089	80000d7c	01222713	slti	x14,x4,18	  x4:0x80008904 x14=0x00000001
       30915000	      3090	80000d80	403d5193	srai	x3,x26,0x3	 x26:0xfd34a927  x3=0xffa69524
       30925000	      3091	80000d84	495d0493	addi	x9,x26,1173	 x26:0xfd34a927  x9=0xfd34adbc
       30935000	      3092	80000d88	75083a17	auipc	x20,0x75083	 x20=0xf5083d84
       30945000	      3093	80000d8c	01055db3	srl	x27,x10,x16	 x10:0x00000000 x16:0x00000001 x27=0x00000000
       30955000	      3094	80000d90	b7f30c13	addi	x24,x6,-1153	  x6:0x000000b5 x24=0xfffffc34
       30965000	      3095	80000d94	09d80263	beq	x16,x29,80000e18	 x16:0x00000001 x29:0xffffffff
       30975000	      3096	80000d98	00000013	addi	x0,x0,0	  x0:0x00000000
       30985000	      3097	80000d9c	1c8f3793	sltiu	x15,x30,456	 x30:0x00000000 x15=0x00000001
       30995000	      3098	80000da0	01cd6533	or	x10,x26,x28	 x26:0xfd34a927 x28:0x80009bd9 x10=0xfd34bbff
       31005000	      3099	80000da4	00000013	addi	x0,x0,0	  x0:0x00000000
       31015000	      3100	80000da8	0130d493	srli	x9,x1,0x13	  x1:0x80000d58  x9=0x00001000
       31025000	      3101	80000dac	0130f633	and	x12,x1,x19	  x1:0x80000d58 x19:0x00000004 x12=0x00000000
       31035000	      3102	80000db0	000af033	and	x0,x21,x0	 x21:0x00000000  x0:0x00000000
       31045000	      3103	80000db4	4001dc93	srai	x25,x3,0x0	  x3:0xffa69524 x25=0xffa69524
       31055000	      3104	80000db8	013ab6b3	sltu	x13,x21,x19	 x21:0x00000000 x19:0x00000004 x13=0x00000001
       31065000	      3105	80000dbc	00d14ab3	xor	x21,x2,x13	  x2:0x80009f64 x13:0x00000001 x21=0x80009f65
       31075000	      3106	80000dc0	41e08e33	sub	x28,x1,x30	  x1:0x80000d58 x30:0x00000000 x28=0x80000d58
       31085000	      3107	80000dc4	00707c33	and	x24,x0,x7	  x0:0x00000000  x7:0x00000000 x24=0x00000000
       31095000	      3108	80000dc8	f69db613	sltiu	x12,x27,-151	 x27:0x00000000 x12=0x00000001
       31105000	      3109	80000dcc	406e02b3	sub	x5,x28,x6	 x28:0x80000d58  x6:0x000000b5  x5=0x80000ca3
       31115000	      3110	80000dd0	5c32a613	slti	x12,x5,1475	  x5:0x80000ca3 x12=0x00000001
       31125000	      3111	80000dd4	0001ec33	or	x24,x3,x0	  x3:0xffa69524  x0:0x00000000 x24=0xffa69524
       31135000	      3112	80000dd8	01059233	sll	x4,x11,x16	 x11:0xc0004c23 x16:0x00000001  x4=0x80009846
       31145000	      3113	80000ddc	54942193	slti	x3,x8,1353	  x8:0x0011a000  x3=0x00000000
       31155000	      3114	80000de0	00008a97	auipc	x21,0x8	 x21=0x80008ddc
       31165000	      3115	80000de4	f76a8a93	addi	x21,x21,-138	 x21:0x80008ddc x21=0x80008d52
       31175000	      3116	80000de8	01ca8b03	lb	x22,28(x21)	 x21:0x80008d52 x22=0x00000000 PA:0x80008d6e
       31185000	      3117	80000dec	01ca8303	lb	x6,28(x21)	 x21:0x80008d52  x6=0x00000000 PA:0x80008d6e
       31195000	      3118	80000df0	01da8e23	sb	x29,28(x21)	 x21:0x80008d52 x29:0xffffffff PA:0x80008d6e
       31205000	      3119	80000df4	009573b3	and	x7,x10,x9	 x10:0xfd34bbff  x9:0x00001000  x7=0x00001000
       31215000	      3120	80000df8	01dacc83	lbu	x25,29(x21)	 x21:0x80008d52 x25=0x00000054 PA:0x80008d6f
       31225000	      3121	80000dfc	01dac983	lbu	x19,29(x21)	 x21:0x80008d52 x19=0x00000054 PA:0x80008d6f
       31235000	      3122	80000e00	ff9a82a3	sb	x25,-27(x21)	 x21:0x80008d52 x25:0x00000054 PA:0x80008d37
       31245000	      3123	80000e04	fe5ac803	lbu	x16,-27(x21)	 x21:0x80008d52 x16=0x00000054 PA:0x80008d37
       31255000	      3124	80000e08	ff9a82a3	sb	x25,-27(x21)	 x21:0x80008d52 x25:0x00000054 PA:0x80008d37
       31265000	      3125	80000e0c	fe5ac603	lbu	x12,-27(x21)	 x21:0x80008d52 x12=0x00000054 PA:0x80008d37
       31275000	      3126	80000e10	ffca82a3	sb	x28,-27(x21)	 x21:0x80008d52 x28:0x80000d58 PA:0x80008d37
       31285000	      3127	80000e14	fe5ac783	lbu	x15,-27(x21)	 x21:0x80008d52 x15=0x00000058 PA:0x80008d37
       31295000	      3128	80000e18	408b8233	sub	x4,x23,x8	 x23:0xb5bb2000  x8:0x0011a000  x4=0xb5a98000
       31305000	      3129	80000e1c	2b668013	addi	x0,x13,694	 x13:0x00000001
       31315000	      3130	80000e20	01408a63	beq	x1,x20,80000e34	  x1:0x80000d58 x20:0xf5083d84
       31325000	      3131	80000e24	6b40a013	slti	x0,x1,1716	  x1:0x80000d58
       31335000	      3132	80000e28	00da6733	or	x14,x20,x13	 x20:0xf5083d84 x13:0x00000001 x14=0xf5083d85
       31345000	      3133	80000e2c	048b4063	blt	x22,x8,80000e6c	 x22:0x00000000  x8:0x0011a000
       31355000	      3134	00000000	00000013	addi	x0,x0,0	  x0:0x00000000
       31365000	      3135	80000e68	00000013	addi	x0,x0,0	  x0:0x00000000
       31375000	      3136	80000e6c	41665b33	sra	x22,x12,x22	 x12:0x00000054 x22:0x00000000 x22=0x00000054
       31385000	      3137	80000e70	00b67263	bgeu	x12,x11,80000e74	 x12:0x00000054 x11:0xc0004c23
       31395000	      3138	80000e74	8e0e0013	addi	x0,x28,-1824	 x28:0x80000d58
       31405000	      3139	80000e78	4753a393	slti	x7,x7,1141	  x7:0x00001000  x7=0x00000000
       31415000	      3140	80000e7c	006a4cb3	xor	x25,x20,x6	 x20:0xf5083d84  x6:0x00000000 x25=0xf5083d84
       31425000	      3141	80000e80	01719093	slli	x1,x3,0x17	  x3:0x00000000  x1=0x00000000
       31435000	      3142	80000e84	00051393	slli	x7,x10,0x0	 x10:0xfd34bbff  x7=0xfd34bbff
       31445000	      3143	80000e88	404b87b3	sub	x15,x23,x4	 x23:0xb5bb2000  x4:0xb5a98000 x15=0x0011a000
       31455000	      3144	80000e8c	02690063	beq	x18,x6,80000eac	 x18:0x80009fc4  x6:0x00000000
       31465000	      3145	80000e90	26107737	lui	x14,0x26107	 x14=0x26107000
       31475000	      3146	80000e94	02dad063	bge	x21,x13,80000eb4	 x21:0x80008d52 x13:0x00000001
       31485000	      3147	80000e98	01476863	bltu	x14,x20,80000ea8	 x14:0x26107000 x20:0xf5083d84
       31495000	      3148	00000000	00000013	addi	x0,x0,0	  x0:0x00000000
       31505000	      3149	80000ea4	00000013	addi	x0,x0,0	  x0:0x00000000
       31515000	      3150	80000ea8	f2a0a293	slti	x5,x1,-214	  x1:0x00000000  x5=0x00000000
       31525000	      3151	80000eac	048a3d93	sltiu	x27,x20,72	 x20:0xf5083d84 x27=0x00000000
       31535000	      3152	80000eb0	41dfd4b3	sra	x9,x31,x29	 x31:0xffffffff x29:0xffffffff  x9=0xffffffff
       31545000	      3153	80000eb4	017089b3	add	x19,x1,x23	  x1:0x00000000 x23:0xb5bb2000 x19=0xb5bb2000
       31555000	      3154	80000eb8	9420adb7	lui	x27,0x9420a	 x27=0x9420a000
       31565000	      3155	80000ebc	01a1c0b3	xor	x1,x3,x26	  x3:0x00000000 x26:0xfd34a927  x1=0xfd34a927
       31575000	      3156	80000ec0	0a9ba413	slti	x8,x23,169	 x23:0xb5bb2000  x8=0x00000001
       31585000	      3157	80000ec4	63a53f13	sltiu	x30,x10,1594	 x10:0xfd34bbff x30=0x00000000
       31595000	      3158	80000ec8	8ce66213	ori	x4,x12,-1842	 x12:0x00000054  x4=0xfffff8de
       31605000	      3159	80000ecc	40c2d293	srai	x5,x5,0xc	  x5:0x00000000  x5=0x00000000
       31615000	      3160	80000ed0	00947c33	and	x24,x8,x9	  x8:0x00000001  x9:0xffffffff x24=0x00000001
       31625000	      3161	80000ed4	02367663	bgeu	x12,x3,80000f00	 x12:0x00000054  x3:0x00000000
       31635000	      3162	00000000	00000013	addi	x0,x0,0	  x0:0x00000000
       31645000	      3163	80000efc	00000013	addi	x0,x0,0	  x0:0x00000000
       31655000	      3164	80000f00	68852593	slti	x11,x10,1672	 x10:0xfd34bbff x11=0x00000001
       31665000	      3165	80000f04	01bdd663	bge	x27,x27,80000f10	 x27:0x9420a000 x27:0x9420a000
       31675000	      3166	00000000	00000013	addi	x0,x0,0	  x0:0x00000000
       31685000	      3167	80000f0c	00000013	addi	x0,x0,0	  x0:0x00000000
       31695000	      3168	80000f10	4154d793	srai	x15,x9,0x15	  x9:0xffffffff x15=0xffffffff
       31705000	      3169	80000f14	41dbd033	sra	x0,x23,x29	 x23:0xb5bb2000 x29:0xffffffff
       31715000	      3170	80000f18	05425463	bge	x4,x20,80000f60	  x4:0xfffff8de x20:0xf5083d84
       31725000	      3171	00000000	00000013	addi	x0,x0,0	  x0:0x00000000
       31735000	      3172	80000f5c	00000013	addi	x0,x0,0	  x0:0x00000000
       31745000	      3173	80000f60	00ad2733	slt	x14,x26,x10	 x26:0xfd34a927 x10:0xfd34bbff x14=0x00000001
       31755000	      3174	80000f64	422e7813	andi	x16,x28,1058	 x28:0x80000d58 x16=0x00000400
       31765000	      3175	80000f68	845b7b93	andi	x23,x22,-1979	 x22:0x00000054 x23=0x00000044
       31775000	      3176	80000f6c	e076bc17	auipc	x24,0xe076b	 x24=0x6076bf68
       31785000	      3177	80000f70	009bee63	bltu	x23,x9,80000f8c	 x23:0x00000044  x9:0xffffffff
       31795000	      3178	00000000	00000013	addi	x0,x0,0	  x0:0x00000000
       31805000	      3179	80000f88	00000013	addi	x0,x0,0	  x0:0x00000000
       31815000	      3180	80000f8c	0195cb33	xor	x22,x11,x25	 x11:0x00000001 x25:0xf5083d84 x22=0xf5083d85
       31825000	      3181	80000f90	057d7863	bgeu	x26,x23,80000fe0	 x26:0xfd34a927 x23:0x00000044
       31835000	      3182	00000000	00000013	addi	x0,x0,0	  x0:0x00000000
       31845000	      3183	80000fdc	00000013	addi	x0,x0,0	  x0:0x00000000
       31855000	      3184	80000fe0	00434233	xor	x4,x6,x4	  x6:0x00000000  x4:0xfffff8de  x4=0xfffff8de
       31865000	      3185	80000fe4	403f58b3	sra	x17,x30,x3	 x30:0x00000000  x3:0x00000000 x17=0x00000000
       31875000	      3186	80000fe8	04250263	beq	x10,x2,8000102c	 x10:0xfd34bbff  x2:0x80009f64
       31885000	      3187	80000fec	05659863	bne	x11,x22,8000103c	 x11:0x00000001 x22:0xf5083d85
       31895000	      3188	00000000	00000013	addi	x0,x0,0	  x0:0x00000000
       31905000	      3189	80001038	00000013	addi	x0,x0,0	  x0:0x00000000
       31915000	      3190	8000103c	e939f413	andi	x8,x19,-365	 x19:0xb5bb2000  x8=0xb5bb2000
       31925000	      3191	80001040	0119ef33	or	x30,x19,x17	 x19:0xb5bb2000 x17:0x00000000 x30=0xb5bb2000
       31935000	      3192	80001044	028f1063	bne	x30,x8,80001064	 x30:0xb5bb2000  x8:0xb5bb2000
       31945000	      3193	80001048	05104863	blt	x0,x17,80001098	  x0:0x00000000 x17:0x00000000
       31955000	      3194	8000104c	75a77193	andi	x3,x14,1882	 x14:0x00000001  x3=0x00000000
       31965000	      3195	80001050	022e8a63	beq	x29,x2,80001084	 x29:0xffffffff  x2:0x80009f64
       31975000	      3196	80001054	00f8a533	slt	x10,x17,x15	 x17:0x00000000 x15:0xffffffff x10=0x00000000
       31985000	      3197	80001058	702c8413	addi	x8,x25,1794	 x25:0xf5083d84  x8=0xf5084486
       31995000	      3198	8000105c	024f4663	blt	x30,x4,80001088	 x30:0xb5bb2000  x4:0xfffff8de
       32005000	      3199	00000000	00000013	addi	x0,x0,0	  x0:0x00000000
       32015000	      3200	80001084	00000013	addi	x0,x0,0	  x0:0x00000000
       32025000	      3201	80001088	403e5d93	srai	x27,x28,0x3	 x28:0x80000d58 x27=0xf00001ab
       32035000	      3202	8000108c	278d14b7	lui	x9,0x278d1	  x9=0x278d1000
       32045000	      3203	80001090	402e5693	srai	x13,x28,0x2	 x28:0x80000d58 x13=0xe0000356
       32055000	      3204	80001094	4047d513	srai	x10,x15,0x4	 x15:0xffffffff x10=0xffffffff
       32065000	      3205	80001098	0100f663	bgeu	x1,x16,800010a4	  x1:0xfd34a927 x16:0x00000400
       32075000	      3206	00000000	00000013	addi	x0,x0,0	  x0:0x00000000
       32085000	      3207	800010a0	00000013	addi	x0,x0,0	  x0:0x00000000
       32095000	      3208	800010a4	0139fa63	bgeu	x19,x19,800010b8	 x19:0xb5bb2000 x19:0xb5bb2000
       32105000	      3209	00000000	00000013	addi	x0,x0,0	  x0:0x00000000
       32115000	      3210	800010b4	00000013	addi	x0,x0,0	  x0:0x00000000
       32125000	      3211	800010b8	02078a13	addi	x20,x15,32	 x15:0xffffffff x20=0x0000001f
       32135000	      3212	800010bc	01b5d833	srl	x16,x11,x27	 x11:0x00000001 x27:0xf00001ab x16=0x00000000
       32145000	      3213	800010c0	0d514313	xori	x6,x2,213	  x2:0x80009f64  x6=0x80009fb1
       32155000	      3214	800010c4	40d88f33	sub	x30,x17,x13	 x17:0x00000000 x13:0xe0000356 x30=0x1ffffcaa
       32165000	      3215	800010c8	015b8eb3	add	x29,x23,x21	 x23:0x00000044 x21:0x80008d52 x29=0x80008d96
       32175000	      3216	800010cc	0169a833	slt	x16,x19,x22	 x19:0xb5bb2000 x22:0xf5083d85 x16=0x00000001
       32185000	      3217	800010d0	9f220f13	addi	x30,x4,-1550	  x4:0xfffff8de x30=0xfffff2d0
       32195000	      3218	800010d4	00f59b93	slli	x23,x11,0xf	 x11:0x00000001 x23=0x00008000
       32205000	      3219	800010d8	00676463	bltu	x14,x6,800010e0	 x14:0x00000001  x6:0x80009fb1
       32215000	      3220	00000000	00000013	addi	x0,x0,0	  x0:0x00000000
       32225000	      3221	800010dc	00000013	addi	x0,x0,0	  x0:0x00000000
       32235000	      3222	800010e0	00000013	addi	x0,x0,0	  x0:0x00000000
       32245000	      3223	800010e4	01a97263	bgeu	x18,x26,800010e8	 x18:0x80009fc4 x26:0xfd34a927
       32255000	      3224	800010e8	7aaf0613	addi	x12,x30,1962	 x30:0xfffff2d0 x12=0xfffffa7a
       32265000	      3225	800010ec	01ac9bb3	sll	x23,x25,x26	 x25:0xf5083d84 x26:0xfd34a927 x23=0x841ec200
       32275000	      3226	800010f0	40915db3	sra	x27,x2,x9	  x2:0x80009f64  x9:0x278d1000 x27=0x80009f64
       32285000	      3227	800010f4	011fabb3	slt	x23,x31,x17	 x31:0xffffffff x17:0x00000000 x23=0x00000001
       32295000	      3228	800010f8	01a70663	beq	x14,x26,80001104	 x14:0x00000001 x26:0xfd34a927
       32305000	      3229	800010fc	05098463	beq	x19,x16,80001144	 x19:0xb5bb2000 x16:0x00000001
       32315000	      3230	80001100	014bd413	srli	x8,x23,0x14	 x23:0x00000001  x8=0x00000000
       32325000	      3231	80001104	63628093	addi	x1,x5,1590	  x5:0x00000000  x1=0x00000636
       32335000	      3232	80001108	f732ca13	xori	x20,x5,-141	  x5:0x00000000 x20=0xffffff73
       32345000	      3233	8000110c	3cd58b13	addi	x22,x11,973	 x11:0x00000001 x22=0x000003ce
       32355000	      3234	80001110	012f1a33	sll	x20,x30,x18	 x30:0xfffff2d0 x18:0x80009fc4 x20=0xffff2d00
       32365000	      3235	80001114	00000013	addi	x0,x0,0	  x0:0x00000000
       32375000	      3236	80001118	00be5c63	bge	x28,x11,80001130	 x28:0x80000d58 x11:0x00000001
       32385000	      3237	8000111c	0040b733	sltu	x14,x1,x4	  x1:0x00000636  x4:0xfffff8de x14=0x00000001
       32395000	      3238	80001120	01691fb3	sll	x31,x18,x22	 x18:0x80009fc4 x22:0x000003ce x31=0x27f10000
       32405000	      3239	80001124	04a65463	bge	x12,x10,8000116c	 x12:0xfffffa7a x10:0xffffffff
       32415000	      3240	80001128	41208a33	sub	x20,x1,x18	  x1:0x00000636 x18:0x80009fc4 x20=0x7fff6672
       32425000	      3241	8000112c	0051adb3	slt	x27,x3,x5	  x3:0x00000000  x5:0x00000000 x27=0x00000000
       32435000	      3242	80001130	5392a8b7	lui	x17,0x5392a	 x17=0x5392a000
       32445000	      3243	80001134	01dd4863	blt	x26,x29,80001144	 x26:0xfd34a927 x29:0x80008d96
       32455000	      3244	80001138	41e45393	srai	x7,x8,0x1e	  x8:0x00000000  x7=0x00000000
       32465000	      3245	8000113c	01f18233	add	x4,x3,x31	  x3:0x00000000 x31:0x27f10000  x4=0x27f10000
       32475000	      3246	80001140	0135d863	bge	x11,x19,80001150	 x11:0x00000001 x19:0xb5bb2000
       32485000	      3247	00000000	00000013	addi	x0,x0,0	  x0:0x00000000
       32495000	      3248	8000114c	00000013	addi	x0,x0,0	  x0:0x00000000
       32505000	      3249	80001150	07f28c93	addi	x25,x5,127	  x5:0x00000000 x25=0x0000007f
       32515000	      3250	80001154	01b94333	xor	x6,x18,x27	 x18:0x80009fc4 x27:0x00000000  x6=0x80009fc4
       32525000	      3251	80001158	227f0837	lui	x16,0x227f0	 x16=0x227f0000
       32535000	      3252	8000115c	00000013	addi	x0,x0,0	  x0:0x00000000
       32545000	      3253	80001160	01886db3	or	x27,x16,x24	 x16:0x227f0000 x24:0x6076bf68 x27=0x627fbf68
       32555000	      3254	80001164	00b4dfb3	srl	x31,x9,x11	  x9:0x278d1000 x11:0x00000001 x31=0x13c68800
       32565000	      3255	80001168	00ee4eb3	xor	x29,x28,x14	 x28:0x80000d58 x14:0x00000001 x29=0x80000d59
       32575000	      3256	8000116c	c9f96a97	auipc	x21,0xc9f96	 x21=0x49f97168
       32585000	      3257	80001170	00000013	addi	x0,x0,0	  x0:0x00000000
       32595000	      3258	80001174	00bc36b3	sltu	x13,x24,x11	 x24:0x6076bf68 x11:0x00000001 x13=0x00000000
       32605000	      3259	80001178	00fedb93	srli	x23,x29,0xf	 x29:0x80000d59 x23=0x00010000
       32615000	      3260	8000117c	005e2db3	slt	x27,x28,x5	 x28:0x80000d58  x5:0x00000000 x27=0x00000001
       32625000	      3261	80001180	01f7fc63	bgeu	x15,x31,80001198	 x15:0xffffffff x31:0x13c68800
       32635000	      3262	00000000	00000013	addi	x0,x0,0	  x0:0x00000000
       32645000	      3263	80001194	00000013	addi	x0,x0,0	  x0:0x00000000
       32655000	      3264	80001198	013af333	and	x6,x21,x19	 x21:0x49f97168 x19:0xb5bb2000  x6=0x01b92000
       32665000	      3265	8000119c	b2f06a13	ori	x20,x0,-1233	  x0:0x00000000 x20=0xfffffb2f
       32675000	      3266	800011a0	00a758b3	srl	x17,x14,x10	 x14:0x00000001 x10:0xffffffff x17=0x00000000
       32685000	      3267	800011a4	00000013	addi	x0,x0,0	  x0:0x00000000
       32695000	      3268	800011a8	00bebab3	sltu	x21,x29,x11	 x29:0x80000d59 x11:0x00000001 x21=0x00000000
       32705000	      3269	800011ac	13c5f093	andi	x1,x11,316	 x11:0x00000001  x1=0x00000000
       32715000	      3270	800011b0	0039df33	srl	x30,x19,x3	 x19:0xb5bb2000  x3:0x00000000 x30=0xb5bb2000
       32725000	      3271	800011b4	009f4e63	blt	x30,x9,800011d0	 x30:0xb5bb2000  x9:0x278d1000
       32735000	      3272	00000000	00000013	addi	x0,x0,0	  x0:0x00000000
       32745000	      3273	800011cc	00000013	addi	x0,x0,0	  x0:0x00000000
       32755000	      3274	800011d0	04ed4d93	xori	x27,x26,78	 x26:0xfd34a927 x27=0xfd34a969
       32765000	      3275	800011d4	41bd82b3	sub	x5,x27,x27	 x27:0xfd34a969 x27:0xfd34a969  x5=0x00000000
       32775000	      3276	800011d8	03d04f13	xori	x30,x0,61	  x0:0x00000000 x30=0x0000003d
       32785000	      3277	800011dc	00c9fbb3	and	x23,x19,x12	 x19:0xb5bb2000 x12:0xfffffa7a x23=0xb5bb2000
       32795000	      3278	800011e0	0053e4b3	or	x9,x7,x5	  x7:0x00000000  x5:0x00000000  x9=0x00000000
       32805000	      3279	800011e4	3febe593	ori	x11,x23,1022	 x23:0xb5bb2000 x11=0xb5bb23fe
       32815000	      3280	800011e8	00000013	addi	x0,x0,0	  x0:0x00000000
       32825000	      3281	800011ec	01762f33	slt	x30,x12,x23	 x12:0xfffffa7a x23:0xb5bb2000 x30=0x00000000
       32835000	      3282	800011f0	40d506b3	sub	x13,x10,x13	 x10:0xffffffff x13:0x00000000 x13=0xffffffff
       32845000	      3283	800011f4	f05cd9b7	lui	x19,0xf05cd	 x19=0xf05cd000
       32855000	      3284	800011f8	03b80263	beq	x16,x27,8000121c	 x16:0x227f0000 x27:0xfd34a969
       32865000	      3285	800011fc	00dc6263	bltu	x24,x13,80001200	 x24:0x6076bf68 x13:0xffffffff
       32875000	      3286	00000000	00000013	addi	x0,x0,0	  x0:0x00000000
       32885000	      3287	800011fc	00000013	addi	x0,x0,0	  x0:0x00000000
       32895000	      3288	80001200	008769b3	or	x19,x14,x8	 x14:0x00000001  x8:0x00000000 x19=0x00000001
       32905000	      3289	80001204	03e87a63	bgeu	x16,x30,80001238	 x16:0x227f0000 x30:0x00000000
       32915000	      3290	00000000	00000013	addi	x0,x0,0	  x0:0x00000000
       32925000	      3291	80001234	00000013	addi	x0,x0,0	  x0:0x00000000
       32935000	      3292	80001238	6485dbb7	lui	x23,0x6485d	 x23=0x6485d000
       32945000	      3293	8000123c	407d06b3	sub	x13,x26,x7	 x26:0xfd34a927  x7:0x00000000 x13=0xfd34a927
       32955000	      3294	80001240	056f7063	bgeu	x30,x22,80001280	 x30:0x00000000 x22:0x000003ce
       32965000	      3295	80001244	a16157b7	lui	x15,0xa1615	 x15=0xa1615000
       32975000	      3296	80001248	012f4463	blt	x30,x18,80001250	 x30:0x00000000 x18:0x80009fc4
       32985000	      3297	8000124c	40ce5833	sra	x16,x28,x12	 x28:0x80000d58 x12:0xfffffa7a x16=0xffffffe0
       32995000	      3298	80001250	054c4063	blt	x24,x20,80001290	 x24:0x6076bf68 x20:0xfffffb2f
       33005000	      3299	80001254	00000013	addi	x0,x0,0	  x0:0x00000000
       33015000	      3300	80001258	cccfd817	auipc	x16,0xcccfd	 x16=0x4ccfe254
       33025000	      3301	8000125c	64f4fa13	andi	x20,x9,1615	  x9:0x00000000 x20=0x00000000
       33035000	      3302	80001260	04857463	bgeu	x10,x8,800012a8	 x10:0xffffffff  x8:0x00000000
       33045000	      3303	00000000	00000013	addi	x0,x0,0	  x0:0x00000000
       33055000	      3304	800012a4	00000013	addi	x0,x0,0	  x0:0x00000000
       33065000	      3305	800012a8	032e4e63	blt	x28,x18,800012e4	 x28:0x80000d58 x18:0x80009fc4
       33075000	      3306	00000000	00000013	addi	x0,x0,0	  x0:0x00000000
       33085000	      3307	800012e0	00000013	addi	x0,x0,0	  x0:0x00000000
       33095000	      3308	800012e4	49456d93	ori	x27,x10,1172	 x10:0xffffffff x27=0xffffffff
       33105000	      3309	800012e8	1de77b17	auipc	x22,0x1de77	 x22=0x9de782e4
       33115000	      3310	800012ec	00b2a633	slt	x12,x5,x11	  x5:0x00000000 x11:0xb5bb23fe x12=0x00000000
       33125000	      3311	800012f0	01149b93	slli	x23,x9,0x11	  x9:0x00000000 x23=0x00000000
       33135000	      3312	800012f4	00000013	addi	x0,x0,0	  x0:0x00000000
       33145000	      3313	800012f8	40b45313	srai	x6,x8,0xb	  x8:0x00000000  x6=0x00000000
       33155000	      3314	800012fc	e5a70a13	addi	x20,x14,-422	 x14:0x00000001 x20=0xfffffe5b
       33165000	      3315	80001300	0021e633	or	x12,x3,x2	  x3:0x00000000  x2:0x80009f64 x12=0x80009f64
       33175000	      3316	80001304	00a8dab3	srl	x21,x17,x10	 x17:0x00000000 x10:0xffffffff x21=0x00000000
       33185000	      3317	80001308	056ef663	bgeu	x29,x22,80001354	 x29:0x80000d59 x22:0x9de782e4
       33195000	      3318	8000130c	00fda333	slt	x6,x27,x15	 x27:0xffffffff x15:0xa1615000  x6=0x00000000
       33205000	      3319	80001310	01fa9863	bne	x21,x31,80001320	 x21:0x00000000 x31:0x13c68800
       33215000	      3320	00000000	00000013	addi	x0,x0,0	  x0:0x00000000
       33225000	      3321	8000131c	00000013	addi	x0,x0,0	  x0:0x00000000
       33235000	      3322	80001320	fee5ad93	slti	x27,x11,-18	 x11:0xb5bb23fe x27=0x00000001
       33245000	      3323	80001324	2280acb7	lui	x25,0x2280a	 x25=0x2280a000
       33255000	      3324	80001328	00603bb3	sltu	x23,x0,x6	  x0:0x00000000  x6:0x00000000 x23=0x00000000
       33265000	      3325	8000132c	913cec97	auipc	x25,0x913ce	 x25=0x113cf328
       33275000	      3326	80001330	04637263	bgeu	x6,x6,80001374	  x6:0x00000000  x6:0x00000000
       33285000	      3327	00000000	00000013	addi	x0,x0,0	  x0:0x00000000
       33295000	      3328	80001370	00000013	addi	x0,x0,0	  x0:0x00000000
       33305000	      3329	80001374	968ae313	ori	x6,x21,-1688	 x21:0x00000000  x6=0xfffff968
       33315000	      3330	80001378	00412083	lw	x1,4(x2)	  x2:0x80009f64  x1=0x80000390 PA:0x80009f68
       33325000	      3331	8000137c	414e0bb3	sub	x23,x28,x20	 x28:0x80000d58 x20:0xfffffe5b x23=0x80000efd
       33335000	      3332	80001380	0077cab3	xor	x21,x15,x7	 x15:0xa1615000  x7:0x00000000 x21=0xa1615000
       33345000	      3333	80001384	02010113	addi	x2,x2,32	  x2:0x80009f64  x2=0x80009f84
       33355000	      3334	80001388	845a0f13	addi	x30,x20,-1979	 x20:0xfffffe5b x30=0xfffff6a0
       33365000	      3335	8000138c	007c3433	sltu	x8,x24,x7	 x24:0x6076bf68  x7:0x00000000  x8=0x00000000
       33375000	      3336	80001390	01d99493	slli	x9,x19,0x1d	 x19:0x00000001  x9=0x20000000
       33385000	      3337	80001394	00e18a33	add	x20,x3,x14	  x3:0x00000000 x14:0x00000001 x20=0x00000001
       33395000	      3338	80001398	c6c70193	addi	x3,x14,-916	 x14:0x00000001  x3=0xfffffc6d
       33405000	      3339	8000139c	1a5acb13	xori	x22,x21,421	 x21:0xa1615000 x22=0xa16151a5
       33415000	      3340	800013a0	00108c93	addi	x25,x1,1	  x1:0x80000390 x25=0x80000391
       33425000	      3341	800013a4	000c8ce7	jalr	x25,x25,0	 x25:0x80000391 x25=0x800013a4
       33435000	      3342	00000000	00000013	addi	x0,x0,0	  x0:0x00000000
       33445000	      3343	80000390	00000013	addi	x0,x0,0	  x0:0x00000000
       33455000	      3344	80000394	00327663	bgeu	x4,x3,800003a0	  x4:0x27f10000  x3:0xfffffc6d
       33465000	      3345	80000398	c6abb013	sltiu	x0,x23,-918	 x23:0x80000efd
       33475000	      3346	8000039c	00000013	addi	x0,x0,0	  x0:0x00000000
       33485000	      3347	800003a0	000275b3	and	x11,x4,x0	  x4:0x27f10000  x0:0x00000000 x11=0x00000000
       33495000	      3348	800003a4	00000d17	auipc	x26,0x0	 x26=0x800003a0
       33505000	      3349	800003a8	00cd0d13	addi	x26,x26,12	 x26:0x800003a0 x26=0x800003ac
       33515000	      3350	800003ac	000d0067	jalr	x0,x26,0	 x26:0x800003ac
       33525000	      3351	00000000	00000013	addi	x0,x0,0	  x0:0x00000000
       33535000	      3352	800003ac	00000013	addi	x0,x0,0	  x0:0x00000000
       33545000	      3353	800003b0	00100193	addi	x3,x0,1	  x0:0x00000000  x3=0x00000001
       33555000	      3354	800003b4	00000073	ecall	
       33565000	      3355	800003b8	415e0c33	sub	x24,x28,x21	 x28:0x80000d58 x21:0xa1615000 x24=0xde9ebd58
