		Time			Cycle	PC		Insn	Decoded instruction	Register and memory contents
          65000	         5	80000004	00000293	addi	x5,x0,0	  x0:0x00000000  x5=0x00000000
          75000	         6	80000008	00000313	addi	x6,x0,0	  x0:0x00000000  x6=0x00000000
          85000	         7	8000000c	00628263	beq	x5,x6,80000010	  x5:0x00000000  x6:0x00000000
          95000	         8	00000000	00000013	addi	x0,x0,0	  x0:0x00000000
         105000	         9	8000000c	00000013	addi	x0,x0,0	  x0:0x00000000
         115000	        10	80000010	00000217	auipc	x4,0x0	  x4=0x8000000c
         125000	        11	80000014	00c20213	addi	x4,x4,12	  x4:0x8000000c  x4=0x80000018
         135000	        12	80000018	00020067	jalr	x0,x4,0	  x4:0x80000018
         145000	        13	00000000	00000013	addi	x0,x0,0	  x0:0x00000000
         155000	        14	80000018	00000013	addi	x0,x0,0	  x0:0x00000000
         165000	        15	8000001c	40000eb7	lui	x29,0x40000	 x29=0x40000000
         175000	        16	80000020	100e8e93	addi	x29,x29,256	 x29:0x40000000 x29=0x40000100
         185000	        17	80000024	00000013	addi	x0,x0,0	  x0:0x00000000
         195000	        18	80000028	0000a397	auipc	x7,0xa	  x7=0x8000a024
         205000	        19	8000002c	fa038393	addi	x7,x7,-96	  x7:0x8000a024  x7=0x80009fc4
         215000	        20	80000030	00002e97	auipc	x29,0x2	 x29=0x8000202c
         225000	        21	80000034	ebce8e93	addi	x29,x29,-324	 x29:0x8000202c x29=0x80001ee8
         235000	        22	80000038	000eee93	ori	x29,x29,0	 x29:0x80001ee8 x29=0x80001ee8
         245000	        23	8000003c	00000013	addi	x0,x0,0	  x0:0x00000000
         255000	        24	80000040	00000e97	auipc	x29,0x0	 x29=0x8000003c
         265000	        25	80000044	020e8e93	addi	x29,x29,32	 x29:0x8000003c x29=0x8000005c
         275000	        26	80000048	00000013	addi	x0,x0,0	  x0:0x00000000
         285000	        27	8000004c	00000013	addi	x0,x0,0	  x0:0x00000000
         295000	        28	80000050	00002eb7	lui	x29,0x2	 x29=0x00002000
         305000	        29	80000054	800e8e93	addi	x29,x29,-2048	 x29:0x00002000 x29=0x00001800
         315000	        30	80000058	00000013	addi	x0,x0,0	  x0:0x00000000
         325000	        31	8000005c	00000013	addi	x0,x0,0	  x0:0x00000000
         335000	        32	80000060	00000013	addi	x0,x0,0	  x0:0x00000000
         345000	        33	80000064	00000093	addi	x1,x0,0	  x0:0x00000000  x1=0x00000000
         355000	        34	80000068	894be137	lui	x2,0x894be	  x2=0x894be000
         365000	        35	8000006c	61a10113	addi	x2,x2,1562	  x2:0x894be000  x2=0x894be61a
         375000	        36	80000070	800001b7	lui	x3,0x80000	  x3=0x80000000
         385000	        37	80000074	fea10237	lui	x4,0xfea10	  x4=0xfea10000
         395000	        38	80000078	10b20213	addi	x4,x4,267	  x4:0xfea10000  x4=0xfea1010b
         405000	        39	8000007c	f08e12b7	lui	x5,0xf08e1	  x5=0xf08e1000
         415000	        40	80000080	4c528293	addi	x5,x5,1221	  x5:0xf08e1000  x5=0xf08e14c5
         425000	        41	80000084	f6a77337	lui	x6,0xf6a77	  x6=0xf6a77000
         435000	        42	80000088	fc730313	addi	x6,x6,-57	  x6:0xf6a77000  x6=0xf6a76fc7
         445000	        43	8000008c	00700493	addi	x9,x0,7	  x0:0x00000000  x9=0x00000007
         455000	        44	80000090	00500513	addi	x10,x0,5	  x0:0x00000000 x10=0x00000005
         465000	        45	80000094	00900593	addi	x11,x0,9	  x0:0x00000000 x11=0x00000009
         475000	        46	80000098	7041c637	lui	x12,0x7041c	 x12=0x7041c000
         485000	        47	8000009c	d6160613	addi	x12,x12,-671	 x12:0x7041c000 x12=0x7041bd61
         495000	        48	800000a0	fe9686b7	lui	x13,0xfe968	 x13=0xfe968000
         505000	        49	800000a4	99168693	addi	x13,x13,-1647	 x13:0xfe968000 x13=0xfe967991
         515000	        50	800000a8	00000713	addi	x14,x0,0	  x0:0x00000000 x14=0x00000000
         525000	        51	800000ac	bba277b7	lui	x15,0xbba27	 x15=0xbba27000
         535000	        52	800000b0	be578793	addi	x15,x15,-1051	 x15:0xbba27000 x15=0xbba26be5
         545000	        53	800000b4	80000837	lui	x16,0x80000	 x16=0x80000000
         555000	        54	800000b8	00000893	addi	x17,x0,0	  x0:0x00000000 x17=0x00000000
         565000	        55	800000bc	80000937	lui	x18,0x80000	 x18=0x80000000
         575000	        56	800000c0	00a00993	addi	x19,x0,10	  x0:0x00000000 x19=0x0000000a
         585000	        57	800000c4	00800a13	addi	x20,x0,8	  x0:0x00000000 x20=0x00000008
         595000	        58	800000c8	00d00a93	addi	x21,x0,13	  x0:0x00000000 x21=0x0000000d
         605000	        59	800000cc	f9a41b37	lui	x22,0xf9a41	 x22=0xf9a41000
         615000	        60	800000d0	5ddb0b13	addi	x22,x22,1501	 x22:0xf9a41000 x22=0xf9a415dd
         625000	        61	800000d4	00200b93	addi	x23,x0,2	  x0:0x00000000 x23=0x00000002
         635000	        62	800000d8	00000c13	addi	x24,x0,0	  x0:0x00000000 x24=0x00000000
         645000	        63	800000dc	80000cb7	lui	x25,0x80000	 x25=0x80000000
         655000	        64	800000e0	80000d37	lui	x26,0x80000	 x26=0x80000000
         665000	        65	800000e4	fc377db7	lui	x27,0xfc377	 x27=0xfc377000
         675000	        66	800000e8	83bd8d93	addi	x27,x27,-1989	 x27:0xfc377000 x27=0xfc37683b
         685000	        67	800000ec	ac21be37	lui	x28,0xac21b	 x28=0xac21b000
         695000	        68	800000f0	8f0e0e13	addi	x28,x28,-1808	 x28:0xac21b000 x28=0xac21a8f0
         705000	        69	800000f4	80000eb7	lui	x29,0x80000	 x29=0x80000000
         715000	        70	800000f8	0d9a1f37	lui	x30,0xd9a1	 x30=0x0d9a1000
         725000	        71	800000fc	199f0f13	addi	x30,x30,409	 x30:0x0d9a1000 x30=0x0d9a1199
         735000	        72	80000100	00000f93	addi	x31,x0,0	  x0:0x00000000 x31=0x00000000
         745000	        73	80000104	0000a417	auipc	x8,0xa	  x8=0x8000a100
         755000	        74	80000108	e8440413	addi	x8,x8,-380	  x8:0x8000a100  x8=0x80009f84
         765000	        75	8000010c	00008897	auipc	x17,0x8	 x17=0x80008108
         775000	        76	80000110	58d88893	addi	x17,x17,1421	 x17:0x80008108 x17=0x80008695
         785000	        77	80000114	0125d793	srli	x15,x11,0x12	 x11:0x00000009 x15=0x00000000
         795000	        78	80000118	01f26a33	or	x20,x4,x31	  x4:0xfea1010b x31:0x00000000 x20=0xfea1010b
         805000	        79	8000011c	4101d913	srai	x18,x3,0x10	  x3:0x80000000 x18=0xffff8000
         815000	        80	80000120	099898a3	sh	x25,145(x17)	 x17:0x80008695 x25:0x80000000 PA:0x80008726
         825000	        81	80000124	f0c8c503	lbu	x10,-244(x17)	 x17:0x80008695 x10=0x0000007e PA:0x800085a1
         835000	        82	80000128	05188723	sb	x17,78(x17)	 x17:0x80008695 x17:0x80008695 PA:0x800086e3
         845000	        83	8000012c	41885eb3	sra	x29,x16,x24	 x16:0x80000000 x24:0x00000000 x29=0x80000000
         855000	        84	80000130	0db89f03	lh	x30,219(x17)	 x17:0x80008695 x30=0x00004cad PA:0x80008770
         865000	        85	80000134	e5030c93	addi	x25,x6,-432	  x6:0xf6a76fc7 x25=0xf6a76e17
         875000	        86	80000138	05b88783	lb	x15,91(x17)	 x17:0x80008695 x15=0x0000003a PA:0x800086f0
         885000	        87	8000013c	fd389da3	sh	x19,-37(x17)	 x17:0x80008695 x19:0x0000000a PA:0x80008670
         895000	        88	80000140	0ad8d303	lhu	x6,173(x17)	 x17:0x80008695  x6=0x0000e11e PA:0x80008742
         905000	        89	80000144	0f488f23	sb	x20,254(x17)	 x17:0x80008695 x20:0xfea1010b PA:0x80008793
         915000	        90	80000148	010d3cb3	sltu	x25,x26,x16	 x26:0x80000000 x16:0x80000000 x25=0x00000000
         925000	        91	8000014c	0ed89103	lh	x2,237(x17)	 x17:0x80008695  x2=0xffff9d25 PA:0x80008782
         935000	        92	80000150	004c5f93	srli	x31,x24,0x4	 x24:0x00000000 x31=0x00000000
         945000	        93	80000154	009c5113	srli	x2,x24,0x9	 x24:0x00000000  x2=0x00000000
         955000	        94	80000158	034898a3	sh	x20,49(x17)	 x17:0x80008695 x20:0xfea1010b PA:0x800086c6
         965000	        95	8000015c	2cad0e13	addi	x28,x26,714	 x26:0x80000000 x28=0x800002ca
         975000	        96	80000160	f0589583	lh	x11,-251(x17)	 x17:0x80008695 x11=0xffffa8ee PA:0x8000859a
         985000	        97	80000164	0848c003	lbu	x0,132(x17)	 x17:0x80008695 PA:0x80008719
         995000	        98	80000168	f1389603	lh	x12,-237(x17)	 x17:0x80008695 x12=0xffffb6a2 PA:0x800085a8
        1005000	        99	00000000	00000013	addi	x0,x0,0	  x0:0x00000000
        1015000	       100	8000016c	02c88b83	lb	x23,44(x17)	 x17:0x80008695 x23=0x0000005a PA:0x800086c1
        1025000	       101	80000170	01003c33	sltu	x24,x0,x16	  x0:0x00000000 x16:0x80000000 x24=0x00000001
        1035000	       102	80000174	00000013	addi	x0,x0,0	  x0:0x00000000
        1045000	       103	80000178	01b529b3	slt	x19,x10,x27	 x10:0x0000007e x27:0xfc37683b x19=0x00000000
        1055000	       104	8000017c	f9488523	sb	x20,-118(x17)	 x17:0x80008695 x20:0xfea1010b PA:0x8000861f
        1065000	       105	80000180	00fb19b3	sll	x19,x22,x15	 x22:0xf9a415dd x15:0x0000003a x19=0x74000000
        1075000	       106	80000184	019cd013	srli	x0,x25,0x19	 x25:0x00000000
        1085000	       107	80000188	37346993	ori	x19,x8,883	  x8:0x80009f84 x19=0x80009ff7
        1095000	       108	8000018c	f388c803	lbu	x16,-200(x17)	 x17:0x80008695 x16=0x0000000f PA:0x800085cd
        1105000	       109	80000190	01c25013	srli	x0,x4,0x1c	  x4:0xfea1010b
        1115000	       110	80000194	d7cebf93	sltiu	x31,x29,-644	 x29:0x80000000 x31=0x00000001
        1125000	       111	80000198	01f5a2b3	slt	x5,x11,x31	 x11:0xffffa8ee x31:0x00000001  x5=0x00000001
        1135000	       112	8000019c	621b2b13	slti	x22,x22,1569	 x22:0xf9a415dd x22=0x00000001
        1145000	       113	800001a0	fcf89103	lh	x2,-49(x17)	 x17:0x80008695  x2=0xffffb4b4 PA:0x80008664
        1155000	       114	800001a4	00009a97	auipc	x21,0x9	 x21=0x800091a0
        1165000	       115	800001a8	d5ca8a93	addi	x21,x21,-676	 x21:0x800091a0 x21=0x80008efc
        1175000	       116	800001ac	014a86a3	sb	x20,13(x21)	 x21:0x80008efc x20:0xfea1010b PA:0x80008f09
        1185000	       117	800001b0	ff2a9f03	lh	x30,-14(x21)	 x21:0x80008efc x30=0x00002995 PA:0x80008eee
        1195000	       118	800001b4	ff0a9e23	sh	x16,-4(x21)	 x21:0x80008efc x16:0x0000000f PA:0x80008ef8
        1205000	       119	800001b8	4f77c913	xori	x18,x15,1271	 x15:0x0000003a x18=0x000004cd
        1215000	       120	800001bc	ffca9a23	sh	x28,-12(x21)	 x21:0x80008efc x28:0x800002ca PA:0x80008ef0
        1225000	       121	800001c0	403b5d33	sra	x26,x22,x3	 x22:0x00000001  x3:0x80000000 x26=0x00000001
        1235000	       122	800001c4	01ff1db3	sll	x27,x30,x31	 x30:0x00002995 x31:0x00000001 x27=0x0000532a
        1245000	       123	800001c8	412387b3	sub	x15,x7,x18	  x7:0x80009fc4 x18:0x000004cd x15=0x80009af7
        1255000	       124	800001cc	08b13013	sltiu	x0,x2,139	  x2:0xffffb4b4
        1265000	       125	800001d0	f6e92093	slti	x1,x18,-146	 x18:0x000004cd  x1=0x00000000
        1275000	       126	800001d4	00fac683	lbu	x13,15(x21)	 x21:0x80008efc x13=0x00000050 PA:0x80008f0b
        1285000	       127	800001d8	01b9f033	and	x0,x19,x27	 x19:0x80009ff7 x27:0x0000532a
        1295000	       128	800001dc	00aa8883	lb	x17,10(x21)	 x21:0x80008efc x17=0xffffff89 PA:0x80008f06
        1305000	       129	800001e0	c9890f13	addi	x30,x18,-872	 x18:0x000004cd x30=0x00000165
        1315000	       130	800001e4	00000013	addi	x0,x0,0	  x0:0x00000000
        1325000	       131	800001e8	410c0b33	sub	x22,x24,x16	 x24:0x00000001 x16:0x0000000f x22=0xfffffff2
        1335000	       132	800001ec	17953917	auipc	x18,0x17953	 x18=0x979531e8
        1345000	       133	800001f0	005a8303	lb	x6,5(x21)	 x21:0x80008efc  x6=0x0000005e PA:0x80008f01
        1355000	       134	800001f4	ffba8f83	lb	x31,-5(x21)	 x21:0x80008efc x31=0xffffffd5 PA:0x80008ef7
        1365000	       135	800001f8	01555b33	srl	x22,x10,x21	 x10:0x0000007e x21:0x80008efc x22=0x00000000
        1375000	       136	800001fc	0133aeb3	slt	x29,x7,x19	  x7:0x80009fc4 x19:0x80009ff7 x29=0x00000001
        1385000	       137	80000200	52efd097	auipc	x1,0x52efd	  x1=0xd2efd1fc
        1395000	       138	80000204	4012ddb3	sra	x27,x5,x1	  x5:0x00000001  x1:0xd2efd1fc x27=0x00000000
        1405000	       139	80000208	00664eb3	xor	x29,x12,x6	 x12:0xffffb6a2  x6:0x0000005e x29=0xffffb6fc
        1415000	       140	8000020c	bf5d4313	xori	x6,x26,-1035	 x26:0x00000001  x6=0xfffffbf4
        1425000	       141	80000210	009acd03	lbu	x26,9(x21)	 x21:0x80008efc x26=0x000000d5 PA:0x80008f05
        1435000	       142	80000214	41fa5133	sra	x2,x20,x31	 x20:0xfea1010b x31:0xffffffd5  x2=0xfffffff5
        1445000	       143	80000218	ffca9783	lh	x15,-4(x21)	 x21:0x80008efc x15=0x0000000f PA:0x80008ef8
        1455000	       144	8000021c	f6c60693	addi	x13,x12,-148	 x12:0xffffb6a2 x13=0xffffb60e
        1465000	       145	80000220	001a8d03	lb	x26,1(x21)	 x21:0x80008efc x26=0xffffffc8 PA:0x80008efd
        1475000	       146	80000224	00000013	addi	x0,x0,0	  x0:0x00000000
        1485000	       147	80000228	01565b33	srl	x22,x12,x21	 x12:0xffffb6a2 x21:0x80008efc x22=0x0000000f
        1495000	       148	8000022c	af450f93	addi	x31,x10,-1292	 x10:0x0000007e x31=0xfffffb72
        1505000	       149	80000230	00b79d13	slli	x26,x15,0xb	 x15:0x0000000f x26=0x00007800
        1515000	       150	80000234	5fe34913	xori	x18,x6,1534	  x6:0xfffffbf4 x18=0xfffffe0a
        1525000	       151	80000238	00000013	addi	x0,x0,0	  x0:0x00000000
        1535000	       152	8000023c	ff8a8c83	lb	x25,-8(x21)	 x21:0x80008efc x25=0x00000056 PA:0x80008ef4
        1545000	       153	80000240	00009c97	auipc	x25,0x9	 x25=0x8000923c
        1555000	       154	80000244	a45c8c93	addi	x25,x25,-1467	 x25:0x8000923c x25=0x80008c81
        1565000	       155	80000248	0fbc8483	lb	x9,251(x25)	 x25:0x80008c81  x9=0x00000076 PA:0x80008d7c
        1575000	       156	8000024c	00009517	auipc	x10,0x9	 x10=0x80009248
        1585000	       157	80000250	cc050513	addi	x10,x10,-832	 x10:0x80009248 x10=0x80008f08
        1595000	       158	80000254	00008e17	auipc	x28,0x8	 x28=0x80008250
        1605000	       159	80000258	72ce0e13	addi	x28,x28,1836	 x28:0x80008250 x28=0x8000897c
        1615000	       160	8000025c	f46e1a03	lh	x20,-186(x28)	 x28:0x8000897c x20=0xffff9ea7 PA:0x800088c2
        1625000	       161	80000260	00009f17	auipc	x30,0x9	 x30=0x8000925c
        1635000	       162	80000264	acff0f13	addi	x30,x30,-1329	 x30:0x8000925c x30=0x80008d2b
        1645000	       163	80000268	fee55603	lhu	x12,-18(x10)	 x10:0x80008f08 x12=0x0000d547 PA:0x80008ef6
        1655000	       164	8000026c	59be01a3	sb	x27,1411(x28)	 x28:0x8000897c x27:0x00000000 PA:0x80008eff
        1665000	       165	80000270	072cc803	lbu	x16,114(x25)	 x25:0x80008c81 x16=0x0000006e PA:0x80008cf3
        1675000	       166	80000274	00009c17	auipc	x24,0x9	 x24=0x80009270
        1685000	       167	80000278	c06c0c13	addi	x24,x24,-1018	 x24:0x80009270 x24=0x80008e76
        1695000	       168	8000027c	02d54583	lbu	x11,45(x10)	 x10:0x80008f08 x11=0x00000077 PA:0x80008f35
        1705000	       169	80000280	02cf0903	lb	x18,44(x30)	 x30:0x80008d2b x18=0xffffffca PA:0x80008d57
        1715000	       170	80000284	02450e83	lb	x29,36(x10)	 x10:0x80008f08 x29=0xffffff8e PA:0x80008f2c
        1725000	       171	80000288	fffc0883	lb	x17,-1(x24)	 x24:0x80008e76 x17=0xffffff87 PA:0x80008e75
        1735000	       172	8000028c	fe0c1e23	sh	x0,-4(x24)	 x24:0x80008e76  x0:0x00000000 PA:0x80008e72
        1745000	       173	80000290	00fc8f23	sb	x15,30(x25)	 x25:0x80008c81 x15:0x0000000f PA:0x80008c9f
        1755000	       174	80000294	ff9c0d83	lb	x27,-7(x24)	 x24:0x80008e76 x27=0xffffffd2 PA:0x80008e6f
        1765000	       175	80000298	35de0923	sb	x29,850(x28)	 x28:0x8000897c x29:0xffffff8e PA:0x80008cce
        1775000	       176	8000029c	fca50623	sb	x10,-52(x10)	 x10:0x80008f08 x10:0x80008f08 PA:0x80008ed4
        1785000	       177	800002a0	019f0b23	sb	x25,22(x30)	 x30:0x80008d2b x25:0x80008c81 PA:0x80008d41
        1795000	       178	800002a4	fe454283	lbu	x5,-28(x10)	 x10:0x80008f08  x5=0x000000e2 PA:0x80008eec
        1805000	       179	800002a8	ff6c5983	lhu	x19,-10(x24)	 x24:0x80008e76 x19=0x0000e1cb PA:0x80008e6c
        1815000	       180	00000000	00000013	addi	x0,x0,0	  x0:0x00000000
        1825000	       181	800002ac	ff350603	lb	x12,-13(x10)	 x10:0x80008f08 x12=0x0000000c PA:0x80008efb
        1835000	       182	800002b0	faae0ba3	sb	x10,-73(x28)	 x28:0x8000897c x10:0x80008f08 PA:0x80008933
        1845000	       183	800002b4	fe950283	lb	x5,-23(x10)	 x10:0x80008f08  x5=0x00000002 PA:0x80008ef1
        1855000	       184	800002b8	01cc07a3	sb	x28,15(x24)	 x24:0x80008e76 x28:0x8000897c PA:0x80008e85
        1865000	       185	800002bc	002f4e83	lbu	x29,2(x30)	 x30:0x80008d2b x29=0x000000ef PA:0x80008d2d
        1875000	       186	800002c0	ffe50aa3	sb	x30,-11(x10)	 x10:0x80008f08 x30:0x80008d2b PA:0x80008efd
        1885000	       187	800002c4	003c4e83	lbu	x29,3(x24)	 x24:0x80008e76 x29=0x00000064 PA:0x80008e79
        1895000	       188	800002c8	fa1c9183	lh	x3,-95(x25)	 x25:0x80008c81  x3=0x00007885 PA:0x80008c22
        1905000	       189	800002cc	2d6e4003	lbu	x0,726(x28)	 x28:0x8000897c PA:0x80008c52
        1915000	       190	800002d0	015f2b03	lw	x22,21(x30)	 x30:0x80008d2b x22=0x37db818a PA:0x80008d40
        1925000	       191	800002d4	01e54983	lbu	x19,30(x10)	 x10:0x80008f08 x19=0x00000068 PA:0x80008f26
        1935000	       192	800002d8	fcf54d83	lbu	x27,-49(x10)	 x10:0x80008f08 x27=0x000000b4 PA:0x80008ed7
        1945000	       193	800002dc	0d5cc803	lbu	x16,213(x25)	 x25:0x80008c81 x16=0x00000076 PA:0x80008d56
        1955000	       194	800002e0	ff9c4703	lbu	x14,-7(x24)	 x24:0x80008e76 x14=0x000000d2 PA:0x80008e6f
        1965000	       195	800002e4	ee0e5903	lhu	x18,-288(x28)	 x28:0x8000897c x18=0x00009807 PA:0x8000885c
        1975000	       196	800002e8	00ef0a23	sb	x14,20(x30)	 x30:0x80008d2b x14:0x000000d2 PA:0x80008d3f
        1985000	       197	800002ec	006c1303	lh	x6,6(x24)	 x24:0x80008e76  x6=0xffff8ca6 PA:0x80008e7c
        1995000	       198	800002f0	00008c17	auipc	x24,0x8	 x24=0x800082ec
        2005000	       199	800002f4	d87c0c13	addi	x24,x24,-633	 x24:0x800082ec x24=0x80008073
        2015000	       200	800002f8	00008d97	auipc	x27,0x8	 x27=0x800082f4
        2025000	       201	800002fc	f51d8d93	addi	x27,x27,-175	 x27:0x800082f4 x27=0x80008245
        2035000	       202	80000300	02fd8123	sb	x15,34(x27)	 x27:0x80008245 x15:0x0000000f PA:0x80008267
        2045000	       203	80000304	0f0c0003	lb	x0,240(x24)	 x24:0x80008073 PA:0x80008163
        2055000	       204	80000308	00008b17	auipc	x22,0x8	 x22=0x80008304
        2065000	       205	8000030c	059b0b13	addi	x22,x22,89	 x22:0x80008304 x22=0x8000835d
        2075000	       206	80000310	fdfd8483	lb	x9,-33(x27)	 x27:0x80008245  x9=0xffffff90 PA:0x80008224
        2085000	       207	80000314	061dd703	lhu	x14,97(x27)	 x27:0x80008245 x14=0x0000668a PA:0x800082a6
        2095000	       208	80000318	00008097	auipc	x1,0x8	  x1=0x80008314
        2105000	       209	8000031c	31c08093	addi	x1,x1,796	  x1:0x80008314  x1=0x80008630
        2115000	       210	80000320	01fb05a3	sb	x31,11(x22)	 x22:0x8000835d x31:0xfffffb72 PA:0x80008368
        2125000	       211	80000324	009088a3	sb	x9,17(x1)	  x1:0x80008630  x9:0xffffff90 PA:0x80008641
        2135000	       212	80000328	00008917	auipc	x18,0x8	 x18=0x80008324
        2145000	       213	8000032c	32b90913	addi	x18,x18,811	 x18:0x80008324 x18=0x8000864f
        2155000	       214	80000330	ff0dc103	lbu	x2,-16(x27)	 x27:0x80008245  x2=0x00000049 PA:0x80008235
        2165000	       215	80000334	ac894c83	lbu	x25,-1336(x18)	 x18:0x8000864f x25=0x0000002a PA:0x80008117
        2175000	       216	80000338	08cc0123	sb	x12,130(x24)	 x24:0x80008073 x12:0x0000000c PA:0x800080f5
        2185000	       217	8000033c	017b23a3	sw	x23,7(x22)	 x22:0x8000835d x23:0x0000005a PA:0x80008364
        2195000	       218	80000340	12191183	lh	x3,289(x18)	 x18:0x8000864f  x3=0x00004cad PA:0x80008770
        2205000	       219	80000344	17595d03	lhu	x26,373(x18)	 x18:0x8000864f x26=0x0000c571 PA:0x800087c4
        2215000	       220	80000348	fbd08f83	lb	x31,-67(x1)	  x1:0x80008630 x31=0xffffff9d PA:0x800085ed
        2225000	       221	8000034c	f6e08ca3	sb	x14,-135(x1)	  x1:0x80008630 x14:0x0000668a PA:0x800085a9
        2235000	       222	80000350	fd8c4303	lbu	x6,-40(x24)	 x24:0x80008073  x6=0x00000004 PA:0x8000804b
        2245000	       223	80000354	0f208703	lb	x14,242(x1)	  x1:0x80008630 x14=0x00000008 PA:0x80008722
        2255000	       224	80000358	003b5803	lhu	x16,3(x22)	 x22:0x8000835d x16=0x00004e36 PA:0x80008360
        2265000	       225	8000035c	045d8223	sb	x5,68(x27)	 x27:0x80008245  x5:0x00000002 PA:0x80008289
        2275000	       226	80000360	b2f90583	lb	x11,-1233(x18)	 x18:0x8000864f x11=0xffffffb6 PA:0x8000817e
        2285000	       227	80000364	09708a83	lb	x21,151(x1)	  x1:0x80008630 x21=0x00000001 PA:0x800086c7
        2295000	       228	80000368	010b4a83	lbu	x21,16(x22)	 x22:0x8000835d x21=0x000000d0 PA:0x8000836d
        2305000	       229	8000036c	f43dd603	lhu	x12,-189(x27)	 x27:0x80008245 x12=0x00008269 PA:0x80008188
        2315000	       230	80000370	f7c0d883	lhu	x17,-132(x1)	  x1:0x80008630 x17=0x0000d523 PA:0x800085ac
        2325000	       231	80000374	016b0723	sb	x22,14(x22)	 x22:0x8000835d x22:0x8000835d PA:0x8000836b
        2335000	       232	80000378	fce0d783	lhu	x15,-50(x1)	  x1:0x80008630 x15=0x000057b6 PA:0x800085fe
        2345000	       233	8000037c	ffdd8503	lb	x10,-3(x27)	 x27:0x80008245 x10=0xfffffffe PA:0x80008242
        2355000	       234	80000380	0bed89a3	sb	x30,179(x27)	 x27:0x80008245 x30:0x80008d2b PA:0x800082f8
        2365000	       235	80000384	036c4a83	lbu	x21,54(x24)	 x24:0x80008073 x21=0x000000e4 PA:0x800080a9
        2375000	       236	80000388	0b309a23	sh	x19,180(x1)	  x1:0x80008630 x19:0x00000068 PA:0x800086e4
        2385000	       237	8000038c	0eed8183	lb	x3,238(x27)	 x27:0x80008245  x3=0x0000001d PA:0x80008333
        2395000	       238	80000390	a8894283	lbu	x5,-1400(x18)	 x18:0x8000864f  x5=0x00000046 PA:0x800080d7
        2405000	       239	80000394	e2290783	lb	x15,-478(x18)	 x18:0x8000864f x15=0x00000017 PA:0x80008471
        2415000	       240	80000398	02c09f23	sh	x12,62(x1)	  x1:0x80008630 x12:0x00008269 PA:0x8000866e
        2425000	       241	8000039c	ff7b0923	sb	x23,-14(x22)	 x22:0x8000835d x23:0x0000005a PA:0x8000834f
        2435000	       242	800003a0	0bec0703	lb	x14,190(x24)	 x24:0x80008073 x14=0x0000005c PA:0x80008131
        2445000	       243	800003a4	001b0323	sb	x1,6(x22)	 x22:0x8000835d  x1:0x80008630 PA:0x80008363
        2455000	       244	800003a8	0a9dc583	lbu	x11,169(x27)	 x27:0x80008245 x11=0x0000006f PA:0x800082ee
        2465000	       245	800003ac	00eb0a83	lb	x21,14(x22)	 x22:0x8000835d x21=0x0000005d PA:0x8000836b
        2475000	       246	800003b0	00008f97	auipc	x31,0x8	 x31=0x800083ac
        2485000	       247	800003b4	0ccf8f93	addi	x31,x31,204	 x31:0x800083ac x31=0x80008478
        2495000	       248	800003b8	f3bf8483	lb	x9,-197(x31)	 x31:0x80008478  x9=0x0000004a PA:0x800083b3
        2505000	       249	800003bc	00e13bb3	sltu	x23,x2,x14	  x2:0x00000049 x14:0x0000005c x23=0x00000001
        2515000	       250	800003c0	c5bfa823	sw	x27,-944(x31)	 x31:0x80008478 x27:0x80008245 PA:0x800080c8
        2525000	       251	800003c4	0163c1b3	xor	x3,x7,x22	  x7:0x80009fc4 x22:0x8000835d  x3=0x00001c99
        2535000	       252	800003c8	c50f8503	lb	x10,-944(x31)	 x31:0x80008478 x10=0x00000045 PA:0x800080c8
        2545000	       253	800003cc	41bedb13	srai	x22,x29,0x1b	 x29:0x00000064 x22=0x00000000
        2555000	       254	800003d0	eb6f9c03	lh	x24,-330(x31)	 x31:0x80008478 x24=0x00004566 PA:0x8000832e
        2565000	       255	800003d4	eb6f8283	lb	x5,-330(x31)	 x31:0x80008478  x5=0x00000066 PA:0x8000832e
        2575000	       256	800003d8	019f1bb3	sll	x23,x30,x25	 x30:0x80008d2b x25:0x0000002a x23=0x0234ac00
        2585000	       257	800003dc	01725d93	srli	x27,x4,0x17	  x4:0xfea1010b x27=0x000001fd
        2595000	       258	800003e0	eb6f9603	lh	x12,-330(x31)	 x31:0x80008478 x12=0x00004566 PA:0x8000832e
        2605000	       259	800003e4	eb5f9b23	sh	x21,-330(x31)	 x31:0x80008478 x21:0x0000005d PA:0x8000832e
        2615000	       260	800003e8	bb37e313	ori	x6,x15,-1101	 x15:0x00000017  x6=0xfffffbb7
        2625000	       261	800003ec	eb3f8b23	sb	x19,-330(x31)	 x31:0x80008478 x19:0x00000068 PA:0x8000832e
        2635000	       262	800003f0	eb6f8e83	lb	x29,-330(x31)	 x31:0x80008478 x29=0x00000068 PA:0x8000832e
        2645000	       263	800003f4	eb6f9583	lh	x11,-330(x31)	 x31:0x80008478 x11=0x00000068 PA:0x8000832e
        2655000	       264	800003f8	eadf9b23	sh	x13,-330(x31)	 x31:0x80008478 x13:0xffffb60e PA:0x8000832e
        2665000	       265	800003fc	eb6f9003	lh	x0,-330(x31)	 x31:0x80008478 PA:0x8000832e
        2675000	       266	80000400	00009d97	auipc	x27,0x9	 x27=0x800093fc
        2685000	       267	80000404	8c1d8d93	addi	x27,x27,-1855	 x27:0x800093fc x27=0x80008cbd
        2695000	       268	80000408	01621a13	slli	x20,x4,0x16	  x4:0xfea1010b x20=0x42c00000
        2705000	       269	8000040c	1763c693	xori	x13,x7,374	  x7:0x80009fc4 x13=0x80009eb2
        2715000	       270	80000410	f3adc303	lbu	x6,-198(x27)	 x27:0x80008cbd  x6=0x000000b8 PA:0x80008bf7
        2725000	       271	80000414	027d8c23	sb	x7,56(x27)	 x27:0x80008cbd  x7:0x80009fc4 PA:0x80008cf5
        2735000	       272	80000418	040d8f83	lb	x31,64(x27)	 x27:0x80008cbd x31=0xffffffe0 PA:0x80008cfd
        2745000	       273	8000041c	fe7d92a3	sh	x7,-27(x27)	 x27:0x80008cbd  x7:0x80009fc4 PA:0x80008ca2
        2755000	       274	80000420	094dc783	lbu	x15,148(x27)	 x27:0x80008cbd x15=0x000000da PA:0x80008d51
        2765000	       275	80000424	067ddb83	lhu	x23,103(x27)	 x27:0x80008cbd x23=0x00003081 PA:0x80008d24
        2775000	       276	80000428	024dce83	lbu	x29,36(x27)	 x27:0x80008cbd x29=0x00000061 PA:0x80008ce1
        2785000	       277	00000000	00000013	addi	x0,x0,0	  x0:0x00000000
        2795000	       278	8000042c	0fdd8a23	sb	x29,244(x27)	 x27:0x80008cbd x29:0x00000061 PA:0x80008db1
        2805000	       279	80000430	f0adc583	lbu	x11,-246(x27)	 x27:0x80008cbd x11=0x0000004d PA:0x80008bc7
        2815000	       280	80000434	00f7d9b3	srl	x19,x15,x15	 x15:0x000000da x15:0x000000da x19=0x00000000
        2825000	       281	80000438	014728b3	slt	x17,x14,x20	 x14:0x0000005c x20:0x42c00000 x17=0x00000001
        2835000	       282	8000043c	00000013	addi	x0,x0,0	  x0:0x00000000
        2845000	       283	80000440	414356b3	sra	x13,x6,x20	  x6:0x000000b8 x20:0x42c00000 x13=0x000000b8
        2855000	       284	80000444	f8ed8d23	sb	x14,-102(x27)	 x27:0x80008cbd x14:0x0000005c PA:0x80008c57
        2865000	       285	80000448	fc6dc483	lbu	x9,-58(x27)	 x27:0x80008cbd  x9=0x0000000e PA:0x80008c83
        2875000	       286	8000044c	085dd983	lhu	x19,133(x27)	 x27:0x80008cbd x19=0x000037db PA:0x80008d42
        2885000	       287	80000450	06ddd503	lhu	x10,109(x27)	 x27:0x80008cbd x10=0x00008a17 PA:0x80008d2a
        2895000	       288	80000454	bb49f937	lui	x18,0xbb49f	 x18=0xbb49f000
        2905000	       289	80000458	065d9c83	lh	x25,101(x27)	 x27:0x80008cbd x25=0x000037e2 PA:0x80008d22
        2915000	       290	8000045c	f9cd8f83	lb	x31,-100(x27)	 x27:0x80008cbd x31=0x00000013 PA:0x80008c59
        2925000	       291	80000460	071d8523	sb	x17,106(x27)	 x27:0x80008cbd x17:0x00000001 PA:0x80008d27
        2935000	       292	80000464	052dca03	lbu	x20,82(x27)	 x27:0x80008cbd x20=0x00000034 PA:0x80008d0f
        2945000	       293	80000468	0172d8b3	srl	x17,x5,x23	  x5:0x00000066 x23:0x00003081 x17=0x00000033
        2955000	       294	8000046c	beb48713	addi	x14,x9,-1045	  x9:0x0000000e x14=0xfffffbf9
        2965000	       295	80000470	0dcdc003	lbu	x0,220(x27)	 x27:0x80008cbd PA:0x80008d99
        2975000	       296	80000474	01237bb3	and	x23,x6,x18	  x6:0x000000b8 x18:0xbb49f000 x23=0x00000000
        2985000	       297	80000478	0fcd8323	sb	x28,230(x27)	 x27:0x80008cbd x28:0x8000897c PA:0x80008da3
        2995000	       298	8000047c	006d8023	sb	x6,0(x27)	 x27:0x80008cbd  x6:0x000000b8 PA:0x80008cbd
        3005000	       299	80000480	00000013	addi	x0,x0,0	  x0:0x00000000
        3015000	       300	80000484	002dcb83	lbu	x23,2(x27)	 x27:0x80008cbd x23=0x00000009 PA:0x80008cbf
        3025000	       301	80000488	8830cb93	xori	x23,x1,-1917	  x1:0x80008630 x23=0x7fff7eb3
        3035000	       302	8000048c	f93d8b23	sb	x19,-106(x27)	 x27:0x80008cbd x19:0x000037db PA:0x80008c53
        3045000	       303	80000490	7c85c313	xori	x6,x11,1992	 x11:0x0000004d  x6=0x00000785
        3055000	       304	80000494	009c9493	slli	x9,x25,0x9	 x25:0x000037e2  x9=0x006fc400
        3065000	       305	80000498	fd5d8683	lb	x13,-43(x27)	 x27:0x80008cbd x13=0x0000003e PA:0x80008c92
        3075000	       306	8000049c	ffe42e13	slti	x28,x8,-2	  x8:0x80009f84 x28=0x00000001
        3085000	       307	800004a0	074d9ba3	sh	x20,119(x27)	 x27:0x80008cbd x20:0x00000034 PA:0x80008d34
        3095000	       308	800004a4	ded53813	sltiu	x16,x10,-531	 x10:0x00008a17 x16=0x00000001
        3105000	       309	800004a8	084dc983	lbu	x19,132(x27)	 x27:0x80008cbd x19=0x00000081 PA:0x80008d41
        3115000	       310	800004ac	00f81a13	slli	x20,x16,0xf	 x16:0x00000001 x20=0x00008000
        3125000	       311	800004b0	016f7eb3	and	x29,x30,x22	 x30:0x80008d2b x22:0x00000000 x29=0x00000000
        3135000	       312	800004b4	00a71813	slli	x16,x14,0xa	 x14:0xfffffbf9 x16=0xffefe400
        3145000	       313	800004b8	fa9d80a3	sb	x9,-95(x27)	 x27:0x80008cbd  x9:0x006fc400 PA:0x80008c5e
        3155000	       314	800004bc	062d94a3	sh	x2,105(x27)	 x27:0x80008cbd  x2:0x00000049 PA:0x80008d26
        3165000	       315	800004c0	05fd9da3	sh	x31,91(x27)	 x27:0x80008cbd x31:0x00000013 PA:0x80008d18
        3175000	       316	800004c4	40495c93	srai	x25,x18,0x4	 x18:0xbb49f000 x25=0xfbb49f00
        3185000	       317	800004c8	01541c33	sll	x24,x8,x21	  x8:0x80009f84 x21:0x0000005d x24=0x80000000
        3195000	       318	800004cc	00addf13	srli	x30,x27,0xa	 x27:0x80008cbd x30=0x00200023
        3205000	       319	800004d0	006d9b93	slli	x23,x27,0x6	 x27:0x80008cbd x23=0x00232f40
        3215000	       320	800004d4	00dd8183	lb	x3,13(x27)	 x27:0x80008cbd  x3=0x00000075 PA:0x80008cca
        3225000	       321	800004d8	00008d97	auipc	x27,0x8	 x27=0x800084d4
        3235000	       322	800004dc	3b7d8d93	addi	x27,x27,951	 x27:0x800084d4 x27=0x8000888b
        3245000	       323	800004e0	00008b97	auipc	x23,0x8	 x23=0x800084dc
        3255000	       324	800004e4	5d1b8b93	addi	x23,x23,1489	 x23:0x800084dc x23=0x80008aad
        3265000	       325	800004e8	268d93a3	sh	x8,615(x27)	 x27:0x8000888b  x8:0x80009f84 PA:0x80008af2
        3275000	       326	800004ec	266d8123	sb	x6,610(x27)	 x27:0x8000888b  x6:0x00000785 PA:0x80008aed
        3285000	       327	800004f0	fc5bc703	lbu	x14,-59(x23)	 x23:0x80008aad x14=0x00000082 PA:0x80008a72
        3295000	       328	800004f4	ff7b8923	sb	x23,-14(x23)	 x23:0x80008aad x23:0x80008aad PA:0x80008a9f
        3305000	       329	800004f8	31ed8083	lb	x1,798(x27)	 x27:0x8000888b  x1=0xffffffc4 PA:0x80008ba9
        3315000	       330	800004fc	fe8bce83	lbu	x29,-24(x23)	 x23:0x80008aad x29=0x000000e8 PA:0x80008a95
        3325000	       331	80000500	111d97a3	sh	x17,271(x27)	 x27:0x8000888b x17:0x00000033 PA:0x8000899a
        3335000	       332	80000504	000bc283	lbu	x5,0(x23)	 x23:0x80008aad  x5=0x000000ec PA:0x80008aad
        3345000	       333	00000000	00000013	addi	x0,x0,0	  x0:0x00000000
        3355000	       334	80000508	fe5bc003	lbu	x0,-27(x23)	 x23:0x80008aad PA:0x80008a92
        3365000	       335	8000050c	038b8ca3	sb	x24,57(x23)	 x23:0x80008aad x24:0x80000000 PA:0x80008ae6
        3375000	       336	80000510	151d8ca3	sb	x17,345(x27)	 x27:0x8000888b x17:0x00000033 PA:0x800089e4
        3385000	       337	80000514	ff2b8ca3	sb	x18,-7(x23)	 x23:0x80008aad x18:0xbb49f000 PA:0x80008aa6
        3395000	       338	80000518	28ddab03	lw	x22,653(x27)	 x27:0x8000888b x22=0x341c6e72 PA:0x80008b18
        3405000	       339	8000051c	654d8123	sb	x20,1602(x27)	 x27:0x8000888b x20:0x00008000 PA:0x80008ecd
        3415000	       340	80000520	fe9b8603	lb	x12,-23(x23)	 x23:0x80008aad x12=0x00000007 PA:0x80008a96
        3425000	       341	80000524	5d1dd883	lhu	x17,1489(x27)	 x27:0x8000888b x17=0x000051b5 PA:0x80008e5c
        3435000	       342	00000000	00000013	addi	x0,x0,0	  x0:0x00000000
        3445000	       343	80000528	ff1bcb03	lbu	x22,-15(x23)	 x23:0x80008aad x22=0x000000fb PA:0x80008a9e
        3455000	       344	8000052c	00009097	auipc	x1,0x9	  x1=0x80009528
        3465000	       345	80000530	9b608093	addi	x1,x1,-1610	  x1:0x80009528  x1=0x80008ede
        3475000	       346	80000534	41c68d33	sub	x26,x13,x28	 x13:0x0000003e x28:0x00000001 x26=0x0000003d
        3485000	       347	80000538	fcd0c783	lbu	x15,-51(x1)	  x1:0x80008ede x15=0x00000043 PA:0x80008eab
        3495000	       348	8000053c	fe308c23	sb	x3,-8(x1)	  x1:0x80008ede  x3:0x00000075 PA:0x80008ed6
        3505000	       349	80000540	01409223	sh	x20,4(x1)	  x1:0x80008ede x20:0x00008000 PA:0x80008ee2
        3515000	       350	80000544	2397bd13	sltiu	x26,x15,569	 x15:0x00000043 x26=0x00000001
        3525000	       351	80000548	0131aeb3	slt	x29,x3,x19	  x3:0x00000075 x19:0x00000081 x29=0x00000001
        3535000	       352	8000054c	fd20ce83	lbu	x29,-46(x1)	  x1:0x80008ede x29=0x000000a6 PA:0x80008eb0
        3545000	       353	80000550	0000d9b3	srl	x19,x1,x0	  x1:0x80008ede  x0:0x00000000 x19=0x80008ede
        3555000	       354	80000554	403205b3	sub	x11,x4,x3	  x4:0xfea1010b  x3:0x00000075 x11=0xfea10096
        3565000	       355	80000558	40fa5eb3	sra	x29,x20,x15	 x20:0x00008000 x15:0x00000043 x29=0x00001000
        3575000	       356	8000055c	6ff02493	slti	x9,x0,1791	  x0:0x00000000  x9=0x00000001
        3585000	       357	80000560	0340ce83	lbu	x29,52(x1)	  x1:0x80008ede x29=0x00000027 PA:0x80008f12
        3595000	       358	80000564	feb09e23	sh	x11,-4(x1)	  x1:0x80008ede x11:0xfea10096 PA:0x80008eda
        3605000	       359	80000568	02c08923	sb	x12,50(x1)	  x1:0x80008ede x12:0x00000007 PA:0x80008f10
        3615000	       360	8000056c	005e0b33	add	x22,x28,x5	 x28:0x00000001  x5:0x000000ec x22=0x000000ed
        3625000	       361	80000570	fca08d03	lb	x26,-54(x1)	  x1:0x80008ede x26=0x00000067 PA:0x80008ea8
        3635000	       362	80000574	1a76c793	xori	x15,x13,423	 x13:0x0000003e x15=0x00000199
        3645000	       363	80000578	015acbb3	xor	x23,x21,x21	 x21:0x0000005d x21:0x0000005d x23=0x00000000
        3655000	       364	8000057c	ff209603	lh	x12,-14(x1)	  x1:0x80008ede x12=0x00003501 PA:0x80008ed0
        3665000	       365	80000580	fe90c183	lbu	x3,-23(x1)	  x1:0x80008ede  x3=0x00000041 PA:0x80008ec7
        3675000	       366	80000584	41a9df33	sra	x30,x19,x26	 x19:0x80008ede x26:0x00000067 x30=0xff00011d
        3685000	       367	80000588	133b0613	addi	x12,x22,307	 x22:0x000000ed x12=0x00000220
        3695000	       368	8000058c	e5f0fa13	andi	x20,x1,-417	  x1:0x80008ede x20=0x80008e5e
        3705000	       369	80000590	fd308303	lb	x6,-45(x1)	  x1:0x80008ede  x6=0xfffffff5 PA:0x80008eb1
        3715000	       370	80000594	0350cb03	lbu	x22,53(x1)	  x1:0x80008ede x22=0x00000004 PA:0x80008f13
        3725000	       371	80000598	0123d313	srli	x6,x7,0x12	  x7:0x80009fc4  x6=0x00002000
        3735000	       372	8000059c	41f95e93	srai	x29,x18,0x1f	 x18:0xbb49f000 x29=0xffffffff
        3745000	       373	800005a0	88865637	lui	x12,0x88865	 x12=0x88865000
        3755000	       374	800005a4	9639f313	andi	x6,x19,-1693	 x19:0x80008ede  x6=0x80008842
        3765000	       375	800005a8	015236b3	sltu	x13,x4,x21	  x4:0xfea1010b x21:0x0000005d x13=0x00000000
        3775000	       376	800005ac	41a2da33	sra	x20,x5,x26	  x5:0x000000ec x26:0x00000067 x20=0x00000001
        3785000	       377	800005b0	017083a3	sb	x23,7(x1)	  x1:0x80008ede x23:0x00000000 PA:0x80008ee5
        3795000	       378	800005b4	82f4a893	slti	x17,x9,-2001	  x9:0x00000001 x17=0x00000000
        3805000	       379	800005b8	fd708f23	sb	x23,-34(x1)	  x1:0x80008ede x23:0x00000000 PA:0x80008ebc
        3815000	       380	800005bc	00008197	auipc	x3,0x8	  x3=0x800085b8
        3825000	       381	800005c0	45518193	addi	x3,x3,1109	  x3:0x800085b8  x3=0x80008a0d
        3835000	       382	800005c4	017e5b13	srli	x22,x28,0x17	 x28:0x00000001 x22=0x00000000
        3845000	       383	800005c8	fa2189a3	sb	x2,-77(x3)	  x3:0x80008a0d  x2:0x00000049 PA:0x800089c0
        3855000	       384	800005cc	f1b1a783	lw	x15,-229(x3)	  x3:0x80008a0d x15=0x297b2376 PA:0x80008928
        3865000	       385	800005d0	01e1c783	lbu	x15,30(x3)	  x3:0x80008a0d x15=0x00000023 PA:0x80008a2b
        3875000	       386	800005d4	00b1ad33	slt	x26,x3,x11	  x3:0x80008a0d x11:0xfea10096 x26=0x00000001
        3885000	       387	800005d8	f801cb83	lbu	x23,-128(x3)	  x3:0x80008a0d x23=0x000000c2 PA:0x8000898d
        3895000	       388	800005dc	083190a3	sh	x3,129(x3)	  x3:0x80008a0d  x3:0x80008a0d PA:0x80008a8e
        3905000	       389	800005e0	0f518803	lb	x16,245(x3)	  x3:0x80008a0d x16=0x00000031 PA:0x80008b02
        3915000	       390	800005e4	0a2184a3	sb	x2,169(x3)	  x3:0x80008a0d  x2:0x00000049 PA:0x80008ab6
        3925000	       391	800005e8	008d9813	slli	x16,x27,0x8	 x27:0x8000888b x16=0x00888b00
        3935000	       392	800005ec	04f19e83	lh	x29,79(x3)	  x3:0x80008a0d x29=0xffff8176 PA:0x80008a5c
        3945000	       393	800005f0	00000013	addi	x0,x0,0	  x0:0x00000000
        3955000	       394	800005f4	09018003	lb	x0,144(x3)	  x3:0x80008a0d PA:0x80008a9d
        3965000	       395	800005f8	f6a1a3a3	sw	x10,-153(x3)	  x3:0x80008a0d x10:0x00008a17 PA:0x80008974
        3975000	       396	800005fc	05918b23	sb	x25,86(x3)	  x3:0x80008a0d x25:0xfbb49f00 PA:0x80008a63
        3985000	       397	80000600	cc43ca13	xori	x20,x7,-828	  x7:0x80009fc4 x20=0x7fff6300
        3995000	       398	80000604	007d1b13	slli	x22,x26,0x7	 x26:0x00000001 x22=0x00000080
        4005000	       399	80000608	05818ca3	sb	x24,89(x3)	  x3:0x80008a0d x24:0x80000000 PA:0x80008a66
        4015000	       400	8000060c	fd019fa3	sh	x16,-33(x3)	  x3:0x80008a0d x16:0x00888b00 PA:0x800089ec
        4025000	       401	80000610	01bd1833	sll	x16,x26,x27	 x26:0x00000001 x27:0x8000888b x16=0x00000800
        4035000	       402	80000614	f81b2313	slti	x6,x22,-127	 x22:0x00000080  x6=0x00000000
        4045000	       403	80000618	05318da3	sb	x19,91(x3)	  x3:0x80008a0d x19:0x80008ede PA:0x80008a68
        4055000	       404	8000061c	0f71a503	lw	x10,247(x3)	  x3:0x80008a0d x10=0x16e313fe PA:0x80008b04
        4065000	       405	80000620	0158cab3	xor	x21,x17,x21	 x17:0x00000000 x21:0x0000005d x21=0x0000005d
        4075000	       406	80000624	00000013	addi	x0,x0,0	  x0:0x00000000
        4085000	       407	80000628	0fe18e83	lb	x29,254(x3)	  x3:0x80008a0d x29=0x00000035 PA:0x80008b0b
        4095000	       408	8000062c	478c5eb7	lui	x29,0x478c5	 x29=0x478c5000
        4105000	       409	80000630	01e75cb3	srl	x25,x14,x30	 x14:0x00000082 x30:0xff00011d x25=0x00000000
        4115000	       410	80000634	07518e03	lb	x28,117(x3)	  x3:0x80008a0d x28=0xffffffec PA:0x80008a82
        4125000	       411	80000638	fde1a3a3	sw	x30,-57(x3)	  x3:0x80008a0d x30:0xff00011d PA:0x800089d4
        4135000	       412	8000063c	00c65933	srl	x18,x12,x12	 x12:0x88865000 x12:0x88865000 x18=0x88865000
        4145000	       413	80000640	2ec10f93	addi	x31,x2,748	  x2:0x00000049 x31=0x00000335
        4155000	       414	80000644	001ded33	or	x26,x27,x1	 x27:0x8000888b  x1:0x80008ede x26=0x80008edf
        4165000	       415	80000648	06f1a9a3	sw	x15,115(x3)	  x3:0x80008a0d x15:0x00000023 PA:0x80008a80
        4175000	       416	8000064c	02e184a3	sb	x14,41(x3)	  x3:0x80008a0d x14:0x00000082 PA:0x80008a36
        4185000	       417	80000650	04518583	lb	x11,69(x3)	  x3:0x80008a0d x11=0xffffff8d PA:0x80008a52
        4195000	       418	80000654	ff519c03	lh	x24,-11(x3)	  x3:0x80008a0d x24=0xffffdb0e PA:0x80008a02
        4205000	       419	80000658	40df5513	srai	x10,x30,0xd	 x30:0xff00011d x10=0xfffff800
        4215000	       420	8000065c	05018323	sb	x16,70(x3)	  x3:0x80008a0d x16:0x00000800 PA:0x80008a53
        4225000	       421	80000660	00009617	auipc	x12,0x9	 x12=0x8000965c
        4235000	       422	80000664	93460613	addi	x12,x12,-1740	 x12:0x8000965c x12=0x80008f90
        4245000	       423	80000668	00008d17	auipc	x26,0x8	 x26=0x80008664
        4255000	       424	8000066c	2e8d0d13	addi	x26,x26,744	 x26:0x80008664 x26=0x8000894c
        4265000	       425	80000670	005d0b03	lb	x22,5(x26)	 x26:0x8000894c x22=0xffffffe2 PA:0x80008951
        4275000	       426	80000674	ff1d4983	lbu	x19,-15(x26)	 x26:0x8000894c x19=0x000000cd PA:0x8000893d
        4285000	       427	80000678	f9d60503	lb	x10,-99(x12)	 x12:0x80008f90 x10=0x0000006f PA:0x80008f2d
        4295000	       428	8000067c	00bd4983	lbu	x19,11(x26)	 x26:0x8000894c x19=0x0000007a PA:0x80008957
        4305000	       429	80000680	f3e60303	lb	x6,-194(x12)	 x12:0x80008f90  x6=0xffffffa3 PA:0x80008ece
        4315000	       430	80000684	f4265c03	lhu	x24,-190(x12)	 x12:0x80008f90 x24=0x00007cee PA:0x80008ed2
        4325000	       431	80000688	010d0723	sb	x16,14(x26)	 x26:0x8000894c x16:0x00000800 PA:0x8000895a
        4335000	       432	8000068c	fd1608a3	sb	x17,-47(x12)	 x12:0x80008f90 x17:0x00000000 PA:0x80008f61
        4345000	       433	80000690	007d4c83	lbu	x25,7(x26)	 x26:0x8000894c x25=0x000000f2 PA:0x80008953
        4355000	       434	80000694	f25609a3	sb	x5,-205(x12)	 x12:0x80008f90  x5:0x000000ec PA:0x80008ec3
        4365000	       435	80000698	f6c600a3	sb	x12,-159(x12)	 x12:0x80008f90 x12:0x80008f90 PA:0x80008ef1
        4375000	       436	8000069c	005d2623	sw	x5,12(x26)	 x26:0x8000894c  x5:0x000000ec PA:0x80008958
        4385000	       437	800006a0	006d4303	lbu	x6,6(x26)	 x26:0x8000894c  x6=0x00000064 PA:0x80008952
        4395000	       438	800006a4	05e60b23	sb	x30,86(x12)	 x12:0x80008f90 x30:0xff00011d PA:0x80008fe6
        4405000	       439	800006a8	00008817	auipc	x16,0x8	 x16=0x800086a4
        4415000	       440	800006ac	a7b80813	addi	x16,x16,-1413	 x16:0x800086a4 x16=0x8000811f
        4425000	       441	800006b0	00008797	auipc	x15,0x8	 x15=0x800086ac
        4435000	       442	800006b4	0ae78793	addi	x15,x15,174	 x15:0x800086ac x15=0x8000875a
        4445000	       443	800006b8	ff684683	lbu	x13,-10(x16)	 x16:0x8000811f x13=0x000000c0 PA:0x80008115
        4455000	       444	800006bc	fef80e23	sb	x15,-4(x16)	 x16:0x8000811f x15:0x8000875a PA:0x8000811b
        4465000	       445	800006c0	00478183	lb	x3,4(x15)	 x15:0x8000875a  x3=0xfffffff1 PA:0x8000875e
        4475000	       446	800006c4	00008497	auipc	x9,0x8	  x9=0x800086c0
        4485000	       447	800006c8	01a48493	addi	x9,x9,26	  x9:0x800086c0  x9=0x800086da
        4495000	       448	800006cc	00008317	auipc	x6,0x8	  x6=0x800086c8
        4505000	       449	800006d0	07330313	addi	x6,x6,115	  x6:0x800086c8  x6=0x8000873b
        4515000	       450	800006d4	bf0480a3	sb	x16,-1055(x9)	  x9:0x800086da x16:0x8000811f PA:0x800082bb
        4525000	       451	800006d8	fef78283	lb	x5,-17(x15)	 x15:0x8000875a  x5=0x00000050 PA:0x80008749
        4535000	       452	800006dc	ea134583	lbu	x11,-351(x6)	  x6:0x8000873b x11=0x000000a5 PA:0x800085dc
        4545000	       453	800006e0	0337ce83	lbu	x29,51(x15)	 x15:0x8000875a x29=0x0000003f PA:0x8000878d
        4555000	       454	800006e4	e8b4c003	lbu	x0,-373(x9)	  x9:0x800086da PA:0x80008565
        4565000	       455	800006e8	ffe84d83	lbu	x27,-2(x16)	 x16:0x8000811f x27=0x000000d9 PA:0x8000811d
        4575000	       456	800006ec	c0830883	lb	x17,-1016(x6)	  x6:0x8000873b x17=0xffffffd1 PA:0x80008343
        4585000	       457	800006f0	d4948103	lb	x2,-695(x9)	  x9:0x800086da  x2=0x00000018 PA:0x80008423
        4595000	       458	800006f4	c7f483a3	sb	x31,-921(x9)	  x9:0x800086da x31:0x00000335 PA:0x80008341
        4605000	       459	800006f8	00585083	lhu	x1,5(x16)	 x16:0x8000811f  x1=0x00005cc8 PA:0x80008124
        4615000	       460	800006fc	fe7787a3	sb	x7,-17(x15)	 x15:0x8000875a  x7:0x80009fc4 PA:0x80008749
        4625000	       461	80000700	039785a3	sb	x25,43(x15)	 x15:0x8000875a x25:0x000000f2 PA:0x80008785
        4635000	       462	80000704	04c30503	lb	x10,76(x6)	  x6:0x8000873b x10=0x0000006c PA:0x80008787
        4645000	       463	80000708	03978883	lb	x17,57(x15)	 x15:0x8000875a x17=0x0000000b PA:0x80008793
        4655000	       464	8000070c	c7030323	sb	x16,-922(x6)	  x6:0x8000873b x16:0x8000811f PA:0x800083a1
        4665000	       465	80000710	01080223	sb	x16,4(x16)	 x16:0x8000811f x16:0x8000811f PA:0x80008123
        4675000	       466	80000714	fcb48b83	lb	x23,-53(x9)	  x9:0x800086da x23=0x00000055 PA:0x800086a5
        4685000	       467	80000718	b1634f03	lbu	x30,-1258(x6)	  x6:0x8000873b x30=0x0000007a PA:0x80008251
        4695000	       468	8000071c	00049a03	lh	x20,0(x9)	  x9:0x800086da x20=0xffff9d6f PA:0x800086da
        4705000	       469	80000720	ff2819a3	sh	x18,-13(x16)	 x16:0x8000811f x18:0x88865000 PA:0x80008112
        4715000	       470	80000724	03278f83	lb	x31,50(x15)	 x15:0x8000875a x31=0x0000002a PA:0x8000878c
        4725000	       471	80000728	fdd7c983	lbu	x19,-35(x15)	 x15:0x8000875a x19=0x00000008 PA:0x80008737
        4735000	       472	8000072c	0df486a3	sb	x31,205(x9)	  x9:0x800086da x31:0x0000002a PA:0x800087a7
        4745000	       473	80000730	d0e34e03	lbu	x28,-754(x6)	  x6:0x8000873b x28=0x000000e9 PA:0x80008449
        4755000	       474	80000734	a7f48e03	lb	x28,-1409(x9)	  x9:0x800086da x28=0x00000000 PA:0x80008159
        4765000	       475	80000738	02b78103	lb	x2,43(x15)	 x15:0x8000875a  x2=0xfffffff2 PA:0x80008785
        4775000	       476	8000073c	dda30023	sb	x26,-576(x6)	  x6:0x8000873b x26:0x8000894c PA:0x800084fb
        4785000	       477	80000740	00008997	auipc	x19,0x8	 x19=0x8000873c
        4795000	       478	80000744	54d98993	addi	x19,x19,1357	 x19:0x8000873c x19=0x80008c89
        4805000	       479	80000748	00a9c603	lbu	x12,10(x19)	 x19:0x80008c89 x12=0x0000007a PA:0x80008c93
        4815000	       480	8000074c	00008117	auipc	x2,0x8	  x2=0x80008748
        4825000	       481	80000750	31a10113	addi	x2,x2,794	  x2:0x80008748  x2=0x80008a62
        4835000	       482	80000754	4dc15803	lhu	x16,1244(x2)	  x2:0x80008a62 x16=0x0000c6e9 PA:0x80008f3e
        4845000	       483	80000758	01998523	sb	x25,10(x19)	 x19:0x80008c89 x25:0x000000f2 PA:0x80008c93
        4855000	       484	8000075c	00498323	sb	x4,6(x19)	 x19:0x80008c89  x4:0xfea1010b PA:0x80008c8f
        4865000	       485	80000760	18a101a3	sb	x10,387(x2)	  x2:0x80008a62 x10:0x0000006c PA:0x80008be5
        4875000	       486	80000764	eba11283	lh	x5,-326(x2)	  x2:0x80008a62  x5=0x000079b5 PA:0x8000891c
        4885000	       487	80000768	08b10703	lb	x14,139(x2)	  x2:0x80008a62 x14=0xffffff85 PA:0x80008aed
        4895000	       488	8000076c	44811a03	lh	x20,1096(x2)	  x2:0x80008a62 x20=0x00004338 PA:0x80008eaa
        4905000	       489	80000770	00898783	lb	x15,8(x19)	 x19:0x80008c89 x15=0x0000007b PA:0x80008c91
        4915000	       490	80000774	01e990a3	sh	x30,1(x19)	 x19:0x80008c89 x30:0x0000007a PA:0x80008c8a
        4925000	       491	80000778	00c9cd83	lbu	x27,12(x19)	 x19:0x80008c89 x27=0x00000063 PA:0x80008c95
        4935000	       492	8000077c	005994a3	sh	x5,9(x19)	 x19:0x80008c89  x5:0x000079b5 PA:0x80008c92
        4945000	       493	80000780	00015d83	lhu	x27,0(x2)	  x2:0x80008a62 x27=0x00000043 PA:0x80008a62
        4955000	       494	80000784	01898823	sb	x24,16(x19)	 x19:0x80008c89 x24:0x00007cee PA:0x80008c99
        4965000	       495	80000788	35811483	lh	x9,856(x2)	  x2:0x80008a62  x9=0x00003fb6 PA:0x80008dba
        4975000	       496	8000078c	f8b14683	lbu	x13,-117(x2)	  x2:0x80008a62 x13=0x0000008b PA:0x800089ed
        4985000	       497	80000790	49410703	lb	x14,1172(x2)	  x2:0x80008a62 x14=0x00000047 PA:0x80008ef6
        4995000	       498	80000794	3f610423	sb	x22,1000(x2)	  x2:0x80008a62 x22:0xffffffe2 PA:0x80008e4a
        5005000	       499	80000798	00008b97	auipc	x23,0x8	 x23=0x80008794
        5015000	       500	8000079c	364b8b93	addi	x23,x23,868	 x23:0x80008794 x23=0x80008af8
        5025000	       501	800007a0	e6bb9823	sh	x11,-400(x23)	 x23:0x80008af8 x11:0x000000a5 PA:0x80008968
        5035000	       502	800007a4	24db9323	sh	x13,582(x23)	 x23:0x80008af8 x13:0x0000008b PA:0x80008d3e
        5045000	       503	800007a8	26fbcf03	lbu	x30,623(x23)	 x23:0x80008af8 x30=0x00000024 PA:0x80008d67
        5055000	       504	800007ac	fe1bc503	lbu	x10,-31(x23)	 x23:0x80008af8 x10=0x0000007f PA:0x80008ad9
        5065000	       505	800007b0	fe1b8903	lb	x18,-31(x23)	 x23:0x80008af8 x18=0x0000007f PA:0x80008ad9
        5075000	       506	800007b4	fe5b80a3	sb	x5,-31(x23)	 x23:0x80008af8  x5:0x000079b5 PA:0x80008ad9
        5085000	       507	800007b8	fe1bcc03	lbu	x24,-31(x23)	 x23:0x80008af8 x24=0x000000b5 PA:0x80008ad9
        5095000	       508	800007bc	01916a33	or	x20,x2,x25	  x2:0x80008a62 x25:0x000000f2 x20=0x80008af2
        5105000	       509	800007c0	0c5bc903	lbu	x18,197(x23)	 x23:0x80008af8 x18=0x00000058 PA:0x80008bbd
        5115000	       510	800007c4	0c4b82a3	sb	x4,197(x23)	 x23:0x80008af8  x4:0xfea1010b PA:0x80008bbd
        5125000	       511	800007c8	3b1b8603	lb	x12,945(x23)	 x23:0x80008af8 x12=0xffffffc0 PA:0x80008ea9
        5135000	       512	800007cc	239bc083	lbu	x1,569(x23)	 x23:0x80008af8  x1=0x000000fc PA:0x80008d31
        5145000	       513	800007d0	239b8c03	lb	x24,569(x23)	 x23:0x80008af8 x24=0xfffffffc PA:0x80008d31
        5155000	       514	800007d4	00000013	addi	x0,x0,0	  x0:0x00000000
        5165000	       515	800007d8	ce81fd93	andi	x27,x3,-792	  x3:0xfffffff1 x27=0xfffffce0
        5175000	       516	800007dc	d9fb8c03	lb	x24,-609(x23)	 x23:0x80008af8 x24=0xffffff91 PA:0x80008897
        5185000	       517	800007e0	0febc683	lbu	x13,254(x23)	 x23:0x80008af8 x13=0x0000006f PA:0x80008bf6
        5195000	       518	800007e4	0febcb03	lbu	x22,254(x23)	 x23:0x80008af8 x22=0x0000006f PA:0x80008bf6
        5205000	       519	800007e8	00008c17	auipc	x24,0x8	 x24=0x800087e4
        5215000	       520	800007ec	4d2c0c13	addi	x24,x24,1234	 x24:0x800087e4 x24=0x80008cb6
        5225000	       521	800007f0	ec9c0783	lb	x15,-311(x24)	 x24:0x80008cb6 x15=0xffffff96 PA:0x80008b7f
        5235000	       522	800007f4	c17c0b23	sb	x23,-1002(x24)	 x24:0x80008cb6 x23:0x80008af8 PA:0x800088cc
        5245000	       523	800007f8	c17c1b23	sh	x23,-1002(x24)	 x24:0x80008cb6 x23:0x80008af8 PA:0x800088cc
        5255000	       524	800007fc	c0cc2b23	sw	x12,-1002(x24)	 x24:0x80008cb6 x12:0xffffffc0 PA:0x800088cc
        5265000	       525	80000800	1e8c2b23	sw	x8,502(x24)	 x24:0x80008cb6  x8:0x80009f84 PA:0x80008eac
        5275000	       526	80000804	c84c4783	lbu	x15,-892(x24)	 x24:0x80008cb6 x15=0x000000f5 PA:0x8000893a
        5285000	       527	80000808	b64c0583	lb	x11,-1180(x24)	 x24:0x80008cb6 x11=0xffffff9b PA:0x8000881a
        5295000	       528	8000080c	191c4d03	lbu	x26,401(x24)	 x24:0x80008cb6 x26=0x00000020 PA:0x80008e47
        5305000	       529	80000810	07ec4f03	lbu	x30,126(x24)	 x24:0x80008cb6 x30=0x00000034 PA:0x80008d34
        5315000	       530	80000814	f4ec5483	lhu	x9,-178(x24)	 x24:0x80008cb6  x9=0x00005673 PA:0x80008c04
        5325000	       531	80000818	c92c2003	lw	x0,-878(x24)	 x24:0x80008cb6 PA:0x80008948
        5335000	       532	8000081c	019a5db3	srl	x27,x20,x25	 x20:0x80008af2 x25:0x000000f2 x27=0x00002000
        5345000	       533	80000820	c92c1b03	lh	x22,-878(x24)	 x24:0x80008cb6 x22=0x00006148 PA:0x80008948
        5355000	       534	80000824	c9fc1923	sh	x31,-878(x24)	 x24:0x80008cb6 x31:0x0000002a PA:0x80008948
        5365000	       535	80000828	26bc4483	lbu	x9,619(x24)	 x24:0x80008cb6  x9=0x00000068 PA:0x80008f21
        5375000	       536	8000082c	bd2ee593	ori	x11,x29,-1070	 x29:0x0000003f x11=0xfffffbff
        5385000	       537	80000830	d75c4903	lbu	x18,-651(x24)	 x24:0x80008cb6 x18=0x00000023 PA:0x80008a2b
        5395000	       538	80000834	00008517	auipc	x10,0x8	 x10=0x80008830
        5405000	       539	80000838	71f50513	addi	x10,x10,1823	 x10:0x80008830 x10=0x80008f4f
        5415000	       540	8000083c	fff516a3	sh	x31,-19(x10)	 x10:0x80008f4f x31:0x0000002a PA:0x80008f3c
        5425000	       541	80000840	fed54e83	lbu	x29,-19(x10)	 x10:0x80008f4f x29=0x0000002a PA:0x80008f3c
        5435000	       542	80000844	ff9526a3	sw	x25,-19(x10)	 x10:0x80008f4f x25:0x000000f2 PA:0x80008f3c
        5445000	       543	80000848	01f684b3	add	x9,x13,x31	 x13:0x0000006f x31:0x0000002a  x9=0x00000099
        5455000	       544	8000084c	01415b13	srli	x22,x2,0x14	  x2:0x80008a62 x22=0x00000800
        5465000	       545	80000850	b75c8f17	auipc	x30,0xb75c8	 x30=0x375c884c
        5475000	       546	80000854	fed54703	lbu	x14,-19(x10)	 x10:0x80008f4f x14=0x000000f2 PA:0x80008f3c
        5485000	       547	80000858	005510a3	sh	x5,1(x10)	 x10:0x80008f4f  x5:0x000079b5 PA:0x80008f50
        5495000	       548	8000085c	017520a3	sw	x23,1(x10)	 x10:0x80008f4f x23:0x80008af8 PA:0x80008f50
        5505000	       549	80000860	009510a3	sh	x9,1(x10)	 x10:0x80008f4f  x9:0x00000099 PA:0x80008f50
        5515000	       550	80000864	fca54903	lbu	x18,-54(x10)	 x10:0x80008f4f x18=0x0000002b PA:0x80008f19
        5525000	       551	80000868	fca50f03	lb	x30,-54(x10)	 x10:0x80008f4f x30=0x0000002b PA:0x80008f19
        5535000	       552	8000086c	ffb54903	lbu	x18,-5(x10)	 x10:0x80008f4f x18=0x000000f3 PA:0x80008f4a
        5545000	       553	80000870	00008117	auipc	x2,0x8	  x2=0x8000886c
        5555000	       554	80000874	76810113	addi	x2,x2,1896	  x2:0x8000886c  x2=0x80008fd4
        5565000	       555	80000878	407dd633	sra	x12,x27,x7	 x27:0x00002000  x7:0x80009fc4 x12=0x00000200
        5575000	       556	8000087c	ffc102a3	sb	x28,-27(x2)	  x2:0x80008fd4 x28:0x00000000 PA:0x80008fb9
        5585000	       557	80000880	4023d0b3	sra	x1,x7,x2	  x7:0x80009fc4  x2:0x80008fd4  x1=0xfffff800
        5595000	       558	80000884	fff102a3	sb	x31,-27(x2)	  x2:0x80008fd4 x31:0x0000002a PA:0x80008fb9
        5605000	       559	80000888	413e8033	sub	x0,x29,x19	 x29:0x0000002a x19:0x80008c89
        5615000	       560	8000088c	fe9102a3	sb	x9,-27(x2)	  x2:0x80008fd4  x9:0x00000099 PA:0x80008fb9
        5625000	       561	80000890	4e262e13	slti	x28,x12,1250	 x12:0x00000200 x28=0x00000001
        5635000	       562	80000894	fe510a83	lb	x21,-27(x2)	  x2:0x80008fd4 x21=0xffffff99 PA:0x80008fb9
        5645000	       563	80000898	fe514783	lbu	x15,-27(x2)	  x2:0x80008fd4 x15=0x00000099 PA:0x80008fb9
        5655000	       564	8000089c	402587b3	sub	x15,x11,x2	 x11:0xfffffbff  x2:0x80008fd4 x15=0x7fff6c2b
        5665000	       565	800008a0	ff2102a3	sb	x18,-27(x2)	  x2:0x80008fd4 x18:0x000000f3 PA:0x80008fb9
        5675000	       566	800008a4	fe510c03	lb	x24,-27(x2)	  x2:0x80008fd4 x24=0xfffffff3 PA:0x80008fb9
        5685000	       567	800008a8	0190d533	srl	x10,x1,x25	  x1:0xfffff800 x25:0x000000f2 x10=0x00003fff
        5695000	       568	800008ac	fe510f03	lb	x30,-27(x2)	  x2:0x80008fd4 x30=0xfffffff3 PA:0x80008fb9
        5705000	       569	800008b0	fe510f03	lb	x30,-27(x2)	  x2:0x80008fd4 x30=0xfffffff3 PA:0x80008fb9
        5715000	       570	800008b4	fe510f03	lb	x30,-27(x2)	  x2:0x80008fd4 x30=0xfffffff3 PA:0x80008fb9
        5725000	       571	800008b8	ffd102a3	sb	x29,-27(x2)	  x2:0x80008fd4 x29:0x0000002a PA:0x80008fb9
        5735000	       572	800008bc	fe514d83	lbu	x27,-27(x2)	  x2:0x80008fd4 x27=0x0000002a PA:0x80008fb9
        5745000	       573	800008c0	00f10d83	lb	x27,15(x2)	  x2:0x80008fd4 x27=0x00000009 PA:0x80008fe3
        5755000	       574	800008c4	01110e83	lb	x29,17(x2)	  x2:0x80008fd4 x29=0xffffffaf PA:0x80008fe5
        5765000	       575	800008c8	01114903	lbu	x18,17(x2)	  x2:0x80008fd4 x18=0x000000af PA:0x80008fe5
        5775000	       576	00000000	00000013	addi	x0,x0,0	  x0:0x00000000
        5785000	       577	800008cc	01297133	and	x2,x18,x18	 x18:0x000000af x18:0x000000af  x2=0x000000af
        5795000	       578	800008d0	41adde33	sra	x28,x27,x26	 x27:0x00000009 x26:0x00000020 x28=0x00000009
        5805000	       579	800008d4	0164f8b3	and	x17,x9,x22	  x9:0x00000099 x22:0x00000800 x17=0x00000000
        5815000	       580	800008d8	40f25993	srai	x19,x4,0xf	  x4:0xfea1010b x19=0xfffffd42
        5825000	       581	800008dc	0501f463	bgeu	x3,x16,80000924	  x3:0xfffffff1 x16:0x0000c6e9
        5835000	       582	00000000	00000013	addi	x0,x0,0	  x0:0x00000000
        5845000	       583	80000920	00000013	addi	x0,x0,0	  x0:0x00000000
        5855000	       584	80000924	40255d33	sra	x26,x10,x2	 x10:0x00003fff  x2:0x000000af x26=0x00000000
        5865000	       585	80000928	01ed1293	slli	x5,x26,0x1e	 x26:0x00000000  x5=0x00000000
        5875000	       586	8000092c	00d24833	xor	x16,x4,x13	  x4:0xfea1010b x13:0x0000006f x16=0xfea10164
        5885000	       587	80000930	f5f36a13	ori	x20,x6,-161	  x6:0x8000873b x20=0xffffff7f
        5895000	       588	80000934	0095bc33	sltu	x24,x11,x9	 x11:0xfffffbff  x9:0x00000099 x24=0x00000000
        5905000	       589	80000938	00723eb3	sltu	x29,x4,x7	  x4:0xfea1010b  x7:0x80009fc4 x29=0x00000000
        5915000	       590	8000093c	00be9793	slli	x15,x29,0xb	 x29:0x00000000 x15=0x00000000
        5925000	       591	80000940	40af5f13	srai	x30,x30,0xa	 x30:0xfffffff3 x30=0xffffffff
        5935000	       592	80000944	05b77263	bgeu	x14,x27,80000988	 x14:0x000000f2 x27:0x00000009
        5945000	       593	00000000	00000013	addi	x0,x0,0	  x0:0x00000000
        5955000	       594	80000984	00000013	addi	x0,x0,0	  x0:0x00000000
        5965000	       595	80000988	40ff84b3	sub	x9,x31,x15	 x31:0x0000002a x15:0x00000000  x9=0x0000002a
        5975000	       596	8000098c	4b2c0b13	addi	x22,x24,1202	 x24:0x00000000 x22=0x000004b2
        5985000	       597	80000990	ea224b37	lui	x22,0xea224	 x22=0xea224000
        5995000	       598	80000994	04d85063	bge	x16,x13,800009d4	 x16:0xfea10164 x13:0x0000006f
        6005000	       599	80000998	012cf533	and	x10,x25,x18	 x25:0x000000f2 x18:0x000000af x10=0x000000a2
        6015000	       600	8000099c	00e4cfb3	xor	x31,x9,x14	  x9:0x0000002a x14:0x000000f2 x31=0x000000d8
        6025000	       601	800009a0	031eda63	bge	x29,x17,800009d4	 x29:0x00000000 x17:0x00000000
        6035000	       602	00000000	00000013	addi	x0,x0,0	  x0:0x00000000
        6045000	       603	800009d0	00000013	addi	x0,x0,0	  x0:0x00000000
        6055000	       604	800009d4	010f5863	bge	x30,x16,800009e4	 x30:0xffffffff x16:0xfea10164
        6065000	       605	00000000	00000013	addi	x0,x0,0	  x0:0x00000000
        6075000	       606	800009e0	00000013	addi	x0,x0,0	  x0:0x00000000
        6085000	       607	800009e4	f9bc2313	slti	x6,x24,-101	 x24:0x00000000  x6=0x00000000
        6095000	       608	800009e8	01294463	blt	x18,x18,800009f0	 x18:0x000000af x18:0x000000af
        6105000	       609	800009ec	40375893	srai	x17,x14,0x3	 x14:0x000000f2 x17=0x0000001e
        6115000	       610	800009f0	00f58e63	beq	x11,x15,80000a0c	 x11:0xfffffbff x15:0x00000000
        6125000	       611	800009f4	004c9d33	sll	x26,x25,x4	 x25:0x000000f2  x4:0xfea1010b x26=0x00079000
        6135000	       612	800009f8	7424ad93	slti	x27,x9,1858	  x9:0x0000002a x27=0x00000001
        6145000	       613	800009fc	b4b08493	addi	x9,x1,-1205	  x1:0xfffff800  x9=0xfffff34b
        6155000	       614	80000a00	00425033	srl	x0,x4,x4	  x4:0xfea1010b  x4:0xfea1010b
        6165000	       615	80000a04	005381b3	add	x3,x7,x5	  x7:0x80009fc4  x5:0x00000000  x3=0x80009fc4
        6175000	       616	80000a08	01b5a5b3	slt	x11,x11,x27	 x11:0xfffffbff x27:0x00000001 x11=0x00000001
        6185000	       617	80000a0c	04d6e463	bltu	x13,x13,80000a54	 x13:0x0000006f x13:0x0000006f
        6195000	       618	80000a10	8b158993	addi	x19,x11,-1871	 x11:0x00000001 x19=0xfffff8b2
        6205000	       619	80000a14	00c4a0b3	slt	x1,x9,x12	  x9:0xfffff34b x12:0x00000200  x1=0x00000001
        6215000	       620	80000a18	04177463	bgeu	x14,x1,80000a60	 x14:0x000000f2  x1:0x00000001
        6225000	       621	00000000	00000013	addi	x0,x0,0	  x0:0x00000000
        6235000	       622	80000a5c	00000013	addi	x0,x0,0	  x0:0x00000000
        6245000	       623	80000a60	01cc9bb3	sll	x23,x25,x28	 x25:0x000000f2 x28:0x00000009 x23=0x0001e400
        6255000	       624	80000a64	17b4a717	auipc	x14,0x17b4a	 x14=0x97b4aa60
        6265000	       625	80000a68	00d80e33	add	x28,x16,x13	 x16:0xfea10164 x13:0x0000006f x28=0xfea101d3
        6275000	       626	80000a6c	0244f463	bgeu	x9,x4,80000a94	  x9:0xfffff34b  x4:0xfea1010b
        6285000	       627	00000000	00000013	addi	x0,x0,0	  x0:0x00000000
        6295000	       628	80000a90	00000013	addi	x0,x0,0	  x0:0x00000000
        6305000	       629	80000a94	4f1fb193	sltiu	x3,x31,1265	 x31:0x000000d8  x3=0x00000001
        6315000	       630	80000a98	0003da63	bge	x7,x0,80000aac	  x7:0x80009fc4  x0:0x00000000
        6325000	       631	80000a9c	406c54b3	sra	x9,x24,x6	 x24:0x00000000  x6:0x00000000  x9=0x00000000
        6335000	       632	80000aa0	000e7633	and	x12,x28,x0	 x28:0xfea101d3  x0:0x00000000 x12=0x00000000
        6345000	       633	80000aa4	00000013	addi	x0,x0,0	  x0:0x00000000
        6355000	       634	80000aa8	09268193	addi	x3,x13,146	 x13:0x0000006f  x3=0x00000101
        6365000	       635	80000aac	00e8cb33	xor	x22,x17,x14	 x17:0x0000001e x14:0x97b4aa60 x22=0x97b4aa7e
        6375000	       636	80000ab0	00ab1c13	slli	x24,x22,0xa	 x22:0x97b4aa7e x24=0xd2a9f800
        6385000	       637	80000ab4	b700f893	andi	x17,x1,-1168	  x1:0x00000001 x17=0x00000000
        6395000	       638	80000ab8	054a1263	bne	x20,x20,80000afc	 x20:0xffffff7f x20:0xffffff7f
        6405000	       639	80000abc	059d8063	beq	x27,x25,80000afc	 x27:0x00000001 x25:0x000000f2
        6415000	       640	80000ac0	03098a63	beq	x19,x16,80000af4	 x19:0xfffff8b2 x16:0xfea10164
        6425000	       641	80000ac4	875d6f13	ori	x30,x26,-1931	 x26:0x00079000 x30=0xfffff875
        6435000	       642	80000ac8	31c60137	lui	x2,0x31c60	  x2=0x31c60000
        6445000	       643	80000acc	0140ed33	or	x26,x1,x20	  x1:0x00000001 x20:0xffffff7f x26=0xffffff7f
        6455000	       644	80000ad0	000cdf33	srl	x30,x25,x0	 x25:0x000000f2  x0:0x00000000 x30=0x000000f2
        6465000	       645	80000ad4	00ecca33	xor	x20,x25,x14	 x25:0x000000f2 x14:0x97b4aa60 x20=0x97b4aa92
        6475000	       646	80000ad8	00000013	addi	x0,x0,0	  x0:0x00000000
        6485000	       647	80000adc	026c4263	blt	x24,x6,80000b00	 x24:0xd2a9f800  x6:0x00000000
        6495000	       648	00000000	00000013	addi	x0,x0,0	  x0:0x00000000
        6505000	       649	80000afc	00000013	addi	x0,x0,0	  x0:0x00000000
        6515000	       650	80000b00	008c2fb3	slt	x31,x24,x8	 x24:0xd2a9f800  x8:0x80009f84 x31=0x00000000
        6525000	       651	80000b04	418a01b3	sub	x3,x20,x24	 x20:0x97b4aa92 x24:0xd2a9f800  x3=0xc50ab292
        6535000	       652	80000b08	00000013	addi	x0,x0,0	  x0:0x00000000
        6545000	       653	80000b0c	404600b3	sub	x1,x12,x4	 x12:0x00000000  x4:0xfea1010b  x1=0x015efef5
        6555000	       654	80000b10	01bc69b3	or	x19,x24,x27	 x24:0xd2a9f800 x27:0x00000001 x19=0xd2a9f801
        6565000	       655	80000b14	309c6613	ori	x12,x24,777	 x24:0xd2a9f800 x12=0xd2a9fb09
        6575000	       656	80000b18	719cbe13	sltiu	x28,x25,1817	 x25:0x000000f2 x28=0x00000001
        6585000	       657	80000b1c	01cdcbb3	xor	x23,x27,x28	 x27:0x00000001 x28:0x00000001 x23=0x00000000
        6595000	       658	80000b20	00c6f863	bgeu	x13,x12,80000b30	 x13:0x0000006f x12:0xd2a9fb09
        6605000	       659	80000b24	01a70d33	add	x26,x14,x26	 x14:0x97b4aa60 x26:0xffffff7f x26=0x97b4a9df
        6615000	       660	80000b28	40140833	sub	x16,x8,x1	  x8:0x80009f84  x1:0x015efef5 x16=0x7ea1a08f
        6625000	       661	80000b2c	05e8f463	bgeu	x17,x30,80000b74	 x17:0x00000000 x30:0x000000f2
        6635000	       662	80000b30	40b08ab3	sub	x21,x1,x11	  x1:0x015efef5 x11:0x00000001 x21=0x015efef4
        6645000	       663	80000b34	026b4c63	blt	x22,x6,80000b6c	 x22:0x97b4aa7e  x6:0x00000000
        6655000	       664	00000000	00000013	addi	x0,x0,0	  x0:0x00000000
        6665000	       665	80000b68	00000013	addi	x0,x0,0	  x0:0x00000000
        6675000	       666	80000b6c	4ae46093	ori	x1,x8,1198	  x8:0x80009f84  x1=0x80009fae
        6685000	       667	80000b70	412bda13	srai	x20,x23,0x12	 x23:0x00000000 x20=0x00000000
        6695000	       668	80000b74	00bb85b3	add	x11,x23,x11	 x23:0x00000000 x11:0x00000001 x11=0x00000001
        6705000	       669	80000b78	16636013	ori	x0,x6,358	  x6:0x00000000
        6715000	       670	80000b7c	00a76463	bltu	x14,x10,80000b84	 x14:0x97b4aa60 x10:0x000000a2
        6725000	       671	80000b80	00298cb3	add	x25,x19,x2	 x19:0xd2a9f801  x2:0x31c60000 x25=0x046ff801
        6735000	       672	80000b84	415751b3	sra	x3,x14,x21	 x14:0x97b4aa60 x21:0x015efef4  x3=0xfffff97b
        6745000	       673	80000b88	00000013	addi	x0,x0,0	  x0:0x00000000
        6755000	       674	80000b8c	011a0fb3	add	x31,x20,x17	 x20:0x00000000 x17:0x00000000 x31=0x00000000
        6765000	       675	80000b90	415d5e33	sra	x28,x26,x21	 x26:0x97b4a9df x21:0x015efef4 x28=0xfffff97b
        6775000	       676	80000b94	008c0ab3	add	x21,x24,x8	 x24:0xd2a9f800  x8:0x80009f84 x21=0x52aa9784
        6785000	       677	80000b98	0193dd13	srli	x26,x7,0x19	  x7:0x80009fc4 x26=0x00000040
        6795000	       678	80000b9c	03d56463	bltu	x10,x29,80000bc4	 x10:0x000000a2 x29:0x00000000
        6805000	       679	80000ba0	04be6263	bltu	x28,x11,80000be4	 x28:0xfffff97b x11:0x00000001
        6815000	       680	80000ba4	01b555b3	srl	x11,x10,x27	 x10:0x000000a2 x27:0x00000001 x11=0x00000051
        6825000	       681	80000ba8	ee229fb7	lui	x31,0xee229	 x31=0xee229000
        6835000	       682	80000bac	016c3cb3	sltu	x25,x24,x22	 x24:0xd2a9f800 x22:0x97b4aa7e x25=0x00000000
        6845000	       683	80000bb0	05a6c463	blt	x13,x26,80000bf8	 x13:0x0000006f x26:0x00000040
        6855000	       684	80000bb4	019e1b13	slli	x22,x28,0x19	 x28:0xfffff97b x22=0xf6000000
        6865000	       685	80000bb8	01e51793	slli	x15,x10,0x1e	 x10:0x000000a2 x15=0x80000000
        6875000	       686	80000bbc	00ec9e33	sll	x28,x25,x14	 x25:0x00000000 x14:0x97b4aa60 x28=0x00000000
        6885000	       687	80000bc0	002c8e33	add	x28,x25,x2	 x25:0x00000000  x2:0x31c60000 x28=0x31c60000
        6895000	       688	80000bc4	00366333	or	x6,x12,x3	 x12:0xd2a9fb09  x3:0xfffff97b  x6=0xfffffb7b
        6905000	       689	80000bc8	41b45093	srai	x1,x8,0x1b	  x8:0x80009f84  x1=0xfffffff0
        6915000	       690	80000bcc	bcbe7113	andi	x2,x28,-1077	 x28:0x31c60000  x2=0x31c60000
        6925000	       691	80000bd0	00e08c33	add	x24,x1,x14	  x1:0xfffffff0 x14:0x97b4aa60 x24=0x97b4aa50
        6935000	       692	80000bd4	80b32913	slti	x18,x6,-2037	  x6:0xfffffb7b x18=0x00000000
        6945000	       693	80000bd8	00041713	slli	x14,x8,0x0	  x8:0x80009f84 x14=0x80009f84
        6955000	       694	80000bdc	616c8093	addi	x1,x25,1558	 x25:0x00000000  x1=0x00000616
        6965000	       695	80000be0	0339f663	bgeu	x19,x19,80000c0c	 x19:0xd2a9f801 x19:0xd2a9f801
        6975000	       696	00000000	00000013	addi	x0,x0,0	  x0:0x00000000
        6985000	       697	80000c08	00000013	addi	x0,x0,0	  x0:0x00000000
        6995000	       698	80000c0c	0003efb3	or	x31,x7,x0	  x7:0x80009fc4  x0:0x00000000 x31=0x80009fc4
        7005000	       699	80000c10	40778733	sub	x14,x15,x7	 x15:0x80000000  x7:0x80009fc4 x14=0xffff603c
        7015000	       700	80000c14	04f31063	bne	x6,x15,80000c54	  x6:0xfffffb7b x15:0x80000000
        7025000	       701	00000000	00000013	addi	x0,x0,0	  x0:0x00000000
        7035000	       702	80000c50	00000013	addi	x0,x0,0	  x0:0x00000000
        7045000	       703	80000c54	05c5d463	bge	x11,x28,80000c9c	 x11:0x00000051 x28:0x31c60000
        7055000	       704	80000c58	38537893	andi	x17,x6,901	  x6:0xfffffb7b x17=0x00000301
        7065000	       705	80000c5c	962a7e93	andi	x29,x20,-1694	 x20:0x00000000 x29=0x00000000
        7075000	       706	80000c60	03177463	bgeu	x14,x17,80000c88	 x14:0xffff603c x17:0x00000301
        7085000	       707	00000000	00000013	addi	x0,x0,0	  x0:0x00000000
        7095000	       708	80000c84	00000013	addi	x0,x0,0	  x0:0x00000000
        7105000	       709	80000c88	23713693	sltiu	x13,x2,567	  x2:0x31c60000 x13=0x00000000
        7115000	       710	80000c8c	41bb88b3	sub	x17,x23,x27	 x23:0x00000000 x27:0x00000001 x17=0xffffffff
        7125000	       711	80000c90	403f0db3	sub	x27,x30,x3	 x30:0x000000f2  x3:0xfffff97b x27=0x00000777
        7135000	       712	80000c94	01457863	bgeu	x10,x20,80000ca4	 x10:0x000000a2 x20:0x00000000
        7145000	       713	00000000	00000013	addi	x0,x0,0	  x0:0x00000000
        7155000	       714	80000ca0	00000013	addi	x0,x0,0	  x0:0x00000000
        7165000	       715	80000ca4	00576e63	bltu	x14,x5,80000cc0	 x14:0xffff603c  x5:0x00000000
        7175000	       716	80000ca8	03339463	bne	x7,x19,80000cd0	  x7:0x80009fc4 x19:0xd2a9f801
        7185000	       717	00000000	00000013	addi	x0,x0,0	  x0:0x00000000
        7195000	       718	80000ccc	00000013	addi	x0,x0,0	  x0:0x00000000
        7205000	       719	80000cd0	0532e463	bltu	x5,x19,80000d18	  x5:0x00000000 x19:0xd2a9f801
        7215000	       720	00000000	00000013	addi	x0,x0,0	  x0:0x00000000
        7225000	       721	80000d14	00000013	addi	x0,x0,0	  x0:0x00000000
        7235000	       722	80000d18	40378eb3	sub	x29,x15,x3	 x15:0x80000000  x3:0xfffff97b x29=0x80000685
        7245000	       723	80000d1c	01f1c0b3	xor	x1,x3,x31	  x3:0xfffff97b x31:0x80009fc4  x1=0x7fff66bf
        7255000	       724	80000d20	018cc1b3	xor	x3,x25,x24	 x25:0x00000000 x24:0x97b4aa50  x3=0x97b4aa50
        7265000	       725	80000d24	41065313	srai	x6,x12,0x10	 x12:0xd2a9fb09  x6=0xffffd2a9
        7275000	       726	80000d28	0173d6b3	srl	x13,x7,x23	  x7:0x80009fc4 x23:0x00000000 x13=0x80009fc4
        7285000	       727	80000d2c	007ac9b3	xor	x19,x21,x7	 x21:0x52aa9784  x7:0x80009fc4 x19=0xd2aa0840
        7295000	       728	80000d30	30dbb613	sltiu	x12,x23,781	 x23:0x00000000 x12=0x00000001
        7305000	       729	80000d34	04884463	blt	x16,x8,80000d7c	 x16:0x7ea1a08f  x8:0x80009f84
        7315000	       730	80000d38	0124a033	slt	x0,x9,x18	  x9:0x00000000 x18:0x00000000
        7325000	       731	80000d3c	019746b3	xor	x13,x14,x25	 x14:0xffff603c x25:0x00000000 x13=0xffff603c
        7335000	       732	80000d40	41665933	sra	x18,x12,x22	 x12:0x00000001 x22:0xf6000000 x18=0x00000001
        7345000	       733	80000d44	0157fd33	and	x26,x15,x21	 x15:0x80000000 x21:0x52aa9784 x26=0x00000000
        7355000	       734	80000d48	a6fa2c13	slti	x24,x20,-1425	 x20:0x00000000 x24=0x00000000
        7365000	       735	80000d4c	329e0113	addi	x2,x28,809	 x28:0x31c60000  x2=0x31c60329
        7375000	       736	80000d50	0166ae33	slt	x28,x13,x22	 x13:0xffff603c x22:0xf6000000 x28=0x00000000
        7385000	       737	80000d54	b12d3113	sltiu	x2,x26,-1262	 x26:0x00000000  x2=0x00000001
        7395000	       738	80000d58	02e4ca63	blt	x9,x14,80000d8c	  x9:0x00000000 x14:0xffff603c
        7405000	       739	80000d5c	06cafc63	bgeu	x21,x12,80000dd4	 x21:0x52aa9784 x12:0x00000001
        7415000	       740	00000000	00000013	addi	x0,x0,0	  x0:0x00000000
        7425000	       741	80000dd0	00000013	addi	x0,x0,0	  x0:0x00000000
        7435000	       742	80000dd4	86cf8293	addi	x5,x31,-1940	 x31:0x80009fc4  x5=0x80009830
        7445000	       743	80000dd8	2489e613	ori	x12,x19,584	 x19:0xd2aa0840 x12=0xd2aa0a48
        7455000	       744	80000ddc	024fd663	bge	x31,x4,80000e08	 x31:0x80009fc4  x4:0xfea1010b
        7465000	       745	80000de0	00d7e933	or	x18,x15,x13	 x15:0x80000000 x13:0xffff603c x18=0xffff603c
        7475000	       746	80000de4	011e3b33	sltu	x22,x28,x17	 x28:0x00000000 x17:0xffffffff x22=0x00000001
        7485000	       747	80000de8	02af6263	bltu	x30,x10,80000e0c	 x30:0x000000f2 x10:0x000000a2
        7495000	       748	80000dec	403b5a93	srai	x21,x22,0x3	 x22:0x00000001 x21=0x00000000
        7505000	       749	80000df0	00a990b3	sll	x1,x19,x10	 x19:0xd2aa0840 x10:0x000000a2  x1=0x4aa82100
        7515000	       750	80000df4	006c7533	and	x10,x24,x6	 x24:0x00000000  x6:0xffffd2a9 x10=0x00000000
        7525000	       751	80000df8	236afe13	andi	x28,x21,566	 x21:0x00000000 x28=0x00000000
        7535000	       752	80000dfc	49dc2493	slti	x9,x24,1181	 x24:0x00000000  x9=0x00000001
        7545000	       753	80000e00	00dc0a63	beq	x24,x13,80000e14	 x24:0x00000000 x13:0xffff603c
        7555000	       754	80000e04	0095d693	srli	x13,x11,0x9	 x11:0x00000051 x13=0x00000000
        7565000	       755	80000e08	00984f33	xor	x30,x16,x9	 x16:0x7ea1a08f  x9:0x00000001 x30=0x7ea1a08e
        7575000	       756	80000e0c	00576a33	or	x20,x14,x5	 x14:0xffff603c  x5:0x80009830 x20=0xfffff83c
        7585000	       757	80000e10	01d8ec33	or	x24,x17,x29	 x17:0xffffffff x29:0x80000685 x24=0xffffffff
        7595000	       758	80000e14	002a91b3	sll	x3,x21,x2	 x21:0x00000000  x2:0x00000001  x3=0x00000000
        7605000	       759	80000e18	5b4fca13	xori	x20,x31,1460	 x31:0x80009fc4 x20=0x80009a70
        7615000	       760	80000e1c	00fc61b3	or	x3,x24,x15	 x24:0xffffffff x15:0x80000000  x3=0xffffffff
        7625000	       761	80000e20	00dd3c33	sltu	x24,x26,x13	 x26:0x00000000 x13:0x00000000 x24=0x00000000
        7635000	       762	80000e24	019d54b3	srl	x9,x26,x25	 x26:0x00000000 x25:0x00000000  x9=0x00000000
        7645000	       763	80000e28	0093c863	blt	x7,x9,80000e38	  x7:0x80009fc4  x9:0x00000000
        7655000	       764	00000000	00000013	addi	x0,x0,0	  x0:0x00000000
        7665000	       765	80000e34	00000013	addi	x0,x0,0	  x0:0x00000000
        7675000	       766	80000e38	000f47b3	xor	x15,x30,x0	 x30:0x7ea1a08e  x0:0x00000000 x15=0x7ea1a08e
        7685000	       767	80000e3c	00000013	addi	x0,x0,0	  x0:0x00000000
        7695000	       768	80000e40	a4a5c8b7	lui	x17,0xa4a5c	 x17=0xa4a5c000
        7705000	       769	80000e44	5a96c513	xori	x10,x13,1449	 x13:0x00000000 x10=0x000005a9
        7715000	       770	80000e48	b5124513	xori	x10,x4,-1199	  x4:0xfea1010b x10=0x015efa5a
        7725000	       771	80000e4c	050bf263	bgeu	x23,x16,80000e90	 x23:0x00000000 x16:0x7ea1a08f
        7735000	       772	80000e50	00000013	addi	x0,x0,0	  x0:0x00000000
        7745000	       773	80000e54	00a88833	add	x16,x17,x10	 x17:0xa4a5c000 x10:0x015efa5a x16=0xa604ba5a
        7755000	       774	80000e58	02120863	beq	x4,x1,80000e88	  x4:0xfea1010b  x1:0x4aa82100
        7765000	       775	80000e5c	014e3533	sltu	x10,x28,x20	 x28:0x00000000 x20:0x80009a70 x10=0x00000001
        7775000	       776	80000e60	410dd293	srai	x5,x27,0x10	 x27:0x00000777  x5=0x00000000
        7785000	       777	80000e64	8d9dca13	xori	x20,x27,-1831	 x27:0x00000777 x20=0xffffffae
        7795000	       778	80000e68	45c8e897	auipc	x17,0x45c8e	 x17=0xc5c8ee64
        7805000	       779	80000e6c	a116b5b7	lui	x11,0xa116b	 x11=0xa116b000
        7815000	       780	80000e70	003e3533	sltu	x10,x28,x3	 x28:0x00000000  x3:0xffffffff x10=0x00000001
        7825000	       781	80000e74	408152b3	sra	x5,x2,x8	  x2:0x00000001  x8:0x80009f84  x5=0x00000000
        7835000	       782	80000e78	0139ce63	blt	x19,x19,80000e94	 x19:0xd2aa0840 x19:0xd2aa0840
        7845000	       783	80000e7c	00003133	sltu	x2,x0,x0	  x0:0x00000000  x0:0x00000000  x2=0x00000000
        7855000	       784	80000e80	01be7533	and	x10,x28,x27	 x28:0x00000000 x27:0x00000777 x10=0x00000000
        7865000	       785	80000e84	0b33c463	blt	x7,x19,80000f2c	  x7:0x80009fc4 x19:0xd2aa0840
        7875000	       786	00000000	00000013	addi	x0,x0,0	  x0:0x00000000
        7885000	       787	80000f28	00000013	addi	x0,x0,0	  x0:0x00000000
        7895000	       788	80000f2c	6cf9be13	sltiu	x28,x19,1743	 x19:0xd2aa0840 x28=0x00000000
        7905000	       789	80000f30	01a61513	slli	x10,x12,0x1a	 x12:0xd2aa0a48 x10=0x20000000
        7915000	       790	80000f34	885b8d13	addi	x26,x23,-1915	 x23:0x00000000 x26=0xfffff885
        7925000	       791	80000f38	055e0263	beq	x28,x21,80000f7c	 x28:0x00000000 x21:0x00000000
        7935000	       792	00000000	00000013	addi	x0,x0,0	  x0:0x00000000
        7945000	       793	80000f78	00000013	addi	x0,x0,0	  x0:0x00000000
        7955000	       794	80000f7c	f6963737	lui	x14,0xf6963	 x14=0xf6963000
        7965000	       795	80000f80	058b0063	beq	x22,x24,80000fc0	 x22:0x00000001 x24:0x00000000
        7975000	       796	80000f84	0b596293	ori	x5,x18,181	 x18:0xffff603c  x5=0xffff60bd
        7985000	       797	80000f88	018392b3	sll	x5,x7,x24	  x7:0x80009fc4 x24:0x00000000  x5=0x80009fc4
        7995000	       798	80000f8c	40ed8133	sub	x2,x27,x14	 x27:0x00000777 x14:0xf6963000  x2=0x0969d777
        8005000	       799	80000f90	00000817	auipc	x16,0x0	 x16=0x80000f8c
        8015000	       800	80000f94	5a080813	addi	x16,x16,1440	 x16:0x80000f8c x16=0x8000152c
        8025000	       801	80000f98	d1bafe13	andi	x28,x21,-741	 x21:0x00000000 x28=0x00000000
        8035000	       802	80000f9c	00000013	addi	x0,x0,0	  x0:0x00000000
        8045000	       803	80000fa0	16b80813	addi	x16,x16,363	 x16:0x8000152c x16=0x80001697
        8055000	       804	80000fa4	0070e6b3	or	x13,x1,x7	  x1:0x4aa82100  x7:0x80009fc4 x13=0xcaa8bfc4
        8065000	       805	80000fa8	012f1463	bne	x30,x18,80000fb0	 x30:0x7ea1a08e x18:0xffff603c
        8075000	       806	00000000	00000013	addi	x0,x0,0	  x0:0x00000000
        8085000	       807	80000fac	00000013	addi	x0,x0,0	  x0:0x00000000
        8095000	       808	80000fb0	e95800e7	jalr	x1,x16,-363	 x16:0x80001697  x1=0x80000fb0
        8105000	       809	00000000	00000013	addi	x0,x0,0	  x0:0x00000000
        8115000	       810	8000152c	00000013	addi	x0,x0,0	  x0:0x00000000
        8125000	       811	80001530	01a81663	bne	x16,x26,8000153c	 x16:0x80001697 x26:0xfffff885
        8135000	       812	00000000	00000013	addi	x0,x0,0	  x0:0x00000000
        8145000	       813	80001538	00000013	addi	x0,x0,0	  x0:0x00000000
        8155000	       814	8000153c	fc440413	addi	x8,x8,-60	  x8:0x80009f84  x8=0x80009f48
        8165000	       815	80001540	00142223	sw	x1,4(x8)	  x8:0x80009f48  x1:0x80000fb0 PA:0x80009f4c
        8175000	       816	80001544	019605b3	add	x11,x12,x25	 x12:0xd2aa0a48 x25:0x00000000 x11=0xd2aa0a48
        8185000	       817	80001548	00008b97	auipc	x23,0x8	 x23=0x80009544
        8195000	       818	8000154c	a7bb8b93	addi	x23,x23,-1413	 x23:0x80009544 x23=0x80008fbf
        8205000	       819	80001550	00ebc103	lbu	x2,14(x23)	 x23:0x80008fbf  x2=0x00000054 PA:0x80008fcd
        8215000	       820	80001554	ffdbc883	lbu	x17,-3(x23)	 x23:0x80008fbf x17=0x000000dd PA:0x80008fbc
        8225000	       821	80001558	ffab9ea3	sh	x26,-3(x23)	 x23:0x80008fbf x26:0xfffff885 PA:0x80008fbc
        8235000	       822	8000155c	ffdbd183	lhu	x3,-3(x23)	 x23:0x80008fbf  x3=0x0000f885 PA:0x80008fbc
        8245000	       823	80001560	feab8ea3	sb	x10,-3(x23)	 x23:0x80008fbf x10:0x20000000 PA:0x80008fbc
        8255000	       824	80001564	40d9d0b3	sra	x1,x19,x13	 x19:0xd2aa0840 x13:0xcaa8bfc4  x1=0xfd2aa084
        8265000	       825	80001568	ffbbcb03	lbu	x22,-5(x23)	 x23:0x80008fbf x22=0x00000039 PA:0x80008fba
        8275000	       826	8000156c	ffbbd283	lhu	x5,-5(x23)	 x23:0x80008fbf  x5=0x00002839 PA:0x80008fba
        8285000	       827	80001570	400bda93	srai	x21,x23,0x0	 x23:0x80008fbf x21=0x80008fbf
        8295000	       828	80001574	ffbb9503	lh	x10,-5(x23)	 x23:0x80008fbf x10=0x00002839 PA:0x80008fba
        8305000	       829	80001578	fe6b8da3	sb	x6,-5(x23)	 x23:0x80008fbf  x6:0xffffd2a9 PA:0x80008fba
        8315000	       830	8000157c	00885713	srli	x14,x16,0x8	 x16:0x80001697 x14=0x00800016
        8325000	       831	80001580	ffbbc983	lbu	x19,-5(x23)	 x23:0x80008fbf x19=0x000000a9 PA:0x80008fba
        8335000	       832	80001584	01075e13	srli	x28,x14,0x10	 x14:0x00800016 x28=0x00000080
        8345000	       833	80001588	fe9b9da3	sh	x9,-5(x23)	 x23:0x80008fbf  x9:0x00000000 PA:0x80008fba
        8355000	       834	8000158c	00007d97	auipc	x27,0x7	 x27=0x80008588
        8365000	       835	80001590	3dbd8d93	addi	x27,x27,987	 x27:0x80008588 x27=0x80008963
        8375000	       836	80001594	00008497	auipc	x9,0x8	  x9=0x80009590
        8385000	       837	80001598	80648493	addi	x9,x9,-2042	  x9:0x80009590  x9=0x80008d96
        8395000	       838	8000159c	fe54cf83	lbu	x31,-27(x9)	  x9:0x80008d96 x31=0x0000001b PA:0x80008d7b
        8405000	       839	800015a0	00007117	auipc	x2,0x7	  x2=0x8000859c
        8415000	       840	800015a4	78410113	addi	x2,x2,1924	  x2:0x8000859c  x2=0x80008d20
        8425000	       841	800015a8	fcdd9f03	lh	x30,-51(x27)	 x27:0x80008963 x30=0x00007428 PA:0x80008930
        8435000	       842	800015ac	01bdd503	lhu	x10,27(x27)	 x27:0x80008963 x10=0x0000ede7 PA:0x8000897e
        8445000	       843	800015b0	00448783	lb	x15,4(x9)	  x9:0x80008d96 x15=0x0000004e PA:0x80008d9a
        8455000	       844	800015b4	00007817	auipc	x16,0x7	 x16=0x800085b0
        8465000	       845	800015b8	3f480813	addi	x16,x16,1012	 x16:0x800085b0 x16=0x800089a4
        8475000	       846	800015bc	01114003	lbu	x0,17(x2)	  x2:0x80008d20 PA:0x80008d31
        8485000	       847	800015c0	03f49423	sh	x31,40(x9)	  x9:0x80008d96 x31:0x0000001b PA:0x80008dbe
        8495000	       848	800015c4	ffb84b03	lbu	x22,-5(x16)	 x16:0x800089a4 x22=0x0000004c PA:0x8000899f
        8505000	       849	800015c8	fd849723	sh	x24,-50(x9)	  x9:0x80008d96 x24:0x00000000 PA:0x80008d64
        8515000	       850	800015cc	02184083	lbu	x1,33(x16)	 x16:0x800089a4  x1=0x000000f1 PA:0x800089c5
        8525000	       851	800015d0	007d8123	sb	x7,2(x27)	 x27:0x80008963  x7:0x80009fc4 PA:0x80008965
        8535000	       852	800015d4	01681703	lh	x14,22(x16)	 x16:0x800089a4 x14=0x0000340c PA:0x800089ba
        8545000	       853	800015d8	00984703	lbu	x14,9(x16)	 x16:0x800089a4 x14=0x000000b0 PA:0x800089ad
        8555000	       854	800015dc	0294ca83	lbu	x21,41(x9)	  x9:0x80008d96 x21=0x00000000 PA:0x80008dbf
        8565000	       855	800015e0	018d8aa3	sb	x24,21(x27)	 x27:0x80008963 x24:0x00000000 PA:0x80008978
        8575000	       856	800015e4	02148a83	lb	x21,33(x9)	  x9:0x80008d96 x21=0xffffffe6 PA:0x80008db7
        8585000	       857	800015e8	00080083	lb	x1,0(x16)	 x16:0x800089a4  x1=0xffffffbd PA:0x800089a4
        8595000	       858	800015ec	f67109a3	sb	x7,-141(x2)	  x2:0x80008d20  x7:0x80009fc4 PA:0x80008c93
        8605000	       859	800015f0	02b80303	lb	x6,43(x16)	 x16:0x800089a4  x6=0x0000003b PA:0x800089cf
        8615000	       860	800015f4	fd24c303	lbu	x6,-46(x9)	  x9:0x80008d96  x6=0x00000095 PA:0x80008d68
        8625000	       861	800015f8	fc580903	lb	x18,-59(x16)	 x16:0x800089a4 x18=0x00000000 PA:0x80008969
        8635000	       862	800015fc	01c11423	sh	x28,8(x2)	  x2:0x80008d20 x28:0x00000080 PA:0x80008d28
        8645000	       863	80001600	00cd8b03	lb	x22,12(x27)	 x27:0x80008963 x22=0x0000001b PA:0x8000896f
        8655000	       864	80001604	fee4a883	lw	x17,-18(x9)	  x9:0x80008d96 x17=0xe8b4651f PA:0x80008d84
        8665000	       865	80001608	fcc12083	lw	x1,-52(x2)	  x2:0x80008d20  x1=0x85b3c889 PA:0x80008cec
        8675000	       866	8000160c	fcf48e03	lb	x28,-49(x9)	  x9:0x80008d96 x28=0x00000000 PA:0x80008d65
        8685000	       867	80001610	fd8d83a3	sb	x24,-57(x27)	 x27:0x80008963 x24:0x00000000 PA:0x8000892a
        8695000	       868	80001614	f1d10683	lb	x13,-227(x2)	  x2:0x80008d20 x13=0xffffff9d PA:0x80008c3d
        8705000	       869	80001618	03049723	sh	x16,46(x9)	  x9:0x80008d96 x16:0x800089a4 PA:0x80008dc4
        8715000	       870	8000161c	02e802a3	sb	x14,37(x16)	 x16:0x800089a4 x14:0x000000b0 PA:0x800089c9
        8725000	       871	80001620	fd6d92a3	sh	x22,-59(x27)	 x27:0x80008963 x22:0x0000001b PA:0x80008928
        8735000	       872	80001624	023dce03	lbu	x28,35(x27)	 x27:0x80008963 x28=0x0000006e PA:0x80008986
        8745000	       873	80001628	fb110523	sb	x17,-86(x2)	  x2:0x80008d20 x17:0xe8b4651f PA:0x80008cca
        8755000	       874	8000162c	00007f97	auipc	x31,0x7	 x31=0x80008628
        8765000	       875	80001630	c2bf8f93	addi	x31,x31,-981	 x31:0x80008628 x31=0x80008253
        8775000	       876	80001634	ffff9303	lh	x6,-1(x31)	 x31:0x80008253  x6=0xffffff6e PA:0x80008252
        8785000	       877	80001638	01f64833	xor	x16,x12,x31	 x12:0xd2aa0a48 x31:0x80008253 x16=0x52aa881b
        8795000	       878	8000163c	ff3f8903	lb	x18,-13(x31)	 x31:0x80008253 x18=0x00000023 PA:0x80008246
        8805000	       879	80001640	ff9f8823	sb	x25,-16(x31)	 x31:0x80008253 x25:0x00000000 PA:0x80008243
        8815000	       880	80001644	002fcc83	lbu	x25,2(x31)	 x31:0x80008253 x25=0x000000c7 PA:0x80008255
        8825000	       881	80001648	b8a02013	slti	x0,x0,-1142	  x0:0x00000000
        8835000	       882	8000164c	411d50b3	sra	x1,x26,x17	 x26:0xfffff885 x17:0xe8b4651f  x1=0xffffffff
        8845000	       883	80001650	0d582f13	slti	x30,x16,213	 x16:0x52aa881b x30=0x00000000
        8855000	       884	80001654	8859c4b7	lui	x9,0x8859c	  x9=0x8859c000
        8865000	       885	80001658	bea1a717	auipc	x14,0xbea1a	 x14=0x3ea1b654
        8875000	       886	8000165c	002818b3	sll	x17,x16,x2	 x16:0x52aa881b  x2:0x80008d20 x17=0x52aa881b
        8885000	       887	80001660	9092f613	andi	x12,x5,-1783	  x5:0x00002839 x12=0x00002809
        8895000	       888	80001664	013f8023	sb	x19,0(x31)	 x31:0x80008253 x19:0x000000a9 PA:0x80008253
        8905000	       889	80001668	005f87a3	sb	x5,15(x31)	 x31:0x80008253  x5:0x00002839 PA:0x80008262
        8915000	       890	8000166c	00e85833	srl	x16,x16,x14	 x16:0x52aa881b x14:0x3ea1b654 x16=0x0000052a
        8925000	       891	80001670	00cf26b3	slt	x13,x30,x12	 x30:0x00000000 x12:0x00002809 x13=0x00000001
        8935000	       892	80001674	46234e93	xori	x29,x6,1122	  x6:0xffffff6e x29=0xfffffb0c
        8945000	       893	80001678	0044d913	srli	x18,x9,0x4	  x9:0x8859c000 x18=0x08859c00
        8955000	       894	8000167c	41230533	sub	x10,x6,x18	  x6:0xffffff6e x18:0x08859c00 x10=0xf77a636e
        8965000	       895	80001680	4a28dc97	auipc	x25,0x4a28d	 x25=0xca28e67c
        8975000	       896	80001684	fe2f9ba3	sh	x2,-9(x31)	 x31:0x80008253  x2:0x80008d20 PA:0x8000824a
        8985000	       897	80001688	41f3db93	srai	x23,x7,0x1f	  x7:0x80009fc4 x23=0xffffffff
        8995000	       898	8000168c	01af30b3	sltu	x1,x30,x26	 x30:0x00000000 x26:0xfffff885  x1=0x00000001
        9005000	       899	80001690	01490833	add	x16,x18,x20	 x18:0x08859c00 x20:0xffffffae x16=0x08859bae
        9015000	       900	80001694	0c7f0613	addi	x12,x30,199	 x30:0x00000000 x12=0x000000c7
        9025000	       901	80001698	959fb793	sltiu	x15,x31,-1703	 x31:0x80008253 x15=0x00000001
        9035000	       902	8000169c	401b8133	sub	x2,x23,x1	 x23:0xffffffff  x1:0x00000001  x2=0xfffffffe
        9045000	       903	800016a0	e2703e13	sltiu	x28,x0,-473	  x0:0x00000000 x28=0x00000001
        9055000	       904	800016a4	00d4d513	srli	x10,x9,0xd	  x9:0x8859c000 x10=0x000442ce
        9065000	       905	800016a8	3292bc97	auipc	x25,0x3292b	 x25=0xb292c6a4
        9075000	       906	800016ac	12ccef37	lui	x30,0x12cce	 x30=0x12cce000
        9085000	       907	800016b0	002a2b33	slt	x22,x20,x2	 x20:0xffffffae  x2:0xfffffffe x22=0x00000001
        9095000	       908	800016b4	3da39bb7	lui	x23,0x3da39	 x23=0x3da39000
        9105000	       909	800016b8	67107893	andi	x17,x0,1649	  x0:0x00000000 x17=0x00000000
        9115000	       910	800016bc	00bfd003	lhu	x0,11(x31)	 x31:0x80008253 PA:0x8000825e
        9125000	       911	800016c0	002d1ab3	sll	x21,x26,x2	 x26:0xfffff885  x2:0xfffffffe x21=0x40000000
        9135000	       912	800016c4	ffbf8923	sb	x27,-14(x31)	 x31:0x80008253 x27:0x80008963 PA:0x80008245
        9145000	       913	800016c8	004fce83	lbu	x29,4(x31)	 x31:0x80008253 x29=0x000000f1 PA:0x80008257
        9155000	       914	800016cc	00007b17	auipc	x22,0x7	 x22=0x800086c8
        9165000	       915	800016d0	673b0b13	addi	x22,x22,1651	 x22:0x800086c8 x22=0x80008d3b
        9175000	       916	800016d4	07bb0903	lb	x18,123(x22)	 x22:0x80008d3b x18=0x00000034 PA:0x80008db6
        9185000	       917	800016d8	00207d33	and	x26,x0,x2	  x0:0x00000000  x2:0xfffffffe x26=0x00000000
        9195000	       918	800016dc	024b0c03	lb	x24,36(x22)	 x22:0x80008d3b x24=0x0000001f PA:0x80008d5f
        9205000	       919	800016e0	02eb0223	sb	x14,36(x22)	 x22:0x80008d3b x14:0x3ea1b654 PA:0x80008d5f
        9215000	       920	800016e4	015068b3	or	x17,x0,x21	  x0:0x00000000 x21:0x40000000 x17=0x40000000
        9225000	       921	800016e8	018a4e33	xor	x28,x20,x24	 x20:0xffffffae x24:0x0000001f x28=0xffffffb1
        9235000	       922	800016ec	024b0e83	lb	x29,36(x22)	 x22:0x80008d3b x29=0x00000054 PA:0x80008d5f
        9245000	       923	800016f0	024b0603	lb	x12,36(x22)	 x22:0x80008d3b x12=0x00000054 PA:0x80008d5f
        9255000	       924	800016f4	024b0a83	lb	x21,36(x22)	 x22:0x80008d3b x21=0x00000054 PA:0x80008d5f
        9265000	       925	800016f8	01da5993	srli	x19,x20,0x1d	 x20:0xffffffae x19=0x00000007
        9275000	       926	800016fc	02ab0223	sb	x10,36(x22)	 x22:0x80008d3b x10:0x000442ce PA:0x80008d5f
        9285000	       927	80001700	024b4803	lbu	x16,36(x22)	 x22:0x80008d3b x16=0x000000ce PA:0x80008d5f
        9295000	       928	80001704	024b0503	lb	x10,36(x22)	 x22:0x80008d3b x10=0xffffffce PA:0x80008d5f
        9305000	       929	80001708	1be1ab97	auipc	x23,0x1be1a	 x23=0x9be1b704
        9315000	       930	8000170c	021b0223	sb	x1,36(x22)	 x22:0x80008d3b  x1:0x00000001 PA:0x80008d5f
        9325000	       931	80001710	f07b1703	lh	x14,-249(x22)	 x22:0x80008d3b x14=0x00001f9d PA:0x80008c42
        9335000	       932	80001714	f70b4f03	lbu	x30,-144(x22)	 x22:0x80008d3b x30=0x00000045 PA:0x80008cab
        9345000	       933	80001718	00f59fb3	sll	x31,x11,x15	 x11:0xd2aa0a48 x15:0x00000001 x31=0xa5541490
        9355000	       934	8000171c	f61b0823	sb	x1,-144(x22)	 x22:0x80008d3b  x1:0x00000001 PA:0x80008cab
        9365000	       935	80001720	f70b4003	lbu	x0,-144(x22)	 x22:0x80008d3b PA:0x80008cab
        9375000	       936	80001724	0beb0823	sb	x30,176(x22)	 x22:0x80008d3b x30:0x00000045 PA:0x80008deb
        9385000	       937	80001728	f2eb0c03	lb	x24,-210(x22)	 x22:0x80008d3b x24=0x00000064 PA:0x80008c69
        9395000	       938	8000172c	f2eb0983	lb	x19,-210(x22)	 x22:0x80008d3b x19=0x00000064 PA:0x80008c69
        9405000	       939	80001730	00007c97	auipc	x25,0x7	 x25=0x8000872c
        9415000	       940	80001734	9b0c8c93	addi	x25,x25,-1616	 x25:0x8000872c x25=0x800080dc
        9425000	       941	80001738	00007697	auipc	x13,0x7	 x13=0x80008734
        9435000	       942	8000173c	bb568693	addi	x13,x13,-1099	 x13:0x80008734 x13=0x800082e9
        9445000	       943	80001740	00007297	auipc	x5,0x7	  x5=0x8000873c
        9455000	       944	80001744	fcb28293	addi	x5,x5,-53	  x5:0x8000873c  x5=0x80008707
        9465000	       945	80001748	00007e17	auipc	x28,0x7	 x28=0x80008744
        9475000	       946	8000174c	e71e0e13	addi	x28,x28,-399	 x28:0x80008744 x28=0x800085b5
        9485000	       947	80001750	00007f17	auipc	x30,0x7	 x30=0x8000874c
        9495000	       948	80001754	dd5f0f13	addi	x30,x30,-555	 x30:0x8000874c x30=0x80008521
        9505000	       949	80001758	4e669aa3	sh	x6,1269(x13)	 x13:0x800082e9  x6:0xffffff6e PA:0x800087de
        9515000	       950	8000175c	e7028c23	sb	x16,-392(x5)	  x5:0x80008707 x16:0x000000ce PA:0x8000857f
        9525000	       951	80001760	fe3e2103	lw	x2,-29(x28)	 x28:0x800085b5  x2=0xa8ee0cf9 PA:0x80008598
        9535000	       952	80001764	ff5cca03	lbu	x20,-11(x25)	 x25:0x800080dc x20=0x00000099 PA:0x800080d1
        9545000	       953	80001768	b64e0103	lb	x2,-1180(x28)	 x28:0x800085b5  x2=0xffffffe4 PA:0x80008119
        9555000	       954	8000176c	1bc6c703	lbu	x14,444(x13)	 x13:0x800082e9 x14=0x0000001d PA:0x800084a5
        9565000	       955	80001770	028c9b83	lh	x23,40(x25)	 x25:0x800080dc x23=0x0000784d PA:0x80008104
        9575000	       956	80001774	dae28ea3	sb	x14,-579(x5)	  x5:0x80008707 x14:0x0000001d PA:0x800084c4
        9585000	       957	80001778	fed28423	sb	x13,-24(x5)	  x5:0x80008707 x13:0x800082e9 PA:0x800086ef
        9595000	       958	8000177c	009f0303	lb	x6,9(x30)	 x30:0x80008521  x6=0x00000058 PA:0x8000852a
        9605000	       959	80001780	ffaf4483	lbu	x9,-6(x30)	 x30:0x80008521  x9=0x00000087 PA:0x8000851b
        9615000	       960	80001784	000c8d83	lb	x27,0(x25)	 x25:0x800080dc x27=0x00000005 PA:0x800080dc
        9625000	       961	80001788	f8268f23	sb	x2,-98(x13)	 x13:0x800082e9  x2:0xffffffe4 PA:0x80008287
        9635000	       962	8000178c	fe5c8523	sb	x5,-22(x25)	 x25:0x800080dc  x5:0x80008707 PA:0x800080c6
        9645000	       963	80001790	9cb28e23	sb	x11,-1572(x5)	  x5:0x80008707 x11:0xd2aa0a48 PA:0x800080e3
        9655000	       964	80001794	ee06cd83	lbu	x27,-288(x13)	 x13:0x800082e9 x27=0x000000aa PA:0x800081c9
        9665000	       965	80001798	d6828d83	lb	x27,-664(x5)	  x5:0x80008707 x27=0xfffffff2 PA:0x8000846f
        9675000	       966	8000179c	003c8f83	lb	x31,3(x25)	 x25:0x800080dc x31=0x00000008 PA:0x800080df
        9685000	       967	800017a0	532690a3	sh	x18,1313(x13)	 x13:0x800082e9 x18:0x00000034 PA:0x8000880a
        9695000	       968	800017a4	ffcf0703	lb	x14,-4(x30)	 x30:0x80008521 x14=0x0000002d PA:0x8000851d
        9705000	       969	800017a8	ff8f0483	lb	x9,-8(x30)	 x30:0x80008521  x9=0xffffff82 PA:0x80008519
        9715000	       970	800017ac	0c8e4903	lbu	x18,200(x28)	 x28:0x800085b5 x18=0x0000004b PA:0x8000867d
        9725000	       971	800017b0	007f0183	lb	x3,7(x30)	 x30:0x80008521  x3=0x00000006 PA:0x80008528
        9735000	       972	800017b4	f94692a3	sh	x20,-123(x13)	 x13:0x800082e9 x20:0x00000099 PA:0x8000826e
        9745000	       973	800017b8	ff8f0d23	sb	x24,-6(x30)	 x30:0x80008521 x24:0x00000064 PA:0x8000851b
        9755000	       974	800017bc	021c8ba3	sb	x1,55(x25)	 x25:0x800080dc  x1:0x00000001 PA:0x80008113
        9765000	       975	800017c0	c3ae4583	lbu	x11,-966(x28)	 x28:0x800085b5 x11=0x0000008a PA:0x800081ef
        9775000	       976	800017c4	039c8c03	lb	x24,57(x25)	 x25:0x800080dc x24=0xffffffc0 PA:0x80008115
        9785000	       977	800017c8	245e0623	sb	x5,588(x28)	 x28:0x800085b5  x5:0x80008707 PA:0x80008801
        9795000	       978	800017cc	ffdf1d83	lh	x27,-3(x30)	 x30:0x80008521 x27=0x000021a1 PA:0x8000851e
        9805000	       979	800017d0	00fcca03	lbu	x20,15(x25)	 x25:0x800080dc x20=0x000000af PA:0x800080eb
        9815000	       980	800017d4	fe82c783	lbu	x15,-24(x5)	  x5:0x80008707 x15=0x000000e9 PA:0x800086ef
        9825000	       981	800017d8	00007117	auipc	x2,0x7	  x2=0x800087d4
        9835000	       982	800017dc	59d10113	addi	x2,x2,1437	  x2:0x800087d4  x2=0x80008d71
        9845000	       983	800017e0	aac14a83	lbu	x21,-1364(x2)	  x2:0x80008d71 x21=0x0000008b PA:0x8000881d
        9855000	       984	800017e4	007bc933	xor	x18,x23,x7	 x23:0x0000784d  x7:0x80009fc4 x18=0x8000e789
        9865000	       985	800017e8	07f10b23	sb	x31,118(x2)	  x2:0x80008d71 x31:0x00000008 PA:0x80008de7
        9875000	       986	800017ec	06810b23	sb	x8,118(x2)	  x2:0x80008d71  x8:0x80009f48 PA:0x80008de7
        9885000	       987	800017f0	f9b12983	lw	x19,-101(x2)	  x2:0x80008d71 x19=0x347f1cdd PA:0x80008d0c
        9895000	       988	800017f4	00a8d793	srli	x15,x17,0xa	 x17:0x40000000 x15=0x00100000
        9905000	       989	800017f8	b3110023	sb	x17,-1248(x2)	  x2:0x80008d71 x17:0x40000000 PA:0x80008891
        9915000	       990	800017fc	00681313	slli	x6,x16,0x6	 x16:0x000000ce  x6=0x00003380
        9925000	       991	80001800	04714983	lbu	x19,71(x2)	  x2:0x80008d71 x19=0x000000c7 PA:0x80008db8
        9935000	       992	80001804	00000013	addi	x0,x0,0	  x0:0x00000000
        9945000	       993	80001808	04710e03	lb	x28,71(x2)	  x2:0x80008d71 x28=0xffffffc7 PA:0x80008db8
        9955000	       994	8000180c	05e123a3	sw	x30,71(x2)	  x2:0x80008d71 x30:0x80008521 PA:0x80008db8
        9965000	       995	80001810	c3314f83	lbu	x31,-973(x2)	  x2:0x80008d71 x31=0x000000bd PA:0x800089a4
        9975000	       996	80001814	e64cba13	sltiu	x20,x25,-412	 x25:0x800080dc x20=0x00000001
        9985000	       997	80001818	c3311903	lh	x18,-973(x2)	  x2:0x80008d71 x18=0x000004bd PA:0x800089a4
        9995000	       998	8000181c	bf314003	lbu	x0,-1037(x2)	  x2:0x80008d71 PA:0x80008964
       10005000	       999	80001820	00007f17	auipc	x30,0x7	 x30=0x8000881c
       10015000	      1000	80001824	269f0f13	addi	x30,x30,617	 x30:0x8000881c x30=0x80008a85
       10025000	      1001	80001828	031f1a03	lh	x20,49(x30)	 x30:0x80008a85 x20=0x00006649 PA:0x80008ab6
       10035000	      1002	8000182c	010f21a3	sw	x16,3(x30)	 x30:0x80008a85 x16:0x000000ce PA:0x80008a88
       10045000	      1003	80001830	00007c97	auipc	x25,0x7	 x25=0x8000882c
       10055000	      1004	80001834	6fbc8c93	addi	x25,x25,1787	 x25:0x8000882c x25=0x80008f27
       10065000	      1005	80001838	003f0103	lb	x2,3(x30)	 x30:0x80008a85  x2=0xffffffce PA:0x80008a88
       10075000	      1006	8000183c	010f04a3	sb	x16,9(x30)	 x30:0x80008a85 x16:0x000000ce PA:0x80008a8e
       10085000	      1007	80001840	044c8e03	lb	x28,68(x25)	 x25:0x80008f27 x28=0x00000077 PA:0x80008f6b
       10095000	      1008	80001844	fc7f0003	lb	x0,-57(x30)	 x30:0x80008a85 PA:0x80008a4c
       10105000	      1009	80001848	fddcc103	lbu	x2,-35(x25)	 x25:0x80008f27  x2=0x00000000 PA:0x80008f04
       10115000	      1010	8000184c	fc7f4283	lbu	x5,-57(x30)	 x30:0x80008a85  x5=0x0000007f PA:0x80008a4c
       10125000	      1011	80001850	f73cd883	lhu	x17,-141(x25)	 x25:0x80008f27 x17=0x0000d314 PA:0x80008e9a
       10135000	      1012	80001854	f96c89a3	sb	x22,-109(x25)	 x25:0x80008f27 x22:0x80008d3b PA:0x80008eba
       10145000	      1013	80001858	00ef4f83	lbu	x31,14(x30)	 x30:0x80008a85 x31=0x000000d4 PA:0x80008a93
       10155000	      1014	8000185c	01df0023	sb	x29,0(x30)	 x30:0x80008a85 x29:0x00000054 PA:0x80008a85
       10165000	      1015	80001860	f07cdb03	lhu	x22,-249(x25)	 x25:0x80008f27 x22=0x0000a6e7 PA:0x80008e2e
       10175000	      1016	80001864	02ef4b03	lbu	x22,46(x30)	 x30:0x80008a85 x22=0x00000061 PA:0x80008ab3
       10185000	      1017	80001868	02bcc703	lbu	x14,43(x25)	 x25:0x80008f27 x14=0x00000000 PA:0x80008f52
       10195000	      1018	8000186c	fc6f01a3	sb	x6,-61(x30)	 x30:0x80008a85  x6:0x00003380 PA:0x80008a48
       10205000	      1019	80001870	030c8d83	lb	x27,48(x25)	 x25:0x80008f27 x27=0x0000001b PA:0x80008f57
       10215000	      1020	80001874	00007d97	auipc	x27,0x7	 x27=0x80008870
       10225000	      1021	80001878	f37d8d93	addi	x27,x27,-201	 x27:0x80008870 x27=0x800087a7
       10235000	      1022	8000187c	4111dc33	sra	x24,x3,x17	  x3:0x00000006 x17:0x0000d314 x24=0x00000000
       10245000	      1023	80001880	41ebdb93	srai	x23,x23,0x1e	 x23:0x0000784d x23=0x00000000
       10255000	      1024	80001884	00280733	add	x14,x16,x2	 x16:0x000000ce  x2:0x00000000 x14=0x000000ce
       10265000	      1025	80001888	024d8c23	sb	x4,56(x27)	 x27:0x800087a7  x4:0xfea1010b PA:0x800087df
       10275000	      1026	8000188c	03ed8703	lb	x14,62(x27)	 x27:0x800087a7 x14=0x0000001d PA:0x800087e5
       10285000	      1027	80001890	098cb2b7	lui	x5,0x98cb	  x5=0x098cb000
       10295000	      1028	80001894	005ca1b3	slt	x3,x25,x5	 x25:0x80008f27  x5:0x098cb000  x3=0x00000001
       10305000	      1029	80001898	fc1d9083	lh	x1,-63(x27)	 x27:0x800087a7  x1=0xffffea46 PA:0x80008768
       10315000	      1030	8000189c	fdad8183	lb	x3,-38(x27)	 x27:0x800087a7  x3=0xffffffaf PA:0x80008781
       10325000	      1031	800018a0	019f6133	or	x2,x30,x25	 x30:0x80008a85 x25:0x80008f27  x2=0x80008fa7
       10335000	      1032	800018a4	014d8ba3	sb	x20,23(x27)	 x27:0x800087a7 x20:0x00006649 PA:0x800087be
       10345000	      1033	800018a8	012d8323	sb	x18,6(x27)	 x27:0x800087a7 x18:0x000004bd PA:0x800087ad
       10355000	      1034	800018ac	036dcd03	lbu	x26,54(x27)	 x27:0x800087a7 x26=0x000000bf PA:0x800087dd
       10365000	      1035	800018b0	fc1d9003	lh	x0,-63(x27)	 x27:0x800087a7 PA:0x80008768
       10375000	      1036	800018b4	f888a113	slti	x2,x17,-120	 x17:0x0000d314  x2=0x00000000
       10385000	      1037	800018b8	0126c133	xor	x2,x13,x18	 x13:0x800082e9 x18:0x000004bd  x2=0x80008654
       10395000	      1038	800018bc	011c1a33	sll	x20,x24,x17	 x24:0x00000000 x17:0x0000d314 x20=0x00000000
       10405000	      1039	800018c0	fc8d8c83	lb	x25,-56(x27)	 x27:0x800087a7 x25=0x00000019 PA:0x8000876f
       10415000	      1040	800018c4	00000013	addi	x0,x0,0	  x0:0x00000000
       10425000	      1041	800018c8	021dca03	lbu	x20,33(x27)	 x27:0x800087a7 x20=0x00000033 PA:0x800087c8
       10435000	      1042	800018cc	64302b93	slti	x23,x0,1603	  x0:0x00000000 x23=0x00000001
       10445000	      1043	800018d0	b2460293	addi	x5,x12,-1244	 x12:0x00000054  x5=0xfffffb78
       10455000	      1044	800018d4	01fd8323	sb	x31,6(x27)	 x27:0x800087a7 x31:0x000000d4 PA:0x800087ad
       10465000	      1045	800018d8	fe1d83a3	sb	x1,-25(x27)	 x27:0x800087a7  x1:0xffffea46 PA:0x8000878e
       10475000	      1046	800018dc	405c5813	srai	x16,x24,0x5	 x24:0x00000000 x16=0x00000000
       10485000	      1047	800018e0	000b2f33	slt	x30,x22,x0	 x22:0x00000061  x0:0x00000000 x30=0x00000000
       10495000	      1048	800018e4	00ec96b3	sll	x13,x25,x14	 x25:0x00000019 x14:0x0000001d x13=0x20000000
       10505000	      1049	800018e8	fd3dd583	lhu	x11,-45(x27)	 x27:0x800087a7 x11=0x000010fa PA:0x8000877a
       10515000	      1050	800018ec	1c573993	sltiu	x19,x14,453	 x14:0x0000001d x19=0x00000001
       10525000	      1051	800018f0	fc3d81a3	sb	x3,-61(x27)	 x27:0x800087a7  x3:0xffffffaf PA:0x8000876a
       10535000	      1052	800018f4	00577bb3	and	x23,x14,x5	 x14:0x0000001d  x5:0xfffffb78 x23=0x00000018
       10545000	      1053	800018f8	000346b3	xor	x13,x6,x0	  x6:0x00003380  x0:0x00000000 x13=0x00003380
       10555000	      1054	800018fc	6cc64d13	xori	x26,x12,1740	 x12:0x00000054 x26=0x00000698
       10565000	      1055	80001900	414eab93	slti	x23,x29,1044	 x29:0x00000054 x23=0x00000001
       10575000	      1056	80001904	fe3d8f23	sb	x3,-2(x27)	 x27:0x800087a7  x3:0xffffffaf PA:0x800087a5
       10585000	      1057	80001908	018c36b3	sltu	x13,x24,x24	 x24:0x00000000 x24:0x00000000 x13=0x00000000
       10595000	      1058	8000190c	039d8303	lb	x6,57(x27)	 x27:0x800087a7  x6=0xffffffea PA:0x800087e0
       10605000	      1059	80001910	ffcd8883	lb	x17,-4(x27)	 x27:0x800087a7 x17=0x00000029 PA:0x800087a3
       10615000	      1060	80001914	013d3033	sltu	x0,x26,x19	 x26:0x00000698 x19:0x00000001
       10625000	      1061	80001918	edbeeb13	ori	x22,x29,-293	 x29:0x00000054 x22=0xfffffedf
       10635000	      1062	8000191c	00f4db93	srli	x23,x9,0xf	  x9:0xffffff82 x23=0x0001ffff
       10645000	      1063	80001920	40b2dc93	srai	x25,x5,0xb	  x5:0xfffffb78 x25=0xffffffff
       10655000	      1064	80001924	0101d293	srli	x5,x3,0x10	  x3:0xffffffaf  x5=0x0000ffff
       10665000	      1065	80001928	fd6dc483	lbu	x9,-42(x27)	 x27:0x800087a7  x9=0x000000d6 PA:0x8000877d
       10675000	      1066	8000192c	00a74833	xor	x16,x14,x10	 x14:0x0000001d x10:0xffffffce x16=0xffffffd3
       10685000	      1067	80001930	fffd8703	lb	x14,-1(x27)	 x27:0x800087a7 x14=0x00000030 PA:0x800087a6
       10695000	      1068	80001934	7b590f93	addi	x31,x18,1973	 x18:0x000004bd x31=0x00000c72
       10705000	      1069	80001938	416e5c13	srai	x24,x28,0x16	 x28:0x00000077 x24=0x00000000
       10715000	      1070	8000193c	fc0d8a23	sb	x0,-44(x27)	 x27:0x800087a7  x0:0x00000000 PA:0x8000877b
       10725000	      1071	80001940	03ad8983	lb	x19,58(x27)	 x27:0x800087a7 x19=0x00000071 PA:0x800087e1
       10735000	      1072	80001944	025d8223	sb	x5,36(x27)	 x27:0x800087a7  x5:0x0000ffff PA:0x800087cb
       10745000	      1073	80001948	ff1d8b23	sb	x17,-10(x27)	 x27:0x800087a7 x17:0x00000029 PA:0x8000879d
       10755000	      1074	8000194c	0328ce63	blt	x17,x18,80001988	 x17:0x00000029 x18:0x000004bd
       10765000	      1075	00000000	00000013	addi	x0,x0,0	  x0:0x00000000
       10775000	      1076	80001984	00000013	addi	x0,x0,0	  x0:0x00000000
       10785000	      1077	80001988	00ad1eb3	sll	x29,x26,x10	 x26:0x00000698 x10:0xffffffce x29=0x01a60000
       10795000	      1078	8000198c	b03a2713	slti	x14,x20,-1277	 x20:0x00000033 x14=0x00000000
       10805000	      1079	80001990	40415633	sra	x12,x2,x4	  x2:0x80008654  x4:0xfea1010b x12=0xfff00010
       10815000	      1080	80001994	05257263	bgeu	x10,x18,800019d8	 x10:0xffffffce x18:0x000004bd
       10825000	      1081	00000000	00000013	addi	x0,x0,0	  x0:0x00000000
       10835000	      1082	800019d4	00000013	addi	x0,x0,0	  x0:0x00000000
       10845000	      1083	800019d8	00e1dd13	srli	x26,x3,0xe	  x3:0xffffffaf x26=0x0003ffff
       10855000	      1084	800019dc	4e809db7	lui	x27,0x4e809	 x27=0x4e809000
       10865000	      1085	800019e0	0011e5b3	or	x11,x3,x1	  x3:0xffffffaf  x1:0xffffea46 x11=0xffffffef
       10875000	      1086	800019e4	04f6b913	sltiu	x18,x13,79	 x13:0x00000000 x18=0x00000001
       10885000	      1087	800019e8	01538933	add	x18,x7,x21	  x7:0x80009fc4 x21:0x0000008b x18=0x8000a04f
       10895000	      1088	800019ec	08968e63	beq	x13,x9,80001a88	 x13:0x00000000  x9:0x000000d6
       10905000	      1089	800019f0	00007c97	auipc	x25,0x7	 x25=0x800089ec
       10915000	      1090	800019f4	dbbc8c93	addi	x25,x25,-581	 x25:0x800089ec x25=0x800087a7
       10925000	      1091	800019f8	63b96b13	ori	x22,x18,1595	 x18:0x8000a04f x22=0x8000a67f
       10935000	      1092	800019fc	d2cccd83	lbu	x27,-724(x25)	 x25:0x800087a7 x27=0x00000046 PA:0x800084d3
       10945000	      1093	80001a00	39c51697	auipc	x13,0x39c51	 x13=0xb9c529fc
       10955000	      1094	80001a04	b28c8a83	lb	x21,-1240(x25)	 x25:0x800087a7 x21=0xffffffdd PA:0x800082cf
       10965000	      1095	80001a08	0095ac33	slt	x24,x11,x9	 x11:0xffffffef  x9:0x000000d6 x24=0x00000001
       10975000	      1096	80001a0c	df7c9b83	lh	x23,-521(x25)	 x25:0x800087a7 x23=0xffffe824 PA:0x8000859e
       10985000	      1097	80001a10	f2dcaf03	lw	x30,-211(x25)	 x25:0x800087a7 x30=0x6e475ec7 PA:0x800086d4
       10995000	      1098	80001a14	01c2d093	srli	x1,x5,0x1c	  x5:0x0000ffff  x1=0x00000000
       11005000	      1099	80001a18	01435633	srl	x12,x6,x20	  x6:0xffffffea x20:0x00000033 x12=0x00001fff
       11015000	      1100	80001a1c	e6ec8ea3	sb	x14,-387(x25)	 x25:0x800087a7 x14:0x00000000 PA:0x80008624
       11025000	      1101	80001a20	11cff713	andi	x14,x31,284	 x31:0x00000c72 x14=0x00000010
       11035000	      1102	80001a24	ed1caf03	lw	x30,-303(x25)	 x25:0x800087a7 x30=0x5b486482 PA:0x80008678
       11045000	      1103	80001a28	00325193	srli	x3,x4,0x3	  x4:0xfea1010b  x3=0x1fd42021
       11055000	      1104	80001a2c	b59e7097	auipc	x1,0xb59e7	  x1=0x359e8a28
       11065000	      1105	80001a30	f2bcde03	lhu	x28,-213(x25)	 x25:0x800087a7 x28=0x00001813 PA:0x800086d2
       11075000	      1106	80001a34	fb7ccf83	lbu	x31,-73(x25)	 x25:0x800087a7 x31=0x000000f1 PA:0x8000875e
       11085000	      1107	80001a38	98cee117	auipc	x2,0x98cee	  x2=0x18cefa34
       11095000	      1108	80001a3c	01e730b3	sltu	x1,x14,x30	 x14:0x00000010 x30:0x5b486482  x1=0x00000001
       11105000	      1109	80001a40	007a9993	slli	x19,x21,0x7	 x21:0xffffffdd x19=0xffffee80
       11115000	      1110	80001a44	79794a13	xori	x20,x18,1943	 x18:0x8000a04f x20=0x8000a7d8
       11125000	      1111	80001a48	41628733	sub	x14,x5,x22	  x5:0x0000ffff x22:0x8000a67f x14=0x80005980
       11135000	      1112	80001a4c	f77c97a3	sh	x23,-145(x25)	 x25:0x800087a7 x23:0xffffe824 PA:0x80008716
       11145000	      1113	80001a50	00356533	or	x10,x10,x3	 x10:0xffffffce  x3:0x1fd42021 x10=0xffffffef
       11155000	      1114	80001a54	015fb2b3	sltu	x5,x31,x21	 x31:0x000000f1 x21:0xffffffdd  x5=0x00000001
       11165000	      1115	80001a58	401407b3	sub	x15,x8,x1	  x8:0x80009f48  x1:0x00000001 x15=0x80009f47
       11175000	      1116	80001a5c	0124d533	srl	x10,x9,x18	  x9:0x000000d6 x18:0x8000a04f x10=0x00000000
       11185000	      1117	80001a60	9a0cce03	lbu	x28,-1632(x25)	 x25:0x800087a7 x28=0x00000060 PA:0x80008147
       11195000	      1118	80001a64	12296293	ori	x5,x18,290	 x18:0x8000a04f  x5=0x8000a16f
       11205000	      1119	80001a68	8c099d17	auipc	x26,0x8c099	 x26=0x0c09aa64
       11215000	      1120	80001a6c	984b6013	ori	x0,x22,-1660	 x22:0x8000a67f
       11225000	      1121	80001a70	e6bc8ba3	sb	x11,-393(x25)	 x25:0x800087a7 x11:0xffffffef PA:0x8000861e
       11235000	      1122	80001a74	d2fc85a3	sb	x15,-725(x25)	 x25:0x800087a7 x15:0x80009f47 PA:0x800084d2
       11245000	      1123	80001a78	bd4ca4a3	sw	x20,-1079(x25)	 x25:0x800087a7 x20:0x8000a7d8 PA:0x80008370
       11255000	      1124	80001a7c	00f68533	add	x10,x13,x15	 x13:0xb9c529fc x15:0x80009f47 x10=0x39c5c943
       11265000	      1125	80001a80	e2166e93	ori	x29,x12,-479	 x12:0x00001fff x29=0xffffffff
       11275000	      1126	80001a84	d0accc03	lbu	x24,-758(x25)	 x25:0x800087a7 x24=0x000000dc PA:0x800084b1
       11285000	      1127	80001a88	010fe863	bltu	x31,x16,80001a98	 x31:0x000000f1 x16:0xffffffd3
       11295000	      1128	00000000	00000013	addi	x0,x0,0	  x0:0x00000000
       11305000	      1129	80001a94	00000013	addi	x0,x0,0	  x0:0x00000000
       11315000	      1130	80001a98	d6093d13	sltiu	x26,x18,-672	 x18:0x8000a04f x26=0x00000001
       11325000	      1131	80001a9c	022df063	bgeu	x27,x2,80001abc	 x27:0x00000046  x2:0x18cefa34
       11335000	      1132	80001aa0	0003ceb3	xor	x29,x7,x0	  x7:0x80009fc4  x0:0x00000000 x29=0x80009fc4
       11345000	      1133	80001aa4	00000013	addi	x0,x0,0	  x0:0x00000000
       11355000	      1134	80001aa8	008d5263	bge	x26,x8,80001aac	 x26:0x00000001  x8:0x80009f48
       11365000	      1135	00000000	00000013	addi	x0,x0,0	  x0:0x00000000
       11375000	      1136	80001aa8	00000013	addi	x0,x0,0	  x0:0x00000000
       11385000	      1137	80001aac	00000013	addi	x0,x0,0	  x0:0x00000000
       11395000	      1138	80001ab0	01f05813	srli	x16,x0,0x1f	  x0:0x00000000 x16=0x00000000
       11405000	      1139	80001ab4	3270c893	xori	x17,x1,807	  x1:0x00000001 x17=0x00000326
       11415000	      1140	80001ab8	417156b3	sra	x13,x2,x23	  x2:0x18cefa34 x23:0xffffe824 x13=0x018cefa3
       11425000	      1141	80001abc	03d8d063	bge	x17,x29,80001adc	 x17:0x00000326 x29:0x80009fc4
       11435000	      1142	00000000	00000013	addi	x0,x0,0	  x0:0x00000000
       11445000	      1143	80001ad8	00000013	addi	x0,x0,0	  x0:0x00000000
       11455000	      1144	80001adc	5b1ba6b7	lui	x13,0x5b1ba	 x13=0x5b1ba000
       11465000	      1145	80001ae0	00b99863	bne	x19,x11,80001af0	 x19:0xffffee80 x11:0xffffffef
       11475000	      1146	00000000	00000013	addi	x0,x0,0	  x0:0x00000000
       11485000	      1147	80001aec	00000013	addi	x0,x0,0	  x0:0x00000000
       11495000	      1148	80001af0	0ec04897	auipc	x17,0xec04	 x17=0x8ec05aec
       11505000	      1149	80001af4	03a04263	blt	x0,x26,80001b18	  x0:0x00000000 x26:0x00000001
       11515000	      1150	00000000	00000013	addi	x0,x0,0	  x0:0x00000000
       11525000	      1151	80001b14	00000013	addi	x0,x0,0	  x0:0x00000000
       11535000	      1152	80001b18	0000acb3	slt	x25,x1,x0	  x1:0x00000001  x0:0x00000000 x25=0x00000000
       11545000	      1153	80001b1c	0132ad33	slt	x26,x5,x19	  x5:0x8000a16f x19:0xffffee80 x26=0x00000001
       11555000	      1154	80001b20	f6a2ac97	auipc	x25,0xf6a2a	 x25=0x76a2bb1c
       11565000	      1155	80001b24	003f6ab3	or	x21,x30,x3	 x30:0x5b486482  x3:0x1fd42021 x21=0x5fdc64a3
       11575000	      1156	80001b28	416207b3	sub	x15,x4,x22	  x4:0xfea1010b x22:0x8000a67f x15=0x7ea05a8c
       11585000	      1157	80001b2c	01bf1333	sll	x6,x30,x27	 x30:0x5b486482 x27:0x00000046  x6=0xd2192080
       11595000	      1158	80001b30	ba3b7117	auipc	x2,0xba3b7	  x2=0x3a3b8b2c
       11605000	      1159	80001b34	6f9ee013	ori	x0,x29,1785	 x29:0x80009fc4
       11615000	      1160	80001b38	ef82c617	auipc	x12,0xef82c	 x12=0x6f82db34
       11625000	      1161	80001b3c	406e5bb3	sra	x23,x28,x6	 x28:0x00000060  x6:0xd2192080 x23=0x00000060
       11635000	      1162	80001b40	819a0193	addi	x3,x20,-2023	 x20:0x8000a7d8  x3=0x80009ff1
       11645000	      1163	80001b44	0001a6b3	slt	x13,x3,x0	  x3:0x80009ff1  x0:0x00000000 x13=0x00000001
       11655000	      1164	80001b48	01b80a63	beq	x16,x27,80001b5c	 x16:0x00000000 x27:0x00000046
       11665000	      1165	80001b4c	6f242713	slti	x14,x8,1778	  x8:0x80009f48 x14=0x00000001
       11675000	      1166	80001b50	b7b17db7	lui	x27,0xb7b17	 x27=0xb7b17000
       11685000	      1167	80001b54	0098fab3	and	x21,x17,x9	 x17:0x8ec05aec  x9:0x000000d6 x21=0x000000c4
       11695000	      1168	80001b58	0133a933	slt	x18,x7,x19	  x7:0x80009fc4 x19:0xffffee80 x18=0x00000001
       11705000	      1169	80001b5c	03ccfa63	bgeu	x25,x28,80001b90	 x25:0x76a2bb1c x28:0x00000060
       11715000	      1170	00000000	00000013	addi	x0,x0,0	  x0:0x00000000
       11725000	      1171	80001b8c	00000013	addi	x0,x0,0	  x0:0x00000000
       11735000	      1172	80001b90	01758633	add	x12,x11,x23	 x11:0xffffffef x23:0x00000060 x12=0x0000004f
       11745000	      1173	80001b94	01e11513	slli	x10,x2,0x1e	  x2:0x3a3b8b2c x10=0x00000000
       11755000	      1174	80001b98	016e1633	sll	x12,x28,x22	 x28:0x00000060 x22:0x8000a67f x12=0x00000000
       11765000	      1175	80001b9c	0154b7b3	sltu	x15,x9,x21	  x9:0x000000d6 x21:0x000000c4 x15=0x00000000
       11775000	      1176	80001ba0	01677863	bgeu	x14,x22,80001bb0	 x14:0x00000001 x22:0x8000a67f
       11785000	      1177	80001ba4	009e1c93	slli	x25,x28,0x9	 x28:0x00000060 x25=0x0000c000
       11795000	      1178	80001ba8	41aa5493	srai	x9,x20,0x1a	 x20:0x8000a7d8  x9=0xffffffe0
       11805000	      1179	80001bac	05fa7463	bgeu	x20,x31,80001bf4	 x20:0x8000a7d8 x31:0x000000f1
       11815000	      1180	00000000	00000013	addi	x0,x0,0	  x0:0x00000000
       11825000	      1181	80001bf0	00000013	addi	x0,x0,0	  x0:0x00000000
       11835000	      1182	80001bf4	03be0063	beq	x28,x27,80001c14	 x28:0x00000060 x27:0xb7b17000
       11845000	      1183	80001bf8	89bf4d13	xori	x26,x30,-1893	 x30:0x5b486482 x26=0xa4b79c19
       11855000	      1184	80001bfc	00ee2cb3	slt	x25,x28,x14	 x28:0x00000060 x14:0x00000001 x25=0x00000000
       11865000	      1185	80001c00	054f6863	bltu	x30,x20,80001c50	 x30:0x5b486482 x20:0x8000a7d8
       11875000	      1186	00000000	00000013	addi	x0,x0,0	  x0:0x00000000
       11885000	      1187	80001c4c	00000013	addi	x0,x0,0	  x0:0x00000000
       11895000	      1188	80001c50	04098063	beq	x19,x0,80001c90	 x19:0xffffee80  x0:0x00000000
       11905000	      1189	80001c54	011df263	bgeu	x27,x17,80001c58	 x27:0xb7b17000 x17:0x8ec05aec
       11915000	      1190	00000000	00000013	addi	x0,x0,0	  x0:0x00000000
       11925000	      1191	80001c54	00000013	addi	x0,x0,0	  x0:0x00000000
       11935000	      1192	80001c58	05a08463	beq	x1,x26,80001ca0	  x1:0x00000001 x26:0xa4b79c19
       11945000	      1193	80001c5c	019c5293	srli	x5,x24,0x19	 x24:0x000000dc  x5=0x00000000
       11955000	      1194	80001c60	00804a33	xor	x20,x0,x8	  x0:0x00000000  x8:0x80009f48 x20=0x80009f48
       11965000	      1195	80001c64	01efb6b3	sltu	x13,x31,x30	 x31:0x000000f1 x30:0x5b486482 x13=0x00000001
       11975000	      1196	80001c68	0094d863	bge	x9,x9,80001c78	  x9:0xffffffe0  x9:0xffffffe0
       11985000	      1197	00000000	00000013	addi	x0,x0,0	  x0:0x00000000
       11995000	      1198	80001c74	00000013	addi	x0,x0,0	  x0:0x00000000
       12005000	      1199	80001c78	01cd99b3	sll	x19,x27,x28	 x27:0xb7b17000 x28:0x00000060 x19=0xb7b17000
       12015000	      1200	80001c7c	01420e33	add	x28,x4,x20	  x4:0xfea1010b x20:0x80009f48 x28=0x7ea1a053
       12025000	      1201	80001c80	018d5933	srl	x18,x26,x24	 x26:0xa4b79c19 x24:0x000000dc x18=0x0000000a
       12035000	      1202	80001c84	4108d6b3	sra	x13,x17,x16	 x17:0x8ec05aec x16:0x00000000 x13=0x8ec05aec
       12045000	      1203	80001c88	d31dddb7	lui	x27,0xd31dd	 x27=0xd31dd000
       12055000	      1204	80001c8c	01495c33	srl	x24,x18,x20	 x18:0x0000000a x20:0x80009f48 x24=0x00000000
       12065000	      1205	80001c90	05b44263	blt	x8,x27,80001cd4	  x8:0x80009f48 x27:0xd31dd000
       12075000	      1206	00000000	00000013	addi	x0,x0,0	  x0:0x00000000
       12085000	      1207	80001cd0	00000013	addi	x0,x0,0	  x0:0x00000000
       12095000	      1208	80001cd4	004fc0b3	xor	x1,x31,x4	 x31:0x000000f1  x4:0xfea1010b  x1=0xfea101fa
       12105000	      1209	80001cd8	00000013	addi	x0,x0,0	  x0:0x00000000
       12115000	      1210	80001cdc	0183ca33	xor	x20,x7,x24	  x7:0x80009fc4 x24:0x00000000 x20=0x80009fc4
       12125000	      1211	80001ce0	263ca137	lui	x2,0x263ca	  x2=0x263ca000
       12135000	      1212	80001ce4	02c19063	bne	x3,x12,80001d04	  x3:0x80009ff1 x12:0x00000000
       12145000	      1213	00000000	00000013	addi	x0,x0,0	  x0:0x00000000
       12155000	      1214	80001d00	00000013	addi	x0,x0,0	  x0:0x00000000
       12165000	      1215	80001d04	0653fc93	andi	x25,x7,101	  x7:0x80009fc4 x25=0x00000044
       12175000	      1216	80001d08	416c5833	sra	x16,x24,x22	 x24:0x00000000 x22:0x8000a67f x16=0x00000000
       12185000	      1217	80001d0c	01a6d793	srli	x15,x13,0x1a	 x13:0x8ec05aec x15=0x00000023
       12195000	      1218	80001d10	db19f813	andi	x16,x19,-591	 x19:0xb7b17000 x16=0xb7b17000
       12205000	      1219	80001d14	00101d93	slli	x27,x0,0x1	  x0:0x00000000 x27=0x00000000
       12215000	      1220	80001d18	00b15933	srl	x18,x2,x11	  x2:0x263ca000 x11:0xffffffef x18=0x00004c79
       12225000	      1221	80001d1c	2113aa93	slti	x21,x7,529	  x7:0x80009fc4 x21=0x00000001
       12235000	      1222	80001d20	00635c33	srl	x24,x6,x6	  x6:0xd2192080  x6:0xd2192080 x24=0xd2192080
       12245000	      1223	80001d24	01a61bb3	sll	x23,x12,x26	 x12:0x00000000 x26:0xa4b79c19 x23=0x00000000
       12255000	      1224	80001d28	01c5cfb3	xor	x31,x11,x28	 x11:0xffffffef x28:0x7ea1a053 x31=0x815e5fbc
       12265000	      1225	80001d2c	dcfb6d93	ori	x27,x22,-561	 x22:0x8000a67f x27=0xffffffff
       12275000	      1226	80001d30	40238633	sub	x12,x7,x2	  x7:0x80009fc4  x2:0x263ca000 x12=0x59c3ffc4
       12285000	      1227	80001d34	40d35113	srai	x2,x6,0xd	  x6:0xd2192080  x2=0xfffe90c9
       12295000	      1228	80001d38	002fe0b3	or	x1,x31,x2	 x31:0x815e5fbc  x2:0xfffe90c9  x1=0xfffedffd
       12305000	      1229	80001d3c	00000013	addi	x0,x0,0	  x0:0x00000000
       12315000	      1230	80001d40	03ff7063	bgeu	x30,x31,80001d60	 x30:0x5b486482 x31:0x815e5fbc
       12325000	      1231	80001d44	00000013	addi	x0,x0,0	  x0:0x00000000
       12335000	      1232	80001d48	0236dc63	bge	x13,x3,80001d80	 x13:0x8ec05aec  x3:0x80009ff1
       12345000	      1233	00000000	00000013	addi	x0,x0,0	  x0:0x00000000
       12355000	      1234	80001d7c	00000013	addi	x0,x0,0	  x0:0x00000000
       12365000	      1235	80001d80	40265813	srai	x16,x12,0x2	 x12:0x59c3ffc4 x16=0x1670fff1
       12375000	      1236	80001d84	00ec7e63	bgeu	x24,x14,80001da0	 x24:0xd2192080 x14:0x00000001
       12385000	      1237	00000000	00000013	addi	x0,x0,0	  x0:0x00000000
       12395000	      1238	80001d9c	00000013	addi	x0,x0,0	  x0:0x00000000
       12405000	      1239	80001da0	00e35593	srli	x11,x6,0xe	  x6:0xd2192080 x11=0x00034864
       12415000	      1240	80001da4	01e1e933	or	x18,x3,x30	  x3:0x80009ff1 x30:0x5b486482 x18=0xdb48fff3
       12425000	      1241	80001da8	0477f863	bgeu	x15,x7,80001df8	 x15:0x00000023  x7:0x80009fc4
       12435000	      1242	80001dac	2b667093	andi	x1,x12,694	 x12:0x59c3ffc4  x1=0x00000284
       12445000	      1243	80001db0	40d60fb3	sub	x31,x12,x13	 x12:0x59c3ffc4 x13:0x8ec05aec x31=0xcb03a4d8
       12455000	      1244	80001db4	011b9c13	slli	x24,x23,0x11	 x23:0x00000000 x24=0x00000000
       12465000	      1245	80001db8	a5756613	ori	x12,x10,-1449	 x10:0x00000000 x12=0xfffffa57
       12475000	      1246	80001dbc	012a9b93	slli	x23,x21,0x12	 x21:0x00000001 x23=0x00040000
       12485000	      1247	80001dc0	40a304b3	sub	x9,x6,x10	  x6:0xd2192080 x10:0x00000000  x9=0xd2192080
       12495000	      1248	80001dc4	01fb5f33	srl	x30,x22,x31	 x22:0x8000a67f x31:0xcb03a4d8 x30=0x00000080
       12505000	      1249	80001dc8	008e9493	slli	x9,x29,0x8	 x29:0x80009fc4  x9=0x009fc400
       12515000	      1250	80001dcc	419e80b3	sub	x1,x29,x25	 x29:0x80009fc4 x25:0x00000044  x1=0x80009f80
       12525000	      1251	80001dd0	7195eeb7	lui	x29,0x7195e	 x29=0x7195e000
       12535000	      1252	80001dd4	00000013	addi	x0,x0,0	  x0:0x00000000
       12545000	      1253	80001dd8	0117c0b3	xor	x1,x15,x17	 x15:0x00000023 x17:0x8ec05aec  x1=0x8ec05acf
       12555000	      1254	80001ddc	05d9c793	xori	x15,x19,93	 x19:0xb7b17000 x15=0xb7b1705d
       12565000	      1255	80001de0	012f44b3	xor	x9,x30,x18	 x30:0x00000080 x18:0xdb48fff3  x9=0xdb48ff73
       12575000	      1256	80001de4	00fb9813	slli	x16,x23,0xf	 x23:0x00040000 x16=0x00000000
       12585000	      1257	80001de8	00eafab3	and	x21,x21,x14	 x21:0x00000001 x14:0x00000001 x21=0x00000001
       12595000	      1258	80001dec	003ff7b3	and	x15,x31,x3	 x31:0xcb03a4d8  x3:0x80009ff1 x15=0x800084d0
       12605000	      1259	80001df0	016f0863	beq	x30,x22,80001e00	 x30:0x00000080 x22:0x8000a67f
       12615000	      1260	80001df4	049c8063	beq	x25,x9,80001e34	 x25:0x00000044  x9:0xdb48ff73
       12625000	      1261	80001df8	927a8d13	addi	x26,x21,-1753	 x21:0x00000001 x26=0xfffff928
       12635000	      1262	80001dfc	40bd5a93	srai	x21,x26,0xb	 x26:0xfffff928 x21=0xffffffff
       12645000	      1263	80001e00	40d6da33	sra	x20,x13,x13	 x13:0x8ec05aec x13:0x8ec05aec x20=0xfff8ec05
       12655000	      1264	80001e04	01a0ad33	slt	x26,x1,x26	  x1:0x8ec05acf x26:0xfffff928 x26=0x00000001
       12665000	      1265	80001e08	018c9293	slli	x5,x25,0x18	 x25:0x00000044  x5=0x44000000
       12675000	      1266	80001e0c	01839f13	slli	x30,x7,0x18	  x7:0x80009fc4 x30=0xc4000000
       12685000	      1267	80001e10	00000013	addi	x0,x0,0	  x0:0x00000000
       12695000	      1268	80001e14	466b2e37	lui	x28,0x466b2	 x28=0x466b2000
       12705000	      1269	80001e18	020bfe63	bgeu	x23,x0,80001e54	 x23:0x00040000  x0:0x00000000
       12715000	      1270	00000000	00000013	addi	x0,x0,0	  x0:0x00000000
       12725000	      1271	80001e50	00000013	addi	x0,x0,0	  x0:0x00000000
       12735000	      1272	80001e54	01f902b3	add	x5,x18,x31	 x18:0xdb48fff3 x31:0xcb03a4d8  x5=0xa64ca4cb
       12745000	      1273	80001e58	01462533	slt	x10,x12,x20	 x12:0xfffffa57 x20:0xfff8ec05 x10=0x00000000
       12755000	      1274	80001e5c	00f9cd33	xor	x26,x19,x15	 x19:0xb7b17000 x15:0x800084d0 x26=0x37b1f4d0
       12765000	      1275	80001e60	40495f13	srai	x30,x18,0x4	 x18:0xdb48fff3 x30=0xfdb48fff
       12775000	      1276	80001e64	accbb4b7	lui	x9,0xaccbb	  x9=0xaccbb000
       12785000	      1277	80001e68	e1f0c297	auipc	x5,0xe1f0c	  x5=0x61f0de64
       12795000	      1278	80001e6c	03544c63	blt	x8,x21,80001ea4	  x8:0x80009f48 x21:0xffffffff
       12805000	      1279	00000000	00000013	addi	x0,x0,0	  x0:0x00000000
       12815000	      1280	80001ea0	00000013	addi	x0,x0,0	  x0:0x00000000
       12825000	      1281	80001ea4	3191eeb7	lui	x29,0x3191e	 x29=0x3191e000
       12835000	      1282	80001ea8	00442083	lw	x1,4(x8)	  x8:0x80009f48  x1=0x80000fb0 PA:0x80009f4c
       12845000	      1283	80001eac	975a6993	ori	x19,x20,-1675	 x20:0xfff8ec05 x19=0xfffffd75
       12855000	      1284	80001eb0	019e9d33	sll	x26,x29,x25	 x29:0x3191e000 x25:0x00000044 x26=0x191e0000
       12865000	      1285	80001eb4	d651bb13	sltiu	x22,x3,-667	  x3:0x80009ff1 x22=0x00000001
       12875000	      1286	80001eb8	00fdecb3	or	x25,x27,x15	 x27:0xffffffff x15:0x800084d0 x25=0xffffffff
       12885000	      1287	80001ebc	00e05bb3	srl	x23,x0,x14	  x0:0x00000000 x14:0x00000001 x23=0x00000000
       12895000	      1288	80001ec0	68edba93	sltiu	x21,x27,1678	 x27:0xffffffff x21=0x00000000
       12905000	      1289	80001ec4	01207cb3	and	x25,x0,x18	  x0:0x00000000 x18:0xdb48fff3 x25=0x00000000
       12915000	      1290	80001ec8	03c40413	addi	x8,x8,60	  x8:0x80009f48  x8=0x80009f84
       12925000	      1291	80001ecc	cd98a313	slti	x6,x17,-807	 x17:0x8ec05aec  x6=0x00000001
       12935000	      1292	80001ed0	00e01133	sll	x2,x0,x14	  x0:0x00000000 x14:0x00000001  x2=0x00000000
       12945000	      1293	80001ed4	00108f93	addi	x31,x1,1	  x1:0x80000fb0 x31=0x80000fb1
       12955000	      1294	80001ed8	000f8fe7	jalr	x31,x31,0	 x31:0x80000fb1 x31=0x80001ed8
       12965000	      1295	00000000	00000013	addi	x0,x0,0	  x0:0x00000000
       12975000	      1296	80000fb0	00000013	addi	x0,x0,0	  x0:0x00000000
       12985000	      1297	80000fb4	05dd5263	bge	x26,x29,80000ff8	 x26:0x191e0000 x29:0x3191e000
       12995000	      1298	80000fb8	9e15ad93	slti	x27,x11,-1567	 x11:0x00034864 x27=0x00000000
       13005000	      1299	80000fbc	008b34b3	sltu	x9,x22,x8	 x22:0x00000001  x8:0x80009f84  x9=0x00000001
       13015000	      1300	80000fc0	adfff517	auipc	x10,0xadfff	 x10=0x2dffffbc
       13025000	      1301	80000fc4	cfbba197	auipc	x3,0xcfbba	  x3=0x4fbbafc0
       13035000	      1302	80000fc8	0122a533	slt	x10,x5,x18	  x5:0x61f0de64 x18:0xdb48fff3 x10=0x00000000
       13045000	      1303	80000fcc	027be463	bltu	x23,x7,80000ff4	 x23:0x00000000  x7:0x80009fc4
       13055000	      1304	00000000	00000013	addi	x0,x0,0	  x0:0x00000000
       13065000	      1305	80000ff0	00000013	addi	x0,x0,0	  x0:0x00000000
       13075000	      1306	80000ff4	0016f933	and	x18,x13,x1	 x13:0x8ec05aec  x1:0x80000fb0 x18=0x80000aa0
       13085000	      1307	80000ff8	40f50033	sub	x0,x10,x15	 x10:0x00000000 x15:0x800084d0
       13095000	      1308	80000ffc	41c45db3	sra	x27,x8,x28	  x8:0x80009f84 x28:0x466b2000 x27=0x80009f84
       13105000	      1309	80001000	00d0dd93	srli	x27,x1,0xd	  x1:0x80000fb0 x27=0x00040000
       13115000	      1310	80001004	01ab3fb3	sltu	x31,x22,x26	 x22:0x00000001 x26:0x191e0000 x31=0x00000001
       13125000	      1311	80001008	02240a63	beq	x8,x2,8000103c	  x8:0x80009f84  x2:0x00000000
       13135000	      1312	8000100c	646e7613	andi	x12,x28,1606	 x28:0x466b2000 x12=0x00000000
       13145000	      1313	80001010	9019a593	slti	x11,x19,-1791	 x19:0xfffffd75 x11=0x00000000
       13155000	      1314	80001014	41400c33	sub	x24,x0,x20	  x0:0x00000000 x20:0xfff8ec05 x24=0x000713fb
       13165000	      1315	80001018	03ac4263	blt	x24,x26,8000103c	 x24:0x000713fb x26:0x191e0000
       13175000	      1316	00000000	00000013	addi	x0,x0,0	  x0:0x00000000
       13185000	      1317	80001038	00000013	addi	x0,x0,0	  x0:0x00000000
       13195000	      1318	8000103c	01eeb833	sltu	x16,x29,x30	 x29:0x3191e000 x30:0xfdb48fff x16=0x00000001
       13205000	      1319	80001040	00e7d713	srli	x14,x15,0xe	 x15:0x800084d0 x14=0x00020002
       13215000	      1320	80001044	65d93c13	sltiu	x24,x18,1629	 x18:0x80000aa0 x24=0x00000000
       13225000	      1321	80001048	01efdfb3	srl	x31,x31,x30	 x31:0x00000001 x30:0xfdb48fff x31=0x00000000
       13235000	      1322	8000104c	41625c13	srai	x24,x4,0x16	  x4:0xfea1010b x24=0xfffffffa
       13245000	      1323	80001050	c985fd13	andi	x26,x11,-872	 x11:0x00000000 x26=0x00000000
       13255000	      1324	80001054	004070b3	and	x1,x0,x4	  x0:0x00000000  x4:0xfea1010b  x1=0x00000000
       13265000	      1325	80001058	00e7feb3	and	x29,x15,x14	 x15:0x800084d0 x14:0x00020002 x29=0x00000000
       13275000	      1326	8000105c	001580b3	add	x1,x11,x1	 x11:0x00000000  x1:0x00000000  x1=0x00000000
       13285000	      1327	80001060	0101cab3	xor	x21,x3,x16	  x3:0x4fbbafc0 x16:0x00000001 x21=0x4fbbafc1
       13295000	      1328	80001064	0002a1b3	slt	x3,x5,x0	  x5:0x61f0de64  x0:0x00000000  x3=0x00000000
       13305000	      1329	80001068	4bed2613	slti	x12,x26,1214	 x26:0x00000000 x12=0x00000001
       13315000	      1330	8000106c	00afcc33	xor	x24,x31,x10	 x31:0x00000000 x10:0x00000000 x24=0x00000000
       13325000	      1331	80001070	012684b3	add	x9,x13,x18	 x13:0x8ec05aec x18:0x80000aa0  x9=0x0ec0658c
       13335000	      1332	80001074	01f1cbb3	xor	x23,x3,x31	  x3:0x00000000 x31:0x00000000 x23=0x00000000
       13345000	      1333	80001078	fb117a93	andi	x21,x2,-79	  x2:0x00000000 x21=0x00000000
       13355000	      1334	8000107c	011ac863	blt	x21,x17,8000108c	 x21:0x00000000 x17:0x8ec05aec
       13365000	      1335	80001080	023a7263	bgeu	x20,x3,800010a4	 x20:0xfff8ec05  x3:0x00000000
       13375000	      1336	00000000	00000013	addi	x0,x0,0	  x0:0x00000000
       13385000	      1337	800010a0	00000013	addi	x0,x0,0	  x0:0x00000000
       13395000	      1338	800010a4	0011f6b3	and	x13,x3,x1	  x3:0x00000000  x1:0x00000000 x13=0x00000000
       13405000	      1339	800010a8	43a00693	addi	x13,x0,1082	  x0:0x00000000 x13=0x0000043a
       13415000	      1340	800010ac	00121eb3	sll	x29,x4,x1	  x4:0xfea1010b  x1:0x00000000 x29=0xfea1010b
       13425000	      1341	800010b0	40e5dfb3	sra	x31,x11,x14	 x11:0x00000000 x14:0x00020002 x31=0x00000000
       13435000	      1342	800010b4	01415a63	bge	x2,x20,800010c8	  x2:0x00000000 x20:0xfff8ec05
       13445000	      1343	00000000	00000013	addi	x0,x0,0	  x0:0x00000000
       13455000	      1344	800010c4	00000013	addi	x0,x0,0	  x0:0x00000000
       13465000	      1345	800010c8	01a11f13	slli	x30,x2,0x1a	  x2:0x00000000 x30=0x00000000
       13475000	      1346	800010cc	019648b3	xor	x17,x12,x25	 x12:0x00000001 x25:0x00000000 x17=0x00000001
       13485000	      1347	800010d0	00002933	slt	x18,x0,x0	  x0:0x00000000  x0:0x00000000 x18=0x00000000
       13495000	      1348	800010d4	01ce7f33	and	x30,x28,x28	 x28:0x466b2000 x28:0x466b2000 x30=0x466b2000
       13505000	      1349	800010d8	00ef5693	srli	x13,x30,0xe	 x30:0x466b2000 x13=0x000119ac
       13515000	      1350	800010dc	76eb1097	auipc	x1,0x76eb1	  x1=0xf6eb20d8
       13525000	      1351	800010e0	fd65fc93	andi	x25,x11,-42	 x11:0x00000000 x25=0x00000000
       13535000	      1352	800010e4	01455333	srl	x6,x10,x20	 x10:0x00000000 x20:0xfff8ec05  x6=0x00000000
       13545000	      1353	800010e8	01ec2b33	slt	x22,x24,x30	 x24:0x00000000 x30:0x466b2000 x22=0x00000001
       13555000	      1354	800010ec	01244e33	xor	x28,x8,x18	  x8:0x80009f84 x18:0x00000000 x28=0x80009f84
       13565000	      1355	800010f0	010c6833	or	x16,x24,x16	 x24:0x00000000 x16:0x00000001 x16=0x00000001
       13575000	      1356	800010f4	0023e133	or	x2,x7,x2	  x7:0x80009fc4  x2:0x00000000  x2=0x80009fc4
       13585000	      1357	800010f8	ce04d6b7	lui	x13,0xce04d	 x13=0xce04d000
       13595000	      1358	800010fc	4164d913	srai	x18,x9,0x16	  x9:0x0ec0658c x18=0x0000003b
       13605000	      1359	80001100	0329d463	bge	x19,x18,80001128	 x19:0xfffffd75 x18:0x0000003b
       13615000	      1360	80001104	d959df17	auipc	x30,0xd959d	 x30=0x5959e100
       13625000	      1361	80001108	d24fef93	ori	x31,x31,-732	 x31:0x00000000 x31=0xfffffd24
       13635000	      1362	8000110c	40cd5d93	srai	x27,x26,0xc	 x26:0x00000000 x27=0x00000000
       13645000	      1363	80001110	01d49263	bne	x9,x29,80001114	  x9:0x0ec0658c x29:0xfea1010b
       13655000	      1364	00000000	00000013	addi	x0,x0,0	  x0:0x00000000
       13665000	      1365	80001110	00000013	addi	x0,x0,0	  x0:0x00000000
       13675000	      1366	80001114	e6d1e493	ori	x9,x3,-403	  x3:0x00000000  x9=0xfffffe6d
       13685000	      1367	80001118	a0adb813	sltiu	x16,x27,-1526	 x27:0x00000000 x16=0x00000001
       13695000	      1368	8000111c	00000013	addi	x0,x0,0	  x0:0x00000000
       13705000	      1369	80001120	38a56013	ori	x0,x10,906	 x10:0x00000000
       13715000	      1370	80001124	01041eb3	sll	x29,x8,x16	  x8:0x80009f84 x16:0x00000001 x29=0x00013f08
       13725000	      1371	80001128	01cf6863	bltu	x30,x28,80001138	 x30:0x5959e100 x28:0x80009f84
       13735000	      1372	00000000	00000013	addi	x0,x0,0	  x0:0x00000000
       13745000	      1373	80001134	00000013	addi	x0,x0,0	  x0:0x00000000
       13755000	      1374	80001138	018b4533	xor	x10,x22,x24	 x22:0x00000001 x24:0x00000000 x10=0x00000001
       13765000	      1375	8000113c	d78cb793	sltiu	x15,x25,-648	 x25:0x00000000 x15=0x00000001
       13775000	      1376	80001140	00000013	addi	x0,x0,0	  x0:0x00000000
       13785000	      1377	80001144	02749863	bne	x9,x7,80001174	  x9:0xfffffe6d  x7:0x80009fc4
       13795000	      1378	00000000	00000013	addi	x0,x0,0	  x0:0x00000000
       13805000	      1379	80001170	00000013	addi	x0,x0,0	  x0:0x00000000
       13815000	      1380	80001174	014935b3	sltu	x11,x18,x20	 x18:0x0000003b x20:0xfff8ec05 x11=0x00000001
       13825000	      1381	80001178	6e54af93	slti	x31,x9,1765	  x9:0xfffffe6d x31=0x00000001
       13835000	      1382	8000117c	01568863	beq	x13,x21,8000118c	 x13:0xce04d000 x21:0x00000000
       13845000	      1383	80001180	01c361b3	or	x3,x6,x28	  x6:0x00000000 x28:0x80009f84  x3=0x80009f84
       13855000	      1384	80001184	b3888513	addi	x10,x17,-1224	 x17:0x00000001 x10=0xfffffb39
       13865000	      1385	80001188	4041ab93	slti	x23,x3,1028	  x3:0x80009f84 x23=0x00000001
       13875000	      1386	8000118c	78c60a93	addi	x21,x12,1932	 x12:0x00000001 x21=0x0000078d
       13885000	      1387	80001190	00d4d593	srli	x11,x9,0xd	  x9:0xfffffe6d x11=0x0007ffff
       13895000	      1388	80001194	01916863	bltu	x2,x25,800011a4	  x2:0x80009fc4 x25:0x00000000
       13905000	      1389	80001198	0085fe63	bgeu	x11,x8,800011b4	 x11:0x0007ffff  x8:0x80009f84
       13915000	      1390	8000119c	00f91cb3	sll	x25,x18,x15	 x18:0x0000003b x15:0x00000001 x25=0x00000076
       13925000	      1391	800011a0	d58c8613	addi	x12,x25,-680	 x25:0x00000076 x12=0xfffffdce
       13935000	      1392	800011a4	10d88513	addi	x10,x17,269	 x17:0x00000001 x10=0x0000010e
       13945000	      1393	800011a8	00c3e863	bltu	x7,x12,800011b8	  x7:0x80009fc4 x12:0xfffffdce
       13955000	      1394	00000000	00000013	addi	x0,x0,0	  x0:0x00000000
       13965000	      1395	800011b4	00000013	addi	x0,x0,0	  x0:0x00000000
       13975000	      1396	800011b8	01488b33	add	x22,x17,x20	 x17:0x00000001 x20:0xfff8ec05 x22=0xfff8ec06
       13985000	      1397	800011bc	45b7bb93	sltiu	x23,x15,1115	 x15:0x00000001 x23=0x00000001
       13995000	      1398	800011c0	00fc5e93	srli	x29,x24,0xf	 x24:0x00000000 x29=0x00000000
       14005000	      1399	800011c4	0079c7b3	xor	x15,x19,x7	 x19:0xfffffd75  x7:0x80009fc4 x15=0x7fff62b1
       14015000	      1400	800011c8	b2838e93	addi	x29,x7,-1240	  x7:0x80009fc4 x29=0x80009aec
       14025000	      1401	800011cc	ce0f8d13	addi	x26,x31,-800	 x31:0x00000001 x26=0xfffffce1
       14035000	      1402	800011d0	007f98b3	sll	x17,x31,x7	 x31:0x00000001  x7:0x80009fc4 x17=0x00000010
       14045000	      1403	800011d4	006d1ab3	sll	x21,x26,x6	 x26:0xfffffce1  x6:0x00000000 x21=0xfffffce1
       14055000	      1404	800011d8	7f8a2a93	slti	x21,x20,2040	 x20:0xfff8ec05 x21=0x00000001
       14065000	      1405	800011dc	00fd9193	slli	x3,x27,0xf	 x27:0x00000000  x3=0x00000000
       14075000	      1406	800011e0	0458c263	blt	x17,x5,80001224	 x17:0x00000010  x5:0x61f0de64
       14085000	      1407	00000000	00000013	addi	x0,x0,0	  x0:0x00000000
       14095000	      1408	80001220	00000013	addi	x0,x0,0	  x0:0x00000000
       14105000	      1409	80001224	55a67d37	lui	x26,0x55a67	 x26=0x55a67000
       14115000	      1410	80001228	0079c533	xor	x10,x19,x7	 x19:0xfffffd75  x7:0x80009fc4 x10=0x7fff62b1
       14125000	      1411	8000122c	01d724b3	slt	x9,x14,x29	 x14:0x00020002 x29:0x80009aec  x9=0x00000000
       14135000	      1412	80001230	3834bf93	sltiu	x31,x9,899	  x9:0x00000000 x31=0x00000001
       14145000	      1413	80001234	95f4ac17	auipc	x24,0x95f4a	 x24=0x15f4b230
       14155000	      1414	80001238	02abea63	bltu	x23,x10,8000126c	 x23:0x00000001 x10:0x7fff62b1
       14165000	      1415	00000000	00000013	addi	x0,x0,0	  x0:0x00000000
       14175000	      1416	80001268	00000013	addi	x0,x0,0	  x0:0x00000000
       14185000	      1417	8000126c	80edba17	auipc	x20,0x80edb	 x20=0x00edc268
       14195000	      1418	80001270	1a672017	auipc	x0,0x1a672	
       14205000	      1419	80001274	00731613	slli	x12,x6,0x7	  x6:0x00000000 x12=0x00000000
       14215000	      1420	80001278	4152d133	sra	x2,x5,x21	  x5:0x61f0de64 x21:0x00000001  x2=0x30f86f32
       14225000	      1421	8000127c	00000013	addi	x0,x0,0	  x0:0x00000000
       14235000	      1422	80001280	00454a63	blt	x10,x4,80001294	 x10:0x7fff62b1  x4:0xfea1010b
       14245000	      1423	80001284	40c20cb3	sub	x25,x4,x12	  x4:0xfea1010b x12:0x00000000 x25=0xfea1010b
       14255000	      1424	80001288	00d0cab3	xor	x21,x1,x13	  x1:0xf6eb20d8 x13:0xce04d000 x21=0x38eff0d8
       14265000	      1425	8000128c	03f8e263	bltu	x17,x31,800012b0	 x17:0x00000010 x31:0x00000001
       14275000	      1426	80001290	0068a1b3	slt	x3,x17,x6	 x17:0x00000010  x6:0x00000000  x3=0x00000000
       14285000	      1427	80001294	018f50b3	srl	x1,x30,x24	 x30:0x5959e100 x24:0x15f4b230  x1=0x00005959
       14295000	      1428	80001298	046c8663	beq	x25,x6,800012e4	 x25:0xfea1010b  x6:0x00000000
       14305000	      1429	8000129c	03360a63	beq	x12,x19,800012d0	 x12:0x00000000 x19:0xfffffd75
       14315000	      1430	800012a0	413fda13	srai	x20,x31,0x13	 x31:0x00000001 x20=0x00000000
       14325000	      1431	800012a4	f2542e93	slti	x29,x8,-219	  x8:0x80009f84 x29=0x00000001
       14335000	      1432	800012a8	0035bc33	sltu	x24,x11,x3	 x11:0x0007ffff  x3:0x00000000 x24=0x00000000
       14345000	      1433	800012ac	415d5a93	srai	x21,x26,0x15	 x26:0x55a67000 x21=0x000002ad
       14355000	      1434	800012b0	00000013	addi	x0,x0,0	  x0:0x00000000
       14365000	      1435	800012b4	e545f513	andi	x10,x11,-428	 x11:0x0007ffff x10=0x0007fe54
       14375000	      1436	800012b8	002947b3	xor	x15,x18,x2	 x18:0x0000003b  x2:0x30f86f32 x15=0x30f86f09
       14385000	      1437	800012bc	02aaf463	bgeu	x21,x10,800012e4	 x21:0x000002ad x10:0x0007fe54
       14395000	      1438	800012c0	406956b3	sra	x13,x18,x6	 x18:0x0000003b  x6:0x00000000 x13=0x0000003b
       14405000	      1439	800012c4	0e3a3d13	sltiu	x26,x20,227	 x20:0x00000000 x26=0x00000001
       14415000	      1440	800012c8	4146da13	srai	x20,x13,0x14	 x13:0x0000003b x20=0x00000000
       14425000	      1441	800012cc	01284fb3	xor	x31,x16,x18	 x16:0x00000001 x18:0x0000003b x31=0x0000003a
       14435000	      1442	800012d0	5a9b7193	andi	x3,x22,1449	 x22:0xfff8ec06  x3=0x00000400
       14445000	      1443	800012d4	00b43733	sltu	x14,x8,x11	  x8:0x80009f84 x11:0x0007ffff x14=0x00000000
       14455000	      1444	800012d8	01045c93	srli	x25,x8,0x10	  x8:0x80009f84 x25=0x00008000
       14465000	      1445	800012dc	03f06663	bltu	x0,x31,80001308	  x0:0x00000000 x31:0x0000003a
       14475000	      1446	00000000	00000013	addi	x0,x0,0	  x0:0x00000000
       14485000	      1447	80001304	00000013	addi	x0,x0,0	  x0:0x00000000
       14495000	      1448	80001308	00336463	bltu	x6,x3,80001310	  x6:0x00000000  x3:0x00000400
       14505000	      1449	00000000	00000013	addi	x0,x0,0	  x0:0x00000000
       14515000	      1450	8000130c	00000013	addi	x0,x0,0	  x0:0x00000000
       14525000	      1451	80001310	03e56463	bltu	x10,x30,80001338	 x10:0x0007fe54 x30:0x5959e100
       14535000	      1452	00000000	00000013	addi	x0,x0,0	  x0:0x00000000
       14545000	      1453	80001334	00000013	addi	x0,x0,0	  x0:0x00000000
       14555000	      1454	80001338	e3c86117	auipc	x2,0xe3c86	  x2=0x63c87334
       14565000	      1455	8000133c	d26bf293	andi	x5,x23,-730	 x23:0x00000001  x5=0x00000000
       14575000	      1456	80001340	0b7ff463	bgeu	x31,x23,800013e8	 x31:0x0000003a x23:0x00000001
       14585000	      1457	00000000	00000013	addi	x0,x0,0	  x0:0x00000000
       14595000	      1458	800013e4	00000013	addi	x0,x0,0	  x0:0x00000000
       14605000	      1459	800013e8	64d54c93	xori	x25,x10,1613	 x10:0x0007fe54 x25=0x0007f819
       14615000	      1460	800013ec	404f0733	sub	x14,x30,x4	 x30:0x5959e100  x4:0xfea1010b x14=0x5ab8dff5
       14625000	      1461	800013f0	018828b3	slt	x17,x16,x24	 x16:0x00000001 x24:0x00000000 x17=0x00000000
       14635000	      1462	800013f4	00588833	add	x16,x17,x5	 x17:0x00000000  x5:0x00000000 x16=0x00000000
       14645000	      1463	800013f8	018a5713	srli	x14,x20,0x18	 x20:0x00000000 x14=0x00000000
       14655000	      1464	800013fc	00061c13	slli	x24,x12,0x0	 x12:0x00000000 x24=0x00000000
       14665000	      1465	80001400	011684b3	add	x9,x13,x17	 x13:0x0000003b x17:0x00000000  x9=0x0000003b
       14675000	      1466	80001404	694c8e13	addi	x28,x25,1684	 x25:0x0007f819 x28=0x0007fead
       14685000	      1467	80001408	41bf54b3	sra	x9,x30,x27	 x30:0x5959e100 x27:0x00000000  x9=0x5959e100
       14695000	      1468	8000140c	03cd6663	bltu	x26,x28,80001438	 x26:0x00000001 x28:0x0007fead
       14705000	      1469	00000000	00000013	addi	x0,x0,0	  x0:0x00000000
       14715000	      1470	80001434	00000013	addi	x0,x0,0	  x0:0x00000000
       14725000	      1471	80001438	01cf9593	slli	x11,x31,0x1c	 x31:0x0000003a x11=0xa0000000
       14735000	      1472	8000143c	00000217	auipc	x4,0x0	  x4=0x80001438
       14745000	      1473	80001440	00c20213	addi	x4,x4,12	  x4:0x80001438  x4=0x80001444
       14755000	      1474	80001444	00020067	jalr	x0,x4,0	  x4:0x80001444
       14765000	      1475	00000000	00000013	addi	x0,x0,0	  x0:0x00000000
       14775000	      1476	80001444	00000013	addi	x0,x0,0	  x0:0x00000000
       14785000	      1477	80001448	00100193	addi	x3,x0,1	  x0:0x00000000  x3=0x00000001
       14795000	      1478	8000144c	00000073	ecall	
       14805000	      1479	80001450	4029da13	srai	x20,x19,0x2	 x19:0xfffffd75 x20=0xffffff5d
