		Time			Cycle	PC		Insn	Decoded instruction	Register and memory contents
          65000	         5	80000004	00000293	addi	x5,x0,0	  x0:0x00000000  x5=0x00000000
          75000	         6	80000008	00000313	addi	x6,x0,0	  x0:0x00000000  x6=0x00000000
          85000	         7	8000000c	00628263	beq	x5,x6,80000010	  x5:0x00000000  x6:0x00000000
          95000	         8	00000000	00000013	addi	x0,x0,0	  x0:0x00000000
         105000	         9	8000000c	00000013	addi	x0,x0,0	  x0:0x00000000
         115000	        10	80000010	00000897	auipc	x17,0x0	 x17=0x8000000c
         125000	        11	80000014	00c88893	addi	x17,x17,12	 x17:0x8000000c x17=0x80000018
         135000	        12	80000018	00088067	jalr	x0,x17,0	 x17:0x80000018
         145000	        13	00000000	00000013	addi	x0,x0,0	  x0:0x00000000
         155000	        14	80000018	00000013	addi	x0,x0,0	  x0:0x00000000
         165000	        15	8000001c	40000eb7	lui	x29,0x40000	 x29=0x40000000
         175000	        16	80000020	100e8e93	addi	x29,x29,256	 x29:0x40000000 x29=0x40000100
         185000	        17	80000024	00000013	addi	x0,x0,0	  x0:0x00000000
         195000	        18	80000028	0000a817	auipc	x16,0xa	 x16=0x8000a024
         205000	        19	8000002c	fa080813	addi	x16,x16,-96	 x16:0x8000a024 x16=0x80009fc4
         215000	        20	80000030	00002e97	auipc	x29,0x2	 x29=0x8000202c
         225000	        21	80000034	fdce8e93	addi	x29,x29,-36	 x29:0x8000202c x29=0x80002008
         235000	        22	80000038	000eee93	ori	x29,x29,0	 x29:0x80002008 x29=0x80002008
         245000	        23	8000003c	00000013	addi	x0,x0,0	  x0:0x00000000
         255000	        24	80000040	00000e97	auipc	x29,0x0	 x29=0x8000003c
         265000	        25	80000044	020e8e93	addi	x29,x29,32	 x29:0x8000003c x29=0x8000005c
         275000	        26	80000048	00000013	addi	x0,x0,0	  x0:0x00000000
         285000	        27	8000004c	00000013	addi	x0,x0,0	  x0:0x00000000
         295000	        28	80000050	00002eb7	lui	x29,0x2	 x29=0x00002000
         305000	        29	80000054	800e8e93	addi	x29,x29,-2048	 x29:0x00002000 x29=0x00001800
         315000	        30	80000058	00000013	addi	x0,x0,0	  x0:0x00000000
         325000	        31	8000005c	00000013	addi	x0,x0,0	  x0:0x00000000
         335000	        32	80000060	80000037	lui	x0,0x80000	
         345000	        33	80000064	00000013	addi	x0,x0,0	  x0:0x00000000
         355000	        34	80000068	800000b7	lui	x1,0x80000	  x1=0x80000000
         365000	        35	8000006c	00000113	addi	x2,x0,0	  x0:0x00000000  x2=0x00000000
         375000	        36	80000070	00000193	addi	x3,x0,0	  x0:0x00000000  x3=0x00000000
         385000	        37	80000074	5f3b9237	lui	x4,0x5f3b9	  x4=0x5f3b9000
         395000	        38	80000078	eba20213	addi	x4,x4,-326	  x4:0x5f3b9000  x4=0x5f3b8eba
         405000	        39	8000007c	00000293	addi	x5,x0,0	  x0:0x00000000  x5=0x00000000
         415000	        40	80000080	190f4337	lui	x6,0x190f4	  x6=0x190f4000
         425000	        41	80000084	07e30313	addi	x6,x6,126	  x6:0x190f4000  x6=0x190f407e
         435000	        42	80000088	00300393	addi	x7,x0,3	  x0:0x00000000  x7=0x00000003
         445000	        43	8000008c	80000437	lui	x8,0x80000	  x8=0x80000000
         455000	        44	80000090	847e74b7	lui	x9,0x847e7	  x9=0x847e7000
         465000	        45	80000094	f0848493	addi	x9,x9,-248	  x9:0x847e7000  x9=0x847e6f08
         475000	        46	80000098	f8f94537	lui	x10,0xf8f94	 x10=0xf8f94000
         485000	        47	8000009c	e4b50513	addi	x10,x10,-437	 x10:0xf8f94000 x10=0xf8f93e4b
         495000	        48	800000a0	00000593	addi	x11,x0,0	  x0:0x00000000 x11=0x00000000
         505000	        49	800000a4	00000613	addi	x12,x0,0	  x0:0x00000000 x12=0x00000000
         515000	        50	800000a8	800006b7	lui	x13,0x80000	 x13=0x80000000
         525000	        51	800000ac	00000713	addi	x14,x0,0	  x0:0x00000000 x14=0x00000000
         535000	        52	800000b0	00000793	addi	x15,x0,0	  x0:0x00000000 x15=0x00000000
         545000	        53	800000b4	f6d418b7	lui	x17,0xf6d41	 x17=0xf6d41000
         555000	        54	800000b8	bb188893	addi	x17,x17,-1103	 x17:0xf6d41000 x17=0xf6d40bb1
         565000	        55	800000bc	00a00913	addi	x18,x0,10	  x0:0x00000000 x18=0x0000000a
         575000	        56	800000c0	f64899b7	lui	x19,0xf6489	 x19=0xf6489000
         585000	        57	800000c4	a2698993	addi	x19,x19,-1498	 x19:0xf6489000 x19=0xf6488a26
         595000	        58	800000c8	00900a13	addi	x20,x0,9	  x0:0x00000000 x20=0x00000009
         605000	        59	800000cc	80000b37	lui	x22,0x80000	 x22=0x80000000
         615000	        60	800000d0	00000b93	addi	x23,x0,0	  x0:0x00000000 x23=0x00000000
         625000	        61	800000d4	00000c13	addi	x24,x0,0	  x0:0x00000000 x24=0x00000000
         635000	        62	800000d8	f4209cb7	lui	x25,0xf4209	 x25=0xf4209000
         645000	        63	800000dc	61fc8c93	addi	x25,x25,1567	 x25:0xf4209000 x25=0xf420961f
         655000	        64	800000e0	00200d13	addi	x26,x0,2	  x0:0x00000000 x26=0x00000002
         665000	        65	800000e4	3b4aadb7	lui	x27,0x3b4aa	 x27=0x3b4aa000
         675000	        66	800000e8	943d8d93	addi	x27,x27,-1725	 x27:0x3b4aa000 x27=0x3b4a9943
         685000	        67	800000ec	2f873e37	lui	x28,0x2f873	 x28=0x2f873000
         695000	        68	800000f0	6b8e0e13	addi	x28,x28,1720	 x28:0x2f873000 x28=0x2f8736b8
         705000	        69	800000f4	f936ceb7	lui	x29,0xf936c	 x29=0xf936c000
         715000	        70	800000f8	b54e8e93	addi	x29,x29,-1196	 x29:0xf936c000 x29=0xf936bb54
         725000	        71	800000fc	80000f37	lui	x30,0x80000	 x30=0x80000000
         735000	        72	80000100	f1f06fb7	lui	x31,0xf1f06	 x31=0xf1f06000
         745000	        73	80000104	25ef8f93	addi	x31,x31,606	 x31:0xf1f06000 x31=0xf1f0625e
         755000	        74	80000108	0000aa97	auipc	x21,0xa	 x21=0x8000a104
         765000	        75	8000010c	e80a8a93	addi	x21,x21,-384	 x21:0x8000a104 x21=0x80009f84
         775000	        76	80000110	00008797	auipc	x15,0x8	 x15=0x8000810c
         785000	        77	80000114	19678793	addi	x15,x15,406	 x15:0x8000810c x15=0x800082a2
         795000	        78	80000118	015b1113	slli	x2,x22,0x15	 x22:0x80000000  x2=0x00000000
         805000	        79	8000011c	00078e83	lb	x29,0(x15)	 x15:0x800082a2 x29=0x00000059 PA:0x800082a2
         815000	        80	80000120	00f55a13	srli	x20,x10,0xf	 x10:0xf8f93e4b x20=0x0001f1f2
         825000	        81	80000124	0026d0b3	srl	x1,x13,x2	 x13:0x80000000  x2:0x00000000  x1=0x80000000
         835000	        82	80000128	d74fbb93	sltiu	x23,x31,-652	 x31:0xf1f0625e x23=0x00000001
         845000	        83	8000012c	0157ad33	slt	x26,x15,x21	 x15:0x800082a2 x21:0x80009f84 x26=0x00000001
         855000	        84	80000130	b2e02393	slti	x7,x0,-1234	  x0:0x00000000  x7=0x00000000
         865000	        85	80000134	04c17337	lui	x6,0x4c17	  x6=0x04c17000
         875000	        86	80000138	0047c103	lbu	x2,4(x15)	 x15:0x800082a2  x2=0x0000005d PA:0x800082a6
         885000	        87	8000013c	01626133	or	x2,x4,x22	  x4:0x5f3b8eba x22:0x80000000  x2=0xdf3b8eba
         895000	        88	80000140	ff67dc03	lhu	x24,-10(x15)	 x15:0x800082a2 x24=0x00005253 PA:0x80008298
         905000	        89	80000144	407901b3	sub	x3,x18,x7	 x18:0x0000000a  x7:0x00000000  x3=0x0000000a
         915000	        90	80000148	41ef5f13	srai	x30,x30,0x1e	 x30:0x80000000 x30=0xfffffffe
         925000	        91	8000014c	00000013	addi	x0,x0,0	  x0:0x00000000
         935000	        92	80000150	c2b0cc93	xori	x25,x1,-981	  x1:0x80000000 x25=0x7ffffc2b
         945000	        93	80000154	ff679823	sh	x22,-16(x15)	 x15:0x800082a2 x22:0x80000000 PA:0x80008292
         955000	        94	80000158	01465eb3	srl	x29,x12,x20	 x12:0x00000000 x20:0x0001f1f2 x29=0x00000000
         965000	        95	8000015c	c322b913	sltiu	x18,x5,-974	  x5:0x00000000 x18=0x00000001
         975000	        96	80000160	aef69537	lui	x10,0xaef69	 x10=0xaef69000
         985000	        97	80000164	0067c103	lbu	x2,6(x15)	 x15:0x800082a2  x2=0x00000063 PA:0x800082a8
         995000	        98	80000168	0198ce33	xor	x28,x17,x25	 x17:0xf6d40bb1 x25:0x7ffffc2b x28=0x892bf79a
        1005000	        99	8000016c	00a78103	lb	x2,10(x15)	 x15:0x800082a2  x2=0x00000067 PA:0x800082ac
        1015000	       100	80000170	7ca04a13	xori	x20,x0,1994	  x0:0x00000000 x20=0x000007ca
        1025000	       101	80000174	00e78023	sb	x14,0(x15)	 x15:0x800082a2 x14:0x00000000 PA:0x800082a2
        1035000	       102	80000178	d24ec717	auipc	x14,0xd24ec	 x14=0x524ec174
        1045000	       103	8000017c	fea79923	sh	x10,-14(x15)	 x15:0x800082a2 x10:0xaef69000 PA:0x80008294
        1055000	       104	80000180	00000013	addi	x0,x0,0	  x0:0x00000000
        1065000	       105	80000184	0017ca03	lbu	x20,1(x15)	 x15:0x800082a2 x20=0x00000058 PA:0x800082a3
        1075000	       106	00000000	00000013	addi	x0,x0,0	  x0:0x00000000
        1085000	       107	80000188	63aa0193	addi	x3,x20,1594	 x20:0x00000058  x3=0x00000692
        1095000	       108	8000018c	00000013	addi	x0,x0,0	  x0:0x00000000
        1105000	       109	80000190	fe5e8313	addi	x6,x29,-27	 x29:0x00000000  x6=0xffffffe5
        1115000	       110	80000194	fe078a23	sb	x0,-12(x15)	 x15:0x800082a2  x0:0x00000000 PA:0x80008296
        1125000	       111	80000198	fe178b23	sb	x1,-10(x15)	 x15:0x800082a2  x1:0x80000000 PA:0x80008298
        1135000	       112	8000019c	01d15eb3	srl	x29,x2,x29	  x2:0x00000067 x29:0x00000000 x29=0x00000067
        1145000	       113	800001a0	5b0461b7	lui	x3,0x5b046	  x3=0x5b046000
        1155000	       114	800001a4	006785a3	sb	x6,11(x15)	 x15:0x800082a2  x6:0xffffffe5 PA:0x800082ad
        1165000	       115	800001a8	01c022b3	slt	x5,x0,x28	  x0:0x00000000 x28:0x892bf79a  x5=0x00000000
        1175000	       116	800001ac	fea78923	sb	x10,-14(x15)	 x15:0x800082a2 x10:0xaef69000 PA:0x80008294
        1185000	       117	800001b0	0163b433	sltu	x8,x7,x22	  x7:0x00000000 x22:0x80000000  x8=0x00000001
        1195000	       118	800001b4	fea788a3	sb	x10,-15(x15)	 x15:0x800082a2 x10:0xaef69000 PA:0x80008293
        1205000	       119	800001b8	01e9c433	xor	x8,x19,x30	 x19:0xf6488a26 x30:0xfffffffe  x8=0x09b775d8
        1215000	       120	800001bc	0097c703	lbu	x14,9(x15)	 x15:0x800082a2 x14=0x00000060 PA:0x800082ab
        1225000	       121	800001c0	01afda13	srli	x20,x31,0x1a	 x31:0xf1f0625e x20=0x0000003c
        1235000	       122	800001c4	019adc93	srli	x25,x21,0x19	 x21:0x80009f84 x25=0x00000040
        1245000	       123	800001c8	00a78523	sb	x10,10(x15)	 x15:0x800082a2 x10:0xaef69000 PA:0x800082ac
        1255000	       124	800001cc	00009a17	auipc	x20,0x9	 x20=0x800091c8
        1265000	       125	800001d0	b71a0a13	addi	x20,x20,-1167	 x20:0x800091c8 x20=0x80008d39
        1275000	       126	800001d4	00009317	auipc	x6,0x9	  x6=0x800091d0
        1285000	       127	800001d8	bd830313	addi	x6,x6,-1064	  x6:0x800091d0  x6=0x80008da8
        1295000	       128	800001dc	010a4c83	lbu	x25,16(x20)	 x20:0x80008d39 x25=0x00000032 PA:0x80008d49
        1305000	       129	800001e0	02130f83	lb	x31,33(x6)	  x6:0x80008da8 x31=0xffffffb2 PA:0x80008dc9
        1315000	       130	800001e4	02c32223	sw	x12,36(x6)	  x6:0x80008da8 x12:0x00000000 PA:0x80008dcc
        1325000	       131	800001e8	fdb34b03	lbu	x22,-37(x6)	  x6:0x80008da8 x22=0x00000068 PA:0x80008d83
        1335000	       132	800001ec	ff5a0b23	sb	x21,-10(x20)	 x20:0x80008d39 x21:0x80009f84 PA:0x80008d2f
        1345000	       133	800001f0	006a4183	lbu	x3,6(x20)	 x20:0x80008d39  x3=0x00000024 PA:0x80008d3f
        1355000	       134	800001f4	01aa0623	sb	x26,12(x20)	 x20:0x80008d39 x26:0x00000001 PA:0x80008d45
        1365000	       135	800001f8	ff2a0983	lb	x19,-14(x20)	 x20:0x80008d39 x19=0x00000010 PA:0x80008d2b
        1375000	       136	800001fc	02534c83	lbu	x25,37(x6)	  x6:0x80008da8 x25=0x00000000 PA:0x80008dcd
        1385000	       137	80000200	009a1e83	lh	x29,9(x20)	 x20:0x80008d39 x29=0x00002829 PA:0x80008d42
        1395000	       138	00000000	00000013	addi	x0,x0,0	  x0:0x00000000
        1405000	       139	80000204	fdd30f83	lb	x31,-35(x6)	  x6:0x80008da8 x31=0x0000006e PA:0x80008d85
        1415000	       140	80000208	00aa4603	lbu	x12,10(x20)	 x20:0x80008d39 x12=0x00000028 PA:0x80008d43
        1425000	       141	8000020c	fda306a3	sb	x26,-51(x6)	  x6:0x80008da8 x26:0x00000001 PA:0x80008d75
        1435000	       142	80000210	00008417	auipc	x8,0x8	  x8=0x8000820c
        1445000	       143	80000214	12540413	addi	x8,x8,293	  x8:0x8000820c  x8=0x80008331
        1455000	       144	80000218	00008b17	auipc	x22,0x8	 x22=0x80008214
        1465000	       145	8000021c	0aeb0b13	addi	x22,x22,174	 x22:0x80008214 x22=0x800082c2
        1475000	       146	80000220	00008a17	auipc	x20,0x8	 x20=0x8000821c
        1485000	       147	80000224	10ba0a13	addi	x20,x20,267	 x20:0x8000821c x20=0x80008327
        1495000	       148	80000228	01545183	lhu	x3,21(x8)	  x8:0x80008331  x3=0x0000fcfd PA:0x80008346
        1505000	       149	8000022c	00008617	auipc	x12,0x8	 x12=0x80008228
        1515000	       150	80000230	47b60613	addi	x12,x12,1147	 x12:0x80008228 x12=0x800086a3
        1525000	       151	80000234	000b1783	lh	x15,0(x22)	 x22:0x800082c2 x15=0x00007879 PA:0x800082c2
        1535000	       152	80000238	f53a0983	lb	x19,-173(x20)	 x20:0x80008327 x19=0x00000031 PA:0x8000827a
        1545000	       153	8000023c	ffb40c83	lb	x25,-5(x8)	  x8:0x80008331 x25=0xffffffe7 PA:0x8000832c
        1555000	       154	80000240	029a1003	lh	x0,41(x20)	 x20:0x80008327 PA:0x80008350
        1565000	       155	80000244	0f6a4183	lbu	x3,246(x20)	 x20:0x80008327  x3=0x000000d6 PA:0x8000841d
        1575000	       156	80000248	ff0b4c83	lbu	x25,-16(x22)	 x22:0x800082c2 x25=0x00000069 PA:0x800082b2
        1585000	       157	8000024c	071a1383	lh	x7,113(x20)	 x20:0x80008327  x7=0x00005253 PA:0x80008398
        1595000	       158	80000250	008b1003	lh	x0,8(x22)	 x22:0x800082c2 PA:0x800082ca
        1605000	       159	80000254	01060d83	lb	x27,16(x12)	 x12:0x800086a3 x27=0x00000068 PA:0x800086b3
        1615000	       160	80000258	03ea0303	lb	x6,62(x20)	 x20:0x80008327  x6=0x0000001e PA:0x80008365
        1625000	       161	8000025c	01960123	sb	x25,2(x12)	 x12:0x800086a3 x25:0x00000069 PA:0x800086a5
        1635000	       162	80000260	ff444183	lbu	x3,-12(x8)	  x8:0x80008331  x3=0x000000de PA:0x80008325
        1645000	       163	80000264	fe740a23	sb	x7,-12(x8)	  x8:0x80008331  x7:0x00005253 PA:0x80008325
        1655000	       164	80000268	ffab1483	lh	x9,-6(x22)	 x22:0x800082c2  x9=0x00007677 PA:0x800082bc
        1665000	       165	8000026c	002b5683	lhu	x13,2(x22)	 x22:0x800082c2 x13=0x00007e7f PA:0x800082c4
        1675000	       166	80000270	ff660083	lb	x1,-10(x12)	 x12:0x800086a3  x1=0x00000052 PA:0x80008699
        1685000	       167	80000274	ffc60f83	lb	x31,-4(x12)	 x12:0x800086a3 x31=0x00000054 PA:0x8000869f
        1695000	       168	80000278	f4aa0c03	lb	x24,-182(x20)	 x20:0x80008327 x24=0x0000002a PA:0x80008271
        1705000	       169	8000027c	ffdb4f03	lbu	x30,-3(x22)	 x22:0x800082c2 x30=0x00000074 PA:0x800082bf
        1715000	       170	80000280	0b8a4903	lbu	x18,184(x20)	 x20:0x80008327 x18=0x00000094 PA:0x800083df
        1725000	       171	80000284	002b2003	lw	x0,2(x22)	 x22:0x800082c2 PA:0x800082c4
        1735000	       172	80000288	feb62ea3	sw	x11,-3(x12)	 x12:0x800086a3 x11:0x00000000 PA:0x800086a0
        1745000	       173	8000028c	010b02a3	sb	x16,5(x22)	 x22:0x800082c2 x16:0x80009fc4 PA:0x800082c7
        1755000	       174	80000290	fec60923	sb	x12,-14(x12)	 x12:0x800086a3 x12:0x800086a3 PA:0x80008695
        1765000	       175	80000294	074a03a3	sb	x20,103(x20)	 x20:0x80008327 x20:0x80008327 PA:0x8000838e
        1775000	       176	80000298	fefb1d23	sh	x15,-6(x22)	 x22:0x800082c2 x15:0x00007879 PA:0x800082bc
        1785000	       177	8000029c	04f40023	sb	x15,64(x8)	  x8:0x80008331 x15:0x00007879 PA:0x80008371
        1795000	       178	800002a0	00009117	auipc	x2,0x9	  x2=0x8000929c
        1805000	       179	800002a4	89b10113	addi	x2,x2,-1893	  x2:0x8000929c  x2=0x80008b37
        1815000	       180	800002a8	61f50693	addi	x13,x10,1567	 x10:0xaef69000 x13=0xaef6961f
        1825000	       181	800002ac	00b10283	lb	x5,11(x2)	  x2:0x80008b37  x5=0x00000029 PA:0x80008b42
        1835000	       182	800002b0	fff15d03	lhu	x26,-1(x2)	  x2:0x80008b37 x26=0x00001c1d PA:0x80008b36
        1845000	       183	800002b4	00010523	sb	x0,10(x2)	  x2:0x80008b37  x0:0x00000000 PA:0x80008b41
        1855000	       184	800002b8	00000013	addi	x0,x0,0	  x0:0x00000000
        1865000	       185	800002bc	ff014d83	lbu	x27,-16(x2)	  x2:0x80008b37 x27=0x0000000c PA:0x80008b27
        1875000	       186	800002c0	016116a3	sh	x22,13(x2)	  x2:0x80008b37 x22:0x800082c2 PA:0x80008b44
        1885000	       187	800002c4	41d801b3	sub	x3,x16,x29	 x16:0x80009fc4 x29:0x00002829  x3=0x8000779b
        1895000	       188	800002c8	01b10723	sb	x27,14(x2)	  x2:0x80008b37 x27:0x0000000c PA:0x80008b45
        1905000	       189	800002cc	018be4b3	or	x9,x23,x24	 x23:0x00000001 x24:0x0000002a  x9=0x0000002b
        1915000	       190	800002d0	01831193	slli	x3,x6,0x18	  x6:0x0000001e  x3=0x1e000000
        1925000	       191	800002d4	9c59ff13	andi	x30,x19,-1595	 x19:0x00000031 x30=0x00000001
        1935000	       192	800002d8	01889793	slli	x15,x17,0x18	 x17:0xf6d40bb1 x15=0xb1000000
        1945000	       193	800002dc	411f5333	sra	x6,x30,x17	 x30:0x00000001 x17:0xf6d40bb1  x6=0x00000000
        1955000	       194	800002e0	00d12083	lw	x1,13(x2)	  x2:0x80008b37  x1=0x2c2d0cc2 PA:0x80008b44
        1965000	       195	800002e4	ffa10c23	sb	x26,-8(x2)	  x2:0x80008b37 x26:0x00001c1d PA:0x80008b2f
        1975000	       196	800002e8	73fa3293	sltiu	x5,x20,1855	 x20:0x80008327  x5=0x00000000
        1985000	       197	800002ec	009687b3	add	x15,x13,x9	 x13:0xaef6961f  x9:0x0000002b x15=0xaef6964a
        1995000	       198	800002f0	13f6b397	auipc	x7,0x13f6b	  x7=0x93f6b2ec
        2005000	       199	800002f4	fe510a23	sb	x5,-12(x2)	  x2:0x80008b37  x5:0x00000000 PA:0x80008b2b
        2015000	       200	800002f8	016fd713	srli	x14,x31,0x16	 x31:0x00000054 x14=0x00000000
        2025000	       201	800002fc	ffa10a03	lb	x20,-6(x2)	  x2:0x80008b37 x20=0x0000001a PA:0x80008b31
        2035000	       202	00000000	00000013	addi	x0,x0,0	  x0:0x00000000
        2045000	       203	80000300	014dd0b3	srl	x1,x27,x20	 x27:0x0000000c x20:0x0000001a  x1=0x00000000
        2055000	       204	80000304	806ad3b7	lui	x7,0x806ad	  x7=0x806ad000
        2065000	       205	80000308	fae7ff13	andi	x30,x15,-82	 x15:0xaef6964a x30=0xaef6960a
        2075000	       206	8000030c	01910423	sb	x25,8(x2)	  x2:0x80008b37 x25:0x00000069 PA:0x80008b3f
        2085000	       207	80000310	ff114503	lbu	x10,-15(x2)	  x2:0x80008b37 x10=0x00000013 PA:0x80008b28
        2095000	       208	80000314	40788633	sub	x12,x17,x7	 x17:0xf6d40bb1  x7:0x806ad000 x12=0x76693bb1
        2105000	       209	80000318	011dd693	srli	x13,x27,0x11	 x27:0x0000000c x13=0x00000000
        2115000	       210	8000031c	01d49993	slli	x19,x9,0x1d	  x9:0x0000002b x19=0x60000000
        2125000	       211	80000320	00e10783	lb	x15,14(x2)	  x2:0x80008b37 x15=0x0000000c PA:0x80008b45
        2135000	       212	80000324	ffb10b03	lb	x22,-5(x2)	  x2:0x80008b37 x22=0x00000019 PA:0x80008b32
        2145000	       213	80000328	00e14983	lbu	x19,14(x2)	  x2:0x80008b37 x19=0x0000000c PA:0x80008b45
        2155000	       214	8000032c	01f82bb3	slt	x23,x16,x31	 x16:0x80009fc4 x31:0x00000054 x23=0x00000001
        2165000	       215	80000330	01cc54b3	srl	x9,x24,x28	 x24:0x0000002a x28:0x892bf79a  x9=0x00000000
        2175000	       216	80000334	ff810383	lb	x7,-8(x2)	  x2:0x80008b37  x7=0x0000001d PA:0x80008b2f
        2185000	       217	80000338	00008997	auipc	x19,0x8	 x19=0x80008334
        2195000	       218	8000033c	59298993	addi	x19,x19,1426	 x19:0x80008334 x19=0x800088c6
        2205000	       219	80000340	073985a3	sb	x19,107(x19)	 x19:0x800088c6 x19:0x800088c6 PA:0x80008931
        2215000	       220	80000344	06b98c03	lb	x24,107(x19)	 x19:0x800088c6 x24=0xffffffc6 PA:0x80008931
        2225000	       221	80000348	07e985a3	sb	x30,107(x19)	 x19:0x800088c6 x30:0xaef6960a PA:0x80008931
        2235000	       222	8000034c	06b9cf83	lbu	x31,107(x19)	 x19:0x800088c6 x31=0x0000000a PA:0x80008931
        2245000	       223	80000350	06b9cd83	lbu	x27,107(x19)	 x19:0x800088c6 x27=0x0000000a PA:0x80008931
        2255000	       224	80000354	06b98e83	lb	x29,107(x19)	 x19:0x800088c6 x29=0x0000000a PA:0x80008931
        2265000	       225	80000358	06e985a3	sb	x14,107(x19)	 x19:0x800088c6 x14:0x00000000 PA:0x80008931
        2275000	       226	8000035c	07a985a3	sb	x26,107(x19)	 x19:0x800088c6 x26:0x00001c1d PA:0x80008931
        2285000	       227	80000360	f6198483	lb	x9,-159(x19)	 x19:0x800088c6  x9=0x0000000c PA:0x80008827
        2295000	       228	80000364	f75980a3	sb	x21,-159(x19)	 x19:0x800088c6 x21:0x80009f84 PA:0x80008827
        2305000	       229	80000368	f619ce83	lbu	x29,-159(x19)	 x19:0x800088c6 x29=0x00000084 PA:0x80008827
        2315000	       230	8000036c	f6198483	lb	x9,-159(x19)	 x19:0x800088c6  x9=0xffffff84 PA:0x80008827
        2325000	       231	80000370	40cbd333	sra	x6,x23,x12	 x23:0x00000001 x12:0x76693bb1  x6=0x00000000
        2335000	       232	80000374	00cc5593	srli	x11,x24,0xc	 x24:0xffffffc6 x11=0x000fffff
        2345000	       233	80000378	00449113	slli	x2,x9,0x4	  x9:0xffffff84  x2=0xfffff840
        2355000	       234	8000037c	f6198c03	lb	x24,-159(x19)	 x19:0x800088c6 x24=0xffffff84 PA:0x80008827
        2365000	       235	80000380	f6198703	lb	x14,-159(x19)	 x19:0x800088c6 x14=0xffffff84 PA:0x80008827
        2375000	       236	80000384	41cfd193	srai	x3,x31,0x1c	 x31:0x0000000a  x3=0x00000000
        2385000	       237	80000388	f69980a3	sb	x9,-159(x19)	 x19:0x800088c6  x9:0xffffff84 PA:0x80008827
        2395000	       238	8000038c	f619c203	lbu	x4,-159(x19)	 x19:0x800088c6  x4=0x00000084 PA:0x80008827
        2405000	       239	80000390	00009c97	auipc	x25,0x9	 x25=0x8000938c
        2415000	       240	80000394	8e9c8c93	addi	x25,x25,-1815	 x25:0x8000938c x25=0x80008c75
        2425000	       241	80000398	02fc8a23	sb	x15,52(x25)	 x25:0x80008c75 x15:0x0000000c PA:0x80008ca9
        2435000	       242	8000039c	03fcd383	lhu	x7,63(x25)	 x25:0x80008c75  x7=0x00009e9f PA:0x80008cb4
        2445000	       243	800003a0	fe0c8603	lb	x12,-32(x25)	 x25:0x80008c75 x12=0x0000003e PA:0x80008c55
        2455000	       244	800003a4	fdecc783	lbu	x15,-34(x25)	 x25:0x80008c75 x15=0x00000038 PA:0x80008c53
        2465000	       245	800003a8	fdeccb83	lbu	x23,-34(x25)	 x25:0x80008c75 x23=0x00000038 PA:0x80008c53
        2475000	       246	800003ac	fdecc283	lbu	x5,-34(x25)	 x25:0x80008c75  x5=0x00000038 PA:0x80008c53
        2485000	       247	800003b0	c9d30e93	addi	x29,x6,-867	  x6:0x00000000 x29=0xfffffc9d
        2495000	       248	800003b4	fdec8303	lb	x6,-34(x25)	 x25:0x80008c75  x6=0x00000038 PA:0x80008c53
        2505000	       249	800003b8	fdecce83	lbu	x29,-34(x25)	 x25:0x80008c75 x29=0x00000038 PA:0x80008c53
        2515000	       250	800003bc	024c8e83	lb	x29,36(x25)	 x25:0x80008c75 x29=0xffffff82 PA:0x80008c99
        2525000	       251	800003c0	030c8583	lb	x11,48(x25)	 x25:0x80008c75 x11=0xffffff8e PA:0x80008ca5
        2535000	       252	800003c4	80618d13	addi	x26,x3,-2042	  x3:0x00000000 x26=0xfffff806
        2545000	       253	800003c8	fd8c81a3	sb	x24,-61(x25)	 x25:0x80008c75 x24:0xffffff84 PA:0x80008c38
        2555000	       254	800003cc	fffc8c03	lb	x24,-1(x25)	 x25:0x80008c75 x24=0x0000005f PA:0x80008c74
        2565000	       255	800003d0	168bc793	xori	x15,x23,360	 x23:0x00000038 x15=0x00000150
        2575000	       256	800003d4	fe8df593	andi	x11,x27,-24	 x27:0x0000000a x11=0x00000008
        2585000	       257	800003d8	ff8c8603	lb	x12,-8(x25)	 x25:0x80008c75 x12=0x00000056 PA:0x80008c6d
        2595000	       258	800003dc	023c82a3	sb	x3,37(x25)	 x25:0x80008c75  x3:0x00000000 PA:0x80008c9a
        2605000	       259	800003e0	ffecc083	lbu	x1,-2(x25)	 x25:0x80008c75  x1=0x00000058 PA:0x80008c73
        2615000	       260	800003e4	fdfc8fa3	sb	x31,-33(x25)	 x25:0x80008c75 x31:0x0000000a PA:0x80008c54
        2625000	       261	800003e8	00729933	sll	x18,x5,x7	  x5:0x00000038  x7:0x00009e9f x18=0x00000000
        2635000	       262	800003ec	feecca03	lbu	x20,-18(x25)	 x25:0x80008c75 x20=0x00000048 PA:0x80008c63
        2645000	       263	800003f0	feecc403	lbu	x8,-18(x25)	 x25:0x80008c75  x8=0x00000048 PA:0x80008c63
        2655000	       264	800003f4	fd0cc783	lbu	x15,-48(x25)	 x25:0x80008c75 x15=0x0000002e PA:0x80008c45
        2665000	       265	800003f8	fe4cc183	lbu	x3,-28(x25)	 x25:0x80008c75  x3=0x00000042 PA:0x80008c59
        2675000	       266	800003fc	01bd1b13	slli	x22,x26,0x1b	 x26:0xfffff806 x22=0x30000000
        2685000	       267	80000400	01227fb3	and	x31,x4,x18	  x4:0x00000084 x18:0x00000000 x31=0x00000000
        2695000	       268	80000404	002f96b3	sll	x13,x31,x2	 x31:0x00000000  x2:0xfffff840 x13=0x00000000
        2705000	       269	80000408	068bde63	bge	x23,x8,80000484	 x23:0x00000038  x8:0x00000048
        2715000	       270	8000040c	00d99193	slli	x3,x19,0xd	 x19:0x800088c6  x3=0x1118c000
        2725000	       271	80000410	0008db93	srli	x23,x17,0x0	 x17:0xf6d40bb1 x23=0xf6d40bb1
        2735000	       272	80000414	d5f03293	sltiu	x5,x0,-673	  x0:0x00000000  x5=0x00000001
        2745000	       273	80000418	008713b3	sll	x7,x14,x8	 x14:0xffffff84  x8:0x00000048  x7=0xffff8400
        2755000	       274	8000041c	00512433	slt	x8,x2,x5	  x2:0xfffff840  x5:0x00000001  x8=0x00000001
        2765000	       275	80000420	0632e463	bltu	x5,x3,80000488	  x5:0x00000001  x3:0x1118c000
        2775000	       276	00000000	00000013	addi	x0,x0,0	  x0:0x00000000
        2785000	       277	80000484	00000013	addi	x0,x0,0	  x0:0x00000000
        2795000	       278	80000488	012a97b3	sll	x15,x21,x18	 x21:0x80009f84 x18:0x00000000 x15=0x80009f84
        2805000	       279	8000048c	00df92b3	sll	x5,x31,x13	 x31:0x00000000 x13:0x00000000  x5=0x00000000
        2815000	       280	80000490	401e5a13	srai	x20,x28,0x1	 x28:0x892bf79a x20=0xc495fbcd
        2825000	       281	80000494	01a70863	beq	x14,x26,800004a4	 x14:0xffffff84 x26:0xfffff806
        2835000	       282	80000498	4f304d13	xori	x26,x0,1267	  x0:0x00000000 x26=0x000004f3
        2845000	       283	8000049c	002179b3	and	x19,x2,x2	  x2:0xfffff840  x2:0xfffff840 x19=0xfffff840
        2855000	       284	800004a0	015a2a33	slt	x20,x20,x21	 x20:0xc495fbcd x21:0x80009f84 x20=0x00000000
        2865000	       285	800004a4	40808bb3	sub	x23,x1,x8	  x1:0x00000058  x8:0x00000001 x23=0x00000057
        2875000	       286	800004a8	a4542f13	slti	x30,x8,-1467	  x8:0x00000001 x30=0x00000000
        2885000	       287	800004ac	014d6d33	or	x26,x26,x20	 x26:0x000004f3 x20:0x00000000 x26=0x000004f3
        2895000	       288	800004b0	405b2593	slti	x11,x22,1029	 x22:0x30000000 x11=0x00000000
        2905000	       289	800004b4	e7586337	lui	x6,0xe7586	  x6=0xe7586000
        2915000	       290	800004b8	03dfdc63	bge	x31,x29,800004f0	 x31:0x00000000 x29:0xffffff82
        2925000	       291	00000000	00000013	addi	x0,x0,0	  x0:0x00000000
        2935000	       292	800004ec	00000013	addi	x0,x0,0	  x0:0x00000000
        2945000	       293	800004f0	7c386993	ori	x19,x16,1987	 x16:0x80009fc4 x19=0x80009fc7
        2955000	       294	800004f4	03db0e63	beq	x22,x29,80000530	 x22:0x30000000 x29:0xffffff82
        2965000	       295	800004f8	00f79433	sll	x8,x15,x15	 x15:0x80009f84 x15:0x80009f84  x8=0x0009f840
        2975000	       296	800004fc	17ec0413	addi	x8,x24,382	 x24:0x0000005f  x8=0x000001dd
        2985000	       297	80000500	01beec63	bltu	x29,x27,80000518	 x29:0xffffff82 x27:0x0000000a
        2995000	       298	80000504	03c1ca63	blt	x3,x28,80000538	  x3:0x1118c000 x28:0x892bf79a
        3005000	       299	80000508	40200fb3	sub	x31,x0,x2	  x0:0x00000000  x2:0xfffff840 x31=0x000007c0
        3015000	       300	8000050c	007d44b3	xor	x9,x26,x7	 x26:0x000004f3  x7:0xffff8400  x9=0xffff80f3
        3025000	       301	80000510	41be8f33	sub	x30,x29,x27	 x29:0xffffff82 x27:0x0000000a x30=0xffffff78
        3035000	       302	80000514	01851533	sll	x10,x10,x24	 x10:0x00000013 x24:0x0000005f x10=0x80000000
        3045000	       303	80000518	0313cc63	blt	x7,x17,80000550	  x7:0xffff8400 x17:0xf6d40bb1
        3055000	       304	8000051c	00000013	addi	x0,x0,0	  x0:0x00000000
        3065000	       305	80000520	40e2d333	sra	x6,x5,x14	  x5:0x00000000 x14:0xffffff84  x6=0x00000000
        3075000	       306	80000524	43f80e13	addi	x28,x16,1087	 x16:0x80009fc4 x28=0x8000a403
        3085000	       307	80000528	0165a3b3	slt	x7,x11,x22	 x11:0x00000000 x22:0x30000000  x7=0x00000001
        3095000	       308	8000052c	004e7863	bgeu	x28,x4,8000053c	 x28:0x8000a403  x4:0x00000084
        3105000	       309	00000000	00000013	addi	x0,x0,0	  x0:0x00000000
        3115000	       310	80000538	00000013	addi	x0,x0,0	  x0:0x00000000
        3125000	       311	8000053c	045b4463	blt	x22,x5,80000584	 x22:0x30000000  x5:0x00000000
        3135000	       312	80000540	05ff5863	bge	x30,x31,80000590	 x30:0xffffff78 x31:0x000007c0
        3145000	       313	80000544	41515533	sra	x10,x2,x21	  x2:0xfffff840 x21:0x80009f84 x10=0xffffff84
        3155000	       314	80000548	01e4f6b3	and	x13,x9,x30	  x9:0xffff80f3 x30:0xffffff78 x13=0xffff8070
        3165000	       315	8000054c	026b1463	bne	x22,x6,80000574	 x22:0x30000000  x6:0x00000000
        3175000	       316	00000000	00000013	addi	x0,x0,0	  x0:0x00000000
        3185000	       317	80000570	00000013	addi	x0,x0,0	  x0:0x00000000
        3195000	       318	80000574	0285ce63	blt	x11,x8,800005b0	 x11:0x00000000  x8:0x000001dd
        3205000	       319	00000000	00000013	addi	x0,x0,0	  x0:0x00000000
        3215000	       320	800005ac	00000013	addi	x0,x0,0	  x0:0x00000000
        3225000	       321	800005b0	01c989b3	add	x19,x19,x28	 x19:0x80009fc7 x28:0x8000a403 x19=0x000143ca
        3235000	       322	800005b4	03001c63	bne	x0,x16,800005ec	  x0:0x00000000 x16:0x80009fc4
        3245000	       323	00000000	00000013	addi	x0,x0,0	  x0:0x00000000
        3255000	       324	800005e8	00000013	addi	x0,x0,0	  x0:0x00000000
        3265000	       325	800005ec	016ea1b3	slt	x3,x29,x22	 x29:0xffffff82 x22:0x30000000  x3=0x00000001
        3275000	       326	800005f0	0061d293	srli	x5,x3,0x6	  x3:0x00000001  x5=0x00000000
        3285000	       327	800005f4	0080a2b3	slt	x5,x1,x8	  x1:0x00000058  x8:0x000001dd  x5=0x00000001
        3295000	       328	800005f8	00619693	slli	x13,x3,0x6	  x3:0x00000001 x13=0x00000040
        3305000	       329	800005fc	016084b3	add	x9,x1,x22	  x1:0x00000058 x22:0x30000000  x9=0x30000058
        3315000	       330	80000600	017f37b3	sltu	x15,x30,x23	 x30:0xffffff78 x23:0x00000057 x15=0x00000000
        3325000	       331	80000604	6e5ce393	ori	x7,x25,1765	 x25:0x80008c75  x7=0x80008ef5
        3335000	       332	80000608	004b52b3	srl	x5,x22,x4	 x22:0x30000000  x4:0x00000084  x5=0x03000000
        3345000	       333	8000060c	01b85d93	srli	x27,x16,0x1b	 x16:0x80009fc4 x27=0x00000010
        3355000	       334	80000610	01fe1233	sll	x4,x28,x31	 x28:0x8000a403 x31:0x000007c0  x4=0x8000a403
        3365000	       335	80000614	ef608e13	addi	x28,x1,-266	  x1:0x00000058 x28=0xffffff4e
        3375000	       336	80000618	006e92b3	sll	x5,x29,x6	 x29:0xffffff82  x6:0x00000000  x5=0xffffff82
        3385000	       337	8000061c	82392f13	slti	x30,x18,-2013	 x18:0x00000000 x30=0x00000000
        3395000	       338	80000620	019cd263	bge	x25,x25,80000624	 x25:0x80008c75 x25:0x80008c75
        3405000	       339	00000000	00000013	addi	x0,x0,0	  x0:0x00000000
        3415000	       340	80000620	00000013	addi	x0,x0,0	  x0:0x00000000
        3425000	       341	80000624	1c792993	slti	x19,x18,455	 x18:0x00000000 x19=0x00000001
        3435000	       342	80000628	f1842f93	slti	x31,x8,-232	  x8:0x000001dd x31=0x00000000
        3445000	       343	8000062c	00000013	addi	x0,x0,0	  x0:0x00000000
        3455000	       344	80000630	05537863	bgeu	x6,x21,80000680	  x6:0x00000000 x21:0x80009f84
        3465000	       345	80000634	557c7b13	andi	x22,x24,1367	 x24:0x0000005f x22=0x00000057
        3475000	       346	80000638	8cd1b193	sltiu	x3,x3,-1843	  x3:0x00000001  x3=0x00000001
        3485000	       347	8000063c	00073433	sltu	x8,x14,x0	 x14:0xffffff84  x0:0x00000000  x8=0x00000000
        3495000	       348	80000640	414b8e33	sub	x28,x23,x20	 x23:0x00000057 x20:0x00000000 x28=0x00000057
        3505000	       349	80000644	d65c1517	auipc	x10,0xd65c1	 x10=0x565c1640
        3515000	       350	80000648	00000013	addi	x0,x0,0	  x0:0x00000000
        3525000	       351	8000064c	01947933	and	x18,x8,x25	  x8:0x00000000 x25:0x80008c75 x18=0x00000000
        3535000	       352	80000650	05b26463	bltu	x4,x27,80000698	  x4:0x8000a403 x27:0x00000010
        3545000	       353	80000654	952e7717	auipc	x14,0x952e7	 x14=0x152e7650
        3555000	       354	80000658	02dd8863	beq	x27,x13,80000688	 x27:0x00000010 x13:0x00000040
        3565000	       355	8000065c	00000013	addi	x0,x0,0	  x0:0x00000000
        3575000	       356	80000660	014cdc13	srli	x24,x25,0x14	 x25:0x80008c75 x24=0x00000800
        3585000	       357	80000664	03875263	bge	x14,x24,80000688	 x14:0x152e7650 x24:0x00000800
        3595000	       358	00000000	00000013	addi	x0,x0,0	  x0:0x00000000
        3605000	       359	80000684	00000013	addi	x0,x0,0	  x0:0x00000000
        3615000	       360	80000688	01a516b3	sll	x13,x10,x26	 x10:0x565c1640 x26:0x000004f3 x13=0xb2000000
        3625000	       361	8000068c	412d0db3	sub	x27,x26,x18	 x26:0x000004f3 x18:0x00000000 x27=0x000004f3
        3635000	       362	80000690	0176e263	bltu	x13,x23,80000694	 x13:0xb2000000 x23:0x00000057
        3645000	       363	80000694	00a79793	slli	x15,x15,0xa	 x15:0x00000000 x15=0x00000000
        3655000	       364	80000698	001651b3	srl	x3,x12,x1	 x12:0x00000056  x1:0x00000058  x3=0x00000000
        3665000	       365	8000069c	40c3dd33	sra	x26,x7,x12	  x7:0x80008ef5 x12:0x00000056 x26=0xfffffe00
        3675000	       366	800006a0	079c7263	bgeu	x24,x25,80000704	 x24:0x00000800 x25:0x80008c75
        3685000	       367	800006a4	eb450213	addi	x4,x10,-332	 x10:0x565c1640  x4=0x565c14f4
        3695000	       368	800006a8	4089da13	srai	x20,x19,0x8	 x19:0x00000001 x20=0x00000000
        3705000	       369	800006ac	48ec7193	andi	x3,x24,1166	 x24:0x00000800  x3=0x00000000
        3715000	       370	800006b0	01ba9513	slli	x10,x21,0x1b	 x21:0x80009f84 x10=0x20000000
        3725000	       371	800006b4	00f1abb3	slt	x23,x3,x15	  x3:0x00000000 x15:0x00000000 x23=0x00000000
        3735000	       372	800006b8	2ebac393	xori	x7,x21,747	 x21:0x80009f84  x7=0x80009d6f
        3745000	       373	800006bc	ea1bb493	sltiu	x9,x23,-351	 x23:0x00000000  x9=0x00000001
        3755000	       374	800006c0	00c99f93	slli	x31,x19,0xc	 x19:0x00000001 x31=0x00001000
        3765000	       375	800006c4	00000013	addi	x0,x0,0	  x0:0x00000000
        3775000	       376	800006c8	ce124d93	xori	x27,x4,-799	  x4:0x565c14f4 x27=0xa9a3e815
        3785000	       377	800006cc	00000517	auipc	x10,0x0	 x10=0x800006c8
        3795000	       378	800006d0	18450513	addi	x10,x10,388	 x10:0x800006c8 x10=0x8000084c
        3805000	       379	800006d4	00ee5e13	srli	x28,x28,0xe	 x28:0x00000057 x28=0x00000000
        3815000	       380	800006d8	01ae3633	sltu	x12,x28,x26	 x28:0x00000000 x26:0xfffffe00 x12=0x00000001
        3825000	       381	800006dc	00635033	srl	x0,x6,x6	  x6:0x00000000  x6:0x00000000
        3835000	       382	800006e0	e7050513	addi	x10,x10,-400	 x10:0x8000084c x10=0x800006bc
        3845000	       383	800006e4	012cbfb3	sltu	x31,x25,x18	 x25:0x80008c75 x18:0x00000000 x31=0x00000000
        3855000	       384	800006e8	0153d663	bge	x7,x21,800006f4	  x7:0x80009d6f x21:0x80009f84
        3865000	       385	800006ec	00dbbe33	sltu	x28,x23,x13	 x23:0x00000000 x13:0xb2000000 x28=0x00000001
        3875000	       386	800006f0	01959313	slli	x6,x11,0x19	 x11:0x00000000  x6=0x00000000
        3885000	       387	800006f4	19050167	jalr	x2,x10,400	 x10:0x800006bc  x2=0x800006f4
        3895000	       388	00000000	00000013	addi	x0,x0,0	  x0:0x00000000
        3905000	       389	8000084c	00000013	addi	x0,x0,0	  x0:0x00000000
        3915000	       390	80000850	fe0a8a93	addi	x21,x21,-32	 x21:0x80009f84 x21=0x80009f64
        3925000	       391	80000854	1ec6ed37	lui	x26,0x1ec6e	 x26=0x1ec6e000
        3935000	       392	80000858	41f8d733	sra	x14,x17,x31	 x17:0xf6d40bb1 x31:0x00000000 x14=0xf6d40bb1
        3945000	       393	8000085c	002ff533	and	x10,x31,x2	 x31:0x00000000  x2:0x800006f4 x10=0x00000000
        3955000	       394	80000860	002aa223	sw	x2,4(x21)	 x21:0x80009f64  x2:0x800006f4 PA:0x80009f68
        3965000	       395	80000864	01c17f33	and	x30,x2,x28	  x2:0x800006f4 x28:0x00000001 x30=0x00000000
        3975000	       396	80000868	01899393	slli	x7,x19,0x18	 x19:0x00000001  x7=0x01000000
        3985000	       397	8000086c	7cbe7b13	andi	x22,x28,1995	 x28:0x00000001 x22=0x00000001
        3995000	       398	80000870	2a548993	addi	x19,x9,677	  x9:0x00000001 x19=0x000002a6
        4005000	       399	80000874	6d204413	xori	x8,x0,1746	  x0:0x00000000  x8=0x000006d2
        4015000	       400	80000878	41cfd233	sra	x4,x31,x28	 x31:0x00000000 x28:0x00000001  x4=0x00000000
        4025000	       401	8000087c	bb886e37	lui	x28,0xbb886	 x28=0xbb886000
        4035000	       402	80000880	0011f333	and	x6,x3,x1	  x3:0x00000000  x1:0x00000058  x6=0x00000000
        4045000	       403	80000884	0bb17313	andi	x6,x2,187	  x2:0x800006f4  x6=0x000000b0
        4055000	       404	80000888	41528c33	sub	x24,x5,x21	  x5:0xffffff82 x21:0x80009f64 x24=0x7fff601e
        4065000	       405	8000088c	eb53e493	ori	x9,x7,-331	  x7:0x01000000  x9=0xfffffeb5
        4075000	       406	80000890	017b5bb3	srl	x23,x22,x23	 x22:0x00000001 x23:0x00000000 x23=0x00000001
        4085000	       407	80000894	1fe0b513	sltiu	x10,x1,510	  x1:0x00000058 x10=0x00000001
        4095000	       408	80000898	01b6d413	srli	x8,x13,0x1b	 x13:0xb2000000  x8=0x00000016
        4105000	       409	8000089c	01f95c13	srli	x24,x18,0x1f	 x18:0x00000000 x24=0x00000000
        4115000	       410	800008a0	6700116f	jal	x2,800008a0	  x2=0x800008a0
        4125000	       411	00000000	00000013	addi	x0,x0,0	  x0:0x00000000
        4135000	       412	80001f0c	00000013	addi	x0,x0,0	  x0:0x00000000
        4145000	       413	80001f10	01f9d463	bge	x19,x31,80001f18	 x19:0x000002a6 x31:0x00000000
        4155000	       414	00000000	00000013	addi	x0,x0,0	  x0:0x00000000
        4165000	       415	80001f14	00000013	addi	x0,x0,0	  x0:0x00000000
        4175000	       416	80001f18	fd0a8a93	addi	x21,x21,-48	 x21:0x80009f64 x21=0x80009f34
        4185000	       417	80001f1c	018a30b3	sltu	x1,x20,x24	 x20:0x00000000 x24:0x00000000  x1=0x00000000
        4195000	       418	80001f20	00de07b3	add	x15,x28,x13	 x28:0xbb886000 x13:0xb2000000 x15=0x6d886000
        4205000	       419	80001f24	41935e33	sra	x28,x6,x25	  x6:0x000000b0 x25:0x80008c75 x28=0x00000000
        4215000	       420	80001f28	0f7ba313	slti	x6,x23,247	 x23:0x00000001  x6=0x00000001
        4225000	       421	80001f2c	002aa223	sw	x2,4(x21)	 x21:0x80009f34  x2:0x800008a0 PA:0x80009f38
        4235000	       422	80001f30	018850b3	srl	x1,x16,x24	 x16:0x80009fc4 x24:0x00000000  x1=0x80009fc4
        4245000	       423	80001f34	40e50233	sub	x4,x10,x14	 x10:0x00000001 x14:0xf6d40bb1  x4=0x092bf450
        4255000	       424	80001f38	019885b3	add	x11,x17,x25	 x17:0xf6d40bb1 x25:0x80008c75 x11=0x76d49826
        4265000	       425	80001f3c	008253b3	srl	x7,x4,x8	  x4:0x092bf450  x8:0x00000016  x7=0x00000024
        4275000	       426	80001f40	01681e63	bne	x16,x22,80001f5c	 x16:0x80009fc4 x22:0x00000001
        4285000	       427	00000000	00000013	addi	x0,x0,0	  x0:0x00000000
        4295000	       428	80001f58	00000013	addi	x0,x0,0	  x0:0x00000000
        4305000	       429	80001f5c	02f1f063	bgeu	x3,x15,80001f7c	  x3:0x00000000 x15:0x6d886000
        4315000	       430	80001f60	00a4da33	srl	x20,x9,x10	  x9:0xfffffeb5 x10:0x00000001 x20=0x7fffff5a
        4325000	       431	80001f64	00000013	addi	x0,x0,0	  x0:0x00000000
        4335000	       432	80001f68	25e18793	addi	x15,x3,606	  x3:0x00000000 x15=0x0000025e
        4345000	       433	80001f6c	02524863	blt	x4,x5,80001f9c	  x4:0x092bf450  x5:0xffffff82
        4355000	       434	80001f70	0259ea63	bltu	x19,x5,80001fa4	 x19:0x000002a6  x5:0xffffff82
        4365000	       435	00000000	00000013	addi	x0,x0,0	  x0:0x00000000
        4375000	       436	80001fa0	00000013	addi	x0,x0,0	  x0:0x00000000
        4385000	       437	80001fa4	00bc50b3	srl	x1,x24,x11	 x24:0x00000000 x11:0x76d49826  x1=0x00000000
        4395000	       438	80001fa8	018be933	or	x18,x23,x24	 x23:0x00000001 x24:0x00000000 x18=0x00000001
        4405000	       439	80001fac	0105e9b3	or	x19,x11,x16	 x11:0x76d49826 x16:0x80009fc4 x19=0xf6d49fe6
        4415000	       440	80001fb0	03177263	bgeu	x14,x17,80001fd4	 x14:0xf6d40bb1 x17:0xf6d40bb1
        4425000	       441	00000000	00000013	addi	x0,x0,0	  x0:0x00000000
        4435000	       442	80001fd0	00000013	addi	x0,x0,0	  x0:0x00000000
        4445000	       443	80001fd4	3494bd13	sltiu	x26,x9,841	  x9:0xfffffeb5 x26=0x00000000
        4455000	       444	80001fd8	00e08233	add	x4,x1,x14	  x1:0x00000000 x14:0xf6d40bb1  x4=0xf6d40bb1
        4465000	       445	80001fdc	01309e33	sll	x28,x1,x19	  x1:0x00000000 x19:0xf6d49fe6 x28=0x00000000
        4475000	       446	80001fe0	004aa103	lw	x2,4(x21)	 x21:0x80009f34  x2=0x800008a0 PA:0x80009f38
        4485000	       447	80001fe4	977c2013	slti	x0,x24,-1673	 x24:0x00000000
        4495000	       448	80001fe8	982c8913	addi	x18,x25,-1662	 x25:0x80008c75 x18=0x800085f7
        4505000	       449	80001fec	030a8a93	addi	x21,x21,48	 x21:0x80009f34 x21=0x80009f64
        4515000	       450	80001ff0	00000013	addi	x0,x0,0	  x0:0x00000000
        4525000	       451	80001ff4	00010493	addi	x9,x2,0	  x2:0x800008a0  x9=0x800008a0
        4535000	       452	80001ff8	000484e7	jalr	x9,x9,0	  x9:0x800008a0  x9=0x80001ff8
        4545000	       453	00000000	00000013	addi	x0,x0,0	  x0:0x00000000
        4555000	       454	800008a0	00000013	addi	x0,x0,0	  x0:0x00000000
        4565000	       455	800008a4	00008197	auipc	x3,0x8	  x3=0x800088a0
        4575000	       456	800008a8	1d018193	addi	x3,x3,464	  x3:0x800088a0  x3=0x80008a70
        4585000	       457	800008ac	00e56a33	or	x20,x10,x14	 x10:0x00000001 x14:0xf6d40bb1 x20=0xf6d40bb1
        4595000	       458	800008b0	8d2ba993	slti	x19,x23,-1838	 x23:0x00000001 x19=0x00000000
        4605000	       459	800008b4	00a23633	sltu	x12,x4,x10	  x4:0xf6d40bb1 x10:0x00000001 x12=0x00000000
        4615000	       460	800008b8	00e1de83	lhu	x29,14(x3)	  x3:0x80008a70 x29=0x00006465 PA:0x80008a7e
        4625000	       461	800008bc	00e1d903	lhu	x18,14(x3)	  x3:0x80008a70 x18=0x00006465 PA:0x80008a7e
        4635000	       462	800008c0	00e1cd83	lbu	x27,14(x3)	  x3:0x80008a70 x27=0x00000065 PA:0x80008a7e
        4645000	       463	800008c4	00e18583	lb	x11,14(x3)	  x3:0x80008a70 x11=0x00000065 PA:0x80008a7e
        4655000	       464	800008c8	00218723	sb	x2,14(x3)	  x3:0x80008a70  x2:0x800008a0 PA:0x80008a7e
        4665000	       465	800008cc	00518723	sb	x5,14(x3)	  x3:0x80008a70  x5:0xffffff82 PA:0x80008a7e
        4675000	       466	800008d0	018363b3	or	x7,x6,x24	  x6:0x00000001 x24:0x00000000  x7=0x00000001
        4685000	       467	800008d4	00e1cc83	lbu	x25,14(x3)	  x3:0x80008a70 x25=0x00000082 PA:0x80008a7e
        4695000	       468	800008d8	01063fb3	sltu	x31,x12,x16	 x12:0x00000000 x16:0x80009fc4 x31=0x00000001
        4705000	       469	800008dc	00e1dd03	lhu	x26,14(x3)	  x3:0x80008a70 x26=0x00006482 PA:0x80008a7e
        4715000	       470	800008e0	00ea7333	and	x6,x20,x14	 x20:0xf6d40bb1 x14:0xf6d40bb1  x6=0xf6d40bb1
        4725000	       471	800008e4	00e1d683	lhu	x13,14(x3)	  x3:0x80008a70 x13=0x00006482 PA:0x80008a7e
        4735000	       472	800008e8	00e1ce03	lbu	x28,14(x3)	  x3:0x80008a70 x28=0x00000082 PA:0x80008a7e
        4745000	       473	800008ec	00008f17	auipc	x30,0x8	 x30=0x800088e8
        4755000	       474	800008f0	e03f0f13	addi	x30,x30,-509	 x30:0x800088e8 x30=0x800086eb
        4765000	       475	800008f4	f58f0e23	sb	x24,-164(x30)	 x30:0x800086eb x24:0x00000000 PA:0x80008647
        4775000	       476	800008f8	00007597	auipc	x11,0x7	 x11=0x800078f4
        4785000	       477	800008fc	7d258593	addi	x11,x11,2002	 x11:0x800078f4 x11=0x800080c6
        4795000	       478	80000900	00008197	auipc	x3,0x8	  x3=0x800088fc
        4805000	       479	80000904	a2418193	addi	x3,x3,-1500	  x3:0x800088fc  x3=0x80008320
        4815000	       480	80000908	1995c103	lbu	x2,409(x11)	 x11:0x800080c6  x2=0x00000014 PA:0x8000825f
        4825000	       481	8000090c	31c18003	lb	x0,796(x3)	  x3:0x80008320 PA:0x8000863c
        4835000	       482	80000910	00008397	auipc	x7,0x8	  x7=0x8000890c
        4845000	       483	80000914	e2238393	addi	x7,x7,-478	  x7:0x8000890c  x7=0x8000872e
        4855000	       484	80000918	60b58403	lb	x8,1547(x11)	 x11:0x800080c6  x8=0xffffff8a PA:0x800086d1
        4865000	       485	8000091c	fbbf09a3	sb	x27,-77(x30)	 x30:0x800086eb x27:0x00000065 PA:0x8000869e
        4875000	       486	80000920	59c58ea3	sb	x28,1437(x11)	 x11:0x800080c6 x28:0x00000082 PA:0x80008663
        4885000	       487	80000924	033382a3	sb	x19,37(x7)	  x7:0x8000872e x19:0x00000000 PA:0x80008753
        4895000	       488	80000928	5c059103	lh	x2,1472(x11)	 x11:0x800080c6  x2=0x00003c3d PA:0x80008686
        4905000	       489	8000092c	0a6f0a23	sb	x6,180(x30)	 x30:0x800086eb  x6:0xf6d40bb1 PA:0x8000879f
        4915000	       490	80000930	f4f18783	lb	x15,-177(x3)	  x3:0x80008320 x15=0x00000024 PA:0x8000826f
        4925000	       491	80000934	4c358d23	sb	x3,1242(x11)	 x11:0x800080c6  x3:0x80008320 PA:0x800085a0
        4935000	       492	80000938	012f4503	lbu	x10,18(x30)	 x30:0x800086eb x10=0x000000b6 PA:0x800086fd
        4945000	       493	8000093c	018382a3	sb	x24,5(x7)	  x7:0x8000872e x24:0x00000000 PA:0x80008733
        4955000	       494	80000940	0223cb03	lbu	x22,34(x7)	  x7:0x8000872e x22=0x0000000b PA:0x80008750
        4965000	       495	80000944	3c05d603	lhu	x12,960(x11)	 x11:0x800080c6 x12=0x00003c3d PA:0x80008486
        4975000	       496	80000948	0b2f1ca3	sh	x18,185(x30)	 x30:0x800086eb x18:0x00006465 PA:0x800087a4
        4985000	       497	8000094c	1105c403	lbu	x8,272(x11)	 x11:0x800080c6  x8=0x0000008d PA:0x800081d6
        4995000	       498	80000950	ffd3cc83	lbu	x25,-3(x7)	  x7:0x8000872e x25=0x000000e0 PA:0x8000872b
        5005000	       499	80000954	03439303	lh	x6,52(x7)	  x7:0x8000872e  x6=0x00001819 PA:0x80008762
        5015000	       500	80000958	25519723	sh	x21,590(x3)	  x3:0x80008320 x21:0x80009f64 PA:0x8000856e
        5025000	       501	8000095c	0ca18483	lb	x9,202(x3)	  x3:0x80008320  x9=0xffffffa1 PA:0x800083ea
        5035000	       502	80000960	0243c903	lbu	x18,36(x7)	  x7:0x8000872e x18=0x00000009 PA:0x80008752
        5045000	       503	80000964	276189a3	sb	x22,627(x3)	  x3:0x80008320 x22:0x0000000b PA:0x80008593
        5055000	       504	80000968	03f38a03	lb	x20,63(x7)	  x7:0x8000872e x20=0x00000026 PA:0x8000876d
        5065000	       505	8000096c	ec318483	lb	x9,-317(x3)	  x3:0x80008320  x9=0xffffff98 PA:0x800081e3
        5075000	       506	80000970	fc5f2683	lw	x13,-59(x30)	 x30:0x800086eb x13=0x68696a6b PA:0x800086b0
        5085000	       507	80000974	2d01a103	lw	x2,720(x3)	  x3:0x80008320  x2=0xa8a9aaab PA:0x800085f0
        5095000	       508	80000978	00008217	auipc	x4,0x8	  x4=0x80008974
        5105000	       509	8000097c	87420213	addi	x4,x4,-1932	  x4:0x80008974  x4=0x800081e8
        5115000	       510	80000980	00008917	auipc	x18,0x8	 x18=0x8000897c
        5125000	       511	80000984	d3390913	addi	x18,x18,-717	 x18:0x8000897c x18=0x800086af
        5135000	       512	80000988	00008c97	auipc	x25,0x8	 x25=0x80008984
        5145000	       513	8000098c	a15c8c93	addi	x25,x25,-1515	 x25:0x80008984 x25=0x80008399
        5155000	       514	80000990	02f917a3	sh	x15,47(x18)	 x18:0x800086af x15:0x00000024 PA:0x800086de
        5165000	       515	80000994	ff0c8023	sb	x16,-32(x25)	 x25:0x80008399 x16:0x80009fc4 PA:0x80008379
        5175000	       516	80000998	f16202a3	sb	x22,-251(x4)	  x4:0x800081e8 x22:0x0000000b PA:0x800080ed
        5185000	       517	8000099c	029c9da3	sh	x9,59(x25)	 x25:0x80008399  x9:0xffffff98 PA:0x800083d4
        5195000	       518	800009a0	0a690183	lb	x3,166(x18)	 x18:0x800086af  x3=0x0000000e PA:0x80008755
        5205000	       519	800009a4	fec25783	lhu	x15,-20(x4)	  x4:0x800081e8 x15=0x00008e8f PA:0x800081d4
        5215000	       520	800009a8	00008f17	auipc	x30,0x8	 x30=0x800089a4
        5225000	       521	800009ac	c20f0f13	addi	x30,x30,-992	 x30:0x800089a4 x30=0x800085c4
        5235000	       522	800009b0	00008d17	auipc	x26,0x8	 x26=0x800089ac
        5245000	       523	800009b4	a66d0d13	addi	x26,x26,-1434	 x26:0x800089ac x26=0x80008412
        5255000	       524	800009b8	000c8f83	lb	x31,0(x25)	 x25:0x80008399 x31=0x00000052 PA:0x80008399
        5265000	       525	800009bc	f01918a3	sh	x1,-239(x18)	 x18:0x800086af  x1:0x00000000 PA:0x800085c0
        5275000	       526	800009c0	fcdc8ca3	sb	x13,-39(x25)	 x25:0x80008399 x13:0x68696a6b PA:0x80008372
        5285000	       527	800009c4	00f928a3	sw	x15,17(x18)	 x18:0x800086af x15:0x00008e8f PA:0x800086c0
        5295000	       528	800009c8	1b1d0683	lb	x13,433(x26)	 x26:0x80008412 x13=0x00000078 PA:0x800085c3
        5305000	       529	800009cc	f3b94183	lbu	x3,-197(x18)	 x18:0x800086af  x3=0x000000a1 PA:0x800085ea
        5315000	       530	800009d0	f9b24d83	lbu	x27,-101(x4)	  x4:0x800081e8 x27=0x00000038 PA:0x80008183
        5325000	       531	800009d4	01ef06a3	sb	x30,13(x30)	 x30:0x800085c4 x30:0x800085c4 PA:0x800085d1
        5335000	       532	800009d8	d95d0c03	lb	x24,-619(x26)	 x26:0x80008412 x24=0x0000005c PA:0x800081a7
        5345000	       533	800009dc	02894483	lbu	x9,40(x18)	 x18:0x800086af  x9=0x0000008c PA:0x800086d7
        5355000	       534	800009e0	f85d0623	sb	x5,-116(x26)	 x26:0x80008412  x5:0xffffff82 PA:0x8000839e
        5365000	       535	800009e4	073d4003	lbu	x0,115(x26)	 x26:0x80008412 PA:0x80008485
        5375000	       536	800009e8	0bb207a3	sb	x27,175(x4)	  x4:0x800081e8 x27:0x00000038 PA:0x80008297
        5385000	       537	800009ec	ff2f1e23	sh	x18,-4(x30)	 x30:0x800085c4 x18:0x800086af PA:0x800085c0
        5395000	       538	800009f0	f8e94603	lbu	x12,-114(x18)	 x18:0x800086af x12=0x000000f6 PA:0x8000863d
        5405000	       539	00000000	00000013	addi	x0,x0,0	  x0:0x00000000
        5415000	       540	800009f4	02cc8783	lb	x15,44(x25)	 x25:0x80008399 x15=0x0000007e PA:0x800083c5
        5425000	       541	800009f8	197d0b03	lb	x22,407(x26)	 x26:0x80008412 x22=0x00000062 PA:0x800085a9
        5435000	       542	800009fc	00f95003	lhu	x0,15(x18)	 x18:0x800086af PA:0x800086be
        5445000	       543	80000a00	019f02a3	sb	x25,5(x30)	 x30:0x800085c4 x25:0x80008399 PA:0x800085c9
        5455000	       544	80000a04	fe3cae83	lw	x29,-29(x25)	 x25:0x80008399 x29=0x34353637 PA:0x8000837c
        5465000	       545	80000a08	02dcd403	lhu	x8,45(x25)	 x25:0x80008399  x8=0x00007c7d PA:0x800083c6
        5475000	       546	80000a0c	104d0823	sb	x4,272(x26)	 x26:0x80008412  x4:0x800081e8 PA:0x80008522
        5485000	       547	80000a10	0cfd1223	sh	x15,196(x26)	 x26:0x80008412 x15:0x0000007e PA:0x800084d6
        5495000	       548	80000a14	ff0f5583	lhu	x11,-16(x30)	 x30:0x800085c4 x11=0x00006e6f PA:0x800085b4
        5505000	       549	80000a18	082200a3	sb	x2,129(x4)	  x4:0x800081e8  x2:0xa8a9aaab PA:0x80008269
        5515000	       550	80000a1c	febc8e03	lb	x28,-21(x25)	 x25:0x80008399 x28=0x0000003f PA:0x80008384
        5525000	       551	80000a20	0b221783	lh	x15,178(x4)	  x4:0x800081e8 x15=0x00005051 PA:0x8000829a
        5535000	       552	80000a24	019f0723	sb	x25,14(x30)	 x30:0x800085c4 x25:0x80008399 PA:0x800085d2
        5545000	       553	80000a28	f0494783	lbu	x15,-252(x18)	 x18:0x800086af x15=0x00000068 PA:0x800085b3
        5555000	       554	80000a2c	fbc21783	lh	x15,-68(x4)	  x4:0x800081e8 x15=0x00005e5f PA:0x800081a4
        5565000	       555	80000a30	fd3c8b23	sb	x19,-42(x25)	 x25:0x80008399 x19:0x00000000 PA:0x8000836f
        5575000	       556	80000a34	007f0603	lb	x12,7(x30)	 x30:0x800085c4 x12=0xffffff80 PA:0x800085cb
        5585000	       557	80000a38	334d4e83	lbu	x29,820(x26)	 x26:0x80008412 x29=0x000000fd PA:0x80008746
        5595000	       558	80000a3c	28cd0da3	sb	x12,667(x26)	 x26:0x80008412 x12:0xffffff80 PA:0x800086ad
        5605000	       559	80000a40	ff6f4303	lbu	x6,-10(x30)	 x30:0x800085c4  x6=0x00000071 PA:0x800085ba
        5615000	       560	80000a44	064903a3	sb	x4,103(x18)	 x18:0x800086af  x4:0x800081e8 PA:0x80008716
        5625000	       561	80000a48	f2620ba3	sb	x6,-201(x4)	  x4:0x800081e8  x6:0x00000071 PA:0x8000811f
        5635000	       562	80000a4c	00008717	auipc	x14,0x8	 x14=0x80008a48
        5645000	       563	80000a50	2ae70713	addi	x14,x14,686	 x14:0x80008a48 x14=0x80008cf6
        5655000	       564	80000a54	013706a3	sb	x19,13(x14)	 x14:0x80008cf6 x19:0x00000000 PA:0x80008d03
        5665000	       565	80000a58	fe1708a3	sb	x1,-15(x14)	 x14:0x80008cf6  x1:0x00000000 PA:0x80008ce7
        5675000	       566	80000a5c	00b70d83	lb	x27,11(x14)	 x14:0x80008cf6 x27=0xffffffea PA:0x80008d01
        5685000	       567	80000a60	00974b03	lbu	x22,9(x14)	 x14:0x80008cf6 x22=0x000000e4 PA:0x80008cff
        5695000	       568	80000a64	fe370e23	sb	x3,-4(x14)	 x14:0x80008cf6  x3:0x000000a1 PA:0x80008cf2
        5705000	       569	80000a68	fe870e23	sb	x8,-4(x14)	 x14:0x80008cf6  x8:0x00007c7d PA:0x80008cf2
        5715000	       570	80000a6c	019d14b3	sll	x9,x26,x25	 x26:0x80008412 x25:0x80008399  x9=0x24000000
        5725000	       571	80000a70	ffa74283	lbu	x5,-6(x14)	 x14:0x80008cf6  x5=0x000000db PA:0x80008cf0
        5735000	       572	80000a74	00a75503	lhu	x10,10(x14)	 x14:0x80008cf6 x10=0x0000eaeb PA:0x80008d00
        5745000	       573	80000a78	00172523	sw	x1,10(x14)	 x14:0x80008cf6  x1:0x00000000 PA:0x80008d00
        5755000	       574	80000a7c	00d71823	sh	x13,16(x14)	 x14:0x80008cf6 x13:0x00000078 PA:0x80008d06
        5765000	       575	80000a80	005de2b3	or	x5,x27,x5	 x27:0xffffffea  x5:0x000000db  x5=0xfffffffb
        5775000	       576	80000a84	00875083	lhu	x1,8(x14)	 x14:0x80008cf6  x1=0x0000e4e5 PA:0x80008cfe
        5785000	       577	80000a88	00272583	lw	x11,2(x14)	 x14:0x80008cf6 x11=0xe0e1e2e3 PA:0x80008cf8
        5795000	       578	80000a8c	01772123	sw	x23,2(x14)	 x14:0x80008cf6 x23:0x00000001 PA:0x80008cf8
        5805000	       579	80000a90	00270083	lb	x1,2(x14)	 x14:0x80008cf6  x1=0x00000001 PA:0x80008cf8
        5815000	       580	80000a94	00e75d03	lhu	x26,14(x14)	 x14:0x80008cf6 x26=0x0000eeef PA:0x80008d04
        5825000	       581	80000a98	fff74303	lbu	x6,-1(x14)	 x14:0x80008cf6  x6=0x000000de PA:0x80008cf5
        5835000	       582	80000a9c	fff74d83	lbu	x27,-1(x14)	 x14:0x80008cf6 x27=0x000000de PA:0x80008cf5
        5845000	       583	80000aa0	00008397	auipc	x7,0x8	  x7=0x80008a9c
        5855000	       584	80000aa4	1b238393	addi	x7,x7,434	  x7:0x80008a9c  x7=0x80008c4e
        5865000	       585	80000aa8	fc83cf03	lbu	x30,-56(x7)	  x7:0x80008c4e x30=0x000000fd PA:0x80008c16
        5875000	       586	80000aac	00f39423	sh	x15,8(x7)	  x7:0x80008c4e x15:0x00005e5f PA:0x80008c56
        5885000	       587	80000ab0	09b38183	lb	x3,155(x7)	  x7:0x80008c4e  x3=0xffffffd2 PA:0x80008ce9
        5895000	       588	80000ab4	404f0eb3	sub	x29,x30,x4	 x30:0x000000fd  x4:0x800081e8 x29=0x7fff7f15
        5905000	       589	80000ab8	19a36d13	ori	x26,x6,410	  x6:0x000000de x26=0x000001de
        5915000	       590	80000abc	fd63cb03	lbu	x22,-42(x7)	  x7:0x80008c4e x22=0x0000000f PA:0x80008c24
        5925000	       591	80000ac0	f1e38c23	sb	x30,-232(x7)	  x7:0x80008c4e x30:0x000000fd PA:0x80008b66
        5935000	       592	80000ac4	0117fdb3	and	x27,x15,x17	 x15:0x00005e5f x17:0xf6d40bb1 x27=0x00000a11
        5945000	       593	80000ac8	012b5e93	srli	x29,x22,0x12	 x22:0x0000000f x29=0x00000000
        5955000	       594	80000acc	fa338d83	lb	x27,-93(x7)	  x7:0x80008c4e x27=0xffffffda PA:0x80008bf1
        5965000	       595	80000ad0	4038d6b3	sra	x13,x17,x3	 x17:0xf6d40bb1  x3:0xffffffd2 x13=0xfffffdb5
        5975000	       596	80000ad4	01651a13	slli	x20,x10,0x16	 x10:0x0000eaeb x20=0xbac00000
        5985000	       597	80000ad8	05c39523	sh	x28,74(x7)	  x7:0x80008c4e x28:0x0000003f PA:0x80008c98
        5995000	       598	80000adc	0b53cc83	lbu	x25,181(x7)	  x7:0x80008c4e x25=0x00000000 PA:0x80008d03
        6005000	       599	80000ae0	01cb5493	srli	x9,x22,0x1c	 x22:0x0000000f  x9=0x00000000
        6015000	       600	80000ae4	fb239983	lh	x19,-78(x7)	  x7:0x80008c4e x19=0xffffeaeb PA:0x80008c00
        6025000	       601	80000ae8	fa138923	sb	x1,-78(x7)	  x7:0x80008c4e  x1:0x00000001 PA:0x80008c00
        6035000	       602	80000aec	fd639823	sh	x22,-48(x7)	  x7:0x80008c4e x22:0x0000000f PA:0x80008c1e
        6045000	       603	80000af0	412b5c13	srai	x24,x22,0x12	 x22:0x0000000f x24=0x00000000
        6055000	       604	80000af4	f0c3c183	lbu	x3,-244(x7)	  x7:0x80008c4e  x3=0x00000041 PA:0x80008b5a
        6065000	       605	80000af8	0c43a923	sw	x4,210(x7)	  x7:0x80008c4e  x4:0x800081e8 PA:0x80008d20
        6075000	       606	80000afc	00532db3	slt	x27,x6,x5	  x6:0x000000de  x5:0xfffffffb x27=0x00000000
        6085000	       607	80000b00	fca00213	addi	x4,x0,-54	  x0:0x00000000  x4=0xffffffca
        6095000	       608	80000b04	02f38f03	lb	x30,47(x7)	  x7:0x80008c4e x30=0x00000066 PA:0x80008c7d
        6105000	       609	80000b08	01845d33	srl	x26,x8,x24	  x8:0x00007c7d x24:0x00000000 x26=0x00007c7d
        6115000	       610	80000b0c	a0496c13	ori	x24,x18,-1532	 x18:0x800086af x24=0xfffffeaf
        6125000	       611	80000b10	16b7e793	ori	x15,x15,363	 x15:0x00005e5f x15=0x00005f7f
        6135000	       612	80000b14	41585793	srai	x15,x16,0x15	 x16:0x80009fc4 x15=0xfffffc00
        6145000	       613	80000b18	0663de03	lhu	x28,102(x7)	  x7:0x80008c4e x28=0x00009e9f PA:0x80008cb4
        6155000	       614	80000b1c	f2039203	lh	x4,-224(x7)	  x7:0x80008c4e  x4=0x00005455 PA:0x80008b6e
        6165000	       615	80000b20	fd63af23	sw	x22,-34(x7)	  x7:0x80008c4e x22:0x0000000f PA:0x80008c2c
        6175000	       616	80000b24	03b3cf83	lbu	x31,59(x7)	  x7:0x80008c4e x31=0x00000072 PA:0x80008c89
        6185000	       617	80000b28	01798db3	add	x27,x19,x23	 x19:0xffffeaeb x23:0x00000001 x27=0xffffeaec
        6195000	       618	80000b2c	05c38e03	lb	x28,92(x7)	  x7:0x80008c4e x28=0xffffff91 PA:0x80008caa
        6205000	       619	80000b30	0de3cd83	lbu	x27,222(x7)	  x7:0x80008c4e x27=0x00000017 PA:0x80008d2c
        6215000	       620	80000b34	07338a03	lb	x20,115(x7)	  x7:0x80008c4e x20=0xffffffaa PA:0x80008cc1
        6225000	       621	80000b38	0b83ab23	sw	x24,182(x7)	  x7:0x80008c4e x24:0xfffffeaf PA:0x80008d04
        6235000	       622	80000b3c	f1a38ea3	sb	x26,-227(x7)	  x7:0x80008c4e x26:0x00007c7d PA:0x80008b6b
        6245000	       623	80000b40	f9739e23	sh	x23,-100(x7)	  x7:0x80008c4e x23:0x00000001 PA:0x80008bea
        6255000	       624	80000b44	00008517	auipc	x10,0x8	 x10=0x80008b40
        6265000	       625	80000b48	9ed50513	addi	x10,x10,-1555	 x10:0x80008b40 x10=0x8000852d
        6275000	       626	80000b4c	00008397	auipc	x7,0x8	  x7=0x80008b48
        6285000	       627	80000b50	bcb38393	addi	x7,x7,-1077	  x7:0x80008b48  x7=0x80008713
        6295000	       628	80000b54	e2d38123	sb	x13,-478(x7)	  x7:0x80008713 x13:0xfffffdb5 PA:0x80008535
        6305000	       629	80000b58	00008b17	auipc	x22,0x8	 x22=0x80008b54
        6315000	       630	80000b5c	85eb0b13	addi	x22,x22,-1954	 x22:0x80008b54 x22=0x800083b2
        6325000	       631	80000b60	02e38323	sb	x14,38(x7)	  x7:0x80008713 x14:0x80008cf6 PA:0x80008739
        6335000	       632	80000b64	00007717	auipc	x14,0x7	 x14=0x80007b60
        6345000	       633	80000b68	70c70713	addi	x14,x14,1804	 x14:0x80007b60 x14=0x8000826c
        6355000	       634	80000b6c	ff9b0d03	lb	x26,-7(x22)	 x22:0x800083b2 x26=0x00000060 PA:0x800083ab
        6365000	       635	80000b70	fd074183	lbu	x3,-48(x14)	 x14:0x8000826c  x3=0x000000f7 PA:0x8000823c
        6375000	       636	80000b74	ff454203	lbu	x4,-12(x10)	 x10:0x8000852d  x4=0x000000da PA:0x80008521
        6385000	       637	80000b78	00bb0c83	lb	x25,11(x22)	 x22:0x800083b2 x25=0x00000076 PA:0x800083bd
        6395000	       638	80000b7c	fe072a23	sw	x0,-12(x14)	 x14:0x8000826c  x0:0x00000000 PA:0x80008260
        6405000	       639	80000b80	00007117	auipc	x2,0x7	  x2=0x80007b7c
        6415000	       640	80000b84	50c10113	addi	x2,x2,1292	  x2:0x80007b7c  x2=0x80008088
        6425000	       641	80000b88	01370ea3	sb	x19,29(x14)	 x14:0x8000826c x19:0xffffeaeb PA:0x80008289
        6435000	       642	80000b8c	ff8b0c03	lb	x24,-8(x22)	 x22:0x800083b2 x24=0x00000061 PA:0x800083aa
        6445000	       643	80000b90	fca75583	lhu	x11,-54(x14)	 x14:0x8000826c x11=0x0000eced PA:0x80008236
        6455000	       644	80000b94	5f411323	sh	x20,1510(x2)	  x2:0x80008088 x20:0xffffffaa PA:0x8000866e
        6465000	       645	80000b98	feb50a23	sb	x11,-12(x10)	 x10:0x8000852d x11:0x0000eced PA:0x80008521
        6475000	       646	80000b9c	ff7b0b83	lb	x23,-9(x22)	 x22:0x800083b2 x23=0x00000062 PA:0x800083a9
        6485000	       647	80000ba0	61a11c23	sh	x26,1560(x2)	  x2:0x80008088 x26:0x00000060 PA:0x800086a0
        6495000	       648	80000ba4	23810ca3	sb	x24,569(x2)	  x2:0x80008088 x24:0x00000061 PA:0x800082c1
        6505000	       649	80000ba8	00b52003	lw	x0,11(x10)	 x10:0x8000852d PA:0x80008538
        6515000	       650	80000bac	00555a03	lhu	x20,5(x10)	 x10:0x8000852d x20=0x0000e8e9 PA:0x80008532
        6525000	       651	80000bb0	b88397a3	sh	x8,-1137(x7)	  x7:0x80008713  x8:0x00007c7d PA:0x800082a2
        6535000	       652	80000bb4	23711423	sh	x23,552(x2)	  x2:0x80008088 x23:0x00000062 PA:0x800082b0
        6545000	       653	80000bb8	fc574f03	lbu	x30,-59(x14)	 x14:0x8000826c x30=0x000000ea PA:0x80008231
        6555000	       654	80000bbc	fd671123	sh	x22,-62(x14)	 x14:0x8000826c x22:0x800083b2 PA:0x8000822e
        6565000	       655	80000bc0	003b4583	lbu	x11,3(x22)	 x22:0x800083b2 x11=0x0000006e PA:0x800083b5
        6575000	       656	80000bc4	d6d38223	sb	x13,-668(x7)	  x7:0x80008713 x13:0xfffffdb5 PA:0x80008477
        6585000	       657	80000bc8	03614303	lbu	x6,54(x2)	  x2:0x80008088  x6=0x00000075 PA:0x800080be
        6595000	       658	80000bcc	4c0103a3	sb	x0,1223(x2)	  x2:0x80008088  x0:0x00000000 PA:0x8000854f
        6605000	       659	80000bd0	01750023	sb	x23,0(x10)	 x10:0x8000852d x23:0x00000062 PA:0x8000852d
        6615000	       660	80000bd4	76114403	lbu	x8,1889(x2)	  x2:0x80008088  x8=0x000000a2 PA:0x800087e9
        6625000	       661	80000bd8	c3c38a03	lb	x20,-964(x7)	  x7:0x80008713 x20=0x00000004 PA:0x8000834f
        6635000	       662	80000bdc	cab39f03	lh	x30,-853(x7)	  x7:0x80008713 x30=0x00007475 PA:0x800083be
        6645000	       663	80000be0	ff7b0403	lb	x8,-9(x22)	 x22:0x800083b2  x8=0x00000062 PA:0x800083a9
        6655000	       664	80000be4	00d55483	lhu	x9,13(x10)	 x10:0x8000852d  x9=0x0000f0f1 PA:0x8000853a
        6665000	       665	80000be8	02a71983	lh	x19,42(x14)	 x14:0x8000826c x19=0x00003800 PA:0x80008296
        6675000	       666	80000bec	b003c583	lbu	x11,-1280(x7)	  x7:0x80008713 x11=0x000000c8 PA:0x80008213
        6685000	       667	80000bf0	4d011983	lh	x19,1232(x2)	  x2:0x80008088 x19=0x00001213 PA:0x80008558
        6695000	       668	80000bf4	ff874783	lbu	x15,-8(x14)	 x14:0x8000826c x15=0x0000001f PA:0x80008264
        6705000	       669	80000bf8	27714d83	lbu	x27,631(x2)	  x2:0x80008088 x27=0x000000b4 PA:0x800082ff
        6715000	       670	00000000	00000013	addi	x0,x0,0	  x0:0x00000000
        6725000	       671	80000bfc	fdb70ba3	sb	x27,-41(x14)	 x14:0x8000826c x27:0x000000b4 PA:0x80008243
        6735000	       672	80000c00	01fb2523	sw	x31,10(x22)	 x22:0x800083b2 x31:0x00000072 PA:0x800083bc
        6745000	       673	80000c04	ff955783	lhu	x15,-7(x10)	 x10:0x8000852d x15=0x0000dcdd PA:0x80008526
        6755000	       674	80000c08	ff555183	lhu	x3,-11(x10)	 x10:0x8000852d  x3=0x0000d8e8 PA:0x80008522
        6765000	       675	80000c0c	00008117	auipc	x2,0x8	  x2=0x80008c08
        6775000	       676	80000c10	bef10113	addi	x2,x2,-1041	  x2:0x80008c08  x2=0x800087f7
        6785000	       677	80000c14	00008597	auipc	x11,0x8	 x11=0x80008c10
        6795000	       678	80000c18	91c58593	addi	x11,x11,-1764	 x11:0x80008c10 x11=0x8000852c
        6805000	       679	80000c1c	0175cc03	lbu	x24,23(x11)	 x11:0x8000852c x24=0x000000f8 PA:0x80008543
        6815000	       680	80000c20	fb112ca3	sw	x17,-71(x2)	  x2:0x800087f7 x17:0xf6d40bb1 PA:0x800087b0
        6825000	       681	80000c24	fbb58083	lb	x1,-69(x11)	 x11:0x8000852c  x1=0xffffff9c PA:0x800084e7
        6835000	       682	00000000	00000013	addi	x0,x0,0	  x0:0x00000000
        6845000	       683	80000c28	00008c97	auipc	x25,0x8	 x25=0x80008c24
        6855000	       684	80000c2c	afbc8c93	addi	x25,x25,-1285	 x25:0x80008c24 x25=0x8000871f
        6865000	       685	80000c30	fbf10003	lb	x0,-65(x2)	  x2:0x800087f7 PA:0x800087b6
        6875000	       686	80000c34	fffc9003	lh	x0,-1(x25)	 x25:0x8000871f PA:0x8000871e
        6885000	       687	80000c38	f8c5ca03	lbu	x20,-116(x11)	 x11:0x8000852c x20=0x00000073 PA:0x800084b8
        6895000	       688	80000c3c	f6115003	lhu	x0,-159(x2)	  x2:0x800087f7 PA:0x80008758
        6905000	       689	80000c40	ff3c8b23	sb	x19,-10(x25)	 x25:0x8000871f x19:0x00001213 PA:0x80008715
        6915000	       690	80000c44	0e458183	lb	x3,228(x11)	 x11:0x8000852c  x3=0xffffffcb PA:0x80008610
        6925000	       691	80000c48	ff8cc703	lbu	x14,-8(x25)	 x25:0x8000871f x14=0x000000cc PA:0x80008717
        6935000	       692	80000c4c	f8b58323	sb	x11,-122(x11)	 x11:0x8000852c x11:0x8000852c PA:0x800084b2
        6945000	       693	80000c50	ff1c8b23	sb	x17,-10(x25)	 x25:0x8000871f x17:0xf6d40bb1 PA:0x80008715
        6955000	       694	80000c54	073589a3	sb	x19,115(x11)	 x11:0x8000852c x19:0x00001213 PA:0x8000859f
        6965000	       695	80000c58	ff8cc983	lbu	x19,-8(x25)	 x25:0x8000871f x19=0x000000cc PA:0x80008717
        6975000	       696	80000c5c	0bd58f23	sb	x29,190(x11)	 x11:0x8000852c x29:0x00000000 PA:0x800085ea
        6985000	       697	80000c60	f8011da3	sh	x0,-101(x2)	  x2:0x800087f7  x0:0x00000000 PA:0x80008792
        6995000	       698	80000c64	f7b14903	lbu	x18,-133(x2)	  x2:0x800087f7 x18=0x00000029 PA:0x80008772
        7005000	       699	80000c68	fe158603	lb	x12,-31(x11)	 x11:0x8000852c x12=0xffffffc6 PA:0x8000850d
        7015000	       700	80000c6c	0915c383	lbu	x7,145(x11)	 x11:0x8000852c  x7=0x00000076 PA:0x800085bd
        7025000	       701	80000c70	ff2c8f03	lb	x30,-14(x25)	 x25:0x8000871f x30=0xffffffca PA:0x80008711
        7035000	       702	80000c74	006c8203	lb	x4,6(x25)	 x25:0x8000871f  x4=0xffffffde PA:0x80008725
        7045000	       703	80000c78	00007117	auipc	x2,0x7	  x2=0x80007c74
        7055000	       704	80000c7c	46610113	addi	x2,x2,1126	  x2:0x80007c74  x2=0x800080da
        7065000	       705	80000c80	ff110083	lb	x1,-15(x2)	  x2:0x800080da  x1=0xffffff80 PA:0x800080cb
        7075000	       706	00000000	00000013	addi	x0,x0,0	  x0:0x00000000
        7085000	       707	80000c84	00008797	auipc	x15,0x8	 x15=0x80008c80
        7095000	       708	80000c88	8dc78793	addi	x15,x15,-1828	 x15:0x80008c80 x15=0x8000855c
        7105000	       709	80000c8c	00007497	auipc	x9,0x7	  x9=0x80007c88
        7115000	       710	80000c90	61648493	addi	x9,x9,1558	  x9:0x80007c88  x9=0x8000829e
        7125000	       711	80000c94	00815683	lhu	x13,8(x2)	  x2:0x800080da x13=0x00009899 PA:0x800080e2
        7135000	       712	80000c98	ff510383	lb	x7,-11(x2)	  x2:0x800080da  x7=0xffffff84 PA:0x800080cf
        7145000	       713	80000c9c	04479e03	lh	x28,68(x15)	 x15:0x8000855c x28=0x00005a20 PA:0x800085a0
        7155000	       714	80000ca0	e7d48e03	lb	x28,-387(x9)	  x9:0x8000829e x28=0xffffffd0 PA:0x8000811b
        7165000	       715	80000ca4	f0f7cf03	lbu	x30,-241(x15)	 x15:0x8000855c x30=0x00000020 PA:0x8000846b
        7175000	       716	80000ca8	00007597	auipc	x11,0x7	 x11=0x80007ca4
        7185000	       717	80000cac	55d58593	addi	x11,x11,1373	 x11:0x80007ca4 x11=0x80008201
        7195000	       718	80000cb0	0ae58ba3	sb	x14,183(x11)	 x11:0x80008201 x14:0x000000cc PA:0x800082b8
        7205000	       719	80000cb4	00007f97	auipc	x31,0x7	 x31=0x80007cb0
        7215000	       720	80000cb8	63df8f93	addi	x31,x31,1597	 x31:0x80007cb0 x31=0x800082ed
        7225000	       721	80000cbc	01014383	lbu	x7,16(x2)	  x2:0x800080da  x7=0x000000a1 PA:0x800080ea
        7235000	       722	80000cc0	f5f59283	lh	x5,-161(x11)	 x11:0x80008201  x5=0x00001a1b PA:0x80008160
        7245000	       723	80000cc4	00b14c83	lbu	x25,11(x2)	  x2:0x800080da x25=0x0000009e PA:0x800080e5
        7255000	       724	80000cc8	017592a3	sh	x23,5(x11)	 x11:0x80008201 x23:0x00000062 PA:0x80008206
        7265000	       725	80000ccc	f7378e83	lb	x29,-141(x15)	 x15:0x8000855c x29=0xffffff84 PA:0x800084cf
        7275000	       726	80000cd0	f6858523	sb	x8,-150(x11)	 x11:0x80008201  x8:0x00000062 PA:0x8000816b
        7285000	       727	80000cd4	01378123	sb	x19,2(x15)	 x15:0x8000855c x19:0x000000cc PA:0x8000855e
        7295000	       728	80000cd8	4d4fcb83	lbu	x23,1236(x31)	 x31:0x800082ed x23=0x0000007a PA:0x800087c1
        7305000	       729	80000cdc	520f8303	lb	x6,1312(x31)	 x31:0x800082ed  x6=0xffffffc6 PA:0x8000880d
        7315000	       730	80000ce0	fa978c83	lb	x25,-87(x15)	 x15:0x8000855c x25=0xffffffbe PA:0x80008505
        7325000	       731	80000ce4	f0978683	lb	x13,-247(x15)	 x15:0x8000855c x13=0x0000001e PA:0x80008465
        7335000	       732	80000ce8	3f248e03	lb	x28,1010(x9)	  x9:0x8000829e x28=0x0000004b PA:0x80008690
        7345000	       733	80000cec	f8458183	lb	x3,-124(x11)	 x11:0x80008201  x3=0x0000003e PA:0x80008185
        7355000	       734	80000cf0	f447a703	lw	x14,-188(x15)	 x15:0x8000855c x14=0x58595a5b PA:0x800084a0
        7365000	       735	80000cf4	26cfcb83	lbu	x23,620(x31)	 x31:0x800082ed x23=0x00000012 PA:0x80008559
        7375000	       736	80000cf8	0e85cd03	lbu	x26,232(x11)	 x11:0x80008201 x26=0x000000a2 PA:0x800082e9
        7385000	       737	80000cfc	f2348903	lb	x18,-221(x9)	  x9:0x8000829e x18=0x0000007a PA:0x800081c1
        7395000	       738	80000d00	0ec58723	sb	x12,238(x11)	 x11:0x80008201 x12:0xffffffc6 PA:0x800082ef
        7405000	       739	80000d04	f2158183	lb	x3,-223(x11)	 x11:0x80008201  x3=0xffffffd9 PA:0x80008122
        7415000	       740	80000d08	25c49a03	lh	x20,604(x9)	  x9:0x8000829e x20=0xffffb0b1 PA:0x800084fa
        7425000	       741	80000d0c	e3d4ce03	lbu	x28,-451(x9)	  x9:0x8000829e x28=0x00000090 PA:0x800080db
        7435000	       742	80000d10	34848fa3	sb	x8,863(x9)	  x9:0x8000829e  x8:0x00000062 PA:0x800085fd
        7445000	       743	80000d14	fb878ba3	sb	x24,-73(x15)	 x15:0x8000855c x24:0x000000f8 PA:0x80008513
        7455000	       744	80000d18	fc87a403	lw	x8,-56(x15)	 x15:0x8000855c  x8=0xdcdddedf PA:0x80008524
        7465000	       745	80000d1c	455f9ca3	sh	x21,1113(x31)	 x31:0x800082ed x21:0x80009f64 PA:0x80008746
        7475000	       746	80000d20	01758023	sb	x23,0(x11)	 x11:0x80008201 x23:0x00000012 PA:0x80008201
        7485000	       747	80000d24	49748003	lb	x0,1175(x9)	  x9:0x8000829e PA:0x80008735
        7495000	       748	80000d28	02a7d503	lhu	x10,42(x15)	 x15:0x8000855c x10=0x00003c3d PA:0x80008586
        7505000	       749	80000d2c	00414683	lbu	x13,4(x2)	  x2:0x800080da x13=0x00000095 PA:0x800080de
        7515000	       750	80000d30	201fd983	lhu	x19,513(x31)	 x31:0x800082ed x19=0x0000a4a5 PA:0x800084ee
        7525000	       751	80000d34	160fc083	lbu	x1,352(x31)	 x31:0x800082ed  x1=0x00000006 PA:0x8000844d
        7535000	       752	80000d38	f5a48da3	sb	x26,-165(x9)	  x9:0x8000829e x26:0x000000a2 PA:0x800081f9
        7545000	       753	80000d3c	fbc5c403	lbu	x8,-68(x11)	 x11:0x80008201  x8=0x00000076 PA:0x800081bd
        7555000	       754	80000d40	00007997	auipc	x19,0x7	 x19=0x80007d3c
        7565000	       755	80000d44	32c98993	addi	x19,x19,812	 x19:0x80007d3c x19=0x80008068
        7575000	       756	80000d48	015d9eb3	sll	x29,x27,x21	 x27:0x000000b4 x21:0x80009f64 x29=0x00000b40
        7585000	       757	80000d4c	005a9a13	slli	x20,x21,0x5	 x21:0x80009f64 x20=0x0013ec80
        7595000	       758	80000d50	007d2133	slt	x2,x26,x7	 x26:0x000000a2  x7:0x000000a1  x2=0x00000000
        7605000	       759	80000d54	00d981a3	sb	x13,3(x19)	 x19:0x80008068 x13:0x00000095 PA:0x8000806b
        7615000	       760	80000d58	00a98383	lb	x7,10(x19)	 x19:0x80008068  x7=0x00000029 PA:0x80008072
        7625000	       761	80000d5c	cca88493	addi	x9,x17,-822	 x17:0xf6d40bb1  x9=0xf6d4087b
        7635000	       762	80000d60	01899323	sh	x24,6(x19)	 x19:0x80008068 x24:0x000000f8 PA:0x8000806e
        7645000	       763	80000d64	0039c503	lbu	x10,3(x19)	 x19:0x80008068 x10=0x00000095 PA:0x8000806b
        7655000	       764	80000d68	0179c403	lbu	x8,23(x19)	 x19:0x80008068  x8=0x00000034 PA:0x8000807f
        7665000	       765	80000d6c	ffd98e83	lb	x29,-3(x19)	 x19:0x80008068 x29=0x0000001e PA:0x80008065
        7675000	       766	00000000	00000013	addi	x0,x0,0	  x0:0x00000000
        7685000	       767	80000d70	01d94933	xor	x18,x18,x29	 x18:0x0000007a x29:0x0000001e x18=0x00000064
        7695000	       768	80000d74	f1c3ba13	sltiu	x20,x7,-228	  x7:0x00000029 x20=0x00000001
        7705000	       769	80000d78	012c5413	srli	x8,x24,0x12	 x24:0x000000f8  x8=0x00000000
        7715000	       770	80000d7c	b1cc8713	addi	x14,x25,-1252	 x25:0xffffffbe x14=0xfffffada
        7725000	       771	80000d80	efc97493	andi	x9,x18,-260	 x18:0x00000064  x9=0x00000064
        7735000	       772	80000d84	01cf4d33	xor	x26,x30,x28	 x30:0x00000020 x28:0x00000090 x26=0x000000b0
        7745000	       773	80000d88	331f3097	auipc	x1,0x331f3	  x1=0xb31f3d84
        7755000	       774	80000d8c	142ea413	slti	x8,x29,322	 x29:0x0000001e  x8=0x00000001
        7765000	       775	80000d90	0399c503	lbu	x10,57(x19)	 x19:0x80008068 x10=0x0000005a PA:0x800080a1
        7775000	       776	80000d94	03d98283	lb	x5,61(x19)	 x19:0x80008068  x5=0x0000005e PA:0x800080a5
        7785000	       777	80000d98	e948c093	xori	x1,x17,-364	 x17:0xf6d40bb1  x1=0x092bf525
        7795000	       778	80000d9c	02a99923	sh	x10,50(x19)	 x19:0x80008068 x10:0x0000005a PA:0x8000809a
        7805000	       779	80000da0	02f98003	lb	x0,47(x19)	 x19:0x80008068 PA:0x80008097
        7815000	       780	80000da4	013f8db3	add	x27,x31,x19	 x31:0x800082ed x19:0x80008068 x27=0x00010355
        7825000	       781	80000da8	00026bb3	or	x23,x4,x0	  x4:0xffffffde  x0:0x00000000 x23=0xffffffde
        7835000	       782	80000dac	0259cd83	lbu	x27,37(x19)	 x19:0x80008068 x27=0x00000046 PA:0x8000808d
        7845000	       783	80000db0	00899123	sh	x8,2(x19)	 x19:0x80008068  x8:0x00000001 PA:0x8000806a
        7855000	       784	80000db4	03e99403	lh	x8,62(x19)	 x19:0x80008068  x8=0x00005c5d PA:0x800080a6
        7865000	       785	80000db8	a80cfb97	auipc	x23,0xa80cf	 x23=0x280cfdb4
        7875000	       786	80000dbc	0019cf03	lbu	x30,1(x19)	 x19:0x80008068 x30=0x00000022 PA:0x80008069
        7885000	       787	80000dc0	fff99623	sh	x31,-20(x19)	 x19:0x80008068 x31:0x800082ed PA:0x80008054
        7895000	       788	80000dc4	47972317	auipc	x6,0x47972	  x6=0xc7972dc0
        7905000	       789	80000dc8	5ab5b113	sltiu	x2,x11,1451	 x11:0x80008201  x2=0x00000000
        7915000	       790	80000dcc	40cdd733	sra	x14,x27,x12	 x27:0x00000046 x12:0xffffffc6 x14=0x00000001
        7925000	       791	80000dd0	778dba13	sltiu	x20,x27,1912	 x27:0x00000046 x20=0x00000001
        7935000	       792	80000dd4	02c9d383	lhu	x7,44(x19)	 x19:0x80008068  x7=0x00004e4f PA:0x80008094
        7945000	       793	80000dd8	d360b613	sltiu	x12,x1,-714	  x1:0x092bf525 x12=0x00000001
        7955000	       794	80000ddc	ff39ac23	sw	x19,-8(x19)	 x19:0x80008068 x19:0x80008068 PA:0x80008060
        7965000	       795	80000de0	0309de03	lhu	x28,48(x19)	 x19:0x80008068 x28=0x00005253 PA:0x80008098
        7975000	       796	80000de4	0219ce83	lbu	x29,33(x19)	 x19:0x80008068 x29=0x00000042 PA:0x80008089
        7985000	       797	80000de8	d7e37b13	andi	x22,x6,-642	  x6:0xc7972dc0 x22=0xc7972d40
        7995000	       798	80000dec	02e9dc03	lhu	x24,46(x19)	 x19:0x80008068 x24=0x00004c4d PA:0x80008096
        8005000	       799	80000df0	41393a13	sltiu	x20,x18,1043	 x18:0x00000064 x20=0x00000001
        8015000	       800	80000df4	bbf602b7	lui	x5,0xbbf60	  x5=0xbbf60000
        8025000	       801	80000df8	0150f7b3	and	x15,x1,x21	  x1:0x092bf525 x21:0x80009f64 x15=0x00009524
        8035000	       802	80000dfc	ffa99403	lh	x8,-6(x19)	 x19:0x80008068  x8=0xffff8000 PA:0x80008062
        8045000	       803	80000e00	02d98b83	lb	x23,45(x19)	 x19:0x80008068 x23=0x0000004e PA:0x80008095
        8055000	       804	80000e04	00a9d183	lhu	x3,10(x19)	 x19:0x80008068  x3=0x00002829 PA:0x80008072
        8065000	       805	80000e08	0185d513	srli	x10,x11,0x18	 x11:0x80008201 x10=0x00000080
        8075000	       806	80000e0c	fed98da3	sb	x13,-5(x19)	 x19:0x80008068 x13:0x00000095 PA:0x80008063
        8085000	       807	80000e10	28d1f193	andi	x3,x3,653	  x3:0x00002829  x3=0x00000009
        8095000	       808	80000e14	dc68ce13	xori	x28,x17,-570	 x17:0xf6d40bb1 x28=0x092bf677
        8105000	       809	80000e18	02799b23	sh	x7,54(x19)	 x19:0x80008068  x7:0x00004e4f PA:0x8000809e
        8115000	       810	80000e1c	00ed6533	or	x10,x26,x14	 x26:0x000000b0 x14:0x00000001 x10=0x000000b1
        8125000	       811	80000e20	03d98003	lb	x0,61(x19)	 x19:0x80008068 PA:0x800080a5
        8135000	       812	80000e24	00008597	auipc	x11,0x8	 x11=0x80008e20
        8145000	       813	80000e28	81a58593	addi	x11,x11,-2022	 x11:0x80008e20 x11=0x8000863a
        8155000	       814	80000e2c	ffa5cb83	lbu	x23,-6(x11)	 x11:0x8000863a x23=0x000000ef PA:0x80008634
        8165000	       815	00000000	00000013	addi	x0,x0,0	  x0:0x00000000
        8175000	       816	80000e30	ff758703	lb	x14,-9(x11)	 x11:0x8000863a x14=0xffffffea PA:0x80008631
        8185000	       817	80000e34	ff75c683	lbu	x13,-9(x11)	 x11:0x8000863a x13=0x000000ea PA:0x80008631
        8195000	       818	80000e38	ff558003	lb	x0,-11(x11)	 x11:0x8000863a PA:0x8000862f
        8205000	       819	80000e3c	ff558aa3	sb	x21,-11(x11)	 x11:0x8000863a x21:0x80009f64 PA:0x8000862f
        8215000	       820	80000e40	ff858ba3	sb	x24,-9(x11)	 x11:0x8000863a x24:0x00004c4d PA:0x80008631
        8225000	       821	80000e44	ff75cc83	lbu	x25,-9(x11)	 x11:0x8000863a x25=0x0000004d PA:0x80008631
        8235000	       822	80000e48	ff75c683	lbu	x13,-9(x11)	 x11:0x8000863a x13=0x0000004d PA:0x80008631
        8245000	       823	80000e4c	ff55c003	lbu	x0,-11(x11)	 x11:0x8000863a PA:0x8000862f
        8255000	       824	80000e50	006064b3	or	x9,x0,x6	  x0:0x00000000  x6:0xc7972dc0  x9=0xc7972dc0
        8265000	       825	80000e54	ff958aa3	sb	x25,-11(x11)	 x11:0x8000863a x25:0x0000004d PA:0x8000862f
        8275000	       826	80000e58	007257b3	srl	x15,x4,x7	  x4:0xffffffde  x7:0x00004e4f x15=0x0001ffff
        8285000	       827	80000e5c	ff758aa3	sb	x23,-11(x11)	 x11:0x8000863a x23:0x000000ef PA:0x8000862f
        8295000	       828	80000e60	ff55cd83	lbu	x27,-11(x11)	 x11:0x8000863a x27=0x000000ef PA:0x8000862f
        8305000	       829	80000e64	00008117	auipc	x2,0x8	  x2=0x80008e60
        8315000	       830	80000e68	fad10113	addi	x2,x2,-83	  x2:0x80008e60  x2=0x80008e0d
        8325000	       831	80000e6c	cc210123	sb	x2,-830(x2)	  x2:0x80008e0d  x2:0x80008e0d PA:0x80008acf
        8335000	       832	80000e70	cdb10123	sb	x27,-830(x2)	  x2:0x80008e0d x27:0x000000ef PA:0x80008acf
        8345000	       833	80000e74	cc210203	lb	x4,-830(x2)	  x2:0x80008e0d  x4=0xffffffef PA:0x80008acf
        8355000	       834	80000e78	cc210203	lb	x4,-830(x2)	  x2:0x80008e0d  x4=0xffffffef PA:0x80008acf
        8365000	       835	80000e7c	cc210383	lb	x7,-830(x2)	  x2:0x80008e0d  x7=0xffffffef PA:0x80008acf
        8375000	       836	80000e80	cdc10123	sb	x28,-830(x2)	  x2:0x80008e0d x28:0x092bf677 PA:0x80008acf
        8385000	       837	80000e84	ccd10123	sb	x13,-830(x2)	  x2:0x80008e0d x13:0x0000004d PA:0x80008acf
        8395000	       838	80000e88	cc210783	lb	x15,-830(x2)	  x2:0x80008e0d x15=0x0000004d PA:0x80008acf
        8405000	       839	80000e8c	cd210123	sb	x18,-830(x2)	  x2:0x80008e0d x18:0x00000064 PA:0x80008acf
        8415000	       840	80000e90	cc210703	lb	x14,-830(x2)	  x2:0x80008e0d x14=0x00000064 PA:0x80008acf
        8425000	       841	80000e94	01da89b3	add	x19,x21,x29	 x21:0x80009f64 x29:0x00000042 x19=0x80009fa6
        8435000	       842	80000e98	d3110f03	lb	x30,-719(x2)	  x2:0x80008e0d x30=0x00000025 PA:0x80008b3e
        8445000	       843	80000e9c	d3114483	lbu	x9,-719(x2)	  x2:0x80008e0d  x9=0x00000025 PA:0x80008b3e
        8455000	       844	80000ea0	00007397	auipc	x7,0x7	  x7=0x80007e9c
        8465000	       845	80000ea4	59738393	addi	x7,x7,1431	  x7:0x80007e9c  x7=0x80008433
        8475000	       846	80000ea8	011d8933	add	x18,x27,x17	 x27:0x000000ef x17:0xf6d40bb1 x18=0xf6d40ca0
        8485000	       847	80000eac	0173e7b3	or	x15,x7,x23	  x7:0x80008433 x23:0x000000ef x15=0x800084ff
        8495000	       848	80000eb0	01e216b3	sll	x13,x4,x30	  x4:0xffffffef x30:0x00000025 x13=0xfffffde0
        8505000	       849	80000eb4	fca38123	sb	x10,-62(x7)	  x7:0x80008433 x10:0x000000b1 PA:0x800083f5
        8515000	       850	80000eb8	ff73de83	lhu	x29,-9(x7)	  x7:0x80008433 x29=0x0000e0e1 PA:0x8000842a
        8525000	       851	80000ebc	00a3cb03	lbu	x22,10(x7)	  x7:0x80008433 x22=0x000000f6 PA:0x8000843d
        8535000	       852	00000000	00000013	addi	x0,x0,0	  x0:0x00000000
        8545000	       853	80000ec0	85cb3493	sltiu	x9,x22,-1956	 x22:0x000000f6  x9=0x00000001
        8555000	       854	80000ec4	03938823	sb	x25,48(x7)	  x7:0x80008433 x25:0x0000004d PA:0x80008463
        8565000	       855	80000ec8	4082d0b3	sra	x1,x5,x8	  x5:0xbbf60000  x8:0xffff8000  x1=0xbbf60000
        8575000	       856	80000ecc	870c7c93	andi	x25,x24,-1936	 x24:0x00004c4d x25=0x00004840
        8585000	       857	80000ed0	fe33c503	lbu	x10,-29(x7)	  x7:0x80008433 x10=0x000000cd PA:0x80008416
        8595000	       858	80000ed4	01037db3	and	x27,x6,x16	  x6:0xc7972dc0 x16:0x80009fc4 x27=0x80000dc0
        8605000	       859	80000ed8	ff739603	lh	x12,-9(x7)	  x7:0x80008433 x12=0xffffe0e1 PA:0x8000842a
        8615000	       860	80000edc	40a180b3	sub	x1,x3,x10	  x3:0x00000009 x10:0x000000cd  x1=0xffffff3c
        8625000	       861	80000ee0	6dca4c13	xori	x24,x20,1756	 x20:0x00000001 x24=0x000006dd
        8635000	       862	80000ee4	0243c483	lbu	x9,36(x7)	  x7:0x80008433  x9=0x0000000c PA:0x80008457
        8645000	       863	80000ee8	0088deb3	srl	x29,x17,x8	 x17:0xf6d40bb1  x8:0xffff8000 x29=0xf6d40bb1
        8655000	       864	80000eec	02f38103	lb	x2,47(x7)	  x7:0x80008433  x2=0x00000019 PA:0x80008462
        8665000	       865	80000ef0	0193d783	lhu	x15,25(x7)	  x7:0x80008433 x15=0x00000607 PA:0x8000844c
        8675000	       866	80000ef4	7bd13c13	sltiu	x24,x2,1981	  x2:0x00000019 x24=0x00000001
        8685000	       867	80000ef8	0079f633	and	x12,x19,x7	 x19:0x80009fa6  x7:0x80008433 x12=0x80008422
        8695000	       868	80000efc	d25eab13	slti	x22,x29,-731	 x29:0xf6d40bb1 x22=0x00000001
        8705000	       869	80000f00	fd6381a3	sb	x22,-61(x7)	  x7:0x80008433 x22:0x00000001 PA:0x800083f6
        8715000	       870	80000f04	1687d797	auipc	x15,0x1687d	 x15=0x9687df00
        8725000	       871	80000f08	40425e33	sra	x28,x4,x4	  x4:0xffffffef  x4:0xffffffef x28=0xffffffff
        8735000	       872	80000f0c	91d3e013	ori	x0,x7,-1763	  x7:0x80008433
        8745000	       873	80000f10	01a7bb33	sltu	x22,x15,x26	 x15:0x9687df00 x26:0x000000b0 x22=0x00000000
        8755000	       874	80000f14	ffa38f83	lb	x31,-6(x7)	  x7:0x80008433 x31=0xffffffe6 PA:0x8000842d
        8765000	       875	80000f18	01c0cfb3	xor	x31,x1,x28	  x1:0xffffff3c x28:0xffffffff x31=0x000000c3
        8775000	       876	80000f1c	02e38623	sb	x14,44(x7)	  x7:0x80008433 x14:0x00000064 PA:0x8000845f
        8785000	       877	80000f20	ca2d2493	slti	x9,x26,-862	 x26:0x000000b0  x9=0x00000000
        8795000	       878	80000f24	01410d33	add	x26,x2,x20	  x2:0x00000019 x20:0x00000001 x26=0x0000001a
        8805000	       879	80000f28	35ea7593	andi	x11,x20,862	 x20:0x00000001 x11=0x00000000
        8815000	       880	80000f2c	410d0033	sub	x0,x26,x16	 x26:0x0000001a x16:0x80009fc4
        8825000	       881	80000f30	0023cd03	lbu	x26,2(x7)	  x7:0x80008433 x26=0x000000ee PA:0x80008435
        8835000	       882	80000f34	f88e6513	ori	x10,x28,-120	 x28:0xffffffff x10=0xffffffff
        8845000	       883	80000f38	01c4beb3	sltu	x29,x9,x28	  x9:0x00000000 x28:0xffffffff x29=0x00000001
        8855000	       884	80000f3c	01284e33	xor	x28,x16,x18	 x16:0x80009fc4 x18:0xf6d40ca0 x28=0x76d49364
        8865000	       885	80000f40	0764c093	xori	x1,x9,118	  x9:0x00000000  x1=0x00000076
        8875000	       886	80000f44	40d05b93	srai	x23,x0,0xd	  x0:0x00000000 x23=0x00000000
        8885000	       887	80000f48	00238003	lb	x0,2(x7)	  x7:0x80008433 PA:0x80008435
        8895000	       888	80000f4c	01dc82b3	add	x5,x25,x29	 x25:0x00004840 x29:0x00000001  x5=0x00004841
        8905000	       889	80000f50	426644b7	lui	x9,0x42664	  x9=0x42664000
        8915000	       890	80000f54	ffc38203	lb	x4,-4(x7)	  x7:0x80008433  x4=0xffffffe4 PA:0x8000842f
        8925000	       891	80000f58	00008117	auipc	x2,0x8	  x2=0x80008f54
        8935000	       892	80000f5c	8aa10113	addi	x2,x2,-1878	  x2:0x80008f54  x2=0x800087fe
        8945000	       893	80000f60	ec83e293	ori	x5,x7,-312	  x7:0x80008433  x5=0xfffffefb
        8955000	       894	80000f64	01a2fd33	and	x26,x5,x26	  x5:0xfffffefb x26:0x000000ee x26=0x000000ea
        8965000	       895	80000f68	0191b3b3	sltu	x7,x3,x25	  x3:0x00000009 x25:0x00004840  x7=0x00000001
        8975000	       896	80000f6c	010dddb3	srl	x27,x27,x16	 x27:0x80000dc0 x16:0x80009fc4 x27=0x080000dc
        8985000	       897	80000f70	cb6f8097	auipc	x1,0xcb6f8	  x1=0x4b6f8f6c
        8995000	       898	80000f74	16d02b37	lui	x22,0x16d02	 x22=0x16d02000
        9005000	       899	80000f78	01ced013	srli	x0,x29,0x1c	 x29:0x00000001
        9015000	       900	80000f7c	96814703	lbu	x14,-1688(x2)	  x2:0x800087fe x14=0x0000001d PA:0x80008166
        9025000	       901	80000f80	003381b3	add	x3,x7,x3	  x7:0x00000001  x3:0x00000009  x3=0x0000000a
        9035000	       902	80000f84	41a55b13	srai	x22,x10,0x1a	 x10:0xffffffff x22=0xffffffff
        9045000	       903	80000f88	f8211783	lh	x15,-126(x2)	  x2:0x800087fe x15=0x00003a3b PA:0x80008780
        9055000	       904	80000f8c	10646c13	ori	x24,x8,262	  x8:0xffff8000 x24=0xffff8106
        9065000	       905	80000f90	670da213	slti	x4,x27,1648	 x27:0x080000dc  x4=0x00000000
        9075000	       906	80000f94	dd211d83	lh	x27,-558(x2)	  x2:0x800087fe x27=0xffffc48b PA:0x800085d0
        9085000	       907	80000f98	0116f433	and	x8,x13,x17	 x13:0xfffffde0 x17:0xf6d40bb1  x8=0xf6d409a0
        9095000	       908	80000f9c	72306613	ori	x12,x0,1827	  x0:0x00000000 x12=0x00000723
        9105000	       909	80000fa0	b3910e83	lb	x29,-1223(x2)	  x2:0x800087fe x29=0xffffffec PA:0x80008337
        9115000	       910	80000fa4	ff714d03	lbu	x26,-9(x2)	  x2:0x800087fe x26=0x000000ae PA:0x800087f5
        9125000	       911	80000fa8	a2f10603	lb	x12,-1489(x2)	  x2:0x800087fe x12=0xffffffe6 PA:0x8000822d
        9135000	       912	80000fac	f701ef13	ori	x30,x3,-144	  x3:0x0000000a x30=0xffffff7a
        9145000	       913	80000fb0	0081b4b3	sltu	x9,x3,x8	  x3:0x0000000a  x8:0xf6d409a0  x9=0x00000001
        9155000	       914	80000fb4	625e4313	xori	x6,x28,1573	 x28:0x76d49364  x6=0x76d49541
        9165000	       915	80000fb8	b3a10f03	lb	x30,-1222(x2)	  x2:0x800087fe x30=0xfffffff3 PA:0x80008338
        9175000	       916	80000fbc	c0810fa3	sb	x8,-993(x2)	  x2:0x800087fe  x8:0xf6d409a0 PA:0x8000841d
        9185000	       917	80000fc0	df2e5e17	auipc	x28,0xdf2e5	 x28=0x5f2e5fbc
        9195000	       918	80000fc4	0032d313	srli	x6,x5,0x3	  x5:0xfffffefb  x6=0x1fffffdf
        9205000	       919	80000fc8	f8210ea3	sb	x2,-99(x2)	  x2:0x800087fe  x2:0x800087fe PA:0x8000879b
        9215000	       920	80000fcc	8f810aa3	sb	x24,-1803(x2)	  x2:0x800087fe x24:0xffff8106 PA:0x800080f3
        9225000	       921	80000fd0	40ef5c93	srai	x25,x30,0xe	 x30:0xfffffff3 x25=0xffffffff
        9235000	       922	80000fd4	88514b03	lbu	x22,-1915(x2)	  x2:0x800087fe x22=0x00000038 PA:0x80008083
        9245000	       923	80000fd8	00000013	addi	x0,x0,0	  x0:0x00000000
        9255000	       924	80000fdc	015301b3	add	x3,x6,x21	  x6:0x1fffffdf x21:0x80009f64  x3=0xa0009f43
        9265000	       925	80000fe0	c9210ca3	sb	x18,-871(x2)	  x2:0x800087fe x18:0xf6d40ca0 PA:0x80008497
        9275000	       926	80000fe4	01a982b3	add	x5,x19,x26	 x19:0x80009fa6 x26:0x000000ae  x5=0x8000a054
        9285000	       927	80000fe8	f1f8b293	sltiu	x5,x17,-225	 x17:0xf6d40bb1  x5=0x00000001
        9295000	       928	80000fec	01559cb3	sll	x25,x11,x21	 x11:0x00000000 x21:0x80009f64 x25=0x00000000
        9305000	       929	80000ff0	d5410083	lb	x1,-684(x2)	  x2:0x800087fe  x1=0x00000009 PA:0x80008552
        9315000	       930	00000000	00000013	addi	x0,x0,0	  x0:0x00000000
        9325000	       931	80000ff4	00008717	auipc	x14,0x8	 x14=0x80008ff0
        9335000	       932	80000ff8	c8570713	addi	x14,x14,-891	 x14:0x80008ff0 x14=0x80008c75
        9345000	       933	80000ffc	d3375f03	lhu	x30,-717(x14)	 x14:0x80008c75 x30=0x00009293 PA:0x800089a8
        9355000	       934	80001000	31c74903	lbu	x18,796(x14)	 x14:0x80008c75 x18=0x0000007a PA:0x80008f91
        9365000	       935	80001004	0aa70783	lb	x15,170(x14)	 x14:0x80008c75 x15=0x00000004 PA:0x80008d1f
        9375000	       936	80001008	c62f1437	lui	x8,0xc62f1	  x8=0xc62f1000
        9385000	       937	8000100c	1fa70e23	sb	x26,508(x14)	 x14:0x80008c75 x26:0x000000ae PA:0x80008e71
        9395000	       938	80001010	bd371f03	lh	x30,-1069(x14)	 x14:0x80008c75 x30=0x00003233 PA:0x80008848
        9405000	       939	80001014	f0670e03	lb	x28,-250(x14)	 x14:0x80008c75 x28=0x00000060 PA:0x80008b7b
        9415000	       940	00000000	00000013	addi	x0,x0,0	  x0:0x00000000
        9425000	       941	80001018	80ae7d13	andi	x26,x28,-2038	 x28:0x00000060 x26=0x00000000
        9435000	       942	8000101c	fe4716a3	sh	x4,-19(x14)	 x14:0x80008c75  x4:0x00000000 PA:0x80008c62
        9445000	       943	80001020	db975683	lhu	x13,-583(x14)	 x14:0x80008c75 x13=0x00001415 PA:0x80008a2e
        9455000	       944	80001024	01abd033	srl	x0,x23,x26	 x23:0x00000000 x26:0x00000000
        9465000	       945	80001028	01c09033	sll	x0,x1,x28	  x1:0x00000009 x28:0x00000060
        9475000	       946	8000102c	e1874483	lbu	x9,-488(x14)	 x14:0x80008c75  x9=0x00000076 PA:0x80008a8d
        9485000	       947	80001030	004990b3	sll	x1,x19,x4	 x19:0x80009fa6  x4:0x00000000  x1=0x80009fa6
        9495000	       948	80001034	efe706a3	sb	x30,-275(x14)	 x14:0x80008c75 x30:0x00003233 PA:0x80008b62
        9505000	       949	80001038	e5f0a013	slti	x0,x1,-417	  x1:0x80009fa6
        9515000	       950	8000103c	16c70d83	lb	x27,364(x14)	 x14:0x80008c75 x27=0xffffffca PA:0x80008de1
        9525000	       951	80001040	00efad33	slt	x26,x31,x14	 x31:0x000000c3 x14:0x80008c75 x26=0x00000000
        9535000	       952	80001044	20a74303	lbu	x6,522(x14)	 x14:0x80008c75  x6=0x00000064 PA:0x80008e7f
        9545000	       953	80001048	14770623	sb	x7,332(x14)	 x14:0x80008c75  x7:0x00000001 PA:0x80008dc1
        9555000	       954	8000104c	009fdb13	srli	x22,x31,0x9	 x31:0x000000c3 x22=0x00000000
        9565000	       955	80001050	04270483	lb	x9,66(x14)	 x14:0x80008c75  x9=0xffffff9c PA:0x80008cb7
        9575000	       956	80001054	4171d633	sra	x12,x3,x23	  x3:0xa0009f43 x23:0x00000000 x12=0xa0009f43
        9585000	       957	80001058	cb570b23	sb	x21,-842(x14)	 x14:0x80008c75 x21:0x80009f64 PA:0x8000892b
        9595000	       958	8000105c	15b72f83	lw	x31,347(x14)	 x14:0x80008c75 x31=0xb8b9babb PA:0x80008dd0
        9605000	       959	80001060	009ab3b3	sltu	x7,x21,x9	 x21:0x80009f64  x9:0xffffff9c  x7=0x00000001
        9615000	       960	80001064	07a74d03	lbu	x26,122(x14)	 x14:0x80008c75 x26=0x000000d4 PA:0x80008cef
        9625000	       961	80001068	2bb75b03	lhu	x22,699(x14)	 x14:0x80008c75 x22=0x00001a1b PA:0x80008f30
        9635000	       962	8000106c	c5974103	lbu	x2,-935(x14)	 x14:0x80008c75  x2=0x000000b5 PA:0x800088ce
        9645000	       963	80001070	fae74503	lbu	x10,-82(x14)	 x14:0x80008c75 x10=0x00000008 PA:0x80008c23
        9655000	       964	80001074	2fd727a3	sw	x29,751(x14)	 x14:0x80008c75 x29:0xffffffec PA:0x80008f64
        9665000	       965	80001078	e3f71b83	lh	x23,-449(x14)	 x14:0x80008c75 x23=0xffff9e9f PA:0x80008ab4
        9675000	       966	8000107c	e0070203	lb	x4,-512(x14)	 x14:0x80008c75  x4=0x0000005e PA:0x80008a75
        9685000	       967	80001080	00008117	auipc	x2,0x8	  x2=0x8000907c
        9695000	       968	80001084	b6510113	addi	x2,x2,-1179	  x2:0x8000907c  x2=0x80008be1
        9705000	       969	80001088	fd310f23	sb	x19,-34(x2)	  x2:0x80008be1 x19:0x80009fa6 PA:0x80008bbf
        9715000	       970	8000108c	fde14583	lbu	x11,-34(x2)	  x2:0x80008be1 x11=0x000000a6 PA:0x80008bbf
        9725000	       971	80001090	03f10123	sb	x31,34(x2)	  x2:0x80008be1 x31:0xb8b9babb PA:0x80008c03
        9735000	       972	80001094	02210f03	lb	x30,34(x2)	  x2:0x80008be1 x30=0xffffffbb PA:0x80008c03
        9745000	       973	80001098	02b10123	sb	x11,34(x2)	  x2:0x80008be1 x11:0x000000a6 PA:0x80008c03
        9755000	       974	8000109c	00070633	add	x12,x14,x0	 x14:0x80008c75  x0:0x00000000 x12=0x80008c75
        9765000	       975	800010a0	00310f03	lb	x30,3(x2)	  x2:0x80008be1 x30=0xffffffcf PA:0x80008be4
        9775000	       976	800010a4	00310983	lb	x19,3(x2)	  x2:0x80008be1 x19=0xffffffcf PA:0x80008be4
        9785000	       977	800010a8	019100a3	sb	x25,1(x2)	  x2:0x80008be1 x25:0x00000000 PA:0x80008be2
        9795000	       978	800010ac	00115583	lhu	x11,1(x2)	  x2:0x80008be1 x11=0x0000c800 PA:0x80008be2
        9805000	       979	800010b0	01f39f33	sll	x30,x7,x31	  x7:0x00000001 x31:0xb8b9babb x30=0x08000000
        9815000	       980	800010b4	00111d83	lh	x27,1(x2)	  x2:0x80008be1 x27=0xffffc800 PA:0x80008be2
        9825000	       981	800010b8	00114383	lbu	x7,1(x2)	  x2:0x80008be1  x7=0x00000000 PA:0x80008be2
        9835000	       982	800010bc	00110503	lb	x10,1(x2)	  x2:0x80008be1 x10=0x00000000 PA:0x80008be2
        9845000	       983	800010c0	00110f03	lb	x30,1(x2)	  x2:0x80008be1 x30=0x00000000 PA:0x80008be2
        9855000	       984	800010c4	00115d03	lhu	x26,1(x2)	  x2:0x80008be1 x26=0x0000c800 PA:0x80008be2
        9865000	       985	800010c8	034115a3	sh	x20,43(x2)	  x2:0x80008be1 x20:0x00000001 PA:0x80008c0c
        9875000	       986	800010cc	03c125a3	sw	x28,43(x2)	  x2:0x80008be1 x28:0x00000060 PA:0x80008c0c
        9885000	       987	800010d0	02b10983	lb	x19,43(x2)	  x2:0x80008be1 x19=0x00000060 PA:0x80008c0c
        9895000	       988	800010d4	00008117	auipc	x2,0x8	  x2=0x800090d0
        9905000	       989	800010d8	d7610113	addi	x2,x2,-650	  x2:0x800090d0  x2=0x80008e46
        9915000	       990	800010dc	00000013	addi	x0,x0,0	  x0:0x00000000
        9925000	       991	800010e0	0029f2b3	and	x5,x19,x2	 x19:0x00000060  x2:0x80008e46  x5=0x00000040
        9935000	       992	800010e4	03b10c83	lb	x25,59(x2)	  x2:0x80008e46 x25=0x0000006a PA:0x80008e81
        9945000	       993	800010e8	000e47b3	xor	x15,x28,x0	 x28:0x00000060  x0:0x00000000 x15=0x00000060
        9955000	       994	800010ec	01615483	lhu	x9,22(x2)	  x2:0x80008e46  x9=0x00004647 PA:0x80008e5c
        9965000	       995	00000000	00000013	addi	x0,x0,0	  x0:0x00000000
        9975000	       996	800010f0	46937393	andi	x7,x6,1129	  x6:0x00000064  x7=0x00000060
        9985000	       997	800010f4	00e1d5b3	srl	x11,x3,x14	  x3:0xa0009f43 x14:0x80008c75 x11=0x00000500
        9995000	       998	800010f8	91ee4493	xori	x9,x28,-1762	 x28:0x00000060  x9=0xfffff97e
       10005000	       999	800010fc	007a8cb3	add	x25,x21,x7	 x21:0x80009f64  x7:0x00000060 x25=0x80009fc4
       10015000	      1000	80001100	002d96b3	sll	x13,x27,x2	 x27:0xffffc800  x2:0x80008e46 x13=0xfff20000
       10025000	      1001	80001104	418ed633	sra	x12,x29,x24	 x29:0xffffffec x24:0xffff8106 x12=0xffffffff
       10035000	      1002	80001108	00000013	addi	x0,x0,0	  x0:0x00000000
       10045000	      1003	8000110c	009c1693	slli	x13,x24,0x9	 x24:0xffff8106 x13=0xff020c00
       10055000	      1004	80001110	03510083	lb	x1,53(x2)	  x2:0x80008e46  x1=0x00000060 PA:0x80008e7b
       10065000	      1005	80001114	7563bf93	sltiu	x31,x7,1878	  x7:0x00000060 x31=0x00000001
       10075000	      1006	80001118	4652a013	slti	x0,x5,1125	  x5:0x00000040
       10085000	      1007	8000111c	cc93c793	xori	x15,x7,-823	  x7:0x00000060 x15=0xfffffca9
       10095000	      1008	80001120	40bd80b3	sub	x1,x27,x11	 x27:0xffffc800 x11:0x00000500  x1=0xffffc300
       10105000	      1009	80001124	fe1108a3	sb	x1,-15(x2)	  x2:0x80008e46  x1:0xffffc300 PA:0x80008e37
       10115000	      1010	80001128	f21ce913	ori	x18,x25,-223	 x25:0x80009fc4 x18=0xffffffe5
       10125000	      1011	8000112c	01a29a13	slli	x20,x5,0x1a	  x5:0x00000040 x20=0x00000000
       10135000	      1012	80001130	10acc713	xori	x14,x25,266	 x25:0x80009fc4 x14=0x80009ece
       10145000	      1013	80001134	000e84b3	add	x9,x29,x0	 x29:0xffffffec  x0:0x00000000  x9=0xffffffec
       10155000	      1014	80001138	01c784b3	add	x9,x15,x28	 x15:0xfffffca9 x28:0x00000060  x9=0xfffffd09
       10165000	      1015	8000113c	0028d393	srli	x7,x17,0x2	 x17:0xf6d40bb1  x7=0x3db502ec
       10175000	      1016	80001140	00ca3237	lui	x4,0xca3	  x4=0x00ca3000
       10185000	      1017	80001144	fe514e03	lbu	x28,-27(x2)	  x2:0x80008e46 x28=0x00000010 PA:0x80008e2b
       10195000	      1018	80001148	fcd14003	lbu	x0,-51(x2)	  x2:0x80008e46 PA:0x80008e13
       10205000	      1019	8000114c	b933b693	sltiu	x13,x7,-1133	  x7:0x3db502ec x13=0x00000001
       10215000	      1020	80001150	1c15b213	sltiu	x4,x11,449	 x11:0x00000500  x4=0x00000000
       10225000	      1021	80001154	e720e713	ori	x14,x1,-398	  x1:0xffffc300 x14=0xffffff72
       10235000	      1022	80001158	ff214303	lbu	x6,-14(x2)	  x2:0x80008e46  x6=0x00000023 PA:0x80008e38
       10245000	      1023	8000115c	b21a8e17	auipc	x28,0xb21a8	 x28=0x321a9158
       10255000	      1024	80001160	00000013	addi	x0,x0,0	  x0:0x00000000
       10265000	      1025	80001164	fd310383	lb	x7,-45(x2)	  x2:0x80008e46  x7=0x00000002 PA:0x80008e19
       10275000	      1026	80001168	00224033	xor	x0,x4,x2	  x4:0x00000000  x2:0x80008e46
       10285000	      1027	8000116c	00c10083	lb	x1,12(x2)	  x2:0x80008e46  x1=0x00000039 PA:0x80008e52
       10295000	      1028	80001170	005b4333	xor	x6,x22,x5	 x22:0x00001a1b  x5:0x00000040  x6=0x00001a5b
       10305000	      1029	80001174	fc710f03	lb	x30,-57(x2)	  x2:0x80008e46 x30=0xfffffff6 PA:0x80008e0d
       10315000	      1030	80001178	00008317	auipc	x6,0x8	  x6=0x80009174
       10325000	      1031	8000117c	e3230313	addi	x6,x6,-462	  x6:0x80009174  x6=0x80008fa6
       10335000	      1032	80001180	fe930c23	sb	x9,-8(x6)	  x6:0x80008fa6  x9:0xfffffd09 PA:0x80008f9e
       10345000	      1033	80001184	00008c17	auipc	x24,0x8	 x24=0x80009180
       10355000	      1034	80001188	bfdc0c13	addi	x24,x24,-1027	 x24:0x80009180 x24=0x80008d7d
       10365000	      1035	8000118c	fe330da3	sb	x3,-5(x6)	  x6:0x80008fa6  x3:0xa0009f43 PA:0x80008fa1
       10375000	      1036	80001190	00934f03	lbu	x30,9(x6)	  x6:0x80008fa6 x30=0x00000094 PA:0x80008faf
       10385000	      1037	80001194	00008517	auipc	x10,0x8	 x10=0x80009190
       10395000	      1038	80001198	af650513	addi	x10,x10,-1290	 x10:0x80009190 x10=0x80008c86
       10405000	      1039	8000119c	00f30f83	lb	x31,15(x6)	  x6:0x80008fa6 x31=0xffffff9e PA:0x80008fb5
       10415000	      1040	800011a0	007c1b03	lh	x22,7(x24)	 x24:0x80008d7d x22=0x00006e6f PA:0x80008d84
       10425000	      1041	800011a4	00008417	auipc	x8,0x8	  x8=0x800091a0
       10435000	      1042	800011a8	d5540413	addi	x8,x8,-683	  x8:0x800091a0  x8=0x80008ef5
       10445000	      1043	800011ac	ff2508a3	sb	x18,-15(x10)	 x10:0x80008c86 x18:0xffffffe5 PA:0x80008c77
       10455000	      1044	800011b0	112c12a3	sh	x18,261(x24)	 x24:0x80008d7d x18:0xffffffe5 PA:0x80008e82
       10465000	      1045	800011b4	00844983	lbu	x19,8(x8)	  x8:0x80008ef5 x19=0x000000e6 PA:0x80008efd
       10475000	      1046	800011b8	00650b03	lb	x22,6(x10)	 x10:0x80008c86 x22=0x00000077 PA:0x80008c8c
       10485000	      1047	800011bc	ff530ba3	sb	x21,-9(x6)	  x6:0x80008fa6 x21:0x80009f64 PA:0x80008f9d
       10495000	      1048	800011c0	00f45b03	lhu	x22,15(x8)	  x8:0x80008ef5 x22=0x0000eeef PA:0x80008f04
       10505000	      1049	800011c4	ff534203	lbu	x4,-11(x6)	  x6:0x80008fa6  x4=0x00000080 PA:0x80008f9b
       10515000	      1050	800011c8	00a44183	lbu	x3,10(x8)	  x8:0x80008ef5  x3=0x000000e4 PA:0x80008eff
       10525000	      1051	800011cc	00930383	lb	x7,9(x6)	  x6:0x80008fa6  x7=0xffffff94 PA:0x80008faf
       10535000	      1052	800011d0	fe350fa3	sb	x3,-1(x10)	 x10:0x80008c86  x3:0x000000e4 PA:0x80008c85
       10545000	      1053	800011d4	c62c4683	lbu	x13,-926(x24)	 x24:0x80008d7d x13=0x000000c4 PA:0x800089df
       10555000	      1054	800011d8	00f54603	lbu	x12,15(x10)	 x10:0x80008c86 x12=0x0000007e PA:0x80008c95
       10565000	      1055	800011dc	ad5c4b03	lbu	x22,-1323(x24)	 x24:0x80008d7d x22=0x00000039 PA:0x80008852
       10575000	      1056	800011e0	af9c4583	lbu	x11,-1287(x24)	 x24:0x80008d7d x11=0x0000005d PA:0x80008876
       10585000	      1057	800011e4	00f400a3	sb	x15,1(x8)	  x8:0x80008ef5 x15:0xfffffca9 PA:0x80008ef6
       10595000	      1058	800011e8	ff540aa3	sb	x21,-11(x8)	  x8:0x80008ef5 x21:0x80009f64 PA:0x80008eea
       10605000	      1059	800011ec	005501a3	sb	x5,3(x10)	 x10:0x80008c86  x5:0x00000040 PA:0x80008c89
       10615000	      1060	800011f0	00008117	auipc	x2,0x8	  x2=0x800091ec
       10625000	      1061	800011f4	d5f10113	addi	x2,x2,-673	  x2:0x800091ec  x2=0x80008f4b
       10635000	      1062	800011f8	00311683	lh	x13,3(x2)	  x2:0x80008f4b x13=0x00003435 PA:0x80008f4e
       10645000	      1063	800011fc	ffd10823	sb	x29,-16(x2)	  x2:0x80008f4b x29:0xffffffec PA:0x80008f3b
       10655000	      1064	80001200	ff010823	sb	x16,-16(x2)	  x2:0x80008f4b x16:0x80009fc4 PA:0x80008f3b
       10665000	      1065	80001204	009101a3	sb	x9,3(x2)	  x2:0x80008f4b  x9:0xfffffd09 PA:0x80008f4e
       10675000	      1066	80001208	b4897d93	andi	x27,x18,-1208	 x18:0xffffffe5 x27=0xfffffb40
       10685000	      1067	8000120c	00b10703	lb	x14,11(x2)	  x2:0x80008f4b x14=0x0000003d PA:0x80008f56
       10695000	      1068	80001210	00ae16b3	sll	x13,x28,x10	 x28:0x321a9158 x10:0x80008c86 x13=0x86a45600
       10705000	      1069	80001214	00512183	lw	x3,5(x2)	  x2:0x80008f4b  x3=0x38393a3b PA:0x80008f50
       10715000	      1070	80001218	00000013	addi	x0,x0,0	  x0:0x00000000
       10725000	      1071	8000121c	008122a3	sw	x8,5(x2)	  x2:0x80008f4b  x8:0x80008ef5 PA:0x80008f50
       10735000	      1072	80001220	006d9193	slli	x3,x27,0x6	 x27:0xfffffb40  x3=0xfffed000
       10745000	      1073	80001224	00114e03	lbu	x28,1(x2)	  x2:0x80008f4b x28=0x00000037 PA:0x80008f4c
       10755000	      1074	80001228	00e10983	lb	x19,14(x2)	  x2:0x80008f4b x19=0x00000042 PA:0x80008f59
       10765000	      1075	8000122c	00e14783	lbu	x15,14(x2)	  x2:0x80008f4b x15=0x00000042 PA:0x80008f59
       10775000	      1076	80001230	01f10623	sb	x31,12(x2)	  x2:0x80008f4b x31:0xffffff9e PA:0x80008f57
       10785000	      1077	80001234	00c10903	lb	x18,12(x2)	  x2:0x80008f4b x18=0xffffff9e PA:0x80008f57
       10795000	      1078	80001238	00510623	sb	x5,12(x2)	  x2:0x80008f4b  x5:0x00000040 PA:0x80008f57
       10805000	      1079	8000123c	00d10b83	lb	x23,13(x2)	  x2:0x80008f4b x23=0x00000043 PA:0x80008f58
       10815000	      1080	80001240	85458193	addi	x3,x11,-1964	 x11:0x0000005d  x3=0xfffff8b1
       10825000	      1081	80001244	00d12a03	lw	x20,13(x2)	  x2:0x80008f4b x20=0x40414243 PA:0x80008f58
       10835000	      1082	80001248	00008117	auipc	x2,0x8	  x2=0x80009244
       10845000	      1083	8000124c	97d10113	addi	x2,x2,-1667	  x2:0x80009244  x2=0x80008bc1
       10855000	      1084	80001250	ffc119a3	sh	x28,-13(x2)	  x2:0x80008bc1 x28:0x00000037 PA:0x80008bb4
       10865000	      1085	80001254	ff315903	lhu	x18,-13(x2)	  x2:0x80008bc1 x18=0x00000037 PA:0x80008bb4
       10875000	      1086	80001258	fe110f23	sb	x1,-2(x2)	  x2:0x80008bc1  x1:0x00000039 PA:0x80008bbf
       10885000	      1087	8000125c	3db3a313	slti	x6,x7,987	  x7:0xffffff94  x6=0x00000001
       10895000	      1088	80001260	ff511b03	lh	x22,-11(x2)	  x2:0x80008bc1 x22=0xffff9c9d PA:0x80008bb6
       10905000	      1089	80001264	18dae213	ori	x4,x21,397	 x21:0x80009f64  x4=0x80009fed
       10915000	      1090	80001268	003252b3	srl	x5,x4,x3	  x4:0x80009fed  x3:0xfffff8b1  x5=0x00004000
       10925000	      1091	8000126c	38966193	ori	x3,x12,905	 x12:0x0000007e  x3=0x000003ff
       10935000	      1092	80001270	01161c93	slli	x25,x12,0x11	 x12:0x0000007e x25=0x00fc0000
       10945000	      1093	80001274	b874ce13	xori	x28,x9,-1145	  x9:0xfffffd09 x28=0x0000068e
       10955000	      1094	80001278	40acd013	srai	x0,x25,0xa	 x25:0x00fc0000
       10965000	      1095	8000127c	0016c0b3	xor	x1,x13,x1	 x13:0x86a45600  x1:0x00000039  x1=0x86a45639
       10975000	      1096	80001280	41e086b3	sub	x13,x1,x30	  x1:0x86a45639 x30:0x00000094 x13=0x86a455a5
       10985000	      1097	80001284	ffa10703	lb	x14,-6(x2)	  x2:0x80008bc1 x14=0xffffffa0 PA:0x80008bbb
       10995000	      1098	00000000	00000013	addi	x0,x0,0	  x0:0x00000000
       11005000	      1099	80001288	d4b70213	addi	x4,x14,-693	 x14:0xffffffa0  x4=0xfffffceb
       11015000	      1100	8000128c	a0488e93	addi	x29,x17,-1532	 x17:0xf6d40bb1 x29=0xf6d405b5
       11025000	      1101	80001290	1ea77d93	andi	x27,x14,490	 x14:0xffffffa0 x27=0x000001a0
       11035000	      1102	80001294	00c09b93	slli	x23,x1,0xc	  x1:0x86a45639 x23=0x45639000
       11045000	      1103	80001298	b447fdb7	lui	x27,0xb447f	 x27=0xb447f000
       11055000	      1104	8000129c	ff911e83	lh	x29,-7(x2)	  x2:0x80008bc1 x29=0xffffa0a1 PA:0x80008bba
       11065000	      1105	800012a0	7b060293	addi	x5,x12,1968	 x12:0x0000007e  x5=0x0000082e
       11075000	      1106	800012a4	7601eb13	ori	x22,x3,1888	  x3:0x000003ff x22=0x000007ff
       11085000	      1107	800012a8	00a10e03	lb	x28,10(x2)	  x2:0x80008bc1 x28=0xffffffb0 PA:0x80008bcb
       11095000	      1108	800012ac	00000013	addi	x0,x0,0	  x0:0x00000000
       11105000	      1109	800012b0	00575913	srli	x18,x14,0x5	 x14:0xffffffa0 x18=0x07fffffd
       11115000	      1110	800012b4	f5a1e093	ori	x1,x3,-166	  x3:0x000003ff  x1=0xffffffff
       11125000	      1111	800012b8	feb12fa3	sw	x11,-1(x2)	  x2:0x80008bc1 x11:0x0000005d PA:0x80008bc0
       11135000	      1112	800012bc	ffa14f03	lbu	x30,-6(x2)	  x2:0x80008bc1 x30=0x000000a0 PA:0x80008bbb
       11145000	      1113	800012c0	5473cc13	xori	x24,x7,1351	  x7:0xffffff94 x24=0xfffffad3
       11155000	      1114	800012c4	ff814483	lbu	x9,-8(x2)	  x2:0x80008bc1  x9=0x000000a2 PA:0x80008bb9
       11165000	      1115	800012c8	006fd4b3	srl	x9,x31,x6	 x31:0xffffff9e  x6:0x00000001  x9=0x7fffffcf
       11175000	      1116	800012cc	ff115d83	lhu	x27,-15(x2)	  x2:0x80008bc1 x27=0x00009899 PA:0x80008bb2
       11185000	      1117	800012d0	597bfe93	andi	x29,x23,1431	 x23:0x45639000 x29=0x00000000
       11195000	      1118	800012d4	bc693313	sltiu	x6,x18,-1082	 x18:0x07fffffd  x6=0x00000001
       11205000	      1119	800012d8	00000013	addi	x0,x0,0	  x0:0x00000000
       11215000	      1120	800012dc	00cfccb3	xor	x25,x31,x12	 x31:0xffffff9e x12:0x0000007e x25=0xffffffe0
       11225000	      1121	800012e0	3aece693	ori	x13,x25,942	 x25:0xffffffe0 x13=0xffffffee
       11235000	      1122	800012e4	001117a3	sh	x1,15(x2)	  x2:0x80008bc1  x1:0xffffffff PA:0x80008bd0
       11245000	      1123	800012e8	004980b3	add	x1,x19,x4	 x19:0x00000042  x4:0xfffffceb  x1=0xfffffd2d
       11255000	      1124	800012ec	c07c7cb7	lui	x25,0xc07c7	 x25=0xc07c7000
       11265000	      1125	800012f0	00511403	lh	x8,5(x2)	  x2:0x80008bc1  x8=0xffffacad PA:0x80008bc6
       11275000	      1126	800012f4	00610d83	lb	x27,6(x2)	  x2:0x80008bc1 x27=0xffffffac PA:0x80008bc7
       11285000	      1127	00000000	00000013	addi	x0,x0,0	  x0:0x00000000
       11295000	      1128	800012f8	ffb12fa3	sw	x27,-1(x2)	  x2:0x80008bc1 x27:0xffffffac PA:0x80008bc0
       11305000	      1129	800012fc	13c63937	lui	x18,0x13c63	 x18=0x13c63000
       11315000	      1130	80001300	fe411ca3	sh	x4,-7(x2)	  x2:0x80008bc1  x4:0xfffffceb PA:0x80008bba
       11325000	      1131	80001304	40c48eb3	sub	x29,x9,x12	  x9:0x7fffffcf x12:0x0000007e x29=0x7fffff51
       11335000	      1132	80001308	00910303	lb	x6,9(x2)	  x2:0x80008bc1  x6=0xffffffb1 PA:0x80008bca
       11345000	      1133	8000130c	00007297	auipc	x5,0x7	  x5=0x80008308
       11355000	      1134	80001310	7d928293	addi	x5,x5,2009	  x5:0x80008308  x5=0x80008ae1
       11365000	      1135	80001314	03528123	sb	x21,34(x5)	  x5:0x80008ae1 x21:0x80009f64 PA:0x80008b03
       11375000	      1136	80001318	02228d83	lb	x27,34(x5)	  x5:0x80008ae1 x27=0x00000064 PA:0x80008b03
       11385000	      1137	8000131c	412e5633	sra	x12,x28,x18	 x28:0xffffffb0 x18:0x13c63000 x12=0xffffffb0
       11395000	      1138	80001320	02228f03	lb	x30,34(x5)	  x5:0x80008ae1 x30=0x00000064 PA:0x80008b03
       11405000	      1139	80001324	0222c383	lbu	x7,34(x5)	  x5:0x80008ae1  x7=0x00000064 PA:0x80008b03
       11415000	      1140	80001328	02028123	sb	x0,34(x5)	  x5:0x80008ae1  x0:0x00000000 PA:0x80008b03
       11425000	      1141	8000132c	02228483	lb	x9,34(x5)	  x5:0x80008ae1  x9=0x00000000 PA:0x80008b03
       11435000	      1142	80001330	00af5913	srli	x18,x30,0xa	 x30:0x00000064 x18=0x00000000
       11445000	      1143	80001334	0222cd83	lbu	x27,34(x5)	  x5:0x80008ae1 x27=0x00000000 PA:0x80008b03
       11455000	      1144	80001338	01aa5333	srl	x6,x20,x26	 x20:0x40414243 x26:0x0000c800  x6=0x40414243
       11465000	      1145	8000133c	03628123	sb	x22,34(x5)	  x5:0x80008ae1 x22:0x000007ff PA:0x80008b03
       11475000	      1146	80001340	0222c003	lbu	x0,34(x5)	  x5:0x80008ae1 PA:0x80008b03
       11485000	      1147	80001344	02228d83	lb	x27,34(x5)	  x5:0x80008ae1 x27=0xffffffff PA:0x80008b03
       11495000	      1148	80001348	02228503	lb	x10,34(x5)	  x5:0x80008ae1 x10=0xffffffff PA:0x80008b03
       11505000	      1149	8000134c	e48d8e13	addi	x28,x27,-440	 x27:0xffffffff x28=0xfffffe47
       11515000	      1150	80001350	0222c083	lbu	x1,34(x5)	  x5:0x80008ae1  x1=0x000000ff PA:0x80008b03
       11525000	      1151	80001354	03928123	sb	x25,34(x5)	  x5:0x80008ae1 x25:0xc07c7000 PA:0x80008b03
       11535000	      1152	80001358	02e28123	sb	x14,34(x5)	  x5:0x80008ae1 x14:0xffffffa0 PA:0x80008b03
       11545000	      1153	8000135c	02228083	lb	x1,34(x5)	  x5:0x80008ae1  x1=0xffffffa0 PA:0x80008b03
       11555000	      1154	80001360	00000013	addi	x0,x0,0	  x0:0x00000000
       11565000	      1155	80001364	7e723c13	sltiu	x24,x4,2023	  x4:0xfffffceb x24=0x00000000
       11575000	      1156	80001368	0116d193	srli	x3,x13,0x11	 x13:0xffffffee  x3=0x00007fff
       11585000	      1157	8000136c	0787ad37	lui	x26,0x787a	 x26=0x0787a000
       11595000	      1158	80001370	001473b3	and	x7,x8,x1	  x8:0xffffacad  x1:0xffffffa0  x7=0xffffaca0
       11605000	      1159	80001374	2c546493	ori	x9,x8,709	  x8:0xffffacad  x9=0xffffaeed
       11615000	      1160	80001378	01fdc3b3	xor	x7,x27,x31	 x27:0xffffffff x31:0xffffff9e  x7=0x00000061
       11625000	      1161	8000137c	0100f863	bgeu	x1,x16,8000138c	  x1:0xffffffa0 x16:0x80009fc4
       11635000	      1162	00000000	00000013	addi	x0,x0,0	  x0:0x00000000
       11645000	      1163	80001388	00000013	addi	x0,x0,0	  x0:0x00000000
       11655000	      1164	8000138c	01805393	srli	x7,x0,0x18	  x0:0x00000000  x7=0x00000000
       11665000	      1165	80001390	00cdf333	and	x6,x27,x12	 x27:0xffffffff x12:0xffffffb0  x6=0xffffffb0
       11675000	      1166	80001394	018577b3	and	x15,x10,x24	 x10:0xffffffff x24:0x00000000 x15=0x00000000
       11685000	      1167	80001398	41168d33	sub	x26,x13,x17	 x13:0xffffffee x17:0xf6d40bb1 x26=0x092bf43d
       11695000	      1168	8000139c	00ae5863	bge	x28,x10,800013ac	 x28:0xfffffe47 x10:0xffffffff
       11705000	      1169	800013a0	01bf66b3	or	x13,x30,x27	 x30:0x00000064 x27:0xffffffff x13=0xffffffff
       11715000	      1170	800013a4	50f5ca13	xori	x20,x11,1295	 x11:0x0000005d x20=0x00000552
       11725000	      1171	800013a8	013f6863	bltu	x30,x19,800013b8	 x30:0x00000064 x19:0x00000042
       11735000	      1172	800013ac	fe814b93	xori	x23,x2,-24	  x2:0x80008bc1 x23=0x7fff7429
       11745000	      1173	800013b0	9162a193	slti	x3,x5,-1770	  x5:0x80008ae1  x3=0x00000001
       11755000	      1174	800013b4	00145e63	bge	x8,x1,800013d0	  x8:0xffffacad  x1:0xffffffa0
       11765000	      1175	800013b8	05a85063	bge	x16,x26,800013f8	 x16:0x80009fc4 x26:0x092bf43d
       11775000	      1176	800013bc	9972b693	sltiu	x13,x5,-1641	  x5:0x80008ae1 x13=0x00000001
       11785000	      1177	800013c0	1d9f2f17	auipc	x30,0x1d9f2	 x30=0x9d9f33bc
       11795000	      1178	800013c4	2514aeb7	lui	x29,0x2514a	 x29=0x2514a000
       11805000	      1179	800013c8	00f37263	bgeu	x6,x15,800013cc	  x6:0xffffffb0 x15:0x00000000
       11815000	      1180	00000000	00000013	addi	x0,x0,0	  x0:0x00000000
       11825000	      1181	800013c8	00000013	addi	x0,x0,0	  x0:0x00000000
       11835000	      1182	800013cc	4f157693	andi	x13,x10,1265	 x10:0xffffffff x13=0x000004f1
       11845000	      1183	800013d0	00223933	sltu	x18,x4,x2	  x4:0xfffffceb  x2:0x80008bc1 x18=0x00000000
       11855000	      1184	800013d4	02f46a63	bltu	x8,x15,80001408	  x8:0xffffacad x15:0x00000000
       11865000	      1185	800013d8	000d4e63	blt	x26,x0,800013f4	 x26:0x092bf43d  x0:0x00000000
       11875000	      1186	800013dc	41200c33	sub	x24,x0,x18	  x0:0x00000000 x18:0x00000000 x24=0x00000000
       11885000	      1187	800013e0	01baea63	bltu	x21,x27,800013f4	 x21:0x80009f64 x27:0xffffffff
       11895000	      1188	00000000	00000013	addi	x0,x0,0	  x0:0x00000000
       11905000	      1189	800013f0	00000013	addi	x0,x0,0	  x0:0x00000000
       11915000	      1190	800013f4	01797a33	and	x20,x18,x23	 x18:0x00000000 x23:0x7fff7429 x20=0x00000000
       11925000	      1191	800013f8	052b6863	bltu	x22,x18,80001448	 x22:0x000007ff x18:0x00000000
       11935000	      1192	800013fc	4049dd13	srai	x26,x19,0x4	 x19:0x00000042 x26=0x00000004
       11945000	      1193	80001400	02c18863	beq	x3,x12,80001430	  x3:0x00000001 x12:0xffffffb0
       11955000	      1194	80001404	996df493	andi	x9,x27,-1642	 x27:0xffffffff  x9=0xfffff996
       11965000	      1195	80001408	010d55b3	srl	x11,x26,x16	 x26:0x00000004 x16:0x80009fc4 x11=0x00000000
       11975000	      1196	8000140c	012f2933	slt	x18,x30,x18	 x30:0x9d9f33bc x18:0x00000000 x18=0x00000001
       11985000	      1197	80001410	413b5c13	srai	x24,x22,0x13	 x22:0x000007ff x24=0x00000000
       11995000	      1198	80001414	04b6d263	bge	x13,x11,80001458	 x13:0x000004f1 x11:0x00000000
       12005000	      1199	00000000	00000013	addi	x0,x0,0	  x0:0x00000000
       12015000	      1200	80001454	00000013	addi	x0,x0,0	  x0:0x00000000
       12025000	      1201	80001458	019a5033	srl	x0,x20,x25	 x20:0x00000000 x25:0xc07c7000
       12035000	      1202	8000145c	002c1eb3	sll	x29,x24,x2	 x24:0x00000000  x2:0x80008bc1 x29=0x00000000
       12045000	      1203	80001460	03667263	bgeu	x12,x22,80001484	 x12:0xffffffb0 x22:0x000007ff
       12055000	      1204	00000000	00000013	addi	x0,x0,0	  x0:0x00000000
       12065000	      1205	80001480	00000013	addi	x0,x0,0	  x0:0x00000000
       12075000	      1206	80001484	01b9d7b3	srl	x15,x19,x27	 x19:0x00000042 x27:0xffffffff x15=0x00000000
       12085000	      1207	80001488	00194c63	blt	x18,x1,800014a0	 x18:0x00000001  x1:0xffffffa0
       12095000	      1208	8000148c	4057d733	sra	x14,x15,x5	 x15:0x00000000  x5:0x80008ae1 x14=0x00000000
       12105000	      1209	80001490	009dcbb3	xor	x23,x27,x9	 x27:0xffffffff  x9:0xfffff996 x23=0x00000669
       12115000	      1210	80001494	5814c193	xori	x3,x9,1409	  x9:0xfffff996  x3=0xfffffc17
       12125000	      1211	80001498	01d45f13	srli	x30,x8,0x1d	  x8:0xffffacad x30=0x00000007
       12135000	      1212	8000149c	00cbaa33	slt	x20,x23,x12	 x23:0x00000669 x12:0xffffffb0 x20=0x00000000
       12145000	      1213	800014a0	01551513	slli	x10,x10,0x15	 x10:0xffffffff x10=0xffe00000
       12155000	      1214	800014a4	401add93	srai	x27,x21,0x1	 x21:0x80009f64 x27=0xc0004fb2
       12165000	      1215	800014a8	b82ec193	xori	x3,x29,-1150	 x29:0x00000000  x3=0xfffffb82
       12175000	      1216	800014ac	033bca63	blt	x23,x19,800014e0	 x23:0x00000669 x19:0x00000042
       12185000	      1217	800014b0	404453b3	sra	x7,x8,x4	  x8:0xffffacad  x4:0xfffffceb  x7=0xfffffff5
       12195000	      1218	800014b4	01b65f93	srli	x31,x12,0x1b	 x12:0xffffffb0 x31=0x0000001f
       12205000	      1219	800014b8	020e0a63	beq	x28,x0,800014ec	 x28:0xfffffe47  x0:0x00000000
       12215000	      1220	800014bc	01719493	slli	x9,x3,0x17	  x3:0xfffffb82  x9=0xc1000000
       12225000	      1221	800014c0	000ce863	bltu	x25,x0,800014d0	 x25:0xc07c7000  x0:0x00000000
       12235000	      1222	800014c4	190ae493	ori	x9,x21,400	 x21:0x80009f64  x9=0x80009ff4
       12245000	      1223	800014c8	00c096b3	sll	x13,x1,x12	  x1:0xffffffa0 x12:0xffffffb0 x13=0xffa00000
       12255000	      1224	800014cc	40608e33	sub	x28,x1,x6	  x1:0xffffffa0  x6:0xffffffb0 x28=0xfffffff0
       12265000	      1225	800014d0	00000013	addi	x0,x0,0	  x0:0x00000000
       12275000	      1226	800014d4	0480d863	bge	x1,x8,80001524	  x1:0xffffffa0  x8:0xffffacad
       12285000	      1227	00000000	00000013	addi	x0,x0,0	  x0:0x00000000
       12295000	      1228	80001520	00000013	addi	x0,x0,0	  x0:0x00000000
       12305000	      1229	80001524	58dd4313	xori	x6,x26,1421	 x26:0x00000004  x6=0x00000589
       12315000	      1230	80001528	2d832593	slti	x11,x6,728	  x6:0x00000589 x11=0x00000000
       12325000	      1231	8000152c	4197df93	srai	x31,x15,0x19	 x15:0x00000000 x31=0x00000000
       12335000	      1232	80001530	41fb01b3	sub	x3,x22,x31	 x22:0x000007ff x31:0x00000000  x3=0x000007ff
       12345000	      1233	80001534	012e7a63	bgeu	x28,x18,80001548	 x28:0xfffffff0 x18:0x00000001
       12355000	      1234	00000000	00000013	addi	x0,x0,0	  x0:0x00000000
       12365000	      1235	80001544	00000013	addi	x0,x0,0	  x0:0x00000000
       12375000	      1236	80001548	0096fe63	bgeu	x13,x9,80001564	 x13:0xffa00000  x9:0x80009ff4
       12385000	      1237	00000000	00000013	addi	x0,x0,0	  x0:0x00000000
       12395000	      1238	80001560	00000013	addi	x0,x0,0	  x0:0x00000000
       12405000	      1239	80001564	007ecb33	xor	x22,x29,x7	 x29:0x00000000  x7:0xfffffff5 x22=0xfffffff5
       12415000	      1240	80001568	0131a5b3	slt	x11,x3,x19	  x3:0x000007ff x19:0x00000042 x11=0x00000000
       12425000	      1241	8000156c	027af863	bgeu	x21,x7,8000159c	 x21:0x80009f64  x7:0xfffffff5
       12435000	      1242	80001570	01331313	slli	x6,x6,0x13	  x6:0x00000589  x6=0x2c480000
       12445000	      1243	80001574	381e97b7	lui	x15,0x381e9	 x15=0x381e9000
       12455000	      1244	80001578	01c0d133	srl	x2,x1,x28	  x1:0xffffffa0 x28:0xfffffff0  x2=0x0000ffff
       12465000	      1245	8000157c	c23253b7	lui	x7,0xc2325	  x7=0xc2325000
       12475000	      1246	80001580	41c70733	sub	x14,x14,x28	 x14:0x00000000 x28:0xfffffff0 x14=0x00000010
       12485000	      1247	80001584	b0b5ad13	slti	x26,x11,-1269	 x11:0x00000000 x26=0x00000000
       12495000	      1248	80001588	5e5c8a13	addi	x20,x25,1509	 x25:0xc07c7000 x20=0xc07c75e5
       12505000	      1249	8000158c	dcf9dc17	auipc	x24,0xdcf9d	 x24=0x5cf9e588
       12515000	      1250	80001590	0352ee63	bltu	x5,x21,800015cc	  x5:0x80008ae1 x21:0x80009f64
       12525000	      1251	00000000	00000013	addi	x0,x0,0	  x0:0x00000000
       12535000	      1252	800015c8	00000013	addi	x0,x0,0	  x0:0x00000000
       12545000	      1253	800015cc	0285fc13	andi	x24,x11,40	 x11:0x00000000 x24=0x00000000
       12555000	      1254	800015d0	00580a63	beq	x16,x5,800015e4	 x16:0x80009fc4  x5:0x80008ae1
       12565000	      1255	800015d4	017d0533	add	x10,x26,x23	 x26:0x00000000 x23:0x00000669 x10=0x00000669
       12575000	      1256	800015d8	0189af33	slt	x30,x19,x24	 x19:0x00000042 x24:0x00000000 x30=0x00000000
       12585000	      1257	800015dc	d4db7f93	andi	x31,x22,-691	 x22:0xfffffff5 x31=0xfffffd45
       12595000	      1258	800015e0	90392f13	slti	x30,x18,-1789	 x18:0x00000001 x30=0x00000000
       12605000	      1259	800015e4	810b6713	ori	x14,x22,-2032	 x22:0xfffffff5 x14=0xfffffff5
       12615000	      1260	800015e8	01e4da63	bge	x9,x30,800015fc	  x9:0x80009ff4 x30:0x00000000
       12625000	      1261	800015ec	01e70bb3	add	x23,x14,x30	 x14:0xfffffff5 x30:0x00000000 x23=0xfffffff5
       12635000	      1262	800015f0	d20de513	ori	x10,x27,-736	 x27:0xc0004fb2 x10=0xffffffb2
       12645000	      1263	800015f4	1df72b13	slti	x22,x14,479	 x14:0xfffffff5 x22=0x00000001
       12655000	      1264	800015f8	00be89b3	add	x19,x29,x11	 x29:0x00000000 x11:0x00000000 x19=0x00000000
       12665000	      1265	800015fc	01ae60b3	or	x1,x28,x26	 x28:0xfffffff0 x26:0x00000000  x1=0xfffffff0
       12675000	      1266	80001600	00489b93	slli	x23,x17,0x4	 x17:0xf6d40bb1 x23=0x6d40bb10
       12685000	      1267	80001604	03238263	beq	x7,x18,80001628	  x7:0xc2325000 x18:0x00000001
       12695000	      1268	80001608	40e18433	sub	x8,x3,x14	  x3:0x000007ff x14:0xfffffff5  x8=0x0000080a
       12705000	      1269	8000160c	fe6ccd93	xori	x27,x25,-26	 x25:0xc07c7000 x27=0x3f838fe6
       12715000	      1270	80001610	40a5dfb3	sra	x31,x11,x10	 x11:0x00000000 x10:0xffffffb2 x31=0x00000000
       12725000	      1271	80001614	00a8fe33	and	x28,x17,x10	 x17:0xf6d40bb1 x10:0xffffffb2 x28=0xf6d40bb0
       12735000	      1272	80001618	003cafb3	slt	x31,x25,x3	 x25:0xc07c7000  x3:0x000007ff x31=0x00000001
       12745000	      1273	8000161c	03645a63	bge	x8,x22,80001650	  x8:0x0000080a x22:0x00000001
       12755000	      1274	00000000	00000013	addi	x0,x0,0	  x0:0x00000000
       12765000	      1275	8000164c	00000013	addi	x0,x0,0	  x0:0x00000000
       12775000	      1276	80001650	41235633	sra	x12,x6,x18	  x6:0x2c480000 x18:0x00000001 x12=0x16240000
       12785000	      1277	80001654	4162d793	srai	x15,x5,0x16	  x5:0x80008ae1 x15=0xfffffe00
       12795000	      1278	80001658	ac90b797	auipc	x15,0xac90b	 x15=0x2c90c654
       12805000	      1279	8000165c	e62d6a13	ori	x20,x26,-414	 x26:0x00000000 x20=0xfffffe62
       12815000	      1280	80001660	41f8df13	srai	x30,x17,0x1f	 x17:0xf6d40bb1 x30=0xffffffff
       12825000	      1281	80001664	77005f17	auipc	x30,0x77005	 x30=0xf7006660
       12835000	      1282	80001668	042dd863	bge	x27,x2,800016b8	 x27:0x3f838fe6  x2:0x0000ffff
       12845000	      1283	00000000	00000013	addi	x0,x0,0	  x0:0x00000000
       12855000	      1284	800016b4	00000013	addi	x0,x0,0	  x0:0x00000000
       12865000	      1285	800016b8	0080db13	srli	x22,x1,0x8	  x1:0xfffffff0 x22=0x00ffffff
       12875000	      1286	800016bc	04bad263	bge	x21,x11,80001700	 x21:0x80009f64 x11:0x00000000
       12885000	      1287	800016c0	03330663	beq	x6,x19,800016ec	  x6:0x2c480000 x19:0x00000000
       12895000	      1288	800016c4	00000013	addi	x0,x0,0	  x0:0x00000000
       12905000	      1289	800016c8	02678663	beq	x15,x6,800016f4	 x15:0x2c90c654  x6:0x2c480000
       12915000	      1290	800016cc	6e527693	andi	x13,x4,1765	  x4:0xfffffceb x13=0x000004e1
       12925000	      1291	800016d0	20a2cf93	xori	x31,x5,522	  x5:0x80008ae1 x31=0x800088eb
       12935000	      1292	800016d4	ca38ce13	xori	x28,x17,-861	 x17:0xf6d40bb1 x28=0x092bf712
       12945000	      1293	800016d8	021e6e63	bltu	x28,x1,80001714	 x28:0x092bf712  x1:0xfffffff0
       12955000	      1294	00000000	00000013	addi	x0,x0,0	  x0:0x00000000
       12965000	      1295	80001710	00000013	addi	x0,x0,0	  x0:0x00000000
       12975000	      1296	80001714	0197c863	blt	x15,x25,80001724	 x15:0x2c90c654 x25:0xc07c7000
       12985000	      1297	80001718	4b67e137	lui	x2,0x4b67e	  x2=0x4b67e000
       12995000	      1298	8000171c	00975333	srl	x6,x14,x9	 x14:0xfffffff5  x9:0x80009ff4  x6=0x00000fff
       13005000	      1299	80001720	9bbb5297	auipc	x5,0x9bbb5	  x5=0x1bbb671c
       13015000	      1300	80001724	05640863	beq	x8,x22,80001774	  x8:0x0000080a x22:0x00ffffff
       13025000	      1301	80001728	02b5da63	bge	x11,x11,8000175c	 x11:0x00000000 x11:0x00000000
       13035000	      1302	00000000	00000013	addi	x0,x0,0	  x0:0x00000000
       13045000	      1303	80001758	00000013	addi	x0,x0,0	  x0:0x00000000
       13055000	      1304	8000175c	e4d48913	addi	x18,x9,-435	  x9:0x80009ff4 x18=0x80009e41
       13065000	      1305	80001760	02a1d863	bge	x3,x10,80001790	  x3:0x000007ff x10:0xffffffb2
       13075000	      1306	00000000	00000013	addi	x0,x0,0	  x0:0x00000000
       13085000	      1307	8000178c	00000013	addi	x0,x0,0	  x0:0x00000000
       13095000	      1308	80001790	01adb633	sltu	x12,x27,x26	 x27:0x3f838fe6 x26:0x00000000 x12=0x00000000
       13105000	      1309	80001794	000c8e63	beq	x25,x0,800017b0	 x25:0xc07c7000  x0:0x00000000
       13115000	      1310	80001798	032a6263	bltu	x20,x18,800017bc	 x20:0xfffffe62 x18:0x80009e41
       13125000	      1311	8000179c	013d79b3	and	x19,x26,x19	 x26:0x00000000 x19:0x00000000 x19=0x00000000
       13135000	      1312	800017a0	6d5e6193	ori	x3,x28,1749	 x28:0x092bf712  x3=0x092bf7d7
       13145000	      1313	800017a4	00daf5b3	and	x11,x21,x13	 x21:0x80009f64 x13:0x000004e1 x11=0x00000460
       13155000	      1314	800017a8	00702fb3	slt	x31,x0,x7	  x0:0x00000000  x7:0xc2325000 x31=0x00000000
       13165000	      1315	800017ac	002be233	or	x4,x23,x2	 x23:0x6d40bb10  x2:0x4b67e000  x4=0x6f67fb10
       13175000	      1316	800017b0	01e99c33	sll	x24,x19,x30	 x19:0x00000000 x30:0xf7006660 x24=0x00000000
       13185000	      1317	800017b4	02455a63	bge	x10,x4,800017e8	 x10:0xffffffb2  x4:0x6f67fb10
       13195000	      1318	800017b8	dada2f93	slti	x31,x20,-595	 x20:0xfffffe62 x31=0x00000000
       13205000	      1319	800017bc	00915a63	bge	x2,x9,800017d0	  x2:0x4b67e000  x9:0x80009ff4
       13215000	      1320	00000000	00000013	addi	x0,x0,0	  x0:0x00000000
       13225000	      1321	800017cc	00000013	addi	x0,x0,0	  x0:0x00000000
       13235000	      1322	800017d0	0119de63	bge	x19,x17,800017ec	 x19:0x00000000 x17:0xf6d40bb1
       13245000	      1323	00000000	00000013	addi	x0,x0,0	  x0:0x00000000
       13255000	      1324	800017e8	00000013	addi	x0,x0,0	  x0:0x00000000
       13265000	      1325	800017ec	000fdf93	srli	x31,x31,0x0	 x31:0x00000000 x31=0x00000000
       13275000	      1326	800017f0	418d8433	sub	x8,x27,x24	 x27:0x3f838fe6 x24:0x00000000  x8=0x3f838fe6
       13285000	      1327	800017f4	88d17513	andi	x10,x2,-1907	  x2:0x4b67e000 x10=0x4b67e000
       13295000	      1328	800017f8	0140f433	and	x8,x1,x20	  x1:0xfffffff0 x20:0xfffffe62  x8=0xfffffe60
       13305000	      1329	800017fc	f69f6693	ori	x13,x30,-151	 x30:0xf7006660 x13=0xffffff69
       13315000	      1330	80001800	278b8fb7	lui	x31,0x278b8	 x31=0x278b8000
       13325000	      1331	80001804	011d87b3	add	x15,x27,x17	 x27:0x3f838fe6 x17:0xf6d40bb1 x15=0x36579b97
       13335000	      1332	80001808	99caf337	lui	x6,0x99caf	  x6=0x99caf000
       13345000	      1333	8000180c	0001b0b3	sltu	x1,x3,x0	  x3:0x092bf7d7  x0:0x00000000  x1=0x00000000
       13355000	      1334	80001810	01ce0a33	add	x20,x28,x28	 x28:0x092bf712 x28:0x092bf712 x20=0x1257ee24
       13365000	      1335	80001814	004866b3	or	x13,x16,x4	 x16:0x80009fc4  x4:0x6f67fb10 x13=0xef67ffd4
       13375000	      1336	80001818	01525133	srl	x2,x4,x21	  x4:0x6f67fb10 x21:0x80009f64  x2=0x06f67fb1
       13385000	      1337	8000181c	02446263	bltu	x8,x4,80001840	  x8:0xfffffe60  x4:0x6f67fb10
       13395000	      1338	80001820	004f92b3	sll	x5,x31,x4	 x31:0x278b8000  x4:0x6f67fb10  x5=0x80000000
       13405000	      1339	80001824	403cd693	srai	x13,x25,0x3	 x25:0xc07c7000 x13=0xf80f8e00
       13415000	      1340	80001828	01235c13	srli	x24,x6,0x12	  x6:0x99caf000 x24=0x00002672
       13425000	      1341	8000182c	0093a433	slt	x8,x7,x9	  x7:0xc2325000  x9:0x80009ff4  x8=0x00000000
       13435000	      1342	80001830	00131f93	slli	x31,x6,0x1	  x6:0x99caf000 x31=0x3395e000
       13445000	      1343	80001834	99b10193	addi	x3,x2,-1637	  x2:0x06f67fb1  x3=0x06f6794c
       13455000	      1344	80001838	01ea7433	and	x8,x20,x30	 x20:0x1257ee24 x30:0xf7006660  x8=0x12006620
       13465000	      1345	8000183c	02abf263	bgeu	x23,x10,80001860	 x23:0x6d40bb10 x10:0x4b67e000
       13475000	      1346	00000000	00000013	addi	x0,x0,0	  x0:0x00000000
       13485000	      1347	8000185c	00000013	addi	x0,x0,0	  x0:0x00000000
       13495000	      1348	80001860	ccecc093	xori	x1,x25,-818	 x25:0xc07c7000  x1=0x3f838cce
       13505000	      1349	80001864	000206b3	add	x13,x4,x0	  x4:0x6f67fb10  x0:0x00000000 x13=0x6f67fb10
       13515000	      1350	80001868	00cc7533	and	x10,x24,x12	 x24:0x00002672 x12:0x00000000 x10=0x00000000
       13525000	      1351	8000186c	410b8b33	sub	x22,x23,x16	 x23:0x6d40bb10 x16:0x80009fc4 x22=0xed401b4c
       13535000	      1352	80001870	00d30a63	beq	x6,x13,80001884	  x6:0x99caf000 x13:0x6f67fb10
       13545000	      1353	80001874	417c5c93	srai	x25,x24,0x17	 x24:0x00002672 x25=0x00000000
       13555000	      1354	80001878	010f2d33	slt	x26,x30,x16	 x30:0xf7006660 x16:0x80009fc4 x26=0x00000000
       13565000	      1355	8000187c	002380b3	add	x1,x7,x2	  x7:0xc2325000  x2:0x06f67fb1  x1=0xc928cfb1
       13575000	      1356	80001880	05d18063	beq	x3,x29,800018c0	  x3:0x06f6794c x29:0x00000000
       13585000	      1357	80001884	38af4313	xori	x6,x30,906	 x30:0xf7006660  x6=0xf70065ea
       13595000	      1358	80001888	01c01113	slli	x2,x0,0x1c	  x0:0x00000000  x2=0x00000000
       13605000	      1359	8000188c	88356093	ori	x1,x10,-1917	 x10:0x00000000  x1=0xfffff883
       13615000	      1360	80001890	0040fd33	and	x26,x1,x4	  x1:0xfffff883  x4:0x6f67fb10 x26=0x6f67f800
       13625000	      1361	80001894	7041bb93	sltiu	x23,x3,1796	  x3:0x06f6794c x23=0x00000000
       13635000	      1362	80001898	008a4033	xor	x0,x20,x8	 x20:0x1257ee24  x8:0x12006620
       13645000	      1363	8000189c	012ef0b3	and	x1,x29,x18	 x29:0x00000000 x18:0x80009e41  x1=0x00000000
       13655000	      1364	800018a0	40aad613	srai	x12,x21,0xa	 x21:0x80009f64 x12=0xffe00027
       13665000	      1365	800018a4	00fbed33	or	x26,x23,x15	 x23:0x00000000 x15:0x36579b97 x26=0x36579b97
       13675000	      1366	800018a8	004cfc63	bgeu	x25,x4,800018c0	 x25:0x00000000  x4:0x6f67fb10
       13685000	      1367	800018ac	ca955f17	auipc	x30,0xca955	 x30=0x4a9568a8
       13695000	      1368	800018b0	023b8e63	beq	x23,x3,800018ec	 x23:0x00000000  x3:0x06f6794c
       13705000	      1369	800018b4	0156d393	srli	x7,x13,0x15	 x13:0x6f67fb10  x7=0x0000037b
       13715000	      1370	800018b8	4037d2b3	sra	x5,x15,x3	 x15:0x36579b97  x3:0x06f6794c  x5=0x00036579
       13725000	      1371	800018bc	00000013	addi	x0,x0,0	  x0:0x00000000
       13735000	      1372	800018c0	5412b193	sltiu	x3,x5,1345	  x5:0x00036579  x3=0x00000000
       13745000	      1373	800018c4	00949233	sll	x4,x9,x9	  x9:0x80009ff4  x9:0x80009ff4  x4=0xff400000
       13755000	      1374	800018c8	d6528193	addi	x3,x5,-667	  x5:0x00036579  x3=0x000362de
       13765000	      1375	800018cc	016d0863	beq	x26,x22,800018dc	 x26:0x36579b97 x22:0xed401b4c
       13775000	      1376	800018d0	8681f193	andi	x3,x3,-1944	  x3:0x000362de  x3=0x00036048
       13785000	      1377	800018d4	0419e863	bltu	x19,x1,80001924	 x19:0x00000000  x1:0x00000000
       13795000	      1378	800018d8	00000013	addi	x0,x0,0	  x0:0x00000000
       13805000	      1379	800018dc	de338d97	auipc	x27,0xde338	 x27=0x5e3398d8
       13815000	      1380	800018e0	008fbdb3	sltu	x27,x31,x8	 x31:0x3395e000  x8:0x12006620 x27=0x00000000
       13825000	      1381	800018e4	001469b3	or	x19,x8,x1	  x8:0x12006620  x1:0x00000000 x19=0x12006620
       13835000	      1382	800018e8	9629ad13	slti	x26,x19,-1694	 x19:0x12006620 x26=0x00000000
       13845000	      1383	800018ec	60a40013	addi	x0,x8,1546	  x8:0x12006620
       13855000	      1384	800018f0	7c4d61b7	lui	x3,0x7c4d6	  x3=0x7c4d6000
       13865000	      1385	800018f4	00000013	addi	x0,x0,0	  x0:0x00000000
       13875000	      1386	800018f8	007ec233	xor	x4,x29,x7	 x29:0x00000000  x7:0x0000037b  x4=0x0000037b
       13885000	      1387	800018fc	40d60eb3	sub	x29,x12,x13	 x12:0xffe00027 x13:0x6f67fb10 x29=0x90780517
       13895000	      1388	80001900	00e14433	xor	x8,x2,x14	  x2:0x00000000 x14:0xfffffff5  x8=0xfffffff5
       13905000	      1389	80001904	cdca4437	lui	x8,0xcdca4	  x8=0xcdca4000
       13915000	      1390	80001908	02b1e863	bltu	x3,x11,80001938	  x3:0x7c4d6000 x11:0x00000460
       13925000	      1391	8000190c	01c19133	sll	x2,x3,x28	  x3:0x7c4d6000 x28:0x092bf712  x2=0x80000000
       13935000	      1392	80001910	3633a793	slti	x15,x7,867	  x7:0x0000037b x15=0x00000000
       13945000	      1393	80001914	03047a63	bgeu	x8,x16,80001948	  x8:0xcdca4000 x16:0x80009fc4
       13955000	      1394	00000000	00000013	addi	x0,x0,0	  x0:0x00000000
       13965000	      1395	80001944	00000013	addi	x0,x0,0	  x0:0x00000000
       13975000	      1396	80001948	0087fe63	bgeu	x15,x8,80001964	 x15:0x00000000  x8:0xcdca4000
       13985000	      1397	8000194c	012dcf33	xor	x30,x27,x18	 x27:0x00000000 x18:0x80009e41 x30=0x80009e41
       13995000	      1398	80001950	be91f613	andi	x12,x3,-1047	  x3:0x7c4d6000 x12=0x7c4d6000
       14005000	      1399	80001954	40105133	sra	x2,x0,x1	  x0:0x00000000  x1:0x00000000  x2=0x00000000
       14015000	      1400	80001958	05aad063	bge	x21,x26,80001998	 x21:0x80009f64 x26:0x00000000
       14025000	      1401	8000195c	010fd333	srl	x6,x31,x16	 x31:0x3395e000 x16:0x80009fc4  x6=0x03395e00
       14035000	      1402	80001960	f984b093	sltiu	x1,x9,-104	  x9:0x80009ff4  x1=0x00000001
       14045000	      1403	80001964	00ae1393	slli	x7,x28,0xa	 x28:0x092bf712  x7=0xafdc4800
       14055000	      1404	80001968	d85ea013	slti	x0,x29,-635	 x29:0x90780517
       14065000	      1405	8000196c	01a96c33	or	x24,x18,x26	 x18:0x80009e41 x26:0x00000000 x24=0x80009e41
       14075000	      1406	80001970	00829eb3	sll	x29,x5,x8	  x5:0x00036579  x8:0xcdca4000 x29=0x00036579
       14085000	      1407	80001974	00000013	addi	x0,x0,0	  x0:0x00000000
       14095000	      1408	80001978	01ea9863	bne	x21,x30,80001988	 x21:0x80009f64 x30:0x80009e41
       14105000	      1409	00000000	00000013	addi	x0,x0,0	  x0:0x00000000
       14115000	      1410	80001984	00000013	addi	x0,x0,0	  x0:0x00000000
       14125000	      1411	80001988	40c54213	xori	x4,x10,1036	 x10:0x00000000  x4=0x0000040c
       14135000	      1412	8000198c	014387b3	add	x15,x7,x20	  x7:0xafdc4800 x20:0x1257ee24 x15=0xc2343624
       14145000	      1413	80001990	01fe5933	srl	x18,x28,x31	 x28:0x092bf712 x31:0x3395e000 x18=0x092bf712
       14155000	      1414	80001994	6f60fc13	andi	x24,x1,1782	  x1:0x00000001 x24=0x00000000
       14165000	      1415	80001998	00aa6a63	bltu	x20,x10,800019ac	 x20:0x1257ee24 x10:0x00000000
       14175000	      1416	8000199c	d8f88b93	addi	x23,x17,-625	 x17:0xf6d40bb1 x23=0xf6d40940
       14185000	      1417	800019a0	01ac6433	or	x8,x24,x26	 x24:0x00000000 x26:0x00000000  x8=0x00000000
       14195000	      1418	800019a4	8dc03113	sltiu	x2,x0,-1828	  x0:0x00000000  x2=0x00000001
       14205000	      1419	800019a8	47f14637	lui	x12,0x47f14	 x12=0x47f14000
       14215000	      1420	800019ac	01f097b3	sll	x15,x1,x31	  x1:0x00000001 x31:0x3395e000 x15=0x00000001
       14225000	      1421	800019b0	0045fa63	bgeu	x11,x4,800019c4	 x11:0x00000460  x4:0x0000040c
       14235000	      1422	00000000	00000013	addi	x0,x0,0	  x0:0x00000000
       14245000	      1423	800019c0	00000013	addi	x0,x0,0	  x0:0x00000000
       14255000	      1424	800019c4	a1060013	addi	x0,x12,-1520	 x12:0x47f14000
       14265000	      1425	800019c8	001167b3	or	x15,x2,x1	  x2:0x00000001  x1:0x00000001 x15=0x00000001
       14275000	      1426	800019cc	ce80f593	andi	x11,x1,-792	  x1:0x00000001 x11=0x00000000
       14285000	      1427	800019d0	0501f463	bgeu	x3,x16,80001a18	  x3:0x7c4d6000 x16:0x80009fc4
       14295000	      1428	800019d4	01decd33	xor	x26,x29,x29	 x29:0x00036579 x29:0x00036579 x26=0x00000000
       14305000	      1429	800019d8	01e4de63	bge	x9,x30,800019f4	  x9:0x80009ff4 x30:0x80009e41
       14315000	      1430	00000000	00000013	addi	x0,x0,0	  x0:0x00000000
       14325000	      1431	800019f0	00000013	addi	x0,x0,0	  x0:0x00000000
       14335000	      1432	800019f4	00337733	and	x14,x6,x3	  x6:0x03395e00  x3:0x7c4d6000 x14=0x00094000
       14345000	      1433	800019f8	7e11be13	sltiu	x28,x3,2017	  x3:0x7c4d6000 x28=0x00000000
       14355000	      1434	800019fc	02574263	blt	x14,x5,80001a20	 x14:0x00094000  x5:0x00036579
       14365000	      1435	80001a00	018ce5b3	or	x11,x25,x24	 x25:0x00000000 x24:0x00000000 x11=0x00000000
       14375000	      1436	80001a04	022b6263	bltu	x22,x2,80001a28	 x22:0xed401b4c  x2:0x00000001
       14385000	      1437	80001a08	014cf263	bgeu	x25,x20,80001a0c	 x25:0x00000000 x20:0x1257ee24
       14395000	      1438	80001a0c	03d78a63	beq	x15,x29,80001a40	 x15:0x00000001 x29:0x00036579
       14405000	      1439	80001a10	00fe5493	srli	x9,x28,0xf	 x28:0x00000000  x9=0x00000000
       14415000	      1440	80001a14	01d04a63	blt	x0,x29,80001a28	  x0:0x00000000 x29:0x00036579
       14425000	      1441	00000000	00000013	addi	x0,x0,0	  x0:0x00000000
       14435000	      1442	80001a24	00000013	addi	x0,x0,0	  x0:0x00000000
       14445000	      1443	80001a28	0136a233	slt	x4,x13,x19	 x13:0x6f67fb10 x19:0x12006620  x4=0x00000000
       14455000	      1444	80001a2c	00000013	addi	x0,x0,0	  x0:0x00000000
       14465000	      1445	80001a30	406c8233	sub	x4,x25,x6	 x25:0x00000000  x6:0x03395e00  x4=0xfcc6a200
       14475000	      1446	80001a34	21c6f293	andi	x5,x13,540	 x13:0x6f67fb10  x5=0x00000210
       14485000	      1447	80001a38	84190493	addi	x9,x18,-1983	 x18:0x092bf712  x9=0x092bef53
       14495000	      1448	80001a3c	02c3e863	bltu	x7,x12,80001a6c	  x7:0xafdc4800 x12:0x47f14000
       14505000	      1449	80001a40	011a25b3	slt	x11,x20,x17	 x20:0x1257ee24 x17:0xf6d40bb1 x11=0x00000000
       14515000	      1450	80001a44	4125d2b3	sra	x5,x11,x18	 x11:0x00000000 x18:0x092bf712  x5=0x00000000
       14525000	      1451	80001a48	4dfc9117	auipc	x2,0x4dfc9	  x2=0xcdfcaa44
       14535000	      1452	80001a4c	0110dd33	srl	x26,x1,x17	  x1:0x00000001 x17:0xf6d40bb1 x26=0x00000000
       14545000	      1453	80001a50	00000013	addi	x0,x0,0	  x0:0x00000000
       14555000	      1454	80001a54	5b5ca193	slti	x3,x25,1461	 x25:0x00000000  x3=0x00000001
       14565000	      1455	80001a58	05a6e863	bltu	x13,x26,80001aa8	 x13:0x6f67fb10 x26:0x00000000
       14575000	      1456	80001a5c	2aa37693	andi	x13,x6,682	  x6:0x03395e00 x13=0x00000200
       14585000	      1457	80001a60	003ecc63	blt	x29,x3,80001a78	 x29:0x00036579  x3:0x00000001
       14595000	      1458	80001a64	8a0d1297	auipc	x5,0x8a0d1	  x5=0x0a0d2a60
       14605000	      1459	80001a68	01d12fb3	slt	x31,x2,x29	  x2:0xcdfcaa44 x29:0x00036579 x31=0x00000001
       14615000	      1460	80001a6c	0283da63	bge	x7,x8,80001aa0	  x7:0xafdc4800  x8:0x00000000
       14625000	      1461	80001a70	001c8d33	add	x26,x25,x1	 x25:0x00000000  x1:0x00000001 x26=0x00000001
       14635000	      1462	80001a74	c93db613	sltiu	x12,x27,-877	 x27:0x00000000 x12=0x00000001
       14645000	      1463	80001a78	00000013	addi	x0,x0,0	  x0:0x00000000
       14655000	      1464	80001a7c	00bf1093	slli	x1,x30,0xb	 x30:0x80009e41  x1=0x04f20800
       14665000	      1465	80001a80	022bca63	blt	x23,x2,80001ab4	 x23:0xf6d40940  x2:0xcdfcaa44
       14675000	      1466	80001a84	74884913	xori	x18,x16,1864	 x16:0x80009fc4 x18=0x8000988c
       14685000	      1467	80001a88	009ead33	slt	x26,x29,x9	 x29:0x00036579  x9:0x092bef53 x26=0x00000001
       14695000	      1468	80001a8c	41f8d6b3	sra	x13,x17,x31	 x17:0xf6d40bb1 x31:0x00000001 x13=0xfb6a05d8
       14705000	      1469	80001a90	b2488997	auipc	x19,0xb2488	 x19=0x32489a8c
       14715000	      1470	80001a94	00828863	beq	x5,x8,80001aa4	  x5:0x0a0d2a60  x8:0x00000000
       14725000	      1471	80001a98	e6684113	xori	x2,x16,-410	 x16:0x80009fc4  x2=0x7fff61a2
       14735000	      1472	80001a9c	01e683b3	add	x7,x13,x30	 x13:0xfb6a05d8 x30:0x80009e41  x7=0x7b6aa419
       14745000	      1473	80001aa0	e818f617	auipc	x12,0xe818f	 x12=0x68190a9c
       14755000	      1474	80001aa4	009c1a33	sll	x20,x24,x9	 x24:0x00000000  x9:0x092bef53 x20=0x00000000
       14765000	      1475	80001aa8	00ec9a63	bne	x25,x14,80001abc	 x25:0x00000000 x14:0x00094000
       14775000	      1476	00000000	00000013	addi	x0,x0,0	  x0:0x00000000
       14785000	      1477	80001ab8	00000013	addi	x0,x0,0	  x0:0x00000000
       14795000	      1478	80001abc	9e560113	addi	x2,x12,-1563	 x12:0x68190a9c  x2=0x68190481
       14805000	      1479	80001ac0	01f8d713	srli	x14,x17,0x1f	 x17:0xf6d40bb1 x14=0x00000001
       14815000	      1480	80001ac4	41ef0433	sub	x8,x30,x30	 x30:0x80009e41 x30:0x80009e41  x8=0x00000000
       14825000	      1481	80001ac8	58f46637	lui	x12,0x58f46	 x12=0x58f46000
       14835000	      1482	80001acc	5d143b97	auipc	x23,0x5d143	 x23=0xdd144ac8
       14845000	      1483	80001ad0	017c22b3	slt	x5,x24,x23	 x24:0x00000000 x23:0xdd144ac8  x5=0x00000000
       14855000	      1484	80001ad4	05b1c663	blt	x3,x27,80001b20	  x3:0x00000001 x27:0x00000000
       14865000	      1485	80001ad8	b2dae693	ori	x13,x21,-1235	 x21:0x80009f64 x13=0xffffff6d
       14875000	      1486	80001adc	406bd1b3	sra	x3,x23,x6	 x23:0xdd144ac8  x6:0x03395e00  x3=0xdd144ac8
       14885000	      1487	80001ae0	01e6d633	srl	x12,x13,x30	 x13:0xffffff6d x30:0x80009e41 x12=0x7fffffb6
       14895000	      1488	80001ae4	008b5533	srl	x10,x22,x8	 x22:0xed401b4c  x8:0x00000000 x10=0xed401b4c
       14905000	      1489	80001ae8	016bb2b3	sltu	x5,x23,x22	 x23:0xdd144ac8 x22:0xed401b4c  x5=0x00000001
       14915000	      1490	80001aec	01ec71b3	and	x3,x24,x30	 x24:0x00000000 x30:0x80009e41  x3=0x00000000
       14925000	      1491	80001af0	003adc93	srli	x25,x21,0x3	 x21:0x80009f64 x25=0x100013ec
       14935000	      1492	80001af4	01cc5e33	srl	x28,x24,x28	 x24:0x00000000 x28:0x00000000 x28=0x00000000
       14945000	      1493	80001af8	00434133	xor	x2,x6,x4	  x6:0x03395e00  x4:0xfcc6a200  x2=0xfffffc00
       14955000	      1494	80001afc	40c80733	sub	x14,x16,x12	 x16:0x80009fc4 x12:0x7fffffb6 x14=0x0000a00e
       14965000	      1495	80001b00	408d5fb3	sra	x31,x26,x8	 x26:0x00000001  x8:0x00000000 x31=0x00000001
       14975000	      1496	80001b04	011b5f93	srli	x31,x22,0x11	 x22:0xed401b4c x31=0x000076a0
       14985000	      1497	80001b08	416cdf33	sra	x30,x25,x22	 x25:0x100013ec x22:0xed401b4c x30=0x00010001
       14995000	      1498	80001b0c	4040016f	jal	x2,80001b0c	  x2=0x80001b0c
       15005000	      1499	00000000	00000013	addi	x0,x0,0	  x0:0x00000000
       15015000	      1500	80001f0c	00000013	addi	x0,x0,0	  x0:0x00000000
       15025000	      1501	80001f10	01f9d463	bge	x19,x31,80001f18	 x19:0x32489a8c x31:0x000076a0
       15035000	      1502	00000000	00000013	addi	x0,x0,0	  x0:0x00000000
       15045000	      1503	80001f14	00000013	addi	x0,x0,0	  x0:0x00000000
       15055000	      1504	80001f18	fd0a8a93	addi	x21,x21,-48	 x21:0x80009f64 x21=0x80009f34
       15065000	      1505	80001f1c	018a30b3	sltu	x1,x20,x24	 x20:0x00000000 x24:0x00000000  x1=0x00000000
       15075000	      1506	80001f20	00de07b3	add	x15,x28,x13	 x28:0x00000000 x13:0xffffff6d x15=0xffffff6d
       15085000	      1507	80001f24	41935e33	sra	x28,x6,x25	  x6:0x03395e00 x25:0x100013ec x28=0x00003395
       15095000	      1508	80001f28	0f7ba313	slti	x6,x23,247	 x23:0xdd144ac8  x6=0x00000001
       15105000	      1509	80001f2c	002aa223	sw	x2,4(x21)	 x21:0x80009f34  x2:0x80001b0c PA:0x80009f38
       15115000	      1510	80001f30	018850b3	srl	x1,x16,x24	 x16:0x80009fc4 x24:0x00000000  x1=0x80009fc4
       15125000	      1511	80001f34	40e50233	sub	x4,x10,x14	 x10:0xed401b4c x14:0x0000a00e  x4=0xed3f7b3e
       15135000	      1512	80001f38	019885b3	add	x11,x17,x25	 x17:0xf6d40bb1 x25:0x100013ec x11=0x06d41f9d
       15145000	      1513	80001f3c	008253b3	srl	x7,x4,x8	  x4:0xed3f7b3e  x8:0x00000000  x7=0xed3f7b3e
       15155000	      1514	80001f40	01681e63	bne	x16,x22,80001f5c	 x16:0x80009fc4 x22:0xed401b4c
       15165000	      1515	00000000	00000013	addi	x0,x0,0	  x0:0x00000000
       15175000	      1516	80001f58	00000013	addi	x0,x0,0	  x0:0x00000000
       15185000	      1517	80001f5c	02f1f063	bgeu	x3,x15,80001f7c	  x3:0x00000000 x15:0xffffff6d
       15195000	      1518	80001f60	00a4da33	srl	x20,x9,x10	  x9:0x092bef53 x10:0xed401b4c x20=0x000092be
       15205000	      1519	80001f64	00000013	addi	x0,x0,0	  x0:0x00000000
       15215000	      1520	80001f68	25e18793	addi	x15,x3,606	  x3:0x00000000 x15=0x0000025e
       15225000	      1521	80001f6c	02524863	blt	x4,x5,80001f9c	  x4:0xed3f7b3e  x5:0x00000001
       15235000	      1522	00000000	00000013	addi	x0,x0,0	  x0:0x00000000
       15245000	      1523	80001f98	00000013	addi	x0,x0,0	  x0:0x00000000
       15255000	      1524	80001f9c	40c60e33	sub	x28,x12,x12	 x12:0x7fffffb6 x12:0x7fffffb6 x28=0x00000000
       15265000	      1525	80001fa0	4bd4d617	auipc	x12,0x4bd4d	 x12=0xcbd4ef9c
       15275000	      1526	80001fa4	00bc50b3	srl	x1,x24,x11	 x24:0x00000000 x11:0x06d41f9d  x1=0x00000000
       15285000	      1527	80001fa8	018be933	or	x18,x23,x24	 x23:0xdd144ac8 x24:0x00000000 x18=0xdd144ac8
       15295000	      1528	80001fac	0105e9b3	or	x19,x11,x16	 x11:0x06d41f9d x16:0x80009fc4 x19=0x86d49fdd
       15305000	      1529	80001fb0	03177263	bgeu	x14,x17,80001fd4	 x14:0x0000a00e x17:0xf6d40bb1
       15315000	      1530	80001fb4	01ad0433	add	x8,x26,x26	 x26:0x00000001 x26:0x00000001  x8=0x00000002
       15325000	      1531	80001fb8	55615c37	lui	x24,0x55615	 x24=0x55615000
       15335000	      1532	80001fbc	01ab1e63	bne	x22,x26,80001fd8	 x22:0xed401b4c x26:0x00000001
       15345000	      1533	00000000	00000013	addi	x0,x0,0	  x0:0x00000000
       15355000	      1534	80001fd4	00000013	addi	x0,x0,0	  x0:0x00000000
       15365000	      1535	80001fd8	00e08233	add	x4,x1,x14	  x1:0x00000000 x14:0x0000a00e  x4=0x0000a00e
       15375000	      1536	80001fdc	01309e33	sll	x28,x1,x19	  x1:0x00000000 x19:0x86d49fdd x28=0x00000000
       15385000	      1537	80001fe0	004aa103	lw	x2,4(x21)	 x21:0x80009f34  x2=0x80001b0c PA:0x80009f38
       15395000	      1538	80001fe4	977c2013	slti	x0,x24,-1673	 x24:0x55615000
       15405000	      1539	80001fe8	982c8913	addi	x18,x25,-1662	 x25:0x100013ec x18=0x10000d6e
       15415000	      1540	80001fec	030a8a93	addi	x21,x21,48	 x21:0x80009f34 x21=0x80009f64
       15425000	      1541	80001ff0	00000013	addi	x0,x0,0	  x0:0x00000000
       15435000	      1542	80001ff4	00010493	addi	x9,x2,0	  x2:0x80001b0c  x9=0x80001b0c
       15445000	      1543	80001ff8	000484e7	jalr	x9,x9,0	  x9:0x80001b0c  x9=0x80001ff8
       15455000	      1544	00000000	00000013	addi	x0,x0,0	  x0:0x00000000
       15465000	      1545	80001b0c	00000013	addi	x0,x0,0	  x0:0x00000000
       15475000	      1546	80001b10	d7c60f93	addi	x31,x12,-644	 x12:0xcbd4ef9c x31=0xcbd4ed18
       15485000	      1547	80001b14	83b97397	auipc	x7,0x83b97	  x7=0x03b98b10
       15495000	      1548	80001b18	03138a63	beq	x7,x17,80001b4c	  x7:0x03b98b10 x17:0xf6d40bb1
       15505000	      1549	80001b1c	e11c9197	auipc	x3,0xe11c9	  x3=0x611cab18
       15515000	      1550	80001b20	003a9cb3	sll	x25,x21,x3	 x21:0x80009f64  x3:0x611cab18 x25=0x64000000
       15525000	      1551	80001b24	04e1d263	bge	x3,x14,80001b68	  x3:0x611cab18 x14:0x0000a00e
       15535000	      1552	00000000	00000013	addi	x0,x0,0	  x0:0x00000000
       15545000	      1553	80001b64	00000013	addi	x0,x0,0	  x0:0x00000000
       15555000	      1554	80001b68	03654a63	blt	x10,x22,80001b9c	 x10:0xed401b4c x22:0xed401b4c
       15565000	      1555	80001b6c	00934933	xor	x18,x6,x9	  x6:0x00000001  x9:0x80001ff8 x18=0x80001ff9
       15575000	      1556	80001b70	9fb02c93	slti	x25,x0,-1541	  x0:0x00000000 x25=0x00000000
       15585000	      1557	80001b74	40b28bb3	sub	x23,x5,x11	  x5:0x00000001 x11:0x06d41f9d x23=0xf92be064
       15595000	      1558	80001b78	00a2b7b3	sltu	x15,x5,x10	  x5:0x00000001 x10:0xed401b4c x15=0x00000001
       15605000	      1559	80001b7c	15531c17	auipc	x24,0x15531	 x24=0x95532b78
       15615000	      1560	80001b80	01d55db3	srl	x27,x10,x29	 x10:0xed401b4c x29:0x00036579 x27=0x00000076
       15625000	      1561	80001b84	4150d7b3	sra	x15,x1,x21	  x1:0x00000000 x21:0x80009f64 x15=0x00000000
       15635000	      1562	80001b88	41b95c33	sra	x24,x18,x27	 x18:0x80001ff9 x27:0x00000076 x24=0xfffffe00
       15645000	      1563	80001b8c	00000013	addi	x0,x0,0	  x0:0x00000000
       15655000	      1564	80001b90	01611613	slli	x12,x2,0x16	  x2:0x80001b0c x12=0xc3000000
       15665000	      1565	80001b94	01713bb3	sltu	x23,x2,x23	  x2:0x80001b0c x23:0xf92be064 x23=0x00000001
       15675000	      1566	80001b98	00000013	addi	x0,x0,0	  x0:0x00000000
       15685000	      1567	80001b9c	009ad863	bge	x21,x9,80001bac	 x21:0x80009f64  x9:0x80001ff8
       15695000	      1568	00000000	00000013	addi	x0,x0,0	  x0:0x00000000
       15705000	      1569	80001ba8	00000013	addi	x0,x0,0	  x0:0x00000000
       15715000	      1570	80001bac	01c65633	srl	x12,x12,x28	 x12:0xc3000000 x28:0x00000000 x12=0xc3000000
       15725000	      1571	80001bb0	006b7533	and	x10,x22,x6	 x22:0xed401b4c  x6:0x00000001 x10=0x00000000
       15735000	      1572	80001bb4	00765533	srl	x10,x12,x7	 x12:0xc3000000  x7:0x03b98b10 x10=0x0000c300
       15745000	      1573	80001bb8	010da7b3	slt	x15,x27,x16	 x27:0x00000076 x16:0x80009fc4 x15=0x00000000
       15755000	      1574	80001bbc	e86e7693	andi	x13,x28,-378	 x28:0x00000000 x13=0x00000000
       15765000	      1575	80001bc0	00b65233	srl	x4,x12,x11	 x12:0xc3000000 x11:0x06d41f9d  x4=0x00000006
       15775000	      1576	80001bc4	01799a33	sll	x20,x19,x23	 x19:0x86d49fdd x23:0x00000001 x20=0x0da93fba
       15785000	      1577	80001bc8	01120fb3	add	x31,x4,x17	  x4:0x00000006 x17:0xf6d40bb1 x31=0xf6d40bb7
       15795000	      1578	80001bcc	016f1c63	bne	x30,x22,80001be4	 x30:0x00010001 x22:0xed401b4c
       15805000	      1579	00000000	00000013	addi	x0,x0,0	  x0:0x00000000
       15815000	      1580	80001be0	00000013	addi	x0,x0,0	  x0:0x00000000
       15825000	      1581	80001be4	013dee63	bltu	x27,x19,80001c00	 x27:0x00000076 x19:0x86d49fdd
       15835000	      1582	00000000	00000013	addi	x0,x0,0	  x0:0x00000000
       15845000	      1583	80001bfc	00000013	addi	x0,x0,0	  x0:0x00000000
       15855000	      1584	80001c00	f935e593	ori	x11,x11,-109	 x11:0x06d41f9d x11=0xffffff9f
       15865000	      1585	80001c04	00190c33	add	x24,x18,x1	 x18:0x80001ff9  x1:0x00000000 x24=0x80001ff9
       15875000	      1586	80001c08	a3beb493	sltiu	x9,x29,-1477	 x29:0x00036579  x9=0x00000001
       15885000	      1587	80001c0c	01c4adb3	slt	x27,x9,x28	  x9:0x00000001 x28:0x00000000 x27=0x00000000
       15895000	      1588	80001c10	00000013	addi	x0,x0,0	  x0:0x00000000
       15905000	      1589	80001c14	d3f1f013	andi	x0,x3,-705	  x3:0x611cab18
       15915000	      1590	80001c18	00fd61b3	or	x3,x26,x15	 x26:0x00000001 x15:0x00000000  x3=0x00000001
       15925000	      1591	80001c1c	585ec7b7	lui	x15,0x585ec	 x15=0x585ec000
       15935000	      1592	80001c20	7f082593	slti	x11,x16,2032	 x16:0x80009fc4 x11=0x00000001
       15945000	      1593	80001c24	057c0063	beq	x24,x23,80001c64	 x24:0x80001ff9 x23:0x00000001
       15955000	      1594	80001c28	001a5293	srli	x5,x20,0x1	 x20:0x0da93fba  x5=0x06d49fdd
       15965000	      1595	80001c2c	40f45d93	srai	x27,x8,0xf	  x8:0x00000002 x27=0x00000000
       15975000	      1596	80001c30	694f6d37	lui	x26,0x694f6	 x26=0x694f6000
       15985000	      1597	80001c34	055d8863	beq	x27,x21,80001c84	 x27:0x00000000 x21:0x80009f64
       15995000	      1598	80001c38	0018b7b3	sltu	x15,x17,x1	 x17:0xf6d40bb1  x1:0x00000000 x15=0x00000000
       16005000	      1599	80001c3c	03420663	beq	x4,x20,80001c68	  x4:0x00000006 x20:0x0da93fba
       16015000	      1600	80001c40	0a0cc063	blt	x25,x0,80001ce0	 x25:0x00000000  x0:0x00000000
       16025000	      1601	80001c44	0144c333	xor	x6,x9,x20	  x9:0x00000001 x20:0x0da93fba  x6=0x0da93fbb
       16035000	      1602	80001c48	01c44a63	blt	x8,x28,80001c5c	  x8:0x00000002 x28:0x00000000
       16045000	      1603	80001c4c	010e6863	bltu	x28,x16,80001c5c	 x28:0x00000000 x16:0x80009fc4
       16055000	      1604	00000000	00000013	addi	x0,x0,0	  x0:0x00000000
       16065000	      1605	80001c58	00000013	addi	x0,x0,0	  x0:0x00000000
       16075000	      1606	80001c5c	40fdd113	srai	x2,x27,0xf	 x27:0x00000000  x2=0x00000000
       16085000	      1607	80001c60	01c49e13	slli	x28,x9,0x1c	  x9:0x00000001 x28=0x10000000
       16095000	      1608	80001c64	4efbff13	andi	x30,x23,1263	 x23:0x00000001 x30=0x00000001
       16105000	      1609	80001c68	003790b3	sll	x1,x15,x3	 x15:0x00000000  x3:0x00000001  x1=0x00000000
       16115000	      1610	80001c6c	ed1ba793	slti	x15,x23,-303	 x23:0x00000001 x15=0x00000000
       16125000	      1611	80001c70	000aae33	slt	x28,x21,x0	 x21:0x80009f64  x0:0x00000000 x28=0x00000001
       16135000	      1612	80001c74	ceb8ca13	xori	x20,x17,-789	 x17:0xf6d40bb1 x20=0x092bf75a
       16145000	      1613	80001c78	a06a7c93	andi	x25,x20,-1530	 x20:0x092bf75a x25=0x092bf202
       16155000	      1614	80001c7c	07a9da63	bge	x19,x26,80001cf0	 x19:0x86d49fdd x26:0x694f6000
       16165000	      1615	80001c80	07896663	bltu	x18,x24,80001cec	 x18:0x80001ff9 x24:0x80001ff9
       16175000	      1616	80001c84	01399c93	slli	x25,x19,0x13	 x19:0x86d49fdd x25=0xfee80000
       16185000	      1617	80001c88	00007997	auipc	x19,0x7	 x19=0x80008c84
       16195000	      1618	80001c8c	29d98993	addi	x19,x19,669	 x19:0x80008c84 x19=0x80008f21
       16205000	      1619	80001c90	0259dd03	lhu	x26,37(x19)	 x19:0x80008f21 x26=0x00002c2d PA:0x80008f46
       16215000	      1620	80001c94	00007c17	auipc	x24,0x7	 x24=0x80008c90
       16225000	      1621	80001c98	d27c0c13	addi	x24,x24,-729	 x24:0x80008c90 x24=0x800089b7
       16235000	      1622	80001c9c	ffdc5683	lhu	x13,-3(x24)	 x24:0x800089b7 x13=0x00009e9f PA:0x800089b4
       16245000	      1623	80001ca0	00399183	lh	x3,3(x19)	 x19:0x80008f21  x3=0x00000e0f PA:0x80008f24
       16255000	      1624	80001ca4	ffdc2583	lw	x11,-3(x24)	 x24:0x800089b7 x11=0x9c9d9e9f PA:0x800089b4
       16265000	      1625	80001ca8	ff398da3	sb	x19,-5(x19)	 x19:0x80008f21 x19:0x80008f21 PA:0x80008f1c
       16275000	      1626	80001cac	00d9c483	lbu	x9,13(x19)	 x19:0x80008f21  x9=0x00000015 PA:0x80008f2e
       16285000	      1627	80001cb0	feac0c23	sb	x10,-8(x24)	 x24:0x800089b7 x10:0x0000c300 PA:0x800089af
       16295000	      1628	80001cb4	010c4403	lbu	x8,16(x24)	 x24:0x800089b7  x8=0x000000ac PA:0x800089c7
       16305000	      1629	80001cb8	ff098023	sb	x16,-32(x19)	 x19:0x80008f21 x16:0x80009fc4 PA:0x80008f01
       16315000	      1630	80001cbc	fcf9dc83	lhu	x25,-49(x19)	 x19:0x80008f21 x25=0x0000dadb PA:0x80008ef0
       16325000	      1631	80001cc0	01498583	lb	x11,20(x19)	 x19:0x80008f21 x11=0x0000001e PA:0x80008f35
       16335000	      1632	80001cc4	ff4c4583	lbu	x11,-12(x24)	 x24:0x800089b7 x11=0x00000090 PA:0x800089ab
       16345000	      1633	80001cc8	ffac0f83	lb	x31,-6(x24)	 x24:0x800089b7 x31=0xffffff9a PA:0x800089b1
       16355000	      1634	80001ccc	fec9ce83	lbu	x29,-20(x19)	 x19:0x80008f21 x29=0x000000f6 PA:0x80008f0d
       16365000	      1635	80001cd0	ff19d503	lhu	x10,-15(x19)	 x19:0x80008f21 x10=0x0000f8f9 PA:0x80008f12
       16375000	      1636	80001cd4	000c4b03	lbu	x22,0(x24)	 x24:0x800089b7 x22=0x0000009c PA:0x800089b7
       16385000	      1637	80001cd8	6f583697	auipc	x13,0x6f583	 x13=0xef584cd4
       16395000	      1638	80001cdc	005db9b3	sltu	x19,x27,x5	 x27:0x00000000  x5:0x06d49fdd x19=0x00000001
       16405000	      1639	80001ce0	41270133	sub	x2,x14,x18	 x14:0x0000a00e x18:0x80001ff9  x2=0x80008015
       16415000	      1640	80001ce4	32b7fd37	lui	x26,0x32b7f	 x26=0x32b7f000
       16425000	      1641	80001ce8	e0a7f193	andi	x3,x15,-502	 x15:0x00000000  x3=0x00000000
       16435000	      1642	80001cec	40e25613	srai	x12,x4,0xe	  x4:0x00000006 x12=0x00000000
       16445000	      1643	80001cf0	01899263	bne	x19,x24,80001cf4	 x19:0x00000001 x24:0x800089b7
       16455000	      1644	00000000	00000013	addi	x0,x0,0	  x0:0x00000000
       16465000	      1645	80001cf0	00000013	addi	x0,x0,0	  x0:0x00000000
       16475000	      1646	80001cf4	00000013	addi	x0,x0,0	  x0:0x00000000
       16485000	      1647	80001cf8	00000013	addi	x0,x0,0	  x0:0x00000000
       16495000	      1648	80001cfc	017f9433	sll	x8,x31,x23	 x31:0xffffff9a x23:0x00000001  x8=0xffffff34
       16505000	      1649	80001d00	009ebbb3	sltu	x23,x29,x9	 x29:0x000000f6  x9:0x00000015 x23=0x00000000
       16515000	      1650	80001d04	01f4f733	and	x14,x9,x31	  x9:0x00000015 x31:0xffffff9a x14=0x00000010
       16525000	      1651	80001d08	0170d863	bge	x1,x23,80001d18	  x1:0x00000000 x23:0x00000000
       16535000	      1652	00000000	00000013	addi	x0,x0,0	  x0:0x00000000
       16545000	      1653	80001d14	00000013	addi	x0,x0,0	  x0:0x00000000
       16555000	      1654	80001d18	6b273537	lui	x10,0x6b273	 x10=0x6b273000
       16565000	      1655	80001d1c	4087dd13	srai	x26,x15,0x8	 x15:0x00000000 x26=0x00000000
       16575000	      1656	80001d20	01e08733	add	x14,x1,x30	  x1:0x00000000 x30:0x00000001 x14=0x00000001
       16585000	      1657	80001d24	02865863	bge	x12,x8,80001d54	 x12:0x00000000  x8:0xffffff34
       16595000	      1658	00000000	00000013	addi	x0,x0,0	  x0:0x00000000
       16605000	      1659	80001d50	00000013	addi	x0,x0,0	  x0:0x00000000
       16615000	      1660	80001d54	00000013	addi	x0,x0,0	  x0:0x00000000
       16625000	      1661	80001d58	00c91e33	sll	x28,x18,x12	 x18:0x80001ff9 x12:0x00000000 x28=0x80001ff9
       16635000	      1662	80001d5c	5cb86093	ori	x1,x16,1483	 x16:0x80009fc4  x1=0x80009fcf
       16645000	      1663	80001d60	05500063	beq	x0,x21,80001da0	  x0:0x00000000 x21:0x80009f64
       16655000	      1664	80001d64	02f91863	bne	x18,x15,80001d94	 x18:0x80001ff9 x15:0x00000000
       16665000	      1665	00000000	00000013	addi	x0,x0,0	  x0:0x00000000
       16675000	      1666	80001d90	00000013	addi	x0,x0,0	  x0:0x00000000
       16685000	      1667	80001d94	40db0a33	sub	x20,x22,x13	 x22:0x0000009c x13:0xef584cd4 x20=0x10a7b3c8
       16695000	      1668	80001d98	01319113	slli	x2,x3,0x13	  x3:0x00000000  x2=0x00000000
       16705000	      1669	80001d9c	abaa2f17	auipc	x30,0xabaa2	 x30=0x2baa3d98
       16715000	      1670	80001da0	038f6a63	bltu	x30,x24,80001dd4	 x30:0x2baa3d98 x24:0x800089b7
       16725000	      1671	00000000	00000013	addi	x0,x0,0	  x0:0x00000000
       16735000	      1672	80001dd0	00000013	addi	x0,x0,0	  x0:0x00000000
       16745000	      1673	80001dd4	01e15633	srl	x12,x2,x30	  x2:0x00000000 x30:0x2baa3d98 x12=0x00000000
       16755000	      1674	80001dd8	41f905b3	sub	x11,x18,x31	 x18:0x80001ff9 x31:0xffffff9a x11=0x8000205f
       16765000	      1675	80001ddc	41b70433	sub	x8,x14,x27	 x14:0x00000001 x27:0x00000000  x8=0x00000001
       16775000	      1676	80001de0	0315c263	blt	x11,x17,80001e04	 x11:0x8000205f x17:0xf6d40bb1
       16785000	      1677	00000000	00000013	addi	x0,x0,0	  x0:0x00000000
       16795000	      1678	80001e00	00000013	addi	x0,x0,0	  x0:0x00000000
       16805000	      1679	80001e04	010d5a63	bge	x26,x16,80001e18	 x26:0x00000000 x16:0x80009fc4
       16815000	      1680	00000000	00000013	addi	x0,x0,0	  x0:0x00000000
       16825000	      1681	80001e14	00000013	addi	x0,x0,0	  x0:0x00000000
       16835000	      1682	80001e18	05f15263	bge	x2,x31,80001e5c	  x2:0x00000000 x31:0xffffff9a
       16845000	      1683	00000000	00000013	addi	x0,x0,0	  x0:0x00000000
       16855000	      1684	80001e58	00000013	addi	x0,x0,0	  x0:0x00000000
       16865000	      1685	80001e5c	9ba94413	xori	x8,x18,-1606	 x18:0x80001ff9  x8=0x7fffe643
       16875000	      1686	80001e60	01ca5fb3	srl	x31,x20,x28	 x20:0x10a7b3c8 x28:0x80001ff9 x31=0x00000008
       16885000	      1687	80001e64	01a24cb3	xor	x25,x4,x26	  x4:0x00000006 x26:0x00000000 x25=0x00000006
       16895000	      1688	80001e68	b2c267b7	lui	x15,0xb2c26	 x15=0xb2c26000
       16905000	      1689	80001e6c	01ced533	srl	x10,x29,x28	 x29:0x000000f6 x28:0x80001ff9 x10=0x00000000
       16915000	      1690	80001e70	54580293	addi	x5,x16,1349	 x16:0x80009fc4  x5=0x8000a509
       16925000	      1691	80001e74	410809b3	sub	x19,x16,x16	 x16:0x80009fc4 x16:0x80009fc4 x19=0x00000000
       16935000	      1692	80001e78	f8a42993	slti	x19,x8,-118	  x8:0x7fffe643 x19=0x00000000
       16945000	      1693	80001e7c	0017d593	srli	x11,x15,0x1	 x15:0xb2c26000 x11=0x59613000
       16955000	      1694	80001e80	0120fa63	bgeu	x1,x18,80001e94	  x1:0x80009fcf x18:0x80001ff9
       16965000	      1695	00000000	00000013	addi	x0,x0,0	  x0:0x00000000
       16975000	      1696	80001e90	00000013	addi	x0,x0,0	  x0:0x00000000
       16985000	      1697	80001e94	010a5693	srli	x13,x20,0x10	 x20:0x10a7b3c8 x13=0x000010a7
       16995000	      1698	80001e98	01173133	sltu	x2,x14,x17	 x14:0x00000001 x17:0xf6d40bb1  x2=0x00000001
       17005000	      1699	80001e9c	f237cf13	xori	x30,x15,-221	 x15:0xb2c26000 x30=0x4d3d9f23
       17015000	      1700	80001ea0	7fdfadb7	lui	x27,0x7fdfa	 x27=0x7fdfa000
       17025000	      1701	80001ea4	41380233	sub	x4,x16,x19	 x16:0x80009fc4 x19:0x00000000  x4=0x80009fc4
       17035000	      1702	80001ea8	01cb7433	and	x8,x22,x28	 x22:0x0000009c x28:0x80001ff9  x8=0x00000098
       17045000	      1703	80001eac	40295c33	sra	x24,x18,x2	 x18:0x80001ff9  x2:0x00000001 x24=0xc0000ffc
       17055000	      1704	80001eb0	01c06463	bltu	x0,x28,80001eb8	  x0:0x00000000 x28:0x80001ff9
       17065000	      1705	00000000	00000013	addi	x0,x0,0	  x0:0x00000000
       17075000	      1706	80001eb4	00000013	addi	x0,x0,0	  x0:0x00000000
       17085000	      1707	80001eb8	40488533	sub	x10,x17,x4	 x17:0xf6d40bb1  x4:0x80009fc4 x10=0x76d36bed
       17095000	      1708	80001ebc	09d38717	auipc	x14,0x9d38	 x14=0x89d39eb8
       17105000	      1709	80001ec0	00395713	srli	x14,x18,0x3	 x18:0x80001ff9 x14=0x100003ff
       17115000	      1710	80001ec4	01a8b733	sltu	x14,x17,x26	 x17:0xf6d40bb1 x26:0x00000000 x14=0x00000000
       17125000	      1711	80001ec8	012e0c33	add	x24,x28,x18	 x28:0x80001ff9 x18:0x80001ff9 x24=0x00003ff2
       17135000	      1712	80001ecc	018cb933	sltu	x18,x25,x24	 x25:0x00000006 x24:0x00003ff2 x18=0x00000001
       17145000	      1713	80001ed0	00074863	blt	x14,x0,80001ee0	 x14:0x00000000  x0:0x00000000
       17155000	      1714	80001ed4	40fa5313	srai	x6,x20,0xf	 x20:0x10a7b3c8  x6=0x0000214f
       17165000	      1715	80001ed8	006b8fb3	add	x31,x23,x6	 x23:0x00000000  x6:0x0000214f x31=0x0000214f
       17175000	      1716	80001edc	bf4ba637	lui	x12,0xbf4ba	 x12=0xbf4ba000
       17185000	      1717	80001ee0	404403b3	sub	x7,x8,x4	  x8:0x00000098  x4:0x80009fc4  x7=0x7fff60d4
       17195000	      1718	80001ee4	59c0b013	sltiu	x0,x1,1436	  x1:0x80009fcf
       17205000	      1719	80001ee8	00d64eb3	xor	x29,x12,x13	 x12:0xbf4ba000 x13:0x000010a7 x29=0xbf4bb0a7
       17215000	      1720	80001eec	015023b3	slt	x7,x0,x21	  x0:0x00000000 x21:0x80009f64  x7=0x00000000
       17225000	      1721	80001ef0	4709eb93	ori	x23,x19,1136	 x19:0x00000000 x23=0x00000470
       17235000	      1722	80001ef4	030ee937	lui	x18,0x30ee	 x18=0x030ee000
       17245000	      1723	80001ef8	004aa103	lw	x2,4(x21)	 x21:0x80009f64  x2=0x800006f4 PA:0x80009f68
       17255000	      1724	80001efc	90504c93	xori	x25,x0,-1787	  x0:0x00000000 x25=0xfffff905
       17265000	      1725	80001f00	020a8a93	addi	x21,x21,32	 x21:0x80009f64 x21=0x80009f84
       17275000	      1726	80001f04	20773393	sltiu	x7,x14,519	 x14:0x00000000  x7=0x00000001
       17285000	      1727	80001f08	00010d13	addi	x26,x2,0	  x2:0x800006f4 x26=0x800006f4
       17295000	      1728	80001f0c	000d0d67	jalr	x26,x26,0	 x26:0x800006f4 x26=0x80001f0c
       17305000	      1729	00000000	00000013	addi	x0,x0,0	  x0:0x00000000
       17315000	      1730	800006f4	00000013	addi	x0,x0,0	  x0:0x00000000
       17325000	      1731	800006f8	e9776593	ori	x11,x14,-361	 x14:0x00000000 x11=0xfffffe97
       17335000	      1732	800006fc	00318733	add	x14,x3,x3	  x3:0x00000000  x3:0x00000000 x14=0x00000000
       17345000	      1733	80000700	01e6d863	bge	x13,x30,80000710	 x13:0x000010a7 x30:0x4d3d9f23
       17355000	      1734	80000704	01c5e863	bltu	x11,x28,80000714	 x11:0xfffffe97 x28:0x80001ff9
       17365000	      1735	80000708	01b1b333	sltu	x6,x3,x27	  x3:0x00000000 x27:0x7fdfa000  x6=0x00000001
       17375000	      1736	8000070c	01e40863	beq	x8,x30,8000071c	  x8:0x00000098 x30:0x4d3d9f23
       17385000	      1737	80000710	0036d133	srl	x2,x13,x3	 x13:0x000010a7  x3:0x00000000  x2=0x000010a7
       17395000	      1738	80000714	05b2e663	bltu	x5,x27,80000760	  x5:0x8000a509 x27:0x7fdfa000
       17405000	      1739	80000718	cad74717	auipc	x14,0xcad74	 x14=0x4ad74714
       17415000	      1740	8000071c	406e57b3	sra	x15,x28,x6	 x28:0x80001ff9  x6:0x00000001 x15=0xc0000ffc
       17425000	      1741	80000720	8b0cfc13	andi	x24,x25,-1872	 x25:0xfffff905 x24=0xfffff800
       17435000	      1742	80000724	01975e13	srli	x28,x14,0x19	 x14:0x4ad74714 x28=0x00000025
       17445000	      1743	80000728	01b84633	xor	x12,x16,x27	 x16:0x80009fc4 x27:0x7fdfa000 x12=0xffdf3fc4
       17455000	      1744	8000072c	0081bbb3	sltu	x23,x3,x8	  x3:0x00000000  x8:0x00000098 x23=0x00000001
       17465000	      1745	80000730	01d35463	bge	x6,x29,80000738	  x6:0x00000001 x29:0xbf4bb0a7
       17475000	      1746	00000000	00000013	addi	x0,x0,0	  x0:0x00000000
       17485000	      1747	80000734	00000013	addi	x0,x0,0	  x0:0x00000000
       17495000	      1748	80000738	40d806b3	sub	x13,x16,x13	 x16:0x80009fc4 x13:0x000010a7 x13=0x80008f1d
       17505000	      1749	8000073c	00e97b33	and	x22,x18,x14	 x18:0x030ee000 x14:0x4ad74714 x22=0x02064000
       17515000	      1750	80000740	41c4d513	srai	x10,x9,0x1c	  x9:0x00000015 x10=0x00000000
       17525000	      1751	80000744	12e2bc13	sltiu	x24,x5,302	  x5:0x8000a509 x24=0x00000000
       17535000	      1752	80000748	41c6d7b3	sra	x15,x13,x28	 x13:0x80008f1d x28:0x00000025 x15=0xfc000478
       17545000	      1753	8000074c	013d8eb3	add	x29,x27,x19	 x27:0x7fdfa000 x19:0x00000000 x29=0x7fdfa000
       17555000	      1754	80000750	001f9c33	sll	x24,x31,x1	 x31:0x0000214f  x1:0x80009fcf x24=0x10a78000
       17565000	      1755	80000754	405ed333	sra	x6,x29,x5	 x29:0x7fdfa000  x5:0x8000a509  x6=0x003fefd0
       17575000	      1756	80000758	00093db3	sltu	x27,x18,x0	 x18:0x030ee000  x0:0x00000000 x27=0x00000000
       17585000	      1757	8000075c	01f689b3	add	x19,x13,x31	 x13:0x80008f1d x31:0x0000214f x19=0x8000b06c
       17595000	      1758	80000760	01ff5633	srl	x12,x30,x31	 x30:0x4d3d9f23 x31:0x0000214f x12=0x00009a7b
       17605000	      1759	80000764	003517b3	sll	x15,x10,x3	 x10:0x00000000  x3:0x00000000 x15=0x00000000
       17615000	      1760	80000768	4e8a0e13	addi	x28,x20,1256	 x20:0x10a7b3c8 x28=0x10a7b8b0
       17625000	      1761	8000076c	00dc4333	xor	x6,x24,x13	 x24:0x10a78000 x13:0x80008f1d  x6=0x90a70f1d
       17635000	      1762	80000770	04559463	bne	x11,x5,800007b8	 x11:0xfffffe97  x5:0x8000a509
       17645000	      1763	00000000	00000013	addi	x0,x0,0	  x0:0x00000000
       17655000	      1764	800007b4	00000013	addi	x0,x0,0	  x0:0x00000000
       17665000	      1765	800007b8	eb98b593	sltiu	x11,x17,-327	 x17:0xf6d40bb1 x11=0x00000001
       17675000	      1766	800007bc	017decb3	or	x25,x27,x23	 x27:0x00000000 x23:0x00000001 x25=0x00000001
       17685000	      1767	800007c0	01aecf33	xor	x30,x29,x26	 x29:0x7fdfa000 x26:0x80001f0c x30=0xffdfbf0c
       17695000	      1768	800007c4	010d3a33	sltu	x20,x26,x16	 x26:0x80001f0c x16:0x80009fc4 x20=0x00000001
       17705000	      1769	800007c8	016cbdb3	sltu	x27,x25,x22	 x25:0x00000001 x22:0x02064000 x27=0x00000001
       17715000	      1770	800007cc	fb64f113	andi	x2,x9,-74	  x9:0x00000015  x2=0x00000014
       17725000	      1771	800007d0	5f59ef93	ori	x31,x19,1525	 x19:0x8000b06c x31=0x8000b5fd
       17735000	      1772	800007d4	c80df617	auipc	x12,0xc80df	 x12=0x480df7d0
       17745000	      1773	800007d8	00cc73b3	and	x7,x24,x12	 x24:0x10a78000 x12:0x480df7d0  x7=0x00058000
       17755000	      1774	800007dc	00311733	sll	x14,x2,x3	  x2:0x00000014  x3:0x00000000 x14=0x00000014
       17765000	      1775	800007e0	7cedb793	sltiu	x15,x27,1998	 x27:0x00000001 x15=0x00000001
       17775000	      1776	800007e4	00000013	addi	x0,x0,0	  x0:0x00000000
       17785000	      1777	800007e8	01f81463	bne	x16,x31,800007f0	 x16:0x80009fc4 x31:0x8000b5fd
       17795000	      1778	00000000	00000013	addi	x0,x0,0	  x0:0x00000000
       17805000	      1779	800007ec	00000013	addi	x0,x0,0	  x0:0x00000000
       17815000	      1780	800007f0	02cc0c93	addi	x25,x24,44	 x24:0x10a78000 x25=0x10a7802c
       17825000	      1781	800007f4	00e3cc33	xor	x24,x7,x14	  x7:0x00058000 x14:0x00000014 x24=0x00058014
       17835000	      1782	800007f8	02981e63	bne	x16,x9,80000834	 x16:0x80009fc4  x9:0x00000015
       17845000	      1783	00000000	00000013	addi	x0,x0,0	  x0:0x00000000
       17855000	      1784	80000830	00000013	addi	x0,x0,0	  x0:0x00000000
       17865000	      1785	80000834	0126e263	bltu	x13,x18,80000838	 x13:0x80008f1d x18:0x030ee000
       17875000	      1786	80000838	10468113	addi	x2,x13,260	 x13:0x80008f1d  x2=0x80009021
       17885000	      1787	8000083c	00000897	auipc	x17,0x0	 x17=0x80000838
       17895000	      1788	80000840	00c88893	addi	x17,x17,12	 x17:0x80000838 x17=0x80000844
       17905000	      1789	80000844	00088067	jalr	x0,x17,0	 x17:0x80000844
       17915000	      1790	00000000	00000013	addi	x0,x0,0	  x0:0x00000000
       17925000	      1791	80000844	00000013	addi	x0,x0,0	  x0:0x00000000
       17935000	      1792	80000848	00100193	addi	x3,x0,1	  x0:0x00000000  x3=0x00000001
       17945000	      1793	8000084c	00000073	ecall	
       17955000	      1794	80000850	fe0a8a93	addi	x21,x21,-32	 x21:0x80009f84 x21=0x80009f64
