		Time			Cycle	PC		Insn	Decoded instruction	Register and memory contents
          65000	         5	80000004	00000293	addi	x5,x0,0	  x0:0x00000000  x5=0x00000000
          75000	         6	80000008	00000313	addi	x6,x0,0	  x0:0x00000000  x6=0x00000000
          85000	         7	8000000c	00628263	beq	x5,x6,80000010	  x5:0x00000000  x6:0x00000000
          95000	         8	00000000	00000013	addi	x0,x0,0	  x0:0x00000000
         105000	         9	8000000c	00000013	addi	x0,x0,0	  x0:0x00000000
         115000	        10	80000010	00000f17	auipc	x30,0x0	 x30=0x8000000c
         125000	        11	80000014	00cf0f13	addi	x30,x30,12	 x30:0x8000000c x30=0x80000018
         135000	        12	80000018	000f0067	jalr	x0,x30,0	 x30:0x80000018
         145000	        13	00000000	00000013	addi	x0,x0,0	  x0:0x00000000
         155000	        14	80000018	00000013	addi	x0,x0,0	  x0:0x00000000
         165000	        15	8000001c	400002b7	lui	x5,0x40000	  x5=0x40000000
         175000	        16	80000020	10028293	addi	x5,x5,256	  x5:0x40000000  x5=0x40000100
         185000	        17	80000024	00000013	addi	x0,x0,0	  x0:0x00000000
         195000	        18	80000028	0000a717	auipc	x14,0xa	 x14=0x8000a024
         205000	        19	8000002c	fa070713	addi	x14,x14,-96	 x14:0x8000a024 x14=0x80009fc4
         215000	        20	80000030	00002297	auipc	x5,0x2	  x5=0x8000202c
         225000	        21	80000034	e3028293	addi	x5,x5,-464	  x5:0x8000202c  x5=0x80001e5c
         235000	        22	80000038	0002e293	ori	x5,x5,0	  x5:0x80001e5c  x5=0x80001e5c
         245000	        23	8000003c	00000013	addi	x0,x0,0	  x0:0x00000000
         255000	        24	80000040	00000297	auipc	x5,0x0	  x5=0x8000003c
         265000	        25	80000044	02028293	addi	x5,x5,32	  x5:0x8000003c  x5=0x8000005c
         275000	        26	80000048	00000013	addi	x0,x0,0	  x0:0x00000000
         285000	        27	8000004c	00000013	addi	x0,x0,0	  x0:0x00000000
         295000	        28	80000050	000022b7	lui	x5,0x2	  x5=0x00002000
         305000	        29	80000054	80028293	addi	x5,x5,-2048	  x5:0x00002000  x5=0x00001800
         315000	        30	80000058	00000013	addi	x0,x0,0	  x0:0x00000000
         325000	        31	8000005c	00000013	addi	x0,x0,0	  x0:0x00000000
         335000	        32	80000060	00800013	addi	x0,x0,8	  x0:0x00000000
         345000	        33	80000064	fabef0b7	lui	x1,0xfabef	  x1=0xfabef000
         355000	        34	80000068	ea808093	addi	x1,x1,-344	  x1:0xfabef000  x1=0xfabeeea8
         365000	        35	8000006c	80000137	lui	x2,0x80000	  x2=0x80000000
         375000	        36	80000070	800001b7	lui	x3,0x80000	  x3=0x80000000
         385000	        37	80000074	1b41c237	lui	x4,0x1b41c	  x4=0x1b41c000
         395000	        38	80000078	b7320213	addi	x4,x4,-1165	  x4:0x1b41c000  x4=0x1b41bb73
         405000	        39	8000007c	00d00293	addi	x5,x0,13	  x0:0x00000000  x5=0x0000000d
         415000	        40	80000080	00000313	addi	x6,x0,0	  x0:0x00000000  x6=0x00000000
         425000	        41	80000084	00000393	addi	x7,x0,0	  x0:0x00000000  x7=0x00000000
         435000	        42	80000088	00700413	addi	x8,x0,7	  x0:0x00000000  x8=0x00000007
         445000	        43	8000008c	00000493	addi	x9,x0,0	  x0:0x00000000  x9=0x00000000
         455000	        44	80000090	00000513	addi	x10,x0,0	  x0:0x00000000 x10=0x00000000
         465000	        45	80000094	00000593	addi	x11,x0,0	  x0:0x00000000 x11=0x00000000
         475000	        46	80000098	00700613	addi	x12,x0,7	  x0:0x00000000 x12=0x00000007
         485000	        47	8000009c	00000693	addi	x13,x0,0	  x0:0x00000000 x13=0x00000000
         495000	        48	800000a0	c41f57b7	lui	x15,0xc41f5	 x15=0xc41f5000
         505000	        49	800000a4	f5d78793	addi	x15,x15,-163	 x15:0xc41f5000 x15=0xc41f4f5d
         515000	        50	800000a8	80000837	lui	x16,0x80000	 x16=0x80000000
         525000	        51	800000ac	00b00893	addi	x17,x0,11	  x0:0x00000000 x17=0x0000000b
         535000	        52	800000b0	80000937	lui	x18,0x80000	 x18=0x80000000
         545000	        53	800000b4	2334e9b7	lui	x19,0x2334e	 x19=0x2334e000
         555000	        54	800000b8	1aa98993	addi	x19,x19,426	 x19:0x2334e000 x19=0x2334e1aa
         565000	        55	800000bc	80000ab7	lui	x21,0x80000	 x21=0x80000000
         575000	        56	800000c0	f738eb37	lui	x22,0xf738e	 x22=0xf738e000
         585000	        57	800000c4	585b0b13	addi	x22,x22,1413	 x22:0xf738e000 x22=0xf738e585
         595000	        58	800000c8	85656bb7	lui	x23,0x85656	 x23=0x85656000
         605000	        59	800000cc	fd5b8b93	addi	x23,x23,-43	 x23:0x85656000 x23=0x85655fd5
         615000	        60	800000d0	80000c37	lui	x24,0x80000	 x24=0x80000000
         625000	        61	800000d4	eeb86cb7	lui	x25,0xeeb86	 x25=0xeeb86000
         635000	        62	800000d8	810c8c93	addi	x25,x25,-2032	 x25:0xeeb86000 x25=0xeeb85810
         645000	        63	800000dc	f17b0d37	lui	x26,0xf17b0	 x26=0xf17b0000
         655000	        64	800000e0	a64d0d13	addi	x26,x26,-1436	 x26:0xf17b0000 x26=0xf17afa64
         665000	        65	800000e4	23367db7	lui	x27,0x23367	 x27=0x23367000
         675000	        66	800000e8	f0bd8d93	addi	x27,x27,-245	 x27:0x23367000 x27=0x23366f0b
         685000	        67	800000ec	00e00e13	addi	x28,x0,14	  x0:0x00000000 x28=0x0000000e
         695000	        68	800000f0	80000eb7	lui	x29,0x80000	 x29=0x80000000
         705000	        69	800000f4	00000f13	addi	x30,x0,0	  x0:0x00000000 x30=0x00000000
         715000	        70	800000f8	a635cfb7	lui	x31,0xa635c	 x31=0xa635c000
         725000	        71	800000fc	4b7f8f93	addi	x31,x31,1207	 x31:0xa635c000 x31=0xa635c4b7
         735000	        72	80000100	0000aa17	auipc	x20,0xa	 x20=0x8000a0fc
         745000	        73	80000104	e88a0a13	addi	x20,x20,-376	 x20:0x8000a0fc x20=0x80009f84
         755000	        74	80000108	00008997	auipc	x19,0x8	 x19=0x80008104
         765000	        75	8000010c	04898993	addi	x19,x19,72	 x19:0x80008104 x19=0x8000814c
         775000	        76	80000110	00995fb3	srl	x31,x18,x9	 x18:0x80000000  x9:0x00000000 x31=0x80000000
         785000	        77	80000114	00f9c283	lbu	x5,15(x19)	 x19:0x8000814c  x5=0x00000075 PA:0x8000815b
         795000	        78	80000118	01168933	add	x18,x13,x17	 x13:0x00000000 x17:0x0000000b x18=0x0000000b
         805000	        79	8000011c	0069c083	lbu	x1,6(x19)	 x19:0x8000814c  x1=0x00000021 PA:0x80008152
         815000	        80	80000120	de843eb7	lui	x29,0xde843	 x29=0xde843000
         825000	        81	80000124	01ea5b13	srli	x22,x20,0x1e	 x20:0x80009f84 x22=0x00000002
         835000	        82	80000128	fe099b23	sh	x0,-10(x19)	 x19:0x8000814c  x0:0x00000000 PA:0x80008142
         845000	        83	8000012c	84854a93	xori	x21,x10,-1976	 x10:0x00000000 x21=0xfffff848
         855000	        84	80000130	00099203	lh	x4,0(x19)	 x19:0x8000814c  x4=0xfffff3f6 PA:0x8000814c
         865000	        85	80000134	ff998603	lb	x12,-7(x19)	 x19:0x8000814c x12=0x00000023 PA:0x80008145
         875000	        86	00000000	00000013	addi	x0,x0,0	  x0:0x00000000
         885000	        87	80000138	d18666b7	lui	x13,0xd1866	 x13=0xd1866000
         895000	        88	8000013c	01f980a3	sb	x31,1(x19)	 x19:0x8000814c x31:0x80000000 PA:0x8000814d
         905000	        89	80000140	0089da83	lhu	x21,8(x19)	 x19:0x8000814c x21=0x0000bb27 PA:0x80008154
         915000	        90	80000144	01887033	and	x0,x16,x24	 x16:0x80000000 x24:0x80000000
         925000	        91	80000148	ffb98603	lb	x12,-5(x19)	 x19:0x8000814c x12=0x00000017 PA:0x80008147
         935000	        92	8000014c	c6043013	sltiu	x0,x8,-928	  x8:0x00000007
         945000	        93	80000150	fe898923	sb	x8,-14(x19)	 x19:0x8000814c  x8:0x00000007 PA:0x8000813e
         955000	        94	80000154	34eea493	slti	x9,x29,846	 x29:0xde843000  x9=0x00000001
         965000	        95	80000158	00000013	addi	x0,x0,0	  x0:0x00000000
         975000	        96	8000015c	001f4333	xor	x6,x30,x1	 x30:0x00000000  x1:0x00000021  x6=0x00000021
         985000	        97	80000160	00398c83	lb	x25,3(x19)	 x19:0x8000814c x25=0x0000004b PA:0x8000814f
         995000	        98	80000164	00b19013	slli	x0,x3,0xb	  x3:0x80000000
        1005000	        99	80000168	0029c903	lbu	x18,2(x19)	 x19:0x8000814c x18=0x00000017 PA:0x8000814e
        1015000	       100	8000016c	e9c8a937	lui	x18,0xe9c8a	 x18=0xe9c8a000
        1025000	       101	80000170	c3cb3117	auipc	x2,0xc3cb3	  x2=0x43cb316c
        1035000	       102	80000174	ffb9c883	lbu	x17,-5(x19)	 x19:0x8000814c x17=0x00000017 PA:0x80008147
        1045000	       103	80000178	00c9c583	lbu	x11,12(x19)	 x19:0x8000814c x11=0x0000005a PA:0x80008158
        1055000	       104	8000017c	c0594613	xori	x12,x18,-1019	 x18:0xe9c8a000 x12=0x16375c05
        1065000	       105	80000180	1ef2e293	ori	x5,x5,495	  x5:0x00000075  x5=0x000001ff
        1075000	       106	80000184	ff99cf83	lbu	x31,-7(x19)	 x19:0x8000814c x31=0x00000023 PA:0x80008145
        1085000	       107	80000188	ff398303	lb	x6,-13(x19)	 x19:0x8000814c  x6=0xffffff9e PA:0x8000813f
        1095000	       108	8000018c	017fd033	srl	x0,x31,x23	 x31:0x00000023 x23:0x85655fd5
        1105000	       109	80000190	02c64913	xori	x18,x12,44	 x12:0x16375c05 x18=0x16375c29
        1115000	       110	80000194	e8dd70b7	lui	x1,0xe8dd7	  x1=0xe8dd7000
        1125000	       111	80000198	01c021b3	slt	x3,x0,x28	  x0:0x00000000 x28:0x0000000e  x3=0x00000001
        1135000	       112	8000019c	00f45333	srl	x6,x8,x15	  x8:0x00000007 x15:0xc41f4f5d  x6=0x00000000
        1145000	       113	800001a0	01d70533	add	x10,x14,x29	 x14:0x80009fc4 x29:0xde843000 x10=0x5e84cfc4
        1155000	       114	800001a4	00899f83	lh	x31,8(x19)	 x19:0x8000814c x31=0xffffbb27 PA:0x80008154
        1165000	       115	800001a8	ff798da3	sb	x23,-5(x19)	 x19:0x8000814c x23:0x85655fd5 PA:0x80008147
        1175000	       116	800001ac	40e35693	srai	x13,x6,0xe	  x6:0x00000000 x13=0x00000000
        1185000	       117	800001b0	404902b3	sub	x5,x18,x4	 x18:0x16375c29  x4:0xfffff3f6  x5=0x16376833
        1195000	       118	800001b4	004222b3	slt	x5,x4,x4	  x4:0xfffff3f6  x4:0xfffff3f6  x5=0x00000000
        1205000	       119	800001b8	ff89aa83	lw	x21,-8(x19)	 x19:0x8000814c x21=0xd583231b PA:0x80008144
        1215000	       120	800001bc	fff9ca83	lbu	x21,-1(x19)	 x19:0x8000814c x21=0x0000008f PA:0x8000814b
        1225000	       121	800001c0	00729633	sll	x12,x5,x7	  x5:0x00000000  x7:0x00000000 x12=0x00000000
        1235000	       122	800001c4	01ee1013	slli	x0,x28,0x1e	 x28:0x0000000e
        1245000	       123	800001c8	ffa9c003	lbu	x0,-6(x19)	 x19:0x8000814c PA:0x80008146
        1255000	       124	800001cc	00000013	addi	x0,x0,0	  x0:0x00000000
        1265000	       125	800001d0	0059c883	lbu	x17,5(x19)	 x19:0x8000814c x17=0x00000010 PA:0x80008151
        1275000	       126	800001d4	002693b3	sll	x7,x13,x2	 x13:0x00000000  x2:0x43cb316c  x7=0x00000000
        1285000	       127	800001d8	0049d503	lhu	x10,4(x19)	 x19:0x8000814c x10=0x00001080 PA:0x80008150
        1295000	       128	800001dc	ffb98883	lb	x17,-5(x19)	 x19:0x8000814c x17=0xffffffd5 PA:0x80008147
        1305000	       129	800001e0	ff39cd03	lbu	x26,-13(x19)	 x19:0x8000814c x26=0x0000009e PA:0x8000813f
        1315000	       130	800001e4	01d25db3	srl	x27,x4,x29	  x4:0xfffff3f6 x29:0xde843000 x27=0xfffff3f6
        1325000	       131	800001e8	0049ad03	lw	x26,4(x19)	 x19:0x8000814c x26=0xac211080 PA:0x80008150
        1335000	       132	800001ec	ff99aa23	sw	x25,-12(x19)	 x19:0x8000814c x25:0x0000004b PA:0x80008140
        1345000	       133	800001f0	00008117	auipc	x2,0x8	  x2=0x800081ec
        1355000	       134	800001f4	07810113	addi	x2,x2,120	  x2:0x800081ec  x2=0x80008264
        1365000	       135	800001f8	005e6433	or	x8,x28,x5	 x28:0x0000000e  x5:0x00000000  x8=0x0000000e
        1375000	       136	800001fc	0e015183	lhu	x3,224(x2)	  x2:0x80008264  x3=0x0000a44f PA:0x80008344
        1385000	       137	80000200	0d814903	lbu	x18,216(x2)	  x2:0x80008264 x18=0x0000009f PA:0x8000833c
        1395000	       138	80000204	5f1e0913	addi	x18,x28,1521	 x28:0x0000000e x18=0x000005ff
        1405000	       139	80000208	ecf10d03	lb	x26,-305(x2)	  x2:0x80008264 x26=0xffffffb6 PA:0x80008133
        1415000	       140	8000020c	05714803	lbu	x16,87(x2)	  x2:0x80008264 x16=0x000000ff PA:0x800082bb
        1425000	       141	80000210	29e15283	lhu	x5,670(x2)	  x2:0x80008264  x5=0x00007edb PA:0x80008502
        1435000	       142	80000214	28111f23	sh	x1,670(x2)	  x2:0x80008264  x1:0xe8dd7000 PA:0x80008502
        1445000	       143	80000218	29e11483	lh	x9,670(x2)	  x2:0x80008264  x9=0x00007000 PA:0x80008502
        1455000	       144	8000021c	51c15983	lhu	x19,1308(x2)	  x2:0x80008264 x19=0x00009a27 PA:0x80008780
        1465000	       145	80000220	51c12283	lw	x5,1308(x2)	  x2:0x80008264  x5=0xe6459a27 PA:0x80008780
        1475000	       146	80000224	5b8103a3	sb	x24,1447(x2)	  x2:0x80008264 x24:0x80000000 PA:0x8000880b
        1485000	       147	80000228	54010c83	lb	x25,1344(x2)	  x2:0x80008264 x25=0x00000048 PA:0x800087a4
        1495000	       148	8000022c	51310483	lb	x9,1299(x2)	  x2:0x80008264  x9=0xffffffc3 PA:0x80008777
        1505000	       149	80000230	f3310e03	lb	x28,-205(x2)	  x2:0x80008264 x28=0xffffffc3 PA:0x80008197
        1515000	       150	80000234	f3314b03	lbu	x22,-205(x2)	  x2:0x80008264 x22=0x000000c3 PA:0x80008197
        1525000	       151	80000238	f2d109a3	sb	x13,-205(x2)	  x2:0x80008264 x13:0x00000000 PA:0x80008197
        1535000	       152	8000023c	f5610e23	sb	x22,-164(x2)	  x2:0x80008264 x22:0x000000c3 PA:0x800081c0
        1545000	       153	80000240	f5c14903	lbu	x18,-164(x2)	  x2:0x80008264 x18=0x000000c3 PA:0x800081c0
        1555000	       154	80000244	00008c17	auipc	x24,0x8	 x24=0x80008240
        1565000	       155	80000248	77ec0c13	addi	x24,x24,1918	 x24:0x80008240 x24=0x800089be
        1575000	       156	8000024c	00009b17	auipc	x22,0x9	 x22=0x80009248
        1585000	       157	80000250	b47b0b13	addi	x22,x22,-1209	 x22:0x80009248 x22=0x80008d8f
        1595000	       158	80000254	ff2c0383	lb	x7,-14(x24)	 x24:0x800089be  x7=0xffffffa6 PA:0x800089b0
        1605000	       159	80000258	00008597	auipc	x11,0x8	 x11=0x80008254
        1615000	       160	8000025c	64a58593	addi	x11,x11,1610	 x11:0x80008254 x11=0x8000889e
        1625000	       161	80000260	03bb0083	lb	x1,59(x22)	 x22:0x80008d8f  x1=0xfffffffe PA:0x80008dca
        1635000	       162	80000264	07cb0223	sb	x28,100(x22)	 x22:0x80008d8f x28:0xffffffc3 PA:0x80008df3
        1645000	       163	80000268	ffe5d183	lhu	x3,-2(x11)	 x11:0x8000889e  x3=0x0000f16c PA:0x8000889c
        1655000	       164	8000026c	ff0c5203	lhu	x4,-16(x24)	 x24:0x800089be  x4=0x0000803b PA:0x800089ae
        1665000	       165	80000270	090b24a3	sw	x16,137(x22)	 x22:0x80008d8f x16:0x000000ff PA:0x80008e18
        1675000	       166	80000274	002c06a3	sb	x2,13(x24)	 x24:0x800089be  x2:0x80008264 PA:0x800089cb
        1685000	       167	80000278	fffc0883	lb	x17,-1(x24)	 x24:0x800089be x17=0x0000000d PA:0x800089bd
        1695000	       168	8000027c	00e5c203	lbu	x4,14(x11)	 x11:0x8000889e  x4=0x00000043 PA:0x800088ac
        1705000	       169	80000280	f35b0283	lb	x5,-203(x22)	 x22:0x80008d8f  x5=0x00000035 PA:0x80008cc4
        1715000	       170	80000284	007c0083	lb	x1,7(x24)	 x24:0x800089be  x1=0x00000028 PA:0x800089c5
        1725000	       171	80000288	ffac4783	lbu	x15,-6(x24)	 x24:0x800089be x15=0x0000009f PA:0x800089b8
        1735000	       172	8000028c	01258623	sb	x18,12(x11)	 x11:0x8000889e x18:0x000000c3 PA:0x800088aa
        1745000	       173	80000290	00e58e83	lb	x29,14(x11)	 x11:0x8000889e x29=0x00000043 PA:0x800088ac
        1755000	       174	80000294	06cb0d23	sb	x12,122(x22)	 x22:0x80008d8f x12:0x00000000 PA:0x80008e09
        1765000	       175	80000298	050b0fa3	sb	x16,95(x22)	 x22:0x80008d8f x16:0x000000ff PA:0x80008dee
        1775000	       176	8000029c	ff9c4803	lbu	x16,-7(x24)	 x24:0x800089be x16=0x000000bb PA:0x800089b7
        1785000	       177	00000000	00000013	addi	x0,x0,0	  x0:0x00000000
        1795000	       178	800002a0	ff05af23	sw	x16,-2(x11)	 x11:0x8000889e x16:0x000000bb PA:0x8000889c
        1805000	       179	800002a4	056b4f83	lbu	x31,86(x22)	 x22:0x80008d8f x31=0x00000079 PA:0x80008de5
        1815000	       180	800002a8	ff059403	lh	x8,-16(x11)	 x11:0x8000889e  x8=0x000009a5 PA:0x8000888e
        1825000	       181	800002ac	03eb0103	lb	x2,62(x22)	 x22:0x80008d8f  x2=0xffffff95 PA:0x80008dcd
        1835000	       182	800002b0	fc5b4003	lbu	x0,-59(x22)	 x22:0x80008d8f PA:0x80008d54
        1845000	       183	800002b4	ff758ca3	sb	x23,-7(x11)	 x11:0x8000889e x23:0x85655fd5 PA:0x80008897
        1855000	       184	800002b8	fb5b0e23	sb	x21,-68(x22)	 x22:0x80008d8f x21:0x0000008f PA:0x80008d4b
        1865000	       185	800002bc	00009417	auipc	x8,0x9	  x8=0x800092b8
        1875000	       186	800002c0	c2240413	addi	x8,x8,-990	  x8:0x800092b8  x8=0x80008eda
        1885000	       187	800002c4	fe441c03	lh	x24,-28(x8)	  x8:0x80008eda x24=0x00007853 PA:0x80008ebe
        1895000	       188	800002c8	00008697	auipc	x13,0x8	 x13=0x800082c4
        1905000	       189	800002cc	65268693	addi	x13,x13,1618	 x13:0x800082c4 x13=0x80008916
        1915000	       190	800002d0	00009997	auipc	x19,0x9	 x19=0x800092cc
        1925000	       191	800002d4	b0198993	addi	x19,x19,-1279	 x19:0x800092cc x19=0x80008dcd
        1935000	       192	800002d8	00008097	auipc	x1,0x8	  x1=0x800082d4
        1945000	       193	800002dc	5dd08093	addi	x1,x1,1501	  x1:0x800082d4  x1=0x800088b1
        1955000	       194	800002e0	00009897	auipc	x17,0x9	 x17=0x800092dc
        1965000	       195	800002e4	a5888893	addi	x17,x17,-1448	 x17:0x800092dc x17=0x80008d34
        1975000	       196	800002e8	fd941c23	sh	x25,-40(x8)	  x8:0x80008eda x25:0x00000048 PA:0x80008eb2
        1985000	       197	800002ec	fb968d03	lb	x26,-71(x13)	 x13:0x80008916 x26=0x00000067 PA:0x800088cf
        1995000	       198	800002f0	01c8ad03	lw	x26,28(x17)	 x17:0x80008d34 x26=0x367e33d3 PA:0x80008d50
        2005000	       199	800002f4	00140183	lb	x3,1(x8)	  x8:0x80008eda  x3=0x0000003b PA:0x80008edb
        2015000	       200	800002f8	1889c283	lbu	x5,392(x19)	 x19:0x80008dcd  x5=0x0000007e PA:0x80008f55
        2025000	       201	800002fc	4cb08c23	sb	x11,1240(x1)	  x1:0x800088b1 x11:0x8000889e PA:0x80008d89
        2035000	       202	80000300	12808583	lb	x11,296(x1)	  x1:0x800088b1 x11=0xffffffe5 PA:0x800089d9
        2045000	       203	80000304	bf59a5a3	sw	x21,-1045(x19)	 x19:0x80008dcd x21:0x0000008f PA:0x800089b8
        2055000	       204	80000308	00044783	lbu	x15,0(x8)	  x8:0x80008eda x15=0x00000024 PA:0x80008eda
        2065000	       205	8000030c	ff59d203	lhu	x4,-11(x19)	 x19:0x80008dcd  x4=0x0000f027 PA:0x80008dc2
        2075000	       206	80000310	0d56ca83	lbu	x21,213(x13)	 x13:0x80008916 x21=0x000000fe PA:0x800089eb
        2085000	       207	80000314	bf99d503	lhu	x10,-1031(x19)	 x19:0x80008dcd x10=0x0000f17d PA:0x800089c6
        2095000	       208	80000318	00e8db03	lhu	x22,14(x17)	 x17:0x80008d34 x22=0x000053cf PA:0x80008d42
        2105000	       209	8000031c	f296ce83	lbu	x29,-215(x13)	 x13:0x80008916 x29=0x00000077 PA:0x8000883f
        2115000	       210	80000320	1b098c03	lb	x24,432(x19)	 x19:0x80008dcd x24=0x0000004c PA:0x80008f7d
        2125000	       211	80000324	38808223	sb	x8,900(x1)	  x1:0x800088b1  x8:0x80008eda PA:0x80008c35
        2135000	       212	80000328	e089c283	lbu	x5,-504(x19)	 x19:0x80008dcd  x5=0x000000b5 PA:0x80008bd5
        2145000	       213	8000032c	00c680a3	sb	x12,1(x13)	 x13:0x80008916 x12:0x00000000 PA:0x80008917
        2155000	       214	80000330	cb99d303	lhu	x6,-839(x19)	 x19:0x80008dcd  x6=0x0000bdc8 PA:0x80008a86
        2165000	       215	80000334	ff642c83	lw	x25,-10(x8)	  x8:0x80008eda x25=0x72753cf5 PA:0x80008ed0
        2175000	       216	80000338	1cd08583	lb	x11,461(x1)	  x1:0x800088b1 x11=0xffffffc9 PA:0x80008a7e
        2185000	       217	8000033c	c8298503	lb	x10,-894(x19)	 x19:0x80008dcd x10=0xfffffff0 PA:0x80008a4f
        2195000	       218	80000340	0f66dc83	lhu	x25,246(x13)	 x13:0x80008916 x25=0x00008017 PA:0x80008a0c
        2205000	       219	80000344	e4198c23	sb	x1,-424(x19)	 x19:0x80008dcd  x1:0x800088b1 PA:0x80008c25
        2215000	       220	80000348	04040d83	lb	x27,64(x8)	  x8:0x80008eda x27=0xfffffff5 PA:0x80008f1a
        2225000	       221	8000034c	f0269003	lh	x0,-254(x13)	 x13:0x80008916 PA:0x80008818
        2235000	       222	80000350	eac98f23	sb	x12,-322(x19)	 x19:0x80008dcd x12:0x00000000 PA:0x80008c8b
        2245000	       223	80000354	1a10d783	lhu	x15,417(x1)	  x1:0x800088b1 x15=0x0000db4e PA:0x80008a52
        2255000	       224	80000358	fdb8a023	sw	x27,-64(x17)	 x17:0x80008d34 x27:0xfffffff5 PA:0x80008cf4
        2265000	       225	8000035c	3b20ce03	lbu	x28,946(x1)	  x1:0x800088b1 x28=0x0000001f PA:0x80008c63
        2275000	       226	80000360	f7a6ab83	lw	x23,-134(x13)	 x13:0x80008916 x23=0x73f713bb PA:0x80008890
        2285000	       227	80000364	0cd68303	lb	x6,205(x13)	 x13:0x80008916  x6=0xffffffec PA:0x800089e3
        2295000	       228	80000368	fde40b03	lb	x22,-34(x8)	  x8:0x80008eda x22=0xffffff82 PA:0x80008eb8
        2305000	       229	8000036c	0e76c003	lbu	x0,231(x13)	 x13:0x80008916 PA:0x800089fd
        2315000	       230	80000370	0168cc03	lbu	x24,22(x17)	 x17:0x80008d34 x24=0x0000004c PA:0x80008d4a
        2325000	       231	80000374	f75686a3	sb	x21,-147(x13)	 x13:0x80008916 x21:0x000000fe PA:0x80008883
        2335000	       232	80000378	5b50aba3	sw	x21,1463(x1)	  x1:0x800088b1 x21:0x000000fe PA:0x80008e68
        2345000	       233	8000037c	01240323	sb	x18,6(x8)	  x8:0x80008eda x18:0x000000c3 PA:0x80008ee0
        2355000	       234	80000380	00644d03	lbu	x26,6(x8)	  x8:0x80008eda x26=0x000000c3 PA:0x80008ee0
        2365000	       235	80000384	0238c103	lbu	x2,35(x17)	 x17:0x80008d34  x2=0x000000cd PA:0x80008d57
        2375000	       236	80000388	00008697	auipc	x13,0x8	 x13=0x80008384
        2385000	       237	8000038c	23e68693	addi	x13,x13,574	 x13:0x80008384 x13=0x800085c2
        2395000	       238	80000390	00968283	lb	x5,9(x13)	 x13:0x800085c2  x5=0xffffffb4 PA:0x800085cb
        2405000	       239	80000394	009684a3	sb	x9,9(x13)	 x13:0x800085c2  x9:0xffffffc3 PA:0x800085cb
        2415000	       240	80000398	009ac3b3	xor	x7,x21,x9	 x21:0x000000fe  x9:0xffffffc3  x7=0xffffff3d
        2425000	       241	8000039c	0096c803	lbu	x16,9(x13)	 x13:0x800085c2 x16=0x000000c3 PA:0x800085cb
        2435000	       242	800003a0	008684a3	sb	x8,9(x13)	 x13:0x800085c2  x8:0x80008eda PA:0x800085cb
        2445000	       243	800003a4	b659f117	auipc	x2,0xb659f	  x2=0x3659f3a0
        2455000	       244	800003a8	0096c503	lbu	x10,9(x13)	 x13:0x800085c2 x10=0x000000da PA:0x800085cb
        2465000	       245	800003ac	0096c083	lbu	x1,9(x13)	 x13:0x800085c2  x1=0x000000da PA:0x800085cb
        2475000	       246	800003b0	595c0c93	addi	x25,x24,1429	 x24:0x0000004c x25=0x000005e1
        2485000	       247	800003b4	017684a3	sb	x23,9(x13)	 x13:0x800085c2 x23:0x73f713bb PA:0x800085cb
        2495000	       248	800003b8	00968203	lb	x4,9(x13)	 x13:0x800085c2  x4=0xffffffbb PA:0x800085cb
        2505000	       249	800003bc	00bd03b3	add	x7,x26,x11	 x26:0x000000c3 x11:0xffffffc9  x7=0x0000008c
        2515000	       250	800003c0	00968903	lb	x18,9(x13)	 x13:0x800085c2 x18=0xffffffbb PA:0x800085cb
        2525000	       251	800003c4	c6d2fb13	andi	x22,x5,-915	  x5:0xffffffb4 x22=0xfffffc24
        2535000	       252	800003c8	011684a3	sb	x17,9(x13)	 x13:0x800085c2 x17:0x80008d34 PA:0x800085cb
        2545000	       253	800003cc	00968d03	lb	x26,9(x13)	 x13:0x800085c2 x26=0x00000034 PA:0x800085cb
        2555000	       254	800003d0	00968083	lb	x1,9(x13)	 x13:0x800085c2  x1=0x00000034 PA:0x800085cb
        2565000	       255	800003d4	00968103	lb	x2,9(x13)	 x13:0x800085c2  x2=0x00000034 PA:0x800085cb
        2575000	       256	800003d8	00968603	lb	x12,9(x13)	 x13:0x800085c2 x12=0x00000034 PA:0x800085cb
        2585000	       257	800003dc	00008117	auipc	x2,0x8	  x2=0x800083d8
        2595000	       258	800003e0	33110113	addi	x2,x2,817	  x2:0x800083d8  x2=0x80008709
        2605000	       259	800003e4	0041ccb3	xor	x25,x3,x4	  x3:0x0000003b  x4:0xffffffbb x25=0xffffff80
        2615000	       260	800003e8	ca6fe493	ori	x9,x31,-858	 x31:0x00000079  x9=0xfffffcff
        2625000	       261	800003ec	03211ea3	sh	x18,61(x2)	  x2:0x80008709 x18:0xffffffbb PA:0x80008746
        2635000	       262	800003f0	fe510f83	lb	x31,-27(x2)	  x2:0x80008709 x31=0xffffffad PA:0x800086ee
        2645000	       263	800003f4	00000013	addi	x0,x0,0	  x0:0x00000000
        2655000	       264	800003f8	ff710723	sb	x23,-18(x2)	  x2:0x80008709 x23:0x73f713bb PA:0x800086f7
        2665000	       265	800003fc	01fb1d33	sll	x26,x22,x31	 x22:0xfffffc24 x31:0xffffffad x26=0xff848000
        2675000	       266	80000400	41eedd93	srai	x27,x29,0x1e	 x29:0x00000077 x27=0x00000000
        2685000	       267	80000404	008109a3	sb	x8,19(x2)	  x2:0x80008709  x8:0x80008eda PA:0x8000871c
        2695000	       268	80000408	cfcdae13	slti	x28,x27,-772	 x27:0x00000000 x28=0x00000000
        2705000	       269	8000040c	00000013	addi	x0,x0,0	  x0:0x00000000
        2715000	       270	80000410	02214a83	lbu	x21,34(x2)	  x2:0x80008709 x21=0x0000000b PA:0x8000872b
        2725000	       271	80000414	fc110a23	sb	x1,-44(x2)	  x2:0x80008709  x1:0x00000034 PA:0x800086dd
        2735000	       272	80000418	00000013	addi	x0,x0,0	  x0:0x00000000
        2745000	       273	8000041c	01121993	slli	x19,x4,0x11	  x4:0xffffffbb x19=0xff760000
        2755000	       274	80000420	00111613	slli	x12,x2,0x1	  x2:0x80008709 x12=0x00010e12
        2765000	       275	80000424	403d01b3	sub	x3,x26,x3	 x26:0xff848000  x3:0x0000003b  x3=0xff847fc5
        2775000	       276	80000428	41add433	sra	x8,x27,x26	 x27:0x00000000 x26:0xff848000  x8=0x00000000
        2785000	       277	8000042c	7112e793	ori	x15,x5,1809	  x5:0xffffffb4 x15=0xffffffb5
        2795000	       278	80000430	ee557293	andi	x5,x10,-283	 x10:0x000000da  x5=0x000000c0
        2805000	       279	80000434	01265c13	srli	x24,x12,0x12	 x12:0x00010e12 x24=0x00000000
        2815000	       280	80000438	fd810ca3	sb	x24,-39(x2)	  x2:0x80008709 x24:0x00000000 PA:0x800086e2
        2825000	       281	8000043c	01834fb3	xor	x31,x6,x24	  x6:0xffffffec x24:0x00000000 x31=0xffffffec
        2835000	       282	80000440	8ff33a93	sltiu	x21,x6,-1793	  x6:0xffffffec x21=0x00000000
        2845000	       283	80000444	6ffe3413	sltiu	x8,x28,1791	 x28:0x00000000  x8=0x00000001
        2855000	       284	80000448	7e8a2297	auipc	x5,0x7e8a2	  x5=0xfe8a2444
        2865000	       285	8000044c	9c683e93	sltiu	x29,x16,-1594	 x16:0x000000c3 x29=0x00000001
        2875000	       286	80000450	03a10023	sb	x26,32(x2)	  x2:0x80008709 x26:0xff848000 PA:0x80008729
        2885000	       287	80000454	53430893	addi	x17,x6,1332	  x6:0xffffffec x17=0x00000520
        2895000	       288	80000458	ffa10f23	sb	x26,-2(x2)	  x2:0x80008709 x26:0xff848000 PA:0x80008707
        2905000	       289	8000045c	57922293	slti	x5,x4,1401	  x4:0xffffffbb  x5=0x00000001
        2915000	       290	80000460	fff10f23	sb	x31,-2(x2)	  x2:0x80008709 x31:0xffffffec PA:0x80008707
        2925000	       291	80000464	00715993	srli	x19,x2,0x7	  x2:0x80008709 x19=0x0100010e
        2935000	       292	80000468	007d85b3	add	x11,x27,x7	 x27:0x00000000  x7:0x0000008c x11=0x0000008c
        2945000	       293	8000046c	40e8d7b3	sra	x15,x17,x14	 x17:0x00000520 x14:0x80009fc4 x15=0x00000052
        2955000	       294	80000470	fd910aa3	sb	x25,-43(x2)	  x2:0x80008709 x25:0xffffff80 PA:0x800086de
        2965000	       295	80000474	219a3993	sltiu	x19,x20,537	 x20:0x80009f84 x19=0x00000000
        2975000	       296	80000478	00240e33	add	x28,x8,x2	  x8:0x00000001  x2:0x80008709 x28=0x8000870a
        2985000	       297	8000047c	01891233	sll	x4,x18,x24	 x18:0xffffffbb x24:0x00000000  x4=0xffffffbb
        2995000	       298	80000480	00210c03	lb	x24,2(x2)	  x2:0x80008709 x24=0x0000004c PA:0x8000870b
        3005000	       299	80000484	fcc10923	sb	x12,-46(x2)	  x2:0x80008709 x12:0x00010e12 PA:0x800086db
        3015000	       300	80000488	fe210983	lb	x19,-30(x2)	  x2:0x80008709 x19=0xffffffa3 PA:0x800086eb
        3025000	       301	8000048c	00410c03	lb	x24,4(x2)	  x2:0x80008709 x24=0x0000002f PA:0x8000870d
        3035000	       302	00000000	00000013	addi	x0,x0,0	  x0:0x00000000
        3045000	       303	80000490	fd814383	lbu	x7,-40(x2)	  x2:0x80008709  x7=0x00000086 PA:0x800086e1
        3055000	       304	80000494	cfba7913	andi	x18,x20,-773	 x20:0x80009f84 x18=0x80009c80
        3065000	       305	80000498	fcc10d83	lb	x27,-52(x2)	  x2:0x80008709 x27=0x00000071 PA:0x800086d5
        3075000	       306	8000049c	01170d33	add	x26,x14,x17	 x14:0x80009fc4 x17:0x00000520 x26=0x8000a4e4
        3085000	       307	800004a0	02e54863	blt	x10,x14,800004d0	 x10:0x000000da x14:0x80009fc4
        3095000	       308	800004a4	027de063	bltu	x27,x7,800004c4	 x27:0x00000071  x7:0x00000086
        3105000	       309	00000000	00000013	addi	x0,x0,0	  x0:0x00000000
        3115000	       310	800004c0	00000013	addi	x0,x0,0	  x0:0x00000000
        3125000	       311	800004c4	41285cb3	sra	x25,x16,x18	 x16:0x000000c3 x18:0x80009c80 x25=0x000000c3
        3135000	       312	800004c8	cb908693	addi	x13,x1,-839	  x1:0x00000034 x13=0xfffffced
        3145000	       313	800004cc	00e54cb3	xor	x25,x10,x14	 x10:0x000000da x14:0x80009fc4 x25=0x80009f1e
        3155000	       314	800004d0	0048c533	xor	x10,x17,x4	 x17:0x00000520  x4:0xffffffbb x10=0xfffffa9b
        3165000	       315	800004d4	000d1393	slli	x7,x26,0x0	 x26:0x8000a4e4  x7=0x8000a4e4
        3175000	       316	800004d8	41235113	srai	x2,x6,0x12	  x6:0xffffffec  x2=0xffffffff
        3185000	       317	800004dc	0622c863	blt	x5,x2,8000054c	  x5:0x00000001  x2:0xffffffff
        3195000	       318	800004e0	93b0fa93	andi	x21,x1,-1733	  x1:0x00000034 x21=0x00000030
        3205000	       319	800004e4	016fb033	sltu	x0,x31,x22	 x31:0xffffffec x22:0xfffffc24
        3215000	       320	800004e8	39c7fe93	andi	x29,x15,924	 x15:0x00000052 x29=0x00000010
        3225000	       321	800004ec	00928533	add	x10,x5,x9	  x5:0x00000001  x9:0xfffffcff x10=0xfffffd00
        3235000	       322	800004f0	066ef063	bgeu	x29,x6,80000550	 x29:0x00000010  x6:0xffffffec
        3245000	       323	800004f4	02a89263	bne	x17,x10,80000518	 x17:0x00000520 x10:0xfffffd00
        3255000	       324	00000000	00000013	addi	x0,x0,0	  x0:0x00000000
        3265000	       325	80000514	00000013	addi	x0,x0,0	  x0:0x00000000
        3275000	       326	80000518	01791113	slli	x2,x18,0x17	 x18:0x80009c80  x2=0x40000000
        3285000	       327	8000051c	4061da93	srai	x21,x3,0x6	  x3:0xff847fc5 x21=0xfffe11ff
        3295000	       328	80000520	01de42b3	xor	x5,x28,x29	 x28:0x8000870a x29:0x00000010  x5=0x8000871a
        3305000	       329	80000524	00000117	auipc	x2,0x0	  x2=0x80000520
        3315000	       330	80000528	41810113	addi	x2,x2,1048	  x2:0x80000520  x2=0x80000938
        3325000	       331	8000052c	40f2de13	srai	x28,x5,0xf	  x5:0x8000871a x28=0xffff0001
        3335000	       332	80000530	3dbcd617	auipc	x12,0x3dbcd	 x12=0xbdbcd52c
        3345000	       333	80000534	2c5d1db7	lui	x27,0x2c5d1	 x27=0x2c5d1000
        3355000	       334	80000538	014182b3	add	x5,x3,x20	  x3:0xff847fc5 x20:0x80009f84  x5=0x7f851f49
        3365000	       335	8000053c	c9b10113	addi	x2,x2,-869	  x2:0x80000938  x2=0x800005d3
        3375000	       336	80000540	66dbfe93	andi	x29,x23,1645	 x23:0x73f713bb x29=0x00000229
        3385000	       337	80000544	365104e7	jalr	x9,x2,869	  x2:0x800005d3  x9=0x80000544
        3395000	       338	00000000	00000013	addi	x0,x0,0	  x0:0x00000000
        3405000	       339	80000938	00000013	addi	x0,x0,0	  x0:0x00000000
        3415000	       340	8000093c	01b5c333	xor	x6,x11,x27	 x11:0x0000008c x27:0x2c5d1000  x6=0x2c5d108c
        3425000	       341	80000940	7a21a093	slti	x1,x3,1954	  x3:0xff847fc5  x1=0x00000001
        3435000	       342	80000944	009bd663	bge	x23,x9,80000950	 x23:0x73f713bb  x9:0x80000544
        3445000	       343	00000000	00000013	addi	x0,x0,0	  x0:0x00000000
        3455000	       344	8000094c	00000013	addi	x0,x0,0	  x0:0x00000000
        3465000	       345	80000950	ff4a0a13	addi	x20,x20,-12	 x20:0x80009f84 x20=0x80009f78
        3475000	       346	80000954	009a2223	sw	x9,4(x20)	 x20:0x80009f78  x9:0x80000544 PA:0x80009f7c
        3485000	       347	80000958	40ab0933	sub	x18,x22,x10	 x22:0xfffffc24 x10:0xfffffd00 x18=0xffffff24
        3495000	       348	8000095c	413ed213	srai	x4,x29,0x13	 x29:0x00000229  x4=0x00000000
        3505000	       349	80000960	01449033	sll	x0,x9,x20	  x9:0x80000544 x20:0x80009f78
        3515000	       350	80000964	132ba013	slti	x0,x23,306	 x23:0x73f713bb
        3525000	       351	80000968	417054b3	sra	x9,x0,x23	  x0:0x00000000 x23:0x73f713bb  x9=0x00000000
        3535000	       352	8000096c	41e55db3	sra	x27,x10,x30	 x10:0xfffffd00 x30:0x00000000 x27=0xfffffd00
        3545000	       353	80000970	00e25e93	srli	x29,x4,0xe	  x4:0x00000000 x29=0x00000000
        3555000	       354	80000974	418985b3	sub	x11,x19,x24	 x19:0xffffffa3 x24:0x0000002f x11=0xffffff74
        3565000	       355	80000978	3daff413	andi	x8,x31,986	 x31:0xffffffec  x8=0x000003c8
        3575000	       356	8000097c	00000013	addi	x0,x0,0	  x0:0x00000000
        3585000	       357	80000980	444004ef	jal	x9,80000980	  x9=0x80000980
        3595000	       358	00000000	00000013	addi	x0,x0,0	  x0:0x00000000
        3605000	       359	80000dc0	00000013	addi	x0,x0,0	  x0:0x00000000
        3615000	       360	80000dc4	004785b3	add	x11,x15,x4	 x15:0x00000052  x4:0x00000000 x11=0x00000052
        3625000	       361	80000dc8	01bfc033	xor	x0,x31,x27	 x31:0xffffffec x27:0xfffffd00
        3635000	       362	80000dcc	4190d513	srai	x10,x1,0x19	  x1:0x00000001 x10=0x00000000
        3645000	       363	80000dd0	fe8a0a13	addi	x20,x20,-24	 x20:0x80009f78 x20=0x80009f60
        3655000	       364	80000dd4	40028cb3	sub	x25,x5,x0	  x5:0x7f851f49  x0:0x00000000 x25=0x7f851f49
        3665000	       365	80000dd8	009a2223	sw	x9,4(x20)	 x20:0x80009f60  x9:0x80000980 PA:0x80009f64
        3675000	       366	80000ddc	325dab17	auipc	x22,0x325da	 x22=0xb25dadd8
        3685000	       367	80000de0	00008117	auipc	x2,0x8	  x2=0x80008ddc
        3695000	       368	80000de4	15d10113	addi	x2,x2,349	  x2:0x80008ddc  x2=0x80008f39
        3705000	       369	80000de8	ffa14503	lbu	x10,-6(x2)	  x2:0x80008f39 x10=0x000000bc PA:0x80008f33
        3715000	       370	80000dec	ff610c23	sb	x22,-8(x2)	  x2:0x80008f39 x22:0xb25dadd8 PA:0x80008f31
        3725000	       371	80000df0	00314a83	lbu	x21,3(x2)	  x2:0x80008f39 x21=0x000000a1 PA:0x80008f3c
        3735000	       372	80000df4	fef10c23	sb	x15,-8(x2)	  x2:0x80008f39 x15:0x00000052 PA:0x80008f31
        3745000	       373	80000df8	fe910ea3	sb	x9,-3(x2)	  x2:0x80008f39  x9:0x80000980 PA:0x80008f36
        3755000	       374	80000dfc	ffc10303	lb	x6,-4(x2)	  x2:0x80008f39  x6=0x0000005f PA:0x80008f35
        3765000	       375	80000e00	ff614403	lbu	x8,-10(x2)	  x2:0x80008f39  x8=0x000000c0 PA:0x80008f2f
        3775000	       376	80000e04	41c48b33	sub	x22,x9,x28	  x9:0x80000980 x28:0xffff0001 x22=0x8001097f
        3785000	       377	80000e08	fe810b23	sb	x8,-10(x2)	  x2:0x80008f39  x8:0x000000c0 PA:0x80008f2f
        3795000	       378	80000e0c	00805613	srli	x12,x0,0x8	  x0:0x00000000 x12=0x00000000
        3805000	       379	80000e10	ffa10e23	sb	x26,-4(x2)	  x2:0x80008f39 x26:0x8000a4e4 PA:0x80008f35
        3815000	       380	80000e14	6a60f813	andi	x16,x1,1702	  x1:0x00000001 x16=0x00000000
        3825000	       381	80000e18	ff510203	lb	x4,-11(x2)	  x2:0x80008f39  x4=0xffffffde PA:0x80008f2e
        3835000	       382	80000e1c	ff514883	lbu	x17,-11(x2)	  x2:0x80008f39 x17=0x000000de PA:0x80008f2e
        3845000	       383	80000e20	00814083	lbu	x1,8(x2)	  x2:0x80008f39  x1=0x000000e2 PA:0x80008f41
        3855000	       384	80000e24	ff814383	lbu	x7,-8(x2)	  x2:0x80008f39  x7=0x00000052 PA:0x80008f31
        3865000	       385	80000e28	ff810683	lb	x13,-8(x2)	  x2:0x80008f39 x13=0x00000052 PA:0x80008f31
        3875000	       386	80000e2c	01fe02b3	add	x5,x28,x31	 x28:0xffff0001 x31:0xffffffec  x5=0xfffeffed
        3885000	       387	80000e30	fea10923	sb	x10,-14(x2)	  x2:0x80008f39 x10:0x000000bc PA:0x80008f2b
        3895000	       388	80000e34	fee10923	sb	x14,-14(x2)	  x2:0x80008f39 x14:0x80009fc4 PA:0x80008f2b
        3905000	       389	80000e38	00a14c03	lbu	x24,10(x2)	  x2:0x80008f39 x24=0x00000007 PA:0x80008f43
        3915000	       390	80000e3c	00814c83	lbu	x25,8(x2)	  x2:0x80008f39 x25=0x000000e2 PA:0x80008f41
        3925000	       391	80000e40	00008d97	auipc	x27,0x8	 x27=0x80008e3c
        3935000	       392	80000e44	edad8d93	addi	x27,x27,-294	 x27:0x80008e3c x27=0x80008d16
        3945000	       393	80000e48	007d8d03	lb	x26,7(x27)	 x27:0x80008d16 x26=0x00000064 PA:0x80008d1d
        3955000	       394	80000e4c	00bdcc83	lbu	x25,11(x27)	 x27:0x80008d16 x25=0x00000055 PA:0x80008d21
        3965000	       395	00000000	00000013	addi	x0,x0,0	  x0:0x00000000
        3975000	       396	80000e50	019c71b3	and	x3,x24,x25	 x24:0x00000007 x25:0x00000055  x3=0x00000005
        3985000	       397	80000e54	0111d313	srli	x6,x3,0x11	  x3:0x00000005  x6=0x00000000
        3995000	       398	80000e58	00bdc283	lbu	x5,11(x27)	 x27:0x80008d16  x5=0x00000055 PA:0x80008d21
        4005000	       399	80000e5c	fefd8ca3	sb	x15,-7(x27)	 x27:0x80008d16 x15:0x00000052 PA:0x80008d0f
        4015000	       400	80000e60	00d81493	slli	x9,x16,0xd	 x16:0x00000000  x9=0x00000000
        4025000	       401	80000e64	403153b3	sra	x7,x2,x3	  x2:0x80008f39  x3:0x00000005  x7=0xfc000479
        4035000	       402	80000e68	41add493	srai	x9,x27,0x1a	 x27:0x80008d16  x9=0xffffffe0
        4045000	       403	80000e6c	008d9403	lh	x8,8(x27)	 x27:0x80008d16  x8=0xffffa743 PA:0x80008d1e
        4055000	       404	80000e70	01b9b2b3	sltu	x5,x19,x27	 x19:0xffffffa3 x27:0x80008d16  x5=0x00000000
        4065000	       405	80000e74	ff6d88a3	sb	x22,-15(x27)	 x27:0x80008d16 x22:0x8001097f PA:0x80008d07
        4075000	       406	80000e78	01dd84a3	sb	x29,9(x27)	 x27:0x80008d16 x29:0x00000000 PA:0x80008d1f
        4085000	       407	80000e7c	01f68cb3	add	x25,x13,x31	 x13:0x00000052 x31:0xffffffec x25=0x0000003e
        4095000	       408	80000e80	00099eb3	sll	x29,x19,x0	 x19:0xffffffa3  x0:0x00000000 x29=0xffffffa3
        4105000	       409	80000e84	005d8e03	lb	x28,5(x27)	 x27:0x80008d16 x28=0x0000000c PA:0x80008d1b
        4115000	       410	80000e88	36f5bf93	sltiu	x31,x11,879	 x11:0x00000052 x31=0x00000001
        4125000	       411	80000e8c	009a04b3	add	x9,x20,x9	 x20:0x80009f60  x9:0xffffffe0  x9=0x80009f40
        4135000	       412	80000e90	ff3d8303	lb	x6,-13(x27)	 x27:0x80008d16  x6=0x00000052 PA:0x80008d09
        4145000	       413	80000e94	f2451897	auipc	x17,0xf2451	 x17=0x72451e90
        4155000	       414	80000e98	406c0d33	sub	x26,x24,x6	 x24:0x00000007  x6:0x00000052 x26=0xffffffb5
        4165000	       415	80000e9c	a1a3f013	andi	x0,x7,-1510	  x7:0xfc000479
        4175000	       416	80000ea0	feddad23	sw	x13,-6(x27)	 x27:0x80008d16 x13:0x00000052 PA:0x80008d10
        4185000	       417	80000ea4	00adae83	lw	x29,10(x27)	 x27:0x80008d16 x29=0xec8d558f PA:0x80008d20
        4195000	       418	80000ea8	00aaf1b3	and	x3,x21,x10	 x21:0x000000a1 x10:0x000000bc  x3=0x000000a0
        4205000	       419	80000eac	ebc7ac13	slti	x24,x15,-324	 x15:0x00000052 x24=0x00000000
        4215000	       420	80000eb0	003f1293	slli	x5,x30,0x3	 x30:0x00000000  x5=0x00000000
        4225000	       421	80000eb4	40840433	sub	x8,x8,x8	  x8:0xffffa743  x8:0xffffa743  x8=0x00000000
        4235000	       422	80000eb8	003eee33	or	x28,x29,x3	 x29:0xec8d558f  x3:0x000000a0 x28=0xec8d55af
        4245000	       423	80000ebc	01921113	slli	x2,x4,0x19	  x4:0xffffffde  x2=0xbc000000
        4255000	       424	80000ec0	d003a913	slti	x18,x7,-768	  x7:0xfc000479 x18=0x00000001
        4265000	       425	80000ec4	d023e513	ori	x10,x7,-766	  x7:0xfc000479 x10=0xfffffd7b
        4275000	       426	80000ec8	005d9223	sh	x5,4(x27)	 x27:0x80008d16  x5:0x00000000 PA:0x80008d1a
        4285000	       427	80000ecc	00008c17	auipc	x24,0x8	 x24=0x80008ec8
        4295000	       428	80000ed0	f94c0c13	addi	x24,x24,-108	 x24:0x80008ec8 x24=0x80008e5c
        4305000	       429	80000ed4	0eac2823	sw	x10,240(x24)	 x24:0x80008e5c x10:0xfffffd7b PA:0x80008f4c
        4315000	       430	80000ed8	01729093	slli	x1,x5,0x17	  x5:0x00000000  x1=0x00000000
        4325000	       431	80000edc	0ecc0823	sb	x12,240(x24)	 x24:0x80008e5c x12:0x00000000 PA:0x80008f4c
        4335000	       432	80000ee0	0f0c1303	lh	x6,240(x24)	 x24:0x80008e5c  x6=0xfffffd00 PA:0x80008f4c
        4345000	       433	80000ee4	01ed81b3	add	x3,x27,x30	 x27:0x80008d16 x30:0x00000000  x3=0x80008d16
        4355000	       434	80000ee8	fd0c0fa3	sb	x16,-33(x24)	 x24:0x80008e5c x16:0x00000000 PA:0x80008e3b
        4365000	       435	80000eec	fcfc0fa3	sb	x15,-33(x24)	 x24:0x80008e5c x15:0x00000052 PA:0x80008e3b
        4375000	       436	80000ef0	fa3c4683	lbu	x13,-93(x24)	 x24:0x80008e5c x13=0x000000ec PA:0x80008dff
        4385000	       437	80000ef4	fa0c01a3	sb	x0,-93(x24)	 x24:0x80008e5c  x0:0x00000000 PA:0x80008dff
        4395000	       438	80000ef8	fa3c4e03	lbu	x28,-93(x24)	 x24:0x80008e5c x28=0x00000000 PA:0x80008dff
        4405000	       439	80000efc	fa3c0583	lb	x11,-93(x24)	 x24:0x80008e5c x11=0x00000000 PA:0x80008dff
        4415000	       440	80000f00	00a1dfb3	srl	x31,x3,x10	  x3:0x80008d16 x10:0xfffffd7b x31=0x00000010
        4425000	       441	80000f04	f36c04a3	sb	x22,-215(x24)	 x24:0x80008e5c x22:0x8001097f PA:0x80008d85
        4435000	       442	80000f08	4126db13	srai	x22,x13,0x12	 x13:0x000000ec x22=0x00000000
        4445000	       443	80000f0c	f29c4183	lbu	x3,-215(x24)	 x24:0x80008e5c  x3=0x0000007f PA:0x80008d85
        4455000	       444	80000f10	40c951b3	sra	x3,x18,x12	 x18:0x00000001 x12:0x00000000  x3=0x00000001
        4465000	       445	80000f14	f29c4903	lbu	x18,-215(x24)	 x24:0x80008e5c x18=0x0000007f PA:0x80008d85
        4475000	       446	80000f18	fc9c1523	sh	x9,-54(x24)	 x24:0x80008e5c  x9:0x80009f40 PA:0x80008e26
        4485000	       447	80000f1c	91e87013	andi	x0,x16,-1762	 x16:0x00000000
        4495000	       448	80000f20	fcac5903	lhu	x18,-54(x24)	 x24:0x80008e5c x18=0x00009f40 PA:0x80008e26
        4505000	       449	80000f24	019c05a3	sb	x25,11(x24)	 x24:0x80008e5c x25:0x0000003e PA:0x80008e67
        4515000	       450	80000f28	00000013	addi	x0,x0,0	  x0:0x00000000
        4525000	       451	80000f2c	019c05a3	sb	x25,11(x24)	 x24:0x80008e5c x25:0x0000003e PA:0x80008e67
        4535000	       452	80000f30	00008817	auipc	x16,0x8	 x16=0x80008f2c
        4545000	       453	80000f34	8ad80813	addi	x16,x16,-1875	 x16:0x80008f2c x16=0x800087d9
        4555000	       454	80000f38	00007117	auipc	x2,0x7	  x2=0x80007f34
        4565000	       455	80000f3c	22010113	addi	x2,x2,544	  x2:0x80007f34  x2=0x80008154
        4575000	       456	80000f40	ff980fa3	sb	x25,-1(x16)	 x16:0x800087d9 x25:0x0000003e PA:0x800087d8
        4585000	       457	80000f44	00008917	auipc	x18,0x8	 x18=0x80008f40
        4595000	       458	80000f48	87290913	addi	x18,x18,-1934	 x18:0x80008f40 x18=0x800087b2
        4605000	       459	80000f4c	028102a3	sb	x8,37(x2)	  x2:0x80008154  x8:0x00000000 PA:0x80008179
        4615000	       460	80000f50	01084f83	lbu	x31,16(x16)	 x16:0x800087d9 x31=0x000000f1 PA:0x800087e9
        4625000	       461	80000f54	fc510d83	lb	x27,-59(x2)	  x2:0x80008154 x27=0xffffff94 PA:0x80008119
        4635000	       462	80000f58	fc394583	lbu	x11,-61(x18)	 x18:0x800087b2 x11=0x000000de PA:0x80008775
        4645000	       463	80000f5c	00394083	lbu	x1,3(x18)	 x18:0x800087b2  x1=0x0000006a PA:0x800087b5
        4655000	       464	00000000	00000013	addi	x0,x0,0	  x0:0x00000000
        4665000	       465	80000f60	00181d03	lh	x26,1(x16)	 x16:0x800087d9 x26=0xffffb986 PA:0x800087da
        4675000	       466	80000f64	00008c97	auipc	x25,0x8	 x25=0x80008f60
        4685000	       467	80000f68	8a8c8c93	addi	x25,x25,-1880	 x25:0x80008f60 x25=0x80008808
        4695000	       468	80000f6c	03a105a3	sb	x26,43(x2)	  x2:0x80008154 x26:0xffffb986 PA:0x8000817f
        4705000	       469	80000f70	eb1cca83	lbu	x21,-335(x25)	 x25:0x80008808 x21=0x0000004c PA:0x800086b9
        4715000	       470	80000f74	feb80ba3	sb	x11,-9(x16)	 x16:0x800087d9 x11:0x000000de PA:0x800087d0
        4725000	       471	80000f78	b55c8883	lb	x17,-1195(x25)	 x25:0x80008808 x17=0x0000004d PA:0x8000835d
        4735000	       472	80000f7c	ffc80403	lb	x8,-4(x16)	 x16:0x800087d9  x8=0xffffff9e PA:0x800087d5
        4745000	       473	80000f80	e1ecc183	lbu	x3,-482(x25)	 x25:0x80008808  x3=0x000000a2 PA:0x80008626
        4755000	       474	80000f84	846c8883	lb	x17,-1978(x25)	 x25:0x80008808 x17=0xffffffdd PA:0x8000804e
        4765000	       475	80000f88	00781a83	lh	x21,7(x16)	 x16:0x800087d9 x21=0x00006e84 PA:0x800087e0
        4775000	       476	80000f8c	02b90483	lb	x9,43(x18)	 x18:0x800087b2  x9=0x0000003e PA:0x800087dd
        4785000	       477	80000f90	fe014483	lbu	x9,-32(x2)	  x2:0x80008154  x9=0x00000034 PA:0x80008134
        4795000	       478	80000f94	8d4c9783	lh	x15,-1836(x25)	 x25:0x80008808 x15=0xffffd3d1 PA:0x800080dc
        4805000	       479	80000f98	01f14f83	lbu	x31,31(x2)	  x2:0x80008154 x31=0x000000c3 PA:0x80008173
        4815000	       480	80000f9c	ff280503	lb	x10,-14(x16)	 x16:0x800087d9 x10=0xffffff89 PA:0x800087cb
        4825000	       481	80000fa0	8c0cc203	lbu	x4,-1856(x25)	 x25:0x80008808  x4=0x00000023 PA:0x800080c8
        4835000	       482	80000fa4	fca92a83	lw	x21,-54(x18)	 x18:0x800087b2 x21=0x7c75a07e PA:0x8000877c
        4845000	       483	80000fa8	d45cc783	lbu	x15,-699(x25)	 x25:0x80008808 x15=0x00000031 PA:0x8000854d
        4855000	       484	80000fac	fdf92523	sw	x31,-54(x18)	 x18:0x800087b2 x31:0x000000c3 PA:0x8000877c
        4865000	       485	80000fb0	aa2c8483	lb	x9,-1374(x25)	 x25:0x80008808  x9=0xffffffd8 PA:0x800082aa
        4875000	       486	80000fb4	fd010d03	lb	x26,-48(x2)	  x2:0x80008154 x26=0xffffffd3 PA:0x80008124
        4885000	       487	80000fb8	01f90d03	lb	x26,31(x18)	 x18:0x800087b2 x26=0xffffffc6 PA:0x800087d1
        4895000	       488	80000fbc	00d85583	lhu	x11,13(x16)	 x16:0x800087d9 x11=0x00000715 PA:0x800087e6
        4905000	       489	80000fc0	84dc82a3	sb	x13,-1979(x25)	 x25:0x80008808 x13:0x000000ec PA:0x8000804d
        4915000	       490	80000fc4	03010623	sb	x16,44(x2)	  x2:0x80008154 x16:0x800087d9 PA:0x80008180
        4925000	       491	80000fc8	fd790b83	lb	x23,-41(x18)	 x18:0x800087b2 x23=0xffffffbe PA:0x80008789
        4935000	       492	80000fcc	00007297	auipc	x5,0x7	  x5=0x80007fc8
        4945000	       493	80000fd0	1d428293	addi	x5,x5,468	  x5:0x80007fc8  x5=0x8000819c
        4955000	       494	80000fd4	00007e97	auipc	x29,0x7	 x29=0x80007fd0
        4965000	       495	80000fd8	66be8e93	addi	x29,x29,1643	 x29:0x80007fd0 x29=0x8000863b
        4975000	       496	80000fdc	00007997	auipc	x19,0x7	 x19=0x80007fd8
        4985000	       497	80000fe0	23d98993	addi	x19,x19,573	 x19:0x80007fd8 x19=0x80008215
        4995000	       498	80000fe4	009e9083	lh	x1,9(x29)	 x29:0x8000863b  x1=0x00002887 PA:0x80008644
        5005000	       499	80000fe8	faa284a3	sb	x10,-87(x5)	  x5:0x8000819c x10:0xffffff89 PA:0x80008145
        5015000	       500	80000fec	fd528623	sb	x21,-52(x5)	  x5:0x8000819c x21:0x7c75a07e PA:0x80008168
        5025000	       501	80000ff0	350980a3	sb	x16,833(x19)	 x19:0x80008215 x16:0x800087d9 PA:0x80008556
        5035000	       502	80000ff4	04f98c83	lb	x25,79(x19)	 x19:0x80008215 x25=0x0000006b PA:0x80008264
        5045000	       503	80000ff8	018e97a3	sh	x24,15(x29)	 x29:0x8000863b x24:0x80008e5c PA:0x8000864a
        5055000	       504	80000ffc	fc3ecb83	lbu	x23,-61(x29)	 x29:0x8000863b x23=0x000000a4 PA:0x800085fe
        5065000	       505	80001000	3ae98403	lb	x8,942(x19)	 x19:0x80008215  x8=0x00000003 PA:0x800085c3
        5075000	       506	80001004	fbd2c803	lbu	x16,-67(x5)	  x5:0x8000819c x16=0x000000ee PA:0x80008159
        5085000	       507	80001008	52098423	sb	x0,1320(x19)	 x19:0x80008215  x0:0x00000000 PA:0x8000873d
        5095000	       508	8000100c	08e2ce03	lbu	x28,142(x5)	  x5:0x8000819c x28=0x000000ce PA:0x8000822a
        5105000	       509	80001010	feee8583	lb	x11,-18(x29)	 x29:0x8000863b x11=0xffffff84 PA:0x80008629
        5115000	       510	80001014	f249c203	lbu	x4,-220(x19)	 x19:0x80008215  x4=0x000000d5 PA:0x80008139
        5125000	       511	80001018	f9c2ab83	lw	x23,-100(x5)	  x5:0x8000819c x23=0xc5afd5d4 PA:0x80008138
        5135000	       512	8000101c	f4028d03	lb	x26,-192(x5)	  x5:0x8000819c x26=0xffffffd1 PA:0x800080dc
        5145000	       513	80001020	00ee8903	lb	x18,14(x29)	 x29:0x8000863b x18=0x00000032 PA:0x80008649
        5155000	       514	80001024	1029cf83	lbu	x31,258(x19)	 x19:0x80008215 x31=0x00000017 PA:0x80008317
        5165000	       515	80001028	00008197	auipc	x3,0x8	  x3=0x80009024
        5175000	       516	8000102c	f3f18193	addi	x3,x3,-193	  x3:0x80009024  x3=0x80008f63
        5185000	       517	80001030	fef1aea3	sw	x15,-3(x3)	  x3:0x80008f63 x15:0x00000031 PA:0x80008f60
        5195000	       518	80001034	01eea133	slt	x2,x29,x30	 x29:0x8000863b x30:0x00000000  x2=0x00000001
        5205000	       519	80001038	09508913	addi	x18,x1,149	  x1:0x00002887 x18=0x0000291c
        5215000	       520	8000103c	fef1aea3	sw	x15,-3(x3)	  x3:0x80008f63 x15:0x00000031 PA:0x80008f60
        5225000	       521	80001040	ffd1aea3	sw	x29,-3(x3)	  x3:0x80008f63 x29:0x8000863b PA:0x80008f60
        5235000	       522	80001044	fe318ea3	sb	x3,-3(x3)	  x3:0x80008f63  x3:0x80008f63 PA:0x80008f60
        5245000	       523	80001048	fe918ea3	sb	x9,-3(x3)	  x3:0x80008f63  x9:0xffffffd8 PA:0x80008f60
        5255000	       524	8000104c	ffd1a483	lw	x9,-3(x3)	  x3:0x80008f63  x9=0x800086d8 PA:0x80008f60
        5265000	       525	80001050	ff719ea3	sh	x23,-3(x3)	  x3:0x80008f63 x23:0xc5afd5d4 PA:0x80008f60
        5275000	       526	80001054	ff51aea3	sw	x21,-3(x3)	  x3:0x80008f63 x21:0x7c75a07e PA:0x80008f60
        5285000	       527	80001058	ff219ea3	sh	x18,-3(x3)	  x3:0x80008f63 x18:0x0000291c PA:0x80008f60
        5295000	       528	8000105c	04eb6bb7	lui	x23,0x4eb6	 x23=0x04eb6000
        5305000	       529	80001060	ffd19383	lh	x7,-3(x3)	  x3:0x80008f63  x7=0x0000291c PA:0x80008f60
        5315000	       530	80001064	ffd18883	lb	x17,-3(x3)	  x3:0x80008f63 x17=0x0000001c PA:0x80008f60
        5325000	       531	80001068	ff018ea3	sb	x16,-3(x3)	  x3:0x80008f63 x16:0x000000ee PA:0x80008f60
        5335000	       532	8000106c	fe31aea3	sw	x3,-3(x3)	  x3:0x80008f63  x3:0x80008f63 PA:0x80008f60
        5345000	       533	80001070	ffe18ea3	sb	x30,-3(x3)	  x3:0x80008f63 x30:0x00000000 PA:0x80008f60
        5355000	       534	80001074	fff1aea3	sw	x31,-3(x3)	  x3:0x80008f63 x31:0x00000017 PA:0x80008f60
        5365000	       535	80001078	fec18623	sb	x12,-20(x3)	  x3:0x80008f63 x12:0x00000000 PA:0x80008f4f
        5375000	       536	8000107c	011a1493	slli	x9,x20,0x11	 x20:0x80009f60  x9=0x3ec00000
        5385000	       537	80001080	0089aeb3	slt	x29,x19,x8	 x19:0x80008215  x8:0x00000003 x29=0x00000001
        5395000	       538	80001084	fec1cd03	lbu	x26,-20(x3)	  x3:0x80008f63 x26=0x00000000 PA:0x80008f4f
        5405000	       539	80001088	ff41c583	lbu	x11,-12(x3)	  x3:0x80008f63 x11=0x000000cb PA:0x80008f57
        5415000	       540	8000108c	ff41ce03	lbu	x28,-12(x3)	  x3:0x80008f63 x28=0x000000cb PA:0x80008f57
        5425000	       541	80001090	00008617	auipc	x12,0x8	 x12=0x8000908c
        5435000	       542	80001094	c1060613	addi	x12,x12,-1008	 x12:0x8000908c x12=0x80008c9c
        5445000	       543	80001098	00008997	auipc	x19,0x8	 x19=0x80009094
        5455000	       544	8000109c	e3d98993	addi	x19,x19,-451	 x19:0x80009094 x19=0x80008ed1
        5465000	       545	800010a0	00008417	auipc	x8,0x8	  x8=0x8000909c
        5475000	       546	800010a4	9ec40413	addi	x8,x8,-1556	  x8:0x8000909c  x8=0x80008a88
        5485000	       547	800010a8	f0298523	sb	x2,-246(x19)	 x19:0x80008ed1  x2:0x00000001 PA:0x80008ddb
        5495000	       548	800010ac	01f64b03	lbu	x22,31(x12)	 x12:0x80008c9c x22=0x000000f4 PA:0x80008cbb
        5505000	       549	800010b0	00008217	auipc	x4,0x8	  x4=0x800090ac
        5515000	       550	800010b4	ad020213	addi	x4,x4,-1328	  x4:0x800090ac  x4=0x80008b7c
        5525000	       551	800010b8	03e98da3	sb	x30,59(x19)	 x19:0x80008ed1 x30:0x00000000 PA:0x80008f0c
        5535000	       552	800010bc	00008e17	auipc	x28,0x8	 x28=0x800090b8
        5545000	       553	800010c0	97ee0e13	addi	x28,x28,-1666	 x28:0x800090b8 x28=0x80008a36
        5555000	       554	800010c4	fc560c03	lb	x24,-59(x12)	 x12:0x80008c9c x24=0x00000008 PA:0x80008c61
        5565000	       555	800010c8	0a7e0b23	sb	x7,182(x28)	 x28:0x80008a36  x7:0x0000291c PA:0x80008aec
        5575000	       556	800010cc	fcf60683	lb	x13,-49(x12)	 x12:0x80008c9c x13=0xffffff85 PA:0x80008c6b
        5585000	       557	800010d0	0dc98803	lb	x16,220(x19)	 x19:0x80008ed1 x16=0xffffff8c PA:0x80008fad
        5595000	       558	800010d4	ffae00a3	sb	x26,-31(x28)	 x28:0x80008a36 x26:0x00000000 PA:0x80008a17
        5605000	       559	800010d8	01a401a3	sb	x26,3(x8)	  x8:0x80008a88 x26:0x00000000 PA:0x80008a8b
        5615000	       560	800010dc	0bb99683	lh	x13,187(x19)	 x19:0x80008ed1 x13=0x000000d0 PA:0x80008f8c
        5625000	       561	800010e0	0ee25b03	lhu	x22,238(x4)	  x4:0x80008b7c x22=0x000085c3 PA:0x80008c6a
        5635000	       562	800010e4	07220c03	lb	x24,114(x4)	  x4:0x80008b7c x24=0x00000037 PA:0x80008bee
        5645000	       563	800010e8	fc0e1f83	lh	x31,-64(x28)	 x28:0x80008a36 x31=0xffffc705 PA:0x800089f6
        5655000	       564	800010ec	0cc20783	lb	x15,204(x4)	  x4:0x80008b7c x15=0xffffff98 PA:0x80008c48
        5665000	       565	800010f0	0c098903	lb	x18,192(x19)	 x19:0x80008ed1 x18=0x0000001d PA:0x80008f91
        5675000	       566	800010f4	fd862483	lw	x9,-40(x12)	 x12:0x80008c9c  x9=0xe48c5b7c PA:0x80008c74
        5685000	       567	800010f8	04724c03	lbu	x24,71(x4)	  x4:0x80008b7c x24=0x0000001b PA:0x80008bc3
        5695000	       568	800010fc	fd660b23	sb	x22,-42(x12)	 x12:0x80008c9c x22:0x000085c3 PA:0x80008c72
        5705000	       569	80001100	064e0323	sb	x4,102(x28)	 x28:0x80008a36  x4:0x80008b7c PA:0x80008a9c
        5715000	       570	80001104	0bc40ca3	sb	x28,185(x8)	  x8:0x80008a88 x28:0x80008a36 PA:0x80008b41
        5725000	       571	80001108	f1c24f83	lbu	x31,-228(x4)	  x4:0x80008b7c x31=0x0000008f PA:0x80008a98
        5735000	       572	8000110c	fd364b83	lbu	x23,-45(x12)	 x12:0x80008c9c x23=0x0000005b PA:0x80008c6f
        5745000	       573	80001110	05020283	lb	x5,80(x4)	  x4:0x80008b7c  x5=0xffffffe4 PA:0x80008bcc
        5755000	       574	80001114	05998823	sb	x25,80(x19)	 x19:0x80008ed1 x25:0x0000006b PA:0x80008f21
        5765000	       575	80001118	fc764c03	lbu	x24,-57(x12)	 x12:0x80008c9c x24=0x0000001f PA:0x80008c63
        5775000	       576	8000111c	08740c03	lb	x24,135(x8)	  x8:0x80008a88 x24=0x00000034 PA:0x80008b0f
        5785000	       577	80001120	0eb9a483	lw	x9,235(x19)	 x19:0x80008ed1  x9=0xa9186c4c PA:0x80008fbc
        5795000	       578	80001124	fcae1803	lh	x16,-54(x28)	 x28:0x80008a36 x16=0xffffa691 PA:0x80008a00
        5805000	       579	80001128	0dc45803	lhu	x16,220(x8)	  x8:0x80008a88 x16=0x00008c43 PA:0x80008b64
        5815000	       580	8000112c	fc364383	lbu	x7,-61(x12)	 x12:0x80008c9c  x7=0x0000001d PA:0x80008c5f
        5825000	       581	80001130	01360fa3	sb	x19,31(x12)	 x12:0x80008c9c x19:0x80008ed1 PA:0x80008cbb
        5835000	       582	80001134	04842503	lw	x10,72(x8)	  x8:0x80008a88 x10=0xa587e02b PA:0x80008ad0
        5845000	       583	80001138	00008497	auipc	x9,0x8	  x9=0x80009134
        5855000	       584	8000113c	9a948493	addi	x9,x9,-1623	  x9:0x80009134  x9=0x80008add
        5865000	       585	80001140	41e48e03	lb	x28,1054(x9)	  x9:0x80008add x28=0x00000061 PA:0x80008efb
        5875000	       586	80001144	41e4c383	lbu	x7,1054(x9)	  x9:0x80008add  x7=0x00000061 PA:0x80008efb
        5885000	       587	80001148	41a78033	sub	x0,x15,x26	 x15:0xffffff98 x26:0x00000000
        5895000	       588	8000114c	41e48e03	lb	x28,1054(x9)	  x9:0x80008add x28=0x00000061 PA:0x80008efb
        5905000	       589	80001150	41e48803	lb	x16,1054(x9)	  x9:0x80008add x16=0x00000061 PA:0x80008efb
        5915000	       590	80001154	eb34c683	lbu	x13,-333(x9)	  x9:0x80008add x13=0x00000033 PA:0x80008990
        5925000	       591	80001158	eb34a583	lw	x11,-333(x9)	  x9:0x80008add x11=0xc598e333 PA:0x80008990
        5935000	       592	8000115c	eb34af83	lw	x31,-333(x9)	  x9:0x80008add x31=0xc598e333 PA:0x80008990
        5945000	       593	80001160	01c9ce33	xor	x28,x19,x28	 x19:0x80008ed1 x28:0x00000061 x28=0x80008eb0
        5955000	       594	80001164	ea8489a3	sb	x8,-333(x9)	  x9:0x80008add  x8:0x80008a88 PA:0x80008990
        5965000	       595	80001168	ead489a3	sb	x13,-333(x9)	  x9:0x80008add x13:0x00000033 PA:0x80008990
        5975000	       596	8000116c	eb34da83	lhu	x21,-333(x9)	  x9:0x80008add x21=0x0000e333 PA:0x80008990
        5985000	       597	80001170	00dc01b3	add	x3,x24,x13	 x24:0x00000034 x13:0x00000033  x3=0x00000067
        5995000	       598	80001174	ebe4a9a3	sw	x30,-333(x9)	  x9:0x80008add x30:0x00000000 PA:0x80008990
        6005000	       599	80001178	196d4013	xori	x0,x26,406	 x26:0x00000000
        6015000	       600	8000117c	01e25ab3	srl	x21,x4,x30	  x4:0x80008b7c x30:0x00000000 x21=0x80008b7c
        6025000	       601	80001180	eb34a683	lw	x13,-333(x9)	  x9:0x80008add x13=0x00000000 PA:0x80008990
        6035000	       602	80001184	20262d13	slti	x26,x12,514	 x12:0x80008c9c x26=0x00000001
        6045000	       603	80001188	1be60513	addi	x10,x12,446	 x12:0x80008c9c x10=0x80008e5a
        6055000	       604	8000118c	eb348903	lb	x18,-333(x9)	  x9:0x80008add x18=0x00000000 PA:0x80008990
        6065000	       605	80001190	00008e17	auipc	x28,0x8	 x28=0x8000918c
        6075000	       606	80001194	c9ae0e13	addi	x28,x28,-870	 x28:0x8000918c x28=0x80008e26
        6085000	       607	80001198	c77e4d83	lbu	x27,-905(x28)	 x28:0x80008e26 x27=0x0000001d PA:0x80008a9d
        6095000	       608	8000119c	00007697	auipc	x13,0x7	 x13=0x80008198
        6105000	       609	800011a0	72968693	addi	x13,x13,1833	 x13:0x80008198 x13=0x800088c1
        6115000	       610	800011a4	0126cc03	lbu	x24,18(x13)	 x13:0x800088c1 x24=0x00000000 PA:0x800088d3
        6125000	       611	800011a8	02768303	lb	x6,39(x13)	 x13:0x800088c1  x6=0x0000002b PA:0x800088e8
        6135000	       612	800011ac	05068b83	lb	x23,80(x13)	 x13:0x800088c1 x23=0x00000045 PA:0x80008911
        6145000	       613	800011b0	c4ce0323	sb	x12,-954(x28)	 x28:0x80008e26 x12:0x80008c9c PA:0x80008a6c
        6155000	       614	800011b4	fe868d23	sb	x8,-6(x13)	 x13:0x800088c1  x8:0x80008a88 PA:0x800088bb
        6165000	       615	800011b8	f2ce4603	lbu	x12,-212(x28)	 x28:0x80008e26 x12=0x0000007e PA:0x80008d52
        6175000	       616	800011bc	e1de1523	sh	x29,-502(x28)	 x28:0x80008e26 x29:0x00000001 PA:0x80008c30
        6185000	       617	800011c0	bc1e0983	lb	x19,-1087(x28)	 x28:0x80008e26 x19=0xfffffff9 PA:0x800089e7
        6195000	       618	800011c4	0f16c003	lbu	x0,241(x13)	 x13:0x800088c1 PA:0x800089b2
        6205000	       619	800011c8	0a569583	lh	x11,165(x13)	 x13:0x800088c1 x11=0xfffff0dc PA:0x80008966
        6215000	       620	800011cc	156e0823	sb	x22,336(x28)	 x28:0x80008e26 x22:0x000085c3 PA:0x80008f76
        6225000	       621	800011d0	f9168f23	sb	x17,-98(x13)	 x13:0x800088c1 x17:0x0000001c PA:0x8000885f
        6235000	       622	800011d4	0a668b83	lb	x23,166(x13)	 x13:0x800088c1 x23=0xfffffff0 PA:0x80008967
        6245000	       623	800011d8	182e2203	lw	x4,386(x28)	 x28:0x80008e26  x4=0x8a81bfbf PA:0x80008fa8
        6255000	       624	800011dc	a10e5483	lhu	x9,-1520(x28)	 x28:0x80008e26  x9=0x00009645 PA:0x80008836
        6265000	       625	800011e0	d66e5e83	lhu	x29,-666(x28)	 x28:0x80008e26 x29=0x0000af1f PA:0x80008b8c
        6275000	       626	800011e4	f596d203	lhu	x4,-167(x13)	 x13:0x800088c1  x4=0x000026cc PA:0x8000881a
        6285000	       627	800011e8	00008117	auipc	x2,0x8	  x2=0x800091e4
        6295000	       628	800011ec	88110113	addi	x2,x2,-1919	  x2:0x800091e4  x2=0x80008a65
        6305000	       629	800011f0	01985d93	srli	x27,x16,0x19	 x16:0x00000061 x27=0x00000000
        6315000	       630	800011f4	00e10523	sb	x14,10(x2)	  x2:0x80008a65 x14:0x80009fc4 PA:0x80008a6f
        6325000	       631	800011f8	015a94b3	sll	x9,x21,x21	 x21:0x80008b7c x21:0x80008b7c  x9=0xc0000000
        6335000	       632	800011fc	ffa10303	lb	x6,-6(x2)	  x2:0x80008a65  x6=0xffffffea PA:0x80008a5f
        6345000	       633	80001200	ffe10923	sb	x30,-14(x2)	  x2:0x80008a65 x30:0x00000000 PA:0x80008a57
        6355000	       634	80001204	40a601b3	sub	x3,x12,x10	 x12:0x0000007e x10:0x80008e5a  x3=0x7fff7224
        6365000	       635	80001208	4051d6b3	sra	x13,x3,x5	  x3:0x7fff7224  x5:0xffffffe4 x13=0x07fff722
        6375000	       636	8000120c	415c5693	srai	x13,x24,0x15	 x24:0x00000000 x13=0x00000000
        6385000	       637	80001210	fff15003	lhu	x0,-1(x2)	  x2:0x80008a65 PA:0x80008a64
        6395000	       638	80001214	3c5e8d93	addi	x27,x29,965	 x29:0x0000af1f x27=0x0000b2e4
        6405000	       639	80001218	ff410ea3	sb	x20,-3(x2)	  x2:0x80008a65 x20:0x80009f60 PA:0x80008a62
        6415000	       640	8000121c	01310223	sb	x19,4(x2)	  x2:0x80008a65 x19:0xfffffff9 PA:0x80008a69
        6425000	       641	80001220	007b9213	slli	x4,x23,0x7	 x23:0xfffffff0  x4=0xfffff800
        6435000	       642	80001224	00210083	lb	x1,2(x2)	  x2:0x80008a65  x1=0x00000048 PA:0x80008a67
        6445000	       643	00000000	00000013	addi	x0,x0,0	  x0:0x00000000
        6455000	       644	80001228	d21b6893	ori	x17,x22,-735	 x22:0x000085c3 x17=0xfffffde3
        6465000	       645	8000122c	ff715083	lhu	x1,-9(x2)	  x2:0x80008a65  x1=0x0000ca2f PA:0x80008a5c
        6475000	       646	00000000	00000013	addi	x0,x0,0	  x0:0x00000000
        6485000	       647	80001230	00110823	sb	x1,16(x2)	  x2:0x80008a65  x1:0x0000ca2f PA:0x80008a75
        6495000	       648	80001234	014a7293	andi	x5,x20,20	 x20:0x80009f60  x5=0x00000000
        6505000	       649	80001238	6886ca93	xori	x21,x13,1672	 x13:0x00000000 x21=0x00000688
        6515000	       650	8000123c	00f10123	sb	x15,2(x2)	  x2:0x80008a65 x15:0xffffff98 PA:0x80008a67
        6525000	       651	80001240	41ad0db3	sub	x27,x26,x26	 x26:0x00000001 x26:0x00000001 x27=0x00000000
        6535000	       652	80001244	00b14f83	lbu	x31,11(x2)	  x2:0x80008a65 x31=0x0000005a PA:0x80008a70
        6545000	       653	80001248	f8d80597	auipc	x11,0xf8d80	 x11=0x78d81244
        6555000	       654	8000124c	ff710183	lb	x3,-9(x2)	  x2:0x80008a65  x3=0x0000002f PA:0x80008a5c
        6565000	       655	80001250	01a85933	srl	x18,x16,x26	 x16:0x00000061 x26:0x00000001 x18=0x00000030
        6575000	       656	80001254	00906913	ori	x18,x0,9	  x0:0x00000000 x18=0x00000009
        6585000	       657	80001258	ff7118a3	sh	x23,-15(x2)	  x2:0x80008a65 x23:0xfffffff0 PA:0x80008a56
        6595000	       658	8000125c	00008117	auipc	x2,0x8	  x2=0x80009258
        6605000	       659	80001260	d7810113	addi	x2,x2,-648	  x2:0x80009258  x2=0x80008fd0
        6615000	       660	80001264	f6914683	lbu	x13,-151(x2)	  x2:0x80008fd0 x13=0x00000071 PA:0x80008f39
        6625000	       661	80001268	cb004037	lui	x0,0xcb004	
        6635000	       662	8000126c	410cd913	srai	x18,x25,0x10	 x25:0x0000006b x18=0x00000000
        6645000	       663	80001270	00b10423	sb	x11,8(x2)	  x2:0x80008fd0 x11:0x78d81244 PA:0x80008fd8
        6655000	       664	80001274	f2814c83	lbu	x25,-216(x2)	  x2:0x80008fd0 x25=0x000000fd PA:0x80008ef8
        6665000	       665	80001278	f2e14483	lbu	x9,-210(x2)	  x2:0x80008fd0  x9=0x000000c0 PA:0x80008efe
        6675000	       666	8000127c	0089db13	srli	x22,x19,0x8	 x19:0xfffffff9 x22=0x00ffffff
        6685000	       667	80001280	f1114683	lbu	x13,-239(x2)	  x2:0x80008fd0 x13=0x000000db PA:0x80008ee1
        6695000	       668	80001284	fcb10fa3	sb	x11,-33(x2)	  x2:0x80008fd0 x11:0x78d81244 PA:0x80008faf
        6705000	       669	80001288	f039a293	slti	x5,x19,-253	 x19:0xfffffff9  x5=0x00000000
        6715000	       670	8000128c	f2b10003	lb	x0,-213(x2)	  x2:0x80008fd0 PA:0x80008efb
        6725000	       671	80001290	f2e15583	lhu	x11,-210(x2)	  x2:0x80008fd0 x11=0x0000d3c0 PA:0x80008efe
        6735000	       672	80001294	59388413	addi	x8,x17,1427	 x17:0xfffffde3  x8=0x00000376
        6745000	       673	80001298	f1e15e83	lhu	x29,-226(x2)	  x2:0x80008fd0 x29=0x000041d3 PA:0x80008eee
        6755000	       674	8000129c	3e02ad13	slti	x26,x5,992	  x5:0x00000000 x26=0x00000001
        6765000	       675	800012a0	fbe14683	lbu	x13,-66(x2)	  x2:0x80008fd0 x13=0x0000005b PA:0x80008f8e
        6775000	       676	800012a4	f4b10d83	lb	x27,-181(x2)	  x2:0x80008fd0 x27=0x00000003 PA:0x80008f1b
        6785000	       677	800012a8	f8d11523	sh	x13,-118(x2)	  x2:0x80008fd0 x13:0x0000005b PA:0x80008f5a
        6795000	       678	800012ac	f1910983	lb	x19,-231(x2)	  x2:0x80008fd0 x19=0x00000033 PA:0x80008ee9
        6805000	       679	800012b0	f9211383	lh	x7,-110(x2)	  x2:0x80008fd0  x7=0x00000000 PA:0x80008f62
        6815000	       680	800012b4	f2a15183	lhu	x3,-214(x2)	  x2:0x80008fd0  x3=0x000061d2 PA:0x80008efa
        6825000	       681	800012b8	f7615f83	lhu	x31,-138(x2)	  x2:0x80008fd0 x31=0x00000bb2 PA:0x80008f46
        6835000	       682	800012bc	01d79493	slli	x9,x15,0x1d	 x15:0xffffff98  x9=0x00000000
        6845000	       683	800012c0	f3815083	lhu	x1,-200(x2)	  x2:0x80008fd0  x1=0x00000326 PA:0x80008f08
        6855000	       684	00000000	00000013	addi	x0,x0,0	  x0:0x00000000
        6865000	       685	800012c4	001d42b3	xor	x5,x26,x1	 x26:0x00000001  x1:0x00000326  x5=0x00000327
        6875000	       686	800012c8	00000013	addi	x0,x0,0	  x0:0x00000000
        6885000	       687	800012cc	f8215283	lhu	x5,-126(x2)	  x2:0x80008fd0  x5=0x00002e6c PA:0x80008f52
        6895000	       688	800012d0	015a5833	srl	x16,x20,x21	 x20:0x80009f60 x21:0x00000688 x16=0x0080009f
        6905000	       689	800012d4	001b1833	sll	x16,x22,x1	 x22:0x00ffffff  x1:0x00000326 x16=0x3fffffc0
        6915000	       690	800012d8	b5a06c13	ori	x24,x0,-1190	  x0:0x00000000 x24=0xfffffb5a
        6925000	       691	800012dc	fe714283	lbu	x5,-25(x2)	  x2:0x80008fd0  x5=0x000000cf PA:0x80008fb7
        6935000	       692	800012e0	f4110ba3	sb	x1,-169(x2)	  x2:0x80008fd0  x1:0x00000326 PA:0x80008f27
        6945000	       693	800012e4	f6b10da3	sb	x11,-133(x2)	  x2:0x80008fd0 x11:0x0000d3c0 PA:0x80008f4b
        6955000	       694	800012e8	fbb10523	sb	x27,-86(x2)	  x2:0x80008fd0 x27:0x00000003 PA:0x80008f7a
        6965000	       695	800012ec	00007d17	auipc	x26,0x7	 x26=0x800082e8
        6975000	       696	800012f0	596d0d13	addi	x26,x26,1430	 x26:0x800082e8 x26=0x8000887e
        6985000	       697	800012f4	00008e17	auipc	x28,0x8	 x28=0x800092f0
        6995000	       698	800012f8	c7de0e13	addi	x28,x28,-899	 x28:0x800092f0 x28=0x80008f6d
        7005000	       699	800012fc	fddd0483	lb	x9,-35(x26)	 x26:0x8000887e  x9=0x0000000e PA:0x8000885b
        7015000	       700	80001300	fe5d0f23	sb	x5,-2(x26)	 x26:0x8000887e  x5:0x000000cf PA:0x8000887c
        7025000	       701	80001304	fd1e0aa3	sb	x17,-43(x28)	 x28:0x80008f6d x17:0xfffffde3 PA:0x80008f42
        7035000	       702	80001308	067e2b83	lw	x23,103(x28)	 x28:0x80008f6d x23=0xb122c996 PA:0x80008fd4
        7045000	       703	8000130c	00008697	auipc	x13,0x8	 x13=0x80009308
        7055000	       704	80001310	cd968693	addi	x13,x13,-807	 x13:0x80009308 x13=0x80008fe1
        7065000	       705	80001314	06de1d83	lh	x27,109(x28)	 x28:0x80008f6d x27=0xfffffc64 PA:0x80008fda
        7075000	       706	80001318	ff568423	sb	x21,-24(x13)	 x13:0x80008fe1 x21:0x00000688 PA:0x80008fc9
        7085000	       707	8000131c	039d4783	lbu	x15,57(x26)	 x26:0x8000887e x15=0x000000e0 PA:0x800088b7
        7095000	       708	80001320	ff46c403	lbu	x8,-12(x13)	 x13:0x80008fe1  x8=0x000000c9 PA:0x80008fd5
        7105000	       709	80001324	fe168c03	lb	x24,-31(x13)	 x13:0x80008fe1 x24=0x00000016 PA:0x80008fc2
        7115000	       710	80001328	02ae0783	lb	x15,42(x28)	 x28:0x80008f6d x15=0x0000004f PA:0x80008f97
        7125000	       711	8000132c	fc269ca3	sh	x2,-39(x13)	 x13:0x80008fe1  x2:0x80008fd0 PA:0x80008fba
        7135000	       712	80001330	ffbd4583	lbu	x11,-5(x26)	 x26:0x8000887e x11=0x00000093 PA:0x80008879
        7145000	       713	80001334	fccd0023	sb	x12,-64(x26)	 x26:0x8000887e x12:0x0000007e PA:0x8000883e
        7155000	       714	80001338	fc468d23	sb	x4,-38(x13)	 x13:0x80008fe1  x4:0xfffff800 PA:0x80008fbb
        7165000	       715	8000133c	018e4003	lbu	x0,24(x28)	 x28:0x80008f6d PA:0x80008f85
        7175000	       716	80001340	fef68403	lb	x8,-17(x13)	 x13:0x80008fe1  x8=0x00000074 PA:0x80008fd0
        7185000	       717	80001344	fe3d0ca3	sb	x3,-7(x26)	 x26:0x8000887e  x3:0x000061d2 PA:0x80008877
        7195000	       718	80001348	ff9e4783	lbu	x15,-7(x28)	 x28:0x80008f6d x15=0x000000b3 PA:0x80008f66
        7205000	       719	8000134c	fb9e0583	lb	x11,-71(x28)	 x28:0x80008f6d x11=0x00000077 PA:0x80008f26
        7215000	       720	80001350	00007117	auipc	x2,0x7	  x2=0x8000834c
        7225000	       721	80001354	5a910113	addi	x2,x2,1449	  x2:0x8000834c  x2=0x800088f5
        7235000	       722	80001358	25a0ecb7	lui	x25,0x25a0e	 x25=0x25a0e000
        7245000	       723	8000135c	01464633	xor	x12,x12,x20	 x12:0x0000007e x20:0x80009f60 x12=0x80009f1e
        7255000	       724	80001360	41c65233	sra	x4,x12,x28	 x12:0x80009f1e x28:0x80008f6d  x4=0xfffc0004
        7265000	       725	80001364	41dc5293	srai	x5,x24,0x1d	 x24:0x00000016  x5=0x00000000
        7275000	       726	80001368	0115acb3	slt	x25,x11,x17	 x11:0x00000077 x17:0xfffffde3 x25=0x00000000
        7285000	       727	8000136c	00314e03	lbu	x28,3(x2)	  x2:0x800088f5 x28=0x000000e7 PA:0x800088f8
        7295000	       728	80001370	fed118a3	sh	x13,-15(x2)	  x2:0x800088f5 x13:0x80008fe1 PA:0x800088e6
        7305000	       729	80001374	00e10503	lb	x10,14(x2)	  x2:0x800088f5 x10=0xffffffa3 PA:0x80008903
        7315000	       730	80001378	00311803	lh	x16,3(x2)	  x2:0x800088f5 x16=0x00006ae7 PA:0x800088f8
        7325000	       731	8000137c	01596633	or	x12,x18,x21	 x18:0x00000000 x21:0x00000688 x12=0x00000688
        7335000	       732	80001380	0099c833	xor	x16,x19,x9	 x19:0x00000033  x9:0x0000000e x16=0x0000003d
        7345000	       733	80001384	ff911b83	lh	x23,-7(x2)	  x2:0x800088f5 x23=0x000025b5 PA:0x800088ee
        7355000	       734	80001388	ff911203	lh	x4,-7(x2)	  x2:0x800088f5  x4=0x000025b5 PA:0x800088ee
        7365000	       735	8000138c	00f116a3	sh	x15,13(x2)	  x2:0x800088f5 x15:0x000000b3 PA:0x80008902
        7375000	       736	80001390	00000013	addi	x0,x0,0	  x0:0x00000000
        7385000	       737	80001394	ff6108a3	sb	x22,-15(x2)	  x2:0x800088f5 x22:0x00ffffff PA:0x800088e6
        7395000	       738	80001398	40f2d393	srai	x7,x5,0xf	  x5:0x00000000  x7=0x00000000
        7405000	       739	8000139c	fe610b23	sb	x6,-10(x2)	  x2:0x800088f5  x6:0xffffffea PA:0x800088eb
        7415000	       740	800013a0	00ba9c93	slli	x25,x21,0xb	 x21:0x00000688 x25=0x00344000
        7425000	       741	800013a4	406d5633	sra	x12,x26,x6	 x26:0x8000887e  x6:0xffffffea x12=0xffe00022
        7435000	       742	800013a8	00000013	addi	x0,x0,0	  x0:0x00000000
        7445000	       743	800013ac	015c1d93	slli	x27,x24,0x15	 x24:0x00000016 x27=0x02c00000
        7455000	       744	800013b0	beb70993	addi	x19,x14,-1045	 x14:0x80009fc4 x19=0x80009baf
        7465000	       745	800013b4	fec10b23	sb	x12,-10(x2)	  x2:0x800088f5 x12:0xffe00022 PA:0x800088eb
        7475000	       746	800013b8	fe410ca3	sb	x4,-7(x2)	  x2:0x800088f5  x4:0x000025b5 PA:0x800088ee
        7485000	       747	800013bc	c2a92993	slti	x19,x18,-982	 x18:0x00000000 x19=0x00000000
        7495000	       748	800013c0	40695f93	srai	x31,x18,0x6	 x18:0x00000000 x31=0x00000000
        7505000	       749	800013c4	00e10a83	lb	x21,14(x2)	  x2:0x800088f5 x21=0x00000000 PA:0x80008903
        7515000	       750	800013c8	ff410283	lb	x5,-12(x2)	  x2:0x800088f5  x5=0x0000001a PA:0x800088e9
        7525000	       751	00000000	00000013	addi	x0,x0,0	  x0:0x00000000
        7535000	       752	800013cc	0182d813	srli	x16,x5,0x18	  x5:0x0000001a x16=0x00000000
        7545000	       753	800013d0	3f75cc93	xori	x25,x11,1015	 x11:0x00000077 x25=0x00000380
        7555000	       754	800013d4	00d63db3	sltu	x27,x12,x13	 x12:0xffe00022 x13:0x80008fe1 x27=0x00000000
        7565000	       755	800013d8	004651b3	srl	x3,x12,x4	 x12:0xffe00022  x4:0x000025b5  x3=0x000007ff
        7575000	       756	800013dc	00115283	lhu	x5,1(x2)	  x2:0x800088f5  x5=0x0000561d PA:0x800088f6
        7585000	       757	800013e0	ff814e83	lbu	x29,-8(x2)	  x2:0x800088f5 x29=0x0000002f PA:0x800088ed
        7595000	       758	800013e4	01810623	sb	x24,12(x2)	  x2:0x800088f5 x24:0x00000016 PA:0x80008901
        7605000	       759	800013e8	ff710783	lb	x15,-9(x2)	  x2:0x800088f5 x15=0x0000005c PA:0x800088ec
        7615000	       760	800013ec	009a1e13	slli	x28,x20,0x9	 x20:0x80009f60 x28=0x013ec000
        7625000	       761	800013f0	01079693	slli	x13,x15,0x10	 x15:0x0000005c x13=0x005c0000
        7635000	       762	800013f4	00410503	lb	x10,4(x2)	  x2:0x800088f5 x10=0x0000006a PA:0x800088f9
        7645000	       763	800013f8	01643433	sltu	x8,x8,x22	  x8:0x00000074 x22:0x00ffffff  x8=0x00000001
        7655000	       764	800013fc	d8344193	xori	x3,x8,-637	  x8:0x00000001  x3=0xfffffd82
        7665000	       765	80001400	00715983	lhu	x19,7(x2)	  x2:0x800088f5 x19=0x000004c7 PA:0x800088fc
        7675000	       766	80001404	01d47433	and	x8,x8,x29	  x8:0x00000001 x29:0x0000002f  x8=0x00000001
        7685000	       767	80001408	00814e83	lbu	x29,8(x2)	  x2:0x800088f5 x29=0x00000004 PA:0x800088fd
        7695000	       768	8000140c	dae4ab13	slti	x22,x9,-594	  x9:0x0000000e x22=0x00000000
        7705000	       769	80001410	0197f2b3	and	x5,x15,x25	 x15:0x0000005c x25:0x00000380  x5=0x00000000
        7715000	       770	80001414	fff118a3	sh	x31,-15(x2)	  x2:0x800088f5 x31:0x00000000 PA:0x800088e6
        7725000	       771	80001418	fe010a23	sb	x0,-12(x2)	  x2:0x800088f5  x0:0x00000000 PA:0x800088e9
        7735000	       772	8000141c	404f5433	sra	x8,x30,x4	 x30:0x00000000  x4:0x000025b5  x8=0x00000000
        7745000	       773	80001420	ff510c23	sb	x21,-8(x2)	  x2:0x800088f5 x21:0x00000000 PA:0x800088ed
        7755000	       774	80001424	fff12083	lw	x1,-1(x2)	  x2:0x800088f5  x1=0x561d7d84 PA:0x800088f4
        7765000	       775	80001428	00410503	lb	x10,4(x2)	  x2:0x800088f5 x10=0x0000006a PA:0x800088f9
        7775000	       776	8000142c	40318533	sub	x10,x3,x3	  x3:0xfffffd82  x3:0xfffffd82 x10=0x00000000
        7785000	       777	80001430	00614203	lbu	x4,6(x2)	  x2:0x800088f5  x4=0x0000004e PA:0x800088fb
        7795000	       778	80001434	00008d17	auipc	x26,0x8	 x26=0x80009430
        7805000	       779	80001438	92dd0d13	addi	x26,x26,-1747	 x26:0x80009430 x26=0x80008d5d
        7815000	       780	8000143c	e79d1303	lh	x6,-391(x26)	 x26:0x80008d5d  x6=0xffffc6f6 PA:0x80008bd6
        7825000	       781	80001440	e79d4603	lbu	x12,-391(x26)	 x26:0x80008d5d x12=0x000000f6 PA:0x80008bd6
        7835000	       782	80001444	cf6d4c03	lbu	x24,-778(x26)	 x26:0x80008d5d x24=0x000000db PA:0x80008a53
        7845000	       783	80001448	dece4f93	xori	x31,x28,-532	 x28:0x013ec000 x31=0xfec13dec
        7855000	       784	8000144c	e38d0b03	lb	x22,-456(x26)	 x26:0x80008d5d x22=0xffffffbe PA:0x80008b95
        7865000	       785	80001450	e38d0e03	lb	x28,-456(x26)	 x26:0x80008d5d x28=0xffffffbe PA:0x80008b95
        7875000	       786	80001454	01dfb4b3	sltu	x9,x31,x29	 x31:0xfec13dec x29:0x00000004  x9=0x00000000
        7885000	       787	80001458	e1fd5c03	lhu	x24,-481(x26)	 x26:0x80008d5d x24=0x00004773 PA:0x80008b7c
        7895000	       788	8000145c	11bd5283	lhu	x5,283(x26)	 x26:0x80008d5d  x5=0x00002c0d PA:0x80008e78
        7905000	       789	80001460	00c5a1b3	slt	x3,x11,x12	 x11:0x00000077 x12:0x000000f6  x3=0x00000001
        7915000	       790	80001464	108d0da3	sb	x8,283(x26)	 x26:0x80008d5d  x8:0x00000000 PA:0x80008e78
        7925000	       791	80001468	00accfb3	xor	x31,x25,x10	 x25:0x00000380 x10:0x00000000 x31=0x00000380
        7935000	       792	8000146c	b0dd11a3	sh	x13,-1277(x26)	 x26:0x80008d5d x13:0x005c0000 PA:0x80008860
        7945000	       793	80001470	f9bd0123	sb	x27,-126(x26)	 x26:0x80008d5d x27:0x00000000 PA:0x80008cdf
        7955000	       794	80001474	f83d0123	sb	x3,-126(x26)	 x26:0x80008d5d  x3:0x00000001 PA:0x80008cdf
        7965000	       795	80001478	f82d0a83	lb	x21,-126(x26)	 x26:0x80008d5d x21=0x00000001 PA:0x80008cdf
        7975000	       796	8000147c	f9fd0123	sb	x31,-126(x26)	 x26:0x80008d5d x31:0x00000380 PA:0x80008cdf
        7985000	       797	80001480	0189f333	and	x6,x19,x24	 x19:0x000004c7 x24:0x00004773  x6=0x00000443
        7995000	       798	80001484	d7ed4b03	lbu	x22,-642(x26)	 x26:0x80008d5d x22=0x000000f8 PA:0x80008adb
        8005000	       799	80001488	4c397b93	andi	x23,x18,1219	 x18:0x00000000 x23=0x00000000
        8015000	       800	8000148c	cf4d21a3	sw	x20,-797(x26)	 x26:0x80008d5d x20:0x80009f60 PA:0x80008a40
        8025000	       801	80001490	ce3d4483	lbu	x9,-797(x26)	 x26:0x80008d5d  x9=0x00000060 PA:0x80008a40
        8035000	       802	80001494	00000013	addi	x0,x0,0	  x0:0x00000000
        8045000	       803	80001498	ea2d4083	lbu	x1,-350(x26)	 x26:0x80008d5d  x1=0x00000043 PA:0x80008bff
        8055000	       804	8000149c	d51d4183	lbu	x3,-687(x26)	 x26:0x80008d5d  x3=0x00000027 PA:0x80008aae
        8065000	       805	800014a0	c363b593	sltiu	x11,x7,-970	  x7:0x00000000 x11=0x00000001
        8075000	       806	800014a4	387c8837	lui	x16,0x387c8	 x16=0x387c8000
        8085000	       807	800014a8	03064263	blt	x12,x16,800014cc	 x12:0x000000f6 x16:0x387c8000
        8095000	       808	00000000	00000013	addi	x0,x0,0	  x0:0x00000000
        8105000	       809	800014c8	00000013	addi	x0,x0,0	  x0:0x00000000
        8115000	       810	800014cc	78cfa913	slti	x18,x31,1932	 x31:0x00000380 x18=0x00000001
        8125000	       811	800014d0	00dcad33	slt	x26,x25,x13	 x25:0x00000380 x13:0x005c0000 x26=0x00000001
        8135000	       812	800014d4	037f6863	bltu	x30,x23,80001504	 x30:0x00000000 x23:0x00000000
        8145000	       813	800014d8	01737463	bgeu	x6,x23,800014e0	  x6:0x00000443 x23:0x00000000
        8155000	       814	00000000	00000013	addi	x0,x0,0	  x0:0x00000000
        8165000	       815	800014dc	00000013	addi	x0,x0,0	  x0:0x00000000
        8175000	       816	800014e0	050d5263	bge	x26,x16,80001524	 x26:0x00000001 x16:0x387c8000
        8185000	       817	800014e4	59327693	andi	x13,x4,1427	  x4:0x0000004e x13=0x00000002
        8195000	       818	800014e8	41b059b3	sra	x19,x0,x27	  x0:0x00000000 x27:0x00000000 x19=0x00000000
        8205000	       819	800014ec	02f60863	beq	x12,x15,8000151c	 x12:0x000000f6 x15:0x0000005c
        8215000	       820	800014f0	03558c63	beq	x11,x21,80001528	 x11:0x00000001 x21:0x00000001
        8225000	       821	00000000	00000013	addi	x0,x0,0	  x0:0x00000000
        8235000	       822	80001524	00000013	addi	x0,x0,0	  x0:0x00000000
        8245000	       823	80001528	0078ed33	or	x26,x17,x7	 x17:0xfffffde3  x7:0x00000000 x26=0xfffffde3
        8255000	       824	8000152c	6a9754b7	lui	x9,0x6a975	  x9=0x6a975000
        8265000	       825	80001530	426d2913	slti	x18,x26,1062	 x26:0xfffffde3 x18=0x00000001
        8275000	       826	80001534	03210063	beq	x2,x18,80001554	  x2:0x800088f5 x18:0x00000001
        8285000	       827	80001538	0458f663	bgeu	x17,x5,80001584	 x17:0xfffffde3  x5:0x00002c0d
        8295000	       828	00000000	00000013	addi	x0,x0,0	  x0:0x00000000
        8305000	       829	80001580	00000013	addi	x0,x0,0	  x0:0x00000000
        8315000	       830	80001584	00b05c13	srli	x24,x0,0xb	  x0:0x00000000 x24=0x00000000
        8325000	       831	80001588	05028263	beq	x5,x16,800015cc	  x5:0x00002c0d x16:0x387c8000
        8335000	       832	8000158c	01b899b3	sll	x19,x17,x27	 x17:0xfffffde3 x27:0x00000000 x19=0xfffffde3
        8345000	       833	80001590	01ad9a63	bne	x27,x26,800015a4	 x27:0x00000000 x26:0xfffffde3
        8355000	       834	00000000	00000013	addi	x0,x0,0	  x0:0x00000000
        8365000	       835	800015a0	00000013	addi	x0,x0,0	  x0:0x00000000
        8375000	       836	800015a4	4f870c13	addi	x24,x14,1272	 x14:0x80009fc4 x24=0x8000a4bc
        8385000	       837	800015a8	e214e193	ori	x3,x9,-479	  x9:0x6a975000  x3=0xfffffe21
        8395000	       838	800015ac	00dc7033	and	x0,x24,x13	 x24:0x8000a4bc x13:0x00000002
        8405000	       839	800015b0	02060463	beq	x12,x0,800015d8	 x12:0x000000f6  x0:0x00000000
        8415000	       840	800015b4	0023adb3	slt	x27,x7,x2	  x7:0x00000000  x2:0x800088f5 x27=0x00000000
        8425000	       841	800015b8	f8a7ee93	ori	x29,x15,-118	 x15:0x0000005c x29=0xffffffde
        8435000	       842	800015bc	00536263	bltu	x6,x5,800015c0	  x6:0x00000443  x5:0x00002c0d
        8445000	       843	00000000	00000013	addi	x0,x0,0	  x0:0x00000000
        8455000	       844	800015bc	00000013	addi	x0,x0,0	  x0:0x00000000
        8465000	       845	800015c0	40120cb3	sub	x25,x4,x1	  x4:0x0000004e  x1:0x00000043 x25=0x0000000b
        8475000	       846	800015c4	552dec93	ori	x25,x27,1362	 x27:0x00000000 x25=0x00000552
        8485000	       847	800015c8	47037a97	auipc	x21,0x47037	 x21=0xc70385c4
        8495000	       848	800015cc	41328433	sub	x8,x5,x19	  x5:0x00002c0d x19:0xfffffde3  x8=0x00002e2a
        8505000	       849	800015d0	4189dbb3	sra	x23,x19,x24	 x19:0xfffffde3 x24:0x8000a4bc x23=0xffffffff
        8515000	       850	800015d4	01b1bcb3	sltu	x25,x3,x27	  x3:0xfffffe21 x27:0x00000000 x25=0x00000000
        8525000	       851	800015d8	c964c813	xori	x16,x9,-874	  x9:0x6a975000 x16=0x9568ac96
        8535000	       852	800015dc	00485133	srl	x2,x16,x4	 x16:0x9568ac96  x4:0x0000004e  x2=0x000255a2
        8545000	       853	800015e0	ea776d97	auipc	x27,0xea776	 x27=0x6a7775dc
        8555000	       854	800015e4	00acb233	sltu	x4,x25,x10	 x25:0x00000000 x10:0x00000000  x4=0x00000000
        8565000	       855	800015e8	008cceb3	xor	x29,x25,x8	 x25:0x00000000  x8:0x00002e2a x29=0x00002e2a
        8575000	       856	800015ec	0543f263	bgeu	x7,x20,80001630	  x7:0x00000000 x20:0x80009f60
        8585000	       857	800015f0	00bc10b3	sll	x1,x24,x11	 x24:0x8000a4bc x11:0x00000001  x1=0x00014978
        8595000	       858	800015f4	0041cdb3	xor	x27,x3,x4	  x3:0xfffffe21  x4:0x00000000 x27=0xfffffe21
        8605000	       859	800015f8	550fb8b7	lui	x17,0x550fb	 x17=0x550fb000
        8615000	       860	800015fc	69e98893	addi	x17,x19,1694	 x19:0xfffffde3 x17=0x00000481
        8625000	       861	80001600	8bae2813	slti	x16,x28,-1862	 x28:0xffffffbe x16=0x00000000
        8635000	       862	80001604	00781d93	slli	x27,x16,0x7	 x16:0x00000000 x27=0x00000000
        8645000	       863	80001608	407b08b3	sub	x17,x22,x7	 x22:0x000000f8  x7:0x00000000 x17=0x000000f8
        8655000	       864	8000160c	00090233	add	x4,x18,x0	 x18:0x00000001  x0:0x00000000  x4=0x00000001
        8665000	       865	80001610	04a70063	beq	x14,x10,80001650	 x14:0x80009fc4 x10:0x00000000
        8675000	       866	80001614	00000013	addi	x0,x0,0	  x0:0x00000000
        8685000	       867	80001618	00819263	bne	x3,x8,8000161c	  x3:0xfffffe21  x8:0x00002e2a
        8695000	       868	00000000	00000013	addi	x0,x0,0	  x0:0x00000000
        8705000	       869	80001618	00000013	addi	x0,x0,0	  x0:0x00000000
        8715000	       870	8000161c	0180d213	srli	x4,x1,0x18	  x1:0x00014978  x4=0x00000000
        8725000	       871	80001620	ea306c97	auipc	x25,0xea306	 x25=0x6a30761c
        8735000	       872	80001624	03654a63	blt	x10,x22,80001658	 x10:0x00000000 x22:0x000000f8
        8745000	       873	00000000	00000013	addi	x0,x0,0	  x0:0x00000000
        8755000	       874	80001654	00000013	addi	x0,x0,0	  x0:0x00000000
        8765000	       875	80001658	002caeb3	slt	x29,x25,x2	 x25:0x6a30761c  x2:0x000255a2 x29=0x00000000
        8775000	       876	8000165c	01660833	add	x16,x12,x22	 x12:0x000000f6 x22:0x000000f8 x16=0x000001ee
        8785000	       877	80001660	00000013	addi	x0,x0,0	  x0:0x00000000
        8795000	       878	80001664	88c4a517	auipc	x10,0x88c4a	 x10=0x08c4b660
        8805000	       879	80001668	01631233	sll	x4,x6,x22	  x6:0x00000443 x22:0x000000f8  x4=0x43000000
        8815000	       880	8000166c	037dd263	bge	x27,x23,80001690	 x27:0x00000000 x23:0xffffffff
        8825000	       881	00000000	00000013	addi	x0,x0,0	  x0:0x00000000
        8835000	       882	8000168c	00000013	addi	x0,x0,0	  x0:0x00000000
        8845000	       883	80001690	40fdd233	sra	x4,x27,x15	 x27:0x00000000 x15:0x0000005c  x4=0x00000000
        8855000	       884	80001694	f0c26013	ori	x0,x4,-244	  x4:0x00000000
        8865000	       885	80001698	00000013	addi	x0,x0,0	  x0:0x00000000
        8875000	       886	8000169c	b425deb7	lui	x29,0xb425d	 x29=0xb425d000
        8885000	       887	800016a0	00dfdc93	srli	x25,x31,0xd	 x31:0x00000380 x25=0x00000000
        8895000	       888	800016a4	0115da63	bge	x11,x17,800016b8	 x11:0x00000001 x17:0x000000f8
        8905000	       889	800016a8	01c06233	or	x4,x0,x28	  x0:0x00000000 x28:0xffffffbe  x4=0xffffffbe
        8915000	       890	800016ac	019448b3	xor	x17,x8,x25	  x8:0x00002e2a x25:0x00000000 x17=0x00002e2a
        8925000	       891	800016b0	20c14193	xori	x3,x2,524	  x2:0x000255a2  x3=0x000257ae
        8935000	       892	800016b4	00cfe533	or	x10,x31,x12	 x31:0x00000380 x12:0x000000f6 x10=0x000003f6
        8945000	       893	800016b8	02c45a63	bge	x8,x12,800016ec	  x8:0x00002e2a x12:0x000000f6
        8955000	       894	00000000	00000013	addi	x0,x0,0	  x0:0x00000000
        8965000	       895	800016e8	00000013	addi	x0,x0,0	  x0:0x00000000
        8975000	       896	800016ec	017b7517	auipc	x10,0x17b7	 x10=0x817b86e8
        8985000	       897	800016f0	00bea833	slt	x16,x29,x11	 x29:0xb425d000 x11:0x00000001 x16=0x00000001
        8995000	       898	800016f4	00f0eeb3	or	x29,x1,x15	  x1:0x00014978 x15:0x0000005c x29=0x0001497c
        9005000	       899	800016f8	fa26a893	slti	x17,x13,-94	 x13:0x00000002 x17=0x00000000
        9015000	       900	800016fc	0471c8b7	lui	x17,0x471c	 x17=0x0471c000
        9025000	       901	80001700	92808613	addi	x12,x1,-1752	  x1:0x00014978 x12=0x000142a0
        9035000	       902	80001704	00000013	addi	x0,x0,0	  x0:0x00000000
        9045000	       903	80001708	012fdeb3	srl	x29,x31,x18	 x31:0x00000380 x18:0x00000001 x29=0x000001c0
        9055000	       904	8000170c	05997263	bgeu	x18,x25,80001750	 x18:0x00000001 x25:0x00000000
        9065000	       905	00000000	00000013	addi	x0,x0,0	  x0:0x00000000
        9075000	       906	8000174c	00000013	addi	x0,x0,0	  x0:0x00000000
        9085000	       907	80001750	00b3a4b3	slt	x9,x7,x11	  x7:0x00000000 x11:0x00000001  x9=0x00000001
        9095000	       908	80001754	01133fb3	sltu	x31,x6,x17	  x6:0x00000443 x17:0x0471c000 x31=0x00000001
        9105000	       909	80001758	a78b1137	lui	x2,0xa78b1	  x2=0xa78b1000
        9115000	       910	8000175c	019d8833	add	x16,x27,x25	 x27:0x00000000 x25:0x00000000 x16=0x00000000
        9125000	       911	80001760	00000013	addi	x0,x0,0	  x0:0x00000000
        9135000	       912	80001764	401ed693	srai	x13,x29,0x1	 x29:0x000001c0 x13=0x000000e0
        9145000	       913	80001768	01752db3	slt	x27,x10,x23	 x10:0x817b86e8 x23:0xffffffff x27=0x00000001
        9155000	       914	8000176c	020dc663	blt	x27,x0,80001798	 x27:0x00000001  x0:0x00000000
        9165000	       915	80001770	05f94263	blt	x18,x31,800017b4	 x18:0x00000001 x31:0x00000001
        9175000	       916	80001774	e30a9937	lui	x18,0xe30a9	 x18=0xe30a9000
        9185000	       917	80001778	b2b729b7	lui	x19,0xb2b72	 x19=0xb2b72000
        9195000	       918	8000177c	03567063	bgeu	x12,x21,8000179c	 x12:0x000142a0 x21:0xc70385c4
        9205000	       919	80001780	40088933	sub	x18,x17,x0	 x17:0x0471c000  x0:0x00000000 x18=0x0471c000
        9215000	       920	80001784	0249e663	bltu	x19,x4,800017b0	 x19:0xb2b72000  x4:0xffffffbe
        9225000	       921	00000000	00000013	addi	x0,x0,0	  x0:0x00000000
        9235000	       922	800017ac	00000013	addi	x0,x0,0	  x0:0x00000000
        9245000	       923	800017b0	22fbf517	auipc	x10,0x22fbf	 x10=0xa2fc07ac
        9255000	       924	800017b4	5f8f7013	andi	x0,x30,1528	 x30:0x00000000
        9265000	       925	800017b8	40a28cb3	sub	x25,x5,x10	  x5:0x00002c0d x10:0xa2fc07ac x25=0x5d042461
        9275000	       926	800017bc	4c693613	sltiu	x12,x18,1222	 x18:0x0471c000 x12=0x00000000
        9285000	       927	800017c0	00714233	xor	x4,x2,x7	  x2:0xa78b1000  x7:0x00000000  x4=0xa78b1000
        9295000	       928	800017c4	01d82033	slt	x0,x16,x29	 x16:0x00000000 x29:0x000001c0
        9305000	       929	800017c8	02895263	bge	x18,x8,800017ec	 x18:0x0471c000  x8:0x00002e2a
        9315000	       930	00000000	00000013	addi	x0,x0,0	  x0:0x00000000
        9325000	       931	800017e8	00000013	addi	x0,x0,0	  x0:0x00000000
        9335000	       932	800017ec	024f9863	bne	x31,x4,8000181c	 x31:0x00000001  x4:0xa78b1000
        9345000	       933	00000000	00000013	addi	x0,x0,0	  x0:0x00000000
        9355000	       934	80001818	00000013	addi	x0,x0,0	  x0:0x00000000
        9365000	       935	8000181c	003e3533	sltu	x10,x28,x3	 x28:0xffffffbe  x3:0x000257ae x10=0x00000000
        9375000	       936	80001820	36f87b17	auipc	x22,0x36f87	 x22=0xb6f8881c
        9385000	       937	80001824	00fa4933	xor	x18,x20,x15	 x20:0x80009f60 x15:0x0000005c x18=0x80009f3c
        9395000	       938	80001828	416bd613	srai	x12,x23,0x16	 x23:0xffffffff x12=0xffffffff
        9405000	       939	8000182c	0492c063	blt	x5,x9,8000186c	  x5:0x00002c0d  x9:0x00000001
        9415000	       940	80001830	1eb06913	ori	x18,x0,491	  x0:0x00000000 x18=0x000001eb
        9425000	       941	80001834	df082493	slti	x9,x16,-528	 x16:0x00000000  x9=0x00000000
        9435000	       942	80001838	018d4cb3	xor	x25,x26,x24	 x26:0xfffffde3 x24:0x8000a4bc x25=0x7fff595f
        9445000	       943	8000183c	05626663	bltu	x4,x22,80001888	  x4:0xa78b1000 x22:0xb6f8881c
        9455000	       944	00000000	00000013	addi	x0,x0,0	  x0:0x00000000
        9465000	       945	80001884	00000013	addi	x0,x0,0	  x0:0x00000000
        9475000	       946	80001888	01210233	add	x4,x2,x18	  x2:0xa78b1000 x18:0x000001eb  x4=0xa78b11eb
        9485000	       947	8000188c	47e18513	addi	x10,x3,1150	  x3:0x000257ae x10=0x00025c2c
        9495000	       948	80001890	0069b1b3	sltu	x3,x19,x6	 x19:0xb2b72000  x6:0x00000443  x3=0x00000000
        9505000	       949	80001894	31baa113	slti	x2,x21,795	 x21:0xc70385c4  x2=0x00000001
        9515000	       950	80001898	05090263	beq	x18,x16,800018dc	 x18:0x000001eb x16:0x00000000
        9525000	       951	8000189c	0099da63	bge	x19,x9,800018b0	 x19:0xb2b72000  x9:0x00000000
        9535000	       952	800018a0	02ea5263	bge	x20,x14,800018c4	 x20:0x80009f60 x14:0x80009fc4
        9545000	       953	800018a4	0391cc63	blt	x3,x25,800018dc	  x3:0x00000000 x25:0x7fff595f
        9555000	       954	00000000	00000013	addi	x0,x0,0	  x0:0x00000000
        9565000	       955	800018d8	00000013	addi	x0,x0,0	  x0:0x00000000
        9575000	       956	800018dc	31534e13	xori	x28,x6,789	  x6:0x00000443 x28=0x00000756
        9585000	       957	800018e0	41ded113	srai	x2,x29,0x1d	 x29:0x000001c0  x2=0x00000000
        9595000	       958	800018e4	8bd44313	xori	x6,x8,-1859	  x8:0x00002e2a  x6=0xffffd697
        9605000	       959	800018e8	03240263	beq	x8,x18,8000190c	  x8:0x00002e2a x18:0x000001eb
        9615000	       960	800018ec	23fc7993	andi	x19,x24,575	 x24:0x8000a4bc x19=0x0000003c
        9625000	       961	800018f0	01511213	slli	x4,x2,0x15	  x2:0x00000000  x4=0x00000000
        9635000	       962	800018f4	0127f613	andi	x12,x15,18	 x15:0x0000005c x12=0x00000010
        9645000	       963	800018f8	42983193	sltiu	x3,x16,1065	 x16:0x00000000  x3=0x00000001
        9655000	       964	800018fc	007b1593	slli	x11,x22,0x7	 x22:0xb6f8881c x11=0x7c440e00
        9665000	       965	80001900	006f03b3	add	x7,x30,x6	 x30:0x00000000  x6:0xffffd697  x7=0xffffd697
        9675000	       966	80001904	d434dbb7	lui	x23,0xd434d	 x23=0xd434d000
        9685000	       967	80001908	02f34c63	blt	x6,x15,80001940	  x6:0xffffd697 x15:0x0000005c
        9695000	       968	00000000	00000013	addi	x0,x0,0	  x0:0x00000000
        9705000	       969	8000193c	00000013	addi	x0,x0,0	  x0:0x00000000
        9715000	       970	80001940	12700037	lui	x0,0x12700	
        9725000	       971	80001944	0bc6d663	bge	x13,x28,800019f0	 x13:0x000000e0 x28:0x00000756
        9735000	       972	80001948	00b7b9b3	sltu	x19,x15,x11	 x15:0x0000005c x11:0x7c440e00 x19=0x00000001
        9745000	       973	8000194c	0121f1b3	and	x3,x3,x18	  x3:0x00000001 x18:0x000001eb  x3=0x00000001
        9755000	       974	80001950	00007417	auipc	x8,0x7	  x8=0x8000894c
        9765000	       975	80001954	0e040413	addi	x8,x8,224	  x8:0x8000894c  x8=0x80008a2c
        9775000	       976	80001958	36e44c83	lbu	x25,878(x8)	  x8:0x80008a2c x25=0x0000003d PA:0x80008d9a
        9785000	       977	8000195c	012e5c13	srli	x24,x28,0x12	 x28:0x00000756 x24=0x00000000
        9795000	       978	80001960	46744803	lbu	x16,1127(x8)	  x8:0x80008a2c x16=0x0000006d PA:0x80008e93
        9805000	       979	80001964	cadaa093	slti	x1,x21,-851	 x21:0xc70385c4  x1=0x00000001
        9815000	       980	80001968	01468b33	add	x22,x13,x20	 x13:0x000000e0 x20:0x80009f60 x22=0x8000a040
        9825000	       981	8000196c	75c16493	ori	x9,x2,1884	  x2:0x00000000  x9=0x0000075c
        9835000	       982	80001970	11434c93	xori	x25,x6,276	  x6:0xffffd697 x25=0xffffd783
        9845000	       983	80001974	00689313	slli	x6,x17,0x6	 x17:0x0471c000  x6=0x1c700000
        9855000	       984	80001978	01ca4e33	xor	x28,x20,x28	 x20:0x80009f60 x28:0x00000756 x28=0x80009836
        9865000	       985	8000197c	fe1402a3	sb	x1,-27(x8)	  x8:0x80008a2c  x1:0x00000001 PA:0x80008a11
        9875000	       986	80001980	01556fb3	or	x31,x10,x21	 x10:0x00025c2c x21:0xc70385c4 x31=0xc703ddec
        9885000	       987	80001984	0022c4b3	xor	x9,x5,x2	  x5:0x00002c0d  x2:0x00000000  x9=0x00002c0d
        9895000	       988	80001988	01ba1d13	slli	x26,x20,0x1b	 x20:0x80009f60 x26=0x00000000
        9905000	       989	8000198c	41d2d593	srai	x11,x5,0x1d	  x5:0x00002c0d x11=0x00000000
        9915000	       990	80001990	00e45d83	lhu	x27,14(x8)	  x8:0x80008a2c x27=0x0000e336 PA:0x80008a3a
        9925000	       991	80001994	65368037	lui	x0,0x65368	
        9935000	       992	80001998	e6240503	lb	x10,-414(x8)	  x8:0x80008a2c x10=0xffffffa5 PA:0x8000888e
        9945000	       993	8000199c	003fddb3	srl	x27,x31,x3	 x31:0xc703ddec  x3:0x00000001 x27=0x6381eef6
        9955000	       994	800019a0	3e241d83	lh	x27,994(x8)	  x8:0x80008a2c x27=0xfffff1a8 PA:0x80008e0e
        9965000	       995	800019a4	01645583	lhu	x11,22(x8)	  x8:0x80008a2c x11=0x00008000 PA:0x80008a42
        9975000	       996	800019a8	006e4ab3	xor	x21,x28,x6	 x28:0x80009836  x6:0x1c700000 x21=0x9c709836
        9985000	       997	800019ac	01ff4fb3	xor	x31,x30,x31	 x30:0x00000000 x31:0xc703ddec x31=0xc703ddec
        9995000	       998	800019b0	11c45983	lhu	x19,284(x8)	  x8:0x80008a2c x19=0x0000b61b PA:0x80008b48
       10005000	       999	00000000	00000013	addi	x0,x0,0	  x0:0x00000000
       10015000	      1000	800019b4	4530e913	ori	x18,x1,1107	  x1:0x00000001 x18=0x00000453
       10025000	      1001	800019b8	e1441023	sh	x20,-512(x8)	  x8:0x80008a2c x20:0x80009f60 PA:0x8000882c
       10035000	      1002	800019bc	00b3e533	or	x10,x7,x11	  x7:0xffffd697 x11:0x00008000 x10=0xffffd697
       10045000	      1003	800019c0	01750233	add	x4,x10,x23	 x10:0xffffd697 x23:0xd434d000  x4=0xd434a697
       10055000	      1004	800019c4	01488933	add	x18,x17,x20	 x17:0x0471c000 x20:0x80009f60 x18=0x84725f60
       10065000	      1005	800019c8	04940183	lb	x3,73(x8)	  x8:0x80008a2c  x3=0x0000002f PA:0x80008a75
       10075000	      1006	800019cc	e9c40203	lb	x4,-356(x8)	  x8:0x80008a2c  x4=0xffffffc1 PA:0x800088c8
       10085000	      1007	800019d0	0003dd33	srl	x26,x7,x0	  x7:0xffffd697  x0:0x00000000 x26=0xffffd697
       10095000	      1008	800019d4	02fe4063	blt	x28,x15,800019f4	 x28:0x80009836 x15:0x0000005c
       10105000	      1009	00000000	00000013	addi	x0,x0,0	  x0:0x00000000
       10115000	      1010	800019f0	00000013	addi	x0,x0,0	  x0:0x00000000
       10125000	      1011	800019f4	39f04617	auipc	x12,0x39f04	 x12=0xb9f059f0
       10135000	      1012	800019f8	f0278293	addi	x5,x15,-254	 x15:0x0000005c  x5=0xffffff5e
       10145000	      1013	800019fc	65f3d4b7	lui	x9,0x65f3d	  x9=0x65f3d000
       10155000	      1014	80001a00	407ddbb3	sra	x23,x27,x7	 x27:0xfffff1a8  x7:0xffffd697 x23=0xffffffff
       10165000	      1015	80001a04	1abdfd37	lui	x26,0x1abdf	 x26=0x1abdf000
       10175000	      1016	80001a08	00000013	addi	x0,x0,0	  x0:0x00000000
       10185000	      1017	80001a0c	052d9663	bne	x27,x18,80001a58	 x27:0xfffff1a8 x18:0x84725f60
       10195000	      1018	00000000	00000013	addi	x0,x0,0	  x0:0x00000000
       10205000	      1019	80001a54	00000013	addi	x0,x0,0	  x0:0x00000000
       10215000	      1020	80001a58	84689517	auipc	x10,0x84689	 x10=0x0468aa54
       10225000	      1021	80001a5c	0403f063	bgeu	x7,x0,80001a9c	  x7:0xffffd697  x0:0x00000000
       10235000	      1022	00000000	00000013	addi	x0,x0,0	  x0:0x00000000
       10245000	      1023	80001a98	00000013	addi	x0,x0,0	  x0:0x00000000
       10255000	      1024	80001a9c	41838e33	sub	x28,x7,x24	  x7:0xffffd697 x24:0x00000000 x28=0xffffd697
       10265000	      1025	80001aa0	00617233	and	x4,x2,x6	  x2:0x00000000  x6:0x1c700000  x4=0x00000000
       10275000	      1026	80001aa4	00737933	and	x18,x6,x7	  x6:0x1c700000  x7:0xffffd697 x18=0x1c700000
       10285000	      1027	80001aa8	00c7de93	srli	x29,x15,0xc	 x15:0x0000005c x29=0x00000000
       10295000	      1028	80001aac	005f9693	slli	x13,x31,0x5	 x31:0xc703ddec x13=0xe07bbd80
       10305000	      1029	80001ab0	4128db33	sra	x22,x17,x18	 x17:0x0471c000 x18:0x1c700000 x22=0x0471c000
       10315000	      1030	80001ab4	8a8e96b7	lui	x13,0x8a8e9	 x13=0x8a8e9000
       10325000	      1031	80001ab8	0023c4b3	xor	x9,x7,x2	  x7:0xffffd697  x2:0x00000000  x9=0xffffd697
       10335000	      1032	80001abc	004116b3	sll	x13,x2,x4	  x2:0x00000000  x4:0x00000000 x13=0x00000000
       10345000	      1033	80001ac0	1e0df613	andi	x12,x27,480	 x27:0xfffff1a8 x12=0x000001a0
       10355000	      1034	80001ac4	41c906b3	sub	x13,x18,x28	 x18:0x1c700000 x28:0xffffd697 x13=0x1c702969
       10365000	      1035	80001ac8	019f9133	sll	x2,x31,x25	 x31:0xc703ddec x25:0xffffd783  x2=0x381eef60
       10375000	      1036	80001acc	02a2e063	bltu	x5,x10,80001aec	  x5:0xffffff5e x10:0x0468aa54
       10385000	      1037	80001ad0	006e1393	slli	x7,x28,0x6	 x28:0xffffd697  x7=0xfff5a5c0
       10395000	      1038	80001ad4	40f252b3	sra	x5,x4,x15	  x4:0x00000000 x15:0x0000005c  x5=0x00000000
       10405000	      1039	80001ad8	012de263	bltu	x27,x18,80001adc	 x27:0xfffff1a8 x18:0x1c700000
       10415000	      1040	80001adc	019ec133	xor	x2,x29,x25	 x29:0x00000000 x25:0xffffd783  x2=0xffffd783
       10425000	      1041	80001ae0	0077e663	bltu	x15,x7,80001aec	 x15:0x0000005c  x7:0xfff5a5c0
       10435000	      1042	00000000	00000013	addi	x0,x0,0	  x0:0x00000000
       10445000	      1043	80001ae8	00000013	addi	x0,x0,0	  x0:0x00000000
       10455000	      1044	80001aec	028a0c63	beq	x20,x8,80001b24	 x20:0x80009f60  x8:0x80008a2c
       10465000	      1045	80001af0	006b9413	slli	x8,x23,0x6	 x23:0xffffffff  x8=0xffffffc0
       10475000	      1046	80001af4	06af59b7	lui	x19,0x6af5	 x19=0x06af5000
       10485000	      1047	80001af8	03308663	beq	x1,x19,80001b24	  x1:0x00000001 x19:0x06af5000
       10495000	      1048	80001afc	01901fb3	sll	x31,x0,x25	  x0:0x00000000 x25:0xffffd783 x31=0x00000000
       10505000	      1049	80001b00	01926233	or	x4,x4,x25	  x4:0x00000000 x25:0xffffd783  x4=0xffffd783
       10515000	      1050	80001b04	006c7b33	and	x22,x24,x6	 x24:0x00000000  x6:0x1c700000 x22=0x00000000
       10525000	      1051	80001b08	01b3b6b3	sltu	x13,x7,x27	  x7:0xfff5a5c0 x27:0xfffff1a8 x13=0x00000001
       10535000	      1052	80001b0c	2967c813	xori	x16,x15,662	 x15:0x0000005c x16=0x000002ca
       10545000	      1053	80001b10	a295ed13	ori	x26,x11,-1495	 x11:0x00008000 x26=0xfffffa29
       10555000	      1054	80001b14	00d87463	bgeu	x16,x13,80001b1c	 x16:0x000002ca x13:0x00000001
       10565000	      1055	00000000	00000013	addi	x0,x0,0	  x0:0x00000000
       10575000	      1056	80001b18	00000013	addi	x0,x0,0	  x0:0x00000000
       10585000	      1057	80001b1c	01250533	add	x10,x10,x18	 x10:0x0468aa54 x18:0x1c700000 x10=0x20d8aa54
       10595000	      1058	80001b20	017026b3	slt	x13,x0,x23	  x0:0x00000000 x23:0xffffffff x13=0x00000000
       10605000	      1059	80001b24	01d69d13	slli	x26,x13,0x1d	 x13:0x00000000 x26=0x00000000
       10615000	      1060	80001b28	00000013	addi	x0,x0,0	  x0:0x00000000
       10625000	      1061	80001b2c	00751593	slli	x11,x10,0x7	 x10:0x20d8aa54 x11=0x6c552a00
       10635000	      1062	80001b30	a2474813	xori	x16,x14,-1500	 x14:0x80009fc4 x16=0x7fff65e0
       10645000	      1063	80001b34	fa73be13	sltiu	x28,x7,-89	  x7:0xfff5a5c0 x28=0x00000001
       10655000	      1064	80001b38	41b45233	sra	x4,x8,x27	  x8:0xffffffc0 x27:0xfffff1a8  x4=0xffffffff
       10665000	      1065	80001b3c	00e49233	sll	x4,x9,x14	  x9:0xffffd697 x14:0x80009fc4  x4=0xfffd6970
       10675000	      1066	80001b40	41d687b3	sub	x15,x13,x29	 x13:0x00000000 x29:0x00000000 x15=0x00000000
       10685000	      1067	80001b44	a08d2d13	slti	x26,x26,-1528	 x26:0x00000000 x26=0x00000000
       10695000	      1068	80001b48	091d7213	andi	x4,x26,145	 x26:0x00000000  x4=0x00000000
       10705000	      1069	80001b4c	01c7b833	sltu	x16,x15,x28	 x15:0x00000000 x28:0x00000001 x16=0x00000001
       10715000	      1070	80001b50	acad3b93	sltiu	x23,x26,-1334	 x26:0x00000000 x23=0x00000001
       10725000	      1071	80001b54	00beaeb3	slt	x29,x29,x11	 x29:0x00000000 x11:0x6c552a00 x29=0x00000001
       10735000	      1072	80001b58	9540feb7	lui	x29,0x9540f	 x29=0x9540f000
       10745000	      1073	80001b5c	41cbd993	srai	x19,x23,0x1c	 x23:0x00000001 x19=0x00000000
       10755000	      1074	80001b60	00000013	addi	x0,x0,0	  x0:0x00000000
       10765000	      1075	80001b64	f2887a93	andi	x21,x16,-216	 x16:0x00000001 x21=0x00000000
       10775000	      1076	80001b68	03c45863	bge	x8,x28,80001b98	  x8:0xffffffc0 x28:0x00000001
       10785000	      1077	80001b6c	00bcf263	bgeu	x25,x11,80001b70	 x25:0xffffd783 x11:0x6c552a00
       10795000	      1078	00000000	00000013	addi	x0,x0,0	  x0:0x00000000
       10805000	      1079	80001b6c	00000013	addi	x0,x0,0	  x0:0x00000000
       10815000	      1080	80001b70	014ad333	srl	x6,x21,x20	 x21:0x00000000 x20:0x80009f60  x6=0x00000000
       10825000	      1081	80001b74	bd1b2a93	slti	x21,x22,-1071	 x22:0x00000000 x21=0x00000000
       10835000	      1082	80001b78	025ef063	bgeu	x29,x5,80001b98	 x29:0x9540f000  x5:0x00000000
       10845000	      1083	00000000	00000013	addi	x0,x0,0	  x0:0x00000000
       10855000	      1084	80001b94	00000013	addi	x0,x0,0	  x0:0x00000000
       10865000	      1085	80001b98	05314263	blt	x2,x19,80001bdc	  x2:0xffffd783 x19:0x00000000
       10875000	      1086	00000000	00000013	addi	x0,x0,0	  x0:0x00000000
       10885000	      1087	80001bd8	00000013	addi	x0,x0,0	  x0:0x00000000
       10895000	      1088	80001bdc	01eaeb33	or	x22,x21,x30	 x21:0x00000000 x30:0x00000000 x22=0x00000000
       10905000	      1089	80001be0	017b4333	xor	x6,x22,x23	 x22:0x00000000 x23:0x00000001  x6=0x00000001
       10915000	      1090	80001be4	0008f0b3	and	x1,x17,x0	 x17:0x0471c000  x0:0x00000000  x1=0x00000000
       10925000	      1091	80001be8	02c60863	beq	x12,x12,80001c18	 x12:0x000001a0 x12:0x000001a0
       10935000	      1092	00000000	00000013	addi	x0,x0,0	  x0:0x00000000
       10945000	      1093	80001c14	00000013	addi	x0,x0,0	  x0:0x00000000
       10955000	      1094	80001c18	4196d5b3	sra	x11,x13,x25	 x13:0x00000000 x25:0xffffd783 x11=0x00000000
       10965000	      1095	80001c1c	01e878b3	and	x17,x16,x30	 x16:0x00000001 x30:0x00000000 x17=0x00000000
       10975000	      1096	80001c20	01d330b3	sltu	x1,x6,x29	  x6:0x00000001 x29:0x9540f000  x1=0x00000001
       10985000	      1097	80001c24	02248a63	beq	x9,x2,80001c58	  x9:0xffffd697  x2:0xffffd783
       10995000	      1098	80001c28	05f37263	bgeu	x6,x31,80001c6c	  x6:0x00000001 x31:0x00000000
       11005000	      1099	00000000	00000013	addi	x0,x0,0	  x0:0x00000000
       11015000	      1100	80001c68	00000013	addi	x0,x0,0	  x0:0x00000000
       11025000	      1101	80001c6c	031f7c63	bgeu	x30,x17,80001ca4	 x30:0x00000000 x17:0x00000000
       11035000	      1102	00000000	00000013	addi	x0,x0,0	  x0:0x00000000
       11045000	      1103	80001ca0	00000013	addi	x0,x0,0	  x0:0x00000000
       11055000	      1104	80001ca4	0108c7b3	xor	x15,x17,x16	 x17:0x00000000 x16:0x00000001 x15=0x00000001
       11065000	      1105	80001ca8	40eddb13	srai	x22,x27,0xe	 x27:0xfffff1a8 x22=0xffffffff
       11075000	      1106	80001cac	0291ca63	blt	x3,x9,80001ce0	  x3:0x0000002f  x9:0xffffd697
       11085000	      1107	80001cb0	04907263	bgeu	x0,x9,80001cf4	  x0:0x00000000  x9:0xffffd697
       11095000	      1108	80001cb4	05a2c263	blt	x5,x26,80001cf8	  x5:0x00000000 x26:0x00000000
       11105000	      1109	80001cb8	00f51613	slli	x12,x10,0xf	 x10:0x20d8aa54 x12=0x552a0000
       11115000	      1110	80001cbc	00200463	beq	x0,x2,80001cc4	  x0:0x00000000  x2:0xffffd783
       11125000	      1111	80001cc0	4073d693	srai	x13,x7,0x7	  x7:0xfff5a5c0 x13=0xffffeb4b
       11135000	      1112	80001cc4	008b1a93	slli	x21,x22,0x8	 x22:0xffffffff x21=0xffffff00
       11145000	      1113	80001cc8	0120f9b3	and	x19,x1,x18	  x1:0x00000001 x18:0x1c700000 x19=0x00000000
       11155000	      1114	80001ccc	014c24b3	slt	x9,x24,x20	 x24:0x00000000 x20:0x80009f60  x9=0x00000000
       11165000	      1115	80001cd0	adb48e37	lui	x28,0xadb48	 x28=0xadb48000
       11175000	      1116	80001cd4	01841d93	slli	x27,x8,0x18	  x8:0xffffffc0 x27=0xc0000000
       11185000	      1117	80001cd8	02ce4063	blt	x28,x12,80001cf8	 x28:0xadb48000 x12:0x552a0000
       11195000	      1118	00000000	00000013	addi	x0,x0,0	  x0:0x00000000
       11205000	      1119	80001cf4	00000013	addi	x0,x0,0	  x0:0x00000000
       11215000	      1120	80001cf8	00000013	addi	x0,x0,0	  x0:0x00000000
       11225000	      1121	80001cfc	03989263	bne	x17,x25,80001d20	 x17:0x00000000 x25:0xffffd783
       11235000	      1122	00000000	00000013	addi	x0,x0,0	  x0:0x00000000
       11245000	      1123	80001d1c	00000013	addi	x0,x0,0	  x0:0x00000000
       11255000	      1124	80001d20	02289c63	bne	x17,x2,80001d58	 x17:0x00000000  x2:0xffffd783
       11265000	      1125	00000000	00000013	addi	x0,x0,0	  x0:0x00000000
       11275000	      1126	80001d54	00000013	addi	x0,x0,0	  x0:0x00000000
       11285000	      1127	80001d58	00e89cb3	sll	x25,x17,x14	 x17:0x00000000 x14:0x80009fc4 x25=0x00000000
       11295000	      1128	80001d5c	407401b3	sub	x3,x8,x7	  x8:0xffffffc0  x7:0xfff5a5c0  x3=0x000a5a00
       11305000	      1129	80001d60	4124d013	srai	x0,x9,0x12	  x9:0x00000000
       11315000	      1130	80001d64	00e219b3	sll	x19,x4,x14	  x4:0x00000000 x14:0x80009fc4 x19=0x00000000
       11325000	      1131	80001d68	0041fe33	and	x28,x3,x4	  x3:0x000a5a00  x4:0x00000000 x28=0x00000000
       11335000	      1132	80001d6c	01e597b3	sll	x15,x11,x30	 x11:0x00000000 x30:0x00000000 x15=0x00000000
       11345000	      1133	80001d70	410703b3	sub	x7,x14,x16	 x14:0x80009fc4 x16:0x00000001  x7=0x80009fc3
       11355000	      1134	80001d74	04616063	bltu	x2,x6,80001db4	  x2:0xffffd783  x6:0x00000001
       11365000	      1135	80001d78	00000013	addi	x0,x0,0	  x0:0x00000000
       11375000	      1136	80001d7c	401500b3	sub	x1,x10,x1	 x10:0x20d8aa54  x1:0x00000001  x1=0x20d8aa53
       11385000	      1137	80001d80	018c1793	slli	x15,x24,0x18	 x24:0x00000000 x15=0x00000000
       11395000	      1138	80001d84	01ce9833	sll	x16,x29,x28	 x29:0x9540f000 x28:0x00000000 x16=0x9540f000
       11405000	      1139	80001d88	018e1b93	slli	x23,x28,0x18	 x28:0x00000000 x23=0x00000000
       11415000	      1140	80001d8c	02600863	beq	x0,x6,80001dbc	  x0:0x00000000  x6:0x00000001
       11425000	      1141	80001d90	01739593	slli	x11,x7,0x17	  x7:0x80009fc3 x11=0xe1800000
       11435000	      1142	80001d94	01f57263	bgeu	x10,x31,80001d98	 x10:0x20d8aa54 x31:0x00000000
       11445000	      1143	00000000	00000013	addi	x0,x0,0	  x0:0x00000000
       11455000	      1144	80001d94	00000013	addi	x0,x0,0	  x0:0x00000000
       11465000	      1145	80001d98	3e534493	xori	x9,x6,997	  x6:0x00000001  x9=0x000003e4
       11475000	      1146	80001d9c	41918bb3	sub	x23,x3,x25	  x3:0x000a5a00 x25:0x00000000 x23=0x000a5a00
       11485000	      1147	80001da0	012f0bb3	add	x23,x30,x18	 x30:0x00000000 x18:0x1c700000 x23=0x1c700000
       11495000	      1148	80001da4	406380b3	sub	x1,x7,x6	  x7:0x80009fc3  x6:0x00000001  x1=0x80009fc2
       11505000	      1149	80001da8	cad82b93	slti	x23,x16,-851	 x16:0x9540f000 x23=0x00000001
       11515000	      1150	80001dac	9f3f3697	auipc	x13,0x9f3f3	 x13=0x1f3f4da8
       11525000	      1151	80001db0	b2be3113	sltiu	x2,x28,-1237	 x28:0x00000000  x2=0x00000001
       11535000	      1152	80001db4	4050d133	sra	x2,x1,x5	  x1:0x80009fc2  x5:0x00000000  x2=0x80009fc2
       11545000	      1153	80001db8	6b8f7f93	andi	x31,x30,1720	 x30:0x00000000 x31=0x00000000
       11555000	      1154	80001dbc	05f51663	bne	x10,x31,80001e08	 x10:0x20d8aa54 x31:0x00000000
       11565000	      1155	00000000	00000013	addi	x0,x0,0	  x0:0x00000000
       11575000	      1156	80001e04	00000013	addi	x0,x0,0	  x0:0x00000000
       11585000	      1157	80001e08	00b1e463	bltu	x3,x11,80001e10	  x3:0x000a5a00 x11:0xe1800000
       11595000	      1158	00000000	00000013	addi	x0,x0,0	  x0:0x00000000
       11605000	      1159	80001e0c	00000013	addi	x0,x0,0	  x0:0x00000000
       11615000	      1160	80001e10	008ab2b3	sltu	x5,x21,x8	 x21:0xffffff00  x8:0xffffffc0  x5=0x00000001
       11625000	      1161	80001e14	00f97263	bgeu	x18,x15,80001e18	 x18:0x1c700000 x15:0x00000000
       11635000	      1162	00000000	00000013	addi	x0,x0,0	  x0:0x00000000
       11645000	      1163	80001e14	00000013	addi	x0,x0,0	  x0:0x00000000
       11655000	      1164	80001e18	483e4917	auipc	x18,0x483e4	 x18=0xc83e5e14
       11665000	      1165	80001e1c	41438d33	sub	x26,x7,x20	  x7:0x80009fc3 x20:0x80009f60 x26=0x00000063
       11675000	      1166	80001e20	6a80fe93	andi	x29,x1,1704	  x1:0x80009fc2 x29=0x00000680
       11685000	      1167	80001e24	e68d2b13	slti	x22,x26,-408	 x26:0x00000063 x22=0x00000000
       11695000	      1168	80001e28	004a2483	lw	x9,4(x20)	 x20:0x80009f60  x9=0x80000980 PA:0x80009f64
       11705000	      1169	80001e2c	0118a633	slt	x12,x17,x17	 x17:0x00000000 x17:0x00000000 x12=0x00000000
       11715000	      1170	80001e30	018a0a13	addi	x20,x20,24	 x20:0x80009f60 x20=0x80009f78
       11725000	      1171	80001e34	00000013	addi	x0,x0,0	  x0:0x00000000
       11735000	      1172	80001e38	40518533	sub	x10,x3,x5	  x3:0x000a5a00  x5:0x00000001 x10=0x000a59ff
       11745000	      1173	80001e3c	1d533313	sltiu	x6,x6,469	  x6:0x00000001  x6=0x00000001
       11755000	      1174	80001e40	043b1bb7	lui	x23,0x43b1	 x23=0x043b1000
       11765000	      1175	80001e44	0026db93	srli	x23,x13,0x2	 x13:0x1f3f4da8 x23=0x07cfd36a
       11775000	      1176	80001e48	00048e13	addi	x28,x9,0	  x9:0x80000980 x28=0x80000980
       11785000	      1177	80001e4c	000e0e67	jalr	x28,x28,0	 x28:0x80000980 x28=0x80001e4c
       11795000	      1178	00000000	00000013	addi	x0,x0,0	  x0:0x00000000
       11805000	      1179	80000980	00000013	addi	x0,x0,0	  x0:0x00000000
       11815000	      1180	80000984	00008197	auipc	x3,0x8	  x3=0x80008980
       11825000	      1181	80000988	22618193	addi	x3,x3,550	  x3:0x80008980  x3=0x80008ba6
       11835000	      1182	8000098c	00008117	auipc	x2,0x8	  x2=0x80008988
       11845000	      1183	80000990	27510113	addi	x2,x2,629	  x2:0x80008988  x2=0x80008bfd
       11855000	      1184	80000994	00008b17	auipc	x22,0x8	 x22=0x80008990
       11865000	      1185	80000998	ee7b0b13	addi	x22,x22,-281	 x22:0x80008990 x22=0x80008877
       11875000	      1186	8000099c	00008917	auipc	x18,0x8	 x18=0x80008998
       11885000	      1187	800009a0	4d290913	addi	x18,x18,1234	 x18:0x80008998 x18=0x80008e6a
       11895000	      1188	800009a4	ff310503	lb	x10,-13(x2)	  x2:0x80008bfd x10=0xffffffe8 PA:0x80008bf0
       11905000	      1189	800009a8	cae18323	sb	x14,-858(x3)	  x3:0x80008ba6 x14:0x80009fc4 PA:0x8000884c
       11915000	      1190	800009ac	008b00a3	sb	x8,1(x22)	 x22:0x80008877  x8:0xffffffc0 PA:0x80008878
       11925000	      1191	800009b0	00008297	auipc	x5,0x8	  x5=0x800089ac
       11935000	      1192	800009b4	13928293	addi	x5,x5,313	  x5:0x800089ac  x5=0x80008ae5
       11945000	      1193	800009b8	009b0723	sb	x9,14(x22)	 x22:0x80008877  x9:0x80000980 PA:0x80008885
       11955000	      1194	800009bc	fec28ba3	sb	x12,-9(x5)	  x5:0x80008ae5 x12:0x00000000 PA:0x80008adc
       11965000	      1195	800009c0	ffa28883	lb	x17,-6(x5)	  x5:0x80008ae5 x17=0x0000000a PA:0x80008adf
       11975000	      1196	800009c4	ff410fa3	sb	x20,-1(x2)	  x2:0x80008bfd x20:0x80009f78 PA:0x80008bfc
       11985000	      1197	800009c8	00d28623	sb	x13,12(x5)	  x5:0x80008ae5 x13:0x1f3f4da8 PA:0x80008af1
       11995000	      1198	800009cc	ddf1ca83	lbu	x21,-545(x3)	  x3:0x80008ba6 x21=0x00000050 PA:0x80008985
       12005000	      1199	800009d0	ffdb0203	lb	x4,-3(x22)	 x22:0x80008877  x4=0x00000038 PA:0x80008874
       12015000	      1200	800009d4	fe528e23	sb	x5,-4(x5)	  x5:0x80008ae5  x5:0x80008ae5 PA:0x80008ae1
       12025000	      1201	800009d8	41619e83	lh	x29,1046(x3)	  x3:0x80008ba6 x29=0x00006c4c PA:0x80008fbc
       12035000	      1202	800009dc	fe790ca3	sb	x7,-7(x18)	 x18:0x80008e6a  x7:0x80009fc3 PA:0x80008e63
       12045000	      1203	800009e0	00329d03	lh	x26,3(x5)	  x5:0x80008ae5 x26=0x00006533 PA:0x80008ae8
       12055000	      1204	800009e4	004b0303	lb	x6,4(x22)	 x22:0x80008877  x6=0x00000070 PA:0x8000887b
       12065000	      1205	800009e8	0042c483	lbu	x9,4(x5)	  x5:0x80008ae5  x9=0x00000065 PA:0x80008ae9
       12075000	      1206	00000000	00000013	addi	x0,x0,0	  x0:0x00000000
       12085000	      1207	800009ec	00990e03	lb	x28,9(x18)	 x18:0x80008e6a x28=0xffffffec PA:0x80008e73
       12095000	      1208	800009f0	ff82c483	lbu	x9,-8(x5)	  x5:0x80008ae5  x9=0x0000001c PA:0x80008add
       12105000	      1209	800009f4	e4a18383	lb	x7,-438(x3)	  x3:0x80008ba6  x7=0x00000058 PA:0x800089f0
       12115000	      1210	800009f8	fe291a23	sh	x2,-12(x18)	 x18:0x80008e6a  x2:0x80008bfd PA:0x80008e5e
       12125000	      1211	800009fc	00d10623	sb	x13,12(x2)	  x2:0x80008bfd x13:0x1f3f4da8 PA:0x80008c09
       12135000	      1212	80000a00	ff2b0fa3	sb	x18,-1(x22)	 x22:0x80008877 x18:0x80008e6a PA:0x80008876
       12145000	      1213	80000a04	ff294203	lbu	x4,-14(x18)	 x18:0x80008e6a  x4=0x0000006e PA:0x80008e5c
       12155000	      1214	80000a08	00128883	lb	x17,1(x5)	  x5:0x80008ae5 x17=0xffffffbc PA:0x80008ae6
       12165000	      1215	80000a0c	02e10b23	sb	x14,54(x2)	  x2:0x80008bfd x14:0x80009fc4 PA:0x80008c33
       12175000	      1216	80000a10	00528523	sb	x5,10(x5)	  x5:0x80008ae5  x5:0x80008ae5 PA:0x80008aef
       12185000	      1217	80000a14	00ab4403	lbu	x8,10(x22)	 x22:0x80008877  x8=0x00000098 PA:0x80008881
       12195000	      1218	80000a18	00a90603	lb	x12,10(x18)	 x18:0x80008e6a x12=0xffffff88 PA:0x80008e74
       12205000	      1219	80000a1c	ffd1cd03	lbu	x26,-3(x3)	  x3:0x80008ba6 x26=0x0000003d PA:0x80008ba3
       12215000	      1220	80000a20	01311383	lh	x7,19(x2)	  x2:0x80008bfd  x7=0xffffbe55 PA:0x80008c10
       12225000	      1221	80000a24	00008c17	auipc	x24,0x8	 x24=0x80008a20
       12235000	      1222	80000a28	139c0c13	addi	x24,x24,313	 x24:0x80008a20 x24=0x80008b59
       12245000	      1223	80000a2c	017c5d83	lhu	x27,23(x24)	 x24:0x80008b59 x27=0x00005301 PA:0x80008b70
       12255000	      1224	80000a30	fd8c0f83	lb	x31,-40(x24)	 x24:0x80008b59 x31=0xffffffa4 PA:0x80008b31
       12265000	      1225	80000a34	1bc3f593	andi	x11,x7,444	  x7:0xffffbe55 x11=0x00000014
       12275000	      1226	80000a38	001c0423	sb	x1,8(x24)	 x24:0x80008b59  x1:0x80009fc2 PA:0x80008b61
       12285000	      1227	80000a3c	16b86813	ori	x16,x16,363	 x16:0x9540f000 x16=0x9540f16b
       12295000	      1228	80000a40	008c4b03	lbu	x22,8(x24)	 x24:0x80008b59 x22=0x000000c2 PA:0x80008b61
       12305000	      1229	80000a44	00000013	addi	x0,x0,0	  x0:0x00000000
       12315000	      1230	80000a48	008c0e83	lb	x29,8(x24)	 x24:0x80008b59 x29=0xffffffc2 PA:0x80008b61
       12325000	      1231	80000a4c	00ec4003	lbu	x0,14(x24)	 x24:0x80008b59 PA:0x80008b67
       12335000	      1232	80000a50	00ec4a83	lbu	x21,14(x24)	 x24:0x80008b59 x21=0x00000086 PA:0x80008b67
       12345000	      1233	80000a54	019c1883	lh	x17,25(x24)	 x24:0x80008b59 x17=0xffffec6f PA:0x80008b72
       12355000	      1234	80000a58	019c5003	lhu	x0,25(x24)	 x24:0x80008b59 PA:0x80008b72
       12365000	      1235	80000a5c	022c1ba3	sh	x2,55(x24)	 x24:0x80008b59  x2:0x80008bfd PA:0x80008b90
       12375000	      1236	80000a60	034c0683	lb	x13,52(x24)	 x24:0x80008b59 x13=0xffffffaf PA:0x80008b8d
       12385000	      1237	80000a64	fe6c0483	lb	x9,-26(x24)	 x24:0x80008b59  x9=0xffffffd6 PA:0x80008b3f
       12395000	      1238	80000a68	fedc0d83	lb	x27,-19(x24)	 x24:0x80008b59 x27=0x00000010 PA:0x80008b46
       12405000	      1239	80000a6c	febc1503	lh	x10,-21(x24)	 x24:0x80008b59 x10=0xffffbe18 PA:0x80008b44
       12415000	      1240	80000a70	396ab437	lui	x8,0x396ab	  x8=0x396ab000
       12425000	      1241	80000a74	00d6a633	slt	x12,x13,x13	 x13:0xffffffaf x13:0xffffffaf x12=0x00000000
       12435000	      1242	80000a78	41a3deb3	sra	x29,x7,x26	  x7:0xffffbe55 x26:0x0000003d x29=0xffffffff
       12445000	      1243	80000a7c	67403413	sltiu	x8,x0,1652	  x0:0x00000000  x8=0x00000001
       12455000	      1244	80000a80	40fddb93	srai	x23,x27,0xf	 x27:0x00000010 x23=0x00000000
       12465000	      1245	80000a84	0362ee63	bltu	x5,x22,80000ac0	  x5:0x80008ae5 x22:0x000000c2
       12475000	      1246	80000a88	03149663	bne	x9,x17,80000ab4	  x9:0xffffffd6 x17:0xffffec6f
       12485000	      1247	00000000	00000013	addi	x0,x0,0	  x0:0x00000000
       12495000	      1248	80000ab0	00000013	addi	x0,x0,0	  x0:0x00000000
       12505000	      1249	80000ab4	00e4f263	bgeu	x9,x14,80000ab8	  x9:0xffffffd6 x14:0x80009fc4
       12515000	      1250	00000000	00000013	addi	x0,x0,0	  x0:0x00000000
       12525000	      1251	80000ab4	00000013	addi	x0,x0,0	  x0:0x00000000
       12535000	      1252	80000ab8	00000013	addi	x0,x0,0	  x0:0x00000000
       12545000	      1253	80000abc	c21b6637	lui	x12,0xc21b6	 x12=0xc21b6000
       12555000	      1254	80000ac0	0064a2b3	slt	x5,x9,x6	  x9:0xffffffd6  x6:0x00000070  x5=0x00000001
       12565000	      1255	80000ac4	d48aa513	slti	x10,x21,-696	 x21:0x00000086 x10=0x00000000
       12575000	      1256	80000ac8	8d0a0c93	addi	x25,x20,-1840	 x20:0x80009f78 x25=0x80009848
       12585000	      1257	80000acc	b1908113	addi	x2,x1,-1255	  x1:0x80009fc2  x2=0x80009adb
       12595000	      1258	80000ad0	00661613	slli	x12,x12,0x6	 x12:0xc21b6000 x12=0x86d80000
       12605000	      1259	80000ad4	04154663	blt	x10,x1,80000b20	 x10:0x00000000  x1:0x80009fc2
       12615000	      1260	80000ad8	00000013	addi	x0,x0,0	  x0:0x00000000
       12625000	      1261	80000adc	015196b3	sll	x13,x3,x21	  x3:0x80008ba6 x21:0x00000086 x13=0x0022e980
       12635000	      1262	80000ae0	f2f62c93	slti	x25,x12,-209	 x12:0x86d80000 x25=0x00000001
       12645000	      1263	80000ae4	896dcb13	xori	x22,x27,-1898	 x27:0x00000010 x22=0xfffff886
       12655000	      1264	80000ae8	6d163c93	sltiu	x25,x12,1745	 x12:0x86d80000 x25=0x00000000
       12665000	      1265	80000aec	404488b3	sub	x17,x9,x4	  x9:0xffffffd6  x4:0x0000006e x17=0xffffff68
       12675000	      1266	80000af0	00000013	addi	x0,x0,0	  x0:0x00000000
       12685000	      1267	80000af4	00000013	addi	x0,x0,0	  x0:0x00000000
       12695000	      1268	80000af8	10316463	bltu	x2,x3,80000c00	  x2:0x80009adb  x3:0x80008ba6
       12705000	      1269	80000afc	00588333	add	x6,x17,x5	 x17:0xffffff68  x5:0x00000001  x6=0xffffff69
       12715000	      1270	80000b00	01c10a63	beq	x2,x28,80000b14	  x2:0x80009adb x28:0xffffffec
       12725000	      1271	80000b04	0fdc9663	bne	x25,x29,80000bf0	 x25:0x00000000 x29:0xffffffff
       12735000	      1272	00000000	00000013	addi	x0,x0,0	  x0:0x00000000
       12745000	      1273	80000bec	00000013	addi	x0,x0,0	  x0:0x00000000
       12755000	      1274	80000bf0	01875333	srl	x6,x14,x24	 x14:0x80009fc4 x24:0x80008b59  x6=0x00000040
       12765000	      1275	80000bf4	4096d5b3	sra	x11,x13,x9	 x13:0x0022e980  x9:0xffffffd6 x11=0x00000000
       12775000	      1276	80000bf8	0202ee63	bltu	x5,x0,80000c34	  x5:0x00000001  x0:0x00000000
       12785000	      1277	80000bfc	01a74463	blt	x14,x26,80000c04	 x14:0x80009fc4 x26:0x0000003d
       12795000	      1278	00000000	00000013	addi	x0,x0,0	  x0:0x00000000
       12805000	      1279	80000c00	00000013	addi	x0,x0,0	  x0:0x00000000
       12815000	      1280	80000c04	02f48663	beq	x9,x15,80000c30	  x9:0xffffffd6 x15:0x00000000
       12825000	      1281	80000c08	d3803c13	sltiu	x24,x0,-712	  x0:0x00000000 x24=0x00000001
       12835000	      1282	80000c0c	00c164b3	or	x9,x2,x12	  x2:0x80009adb x12:0x86d80000  x9=0x86d89adb
       12845000	      1283	80000c10	00000013	addi	x0,x0,0	  x0:0x00000000
       12855000	      1284	80000c14	01b694b3	sll	x9,x13,x27	 x13:0x0022e980 x27:0x00000010  x9=0xe9800000
       12865000	      1285	80000c18	01d05863	bge	x0,x29,80000c28	  x0:0x00000000 x29:0xffffffff
       12875000	      1286	00000000	00000013	addi	x0,x0,0	  x0:0x00000000
       12885000	      1287	80000c24	00000013	addi	x0,x0,0	  x0:0x00000000
       12895000	      1288	80000c28	00fe37b3	sltu	x15,x28,x15	 x28:0xffffffec x15:0x00000000 x15=0x00000000
       12905000	      1289	80000c2c	40c5dd93	srai	x27,x11,0xc	 x11:0x00000000 x27=0x00000000
       12915000	      1290	80000c30	00129633	sll	x12,x5,x1	  x5:0x00000001  x1:0x80009fc2 x12=0x00000004
       12925000	      1291	80000c34	00000013	addi	x0,x0,0	  x0:0x00000000
       12935000	      1292	80000c38	05aee463	bltu	x29,x26,80000c80	 x29:0xffffffff x26:0x0000003d
       12945000	      1293	80000c3c	145dad13	slti	x26,x27,325	 x27:0x00000000 x26=0x00000001
       12955000	      1294	80000c40	0181c7b3	xor	x15,x3,x24	  x3:0x80008ba6 x24:0x00000001 x15=0x80008ba7
       12965000	      1295	80000c44	172878b7	lui	x17,0x17287	 x17=0x17287000
       12975000	      1296	80000c48	41e403b3	sub	x7,x8,x30	  x8:0x00000001 x30:0x00000000  x7=0x00000001
       12985000	      1297	80000c4c	81cf2d13	slti	x26,x30,-2020	 x30:0x00000000 x26=0x00000000
       12995000	      1298	80000c50	142ffb13	andi	x22,x31,322	 x31:0xffffffa4 x22=0x00000100
       13005000	      1299	80000c54	01a2d433	srl	x8,x5,x26	  x5:0x00000001 x26:0x00000000  x8=0x00000001
       13015000	      1300	80000c58	01c65e93	srli	x29,x12,0x1c	 x12:0x00000004 x29=0x00000000
       13025000	      1301	80000c5c	dd04c393	xori	x7,x9,-560	  x9:0xe9800000  x7=0x167ffdd0
       13035000	      1302	80000c60	228eff93	andi	x31,x29,552	 x29:0x00000000 x31=0x00000000
       13045000	      1303	80000c64	40a883b3	sub	x7,x17,x10	 x17:0x17287000 x10:0x00000000  x7=0x17287000
       13055000	      1304	80000c68	027ae063	bltu	x21,x7,80000c88	 x21:0x00000086  x7:0x17287000
       13065000	      1305	00000000	00000013	addi	x0,x0,0	  x0:0x00000000
       13075000	      1306	80000c84	00000013	addi	x0,x0,0	  x0:0x00000000
       13085000	      1307	80000c88	69c66013	ori	x0,x12,1692	 x12:0x00000004
       13095000	      1308	80000c8c	fa558793	addi	x15,x11,-91	 x11:0x00000000 x15=0xffffffa5
       13105000	      1309	80000c90	7d48a293	slti	x5,x17,2004	 x17:0x17287000  x5=0x00000000
       13115000	      1310	80000c94	01fc4463	blt	x24,x31,80000c9c	 x24:0x00000001 x31:0x00000000
       13125000	      1311	80000c98	00000013	addi	x0,x0,0	  x0:0x00000000
       13135000	      1312	80000c9c	01c2a2b3	slt	x5,x5,x28	  x5:0x00000000 x28:0xffffffec  x5=0x00000000
       13145000	      1313	80000ca0	bbb76b37	lui	x22,0xbbb76	 x22=0xbbb76000
       13155000	      1314	80000ca4	03c6fe63	bgeu	x13,x28,80000ce0	 x13:0x0022e980 x28:0xffffffec
       13165000	      1315	80000ca8	03791c63	bne	x18,x23,80000ce0	 x18:0x80008e6a x23:0x00000000
       13175000	      1316	00000000	00000013	addi	x0,x0,0	  x0:0x00000000
       13185000	      1317	80000cdc	00000013	addi	x0,x0,0	  x0:0x00000000
       13195000	      1318	80000ce0	0060e663	bltu	x1,x6,80000cec	  x1:0x80009fc2  x6:0x00000040
       13205000	      1319	80000ce4	00201433	sll	x8,x0,x2	  x0:0x00000000  x2:0x80009adb  x8=0x00000000
       13215000	      1320	80000ce8	eb166d13	ori	x26,x12,-335	 x12:0x00000004 x26=0xfffffeb5
       13225000	      1321	80000cec	00f97663	bgeu	x18,x15,80000cf8	 x18:0x80008e6a x15:0xffffffa5
       13235000	      1322	80000cf0	00000013	addi	x0,x0,0	  x0:0x00000000
       13245000	      1323	80000cf4	0110b033	sltu	x0,x1,x17	  x1:0x80009fc2 x17:0x17287000
       13255000	      1324	80000cf8	5e31c893	xori	x17,x3,1507	  x3:0x80008ba6 x17=0x80008e45
       13265000	      1325	80000cfc	04d36463	bltu	x6,x13,80000d44	  x6:0x00000040 x13:0x0022e980
       13275000	      1326	00000000	00000013	addi	x0,x0,0	  x0:0x00000000
       13285000	      1327	80000d40	00000013	addi	x0,x0,0	  x0:0x00000000
       13295000	      1328	80000d44	01051293	slli	x5,x10,0x10	 x10:0x00000000  x5=0x00000000
       13305000	      1329	80000d48	01f2fc63	bgeu	x5,x31,80000d60	  x5:0x00000000 x31:0x00000000
       13315000	      1330	00000000	00000013	addi	x0,x0,0	  x0:0x00000000
       13325000	      1331	80000d5c	00000013	addi	x0,x0,0	  x0:0x00000000
       13335000	      1332	80000d60	ddf3f493	andi	x9,x7,-545	  x7:0x17287000  x9=0x17287000
       13345000	      1333	80000d64	00000013	addi	x0,x0,0	  x0:0x00000000
       13355000	      1334	80000d68	0125f933	and	x18,x11,x18	 x11:0x00000000 x18:0x80008e6a x18=0x00000000
       13365000	      1335	80000d6c	40c1d133	sra	x2,x3,x12	  x3:0x80008ba6 x12:0x00000004  x2=0xf80008ba
       13375000	      1336	80000d70	00000013	addi	x0,x0,0	  x0:0x00000000
       13385000	      1337	80000d74	cdfc3817	auipc	x16,0xcdfc3	 x16=0x4dfc3d70
       13395000	      1338	80000d78	41af5eb3	sra	x29,x30,x26	 x30:0x00000000 x26:0xfffffeb5 x29=0x00000000
       13405000	      1339	80000d7c	00000013	addi	x0,x0,0	  x0:0x00000000
       13415000	      1340	80000d80	41108533	sub	x10,x1,x17	  x1:0x80009fc2 x17:0x80008e45 x10=0x0000117d
       13425000	      1341	80000d84	401808b3	sub	x17,x16,x1	 x16:0x4dfc3d70  x1:0x80009fc2 x17=0xcdfb9dae
       13435000	      1342	80000d88	01299863	bne	x19,x18,80000d98	 x19:0x00000000 x18:0x00000000
       13445000	      1343	80000d8c	40e0d893	srai	x17,x1,0xe	  x1:0x80009fc2 x17=0xfffe0002
       13455000	      1344	80000d90	01cd2533	slt	x10,x26,x28	 x26:0xfffffeb5 x28:0xffffffec x10=0x00000001
       13465000	      1345	80000d94	01f26033	or	x0,x4,x31	  x4:0x0000006e x31:0x00000000
       13475000	      1346	80000d98	00000013	addi	x0,x0,0	  x0:0x00000000
       13485000	      1347	80000d9c	40b45393	srai	x7,x8,0xb	  x8:0x00000000  x7=0x00000000
       13495000	      1348	80000da0	40a45293	srai	x5,x8,0xa	  x8:0x00000000  x5=0x00000000
       13505000	      1349	80000da4	004a2483	lw	x9,4(x20)	 x20:0x80009f78  x9=0x80000544 PA:0x80009f7c
       13515000	      1350	80000da8	a660f293	andi	x5,x1,-1434	  x1:0x80009fc2  x5=0x80009a42
       13525000	      1351	80000dac	be872993	slti	x19,x14,-1048	 x14:0x80009fc4 x19=0x00000001
       13535000	      1352	80000db0	01ac8533	add	x10,x25,x26	 x25:0x00000000 x26:0xfffffeb5 x10=0xfffffeb5
       13545000	      1353	80000db4	00ca0a13	addi	x20,x20,12	 x20:0x80009f78 x20=0x80009f84
       13555000	      1354	80000db8	014f1613	slli	x12,x30,0x14	 x30:0x00000000 x12=0x00000000
       13565000	      1355	80000dbc	00148413	addi	x8,x9,1	  x9:0x80000544  x8=0x80000545
       13575000	      1356	80000dc0	00040467	jalr	x8,x8,0	  x8:0x80000545  x8=0x80000dc0
       13585000	      1357	00000000	00000013	addi	x0,x0,0	  x0:0x00000000
       13595000	      1358	80000544	00000013	addi	x0,x0,0	  x0:0x00000000
       13605000	      1359	80000548	05937463	bgeu	x6,x25,80000590	  x6:0x00000040 x25:0x00000000
       13615000	      1360	00000000	00000013	addi	x0,x0,0	  x0:0x00000000
       13625000	      1361	8000058c	00000013	addi	x0,x0,0	  x0:0x00000000
       13635000	      1362	80000590	02700063	beq	x0,x7,800005b0	  x0:0x00000000  x7:0x00000000
       13645000	      1363	00000000	00000013	addi	x0,x0,0	  x0:0x00000000
       13655000	      1364	800005ac	00000013	addi	x0,x0,0	  x0:0x00000000
       13665000	      1365	800005b0	ccaaaa97	auipc	x21,0xccaaa	 x21=0x4caaa5ac
       13675000	      1366	800005b4	000ac833	xor	x16,x21,x0	 x21:0x4caaa5ac  x0:0x00000000 x16=0x4caaa5ac
       13685000	      1367	800005b8	04838863	beq	x7,x8,80000608	  x7:0x00000000  x8:0x80000dc0
       13695000	      1368	800005bc	abeb7993	andi	x19,x22,-1346	 x22:0xbbb76000 x19=0xbbb76000
       13705000	      1369	800005c0	01599333	sll	x6,x19,x21	 x19:0xbbb76000 x21:0x4caaa5ac  x6=0x76000000
       13715000	      1370	800005c4	00ee1f93	slli	x31,x28,0xe	 x28:0xffffffec x31=0xfffb0000
       13725000	      1371	800005c8	00157663	bgeu	x10,x1,800005d4	 x10:0xfffffeb5  x1:0x80009fc2
       13735000	      1372	00000000	00000013	addi	x0,x0,0	  x0:0x00000000
       13745000	      1373	800005d0	00000013	addi	x0,x0,0	  x0:0x00000000
       13755000	      1374	800005d4	e740ec13	ori	x24,x1,-396	  x1:0x80009fc2 x24=0xfffffff6
       13765000	      1375	800005d8	008ad013	srli	x0,x21,0x8	 x21:0x4caaa5ac
       13775000	      1376	800005dc	05f35263	bge	x6,x31,80000620	  x6:0x76000000 x31:0xfffb0000
       13785000	      1377	00000000	00000013	addi	x0,x0,0	  x0:0x00000000
       13795000	      1378	8000061c	00000013	addi	x0,x0,0	  x0:0x00000000
       13805000	      1379	80000620	01a8a2b3	slt	x5,x17,x26	 x17:0xfffe0002 x26:0xfffffeb5  x5=0x00000001
       13815000	      1380	80000624	29b9ef93	ori	x31,x19,667	 x19:0xbbb76000 x31=0xbbb7629b
       13825000	      1381	80000628	00e00c63	beq	x0,x14,80000640	  x0:0x00000000 x14:0x80009fc4
       13835000	      1382	8000062c	0176b333	sltu	x6,x13,x23	 x13:0x0022e980 x23:0x00000000  x6=0x00000000
       13845000	      1383	80000630	e7a70113	addi	x2,x14,-390	 x14:0x80009fc4  x2=0x80009e3e
       13855000	      1384	80000634	01749133	sll	x2,x9,x23	  x9:0x80000544 x23:0x00000000  x2=0x80000544
       13865000	      1385	80000638	5d827f93	andi	x31,x4,1496	  x4:0x0000006e x31=0x00000048
       13875000	      1386	8000063c	4014db93	srai	x23,x9,0x1	  x9:0x80000544 x23=0xc00002a2
       13885000	      1387	80000640	0080b5b3	sltu	x11,x1,x8	  x1:0x80009fc2  x8:0x80000dc0 x11=0x00000000
       13895000	      1388	80000644	010c79b3	and	x19,x24,x16	 x24:0xfffffff6 x16:0x4caaa5ac x19=0x4caaa5a4
       13905000	      1389	80000648	1a60fa93	andi	x21,x1,422	  x1:0x80009fc2 x21=0x00000182
       13915000	      1390	8000064c	00aebcb3	sltu	x25,x29,x10	 x29:0x00000000 x10:0xfffffeb5 x25=0x00000001
       13925000	      1391	80000650	72d456b7	lui	x13,0x72d45	 x13=0x72d45000
       13935000	      1392	80000654	04ced463	bge	x29,x12,8000069c	 x29:0x00000000 x12:0x00000000
       13945000	      1393	00000000	00000013	addi	x0,x0,0	  x0:0x00000000
       13955000	      1394	80000698	00000013	addi	x0,x0,0	  x0:0x00000000
       13965000	      1395	8000069c	67877c13	andi	x24,x14,1656	 x14:0x80009fc4 x24=0x00000640
       13975000	      1396	800006a0	0377fa63	bgeu	x15,x23,800006d4	 x15:0xffffffa5 x23:0xc00002a2
       13985000	      1397	00000000	00000013	addi	x0,x0,0	  x0:0x00000000
       13995000	      1398	800006d0	00000013	addi	x0,x0,0	  x0:0x00000000
       14005000	      1399	800006d4	019b8b33	add	x22,x23,x25	 x23:0xc00002a2 x25:0x00000001 x22=0xc00002a3
       14015000	      1400	800006d8	2273c493	xori	x9,x7,551	  x7:0x00000000  x9=0x00000227
       14025000	      1401	800006dc	403551b3	sra	x3,x10,x3	 x10:0xfffffeb5  x3:0x80008ba6  x3=0xfffffffa
       14035000	      1402	800006e0	004b6c33	or	x24,x22,x4	 x22:0xc00002a3  x4:0x0000006e x24=0xc00002ef
       14045000	      1403	800006e4	9b4ca337	lui	x6,0x9b4ca	  x6=0x9b4ca000
       14055000	      1404	800006e8	4283fe93	andi	x29,x7,1064	  x7:0x00000000 x29=0x00000000
       14065000	      1405	800006ec	00715fb3	srl	x31,x2,x7	  x2:0x80000544  x7:0x00000000 x31=0x80000544
       14075000	      1406	800006f0	00000013	addi	x0,x0,0	  x0:0x00000000
       14085000	      1407	800006f4	01a27833	and	x16,x4,x26	  x4:0x0000006e x26:0xfffffeb5 x16=0x00000024
       14095000	      1408	800006f8	00f2f133	and	x2,x5,x15	  x5:0x00000001 x15:0xffffffa5  x2=0x00000001
       14105000	      1409	800006fc	002566b3	or	x13,x10,x2	 x10:0xfffffeb5  x2:0x00000001 x13=0xfffffeb5
       14115000	      1410	80000700	02767263	bgeu	x12,x7,80000724	 x12:0x00000000  x7:0x00000000
       14125000	      1411	00000000	00000013	addi	x0,x0,0	  x0:0x00000000
       14135000	      1412	80000720	00000013	addi	x0,x0,0	  x0:0x00000000
       14145000	      1413	80000724	00e5b6b3	sltu	x13,x11,x14	 x11:0x00000000 x14:0x80009fc4 x13=0x00000001
       14155000	      1414	80000728	00000013	addi	x0,x0,0	  x0:0x00000000
       14165000	      1415	8000072c	05816463	bltu	x2,x24,80000774	  x2:0x00000001 x24:0xc00002ef
       14175000	      1416	00000000	00000013	addi	x0,x0,0	  x0:0x00000000
       14185000	      1417	80000770	00000013	addi	x0,x0,0	  x0:0x00000000
       14195000	      1418	80000774	41ed01b3	sub	x3,x26,x30	 x26:0xfffffeb5 x30:0x00000000  x3=0xfffffeb5
       14205000	      1419	80000778	009c5213	srli	x4,x24,0x9	 x24:0xc00002ef  x4=0x00600001
       14215000	      1420	8000077c	03766263	bltu	x12,x23,800007a0	 x12:0x00000000 x23:0xc00002a2
       14225000	      1421	00000000	00000013	addi	x0,x0,0	  x0:0x00000000
       14235000	      1422	8000079c	00000013	addi	x0,x0,0	  x0:0x00000000
       14245000	      1423	800007a0	00996633	or	x12,x18,x9	 x18:0x00000000  x9:0x00000227 x12=0x00000227
       14255000	      1424	800007a4	01202e93	slti	x29,x0,18	  x0:0x00000000 x29=0x00000001
       14265000	      1425	800007a8	00e23033	sltu	x0,x4,x14	  x4:0x00600001 x14:0x80009fc4
       14275000	      1426	800007ac	419b5d13	srai	x26,x22,0x19	 x22:0xc00002a3 x26=0xffffffe0
       14285000	      1427	800007b0	ea5c0213	addi	x4,x24,-347	 x24:0xc00002ef  x4=0xc0000194
       14295000	      1428	800007b4	003b7863	bgeu	x22,x3,800007c4	 x22:0xc00002a3  x3:0xfffffeb5
       14305000	      1429	800007b8	e9fb6537	lui	x10,0xe9fb6	 x10=0xe9fb6000
       14315000	      1430	800007bc	44bbee13	ori	x28,x23,1099	 x23:0xc00002a2 x28=0xc00006eb
       14325000	      1431	800007c0	a2f63c13	sltiu	x24,x12,-1489	 x12:0x00000227 x24=0x00000001
       14335000	      1432	800007c4	00789313	slli	x6,x17,0x7	 x17:0xfffe0002  x6=0xff000100
       14345000	      1433	800007c8	02210863	beq	x2,x2,800007f8	  x2:0x00000001  x2:0x00000001
       14355000	      1434	00000000	00000013	addi	x0,x0,0	  x0:0x00000000
       14365000	      1435	800007f4	00000013	addi	x0,x0,0	  x0:0x00000000
       14375000	      1436	800007f8	2a386937	lui	x18,0x2a386	 x18=0x2a386000
       14385000	      1437	800007fc	d2ac8c93	addi	x25,x25,-726	 x25:0x00000001 x25=0xfffffd2b
       14395000	      1438	80000800	01b3bd33	sltu	x26,x7,x27	  x7:0x00000000 x27:0x00000000 x26=0x00000000
       14405000	      1439	80000804	00000013	addi	x0,x0,0	  x0:0x00000000
       14415000	      1440	80000808	40e7d4b3	sra	x9,x15,x14	 x15:0xffffffa5 x14:0x80009fc4  x9=0xfffffffa
       14425000	      1441	8000080c	0457d063	bge	x15,x5,8000084c	 x15:0xffffffa5  x5:0x00000001
       14435000	      1442	80000810	01325c33	srl	x24,x4,x19	  x4:0xc0000194 x19:0x4caaa5a4 x24=0x0c000019
       14445000	      1443	80000814	00c52cb3	slt	x25,x10,x12	 x10:0xe9fb6000 x12:0x00000227 x25=0x00000001
       14455000	      1444	80000818	01a27b33	and	x22,x4,x26	  x4:0xc0000194 x26:0x00000000 x22=0x00000000
       14465000	      1445	8000081c	00ef5d33	srl	x26,x30,x14	 x30:0x00000000 x14:0x80009fc4 x26=0x00000000
       14475000	      1446	80000820	99798113	addi	x2,x19,-1641	 x19:0x4caaa5a4  x2=0x4caa9f3b
       14485000	      1447	80000824	06a0ea63	bltu	x1,x10,80000898	  x1:0x80009fc2 x10:0xe9fb6000
       14495000	      1448	00000000	00000013	addi	x0,x0,0	  x0:0x00000000
       14505000	      1449	80000894	00000013	addi	x0,x0,0	  x0:0x00000000
       14515000	      1450	80000898	05cf1463	bne	x30,x28,800008e0	 x30:0x00000000 x28:0xc00006eb
       14525000	      1451	00000000	00000013	addi	x0,x0,0	  x0:0x00000000
       14535000	      1452	800008dc	00000013	addi	x0,x0,0	  x0:0x00000000
       14545000	      1453	800008e0	ae375e17	auipc	x28,0xae375	 x28=0x2e3758dc
       14555000	      1454	800008e4	02505263	bge	x0,x5,80000908	  x0:0x00000000  x5:0x00000001
       14565000	      1455	800008e8	00000013	addi	x0,x0,0	  x0:0x00000000
       14575000	      1456	800008ec	4cfdceb7	lui	x29,0x4cfdc	 x29=0x4cfdc000
       14585000	      1457	800008f0	4024db13	srai	x22,x9,0x2	  x9:0xfffffffa x22=0xfffffffe
       14595000	      1458	800008f4	92487093	andi	x1,x16,-1756	 x16:0x00000024  x1=0x00000024
       14605000	      1459	800008f8	61612413	slti	x8,x2,1558	  x2:0x4caa9f3b  x8=0x00000000
       14615000	      1460	800008fc	a3435e17	auipc	x28,0xa3435	 x28=0x234358f8
       14625000	      1461	80000900	0355c263	blt	x11,x21,80000924	 x11:0x00000000 x21:0x00000182
       14635000	      1462	00000000	00000013	addi	x0,x0,0	  x0:0x00000000
       14645000	      1463	80000920	00000013	addi	x0,x0,0	  x0:0x00000000
       14655000	      1464	80000924	fcea2813	slti	x16,x20,-50	 x20:0x80009f84 x16=0x00000001
       14665000	      1465	80000928	00000f17	auipc	x30,0x0	 x30=0x80000924
       14675000	      1466	8000092c	00cf0f13	addi	x30,x30,12	 x30:0x80000924 x30=0x80000930
       14685000	      1467	80000930	000f0067	jalr	x0,x30,0	 x30:0x80000930
       14695000	      1468	00000000	00000013	addi	x0,x0,0	  x0:0x00000000
       14705000	      1469	80000930	00000013	addi	x0,x0,0	  x0:0x00000000
       14715000	      1470	80000934	00100193	addi	x3,x0,1	  x0:0x00000000  x3=0x00000001
       14725000	      1471	80000938	00000073	ecall	
       14735000	      1472	8000093c	01b5c333	xor	x6,x11,x27	 x11:0x00000000 x27:0x00000000  x6=0x00000000
