		Time			Cycle	PC		Insn	Decoded instruction	Register and memory contents
          65000	         5	80000004	00000293	addi	x5,x0,0	  x0:0x00000000  x5=0x00000000
          75000	         6	80000008	00000313	addi	x6,x0,0	  x0:0x00000000  x6=0x00000000
          85000	         7	8000000c	00628263	beq	x5,x6,80000010	  x5:0x00000000  x6:0x00000000
          95000	         8	00000000	00000013	addi	x0,x0,0	  x0:0x00000000
         105000	         9	8000000c	00000013	addi	x0,x0,0	  x0:0x00000000
         115000	        10	80000010	00000f17	auipc	x30,0x0	 x30=0x8000000c
         125000	        11	80000014	00cf0f13	addi	x30,x30,12	 x30:0x8000000c x30=0x80000018
         135000	        12	80000018	000f0067	jalr	x0,x30,0	 x30:0x80000018
         145000	        13	00000000	00000013	addi	x0,x0,0	  x0:0x00000000
         155000	        14	80000018	00000013	addi	x0,x0,0	  x0:0x00000000
         165000	        15	8000001c	40000cb7	lui	x25,0x40000	 x25=0x40000000
         175000	        16	80000020	100c8c93	addi	x25,x25,256	 x25:0x40000000 x25=0x40000100
         185000	        17	80000024	00000013	addi	x0,x0,0	  x0:0x00000000
         195000	        18	80000028	0000a517	auipc	x10,0xa	 x10=0x8000a024
         205000	        19	8000002c	fa050513	addi	x10,x10,-96	 x10:0x8000a024 x10=0x80009fc4
         215000	        20	80000030	00003c97	auipc	x25,0x3	 x25=0x8000302c
         225000	        21	80000034	934c8c93	addi	x25,x25,-1740	 x25:0x8000302c x25=0x80002960
         235000	        22	80000038	001cec93	ori	x25,x25,1	 x25:0x80002960 x25=0x80002961
         245000	        23	8000003c	00000013	addi	x0,x0,0	  x0:0x00000000
         255000	        24	80000040	00000c97	auipc	x25,0x0	 x25=0x8000003c
         265000	        25	80000044	020c8c93	addi	x25,x25,32	 x25:0x8000003c x25=0x8000005c
         275000	        26	80000048	00000013	addi	x0,x0,0	  x0:0x00000000
         285000	        27	8000004c	00000013	addi	x0,x0,0	  x0:0x00000000
         295000	        28	80000050	00002cb7	lui	x25,0x2	 x25=0x00002000
         305000	        29	80000054	800c8c93	addi	x25,x25,-2048	 x25:0x00002000 x25=0x00001800
         315000	        30	80000058	00000013	addi	x0,x0,0	  x0:0x00000000
         325000	        31	8000005c	00000013	addi	x0,x0,0	  x0:0x00000000
         335000	        32	80000060	00200013	addi	x0,x0,2	  x0:0x00000000
         345000	        33	80000064	00500093	addi	x1,x0,5	  x0:0x00000000  x1=0x00000005
         355000	        34	80000068	00900113	addi	x2,x0,9	  x0:0x00000000  x2=0x00000009
         365000	        35	8000006c	00600193	addi	x3,x0,6	  x0:0x00000000  x3=0x00000006
         375000	        36	80000070	00000213	addi	x4,x0,0	  x0:0x00000000  x4=0x00000000
         385000	        37	80000074	800002b7	lui	x5,0x80000	  x5=0x80000000
         395000	        38	80000078	00000313	addi	x6,x0,0	  x0:0x00000000  x6=0x00000000
         405000	        39	8000007c	fbb103b7	lui	x7,0xfbb10	  x7=0xfbb10000
         415000	        40	80000080	2ea38393	addi	x7,x7,746	  x7:0xfbb10000  x7=0xfbb102ea
         425000	        41	80000084	80000437	lui	x8,0x80000	  x8=0x80000000
         435000	        42	80000088	00000493	addi	x9,x0,0	  x0:0x00000000  x9=0x00000000
         445000	        43	8000008c	00000593	addi	x11,x0,0	  x0:0x00000000 x11=0x00000000
         455000	        44	80000090	fed9b637	lui	x12,0xfed9b	 x12=0xfed9b000
         465000	        45	80000094	72160613	addi	x12,x12,1825	 x12:0xfed9b000 x12=0xfed9b721
         475000	        46	80000098	fa3e96b7	lui	x13,0xfa3e9	 x13=0xfa3e9000
         485000	        47	8000009c	6af68693	addi	x13,x13,1711	 x13:0xfa3e9000 x13=0xfa3e96af
         495000	        48	800000a0	00100793	addi	x15,x0,1	  x0:0x00000000 x15=0x00000001
         505000	        49	800000a4	00100813	addi	x16,x0,1	  x0:0x00000000 x16=0x00000001
         515000	        50	800000a8	800008b7	lui	x17,0x80000	 x17=0x80000000
         525000	        51	800000ac	00000913	addi	x18,x0,0	  x0:0x00000000 x18=0x00000000
         535000	        52	800000b0	f13549b7	lui	x19,0xf1354	 x19=0xf1354000
         545000	        53	800000b4	b7398993	addi	x19,x19,-1165	 x19:0xf1354000 x19=0xf1353b73
         555000	        54	800000b8	f2f8ca37	lui	x20,0xf2f8c	 x20=0xf2f8c000
         565000	        55	800000bc	a35a0a13	addi	x20,x20,-1483	 x20:0xf2f8c000 x20=0xf2f8ba35
         575000	        56	800000c0	00200a93	addi	x21,x0,2	  x0:0x00000000 x21=0x00000002
         585000	        57	800000c4	00900b13	addi	x22,x0,9	  x0:0x00000000 x22=0x00000009
         595000	        58	800000c8	00b00b93	addi	x23,x0,11	  x0:0x00000000 x23=0x0000000b
         605000	        59	800000cc	00000c13	addi	x24,x0,0	  x0:0x00000000 x24=0x00000000
         615000	        60	800000d0	80000cb7	lui	x25,0x80000	 x25=0x80000000
         625000	        61	800000d4	fe879d37	lui	x26,0xfe879	 x26=0xfe879000
         635000	        62	800000d8	22fd0d13	addi	x26,x26,559	 x26:0xfe879000 x26=0xfe87922f
         645000	        63	800000dc	00a00d93	addi	x27,x0,10	  x0:0x00000000 x27=0x0000000a
         655000	        64	800000e0	00000e13	addi	x28,x0,0	  x0:0x00000000 x28=0x00000000
         665000	        65	800000e4	00400e93	addi	x29,x0,4	  x0:0x00000000 x29=0x00000004
         675000	        66	800000e8	f6a4df37	lui	x30,0xf6a4d	 x30=0xf6a4d000
         685000	        67	800000ec	52ff0f13	addi	x30,x30,1327	 x30:0xf6a4d000 x30=0xf6a4d52f
         695000	        68	800000f0	00300f93	addi	x31,x0,3	  x0:0x00000000 x31=0x00000003
         705000	        69	800000f4	0000a717	auipc	x14,0xa	 x14=0x8000a0f0
         715000	        70	800000f8	e9470713	addi	x14,x14,-364	 x14:0x8000a0f0 x14=0x80009f84
         725000	        71	800000fc	01e05313	srli	x6,x0,0x1e	  x0:0x00000000  x6=0x00000000
         735000	        72	80000100	016c4033	xor	x0,x24,x22	 x24:0x00000000 x22:0x00000009
         745000	        73	80000104	c2c42d93	slti	x27,x8,-980	  x8:0x80000000 x27=0x00000001
         755000	        74	80000108	f0cf2093	slti	x1,x30,-244	 x30:0xf6a4d52f  x1=0x00000001
         765000	        75	8000010c	3c2f9397	auipc	x7,0x3c2f9	  x7=0xbc2f9108
         775000	        76	80000110	0614c693	xori	x13,x9,97	  x9:0x00000000 x13=0x00000061
         785000	        77	80000114	00000117	auipc	x2,0x0	  x2=0x80000110
         795000	        78	80000118	23010113	addi	x2,x2,560	  x2:0x80000110  x2=0x80000340
         805000	        79	8000011c	01d6fa33	and	x20,x13,x29	 x13:0x00000061 x29:0x00000004 x20=0x00000000
         815000	        80	80000120	28410113	addi	x2,x2,644	  x2:0x80000340  x2=0x800005c4
         825000	        81	80000124	4149d5b3	sra	x11,x19,x20	 x19:0xf1353b73 x20:0x00000000 x11=0xf1353b73
         835000	        82	80000128	01864233	xor	x4,x12,x24	 x12:0xfed9b721 x24:0x00000000  x4=0xfed9b721
         845000	        83	8000012c	d7c109e7	jalr	x19,x2,-644	  x2:0x800005c4 x19=0x8000012c
         855000	        84	00000000	00000013	addi	x0,x0,0	  x0:0x00000000
         865000	        85	80000340	00000013	addi	x0,x0,0	  x0:0x00000000
         875000	        86	80000344	c9c4c493	xori	x9,x9,-868	  x9:0x00000000  x9=0xfffffc9c
         885000	        87	80000348	cc7a7493	andi	x9,x20,-825	 x20:0x00000000  x9=0x00000000
         895000	        88	8000034c	fe470713	addi	x14,x14,-28	 x14:0x80009f84 x14=0x80009f68
         905000	        89	80000350	016c28b3	slt	x17,x24,x22	 x24:0x00000000 x22:0x00000009 x17=0x00000001
         915000	        90	80000354	00773d33	sltu	x26,x14,x7	 x14:0x80009f68  x7:0xbc2f9108 x26=0x00000001
         925000	        91	80000358	00000013	addi	x0,x0,0	  x0:0x00000000
         935000	        92	8000035c	25fcf213	andi	x4,x25,607	 x25:0x80000000  x4=0x00000000
         945000	        93	80000360	01372223	sw	x19,4(x14)	 x14:0x80009f68 x19:0x8000012c PA:0x80009f6c
         955000	        94	80000364	00756cb3	or	x25,x10,x7	 x10:0x80009fc4  x7:0xbc2f9108 x25=0xbc2f9fcc
         965000	        95	80000368	d9323093	sltiu	x1,x4,-621	  x4:0x00000000  x1=0x00000001
         975000	        96	8000036c	00009d17	auipc	x26,0x9	 x26=0x80009368
         985000	        97	80000370	8b9d0d13	addi	x26,x26,-1863	 x26:0x80009368 x26=0x80008c21
         995000	        98	80000374	00e3d4b3	srl	x9,x7,x14	  x7:0xbc2f9108 x14:0x80009f68  x9=0x00bc2f91
        1005000	        99	80000378	004d0723	sb	x4,14(x26)	 x26:0x80008c21  x4:0x00000000 PA:0x80008c2f
        1015000	       100	8000037c	00dd0823	sb	x13,16(x26)	 x26:0x80008c21 x13:0x00000061 PA:0x80008c31
        1025000	       101	80000380	fead0b23	sb	x10,-10(x26)	 x26:0x80008c21 x10:0x80009fc4 PA:0x80008c17
        1035000	       102	80000384	00000013	addi	x0,x0,0	  x0:0x00000000
        1045000	       103	80000388	ffdf8617	auipc	x12,0xffdf8	 x12=0x7fdf8384
        1055000	       104	8000038c	00bd1683	lh	x13,11(x26)	 x26:0x80008c21 x13=0x00003875 PA:0x80008c2c
        1065000	       105	80000390	fecd0ca3	sb	x12,-7(x26)	 x26:0x80008c21 x12:0x7fdf8384 PA:0x80008c1a
        1075000	       106	80000394	ff0d4683	lbu	x13,-16(x26)	 x26:0x80008c21 x13=0x00000038 PA:0x80008c11
        1085000	       107	80000398	527c0893	addi	x17,x24,1319	 x24:0x00000000 x17=0x00000527
        1095000	       108	8000039c	006d4a03	lbu	x20,6(x26)	 x26:0x80008c21 x20=0x00000040 PA:0x80008c27
        1105000	       109	800003a0	ff1d1283	lh	x5,-15(x26)	 x26:0x80008c21  x5=0xffffeadd PA:0x80008c12
        1115000	       110	800003a4	002d4203	lbu	x4,2(x26)	 x26:0x80008c21  x4=0x000000c1 PA:0x80008c23
        1125000	       111	800003a8	00cd6eb3	or	x29,x26,x12	 x26:0x80008c21 x12:0x7fdf8384 x29=0xffdf8fa5
        1135000	       112	800003ac	00c99d93	slli	x27,x19,0xc	 x19:0x8000012c x27=0x0012c000
        1145000	       113	800003b0	ff2d0e83	lb	x29,-14(x26)	 x26:0x80008c21 x29=0xffffffea PA:0x80008c13
        1155000	       114	800003b4	000d0623	sb	x0,12(x26)	 x26:0x80008c21  x0:0x00000000 PA:0x80008c2d
        1165000	       115	800003b8	febd18a3	sh	x11,-15(x26)	 x26:0x80008c21 x11:0xf1353b73 PA:0x80008c12
        1175000	       116	800003bc	00055433	srl	x8,x10,x0	 x10:0x80009fc4  x0:0x00000000  x8=0x80009fc4
        1185000	       117	800003c0	2455ba13	sltiu	x20,x11,581	 x11:0xf1353b73 x20=0x00000000
        1195000	       118	800003c4	418f0eb3	sub	x29,x30,x24	 x30:0xf6a4d52f x24:0x00000000 x29=0xf6a4d52f
        1205000	       119	800003c8	0189b133	sltu	x2,x19,x24	 x19:0x8000012c x24:0x00000000  x2=0x00000000
        1215000	       120	800003cc	52fa3913	sltiu	x18,x20,1327	 x20:0x00000000 x18=0x00000001
        1225000	       121	800003d0	3e57a813	slti	x16,x15,997	 x15:0x00000001 x16=0x00000001
        1235000	       122	800003d4	316c6b93	ori	x23,x24,790	 x24:0x00000000 x23=0x00000316
        1245000	       123	800003d8	ffad4783	lbu	x15,-6(x26)	 x26:0x80008c21 x15=0x0000002c PA:0x80008c1b
        1255000	       124	800003dc	00cd0683	lb	x13,12(x26)	 x26:0x80008c21 x13=0x00000000 PA:0x80008c2d
        1265000	       125	800003e0	007d0003	lb	x0,7(x26)	 x26:0x80008c21 PA:0x80008c28
        1275000	       126	800003e4	0019e4b3	or	x9,x19,x1	 x19:0x8000012c  x1:0x00000001  x9=0x8000012d
        1285000	       127	800003e8	000d0103	lb	x2,0(x26)	 x26:0x80008c21  x2=0x0000004e PA:0x80008c21
        1295000	       128	800003ec	99303e93	sltiu	x29,x0,-1645	  x0:0x00000000 x29=0x00000001
        1305000	       129	800003f0	0128d393	srli	x7,x17,0x12	 x17:0x00000527  x7=0x00000000
        1315000	       130	800003f4	00953033	sltu	x0,x10,x9	 x10:0x80009fc4  x9:0x8000012d
        1325000	       131	800003f8	008d4403	lbu	x8,8(x26)	 x26:0x80008c21  x8=0x00000049 PA:0x80008c29
        1335000	       132	800003fc	00251f93	slli	x31,x10,0x2	 x10:0x80009fc4 x31=0x00027f10
        1345000	       133	80000400	011d23a3	sw	x17,7(x26)	 x26:0x80008c21 x17:0x00000527 PA:0x80008c28
        1355000	       134	80000404	ffdd5e03	lhu	x28,-3(x26)	 x26:0x80008c21 x28=0x0000c2a9 PA:0x80008c1e
        1365000	       135	80000408	4e292b13	slti	x22,x18,1250	 x18:0x00000001 x22=0x00000001
        1375000	       136	8000040c	005d17a3	sh	x5,15(x26)	 x26:0x80008c21  x5:0xffffeadd PA:0x80008c30
        1385000	       137	80000410	ff2d4003	lbu	x0,-14(x26)	 x26:0x80008c21 PA:0x80008c13
        1395000	       138	80000414	41575c33	sra	x24,x14,x21	 x14:0x80009f68 x21:0x00000002 x24=0xe00027da
        1405000	       139	80000418	471f0413	addi	x8,x30,1137	 x30:0xf6a4d52f  x8=0xf6a4d9a0
        1415000	       140	8000041c	013a1b93	slli	x23,x20,0x13	 x20:0x00000000 x23=0x00000000
        1425000	       141	80000420	00452833	slt	x16,x10,x4	 x10:0x80009fc4  x4:0x000000c1 x16=0x00000001
        1435000	       142	80000424	12457613	andi	x12,x10,292	 x10:0x80009fc4 x12=0x00000104
        1445000	       143	80000428	0196ec33	or	x24,x13,x25	 x13:0x00000000 x25:0xbc2f9fcc x24=0xbc2f9fcc
        1455000	       144	8000042c	ffcd4203	lbu	x4,-4(x26)	 x26:0x80008c21  x4=0x000000dd PA:0x80008c1d
        1465000	       145	80000430	ff9d0823	sb	x25,-16(x26)	 x26:0x80008c21 x25:0xbc2f9fcc PA:0x80008c11
        1475000	       146	80000434	ff9d5603	lhu	x12,-7(x26)	 x26:0x80008c21 x12=0x00002c84 PA:0x80008c1a
        1485000	       147	80000438	ffcd4883	lbu	x17,-4(x26)	 x26:0x80008c21 x17=0x000000dd PA:0x80008c1d
        1495000	       148	8000043c	00008897	auipc	x17,0x8	 x17=0x80008438
        1505000	       149	80000440	4c388893	addi	x17,x17,1219	 x17:0x80008438 x17=0x800088fb
        1515000	       150	80000444	58388b83	lb	x23,1411(x17)	 x17:0x800088fb x23=0xffffffb3 PA:0x80008e7e
        1525000	       151	80000448	58389903	lh	x18,1411(x17)	 x17:0x800088fb x18=0x000031b3 PA:0x80008e7e
        1535000	       152	8000044c	00000013	addi	x0,x0,0	  x0:0x00000000
        1545000	       153	80000450	58389783	lh	x15,1411(x17)	 x17:0x800088fb x15=0x000031b3 PA:0x80008e7e
        1555000	       154	80000454	5838ca03	lbu	x20,1411(x17)	 x17:0x800088fb x20=0x000000b3 PA:0x80008e7e
        1565000	       155	80000458	58f881a3	sb	x15,1411(x17)	 x17:0x800088fb x15:0x000031b3 PA:0x80008e7e
        1575000	       156	8000045c	5838c083	lbu	x1,1411(x17)	 x17:0x800088fb  x1=0x000000b3 PA:0x80008e7e
        1585000	       157	80000460	5838cb03	lbu	x22,1411(x17)	 x17:0x800088fb x22=0x000000b3 PA:0x80008e7e
        1595000	       158	80000464	58388183	lb	x3,1411(x17)	 x17:0x800088fb  x3=0xffffffb3 PA:0x80008e7e
        1605000	       159	80000468	596881a3	sb	x22,1411(x17)	 x17:0x800088fb x22:0x000000b3 PA:0x80008e7e
        1615000	       160	8000046c	37e8c483	lbu	x9,894(x17)	 x17:0x800088fb  x9=0x0000005a PA:0x80008c79
        1625000	       161	80000470	37c88f23	sb	x28,894(x17)	 x17:0x800088fb x28:0x0000c2a9 PA:0x80008c79
        1635000	       162	80000474	37e8cb03	lbu	x22,894(x17)	 x17:0x800088fb x22=0x000000a9 PA:0x80008c79
        1645000	       163	80000478	37e88e83	lb	x29,894(x17)	 x17:0x800088fb x29=0xffffffa9 PA:0x80008c79
        1655000	       164	8000047c	2bc8c083	lbu	x1,700(x17)	 x17:0x800088fb  x1=0x000000f1 PA:0x80008bb7
        1665000	       165	80000480	4bd8a403	lw	x8,1213(x17)	 x17:0x800088fb  x8=0x36293bcf PA:0x80008db8
        1675000	       166	80000484	cc35a313	slti	x6,x11,-829	 x11:0xf1353b73  x6=0x00000001
        1685000	       167	80000488	68588c83	lb	x25,1669(x17)	 x17:0x800088fb x25=0x00000028 PA:0x80008f80
        1695000	       168	8000048c	231a2a13	slti	x20,x20,561	 x20:0x000000b3 x20=0x00000001
        1705000	       169	80000490	6858cc83	lbu	x25,1669(x17)	 x17:0x800088fb x25=0x00000028 PA:0x80008f80
        1715000	       170	80000494	6858c683	lbu	x13,1669(x17)	 x17:0x800088fb x13=0x00000028 PA:0x80008f80
        1725000	       171	80000498	6858de03	lhu	x28,1669(x17)	 x17:0x800088fb x28=0x00001d28 PA:0x80008f80
        1735000	       172	8000049c	68589e03	lh	x28,1669(x17)	 x17:0x800088fb x28=0x00001d28 PA:0x80008f80
        1745000	       173	800004a0	00008197	auipc	x3,0x8	  x3=0x8000849c
        1755000	       174	800004a4	1c818193	addi	x3,x3,456	  x3:0x8000849c  x3=0x80008664
        1765000	       175	800004a8	0061d083	lhu	x1,6(x3)	  x3:0x80008664  x1=0x000072f8 PA:0x8000866a
        1775000	       176	800004ac	609e6a37	lui	x20,0x609e6	 x20=0x609e6000
        1785000	       177	800004b0	0061dc03	lhu	x24,6(x3)	  x3:0x80008664 x24=0x000072f8 PA:0x8000866a
        1795000	       178	800004b4	00000013	addi	x0,x0,0	  x0:0x00000000
        1805000	       179	800004b8	0061c083	lbu	x1,6(x3)	  x3:0x80008664  x1=0x000000f8 PA:0x8000866a
        1815000	       180	00000000	00000013	addi	x0,x0,0	  x0:0x00000000
        1825000	       181	800004bc	01508633	add	x12,x1,x21	  x1:0x000000f8 x21:0x00000002 x12=0x000000fa
        1835000	       182	800004c0	01519323	sh	x21,6(x3)	  x3:0x80008664 x21:0x00000002 PA:0x8000866a
        1845000	       183	800004c4	00519323	sh	x5,6(x3)	  x3:0x80008664  x5:0xffffeadd PA:0x8000866a
        1855000	       184	800004c8	0061dc03	lhu	x24,6(x3)	  x3:0x80008664 x24=0x0000eadd PA:0x8000866a
        1865000	       185	800004cc	0061cd83	lbu	x27,6(x3)	  x3:0x80008664 x27=0x000000dd PA:0x8000866a
        1875000	       186	800004d0	0061d303	lhu	x6,6(x3)	  x3:0x80008664  x6=0x0000eadd PA:0x8000866a
        1885000	       187	00000000	00000013	addi	x0,x0,0	  x0:0x00000000
        1895000	       188	800004d4	0061ce03	lbu	x28,6(x3)	  x3:0x80008664 x28=0x000000dd PA:0x8000866a
        1905000	       189	800004d8	01e18323	sb	x30,6(x3)	  x3:0x80008664 x30:0xf6a4d52f PA:0x8000866a
        1915000	       190	800004dc	01819323	sh	x24,6(x3)	  x3:0x80008664 x24:0x0000eadd PA:0x8000866a
        1925000	       191	800004e0	00619d03	lh	x26,6(x3)	  x3:0x80008664 x26=0xffffeadd PA:0x8000866a
        1935000	       192	800004e4	00718323	sb	x7,6(x3)	  x3:0x80008664  x7:0x00000000 PA:0x8000866a
        1945000	       193	800004e8	0061d003	lhu	x0,6(x3)	  x3:0x80008664 PA:0x8000866a
        1955000	       194	800004ec	00009497	auipc	x9,0x9	  x9=0x800094e8
        1965000	       195	800004f0	ac548493	addi	x9,x9,-1339	  x9:0x800094e8  x9=0x80008fad
        1975000	       196	800004f4	00008797	auipc	x15,0x8	 x15=0x800084f0
        1985000	       197	800004f8	7d678793	addi	x15,x15,2006	 x15:0x800084f0 x15=0x80008cc6
        1995000	       198	800004fc	00009897	auipc	x17,0x9	 x17=0x800094f8
        2005000	       199	80000500	99588893	addi	x17,x17,-1643	 x17:0x800094f8 x17=0x80008e8d
        2015000	       200	80000504	ed38afa3	sw	x19,-289(x17)	 x17:0x80008e8d x19:0x8000012c PA:0x80008d6c
        2025000	       201	80000508	fef789a3	sb	x15,-13(x15)	 x15:0x80008cc6 x15:0x80008cc6 PA:0x80008cb9
        2035000	       202	8000050c	00008417	auipc	x8,0x8	  x8=0x80008508
        2045000	       203	80000510	41c40413	addi	x8,x8,1052	  x8:0x80008508  x8=0x80008924
        2055000	       204	80000514	00009b97	auipc	x23,0x9	 x23=0x80009510
        2065000	       205	80000518	8e4b8b93	addi	x23,x23,-1820	 x23:0x80009510 x23=0x80008df4
        2075000	       206	8000051c	c72888a3	sb	x18,-911(x17)	 x17:0x80008e8d x18:0x000031b3 PA:0x80008afe
        2085000	       207	80000520	18ebd983	lhu	x19,398(x23)	 x23:0x80008df4 x19=0x0000472d PA:0x80008f82
        2095000	       208	80000524	fe34cb03	lbu	x22,-29(x9)	  x9:0x80008fad x22=0x00000047 PA:0x80008f90
        2105000	       209	80000528	ff588723	sb	x21,-18(x17)	 x17:0x80008e8d x21:0x00000002 PA:0x80008e7b
        2115000	       210	8000052c	f3044203	lbu	x4,-208(x8)	  x8:0x80008924  x4=0x0000003b PA:0x80008854
        2125000	       211	80000530	fc7b80a3	sb	x7,-63(x23)	 x23:0x80008df4  x7:0x00000000 PA:0x80008db5
        2135000	       212	80000534	ff348723	sb	x19,-18(x9)	  x9:0x80008fad x19:0x0000472d PA:0x80008f9b
        2145000	       213	80000538	1c0ba183	lw	x3,448(x23)	 x23:0x80008df4  x3=0x13be2fed PA:0x80008fb4
        2155000	       214	00000000	00000013	addi	x0,x0,0	  x0:0x00000000
        2165000	       215	8000053c	00378803	lb	x16,3(x15)	 x15:0x80008cc6 x16=0xffffff92 PA:0x80008cc9
        2175000	       216	80000540	fe578923	sb	x5,-14(x15)	 x15:0x80008cc6  x5:0xffffeadd PA:0x80008cb8
        2185000	       217	80000544	ea6ba023	sw	x6,-352(x23)	 x23:0x80008df4  x6:0x0000eadd PA:0x80008c94
        2195000	       218	80000548	dd98df83	lhu	x31,-551(x17)	 x17:0x80008e8d x31=0x000045fb PA:0x80008c66
        2205000	       219	8000054c	0074ca83	lbu	x21,7(x9)	  x9:0x80008fad x21=0x000000ed PA:0x80008fb4
        2215000	       220	00000000	00000013	addi	x0,x0,0	  x0:0x00000000
        2225000	       221	80000550	b7588c83	lb	x25,-1163(x17)	 x17:0x80008e8d x25=0x0000000e PA:0x80008a02
        2235000	       222	80000554	e8db9023	sh	x13,-384(x23)	 x23:0x80008df4 x13:0x00000028 PA:0x80008c74
        2245000	       223	80000558	d8788b23	sb	x7,-618(x17)	 x17:0x80008e8d  x7:0x00000000 PA:0x80008c23
        2255000	       224	8000055c	fbe41083	lh	x1,-66(x8)	  x8:0x80008924  x1=0xffffd4dc PA:0x800088e2
        2265000	       225	80000560	f35b8b23	sb	x21,-202(x23)	 x23:0x80008df4 x21:0x000000ed PA:0x80008d2a
        2275000	       226	80000564	ff979a23	sh	x25,-12(x15)	 x15:0x80008cc6 x25:0x0000000e PA:0x80008cba
        2285000	       227	80000568	a8b88d83	lb	x27,-1397(x17)	 x17:0x80008e8d x27=0xffffffe5 PA:0x80008918
        2295000	       228	8000056c	c71b8a83	lb	x21,-911(x23)	 x23:0x80008df4 x21=0x00000009 PA:0x80008a65
        2305000	       229	80000570	de588d83	lb	x27,-539(x17)	 x17:0x80008e8d x27=0x0000002e PA:0x80008c72
        2315000	       230	00000000	00000013	addi	x0,x0,0	  x0:0x00000000
        2325000	       231	80000574	c3bb8ca3	sb	x27,-967(x23)	 x23:0x80008df4 x27:0x0000002e PA:0x80008a2d
        2335000	       232	80000578	00178603	lb	x12,1(x15)	 x15:0x80008cc6 x12=0xffffff81 PA:0x80008cc7
        2345000	       233	8000057c	fd3489a3	sb	x19,-45(x9)	  x9:0x80008fad x19:0x0000472d PA:0x80008f80
        2355000	       234	80000580	ffc78aa3	sb	x28,-11(x15)	 x15:0x80008cc6 x28:0x000000dd PA:0x80008cbb
        2365000	       235	80000584	00340e03	lb	x28,3(x8)	  x8:0x80008924 x28=0x00000051 PA:0x80008927
        2375000	       236	80000588	f7240d03	lb	x26,-142(x8)	  x8:0x80008924 x26=0x0000005c PA:0x80008896
        2385000	       237	8000058c	fe048b03	lb	x22,-32(x9)	  x9:0x80008fad x22=0xffffff9e PA:0x80008f8d
        2395000	       238	80000590	10a40023	sb	x10,256(x8)	  x8:0x80008924 x10:0x80009fc4 PA:0x80008a24
        2405000	       239	80000594	b8988e83	lb	x29,-1143(x17)	 x17:0x80008e8d x29=0x0000007f PA:0x80008a16
        2415000	       240	80000598	fed788a3	sb	x13,-15(x15)	 x15:0x80008cc6 x13:0x00000028 PA:0x80008cb7
        2425000	       241	8000059c	fe878e23	sb	x8,-4(x15)	 x15:0x80008cc6  x8:0x80008924 PA:0x80008cc2
        2435000	       242	800005a0	00008f97	auipc	x31,0x8	 x31=0x8000859c
        2445000	       243	800005a4	ae5f8f93	addi	x31,x31,-1307	 x31:0x8000859c x31=0x80008081
        2455000	       244	800005a8	00bf8723	sb	x11,14(x31)	 x31:0x80008081 x11:0xf1353b73 PA:0x8000808f
        2465000	       245	800005ac	00efce03	lbu	x28,14(x31)	 x31:0x80008081 x28=0x00000073 PA:0x8000808f
        2475000	       246	800005b0	00efc383	lbu	x7,14(x31)	 x31:0x80008081  x7=0x00000073 PA:0x8000808f
        2485000	       247	800005b4	009f8723	sb	x9,14(x31)	 x31:0x80008081  x9:0x80008fad PA:0x8000808f
        2495000	       248	800005b8	00ef8803	lb	x16,14(x31)	 x31:0x80008081 x16=0xffffffad PA:0x8000808f
        2505000	       249	800005bc	00ef8383	lb	x7,14(x31)	 x31:0x80008081  x7=0xffffffad PA:0x8000808f
        2515000	       250	800005c0	039f8103	lb	x2,57(x31)	 x31:0x80008081  x2=0x00000064 PA:0x800080ba
        2525000	       251	800005c4	b351b693	sltiu	x13,x3,-1227	  x3:0x13be2fed x13=0x00000001
        2535000	       252	800005c8	df630e93	addi	x29,x6,-522	  x6:0x0000eadd x29=0x0000e8d3
        2545000	       253	800005cc	039fd803	lhu	x16,57(x31)	 x31:0x80008081 x16=0x00002564 PA:0x800080ba
        2555000	       254	800005d0	003c4e33	xor	x28,x24,x3	 x24:0x0000eadd  x3:0x13be2fed x28=0x13bec530
        2565000	       255	800005d4	039fd903	lhu	x18,57(x31)	 x31:0x80008081 x18=0x00002564 PA:0x800080ba
        2575000	       256	800005d8	16712a13	slti	x20,x2,359	  x2:0x00000064 x20=0x00000001
        2585000	       257	800005dc	039fdb03	lhu	x22,57(x31)	 x31:0x80008081 x22=0x00002564 PA:0x800080ba
        2595000	       258	800005e0	fccf8103	lb	x2,-52(x31)	 x31:0x80008081  x2=0xffffffb6 PA:0x8000804d
        2605000	       259	800005e4	fcef8623	sb	x14,-52(x31)	 x31:0x80008081 x14:0x80009f68 PA:0x8000804d
        2615000	       260	800005e8	40b25a93	srai	x21,x4,0xb	  x4:0x0000003b x21=0x00000000
        2625000	       261	800005ec	00281993	slli	x19,x16,0x2	 x16:0x00002564 x19=0x00009590
        2635000	       262	800005f0	00af8d03	lb	x26,10(x31)	 x31:0x80008081 x26=0x00000032 PA:0x8000808b
        2645000	       263	800005f4	00af8803	lb	x16,10(x31)	 x31:0x80008081 x16=0x00000032 PA:0x8000808b
        2655000	       264	00000000	00000013	addi	x0,x0,0	  x0:0x00000000
        2665000	       265	800005f8	afd83c13	sltiu	x24,x16,-1283	 x16:0x00000032 x24=0x00000001
        2675000	       266	800005fc	00afca83	lbu	x21,10(x31)	 x31:0x80008081 x21=0x00000032 PA:0x8000808b
        2685000	       267	80000600	017f8523	sb	x23,10(x31)	 x31:0x80008081 x23:0x80008df4 PA:0x8000808b
        2695000	       268	80000604	00ff8523	sb	x15,10(x31)	 x31:0x80008081 x15:0x80008cc6 PA:0x8000808b
        2705000	       269	80000608	00afcc03	lbu	x24,10(x31)	 x31:0x80008081 x24=0x000000c6 PA:0x8000808b
        2715000	       270	8000060c	00008d97	auipc	x27,0x8	 x27=0x80008608
        2725000	       271	80000610	fadd8d93	addi	x27,x27,-83	 x27:0x80008608 x27=0x800085b5
        2735000	       272	80000614	00008797	auipc	x15,0x8	 x15=0x80008610
        2745000	       273	80000618	d6178793	addi	x15,x15,-671	 x15:0x80008610 x15=0x80008371
        2755000	       274	8000061c	005d97a3	sh	x5,15(x27)	 x27:0x800085b5  x5:0xffffeadd PA:0x800085c4
        2765000	       275	80000620	006dcf83	lbu	x31,6(x27)	 x27:0x800085b5 x31=0x0000000d PA:0x800085bb
        2775000	       276	80000624	00008997	auipc	x19,0x8	 x19=0x80008620
        2785000	       277	80000628	eec98993	addi	x19,x19,-276	 x19:0x80008620 x19=0x8000850c
        2795000	       278	8000062c	fdf981a3	sb	x31,-61(x19)	 x19:0x8000850c x31:0x0000000d PA:0x800084cf
        2805000	       279	80000630	00bd8183	lb	x3,11(x27)	 x27:0x800085b5  x3=0x00000013 PA:0x800085c0
        2815000	       280	80000634	fda78183	lb	x3,-38(x15)	 x15:0x80008371  x3=0x0000004a PA:0x8000834b
        2825000	       281	80000638	fd37d803	lhu	x16,-45(x15)	 x15:0x80008371 x16=0x0000b61d PA:0x80008344
        2835000	       282	8000063c	fc87c003	lbu	x0,-56(x15)	 x15:0x80008371 PA:0x80008339
        2845000	       283	80000640	fc099403	lh	x8,-64(x19)	 x19:0x8000850c  x8=0x00006ffb PA:0x800084cc
        2855000	       284	80000644	004dc583	lbu	x11,4(x27)	 x27:0x800085b5 x11=0x00000071 PA:0x800085b9
        2865000	       285	80000648	02798903	lb	x18,39(x19)	 x19:0x8000850c x18=0xffffff99 PA:0x80008533
        2875000	       286	8000064c	00ad8323	sb	x10,6(x27)	 x27:0x800085b5 x10:0x80009fc4 PA:0x800085bb
        2885000	       287	80000650	ffbdc183	lbu	x3,-5(x27)	 x27:0x800085b5  x3=0x000000e7 PA:0x800085b0
        2895000	       288	00000000	00000013	addi	x0,x0,0	  x0:0x00000000
        2905000	       289	80000654	00378a23	sb	x3,20(x15)	 x15:0x80008371  x3:0x000000e7 PA:0x80008385
        2915000	       290	80000658	00d98a03	lb	x20,13(x19)	 x19:0x8000850c x20=0xffffffda PA:0x80008519
        2925000	       291	8000065c	012d92a3	sh	x18,5(x27)	 x27:0x800085b5 x18:0xffffff99 PA:0x800085ba
        2935000	       292	80000660	fd798583	lb	x11,-41(x19)	 x19:0x8000850c x11=0xfffffff1 PA:0x800084e3
        2945000	       293	80000664	00fd9383	lh	x7,15(x27)	 x27:0x800085b5  x7=0xffffeadd PA:0x800085c4
        2955000	       294	80000668	02e99623	sh	x14,44(x19)	 x19:0x8000850c x14:0x80009f68 PA:0x80008538
        2965000	       295	8000066c	000dce03	lbu	x28,0(x27)	 x27:0x800085b5 x28=0x00000003 PA:0x800085b5
        2975000	       296	80000670	01678d23	sb	x22,26(x15)	 x15:0x80008371 x22:0x00002564 PA:0x8000838b
        2985000	       297	80000674	005981a3	sb	x5,3(x19)	 x19:0x8000850c  x5:0xffffeadd PA:0x8000850f
        2995000	       298	80000678	fea7cf83	lbu	x31,-22(x15)	 x15:0x80008371 x31=0x000000e7 PA:0x8000835b
        3005000	       299	8000067c	00bd9a03	lh	x20,11(x27)	 x27:0x800085b5 x20=0x00001813 PA:0x800085c0
        3015000	       300	80000680	01b98283	lb	x5,27(x19)	 x19:0x8000850c  x5=0xfffffff4 PA:0x80008527
        3025000	       301	80000684	ffc98fa3	sb	x28,-1(x19)	 x19:0x8000850c x28:0x00000003 PA:0x8000850b
        3035000	       302	80000688	00008097	auipc	x1,0x8	  x1=0x80008684
        3045000	       303	8000068c	ef508093	addi	x1,x1,-267	  x1:0x80008684  x1=0x80008579
        3055000	       304	80000690	fc60c683	lbu	x13,-58(x1)	  x1:0x80008579 x13=0x0000005a PA:0x8000853f
        3065000	       305	80000694	00008797	auipc	x15,0x8	 x15=0x80008690
        3075000	       306	80000698	dd478793	addi	x15,x15,-556	 x15:0x80008690 x15=0x80008464
        3085000	       307	8000069c	00008217	auipc	x4,0x8	  x4=0x80008698
        3095000	       308	800006a0	06b20213	addi	x4,x4,107	  x4:0x80008698  x4=0x80008703
        3105000	       309	800006a4	03a0c803	lbu	x16,58(x1)	  x1:0x80008579 x16=0x000000d9 PA:0x800085b3
        3115000	       310	800006a8	e4e210a3	sh	x14,-447(x4)	  x4:0x80008703 x14:0x80009f68 PA:0x80008544
        3125000	       311	800006ac	00008f23	sb	x0,30(x1)	  x1:0x80008579  x0:0x00000000 PA:0x80008597
        3135000	       312	800006b0	ff6091a3	sh	x22,-29(x1)	  x1:0x80008579 x22:0x00002564 PA:0x8000855c
        3145000	       313	800006b4	05e20483	lb	x9,94(x4)	  x4:0x80008703  x9=0xffffff89 PA:0x80008761
        3155000	       314	800006b8	0047a883	lw	x17,4(x15)	 x15:0x80008464 x17=0x89c1105f PA:0x80008468
        3165000	       315	800006bc	ffa087a3	sb	x26,-17(x1)	  x1:0x80008579 x26:0x00000032 PA:0x80008568
        3175000	       316	800006c0	9a921483	lh	x9,-1623(x4)	  x4:0x80008703  x9=0x000072c5 PA:0x800080ac
        3185000	       317	800006c4	fe87a483	lw	x9,-24(x15)	 x15:0x80008464  x9=0xb91bb2bb PA:0x8000844c
        3195000	       318	800006c8	0380c183	lbu	x3,56(x1)	  x1:0x80008579  x3=0x0000005d PA:0x800085b1
        3205000	       319	800006cc	ff578523	sb	x21,-22(x15)	 x15:0x80008464 x21:0x00000032 PA:0x8000844e
        3215000	       320	800006d0	fd8784a3	sb	x24,-55(x15)	 x15:0x80008464 x24:0x000000c6 PA:0x8000842d
        3225000	       321	800006d4	9b024f83	lbu	x31,-1616(x4)	  x4:0x80008703 x31=0x00000058 PA:0x800080b3
        3235000	       322	800006d8	027086a3	sb	x7,45(x1)	  x1:0x80008579  x7:0xffffeadd PA:0x800085a6
        3245000	       323	800006dc	fca0c683	lbu	x13,-54(x1)	  x1:0x80008579 x13=0x000000d0 PA:0x80008543
        3255000	       324	800006e0	fe879e03	lh	x28,-24(x15)	 x15:0x80008464 x28=0xffffb2bb PA:0x8000844c
        3265000	       325	800006e4	b3420d83	lb	x27,-1228(x4)	  x4:0x80008703 x27=0x00000011 PA:0x80008237
        3275000	       326	800006e8	ee520ea3	sb	x5,-259(x4)	  x4:0x80008703  x5:0xfffffff4 PA:0x80008600
        3285000	       327	800006ec	d4e20603	lb	x12,-690(x4)	  x4:0x80008703 x12=0xffffffec PA:0x80008451
        3295000	       328	800006f0	b4e24e83	lbu	x29,-1202(x4)	  x4:0x80008703 x29=0x000000a8 PA:0x80008251
        3305000	       329	800006f4	0250cb83	lbu	x23,37(x1)	  x1:0x80008579 x23=0x0000003e PA:0x8000859e
        3315000	       330	800006f8	d3d226a3	sw	x29,-723(x4)	  x4:0x80008703 x29:0x000000a8 PA:0x80008430
        3325000	       331	800006fc	fe4083a3	sb	x4,-25(x1)	  x1:0x80008579  x4:0x80008703 PA:0x80008560
        3335000	       332	80000700	01f7c903	lbu	x18,31(x15)	 x15:0x80008464 x18=0x00000021 PA:0x80008483
        3345000	       333	80000704	98721d03	lh	x26,-1657(x4)	  x4:0x80008703 x26=0xffffc6a1 PA:0x8000808a
        3355000	       334	80000708	ffe7ca03	lbu	x20,-2(x15)	 x15:0x80008464 x20=0x000000b0 PA:0x80008462
        3365000	       335	8000070c	00008117	auipc	x2,0x8	  x2=0x80008708
        3375000	       336	80000710	fbc10113	addi	x2,x2,-68	  x2:0x80008708  x2=0x800086c4
        3385000	       337	80000714	00000013	addi	x0,x0,0	  x0:0x00000000
        3395000	       338	80000718	ff912a23	sw	x25,-12(x2)	  x2:0x800086c4 x25:0x0000000e PA:0x800086b8
        3405000	       339	8000071c	ff110883	lb	x17,-15(x2)	  x2:0x800086c4 x17=0xfffffff7 PA:0x800086b5
        3415000	       340	00000000	00000013	addi	x0,x0,0	  x0:0x00000000
        3425000	       341	80000720	4110dab3	sra	x21,x1,x17	  x1:0x80008579 x17:0xfffffff7 x21=0xffffff00
        3435000	       342	80000724	01c105a3	sb	x28,11(x2)	  x2:0x800086c4 x28:0xffffb2bb PA:0x800086cf
        3445000	       343	80000728	00c15e03	lhu	x28,12(x2)	  x2:0x800086c4 x28=0x0000d169 PA:0x800086d0
        3455000	       344	8000072c	0150cc33	xor	x24,x1,x21	  x1:0x80008579 x21:0xffffff00 x24=0x7fff7a79
        3465000	       345	80000730	67544813	xori	x16,x8,1653	  x8:0x00006ffb x16=0x0000698e
        3475000	       346	80000734	01012e83	lw	x29,16(x2)	  x2:0x800086c4 x29=0xe8a04614 PA:0x800086d4
        3485000	       347	80000738	006104a3	sb	x6,9(x2)	  x2:0x800086c4  x6:0x0000eadd PA:0x800086cd
        3495000	       348	8000073c	00b10623	sb	x11,12(x2)	  x2:0x800086c4 x11:0xfffffff1 PA:0x800086d0
        3505000	       349	80000740	ffc14983	lbu	x19,-4(x2)	  x2:0x800086c4 x19=0x000000a6 PA:0x800086c0
        3515000	       350	80000744	ff912823	sw	x25,-16(x2)	  x2:0x800086c4 x25:0x0000000e PA:0x800086b4
        3525000	       351	80000748	0010ddb3	srl	x27,x1,x1	  x1:0x80008579  x1:0x80008579 x27=0x00000040
        3535000	       352	8000074c	fff12823	sw	x31,-16(x2)	  x2:0x800086c4 x31:0x00000058 PA:0x800086b4
        3545000	       353	80000750	dab7bd13	sltiu	x26,x15,-597	 x15:0x80008464 x26=0x00000001
        3555000	       354	80000754	010d49b3	xor	x19,x26,x16	 x26:0x00000001 x16:0x0000698e x19=0x0000698f
        3565000	       355	80000758	ff314e83	lbu	x29,-13(x2)	  x2:0x800086c4 x29=0x00000000 PA:0x800086b7
        3575000	       356	8000075c	00399333	sll	x6,x19,x3	 x19:0x0000698f  x3:0x0000005d  x6=0xe0000000
        3585000	       357	80000760	00310e03	lb	x28,3(x2)	  x2:0x800086c4 x28=0xffffffc7 PA:0x800086c7
        3595000	       358	80000764	536bcb13	xori	x22,x23,1334	 x23:0x0000003e x22=0x00000508
        3605000	       359	80000768	004b3b33	sltu	x22,x22,x4	 x22:0x00000508  x4:0x80008703 x22=0x00000001
        3615000	       360	8000076c	00120a33	add	x20,x4,x1	  x4:0x80008703  x1:0x80008579 x20=0x00010c7c
        3625000	       361	80000770	01c1f4b3	and	x9,x3,x28	  x3:0x0000005d x28:0xffffffc7  x9=0x00000045
        3635000	       362	80000774	00a15d03	lhu	x26,10(x2)	  x2:0x800086c4 x26=0x0000bb5f PA:0x800086ce
        3645000	       363	80000778	ff210aa3	sb	x18,-11(x2)	  x2:0x800086c4 x18:0x00000021 PA:0x800086b9
        3655000	       364	8000077c	4724b697	auipc	x13,0x4724b	 x13=0xc724b778
        3665000	       365	80000780	0071b333	sltu	x6,x3,x7	  x3:0x0000005d  x7:0xffffeadd  x6=0x00000001
        3675000	       366	80000784	0e89cf93	xori	x31,x19,232	 x19:0x0000698f x31=0x00006967
        3685000	       367	80000788	00f14903	lbu	x18,15(x2)	  x2:0x800086c4 x18=0x000000e1 PA:0x800086d3
        3695000	       368	8000078c	00215e83	lhu	x29,2(x2)	  x2:0x800086c4 x29=0x0000c704 PA:0x800086c6
        3705000	       369	80000790	00914283	lbu	x5,9(x2)	  x2:0x800086c4  x5=0x000000dd PA:0x800086cd
        3715000	       370	80000794	8aede413	ori	x8,x27,-1874	 x27:0x00000040  x8=0xfffff8ee
        3725000	       371	80000798	008a9613	slli	x12,x21,0x8	 x21:0xffffff00 x12=0xffff0000
        3735000	       372	8000079c	ff310c03	lb	x24,-13(x2)	  x2:0x800086c4 x24=0x00000000 PA:0x800086b7
        3745000	       373	800007a0	ff114883	lbu	x17,-15(x2)	  x2:0x800086c4 x17=0x00000000 PA:0x800086b5
        3755000	       374	800007a4	216d8a13	addi	x20,x27,534	 x27:0x00000040 x20=0x00000256
        3765000	       375	800007a8	00214203	lbu	x4,2(x2)	  x2:0x800086c4  x4=0x00000004 PA:0x800086c6
        3775000	       376	800007ac	2887e293	ori	x5,x15,648	 x15:0x80008464  x5=0x800086ec
        3785000	       377	800007b0	018105a3	sb	x24,11(x2)	  x2:0x800086c4 x24:0x00000000 PA:0x800086cf
        3795000	       378	800007b4	ffb10c83	lb	x25,-5(x2)	  x2:0x800086c4 x25=0x00000033 PA:0x800086bf
        3805000	       379	800007b8	ff714603	lbu	x12,-9(x2)	  x2:0x800086c4 x12=0x00000000 PA:0x800086bb
        3815000	       380	800007bc	fe212e23	sw	x2,-4(x2)	  x2:0x800086c4  x2:0x800086c4 PA:0x800086c0
        3825000	       381	800007c0	80016a97	auipc	x21,0x80016	 x21=0x000167bc
        3835000	       382	800007c4	fff10a83	lb	x21,-1(x2)	  x2:0x800086c4 x21=0xffffff80 PA:0x800086c3
        3845000	       383	800007c8	017d02b3	add	x5,x26,x23	 x26:0x0000bb5f x23:0x0000003e  x5=0x0000bb9d
        3855000	       384	800007cc	00110383	lb	x7,1(x2)	  x2:0x800086c4  x7=0x0000001e PA:0x800086c5
        3865000	       385	800007d0	016101a3	sb	x22,3(x2)	  x2:0x800086c4 x22:0x00000001 PA:0x800086c7
        3875000	       386	800007d4	00008a17	auipc	x20,0x8	 x20=0x800087d0
        3885000	       387	800007d8	f74a0a13	addi	x20,x20,-140	 x20:0x800087d0 x20=0x80008744
        3895000	       388	800007dc	fe6a0ea3	sb	x6,-3(x20)	 x20:0x80008744  x6:0x00000001 PA:0x80008741
        3905000	       389	800007e0	00ba02a3	sb	x11,5(x20)	 x20:0x80008744 x11:0xfffffff1 PA:0x80008749
        3915000	       390	800007e4	01191b33	sll	x22,x18,x17	 x18:0x000000e1 x17:0x00000000 x22=0x000000e1
        3925000	       391	800007e8	00ea5f83	lhu	x31,14(x20)	 x20:0x80008744 x31=0x0000a824 PA:0x80008752
        3935000	       392	800007ec	bf3ea293	slti	x5,x29,-1037	 x29:0x0000c704  x5=0x00000000
        3945000	       393	800007f0	ff5a0b83	lb	x23,-11(x20)	 x20:0x80008744 x23=0x00000019 PA:0x80008739
        3955000	       394	800007f4	b9b2a493	slti	x9,x5,-1125	  x5:0x00000000  x9=0x00000000
        3965000	       395	800007f8	01f75333	srl	x6,x14,x31	 x14:0x80009f68 x31:0x0000a824  x6=0x080009f6
        3975000	       396	800007fc	009a4803	lbu	x16,9(x20)	 x20:0x80008744 x16=0x0000000a PA:0x8000874d
        3985000	       397	80000800	14ce2913	slti	x18,x28,332	 x28:0xffffffc7 x18=0x00000001
        3995000	       398	80000804	ff2a4583	lbu	x11,-14(x20)	 x20:0x80008744 x11=0x00000035 PA:0x80008736
        4005000	       399	80000808	25dab413	sltiu	x8,x21,605	 x21:0xffffff80  x8=0x00000000
        4015000	       400	8000080c	00eebcb3	sltu	x25,x29,x14	 x29:0x0000c704 x14:0x80009f68 x25=0x00000001
        4025000	       401	80000810	15e38693	addi	x13,x7,350	  x7:0x0000001e x13=0x0000017c
        4035000	       402	80000814	00251c93	slli	x25,x10,0x2	 x10:0x80009fc4 x25=0x00027f10
        4045000	       403	80000818	92716413	ori	x8,x2,-1753	  x2:0x800086c4  x8=0xffffffe7
        4055000	       404	8000081c	01dddbb3	srl	x23,x27,x29	 x27:0x00000040 x29:0x0000c704 x23=0x00000004
        4065000	       405	80000820	5e65fe13	andi	x28,x11,1510	 x11:0x00000035 x28=0x00000024
        4075000	       406	80000824	b86d4c13	xori	x24,x26,-1146	 x26:0x0000bb5f x24=0xffff40d9
        4085000	       407	80000828	015a04a3	sb	x21,9(x20)	 x20:0x80008744 x21:0xffffff80 PA:0x8000874d
        4095000	       408	8000082c	a4d478b7	lui	x17,0xa4d47	 x17=0xa4d47000
        4105000	       409	80000830	0154c233	xor	x4,x9,x21	  x9:0x00000000 x21:0xffffff80  x4=0xffffff80
        4115000	       410	80000834	0097cb33	xor	x22,x15,x9	 x15:0x80008464  x9:0x00000000 x22=0x80008464
        4125000	       411	80000838	009a4d03	lbu	x26,9(x20)	 x20:0x80008744 x26=0x00000080 PA:0x8000874d
        4135000	       412	8000083c	00ba0803	lb	x16,11(x20)	 x20:0x80008744 x16=0xffffff92 PA:0x8000874f
        4145000	       413	80000840	c7903a93	sltiu	x21,x0,-903	  x0:0x00000000 x21=0x00000001
        4155000	       414	80000844	ff4a4783	lbu	x15,-12(x20)	 x20:0x80008744 x15=0x00000065 PA:0x80008738
        4165000	       415	80000848	593e6093	ori	x1,x28,1427	 x28:0x00000024  x1=0x000005b7
        4175000	       416	8000084c	01ea2023	sw	x30,0(x20)	 x20:0x80008744 x30:0xf6a4d52f PA:0x80008744
        4185000	       417	80000850	006a4b03	lbu	x22,6(x20)	 x20:0x80008744 x22=0x0000008c PA:0x8000874a
        4195000	       418	80000854	00b8ebb3	or	x23,x17,x11	 x17:0xa4d47000 x11:0x00000035 x23=0xa4d47035
        4205000	       419	80000858	0141eab3	or	x21,x3,x20	  x3:0x0000005d x20:0x80008744 x21=0x8000875d
        4215000	       420	8000085c	ffca5d83	lhu	x27,-4(x20)	 x20:0x80008744 x27=0x0000013c PA:0x80008740
        4225000	       421	80000860	0150ffb3	and	x31,x1,x21	  x1:0x000005b7 x21:0x8000875d x31=0x00000515
        4235000	       422	80000864	40d303b3	sub	x7,x6,x13	  x6:0x080009f6 x13:0x0000017c  x7=0x0800087a
        4245000	       423	80000868	01ca2423	sw	x28,8(x20)	 x20:0x80008744 x28:0x00000024 PA:0x8000874c
        4255000	       424	8000086c	00008d17	auipc	x26,0x8	 x26=0x80008868
        4265000	       425	80000870	1b2d0d13	addi	x26,x26,434	 x26:0x80008868 x26=0x80008a1a
        4275000	       426	80000874	00008497	auipc	x9,0x8	  x9=0x80008870
        4285000	       427	80000878	62a48493	addi	x9,x9,1578	  x9:0x80008870  x9=0x80008e9a
        4295000	       428	8000087c	00008197	auipc	x3,0x8	  x3=0x80008878
        4305000	       429	80000880	1ab18193	addi	x3,x3,427	  x3:0x80008878  x3=0x80008a23
        4315000	       430	80000884	00008217	auipc	x4,0x8	  x4=0x80008880
        4325000	       431	80000888	50820213	addi	x4,x4,1288	  x4:0x80008880  x4=0x80008d88
        4335000	       432	8000088c	522d2803	lw	x16,1314(x26)	 x26:0x80008a1a x16=0x19a802e5 PA:0x80008f3c
        4345000	       433	80000890	fee49a23	sh	x14,-12(x9)	  x9:0x80008e9a x14:0x80009f68 PA:0x80008e8e
        4355000	       434	80000894	19cd4c03	lbu	x24,412(x26)	 x26:0x80008a1a x24=0x000000d5 PA:0x80008bb6
        4365000	       435	80000898	f42d4a03	lbu	x20,-190(x26)	 x26:0x80008a1a x20=0x000000b4 PA:0x8000895c
        4375000	       436	8000089c	0131ca03	lbu	x20,19(x3)	  x3:0x80008a23 x20=0x00000085 PA:0x80008a36
        4385000	       437	800008a0	15b20283	lb	x5,347(x4)	  x4:0x80008d88  x5=0x00000069 PA:0x80008ee3
        4395000	       438	800008a4	544d06a3	sb	x4,1357(x26)	 x26:0x80008a1a  x4:0x80008d88 PA:0x80008f67
        4405000	       439	800008a8	00008c97	auipc	x25,0x8	 x25=0x800088a4
        4415000	       440	800008ac	fa3c8c93	addi	x25,x25,-93	 x25:0x800088a4 x25=0x80008847
        4425000	       441	800008b0	ced20923	sb	x13,-782(x4)	  x4:0x80008d88 x13:0x0000017c PA:0x80008a7a
        4435000	       442	800008b4	00f48a03	lb	x20,15(x9)	  x9:0x80008e9a x20=0x00000003 PA:0x80008ea9
        4445000	       443	800008b8	00318a23	sb	x3,20(x3)	  x3:0x80008a23  x3:0x80008a23 PA:0x80008a37
        4455000	       444	800008bc	11320303	lb	x6,275(x4)	  x4:0x80008d88  x6=0x00000074 PA:0x80008e9b
        4465000	       445	800008c0	fe5c8fa3	sb	x5,-1(x25)	 x25:0x80008847  x5:0x00000069 PA:0x80008846
        4475000	       446	800008c4	fe018303	lb	x6,-32(x3)	  x3:0x80008a23  x6=0xffffff86 PA:0x80008a03
        4485000	       447	800008c8	fef4ab23	sw	x15,-10(x9)	  x9:0x80008e9a x15:0x00000065 PA:0x80008e90
        4495000	       448	800008cc	08c21c23	sh	x12,152(x4)	  x4:0x80008d88 x12:0x00000000 PA:0x80008e20
        4505000	       449	800008d0	01ecc083	lbu	x1,30(x25)	 x25:0x80008847  x1=0x00000022 PA:0x80008865
        4515000	       450	800008d4	cfd20083	lb	x1,-771(x4)	  x4:0x80008d88  x1=0x00000024 PA:0x80008a85
        4525000	       451	800008d8	d1225103	lhu	x2,-750(x4)	  x4:0x80008d88  x2=0x00001364 PA:0x80008a9a
        4535000	       452	800008dc	026d0003	lb	x0,38(x26)	 x26:0x80008a1a PA:0x80008a40
        4545000	       453	800008e0	fec49923	sh	x12,-14(x9)	  x9:0x80008e9a x12:0x00000000 PA:0x80008e8c
        4555000	       454	800008e4	fff4ab23	sw	x31,-10(x9)	  x9:0x80008e9a x31:0x00000515 PA:0x80008e90
        4565000	       455	800008e8	03818a23	sb	x24,52(x3)	  x3:0x80008a23 x24:0x000000d5 PA:0x80008a57
        4575000	       456	800008ec	ff148803	lb	x16,-15(x9)	  x9:0x80008e9a x16=0xffffffe7 PA:0x80008e8b
        4585000	       457	800008f0	f1724b03	lbu	x22,-233(x4)	  x4:0x80008d88 x22=0x0000002e PA:0x80008c9f
        4595000	       458	800008f4	ff748283	lb	x5,-9(x9)	  x9:0x80008e9a  x5=0x00000005 PA:0x80008e91
        4605000	       459	800008f8	feb19403	lh	x8,-21(x3)	  x3:0x80008a23  x8=0x000000a7 PA:0x80008a0e
        4615000	       460	800008fc	fc3c8fa3	sb	x3,-33(x25)	 x25:0x80008847  x3:0x80008a23 PA:0x80008826
        4625000	       461	80000900	028c8e83	lb	x29,40(x25)	 x25:0x80008847 x29=0x0000004f PA:0x8000886f
        4635000	       462	80000904	ef621a83	lh	x21,-266(x4)	  x4:0x80008d88 x21=0xffffb103 PA:0x80008c7e
        4645000	       463	80000908	ff818423	sb	x24,-24(x3)	  x3:0x80008a23 x24:0x000000d5 PA:0x80008a0b
        4655000	       464	8000090c	00e4db83	lhu	x23,14(x9)	  x9:0x80008e9a x23=0x0000033d PA:0x80008ea8
        4665000	       465	80000910	044d2323	sw	x4,70(x26)	 x26:0x80008a1a  x4:0x80008d88 PA:0x80008a60
        4675000	       466	80000914	ff348083	lb	x1,-13(x9)	  x9:0x80008e9a  x1=0x00000000 PA:0x80008e8d
        4685000	       467	80000918	fee1aca3	sw	x14,-7(x3)	  x3:0x80008a23 x14:0x80009f68 PA:0x80008a1c
        4695000	       468	8000091c	e8c22683	lw	x13,-372(x4)	  x4:0x80008d88 x13=0xc4e7a09d PA:0x80008c14
        4705000	       469	80000920	412d0303	lb	x6,1042(x26)	 x26:0x80008a1a  x6=0x00000030 PA:0x80008e2c
        4715000	       470	80000924	f0320d83	lb	x27,-253(x4)	  x4:0x80008d88 x27=0xffffffa0 PA:0x80008c8b
        4725000	       471	80000928	fdf19ba3	sh	x31,-41(x3)	  x3:0x80008a23 x31:0x00000515 PA:0x800089fa
        4735000	       472	8000092c	ff54c903	lbu	x18,-11(x9)	  x9:0x80008e9a x18=0x0000009f PA:0x80008e8f
        4745000	       473	80000930	04ad0a23	sb	x10,84(x26)	 x26:0x80008a1a x10:0x80009fc4 PA:0x80008a6e
        4755000	       474	80000934	ff118083	lb	x1,-15(x3)	  x3:0x80008a23  x1=0x00000070 PA:0x80008a14
        4765000	       475	80000938	fdbc8403	lb	x8,-37(x25)	 x25:0x80008847  x8=0x00000009 PA:0x80008822
        4775000	       476	8000093c	00008117	auipc	x2,0x8	  x2=0x80008938
        4785000	       477	80000940	ddc10113	addi	x2,x2,-548	  x2:0x80008938  x2=0x80008714
        4795000	       478	80000944	fe410ba3	sb	x4,-9(x2)	  x2:0x80008714  x4:0x80008d88 PA:0x8000870b
        4805000	       479	80000948	6bf7b893	sltiu	x17,x15,1727	 x15:0x00000065 x17=0x00000001
        4815000	       480	8000094c	fe112e23	sw	x1,-4(x2)	  x2:0x80008714  x1:0x00000070 PA:0x80008710
        4825000	       481	80000950	019101a3	sb	x25,3(x2)	  x2:0x80008714 x25:0x80008847 PA:0x80008717
        4835000	       482	80000954	011101a3	sb	x17,3(x2)	  x2:0x80008714 x17:0x00000001 PA:0x80008717
        4845000	       483	80000958	00314a83	lbu	x21,3(x2)	  x2:0x80008714 x21=0x00000001 PA:0x80008717
        4855000	       484	8000095c	00114903	lbu	x18,1(x2)	  x2:0x80008714 x18=0x0000008a PA:0x80008715
        4865000	       485	80000960	ff114883	lbu	x17,-15(x2)	  x2:0x80008714 x17=0x00000016 PA:0x80008705
        4875000	       486	00000000	00000013	addi	x0,x0,0	  x0:0x00000000
        4885000	       487	80000964	ff114c03	lbu	x24,-15(x2)	  x2:0x80008714 x24=0x00000016 PA:0x80008705
        4895000	       488	80000968	00010a83	lb	x21,0(x2)	  x2:0x80008714 x21=0xfffffff5 PA:0x80008714
        4905000	       489	8000096c	00812c03	lw	x24,8(x2)	  x2:0x80008714 x24=0xd22456eb PA:0x8000871c
        4915000	       490	80000970	00814783	lbu	x15,8(x2)	  x2:0x80008714 x15=0x000000eb PA:0x8000871c
        4925000	       491	80000974	ff412d03	lw	x26,-12(x2)	  x2:0x80008714 x26=0x88726bb9 PA:0x80008708
        4935000	       492	80000978	ff414e83	lbu	x29,-12(x2)	  x2:0x80008714 x29=0x000000b9 PA:0x80008708
        4945000	       493	8000097c	ff410083	lb	x1,-12(x2)	  x2:0x80008714  x1=0xffffffb9 PA:0x80008708
        4955000	       494	80000980	ff412783	lw	x15,-12(x2)	  x2:0x80008714 x15=0x88726bb9 PA:0x80008708
        4965000	       495	80000984	01bc65b3	or	x11,x24,x27	 x24:0xd22456eb x27:0xffffffa0 x11=0xffffffeb
        4975000	       496	80000988	ff415983	lhu	x19,-12(x2)	  x2:0x80008714 x19=0x00006bb9 PA:0x80008708
        4985000	       497	8000098c	00611583	lh	x11,6(x2)	  x2:0x80008714 x11=0x00004590 PA:0x8000871a
        4995000	       498	80000990	01d10323	sb	x29,6(x2)	  x2:0x80008714 x29:0x000000b9 PA:0x8000871a
        5005000	       499	80000994	00610183	lb	x3,6(x2)	  x2:0x80008714  x3=0xffffffb9 PA:0x8000871a
        5015000	       500	80000998	01610323	sb	x22,6(x2)	  x2:0x80008714 x22:0x0000002e PA:0x8000871a
        5025000	       501	8000099c	00008397	auipc	x7,0x8	  x7=0x80008998
        5035000	       502	800009a0	80538393	addi	x7,x7,-2043	  x7:0x80008998  x7=0x8000819d
        5045000	       503	800009a4	2ae38e03	lb	x28,686(x7)	  x7:0x8000819d x28=0xffffffee PA:0x8000844b
        5055000	       504	800009a8	f5d38f23	sb	x29,-162(x7)	  x7:0x8000819d x29:0x000000b9 PA:0x800080fb
        5065000	       505	800009ac	0149e5b3	or	x11,x19,x20	 x19:0x00006bb9 x20:0x00000003 x11=0x00006bbb
        5075000	       506	800009b0	d14a57b7	lui	x15,0xd14a5	 x15=0xd14a5000
        5085000	       507	800009b4	f913d003	lhu	x0,-111(x7)	  x7:0x8000819d PA:0x8000812e
        5095000	       508	800009b8	5213cc03	lbu	x24,1313(x7)	  x7:0x8000819d x24=0x000000ab PA:0x800086be
        5105000	       509	800009bc	217394a3	sh	x23,521(x7)	  x7:0x8000819d x23:0x0000033d PA:0x800083a6
        5115000	       510	800009c0	fe9a6c13	ori	x24,x20,-23	 x20:0x00000003 x24=0xffffffeb
        5125000	       511	800009c4	30438e83	lb	x29,772(x7)	  x7:0x8000819d x29=0xfffffff3 PA:0x800084a1
        5135000	       512	800009c8	2ad54913	xori	x18,x10,685	 x10:0x80009fc4 x18=0x80009d69
        5145000	       513	800009cc	016e5813	srli	x16,x28,0x16	 x28:0xffffffee x16=0x000003ff
        5155000	       514	800009d0	0543ce03	lbu	x28,84(x7)	  x7:0x8000819d x28=0x00000040 PA:0x800081f1
        5165000	       515	800009d4	41475233	sra	x4,x14,x20	 x14:0x80009f68 x20:0x00000003  x4=0xf00013ed
        5175000	       516	800009d8	01e89213	slli	x4,x17,0x1e	 x17:0x00000016  x4=0x80000000
        5185000	       517	800009dc	57238ca3	sb	x18,1401(x7)	  x7:0x8000819d x18:0x80009d69 PA:0x80008716
        5195000	       518	800009e0	2d138623	sb	x17,716(x7)	  x7:0x8000819d x17:0x00000016 PA:0x80008469
        5205000	       519	800009e4	41e15d13	srai	x26,x2,0x1e	  x2:0x80008714 x26=0xfffffffe
        5215000	       520	800009e8	00000013	addi	x0,x0,0	  x0:0x00000000
        5225000	       521	800009ec	d1f26093	ori	x1,x4,-737	  x4:0x80000000  x1=0xfffffd1f
        5235000	       522	800009f0	52e04093	xori	x1,x0,1326	  x0:0x00000000  x1=0x0000052e
        5245000	       523	800009f4	403005b3	sub	x11,x0,x3	  x0:0x00000000  x3:0xffffffb9 x11=0x00000047
        5255000	       524	800009f8	411b5433	sra	x8,x22,x17	 x22:0x0000002e x17:0x00000016  x8=0x00000000
        5265000	       525	800009fc	17738d03	lb	x26,375(x7)	  x7:0x8000819d x26=0xffffffbd PA:0x80008314
        5275000	       526	80000a00	4c138603	lb	x12,1217(x7)	  x7:0x8000819d x12=0x0000002f PA:0x8000865e
        5285000	       527	80000a04	3b93d183	lhu	x3,953(x7)	  x7:0x8000819d  x3=0x0000222b PA:0x80008556
        5295000	       528	80000a08	0e63c603	lbu	x12,230(x7)	  x7:0x8000819d x12=0x00000006 PA:0x80008283
        5305000	       529	80000a0c	00008597	auipc	x11,0x8	 x11=0x80008a08
        5315000	       530	80000a10	e1e58593	addi	x11,x11,-482	 x11:0x80008a08 x11=0x80008826
        5325000	       531	80000a14	3da587a3	sb	x26,975(x11)	 x11:0x80008826 x26:0xffffffbd PA:0x80008bf5
        5335000	       532	80000a18	3cf5c203	lbu	x4,975(x11)	 x11:0x80008826  x4=0x000000bd PA:0x80008bf5
        5345000	       533	80000a1c	3cf58603	lb	x12,975(x11)	 x11:0x80008826 x12=0xffffffbd PA:0x80008bf5
        5355000	       534	80000a20	b3dff993	andi	x19,x31,-1219	 x31:0x00000515 x19=0x00000115
        5365000	       535	80000a24	416653b3	sra	x7,x12,x22	 x12:0xffffffbd x22:0x0000002e  x7=0xffffffff
        5375000	       536	80000a28	3cf58e83	lb	x29,975(x11)	 x11:0x80008826 x29=0xffffffbd PA:0x80008bf5
        5385000	       537	80000a2c	3cd587a3	sb	x13,975(x11)	 x11:0x80008826 x13:0xc4e7a09d PA:0x80008bf5
        5395000	       538	80000a30	00e02db3	slt	x27,x0,x14	  x0:0x00000000 x14:0x80009f68 x27=0x00000000
        5405000	       539	80000a34	3d7587a3	sb	x23,975(x11)	 x11:0x80008826 x23:0x0000033d PA:0x80008bf5
        5415000	       540	80000a38	3cf58b83	lb	x23,975(x11)	 x11:0x80008826 x23=0x0000003d PA:0x80008bf5
        5425000	       541	80000a3c	3dc587a3	sb	x28,975(x11)	 x11:0x80008826 x28:0x00000040 PA:0x80008bf5
        5435000	       542	80000a40	a1c86013	ori	x0,x16,-1508	 x16:0x000003ff
        5445000	       543	80000a44	3cf58683	lb	x13,975(x11)	 x11:0x80008826 x13=0x00000040 PA:0x80008bf5
        5455000	       544	80000a48	40fe5233	sra	x4,x28,x15	 x28:0x00000040 x15:0xd14a5000  x4=0x00000040
        5465000	       545	80000a4c	3cf5c203	lbu	x4,975(x11)	 x11:0x80008826  x4=0x00000040 PA:0x80008bf5
        5475000	       546	80000a50	3cf58383	lb	x7,975(x11)	 x11:0x80008826  x7=0x00000040 PA:0x80008bf5
        5485000	       547	80000a54	3cf58e03	lb	x28,975(x11)	 x11:0x80008826 x28=0x00000040 PA:0x80008bf5
        5495000	       548	80000a58	3cf58b83	lb	x23,975(x11)	 x11:0x80008826 x23=0x00000040 PA:0x80008bf5
        5505000	       549	80000a5c	3cf5ce03	lbu	x28,975(x11)	 x11:0x80008826 x28=0x00000040 PA:0x80008bf5
        5515000	       550	80000a60	3cf5c103	lbu	x2,975(x11)	 x11:0x80008826  x2=0x00000040 PA:0x80008bf5
        5525000	       551	80000a64	3cf5c283	lbu	x5,975(x11)	 x11:0x80008826  x5=0x00000040 PA:0x80008bf5
        5535000	       552	80000a68	00008c97	auipc	x25,0x8	 x25=0x80008a64
        5545000	       553	80000a6c	056c8c93	addi	x25,x25,86	 x25:0x80008a64 x25=0x80008aba
        5555000	       554	80000a70	219c8803	lb	x16,537(x25)	 x25:0x80008aba x16=0x0000007a PA:0x80008cd3
        5565000	       555	80000a74	00008117	auipc	x2,0x8	  x2=0x80008a70
        5575000	       556	80000a78	2f210113	addi	x2,x2,754	  x2:0x80008a70  x2=0x80008d62
        5585000	       557	80000a7c	01011383	lh	x7,16(x2)	  x2:0x80008d62  x7=0xffffd1e1 PA:0x80008d72
        5595000	       558	80000a80	00008617	auipc	x12,0x8	 x12=0x80008a7c
        5605000	       559	80000a84	3d760613	addi	x12,x12,983	 x12:0x80008a7c x12=0x80008e53
        5615000	       560	80000a88	008102a3	sb	x8,5(x2)	  x2:0x80008d62  x8:0x00000000 PA:0x80008d67
        5625000	       561	80000a8c	fef60ca3	sb	x15,-7(x12)	 x12:0x80008e53 x15:0xd14a5000 PA:0x80008e4c
        5635000	       562	80000a90	fb6c8ea3	sb	x22,-67(x25)	 x25:0x80008aba x22:0x0000002e PA:0x80008a77
        5645000	       563	80000a94	00d14383	lbu	x7,13(x2)	  x2:0x80008d62  x7=0x00000080 PA:0x80008d6f
        5655000	       564	80000a98	00361f83	lh	x31,3(x12)	 x12:0x80008e53 x31=0xffffbe77 PA:0x80008e56
        5665000	       565	80000a9c	00660303	lb	x6,6(x12)	 x12:0x80008e53  x6=0xffffffdc PA:0x80008e59
        5675000	       566	80000aa0	e61c8283	lb	x5,-415(x25)	 x25:0x80008aba  x5=0x00000063 PA:0x8000891b
        5685000	       567	80000aa4	456ca483	lw	x9,1110(x25)	 x25:0x80008aba  x9=0x322a1d97 PA:0x80008f10
        5695000	       568	80000aa8	ff110e83	lb	x29,-15(x2)	  x2:0x80008d62 x29=0xffffffdb PA:0x80008d53
        5705000	       569	80000aac	00b10903	lb	x18,11(x2)	  x2:0x80008d62 x18=0x00000001 PA:0x80008d6d
        5715000	       570	80000ab0	00d60183	lb	x3,13(x12)	 x12:0x80008e53  x3=0xffffff8d PA:0x80008e60
        5725000	       571	80000ab4	00014a83	lbu	x21,0(x2)	  x2:0x80008d62 x21=0x0000001b PA:0x80008d62
        5735000	       572	80000ab8	2a1cc403	lbu	x8,673(x25)	 x25:0x80008aba  x8=0x00000034 PA:0x80008d5b
        5745000	       573	80000abc	f0ccc183	lbu	x3,-244(x25)	 x25:0x80008aba  x3=0x000000d1 PA:0x800089c6
        5755000	       574	80000ac0	01d104a3	sb	x29,9(x2)	  x2:0x80008d62 x29:0xffffffdb PA:0x80008d6b
        5765000	       575	80000ac4	ff710a83	lb	x21,-9(x2)	  x2:0x80008d62 x21=0x0000002f PA:0x80008d59
        5775000	       576	80000ac8	00110f83	lb	x31,1(x2)	  x2:0x80008d62 x31=0xffffffe8 PA:0x80008d63
        5785000	       577	80000acc	fe361aa3	sh	x3,-11(x12)	 x12:0x80008e53  x3:0x000000d1 PA:0x80008e48
        5795000	       578	80000ad0	00007797	auipc	x15,0x7	 x15=0x80007acc
        5805000	       579	80000ad4	64a78793	addi	x15,x15,1610	 x15:0x80007acc x15=0x80008116
        5815000	       580	80000ad8	003f1a13	slli	x20,x30,0x3	 x30:0xf6a4d52f x20=0xb526a978
        5825000	       581	80000adc	f557c483	lbu	x9,-171(x15)	 x15:0x80008116  x9=0x0000003f PA:0x8000806b
        5835000	       582	80000ae0	7cf9ff93	andi	x31,x19,1999	 x19:0x00000115 x31=0x00000105
        5845000	       583	80000ae4	f5578003	lb	x0,-171(x15)	 x15:0x80008116 PA:0x8000806b
        5855000	       584	80000ae8	f5578d83	lb	x27,-171(x15)	 x15:0x80008116 x27=0x0000003f PA:0x8000806b
        5865000	       585	80000aec	fb504313	xori	x6,x0,-75	  x0:0x00000000  x6=0xffffffb5
        5875000	       586	80000af0	f4978aa3	sb	x9,-171(x15)	 x15:0x80008116  x9:0x0000003f PA:0x8000806b
        5885000	       587	80000af4	0b6785a3	sb	x22,171(x15)	 x15:0x80008116 x22:0x0000002e PA:0x800081c1
        5895000	       588	80000af8	0d864d13	xori	x26,x12,216	 x12:0x80008e53 x26=0x80008e8b
        5905000	       589	80000afc	0b6785a3	sb	x22,171(x15)	 x15:0x80008116 x22:0x0000002e PA:0x800081c1
        5915000	       590	80000b00	f8478da3	sb	x4,-101(x15)	 x15:0x80008116  x4:0x00000040 PA:0x800080b1
        5925000	       591	80000b04	f9b78c03	lb	x24,-101(x15)	 x15:0x80008116 x24=0x00000040 PA:0x800080b1
        5935000	       592	80000b08	0e578f83	lb	x31,229(x15)	 x15:0x80008116 x31=0x00000024 PA:0x800081fb
        5945000	       593	80000b0c	010c5593	srli	x11,x24,0x10	 x24:0x00000040 x11=0x00000000
        5955000	       594	80000b10	0e578683	lb	x13,229(x15)	 x15:0x80008116 x13=0x00000024 PA:0x800081fb
        5965000	       595	80000b14	0e57c203	lbu	x4,229(x15)	 x15:0x80008116  x4=0x00000024 PA:0x800081fb
        5975000	       596	80000b18	0f6782a3	sb	x22,229(x15)	 x15:0x80008116 x22:0x0000002e PA:0x800081fb
        5985000	       597	80000b1c	01879403	lh	x8,24(x15)	 x15:0x80008116  x8=0x00001b6b PA:0x8000812e
        5995000	       598	80000b20	0039e0b3	or	x1,x19,x3	 x19:0x00000115  x3:0x000000d1  x1=0x000001d5
        6005000	       599	80000b24	53693293	sltiu	x5,x18,1334	 x18:0x00000001  x5=0x00000001
        6015000	       600	80000b28	00000013	addi	x0,x0,0	  x0:0x00000000
        6025000	       601	80000b2c	e76e3293	sltiu	x5,x28,-394	 x28:0x00000040  x5=0x00000001
        6035000	       602	80000b30	01756263	bltu	x10,x23,80000b34	 x10:0x80009fc4 x23:0x00000040
        6045000	       603	80000b34	40b7dd13	srai	x26,x15,0xb	 x15:0x80008116 x26=0xfff00010
        6055000	       604	80000b38	00a17433	and	x8,x2,x10	  x2:0x80008d62 x10:0x80009fc4  x8=0x80008d40
        6065000	       605	80000b3c	00d69db3	sll	x27,x13,x13	 x13:0x00000024 x13:0x00000024 x27=0x00000240
        6075000	       606	80000b40	5109ce93	xori	x29,x19,1296	 x19:0x00000115 x29=0x00000405
        6085000	       607	80000b44	aa546e13	ori	x28,x8,-1371	  x8:0x80008d40 x28=0xffffffe5
        6095000	       608	80000b48	0e586463	bltu	x16,x5,80000c30	 x16:0x0000007a  x5:0x00000001
        6105000	       609	80000b4c	0e58dc63	bge	x17,x5,80000c44	 x17:0x00000016  x5:0x00000001
        6115000	       610	00000000	00000013	addi	x0,x0,0	  x0:0x00000000
        6125000	       611	80000c40	00000013	addi	x0,x0,0	  x0:0x00000000
        6135000	       612	80000c44	003ead33	slt	x26,x29,x3	 x29:0x00000405  x3:0x000000d1 x26=0x00000000
        6145000	       613	80000c48	003bfb33	and	x22,x23,x3	 x23:0x00000040  x3:0x000000d1 x22=0x00000040
        6155000	       614	80000c4c	4196d493	srai	x9,x13,0x19	 x13:0x00000024  x9=0x00000000
        6165000	       615	80000c50	059d8263	beq	x27,x25,80000c94	 x27:0x00000240 x25:0x80008aba
        6175000	       616	80000c54	04024463	blt	x4,x0,80000c9c	  x4:0x00000024  x0:0x00000000
        6185000	       617	80000c58	7597f913	andi	x18,x15,1881	 x15:0x80008116 x18=0x00000110
        6195000	       618	80000c5c	01be8033	add	x0,x29,x27	 x29:0x00000405 x27:0x00000240
        6205000	       619	80000c60	d7b680b7	lui	x1,0xd7b68	  x1=0xd7b68000
        6215000	       620	80000c64	ef8e7213	andi	x4,x28,-264	 x28:0xffffffe5  x4=0xfffffee0
        6225000	       621	80000c68	02eb5c63	bge	x22,x14,80000ca0	 x22:0x00000040 x14:0x80009f68
        6235000	       622	00000000	00000013	addi	x0,x0,0	  x0:0x00000000
        6245000	       623	80000c9c	00000013	addi	x0,x0,0	  x0:0x00000000
        6255000	       624	80000ca0	e6811fb7	lui	x31,0xe6811	 x31=0xe6811000
        6265000	       625	80000ca4	0195f6b3	and	x13,x11,x25	 x11:0x00000000 x25:0x80008aba x13=0x00000000
        6275000	       626	80000ca8	41995d93	srai	x27,x18,0x19	 x18:0x00000110 x27=0x00000000
        6285000	       627	80000cac	041f0863	beq	x30,x1,80000cfc	 x30:0xf6a4d52f  x1:0xd7b68000
        6295000	       628	80000cb0	006a5e63	bge	x20,x6,80000ccc	 x20:0xb526a978  x6:0xffffffb5
        6305000	       629	80000cb4	4168d633	sra	x12,x17,x22	 x17:0x00000016 x22:0x00000040 x12=0x00000016
        6315000	       630	80000cb8	41675b13	srai	x22,x14,0x16	 x14:0x80009f68 x22=0xfffffe00
        6325000	       631	80000cbc	00966c63	bltu	x12,x9,80000cd4	 x12:0x00000016  x9:0x00000000
        6335000	       632	80000cc0	0e99c293	xori	x5,x19,233	 x19:0x00000115  x5=0x000001fc
        6345000	       633	80000cc4	039b9663	bne	x23,x25,80000cf0	 x23:0x00000040 x25:0x80008aba
        6355000	       634	00000000	00000013	addi	x0,x0,0	  x0:0x00000000
        6365000	       635	80000cec	00000013	addi	x0,x0,0	  x0:0x00000000
        6375000	       636	80000cf0	91486d97	auipc	x27,0x91486	 x27=0x11486cec
        6385000	       637	80000cf4	91f97237	lui	x4,0x91f97	  x4=0x91f97000
        6395000	       638	80000cf8	02290c63	beq	x18,x2,80000d30	 x18:0x00000110  x2:0x80008d62
        6405000	       639	80000cfc	01fc17b3	sll	x15,x24,x31	 x24:0x00000040 x31:0xe6811000 x15=0x00000040
        6415000	       640	80000d00	41965133	sra	x2,x12,x25	 x12:0x00000016 x25:0x80008aba  x2=0x00000000
        6425000	       641	80000d04	7c0db493	sltiu	x9,x27,1984	 x27:0x11486cec  x9=0x00000000
        6435000	       642	80000d08	41cd5cb3	sra	x25,x26,x28	 x26:0x00000000 x28:0xffffffe5 x25=0x00000000
        6445000	       643	80000d0c	00a47863	bgeu	x8,x10,80000d1c	  x8:0x80008d40 x10:0x80009fc4
        6455000	       644	80000d10	a765a1b7	lui	x3,0xa765a	  x3=0xa765a000
        6465000	       645	80000d14	41385413	srai	x8,x16,0x13	 x16:0x0000007a  x8=0x00000000
        6475000	       646	80000d18	40bdda13	srai	x20,x27,0xb	 x27:0x11486cec x20=0x0002290d
        6485000	       647	80000d1c	01b43133	sltu	x2,x8,x27	  x8:0x00000000 x27:0x11486cec  x2=0x00000001
        6495000	       648	80000d20	019cf2b3	and	x5,x25,x25	 x25:0x00000000 x25:0x00000000  x5=0x00000000
        6505000	       649	80000d24	009ed933	srl	x18,x29,x9	 x29:0x00000405  x9:0x00000000 x18=0x00000405
        6515000	       650	80000d28	278aaa13	slti	x20,x21,632	 x21:0x0000002f x20=0x00000001
        6525000	       651	80000d2c	00000013	addi	x0,x0,0	  x0:0x00000000
        6535000	       652	80000d30	40135b13	srai	x22,x6,0x1	  x6:0xffffffb5 x22=0xffffffda
        6545000	       653	80000d34	e14f2f93	slti	x31,x30,-492	 x30:0xf6a4d52f x31=0x00000001
        6555000	       654	80000d38	8ca76593	ori	x11,x14,-1846	 x14:0x80009f68 x11=0xffffffea
        6565000	       655	80000d3c	01dfc463	blt	x31,x29,80000d44	 x31:0x00000001 x29:0x00000405
        6575000	       656	00000000	00000013	addi	x0,x0,0	  x0:0x00000000
        6585000	       657	80000d40	00000013	addi	x0,x0,0	  x0:0x00000000
        6595000	       658	80000d44	c941b293	sltiu	x5,x3,-876	  x3:0xa765a000  x5=0x00000001
        6605000	       659	80000d48	01d158b3	srl	x17,x2,x29	  x2:0x00000001 x29:0x00000405 x17=0x00000000
        6615000	       660	80000d4c	029af463	bgeu	x21,x9,80000d74	 x21:0x0000002f  x9:0x00000000
        6625000	       661	00000000	00000013	addi	x0,x0,0	  x0:0x00000000
        6635000	       662	80000d70	00000013	addi	x0,x0,0	  x0:0x00000000
        6645000	       663	80000d74	9bdfdd17	auipc	x26,0x9bdfd	 x26=0x1bdfdd70
        6655000	       664	80000d78	04bc4863	blt	x24,x11,80000dc8	 x24:0x00000040 x11:0xffffffea
        6665000	       665	80000d7c	403a0633	sub	x12,x20,x3	 x20:0x00000001  x3:0xa765a000 x12=0x589a6001
        6675000	       666	80000d80	00a35793	srli	x15,x6,0xa	  x6:0xffffffb5 x15=0x003fffff
        6685000	       667	80000d84	02e80c63	beq	x16,x14,80000dbc	 x16:0x0000007a x14:0x80009f68
        6695000	       668	80000d88	eaf34a13	xori	x20,x6,-337	  x6:0xffffffb5 x20=0x0000011a
        6705000	       669	80000d8c	001f43b3	xor	x7,x30,x1	 x30:0xf6a4d52f  x1:0xd7b68000  x7=0x2112552f
        6715000	       670	80000d90	01b67863	bgeu	x12,x27,80000da0	 x12:0x589a6001 x27:0x11486cec
        6725000	       671	00000000	00000013	addi	x0,x0,0	  x0:0x00000000
        6735000	       672	80000d9c	00000013	addi	x0,x0,0	  x0:0x00000000
        6745000	       673	80000da0	0465e863	bltu	x11,x6,80000df0	 x11:0xffffffea  x6:0xffffffb5
        6755000	       674	80000da4	000f73b3	and	x7,x30,x0	 x30:0xf6a4d52f  x0:0x00000000  x7=0x00000000
        6765000	       675	80000da8	c8f0fb93	andi	x23,x1,-881	  x1:0xd7b68000 x23=0xd7b68000
        6775000	       676	80000dac	01559e63	bne	x11,x21,80000dc8	 x11:0xffffffea x21:0x0000002f
        6785000	       677	00000000	00000013	addi	x0,x0,0	  x0:0x00000000
        6795000	       678	80000dc4	00000013	addi	x0,x0,0	  x0:0x00000000
        6805000	       679	80000dc8	02481a63	bne	x16,x4,80000dfc	 x16:0x0000007a  x4:0x91f97000
        6815000	       680	00000000	00000013	addi	x0,x0,0	  x0:0x00000000
        6825000	       681	80000df8	00000013	addi	x0,x0,0	  x0:0x00000000
        6835000	       682	80000dfc	00eb9633	sll	x12,x23,x14	 x23:0xd7b68000 x14:0x80009f68 x12=0xb6800000
        6845000	       683	80000e00	01e0eb33	or	x22,x1,x30	  x1:0xd7b68000 x30:0xf6a4d52f x22=0xf7b6d52f
        6855000	       684	80000e04	005957b3	srl	x15,x18,x5	 x18:0x00000405  x5:0x00000001 x15=0x00000202
        6865000	       685	80000e08	00e69933	sll	x18,x13,x14	 x13:0x00000000 x14:0x80009f68 x18=0x00000000
        6875000	       686	80000e0c	91f76213	ori	x4,x14,-1761	 x14:0x80009f68  x4=0xffffff7f
        6885000	       687	80000e10	01352133	slt	x2,x10,x19	 x10:0x80009fc4 x19:0x00000115  x2=0x00000001
        6895000	       688	80000e14	005432b3	sltu	x5,x8,x5	  x8:0x00000000  x5:0x00000001  x5=0x00000001
        6905000	       689	80000e18	018dcc33	xor	x24,x27,x24	 x27:0x11486cec x24:0x00000040 x24=0x11486cac
        6915000	       690	80000e1c	40f584b3	sub	x9,x11,x15	 x11:0xffffffea x15:0x00000202  x9=0xfffffde8
        6925000	       691	80000e20	40d65313	srai	x6,x12,0xd	 x12:0xb6800000  x6=0xfffdb400
        6935000	       692	80000e24	721baa93	slti	x21,x23,1825	 x23:0xd7b68000 x21=0x00000001
        6945000	       693	80000e28	048c0463	beq	x24,x8,80000e70	 x24:0x11486cac  x8:0x00000000
        6955000	       694	80000e2c	87a51b97	auipc	x23,0x87a51	 x23=0x07a51e28
        6965000	       695	80000e30	00000013	addi	x0,x0,0	  x0:0x00000000
        6975000	       696	80000e34	40885013	srai	x0,x16,0x8	 x16:0x0000007a
        6985000	       697	80000e38	bf497c13	andi	x24,x18,-1036	 x18:0x00000000 x24=0x00000000
        6995000	       698	80000e3c	4a9b2693	slti	x13,x22,1193	 x22:0xf7b6d52f x13=0x00000001
        7005000	       699	80000e40	cdac0f93	addi	x31,x24,-806	 x24:0x00000000 x31=0xfffffcda
        7015000	       700	80000e44	2f3ae213	ori	x4,x21,755	 x21:0x00000001  x4=0x000002f3
        7025000	       701	80000e48	015f1813	slli	x16,x30,0x15	 x30:0xf6a4d52f x16=0xa5e00000
        7035000	       702	80000e4c	83d30e93	addi	x29,x6,-1987	  x6:0xfffdb400 x29=0xfffdac3d
        7045000	       703	80000e50	2ad14593	xori	x11,x2,685	  x2:0x00000001 x11=0x000002ac
        7055000	       704	80000e54	01349e63	bne	x9,x19,80000e70	  x9:0xfffffde8 x19:0x00000115
        7065000	       705	00000000	00000013	addi	x0,x0,0	  x0:0x00000000
        7075000	       706	80000e6c	00000013	addi	x0,x0,0	  x0:0x00000000
        7085000	       707	80000e70	419939b7	lui	x19,0x41993	 x19=0x41993000
        7095000	       708	80000e74	00000013	addi	x0,x0,0	  x0:0x00000000
        7105000	       709	80000e78	03291c63	bne	x18,x18,80000eb0	 x18:0x00000000 x18:0x00000000
        7115000	       710	80000e7c	007b7133	and	x2,x22,x7	 x22:0xf7b6d52f  x7:0x00000000  x2=0x00000000
        7125000	       711	80000e80	03a80063	beq	x16,x26,80000ea0	 x16:0xa5e00000 x26:0x1bdfdd70
        7135000	       712	80000e84	024f5463	bge	x30,x4,80000eac	 x30:0xf6a4d52f  x4:0x000002f3
        7145000	       713	80000e88	47088293	addi	x5,x17,1136	 x17:0x00000000  x5=0x00000470
        7155000	       714	80000e8c	01836bb3	or	x23,x6,x24	  x6:0xfffdb400 x24:0x00000000 x23=0xfffdb400
        7165000	       715	80000e90	00000013	addi	x0,x0,0	  x0:0x00000000
        7175000	       716	80000e94	950c4e97	auipc	x29,0x950c4	 x29=0x150c4e90
        7185000	       717	80000e98	00000013	addi	x0,x0,0	  x0:0x00000000
        7195000	       718	80000e9c	41230a33	sub	x20,x6,x18	  x6:0xfffdb400 x18:0x00000000 x20=0xfffdb400
        7205000	       719	80000ea0	2d580893	addi	x17,x16,725	 x16:0xa5e00000 x17=0xa5e002d5
        7215000	       720	80000ea4	047d0263	beq	x26,x7,80000ee8	 x26:0x1bdfdd70  x7:0x00000000
        7225000	       721	80000ea8	00a44c33	xor	x24,x8,x10	  x8:0x00000000 x10:0x80009fc4 x24=0x80009fc4
        7235000	       722	80000eac	05866863	bltu	x12,x24,80000efc	 x12:0xb6800000 x24:0x80009fc4
        7245000	       723	80000eb0	01bfdb93	srli	x23,x31,0x1b	 x31:0xfffffcda x23=0x0000001f
        7255000	       724	80000eb4	01f88933	add	x18,x17,x31	 x17:0xa5e002d5 x31:0xfffffcda x18=0xa5dfffaf
        7265000	       725	80000eb8	00000013	addi	x0,x0,0	  x0:0x00000000
        7275000	       726	80000ebc	00aac413	xori	x8,x21,10	 x21:0x00000001  x8=0x0000000b
        7285000	       727	80000ec0	415b8bb3	sub	x23,x23,x21	 x23:0x0000001f x21:0x00000001 x23=0x0000001e
        7295000	       728	80000ec4	02c8ec63	bltu	x17,x12,80000efc	 x17:0xa5e002d5 x12:0xb6800000
        7305000	       729	00000000	00000013	addi	x0,x0,0	  x0:0x00000000
        7315000	       730	80000ef8	00000013	addi	x0,x0,0	  x0:0x00000000
        7325000	       731	80000efc	00a9eb33	or	x22,x19,x10	 x19:0x41993000 x10:0x80009fc4 x22=0xc199bfc4
        7335000	       732	80000f00	5fa149b7	lui	x19,0x5fa14	 x19=0x5fa14000
        7345000	       733	80000f04	00e29a63	bne	x5,x14,80000f18	  x5:0x00000470 x14:0x80009f68
        7355000	       734	00000000	00000013	addi	x0,x0,0	  x0:0x00000000
        7365000	       735	80000f14	00000013	addi	x0,x0,0	  x0:0x00000000
        7375000	       736	80000f18	00000013	addi	x0,x0,0	  x0:0x00000000
        7385000	       737	80000f1c	2b2d3693	sltiu	x13,x26,690	 x26:0x1bdfdd70 x13=0x00000000
        7395000	       738	80000f20	01a81e93	slli	x29,x16,0x1a	 x16:0xa5e00000 x29=0x00000000
        7405000	       739	80000f24	019979b3	and	x19,x18,x25	 x18:0xa5dfffaf x25:0x00000000 x19=0x00000000
        7415000	       740	80000f28	03984c63	blt	x16,x25,80000f60	 x16:0xa5e00000 x25:0x00000000
        7425000	       741	00000000	00000013	addi	x0,x0,0	  x0:0x00000000
        7435000	       742	80000f5c	00000013	addi	x0,x0,0	  x0:0x00000000
        7445000	       743	80000f60	012a3433	sltu	x8,x20,x18	 x20:0xfffdb400 x18:0xa5dfffaf  x8=0x00000000
        7455000	       744	80000f64	01411133	sll	x2,x2,x20	  x2:0x00000000 x20:0xfffdb400  x2=0x00000000
        7465000	       745	80000f68	006f5293	srli	x5,x30,0x6	 x30:0xf6a4d52f  x5=0x03da9354
        7475000	       746	80000f6c	65628993	addi	x19,x5,1622	  x5:0x03da9354 x19=0x03da99aa
        7485000	       747	80000f70	02e46e63	bltu	x8,x14,80000fac	  x8:0x00000000 x14:0x80009f68
        7495000	       748	00000000	00000013	addi	x0,x0,0	  x0:0x00000000
        7505000	       749	80000fa8	00000013	addi	x0,x0,0	  x0:0x00000000
        7515000	       750	80000fac	904306b7	lui	x13,0x90430	 x13=0x90430000
        7525000	       751	80000fb0	9773a193	slti	x3,x7,-1673	  x7:0x00000000  x3=0x00000000
        7535000	       752	80000fb4	2f687a13	andi	x20,x16,758	 x16:0xa5e00000 x20=0x00000000
        7545000	       753	80000fb8	00000013	addi	x0,x0,0	  x0:0x00000000
        7555000	       754	80000fbc	1ccbcf93	xori	x31,x23,460	 x23:0x0000001e x31=0x000001d2
        7565000	       755	80000fc0	01778e33	add	x28,x15,x23	 x15:0x00000202 x23:0x0000001e x28=0x00000220
        7575000	       756	80000fc4	0017eeb3	or	x29,x15,x1	 x15:0x00000202  x1:0xd7b68000 x29=0xd7b68202
        7585000	       757	80000fc8	00c797b3	sll	x15,x15,x12	 x15:0x00000202 x12:0xb6800000 x15=0x00000202
        7595000	       758	80000fcc	01d89663	bne	x17,x29,80000fd8	 x17:0xa5e002d5 x29:0xd7b68202
        7605000	       759	00000000	00000013	addi	x0,x0,0	  x0:0x00000000
        7615000	       760	80000fd4	00000013	addi	x0,x0,0	  x0:0x00000000
        7625000	       761	80000fd8	16798913	addi	x18,x19,359	 x19:0x03da99aa x18=0x03da9b11
        7635000	       762	80000fdc	723ce893	ori	x17,x25,1827	 x25:0x00000000 x17=0x00000723
        7645000	       763	80000fe0	003dc133	xor	x2,x27,x3	 x27:0x11486cec  x3:0x00000000  x2=0x11486cec
        7655000	       764	80000fe4	01335333	srl	x6,x6,x19	  x6:0xfffdb400 x19:0x03da99aa  x6=0x003fff6d
        7665000	       765	80000fe8	63153613	sltiu	x12,x10,1585	 x10:0x80009fc4 x12=0x00000000
        7675000	       766	80000fec	01854333	xor	x6,x10,x24	 x10:0x80009fc4 x24:0x80009fc4  x6=0x00000000
        7685000	       767	80000ff0	bf653e93	sltiu	x29,x10,-1034	 x10:0x80009fc4 x29=0x00000001
        7695000	       768	80000ff4	03aac663	blt	x21,x26,80001020	 x21:0x00000001 x26:0x1bdfdd70
        7705000	       769	00000000	00000013	addi	x0,x0,0	  x0:0x00000000
        7715000	       770	8000101c	00000013	addi	x0,x0,0	  x0:0x00000000
        7725000	       771	80001020	0431e863	bltu	x3,x3,80001070	  x3:0x00000000  x3:0x00000000
        7735000	       772	80001024	05de6863	bltu	x28,x29,80001074	 x28:0x00000220 x29:0x00000001
        7745000	       773	80001028	00964263	blt	x12,x9,8000102c	 x12:0x00000000  x9:0xfffffde8
        7755000	       774	8000102c	4f250a93	addi	x21,x10,1266	 x10:0x80009fc4 x21=0x8000a4b6
        7765000	       775	80001030	003cd693	srli	x13,x25,0x3	 x25:0x00000000 x13=0x00000000
        7775000	       776	80001034	01a199b3	sll	x19,x3,x26	  x3:0x00000000 x26:0x1bdfdd70 x19=0x00000000
        7785000	       777	80001038	00000013	addi	x0,x0,0	  x0:0x00000000
        7795000	       778	8000103c	010277b3	and	x15,x4,x16	  x4:0x000002f3 x16:0xa5e00000 x15=0x00000000
        7805000	       779	80001040	41e40133	sub	x2,x8,x30	  x8:0x00000000 x30:0xf6a4d52f  x2=0x095b2ad1
        7815000	       780	80001044	010ad233	srl	x4,x21,x16	 x21:0x8000a4b6 x16:0xa5e00000  x4=0x8000a4b6
        7825000	       781	80001048	a9724593	xori	x11,x4,-1385	  x4:0x8000a4b6 x11=0x7fff5e21
        7835000	       782	8000104c	d654eb93	ori	x23,x9,-667	  x9:0xfffffde8 x23=0xfffffded
        7845000	       783	80001050	01dd83b3	add	x7,x27,x29	 x27:0x11486cec x29:0x00000001  x7=0x11486ced
        7855000	       784	80001054	00000013	addi	x0,x0,0	  x0:0x00000000
        7865000	       785	80001058	814dff93	andi	x31,x27,-2028	 x27:0x11486cec x31=0x11486804
        7875000	       786	8000105c	41f88cb3	sub	x25,x17,x31	 x17:0x00000723 x31:0x11486804 x25=0xeeb79f1f
        7885000	       787	80001060	002c3cb3	sltu	x25,x24,x2	 x24:0x80009fc4  x2:0x095b2ad1 x25=0x00000000
        7895000	       788	80001064	01ea1d33	sll	x26,x20,x30	 x20:0x00000000 x30:0xf6a4d52f x26=0x00000000
        7905000	       789	80001068	26df60b7	lui	x1,0x26df6	  x1=0x26df6000
        7915000	       790	8000106c	01287eb3	and	x29,x16,x18	 x16:0xa5e00000 x18:0x03da9b11 x29=0x01c00000
        7925000	       791	80001070	63d58b13	addi	x22,x11,1597	 x11:0x7fff5e21 x22=0x7fff645e
        7935000	       792	80001074	01d6f863	bgeu	x13,x29,80001084	 x13:0x00000000 x29:0x01c00000
        7945000	       793	80001078	00c3c833	xor	x16,x7,x12	  x7:0x11486ced x12:0x00000000 x16=0x11486ced
        7955000	       794	8000107c	0119ee63	bltu	x19,x17,80001098	 x19:0x00000000 x17:0x00000723
        7965000	       795	00000000	00000013	addi	x0,x0,0	  x0:0x00000000
        7975000	       796	80001094	00000013	addi	x0,x0,0	  x0:0x00000000
        7985000	       797	80001098	05e40c93	addi	x25,x8,94	  x8:0x00000000 x25=0x0000005e
        7995000	       798	8000109c	00fe1263	bne	x28,x15,800010a0	 x28:0x00000220 x15:0x00000000
        8005000	       799	00000000	00000013	addi	x0,x0,0	  x0:0x00000000
        8015000	       800	8000109c	00000013	addi	x0,x0,0	  x0:0x00000000
        8025000	       801	800010a0	00879b33	sll	x22,x15,x8	 x15:0x00000000  x8:0x00000000 x22=0x00000000
        8035000	       802	800010a4	40778d33	sub	x26,x15,x7	 x15:0x00000000  x7:0x11486ced x26=0xeeb79313
        8045000	       803	800010a8	300b6093	ori	x1,x22,768	 x22:0x00000000  x1=0x00000300
        8055000	       804	800010ac	01a9eab3	or	x21,x19,x26	 x19:0x00000000 x26:0xeeb79313 x21=0xeeb79313
        8065000	       805	800010b0	f30c2617	auipc	x12,0xf30c2	 x12=0x730c30ac
        8075000	       806	800010b4	090bc863	blt	x23,x16,80001144	 x23:0xfffffded x16:0x11486ced
        8085000	       807	00000000	00000013	addi	x0,x0,0	  x0:0x00000000
        8095000	       808	80001140	00000013	addi	x0,x0,0	  x0:0x00000000
        8105000	       809	80001144	03baec63	bltu	x21,x27,8000117c	 x21:0xeeb79313 x27:0x11486cec
        8115000	       810	80001148	e7943693	sltiu	x13,x8,-391	  x8:0x00000000 x13=0x00000001
        8125000	       811	8000114c	0027a7b3	slt	x15,x15,x2	 x15:0x00000000  x2:0x095b2ad1 x15=0x00000001
        8135000	       812	80001150	40a089b3	sub	x19,x1,x10	  x1:0x00000300 x10:0x80009fc4 x19=0x7fff633c
        8145000	       813	80001154	025a7e63	bgeu	x20,x5,80001190	 x20:0x00000000  x5:0x03da9354
        8155000	       814	80001158	01409033	sll	x0,x1,x20	  x1:0x00000300 x20:0x00000000
        8165000	       815	8000115c	9a27be93	sltiu	x29,x15,-1630	 x15:0x00000001 x29=0x00000001
        8175000	       816	80001160	01838d33	add	x26,x7,x24	  x7:0x11486ced x24:0x80009fc4 x26=0x91490cb1
        8185000	       817	80001164	8100e417	auipc	x8,0x8100e	  x8=0x0100f160
        8195000	       818	80001168	c6937a93	andi	x21,x6,-919	  x6:0x00000000 x21=0x00000000
        8205000	       819	8000116c	01350e33	add	x28,x10,x19	 x10:0x80009fc4 x19:0x7fff633c x28=0x00000300
        8215000	       820	80001170	0f59d063	bge	x19,x21,80001250	 x19:0x7fff633c x21:0x00000000
        8225000	       821	00000000	00000013	addi	x0,x0,0	  x0:0x00000000
        8235000	       822	8000124c	00000013	addi	x0,x0,0	  x0:0x00000000
        8245000	       823	80001250	01419c13	slli	x24,x3,0x14	  x3:0x00000000 x24=0x00000000
        8255000	       824	80001254	01171013	slli	x0,x14,0x11	 x14:0x80009f68
        8265000	       825	80001258	0287c063	blt	x15,x8,80001278	 x15:0x00000001  x8:0x0100f160
        8275000	       826	00000000	00000013	addi	x0,x0,0	  x0:0x00000000
        8285000	       827	80001274	00000013	addi	x0,x0,0	  x0:0x00000000
        8295000	       828	80001278	00df8433	add	x8,x31,x13	 x31:0x11486804 x13:0x00000001  x8=0x11486805
        8305000	       829	8000127c	fa9e4f97	auipc	x31,0xfa9e4	 x31=0x7a9e5278
        8315000	       830	80001280	00419133	sll	x2,x3,x4	  x3:0x00000000  x4:0x8000a4b6  x2=0x00000000
        8325000	       831	80001284	000c5993	srli	x19,x24,0x0	 x24:0x00000000 x19=0x00000000
        8335000	       832	80001288	03df7c63	bgeu	x30,x29,800012c0	 x30:0xf6a4d52f x29:0x00000001
        8345000	       833	00000000	00000013	addi	x0,x0,0	  x0:0x00000000
        8355000	       834	800012bc	00000013	addi	x0,x0,0	  x0:0x00000000
        8365000	       835	800012c0	1b36f837	lui	x16,0x1b36f	 x16=0x1b36f000
        8375000	       836	800012c4	3723ae93	slti	x29,x7,882	  x7:0x11486ced x29=0x00000000
        8385000	       837	800012c8	003bad33	slt	x26,x23,x3	 x23:0xfffffded  x3:0x00000000 x26=0x00000001
        8395000	       838	800012cc	7e59e693	ori	x13,x19,2021	 x19:0x00000000 x13=0x000007e5
        8405000	       839	800012d0	006bf263	bgeu	x23,x6,800012d4	 x23:0xfffffded  x6:0x00000000
        8415000	       840	00000000	00000013	addi	x0,x0,0	  x0:0x00000000
        8425000	       841	800012d0	00000013	addi	x0,x0,0	  x0:0x00000000
        8435000	       842	800012d4	00b247b3	xor	x15,x4,x11	  x4:0x8000a4b6 x11:0x7fff5e21 x15=0xfffffa97
        8445000	       843	800012d8	99c8f093	andi	x1,x17,-1636	 x17:0x00000723  x1=0x00000100
        8455000	       844	800012dc	f5e4c793	xori	x15,x9,-162	  x9:0xfffffde8 x15=0x000002b6
        8465000	       845	800012e0	03407e63	bgeu	x0,x20,8000131c	  x0:0x00000000 x20:0x00000000
        8475000	       846	00000000	00000013	addi	x0,x0,0	  x0:0x00000000
        8485000	       847	80001318	00000013	addi	x0,x0,0	  x0:0x00000000
        8495000	       848	8000131c	05a49863	bne	x9,x26,8000136c	  x9:0xfffffde8 x26:0x00000001
        8505000	       849	00000000	00000013	addi	x0,x0,0	  x0:0x00000000
        8515000	       850	80001368	00000013	addi	x0,x0,0	  x0:0x00000000
        8525000	       851	8000136c	004c7433	and	x8,x24,x4	 x24:0x00000000  x4:0x8000a4b6  x8=0x00000000
        8535000	       852	80001370	016b0263	beq	x22,x22,80001374	 x22:0x00000000 x22:0x00000000
        8545000	       853	00000000	00000013	addi	x0,x0,0	  x0:0x00000000
        8555000	       854	80001370	00000013	addi	x0,x0,0	  x0:0x00000000
        8565000	       855	80001374	00d985b3	add	x11,x19,x13	 x19:0x00000000 x13:0x000007e5 x11=0x000007e5
        8575000	       856	80001378	00d8efb3	or	x31,x17,x13	 x17:0x00000723 x13:0x000007e5 x31=0x000007e7
        8585000	       857	8000137c	00000013	addi	x0,x0,0	  x0:0x00000000
        8595000	       858	80001380	0141ebb3	or	x23,x3,x20	  x3:0x00000000 x20:0x00000000 x23=0x00000000
        8605000	       859	80001384	000e8463	beq	x29,x0,8000138c	 x29:0x00000000  x0:0x00000000
        8615000	       860	00000000	00000013	addi	x0,x0,0	  x0:0x00000000
        8625000	       861	80001388	00000013	addi	x0,x0,0	  x0:0x00000000
        8635000	       862	8000138c	06915d97	auipc	x27,0x6915	 x27=0x86916388
        8645000	       863	80001390	01b97a63	bgeu	x18,x27,800013a4	 x18:0x03da9b11 x27:0x86916388
        8655000	       864	80001394	bd8a3e13	sltiu	x28,x20,-1064	 x20:0x00000000 x28=0x00000001
        8665000	       865	80001398	c2084f93	xori	x31,x16,-992	 x16:0x1b36f000 x31=0xe4c90c20
        8675000	       866	8000139c	e7e40d37	lui	x26,0xe7e40	 x26=0xe7e40000
        8685000	       867	800013a0	01bd6eb3	or	x29,x26,x27	 x26:0xe7e40000 x27:0x86916388 x29=0xe7f56388
        8695000	       868	800013a4	01cb6633	or	x12,x22,x28	 x22:0x00000000 x28:0x00000001 x12=0x00000001
        8705000	       869	800013a8	011f8e63	beq	x31,x17,800013c4	 x31:0xe4c90c20 x17:0x00000723
        8715000	       870	800013ac	0460c463	blt	x1,x6,800013f4	  x1:0x00000100  x6:0x00000000
        8725000	       871	800013b0	0072d013	srli	x0,x5,0x7	  x5:0x03da9354
        8735000	       872	800013b4	78eb8437	lui	x8,0x78eb8	  x8=0x78eb8000
        8745000	       873	800013b8	011c60b3	or	x1,x24,x17	 x24:0x00000000 x17:0x00000723  x1=0x00000723
        8755000	       874	800013bc	007daab3	slt	x21,x27,x7	 x27:0x86916388  x7:0x11486ced x21=0x00000001
        8765000	       875	800013c0	030ed863	bge	x29,x16,800013f0	 x29:0xe7f56388 x16:0x1b36f000
        8775000	       876	800013c4	01d05833	srl	x16,x0,x29	  x0:0x00000000 x29:0xe7f56388 x16=0x00000000
        8785000	       877	800013c8	1a0c4213	xori	x4,x24,416	 x24:0x00000000  x4=0x000001a0
        8795000	       878	800013cc	41150793	addi	x15,x10,1041	 x10:0x80009fc4 x15=0x8000a3d5
        8805000	       879	800013d0	01eb4863	blt	x22,x30,800013e0	 x22:0x00000000 x30:0xf6a4d52f
        8815000	       880	800013d4	afb3ab13	slti	x22,x7,-1285	  x7:0x11486ced x22=0x00000000
        8825000	       881	800013d8	0115da13	srli	x20,x11,0x11	 x11:0x000007e5 x20=0x00000000
        8835000	       882	800013dc	6e793f97	auipc	x31,0x6e793	 x31=0xee7943d8
        8845000	       883	800013e0	409c5eb3	sra	x29,x24,x9	 x24:0x00000000  x9:0xfffffde8 x29=0x00000000
        8855000	       884	800013e4	c8aa2493	slti	x9,x20,-886	 x20:0x00000000  x9=0x00000000
        8865000	       885	800013e8	40b20d33	sub	x26,x4,x11	  x4:0x000001a0 x11:0x000007e5 x26=0xfffff9bb
        8875000	       886	800013ec	c9023993	sltiu	x19,x4,-880	  x4:0x000001a0 x19=0x00000001
        8885000	       887	800013f0	84983993	sltiu	x19,x16,-1975	 x16:0x00000000 x19=0x00000001
        8895000	       888	800013f4	0de98d97	auipc	x27,0xde98	 x27=0x8de993f0
        8905000	       889	800013f8	014666b3	or	x13,x12,x20	 x12:0x00000001 x20:0x00000000 x13=0x00000001
        8915000	       890	800013fc	006e9913	slli	x18,x29,0x6	 x29:0x00000000 x18=0x00000000
        8925000	       891	80001400	05e05063	bge	x0,x30,80001440	  x0:0x00000000 x30:0xf6a4d52f
        8935000	       892	00000000	00000013	addi	x0,x0,0	  x0:0x00000000
        8945000	       893	8000143c	00000013	addi	x0,x0,0	  x0:0x00000000
        8955000	       894	80001440	0068d893	srli	x17,x17,0x6	 x17:0x00000723 x17=0x0000001c
        8965000	       895	80001444	02fb0c63	beq	x22,x15,8000147c	 x22:0x00000000 x15:0x8000a3d5
        8975000	       896	80001448	e9e53497	auipc	x9,0xe9e53	  x9=0x69e54444
        8985000	       897	8000144c	013274b3	and	x9,x4,x19	  x4:0x000001a0 x19:0x00000001  x9=0x00000000
        8995000	       898	80001450	50c93413	sltiu	x8,x18,1292	 x18:0x00000000  x8=0x00000001
        9005000	       899	80001454	03da7e63	bgeu	x20,x29,80001490	 x20:0x00000000 x29:0x00000000
        9015000	       900	00000000	00000013	addi	x0,x0,0	  x0:0x00000000
        9025000	       901	8000148c	00000013	addi	x0,x0,0	  x0:0x00000000
        9035000	       902	80001490	199facb7	lui	x25,0x199fa	 x25=0x199fa000
        9045000	       903	80001494	02c7e663	bltu	x15,x12,800014c0	 x15:0x8000a3d5 x12:0x00000001
        9055000	       904	80001498	00ffb1b3	sltu	x3,x31,x15	 x31:0xee7943d8 x15:0x8000a3d5  x3=0x00000000
        9065000	       905	8000149c	0073d633	srl	x12,x7,x7	  x7:0x11486ced  x7:0x11486ced x12=0x00008a43
        9075000	       906	800014a0	00ecdb13	srli	x22,x25,0xe	 x25:0x199fa000 x22=0x0000667e
        9085000	       907	800014a4	00311113	slli	x2,x2,0x3	  x2:0x00000000  x2=0x00000000
        9095000	       908	800014a8	01bf5433	srl	x8,x30,x27	 x30:0xf6a4d52f x27:0x8de993f0  x8=0x0000f6a4
        9105000	       909	800014ac	01cb9fb3	sll	x31,x23,x28	 x23:0x00000000 x28:0x00000001 x31=0x00000000
        9115000	       910	800014b0	419b8633	sub	x12,x23,x25	 x23:0x00000000 x25:0x199fa000 x12=0xe6606000
        9125000	       911	800014b4	97347037	lui	x0,0x97347	
        9135000	       912	800014b8	01dc6263	bltu	x24,x29,800014bc	 x24:0x00000000 x29:0x00000000
        9145000	       913	800014bc	0051de93	srli	x29,x3,0x5	  x3:0x00000000 x29=0x00000000
        9155000	       914	800014c0	038fdc63	bge	x31,x24,800014f8	 x31:0x00000000 x24:0x00000000
        9165000	       915	00000000	00000013	addi	x0,x0,0	  x0:0x00000000
        9175000	       916	800014f4	00000013	addi	x0,x0,0	  x0:0x00000000
        9185000	       917	800014f8	3ccdfb17	auipc	x22,0x3ccdf	 x22=0xbcce04f4
        9195000	       918	800014fc	edd39017	auipc	x0,0xedd39	
        9205000	       919	80001500	d8a852b7	lui	x5,0xd8a85	  x5=0xd8a85000
        9215000	       920	80001504	039c4c63	blt	x24,x25,8000153c	 x24:0x00000000 x25:0x199fa000
        9225000	       921	00000000	00000013	addi	x0,x0,0	  x0:0x00000000
        9235000	       922	80001538	00000013	addi	x0,x0,0	  x0:0x00000000
        9245000	       923	8000153c	014d4033	xor	x0,x26,x20	 x26:0xfffff9bb x20:0x00000000
        9255000	       924	80001540	011ad193	srli	x3,x21,0x11	 x21:0x00000001  x3=0x00000000
        9265000	       925	80001544	be1f6b13	ori	x22,x30,-1055	 x30:0xf6a4d52f x22=0xffffffef
        9275000	       926	80001548	007bd233	srl	x4,x23,x7	 x23:0x00000000  x7:0x11486ced  x4=0x00000000
        9285000	       927	8000154c	0d8a2813	slti	x16,x20,216	 x20:0x00000000 x16=0x00000001
        9295000	       928	80001550	00deb3b3	sltu	x7,x29,x13	 x29:0x00000000 x13:0x00000001  x7=0x00000001
        9305000	       929	80001554	0032bab3	sltu	x21,x5,x3	  x5:0xd8a85000  x3:0x00000000 x21=0x00000000
        9315000	       930	80001558	00b7b0b3	sltu	x1,x15,x11	 x15:0x8000a3d5 x11:0x000007e5  x1=0x00000000
        9325000	       931	8000155c	007570b3	and	x1,x10,x7	 x10:0x80009fc4  x7:0x00000001  x1=0x00000000
        9335000	       932	80001560	00000013	addi	x0,x0,0	  x0:0x00000000
        9345000	       933	80001564	00c210b3	sll	x1,x4,x12	  x4:0x00000000 x12:0xe6606000  x1=0x00000000
        9355000	       934	80001568	04898263	beq	x19,x8,800015ac	 x19:0x00000001  x8:0x0000f6a4
        9365000	       935	8000156c	24542193	slti	x3,x8,581	  x8:0x0000f6a4  x3=0x00000000
        9375000	       936	80001570	00661333	sll	x6,x12,x6	 x12:0xe6606000  x6:0x00000000  x6=0xe6606000
        9385000	       937	80001574	01363133	sltu	x2,x12,x19	 x12:0xe6606000 x19:0x00000001  x2=0x00000000
        9395000	       938	80001578	010a9293	slli	x5,x21,0x10	 x21:0x00000000  x5=0x00000000
        9405000	       939	8000157c	18b8fd13	andi	x26,x17,395	 x17:0x0000001c x26=0x00000008
        9415000	       940	80001580	052ff863	bgeu	x31,x18,800015d0	 x31:0x00000000 x18:0x00000000
        9425000	       941	00000000	00000013	addi	x0,x0,0	  x0:0x00000000
        9435000	       942	800015cc	00000013	addi	x0,x0,0	  x0:0x00000000
        9445000	       943	800015d0	418c5b93	srai	x23,x24,0x18	 x24:0x00000000 x23=0x00000000
        9455000	       944	800015d4	47076c13	ori	x24,x14,1136	 x14:0x80009f68 x24=0x80009f78
        9465000	       945	800015d8	00000013	addi	x0,x0,0	  x0:0x00000000
        9475000	       946	800015dc	414180b3	sub	x1,x3,x20	  x3:0x00000000 x20:0x00000000  x1=0x00000000
        9485000	       947	800015e0	0294cc63	blt	x9,x9,80001618	  x9:0x00000000  x9:0x00000000
        9495000	       948	800015e4	ae40b613	sltiu	x12,x1,-1308	  x1:0x00000000 x12=0x00000001
        9505000	       949	800015e8	41275893	srai	x17,x14,0x12	 x14:0x80009f68 x17=0xffffe000
        9515000	       950	800015ec	02eae093	ori	x1,x21,46	 x21:0x00000000  x1=0x0000002e
        9525000	       951	800015f0	01879263	bne	x15,x24,800015f4	 x15:0x8000a3d5 x24:0x80009f78
        9535000	       952	00000000	00000013	addi	x0,x0,0	  x0:0x00000000
        9545000	       953	800015f0	00000013	addi	x0,x0,0	  x0:0x00000000
        9555000	       954	800015f4	0136f0b3	and	x1,x13,x19	 x13:0x00000001 x19:0x00000001  x1=0x00000001
        9565000	       955	800015f8	00000013	addi	x0,x0,0	  x0:0x00000000
        9575000	       956	800015fc	9d874f93	xori	x31,x14,-1576	 x14:0x80009f68 x31=0x7fff66b0
        9585000	       957	80001600	e0246593	ori	x11,x8,-510	  x8:0x0000f6a4 x11=0xfffffea6
        9595000	       958	80001604	40d650b3	sra	x1,x12,x13	 x12:0x00000001 x13:0x00000001  x1=0x00000000
        9605000	       959	80001608	ce296993	ori	x19,x18,-798	 x18:0x00000000 x19=0xfffffce2
        9615000	       960	8000160c	cb6b7113	andi	x2,x22,-842	 x22:0xffffffef  x2=0xfffffca6
        9625000	       961	80001610	01d9a633	slt	x12,x19,x29	 x19:0xfffffce2 x29:0x00000000 x12=0x00000001
        9635000	       962	80001614	01ba4833	xor	x16,x20,x27	 x20:0x00000000 x27:0x8de993f0 x16=0x8de993f0
        9645000	       963	80001618	018a2033	slt	x0,x20,x24	 x20:0x00000000 x24:0x80009f78
        9655000	       964	8000161c	0022cd33	xor	x26,x5,x2	  x5:0x00000000  x2:0xfffffca6 x26=0xfffffca6
        9665000	       965	80001620	015986b3	add	x13,x19,x21	 x19:0xfffffce2 x21:0x00000000 x13=0xfffffce2
        9675000	       966	80001624	00000013	addi	x0,x0,0	  x0:0x00000000
        9685000	       967	80001628	7d246e13	ori	x28,x8,2002	  x8:0x0000f6a4 x28=0x0000f7f6
        9695000	       968	8000162c	03c86e63	bltu	x16,x28,80001668	 x16:0x8de993f0 x28:0x0000f7f6
        9705000	       969	80001630	00990eb3	add	x29,x18,x9	 x18:0x00000000  x9:0x00000000 x29=0x00000000
        9715000	       970	80001634	01255263	bge	x10,x18,80001638	 x10:0x80009fc4 x18:0x00000000
        9725000	       971	80001638	4115d0b3	sra	x1,x11,x17	 x11:0xfffffea6 x17:0xffffe000  x1=0xfffffea6
        9735000	       972	8000163c	01165b13	srli	x22,x12,0x11	 x12:0x00000001 x22=0x00000000
        9745000	       973	80001640	018121b3	slt	x3,x2,x24	  x2:0xfffffca6 x24:0x80009f78  x3=0x00000000
        9755000	       974	80001644	29113c93	sltiu	x25,x2,657	  x2:0xfffffca6 x25=0x00000000
        9765000	       975	80001648	00801633	sll	x12,x0,x8	  x0:0x00000000  x8:0x0000f6a4 x12=0x00000000
        9775000	       976	8000164c	0250dc63	bge	x1,x5,80001684	  x1:0xfffffea6  x5:0x00000000
        9785000	       977	80001650	a0254a13	xori	x20,x10,-1534	 x10:0x80009fc4 x20=0x7fff65c6
        9795000	       978	80001654	c859b417	auipc	x8,0xc859b	  x8=0x4859c650
        9805000	       979	80001658	4d13f793	andi	x15,x7,1233	  x7:0x00000001 x15=0x00000001
        9815000	       980	8000165c	41a05113	srai	x2,x0,0x1a	  x0:0x00000000  x2=0x00000000
        9825000	       981	80001660	02311c63	bne	x2,x3,80001698	  x2:0x00000000  x3:0x00000000
        9835000	       982	80001664	7aadc7b7	lui	x15,0x7aadc	 x15=0x7aadc000
        9845000	       983	80001668	00531c13	slli	x24,x6,0x5	  x6:0xe6606000 x24=0xcc0c0000
        9855000	       984	8000166c	a7c63c93	sltiu	x25,x12,-1412	 x12:0x00000000 x25=0x00000001
        9865000	       985	80001670	8fdc0413	addi	x8,x24,-1795	 x24:0xcc0c0000  x8=0xcc0bf8fd
        9875000	       986	80001674	01254263	blt	x10,x18,80001678	 x10:0x80009fc4 x18:0x00000000
        9885000	       987	00000000	00000013	addi	x0,x0,0	  x0:0x00000000
        9895000	       988	80001674	00000013	addi	x0,x0,0	  x0:0x00000000
        9905000	       989	80001678	1c9e2c13	slti	x24,x28,457	 x28:0x0000f7f6 x24=0x00000000
        9915000	       990	8000167c	4e87e637	lui	x12,0x4e87e	 x12=0x4e87e000
        9925000	       991	80001680	002d1bb3	sll	x23,x26,x2	 x26:0xfffffca6  x2:0x00000000 x23=0xfffffca6
        9935000	       992	80001684	d0d3b9b7	lui	x19,0xd0d3b	 x19=0xd0d3b000
        9945000	       993	80001688	034acc63	blt	x21,x20,800016c0	 x21:0x00000000 x20:0x7fff65c6
        9955000	       994	00000000	00000013	addi	x0,x0,0	  x0:0x00000000
        9965000	       995	800016bc	00000013	addi	x0,x0,0	  x0:0x00000000
        9975000	       996	800016c0	02a10463	beq	x2,x10,800016e8	  x2:0x00000000 x10:0x80009fc4
        9985000	       997	800016c4	5bf9f393	andi	x7,x19,1471	 x19:0xd0d3b000  x7=0x00000000
        9995000	       998	800016c8	02c91663	bne	x18,x12,800016f4	 x18:0x00000000 x12:0x4e87e000
       10005000	       999	00000000	00000013	addi	x0,x0,0	  x0:0x00000000
       10015000	      1000	800016f0	00000013	addi	x0,x0,0	  x0:0x00000000
       10025000	      1001	800016f4	059c7263	bgeu	x24,x25,80001738	 x24:0x00000000 x25:0x00000001
       10035000	      1002	800016f8	00717863	bgeu	x2,x7,80001708	  x2:0x00000000  x7:0x00000000
       10045000	      1003	00000000	00000013	addi	x0,x0,0	  x0:0x00000000
       10055000	      1004	80001704	00000013	addi	x0,x0,0	  x0:0x00000000
       10065000	      1005	80001708	01e8c863	blt	x17,x30,80001718	 x17:0xffffe000 x30:0xf6a4d52f
       10075000	      1006	8000170c	00000013	addi	x0,x0,0	  x0:0x00000000
       10085000	      1007	80001710	042ec863	blt	x29,x2,80001760	 x29:0x00000000  x2:0x00000000
       10095000	      1008	80001714	00000013	addi	x0,x0,0	  x0:0x00000000
       10105000	      1009	80001718	400486b3	sub	x13,x9,x0	  x9:0x00000000  x0:0x00000000 x13=0x00000000
       10115000	      1010	8000171c	028dca63	blt	x27,x8,80001750	 x27:0x8de993f0  x8:0xcc0bf8fd
       10125000	      1011	00000000	00000013	addi	x0,x0,0	  x0:0x00000000
       10135000	      1012	8000174c	00000013	addi	x0,x0,0	  x0:0x00000000
       10145000	      1013	80001750	7df68193	addi	x3,x13,2015	 x13:0x00000000  x3=0x000007df
       10155000	      1014	80001754	40a0d933	sra	x18,x1,x10	  x1:0xfffffea6 x10:0x80009fc4 x18=0xffffffea
       10165000	      1015	80001758	61fb5237	lui	x4,0x61fb5	  x4=0x61fb5000
       10175000	      1016	8000175c	1f61fc93	andi	x25,x3,502	  x3:0x000007df x25=0x000001d6
       10185000	      1017	80001760	00000013	addi	x0,x0,0	  x0:0x00000000
       10195000	      1018	80001764	7b3acb13	xori	x22,x21,1971	 x21:0x00000000 x22=0x000007b3
       10205000	      1019	80001768	00623a33	sltu	x20,x4,x6	  x4:0x61fb5000  x6:0xe6606000 x20=0x00000001
       10215000	      1020	8000176c	41fad393	srai	x7,x21,0x1f	 x21:0x00000000  x7=0x00000000
       10225000	      1021	80001770	40eed3b3	sra	x7,x29,x14	 x29:0x00000000 x14:0x80009f68  x7=0x00000000
       10235000	      1022	80001774	01c49e63	bne	x9,x28,80001790	  x9:0x00000000 x28:0x0000f7f6
       10245000	      1023	00000000	00000013	addi	x0,x0,0	  x0:0x00000000
       10255000	      1024	8000178c	00000013	addi	x0,x0,0	  x0:0x00000000
       10265000	      1025	80001790	417351b3	sra	x3,x6,x23	  x6:0xe6606000 x23:0xfffffca6  x3=0xff998180
       10275000	      1026	80001794	f6e20817	auipc	x16,0xf6e20	 x16=0x76e21790
       10285000	      1027	80001798	00472983	lw	x19,4(x14)	 x14:0x80009f68 x19=0x8000012c PA:0x80009f6c
       10295000	      1028	8000179c	40d6d913	srai	x18,x13,0xd	 x13:0x00000000 x18=0x00000000
       10305000	      1029	800017a0	00270633	add	x12,x14,x2	 x14:0x80009f68  x2:0x00000000 x12=0x80009f68
       10315000	      1030	800017a4	015f3133	sltu	x2,x30,x21	 x30:0xf6a4d52f x21:0x00000000  x2=0x00000000
       10325000	      1031	800017a8	02f0a393	slti	x7,x1,47	  x1:0xfffffea6  x7=0x00000001
       10335000	      1032	800017ac	aa0a2113	slti	x2,x20,-1376	 x20:0x00000001  x2=0x00000000
       10345000	      1033	800017b0	01c70713	addi	x14,x14,28	 x14:0x80009f68 x14=0x80009f84
       10355000	      1034	800017b4	0098fdb3	and	x27,x17,x9	 x17:0xffffe000  x9:0x00000000 x27=0x00000000
       10365000	      1035	800017b8	bf674b13	xori	x22,x14,-1034	 x14:0x80009f84 x22=0x7fff6472
       10375000	      1036	800017bc	1d4b7e17	auipc	x28,0x1d4b7	 x28=0x9d4b87b8
       10385000	      1037	800017c0	00098f93	addi	x31,x19,0	 x19:0x8000012c x31=0x8000012c
       10395000	      1038	800017c4	000f8fe7	jalr	x31,x31,0	 x31:0x8000012c x31=0x800017c4
       10405000	      1039	00000000	00000013	addi	x0,x0,0	  x0:0x00000000
       10415000	      1040	8000012c	00000013	addi	x0,x0,0	  x0:0x00000000
       10425000	      1041	80000130	00009c17	auipc	x24,0x9	 x24=0x8000912c
       10435000	      1042	80000134	955c0c13	addi	x24,x24,-1707	 x24:0x8000912c x24=0x80008a81
       10445000	      1043	80000138	001c4203	lbu	x4,1(x24)	 x24:0x80008a81  x4=0x000000ce PA:0x80008a82
       10455000	      1044	8000013c	fe0c0083	lb	x1,-32(x24)	 x24:0x80008a81  x1=0xffffff8d PA:0x80008a61
       10465000	      1045	80000140	fe0c0983	lb	x19,-32(x24)	 x24:0x80008a81 x19=0xffffff8d PA:0x80008a61
       10475000	      1046	80000144	00ac0783	lb	x15,10(x24)	 x24:0x80008a81 x15=0xffffffda PA:0x80008a8b
       10485000	      1047	80000148	01ac0523	sb	x26,10(x24)	 x24:0x80008a81 x26:0xfffffca6 PA:0x80008a8b
       10495000	      1048	8000014c	009c0523	sb	x9,10(x24)	 x24:0x80008a81  x9:0x00000000 PA:0x80008a8b
       10505000	      1049	80000150	ff5c0f83	lb	x31,-11(x24)	 x24:0x80008a81 x31=0xffffffd3 PA:0x80008a76
       10515000	      1050	80000154	016993b3	sll	x7,x19,x22	 x19:0xffffff8d x22:0x7fff6472  x7=0xfe340000
       10525000	      1051	80000158	00bc02a3	sb	x11,5(x24)	 x24:0x80008a81 x11:0xfffffea6 PA:0x80008a86
       10535000	      1052	8000015c	020c12a3	sh	x0,37(x24)	 x24:0x80008a81  x0:0x00000000 PA:0x80008aa6
       10545000	      1053	80000160	030c02a3	sb	x16,37(x24)	 x24:0x80008a81 x16:0x76e21790 PA:0x80008aa6
       10555000	      1054	80000164	037c02a3	sb	x23,37(x24)	 x24:0x80008a81 x23:0xfffffca6 PA:0x80008aa6
       10565000	      1055	80000168	ce5c4493	xori	x9,x24,-795	 x24:0x80008a81  x9=0x7fff7664
       10575000	      1056	8000016c	9de88ab7	lui	x21,0x9de88	 x21=0x9de88000
       10585000	      1057	80000170	025c5683	lhu	x13,37(x24)	 x24:0x80008a81 x13=0x000000a6 PA:0x80008aa6
       10595000	      1058	80000174	fdac4303	lbu	x6,-38(x24)	 x24:0x80008a81  x6=0x000000b8 PA:0x80008a5b
       10605000	      1059	80000178	00009217	auipc	x4,0x9	  x4=0x80009174
       10615000	      1060	8000017c	c7320213	addi	x4,x4,-909	  x4:0x80009174  x4=0x80008de7
       10625000	      1061	80000180	ffc20883	lb	x17,-4(x4)	  x4:0x80008de7 x17=0x0000004e PA:0x80008de3
       10635000	      1062	80000184	01a214a3	sh	x26,9(x4)	  x4:0x80008de7 x26:0xfffffca6 PA:0x80008df0
       10645000	      1063	80000188	fe220fa3	sb	x2,-1(x4)	  x4:0x80008de7  x2:0x00000000 PA:0x80008de6
       10655000	      1064	8000018c	ff524483	lbu	x9,-11(x4)	  x4:0x80008de7  x9=0x000000db PA:0x80008ddc
       10665000	      1065	80000190	aaced137	lui	x2,0xaaced	  x2=0xaaced000
       10675000	      1066	80000194	013e2633	slt	x12,x28,x19	 x28:0x9d4b87b8 x19:0xffffff8d x12=0x00000001
       10685000	      1067	80000198	00920683	lb	x13,9(x4)	  x4:0x80008de7 x13=0xffffffa6 PA:0x80008df0
       10695000	      1068	8000019c	00f42033	slt	x0,x8,x15	  x8:0xcc0bf8fd x15:0xffffffda
       10705000	      1069	800001a0	00724c03	lbu	x24,7(x4)	  x4:0x80008de7 x24=0x00000096 PA:0x80008dee
       10715000	      1070	800001a4	f3f9cf93	xori	x31,x19,-193	 x19:0xffffff8d x31=0x000000b2
       10725000	      1071	800001a8	00320f83	lb	x31,3(x4)	  x4:0x80008de7 x31=0x0000007a PA:0x80008dea
       10735000	      1072	800001ac	00f24383	lbu	x7,15(x4)	  x4:0x80008de7  x7=0x00000098 PA:0x80008df6
       10745000	      1073	800001b0	ff720683	lb	x13,-9(x4)	  x4:0x80008de7 x13=0xffffffe6 PA:0x80008dde
       10755000	      1074	800001b4	01e20123	sb	x30,2(x4)	  x4:0x80008de7 x30:0xf6a4d52f PA:0x80008de9
       10765000	      1075	800001b8	41c488b3	sub	x17,x9,x28	  x9:0x000000db x28:0x9d4b87b8 x17=0x62b47923
       10775000	      1076	800001bc	015530b3	sltu	x1,x10,x21	 x10:0x80009fc4 x21:0x9de88000  x1=0x00000001
       10785000	      1077	800001c0	41485c13	srai	x24,x16,0x14	 x16:0x76e21790 x24=0x0000076e
       10795000	      1078	800001c4	41235133	sra	x2,x6,x18	  x6:0x000000b8 x18:0x00000000  x2=0x000000b8
       10805000	      1079	800001c8	a17d67b7	lui	x15,0xa17d6	 x15=0xa17d6000
       10815000	      1080	800001cc	00f20623	sb	x15,12(x4)	  x4:0x80008de7 x15:0xa17d6000 PA:0x80008df3
       10825000	      1081	800001d0	3ca95a17	auipc	x20,0x3ca95	 x20=0xbca951cc
       10835000	      1082	800001d4	00a15093	srli	x1,x2,0xa	  x2:0x000000b8  x1=0x00000000
       10845000	      1083	800001d8	5a7f3813	sltiu	x16,x30,1447	 x30:0xf6a4d52f x16=0x00000000
       10855000	      1084	800001dc	e97c2a93	slti	x21,x24,-361	 x24:0x0000076e x21=0x00000000
       10865000	      1085	800001e0	b5126f93	ori	x31,x4,-1199	  x4:0x80008de7 x31=0xfffffff7
       10875000	      1086	800001e4	0079d333	srl	x6,x19,x7	 x19:0xffffff8d  x7:0x00000098  x6=0x000000ff
       10885000	      1087	800001e8	e62a3c97	auipc	x25,0xe62a3	 x25=0x662a31e4
       10895000	      1088	800001ec	00a20883	lb	x17,10(x4)	  x4:0x80008de7 x17=0xfffffffc PA:0x80008df1
       10905000	      1089	800001f0	0077d133	srl	x2,x15,x7	 x15:0xa17d6000  x7:0x00000098  x2=0x000000a1
       10915000	      1090	800001f4	ff524483	lbu	x9,-11(x4)	  x4:0x80008de7  x9=0x000000db PA:0x80008ddc
       10925000	      1091	800001f8	0180e5b3	or	x11,x1,x24	  x1:0x00000000 x24:0x0000076e x11=0x0000076e
       10935000	      1092	800001fc	010cbfb3	sltu	x31,x25,x16	 x25:0x662a31e4 x16:0x00000000 x31=0x00000000
       10945000	      1093	80000200	01d20623	sb	x29,12(x4)	  x4:0x80008de7 x29:0x00000000 PA:0x80008df3
       10955000	      1094	80000204	ffb21ca3	sh	x27,-7(x4)	  x4:0x80008de7 x27:0x00000000 PA:0x80008de0
       10965000	      1095	80000208	001903b3	add	x7,x18,x1	 x18:0x00000000  x1:0x00000000  x7=0x00000000
       10975000	      1096	8000020c	40155bb3	sra	x23,x10,x1	 x10:0x80009fc4  x1:0x00000000 x23=0x80009fc4
       10985000	      1097	80000210	fff21a03	lh	x20,-1(x4)	  x4:0x80008de7 x20=0x00005400 PA:0x80008de6
       10995000	      1098	80000214	00b7dc13	srli	x24,x15,0xb	 x15:0xa17d6000 x24=0x00142fac
       11005000	      1099	80000218	00d20b83	lb	x23,13(x4)	  x4:0x80008de7 x23=0x0000001a PA:0x80008df4
       11015000	      1100	8000021c	babe3397	auipc	x7,0xbabe3	  x7=0x3abe3218
       11025000	      1101	80000220	ff824583	lbu	x11,-8(x4)	  x4:0x80008de7 x11=0x0000006d PA:0x80008ddf
       11035000	      1102	80000224	00024d83	lbu	x27,0(x4)	  x4:0x80008de7 x27=0x00000054 PA:0x80008de7
       11045000	      1103	80000228	0083a5b3	slt	x11,x7,x8	  x7:0x3abe3218  x8:0xcc0bf8fd x11=0x00000000
       11055000	      1104	8000022c	ffc20683	lb	x13,-4(x4)	  x4:0x80008de7 x13=0x0000004e PA:0x80008de3
       11065000	      1105	80000230	00551293	slli	x5,x10,0x5	 x10:0x80009fc4  x5=0x0013f880
       11075000	      1106	80000234	00220123	sb	x2,2(x4)	  x4:0x80008de7  x2:0x000000a1 PA:0x80008de9
       11085000	      1107	80000238	00a20423	sb	x10,8(x4)	  x4:0x80008de7 x10:0x80009fc4 PA:0x80008def
       11095000	      1108	8000023c	00000013	addi	x0,x0,0	  x0:0x00000000
       11105000	      1109	80000240	00921883	lh	x17,9(x4)	  x4:0x80008de7 x17=0xfffffca6 PA:0x80008df0
       11115000	      1110	80000244	ffe24103	lbu	x2,-2(x4)	  x4:0x80008de7  x2=0x000000d8 PA:0x80008de5
       11125000	      1111	80000248	00009317	auipc	x6,0x9	  x6=0x80009244
       11135000	      1112	8000024c	80d30313	addi	x6,x6,-2035	  x6:0x80009244  x6=0x80008a51
       11145000	      1113	80000250	00008b17	auipc	x22,0x8	 x22=0x8000824c
       11155000	      1114	80000254	7aeb0b13	addi	x22,x22,1966	 x22:0x8000824c x22=0x800089fa
       11165000	      1115	80000258	00009997	auipc	x19,0x9	 x19=0x80009254
       11175000	      1116	8000025c	8c798993	addi	x19,x19,-1849	 x19:0x80009254 x19=0x80008b1b
       11185000	      1117	80000260	fe398883	lb	x17,-29(x19)	 x19:0x80008b1b x17=0xffffffb3 PA:0x80008afe
       11195000	      1118	80000264	fe399383	lh	x7,-29(x19)	 x19:0x80008b1b  x7=0xffff9fb3 PA:0x80008afe
       11205000	      1119	80000268	fcf30aa3	sb	x15,-43(x6)	  x6:0x80008a51 x15:0xa17d6000 PA:0x80008a26
       11215000	      1120	8000026c	fff988a3	sb	x31,-15(x19)	 x19:0x80008b1b x31:0x00000000 PA:0x80008b0c
       11225000	      1121	80000270	02db0223	sb	x13,36(x22)	 x22:0x800089fa x13:0x0000004e PA:0x80008a1e
       11235000	      1122	80000274	ffb30283	lb	x5,-5(x6)	  x6:0x80008a51  x5=0xffffffe7 PA:0x80008a4c
       11245000	      1123	80000278	ff8b5183	lhu	x3,-8(x22)	 x22:0x800089fa  x3=0x00007d0e PA:0x800089f2
       11255000	      1124	8000027c	fc1b4083	lbu	x1,-63(x22)	 x22:0x800089fa  x1=0x0000005f PA:0x800089bb
       11265000	      1125	80000280	fd598423	sb	x21,-56(x19)	 x19:0x80008b1b x21:0x00000000 PA:0x80008ae3
       11275000	      1126	80000284	fe098d23	sb	x0,-6(x19)	 x19:0x80008b1b  x0:0x00000000 PA:0x80008b15
       11285000	      1127	80000288	00430b23	sb	x4,22(x6)	  x6:0x80008a51  x4:0x80008de7 PA:0x80008a67
       11295000	      1128	8000028c	027b0f83	lb	x31,39(x22)	 x22:0x800089fa x31=0xffffffd5 PA:0x80008a21
       11305000	      1129	80000290	fe834083	lbu	x1,-24(x6)	  x6:0x80008a51  x1=0x000000e1 PA:0x80008a39
       11315000	      1130	80000294	ff8980a3	sb	x24,-31(x19)	 x19:0x80008b1b x24:0x00142fac PA:0x80008afc
       11325000	      1131	80000298	02cb0403	lb	x8,44(x22)	 x22:0x800089fa  x8=0x00000000 PA:0x80008a26
       11335000	      1132	8000029c	026b5403	lhu	x8,38(x22)	 x22:0x800089fa  x8=0x0000d52e PA:0x80008a20
       11345000	      1133	800002a0	fe634583	lbu	x11,-26(x6)	  x6:0x80008a51 x11=0x00000023 PA:0x80008a37
       11355000	      1134	800002a4	01c30aa3	sb	x28,21(x6)	  x6:0x80008a51 x28:0x9d4b87b8 PA:0x80008a66
       11365000	      1135	800002a8	fec9cc03	lbu	x24,-20(x19)	 x19:0x80008b1b x24=0x0000002f PA:0x80008b07
       11375000	      1136	800002ac	ff030283	lb	x5,-16(x6)	  x6:0x80008a51  x5=0x0000007d PA:0x80008a41
       11385000	      1137	800002b0	0130e463	bltu	x1,x19,800002b8	  x1:0x000000e1 x19:0x80008b1b
       11395000	      1138	00000000	00000013	addi	x0,x0,0	  x0:0x00000000
       11405000	      1139	800002b4	00000013	addi	x0,x0,0	  x0:0x00000000
       11415000	      1140	800002b8	40b452b3	sra	x5,x8,x11	  x8:0x0000d52e x11:0x00000023  x5=0x00001aa5
       11425000	      1141	800002bc	012f1cb3	sll	x25,x30,x18	 x30:0xf6a4d52f x18:0x00000000 x25=0xf6a4d52f
       11435000	      1142	800002c0	003c26b3	slt	x13,x24,x3	 x24:0x0000002f  x3:0x00007d0e x13=0x00000001
       11445000	      1143	800002c4	07629263	bne	x5,x22,80000328	  x5:0x00001aa5 x22:0x800089fa
       11455000	      1144	00000000	00000013	addi	x0,x0,0	  x0:0x00000000
       11465000	      1145	80000324	00000013	addi	x0,x0,0	  x0:0x00000000
       11475000	      1146	80000328	92503c93	sltiu	x25,x0,-1755	  x0:0x00000000 x25=0x00000001
       11485000	      1147	8000032c	015216b3	sll	x13,x4,x21	  x4:0x80008de7 x21:0x00000000 x13=0x80008de7
       11495000	      1148	80000330	00000f17	auipc	x30,0x0	 x30=0x8000032c
       11505000	      1149	80000334	00cf0f13	addi	x30,x30,12	 x30:0x8000032c x30=0x80000338
       11515000	      1150	80000338	000f0067	jalr	x0,x30,0	 x30:0x80000338
       11525000	      1151	00000000	00000013	addi	x0,x0,0	  x0:0x00000000
       11535000	      1152	80000338	00000013	addi	x0,x0,0	  x0:0x00000000
       11545000	      1153	8000033c	00100193	addi	x3,x0,1	  x0:0x00000000  x3=0x00000001
       11555000	      1154	80000340	00000073	ecall	
       11565000	      1155	80000344	c9c4c493	xori	x9,x9,-868	  x9:0x000000db  x9=0xfffffc47
