		Time			Cycle	PC		Insn	Decoded instruction	Register and memory contents
          65000	         5	80000004	00000293	addi	x5,x0,0	  x0:0x00000000  x5=0x00000000
          75000	         6	80000008	00000313	addi	x6,x0,0	  x0:0x00000000  x6=0x00000000
          85000	         7	8000000c	00628263	beq	x5,x6,80000010	  x5:0x00000000  x6:0x00000000
          95000	         8	00000000	00000013	addi	x0,x0,0	  x0:0x00000000
         105000	         9	8000000c	00000013	addi	x0,x0,0	  x0:0x00000000
         115000	        10	80000010	00000417	auipc	x8,0x0	  x8=0x8000000c
         125000	        11	80000014	00c40413	addi	x8,x8,12	  x8:0x8000000c  x8=0x80000018
         135000	        12	80000018	00040067	jalr	x0,x8,0	  x8:0x80000018
         145000	        13	00000000	00000013	addi	x0,x0,0	  x0:0x00000000
         155000	        14	80000018	00000013	addi	x0,x0,0	  x0:0x00000000
         165000	        15	8000001c	400003b7	lui	x7,0x40000	  x7=0x40000000
         175000	        16	80000020	10038393	addi	x7,x7,256	  x7:0x40000000  x7=0x40000100
         185000	        17	80000024	00000013	addi	x0,x0,0	  x0:0x00000000
         195000	        18	80000028	0000a797	auipc	x15,0xa	 x15=0x8000a024
         205000	        19	8000002c	fa078793	addi	x15,x15,-96	 x15:0x8000a024 x15=0x80009fc4
         215000	        20	80000030	00002397	auipc	x7,0x2	  x7=0x8000202c
         225000	        21	80000034	6b438393	addi	x7,x7,1716	  x7:0x8000202c  x7=0x800026e0
         235000	        22	80000038	0013e393	ori	x7,x7,1	  x7:0x800026e0  x7=0x800026e1
         245000	        23	8000003c	00000013	addi	x0,x0,0	  x0:0x00000000
         255000	        24	80000040	00000397	auipc	x7,0x0	  x7=0x8000003c
         265000	        25	80000044	02038393	addi	x7,x7,32	  x7:0x8000003c  x7=0x8000005c
         275000	        26	80000048	00000013	addi	x0,x0,0	  x0:0x00000000
         285000	        27	8000004c	00000013	addi	x0,x0,0	  x0:0x00000000
         295000	        28	80000050	000023b7	lui	x7,0x2	  x7=0x00002000
         305000	        29	80000054	80038393	addi	x7,x7,-2048	  x7:0x00002000  x7=0x00001800
         315000	        30	80000058	00000013	addi	x0,x0,0	  x0:0x00000000
         325000	        31	8000005c	00000013	addi	x0,x0,0	  x0:0x00000000
         335000	        32	80000060	9f7a4037	lui	x0,0x9f7a4	
         345000	        33	80000064	4f000013	addi	x0,x0,1264	  x0:0x00000000
         355000	        34	80000068	800000b7	lui	x1,0x80000	  x1=0x80000000
         365000	        35	8000006c	00700113	addi	x2,x0,7	  x0:0x00000000  x2=0x00000007
         375000	        36	80000070	800001b7	lui	x3,0x80000	  x3=0x80000000
         385000	        37	80000074	00b00213	addi	x4,x0,11	  x0:0x00000000  x4=0x0000000b
         395000	        38	80000078	2b7b62b7	lui	x5,0x2b7b6	  x5=0x2b7b6000
         405000	        39	8000007c	9f828293	addi	x5,x5,-1544	  x5:0x2b7b6000  x5=0x2b7b59f8
         415000	        40	80000080	80000337	lui	x6,0x80000	  x6=0x80000000
         425000	        41	80000084	a67443b7	lui	x7,0xa6744	  x7=0xa6744000
         435000	        42	80000088	37638393	addi	x7,x7,886	  x7:0xa6744000  x7=0xa6744376
         445000	        43	8000008c	80000437	lui	x8,0x80000	  x8=0x80000000
         455000	        44	80000090	fb72e4b7	lui	x9,0xfb72e	  x9=0xfb72e000
         465000	        45	80000094	02248493	addi	x9,x9,34	  x9:0xfb72e000  x9=0xfb72e022
         475000	        46	80000098	80000537	lui	x10,0x80000	 x10=0x80000000
         485000	        47	8000009c	a44d95b7	lui	x11,0xa44d9	 x11=0xa44d9000
         495000	        48	800000a0	20e58593	addi	x11,x11,526	 x11:0xa44d9000 x11=0xa44d920e
         505000	        49	800000a4	fd64d637	lui	x12,0xfd64d	 x12=0xfd64d000
         515000	        50	800000a8	48060613	addi	x12,x12,1152	 x12:0xfd64d000 x12=0xfd64d480
         525000	        51	800000ac	800006b7	lui	x13,0x80000	 x13=0x80000000
         535000	        52	800000b0	00f00713	addi	x14,x0,15	  x0:0x00000000 x14=0x0000000f
         545000	        53	800000b4	00700813	addi	x16,x0,7	  x0:0x00000000 x16=0x00000007
         555000	        54	800000b8	800008b7	lui	x17,0x80000	 x17=0x80000000
         565000	        55	800000bc	00800913	addi	x18,x0,8	  x0:0x00000000 x18=0x00000008
         575000	        56	800000c0	00000993	addi	x19,x0,0	  x0:0x00000000 x19=0x00000000
         585000	        57	800000c4	81e48a37	lui	x20,0x81e48	 x20=0x81e48000
         595000	        58	800000c8	fb3a0a13	addi	x20,x20,-77	 x20:0x81e48000 x20=0x81e47fb3
         605000	        59	800000cc	00300a93	addi	x21,x0,3	  x0:0x00000000 x21=0x00000003
         615000	        60	800000d0	ef44fb37	lui	x22,0xef44f	 x22=0xef44f000
         625000	        61	800000d4	5e3b0b13	addi	x22,x22,1507	 x22:0xef44f000 x22=0xef44f5e3
         635000	        62	800000d8	f7346bb7	lui	x23,0xf7346	 x23=0xf7346000
         645000	        63	800000dc	f6db8b93	addi	x23,x23,-147	 x23:0xf7346000 x23=0xf7345f6d
         655000	        64	800000e0	80000c37	lui	x24,0x80000	 x24=0x80000000
         665000	        65	800000e4	7c01fcb7	lui	x25,0x7c01f	 x25=0x7c01f000
         675000	        66	800000e8	24dc8c93	addi	x25,x25,589	 x25:0x7c01f000 x25=0x7c01f24d
         685000	        67	800000ec	00700d93	addi	x27,x0,7	  x0:0x00000000 x27=0x00000007
         695000	        68	800000f0	00000e13	addi	x28,x0,0	  x0:0x00000000 x28=0x00000000
         705000	        69	800000f4	00800e93	addi	x29,x0,8	  x0:0x00000000 x29=0x00000008
         715000	        70	800000f8	fe774f37	lui	x30,0xfe774	 x30=0xfe774000
         725000	        71	800000fc	146f0f13	addi	x30,x30,326	 x30:0xfe774000 x30=0xfe774146
         735000	        72	80000100	4e4f2fb7	lui	x31,0x4e4f2	 x31=0x4e4f2000
         745000	        73	80000104	027f8f93	addi	x31,x31,39	 x31:0x4e4f2000 x31=0x4e4f2027
         755000	        74	80000108	0000ad17	auipc	x26,0xa	 x26=0x8000a104
         765000	        75	8000010c	e80d0d13	addi	x26,x26,-384	 x26:0x8000a104 x26=0x80009f84
         775000	        76	80000110	00001397	auipc	x7,0x1	  x7=0x8000110c
         785000	        77	80000114	a1c38393	addi	x7,x7,-1508	  x7:0x8000110c  x7=0x80000b28
         795000	        78	80000118	01739993	slli	x19,x7,0x17	  x7:0x80000b28 x19=0x94000000
         805000	        79	8000011c	41c35e13	srai	x28,x6,0x1c	  x6:0x80000000 x28=0xfffffff8
         815000	        80	80000120	00964ab3	xor	x21,x12,x9	 x12:0xfd64d480  x9:0xfb72e022 x21=0x061634a2
         825000	        81	80000124	00f45913	srli	x18,x8,0xf	  x8:0x80000000 x18=0x00010000
         835000	        82	80000128	d7738393	addi	x7,x7,-649	  x7:0x80000b28  x7=0x8000089f
         845000	        83	8000012c	a2336513	ori	x10,x6,-1501	  x6:0x80000000 x10=0xfffffa23
         855000	        84	80000130	a4827db7	lui	x27,0xa4827	 x27=0xa4827000
         865000	        85	80000134	4fbcbe13	sltiu	x28,x25,1275	 x25:0x7c01f24d x28=0x00000000
         875000	        86	80000138	015ecfb3	xor	x31,x29,x21	 x29:0x00000008 x21:0x061634a2 x31=0x061634aa
         885000	        87	8000013c	28a380e7	jalr	x1,x7,650	  x7:0x8000089f  x1=0x8000013c
         895000	        88	00000000	00000013	addi	x0,x0,0	  x0:0x00000000
         905000	        89	80000b28	00000013	addi	x0,x0,0	  x0:0x00000000
         915000	        90	80000b2c	00000013	addi	x0,x0,0	  x0:0x00000000
         925000	        91	80000b30	fdcd0d13	addi	x26,x26,-36	 x26:0x80009f84 x26=0x80009f60
         935000	        92	80000b34	014cce33	xor	x28,x25,x20	 x25:0x7c01f24d x20:0x81e47fb3 x28=0xfde58dfe
         945000	        93	80000b38	409f04b3	sub	x9,x30,x9	 x30:0xfe774146  x9:0xfb72e022  x9=0x03046124
         955000	        94	80000b3c	0058d9b3	srl	x19,x17,x5	 x17:0x80000000  x5:0x2b7b59f8 x19=0x00000080
         965000	        95	80000b40	001d2223	sw	x1,4(x26)	 x26:0x80009f60  x1:0x8000013c PA:0x80009f64
         975000	        96	80000b44	00000013	addi	x0,x0,0	  x0:0x00000000
         985000	        97	80000b48	00008897	auipc	x17,0x8	 x17=0x80008b44
         995000	        98	80000b4c	3fe88893	addi	x17,x17,1022	 x17:0x80008b44 x17=0x80008f42
        1005000	        99	80000b50	00008617	auipc	x12,0x8	 x12=0x80008b4c
        1015000	       100	80000b54	e5560613	addi	x12,x12,-427	 x12:0x80008b4c x12=0x800089a1
        1025000	       101	80000b58	fe460e23	sb	x4,-4(x12)	 x12:0x800089a1  x4:0x0000000b PA:0x8000899d
        1035000	       102	80000b5c	a3d88b23	sb	x29,-1482(x17)	 x17:0x80008f42 x29:0x00000008 PA:0x80008978
        1045000	       103	80000b60	00c60f03	lb	x30,12(x12)	 x12:0x800089a1 x30=0xfffffff1 PA:0x800089ad
        1055000	       104	80000b64	03860323	sb	x24,38(x12)	 x12:0x800089a1 x24:0x80000000 PA:0x800089c7
        1065000	       105	80000b68	feb609a3	sb	x11,-13(x12)	 x12:0x800089a1 x11:0xa44d920e PA:0x80008994
        1075000	       106	80000b6c	00464003	lbu	x0,4(x12)	 x12:0x800089a1 PA:0x800089a5
        1085000	       107	80000b70	df58ce83	lbu	x29,-523(x17)	 x17:0x80008f42 x29=0x000000f1 PA:0x80008d37
        1095000	       108	80000b74	02f8cc03	lbu	x24,47(x17)	 x17:0x80008f42 x24=0x00000054 PA:0x80008f71
        1105000	       109	80000b78	fc864203	lbu	x4,-56(x12)	 x12:0x800089a1  x4=0x000000d4 PA:0x80008969
        1115000	       110	80000b7c	96088503	lb	x10,-1696(x17)	 x17:0x80008f42 x10=0x0000000d PA:0x800088a2
        1125000	       111	80000b80	f488af23	sw	x8,-162(x17)	 x17:0x80008f42  x8:0x80000000 PA:0x80008ea0
        1135000	       112	80000b84	ffb61803	lh	x16,-5(x12)	 x12:0x800089a1 x16=0x00000beb PA:0x8000899c
        1145000	       113	80000b88	ff260e03	lb	x28,-14(x12)	 x12:0x800089a1 x28=0x00000058 PA:0x80008993
        1155000	       114	80000b8c	00008697	auipc	x13,0x8	 x13=0x80008b88
        1165000	       115	80000b90	0fb68693	addi	x13,x13,251	 x13:0x80008b88 x13=0x80008c83
        1175000	       116	80000b94	fee68f23	sb	x14,-2(x13)	 x13:0x80008c83 x14:0x0000000f PA:0x80008c81
        1185000	       117	80000b98	408ad733	sra	x14,x21,x8	 x21:0x061634a2  x8:0x80000000 x14=0x061634a2
        1195000	       118	80000b9c	008662b3	or	x5,x12,x8	 x12:0x800089a1  x8:0x80000000  x5=0x800089a1
        1205000	       119	80000ba0	ff668fa3	sb	x22,-1(x13)	 x13:0x80008c83 x22:0xef44f5e3 PA:0x80008c82
        1215000	       120	80000ba4	fe968f23	sb	x9,-2(x13)	 x13:0x80008c83  x9:0x03046124 PA:0x80008c81
        1225000	       121	80000ba8	ffd6c083	lbu	x1,-3(x13)	 x13:0x80008c83  x1=0x000000ef PA:0x80008c80
        1235000	       122	80000bac	00e68a83	lb	x21,14(x13)	 x13:0x80008c83 x21=0x0000006e PA:0x80008c91
        1245000	       123	80000bb0	00369a83	lh	x21,3(x13)	 x13:0x80008c83 x21=0x0000341f PA:0x80008c86
        1255000	       124	80000bb4	ff8699a3	sh	x24,-13(x13)	 x13:0x80008c83 x24:0x00000054 PA:0x80008c76
        1265000	       125	80000bb8	ffe68483	lb	x9,-2(x13)	 x13:0x80008c83  x9=0x00000024 PA:0x80008c81
        1275000	       126	80000bbc	40ea8033	sub	x0,x21,x14	 x21:0x0000341f x14:0x061634a2
        1285000	       127	80000bc0	ff96d903	lhu	x18,-7(x13)	 x13:0x80008c83 x18=0x000026e1 PA:0x80008c7c
        1295000	       128	80000bc4	0106a2a3	sw	x16,5(x13)	 x13:0x80008c83 x16:0x00000beb PA:0x80008c88
        1305000	       129	80000bc8	405cdf33	sra	x30,x25,x5	 x25:0x7c01f24d  x5:0x800089a1 x30=0x3e00f926
        1315000	       130	80000bcc	01e3f033	and	x0,x7,x30	  x7:0x8000089f x30:0x3e00f926
        1325000	       131	80000bd0	fe768d23	sb	x7,-6(x13)	 x13:0x80008c83  x7:0x8000089f PA:0x80008c7d
        1335000	       132	80000bd4	ff668903	lb	x18,-10(x13)	 x13:0x80008c83 x18=0xffffff85 PA:0x80008c79
        1345000	       133	80000bd8	b624ef93	ori	x31,x9,-1182	  x9:0x00000024 x31=0xfffffb66
        1355000	       134	80000bdc	00a68283	lb	x5,10(x13)	 x13:0x80008c83  x5=0x0000002b PA:0x80008c8d
        1365000	       135	80000be0	0126a0a3	sw	x18,1(x13)	 x13:0x80008c83 x18:0xffffff85 PA:0x80008c84
        1375000	       136	80000be4	ff468c83	lb	x25,-12(x13)	 x13:0x80008c83 x25=0x00000000 PA:0x80008c77
        1385000	       137	80000be8	005a1db3	sll	x27,x20,x5	 x20:0x81e47fb3  x5:0x0000002b x27=0x23fd9800
        1395000	       138	80000bec	0086c583	lbu	x11,8(x13)	 x13:0x80008c83 x11=0x00000000 PA:0x80008c8b
        1405000	       139	80000bf0	0046cc83	lbu	x25,4(x13)	 x13:0x80008c83 x25=0x000000ff PA:0x80008c87
        1415000	       140	80000bf4	ff76d483	lhu	x9,-9(x13)	 x13:0x80008c83  x9=0x0000572b PA:0x80008c7a
        1425000	       141	80000bf8	01068723	sb	x16,14(x13)	 x13:0x80008c83 x16:0x00000beb PA:0x80008c91
        1435000	       142	80000bfc	01abecb3	or	x25,x23,x26	 x23:0xf7345f6d x26:0x80009f60 x25=0xf734df6d
        1445000	       143	80000c00	40abdfb3	sra	x31,x23,x10	 x23:0xf7345f6d x10:0x0000000d x31=0xffffb9a2
        1455000	       144	80000c04	ff769b03	lh	x22,-9(x13)	 x13:0x80008c83 x22=0x0000572b PA:0x80008c7a
        1465000	       145	80000c08	002690a3	sh	x2,1(x13)	 x13:0x80008c83  x2:0x00000007 PA:0x80008c84
        1475000	       146	80000c0c	01e5d893	srli	x17,x11,0x1e	 x11:0x00000000 x17=0x00000000
        1485000	       147	80000c10	406059b3	sra	x19,x0,x6	  x0:0x00000000  x6:0x80000000 x19=0x00000000
        1495000	       148	80000c14	ff368003	lb	x0,-13(x13)	 x13:0x80008c83 PA:0x80008c76
        1505000	       149	80000c18	ff868383	lb	x7,-8(x13)	 x13:0x80008c83  x7=0x00000057 PA:0x80008c7b
        1515000	       150	00000000	00000013	addi	x0,x0,0	  x0:0x00000000
        1525000	       151	80000c1c	00769b83	lh	x23,7(x13)	 x13:0x80008c83 x23=0x00000000 PA:0x80008c8a
        1535000	       152	80000c20	00a6ca83	lbu	x21,10(x13)	 x13:0x80008c83 x21=0x0000002b PA:0x80008c8d
        1545000	       153	80000c24	ffe68583	lb	x11,-2(x13)	 x13:0x80008c83 x11=0x00000024 PA:0x80008c81
        1555000	       154	80000c28	ffd6c103	lbu	x2,-3(x13)	 x13:0x80008c83  x2=0x000000ef PA:0x80008c80
        1565000	       155	80000c2c	00008c97	auipc	x25,0x8	 x25=0x80008c28
        1575000	       156	80000c30	c04c8c93	addi	x25,x25,-1020	 x25:0x80008c28 x25=0x8000882c
        1585000	       157	80000c34	036c9b83	lh	x23,54(x25)	 x25:0x8000882c x23=0xffffb91c PA:0x80008862
        1595000	       158	80000c38	00e54fb3	xor	x31,x10,x14	 x10:0x0000000d x14:0x061634a2 x31=0x061634af
        1605000	       159	80000c3c	00fc8683	lb	x13,15(x25)	 x25:0x8000882c x13=0x0000002a PA:0x8000883b
        1615000	       160	80000c40	010c88a3	sb	x16,17(x25)	 x25:0x8000882c x16:0x00000beb PA:0x8000883d
        1625000	       161	80000c44	000c88a3	sb	x0,17(x25)	 x25:0x8000882c  x0:0x00000000 PA:0x8000883d
        1635000	       162	80000c48	011cc983	lbu	x19,17(x25)	 x25:0x8000882c x19=0x00000000 PA:0x8000883d
        1645000	       163	80000c4c	001e8f33	add	x30,x29,x1	 x29:0x000000f1  x1:0x000000ef x30=0x000001e0
        1655000	       164	80000c50	015c88a3	sb	x21,17(x25)	 x25:0x8000882c x21:0x0000002b PA:0x8000883d
        1665000	       165	80000c54	00c63eb3	sltu	x29,x12,x12	 x12:0x800089a1 x12:0x800089a1 x29=0x00000000
        1675000	       166	80000c58	011c8803	lb	x16,17(x25)	 x25:0x8000882c x16=0x0000002b PA:0x8000883d
        1685000	       167	80000c5c	002c88a3	sb	x2,17(x25)	 x25:0x8000882c  x2:0x000000ef PA:0x8000883d
        1695000	       168	80000c60	00ecda13	srli	x20,x25,0xe	 x25:0x8000882c x20=0x00020002
        1705000	       169	80000c64	011cc083	lbu	x1,17(x25)	 x25:0x8000882c  x1=0x000000ef PA:0x8000883d
        1715000	       170	80000c68	011cc683	lbu	x13,17(x25)	 x25:0x8000882c x13=0x000000ef PA:0x8000883d
        1725000	       171	80000c6c	40f7d233	sra	x4,x15,x15	 x15:0x80009fc4 x15:0x80009fc4  x4=0xf80009fc
        1735000	       172	80000c70	011c8183	lb	x3,17(x25)	 x25:0x8000882c  x3=0xffffffef PA:0x8000883d
        1745000	       173	80000c74	011cc803	lbu	x16,17(x25)	 x25:0x8000882c x16=0x000000ef PA:0x8000883d
        1755000	       174	80000c78	d3b22f13	slti	x30,x4,-709	  x4:0xf80009fc x30=0x00000001
        1765000	       175	80000c7c	019c88a3	sb	x25,17(x25)	 x25:0x8000882c x25:0x8000882c PA:0x8000883d
        1775000	       176	80000c80	00008117	auipc	x2,0x8	  x2=0x80008c7c
        1785000	       177	80000c84	f2f10113	addi	x2,x2,-209	  x2:0x80008c7c  x2=0x80008bab
        1795000	       178	80000c88	3f2128a3	sw	x18,1009(x2)	  x2:0x80008bab x18:0xffffff85 PA:0x80008f9c
        1805000	       179	80000c8c	010cfc33	and	x24,x25,x16	 x25:0x8000882c x16:0x000000ef x24=0x0000002c
        1815000	       180	80000c90	6cfacf93	xori	x31,x21,1743	 x21:0x0000002b x31=0x000006e4
        1825000	       181	80000c94	3f112e03	lw	x28,1009(x2)	  x2:0x80008bab x28=0xffffff85 PA:0x80008f9c
        1835000	       182	80000c98	3e2108a3	sb	x2,1009(x2)	  x2:0x80008bab  x2:0x80008bab PA:0x80008f9c
        1845000	       183	80000c9c	b91a0313	addi	x6,x20,-1135	 x20:0x00020002  x6=0x0001fb93
        1855000	       184	80000ca0	3f111d83	lh	x27,1009(x2)	  x2:0x80008bab x27=0xffffffab PA:0x80008f9c
        1865000	       185	80000ca4	ec410483	lb	x9,-316(x2)	  x2:0x80008bab  x9=0x00000012 PA:0x80008a6f
        1875000	       186	80000ca8	f6cf7a97	auipc	x21,0xf6cf7	 x21=0x76cf7ca4
        1885000	       187	80000cac	ec410c83	lb	x25,-316(x2)	  x2:0x80008bab x25=0x00000012 PA:0x80008a6f
        1895000	       188	80000cb0	edf10223	sb	x31,-316(x2)	  x2:0x80008bab x31:0x000006e4 PA:0x80008a6f
        1905000	       189	80000cb4	ec010223	sb	x0,-316(x2)	  x2:0x80008bab  x0:0x00000000 PA:0x80008a6f
        1915000	       190	80000cb8	00919393	slli	x7,x3,0x9	  x3:0xffffffef  x7=0xffffde00
        1925000	       191	80000cbc	ec410803	lb	x16,-316(x2)	  x2:0x80008bab x16=0x00000000 PA:0x80008a6f
        1935000	       192	80000cc0	ec414803	lbu	x16,-316(x2)	  x2:0x80008bab x16=0x00000000 PA:0x80008a6f
        1945000	       193	80000cc4	ec414703	lbu	x14,-316(x2)	  x2:0x80008bab x14=0x00000000 PA:0x80008a6f
        1955000	       194	80000cc8	ec414c83	lbu	x25,-316(x2)	  x2:0x80008bab x25=0x00000000 PA:0x80008a6f
        1965000	       195	80000ccc	ecf10223	sb	x15,-316(x2)	  x2:0x80008bab x15:0x80009fc4 PA:0x80008a6f
        1975000	       196	80000cd0	b12cf913	andi	x18,x25,-1262	 x25:0x00000000 x18=0x00000000
        1985000	       197	80000cd4	00508eb3	add	x29,x1,x5	  x1:0x000000ef  x5:0x0000002b x29=0x0000011a
        1995000	       198	80000cd8	ec414b83	lbu	x23,-316(x2)	  x2:0x80008bab x23=0x000000c4 PA:0x80008a6f
        2005000	       199	80000cdc	edb10223	sb	x27,-316(x2)	  x2:0x80008bab x27:0xffffffab PA:0x80008a6f
        2015000	       200	80000ce0	00008897	auipc	x17,0x8	 x17=0x80008cdc
        2025000	       201	80000ce4	22c88893	addi	x17,x17,556	 x17:0x80008cdc x17=0x80008f08
        2035000	       202	80000ce8	00008917	auipc	x18,0x8	 x18=0x80008ce4
        2045000	       203	80000cec	e4d90913	addi	x18,x18,-435	 x18:0x80008ce4 x18=0x80008b31
        2055000	       204	80000cf0	39e907a3	sb	x30,911(x18)	 x18:0x80008b31 x30:0x00000001 PA:0x80008ec0
        2065000	       205	80000cf4	00008497	auipc	x9,0x8	  x9=0x80008cf0
        2075000	       206	80000cf8	b7648493	addi	x9,x9,-1162	  x9:0x80008cf0  x9=0x80008866
        2085000	       207	80000cfc	72648c23	sb	x6,1848(x9)	  x9:0x80008866  x6:0x0001fb93 PA:0x80008f9e
        2095000	       208	80000d00	fee8aa23	sw	x14,-12(x17)	 x17:0x80008f08 x14:0x00000000 PA:0x80008efc
        2105000	       209	80000d04	14d4c703	lbu	x14,333(x9)	  x9:0x80008866 x14=0x00000012 PA:0x800089b3
        2115000	       210	80000d08	df0900a3	sb	x16,-543(x18)	 x18:0x80008b31 x16:0x00000000 PA:0x80008912
        2125000	       211	80000d0c	4834ce83	lbu	x29,1155(x9)	  x9:0x80008866 x29=0x00000066 PA:0x80008ce9
        2135000	       212	80000d10	e2390803	lb	x16,-477(x18)	 x18:0x80008b31 x16=0xffffffbe PA:0x80008954
        2145000	       213	80000d14	f9391ca3	sh	x19,-103(x18)	 x18:0x80008b31 x19:0x00000000 PA:0x80008aca
        2155000	       214	80000d18	ff48c183	lbu	x3,-12(x17)	 x17:0x80008f08  x3=0x00000000 PA:0x80008efc
        2165000	       215	80000d1c	ff188a83	lb	x21,-15(x17)	 x17:0x80008f08 x21=0xffffff92 PA:0x80008ef9
        2175000	       216	80000d20	f1f90923	sb	x31,-238(x18)	 x18:0x80008b31 x31:0x000006e4 PA:0x80008a43
        2185000	       217	80000d24	00288003	lb	x0,2(x17)	 x17:0x80008f08 PA:0x80008f0a
        2195000	       218	80000d28	36849083	lh	x1,872(x9)	  x9:0x80008866  x1=0x00005c93 PA:0x80008bce
        2205000	       219	80000d2c	00c8ce83	lbu	x29,12(x17)	 x17:0x80008f08 x29=0x000000da PA:0x80008f14
        2215000	       220	80000d30	42449b83	lh	x23,1060(x9)	  x9:0x80008866 x23=0x00000000 PA:0x80008c8a
        2225000	       221	80000d34	cfb92da3	sw	x27,-773(x18)	 x18:0x80008b31 x27:0xffffffab PA:0x8000882c
        2235000	       222	80000d38	fe588ca3	sb	x5,-7(x17)	 x17:0x80008f08  x5:0x0000002b PA:0x80008f01
        2245000	       223	80000d3c	2c795983	lhu	x19,711(x18)	 x18:0x80008b31 x19=0x00000a2f PA:0x80008df8
        2255000	       224	80000d40	0df4c083	lbu	x1,223(x9)	  x9:0x80008866  x1=0x000000f7 PA:0x80008945
        2265000	       225	80000d44	00689503	lh	x10,6(x17)	 x17:0x80008f08 x10=0xffffe768 PA:0x80008f0e
        2275000	       226	80000d48	f5195203	lhu	x4,-175(x18)	 x18:0x80008b31  x4=0x000085c8 PA:0x80008a82
        2285000	       227	80000d4c	ff18c383	lbu	x7,-15(x17)	 x17:0x80008f08  x7=0x00000092 PA:0x80008ef9
        2295000	       228	80000d50	fef88ea3	sb	x15,-3(x17)	 x17:0x80008f08 x15:0x80009fc4 PA:0x80008f05
        2305000	       229	80000d54	0ec49e83	lh	x29,236(x9)	  x9:0x80008866 x29=0x00002494 PA:0x80008952
        2315000	       230	80000d58	0108db83	lhu	x23,16(x17)	 x17:0x80008f08 x23=0x0000ee5e PA:0x80008f18
        2325000	       231	80000d5c	00007e17	auipc	x28,0x7	 x28=0x80007d58
        2335000	       232	80000d60	44ae0e13	addi	x28,x28,1098	 x28:0x80007d58 x28=0x800081a2
        2345000	       233	80000d64	00007717	auipc	x14,0x7	 x14=0x80007d60
        2355000	       234	80000d68	47f70713	addi	x14,x14,1151	 x14:0x80007d60 x14=0x800081df
        2365000	       235	80000d6c	0de70083	lb	x1,222(x14)	 x14:0x800081df  x1=0xffffffe2 PA:0x800082bd
        2375000	       236	80000d70	0a870003	lb	x0,168(x14)	 x14:0x800081df PA:0x80008287
        2385000	       237	80000d74	04f75a03	lhu	x20,79(x14)	 x14:0x800081df x20=0x0000f354 PA:0x8000822e
        2395000	       238	80000d78	00007997	auipc	x19,0x7	 x19=0x80007d74
        2405000	       239	80000d7c	7c998993	addi	x19,x19,1993	 x19:0x80007d74 x19=0x8000853d
        2415000	       240	80000d80	0009cb03	lbu	x22,0(x19)	 x19:0x8000853d x22=0x0000009d PA:0x8000853d
        2425000	       241	80000d84	00008f97	auipc	x31,0x8	 x31=0x80008d80
        2435000	       242	80000d88	87af8f93	addi	x31,x31,-1926	 x31:0x80008d80 x31=0x800085fa
        2445000	       243	80000d8c	051e0c83	lb	x25,81(x28)	 x28:0x800081a2 x25=0x00000060 PA:0x800081f3
        2455000	       244	80000d90	ff3fa923	sw	x19,-14(x31)	 x31:0x800085fa x19:0x8000853d PA:0x800085ec
        2465000	       245	80000d94	ff5e0b03	lb	x22,-11(x28)	 x28:0x800081a2 x22=0xfffffff4 PA:0x80008197
        2475000	       246	80000d98	01e71aa3	sh	x30,21(x14)	 x14:0x800081df x30:0x00000001 PA:0x800081f4
        2485000	       247	80000d9c	07171003	lh	x0,113(x14)	 x14:0x800081df PA:0x80008250
        2495000	       248	80000da0	ff8f9103	lh	x2,-8(x31)	 x31:0x800085fa  x2=0x00005a51 PA:0x800085f2
        2505000	       249	80000da4	00098023	sb	x0,0(x19)	 x19:0x8000853d  x0:0x00000000 PA:0x8000853d
        2515000	       250	80000da8	0dee2303	lw	x6,222(x28)	 x28:0x800081a2  x6=0x743dbc9d PA:0x80008280
        2525000	       251	80000dac	feb74003	lbu	x0,-21(x14)	 x14:0x800081df PA:0x800081ca
        2535000	       252	80000db0	004fdc83	lhu	x25,4(x31)	 x31:0x800085fa x25=0x0000416c PA:0x800085fe
        2545000	       253	80000db4	0f4e5f03	lhu	x30,244(x28)	 x28:0x800081a2 x30=0x0000616e PA:0x80008296
        2555000	       254	80000db8	fa8e0fa3	sb	x8,-65(x28)	 x28:0x800081a2  x8:0x80000000 PA:0x80008161
        2565000	       255	80000dbc	00007517	auipc	x10,0x7	 x10=0x80007db8
        2575000	       256	80000dc0	38850513	addi	x10,x10,904	 x10:0x80007db8 x10=0x80008140
        2585000	       257	80000dc4	ff4fc283	lbu	x5,-12(x31)	 x31:0x800085fa  x5=0x00000000 PA:0x800085ee
        2595000	       258	80000dc8	04e74083	lbu	x1,78(x14)	 x14:0x800081df  x1=0x000000ce PA:0x8000822d
        2605000	       259	80000dcc	5b154a03	lbu	x20,1457(x10)	 x10:0x80008140 x20=0x000000ef PA:0x800086f1
        2615000	       260	80000dd0	100e5803	lhu	x16,256(x28)	 x28:0x800081a2 x16=0x00000624 PA:0x800082a2
        2625000	       261	80000dd4	002f8183	lb	x3,2(x31)	 x31:0x800085fa  x3=0x0000007c PA:0x800085fc
        2635000	       262	80000dd8	0019d003	lhu	x0,1(x19)	 x19:0x8000853d PA:0x8000853e
        2645000	       263	80000ddc	5f450083	lb	x1,1524(x10)	 x10:0x80008140  x1=0x00000054 PA:0x80008734
        2655000	       264	80000de0	012980a3	sb	x18,1(x19)	 x19:0x8000853d x18:0x80008b31 PA:0x8000853e
        2665000	       265	80000de4	5e655283	lhu	x5,1510(x10)	 x10:0x80008140  x5=0x0000b09c PA:0x80008726
        2675000	       266	80000de8	ff39da03	lhu	x20,-13(x19)	 x19:0x8000853d x20=0x0000f27e PA:0x80008530
        2685000	       267	80000dec	075e0a83	lb	x21,117(x28)	 x28:0x800081a2 x21=0xffffffe7 PA:0x80008217
        2695000	       268	80000df0	28a54f03	lbu	x30,650(x10)	 x10:0x80008140 x30=0x000000c3 PA:0x800083ca
        2705000	       269	80000df4	ff9f8083	lb	x1,-7(x31)	 x31:0x800085fa  x1=0x0000005a PA:0x800085f3
        2715000	       270	80000df8	fe2e0f23	sb	x2,-2(x28)	 x28:0x800081a2  x2:0x00005a51 PA:0x800081a0
        2725000	       271	80000dfc	f5154603	lbu	x12,-175(x10)	 x10:0x80008140 x12=0x00000067 PA:0x80008091
        2735000	       272	80000e00	ff5f8d83	lb	x27,-11(x31)	 x31:0x800085fa x27=0xffffff80 PA:0x800085ef
        2745000	       273	80000e04	f4670c83	lb	x25,-186(x14)	 x14:0x800081df x25=0xffffffcc PA:0x80008125
        2755000	       274	80000e08	fbb75083	lhu	x1,-69(x14)	 x14:0x800081df  x1=0x00003737 PA:0x8000819a
        2765000	       275	80000e0c	2dc50603	lb	x12,732(x10)	 x10:0x80008140 x12=0x00000067 PA:0x8000841c
        2775000	       276	80000e10	f5770923	sb	x23,-174(x14)	 x14:0x800081df x23:0x0000ee5e PA:0x80008131
        2785000	       277	80000e14	00007617	auipc	x12,0x7	 x12=0x80007e10
        2795000	       278	80000e18	65260613	addi	x12,x12,1618	 x12:0x80007e10 x12=0x80008462
        2805000	       279	80000e1c	01f11d93	slli	x27,x2,0x1f	  x2:0x00005a51 x27=0x80000000
        2815000	       280	80000e20	416205b3	sub	x11,x4,x22	  x4:0x000085c8 x22:0xfffffff4 x11=0x000085d4
        2825000	       281	80000e24	27560d83	lb	x27,629(x12)	 x12:0x80008462 x27=0xfffffff0 PA:0x800086d7
        2835000	       282	80000e28	04760583	lb	x11,71(x12)	 x12:0x80008462 x11=0x0000005f PA:0x800084a9
        2845000	       283	80000e2c	00135c93	srli	x25,x6,0x1	  x6:0x743dbc9d x25=0x3a1ede4e
        2855000	       284	80000e30	d3660ea3	sb	x22,-707(x12)	 x12:0x80008462 x22:0xfffffff4 PA:0x8000819f
        2865000	       285	80000e34	48aac813	xori	x16,x21,1162	 x21:0xffffffe7 x16=0xfffffb6d
        2875000	       286	80000e38	d9e65b03	lhu	x22,-610(x12)	 x12:0x80008462 x22=0x000019ed PA:0x80008200
        2885000	       287	80000e3c	e8560983	lb	x19,-379(x12)	 x12:0x80008462 x19=0xffffffb9 PA:0x800082e7
        2895000	       288	80000e40	c2260da3	sb	x2,-965(x12)	 x12:0x80008462  x2:0x00005a51 PA:0x8000809d
        2905000	       289	80000e44	23861d83	lh	x27,568(x12)	 x12:0x80008462 x27=0x0000296c PA:0x8000869a
        2915000	       290	80000e48	d8b64e03	lbu	x28,-629(x12)	 x12:0x80008462 x28=0x000000ae PA:0x800081ed
        2925000	       291	00000000	00000013	addi	x0,x0,0	  x0:0x00000000
        2935000	       292	80000e4c	2dc61b23	sh	x28,726(x12)	 x12:0x80008462 x28:0x000000ae PA:0x80008738
        2945000	       293	80000e50	d1c604a3	sb	x28,-759(x12)	 x12:0x80008462 x28:0x000000ae PA:0x8000816b
        2955000	       294	80000e54	011ff0b3	and	x1,x31,x17	 x31:0x800085fa x17:0x80008f08  x1=0x80008508
        2965000	       295	80000e58	f1f60c83	lb	x25,-225(x12)	 x12:0x80008462 x25=0x0000005b PA:0x80008381
        2975000	       296	80000e5c	0f060003	lb	x0,240(x12)	 x12:0x80008462 PA:0x80008552
        2985000	       297	80000e60	f9f60c03	lb	x24,-97(x12)	 x12:0x80008462 x24=0xfffffffa PA:0x80008401
        2995000	       298	80000e64	00ee39b3	sltu	x19,x28,x14	 x28:0x000000ae x14:0x800081df x19=0x00000001
        3005000	       299	80000e68	19861f83	lh	x31,408(x12)	 x12:0x80008462 x31=0x000025c7 PA:0x800085fa
        3015000	       300	80000e6c	0bb61323	sh	x27,166(x12)	 x12:0x80008462 x27:0x0000296c PA:0x80008508
        3025000	       301	80000e70	00000013	addi	x0,x0,0	  x0:0x00000000
        3035000	       302	80000e74	451dc493	xori	x9,x27,1105	 x27:0x0000296c  x9=0x00002d3d
        3045000	       303	80000e78	cb360ba3	sb	x19,-841(x12)	 x12:0x80008462 x19:0x00000001 PA:0x80008119
        3055000	       304	80000e7c	901e6d93	ori	x27,x28,-1791	 x28:0x000000ae x27=0xfffff9af
        3065000	       305	80000e80	09662723	sw	x22,142(x12)	 x12:0x80008462 x22:0x000019ed PA:0x800084f0
        3075000	       306	80000e84	1d064b03	lbu	x22,464(x12)	 x12:0x80008462 x22=0x0000001c PA:0x80008632
        3085000	       307	80000e88	01760b83	lb	x23,23(x12)	 x12:0x80008462 x23=0xffffffa3 PA:0x80008479
        3095000	       308	80000e8c	05e60683	lb	x13,94(x12)	 x12:0x80008462 x13=0x0000000b PA:0x800084c0
        3105000	       309	80000e90	c2661823	sh	x6,-976(x12)	 x12:0x80008462  x6:0x743dbc9d PA:0x80008092
        3115000	       310	80000e94	6b3a2593	slti	x11,x20,1715	 x20:0x0000f27e x11=0x00000000
        3125000	       311	80000e98	005e5c93	srli	x25,x28,0x5	 x28:0x000000ae x25=0x00000005
        3135000	       312	80000e9c	e4d64f83	lbu	x31,-435(x12)	 x12:0x80008462 x31=0x000000f1 PA:0x800082af
        3145000	       313	80000ea0	df960d23	sb	x25,-518(x12)	 x12:0x80008462 x25:0x00000005 PA:0x8000825c
        3155000	       314	80000ea4	f7f60b03	lb	x22,-129(x12)	 x12:0x80008462 x22=0xfffffff4 PA:0x800083e1
        3165000	       315	00000000	00000013	addi	x0,x0,0	  x0:0x00000000
        3175000	       316	80000ea8	416d8f33	sub	x30,x27,x22	 x27:0xfffff9af x22:0xfffffff4 x30=0xfffff9bb
        3185000	       317	80000eac	16d60a03	lb	x20,365(x12)	 x12:0x80008462 x20=0x00000017 PA:0x800085cf
        3195000	       318	80000eb0	01e603b3	add	x7,x12,x30	 x12:0x80008462 x30:0xfffff9bb  x7=0x80007e1d
        3205000	       319	80000eb4	13560c83	lb	x25,309(x12)	 x12:0x80008462 x25=0x00000040 PA:0x80008597
        3215000	       320	80000eb8	c220ca93	xori	x21,x1,-990	  x1:0x80008508 x21=0x7fff792a
        3225000	       321	80000ebc	3665a513	slti	x10,x11,870	 x11:0x00000000 x10=0x00000001
        3235000	       322	80000ec0	006ffe33	and	x28,x31,x6	 x31:0x000000f1  x6:0x743dbc9d x28=0x00000091
        3245000	       323	80000ec4	f3960ca3	sb	x25,-199(x12)	 x12:0x80008462 x25:0x00000040 PA:0x8000839b
        3255000	       324	80000ec8	00000013	addi	x0,x0,0	  x0:0x00000000
        3265000	       325	80000ecc	409f5293	srai	x5,x30,0x9	 x30:0xfffff9bb  x5=0xfffffffc
        3275000	       326	80000ed0	37e64b03	lbu	x22,894(x12)	 x12:0x80008462 x22=0x00000036 PA:0x800087e0
        3285000	       327	80000ed4	eb93e893	ori	x17,x7,-327	  x7:0x80007e1d x17=0xfffffebd
        3295000	       328	80000ed8	40655133	sra	x2,x10,x6	 x10:0x00000001  x6:0x743dbc9d  x2=0x00000000
        3305000	       329	80000edc	8ae1f593	andi	x11,x3,-1874	  x3:0x0000007c x11=0x0000002c
        3315000	       330	80000ee0	fbf604a3	sb	x31,-87(x12)	 x12:0x80008462 x31:0x000000f1 PA:0x8000840b
        3325000	       331	80000ee4	00007217	auipc	x4,0x7	  x4=0x80007ee0
        3335000	       332	80000ee8	34d20213	addi	x4,x4,845	  x4:0x80007ee0  x4=0x8000822d
        3345000	       333	80000eec	f3721f03	lh	x30,-201(x4)	  x4:0x8000822d x30=0xffffab8f PA:0x80008164
        3355000	       334	80000ef0	fb420223	sb	x20,-92(x4)	  x4:0x8000822d x20:0x00000017 PA:0x800081d1
        3365000	       335	80000ef4	fb820223	sb	x24,-92(x4)	  x4:0x8000822d x24:0xfffffffa PA:0x800081d1
        3375000	       336	80000ef8	00000013	addi	x0,x0,0	  x0:0x00000000
        3385000	       337	80000efc	fb120223	sb	x17,-92(x4)	  x4:0x8000822d x17:0xfffffebd PA:0x800081d1
        3395000	       338	80000f00	fa424003	lbu	x0,-92(x4)	  x4:0x8000822d PA:0x800081d1
        3405000	       339	80000f04	fb020223	sb	x16,-92(x4)	  x4:0x8000822d x16:0xfffffb6d PA:0x800081d1
        3415000	       340	80000f08	54d57e97	auipc	x29,0x54d57	 x29=0xd4d57f04
        3425000	       341	80000f0c	02e20083	lb	x1,46(x4)	  x4:0x8000822d  x1=0xffffffb6 PA:0x8000825b
        3435000	       342	80000f10	02e24f03	lbu	x30,46(x4)	  x4:0x8000822d x30=0x000000b6 PA:0x8000825b
        3445000	       343	80000f14	02e20183	lb	x3,46(x4)	  x4:0x8000822d  x3=0xffffffb6 PA:0x8000825b
        3455000	       344	80000f18	22f2a013	slti	x0,x5,559	  x5:0xfffffffc
        3465000	       345	80000f1c	01bbe1b3	or	x3,x23,x27	 x23:0xffffffa3 x27:0xfffff9af  x3=0xffffffaf
        3475000	       346	80000f20	03420723	sb	x20,46(x4)	  x4:0x8000822d x20:0x00000017 PA:0x8000825b
        3485000	       347	80000f24	02e24983	lbu	x19,46(x4)	  x4:0x8000822d x19=0x00000017 PA:0x8000825b
        3495000	       348	80000f28	04120023	sb	x1,64(x4)	  x4:0x8000822d  x1:0xffffffb6 PA:0x8000826d
        3505000	       349	80000f2c	04020683	lb	x13,64(x4)	  x4:0x8000822d x13=0xffffffb6 PA:0x8000826d
        3515000	       350	80000f30	017c2c33	slt	x24,x24,x23	 x24:0xfffffffa x23:0xffffffa3 x24=0x00000000
        3525000	       351	80000f34	edddc693	xori	x13,x27,-291	 x27:0xfffff9af x13=0x00000772
        3535000	       352	80000f38	04024583	lbu	x11,64(x4)	  x4:0x8000822d x11=0x000000b6 PA:0x8000826d
        3545000	       353	80000f3c	05c20023	sb	x28,64(x4)	  x4:0x8000822d x28:0x00000091 PA:0x8000826d
        3555000	       354	80000f40	f06205a3	sb	x6,-245(x4)	  x4:0x8000822d  x6:0x743dbc9d PA:0x80008138
        3565000	       355	80000f44	f0b25003	lhu	x0,-245(x4)	  x4:0x8000822d PA:0x80008138
        3575000	       356	80000f48	22125bb7	lui	x23,0x22125	 x23=0x22125000
        3585000	       357	80000f4c	02e20903	lb	x18,46(x4)	  x4:0x8000822d x18=0x00000017 PA:0x8000825b
        3595000	       358	80000f50	0cc20623	sb	x12,204(x4)	  x4:0x8000822d x12:0x80008462 PA:0x800082f9
        3605000	       359	80000f54	ffd24683	lbu	x13,-3(x4)	  x4:0x8000822d x13=0x00000013 PA:0x8000822a
        3615000	       360	80000f58	00007a17	auipc	x20,0x7	 x20=0x80007f54
        3625000	       361	80000f5c	79ca0a13	addi	x20,x20,1948	 x20:0x80007f54 x20=0x800086f0
        3635000	       362	80000f60	0143ceb3	xor	x29,x7,x20	  x7:0x80007e1d x20:0x800086f0 x29=0x0000f8ed
        3645000	       363	80000f64	df6a5c03	lhu	x24,-522(x20)	 x20:0x800086f0 x24=0x00007542 PA:0x800084e6
        3655000	       364	00000000	00000013	addi	x0,x0,0	  x0:0x00000000
        3665000	       365	80000f68	0187dc13	srli	x24,x15,0x18	 x15:0x80009fc4 x24=0x00000080
        3675000	       366	80000f6c	e04a0ba3	sb	x4,-489(x20)	 x20:0x800086f0  x4:0x8000822d PA:0x80008507
        3685000	       367	80000f70	0092f933	and	x18,x5,x9	  x5:0xfffffffc  x9:0x00002d3d x18=0x00002d3c
        3695000	       368	80000f74	980a1383	lh	x7,-1664(x20)	 x20:0x800086f0  x7=0xffffc546 PA:0x80008070
        3705000	       369	80000f78	40598533	sub	x10,x19,x5	 x19:0x00000017  x5:0xfffffffc x10=0x0000001b
        3715000	       370	80000f7c	409f0e33	sub	x28,x30,x9	 x30:0x000000b6  x9:0x00002d3d x28=0xffffd379
        3725000	       371	80000f80	f73a0da3	sb	x19,-133(x20)	 x20:0x800086f0 x19:0x00000017 PA:0x8000866b
        3735000	       372	80000f84	00b13c33	sltu	x24,x2,x11	  x2:0x00000000 x11:0x000000b6 x24=0x00000001
        3745000	       373	80000f88	10fa0603	lb	x12,271(x20)	 x20:0x800086f0 x12=0xffffffae PA:0x800087ff
        3755000	       374	80000f8c	0161cc33	xor	x24,x3,x22	  x3:0xffffffaf x22:0x00000036 x24=0xffffff99
        3765000	       375	80000f90	0049ebb3	or	x23,x19,x4	 x19:0x00000017  x4:0x8000822d x23=0x8000823f
        3775000	       376	80000f94	ca5a0b23	sb	x5,-842(x20)	 x20:0x800086f0  x5:0xfffffffc PA:0x800083a6
        3785000	       377	80000f98	9b6a02a3	sb	x22,-1627(x20)	 x20:0x800086f0 x22:0x00000036 PA:0x80008095
        3795000	       378	80000f9c	5cc1ef97	auipc	x31,0x5cc1e	 x31=0xdcc1ef98
        3805000	       379	80000fa0	0064d3b3	srl	x7,x9,x6	  x9:0x00002d3d  x6:0x743dbc9d  x7=0x00000000
        3815000	       380	80000fa4	01052333	slt	x6,x10,x16	 x10:0x0000001b x16:0xfffffb6d  x6=0x00000000
        3825000	       381	80000fa8	a5ba01a3	sb	x27,-1469(x20)	 x20:0x800086f0 x27:0xfffff9af PA:0x80008133
        3835000	       382	80000fac	97b6ac13	slti	x24,x13,-1669	 x13:0x00000013 x24=0x00000000
        3845000	       383	80000fb0	405cdfb3	sra	x31,x25,x5	 x25:0x00000040  x5:0xfffffffc x31=0x00000000
        3855000	       384	80000fb4	ca42ae93	slti	x29,x5,-860	  x5:0xfffffffc x29=0x00000000
        3865000	       385	80000fb8	4192df13	srai	x30,x5,0x19	  x5:0xfffffffc x30=0xffffffff
        3875000	       386	80000fbc	d9ea2823	sw	x30,-624(x20)	 x20:0x800086f0 x30:0xffffffff PA:0x80008480
        3885000	       387	80000fc0	ebfa0383	lb	x7,-321(x20)	 x20:0x800086f0  x7=0x0000003d PA:0x800085af
        3895000	       388	80000fc4	eaba4a83	lbu	x21,-341(x20)	 x20:0x800086f0 x21=0x000000df PA:0x8000859b
        3905000	       389	80000fc8	beda1423	sh	x13,-1048(x20)	 x20:0x800086f0 x13:0x00000013 PA:0x800082d8
        3915000	       390	80000fcc	c4da4303	lbu	x6,-947(x20)	 x20:0x800086f0  x6=0x000000dc PA:0x8000833d
        3925000	       391	80000fd0	08ca06a3	sb	x12,141(x20)	 x20:0x800086f0 x12:0xffffffae PA:0x8000877d
        3935000	       392	80000fd4	02ba0e83	lb	x29,43(x20)	 x20:0x800086f0 x29=0x00000020 PA:0x8000871b
        3945000	       393	80000fd8	a8ea5603	lhu	x12,-1394(x20)	 x20:0x800086f0 x12=0x00007fcd PA:0x8000817e
        3955000	       394	80000fdc	7d4c43b7	lui	x7,0x7d4c4	  x7=0x7d4c4000
        3965000	       395	80000fe0	01a8cc33	xor	x24,x17,x26	 x17:0xfffffebd x26:0x80009f60 x24=0x7fff61dd
        3975000	       396	80000fe4	a52a0603	lb	x12,-1454(x20)	 x20:0x800086f0 x12=0x00000062 PA:0x80008142
        3985000	       397	80000fe8	0ffa0503	lb	x10,255(x20)	 x20:0x800086f0 x10=0xffffffe7 PA:0x800087ef
        3995000	       398	80000fec	f7ba4f83	lbu	x31,-133(x20)	 x20:0x800086f0 x31=0x00000017 PA:0x8000866b
        4005000	       399	80000ff0	009bd613	srli	x12,x23,0x9	 x23:0x8000823f x12=0x00400041
        4015000	       400	80000ff4	c61a4083	lbu	x1,-927(x20)	 x20:0x800086f0  x1=0x00000092 PA:0x80008351
        4025000	       401	80000ff8	009daf33	slt	x30,x27,x9	 x27:0xfffff9af  x9:0x00002d3d x30=0x00000001
        4035000	       402	80000ffc	0164bdb3	sltu	x27,x9,x22	  x9:0x00002d3d x22:0x00000036 x27=0x00000000
        4045000	       403	80001000	c8ba4603	lbu	x12,-885(x20)	 x20:0x800086f0 x12=0x0000004f PA:0x8000837b
        4055000	       404	80001004	01684933	xor	x18,x16,x22	 x16:0xfffffb6d x22:0x00000036 x18=0xfffffb5b
        4065000	       405	80001008	01684933	xor	x18,x16,x22	 x16:0xfffffb6d x22:0x00000036 x18=0xfffffb5b
        4075000	       406	8000100c	0a5a4503	lbu	x10,165(x20)	 x20:0x800086f0 x10=0x000000fc PA:0x80008795
        4085000	       407	00000000	00000013	addi	x0,x0,0	  x0:0x00000000
        4095000	       408	80001010	40aa05b3	sub	x11,x20,x10	 x20:0x800086f0 x10:0x000000fc x11=0x800085f4
        4105000	       409	80001014	01f9e3b3	or	x7,x19,x31	 x19:0x00000017 x31:0x00000017  x7=0x00000017
        4115000	       410	80001018	e6c012b7	lui	x5,0xe6c01	  x5=0xe6c01000
        4125000	       411	8000101c	225994b7	lui	x9,0x22599	  x9=0x22599000
        4135000	       412	80001020	cbba0803	lb	x16,-837(x20)	 x20:0x800086f0 x16=0xffffffbb PA:0x800083ab
        4145000	       413	80001024	000a0583	lb	x11,0(x20)	 x20:0x800086f0 x11=0x00000021 PA:0x800086f0
        4155000	       414	80001028	02fa4b83	lbu	x23,47(x20)	 x20:0x800086f0 x23=0x0000008b PA:0x8000871f
        4165000	       415	8000102c	8bb6c693	xori	x13,x13,-1861	 x13:0x00000013 x13=0xfffff8a8
        4175000	       416	80001030	fe9a01a3	sb	x9,-29(x20)	 x20:0x800086f0  x9:0x22599000 PA:0x800086d3
        4185000	       417	80001034	76897893	andi	x17,x18,1896	 x18:0xfffffb5b x17=0x00000348
        4195000	       418	80001038	00000013	addi	x0,x0,0	  x0:0x00000000
        4205000	       419	8000103c	046a0ca3	sb	x6,89(x20)	 x20:0x800086f0  x6:0x000000dc PA:0x80008749
        4215000	       420	80001040	9eea5a83	lhu	x21,-1554(x20)	 x20:0x800086f0 x21=0x0000a4bb PA:0x800080de
        4225000	       421	80001044	00008117	auipc	x2,0x8	  x2=0x80009040
        4235000	       422	80001048	a9310113	addi	x2,x2,-1389	  x2:0x80009040  x2=0x80008ad3
        4245000	       423	8000104c	fb410023	sb	x20,-96(x2)	  x2:0x80008ad3 x20:0x800086f0 PA:0x80008a73
        4255000	       424	80001050	c8e36697	auipc	x13,0xc8e36	 x13=0x48e3704c
        4265000	       425	80001054	0068a6b3	slt	x13,x17,x6	 x17:0x00000348  x6:0x000000dc x13=0x00000000
        4275000	       426	80001058	f6e10a23	sb	x14,-140(x2)	  x2:0x80008ad3 x14:0x800081df PA:0x80008a47
        4285000	       427	8000105c	0f511c03	lh	x24,245(x2)	  x2:0x80008ad3 x24=0x00000423 PA:0x80008bc8
        4295000	       428	80001060	0f515803	lhu	x16,245(x2)	  x2:0x80008ad3 x16=0x00000423 PA:0x80008bc8
        4305000	       429	80001064	93aafb93	andi	x23,x21,-1734	 x21:0x0000a4bb x23=0x0000a03a
        4315000	       430	80001068	41515f93	srai	x31,x2,0x15	  x2:0x80008ad3 x31=0xfffffc00
        4325000	       431	8000106c	0f515703	lhu	x14,245(x2)	  x2:0x80008ad3 x14=0x00000423 PA:0x80008bc8
        4335000	       432	80001070	0f511383	lh	x7,245(x2)	  x2:0x80008ad3  x7=0x00000423 PA:0x80008bc8
        4345000	       433	80001074	0f515a83	lhu	x21,245(x2)	  x2:0x80008ad3 x21=0x00000423 PA:0x80008bc8
        4355000	       434	00000000	00000013	addi	x0,x0,0	  x0:0x00000000
        4365000	       435	80001078	0f512583	lw	x11,245(x2)	  x2:0x80008ad3 x11=0xfaa30423 PA:0x80008bc8
        4375000	       436	8000107c	009fe233	or	x4,x31,x9	 x31:0xfffffc00  x9:0x22599000  x4=0xfffffc00
        4385000	       437	80001080	0fd10aa3	sb	x29,245(x2)	  x2:0x80008ad3 x29:0x00000020 PA:0x80008bc8
        4395000	       438	80001084	406bdb33	sra	x22,x23,x6	 x23:0x0000a03a  x6:0x000000dc x22=0x00000000
        4405000	       439	80001088	012e88b3	add	x17,x29,x18	 x29:0x00000020 x18:0xfffffb5b x17=0xfffffb7b
        4415000	       440	8000108c	0f510f83	lb	x31,245(x2)	  x2:0x80008ad3 x31=0x00000020 PA:0x80008bc8
        4425000	       441	80001090	00007597	auipc	x11,0x7	 x11=0x8000808c
        4435000	       442	80001094	54158593	addi	x11,x11,1345	 x11:0x8000808c x11=0x800085cd
        4445000	       443	80001098	00007617	auipc	x12,0x7	 x12=0x80008094
        4455000	       444	8000109c	0a560613	addi	x12,x12,165	 x12:0x80008094 x12=0x80008139
        4465000	       445	800010a0	00007717	auipc	x14,0x7	 x14=0x8000809c
        4475000	       446	800010a4	5ab70713	addi	x14,x14,1451	 x14:0x8000809c x14=0x80008647
        4485000	       447	800010a8	b7258083	lb	x1,-1166(x11)	 x11:0x800085cd  x1=0x00000004 PA:0x8000813f
        4495000	       448	00000000	00000013	addi	x0,x0,0	  x0:0x00000000
        4505000	       449	800010ac	a8158e23	sb	x1,-1380(x11)	 x11:0x800085cd  x1:0x00000004 PA:0x80008069
        4515000	       450	800010b0	e0f5dc03	lhu	x24,-497(x11)	 x11:0x800085cd x24=0x00007660 PA:0x800083dc
        4525000	       451	800010b4	fd0611a3	sh	x16,-61(x12)	 x12:0x80008139 x16:0x00000423 PA:0x800080fc
        4535000	       452	800010b8	fc870ba3	sb	x8,-41(x14)	 x14:0x80008647  x8:0x80000000 PA:0x8000861e
        4545000	       453	800010bc	21d59f03	lh	x30,541(x11)	 x11:0x800085cd x30=0xfffff164 PA:0x800087ea
        4555000	       454	800010c0	fac74c03	lbu	x24,-84(x14)	 x14:0x80008647 x24=0x0000005a PA:0x800085f3
        4565000	       455	800010c4	09070d23	sb	x16,154(x14)	 x14:0x80008647 x16:0x00000423 PA:0x800086e1
        4575000	       456	800010c8	31565003	lhu	x0,789(x12)	 x12:0x80008139 PA:0x8000844e
        4585000	       457	800010cc	f6d58a23	sb	x13,-140(x11)	 x11:0x800085cd x13:0x00000000 PA:0x80008541
        4595000	       458	800010d0	29a60e83	lb	x29,666(x12)	 x12:0x80008139 x29=0x00000065 PA:0x800083d3
        4605000	       459	800010d4	fb4703a3	sb	x20,-89(x14)	 x14:0x80008647 x20:0x800086f0 PA:0x800085ee
        4615000	       460	800010d8	39765883	lhu	x17,919(x12)	 x12:0x80008139 x17=0x0000c93d PA:0x800084d0
        4625000	       461	800010dc	bb258423	sb	x18,-1112(x11)	 x11:0x800085cd x18:0xfffffb5b PA:0x80008175
        4635000	       462	800010e0	34b64b83	lbu	x23,843(x12)	 x12:0x80008139 x23=0x0000001d PA:0x80008484
        4645000	       463	800010e4	0f575183	lhu	x3,245(x14)	 x14:0x80008647  x3=0x00000668 PA:0x8000873c
        4655000	       464	800010e8	00058523	sb	x0,10(x11)	 x11:0x800085cd  x0:0x00000000 PA:0x800085d7
        4665000	       465	800010ec	23760923	sb	x23,562(x12)	 x12:0x80008139 x23:0x0000001d PA:0x8000836b
        4675000	       466	800010f0	00669263	bne	x13,x6,800010f4	 x13:0x00000000  x6:0x000000dc
        4685000	       467	00000000	00000013	addi	x0,x0,0	  x0:0x00000000
        4695000	       468	800010f0	00000013	addi	x0,x0,0	  x0:0x00000000
        4705000	       469	800010f4	001be263	bltu	x23,x1,800010f8	 x23:0x0000001d  x1:0x00000004
        4715000	       470	800010f8	05bd0463	beq	x26,x27,80001140	 x26:0x80009f60 x27:0x00000000
        4725000	       471	800010fc	40bad2b3	sra	x5,x21,x11	 x21:0x00000423 x11:0x800085cd  x5=0x00000000
        4735000	       472	80001100	d9b49617	auipc	x12,0xd9b49	 x12=0x59b4a0fc
        4745000	       473	80001104	021cfc63	bgeu	x25,x1,8000113c	 x25:0x00000040  x1:0x00000004
        4755000	       474	00000000	00000013	addi	x0,x0,0	  x0:0x00000000
        4765000	       475	80001138	00000013	addi	x0,x0,0	  x0:0x00000000
        4775000	       476	8000113c	71dd1597	auipc	x11,0x71dd1	 x11=0xf1dd2138
        4785000	       477	80001140	0109b033	sltu	x0,x19,x16	 x19:0x00000017 x16:0x00000423
        4795000	       478	80001144	40f70033	sub	x0,x14,x15	 x14:0x80008647 x15:0x80009fc4
        4805000	       479	80001148	01505b33	srl	x22,x0,x21	  x0:0x00000000 x21:0x00000423 x22=0x00000000
        4815000	       480	8000114c	01044db3	xor	x27,x8,x16	  x8:0x80000000 x16:0x00000423 x27=0x80000423
        4825000	       481	80001150	40bb7093	andi	x1,x22,1035	 x22:0x00000000  x1=0x00000000
        4835000	       482	80001154	0e24ce63	blt	x9,x2,80001250	  x9:0x22599000  x2:0x80008ad3
        4845000	       483	80001158	008ee6b3	or	x13,x29,x8	 x29:0x00000065  x8:0x80000000 x13=0x80000065
        4855000	       484	8000115c	00c4f4b3	and	x9,x9,x12	  x9:0x22599000 x12:0x59b4a0fc  x9=0x00108000
        4865000	       485	80001160	0ffcc863	blt	x25,x31,80001250	 x25:0x00000040 x31:0x00000020
        4875000	       486	80001164	00caf333	and	x6,x21,x12	 x21:0x00000423 x12:0x59b4a0fc  x6=0x00000020
        4885000	       487	80001168	0e825863	bge	x4,x8,80001258	  x4:0xfffffc00  x8:0x80000000
        4895000	       488	00000000	00000013	addi	x0,x0,0	  x0:0x00000000
        4905000	       489	80001254	00000013	addi	x0,x0,0	  x0:0x00000000
        4915000	       490	80001258	01735e13	srli	x28,x6,0x17	  x6:0x00000020 x28=0x00000000
        4925000	       491	8000125c	18ab50b7	lui	x1,0x18ab5	  x1=0x18ab5000
        4935000	       492	80001260	40b05a33	sra	x20,x0,x11	  x0:0x00000000 x11:0xf1dd2138 x20=0x00000000
        4945000	       493	80001264	f07d8e97	auipc	x29,0xf07d8	 x29=0x707d9260
        4955000	       494	80001268	34cb4513	xori	x10,x22,844	 x22:0x00000000 x10=0x0000034c
        4965000	       495	8000126c	fda98e97	auipc	x29,0xfda98	 x29=0x7da99268
        4975000	       496	80001270	cdd5b293	sltiu	x5,x11,-803	 x11:0xf1dd2138  x5=0x00000001
        4985000	       497	80001274	014dfab3	and	x21,x27,x20	 x27:0x80000423 x20:0x00000000 x21=0x00000000
        4995000	       498	80001278	f279e213	ori	x4,x19,-217	 x19:0x00000017  x4=0xffffff37
        5005000	       499	8000127c	01c46bb3	or	x23,x8,x28	  x8:0x80000000 x28:0x00000000 x23=0x80000000
        5015000	       500	80001280	0053e0b3	or	x1,x7,x5	  x7:0x00000423  x5:0x00000001  x1=0x00000423
        5025000	       501	80001284	6d680d93	addi	x27,x16,1750	 x16:0x00000423 x27=0x00000af9
        5035000	       502	80001288	05baf263	bgeu	x21,x27,800012cc	 x21:0x00000000 x27:0x00000af9
        5045000	       503	8000128c	0048a333	slt	x6,x17,x4	 x17:0x0000c93d  x4:0xffffff37  x6=0x00000000
        5055000	       504	80001290	00b58133	add	x2,x11,x11	 x11:0xf1dd2138 x11:0xf1dd2138  x2=0xe3ba4270
        5065000	       505	80001294	40558eb3	sub	x29,x11,x5	 x11:0xf1dd2138  x5:0x00000001 x29=0xf1dd2137
        5075000	       506	80001298	006086b3	add	x13,x1,x6	  x1:0x00000423  x6:0x00000000 x13=0x00000423
        5085000	       507	8000129c	0307f063	bgeu	x15,x16,800012bc	 x15:0x80009fc4 x16:0x00000423
        5095000	       508	00000000	00000013	addi	x0,x0,0	  x0:0x00000000
        5105000	       509	800012b8	00000013	addi	x0,x0,0	  x0:0x00000000
        5115000	       510	800012bc	007b11b3	sll	x3,x22,x7	 x22:0x00000000  x7:0x00000423  x3=0x00000000
        5125000	       511	800012c0	00865c63	bge	x12,x8,800012d8	 x12:0x59b4a0fc  x8:0x80000000
        5135000	       512	00000000	00000013	addi	x0,x0,0	  x0:0x00000000
        5145000	       513	800012d4	00000013	addi	x0,x0,0	  x0:0x00000000
        5155000	       514	800012d8	4ff43c37	lui	x24,0x4ff43	 x24=0x4ff43000
        5165000	       515	800012dc	00c98633	add	x12,x19,x12	 x19:0x00000017 x12:0x59b4a0fc x12=0x59b4a113
        5175000	       516	800012e0	40f256b3	sra	x13,x4,x15	  x4:0xffffff37 x15:0x80009fc4 x13=0xfffffff3
        5185000	       517	800012e4	03be9863	bne	x29,x27,80001314	 x29:0xf1dd2137 x27:0x00000af9
        5195000	       518	00000000	00000013	addi	x0,x0,0	  x0:0x00000000
        5205000	       519	80001310	00000013	addi	x0,x0,0	  x0:0x00000000
        5215000	       520	80001314	004e4133	xor	x2,x28,x4	 x28:0x00000000  x4:0xffffff37  x2=0xffffff37
        5225000	       521	80001318	412602b3	sub	x5,x12,x18	 x12:0x59b4a113 x18:0xfffffb5b  x5=0x59b4a5b8
        5235000	       522	8000131c	04787063	bgeu	x16,x7,8000135c	 x16:0x00000423  x7:0x00000423
        5245000	       523	00000000	00000013	addi	x0,x0,0	  x0:0x00000000
        5255000	       524	80001358	00000013	addi	x0,x0,0	  x0:0x00000000
        5265000	       525	8000135c	00476a33	or	x20,x14,x4	 x14:0x80008647  x4:0xffffff37 x20=0xffffff77
        5275000	       526	80001360	00102733	slt	x14,x0,x1	  x0:0x00000000  x1:0x00000423 x14=0x00000001
        5285000	       527	80001364	008d2033	slt	x0,x26,x8	 x26:0x80009f60  x8:0x80000000
        5295000	       528	80001368	01177e63	bgeu	x14,x17,80001384	 x14:0x00000001 x17:0x0000c93d
        5305000	       529	8000136c	01e8e863	bltu	x17,x30,8000137c	 x17:0x0000c93d x30:0xfffff164
        5315000	       530	00000000	00000013	addi	x0,x0,0	  x0:0x00000000
        5325000	       531	80001378	00000013	addi	x0,x0,0	  x0:0x00000000
        5335000	       532	8000137c	01937a33	and	x20,x6,x25	  x6:0x00000000 x25:0x00000040 x20=0x00000000
        5345000	       533	80001380	01d9cab3	xor	x21,x19,x29	 x19:0x00000017 x29:0xf1dd2137 x21=0xf1dd2120
        5355000	       534	80001384	02b1d263	bge	x3,x11,800013a8	  x3:0x00000000 x11:0xf1dd2138
        5365000	       535	00000000	00000013	addi	x0,x0,0	  x0:0x00000000
        5375000	       536	800013a4	00000013	addi	x0,x0,0	  x0:0x00000000
        5385000	       537	800013a8	007f01b3	add	x3,x30,x7	 x30:0xfffff164  x7:0x00000423  x3=0xfffff587
        5395000	       538	800013ac	004abc33	sltu	x24,x21,x4	 x21:0xf1dd2120  x4:0xffffff37 x24=0x00000001
        5405000	       539	800013b0	186fb013	sltiu	x0,x31,390	 x31:0x00000020
        5415000	       540	800013b4	00ed15b3	sll	x11,x26,x14	 x26:0x80009f60 x14:0x00000001 x11=0x00013ec0
        5425000	       541	800013b8	00a489b3	add	x19,x9,x10	  x9:0x00108000 x10:0x0000034c x19=0x0010834c
        5435000	       542	800013bc	018461b3	or	x3,x8,x24	  x8:0x80000000 x24:0x00000001  x3=0x80000001
        5445000	       543	800013c0	00efff33	and	x30,x31,x14	 x31:0x00000020 x14:0x00000001 x30=0x00000000
        5455000	       544	800013c4	01789463	bne	x17,x23,800013cc	 x17:0x0000c93d x23:0x80000000
        5465000	       545	00000000	00000013	addi	x0,x0,0	  x0:0x00000000
        5475000	       546	800013c8	00000013	addi	x0,x0,0	  x0:0x00000000
        5485000	       547	800013cc	01aed833	srl	x16,x29,x26	 x29:0xf1dd2137 x26:0x80009f60 x16=0xf1dd2137
        5495000	       548	800013d0	d3990893	addi	x17,x18,-711	 x18:0xfffffb5b x17=0xfffff894
        5505000	       549	800013d4	02b9c463	blt	x19,x11,800013fc	 x19:0x0010834c x11:0x00013ec0
        5515000	       550	800013d8	001a89b3	add	x19,x21,x1	 x21:0xf1dd2120  x1:0x00000423 x19=0xf1dd2543
        5525000	       551	800013dc	009c2733	slt	x14,x24,x9	 x24:0x00000001  x9:0x00108000 x14=0x00000001
        5535000	       552	800013e0	012dee63	bltu	x27,x18,800013fc	 x27:0x00000af9 x18:0xfffffb5b
        5545000	       553	00000000	00000013	addi	x0,x0,0	  x0:0x00000000
        5555000	       554	800013f8	00000013	addi	x0,x0,0	  x0:0x00000000
        5565000	       555	800013fc	009a2bb3	slt	x23,x20,x9	 x20:0x00000000  x9:0x00108000 x23=0x00000001
        5575000	       556	80001400	77430c93	addi	x25,x6,1908	  x6:0x00000000 x25=0x00000774
        5585000	       557	80001404	01e00633	add	x12,x0,x30	  x0:0x00000000 x30:0x00000000 x12=0x00000000
        5595000	       558	80001408	c463f013	andi	x0,x7,-954	  x7:0x00000423
        5605000	       559	8000140c	0801b313	sltiu	x6,x3,128	  x3:0x80000001  x6=0x00000000
        5615000	       560	80001410	00000013	addi	x0,x0,0	  x0:0x00000000
        5625000	       561	80001414	413ddd93	srai	x27,x27,0x13	 x27:0x00000af9 x27=0x00000000
        5635000	       562	80001418	83bebd93	sltiu	x27,x29,-1989	 x29:0xf1dd2137 x27=0x00000001
        5645000	       563	8000141c	4090d8b3	sra	x17,x1,x9	  x1:0x00000423  x9:0x00108000 x17=0x00000423
        5655000	       564	80001420	1f67c113	xori	x2,x15,502	 x15:0x80009fc4  x2=0x80009e32
        5665000	       565	80001424	00665cb3	srl	x25,x12,x6	 x12:0x00000000  x6:0x00000000 x25=0x00000000
        5675000	       566	80001428	d4358717	auipc	x14,0xd4358	 x14=0x54359424
        5685000	       567	8000142c	01aed393	srli	x7,x29,0x1a	 x29:0xf1dd2137  x7=0x0000003c
        5695000	       568	80001430	40a6dc33	sra	x24,x13,x10	 x13:0xfffffff3 x10:0x0000034c x24=0xffffffff
        5705000	       569	80001434	7e187693	andi	x13,x16,2017	 x16:0xf1dd2137 x13=0x00000121
        5715000	       570	80001438	002904b3	add	x9,x18,x2	 x18:0xfffffb5b  x2:0x80009e32  x9=0x8000998d
        5725000	       571	8000143c	406f5a93	srai	x21,x30,0x6	 x30:0x00000000 x21=0x00000000
        5735000	       572	80001440	00c6d133	srl	x2,x13,x12	 x13:0x00000121 x12:0x00000000  x2=0x00000121
        5745000	       573	80001444	03308063	beq	x1,x19,80001464	  x1:0x00000423 x19:0xf1dd2543
        5755000	       574	80001448	8ab02993	slti	x19,x0,-1877	  x0:0x00000000 x19=0x00000000
        5765000	       575	8000144c	00795693	srli	x13,x18,0x7	 x18:0xfffffb5b x13=0x01fffff6
        5775000	       576	80001450	0130d313	srli	x6,x1,0x13	  x1:0x00000423  x6=0x00000000
        5785000	       577	80001454	db5e3b13	sltiu	x22,x28,-587	 x28:0x00000000 x22=0x00000001
        5795000	       578	80001458	0003d833	srl	x16,x7,x0	  x7:0x0000003c  x0:0x00000000 x16=0x0000003c
        5805000	       579	8000145c	f484e837	lui	x16,0xf484e	 x16=0xf484e000
        5815000	       580	80001460	dc8ce817	auipc	x16,0xdc8ce	 x16=0x5c8cf45c
        5825000	       581	80001464	04237263	bgeu	x6,x2,800014a8	  x6:0x00000000  x2:0x00000121
        5835000	       582	80001468	005f06b3	add	x13,x30,x5	 x30:0x00000000  x5:0x59b4a5b8 x13=0x59b4a5b8
        5845000	       583	8000146c	d0aaa593	slti	x11,x21,-758	 x21:0x00000000 x11=0x00000000
        5855000	       584	80001470	5661a313	slti	x6,x3,1382	  x3:0x80000001  x6=0x00000001
        5865000	       585	80001474	01406c33	or	x24,x0,x20	  x0:0x00000000 x20:0x00000000 x24=0x00000000
        5875000	       586	80001478	0155d313	srli	x6,x11,0x15	 x11:0x00000000  x6=0x00000000
        5885000	       587	8000147c	76e27813	andi	x16,x4,1902	  x4:0xffffff37 x16=0x00000726
        5895000	       588	80001480	00b5fcb3	and	x25,x11,x11	 x11:0x00000000 x11:0x00000000 x25=0x00000000
        5905000	       589	80001484	ef66a313	slti	x6,x13,-266	 x13:0x59b4a5b8  x6=0x00000000
        5915000	       590	80001488	015d5863	bge	x26,x21,80001498	 x26:0x80009f60 x21:0x00000000
        5925000	       591	8000148c	ce34c893	xori	x17,x9,-797	  x9:0x8000998d x17=0x7fff656e
        5935000	       592	80001490	f498aa97	auipc	x21,0xf498a	 x21=0x7498b48c
        5945000	       593	80001494	00c563b3	or	x7,x10,x12	 x10:0x0000034c x12:0x00000000  x7=0x0000034c
        5955000	       594	80001498	00c7ea63	bltu	x15,x12,800014ac	 x15:0x80009fc4 x12:0x00000000
        5965000	       595	8000149c	01f275b3	and	x11,x4,x31	  x4:0xffffff37 x31:0x00000020 x11=0x00000020
        5975000	       596	800014a0	ccb83113	sltiu	x2,x16,-821	 x16:0x00000726  x2=0x00000001
        5985000	       597	800014a4	015b53b3	srl	x7,x22,x21	 x22:0x00000001 x21:0x7498b48c  x7=0x00000000
        5995000	       598	800014a8	024f9463	bne	x31,x4,800014d0	 x31:0x00000020  x4:0xffffff37
        6005000	       599	00000000	00000013	addi	x0,x0,0	  x0:0x00000000
        6015000	       600	800014cc	00000013	addi	x0,x0,0	  x0:0x00000000
        6025000	       601	800014d0	058b8463	beq	x23,x24,80001518	 x23:0x00000001 x24:0x00000000
        6035000	       602	800014d4	00000013	addi	x0,x0,0	  x0:0x00000000
        6045000	       603	800014d8	011dcb33	xor	x22,x27,x17	 x27:0x00000001 x17:0x7fff656e x22=0x7fff656f
        6055000	       604	800014dc	ebbacc93	xori	x25,x21,-325	 x21:0x7498b48c x25=0x8b674a37
        6065000	       605	800014e0	790eab13	slti	x22,x29,1936	 x29:0xf1dd2137 x22=0x00000001
        6075000	       606	800014e4	401a5693	srai	x13,x20,0x1	 x20:0x00000000 x13=0x00000000
        6085000	       607	800014e8	0084f2b3	and	x5,x9,x8	  x9:0x8000998d  x8:0x80000000  x5=0x80000000
        6095000	       608	800014ec	01cb1263	bne	x22,x28,800014f0	 x22:0x00000001 x28:0x00000000
        6105000	       609	00000000	00000013	addi	x0,x0,0	  x0:0x00000000
        6115000	       610	800014ec	00000013	addi	x0,x0,0	  x0:0x00000000
        6125000	       611	800014f0	b9480993	addi	x19,x16,-1132	 x16:0x00000726 x19=0x000002ba
        6135000	       612	800014f4	405b8c33	sub	x24,x23,x5	 x23:0x00000001  x5:0x80000000 x24=0x80000001
        6145000	       613	800014f8	00e093b3	sll	x7,x1,x14	  x1:0x00000423 x14:0x54359424  x7=0x00004230
        6155000	       614	800014fc	00000013	addi	x0,x0,0	  x0:0x00000000
        6165000	       615	80001500	ad973637	lui	x12,0xad973	 x12=0xad973000
        6175000	       616	80001504	04348463	beq	x9,x3,8000154c	  x9:0x8000998d  x3:0x80000001
        6185000	       617	80001508	a4130213	addi	x4,x6,-1471	  x6:0x00000000  x4=0xfffffa41
        6195000	       618	8000150c	00561c13	slli	x24,x12,0x5	 x12:0xad973000 x24=0xb2e60000
        6205000	       619	80001510	00c55733	srl	x14,x10,x12	 x10:0x0000034c x12:0xad973000 x14=0x0000034c
        6215000	       620	80001514	0385e063	bltu	x11,x24,80001534	 x11:0x00000020 x24:0xb2e60000
        6225000	       621	00000000	00000013	addi	x0,x0,0	  x0:0x00000000
        6235000	       622	80001530	00000013	addi	x0,x0,0	  x0:0x00000000
        6245000	       623	80001534	04348063	beq	x9,x3,80001574	  x9:0x8000998d  x3:0x80000001
        6255000	       624	80001538	03135463	bge	x6,x17,80001560	  x6:0x00000000 x17:0x7fff656e
        6265000	       625	8000153c	0010d663	bge	x1,x1,80001548	  x1:0x00000423  x1:0x00000423
        6275000	       626	00000000	00000013	addi	x0,x0,0	  x0:0x00000000
        6285000	       627	80001544	00000013	addi	x0,x0,0	  x0:0x00000000
        6295000	       628	80001548	01c5ac33	slt	x24,x11,x28	 x11:0x00000020 x28:0x00000000 x24=0x00000000
        6305000	       629	8000154c	00e11f13	slli	x30,x2,0xe	  x2:0x00000001 x30=0x00004000
        6315000	       630	80001550	01e49913	slli	x18,x9,0x1e	  x9:0x8000998d x18=0x40000000
        6325000	       631	80001554	03d21863	bne	x4,x29,80001584	  x4:0xfffffa41 x29:0xf1dd2137
        6335000	       632	00000000	00000013	addi	x0,x0,0	  x0:0x00000000
        6345000	       633	80001580	00000013	addi	x0,x0,0	  x0:0x00000000
        6355000	       634	80001584	0030d533	srl	x10,x1,x3	  x1:0x00000423  x3:0x80000001 x10=0x00000211
        6365000	       635	80001588	055fc063	blt	x31,x21,800015c8	 x31:0x00000020 x21:0x7498b48c
        6375000	       636	00000000	00000013	addi	x0,x0,0	  x0:0x00000000
        6385000	       637	800015c4	00000013	addi	x0,x0,0	  x0:0x00000000
        6395000	       638	800015c8	003729b3	slt	x19,x14,x3	 x14:0x0000034c  x3:0x80000001 x19=0x00000000
        6405000	       639	800015cc	01af8993	addi	x19,x31,26	 x31:0x00000020 x19=0x0000003a
        6415000	       640	800015d0	000568b3	or	x17,x10,x0	 x10:0x00000211  x0:0x00000000 x17=0x00000211
        6425000	       641	800015d4	babb2117	auipc	x2,0xbabb2	  x2=0x3abb35d0
        6435000	       642	800015d8	41f75fb3	sra	x31,x14,x31	 x14:0x0000034c x31:0x00000020 x31=0x0000034c
        6445000	       643	800015dc	41175213	srai	x4,x14,0x11	 x14:0x0000034c  x4=0x00000000
        6455000	       644	800015e0	41845033	sra	x0,x8,x24	  x8:0x80000000 x24:0x00000000
        6465000	       645	800015e4	01ffc8b3	xor	x17,x31,x31	 x31:0x0000034c x31:0x0000034c x17=0x00000000
        6475000	       646	800015e8	019e9f13	slli	x30,x29,0x19	 x29:0xf1dd2137 x30=0x6e000000
        6485000	       647	800015ec	03515463	bge	x2,x21,80001614	  x2:0x3abb35d0 x21:0x7498b48c
        6495000	       648	800015f0	01a065b3	or	x11,x0,x26	  x0:0x00000000 x26:0x80009f60 x11=0x80009f60
        6505000	       649	800015f4	01d5cdb3	xor	x27,x11,x29	 x11:0x80009f60 x29:0xf1dd2137 x27=0x71ddbe57
        6515000	       650	800015f8	c994f713	andi	x14,x9,-871	  x9:0x8000998d x14=0x80009889
        6525000	       651	800015fc	9a3baf13	slti	x30,x23,-1629	 x23:0x00000001 x30=0x00000000
        6535000	       652	80001600	92e60313	addi	x6,x12,-1746	 x12:0xad973000  x6=0xad97292e
        6545000	       653	80001604	00148c63	beq	x9,x1,8000161c	  x9:0x8000998d  x1:0x00000423
        6555000	       654	80001608	00000013	addi	x0,x0,0	  x0:0x00000000
        6565000	       655	8000160c	5283ec37	lui	x24,0x5283e	 x24=0x5283e000
        6575000	       656	80001610	00f1de33	srl	x28,x3,x15	  x3:0x80000001 x15:0x80009fc4 x28=0x08000000
        6585000	       657	80001614	011a11b3	sll	x3,x20,x17	 x20:0x00000000 x17:0x00000000  x3=0x00000000
        6595000	       658	80001618	00000013	addi	x0,x0,0	  x0:0x00000000
        6605000	       659	8000161c	00eae263	bltu	x21,x14,80001620	 x21:0x7498b48c x14:0x80009889
        6615000	       660	00000000	00000013	addi	x0,x0,0	  x0:0x00000000
        6625000	       661	8000161c	00000013	addi	x0,x0,0	  x0:0x00000000
        6635000	       662	80001620	cdc603b7	lui	x7,0xcdc60	  x7=0xcdc60000
        6645000	       663	80001624	3da58b13	addi	x22,x11,986	 x11:0x80009f60 x22=0x8000a33a
        6655000	       664	80001628	00a79633	sll	x12,x15,x10	 x15:0x80009fc4 x10:0x00000211 x12=0x3f880000
        6665000	       665	8000162c	034c4263	blt	x24,x20,80001650	 x24:0x5283e000 x20:0x00000000
        6675000	       666	80001630	02f46a63	bltu	x8,x15,80001664	  x8:0x80000000 x15:0x80009fc4
        6685000	       667	00000000	00000013	addi	x0,x0,0	  x0:0x00000000
        6695000	       668	80001660	00000013	addi	x0,x0,0	  x0:0x00000000
        6705000	       669	80001664	19957697	auipc	x13,0x19957	 x13=0x99958660
        6715000	       670	80001668	11b21c97	auipc	x25,0x11b21	 x25=0x91b22664
        6725000	       671	8000166c	0183c863	blt	x7,x24,8000167c	  x7:0xcdc60000 x24:0x5283e000
        6735000	       672	00000000	00000013	addi	x0,x0,0	  x0:0x00000000
        6745000	       673	80001678	00000013	addi	x0,x0,0	  x0:0x00000000
        6755000	       674	8000167c	d3ffaa93	slti	x21,x31,-705	 x31:0x0000034c x21=0x00000000
        6765000	       675	80001680	408c5893	srai	x17,x24,0x8	 x24:0x5283e000 x17=0x005283e0
        6775000	       676	80001684	0096d663	bge	x13,x9,80001690	 x13:0x99958660  x9:0x8000998d
        6785000	       677	00000000	00000013	addi	x0,x0,0	  x0:0x00000000
        6795000	       678	8000168c	00000013	addi	x0,x0,0	  x0:0x00000000
        6805000	       679	80001690	01ae8cb3	add	x25,x29,x26	 x29:0xf1dd2137 x26:0x80009f60 x25=0x71ddc097
        6815000	       680	80001694	40f8d493	srai	x9,x17,0xf	 x17:0x005283e0  x9=0x000000a5
        6825000	       681	80001698	94730613	addi	x12,x6,-1721	  x6:0xad97292e x12=0xad972275
        6835000	       682	8000169c	8090f713	andi	x14,x1,-2039	  x1:0x00000423 x14=0x00000001
        6845000	       683	800016a0	41bfd913	srai	x18,x31,0x1b	 x31:0x0000034c x18=0x00000000
        6855000	       684	800016a4	0065e133	or	x2,x11,x6	 x11:0x80009f60  x6:0xad97292e  x2=0xad97bf6e
        6865000	       685	800016a8	aa47b613	sltiu	x12,x15,-1372	 x15:0x80009fc4 x12=0x00000001
        6875000	       686	800016ac	01cb8533	add	x10,x23,x28	 x23:0x00000001 x28:0x08000000 x10=0x08000001
        6885000	       687	800016b0	00472233	slt	x4,x14,x4	 x14:0x00000001  x4:0x00000000  x4=0x00000000
        6895000	       688	800016b4	315ec013	xori	x0,x29,789	 x29:0xf1dd2137
        6905000	       689	800016b8	003a1613	slli	x12,x20,0x3	 x20:0x00000000 x12=0x00000000
        6915000	       690	800016bc	00c72f33	slt	x30,x14,x12	 x14:0x00000001 x12:0x00000000 x30=0x00000000
        6925000	       691	800016c0	01c5de93	srli	x29,x11,0x1c	 x11:0x80009f60 x29=0x00000008
        6935000	       692	800016c4	02965463	bge	x12,x9,800016ec	 x12:0x00000000  x9:0x000000a5
        6945000	       693	800016c8	01ea5213	srli	x4,x20,0x1e	 x20:0x00000000  x4=0x00000000
        6955000	       694	800016cc	00995a13	srli	x20,x18,0x9	 x18:0x00000000 x20=0x00000000
        6965000	       695	800016d0	01881a33	sll	x20,x16,x24	 x16:0x00000726 x24:0x5283e000 x20=0x00000726
        6975000	       696	800016d4	053a7863	bgeu	x20,x19,80001724	 x20:0x00000726 x19:0x0000003a
        6985000	       697	00000000	00000013	addi	x0,x0,0	  x0:0x00000000
        6995000	       698	80001720	00000013	addi	x0,x0,0	  x0:0x00000000
        7005000	       699	80001724	01b1f233	and	x4,x3,x27	  x3:0x00000000 x27:0x71ddbe57  x4=0x00000000
        7015000	       700	80001728	00000013	addi	x0,x0,0	  x0:0x00000000
        7025000	       701	8000172c	055f0063	beq	x30,x21,8000176c	 x30:0x00000000 x21:0x00000000
        7035000	       702	00000000	00000013	addi	x0,x0,0	  x0:0x00000000
        7045000	       703	80001768	00000013	addi	x0,x0,0	  x0:0x00000000
        7055000	       704	8000176c	02a6d463	bge	x13,x10,80001794	 x13:0x99958660 x10:0x08000001
        7065000	       705	80001770	40c00133	sub	x2,x0,x12	  x0:0x00000000 x12:0x00000000  x2=0x00000000
        7075000	       706	80001774	030a1263	bne	x20,x16,80001798	 x20:0x00000726 x16:0x00000726
        7085000	       707	80001778	127e5737	lui	x14,0x127e5	 x14=0x127e5000
        7095000	       708	8000177c	5c9aa813	slti	x16,x21,1481	 x21:0x00000000 x16=0x00000001
        7105000	       709	80001780	01eed693	srli	x13,x29,0x1e	 x29:0x00000008 x13=0x00000000
        7115000	       710	80001784	01de5c63	bge	x28,x29,8000179c	 x28:0x08000000 x29:0x00000008
        7125000	       711	00000000	00000013	addi	x0,x0,0	  x0:0x00000000
        7135000	       712	80001798	00000013	addi	x0,x0,0	  x0:0x00000000
        7145000	       713	8000179c	053f9463	bne	x31,x19,800017e4	 x31:0x0000034c x19:0x0000003a
        7155000	       714	00000000	00000013	addi	x0,x0,0	  x0:0x00000000
        7165000	       715	800017e0	00000013	addi	x0,x0,0	  x0:0x00000000
        7175000	       716	800017e4	e7bf5237	lui	x4,0xe7bf5	  x4=0xe7bf5000
        7185000	       717	800017e8	41fa5093	srai	x1,x20,0x1f	 x20:0x00000726  x1=0x00000000
        7195000	       718	800017ec	fd873393	sltiu	x7,x14,-40	 x14:0x127e5000  x7=0x00000001
        7205000	       719	800017f0	40e15933	sra	x18,x2,x14	  x2:0x00000000 x14:0x127e5000 x18=0x00000000
        7215000	       720	800017f4	9e6e4013	xori	x0,x28,-1562	 x28:0x08000000
        7225000	       721	800017f8	00000013	addi	x0,x0,0	  x0:0x00000000
        7235000	       722	800017fc	c29d3993	sltiu	x19,x26,-983	 x26:0x80009f60 x19=0x00000001
        7245000	       723	80001800	b40bcf97	auipc	x31,0xb40bc	 x31=0x340bd7fc
        7255000	       724	80001804	00000013	addi	x0,x0,0	  x0:0x00000000
        7265000	       725	80001808	00b8f033	and	x0,x17,x11	 x17:0x005283e0 x11:0x80009f60
        7275000	       726	8000180c	2150a593	slti	x11,x1,533	  x1:0x00000000 x11=0x00000001
        7285000	       727	80001810	00e94263	blt	x18,x14,80001814	 x18:0x00000000 x14:0x127e5000
        7295000	       728	00000000	00000013	addi	x0,x0,0	  x0:0x00000000
        7305000	       729	80001810	00000013	addi	x0,x0,0	  x0:0x00000000
        7315000	       730	80001814	019668b3	or	x17,x12,x25	 x12:0x00000000 x25:0x71ddc097 x17=0x71ddc097
        7325000	       731	80001818	9ae159b7	lui	x19,0x9ae15	 x19=0x9ae15000
        7335000	       732	8000181c	400f05b3	sub	x11,x30,x0	 x30:0x00000000  x0:0x00000000 x11=0x00000000
        7345000	       733	80001820	009712b3	sll	x5,x14,x9	 x14:0x127e5000  x9:0x000000a5  x5=0x4fca0000
        7355000	       734	80001824	03786463	bltu	x16,x23,8000184c	 x16:0x00000001 x23:0x00000001
        7365000	       735	80001828	01f21e63	bne	x4,x31,80001844	  x4:0xe7bf5000 x31:0x340bd7fc
        7375000	       736	00000000	00000013	addi	x0,x0,0	  x0:0x00000000
        7385000	       737	80001840	00000013	addi	x0,x0,0	  x0:0x00000000
        7395000	       738	80001844	01ce5fb3	srl	x31,x28,x28	 x28:0x08000000 x28:0x08000000 x31=0x08000000
        7405000	       739	80001848	9bdc7a37	lui	x20,0x9bdc7	 x20=0x9bdc7000
        7415000	       740	8000184c	3e446f93	ori	x31,x8,996	  x8:0x80000000 x31=0x800003e4
        7425000	       741	80001850	00000013	addi	x0,x0,0	  x0:0x00000000
        7435000	       742	80001854	00d10b33	add	x22,x2,x13	  x2:0x00000000 x13:0x00000000 x22=0x00000000
        7445000	       743	80001858	0119ebb3	or	x23,x19,x17	 x19:0x9ae15000 x17:0x71ddc097 x23=0xfbfdd097
        7455000	       744	8000185c	2a3bf893	andi	x17,x23,675	 x23:0xfbfdd097 x17=0x00000083
        7465000	       745	80001860	00000013	addi	x0,x0,0	  x0:0x00000000
        7475000	       746	80001864	01764c63	blt	x12,x23,8000187c	 x12:0x00000000 x23:0xfbfdd097
        7485000	       747	80001868	0200c263	blt	x1,x0,8000188c	  x1:0x00000000  x0:0x00000000
        7495000	       748	8000186c	bda62313	slti	x6,x12,-1062	 x12:0x00000000  x6=0x00000000
        7505000	       749	80001870	01e331b3	sltu	x3,x6,x30	  x6:0x00000000 x30:0x00000000  x3=0x00000000
        7515000	       750	80001874	0191db33	srl	x22,x3,x25	  x3:0x00000000 x25:0x71ddc097 x22=0x00000000
        7525000	       751	80001878	3f833713	sltiu	x14,x6,1016	  x6:0x00000000 x14=0x00000001
        7535000	       752	8000187c	3f327693	andi	x13,x4,1011	  x4:0xe7bf5000 x13=0x00000000
        7545000	       753	80001880	038b6a63	bltu	x22,x24,800018b4	 x22:0x00000000 x24:0x5283e000
        7555000	       754	00000000	00000013	addi	x0,x0,0	  x0:0x00000000
        7565000	       755	800018b0	00000013	addi	x0,x0,0	  x0:0x00000000
        7575000	       756	800018b4	02143213	sltiu	x4,x8,33	  x8:0x80000000  x4=0x00000000
        7585000	       757	800018b8	bfa4ba13	sltiu	x20,x9,-1030	  x9:0x000000a5 x20=0x00000001
        7595000	       758	800018bc	1669f393	andi	x7,x19,358	 x19:0x9ae15000  x7=0x00000000
        7605000	       759	800018c0	03af1063	bne	x30,x26,800018e0	 x30:0x00000000 x26:0x80009f60
        7615000	       760	00000000	00000013	addi	x0,x0,0	  x0:0x00000000
        7625000	       761	800018dc	00000013	addi	x0,x0,0	  x0:0x00000000
        7635000	       762	800018e0	00bef833	and	x16,x29,x11	 x29:0x00000008 x11:0x00000000 x16=0x00000000
        7645000	       763	800018e4	64a83393	sltiu	x7,x16,1610	 x16:0x00000000  x7=0x00000001
        7655000	       764	800018e8	01501033	sll	x0,x0,x21	  x0:0x00000000 x21:0x00000000
        7665000	       765	800018ec	00654c63	blt	x10,x6,80001904	 x10:0x08000001  x6:0x00000000
        7675000	       766	800018f0	70123193	sltiu	x3,x4,1793	  x4:0x00000000  x3=0x00000001
        7685000	       767	800018f4	013456b3	srl	x13,x8,x19	  x8:0x80000000 x19:0x9ae15000 x13=0x80000000
        7695000	       768	800018f8	41ffda13	srai	x20,x31,0x1f	 x31:0x800003e4 x20=0xffffffff
        7705000	       769	800018fc	9648b993	sltiu	x19,x17,-1692	 x17:0x00000083 x19=0x00000001
        7715000	       770	80001900	016470b3	and	x1,x8,x22	  x8:0x80000000 x22:0x00000000  x1=0x00000000
        7725000	       771	80001904	13160017	auipc	x0,0x13160	
        7735000	       772	80001908	40f30833	sub	x16,x6,x15	  x6:0x00000000 x15:0x80009fc4 x16=0x7fff603c
        7745000	       773	8000190c	4081d917	auipc	x18,0x4081d	 x18=0xc081e908
        7755000	       774	80001910	004d2083	lw	x1,4(x26)	 x26:0x80009f60  x1=0x8000013c PA:0x80009f64
        7765000	       775	80001914	41a108b3	sub	x17,x2,x26	  x2:0x00000000 x26:0x80009f60 x17=0x7fff60a0
        7775000	       776	80001918	c57c4f13	xori	x30,x24,-937	 x24:0x5283e000 x30=0xad7c1c57
        7785000	       777	8000191c	00ba9cb3	sll	x25,x21,x11	 x21:0x00000000 x11:0x00000000 x25=0x00000000
        7795000	       778	80001920	cd68ef13	ori	x30,x17,-810	 x17:0x7fff60a0 x30=0xfffffcf6
        7805000	       779	80001924	41cb5c93	srai	x25,x22,0x1c	 x22:0x00000000 x25=0x00000000
        7815000	       780	80001928	024d0d13	addi	x26,x26,36	 x26:0x80009f60 x26=0x80009f84
        7825000	       781	8000192c	a5273837	lui	x16,0xa5273	 x16=0xa5273000
        7835000	       782	80001930	00810533	add	x10,x2,x8	  x2:0x00000000  x8:0x80000000 x10=0x80000000
        7845000	       783	80001934	c73b6b13	ori	x22,x22,-909	 x22:0x00000000 x22=0xfffffc73
        7855000	       784	80001938	00108693	addi	x13,x1,1	  x1:0x8000013c x13=0x8000013d
        7865000	       785	8000193c	000686e7	jalr	x13,x13,0	 x13:0x8000013d x13=0x8000193c
        7875000	       786	00000000	00000013	addi	x0,x0,0	  x0:0x00000000
        7885000	       787	8000013c	00000013	addi	x0,x0,0	  x0:0x00000000
        7895000	       788	80000140	00008817	auipc	x16,0x8	 x16=0x8000813c
        7905000	       789	80000144	77280813	addi	x16,x16,1906	 x16:0x8000813c x16=0x800088ae
        7915000	       790	80000148	011de5b3	or	x11,x27,x17	 x27:0x71ddbe57 x17:0x7fff60a0 x11=0x7ffffef7
        7925000	       791	8000014c	fb92fd93	andi	x27,x5,-71	  x5:0x4fca0000 x27=0x4fca0000
        7935000	       792	80000150	02e80983	lb	x19,46(x16)	 x16:0x800088ae x19=0xffffff8a PA:0x800088dc
        7945000	       793	80000154	40a30ab3	sub	x21,x6,x10	  x6:0x00000000 x10:0x80000000 x21=0x80000000
        7955000	       794	80000158	d455a093	slti	x1,x11,-699	 x11:0x7ffffef7  x1=0x00000000
        7965000	       795	8000015c	00835533	srl	x10,x6,x8	  x6:0x00000000  x8:0x80000000 x10=0x00000000
        7975000	       796	80000160	00000013	addi	x0,x0,0	  x0:0x00000000
        7985000	       797	80000164	02480483	lb	x9,36(x16)	 x16:0x800088ae  x9=0xffffffa8 PA:0x800088d2
        7995000	       798	80000168	b4e27513	andi	x10,x4,-1202	  x4:0x00000000 x10=0x00000000
        8005000	       799	8000016c	ff7802a3	sb	x23,-27(x16)	 x16:0x800088ae x23:0xfbfdd097 PA:0x80008893
        8015000	       800	80000170	01dd1bb3	sll	x23,x26,x29	 x26:0x80009f84 x29:0x00000008 x23=0x009f8400
        8025000	       801	80000174	01ab8233	add	x4,x23,x26	 x23:0x009f8400 x26:0x80009f84  x4=0x80a02384
        8035000	       802	80000178	0130d113	srli	x2,x1,0x13	  x1:0x00000000  x2=0x00000000
        8045000	       803	8000017c	40c302b3	sub	x5,x6,x12	  x6:0x00000000 x12:0x00000000  x5=0x00000000
        8055000	       804	80000180	00684983	lbu	x19,6(x16)	 x16:0x800088ae x19=0x0000004f PA:0x800088b4
        8065000	       805	80000184	00000013	addi	x0,x0,0	  x0:0x00000000
        8075000	       806	80000188	b69d3513	sltiu	x10,x26,-1175	 x26:0x80009f84 x10=0x00000001
        8085000	       807	8000018c	014802a3	sb	x20,5(x16)	 x16:0x800088ae x20:0xffffffff PA:0x800088b3
        8095000	       808	80000190	00ca2fb3	slt	x31,x20,x12	 x20:0xffffffff x12:0x00000000 x31=0x00000001
        8105000	       809	80000194	ffa84b03	lbu	x22,-6(x16)	 x16:0x800088ae x22=0x000000be PA:0x800088a8
        8115000	       810	80000198	01480223	sb	x20,4(x16)	 x16:0x800088ae x20:0xffffffff PA:0x800088b2
        8125000	       811	8000019c	01372fb3	slt	x31,x14,x19	 x14:0x00000001 x19:0x0000004f x31=0x00000001
        8135000	       812	800001a0	02081f03	lh	x30,32(x16)	 x16:0x800088ae x30=0x00000f69 PA:0x800088ce
        8145000	       813	800001a4	01b5ec33	or	x24,x11,x27	 x11:0x7ffffef7 x27:0x4fca0000 x24=0x7ffffef7
        8155000	       814	800001a8	009af6b3	and	x13,x21,x9	 x21:0x80000000  x9:0xffffffa8 x13=0x80000000
        8165000	       815	800001ac	fc480a83	lb	x21,-60(x16)	 x16:0x800088ae x21=0xffffffc5 PA:0x80008872
        8175000	       816	800001b0	01a52eb3	slt	x29,x10,x26	 x10:0x00000001 x26:0x80009f84 x29=0x00000000
        8185000	       817	800001b4	00d84e03	lbu	x28,13(x16)	 x16:0x800088ae x28=0x00000061 PA:0x800088bb
        8195000	       818	800001b8	00008897	auipc	x17,0x8	 x17=0x800081b4
        8205000	       819	800001bc	11488893	addi	x17,x17,276	 x17:0x800081b4 x17=0x800082c8
        8215000	       820	800001c0	f668d803	lhu	x16,-154(x17)	 x17:0x800082c8 x16=0x0000f354 PA:0x8000822e
        8225000	       821	800001c4	f668c483	lbu	x9,-154(x17)	 x17:0x800082c8  x9=0x00000054 PA:0x8000822e
        8235000	       822	800001c8	f2f88f03	lb	x30,-209(x17)	 x17:0x800082c8 x30=0x00000072 PA:0x800081f7
        8245000	       823	800001cc	f2f88383	lb	x7,-209(x17)	 x17:0x800082c8  x7=0x00000072 PA:0x800081f7
        8255000	       824	800001d0	bac26cb7	lui	x25,0xbac26	 x25=0xbac26000
        8265000	       825	800001d4	016c36b3	sltu	x13,x24,x22	 x24:0x7ffffef7 x22:0x000000be x13=0x00000000
        8275000	       826	800001d8	f32887a3	sb	x18,-209(x17)	 x17:0x800082c8 x18:0xc081e908 PA:0x800081f7
        8285000	       827	800001dc	f2f88283	lb	x5,-209(x17)	 x17:0x800082c8  x5=0x00000008 PA:0x800081f7
        8295000	       828	800001e0	f2f8c003	lbu	x0,-209(x17)	 x17:0x800082c8 PA:0x800081f7
        8305000	       829	800001e4	fb589423	sh	x21,-88(x17)	 x17:0x800082c8 x21:0xffffffc5 PA:0x80008270
        8315000	       830	800001e8	fa88cb83	lbu	x23,-88(x17)	 x17:0x800082c8 x23=0x000000c5 PA:0x80008270
        8325000	       831	800001ec	fb888423	sb	x24,-88(x17)	 x17:0x800082c8 x24:0x7ffffef7 PA:0x80008270
        8335000	       832	800001f0	00009c17	auipc	x24,0x9	 x24=0x800091ec
        8345000	       833	800001f4	829c0c13	addi	x24,x24,-2007	 x24:0x800091ec x24=0x80008a15
        8355000	       834	800001f8	00009897	auipc	x17,0x9	 x17=0x800091f4
        8365000	       835	800001fc	a9588893	addi	x17,x17,-1387	 x17:0x800091f4 x17=0x80008c89
        8375000	       836	80000200	32e88a23	sb	x14,820(x17)	 x17:0x80008c89 x14:0x00000001 PA:0x80008fbd
        8385000	       837	80000204	f1ac0f83	lb	x31,-230(x24)	 x24:0x80008a15 x31=0x0000004d PA:0x8000892f
        8395000	       838	80000208	f2bc0823	sb	x11,-208(x24)	 x24:0x80008a15 x11:0x7ffffef7 PA:0x80008945
        8405000	       839	8000020c	00008217	auipc	x4,0x8	  x4=0x80008208
        8415000	       840	80000210	7c620213	addi	x4,x4,1990	  x4:0x80008208  x4=0x800089ce
        8425000	       841	80000214	f20c0983	lb	x19,-224(x24)	 x24:0x80008a15 x19=0x00000039 PA:0x80008935
        8435000	       842	80000218	3ea21e23	sh	x10,1020(x4)	  x4:0x800089ce x10:0x00000001 PA:0x80008dca
        8445000	       843	8000021c	f90c05a3	sb	x16,-117(x24)	 x24:0x80008a15 x16:0x0000f354 PA:0x800089a0
        8455000	       844	80000220	dcb88703	lb	x14,-565(x17)	 x17:0x80008c89 x14=0x00000031 PA:0x80008a54
        8465000	       845	80000224	c678aba3	sw	x7,-905(x17)	 x17:0x80008c89  x7:0x00000072 PA:0x80008900
        8475000	       846	80000228	12a88b23	sb	x10,310(x17)	 x17:0x80008c89 x10:0x00000001 PA:0x80008dbf
        8485000	       847	8000022c	43f20a03	lb	x20,1087(x4)	  x4:0x800089ce x20=0x0000006b PA:0x80008e0d
        8495000	       848	80000230	f40c4803	lbu	x16,-192(x24)	 x24:0x80008a15 x16=0x000000b1 PA:0x80008955
        8505000	       849	80000234	fe4c4083	lbu	x1,-28(x24)	 x24:0x80008a15  x1=0x00000037 PA:0x800089f9
        8515000	       850	80000238	f5bc4983	lbu	x19,-165(x24)	 x24:0x80008a15 x19=0x00000099 PA:0x80008970
        8525000	       851	8000023c	f2bc1003	lh	x0,-213(x24)	 x24:0x80008a15 PA:0x80008940
        8535000	       852	80000240	d1c8c983	lbu	x19,-740(x17)	 x17:0x80008c89 x19=0x0000005f PA:0x800089a5
        8545000	       853	80000244	52720e23	sb	x7,1340(x4)	  x4:0x800089ce  x7:0x00000072 PA:0x80008f0a
        8555000	       854	80000248	be488e03	lb	x28,-1052(x17)	 x17:0x80008c89 x28=0xffffffbe PA:0x8000886d
        8565000	       855	8000024c	0dec4703	lbu	x14,222(x24)	 x24:0x80008a15 x14=0x0000002c PA:0x80008af3
        8575000	       856	80000250	25424e03	lbu	x28,596(x4)	  x4:0x800089ce x28=0x00000053 PA:0x80008c22
        8585000	       857	80000254	2a68ce03	lbu	x28,678(x17)	 x17:0x80008c89 x28=0x00000040 PA:0x80008f2f
        8595000	       858	80000258	07589b83	lh	x23,117(x17)	 x17:0x80008c89 x23=0xffffd235 PA:0x80008cfe
        8605000	       859	8000025c	f59c5e03	lhu	x28,-167(x24)	 x24:0x80008a15 x28=0x00007289 PA:0x8000896e
        8615000	       860	80000260	50f21a23	sh	x15,1300(x4)	  x4:0x800089ce x15:0x80009fc4 PA:0x80008ee2
        8625000	       861	80000264	00008117	auipc	x2,0x8	  x2=0x80008260
        8635000	       862	80000268	63c10113	addi	x2,x2,1596	  x2:0x80008260  x2=0x8000889c
        8645000	       863	8000026c	018a0233	add	x4,x20,x24	 x20:0x0000006b x24:0x80008a15  x4=0x80008a80
        8655000	       864	80000270	01d10f23	sb	x29,30(x2)	  x2:0x8000889c x29:0x00000000 PA:0x800088ba
        8665000	       865	80000274	01e15983	lhu	x19,30(x2)	  x2:0x8000889c x19=0x00006100 PA:0x800088ba
        8675000	       866	80000278	fcc103a3	sb	x12,-57(x2)	  x2:0x8000889c x12:0x00000000 PA:0x80008863
        8685000	       867	8000027c	40a80eb3	sub	x29,x16,x10	 x16:0x000000b1 x10:0x00000001 x29=0x000000b0
        8695000	       868	80000280	fef14283	lbu	x5,-17(x2)	  x2:0x8000889c  x5=0x00000028 PA:0x8000888b
        8705000	       869	80000284	a4e4cf93	xori	x31,x9,-1458	  x9:0x00000054 x31=0xfffffa1a
        8715000	       870	80000288	04014c83	lbu	x25,64(x2)	  x2:0x8000889c x25=0x0000008a PA:0x800088dc
        8725000	       871	8000028c	07f2e693	ori	x13,x5,127	  x5:0x00000028 x13=0x0000007f
        8735000	       872	80000290	00c10b83	lb	x23,12(x2)	  x2:0x8000889c x23=0xffffffbe PA:0x800088a8
        8745000	       873	80000294	00d9a233	slt	x4,x19,x13	 x19:0x00006100 x13:0x0000007f  x4=0x00000000
        8755000	       874	80000298	fe911223	sh	x9,-28(x2)	  x2:0x8000889c  x9:0x00000054 PA:0x80008880
        8765000	       875	8000029c	fe415b83	lhu	x23,-28(x2)	  x2:0x8000889c x23=0x00000054 PA:0x80008880
        8775000	       876	800002a0	fe712223	sw	x7,-28(x2)	  x2:0x8000889c  x7:0x00000072 PA:0x80008880
        8785000	       877	800002a4	00f14183	lbu	x3,15(x2)	  x2:0x8000889c  x3=0x00000056 PA:0x800088ab
        8795000	       878	800002a8	00f14083	lbu	x1,15(x2)	  x2:0x8000889c  x1=0x00000056 PA:0x800088ab
        8805000	       879	800002ac	00f10183	lb	x3,15(x2)	  x2:0x8000889c  x3=0x00000056 PA:0x800088ab
        8815000	       880	800002b0	fe714583	lbu	x11,-25(x2)	  x2:0x8000889c x11=0x00000000 PA:0x80008883
        8825000	       881	800002b4	00008f17	auipc	x30,0x8	 x30=0x800082b0
        8835000	       882	800002b8	f58f0f13	addi	x30,x30,-168	 x30:0x800082b0 x30=0x80008208
        8845000	       883	800002bc	00008e97	auipc	x29,0x8	 x29=0x800082b8
        8855000	       884	800002c0	0d5e8e93	addi	x29,x29,213	 x29:0x800082b8 x29=0x8000838d
        8865000	       885	800002c4	fe6f0fa3	sb	x6,-1(x30)	 x30:0x80008208  x6:0x00000000 PA:0x80008207
        8875000	       886	800002c8	017e8a03	lb	x20,23(x29)	 x29:0x8000838d x20=0xfffffff4 PA:0x800083a4
        8885000	       887	800002cc	ffcf0823	sb	x28,-16(x30)	 x30:0x80008208 x28:0x00007289 PA:0x800081f8
        8895000	       888	800002d0	fecf2823	sw	x12,-16(x30)	 x30:0x80008208 x12:0x00000000 PA:0x800081f8
        8905000	       889	800002d4	007f0983	lb	x19,7(x30)	 x30:0x80008208 x19=0xffffff81 PA:0x8000820f
        8915000	       890	800002d8	ff6ec983	lbu	x19,-10(x29)	 x29:0x8000838d x19=0x0000004a PA:0x80008383
        8925000	       891	800002dc	44de8a83	lb	x21,1101(x29)	 x29:0x8000838d x21=0xffffff8d PA:0x800087da
        8935000	       892	800002e0	ffdf1923	sh	x29,-14(x30)	 x30:0x80008208 x29:0x8000838d PA:0x800081fa
        8945000	       893	800002e4	cdce8603	lb	x12,-804(x29)	 x29:0x8000838d x12=0x00000004 PA:0x80008069
        8955000	       894	00000000	00000013	addi	x0,x0,0	  x0:0x00000000
        8965000	       895	800002e8	00cf2b03	lw	x22,12(x30)	 x30:0x80008208 x22=0xe76b8adc PA:0x80008214
        8975000	       896	800002ec	de8e8f83	lb	x31,-536(x29)	 x29:0x8000838d x31=0x0000005b PA:0x80008175
        8985000	       897	800002f0	00ff0683	lb	x13,15(x30)	 x30:0x80008208 x13=0xffffffe7 PA:0x80008217
        8995000	       898	800002f4	dd3ec483	lbu	x9,-557(x29)	 x29:0x8000838d  x9=0x00000005 PA:0x80008160
        9005000	       899	800002f8	34be90a3	sh	x11,833(x29)	 x29:0x8000838d x11:0x00000000 PA:0x800086ce
        9015000	       900	800002fc	ff9f4b83	lbu	x23,-7(x30)	 x30:0x80008208 x23=0x00000019 PA:0x80008201
        9025000	       901	80000300	ffff0ea3	sb	x31,-3(x30)	 x30:0x80008208 x31:0x0000005b PA:0x80008205
        9035000	       902	80000304	fcaec503	lbu	x10,-54(x29)	 x29:0x8000838d x10=0x00000046 PA:0x80008357
        9045000	       903	80000308	00008097	auipc	x1,0x8	  x1=0x80008304
        9055000	       904	8000030c	e1608093	addi	x1,x1,-490	  x1:0x80008304  x1=0x8000811a
        9065000	       905	80000310	00008c97	auipc	x25,0x8	 x25=0x8000830c
        9075000	       906	80000314	400c8c93	addi	x25,x25,1024	 x25:0x8000830c x25=0x8000870c
        9085000	       907	80000318	d7ac9d23	sh	x26,-646(x25)	 x25:0x8000870c x26:0x80009f84 PA:0x80008486
        9095000	       908	8000031c	0a908483	lb	x9,169(x1)	  x1:0x8000811a  x9=0x0000004b PA:0x800081c3
        9105000	       909	80000320	0520c203	lbu	x4,82(x1)	  x1:0x8000811a  x4=0x000000d8 PA:0x8000816c
        9115000	       910	80000324	f2bc8e83	lb	x29,-213(x25)	 x25:0x8000870c x29=0x00000014 PA:0x80008637
        9125000	       911	80000328	f9c0c003	lbu	x0,-100(x1)	  x1:0x8000811a PA:0x800080b6
        9135000	       912	8000032c	b93c8fa3	sb	x19,-1121(x25)	 x25:0x8000870c x19:0x0000004a PA:0x800082ab
        9145000	       913	80000330	f96c8683	lb	x13,-106(x25)	 x25:0x8000870c x13=0xffffffeb PA:0x800086a2
        9155000	       914	80000334	09f0ce83	lbu	x29,159(x1)	  x1:0x8000811a x29=0x00000000 PA:0x800081b9
        9165000	       915	80000338	fca08a23	sb	x10,-44(x1)	  x1:0x8000811a x10:0x00000046 PA:0x800080ee
        9175000	       916	8000033c	01dc8803	lb	x16,29(x25)	 x25:0x8000870c x16=0x0000002b PA:0x80008729
        9185000	       917	80000340	feac8503	lb	x10,-22(x25)	 x25:0x8000870c x10=0x00000030 PA:0x800086f6
        9195000	       918	80000344	f9108ea3	sb	x17,-99(x1)	  x1:0x8000811a x17:0x80008c89 PA:0x800080b7
        9205000	       919	80000348	a98caf83	lw	x31,-1384(x25)	 x25:0x8000870c x31=0xf33fe335 PA:0x800081a4
        9215000	       920	8000034c	c86c8a83	lb	x21,-890(x25)	 x25:0x8000870c x21=0x0000001e PA:0x80008392
        9225000	       921	80000350	f3209983	lh	x19,-206(x1)	  x1:0x8000811a x19=0xfffffb32 PA:0x8000804c
        9235000	       922	80000354	05608da3	sb	x22,91(x1)	  x1:0x8000811a x22:0xe76b8adc PA:0x80008175
        9245000	       923	80000358	0b6085a3	sb	x22,171(x1)	  x1:0x8000811a x22:0xe76b8adc PA:0x800081c5
        9255000	       924	8000035c	c93cc503	lbu	x10,-877(x25)	 x25:0x8000870c x10=0x00000066 PA:0x8000839f
        9265000	       925	80000360	bbacd883	lhu	x17,-1094(x25)	 x25:0x8000870c x17=0x00008745 PA:0x800082c6
        9275000	       926	80000364	00008097	auipc	x1,0x8	  x1=0x80008360
        9285000	       927	80000368	5d008093	addi	x1,x1,1488	  x1:0x80008360  x1=0x80008930
        9295000	       928	8000036c	0cf0c103	lbu	x2,207(x1)	  x1:0x80008930  x2=0x00000082 PA:0x800089ff
        9305000	       929	80000370	0e90a823	sw	x9,240(x1)	  x1:0x80008930  x9:0x0000004b PA:0x80008a20
        9315000	       930	80000374	05b08503	lb	x10,91(x1)	  x1:0x80008930 x10=0x00000021 PA:0x8000898b
        9325000	       931	80000378	0f708003	lb	x0,247(x1)	  x1:0x80008930 PA:0x80008a27
        9335000	       932	8000037c	00c0b933	sltu	x18,x1,x12	  x1:0x80008930 x12:0x00000004 x18=0x00000000
        9345000	       933	80000380	db74cd93	xori	x27,x9,-585	  x9:0x0000004b x27=0xfffffdfc
        9355000	       934	80000384	f920d583	lhu	x11,-110(x1)	  x1:0x80008930 x11=0x00001abd PA:0x800088c2
        9365000	       935	80000388	27d62693	slti	x13,x12,637	 x12:0x00000004 x13=0x00000001
        9375000	       936	8000038c	0ae080a3	sb	x14,161(x1)	  x1:0x80008930 x14:0x0000002c PA:0x800089d1
        9385000	       937	80000390	f3808da3	sb	x24,-197(x1)	  x1:0x80008930 x24:0x80008a15 PA:0x8000886b
        9395000	       938	80000394	006626b3	slt	x13,x12,x6	 x12:0x00000004  x6:0x00000000 x13=0x00000000
        9405000	       939	80000398	01f17333	and	x6,x2,x31	  x2:0x00000082 x31:0xf33fe335  x6=0x00000000
        9415000	       940	8000039c	006b1d93	slli	x27,x22,0x6	 x22:0xe76b8adc x27=0xdae2b700
        9425000	       941	800003a0	0ec09283	lh	x5,236(x1)	  x1:0x80008930  x5=0xffff9624 PA:0x80008a1c
        9435000	       942	800003a4	406ad833	sra	x16,x21,x6	 x21:0x0000001e  x6:0x00000000 x16=0x0000001e
        9445000	       943	800003a8	f7508f83	lb	x31,-139(x1)	  x1:0x80008930 x31=0x0000005d PA:0x800088a5
        9455000	       944	00000000	00000013	addi	x0,x0,0	  x0:0x00000000
        9465000	       945	800003ac	f1f0cc03	lbu	x24,-225(x1)	  x1:0x80008930 x24=0x000000ba PA:0x8000884f
        9475000	       946	800003b0	00000013	addi	x0,x0,0	  x0:0x00000000
        9485000	       947	800003b4	01aa5393	srli	x7,x20,0x1a	 x20:0xfffffff4  x7=0x0000003f
        9495000	       948	800003b8	bd690d93	addi	x27,x18,-1066	 x18:0x00000000 x27=0xfffffbd6
        9505000	       949	800003bc	008bdb33	srl	x22,x23,x8	 x23:0x00000019  x8:0x80000000 x22=0x00000019
        9515000	       950	800003c0	00f17a33	and	x20,x2,x15	  x2:0x00000082 x15:0x80009fc4 x20=0x00000080
        9525000	       951	800003c4	03c0ac03	lw	x24,60(x1)	  x1:0x80008930 x24=0x7289e987 PA:0x8000896c
        9535000	       952	800003c8	ad768b13	addi	x22,x13,-1321	 x13:0x00000000 x22=0xfffffad7
        9545000	       953	800003cc	02a8b693	sltiu	x13,x17,42	 x17:0x00008745 x13=0x00000000
        9555000	       954	800003d0	06d0c183	lbu	x3,109(x1)	  x1:0x80008930  x3=0x0000000b PA:0x8000899d
        9565000	       955	800003d4	f4f08f23	sb	x15,-162(x1)	  x1:0x80008930 x15:0x80009fc4 PA:0x8000888e
        9575000	       956	800003d8	00009997	auipc	x19,0x9	 x19=0x800093d4
        9585000	       957	800003dc	a3f98993	addi	x19,x19,-1473	 x19:0x800093d4 x19=0x80008e13
        9595000	       958	800003e0	02798a03	lb	x20,39(x19)	 x19:0x80008e13 x20=0x00000011 PA:0x80008e3a
        9605000	       959	800003e4	01c52633	slt	x12,x10,x28	 x10:0x00000021 x28:0x00007289 x12=0x00000001
        9615000	       960	800003e8	02d99503	lh	x10,45(x19)	 x19:0x80008e13 x10=0x0000203d PA:0x80008e40
        9625000	       961	800003ec	41514837	lui	x16,0x41514	 x16=0x41514000
        9635000	       962	800003f0	fc09c083	lbu	x1,-64(x19)	 x19:0x80008e13  x1=0x0000006f PA:0x80008dd3
        9645000	       963	800003f4	dc3a8e93	addi	x29,x21,-573	 x21:0x0000001e x29=0xfffffde1
        9655000	       964	800003f8	fc098003	lb	x0,-64(x19)	 x19:0x80008e13 PA:0x80008dd3
        9665000	       965	800003fc	fcd98023	sb	x13,-64(x19)	 x19:0x80008e13 x13:0x00000000 PA:0x80008dd3
        9675000	       966	80000400	fc09ce83	lbu	x29,-64(x19)	 x19:0x80008e13 x29=0x00000000 PA:0x80008dd3
        9685000	       967	80000404	fc799b83	lh	x23,-57(x19)	 x19:0x80008e13 x23=0x00003759 PA:0x80008dda
        9695000	       968	80000408	fc79ca83	lbu	x21,-57(x19)	 x19:0x80008e13 x21=0x00000059 PA:0x80008dda
        9705000	       969	8000040c	fc79d183	lhu	x3,-57(x19)	 x19:0x80008e13  x3=0x00003759 PA:0x80008dda
        9715000	       970	80000410	41780e33	sub	x28,x16,x23	 x16:0x41514000 x23:0x00003759 x28=0x415108a7
        9725000	       971	80000414	fc598203	lb	x4,-59(x19)	 x19:0x80008e13  x4=0xffffff94 PA:0x80008dd8
        9735000	       972	80000418	fd7992a3	sh	x23,-59(x19)	 x19:0x80008e13 x23:0x00003759 PA:0x80008dd8
        9745000	       973	8000041c	fda9a2a3	sw	x26,-59(x19)	 x19:0x80008e13 x26:0x80009f84 PA:0x80008dd8
        9755000	       974	80000420	9b516493	ori	x9,x2,-1611	  x2:0x00000082  x9=0xfffff9b7
        9765000	       975	80000424	fc3982a3	sb	x3,-59(x19)	 x19:0x80008e13  x3:0x00003759 PA:0x80008dd8
        9775000	       976	80000428	e0b30893	addi	x17,x6,-501	  x6:0x00000000 x17=0xfffffe0b
        9785000	       977	8000042c	fec98c83	lb	x25,-20(x19)	 x19:0x80008e13 x25=0xffffffee PA:0x80008dff
        9795000	       978	80000430	01a98c03	lb	x24,26(x19)	 x19:0x80008e13 x24=0xffffffcb PA:0x80008e2d
        9805000	       979	80000434	00008117	auipc	x2,0x8	  x2=0x80008430
        9815000	       980	80000438	0d510113	addi	x2,x2,213	  x2:0x80008430  x2=0x80008505
        9825000	       981	8000043c	00010423	sb	x0,8(x2)	  x2:0x80008505  x0:0x00000000 PA:0x8000850d
        9835000	       982	80000440	01f10223	sb	x31,4(x2)	  x2:0x80008505 x31:0x0000005d PA:0x80008509
        9845000	       983	80000444	00110523	sb	x1,10(x2)	  x2:0x80008505  x1:0x0000006f PA:0x8000850f
        9855000	       984	80000448	010d5f93	srli	x31,x26,0x10	 x26:0x80009f84 x31=0x00008000
        9865000	       985	8000044c	ff010d83	lb	x27,-16(x2)	  x2:0x80008505 x27=0xffffffb9 PA:0x800084f5
        9875000	       986	80000450	bd741497	auipc	x9,0xbd741	  x9=0x3d74144c
        9885000	       987	80000454	00514203	lbu	x4,5(x2)	  x2:0x80008505  x4=0x000000c5 PA:0x8000850a
        9895000	       988	80000458	ff810d83	lb	x27,-8(x2)	  x2:0x80008505 x27=0xffffffaf PA:0x800084fd
        9905000	       989	8000045c	769bfc13	andi	x24,x23,1897	 x23:0x00003759 x24=0x00000749
        9915000	       990	80000460	0065c2b3	xor	x5,x11,x6	 x11:0x00001abd  x6:0x00000000  x5=0x00001abd
        9925000	       991	80000464	00114a03	lbu	x20,1(x2)	  x2:0x80008505 x20=0x0000002f PA:0x80008506
        9935000	       992	80000468	00911903	lh	x18,9(x2)	  x2:0x80008505 x18=0x00006f0e PA:0x8000850e
        9945000	       993	8000046c	01efe593	ori	x11,x31,30	 x31:0x00008000 x11=0x0000801e
        9955000	       994	80000470	00925193	srli	x3,x4,0x9	  x4:0x000000c5  x3=0x00000000
        9965000	       995	80000474	01a0df13	srli	x30,x1,0x1a	  x1:0x0000006f x30=0x00000000
        9975000	       996	80000478	ff915003	lhu	x0,-7(x2)	  x2:0x80008505 PA:0x800084fe
        9985000	       997	8000047c	fe811aa3	sh	x8,-11(x2)	  x2:0x80008505  x8:0x80000000 PA:0x800084fa
        9995000	       998	80000480	00314903	lbu	x18,3(x2)	  x2:0x80008505 x18=0x0000006c PA:0x80008508
       10005000	       999	80000484	01689a13	slli	x20,x17,0x16	 x17:0xfffffe0b x20=0x82c00000
       10015000	      1000	80000488	0173ae33	slt	x28,x7,x23	  x7:0x0000003f x23:0x00003759 x28=0x00000001
       10025000	      1001	8000048c	4682fa13	andi	x20,x5,1128	  x5:0x00001abd x20=0x00000028
       10035000	      1002	80000490	010f5c13	srli	x24,x30,0x10	 x30:0x00000000 x24=0x00000000
       10045000	      1003	80000494	403dd233	sra	x4,x27,x3	 x27:0xffffffaf  x3:0x00000000  x4=0xffffffaf
       10055000	      1004	80000498	00ade733	or	x14,x27,x10	 x27:0xffffffaf x10:0x0000203d x14=0xffffffbf
       10065000	      1005	8000049c	c09e0bb7	lui	x23,0xc09e0	 x23=0xc09e0000
       10075000	      1006	800004a0	ff311603	lh	x12,-13(x2)	  x2:0x80008505 x12=0x0000069e PA:0x800084f8
       10085000	      1007	800004a4	ffb11ba3	sh	x27,-9(x2)	  x2:0x80008505 x27:0xffffffaf PA:0x800084fc
       10095000	      1008	800004a8	018a9f33	sll	x30,x21,x24	 x21:0x00000059 x24:0x00000000 x30=0x00000059
       10105000	      1009	800004ac	01351693	slli	x13,x10,0x13	 x10:0x0000203d x13=0x01e80000
       10115000	      1010	800004b0	00339493	slli	x9,x7,0x3	  x7:0x0000003f  x9=0x000001f8
       10125000	      1011	800004b4	b9652213	slti	x4,x10,-1130	 x10:0x0000203d  x4=0x00000000
       10135000	      1012	800004b8	011f9db3	sll	x27,x31,x17	 x31:0x00008000 x17:0xfffffe0b x27=0x04000000
       10145000	      1013	800004bc	ffe10483	lb	x9,-2(x2)	  x2:0x80008505  x9=0x00000065 PA:0x80008503
       10155000	      1014	800004c0	ffe14a83	lbu	x21,-2(x2)	  x2:0x80008505 x21=0x00000065 PA:0x80008503
       10165000	      1015	800004c4	00510083	lb	x1,5(x2)	  x2:0x80008505  x1=0xffffffc5 PA:0x8000850a
       10175000	      1016	800004c8	fe210d23	sb	x2,-6(x2)	  x2:0x80008505  x2:0x80008505 PA:0x800084ff
       10185000	      1017	800004cc	00c14c83	lbu	x25,12(x2)	  x2:0x80008505 x25=0x0000002c PA:0x80008511
       10195000	      1018	800004d0	00b385b3	add	x11,x7,x11	  x7:0x0000003f x11:0x0000801e x11=0x0000805d
       10205000	      1019	800004d4	00a10e03	lb	x28,10(x2)	  x2:0x80008505 x28=0x0000006f PA:0x8000850f
       10215000	      1020	800004d8	ff214d83	lbu	x27,-14(x2)	  x2:0x80008505 x27=0x000000ac PA:0x800084f7
       10225000	      1021	800004dc	fff10d83	lb	x27,-1(x2)	  x2:0x80008505 x27=0x0000006e PA:0x80008504
       10235000	      1022	800004e0	00814803	lbu	x16,8(x2)	  x2:0x80008505 x16=0x00000000 PA:0x8000850d
       10245000	      1023	800004e4	01410323	sb	x20,6(x2)	  x2:0x80008505 x20:0x00000028 PA:0x8000850b
       10255000	      1024	800004e8	ff710083	lb	x1,-9(x2)	  x2:0x80008505  x1=0xffffffaf PA:0x800084fc
       10265000	      1025	800004ec	00000013	addi	x0,x0,0	  x0:0x00000000
       10275000	      1026	800004f0	00014003	lbu	x0,0(x2)	  x2:0x80008505 PA:0x80008505
       10285000	      1027	800004f4	ff515603	lhu	x12,-11(x2)	  x2:0x80008505 x12=0x00000000 PA:0x800084fa
       10295000	      1028	800004f8	0051c533	xor	x10,x3,x5	  x3:0x00000000  x5:0x00001abd x10=0x00001abd
       10305000	      1029	800004fc	68f34013	xori	x0,x6,1679	  x6:0x00000000
       10315000	      1030	80000500	86e0ed93	ori	x27,x1,-1938	  x1:0xffffffaf x27=0xffffffef
       10325000	      1031	80000504	1d2a6593	ori	x11,x20,466	 x20:0x00000028 x11=0x000001fa
       10335000	      1032	80000508	507eed93	ori	x27,x29,1287	 x29:0x00000000 x27=0x00000507
       10345000	      1033	8000050c	058fd263	bge	x31,x24,80000550	 x31:0x00008000 x24:0x00000000
       10355000	      1034	00000000	00000013	addi	x0,x0,0	  x0:0x00000000
       10365000	      1035	8000054c	00000013	addi	x0,x0,0	  x0:0x00000000
       10375000	      1036	80000550	02931263	bne	x6,x9,80000574	  x6:0x00000000  x9:0x00000065
       10385000	      1037	00000000	00000013	addi	x0,x0,0	  x0:0x00000000
       10395000	      1038	80000570	00000013	addi	x0,x0,0	  x0:0x00000000
       10405000	      1039	80000574	d010aa13	slti	x20,x1,-767	  x1:0xffffffaf x20=0x00000000
       10415000	      1040	80000578	000c9663	bne	x25,x0,80000584	 x25:0x0000002c  x0:0x00000000
       10425000	      1041	00000000	00000013	addi	x0,x0,0	  x0:0x00000000
       10435000	      1042	80000580	00000013	addi	x0,x0,0	  x0:0x00000000
       10445000	      1043	80000584	00fde2b3	or	x5,x27,x15	 x27:0x00000507 x15:0x80009fc4  x5=0x80009fc7
       10455000	      1044	80000588	00559633	sll	x12,x11,x5	 x11:0x000001fa  x5:0x80009fc7 x12=0x0000fd00
       10465000	      1045	8000058c	01dfdcb3	srl	x25,x31,x29	 x31:0x00008000 x29:0x00000000 x25=0x00008000
       10475000	      1046	80000590	05f75263	bge	x14,x31,800005d4	 x14:0xffffffbf x31:0x00008000
       10485000	      1047	80000594	01c08db3	add	x27,x1,x28	  x1:0xffffffaf x28:0x0000006f x27=0x0000001e
       10495000	      1048	80000598	018fafb3	slt	x31,x31,x24	 x31:0x00008000 x24:0x00000000 x31=0x00000000
       10505000	      1049	8000059c	4119d913	srai	x18,x19,0x11	 x19:0x80008e13 x18=0xffffc000
       10515000	      1050	800005a0	fbe2be93	sltiu	x29,x5,-66	  x5:0x80009fc7 x29=0x00000001
       10525000	      1051	800005a4	35feed93	ori	x27,x29,863	 x29:0x00000001 x27=0x0000035f
       10535000	      1052	800005a8	054dc863	blt	x27,x20,800005f8	 x27:0x0000035f x20:0x00000000
       10545000	      1053	800005ac	f5b460b7	lui	x1,0xf5b46	  x1=0xf5b46000
       10555000	      1054	800005b0	40f703b3	sub	x7,x14,x15	 x14:0xffffffbf x15:0x80009fc4  x7=0x7fff5ffb
       10565000	      1055	800005b4	12b6cc13	xori	x24,x13,299	 x13:0x01e80000 x24=0x01e8012b
       10575000	      1056	800005b8	05667063	bgeu	x12,x22,800005f8	 x12:0x0000fd00 x22:0xfffffad7
       10585000	      1057	800005bc	413f0233	sub	x4,x30,x19	 x30:0x00000059 x19:0x80008e13  x4=0x7fff7246
       10595000	      1058	800005c0	0518e863	bltu	x17,x17,80000610	 x17:0xfffffe0b x17:0xfffffe0b
       10605000	      1059	800005c4	00c772b3	and	x5,x14,x12	 x14:0xffffffbf x12:0x0000fd00  x5=0x0000fd00
       10615000	      1060	800005c8	d7d78a13	addi	x20,x15,-643	 x15:0x80009fc4 x20=0x80009d41
       10625000	      1061	800005cc	4665a393	slti	x7,x11,1126	 x11:0x000001fa  x7=0x00000001
       10635000	      1062	800005d0	0538f263	bgeu	x17,x19,80000614	 x17:0xfffffe0b x19:0x80008e13
       10645000	      1063	00000000	00000013	addi	x0,x0,0	  x0:0x00000000
       10655000	      1064	80000610	00000013	addi	x0,x0,0	  x0:0x00000000
       10665000	      1065	80000614	01185733	srl	x14,x16,x17	 x16:0x00000000 x17:0xfffffe0b x14=0x00000000
       10675000	      1066	80000618	00eb5f33	srl	x30,x22,x14	 x22:0xfffffad7 x14:0x00000000 x30=0xfffffad7
       10685000	      1067	8000061c	db586e13	ori	x28,x16,-587	 x16:0x00000000 x28=0xfffffdb5
       10695000	      1068	80000620	0175b5b3	sltu	x11,x11,x23	 x11:0x000001fa x23:0xc09e0000 x11=0x00000001
       10705000	      1069	80000624	01824fb3	xor	x31,x4,x24	  x4:0x7fff7246 x24:0x01e8012b x31=0x7e17736d
       10715000	      1070	80000628	0b36e993	ori	x19,x13,179	 x13:0x01e80000 x19=0x01e800b3
       10725000	      1071	8000062c	94e67993	andi	x19,x12,-1714	 x12:0x0000fd00 x19=0x0000f900
       10735000	      1072	80000630	409b5033	sra	x0,x22,x9	 x22:0xfffffad7  x9:0x00000065
       10745000	      1073	80000634	014382b3	add	x5,x7,x20	  x7:0x00000001 x20:0x80009d41  x5=0x80009d42
       10755000	      1074	80000638	003f2033	slt	x0,x30,x3	 x30:0xfffffad7  x3:0x00000000
       10765000	      1075	8000063c	03d25263	bge	x4,x29,80000660	  x4:0x7fff7246 x29:0x00000001
       10775000	      1076	00000000	00000013	addi	x0,x0,0	  x0:0x00000000
       10785000	      1077	8000065c	00000013	addi	x0,x0,0	  x0:0x00000000
       10795000	      1078	80000660	000ee4b3	or	x9,x29,x0	 x29:0x00000001  x0:0x00000000  x9=0x00000001
       10805000	      1079	80000664	01cd4eb3	xor	x29,x26,x28	 x26:0x80009f84 x28:0xfffffdb5 x29=0x7fff6231
       10815000	      1080	80000668	40055213	srai	x4,x10,0x0	 x10:0x00001abd  x4=0x00001abd
       10825000	      1081	8000066c	02908863	beq	x1,x9,8000069c	  x1:0xf5b46000  x9:0x00000001
       10835000	      1082	80000670	03579463	bne	x15,x21,80000698	 x15:0x80009fc4 x21:0x00000065
       10845000	      1083	00000000	00000013	addi	x0,x0,0	  x0:0x00000000
       10855000	      1084	80000694	00000013	addi	x0,x0,0	  x0:0x00000000
       10865000	      1085	80000698	40815b93	srai	x23,x2,0x8	  x2:0x80008505 x23=0xff800085
       10875000	      1086	8000069c	00f17b33	and	x22,x2,x15	  x2:0x80008505 x15:0x80009fc4 x22=0x80008504
       10885000	      1087	800006a0	40558233	sub	x4,x11,x5	 x11:0x00000001  x5:0x80009d42  x4=0x7fff62bf
       10895000	      1088	800006a4	00000997	auipc	x19,0x0	 x19=0x800006a0
       10905000	      1089	800006a8	48898993	addi	x19,x19,1160	 x19:0x800006a0 x19=0x80000b28
       10915000	      1090	800006ac	00000013	addi	x0,x0,0	  x0:0x00000000
       10925000	      1091	800006b0	010320b3	slt	x1,x6,x16	  x6:0x00000000 x16:0x00000000  x1=0x00000000
       10935000	      1092	800006b4	1cb98993	addi	x19,x19,459	 x19:0x80000b28 x19=0x80000cf3
       10945000	      1093	800006b8	0084a733	slt	x14,x9,x8	  x9:0x00000001  x8:0x80000000 x14=0x00000000
       10955000	      1094	800006bc	01655513	srli	x10,x10,0x16	 x10:0x00001abd x10=0x00000000
       10965000	      1095	800006c0	e35980e7	jalr	x1,x19,-459	 x19:0x80000cf3  x1=0x800006c0
       10975000	      1096	00000000	00000013	addi	x0,x0,0	  x0:0x00000000
       10985000	      1097	80000b28	00000013	addi	x0,x0,0	  x0:0x00000000
       10995000	      1098	80000b2c	00000013	addi	x0,x0,0	  x0:0x00000000
       11005000	      1099	80000b30	fdcd0d13	addi	x26,x26,-36	 x26:0x80009f84 x26=0x80009f60
       11015000	      1100	80000b34	014cce33	xor	x28,x25,x20	 x25:0x00008000 x20:0x80009d41 x28=0x80001d41
       11025000	      1101	80000b38	409f04b3	sub	x9,x30,x9	 x30:0xfffffad7  x9:0x00000001  x9=0xfffffad6
       11035000	      1102	80000b3c	0058d9b3	srl	x19,x17,x5	 x17:0xfffffe0b  x5:0x80009d42 x19=0x3fffff82
       11045000	      1103	80000b40	001d2223	sw	x1,4(x26)	 x26:0x80009f60  x1:0x800006c0 PA:0x80009f64
       11055000	      1104	80000b44	00000013	addi	x0,x0,0	  x0:0x00000000
       11065000	      1105	80000b48	00008897	auipc	x17,0x8	 x17=0x80008b44
       11075000	      1106	80000b4c	3fe88893	addi	x17,x17,1022	 x17:0x80008b44 x17=0x80008f42
       11085000	      1107	80000b50	00008617	auipc	x12,0x8	 x12=0x80008b4c
       11095000	      1108	80000b54	e5560613	addi	x12,x12,-427	 x12:0x80008b4c x12=0x800089a1
       11105000	      1109	80000b58	fe460e23	sb	x4,-4(x12)	 x12:0x800089a1  x4:0x7fff62bf PA:0x8000899d
       11115000	      1110	80000b5c	a3d88b23	sb	x29,-1482(x17)	 x17:0x80008f42 x29:0x7fff6231 PA:0x80008978
       11125000	      1111	80000b60	00c60f03	lb	x30,12(x12)	 x12:0x800089a1 x30=0xfffffff1 PA:0x800089ad
       11135000	      1112	80000b64	03860323	sb	x24,38(x12)	 x12:0x800089a1 x24:0x01e8012b PA:0x800089c7
       11145000	      1113	80000b68	feb609a3	sb	x11,-13(x12)	 x12:0x800089a1 x11:0x00000001 PA:0x80008994
       11155000	      1114	80000b6c	00464003	lbu	x0,4(x12)	 x12:0x800089a1 PA:0x800089a5
       11165000	      1115	80000b70	df58ce83	lbu	x29,-523(x17)	 x17:0x80008f42 x29=0x000000f1 PA:0x80008d37
       11175000	      1116	80000b74	02f8cc03	lbu	x24,47(x17)	 x17:0x80008f42 x24=0x00000054 PA:0x80008f71
       11185000	      1117	80000b78	fc864203	lbu	x4,-56(x12)	 x12:0x800089a1  x4=0x000000d4 PA:0x80008969
       11195000	      1118	80000b7c	96088503	lb	x10,-1696(x17)	 x17:0x80008f42 x10=0x0000000d PA:0x800088a2
       11205000	      1119	80000b80	f488af23	sw	x8,-162(x17)	 x17:0x80008f42  x8:0x80000000 PA:0x80008ea0
       11215000	      1120	80000b84	ffb61803	lh	x16,-5(x12)	 x12:0x800089a1 x16=0xffffbfeb PA:0x8000899c
       11225000	      1121	80000b88	ff260e03	lb	x28,-14(x12)	 x12:0x800089a1 x28=0x00000058 PA:0x80008993
       11235000	      1122	80000b8c	00008697	auipc	x13,0x8	 x13=0x80008b88
       11245000	      1123	80000b90	0fb68693	addi	x13,x13,251	 x13:0x80008b88 x13=0x80008c83
       11255000	      1124	80000b94	fee68f23	sb	x14,-2(x13)	 x13:0x80008c83 x14:0x00000000 PA:0x80008c81
       11265000	      1125	80000b98	408ad733	sra	x14,x21,x8	 x21:0x00000065  x8:0x80000000 x14=0x00000065
       11275000	      1126	80000b9c	008662b3	or	x5,x12,x8	 x12:0x800089a1  x8:0x80000000  x5=0x800089a1
       11285000	      1127	80000ba0	ff668fa3	sb	x22,-1(x13)	 x13:0x80008c83 x22:0x80008504 PA:0x80008c82
       11295000	      1128	80000ba4	fe968f23	sb	x9,-2(x13)	 x13:0x80008c83  x9:0xfffffad6 PA:0x80008c81
       11305000	      1129	80000ba8	ffd6c083	lbu	x1,-3(x13)	 x13:0x80008c83  x1=0x000000ef PA:0x80008c80
       11315000	      1130	80000bac	00e68a83	lb	x21,14(x13)	 x13:0x80008c83 x21=0xffffffeb PA:0x80008c91
       11325000	      1131	80000bb0	00369a83	lh	x21,3(x13)	 x13:0x80008c83 x21=0xffffffff PA:0x80008c86
       11335000	      1132	80000bb4	ff8699a3	sh	x24,-13(x13)	 x13:0x80008c83 x24:0x00000054 PA:0x80008c76
       11345000	      1133	80000bb8	ffe68483	lb	x9,-2(x13)	 x13:0x80008c83  x9=0xffffffd6 PA:0x80008c81
       11355000	      1134	80000bbc	40ea8033	sub	x0,x21,x14	 x21:0xffffffff x14:0x00000065
       11365000	      1135	80000bc0	ff96d903	lhu	x18,-7(x13)	 x13:0x80008c83 x18=0x00009fe1 PA:0x80008c7c
       11375000	      1136	80000bc4	0106a2a3	sw	x16,5(x13)	 x13:0x80008c83 x16:0xffffbfeb PA:0x80008c88
       11385000	      1137	80000bc8	405cdf33	sra	x30,x25,x5	 x25:0x00008000  x5:0x800089a1 x30=0x00004000
       11395000	      1138	80000bcc	01e3f033	and	x0,x7,x30	  x7:0x00000001 x30:0x00004000
       11405000	      1139	80000bd0	fe768d23	sb	x7,-6(x13)	 x13:0x80008c83  x7:0x00000001 PA:0x80008c7d
       11415000	      1140	80000bd4	ff668903	lb	x18,-10(x13)	 x13:0x80008c83 x18=0xffffff85 PA:0x80008c79
       11425000	      1141	80000bd8	b624ef93	ori	x31,x9,-1182	  x9:0xffffffd6 x31=0xfffffff6
       11435000	      1142	80000bdc	00a68283	lb	x5,10(x13)	 x13:0x80008c83  x5=0x0000002b PA:0x80008c8d
       11445000	      1143	80000be0	0126a0a3	sw	x18,1(x13)	 x13:0x80008c83 x18:0xffffff85 PA:0x80008c84
       11455000	      1144	80000be4	ff468c83	lb	x25,-12(x13)	 x13:0x80008c83 x25=0x00000000 PA:0x80008c77
       11465000	      1145	80000be8	005a1db3	sll	x27,x20,x5	 x20:0x80009d41  x5:0x0000002b x27=0x04ea0800
       11475000	      1146	80000bec	0086c583	lbu	x11,8(x13)	 x13:0x80008c83 x11=0x000000ff PA:0x80008c8b
       11485000	      1147	80000bf0	0046cc83	lbu	x25,4(x13)	 x13:0x80008c83 x25=0x000000ff PA:0x80008c87
       11495000	      1148	80000bf4	ff76d483	lhu	x9,-9(x13)	 x13:0x80008c83  x9=0x0000572b PA:0x80008c7a
       11505000	      1149	80000bf8	01068723	sb	x16,14(x13)	 x13:0x80008c83 x16:0xffffbfeb PA:0x80008c91
       11515000	      1150	80000bfc	01abecb3	or	x25,x23,x26	 x23:0xff800085 x26:0x80009f60 x25=0xff809fe5
       11525000	      1151	80000c00	40abdfb3	sra	x31,x23,x10	 x23:0xff800085 x10:0x0000000d x31=0xfffffc00
       11535000	      1152	80000c04	ff769b03	lh	x22,-9(x13)	 x13:0x80008c83 x22=0x0000572b PA:0x80008c7a
       11545000	      1153	80000c08	002690a3	sh	x2,1(x13)	 x13:0x80008c83  x2:0x80008505 PA:0x80008c84
       11555000	      1154	80000c0c	01e5d893	srli	x17,x11,0x1e	 x11:0x000000ff x17=0x00000000
       11565000	      1155	80000c10	406059b3	sra	x19,x0,x6	  x0:0x00000000  x6:0x00000000 x19=0x00000000
       11575000	      1156	80000c14	ff368003	lb	x0,-13(x13)	 x13:0x80008c83 PA:0x80008c76
       11585000	      1157	80000c18	ff868383	lb	x7,-8(x13)	 x13:0x80008c83  x7=0x00000057 PA:0x80008c7b
       11595000	      1158	00000000	00000013	addi	x0,x0,0	  x0:0x00000000
       11605000	      1159	80000c1c	00769b83	lh	x23,7(x13)	 x13:0x80008c83 x23=0xffffffff PA:0x80008c8a
       11615000	      1160	80000c20	00a6ca83	lbu	x21,10(x13)	 x13:0x80008c83 x21=0x0000002b PA:0x80008c8d
       11625000	      1161	80000c24	ffe68583	lb	x11,-2(x13)	 x13:0x80008c83 x11=0xffffffd6 PA:0x80008c81
       11635000	      1162	80000c28	ffd6c103	lbu	x2,-3(x13)	 x13:0x80008c83  x2=0x000000ef PA:0x80008c80
       11645000	      1163	80000c2c	00008c97	auipc	x25,0x8	 x25=0x80008c28
       11655000	      1164	80000c30	c04c8c93	addi	x25,x25,-1020	 x25:0x80008c28 x25=0x8000882c
       11665000	      1165	80000c34	036c9b83	lh	x23,54(x25)	 x25:0x8000882c x23=0x0000001c PA:0x80008862
       11675000	      1166	80000c38	00e54fb3	xor	x31,x10,x14	 x10:0x0000000d x14:0x00000065 x31=0x00000068
       11685000	      1167	80000c3c	00fc8683	lb	x13,15(x25)	 x25:0x8000882c x13=0x0000002a PA:0x8000883b
       11695000	      1168	80000c40	010c88a3	sb	x16,17(x25)	 x25:0x8000882c x16:0xffffbfeb PA:0x8000883d
       11705000	      1169	80000c44	000c88a3	sb	x0,17(x25)	 x25:0x8000882c  x0:0x00000000 PA:0x8000883d
       11715000	      1170	80000c48	011cc983	lbu	x19,17(x25)	 x25:0x8000882c x19=0x00000000 PA:0x8000883d
       11725000	      1171	80000c4c	001e8f33	add	x30,x29,x1	 x29:0x000000f1  x1:0x000000ef x30=0x000001e0
       11735000	      1172	80000c50	015c88a3	sb	x21,17(x25)	 x25:0x8000882c x21:0x0000002b PA:0x8000883d
       11745000	      1173	80000c54	00c63eb3	sltu	x29,x12,x12	 x12:0x800089a1 x12:0x800089a1 x29=0x00000000
       11755000	      1174	80000c58	011c8803	lb	x16,17(x25)	 x25:0x8000882c x16=0x0000002b PA:0x8000883d
       11765000	      1175	80000c5c	002c88a3	sb	x2,17(x25)	 x25:0x8000882c  x2:0x000000ef PA:0x8000883d
       11775000	      1176	80000c60	00ecda13	srli	x20,x25,0xe	 x25:0x8000882c x20=0x00020002
       11785000	      1177	80000c64	011cc083	lbu	x1,17(x25)	 x25:0x8000882c  x1=0x000000ef PA:0x8000883d
       11795000	      1178	80000c68	011cc683	lbu	x13,17(x25)	 x25:0x8000882c x13=0x000000ef PA:0x8000883d
       11805000	      1179	80000c6c	40f7d233	sra	x4,x15,x15	 x15:0x80009fc4 x15:0x80009fc4  x4=0xf80009fc
       11815000	      1180	80000c70	011c8183	lb	x3,17(x25)	 x25:0x8000882c  x3=0xffffffef PA:0x8000883d
       11825000	      1181	80000c74	011cc803	lbu	x16,17(x25)	 x25:0x8000882c x16=0x000000ef PA:0x8000883d
       11835000	      1182	80000c78	d3b22f13	slti	x30,x4,-709	  x4:0xf80009fc x30=0x00000001
       11845000	      1183	80000c7c	019c88a3	sb	x25,17(x25)	 x25:0x8000882c x25:0x8000882c PA:0x8000883d
       11855000	      1184	80000c80	00008117	auipc	x2,0x8	  x2=0x80008c7c
       11865000	      1185	80000c84	f2f10113	addi	x2,x2,-209	  x2:0x80008c7c  x2=0x80008bab
       11875000	      1186	80000c88	3f2128a3	sw	x18,1009(x2)	  x2:0x80008bab x18:0xffffff85 PA:0x80008f9c
       11885000	      1187	80000c8c	010cfc33	and	x24,x25,x16	 x25:0x8000882c x16:0x000000ef x24=0x0000002c
       11895000	      1188	80000c90	6cfacf93	xori	x31,x21,1743	 x21:0x0000002b x31=0x000006e4
       11905000	      1189	80000c94	3f112e03	lw	x28,1009(x2)	  x2:0x80008bab x28=0xffffff85 PA:0x80008f9c
       11915000	      1190	80000c98	3e2108a3	sb	x2,1009(x2)	  x2:0x80008bab  x2:0x80008bab PA:0x80008f9c
       11925000	      1191	80000c9c	b91a0313	addi	x6,x20,-1135	 x20:0x00020002  x6=0x0001fb93
       11935000	      1192	80000ca0	3f111d83	lh	x27,1009(x2)	  x2:0x80008bab x27=0xffffffab PA:0x80008f9c
       11945000	      1193	80000ca4	ec410483	lb	x9,-316(x2)	  x2:0x80008bab  x9=0xffffffab PA:0x80008a6f
       11955000	      1194	80000ca8	f6cf7a97	auipc	x21,0xf6cf7	 x21=0x76cf7ca4
       11965000	      1195	80000cac	ec410c83	lb	x25,-316(x2)	  x2:0x80008bab x25=0xffffffab PA:0x80008a6f
       11975000	      1196	80000cb0	edf10223	sb	x31,-316(x2)	  x2:0x80008bab x31:0x000006e4 PA:0x80008a6f
       11985000	      1197	80000cb4	ec010223	sb	x0,-316(x2)	  x2:0x80008bab  x0:0x00000000 PA:0x80008a6f
       11995000	      1198	80000cb8	00919393	slli	x7,x3,0x9	  x3:0xffffffef  x7=0xffffde00
       12005000	      1199	80000cbc	ec410803	lb	x16,-316(x2)	  x2:0x80008bab x16=0x00000000 PA:0x80008a6f
       12015000	      1200	80000cc0	ec414803	lbu	x16,-316(x2)	  x2:0x80008bab x16=0x00000000 PA:0x80008a6f
       12025000	      1201	80000cc4	ec414703	lbu	x14,-316(x2)	  x2:0x80008bab x14=0x00000000 PA:0x80008a6f
       12035000	      1202	80000cc8	ec414c83	lbu	x25,-316(x2)	  x2:0x80008bab x25=0x00000000 PA:0x80008a6f
       12045000	      1203	80000ccc	ecf10223	sb	x15,-316(x2)	  x2:0x80008bab x15:0x80009fc4 PA:0x80008a6f
       12055000	      1204	80000cd0	b12cf913	andi	x18,x25,-1262	 x25:0x00000000 x18=0x00000000
       12065000	      1205	80000cd4	00508eb3	add	x29,x1,x5	  x1:0x000000ef  x5:0x0000002b x29=0x0000011a
       12075000	      1206	80000cd8	ec414b83	lbu	x23,-316(x2)	  x2:0x80008bab x23=0x000000c4 PA:0x80008a6f
       12085000	      1207	80000cdc	edb10223	sb	x27,-316(x2)	  x2:0x80008bab x27:0xffffffab PA:0x80008a6f
       12095000	      1208	80000ce0	00008897	auipc	x17,0x8	 x17=0x80008cdc
       12105000	      1209	80000ce4	22c88893	addi	x17,x17,556	 x17:0x80008cdc x17=0x80008f08
       12115000	      1210	80000ce8	00008917	auipc	x18,0x8	 x18=0x80008ce4
       12125000	      1211	80000cec	e4d90913	addi	x18,x18,-435	 x18:0x80008ce4 x18=0x80008b31
       12135000	      1212	80000cf0	39e907a3	sb	x30,911(x18)	 x18:0x80008b31 x30:0x00000001 PA:0x80008ec0
       12145000	      1213	80000cf4	00008497	auipc	x9,0x8	  x9=0x80008cf0
       12155000	      1214	80000cf8	b7648493	addi	x9,x9,-1162	  x9:0x80008cf0  x9=0x80008866
       12165000	      1215	80000cfc	72648c23	sb	x6,1848(x9)	  x9:0x80008866  x6:0x0001fb93 PA:0x80008f9e
       12175000	      1216	80000d00	fee8aa23	sw	x14,-12(x17)	 x17:0x80008f08 x14:0x00000000 PA:0x80008efc
       12185000	      1217	80000d04	14d4c703	lbu	x14,333(x9)	  x9:0x80008866 x14=0x00000012 PA:0x800089b3
       12195000	      1218	80000d08	df0900a3	sb	x16,-543(x18)	 x18:0x80008b31 x16:0x00000000 PA:0x80008912
       12205000	      1219	80000d0c	4834ce83	lbu	x29,1155(x9)	  x9:0x80008866 x29=0x00000066 PA:0x80008ce9
       12215000	      1220	80000d10	e2390803	lb	x16,-477(x18)	 x18:0x80008b31 x16=0xffffffbe PA:0x80008954
       12225000	      1221	80000d14	f9391ca3	sh	x19,-103(x18)	 x18:0x80008b31 x19:0x00000000 PA:0x80008aca
       12235000	      1222	80000d18	ff48c183	lbu	x3,-12(x17)	 x17:0x80008f08  x3=0x00000000 PA:0x80008efc
       12245000	      1223	80000d1c	ff188a83	lb	x21,-15(x17)	 x17:0x80008f08 x21=0xffffff92 PA:0x80008ef9
       12255000	      1224	80000d20	f1f90923	sb	x31,-238(x18)	 x18:0x80008b31 x31:0x000006e4 PA:0x80008a43
       12265000	      1225	80000d24	00288003	lb	x0,2(x17)	 x17:0x80008f08 PA:0x80008f0a
       12275000	      1226	80000d28	36849083	lh	x1,872(x9)	  x9:0x80008866  x1=0x00005c93 PA:0x80008bce
       12285000	      1227	80000d2c	00c8ce83	lbu	x29,12(x17)	 x17:0x80008f08 x29=0x000000da PA:0x80008f14
       12295000	      1228	80000d30	42449b83	lh	x23,1060(x9)	  x9:0x80008866 x23=0xffffffff PA:0x80008c8a
       12305000	      1229	80000d34	cfb92da3	sw	x27,-773(x18)	 x18:0x80008b31 x27:0xffffffab PA:0x8000882c
       12315000	      1230	80000d38	fe588ca3	sb	x5,-7(x17)	 x17:0x80008f08  x5:0x0000002b PA:0x80008f01
       12325000	      1231	80000d3c	2c795983	lhu	x19,711(x18)	 x18:0x80008b31 x19=0x00000a2f PA:0x80008df8
       12335000	      1232	80000d40	0df4c083	lbu	x1,223(x9)	  x9:0x80008866  x1=0x000000f7 PA:0x80008945
       12345000	      1233	80000d44	00689503	lh	x10,6(x17)	 x17:0x80008f08 x10=0xffffe768 PA:0x80008f0e
       12355000	      1234	80000d48	f5195203	lhu	x4,-175(x18)	 x18:0x80008b31  x4=0x000085c8 PA:0x80008a82
       12365000	      1235	80000d4c	ff18c383	lbu	x7,-15(x17)	 x17:0x80008f08  x7=0x00000092 PA:0x80008ef9
       12375000	      1236	80000d50	fef88ea3	sb	x15,-3(x17)	 x17:0x80008f08 x15:0x80009fc4 PA:0x80008f05
       12385000	      1237	80000d54	0ec49e83	lh	x29,236(x9)	  x9:0x80008866 x29=0x00002494 PA:0x80008952
       12395000	      1238	80000d58	0108db83	lhu	x23,16(x17)	 x17:0x80008f08 x23=0x0000ee5e PA:0x80008f18
       12405000	      1239	80000d5c	00007e17	auipc	x28,0x7	 x28=0x80007d58
       12415000	      1240	80000d60	44ae0e13	addi	x28,x28,1098	 x28:0x80007d58 x28=0x800081a2
       12425000	      1241	80000d64	00007717	auipc	x14,0x7	 x14=0x80007d60
       12435000	      1242	80000d68	47f70713	addi	x14,x14,1151	 x14:0x80007d60 x14=0x800081df
       12445000	      1243	80000d6c	0de70083	lb	x1,222(x14)	 x14:0x800081df  x1=0xffffffe2 PA:0x800082bd
       12455000	      1244	80000d70	0a870003	lb	x0,168(x14)	 x14:0x800081df PA:0x80008287
       12465000	      1245	80000d74	04f75a03	lhu	x20,79(x14)	 x14:0x800081df x20=0x0000f354 PA:0x8000822e
       12475000	      1246	80000d78	00007997	auipc	x19,0x7	 x19=0x80007d74
       12485000	      1247	80000d7c	7c998993	addi	x19,x19,1993	 x19:0x80007d74 x19=0x8000853d
       12495000	      1248	80000d80	0009cb03	lbu	x22,0(x19)	 x19:0x8000853d x22=0x00000000 PA:0x8000853d
       12505000	      1249	80000d84	00008f97	auipc	x31,0x8	 x31=0x80008d80
       12515000	      1250	80000d88	87af8f93	addi	x31,x31,-1926	 x31:0x80008d80 x31=0x800085fa
       12525000	      1251	80000d8c	051e0c83	lb	x25,81(x28)	 x28:0x800081a2 x25=0x00000060 PA:0x800081f3
       12535000	      1252	80000d90	ff3fa923	sw	x19,-14(x31)	 x31:0x800085fa x19:0x8000853d PA:0x800085ec
       12545000	      1253	80000d94	ff5e0b03	lb	x22,-11(x28)	 x28:0x800081a2 x22=0xfffffff4 PA:0x80008197
       12555000	      1254	80000d98	01e71aa3	sh	x30,21(x14)	 x14:0x800081df x30:0x00000001 PA:0x800081f4
       12565000	      1255	80000d9c	07171003	lh	x0,113(x14)	 x14:0x800081df PA:0x80008250
       12575000	      1256	80000da0	ff8f9103	lh	x2,-8(x31)	 x31:0x800085fa  x2=0x00005a51 PA:0x800085f2
       12585000	      1257	80000da4	00098023	sb	x0,0(x19)	 x19:0x8000853d  x0:0x00000000 PA:0x8000853d
       12595000	      1258	80000da8	0dee2303	lw	x6,222(x28)	 x28:0x800081a2  x6=0x743dbc9d PA:0x80008280
       12605000	      1259	80000dac	feb74003	lbu	x0,-21(x14)	 x14:0x800081df PA:0x800081ca
       12615000	      1260	80000db0	004fdc83	lhu	x25,4(x31)	 x31:0x800085fa x25=0x0000416c PA:0x800085fe
       12625000	      1261	80000db4	0f4e5f03	lhu	x30,244(x28)	 x28:0x800081a2 x30=0x0000616e PA:0x80008296
       12635000	      1262	80000db8	fa8e0fa3	sb	x8,-65(x28)	 x28:0x800081a2  x8:0x80000000 PA:0x80008161
       12645000	      1263	80000dbc	00007517	auipc	x10,0x7	 x10=0x80007db8
       12655000	      1264	80000dc0	38850513	addi	x10,x10,904	 x10:0x80007db8 x10=0x80008140
       12665000	      1265	80000dc4	ff4fc283	lbu	x5,-12(x31)	 x31:0x800085fa  x5=0x00000000 PA:0x800085ee
       12675000	      1266	80000dc8	04e74083	lbu	x1,78(x14)	 x14:0x800081df  x1=0x000000ce PA:0x8000822d
       12685000	      1267	80000dcc	5b154a03	lbu	x20,1457(x10)	 x10:0x80008140 x20=0x000000ef PA:0x800086f1
       12695000	      1268	80000dd0	100e5803	lhu	x16,256(x28)	 x28:0x800081a2 x16=0x00000624 PA:0x800082a2
       12705000	      1269	80000dd4	002f8183	lb	x3,2(x31)	 x31:0x800085fa  x3=0x0000007c PA:0x800085fc
       12715000	      1270	80000dd8	0019d003	lhu	x0,1(x19)	 x19:0x8000853d PA:0x8000853e
       12725000	      1271	80000ddc	5f450083	lb	x1,1524(x10)	 x10:0x80008140  x1=0x00000054 PA:0x80008734
       12735000	      1272	80000de0	012980a3	sb	x18,1(x19)	 x19:0x8000853d x18:0x80008b31 PA:0x8000853e
       12745000	      1273	80000de4	5e655283	lhu	x5,1510(x10)	 x10:0x80008140  x5=0x0000b09c PA:0x80008726
       12755000	      1274	80000de8	ff39da03	lhu	x20,-13(x19)	 x19:0x8000853d x20=0x0000f27e PA:0x80008530
       12765000	      1275	80000dec	075e0a83	lb	x21,117(x28)	 x28:0x800081a2 x21=0xffffffe7 PA:0x80008217
       12775000	      1276	80000df0	28a54f03	lbu	x30,650(x10)	 x10:0x80008140 x30=0x000000c3 PA:0x800083ca
       12785000	      1277	80000df4	ff9f8083	lb	x1,-7(x31)	 x31:0x800085fa  x1=0x0000005a PA:0x800085f3
       12795000	      1278	80000df8	fe2e0f23	sb	x2,-2(x28)	 x28:0x800081a2  x2:0x00005a51 PA:0x800081a0
       12805000	      1279	80000dfc	f5154603	lbu	x12,-175(x10)	 x10:0x80008140 x12=0x00000067 PA:0x80008091
       12815000	      1280	80000e00	ff5f8d83	lb	x27,-11(x31)	 x31:0x800085fa x27=0xffffff80 PA:0x800085ef
       12825000	      1281	80000e04	f4670c83	lb	x25,-186(x14)	 x14:0x800081df x25=0xffffffcc PA:0x80008125
       12835000	      1282	80000e08	fbb75083	lhu	x1,-69(x14)	 x14:0x800081df  x1=0x00003737 PA:0x8000819a
       12845000	      1283	80000e0c	2dc50603	lb	x12,732(x10)	 x10:0x80008140 x12=0x00000067 PA:0x8000841c
       12855000	      1284	80000e10	f5770923	sb	x23,-174(x14)	 x14:0x800081df x23:0x0000ee5e PA:0x80008131
       12865000	      1285	80000e14	00007617	auipc	x12,0x7	 x12=0x80007e10
       12875000	      1286	80000e18	65260613	addi	x12,x12,1618	 x12:0x80007e10 x12=0x80008462
       12885000	      1287	80000e1c	01f11d93	slli	x27,x2,0x1f	  x2:0x00005a51 x27=0x80000000
       12895000	      1288	80000e20	416205b3	sub	x11,x4,x22	  x4:0x000085c8 x22:0xfffffff4 x11=0x000085d4
       12905000	      1289	80000e24	27560d83	lb	x27,629(x12)	 x12:0x80008462 x27=0xfffffff0 PA:0x800086d7
       12915000	      1290	80000e28	04760583	lb	x11,71(x12)	 x12:0x80008462 x11=0x0000005f PA:0x800084a9
       12925000	      1291	80000e2c	00135c93	srli	x25,x6,0x1	  x6:0x743dbc9d x25=0x3a1ede4e
       12935000	      1292	80000e30	d3660ea3	sb	x22,-707(x12)	 x12:0x80008462 x22:0xfffffff4 PA:0x8000819f
       12945000	      1293	80000e34	48aac813	xori	x16,x21,1162	 x21:0xffffffe7 x16=0xfffffb6d
       12955000	      1294	80000e38	d9e65b03	lhu	x22,-610(x12)	 x12:0x80008462 x22=0x000019ed PA:0x80008200
       12965000	      1295	80000e3c	e8560983	lb	x19,-379(x12)	 x12:0x80008462 x19=0xffffffb9 PA:0x800082e7
       12975000	      1296	80000e40	c2260da3	sb	x2,-965(x12)	 x12:0x80008462  x2:0x00005a51 PA:0x8000809d
       12985000	      1297	80000e44	23861d83	lh	x27,568(x12)	 x12:0x80008462 x27=0x0000296c PA:0x8000869a
       12995000	      1298	80000e48	d8b64e03	lbu	x28,-629(x12)	 x12:0x80008462 x28=0x000000ae PA:0x800081ed
       13005000	      1299	00000000	00000013	addi	x0,x0,0	  x0:0x00000000
       13015000	      1300	80000e4c	2dc61b23	sh	x28,726(x12)	 x12:0x80008462 x28:0x000000ae PA:0x80008738
       13025000	      1301	80000e50	d1c604a3	sb	x28,-759(x12)	 x12:0x80008462 x28:0x000000ae PA:0x8000816b
       13035000	      1302	80000e54	011ff0b3	and	x1,x31,x17	 x31:0x800085fa x17:0x80008f08  x1=0x80008508
       13045000	      1303	80000e58	f1f60c83	lb	x25,-225(x12)	 x12:0x80008462 x25=0x0000005b PA:0x80008381
       13055000	      1304	80000e5c	0f060003	lb	x0,240(x12)	 x12:0x80008462 PA:0x80008552
       13065000	      1305	80000e60	f9f60c03	lb	x24,-97(x12)	 x12:0x80008462 x24=0xfffffffa PA:0x80008401
       13075000	      1306	80000e64	00ee39b3	sltu	x19,x28,x14	 x28:0x000000ae x14:0x800081df x19=0x00000001
       13085000	      1307	80000e68	19861f83	lh	x31,408(x12)	 x12:0x80008462 x31=0x000025c7 PA:0x800085fa
       13095000	      1308	80000e6c	0bb61323	sh	x27,166(x12)	 x12:0x80008462 x27:0x0000296c PA:0x80008508
       13105000	      1309	80000e70	00000013	addi	x0,x0,0	  x0:0x00000000
       13115000	      1310	80000e74	451dc493	xori	x9,x27,1105	 x27:0x0000296c  x9=0x00002d3d
       13125000	      1311	80000e78	cb360ba3	sb	x19,-841(x12)	 x12:0x80008462 x19:0x00000001 PA:0x80008119
       13135000	      1312	80000e7c	901e6d93	ori	x27,x28,-1791	 x28:0x000000ae x27=0xfffff9af
       13145000	      1313	80000e80	09662723	sw	x22,142(x12)	 x12:0x80008462 x22:0x000019ed PA:0x800084f0
       13155000	      1314	80000e84	1d064b03	lbu	x22,464(x12)	 x12:0x80008462 x22=0x0000001c PA:0x80008632
       13165000	      1315	80000e88	01760b83	lb	x23,23(x12)	 x12:0x80008462 x23=0xffffffa3 PA:0x80008479
       13175000	      1316	80000e8c	05e60683	lb	x13,94(x12)	 x12:0x80008462 x13=0x0000000b PA:0x800084c0
       13185000	      1317	80000e90	c2661823	sh	x6,-976(x12)	 x12:0x80008462  x6:0x743dbc9d PA:0x80008092
       13195000	      1318	80000e94	6b3a2593	slti	x11,x20,1715	 x20:0x0000f27e x11=0x00000000
       13205000	      1319	80000e98	005e5c93	srli	x25,x28,0x5	 x28:0x000000ae x25=0x00000005
       13215000	      1320	80000e9c	e4d64f83	lbu	x31,-435(x12)	 x12:0x80008462 x31=0x000000f1 PA:0x800082af
       13225000	      1321	80000ea0	df960d23	sb	x25,-518(x12)	 x12:0x80008462 x25:0x00000005 PA:0x8000825c
       13235000	      1322	80000ea4	f7f60b03	lb	x22,-129(x12)	 x12:0x80008462 x22=0xfffffff4 PA:0x800083e1
       13245000	      1323	00000000	00000013	addi	x0,x0,0	  x0:0x00000000
       13255000	      1324	80000ea8	416d8f33	sub	x30,x27,x22	 x27:0xfffff9af x22:0xfffffff4 x30=0xfffff9bb
       13265000	      1325	80000eac	16d60a03	lb	x20,365(x12)	 x12:0x80008462 x20=0x00000017 PA:0x800085cf
       13275000	      1326	80000eb0	01e603b3	add	x7,x12,x30	 x12:0x80008462 x30:0xfffff9bb  x7=0x80007e1d
       13285000	      1327	80000eb4	13560c83	lb	x25,309(x12)	 x12:0x80008462 x25=0x00000040 PA:0x80008597
       13295000	      1328	80000eb8	c220ca93	xori	x21,x1,-990	  x1:0x80008508 x21=0x7fff792a
       13305000	      1329	80000ebc	3665a513	slti	x10,x11,870	 x11:0x00000000 x10=0x00000001
       13315000	      1330	80000ec0	006ffe33	and	x28,x31,x6	 x31:0x000000f1  x6:0x743dbc9d x28=0x00000091
       13325000	      1331	80000ec4	f3960ca3	sb	x25,-199(x12)	 x12:0x80008462 x25:0x00000040 PA:0x8000839b
       13335000	      1332	80000ec8	00000013	addi	x0,x0,0	  x0:0x00000000
       13345000	      1333	80000ecc	409f5293	srai	x5,x30,0x9	 x30:0xfffff9bb  x5=0xfffffffc
       13355000	      1334	80000ed0	37e64b03	lbu	x22,894(x12)	 x12:0x80008462 x22=0x00000036 PA:0x800087e0
       13365000	      1335	80000ed4	eb93e893	ori	x17,x7,-327	  x7:0x80007e1d x17=0xfffffebd
       13375000	      1336	80000ed8	40655133	sra	x2,x10,x6	 x10:0x00000001  x6:0x743dbc9d  x2=0x00000000
       13385000	      1337	80000edc	8ae1f593	andi	x11,x3,-1874	  x3:0x0000007c x11=0x0000002c
       13395000	      1338	80000ee0	fbf604a3	sb	x31,-87(x12)	 x12:0x80008462 x31:0x000000f1 PA:0x8000840b
       13405000	      1339	80000ee4	00007217	auipc	x4,0x7	  x4=0x80007ee0
       13415000	      1340	80000ee8	34d20213	addi	x4,x4,845	  x4:0x80007ee0  x4=0x8000822d
       13425000	      1341	80000eec	f3721f03	lh	x30,-201(x4)	  x4:0x8000822d x30=0xffffab8f PA:0x80008164
       13435000	      1342	80000ef0	fb420223	sb	x20,-92(x4)	  x4:0x8000822d x20:0x00000017 PA:0x800081d1
       13445000	      1343	80000ef4	fb820223	sb	x24,-92(x4)	  x4:0x8000822d x24:0xfffffffa PA:0x800081d1
       13455000	      1344	80000ef8	00000013	addi	x0,x0,0	  x0:0x00000000
       13465000	      1345	80000efc	fb120223	sb	x17,-92(x4)	  x4:0x8000822d x17:0xfffffebd PA:0x800081d1
       13475000	      1346	80000f00	fa424003	lbu	x0,-92(x4)	  x4:0x8000822d PA:0x800081d1
       13485000	      1347	80000f04	fb020223	sb	x16,-92(x4)	  x4:0x8000822d x16:0xfffffb6d PA:0x800081d1
       13495000	      1348	80000f08	54d57e97	auipc	x29,0x54d57	 x29=0xd4d57f04
       13505000	      1349	80000f0c	02e20083	lb	x1,46(x4)	  x4:0x8000822d  x1=0x00000017 PA:0x8000825b
       13515000	      1350	80000f10	02e24f03	lbu	x30,46(x4)	  x4:0x8000822d x30=0x00000017 PA:0x8000825b
       13525000	      1351	80000f14	02e20183	lb	x3,46(x4)	  x4:0x8000822d  x3=0x00000017 PA:0x8000825b
       13535000	      1352	80000f18	22f2a013	slti	x0,x5,559	  x5:0xfffffffc
       13545000	      1353	80000f1c	01bbe1b3	or	x3,x23,x27	 x23:0xffffffa3 x27:0xfffff9af  x3=0xffffffaf
       13555000	      1354	80000f20	03420723	sb	x20,46(x4)	  x4:0x8000822d x20:0x00000017 PA:0x8000825b
       13565000	      1355	80000f24	02e24983	lbu	x19,46(x4)	  x4:0x8000822d x19=0x00000017 PA:0x8000825b
       13575000	      1356	80000f28	04120023	sb	x1,64(x4)	  x4:0x8000822d  x1:0x00000017 PA:0x8000826d
       13585000	      1357	80000f2c	04020683	lb	x13,64(x4)	  x4:0x8000822d x13=0x00000017 PA:0x8000826d
       13595000	      1358	80000f30	017c2c33	slt	x24,x24,x23	 x24:0xfffffffa x23:0xffffffa3 x24=0x00000000
       13605000	      1359	80000f34	edddc693	xori	x13,x27,-291	 x27:0xfffff9af x13=0x00000772
       13615000	      1360	80000f38	04024583	lbu	x11,64(x4)	  x4:0x8000822d x11=0x00000017 PA:0x8000826d
       13625000	      1361	80000f3c	05c20023	sb	x28,64(x4)	  x4:0x8000822d x28:0x00000091 PA:0x8000826d
       13635000	      1362	80000f40	f06205a3	sb	x6,-245(x4)	  x4:0x8000822d  x6:0x743dbc9d PA:0x80008138
       13645000	      1363	80000f44	f0b25003	lhu	x0,-245(x4)	  x4:0x8000822d PA:0x80008138
       13655000	      1364	80000f48	22125bb7	lui	x23,0x22125	 x23=0x22125000
       13665000	      1365	80000f4c	02e20903	lb	x18,46(x4)	  x4:0x8000822d x18=0x00000017 PA:0x8000825b
       13675000	      1366	80000f50	0cc20623	sb	x12,204(x4)	  x4:0x8000822d x12:0x80008462 PA:0x800082f9
       13685000	      1367	80000f54	ffd24683	lbu	x13,-3(x4)	  x4:0x8000822d x13=0x00000013 PA:0x8000822a
       13695000	      1368	80000f58	00007a17	auipc	x20,0x7	 x20=0x80007f54
       13705000	      1369	80000f5c	79ca0a13	addi	x20,x20,1948	 x20:0x80007f54 x20=0x800086f0
       13715000	      1370	80000f60	0143ceb3	xor	x29,x7,x20	  x7:0x80007e1d x20:0x800086f0 x29=0x0000f8ed
       13725000	      1371	80000f64	df6a5c03	lhu	x24,-522(x20)	 x20:0x800086f0 x24=0x00007542 PA:0x800084e6
       13735000	      1372	00000000	00000013	addi	x0,x0,0	  x0:0x00000000
       13745000	      1373	80000f68	0187dc13	srli	x24,x15,0x18	 x15:0x80009fc4 x24=0x00000080
       13755000	      1374	80000f6c	e04a0ba3	sb	x4,-489(x20)	 x20:0x800086f0  x4:0x8000822d PA:0x80008507
       13765000	      1375	80000f70	0092f933	and	x18,x5,x9	  x5:0xfffffffc  x9:0x00002d3d x18=0x00002d3c
       13775000	      1376	80000f74	980a1383	lh	x7,-1664(x20)	 x20:0x800086f0  x7=0xffffc546 PA:0x80008070
       13785000	      1377	80000f78	40598533	sub	x10,x19,x5	 x19:0x00000017  x5:0xfffffffc x10=0x0000001b
       13795000	      1378	80000f7c	409f0e33	sub	x28,x30,x9	 x30:0x00000017  x9:0x00002d3d x28=0xffffd2da
       13805000	      1379	80000f80	f73a0da3	sb	x19,-133(x20)	 x20:0x800086f0 x19:0x00000017 PA:0x8000866b
       13815000	      1380	80000f84	00b13c33	sltu	x24,x2,x11	  x2:0x00000000 x11:0x00000017 x24=0x00000001
       13825000	      1381	80000f88	10fa0603	lb	x12,271(x20)	 x20:0x800086f0 x12=0xffffffae PA:0x800087ff
       13835000	      1382	80000f8c	0161cc33	xor	x24,x3,x22	  x3:0xffffffaf x22:0x00000036 x24=0xffffff99
       13845000	      1383	80000f90	0049ebb3	or	x23,x19,x4	 x19:0x00000017  x4:0x8000822d x23=0x8000823f
       13855000	      1384	80000f94	ca5a0b23	sb	x5,-842(x20)	 x20:0x800086f0  x5:0xfffffffc PA:0x800083a6
       13865000	      1385	80000f98	9b6a02a3	sb	x22,-1627(x20)	 x20:0x800086f0 x22:0x00000036 PA:0x80008095
       13875000	      1386	80000f9c	5cc1ef97	auipc	x31,0x5cc1e	 x31=0xdcc1ef98
       13885000	      1387	80000fa0	0064d3b3	srl	x7,x9,x6	  x9:0x00002d3d  x6:0x743dbc9d  x7=0x00000000
       13895000	      1388	80000fa4	01052333	slt	x6,x10,x16	 x10:0x0000001b x16:0xfffffb6d  x6=0x00000000
       13905000	      1389	80000fa8	a5ba01a3	sb	x27,-1469(x20)	 x20:0x800086f0 x27:0xfffff9af PA:0x80008133
       13915000	      1390	80000fac	97b6ac13	slti	x24,x13,-1669	 x13:0x00000013 x24=0x00000000
       13925000	      1391	80000fb0	405cdfb3	sra	x31,x25,x5	 x25:0x00000040  x5:0xfffffffc x31=0x00000000
       13935000	      1392	80000fb4	ca42ae93	slti	x29,x5,-860	  x5:0xfffffffc x29=0x00000000
       13945000	      1393	80000fb8	4192df13	srai	x30,x5,0x19	  x5:0xfffffffc x30=0xffffffff
       13955000	      1394	80000fbc	d9ea2823	sw	x30,-624(x20)	 x20:0x800086f0 x30:0xffffffff PA:0x80008480
       13965000	      1395	80000fc0	ebfa0383	lb	x7,-321(x20)	 x20:0x800086f0  x7=0x0000003d PA:0x800085af
       13975000	      1396	80000fc4	eaba4a83	lbu	x21,-341(x20)	 x20:0x800086f0 x21=0x000000df PA:0x8000859b
       13985000	      1397	80000fc8	beda1423	sh	x13,-1048(x20)	 x20:0x800086f0 x13:0x00000013 PA:0x800082d8
       13995000	      1398	80000fcc	c4da4303	lbu	x6,-947(x20)	 x20:0x800086f0  x6=0x000000dc PA:0x8000833d
       14005000	      1399	80000fd0	08ca06a3	sb	x12,141(x20)	 x20:0x800086f0 x12:0xffffffae PA:0x8000877d
       14015000	      1400	80000fd4	02ba0e83	lb	x29,43(x20)	 x20:0x800086f0 x29=0x00000020 PA:0x8000871b
       14025000	      1401	80000fd8	a8ea5603	lhu	x12,-1394(x20)	 x20:0x800086f0 x12=0x00007fcd PA:0x8000817e
       14035000	      1402	80000fdc	7d4c43b7	lui	x7,0x7d4c4	  x7=0x7d4c4000
       14045000	      1403	80000fe0	01a8cc33	xor	x24,x17,x26	 x17:0xfffffebd x26:0x80009f60 x24=0x7fff61dd
       14055000	      1404	80000fe4	a52a0603	lb	x12,-1454(x20)	 x20:0x800086f0 x12=0x00000062 PA:0x80008142
       14065000	      1405	80000fe8	0ffa0503	lb	x10,255(x20)	 x20:0x800086f0 x10=0xffffffe7 PA:0x800087ef
       14075000	      1406	80000fec	f7ba4f83	lbu	x31,-133(x20)	 x20:0x800086f0 x31=0x00000017 PA:0x8000866b
       14085000	      1407	80000ff0	009bd613	srli	x12,x23,0x9	 x23:0x8000823f x12=0x00400041
       14095000	      1408	80000ff4	c61a4083	lbu	x1,-927(x20)	 x20:0x800086f0  x1=0x00000092 PA:0x80008351
       14105000	      1409	80000ff8	009daf33	slt	x30,x27,x9	 x27:0xfffff9af  x9:0x00002d3d x30=0x00000001
       14115000	      1410	80000ffc	0164bdb3	sltu	x27,x9,x22	  x9:0x00002d3d x22:0x00000036 x27=0x00000000
       14125000	      1411	80001000	c8ba4603	lbu	x12,-885(x20)	 x20:0x800086f0 x12=0x0000004f PA:0x8000837b
       14135000	      1412	80001004	01684933	xor	x18,x16,x22	 x16:0xfffffb6d x22:0x00000036 x18=0xfffffb5b
       14145000	      1413	80001008	01684933	xor	x18,x16,x22	 x16:0xfffffb6d x22:0x00000036 x18=0xfffffb5b
       14155000	      1414	8000100c	0a5a4503	lbu	x10,165(x20)	 x20:0x800086f0 x10=0x000000fc PA:0x80008795
       14165000	      1415	00000000	00000013	addi	x0,x0,0	  x0:0x00000000
       14175000	      1416	80001010	40aa05b3	sub	x11,x20,x10	 x20:0x800086f0 x10:0x000000fc x11=0x800085f4
       14185000	      1417	80001014	01f9e3b3	or	x7,x19,x31	 x19:0x00000017 x31:0x00000017  x7=0x00000017
       14195000	      1418	80001018	e6c012b7	lui	x5,0xe6c01	  x5=0xe6c01000
       14205000	      1419	8000101c	225994b7	lui	x9,0x22599	  x9=0x22599000
       14215000	      1420	80001020	cbba0803	lb	x16,-837(x20)	 x20:0x800086f0 x16=0xffffffbb PA:0x800083ab
       14225000	      1421	80001024	000a0583	lb	x11,0(x20)	 x20:0x800086f0 x11=0x00000021 PA:0x800086f0
       14235000	      1422	80001028	02fa4b83	lbu	x23,47(x20)	 x20:0x800086f0 x23=0x0000008b PA:0x8000871f
       14245000	      1423	8000102c	8bb6c693	xori	x13,x13,-1861	 x13:0x00000013 x13=0xfffff8a8
       14255000	      1424	80001030	fe9a01a3	sb	x9,-29(x20)	 x20:0x800086f0  x9:0x22599000 PA:0x800086d3
       14265000	      1425	80001034	76897893	andi	x17,x18,1896	 x18:0xfffffb5b x17=0x00000348
       14275000	      1426	80001038	00000013	addi	x0,x0,0	  x0:0x00000000
       14285000	      1427	8000103c	046a0ca3	sb	x6,89(x20)	 x20:0x800086f0  x6:0x000000dc PA:0x80008749
       14295000	      1428	80001040	9eea5a83	lhu	x21,-1554(x20)	 x20:0x800086f0 x21=0x0000a4bb PA:0x800080de
       14305000	      1429	80001044	00008117	auipc	x2,0x8	  x2=0x80009040
       14315000	      1430	80001048	a9310113	addi	x2,x2,-1389	  x2:0x80009040  x2=0x80008ad3
       14325000	      1431	8000104c	fb410023	sb	x20,-96(x2)	  x2:0x80008ad3 x20:0x800086f0 PA:0x80008a73
       14335000	      1432	80001050	c8e36697	auipc	x13,0xc8e36	 x13=0x48e3704c
       14345000	      1433	80001054	0068a6b3	slt	x13,x17,x6	 x17:0x00000348  x6:0x000000dc x13=0x00000000
       14355000	      1434	80001058	f6e10a23	sb	x14,-140(x2)	  x2:0x80008ad3 x14:0x800081df PA:0x80008a47
       14365000	      1435	8000105c	0f511c03	lh	x24,245(x2)	  x2:0x80008ad3 x24=0x00000420 PA:0x80008bc8
       14375000	      1436	80001060	0f515803	lhu	x16,245(x2)	  x2:0x80008ad3 x16=0x00000420 PA:0x80008bc8
       14385000	      1437	80001064	93aafb93	andi	x23,x21,-1734	 x21:0x0000a4bb x23=0x0000a03a
       14395000	      1438	80001068	41515f93	srai	x31,x2,0x15	  x2:0x80008ad3 x31=0xfffffc00
       14405000	      1439	8000106c	0f515703	lhu	x14,245(x2)	  x2:0x80008ad3 x14=0x00000420 PA:0x80008bc8
       14415000	      1440	80001070	0f511383	lh	x7,245(x2)	  x2:0x80008ad3  x7=0x00000420 PA:0x80008bc8
       14425000	      1441	80001074	0f515a83	lhu	x21,245(x2)	  x2:0x80008ad3 x21=0x00000420 PA:0x80008bc8
       14435000	      1442	00000000	00000013	addi	x0,x0,0	  x0:0x00000000
       14445000	      1443	80001078	0f512583	lw	x11,245(x2)	  x2:0x80008ad3 x11=0xfaa30420 PA:0x80008bc8
       14455000	      1444	8000107c	009fe233	or	x4,x31,x9	 x31:0xfffffc00  x9:0x22599000  x4=0xfffffc00
       14465000	      1445	80001080	0fd10aa3	sb	x29,245(x2)	  x2:0x80008ad3 x29:0x00000020 PA:0x80008bc8
       14475000	      1446	80001084	406bdb33	sra	x22,x23,x6	 x23:0x0000a03a  x6:0x000000dc x22=0x00000000
       14485000	      1447	80001088	012e88b3	add	x17,x29,x18	 x29:0x00000020 x18:0xfffffb5b x17=0xfffffb7b
       14495000	      1448	8000108c	0f510f83	lb	x31,245(x2)	  x2:0x80008ad3 x31=0x00000020 PA:0x80008bc8
       14505000	      1449	80001090	00007597	auipc	x11,0x7	 x11=0x8000808c
       14515000	      1450	80001094	54158593	addi	x11,x11,1345	 x11:0x8000808c x11=0x800085cd
       14525000	      1451	80001098	00007617	auipc	x12,0x7	 x12=0x80008094
       14535000	      1452	8000109c	0a560613	addi	x12,x12,165	 x12:0x80008094 x12=0x80008139
       14545000	      1453	800010a0	00007717	auipc	x14,0x7	 x14=0x8000809c
       14555000	      1454	800010a4	5ab70713	addi	x14,x14,1451	 x14:0x8000809c x14=0x80008647
       14565000	      1455	800010a8	b7258083	lb	x1,-1166(x11)	 x11:0x800085cd  x1=0x00000004 PA:0x8000813f
       14575000	      1456	00000000	00000013	addi	x0,x0,0	  x0:0x00000000
       14585000	      1457	800010ac	a8158e23	sb	x1,-1380(x11)	 x11:0x800085cd  x1:0x00000004 PA:0x80008069
       14595000	      1458	800010b0	e0f5dc03	lhu	x24,-497(x11)	 x11:0x800085cd x24=0x00007660 PA:0x800083dc
       14605000	      1459	800010b4	fd0611a3	sh	x16,-61(x12)	 x12:0x80008139 x16:0x00000420 PA:0x800080fc
       14615000	      1460	800010b8	fc870ba3	sb	x8,-41(x14)	 x14:0x80008647  x8:0x80000000 PA:0x8000861e
       14625000	      1461	800010bc	21d59f03	lh	x30,541(x11)	 x11:0x800085cd x30=0xfffff164 PA:0x800087ea
       14635000	      1462	800010c0	fac74c03	lbu	x24,-84(x14)	 x14:0x80008647 x24=0x0000005a PA:0x800085f3
       14645000	      1463	800010c4	09070d23	sb	x16,154(x14)	 x14:0x80008647 x16:0x00000420 PA:0x800086e1
       14655000	      1464	800010c8	31565003	lhu	x0,789(x12)	 x12:0x80008139 PA:0x8000844e
       14665000	      1465	800010cc	f6d58a23	sb	x13,-140(x11)	 x11:0x800085cd x13:0x00000000 PA:0x80008541
       14675000	      1466	800010d0	29a60e83	lb	x29,666(x12)	 x12:0x80008139 x29=0x00000065 PA:0x800083d3
       14685000	      1467	800010d4	fb4703a3	sb	x20,-89(x14)	 x14:0x80008647 x20:0x800086f0 PA:0x800085ee
       14695000	      1468	800010d8	39765883	lhu	x17,919(x12)	 x12:0x80008139 x17=0x0000c93d PA:0x800084d0
       14705000	      1469	800010dc	bb258423	sb	x18,-1112(x11)	 x11:0x800085cd x18:0xfffffb5b PA:0x80008175
       14715000	      1470	800010e0	34b64b83	lbu	x23,843(x12)	 x12:0x80008139 x23=0x0000001d PA:0x80008484
       14725000	      1471	800010e4	0f575183	lhu	x3,245(x14)	 x14:0x80008647  x3=0x00000668 PA:0x8000873c
       14735000	      1472	800010e8	00058523	sb	x0,10(x11)	 x11:0x800085cd  x0:0x00000000 PA:0x800085d7
       14745000	      1473	800010ec	23760923	sb	x23,562(x12)	 x12:0x80008139 x23:0x0000001d PA:0x8000836b
       14755000	      1474	800010f0	00669263	bne	x13,x6,800010f4	 x13:0x00000000  x6:0x000000dc
       14765000	      1475	00000000	00000013	addi	x0,x0,0	  x0:0x00000000
       14775000	      1476	800010f0	00000013	addi	x0,x0,0	  x0:0x00000000
       14785000	      1477	800010f4	001be263	bltu	x23,x1,800010f8	 x23:0x0000001d  x1:0x00000004
       14795000	      1478	800010f8	05bd0463	beq	x26,x27,80001140	 x26:0x80009f60 x27:0x00000000
       14805000	      1479	800010fc	40bad2b3	sra	x5,x21,x11	 x21:0x00000420 x11:0x800085cd  x5=0x00000000
       14815000	      1480	80001100	d9b49617	auipc	x12,0xd9b49	 x12=0x59b4a0fc
       14825000	      1481	80001104	021cfc63	bgeu	x25,x1,8000113c	 x25:0x00000040  x1:0x00000004
       14835000	      1482	00000000	00000013	addi	x0,x0,0	  x0:0x00000000
       14845000	      1483	80001138	00000013	addi	x0,x0,0	  x0:0x00000000
       14855000	      1484	8000113c	71dd1597	auipc	x11,0x71dd1	 x11=0xf1dd2138
       14865000	      1485	80001140	0109b033	sltu	x0,x19,x16	 x19:0x00000017 x16:0x00000420
       14875000	      1486	80001144	40f70033	sub	x0,x14,x15	 x14:0x80008647 x15:0x80009fc4
       14885000	      1487	80001148	01505b33	srl	x22,x0,x21	  x0:0x00000000 x21:0x00000420 x22=0x00000000
       14895000	      1488	8000114c	01044db3	xor	x27,x8,x16	  x8:0x80000000 x16:0x00000420 x27=0x80000420
       14905000	      1489	80001150	40bb7093	andi	x1,x22,1035	 x22:0x00000000  x1=0x00000000
       14915000	      1490	80001154	0e24ce63	blt	x9,x2,80001250	  x9:0x22599000  x2:0x80008ad3
       14925000	      1491	80001158	008ee6b3	or	x13,x29,x8	 x29:0x00000065  x8:0x80000000 x13=0x80000065
       14935000	      1492	8000115c	00c4f4b3	and	x9,x9,x12	  x9:0x22599000 x12:0x59b4a0fc  x9=0x00108000
       14945000	      1493	80001160	0ffcc863	blt	x25,x31,80001250	 x25:0x00000040 x31:0x00000020
       14955000	      1494	80001164	00caf333	and	x6,x21,x12	 x21:0x00000420 x12:0x59b4a0fc  x6=0x00000020
       14965000	      1495	80001168	0e825863	bge	x4,x8,80001258	  x4:0xfffffc00  x8:0x80000000
       14975000	      1496	00000000	00000013	addi	x0,x0,0	  x0:0x00000000
       14985000	      1497	80001254	00000013	addi	x0,x0,0	  x0:0x00000000
       14995000	      1498	80001258	01735e13	srli	x28,x6,0x17	  x6:0x00000020 x28=0x00000000
       15005000	      1499	8000125c	18ab50b7	lui	x1,0x18ab5	  x1=0x18ab5000
       15015000	      1500	80001260	40b05a33	sra	x20,x0,x11	  x0:0x00000000 x11:0xf1dd2138 x20=0x00000000
       15025000	      1501	80001264	f07d8e97	auipc	x29,0xf07d8	 x29=0x707d9260
       15035000	      1502	80001268	34cb4513	xori	x10,x22,844	 x22:0x00000000 x10=0x0000034c
       15045000	      1503	8000126c	fda98e97	auipc	x29,0xfda98	 x29=0x7da99268
       15055000	      1504	80001270	cdd5b293	sltiu	x5,x11,-803	 x11:0xf1dd2138  x5=0x00000001
       15065000	      1505	80001274	014dfab3	and	x21,x27,x20	 x27:0x80000420 x20:0x00000000 x21=0x00000000
       15075000	      1506	80001278	f279e213	ori	x4,x19,-217	 x19:0x00000017  x4=0xffffff37
       15085000	      1507	8000127c	01c46bb3	or	x23,x8,x28	  x8:0x80000000 x28:0x00000000 x23=0x80000000
       15095000	      1508	80001280	0053e0b3	or	x1,x7,x5	  x7:0x00000420  x5:0x00000001  x1=0x00000421
       15105000	      1509	80001284	6d680d93	addi	x27,x16,1750	 x16:0x00000420 x27=0x00000af6
       15115000	      1510	80001288	05baf263	bgeu	x21,x27,800012cc	 x21:0x00000000 x27:0x00000af6
       15125000	      1511	8000128c	0048a333	slt	x6,x17,x4	 x17:0x0000c93d  x4:0xffffff37  x6=0x00000000
       15135000	      1512	80001290	00b58133	add	x2,x11,x11	 x11:0xf1dd2138 x11:0xf1dd2138  x2=0xe3ba4270
       15145000	      1513	80001294	40558eb3	sub	x29,x11,x5	 x11:0xf1dd2138  x5:0x00000001 x29=0xf1dd2137
       15155000	      1514	80001298	006086b3	add	x13,x1,x6	  x1:0x00000421  x6:0x00000000 x13=0x00000421
       15165000	      1515	8000129c	0307f063	bgeu	x15,x16,800012bc	 x15:0x80009fc4 x16:0x00000420
       15175000	      1516	00000000	00000013	addi	x0,x0,0	  x0:0x00000000
       15185000	      1517	800012b8	00000013	addi	x0,x0,0	  x0:0x00000000
       15195000	      1518	800012bc	007b11b3	sll	x3,x22,x7	 x22:0x00000000  x7:0x00000420  x3=0x00000000
       15205000	      1519	800012c0	00865c63	bge	x12,x8,800012d8	 x12:0x59b4a0fc  x8:0x80000000
       15215000	      1520	00000000	00000013	addi	x0,x0,0	  x0:0x00000000
       15225000	      1521	800012d4	00000013	addi	x0,x0,0	  x0:0x00000000
       15235000	      1522	800012d8	4ff43c37	lui	x24,0x4ff43	 x24=0x4ff43000
       15245000	      1523	800012dc	00c98633	add	x12,x19,x12	 x19:0x00000017 x12:0x59b4a0fc x12=0x59b4a113
       15255000	      1524	800012e0	40f256b3	sra	x13,x4,x15	  x4:0xffffff37 x15:0x80009fc4 x13=0xfffffff3
       15265000	      1525	800012e4	03be9863	bne	x29,x27,80001314	 x29:0xf1dd2137 x27:0x00000af6
       15275000	      1526	00000000	00000013	addi	x0,x0,0	  x0:0x00000000
       15285000	      1527	80001310	00000013	addi	x0,x0,0	  x0:0x00000000
       15295000	      1528	80001314	004e4133	xor	x2,x28,x4	 x28:0x00000000  x4:0xffffff37  x2=0xffffff37
       15305000	      1529	80001318	412602b3	sub	x5,x12,x18	 x12:0x59b4a113 x18:0xfffffb5b  x5=0x59b4a5b8
       15315000	      1530	8000131c	04787063	bgeu	x16,x7,8000135c	 x16:0x00000420  x7:0x00000420
       15325000	      1531	00000000	00000013	addi	x0,x0,0	  x0:0x00000000
       15335000	      1532	80001358	00000013	addi	x0,x0,0	  x0:0x00000000
       15345000	      1533	8000135c	00476a33	or	x20,x14,x4	 x14:0x80008647  x4:0xffffff37 x20=0xffffff77
       15355000	      1534	80001360	00102733	slt	x14,x0,x1	  x0:0x00000000  x1:0x00000421 x14=0x00000001
       15365000	      1535	80001364	008d2033	slt	x0,x26,x8	 x26:0x80009f60  x8:0x80000000
       15375000	      1536	80001368	01177e63	bgeu	x14,x17,80001384	 x14:0x00000001 x17:0x0000c93d
       15385000	      1537	8000136c	01e8e863	bltu	x17,x30,8000137c	 x17:0x0000c93d x30:0xfffff164
       15395000	      1538	00000000	00000013	addi	x0,x0,0	  x0:0x00000000
       15405000	      1539	80001378	00000013	addi	x0,x0,0	  x0:0x00000000
       15415000	      1540	8000137c	01937a33	and	x20,x6,x25	  x6:0x00000000 x25:0x00000040 x20=0x00000000
       15425000	      1541	80001380	01d9cab3	xor	x21,x19,x29	 x19:0x00000017 x29:0xf1dd2137 x21=0xf1dd2120
       15435000	      1542	80001384	02b1d263	bge	x3,x11,800013a8	  x3:0x00000000 x11:0xf1dd2138
       15445000	      1543	00000000	00000013	addi	x0,x0,0	  x0:0x00000000
       15455000	      1544	800013a4	00000013	addi	x0,x0,0	  x0:0x00000000
       15465000	      1545	800013a8	007f01b3	add	x3,x30,x7	 x30:0xfffff164  x7:0x00000420  x3=0xfffff584
       15475000	      1546	800013ac	004abc33	sltu	x24,x21,x4	 x21:0xf1dd2120  x4:0xffffff37 x24=0x00000001
       15485000	      1547	800013b0	186fb013	sltiu	x0,x31,390	 x31:0x00000020
       15495000	      1548	800013b4	00ed15b3	sll	x11,x26,x14	 x26:0x80009f60 x14:0x00000001 x11=0x00013ec0
       15505000	      1549	800013b8	00a489b3	add	x19,x9,x10	  x9:0x00108000 x10:0x0000034c x19=0x0010834c
       15515000	      1550	800013bc	018461b3	or	x3,x8,x24	  x8:0x80000000 x24:0x00000001  x3=0x80000001
       15525000	      1551	800013c0	00efff33	and	x30,x31,x14	 x31:0x00000020 x14:0x00000001 x30=0x00000000
       15535000	      1552	800013c4	01789463	bne	x17,x23,800013cc	 x17:0x0000c93d x23:0x80000000
       15545000	      1553	00000000	00000013	addi	x0,x0,0	  x0:0x00000000
       15555000	      1554	800013c8	00000013	addi	x0,x0,0	  x0:0x00000000
       15565000	      1555	800013cc	01aed833	srl	x16,x29,x26	 x29:0xf1dd2137 x26:0x80009f60 x16=0xf1dd2137
       15575000	      1556	800013d0	d3990893	addi	x17,x18,-711	 x18:0xfffffb5b x17=0xfffff894
       15585000	      1557	800013d4	02b9c463	blt	x19,x11,800013fc	 x19:0x0010834c x11:0x00013ec0
       15595000	      1558	800013d8	001a89b3	add	x19,x21,x1	 x21:0xf1dd2120  x1:0x00000421 x19=0xf1dd2541
       15605000	      1559	800013dc	009c2733	slt	x14,x24,x9	 x24:0x00000001  x9:0x00108000 x14=0x00000001
       15615000	      1560	800013e0	012dee63	bltu	x27,x18,800013fc	 x27:0x00000af6 x18:0xfffffb5b
       15625000	      1561	00000000	00000013	addi	x0,x0,0	  x0:0x00000000
       15635000	      1562	800013f8	00000013	addi	x0,x0,0	  x0:0x00000000
       15645000	      1563	800013fc	009a2bb3	slt	x23,x20,x9	 x20:0x00000000  x9:0x00108000 x23=0x00000001
       15655000	      1564	80001400	77430c93	addi	x25,x6,1908	  x6:0x00000000 x25=0x00000774
       15665000	      1565	80001404	01e00633	add	x12,x0,x30	  x0:0x00000000 x30:0x00000000 x12=0x00000000
       15675000	      1566	80001408	c463f013	andi	x0,x7,-954	  x7:0x00000420
       15685000	      1567	8000140c	0801b313	sltiu	x6,x3,128	  x3:0x80000001  x6=0x00000000
       15695000	      1568	80001410	00000013	addi	x0,x0,0	  x0:0x00000000
       15705000	      1569	80001414	413ddd93	srai	x27,x27,0x13	 x27:0x00000af6 x27=0x00000000
       15715000	      1570	80001418	83bebd93	sltiu	x27,x29,-1989	 x29:0xf1dd2137 x27=0x00000001
       15725000	      1571	8000141c	4090d8b3	sra	x17,x1,x9	  x1:0x00000421  x9:0x00108000 x17=0x00000421
       15735000	      1572	80001420	1f67c113	xori	x2,x15,502	 x15:0x80009fc4  x2=0x80009e32
       15745000	      1573	80001424	00665cb3	srl	x25,x12,x6	 x12:0x00000000  x6:0x00000000 x25=0x00000000
       15755000	      1574	80001428	d4358717	auipc	x14,0xd4358	 x14=0x54359424
       15765000	      1575	8000142c	01aed393	srli	x7,x29,0x1a	 x29:0xf1dd2137  x7=0x0000003c
       15775000	      1576	80001430	40a6dc33	sra	x24,x13,x10	 x13:0xfffffff3 x10:0x0000034c x24=0xffffffff
       15785000	      1577	80001434	7e187693	andi	x13,x16,2017	 x16:0xf1dd2137 x13=0x00000121
       15795000	      1578	80001438	002904b3	add	x9,x18,x2	 x18:0xfffffb5b  x2:0x80009e32  x9=0x8000998d
       15805000	      1579	8000143c	406f5a93	srai	x21,x30,0x6	 x30:0x00000000 x21=0x00000000
       15815000	      1580	80001440	00c6d133	srl	x2,x13,x12	 x13:0x00000121 x12:0x00000000  x2=0x00000121
       15825000	      1581	80001444	03308063	beq	x1,x19,80001464	  x1:0x00000421 x19:0xf1dd2541
       15835000	      1582	80001448	8ab02993	slti	x19,x0,-1877	  x0:0x00000000 x19=0x00000000
       15845000	      1583	8000144c	00795693	srli	x13,x18,0x7	 x18:0xfffffb5b x13=0x01fffff6
       15855000	      1584	80001450	0130d313	srli	x6,x1,0x13	  x1:0x00000421  x6=0x00000000
       15865000	      1585	80001454	db5e3b13	sltiu	x22,x28,-587	 x28:0x00000000 x22=0x00000001
       15875000	      1586	80001458	0003d833	srl	x16,x7,x0	  x7:0x0000003c  x0:0x00000000 x16=0x0000003c
       15885000	      1587	8000145c	f484e837	lui	x16,0xf484e	 x16=0xf484e000
       15895000	      1588	80001460	dc8ce817	auipc	x16,0xdc8ce	 x16=0x5c8cf45c
       15905000	      1589	80001464	04237263	bgeu	x6,x2,800014a8	  x6:0x00000000  x2:0x00000121
       15915000	      1590	80001468	005f06b3	add	x13,x30,x5	 x30:0x00000000  x5:0x59b4a5b8 x13=0x59b4a5b8
       15925000	      1591	8000146c	d0aaa593	slti	x11,x21,-758	 x21:0x00000000 x11=0x00000000
       15935000	      1592	80001470	5661a313	slti	x6,x3,1382	  x3:0x80000001  x6=0x00000001
       15945000	      1593	80001474	01406c33	or	x24,x0,x20	  x0:0x00000000 x20:0x00000000 x24=0x00000000
       15955000	      1594	80001478	0155d313	srli	x6,x11,0x15	 x11:0x00000000  x6=0x00000000
       15965000	      1595	8000147c	76e27813	andi	x16,x4,1902	  x4:0xffffff37 x16=0x00000726
       15975000	      1596	80001480	00b5fcb3	and	x25,x11,x11	 x11:0x00000000 x11:0x00000000 x25=0x00000000
       15985000	      1597	80001484	ef66a313	slti	x6,x13,-266	 x13:0x59b4a5b8  x6=0x00000000
       15995000	      1598	80001488	015d5863	bge	x26,x21,80001498	 x26:0x80009f60 x21:0x00000000
       16005000	      1599	8000148c	ce34c893	xori	x17,x9,-797	  x9:0x8000998d x17=0x7fff656e
       16015000	      1600	80001490	f498aa97	auipc	x21,0xf498a	 x21=0x7498b48c
       16025000	      1601	80001494	00c563b3	or	x7,x10,x12	 x10:0x0000034c x12:0x00000000  x7=0x0000034c
       16035000	      1602	80001498	00c7ea63	bltu	x15,x12,800014ac	 x15:0x80009fc4 x12:0x00000000
       16045000	      1603	8000149c	01f275b3	and	x11,x4,x31	  x4:0xffffff37 x31:0x00000020 x11=0x00000020
       16055000	      1604	800014a0	ccb83113	sltiu	x2,x16,-821	 x16:0x00000726  x2=0x00000001
       16065000	      1605	800014a4	015b53b3	srl	x7,x22,x21	 x22:0x00000001 x21:0x7498b48c  x7=0x00000000
       16075000	      1606	800014a8	024f9463	bne	x31,x4,800014d0	 x31:0x00000020  x4:0xffffff37
       16085000	      1607	00000000	00000013	addi	x0,x0,0	  x0:0x00000000
       16095000	      1608	800014cc	00000013	addi	x0,x0,0	  x0:0x00000000
       16105000	      1609	800014d0	058b8463	beq	x23,x24,80001518	 x23:0x00000001 x24:0x00000000
       16115000	      1610	800014d4	00000013	addi	x0,x0,0	  x0:0x00000000
       16125000	      1611	800014d8	011dcb33	xor	x22,x27,x17	 x27:0x00000001 x17:0x7fff656e x22=0x7fff656f
       16135000	      1612	800014dc	ebbacc93	xori	x25,x21,-325	 x21:0x7498b48c x25=0x8b674a37
       16145000	      1613	800014e0	790eab13	slti	x22,x29,1936	 x29:0xf1dd2137 x22=0x00000001
       16155000	      1614	800014e4	401a5693	srai	x13,x20,0x1	 x20:0x00000000 x13=0x00000000
       16165000	      1615	800014e8	0084f2b3	and	x5,x9,x8	  x9:0x8000998d  x8:0x80000000  x5=0x80000000
       16175000	      1616	800014ec	01cb1263	bne	x22,x28,800014f0	 x22:0x00000001 x28:0x00000000
       16185000	      1617	00000000	00000013	addi	x0,x0,0	  x0:0x00000000
       16195000	      1618	800014ec	00000013	addi	x0,x0,0	  x0:0x00000000
       16205000	      1619	800014f0	b9480993	addi	x19,x16,-1132	 x16:0x00000726 x19=0x000002ba
       16215000	      1620	800014f4	405b8c33	sub	x24,x23,x5	 x23:0x00000001  x5:0x80000000 x24=0x80000001
       16225000	      1621	800014f8	00e093b3	sll	x7,x1,x14	  x1:0x00000421 x14:0x54359424  x7=0x00004210
       16235000	      1622	800014fc	00000013	addi	x0,x0,0	  x0:0x00000000
       16245000	      1623	80001500	ad973637	lui	x12,0xad973	 x12=0xad973000
       16255000	      1624	80001504	04348463	beq	x9,x3,8000154c	  x9:0x8000998d  x3:0x80000001
       16265000	      1625	80001508	a4130213	addi	x4,x6,-1471	  x6:0x00000000  x4=0xfffffa41
       16275000	      1626	8000150c	00561c13	slli	x24,x12,0x5	 x12:0xad973000 x24=0xb2e60000
       16285000	      1627	80001510	00c55733	srl	x14,x10,x12	 x10:0x0000034c x12:0xad973000 x14=0x0000034c
       16295000	      1628	80001514	0385e063	bltu	x11,x24,80001534	 x11:0x00000020 x24:0xb2e60000
       16305000	      1629	00000000	00000013	addi	x0,x0,0	  x0:0x00000000
       16315000	      1630	80001530	00000013	addi	x0,x0,0	  x0:0x00000000
       16325000	      1631	80001534	04348063	beq	x9,x3,80001574	  x9:0x8000998d  x3:0x80000001
       16335000	      1632	80001538	03135463	bge	x6,x17,80001560	  x6:0x00000000 x17:0x7fff656e
       16345000	      1633	8000153c	0010d663	bge	x1,x1,80001548	  x1:0x00000421  x1:0x00000421
       16355000	      1634	00000000	00000013	addi	x0,x0,0	  x0:0x00000000
       16365000	      1635	80001544	00000013	addi	x0,x0,0	  x0:0x00000000
       16375000	      1636	80001548	01c5ac33	slt	x24,x11,x28	 x11:0x00000020 x28:0x00000000 x24=0x00000000
       16385000	      1637	8000154c	00e11f13	slli	x30,x2,0xe	  x2:0x00000001 x30=0x00004000
       16395000	      1638	80001550	01e49913	slli	x18,x9,0x1e	  x9:0x8000998d x18=0x40000000
       16405000	      1639	80001554	03d21863	bne	x4,x29,80001584	  x4:0xfffffa41 x29:0xf1dd2137
       16415000	      1640	00000000	00000013	addi	x0,x0,0	  x0:0x00000000
       16425000	      1641	80001580	00000013	addi	x0,x0,0	  x0:0x00000000
       16435000	      1642	80001584	0030d533	srl	x10,x1,x3	  x1:0x00000421  x3:0x80000001 x10=0x00000210
       16445000	      1643	80001588	055fc063	blt	x31,x21,800015c8	 x31:0x00000020 x21:0x7498b48c
       16455000	      1644	00000000	00000013	addi	x0,x0,0	  x0:0x00000000
       16465000	      1645	800015c4	00000013	addi	x0,x0,0	  x0:0x00000000
       16475000	      1646	800015c8	003729b3	slt	x19,x14,x3	 x14:0x0000034c  x3:0x80000001 x19=0x00000000
       16485000	      1647	800015cc	01af8993	addi	x19,x31,26	 x31:0x00000020 x19=0x0000003a
       16495000	      1648	800015d0	000568b3	or	x17,x10,x0	 x10:0x00000210  x0:0x00000000 x17=0x00000210
       16505000	      1649	800015d4	babb2117	auipc	x2,0xbabb2	  x2=0x3abb35d0
       16515000	      1650	800015d8	41f75fb3	sra	x31,x14,x31	 x14:0x0000034c x31:0x00000020 x31=0x0000034c
       16525000	      1651	800015dc	41175213	srai	x4,x14,0x11	 x14:0x0000034c  x4=0x00000000
       16535000	      1652	800015e0	41845033	sra	x0,x8,x24	  x8:0x80000000 x24:0x00000000
       16545000	      1653	800015e4	01ffc8b3	xor	x17,x31,x31	 x31:0x0000034c x31:0x0000034c x17=0x00000000
       16555000	      1654	800015e8	019e9f13	slli	x30,x29,0x19	 x29:0xf1dd2137 x30=0x6e000000
       16565000	      1655	800015ec	03515463	bge	x2,x21,80001614	  x2:0x3abb35d0 x21:0x7498b48c
       16575000	      1656	800015f0	01a065b3	or	x11,x0,x26	  x0:0x00000000 x26:0x80009f60 x11=0x80009f60
       16585000	      1657	800015f4	01d5cdb3	xor	x27,x11,x29	 x11:0x80009f60 x29:0xf1dd2137 x27=0x71ddbe57
       16595000	      1658	800015f8	c994f713	andi	x14,x9,-871	  x9:0x8000998d x14=0x80009889
       16605000	      1659	800015fc	9a3baf13	slti	x30,x23,-1629	 x23:0x00000001 x30=0x00000000
       16615000	      1660	80001600	92e60313	addi	x6,x12,-1746	 x12:0xad973000  x6=0xad97292e
       16625000	      1661	80001604	00148c63	beq	x9,x1,8000161c	  x9:0x8000998d  x1:0x00000421
       16635000	      1662	80001608	00000013	addi	x0,x0,0	  x0:0x00000000
       16645000	      1663	8000160c	5283ec37	lui	x24,0x5283e	 x24=0x5283e000
       16655000	      1664	80001610	00f1de33	srl	x28,x3,x15	  x3:0x80000001 x15:0x80009fc4 x28=0x08000000
       16665000	      1665	80001614	011a11b3	sll	x3,x20,x17	 x20:0x00000000 x17:0x00000000  x3=0x00000000
       16675000	      1666	80001618	00000013	addi	x0,x0,0	  x0:0x00000000
       16685000	      1667	8000161c	00eae263	bltu	x21,x14,80001620	 x21:0x7498b48c x14:0x80009889
       16695000	      1668	00000000	00000013	addi	x0,x0,0	  x0:0x00000000
       16705000	      1669	8000161c	00000013	addi	x0,x0,0	  x0:0x00000000
       16715000	      1670	80001620	cdc603b7	lui	x7,0xcdc60	  x7=0xcdc60000
       16725000	      1671	80001624	3da58b13	addi	x22,x11,986	 x11:0x80009f60 x22=0x8000a33a
       16735000	      1672	80001628	00a79633	sll	x12,x15,x10	 x15:0x80009fc4 x10:0x00000210 x12=0x9fc40000
       16745000	      1673	8000162c	034c4263	blt	x24,x20,80001650	 x24:0x5283e000 x20:0x00000000
       16755000	      1674	80001630	02f46a63	bltu	x8,x15,80001664	  x8:0x80000000 x15:0x80009fc4
       16765000	      1675	00000000	00000013	addi	x0,x0,0	  x0:0x00000000
       16775000	      1676	80001660	00000013	addi	x0,x0,0	  x0:0x00000000
       16785000	      1677	80001664	19957697	auipc	x13,0x19957	 x13=0x99958660
       16795000	      1678	80001668	11b21c97	auipc	x25,0x11b21	 x25=0x91b22664
       16805000	      1679	8000166c	0183c863	blt	x7,x24,8000167c	  x7:0xcdc60000 x24:0x5283e000
       16815000	      1680	00000000	00000013	addi	x0,x0,0	  x0:0x00000000
       16825000	      1681	80001678	00000013	addi	x0,x0,0	  x0:0x00000000
       16835000	      1682	8000167c	d3ffaa93	slti	x21,x31,-705	 x31:0x0000034c x21=0x00000000
       16845000	      1683	80001680	408c5893	srai	x17,x24,0x8	 x24:0x5283e000 x17=0x005283e0
       16855000	      1684	80001684	0096d663	bge	x13,x9,80001690	 x13:0x99958660  x9:0x8000998d
       16865000	      1685	00000000	00000013	addi	x0,x0,0	  x0:0x00000000
       16875000	      1686	8000168c	00000013	addi	x0,x0,0	  x0:0x00000000
       16885000	      1687	80001690	01ae8cb3	add	x25,x29,x26	 x29:0xf1dd2137 x26:0x80009f60 x25=0x71ddc097
       16895000	      1688	80001694	40f8d493	srai	x9,x17,0xf	 x17:0x005283e0  x9=0x000000a5
       16905000	      1689	80001698	94730613	addi	x12,x6,-1721	  x6:0xad97292e x12=0xad972275
       16915000	      1690	8000169c	8090f713	andi	x14,x1,-2039	  x1:0x00000421 x14=0x00000001
       16925000	      1691	800016a0	41bfd913	srai	x18,x31,0x1b	 x31:0x0000034c x18=0x00000000
       16935000	      1692	800016a4	0065e133	or	x2,x11,x6	 x11:0x80009f60  x6:0xad97292e  x2=0xad97bf6e
       16945000	      1693	800016a8	aa47b613	sltiu	x12,x15,-1372	 x15:0x80009fc4 x12=0x00000001
       16955000	      1694	800016ac	01cb8533	add	x10,x23,x28	 x23:0x00000001 x28:0x08000000 x10=0x08000001
       16965000	      1695	800016b0	00472233	slt	x4,x14,x4	 x14:0x00000001  x4:0x00000000  x4=0x00000000
       16975000	      1696	800016b4	315ec013	xori	x0,x29,789	 x29:0xf1dd2137
       16985000	      1697	800016b8	003a1613	slli	x12,x20,0x3	 x20:0x00000000 x12=0x00000000
       16995000	      1698	800016bc	00c72f33	slt	x30,x14,x12	 x14:0x00000001 x12:0x00000000 x30=0x00000000
       17005000	      1699	800016c0	01c5de93	srli	x29,x11,0x1c	 x11:0x80009f60 x29=0x00000008
       17015000	      1700	800016c4	02965463	bge	x12,x9,800016ec	 x12:0x00000000  x9:0x000000a5
       17025000	      1701	800016c8	01ea5213	srli	x4,x20,0x1e	 x20:0x00000000  x4=0x00000000
       17035000	      1702	800016cc	00995a13	srli	x20,x18,0x9	 x18:0x00000000 x20=0x00000000
       17045000	      1703	800016d0	01881a33	sll	x20,x16,x24	 x16:0x00000726 x24:0x5283e000 x20=0x00000726
       17055000	      1704	800016d4	053a7863	bgeu	x20,x19,80001724	 x20:0x00000726 x19:0x0000003a
       17065000	      1705	00000000	00000013	addi	x0,x0,0	  x0:0x00000000
       17075000	      1706	80001720	00000013	addi	x0,x0,0	  x0:0x00000000
       17085000	      1707	80001724	01b1f233	and	x4,x3,x27	  x3:0x00000000 x27:0x71ddbe57  x4=0x00000000
       17095000	      1708	80001728	00000013	addi	x0,x0,0	  x0:0x00000000
       17105000	      1709	8000172c	055f0063	beq	x30,x21,8000176c	 x30:0x00000000 x21:0x00000000
       17115000	      1710	00000000	00000013	addi	x0,x0,0	  x0:0x00000000
       17125000	      1711	80001768	00000013	addi	x0,x0,0	  x0:0x00000000
       17135000	      1712	8000176c	02a6d463	bge	x13,x10,80001794	 x13:0x99958660 x10:0x08000001
       17145000	      1713	80001770	40c00133	sub	x2,x0,x12	  x0:0x00000000 x12:0x00000000  x2=0x00000000
       17155000	      1714	80001774	030a1263	bne	x20,x16,80001798	 x20:0x00000726 x16:0x00000726
       17165000	      1715	80001778	127e5737	lui	x14,0x127e5	 x14=0x127e5000
       17175000	      1716	8000177c	5c9aa813	slti	x16,x21,1481	 x21:0x00000000 x16=0x00000001
       17185000	      1717	80001780	01eed693	srli	x13,x29,0x1e	 x29:0x00000008 x13=0x00000000
       17195000	      1718	80001784	01de5c63	bge	x28,x29,8000179c	 x28:0x08000000 x29:0x00000008
       17205000	      1719	00000000	00000013	addi	x0,x0,0	  x0:0x00000000
       17215000	      1720	80001798	00000013	addi	x0,x0,0	  x0:0x00000000
       17225000	      1721	8000179c	053f9463	bne	x31,x19,800017e4	 x31:0x0000034c x19:0x0000003a
       17235000	      1722	00000000	00000013	addi	x0,x0,0	  x0:0x00000000
       17245000	      1723	800017e0	00000013	addi	x0,x0,0	  x0:0x00000000
       17255000	      1724	800017e4	e7bf5237	lui	x4,0xe7bf5	  x4=0xe7bf5000
       17265000	      1725	800017e8	41fa5093	srai	x1,x20,0x1f	 x20:0x00000726  x1=0x00000000
       17275000	      1726	800017ec	fd873393	sltiu	x7,x14,-40	 x14:0x127e5000  x7=0x00000001
       17285000	      1727	800017f0	40e15933	sra	x18,x2,x14	  x2:0x00000000 x14:0x127e5000 x18=0x00000000
       17295000	      1728	800017f4	9e6e4013	xori	x0,x28,-1562	 x28:0x08000000
       17305000	      1729	800017f8	00000013	addi	x0,x0,0	  x0:0x00000000
       17315000	      1730	800017fc	c29d3993	sltiu	x19,x26,-983	 x26:0x80009f60 x19=0x00000001
       17325000	      1731	80001800	b40bcf97	auipc	x31,0xb40bc	 x31=0x340bd7fc
       17335000	      1732	80001804	00000013	addi	x0,x0,0	  x0:0x00000000
       17345000	      1733	80001808	00b8f033	and	x0,x17,x11	 x17:0x005283e0 x11:0x80009f60
       17355000	      1734	8000180c	2150a593	slti	x11,x1,533	  x1:0x00000000 x11=0x00000001
       17365000	      1735	80001810	00e94263	blt	x18,x14,80001814	 x18:0x00000000 x14:0x127e5000
       17375000	      1736	00000000	00000013	addi	x0,x0,0	  x0:0x00000000
       17385000	      1737	80001810	00000013	addi	x0,x0,0	  x0:0x00000000
       17395000	      1738	80001814	019668b3	or	x17,x12,x25	 x12:0x00000000 x25:0x71ddc097 x17=0x71ddc097
       17405000	      1739	80001818	9ae159b7	lui	x19,0x9ae15	 x19=0x9ae15000
       17415000	      1740	8000181c	400f05b3	sub	x11,x30,x0	 x30:0x00000000  x0:0x00000000 x11=0x00000000
       17425000	      1741	80001820	009712b3	sll	x5,x14,x9	 x14:0x127e5000  x9:0x000000a5  x5=0x4fca0000
       17435000	      1742	80001824	03786463	bltu	x16,x23,8000184c	 x16:0x00000001 x23:0x00000001
       17445000	      1743	80001828	01f21e63	bne	x4,x31,80001844	  x4:0xe7bf5000 x31:0x340bd7fc
       17455000	      1744	00000000	00000013	addi	x0,x0,0	  x0:0x00000000
       17465000	      1745	80001840	00000013	addi	x0,x0,0	  x0:0x00000000
       17475000	      1746	80001844	01ce5fb3	srl	x31,x28,x28	 x28:0x08000000 x28:0x08000000 x31=0x08000000
       17485000	      1747	80001848	9bdc7a37	lui	x20,0x9bdc7	 x20=0x9bdc7000
       17495000	      1748	8000184c	3e446f93	ori	x31,x8,996	  x8:0x80000000 x31=0x800003e4
       17505000	      1749	80001850	00000013	addi	x0,x0,0	  x0:0x00000000
       17515000	      1750	80001854	00d10b33	add	x22,x2,x13	  x2:0x00000000 x13:0x00000000 x22=0x00000000
       17525000	      1751	80001858	0119ebb3	or	x23,x19,x17	 x19:0x9ae15000 x17:0x71ddc097 x23=0xfbfdd097
       17535000	      1752	8000185c	2a3bf893	andi	x17,x23,675	 x23:0xfbfdd097 x17=0x00000083
       17545000	      1753	80001860	00000013	addi	x0,x0,0	  x0:0x00000000
       17555000	      1754	80001864	01764c63	blt	x12,x23,8000187c	 x12:0x00000000 x23:0xfbfdd097
       17565000	      1755	80001868	0200c263	blt	x1,x0,8000188c	  x1:0x00000000  x0:0x00000000
       17575000	      1756	8000186c	bda62313	slti	x6,x12,-1062	 x12:0x00000000  x6=0x00000000
       17585000	      1757	80001870	01e331b3	sltu	x3,x6,x30	  x6:0x00000000 x30:0x00000000  x3=0x00000000
       17595000	      1758	80001874	0191db33	srl	x22,x3,x25	  x3:0x00000000 x25:0x71ddc097 x22=0x00000000
       17605000	      1759	80001878	3f833713	sltiu	x14,x6,1016	  x6:0x00000000 x14=0x00000001
       17615000	      1760	8000187c	3f327693	andi	x13,x4,1011	  x4:0xe7bf5000 x13=0x00000000
       17625000	      1761	80001880	038b6a63	bltu	x22,x24,800018b4	 x22:0x00000000 x24:0x5283e000
       17635000	      1762	00000000	00000013	addi	x0,x0,0	  x0:0x00000000
       17645000	      1763	800018b0	00000013	addi	x0,x0,0	  x0:0x00000000
       17655000	      1764	800018b4	02143213	sltiu	x4,x8,33	  x8:0x80000000  x4=0x00000000
       17665000	      1765	800018b8	bfa4ba13	sltiu	x20,x9,-1030	  x9:0x000000a5 x20=0x00000001
       17675000	      1766	800018bc	1669f393	andi	x7,x19,358	 x19:0x9ae15000  x7=0x00000000
       17685000	      1767	800018c0	03af1063	bne	x30,x26,800018e0	 x30:0x00000000 x26:0x80009f60
       17695000	      1768	00000000	00000013	addi	x0,x0,0	  x0:0x00000000
       17705000	      1769	800018dc	00000013	addi	x0,x0,0	  x0:0x00000000
       17715000	      1770	800018e0	00bef833	and	x16,x29,x11	 x29:0x00000008 x11:0x00000000 x16=0x00000000
       17725000	      1771	800018e4	64a83393	sltiu	x7,x16,1610	 x16:0x00000000  x7=0x00000001
       17735000	      1772	800018e8	01501033	sll	x0,x0,x21	  x0:0x00000000 x21:0x00000000
       17745000	      1773	800018ec	00654c63	blt	x10,x6,80001904	 x10:0x08000001  x6:0x00000000
       17755000	      1774	800018f0	70123193	sltiu	x3,x4,1793	  x4:0x00000000  x3=0x00000001
       17765000	      1775	800018f4	013456b3	srl	x13,x8,x19	  x8:0x80000000 x19:0x9ae15000 x13=0x80000000
       17775000	      1776	800018f8	41ffda13	srai	x20,x31,0x1f	 x31:0x800003e4 x20=0xffffffff
       17785000	      1777	800018fc	9648b993	sltiu	x19,x17,-1692	 x17:0x00000083 x19=0x00000001
       17795000	      1778	80001900	016470b3	and	x1,x8,x22	  x8:0x80000000 x22:0x00000000  x1=0x00000000
       17805000	      1779	80001904	13160017	auipc	x0,0x13160	
       17815000	      1780	80001908	40f30833	sub	x16,x6,x15	  x6:0x00000000 x15:0x80009fc4 x16=0x7fff603c
       17825000	      1781	8000190c	4081d917	auipc	x18,0x4081d	 x18=0xc081e908
       17835000	      1782	80001910	004d2083	lw	x1,4(x26)	 x26:0x80009f60  x1=0x800006c0 PA:0x80009f64
       17845000	      1783	80001914	41a108b3	sub	x17,x2,x26	  x2:0x00000000 x26:0x80009f60 x17=0x7fff60a0
       17855000	      1784	80001918	c57c4f13	xori	x30,x24,-937	 x24:0x5283e000 x30=0xad7c1c57
       17865000	      1785	8000191c	00ba9cb3	sll	x25,x21,x11	 x21:0x00000000 x11:0x00000000 x25=0x00000000
       17875000	      1786	80001920	cd68ef13	ori	x30,x17,-810	 x17:0x7fff60a0 x30=0xfffffcf6
       17885000	      1787	80001924	41cb5c93	srai	x25,x22,0x1c	 x22:0x00000000 x25=0x00000000
       17895000	      1788	80001928	024d0d13	addi	x26,x26,36	 x26:0x80009f60 x26=0x80009f84
       17905000	      1789	8000192c	a5273837	lui	x16,0xa5273	 x16=0xa5273000
       17915000	      1790	80001930	00810533	add	x10,x2,x8	  x2:0x00000000  x8:0x80000000 x10=0x80000000
       17925000	      1791	80001934	c73b6b13	ori	x22,x22,-909	 x22:0x00000000 x22=0xfffffc73
       17935000	      1792	80001938	00108693	addi	x13,x1,1	  x1:0x800006c0 x13=0x800006c1
       17945000	      1793	8000193c	000686e7	jalr	x13,x13,0	 x13:0x800006c1 x13=0x8000193c
       17955000	      1794	00000000	00000013	addi	x0,x0,0	  x0:0x00000000
       17965000	      1795	800006c0	00000013	addi	x0,x0,0	  x0:0x00000000
       17975000	      1796	800006c4	013a29b3	slt	x19,x20,x19	 x20:0xffffffff x19:0x00000001 x19=0x00000001
       17985000	      1797	800006c8	00992eb3	slt	x29,x18,x9	 x18:0xc081e908  x9:0x000000a5 x29=0x00000001
       17995000	      1798	800006cc	4ca35717	auipc	x14,0x4ca35	 x14=0xcca356c8
       18005000	      1799	800006d0	05d81663	bne	x16,x29,8000071c	 x16:0xa5273000 x29:0x00000001
       18015000	      1800	00000000	00000013	addi	x0,x0,0	  x0:0x00000000
       18025000	      1801	80000718	00000013	addi	x0,x0,0	  x0:0x00000000
       18035000	      1802	8000071c	3af9b393	sltiu	x7,x19,943	 x19:0x00000001  x7=0x00000001
       18045000	      1803	80000720	415c83b3	sub	x7,x25,x21	 x25:0x00000000 x21:0x00000000  x7=0x00000000
       18055000	      1804	80000724	42092a13	slti	x20,x18,1056	 x18:0xc081e908 x20=0x00000001
       18065000	      1805	80000728	0151c263	blt	x3,x21,8000072c	  x3:0x00000001 x21:0x00000000
       18075000	      1806	8000072c	404e5633	sra	x12,x28,x4	 x28:0x08000000  x4:0x00000000 x12=0x08000000
       18085000	      1807	80000730	012561b3	or	x3,x10,x18	 x10:0x80000000 x18:0xc081e908  x3=0xc081e908
       18095000	      1808	80000734	00367fb3	and	x31,x12,x3	 x12:0x08000000  x3:0xc081e908 x31=0x00000000
       18105000	      1809	80000738	00000013	addi	x0,x0,0	  x0:0x00000000
       18115000	      1810	8000073c	018df663	bgeu	x27,x24,80000748	 x27:0x71ddbe57 x24:0x5283e000
       18125000	      1811	00000000	00000013	addi	x0,x0,0	  x0:0x00000000
       18135000	      1812	80000744	00000013	addi	x0,x0,0	  x0:0x00000000
       18145000	      1813	80000748	f8d26313	ori	x6,x4,-115	  x4:0x00000000  x6=0xffffff8d
       18155000	      1814	8000074c	db587513	andi	x10,x16,-587	 x16:0xa5273000 x10=0xa5273000
       18165000	      1815	80000750	01360b33	add	x22,x12,x19	 x12:0x08000000 x19:0x00000001 x22=0x08000001
       18175000	      1816	80000754	00764533	xor	x10,x12,x7	 x12:0x08000000  x7:0x00000000 x10=0x08000000
       18185000	      1817	80000758	00f4fa63	bgeu	x9,x15,8000076c	  x9:0x000000a5 x15:0x80009fc4
       18195000	      1818	8000075c	b14b4f13	xori	x30,x22,-1260	 x22:0x08000001 x30=0xf7fffb15
       18205000	      1819	80000760	017af3b3	and	x7,x21,x23	 x21:0x00000000 x23:0xfbfdd097  x7=0x00000000
       18215000	      1820	80000764	00989733	sll	x14,x17,x9	 x17:0x7fff60a0  x9:0x000000a5 x14=0xffec1400
       18225000	      1821	80000768	0086bab3	sltu	x21,x13,x8	 x13:0x8000193c  x8:0x80000000 x21=0x00000000
       18235000	      1822	8000076c	009151b3	srl	x3,x2,x9	  x2:0x00000000  x9:0x000000a5  x3=0x00000000
       18245000	      1823	80000770	34383e93	sltiu	x29,x16,835	 x16:0xa5273000 x29=0x00000000
       18255000	      1824	80000774	035eea63	bltu	x29,x21,800007a8	 x29:0x00000000 x21:0x00000000
       18265000	      1825	80000778	2e45f013	andi	x0,x11,740	 x11:0x00000000
       18275000	      1826	8000077c	019978b3	and	x17,x18,x25	 x18:0xc081e908 x25:0x00000000 x17=0x00000000
       18285000	      1827	80000780	683efc13	andi	x24,x29,1667	 x29:0x00000000 x24=0x00000000
       18295000	      1828	80000784	6a5afc13	andi	x24,x21,1701	 x21:0x00000000 x24=0x00000000
       18305000	      1829	80000788	0bd2cc13	xori	x24,x5,189	  x5:0x4fca0000 x24=0x4fca00bd
       18315000	      1830	8000078c	01ccf263	bgeu	x25,x28,80000790	 x25:0x00000000 x28:0x08000000
       18325000	      1831	80000790	012a8833	add	x16,x21,x18	 x21:0x00000000 x18:0xc081e908 x16=0xc081e908
       18335000	      1832	80000794	00b7cdb3	xor	x27,x15,x11	 x15:0x80009fc4 x11:0x00000000 x27=0x80009fc4
       18345000	      1833	80000798	0165d733	srl	x14,x11,x22	 x11:0x00000000 x22:0x08000001 x14=0x00000000
       18355000	      1834	8000079c	e768e917	auipc	x18,0xe768e	 x18=0x6768e798
       18365000	      1835	800007a0	0178df13	srli	x30,x17,0x17	 x17:0x00000000 x30=0x00000000
       18375000	      1836	800007a4	01d382b3	add	x5,x7,x29	  x7:0x00000000 x29:0x00000000  x5=0x00000000
       18385000	      1837	800007a8	0069e933	or	x18,x19,x6	 x19:0x00000001  x6:0xffffff8d x18=0xffffff8d
       18395000	      1838	800007ac	00a9d213	srli	x4,x19,0xa	 x19:0x00000001  x4=0x00000000
       18405000	      1839	800007b0	461c6a93	ori	x21,x24,1121	 x24:0x4fca00bd x21=0x4fca04fd
       18415000	      1840	800007b4	00425e13	srli	x28,x4,0x4	  x4:0x00000000 x28=0x00000000
       18425000	      1841	800007b8	00000013	addi	x0,x0,0	  x0:0x00000000
       18435000	      1842	800007bc	02c4e063	bltu	x9,x12,800007dc	  x9:0x000000a5 x12:0x08000000
       18445000	      1843	00000000	00000013	addi	x0,x0,0	  x0:0x00000000
       18455000	      1844	800007d8	00000013	addi	x0,x0,0	  x0:0x00000000
       18465000	      1845	800007dc	00a9dab3	srl	x21,x19,x10	 x19:0x00000001 x10:0x08000000 x21=0x00000001
       18475000	      1846	800007e0	41f8dc33	sra	x24,x17,x31	 x17:0x00000000 x31:0x00000000 x24=0x00000000
       18485000	      1847	800007e4	8cfaf393	andi	x7,x21,-1841	 x21:0x00000001  x7=0x00000001
       18495000	      1848	800007e8	a9e51037	lui	x0,0xa9e51	
       18505000	      1849	800007ec	003e0e33	add	x28,x28,x3	 x28:0x00000000  x3:0x00000000 x28=0x00000000
       18515000	      1850	800007f0	02f6d863	bge	x13,x15,80000820	 x13:0x8000193c x15:0x80009fc4
       18525000	      1851	800007f4	5af888b7	lui	x17,0x5af88	 x17=0x5af88000
       18535000	      1852	800007f8	00311a63	bne	x2,x3,8000080c	  x2:0x00000000  x3:0x00000000
       18545000	      1853	800007fc	40385713	srai	x14,x16,0x3	 x16:0xc081e908 x14=0xf8103d21
       18555000	      1854	80000800	12667e93	andi	x29,x12,294	 x12:0x08000000 x29=0x00000000
       18565000	      1855	80000804	6746b637	lui	x12,0x6746b	 x12=0x6746b000
       18575000	      1856	80000808	01e85db3	srl	x27,x16,x30	 x16:0xc081e908 x30:0x00000000 x27=0xc081e908
       18585000	      1857	8000080c	0587f663	bgeu	x15,x24,80000858	 x15:0x80009fc4 x24:0x00000000
       18595000	      1858	00000000	00000013	addi	x0,x0,0	  x0:0x00000000
       18605000	      1859	80000854	00000013	addi	x0,x0,0	  x0:0x00000000
       18615000	      1860	80000858	01002633	slt	x12,x0,x16	  x0:0x00000000 x16:0xc081e908 x12=0x00000000
       18625000	      1861	8000085c	76f70593	addi	x11,x14,1903	 x14:0xf8103d21 x11=0xf8104490
       18635000	      1862	80000860	00000013	addi	x0,x0,0	  x0:0x00000000
       18645000	      1863	80000864	00902833	slt	x16,x0,x9	  x0:0x00000000  x9:0x000000a5 x16=0x00000001
       18655000	      1864	80000868	05b28a63	beq	x5,x27,800008bc	  x5:0x00000000 x27:0xc081e908
       18665000	      1865	8000086c	06b3d663	bge	x7,x11,800008d8	  x7:0x00000001 x11:0xf8104490
       18675000	      1866	00000000	00000013	addi	x0,x0,0	  x0:0x00000000
       18685000	      1867	800008d4	00000013	addi	x0,x0,0	  x0:0x00000000
       18695000	      1868	800008d8	010a2033	slt	x0,x20,x16	 x20:0x00000001 x16:0x00000001
       18705000	      1869	800008dc	40075f33	sra	x30,x14,x0	 x14:0xf8103d21  x0:0x00000000 x30=0xf8103d21
       18715000	      1870	800008e0	04bb9263	bne	x23,x11,80000924	 x23:0xfbfdd097 x11:0xf8104490
       18725000	      1871	00000000	00000013	addi	x0,x0,0	  x0:0x00000000
       18735000	      1872	80000920	00000013	addi	x0,x0,0	  x0:0x00000000
       18745000	      1873	80000924	02b47a63	bgeu	x8,x11,80000958	  x8:0x80000000 x11:0xf8104490
       18755000	      1874	80000928	01cea033	slt	x0,x29,x28	 x29:0x00000000 x28:0x00000000
       18765000	      1875	8000092c	05fed663	bge	x29,x31,80000978	 x29:0x00000000 x31:0x00000000
       18775000	      1876	00000000	00000013	addi	x0,x0,0	  x0:0x00000000
       18785000	      1877	80000974	00000013	addi	x0,x0,0	  x0:0x00000000
       18795000	      1878	80000978	01300033	add	x0,x0,x19	  x0:0x00000000 x19:0x00000001
       18805000	      1879	8000097c	009ee233	or	x4,x29,x9	 x29:0x00000000  x9:0x000000a5  x4=0x000000a5
       18815000	      1880	80000980	0417c063	blt	x15,x1,800009c0	 x15:0x80009fc4  x1:0x800006c0
       18825000	      1881	80000984	644d2593	slti	x11,x26,1604	 x26:0x80009f84 x11=0x00000001
       18835000	      1882	80000988	aea02d93	slti	x27,x0,-1302	  x0:0x00000000 x27=0x00000000
       18845000	      1883	8000098c	01319013	slli	x0,x3,0x13	  x3:0x00000000
       18855000	      1884	80000990	02e27b93	andi	x23,x4,46	  x4:0x000000a5 x23=0x00000024
       18865000	      1885	80000994	4327d837	lui	x16,0x4327d	 x16=0x4327d000
       18875000	      1886	80000998	5815df17	auipc	x30,0x5815d	 x30=0xd815d994
       18885000	      1887	8000099c	02720263	beq	x4,x7,800009c0	  x4:0x000000a5  x7:0x00000001
       18895000	      1888	800009a0	00930733	add	x14,x6,x9	  x6:0xffffff8d  x9:0x000000a5 x14=0x00000032
       18905000	      1889	800009a4	01549db3	sll	x27,x9,x21	  x9:0x000000a5 x21:0x00000001 x27=0x0000014a
       18915000	      1890	800009a8	496f4b93	xori	x23,x30,1174	 x30:0xd815d994 x23=0xd815dd02
       18925000	      1891	800009ac	001a5093	srli	x1,x20,0x1	 x20:0x00000001  x1=0x00000000
       18935000	      1892	800009b0	053ae863	bltu	x21,x19,80000a00	 x21:0x00000001 x19:0x00000001
       18945000	      1893	800009b4	41595033	sra	x0,x18,x21	 x18:0xffffff8d x21:0x00000001
       18955000	      1894	800009b8	05eb8263	beq	x23,x30,800009fc	 x23:0xd815dd02 x30:0xd815d994
       18965000	      1895	800009bc	01a47533	and	x10,x8,x26	  x8:0x80000000 x26:0x80009f84 x10=0x80000000
       18975000	      1896	800009c0	00531233	sll	x4,x6,x5	  x6:0xffffff8d  x5:0x00000000  x4=0xffffff8d
       18985000	      1897	800009c4	f4c57093	andi	x1,x10,-180	 x10:0x80000000  x1=0x80000000
       18995000	      1898	800009c8	400702b3	sub	x5,x14,x0	 x14:0x00000032  x0:0x00000000  x5=0x00000032
       19005000	      1899	800009cc	41c25513	srai	x10,x4,0x1c	  x4:0xffffff8d x10=0xffffffff
       19015000	      1900	800009d0	02e28063	beq	x5,x14,800009f0	  x5:0x00000032 x14:0x00000032
       19025000	      1901	00000000	00000013	addi	x0,x0,0	  x0:0x00000000
       19035000	      1902	800009ec	00000013	addi	x0,x0,0	  x0:0x00000000
       19045000	      1903	800009f0	4d7bf013	andi	x0,x23,1239	 x23:0xd815dd02
       19055000	      1904	800009f4	01c61113	slli	x2,x12,0x1c	 x12:0x00000000  x2=0x00000000
       19065000	      1905	800009f8	40440f33	sub	x30,x8,x4	  x8:0x80000000  x4:0xffffff8d x30=0x80000073
       19075000	      1906	800009fc	000e7663	bgeu	x28,x0,80000a08	 x28:0x00000000  x0:0x00000000
       19085000	      1907	00000000	00000013	addi	x0,x0,0	  x0:0x00000000
       19095000	      1908	80000a04	00000013	addi	x0,x0,0	  x0:0x00000000
       19105000	      1909	80000a08	00bb9f33	sll	x30,x23,x11	 x23:0xd815dd02 x11:0x00000001 x30=0xb02bba04
       19115000	      1910	80000a0c	00755013	srli	x0,x10,0x7	 x10:0xffffffff
       19125000	      1911	80000a10	00000013	addi	x0,x0,0	  x0:0x00000000
       19135000	      1912	80000a14	04b6f063	bgeu	x13,x11,80000a54	 x13:0x8000193c x11:0x00000001
       19145000	      1913	00000000	00000013	addi	x0,x0,0	  x0:0x00000000
       19155000	      1914	80000a50	00000013	addi	x0,x0,0	  x0:0x00000000
       19165000	      1915	80000a54	be624993	xori	x19,x4,-1050	  x4:0xffffff8d x19=0x0000046b
       19175000	      1916	80000a58	00c90f33	add	x30,x18,x12	 x18:0xffffff8d x12:0x00000000 x30=0xffffff8d
       19185000	      1917	80000a5c	74a9be13	sltiu	x28,x19,1866	 x19:0x0000046b x28=0x00000001
       19195000	      1918	80000a60	01162ab3	slt	x21,x12,x17	 x12:0x00000000 x17:0x5af88000 x21=0x00000001
       19205000	      1919	80000a64	d602aa13	slti	x20,x5,-672	  x5:0x00000032 x20=0x00000000
       19215000	      1920	80000a68	0021ca63	blt	x3,x2,80000a7c	  x3:0x00000000  x2:0x00000000
       19225000	      1921	80000a6c	41d6d533	sra	x10,x13,x29	 x13:0x8000193c x29:0x00000000 x10=0x8000193c
       19235000	      1922	80000a70	407956b3	sra	x13,x18,x7	 x18:0xffffff8d  x7:0x00000001 x13=0xffffffc6
       19245000	      1923	80000a74	4024d5b3	sra	x11,x9,x2	  x9:0x000000a5  x2:0x00000000 x11=0x000000a5
       19255000	      1924	80000a78	03ea4463	blt	x20,x30,80000aa0	 x20:0x00000000 x30:0xffffff8d
       19265000	      1925	80000a7c	0180c933	xor	x18,x1,x24	  x1:0x80000000 x24:0x00000000 x18=0x80000000
       19275000	      1926	80000a80	00a19cb3	sll	x25,x3,x10	  x3:0x00000000 x10:0x8000193c x25=0x00000000
       19285000	      1927	80000a84	00f9d213	srli	x4,x19,0xf	 x19:0x0000046b  x4=0x00000000
       19295000	      1928	80000a88	0304c863	blt	x9,x16,80000ab8	  x9:0x000000a5 x16:0x4327d000
       19305000	      1929	00000000	00000013	addi	x0,x0,0	  x0:0x00000000
       19315000	      1930	80000ab4	00000013	addi	x0,x0,0	  x0:0x00000000
       19325000	      1931	80000ab8	00979833	sll	x16,x15,x9	 x15:0x80009fc4  x9:0x000000a5 x16=0x0013f880
       19335000	      1932	80000abc	f71afc93	andi	x25,x21,-143	 x21:0x00000001 x25=0x00000001
       19345000	      1933	80000ac0	04316263	bltu	x2,x3,80000b04	  x2:0x00000000  x3:0x00000000
       19355000	      1934	80000ac4	403ed033	sra	x0,x29,x3	 x29:0x00000000  x3:0x00000000
       19365000	      1935	80000ac8	02f3e463	bltu	x7,x15,80000af0	  x7:0x00000001 x15:0x80009fc4
       19375000	      1936	00000000	00000013	addi	x0,x0,0	  x0:0x00000000
       19385000	      1937	80000aec	00000013	addi	x0,x0,0	  x0:0x00000000
       19395000	      1938	80000af0	00000013	addi	x0,x0,0	  x0:0x00000000
       19405000	      1939	80000af4	02915063	bge	x2,x9,80000b14	  x2:0x00000000  x9:0x000000a5
       19415000	      1940	80000af8	002b69b3	or	x19,x22,x2	 x22:0x08000001  x2:0x00000000 x19=0x08000001
       19425000	      1941	80000afc	48e8a693	slti	x13,x17,1166	 x17:0x5af88000 x13=0x00000000
       19435000	      1942	80000b00	015f8a63	beq	x31,x21,80000b14	 x31:0x00000000 x21:0x00000001
       19445000	      1943	80000b04	5073b013	sltiu	x0,x7,1287	  x7:0x00000001
       19455000	      1944	80000b08	00b4e5b3	or	x11,x9,x11	  x9:0x000000a5 x11:0x000000a5 x11=0x000000a5
       19465000	      1945	80000b0c	a7f06493	ori	x9,x0,-1409	  x0:0x00000000  x9=0xfffffa7f
       19475000	      1946	80000b10	0113c263	blt	x7,x17,80000b14	  x7:0x00000001 x17:0x5af88000
       19485000	      1947	00000000	00000013	addi	x0,x0,0	  x0:0x00000000
       19495000	      1948	80000b10	00000013	addi	x0,x0,0	  x0:0x00000000
       19505000	      1949	80000b14	007de9b3	or	x19,x27,x7	 x27:0x0000014a  x7:0x00000001 x19=0x0000014b
       19515000	      1950	80000b18	00000417	auipc	x8,0x0	  x8=0x80000b14
       19525000	      1951	80000b1c	00c40413	addi	x8,x8,12	  x8:0x80000b14  x8=0x80000b20
       19535000	      1952	80000b20	00040067	jalr	x0,x8,0	  x8:0x80000b20
       19545000	      1953	00000000	00000013	addi	x0,x0,0	  x0:0x00000000
       19555000	      1954	80000b20	00000013	addi	x0,x0,0	  x0:0x00000000
       19565000	      1955	80000b24	00100193	addi	x3,x0,1	  x0:0x00000000  x3=0x00000001
       19575000	      1956	80000b28	00000073	ecall	
       19585000	      1957	80000b2c	00000013	addi	x0,x0,0	  x0:0x00000000
