		Time			Cycle	PC		Insn	Decoded instruction	Register and memory contents
          65000	         5	80000004	00000293	addi	x5,x0,0	  x0:0x00000000  x5=0x00000000
          75000	         6	80000008	00000313	addi	x6,x0,0	  x0:0x00000000  x6=0x00000000
          85000	         7	8000000c	00628263	beq	x5,x6,80000010	  x5:0x00000000  x6:0x00000000
          95000	         8	00000000	00000013	addi	x0,x0,0	  x0:0x00000000
         105000	         9	8000000c	00000013	addi	x0,x0,0	  x0:0x00000000
         115000	        10	80000010	00000c97	auipc	x25,0x0	 x25=0x8000000c
         125000	        11	80000014	00cc8c93	addi	x25,x25,12	 x25:0x8000000c x25=0x80000018
         135000	        12	80000018	000c8067	jalr	x0,x25,0	 x25:0x80000018
         145000	        13	00000000	00000013	addi	x0,x0,0	  x0:0x00000000
         155000	        14	80000018	00000013	addi	x0,x0,0	  x0:0x00000000
         165000	        15	8000001c	40000d37	lui	x26,0x40000	 x26=0x40000000
         175000	        16	80000020	100d0d13	addi	x26,x26,256	 x26:0x40000000 x26=0x40000100
         185000	        17	80000024	00000013	addi	x0,x0,0	  x0:0x00000000
         195000	        18	80000028	0000ab97	auipc	x23,0xa	 x23=0x8000a024
         205000	        19	8000002c	fa0b8b93	addi	x23,x23,-96	 x23:0x8000a024 x23=0x80009fc4
         215000	        20	80000030	00003d17	auipc	x26,0x3	 x26=0x8000302c
         225000	        21	80000034	a14d0d13	addi	x26,x26,-1516	 x26:0x8000302c x26=0x80002a40
         235000	        22	80000038	001d6d13	ori	x26,x26,1	 x26:0x80002a40 x26=0x80002a41
         245000	        23	8000003c	00000013	addi	x0,x0,0	  x0:0x00000000
         255000	        24	80000040	00000d17	auipc	x26,0x0	 x26=0x8000003c
         265000	        25	80000044	020d0d13	addi	x26,x26,32	 x26:0x8000003c x26=0x8000005c
         275000	        26	80000048	00000013	addi	x0,x0,0	  x0:0x00000000
         285000	        27	8000004c	00000013	addi	x0,x0,0	  x0:0x00000000
         295000	        28	80000050	00002d37	lui	x26,0x2	 x26=0x00002000
         305000	        29	80000054	800d0d13	addi	x26,x26,-2048	 x26:0x00002000 x26=0x00001800
         315000	        30	80000058	00000013	addi	x0,x0,0	  x0:0x00000000
         325000	        31	8000005c	00000013	addi	x0,x0,0	  x0:0x00000000
         335000	        32	80000060	80000037	lui	x0,0x80000	
         345000	        33	80000064	00000013	addi	x0,x0,0	  x0:0x00000000
         355000	        34	80000068	f20520b7	lui	x1,0xf2052	  x1=0xf2052000
         365000	        35	8000006c	a5808093	addi	x1,x1,-1448	  x1:0xf2052000  x1=0xf2051a58
         375000	        36	80000070	80000137	lui	x2,0x80000	  x2=0x80000000
         385000	        37	80000074	00000193	addi	x3,x0,0	  x0:0x00000000  x3=0x00000000
         395000	        38	80000078	00a00213	addi	x4,x0,10	  x0:0x00000000  x4=0x0000000a
         405000	        39	8000007c	f89932b7	lui	x5,0xf8993	  x5=0xf8993000
         415000	        40	80000080	ab628293	addi	x5,x5,-1354	  x5:0xf8993000  x5=0xf8992ab6
         425000	        41	80000084	00800313	addi	x6,x0,8	  x0:0x00000000  x6=0x00000008
         435000	        42	80000088	fa85c3b7	lui	x7,0xfa85c	  x7=0xfa85c000
         445000	        43	8000008c	c6538393	addi	x7,x7,-923	  x7:0xfa85c000  x7=0xfa85bc65
         455000	        44	80000090	f5cb4437	lui	x8,0xf5cb4	  x8=0xf5cb4000
         465000	        45	80000094	b6940413	addi	x8,x8,-1175	  x8:0xf5cb4000  x8=0xf5cb3b69
         475000	        46	80000098	800004b7	lui	x9,0x80000	  x9=0x80000000
         485000	        47	8000009c	f755d537	lui	x10,0xf755d	 x10=0xf755d000
         495000	        48	800000a0	61550513	addi	x10,x10,1557	 x10:0xf755d000 x10=0xf755d615
         505000	        49	800000a4	f4b465b7	lui	x11,0xf4b46	 x11=0xf4b46000
         515000	        50	800000a8	ac858593	addi	x11,x11,-1336	 x11:0xf4b46000 x11=0xf4b45ac8
         525000	        51	800000ac	f837f637	lui	x12,0xf837f	 x12=0xf837f000
         535000	        52	800000b0	5b960613	addi	x12,x12,1465	 x12:0xf837f000 x12=0xf837f5b9
         545000	        53	800000b4	0cbfa6b7	lui	x13,0xcbfa	 x13=0x0cbfa000
         555000	        54	800000b8	f7068693	addi	x13,x13,-144	 x13:0x0cbfa000 x13=0x0cbf9f70
         565000	        55	800000bc	13bcc7b7	lui	x15,0x13bcc	 x15=0x13bcc000
         575000	        56	800000c0	f0878793	addi	x15,x15,-248	 x15:0x13bcc000 x15=0x13bcbf08
         585000	        57	800000c4	b4faf837	lui	x16,0xb4faf	 x16=0xb4faf000
         595000	        58	800000c8	6c180813	addi	x16,x16,1729	 x16:0xb4faf000 x16=0xb4faf6c1
         605000	        59	800000cc	26cee8b7	lui	x17,0x26cee	 x17=0x26cee000
         615000	        60	800000d0	3f588893	addi	x17,x17,1013	 x17:0x26cee000 x17=0x26cee3f5
         625000	        61	800000d4	80000937	lui	x18,0x80000	 x18=0x80000000
         635000	        62	800000d8	00000993	addi	x19,x0,0	  x0:0x00000000 x19=0x00000000
         645000	        63	800000dc	80000a37	lui	x20,0x80000	 x20=0x80000000
         655000	        64	800000e0	ff43cab7	lui	x21,0xff43c	 x21=0xff43c000
         665000	        65	800000e4	cb1a8a93	addi	x21,x21,-847	 x21:0xff43c000 x21=0xff43bcb1
         675000	        66	800000e8	fea6bb37	lui	x22,0xfea6b	 x22=0xfea6b000
         685000	        67	800000ec	e34b0b13	addi	x22,x22,-460	 x22:0xfea6b000 x22=0xfea6ae34
         695000	        68	800000f0	ff5eec37	lui	x24,0xff5ee	 x24=0xff5ee000
         705000	        69	800000f4	bcbc0c13	addi	x24,x24,-1077	 x24:0xff5ee000 x24=0xff5edbcb
         715000	        70	800000f8	80000cb7	lui	x25,0x80000	 x25=0x80000000
         725000	        71	800000fc	00c00d13	addi	x26,x0,12	  x0:0x00000000 x26=0x0000000c
         735000	        72	80000100	fdabadb7	lui	x27,0xfdaba	 x27=0xfdaba000
         745000	        73	80000104	b41d8d93	addi	x27,x27,-1215	 x27:0xfdaba000 x27=0xfdab9b41
         755000	        74	80000108	00000e13	addi	x28,x0,0	  x0:0x00000000 x28=0x00000000
         765000	        75	8000010c	19a6feb7	lui	x29,0x19a6f	 x29=0x19a6f000
         775000	        76	80000110	d71e8e93	addi	x29,x29,-655	 x29:0x19a6f000 x29=0x19a6ed71
         785000	        77	80000114	1bb31f37	lui	x30,0x1bb31	 x30=0x1bb31000
         795000	        78	80000118	5b4f0f13	addi	x30,x30,1460	 x30:0x1bb31000 x30=0x1bb315b4
         805000	        79	8000011c	00d00f93	addi	x31,x0,13	  x0:0x00000000 x31=0x0000000d
         815000	        80	80000120	0000a717	auipc	x14,0xa	 x14=0x8000a11c
         825000	        81	80000124	e6870713	addi	x14,x14,-408	 x14:0x8000a11c x14=0x80009f84
         835000	        82	80000128	01421413	slli	x8,x4,0x14	  x4:0x0000000a  x8=0x00a00000
         845000	        83	8000012c	00002917	auipc	x18,0x2	 x18=0x80002128
         855000	        84	80000130	eec90913	addi	x18,x18,-276	 x18:0x80002128 x18=0x80002014
         865000	        85	80000134	00a86833	or	x16,x16,x10	 x16:0xb4faf6c1 x10:0xf755d615 x16=0xf7fff6d5
         875000	        86	80000138	cf890913	addi	x18,x18,-776	 x18:0x80002014 x18=0x80001d0c
         885000	        87	8000013c	007d59b3	srl	x19,x26,x7	 x26:0x0000000c  x7:0xfa85bc65 x19=0x00000000
         895000	        88	80000140	01748a63	beq	x9,x23,80000154	  x9:0x80000000 x23:0x80009fc4
         905000	        89	80000144	41340533	sub	x10,x8,x19	  x8:0x00a00000 x19:0x00000000 x10=0x00a00000
         915000	        90	80000148	014de5b3	or	x11,x27,x20	 x27:0xfdab9b41 x20:0x80000000 x11=0xfdab9b41
         925000	        91	8000014c	5ca5c697	auipc	x13,0x5ca5c	 x13=0xdca5c148
         935000	        92	80000150	00d64e33	xor	x28,x12,x13	 x12:0xf837f5b9 x13:0xdca5c148 x28=0x249234f1
         945000	        93	80000154	30990fe7	jalr	x31,x18,777	 x18:0x80001d0c x31=0x80000154
         955000	        94	00000000	00000013	addi	x0,x0,0	  x0:0x00000000
         965000	        95	80002014	00000013	addi	x0,x0,0	  x0:0x00000000
         975000	        96	80002018	01407663	bgeu	x0,x20,80002024	  x0:0x00000000 x20:0x80000000
         985000	        97	8000201c	00b81433	sll	x8,x16,x11	 x16:0xf7fff6d5 x11:0xfdab9b41  x8=0xefffedaa
         995000	        98	80002020	00c5d213	srli	x4,x11,0xc	 x11:0xfdab9b41  x4=0x000fdab9
        1005000	        99	80002024	ff070713	addi	x14,x14,-16	 x14:0x80009f84 x14=0x80009f74
        1015000	       100	80002028	043d7193	andi	x3,x26,67	 x26:0x0000000c  x3=0x00000000
        1025000	       101	8000202c	e4d12a13	slti	x20,x2,-435	  x2:0x80000000 x20=0x00000001
        1035000	       102	80002030	01f72223	sw	x31,4(x14)	 x14:0x80009f74 x31:0x80000154 PA:0x80009f78
        1045000	       103	80002034	57228d13	addi	x26,x5,1394	  x5:0xf8992ab6 x26=0xf8993028
        1055000	       104	80002038	019548b3	xor	x17,x10,x25	 x10:0x00a00000 x25:0x80000000 x17=0x80a00000
        1065000	       105	8000203c	01d84db3	xor	x27,x16,x29	 x16:0xf7fff6d5 x29:0x19a6ed71 x27=0xee591ba4
        1075000	       106	80002040	4162dd13	srai	x26,x5,0x16	  x5:0xf8992ab6 x26=0xffffffe2
        1085000	       107	80002044	0185d633	srl	x12,x11,x24	 x11:0xfdab9b41 x24:0xff5edbcb x12=0x001fb573
        1095000	       108	80002048	00ba9fb3	sll	x31,x21,x11	 x21:0xff43bcb1 x11:0xfdab9b41 x31=0xfe877962
        1105000	       109	8000204c	402d54b3	sra	x9,x26,x2	 x26:0xffffffe2  x2:0x80000000  x9=0xffffffe2
        1115000	       110	80002050	45f2d637	lui	x12,0x45f2d	 x12=0x45f2d000
        1125000	       111	80002054	f602a413	slti	x8,x5,-160	  x5:0xf8992ab6  x8=0x00000001
        1135000	       112	80002058	21386397	auipc	x7,0x21386	  x7=0xa1388054
        1145000	       113	8000205c	00cad993	srli	x19,x21,0xc	 x21:0xff43bcb1 x19=0x000ff43b
        1155000	       114	80002060	25166513	ori	x10,x12,593	 x12:0x45f2d000 x10=0x45f2d251
        1165000	       115	80002064	bc0fefef	jal	x31,80002064	 x31=0x80002064
        1175000	       116	00000000	00000013	addi	x0,x0,0	  x0:0x00000000
        1185000	       117	80000420	00000013	addi	x0,x0,0	  x0:0x00000000
        1195000	       118	80000424	fd870713	addi	x14,x14,-40	 x14:0x80009f74 x14=0x80009f4c
        1205000	       119	80000428	01a6e5b3	or	x11,x13,x26	 x13:0xdca5c148 x26:0xffffffe2 x11=0xffffffea
        1215000	       120	8000042c	be10f7b7	lui	x15,0xbe10f	 x15=0xbe10f000
        1225000	       121	80000430	01f72223	sw	x31,4(x14)	 x14:0x80009f4c x31:0x80002064 PA:0x80009f50
        1235000	       122	80000434	a2a4f537	lui	x10,0xa2a4f	 x10=0xa2a4f000
        1245000	       123	80000438	00008297	auipc	x5,0x8	  x5=0x80008434
        1255000	       124	8000043c	33528293	addi	x5,x5,821	  x5:0x80008434  x5=0x80008769
        1265000	       125	80000440	00c28803	lb	x16,12(x5)	  x5:0x80008769 x16=0x0000002e PA:0x80008775
        1275000	       126	80000444	00c2cd83	lbu	x27,12(x5)	  x5:0x80008769 x27=0x0000002e PA:0x80008775
        1285000	       127	80000448	00c28403	lb	x8,12(x5)	  x5:0x80008769  x8=0x0000002e PA:0x80008775
        1295000	       128	8000044c	00328423	sb	x3,8(x5)	  x5:0x80008769  x3:0x00000000 PA:0x80008771
        1305000	       129	80000450	00228423	sb	x2,8(x5)	  x5:0x80008769  x2:0x80000000 PA:0x80008771
        1315000	       130	80000454	ff728fa3	sb	x23,-1(x5)	  x5:0x80008769 x23:0x80009fc4 PA:0x80008768
        1325000	       131	80000458	ff328923	sb	x19,-14(x5)	  x5:0x80008769 x19:0x000ff43b PA:0x8000875b
        1335000	       132	8000045c	ffe28923	sb	x30,-14(x5)	  x5:0x80008769 x30:0x1bb315b4 PA:0x8000875b
        1345000	       133	80000460	ff22c803	lbu	x16,-14(x5)	  x5:0x80008769 x16=0x000000b4 PA:0x8000875b
        1355000	       134	80000464	0066f6b3	and	x13,x13,x6	 x13:0xdca5c148  x6:0x00000008 x13=0x00000008
        1365000	       135	80000468	ff22c303	lbu	x6,-14(x5)	  x5:0x80008769  x6=0x000000b4 PA:0x8000875b
        1375000	       136	8000046c	ff228f83	lb	x31,-14(x5)	  x5:0x80008769 x31=0xffffffb4 PA:0x8000875b
        1385000	       137	80000470	ff528583	lb	x11,-11(x5)	  x5:0x80008769 x11=0x00000015 PA:0x8000875e
        1395000	       138	80000474	fe429aa3	sh	x4,-11(x5)	  x5:0x80008769  x4:0x000fdab9 PA:0x8000875e
        1405000	       139	80000478	00771e13	slli	x28,x14,0x7	 x14:0x80009f4c x28=0x004fa600
        1415000	       140	8000047c	0072da83	lhu	x21,7(x5)	  x5:0x80008769 x21=0x0000002b PA:0x80008770
        1425000	       141	00000000	00000013	addi	x0,x0,0	  x0:0x00000000
        1435000	       142	80000480	415e0033	sub	x0,x28,x21	 x28:0x004fa600 x21:0x0000002b
        1445000	       143	80000484	007293a3	sh	x7,7(x5)	  x5:0x80008769  x7:0xa1388054 PA:0x80008770
        1455000	       144	80000488	00008097	auipc	x1,0x8	  x1=0x80008484
        1465000	       145	8000048c	e6908093	addi	x1,x1,-407	  x1:0x80008484  x1=0x800082ed
        1475000	       146	80000490	00008917	auipc	x18,0x8	 x18=0x8000848c
        1485000	       147	80000494	10690913	addi	x18,x18,262	 x18:0x8000848c x18=0x80008592
        1495000	       148	80000498	fdd903a3	sb	x29,-57(x18)	 x18:0x80008592 x29:0x19a6ed71 PA:0x80008559
        1505000	       149	8000049c	01891d03	lh	x26,24(x18)	 x18:0x80008592 x26=0x00006061 PA:0x800085aa
        1515000	       150	800004a0	00008a17	auipc	x20,0x8	 x20=0x8000849c
        1525000	       151	800004a4	e3ba0a13	addi	x20,x20,-453	 x20:0x8000849c x20=0x800082d7
        1535000	       152	800004a8	f3808b23	sb	x24,-202(x1)	  x1:0x800082ed x24:0xff5edbcb PA:0x80008223
        1545000	       153	800004ac	00495283	lhu	x5,4(x18)	 x18:0x80008592  x5=0x00004c4d PA:0x80008596
        1555000	       154	800004b0	347a1fa3	sh	x7,863(x20)	 x20:0x800082d7  x7:0xa1388054 PA:0x80008636
        1565000	       155	800004b4	458a0d83	lb	x27,1112(x20)	 x20:0x800082d7 x27=0xffffffe4 PA:0x8000872f
        1575000	       156	800004b8	08f0d103	lhu	x2,143(x1)	  x1:0x800082ed  x2=0x00003637 PA:0x8000837c
        1585000	       157	800004bc	36d0cd03	lbu	x26,877(x1)	  x1:0x800082ed x26=0x00000011 PA:0x8000865a
        1595000	       158	00000000	00000013	addi	x0,x0,0	  x0:0x00000000
        1605000	       159	800004c0	03a92683	lw	x13,58(x18)	 x18:0x80008592 x13=0x84858687 PA:0x800085cc
        1615000	       160	800004c4	1daa4d83	lbu	x27,474(x20)	 x20:0x800082d7 x27=0x0000006a PA:0x800084b1
        1625000	       161	800004c8	fd095003	lhu	x0,-48(x18)	 x18:0x80008592 PA:0x80008562
        1635000	       162	800004cc	eb4a0a23	sb	x20,-332(x20)	 x20:0x800082d7 x20:0x800082d7 PA:0x8000818b
        1645000	       163	800004d0	e86a09a3	sb	x6,-365(x20)	 x20:0x800082d7  x6:0x000000b4 PA:0x8000816a
        1655000	       164	800004d4	d82a0a23	sb	x2,-620(x20)	 x20:0x800082d7  x2:0x00003637 PA:0x8000806b
        1665000	       165	800004d8	4fb0a283	lw	x5,1275(x1)	  x1:0x800082ed  x5=0xa0a1a2a3 PA:0x800087e8
        1675000	       166	800004dc	52fa1e03	lh	x28,1327(x20)	 x20:0x800082d7 x28=0xffffbcbd PA:0x80008806
        1685000	       167	800004e0	e000c483	lbu	x9,-512(x1)	  x1:0x800082ed  x9=0x000000a6 PA:0x800080ed
        1695000	       168	800004e4	01290ca3	sb	x18,25(x18)	 x18:0x80008592 x18:0x80008592 PA:0x800085ab
        1705000	       169	800004e8	00008a17	auipc	x20,0x8	 x20=0x800084e4
        1715000	       170	800004ec	b83a0a13	addi	x20,x20,-1149	 x20:0x800084e4 x20=0x80008067
        1725000	       171	800004f0	ffea4903	lbu	x18,-2(x20)	 x20:0x80008067 x18=0x0000001e PA:0x80008065
        1735000	       172	800004f4	00008797	auipc	x15,0x8	 x15=0x800084f0
        1745000	       173	800004f8	f0678793	addi	x15,x15,-250	 x15:0x800084f0 x15=0x800083f6
        1755000	       174	800004fc	00008997	auipc	x19,0x8	 x19=0x800084f8
        1765000	       175	80000500	ea998993	addi	x19,x19,-343	 x19:0x800084f8 x19=0x800083a1
        1775000	       176	80000504	00008517	auipc	x10,0x8	 x10=0x80008500
        1785000	       177	80000508	c3750513	addi	x10,x10,-969	 x10:0x80008500 x10=0x80008137
        1795000	       178	8000050c	03098d83	lb	x27,48(x19)	 x19:0x800083a1 x27=0xffffff8a PA:0x800083d1
        1805000	       179	80000510	02c79023	sh	x12,32(x15)	 x15:0x800083f6 x12:0x45f2d000 PA:0x80008416
        1815000	       180	80000514	fe47d303	lhu	x6,-28(x15)	 x15:0x800083f6  x6=0x00009091 PA:0x800083da
        1825000	       181	80000518	00a50523	sb	x10,10(x10)	 x10:0x80008137 x10:0x80008137 PA:0x80008141
        1835000	       182	8000051c	02b9db03	lhu	x22,43(x19)	 x19:0x800083a1 x22=0x00008687 PA:0x800083cc
        1845000	       183	80000520	ff998ea3	sb	x25,-3(x19)	 x19:0x800083a1 x25:0x80000000 PA:0x8000839e
        1855000	       184	80000524	00050323	sb	x0,6(x10)	 x10:0x80008137  x0:0x00000000 PA:0x8000813d
        1865000	       185	80000528	ff07c383	lbu	x7,-16(x15)	 x15:0x800083f6  x7=0x0000009d PA:0x800083e6
        1875000	       186	8000052c	fe8a4f83	lbu	x31,-24(x20)	 x20:0x80008067 x31=0x00000004 PA:0x8000804f
        1885000	       187	80000530	00b78303	lb	x6,11(x15)	 x15:0x800083f6  x6=0xffffffba PA:0x80008401
        1895000	       188	80000534	ff355603	lhu	x12,-13(x10)	 x10:0x80008137 x12=0x0000e0e1 PA:0x8000812a
        1905000	       189	80000538	13898903	lb	x18,312(x19)	 x19:0x800083a1 x18=0xffffff92 PA:0x800084d9
        1915000	       190	8000053c	03ca0003	lb	x0,60(x20)	 x20:0x80008067 PA:0x800080a3
        1925000	       191	80000540	003526a3	sw	x3,13(x10)	 x10:0x80008137  x3:0x00000000 PA:0x80008144
        1935000	       192	80000544	fd1789a3	sb	x17,-45(x15)	 x15:0x800083f6 x17:0x80a00000 PA:0x800083c9
        1945000	       193	80000548	00b54183	lbu	x3,11(x10)	 x10:0x80008137  x3=0x000000f9 PA:0x80008142
        1955000	       194	8000054c	01054283	lbu	x5,16(x10)	 x10:0x80008137  x5=0x00000000 PA:0x80008147
        1965000	       195	80000550	ed2995a3	sh	x18,-309(x19)	 x19:0x800083a1 x18:0xffffff92 PA:0x8000826c
        1975000	       196	80000554	ffa50da3	sb	x26,-5(x10)	 x10:0x80008137 x26:0x00000011 PA:0x80008132
        1985000	       197	80000558	ffd7c883	lbu	x17,-3(x15)	 x15:0x800083f6 x17=0x000000a8 PA:0x800083f3
        1995000	       198	8000055c	ff27cd83	lbu	x27,-14(x15)	 x15:0x800083f6 x27=0x000000a3 PA:0x800083e8
        2005000	       199	80000560	fe450823	sb	x4,-16(x10)	 x10:0x80008137  x4:0x000fdab9 PA:0x80008127
        2015000	       200	80000564	025a2603	lw	x12,37(x20)	 x20:0x80008067 x12=0x44454647 PA:0x8000808c
        2025000	       201	80000568	028a2aa3	sw	x8,53(x20)	 x20:0x80008067  x8:0x0000002e PA:0x8000809c
        2035000	       202	8000056c	00009117	auipc	x2,0x9	  x2=0x80009568
        2045000	       203	80000570	9d110113	addi	x2,x2,-1583	  x2:0x80009568  x2=0x80008f39
        2055000	       204	80000574	fc010a03	lb	x20,-64(x2)	  x2:0x80008f39 x20=0xffffffe2 PA:0x80008ef9
        2065000	       205	80000578	fcc14203	lbu	x4,-52(x2)	  x2:0x80008f39  x4=0x000000ee PA:0x80008f05
        2075000	       206	8000057c	0010a933	slt	x18,x1,x1	  x1:0x800082ed  x1:0x800082ed x18=0x00000000
        2085000	       207	80000580	03925a17	auipc	x20,0x3925	 x20=0x8392557c
        2095000	       208	80000584	03d14283	lbu	x5,61(x2)	  x2:0x80008f39  x5=0x0000005d PA:0x80008f76
        2105000	       209	80000588	fe111a83	lh	x21,-31(x2)	  x2:0x80008f39 x21=0x00000001 PA:0x80008f1a
        2115000	       210	8000058c	fc914483	lbu	x9,-55(x2)	  x2:0x80008f39  x9=0x000000e9 PA:0x80008f02
        2125000	       211	80000590	000c86b3	add	x13,x25,x0	 x25:0x80000000  x0:0x00000000 x13=0x80000000
        2135000	       212	80000594	01d67f33	and	x30,x12,x29	 x12:0x44454647 x29:0x19a6ed71 x30=0x00044441
        2145000	       213	80000598	fc214e03	lbu	x28,-62(x2)	  x2:0x80008f39 x28=0x000000e0 PA:0x80008efb
        2155000	       214	8000059c	0032e333	or	x6,x5,x3	  x5:0x0000005d  x3:0x000000f9  x6=0x000000fd
        2165000	       215	800005a0	00d11783	lh	x15,13(x2)	  x2:0x80008f39 x15=0x00002c2d PA:0x80008f46
        2175000	       216	800005a4	fd310e03	lb	x28,-45(x2)	  x2:0x80008f39 x28=0xfffffff7 PA:0x80008f0c
        2185000	       217	800005a8	019589b3	add	x19,x11,x25	 x11:0x00000015 x25:0x80000000 x19=0x80000015
        2195000	       218	800005ac	00311c03	lh	x24,3(x2)	  x2:0x80008f39 x24=0x00002627 PA:0x80008f3c
        2205000	       219	800005b0	40f0d2b3	sra	x5,x1,x15	  x1:0x800082ed x15:0x00002c2d  x5=0xfffc0004
        2215000	       220	800005b4	01115603	lhu	x12,17(x2)	  x2:0x80008f39 x12=0x00003031 PA:0x80008f4a
        2225000	       221	800005b8	02514f83	lbu	x31,37(x2)	  x2:0x80008f39 x31=0x00000045 PA:0x80008f5e
        2235000	       222	800005bc	8573b413	sltiu	x8,x7,-1961	  x7:0x0000009d  x8=0x00000001
        2245000	       223	800005c0	fe312d03	lw	x26,-29(x2)	  x2:0x80008f39 x26=0x04050607 PA:0x80008f1c
        2255000	       224	800005c4	01907333	and	x6,x0,x25	  x0:0x00000000 x25:0x80000000  x6=0x00000000
        2265000	       225	800005c8	013244b3	xor	x9,x4,x19	  x4:0x000000ee x19:0x80000015  x9=0x800000fb
        2275000	       226	800005cc	41af5c33	sra	x24,x30,x26	 x30:0x00044441 x26:0x04050607 x24=0x00000888
        2285000	       227	800005d0	03f15583	lhu	x11,63(x2)	  x2:0x80008f39 x11=0x00006263 PA:0x80008f78
        2295000	       228	800005d4	03014a03	lbu	x20,48(x2)	  x2:0x80008f39 x20=0x00000052 PA:0x80008f69
        2305000	       229	800005d8	03814503	lbu	x10,56(x2)	  x2:0x80008f39 x10=0x0000005a PA:0x80008f71
        2315000	       230	800005dc	00511f83	lh	x31,5(x2)	  x2:0x80008f39 x31=0x00002425 PA:0x80008f3e
        2325000	       231	800005e0	02511483	lh	x9,37(x2)	  x2:0x80008f39  x9=0x00004445 PA:0x80008f5e
        2335000	       232	800005e4	03310223	sb	x19,36(x2)	  x2:0x80008f39 x19:0x80000015 PA:0x80008f5d
        2345000	       233	800005e8	0035c433	xor	x8,x11,x3	 x11:0x00006263  x3:0x000000f9  x8=0x0000629a
        2355000	       234	800005ec	fc511d03	lh	x26,-59(x2)	  x2:0x80008f39 x26=0xffffe4e5 PA:0x80008efe
        2365000	       235	800005f0	00000013	addi	x0,x0,0	  x0:0x00000000
        2375000	       236	800005f4	01810223	sb	x24,4(x2)	  x2:0x80008f39 x24:0x00000888 PA:0x80008f3d
        2385000	       237	800005f8	fd810a83	lb	x21,-40(x2)	  x2:0x80008f39 x21=0xfffffffa PA:0x80008f11
        2395000	       238	00000000	00000013	addi	x0,x0,0	  x0:0x00000000
        2405000	       239	800005fc	01faa1b3	slt	x3,x21,x31	 x21:0xfffffffa x31:0x00002425  x3=0x00000001
        2415000	       240	80000600	010b7e33	and	x28,x22,x16	 x22:0x00008687 x16:0x000000b4 x28=0x00000084
        2425000	       241	80000604	fe914583	lbu	x11,-23(x2)	  x2:0x80008f39 x11=0x00000009 PA:0x80008f22
        2435000	       242	80000608	3d3c4a93	xori	x21,x24,979	 x24:0x00000888 x21=0x00000b5b
        2445000	       243	8000060c	01594f33	xor	x30,x18,x21	 x18:0x00000000 x21:0x00000b5b x30=0x00000b5b
        2455000	       244	80000610	ffe10403	lb	x8,-2(x2)	  x2:0x80008f39  x8=0x0000001c PA:0x80008f37
        2465000	       245	80000614	ff914f83	lbu	x31,-7(x2)	  x2:0x80008f39 x31=0x00000019 PA:0x80008f32
        2475000	       246	80000618	01010a83	lb	x21,16(x2)	  x2:0x80008f39 x21=0x00000032 PA:0x80008f49
        2485000	       247	00000000	00000013	addi	x0,x0,0	  x0:0x00000000
        2495000	       248	8000061c	0150feb3	and	x29,x1,x21	  x1:0x800082ed x21:0x00000032 x29=0x00000020
        2505000	       249	80000620	00810583	lb	x11,8(x2)	  x2:0x80008f39 x11=0x0000002a PA:0x80008f41
        2515000	       250	80000624	00031b13	slli	x22,x6,0x0	  x6:0x00000000 x22=0x00000000
        2525000	       251	80000628	fd410283	lb	x5,-44(x2)	  x2:0x80008f39  x5=0xfffffff6 PA:0x80008f0d
        2535000	       252	8000062c	00008197	auipc	x3,0x8	  x3=0x80008628
        2545000	       253	80000630	72318193	addi	x3,x3,1827	  x3:0x80008628  x3=0x80008d4b
        2555000	       254	80000634	00008d17	auipc	x26,0x8	 x26=0x80008630
        2565000	       255	80000638	61dd0d13	addi	x26,x26,1565	 x26:0x80008630 x26=0x80008c4d
        2575000	       256	8000063c	bce18103	lb	x2,-1074(x3)	  x3:0x80008d4b  x2=0x00000002 PA:0x80008919
        2585000	       257	80000640	00008417	auipc	x8,0x8	  x8=0x8000863c
        2595000	       258	80000644	4b940413	addi	x8,x8,1209	  x8:0x8000863c  x8=0x80008af5
        2605000	       259	80000648	f5fd5483	lhu	x9,-161(x26)	 x26:0x80008c4d  x9=0x00009697 PA:0x80008bac
        2615000	       260	8000064c	fb9d1fa3	sh	x25,-65(x26)	 x26:0x80008c4d x25:0x80000000 PA:0x80008c0c
        2625000	       261	80000650	00008297	auipc	x5,0x8	  x5=0x8000864c
        2635000	       262	80000654	3f428293	addi	x5,x5,1012	  x5:0x8000864c  x5=0x80008a40
        2645000	       263	80000658	01728603	lb	x12,23(x5)	  x5:0x80008a40 x12=0x0000003c PA:0x80008a57
        2655000	       264	8000065c	c2719f83	lh	x31,-985(x3)	  x3:0x80008d4b x31=0x00005859 PA:0x80008972
        2665000	       265	80000660	fccd4b03	lbu	x22,-52(x26)	 x26:0x80008c4d x22=0x00000002 PA:0x80008c19
        2675000	       266	80000664	f9cd0a23	sb	x28,-108(x26)	 x26:0x80008c4d x28:0x00000084 PA:0x80008be1
        2685000	       267	80000668	01a416a3	sh	x26,13(x8)	  x8:0x80008af5 x26:0x80008c4d PA:0x80008b02
        2695000	       268	8000066c	ffa40803	lb	x16,-6(x8)	  x8:0x80008af5 x16=0xffffffd4 PA:0x80008aef
        2705000	       269	80000670	ff444a83	lbu	x21,-12(x8)	  x8:0x80008af5 x21=0x000000d2 PA:0x80008ae9
        2715000	       270	80000674	ffd28583	lb	x11,-3(x5)	  x5:0x80008a40 x11=0x00000026 PA:0x80008a3d
        2725000	       271	80000678	0aed0903	lb	x18,174(x26)	 x26:0x80008c4d x18=0xffffffe0 PA:0x80008cfb
        2735000	       272	8000067c	f24d4803	lbu	x16,-220(x26)	 x26:0x80008c4d x16=0x0000005a PA:0x80008b71
        2745000	       273	80000680	fd328903	lb	x18,-45(x5)	  x5:0x80008a40 x18=0xfffffff8 PA:0x80008a13
        2755000	       274	80000684	fee40ca3	sb	x14,-7(x8)	  x8:0x80008af5 x14:0x80009f4c PA:0x80008aee
        2765000	       275	80000688	e4e18223	sb	x14,-444(x3)	  x3:0x80008d4b x14:0x80009f4c PA:0x80008b8f
        2775000	       276	8000068c	ffb28383	lb	x7,-5(x5)	  x5:0x80008a40  x7=0x00000020 PA:0x80008a3b
        2785000	       277	80000690	f08d0483	lb	x9,-248(x26)	 x26:0x80008c4d  x9=0x0000003e PA:0x80008b55
        2795000	       278	80000694	050d4203	lbu	x4,80(x26)	 x26:0x80008c4d  x4=0x00000086 PA:0x80008c9d
        2805000	       279	80000698	fe928aa3	sb	x9,-11(x5)	  x5:0x80008a40  x9:0x0000003e PA:0x80008a35
        2815000	       280	8000069c	ffe40883	lb	x17,-2(x8)	  x8:0x80008af5 x17=0xffffffd8 PA:0x80008af3
        2825000	       281	800006a0	f7d18603	lb	x12,-131(x3)	  x3:0x80008d4b x12=0xffffffb3 PA:0x80008cc8
        2835000	       282	800006a4	ffe40c03	lb	x24,-2(x8)	  x8:0x80008af5 x24=0xffffffd8 PA:0x80008af3
        2845000	       283	800006a8	fdd285a3	sb	x29,-53(x5)	  x5:0x80008a40 x29:0x00000020 PA:0x80008a0b
        2855000	       284	800006ac	fd018d23	sb	x16,-38(x3)	  x3:0x80008d4b x16:0x0000005a PA:0x80008d25
        2865000	       285	800006b0	aef18e83	lb	x29,-1297(x3)	  x3:0x80008d4b x29=0x00000021 PA:0x8000883a
        2875000	       286	800006b4	ff044a83	lbu	x21,-16(x8)	  x8:0x80008af5 x21=0x000000ce PA:0x80008ae5
        2885000	       287	800006b8	fcb2cf03	lbu	x30,-53(x5)	  x5:0x80008a40 x30=0x00000020 PA:0x80008a0b
        2895000	       288	800006bc	bae1c083	lbu	x1,-1106(x3)	  x3:0x80008d4b  x1=0x000000e2 PA:0x800088f9
        2905000	       289	800006c0	03e2cd83	lbu	x27,62(x5)	  x5:0x80008a40 x27=0x00000065 PA:0x80008a7e
        2915000	       290	800006c4	0a6d14a3	sh	x6,169(x26)	 x26:0x80008c4d  x6:0x00000000 PA:0x80008cf6
        2925000	       291	800006c8	00008c17	auipc	x24,0x8	 x24=0x800086c4
        2935000	       292	800006cc	b64c0c13	addi	x24,x24,-1180	 x24:0x800086c4 x24=0x80008228
        2945000	       293	800006d0	00008517	auipc	x10,0x8	 x10=0x800086cc
        2955000	       294	800006d4	a6850513	addi	x10,x10,-1432	 x10:0x800086cc x10=0x80008134
        2965000	       295	800006d8	00008397	auipc	x7,0x8	  x7=0x800086d4
        2975000	       296	800006dc	be738393	addi	x7,x7,-1049	  x7:0x800086d4  x7=0x800082bb
        2985000	       297	800006e0	e403ce83	lbu	x29,-448(x7)	  x7:0x800082bb x29=0x000000b0 PA:0x800080fb
        2995000	       298	800006e4	00008917	auipc	x18,0x8	 x18=0x800086e0
        3005000	       299	800006e8	ca690913	addi	x18,x18,-858	 x18:0x800086e0 x18=0x80008386
        3015000	       300	800006ec	26c90183	lb	x3,620(x18)	 x18:0x80008386  x3=0xffffffa9 PA:0x800085f2
        3025000	       301	800006f0	4bd39803	lh	x16,1213(x7)	  x7:0x800082bb x16=0x00003233 PA:0x80008778
        3035000	       302	800006f4	05b90783	lb	x15,91(x18)	 x18:0x80008386 x15=0xffffff9a PA:0x800083e1
        3045000	       303	800006f8	01a51023	sh	x26,0(x10)	 x10:0x80008134 x26:0x80008c4d PA:0x80008134
        3055000	       304	800006fc	0fa38983	lb	x19,250(x7)	  x7:0x800082bb x19=0x0000006e PA:0x800083b5
        3065000	       305	80000700	ff954683	lbu	x13,-7(x10)	 x10:0x80008134 x13=0x000000e6 PA:0x8000812d
        3075000	       306	80000704	4b53a583	lw	x11,1205(x7)	  x7:0x800082bb x11=0x28298054 PA:0x80008770
        3085000	       307	80000708	00455483	lhu	x9,4(x10)	 x10:0x80008134  x9=0x0000f2f3 PA:0x80008138
        3095000	       308	8000070c	d2e91103	lh	x2,-722(x18)	 x18:0x80008386  x2=0x00006e6f PA:0x800080b4
        3105000	       309	80000710	05394103	lbu	x2,83(x18)	 x18:0x80008386  x2=0x00000092 PA:0x800083d9
        3115000	       310	80000714	ff052783	lw	x15,-16(x10)	 x10:0x80008134 x15=0xb9dddedf PA:0x80008124
        3125000	       311	80000718	16038683	lb	x13,352(x7)	  x7:0x800082bb x13=0xffffffd0 PA:0x8000841b
        3135000	       312	8000071c	e1139da3	sh	x17,-485(x7)	  x7:0x800082bb x17:0xffffffd8 PA:0x800080d6
        3145000	       313	80000720	0d095083	lhu	x1,208(x18)	 x18:0x80008386  x1=0x00000c0d PA:0x80008456
        3155000	       314	80000724	0783c803	lbu	x16,120(x7)	  x7:0x800082bb x16=0x000000e8 PA:0x80008333
        3165000	       315	80000728	00c55203	lhu	x4,12(x10)	 x10:0x80008134  x4=0x000037fb PA:0x80008140
        3175000	       316	8000072c	ff6c0183	lb	x3,-10(x24)	 x24:0x80008228  x3=0xffffffd5 PA:0x8000821e
        3185000	       317	80000730	f0638303	lb	x6,-250(x7)	  x7:0x800082bb  x6=0x0000007a PA:0x800081c1
        3195000	       318	80000734	ff7c4d83	lbu	x27,-9(x24)	 x24:0x80008228 x27=0x000000d4 PA:0x8000821f
        3205000	       319	80000738	00754e83	lbu	x29,7(x10)	 x10:0x80008134 x29=0x000000f0 PA:0x8000813b
        3215000	       320	8000073c	3b994a83	lbu	x21,953(x18)	 x18:0x80008386 x21=0x000000f4 PA:0x8000873f
        3225000	       321	80000740	00dc0023	sb	x13,0(x24)	 x24:0x80008228 x13:0xffffffd0 PA:0x80008228
        3235000	       322	80000744	00750d03	lb	x26,7(x10)	 x10:0x80008134 x26=0xfffffff0 PA:0x8000813b
        3245000	       323	80000748	003c4d03	lbu	x26,3(x24)	 x24:0x80008228 x26=0x000000e0 PA:0x8000822b
        3255000	       324	8000074c	ffcc2d03	lw	x26,-4(x24)	 x24:0x80008228 x26=0xdcdddedf PA:0x80008224
        3265000	       325	80000750	00655683	lhu	x13,6(x10)	 x10:0x80008134 x13=0x0000f0f1 PA:0x8000813a
        3275000	       326	80000754	52e3c183	lbu	x3,1326(x7)	  x7:0x800082bb  x3=0x000000a2 PA:0x800087e9
        3285000	       327	80000758	00851023	sh	x8,0(x10)	 x10:0x80008134  x8:0x80008af5 PA:0x80008134
        3295000	       328	8000075c	2b292283	lw	x5,690(x18)	 x18:0x80008386  x5=0xf0f1f2f3 PA:0x80008638
        3305000	       329	80000760	00008417	auipc	x8,0x8	  x8=0x8000875c
        3315000	       330	80000764	65d40413	addi	x8,x8,1629	  x8:0x8000875c  x8=0x80008db9
        3325000	       331	80000768	d00dac13	slti	x24,x27,-768	 x27:0x000000d4 x24=0x00000000
        3335000	       332	8000076c	fdb40e23	sb	x27,-36(x8)	  x8:0x80008db9 x27:0x000000d4 PA:0x80008d95
        3345000	       333	80000770	013f5993	srli	x19,x30,0x13	 x30:0x00000020 x19=0x00000000
        3355000	       334	80000774	fc144803	lbu	x16,-63(x8)	  x8:0x80008db9 x16=0x00000061 PA:0x80008d7a
        3365000	       335	80000778	fd340203	lb	x4,-45(x8)	  x8:0x80008db9  x4=0x00000077 PA:0x80008d8c
        3375000	       336	8000077c	02544503	lbu	x10,37(x8)	  x8:0x80008db9 x10=0x000000c5 PA:0x80008dde
        3385000	       337	80000780	fe4402a3	sb	x4,-27(x8)	  x8:0x80008db9  x4:0x00000077 PA:0x80008d9e
        3395000	       338	80000784	40295213	srai	x4,x18,0x2	 x18:0x80008386  x4=0xe00020e1
        3405000	       339	80000788	013d0ab3	add	x21,x26,x19	 x26:0xdcdddedf x19:0x00000000 x21=0xdcdddedf
        3415000	       340	8000078c	02b40823	sb	x11,48(x8)	  x8:0x80008db9 x11:0x28298054 PA:0x80008de9
        3425000	       341	80000790	03244903	lbu	x18,50(x8)	  x8:0x80008db9 x18=0x000000d0 PA:0x80008deb
        3435000	       342	80000794	001cb833	sltu	x16,x25,x1	 x25:0x80000000  x1:0x00000c0d x16=0x00000000
        3445000	       343	80000798	fd440f23	sb	x20,-34(x8)	  x8:0x80008db9 x20:0x00000052 PA:0x80008d97
        3455000	       344	8000079c	01f44c03	lbu	x24,31(x8)	  x8:0x80008db9 x24=0x000000c3 PA:0x80008dd8
        3465000	       345	800007a0	005f7333	and	x6,x30,x5	 x30:0x00000020  x5:0xf0f1f2f3  x6=0x00000020
        3475000	       346	800007a4	fc140423	sb	x1,-56(x8)	  x8:0x80008db9  x1:0x00000c0d PA:0x80008d81
        3485000	       347	800007a8	fc345f03	lhu	x30,-61(x8)	  x8:0x80008db9 x30=0x00006667 PA:0x80008d7c
        3495000	       348	800007ac	013407a3	sb	x19,15(x8)	  x8:0x80008db9 x19:0x00000000 PA:0x80008dc8
        3505000	       349	800007b0	ff240a03	lb	x20,-14(x8)	  x8:0x80008db9 x20=0xffffff90 PA:0x80008dab
        3515000	       350	800007b4	fed409a3	sb	x13,-13(x8)	  x8:0x80008db9 x13:0x0000f0f1 PA:0x80008dac
        3525000	       351	800007b8	fc840423	sb	x8,-56(x8)	  x8:0x80008db9  x8:0x80008db9 PA:0x80008d81
        3535000	       352	800007bc	01440623	sb	x20,12(x8)	  x8:0x80008db9 x20:0xffffff90 PA:0x80008dc5
        3545000	       353	800007c0	02b40ba3	sb	x11,55(x8)	  x8:0x80008db9 x11:0x28298054 PA:0x80008df0
        3555000	       354	800007c4	03d40223	sb	x29,36(x8)	  x8:0x80008db9 x29:0x000000f0 PA:0x80008ddd
        3565000	       355	800007c8	22808e13	addi	x28,x1,552	  x1:0x00000c0d x28=0x00000e35
        3575000	       356	800007cc	ff144883	lbu	x17,-15(x8)	  x8:0x80008db9 x17=0x00000091 PA:0x80008daa
        3585000	       357	800007d0	fde40ea3	sb	x30,-35(x8)	  x8:0x80008db9 x30:0x00006667 PA:0x80008d96
        3595000	       358	800007d4	03044a03	lbu	x20,48(x8)	  x8:0x80008db9 x20=0x00000054 PA:0x80008de9
        3605000	       359	800007d8	8197ee93	ori	x29,x15,-2023	 x15:0xb9dddedf x29=0xfffffedf
        3615000	       360	800007dc	03040303	lb	x6,48(x8)	  x8:0x80008db9  x6=0x00000054 PA:0x80008de9
        3625000	       361	800007e0	01c52eb3	slt	x29,x10,x28	 x10:0x000000c5 x28:0x00000e35 x29=0x00000001
        3635000	       362	800007e4	4110d013	srai	x0,x1,0x11	  x1:0x00000c0d
        3645000	       363	800007e8	01240d03	lb	x26,18(x8)	  x8:0x80008db9 x26=0xffffffb0 PA:0x80008dcb
        3655000	       364	800007ec	01741783	lh	x15,23(x8)	  x8:0x80008db9 x15=0xffffbabb PA:0x80008dd0
        3665000	       365	800007f0	00141e83	lh	x29,1(x8)	  x8:0x80008db9 x29=0xffffa0a1 PA:0x80008dba
        3675000	       366	800007f4	00008f17	auipc	x30,0x8	 x30=0x800087f0
        3685000	       367	800007f8	2cbf0f13	addi	x30,x30,715	 x30:0x800087f0 x30=0x80008abb
        3695000	       368	800007fc	006f0183	lb	x3,6(x30)	 x30:0x80008abb  x3=0xffffffaa PA:0x80008ac1
        3705000	       369	80000800	00008e97	auipc	x29,0x8	 x29=0x800087fc
        3715000	       370	80000804	5f8e8e93	addi	x29,x29,1528	 x29:0x800087fc x29=0x80008df4
        3725000	       371	80000808	f2ee81a3	sb	x14,-221(x29)	 x29:0x80008df4 x14:0x80009f4c PA:0x80008d17
        3735000	       372	8000080c	01cf13a3	sh	x28,7(x30)	 x30:0x80008abb x28:0x00000e35 PA:0x80008ac2
        3745000	       373	80000810	06dec303	lbu	x6,109(x29)	 x29:0x80008df4  x6=0x0000004a PA:0x80008e61
        3755000	       374	80000814	00008a97	auipc	x21,0x8	 x21=0x80008810
        3765000	       375	80000818	459a8a93	addi	x21,x21,1113	 x21:0x80008810 x21=0x80008c69
        3775000	       376	8000081c	fade9b23	sh	x13,-74(x29)	 x29:0x80008df4 x13:0x0000f0f1 PA:0x80008daa
        3785000	       377	80000820	ffdaa5a3	sw	x29,-21(x21)	 x21:0x80008c69 x29:0x80008df4 PA:0x80008c54
        3795000	       378	80000824	005f1203	lh	x4,5(x30)	 x30:0x80008abb  x4=0xffffaaab PA:0x80008ac0
        3805000	       379	80000828	f49a8623	sb	x9,-180(x21)	 x21:0x80008c69  x9:0x0000f2f3 PA:0x80008bb5
        3815000	       380	8000082c	ff8f4e03	lbu	x28,-8(x30)	 x30:0x80008abb x28=0x00000098 PA:0x80008ab3
        3825000	       381	80000830	f55a9883	lh	x17,-171(x21)	 x21:0x80008c69 x17=0xffffa4a5 PA:0x80008bbe
        3835000	       382	80000834	006f4e03	lbu	x28,6(x30)	 x30:0x80008abb x28=0x000000aa PA:0x80008ac1
        3845000	       383	80000838	061ec303	lbu	x6,97(x29)	 x29:0x80008df4  x6=0x0000003e PA:0x80008e55
        3855000	       384	8000083c	002f0383	lb	x7,2(x30)	 x30:0x80008abb  x7=0xffffffa6 PA:0x80008abd
        3865000	       385	80000840	00ef0e03	lb	x28,14(x30)	 x30:0x80008abb x28=0xffffffb2 PA:0x80008ac9
        3875000	       386	80000844	08fa8a23	sb	x15,148(x21)	 x21:0x80008c69 x15:0xffffbabb PA:0x80008cfd
        3885000	       387	80000848	f2ea96a3	sh	x14,-211(x21)	 x21:0x80008c69 x14:0x80009f4c PA:0x80008b96
        3895000	       388	8000084c	007f4d83	lbu	x27,7(x30)	 x30:0x80008abb x27=0x00000035 PA:0x80008ac2
        3905000	       389	80000850	095a9f83	lh	x31,149(x21)	 x21:0x80008c69 x31=0xffffe4e5 PA:0x80008cfe
        3915000	       390	80000854	051e8c03	lb	x24,81(x29)	 x29:0x80008df4 x24=0x0000002e PA:0x80008e45
        3925000	       391	80000858	005f5103	lhu	x2,5(x30)	 x30:0x80008abb  x2=0x0000aaab PA:0x80008ac0
        3935000	       392	8000085c	0cfe8023	sb	x15,192(x29)	 x29:0x80008df4 x15:0xffffbabb PA:0x80008eb4
        3945000	       393	80000860	feaf0823	sb	x10,-16(x30)	 x30:0x80008abb x10:0x000000c5 PA:0x80008aab
        3955000	       394	80000864	0d2ac283	lbu	x5,210(x21)	 x21:0x80008c69  x5=0x00000020 PA:0x80008d3b
        3965000	       395	80000868	073e82a3	sb	x19,101(x29)	 x29:0x80008df4 x19:0x00000000 PA:0x80008e59
        3975000	       396	8000086c	fb5a8fa3	sb	x21,-65(x21)	 x21:0x80008c69 x21:0x80008c69 PA:0x80008c28
        3985000	       397	80000870	07fa8883	lb	x17,127(x21)	 x21:0x80008c69 x17=0xffffffd3 PA:0x80008ce8
        3995000	       398	80000874	058a8883	lb	x17,88(x21)	 x21:0x80008c69 x17=0xffffffaa PA:0x80008cc1
        4005000	       399	80000878	00008397	auipc	x7,0x8	  x7=0x80008874
        4015000	       400	8000087c	91338393	addi	x7,x7,-1773	  x7:0x80008874  x7=0x80008187
        4025000	       401	80000880	00008797	auipc	x15,0x8	 x15=0x8000887c
        4035000	       402	80000884	d6478793	addi	x15,x15,-668	 x15:0x8000887c x15=0x800085e0
        4045000	       403	80000888	00008a17	auipc	x20,0x8	 x20=0x80008884
        4055000	       404	8000088c	e37a0a13	addi	x20,x20,-457	 x20:0x80008884 x20=0x800086bb
        4065000	       405	80000890	fea38623	sb	x10,-20(x7)	  x7:0x80008187 x10:0x000000c5 PA:0x80008173
        4075000	       406	80000894	ffe38983	lb	x19,-2(x7)	  x7:0x80008187 x19=0x0000003e PA:0x80008185
        4085000	       407	80000898	ffb79f23	sh	x27,-2(x15)	 x15:0x800085e0 x27:0x00000035 PA:0x800085de
        4095000	       408	8000089c	f97a4603	lbu	x12,-105(x20)	 x20:0x800086bb x12=0x00000009 PA:0x80008652
        4105000	       409	800008a0	fcf38883	lb	x17,-49(x7)	  x7:0x80008187 x17=0x0000000d PA:0x80008156
        4115000	       410	800008a4	ff27a823	sw	x18,-16(x15)	 x15:0x800085e0 x18:0x000000d0 PA:0x800085d0
        4125000	       411	800008a8	d1da0723	sb	x29,-754(x20)	 x20:0x800086bb x29:0x80008df4 PA:0x800083c9
        4135000	       412	800008ac	00e7c803	lbu	x16,14(x15)	 x15:0x800085e0 x16=0x000000a5 PA:0x800085ee
        4145000	       413	800008b0	03438603	lb	x12,52(x7)	  x7:0x80008187 x12=0x00000070 PA:0x800081bb
        4155000	       414	800008b4	ff0a4183	lbu	x3,-16(x20)	 x20:0x800086bb  x3=0x00000060 PA:0x800086ab
        4165000	       415	800008b8	0f2a0903	lb	x18,242(x20)	 x20:0x800086bb x18=0x00000066 PA:0x800087ad
        4175000	       416	800008bc	fff78903	lb	x18,-1(x15)	 x15:0x800085e0 x18=0x00000000 PA:0x800085df
        4185000	       417	800008c0	b54a0183	lb	x3,-1196(x20)	 x20:0x800086bb  x3=0xffffffc4 PA:0x8000820f
        4195000	       418	800008c4	02e38283	lb	x5,46(x7)	  x7:0x80008187  x5=0x0000006e PA:0x800081b5
        4205000	       419	800008c8	fd23c883	lbu	x17,-46(x7)	  x7:0x80008187 x17=0x00000012 PA:0x80008159
        4215000	       420	800008cc	0107c483	lbu	x9,16(x15)	 x15:0x800085e0  x9=0x000000ab PA:0x800085f0
        4225000	       421	800008d0	a08a4e83	lbu	x29,-1528(x20)	 x20:0x800086bb x29=0x00000078 PA:0x800080c3
        4235000	       422	800008d4	fe17a823	sw	x1,-16(x15)	 x15:0x800085e0  x1:0x00000c0d PA:0x800085d0
        4245000	       423	800008d8	ff43c883	lbu	x17,-12(x7)	  x7:0x80008187 x17=0x00000030 PA:0x8000817b
        4255000	       424	00000000	00000013	addi	x0,x0,0	  x0:0x00000000
        4265000	       425	800008dc	0313a083	lw	x1,49(x7)	  x7:0x80008187  x1=0x70717273 PA:0x800081b8
        4275000	       426	800008e0	ffa3c203	lbu	x4,-6(x7)	  x7:0x80008187  x4=0x0000003a PA:0x80008181
        4285000	       427	800008e4	00008097	auipc	x1,0x8	  x1=0x800088e0
        4295000	       428	800008e8	d2008093	addi	x1,x1,-736	  x1:0x800088e0  x1=0x80008600
        4305000	       429	800008ec	00008897	auipc	x17,0x8	 x17=0x800088e8
        4315000	       430	800008f0	e9388893	addi	x17,x17,-365	 x17:0x800088e8 x17=0x8000877b
        4325000	       431	800008f4	01388323	sb	x19,6(x17)	 x17:0x8000877b x19:0x0000003e PA:0x80008781
        4335000	       432	800008f8	e990cb03	lbu	x22,-359(x1)	  x1:0x80008600 x22=0x00000052 PA:0x80008499
        4345000	       433	800008fc	aad08403	lb	x8,-1363(x1)	  x1:0x80008600  x8=0x00000066 PA:0x800080ad
        4355000	       434	80000900	00008497	auipc	x9,0x8	  x9=0x800088fc
        4365000	       435	80000904	a7548493	addi	x9,x9,-1419	  x9:0x800088fc  x9=0x80008371
        4375000	       436	80000908	00a8ca03	lbu	x20,10(x17)	 x17:0x8000877b x20=0x0000003e PA:0x80008785
        4385000	       437	8000090c	c350c683	lbu	x13,-971(x1)	  x1:0x80008600 x13=0x000000ee PA:0x80008235
        4395000	       438	80000910	cef08183	lb	x3,-785(x1)	  x1:0x80008600  x3=0xffffffa4 PA:0x800082ef
        4405000	       439	80000914	f304c003	lbu	x0,-208(x9)	  x9:0x80008371 PA:0x800082a1
        4415000	       440	80000918	f580c203	lbu	x4,-168(x1)	  x1:0x80008600  x4=0x00000013 PA:0x80008558
        4425000	       441	8000091c	fdc4c503	lbu	x10,-36(x9)	  x9:0x80008371 x10=0x00000006 PA:0x8000834d
        4435000	       442	80000920	0e14c183	lbu	x3,225(x9)	  x9:0x80008371  x3=0x00000009 PA:0x80008452
        4445000	       443	80000924	01488023	sb	x20,0(x17)	 x17:0x8000877b x20:0x0000003e PA:0x8000877b
        4455000	       444	80000928	f4608e03	lb	x28,-186(x1)	  x1:0x80008600 x28=0xfffffffd PA:0x80008546
        4465000	       445	8000092c	00988623	sb	x9,12(x17)	 x17:0x8000877b  x9:0x80008371 PA:0x80008787
        4475000	       446	80000930	18809c03	lh	x24,392(x1)	  x1:0x80008600 x24=0x00004243 PA:0x80008788
        4485000	       447	80000934	f534da83	lhu	x21,-173(x9)	  x9:0x80008371 x21=0x00007e7f PA:0x800082c4
        4495000	       448	80000938	0a609223	sh	x6,164(x1)	  x1:0x80008600  x6:0x0000003e PA:0x800086a4
        4505000	       449	8000093c	ffb8dc03	lhu	x24,-5(x17)	 x17:0x8000877b x24=0x00002c2d PA:0x80008776
        4515000	       450	80000940	10a0d003	lhu	x0,266(x1)	  x1:0x80008600 PA:0x8000870a
        4525000	       451	80000944	0114c783	lbu	x15,17(x9)	  x9:0x80008371 x15=0x00000039 PA:0x80008382
        4535000	       452	80000948	00008997	auipc	x19,0x8	 x19=0x80008944
        4545000	       453	8000094c	45d98993	addi	x19,x19,1117	 x19:0x80008944 x19=0x80008da1
        4555000	       454	80000950	00008497	auipc	x9,0x8	  x9=0x8000894c
        4565000	       455	80000954	30648493	addi	x9,x9,774	  x9:0x8000894c  x9=0x80008c52
        4575000	       456	80000958	053487a3	sb	x19,79(x9)	  x9:0x80008c52 x19:0x80008da1 PA:0x80008ca1
        4585000	       457	8000095c	00798a83	lb	x21,7(x19)	 x19:0x80008da1 x21=0xffffff93 PA:0x80008da8
        4595000	       458	80000960	ce448f03	lb	x30,-796(x9)	  x9:0x80008c52 x30=0x0000001d PA:0x80008936
        4605000	       459	80000964	00008d97	auipc	x27,0x8	 x27=0x80008960
        4615000	       460	80000968	f77d8d93	addi	x27,x27,-137	 x27:0x80008960 x27=0x800088d7
        4625000	       461	8000096c	ed849683	lh	x13,-296(x9)	  x9:0x80008c52 x13=0x00001011 PA:0x80008b2a
        4635000	       462	80000970	058d8003	lb	x0,88(x27)	 x27:0x800088d7 PA:0x8000892f
        4645000	       463	80000974	00f98883	lb	x17,15(x19)	 x19:0x80008da1 x17=0xffffff9b PA:0x80008db0
        4655000	       464	00000000	00000013	addi	x0,x0,0	  x0:0x00000000
        4665000	       465	80000978	011987a3	sb	x17,15(x19)	 x19:0x80008da1 x17:0xffffff9b PA:0x80008db0
        4675000	       466	8000097c	0494ce83	lbu	x29,73(x9)	  x9:0x80008c52 x29=0x00000080 PA:0x80008c9b
        4685000	       467	80000980	00008097	auipc	x1,0x8	  x1=0x8000897c
        4695000	       468	80000984	02108093	addi	x1,x1,33	  x1:0x8000897c  x1=0x8000899d
        4705000	       469	80000988	ff89c383	lbu	x7,-8(x19)	 x19:0x80008da1  x7=0x00000082 PA:0x80008d99
        4715000	       470	8000098c	f68d8223	sb	x8,-156(x27)	 x27:0x800088d7  x8:0x00000066 PA:0x8000883b
        4725000	       471	80000990	0cb09403	lh	x8,203(x1)	  x1:0x8000899d  x8=0x00005253 PA:0x80008a68
        4735000	       472	80000994	ffc98f03	lb	x30,-4(x19)	 x19:0x80008da1 x30=0xffffff86 PA:0x80008d9d
        4745000	       473	80000998	f5a0c403	lbu	x8,-166(x1)	  x1:0x8000899d  x8=0x000000dc PA:0x800088f7
        4755000	       474	8000099c	ff398383	lb	x7,-13(x19)	 x19:0x80008da1  x7=0x0000007f PA:0x80008d94
        4765000	       475	800009a0	f3f09503	lh	x10,-193(x1)	  x1:0x8000899d x10=0xffffc6c7 PA:0x800088dc
        4775000	       476	800009a4	ee84ca83	lbu	x21,-280(x9)	  x9:0x80008c52 x21=0x00000021 PA:0x80008b3a
        4785000	       477	800009a8	02108ea3	sb	x1,61(x1)	  x1:0x8000899d  x1:0x8000899d PA:0x800089da
        4795000	       478	800009ac	faed8283	lb	x5,-82(x27)	 x27:0x800088d7  x5=0x0000006e PA:0x80008885
        4805000	       479	800009b0	f82d8da3	sb	x2,-101(x27)	 x27:0x800088d7  x2:0x0000aaab PA:0x80008872
        4815000	       480	800009b4	31248303	lb	x6,786(x9)	  x9:0x80008c52  x6=0x0000004f PA:0x80008f64
        4825000	       481	800009b8	fa3d8003	lb	x0,-93(x27)	 x27:0x800088d7 PA:0x8000887a
        4835000	       482	800009bc	006097a3	sh	x6,15(x1)	  x1:0x8000899d  x6:0x0000004f PA:0x800089ac
        4845000	       483	800009c0	fb1d8fa3	sb	x17,-65(x27)	 x27:0x800088d7 x17:0xffffff9b PA:0x80008896
        4855000	       484	800009c4	ff69cf03	lbu	x30,-10(x19)	 x19:0x80008da1 x30=0x00000052 PA:0x80008d97
        4865000	       485	800009c8	d5449d23	sh	x20,-678(x9)	  x9:0x80008c52 x20:0x0000003e PA:0x800089ac
        4875000	       486	800009cc	056d91a3	sh	x22,67(x27)	 x27:0x800088d7 x22:0x00000052 PA:0x8000891a
        4885000	       487	800009d0	f990de83	lhu	x29,-103(x1)	  x1:0x8000899d x29=0x00001c1d PA:0x80008936
        4895000	       488	800009d4	f130da83	lhu	x21,-237(x1)	  x1:0x8000899d x21=0x00009a9b PA:0x800088b0
        4905000	       489	800009d8	088486a3	sb	x8,141(x9)	  x9:0x80008c52  x8:0x000000dc PA:0x80008cdf
        4915000	       490	800009dc	f1d08da3	sb	x29,-229(x1)	  x1:0x8000899d x29:0x00001c1d PA:0x800088b8
        4925000	       491	800009e0	f85dd803	lhu	x16,-123(x27)	 x27:0x800088d7 x16=0x00004647 PA:0x8000885c
        4935000	       492	800009e4	f1e0c783	lbu	x15,-226(x1)	  x1:0x8000899d x15=0x000000a0 PA:0x800088bb
        4945000	       493	800009e8	f2208023	sb	x2,-224(x1)	  x1:0x8000899d  x2:0x0000aaab PA:0x800088bd
        4955000	       494	800009ec	11c49103	lh	x2,284(x9)	  x9:0x80008c52  x2=0x00005455 PA:0x80008d6e
        4965000	       495	800009f0	0f44c183	lbu	x3,244(x9)	  x9:0x80008c52  x3=0x0000002d PA:0x80008d46
        4975000	       496	800009f4	018d8923	sb	x24,18(x27)	 x27:0x800088d7 x24:0x00002c2d PA:0x800088e9
        4985000	       497	800009f8	00008697	auipc	x13,0x8	 x13=0x800089f4
        4995000	       498	800009fc	91568693	addi	x13,x13,-1771	 x13:0x800089f4 x13=0x80008309
        5005000	       499	80000a00	00a959b3	srl	x19,x18,x10	 x18:0x00000000 x10:0xffffc6c7 x19=0x00000000
        5015000	       500	80000a04	fe069fa3	sh	x0,-1(x13)	 x13:0x80008309  x0:0x00000000 PA:0x80008308
        5025000	       501	80000a08	ff46c383	lbu	x7,-12(x13)	 x13:0x80008309  x7=0x000000b6 PA:0x800082fd
        5035000	       502	80000a0c	0006c783	lbu	x15,0(x13)	 x13:0x80008309 x15=0x00000000 PA:0x80008309
        5045000	       503	80000a10	ff26ca03	lbu	x20,-14(x13)	 x13:0x80008309 x20=0x000000b0 PA:0x800082fb
        5055000	       504	80000a14	fea69ea3	sh	x10,-3(x13)	 x13:0x80008309 x10:0xffffc6c7 PA:0x80008306
        5065000	       505	80000a18	00d6df83	lhu	x31,13(x13)	 x13:0x80008309 x31=0x0000cccd PA:0x80008316
        5075000	       506	80000a1c	01531eb3	sll	x29,x6,x21	  x6:0x0000004f x21:0x00009a9b x29=0x78000000
        5085000	       507	80000a20	9ddbfd17	auipc	x26,0x9ddbf	 x26=0x1ddbfa1c
        5095000	       508	80000a24	41efdb13	srai	x22,x31,0x1e	 x31:0x0000cccd x22=0x00000000
        5105000	       509	80000a28	01841eb3	sll	x29,x8,x24	  x8:0x000000dc x24:0x00002c2d x29=0x001b8000
        5115000	       510	80000a2c	a80b2a13	slti	x20,x22,-1408	 x22:0x00000000 x20=0x00000000
        5125000	       511	80000a30	949a7a93	andi	x21,x20,-1719	 x20:0x00000000 x21=0x00000000
        5135000	       512	80000a34	8df03593	sltiu	x11,x0,-1825	  x0:0x00000000 x11=0x00000001
        5145000	       513	80000a38	00ec9513	slli	x10,x25,0xe	 x25:0x80000000 x10=0x00000000
        5155000	       514	80000a3c	00c68483	lb	x9,12(x13)	 x13:0x80008309  x9=0xffffffce PA:0x80008315
        5165000	       515	80000a40	ff46cc03	lbu	x24,-12(x13)	 x13:0x80008309 x24=0x000000b6 PA:0x800082fd
        5175000	       516	80000a44	00f78c33	add	x24,x15,x15	 x15:0x00000000 x15:0x00000000 x24=0x00000000
        5185000	       517	80000a48	00168623	sb	x1,12(x13)	 x13:0x80008309  x1:0x8000899d PA:0x80008315
        5195000	       518	80000a4c	87cd4d93	xori	x27,x26,-1924	 x26:0x1ddbfa1c x27=0xe2240260
        5205000	       519	80000a50	010a1d33	sll	x26,x20,x16	 x20:0x00000000 x16:0x00004647 x26=0x00000000
        5215000	       520	80000a54	ff46ce83	lbu	x29,-12(x13)	 x13:0x80008309 x29=0x000000b6 PA:0x800082fd
        5225000	       521	00000000	00000013	addi	x0,x0,0	  x0:0x00000000
        5235000	       522	80000a58	41d95a93	srai	x21,x18,0x1d	 x18:0x00000000 x21=0x00000000
        5245000	       523	80000a5c	51a0f913	andi	x18,x1,1306	  x1:0x8000899d x18=0x00000118
        5255000	       524	80000a60	01068283	lb	x5,16(x13)	 x13:0x80008309  x5=0xffffffd2 PA:0x80008319
        5265000	       525	80000a64	ff16ca03	lbu	x20,-15(x13)	 x13:0x80008309 x20=0x000000b1 PA:0x800082fa
        5275000	       526	80000a68	01668523	sb	x22,10(x13)	 x13:0x80008309 x22:0x00000000 PA:0x80008313
        5285000	       527	80000a6c	0106cb03	lbu	x22,16(x13)	 x13:0x80008309 x22=0x000000d2 PA:0x80008319
        5295000	       528	80000a70	002182b3	add	x5,x3,x2	  x3:0x0000002d  x2:0x00005455  x5=0x00005482
        5305000	       529	80000a74	fe868823	sb	x8,-16(x13)	 x13:0x80008309  x8:0x000000dc PA:0x800082f9
        5315000	       530	80000a78	00668f83	lb	x31,6(x13)	 x13:0x80008309 x31=0xffffffc4 PA:0x8000830f
        5325000	       531	80000a7c	0175f833	and	x16,x11,x23	 x11:0x00000001 x23:0x80009fc4 x16=0x00000000
        5335000	       532	80000a80	fed698a3	sh	x13,-15(x13)	 x13:0x80008309 x13:0x80008309 PA:0x800082fa
        5345000	       533	80000a84	012684a3	sb	x18,9(x13)	 x13:0x80008309 x18:0x00000118 PA:0x80008312
        5355000	       534	80000a88	01d55133	srl	x2,x10,x29	 x10:0x00000000 x29:0x000000b6  x2=0x00000000
        5365000	       535	80000a8c	fff68823	sb	x31,-16(x13)	 x13:0x80008309 x31:0xffffffc4 PA:0x800082f9
        5375000	       536	80000a90	0027bd33	sltu	x26,x15,x2	 x15:0x00000000  x2:0x00000000 x26=0x00000000
        5385000	       537	80000a94	b9f494b7	lui	x9,0xb9f49	  x9=0xb9f49000
        5395000	       538	80000a98	00d68c03	lb	x24,13(x13)	 x13:0x80008309 x24=0xffffffcd PA:0x80008316
        5405000	       539	80000a9c	d2e2bd13	sltiu	x26,x5,-722	  x5:0x00005482 x26=0x00000001
        5415000	       540	80000aa0	00d6c583	lbu	x11,13(x13)	 x13:0x80008309 x11=0x000000cd PA:0x80008316
        5425000	       541	80000aa4	ff868ba3	sb	x24,-9(x13)	 x13:0x80008309 x24:0xffffffcd PA:0x80008300
        5435000	       542	80000aa8	d3430d37	lui	x26,0xd3430	 x26=0xd3430000
        5445000	       543	80000aac	ffb6d583	lhu	x11,-5(x13)	 x13:0x80008309 x11=0x0000bebf PA:0x80008304
        5455000	       544	80000ab0	fe568a23	sb	x5,-12(x13)	 x13:0x80008309  x5:0x00005482 PA:0x800082fd
        5465000	       545	80000ab4	00c929b3	slt	x19,x18,x12	 x18:0x00000118 x12:0x00000070 x19=0x00000000
        5475000	       546	80000ab8	e3778d93	addi	x27,x15,-457	 x15:0x00000000 x27=0xfffffe37
        5485000	       547	80000abc	00c68623	sb	x12,12(x13)	 x13:0x80008309 x12:0x00000070 PA:0x80008315
        5495000	       548	80000ac0	40c1d413	srai	x8,x3,0xc	  x3:0x0000002d  x8=0x00000000
        5505000	       549	80000ac4	00d7e133	or	x2,x15,x13	 x15:0x00000000 x13:0x80008309  x2=0x80008309
        5515000	       550	80000ac8	b44ebe13	sltiu	x28,x29,-1212	 x29:0x000000b6 x28=0x00000001
        5525000	       551	80000acc	01a68423	sb	x26,8(x13)	 x13:0x80008309 x26:0xd3430000 PA:0x80008311
        5535000	       552	80000ad0	00008397	auipc	x7,0x8	  x7=0x80008acc
        5545000	       553	80000ad4	bcb38393	addi	x7,x7,-1077	  x7:0x80008acc  x7=0x80008697
        5555000	       554	80000ad8	e8f38f03	lb	x30,-369(x7)	  x7:0x80008697 x30=0xffffffdd PA:0x80008526
        5565000	       555	80000adc	e8f3d483	lhu	x9,-369(x7)	  x7:0x80008697  x9=0x0000dcdd PA:0x80008526
        5575000	       556	80000ae0	530057b7	lui	x15,0x53005	 x15=0x53005000
        5585000	       557	80000ae4	e8f38403	lb	x8,-369(x7)	  x7:0x80008697  x8=0xffffffdd PA:0x80008526
        5595000	       558	80000ae8	e8f39783	lh	x15,-369(x7)	  x7:0x80008697 x15=0xffffdcdd PA:0x80008526
        5605000	       559	80000aec	17638b23	sb	x22,374(x7)	  x7:0x80008697 x22:0x000000d2 PA:0x8000880d
        5615000	       560	80000af0	17638e03	lb	x28,374(x7)	  x7:0x80008697 x28=0xffffffd2 PA:0x8000880d
        5625000	       561	80000af4	03438f83	lb	x31,52(x7)	  x7:0x80008697 x31=0xffffff80 PA:0x800086cb
        5635000	       562	80000af8	c9d3a983	lw	x19,-867(x7)	  x7:0x80008697 x19=0xecedeeef PA:0x80008334
        5645000	       563	80000afc	c9238ea3	sb	x18,-867(x7)	  x7:0x80008697 x18:0x00000118 PA:0x80008334
        5655000	       564	80000b00	a2c38aa3	sb	x12,-1483(x7)	  x7:0x80008697 x12:0x00000070 PA:0x800080cc
        5665000	       565	80000b04	b8838403	lb	x8,-1144(x7)	  x7:0x80008697  x8=0xffffffd4 PA:0x8000821f
        5675000	       566	80000b08	e983c103	lbu	x2,-360(x7)	  x7:0x80008697  x2=0x000000e4 PA:0x8000852f
        5685000	       567	80000b0c	00a71933	sll	x18,x14,x10	 x14:0x80009f4c x10:0x00000000 x18=0x80009f4c
        5695000	       568	80000b10	d1939aa3	sh	x25,-747(x7)	  x7:0x80008697 x25:0x80000000 PA:0x800083ac
        5705000	       569	80000b14	00008117	auipc	x2,0x8	  x2=0x80008b10
        5715000	       570	80000b18	1fb10113	addi	x2,x2,507	  x2:0x80008b10  x2=0x80008d0b
        5725000	       571	80000b1c	00b15483	lhu	x9,11(x2)	  x2:0x80008d0b  x9=0x00004cfd PA:0x80008d16
        5735000	       572	80000b20	01c10723	sb	x28,14(x2)	  x2:0x80008d0b x28:0xffffffd2 PA:0x80008d19
        5745000	       573	80000b24	fe410e23	sb	x4,-4(x2)	  x2:0x80008d0b  x4:0x00000013 PA:0x80008d07
        5755000	       574	80000b28	ff114783	lbu	x15,-15(x2)	  x2:0x80008d0b x15=0x000000e7 PA:0x80008cfc
        5765000	       575	80000b2c	40a35533	sra	x10,x6,x10	  x6:0x0000004f x10:0x00000000 x10=0x0000004f
        5775000	       576	80000b30	00810123	sb	x8,2(x2)	  x2:0x80008d0b  x8:0xffffffd4 PA:0x80008d0d
        5785000	       577	80000b34	00512c03	lw	x24,5(x2)	  x2:0x80008d0b x24=0xf8f9fafb PA:0x80008d10
        5795000	       578	80000b38	ffd11683	lh	x13,-3(x2)	  x2:0x80008d0b x13=0xfffff2f3 PA:0x80008d08
        5805000	       579	80000b3c	ffa14783	lbu	x15,-6(x2)	  x2:0x80008d0b x15=0x000000ee PA:0x80008d05
        5815000	       580	80000b40	005111a3	sh	x5,3(x2)	  x2:0x80008d0b  x5:0x00005482 PA:0x80008d0e
        5825000	       581	80000b44	ffb15b03	lhu	x22,-5(x2)	  x2:0x80008d0b x22=0x000013ed PA:0x80008d06
        5835000	       582	80000b48	1b408813	addi	x16,x1,436	  x1:0x8000899d x16=0x80008b51
        5845000	       583	80000b4c	016cc433	xor	x8,x25,x22	 x25:0x80000000 x22:0x000013ed  x8=0x800013ed
        5855000	       584	80000b50	d83a2613	slti	x12,x20,-637	 x20:0x000000b1 x12=0x00000000
        5865000	       585	80000b54	00a10003	lb	x0,10(x2)	  x2:0x80008d0b PA:0x80008d15
        5875000	       586	80000b58	00214403	lbu	x8,2(x2)	  x2:0x80008d0b  x8=0x000000d4 PA:0x80008d0d
        5885000	       587	80000b5c	93b9b213	sltiu	x4,x19,-1733	 x19:0xecedeeef  x4=0x00000001
        5895000	       588	80000b60	ff314903	lbu	x18,-13(x2)	  x2:0x80008d0b x18=0x000000e5 PA:0x80008cfe
        5905000	       589	80000b64	00b14403	lbu	x8,11(x2)	  x2:0x80008d0b  x8=0x000000fd PA:0x80008d16
        5915000	       590	80000b68	00b10723	sb	x11,14(x2)	  x2:0x80008d0b x11:0x0000bebf PA:0x80008d19
        5925000	       591	80000b6c	00d10d83	lb	x27,13(x2)	  x2:0x80008d0b x27=0x00000003 PA:0x80008d18
        5935000	       592	80000b70	00000013	addi	x0,x0,0	  x0:0x00000000
        5945000	       593	80000b74	409bd013	srai	x0,x23,0x9	 x23:0x80009fc4
        5955000	       594	80000b78	01e116a3	sh	x30,13(x2)	  x2:0x80008d0b x30:0xffffffdd PA:0x80008d18
        5965000	       595	80000b7c	f9aa8193	addi	x3,x21,-102	 x21:0x00000000  x3=0xffffff9a
        5975000	       596	80000b80	01727ab3	and	x21,x4,x23	  x4:0x00000001 x23:0x80009fc4 x21=0x00000000
        5985000	       597	80000b84	fe512aa3	sw	x5,-11(x2)	  x2:0x80008d0b  x5:0x00005482 PA:0x80008d00
        5995000	       598	80000b88	ff610683	lb	x13,-10(x2)	  x2:0x80008d0b x13=0x00000054 PA:0x80008d01
        6005000	       599	80000b8c	017080b3	add	x1,x1,x23	  x1:0x8000899d x23:0x80009fc4  x1=0x00012961
        6015000	       600	80000b90	b2060d93	addi	x27,x12,-1248	 x12:0x00000000 x27=0xfffffb20
        6025000	       601	80000b94	01014e83	lbu	x29,16(x2)	  x2:0x80008d0b x29=0x00000000 PA:0x80008d1b
        6035000	       602	80000b98	00310203	lb	x4,3(x2)	  x2:0x80008d0b  x4=0xffffff82 PA:0x80008d0e
        6045000	       603	80000b9c	002115b3	sll	x11,x2,x2	  x2:0x80008d0b  x2:0x80008d0b x11=0x04685800
        6055000	       604	80000ba0	000972b3	and	x5,x18,x0	 x18:0x000000e5  x0:0x00000000  x5=0x00000000
        6065000	       605	80000ba4	ff114203	lbu	x4,-15(x2)	  x2:0x80008d0b  x4=0x000000e7 PA:0x80008cfc
        6075000	       606	80000ba8	00de4333	xor	x6,x28,x13	 x28:0xffffffd2 x13:0x00000054  x6=0xffffff86
        6085000	       607	80000bac	013e2b33	slt	x22,x28,x19	 x28:0xffffffd2 x19:0xecedeeef x22=0x00000000
        6095000	       608	80000bb0	1a956393	ori	x7,x10,425	 x10:0x0000004f  x7=0x000001ef
        6105000	       609	80000bb4	00014003	lbu	x0,0(x2)	  x2:0x80008d0b PA:0x80008d0b
        6115000	       610	80000bb8	ff414283	lbu	x5,-12(x2)	  x2:0x80008d0b  x5=0x000000e4 PA:0x80008cff
        6125000	       611	80000bbc	fe8108a3	sb	x8,-15(x2)	  x2:0x80008d0b  x8:0x000000fd PA:0x80008cfc
        6135000	       612	80000bc0	ff410603	lb	x12,-12(x2)	  x2:0x80008d0b x12=0xffffffe4 PA:0x80008cff
        6145000	       613	80000bc4	00008d17	auipc	x26,0x8	 x26=0x80008bc0
        6155000	       614	80000bc8	2a2d0d13	addi	x26,x26,674	 x26:0x80008bc0 x26=0x80008e62
        6165000	       615	80000bcc	0116ac33	slt	x24,x13,x17	 x13:0x00000054 x17:0xffffff9b x24=0x00000000
        6175000	       616	80000bd0	006bdf33	srl	x30,x23,x6	 x23:0x80009fc4  x6:0xffffff86 x30=0x0200027f
        6185000	       617	80000bd4	ffbd4303	lbu	x6,-5(x26)	 x26:0x80008e62  x6=0x00000046 PA:0x80008e5d
        6195000	       618	80000bd8	fffd4583	lbu	x11,-1(x26)	 x26:0x80008e62 x11=0x0000004a PA:0x80008e61
        6205000	       619	80000bdc	03280e93	addi	x29,x16,50	 x16:0x80008b51 x29=0x80008b83
        6215000	       620	80000be0	010d1103	lh	x2,16(x26)	 x26:0x80008e62  x2=0x00005859 PA:0x80008e72
        6225000	       621	80000be4	ff0d0aa3	sb	x16,-11(x26)	 x26:0x80008e62 x16:0x80008b51 PA:0x80008e57
        6235000	       622	80000be8	ff6d5183	lhu	x3,-10(x26)	 x26:0x80008e62  x3=0x00000043 PA:0x80008e58
        6245000	       623	80000bec	ff5d4303	lbu	x6,-11(x26)	 x26:0x80008e62  x6=0x00000051 PA:0x80008e57
        6255000	       624	80000bf0	0bacfa93	andi	x21,x25,186	 x25:0x80000000 x21=0x00000000
        6265000	       625	80000bf4	00ad5383	lhu	x7,10(x26)	 x26:0x80008e62  x7=0x00005657 PA:0x80008e6c
        6275000	       626	80000bf8	00fb49b3	xor	x19,x22,x15	 x22:0x00000000 x15:0x000000ee x19=0x000000ee
        6285000	       627	80000bfc	f71cf037	lui	x0,0xf71cf	
        6295000	       628	80000c00	ffad0ca3	sb	x26,-7(x26)	 x26:0x80008e62 x26:0x80008e62 PA:0x80008e5b
        6305000	       629	80000c04	000cdfb3	srl	x31,x25,x0	 x25:0x80000000  x0:0x00000000 x31=0x80000000
        6315000	       630	80000c08	001d2723	sw	x1,14(x26)	 x26:0x80008e62  x1:0x00012961 PA:0x80008e70
        6325000	       631	80000c0c	00df9833	sll	x16,x31,x13	 x31:0x80000000 x13:0x00000054 x16=0x00000000
        6335000	       632	80000c10	00000013	addi	x0,x0,0	  x0:0x00000000
        6345000	       633	80000c14	015d06a3	sb	x21,13(x26)	 x26:0x80008e62 x21:0x00000000 PA:0x80008e6f
        6355000	       634	80000c18	ef49ce17	auipc	x28,0xef49c	 x28=0x6f49cc14
        6365000	       635	80000c1c	012e3e33	sltu	x28,x28,x18	 x28:0x6f49cc14 x18:0x000000e5 x28=0x00000000
        6375000	       636	80000c20	ed74f813	andi	x16,x9,-297	  x9:0x00004cfd x16=0x00004cd5
        6385000	       637	80000c24	fe6d2923	sw	x6,-14(x26)	 x26:0x80008e62  x6:0x00000051 PA:0x80008e54
        6395000	       638	80000c28	ffdd0103	lb	x2,-3(x26)	 x26:0x80008e62  x2=0x00000044 PA:0x80008e5f
        6405000	       639	80000c2c	ff2d0ba3	sb	x18,-9(x26)	 x26:0x80008e62 x18:0x000000e5 PA:0x80008e59
        6415000	       640	80000c30	00008317	auipc	x6,0x8	  x6=0x80008c2c
        6425000	       641	80000c34	06a30313	addi	x6,x6,106	  x6:0x80008c2c  x6=0x80008c96
        6435000	       642	80000c38	00000013	addi	x0,x0,0	  x0:0x00000000
        6445000	       643	80000c3c	027305a3	sb	x7,43(x6)	  x6:0x80008c96  x7:0x00005657 PA:0x80008cc1
        6455000	       644	80000c40	03b305a3	sb	x27,43(x6)	  x6:0x80008c96 x27:0xfffffb20 PA:0x80008cc1
        6465000	       645	80000c44	407c4c37	lui	x24,0x407c4	 x24=0x407c4000
        6475000	       646	80000c48	41e1de33	sra	x28,x3,x30	  x3:0x00000043 x30:0x0200027f x28=0x00000000
        6485000	       647	80000c4c	02b30e83	lb	x29,43(x6)	  x6:0x80008c96 x29=0x00000020 PA:0x80008cc1
        6495000	       648	80000c50	000c7b33	and	x22,x24,x0	 x24:0x407c4000  x0:0x00000000 x22=0x00000000
        6505000	       649	80000c54	02b30b03	lb	x22,43(x6)	  x6:0x80008c96 x22=0x00000020 PA:0x80008cc1
        6515000	       650	80000c58	021305a3	sb	x1,43(x6)	  x6:0x80008c96  x1:0x00012961 PA:0x80008cc1
        6525000	       651	80000c5c	02a305a3	sb	x10,43(x6)	  x6:0x80008c96 x10:0x0000004f PA:0x80008cc1
        6535000	       652	80000c60	023305a3	sb	x3,43(x6)	  x6:0x80008c96  x3:0x00000043 PA:0x80008cc1
        6545000	       653	80000c64	634a3693	sltiu	x13,x20,1588	 x20:0x000000b1 x13=0x00000001
        6555000	       654	80000c68	41195793	srai	x15,x18,0x11	 x18:0x000000e5 x15=0x00000000
        6565000	       655	80000c6c	00431f83	lh	x31,4(x6)	  x6:0x80008c96 x31=0xffff8081 PA:0x80008c9a
        6575000	       656	80000c70	fce31f83	lh	x31,-50(x6)	  x6:0x80008c96 x31=0x00004e4f PA:0x80008c64
        6585000	       657	00000000	00000013	addi	x0,x0,0	  x0:0x00000000
        6595000	       658	80000c74	03f34903	lbu	x18,63(x6)	  x6:0x80008c96 x18=0x000000be PA:0x80008cd5
        6605000	       659	80000c78	00007117	auipc	x2,0x7	  x2=0x80007c74
        6615000	       660	80000c7c	46110113	addi	x2,x2,1121	  x2:0x80007c74  x2=0x800080d5
        6625000	       661	80000c80	06014d83	lbu	x27,96(x2)	  x2:0x800080d5 x27=0x0000008a PA:0x80008135
        6635000	       662	80000c84	e41b90b7	lui	x1,0xe41b9	  x1=0xe41b9000
        6645000	       663	80000c88	06010b03	lb	x22,96(x2)	  x2:0x800080d5 x22=0xffffff8a PA:0x80008135
        6655000	       664	80000c8c	011feab3	or	x21,x31,x17	 x31:0x00004e4f x17:0xffffff9b x21=0xffffffdf
        6665000	       665	80000c90	07110023	sb	x17,96(x2)	  x2:0x800080d5 x17:0xffffff9b PA:0x80008135
        6675000	       666	80000c94	d75e82b7	lui	x5,0xd75e8	  x5=0xd75e8000
        6685000	       667	80000c98	f9c10f83	lb	x31,-100(x2)	  x2:0x800080d5 x31=0x0000002a PA:0x80008071
        6695000	       668	80000c9c	f9c14783	lbu	x15,-100(x2)	  x2:0x800080d5 x15=0x0000002a PA:0x80008071
        6705000	       669	80000ca0	f9c14783	lbu	x15,-100(x2)	  x2:0x800080d5 x15=0x0000002a PA:0x80008071
        6715000	       670	80000ca4	f9c10b03	lb	x22,-100(x2)	  x2:0x800080d5 x22=0x0000002a PA:0x80008071
        6725000	       671	80000ca8	0028ba93	sltiu	x21,x17,2	 x17:0xffffff9b x21=0x00000000
        6735000	       672	80000cac	f7a14f03	lbu	x30,-134(x2)	  x2:0x800080d5 x30=0x00000004 PA:0x8000804f
        6745000	       673	80000cb0	f7810d23	sb	x24,-134(x2)	  x2:0x800080d5 x24:0x407c4000 PA:0x8000804f
        6755000	       674	80000cb4	2e7a3593	sltiu	x11,x20,743	 x20:0x000000b1 x11=0x00000001
        6765000	       675	80000cb8	f7a14583	lbu	x11,-134(x2)	  x2:0x800080d5 x11=0x00000000 PA:0x8000804f
        6775000	       676	80000cbc	f6d10d23	sb	x13,-134(x2)	  x2:0x800080d5 x13:0x00000001 PA:0x8000804f
        6785000	       677	80000cc0	03a10183	lb	x3,58(x2)	  x2:0x800080d5  x3=0xffffffc4 PA:0x8000810f
        6795000	       678	80000cc4	03410d23	sb	x20,58(x2)	  x2:0x800080d5 x20:0x000000b1 PA:0x8000810f
        6805000	       679	80000cc8	00008117	auipc	x2,0x8	  x2=0x80008cc4
        6815000	       680	80000ccc	8d610113	addi	x2,x2,-1834	  x2:0x80008cc4  x2=0x8000859a
        6825000	       681	80000cd0	00b14a03	lbu	x20,11(x2)	  x2:0x8000859a x20=0x0000005e PA:0x800085a5
        6835000	       682	80000cd4	00c100a3	sb	x12,1(x2)	  x2:0x8000859a x12:0xffffffe4 PA:0x8000859b
        6845000	       683	80000cd8	017f5313	srli	x6,x30,0x17	 x30:0x00000004  x6=0x00000000
        6855000	       684	80000cdc	01e5d013	srli	x0,x11,0x1e	 x11:0x00000000
        6865000	       685	80000ce0	ff110c23	sb	x17,-8(x2)	  x2:0x8000859a x17:0xffffff9b PA:0x80008592
        6875000	       686	80000ce4	fee11e23	sh	x14,-4(x2)	  x2:0x8000859a x14:0x80009f4c PA:0x80008596
        6885000	       687	80000ce8	7d1db837	lui	x16,0x7d1db	 x16=0x7d1db000
        6895000	       688	80000cec	0183ef33	or	x30,x7,x24	  x7:0x00005657 x24:0x407c4000 x30=0x407c5657
        6905000	       689	80000cf0	010875b3	and	x11,x16,x16	 x16:0x7d1db000 x16:0x7d1db000 x11=0x7d1db000
        6915000	       690	80000cf4	01bc1833	sll	x16,x24,x27	 x24:0x407c4000 x27:0x0000008a x16=0xf1000000
        6925000	       691	80000cf8	01305213	srli	x4,x0,0x13	  x0:0x00000000  x4=0x00000000
        6935000	       692	80000cfc	38d4c393	xori	x7,x9,909	  x9:0x00004cfd  x7=0x00004f70
        6945000	       693	80000d00	f7b35c17	auipc	x24,0xf7b35	 x24=0x77b35cfc
        6955000	       694	80000d04	401403b3	sub	x7,x8,x1	  x8:0x000000fd  x1:0xe41b9000  x7=0x1be470fd
        6965000	       695	80000d08	40230fb3	sub	x31,x6,x2	  x6:0x00000000  x2:0x8000859a x31=0x7fff7a66
        6975000	       696	80000d0c	011a9a33	sll	x20,x21,x17	 x21:0x00000000 x17:0xffffff9b x20=0x00000000
        6985000	       697	80000d10	05f2d397	auipc	x7,0x5f2d	  x7=0x85f2dd0c
        6995000	       698	80000d14	fe110f23	sb	x1,-2(x2)	  x2:0x8000859a  x1:0xe41b9000 PA:0x80008598
        7005000	       699	80000d18	fff14083	lbu	x1,-1(x2)	  x2:0x8000859a  x1=0x00000052 PA:0x80008599
        7015000	       700	80000d1c	fc0ca0b7	lui	x1,0xfc0ca	  x1=0xfc0ca000
        7025000	       701	80000d20	fec12f23	sw	x12,-2(x2)	  x2:0x8000859a x12:0xffffffe4 PA:0x80008598
        7035000	       702	80000d24	00000013	addi	x0,x0,0	  x0:0x00000000
        7045000	       703	80000d28	413b5d33	sra	x26,x22,x19	 x22:0x0000002a x19:0x000000ee x26=0x00000000
        7055000	       704	80000d2c	29104b13	xori	x22,x0,657	  x0:0x00000000 x22=0x00000291
        7065000	       705	80000d30	008de633	or	x12,x27,x8	 x27:0x0000008a  x8:0x000000fd x12=0x000000ff
        7075000	       706	80000d34	d90bc493	xori	x9,x23,-624	 x23:0x80009fc4  x9=0x7fff6254
        7085000	       707	80000d38	01451e93	slli	x29,x10,0x14	 x10:0x0000004f x29=0x04f00000
        7095000	       708	80000d3c	00f6ce33	xor	x28,x13,x15	 x13:0x00000001 x15:0x0000002a x28=0x0000002b
        7105000	       709	80000d40	00000013	addi	x0,x0,0	  x0:0x00000000
        7115000	       710	80000d44	01010d03	lb	x26,16(x2)	  x2:0x8000859a x26=0x00000061 PA:0x800085aa
        7125000	       711	80000d48	00015a83	lhu	x21,0(x2)	  x2:0x8000859a x21=0x0000ffff PA:0x8000859a
        7135000	       712	00000000	00000013	addi	x0,x0,0	  x0:0x00000000
        7145000	       713	80000d4c	ff514e83	lbu	x29,-11(x2)	  x2:0x8000859a x29=0x00000044 PA:0x8000858f
        7155000	       714	80000d50	a12ab793	sltiu	x15,x21,-1518	 x21:0x0000ffff x15=0x00000001
        7165000	       715	80000d54	fff14c03	lbu	x24,-1(x2)	  x2:0x8000859a x24=0x000000ff PA:0x80008599
        7175000	       716	80000d58	fec10fa3	sb	x12,-1(x2)	  x2:0x8000859a x12:0x000000ff PA:0x80008599
        7185000	       717	80000d5c	00008997	auipc	x19,0x8	 x19=0x80008d58
        7195000	       718	80000d60	26598993	addi	x19,x19,613	 x19:0x80008d58 x19=0x80008fbd
        7205000	       719	80000d64	00008697	auipc	x13,0x8	 x13=0x80008d60
        7215000	       720	80000d68	ec468693	addi	x13,x13,-316	 x13:0x80008d60 x13=0x80008c24
        7225000	       721	80000d6c	00008497	auipc	x9,0x8	  x9=0x80008d68
        7235000	       722	80000d70	ce048493	addi	x9,x9,-800	  x9:0x80008d68  x9=0x80008a48
        7245000	       723	80000d74	ffa98383	lb	x7,-6(x19)	 x19:0x80008fbd  x7=0xffffff9c PA:0x80008fb7
        7255000	       724	80000d78	00b990a3	sh	x11,1(x19)	 x19:0x80008fbd x11:0x7d1db000 PA:0x80008fbe
        7265000	       725	80000d7c	ff168c23	sb	x17,-8(x13)	 x13:0x80008c24 x17:0xffffff9b PA:0x80008c1c
        7275000	       726	80000d80	0f848503	lb	x10,248(x9)	  x9:0x80008a48 x10=0x0000002b PA:0x80008b40
        7285000	       727	80000d84	0029c103	lbu	x2,2(x19)	 x19:0x80008fbd  x2=0x000000b0 PA:0x80008fbf
        7295000	       728	80000d88	fb748d83	lb	x27,-73(x9)	  x9:0x80008a48 x27=0xffffffe4 PA:0x800089ff
        7305000	       729	80000d8c	ff898b23	sb	x24,-10(x19)	 x19:0x80008fbd x24:0x000000ff PA:0x80008fb3
        7315000	       730	80000d90	01998023	sb	x25,0(x19)	 x19:0x80008fbd x25:0x80000000 PA:0x80008fbd
        7325000	       731	80000d94	00268883	lb	x17,2(x13)	 x13:0x80008c24 x17=0x0000000d PA:0x80008c26
        7335000	       732	80000d98	fe598fa3	sb	x5,-1(x19)	 x19:0x80008fbd  x5:0xd75e8000 PA:0x80008fbc
        7345000	       733	80000d9c	01169023	sh	x17,0(x13)	 x13:0x80008c24 x17:0x0000000d PA:0x80008c24
        7355000	       734	80000da0	00e9c803	lbu	x16,14(x19)	 x19:0x80008fbd x16=0x000000b0 PA:0x80008fcb
        7365000	       735	80000da4	00a98783	lb	x15,10(x19)	 x19:0x80008fbd x15=0xffffffac PA:0x80008fc7
        7375000	       736	80000da8	05b482a3	sb	x27,69(x9)	  x9:0x80008a48 x27:0xffffffe4 PA:0x80008a8d
        7385000	       737	80000dac	0099c583	lbu	x11,9(x19)	 x19:0x80008fbd x11=0x000000ad PA:0x80008fc6
        7395000	       738	80000db0	fe668f23	sb	x6,-2(x13)	 x13:0x80008c24  x6:0x00000000 PA:0x80008c22
        7405000	       739	80000db4	f5d48403	lb	x8,-163(x9)	  x9:0x80008a48  x8=0xffffff8e PA:0x800089a5
        7415000	       740	80000db8	fb24c283	lbu	x5,-78(x9)	  x9:0x80008a48  x5=0x000000e1 PA:0x800089fa
        7425000	       741	80000dbc	0f248923	sb	x18,242(x9)	  x9:0x80008a48 x18:0x000000be PA:0x80008b3a
        7435000	       742	80000dc0	ff498403	lb	x8,-12(x19)	 x19:0x80008fbd  x8=0xffffff9a PA:0x80008fb1
        7445000	       743	80000dc4	fd14c583	lbu	x11,-47(x9)	  x9:0x80008a48 x11=0x00000002 PA:0x80008a19
        7455000	       744	80000dc8	0076c203	lbu	x4,7(x13)	 x13:0x80008c24  x4=0x00000010 PA:0x80008c2b
        7465000	       745	80000dcc	07d4c583	lbu	x11,125(x9)	  x9:0x80008a48 x11=0x000000ae PA:0x80008ac5
        7475000	       746	80000dd0	ff849f83	lh	x31,-8(x9)	  x9:0x80008a48 x31=0x00002a2b PA:0x80008a40
        7485000	       747	80000dd4	01869723	sh	x24,14(x13)	 x13:0x80008c24 x24:0x000000ff PA:0x80008c32
        7495000	       748	80000dd8	f6c49b23	sh	x12,-138(x9)	  x9:0x80008a48 x12:0x000000ff PA:0x800089be
        7505000	       749	80000ddc	00008a17	auipc	x20,0x8	 x20=0x80008dd8
        7515000	       750	80000de0	c63a0a13	addi	x20,x20,-925	 x20:0x80008dd8 x20=0x80008a3b
        7525000	       751	80000de4	024a0ea3	sb	x4,61(x20)	 x20:0x80008a3b  x4:0x00000010 PA:0x80008a78
        7535000	       752	80000de8	03da2183	lw	x3,61(x20)	 x20:0x80008a3b  x3=0x60616210 PA:0x80008a78
        7545000	       753	80000dec	03da5b03	lhu	x22,61(x20)	 x20:0x80008a3b x22=0x00006210 PA:0x80008a78
        7555000	       754	80000df0	e20db613	sltiu	x12,x27,-480	 x27:0xffffffe4 x12=0x00000000
        7565000	       755	80000df4	fe3a0c23	sb	x3,-8(x20)	 x20:0x80008a3b  x3:0x60616210 PA:0x80008a33
        7575000	       756	80000df8	00ba00a3	sb	x11,1(x20)	 x20:0x80008a3b x11:0x000000ae PA:0x80008a3c
        7585000	       757	80000dfc	001a0103	lb	x2,1(x20)	 x20:0x80008a3b  x2=0xffffffae PA:0x80008a3c
        7595000	       758	80000e00	fc8a0983	lb	x19,-56(x20)	 x20:0x80008a3b x19=0xffffffe8 PA:0x80008a03
        7605000	       759	80000e04	fc6a0423	sb	x6,-56(x20)	 x20:0x80008a3b  x6:0x00000000 PA:0x80008a03
        7615000	       760	80000e08	fcba0b03	lb	x22,-53(x20)	 x20:0x80008a3b x22=0xffffffed PA:0x80008a06
        7625000	       761	80000e0c	00000013	addi	x0,x0,0	  x0:0x00000000
        7635000	       762	80000e10	fc8a15a3	sh	x8,-53(x20)	 x20:0x80008a3b  x8:0xffffff9a PA:0x80008a06
        7645000	       763	80000e14	fc4a15a3	sh	x4,-53(x20)	 x20:0x80008a3b  x4:0x00000010 PA:0x80008a06
        7655000	       764	80000e18	035a10a3	sh	x21,33(x20)	 x20:0x80008a3b x21:0x0000ffff PA:0x80008a5c
        7665000	       765	80000e1c	004c2533	slt	x10,x24,x4	 x24:0x000000ff  x4:0x00000010 x10=0x00000000
        7675000	       766	80000e20	021a1283	lh	x5,33(x20)	 x20:0x80008a3b  x5=0xffffffff PA:0x80008a5c
        7685000	       767	80000e24	021a4e03	lbu	x28,33(x20)	 x20:0x80008a3b x28=0x000000ff PA:0x80008a5c
        7695000	       768	80000e28	00008c17	auipc	x24,0x8	 x24=0x80008e24
        7705000	       769	80000e2c	f79c0c13	addi	x24,x24,-135	 x24:0x80008e24 x24=0x80008d9d
        7715000	       770	80000e30	00098ab3	add	x21,x19,x0	 x19:0xffffffe8  x0:0x00000000 x21=0xffffffe8
        7725000	       771	80000e34	fd2c0723	sb	x18,-50(x24)	 x24:0x80008d9d x18:0x000000be PA:0x80008d6b
        7735000	       772	80000e38	6db7c793	xori	x15,x15,1755	 x15:0xffffffac x15=0xfffff977
        7745000	       773	80000e3c	037c0083	lb	x1,55(x24)	 x24:0x80008d9d  x1=0xffffffbf PA:0x80008dd4
        7755000	       774	80000e40	038c4303	lbu	x6,56(x24)	 x24:0x80008d9d  x6=0x000000be PA:0x80008dd5
        7765000	       775	80000e44	fcfc4783	lbu	x15,-49(x24)	 x24:0x80008d9d x15=0x00000057 PA:0x80008d6c
        7775000	       776	80000e48	fd6c0583	lb	x11,-42(x24)	 x24:0x80008d9d x11=0x00000058 PA:0x80008d73
        7785000	       777	80000e4c	01ac4a33	xor	x20,x24,x26	 x24:0x80008d9d x26:0x00000061 x20=0x80008dfc
        7795000	       778	80000e50	fffc0ca3	sb	x31,-7(x24)	 x24:0x80008d9d x31:0x00002a2b PA:0x80008d96
        7805000	       779	80000e54	005c11a3	sh	x5,3(x24)	 x24:0x80008d9d  x5:0xffffffff PA:0x80008da0
        7815000	       780	80000e58	004c9113	slli	x2,x25,0x4	 x25:0x80000000  x2=0x00000000
        7825000	       781	80000e5c	e34afa13	andi	x20,x21,-460	 x21:0xffffffe8 x20=0xfffffe20
        7835000	       782	80000e60	050c0023	sb	x16,64(x24)	 x24:0x80008d9d x16:0x000000b0 PA:0x80008ddd
        7845000	       783	80000e64	0071e5b3	or	x11,x3,x7	  x3:0x60616210  x7:0xffffff9c x11=0xffffff9c
        7855000	       784	80000e68	00e21633	sll	x12,x4,x14	  x4:0x00000010 x14:0x80009f4c x12=0x00010000
        7865000	       785	80000e6c	00780233	add	x4,x16,x7	 x16:0x000000b0  x7:0xffffff9c  x4=0x0000004c
        7875000	       786	80000e70	ff48a093	slti	x1,x17,-12	 x17:0x0000000d  x1=0x00000000
        7885000	       787	80000e74	41ff8ab3	sub	x21,x31,x31	 x31:0x00002a2b x31:0x00002a2b x21=0x00000000
        7895000	       788	80000e78	41a2d293	srai	x5,x5,0x1a	  x5:0xffffffff  x5=0xffffffff
        7905000	       789	80000e7c	cd6f3993	sltiu	x19,x30,-810	 x30:0x407c5657 x19=0x00000001
        7915000	       790	80000e80	0062bb33	sltu	x22,x5,x6	  x5:0xffffffff  x6:0x000000be x22=0x00000000
        7925000	       791	80000e84	00dad493	srli	x9,x21,0xd	 x21:0x00000000  x9=0x00000000
        7935000	       792	80000e88	ffdc04a3	sb	x29,-23(x24)	 x24:0x80008d9d x29:0x00000044 PA:0x80008d86
        7945000	       793	80000e8c	fccc0e83	lb	x29,-52(x24)	 x24:0x80008d9d x29=0x00000052 PA:0x80008d69
        7955000	       794	80000e90	f4d75997	auipc	x19,0xf4d75	 x19=0x74d75e8c
        7965000	       795	80000e94	8108b413	sltiu	x8,x17,-2032	 x17:0x0000000d  x8=0x00000001
        7975000	       796	80000e98	016e8db3	add	x27,x29,x22	 x29:0x00000052 x22:0x00000000 x27=0x00000052
        7985000	       797	80000e9c	fccc0423	sb	x12,-56(x24)	 x24:0x80008d9d x12:0x00010000 PA:0x80008d65
        7995000	       798	80000ea0	007403b3	add	x7,x8,x7	  x8:0x00000001  x7:0xffffff9c  x7=0xffffff9d
        8005000	       799	80000ea4	40fe5333	sra	x6,x28,x15	 x28:0x000000ff x15:0x00000057  x6=0x00000000
        8015000	       800	80000ea8	fccc0da3	sb	x12,-37(x24)	 x24:0x80008d9d x12:0x00010000 PA:0x80008d78
        8025000	       801	80000eac	ff7c2a83	lw	x21,-9(x24)	 x24:0x80008d9d x21=0x522bd47f PA:0x80008d94
        8035000	       802	80000eb0	034c0983	lb	x19,52(x24)	 x24:0x80008d9d x19=0xffffffba PA:0x80008dd1
        8045000	       803	80000eb4	fc4c0923	sb	x4,-46(x24)	 x24:0x80008d9d  x4:0x0000004c PA:0x80008d6f
        8055000	       804	80000eb8	040c4f83	lbu	x31,64(x24)	 x24:0x80008d9d x31=0x000000b0 PA:0x80008ddd
        8065000	       805	80000ebc	ff1c4603	lbu	x12,-15(x24)	 x24:0x80008d9d x12=0x00000075 PA:0x80008d8e
        8075000	       806	00000000	00000013	addi	x0,x0,0	  x0:0x00000000
        8085000	       807	80000ec0	fccc4603	lbu	x12,-52(x24)	 x24:0x80008d9d x12=0x00000052 PA:0x80008d69
        8095000	       808	80000ec4	40978633	sub	x12,x15,x9	 x15:0x00000057  x9:0x00000000 x12=0x00000057
        8105000	       809	80000ec8	1640f993	andi	x19,x1,356	  x1:0x00000000 x19=0x00000000
        8115000	       810	80000ecc	01d63f33	sltu	x30,x12,x29	 x12:0x00000057 x29:0x00000052 x30=0x00000000
        8125000	       811	80000ed0	fedc1083	lh	x1,-19(x24)	 x24:0x80008d9d  x1=0x00007071 PA:0x80008d8a
        8135000	       812	80000ed4	00829833	sll	x16,x5,x8	  x5:0xffffffff  x8:0x00000001 x16=0xfffffffe
        8145000	       813	80000ed8	ffbc4483	lbu	x9,-5(x24)	 x24:0x80008d9d  x9=0x00000083 PA:0x80008d98
        8155000	       814	80000edc	00008117	auipc	x2,0x8	  x2=0x80008ed8
        8165000	       815	80000ee0	ceb10113	addi	x2,x2,-789	  x2:0x80008ed8  x2=0x80008bc3
        8175000	       816	80000ee4	04a10a83	lb	x21,74(x2)	  x2:0x80008bc3 x21=0x00000000 PA:0x80008c0d
        8185000	       817	80000ee8	04a14003	lbu	x0,74(x2)	  x2:0x80008bc3 PA:0x80008c0d
        8195000	       818	80000eec	28a14203	lbu	x4,650(x2)	  x2:0x80008bc3  x4=0x00000036 PA:0x80008e4d
        8205000	       819	80000ef0	29610523	sb	x22,650(x2)	  x2:0x80008bc3 x22:0x00000000 PA:0x80008e4d
        8215000	       820	80000ef4	f0014503	lbu	x10,-256(x2)	  x2:0x80008bc3 x10=0x0000000e PA:0x80008ac3
        8225000	       821	80000ef8	dc0109a3	sb	x0,-557(x2)	  x2:0x80008bc3  x0:0x00000000 PA:0x80008996
        8235000	       822	80000efc	e1d11303	lh	x6,-483(x2)	  x2:0x80008bc3  x6=0xffffcacb PA:0x800089e0
        8245000	       823	80000f00	00d6e233	or	x4,x13,x13	 x13:0x80008c24 x13:0x80008c24  x4=0x80008c24
        8255000	       824	80000f04	4cae0413	addi	x8,x28,1226	 x28:0x000000ff  x8=0x000005c9
        8265000	       825	80000f08	e1d11303	lh	x6,-483(x2)	  x2:0x80008bc3  x6=0xffffcacb PA:0x800089e0
        8275000	       826	80000f0c	e0012ea3	sw	x0,-483(x2)	  x2:0x80008bc3  x0:0x00000000 PA:0x800089e0
        8285000	       827	80000f10	e1d10003	lb	x0,-483(x2)	  x2:0x80008bc3 PA:0x800089e0
        8295000	       828	80000f14	e1f10ea3	sb	x31,-483(x2)	  x2:0x80008bc3 x31:0x000000b0 PA:0x800089e0
        8305000	       829	80000f18	fb311f83	lh	x31,-77(x2)	  x2:0x80008bc3 x31=0x00005c5d PA:0x80008b76
        8315000	       830	80000f1c	fb314a83	lbu	x21,-77(x2)	  x2:0x80008bc3 x21=0x0000005d PA:0x80008b76
        8325000	       831	80000f20	01d73333	sltu	x6,x14,x29	 x14:0x80009f4c x29:0x00000052  x6=0x00000000
        8335000	       832	80000f24	fb311603	lh	x12,-77(x2)	  x2:0x80008bc3 x12=0x00005c5d PA:0x80008b76
        8345000	       833	80000f28	fb310a03	lb	x20,-77(x2)	  x2:0x80008bc3 x20=0x0000005d PA:0x80008b76
        8355000	       834	80000f2c	00007d17	auipc	x26,0x7	 x26=0x80007f28
        8365000	       835	80000f30	3b3d0d13	addi	x26,x26,947	 x26:0x80007f28 x26=0x800082db
        8375000	       836	80000f34	fffd0123	sb	x31,-30(x26)	 x26:0x800082db x31:0x00005c5d PA:0x800082bd
        8385000	       837	80000f38	fe5d0123	sb	x5,-30(x26)	 x26:0x800082db  x5:0xffffffff PA:0x800082bd
        8395000	       838	80000f3c	fe6d0283	lb	x5,-26(x26)	 x26:0x800082db  x5=0x0000007a PA:0x800082c1
        8405000	       839	80000f40	014e21b3	slt	x3,x28,x20	 x28:0x000000ff x20:0x0000005d  x3=0x00000000
        8415000	       840	80000f44	003d0583	lb	x11,3(x26)	 x26:0x800082db x11=0xffffff95 PA:0x800082de
        8425000	       841	80000f48	008d4183	lbu	x3,8(x26)	 x26:0x800082db  x3=0x00000098 PA:0x800082e3
        8435000	       842	80000f4c	01230db3	add	x27,x6,x18	  x6:0x00000000 x18:0x000000be x27=0x000000be
        8445000	       843	80000f50	fd0d0e23	sb	x16,-36(x26)	 x26:0x800082db x16:0xfffffffe PA:0x800082b7
        8455000	       844	80000f54	019d5103	lhu	x2,25(x26)	 x26:0x800082db  x2=0x0000aeaf PA:0x800082f4
        8465000	       845	80000f58	016d4603	lbu	x12,22(x26)	 x26:0x800082db x12=0x000000aa PA:0x800082f1
        8475000	       846	80000f5c	011d4c03	lbu	x24,17(x26)	 x26:0x800082db x24=0x000000a7 PA:0x800082ec
        8485000	       847	80000f60	ff2d0223	sb	x18,-28(x26)	 x26:0x800082db x18:0x000000be PA:0x800082bf
        8495000	       848	80000f64	fd6d0803	lb	x16,-42(x26)	 x26:0x800082db x16=0x0000006a PA:0x800082b1
        8505000	       849	80000f68	c0054593	xori	x11,x10,-1024	 x10:0x0000000e x11=0xfffffc0e
        8515000	       850	80000f6c	ff8d4683	lbu	x13,-8(x26)	 x26:0x800082db x13=0x00000088 PA:0x800082d3
        8525000	       851	00000000	00000013	addi	x0,x0,0	  x0:0x00000000
        8535000	       852	80000f70	06d2feb7	lui	x29,0x6d2f	 x29=0x06d2f000
        8545000	       853	80000f74	fe1d1b03	lh	x22,-31(x26)	 x26:0x800082db x22=0xffffff77 PA:0x800082bc
        8555000	       854	80000f78	034d0883	lb	x17,52(x26)	 x26:0x800082db x17=0xffffffc4 PA:0x8000830f
        8565000	       855	80000f7c	01b6a233	slt	x4,x13,x27	 x13:0x00000088 x27:0x000000be  x4=0x00000001
        8575000	       856	80000f80	027d1a03	lh	x20,39(x26)	 x26:0x800082db x20=0xffffb8b9 PA:0x80008302
        8585000	       857	80000f84	fc4d0d23	sb	x4,-38(x26)	 x26:0x800082db  x4:0x00000001 PA:0x800082b5
        8595000	       858	80000f88	03cd0823	sb	x28,48(x26)	 x26:0x800082db x28:0x000000ff PA:0x8000830b
        8605000	       859	80000f8c	00f24eb3	xor	x29,x4,x15	  x4:0x00000001 x15:0x00000057 x29=0x00000056
        8615000	       860	80000f90	0072d513	srli	x10,x5,0x7	  x5:0x0000007a x10=0x00000000
        8625000	       861	80000f94	fd8d0f83	lb	x31,-40(x26)	 x26:0x800082db x31=0x00000068 PA:0x800082b3
        8635000	       862	80000f98	1145f393	andi	x7,x11,276	 x11:0xfffffc0e  x7=0x00000004
        8645000	       863	80000f9c	fd0d0423	sb	x16,-56(x26)	 x26:0x800082db x16:0x0000006a PA:0x800082a3
        8655000	       864	80000fa0	62a95417	auipc	x8,0x62a95	  x8=0xe2a95f9c
        8665000	       865	80000fa4	414054b3	sra	x9,x0,x20	  x0:0x00000000 x20:0xffffb8b9  x9=0x00000000
        8675000	       866	80000fa8	6964d3b7	lui	x7,0x6964d	  x7=0x6964d000
        8685000	       867	80000fac	ff4d4783	lbu	x15,-12(x26)	 x26:0x800082db x15=0x00000084 PA:0x800082cf
        8695000	       868	80000fb0	0036c4b3	xor	x9,x13,x3	 x13:0x00000088  x3:0x00000098  x9=0x00000010
        8705000	       869	80000fb4	039d0323	sb	x25,38(x26)	 x26:0x800082db x25:0x80000000 PA:0x80008301
        8715000	       870	80000fb8	01fd0523	sb	x31,10(x26)	 x26:0x800082db x31:0x00000068 PA:0x800082e5
        8725000	       871	80000fbc	028d4203	lbu	x4,40(x26)	 x26:0x800082db  x4=0x000000b8 PA:0x80008303
        8735000	       872	80000fc0	fd2d0483	lb	x9,-46(x26)	 x26:0x800082db  x9=0x00000066 PA:0x800082ad
        8745000	       873	80000fc4	ffdd0f23	sb	x29,-2(x26)	 x26:0x800082db x29:0x00000056 PA:0x800082d9
        8755000	       874	80000fc8	fe5d4a83	lbu	x21,-27(x26)	 x26:0x800082db x21=0x0000007b PA:0x800082c0
        8765000	       875	80000fcc	00907633	and	x12,x0,x9	  x0:0x00000000  x9:0x00000066 x12=0x00000000
        8775000	       876	80000fd0	00fd8533	add	x10,x27,x15	 x27:0x000000be x15:0x00000084 x10=0x00000142
        8785000	       877	80000fd4	00dd11a3	sh	x13,3(x26)	 x26:0x800082db x13:0x00000088 PA:0x800082de
        8795000	       878	80000fd8	1a96f837	lui	x16,0x1a96f	 x16=0x1a96f000
        8805000	       879	80000fdc	fcdd1f83	lh	x31,-51(x26)	 x26:0x800082db x31=0x00006263 PA:0x800082a8
        8815000	       880	80000fe0	fc6d0f23	sb	x6,-34(x26)	 x26:0x800082db  x6:0x00000000 PA:0x800082b9
        8825000	       881	80000fe4	78944793	xori	x15,x8,1929	  x8:0xe2a95f9c x15=0xe2a95815
        8835000	       882	80000fe8	ff0d03a3	sb	x16,-25(x26)	 x26:0x800082db x16:0x1a96f000 PA:0x800082c2
        8845000	       883	80000fec	00007b17	auipc	x22,0x7	 x22=0x80007fe8
        8855000	       884	80000ff0	166b0b13	addi	x22,x22,358	 x22:0x80007fe8 x22=0x8000814e
        8865000	       885	80000ff4	01747633	and	x12,x8,x23	  x8:0xe2a95f9c x23:0x80009fc4 x12=0x80001f84
        8875000	       886	80000ff8	001b4c03	lbu	x24,1(x22)	 x22:0x8000814e x24=0x00000004 PA:0x8000814f
        8885000	       887	80000ffc	4198df13	srai	x30,x17,0x19	 x17:0xffffffc4 x30=0xffffffff
        8895000	       888	80001000	40835e33	sra	x28,x6,x8	  x6:0x00000000  x8:0xe2a95f9c x28=0x00000000
        8905000	       889	80001004	fdfb0d03	lb	x26,-33(x22)	 x22:0x8000814e x26=0xffffffe6 PA:0x8000812d
        8915000	       890	80001008	40fe59b3	sra	x19,x28,x15	 x28:0x00000000 x15:0xe2a95815 x19=0x00000000
        8925000	       891	8000100c	1214e393	ori	x7,x9,289	  x9:0x00000066  x7=0x00000167
        8935000	       892	80001010	003af133	and	x2,x21,x3	 x21:0x0000007b  x3:0x00000098  x2=0x00000018
        8945000	       893	80001014	fc6b0303	lb	x6,-58(x22)	 x22:0x8000814e  x6=0xffffffcf PA:0x80008114
        8955000	       894	80001018	400e5893	srai	x17,x28,0x0	 x28:0x00000000 x17=0x00000000
        8965000	       895	8000101c	ff7b0203	lb	x4,-9(x22)	 x22:0x8000814e  x4=0x00000000 PA:0x80008145
        8975000	       896	80001020	01fff333	and	x6,x31,x31	 x31:0x00006263 x31:0x00006263  x6=0x00006263
        8985000	       897	80001024	fc1b0423	sb	x1,-56(x22)	 x22:0x8000814e  x1:0x00007071 PA:0x80008116
        8995000	       898	80001028	fddb0e83	lb	x29,-35(x22)	 x22:0x8000814e x29=0xffffffe0 PA:0x8000812b
        9005000	       899	8000102c	00881533	sll	x10,x16,x8	 x16:0x1a96f000  x8:0xe2a95f9c x10=0x00000000
        9015000	       900	80001030	027b0583	lb	x11,39(x22)	 x22:0x8000814e x11=0x0000002e PA:0x80008175
        9025000	       901	80001034	006b0383	lb	x7,6(x22)	 x22:0x8000814e  x7=0x0000000f PA:0x80008154
        9035000	       902	80001038	fd6b1f83	lh	x31,-42(x22)	 x22:0x8000814e x31=0xffffdedf PA:0x80008124
        9045000	       903	8000103c	7f068813	addi	x16,x13,2032	 x13:0x00000088 x16=0x00000878
        9055000	       904	80001040	56933993	sltiu	x19,x6,1385	  x6:0x00006263 x19=0x00000000
        9065000	       905	80001044	00000013	addi	x0,x0,0	  x0:0x00000000
        9075000	       906	80001048	b8c72913	slti	x18,x14,-1140	 x14:0x80009f4c x18=0x00000001
        9085000	       907	8000104c	fccb01a3	sb	x12,-61(x22)	 x22:0x8000814e x12:0x80001f84 PA:0x80008111
        9095000	       908	80001050	6d8e8697	auipc	x13,0x6d8e8	 x13=0xed8e904c
        9105000	       909	80001054	00403d33	sltu	x26,x0,x4	  x0:0x00000000  x4:0x00000000 x26=0x00000000
        9115000	       910	80001058	ff5b0d83	lb	x27,-11(x22)	 x22:0x8000814e x27=0xfffffff8 PA:0x80008143
        9125000	       911	8000105c	00ca9c13	slli	x24,x21,0xc	 x21:0x0000007b x24=0x0007b000
        9135000	       912	80001060	01db39b3	sltu	x19,x22,x29	 x22:0x8000814e x29:0xffffffe0 x19=0x00000001
        9145000	       913	80001064	65af4417	auipc	x8,0x65af4	  x8=0xe5af5060
        9155000	       914	80001068	01a8bfb3	sltu	x31,x17,x26	 x17:0x00000000 x26:0x00000000 x31=0x00000000
        9165000	       915	8000106c	a98fb113	sltiu	x2,x31,-1384	 x31:0x00000000  x2=0x00000001
        9175000	       916	80001070	fdfb0523	sb	x31,-54(x22)	 x22:0x8000814e x31:0x00000000 PA:0x80008118
        9185000	       917	80001074	019d9e13	slli	x28,x27,0x19	 x27:0xfffffff8 x28=0xf0000000
        9195000	       918	80001078	febb0403	lb	x8,-21(x22)	 x22:0x8000814e  x8=0xfffffff2 PA:0x80008139
        9205000	       919	8000107c	40798833	sub	x16,x19,x7	 x19:0x00000001  x7:0x0000000f x16=0xfffffff2
        9215000	       920	80001080	fc5b4603	lbu	x12,-59(x22)	 x22:0x8000814e x12=0x000000c8 PA:0x80008113
        9225000	       921	80001084	002801b3	add	x3,x16,x2	 x16:0xfffffff2  x2:0x00000001  x3=0xfffffff3
        9235000	       922	80001088	01b1c633	xor	x12,x3,x27	  x3:0xfffffff3 x27:0xfffffff8 x12=0x0000000b
        9245000	       923	8000108c	dd671f97	auipc	x31,0xdd671	 x31=0x5d672088
        9255000	       924	80001090	463403b7	lui	x7,0x46340	  x7=0x46340000
        9265000	       925	80001094	00000013	addi	x0,x0,0	  x0:0x00000000
        9275000	       926	80001098	00000013	addi	x0,x0,0	  x0:0x00000000
        9285000	       927	8000109c	00009a33	sll	x20,x1,x0	  x1:0x00007071  x0:0x00000000 x20=0x00007071
        9295000	       928	800010a0	fc4b2523	sw	x4,-54(x22)	 x22:0x8000814e  x4:0x00000000 PA:0x80008118
        9305000	       929	800010a4	00007897	auipc	x17,0x7	 x17=0x800080a0
        9315000	       930	800010a8	55488893	addi	x17,x17,1364	 x17:0x800080a0 x17=0x800085f4
        9325000	       931	800010ac	bf288fa3	sb	x18,-1025(x17)	 x17:0x800085f4 x18:0x00000001 PA:0x800081f3
        9335000	       932	800010b0	c198aa23	sw	x25,-1004(x17)	 x17:0x800085f4 x25:0x80000000 PA:0x80008208
        9345000	       933	800010b4	f768c983	lbu	x19,-138(x17)	 x17:0x800085f4 x19=0x00000021 PA:0x8000856a
        9355000	       934	800010b8	4002d3b3	sra	x7,x5,x0	  x5:0x0000007a  x0:0x00000000  x7=0x0000007a
        9365000	       935	800010bc	07488923	sb	x20,114(x17)	 x17:0x800085f4 x20:0x00007071 PA:0x80008666
        9375000	       936	800010c0	aa388d03	lb	x26,-1373(x17)	 x17:0x800085f4 x26=0x0000004c PA:0x80008097
        9385000	       937	800010c4	01081233	sll	x4,x16,x16	 x16:0xfffffff2 x16:0xfffffff2  x4=0xffc80000
        9395000	       938	800010c8	ac888f83	lb	x31,-1336(x17)	 x17:0x800085f4 x31=0x00000077 PA:0x800080bc
        9405000	       939	800010cc	416b8133	sub	x2,x23,x22	 x23:0x80009fc4 x22:0x8000814e  x2=0x00001e76
        9415000	       940	800010d0	ac889503	lh	x10,-1336(x17)	 x17:0x800085f4 x10=0x00007677 PA:0x800080bc
        9425000	       941	800010d4	ac888d83	lb	x27,-1336(x17)	 x17:0x800085f4 x27=0x00000077 PA:0x800080bc
        9435000	       942	800010d8	ac28a423	sw	x2,-1336(x17)	 x17:0x800085f4  x2:0x00001e76 PA:0x800080bc
        9445000	       943	800010dc	f9cc6593	ori	x11,x24,-100	 x24:0x0007b000 x11=0xffffff9c
        9455000	       944	800010e0	1f58c283	lbu	x5,501(x17)	 x17:0x800085f4  x5=0x000000a2 PA:0x800087e9
        9465000	       945	800010e4	ddd88603	lb	x12,-547(x17)	 x17:0x800085f4 x12=0xffffff8a PA:0x800083d1
        9475000	       946	800010e8	ddd88003	lb	x0,-547(x17)	 x17:0x800085f4 PA:0x800083d1
        9485000	       947	800010ec	00000013	addi	x0,x0,0	  x0:0x00000000
        9495000	       948	800010f0	11a88223	sb	x26,260(x17)	 x17:0x800085f4 x26:0x0000004c PA:0x800086f8
        9505000	       949	800010f4	00008117	auipc	x2,0x8	  x2=0x800090f0
        9515000	       950	800010f8	9ec10113	addi	x2,x2,-1556	  x2:0x800090f0  x2=0x80008adc
        9525000	       951	800010fc	02b14783	lbu	x15,43(x2)	  x2:0x80008adc x15=0x000000ec PA:0x80008b07
        9535000	       952	80001100	02b10183	lb	x3,43(x2)	  x2:0x80008adc  x3=0xffffffec PA:0x80008b07
        9545000	       953	80001104	03314e03	lbu	x28,51(x2)	  x2:0x80008adc x28=0x000000f4 PA:0x80008b0f
        9555000	       954	80001108	03310283	lb	x5,51(x2)	  x2:0x80008adc  x5=0xfffffff4 PA:0x80008b0f
        9565000	       955	8000110c	03314483	lbu	x9,51(x2)	  x2:0x80008adc  x9=0x000000f4 PA:0x80008b0f
        9575000	       956	80001110	03310303	lb	x6,51(x2)	  x2:0x80008adc  x6=0xfffffff4 PA:0x80008b0f
        9585000	       957	80001114	00211503	lh	x10,2(x2)	  x2:0x80008adc x10=0xffffc4c5 PA:0x80008ade
        9595000	       958	80001118	ffe10b03	lb	x22,-2(x2)	  x2:0x80008adc x22=0xffffffc1 PA:0x80008ada
        9605000	       959	8000111c	4def8397	auipc	x7,0x4def8	  x7=0xcdef9118
        9615000	       960	80001120	03110803	lb	x16,49(x2)	  x2:0x80008adc x16=0xfffffff6 PA:0x80008b0d
        9625000	       961	80001124	031108a3	sb	x17,49(x2)	  x2:0x80008adc x17:0x800085f4 PA:0x80008b0d
        9635000	       962	80001128	02a108a3	sb	x10,49(x2)	  x2:0x80008adc x10:0xffffc4c5 PA:0x80008b0d
        9645000	       963	8000112c	03110b03	lb	x22,49(x2)	  x2:0x80008adc x22=0xffffffc5 PA:0x80008b0d
        9655000	       964	80001130	03114403	lbu	x8,49(x2)	  x2:0x80008adc  x8=0x000000c5 PA:0x80008b0d
        9665000	       965	00000000	00000013	addi	x0,x0,0	  x0:0x00000000
        9675000	       966	80001134	21340d93	addi	x27,x8,531	  x8:0x000000c5 x27=0x000002d8
        9685000	       967	80001138	003b7a33	and	x20,x22,x3	 x22:0xffffffc5  x3:0xffffffec x20=0xffffffc4
        9695000	       968	8000113c	5c42e337	lui	x6,0x5c42e	  x6=0x5c42e000
        9705000	       969	80001140	01cb35b3	sltu	x11,x22,x28	 x22:0xffffffc5 x28:0x000000f4 x11=0x00000000
        9715000	       970	80001144	9a3e9197	auipc	x3,0x9a3e9	  x3=0x1a3ea140
        9725000	       971	80001148	01fd5513	srli	x10,x26,0x1f	 x26:0x0000004c x10=0x00000000
        9735000	       972	8000114c	0016bb33	sltu	x22,x13,x1	 x13:0xed8e904c  x1:0x00007071 x22=0x00000000
        9745000	       973	80001150	016bca63	blt	x23,x22,80001164	 x23:0x80009fc4 x22:0x00000000
        9755000	       974	00000000	00000013	addi	x0,x0,0	  x0:0x00000000
        9765000	       975	80001160	00000013	addi	x0,x0,0	  x0:0x00000000
        9775000	       976	80001164	014308b3	add	x17,x6,x20	  x6:0x5c42e000 x20:0xffffffc4 x17=0x5c42dfc4
        9785000	       977	80001168	41f6d513	srai	x10,x13,0x1f	 x13:0xed8e904c x10=0xffffffff
        9795000	       978	8000116c	e80df593	andi	x11,x27,-384	 x27:0x000002d8 x11=0x00000280
        9805000	       979	80001170	00000013	addi	x0,x0,0	  x0:0x00000000
        9815000	       980	80001174	1116a093	slti	x1,x13,273	 x13:0xed8e904c  x1=0x00000001
        9825000	       981	80001178	9a0ffc13	andi	x24,x31,-1632	 x31:0x00000077 x24=0x00000020
        9835000	       982	8000117c	005dbeb3	sltu	x29,x27,x5	 x27:0x000002d8  x5:0xfffffff4 x29=0x00000001
        9845000	       983	80001180	662ded13	ori	x26,x27,1634	 x27:0x000002d8 x26=0x000006fa
        9855000	       984	80001184	41c6da13	srai	x20,x13,0x1c	 x13:0xed8e904c x20=0xfffffffe
        9865000	       985	80001188	417bd313	srai	x6,x23,0x17	 x23:0x80009fc4  x6=0xffffff00
        9875000	       986	8000118c	00da8663	beq	x21,x13,80001198	 x21:0x0000007b x13:0xed8e904c
        9885000	       987	80001190	b0b1c213	xori	x4,x3,-1269	  x3:0x1a3ea140  x4=0xe5c15a4b
        9895000	       988	80001194	001ef833	and	x16,x29,x1	 x29:0x00000001  x1:0x00000001 x16=0x00000001
        9905000	       989	80001198	00f993b3	sll	x7,x19,x15	 x19:0x00000021 x15:0x000000ec  x7=0x00021000
        9915000	       990	8000119c	4130d2b3	sra	x5,x1,x19	  x1:0x00000001 x19:0x00000021  x5=0x00000000
        9925000	       991	800011a0	015b0eb3	add	x29,x22,x21	 x22:0x00000000 x21:0x0000007b x29=0x0000007b
        9935000	       992	800011a4	474e4a93	xori	x21,x28,1140	 x28:0x000000f4 x21=0x00000480
        9945000	       993	800011a8	4166d313	srai	x6,x13,0x16	 x13:0xed8e904c  x6=0xffffffb6
        9955000	       994	800011ac	01c5a333	slt	x6,x11,x28	 x11:0x00000280 x28:0x000000f4  x6=0x00000000
        9965000	       995	800011b0	007814b3	sll	x9,x16,x7	 x16:0x00000001  x7:0x00021000  x9=0x00000001
        9975000	       996	800011b4	419c0133	sub	x2,x24,x25	 x24:0x00000020 x25:0x80000000  x2=0x80000020
        9985000	       997	800011b8	01a2c633	xor	x12,x5,x26	  x5:0x00000000 x26:0x000006fa x12=0x000006fa
        9995000	       998	800011bc	1c8751b7	lui	x3,0x1c875	  x3=0x1c875000
       10005000	       999	800011c0	2f2b0b37	lui	x22,0x2f2b0	 x22=0x2f2b0000
       10015000	      1000	800011c4	418b5db3	sra	x27,x22,x24	 x22:0x2f2b0000 x24:0x00000020 x27=0x2f2b0000
       10025000	      1001	800011c8	04680063	beq	x16,x6,80001208	 x16:0x00000001  x6:0x00000000
       10035000	      1002	800011cc	cd098b13	addi	x22,x19,-816	 x19:0x00000021 x22=0xfffffcf1
       10045000	      1003	800011d0	134a8a93	addi	x21,x21,308	 x21:0x00000480 x21=0x000005b4
       10055000	      1004	800011d4	03290463	beq	x18,x18,800011fc	 x18:0x00000001 x18:0x00000001
       10065000	      1005	00000000	00000013	addi	x0,x0,0	  x0:0x00000000
       10075000	      1006	800011f8	00000013	addi	x0,x0,0	  x0:0x00000000
       10085000	      1007	800011fc	b5d77a13	andi	x20,x14,-1187	 x14:0x80009f4c x20=0x80009b4c
       10095000	      1008	80001200	cea92193	slti	x3,x18,-790	 x18:0x00000001  x3=0x00000000
       10105000	      1009	80001204	007d23b3	slt	x7,x26,x7	 x26:0x000006fa  x7:0x00021000  x7=0x00000001
       10115000	      1010	80001208	02320e63	beq	x4,x3,80001244	  x4:0xe5c15a4b  x3:0x00000000
       10125000	      1011	8000120c	01d95e63	bge	x18,x29,80001228	 x18:0x00000001 x29:0x0000007b
       10135000	      1012	80001210	013c6663	bltu	x24,x19,8000121c	 x24:0x00000020 x19:0x00000021
       10145000	      1013	00000000	00000013	addi	x0,x0,0	  x0:0x00000000
       10155000	      1014	80001218	00000013	addi	x0,x0,0	  x0:0x00000000
       10165000	      1015	8000121c	e25e8c13	addi	x24,x29,-475	 x29:0x0000007b x24=0xfffffea0
       10175000	      1016	80001220	02dc5a63	bge	x24,x13,80001254	 x24:0xfffffea0 x13:0xed8e904c
       10185000	      1017	00000000	00000013	addi	x0,x0,0	  x0:0x00000000
       10195000	      1018	80001250	00000013	addi	x0,x0,0	  x0:0x00000000
       10205000	      1019	80001254	4610b893	sltiu	x17,x1,1121	  x1:0x00000001 x17=0x00000001
       10215000	      1020	80001258	2a4e2e13	slti	x28,x28,676	 x28:0x000000f4 x28=0x00000001
       10225000	      1021	8000125c	01652333	slt	x6,x10,x22	 x10:0xffffffff x22:0xfffffcf1  x6=0x00000000
       10235000	      1022	80001260	92e7c393	xori	x7,x15,-1746	 x15:0x000000ec  x7=0xfffff9c2
       10245000	      1023	80001264	d7c4fe13	andi	x28,x9,-644	  x9:0x00000001 x28=0x00000000
       10255000	      1024	80001268	01c61a63	bne	x12,x28,8000127c	 x12:0x000006fa x28:0x00000000
       10265000	      1025	00000000	00000013	addi	x0,x0,0	  x0:0x00000000
       10275000	      1026	80001278	00000013	addi	x0,x0,0	  x0:0x00000000
       10285000	      1027	8000127c	014fbab3	sltu	x21,x31,x20	 x31:0x00000077 x20:0x80009b4c x21=0x00000001
       10295000	      1028	80001280	8e5bf313	andi	x6,x23,-1819	 x23:0x80009fc4  x6=0x800098c4
       10305000	      1029	80001284	0062cb33	xor	x22,x5,x6	  x5:0x00000000  x6:0x800098c4 x22=0x800098c4
       10315000	      1030	80001288	006edb33	srl	x22,x29,x6	 x29:0x0000007b  x6:0x800098c4 x22=0x00000007
       10325000	      1031	8000128c	01601d93	slli	x27,x0,0x16	  x0:0x00000000 x27=0x00000000
       10335000	      1032	80001290	033fc463	blt	x31,x19,800012b8	 x31:0x00000077 x19:0x00000021
       10345000	      1033	80001294	00725833	srl	x16,x4,x7	  x4:0xe5c15a4b  x7:0xfffff9c2 x16=0x39705692
       10355000	      1034	80001298	c84b6393	ori	x7,x22,-892	 x22:0x00000007  x7=0xfffffc87
       10365000	      1035	8000129c	e400c413	xori	x8,x1,-448	  x1:0x00000001  x8=0xfffffe41
       10375000	      1036	800012a0	00e7e7b3	or	x15,x15,x14	 x15:0x000000ec x14:0x80009f4c x15=0x80009fec
       10385000	      1037	800012a4	0019b333	sltu	x6,x19,x1	 x19:0x00000021  x1:0x00000001  x6=0x00000000
       10395000	      1038	800012a8	bda11697	auipc	x13,0xbda11	 x13=0x3da122a4
       10405000	      1039	800012ac	04c49863	bne	x9,x12,800012fc	  x9:0x00000001 x12:0x000006fa
       10415000	      1040	00000000	00000013	addi	x0,x0,0	  x0:0x00000000
       10425000	      1041	800012f8	00000013	addi	x0,x0,0	  x0:0x00000000
       10435000	      1042	800012fc	00030db3	add	x27,x6,x0	  x6:0x00000000  x0:0x00000000 x27=0x00000000
       10445000	      1043	80001300	6a6f2b13	slti	x22,x30,1702	 x30:0xffffffff x22=0x00000001
       10455000	      1044	80001304	41c3dc13	srai	x24,x7,0x1c	  x7:0xfffffc87 x24=0xffffffff
       10465000	      1045	80001308	0486f863	bgeu	x13,x8,80001358	 x13:0x3da122a4  x8:0xfffffe41
       10475000	      1046	8000130c	416158b3	sra	x17,x2,x22	  x2:0x80000020 x22:0x00000001 x17=0xc0000010
       10485000	      1047	80001310	03121a63	bne	x4,x17,80001344	  x4:0xe5c15a4b x17:0xc0000010
       10495000	      1048	00000000	00000013	addi	x0,x0,0	  x0:0x00000000
       10505000	      1049	80001340	00000013	addi	x0,x0,0	  x0:0x00000000
       10515000	      1050	80001344	00d8e5b3	or	x11,x17,x13	 x17:0xc0000010 x13:0x3da122a4 x11=0xfda122b4
       10525000	      1051	80001348	00e2d793	srli	x15,x5,0xe	  x5:0x00000000 x15=0x00000000
       10535000	      1052	8000134c	018e41b3	xor	x3,x28,x24	 x28:0x00000000 x24:0xffffffff  x3=0xffffffff
       10545000	      1053	80001350	013bc433	xor	x8,x23,x19	 x23:0x80009fc4 x19:0x00000021  x8=0x80009fe5
       10555000	      1054	80001354	c4246193	ori	x3,x8,-958	  x8:0x80009fe5  x3=0xffffffe7
       10565000	      1055	80001358	00cfd493	srli	x9,x31,0xc	 x31:0x00000077  x9=0x00000000
       10575000	      1056	8000135c	02ae1063	bne	x28,x10,8000137c	 x28:0x00000000 x10:0xffffffff
       10585000	      1057	00000000	00000013	addi	x0,x0,0	  x0:0x00000000
       10595000	      1058	80001378	00000013	addi	x0,x0,0	  x0:0x00000000
       10605000	      1059	8000137c	02f78a63	beq	x15,x15,800013b0	 x15:0x00000000 x15:0x00000000
       10615000	      1060	00000000	00000013	addi	x0,x0,0	  x0:0x00000000
       10625000	      1061	800013ac	00000013	addi	x0,x0,0	  x0:0x00000000
       10635000	      1062	800013b0	012bde13	srli	x28,x23,0x12	 x23:0x80009fc4 x28=0x00002000
       10645000	      1063	800013b4	01ab1c63	bne	x22,x26,800013cc	 x22:0x00000001 x26:0x000006fa
       10655000	      1064	00000000	00000013	addi	x0,x0,0	  x0:0x00000000
       10665000	      1065	800013c8	00000013	addi	x0,x0,0	  x0:0x00000000
       10675000	      1066	800013cc	4001d793	srai	x15,x3,0x0	  x3:0xffffffe7 x15=0xffffffe7
       10685000	      1067	800013d0	0cbe3d93	sltiu	x27,x28,203	 x28:0x00002000 x27=0x00000000
       10695000	      1068	800013d4	7663e393	ori	x7,x7,1894	  x7:0xfffffc87  x7=0xffffffe7
       10705000	      1069	800013d8	dd24ac13	slti	x24,x9,-558	  x9:0x00000000 x24=0x00000000
       10715000	      1070	800013dc	00000013	addi	x0,x0,0	  x0:0x00000000
       10725000	      1071	800013e0	01f59213	slli	x4,x11,0x1f	 x11:0xfda122b4  x4=0x00000000
       10735000	      1072	800013e4	008a5663	bge	x20,x8,800013f0	 x20:0x80009b4c  x8:0x80009fe5
       10745000	      1073	800013e8	02045e63	bge	x8,x0,80001424	  x8:0x80009fe5  x0:0x00000000
       10755000	      1074	800013ec	00c78f33	add	x30,x15,x12	 x15:0xffffffe7 x12:0x000006fa x30=0x000006e1
       10765000	      1075	800013f0	41edd233	sra	x4,x27,x30	 x27:0x00000000 x30:0x000006e1  x4=0x00000000
       10775000	      1076	800013f4	0187d8b3	srl	x17,x15,x24	 x15:0xffffffe7 x24:0x00000000 x17=0xffffffe7
       10785000	      1077	800013f8	00000013	addi	x0,x0,0	  x0:0x00000000
       10795000	      1078	800013fc	691c4f17	auipc	x30,0x691c4	 x30=0xe91c53f8
       10805000	      1079	80001400	036a4093	xori	x1,x20,54	 x20:0x80009b4c  x1=0x80009b7a
       10815000	      1080	80001404	ea183293	sltiu	x5,x16,-351	 x16:0x39705692  x5=0x00000001
       10825000	      1081	80001408	011b9e93	slli	x29,x23,0x11	 x23:0x80009fc4 x29=0x3f880000
       10835000	      1082	8000140c	0441f463	bgeu	x3,x4,80001454	  x3:0xffffffe7  x4:0x00000000
       10845000	      1083	00000000	00000013	addi	x0,x0,0	  x0:0x00000000
       10855000	      1084	80001450	00000013	addi	x0,x0,0	  x0:0x00000000
       10865000	      1085	80001454	fe00edb7	lui	x27,0xfe00e	 x27=0xfe00e000
       10875000	      1086	80001458	40e4d413	srai	x8,x9,0xe	  x9:0x00000000  x8=0x00000000
       10885000	      1087	8000145c	01182933	slt	x18,x16,x17	 x16:0x39705692 x17:0xffffffe7 x18=0x00000000
       10895000	      1088	80001460	013d39b3	sltu	x19,x26,x19	 x26:0x000006fa x19:0x00000021 x19=0x00000000
       10905000	      1089	80001464	78e847b7	lui	x15,0x78e84	 x15=0x78e84000
       10915000	      1090	80001468	406456b3	sra	x13,x8,x6	  x8:0x00000000  x6:0x00000000 x13=0x00000000
       10925000	      1091	8000146c	0079af33	slt	x30,x19,x7	 x19:0x00000000  x7:0xffffffe7 x30=0x00000000
       10935000	      1092	80001470	04d04063	blt	x0,x13,800014b0	  x0:0x00000000 x13:0x00000000
       10945000	      1093	80001474	03c17463	bgeu	x2,x28,8000149c	  x2:0x80000020 x28:0x00002000
       10955000	      1094	00000000	00000013	addi	x0,x0,0	  x0:0x00000000
       10965000	      1095	80001498	00000013	addi	x0,x0,0	  x0:0x00000000
       10975000	      1096	8000149c	019c8a63	beq	x25,x25,800014b0	 x25:0x80000000 x25:0x80000000
       10985000	      1097	00000000	00000013	addi	x0,x0,0	  x0:0x00000000
       10995000	      1098	800014ac	00000013	addi	x0,x0,0	  x0:0x00000000
       11005000	      1099	800014b0	01cd1f33	sll	x30,x26,x28	 x26:0x000006fa x28:0x00002000 x30=0x000006fa
       11015000	      1100	800014b4	015b4033	xor	x0,x22,x21	 x22:0x00000001 x21:0x00000001
       11025000	      1101	800014b8	0791c193	xori	x3,x3,121	  x3:0xffffffe7  x3=0xffffff9e
       11035000	      1102	800014bc	01db8e63	beq	x23,x29,800014d8	 x23:0x80009fc4 x29:0x3f880000
       11045000	      1103	800014c0	01dd1833	sll	x16,x26,x29	 x26:0x000006fa x29:0x3f880000 x16=0x000006fa
       11055000	      1104	800014c4	41ae89b3	sub	x19,x29,x26	 x29:0x3f880000 x26:0x000006fa x19=0x3f87f906
       11065000	      1105	800014c8	bb67c813	xori	x16,x15,-1098	 x15:0x78e84000 x16=0x8717bbb6
       11075000	      1106	800014cc	00000013	addi	x0,x0,0	  x0:0x00000000
       11085000	      1107	800014d0	40eb8e33	sub	x28,x23,x14	 x23:0x80009fc4 x14:0x80009f4c x28=0x00000078
       11095000	      1108	800014d4	002e1313	slli	x6,x28,0x2	 x28:0x00000078  x6=0x000001e0
       11105000	      1109	800014d8	006cd933	srl	x18,x25,x6	 x25:0x80000000  x6:0x000001e0 x18=0x80000000
       11115000	      1110	800014dc	02377663	bgeu	x14,x3,80001508	 x14:0x80009f4c  x3:0xffffff9e
       11125000	      1111	800014e0	89477013	andi	x0,x14,-1900	 x14:0x80009f4c
       11135000	      1112	800014e4	85c10213	addi	x4,x2,-1956	  x2:0x80000020  x4=0x7ffff87c
       11145000	      1113	800014e8	00000013	addi	x0,x0,0	  x0:0x00000000
       11155000	      1114	800014ec	703a9a97	auipc	x21,0x703a9	 x21=0xf03aa4e8
       11165000	      1115	800014f0	009609b3	add	x19,x12,x9	 x12:0x000006fa  x9:0x00000000 x19=0x000006fa
       11175000	      1116	800014f4	03e67e63	bgeu	x12,x30,80001530	 x12:0x000006fa x30:0x000006fa
       11185000	      1117	00000000	00000013	addi	x0,x0,0	  x0:0x00000000
       11195000	      1118	8000152c	00000013	addi	x0,x0,0	  x0:0x00000000
       11205000	      1119	80001530	0135b233	sltu	x4,x11,x19	 x11:0xfda122b4 x19:0x000006fa  x4=0x00000000
       11215000	      1120	80001534	006978b3	and	x17,x18,x6	 x18:0x80000000  x6:0x000001e0 x17=0x00000000
       11225000	      1121	80001538	dc1fb937	lui	x18,0xdc1fb	 x18=0xdc1fb000
       11235000	      1122	8000153c	cef3e293	ori	x5,x7,-785	  x7:0xffffffe7  x5=0xffffffef
       11245000	      1123	80001540	6abaaf93	slti	x31,x21,1707	 x21:0xf03aa4e8 x31=0x00000001
       11255000	      1124	80001544	2c3a4a93	xori	x21,x20,707	 x20:0x80009b4c x21=0x8000998f
       11265000	      1125	80001548	008289b3	add	x19,x5,x8	  x5:0xffffffef  x8:0x00000000 x19=0xffffffef
       11275000	      1126	8000154c	017a7c63	bgeu	x20,x23,80001564	 x20:0x80009b4c x23:0x80009fc4
       11285000	      1127	80001550	00dfdd13	srli	x26,x31,0xd	 x31:0x00000001 x26=0x00000000
       11295000	      1128	80001554	03568463	beq	x13,x21,8000157c	 x13:0x00000000 x21:0x8000998f
       11305000	      1129	80001558	41c05533	sra	x10,x0,x28	  x0:0x00000000 x28:0x00000078 x10=0x00000000
       11315000	      1130	8000155c	00a188b3	add	x17,x3,x10	  x3:0xffffff9e x10:0x00000000 x17=0xffffff9e
       11325000	      1131	80001560	baa4f513	andi	x10,x9,-1110	  x9:0x00000000 x10=0x00000000
       11335000	      1132	80001564	00887a33	and	x20,x16,x8	 x16:0x8717bbb6  x8:0x00000000 x20=0x00000000
       11345000	      1133	80001568	00612633	slt	x12,x2,x6	  x2:0x80000020  x6:0x000001e0 x12=0x00000001
       11355000	      1134	8000156c	056d5463	bge	x26,x22,800015b4	 x26:0x00000000 x22:0x00000001
       11365000	      1135	80001570	01fed513	srli	x10,x29,0x1f	 x29:0x3f880000 x10=0x00000000
       11375000	      1136	80001574	010241b3	xor	x3,x4,x16	  x4:0x00000000 x16:0x8717bbb6  x3=0x8717bbb6
       11385000	      1137	80001578	36977013	andi	x0,x14,873	 x14:0x80009f4c
       11395000	      1138	8000157c	9a24b693	sltiu	x13,x9,-1630	  x9:0x00000000 x13=0x00000001
       11405000	      1139	80001580	012b0f33	add	x30,x22,x18	 x22:0x00000001 x18:0xdc1fb000 x30=0xdc1fb001
       11415000	      1140	80001584	01275633	srl	x12,x14,x18	 x14:0x80009f4c x18:0xdc1fb000 x12=0x80009f4c
       11425000	      1141	80001588	0067cc63	blt	x15,x6,800015a0	 x15:0x78e84000  x6:0x000001e0
       11435000	      1142	8000158c	00269663	bne	x13,x2,80001598	 x13:0x00000001  x2:0x80000020
       11445000	      1143	00000000	00000013	addi	x0,x0,0	  x0:0x00000000
       11455000	      1144	80001594	00000013	addi	x0,x0,0	  x0:0x00000000
       11465000	      1145	80001598	e7ca4697	auipc	x13,0xe7ca4	 x13=0x67ca5594
       11475000	      1146	8000159c	00000013	addi	x0,x0,0	  x0:0x00000000
       11485000	      1147	800015a0	01f9ee63	bltu	x19,x31,800015bc	 x19:0xffffffef x31:0x00000001
       11495000	      1148	800015a4	033b7263	bgeu	x22,x19,800015c8	 x22:0x00000001 x19:0xffffffef
       11505000	      1149	800015a8	008b7863	bgeu	x22,x8,800015b8	 x22:0x00000001  x8:0x00000000
       11515000	      1150	00000000	00000013	addi	x0,x0,0	  x0:0x00000000
       11525000	      1151	800015b4	00000013	addi	x0,x0,0	  x0:0x00000000
       11535000	      1152	800015b8	013cf333	and	x6,x25,x19	 x25:0x80000000 x19:0xffffffef  x6=0x80000000
       11545000	      1153	800015bc	00879013	slli	x0,x15,0x8	 x15:0x78e84000
       11555000	      1154	800015c0	00594033	xor	x0,x18,x5	 x18:0xdc1fb000  x5:0xffffffef
       11565000	      1155	800015c4	f1ed2fb7	lui	x31,0xf1ed2	 x31=0xf1ed2000
       11575000	      1156	800015c8	0f227937	lui	x18,0xf227	 x18=0x0f227000
       11585000	      1157	800015cc	0189e5b3	or	x11,x19,x24	 x19:0xffffffef x24:0x00000000 x11=0xffffffef
       11595000	      1158	800015d0	0088aa33	slt	x20,x17,x8	 x17:0xffffff9e  x8:0x00000000 x20=0x00000001
       11605000	      1159	800015d4	00dae333	or	x6,x21,x13	 x21:0x8000998f x13:0x67ca5594  x6=0xe7cadd9f
       11615000	      1160	800015d8	01870a63	beq	x14,x24,800015ec	 x14:0x80009f4c x24:0x00000000
       11625000	      1161	800015dc	ebcb85b7	lui	x11,0xebcb8	 x11=0xebcb8000
       11635000	      1162	800015e0	02fc0e63	beq	x24,x15,8000161c	 x24:0x00000000 x15:0x78e84000
       11645000	      1163	800015e4	004de633	or	x12,x27,x4	 x27:0xfe00e000  x4:0x00000000 x12=0xfe00e000
       11655000	      1164	800015e8	03438a63	beq	x7,x20,8000161c	  x7:0xffffffe7 x20:0x00000001
       11665000	      1165	800015ec	00678a33	add	x20,x15,x6	 x15:0x78e84000  x6:0xe7cadd9f x20=0x60b31d9f
       11675000	      1166	800015f0	9f1be117	auipc	x2,0x9f1be	  x2=0x1f1bf5ec
       11685000	      1167	800015f4	0334fe63	bgeu	x9,x19,80001630	  x9:0x00000000 x19:0xffffffef
       11695000	      1168	800015f8	40498633	sub	x12,x19,x4	 x19:0xffffffef  x4:0x00000000 x12=0xffffffef
       11705000	      1169	800015fc	05fcf463	bgeu	x25,x31,80001644	 x25:0x80000000 x31:0xf1ed2000
       11715000	      1170	80001600	82fe8e13	addi	x28,x29,-2001	 x29:0x3f880000 x28=0x3f87f82f
       11725000	      1171	80001604	01476ab3	or	x21,x14,x20	 x14:0x80009f4c x20:0x60b31d9f x21=0xe0b39fdf
       11735000	      1172	80001608	80219817	auipc	x16,0x80219	 x16=0x0021a604
       11745000	      1173	8000160c	8d831f97	auipc	x31,0x8d831	 x31=0x0d832608
       11755000	      1174	80001610	011cb533	sltu	x10,x25,x17	 x25:0x80000000 x17:0xffffff9e x10=0x00000001
       11765000	      1175	80001614	13616213	ori	x4,x2,310	  x2:0x1f1bf5ec  x4=0x1f1bf5fe
       11775000	      1176	80001618	006415b3	sll	x11,x8,x6	  x8:0x00000000  x6:0xe7cadd9f x11=0x00000000
       11785000	      1177	8000161c	be8a0f93	addi	x31,x20,-1048	 x20:0x60b31d9f x31=0x60b31987
       11795000	      1178	80001620	010afc63	bgeu	x21,x16,80001638	 x21:0xe0b39fdf x16:0x0021a604
       11805000	      1179	00000000	00000013	addi	x0,x0,0	  x0:0x00000000
       11815000	      1180	80001634	00000013	addi	x0,x0,0	  x0:0x00000000
       11825000	      1181	80001638	00000013	addi	x0,x0,0	  x0:0x00000000
       11835000	      1182	8000163c	baecc397	auipc	x7,0xbaecc	  x7=0x3aecd638
       11845000	      1183	80001640	026de463	bltu	x27,x6,80001668	 x27:0xfe00e000  x6:0xe7cadd9f
       11855000	      1184	80001644	24f8de37	lui	x28,0x24f8d	 x28=0x24f8d000
       11865000	      1185	80001648	00000013	addi	x0,x0,0	  x0:0x00000000
       11875000	      1186	8000164c	01a91663	bne	x18,x26,80001658	 x18:0x0f227000 x26:0x00000000
       11885000	      1187	00000000	00000013	addi	x0,x0,0	  x0:0x00000000
       11895000	      1188	80001654	00000013	addi	x0,x0,0	  x0:0x00000000
       11905000	      1189	80001658	01719e13	slli	x28,x3,0x17	  x3:0x8717bbb6 x28=0xdb000000
       11915000	      1190	8000165c	0170d033	srl	x0,x1,x23	  x1:0x80009b7a x23:0x80009fc4
       11925000	      1191	80001660	00ed3e33	sltu	x28,x26,x14	 x26:0x00000000 x14:0x80009f4c x28=0x00000001
       11935000	      1192	80001664	8f49d937	lui	x18,0x8f49d	 x18=0x8f49d000
       11945000	      1193	80001668	91dba897	auipc	x17,0x91dba	 x17=0x11dbb664
       11955000	      1194	8000166c	3c665437	lui	x8,0x3c665	  x8=0x3c665000
       11965000	      1195	80001670	018c6133	or	x2,x24,x24	 x24:0x00000000 x24:0x00000000  x2=0x00000000
       11975000	      1196	80001674	01ce96b3	sll	x13,x29,x28	 x29:0x3f880000 x28:0x00000001 x13=0x7f100000
       11985000	      1197	80001678	00b46fb3	or	x31,x8,x11	  x8:0x3c665000 x11:0x00000000 x31=0x3c665000
       11995000	      1198	8000167c	00000013	addi	x0,x0,0	  x0:0x00000000
       12005000	      1199	80001680	ffe94613	xori	x12,x18,-2	 x18:0x8f49d000 x12=0x70b62ffe
       12015000	      1200	80001684	05c88863	beq	x17,x28,800016d4	 x17:0x11dbb664 x28:0x00000001
       12025000	      1201	80001688	001846b3	xor	x13,x16,x1	 x16:0x0021a604  x1:0x80009b7a x13=0x80213d7e
       12035000	      1202	8000168c	0013b833	sltu	x16,x7,x1	  x7:0x3aecd638  x1:0x80009b7a x16=0x00000001
       12045000	      1203	80001690	40785e33	sra	x28,x16,x7	 x16:0x00000001  x7:0x3aecd638 x28=0x00000000
       12055000	      1204	80001694	4111d513	srai	x10,x3,0x11	  x3:0x8717bbb6 x10=0xffffc38b
       12065000	      1205	80001698	a525e517	auipc	x10,0xa525e	 x10=0x2525f694
       12075000	      1206	8000169c	58e93493	sltiu	x9,x18,1422	 x18:0x8f49d000  x9=0x00000000
       12085000	      1207	800016a0	01f79f33	sll	x30,x15,x31	 x15:0x78e84000 x31:0x3c665000 x30=0x78e84000
       12095000	      1208	800016a4	41285233	sra	x4,x16,x18	 x16:0x00000001 x18:0x8f49d000  x4=0x00000001
       12105000	      1209	800016a8	00917933	and	x18,x2,x9	  x2:0x00000000  x9:0x00000000 x18=0x00000000
       12115000	      1210	800016ac	051c5063	bge	x24,x17,800016ec	 x24:0x00000000 x17:0x11dbb664
       12125000	      1211	800016b0	4159da13	srai	x20,x19,0x15	 x19:0xffffffef x20=0xffffffff
       12135000	      1212	800016b4	02f1d663	bge	x3,x15,800016e0	  x3:0x8717bbb6 x15:0x78e84000
       12145000	      1213	800016b8	0287f663	bgeu	x15,x8,800016e4	 x15:0x78e84000  x8:0x3c665000
       12155000	      1214	00000000	00000013	addi	x0,x0,0	  x0:0x00000000
       12165000	      1215	800016e0	00000013	addi	x0,x0,0	  x0:0x00000000
       12175000	      1216	800016e4	0200fa63	bgeu	x1,x0,80001718	  x1:0x80009b7a  x0:0x00000000
       12185000	      1217	00000000	00000013	addi	x0,x0,0	  x0:0x00000000
       12195000	      1218	80001714	00000013	addi	x0,x0,0	  x0:0x00000000
       12205000	      1219	80001718	030dfa63	bgeu	x27,x16,8000174c	 x27:0xfe00e000 x16:0x00000001
       12215000	      1220	00000000	00000013	addi	x0,x0,0	  x0:0x00000000
       12225000	      1221	80001748	00000013	addi	x0,x0,0	  x0:0x00000000
       12235000	      1222	8000174c	013674b3	and	x9,x12,x19	 x12:0x70b62ffe x19:0xffffffef  x9=0x70b62fee
       12245000	      1223	80001750	c48ff7b7	lui	x15,0xc48ff	 x15=0xc48ff000
       12255000	      1224	80001754	012e3e33	sltu	x28,x28,x18	 x28:0x00000000 x18:0x00000000 x28=0x00000000
       12265000	      1225	80001758	017aec33	or	x24,x21,x23	 x21:0xe0b39fdf x23:0x80009fc4 x24=0xe0b39fdf
       12275000	      1226	8000175c	41f586b3	sub	x13,x11,x31	 x11:0x00000000 x31:0x3c665000 x13=0xc399b000
       12285000	      1227	80001760	4068d213	srai	x4,x17,0x6	 x17:0x11dbb664  x4=0x00476ed9
       12295000	      1228	80001764	2535fb13	andi	x22,x11,595	 x11:0x00000000 x22=0x00000000
       12305000	      1229	80001768	00185e63	bge	x16,x1,80001784	 x16:0x00000001  x1:0x80009b7a
       12315000	      1230	00000000	00000013	addi	x0,x0,0	  x0:0x00000000
       12325000	      1231	80001780	00000013	addi	x0,x0,0	  x0:0x00000000
       12335000	      1232	80001784	02cb7e63	bgeu	x22,x12,800017c0	 x22:0x00000000 x12:0x70b62ffe
       12345000	      1233	80001788	015d3233	sltu	x4,x26,x21	 x26:0x00000000 x21:0xe0b39fdf  x4=0x00000001
       12355000	      1234	8000178c	00ed7a63	bgeu	x26,x14,800017a0	 x26:0x00000000 x14:0x80009f4c
       12365000	      1235	80001790	e1978993	addi	x19,x15,-487	 x15:0xc48ff000 x19=0xc48fee19
       12375000	      1236	80001794	f140f493	andi	x9,x1,-236	  x1:0x80009b7a  x9=0x80009b10
       12385000	      1237	80001798	01105193	srli	x3,x0,0x11	  x0:0x00000000  x3=0x00000000
       12395000	      1238	8000179c	3d61e913	ori	x18,x3,982	  x3:0x00000000 x18=0x000003d6
       12405000	      1239	800017a0	00b2bfb3	sltu	x31,x5,x11	  x5:0xffffffef x11:0x00000000 x31=0x00000000
       12415000	      1240	800017a4	41730fb3	sub	x31,x6,x23	  x6:0xe7cadd9f x23:0x80009fc4 x31=0x67ca3ddb
       12425000	      1241	800017a8	006a1993	slli	x19,x20,0x6	 x20:0xffffffff x19=0xffffffc0
       12435000	      1242	800017ac	5ed5c013	xori	x0,x11,1517	 x11:0x00000000
       12445000	      1243	800017b0	01437663	bgeu	x6,x20,800017bc	  x6:0xe7cadd9f x20:0xffffffff
       12455000	      1244	800017b4	0083a1b3	slt	x3,x7,x8	  x7:0x3aecd638  x8:0x3c665000  x3=0x00000001
       12465000	      1245	800017b8	03cbc263	blt	x23,x28,800017dc	 x23:0x80009fc4 x28:0x00000000
       12475000	      1246	00000000	00000013	addi	x0,x0,0	  x0:0x00000000
       12485000	      1247	800017d8	00000013	addi	x0,x0,0	  x0:0x00000000
       12495000	      1248	800017dc	01a0a6b3	slt	x13,x1,x26	  x1:0x80009b7a x26:0x00000000 x13=0x00000001
       12505000	      1249	800017e0	03d88063	beq	x17,x29,80001800	 x17:0x11dbb664 x29:0x3f880000
       12515000	      1250	800017e4	04f29863	bne	x5,x15,80001834	  x5:0xffffffef x15:0xc48ff000
       12525000	      1251	00000000	00000013	addi	x0,x0,0	  x0:0x00000000
       12535000	      1252	80001830	00000013	addi	x0,x0,0	  x0:0x00000000
       12545000	      1253	80001834	016e07b3	add	x15,x28,x22	 x28:0x00000000 x22:0x00000000 x15=0x00000000
       12555000	      1254	80001838	40965eb3	sra	x29,x12,x9	 x12:0x70b62ffe  x9:0x80009b10 x29=0x000070b6
       12565000	      1255	8000183c	f194b617	auipc	x12,0xf194b	 x12=0x7194c838
       12575000	      1256	80001840	40fc8eb3	sub	x29,x25,x15	 x25:0x80000000 x15:0x00000000 x29=0x80000000
       12585000	      1257	80001844	02316e63	bltu	x2,x3,80001880	  x2:0x00000000  x3:0x00000001
       12595000	      1258	00000000	00000013	addi	x0,x0,0	  x0:0x00000000
       12605000	      1259	8000187c	00000013	addi	x0,x0,0	  x0:0x00000000
       12615000	      1260	80001880	01866db3	or	x27,x12,x24	 x12:0x7194c838 x24:0xe0b39fdf x27=0xf1b7dfff
       12625000	      1261	80001884	40e48133	sub	x2,x9,x14	  x9:0x80009b10 x14:0x80009f4c  x2=0xfffffbc4
       12635000	      1262	80001888	00000013	addi	x0,x0,0	  x0:0x00000000
       12645000	      1263	8000188c	02947463	bgeu	x8,x9,800018b4	  x8:0x3c665000  x9:0x80009b10
       12655000	      1264	80001890	04876463	bltu	x14,x8,800018d8	 x14:0x80009f4c  x8:0x3c665000
       12665000	      1265	80001894	012b2633	slt	x12,x22,x18	 x22:0x00000000 x18:0x000003d6 x12=0x00000001
       12675000	      1266	80001898	e57d2d93	slti	x27,x26,-425	 x26:0x00000000 x27=0x00000000
       12685000	      1267	8000189c	01714033	xor	x0,x2,x23	  x2:0xfffffbc4 x23:0x80009fc4
       12695000	      1268	800018a0	01f5e863	bltu	x11,x31,800018b0	 x11:0x00000000 x31:0x67ca3ddb
       12705000	      1269	00000000	00000013	addi	x0,x0,0	  x0:0x00000000
       12715000	      1270	800018ac	00000013	addi	x0,x0,0	  x0:0x00000000
       12725000	      1271	800018b0	03b9c463	blt	x19,x27,800018d8	 x19:0xffffffc0 x27:0x00000000
       12735000	      1272	00000000	00000013	addi	x0,x0,0	  x0:0x00000000
       12745000	      1273	800018d4	00000013	addi	x0,x0,0	  x0:0x00000000
       12755000	      1274	800018d8	05fa5063	bge	x20,x31,80001918	 x20:0xffffffff x31:0x67ca3ddb
       12765000	      1275	800018dc	0305de63	bge	x11,x16,80001918	 x11:0x00000000 x16:0x00000001
       12775000	      1276	800018e0	0047e833	or	x16,x15,x4	 x15:0x00000000  x4:0x00000001 x16=0x00000001
       12785000	      1277	800018e4	01fe1c33	sll	x24,x28,x31	 x28:0x00000000 x31:0x67ca3ddb x24=0x00000000
       12795000	      1278	800018e8	eeb37a93	andi	x21,x6,-277	  x6:0xe7cadd9f x21=0xe7cadc8b
       12805000	      1279	800018ec	00b16d33	or	x26,x2,x11	  x2:0xfffffbc4 x11:0x00000000 x26=0xfffffbc4
       12815000	      1280	800018f0	4a8ae913	ori	x18,x21,1192	 x21:0xe7cadc8b x18=0xe7cadcab
       12825000	      1281	800018f4	01c745b3	xor	x11,x14,x28	 x14:0x80009f4c x28:0x00000000 x11=0x80009f4c
       12835000	      1282	800018f8	40365413	srai	x8,x12,0x3	 x12:0x00000001  x8=0x00000000
       12845000	      1283	800018fc	009d1e93	slli	x29,x26,0x9	 x26:0xfffffbc4 x29=0xfff78800
       12855000	      1284	80001900	f59f4897	auipc	x17,0xf59f4	 x17=0x759f58fc
       12865000	      1285	80001904	028f1463	bne	x30,x8,8000192c	 x30:0x78e84000  x8:0x00000000
       12875000	      1286	00000000	00000013	addi	x0,x0,0	  x0:0x00000000
       12885000	      1287	80001928	00000013	addi	x0,x0,0	  x0:0x00000000
       12895000	      1288	8000192c	0072fe33	and	x28,x5,x7	  x5:0xffffffef  x7:0x3aecd638 x28=0x3aecd628
       12905000	      1289	80001930	7d939437	lui	x8,0x7d939	  x8=0x7d939000
       12915000	      1290	80001934	eb3e8113	addi	x2,x29,-333	 x29:0xfff78800  x2=0xfff786b3
       12925000	      1291	80001938	64c20fb7	lui	x31,0x64c20	 x31=0x64c20000
       12935000	      1292	8000193c	01278c33	add	x24,x15,x18	 x15:0x00000000 x18:0xe7cadcab x24=0xe7cadcab
       12945000	      1293	80001940	015d9db3	sll	x27,x27,x21	 x27:0x00000000 x21:0xe7cadc8b x27=0x00000000
       12955000	      1294	80001944	01034933	xor	x18,x6,x16	  x6:0xe7cadd9f x16:0x00000001 x18=0xe7cadd9e
       12965000	      1295	80001948	01107233	and	x4,x0,x17	  x0:0x00000000 x17:0x759f58fc  x4=0x00000000
       12975000	      1296	8000194c	f12d8d13	addi	x26,x27,-238	 x27:0x00000000 x26=0xffffff12
       12985000	      1297	80001950	9a52e113	ori	x2,x5,-1627	  x5:0xffffffef  x2=0xffffffef
       12995000	      1298	80001954	05046863	bltu	x8,x16,800019a4	  x8:0x7d939000 x16:0x00000001
       13005000	      1299	80001958	149b8093	addi	x1,x23,329	 x23:0x80009fc4  x1=0x8000a10d
       13015000	      1300	8000195c	01224a63	blt	x4,x18,80001970	  x4:0x00000000 x18:0xe7cadd9e
       13025000	      1301	80001960	41195033	sra	x0,x18,x17	 x18:0xe7cadd9e x17:0x759f58fc
       13035000	      1302	80001964	c7f4a493	slti	x9,x9,-897	  x9:0x80009b10  x9=0x00000001
       13045000	      1303	80001968	05211863	bne	x2,x18,800019b8	  x2:0xffffffef x18:0xe7cadd9e
       13055000	      1304	00000000	00000013	addi	x0,x0,0	  x0:0x00000000
       13065000	      1305	800019b4	00000013	addi	x0,x0,0	  x0:0x00000000
       13075000	      1306	800019b8	c806e913	ori	x18,x13,-896	 x13:0x00000001 x18=0xfffffc81
       13085000	      1307	800019bc	88feb113	sltiu	x2,x29,-1905	 x29:0xfff78800  x2=0x00000001
       13095000	      1308	800019c0	d7ea8813	addi	x16,x21,-642	 x21:0xe7cadc8b x16=0xe7cada09
       13105000	      1309	800019c4	01e3dd33	srl	x26,x7,x30	  x7:0x3aecd638 x30:0x78e84000 x26=0x3aecd638
       13115000	      1310	800019c8	01fe5313	srli	x6,x28,0x1f	 x28:0x3aecd628  x6=0x00000000
       13125000	      1311	800019cc	012ed3b3	srl	x7,x29,x18	 x29:0xfff78800 x18:0xfffffc81  x7=0x7ffbc400
       13135000	      1312	800019d0	01fe82b3	add	x5,x29,x31	 x29:0xfff78800 x31:0x64c20000  x5=0x64b98800
       13145000	      1313	800019d4	2bf86193	ori	x3,x16,703	 x16:0xe7cada09  x3=0xe7cadabf
       13155000	      1314	800019d8	a296f793	andi	x15,x13,-1495	 x13:0x00000001 x15=0x00000001
       13165000	      1315	800019dc	04036463	bltu	x6,x0,80001a24	  x6:0x00000000  x0:0x00000000
       13175000	      1316	800019e0	00b98233	add	x4,x19,x11	 x19:0xffffffc0 x11:0x80009f4c  x4=0x80009f0c
       13185000	      1317	800019e4	02dfda63	bge	x31,x13,80001a18	 x31:0x64c20000 x13:0x00000001
       13195000	      1318	00000000	00000013	addi	x0,x0,0	  x0:0x00000000
       13205000	      1319	80001a14	00000013	addi	x0,x0,0	  x0:0x00000000
       13215000	      1320	80001a18	66cd7197	auipc	x3,0x66cd7	  x3=0xe6cd8a14
       13225000	      1321	80001a1c	016a5a63	bge	x20,x22,80001a30	 x20:0xffffffff x22:0x00000000
       13235000	      1322	80001a20	416385b3	sub	x11,x7,x22	  x7:0x7ffbc400 x22:0x00000000 x11=0x7ffbc400
       13245000	      1323	80001a24	afdf6813	ori	x16,x30,-1283	 x30:0x78e84000 x16=0xfffffafd
       13255000	      1324	80001a28	97cebe97	auipc	x29,0x97ceb	 x29=0x17ceca24
       13265000	      1325	80001a2c	40df86b3	sub	x13,x31,x13	 x31:0x64c20000 x13:0x00000001 x13=0x64c1ffff
       13275000	      1326	80001a30	40ed0a33	sub	x20,x26,x14	 x26:0x3aecd638 x14:0x80009f4c x20=0xbaec36ec
       13285000	      1327	80001a34	6bb84d13	xori	x26,x16,1723	 x16:0xfffffafd x26=0xfffffc46
       13295000	      1328	80001a38	cebdf813	andi	x16,x27,-789	 x27:0x00000000 x16=0x00000000
       13305000	      1329	80001a3c	019d9f93	slli	x31,x27,0x19	 x27:0x00000000 x31=0x00000000
       13315000	      1330	80001a40	40775ab3	sra	x21,x14,x7	 x14:0x80009f4c  x7:0x7ffbc400 x21=0x80009f4c
       13325000	      1331	80001a44	0203ee63	bltu	x7,x0,80001a80	  x7:0x7ffbc400  x0:0x00000000
       13335000	      1332	80001a48	0014c7b3	xor	x15,x9,x1	  x9:0x00000001  x1:0x8000a10d x15=0x8000a10c
       13345000	      1333	80001a4c	00de23b3	slt	x7,x28,x13	 x28:0x3aecd628 x13:0x64c1ffff  x7=0x00000001
       13355000	      1334	80001a50	017f6d33	or	x26,x30,x23	 x30:0x78e84000 x23:0x80009fc4 x26=0xf8e8dfc4
       13365000	      1335	80001a54	02097063	bgeu	x18,x0,80001a74	 x18:0xfffffc81  x0:0x00000000
       13375000	      1336	00000000	00000013	addi	x0,x0,0	  x0:0x00000000
       13385000	      1337	80001a70	00000013	addi	x0,x0,0	  x0:0x00000000
       13395000	      1338	80001a74	00f2d093	srli	x1,x5,0xf	  x5:0x64b98800  x1=0x0000c973
       13405000	      1339	80001a78	01f88c63	beq	x17,x31,80001a90	 x17:0x759f58fc x31:0x00000000
       13415000	      1340	80001a7c	0504c463	blt	x9,x16,80001ac4	  x9:0x00000001 x16:0x00000000
       13425000	      1341	80001a80	01fee0b3	or	x1,x29,x31	 x29:0x17ceca24 x31:0x00000000  x1=0x17ceca24
       13435000	      1342	80001a84	ceb57337	lui	x6,0xceb57	  x6=0xceb57000
       13445000	      1343	80001a88	00b375b3	and	x11,x6,x11	  x6:0xceb57000 x11:0x7ffbc400 x11=0x4eb14000
       13455000	      1344	80001a8c	02dc8a63	beq	x25,x13,80001ac0	 x25:0x80000000 x13:0x64c1ffff
       13465000	      1345	80001a90	02b20463	beq	x4,x11,80001ab8	  x4:0x80009f0c x11:0x4eb14000
       13475000	      1346	80001a94	015054b3	srl	x9,x0,x21	  x0:0x00000000 x21:0x80009f4c  x9=0x00000000
       13485000	      1347	80001a98	01285833	srl	x16,x16,x18	 x16:0x00000000 x18:0xfffffc81 x16=0x00000000
       13495000	      1348	80001a9c	010fb0b3	sltu	x1,x31,x16	 x31:0x00000000 x16:0x00000000  x1=0x00000000
       13505000	      1349	80001aa0	0290d463	bge	x1,x9,80001ac8	  x1:0x00000000  x9:0x00000000
       13515000	      1350	00000000	00000013	addi	x0,x0,0	  x0:0x00000000
       13525000	      1351	80001ac4	00000013	addi	x0,x0,0	  x0:0x00000000
       13535000	      1352	80001ac8	0113b7b3	sltu	x15,x7,x17	  x7:0x00000001 x17:0x759f58fc x15=0x00000001
       13545000	      1353	80001acc	1c8da193	slti	x3,x27,456	 x27:0x00000000  x3=0x00000001
       13555000	      1354	80001ad0	4174d633	sra	x12,x9,x23	  x9:0x00000000 x23:0x80009fc4 x12=0x00000000
       13565000	      1355	80001ad4	e1bd0e93	addi	x29,x26,-485	 x26:0xf8e8dfc4 x29=0xf8e8dddf
       13575000	      1356	80001ad8	00add893	srli	x17,x27,0xa	 x27:0x00000000 x17=0x00000000
       13585000	      1357	80001adc	9589a117	auipc	x2,0x9589a	  x2=0x1589bad8
       13595000	      1358	80001ae0	d206e197	auipc	x3,0xd206e	  x3=0x5206fadc
       13605000	      1359	80001ae4	be350193	addi	x3,x10,-1053	 x10:0x2525f694  x3=0x2525f277
       13615000	      1360	80001ae8	40b60333	sub	x6,x12,x11	 x12:0x00000000 x11:0x4eb14000  x6=0xb14ec000
       13625000	      1361	80001aec	b07eee93	ori	x29,x29,-1273	 x29:0xf8e8dddf x29=0xffffffdf
       13635000	      1362	80001af0	00c3fe63	bgeu	x7,x12,80001b0c	  x7:0x00000001 x12:0x00000000
       13645000	      1363	00000000	00000013	addi	x0,x0,0	  x0:0x00000000
       13655000	      1364	80001b08	00000013	addi	x0,x0,0	  x0:0x00000000
       13665000	      1365	80001b0c	3ec07e97	auipc	x29,0x3ec07	 x29=0xbec08b08
       13675000	      1366	80001b10	04ebef93	ori	x31,x23,78	 x23:0x80009fc4 x31=0x80009fce
       13685000	      1367	80001b14	2ba5cf93	xori	x31,x11,698	 x11:0x4eb14000 x31=0x4eb142ba
       13695000	      1368	80001b18	00c36f33	or	x30,x6,x12	  x6:0xb14ec000 x12:0x00000000 x30=0xb14ec000
       13705000	      1369	80001b1c	000dea33	or	x20,x27,x0	 x27:0x00000000  x0:0x00000000 x20=0x00000000
       13715000	      1370	80001b20	01867e33	and	x28,x12,x24	 x12:0x00000000 x24:0xe7cadcab x28=0x00000000
       13725000	      1371	80001b24	01911663	bne	x2,x25,80001b30	  x2:0x1589bad8 x25:0x80000000
       13735000	      1372	00000000	00000013	addi	x0,x0,0	  x0:0x00000000
       13745000	      1373	80001b2c	00000013	addi	x0,x0,0	  x0:0x00000000
       13755000	      1374	80001b30	005a4233	xor	x4,x20,x5	 x20:0x00000000  x5:0x64b98800  x4=0x64b98800
       13765000	      1375	80001b34	014c3db3	sltu	x27,x24,x20	 x24:0xe7cadcab x20:0x00000000 x27=0x00000000
       13775000	      1376	80001b38	00598833	add	x16,x19,x5	 x19:0xffffffc0  x5:0x64b98800 x16=0x64b987c0
       13785000	      1377	80001b3c	6b740b13	addi	x22,x8,1719	  x8:0x7d939000 x22=0x7d9396b7
       13795000	      1378	80001b40	a271bc17	auipc	x24,0xa271b	 x24=0x2271cb3c
       13805000	      1379	80001b44	27eb7693	andi	x13,x22,638	 x22:0x7d9396b7 x13=0x00000236
       13815000	      1380	80001b48	ca566513	ori	x10,x12,-859	 x12:0x00000000 x10=0xfffffca5
       13825000	      1381	80001b4c	e9533213	sltiu	x4,x6,-363	  x6:0xb14ec000  x4=0x00000001
       13835000	      1382	80001b50	00ff48b3	xor	x17,x30,x15	 x30:0xb14ec000 x15:0x00000001 x17=0xb14ec001
       13845000	      1383	80001b54	40b8d393	srai	x7,x17,0xb	 x17:0xb14ec001  x7=0xfff629d8
       13855000	      1384	80001b58	024aca63	blt	x21,x4,80001b8c	 x21:0x80009f4c  x4:0x00000001
       13865000	      1385	00000000	00000013	addi	x0,x0,0	  x0:0x00000000
       13875000	      1386	80001b88	00000013	addi	x0,x0,0	  x0:0x00000000
       13885000	      1387	80001b8c	021c0463	beq	x24,x1,80001bb4	 x24:0x2271cb3c  x1:0x00000000
       13895000	      1388	80001b90	58aa2413	slti	x8,x20,1418	 x20:0x00000000  x8=0x00000001
       13905000	      1389	80001b94	00000013	addi	x0,x0,0	  x0:0x00000000
       13915000	      1390	80001b98	00cea9b3	slt	x19,x29,x12	 x29:0xbec08b08 x12:0x00000000 x19=0x00000001
       13925000	      1391	80001b9c	a91d7697	auipc	x13,0xa91d7	 x13=0x291d8b98
       13935000	      1392	80001ba0	a890ed13	ori	x26,x1,-1399	  x1:0x00000000 x26=0xfffffa89
       13945000	      1393	80001ba4	019cd613	srli	x12,x25,0x19	 x25:0x80000000 x12=0x00000040
       13955000	      1394	80001ba8	01765ab3	srl	x21,x12,x23	 x12:0x00000040 x23:0x80009fc4 x21=0x00000004
       13965000	      1395	80001bac	01885293	srli	x5,x16,0x18	 x16:0x64b987c0  x5=0x00000064
       13975000	      1396	80001bb0	00000013	addi	x0,x0,0	  x0:0x00000000
       13985000	      1397	80001bb4	85df6193	ori	x3,x30,-1955	 x30:0xb14ec000  x3=0xfffff85d
       13995000	      1398	80001bb8	00000013	addi	x0,x0,0	  x0:0x00000000
       14005000	      1399	80001bbc	00711533	sll	x10,x2,x7	  x2:0x1589bad8  x7:0xfff629d8 x10=0xd8000000
       14015000	      1400	80001bc0	4ceb3e93	sltiu	x29,x22,1230	 x22:0x7d9396b7 x29=0x00000000
       14025000	      1401	80001bc4	41f75833	sra	x16,x14,x31	 x14:0x80009f4c x31:0x4eb142ba x16=0xffffffe0
       14035000	      1402	80001bc8	01193e33	sltu	x28,x18,x17	 x18:0xfffffc81 x17:0xb14ec001 x28=0x00000000
       14045000	      1403	80001bcc	01f7d0b3	srl	x1,x15,x31	 x15:0x00000001 x31:0x4eb142ba  x1=0x00000000
       14055000	      1404	80001bd0	028ad463	bge	x21,x8,80001bf8	 x21:0x00000004  x8:0x00000001
       14065000	      1405	00000000	00000013	addi	x0,x0,0	  x0:0x00000000
       14075000	      1406	80001bf4	00000013	addi	x0,x0,0	  x0:0x00000000
       14085000	      1407	80001bf8	40e7d313	srai	x6,x15,0xe	 x15:0x00000001  x6=0x00000000
       14095000	      1408	80001bfc	020df463	bgeu	x27,x0,80001c24	 x27:0x00000000  x0:0x00000000
       14105000	      1409	00000000	00000013	addi	x0,x0,0	  x0:0x00000000
       14115000	      1410	80001c20	00000013	addi	x0,x0,0	  x0:0x00000000
       14125000	      1411	80001c24	04fef463	bgeu	x29,x15,80001c6c	 x29:0x00000000 x15:0x00000001
       14135000	      1412	80001c28	00e5ceb3	xor	x29,x11,x14	 x11:0x4eb14000 x14:0x80009f4c x29=0xceb1df4c
       14145000	      1413	80001c2c	413d5eb3	sra	x29,x26,x19	 x26:0xfffffa89 x19:0x00000001 x29=0xfffffd44
       14155000	      1414	80001c30	ef6df393	andi	x7,x27,-266	 x27:0x00000000  x7=0x00000000
       14165000	      1415	80001c34	00000013	addi	x0,x0,0	  x0:0x00000000
       14175000	      1416	80001c38	00b69633	sll	x12,x13,x11	 x13:0x291d8b98 x11:0x4eb14000 x12=0x291d8b98
       14185000	      1417	80001c3c	00758233	add	x4,x11,x7	 x11:0x4eb14000  x7:0x00000000  x4=0x4eb14000
       14195000	      1418	80001c40	00c31433	sll	x8,x6,x12	  x6:0x00000000 x12:0x291d8b98  x8=0x00000000
       14205000	      1419	80001c44	020f6a63	bltu	x30,x0,80001c78	 x30:0xb14ec000  x0:0x00000000
       14215000	      1420	80001c48	05fa8863	beq	x21,x31,80001c98	 x21:0x00000004 x31:0x4eb142ba
       14225000	      1421	80001c4c	0246f463	bgeu	x13,x4,80001c74	 x13:0x291d8b98  x4:0x4eb14000
       14235000	      1422	80001c50	002ab233	sltu	x4,x21,x2	 x21:0x00000004  x2:0x1589bad8  x4=0x00000001
       14245000	      1423	80001c54	03b54663	blt	x10,x27,80001c80	 x10:0xd8000000 x27:0x00000000
       14255000	      1424	00000000	00000013	addi	x0,x0,0	  x0:0x00000000
       14265000	      1425	80001c7c	00000013	addi	x0,x0,0	  x0:0x00000000
       14275000	      1426	80001c80	86038193	addi	x3,x7,-1952	  x7:0x00000000  x3=0xfffff860
       14285000	      1427	80001c84	01ad6fb3	or	x31,x26,x26	 x26:0xfffffa89 x26:0xfffffa89 x31=0xfffffa89
       14295000	      1428	80001c88	d854b693	sltiu	x13,x9,-635	  x9:0x00000000 x13=0x00000001
       14305000	      1429	80001c8c	00000013	addi	x0,x0,0	  x0:0x00000000
       14315000	      1430	80001c90	4110d433	sra	x8,x1,x17	  x1:0x00000000 x17:0xb14ec001  x8=0x00000000
       14325000	      1431	80001c94	00ead8b3	srl	x17,x21,x14	 x21:0x00000004 x14:0x80009f4c x17=0x00000000
       14335000	      1432	80001c98	f6a5b293	sltiu	x5,x11,-150	 x11:0x4eb14000  x5=0x00000001
       14345000	      1433	80001c9c	030c9a63	bne	x25,x16,80001cd0	 x25:0x80000000 x16:0xffffffe0
       14355000	      1434	00000000	00000013	addi	x0,x0,0	  x0:0x00000000
       14365000	      1435	80001ccc	00000013	addi	x0,x0,0	  x0:0x00000000
       14375000	      1436	80001cd0	d48cf693	andi	x13,x25,-696	 x25:0x80000000 x13=0x80000000
       14385000	      1437	80001cd4	023b5063	bge	x22,x3,80001cf4	 x22:0x7d9396b7  x3:0xfffff860
       14395000	      1438	00000000	00000013	addi	x0,x0,0	  x0:0x00000000
       14405000	      1439	80001cf0	00000013	addi	x0,x0,0	  x0:0x00000000
       14415000	      1440	80001cf4	02376e63	bltu	x14,x3,80001d30	 x14:0x80009f4c  x3:0xfffff860
       14425000	      1441	00000000	00000013	addi	x0,x0,0	  x0:0x00000000
       14435000	      1442	80001d2c	00000013	addi	x0,x0,0	  x0:0x00000000
       14445000	      1443	80001d30	7c71b393	sltiu	x7,x3,1991	  x3:0xfffff860  x7=0x00000000
       14455000	      1444	80001d34	401dd233	sra	x4,x27,x1	 x27:0x00000000  x1:0x00000000  x4=0x00000000
       14465000	      1445	80001d38	0090bb33	sltu	x22,x1,x9	  x1:0x00000000  x9:0x00000000 x22=0x00000000
       14475000	      1446	80001d3c	0170deb3	srl	x29,x1,x23	  x1:0x00000000 x23:0x80009fc4 x29=0x00000000
       14485000	      1447	80001d40	00220a63	beq	x4,x2,80001d54	  x4:0x00000000  x2:0x1589bad8
       14495000	      1448	80001d44	00a019b3	sll	x19,x0,x10	  x0:0x00000000 x10:0xd8000000 x19=0x00000000
       14505000	      1449	80001d48	01c085b3	add	x11,x1,x28	  x1:0x00000000 x28:0x00000000 x11=0x00000000
       14515000	      1450	80001d4c	04279863	bne	x15,x2,80001d9c	 x15:0x00000001  x2:0x1589bad8
       14525000	      1451	00000000	00000013	addi	x0,x0,0	  x0:0x00000000
       14535000	      1452	80001d98	00000013	addi	x0,x0,0	  x0:0x00000000
       14545000	      1453	80001d9c	248df693	andi	x13,x27,584	 x27:0x00000000 x13=0x00000000
       14555000	      1454	80001da0	506d3197	auipc	x3,0x506d3	  x3=0xd06d4d9c
       14565000	      1455	80001da4	002a7a63	bgeu	x20,x2,80001db8	 x20:0x00000000  x2:0x1589bad8
       14575000	      1456	80001da8	41fed293	srai	x5,x29,0x1f	 x29:0x00000000  x5=0x00000000
       14585000	      1457	80001dac	1273b993	sltiu	x19,x7,295	  x7:0x00000000 x19=0x00000001
       14595000	      1458	80001db0	05b39063	bne	x7,x27,80001df0	  x7:0x00000000 x27:0x00000000
       14605000	      1459	80001db4	01fe8a63	beq	x29,x31,80001dc8	 x29:0x00000000 x31:0xfffffa89
       14615000	      1460	80001db8	dda96b13	ori	x22,x18,-550	 x18:0xfffffc81 x22=0xfffffddb
       14625000	      1461	80001dbc	0093d133	srl	x2,x7,x9	  x7:0x00000000  x9:0x00000000  x2=0x00000000
       14635000	      1462	80001dc0	010a1613	slli	x12,x20,0x10	 x20:0x00000000 x12=0x00000000
       14645000	      1463	80001dc4	03006263	bltu	x0,x16,80001de8	  x0:0x00000000 x16:0xffffffe0
       14655000	      1464	00000000	00000013	addi	x0,x0,0	  x0:0x00000000
       14665000	      1465	80001de4	00000013	addi	x0,x0,0	  x0:0x00000000
       14675000	      1466	80001de8	14e1b4b7	lui	x9,0x14e1b	  x9=0x14e1b000
       14685000	      1467	80001dec	0037b6b3	sltu	x13,x15,x3	 x15:0x00000001  x3:0xd06d4d9c x13=0x00000001
       14695000	      1468	80001df0	01945093	srli	x1,x8,0x19	  x8:0x00000000  x1=0x00000000
       14705000	      1469	80001df4	00dd8ab3	add	x21,x27,x13	 x27:0x00000000 x13:0x00000001 x21=0x00000001
       14715000	      1470	80001df8	1838ad13	slti	x26,x17,387	 x17:0x00000000 x26=0x00000001
       14725000	      1471	80001dfc	00006417	auipc	x8,0x6	  x8=0x80007df8
       14735000	      1472	80001e00	46f40413	addi	x8,x8,1135	  x8:0x80007df8  x8=0x80008267
       14745000	      1473	80001e04	f63418a3	sh	x3,-143(x8)	  x8:0x80008267  x3:0xd06d4d9c PA:0x800081d8
       14755000	      1474	80001e08	f7140c03	lb	x24,-143(x8)	  x8:0x80008267 x24=0xffffff9c PA:0x800081d8
       14765000	      1475	80001e0c	00d26133	or	x2,x4,x13	  x4:0x00000000 x13:0x00000001  x2=0x00000001
       14775000	      1476	80001e10	f7142783	lw	x15,-143(x8)	  x8:0x80008267 x15=0x90914d9c PA:0x800081d8
       14785000	      1477	80001e14	f7140b03	lb	x22,-143(x8)	  x8:0x80008267 x22=0xffffff9c PA:0x800081d8
       14795000	      1478	80001e18	c5adad13	slti	x26,x27,-934	 x27:0x00000000 x26=0x00000000
       14805000	      1479	80001e1c	f7140783	lb	x15,-143(x8)	  x8:0x80008267 x15=0xffffff9c PA:0x800081d8
       14815000	      1480	80001e20	f7144f03	lbu	x30,-143(x8)	  x8:0x80008267 x30=0x0000009c PA:0x800081d8
       14825000	      1481	80001e24	f7141b03	lh	x22,-143(x8)	  x8:0x80008267 x22=0x00004d9c PA:0x800081d8
       14835000	      1482	80001e28	f7144103	lbu	x2,-143(x8)	  x8:0x80008267  x2=0x0000009c PA:0x800081d8
       14845000	      1483	80001e2c	5ec8bf93	sltiu	x31,x17,1516	 x17:0x00000000 x31=0x00000001
       14855000	      1484	80001e30	41b20d33	sub	x26,x4,x27	  x4:0x00000000 x27:0x00000000 x26=0x00000000
       14865000	      1485	80001e34	f7144303	lbu	x6,-143(x8)	  x8:0x80008267  x6=0x0000009c PA:0x800081d8
       14875000	      1486	80001e38	f67418a3	sh	x7,-143(x8)	  x8:0x80008267  x7:0x00000000 PA:0x800081d8
       14885000	      1487	80001e3c	00000013	addi	x0,x0,0	  x0:0x00000000
       14895000	      1488	80001e40	41c0d013	srai	x0,x1,0x1c	  x1:0x00000000
       14905000	      1489	80001e44	019023b3	slt	x7,x0,x25	  x0:0x00000000 x25:0x80000000  x7=0x00000000
       14915000	      1490	80001e48	01622933	slt	x18,x4,x22	  x4:0x00000000 x22:0x00004d9c x18=0x00000001
       14925000	      1491	80001e4c	0030edb3	or	x27,x1,x3	  x1:0x00000000  x3:0xd06d4d9c x27=0xd06d4d9c
       14935000	      1492	80001e50	01eacd33	xor	x26,x21,x30	 x21:0x00000001 x30:0x0000009c x26=0x0000009d
       14945000	      1493	80001e54	05837863	bgeu	x6,x24,80001ea4	  x6:0x0000009c x24:0xffffff9c
       14955000	      1494	80001e58	0829fd37	lui	x26,0x829f	 x26=0x0829f000
       14965000	      1495	80001e5c	41e1ddb3	sra	x27,x3,x30	  x3:0xd06d4d9c x30:0x0000009c x27=0xfffffffd
       14975000	      1496	80001e60	4d75e013	ori	x0,x11,1239	 x11:0x00000000
       14985000	      1497	80001e64	41995633	sra	x12,x18,x25	 x18:0x00000001 x25:0x80000000 x12=0x00000001
       14995000	      1498	80001e68	20c68793	addi	x15,x13,524	 x13:0x00000001 x15=0x0000020d
       15005000	      1499	80001e6c	0097f7b3	and	x15,x15,x9	 x15:0x0000020d  x9:0x14e1b000 x15=0x00000000
       15015000	      1500	80001e70	00248d33	add	x26,x9,x2	  x9:0x14e1b000  x2:0x0000009c x26=0x14e1b09c
       15025000	      1501	80001e74	0017ea63	bltu	x15,x1,80001e88	 x15:0x00000000  x1:0x00000000
       15035000	      1502	80001e78	01c80ab3	add	x21,x16,x28	 x16:0xffffffe0 x28:0x00000000 x21=0xffffffe0
       15045000	      1503	80001e7c	04301463	bne	x0,x3,80001ec4	  x0:0x00000000  x3:0xd06d4d9c
       15055000	      1504	00000000	00000013	addi	x0,x0,0	  x0:0x00000000
       15065000	      1505	80001ec0	00000013	addi	x0,x0,0	  x0:0x00000000
       15075000	      1506	80001ec4	8249fc13	andi	x24,x19,-2012	 x19:0x00000001 x24=0x00000000
       15085000	      1507	80001ec8	00dae633	or	x12,x21,x13	 x21:0xffffffe0 x13:0x00000001 x12=0xffffffe1
       15095000	      1508	80001ecc	a36e7a13	andi	x20,x28,-1482	 x28:0x00000000 x20=0x00000000
       15105000	      1509	80001ed0	012033b3	sltu	x7,x0,x18	  x0:0x00000000 x18:0x00000001  x7=0x00000001
       15115000	      1510	80001ed4	41005ab3	sra	x21,x0,x16	  x0:0x00000000 x16:0xffffffe0 x21=0x00000000
       15125000	      1511	80001ed8	00f803b3	add	x7,x16,x15	 x16:0xffffffe0 x15:0x00000000  x7=0xffffffe0
       15135000	      1512	80001edc	bea03393	sltiu	x7,x0,-1046	  x0:0x00000000  x7=0x00000001
       15145000	      1513	80001ee0	01b4c663	blt	x9,x27,80001eec	  x9:0x14e1b000 x27:0xfffffffd
       15155000	      1514	80001ee4	00b9c663	blt	x19,x11,80001ef0	 x19:0x00000001 x11:0x00000000
       15165000	      1515	80001ee8	41f20033	sub	x0,x4,x31	  x4:0x00000000 x31:0x00000001
       15175000	      1516	80001eec	408882b3	sub	x5,x17,x8	 x17:0x00000000  x8:0x80008267  x5=0x7fff7d99
       15185000	      1517	80001ef0	02ca9a63	bne	x21,x12,80001f24	 x21:0x00000000 x12:0xffffffe1
       15195000	      1518	00000000	00000013	addi	x0,x0,0	  x0:0x00000000
       15205000	      1519	80001f20	00000013	addi	x0,x0,0	  x0:0x00000000
       15215000	      1520	80001f24	1a053693	sltiu	x13,x10,416	 x10:0xd8000000 x13=0x00000000
       15225000	      1521	80001f28	408bdc13	srai	x24,x23,0x8	 x23:0x80009fc4 x24=0xff80009f
       15235000	      1522	80001f2c	01d1e6b3	or	x13,x3,x29	  x3:0xd06d4d9c x29:0x00000000 x13=0xd06d4d9c
       15245000	      1523	80001f30	41c854b3	sra	x9,x16,x28	 x16:0xffffffe0 x28:0x00000000  x9=0xffffffe0
       15255000	      1524	80001f34	00000013	addi	x0,x0,0	  x0:0x00000000
       15265000	      1525	80001f38	000d9e63	bne	x27,x0,80001f54	 x27:0xfffffffd  x0:0x00000000
       15275000	      1526	00000000	00000013	addi	x0,x0,0	  x0:0x00000000
       15285000	      1527	80001f50	00000013	addi	x0,x0,0	  x0:0x00000000
       15295000	      1528	80001f54	a8ada913	slti	x18,x27,-1398	 x27:0xfffffffd x18=0x00000000
       15305000	      1529	80001f58	00d2aab3	slt	x21,x5,x13	  x5:0x7fff7d99 x13:0xd06d4d9c x21=0x00000000
       15315000	      1530	80001f5c	0054ce33	xor	x28,x9,x5	  x9:0xffffffe0  x5:0x7fff7d99 x28=0x80008279
       15325000	      1531	80001f60	02acd663	bge	x25,x10,80001f8c	 x25:0x80000000 x10:0xd8000000
       15335000	      1532	80001f64	00000013	addi	x0,x0,0	  x0:0x00000000
       15345000	      1533	80001f68	00b15793	srli	x15,x2,0xb	  x2:0x0000009c x15=0x00000000
       15355000	      1534	80001f6c	00000013	addi	x0,x0,0	  x0:0x00000000
       15365000	      1535	80001f70	1aaef213	andi	x4,x29,426	 x29:0x00000000  x4=0x00000000
       15375000	      1536	80001f74	038e6463	bltu	x28,x24,80001f9c	 x28:0x80008279 x24:0xff80009f
       15385000	      1537	00000000	00000013	addi	x0,x0,0	  x0:0x00000000
       15395000	      1538	80001f98	00000013	addi	x0,x0,0	  x0:0x00000000
       15405000	      1539	80001f9c	00340433	add	x8,x8,x3	  x8:0x80008267  x3:0xd06d4d9c  x8=0x506dd003
       15415000	      1540	80001fa0	c1c1f513	andi	x10,x3,-996	  x3:0xd06d4d9c x10=0xd06d4c1c
       15425000	      1541	80001fa4	00b3d413	srli	x8,x7,0xb	  x7:0x00000001  x8=0x00000000
       15435000	      1542	80001fa8	10703293	sltiu	x5,x0,263	  x0:0x00000000  x5=0x00000001
       15445000	      1543	80001fac	0112bc33	sltu	x24,x5,x17	  x5:0x00000001 x17:0x00000000 x24=0x00000000
       15455000	      1544	80001fb0	041d1263	bne	x26,x1,80001ff4	 x26:0x14e1b09c  x1:0x00000000
       15465000	      1545	00000000	00000013	addi	x0,x0,0	  x0:0x00000000
       15475000	      1546	80001ff0	00000013	addi	x0,x0,0	  x0:0x00000000
       15485000	      1547	80001ff4	00000013	addi	x0,x0,0	  x0:0x00000000
       15495000	      1548	80001ff8	80277213	andi	x4,x14,-2046	 x14:0x80009f4c  x4=0x80009800
       15505000	      1549	80001ffc	00472f83	lw	x31,4(x14)	 x14:0x80009f4c x31=0x80002064 PA:0x80009f50
       15515000	      1550	80002000	02870713	addi	x14,x14,40	 x14:0x80009f4c x14=0x80009f74
       15525000	      1551	80002004	00c18033	add	x0,x3,x12	  x3:0xd06d4d9c x12:0xffffffe1
       15535000	      1552	80002008	00751913	slli	x18,x10,0x7	 x10:0xd06d4c1c x18=0x36a60e00
       15545000	      1553	8000200c	010780b3	add	x1,x15,x16	 x15:0x00000000 x16:0xffffffe0  x1=0xffffffe0
       15555000	      1554	80002010	001f8e13	addi	x28,x31,1	 x31:0x80002064 x28=0x80002065
       15565000	      1555	80002014	000e0e67	jalr	x28,x28,0	 x28:0x80002065 x28=0x80002014
       15575000	      1556	00000000	00000013	addi	x0,x0,0	  x0:0x00000000
       15585000	      1557	80002064	00000013	addi	x0,x0,0	  x0:0x00000000
       15595000	      1558	80002068	c3236b13	ori	x22,x6,-974	  x6:0x0000009c x22=0xfffffcbe
       15605000	      1559	8000206c	028d0c63	beq	x26,x8,800020a4	 x26:0x14e1b09c  x8:0x00000000
       15615000	      1560	80002070	00a74463	blt	x14,x10,80002078	 x14:0x80009f74 x10:0xd06d4c1c
       15625000	      1561	00000000	00000013	addi	x0,x0,0	  x0:0x00000000
       15635000	      1562	80002074	00000013	addi	x0,x0,0	  x0:0x00000000
       15645000	      1563	80002078	04e26313	ori	x6,x4,78	  x4:0x80009800  x6=0x8000984e
       15655000	      1564	8000207c	013e1233	sll	x4,x28,x19	 x28:0x80002014 x19:0x00000001  x4=0x00004028
       15665000	      1565	80002080	41585f93	srai	x31,x16,0x15	 x16:0xffffffe0 x31=0xffffffff
       15675000	      1566	80002084	00000013	addi	x0,x0,0	  x0:0x00000000
       15685000	      1567	80002088	01ca0463	beq	x20,x28,80002090	 x20:0x00000000 x28:0x80002014
       15695000	      1568	8000208c	01e4a5b3	slt	x11,x9,x30	  x9:0xffffffe0 x30:0x0000009c x11=0x00000001
       15705000	      1569	80002090	00938a63	beq	x7,x9,800020a4	  x7:0x00000001  x9:0xffffffe0
       15715000	      1570	80002094	00e293b3	sll	x7,x5,x14	  x5:0x00000001 x14:0x80009f74  x7=0x00100000
       15725000	      1571	80002098	00000013	addi	x0,x0,0	  x0:0x00000000
       15735000	      1572	8000209c	001cddb3	srl	x27,x25,x1	 x25:0x80000000  x1:0xffffffe0 x27=0x80000000
       15745000	      1573	800020a0	00745263	bge	x8,x7,800020a4	  x8:0x00000000  x7:0x00100000
       15755000	      1574	800020a4	006af333	and	x6,x21,x6	 x21:0x00000000  x6:0x8000984e  x6=0x00000000
       15765000	      1575	800020a8	00843eb3	sltu	x29,x8,x8	  x8:0x00000000  x8:0x00000000 x29=0x00000000
       15775000	      1576	800020ac	00472f83	lw	x31,4(x14)	 x14:0x80009f74 x31=0x80000154 PA:0x80009f78
       15785000	      1577	800020b0	d1176e93	ori	x29,x14,-751	 x14:0x80009f74 x29=0xffffff75
       15795000	      1578	800020b4	476de293	ori	x5,x27,1142	 x27:0x80000000  x5=0x80000476
       15805000	      1579	800020b8	01070713	addi	x14,x14,16	 x14:0x80009f74 x14=0x80009f84
       15815000	      1580	800020bc	41c05313	srai	x6,x0,0x1c	  x0:0x00000000  x6=0x00000000
       15825000	      1581	800020c0	00de4033	xor	x0,x28,x13	 x28:0x80002014 x13:0xd06d4d9c
       15835000	      1582	800020c4	001f8313	addi	x6,x31,1	 x31:0x80000154  x6=0x80000155
       15845000	      1583	800020c8	00030367	jalr	x6,x6,0	  x6:0x80000155  x6=0x800020c8
       15855000	      1584	00000000	00000013	addi	x0,x0,0	  x0:0x00000000
       15865000	      1585	80000154	00000013	addi	x0,x0,0	  x0:0x00000000
       15875000	      1586	80000158	00009c17	auipc	x24,0x9	 x24=0x80009154
       15885000	      1587	8000015c	b53c0c13	addi	x24,x24,-1197	 x24:0x80009154 x24=0x80008ca7
       15895000	      1588	80000160	fc2c4383	lbu	x7,-62(x24)	 x24:0x80008ca7  x7=0x00000052 PA:0x80008c69
       15905000	      1589	80000164	001c0a03	lb	x20,1(x24)	 x24:0x80008ca7 x20=0xffffff93 PA:0x80008ca8
       15915000	      1590	80000168	00009917	auipc	x18,0x9	 x18=0x80009164
       15925000	      1591	8000016c	d2f90913	addi	x18,x18,-721	 x18:0x80009164 x18=0x80008e93
       15935000	      1592	80000170	02390423	sb	x3,40(x18)	 x18:0x80008e93  x3:0xd06d4d9c PA:0x80008ebb
       15945000	      1593	80000174	fe3c1583	lh	x11,-29(x24)	 x24:0x80008ca7 x11=0x00007071 PA:0x80008c8a
       15955000	      1594	80000178	fda90d83	lb	x27,-38(x18)	 x18:0x80008e93 x27=0x00000056 PA:0x80008e6d
       15965000	      1595	8000017c	019c5283	lhu	x5,25(x24)	 x24:0x80008ca7  x5=0x000043ab PA:0x80008cc0
       15975000	      1596	80000180	fca919a3	sh	x10,-45(x18)	 x18:0x80008e93 x10:0xd06d4c1c PA:0x80008e66
       15985000	      1597	80000184	039c0323	sb	x25,38(x24)	 x24:0x80008ca7 x25:0x80000000 PA:0x80008ccd
       15995000	      1598	80000188	00dc2e03	lw	x28,13(x24)	 x24:0x80008ca7 x28=0x9c9d9e9f PA:0x80008cb4
       16005000	      1599	8000018c	fddc1803	lh	x16,-35(x24)	 x24:0x80008ca7 x16=0x00006e6f PA:0x80008c84
       16015000	      1600	80000190	fdec0523	sb	x30,-54(x24)	 x24:0x80008ca7 x30:0x0000009c PA:0x80008c71
       16025000	      1601	80000194	fd290c23	sb	x18,-40(x18)	 x18:0x80008e93 x18:0x80008e93 PA:0x80008e6b
       16035000	      1602	80000198	fcb90e23	sb	x11,-36(x18)	 x18:0x80008e93 x11:0x00007071 PA:0x80008e6f
       16045000	      1603	8000019c	ffa911a3	sh	x26,-29(x18)	 x18:0x80008e93 x26:0x14e1b09c PA:0x80008e76
       16055000	      1604	800001a0	fc4c0683	lb	x13,-60(x24)	 x24:0x80008ca7 x13=0x00000050 PA:0x80008c6b
       16065000	      1605	800001a4	008c01a3	sb	x8,3(x24)	 x24:0x80008ca7  x8:0x00000000 PA:0x80008caa
       16075000	      1606	800001a8	00008f97	auipc	x31,0x8	 x31=0x800081a4
       16085000	      1607	800001ac	0d1f8f93	addi	x31,x31,209	 x31:0x800081a4 x31=0x80008275
       16095000	      1608	800001b0	fe8f8b23	sb	x8,-10(x31)	 x31:0x80008275  x8:0x00000000 PA:0x8000826b
       16105000	      1609	800001b4	ffcf8b23	sb	x28,-10(x31)	 x31:0x80008275 x28:0x9c9d9e9f PA:0x8000826b
       16115000	      1610	800001b8	ff6f8303	lb	x6,-10(x31)	 x31:0x80008275  x6=0xffffff9f PA:0x8000826b
       16125000	      1611	800001bc	01879013	slli	x0,x15,0x18	 x15:0x00000000
       16135000	      1612	800001c0	ff6f8b23	sb	x22,-10(x31)	 x31:0x80008275 x22:0xfffffcbe PA:0x8000826b
       16145000	      1613	800001c4	a6f17093	andi	x1,x2,-1425	  x2:0x0000009c  x1=0x0000000c
       16155000	      1614	800001c8	e8926d13	ori	x26,x4,-375	  x4:0x00004028 x26=0xfffffea9
       16165000	      1615	800001cc	ff6fc803	lbu	x16,-10(x31)	 x31:0x80008275 x16=0x000000be PA:0x8000826b
       16175000	      1616	800001d0	ff6f8303	lb	x6,-10(x31)	 x31:0x80008275  x6=0xffffffbe PA:0x8000826b
       16185000	      1617	800001d4	ff6fc203	lbu	x4,-10(x31)	 x31:0x80008275  x4=0x000000be PA:0x8000826b
       16195000	      1618	800001d8	ff6fc103	lbu	x2,-10(x31)	 x31:0x80008275  x2=0x000000be PA:0x8000826b
       16205000	      1619	800001dc	6f872693	slti	x13,x14,1784	 x14:0x80009f84 x13=0x00000001
       16215000	      1620	800001e0	ff6f8683	lb	x13,-10(x31)	 x31:0x80008275 x13=0xffffffbe PA:0x8000826b
       16225000	      1621	800001e4	ff6fc283	lbu	x5,-10(x31)	 x31:0x80008275  x5=0x000000be PA:0x8000826b
       16235000	      1622	800001e8	fe3f8b23	sb	x3,-10(x31)	 x31:0x80008275  x3:0xd06d4d9c PA:0x8000826b
       16245000	      1623	800001ec	ff6f8403	lb	x8,-10(x31)	 x31:0x80008275  x8=0xffffff9c PA:0x8000826b
       16255000	      1624	800001f0	ff6fc403	lbu	x8,-10(x31)	 x31:0x80008275  x8=0x0000009c PA:0x8000826b
       16265000	      1625	800001f4	00000013	addi	x0,x0,0	  x0:0x00000000
       16275000	      1626	800001f8	db84b913	sltiu	x18,x9,-584	  x9:0xffffffe0 x18=0x00000000
       16285000	      1627	800001fc	fedf8b23	sb	x13,-10(x31)	 x31:0x80008275 x13:0xffffffbe PA:0x8000826b
       16295000	      1628	80000200	ff6fcc03	lbu	x24,-10(x31)	 x31:0x80008275 x24=0x000000be PA:0x8000826b
       16305000	      1629	00000000	00000013	addi	x0,x0,0	  x0:0x00000000
       16315000	      1630	80000204	01859d13	slli	x26,x11,0x18	 x11:0x00007071 x26=0x71000000
       16325000	      1631	80000208	ff6fc183	lbu	x3,-10(x31)	 x31:0x80008275  x3=0x000000be PA:0x8000826b
       16335000	      1632	8000020c	ff6fc503	lbu	x10,-10(x31)	 x31:0x80008275 x10=0x000000be PA:0x8000826b
       16345000	      1633	80000210	00008117	auipc	x2,0x8	  x2=0x8000820c
       16355000	      1634	80000214	f6410113	addi	x2,x2,-156	  x2:0x8000820c  x2=0x80008170
       16365000	      1635	80000218	06811423	sh	x8,104(x2)	  x2:0x80008170  x8:0x0000009c PA:0x800081d8
       16375000	      1636	8000021c	f2510303	lb	x6,-219(x2)	  x2:0x80008170  x6=0x0000004e PA:0x80008095
       16385000	      1637	80000220	01bb9893	slli	x17,x23,0x1b	 x23:0x80009fc4 x17=0x20000000
       16395000	      1638	80000224	37f11323	sh	x31,870(x2)	  x2:0x80008170 x31:0x80008275 PA:0x800084d6
       16405000	      1639	80000228	63e15883	lhu	x17,1598(x2)	  x2:0x80008170 x17=0x00006465 PA:0x800087ae
       16415000	      1640	8000022c	006004b3	add	x9,x0,x6	  x0:0x00000000  x6:0x0000004e  x9=0x0000004e
       16425000	      1641	80000230	00de53b3	srl	x7,x28,x13	 x28:0x9c9d9e9f x13:0xffffffbe  x7=0x00000002
       16435000	      1642	80000234	f4a15883	lhu	x17,-182(x2)	  x2:0x80008170 x17=0x00007071 PA:0x800080ba
       16445000	      1643	80000238	11b14a03	lbu	x20,283(x2)	  x2:0x80008170 x20=0x00000040 PA:0x8000828b
       16455000	      1644	8000023c	00820633	add	x12,x4,x8	  x4:0x000000be  x8:0x0000009c x12=0x0000015a
       16465000	      1645	80000240	0eb10303	lb	x6,235(x2)	  x2:0x80008170  x6=0x00000010 PA:0x8000825b
       16475000	      1646	80000244	f6410f23	sb	x4,-130(x2)	  x2:0x80008170  x4:0x000000be PA:0x800080ee
       16485000	      1647	80000248	36a14383	lbu	x7,874(x2)	  x2:0x80008170  x7=0x00000091 PA:0x800084da
       16495000	      1648	8000024c	f00be897	auipc	x17,0xf00be	 x17=0x700be248
       16505000	      1649	80000250	10714083	lbu	x1,263(x2)	  x2:0x80008170  x1=0x0000002c PA:0x80008277
       16515000	      1650	80000254	39a14d83	lbu	x27,922(x2)	  x2:0x80008170 x27=0x000000c1 PA:0x8000850a
       16525000	      1651	80000258	69810e23	sb	x24,1692(x2)	  x2:0x80008170 x24:0x000000be PA:0x8000880c
       16535000	      1652	8000025c	40514603	lbu	x12,1029(x2)	  x2:0x80008170 x12=0x0000002e PA:0x80008575
       16545000	      1653	80000260	f5e14e03	lbu	x28,-162(x2)	  x2:0x80008170 x28=0x00000085 PA:0x800080ce
       16555000	      1654	80000264	22510203	lb	x4,549(x2)	  x2:0x80008170  x4=0x0000004e PA:0x80008395
       16565000	      1655	80000268	10a16693	ori	x13,x2,266	  x2:0x80008170 x13=0x8000817a
       16575000	      1656	8000026c	a8303c13	sltiu	x24,x0,-1405	  x0:0x00000000 x24=0x00000001
       16585000	      1657	80000270	fa2108a3	sb	x2,-79(x2)	  x2:0x80008170  x2:0x80008170 PA:0x80008121
       16595000	      1658	80000274	004d5e93	srli	x29,x26,0x4	 x26:0x71000000 x29=0x07100000
       16605000	      1659	80000278	134d0993	addi	x19,x26,308	 x26:0x71000000 x19=0x71000134
       16615000	      1660	8000027c	41ef86b3	sub	x13,x31,x30	 x31:0x80008275 x30:0x0000009c x13=0x800081d9
       16625000	      1661	80000280	00000013	addi	x0,x0,0	  x0:0x00000000
       16635000	      1662	80000284	56c11003	lh	x0,1388(x2)	  x2:0x80008170 PA:0x800086dc
       16645000	      1663	80000288	b7732e13	slti	x28,x6,-1161	  x6:0x00000010 x28=0x00000000
       16655000	      1664	8000028c	288102a3	sb	x8,645(x2)	  x2:0x80008170  x8:0x0000009c PA:0x800083f5
       16665000	      1665	80000290	0165a533	slt	x10,x11,x22	 x11:0x00007071 x22:0xfffffcbe x10=0x00000000
       16675000	      1666	80000294	dbebfa13	andi	x20,x23,-578	 x23:0x80009fc4 x20=0x80009d84
       16685000	      1667	80000298	00bb62b3	or	x5,x22,x11	 x22:0xfffffcbe x11:0x00007071  x5=0xfffffcff
       16695000	      1668	8000029c	16c10a83	lb	x21,364(x2)	  x2:0x80008170 x21=0xffffff97 PA:0x800082dc
       16705000	      1669	800002a0	0031dc13	srli	x24,x3,0x3	  x3:0x000000be x24=0x00000017
       16715000	      1670	800002a4	01873233	sltu	x4,x14,x24	 x14:0x80009f84 x24:0x00000017  x4=0x00000000
       16725000	      1671	800002a8	2b812203	lw	x4,696(x2)	  x2:0x80008170  x4=0xe0e1e2e3 PA:0x80008428
       16735000	      1672	800002ac	53215583	lhu	x11,1330(x2)	  x2:0x80008170 x11=0x00005859 PA:0x800086a2
       16745000	      1673	800002b0	00ef78b3	and	x17,x30,x14	 x30:0x0000009c x14:0x80009f84 x17=0x00000084
       16755000	      1674	800002b4	5b914f83	lbu	x31,1465(x2)	  x2:0x80008170 x31=0x000000e2 PA:0x80008729
       16765000	      1675	800002b8	003f4eb3	xor	x29,x30,x3	 x30:0x0000009c  x3:0x000000be x29=0x00000022
       16775000	      1676	800002bc	30c95337	lui	x6,0x30c95	  x6=0x30c95000
       16785000	      1677	800002c0	01063f33	sltu	x30,x12,x16	 x12:0x0000002e x16:0x000000be x30=0x00000001
       16795000	      1678	800002c4	c9b72e13	slti	x28,x14,-869	 x14:0x80009f84 x28=0x00000001
       16805000	      1679	800002c8	f6a14983	lbu	x19,-150(x2)	  x2:0x80008170 x19=0x00000091 PA:0x800080da
       16815000	      1680	800002cc	d41bb013	sltiu	x0,x23,-703	 x23:0x80009fc4
       16825000	      1681	800002d0	69314583	lbu	x11,1683(x2)	  x2:0x80008170 x11=0x000000b8 PA:0x80008803
       16835000	      1682	800002d4	45110583	lb	x11,1105(x2)	  x2:0x80008170 x11=0x0000007a PA:0x800085c1
       16845000	      1683	800002d8	5f0101a3	sb	x16,1507(x2)	  x2:0x80008170 x16:0x000000be PA:0x80008753
       16855000	      1684	800002dc	06110483	lb	x9,97(x2)	  x2:0x80008170  x9=0xffffff8a PA:0x800081d1
       16865000	      1685	800002e0	cee23a93	sltiu	x21,x4,-786	  x4:0xe0e1e2e3 x21=0x00000001
       16875000	      1686	800002e4	11e10683	lb	x13,286(x2)	  x2:0x80008170 x13=0x00000045 PA:0x8000828e
       16885000	      1687	800002e8	5aa14c03	lbu	x24,1450(x2)	  x2:0x80008170 x24=0x000000d1 PA:0x8000871a
       16895000	      1688	800002ec	00627633	and	x12,x4,x6	  x4:0xe0e1e2e3  x6:0x30c95000 x12=0x20c14000
       16905000	      1689	800002f0	55044413	xori	x8,x8,1360	  x8:0x0000009c  x8=0x000005cc
       16915000	      1690	800002f4	11814283	lbu	x5,280(x2)	  x2:0x80008170  x5=0x00000043 PA:0x80008288
       16925000	      1691	800002f8	0194e663	bltu	x9,x25,80000304	  x9:0xffffff8a x25:0x80000000
       16935000	      1692	800002fc	0124d333	srl	x6,x9,x18	  x9:0xffffff8a x18:0x00000000  x6=0xffffff8a
       16945000	      1693	80000300	0367e863	bltu	x15,x22,80000330	 x15:0x00000000 x22:0xfffffcbe
       16955000	      1694	00000000	00000013	addi	x0,x0,0	  x0:0x00000000
       16965000	      1695	8000032c	00000013	addi	x0,x0,0	  x0:0x00000000
       16975000	      1696	80000330	ce935f37	lui	x30,0xce935	 x30=0xce935000
       16985000	      1697	80000334	00af9793	slli	x15,x31,0xa	 x31:0x000000e2 x15=0x00038800
       16995000	      1698	80000338	01fdd4b3	srl	x9,x27,x31	 x27:0x000000c1 x31:0x000000e2  x9=0x00000030
       17005000	      1699	8000033c	1c710813	addi	x16,x2,455	  x2:0x80008170 x16=0x80008337
       17015000	      1700	80000340	a373ea93	ori	x21,x7,-1481	  x7:0x00000091 x21=0xfffffab7
       17025000	      1701	80000344	6debcf93	xori	x31,x23,1758	 x23:0x80009fc4 x31=0x8000991a
       17035000	      1702	80000348	00002a17	auipc	x20,0x2	 x20=0x80002344
       17045000	      1703	8000034c	cd0a0a13	addi	x20,x20,-816	 x20:0x80002344 x20=0x80002014
       17055000	      1704	80000350	00ff8433	add	x8,x31,x15	 x31:0x8000991a x15:0x00038800  x8=0x8004211a
       17065000	      1705	80000354	00000013	addi	x0,x0,0	  x0:0x00000000
       17075000	      1706	80000358	405cd933	sra	x18,x25,x5	 x25:0x80000000  x5:0x00000043 x18=0xf0000000
       17085000	      1707	8000035c	001f5213	srli	x4,x30,0x1	 x30:0xce935000  x4=0x6749a800
       17095000	      1708	80000360	5abd3ab7	lui	x21,0x5abd3	 x21=0x5abd3000
       17105000	      1709	80000364	026a0a13	addi	x20,x20,38	 x20:0x80002014 x20=0x8000203a
       17115000	      1710	80000368	9e00c193	xori	x3,x1,-1568	  x1:0x0000002c  x3=0xfffff9cc
       17125000	      1711	8000036c	001d1663	bne	x26,x1,80000378	 x26:0x71000000  x1:0x0000002c
       17135000	      1712	00000000	00000013	addi	x0,x0,0	  x0:0x00000000
       17145000	      1713	80000374	00000013	addi	x0,x0,0	  x0:0x00000000
       17155000	      1714	80000378	fdba0fe7	jalr	x31,x20,-37	 x20:0x8000203a x31=0x80000378
       17165000	      1715	00000000	00000013	addi	x0,x0,0	  x0:0x00000000
       17175000	      1716	80002014	00000013	addi	x0,x0,0	  x0:0x00000000
       17185000	      1717	80002018	01407663	bgeu	x0,x20,80002024	  x0:0x00000000 x20:0x8000203a
       17195000	      1718	8000201c	00b81433	sll	x8,x16,x11	 x16:0x80008337 x11:0x0000007a  x8=0xdc000000
       17205000	      1719	80002020	00c5d213	srli	x4,x11,0xc	 x11:0x0000007a  x4=0x00000000
       17215000	      1720	80002024	ff070713	addi	x14,x14,-16	 x14:0x80009f84 x14=0x80009f74
       17225000	      1721	80002028	043d7193	andi	x3,x26,67	 x26:0x71000000  x3=0x00000000
       17235000	      1722	8000202c	e4d12a13	slti	x20,x2,-435	  x2:0x80008170 x20=0x00000001
       17245000	      1723	80002030	01f72223	sw	x31,4(x14)	 x14:0x80009f74 x31:0x80000378 PA:0x80009f78
       17255000	      1724	80002034	57228d13	addi	x26,x5,1394	  x5:0x00000043 x26=0x000005b5
       17265000	      1725	80002038	019548b3	xor	x17,x10,x25	 x10:0x00000000 x25:0x80000000 x17=0x80000000
       17275000	      1726	8000203c	01d84db3	xor	x27,x16,x29	 x16:0x80008337 x29:0x00000022 x27=0x80008315
       17285000	      1727	80002040	4162dd13	srai	x26,x5,0x16	  x5:0x00000043 x26=0x00000000
       17295000	      1728	80002044	0185d633	srl	x12,x11,x24	 x11:0x0000007a x24:0x000000d1 x12=0x00000000
       17305000	      1729	80002048	00ba9fb3	sll	x31,x21,x11	 x21:0x5abd3000 x11:0x0000007a x31=0x00000000
       17315000	      1730	8000204c	402d54b3	sra	x9,x26,x2	 x26:0x00000000  x2:0x80008170  x9=0x00000000
       17325000	      1731	80002050	45f2d637	lui	x12,0x45f2d	 x12=0x45f2d000
       17335000	      1732	80002054	f602a413	slti	x8,x5,-160	  x5:0x00000043  x8=0x00000000
       17345000	      1733	80002058	21386397	auipc	x7,0x21386	  x7=0xa1388054
       17355000	      1734	8000205c	00cad993	srli	x19,x21,0xc	 x21:0x5abd3000 x19=0x0005abd3
       17365000	      1735	80002060	25166513	ori	x10,x12,593	 x12:0x45f2d000 x10=0x45f2d251
       17375000	      1736	80002064	bc0fefef	jal	x31,80002064	 x31=0x80002064
       17385000	      1737	00000000	00000013	addi	x0,x0,0	  x0:0x00000000
       17395000	      1738	80000420	00000013	addi	x0,x0,0	  x0:0x00000000
       17405000	      1739	80000424	fd870713	addi	x14,x14,-40	 x14:0x80009f74 x14=0x80009f4c
       17415000	      1740	80000428	01a6e5b3	or	x11,x13,x26	 x13:0x00000045 x26:0x00000000 x11=0x00000045
       17425000	      1741	8000042c	be10f7b7	lui	x15,0xbe10f	 x15=0xbe10f000
       17435000	      1742	80000430	01f72223	sw	x31,4(x14)	 x14:0x80009f4c x31:0x80002064 PA:0x80009f50
       17445000	      1743	80000434	a2a4f537	lui	x10,0xa2a4f	 x10=0xa2a4f000
       17455000	      1744	80000438	00008297	auipc	x5,0x8	  x5=0x80008434
       17465000	      1745	8000043c	33528293	addi	x5,x5,821	  x5:0x80008434  x5=0x80008769
       17475000	      1746	80000440	00c28803	lb	x16,12(x5)	  x5:0x80008769 x16=0x0000002e PA:0x80008775
       17485000	      1747	80000444	00c2cd83	lbu	x27,12(x5)	  x5:0x80008769 x27=0x0000002e PA:0x80008775
       17495000	      1748	80000448	00c28403	lb	x8,12(x5)	  x5:0x80008769  x8=0x0000002e PA:0x80008775
       17505000	      1749	8000044c	00328423	sb	x3,8(x5)	  x5:0x80008769  x3:0x00000000 PA:0x80008771
       17515000	      1750	80000450	00228423	sb	x2,8(x5)	  x5:0x80008769  x2:0x80008170 PA:0x80008771
       17525000	      1751	80000454	ff728fa3	sb	x23,-1(x5)	  x5:0x80008769 x23:0x80009fc4 PA:0x80008768
       17535000	      1752	80000458	ff328923	sb	x19,-14(x5)	  x5:0x80008769 x19:0x0005abd3 PA:0x8000875b
       17545000	      1753	8000045c	ffe28923	sb	x30,-14(x5)	  x5:0x80008769 x30:0xce935000 PA:0x8000875b
       17555000	      1754	80000460	ff22c803	lbu	x16,-14(x5)	  x5:0x80008769 x16=0x00000000 PA:0x8000875b
       17565000	      1755	80000464	0066f6b3	and	x13,x13,x6	 x13:0x00000045  x6:0xffffff8a x13=0x00000000
       17575000	      1756	80000468	ff22c303	lbu	x6,-14(x5)	  x5:0x80008769  x6=0x00000000 PA:0x8000875b
       17585000	      1757	8000046c	ff228f83	lb	x31,-14(x5)	  x5:0x80008769 x31=0x00000000 PA:0x8000875b
       17595000	      1758	80000470	ff528583	lb	x11,-11(x5)	  x5:0x80008769 x11=0xffffffb9 PA:0x8000875e
       17605000	      1759	80000474	fe429aa3	sh	x4,-11(x5)	  x5:0x80008769  x4:0x00000000 PA:0x8000875e
       17615000	      1760	80000478	00771e13	slli	x28,x14,0x7	 x14:0x80009f4c x28=0x004fa600
       17625000	      1761	8000047c	0072da83	lhu	x21,7(x5)	  x5:0x80008769 x21=0x00007054 PA:0x80008770
       17635000	      1762	00000000	00000013	addi	x0,x0,0	  x0:0x00000000
       17645000	      1763	80000480	415e0033	sub	x0,x28,x21	 x28:0x004fa600 x21:0x00007054
       17655000	      1764	80000484	007293a3	sh	x7,7(x5)	  x5:0x80008769  x7:0xa1388054 PA:0x80008770
       17665000	      1765	80000488	00008097	auipc	x1,0x8	  x1=0x80008484
       17675000	      1766	8000048c	e6908093	addi	x1,x1,-407	  x1:0x80008484  x1=0x800082ed
       17685000	      1767	80000490	00008917	auipc	x18,0x8	 x18=0x8000848c
       17695000	      1768	80000494	10690913	addi	x18,x18,262	 x18:0x8000848c x18=0x80008592
       17705000	      1769	80000498	fdd903a3	sb	x29,-57(x18)	 x18:0x80008592 x29:0x00000022 PA:0x80008559
       17715000	      1770	8000049c	01891d03	lh	x26,24(x18)	 x18:0x80008592 x26=0xffff9261 PA:0x800085aa
       17725000	      1771	800004a0	00008a17	auipc	x20,0x8	 x20=0x8000849c
       17735000	      1772	800004a4	e3ba0a13	addi	x20,x20,-453	 x20:0x8000849c x20=0x800082d7
       17745000	      1773	800004a8	f3808b23	sb	x24,-202(x1)	  x1:0x800082ed x24:0x000000d1 PA:0x80008223
       17755000	      1774	800004ac	00495283	lhu	x5,4(x18)	 x18:0x80008592  x5=0x00009f4c PA:0x80008596
       17765000	      1775	800004b0	347a1fa3	sh	x7,863(x20)	 x20:0x800082d7  x7:0xa1388054 PA:0x80008636
       17775000	      1776	800004b4	458a0d83	lb	x27,1112(x20)	 x20:0x800082d7 x27=0xffffffe4 PA:0x8000872f
       17785000	      1777	800004b8	08f0d103	lhu	x2,143(x1)	  x1:0x800082ed  x2=0x00003637 PA:0x8000837c
       17795000	      1778	800004bc	36d0cd03	lbu	x26,877(x1)	  x1:0x800082ed x26=0x00000011 PA:0x8000865a
       17805000	      1779	00000000	00000013	addi	x0,x0,0	  x0:0x00000000
       17815000	      1780	800004c0	03a92683	lw	x13,58(x18)	 x18:0x80008592 x13=0x84858687 PA:0x800085cc
       17825000	      1781	800004c4	1daa4d83	lbu	x27,474(x20)	 x20:0x800082d7 x27=0x0000006a PA:0x800084b1
       17835000	      1782	800004c8	fd095003	lhu	x0,-48(x18)	 x18:0x80008592 PA:0x80008562
       17845000	      1783	800004cc	eb4a0a23	sb	x20,-332(x20)	 x20:0x800082d7 x20:0x800082d7 PA:0x8000818b
       17855000	      1784	800004d0	e86a09a3	sb	x6,-365(x20)	 x20:0x800082d7  x6:0x00000000 PA:0x8000816a
       17865000	      1785	800004d4	d82a0a23	sb	x2,-620(x20)	 x20:0x800082d7  x2:0x00003637 PA:0x8000806b
       17875000	      1786	800004d8	4fb0a283	lw	x5,1275(x1)	  x1:0x800082ed  x5=0xa0a1a2a3 PA:0x800087e8
       17885000	      1787	800004dc	52fa1e03	lh	x28,1327(x20)	 x20:0x800082d7 x28=0xffffbcbd PA:0x80008806
       17895000	      1788	800004e0	e000c483	lbu	x9,-512(x1)	  x1:0x800082ed  x9=0x000000a6 PA:0x800080ed
       17905000	      1789	800004e4	01290ca3	sb	x18,25(x18)	 x18:0x80008592 x18:0x80008592 PA:0x800085ab
       17915000	      1790	800004e8	00008a17	auipc	x20,0x8	 x20=0x800084e4
       17925000	      1791	800004ec	b83a0a13	addi	x20,x20,-1149	 x20:0x800084e4 x20=0x80008067
       17935000	      1792	800004f0	ffea4903	lbu	x18,-2(x20)	 x20:0x80008067 x18=0x0000001e PA:0x80008065
       17945000	      1793	800004f4	00008797	auipc	x15,0x8	 x15=0x800084f0
       17955000	      1794	800004f8	f0678793	addi	x15,x15,-250	 x15:0x800084f0 x15=0x800083f6
       17965000	      1795	800004fc	00008997	auipc	x19,0x8	 x19=0x800084f8
       17975000	      1796	80000500	ea998993	addi	x19,x19,-343	 x19:0x800084f8 x19=0x800083a1
       17985000	      1797	80000504	00008517	auipc	x10,0x8	 x10=0x80008500
       17995000	      1798	80000508	c3750513	addi	x10,x10,-969	 x10:0x80008500 x10=0x80008137
       18005000	      1799	8000050c	03098d83	lb	x27,48(x19)	 x19:0x800083a1 x27=0xffffff8a PA:0x800083d1
       18015000	      1800	80000510	02c79023	sh	x12,32(x15)	 x15:0x800083f6 x12:0x45f2d000 PA:0x80008416
       18025000	      1801	80000514	fe47d303	lhu	x6,-28(x15)	 x15:0x800083f6  x6=0x00009091 PA:0x800083da
       18035000	      1802	80000518	00a50523	sb	x10,10(x10)	 x10:0x80008137 x10:0x80008137 PA:0x80008141
       18045000	      1803	8000051c	02b9db03	lhu	x22,43(x19)	 x19:0x800083a1 x22=0x00008687 PA:0x800083cc
       18055000	      1804	80000520	ff998ea3	sb	x25,-3(x19)	 x19:0x800083a1 x25:0x80000000 PA:0x8000839e
       18065000	      1805	80000524	00050323	sb	x0,6(x10)	 x10:0x80008137  x0:0x00000000 PA:0x8000813d
       18075000	      1806	80000528	ff07c383	lbu	x7,-16(x15)	 x15:0x800083f6  x7=0x0000009d PA:0x800083e6
       18085000	      1807	8000052c	fe8a4f83	lbu	x31,-24(x20)	 x20:0x80008067 x31=0x00000001 PA:0x8000804f
       18095000	      1808	80000530	00b78303	lb	x6,11(x15)	 x15:0x800083f6  x6=0xffffffba PA:0x80008401
       18105000	      1809	80000534	ff355603	lhu	x12,-13(x10)	 x10:0x80008137 x12=0x0000e0e1 PA:0x8000812a
       18115000	      1810	80000538	13898903	lb	x18,312(x19)	 x19:0x800083a1 x18=0xffffff92 PA:0x800084d9
       18125000	      1811	8000053c	03ca0003	lb	x0,60(x20)	 x20:0x80008067 PA:0x800080a3
       18135000	      1812	80000540	003526a3	sw	x3,13(x10)	 x10:0x80008137  x3:0x00000000 PA:0x80008144
       18145000	      1813	80000544	fd1789a3	sb	x17,-45(x15)	 x15:0x800083f6 x17:0x80000000 PA:0x800083c9
       18155000	      1814	80000548	00b54183	lbu	x3,11(x10)	 x10:0x80008137  x3=0x000000f9 PA:0x80008142
       18165000	      1815	8000054c	01054283	lbu	x5,16(x10)	 x10:0x80008137  x5=0x00000000 PA:0x80008147
       18175000	      1816	80000550	ed2995a3	sh	x18,-309(x19)	 x19:0x800083a1 x18:0xffffff92 PA:0x8000826c
       18185000	      1817	80000554	ffa50da3	sb	x26,-5(x10)	 x10:0x80008137 x26:0x00000011 PA:0x80008132
       18195000	      1818	80000558	ffd7c883	lbu	x17,-3(x15)	 x15:0x800083f6 x17=0x000000a8 PA:0x800083f3
       18205000	      1819	8000055c	ff27cd83	lbu	x27,-14(x15)	 x15:0x800083f6 x27=0x000000a3 PA:0x800083e8
       18215000	      1820	80000560	fe450823	sb	x4,-16(x10)	 x10:0x80008137  x4:0x00000000 PA:0x80008127
       18225000	      1821	80000564	025a2603	lw	x12,37(x20)	 x20:0x80008067 x12=0x44454647 PA:0x8000808c
       18235000	      1822	80000568	028a2aa3	sw	x8,53(x20)	 x20:0x80008067  x8:0x0000002e PA:0x8000809c
       18245000	      1823	8000056c	00009117	auipc	x2,0x9	  x2=0x80009568
       18255000	      1824	80000570	9d110113	addi	x2,x2,-1583	  x2:0x80009568  x2=0x80008f39
       18265000	      1825	80000574	fc010a03	lb	x20,-64(x2)	  x2:0x80008f39 x20=0xffffffe2 PA:0x80008ef9
       18275000	      1826	80000578	fcc14203	lbu	x4,-52(x2)	  x2:0x80008f39  x4=0x000000ee PA:0x80008f05
       18285000	      1827	8000057c	0010a933	slt	x18,x1,x1	  x1:0x800082ed  x1:0x800082ed x18=0x00000000
       18295000	      1828	80000580	03925a17	auipc	x20,0x3925	 x20=0x8392557c
       18305000	      1829	80000584	03d14283	lbu	x5,61(x2)	  x2:0x80008f39  x5=0x0000005d PA:0x80008f76
       18315000	      1830	80000588	fe111a83	lh	x21,-31(x2)	  x2:0x80008f39 x21=0x00000001 PA:0x80008f1a
       18325000	      1831	8000058c	fc914483	lbu	x9,-55(x2)	  x2:0x80008f39  x9=0x000000e9 PA:0x80008f02
       18335000	      1832	80000590	000c86b3	add	x13,x25,x0	 x25:0x80000000  x0:0x00000000 x13=0x80000000
       18345000	      1833	80000594	01d67f33	and	x30,x12,x29	 x12:0x44454647 x29:0x00000022 x30=0x00000002
       18355000	      1834	80000598	fc214e03	lbu	x28,-62(x2)	  x2:0x80008f39 x28=0x000000e0 PA:0x80008efb
       18365000	      1835	8000059c	0032e333	or	x6,x5,x3	  x5:0x0000005d  x3:0x000000f9  x6=0x000000fd
       18375000	      1836	800005a0	00d11783	lh	x15,13(x2)	  x2:0x80008f39 x15=0x00002c2d PA:0x80008f46
       18385000	      1837	800005a4	fd310e03	lb	x28,-45(x2)	  x2:0x80008f39 x28=0xfffffff7 PA:0x80008f0c
       18395000	      1838	800005a8	019589b3	add	x19,x11,x25	 x11:0xffffffb9 x25:0x80000000 x19=0x7fffffb9
       18405000	      1839	800005ac	00311c03	lh	x24,3(x2)	  x2:0x80008f39 x24=0xffff8827 PA:0x80008f3c
       18415000	      1840	800005b0	40f0d2b3	sra	x5,x1,x15	  x1:0x800082ed x15:0x00002c2d  x5=0xfffc0004
       18425000	      1841	800005b4	01115603	lhu	x12,17(x2)	  x2:0x80008f39 x12=0x00003031 PA:0x80008f4a
       18435000	      1842	800005b8	02514f83	lbu	x31,37(x2)	  x2:0x80008f39 x31=0x00000045 PA:0x80008f5e
       18445000	      1843	800005bc	8573b413	sltiu	x8,x7,-1961	  x7:0x0000009d  x8=0x00000001
       18455000	      1844	800005c0	fe312d03	lw	x26,-29(x2)	  x2:0x80008f39 x26=0x04050607 PA:0x80008f1c
       18465000	      1845	800005c4	01907333	and	x6,x0,x25	  x0:0x00000000 x25:0x80000000  x6=0x00000000
       18475000	      1846	800005c8	013244b3	xor	x9,x4,x19	  x4:0x000000ee x19:0x7fffffb9  x9=0x7fffff57
       18485000	      1847	800005cc	41af5c33	sra	x24,x30,x26	 x30:0x00000002 x26:0x04050607 x24=0x00000000
       18495000	      1848	800005d0	03f15583	lhu	x11,63(x2)	  x2:0x80008f39 x11=0x00006263 PA:0x80008f78
       18505000	      1849	800005d4	03014a03	lbu	x20,48(x2)	  x2:0x80008f39 x20=0x00000052 PA:0x80008f69
       18515000	      1850	800005d8	03814503	lbu	x10,56(x2)	  x2:0x80008f39 x10=0x0000005a PA:0x80008f71
       18525000	      1851	800005dc	00511f83	lh	x31,5(x2)	  x2:0x80008f39 x31=0x00002425 PA:0x80008f3e
       18535000	      1852	800005e0	02511483	lh	x9,37(x2)	  x2:0x80008f39  x9=0x00004445 PA:0x80008f5e
       18545000	      1853	800005e4	03310223	sb	x19,36(x2)	  x2:0x80008f39 x19:0x7fffffb9 PA:0x80008f5d
       18555000	      1854	800005e8	0035c433	xor	x8,x11,x3	 x11:0x00006263  x3:0x000000f9  x8=0x0000629a
       18565000	      1855	800005ec	fc511d03	lh	x26,-59(x2)	  x2:0x80008f39 x26=0xffffe4e5 PA:0x80008efe
       18575000	      1856	800005f0	00000013	addi	x0,x0,0	  x0:0x00000000
       18585000	      1857	800005f4	01810223	sb	x24,4(x2)	  x2:0x80008f39 x24:0x00000000 PA:0x80008f3d
       18595000	      1858	800005f8	fd810a83	lb	x21,-40(x2)	  x2:0x80008f39 x21=0xfffffffa PA:0x80008f11
       18605000	      1859	00000000	00000013	addi	x0,x0,0	  x0:0x00000000
       18615000	      1860	800005fc	01faa1b3	slt	x3,x21,x31	 x21:0xfffffffa x31:0x00002425  x3=0x00000001
       18625000	      1861	80000600	010b7e33	and	x28,x22,x16	 x22:0x00008687 x16:0x00000000 x28=0x00000000
       18635000	      1862	80000604	fe914583	lbu	x11,-23(x2)	  x2:0x80008f39 x11=0x00000009 PA:0x80008f22
       18645000	      1863	80000608	3d3c4a93	xori	x21,x24,979	 x24:0x00000000 x21=0x000003d3
       18655000	      1864	8000060c	01594f33	xor	x30,x18,x21	 x18:0x00000000 x21:0x000003d3 x30=0x000003d3
       18665000	      1865	80000610	ffe10403	lb	x8,-2(x2)	  x2:0x80008f39  x8=0x0000001c PA:0x80008f37
       18675000	      1866	80000614	ff914f83	lbu	x31,-7(x2)	  x2:0x80008f39 x31=0x00000019 PA:0x80008f32
       18685000	      1867	80000618	01010a83	lb	x21,16(x2)	  x2:0x80008f39 x21=0x00000032 PA:0x80008f49
       18695000	      1868	00000000	00000013	addi	x0,x0,0	  x0:0x00000000
       18705000	      1869	8000061c	0150feb3	and	x29,x1,x21	  x1:0x800082ed x21:0x00000032 x29=0x00000020
       18715000	      1870	80000620	00810583	lb	x11,8(x2)	  x2:0x80008f39 x11=0x0000002a PA:0x80008f41
       18725000	      1871	80000624	00031b13	slli	x22,x6,0x0	  x6:0x00000000 x22=0x00000000
       18735000	      1872	80000628	fd410283	lb	x5,-44(x2)	  x2:0x80008f39  x5=0xfffffff6 PA:0x80008f0d
       18745000	      1873	8000062c	00008197	auipc	x3,0x8	  x3=0x80008628
       18755000	      1874	80000630	72318193	addi	x3,x3,1827	  x3:0x80008628  x3=0x80008d4b
       18765000	      1875	80000634	00008d17	auipc	x26,0x8	 x26=0x80008630
       18775000	      1876	80000638	61dd0d13	addi	x26,x26,1565	 x26:0x80008630 x26=0x80008c4d
       18785000	      1877	8000063c	bce18103	lb	x2,-1074(x3)	  x3:0x80008d4b  x2=0x00000002 PA:0x80008919
       18795000	      1878	80000640	00008417	auipc	x8,0x8	  x8=0x8000863c
       18805000	      1879	80000644	4b940413	addi	x8,x8,1209	  x8:0x8000863c  x8=0x80008af5
       18815000	      1880	80000648	f5fd5483	lhu	x9,-161(x26)	 x26:0x80008c4d  x9=0x00009697 PA:0x80008bac
       18825000	      1881	8000064c	fb9d1fa3	sh	x25,-65(x26)	 x26:0x80008c4d x25:0x80000000 PA:0x80008c0c
       18835000	      1882	80000650	00008297	auipc	x5,0x8	  x5=0x8000864c
       18845000	      1883	80000654	3f428293	addi	x5,x5,1012	  x5:0x8000864c  x5=0x80008a40
       18855000	      1884	80000658	01728603	lb	x12,23(x5)	  x5:0x80008a40 x12=0x0000003c PA:0x80008a57
       18865000	      1885	8000065c	c2719f83	lh	x31,-985(x3)	  x3:0x80008d4b x31=0x00005859 PA:0x80008972
       18875000	      1886	80000660	fccd4b03	lbu	x22,-52(x26)	 x26:0x80008c4d x22=0x00000002 PA:0x80008c19
       18885000	      1887	80000664	f9cd0a23	sb	x28,-108(x26)	 x26:0x80008c4d x28:0x00000000 PA:0x80008be1
       18895000	      1888	80000668	01a416a3	sh	x26,13(x8)	  x8:0x80008af5 x26:0x80008c4d PA:0x80008b02
       18905000	      1889	8000066c	ffa40803	lb	x16,-6(x8)	  x8:0x80008af5 x16=0xffffffd4 PA:0x80008aef
       18915000	      1890	80000670	ff444a83	lbu	x21,-12(x8)	  x8:0x80008af5 x21=0x000000d2 PA:0x80008ae9
       18925000	      1891	80000674	ffd28583	lb	x11,-3(x5)	  x5:0x80008a40 x11=0x00000026 PA:0x80008a3d
       18935000	      1892	80000678	0aed0903	lb	x18,174(x26)	 x26:0x80008c4d x18=0xffffffe0 PA:0x80008cfb
       18945000	      1893	8000067c	f24d4803	lbu	x16,-220(x26)	 x26:0x80008c4d x16=0x0000005a PA:0x80008b71
       18955000	      1894	80000680	fd328903	lb	x18,-45(x5)	  x5:0x80008a40 x18=0xfffffff8 PA:0x80008a13
       18965000	      1895	80000684	fee40ca3	sb	x14,-7(x8)	  x8:0x80008af5 x14:0x80009f4c PA:0x80008aee
       18975000	      1896	80000688	e4e18223	sb	x14,-444(x3)	  x3:0x80008d4b x14:0x80009f4c PA:0x80008b8f
       18985000	      1897	8000068c	ffb28383	lb	x7,-5(x5)	  x5:0x80008a40  x7=0x00000020 PA:0x80008a3b
       18995000	      1898	80000690	f08d0483	lb	x9,-248(x26)	 x26:0x80008c4d  x9=0x0000003e PA:0x80008b55
       19005000	      1899	80000694	050d4203	lbu	x4,80(x26)	 x26:0x80008c4d  x4=0x00000086 PA:0x80008c9d
       19015000	      1900	80000698	fe928aa3	sb	x9,-11(x5)	  x5:0x80008a40  x9:0x0000003e PA:0x80008a35
       19025000	      1901	8000069c	ffe40883	lb	x17,-2(x8)	  x8:0x80008af5 x17=0xffffffd8 PA:0x80008af3
       19035000	      1902	800006a0	f7d18603	lb	x12,-131(x3)	  x3:0x80008d4b x12=0xffffffb3 PA:0x80008cc8
       19045000	      1903	800006a4	ffe40c03	lb	x24,-2(x8)	  x8:0x80008af5 x24=0xffffffd8 PA:0x80008af3
       19055000	      1904	800006a8	fdd285a3	sb	x29,-53(x5)	  x5:0x80008a40 x29:0x00000020 PA:0x80008a0b
       19065000	      1905	800006ac	fd018d23	sb	x16,-38(x3)	  x3:0x80008d4b x16:0x0000005a PA:0x80008d25
       19075000	      1906	800006b0	aef18e83	lb	x29,-1297(x3)	  x3:0x80008d4b x29=0x00000021 PA:0x8000883a
       19085000	      1907	800006b4	ff044a83	lbu	x21,-16(x8)	  x8:0x80008af5 x21=0x000000ce PA:0x80008ae5
       19095000	      1908	800006b8	fcb2cf03	lbu	x30,-53(x5)	  x5:0x80008a40 x30=0x00000020 PA:0x80008a0b
       19105000	      1909	800006bc	bae1c083	lbu	x1,-1106(x3)	  x3:0x80008d4b  x1=0x000000e2 PA:0x800088f9
       19115000	      1910	800006c0	03e2cd83	lbu	x27,62(x5)	  x5:0x80008a40 x27=0x00000065 PA:0x80008a7e
       19125000	      1911	800006c4	0a6d14a3	sh	x6,169(x26)	 x26:0x80008c4d  x6:0x00000000 PA:0x80008cf6
       19135000	      1912	800006c8	00008c17	auipc	x24,0x8	 x24=0x800086c4
       19145000	      1913	800006cc	b64c0c13	addi	x24,x24,-1180	 x24:0x800086c4 x24=0x80008228
       19155000	      1914	800006d0	00008517	auipc	x10,0x8	 x10=0x800086cc
       19165000	      1915	800006d4	a6850513	addi	x10,x10,-1432	 x10:0x800086cc x10=0x80008134
       19175000	      1916	800006d8	00008397	auipc	x7,0x8	  x7=0x800086d4
       19185000	      1917	800006dc	be738393	addi	x7,x7,-1049	  x7:0x800086d4  x7=0x800082bb
       19195000	      1918	800006e0	e403ce83	lbu	x29,-448(x7)	  x7:0x800082bb x29=0x000000b0 PA:0x800080fb
       19205000	      1919	800006e4	00008917	auipc	x18,0x8	 x18=0x800086e0
       19215000	      1920	800006e8	ca690913	addi	x18,x18,-858	 x18:0x800086e0 x18=0x80008386
       19225000	      1921	800006ec	26c90183	lb	x3,620(x18)	 x18:0x80008386  x3=0xffffffa9 PA:0x800085f2
       19235000	      1922	800006f0	4bd39803	lh	x16,1213(x7)	  x7:0x800082bb x16=0x00003233 PA:0x80008778
       19245000	      1923	800006f4	05b90783	lb	x15,91(x18)	 x18:0x80008386 x15=0xffffff9a PA:0x800083e1
       19255000	      1924	800006f8	01a51023	sh	x26,0(x10)	 x10:0x80008134 x26:0x80008c4d PA:0x80008134
       19265000	      1925	800006fc	0fa38983	lb	x19,250(x7)	  x7:0x800082bb x19=0x0000006e PA:0x800083b5
       19275000	      1926	80000700	ff954683	lbu	x13,-7(x10)	 x10:0x80008134 x13=0x000000e6 PA:0x8000812d
       19285000	      1927	80000704	4b53a583	lw	x11,1205(x7)	  x7:0x800082bb x11=0x28298054 PA:0x80008770
       19295000	      1928	80000708	00455483	lhu	x9,4(x10)	 x10:0x80008134  x9=0x0000f2f3 PA:0x80008138
       19305000	      1929	8000070c	d2e91103	lh	x2,-722(x18)	 x18:0x80008386  x2=0x00006e6f PA:0x800080b4
       19315000	      1930	80000710	05394103	lbu	x2,83(x18)	 x18:0x80008386  x2=0x00000092 PA:0x800083d9
       19325000	      1931	80000714	ff052783	lw	x15,-16(x10)	 x10:0x80008134 x15=0x00dddedf PA:0x80008124
       19335000	      1932	80000718	16038683	lb	x13,352(x7)	  x7:0x800082bb x13=0xffffffd0 PA:0x8000841b
       19345000	      1933	8000071c	e1139da3	sh	x17,-485(x7)	  x7:0x800082bb x17:0xffffffd8 PA:0x800080d6
       19355000	      1934	80000720	0d095083	lhu	x1,208(x18)	 x18:0x80008386  x1=0x00000c0d PA:0x80008456
       19365000	      1935	80000724	0783c803	lbu	x16,120(x7)	  x7:0x800082bb x16=0x000000e8 PA:0x80008333
       19375000	      1936	80000728	00c55203	lhu	x4,12(x10)	 x10:0x80008134  x4=0x000037fb PA:0x80008140
       19385000	      1937	8000072c	ff6c0183	lb	x3,-10(x24)	 x24:0x80008228  x3=0xffffffd5 PA:0x8000821e
       19395000	      1938	80000730	f0638303	lb	x6,-250(x7)	  x7:0x800082bb  x6=0x0000007a PA:0x800081c1
       19405000	      1939	80000734	ff7c4d83	lbu	x27,-9(x24)	 x24:0x80008228 x27=0x000000d4 PA:0x8000821f
       19415000	      1940	80000738	00754e83	lbu	x29,7(x10)	 x10:0x80008134 x29=0x000000f0 PA:0x8000813b
       19425000	      1941	8000073c	3b994a83	lbu	x21,953(x18)	 x18:0x80008386 x21=0x000000f4 PA:0x8000873f
       19435000	      1942	80000740	00dc0023	sb	x13,0(x24)	 x24:0x80008228 x13:0xffffffd0 PA:0x80008228
       19445000	      1943	80000744	00750d03	lb	x26,7(x10)	 x10:0x80008134 x26=0xfffffff0 PA:0x8000813b
       19455000	      1944	80000748	003c4d03	lbu	x26,3(x24)	 x24:0x80008228 x26=0x000000e0 PA:0x8000822b
       19465000	      1945	8000074c	ffcc2d03	lw	x26,-4(x24)	 x24:0x80008228 x26=0xdcdddedf PA:0x80008224
       19475000	      1946	80000750	00655683	lhu	x13,6(x10)	 x10:0x80008134 x13=0x0000f0f1 PA:0x8000813a
       19485000	      1947	80000754	52e3c183	lbu	x3,1326(x7)	  x7:0x800082bb  x3=0x000000a2 PA:0x800087e9
       19495000	      1948	80000758	00851023	sh	x8,0(x10)	 x10:0x80008134  x8:0x80008af5 PA:0x80008134
       19505000	      1949	8000075c	2b292283	lw	x5,690(x18)	 x18:0x80008386  x5=0xf0f1f2f3 PA:0x80008638
       19515000	      1950	80000760	00008417	auipc	x8,0x8	  x8=0x8000875c
       19525000	      1951	80000764	65d40413	addi	x8,x8,1629	  x8:0x8000875c  x8=0x80008db9
       19535000	      1952	80000768	d00dac13	slti	x24,x27,-768	 x27:0x000000d4 x24=0x00000000
       19545000	      1953	8000076c	fdb40e23	sb	x27,-36(x8)	  x8:0x80008db9 x27:0x000000d4 PA:0x80008d95
       19555000	      1954	80000770	013f5993	srli	x19,x30,0x13	 x30:0x00000020 x19=0x00000000
       19565000	      1955	80000774	fc144803	lbu	x16,-63(x8)	  x8:0x80008db9 x16=0x00000061 PA:0x80008d7a
       19575000	      1956	80000778	fd340203	lb	x4,-45(x8)	  x8:0x80008db9  x4=0x00000077 PA:0x80008d8c
       19585000	      1957	8000077c	02544503	lbu	x10,37(x8)	  x8:0x80008db9 x10=0x000000c5 PA:0x80008dde
       19595000	      1958	80000780	fe4402a3	sb	x4,-27(x8)	  x8:0x80008db9  x4:0x00000077 PA:0x80008d9e
       19605000	      1959	80000784	40295213	srai	x4,x18,0x2	 x18:0x80008386  x4=0xe00020e1
       19615000	      1960	80000788	013d0ab3	add	x21,x26,x19	 x26:0xdcdddedf x19:0x00000000 x21=0xdcdddedf
       19625000	      1961	8000078c	02b40823	sb	x11,48(x8)	  x8:0x80008db9 x11:0x28298054 PA:0x80008de9
       19635000	      1962	80000790	03244903	lbu	x18,50(x8)	  x8:0x80008db9 x18=0x000000d0 PA:0x80008deb
       19645000	      1963	80000794	001cb833	sltu	x16,x25,x1	 x25:0x80000000  x1:0x00000c0d x16=0x00000000
       19655000	      1964	80000798	fd440f23	sb	x20,-34(x8)	  x8:0x80008db9 x20:0x00000052 PA:0x80008d97
       19665000	      1965	8000079c	01f44c03	lbu	x24,31(x8)	  x8:0x80008db9 x24=0x000000c3 PA:0x80008dd8
       19675000	      1966	800007a0	005f7333	and	x6,x30,x5	 x30:0x00000020  x5:0xf0f1f2f3  x6=0x00000020
       19685000	      1967	800007a4	fc140423	sb	x1,-56(x8)	  x8:0x80008db9  x1:0x00000c0d PA:0x80008d81
       19695000	      1968	800007a8	fc345f03	lhu	x30,-61(x8)	  x8:0x80008db9 x30=0x00006667 PA:0x80008d7c
       19705000	      1969	800007ac	013407a3	sb	x19,15(x8)	  x8:0x80008db9 x19:0x00000000 PA:0x80008dc8
       19715000	      1970	800007b0	ff240a03	lb	x20,-14(x8)	  x8:0x80008db9 x20=0xfffffff0 PA:0x80008dab
       19725000	      1971	800007b4	fed409a3	sb	x13,-13(x8)	  x8:0x80008db9 x13:0x0000f0f1 PA:0x80008dac
       19735000	      1972	800007b8	fc840423	sb	x8,-56(x8)	  x8:0x80008db9  x8:0x80008db9 PA:0x80008d81
       19745000	      1973	800007bc	01440623	sb	x20,12(x8)	  x8:0x80008db9 x20:0xfffffff0 PA:0x80008dc5
       19755000	      1974	800007c0	02b40ba3	sb	x11,55(x8)	  x8:0x80008db9 x11:0x28298054 PA:0x80008df0
       19765000	      1975	800007c4	03d40223	sb	x29,36(x8)	  x8:0x80008db9 x29:0x000000f0 PA:0x80008ddd
       19775000	      1976	800007c8	22808e13	addi	x28,x1,552	  x1:0x00000c0d x28=0x00000e35
       19785000	      1977	800007cc	ff144883	lbu	x17,-15(x8)	  x8:0x80008db9 x17=0x000000f1 PA:0x80008daa
       19795000	      1978	800007d0	fde40ea3	sb	x30,-35(x8)	  x8:0x80008db9 x30:0x00006667 PA:0x80008d96
       19805000	      1979	800007d4	03044a03	lbu	x20,48(x8)	  x8:0x80008db9 x20=0x00000054 PA:0x80008de9
       19815000	      1980	800007d8	8197ee93	ori	x29,x15,-2023	 x15:0x00dddedf x29=0xfffffedf
       19825000	      1981	800007dc	03040303	lb	x6,48(x8)	  x8:0x80008db9  x6=0x00000054 PA:0x80008de9
       19835000	      1982	800007e0	01c52eb3	slt	x29,x10,x28	 x10:0x000000c5 x28:0x00000e35 x29=0x00000001
       19845000	      1983	800007e4	4110d013	srai	x0,x1,0x11	  x1:0x00000c0d
       19855000	      1984	800007e8	01240d03	lb	x26,18(x8)	  x8:0x80008db9 x26=0xffffffb0 PA:0x80008dcb
       19865000	      1985	800007ec	01741783	lh	x15,23(x8)	  x8:0x80008db9 x15=0xffffbabb PA:0x80008dd0
       19875000	      1986	800007f0	00141e83	lh	x29,1(x8)	  x8:0x80008db9 x29=0xffffa0a1 PA:0x80008dba
       19885000	      1987	800007f4	00008f17	auipc	x30,0x8	 x30=0x800087f0
       19895000	      1988	800007f8	2cbf0f13	addi	x30,x30,715	 x30:0x800087f0 x30=0x80008abb
       19905000	      1989	800007fc	006f0183	lb	x3,6(x30)	 x30:0x80008abb  x3=0xffffffaa PA:0x80008ac1
       19915000	      1990	80000800	00008e97	auipc	x29,0x8	 x29=0x800087fc
       19925000	      1991	80000804	5f8e8e93	addi	x29,x29,1528	 x29:0x800087fc x29=0x80008df4
       19935000	      1992	80000808	f2ee81a3	sb	x14,-221(x29)	 x29:0x80008df4 x14:0x80009f4c PA:0x80008d17
       19945000	      1993	8000080c	01cf13a3	sh	x28,7(x30)	 x30:0x80008abb x28:0x00000e35 PA:0x80008ac2
       19955000	      1994	80000810	06dec303	lbu	x6,109(x29)	 x29:0x80008df4  x6=0x0000004a PA:0x80008e61
       19965000	      1995	80000814	00008a97	auipc	x21,0x8	 x21=0x80008810
       19975000	      1996	80000818	459a8a93	addi	x21,x21,1113	 x21:0x80008810 x21=0x80008c69
       19985000	      1997	8000081c	fade9b23	sh	x13,-74(x29)	 x29:0x80008df4 x13:0x0000f0f1 PA:0x80008daa
       19995000	      1998	80000820	ffdaa5a3	sw	x29,-21(x21)	 x21:0x80008c69 x29:0x80008df4 PA:0x80008c54
       20005000	      1999	80000824	005f1203	lh	x4,5(x30)	 x30:0x80008abb  x4=0xffffaaab PA:0x80008ac0
       20015000	      2000	80000828	f49a8623	sb	x9,-180(x21)	 x21:0x80008c69  x9:0x0000f2f3 PA:0x80008bb5
       20025000	      2001	8000082c	ff8f4e03	lbu	x28,-8(x30)	 x30:0x80008abb x28=0x00000098 PA:0x80008ab3
       20035000	      2002	80000830	f55a9883	lh	x17,-171(x21)	 x21:0x80008c69 x17=0xffffa4a5 PA:0x80008bbe
       20045000	      2003	80000834	006f4e03	lbu	x28,6(x30)	 x30:0x80008abb x28=0x000000aa PA:0x80008ac1
       20055000	      2004	80000838	061ec303	lbu	x6,97(x29)	 x29:0x80008df4  x6=0x00000000 PA:0x80008e55
       20065000	      2005	8000083c	002f0383	lb	x7,2(x30)	 x30:0x80008abb  x7=0xffffffa6 PA:0x80008abd
       20075000	      2006	80000840	00ef0e03	lb	x28,14(x30)	 x30:0x80008abb x28=0xffffffb2 PA:0x80008ac9
       20085000	      2007	80000844	08fa8a23	sb	x15,148(x21)	 x21:0x80008c69 x15:0xffffbabb PA:0x80008cfd
       20095000	      2008	80000848	f2ea96a3	sh	x14,-211(x21)	 x21:0x80008c69 x14:0x80009f4c PA:0x80008b96
       20105000	      2009	8000084c	007f4d83	lbu	x27,7(x30)	 x30:0x80008abb x27=0x00000035 PA:0x80008ac2
       20115000	      2010	80000850	095a9f83	lh	x31,149(x21)	 x21:0x80008c69 x31=0xffffe4e5 PA:0x80008cfe
       20125000	      2011	80000854	051e8c03	lb	x24,81(x29)	 x29:0x80008df4 x24=0x0000002e PA:0x80008e45
       20135000	      2012	80000858	005f5103	lhu	x2,5(x30)	 x30:0x80008abb  x2=0x0000aaab PA:0x80008ac0
       20145000	      2013	8000085c	0cfe8023	sb	x15,192(x29)	 x29:0x80008df4 x15:0xffffbabb PA:0x80008eb4
       20155000	      2014	80000860	feaf0823	sb	x10,-16(x30)	 x30:0x80008abb x10:0x000000c5 PA:0x80008aab
       20165000	      2015	80000864	0d2ac283	lbu	x5,210(x21)	 x21:0x80008c69  x5=0x00000020 PA:0x80008d3b
       20175000	      2016	80000868	073e82a3	sb	x19,101(x29)	 x29:0x80008df4 x19:0x00000000 PA:0x80008e59
       20185000	      2017	8000086c	fb5a8fa3	sb	x21,-65(x21)	 x21:0x80008c69 x21:0x80008c69 PA:0x80008c28
       20195000	      2018	80000870	07fa8883	lb	x17,127(x21)	 x21:0x80008c69 x17=0xffffffd3 PA:0x80008ce8
       20205000	      2019	80000874	058a8883	lb	x17,88(x21)	 x21:0x80008c69 x17=0x00000043 PA:0x80008cc1
       20215000	      2020	80000878	00008397	auipc	x7,0x8	  x7=0x80008874
       20225000	      2021	8000087c	91338393	addi	x7,x7,-1773	  x7:0x80008874  x7=0x80008187
       20235000	      2022	80000880	00008797	auipc	x15,0x8	 x15=0x8000887c
       20245000	      2023	80000884	d6478793	addi	x15,x15,-668	 x15:0x8000887c x15=0x800085e0
       20255000	      2024	80000888	00008a17	auipc	x20,0x8	 x20=0x80008884
       20265000	      2025	8000088c	e37a0a13	addi	x20,x20,-457	 x20:0x80008884 x20=0x800086bb
       20275000	      2026	80000890	fea38623	sb	x10,-20(x7)	  x7:0x80008187 x10:0x000000c5 PA:0x80008173
       20285000	      2027	80000894	ffe38983	lb	x19,-2(x7)	  x7:0x80008187 x19=0x0000003e PA:0x80008185
       20295000	      2028	80000898	ffb79f23	sh	x27,-2(x15)	 x15:0x800085e0 x27:0x00000035 PA:0x800085de
       20305000	      2029	8000089c	f97a4603	lbu	x12,-105(x20)	 x20:0x800086bb x12=0x00000009 PA:0x80008652
       20315000	      2030	800008a0	fcf38883	lb	x17,-49(x7)	  x7:0x80008187 x17=0x0000000d PA:0x80008156
       20325000	      2031	800008a4	ff27a823	sw	x18,-16(x15)	 x15:0x800085e0 x18:0x000000d0 PA:0x800085d0
       20335000	      2032	800008a8	d1da0723	sb	x29,-754(x20)	 x20:0x800086bb x29:0x80008df4 PA:0x800083c9
       20345000	      2033	800008ac	00e7c803	lbu	x16,14(x15)	 x15:0x800085e0 x16=0x000000a5 PA:0x800085ee
       20355000	      2034	800008b0	03438603	lb	x12,52(x7)	  x7:0x80008187 x12=0x00000070 PA:0x800081bb
       20365000	      2035	800008b4	ff0a4183	lbu	x3,-16(x20)	 x20:0x800086bb  x3=0x00000060 PA:0x800086ab
       20375000	      2036	800008b8	0f2a0903	lb	x18,242(x20)	 x20:0x800086bb x18=0x00000066 PA:0x800087ad
       20385000	      2037	800008bc	fff78903	lb	x18,-1(x15)	 x15:0x800085e0 x18=0x00000000 PA:0x800085df
       20395000	      2038	800008c0	b54a0183	lb	x3,-1196(x20)	 x20:0x800086bb  x3=0xffffffc4 PA:0x8000820f
       20405000	      2039	800008c4	02e38283	lb	x5,46(x7)	  x7:0x80008187  x5=0x0000006e PA:0x800081b5
       20415000	      2040	800008c8	fd23c883	lbu	x17,-46(x7)	  x7:0x80008187 x17=0x00000012 PA:0x80008159
       20425000	      2041	800008cc	0107c483	lbu	x9,16(x15)	 x15:0x800085e0  x9=0x000000ab PA:0x800085f0
       20435000	      2042	800008d0	a08a4e83	lbu	x29,-1528(x20)	 x20:0x800086bb x29=0x00000078 PA:0x800080c3
       20445000	      2043	800008d4	fe17a823	sw	x1,-16(x15)	 x15:0x800085e0  x1:0x00000c0d PA:0x800085d0
       20455000	      2044	800008d8	ff43c883	lbu	x17,-12(x7)	  x7:0x80008187 x17=0x00000030 PA:0x8000817b
       20465000	      2045	00000000	00000013	addi	x0,x0,0	  x0:0x00000000
       20475000	      2046	800008dc	0313a083	lw	x1,49(x7)	  x7:0x80008187  x1=0x70717273 PA:0x800081b8
       20485000	      2047	800008e0	ffa3c203	lbu	x4,-6(x7)	  x7:0x80008187  x4=0x0000003a PA:0x80008181
       20495000	      2048	800008e4	00008097	auipc	x1,0x8	  x1=0x800088e0
       20505000	      2049	800008e8	d2008093	addi	x1,x1,-736	  x1:0x800088e0  x1=0x80008600
       20515000	      2050	800008ec	00008897	auipc	x17,0x8	 x17=0x800088e8
       20525000	      2051	800008f0	e9388893	addi	x17,x17,-365	 x17:0x800088e8 x17=0x8000877b
       20535000	      2052	800008f4	01388323	sb	x19,6(x17)	 x17:0x8000877b x19:0x0000003e PA:0x80008781
       20545000	      2053	800008f8	e990cb03	lbu	x22,-359(x1)	  x1:0x80008600 x22=0x00000052 PA:0x80008499
       20555000	      2054	800008fc	aad08403	lb	x8,-1363(x1)	  x1:0x80008600  x8=0x00000066 PA:0x800080ad
       20565000	      2055	80000900	00008497	auipc	x9,0x8	  x9=0x800088fc
       20575000	      2056	80000904	a7548493	addi	x9,x9,-1419	  x9:0x800088fc  x9=0x80008371
       20585000	      2057	80000908	00a8ca03	lbu	x20,10(x17)	 x17:0x8000877b x20=0x0000003e PA:0x80008785
       20595000	      2058	8000090c	c350c683	lbu	x13,-971(x1)	  x1:0x80008600 x13=0x000000ee PA:0x80008235
       20605000	      2059	80000910	cef08183	lb	x3,-785(x1)	  x1:0x80008600  x3=0xffffffa4 PA:0x800082ef
       20615000	      2060	80000914	f304c003	lbu	x0,-208(x9)	  x9:0x80008371 PA:0x800082a1
       20625000	      2061	80000918	f580c203	lbu	x4,-168(x1)	  x1:0x80008600  x4=0x00000013 PA:0x80008558
       20635000	      2062	8000091c	fdc4c503	lbu	x10,-36(x9)	  x9:0x80008371 x10=0x00000006 PA:0x8000834d
       20645000	      2063	80000920	0e14c183	lbu	x3,225(x9)	  x9:0x80008371  x3=0x00000009 PA:0x80008452
       20655000	      2064	80000924	01488023	sb	x20,0(x17)	 x17:0x8000877b x20:0x0000003e PA:0x8000877b
       20665000	      2065	80000928	f4608e03	lb	x28,-186(x1)	  x1:0x80008600 x28=0xfffffffd PA:0x80008546
       20675000	      2066	8000092c	00988623	sb	x9,12(x17)	 x17:0x8000877b  x9:0x80008371 PA:0x80008787
       20685000	      2067	80000930	18809c03	lh	x24,392(x1)	  x1:0x80008600 x24=0x00004243 PA:0x80008788
       20695000	      2068	80000934	f534da83	lhu	x21,-173(x9)	  x9:0x80008371 x21=0x00007e7f PA:0x800082c4
       20705000	      2069	80000938	0a609223	sh	x6,164(x1)	  x1:0x80008600  x6:0x00000000 PA:0x800086a4
       20715000	      2070	8000093c	ffb8dc03	lhu	x24,-5(x17)	 x17:0x8000877b x24=0x00002c2d PA:0x80008776
       20725000	      2071	80000940	10a0d003	lhu	x0,266(x1)	  x1:0x80008600 PA:0x8000870a
       20735000	      2072	80000944	0114c783	lbu	x15,17(x9)	  x9:0x80008371 x15=0x00000039 PA:0x80008382
       20745000	      2073	80000948	00008997	auipc	x19,0x8	 x19=0x80008944
       20755000	      2074	8000094c	45d98993	addi	x19,x19,1117	 x19:0x80008944 x19=0x80008da1
       20765000	      2075	80000950	00008497	auipc	x9,0x8	  x9=0x8000894c
       20775000	      2076	80000954	30648493	addi	x9,x9,774	  x9:0x8000894c  x9=0x80008c52
       20785000	      2077	80000958	053487a3	sb	x19,79(x9)	  x9:0x80008c52 x19:0x80008da1 PA:0x80008ca1
       20795000	      2078	8000095c	00798a83	lb	x21,7(x19)	 x19:0x80008da1 x21=0xffffff93 PA:0x80008da8
       20805000	      2079	80000960	ce448f03	lb	x30,-796(x9)	  x9:0x80008c52 x30=0x0000001d PA:0x80008936
       20815000	      2080	80000964	00008d97	auipc	x27,0x8	 x27=0x80008960
       20825000	      2081	80000968	f77d8d93	addi	x27,x27,-137	 x27:0x80008960 x27=0x800088d7
       20835000	      2082	8000096c	ed849683	lh	x13,-296(x9)	  x9:0x80008c52 x13=0x00001011 PA:0x80008b2a
       20845000	      2083	80000970	058d8003	lb	x0,88(x27)	 x27:0x800088d7 PA:0x8000892f
       20855000	      2084	80000974	00f98883	lb	x17,15(x19)	 x19:0x80008da1 x17=0xffffff9b PA:0x80008db0
       20865000	      2085	00000000	00000013	addi	x0,x0,0	  x0:0x00000000
       20875000	      2086	80000978	011987a3	sb	x17,15(x19)	 x19:0x80008da1 x17:0xffffff9b PA:0x80008db0
       20885000	      2087	8000097c	0494ce83	lbu	x29,73(x9)	  x9:0x80008c52 x29=0x00000080 PA:0x80008c9b
       20895000	      2088	80000980	00008097	auipc	x1,0x8	  x1=0x8000897c
       20905000	      2089	80000984	02108093	addi	x1,x1,33	  x1:0x8000897c  x1=0x8000899d
       20915000	      2090	80000988	ff89c383	lbu	x7,-8(x19)	 x19:0x80008da1  x7=0x00000082 PA:0x80008d99
       20925000	      2091	8000098c	f68d8223	sb	x8,-156(x27)	 x27:0x800088d7  x8:0x00000066 PA:0x8000883b
       20935000	      2092	80000990	0cb09403	lh	x8,203(x1)	  x1:0x8000899d  x8=0x00005253 PA:0x80008a68
       20945000	      2093	80000994	ffc98f03	lb	x30,-4(x19)	 x19:0x80008da1 x30=0xffffff86 PA:0x80008d9d
       20955000	      2094	80000998	f5a0c403	lbu	x8,-166(x1)	  x1:0x8000899d  x8=0x000000dc PA:0x800088f7
       20965000	      2095	8000099c	ff398383	lb	x7,-13(x19)	 x19:0x80008da1  x7=0x0000007f PA:0x80008d94
       20975000	      2096	800009a0	f3f09503	lh	x10,-193(x1)	  x1:0x8000899d x10=0xffffc6c7 PA:0x800088dc
       20985000	      2097	800009a4	ee84ca83	lbu	x21,-280(x9)	  x9:0x80008c52 x21=0x000000be PA:0x80008b3a
       20995000	      2098	800009a8	02108ea3	sb	x1,61(x1)	  x1:0x8000899d  x1:0x8000899d PA:0x800089da
       21005000	      2099	800009ac	faed8283	lb	x5,-82(x27)	 x27:0x800088d7  x5=0x0000006e PA:0x80008885
       21015000	      2100	800009b0	f82d8da3	sb	x2,-101(x27)	 x27:0x800088d7  x2:0x0000aaab PA:0x80008872
       21025000	      2101	800009b4	31248303	lb	x6,786(x9)	  x9:0x80008c52  x6=0x0000004f PA:0x80008f64
       21035000	      2102	800009b8	fa3d8003	lb	x0,-93(x27)	 x27:0x800088d7 PA:0x8000887a
       21045000	      2103	800009bc	006097a3	sh	x6,15(x1)	  x1:0x8000899d  x6:0x0000004f PA:0x800089ac
       21055000	      2104	800009c0	fb1d8fa3	sb	x17,-65(x27)	 x27:0x800088d7 x17:0xffffff9b PA:0x80008896
       21065000	      2105	800009c4	ff69cf03	lbu	x30,-10(x19)	 x19:0x80008da1 x30=0x00000052 PA:0x80008d97
       21075000	      2106	800009c8	d5449d23	sh	x20,-678(x9)	  x9:0x80008c52 x20:0x0000003e PA:0x800089ac
       21085000	      2107	800009cc	056d91a3	sh	x22,67(x27)	 x27:0x800088d7 x22:0x00000052 PA:0x8000891a
       21095000	      2108	800009d0	f990de83	lhu	x29,-103(x1)	  x1:0x8000899d x29=0x00001c1d PA:0x80008936
       21105000	      2109	800009d4	f130da83	lhu	x21,-237(x1)	  x1:0x8000899d x21=0x00009a9b PA:0x800088b0
       21115000	      2110	800009d8	088486a3	sb	x8,141(x9)	  x9:0x80008c52  x8:0x000000dc PA:0x80008cdf
       21125000	      2111	800009dc	f1d08da3	sb	x29,-229(x1)	  x1:0x8000899d x29:0x00001c1d PA:0x800088b8
       21135000	      2112	800009e0	f85dd803	lhu	x16,-123(x27)	 x27:0x800088d7 x16=0x00004647 PA:0x8000885c
       21145000	      2113	800009e4	f1e0c783	lbu	x15,-226(x1)	  x1:0x8000899d x15=0x000000a0 PA:0x800088bb
       21155000	      2114	800009e8	f2208023	sb	x2,-224(x1)	  x1:0x8000899d  x2:0x0000aaab PA:0x800088bd
       21165000	      2115	800009ec	11c49103	lh	x2,284(x9)	  x9:0x80008c52  x2=0x00004c55 PA:0x80008d6e
       21175000	      2116	800009f0	0f44c183	lbu	x3,244(x9)	  x9:0x80008c52  x3=0x0000002d PA:0x80008d46
       21185000	      2117	800009f4	018d8923	sb	x24,18(x27)	 x27:0x800088d7 x24:0x00002c2d PA:0x800088e9
       21195000	      2118	800009f8	00008697	auipc	x13,0x8	 x13=0x800089f4
       21205000	      2119	800009fc	91568693	addi	x13,x13,-1771	 x13:0x800089f4 x13=0x80008309
       21215000	      2120	80000a00	00a959b3	srl	x19,x18,x10	 x18:0x00000000 x10:0xffffc6c7 x19=0x00000000
       21225000	      2121	80000a04	fe069fa3	sh	x0,-1(x13)	 x13:0x80008309  x0:0x00000000 PA:0x80008308
       21235000	      2122	80000a08	ff46c383	lbu	x7,-12(x13)	 x13:0x80008309  x7=0x00000082 PA:0x800082fd
       21245000	      2123	80000a0c	0006c783	lbu	x15,0(x13)	 x13:0x80008309 x15=0x00000000 PA:0x80008309
       21255000	      2124	80000a10	ff26ca03	lbu	x20,-14(x13)	 x13:0x80008309 x20=0x00000083 PA:0x800082fb
       21265000	      2125	80000a14	fea69ea3	sh	x10,-3(x13)	 x13:0x80008309 x10:0xffffc6c7 PA:0x80008306
       21275000	      2126	80000a18	00d6df83	lhu	x31,13(x13)	 x13:0x80008309 x31=0x0000cccd PA:0x80008316
       21285000	      2127	80000a1c	01531eb3	sll	x29,x6,x21	  x6:0x0000004f x21:0x00009a9b x29=0x78000000
       21295000	      2128	80000a20	9ddbfd17	auipc	x26,0x9ddbf	 x26=0x1ddbfa1c
       21305000	      2129	80000a24	41efdb13	srai	x22,x31,0x1e	 x31:0x0000cccd x22=0x00000000
       21315000	      2130	80000a28	01841eb3	sll	x29,x8,x24	  x8:0x000000dc x24:0x00002c2d x29=0x001b8000
       21325000	      2131	80000a2c	a80b2a13	slti	x20,x22,-1408	 x22:0x00000000 x20=0x00000000
       21335000	      2132	80000a30	949a7a93	andi	x21,x20,-1719	 x20:0x00000000 x21=0x00000000
       21345000	      2133	80000a34	8df03593	sltiu	x11,x0,-1825	  x0:0x00000000 x11=0x00000001
       21355000	      2134	80000a38	00ec9513	slli	x10,x25,0xe	 x25:0x80000000 x10=0x00000000
       21365000	      2135	80000a3c	00c68483	lb	x9,12(x13)	 x13:0x80008309  x9=0x00000070 PA:0x80008315
       21375000	      2136	80000a40	ff46cc03	lbu	x24,-12(x13)	 x13:0x80008309 x24=0x00000082 PA:0x800082fd
       21385000	      2137	80000a44	00f78c33	add	x24,x15,x15	 x15:0x00000000 x15:0x00000000 x24=0x00000000
       21395000	      2138	80000a48	00168623	sb	x1,12(x13)	 x13:0x80008309  x1:0x8000899d PA:0x80008315
       21405000	      2139	80000a4c	87cd4d93	xori	x27,x26,-1924	 x26:0x1ddbfa1c x27=0xe2240260
       21415000	      2140	80000a50	010a1d33	sll	x26,x20,x16	 x20:0x00000000 x16:0x00004647 x26=0x00000000
       21425000	      2141	80000a54	ff46ce83	lbu	x29,-12(x13)	 x13:0x80008309 x29=0x00000082 PA:0x800082fd
       21435000	      2142	00000000	00000013	addi	x0,x0,0	  x0:0x00000000
       21445000	      2143	80000a58	41d95a93	srai	x21,x18,0x1d	 x18:0x00000000 x21=0x00000000
       21455000	      2144	80000a5c	51a0f913	andi	x18,x1,1306	  x1:0x8000899d x18=0x00000118
       21465000	      2145	80000a60	01068283	lb	x5,16(x13)	 x13:0x80008309  x5=0xffffffd2 PA:0x80008319
       21475000	      2146	80000a64	ff16ca03	lbu	x20,-15(x13)	 x13:0x80008309 x20=0x00000009 PA:0x800082fa
       21485000	      2147	80000a68	01668523	sb	x22,10(x13)	 x13:0x80008309 x22:0x00000000 PA:0x80008313
       21495000	      2148	80000a6c	0106cb03	lbu	x22,16(x13)	 x13:0x80008309 x22=0x000000d2 PA:0x80008319
       21505000	      2149	80000a70	002182b3	add	x5,x3,x2	  x3:0x0000002d  x2:0x00004c55  x5=0x00004c82
       21515000	      2150	80000a74	fe868823	sb	x8,-16(x13)	 x13:0x80008309  x8:0x000000dc PA:0x800082f9
       21525000	      2151	80000a78	00668f83	lb	x31,6(x13)	 x13:0x80008309 x31=0xffffffc4 PA:0x8000830f
       21535000	      2152	80000a7c	0175f833	and	x16,x11,x23	 x11:0x00000001 x23:0x80009fc4 x16=0x00000000
       21545000	      2153	80000a80	fed698a3	sh	x13,-15(x13)	 x13:0x80008309 x13:0x80008309 PA:0x800082fa
       21555000	      2154	80000a84	012684a3	sb	x18,9(x13)	 x13:0x80008309 x18:0x00000118 PA:0x80008312
       21565000	      2155	80000a88	01d55133	srl	x2,x10,x29	 x10:0x00000000 x29:0x00000082  x2=0x00000000
       21575000	      2156	80000a8c	fff68823	sb	x31,-16(x13)	 x13:0x80008309 x31:0xffffffc4 PA:0x800082f9
       21585000	      2157	80000a90	0027bd33	sltu	x26,x15,x2	 x15:0x00000000  x2:0x00000000 x26=0x00000000
       21595000	      2158	80000a94	b9f494b7	lui	x9,0xb9f49	  x9=0xb9f49000
       21605000	      2159	80000a98	00d68c03	lb	x24,13(x13)	 x13:0x80008309 x24=0xffffffcd PA:0x80008316
       21615000	      2160	80000a9c	d2e2bd13	sltiu	x26,x5,-722	  x5:0x00004c82 x26=0x00000001
       21625000	      2161	80000aa0	00d6c583	lbu	x11,13(x13)	 x13:0x80008309 x11=0x000000cd PA:0x80008316
       21635000	      2162	80000aa4	ff868ba3	sb	x24,-9(x13)	 x13:0x80008309 x24:0xffffffcd PA:0x80008300
       21645000	      2163	80000aa8	d3430d37	lui	x26,0xd3430	 x26=0xd3430000
       21655000	      2164	80000aac	ffb6d583	lhu	x11,-5(x13)	 x13:0x80008309 x11=0x0000bebf PA:0x80008304
       21665000	      2165	80000ab0	fe568a23	sb	x5,-12(x13)	 x13:0x80008309  x5:0x00004c82 PA:0x800082fd
       21675000	      2166	80000ab4	00c929b3	slt	x19,x18,x12	 x18:0x00000118 x12:0x00000070 x19=0x00000000
       21685000	      2167	80000ab8	e3778d93	addi	x27,x15,-457	 x15:0x00000000 x27=0xfffffe37
       21695000	      2168	80000abc	00c68623	sb	x12,12(x13)	 x13:0x80008309 x12:0x00000070 PA:0x80008315
       21705000	      2169	80000ac0	40c1d413	srai	x8,x3,0xc	  x3:0x0000002d  x8=0x00000000
       21715000	      2170	80000ac4	00d7e133	or	x2,x15,x13	 x15:0x00000000 x13:0x80008309  x2=0x80008309
       21725000	      2171	80000ac8	b44ebe13	sltiu	x28,x29,-1212	 x29:0x00000082 x28=0x00000001
       21735000	      2172	80000acc	01a68423	sb	x26,8(x13)	 x13:0x80008309 x26:0xd3430000 PA:0x80008311
       21745000	      2173	80000ad0	00008397	auipc	x7,0x8	  x7=0x80008acc
       21755000	      2174	80000ad4	bcb38393	addi	x7,x7,-1077	  x7:0x80008acc  x7=0x80008697
       21765000	      2175	80000ad8	e8f38f03	lb	x30,-369(x7)	  x7:0x80008697 x30=0xffffffdd PA:0x80008526
       21775000	      2176	80000adc	e8f3d483	lhu	x9,-369(x7)	  x7:0x80008697  x9=0x0000dcdd PA:0x80008526
       21785000	      2177	80000ae0	530057b7	lui	x15,0x53005	 x15=0x53005000
       21795000	      2178	80000ae4	e8f38403	lb	x8,-369(x7)	  x7:0x80008697  x8=0xffffffdd PA:0x80008526
       21805000	      2179	80000ae8	e8f39783	lh	x15,-369(x7)	  x7:0x80008697 x15=0xffffdcdd PA:0x80008526
       21815000	      2180	80000aec	17638b23	sb	x22,374(x7)	  x7:0x80008697 x22:0x000000d2 PA:0x8000880d
       21825000	      2181	80000af0	17638e03	lb	x28,374(x7)	  x7:0x80008697 x28=0xffffffd2 PA:0x8000880d
       21835000	      2182	80000af4	03438f83	lb	x31,52(x7)	  x7:0x80008697 x31=0xffffff80 PA:0x800086cb
       21845000	      2183	80000af8	c9d3a983	lw	x19,-867(x7)	  x7:0x80008697 x19=0xecedee18 PA:0x80008334
       21855000	      2184	80000afc	c9238ea3	sb	x18,-867(x7)	  x7:0x80008697 x18:0x00000118 PA:0x80008334
       21865000	      2185	80000b00	a2c38aa3	sb	x12,-1483(x7)	  x7:0x80008697 x12:0x00000070 PA:0x800080cc
       21875000	      2186	80000b04	b8838403	lb	x8,-1144(x7)	  x7:0x80008697  x8=0xffffffd4 PA:0x8000821f
       21885000	      2187	80000b08	e983c103	lbu	x2,-360(x7)	  x7:0x80008697  x2=0x000000e4 PA:0x8000852f
       21895000	      2188	80000b0c	00a71933	sll	x18,x14,x10	 x14:0x80009f4c x10:0x00000000 x18=0x80009f4c
       21905000	      2189	80000b10	d1939aa3	sh	x25,-747(x7)	  x7:0x80008697 x25:0x80000000 PA:0x800083ac
       21915000	      2190	80000b14	00008117	auipc	x2,0x8	  x2=0x80008b10
       21925000	      2191	80000b18	1fb10113	addi	x2,x2,507	  x2:0x80008b10  x2=0x80008d0b
       21935000	      2192	80000b1c	00b15483	lhu	x9,11(x2)	  x2:0x80008d0b  x9=0x00004cfd PA:0x80008d16
       21945000	      2193	80000b20	01c10723	sb	x28,14(x2)	  x2:0x80008d0b x28:0xffffffd2 PA:0x80008d19
       21955000	      2194	80000b24	fe410e23	sb	x4,-4(x2)	  x2:0x80008d0b  x4:0x00000013 PA:0x80008d07
       21965000	      2195	80000b28	ff114783	lbu	x15,-15(x2)	  x2:0x80008d0b x15=0x000000fd PA:0x80008cfc
       21975000	      2196	80000b2c	40a35533	sra	x10,x6,x10	  x6:0x0000004f x10:0x00000000 x10=0x0000004f
       21985000	      2197	80000b30	00810123	sb	x8,2(x2)	  x2:0x80008d0b  x8:0xffffffd4 PA:0x80008d0d
       21995000	      2198	80000b34	00512c03	lw	x24,5(x2)	  x2:0x80008d0b x24=0xf8f9fafb PA:0x80008d10
       22005000	      2199	80000b38	ffd11683	lh	x13,-3(x2)	  x2:0x80008d0b x13=0xfffff2f3 PA:0x80008d08
       22015000	      2200	80000b3c	ffa14783	lbu	x15,-6(x2)	  x2:0x80008d0b x15=0x000000ee PA:0x80008d05
       22025000	      2201	80000b40	005111a3	sh	x5,3(x2)	  x2:0x80008d0b  x5:0x00004c82 PA:0x80008d0e
       22035000	      2202	80000b44	ffb15b03	lhu	x22,-5(x2)	  x2:0x80008d0b x22=0x000013ed PA:0x80008d06
       22045000	      2203	80000b48	1b408813	addi	x16,x1,436	  x1:0x8000899d x16=0x80008b51
       22055000	      2204	80000b4c	016cc433	xor	x8,x25,x22	 x25:0x80000000 x22:0x000013ed  x8=0x800013ed
       22065000	      2205	80000b50	d83a2613	slti	x12,x20,-637	 x20:0x00000009 x12=0x00000000
       22075000	      2206	80000b54	00a10003	lb	x0,10(x2)	  x2:0x80008d0b PA:0x80008d15
       22085000	      2207	80000b58	00214403	lbu	x8,2(x2)	  x2:0x80008d0b  x8=0x000000d4 PA:0x80008d0d
       22095000	      2208	80000b5c	93b9b213	sltiu	x4,x19,-1733	 x19:0xecedee18  x4=0x00000001
       22105000	      2209	80000b60	ff314903	lbu	x18,-13(x2)	  x2:0x80008d0b x18=0x000000e5 PA:0x80008cfe
       22115000	      2210	80000b64	00b14403	lbu	x8,11(x2)	  x2:0x80008d0b  x8=0x000000fd PA:0x80008d16
       22125000	      2211	80000b68	00b10723	sb	x11,14(x2)	  x2:0x80008d0b x11:0x0000bebf PA:0x80008d19
       22135000	      2212	80000b6c	00d10d83	lb	x27,13(x2)	  x2:0x80008d0b x27=0xffffffdd PA:0x80008d18
       22145000	      2213	80000b70	00000013	addi	x0,x0,0	  x0:0x00000000
       22155000	      2214	80000b74	409bd013	srai	x0,x23,0x9	 x23:0x80009fc4
       22165000	      2215	80000b78	01e116a3	sh	x30,13(x2)	  x2:0x80008d0b x30:0xffffffdd PA:0x80008d18
       22175000	      2216	80000b7c	f9aa8193	addi	x3,x21,-102	 x21:0x00000000  x3=0xffffff9a
       22185000	      2217	80000b80	01727ab3	and	x21,x4,x23	  x4:0x00000001 x23:0x80009fc4 x21=0x00000000
       22195000	      2218	80000b84	fe512aa3	sw	x5,-11(x2)	  x2:0x80008d0b  x5:0x00004c82 PA:0x80008d00
       22205000	      2219	80000b88	ff610683	lb	x13,-10(x2)	  x2:0x80008d0b x13=0x0000004c PA:0x80008d01
       22215000	      2220	80000b8c	017080b3	add	x1,x1,x23	  x1:0x8000899d x23:0x80009fc4  x1=0x00012961
       22225000	      2221	80000b90	b2060d93	addi	x27,x12,-1248	 x12:0x00000000 x27=0xfffffb20
       22235000	      2222	80000b94	01014e83	lbu	x29,16(x2)	  x2:0x80008d0b x29=0x00000000 PA:0x80008d1b
       22245000	      2223	80000b98	00310203	lb	x4,3(x2)	  x2:0x80008d0b  x4=0xffffff82 PA:0x80008d0e
       22255000	      2224	80000b9c	002115b3	sll	x11,x2,x2	  x2:0x80008d0b  x2:0x80008d0b x11=0x04685800
       22265000	      2225	80000ba0	000972b3	and	x5,x18,x0	 x18:0x000000e5  x0:0x00000000  x5=0x00000000
       22275000	      2226	80000ba4	ff114203	lbu	x4,-15(x2)	  x2:0x80008d0b  x4=0x000000fd PA:0x80008cfc
       22285000	      2227	80000ba8	00de4333	xor	x6,x28,x13	 x28:0xffffffd2 x13:0x0000004c  x6=0xffffff9e
       22295000	      2228	80000bac	013e2b33	slt	x22,x28,x19	 x28:0xffffffd2 x19:0xecedee18 x22=0x00000000
       22305000	      2229	80000bb0	1a956393	ori	x7,x10,425	 x10:0x0000004f  x7=0x000001ef
       22315000	      2230	80000bb4	00014003	lbu	x0,0(x2)	  x2:0x80008d0b PA:0x80008d0b
       22325000	      2231	80000bb8	ff414283	lbu	x5,-12(x2)	  x2:0x80008d0b  x5=0x000000e4 PA:0x80008cff
       22335000	      2232	80000bbc	fe8108a3	sb	x8,-15(x2)	  x2:0x80008d0b  x8:0x000000fd PA:0x80008cfc
       22345000	      2233	80000bc0	ff410603	lb	x12,-12(x2)	  x2:0x80008d0b x12=0xffffffe4 PA:0x80008cff
       22355000	      2234	80000bc4	00008d17	auipc	x26,0x8	 x26=0x80008bc0
       22365000	      2235	80000bc8	2a2d0d13	addi	x26,x26,674	 x26:0x80008bc0 x26=0x80008e62
       22375000	      2236	80000bcc	0116ac33	slt	x24,x13,x17	 x13:0x0000004c x17:0xffffff9b x24=0x00000000
       22385000	      2237	80000bd0	006bdf33	srl	x30,x23,x6	 x23:0x80009fc4  x6:0xffffff9e x30=0x00000002
       22395000	      2238	80000bd4	ffbd4303	lbu	x6,-5(x26)	 x26:0x80008e62  x6=0x00000046 PA:0x80008e5d
       22405000	      2239	80000bd8	fffd4583	lbu	x11,-1(x26)	 x26:0x80008e62 x11=0x0000004a PA:0x80008e61
       22415000	      2240	80000bdc	03280e93	addi	x29,x16,50	 x16:0x80008b51 x29=0x80008b83
       22425000	      2241	80000be0	010d1103	lh	x2,16(x26)	 x26:0x80008e62  x2=0x00000001 PA:0x80008e72
       22435000	      2242	80000be4	ff0d0aa3	sb	x16,-11(x26)	 x26:0x80008e62 x16:0x80008b51 PA:0x80008e57
       22445000	      2243	80000be8	ff6d5183	lhu	x3,-10(x26)	 x26:0x80008e62  x3=0x00000043 PA:0x80008e58
       22455000	      2244	80000bec	ff5d4303	lbu	x6,-11(x26)	 x26:0x80008e62  x6=0x00000051 PA:0x80008e57
       22465000	      2245	80000bf0	0bacfa93	andi	x21,x25,186	 x25:0x80000000 x21=0x00000000
       22475000	      2246	80000bf4	00ad5383	lhu	x7,10(x26)	 x26:0x80008e62  x7=0x00005657 PA:0x80008e6c
       22485000	      2247	80000bf8	00fb49b3	xor	x19,x22,x15	 x22:0x00000000 x15:0x000000ee x19=0x000000ee
       22495000	      2248	80000bfc	f71cf037	lui	x0,0xf71cf	
       22505000	      2249	80000c00	ffad0ca3	sb	x26,-7(x26)	 x26:0x80008e62 x26:0x80008e62 PA:0x80008e5b
       22515000	      2250	80000c04	000cdfb3	srl	x31,x25,x0	 x25:0x80000000  x0:0x00000000 x31=0x80000000
       22525000	      2251	80000c08	001d2723	sw	x1,14(x26)	 x26:0x80008e62  x1:0x00012961 PA:0x80008e70
       22535000	      2252	80000c0c	00df9833	sll	x16,x31,x13	 x31:0x80000000 x13:0x0000004c x16=0x00000000
       22545000	      2253	80000c10	00000013	addi	x0,x0,0	  x0:0x00000000
       22555000	      2254	80000c14	015d06a3	sb	x21,13(x26)	 x26:0x80008e62 x21:0x00000000 PA:0x80008e6f
       22565000	      2255	80000c18	ef49ce17	auipc	x28,0xef49c	 x28=0x6f49cc14
       22575000	      2256	80000c1c	012e3e33	sltu	x28,x28,x18	 x28:0x6f49cc14 x18:0x000000e5 x28=0x00000000
       22585000	      2257	80000c20	ed74f813	andi	x16,x9,-297	  x9:0x00004cfd x16=0x00004cd5
       22595000	      2258	80000c24	fe6d2923	sw	x6,-14(x26)	 x26:0x80008e62  x6:0x00000051 PA:0x80008e54
       22605000	      2259	80000c28	ffdd0103	lb	x2,-3(x26)	 x26:0x80008e62  x2=0x00000044 PA:0x80008e5f
       22615000	      2260	80000c2c	ff2d0ba3	sb	x18,-9(x26)	 x26:0x80008e62 x18:0x000000e5 PA:0x80008e59
       22625000	      2261	80000c30	00008317	auipc	x6,0x8	  x6=0x80008c2c
       22635000	      2262	80000c34	06a30313	addi	x6,x6,106	  x6:0x80008c2c  x6=0x80008c96
       22645000	      2263	80000c38	00000013	addi	x0,x0,0	  x0:0x00000000
       22655000	      2264	80000c3c	027305a3	sb	x7,43(x6)	  x6:0x80008c96  x7:0x00005657 PA:0x80008cc1
       22665000	      2265	80000c40	03b305a3	sb	x27,43(x6)	  x6:0x80008c96 x27:0xfffffb20 PA:0x80008cc1
       22675000	      2266	80000c44	407c4c37	lui	x24,0x407c4	 x24=0x407c4000
       22685000	      2267	80000c48	41e1de33	sra	x28,x3,x30	  x3:0x00000043 x30:0x00000002 x28=0x00000010
       22695000	      2268	80000c4c	02b30e83	lb	x29,43(x6)	  x6:0x80008c96 x29=0x00000020 PA:0x80008cc1
       22705000	      2269	80000c50	000c7b33	and	x22,x24,x0	 x24:0x407c4000  x0:0x00000000 x22=0x00000000
       22715000	      2270	80000c54	02b30b03	lb	x22,43(x6)	  x6:0x80008c96 x22=0x00000020 PA:0x80008cc1
       22725000	      2271	80000c58	021305a3	sb	x1,43(x6)	  x6:0x80008c96  x1:0x00012961 PA:0x80008cc1
       22735000	      2272	80000c5c	02a305a3	sb	x10,43(x6)	  x6:0x80008c96 x10:0x0000004f PA:0x80008cc1
       22745000	      2273	80000c60	023305a3	sb	x3,43(x6)	  x6:0x80008c96  x3:0x00000043 PA:0x80008cc1
       22755000	      2274	80000c64	634a3693	sltiu	x13,x20,1588	 x20:0x00000009 x13=0x00000001
       22765000	      2275	80000c68	41195793	srai	x15,x18,0x11	 x18:0x000000e5 x15=0x00000000
       22775000	      2276	80000c6c	00431f83	lh	x31,4(x6)	  x6:0x80008c96 x31=0xffff8081 PA:0x80008c9a
       22785000	      2277	80000c70	fce31f83	lh	x31,-50(x6)	  x6:0x80008c96 x31=0x00004e4f PA:0x80008c64
       22795000	      2278	00000000	00000013	addi	x0,x0,0	  x0:0x00000000
       22805000	      2279	80000c74	03f34903	lbu	x18,63(x6)	  x6:0x80008c96 x18=0x000000be PA:0x80008cd5
       22815000	      2280	80000c78	00007117	auipc	x2,0x7	  x2=0x80007c74
       22825000	      2281	80000c7c	46110113	addi	x2,x2,1121	  x2:0x80007c74  x2=0x800080d5
       22835000	      2282	80000c80	06014d83	lbu	x27,96(x2)	  x2:0x800080d5 x27=0x0000008a PA:0x80008135
       22845000	      2283	80000c84	e41b90b7	lui	x1,0xe41b9	  x1=0xe41b9000
       22855000	      2284	80000c88	06010b03	lb	x22,96(x2)	  x2:0x800080d5 x22=0xffffff8a PA:0x80008135
       22865000	      2285	80000c8c	011feab3	or	x21,x31,x17	 x31:0x00004e4f x17:0xffffff9b x21=0xffffffdf
       22875000	      2286	80000c90	07110023	sb	x17,96(x2)	  x2:0x800080d5 x17:0xffffff9b PA:0x80008135
       22885000	      2287	80000c94	d75e82b7	lui	x5,0xd75e8	  x5=0xd75e8000
       22895000	      2288	80000c98	f9c10f83	lb	x31,-100(x2)	  x2:0x800080d5 x31=0x0000002a PA:0x80008071
       22905000	      2289	80000c9c	f9c14783	lbu	x15,-100(x2)	  x2:0x800080d5 x15=0x0000002a PA:0x80008071
       22915000	      2290	80000ca0	f9c14783	lbu	x15,-100(x2)	  x2:0x800080d5 x15=0x0000002a PA:0x80008071
       22925000	      2291	80000ca4	f9c10b03	lb	x22,-100(x2)	  x2:0x800080d5 x22=0x0000002a PA:0x80008071
       22935000	      2292	80000ca8	0028ba93	sltiu	x21,x17,2	 x17:0xffffff9b x21=0x00000000
       22945000	      2293	80000cac	f7a14f03	lbu	x30,-134(x2)	  x2:0x800080d5 x30=0x00000001 PA:0x8000804f
       22955000	      2294	80000cb0	f7810d23	sb	x24,-134(x2)	  x2:0x800080d5 x24:0x407c4000 PA:0x8000804f
       22965000	      2295	80000cb4	2e7a3593	sltiu	x11,x20,743	 x20:0x00000009 x11=0x00000001
       22975000	      2296	80000cb8	f7a14583	lbu	x11,-134(x2)	  x2:0x800080d5 x11=0x00000000 PA:0x8000804f
       22985000	      2297	80000cbc	f6d10d23	sb	x13,-134(x2)	  x2:0x800080d5 x13:0x00000001 PA:0x8000804f
       22995000	      2298	80000cc0	03a10183	lb	x3,58(x2)	  x2:0x800080d5  x3=0xffffffb1 PA:0x8000810f
       23005000	      2299	80000cc4	03410d23	sb	x20,58(x2)	  x2:0x800080d5 x20:0x00000009 PA:0x8000810f
       23015000	      2300	80000cc8	00008117	auipc	x2,0x8	  x2=0x80008cc4
       23025000	      2301	80000ccc	8d610113	addi	x2,x2,-1834	  x2:0x80008cc4  x2=0x8000859a
       23035000	      2302	80000cd0	00b14a03	lbu	x20,11(x2)	  x2:0x8000859a x20=0x0000005e PA:0x800085a5
       23045000	      2303	80000cd4	00c100a3	sb	x12,1(x2)	  x2:0x8000859a x12:0xffffffe4 PA:0x8000859b
       23055000	      2304	80000cd8	017f5313	srli	x6,x30,0x17	 x30:0x00000001  x6=0x00000000
       23065000	      2305	80000cdc	01e5d013	srli	x0,x11,0x1e	 x11:0x00000000
       23075000	      2306	80000ce0	ff110c23	sb	x17,-8(x2)	  x2:0x8000859a x17:0xffffff9b PA:0x80008592
       23085000	      2307	80000ce4	fee11e23	sh	x14,-4(x2)	  x2:0x8000859a x14:0x80009f4c PA:0x80008596
       23095000	      2308	80000ce8	7d1db837	lui	x16,0x7d1db	 x16=0x7d1db000
       23105000	      2309	80000cec	0183ef33	or	x30,x7,x24	  x7:0x00005657 x24:0x407c4000 x30=0x407c5657
       23115000	      2310	80000cf0	010875b3	and	x11,x16,x16	 x16:0x7d1db000 x16:0x7d1db000 x11=0x7d1db000
       23125000	      2311	80000cf4	01bc1833	sll	x16,x24,x27	 x24:0x407c4000 x27:0x0000008a x16=0xf1000000
       23135000	      2312	80000cf8	01305213	srli	x4,x0,0x13	  x0:0x00000000  x4=0x00000000
       23145000	      2313	80000cfc	38d4c393	xori	x7,x9,909	  x9:0x00004cfd  x7=0x00004f70
       23155000	      2314	80000d00	f7b35c17	auipc	x24,0xf7b35	 x24=0x77b35cfc
       23165000	      2315	80000d04	401403b3	sub	x7,x8,x1	  x8:0x000000fd  x1:0xe41b9000  x7=0x1be470fd
       23175000	      2316	80000d08	40230fb3	sub	x31,x6,x2	  x6:0x00000000  x2:0x8000859a x31=0x7fff7a66
       23185000	      2317	80000d0c	011a9a33	sll	x20,x21,x17	 x21:0x00000000 x17:0xffffff9b x20=0x00000000
       23195000	      2318	80000d10	05f2d397	auipc	x7,0x5f2d	  x7=0x85f2dd0c
       23205000	      2319	80000d14	fe110f23	sb	x1,-2(x2)	  x2:0x8000859a  x1:0xe41b9000 PA:0x80008598
       23215000	      2320	80000d18	fff14083	lbu	x1,-1(x2)	  x2:0x8000859a  x1=0x000000ff PA:0x80008599
       23225000	      2321	80000d1c	fc0ca0b7	lui	x1,0xfc0ca	  x1=0xfc0ca000
       23235000	      2322	80000d20	fec12f23	sw	x12,-2(x2)	  x2:0x8000859a x12:0xffffffe4 PA:0x80008598
       23245000	      2323	80000d24	00000013	addi	x0,x0,0	  x0:0x00000000
       23255000	      2324	80000d28	413b5d33	sra	x26,x22,x19	 x22:0x0000002a x19:0x000000ee x26=0x00000000
       23265000	      2325	80000d2c	29104b13	xori	x22,x0,657	  x0:0x00000000 x22=0x00000291
       23275000	      2326	80000d30	008de633	or	x12,x27,x8	 x27:0x0000008a  x8:0x000000fd x12=0x000000ff
       23285000	      2327	80000d34	d90bc493	xori	x9,x23,-624	 x23:0x80009fc4  x9=0x7fff6254
       23295000	      2328	80000d38	01451e93	slli	x29,x10,0x14	 x10:0x0000004f x29=0x04f00000
       23305000	      2329	80000d3c	00f6ce33	xor	x28,x13,x15	 x13:0x00000001 x15:0x0000002a x28=0x0000002b
       23315000	      2330	80000d40	00000013	addi	x0,x0,0	  x0:0x00000000
       23325000	      2331	80000d44	01010d03	lb	x26,16(x2)	  x2:0x8000859a x26=0x00000061 PA:0x800085aa
       23335000	      2332	80000d48	00015a83	lhu	x21,0(x2)	  x2:0x8000859a x21=0x0000ffff PA:0x8000859a
       23345000	      2333	00000000	00000013	addi	x0,x0,0	  x0:0x00000000
       23355000	      2334	80000d4c	ff514e83	lbu	x29,-11(x2)	  x2:0x8000859a x29=0x00000044 PA:0x8000858f
       23365000	      2335	80000d50	a12ab793	sltiu	x15,x21,-1518	 x21:0x0000ffff x15=0x00000001
       23375000	      2336	80000d54	fff14c03	lbu	x24,-1(x2)	  x2:0x8000859a x24=0x000000ff PA:0x80008599
       23385000	      2337	80000d58	fec10fa3	sb	x12,-1(x2)	  x2:0x8000859a x12:0x000000ff PA:0x80008599
       23395000	      2338	80000d5c	00008997	auipc	x19,0x8	 x19=0x80008d58
       23405000	      2339	80000d60	26598993	addi	x19,x19,613	 x19:0x80008d58 x19=0x80008fbd
       23415000	      2340	80000d64	00008697	auipc	x13,0x8	 x13=0x80008d60
       23425000	      2341	80000d68	ec468693	addi	x13,x13,-316	 x13:0x80008d60 x13=0x80008c24
       23435000	      2342	80000d6c	00008497	auipc	x9,0x8	  x9=0x80008d68
       23445000	      2343	80000d70	ce048493	addi	x9,x9,-800	  x9:0x80008d68  x9=0x80008a48
       23455000	      2344	80000d74	ffa98383	lb	x7,-6(x19)	 x19:0x80008fbd  x7=0xffffff9c PA:0x80008fb7
       23465000	      2345	80000d78	00b990a3	sh	x11,1(x19)	 x19:0x80008fbd x11:0x7d1db000 PA:0x80008fbe
       23475000	      2346	80000d7c	ff168c23	sb	x17,-8(x13)	 x13:0x80008c24 x17:0xffffff9b PA:0x80008c1c
       23485000	      2347	80000d80	0f848503	lb	x10,248(x9)	  x9:0x80008a48 x10=0x0000002b PA:0x80008b40
       23495000	      2348	80000d84	0029c103	lbu	x2,2(x19)	 x19:0x80008fbd  x2=0x000000b0 PA:0x80008fbf
       23505000	      2349	80000d88	fb748d83	lb	x27,-73(x9)	  x9:0x80008a48 x27=0xffffffe4 PA:0x800089ff
       23515000	      2350	80000d8c	ff898b23	sb	x24,-10(x19)	 x19:0x80008fbd x24:0x000000ff PA:0x80008fb3
       23525000	      2351	80000d90	01998023	sb	x25,0(x19)	 x19:0x80008fbd x25:0x80000000 PA:0x80008fbd
       23535000	      2352	80000d94	00268883	lb	x17,2(x13)	 x13:0x80008c24 x17=0x0000000d PA:0x80008c26
       23545000	      2353	80000d98	fe598fa3	sb	x5,-1(x19)	 x19:0x80008fbd  x5:0xd75e8000 PA:0x80008fbc
       23555000	      2354	80000d9c	01169023	sh	x17,0(x13)	 x13:0x80008c24 x17:0x0000000d PA:0x80008c24
       23565000	      2355	80000da0	00e9c803	lbu	x16,14(x19)	 x19:0x80008fbd x16=0x000000b0 PA:0x80008fcb
       23575000	      2356	80000da4	00a98783	lb	x15,10(x19)	 x19:0x80008fbd x15=0xffffffac PA:0x80008fc7
       23585000	      2357	80000da8	05b482a3	sb	x27,69(x9)	  x9:0x80008a48 x27:0xffffffe4 PA:0x80008a8d
       23595000	      2358	80000dac	0099c583	lbu	x11,9(x19)	 x19:0x80008fbd x11=0x000000ad PA:0x80008fc6
       23605000	      2359	80000db0	fe668f23	sb	x6,-2(x13)	 x13:0x80008c24  x6:0x00000000 PA:0x80008c22
       23615000	      2360	80000db4	f5d48403	lb	x8,-163(x9)	  x9:0x80008a48  x8=0xffffff8e PA:0x800089a5
       23625000	      2361	80000db8	fb24c283	lbu	x5,-78(x9)	  x9:0x80008a48  x5=0x000000e1 PA:0x800089fa
       23635000	      2362	80000dbc	0f248923	sb	x18,242(x9)	  x9:0x80008a48 x18:0x000000be PA:0x80008b3a
       23645000	      2363	80000dc0	ff498403	lb	x8,-12(x19)	 x19:0x80008fbd  x8=0xffffff9a PA:0x80008fb1
       23655000	      2364	80000dc4	fd14c583	lbu	x11,-47(x9)	  x9:0x80008a48 x11=0x00000002 PA:0x80008a19
       23665000	      2365	80000dc8	0076c203	lbu	x4,7(x13)	 x13:0x80008c24  x4=0x00000010 PA:0x80008c2b
       23675000	      2366	80000dcc	07d4c583	lbu	x11,125(x9)	  x9:0x80008a48 x11=0x000000ae PA:0x80008ac5
       23685000	      2367	80000dd0	ff849f83	lh	x31,-8(x9)	  x9:0x80008a48 x31=0x00002a2b PA:0x80008a40
       23695000	      2368	80000dd4	01869723	sh	x24,14(x13)	 x13:0x80008c24 x24:0x000000ff PA:0x80008c32
       23705000	      2369	80000dd8	f6c49b23	sh	x12,-138(x9)	  x9:0x80008a48 x12:0x000000ff PA:0x800089be
       23715000	      2370	80000ddc	00008a17	auipc	x20,0x8	 x20=0x80008dd8
       23725000	      2371	80000de0	c63a0a13	addi	x20,x20,-925	 x20:0x80008dd8 x20=0x80008a3b
       23735000	      2372	80000de4	024a0ea3	sb	x4,61(x20)	 x20:0x80008a3b  x4:0x00000010 PA:0x80008a78
       23745000	      2373	80000de8	03da2183	lw	x3,61(x20)	 x20:0x80008a3b  x3=0x60616210 PA:0x80008a78
       23755000	      2374	80000dec	03da5b03	lhu	x22,61(x20)	 x20:0x80008a3b x22=0x00006210 PA:0x80008a78
       23765000	      2375	80000df0	e20db613	sltiu	x12,x27,-480	 x27:0xffffffe4 x12=0x00000000
       23775000	      2376	80000df4	fe3a0c23	sb	x3,-8(x20)	 x20:0x80008a3b  x3:0x60616210 PA:0x80008a33
       23785000	      2377	80000df8	00ba00a3	sb	x11,1(x20)	 x20:0x80008a3b x11:0x000000ae PA:0x80008a3c
       23795000	      2378	80000dfc	001a0103	lb	x2,1(x20)	 x20:0x80008a3b  x2=0xffffffae PA:0x80008a3c
       23805000	      2379	80000e00	fc8a0983	lb	x19,-56(x20)	 x20:0x80008a3b x19=0x00000000 PA:0x80008a03
       23815000	      2380	80000e04	fc6a0423	sb	x6,-56(x20)	 x20:0x80008a3b  x6:0x00000000 PA:0x80008a03
       23825000	      2381	80000e08	fcba0b03	lb	x22,-53(x20)	 x20:0x80008a3b x22=0x00000010 PA:0x80008a06
       23835000	      2382	80000e0c	00000013	addi	x0,x0,0	  x0:0x00000000
       23845000	      2383	80000e10	fc8a15a3	sh	x8,-53(x20)	 x20:0x80008a3b  x8:0xffffff9a PA:0x80008a06
       23855000	      2384	80000e14	fc4a15a3	sh	x4,-53(x20)	 x20:0x80008a3b  x4:0x00000010 PA:0x80008a06
       23865000	      2385	80000e18	035a10a3	sh	x21,33(x20)	 x20:0x80008a3b x21:0x0000ffff PA:0x80008a5c
       23875000	      2386	80000e1c	004c2533	slt	x10,x24,x4	 x24:0x000000ff  x4:0x00000010 x10=0x00000000
       23885000	      2387	80000e20	021a1283	lh	x5,33(x20)	 x20:0x80008a3b  x5=0xffffffff PA:0x80008a5c
       23895000	      2388	80000e24	021a4e03	lbu	x28,33(x20)	 x20:0x80008a3b x28=0x000000ff PA:0x80008a5c
       23905000	      2389	80000e28	00008c17	auipc	x24,0x8	 x24=0x80008e24
       23915000	      2390	80000e2c	f79c0c13	addi	x24,x24,-135	 x24:0x80008e24 x24=0x80008d9d
       23925000	      2391	80000e30	00098ab3	add	x21,x19,x0	 x19:0x00000000  x0:0x00000000 x21=0x00000000
       23935000	      2392	80000e34	fd2c0723	sb	x18,-50(x24)	 x24:0x80008d9d x18:0x000000be PA:0x80008d6b
       23945000	      2393	80000e38	6db7c793	xori	x15,x15,1755	 x15:0xffffffac x15=0xfffff977
       23955000	      2394	80000e3c	037c0083	lb	x1,55(x24)	 x24:0x80008d9d  x1=0xffffffbf PA:0x80008dd4
       23965000	      2395	80000e40	038c4303	lbu	x6,56(x24)	 x24:0x80008d9d  x6=0x000000be PA:0x80008dd5
       23975000	      2396	80000e44	fcfc4783	lbu	x15,-49(x24)	 x24:0x80008d9d x15=0x00000057 PA:0x80008d6c
       23985000	      2397	80000e48	fd6c0583	lb	x11,-42(x24)	 x24:0x80008d9d x11=0x00000058 PA:0x80008d73
       23995000	      2398	80000e4c	01ac4a33	xor	x20,x24,x26	 x24:0x80008d9d x26:0x00000061 x20=0x80008dfc
       24005000	      2399	80000e50	fffc0ca3	sb	x31,-7(x24)	 x24:0x80008d9d x31:0x00002a2b PA:0x80008d96
       24015000	      2400	80000e54	005c11a3	sh	x5,3(x24)	 x24:0x80008d9d  x5:0xffffffff PA:0x80008da0
       24025000	      2401	80000e58	004c9113	slli	x2,x25,0x4	 x25:0x80000000  x2=0x00000000
       24035000	      2402	80000e5c	e34afa13	andi	x20,x21,-460	 x21:0x00000000 x20=0x00000000
       24045000	      2403	80000e60	050c0023	sb	x16,64(x24)	 x24:0x80008d9d x16:0x000000b0 PA:0x80008ddd
       24055000	      2404	80000e64	0071e5b3	or	x11,x3,x7	  x3:0x60616210  x7:0xffffff9c x11=0xffffff9c
       24065000	      2405	80000e68	00e21633	sll	x12,x4,x14	  x4:0x00000010 x14:0x80009f4c x12=0x00010000
       24075000	      2406	80000e6c	00780233	add	x4,x16,x7	 x16:0x000000b0  x7:0xffffff9c  x4=0x0000004c
       24085000	      2407	80000e70	ff48a093	slti	x1,x17,-12	 x17:0x0000000d  x1=0x00000000
       24095000	      2408	80000e74	41ff8ab3	sub	x21,x31,x31	 x31:0x00002a2b x31:0x00002a2b x21=0x00000000
       24105000	      2409	80000e78	41a2d293	srai	x5,x5,0x1a	  x5:0xffffffff  x5=0xffffffff
       24115000	      2410	80000e7c	cd6f3993	sltiu	x19,x30,-810	 x30:0x407c5657 x19=0x00000001
       24125000	      2411	80000e80	0062bb33	sltu	x22,x5,x6	  x5:0xffffffff  x6:0x000000be x22=0x00000000
       24135000	      2412	80000e84	00dad493	srli	x9,x21,0xd	 x21:0x00000000  x9=0x00000000
       24145000	      2413	80000e88	ffdc04a3	sb	x29,-23(x24)	 x24:0x80008d9d x29:0x00000044 PA:0x80008d86
       24155000	      2414	80000e8c	fccc0e83	lb	x29,-52(x24)	 x24:0x80008d9d x29=0x00000052 PA:0x80008d69
       24165000	      2415	80000e90	f4d75997	auipc	x19,0xf4d75	 x19=0x74d75e8c
       24175000	      2416	80000e94	8108b413	sltiu	x8,x17,-2032	 x17:0x0000000d  x8=0x00000001
       24185000	      2417	80000e98	016e8db3	add	x27,x29,x22	 x29:0x00000052 x22:0x00000000 x27=0x00000052
       24195000	      2418	80000e9c	fccc0423	sb	x12,-56(x24)	 x24:0x80008d9d x12:0x00010000 PA:0x80008d65
       24205000	      2419	80000ea0	007403b3	add	x7,x8,x7	  x8:0x00000001  x7:0xffffff9c  x7=0xffffff9d
       24215000	      2420	80000ea4	40fe5333	sra	x6,x28,x15	 x28:0x000000ff x15:0x00000057  x6=0x00000000
       24225000	      2421	80000ea8	fccc0da3	sb	x12,-37(x24)	 x24:0x80008d9d x12:0x00010000 PA:0x80008d78
       24235000	      2422	80000eac	ff7c2a83	lw	x21,-9(x24)	 x24:0x80008d9d x21=0x522bd47f PA:0x80008d94
       24245000	      2423	80000eb0	034c0983	lb	x19,52(x24)	 x24:0x80008d9d x19=0xffffffba PA:0x80008dd1
       24255000	      2424	80000eb4	fc4c0923	sb	x4,-46(x24)	 x24:0x80008d9d  x4:0x0000004c PA:0x80008d6f
       24265000	      2425	80000eb8	040c4f83	lbu	x31,64(x24)	 x24:0x80008d9d x31=0x000000b0 PA:0x80008ddd
       24275000	      2426	80000ebc	ff1c4603	lbu	x12,-15(x24)	 x24:0x80008d9d x12=0x00000075 PA:0x80008d8e
       24285000	      2427	00000000	00000013	addi	x0,x0,0	  x0:0x00000000
       24295000	      2428	80000ec0	fccc4603	lbu	x12,-52(x24)	 x24:0x80008d9d x12=0x00000052 PA:0x80008d69
       24305000	      2429	80000ec4	40978633	sub	x12,x15,x9	 x15:0x00000057  x9:0x00000000 x12=0x00000057
       24315000	      2430	80000ec8	1640f993	andi	x19,x1,356	  x1:0x00000000 x19=0x00000000
       24325000	      2431	80000ecc	01d63f33	sltu	x30,x12,x29	 x12:0x00000057 x29:0x00000052 x30=0x00000000
       24335000	      2432	80000ed0	fedc1083	lh	x1,-19(x24)	 x24:0x80008d9d  x1=0x00007071 PA:0x80008d8a
       24345000	      2433	80000ed4	00829833	sll	x16,x5,x8	  x5:0xffffffff  x8:0x00000001 x16=0xfffffffe
       24355000	      2434	80000ed8	ffbc4483	lbu	x9,-5(x24)	 x24:0x80008d9d  x9=0x00000083 PA:0x80008d98
       24365000	      2435	80000edc	00008117	auipc	x2,0x8	  x2=0x80008ed8
       24375000	      2436	80000ee0	ceb10113	addi	x2,x2,-789	  x2:0x80008ed8  x2=0x80008bc3
       24385000	      2437	80000ee4	04a10a83	lb	x21,74(x2)	  x2:0x80008bc3 x21=0x00000000 PA:0x80008c0d
       24395000	      2438	80000ee8	04a14003	lbu	x0,74(x2)	  x2:0x80008bc3 PA:0x80008c0d
       24405000	      2439	80000eec	28a14203	lbu	x4,650(x2)	  x2:0x80008bc3  x4=0x00000000 PA:0x80008e4d
       24415000	      2440	80000ef0	29610523	sb	x22,650(x2)	  x2:0x80008bc3 x22:0x00000000 PA:0x80008e4d
       24425000	      2441	80000ef4	f0014503	lbu	x10,-256(x2)	  x2:0x80008bc3 x10=0x0000000e PA:0x80008ac3
       24435000	      2442	80000ef8	dc0109a3	sb	x0,-557(x2)	  x2:0x80008bc3  x0:0x00000000 PA:0x80008996
       24445000	      2443	80000efc	e1d11303	lh	x6,-483(x2)	  x2:0x80008bc3  x6=0x000000b0 PA:0x800089e0
       24455000	      2444	80000f00	00d6e233	or	x4,x13,x13	 x13:0x80008c24 x13:0x80008c24  x4=0x80008c24
       24465000	      2445	80000f04	4cae0413	addi	x8,x28,1226	 x28:0x000000ff  x8=0x000005c9
       24475000	      2446	80000f08	e1d11303	lh	x6,-483(x2)	  x2:0x80008bc3  x6=0x000000b0 PA:0x800089e0
       24485000	      2447	80000f0c	e0012ea3	sw	x0,-483(x2)	  x2:0x80008bc3  x0:0x00000000 PA:0x800089e0
       24495000	      2448	80000f10	e1d10003	lb	x0,-483(x2)	  x2:0x80008bc3 PA:0x800089e0
       24505000	      2449	80000f14	e1f10ea3	sb	x31,-483(x2)	  x2:0x80008bc3 x31:0x000000b0 PA:0x800089e0
       24515000	      2450	80000f18	fb311f83	lh	x31,-77(x2)	  x2:0x80008bc3 x31=0x00005c5d PA:0x80008b76
       24525000	      2451	80000f1c	fb314a83	lbu	x21,-77(x2)	  x2:0x80008bc3 x21=0x0000005d PA:0x80008b76
       24535000	      2452	80000f20	01d73333	sltu	x6,x14,x29	 x14:0x80009f4c x29:0x00000052  x6=0x00000000
       24545000	      2453	80000f24	fb311603	lh	x12,-77(x2)	  x2:0x80008bc3 x12=0x00005c5d PA:0x80008b76
       24555000	      2454	80000f28	fb310a03	lb	x20,-77(x2)	  x2:0x80008bc3 x20=0x0000005d PA:0x80008b76
       24565000	      2455	80000f2c	00007d17	auipc	x26,0x7	 x26=0x80007f28
       24575000	      2456	80000f30	3b3d0d13	addi	x26,x26,947	 x26:0x80007f28 x26=0x800082db
       24585000	      2457	80000f34	fffd0123	sb	x31,-30(x26)	 x26:0x800082db x31:0x00005c5d PA:0x800082bd
       24595000	      2458	80000f38	fe5d0123	sb	x5,-30(x26)	 x26:0x800082db  x5:0xffffffff PA:0x800082bd
       24605000	      2459	80000f3c	fe6d0283	lb	x5,-26(x26)	 x26:0x800082db  x5=0x0000007a PA:0x800082c1
       24615000	      2460	80000f40	014e21b3	slt	x3,x28,x20	 x28:0x000000ff x20:0x0000005d  x3=0x00000000
       24625000	      2461	80000f44	003d0583	lb	x11,3(x26)	 x26:0x800082db x11=0xffffff88 PA:0x800082de
       24635000	      2462	80000f48	008d4183	lbu	x3,8(x26)	 x26:0x800082db  x3=0x00000098 PA:0x800082e3
       24645000	      2463	80000f4c	01230db3	add	x27,x6,x18	  x6:0x00000000 x18:0x000000be x27=0x000000be
       24655000	      2464	80000f50	fd0d0e23	sb	x16,-36(x26)	 x26:0x800082db x16:0xfffffffe PA:0x800082b7
       24665000	      2465	80000f54	019d5103	lhu	x2,25(x26)	 x26:0x800082db  x2=0x0000aeaf PA:0x800082f4
       24675000	      2466	80000f58	016d4603	lbu	x12,22(x26)	 x26:0x800082db x12=0x000000aa PA:0x800082f1
       24685000	      2467	80000f5c	011d4c03	lbu	x24,17(x26)	 x26:0x800082db x24=0x000000a7 PA:0x800082ec
       24695000	      2468	80000f60	ff2d0223	sb	x18,-28(x26)	 x26:0x800082db x18:0x000000be PA:0x800082bf
       24705000	      2469	80000f64	fd6d0803	lb	x16,-42(x26)	 x26:0x800082db x16=0x0000006a PA:0x800082b1
       24715000	      2470	80000f68	c0054593	xori	x11,x10,-1024	 x10:0x0000000e x11=0xfffffc0e
       24725000	      2471	80000f6c	ff8d4683	lbu	x13,-8(x26)	 x26:0x800082db x13=0x00000088 PA:0x800082d3
       24735000	      2472	00000000	00000013	addi	x0,x0,0	  x0:0x00000000
       24745000	      2473	80000f70	06d2feb7	lui	x29,0x6d2f	 x29=0x06d2f000
       24755000	      2474	80000f74	fe1d1b03	lh	x22,-31(x26)	 x26:0x800082db x22=0xffffff77 PA:0x800082bc
       24765000	      2475	80000f78	034d0883	lb	x17,52(x26)	 x26:0x800082db x17=0xffffffc4 PA:0x8000830f
       24775000	      2476	80000f7c	01b6a233	slt	x4,x13,x27	 x13:0x00000088 x27:0x000000be  x4=0x00000001
       24785000	      2477	80000f80	027d1a03	lh	x20,39(x26)	 x26:0x800082db x20=0xffffb8b9 PA:0x80008302
       24795000	      2478	80000f84	fc4d0d23	sb	x4,-38(x26)	 x26:0x800082db  x4:0x00000001 PA:0x800082b5
       24805000	      2479	80000f88	03cd0823	sb	x28,48(x26)	 x26:0x800082db x28:0x000000ff PA:0x8000830b
       24815000	      2480	80000f8c	00f24eb3	xor	x29,x4,x15	  x4:0x00000001 x15:0x00000057 x29=0x00000056
       24825000	      2481	80000f90	0072d513	srli	x10,x5,0x7	  x5:0x0000007a x10=0x00000000
       24835000	      2482	80000f94	fd8d0f83	lb	x31,-40(x26)	 x26:0x800082db x31=0x00000068 PA:0x800082b3
       24845000	      2483	80000f98	1145f393	andi	x7,x11,276	 x11:0xfffffc0e  x7=0x00000004
       24855000	      2484	80000f9c	fd0d0423	sb	x16,-56(x26)	 x26:0x800082db x16:0x0000006a PA:0x800082a3
       24865000	      2485	80000fa0	62a95417	auipc	x8,0x62a95	  x8=0xe2a95f9c
       24875000	      2486	80000fa4	414054b3	sra	x9,x0,x20	  x0:0x00000000 x20:0xffffb8b9  x9=0x00000000
       24885000	      2487	80000fa8	6964d3b7	lui	x7,0x6964d	  x7=0x6964d000
       24895000	      2488	80000fac	ff4d4783	lbu	x15,-12(x26)	 x26:0x800082db x15=0x00000084 PA:0x800082cf
       24905000	      2489	80000fb0	0036c4b3	xor	x9,x13,x3	 x13:0x00000088  x3:0x00000098  x9=0x00000010
       24915000	      2490	80000fb4	039d0323	sb	x25,38(x26)	 x26:0x800082db x25:0x80000000 PA:0x80008301
       24925000	      2491	80000fb8	01fd0523	sb	x31,10(x26)	 x26:0x800082db x31:0x00000068 PA:0x800082e5
       24935000	      2492	80000fbc	028d4203	lbu	x4,40(x26)	 x26:0x800082db  x4=0x000000b8 PA:0x80008303
       24945000	      2493	80000fc0	fd2d0483	lb	x9,-46(x26)	 x26:0x800082db  x9=0x00000066 PA:0x800082ad
       24955000	      2494	80000fc4	ffdd0f23	sb	x29,-2(x26)	 x26:0x800082db x29:0x00000056 PA:0x800082d9
       24965000	      2495	80000fc8	fe5d4a83	lbu	x21,-27(x26)	 x26:0x800082db x21=0x0000007b PA:0x800082c0
       24975000	      2496	80000fcc	00907633	and	x12,x0,x9	  x0:0x00000000  x9:0x00000066 x12=0x00000000
       24985000	      2497	80000fd0	00fd8533	add	x10,x27,x15	 x27:0x000000be x15:0x00000084 x10=0x00000142
       24995000	      2498	80000fd4	00dd11a3	sh	x13,3(x26)	 x26:0x800082db x13:0x00000088 PA:0x800082de
       25005000	      2499	80000fd8	1a96f837	lui	x16,0x1a96f	 x16=0x1a96f000
       25015000	      2500	80000fdc	fcdd1f83	lh	x31,-51(x26)	 x26:0x800082db x31=0x00006263 PA:0x800082a8
       25025000	      2501	80000fe0	fc6d0f23	sb	x6,-34(x26)	 x26:0x800082db  x6:0x00000000 PA:0x800082b9
       25035000	      2502	80000fe4	78944793	xori	x15,x8,1929	  x8:0xe2a95f9c x15=0xe2a95815
       25045000	      2503	80000fe8	ff0d03a3	sb	x16,-25(x26)	 x26:0x800082db x16:0x1a96f000 PA:0x800082c2
       25055000	      2504	80000fec	00007b17	auipc	x22,0x7	 x22=0x80007fe8
       25065000	      2505	80000ff0	166b0b13	addi	x22,x22,358	 x22:0x80007fe8 x22=0x8000814e
       25075000	      2506	80000ff4	01747633	and	x12,x8,x23	  x8:0xe2a95f9c x23:0x80009fc4 x12=0x80001f84
       25085000	      2507	80000ff8	001b4c03	lbu	x24,1(x22)	 x22:0x8000814e x24=0x00000004 PA:0x8000814f
       25095000	      2508	80000ffc	4198df13	srai	x30,x17,0x19	 x17:0xffffffc4 x30=0xffffffff
       25105000	      2509	80001000	40835e33	sra	x28,x6,x8	  x6:0x00000000  x8:0xe2a95f9c x28=0x00000000
       25115000	      2510	80001004	fdfb0d03	lb	x26,-33(x22)	 x22:0x8000814e x26=0xffffffe6 PA:0x8000812d
       25125000	      2511	80001008	40fe59b3	sra	x19,x28,x15	 x28:0x00000000 x15:0xe2a95815 x19=0x00000000
       25135000	      2512	8000100c	1214e393	ori	x7,x9,289	  x9:0x00000066  x7=0x00000167
       25145000	      2513	80001010	003af133	and	x2,x21,x3	 x21:0x0000007b  x3:0x00000098  x2=0x00000018
       25155000	      2514	80001014	fc6b0303	lb	x6,-58(x22)	 x22:0x8000814e  x6=0xffffffcf PA:0x80008114
       25165000	      2515	80001018	400e5893	srai	x17,x28,0x0	 x28:0x00000000 x17=0x00000000
       25175000	      2516	8000101c	ff7b0203	lb	x4,-9(x22)	 x22:0x8000814e  x4=0x00000000 PA:0x80008145
       25185000	      2517	80001020	01fff333	and	x6,x31,x31	 x31:0x00006263 x31:0x00006263  x6=0x00006263
       25195000	      2518	80001024	fc1b0423	sb	x1,-56(x22)	 x22:0x8000814e  x1:0x00007071 PA:0x80008116
       25205000	      2519	80001028	fddb0e83	lb	x29,-35(x22)	 x22:0x8000814e x29=0xffffffe0 PA:0x8000812b
       25215000	      2520	8000102c	00881533	sll	x10,x16,x8	 x16:0x1a96f000  x8:0xe2a95f9c x10=0x00000000
       25225000	      2521	80001030	027b0583	lb	x11,39(x22)	 x22:0x8000814e x11=0x0000002e PA:0x80008175
       25235000	      2522	80001034	006b0383	lb	x7,6(x22)	 x22:0x8000814e  x7=0x0000000f PA:0x80008154
       25245000	      2523	80001038	fd6b1f83	lh	x31,-42(x22)	 x22:0x8000814e x31=0xffffdedf PA:0x80008124
       25255000	      2524	8000103c	7f068813	addi	x16,x13,2032	 x13:0x00000088 x16=0x00000878
       25265000	      2525	80001040	56933993	sltiu	x19,x6,1385	  x6:0x00006263 x19=0x00000000
       25275000	      2526	80001044	00000013	addi	x0,x0,0	  x0:0x00000000
       25285000	      2527	80001048	b8c72913	slti	x18,x14,-1140	 x14:0x80009f4c x18=0x00000001
       25295000	      2528	8000104c	fccb01a3	sb	x12,-61(x22)	 x22:0x8000814e x12:0x80001f84 PA:0x80008111
       25305000	      2529	80001050	6d8e8697	auipc	x13,0x6d8e8	 x13=0xed8e904c
       25315000	      2530	80001054	00403d33	sltu	x26,x0,x4	  x0:0x00000000  x4:0x00000000 x26=0x00000000
       25325000	      2531	80001058	ff5b0d83	lb	x27,-11(x22)	 x22:0x8000814e x27=0xfffffff8 PA:0x80008143
       25335000	      2532	8000105c	00ca9c13	slli	x24,x21,0xc	 x21:0x0000007b x24=0x0007b000
       25345000	      2533	80001060	01db39b3	sltu	x19,x22,x29	 x22:0x8000814e x29:0xffffffe0 x19=0x00000001
       25355000	      2534	80001064	65af4417	auipc	x8,0x65af4	  x8=0xe5af5060
       25365000	      2535	80001068	01a8bfb3	sltu	x31,x17,x26	 x17:0x00000000 x26:0x00000000 x31=0x00000000
       25375000	      2536	8000106c	a98fb113	sltiu	x2,x31,-1384	 x31:0x00000000  x2=0x00000001
       25385000	      2537	80001070	fdfb0523	sb	x31,-54(x22)	 x22:0x8000814e x31:0x00000000 PA:0x80008118
       25395000	      2538	80001074	019d9e13	slli	x28,x27,0x19	 x27:0xfffffff8 x28=0xf0000000
       25405000	      2539	80001078	febb0403	lb	x8,-21(x22)	 x22:0x8000814e  x8=0xfffffff2 PA:0x80008139
       25415000	      2540	8000107c	40798833	sub	x16,x19,x7	 x19:0x00000001  x7:0x0000000f x16=0xfffffff2
       25425000	      2541	80001080	fc5b4603	lbu	x12,-59(x22)	 x22:0x8000814e x12=0x000000c8 PA:0x80008113
       25435000	      2542	80001084	002801b3	add	x3,x16,x2	 x16:0xfffffff2  x2:0x00000001  x3=0xfffffff3
       25445000	      2543	80001088	01b1c633	xor	x12,x3,x27	  x3:0xfffffff3 x27:0xfffffff8 x12=0x0000000b
       25455000	      2544	8000108c	dd671f97	auipc	x31,0xdd671	 x31=0x5d672088
       25465000	      2545	80001090	463403b7	lui	x7,0x46340	  x7=0x46340000
       25475000	      2546	80001094	00000013	addi	x0,x0,0	  x0:0x00000000
       25485000	      2547	80001098	00000013	addi	x0,x0,0	  x0:0x00000000
       25495000	      2548	8000109c	00009a33	sll	x20,x1,x0	  x1:0x00007071  x0:0x00000000 x20=0x00007071
       25505000	      2549	800010a0	fc4b2523	sw	x4,-54(x22)	 x22:0x8000814e  x4:0x00000000 PA:0x80008118
       25515000	      2550	800010a4	00007897	auipc	x17,0x7	 x17=0x800080a0
       25525000	      2551	800010a8	55488893	addi	x17,x17,1364	 x17:0x800080a0 x17=0x800085f4
       25535000	      2552	800010ac	bf288fa3	sb	x18,-1025(x17)	 x17:0x800085f4 x18:0x00000001 PA:0x800081f3
       25545000	      2553	800010b0	c198aa23	sw	x25,-1004(x17)	 x17:0x800085f4 x25:0x80000000 PA:0x80008208
       25555000	      2554	800010b4	f768c983	lbu	x19,-138(x17)	 x17:0x800085f4 x19=0x00000021 PA:0x8000856a
       25565000	      2555	800010b8	4002d3b3	sra	x7,x5,x0	  x5:0x0000007a  x0:0x00000000  x7=0x0000007a
       25575000	      2556	800010bc	07488923	sb	x20,114(x17)	 x17:0x800085f4 x20:0x00007071 PA:0x80008666
       25585000	      2557	800010c0	aa388d03	lb	x26,-1373(x17)	 x17:0x800085f4 x26=0x0000004c PA:0x80008097
       25595000	      2558	800010c4	01081233	sll	x4,x16,x16	 x16:0xfffffff2 x16:0xfffffff2  x4=0xffc80000
       25605000	      2559	800010c8	ac888f83	lb	x31,-1336(x17)	 x17:0x800085f4 x31=0x00000076 PA:0x800080bc
       25615000	      2560	800010cc	416b8133	sub	x2,x23,x22	 x23:0x80009fc4 x22:0x8000814e  x2=0x00001e76
       25625000	      2561	800010d0	ac889503	lh	x10,-1336(x17)	 x17:0x800085f4 x10=0x00001e76 PA:0x800080bc
       25635000	      2562	800010d4	ac888d83	lb	x27,-1336(x17)	 x17:0x800085f4 x27=0x00000076 PA:0x800080bc
       25645000	      2563	800010d8	ac28a423	sw	x2,-1336(x17)	 x17:0x800085f4  x2:0x00001e76 PA:0x800080bc
       25655000	      2564	800010dc	f9cc6593	ori	x11,x24,-100	 x24:0x0007b000 x11=0xffffff9c
       25665000	      2565	800010e0	1f58c283	lbu	x5,501(x17)	 x17:0x800085f4  x5=0x000000a2 PA:0x800087e9
       25675000	      2566	800010e4	ddd88603	lb	x12,-547(x17)	 x17:0x800085f4 x12=0xffffff8a PA:0x800083d1
       25685000	      2567	800010e8	ddd88003	lb	x0,-547(x17)	 x17:0x800085f4 PA:0x800083d1
       25695000	      2568	800010ec	00000013	addi	x0,x0,0	  x0:0x00000000
       25705000	      2569	800010f0	11a88223	sb	x26,260(x17)	 x17:0x800085f4 x26:0x0000004c PA:0x800086f8
       25715000	      2570	800010f4	00008117	auipc	x2,0x8	  x2=0x800090f0
       25725000	      2571	800010f8	9ec10113	addi	x2,x2,-1556	  x2:0x800090f0  x2=0x80008adc
       25735000	      2572	800010fc	02b14783	lbu	x15,43(x2)	  x2:0x80008adc x15=0x000000ec PA:0x80008b07
       25745000	      2573	80001100	02b10183	lb	x3,43(x2)	  x2:0x80008adc  x3=0xffffffec PA:0x80008b07
       25755000	      2574	80001104	03314e03	lbu	x28,51(x2)	  x2:0x80008adc x28=0x000000f4 PA:0x80008b0f
       25765000	      2575	80001108	03310283	lb	x5,51(x2)	  x2:0x80008adc  x5=0xfffffff4 PA:0x80008b0f
       25775000	      2576	8000110c	03314483	lbu	x9,51(x2)	  x2:0x80008adc  x9=0x000000f4 PA:0x80008b0f
       25785000	      2577	80001110	03310303	lb	x6,51(x2)	  x2:0x80008adc  x6=0xfffffff4 PA:0x80008b0f
       25795000	      2578	80001114	00211503	lh	x10,2(x2)	  x2:0x80008adc x10=0xffffc4c5 PA:0x80008ade
       25805000	      2579	80001118	ffe10b03	lb	x22,-2(x2)	  x2:0x80008adc x22=0xffffffc1 PA:0x80008ada
       25815000	      2580	8000111c	4def8397	auipc	x7,0x4def8	  x7=0xcdef9118
       25825000	      2581	80001120	03110803	lb	x16,49(x2)	  x2:0x80008adc x16=0xffffffc5 PA:0x80008b0d
       25835000	      2582	80001124	031108a3	sb	x17,49(x2)	  x2:0x80008adc x17:0x800085f4 PA:0x80008b0d
       25845000	      2583	80001128	02a108a3	sb	x10,49(x2)	  x2:0x80008adc x10:0xffffc4c5 PA:0x80008b0d
       25855000	      2584	8000112c	03110b03	lb	x22,49(x2)	  x2:0x80008adc x22=0xffffffc5 PA:0x80008b0d
       25865000	      2585	80001130	03114403	lbu	x8,49(x2)	  x2:0x80008adc  x8=0x000000c5 PA:0x80008b0d
       25875000	      2586	00000000	00000013	addi	x0,x0,0	  x0:0x00000000
       25885000	      2587	80001134	21340d93	addi	x27,x8,531	  x8:0x000000c5 x27=0x000002d8
       25895000	      2588	80001138	003b7a33	and	x20,x22,x3	 x22:0xffffffc5  x3:0xffffffec x20=0xffffffc4
       25905000	      2589	8000113c	5c42e337	lui	x6,0x5c42e	  x6=0x5c42e000
       25915000	      2590	80001140	01cb35b3	sltu	x11,x22,x28	 x22:0xffffffc5 x28:0x000000f4 x11=0x00000000
       25925000	      2591	80001144	9a3e9197	auipc	x3,0x9a3e9	  x3=0x1a3ea140
       25935000	      2592	80001148	01fd5513	srli	x10,x26,0x1f	 x26:0x0000004c x10=0x00000000
       25945000	      2593	8000114c	0016bb33	sltu	x22,x13,x1	 x13:0xed8e904c  x1:0x00007071 x22=0x00000000
       25955000	      2594	80001150	016bca63	blt	x23,x22,80001164	 x23:0x80009fc4 x22:0x00000000
       25965000	      2595	00000000	00000013	addi	x0,x0,0	  x0:0x00000000
       25975000	      2596	80001160	00000013	addi	x0,x0,0	  x0:0x00000000
       25985000	      2597	80001164	014308b3	add	x17,x6,x20	  x6:0x5c42e000 x20:0xffffffc4 x17=0x5c42dfc4
       25995000	      2598	80001168	41f6d513	srai	x10,x13,0x1f	 x13:0xed8e904c x10=0xffffffff
       26005000	      2599	8000116c	e80df593	andi	x11,x27,-384	 x27:0x000002d8 x11=0x00000280
       26015000	      2600	80001170	00000013	addi	x0,x0,0	  x0:0x00000000
       26025000	      2601	80001174	1116a093	slti	x1,x13,273	 x13:0xed8e904c  x1=0x00000001
       26035000	      2602	80001178	9a0ffc13	andi	x24,x31,-1632	 x31:0x00000076 x24=0x00000020
       26045000	      2603	8000117c	005dbeb3	sltu	x29,x27,x5	 x27:0x000002d8  x5:0xfffffff4 x29=0x00000001
       26055000	      2604	80001180	662ded13	ori	x26,x27,1634	 x27:0x000002d8 x26=0x000006fa
       26065000	      2605	80001184	41c6da13	srai	x20,x13,0x1c	 x13:0xed8e904c x20=0xfffffffe
       26075000	      2606	80001188	417bd313	srai	x6,x23,0x17	 x23:0x80009fc4  x6=0xffffff00
       26085000	      2607	8000118c	00da8663	beq	x21,x13,80001198	 x21:0x0000007b x13:0xed8e904c
       26095000	      2608	80001190	b0b1c213	xori	x4,x3,-1269	  x3:0x1a3ea140  x4=0xe5c15a4b
       26105000	      2609	80001194	001ef833	and	x16,x29,x1	 x29:0x00000001  x1:0x00000001 x16=0x00000001
       26115000	      2610	80001198	00f993b3	sll	x7,x19,x15	 x19:0x00000021 x15:0x000000ec  x7=0x00021000
       26125000	      2611	8000119c	4130d2b3	sra	x5,x1,x19	  x1:0x00000001 x19:0x00000021  x5=0x00000000
       26135000	      2612	800011a0	015b0eb3	add	x29,x22,x21	 x22:0x00000000 x21:0x0000007b x29=0x0000007b
       26145000	      2613	800011a4	474e4a93	xori	x21,x28,1140	 x28:0x000000f4 x21=0x00000480
       26155000	      2614	800011a8	4166d313	srai	x6,x13,0x16	 x13:0xed8e904c  x6=0xffffffb6
       26165000	      2615	800011ac	01c5a333	slt	x6,x11,x28	 x11:0x00000280 x28:0x000000f4  x6=0x00000000
       26175000	      2616	800011b0	007814b3	sll	x9,x16,x7	 x16:0x00000001  x7:0x00021000  x9=0x00000001
       26185000	      2617	800011b4	419c0133	sub	x2,x24,x25	 x24:0x00000020 x25:0x80000000  x2=0x80000020
       26195000	      2618	800011b8	01a2c633	xor	x12,x5,x26	  x5:0x00000000 x26:0x000006fa x12=0x000006fa
       26205000	      2619	800011bc	1c8751b7	lui	x3,0x1c875	  x3=0x1c875000
       26215000	      2620	800011c0	2f2b0b37	lui	x22,0x2f2b0	 x22=0x2f2b0000
       26225000	      2621	800011c4	418b5db3	sra	x27,x22,x24	 x22:0x2f2b0000 x24:0x00000020 x27=0x2f2b0000
       26235000	      2622	800011c8	04680063	beq	x16,x6,80001208	 x16:0x00000001  x6:0x00000000
       26245000	      2623	800011cc	cd098b13	addi	x22,x19,-816	 x19:0x00000021 x22=0xfffffcf1
       26255000	      2624	800011d0	134a8a93	addi	x21,x21,308	 x21:0x00000480 x21=0x000005b4
       26265000	      2625	800011d4	03290463	beq	x18,x18,800011fc	 x18:0x00000001 x18:0x00000001
       26275000	      2626	00000000	00000013	addi	x0,x0,0	  x0:0x00000000
       26285000	      2627	800011f8	00000013	addi	x0,x0,0	  x0:0x00000000
       26295000	      2628	800011fc	b5d77a13	andi	x20,x14,-1187	 x14:0x80009f4c x20=0x80009b4c
       26305000	      2629	80001200	cea92193	slti	x3,x18,-790	 x18:0x00000001  x3=0x00000000
       26315000	      2630	80001204	007d23b3	slt	x7,x26,x7	 x26:0x000006fa  x7:0x00021000  x7=0x00000001
       26325000	      2631	80001208	02320e63	beq	x4,x3,80001244	  x4:0xe5c15a4b  x3:0x00000000
       26335000	      2632	8000120c	01d95e63	bge	x18,x29,80001228	 x18:0x00000001 x29:0x0000007b
       26345000	      2633	80001210	013c6663	bltu	x24,x19,8000121c	 x24:0x00000020 x19:0x00000021
       26355000	      2634	00000000	00000013	addi	x0,x0,0	  x0:0x00000000
       26365000	      2635	80001218	00000013	addi	x0,x0,0	  x0:0x00000000
       26375000	      2636	8000121c	e25e8c13	addi	x24,x29,-475	 x29:0x0000007b x24=0xfffffea0
       26385000	      2637	80001220	02dc5a63	bge	x24,x13,80001254	 x24:0xfffffea0 x13:0xed8e904c
       26395000	      2638	00000000	00000013	addi	x0,x0,0	  x0:0x00000000
       26405000	      2639	80001250	00000013	addi	x0,x0,0	  x0:0x00000000
       26415000	      2640	80001254	4610b893	sltiu	x17,x1,1121	  x1:0x00000001 x17=0x00000001
       26425000	      2641	80001258	2a4e2e13	slti	x28,x28,676	 x28:0x000000f4 x28=0x00000001
       26435000	      2642	8000125c	01652333	slt	x6,x10,x22	 x10:0xffffffff x22:0xfffffcf1  x6=0x00000000
       26445000	      2643	80001260	92e7c393	xori	x7,x15,-1746	 x15:0x000000ec  x7=0xfffff9c2
       26455000	      2644	80001264	d7c4fe13	andi	x28,x9,-644	  x9:0x00000001 x28=0x00000000
       26465000	      2645	80001268	01c61a63	bne	x12,x28,8000127c	 x12:0x000006fa x28:0x00000000
       26475000	      2646	00000000	00000013	addi	x0,x0,0	  x0:0x00000000
       26485000	      2647	80001278	00000013	addi	x0,x0,0	  x0:0x00000000
       26495000	      2648	8000127c	014fbab3	sltu	x21,x31,x20	 x31:0x00000076 x20:0x80009b4c x21=0x00000001
       26505000	      2649	80001280	8e5bf313	andi	x6,x23,-1819	 x23:0x80009fc4  x6=0x800098c4
       26515000	      2650	80001284	0062cb33	xor	x22,x5,x6	  x5:0x00000000  x6:0x800098c4 x22=0x800098c4
       26525000	      2651	80001288	006edb33	srl	x22,x29,x6	 x29:0x0000007b  x6:0x800098c4 x22=0x00000007
       26535000	      2652	8000128c	01601d93	slli	x27,x0,0x16	  x0:0x00000000 x27=0x00000000
       26545000	      2653	80001290	033fc463	blt	x31,x19,800012b8	 x31:0x00000076 x19:0x00000021
       26555000	      2654	80001294	00725833	srl	x16,x4,x7	  x4:0xe5c15a4b  x7:0xfffff9c2 x16=0x39705692
       26565000	      2655	80001298	c84b6393	ori	x7,x22,-892	 x22:0x00000007  x7=0xfffffc87
       26575000	      2656	8000129c	e400c413	xori	x8,x1,-448	  x1:0x00000001  x8=0xfffffe41
       26585000	      2657	800012a0	00e7e7b3	or	x15,x15,x14	 x15:0x000000ec x14:0x80009f4c x15=0x80009fec
       26595000	      2658	800012a4	0019b333	sltu	x6,x19,x1	 x19:0x00000021  x1:0x00000001  x6=0x00000000
       26605000	      2659	800012a8	bda11697	auipc	x13,0xbda11	 x13=0x3da122a4
       26615000	      2660	800012ac	04c49863	bne	x9,x12,800012fc	  x9:0x00000001 x12:0x000006fa
       26625000	      2661	00000000	00000013	addi	x0,x0,0	  x0:0x00000000
       26635000	      2662	800012f8	00000013	addi	x0,x0,0	  x0:0x00000000
       26645000	      2663	800012fc	00030db3	add	x27,x6,x0	  x6:0x00000000  x0:0x00000000 x27=0x00000000
       26655000	      2664	80001300	6a6f2b13	slti	x22,x30,1702	 x30:0xffffffff x22=0x00000001
       26665000	      2665	80001304	41c3dc13	srai	x24,x7,0x1c	  x7:0xfffffc87 x24=0xffffffff
       26675000	      2666	80001308	0486f863	bgeu	x13,x8,80001358	 x13:0x3da122a4  x8:0xfffffe41
       26685000	      2667	8000130c	416158b3	sra	x17,x2,x22	  x2:0x80000020 x22:0x00000001 x17=0xc0000010
       26695000	      2668	80001310	03121a63	bne	x4,x17,80001344	  x4:0xe5c15a4b x17:0xc0000010
       26705000	      2669	00000000	00000013	addi	x0,x0,0	  x0:0x00000000
       26715000	      2670	80001340	00000013	addi	x0,x0,0	  x0:0x00000000
       26725000	      2671	80001344	00d8e5b3	or	x11,x17,x13	 x17:0xc0000010 x13:0x3da122a4 x11=0xfda122b4
       26735000	      2672	80001348	00e2d793	srli	x15,x5,0xe	  x5:0x00000000 x15=0x00000000
       26745000	      2673	8000134c	018e41b3	xor	x3,x28,x24	 x28:0x00000000 x24:0xffffffff  x3=0xffffffff
       26755000	      2674	80001350	013bc433	xor	x8,x23,x19	 x23:0x80009fc4 x19:0x00000021  x8=0x80009fe5
       26765000	      2675	80001354	c4246193	ori	x3,x8,-958	  x8:0x80009fe5  x3=0xffffffe7
       26775000	      2676	80001358	00cfd493	srli	x9,x31,0xc	 x31:0x00000076  x9=0x00000000
       26785000	      2677	8000135c	02ae1063	bne	x28,x10,8000137c	 x28:0x00000000 x10:0xffffffff
       26795000	      2678	00000000	00000013	addi	x0,x0,0	  x0:0x00000000
       26805000	      2679	80001378	00000013	addi	x0,x0,0	  x0:0x00000000
       26815000	      2680	8000137c	02f78a63	beq	x15,x15,800013b0	 x15:0x00000000 x15:0x00000000
       26825000	      2681	00000000	00000013	addi	x0,x0,0	  x0:0x00000000
       26835000	      2682	800013ac	00000013	addi	x0,x0,0	  x0:0x00000000
       26845000	      2683	800013b0	012bde13	srli	x28,x23,0x12	 x23:0x80009fc4 x28=0x00002000
       26855000	      2684	800013b4	01ab1c63	bne	x22,x26,800013cc	 x22:0x00000001 x26:0x000006fa
       26865000	      2685	00000000	00000013	addi	x0,x0,0	  x0:0x00000000
       26875000	      2686	800013c8	00000013	addi	x0,x0,0	  x0:0x00000000
       26885000	      2687	800013cc	4001d793	srai	x15,x3,0x0	  x3:0xffffffe7 x15=0xffffffe7
       26895000	      2688	800013d0	0cbe3d93	sltiu	x27,x28,203	 x28:0x00002000 x27=0x00000000
       26905000	      2689	800013d4	7663e393	ori	x7,x7,1894	  x7:0xfffffc87  x7=0xffffffe7
       26915000	      2690	800013d8	dd24ac13	slti	x24,x9,-558	  x9:0x00000000 x24=0x00000000
       26925000	      2691	800013dc	00000013	addi	x0,x0,0	  x0:0x00000000
       26935000	      2692	800013e0	01f59213	slli	x4,x11,0x1f	 x11:0xfda122b4  x4=0x00000000
       26945000	      2693	800013e4	008a5663	bge	x20,x8,800013f0	 x20:0x80009b4c  x8:0x80009fe5
       26955000	      2694	800013e8	02045e63	bge	x8,x0,80001424	  x8:0x80009fe5  x0:0x00000000
       26965000	      2695	800013ec	00c78f33	add	x30,x15,x12	 x15:0xffffffe7 x12:0x000006fa x30=0x000006e1
       26975000	      2696	800013f0	41edd233	sra	x4,x27,x30	 x27:0x00000000 x30:0x000006e1  x4=0x00000000
       26985000	      2697	800013f4	0187d8b3	srl	x17,x15,x24	 x15:0xffffffe7 x24:0x00000000 x17=0xffffffe7
       26995000	      2698	800013f8	00000013	addi	x0,x0,0	  x0:0x00000000
       27005000	      2699	800013fc	691c4f17	auipc	x30,0x691c4	 x30=0xe91c53f8
       27015000	      2700	80001400	036a4093	xori	x1,x20,54	 x20:0x80009b4c  x1=0x80009b7a
       27025000	      2701	80001404	ea183293	sltiu	x5,x16,-351	 x16:0x39705692  x5=0x00000001
       27035000	      2702	80001408	011b9e93	slli	x29,x23,0x11	 x23:0x80009fc4 x29=0x3f880000
       27045000	      2703	8000140c	0441f463	bgeu	x3,x4,80001454	  x3:0xffffffe7  x4:0x00000000
       27055000	      2704	00000000	00000013	addi	x0,x0,0	  x0:0x00000000
       27065000	      2705	80001450	00000013	addi	x0,x0,0	  x0:0x00000000
       27075000	      2706	80001454	fe00edb7	lui	x27,0xfe00e	 x27=0xfe00e000
       27085000	      2707	80001458	40e4d413	srai	x8,x9,0xe	  x9:0x00000000  x8=0x00000000
       27095000	      2708	8000145c	01182933	slt	x18,x16,x17	 x16:0x39705692 x17:0xffffffe7 x18=0x00000000
       27105000	      2709	80001460	013d39b3	sltu	x19,x26,x19	 x26:0x000006fa x19:0x00000021 x19=0x00000000
       27115000	      2710	80001464	78e847b7	lui	x15,0x78e84	 x15=0x78e84000
       27125000	      2711	80001468	406456b3	sra	x13,x8,x6	  x8:0x00000000  x6:0x00000000 x13=0x00000000
       27135000	      2712	8000146c	0079af33	slt	x30,x19,x7	 x19:0x00000000  x7:0xffffffe7 x30=0x00000000
       27145000	      2713	80001470	04d04063	blt	x0,x13,800014b0	  x0:0x00000000 x13:0x00000000
       27155000	      2714	80001474	03c17463	bgeu	x2,x28,8000149c	  x2:0x80000020 x28:0x00002000
       27165000	      2715	00000000	00000013	addi	x0,x0,0	  x0:0x00000000
       27175000	      2716	80001498	00000013	addi	x0,x0,0	  x0:0x00000000
       27185000	      2717	8000149c	019c8a63	beq	x25,x25,800014b0	 x25:0x80000000 x25:0x80000000
       27195000	      2718	00000000	00000013	addi	x0,x0,0	  x0:0x00000000
       27205000	      2719	800014ac	00000013	addi	x0,x0,0	  x0:0x00000000
       27215000	      2720	800014b0	01cd1f33	sll	x30,x26,x28	 x26:0x000006fa x28:0x00002000 x30=0x000006fa
       27225000	      2721	800014b4	015b4033	xor	x0,x22,x21	 x22:0x00000001 x21:0x00000001
       27235000	      2722	800014b8	0791c193	xori	x3,x3,121	  x3:0xffffffe7  x3=0xffffff9e
       27245000	      2723	800014bc	01db8e63	beq	x23,x29,800014d8	 x23:0x80009fc4 x29:0x3f880000
       27255000	      2724	800014c0	01dd1833	sll	x16,x26,x29	 x26:0x000006fa x29:0x3f880000 x16=0x000006fa
       27265000	      2725	800014c4	41ae89b3	sub	x19,x29,x26	 x29:0x3f880000 x26:0x000006fa x19=0x3f87f906
       27275000	      2726	800014c8	bb67c813	xori	x16,x15,-1098	 x15:0x78e84000 x16=0x8717bbb6
       27285000	      2727	800014cc	00000013	addi	x0,x0,0	  x0:0x00000000
       27295000	      2728	800014d0	40eb8e33	sub	x28,x23,x14	 x23:0x80009fc4 x14:0x80009f4c x28=0x00000078
       27305000	      2729	800014d4	002e1313	slli	x6,x28,0x2	 x28:0x00000078  x6=0x000001e0
       27315000	      2730	800014d8	006cd933	srl	x18,x25,x6	 x25:0x80000000  x6:0x000001e0 x18=0x80000000
       27325000	      2731	800014dc	02377663	bgeu	x14,x3,80001508	 x14:0x80009f4c  x3:0xffffff9e
       27335000	      2732	800014e0	89477013	andi	x0,x14,-1900	 x14:0x80009f4c
       27345000	      2733	800014e4	85c10213	addi	x4,x2,-1956	  x2:0x80000020  x4=0x7ffff87c
       27355000	      2734	800014e8	00000013	addi	x0,x0,0	  x0:0x00000000
       27365000	      2735	800014ec	703a9a97	auipc	x21,0x703a9	 x21=0xf03aa4e8
       27375000	      2736	800014f0	009609b3	add	x19,x12,x9	 x12:0x000006fa  x9:0x00000000 x19=0x000006fa
       27385000	      2737	800014f4	03e67e63	bgeu	x12,x30,80001530	 x12:0x000006fa x30:0x000006fa
       27395000	      2738	00000000	00000013	addi	x0,x0,0	  x0:0x00000000
       27405000	      2739	8000152c	00000013	addi	x0,x0,0	  x0:0x00000000
       27415000	      2740	80001530	0135b233	sltu	x4,x11,x19	 x11:0xfda122b4 x19:0x000006fa  x4=0x00000000
       27425000	      2741	80001534	006978b3	and	x17,x18,x6	 x18:0x80000000  x6:0x000001e0 x17=0x00000000
       27435000	      2742	80001538	dc1fb937	lui	x18,0xdc1fb	 x18=0xdc1fb000
       27445000	      2743	8000153c	cef3e293	ori	x5,x7,-785	  x7:0xffffffe7  x5=0xffffffef
       27455000	      2744	80001540	6abaaf93	slti	x31,x21,1707	 x21:0xf03aa4e8 x31=0x00000001
       27465000	      2745	80001544	2c3a4a93	xori	x21,x20,707	 x20:0x80009b4c x21=0x8000998f
       27475000	      2746	80001548	008289b3	add	x19,x5,x8	  x5:0xffffffef  x8:0x00000000 x19=0xffffffef
       27485000	      2747	8000154c	017a7c63	bgeu	x20,x23,80001564	 x20:0x80009b4c x23:0x80009fc4
       27495000	      2748	80001550	00dfdd13	srli	x26,x31,0xd	 x31:0x00000001 x26=0x00000000
       27505000	      2749	80001554	03568463	beq	x13,x21,8000157c	 x13:0x00000000 x21:0x8000998f
       27515000	      2750	80001558	41c05533	sra	x10,x0,x28	  x0:0x00000000 x28:0x00000078 x10=0x00000000
       27525000	      2751	8000155c	00a188b3	add	x17,x3,x10	  x3:0xffffff9e x10:0x00000000 x17=0xffffff9e
       27535000	      2752	80001560	baa4f513	andi	x10,x9,-1110	  x9:0x00000000 x10=0x00000000
       27545000	      2753	80001564	00887a33	and	x20,x16,x8	 x16:0x8717bbb6  x8:0x00000000 x20=0x00000000
       27555000	      2754	80001568	00612633	slt	x12,x2,x6	  x2:0x80000020  x6:0x000001e0 x12=0x00000001
       27565000	      2755	8000156c	056d5463	bge	x26,x22,800015b4	 x26:0x00000000 x22:0x00000001
       27575000	      2756	80001570	01fed513	srli	x10,x29,0x1f	 x29:0x3f880000 x10=0x00000000
       27585000	      2757	80001574	010241b3	xor	x3,x4,x16	  x4:0x00000000 x16:0x8717bbb6  x3=0x8717bbb6
       27595000	      2758	80001578	36977013	andi	x0,x14,873	 x14:0x80009f4c
       27605000	      2759	8000157c	9a24b693	sltiu	x13,x9,-1630	  x9:0x00000000 x13=0x00000001
       27615000	      2760	80001580	012b0f33	add	x30,x22,x18	 x22:0x00000001 x18:0xdc1fb000 x30=0xdc1fb001
       27625000	      2761	80001584	01275633	srl	x12,x14,x18	 x14:0x80009f4c x18:0xdc1fb000 x12=0x80009f4c
       27635000	      2762	80001588	0067cc63	blt	x15,x6,800015a0	 x15:0x78e84000  x6:0x000001e0
       27645000	      2763	8000158c	00269663	bne	x13,x2,80001598	 x13:0x00000001  x2:0x80000020
       27655000	      2764	00000000	00000013	addi	x0,x0,0	  x0:0x00000000
       27665000	      2765	80001594	00000013	addi	x0,x0,0	  x0:0x00000000
       27675000	      2766	80001598	e7ca4697	auipc	x13,0xe7ca4	 x13=0x67ca5594
       27685000	      2767	8000159c	00000013	addi	x0,x0,0	  x0:0x00000000
       27695000	      2768	800015a0	01f9ee63	bltu	x19,x31,800015bc	 x19:0xffffffef x31:0x00000001
       27705000	      2769	800015a4	033b7263	bgeu	x22,x19,800015c8	 x22:0x00000001 x19:0xffffffef
       27715000	      2770	800015a8	008b7863	bgeu	x22,x8,800015b8	 x22:0x00000001  x8:0x00000000
       27725000	      2771	00000000	00000013	addi	x0,x0,0	  x0:0x00000000
       27735000	      2772	800015b4	00000013	addi	x0,x0,0	  x0:0x00000000
       27745000	      2773	800015b8	013cf333	and	x6,x25,x19	 x25:0x80000000 x19:0xffffffef  x6=0x80000000
       27755000	      2774	800015bc	00879013	slli	x0,x15,0x8	 x15:0x78e84000
       27765000	      2775	800015c0	00594033	xor	x0,x18,x5	 x18:0xdc1fb000  x5:0xffffffef
       27775000	      2776	800015c4	f1ed2fb7	lui	x31,0xf1ed2	 x31=0xf1ed2000
       27785000	      2777	800015c8	0f227937	lui	x18,0xf227	 x18=0x0f227000
       27795000	      2778	800015cc	0189e5b3	or	x11,x19,x24	 x19:0xffffffef x24:0x00000000 x11=0xffffffef
       27805000	      2779	800015d0	0088aa33	slt	x20,x17,x8	 x17:0xffffff9e  x8:0x00000000 x20=0x00000001
       27815000	      2780	800015d4	00dae333	or	x6,x21,x13	 x21:0x8000998f x13:0x67ca5594  x6=0xe7cadd9f
       27825000	      2781	800015d8	01870a63	beq	x14,x24,800015ec	 x14:0x80009f4c x24:0x00000000
       27835000	      2782	800015dc	ebcb85b7	lui	x11,0xebcb8	 x11=0xebcb8000
       27845000	      2783	800015e0	02fc0e63	beq	x24,x15,8000161c	 x24:0x00000000 x15:0x78e84000
       27855000	      2784	800015e4	004de633	or	x12,x27,x4	 x27:0xfe00e000  x4:0x00000000 x12=0xfe00e000
       27865000	      2785	800015e8	03438a63	beq	x7,x20,8000161c	  x7:0xffffffe7 x20:0x00000001
       27875000	      2786	800015ec	00678a33	add	x20,x15,x6	 x15:0x78e84000  x6:0xe7cadd9f x20=0x60b31d9f
       27885000	      2787	800015f0	9f1be117	auipc	x2,0x9f1be	  x2=0x1f1bf5ec
       27895000	      2788	800015f4	0334fe63	bgeu	x9,x19,80001630	  x9:0x00000000 x19:0xffffffef
       27905000	      2789	800015f8	40498633	sub	x12,x19,x4	 x19:0xffffffef  x4:0x00000000 x12=0xffffffef
       27915000	      2790	800015fc	05fcf463	bgeu	x25,x31,80001644	 x25:0x80000000 x31:0xf1ed2000
       27925000	      2791	80001600	82fe8e13	addi	x28,x29,-2001	 x29:0x3f880000 x28=0x3f87f82f
       27935000	      2792	80001604	01476ab3	or	x21,x14,x20	 x14:0x80009f4c x20:0x60b31d9f x21=0xe0b39fdf
       27945000	      2793	80001608	80219817	auipc	x16,0x80219	 x16=0x0021a604
       27955000	      2794	8000160c	8d831f97	auipc	x31,0x8d831	 x31=0x0d832608
       27965000	      2795	80001610	011cb533	sltu	x10,x25,x17	 x25:0x80000000 x17:0xffffff9e x10=0x00000001
       27975000	      2796	80001614	13616213	ori	x4,x2,310	  x2:0x1f1bf5ec  x4=0x1f1bf5fe
       27985000	      2797	80001618	006415b3	sll	x11,x8,x6	  x8:0x00000000  x6:0xe7cadd9f x11=0x00000000
       27995000	      2798	8000161c	be8a0f93	addi	x31,x20,-1048	 x20:0x60b31d9f x31=0x60b31987
       28005000	      2799	80001620	010afc63	bgeu	x21,x16,80001638	 x21:0xe0b39fdf x16:0x0021a604
       28015000	      2800	00000000	00000013	addi	x0,x0,0	  x0:0x00000000
       28025000	      2801	80001634	00000013	addi	x0,x0,0	  x0:0x00000000
       28035000	      2802	80001638	00000013	addi	x0,x0,0	  x0:0x00000000
       28045000	      2803	8000163c	baecc397	auipc	x7,0xbaecc	  x7=0x3aecd638
       28055000	      2804	80001640	026de463	bltu	x27,x6,80001668	 x27:0xfe00e000  x6:0xe7cadd9f
       28065000	      2805	80001644	24f8de37	lui	x28,0x24f8d	 x28=0x24f8d000
       28075000	      2806	80001648	00000013	addi	x0,x0,0	  x0:0x00000000
       28085000	      2807	8000164c	01a91663	bne	x18,x26,80001658	 x18:0x0f227000 x26:0x00000000
       28095000	      2808	00000000	00000013	addi	x0,x0,0	  x0:0x00000000
       28105000	      2809	80001654	00000013	addi	x0,x0,0	  x0:0x00000000
       28115000	      2810	80001658	01719e13	slli	x28,x3,0x17	  x3:0x8717bbb6 x28=0xdb000000
       28125000	      2811	8000165c	0170d033	srl	x0,x1,x23	  x1:0x80009b7a x23:0x80009fc4
       28135000	      2812	80001660	00ed3e33	sltu	x28,x26,x14	 x26:0x00000000 x14:0x80009f4c x28=0x00000001
       28145000	      2813	80001664	8f49d937	lui	x18,0x8f49d	 x18=0x8f49d000
       28155000	      2814	80001668	91dba897	auipc	x17,0x91dba	 x17=0x11dbb664
       28165000	      2815	8000166c	3c665437	lui	x8,0x3c665	  x8=0x3c665000
       28175000	      2816	80001670	018c6133	or	x2,x24,x24	 x24:0x00000000 x24:0x00000000  x2=0x00000000
       28185000	      2817	80001674	01ce96b3	sll	x13,x29,x28	 x29:0x3f880000 x28:0x00000001 x13=0x7f100000
       28195000	      2818	80001678	00b46fb3	or	x31,x8,x11	  x8:0x3c665000 x11:0x00000000 x31=0x3c665000
       28205000	      2819	8000167c	00000013	addi	x0,x0,0	  x0:0x00000000
       28215000	      2820	80001680	ffe94613	xori	x12,x18,-2	 x18:0x8f49d000 x12=0x70b62ffe
       28225000	      2821	80001684	05c88863	beq	x17,x28,800016d4	 x17:0x11dbb664 x28:0x00000001
       28235000	      2822	80001688	001846b3	xor	x13,x16,x1	 x16:0x0021a604  x1:0x80009b7a x13=0x80213d7e
       28245000	      2823	8000168c	0013b833	sltu	x16,x7,x1	  x7:0x3aecd638  x1:0x80009b7a x16=0x00000001
       28255000	      2824	80001690	40785e33	sra	x28,x16,x7	 x16:0x00000001  x7:0x3aecd638 x28=0x00000000
       28265000	      2825	80001694	4111d513	srai	x10,x3,0x11	  x3:0x8717bbb6 x10=0xffffc38b
       28275000	      2826	80001698	a525e517	auipc	x10,0xa525e	 x10=0x2525f694
       28285000	      2827	8000169c	58e93493	sltiu	x9,x18,1422	 x18:0x8f49d000  x9=0x00000000
       28295000	      2828	800016a0	01f79f33	sll	x30,x15,x31	 x15:0x78e84000 x31:0x3c665000 x30=0x78e84000
       28305000	      2829	800016a4	41285233	sra	x4,x16,x18	 x16:0x00000001 x18:0x8f49d000  x4=0x00000001
       28315000	      2830	800016a8	00917933	and	x18,x2,x9	  x2:0x00000000  x9:0x00000000 x18=0x00000000
       28325000	      2831	800016ac	051c5063	bge	x24,x17,800016ec	 x24:0x00000000 x17:0x11dbb664
       28335000	      2832	800016b0	4159da13	srai	x20,x19,0x15	 x19:0xffffffef x20=0xffffffff
       28345000	      2833	800016b4	02f1d663	bge	x3,x15,800016e0	  x3:0x8717bbb6 x15:0x78e84000
       28355000	      2834	800016b8	0287f663	bgeu	x15,x8,800016e4	 x15:0x78e84000  x8:0x3c665000
       28365000	      2835	00000000	00000013	addi	x0,x0,0	  x0:0x00000000
       28375000	      2836	800016e0	00000013	addi	x0,x0,0	  x0:0x00000000
       28385000	      2837	800016e4	0200fa63	bgeu	x1,x0,80001718	  x1:0x80009b7a  x0:0x00000000
       28395000	      2838	00000000	00000013	addi	x0,x0,0	  x0:0x00000000
       28405000	      2839	80001714	00000013	addi	x0,x0,0	  x0:0x00000000
       28415000	      2840	80001718	030dfa63	bgeu	x27,x16,8000174c	 x27:0xfe00e000 x16:0x00000001
       28425000	      2841	00000000	00000013	addi	x0,x0,0	  x0:0x00000000
       28435000	      2842	80001748	00000013	addi	x0,x0,0	  x0:0x00000000
       28445000	      2843	8000174c	013674b3	and	x9,x12,x19	 x12:0x70b62ffe x19:0xffffffef  x9=0x70b62fee
       28455000	      2844	80001750	c48ff7b7	lui	x15,0xc48ff	 x15=0xc48ff000
       28465000	      2845	80001754	012e3e33	sltu	x28,x28,x18	 x28:0x00000000 x18:0x00000000 x28=0x00000000
       28475000	      2846	80001758	017aec33	or	x24,x21,x23	 x21:0xe0b39fdf x23:0x80009fc4 x24=0xe0b39fdf
       28485000	      2847	8000175c	41f586b3	sub	x13,x11,x31	 x11:0x00000000 x31:0x3c665000 x13=0xc399b000
       28495000	      2848	80001760	4068d213	srai	x4,x17,0x6	 x17:0x11dbb664  x4=0x00476ed9
       28505000	      2849	80001764	2535fb13	andi	x22,x11,595	 x11:0x00000000 x22=0x00000000
       28515000	      2850	80001768	00185e63	bge	x16,x1,80001784	 x16:0x00000001  x1:0x80009b7a
       28525000	      2851	00000000	00000013	addi	x0,x0,0	  x0:0x00000000
       28535000	      2852	80001780	00000013	addi	x0,x0,0	  x0:0x00000000
       28545000	      2853	80001784	02cb7e63	bgeu	x22,x12,800017c0	 x22:0x00000000 x12:0x70b62ffe
       28555000	      2854	80001788	015d3233	sltu	x4,x26,x21	 x26:0x00000000 x21:0xe0b39fdf  x4=0x00000001
       28565000	      2855	8000178c	00ed7a63	bgeu	x26,x14,800017a0	 x26:0x00000000 x14:0x80009f4c
       28575000	      2856	80001790	e1978993	addi	x19,x15,-487	 x15:0xc48ff000 x19=0xc48fee19
       28585000	      2857	80001794	f140f493	andi	x9,x1,-236	  x1:0x80009b7a  x9=0x80009b10
       28595000	      2858	80001798	01105193	srli	x3,x0,0x11	  x0:0x00000000  x3=0x00000000
       28605000	      2859	8000179c	3d61e913	ori	x18,x3,982	  x3:0x00000000 x18=0x000003d6
       28615000	      2860	800017a0	00b2bfb3	sltu	x31,x5,x11	  x5:0xffffffef x11:0x00000000 x31=0x00000000
       28625000	      2861	800017a4	41730fb3	sub	x31,x6,x23	  x6:0xe7cadd9f x23:0x80009fc4 x31=0x67ca3ddb
       28635000	      2862	800017a8	006a1993	slli	x19,x20,0x6	 x20:0xffffffff x19=0xffffffc0
       28645000	      2863	800017ac	5ed5c013	xori	x0,x11,1517	 x11:0x00000000
       28655000	      2864	800017b0	01437663	bgeu	x6,x20,800017bc	  x6:0xe7cadd9f x20:0xffffffff
       28665000	      2865	800017b4	0083a1b3	slt	x3,x7,x8	  x7:0x3aecd638  x8:0x3c665000  x3=0x00000001
       28675000	      2866	800017b8	03cbc263	blt	x23,x28,800017dc	 x23:0x80009fc4 x28:0x00000000
       28685000	      2867	00000000	00000013	addi	x0,x0,0	  x0:0x00000000
       28695000	      2868	800017d8	00000013	addi	x0,x0,0	  x0:0x00000000
       28705000	      2869	800017dc	01a0a6b3	slt	x13,x1,x26	  x1:0x80009b7a x26:0x00000000 x13=0x00000001
       28715000	      2870	800017e0	03d88063	beq	x17,x29,80001800	 x17:0x11dbb664 x29:0x3f880000
       28725000	      2871	800017e4	04f29863	bne	x5,x15,80001834	  x5:0xffffffef x15:0xc48ff000
       28735000	      2872	00000000	00000013	addi	x0,x0,0	  x0:0x00000000
       28745000	      2873	80001830	00000013	addi	x0,x0,0	  x0:0x00000000
       28755000	      2874	80001834	016e07b3	add	x15,x28,x22	 x28:0x00000000 x22:0x00000000 x15=0x00000000
       28765000	      2875	80001838	40965eb3	sra	x29,x12,x9	 x12:0x70b62ffe  x9:0x80009b10 x29=0x000070b6
       28775000	      2876	8000183c	f194b617	auipc	x12,0xf194b	 x12=0x7194c838
       28785000	      2877	80001840	40fc8eb3	sub	x29,x25,x15	 x25:0x80000000 x15:0x00000000 x29=0x80000000
       28795000	      2878	80001844	02316e63	bltu	x2,x3,80001880	  x2:0x00000000  x3:0x00000001
       28805000	      2879	00000000	00000013	addi	x0,x0,0	  x0:0x00000000
       28815000	      2880	8000187c	00000013	addi	x0,x0,0	  x0:0x00000000
       28825000	      2881	80001880	01866db3	or	x27,x12,x24	 x12:0x7194c838 x24:0xe0b39fdf x27=0xf1b7dfff
       28835000	      2882	80001884	40e48133	sub	x2,x9,x14	  x9:0x80009b10 x14:0x80009f4c  x2=0xfffffbc4
       28845000	      2883	80001888	00000013	addi	x0,x0,0	  x0:0x00000000
       28855000	      2884	8000188c	02947463	bgeu	x8,x9,800018b4	  x8:0x3c665000  x9:0x80009b10
       28865000	      2885	80001890	04876463	bltu	x14,x8,800018d8	 x14:0x80009f4c  x8:0x3c665000
       28875000	      2886	80001894	012b2633	slt	x12,x22,x18	 x22:0x00000000 x18:0x000003d6 x12=0x00000001
       28885000	      2887	80001898	e57d2d93	slti	x27,x26,-425	 x26:0x00000000 x27=0x00000000
       28895000	      2888	8000189c	01714033	xor	x0,x2,x23	  x2:0xfffffbc4 x23:0x80009fc4
       28905000	      2889	800018a0	01f5e863	bltu	x11,x31,800018b0	 x11:0x00000000 x31:0x67ca3ddb
       28915000	      2890	00000000	00000013	addi	x0,x0,0	  x0:0x00000000
       28925000	      2891	800018ac	00000013	addi	x0,x0,0	  x0:0x00000000
       28935000	      2892	800018b0	03b9c463	blt	x19,x27,800018d8	 x19:0xffffffc0 x27:0x00000000
       28945000	      2893	00000000	00000013	addi	x0,x0,0	  x0:0x00000000
       28955000	      2894	800018d4	00000013	addi	x0,x0,0	  x0:0x00000000
       28965000	      2895	800018d8	05fa5063	bge	x20,x31,80001918	 x20:0xffffffff x31:0x67ca3ddb
       28975000	      2896	800018dc	0305de63	bge	x11,x16,80001918	 x11:0x00000000 x16:0x00000001
       28985000	      2897	800018e0	0047e833	or	x16,x15,x4	 x15:0x00000000  x4:0x00000001 x16=0x00000001
       28995000	      2898	800018e4	01fe1c33	sll	x24,x28,x31	 x28:0x00000000 x31:0x67ca3ddb x24=0x00000000
       29005000	      2899	800018e8	eeb37a93	andi	x21,x6,-277	  x6:0xe7cadd9f x21=0xe7cadc8b
       29015000	      2900	800018ec	00b16d33	or	x26,x2,x11	  x2:0xfffffbc4 x11:0x00000000 x26=0xfffffbc4
       29025000	      2901	800018f0	4a8ae913	ori	x18,x21,1192	 x21:0xe7cadc8b x18=0xe7cadcab
       29035000	      2902	800018f4	01c745b3	xor	x11,x14,x28	 x14:0x80009f4c x28:0x00000000 x11=0x80009f4c
       29045000	      2903	800018f8	40365413	srai	x8,x12,0x3	 x12:0x00000001  x8=0x00000000
       29055000	      2904	800018fc	009d1e93	slli	x29,x26,0x9	 x26:0xfffffbc4 x29=0xfff78800
       29065000	      2905	80001900	f59f4897	auipc	x17,0xf59f4	 x17=0x759f58fc
       29075000	      2906	80001904	028f1463	bne	x30,x8,8000192c	 x30:0x78e84000  x8:0x00000000
       29085000	      2907	00000000	00000013	addi	x0,x0,0	  x0:0x00000000
       29095000	      2908	80001928	00000013	addi	x0,x0,0	  x0:0x00000000
       29105000	      2909	8000192c	0072fe33	and	x28,x5,x7	  x5:0xffffffef  x7:0x3aecd638 x28=0x3aecd628
       29115000	      2910	80001930	7d939437	lui	x8,0x7d939	  x8=0x7d939000
       29125000	      2911	80001934	eb3e8113	addi	x2,x29,-333	 x29:0xfff78800  x2=0xfff786b3
       29135000	      2912	80001938	64c20fb7	lui	x31,0x64c20	 x31=0x64c20000
       29145000	      2913	8000193c	01278c33	add	x24,x15,x18	 x15:0x00000000 x18:0xe7cadcab x24=0xe7cadcab
       29155000	      2914	80001940	015d9db3	sll	x27,x27,x21	 x27:0x00000000 x21:0xe7cadc8b x27=0x00000000
       29165000	      2915	80001944	01034933	xor	x18,x6,x16	  x6:0xe7cadd9f x16:0x00000001 x18=0xe7cadd9e
       29175000	      2916	80001948	01107233	and	x4,x0,x17	  x0:0x00000000 x17:0x759f58fc  x4=0x00000000
       29185000	      2917	8000194c	f12d8d13	addi	x26,x27,-238	 x27:0x00000000 x26=0xffffff12
       29195000	      2918	80001950	9a52e113	ori	x2,x5,-1627	  x5:0xffffffef  x2=0xffffffef
       29205000	      2919	80001954	05046863	bltu	x8,x16,800019a4	  x8:0x7d939000 x16:0x00000001
       29215000	      2920	80001958	149b8093	addi	x1,x23,329	 x23:0x80009fc4  x1=0x8000a10d
       29225000	      2921	8000195c	01224a63	blt	x4,x18,80001970	  x4:0x00000000 x18:0xe7cadd9e
       29235000	      2922	80001960	41195033	sra	x0,x18,x17	 x18:0xe7cadd9e x17:0x759f58fc
       29245000	      2923	80001964	c7f4a493	slti	x9,x9,-897	  x9:0x80009b10  x9=0x00000001
       29255000	      2924	80001968	05211863	bne	x2,x18,800019b8	  x2:0xffffffef x18:0xe7cadd9e
       29265000	      2925	00000000	00000013	addi	x0,x0,0	  x0:0x00000000
       29275000	      2926	800019b4	00000013	addi	x0,x0,0	  x0:0x00000000
       29285000	      2927	800019b8	c806e913	ori	x18,x13,-896	 x13:0x00000001 x18=0xfffffc81
       29295000	      2928	800019bc	88feb113	sltiu	x2,x29,-1905	 x29:0xfff78800  x2=0x00000001
       29305000	      2929	800019c0	d7ea8813	addi	x16,x21,-642	 x21:0xe7cadc8b x16=0xe7cada09
       29315000	      2930	800019c4	01e3dd33	srl	x26,x7,x30	  x7:0x3aecd638 x30:0x78e84000 x26=0x3aecd638
       29325000	      2931	800019c8	01fe5313	srli	x6,x28,0x1f	 x28:0x3aecd628  x6=0x00000000
       29335000	      2932	800019cc	012ed3b3	srl	x7,x29,x18	 x29:0xfff78800 x18:0xfffffc81  x7=0x7ffbc400
       29345000	      2933	800019d0	01fe82b3	add	x5,x29,x31	 x29:0xfff78800 x31:0x64c20000  x5=0x64b98800
       29355000	      2934	800019d4	2bf86193	ori	x3,x16,703	 x16:0xe7cada09  x3=0xe7cadabf
       29365000	      2935	800019d8	a296f793	andi	x15,x13,-1495	 x13:0x00000001 x15=0x00000001
       29375000	      2936	800019dc	04036463	bltu	x6,x0,80001a24	  x6:0x00000000  x0:0x00000000
       29385000	      2937	800019e0	00b98233	add	x4,x19,x11	 x19:0xffffffc0 x11:0x80009f4c  x4=0x80009f0c
       29395000	      2938	800019e4	02dfda63	bge	x31,x13,80001a18	 x31:0x64c20000 x13:0x00000001
       29405000	      2939	00000000	00000013	addi	x0,x0,0	  x0:0x00000000
       29415000	      2940	80001a14	00000013	addi	x0,x0,0	  x0:0x00000000
       29425000	      2941	80001a18	66cd7197	auipc	x3,0x66cd7	  x3=0xe6cd8a14
       29435000	      2942	80001a1c	016a5a63	bge	x20,x22,80001a30	 x20:0xffffffff x22:0x00000000
       29445000	      2943	80001a20	416385b3	sub	x11,x7,x22	  x7:0x7ffbc400 x22:0x00000000 x11=0x7ffbc400
       29455000	      2944	80001a24	afdf6813	ori	x16,x30,-1283	 x30:0x78e84000 x16=0xfffffafd
       29465000	      2945	80001a28	97cebe97	auipc	x29,0x97ceb	 x29=0x17ceca24
       29475000	      2946	80001a2c	40df86b3	sub	x13,x31,x13	 x31:0x64c20000 x13:0x00000001 x13=0x64c1ffff
       29485000	      2947	80001a30	40ed0a33	sub	x20,x26,x14	 x26:0x3aecd638 x14:0x80009f4c x20=0xbaec36ec
       29495000	      2948	80001a34	6bb84d13	xori	x26,x16,1723	 x16:0xfffffafd x26=0xfffffc46
       29505000	      2949	80001a38	cebdf813	andi	x16,x27,-789	 x27:0x00000000 x16=0x00000000
       29515000	      2950	80001a3c	019d9f93	slli	x31,x27,0x19	 x27:0x00000000 x31=0x00000000
       29525000	      2951	80001a40	40775ab3	sra	x21,x14,x7	 x14:0x80009f4c  x7:0x7ffbc400 x21=0x80009f4c
       29535000	      2952	80001a44	0203ee63	bltu	x7,x0,80001a80	  x7:0x7ffbc400  x0:0x00000000
       29545000	      2953	80001a48	0014c7b3	xor	x15,x9,x1	  x9:0x00000001  x1:0x8000a10d x15=0x8000a10c
       29555000	      2954	80001a4c	00de23b3	slt	x7,x28,x13	 x28:0x3aecd628 x13:0x64c1ffff  x7=0x00000001
       29565000	      2955	80001a50	017f6d33	or	x26,x30,x23	 x30:0x78e84000 x23:0x80009fc4 x26=0xf8e8dfc4
       29575000	      2956	80001a54	02097063	bgeu	x18,x0,80001a74	 x18:0xfffffc81  x0:0x00000000
       29585000	      2957	00000000	00000013	addi	x0,x0,0	  x0:0x00000000
       29595000	      2958	80001a70	00000013	addi	x0,x0,0	  x0:0x00000000
       29605000	      2959	80001a74	00f2d093	srli	x1,x5,0xf	  x5:0x64b98800  x1=0x0000c973
       29615000	      2960	80001a78	01f88c63	beq	x17,x31,80001a90	 x17:0x759f58fc x31:0x00000000
       29625000	      2961	80001a7c	0504c463	blt	x9,x16,80001ac4	  x9:0x00000001 x16:0x00000000
       29635000	      2962	80001a80	01fee0b3	or	x1,x29,x31	 x29:0x17ceca24 x31:0x00000000  x1=0x17ceca24
       29645000	      2963	80001a84	ceb57337	lui	x6,0xceb57	  x6=0xceb57000
       29655000	      2964	80001a88	00b375b3	and	x11,x6,x11	  x6:0xceb57000 x11:0x7ffbc400 x11=0x4eb14000
       29665000	      2965	80001a8c	02dc8a63	beq	x25,x13,80001ac0	 x25:0x80000000 x13:0x64c1ffff
       29675000	      2966	80001a90	02b20463	beq	x4,x11,80001ab8	  x4:0x80009f0c x11:0x4eb14000
       29685000	      2967	80001a94	015054b3	srl	x9,x0,x21	  x0:0x00000000 x21:0x80009f4c  x9=0x00000000
       29695000	      2968	80001a98	01285833	srl	x16,x16,x18	 x16:0x00000000 x18:0xfffffc81 x16=0x00000000
       29705000	      2969	80001a9c	010fb0b3	sltu	x1,x31,x16	 x31:0x00000000 x16:0x00000000  x1=0x00000000
       29715000	      2970	80001aa0	0290d463	bge	x1,x9,80001ac8	  x1:0x00000000  x9:0x00000000
       29725000	      2971	00000000	00000013	addi	x0,x0,0	  x0:0x00000000
       29735000	      2972	80001ac4	00000013	addi	x0,x0,0	  x0:0x00000000
       29745000	      2973	80001ac8	0113b7b3	sltu	x15,x7,x17	  x7:0x00000001 x17:0x759f58fc x15=0x00000001
       29755000	      2974	80001acc	1c8da193	slti	x3,x27,456	 x27:0x00000000  x3=0x00000001
       29765000	      2975	80001ad0	4174d633	sra	x12,x9,x23	  x9:0x00000000 x23:0x80009fc4 x12=0x00000000
       29775000	      2976	80001ad4	e1bd0e93	addi	x29,x26,-485	 x26:0xf8e8dfc4 x29=0xf8e8dddf
       29785000	      2977	80001ad8	00add893	srli	x17,x27,0xa	 x27:0x00000000 x17=0x00000000
       29795000	      2978	80001adc	9589a117	auipc	x2,0x9589a	  x2=0x1589bad8
       29805000	      2979	80001ae0	d206e197	auipc	x3,0xd206e	  x3=0x5206fadc
       29815000	      2980	80001ae4	be350193	addi	x3,x10,-1053	 x10:0x2525f694  x3=0x2525f277
       29825000	      2981	80001ae8	40b60333	sub	x6,x12,x11	 x12:0x00000000 x11:0x4eb14000  x6=0xb14ec000
       29835000	      2982	80001aec	b07eee93	ori	x29,x29,-1273	 x29:0xf8e8dddf x29=0xffffffdf
       29845000	      2983	80001af0	00c3fe63	bgeu	x7,x12,80001b0c	  x7:0x00000001 x12:0x00000000
       29855000	      2984	00000000	00000013	addi	x0,x0,0	  x0:0x00000000
       29865000	      2985	80001b08	00000013	addi	x0,x0,0	  x0:0x00000000
       29875000	      2986	80001b0c	3ec07e97	auipc	x29,0x3ec07	 x29=0xbec08b08
       29885000	      2987	80001b10	04ebef93	ori	x31,x23,78	 x23:0x80009fc4 x31=0x80009fce
       29895000	      2988	80001b14	2ba5cf93	xori	x31,x11,698	 x11:0x4eb14000 x31=0x4eb142ba
       29905000	      2989	80001b18	00c36f33	or	x30,x6,x12	  x6:0xb14ec000 x12:0x00000000 x30=0xb14ec000
       29915000	      2990	80001b1c	000dea33	or	x20,x27,x0	 x27:0x00000000  x0:0x00000000 x20=0x00000000
       29925000	      2991	80001b20	01867e33	and	x28,x12,x24	 x12:0x00000000 x24:0xe7cadcab x28=0x00000000
       29935000	      2992	80001b24	01911663	bne	x2,x25,80001b30	  x2:0x1589bad8 x25:0x80000000
       29945000	      2993	00000000	00000013	addi	x0,x0,0	  x0:0x00000000
       29955000	      2994	80001b2c	00000013	addi	x0,x0,0	  x0:0x00000000
       29965000	      2995	80001b30	005a4233	xor	x4,x20,x5	 x20:0x00000000  x5:0x64b98800  x4=0x64b98800
       29975000	      2996	80001b34	014c3db3	sltu	x27,x24,x20	 x24:0xe7cadcab x20:0x00000000 x27=0x00000000
       29985000	      2997	80001b38	00598833	add	x16,x19,x5	 x19:0xffffffc0  x5:0x64b98800 x16=0x64b987c0
       29995000	      2998	80001b3c	6b740b13	addi	x22,x8,1719	  x8:0x7d939000 x22=0x7d9396b7
       30005000	      2999	80001b40	a271bc17	auipc	x24,0xa271b	 x24=0x2271cb3c
       30015000	      3000	80001b44	27eb7693	andi	x13,x22,638	 x22:0x7d9396b7 x13=0x00000236
       30025000	      3001	80001b48	ca566513	ori	x10,x12,-859	 x12:0x00000000 x10=0xfffffca5
       30035000	      3002	80001b4c	e9533213	sltiu	x4,x6,-363	  x6:0xb14ec000  x4=0x00000001
       30045000	      3003	80001b50	00ff48b3	xor	x17,x30,x15	 x30:0xb14ec000 x15:0x00000001 x17=0xb14ec001
       30055000	      3004	80001b54	40b8d393	srai	x7,x17,0xb	 x17:0xb14ec001  x7=0xfff629d8
       30065000	      3005	80001b58	024aca63	blt	x21,x4,80001b8c	 x21:0x80009f4c  x4:0x00000001
       30075000	      3006	00000000	00000013	addi	x0,x0,0	  x0:0x00000000
       30085000	      3007	80001b88	00000013	addi	x0,x0,0	  x0:0x00000000
       30095000	      3008	80001b8c	021c0463	beq	x24,x1,80001bb4	 x24:0x2271cb3c  x1:0x00000000
       30105000	      3009	80001b90	58aa2413	slti	x8,x20,1418	 x20:0x00000000  x8=0x00000001
       30115000	      3010	80001b94	00000013	addi	x0,x0,0	  x0:0x00000000
       30125000	      3011	80001b98	00cea9b3	slt	x19,x29,x12	 x29:0xbec08b08 x12:0x00000000 x19=0x00000001
       30135000	      3012	80001b9c	a91d7697	auipc	x13,0xa91d7	 x13=0x291d8b98
       30145000	      3013	80001ba0	a890ed13	ori	x26,x1,-1399	  x1:0x00000000 x26=0xfffffa89
       30155000	      3014	80001ba4	019cd613	srli	x12,x25,0x19	 x25:0x80000000 x12=0x00000040
       30165000	      3015	80001ba8	01765ab3	srl	x21,x12,x23	 x12:0x00000040 x23:0x80009fc4 x21=0x00000004
       30175000	      3016	80001bac	01885293	srli	x5,x16,0x18	 x16:0x64b987c0  x5=0x00000064
       30185000	      3017	80001bb0	00000013	addi	x0,x0,0	  x0:0x00000000
       30195000	      3018	80001bb4	85df6193	ori	x3,x30,-1955	 x30:0xb14ec000  x3=0xfffff85d
       30205000	      3019	80001bb8	00000013	addi	x0,x0,0	  x0:0x00000000
       30215000	      3020	80001bbc	00711533	sll	x10,x2,x7	  x2:0x1589bad8  x7:0xfff629d8 x10=0xd8000000
       30225000	      3021	80001bc0	4ceb3e93	sltiu	x29,x22,1230	 x22:0x7d9396b7 x29=0x00000000
       30235000	      3022	80001bc4	41f75833	sra	x16,x14,x31	 x14:0x80009f4c x31:0x4eb142ba x16=0xffffffe0
       30245000	      3023	80001bc8	01193e33	sltu	x28,x18,x17	 x18:0xfffffc81 x17:0xb14ec001 x28=0x00000000
       30255000	      3024	80001bcc	01f7d0b3	srl	x1,x15,x31	 x15:0x00000001 x31:0x4eb142ba  x1=0x00000000
       30265000	      3025	80001bd0	028ad463	bge	x21,x8,80001bf8	 x21:0x00000004  x8:0x00000001
       30275000	      3026	00000000	00000013	addi	x0,x0,0	  x0:0x00000000
       30285000	      3027	80001bf4	00000013	addi	x0,x0,0	  x0:0x00000000
       30295000	      3028	80001bf8	40e7d313	srai	x6,x15,0xe	 x15:0x00000001  x6=0x00000000
       30305000	      3029	80001bfc	020df463	bgeu	x27,x0,80001c24	 x27:0x00000000  x0:0x00000000
       30315000	      3030	00000000	00000013	addi	x0,x0,0	  x0:0x00000000
       30325000	      3031	80001c20	00000013	addi	x0,x0,0	  x0:0x00000000
       30335000	      3032	80001c24	04fef463	bgeu	x29,x15,80001c6c	 x29:0x00000000 x15:0x00000001
       30345000	      3033	80001c28	00e5ceb3	xor	x29,x11,x14	 x11:0x4eb14000 x14:0x80009f4c x29=0xceb1df4c
       30355000	      3034	80001c2c	413d5eb3	sra	x29,x26,x19	 x26:0xfffffa89 x19:0x00000001 x29=0xfffffd44
       30365000	      3035	80001c30	ef6df393	andi	x7,x27,-266	 x27:0x00000000  x7=0x00000000
       30375000	      3036	80001c34	00000013	addi	x0,x0,0	  x0:0x00000000
       30385000	      3037	80001c38	00b69633	sll	x12,x13,x11	 x13:0x291d8b98 x11:0x4eb14000 x12=0x291d8b98
       30395000	      3038	80001c3c	00758233	add	x4,x11,x7	 x11:0x4eb14000  x7:0x00000000  x4=0x4eb14000
       30405000	      3039	80001c40	00c31433	sll	x8,x6,x12	  x6:0x00000000 x12:0x291d8b98  x8=0x00000000
       30415000	      3040	80001c44	020f6a63	bltu	x30,x0,80001c78	 x30:0xb14ec000  x0:0x00000000
       30425000	      3041	80001c48	05fa8863	beq	x21,x31,80001c98	 x21:0x00000004 x31:0x4eb142ba
       30435000	      3042	80001c4c	0246f463	bgeu	x13,x4,80001c74	 x13:0x291d8b98  x4:0x4eb14000
       30445000	      3043	80001c50	002ab233	sltu	x4,x21,x2	 x21:0x00000004  x2:0x1589bad8  x4=0x00000001
       30455000	      3044	80001c54	03b54663	blt	x10,x27,80001c80	 x10:0xd8000000 x27:0x00000000
       30465000	      3045	00000000	00000013	addi	x0,x0,0	  x0:0x00000000
       30475000	      3046	80001c7c	00000013	addi	x0,x0,0	  x0:0x00000000
       30485000	      3047	80001c80	86038193	addi	x3,x7,-1952	  x7:0x00000000  x3=0xfffff860
       30495000	      3048	80001c84	01ad6fb3	or	x31,x26,x26	 x26:0xfffffa89 x26:0xfffffa89 x31=0xfffffa89
       30505000	      3049	80001c88	d854b693	sltiu	x13,x9,-635	  x9:0x00000000 x13=0x00000001
       30515000	      3050	80001c8c	00000013	addi	x0,x0,0	  x0:0x00000000
       30525000	      3051	80001c90	4110d433	sra	x8,x1,x17	  x1:0x00000000 x17:0xb14ec001  x8=0x00000000
       30535000	      3052	80001c94	00ead8b3	srl	x17,x21,x14	 x21:0x00000004 x14:0x80009f4c x17=0x00000000
       30545000	      3053	80001c98	f6a5b293	sltiu	x5,x11,-150	 x11:0x4eb14000  x5=0x00000001
       30555000	      3054	80001c9c	030c9a63	bne	x25,x16,80001cd0	 x25:0x80000000 x16:0xffffffe0
       30565000	      3055	00000000	00000013	addi	x0,x0,0	  x0:0x00000000
       30575000	      3056	80001ccc	00000013	addi	x0,x0,0	  x0:0x00000000
       30585000	      3057	80001cd0	d48cf693	andi	x13,x25,-696	 x25:0x80000000 x13=0x80000000
       30595000	      3058	80001cd4	023b5063	bge	x22,x3,80001cf4	 x22:0x7d9396b7  x3:0xfffff860
       30605000	      3059	00000000	00000013	addi	x0,x0,0	  x0:0x00000000
       30615000	      3060	80001cf0	00000013	addi	x0,x0,0	  x0:0x00000000
       30625000	      3061	80001cf4	02376e63	bltu	x14,x3,80001d30	 x14:0x80009f4c  x3:0xfffff860
       30635000	      3062	00000000	00000013	addi	x0,x0,0	  x0:0x00000000
       30645000	      3063	80001d2c	00000013	addi	x0,x0,0	  x0:0x00000000
       30655000	      3064	80001d30	7c71b393	sltiu	x7,x3,1991	  x3:0xfffff860  x7=0x00000000
       30665000	      3065	80001d34	401dd233	sra	x4,x27,x1	 x27:0x00000000  x1:0x00000000  x4=0x00000000
       30675000	      3066	80001d38	0090bb33	sltu	x22,x1,x9	  x1:0x00000000  x9:0x00000000 x22=0x00000000
       30685000	      3067	80001d3c	0170deb3	srl	x29,x1,x23	  x1:0x00000000 x23:0x80009fc4 x29=0x00000000
       30695000	      3068	80001d40	00220a63	beq	x4,x2,80001d54	  x4:0x00000000  x2:0x1589bad8
       30705000	      3069	80001d44	00a019b3	sll	x19,x0,x10	  x0:0x00000000 x10:0xd8000000 x19=0x00000000
       30715000	      3070	80001d48	01c085b3	add	x11,x1,x28	  x1:0x00000000 x28:0x00000000 x11=0x00000000
       30725000	      3071	80001d4c	04279863	bne	x15,x2,80001d9c	 x15:0x00000001  x2:0x1589bad8
       30735000	      3072	00000000	00000013	addi	x0,x0,0	  x0:0x00000000
       30745000	      3073	80001d98	00000013	addi	x0,x0,0	  x0:0x00000000
       30755000	      3074	80001d9c	248df693	andi	x13,x27,584	 x27:0x00000000 x13=0x00000000
       30765000	      3075	80001da0	506d3197	auipc	x3,0x506d3	  x3=0xd06d4d9c
       30775000	      3076	80001da4	002a7a63	bgeu	x20,x2,80001db8	 x20:0x00000000  x2:0x1589bad8
       30785000	      3077	80001da8	41fed293	srai	x5,x29,0x1f	 x29:0x00000000  x5=0x00000000
       30795000	      3078	80001dac	1273b993	sltiu	x19,x7,295	  x7:0x00000000 x19=0x00000001
       30805000	      3079	80001db0	05b39063	bne	x7,x27,80001df0	  x7:0x00000000 x27:0x00000000
       30815000	      3080	80001db4	01fe8a63	beq	x29,x31,80001dc8	 x29:0x00000000 x31:0xfffffa89
       30825000	      3081	80001db8	dda96b13	ori	x22,x18,-550	 x18:0xfffffc81 x22=0xfffffddb
       30835000	      3082	80001dbc	0093d133	srl	x2,x7,x9	  x7:0x00000000  x9:0x00000000  x2=0x00000000
       30845000	      3083	80001dc0	010a1613	slli	x12,x20,0x10	 x20:0x00000000 x12=0x00000000
       30855000	      3084	80001dc4	03006263	bltu	x0,x16,80001de8	  x0:0x00000000 x16:0xffffffe0
       30865000	      3085	00000000	00000013	addi	x0,x0,0	  x0:0x00000000
       30875000	      3086	80001de4	00000013	addi	x0,x0,0	  x0:0x00000000
       30885000	      3087	80001de8	14e1b4b7	lui	x9,0x14e1b	  x9=0x14e1b000
       30895000	      3088	80001dec	0037b6b3	sltu	x13,x15,x3	 x15:0x00000001  x3:0xd06d4d9c x13=0x00000001
       30905000	      3089	80001df0	01945093	srli	x1,x8,0x19	  x8:0x00000000  x1=0x00000000
       30915000	      3090	80001df4	00dd8ab3	add	x21,x27,x13	 x27:0x00000000 x13:0x00000001 x21=0x00000001
       30925000	      3091	80001df8	1838ad13	slti	x26,x17,387	 x17:0x00000000 x26=0x00000001
       30935000	      3092	80001dfc	00006417	auipc	x8,0x6	  x8=0x80007df8
       30945000	      3093	80001e00	46f40413	addi	x8,x8,1135	  x8:0x80007df8  x8=0x80008267
       30955000	      3094	80001e04	f63418a3	sh	x3,-143(x8)	  x8:0x80008267  x3:0xd06d4d9c PA:0x800081d8
       30965000	      3095	80001e08	f7140c03	lb	x24,-143(x8)	  x8:0x80008267 x24=0xffffff9c PA:0x800081d8
       30975000	      3096	80001e0c	00d26133	or	x2,x4,x13	  x4:0x00000000 x13:0x00000001  x2=0x00000001
       30985000	      3097	80001e10	f7142783	lw	x15,-143(x8)	  x8:0x80008267 x15=0x90914d9c PA:0x800081d8
       30995000	      3098	80001e14	f7140b03	lb	x22,-143(x8)	  x8:0x80008267 x22=0xffffff9c PA:0x800081d8
       31005000	      3099	80001e18	c5adad13	slti	x26,x27,-934	 x27:0x00000000 x26=0x00000000
       31015000	      3100	80001e1c	f7140783	lb	x15,-143(x8)	  x8:0x80008267 x15=0xffffff9c PA:0x800081d8
       31025000	      3101	80001e20	f7144f03	lbu	x30,-143(x8)	  x8:0x80008267 x30=0x0000009c PA:0x800081d8
       31035000	      3102	80001e24	f7141b03	lh	x22,-143(x8)	  x8:0x80008267 x22=0x00004d9c PA:0x800081d8
       31045000	      3103	80001e28	f7144103	lbu	x2,-143(x8)	  x8:0x80008267  x2=0x0000009c PA:0x800081d8
       31055000	      3104	80001e2c	5ec8bf93	sltiu	x31,x17,1516	 x17:0x00000000 x31=0x00000001
       31065000	      3105	80001e30	41b20d33	sub	x26,x4,x27	  x4:0x00000000 x27:0x00000000 x26=0x00000000
       31075000	      3106	80001e34	f7144303	lbu	x6,-143(x8)	  x8:0x80008267  x6=0x0000009c PA:0x800081d8
       31085000	      3107	80001e38	f67418a3	sh	x7,-143(x8)	  x8:0x80008267  x7:0x00000000 PA:0x800081d8
       31095000	      3108	80001e3c	00000013	addi	x0,x0,0	  x0:0x00000000
       31105000	      3109	80001e40	41c0d013	srai	x0,x1,0x1c	  x1:0x00000000
       31115000	      3110	80001e44	019023b3	slt	x7,x0,x25	  x0:0x00000000 x25:0x80000000  x7=0x00000000
       31125000	      3111	80001e48	01622933	slt	x18,x4,x22	  x4:0x00000000 x22:0x00004d9c x18=0x00000001
       31135000	      3112	80001e4c	0030edb3	or	x27,x1,x3	  x1:0x00000000  x3:0xd06d4d9c x27=0xd06d4d9c
       31145000	      3113	80001e50	01eacd33	xor	x26,x21,x30	 x21:0x00000001 x30:0x0000009c x26=0x0000009d
       31155000	      3114	80001e54	05837863	bgeu	x6,x24,80001ea4	  x6:0x0000009c x24:0xffffff9c
       31165000	      3115	80001e58	0829fd37	lui	x26,0x829f	 x26=0x0829f000
       31175000	      3116	80001e5c	41e1ddb3	sra	x27,x3,x30	  x3:0xd06d4d9c x30:0x0000009c x27=0xfffffffd
       31185000	      3117	80001e60	4d75e013	ori	x0,x11,1239	 x11:0x00000000
       31195000	      3118	80001e64	41995633	sra	x12,x18,x25	 x18:0x00000001 x25:0x80000000 x12=0x00000001
       31205000	      3119	80001e68	20c68793	addi	x15,x13,524	 x13:0x00000001 x15=0x0000020d
       31215000	      3120	80001e6c	0097f7b3	and	x15,x15,x9	 x15:0x0000020d  x9:0x14e1b000 x15=0x00000000
       31225000	      3121	80001e70	00248d33	add	x26,x9,x2	  x9:0x14e1b000  x2:0x0000009c x26=0x14e1b09c
       31235000	      3122	80001e74	0017ea63	bltu	x15,x1,80001e88	 x15:0x00000000  x1:0x00000000
       31245000	      3123	80001e78	01c80ab3	add	x21,x16,x28	 x16:0xffffffe0 x28:0x00000000 x21=0xffffffe0
       31255000	      3124	80001e7c	04301463	bne	x0,x3,80001ec4	  x0:0x00000000  x3:0xd06d4d9c
       31265000	      3125	00000000	00000013	addi	x0,x0,0	  x0:0x00000000
       31275000	      3126	80001ec0	00000013	addi	x0,x0,0	  x0:0x00000000
       31285000	      3127	80001ec4	8249fc13	andi	x24,x19,-2012	 x19:0x00000001 x24=0x00000000
       31295000	      3128	80001ec8	00dae633	or	x12,x21,x13	 x21:0xffffffe0 x13:0x00000001 x12=0xffffffe1
       31305000	      3129	80001ecc	a36e7a13	andi	x20,x28,-1482	 x28:0x00000000 x20=0x00000000
       31315000	      3130	80001ed0	012033b3	sltu	x7,x0,x18	  x0:0x00000000 x18:0x00000001  x7=0x00000001
       31325000	      3131	80001ed4	41005ab3	sra	x21,x0,x16	  x0:0x00000000 x16:0xffffffe0 x21=0x00000000
       31335000	      3132	80001ed8	00f803b3	add	x7,x16,x15	 x16:0xffffffe0 x15:0x00000000  x7=0xffffffe0
       31345000	      3133	80001edc	bea03393	sltiu	x7,x0,-1046	  x0:0x00000000  x7=0x00000001
       31355000	      3134	80001ee0	01b4c663	blt	x9,x27,80001eec	  x9:0x14e1b000 x27:0xfffffffd
       31365000	      3135	80001ee4	00b9c663	blt	x19,x11,80001ef0	 x19:0x00000001 x11:0x00000000
       31375000	      3136	80001ee8	41f20033	sub	x0,x4,x31	  x4:0x00000000 x31:0x00000001
       31385000	      3137	80001eec	408882b3	sub	x5,x17,x8	 x17:0x00000000  x8:0x80008267  x5=0x7fff7d99
       31395000	      3138	80001ef0	02ca9a63	bne	x21,x12,80001f24	 x21:0x00000000 x12:0xffffffe1
       31405000	      3139	00000000	00000013	addi	x0,x0,0	  x0:0x00000000
       31415000	      3140	80001f20	00000013	addi	x0,x0,0	  x0:0x00000000
       31425000	      3141	80001f24	1a053693	sltiu	x13,x10,416	 x10:0xd8000000 x13=0x00000000
       31435000	      3142	80001f28	408bdc13	srai	x24,x23,0x8	 x23:0x80009fc4 x24=0xff80009f
       31445000	      3143	80001f2c	01d1e6b3	or	x13,x3,x29	  x3:0xd06d4d9c x29:0x00000000 x13=0xd06d4d9c
       31455000	      3144	80001f30	41c854b3	sra	x9,x16,x28	 x16:0xffffffe0 x28:0x00000000  x9=0xffffffe0
       31465000	      3145	80001f34	00000013	addi	x0,x0,0	  x0:0x00000000
       31475000	      3146	80001f38	000d9e63	bne	x27,x0,80001f54	 x27:0xfffffffd  x0:0x00000000
       31485000	      3147	00000000	00000013	addi	x0,x0,0	  x0:0x00000000
       31495000	      3148	80001f50	00000013	addi	x0,x0,0	  x0:0x00000000
       31505000	      3149	80001f54	a8ada913	slti	x18,x27,-1398	 x27:0xfffffffd x18=0x00000000
       31515000	      3150	80001f58	00d2aab3	slt	x21,x5,x13	  x5:0x7fff7d99 x13:0xd06d4d9c x21=0x00000000
       31525000	      3151	80001f5c	0054ce33	xor	x28,x9,x5	  x9:0xffffffe0  x5:0x7fff7d99 x28=0x80008279
       31535000	      3152	80001f60	02acd663	bge	x25,x10,80001f8c	 x25:0x80000000 x10:0xd8000000
       31545000	      3153	80001f64	00000013	addi	x0,x0,0	  x0:0x00000000
       31555000	      3154	80001f68	00b15793	srli	x15,x2,0xb	  x2:0x0000009c x15=0x00000000
       31565000	      3155	80001f6c	00000013	addi	x0,x0,0	  x0:0x00000000
       31575000	      3156	80001f70	1aaef213	andi	x4,x29,426	 x29:0x00000000  x4=0x00000000
       31585000	      3157	80001f74	038e6463	bltu	x28,x24,80001f9c	 x28:0x80008279 x24:0xff80009f
       31595000	      3158	00000000	00000013	addi	x0,x0,0	  x0:0x00000000
       31605000	      3159	80001f98	00000013	addi	x0,x0,0	  x0:0x00000000
       31615000	      3160	80001f9c	00340433	add	x8,x8,x3	  x8:0x80008267  x3:0xd06d4d9c  x8=0x506dd003
       31625000	      3161	80001fa0	c1c1f513	andi	x10,x3,-996	  x3:0xd06d4d9c x10=0xd06d4c1c
       31635000	      3162	80001fa4	00b3d413	srli	x8,x7,0xb	  x7:0x00000001  x8=0x00000000
       31645000	      3163	80001fa8	10703293	sltiu	x5,x0,263	  x0:0x00000000  x5=0x00000001
       31655000	      3164	80001fac	0112bc33	sltu	x24,x5,x17	  x5:0x00000001 x17:0x00000000 x24=0x00000000
       31665000	      3165	80001fb0	041d1263	bne	x26,x1,80001ff4	 x26:0x14e1b09c  x1:0x00000000
       31675000	      3166	00000000	00000013	addi	x0,x0,0	  x0:0x00000000
       31685000	      3167	80001ff0	00000013	addi	x0,x0,0	  x0:0x00000000
       31695000	      3168	80001ff4	00000013	addi	x0,x0,0	  x0:0x00000000
       31705000	      3169	80001ff8	80277213	andi	x4,x14,-2046	 x14:0x80009f4c  x4=0x80009800
       31715000	      3170	80001ffc	00472f83	lw	x31,4(x14)	 x14:0x80009f4c x31=0x80002064 PA:0x80009f50
       31725000	      3171	80002000	02870713	addi	x14,x14,40	 x14:0x80009f4c x14=0x80009f74
       31735000	      3172	80002004	00c18033	add	x0,x3,x12	  x3:0xd06d4d9c x12:0xffffffe1
       31745000	      3173	80002008	00751913	slli	x18,x10,0x7	 x10:0xd06d4c1c x18=0x36a60e00
       31755000	      3174	8000200c	010780b3	add	x1,x15,x16	 x15:0x00000000 x16:0xffffffe0  x1=0xffffffe0
       31765000	      3175	80002010	001f8e13	addi	x28,x31,1	 x31:0x80002064 x28=0x80002065
       31775000	      3176	80002014	000e0e67	jalr	x28,x28,0	 x28:0x80002065 x28=0x80002014
       31785000	      3177	00000000	00000013	addi	x0,x0,0	  x0:0x00000000
       31795000	      3178	80002064	00000013	addi	x0,x0,0	  x0:0x00000000
       31805000	      3179	80002068	c3236b13	ori	x22,x6,-974	  x6:0x0000009c x22=0xfffffcbe
       31815000	      3180	8000206c	028d0c63	beq	x26,x8,800020a4	 x26:0x14e1b09c  x8:0x00000000
       31825000	      3181	80002070	00a74463	blt	x14,x10,80002078	 x14:0x80009f74 x10:0xd06d4c1c
       31835000	      3182	00000000	00000013	addi	x0,x0,0	  x0:0x00000000
       31845000	      3183	80002074	00000013	addi	x0,x0,0	  x0:0x00000000
       31855000	      3184	80002078	04e26313	ori	x6,x4,78	  x4:0x80009800  x6=0x8000984e
       31865000	      3185	8000207c	013e1233	sll	x4,x28,x19	 x28:0x80002014 x19:0x00000001  x4=0x00004028
       31875000	      3186	80002080	41585f93	srai	x31,x16,0x15	 x16:0xffffffe0 x31=0xffffffff
       31885000	      3187	80002084	00000013	addi	x0,x0,0	  x0:0x00000000
       31895000	      3188	80002088	01ca0463	beq	x20,x28,80002090	 x20:0x00000000 x28:0x80002014
       31905000	      3189	8000208c	01e4a5b3	slt	x11,x9,x30	  x9:0xffffffe0 x30:0x0000009c x11=0x00000001
       31915000	      3190	80002090	00938a63	beq	x7,x9,800020a4	  x7:0x00000001  x9:0xffffffe0
       31925000	      3191	80002094	00e293b3	sll	x7,x5,x14	  x5:0x00000001 x14:0x80009f74  x7=0x00100000
       31935000	      3192	80002098	00000013	addi	x0,x0,0	  x0:0x00000000
       31945000	      3193	8000209c	001cddb3	srl	x27,x25,x1	 x25:0x80000000  x1:0xffffffe0 x27=0x80000000
       31955000	      3194	800020a0	00745263	bge	x8,x7,800020a4	  x8:0x00000000  x7:0x00100000
       31965000	      3195	800020a4	006af333	and	x6,x21,x6	 x21:0x00000000  x6:0x8000984e  x6=0x00000000
       31975000	      3196	800020a8	00843eb3	sltu	x29,x8,x8	  x8:0x00000000  x8:0x00000000 x29=0x00000000
       31985000	      3197	800020ac	00472f83	lw	x31,4(x14)	 x14:0x80009f74 x31=0x80000378 PA:0x80009f78
       31995000	      3198	800020b0	d1176e93	ori	x29,x14,-751	 x14:0x80009f74 x29=0xffffff75
       32005000	      3199	800020b4	476de293	ori	x5,x27,1142	 x27:0x80000000  x5=0x80000476
       32015000	      3200	800020b8	01070713	addi	x14,x14,16	 x14:0x80009f74 x14=0x80009f84
       32025000	      3201	800020bc	41c05313	srai	x6,x0,0x1c	  x0:0x00000000  x6=0x00000000
       32035000	      3202	800020c0	00de4033	xor	x0,x28,x13	 x28:0x80002014 x13:0xd06d4d9c
       32045000	      3203	800020c4	001f8313	addi	x6,x31,1	 x31:0x80000378  x6=0x80000379
       32055000	      3204	800020c8	00030367	jalr	x6,x6,0	  x6:0x80000379  x6=0x800020c8
       32065000	      3205	00000000	00000013	addi	x0,x0,0	  x0:0x00000000
       32075000	      3206	80000378	00000013	addi	x0,x0,0	  x0:0x00000000
       32085000	      3207	8000037c	00000013	addi	x0,x0,0	  x0:0x00000000
       32095000	      3208	80000380	01c8e3b3	or	x7,x17,x28	 x17:0x00000000 x28:0x80002014  x7=0x80002014
       32105000	      3209	80000384	41b050b3	sra	x1,x0,x27	  x0:0x00000000 x27:0x80000000  x1=0x00000000
       32115000	      3210	80000388	4626c017	auipc	x0,0x4626c	
       32125000	      3211	8000038c	0094f533	and	x10,x9,x9	  x9:0xffffffe0  x9:0xffffffe0 x10=0xffffffe0
       32135000	      3212	80000390	011cfc33	and	x24,x25,x17	 x25:0x80000000 x17:0x00000000 x24=0x00000000
       32145000	      3213	80000394	00738eb3	add	x29,x7,x7	  x7:0x80002014  x7:0x80002014 x29=0x00004028
       32155000	      3214	80000398	0131c933	xor	x18,x3,x19	  x3:0xd06d4d9c x19:0x00000001 x18=0xd06d4d9d
       32165000	      3215	8000039c	013b9d33	sll	x26,x23,x19	 x23:0x80009fc4 x19:0x00000001 x26=0x00013f88
       32175000	      3216	800003a0	01db69b3	or	x19,x22,x29	 x22:0xfffffcbe x29:0x00004028 x19=0xfffffcbe
       32185000	      3217	800003a4	56c22e13	slti	x28,x4,1388	  x4:0x00004028 x28=0x00000000
       32195000	      3218	800003a8	05cff863	bgeu	x31,x28,800003f8	 x31:0x80000378 x28:0x00000000
       32205000	      3219	00000000	00000013	addi	x0,x0,0	  x0:0x00000000
       32215000	      3220	800003f4	00000013	addi	x0,x0,0	  x0:0x00000000
       32225000	      3221	800003f8	40140333	sub	x6,x8,x1	  x8:0x00000000  x1:0x00000000  x6=0x00000000
       32235000	      3222	800003fc	00795d33	srl	x26,x18,x7	 x18:0xd06d4d9d  x7:0x80002014 x26=0x00000d06
       32245000	      3223	80000400	07febf93	sltiu	x31,x29,127	 x29:0x00004028 x31=0x00000000
       32255000	      3224	80000404	00f00833	add	x16,x0,x15	  x0:0x00000000 x15:0x00000000 x16=0x00000000
       32265000	      3225	80000408	00265263	bge	x12,x2,8000040c	 x12:0xffffffe1  x2:0x0000009c
       32275000	      3226	8000040c	007fd793	srli	x15,x31,0x7	 x31:0x00000000 x15=0x00000000
       32285000	      3227	80000410	00000c97	auipc	x25,0x0	 x25=0x8000040c
       32295000	      3228	80000414	00cc8c93	addi	x25,x25,12	 x25:0x8000040c x25=0x80000418
       32305000	      3229	80000418	000c8067	jalr	x0,x25,0	 x25:0x80000418
       32315000	      3230	00000000	00000013	addi	x0,x0,0	  x0:0x00000000
       32325000	      3231	80000418	00000013	addi	x0,x0,0	  x0:0x00000000
       32335000	      3232	8000041c	00100193	addi	x3,x0,1	  x0:0x00000000  x3=0x00000001
       32345000	      3233	80000420	00000073	ecall	
       32355000	      3234	80000424	fd870713	addi	x14,x14,-40	 x14:0x80009f84 x14=0x80009f5c
