		Time			Cycle	PC		Insn	Decoded instruction	Register and memory contents
          65000	         5	80000004	00000293	addi	x5,x0,0	  x0:0x00000000  x5=0x00000000
          75000	         6	80000008	00000313	addi	x6,x0,0	  x0:0x00000000  x6=0x00000000
          85000	         7	8000000c	00628263	beq	x5,x6,80000010	  x5:0x00000000  x6:0x00000000
          95000	         8	00000000	00000013	addi	x0,x0,0	  x0:0x00000000
         105000	         9	8000000c	00000013	addi	x0,x0,0	  x0:0x00000000
         115000	        10	80000010	00000117	auipc	x2,0x0	  x2=0x8000000c
         125000	        11	80000014	00c10113	addi	x2,x2,12	  x2:0x8000000c  x2=0x80000018
         135000	        12	80000018	00010067	jalr	x0,x2,0	  x2:0x80000018
         145000	        13	00000000	00000013	addi	x0,x0,0	  x0:0x00000000
         155000	        14	80000018	00000013	addi	x0,x0,0	  x0:0x00000000
         165000	        15	8000001c	40000bb7	lui	x23,0x40000	 x23=0x40000000
         175000	        16	80000020	100b8b93	addi	x23,x23,256	 x23:0x40000000 x23=0x40000100
         185000	        17	80000024	00000013	addi	x0,x0,0	  x0:0x00000000
         195000	        18	80000028	0000a297	auipc	x5,0xa	  x5=0x8000a024
         205000	        19	8000002c	fa028293	addi	x5,x5,-96	  x5:0x8000a024  x5=0x80009fc4
         215000	        20	80000030	00002b97	auipc	x23,0x2	 x23=0x8000202c
         225000	        21	80000034	fe0b8b93	addi	x23,x23,-32	 x23:0x8000202c x23=0x8000200c
         235000	        22	80000038	000beb93	ori	x23,x23,0	 x23:0x8000200c x23=0x8000200c
         245000	        23	8000003c	00000013	addi	x0,x0,0	  x0:0x00000000
         255000	        24	80000040	00000b97	auipc	x23,0x0	 x23=0x8000003c
         265000	        25	80000044	020b8b93	addi	x23,x23,32	 x23:0x8000003c x23=0x8000005c
         275000	        26	80000048	00000013	addi	x0,x0,0	  x0:0x00000000
         285000	        27	8000004c	00000013	addi	x0,x0,0	  x0:0x00000000
         295000	        28	80000050	00002bb7	lui	x23,0x2	 x23=0x00002000
         305000	        29	80000054	800b8b93	addi	x23,x23,-2048	 x23:0x00002000 x23=0x00001800
         315000	        30	80000058	00000013	addi	x0,x0,0	  x0:0x00000000
         325000	        31	8000005c	00000013	addi	x0,x0,0	  x0:0x00000000
         335000	        32	80000060	00900013	addi	x0,x0,9	  x0:0x00000000
         345000	        33	80000064	800000b7	lui	x1,0x80000	  x1=0x80000000
         355000	        34	80000068	fff4e137	lui	x2,0xfff4e	  x2=0xfff4e000
         365000	        35	8000006c	59910113	addi	x2,x2,1433	  x2:0xfff4e000  x2=0xfff4e599
         375000	        36	80000070	f69641b7	lui	x3,0xf6964	  x3=0xf6964000
         385000	        37	80000074	90118193	addi	x3,x3,-1791	  x3:0xf6964000  x3=0xf6963901
         395000	        38	80000078	4d21e237	lui	x4,0x4d21e	  x4=0x4d21e000
         405000	        39	8000007c	efc20213	addi	x4,x4,-260	  x4:0x4d21e000  x4=0x4d21defc
         415000	        40	80000080	a0f71337	lui	x6,0xa0f71	  x6=0xa0f71000
         425000	        41	80000084	1fb30313	addi	x6,x6,507	  x6:0xa0f71000  x6=0xa0f711fb
         435000	        42	80000088	f3be23b7	lui	x7,0xf3be2	  x7=0xf3be2000
         445000	        43	8000008c	70c38393	addi	x7,x7,1804	  x7:0xf3be2000  x7=0xf3be270c
         455000	        44	80000090	f3a8b437	lui	x8,0xf3a8b	  x8=0xf3a8b000
         465000	        45	80000094	dd740413	addi	x8,x8,-553	  x8:0xf3a8b000  x8=0xf3a8add7
         475000	        46	80000098	00100493	addi	x9,x0,1	  x0:0x00000000  x9=0x00000001
         485000	        47	8000009c	00b00513	addi	x10,x0,11	  x0:0x00000000 x10=0x0000000b
         495000	        48	800000a0	2b6505b7	lui	x11,0x2b650	 x11=0x2b650000
         505000	        49	800000a4	a3158593	addi	x11,x11,-1487	 x11:0x2b650000 x11=0x2b64fa31
         515000	        50	800000a8	00e00613	addi	x12,x0,14	  x0:0x00000000 x12=0x0000000e
         525000	        51	800000ac	00000693	addi	x13,x0,0	  x0:0x00000000 x13=0x00000000
         535000	        52	800000b0	00700713	addi	x14,x0,7	  x0:0x00000000 x14=0x00000007
         545000	        53	800000b4	00f00793	addi	x15,x0,15	  x0:0x00000000 x15=0x0000000f
         555000	        54	800000b8	53573837	lui	x16,0x53573	 x16=0x53573000
         565000	        55	800000bc	a6280813	addi	x16,x16,-1438	 x16:0x53573000 x16=0x53572a62
         575000	        56	800000c0	80000937	lui	x18,0x80000	 x18=0x80000000
         585000	        57	800000c4	8677b9b7	lui	x19,0x8677b	 x19=0x8677b000
         595000	        58	800000c8	5c698993	addi	x19,x19,1478	 x19:0x8677b000 x19=0x8677b5c6
         605000	        59	800000cc	00000a13	addi	x20,x0,0	  x0:0x00000000 x20=0x00000000
         615000	        60	800000d0	00c00a93	addi	x21,x0,12	  x0:0x00000000 x21=0x0000000c
         625000	        61	800000d4	9fa45b37	lui	x22,0x9fa45	 x22=0x9fa45000
         635000	        62	800000d8	e93b0b13	addi	x22,x22,-365	 x22:0x9fa45000 x22=0x9fa44e93
         645000	        63	800000dc	80000bb7	lui	x23,0x80000	 x23=0x80000000
         655000	        64	800000e0	00000c13	addi	x24,x0,0	  x0:0x00000000 x24=0x00000000
         665000	        65	800000e4	80000cb7	lui	x25,0x80000	 x25=0x80000000
         675000	        66	800000e8	80000d37	lui	x26,0x80000	 x26=0x80000000
         685000	        67	800000ec	6d1e1db7	lui	x27,0x6d1e1	 x27=0x6d1e1000
         695000	        68	800000f0	dc9d8d93	addi	x27,x27,-567	 x27:0x6d1e1000 x27=0x6d1e0dc9
         705000	        69	800000f4	00100e13	addi	x28,x0,1	  x0:0x00000000 x28=0x00000001
         715000	        70	800000f8	7b7a5eb7	lui	x29,0x7b7a5	 x29=0x7b7a5000
         725000	        71	800000fc	0e6e8e93	addi	x29,x29,230	 x29:0x7b7a5000 x29=0x7b7a50e6
         735000	        72	80000100	00000f13	addi	x30,x0,0	  x0:0x00000000 x30=0x00000000
         745000	        73	80000104	80000fb7	lui	x31,0x80000	 x31=0x80000000
         755000	        74	80000108	0000a897	auipc	x17,0xa	 x17=0x8000a104
         765000	        75	8000010c	e8088893	addi	x17,x17,-384	 x17:0x8000a104 x17=0x80009f84
         775000	        76	80000110	00008b17	auipc	x22,0x8	 x22=0x8000810c
         785000	        77	80000114	707b0b13	addi	x22,x22,1799	 x22:0x8000810c x22=0x80008813
         795000	        78	80000118	a7e90217	auipc	x4,0xa7e90	  x4=0x27e90114
         805000	        79	8000011c	fcab0783	lb	x15,-54(x22)	 x22:0x80008813 x15=0x00000000 PA:0x800087dd
         815000	        80	80000120	ff9b0e23	sb	x25,-4(x22)	 x22:0x80008813 x25:0x80000000 PA:0x8000880f
         825000	        81	80000124	fe9b0d23	sb	x9,-6(x22)	 x22:0x80008813  x9:0x00000001 PA:0x8000880d
         835000	        82	80000128	9d5ee913	ori	x18,x29,-1579	 x29:0x7b7a50e6 x18=0xfffff9f7
         845000	        83	8000012c	000b4a83	lbu	x21,0(x22)	 x22:0x80008813 x21=0x00000000 PA:0x80008813
         855000	        84	80000130	fe3b5a03	lhu	x20,-29(x22)	 x22:0x80008813 x20=0x00000000 PA:0x800087f6
         865000	        85	80000134	00f0fdb3	and	x27,x1,x15	  x1:0x80000000 x15:0x00000000 x27=0x00000000
         875000	        86	80000138	000e9933	sll	x18,x29,x0	 x29:0x7b7a50e6  x0:0x00000000 x18=0x7b7a50e6
         885000	        87	8000013c	f746b393	sltiu	x7,x13,-140	 x13:0x00000000  x7=0x00000001
         895000	        88	80000140	fffb5003	lhu	x0,-1(x22)	 x22:0x80008813 PA:0x80008812
         905000	        89	80000144	8c9a0f13	addi	x30,x20,-1847	 x20:0x00000000 x30=0xfffff8c9
         915000	        90	80000148	413e5a13	srai	x20,x28,0x13	 x28:0x00000001 x20=0x00000000
         925000	        91	8000014c	fe7b19a3	sh	x7,-13(x22)	 x22:0x80008813  x7:0x00000001 PA:0x80008806
         935000	        92	80000150	fc4b4303	lbu	x6,-60(x22)	 x22:0x80008813  x6=0x00000000 PA:0x800087d7
         945000	        93	80000154	46fa6a37	lui	x20,0x46fa6	 x20=0x46fa6000
         955000	        94	80000158	ff5b5f83	lhu	x31,-11(x22)	 x22:0x80008813 x31=0x00000000 PA:0x80008808
         965000	        95	8000015c	fd6b0223	sb	x22,-60(x22)	 x22:0x80008813 x22:0x80008813 PA:0x800087d7
         975000	        96	80000160	fdeb0583	lb	x11,-34(x22)	 x22:0x80008813 x11=0x00000000 PA:0x800087f1
         985000	        97	80000164	e678ba13	sltiu	x20,x17,-409	 x17:0x80009f84 x20=0x00000001
         995000	        98	80000168	40a25213	srai	x4,x4,0xa	  x4:0x27e90114  x4=0x0009fa40
        1005000	        99	8000016c	0007ff33	and	x30,x15,x0	 x15:0x00000000  x0:0x00000000 x30=0x00000000
        1015000	       100	80000170	fe7b0423	sb	x7,-24(x22)	 x22:0x80008813  x7:0x00000001 PA:0x800087fb
        1025000	       101	80000174	fdeb0203	lb	x4,-34(x22)	 x22:0x80008813  x4=0x00000000 PA:0x800087f1
        1035000	       102	00000000	00000013	addi	x0,x0,0	  x0:0x00000000
        1045000	       103	80000178	0040abb3	slt	x23,x1,x4	  x1:0x80000000  x4:0x00000000 x23=0x00000001
        1055000	       104	8000017c	fd9b0023	sb	x25,-64(x22)	 x22:0x80008813 x25:0x80000000 PA:0x800087d3
        1065000	       105	80000180	085fe693	ori	x13,x31,133	 x31:0x00000000 x13=0x00000085
        1075000	       106	80000184	ff9b0203	lb	x4,-7(x22)	 x22:0x80008813  x4=0x00000000 PA:0x8000880c
        1085000	       107	80000188	0179df93	srli	x31,x19,0x17	 x19:0x8677b5c6 x31=0x0000010c
        1095000	       108	8000018c	fd0b4f03	lbu	x30,-48(x22)	 x22:0x80008813 x30=0x00000000 PA:0x800087e3
        1105000	       109	80000190	1c143f93	sltiu	x31,x8,449	  x8:0xf3a8add7 x31=0x00000000
        1115000	       110	80000194	01ff4233	xor	x4,x30,x31	 x30:0x00000000 x31:0x00000000  x4=0x00000000
        1125000	       111	80000198	018d1213	slli	x4,x26,0x18	 x26:0x80000000  x4=0x00000000
        1135000	       112	8000019c	d0f17537	lui	x10,0xd0f17	 x10=0xd0f17000
        1145000	       113	800001a0	fe3b5683	lhu	x13,-29(x22)	 x22:0x80008813 x13=0x00000000 PA:0x800087f6
        1155000	       114	800001a4	ff4b1ca3	sh	x20,-7(x22)	 x22:0x80008813 x20:0x00000001 PA:0x8000880c
        1165000	       115	800001a8	01ad2ab3	slt	x21,x26,x26	 x26:0x80000000 x26:0x80000000 x21=0x00000000
        1175000	       116	800001ac	fddb0023	sb	x29,-64(x22)	 x22:0x80008813 x29:0x7b7a50e6 PA:0x800087d3
        1185000	       117	800001b0	fcfb0b23	sb	x15,-42(x22)	 x22:0x80008813 x15:0x00000000 PA:0x800087e9
        1195000	       118	800001b4	fe0b0903	lb	x18,-32(x22)	 x22:0x80008813 x18=0x00000000 PA:0x800087f3
        1205000	       119	800001b8	01a23733	sltu	x14,x4,x26	  x4:0x00000000 x26:0x80000000 x14=0x00000001
        1215000	       120	800001bc	40125d93	srai	x27,x4,0x1	  x4:0x00000000 x27=0x00000000
        1225000	       121	800001c0	e3c9b593	sltiu	x11,x19,-452	 x19:0x8677b5c6 x11=0x00000001
        1235000	       122	800001c4	47917c13	andi	x24,x2,1145	  x2:0xfff4e599 x24=0x00000419
        1245000	       123	800001c8	fecb0a83	lb	x21,-20(x22)	 x22:0x80008813 x21=0x00000000 PA:0x800087ff
        1255000	       124	00000000	00000013	addi	x0,x0,0	  x0:0x00000000
        1265000	       125	800001cc	01aaa5b3	slt	x11,x21,x26	 x21:0x00000000 x26:0x80000000 x11=0x00000000
        1275000	       126	800001d0	ff7b1603	lh	x12,-9(x22)	 x22:0x80008813 x12=0x00000000 PA:0x8000880a
        1285000	       127	800001d4	00008317	auipc	x6,0x8	  x6=0x800081d0
        1295000	       128	800001d8	49430313	addi	x6,x6,1172	  x6:0x800081d0  x6=0x80008664
        1305000	       129	800001dc	00008597	auipc	x11,0x8	 x11=0x800081d8
        1315000	       130	800001e0	12258593	addi	x11,x11,290	 x11:0x800081d8 x11=0x800082fa
        1325000	       131	800001e4	0b530903	lb	x18,181(x6)	  x6:0x80008664 x18=0x00000000 PA:0x80008719
        1335000	       132	800001e8	00008c97	auipc	x25,0x8	 x25=0x800081e4
        1345000	       133	800001ec	309c8c93	addi	x25,x25,777	 x25:0x800081e4 x25=0x800084ed
        1355000	       134	800001f0	00008d97	auipc	x27,0x8	 x27=0x800081ec
        1365000	       135	800001f4	ebad8d93	addi	x27,x27,-326	 x27:0x800081ec x27=0x800080a6
        1375000	       136	800001f8	f3334b83	lbu	x23,-205(x6)	  x6:0x80008664 x23=0x00000000 PA:0x80008597
        1385000	       137	800001fc	00008617	auipc	x12,0x8	 x12=0x800081f8
        1395000	       138	80000200	57760613	addi	x12,x12,1399	 x12:0x800081f8 x12=0x8000876f
        1405000	       139	80000204	00bc9403	lh	x8,11(x25)	 x25:0x800084ed  x8=0x00000000 PA:0x800084f8
        1415000	       140	80000208	00c58e23	sb	x12,28(x11)	 x11:0x800082fa x12:0x8000876f PA:0x80008316
        1425000	       141	8000020c	f2860f83	lb	x31,-216(x12)	 x12:0x8000876f x31=0x00000000 PA:0x80008697
        1435000	       142	80000210	0185de83	lhu	x29,24(x11)	 x11:0x800082fa x29=0x00000000 PA:0x80008312
        1445000	       143	80000214	00bc8703	lb	x14,11(x25)	 x25:0x800084ed x14=0x00000000 PA:0x800084f8
        1455000	       144	80000218	ffcccd03	lbu	x26,-4(x25)	 x25:0x800084ed x26=0x00000000 PA:0x800084e9
        1465000	       145	8000021c	fe358203	lb	x4,-29(x11)	 x11:0x800082fa  x4=0x00000000 PA:0x800082dd
        1475000	       146	80000220	fd659f03	lh	x30,-42(x11)	 x11:0x800082fa x30=0x00000000 PA:0x800082d0
        1485000	       147	80000224	07ddcf03	lbu	x30,125(x27)	 x27:0x800080a6 x30=0x00000000 PA:0x80008123
        1495000	       148	80000228	fc730a23	sb	x7,-44(x6)	  x6:0x80008664  x7:0x00000001 PA:0x80008638
        1505000	       149	8000022c	f9b603a3	sb	x27,-121(x12)	 x12:0x8000876f x27:0x800080a6 PA:0x800086f6
        1515000	       150	80000230	fd1d82a3	sb	x17,-59(x27)	 x27:0x800080a6 x17:0x80009f84 PA:0x8000806b
        1525000	       151	80000234	fd9586a3	sb	x25,-51(x11)	 x11:0x800082fa x25:0x800084ed PA:0x800082c7
        1535000	       152	80000238	03958d03	lb	x26,57(x11)	 x11:0x800082fa x26=0x00000000 PA:0x80008333
        1545000	       153	8000023c	01ddc483	lbu	x9,29(x27)	 x27:0x800080a6  x9=0x00000000 PA:0x800080c3
        1555000	       154	80000240	05860003	lb	x0,88(x12)	 x12:0x8000876f PA:0x800087c7
        1565000	       155	80000244	f8435f03	lhu	x30,-124(x6)	  x6:0x80008664 x30=0x00000000 PA:0x800085e8
        1575000	       156	80000248	009c8323	sb	x9,6(x25)	 x25:0x800084ed  x9:0x00000000 PA:0x800084f3
        1585000	       157	8000024c	00dcd803	lhu	x16,13(x25)	 x25:0x800084ed x16=0x00000000 PA:0x800084fa
        1595000	       158	80000250	04c610a3	sh	x12,65(x12)	 x12:0x8000876f x12:0x8000876f PA:0x800087b0
        1605000	       159	80000254	f1960023	sb	x25,-256(x12)	 x12:0x8000876f x25:0x800084ed PA:0x8000866f
        1615000	       160	80000258	fe259a03	lh	x20,-30(x11)	 x11:0x800082fa x20=0x00000000 PA:0x800082dc
        1625000	       161	8000025c	00cc8723	sb	x12,14(x25)	 x25:0x800084ed x12:0x8000876f PA:0x800084fb
        1635000	       162	80000260	010d9e03	lh	x28,16(x27)	 x27:0x800080a6 x28=0x00000000 PA:0x800080b6
        1645000	       163	80000264	02365e03	lhu	x28,35(x12)	 x12:0x8000876f x28=0x00000000 PA:0x80008792
        1655000	       164	80000268	074615a3	sh	x20,107(x12)	 x12:0x8000876f x20:0x00000000 PA:0x800087da
        1665000	       165	8000026c	ff8c8e23	sb	x24,-4(x25)	 x25:0x800084ed x24:0x00000419 PA:0x800084e9
        1675000	       166	80000270	097d8aa3	sb	x23,149(x27)	 x27:0x800080a6 x23:0x00000000 PA:0x8000813b
        1685000	       167	80000274	06e30923	sb	x14,114(x6)	  x6:0x80008664 x14:0x00000000 PA:0x800086d6
        1695000	       168	80000278	0acd8523	sb	x12,170(x27)	 x27:0x800080a6 x12:0x8000876f PA:0x80008150
        1705000	       169	8000027c	ffc58da3	sb	x28,-5(x11)	 x11:0x800082fa x28:0x00000000 PA:0x800082f5
        1715000	       170	80000280	00009217	auipc	x4,0x9	  x4=0x8000927c
        1725000	       171	80000284	a4620213	addi	x4,x4,-1466	  x4:0x8000927c  x4=0x80008cc2
        1735000	       172	80000288	00122123	sw	x1,2(x4)	  x4:0x80008cc2  x1:0x80000000 PA:0x80008cc4
        1745000	       173	8000028c	f8c208a3	sb	x12,-111(x4)	  x4:0x80008cc2 x12:0x8000876f PA:0x80008c53
        1755000	       174	80000290	00969b33	sll	x22,x13,x9	 x13:0x00000000  x9:0x00000000 x22=0x00000000
        1765000	       175	80000294	00324d83	lbu	x27,3(x4)	  x4:0x80008cc2 x27=0x00000000 PA:0x80008cc5
        1775000	       176	80000298	05324f83	lbu	x31,83(x4)	  x4:0x80008cc2 x31=0x00000000 PA:0x80008d15
        1785000	       177	8000029c	f26200a3	sb	x6,-223(x4)	  x4:0x80008cc2  x6:0x80008664 PA:0x80008be3
        1795000	       178	800002a0	03722923	sw	x23,50(x4)	  x4:0x80008cc2 x23:0x00000000 PA:0x80008cf4
        1805000	       179	800002a4	03f22923	sw	x31,50(x4)	  x4:0x80008cc2 x31:0x00000000 PA:0x80008cf4
        1815000	       180	800002a8	fee21c23	sh	x14,-8(x4)	  x4:0x80008cc2 x14:0x00000000 PA:0x80008cba
        1825000	       181	800002ac	41875cb3	sra	x25,x14,x24	 x14:0x00000000 x24:0x00000419 x25=0x00000000
        1835000	       182	800002b0	0d622083	lw	x1,214(x4)	  x4:0x80008cc2  x1=0x00000000 PA:0x80008d98
        1845000	       183	800002b4	00e24983	lbu	x19,14(x4)	  x4:0x80008cc2 x19=0x00000000 PA:0x80008cd0
        1855000	       184	800002b8	00008e97	auipc	x29,0x8	 x29=0x800082b4
        1865000	       185	800002bc	060e8e93	addi	x29,x29,96	 x29:0x800082b4 x29=0x80008314
        1875000	       186	800002c0	476edc03	lhu	x24,1142(x29)	 x29:0x80008314 x24=0x00000000 PA:0x8000878a
        1885000	       187	800002c4	40de8e33	sub	x28,x29,x13	 x29:0x80008314 x13:0x00000000 x28=0x80008314
        1895000	       188	800002c8	298faa93	slti	x21,x31,664	 x31:0x00000000 x21=0x00000001
        1905000	       189	800002cc	40f8d833	sra	x16,x17,x15	 x17:0x80009f84 x15:0x00000000 x16=0x80009f84
        1915000	       190	800002d0	1e3e8e03	lb	x28,483(x29)	 x29:0x80008314 x28=0x00000000 PA:0x800084f7
        1925000	       191	800002d4	012b1813	slli	x16,x22,0x12	 x22:0x00000000 x16=0x00000000
        1935000	       192	800002d8	413c5b33	sra	x22,x24,x19	 x24:0x00000000 x19:0x00000000 x22=0x00000000
        1945000	       193	800002dc	383e87a3	sb	x3,911(x29)	 x29:0x80008314  x3:0xf6963901 PA:0x800086a3
        1955000	       194	800002e0	0cb60093	addi	x1,x12,203	 x12:0x8000876f  x1=0x8000883a
        1965000	       195	800002e4	f44e88a3	sb	x4,-175(x29)	 x29:0x80008314  x4:0x80008cc2 PA:0x80008265
        1975000	       196	800002e8	00000013	addi	x0,x0,0	  x0:0x00000000
        1985000	       197	800002ec	fd8e8383	lb	x7,-40(x29)	 x29:0x80008314  x7=0x00000000 PA:0x800082ec
        1995000	       198	800002f0	da1ec583	lbu	x11,-607(x29)	 x29:0x80008314 x11=0x00000000 PA:0x800080b5
        2005000	       199	800002f4	bb483213	sltiu	x4,x16,-1100	 x16:0x00000000  x4=0x00000001
        2015000	       200	800002f8	edae83a3	sb	x26,-313(x29)	 x29:0x80008314 x26:0x00000000 PA:0x800081db
        2025000	       201	800002fc	0123b033	sltu	x0,x7,x18	  x7:0x00000000 x18:0x00000000
        2035000	       202	80000300	39a0ae17	auipc	x28,0x39a0a	 x28=0xb9a0a2fc
        2045000	       203	80000304	151ea223	sw	x17,324(x29)	 x29:0x80008314 x17:0x80009f84 PA:0x80008458
        2055000	       204	80000308	33de8903	lb	x18,829(x29)	 x29:0x80008314 x18=0x00000000 PA:0x80008651
        2065000	       205	8000030c	00998333	add	x6,x19,x9	 x19:0x00000000  x9:0x00000000  x6=0x00000000
        2075000	       206	80000310	ec5e8623	sb	x5,-308(x29)	 x29:0x80008314  x5:0x80009fc4 PA:0x800081e0
        2085000	       207	80000314	493e9a23	sh	x19,1172(x29)	 x29:0x80008314 x19:0x00000000 PA:0x800087a8
        2095000	       208	80000318	de3e8983	lb	x19,-541(x29)	 x29:0x80008314 x19=0x00000000 PA:0x800080f7
        2105000	       209	8000031c	0f81c193	xori	x3,x3,248	  x3:0xf6963901  x3=0xf69639f9
        2115000	       210	80000320	ee0e9423	sh	x0,-280(x29)	 x29:0x80008314  x0:0x00000000 PA:0x800081fc
        2125000	       211	80000324	002e5db3	srl	x27,x28,x2	 x28:0xb9a0a2fc  x2:0xfff4e599 x27=0x0000005c
        2135000	       212	80000328	0177da33	srl	x20,x15,x23	 x15:0x00000000 x23:0x00000000 x20=0x00000000
        2145000	       213	8000032c	012a95b3	sll	x11,x21,x18	 x21:0x00000001 x18:0x00000000 x11=0x00000001
        2155000	       214	80000330	fc4e9a23	sh	x4,-44(x29)	 x29:0x80008314  x4:0x00000001 PA:0x800082e8
        2165000	       215	80000334	00008f97	auipc	x31,0x8	 x31=0x80008330
        2175000	       216	80000338	367f8f93	addi	x31,x31,871	 x31:0x80008330 x31=0x80008697
        2185000	       217	8000033c	ffef8e83	lb	x29,-2(x31)	 x31:0x80008697 x29=0x00000000 PA:0x80008695
        2195000	       218	80000340	00008217	auipc	x4,0x8	  x4=0x8000833c
        2205000	       219	80000344	d3e20213	addi	x4,x4,-706	  x4:0x8000833c  x4=0x8000807a
        2215000	       220	80000348	01bf84a3	sb	x27,9(x31)	 x31:0x80008697 x27:0x0000005c PA:0x800086a0
        2225000	       221	8000034c	00320c03	lb	x24,3(x4)	  x4:0x8000807a x24=0x00000000 PA:0x8000807d
        2235000	       222	80000350	00df9903	lh	x18,13(x31)	 x31:0x80008697 x18=0x00000000 PA:0x800086a4
        2245000	       223	80000354	00cf8423	sb	x12,8(x31)	 x31:0x80008697 x12:0x8000876f PA:0x8000869f
        2255000	       224	80000358	ff120603	lb	x12,-15(x4)	  x4:0x8000807a x12=0xffffff84 PA:0x8000806b
        2265000	       225	8000035c	ff0fc983	lbu	x19,-16(x31)	 x31:0x80008697 x19=0x00000000 PA:0x80008687
        2275000	       226	00000000	00000013	addi	x0,x0,0	  x0:0x00000000
        2285000	       227	80000360	ff3faca3	sw	x19,-7(x31)	 x31:0x80008697 x19:0x00000000 PA:0x80008690
        2295000	       228	80000364	00724b83	lbu	x23,7(x4)	  x4:0x8000807a x23=0x00000000 PA:0x80008081
        2305000	       229	80000368	ff622f03	lw	x30,-10(x4)	  x4:0x8000807a x30=0x00000000 PA:0x80008070
        2315000	       230	8000036c	ffaf8c03	lb	x24,-6(x31)	 x31:0x80008697 x24=0x00000000 PA:0x80008691
        2325000	       231	80000370	011203a3	sb	x17,7(x4)	  x4:0x8000807a x17:0x80009f84 PA:0x80008081
        2335000	       232	80000374	00f24e03	lbu	x28,15(x4)	  x4:0x8000807a x28=0x00000000 PA:0x80008089
        2345000	       233	80000378	fedf8d23	sb	x13,-6(x31)	 x31:0x80008697 x13:0x00000000 PA:0x80008691
        2355000	       234	8000037c	ff3f8da3	sb	x19,-5(x31)	 x31:0x80008697 x19:0x00000000 PA:0x80008692
        2365000	       235	80000380	00324503	lbu	x10,3(x4)	  x4:0x8000807a x10=0x00000000 PA:0x8000807d
        2375000	       236	80000384	00009197	auipc	x3,0x9	  x3=0x80009380
        2385000	       237	80000388	b7018193	addi	x3,x3,-1168	  x3:0x80009380  x3=0x80008ef0
        2395000	       238	8000038c	00009417	auipc	x8,0x9	  x8=0x80009388
        2405000	       239	80000390	ab740413	addi	x8,x8,-1353	  x8:0x80009388  x8=0x80008e3f
        2415000	       240	80000394	00008b17	auipc	x22,0x8	 x22=0x80008390
        2425000	       241	80000398	791b0b13	addi	x22,x22,1937	 x22:0x80008390 x22=0x80008b21
        2435000	       242	8000039c	0bc1c983	lbu	x19,188(x3)	  x3:0x80008ef0 x19=0x00000000 PA:0x80008fac
        2445000	       243	800003a0	010b4683	lbu	x13,16(x22)	 x22:0x80008b21 x13=0x00000000 PA:0x80008b31
        2455000	       244	800003a4	f1f18f83	lb	x31,-225(x3)	  x3:0x80008ef0 x31=0x00000000 PA:0x80008e0f
        2465000	       245	800003a8	02eb4583	lbu	x11,46(x22)	 x22:0x80008b21 x11=0x00000000 PA:0x80008b4f
        2475000	       246	800003ac	08545583	lhu	x11,133(x8)	  x8:0x80008e3f x11=0x00000000 PA:0x80008ec4
        2485000	       247	800003b0	04745303	lhu	x6,71(x8)	  x8:0x80008e3f  x6=0x00000000 PA:0x80008e86
        2495000	       248	800003b4	fd018923	sb	x16,-46(x3)	  x3:0x80008ef0 x16:0x00000000 PA:0x80008ec2
        2505000	       249	800003b8	fc9b1b83	lh	x23,-55(x22)	 x22:0x80008b21 x23=0x00000000 PA:0x80008aea
        2515000	       250	800003bc	f5142783	lw	x15,-175(x8)	  x8:0x80008e3f x15=0x00000000 PA:0x80008d90
        2525000	       251	800003c0	fdab4683	lbu	x13,-38(x22)	 x22:0x80008b21 x13=0x00000000 PA:0x80008afb
        2535000	       252	800003c4	040407a3	sb	x0,79(x8)	  x8:0x80008e3f  x0:0x00000000 PA:0x80008e8e
        2545000	       253	800003c8	0a918fa3	sb	x9,191(x3)	  x3:0x80008ef0  x9:0x00000000 PA:0x80008faf
        2555000	       254	800003cc	033b5083	lhu	x1,51(x22)	 x22:0x80008b21  x1=0x00000000 PA:0x80008b54
        2565000	       255	800003d0	f1118983	lb	x19,-239(x3)	  x3:0x80008ef0 x19=0x00000000 PA:0x80008e01
        2575000	       256	800003d4	fc444483	lbu	x9,-60(x8)	  x8:0x80008e3f  x9=0x00000000 PA:0x80008e03
        2585000	       257	800003d8	00bb2c83	lw	x25,11(x22)	 x22:0x80008b21 x25=0x00000000 PA:0x80008b2c
        2595000	       258	800003dc	07840e23	sb	x24,124(x8)	  x8:0x80008e3f x24:0x00000000 PA:0x80008ebb
        2605000	       259	800003e0	f0244b83	lbu	x23,-254(x8)	  x8:0x80008e3f x23=0x00000000 PA:0x80008d41
        2615000	       260	800003e4	0eb40e23	sb	x11,252(x8)	  x8:0x80008e3f x11:0x00000000 PA:0x80008f3b
        2625000	       261	800003e8	00008817	auipc	x16,0x8	 x16=0x800083e4
        2635000	       262	800003ec	57980813	addi	x16,x16,1401	 x16:0x800083e4 x16=0x8000895d
        2645000	       263	800003f0	01ec9eb3	sll	x29,x25,x30	 x25:0x00000000 x30:0x00000000 x29=0x00000000
        2655000	       264	800003f4	21d816a3	sh	x29,525(x16)	 x16:0x8000895d x29:0x00000000 PA:0x80008b6a
        2665000	       265	800003f8	fde80183	lb	x3,-34(x16)	 x16:0x8000895d  x3=0x00000000 PA:0x8000893b
        2675000	       266	800003fc	fde84783	lbu	x15,-34(x16)	 x16:0x8000895d x15=0x00000000 PA:0x8000893b
        2685000	       267	80000400	fce80f23	sb	x14,-34(x16)	 x16:0x8000895d x14:0x00000000 PA:0x8000893b
        2695000	       268	80000404	00d14a33	xor	x20,x2,x13	  x2:0xfff4e599 x13:0x00000000 x20=0xfff4e599
        2705000	       269	80000408	fd780f23	sb	x23,-34(x16)	 x16:0x8000895d x23:0x00000000 PA:0x8000893b
        2715000	       270	8000040c	01673ab3	sltu	x21,x14,x22	 x14:0x00000000 x22:0x80008b21 x21=0x00000001
        2725000	       271	80000410	29184903	lbu	x18,657(x16)	 x16:0x8000895d x18=0x00000000 PA:0x80008bee
        2735000	       272	80000414	406b09b3	sub	x19,x22,x6	 x22:0x80008b21  x6:0x00000000 x19=0x80008b21
        2745000	       273	80000418	29185e83	lhu	x29,657(x16)	 x16:0x8000895d x29=0x00000000 PA:0x80008bee
        2755000	       274	8000041c	29185083	lhu	x1,657(x16)	 x16:0x8000895d  x1=0x00000000 PA:0x80008bee
        2765000	       275	80000420	29180b03	lb	x22,657(x16)	 x16:0x8000895d x22=0x00000000 PA:0x80008bee
        2775000	       276	80000424	16f80683	lb	x13,367(x16)	 x16:0x8000895d x13=0x00000000 PA:0x80008acc
        2785000	       277	80000428	255821a3	sw	x21,579(x16)	 x16:0x8000895d x21:0x00000001 PA:0x80008ba0
        2795000	       278	8000042c	00000013	addi	x0,x0,0	  x0:0x00000000
        2805000	       279	80000430	36080603	lb	x12,864(x16)	 x16:0x8000895d x12=0x00000000 PA:0x80008cbd
        2815000	       280	80000434	3d680503	lb	x10,982(x16)	 x16:0x8000895d x10=0x00000000 PA:0x80008d33
        2825000	       281	80000438	63f85d83	lhu	x27,1599(x16)	 x16:0x8000895d x27=0x00000000 PA:0x80008f9c
        2835000	       282	8000043c	63f81a83	lh	x21,1599(x16)	 x16:0x8000895d x21=0x00000000 PA:0x80008f9c
        2845000	       283	80000440	63f84703	lbu	x14,1599(x16)	 x16:0x8000895d x14=0x00000000 PA:0x80008f9c
        2855000	       284	80000444	49484f83	lbu	x31,1172(x16)	 x16:0x8000895d x31=0x00000000 PA:0x80008df1
        2865000	       285	80000448	49480703	lb	x14,1172(x16)	 x16:0x8000895d x14=0x00000000 PA:0x80008df1
        2875000	       286	8000044c	3a684c83	lbu	x25,934(x16)	 x16:0x8000895d x25=0x00000000 PA:0x80008d03
        2885000	       287	80000450	02ad7c63	bgeu	x26,x10,80000488	 x26:0x00000000 x10:0x00000000
        2895000	       288	00000000	00000013	addi	x0,x0,0	  x0:0x00000000
        2905000	       289	80000484	00000013	addi	x0,x0,0	  x0:0x00000000
        2915000	       290	80000488	04bec663	blt	x29,x11,800004d4	 x29:0x00000000 x11:0x00000000
        2925000	       291	8000048c	00ee2b33	slt	x22,x28,x14	 x28:0x00000000 x14:0x00000000 x22=0x00000000
        2935000	       292	80000490	0044e5b3	or	x11,x9,x4	  x9:0x00000000  x4:0x8000807a x11=0x8000807a
        2945000	       293	80000494	741c3013	sltiu	x0,x24,1857	 x24:0x00000000
        2955000	       294	80000498	c9377793	andi	x15,x14,-877	 x14:0x00000000 x15=0x00000000
        2965000	       295	8000049c	35632f93	slti	x31,x6,854	  x6:0x00000000 x31=0x00000001
        2975000	       296	800004a0	01e03433	sltu	x8,x0,x30	  x0:0x00000000 x30:0x00000000  x8=0x00000000
        2985000	       297	800004a4	327bc013	xori	x0,x23,807	 x23:0x00000000
        2995000	       298	800004a8	5e0fff13	andi	x30,x31,1504	 x31:0x00000001 x30=0x00000000
        3005000	       299	800004ac	05b5e863	bltu	x11,x27,800004fc	 x11:0x8000807a x27:0x00000000
        3015000	       300	800004b0	acc76613	ori	x12,x14,-1332	 x14:0x00000000 x12=0xfffffacc
        3025000	       301	800004b4	c5617793	andi	x15,x2,-938	  x2:0xfff4e599 x15=0xfff4e410
        3035000	       302	800004b8	01c6d663	bge	x13,x28,800004c4	 x13:0x00000000 x28:0x00000000
        3045000	       303	00000000	00000013	addi	x0,x0,0	  x0:0x00000000
        3055000	       304	800004c0	00000013	addi	x0,x0,0	  x0:0x00000000
        3065000	       305	800004c4	0192ff33	and	x30,x5,x25	  x5:0x80009fc4 x25:0x00000000 x30=0x00000000
        3075000	       306	800004c8	02e79463	bne	x15,x14,800004f0	 x15:0xfff4e410 x14:0x00000000
        3085000	       307	00000000	00000013	addi	x0,x0,0	  x0:0x00000000
        3095000	       308	800004ec	00000013	addi	x0,x0,0	  x0:0x00000000
        3105000	       309	800004f0	01dffdb3	and	x27,x31,x29	 x31:0x00000001 x29:0x00000000 x27=0x00000000
        3115000	       310	800004f4	41013693	sltiu	x13,x2,1040	  x2:0xfff4e599 x13=0x00000000
        3125000	       311	800004f8	112d8c13	addi	x24,x27,274	 x27:0x00000000 x24=0x00000112
        3135000	       312	800004fc	01c39a33	sll	x20,x7,x28	  x7:0x00000000 x28:0x00000000 x20=0x00000000
        3145000	       313	80000500	01c41093	slli	x1,x8,0x1c	  x8:0x00000000  x1=0x00000000
        3155000	       314	80000504	c6938093	addi	x1,x7,-919	  x7:0x00000000  x1=0xfffffc69
        3165000	       315	80000508	3e904517	auipc	x10,0x3e904	 x10=0xbe904504
        3175000	       316	8000050c	e601bf13	sltiu	x30,x3,-416	  x3:0x00000000 x30=0x00000001
        3185000	       317	80000510	41e3d213	srai	x4,x7,0x1e	  x7:0x00000000  x4=0x00000000
        3195000	       318	80000514	007abb33	sltu	x22,x21,x7	 x21:0x00000000  x7:0x00000000 x22=0x00000000
        3205000	       319	80000518	82f06397	auipc	x7,0x82f06	  x7=0x02f06514
        3215000	       320	8000051c	d9868213	addi	x4,x13,-616	 x13:0x00000000  x4=0xfffffd98
        3225000	       321	80000520	01871f33	sll	x30,x14,x24	 x14:0x00000000 x24:0x00000112 x30=0x00000000
        3235000	       322	80000524	018b3a33	sltu	x20,x22,x24	 x22:0x00000000 x24:0x00000112 x20=0x00000001
        3245000	       323	80000528	f7ad8e93	addi	x29,x27,-134	 x27:0x00000000 x29=0xffffff7a
        3255000	       324	8000052c	01cf9663	bne	x31,x28,80000538	 x31:0x00000001 x28:0x00000000
        3265000	       325	00000000	00000013	addi	x0,x0,0	  x0:0x00000000
        3275000	       326	80000534	00000013	addi	x0,x0,0	  x0:0x00000000
        3285000	       327	80000538	4c207a93	andi	x21,x0,1218	  x0:0x00000000 x21=0x00000000
        3295000	       328	8000053c	0087f833	and	x16,x15,x8	 x15:0xfff4e410  x8:0x00000000 x16=0x00000000
        3305000	       329	80000540	00000013	addi	x0,x0,0	  x0:0x00000000
        3315000	       330	80000544	01cbc733	xor	x14,x23,x28	 x23:0x00000000 x28:0x00000000 x14=0x00000000
        3325000	       331	80000548	7d338337	lui	x6,0x7d338	  x6=0x7d338000
        3335000	       332	8000054c	58c1a037	lui	x0,0x58c1a	
        3345000	       333	80000550	41cdd7b3	sra	x15,x27,x28	 x27:0x00000000 x28:0x00000000 x15=0x00000000
        3355000	       334	80000554	018ace63	blt	x21,x24,80000570	 x21:0x00000000 x24:0x00000112
        3365000	       335	00000000	00000013	addi	x0,x0,0	  x0:0x00000000
        3375000	       336	8000056c	00000013	addi	x0,x0,0	  x0:0x00000000
        3385000	       337	80000570	03886063	bltu	x16,x24,80000590	 x16:0x00000000 x24:0x00000112
        3395000	       338	00000000	00000013	addi	x0,x0,0	  x0:0x00000000
        3405000	       339	8000058c	00000013	addi	x0,x0,0	  x0:0x00000000
        3415000	       340	80000590	4c94adb7	lui	x27,0x4c94a	 x27=0x4c94a000
        3425000	       341	80000594	052f0663	beq	x30,x18,800005e0	 x30:0x00000000 x18:0x00000000
        3435000	       342	00000000	00000013	addi	x0,x0,0	  x0:0x00000000
        3445000	       343	800005dc	00000013	addi	x0,x0,0	  x0:0x00000000
        3455000	       344	800005e0	01489513	slli	x10,x17,0x14	 x17:0x80009f84 x10=0xf8400000
        3465000	       345	800005e4	095b4497	auipc	x9,0x95b4	  x9=0x895b45e0
        3475000	       346	800005e8	05546663	bltu	x8,x21,80000634	  x8:0x00000000 x21:0x00000000
        3485000	       347	800005ec	03f99a63	bne	x19,x31,80000620	 x19:0x80008b21 x31:0x00000001
        3495000	       348	00000000	00000013	addi	x0,x0,0	  x0:0x00000000
        3505000	       349	8000061c	00000013	addi	x0,x0,0	  x0:0x00000000
        3515000	       350	80000620	8cc1bc13	sltiu	x24,x3,-1844	  x3:0x00000000 x24=0x00000001
        3525000	       351	80000624	01dc0cb3	add	x25,x24,x29	 x24:0x00000001 x29:0xffffff7a x25=0xffffff7b
        3535000	       352	80000628	0049d913	srli	x18,x19,0x4	 x19:0x80008b21 x18=0x080008b2
        3545000	       353	8000062c	00f05933	srl	x18,x0,x15	  x0:0x00000000 x15:0x00000000 x18=0x00000000
        3555000	       354	80000630	01cc1193	slli	x3,x24,0x1c	 x24:0x00000001  x3=0x10000000
        3565000	       355	80000634	00000013	addi	x0,x0,0	  x0:0x00000000
        3575000	       356	80000638	001355b3	srl	x11,x6,x1	  x6:0x7d338000  x1:0xfffffc69 x11=0x003e99c0
        3585000	       357	8000063c	01b54433	xor	x8,x10,x27	 x10:0xf8400000 x27:0x4c94a000  x8=0xb4d4a000
        3595000	       358	80000640	01ca9993	slli	x19,x21,0x1c	 x21:0x00000000 x19=0x00000000
        3605000	       359	80000644	00009d17	auipc	x26,0x9	 x26=0x80009640
        3615000	       360	80000648	97ad0d13	addi	x26,x26,-1670	 x26:0x80009640 x26=0x80008fba
        3625000	       361	8000064c	0034d633	srl	x12,x9,x3	  x9:0x895b45e0  x3:0x10000000 x12=0x895b45e0
        3635000	       362	80000650	fdfd1b23	sh	x31,-42(x26)	 x26:0x80008fba x31:0x00000001 PA:0x80008f90
        3645000	       363	80000654	013434b3	sltu	x9,x8,x19	  x8:0xb4d4a000 x19:0x00000000  x9=0x00000000
        3655000	       364	80000658	fc9d1b23	sh	x9,-42(x26)	 x26:0x80008fba  x9:0x00000000 PA:0x80008f90
        3665000	       365	8000065c	fc3d2b23	sw	x3,-42(x26)	 x26:0x80008fba  x3:0x10000000 PA:0x80008f90
        3675000	       366	80000660	fc3d0b23	sb	x3,-42(x26)	 x26:0x80008fba  x3:0x10000000 PA:0x80008f90
        3685000	       367	80000664	fe6d2403	lw	x8,-26(x26)	 x26:0x80008fba  x8=0x00000000 PA:0x80008fa0
        3695000	       368	80000668	010c5cb3	srl	x25,x24,x16	 x24:0x00000001 x16:0x00000000 x25=0x00000001
        3705000	       369	8000066c	27e52d97	auipc	x27,0x27e52	 x27=0xa7e52668
        3715000	       370	80000670	fe6d4183	lbu	x3,-26(x26)	 x26:0x80008fba  x3=0x00000000 PA:0x80008fa0
        3725000	       371	80000674	fe6d2e83	lw	x29,-26(x26)	 x26:0x80008fba x29=0x00000000 PA:0x80008fa0
        3735000	       372	80000678	c67cad93	slti	x27,x25,-921	 x25:0x00000001 x27=0x00000000
        3745000	       373	8000067c	85212c13	slti	x24,x2,-1966	  x2:0xfff4e599 x24=0x00000001
        3755000	       374	80000680	fedd4b03	lbu	x22,-19(x26)	 x26:0x80008fba x22=0x00000000 PA:0x80008fa7
        3765000	       375	80000684	fedd0b03	lb	x22,-19(x26)	 x26:0x80008fba x22=0x00000000 PA:0x80008fa7
        3775000	       376	80000688	018d1c03	lh	x24,24(x26)	 x26:0x80008fba x24=0x00000000 PA:0x80008fd2
        3785000	       377	00000000	00000013	addi	x0,x0,0	  x0:0x00000000
        3795000	       378	8000068c	018d5403	lhu	x8,24(x26)	 x26:0x80008fba  x8=0x00000000 PA:0x80008fd2
        3805000	       379	80000690	018d5e83	lhu	x29,24(x26)	 x26:0x80008fba x29=0x00000000 PA:0x80008fd2
        3815000	       380	80000694	ffcd06a3	sb	x28,-19(x26)	 x26:0x80008fba x28:0x00000000 PA:0x80008fa7
        3825000	       381	80000698	00cd5a83	lhu	x21,12(x26)	 x26:0x80008fba x21=0x00000000 PA:0x80008fc6
        3835000	       382	8000069c	fe9d1923	sh	x9,-14(x26)	 x26:0x80008fba  x9:0x00000000 PA:0x80008fac
        3845000	       383	800006a0	fd9d0583	lb	x11,-39(x26)	 x26:0x80008fba x11=0x00000010 PA:0x80008f93
        3855000	       384	800006a4	fd9d0383	lb	x7,-39(x26)	 x26:0x80008fba  x7=0x00000010 PA:0x80008f93
        3865000	       385	800006a8	ff5d03a3	sb	x21,-25(x26)	 x26:0x80008fba x21:0x00000000 PA:0x80008fa1
        3875000	       386	800006ac	ff9d1e23	sh	x25,-4(x26)	 x26:0x80008fba x25:0x00000001 PA:0x80008fb6
        3885000	       387	800006b0	007b33b3	sltu	x7,x22,x7	 x22:0x00000000  x7:0x00000010  x7=0x00000001
        3895000	       388	800006b4	027bda63	bge	x23,x7,800006e8	 x23:0x00000000  x7:0x00000001
        3905000	       389	800006b8	05276463	bltu	x14,x18,80000700	 x14:0x00000000 x18:0x00000000
        3915000	       390	800006bc	02ba7a63	bgeu	x20,x11,800006f0	 x20:0x00000001 x11:0x00000010
        3925000	       391	800006c0	65c6ce13	xori	x28,x13,1628	 x13:0x00000000 x28=0x0000065c
        3935000	       392	800006c4	00ff37b3	sltu	x15,x30,x15	 x30:0x00000000 x15:0x00000000 x15=0x00000000
        3945000	       393	800006c8	05da8463	beq	x21,x29,80000710	 x21:0x00000000 x29:0x00000000
        3955000	       394	00000000	00000013	addi	x0,x0,0	  x0:0x00000000
        3965000	       395	8000070c	00000013	addi	x0,x0,0	  x0:0x00000000
        3975000	       396	80000710	012ebf33	sltu	x30,x29,x18	 x29:0x00000000 x18:0x00000000 x30=0x00000000
        3985000	       397	80000714	01099463	bne	x19,x16,8000071c	 x19:0x00000000 x16:0x00000000
        3995000	       398	80000718	053ef463	bgeu	x29,x19,80000760	 x29:0x00000000 x19:0x00000000
        4005000	       399	00000000	00000013	addi	x0,x0,0	  x0:0x00000000
        4015000	       400	8000075c	00000013	addi	x0,x0,0	  x0:0x00000000
        4025000	       401	80000760	012ed5b3	srl	x11,x29,x18	 x29:0x00000000 x18:0x00000000 x11=0x00000000
        4035000	       402	80000764	d0bf0693	addi	x13,x30,-757	 x30:0x00000000 x13=0xfffffd0b
        4045000	       403	80000768	0062c933	xor	x18,x5,x6	  x5:0x80009fc4  x6:0x7d338000 x18=0xfd331fc4
        4055000	       404	8000076c	0116da63	bge	x13,x17,80000780	 x13:0xfffffd0b x17:0x80009f84
        4065000	       405	00000000	00000013	addi	x0,x0,0	  x0:0x00000000
        4075000	       406	8000077c	00000013	addi	x0,x0,0	  x0:0x00000000
        4085000	       407	80000780	047b4863	blt	x22,x7,800007d0	 x22:0x00000000  x7:0x00000001
        4095000	       408	00000000	00000013	addi	x0,x0,0	  x0:0x00000000
        4105000	       409	800007cc	00000013	addi	x0,x0,0	  x0:0x00000000
        4115000	       410	800007d0	00558a33	add	x20,x11,x5	 x11:0x00000000  x5:0x80009fc4 x20=0x80009fc4
        4125000	       411	800007d4	0087ae33	slt	x28,x15,x8	 x15:0x00000000  x8:0x00000000 x28=0x00000000
        4135000	       412	800007d8	4130d913	srai	x18,x1,0x13	  x1:0xfffffc69 x18=0xffffffff
        4145000	       413	800007dc	01781833	sll	x16,x16,x23	 x16:0x00000000 x23:0x00000000 x16=0x00000000
        4155000	       414	800007e0	019496b3	sll	x13,x9,x25	  x9:0x00000000 x25:0x00000001 x13=0x00000000
        4165000	       415	800007e4	045bd663	bge	x23,x5,80000830	 x23:0x00000000  x5:0x80009fc4
        4175000	       416	00000000	00000013	addi	x0,x0,0	  x0:0x00000000
        4185000	       417	8000082c	00000013	addi	x0,x0,0	  x0:0x00000000
        4195000	       418	80000830	5664e993	ori	x19,x9,1382	  x9:0x00000000 x19=0x00000566
        4205000	       419	80000834	01a6b9b3	sltu	x19,x13,x26	 x13:0x00000000 x26:0x80008fba x19=0x00000001
        4215000	       420	80000838	00db2ab3	slt	x21,x22,x13	 x22:0x00000000 x13:0x00000000 x21=0x00000000
        4225000	       421	8000083c	013dd193	srli	x3,x27,0x13	 x27:0x00000000  x3=0x00000000
        4235000	       422	80000840	cc5bb5b7	lui	x11,0xcc5bb	 x11=0xcc5bb000
        4245000	       423	80000844	417404b3	sub	x9,x8,x23	  x8:0x00000000 x23:0x00000000  x9=0x00000000
        4255000	       424	80000848	0459c663	blt	x19,x5,80000894	 x19:0x00000001  x5:0x80009fc4
        4265000	       425	8000084c	8dea7613	andi	x12,x20,-1826	 x20:0x80009fc4 x12=0x800098c4
        4275000	       426	80000850	00d037b3	sltu	x15,x0,x13	  x0:0x00000000 x13:0x00000000 x15=0x00000000
        4285000	       427	80000854	baf80a13	addi	x20,x16,-1105	 x16:0x00000000 x20=0xfffffbaf
        4295000	       428	80000858	003483b3	add	x7,x9,x3	  x9:0x00000000  x3:0x00000000  x7=0x00000000
        4305000	       429	8000085c	00452cb3	slt	x25,x10,x4	 x10:0xf8400000  x4:0xfffffd98 x25=0x00000001
        4315000	       430	80000860	be6534b7	lui	x9,0xbe653	  x9=0xbe653000
        4325000	       431	80000864	05a99463	bne	x19,x26,800008ac	 x19:0x00000001 x26:0x80008fba
        4335000	       432	00000000	00000013	addi	x0,x0,0	  x0:0x00000000
        4345000	       433	800008a8	00000013	addi	x0,x0,0	  x0:0x00000000
        4355000	       434	800008ac	0015c3b3	xor	x7,x11,x1	 x11:0xcc5bb000  x1:0xfffffc69  x7=0x33a44c69
        4365000	       435	800008b0	0053b6b3	sltu	x13,x7,x5	  x7:0x33a44c69  x5:0x80009fc4 x13=0x00000001
        4375000	       436	800008b4	c3274913	xori	x18,x14,-974	 x14:0x00000000 x18=0xfffffc32
        4385000	       437	800008b8	0260ca63	blt	x1,x6,800008ec	  x1:0xfffffc69  x6:0x7d338000
        4395000	       438	00000000	00000013	addi	x0,x0,0	  x0:0x00000000
        4405000	       439	800008e8	00000013	addi	x0,x0,0	  x0:0x00000000
        4415000	       440	800008ec	0139ca63	blt	x19,x19,80000900	 x19:0x00000001 x19:0x00000001
        4425000	       441	800008f0	009f8533	add	x10,x31,x9	 x31:0x00000001  x9:0xbe653000 x10=0xbe653001
        4435000	       442	800008f4	01d1eeb3	or	x29,x3,x29	  x3:0x00000000 x29:0x00000000 x29=0x00000000
        4445000	       443	800008f8	0127abb3	slt	x23,x15,x18	 x15:0x00000000 x18:0xfffffc32 x23=0x00000000
        4455000	       444	800008fc	0470c663	blt	x1,x7,80000948	  x1:0xfffffc69  x7:0x33a44c69
        4465000	       445	00000000	00000013	addi	x0,x0,0	  x0:0x00000000
        4475000	       446	80000944	00000013	addi	x0,x0,0	  x0:0x00000000
        4485000	       447	80000948	01d0e533	or	x10,x1,x29	  x1:0xfffffc69 x29:0x00000000 x10=0xfffffc69
        4495000	       448	8000094c	825ba913	slti	x18,x23,-2011	 x23:0x00000000 x18=0x00000000
        4505000	       449	80000950	3bc0bf13	sltiu	x30,x1,956	  x1:0xfffffc69 x30=0x00000000
        4515000	       450	80000954	1dc251b7	lui	x3,0x1dc25	  x3=0x1dc25000
        4525000	       451	80000958	03db8a63	beq	x23,x29,8000098c	 x23:0x00000000 x29:0x00000000
        4535000	       452	00000000	00000013	addi	x0,x0,0	  x0:0x00000000
        4545000	       453	80000988	00000013	addi	x0,x0,0	  x0:0x00000000
        4555000	       454	8000098c	5bd60693	addi	x13,x12,1469	 x12:0x800098c4 x13=0x80009e81
        4565000	       455	80000990	00b2b7b3	sltu	x15,x5,x11	  x5:0x80009fc4 x11:0xcc5bb000 x15=0x00000001
        4575000	       456	80000994	00864eb3	xor	x29,x12,x8	 x12:0x800098c4  x8:0x00000000 x29=0x800098c4
        4585000	       457	80000998	74eced93	ori	x27,x25,1870	 x25:0x00000001 x27=0x0000074f
        4595000	       458	8000099c	00bc2233	slt	x4,x24,x11	 x24:0x00000000 x11:0xcc5bb000  x4=0x00000000
        4605000	       459	800009a0	402284b3	sub	x9,x5,x2	  x5:0x80009fc4  x2:0xfff4e599  x9=0x800bba2b
        4615000	       460	800009a4	412d8c33	sub	x24,x27,x18	 x27:0x0000074f x18:0x00000000 x24=0x0000074f
        4625000	       461	800009a8	41bd8613	addi	x12,x27,1051	 x27:0x0000074f x12=0x00000b6a
        4635000	       462	800009ac	08e74c93	xori	x25,x14,142	 x14:0x00000000 x25=0x0000008e
        4645000	       463	800009b0	00000013	addi	x0,x0,0	  x0:0x00000000
        4655000	       464	800009b4	01f59413	slli	x8,x11,0x1f	 x11:0xcc5bb000  x8=0x00000000
        4665000	       465	800009b8	01003533	sltu	x10,x0,x16	  x0:0x00000000 x16:0x00000000 x10=0x00000000
        4675000	       466	800009bc	00001317	auipc	x6,0x1	  x6=0x800019b8
        4685000	       467	800009c0	c3430313	addi	x6,x6,-972	  x6:0x800019b8  x6=0x800015ec
        4695000	       468	800009c4	54707993	andi	x19,x0,1351	  x0:0x00000000 x19=0x00000000
        4705000	       469	800009c8	f3730313	addi	x6,x6,-201	  x6:0x800015ec  x6=0x80001523
        4715000	       470	800009cc	7c4be713	ori	x14,x23,1988	 x23:0x00000000 x14=0x000007c4
        4725000	       471	800009d0	00000013	addi	x0,x0,0	  x0:0x00000000
        4735000	       472	800009d4	00cadc13	srli	x24,x21,0xc	 x21:0x00000000 x24=0x00000000
        4745000	       473	800009d8	0c9307e7	jalr	x15,x6,201	  x6:0x80001523 x15=0x800009d8
        4755000	       474	00000000	00000013	addi	x0,x0,0	  x0:0x00000000
        4765000	       475	800015ec	00000013	addi	x0,x0,0	  x0:0x00000000
        4775000	       476	800015f0	017e9863	bne	x29,x23,80001600	 x29:0x800098c4 x23:0x00000000
        4785000	       477	00000000	00000013	addi	x0,x0,0	  x0:0x00000000
        4795000	       478	800015fc	00000013	addi	x0,x0,0	  x0:0x00000000
        4805000	       479	80001600	fc888893	addi	x17,x17,-56	 x17:0x80009f84 x17=0x80009f4c
        4815000	       480	80001604	00101833	sll	x16,x0,x1	  x0:0x00000000  x1:0xfffffc69 x16=0x00000000
        4825000	       481	80001608	0088d0b3	srl	x1,x17,x8	 x17:0x80009f4c  x8:0x00000000  x1=0x80009f4c
        4835000	       482	8000160c	81382193	slti	x3,x16,-2029	 x16:0x00000000  x3=0x00000000
        4845000	       483	80001610	00f8a223	sw	x15,4(x17)	 x17:0x80009f4c x15:0x800009d8 PA:0x80009f50
        4855000	       484	80001614	361eab13	slti	x22,x29,865	 x29:0x800098c4 x22=0x00000001
        4865000	       485	80001618	00007c97	auipc	x25,0x7	 x25=0x80008614
        4875000	       486	8000161c	751c8c93	addi	x25,x25,1873	 x25:0x80008614 x25=0x80008d65
        4885000	       487	80001620	402f5213	srai	x4,x30,0x2	 x30:0x00000000  x4=0x00000000
        4895000	       488	80001624	405fb793	sltiu	x15,x31,1029	 x31:0x00000001 x15=0x00000001
        4905000	       489	80001628	01bcca83	lbu	x21,27(x25)	 x25:0x80008d65 x21=0x00000000 PA:0x80008d80
        4915000	       490	8000162c	01a96db3	or	x27,x18,x26	 x18:0x00000000 x26:0x80008fba x27=0x80008fba
        4925000	       491	80001630	014cc303	lbu	x6,20(x25)	 x25:0x80008d65  x6=0x00000000 PA:0x80008d79
        4935000	       492	80001634	5b48fe97	auipc	x29,0x5b48f	 x29=0xdb490630
        4945000	       493	80001638	000cc703	lbu	x14,0(x25)	 x25:0x80008d65 x14=0x00000000 PA:0x80008d65
        4955000	       494	8000163c	fc1c8f83	lb	x31,-63(x25)	 x25:0x80008d65 x31=0x00000000 PA:0x80008d26
        4965000	       495	80001640	feecc903	lbu	x18,-18(x25)	 x25:0x80008d65 x18=0x00000000 PA:0x80008d53
        4975000	       496	80001644	0027d593	srli	x11,x15,0x2	 x15:0x00000001 x11=0x00000000
        4985000	       497	80001648	010c8c03	lb	x24,16(x25)	 x25:0x80008d65 x24=0x00000000 PA:0x80008d75
        4995000	       498	8000164c	fefcda03	lhu	x20,-17(x25)	 x25:0x80008d65 x20=0x00000000 PA:0x80008d54
        5005000	       499	80001650	00a4d213	srli	x4,x9,0xa	  x9:0x800bba2b  x4=0x002002ee
        5015000	       500	80001654	00175b13	srli	x22,x14,0x1	 x14:0x00000000 x22=0x00000000
        5025000	       501	80001658	fcdc8f23	sb	x13,-34(x25)	 x25:0x80008d65 x13:0x80009e81 PA:0x80008d43
        5035000	       502	8000165c	01871c33	sll	x24,x14,x24	 x14:0x00000000 x24:0x00000000 x24=0x00000000
        5045000	       503	80001660	640ce013	ori	x0,x25,1600	 x25:0x80008d65
        5055000	       504	80001664	01578733	add	x14,x15,x21	 x15:0x00000001 x21:0x00000000 x14=0x00000001
        5065000	       505	80001668	00689f33	sll	x30,x17,x6	 x17:0x80009f4c  x6:0x00000000 x30=0x80009f4c
        5075000	       506	8000166c	037cd583	lhu	x11,55(x25)	 x25:0x80008d65 x11=0x00000000 PA:0x80008d9c
        5085000	       507	80001670	fc9ca3a3	sw	x9,-57(x25)	 x25:0x80008d65  x9:0x800bba2b PA:0x80008d2c
        5095000	       508	80001674	ffec8e83	lb	x29,-2(x25)	 x25:0x80008d65 x29=0x00000000 PA:0x80008d63
        5105000	       509	80001678	00c5e933	or	x18,x11,x12	 x11:0x00000000 x12:0x00000b6a x18=0x00000b6a
        5115000	       510	8000167c	f3a57a93	andi	x21,x10,-198	 x10:0x00000000 x21=0x00000000
        5125000	       511	80001680	febc8c03	lb	x24,-21(x25)	 x25:0x80008d65 x24=0x00000000 PA:0x80008d50
        5135000	       512	80001684	ffdc96a3	sh	x29,-19(x25)	 x25:0x80008d65 x29:0x00000000 PA:0x80008d52
        5145000	       513	80001688	fd8cc803	lbu	x16,-40(x25)	 x25:0x80008d65 x16=0x00000000 PA:0x80008d3d
        5155000	       514	8000168c	98b3ad13	slti	x26,x7,-1653	  x7:0x33a44c69 x26=0x00000000
        5165000	       515	80001690	001ccb83	lbu	x23,1(x25)	 x25:0x80008d65 x23=0x00000000 PA:0x80008d66
        5175000	       516	80001694	ff0c8e23	sb	x16,-4(x25)	 x25:0x80008d65 x16:0x00000000 PA:0x80008d61
        5185000	       517	80001698	00007d17	auipc	x26,0x7	 x26=0x80008694
        5195000	       518	8000169c	4d0d0d13	addi	x26,x26,1232	 x26:0x80008694 x26=0x80008b64
        5205000	       519	800016a0	00007497	auipc	x9,0x7	  x9=0x8000869c
        5215000	       520	800016a4	1e448493	addi	x9,x9,484	  x9:0x8000869c  x9=0x80008880
        5225000	       521	800016a8	fc4d5003	lhu	x0,-60(x26)	 x26:0x80008b64 PA:0x80008b28
        5235000	       522	800016ac	040d5203	lhu	x4,64(x26)	 x26:0x80008b64  x4=0x00000000 PA:0x80008ba4
        5245000	       523	800016b0	00008317	auipc	x6,0x8	  x6=0x800096ac
        5255000	       524	800016b4	8e130313	addi	x6,x6,-1823	  x6:0x800096ac  x6=0x80008f8d
        5265000	       525	800016b8	00007597	auipc	x11,0x7	 x11=0x800086b4
        5275000	       526	800016bc	58c58593	addi	x11,x11,1420	 x11:0x800086b4 x11=0x80008c40
        5285000	       527	800016c0	fc548423	sb	x5,-56(x9)	  x9:0x80008880  x5:0x80009fc4 PA:0x80008848
        5295000	       528	800016c4	ff034683	lbu	x13,-16(x6)	  x6:0x80008f8d x13=0x00000000 PA:0x80008f7d
        5305000	       529	800016c8	ff930403	lb	x8,-7(x6)	  x6:0x80008f8d  x8=0x00000000 PA:0x80008f86
        5315000	       530	800016cc	019d0f83	lb	x31,25(x26)	 x26:0x80008b64 x31=0x00000000 PA:0x80008b7d
        5325000	       531	800016d0	fc048703	lb	x14,-64(x9)	  x9:0x80008880 x14=0x00000000 PA:0x80008840
        5335000	       532	800016d4	0cd5cd83	lbu	x27,205(x11)	 x11:0x80008c40 x27=0x00000000 PA:0x80008d0d
        5345000	       533	800016d8	0be49023	sh	x30,160(x9)	  x9:0x80008880 x30:0x80009f4c PA:0x80008920
        5355000	       534	800016dc	3bf583a3	sb	x31,935(x11)	 x11:0x80008c40 x31:0x00000000 PA:0x80008fe7
        5365000	       535	800016e0	fd3d0ba3	sb	x19,-41(x26)	 x26:0x80008b64 x19:0x00000000 PA:0x80008b3b
        5375000	       536	800016e4	fccd1903	lh	x18,-52(x26)	 x26:0x80008b64 x18=0x00000000 PA:0x80008b30
        5385000	       537	800016e8	fdad5b03	lhu	x22,-38(x26)	 x26:0x80008b64 x22=0x00000000 PA:0x80008b3e
        5395000	       538	800016ec	fc5d0503	lb	x10,-59(x26)	 x26:0x80008b64 x10=0x00000000 PA:0x80008b29
        5405000	       539	800016f0	00e30c03	lb	x24,14(x6)	  x6:0x80008f8d x24=0x00000000 PA:0x80008f9b
        5415000	       540	800016f4	fc849683	lh	x13,-56(x9)	  x9:0x80008880 x13=0x000000c4 PA:0x80008848
        5425000	       541	800016f8	ff430ca3	sb	x20,-7(x6)	  x6:0x80008f8d x20:0x00000000 PA:0x80008f86
        5435000	       542	800016fc	c8c59623	sh	x12,-884(x11)	 x11:0x80008c40 x12:0x00000b6a PA:0x800088cc
        5445000	       543	80001700	39758c03	lb	x24,919(x11)	 x11:0x80008c40 x24=0x00000000 PA:0x80008fd7
        5455000	       544	80001704	2d95aa23	sw	x25,724(x11)	 x11:0x80008c40 x25:0x80008d65 PA:0x80008f14
        5465000	       545	80001708	02c487a3	sb	x12,47(x9)	  x9:0x80008880 x12:0x00000b6a PA:0x800088af
        5475000	       546	8000170c	ffb31fa3	sh	x27,-1(x6)	  x6:0x80008f8d x27:0x00000000 PA:0x80008f8c
        5485000	       547	80001710	0984a703	lw	x14,152(x9)	  x9:0x80008880 x14=0x00000000 PA:0x80008918
        5495000	       548	80001714	01ad00a3	sb	x26,1(x26)	 x26:0x80008b64 x26:0x80008b64 PA:0x80008b65
        5505000	       549	80001718	fe8d2823	sw	x8,-16(x26)	 x26:0x80008b64  x8:0x00000000 PA:0x80008b54
        5515000	       550	8000171c	c18580a3	sb	x24,-1023(x11)	 x11:0x80008c40 x24:0x00000000 PA:0x80008841
        5525000	       551	80001720	02349e23	sh	x3,60(x9)	  x9:0x80008880  x3:0x00000000 PA:0x800088bc
        5535000	       552	80001724	36d5c503	lbu	x10,877(x11)	 x11:0x80008c40 x10=0x00000000 PA:0x80008fad
        5545000	       553	80001728	fe8d1903	lh	x18,-24(x26)	 x26:0x80008b64 x18=0x00000000 PA:0x80008b4c
        5555000	       554	8000172c	00230903	lb	x18,2(x6)	  x6:0x80008f8d x18=0x00000000 PA:0x80008f8f
        5565000	       555	80001730	e5a59123	sh	x26,-446(x11)	 x11:0x80008c40 x26:0x80008b64 PA:0x80008a82
        5575000	       556	80001734	1a25d983	lhu	x19,418(x11)	 x11:0x80008c40 x19=0x00000000 PA:0x80008de2
        5585000	       557	80001738	ff530f23	sb	x21,-2(x6)	  x6:0x80008f8d x21:0x00000000 PA:0x80008f8b
        5595000	       558	8000173c	00007817	auipc	x16,0x7	 x16=0x80008738
        5605000	       559	80001740	28780813	addi	x16,x16,647	 x16:0x80008738 x16=0x800089bf
        5615000	       560	80001744	01c80723	sb	x28,14(x16)	 x16:0x800089bf x28:0x00000000 PA:0x800089cd
        5625000	       561	80001748	ff384783	lbu	x15,-13(x16)	 x16:0x800089bf x15=0x00000000 PA:0x800089b2
        5635000	       562	8000174c	fe2819a3	sh	x2,-13(x16)	 x16:0x800089bf  x2:0xfff4e599 PA:0x800089b2
        5645000	       563	80001750	ff380403	lb	x8,-13(x16)	 x16:0x800089bf  x8=0xffffff99 PA:0x800089b2
        5655000	       564	80001754	001484b3	add	x9,x9,x1	  x9:0x80008880  x1:0x80009f4c  x9=0x000127cc
        5665000	       565	80001758	ffe819a3	sh	x30,-13(x16)	 x16:0x800089bf x30:0x80009f4c PA:0x800089b2
        5675000	       566	8000175c	00580223	sb	x5,4(x16)	 x16:0x800089bf  x5:0x80009fc4 PA:0x800089c3
        5685000	       567	80001760	00480c83	lb	x25,4(x16)	 x16:0x800089bf x25=0xffffffc4 PA:0x800089c3
        5695000	       568	80001764	00480083	lb	x1,4(x16)	 x16:0x800089bf  x1=0xffffffc4 PA:0x800089c3
        5705000	       569	80001768	8b982013	slti	x0,x16,-1863	 x16:0x800089bf
        5715000	       570	8000176c	01b80223	sb	x27,4(x16)	 x16:0x800089bf x27:0x00000000 PA:0x800089c3
        5725000	       571	80001770	00380223	sb	x3,4(x16)	 x16:0x800089bf  x3:0x00000000 PA:0x800089c3
        5735000	       572	80001774	01f781b3	add	x3,x15,x31	 x15:0x00000000 x31:0x00000000  x3=0x00000000
        5745000	       573	80001778	00a80603	lb	x12,10(x16)	 x16:0x800089bf x12=0x00000000 PA:0x800089c9
        5755000	       574	8000177c	00480523	sb	x4,10(x16)	 x16:0x800089bf  x4:0x00000000 PA:0x800089c9
        5765000	       575	80001780	00180483	lb	x9,1(x16)	 x16:0x800089bf  x9=0x00000000 PA:0x800089c0
        5775000	       576	80001784	00007c17	auipc	x24,0x7	 x24=0x80008780
        5785000	       577	80001788	7c8c0c13	addi	x24,x24,1992	 x24:0x80008780 x24=0x80008f48
        5795000	       578	8000178c	00007517	auipc	x10,0x7	 x10=0x80008788
        5805000	       579	80001790	65050513	addi	x10,x10,1616	 x10:0x80008788 x10=0x80008dd8
        5815000	       580	80001794	fffc4303	lbu	x6,-1(x24)	 x24:0x80008f48  x6=0x00000000 PA:0x80008f47
        5825000	       581	80001798	00007f17	auipc	x30,0x7	 x30=0x80008794
        5835000	       582	8000179c	3bbf0f13	addi	x30,x30,955	 x30:0x80008794 x30=0x80008b4f
        5845000	       583	800017a0	001c0483	lb	x9,1(x24)	 x24:0x80008f48  x9=0x00000000 PA:0x80008f49
        5855000	       584	800017a4	ff6c0aa3	sb	x22,-11(x24)	 x24:0x80008f48 x22:0x00000000 PA:0x80008f3d
        5865000	       585	800017a8	00251023	sh	x2,0(x10)	 x10:0x80008dd8  x2:0xfff4e599 PA:0x80008dd8
        5875000	       586	800017ac	00bf1083	lh	x1,11(x30)	 x30:0x80008b4f  x1=0x00000000 PA:0x80008b5a
        5885000	       587	800017b0	01751323	sh	x23,6(x10)	 x10:0x80008dd8 x23:0x00000000 PA:0x80008dde
        5895000	       588	800017b4	00354c83	lbu	x25,3(x10)	 x10:0x80008dd8 x25=0x00000000 PA:0x80008ddb
        5905000	       589	800017b8	ff8c1803	lh	x16,-8(x24)	 x24:0x80008f48 x16=0x00000000 PA:0x80008f40
        5915000	       590	800017bc	00f54803	lbu	x16,15(x10)	 x10:0x80008dd8 x16=0x00000000 PA:0x80008de7
        5925000	       591	800017c0	fe350aa3	sb	x3,-11(x10)	 x10:0x80008dd8  x3:0x00000000 PA:0x80008dcd
        5935000	       592	800017c4	fc9f1aa3	sh	x9,-43(x30)	 x30:0x80008b4f  x9:0x00000000 PA:0x80008b24
        5945000	       593	800017c8	008c2c83	lw	x25,8(x24)	 x24:0x80008f48 x25=0x00000000 PA:0x80008f50
        5955000	       594	800017cc	f42f4a83	lbu	x21,-190(x30)	 x30:0x80008b4f x21=0x00000000 PA:0x80008a91
        5965000	       595	800017d0	00bc0083	lb	x1,11(x24)	 x24:0x80008f48  x1=0x00000000 PA:0x80008f53
        5975000	       596	800017d4	ff8c1a23	sh	x24,-12(x24)	 x24:0x80008f48 x24:0x80008f48 PA:0x80008f3c
        5985000	       597	800017d8	ff255583	lhu	x11,-14(x10)	 x10:0x80008dd8 x11=0x00000000 PA:0x80008dca
        5995000	       598	800017dc	014c0823	sb	x20,16(x24)	 x24:0x80008f48 x20:0x00000000 PA:0x80008f58
        6005000	       599	800017e0	f79f5e83	lhu	x29,-135(x30)	 x30:0x80008b4f x29=0x00000000 PA:0x80008ac8
        6015000	       600	800017e4	00454983	lbu	x19,4(x10)	 x10:0x80008dd8 x19=0x00000000 PA:0x80008ddc
        6025000	       601	800017e8	01451423	sh	x20,8(x10)	 x10:0x80008dd8 x20:0x00000000 PA:0x80008de0
        6035000	       602	800017ec	ff0c4c83	lbu	x25,-16(x24)	 x24:0x80008f48 x25=0x00000000 PA:0x80008f38
        6045000	       603	800017f0	f0df06a3	sb	x13,-243(x30)	 x30:0x80008b4f x13:0x000000c4 PA:0x80008a5c
        6055000	       604	800017f4	fefc1c23	sh	x15,-8(x24)	 x24:0x80008f48 x15:0x00000000 PA:0x80008f40
        6065000	       605	800017f8	081f0f23	sb	x1,158(x30)	 x30:0x80008b4f  x1:0x00000000 PA:0x80008bed
        6075000	       606	800017fc	00350783	lb	x15,3(x10)	 x10:0x80008dd8 x15=0x00000000 PA:0x80008ddb
        6085000	       607	80001800	0ddf4783	lbu	x15,221(x30)	 x30:0x80008b4f x15=0x00000000 PA:0x80008c2c
        6095000	       608	80001804	00007d17	auipc	x26,0x7	 x26=0x80008800
        6105000	       609	80001808	630d0d13	addi	x26,x26,1584	 x26:0x80008800 x26=0x80008e30
        6115000	       610	8000180c	00ae5933	srl	x18,x28,x10	 x28:0x00000000 x10:0x80008dd8 x18=0x00000000
        6125000	       611	80001810	0111afb3	slt	x31,x3,x17	  x3:0x00000000 x17:0x80009f4c x31=0x00000000
        6135000	       612	80001814	fe6d0323	sb	x6,-26(x26)	 x26:0x80008e30  x6:0x00000000 PA:0x80008e16
        6145000	       613	80001818	fadd4b83	lbu	x23,-83(x26)	 x26:0x80008e30 x23=0x00000000 PA:0x80008ddd
        6155000	       614	8000181c	f75d4d83	lbu	x27,-139(x26)	 x26:0x80008e30 x27=0x00000000 PA:0x80008da5
        6165000	       615	00000000	00000013	addi	x0,x0,0	  x0:0x00000000
        6175000	       616	80001820	41b68db3	sub	x27,x13,x27	 x13:0x000000c4 x27:0x00000000 x27=0x000000c4
        6185000	       617	80001824	fd4d0483	lb	x9,-44(x26)	 x26:0x80008e30  x9=0x00000000 PA:0x80008e04
        6195000	       618	80001828	f21d0b83	lb	x23,-223(x26)	 x26:0x80008e30 x23=0x00000000 PA:0x80008d51
        6205000	       619	8000182c	fdbd08a3	sb	x27,-47(x26)	 x26:0x80008e30 x27:0x000000c4 PA:0x80008e01
        6215000	       620	80001830	f97d4a03	lbu	x20,-105(x26)	 x26:0x80008e30 x20=0x00000000 PA:0x80008dc7
        6225000	       621	80001834	069d06a3	sb	x9,109(x26)	 x26:0x80008e30  x9:0x00000000 PA:0x80008e9d
        6235000	       622	80001838	f2ad4683	lbu	x13,-214(x26)	 x26:0x80008e30 x13=0x00000000 PA:0x80008d5a
        6245000	       623	8000183c	0061a433	slt	x8,x3,x6	  x3:0x00000000  x6:0x00000000  x8=0x00000000
        6255000	       624	80001840	0b1d4e83	lbu	x29,177(x26)	 x26:0x80008e30 x29=0x00000000 PA:0x80008ee1
        6265000	       625	80001844	f25d0623	sb	x5,-212(x26)	 x26:0x80008e30  x5:0x80009fc4 PA:0x80008d5c
        6275000	       626	80001848	41bb5993	srai	x19,x22,0x1b	 x22:0x00000000 x19=0x00000000
        6285000	       627	8000184c	013a2c33	slt	x24,x20,x19	 x20:0x00000000 x19:0x00000000 x24=0x00000000
        6295000	       628	80001850	00445193	srli	x3,x8,0x4	  x8:0x00000000  x3=0x00000000
        6305000	       629	80001854	210b7713	andi	x14,x22,528	 x22:0x00000000 x14=0x00000000
        6315000	       630	80001858	c3a3b693	sltiu	x13,x7,-966	  x7:0x33a44c69 x13=0x00000001
        6325000	       631	8000185c	01dc4db3	xor	x27,x24,x29	 x24:0x00000000 x29:0x00000000 x27=0x00000000
        6335000	       632	80001860	f78d2683	lw	x13,-136(x26)	 x26:0x80008e30 x13=0x00000000 PA:0x80008da8
        6345000	       633	80001864	0b8d1923	sh	x24,178(x26)	 x26:0x80008e30 x24:0x00000000 PA:0x80008ee2
        6355000	       634	80001868	03cd5383	lhu	x7,60(x26)	 x26:0x80008e30  x7=0x00000000 PA:0x80008e6c
        6365000	       635	8000186c	f2b61c37	lui	x24,0xf2b61	 x24=0xf2b61000
        6375000	       636	80001870	f0bd0303	lb	x6,-245(x26)	 x26:0x80008e30  x6=0x00000000 PA:0x80008d3b
        6385000	       637	80001874	f8ed0da3	sb	x14,-101(x26)	 x26:0x80008e30 x14:0x00000000 PA:0x80008dcb
        6395000	       638	80001878	f5bd4903	lbu	x18,-165(x26)	 x26:0x80008e30 x18=0x00000000 PA:0x80008d8b
        6405000	       639	8000187c	40e1dfb3	sra	x31,x3,x14	  x3:0x00000000 x14:0x00000000 x31=0x00000000
        6415000	       640	80001880	f97d4f03	lbu	x30,-105(x26)	 x26:0x80008e30 x30=0x00000000 PA:0x80008dc7
        6425000	       641	80001884	01fd0583	lb	x11,31(x26)	 x26:0x80008e30 x11=0x00000000 PA:0x80008e4f
        6435000	       642	80001888	022d5983	lhu	x19,34(x26)	 x26:0x80008e30 x19=0x00000000 PA:0x80008e52
        6445000	       643	8000188c	f40d5c03	lhu	x24,-192(x26)	 x26:0x80008e30 x24=0x00000000 PA:0x80008d70
        6455000	       644	80001890	0043cb33	xor	x22,x7,x4	  x7:0x00000000  x4:0x00000000 x22=0x00000000
        6465000	       645	80001894	fdfd4483	lbu	x9,-33(x26)	 x26:0x80008e30  x9=0x00000000 PA:0x80008e0f
        6475000	       646	80001898	422b0613	addi	x12,x22,1058	 x22:0x00000000 x12=0x00000422
        6485000	       647	8000189c	00000013	addi	x0,x0,0	  x0:0x00000000
        6495000	       648	800018a0	03bd4f83	lbu	x31,59(x26)	 x26:0x80008e30 x31=0x00000000 PA:0x80008e6b
        6505000	       649	800018a4	f94d2803	lw	x16,-108(x26)	 x26:0x80008e30 x16=0x00000000 PA:0x80008dc4
        6515000	       650	800018a8	021d4c83	lbu	x25,33(x26)	 x26:0x80008e30 x25=0x00000000 PA:0x80008e51
        6525000	       651	800018ac	f42d01a3	sb	x2,-189(x26)	 x26:0x80008e30  x2:0xfff4e599 PA:0x80008d73
        6535000	       652	800018b0	01c2e433	or	x8,x5,x28	  x5:0x80009fc4 x28:0x00000000  x8=0x80009fc4
        6545000	       653	800018b4	038d2203	lw	x4,56(x26)	 x26:0x80008e30  x4=0x00000000 PA:0x80008e68
        6555000	       654	800018b8	00007e97	auipc	x29,0x7	 x29=0x800088b4
        6565000	       655	800018bc	e3ee8e93	addi	x29,x29,-450	 x29:0x800088b4 x29=0x800086f2
        6575000	       656	800018c0	fa6ed383	lhu	x7,-90(x29)	 x29:0x800086f2  x7=0x00000000 PA:0x80008698
        6585000	       657	800018c4	b97e8ca3	sb	x23,-1127(x29)	 x29:0x800086f2 x23:0x00000000 PA:0x8000828b
        6595000	       658	800018c8	05eec983	lbu	x19,94(x29)	 x29:0x800086f2 x19=0x00000000 PA:0x80008750
        6605000	       659	800018cc	048e9f23	sh	x8,94(x29)	 x29:0x800086f2  x8:0x80009fc4 PA:0x80008750
        6615000	       660	800018d0	a3bec983	lbu	x19,-1477(x29)	 x29:0x800086f2 x19=0x00000000 PA:0x8000812d
        6625000	       661	800018d4	cbaec403	lbu	x8,-838(x29)	 x29:0x800086f2  x8=0x00000000 PA:0x800083ac
        6635000	       662	800018d8	c6d64613	xori	x12,x12,-915	 x12:0x00000422 x12=0xfffff84f
        6645000	       663	800018dc	cb5e8d23	sb	x21,-838(x29)	 x29:0x800086f2 x21:0x00000000 PA:0x800083ac
        6655000	       664	800018e0	cbaea303	lw	x6,-838(x29)	 x29:0x800086f2  x6=0x00000000 PA:0x800083ac
        6665000	       665	800018e4	40c4d0b3	sra	x1,x9,x12	  x9:0x00000000 x12:0xfffff84f  x1=0x00000000
        6675000	       666	800018e8	cbaea203	lw	x4,-838(x29)	 x29:0x800086f2  x4=0x00000000 PA:0x800083ac
        6685000	       667	800018ec	402d0bb3	sub	x23,x26,x2	 x26:0x80008e30  x2:0xfff4e599 x23=0x800ba897
        6695000	       668	800018f0	ca9ead23	sw	x9,-838(x29)	 x29:0x800086f2  x9:0x00000000 PA:0x800083ac
        6705000	       669	800018f4	e58edd03	lhu	x26,-424(x29)	 x29:0x800086f2 x26=0x00000000 PA:0x8000854a
        6715000	       670	800018f8	db5ec003	lbu	x0,-587(x29)	 x29:0x800086f2 PA:0x800084a7
        6725000	       671	800018fc	db5ecd83	lbu	x27,-587(x29)	 x29:0x800086f2 x27=0x00000000 PA:0x800084a7
        6735000	       672	80001900	db9e8aa3	sb	x25,-587(x29)	 x29:0x800086f2 x25:0x00000000 PA:0x800084a7
        6745000	       673	80001904	0f4edf83	lhu	x31,244(x29)	 x29:0x800086f2 x31=0x00000000 PA:0x800087e6
        6755000	       674	80001908	0f3e8a23	sb	x19,244(x29)	 x29:0x800086f2 x19:0x00000000 PA:0x800087e6
        6765000	       675	8000190c	00a48833	add	x16,x9,x10	  x9:0x00000000 x10:0x80008dd8 x16=0x80008dd8
        6775000	       676	80001910	0f4edb83	lhu	x23,244(x29)	 x29:0x800086f2 x23=0x00000000 PA:0x800087e6
        6785000	       677	80001914	00007517	auipc	x10,0x7	 x10=0x80008910
        6795000	       678	80001918	1ef50513	addi	x10,x10,495	 x10:0x80008910 x10=0x80008aff
        6805000	       679	8000191c	fc751c03	lh	x24,-57(x10)	 x10:0x80008aff x24=0x00000000 PA:0x80008ac6
        6815000	       680	80001920	fc751803	lh	x16,-57(x10)	 x10:0x80008aff x16=0x00000000 PA:0x80008ac6
        6825000	       681	80001924	fc751983	lh	x19,-57(x10)	 x10:0x80008aff x19=0x00000000 PA:0x80008ac6
        6835000	       682	80001928	fd2503a3	sb	x18,-57(x10)	 x10:0x80008aff x18:0x00000000 PA:0x80008ac6
        6845000	       683	8000192c	fc755483	lhu	x9,-57(x10)	 x10:0x80008aff  x9=0x00000000 PA:0x80008ac6
        6855000	       684	80001930	fc754383	lbu	x7,-57(x10)	 x10:0x80008aff  x7=0x00000000 PA:0x80008ac6
        6865000	       685	80001934	fd4513a3	sh	x20,-57(x10)	 x10:0x80008aff x20:0x00000000 PA:0x80008ac6
        6875000	       686	80001938	fc754d83	lbu	x27,-57(x10)	 x10:0x80008aff x27=0x00000000 PA:0x80008ac6
        6885000	       687	8000193c	fc755183	lhu	x3,-57(x10)	 x10:0x80008aff  x3=0x00000000 PA:0x80008ac6
        6895000	       688	80001940	41d15793	srai	x15,x2,0x1d	  x2:0xfff4e599 x15=0xffffffff
        6905000	       689	80001944	fcd503a3	sb	x13,-57(x10)	 x10:0x80008aff x13:0x00000000 PA:0x80008ac6
        6915000	       690	80001948	01993e33	sltu	x28,x18,x25	 x18:0x00000000 x25:0x00000000 x28=0x00000000
        6925000	       691	8000194c	fdb513a3	sh	x27,-57(x10)	 x10:0x80008aff x27:0x00000000 PA:0x80008ac6
        6935000	       692	80001950	fc754383	lbu	x7,-57(x10)	 x10:0x80008aff  x7=0x00000000 PA:0x80008ac6
        6945000	       693	80001954	a4b7cfb7	lui	x31,0xa4b7c	 x31=0xa4b7c000
        6955000	       694	80001958	f3f76413	ori	x8,x14,-193	 x14:0x00000000  x8=0xffffff3f
        6965000	       695	8000195c	01d69993	slli	x19,x13,0x1d	 x13:0x00000000 x19=0x00000000
        6975000	       696	80001960	03254903	lbu	x18,50(x10)	 x10:0x80008aff x18=0x00000000 PA:0x80008b31
        6985000	       697	80001964	00a3d433	srl	x8,x7,x10	  x7:0x00000000 x10:0x80008aff  x8=0x00000000
        6995000	       698	80001968	413dda93	srai	x21,x27,0x13	 x27:0x00000000 x21=0x00000000
        7005000	       699	8000196c	fc250a23	sb	x2,-44(x10)	 x10:0x80008aff  x2:0xfff4e599 PA:0x80008ad3
        7015000	       700	80001970	fd350a23	sb	x19,-44(x10)	 x10:0x80008aff x19:0x00000000 PA:0x80008ad3
        7025000	       701	80001974	fd450903	lb	x18,-44(x10)	 x10:0x80008aff x18=0x00000000 PA:0x80008ad3
        7035000	       702	80001978	00007c97	auipc	x25,0x7	 x25=0x80008974
        7045000	       703	8000197c	f19c8c93	addi	x25,x25,-231	 x25:0x80008974 x25=0x8000888d
        7055000	       704	80001980	0026e433	or	x8,x13,x2	 x13:0x00000000  x2:0xfff4e599  x8=0xfff4e599
        7065000	       705	80001984	c228b993	sltiu	x19,x17,-990	 x17:0x80009f4c x19=0x00000001
        7075000	       706	80001988	005a75b3	and	x11,x20,x5	 x20:0x00000000  x5:0x80009fc4 x11=0x00000000
        7085000	       707	8000198c	fe4c8a03	lb	x20,-28(x25)	 x25:0x8000888d x20=0x00000000 PA:0x80008871
        7095000	       708	80001990	febc98a3	sh	x11,-15(x25)	 x25:0x8000888d x11:0x00000000 PA:0x8000887e
        7105000	       709	80001994	00000013	addi	x0,x0,0	  x0:0x00000000
        7115000	       710	80001998	fe6c8d83	lb	x27,-26(x25)	 x25:0x8000888d x27=0x00000000 PA:0x80008873
        7125000	       711	8000199c	00665b93	srli	x23,x12,0x6	 x12:0xfffff84f x23=0x03ffffe1
        7135000	       712	800019a0	019d1813	slli	x16,x26,0x19	 x26:0x00000000 x16=0x00000000
        7145000	       713	800019a4	4d487393	andi	x7,x16,1236	 x16:0x00000000  x7=0x00000000
        7155000	       714	800019a8	034cc483	lbu	x9,52(x25)	 x25:0x8000888d  x9=0x00000000 PA:0x800088c1
        7165000	       715	800019ac	00000013	addi	x0,x0,0	  x0:0x00000000
        7175000	       716	800019b0	00e99f13	slli	x30,x19,0xe	 x19:0x00000001 x30=0x00004000
        7185000	       717	800019b4	e329e817	auipc	x16,0xe329e	 x16=0x6329f9b0
        7195000	       718	800019b8	ffcc87a3	sb	x28,-17(x25)	 x25:0x8000888d x28:0x00000000 PA:0x8000887c
        7205000	       719	800019bc	031c95a3	sh	x17,43(x25)	 x25:0x8000888d x17:0x80009f4c PA:0x800088b8
        7215000	       720	800019c0	012c8323	sb	x18,6(x25)	 x25:0x8000888d x18:0x00000000 PA:0x80008893
        7225000	       721	800019c4	0bfcf713	andi	x14,x25,191	 x25:0x8000888d x14=0x0000008d
        7235000	       722	800019c8	5d7b9697	auipc	x13,0x5d7b9	 x13=0xdd7ba9c4
        7245000	       723	800019cc	036c96a3	sh	x22,45(x25)	 x25:0x8000888d x22:0x00000000 PA:0x800088ba
        7255000	       724	800019d0	003ad413	srli	x8,x21,0x3	 x21:0x00000000  x8=0x00000000
        7265000	       725	800019d4	fe5ccb83	lbu	x23,-27(x25)	 x25:0x8000888d x23=0x00000000 PA:0x80008872
        7275000	       726	800019d8	027c9903	lh	x18,39(x25)	 x25:0x8000888d x18=0x00000000 PA:0x800088b4
        7285000	       727	800019dc	fdac8803	lb	x16,-38(x25)	 x25:0x8000888d x16=0x00000000 PA:0x80008867
        7295000	       728	800019e0	000f3933	sltu	x18,x30,x0	 x30:0x00004000  x0:0x00000000 x18=0x00000000
        7305000	       729	800019e4	015f8233	add	x4,x31,x21	 x31:0xa4b7c000 x21:0x00000000  x4=0xa4b7c000
        7315000	       730	800019e8	030c8023	sb	x16,32(x25)	 x25:0x8000888d x16:0x00000000 PA:0x800088ad
        7325000	       731	800019ec	01bcdd03	lhu	x26,27(x25)	 x25:0x8000888d x26=0x00000000 PA:0x800088a8
        7335000	       732	800019f0	0155a633	slt	x12,x11,x21	 x11:0x00000000 x21:0x00000000 x12=0x00000000
        7345000	       733	800019f4	ff5cc203	lbu	x4,-11(x25)	 x25:0x8000888d  x4=0x00000000 PA:0x80008882
        7355000	       734	800019f8	fe5c8003	lb	x0,-27(x25)	 x25:0x8000888d PA:0x80008872
        7365000	       735	800019fc	6f037513	andi	x10,x6,1776	  x6:0x00000000 x10=0x00000000
        7375000	       736	80001a00	fc9c9603	lh	x12,-55(x25)	 x25:0x8000888d x12=0x00000000 PA:0x80008856
        7385000	       737	80001a04	fdbca303	lw	x6,-37(x25)	 x25:0x8000888d  x6=0x00000000 PA:0x80008868
        7395000	       738	80001a08	ff5c8903	lb	x18,-11(x25)	 x25:0x8000888d x18=0x00000000 PA:0x80008882
        7405000	       739	80001a0c	00acd7b3	srl	x15,x25,x10	 x25:0x8000888d x10:0x00000000 x15=0x8000888d
        7415000	       740	80001a10	01ec8003	lb	x0,30(x25)	 x25:0x8000888d PA:0x800088ab
        7425000	       741	80001a14	ffccce03	lbu	x28,-4(x25)	 x25:0x8000888d x28=0x00000000 PA:0x80008889
        7435000	       742	80001a18	014124b3	slt	x9,x2,x20	  x2:0xfff4e599 x20:0x00000000  x9=0x00000001
        7445000	       743	80001a1c	fd0c8c23	sb	x16,-40(x25)	 x25:0x8000888d x16:0x00000000 PA:0x80008865
        7455000	       744	80001a20	00774633	xor	x12,x14,x7	 x14:0x0000008d  x7:0x00000000 x12=0x0000008d
        7465000	       745	80001a24	014ba3b3	slt	x7,x23,x20	 x23:0x00000000 x20:0x00000000  x7=0x00000000
        7475000	       746	80001a28	416109b3	sub	x19,x2,x22	  x2:0xfff4e599 x22:0x00000000 x19=0xfff4e599
        7485000	       747	80001a2c	034c89a3	sb	x20,51(x25)	 x25:0x8000888d x20:0x00000000 PA:0x800088c0
        7495000	       748	80001a30	025c81a3	sb	x5,35(x25)	 x25:0x8000888d  x5:0x80009fc4 PA:0x800088b0
        7505000	       749	80001a34	fffcc483	lbu	x9,-1(x25)	 x25:0x8000888d  x9=0x00000000 PA:0x8000888c
        7515000	       750	80001a38	032c8603	lb	x12,50(x25)	 x25:0x8000888d x12=0x00000000 PA:0x800088bf
        7525000	       751	80001a3c	025cd203	lhu	x4,37(x25)	 x25:0x8000888d  x4=0x00000000 PA:0x800088b2
        7535000	       752	80001a40	fdaccc03	lbu	x24,-38(x25)	 x25:0x8000888d x24=0x00000000 PA:0x80008867
        7545000	       753	80001a44	00ecce83	lbu	x29,14(x25)	 x25:0x8000888d x29=0x00000000 PA:0x8000889b
        7555000	       754	80001a48	00007c17	auipc	x24,0x7	 x24=0x80008a44
        7565000	       755	80001a4c	0d9c0c13	addi	x24,x24,217	 x24:0x80008a44 x24=0x80008b1d
        7575000	       756	80001a50	00007197	auipc	x3,0x7	  x3=0x80008a4c
        7585000	       757	80001a54	38018193	addi	x3,x3,896	  x3:0x80008a4c  x3=0x80008dcc
        7595000	       758	80001a58	00007e17	auipc	x28,0x7	 x28=0x80008a54
        7605000	       759	80001a5c	070e0e13	addi	x28,x28,112	 x28:0x80008a54 x28=0x80008ac4
        7615000	       760	80001a60	053c2a83	lw	x21,83(x24)	 x24:0x80008b1d x21=0x00000000 PA:0x80008b70
        7625000	       761	80001a64	f6ee02a3	sb	x14,-155(x28)	 x28:0x80008ac4 x14:0x0000008d PA:0x80008a29
        7635000	       762	80001a68	07dc1b83	lh	x23,125(x24)	 x24:0x80008b1d x23=0x00000000 PA:0x80008b9a
        7645000	       763	80001a6c	f52e05a3	sb	x18,-181(x28)	 x28:0x80008ac4 x18:0x00000000 PA:0x80008a0f
        7655000	       764	80001a70	fce1a223	sw	x14,-60(x3)	  x3:0x80008dcc x14:0x0000008d PA:0x80008d90
        7665000	       765	80001a74	00007d17	auipc	x26,0x7	 x26=0x80008a70
        7675000	       766	80001a78	31ad0d13	addi	x26,x26,794	 x26:0x80008a70 x26=0x80008d8a
        7685000	       767	80001a7c	079c1ea3	sh	x25,125(x24)	 x24:0x80008b1d x25:0x8000888d PA:0x80008b9a
        7695000	       768	80001a80	fc6d2b03	lw	x22,-58(x26)	 x26:0x80008d8a x22=0x00000000 PA:0x80008d50
        7705000	       769	80001a84	089e0383	lb	x7,137(x28)	 x28:0x80008ac4  x7=0x00000000 PA:0x80008b4d
        7715000	       770	80001a88	fa3e4603	lbu	x12,-93(x28)	 x28:0x80008ac4 x12=0x00000000 PA:0x80008a67
        7725000	       771	80001a8c	fdf18483	lb	x9,-33(x3)	  x3:0x80008dcc  x9=0x00000000 PA:0x80008dab
        7735000	       772	80001a90	f34c0383	lb	x7,-204(x24)	 x24:0x80008b1d  x7=0x00000000 PA:0x80008a51
        7745000	       773	80001a94	025d1a23	sh	x5,52(x26)	 x26:0x80008d8a  x5:0x80009fc4 PA:0x80008dbe
        7755000	       774	80001a98	03c186a3	sb	x28,45(x3)	  x3:0x80008dcc x28:0x80008ac4 PA:0x80008df9
        7765000	       775	80001a9c	fdbe1023	sh	x27,-64(x28)	 x28:0x80008ac4 x27:0x00000000 PA:0x80008a84
        7775000	       776	80001aa0	f60d08a3	sb	x0,-143(x26)	 x26:0x80008d8a  x0:0x00000000 PA:0x80008cfb
        7785000	       777	80001aa4	04bc2a03	lw	x20,75(x24)	 x24:0x80008b1d x20=0x00000000 PA:0x80008b68
        7795000	       778	80001aa8	f2ee0a83	lb	x21,-210(x28)	 x28:0x80008ac4 x21=0x00000000 PA:0x800089f2
        7805000	       779	80001aac	0c7d4c83	lbu	x25,199(x26)	 x26:0x80008d8a x25=0x00000000 PA:0x80008e51
        7815000	       780	80001ab0	02c19203	lh	x4,44(x3)	  x3:0x80008dcc  x4=0xffffc400 PA:0x80008df8
        7825000	       781	80001ab4	04818023	sb	x8,64(x3)	  x3:0x80008dcc  x8:0x00000000 PA:0x80008e0c
        7835000	       782	80001ab8	f09c0483	lb	x9,-247(x24)	 x24:0x80008b1d  x9=0x00000000 PA:0x80008a26
        7845000	       783	80001abc	fa7d4403	lbu	x8,-89(x26)	 x26:0x80008d8a  x8=0x00000000 PA:0x80008d31
        7855000	       784	80001ac0	f0ae5c83	lhu	x25,-246(x28)	 x28:0x80008ac4 x25=0x00000000 PA:0x800089ce
        7865000	       785	80001ac4	fc219803	lh	x16,-62(x3)	  x3:0x80008dcc x16=0x00000000 PA:0x80008d8e
        7875000	       786	80001ac8	04bd0903	lb	x18,75(x26)	 x26:0x80008d8a x18=0x00000000 PA:0x80008dd5
        7885000	       787	80001acc	fa8c0223	sb	x8,-92(x24)	 x24:0x80008b1d  x8:0x00000000 PA:0x80008ac1
        7895000	       788	80001ad0	40a28433	sub	x8,x5,x10	  x5:0x80009fc4 x10:0x00000000  x8=0x80009fc4
        7905000	       789	80001ad4	01688663	beq	x17,x22,80001ae0	 x17:0x80009f4c x22:0x00000000
        7915000	       790	80001ad8	0220c863	blt	x1,x2,80001b08	  x1:0x00000000  x2:0xfff4e599
        7925000	       791	80001adc	452cc593	xori	x11,x25,1106	 x25:0x00000000 x11=0x00000452
        7935000	       792	80001ae0	40a68533	sub	x10,x13,x10	 x13:0xdd7ba9c4 x10:0x00000000 x10=0xdd7ba9c4
        7945000	       793	80001ae4	9aebc013	xori	x0,x23,-1618	 x23:0x00000000
        7955000	       794	80001ae8	c77d4313	xori	x6,x26,-905	 x26:0x80008d8a  x6=0x7fff71fd
        7965000	       795	80001aec	00b65613	srli	x12,x12,0xb	 x12:0x00000000 x12=0x00000000
        7975000	       796	80001af0	0105c9b3	xor	x19,x11,x16	 x11:0x00000452 x16:0x00000000 x19=0x00000452
        7985000	       797	80001af4	2ff26f17	auipc	x30,0x2ff26	 x30=0xaff27af0
        7995000	       798	80001af8	02bf5063	bge	x30,x11,80001b18	 x30:0xaff27af0 x11:0x00000452
        8005000	       799	80001afc	d965f717	auipc	x14,0xd965f	 x14=0x59660af8
        8015000	       800	80001b00	0535f463	bgeu	x11,x19,80001b48	 x11:0x00000452 x19:0x00000452
        8025000	       801	00000000	00000013	addi	x0,x0,0	  x0:0x00000000
        8035000	       802	80001b44	00000013	addi	x0,x0,0	  x0:0x00000000
        8045000	       803	80001b48	00d64733	xor	x14,x12,x13	 x12:0x00000000 x13:0xdd7ba9c4 x14=0xdd7ba9c4
        8055000	       804	80001b4c	05a16063	bltu	x2,x26,80001b8c	  x2:0xfff4e599 x26:0x80008d8a
        8065000	       805	80001b50	03f5e063	bltu	x11,x31,80001b70	 x11:0x00000452 x31:0xa4b7c000
        8075000	       806	00000000	00000013	addi	x0,x0,0	  x0:0x00000000
        8085000	       807	80001b6c	00000013	addi	x0,x0,0	  x0:0x00000000
        8095000	       808	80001b70	218d0e93	addi	x29,x26,536	 x26:0x80008d8a x29=0x80008fa2
        8105000	       809	80001b74	0141ce33	xor	x28,x3,x20	  x3:0x80008dcc x20:0x00000000 x28=0x80008dcc
        8115000	       810	80001b78	017f87b3	add	x15,x31,x23	 x31:0xa4b7c000 x23:0x00000000 x15=0xa4b7c000
        8125000	       811	80001b7c	014e9333	sll	x6,x29,x20	 x29:0x80008fa2 x20:0x00000000  x6=0x80008fa2
        8135000	       812	80001b80	197f3593	sltiu	x11,x30,407	 x30:0xaff27af0 x11=0x00000000
        8145000	       813	80001b84	00d0bf33	sltu	x30,x1,x13	  x1:0x00000000 x13:0xdd7ba9c4 x30=0x00000001
        8155000	       814	80001b88	00000013	addi	x0,x0,0	  x0:0x00000000
        8165000	       815	80001b8c	0074e333	or	x6,x9,x7	  x9:0x00000000  x7:0x00000000  x6=0x00000000
        8175000	       816	80001b90	00f20463	beq	x4,x15,80001b98	  x4:0xffffc400 x15:0xa4b7c000
        8185000	       817	80001b94	e4790813	addi	x16,x18,-441	 x18:0x00000000 x16=0xfffffe47
        8195000	       818	80001b98	0180dab3	srl	x21,x1,x24	  x1:0x00000000 x24:0x80008b1d x21=0x00000000
        8205000	       819	80001b9c	00689463	bne	x17,x6,80001ba4	 x17:0x80009f4c  x6:0x00000000
        8215000	       820	00000000	00000013	addi	x0,x0,0	  x0:0x00000000
        8225000	       821	80001ba0	00000013	addi	x0,x0,0	  x0:0x00000000
        8235000	       822	80001ba4	015cdf33	srl	x30,x25,x21	 x25:0x00000000 x21:0x00000000 x30=0x00000000
        8245000	       823	80001ba8	1072ed13	ori	x26,x5,263	  x5:0x80009fc4 x26=0x80009fc7
        8255000	       824	80001bac	41b00bb3	sub	x23,x0,x27	  x0:0x00000000 x27:0x00000000 x23=0x00000000
        8265000	       825	80001bb0	af9eaa93	slti	x21,x29,-1287	 x29:0x80008fa2 x21=0x00000001
        8275000	       826	80001bb4	019e7663	bgeu	x28,x25,80001bc0	 x28:0x80008dcc x25:0x00000000
        8285000	       827	00000000	00000013	addi	x0,x0,0	  x0:0x00000000
        8295000	       828	80001bbc	00000013	addi	x0,x0,0	  x0:0x00000000
        8305000	       829	80001bc0	1c156b13	ori	x22,x10,449	 x10:0xdd7ba9c4 x22=0xdd7ba9c5
        8315000	       830	80001bc4	04768663	beq	x13,x7,80001c10	 x13:0xdd7ba9c4  x7:0x00000000
        8325000	       831	80001bc8	49047693	andi	x13,x8,1168	  x8:0x80009fc4 x13=0x00000480
        8335000	       832	80001bcc	01a4e263	bltu	x9,x26,80001bd0	  x9:0x00000000 x26:0x80009fc7
        8345000	       833	00000000	00000013	addi	x0,x0,0	  x0:0x00000000
        8355000	       834	80001bcc	00000013	addi	x0,x0,0	  x0:0x00000000
        8365000	       835	80001bd0	409c0eb3	sub	x29,x24,x9	 x24:0x80008b1d  x9:0x00000000 x29=0x80008b1d
        8375000	       836	80001bd4	02868463	beq	x13,x8,80001bfc	 x13:0x00000480  x8:0x80009fc4
        8385000	       837	80001bd8	2d066613	ori	x12,x12,720	 x12:0x00000000 x12=0x000002d0
        8395000	       838	80001bdc	00000013	addi	x0,x0,0	  x0:0x00000000
        8405000	       839	80001be0	00660b33	add	x22,x12,x6	 x12:0x000002d0  x6:0x00000000 x22=0x000002d0
        8415000	       840	80001be4	b9f37313	andi	x6,x6,-1121	  x6:0x00000000  x6=0x00000000
        8425000	       841	80001be8	016c9e93	slli	x29,x25,0x16	 x25:0x00000000 x29=0x00000000
        8435000	       842	80001bec	efc8e537	lui	x10,0xefc8e	 x10=0xefc8e000
        8445000	       843	80001bf0	4a472493	slti	x9,x14,1188	 x14:0xdd7ba9c4  x9=0x00000001
        8455000	       844	80001bf4	028b9863	bne	x23,x8,80001c24	 x23:0x00000000  x8:0x80009fc4
        8465000	       845	00000000	00000013	addi	x0,x0,0	  x0:0x00000000
        8475000	       846	80001c20	00000013	addi	x0,x0,0	  x0:0x00000000
        8485000	       847	80001c24	cc365497	auipc	x9,0xcc365	  x9=0x4c366c20
        8495000	       848	80001c28	ffe75497	auipc	x9,0xffe75	  x9=0x7fe76c24
        8505000	       849	80001c2c	c4ffcc13	xori	x24,x31,-945	 x31:0xa4b7c000 x24=0x5b483c4f
        8515000	       850	80001c30	0178fb33	and	x22,x17,x23	 x17:0x80009f4c x23:0x00000000 x22=0x00000000
        8525000	       851	80001c34	a4f44593	xori	x11,x8,-1457	  x8:0x80009fc4 x11=0x7fff658b
        8535000	       852	80001c38	01086833	or	x16,x16,x16	 x16:0xfffffe47 x16:0xfffffe47 x16=0xfffffe47
        8545000	       853	80001c3c	01404463	blt	x0,x20,80001c44	  x0:0x00000000 x20:0x00000000
        8555000	       854	80001c40	0001a0b3	slt	x1,x3,x0	  x3:0x80008dcc  x0:0x00000000  x1=0x00000001
        8565000	       855	80001c44	002d6463	bltu	x26,x2,80001c4c	 x26:0x80009fc7  x2:0xfff4e599
        8575000	       856	00000000	00000013	addi	x0,x0,0	  x0:0x00000000
        8585000	       857	80001c48	00000013	addi	x0,x0,0	  x0:0x00000000
        8595000	       858	80001c4c	00000013	addi	x0,x0,0	  x0:0x00000000
        8605000	       859	80001c50	00f1e863	bltu	x3,x15,80001c60	  x3:0x80008dcc x15:0xa4b7c000
        8615000	       860	00000000	00000013	addi	x0,x0,0	  x0:0x00000000
        8625000	       861	80001c5c	00000013	addi	x0,x0,0	  x0:0x00000000
        8635000	       862	80001c60	01693f33	sltu	x30,x18,x22	 x18:0x00000000 x22:0x00000000 x30=0x00000000
        8645000	       863	80001c64	ec6e5917	auipc	x18,0xec6e5	 x18=0x6c6e6c60
        8655000	       864	80001c68	4836ba13	sltiu	x20,x13,1155	 x13:0x00000480 x20=0x00000001
        8665000	       865	80001c6c	011d0433	add	x8,x26,x17	 x26:0x80009fc7 x17:0x80009f4c  x8=0x00013f13
        8675000	       866	80001c70	019dc863	blt	x27,x25,80001c80	 x27:0x00000000 x25:0x00000000
        8685000	       867	80001c74	01058c33	add	x24,x11,x16	 x11:0x7fff658b x16:0xfffffe47 x24=0x7fff63d2
        8695000	       868	80001c78	a9812a13	slti	x20,x2,-1384	  x2:0xfff4e599 x20=0x00000001
        8705000	       869	80001c7c	4031df13	srai	x30,x3,0x3	  x3:0x80008dcc x30=0xf00011b9
        8715000	       870	80001c80	0155fd33	and	x26,x11,x21	 x11:0x7fff658b x21:0x00000001 x26=0x00000001
        8725000	       871	80001c84	01ce99b3	sll	x19,x29,x28	 x29:0x00000000 x28:0x80008dcc x19=0x00000000
        8735000	       872	80001c88	009d3333	sltu	x6,x26,x9	 x26:0x00000001  x9:0x7fe76c24  x6=0x00000001
        8745000	       873	80001c8c	011f7c33	and	x24,x30,x17	 x30:0xf00011b9 x17:0x80009f4c x24=0x80001108
        8755000	       874	80001c90	d52323b7	lui	x7,0xd5232	  x7=0xd5232000
        8765000	       875	80001c94	00000013	addi	x0,x0,0	  x0:0x00000000
        8775000	       876	80001c98	6a6dcd17	auipc	x26,0x6a6dc	 x26=0xea6ddc94
        8785000	       877	80001c9c	00626833	or	x16,x4,x6	  x4:0xffffc400  x6:0x00000001 x16=0xffffc401
        8795000	       878	80001ca0	031d1a63	bne	x26,x17,80001cd4	 x26:0xea6ddc94 x17:0x80009f4c
        8805000	       879	00000000	00000013	addi	x0,x0,0	  x0:0x00000000
        8815000	       880	80001cd0	00000013	addi	x0,x0,0	  x0:0x00000000
        8825000	       881	80001cd4	4168dfb3	sra	x31,x17,x22	 x17:0x80009f4c x22:0x00000000 x31=0x80009f4c
        8835000	       882	80001cd8	404c80b3	sub	x1,x25,x4	 x25:0x00000000  x4:0xffffc400  x1=0x00003c00
        8845000	       883	80001cdc	1db47013	andi	x0,x8,475	  x8:0x00013f13
        8855000	       884	80001ce0	ab7dff13	andi	x30,x27,-1353	 x27:0x00000000 x30=0x00000000
        8865000	       885	80001ce4	00000013	addi	x0,x0,0	  x0:0x00000000
        8875000	       886	80001ce8	e9d5f093	andi	x1,x11,-355	 x11:0x7fff658b  x1=0x7fff6489
        8885000	       887	80001cec	0091e263	bltu	x3,x9,80001cf0	  x3:0x80008dcc  x9:0x7fe76c24
        8895000	       888	80001cf0	4117df13	srai	x30,x15,0x11	 x15:0xa4b7c000 x30=0xffffd25b
        8905000	       889	80001cf4	0060d4b3	srl	x9,x1,x6	  x1:0x7fff6489  x6:0x00000001  x9=0x3fffb244
        8915000	       890	80001cf8	7fa8b613	sltiu	x12,x17,2042	 x17:0x80009f4c x12=0x00000000
        8925000	       891	80001cfc	01d1a333	slt	x6,x3,x29	  x3:0x80008dcc x29:0x00000000  x6=0x00000001
        8935000	       892	80001d00	0212f863	bgeu	x5,x1,80001d30	  x5:0x80009fc4  x1:0x7fff6489
        8945000	       893	00000000	00000013	addi	x0,x0,0	  x0:0x00000000
        8955000	       894	80001d2c	00000013	addi	x0,x0,0	  x0:0x00000000
        8965000	       895	80001d30	8017cd13	xori	x26,x15,-2047	 x15:0xa4b7c000 x26=0x5b483801
        8975000	       896	80001d34	01b6b433	sltu	x8,x13,x27	 x13:0x00000480 x27:0x00000000  x8=0x00000000
        8985000	       897	80001d38	00752cb3	slt	x25,x10,x7	 x10:0xefc8e000  x7:0xd5232000 x25=0x00000000
        8995000	       898	80001d3c	f5e72013	slti	x0,x14,-162	 x14:0xdd7ba9c4
        9005000	       899	80001d40	01fc16b3	sll	x13,x24,x31	 x24:0x80001108 x31:0x80009f4c x13=0x01108000
        9015000	       900	80001d44	00000013	addi	x0,x0,0	  x0:0x00000000
        9025000	       901	80001d48	008bf463	bgeu	x23,x8,80001d50	 x23:0x00000000  x8:0x00000000
        9035000	       902	00000000	00000013	addi	x0,x0,0	  x0:0x00000000
        9045000	       903	80001d4c	00000013	addi	x0,x0,0	  x0:0x00000000
        9055000	       904	80001d50	343a6813	ori	x16,x20,835	 x20:0x00000001 x16=0x00000343
        9065000	       905	80001d54	03067863	bgeu	x12,x16,80001d84	 x12:0x00000000 x16:0x00000343
        9075000	       906	80001d58	00e4f833	and	x16,x9,x14	  x9:0x3fffb244 x14:0xdd7ba9c4 x16=0x1d7ba044
        9085000	       907	80001d5c	419fbc93	sltiu	x25,x31,1049	 x31:0x80009f4c x25=0x00000000
        9095000	       908	80001d60	177c7213	andi	x4,x24,375	 x24:0x80001108  x4=0x00000100
        9105000	       909	80001d64	0084e9b3	or	x19,x9,x8	  x9:0x3fffb244  x8:0x00000000 x19=0x3fffb244
        9115000	       910	80001d68	6a0b4b13	xori	x22,x22,1696	 x22:0x00000000 x22=0x000006a0
        9125000	       911	80001d6c	be1ec413	xori	x8,x29,-1055	 x29:0x00000000  x8=0xfffffbe1
        9135000	       912	80001d70	01739c13	slli	x24,x7,0x17	  x7:0xd5232000 x24=0x00000000
        9145000	       913	80001d74	097e2013	slti	x0,x28,151	 x28:0x80008dcc
        9155000	       914	80001d78	caa8c613	xori	x12,x17,-854	 x17:0x80009f4c x12=0x7fff63e6
        9165000	       915	80001d7c	0145e233	or	x4,x11,x20	 x11:0x7fff658b x20:0x00000001  x4=0x7fff658b
        9175000	       916	80001d80	01fbb433	sltu	x8,x23,x31	 x23:0x00000000 x31:0x80009f4c  x8=0x00000001
        9185000	       917	80001d84	007e7c63	bgeu	x28,x7,80001d9c	 x28:0x80008dcc  x7:0xd5232000
        9195000	       918	80001d88	01c6e7b3	or	x15,x13,x28	 x13:0x01108000 x28:0x80008dcc x15=0x81108dcc
        9205000	       919	80001d8c	00825913	srli	x18,x4,0x8	  x4:0x7fff658b x18=0x007fff65
        9215000	       920	80001d90	016839b3	sltu	x19,x16,x22	 x16:0x1d7ba044 x22:0x000006a0 x19=0x00000000
        9225000	       921	80001d94	03ff4263	blt	x30,x31,80001db8	 x30:0xffffd25b x31:0x80009f4c
        9235000	       922	80001d98	051d1063	bne	x26,x17,80001dd8	 x26:0x5b483801 x17:0x80009f4c
        9245000	       923	00000000	00000013	addi	x0,x0,0	  x0:0x00000000
        9255000	       924	80001dd4	00000013	addi	x0,x0,0	  x0:0x00000000
        9265000	       925	80001dd8	10402c93	slti	x25,x0,260	  x0:0x00000000 x25=0x00000001
        9275000	       926	80001ddc	00000013	addi	x0,x0,0	  x0:0x00000000
        9285000	       927	80001de0	01a19a33	sll	x20,x3,x26	  x3:0x80008dcc x26:0x5b483801 x20=0x00011b98
        9295000	       928	80001de4	00b95c13	srli	x24,x18,0xb	 x18:0x007fff65 x24=0x00000fff
        9305000	       929	80001de8	406f06b3	sub	x13,x30,x6	 x30:0xffffd25b  x6:0x00000001 x13=0xffffd25a
        9315000	       930	80001dec	01474f33	xor	x30,x14,x20	 x14:0xdd7ba9c4 x20:0x00011b98 x30=0xdd7ab25c
        9325000	       931	80001df0	008a60b3	or	x1,x20,x8	 x20:0x00011b98  x8:0x00000001  x1=0x00011b99
        9335000	       932	80001df4	13650a93	addi	x21,x10,310	 x10:0xefc8e000 x21=0xefc8e136
        9345000	       933	80001df8	40c75a13	srai	x20,x14,0xc	 x14:0xdd7ba9c4 x20=0xfffdd7ba
        9355000	       934	80001dfc	012821b3	slt	x3,x16,x18	 x16:0x1d7ba044 x18:0x007fff65  x3=0x00000000
        9365000	       935	80001e00	41ec5a33	sra	x20,x24,x30	 x24:0x00000fff x30:0xdd7ab25c x20=0x00000000
        9375000	       936	80001e04	00000013	addi	x0,x0,0	  x0:0x00000000
        9385000	       937	80001e08	41008b33	sub	x22,x1,x16	  x1:0x00011b99 x16:0x1d7ba044 x22=0xe2857b55
        9395000	       938	80001e0c	02f54863	blt	x10,x15,80001e3c	 x10:0xefc8e000 x15:0x81108dcc
        9405000	       939	80001e10	00649813	slli	x16,x9,0x6	  x9:0x3fffb244 x16=0xffec9100
        9415000	       940	80001e14	dacfa393	slti	x7,x31,-596	 x31:0x80009f4c  x7=0x00000001
        9425000	       941	80001e18	03b2d863	bge	x5,x27,80001e48	  x5:0x80009fc4 x27:0x00000000
        9435000	       942	80001e1c	2a682413	slti	x8,x16,678	 x16:0xffec9100  x8=0x00000001
        9445000	       943	80001e20	00660863	beq	x12,x6,80001e30	 x12:0x7fff63e6  x6:0x00000001
        9455000	       944	80001e24	b9b9c713	xori	x14,x19,-1125	 x19:0x00000000 x14=0xfffffb9b
        9465000	       945	80001e28	ada9b213	sltiu	x4,x19,-1318	 x19:0x00000000  x4=0x00000001
        9475000	       946	80001e2c	59717c13	andi	x24,x2,1431	  x2:0xfff4e599 x24=0x00000591
        9485000	       947	80001e30	02d37063	bgeu	x6,x13,80001e50	  x6:0x00000001 x13:0xffffd25a
        9495000	       948	80001e34	bfa96d93	ori	x27,x18,-1030	 x18:0x007fff65 x27=0xffffffff
        9505000	       949	80001e38	04266663	bltu	x12,x2,80001e84	 x12:0x7fff63e6  x2:0xfff4e599
        9515000	       950	00000000	00000013	addi	x0,x0,0	  x0:0x00000000
        9525000	       951	80001e80	00000013	addi	x0,x0,0	  x0:0x00000000
        9535000	       952	80001e84	85e3c813	xori	x16,x7,-1954	  x7:0x00000001 x16=0xfffff85f
        9545000	       953	80001e88	41575513	srai	x10,x14,0x15	 x14:0xfffffb9b x10=0xffffffff
        9555000	       954	80001e8c	3f1c8db7	lui	x27,0x3f1c8	 x27=0x3f1c8000
        9565000	       955	80001e90	405c0e33	sub	x28,x24,x5	 x24:0x00000591  x5:0x80009fc4 x28=0x7fff65cd
        9575000	       956	80001e94	b524ee13	ori	x28,x9,-1198	  x9:0x3fffb244 x28=0xfffffb56
        9585000	       957	80001e98	0019dc93	srli	x25,x19,0x1	 x19:0x00000000 x25=0x00000000
        9595000	       958	80001e9c	cb89c013	xori	x0,x19,-840	 x19:0x00000000
        9605000	       959	80001ea0	fca2e213	ori	x4,x5,-54	  x5:0x80009fc4  x4=0xffffffce
        9615000	       960	80001ea4	0056f263	bgeu	x13,x5,80001ea8	 x13:0xffffd25a  x5:0x80009fc4
        9625000	       961	00000000	00000013	addi	x0,x0,0	  x0:0x00000000
        9635000	       962	80001ea4	00000013	addi	x0,x0,0	  x0:0x00000000
        9645000	       963	80001ea8	00cb46b3	xor	x13,x22,x12	 x22:0xe2857b55 x12:0x7fff63e6 x13=0x9d7a18b3
        9655000	       964	80001eac	01f1d463	bge	x3,x31,80001eb4	  x3:0x00000000 x31:0x80009f4c
        9665000	       965	00000000	00000013	addi	x0,x0,0	  x0:0x00000000
        9675000	       966	80001eb0	00000013	addi	x0,x0,0	  x0:0x00000000
        9685000	       967	80001eb4	014ba233	slt	x4,x23,x20	 x23:0x00000000 x20:0x00000000  x4=0x00000000
        9695000	       968	80001eb8	0010df13	srli	x30,x1,0x1	  x1:0x00011b99 x30=0x00008dcc
        9705000	       969	80001ebc	00000013	addi	x0,x0,0	  x0:0x00000000
        9715000	       970	80001ec0	6b475337	lui	x6,0x6b475	  x6=0x6b475000
        9725000	       971	80001ec4	8e2b5eb7	lui	x29,0x8e2b5	 x29=0x8e2b5000
        9735000	       972	80001ec8	00d965b3	or	x11,x18,x13	 x18:0x007fff65 x13:0x9d7a18b3 x11=0x9d7ffff7
        9745000	       973	80001ecc	05470463	beq	x14,x20,80001f14	 x14:0xfffffb9b x20:0x00000000
        9755000	       974	80001ed0	008c0f33	add	x30,x24,x8	 x24:0x00000591  x8:0x00000001 x30=0x00000592
        9765000	       975	80001ed4	007f0cb3	add	x25,x30,x7	 x30:0x00000592  x7:0x00000001 x25=0x00000593
        9775000	       976	80001ed8	03725a63	bge	x4,x23,80001f0c	  x4:0x00000000 x23:0x00000000
        9785000	       977	00000000	00000013	addi	x0,x0,0	  x0:0x00000000
        9795000	       978	80001f08	00000013	addi	x0,x0,0	  x0:0x00000000
        9805000	       979	80001f0c	e3464913	xori	x18,x12,-460	 x12:0x7fff63e6 x18=0x80009dd2
        9815000	       980	80001f10	012221b3	slt	x3,x4,x18	  x4:0x00000000 x18:0x80009dd2  x3=0x00000000
        9825000	       981	80001f14	004af863	bgeu	x21,x4,80001f24	 x21:0xefc8e136  x4:0x00000000
        9835000	       982	00000000	00000013	addi	x0,x0,0	  x0:0x00000000
        9845000	       983	80001f20	00000013	addi	x0,x0,0	  x0:0x00000000
        9855000	       984	80001f24	41960ab3	sub	x21,x12,x25	 x12:0x7fff63e6 x25:0x00000593 x21=0x7fff5e53
        9865000	       985	80001f28	03c81e63	bne	x16,x28,80001f64	 x16:0xfffff85f x28:0xfffffb56
        9875000	       986	00000000	00000013	addi	x0,x0,0	  x0:0x00000000
        9885000	       987	80001f60	00000013	addi	x0,x0,0	  x0:0x00000000
        9895000	       988	80001f64	054ff063	bgeu	x31,x20,80001fa4	 x31:0x80009f4c x20:0x00000000
        9905000	       989	00000000	00000013	addi	x0,x0,0	  x0:0x00000000
        9915000	       990	80001fa0	00000013	addi	x0,x0,0	  x0:0x00000000
        9925000	       991	80001fa4	1923ad93	slti	x27,x7,402	  x7:0x00000001 x27=0x00000001
        9935000	       992	80001fa8	0f207c13	andi	x24,x0,242	  x0:0x00000000 x24=0x00000000
        9945000	       993	80001fac	01126ab3	or	x21,x4,x17	  x4:0x00000000 x17:0x80009f4c x21=0x80009f4c
        9955000	       994	80001fb0	5c7ac613	xori	x12,x21,1479	 x21:0x80009f4c x12=0x80009a8b
        9965000	       995	80001fb4	0137c533	xor	x10,x15,x19	 x15:0x81108dcc x19:0x00000000 x10=0x81108dcc
        9975000	       996	80001fb8	00df1c13	slli	x24,x30,0xd	 x30:0x00000592 x24=0x00b24000
        9985000	       997	80001fbc	0085a933	slt	x18,x11,x8	 x11:0x9d7ffff7  x8:0x00000001 x18=0x00000001
        9995000	       998	80001fc0	3e4bf493	andi	x9,x23,996	 x23:0x00000000  x9=0x00000000
       10005000	       999	80001fc4	01057333	and	x6,x10,x16	 x10:0x81108dcc x16:0xfffff85f  x6=0x8110884c
       10015000	      1000	80001fc8	0171b3b3	sltu	x7,x3,x23	  x3:0x00000000 x23:0x00000000  x7=0x00000000
       10025000	      1001	80001fcc	71f9b593	sltiu	x11,x19,1823	 x19:0x00000000 x11=0x00000001
       10035000	      1002	80001fd0	31bf0793	addi	x15,x30,795	 x30:0x00000592 x15=0x000008ad
       10045000	      1003	80001fd4	41245593	srai	x11,x8,0x12	  x8:0x00000001 x11=0x00000000
       10055000	      1004	80001fd8	000eabb3	slt	x23,x29,x0	 x29:0x8e2b5000  x0:0x00000000 x23=0x00000001
       10065000	      1005	80001fdc	00c60d33	add	x26,x12,x12	 x12:0x80009a8b x12:0x80009a8b x26=0x00013516
       10075000	      1006	80001fe0	a7266497	auipc	x9,0xa7266	  x9=0x27267fdc
       10085000	      1007	80001fe4	f084f393	andi	x7,x9,-248	  x9:0x27267fdc  x7=0x27267f08
       10095000	      1008	80001fe8	0048a783	lw	x15,4(x17)	 x17:0x80009f4c x15=0x800009d8 PA:0x80009f50
       10105000	      1009	80001fec	01f5a233	slt	x4,x11,x31	 x11:0x00000000 x31:0x80009f4c  x4=0x00000000
       10115000	      1010	80001ff0	03888893	addi	x17,x17,56	 x17:0x80009f4c x17=0x80009f84
       10125000	      1011	80001ff4	01d546b3	xor	x13,x10,x29	 x10:0x81108dcc x29:0x8e2b5000 x13=0x0f3bddcc
       10135000	      1012	80001ff8	00078c93	addi	x25,x15,0	 x15:0x800009d8 x25=0x800009d8
       10145000	      1013	80001ffc	000c8ce7	jalr	x25,x25,0	 x25:0x800009d8 x25=0x80001ffc
       10155000	      1014	00000000	00000013	addi	x0,x0,0	  x0:0x00000000
       10165000	      1015	800009d8	00000013	addi	x0,x0,0	  x0:0x00000000
       10175000	      1016	800009dc	016140b3	xor	x1,x2,x22	  x2:0xfff4e599 x22:0xe2857b55  x1=0x1d719ecc
       10185000	      1017	800009e0	0fef0a63	beq	x30,x30,80000ad4	 x30:0x00000592 x30:0x00000592
       10195000	      1018	00000000	00000013	addi	x0,x0,0	  x0:0x00000000
       10205000	      1019	80000ad0	00000013	addi	x0,x0,0	  x0:0x00000000
       10215000	      1020	80000ad4	05abf263	bgeu	x23,x26,80000b18	 x23:0x00000001 x26:0x00013516
       10225000	      1021	80000ad8	017ce6b3	or	x13,x25,x23	 x25:0x80001ffc x23:0x00000001 x13=0x80001ffd
       10235000	      1022	80000adc	003f1913	slli	x18,x30,0x3	 x30:0x00000592 x18=0x00002c90
       10245000	      1023	80000ae0	008e7663	bgeu	x28,x8,80000aec	 x28:0xfffffb56  x8:0x00000001
       10255000	      1024	00000000	00000013	addi	x0,x0,0	  x0:0x00000000
       10265000	      1025	80000ae8	00000013	addi	x0,x0,0	  x0:0x00000000
       10275000	      1026	80000aec	01d3db13	srli	x22,x7,0x1d	  x7:0x27267f08 x22=0x00000001
       10285000	      1027	80000af0	0016ca63	blt	x13,x1,80000b04	 x13:0x80001ffd  x1:0x1d719ecc
       10295000	      1028	00000000	00000013	addi	x0,x0,0	  x0:0x00000000
       10305000	      1029	80000b00	00000013	addi	x0,x0,0	  x0:0x00000000
       10315000	      1030	80000b04	01f3d033	srl	x0,x7,x31	  x7:0x27267f08 x31:0x80009f4c
       10325000	      1031	80000b08	41fcd213	srai	x4,x25,0x1f	 x25:0x80001ffc  x4=0xffffffff
       10335000	      1032	80000b0c	00000013	addi	x0,x0,0	  x0:0x00000000
       10345000	      1033	80000b10	409d81b3	sub	x3,x27,x9	 x27:0x00000001  x9:0x27267fdc  x3=0xd8d98025
       10355000	      1034	80000b14	01c1e433	or	x8,x3,x28	  x3:0xd8d98025 x28:0xfffffb56  x8=0xfffffb77
       10365000	      1035	80000b18	01c916b3	sll	x13,x18,x28	 x18:0x00002c90 x28:0xfffffb56 x13=0x24000000
       10375000	      1036	80000b1c	00000117	auipc	x2,0x0	  x2=0x80000b18
       10385000	      1037	80000b20	00c10113	addi	x2,x2,12	  x2:0x80000b18  x2=0x80000b24
       10395000	      1038	80000b24	00010067	jalr	x0,x2,0	  x2:0x80000b24
       10405000	      1039	00000000	00000013	addi	x0,x0,0	  x0:0x00000000
       10415000	      1040	80000b24	00000013	addi	x0,x0,0	  x0:0x00000000
       10425000	      1041	80000b28	00100193	addi	x3,x0,1	  x0:0x00000000  x3=0x00000001
       10435000	      1042	80000b2c	00000073	ecall	
       10445000	      1043	80000b30	21a1ca13	xori	x20,x3,538	  x3:0x00000001 x20=0x0000021b
