		Time			Cycle	PC		Insn	Decoded instruction	Register and memory contents
          65000	         5	80000004	00000293	addi	x5,x0,0	  x0:0x00000000  x5=0x00000000
          75000	         6	80000008	00000313	addi	x6,x0,0	  x0:0x00000000  x6=0x00000000
          85000	         7	8000000c	00628263	beq	x5,x6,80000010	  x5:0x00000000  x6:0x00000000
          95000	         8	00000000	00000013	addi	x0,x0,0	  x0:0x00000000
         105000	         9	8000000c	00000013	addi	x0,x0,0	  x0:0x00000000
         115000	        10	80000010	00000e97	auipc	x29,0x0	 x29=0x8000000c
         125000	        11	80000014	00ce8e93	addi	x29,x29,12	 x29:0x8000000c x29=0x80000018
         135000	        12	80000018	000e8067	jalr	x0,x29,0	 x29:0x80000018
         145000	        13	00000000	00000013	addi	x0,x0,0	  x0:0x00000000
         155000	        14	80000018	00000013	addi	x0,x0,0	  x0:0x00000000
         165000	        15	8000001c	400009b7	lui	x19,0x40000	 x19=0x40000000
         175000	        16	80000020	10098993	addi	x19,x19,256	 x19:0x40000000 x19=0x40000100
         185000	        17	80000024	00000013	addi	x0,x0,0	  x0:0x00000000
         195000	        18	80000028	0000ab97	auipc	x23,0xa	 x23=0x8000a024
         205000	        19	8000002c	fa0b8b93	addi	x23,x23,-96	 x23:0x8000a024 x23=0x80009fc4
         215000	        20	80000030	00003997	auipc	x19,0x3	 x19=0x8000302c
         225000	        21	80000034	93498993	addi	x19,x19,-1740	 x19:0x8000302c x19=0x80002960
         235000	        22	80000038	0019e993	ori	x19,x19,1	 x19:0x80002960 x19=0x80002961
         245000	        23	8000003c	00000013	addi	x0,x0,0	  x0:0x00000000
         255000	        24	80000040	00000997	auipc	x19,0x0	 x19=0x8000003c
         265000	        25	80000044	02098993	addi	x19,x19,32	 x19:0x8000003c x19=0x8000005c
         275000	        26	80000048	00000013	addi	x0,x0,0	  x0:0x00000000
         285000	        27	8000004c	00000013	addi	x0,x0,0	  x0:0x00000000
         295000	        28	80000050	000029b7	lui	x19,0x2	 x19=0x00002000
         305000	        29	80000054	80098993	addi	x19,x19,-2048	 x19:0x00002000 x19=0x00001800
         315000	        30	80000058	00000013	addi	x0,x0,0	  x0:0x00000000
         325000	        31	8000005c	00000013	addi	x0,x0,0	  x0:0x00000000
         335000	        32	80000060	38111037	lui	x0,0x38111	
         345000	        33	80000064	1f700013	addi	x0,x0,503	  x0:0x00000000
         355000	        34	80000068	981d20b7	lui	x1,0x981d2	  x1=0x981d2000
         365000	        35	8000006c	e4808093	addi	x1,x1,-440	  x1:0x981d2000  x1=0x981d1e48
         375000	        36	80000070	00900113	addi	x2,x0,9	  x0:0x00000000  x2=0x00000009
         385000	        37	80000074	00300193	addi	x3,x0,3	  x0:0x00000000  x3=0x00000003
         395000	        38	80000078	00d00213	addi	x4,x0,13	  x0:0x00000000  x4=0x0000000d
         405000	        39	8000007c	00d00293	addi	x5,x0,13	  x0:0x00000000  x5=0x0000000d
         415000	        40	80000080	00400313	addi	x6,x0,4	  x0:0x00000000  x6=0x00000004
         425000	        41	80000084	00800393	addi	x7,x0,8	  x0:0x00000000  x7=0x00000008
         435000	        42	80000088	00e00413	addi	x8,x0,14	  x0:0x00000000  x8=0x0000000e
         445000	        43	8000008c	f271d4b7	lui	x9,0xf271d	  x9=0xf271d000
         455000	        44	80000090	40048493	addi	x9,x9,1024	  x9:0xf271d000  x9=0xf271d400
         465000	        45	80000094	00000513	addi	x10,x0,0	  x0:0x00000000 x10=0x00000000
         475000	        46	80000098	f96a75b7	lui	x11,0xf96a7	 x11=0xf96a7000
         485000	        47	8000009c	5fa58593	addi	x11,x11,1530	 x11:0xf96a7000 x11=0xf96a75fa
         495000	        48	800000a0	6f31f637	lui	x12,0x6f31f	 x12=0x6f31f000
         505000	        49	800000a4	53260613	addi	x12,x12,1330	 x12:0x6f31f000 x12=0x6f31f532
         515000	        50	800000a8	00500693	addi	x13,x0,5	  x0:0x00000000 x13=0x00000005
         525000	        51	800000ac	104fb737	lui	x14,0x104fb	 x14=0x104fb000
         535000	        52	800000b0	c3470713	addi	x14,x14,-972	 x14:0x104fb000 x14=0x104fac34
         545000	        53	800000b4	f30d47b7	lui	x15,0xf30d4	 x15=0xf30d4000
         555000	        54	800000b8	24478793	addi	x15,x15,580	 x15:0xf30d4000 x15=0xf30d4244
         565000	        55	800000bc	00c00813	addi	x16,x0,12	  x0:0x00000000 x16=0x0000000c
         575000	        56	800000c0	fe7828b7	lui	x17,0xfe782	 x17=0xfe782000
         585000	        57	800000c4	c3988893	addi	x17,x17,-967	 x17:0xfe782000 x17=0xfe781c39
         595000	        58	800000c8	f9d02937	lui	x18,0xf9d02	 x18=0xf9d02000
         605000	        59	800000cc	19290913	addi	x18,x18,402	 x18:0xf9d02000 x18=0xf9d02192
         615000	        60	800000d0	fc9239b7	lui	x19,0xfc923	 x19=0xfc923000
         625000	        61	800000d4	b8698993	addi	x19,x19,-1146	 x19:0xfc923000 x19=0xfc922b86
         635000	        62	800000d8	00000a13	addi	x20,x0,0	  x0:0x00000000 x20=0x00000000
         645000	        63	800000dc	28513ab7	lui	x21,0x28513	 x21=0x28513000
         655000	        64	800000e0	336a8a93	addi	x21,x21,822	 x21:0x28513000 x21=0x28513336
         665000	        65	800000e4	f332ab37	lui	x22,0xf332a	 x22=0xf332a000
         675000	        66	800000e8	5eeb0b13	addi	x22,x22,1518	 x22:0xf332a000 x22=0xf332a5ee
         685000	        67	800000ec	00000c13	addi	x24,x0,0	  x0:0x00000000 x24=0x00000000
         695000	        68	800000f0	00400c93	addi	x25,x0,4	  x0:0x00000000 x25=0x00000004
         705000	        69	800000f4	00c00d13	addi	x26,x0,12	  x0:0x00000000 x26=0x0000000c
         715000	        70	800000f8	00300d93	addi	x27,x0,3	  x0:0x00000000 x27=0x00000003
         725000	        71	800000fc	00000e93	addi	x29,x0,0	  x0:0x00000000 x29=0x00000000
         735000	        72	80000100	00200f13	addi	x30,x0,2	  x0:0x00000000 x30=0x00000002
         745000	        73	80000104	00000f93	addi	x31,x0,0	  x0:0x00000000 x31=0x00000000
         755000	        74	80000108	0000ae17	auipc	x28,0xa	 x28=0x8000a104
         765000	        75	8000010c	e80e0e13	addi	x28,x28,-384	 x28:0x8000a104 x28=0x80009f84
         775000	        76	80000110	00008117	auipc	x2,0x8	  x2=0x8000810c
         785000	        77	80000114	33b10113	addi	x2,x2,827	  x2:0x8000810c  x2=0x80008447
         795000	        78	80000118	02a124a3	sw	x10,41(x2)	  x2:0x80008447 x10:0x00000000 PA:0x80008470
         805000	        79	8000011c	fd3109a3	sb	x19,-45(x2)	  x2:0x80008447 x19:0xfc922b86 PA:0x8000841a
         815000	        80	80000120	01b11283	lh	x5,27(x2)	  x2:0x80008447  x5=0x00000000 PA:0x80008462
         825000	        81	80000124	03a10023	sb	x26,32(x2)	  x2:0x80008447 x26:0x0000000c PA:0x80008467
         835000	        82	80000128	01d15283	lhu	x5,29(x2)	  x2:0x80008447  x5=0x00000000 PA:0x80008464
         845000	        83	8000012c	01cf6933	or	x18,x30,x28	 x30:0x00000002 x28:0x80009f84 x18=0x80009f86
         855000	        84	80000130	01c41b33	sll	x22,x8,x28	  x8:0x0000000e x28:0x80009f84 x22=0x000000e0
         865000	        85	80000134	01eabd33	sltu	x26,x21,x30	 x21:0x28513336 x30:0x00000002 x26=0x00000000
         875000	        86	80000138	00210083	lb	x1,2(x2)	  x2:0x80008447  x1=0x00000000 PA:0x80008449
         885000	        87	8000013c	fd111aa3	sh	x17,-43(x2)	  x2:0x80008447 x17:0xfe781c39 PA:0x8000841c
         895000	        88	80000140	00d6a633	slt	x12,x13,x13	 x13:0x00000005 x13:0x00000005 x12=0x00000000
         905000	        89	80000144	01b61493	slli	x9,x12,0x1b	 x12:0x00000000  x9=0x00000000
         915000	        90	80000148	03111403	lh	x8,49(x2)	  x2:0x80008447  x8=0x00000000 PA:0x80008478
         925000	        91	8000014c	42f9a413	slti	x8,x19,1071	 x19:0xfc922b86  x8=0x00000001
         935000	        92	80000150	01b11603	lh	x12,27(x2)	  x2:0x80008447 x12=0x00000000 PA:0x80008462
         945000	        93	80000154	ffc10883	lb	x17,-4(x2)	  x2:0x80008447 x17=0x00000000 PA:0x80008443
         955000	        94	80000158	03a10483	lb	x9,58(x2)	  x2:0x80008447  x9=0x00000000 PA:0x80008481
         965000	        95	8000015c	fd810a83	lb	x21,-40(x2)	  x2:0x80008447 x21=0x00000000 PA:0x8000841f
         975000	        96	80000160	01b14483	lbu	x9,27(x2)	  x2:0x80008447  x9=0x00000000 PA:0x80008462
         985000	        97	80000164	60b13693	sltiu	x13,x2,1547	  x2:0x80008447 x13=0x00000000
         995000	        98	80000168	ff211ca3	sh	x18,-7(x2)	  x2:0x80008447 x18:0x80009f86 PA:0x80008440
        1005000	        99	8000016c	1657f193	andi	x3,x15,357	 x15:0xf30d4244  x3=0x00000044
        1015000	       100	80000170	01190b33	add	x22,x18,x17	 x18:0x80009f86 x17:0x00000000 x22=0x80009f86
        1025000	       101	80000174	ff911a83	lh	x21,-7(x2)	  x2:0x80008447 x21=0xffff9f86 PA:0x80008440
        1035000	       102	80000178	00910623	sb	x9,12(x2)	  x2:0x80008447  x9:0x00000000 PA:0x80008453
        1045000	       103	8000017c	01f7ad33	slt	x26,x15,x31	 x15:0xf30d4244 x31:0x00000000 x26=0x00000001
        1055000	       104	80000180	011f9c33	sll	x24,x31,x17	 x31:0x00000000 x17:0x00000000 x24=0x00000000
        1065000	       105	80000184	405bdcb3	sra	x25,x23,x5	 x23:0x80009fc4  x5:0x00000000 x25=0x80009fc4
        1075000	       106	80000188	00000013	addi	x0,x0,0	  x0:0x00000000
        1085000	       107	8000018c	001107a3	sb	x1,15(x2)	  x2:0x80008447  x1:0x00000000 PA:0x80008456
        1095000	       108	80000190	ff311903	lh	x18,-13(x2)	  x2:0x80008447 x18=0x00000000 PA:0x8000843a
        1105000	       109	80000194	02b15603	lhu	x12,43(x2)	  x2:0x80008447 x12=0x00000000 PA:0x80008472
        1115000	       110	80000198	00a12aa3	sw	x10,21(x2)	  x2:0x80008447 x10:0x00000000 PA:0x8000845c
        1125000	       111	8000019c	435aa313	slti	x6,x21,1077	 x21:0xffff9f86  x6=0x00000001
        1135000	       112	800001a0	0089a2b3	slt	x5,x19,x8	 x19:0xfc922b86  x8:0x00000001  x5=0x00000001
        1145000	       113	800001a4	71fa8493	addi	x9,x21,1823	 x21:0xffff9f86  x9=0xffffa6a5
        1155000	       114	800001a8	017c0233	add	x4,x24,x23	 x24:0x00000000 x23:0x80009fc4  x4=0x80009fc4
        1165000	       115	800001ac	fd210a23	sb	x18,-44(x2)	  x2:0x80008447 x18:0x00000000 PA:0x8000841b
        1175000	       116	800001b0	fd214d03	lbu	x26,-46(x2)	  x2:0x80008447 x26=0x00000000 PA:0x80008419
        1185000	       117	800001b4	fd715683	lhu	x13,-41(x2)	  x2:0x80008447 x13=0x00000000 PA:0x8000841e
        1195000	       118	800001b8	028120a3	sw	x8,33(x2)	  x2:0x80008447  x8:0x00000001 PA:0x80008468
        1205000	       119	800001bc	000dc8b3	xor	x17,x27,x0	 x27:0x00000003  x0:0x00000000 x17=0x00000003
        1215000	       120	800001c0	018fafb3	slt	x31,x31,x24	 x31:0x00000000 x24:0x00000000 x31=0x00000000
        1225000	       121	800001c4	01b11283	lh	x5,27(x2)	  x2:0x80008447  x5=0x00000000 PA:0x80008462
        1235000	       122	800001c8	fe4101a3	sb	x4,-29(x2)	  x2:0x80008447  x4:0x80009fc4 PA:0x8000842a
        1245000	       123	800001cc	fe310223	sb	x3,-28(x2)	  x2:0x80008447  x3:0x00000044 PA:0x8000842b
        1255000	       124	800001d0	00210a83	lb	x21,2(x2)	  x2:0x80008447 x21=0x00000000 PA:0x80008449
        1265000	       125	800001d4	00000013	addi	x0,x0,0	  x0:0x00000000
        1275000	       126	800001d8	01005c13	srli	x24,x0,0x10	  x0:0x00000000 x24=0x00000000
        1285000	       127	800001dc	3b274013	xori	x0,x14,946	 x14:0x104fac34
        1295000	       128	800001e0	ff512983	lw	x19,-11(x2)	  x2:0x80008447 x19=0x00000000 PA:0x8000843c
        1305000	       129	800001e4	00008c17	auipc	x24,0x8	 x24=0x800081e0
        1315000	       130	800001e8	7cfc0c13	addi	x24,x24,1999	 x24:0x800081e0 x24=0x800089af
        1325000	       131	800001ec	00009117	auipc	x2,0x9	  x2=0x800091e8
        1335000	       132	800001f0	b7810113	addi	x2,x2,-1160	  x2:0x800091e8  x2=0x80008d60
        1345000	       133	800001f4	469c1a83	lh	x21,1129(x24)	 x24:0x800089af x21=0x00000000 PA:0x80008e18
        1355000	       134	800001f8	00009b17	auipc	x22,0x9	 x22=0x800091f4
        1365000	       135	800001fc	81fb0b13	addi	x22,x22,-2017	 x22:0x800091f4 x22=0x80008a13
        1375000	       136	80000200	51fc4203	lbu	x4,1311(x24)	 x24:0x800089af  x4=0x00000000 PA:0x80008ece
        1385000	       137	80000204	0a9b2283	lw	x5,169(x22)	 x22:0x80008a13  x5=0x00000000 PA:0x80008abc
        1395000	       138	80000208	00009997	auipc	x19,0x9	 x19=0x80009204
        1405000	       139	8000020c	8e098993	addi	x19,x19,-1824	 x19:0x80009204 x19=0x80008ae4
        1415000	       140	80000210	00015c83	lhu	x25,0(x2)	  x2:0x80008d60 x25=0x00000000 PA:0x80008d60
        1425000	       141	80000214	01314703	lbu	x14,19(x2)	  x2:0x80008d60 x14=0x00000000 PA:0x80008d73
        1435000	       142	80000218	fd714f83	lbu	x31,-41(x2)	  x2:0x80008d60 x31=0x00000000 PA:0x80008d37
        1445000	       143	8000021c	ecec0003	lb	x0,-306(x24)	 x24:0x800089af PA:0x8000887d
        1455000	       144	80000220	075b4f83	lbu	x31,117(x22)	 x22:0x80008a13 x31=0x00000000 PA:0x80008a88
        1465000	       145	80000224	ffb14a83	lbu	x21,-5(x2)	  x2:0x80008d60 x21=0x00000000 PA:0x80008d5b
        1475000	       146	80000228	ff29c783	lbu	x15,-14(x19)	 x19:0x80008ae4 x15=0x00000000 PA:0x80008ad6
        1485000	       147	8000022c	fde15703	lhu	x14,-34(x2)	  x2:0x80008d60 x14=0x00000000 PA:0x80008d3e
        1495000	       148	00000000	00000013	addi	x0,x0,0	  x0:0x00000000
        1505000	       149	80000230	44ec0583	lb	x11,1102(x24)	 x24:0x800089af x11=0x00000000 PA:0x80008dfd
        1515000	       150	80000234	1f2c4383	lbu	x7,498(x24)	 x24:0x800089af  x7=0x00000000 PA:0x80008ba1
        1525000	       151	80000238	303c0523	sb	x3,778(x24)	 x24:0x800089af  x3:0x00000044 PA:0x80008cb9
        1535000	       152	8000023c	fe6b0203	lb	x4,-26(x22)	 x22:0x80008a13  x4=0x00000000 PA:0x800089f9
        1545000	       153	80000240	00898523	sb	x8,10(x19)	 x19:0x80008ae4  x8:0x00000001 PA:0x80008aee
        1555000	       154	80000244	fe410ca3	sb	x4,-7(x2)	  x2:0x80008d60  x4:0x00000000 PA:0x80008d59
        1565000	       155	80000248	fa2b4a83	lbu	x21,-94(x22)	 x22:0x80008a13 x21=0x00000000 PA:0x800089b5
        1575000	       156	00000000	00000013	addi	x0,x0,0	  x0:0x00000000
        1585000	       157	8000024c	295c0c23	sb	x21,664(x24)	 x24:0x800089af x21:0x00000000 PA:0x80008c47
        1595000	       158	80000250	02110183	lb	x3,33(x2)	  x2:0x80008d60  x3=0x00000000 PA:0x80008d81
        1605000	       159	80000254	00f98a83	lb	x21,15(x19)	 x19:0x80008ae4 x21=0x00000000 PA:0x80008af3
        1615000	       160	80000258	fbec0c83	lb	x25,-66(x24)	 x24:0x800089af x25=0x00000000 PA:0x8000896d
        1625000	       161	8000025c	febb0403	lb	x8,-21(x22)	 x22:0x80008a13  x8=0x00000000 PA:0x800089fe
        1635000	       162	80000260	ffe100a3	sb	x30,-31(x2)	  x2:0x80008d60 x30:0x00000002 PA:0x80008d41
        1645000	       163	80000264	09bb1d03	lh	x26,155(x22)	 x22:0x80008a13 x26=0x00000000 PA:0x80008aae
        1655000	       164	80000268	0019c903	lbu	x18,1(x19)	 x19:0x80008ae4 x18=0x00000000 PA:0x80008ae5
        1665000	       165	8000026c	ffc9d483	lhu	x9,-4(x19)	 x19:0x80008ae4  x9=0x00000000 PA:0x80008ae0
        1675000	       166	80000270	43ec0a83	lb	x21,1086(x24)	 x24:0x800089af x21=0x00000000 PA:0x80008ded
        1685000	       167	80000274	faeb26a3	sw	x14,-83(x22)	 x22:0x80008a13 x14:0x00000000 PA:0x800089c0
        1695000	       168	80000278	f3fb0383	lb	x7,-193(x22)	 x22:0x80008a13  x7=0x00000000 PA:0x80008952
        1705000	       169	8000027c	00010da3	sb	x0,27(x2)	  x2:0x80008d60  x0:0x00000000 PA:0x80008d7b
        1715000	       170	80000280	21dc4183	lbu	x3,541(x24)	 x24:0x800089af  x3=0x00000000 PA:0x80008bcc
        1725000	       171	80000284	014983a3	sb	x20,7(x19)	 x19:0x80008ae4 x20:0x00000000 PA:0x80008aeb
        1735000	       172	80000288	f9eb0b23	sb	x30,-106(x22)	 x22:0x80008a13 x30:0x00000002 PA:0x800089a9
        1745000	       173	8000028c	00008317	auipc	x6,0x8	  x6=0x80008288
        1755000	       174	80000290	57530313	addi	x6,x6,1397	  x6:0x80008288  x6=0x800087fd
        1765000	       175	80000294	00008897	auipc	x17,0x8	 x17=0x80008290
        1775000	       176	80000298	40f88893	addi	x17,x17,1039	 x17:0x80008290 x17=0x8000869f
        1785000	       177	8000029c	00008717	auipc	x14,0x8	 x14=0x80008298
        1795000	       178	800002a0	06370713	addi	x14,x14,99	 x14:0x80008298 x14=0x800082fb
        1805000	       179	800002a4	00c34583	lbu	x11,12(x6)	  x6:0x800087fd x11=0x00000000 PA:0x80008809
        1815000	       180	800002a8	f35716a3	sh	x21,-211(x14)	 x14:0x800082fb x21:0x00000000 PA:0x80008228
        1825000	       181	800002ac	00c88203	lb	x4,12(x17)	 x17:0x8000869f  x4=0x00000000 PA:0x800086ab
        1835000	       182	800002b0	00135d83	lhu	x27,1(x6)	  x6:0x800087fd x27=0x00000000 PA:0x800087fe
        1845000	       183	800002b4	ffa30f23	sb	x26,-2(x6)	  x6:0x800087fd x26:0x00000000 PA:0x800087fb
        1855000	       184	800002b8	ff074503	lbu	x10,-16(x14)	 x14:0x800082fb x10=0x00000000 PA:0x800082eb
        1865000	       185	800002bc	ffb8d903	lhu	x18,-5(x17)	 x17:0x8000869f x18=0x00000000 PA:0x8000869a
        1875000	       186	800002c0	ff98ab03	lw	x22,-7(x17)	 x17:0x8000869f x22=0x00000000 PA:0x80008698
        1885000	       187	800002c4	fae70203	lb	x4,-82(x14)	 x14:0x800082fb  x4=0x00000000 PA:0x800082a9
        1895000	       188	800002c8	0ef728a3	sw	x15,241(x14)	 x14:0x800082fb x15:0x00000000 PA:0x800083ec
        1905000	       189	800002cc	00332383	lw	x7,3(x6)	  x6:0x800087fd  x7=0x00000000 PA:0x80008800
        1915000	       190	800002d0	ff988403	lb	x8,-7(x17)	 x17:0x8000869f  x8=0x00000000 PA:0x80008698
        1925000	       191	800002d4	00730d03	lb	x26,7(x6)	  x6:0x800087fd x26=0x00000000 PA:0x80008804
        1935000	       192	800002d8	00a34003	lbu	x0,10(x6)	  x6:0x800087fd PA:0x80008807
        1945000	       193	800002dc	f0474603	lbu	x12,-252(x14)	 x14:0x800082fb x12=0x00000000 PA:0x800081ff
        1955000	       194	800002e0	ff488823	sb	x20,-16(x17)	 x17:0x8000869f x20:0x00000000 PA:0x8000868f
        1965000	       195	800002e4	ff434783	lbu	x15,-12(x6)	  x6:0x800087fd x15=0x00000000 PA:0x800087f1
        1975000	       196	800002e8	ff532da3	sw	x21,-5(x6)	  x6:0x800087fd x21:0x00000000 PA:0x800087f8
        1985000	       197	800002ec	05470e23	sb	x20,92(x14)	 x14:0x800082fb x20:0x00000000 PA:0x80008357
        1995000	       198	800002f0	0078cc83	lbu	x25,7(x17)	 x17:0x8000869f x25=0x00000000 PA:0x800086a6
        2005000	       199	800002f4	ff731f83	lh	x31,-9(x6)	  x6:0x800087fd x31=0x00000000 PA:0x800087f4
        2015000	       200	800002f8	0a771c83	lh	x25,167(x14)	 x14:0x800082fb x25=0x00000000 PA:0x800083a2
        2025000	       201	800002fc	00009297	auipc	x5,0x9	  x5=0x800092f8
        2035000	       202	80000300	99628293	addi	x5,x5,-1642	  x5:0x800092f8  x5=0x80008c8e
        2045000	       203	80000304	006a5f93	srli	x31,x20,0x6	 x20:0x00000000 x31=0x00000000
        2055000	       204	80000308	42072313	slti	x6,x14,1056	 x14:0x800082fb  x6=0x00000001
        2065000	       205	8000030c	fdeab517	auipc	x10,0xfdeab	 x10=0x7deab308
        2075000	       206	80000310	40e35f33	sra	x30,x6,x14	  x6:0x00000001 x14:0x800082fb x30=0x00000000
        2085000	       207	80000314	fbe28ba3	sb	x30,-73(x5)	  x5:0x80008c8e x30:0x00000000 PA:0x80008c45
        2095000	       208	80000318	00241c13	slli	x24,x8,0x2	  x8:0x00000000 x24=0x00000000
        2105000	       209	8000031c	7dc67213	andi	x4,x12,2012	 x12:0x00000000  x4=0x00000000
        2115000	       210	80000320	02456d13	ori	x26,x10,36	 x10:0x7deab308 x26=0x7deab32c
        2125000	       211	80000324	000c4533	xor	x10,x24,x0	 x24:0x00000000  x0:0x00000000 x10=0x00000000
        2135000	       212	80000328	010795b3	sll	x11,x15,x16	 x15:0x00000000 x16:0x0000000c x11=0x00000000
        2145000	       213	8000032c	019880b3	add	x1,x17,x25	 x17:0x8000869f x25:0x00000000  x1=0x8000869f
        2155000	       214	80000330	f1f28603	lb	x12,-225(x5)	  x5:0x80008c8e x12=0x00000000 PA:0x80008bad
        2165000	       215	80000334	0c627d13	andi	x26,x4,198	  x4:0x00000000 x26=0x00000000
        2175000	       216	80000338	fd9cb913	sltiu	x18,x25,-39	 x25:0x00000000 x18=0x00000001
        2185000	       217	8000033c	f0028303	lb	x6,-256(x5)	  x5:0x80008c8e  x6=0x00000000 PA:0x80008b8e
        2195000	       218	80000340	84edeb13	ori	x22,x27,-1970	 x27:0x00000000 x22=0xfffff84e
        2205000	       219	80000344	018f5c13	srli	x24,x30,0x18	 x30:0x00000000 x24=0x00000000
        2215000	       220	80000348	015e9813	slli	x16,x29,0x15	 x29:0x00000000 x16=0x00000000
        2225000	       221	8000034c	0bf2c303	lbu	x6,191(x5)	  x5:0x80008c8e  x6=0x00000000 PA:0x80008d4d
        2235000	       222	80000350	06e2a703	lw	x14,110(x5)	  x5:0x80008c8e x14=0x00000000 PA:0x80008cfc
        2245000	       223	80000354	08f289a3	sb	x15,147(x5)	  x5:0x80008c8e x15:0x00000000 PA:0x80008d21
        2255000	       224	80000358	01973733	sltu	x14,x14,x25	 x14:0x00000000 x25:0x00000000 x14=0x00000000
        2265000	       225	8000035c	fc02ca83	lbu	x21,-64(x5)	  x5:0x80008c8e x21=0x00000000 PA:0x80008c4e
        2275000	       226	80000360	d785c693	xori	x13,x11,-648	 x11:0x00000000 x13=0xfffffd78
        2285000	       227	80000364	c46c4d97	auipc	x27,0xc46c4	 x27=0x446c4360
        2295000	       228	80000368	01f9f4b3	and	x9,x19,x31	 x19:0x80008ae4 x31:0x00000000  x9=0x00000000
        2305000	       229	8000036c	0e429383	lh	x7,228(x5)	  x5:0x80008c8e  x7=0x00000000 PA:0x80008d72
        2315000	       230	80000370	00b2c7b3	xor	x15,x5,x11	  x5:0x80008c8e x11:0x00000000 x15=0x80008c8e
        2325000	       231	80000374	f6629923	sh	x6,-142(x5)	  x5:0x80008c8e  x6:0x00000000 PA:0x80008c00
        2335000	       232	80000378	fdf29a23	sh	x31,-44(x5)	  x5:0x80008c8e x31:0x00000000 PA:0x80008c62
        2345000	       233	8000037c	09d2cb03	lbu	x22,157(x5)	  x5:0x80008c8e x22=0x00000000 PA:0x80008d2b
        2355000	       234	00000000	00000013	addi	x0,x0,0	  x0:0x00000000
        2365000	       235	80000380	0169dfb3	srl	x31,x19,x22	 x19:0x80008ae4 x22:0x00000000 x31=0x80008ae4
        2375000	       236	80000384	00c29f83	lh	x31,12(x5)	  x5:0x80008c8e x31=0x00000000 PA:0x80008c9a
        2385000	       237	80000388	00008317	auipc	x6,0x8	  x6=0x80008384
        2395000	       238	8000038c	ea530313	addi	x6,x6,-347	  x6:0x80008384  x6=0x80008229
        2405000	       239	80000390	02830123	sb	x8,34(x6)	  x6:0x80008229  x8:0x00000000 PA:0x8000824b
        2415000	       240	80000394	00d301a3	sb	x13,3(x6)	  x6:0x80008229 x13:0xfffffd78 PA:0x8000822c
        2425000	       241	80000398	019311a3	sh	x25,3(x6)	  x6:0x80008229 x25:0x00000000 PA:0x8000822c
        2435000	       242	8000039c	fdf31203	lh	x4,-33(x6)	  x6:0x80008229  x4=0x00000000 PA:0x80008208
        2445000	       243	800003a0	02630983	lb	x19,38(x6)	  x6:0x80008229 x19=0x00000000 PA:0x8000824f
        2455000	       244	800003a4	01a30223	sb	x26,4(x6)	  x6:0x80008229 x26:0x00000000 PA:0x8000822d
        2465000	       245	800003a8	41c486b3	sub	x13,x9,x28	  x9:0x00000000 x28:0x80009f84 x13=0x7fff607c
        2475000	       246	800003ac	00430003	lb	x0,4(x6)	  x6:0x80008229 PA:0x8000822d
        2485000	       247	800003b0	03530c83	lb	x25,53(x6)	  x6:0x80008229 x25=0x00000000 PA:0x8000825e
        2495000	       248	800003b4	03535a83	lhu	x21,53(x6)	  x6:0x80008229 x21=0x00000000 PA:0x8000825e
        2505000	       249	800003b8	4c782393	slti	x7,x16,1223	 x16:0x00000000  x7=0x00000001
        2515000	       250	800003bc	03130723	sb	x17,46(x6)	  x6:0x80008229 x17:0x8000869f PA:0x80008257
        2525000	       251	800003c0	d6e63f93	sltiu	x31,x12,-658	 x12:0x00000000 x31=0x00000001
        2535000	       252	800003c4	fe430923	sb	x4,-14(x6)	  x6:0x80008229  x4:0x00000000 PA:0x8000821b
        2545000	       253	800003c8	02334d03	lbu	x26,35(x6)	  x6:0x80008229 x26=0x00000000 PA:0x8000824c
        2555000	       254	800003cc	00930123	sb	x9,2(x6)	  x6:0x80008229  x9:0x00000000 PA:0x8000822b
        2565000	       255	800003d0	00230903	lb	x18,2(x6)	  x6:0x80008229 x18=0x00000000 PA:0x8000822b
        2575000	       256	800003d4	01130623	sb	x17,12(x6)	  x6:0x80008229 x17:0x8000869f PA:0x80008235
        2585000	       257	800003d8	003327a3	sw	x3,15(x6)	  x6:0x80008229  x3:0x00000000 PA:0x80008238
        2595000	       258	800003dc	00009517	auipc	x10,0x9	 x10=0x800093d8
        2605000	       259	800003e0	b2d50513	addi	x10,x10,-1235	 x10:0x800093d8 x10=0x80008f05
        2615000	       260	800003e4	00009a97	auipc	x21,0x9	 x21=0x800093e0
        2625000	       261	800003e8	a4aa8a93	addi	x21,x21,-1462	 x21:0x800093e0 x21=0x80008e2a
        2635000	       262	800003ec	00009d97	auipc	x27,0x9	 x27=0x800093e8
        2645000	       263	800003f0	9cdd8d93	addi	x27,x27,-1587	 x27:0x800093e8 x27=0x80008db5
        2655000	       264	800003f4	ffe50d23	sb	x30,-6(x10)	 x10:0x80008f05 x30:0x00000000 PA:0x80008eff
        2665000	       265	800003f8	00009a17	auipc	x20,0x9	 x20=0x800093f4
        2675000	       266	800003fc	8dca0a13	addi	x20,x20,-1828	 x20:0x800093f4 x20=0x80008cd0
        2685000	       267	80000400	0d3a9223	sh	x19,196(x21)	 x21:0x80008e2a x19:0x00000000 PA:0x80008eee
        2695000	       268	80000404	f65d8d23	sb	x5,-134(x27)	 x27:0x80008db5  x5:0x80008c8e PA:0x80008d2f
        2705000	       269	80000408	058a5983	lhu	x19,88(x20)	 x20:0x80008cd0 x19=0x00000000 PA:0x80008d28
        2715000	       270	8000040c	00854083	lbu	x1,8(x10)	 x10:0x80008f05  x1=0x00000000 PA:0x80008f0d
        2725000	       271	80000410	09cd8c23	sb	x28,152(x27)	 x27:0x80008db5 x28:0x80009f84 PA:0x80008e4d
        2735000	       272	80000414	0efa0103	lb	x2,239(x20)	 x20:0x80008cd0  x2=0x00000000 PA:0x80008dbf
        2745000	       273	80000418	ffb50183	lb	x3,-5(x10)	 x10:0x80008f05  x3=0x00000000 PA:0x80008f00
        2755000	       274	8000041c	00250103	lb	x2,2(x10)	 x10:0x80008f05  x2=0x00000000 PA:0x80008f07
        2765000	       275	80000420	0f5d96a3	sh	x21,237(x27)	 x27:0x80008db5 x21:0x80008e2a PA:0x80008ea2
        2775000	       276	80000424	f0aa85a3	sb	x10,-245(x21)	 x21:0x80008e2a x10:0x80008f05 PA:0x80008d35
        2785000	       277	80000428	0c1ac483	lbu	x9,193(x21)	 x21:0x80008e2a  x9=0x00000000 PA:0x80008eeb
        2795000	       278	8000042c	015a8203	lb	x4,21(x21)	 x21:0x80008e2a  x4=0x00000000 PA:0x80008e3f
        2805000	       279	80000430	014506a3	sb	x20,13(x10)	 x10:0x80008f05 x20:0x80008cd0 PA:0x80008f12
        2815000	       280	80000434	f21d8983	lb	x19,-223(x27)	 x27:0x80008db5 x19=0x00000000 PA:0x80008cd6
        2825000	       281	80000438	ff752003	lw	x0,-9(x10)	 x10:0x80008f05 PA:0x80008efc
        2835000	       282	8000043c	030a2783	lw	x15,48(x20)	 x20:0x80008cd0 x15=0x00000000 PA:0x80008d00
        2845000	       283	80000440	0d2d8223	sb	x18,196(x27)	 x27:0x80008db5 x18:0x00000000 PA:0x80008e79
        2855000	       284	80000444	017502a3	sb	x23,5(x10)	 x10:0x80008f05 x23:0x80009fc4 PA:0x80008f0a
        2865000	       285	80000448	06ea9b23	sh	x14,118(x21)	 x21:0x80008e2a x14:0x00000000 PA:0x80008ea0
        2875000	       286	8000044c	064a5003	lhu	x0,100(x20)	 x20:0x80008cd0 PA:0x80008d34
        2885000	       287	80000450	06fa0483	lb	x9,111(x20)	 x20:0x80008cd0  x9=0x00000000 PA:0x80008d3f
        2895000	       288	80000454	0efac083	lbu	x1,239(x21)	 x21:0x80008e2a  x1=0x00000000 PA:0x80008f19
        2905000	       289	80000458	fe8d8803	lb	x16,-24(x27)	 x27:0x80008db5 x16=0x00000000 PA:0x80008d9d
        2915000	       290	8000045c	fe8a8823	sb	x8,-16(x21)	 x21:0x80008e2a  x8:0x00000000 PA:0x80008e1a
        2925000	       291	80000460	002515a3	sh	x2,11(x10)	 x10:0x80008f05  x2:0x00000000 PA:0x80008f10
        2935000	       292	80000464	01fddc83	lhu	x25,31(x27)	 x27:0x80008db5 x25=0x00000000 PA:0x80008dd4
        2945000	       293	80000468	f07d8a23	sb	x7,-236(x27)	 x27:0x80008db5  x7:0x00000001 PA:0x80008cc9
        2955000	       294	8000046c	f22d8a23	sb	x2,-204(x27)	 x27:0x80008db5  x2:0x00000000 PA:0x80008ce9
        2965000	       295	80000470	00008f97	auipc	x31,0x8	 x31=0x8000846c
        2975000	       296	80000474	06ff8f93	addi	x31,x31,111	 x31:0x8000846c x31=0x800084db
        2985000	       297	80000478	00008497	auipc	x9,0x8	  x9=0x80008474
        2995000	       298	8000047c	33148493	addi	x9,x9,817	  x9:0x80008474  x9=0x800087a5
        3005000	       299	80000480	ff1f9183	lh	x3,-15(x31)	 x31:0x800084db  x3=0x00000000 PA:0x800084cc
        3015000	       300	80000484	ff84c403	lbu	x8,-8(x9)	  x9:0x800087a5  x8=0x00000000 PA:0x8000879d
        3025000	       301	80000488	00008897	auipc	x17,0x8	 x17=0x80008484
        3035000	       302	8000048c	d6288893	addi	x17,x17,-670	 x17:0x80008484 x17=0x800081e6
        3045000	       303	80000490	fc58c703	lbu	x14,-59(x17)	 x17:0x800081e6 x14=0x00000000 PA:0x800081ab
        3055000	       304	80000494	fff48803	lb	x16,-1(x9)	  x9:0x800087a5 x16=0x00000000 PA:0x800087a4
        3065000	       305	80000498	ff748ba3	sb	x23,-9(x9)	  x9:0x800087a5 x23:0x80009fc4 PA:0x8000879c
        3075000	       306	8000049c	010fcd83	lbu	x27,16(x31)	 x31:0x800084db x27=0x00000000 PA:0x800084eb
        3085000	       307	800004a0	ffd4d583	lhu	x11,-3(x9)	  x9:0x800087a5 x11=0x00000000 PA:0x800087a2
        3095000	       308	800004a4	53688aa3	sb	x22,1333(x17)	 x17:0x800081e6 x22:0x00000000 PA:0x8000871b
        3105000	       309	800004a8	ff6f8a03	lb	x20,-10(x31)	 x31:0x800084db x20=0x00000000 PA:0x800084d1
        3115000	       310	800004ac	ff649ea3	sh	x22,-3(x9)	  x9:0x800087a5 x22:0x00000000 PA:0x800087a2
        3125000	       311	800004b0	4b18c083	lbu	x1,1201(x17)	 x17:0x800081e6  x1=0x00000000 PA:0x80008697
        3135000	       312	800004b4	ff8f8383	lb	x7,-8(x31)	 x31:0x800084db  x7=0x00000000 PA:0x800084d3
        3145000	       313	800004b8	ff64c903	lbu	x18,-10(x9)	  x9:0x800087a5 x18=0x00000000 PA:0x8000879b
        3155000	       314	800004bc	000493a3	sh	x0,7(x9)	  x9:0x800087a5  x0:0x00000000 PA:0x800087ac
        3165000	       315	800004c0	ffdfa003	lw	x0,-3(x31)	 x31:0x800084db PA:0x800084d8
        3175000	       316	800004c4	00c4c083	lbu	x1,12(x9)	  x9:0x800087a5  x1=0x00000000 PA:0x800087b1
        3185000	       317	800004c8	005fd283	lhu	x5,5(x31)	 x31:0x800084db  x5=0x00000000 PA:0x800084e0
        3195000	       318	800004cc	ffb4d703	lhu	x14,-5(x9)	  x9:0x800087a5 x14=0x00000000 PA:0x800087a0
        3205000	       319	800004d0	303887a3	sb	x3,783(x17)	 x17:0x800081e6  x3:0x00000000 PA:0x800084f5
        3215000	       320	800004d4	ffafc303	lbu	x6,-6(x31)	 x31:0x800084db  x6=0x00000000 PA:0x800084d5
        3225000	       321	800004d8	17889183	lh	x3,376(x17)	 x17:0x800081e6  x3=0x00000000 PA:0x8000835e
        3235000	       322	800004dc	00008197	auipc	x3,0x8	  x3=0x800084d8
        3245000	       323	800004e0	bba18193	addi	x3,x3,-1094	  x3:0x800084d8  x3=0x80008092
        3255000	       324	800004e4	00008a97	auipc	x21,0x8	 x21=0x800084e0
        3265000	       325	800004e8	0d1a8a93	addi	x21,x21,209	 x21:0x800084e0 x21=0x800085b1
        3275000	       326	800004ec	ff1ac783	lbu	x15,-15(x21)	 x21:0x800085b1 x15=0x00000000 PA:0x800085a2
        3285000	       327	800004f0	00008817	auipc	x16,0x8	 x16=0x800084ec
        3295000	       328	800004f4	0cd80813	addi	x16,x16,205	 x16:0x800084ec x16=0x800085b9
        3305000	       329	800004f8	00008417	auipc	x8,0x8	  x8=0x800084f4
        3315000	       330	800004fc	c1d40413	addi	x8,x8,-995	  x8:0x800084f4  x8=0x80008111
        3325000	       331	80000500	00dac783	lbu	x15,13(x21)	 x21:0x800085b1 x15=0x00000000 PA:0x800085be
        3335000	       332	80000504	029189a3	sb	x9,51(x3)	  x3:0x80008092  x9:0x800087a5 PA:0x800080c5
        3345000	       333	80000508	ff2a8583	lb	x11,-14(x21)	 x21:0x800085b1 x11=0x00000000 PA:0x800085a3
        3355000	       334	8000050c	00008b17	auipc	x22,0x8	 x22=0x80008508
        3365000	       335	80000510	fd9b0b13	addi	x22,x22,-39	 x22:0x80008508 x22=0x800084e1
        3375000	       336	80000514	dc7b0383	lb	x7,-569(x22)	 x22:0x800084e1  x7=0x00000000 PA:0x800082a8
        3385000	       337	80000518	04f44303	lbu	x6,79(x8)	  x8:0x80008111  x6=0x00000000 PA:0x80008160
        3395000	       338	8000051c	00fad003	lhu	x0,15(x21)	 x21:0x800085b1 PA:0x800085c0
        3405000	       339	80000520	03280083	lb	x1,50(x16)	 x16:0x800085b9  x1=0x00000000 PA:0x800085eb
        3415000	       340	80000524	f67b2883	lw	x17,-153(x22)	 x22:0x800084e1 x17=0x00000000 PA:0x80008448
        3425000	       341	80000528	039416a3	sh	x25,45(x8)	  x8:0x80008111 x25:0x00000000 PA:0x8000813e
        3435000	       342	8000052c	03418203	lb	x4,52(x3)	  x3:0x80008092  x4=0x00000000 PA:0x800080c6
        3445000	       343	80000530	fca81aa3	sh	x10,-43(x16)	 x16:0x800085b9 x10:0x80008f05 PA:0x8000858e
        3455000	       344	80000534	010a8223	sb	x16,4(x21)	 x21:0x800085b1 x16:0x800085b9 PA:0x800085b5
        3465000	       345	80000538	01918223	sb	x25,4(x3)	  x3:0x80008092 x25:0x00000000 PA:0x80008096
        3475000	       346	8000053c	0f7b4703	lbu	x14,247(x22)	 x22:0x800084e1 x14=0x00000000 PA:0x800085d8
        3485000	       347	80000540	01918583	lb	x11,25(x3)	  x3:0x80008092 x11=0x00000000 PA:0x800080ab
        3495000	       348	80000544	017a8723	sb	x23,14(x21)	 x21:0x800085b1 x23:0x80009fc4 PA:0x800085bf
        3505000	       349	80000548	fd981583	lh	x11,-39(x16)	 x16:0x800085b9 x11=0x00000000 PA:0x80008592
        3515000	       350	8000054c	d95b1303	lh	x6,-619(x22)	 x22:0x800084e1  x6=0x00000000 PA:0x80008276
        3525000	       351	80000550	07341783	lh	x15,115(x8)	  x8:0x80008111 x15=0x00000000 PA:0x80008184
        3535000	       352	80000554	ff580203	lb	x4,-11(x16)	 x16:0x800085b9  x4=0x00000000 PA:0x800085ae
        3545000	       353	80000558	fd71c203	lbu	x4,-41(x3)	  x3:0x80008092  x4=0x00000000 PA:0x80008069
        3555000	       354	8000055c	00a44083	lbu	x1,10(x8)	  x8:0x80008111  x1=0x00000000 PA:0x8000811b
        3565000	       355	00000000	00000013	addi	x0,x0,0	  x0:0x00000000
        3575000	       356	80000560	fa145203	lhu	x4,-95(x8)	  x8:0x80008111  x4=0x00000000 PA:0x800080b2
        3585000	       357	80000564	01fa84a3	sb	x31,9(x21)	 x21:0x800085b1 x31:0x800084db PA:0x800085ba
        3595000	       358	80000568	06440303	lb	x6,100(x8)	  x8:0x80008111  x6=0x00000000 PA:0x80008175
        3605000	       359	8000056c	ff7aaa03	lw	x20,-9(x21)	 x21:0x800085b1 x20=0x00000000 PA:0x800085a8
        3615000	       360	00000000	00000013	addi	x0,x0,0	  x0:0x00000000
        3625000	       361	80000570	2b4b16a3	sh	x20,685(x22)	 x22:0x800084e1 x20:0x00000000 PA:0x8000878e
        3635000	       362	80000574	ff0ac683	lbu	x13,-16(x21)	 x21:0x800085b1 x13=0x00000000 PA:0x800085a1
        3645000	       363	80000578	fea408a3	sb	x10,-15(x8)	  x8:0x80008111 x10:0x80008f05 PA:0x80008102
        3655000	       364	8000057c	000a80a3	sb	x0,1(x21)	 x21:0x800085b1  x0:0x00000000 PA:0x800085b2
        3665000	       365	80000580	00480823	sb	x4,16(x16)	 x16:0x800085b9  x4:0x00000000 PA:0x800085c9
        3675000	       366	80000584	f4f40223	sb	x15,-188(x8)	  x8:0x80008111 x15:0x00000000 PA:0x80008055
        3685000	       367	80000588	00009117	auipc	x2,0x9	  x2=0x80009584
        3695000	       368	8000058c	82410113	addi	x2,x2,-2012	  x2:0x80009584  x2=0x80008da8
        3705000	       369	80000590	31324a37	lui	x20,0x31324	 x20=0x31324000
        3715000	       370	80000594	fdd10223	sb	x29,-60(x2)	  x2:0x80008da8 x29:0x00000000 PA:0x80008d6c
        3725000	       371	80000598	00610ca3	sb	x6,25(x2)	  x2:0x80008da8  x6:0x00000000 PA:0x80008dc1
        3735000	       372	8000059c	414f82b3	sub	x5,x31,x20	 x31:0x800084db x20:0x31324000  x5=0x4ece44db
        3745000	       373	800005a0	02010c03	lb	x24,32(x2)	  x2:0x80008da8 x24=0x00000000 PA:0x80008dc8
        3755000	       374	800005a4	02210c23	sb	x2,56(x2)	  x2:0x80008da8  x2:0x80008da8 PA:0x80008de0
        3765000	       375	800005a8	03410883	lb	x17,52(x2)	  x2:0x80008da8 x17=0x00000000 PA:0x80008ddc
        3775000	       376	800005ac	00415003	lhu	x0,4(x2)	  x2:0x80008da8 PA:0x80008dac
        3785000	       377	800005b0	00efc733	xor	x14,x31,x14	 x31:0x800084db x14:0x00000000 x14=0x800084db
        3795000	       378	800005b4	000b5593	srli	x11,x22,0x0	 x22:0x800084e1 x11=0x800084e1
        3805000	       379	800005b8	fc910203	lb	x4,-55(x2)	  x2:0x80008da8  x4=0x00000000 PA:0x80008d71
        3815000	       380	800005bc	fde108a3	sb	x30,-47(x2)	  x2:0x80008da8 x30:0x00000000 PA:0x80008d79
        3825000	       381	800005c0	01f10483	lb	x9,31(x2)	  x2:0x80008da8  x9=0x00000000 PA:0x80008dc7
        3835000	       382	800005c4	fd812203	lw	x4,-40(x2)	  x2:0x80008da8  x4=0x00000000 PA:0x80008d80
        3845000	       383	800005c8	11802597	auipc	x11,0x11802	 x11=0x918025c4
        3855000	       384	800005cc	fee10583	lb	x11,-18(x2)	  x2:0x80008da8 x11=0x00000000 PA:0x80008d96
        3865000	       385	800005d0	0100e233	or	x4,x1,x16	  x1:0x00000000 x16:0x800085b9  x4=0x800085b9
        3875000	       386	800005d4	fd714b03	lbu	x22,-41(x2)	  x2:0x80008da8 x22=0x00000000 PA:0x80008d7f
        3885000	       387	800005d8	ff310523	sb	x19,-22(x2)	  x2:0x80008da8 x19:0x00000000 PA:0x80008d92
        3895000	       388	800005dc	002863b3	or	x7,x16,x2	 x16:0x800085b9  x2:0x80008da8  x7=0x80008db9
        3905000	       389	800005e0	ff211b23	sh	x18,-10(x2)	  x2:0x80008da8 x18:0x00000000 PA:0x80008d9e
        3915000	       390	800005e4	018465b3	or	x11,x8,x24	  x8:0x80008111 x24:0x00000000 x11=0x80008111
        3925000	       391	800005e8	03d11123	sh	x29,34(x2)	  x2:0x80008da8 x29:0x00000000 PA:0x80008dca
        3935000	       392	800005ec	a38ab917	auipc	x18,0xa38ab	 x18=0x238ab5e8
        3945000	       393	800005f0	01e07733	and	x14,x0,x30	  x0:0x00000000 x30:0x00000000 x14=0x00000000
        3955000	       394	800005f4	03c15903	lhu	x18,60(x2)	  x2:0x80008da8 x18=0x00000000 PA:0x80008de4
        3965000	       395	800005f8	fde10c23	sb	x30,-40(x2)	  x2:0x80008da8 x30:0x00000000 PA:0x80008d80
        3975000	       396	800005fc	01228733	add	x14,x5,x18	  x5:0x4ece44db x18:0x00000000 x14=0x4ece44db
        3985000	       397	80000600	00000013	addi	x0,x0,0	  x0:0x00000000
        3995000	       398	80000604	00f10ba3	sb	x15,23(x2)	  x2:0x80008da8 x15:0x00000000 PA:0x80008dbf
        4005000	       399	80000608	010957b3	srl	x15,x18,x16	 x18:0x00000000 x16:0x800085b9 x15=0x00000000
        4015000	       400	8000060c	fc410fa3	sb	x4,-33(x2)	  x2:0x80008da8  x4:0x800085b9 PA:0x80008d87
        4025000	       401	80000610	00d86033	or	x0,x16,x13	 x16:0x800085b9 x13:0x00000000
        4035000	       402	80000614	404658b3	sra	x17,x12,x4	 x12:0x00000000  x4:0x800085b9 x17=0x00000000
        4045000	       403	80000618	03615f03	lhu	x30,54(x2)	  x2:0x80008da8 x30=0x00000000 PA:0x80008dde
        4055000	       404	8000061c	03712e23	sw	x23,60(x2)	  x2:0x80008da8 x23:0x80009fc4 PA:0x80008de4
        4065000	       405	80000620	00008117	auipc	x2,0x8	  x2=0x8000861c
        4075000	       406	80000624	05610113	addi	x2,x2,86	  x2:0x8000861c  x2=0x80008672
        4085000	       407	80000628	173107a3	sb	x19,367(x2)	  x2:0x80008672 x19:0x00000000 PA:0x800087e1
        4095000	       408	8000062c	9c6e6793	ori	x15,x28,-1594	 x28:0x80009f84 x15=0xffffffc6
        4105000	       409	80000630	1e82a693	slti	x13,x5,488	  x5:0x4ece44db x13=0x00000000
        4115000	       410	80000634	dd114503	lbu	x10,-559(x2)	  x2:0x80008672 x10=0x00000000 PA:0x80008443
        4125000	       411	80000638	eb610f03	lb	x30,-330(x2)	  x2:0x80008672 x30=0x00000000 PA:0x80008528
        4135000	       412	8000063c	00fdda13	srli	x20,x27,0xf	 x27:0x00000000 x20=0x00000000
        4145000	       413	80000640	0065aab3	slt	x21,x11,x6	 x11:0x80008111  x6:0x00000000 x21=0x00000001
        4155000	       414	80000644	0f811a03	lh	x20,248(x2)	  x2:0x80008672 x20=0x00000000 PA:0x8000876a
        4165000	       415	80000648	00f062b3	or	x5,x0,x15	  x0:0x00000000 x15:0xffffffc6  x5=0xffffffc6
        4175000	       416	8000064c	dd212003	lw	x0,-558(x2)	  x2:0x80008672 PA:0x80008444
        4185000	       417	80000650	00000013	addi	x0,x0,0	  x0:0x00000000
        4195000	       418	80000654	c4e14983	lbu	x19,-946(x2)	  x2:0x80008672 x19=0x00000000 PA:0x800082c0
        4205000	       419	80000658	13015383	lhu	x7,304(x2)	  x2:0x80008672  x7=0x00000000 PA:0x800087a2
        4215000	       420	8000065c	ac815503	lhu	x10,-1336(x2)	  x2:0x80008672 x10=0x00000000 PA:0x8000813a
        4225000	       421	80000660	c6f10323	sb	x15,-922(x2)	  x2:0x80008672 x15:0xffffffc6 PA:0x800082d8
        4235000	       422	80000664	d77a2b13	slti	x22,x20,-649	 x20:0x00000000 x22=0x00000000
        4245000	       423	80000668	f5f10fa3	sb	x31,-161(x2)	  x2:0x80008672 x31:0x800084db PA:0x800085d1
        4255000	       424	8000066c	fe0104a3	sb	x0,-23(x2)	  x2:0x80008672  x0:0x00000000 PA:0x8000865b
        4265000	       425	80000670	08c10703	lb	x14,140(x2)	  x2:0x80008672 x14=0x00000000 PA:0x800086fe
        4275000	       426	80000674	00d5c033	xor	x0,x11,x13	 x11:0x80008111 x13:0x00000000
        4285000	       427	80000678	cd414603	lbu	x12,-812(x2)	  x2:0x80008672 x12=0x00000000 PA:0x80008346
        4295000	       428	8000067c	ed415783	lhu	x15,-300(x2)	  x2:0x80008672 x15=0x00000000 PA:0x80008546
        4305000	       429	80000680	00412d23	sw	x4,26(x2)	  x2:0x80008672  x4:0x800085b9 PA:0x8000868c
        4315000	       430	80000684	ace12c03	lw	x24,-1330(x2)	  x2:0x80008672 x24=0x00000000 PA:0x80008140
        4325000	       431	80000688	b0910803	lb	x16,-1271(x2)	  x2:0x80008672 x16=0x00000000 PA:0x8000817b
        4335000	       432	8000068c	e3d14b03	lbu	x22,-451(x2)	  x2:0x80008672 x22=0x00000000 PA:0x800084af
        4345000	       433	80000690	00000013	addi	x0,x0,0	  x0:0x00000000
        4355000	       434	80000694	b8927913	andi	x18,x4,-1143	  x4:0x800085b9 x18=0x80008189
        4365000	       435	80000698	aab14f03	lbu	x30,-1365(x2)	  x2:0x80008672 x30=0x00000000 PA:0x8000811d
        4375000	       436	8000069c	e0611e23	sh	x6,-484(x2)	  x2:0x80008672  x6:0x00000000 PA:0x8000848e
        4385000	       437	800006a0	be63cd17	auipc	x26,0xbe63c	 x26=0x3e63c69c
        4395000	       438	800006a4	98e88693	addi	x13,x17,-1650	 x17:0x00000000 x13=0xfffff98e
        4405000	       439	800006a8	01cb17b3	sll	x15,x22,x28	 x22:0x00000000 x28:0x80009f84 x15=0x00000000
        4415000	       440	800006ac	00ad0d33	add	x26,x26,x10	 x26:0x3e63c69c x10:0x00000000 x26=0x3e63c69c
        4425000	       441	800006b0	8b3d0213	addi	x4,x26,-1869	 x26:0x3e63c69c  x4=0x3e63bf4f
        4435000	       442	800006b4	eda10ea3	sb	x26,-291(x2)	  x2:0x80008672 x26:0x3e63c69c PA:0x8000854f
        4445000	       443	800006b8	07510703	lb	x14,117(x2)	  x2:0x80008672 x14=0x00000000 PA:0x800086e7
        4455000	       444	800006bc	00964533	xor	x10,x12,x9	 x12:0x00000000  x9:0x00000000 x10=0x00000000
        4465000	       445	800006c0	bc510283	lb	x5,-1083(x2)	  x2:0x80008672  x5=0x00000000 PA:0x80008237
        4475000	       446	800006c4	e5a107a3	sb	x26,-433(x2)	  x2:0x80008672 x26:0x3e63c69c PA:0x800084c1
        4485000	       447	800006c8	9d610703	lb	x14,-1578(x2)	  x2:0x80008672 x14=0x00000000 PA:0x80008048
        4495000	       448	800006cc	00008117	auipc	x2,0x8	  x2=0x800086c8
        4505000	       449	800006d0	b6110113	addi	x2,x2,-1183	  x2:0x800086c8  x2=0x80008229
        4515000	       450	800006d4	fc210023	sb	x2,-64(x2)	  x2:0x80008229  x2:0x80008229 PA:0x800081e9
        4525000	       451	800006d8	fc014a03	lbu	x20,-64(x2)	  x2:0x80008229 x20=0x00000029 PA:0x800081e9
        4535000	       452	800006dc	00077d33	and	x26,x14,x0	 x14:0x00000000  x0:0x00000000 x26=0x00000000
        4545000	       453	800006e0	0a414f03	lbu	x30,164(x2)	  x2:0x80008229 x30=0x00000000 PA:0x800082cd
        4555000	       454	800006e4	002110a3	sh	x2,1(x2)	  x2:0x80008229  x2:0x80008229 PA:0x8000822a
        4565000	       455	800006e8	00114783	lbu	x15,1(x2)	  x2:0x80008229 x15=0x00000029 PA:0x8000822a
        4575000	       456	800006ec	04e14203	lbu	x4,78(x2)	  x2:0x80008229  x4=0x00000000 PA:0x80008277
        4585000	       457	800006f0	03a10f23	sb	x26,62(x2)	  x2:0x80008229 x26:0x00000000 PA:0x80008267
        4595000	       458	800006f4	dd43b893	sltiu	x17,x7,-556	  x7:0x00000000 x17=0x00000001
        4605000	       459	800006f8	09310723	sb	x19,142(x2)	  x2:0x80008229 x19:0x00000000 PA:0x800082b7
        4615000	       460	800006fc	0108d733	srl	x14,x17,x16	 x17:0x00000001 x16:0x00000000 x14=0x00000001
        4625000	       461	80000700	08e10d03	lb	x26,142(x2)	  x2:0x80008229 x26=0x00000000 PA:0x800082b7
        4635000	       462	80000704	09b10723	sb	x27,142(x2)	  x2:0x80008229 x27:0x00000000 PA:0x800082b7
        4645000	       463	80000708	41498833	sub	x16,x19,x20	 x19:0x00000000 x20:0x00000029 x16=0xffffffd7
        4655000	       464	8000070c	08e14503	lbu	x10,142(x2)	  x2:0x80008229 x10=0x00000000 PA:0x800082b7
        4665000	       465	80000710	08e10c83	lb	x25,142(x2)	  x2:0x80008229 x25=0x00000000 PA:0x800082b7
        4675000	       466	00000000	00000013	addi	x0,x0,0	  x0:0x00000000
        4685000	       467	80000714	d4cc8313	addi	x6,x25,-692	 x25:0x00000000  x6=0xfffffd4c
        4695000	       468	80000718	08e14783	lbu	x15,142(x2)	  x2:0x80008229 x15=0x00000000 PA:0x800082b7
        4705000	       469	8000071c	08e14d03	lbu	x26,142(x2)	  x2:0x80008229 x26=0x00000000 PA:0x800082b7
        4715000	       470	80000720	743f6013	ori	x0,x30,1859	 x30:0x00000000
        4725000	       471	80000724	08e14683	lbu	x13,142(x2)	  x2:0x80008229 x13=0x00000000 PA:0x800082b7
        4735000	       472	80000728	08e14603	lbu	x12,142(x2)	  x2:0x80008229 x12=0x00000000 PA:0x800082b7
        4745000	       473	8000072c	00008117	auipc	x2,0x8	  x2=0x80008728
        4755000	       474	80000730	d0c10113	addi	x2,x2,-756	  x2:0x80008728  x2=0x80008434
        4765000	       475	80000734	01cb1c13	slli	x24,x22,0x1c	 x22:0x00000000 x24=0x00000000
        4775000	       476	80000738	01739533	sll	x10,x7,x23	  x7:0x00000000 x23:0x80009fc4 x10=0x00000000
        4785000	       477	8000073c	413b5233	sra	x4,x22,x19	 x22:0x00000000 x19:0x00000000  x4=0x00000000
        4795000	       478	80000740	ff0d7693	andi	x13,x26,-16	 x26:0x00000000 x13=0x00000000
        4805000	       479	80000744	fd810f23	sb	x24,-34(x2)	  x2:0x80008434 x24:0x00000000 PA:0x80008412
        4815000	       480	80000748	fc310f23	sb	x3,-34(x2)	  x2:0x80008434  x3:0x80008092 PA:0x80008412
        4825000	       481	8000074c	fde15083	lhu	x1,-34(x2)	  x2:0x80008434  x1=0x00000092 PA:0x80008412
        4835000	       482	80000750	abcd0f93	addi	x31,x26,-1348	 x26:0x00000000 x31=0xfffffabc
        4845000	       483	80000754	fde11903	lh	x18,-34(x2)	  x2:0x80008434 x18=0x00000092 PA:0x80008412
        4855000	       484	80000758	fde11f03	lh	x30,-34(x2)	  x2:0x80008434 x30=0x00000092 PA:0x80008412
        4865000	       485	8000075c	fd211f23	sh	x18,-34(x2)	  x2:0x80008434 x18:0x00000092 PA:0x80008412
        4875000	       486	80000760	fe911b23	sh	x9,-10(x2)	  x2:0x80008434  x9:0x00000000 PA:0x8000842a
        4885000	       487	80000764	ff615803	lhu	x16,-10(x2)	  x2:0x80008434 x16=0x00000000 PA:0x8000842a
        4895000	       488	80000768	6f14f913	andi	x18,x9,1777	  x9:0x00000000 x18=0x00000000
        4905000	       489	8000076c	ff610b23	sb	x22,-10(x2)	  x2:0x80008434 x22:0x00000000 PA:0x8000842a
        4915000	       490	80000770	ff610d83	lb	x27,-10(x2)	  x2:0x80008434 x27=0x00000000 PA:0x8000842a
        4925000	       491	80000774	fed107a3	sb	x13,-17(x2)	  x2:0x80008434 x13:0x00000000 PA:0x80008423
        4935000	       492	80000778	00008817	auipc	x16,0x8	 x16=0x80008774
        4945000	       493	8000077c	20980813	addi	x16,x16,521	 x16:0x80008774 x16=0x8000897d
        4955000	       494	80000780	00008797	auipc	x15,0x8	 x15=0x8000877c
        4965000	       495	80000784	59278793	addi	x15,x15,1426	 x15:0x8000877c x15=0x80008d0e
        4975000	       496	80000788	41d80a23	sb	x29,1044(x16)	 x16:0x8000897d x29:0x00000000 PA:0x80008d91
        4985000	       497	8000078c	f927df03	lhu	x30,-110(x15)	 x15:0x80008d0e x30=0x00000000 PA:0x80008ca0
        4995000	       498	80000790	b4a7c883	lbu	x17,-1206(x15)	 x15:0x80008d0e x17=0x00000000 PA:0x80008858
        5005000	       499	80000794	28384203	lbu	x4,643(x16)	 x16:0x8000897d  x4=0x00000000 PA:0x80008c00
        5015000	       500	80000798	34c80703	lb	x14,844(x16)	 x16:0x8000897d x14=0x00000001 PA:0x80008cc9
        5025000	       501	8000079c	00008d17	auipc	x26,0x8	 x26=0x80008798
        5035000	       502	800007a0	584d0d13	addi	x26,x26,1412	 x26:0x80008798 x26=0x80008d1c
        5045000	       503	800007a4	eda84483	lbu	x9,-294(x16)	 x16:0x8000897d  x9=0x00000000 PA:0x80008857
        5055000	       504	800007a8	ea279303	lh	x6,-350(x15)	 x15:0x80008d0e  x6=0x00000000 PA:0x80008bb0
        5065000	       505	800007ac	12a84d83	lbu	x27,298(x16)	 x16:0x8000897d x27=0x00000000 PA:0x80008aa7
        5075000	       506	800007b0	09478423	sb	x20,136(x15)	 x15:0x80008d0e x20:0x00000029 PA:0x80008d96
        5085000	       507	800007b4	006d1f83	lh	x31,6(x26)	 x26:0x80008d1c x31=0x00000000 PA:0x80008d22
        5095000	       508	800007b8	fe1d0823	sb	x1,-16(x26)	 x26:0x80008d1c  x1:0x00000092 PA:0x80008d0c
        5105000	       509	800007bc	ffbd4003	lbu	x0,-5(x26)	 x26:0x80008d1c PA:0x80008d17
        5115000	       510	800007c0	24f811a3	sh	x15,579(x16)	 x16:0x8000897d x15:0x80008d0e PA:0x80008bc0
        5125000	       511	800007c4	c4778083	lb	x1,-953(x15)	 x15:0x80008d0e  x1=0x00000000 PA:0x80008955
        5135000	       512	800007c8	b167ac03	lw	x24,-1258(x15)	 x15:0x80008d0e x24=0x00000000 PA:0x80008824
        5145000	       513	800007cc	b227c003	lbu	x0,-1246(x15)	 x15:0x80008d0e PA:0x80008830
        5155000	       514	800007d0	ff3d0f83	lb	x31,-13(x26)	 x26:0x80008d1c x31=0x00000000 PA:0x80008d0f
        5165000	       515	800007d4	00bd0683	lb	x13,11(x26)	 x26:0x80008d1c x13=0x00000000 PA:0x80008d27
        5175000	       516	800007d8	fe4d0e23	sb	x4,-4(x26)	 x26:0x80008d1c  x4:0x00000000 PA:0x80008d18
        5185000	       517	800007dc	001d0723	sb	x1,14(x26)	 x26:0x80008d1c  x1:0x00000000 PA:0x80008d2a
        5195000	       518	800007e0	28d803a3	sb	x13,647(x16)	 x16:0x8000897d x13:0x00000000 PA:0x80008c04
        5205000	       519	800007e4	40684603	lbu	x12,1030(x16)	 x16:0x8000897d x12=0x00000000 PA:0x80008d83
        5215000	       520	800007e8	fe7d0ea3	sb	x7,-3(x26)	 x26:0x80008d1c  x7:0x00000000 PA:0x80008d19
        5225000	       521	800007ec	00008a97	auipc	x21,0x8	 x21=0x800087e8
        5235000	       522	800007f0	791a8a93	addi	x21,x21,1937	 x21:0x800087e8 x21=0x80008f79
        5245000	       523	800007f4	a41a86a3	sb	x1,-1459(x21)	 x21:0x80008f79  x1:0x00000000 PA:0x800089c6
        5255000	       524	800007f8	ba9aca03	lbu	x20,-1111(x21)	 x21:0x80008f79 x20=0x00000000 PA:0x80008b22
        5265000	       525	800007fc	002f4133	xor	x2,x30,x2	 x30:0x00000000  x2:0x80008434  x2=0x80008434
        5275000	       526	80000800	e55f4793	xori	x15,x30,-427	 x30:0x00000000 x15=0xfffffe55
        5285000	       527	80000804	008a00b3	add	x1,x20,x8	 x20:0x00000000  x8:0x80008111  x1=0x80008111
        5295000	       528	80000808	daba8323	sb	x11,-602(x21)	 x21:0x80008f79 x11:0x80008111 PA:0x80008d1f
        5305000	       529	8000080c	eb1ad003	lhu	x0,-335(x21)	 x21:0x80008f79 PA:0x80008e2a
        5315000	       530	80000810	fe4aa1a3	sw	x4,-29(x21)	 x21:0x80008f79  x4:0x00000000 PA:0x80008f5c
        5325000	       531	80000814	d50a81a3	sb	x16,-701(x21)	 x21:0x80008f79 x16:0x8000897d PA:0x80008cbc
        5335000	       532	80000818	01359113	slli	x2,x11,0x13	 x11:0x80008111  x2=0x08880000
        5345000	       533	8000081c	3af40a13	addi	x20,x8,943	  x8:0x80008111 x20=0x800084c0
        5355000	       534	80000820	b88a8fa3	sb	x8,-1121(x21)	 x21:0x80008f79  x8:0x80008111 PA:0x80008b18
        5365000	       535	80000824	f1aa8c03	lb	x24,-230(x21)	 x21:0x80008f79 x24=0x00000000 PA:0x80008e93
        5375000	       536	80000828	ccdaafa3	sw	x13,-801(x21)	 x21:0x80008f79 x13:0x00000000 PA:0x80008c58
        5385000	       537	8000082c	9cba8783	lb	x15,-1589(x21)	 x21:0x80008f79 x15=0x00000000 PA:0x80008944
        5395000	       538	80000830	e37a8783	lb	x15,-457(x21)	 x21:0x80008f79 x15=0x00000000 PA:0x80008db0
        5405000	       539	80000834	a7cacc03	lbu	x24,-1412(x21)	 x21:0x80008f79 x24=0x00000000 PA:0x800089f5
        5415000	       540	80000838	edaacf83	lbu	x31,-294(x21)	 x21:0x80008f79 x31=0x00000000 PA:0x80008e53
        5425000	       541	8000083c	00e3f133	and	x2,x7,x14	  x7:0x00000000 x14:0x00000001  x2=0x00000000
        5435000	       542	80000840	dc0a84a3	sb	x0,-567(x21)	 x21:0x80008f79  x0:0x00000000 PA:0x80008d42
        5445000	       543	80000844	c71a8523	sb	x17,-918(x21)	 x21:0x80008f79 x17:0x00000000 PA:0x80008be3
        5455000	       544	80000848	e45ac803	lbu	x16,-443(x21)	 x21:0x80008f79 x16=0x00000000 PA:0x80008dbe
        5465000	       545	8000084c	aaca8623	sb	x12,-1364(x21)	 x21:0x80008f79 x12:0x00000000 PA:0x80008a25
        5475000	       546	80000850	b33a8c03	lb	x24,-1229(x21)	 x21:0x80008f79 x24=0x00000000 PA:0x80008aac
        5485000	       547	80000854	0282ea13	ori	x20,x5,40	  x5:0x00000000 x20=0x00000028
        5495000	       548	80000858	c3ba8623	sb	x27,-980(x21)	 x21:0x80008f79 x27:0x00000000 PA:0x80008ba5
        5505000	       549	8000085c	38c43393	sltiu	x7,x8,908	  x8:0x80008111  x7=0x00000000
        5515000	       550	80000860	0104ffb3	and	x31,x9,x16	  x9:0x00000000 x16:0x00000000 x31=0x00000000
        5525000	       551	80000864	de8a8623	sb	x8,-532(x21)	 x21:0x80008f79  x8:0x80008111 PA:0x80008d65
        5535000	       552	80000868	8b0ac583	lbu	x11,-1872(x21)	 x21:0x80008f79 x11=0x00000000 PA:0x80008829
        5545000	       553	8000086c	a49aa9a3	sw	x9,-1453(x21)	 x21:0x80008f79  x9:0x00000000 PA:0x800089cc
        5555000	       554	80000870	f60a8f23	sb	x0,-130(x21)	 x21:0x80008f79  x0:0x00000000 PA:0x80008ef7
        5565000	       555	80000874	b8ca8083	lb	x1,-1140(x21)	 x21:0x80008f79  x1=0x00000000 PA:0x80008b05
        5575000	       556	80000878	40e65833	sra	x16,x12,x14	 x12:0x00000000 x14:0x00000001 x16=0x00000000
        5585000	       557	8000087c	a2fa88a3	sb	x15,-1487(x21)	 x21:0x80008f79 x15:0x00000000 PA:0x800089aa
        5595000	       558	80000880	ee7a8603	lb	x12,-281(x21)	 x21:0x80008f79 x12=0x00000000 PA:0x80008e60
        5605000	       559	80000884	c4faa203	lw	x4,-945(x21)	 x21:0x80008f79  x4=0x00000000 PA:0x80008bc8
        5615000	       560	80000888	00008117	auipc	x2,0x8	  x2=0x80008884
        5625000	       561	8000088c	84e10113	addi	x2,x2,-1970	  x2:0x80008884  x2=0x800080d2
        5635000	       562	80000890	00c11823	sh	x12,16(x2)	  x2:0x800080d2 x12:0x00000000 PA:0x800080e2
        5645000	       563	80000894	ff9107a3	sb	x25,-17(x2)	  x2:0x800080d2 x25:0x00000000 PA:0x800080c1
        5655000	       564	80000898	fef10c83	lb	x25,-17(x2)	  x2:0x800080d2 x25=0x00000000 PA:0x800080c1
        5665000	       565	8000089c	fef10f03	lb	x30,-17(x2)	  x2:0x800080d2 x30=0x00000000 PA:0x800080c1
        5675000	       566	800008a0	fe310b03	lb	x22,-29(x2)	  x2:0x800080d2 x22=0x00000000 PA:0x800080b5
        5685000	       567	800008a4	fe014c83	lbu	x25,-32(x2)	  x2:0x800080d2 x25=0x00000000 PA:0x800080b2
        5695000	       568	800008a8	fe211023	sh	x2,-32(x2)	  x2:0x800080d2  x2:0x800080d2 PA:0x800080b2
        5705000	       569	800008ac	fe015f03	lhu	x30,-32(x2)	  x2:0x800080d2 x30=0x000080d2 PA:0x800080b2
        5715000	       570	800008b0	03210a03	lb	x20,50(x2)	  x2:0x800080d2 x20=0x00000000 PA:0x80008104
        5725000	       571	800008b4	03211383	lh	x7,50(x2)	  x2:0x800080d2  x7=0x00000000 PA:0x80008104
        5735000	       572	800008b8	01c11723	sh	x28,14(x2)	  x2:0x800080d2 x28:0x80009f84 PA:0x800080e0
        5745000	       573	800008bc	41475713	srai	x14,x14,0x14	 x14:0x00000001 x14=0x00000000
        5755000	       574	800008c0	00d55213	srli	x4,x10,0xd	 x10:0x00000000  x4=0x00000000
        5765000	       575	800008c4	fd014703	lbu	x14,-48(x2)	  x2:0x800080d2 x14=0x00000000 PA:0x800080a2
        5775000	       576	800008c8	ec27ba93	sltiu	x21,x15,-318	 x15:0x00000000 x21=0x00000001
        5785000	       577	800008cc	00e0dd93	srli	x27,x1,0xe	  x1:0x00000000 x27=0x00000000
        5795000	       578	800008d0	fd010f03	lb	x30,-48(x2)	  x2:0x800080d2 x30=0x00000000 PA:0x800080a2
        5805000	       579	800008d4	02610503	lb	x10,38(x2)	  x2:0x800080d2 x10=0x00000000 PA:0x800080f8
        5815000	       580	800008d8	02610683	lb	x13,38(x2)	  x2:0x800080d2 x13=0x00000000 PA:0x800080f8
        5825000	       581	800008dc	02614903	lbu	x18,38(x2)	  x2:0x800080d2 x18=0x00000000 PA:0x800080f8
        5835000	       582	800008e0	02a11f83	lh	x31,42(x2)	  x2:0x800080d2 x31=0x00000000 PA:0x800080fc
        5845000	       583	800008e4	0133b1b3	sltu	x3,x7,x19	  x7:0x00000000 x19:0x00000000  x3=0x00000000
        5855000	       584	800008e8	01b4d133	srl	x2,x9,x27	  x9:0x00000000 x27:0x00000000  x2=0x00000000
        5865000	       585	800008ec	d22ec437	lui	x8,0xd22ec	  x8=0xd22ec000
        5875000	       586	800008f0	00e242b3	xor	x5,x4,x14	  x4:0x00000000 x14:0x00000000  x5=0x00000000
        5885000	       587	800008f4	016dacb3	slt	x25,x27,x22	 x27:0x00000000 x22:0x00000000 x25=0x00000000
        5895000	       588	800008f8	00de5e63	bge	x28,x13,80000914	 x28:0x80009f84 x13:0x00000000
        5905000	       589	800008fc	00166db3	or	x27,x12,x1	 x12:0x00000000  x1:0x00000000 x27=0x00000000
        5915000	       590	80000900	01d7b7b3	sltu	x15,x15,x29	 x15:0x00000000 x29:0x00000000 x15=0x00000000
        5925000	       591	80000904	017e0433	add	x8,x28,x23	 x28:0x80009f84 x23:0x80009fc4  x8=0x00013f48
        5935000	       592	80000908	01f71c63	bne	x14,x31,80000920	 x14:0x00000000 x31:0x00000000
        5945000	       593	8000090c	00be5e63	bge	x28,x11,80000928	 x28:0x80009f84 x11:0x00000000
        5955000	       594	80000910	0e14e263	bltu	x9,x1,800009f4	  x9:0x00000000  x1:0x00000000
        5965000	       595	80000914	41160933	sub	x18,x12,x17	 x12:0x00000000 x17:0x00000000 x18=0x00000000
        5975000	       596	80000918	f6ddf193	andi	x3,x27,-147	 x27:0x00000000  x3=0x00000000
        5985000	       597	8000091c	00097d33	and	x26,x18,x0	 x18:0x00000000  x0:0x00000000 x26=0x00000000
        5995000	       598	80000920	0c894863	blt	x18,x8,800009f0	 x18:0x00000000  x8:0x00013f48
        6005000	       599	00000000	00000013	addi	x0,x0,0	  x0:0x00000000
        6015000	       600	800009ec	00000013	addi	x0,x0,0	  x0:0x00000000
        6025000	       601	800009f0	91c66d13	ori	x26,x12,-1764	 x12:0x00000000 x26=0xfffff91c
        6035000	       602	800009f4	4a356493	ori	x9,x10,1187	 x10:0x00000000  x9=0x000004a3
        6045000	       603	800009f8	00000013	addi	x0,x0,0	  x0:0x00000000
        6055000	       604	800009fc	009d9c33	sll	x24,x27,x9	 x27:0x00000000  x9:0x000004a3 x24=0x00000000
        6065000	       605	80000a00	04e18263	beq	x3,x14,80000a44	  x3:0x00000000 x14:0x00000000
        6075000	       606	00000000	00000013	addi	x0,x0,0	  x0:0x00000000
        6085000	       607	80000a40	00000013	addi	x0,x0,0	  x0:0x00000000
        6095000	       608	80000a44	07272993	slti	x19,x14,114	 x14:0x00000000 x19=0x00000001
        6105000	       609	80000a48	38723213	sltiu	x4,x4,903	  x4:0x00000000  x4=0x00000001
        6115000	       610	80000a4c	00646533	or	x10,x8,x6	  x8:0x00013f48  x6:0x00000000 x10=0x00013f48
        6125000	       611	80000a50	a7e23617	auipc	x12,0xa7e23	 x12=0x27e23a4c
        6135000	       612	80000a54	00c09113	slli	x2,x1,0xc	  x1:0x00000000  x2=0x00000000
        6145000	       613	80000a58	6f61b493	sltiu	x9,x3,1782	  x3:0x00000000  x9=0x00000001
        6155000	       614	80000a5c	03f00663	beq	x0,x31,80000a88	  x0:0x00000000 x31:0x00000000
        6165000	       615	00000000	00000013	addi	x0,x0,0	  x0:0x00000000
        6175000	       616	80000a84	00000013	addi	x0,x0,0	  x0:0x00000000
        6185000	       617	80000a88	03adcc63	blt	x27,x26,80000ac0	 x27:0x00000000 x26:0xfffff91c
        6195000	       618	80000a8c	0106f663	bgeu	x13,x16,80000a98	 x13:0x00000000 x16:0x00000000
        6205000	       619	00000000	00000013	addi	x0,x0,0	  x0:0x00000000
        6215000	       620	80000a94	00000013	addi	x0,x0,0	  x0:0x00000000
        6225000	       621	80000a98	03526263	bltu	x4,x21,80000abc	  x4:0x00000001 x21:0x00000001
        6235000	       622	80000a9c	410c8c33	sub	x24,x25,x16	 x25:0x00000000 x16:0x00000000 x24=0x00000000
        6245000	       623	80000aa0	00000013	addi	x0,x0,0	  x0:0x00000000
        6255000	       624	80000aa4	00011fb3	sll	x31,x2,x0	  x2:0x00000000  x0:0x00000000 x31=0x00000000
        6265000	       625	80000aa8	04556063	bltu	x10,x5,80000ae8	 x10:0x00013f48  x5:0x00000000
        6275000	       626	80000aac	003fff33	and	x30,x31,x3	 x31:0x00000000  x3:0x00000000 x30=0x00000000
        6285000	       627	80000ab0	01e75293	srli	x5,x14,0x1e	 x14:0x00000000  x5=0x00000000
        6295000	       628	80000ab4	ccb90f17	auipc	x30,0xccb90	 x30=0x4cb90ab0
        6305000	       629	80000ab8	5fb40813	addi	x16,x8,1531	  x8:0x00013f48 x16=0x00014543
        6315000	       630	80000abc	0103db33	srl	x22,x7,x16	  x7:0x00000000 x16:0x00014543 x22=0x00000000
        6325000	       631	80000ac0	40c5d313	srai	x6,x11,0xc	 x11:0x00000000  x6=0x00000000
        6335000	       632	80000ac4	27c68693	addi	x13,x13,636	 x13:0x00000000 x13=0x0000027c
        6345000	       633	80000ac8	01469713	slli	x14,x13,0x14	 x13:0x0000027c x14=0x27c00000
        6355000	       634	80000acc	006703b3	add	x7,x14,x6	 x14:0x27c00000  x6:0x00000000  x7=0x27c00000
        6365000	       635	80000ad0	296e7093	andi	x1,x28,662	 x28:0x80009f84  x1=0x00000284
        6375000	       636	80000ad4	00625d33	srl	x26,x4,x6	  x4:0x00000001  x6:0x00000000 x26=0x00000001
        6385000	       637	80000ad8	400b5713	srai	x14,x22,0x0	 x22:0x00000000 x14=0x00000000
        6395000	       638	80000adc	017bcc33	xor	x24,x23,x23	 x23:0x80009fc4 x23:0x80009fc4 x24=0x00000000
        6405000	       639	80000ae0	41d90033	sub	x0,x18,x29	 x18:0x00000000 x29:0x00000000
        6415000	       640	80000ae4	00752cb3	slt	x25,x10,x7	 x10:0x00013f48  x7:0x27c00000 x25=0x00000001
        6425000	       641	80000ae8	0c7c0a97	auipc	x21,0xc7c0	 x21=0x8c7c0ae4
        6435000	       642	80000aec	40f9d1b3	sra	x3,x19,x15	 x19:0x00000001 x15:0x00000000  x3=0x00000001
        6445000	       643	80000af0	007ee533	or	x10,x29,x7	 x29:0x00000000  x7:0x27c00000 x10=0x27c00000
        6455000	       644	80000af4	006fd663	bge	x31,x6,80000b00	 x31:0x00000000  x6:0x00000000
        6465000	       645	00000000	00000013	addi	x0,x0,0	  x0:0x00000000
        6475000	       646	80000afc	00000013	addi	x0,x0,0	  x0:0x00000000
        6485000	       647	80000b00	00335133	srl	x2,x6,x3	  x6:0x00000000  x3:0x00000001  x2=0x00000000
        6495000	       648	80000b04	00c1e233	or	x4,x3,x12	  x3:0x00000001 x12:0x27e23a4c  x4=0x27e23a4d
        6505000	       649	80000b08	01fa0733	add	x14,x20,x31	 x20:0x00000000 x31:0x00000000 x14=0x00000000
        6515000	       650	80000b0c	00fcc233	xor	x4,x25,x15	 x25:0x00000001 x15:0x00000000  x4=0x00000001
        6525000	       651	80000b10	4141d9b3	sra	x19,x3,x20	  x3:0x00000001 x20:0x00000000 x19=0x00000001
        6535000	       652	80000b14	f0e9c213	xori	x4,x19,-242	 x19:0x00000001  x4=0xffffff0f
        6545000	       653	80000b18	01b61ab3	sll	x21,x12,x27	 x12:0x27e23a4c x27:0x00000000 x21=0x27e23a4c
        6555000	       654	80000b1c	01a20133	add	x2,x4,x26	  x4:0xffffff0f x26:0x00000001  x2=0xffffff10
        6565000	       655	80000b20	417f88b3	sub	x17,x31,x23	 x31:0x00000000 x23:0x80009fc4 x17=0x7fff603c
        6575000	       656	80000b24	407d5733	sra	x14,x26,x7	 x26:0x00000001  x7:0x27c00000 x14=0x00000001
        6585000	       657	80000b28	414ed913	srai	x18,x29,0x14	 x29:0x00000000 x18=0x00000000
        6595000	       658	80000b2c	04b95463	bge	x18,x11,80000b74	 x18:0x00000000 x11:0x00000000
        6605000	       659	00000000	00000013	addi	x0,x0,0	  x0:0x00000000
        6615000	       660	80000b70	00000013	addi	x0,x0,0	  x0:0x00000000
        6625000	       661	80000b74	0044f463	bgeu	x9,x4,80000b7c	  x9:0x00000001  x4:0xffffff0f
        6635000	       662	80000b78	65a80193	addi	x3,x16,1626	 x16:0x00014543  x3=0x00014b9d
        6645000	       663	80000b7c	41bbd513	srai	x10,x23,0x1b	 x23:0x80009fc4 x10=0xfffffff0
        6655000	       664	80000b80	03244a63	blt	x8,x18,80000bb4	  x8:0x00013f48 x18:0x00000000
        6665000	       665	80000b84	019ef9b3	and	x19,x29,x25	 x29:0x00000000 x25:0x00000001 x19=0x00000000
        6675000	       666	80000b88	8383ba13	sltiu	x20,x7,-1992	  x7:0x27c00000 x20=0x00000001
        6685000	       667	80000b8c	00b60fb3	add	x31,x12,x11	 x12:0x27e23a4c x11:0x00000000 x31=0x27e23a4c
        6695000	       668	80000b90	4032d1b3	sra	x3,x5,x3	  x5:0x00000000  x3:0x00014b9d  x3=0x00000000
        6705000	       669	80000b94	02bc7c63	bgeu	x24,x11,80000bcc	 x24:0x00000000 x11:0x00000000
        6715000	       670	00000000	00000013	addi	x0,x0,0	  x0:0x00000000
        6725000	       671	80000bc8	00000013	addi	x0,x0,0	  x0:0x00000000
        6735000	       672	80000bcc	030e8863	beq	x29,x16,80000bfc	 x29:0x00000000 x16:0x00014543
        6745000	       673	80000bd0	004a7033	and	x0,x20,x4	 x20:0x00000001  x4:0xffffff0f
        6755000	       674	80000bd4	40618333	sub	x6,x3,x6	  x3:0x00000000  x6:0x00000000  x6=0x00000000
        6765000	       675	80000bd8	c9882093	slti	x1,x16,-872	 x16:0x00014543  x1=0x00000000
        6775000	       676	80000bdc	01579393	slli	x7,x15,0x15	 x15:0x00000000  x7=0x00000000
        6785000	       677	80000be0	005645b3	xor	x11,x12,x5	 x12:0x27e23a4c  x5:0x00000000 x11=0x27e23a4c
        6795000	       678	80000be4	00909a63	bne	x1,x9,80000bf8	  x1:0x00000000  x9:0x00000001
        6805000	       679	00000000	00000013	addi	x0,x0,0	  x0:0x00000000
        6815000	       680	80000bf4	00000013	addi	x0,x0,0	  x0:0x00000000
        6825000	       681	80000bf8	01ee3833	sltu	x16,x28,x30	 x28:0x80009f84 x30:0x4cb90ab0 x16=0x00000000
        6835000	       682	80000bfc	317f59b7	lui	x19,0x317f5	 x19=0x317f5000
        6845000	       683	80000c00	3129b897	auipc	x17,0x3129b	 x17=0xb129bbfc
        6855000	       684	80000c04	02418663	beq	x3,x4,80000c30	  x3:0x00000000  x4:0xffffff0f
        6865000	       685	80000c08	01bd7ab3	and	x21,x26,x27	 x26:0x00000001 x27:0x00000000 x21=0x00000000
        6875000	       686	80000c0c	0173d713	srli	x14,x7,0x17	  x7:0x00000000 x14=0x00000000
        6885000	       687	80000c10	01032d33	slt	x26,x6,x16	  x6:0x00000000 x16:0x00000000 x26=0x00000000
        6895000	       688	80000c14	040ff263	bgeu	x31,x0,80000c58	 x31:0x27e23a4c  x0:0x00000000
        6905000	       689	00000000	00000013	addi	x0,x0,0	  x0:0x00000000
        6915000	       690	80000c54	00000013	addi	x0,x0,0	  x0:0x00000000
        6925000	       691	80000c58	00099c93	slli	x25,x19,0x0	 x19:0x317f5000 x25=0x317f5000
        6935000	       692	80000c5c	002b9313	slli	x6,x23,0x2	 x23:0x80009fc4  x6=0x00027f10
        6945000	       693	80000c60	00000013	addi	x0,x0,0	  x0:0x00000000
        6955000	       694	80000c64	a3b7e497	auipc	x9,0xa3b7e	  x9=0x23b7ec60
        6965000	       695	80000c68	39d00913	addi	x18,x0,925	  x0:0x00000000 x18=0x0000039d
        6975000	       696	80000c6c	010a5463	bge	x20,x16,80000c74	 x20:0x00000001 x16:0x00000000
        6985000	       697	00000000	00000013	addi	x0,x0,0	  x0:0x00000000
        6995000	       698	80000c70	00000013	addi	x0,x0,0	  x0:0x00000000
        7005000	       699	80000c74	01ce2b33	slt	x22,x28,x28	 x28:0x80009f84 x28:0x80009f84 x22=0x00000000
        7015000	       700	80000c78	ccbfdc37	lui	x24,0xccbfd	 x24=0xccbfd000
        7025000	       701	80000c7c	03539063	bne	x7,x21,80000c9c	  x7:0x00000000 x21:0x00000000
        7035000	       702	80000c80	00000013	addi	x0,x0,0	  x0:0x00000000
        7045000	       703	80000c84	a1371cb7	lui	x25,0xa1371	 x25=0xa1371000
        7055000	       704	80000c88	00679313	slli	x6,x15,0x6	 x15:0x00000000  x6=0x00000000
        7065000	       705	80000c8c	00000013	addi	x0,x0,0	  x0:0x00000000
        7075000	       706	80000c90	fb192393	slti	x7,x18,-79	 x18:0x0000039d  x7=0x00000000
        7085000	       707	80000c94	03ace663	bltu	x25,x26,80000cc0	 x25:0xa1371000 x26:0x00000000
        7095000	       708	80000c98	cbda0413	addi	x8,x20,-835	 x20:0x00000001  x8=0xfffffcbe
        7105000	       709	80000c9c	408fdb13	srai	x22,x31,0x8	 x31:0x27e23a4c x22=0x0027e23a
        7115000	       710	80000ca0	037b0063	beq	x22,x23,80000cc0	 x22:0x0027e23a x23:0x80009fc4
        7125000	       711	80000ca4	00b872b3	and	x5,x16,x11	 x16:0x00000000 x11:0x27e23a4c  x5=0x00000000
        7135000	       712	80000ca8	01da1313	slli	x6,x20,0x1d	 x20:0x00000001  x6=0x20000000
        7145000	       713	80000cac	03a81c63	bne	x16,x26,80000ce4	 x16:0x00000000 x26:0x00000000
        7155000	       714	80000cb0	0058b0b3	sltu	x1,x17,x5	 x17:0xb129bbfc  x5:0x00000000  x1=0x00000000
        7165000	       715	80000cb4	41c209b3	sub	x19,x4,x28	  x4:0xffffff0f x28:0x80009f84 x19=0x7fff5f8b
        7175000	       716	80000cb8	00000013	addi	x0,x0,0	  x0:0x00000000
        7185000	       717	80000cbc	0129b233	sltu	x4,x19,x18	 x19:0x7fff5f8b x18:0x0000039d  x4=0x00000000
        7195000	       718	80000cc0	cb390593	addi	x11,x18,-845	 x18:0x0000039d x11=0x00000050
        7205000	       719	80000cc4	037b5c63	bge	x22,x23,80000cfc	 x22:0x0027e23a x23:0x80009fc4
        7215000	       720	00000000	00000013	addi	x0,x0,0	  x0:0x00000000
        7225000	       721	80000cf8	00000013	addi	x0,x0,0	  x0:0x00000000
        7235000	       722	80000cfc	03781663	bne	x16,x23,80000d28	 x16:0x00000000 x23:0x80009fc4
        7245000	       723	00000000	00000013	addi	x0,x0,0	  x0:0x00000000
        7255000	       724	80000d24	00000013	addi	x0,x0,0	  x0:0x00000000
        7265000	       725	80000d28	00000013	addi	x0,x0,0	  x0:0x00000000
        7275000	       726	80000d2c	05310663	beq	x2,x19,80000d78	  x2:0xffffff10 x19:0x7fff5f8b
        7285000	       727	80000d30	00ce3f33	sltu	x30,x28,x12	 x28:0x80009f84 x12:0x27e23a4c x30=0x00000000
        7295000	       728	80000d34	00e36533	or	x10,x6,x14	  x6:0x20000000 x14:0x00000000 x10=0x20000000
        7305000	       729	80000d38	015b1663	bne	x22,x21,80000d44	 x22:0x0027e23a x21:0x00000000
        7315000	       730	00000000	00000013	addi	x0,x0,0	  x0:0x00000000
        7325000	       731	80000d40	00000013	addi	x0,x0,0	  x0:0x00000000
        7335000	       732	80000d44	6cdc8113	addi	x2,x25,1741	 x25:0xa1371000  x2=0xa13716cd
        7345000	       733	80000d48	417add33	sra	x26,x21,x23	 x21:0x00000000 x23:0x80009fc4 x26=0x00000000
        7355000	       734	80000d4c	004c1c93	slli	x25,x24,0x4	 x24:0xccbfd000 x25=0xcbfd0000
        7365000	       735	80000d50	a3efdcb7	lui	x25,0xa3efd	 x25=0xa3efd000
        7375000	       736	80000d54	22852b13	slti	x22,x10,552	 x10:0x20000000 x22=0x00000000
        7385000	       737	80000d58	ea0cbc37	lui	x24,0xea0cb	 x24=0xea0cb000
        7395000	       738	80000d5c	015bea63	bltu	x23,x21,80000d70	 x23:0x80009fc4 x21:0x00000000
        7405000	       739	80000d60	02879a63	bne	x15,x8,80000d94	 x15:0x00000000  x8:0xfffffcbe
        7415000	       740	00000000	00000013	addi	x0,x0,0	  x0:0x00000000
        7425000	       741	80000d90	00000013	addi	x0,x0,0	  x0:0x00000000
        7435000	       742	80000d94	0136bf33	sltu	x30,x13,x19	 x13:0x0000027c x19:0x7fff5f8b x30=0x00000001
        7445000	       743	80000d98	06bee263	bltu	x29,x11,80000dfc	 x29:0x00000000 x11:0x00000050
        7455000	       744	00000000	00000013	addi	x0,x0,0	  x0:0x00000000
        7465000	       745	80000df8	00000013	addi	x0,x0,0	  x0:0x00000000
        7475000	       746	80000dfc	002404b3	add	x9,x8,x2	  x8:0xfffffcbe  x2:0xa13716cd  x9=0xa137138b
        7485000	       747	80000e00	00fb6033	or	x0,x22,x15	 x22:0x00000000 x15:0x00000000
        7495000	       748	80000e04	00cc22b3	slt	x5,x24,x12	 x24:0xea0cb000 x12:0x27e23a4c  x5=0x00000001
        7505000	       749	80000e08	40a982b3	sub	x5,x19,x10	 x19:0x7fff5f8b x10:0x20000000  x5=0x5fff5f8b
        7515000	       750	80000e0c	03950663	beq	x10,x25,80000e38	 x10:0x20000000 x25:0xa3efd000
        7525000	       751	80000e10	6035b913	sltiu	x18,x11,1539	 x11:0x00000050 x18=0x00000001
        7535000	       752	80000e14	6d6f3513	sltiu	x10,x30,1750	 x30:0x00000001 x10=0x00000001
        7545000	       753	80000e18	00989233	sll	x4,x17,x9	 x17:0xb129bbfc  x9:0xa137138b  x4=0x4ddfe000
        7555000	       754	80000e1c	008b9013	slli	x0,x23,0x8	 x23:0x80009fc4
        7565000	       755	80000e20	00295463	bge	x18,x2,80000e28	 x18:0x00000001  x2:0xa13716cd
        7575000	       756	00000000	00000013	addi	x0,x0,0	  x0:0x00000000
        7585000	       757	80000e24	00000013	addi	x0,x0,0	  x0:0x00000000
        7595000	       758	80000e28	01599d13	slli	x26,x19,0x15	 x19:0x7fff5f8b x26=0xf1600000
        7605000	       759	80000e2c	01471e63	bne	x14,x20,80000e48	 x14:0x00000000 x20:0x00000001
        7615000	       760	00000000	00000013	addi	x0,x0,0	  x0:0x00000000
        7625000	       761	80000e44	00000013	addi	x0,x0,0	  x0:0x00000000
        7635000	       762	80000e48	41705433	sra	x8,x0,x23	  x0:0x00000000 x23:0x80009fc4  x8=0x00000000
        7645000	       763	80000e4c	031f4663	blt	x30,x17,80000e78	 x30:0x00000001 x17:0xb129bbfc
        7655000	       764	80000e50	03ae7063	bgeu	x28,x26,80000e70	 x28:0x80009f84 x26:0xf1600000
        7665000	       765	80000e54	75592393	slti	x7,x18,1877	 x18:0x00000001  x7=0x00000001
        7675000	       766	80000e58	008ca133	slt	x2,x25,x8	 x25:0xa3efd000  x8:0x00000000  x2=0x00000001
        7685000	       767	80000e5c	fba95837	lui	x16,0xfba95	 x16=0xfba95000
        7695000	       768	80000e60	c2c208b7	lui	x17,0xc2c20	 x17=0xc2c20000
        7705000	       769	80000e64	dced3a93	sltiu	x21,x26,-562	 x26:0xf1600000 x21=0x00000001
        7715000	       770	80000e68	01c55863	bge	x10,x28,80000e78	 x10:0x00000001 x28:0x80009f84
        7725000	       771	00000000	00000013	addi	x0,x0,0	  x0:0x00000000
        7735000	       772	80000e74	00000013	addi	x0,x0,0	  x0:0x00000000
        7745000	       773	80000e78	01796c63	bltu	x18,x23,80000e90	 x18:0x00000001 x23:0x80009fc4
        7755000	       774	00000000	00000013	addi	x0,x0,0	  x0:0x00000000
        7765000	       775	80000e8c	00000013	addi	x0,x0,0	  x0:0x00000000
        7775000	       776	80000e90	01100133	add	x2,x0,x17	  x0:0x00000000 x17:0xc2c20000  x2=0xc2c20000
        7785000	       777	80000e94	17c2b913	sltiu	x18,x5,380	  x5:0x5fff5f8b x18=0x00000000
        7795000	       778	80000e98	bd953593	sltiu	x11,x10,-1063	 x10:0x00000001 x11=0x00000001
        7805000	       779	80000e9c	001a4333	xor	x6,x20,x1	 x20:0x00000001  x1:0x00000000  x6=0x00000001
        7815000	       780	80000ea0	78a97493	andi	x9,x18,1930	 x18:0x00000000  x9=0x00000000
        7825000	       781	80000ea4	3623b393	sltiu	x7,x7,866	  x7:0x00000001  x7=0x00000001
        7835000	       782	80000ea8	d68be993	ori	x19,x23,-664	 x23:0x80009fc4 x19=0xffffffec
        7845000	       783	80000eac	0760e263	bltu	x1,x22,80000f10	  x1:0x00000000 x22:0x00000000
        7855000	       784	80000eb0	00000013	addi	x0,x0,0	  x0:0x00000000
        7865000	       785	80000eb4	00a60333	add	x6,x12,x10	 x12:0x27e23a4c x10:0x00000001  x6=0x27e23a4d
        7875000	       786	80000eb8	1ad16393	ori	x7,x2,429	  x2:0xc2c20000  x7=0xc2c201ad
        7885000	       787	80000ebc	01c0d1b3	srl	x3,x1,x28	  x1:0x00000000 x28:0x80009f84  x3=0x00000000
        7895000	       788	80000ec0	7139fb13	andi	x22,x19,1811	 x19:0xffffffec x22=0x00000700
        7905000	       789	80000ec4	007e13b3	sll	x7,x28,x7	 x28:0x80009f84  x7:0xc2c201ad  x7=0x13f08000
        7915000	       790	80000ec8	00d938b3	sltu	x17,x18,x13	 x18:0x00000000 x13:0x0000027c x17=0x00000001
        7925000	       791	80000ecc	00001097	auipc	x1,0x1	  x1=0x80001ec8
        7935000	       792	80000ed0	ce408093	addi	x1,x1,-796	  x1:0x80001ec8  x1=0x80001bac
        7945000	       793	80000ed4	0b808093	addi	x1,x1,184	  x1:0x80001bac  x1=0x80001c64
        7955000	       794	80000ed8	41c95333	sra	x6,x18,x28	 x18:0x00000000 x28:0x80009f84  x6=0x00000000
        7965000	       795	80000edc	01becc33	xor	x24,x29,x27	 x29:0x00000000 x27:0x00000000 x24=0x00000000
        7975000	       796	80000ee0	01163fb3	sltu	x31,x12,x17	 x12:0x27e23a4c x17:0x00000001 x31=0x00000000
        7985000	       797	80000ee4	003fe663	bltu	x31,x3,80000ef0	 x31:0x00000000  x3:0x00000000
        7995000	       798	80000ee8	d74f2b13	slti	x22,x30,-652	 x30:0x00000001 x22=0x00000000
        8005000	       799	80000eec	409bd293	srai	x5,x23,0x9	 x23:0x80009fc4  x5=0xffc0004f
        8015000	       800	80000ef0	f4808167	jalr	x2,x1,-184	  x1:0x80001c64  x2=0x80000ef0
        8025000	       801	00000000	00000013	addi	x0,x0,0	  x0:0x00000000
        8035000	       802	80001bac	00000013	addi	x0,x0,0	  x0:0x00000000
        8045000	       803	80001bb0	015969b3	or	x19,x18,x21	 x18:0x00000000 x21:0x00000001 x19=0x00000001
        8055000	       804	80001bb4	41755cb3	sra	x25,x10,x23	 x10:0x00000001 x23:0x80009fc4 x25=0x00000000
        8065000	       805	80001bb8	01098663	beq	x19,x16,80001bc4	 x19:0x00000001 x16:0xfba95000
        8075000	       806	80001bbc	001e2533	slt	x10,x28,x1	 x28:0x80009f84  x1:0x80001c64 x10=0x00000000
        8085000	       807	80001bc0	01e1a233	slt	x4,x3,x30	  x3:0x00000000 x30:0x00000001  x4=0x00000001
        8095000	       808	80001bc4	fcce0e13	addi	x28,x28,-52	 x28:0x80009f84 x28=0x80009f50
        8105000	       809	80001bc8	002e2223	sw	x2,4(x28)	 x28:0x80009f50  x2:0x80000ef0 PA:0x80009f54
        8115000	       810	80001bcc	419c5713	srai	x14,x24,0x19	 x24:0x00000000 x14=0x00000000
        8125000	       811	80001bd0	01831c33	sll	x24,x6,x24	  x6:0x00000000 x24:0x00000000 x24=0x00000000
        8135000	       812	80001bd4	00006117	auipc	x2,0x6	  x2=0x80007bd0
        8145000	       813	80001bd8	6a510113	addi	x2,x2,1701	  x2:0x80007bd0  x2=0x80008275
        8155000	       814	80001bdc	0af10fa3	sb	x15,191(x2)	  x2:0x80008275 x15:0x00000000 PA:0x80008334
        8165000	       815	80001be0	02c14b03	lbu	x22,44(x2)	  x2:0x80008275 x22=0x00000000 PA:0x800082a1
        8175000	       816	80001be4	fea10083	lb	x1,-22(x2)	  x2:0x80008275  x1=0x00000000 PA:0x8000825f
        8185000	       817	80001be8	f6414c83	lbu	x25,-156(x2)	  x2:0x80008275 x25=0x00000000 PA:0x800081d9
        8195000	       818	80001bec	fa310023	sb	x3,-96(x2)	  x2:0x80008275  x3:0x00000000 PA:0x80008215
        8205000	       819	80001bf0	0d9104a3	sb	x25,201(x2)	  x2:0x80008275 x25:0x00000000 PA:0x8000833e
        8215000	       820	80001bf4	017c80b3	add	x1,x25,x23	 x25:0x00000000 x23:0x80009fc4  x1=0x80009fc4
        8225000	       821	80001bf8	41f487b3	sub	x15,x9,x31	  x9:0x00000000 x31:0x00000000 x15=0x00000000
        8235000	       822	80001bfc	05210623	sb	x18,76(x2)	  x2:0x80008275 x18:0x00000000 PA:0x800082c1
        8245000	       823	80001c00	01673533	sltu	x10,x14,x22	 x14:0x00000000 x22:0x00000000 x10=0x00000000
        8255000	       824	80001c04	fe014003	lbu	x0,-32(x2)	  x2:0x80008275 PA:0x80008255
        8265000	       825	80001c08	0e310c03	lb	x24,227(x2)	  x2:0x80008275 x24=0x00000000 PA:0x80008358
        8275000	       826	00000000	00000013	addi	x0,x0,0	  x0:0x00000000
        8285000	       827	80001c0c	de0c0717	auipc	x14,0xde0c0	 x14=0x5e0c1c08
        8295000	       828	80001c10	0009b4b3	sltu	x9,x19,x0	 x19:0x00000001  x0:0x00000000  x9=0x00000000
        8305000	       829	80001c14	feb11803	lh	x16,-21(x2)	  x2:0x80008275 x16=0x00000000 PA:0x80008260
        8315000	       830	00000000	00000013	addi	x0,x0,0	  x0:0x00000000
        8325000	       831	80001c18	00b85d13	srli	x26,x16,0xb	 x16:0x00000000 x26=0x00000000
        8335000	       832	80001c1c	f8814c03	lbu	x24,-120(x2)	  x2:0x80008275 x24=0x00000000 PA:0x800081fd
        8345000	       833	80001c20	f0910203	lb	x4,-247(x2)	  x2:0x80008275  x4=0x00000000 PA:0x8000817e
        8355000	       834	80001c24	f6f12203	lw	x4,-145(x2)	  x2:0x80008275  x4=0x00000000 PA:0x800081e4
        8365000	       835	00000000	00000013	addi	x0,x0,0	  x0:0x00000000
        8375000	       836	80001c28	f8414403	lbu	x8,-124(x2)	  x2:0x80008275  x8=0x00000000 PA:0x800081f9
        8385000	       837	80001c2c	40d9d193	srai	x3,x19,0xd	 x19:0x00000001  x3=0x00000000
        8395000	       838	80001c30	01c14b33	xor	x22,x2,x28	  x2:0x80008275 x28:0x80009f50 x22=0x00001d25
        8405000	       839	80001c34	01fff0b3	and	x1,x31,x31	 x31:0x00000000 x31:0x00000000  x1=0x00000000
        8415000	       840	80001c38	0ba02b13	slti	x22,x0,186	  x0:0x00000000 x22=0x00000001
        8425000	       841	80001c3c	0a312683	lw	x13,163(x2)	  x2:0x80008275 x13=0x00000000 PA:0x80008318
        8435000	       842	80001c40	000739b3	sltu	x19,x14,x0	 x14:0x5e0c1c08  x0:0x00000000 x19=0x00000000
        8445000	       843	80001c44	f0211ea3	sh	x2,-227(x2)	  x2:0x80008275  x2:0x80008275 PA:0x80008192
        8455000	       844	80001c48	08610903	lb	x18,134(x2)	  x2:0x80008275 x18=0x00000000 PA:0x800082fb
        8465000	       845	80001c4c	02d10f83	lb	x31,45(x2)	  x2:0x80008275 x31=0x00000000 PA:0x800082a2
        8475000	       846	80001c50	0cc14303	lbu	x6,204(x2)	  x2:0x80008275  x6=0x00000000 PA:0x80008341
        8485000	       847	80001c54	00006f17	auipc	x30,0x6	 x30=0x80007c50
        8495000	       848	80001c58	6bdf0f13	addi	x30,x30,1725	 x30:0x80007c50 x30=0x8000830d
        8505000	       849	80001c5c	00006c97	auipc	x25,0x6	 x25=0x80007c58
        8515000	       850	80001c60	457c8c93	addi	x25,x25,1111	 x25:0x80007c58 x25=0x800080af
        8525000	       851	80001c64	0b2cc903	lbu	x18,178(x25)	 x25:0x800080af x18=0x00000000 PA:0x80008161
        8535000	       852	80001c68	ffef4983	lbu	x19,-2(x30)	 x30:0x8000830d x19=0x00000000 PA:0x8000830b
        8545000	       853	80001c6c	00006117	auipc	x2,0x6	  x2=0x80007c68
        8555000	       854	80001c70	59f10113	addi	x2,x2,1439	  x2:0x80007c68  x2=0x80008207
        8565000	       855	80001c74	ff3cd403	lhu	x8,-13(x25)	 x25:0x800080af  x8=0x00000000 PA:0x800080a2
        8575000	       856	80001c78	00007597	auipc	x11,0x7	 x11=0x80008c74
        8585000	       857	80001c7c	aac58593	addi	x11,x11,-1364	 x11:0x80008c74 x11=0x80008720
        8595000	       858	80001c80	0255c203	lbu	x4,37(x11)	 x11:0x80008720  x4=0x00000000 PA:0x80008745
        8605000	       859	80001c84	fbbcc003	lbu	x0,-69(x25)	 x25:0x800080af PA:0x8000806a
        8615000	       860	80001c88	0355cf83	lbu	x31,53(x11)	 x11:0x80008720 x31=0x00000000 PA:0x80008755
        8625000	       861	80001c8c	000101a3	sb	x0,3(x2)	  x2:0x80008207  x0:0x00000000 PA:0x8000820a
        8635000	       862	80001c90	ff3f1b03	lh	x22,-13(x30)	 x30:0x8000830d x22=0x00000000 PA:0x80008300
        8645000	       863	80001c94	00d589a3	sb	x13,19(x11)	 x11:0x80008720 x13:0x00000000 PA:0x80008733
        8655000	       864	80001c98	0edcd803	lhu	x16,237(x25)	 x25:0x800080af x16=0x00000000 PA:0x8000819c
        8665000	       865	00000000	00000013	addi	x0,x0,0	  x0:0x00000000
        8675000	       866	80001c9c	ff014503	lbu	x10,-16(x2)	  x2:0x80008207 x10=0x00000000 PA:0x800081f7
        8685000	       867	80001ca0	fce5d383	lhu	x7,-50(x11)	 x11:0x80008720  x7=0x00000000 PA:0x800086ee
        8695000	       868	80001ca4	03814d03	lbu	x26,56(x2)	  x2:0x80008207 x26=0x00000000 PA:0x8000823f
        8705000	       869	80001ca8	ffc59a83	lh	x21,-4(x11)	 x11:0x80008720 x21=0x00000000 PA:0x8000871c
        8715000	       870	80001cac	0a3c9883	lh	x17,163(x25)	 x25:0x800080af x17=0x00000000 PA:0x80008152
        8725000	       871	80001cb0	01a5d803	lhu	x16,26(x11)	 x11:0x80008720 x16=0x00000000 PA:0x8000873a
        8735000	       872	80001cb4	03a10a83	lb	x21,58(x2)	  x2:0x80008207 x21=0x00000000 PA:0x80008241
        8745000	       873	80001cb8	0e3c8623	sb	x3,236(x25)	 x25:0x800080af  x3:0x00000000 PA:0x8000819b
        8755000	       874	80001cbc	ff210b23	sb	x18,-10(x2)	  x2:0x80008207 x18:0x00000000 PA:0x800081fd
        8765000	       875	80001cc0	094c8023	sb	x20,128(x25)	 x25:0x800080af x20:0x00000001 PA:0x8000812f
        8775000	       876	80001cc4	004f0283	lb	x5,4(x30)	 x30:0x8000830d  x5=0x00000000 PA:0x80008311
        8785000	       877	80001cc8	01414083	lbu	x1,20(x2)	  x2:0x80008207  x1=0x00000000 PA:0x8000821b
        8795000	       878	80001ccc	0345d383	lhu	x7,52(x11)	 x11:0x80008720  x7=0x00000000 PA:0x80008754
        8805000	       879	80001cd0	00cf4483	lbu	x9,12(x30)	 x30:0x8000830d  x9=0x00000000 PA:0x80008319
        8815000	       880	80001cd4	08ac8b23	sb	x10,150(x25)	 x25:0x800080af x10:0x00000000 PA:0x80008145
        8825000	       881	80001cd8	01df12a3	sh	x29,5(x30)	 x30:0x8000830d x29:0x00000000 PA:0x80008312
        8835000	       882	80001cdc	fee14503	lbu	x10,-18(x2)	  x2:0x80008207 x10=0x00000000 PA:0x800081f5
        8845000	       883	80001ce0	ffe5d383	lhu	x7,-2(x11)	 x11:0x80008720  x7=0x00000000 PA:0x8000871e
        8855000	       884	80001ce4	024c8e23	sb	x4,60(x25)	 x25:0x800080af  x4:0x00000000 PA:0x800080eb
        8865000	       885	80001ce8	09dca383	lw	x7,157(x25)	 x25:0x800080af  x7=0x00000000 PA:0x8000814c
        8875000	       886	80001cec	fc15c503	lbu	x10,-63(x11)	 x11:0x80008720 x10=0x00000000 PA:0x800086e1
        8885000	       887	80001cf0	00007d17	auipc	x26,0x7	 x26=0x80008cec
        8895000	       888	80001cf4	e88d0d13	addi	x26,x26,-376	 x26:0x80008cec x26=0x80008b74
        8905000	       889	80001cf8	003d0aa3	sb	x3,21(x26)	 x26:0x80008b74  x3:0x00000000 PA:0x80008b89
        8915000	       890	80001cfc	017d0c83	lb	x25,23(x26)	 x26:0x80008b74 x25=0x00000000 PA:0x80008b8b
        8925000	       891	80001d00	017d0903	lb	x18,23(x26)	 x26:0x80008b74 x18=0x00000000 PA:0x80008b8b
        8935000	       892	80001d04	f97d0f23	sb	x23,-98(x26)	 x26:0x80008b74 x23:0x80009fc4 PA:0x80008b12
        8945000	       893	80001d08	fd2d4903	lbu	x18,-46(x26)	 x26:0x80008b74 x18=0x00000000 PA:0x80008b46
        8955000	       894	80001d0c	0a0d0d23	sb	x0,186(x26)	 x26:0x80008b74  x0:0x00000000 PA:0x80008c2e
        8965000	       895	80001d10	00131713	slli	x14,x6,0x1	  x6:0x00000000 x14=0x00000000
        8975000	       896	80001d14	f1bd2c23	sw	x27,-232(x26)	 x26:0x80008b74 x27:0x00000000 PA:0x80008a8c
        8985000	       897	80001d18	001a0db3	add	x27,x20,x1	 x20:0x00000001  x1:0x00000000 x27=0x00000001
        8995000	       898	80001d1c	f04d2c23	sw	x4,-232(x26)	 x26:0x80008b74  x4:0x00000000 PA:0x80008a8c
        9005000	       899	80001d20	005d4183	lbu	x3,5(x26)	 x26:0x80008b74  x3=0x00000000 PA:0x80008b79
        9015000	       900	80001d24	81c70b13	addi	x22,x14,-2020	 x14:0x00000000 x22=0xfffff81c
        9025000	       901	80001d28	f75d0883	lb	x17,-139(x26)	 x26:0x80008b74 x17=0x00000000 PA:0x80008ae9
        9035000	       902	80001d2c	40d60c33	sub	x24,x12,x13	 x12:0x27e23a4c x13:0x00000000 x24=0x27e23a4c
        9045000	       903	80001d30	0b9d4483	lbu	x9,185(x26)	 x26:0x80008b74  x9=0x00000000 PA:0x80008c2d
        9055000	       904	00000000	00000013	addi	x0,x0,0	  x0:0x00000000
        9065000	       905	80001d34	00648933	add	x18,x9,x6	  x9:0x00000000  x6:0x00000000 x18=0x00000000
        9075000	       906	80001d38	adf9ef13	ori	x30,x19,-1313	 x19:0x00000000 x30=0xfffffadf
        9085000	       907	80001d3c	f01d4383	lbu	x7,-255(x26)	 x26:0x80008b74  x7=0x00000000 PA:0x80008a75
        9095000	       908	80001d40	d1eb4d13	xori	x26,x22,-738	 x22:0xfffff81c x26=0x00000502
        9105000	       909	80001d44	1f5890b7	lui	x1,0x1f589	  x1=0x1f589000
        9115000	       910	80001d48	01e50c63	beq	x10,x30,80001d60	 x10:0x00000000 x30:0xfffffadf
        9125000	       911	80001d4c	01c06f33	or	x30,x0,x28	  x0:0x00000000 x28:0x80009f50 x30=0x80009f50
        9135000	       912	80001d50	91a36a93	ori	x21,x6,-1766	  x6:0x00000000 x21=0xfffff91a
        9145000	       913	80001d54	00876033	or	x0,x14,x8	 x14:0x00000000  x8:0x00000000
        9155000	       914	80001d58	00153cb3	sltu	x25,x10,x1	 x10:0x00000000  x1:0x1f589000 x25=0x00000001
        9165000	       915	80001d5c	e9d87093	andi	x1,x16,-355	 x16:0x00000000  x1=0x00000000
        9175000	       916	80001d60	3a533593	sltiu	x11,x6,933	  x6:0x00000000 x11=0x00000001
        9185000	       917	80001d64	00d59633	sll	x12,x11,x13	 x11:0x00000001 x13:0x00000000 x12=0x00000001
        9195000	       918	80001d68	02969463	bne	x13,x9,80001d90	 x13:0x00000000  x9:0x00000000
        9205000	       919	80001d6c	0096d593	srli	x11,x13,0x9	 x13:0x00000000 x11=0x00000000
        9215000	       920	80001d70	0050fc33	and	x24,x1,x5	  x1:0x00000000  x5:0x00000000 x24=0x00000000
        9225000	       921	80001d74	04ad9063	bne	x27,x10,80001db4	 x27:0x00000001 x10:0x00000000
        9235000	       922	00000000	00000013	addi	x0,x0,0	  x0:0x00000000
        9245000	       923	80001db0	00000013	addi	x0,x0,0	  x0:0x00000000
        9255000	       924	80001db4	cd9f2793	slti	x15,x30,-807	 x30:0x80009f50 x15=0x00000001
        9265000	       925	80001db8	019d6b33	or	x22,x26,x25	 x26:0x00000502 x25:0x00000001 x22=0x00000503
        9275000	       926	80001dbc	017e5c33	srl	x24,x28,x23	 x28:0x80009f50 x23:0x80009fc4 x24=0x080009f5
        9285000	       927	80001dc0	00374633	xor	x12,x14,x3	 x14:0x00000000  x3:0x00000000 x12=0x00000000
        9295000	       928	80001dc4	000c1393	slli	x7,x24,0x0	 x24:0x080009f5  x7=0x080009f5
        9305000	       929	80001dc8	5f806a93	ori	x21,x0,1528	  x0:0x00000000 x21=0x000005f8
        9315000	       930	80001dcc	00a45113	srli	x2,x8,0xa	  x8:0x00000000  x2=0x00000000
        9325000	       931	80001dd0	00b6ad33	slt	x26,x13,x11	 x13:0x00000000 x11:0x00000000 x26=0x00000000
        9335000	       932	80001dd4	01802333	slt	x6,x0,x24	  x0:0x00000000 x24:0x080009f5  x6=0x00000001
        9345000	       933	80001dd8	00dcdd13	srli	x26,x25,0xd	 x25:0x00000001 x26=0x00000000
        9355000	       934	80001ddc	00cd0a33	add	x20,x26,x12	 x26:0x00000000 x12:0x00000000 x20=0x00000000
        9365000	       935	80001de0	0117a333	slt	x6,x15,x17	 x15:0x00000001 x17:0x00000000  x6=0x00000000
        9375000	       936	80001de4	41b401b3	sub	x3,x8,x27	  x8:0x00000000 x27:0x00000001  x3=0xffffffff
        9385000	       937	80001de8	01e45993	srli	x19,x8,0x1e	  x8:0x00000000 x19=0x00000000
        9395000	       938	80001dec	419dd0b3	sra	x1,x27,x25	 x27:0x00000001 x25:0x00000001  x1=0x00000000
        9405000	       939	80001df0	01767ab3	and	x21,x12,x23	 x12:0x00000000 x23:0x80009fc4 x21=0x00000000
        9415000	       940	80001df4	40090533	sub	x10,x18,x0	 x18:0x00000000  x0:0x00000000 x10=0x00000000
        9425000	       941	80001df8	27fd3293	sltiu	x5,x26,639	 x26:0x00000000  x5=0x00000001
        9435000	       942	80001dfc	020e4a63	blt	x28,x0,80001e30	 x28:0x80009f50  x0:0x00000000
        9445000	       943	00000000	00000013	addi	x0,x0,0	  x0:0x00000000
        9455000	       944	80001e2c	00000013	addi	x0,x0,0	  x0:0x00000000
        9465000	       945	80001e30	0153a033	slt	x0,x7,x21	  x7:0x080009f5 x21:0x00000000
        9475000	       946	80001e34	010aac33	slt	x24,x21,x16	 x21:0x00000000 x16:0x00000000 x24=0x00000000
        9485000	       947	80001e38	00000013	addi	x0,x0,0	  x0:0x00000000
        9495000	       948	80001e3c	41195033	sra	x0,x18,x17	 x18:0x00000000 x17:0x00000000
        9505000	       949	80001e40	001a9393	slli	x7,x21,0x1	 x21:0x00000000  x7=0x00000000
        9515000	       950	80001e44	00b979b3	and	x19,x18,x11	 x18:0x00000000 x11:0x00000000 x19=0x00000000
        9525000	       951	80001e48	01d38c33	add	x24,x7,x29	  x7:0x00000000 x29:0x00000000 x24=0x00000000
        9535000	       952	80001e4c	7d638b17	auipc	x22,0x7d638	 x22=0xfd639e48
        9545000	       953	80001e50	337c2f13	slti	x30,x24,823	 x24:0x00000000 x30=0x00000001
        9555000	       954	80001e54	ee890793	addi	x15,x18,-280	 x18:0x00000000 x15=0xfffffee8
        9565000	       955	80001e58	0186f5b3	and	x11,x13,x24	 x13:0x00000000 x24:0x00000000 x11=0x00000000
        9575000	       956	80001e5c	5566fb13	andi	x22,x13,1366	 x13:0x00000000 x22=0x00000000
        9585000	       957	80001e60	83fb64b7	lui	x9,0x83fb6	  x9=0x83fb6000
        9595000	       958	80001e64	28854517	auipc	x10,0x28854	 x10=0xa8855e60
        9605000	       959	80001e68	41cf5733	sra	x14,x30,x28	 x30:0x00000001 x28:0x80009f50 x14=0x00000000
        9615000	       960	80001e6c	00411663	bne	x2,x4,80001e78	  x2:0x00000000  x4:0x00000000
        9625000	       961	80001e70	f51bf913	andi	x18,x23,-175	 x23:0x80009fc4 x18=0x80009f40
        9635000	       962	80001e74	f156af13	slti	x30,x13,-235	 x13:0x00000000 x30=0x00000000
        9645000	       963	80001e78	01c12333	slt	x6,x2,x28	  x2:0x00000000 x28:0x80009f50  x6=0x00000000
        9655000	       964	80001e7c	cb37ac93	slti	x25,x15,-845	 x15:0xfffffee8 x25=0x00000000
        9665000	       965	80001e80	409585b3	sub	x11,x11,x9	 x11:0x00000000  x9:0x83fb6000 x11=0x7c04a000
        9675000	       966	80001e84	41c9d413	srai	x8,x19,0x1c	 x19:0x00000000  x8=0x00000000
        9685000	       967	80001e88	034e6f13	ori	x30,x28,52	 x28:0x80009f50 x30=0x80009f74
        9695000	       968	80001e8c	00000013	addi	x0,x0,0	  x0:0x00000000
        9705000	       969	80001e90	00000013	addi	x0,x0,0	  x0:0x00000000
        9715000	       970	80001e94	8d8f6813	ori	x16,x30,-1832	 x30:0x80009f74 x16=0xfffffffc
        9725000	       971	80001e98	02611e63	bne	x2,x6,80001ed4	  x2:0x00000000  x6:0x00000000
        9735000	       972	80001e9c	00685493	srli	x9,x16,0x6	 x16:0xfffffffc  x9=0x03ffffff
        9745000	       973	80001ea0	d2365ab7	lui	x21,0xd2365	 x21=0xd2365000
        9755000	       974	80001ea4	02c59a63	bne	x11,x12,80001ed8	 x11:0x7c04a000 x12:0x00000000
        9765000	       975	00000000	00000013	addi	x0,x0,0	  x0:0x00000000
        9775000	       976	80001ed4	00000013	addi	x0,x0,0	  x0:0x00000000
        9785000	       977	80001ed8	fa5b0793	addi	x15,x22,-91	 x22:0x00000000 x15=0xffffffa5
        9795000	       978	80001edc	00f2fa63	bgeu	x5,x15,80001ef0	  x5:0x00000001 x15:0xffffffa5
        9805000	       979	80001ee0	4b90aa37	lui	x20,0x4b90a	 x20=0x4b90a000
        9815000	       980	80001ee4	00000013	addi	x0,x0,0	  x0:0x00000000
        9825000	       981	80001ee8	00b67333	and	x6,x12,x11	 x12:0x00000000 x11:0x7c04a000  x6=0x00000000
        9835000	       982	80001eec	8eb88b13	addi	x22,x17,-1813	 x17:0x00000000 x22=0xfffff8eb
        9845000	       983	80001ef0	9f5d4693	xori	x13,x26,-1547	 x26:0x00000000 x13=0xfffff9f5
        9855000	       984	80001ef4	01034a63	blt	x6,x16,80001f08	  x6:0x00000000 x16:0xfffffffc
        9865000	       985	80001ef8	019dea33	or	x20,x27,x25	 x27:0x00000001 x25:0x00000000 x20=0x00000001
        9875000	       986	80001efc	96b5b013	sltiu	x0,x11,-1685	 x11:0x7c04a000
        9885000	       987	80001f00	005a88b3	add	x17,x21,x5	 x21:0xd2365000  x5:0x00000001 x17=0xd2365001
        9895000	       988	80001f04	03585c63	bge	x16,x21,80001f3c	 x16:0xfffffffc x21:0xd2365000
        9905000	       989	00000000	00000013	addi	x0,x0,0	  x0:0x00000000
        9915000	       990	80001f38	00000013	addi	x0,x0,0	  x0:0x00000000
        9925000	       991	80001f3c	010914b3	sll	x9,x18,x16	 x18:0x80009f40 x16:0xfffffffc  x9=0x00000000
        9935000	       992	80001f40	f8c14d93	xori	x27,x2,-116	  x2:0x00000000 x27=0xffffff8c
        9945000	       993	80001f44	a56cfd93	andi	x27,x25,-1450	 x25:0x00000000 x27=0x00000000
        9955000	       994	80001f48	01444cb3	xor	x25,x8,x20	  x8:0x00000000 x20:0x00000001 x25=0x00000001
        9965000	       995	80001f4c	00889633	sll	x12,x17,x8	 x17:0xd2365001  x8:0x00000000 x12=0xd2365001
        9975000	       996	80001f50	c6617797	auipc	x15,0xc6617	 x15=0x46618f4c
        9985000	       997	80001f54	00e31b13	slli	x22,x6,0xe	  x6:0x00000000 x22=0x00000000
        9995000	       998	80001f58	0020d4b3	srl	x9,x1,x2	  x1:0x00000000  x2:0x00000000  x9=0x00000000
       10005000	       999	80001f5c	00805ab3	srl	x21,x0,x8	  x0:0x00000000  x8:0x00000000 x21=0x00000000
       10015000	      1000	80001f60	d2991637	lui	x12,0xd2991	 x12=0xd2991000
       10025000	      1001	80001f64	00157463	bgeu	x10,x1,80001f6c	 x10:0xa8855e60  x1:0x00000000
       10035000	      1002	00000000	00000013	addi	x0,x0,0	  x0:0x00000000
       10045000	      1003	80001f68	00000013	addi	x0,x0,0	  x0:0x00000000
       10055000	      1004	80001f6c	411289b3	sub	x19,x5,x17	  x5:0x00000001 x17:0xd2365001 x19=0x2dc9b000
       10065000	      1005	80001f70	0004aa33	slt	x20,x9,x0	  x9:0x00000000  x0:0x00000000 x20=0x00000000
       10075000	      1006	80001f74	02461a63	bne	x12,x4,80001fa8	 x12:0xd2991000  x4:0x00000000
       10085000	      1007	00000000	00000013	addi	x0,x0,0	  x0:0x00000000
       10095000	      1008	80001fa4	00000013	addi	x0,x0,0	  x0:0x00000000
       10105000	      1009	80001fa8	01c31e63	bne	x6,x28,80001fc4	  x6:0x00000000 x28:0x80009f50
       10115000	      1010	00000000	00000013	addi	x0,x0,0	  x0:0x00000000
       10125000	      1011	80001fc0	00000013	addi	x0,x0,0	  x0:0x00000000
       10135000	      1012	80001fc4	00df9593	slli	x11,x31,0xd	 x31:0x00000000 x11=0x00000000
       10145000	      1013	80001fc8	0162bab3	sltu	x21,x5,x22	  x5:0x00000001 x22:0x00000000 x21=0x00000000
       10155000	      1014	80001fcc	f9260f93	addi	x31,x12,-110	 x12:0xd2991000 x31=0xd2990f92
       10165000	      1015	80001fd0	004e2103	lw	x2,4(x28)	 x28:0x80009f50  x2=0x80000ef0 PA:0x80009f54
       10175000	      1016	80001fd4	01ae53b3	srl	x7,x28,x26	 x28:0x80009f50 x26:0x00000000  x7=0x80009f50
       10185000	      1017	80001fd8	00a41533	sll	x10,x8,x10	  x8:0x00000000 x10:0xa8855e60 x10=0x00000000
       10195000	      1018	80001fdc	408f56b3	sra	x13,x30,x8	 x30:0x80009f74  x8:0x00000000 x13=0x80009f74
       10205000	      1019	80001fe0	034e0e13	addi	x28,x28,52	 x28:0x80009f50 x28=0x80009f84
       10215000	      1020	80001fe4	01a70733	add	x14,x14,x26	 x14:0x00000000 x26:0x00000000 x14=0x00000000
       10225000	      1021	80001fe8	005fd033	srl	x0,x31,x5	 x31:0xd2990f92  x5:0x00000001
       10235000	      1022	80001fec	00010f93	addi	x31,x2,0	  x2:0x80000ef0 x31=0x80000ef0
       10245000	      1023	80001ff0	000f8fe7	jalr	x31,x31,0	 x31:0x80000ef0 x31=0x80001ff0
       10255000	      1024	00000000	00000013	addi	x0,x0,0	  x0:0x00000000
       10265000	      1025	80000ef0	00000013	addi	x0,x0,0	  x0:0x00000000
       10275000	      1026	80000ef4	0a627063	bgeu	x4,x6,80000f94	  x4:0x00000000  x6:0x00000000
       10285000	      1027	00000000	00000013	addi	x0,x0,0	  x0:0x00000000
       10295000	      1028	80000f90	00000013	addi	x0,x0,0	  x0:0x00000000
       10305000	      1029	80000f94	f62a6f13	ori	x30,x20,-158	 x20:0x00000000 x30=0xffffff62
       10315000	      1030	80000f98	ca60c413	xori	x8,x1,-858	  x1:0x00000000  x8=0xfffffca6
       10325000	      1031	80000f9c	01331833	sll	x16,x6,x19	  x6:0x00000000 x19:0x2dc9b000 x16=0x00000000
       10335000	      1032	80000fa0	0155afb3	slt	x31,x11,x21	 x11:0x00000000 x21:0x00000000 x31=0x00000000
       10345000	      1033	80000fa4	7f148693	addi	x13,x9,2033	  x9:0x00000000 x13=0x000007f1
       10355000	      1034	80000fa8	03af6263	bltu	x30,x26,80000fcc	 x30:0xffffff62 x26:0x00000000
       10365000	      1035	80000fac	6650dcb7	lui	x25,0x6650d	 x25=0x6650d000
       10375000	      1036	80000fb0	03d84a63	blt	x16,x29,80000fe4	 x16:0x00000000 x29:0x00000000
       10385000	      1037	80000fb4	98b74313	xori	x6,x14,-1653	 x14:0x00000000  x6=0xfffff98b
       10395000	      1038	80000fb8	01c97cb3	and	x25,x18,x28	 x18:0x80009f40 x28:0x80009f84 x25=0x80009f00
       10405000	      1039	80000fbc	015376b3	and	x13,x6,x21	  x6:0xfffff98b x21:0x00000000 x13=0x00000000
       10415000	      1040	80000fc0	416cd813	srai	x16,x25,0x16	 x25:0x80009f00 x16=0xfffffe00
       10425000	      1041	80000fc4	53cc6d17	auipc	x26,0x53cc6	 x26=0xd3cc6fc0
       10435000	      1042	80000fc8	2ac30093	addi	x1,x6,684	  x6:0xfffff98b  x1=0xfffffc37
       10445000	      1043	80000fcc	01419a93	slli	x21,x3,0x14	  x3:0xffffffff x21=0xfff00000
       10455000	      1044	80000fd0	01ff9993	slli	x19,x31,0x1f	 x31:0x00000000 x19=0x00000000
       10465000	      1045	80000fd4	01041333	sll	x6,x8,x16	  x8:0xfffffca6 x16:0xfffffe00  x6=0xfffffca6
       10475000	      1046	80000fd8	83c28013	addi	x0,x5,-1988	  x5:0x00000001
       10485000	      1047	80000fdc	9e1808b7	lui	x17,0x9e180	 x17=0x9e180000
       10495000	      1048	80000fe0	00000013	addi	x0,x0,0	  x0:0x00000000
       10505000	      1049	80000fe4	46fa4997	auipc	x19,0x46fa4	 x19=0xc6fa4fe0
       10515000	      1050	80000fe8	04e14063	blt	x2,x14,80001028	  x2:0x80000ef0 x14:0x00000000
       10525000	      1051	00000000	00000013	addi	x0,x0,0	  x0:0x00000000
       10535000	      1052	80001024	00000013	addi	x0,x0,0	  x0:0x00000000
       10545000	      1053	80001028	006201b3	add	x3,x4,x6	  x4:0x00000000  x6:0xfffffca6  x3=0xfffffca6
       10555000	      1054	8000102c	01ad29b3	slt	x19,x26,x26	 x26:0xd3cc6fc0 x26:0xd3cc6fc0 x19=0x00000000
       10565000	      1055	80001030	00f4ba33	sltu	x20,x9,x15	  x9:0x00000000 x15:0x46618f4c x20=0x00000001
       10575000	      1056	80001034	6ff3ad93	slti	x27,x7,1791	  x7:0x80009f50 x27=0x00000001
       10585000	      1057	80001038	40b702b3	sub	x5,x14,x11	 x14:0x00000000 x11:0x00000000  x5=0x00000000
       10595000	      1058	8000103c	010b1033	sll	x0,x22,x16	 x22:0x00000000 x16:0xfffffe00
       10605000	      1059	80001040	a127c017	auipc	x0,0xa127c	
       10615000	      1060	80001044	02b3fc63	bgeu	x7,x11,8000107c	  x7:0x80009f50 x11:0x00000000
       10625000	      1061	00000000	00000013	addi	x0,x0,0	  x0:0x00000000
       10635000	      1062	80001078	00000013	addi	x0,x0,0	  x0:0x00000000
       10645000	      1063	8000107c	b1e23213	sltiu	x4,x4,-1250	  x4:0x00000000  x4=0x00000001
       10655000	      1064	80001080	4134d6b3	sra	x13,x9,x19	  x9:0x00000000 x19:0x00000000 x13=0x00000000
       10665000	      1065	80001084	041f7463	bgeu	x30,x1,800010cc	 x30:0xffffff62  x1:0xfffffc37
       10675000	      1066	00000000	00000013	addi	x0,x0,0	  x0:0x00000000
       10685000	      1067	800010c8	00000013	addi	x0,x0,0	  x0:0x00000000
       10695000	      1068	800010cc	01925f13	srli	x30,x4,0x19	  x4:0x00000001 x30=0x00000000
       10705000	      1069	800010d0	56ca3637	lui	x12,0x56ca3	 x12=0x56ca3000
       10715000	      1070	800010d4	88a76a13	ori	x20,x14,-1910	 x14:0x00000000 x20=0xfffff88a
       10725000	      1071	800010d8	a5564513	xori	x10,x12,-1451	 x12:0x56ca3000 x10=0xa935ca55
       10735000	      1072	800010dc	4d867d13	andi	x26,x12,1240	 x12:0x56ca3000 x26=0x00000000
       10745000	      1073	800010e0	0161dfb3	srl	x31,x3,x22	  x3:0xfffffca6 x22:0x00000000 x31=0xfffffca6
       10755000	      1074	800010e4	87c439b7	lui	x19,0x87c43	 x19=0x87c43000
       10765000	      1075	800010e8	55a402b7	lui	x5,0x55a40	  x5=0x55a40000
       10775000	      1076	800010ec	ced73713	sltiu	x14,x14,-787	 x14:0x00000000 x14=0x00000001
       10785000	      1077	800010f0	48247013	andi	x0,x8,1154	  x8:0xfffffca6
       10795000	      1078	800010f4	012ae6b3	or	x13,x21,x18	 x21:0xfff00000 x18:0x80009f40 x13=0xfff09f40
       10805000	      1079	800010f8	00306863	bltu	x0,x3,80001108	  x0:0x00000000  x3:0xfffffca6
       10815000	      1080	00000000	00000013	addi	x0,x0,0	  x0:0x00000000
       10825000	      1081	80001104	00000013	addi	x0,x0,0	  x0:0x00000000
       10835000	      1082	80001108	0095db13	srli	x22,x11,0x9	 x11:0x00000000 x22=0x00000000
       10845000	      1083	8000110c	00000013	addi	x0,x0,0	  x0:0x00000000
       10855000	      1084	80001110	00fea833	slt	x16,x29,x15	 x29:0x00000000 x15:0x46618f4c x16=0x00000001
       10865000	      1085	80001114	45375337	lui	x6,0x45375	  x6=0x45375000
       10875000	      1086	80001118	2ea64737	lui	x14,0x2ea64	 x14=0x2ea64000
       10885000	      1087	8000111c	00b43fb3	sltu	x31,x8,x11	  x8:0xfffffca6 x11:0x00000000 x31=0x00000000
       10895000	      1088	80001120	850ea6b7	lui	x13,0x850ea	 x13=0x850ea000
       10905000	      1089	80001124	01bf1733	sll	x14,x30,x27	 x30:0x00000000 x27:0x00000001 x14=0x00000000
       10915000	      1090	80001128	414c86b3	sub	x13,x25,x20	 x25:0x80009f00 x20:0xfffff88a x13=0x8000a676
       10925000	      1091	8000112c	016555b3	srl	x11,x10,x22	 x10:0xa935ca55 x22:0x00000000 x11=0xa935ca55
       10935000	      1092	80001130	00945613	srli	x12,x8,0x9	  x8:0xfffffca6 x12=0x007ffffe
       10945000	      1093	80001134	00e29313	slli	x6,x5,0xe	  x5:0x55a40000  x6=0x00000000
       10955000	      1094	80001138	006f4d33	xor	x26,x30,x6	 x30:0x00000000  x6:0x00000000 x26=0x00000000
       10965000	      1095	8000113c	03b99863	bne	x19,x27,8000116c	 x19:0x87c43000 x27:0x00000001
       10975000	      1096	00000000	00000013	addi	x0,x0,0	  x0:0x00000000
       10985000	      1097	80001168	00000013	addi	x0,x0,0	  x0:0x00000000
       10995000	      1098	8000116c	00228c63	beq	x5,x2,80001184	  x5:0x55a40000  x2:0x80000ef0
       11005000	      1099	80001170	414e0233	sub	x4,x28,x20	 x28:0x80009f84 x20:0xfffff88a  x4=0x8000a6fa
       11015000	      1100	80001174	00d62733	slt	x14,x12,x13	 x12:0x007ffffe x13:0x8000a676 x14=0x00000000
       11025000	      1101	80001178	01f40fb3	add	x31,x8,x31	  x8:0xfffffca6 x31:0x00000000 x31=0xfffffca6
       11035000	      1102	8000117c	0043eb33	or	x22,x7,x4	  x7:0x80009f50  x4:0x8000a6fa x22=0x8000bffa
       11045000	      1103	80001180	0026f133	and	x2,x13,x2	 x13:0x8000a676  x2:0x80000ef0  x2=0x80000670
       11055000	      1104	80001184	525bed37	lui	x26,0x525be	 x26=0x525be000
       11065000	      1105	80001188	0150bfb3	sltu	x31,x1,x21	  x1:0xfffffc37 x21:0xfff00000 x31=0x00000000
       11075000	      1106	8000118c	00000013	addi	x0,x0,0	  x0:0x00000000
       11085000	      1107	80001190	00b2d893	srli	x17,x5,0xb	  x5:0x55a40000 x17=0x000ab480
       11095000	      1108	80001194	4adf6013	ori	x0,x30,1197	 x30:0x00000000
       11105000	      1109	80001198	bb231517	auipc	x10,0xbb231	 x10=0x3b232194
       11115000	      1110	8000119c	32a77d93	andi	x27,x14,810	 x14:0x00000000 x27=0x00000000
       11125000	      1111	800011a0	ef607813	andi	x16,x0,-266	  x0:0x00000000 x16=0x00000000
       11135000	      1112	800011a4	01f21613	slli	x12,x4,0x1f	  x4:0x8000a6fa x12=0x00000000
       11145000	      1113	800011a8	01efb533	sltu	x10,x31,x30	 x31:0x00000000 x30:0x00000000 x10=0x00000000
       11155000	      1114	800011ac	b9d72717	auipc	x14,0xb9d72	 x14=0x39d731a8
       11165000	      1115	800011b0	00e7bdb3	sltu	x27,x15,x14	 x15:0x46618f4c x14:0x39d731a8 x27=0x00000000
       11175000	      1116	800011b4	2922e293	ori	x5,x5,658	  x5:0x55a40000  x5=0x55a40292
       11185000	      1117	800011b8	da71c737	lui	x14,0xda71c	 x14=0xda71c000
       11195000	      1118	800011bc	39ed0013	addi	x0,x26,926	 x26:0x525be000
       11205000	      1119	800011c0	ebdcc393	xori	x7,x25,-323	 x25:0x80009f00  x7=0x7fff61bd
       11215000	      1120	800011c4	00000517	auipc	x10,0x0	 x10=0x800011c0
       11225000	      1121	800011c8	2a050513	addi	x10,x10,672	 x10:0x800011c0 x10=0x80001460
       11235000	      1122	800011cc	00000013	addi	x0,x0,0	  x0:0x00000000
       11245000	      1123	800011d0	ef4a6193	ori	x3,x20,-268	 x20:0xfffff88a  x3=0xfffffefe
       11255000	      1124	800011d4	2d750513	addi	x10,x10,727	 x10:0x80001460 x10=0x80001737
       11265000	      1125	800011d8	000b7933	and	x18,x22,x0	 x22:0x8000bffa  x0:0x00000000 x18=0x00000000
       11275000	      1126	800011dc	41f5d2b3	sra	x5,x11,x31	 x11:0xa935ca55 x31:0x00000000  x5=0xa935ca55
       11285000	      1127	800011e0	d2a50167	jalr	x2,x10,-726	 x10:0x80001737  x2=0x800011e0
       11295000	      1128	00000000	00000013	addi	x0,x0,0	  x0:0x00000000
       11305000	      1129	80001460	00000013	addi	x0,x0,0	  x0:0x00000000
       11315000	      1130	80001464	17d84a13	xori	x20,x16,381	 x16:0x00000000 x20=0x0000017d
       11325000	      1131	80001468	018bc5b3	xor	x11,x23,x24	 x23:0x80009fc4 x24:0x00000000 x11=0x80009fc4
       11335000	      1132	8000146c	410e5f33	sra	x30,x28,x16	 x28:0x80009f84 x16:0x00000000 x30=0x80009f84
       11345000	      1133	80001470	408c5913	srai	x18,x24,0x8	 x24:0x00000000 x18=0x00000000
       11355000	      1134	80001474	017ec8b3	xor	x17,x29,x23	 x29:0x00000000 x23:0x80009fc4 x17=0x80009fc4
       11365000	      1135	80001478	99066713	ori	x14,x12,-1648	 x12:0x00000000 x14=0xfffff990
       11375000	      1136	8000147c	00fbf663	bgeu	x23,x15,80001488	 x23:0x80009fc4 x15:0x46618f4c
       11385000	      1137	00000000	00000013	addi	x0,x0,0	  x0:0x00000000
       11395000	      1138	80001484	00000013	addi	x0,x0,0	  x0:0x00000000
       11405000	      1139	80001488	fe4e0e13	addi	x28,x28,-28	 x28:0x80009f84 x28=0x80009f68
       11415000	      1140	8000148c	002e2223	sw	x2,4(x28)	 x28:0x80009f68  x2:0x800011e0 PA:0x80009f6c
       11425000	      1141	80001490	40570333	sub	x6,x14,x5	 x14:0xfffff990  x5:0xa935ca55  x6=0x56ca2f3b
       11435000	      1142	80001494	00008217	auipc	x4,0x8	  x4=0x80009490
       11445000	      1143	80001498	9c120213	addi	x4,x4,-1599	  x4:0x80009490  x4=0x80008e51
       11455000	      1144	8000149c	00008417	auipc	x8,0x8	  x8=0x80009498
       11465000	      1145	800014a0	82440413	addi	x8,x8,-2012	  x8:0x80009498  x8=0x80008cbc
       11475000	      1146	800014a4	fc640f03	lb	x30,-58(x8)	  x8:0x80008cbc x30=0x00000000 PA:0x80008c82
       11485000	      1147	800014a8	00007117	auipc	x2,0x7	  x2=0x800084a4
       11495000	      1148	800014ac	7f510113	addi	x2,x2,2037	  x2:0x800084a4  x2=0x80008c99
       11505000	      1149	800014b0	00008a97	auipc	x21,0x8	 x21=0x800094ac
       11515000	      1150	800014b4	902a8a93	addi	x21,x21,-1790	 x21:0x800094ac x21=0x80008dae
       11525000	      1151	800014b8	fcdac583	lbu	x11,-51(x21)	 x21:0x80008dae x11=0x00000000 PA:0x80008d7b
       11535000	      1152	800014bc	f4221ea3	sh	x2,-163(x4)	  x4:0x80008e51  x2:0x80008c99 PA:0x80008dae
       11545000	      1153	800014c0	02610083	lb	x1,38(x2)	  x2:0x80008c99  x1=0x00000000 PA:0x80008cbf
       11555000	      1154	800014c4	fc712483	lw	x9,-57(x2)	  x2:0x80008c99  x9=0x00000000 PA:0x80008c60
       11565000	      1155	800014c8	0d120523	sb	x17,202(x4)	  x4:0x80008e51 x17:0x80009fc4 PA:0x80008f1b
       11575000	      1156	800014cc	fe440583	lb	x11,-28(x8)	  x8:0x80008cbc x11=0x00000000 PA:0x80008ca0
       11585000	      1157	800014d0	00007817	auipc	x16,0x7	 x16=0x800084cc
       11595000	      1158	800014d4	69d80813	addi	x16,x16,1693	 x16:0x800084cc x16=0x80008b69
       11605000	      1159	800014d8	00340a03	lb	x20,3(x8)	  x8:0x80008cbc x20=0x00000000 PA:0x80008cbf
       11615000	      1160	800014dc	fc0adf03	lhu	x30,-64(x21)	 x21:0x80008dae x30=0x00000000 PA:0x80008d6e
       11625000	      1161	800014e0	019a80a3	sb	x25,1(x21)	 x21:0x80008dae x25:0x80009f00 PA:0x80008daf
       11635000	      1162	800014e4	ff181983	lh	x19,-15(x16)	 x16:0x80008b69 x19=0x00000000 PA:0x80008b5a
       11645000	      1163	800014e8	fd840823	sb	x24,-48(x8)	  x8:0x80008cbc x24:0x00000000 PA:0x80008c8c
       11655000	      1164	800014ec	fed80b23	sb	x13,-10(x16)	 x16:0x80008b69 x13:0x8000a676 PA:0x80008b5f
       11665000	      1165	800014f0	018827a3	sw	x24,15(x16)	 x16:0x80008b69 x24:0x00000000 PA:0x80008b78
       11675000	      1166	800014f4	04920423	sb	x9,72(x4)	  x4:0x80008e51  x9:0x00000000 PA:0x80008e99
       11685000	      1167	800014f8	01140703	lb	x14,17(x8)	  x8:0x80008cbc x14=0x00000000 PA:0x80008ccd
       11695000	      1168	800014fc	02614483	lbu	x9,38(x2)	  x2:0x80008c99  x9=0x00000000 PA:0x80008cbf
       11705000	      1169	80001500	ff8a8223	sb	x24,-28(x21)	 x21:0x80008dae x24:0x00000000 PA:0x80008d92
       11715000	      1170	80001504	01420883	lb	x17,20(x4)	  x4:0x80008e51 x17=0x00000000 PA:0x80008e65
       11725000	      1171	80001508	00f20d83	lb	x27,15(x4)	  x4:0x80008e51 x27=0x00000000 PA:0x80008e60
       11735000	      1172	8000150c	ff2a8923	sb	x18,-14(x21)	 x21:0x80008dae x18:0x00000000 PA:0x80008da0
       11745000	      1173	80001510	f1322f83	lw	x31,-237(x4)	  x4:0x80008e51 x31=0x00001100 PA:0x80008d64
       11755000	      1174	80001514	fe220fa3	sb	x2,-1(x4)	  x4:0x80008e51  x2:0x80008c99 PA:0x80008e50
       11765000	      1175	80001518	fcf44583	lbu	x11,-49(x8)	  x8:0x80008cbc x11=0x00000000 PA:0x80008c8b
       11775000	      1176	8000151c	02814503	lbu	x10,40(x2)	  x2:0x80008c99 x10=0x00000000 PA:0x80008cc1
       11785000	      1177	80001520	02faca03	lbu	x20,47(x21)	 x21:0x80008dae x20=0x00000000 PA:0x80008ddd
       11795000	      1178	80001524	00680783	lb	x15,6(x16)	 x16:0x80008b69 x15=0x00000000 PA:0x80008b6f
       11805000	      1179	80001528	004a8ca3	sb	x4,25(x21)	 x21:0x80008dae  x4:0x80008e51 PA:0x80008dc7
       11815000	      1180	8000152c	06020503	lb	x10,96(x4)	  x4:0x80008e51 x10=0x00000000 PA:0x80008eb1
       11825000	      1181	80001530	03510983	lb	x19,53(x2)	  x2:0x80008c99 x19=0x00000000 PA:0x80008cce
       11835000	      1182	80001534	fe744003	lbu	x0,-25(x8)	  x8:0x80008cbc PA:0x80008ca3
       11845000	      1183	80001538	00c84c03	lbu	x24,12(x16)	 x16:0x80008b69 x24=0x00000000 PA:0x80008b75
       11855000	      1184	8000153c	00380223	sb	x3,4(x16)	 x16:0x80008b69  x3:0xfffffefe PA:0x80008b6d
       11865000	      1185	80001540	fc7ac383	lbu	x7,-57(x21)	 x21:0x80008dae  x7=0x00000000 PA:0x80008d75
       11875000	      1186	80001544	00684a03	lbu	x20,6(x16)	 x16:0x80008b69 x20=0x00000000 PA:0x80008b6f
       11885000	      1187	80001548	ff680303	lb	x6,-10(x16)	 x16:0x80008b69  x6=0x00000076 PA:0x80008b5f
       11895000	      1188	8000154c	00a80903	lb	x18,10(x16)	 x16:0x80008b69 x18=0x00000000 PA:0x80008b73
       11905000	      1189	80001550	fd540ba3	sb	x21,-41(x8)	  x8:0x80008cbc x21:0x80008dae PA:0x80008c93
       11915000	      1190	80001554	fec10183	lb	x3,-20(x2)	  x2:0x80008c99  x3=0x00000000 PA:0x80008c85
       11925000	      1191	80001558	00a402a3	sb	x10,5(x8)	  x8:0x80008cbc x10:0x00000000 PA:0x80008cc1
       11935000	      1192	8000155c	005acc03	lbu	x24,5(x21)	 x21:0x80008dae x24=0x00000000 PA:0x80008db3
       11945000	      1193	80001560	fd9a85a3	sb	x25,-53(x21)	 x21:0x80008dae x25:0x80009f00 PA:0x80008d79
       11955000	      1194	80001564	00007117	auipc	x2,0x7	  x2=0x80008560
       11965000	      1195	80001568	44e10113	addi	x2,x2,1102	  x2:0x80008560  x2=0x800089ae
       11975000	      1196	8000156c	d894e193	ori	x3,x9,-631	  x9:0x00000000  x3=0xfffffd89
       11985000	      1197	80001570	f8710da3	sb	x7,-101(x2)	  x2:0x800089ae  x7:0x00000000 PA:0x80008949
       11995000	      1198	80001574	f9c10da3	sb	x28,-101(x2)	  x2:0x800089ae x28:0x80009f68 PA:0x80008949
       12005000	      1199	80001578	f9b10403	lb	x8,-101(x2)	  x2:0x800089ae  x8=0x00000068 PA:0x80008949
       12015000	      1200	8000157c	fa710da3	sb	x7,-69(x2)	  x2:0x800089ae  x7:0x00000000 PA:0x80008969
       12025000	      1201	80001580	fbb10503	lb	x10,-69(x2)	  x2:0x800089ae x10=0x00000000 PA:0x80008969
       12035000	      1202	80001584	25b00513	addi	x10,x0,603	  x0:0x00000000 x10=0x0000025b
       12045000	      1203	80001588	005f9913	slli	x18,x31,0x5	 x31:0x00001100 x18=0x00022000
       12055000	      1204	8000158c	f7611083	lh	x1,-138(x2)	  x2:0x800089ae  x1=0x00000000 PA:0x80008924
       12065000	      1205	80001590	0c011a23	sh	x0,212(x2)	  x2:0x800089ae  x0:0x00000000 PA:0x80008a82
       12075000	      1206	80001594	0d414583	lbu	x11,212(x2)	  x2:0x800089ae x11=0x00000000 PA:0x80008a82
       12085000	      1207	80001598	0d810a23	sb	x24,212(x2)	  x2:0x800089ae x24:0x00000000 PA:0x80008a82
       12095000	      1208	8000159c	0128b7b3	sltu	x15,x17,x18	 x17:0x00000000 x18:0x00022000 x15=0x00000001
       12105000	      1209	800015a0	0d711a23	sh	x23,212(x2)	  x2:0x800089ae x23:0x80009fc4 PA:0x80008a82
       12115000	      1210	800015a4	0c811a23	sh	x8,212(x2)	  x2:0x800089ae  x8:0x00000068 PA:0x80008a82
       12125000	      1211	800015a8	f1614683	lbu	x13,-234(x2)	  x2:0x800089ae x13=0x00000000 PA:0x800088c4
       12135000	      1212	800015ac	f1711b23	sh	x23,-234(x2)	  x2:0x800089ae x23:0x80009fc4 PA:0x800088c4
       12145000	      1213	800015b0	f1610603	lb	x12,-234(x2)	  x2:0x800089ae x12=0xffffffc4 PA:0x800088c4
       12155000	      1214	800015b4	fab10503	lb	x10,-85(x2)	  x2:0x800089ae x10=0x00000000 PA:0x80008959
       12165000	      1215	800015b8	fab14303	lbu	x6,-85(x2)	  x2:0x800089ae  x6=0x00000000 PA:0x80008959
       12175000	      1216	800015bc	fab105a3	sb	x11,-85(x2)	  x2:0x800089ae x11:0x00000000 PA:0x80008959
       12185000	      1217	800015c0	00007317	auipc	x6,0x7	  x6=0x800085bc
       12195000	      1218	800015c4	5bd30313	addi	x6,x6,1469	  x6:0x800085bc  x6=0x80008b79
       12205000	      1219	800015c8	00007c17	auipc	x24,0x7	 x24=0x800085c4
       12215000	      1220	800015cc	777c0c13	addi	x24,x24,1911	 x24:0x800085c4 x24=0x80008d3b
       12225000	      1221	800015d0	01c30223	sb	x28,4(x6)	  x6:0x80008b79 x28:0x80009f68 PA:0x80008b7d
       12235000	      1222	800015d4	ffa34783	lbu	x15,-6(x6)	  x6:0x80008b79 x15=0x00000000 PA:0x80008b73
       12245000	      1223	800015d8	00007497	auipc	x9,0x7	  x9=0x800085d4
       12255000	      1224	800015dc	49148493	addi	x9,x9,1169	  x9:0x800085d4  x9=0x80008a65
       12265000	      1225	800015e0	00007297	auipc	x5,0x7	  x5=0x800085dc
       12275000	      1226	800015e4	66d28293	addi	x5,x5,1645	  x5:0x800085dc  x5=0x80008c49
       12285000	      1227	800015e8	00007217	auipc	x4,0x7	  x4=0x800085e4
       12295000	      1228	800015ec	5cf20213	addi	x4,x4,1487	  x4:0x800085e4  x4=0x80008bb3
       12305000	      1229	800015f0	54b4a883	lw	x17,1355(x9)	  x9:0x80008a65 x17=0x00000000 PA:0x80008fb0
       12315000	      1230	800015f4	feb308a3	sb	x11,-15(x6)	  x6:0x80008b79 x11:0x00000000 PA:0x80008b6a
       12325000	      1231	800015f8	f35c1b03	lh	x22,-203(x24)	 x24:0x80008d3b x22=0x00000000 PA:0x80008c70
       12335000	      1232	800015fc	16d4cd03	lbu	x26,365(x9)	  x9:0x80008a65 x26=0x00000000 PA:0x80008bd2
       12345000	      1233	80001600	02d21d83	lh	x27,45(x4)	  x4:0x80008bb3 x27=0x00000000 PA:0x80008be0
       12355000	      1234	80001604	fd020723	sb	x16,-50(x4)	  x4:0x80008bb3 x16:0x80008b69 PA:0x80008b81
       12365000	      1235	80001608	0bb4d183	lhu	x3,187(x9)	  x9:0x80008a65  x3=0x00000000 PA:0x80008b20
       12375000	      1236	8000160c	fe2318a3	sh	x2,-15(x6)	  x6:0x80008b79  x2:0x800089ae PA:0x80008b6a
       12385000	      1237	80001610	f40c0183	lb	x3,-192(x24)	 x24:0x80008d3b  x3=0x00000000 PA:0x80008c7b
       12395000	      1238	80001614	fed25a03	lhu	x20,-19(x4)	  x4:0x80008bb3 x20=0x00000000 PA:0x80008ba0
       12405000	      1239	80001618	ffd30603	lb	x12,-3(x6)	  x6:0x80008b79 x12=0x00000000 PA:0x80008b76
       12415000	      1240	8000161c	3074c403	lbu	x8,775(x9)	  x9:0x80008a65  x8=0x00000000 PA:0x80008d6c
       12425000	      1241	80001620	050c4f03	lbu	x30,80(x24)	 x24:0x80008d3b x30=0x00000000 PA:0x80008d8b
       12435000	      1242	80001624	4e749583	lh	x11,1255(x9)	  x9:0x80008a65 x11=0x00000000 PA:0x80008f4c
       12445000	      1243	80001628	012c0603	lb	x12,18(x24)	 x24:0x80008d3b x12=0x00000000 PA:0x80008d4d
       12455000	      1244	8000162c	ffc30583	lb	x11,-4(x6)	  x6:0x80008b79 x11=0x00000000 PA:0x80008b75
       12465000	      1245	80001630	00128903	lb	x18,1(x5)	  x5:0x80008c49 x18=0x00000000 PA:0x80008c4a
       12475000	      1246	80001634	fdf21903	lh	x18,-33(x4)	  x4:0x80008bb3 x18=0x00000000 PA:0x80008b92
       12485000	      1247	80001638	f83c1803	lh	x16,-125(x24)	 x24:0x80008d3b x16=0x00000000 PA:0x80008cbe
       12495000	      1248	8000163c	45548523	sb	x21,1098(x9)	  x9:0x80008a65 x21:0x80008dae PA:0x80008eaf
       12505000	      1249	80001640	f27c4a83	lbu	x21,-217(x24)	 x24:0x80008d3b x21=0x00000000 PA:0x80008c62
       12515000	      1250	80001644	ffe30b23	sb	x30,-10(x6)	  x6:0x80008b79 x30:0x00000000 PA:0x80008b6f
       12525000	      1251	80001648	36149083	lh	x1,865(x9)	  x9:0x80008a65  x1=0x00005100 PA:0x80008dc6
       12535000	      1252	8000164c	02f25a83	lhu	x21,47(x4)	  x4:0x80008bb3 x21=0x00000000 PA:0x80008be2
       12545000	      1253	80001650	00334883	lbu	x17,3(x6)	  x6:0x80008b79 x17=0x00000000 PA:0x80008b7c
       12555000	      1254	80001654	f8ec4a83	lbu	x21,-114(x24)	 x24:0x80008d3b x21=0x00000001 PA:0x80008cc9
       12565000	      1255	80001658	fde24603	lbu	x12,-34(x4)	  x4:0x80008bb3 x12=0x00000000 PA:0x80008b91
       12575000	      1256	8000165c	c8228a83	lb	x21,-894(x5)	  x5:0x80008c49 x21=0x00000000 PA:0x800088cb
       12585000	      1257	00000000	00000013	addi	x0,x0,0	  x0:0x00000000
       12595000	      1258	80001660	ff534a83	lbu	x21,-11(x6)	  x6:0x80008b79 x21=0x00000000 PA:0x80008b6e
       12605000	      1259	80001664	37729da3	sh	x23,891(x5)	  x5:0x80008c49 x23:0x80009fc4 PA:0x80008fc4
       12615000	      1260	80001668	ff335d03	lhu	x26,-13(x6)	  x6:0x80008b79 x26=0x0000fe00 PA:0x80008b6c
       12625000	      1261	8000166c	df949a83	lh	x21,-519(x9)	  x9:0x80008a65 x21=0x00000000 PA:0x8000885e
       12635000	      1262	80001670	08cc0583	lb	x11,140(x24)	 x24:0x80008d3b x11=0x00000051 PA:0x80008dc7
       12645000	      1263	80001674	1f2289a3	sb	x18,499(x5)	  x5:0x80008c49 x18:0x00000000 PA:0x80008e3c
       12655000	      1264	80001678	0342cd83	lbu	x27,52(x5)	  x5:0x80008c49 x27=0x00000000 PA:0x80008c7d
       12665000	      1265	8000167c	f5648083	lb	x1,-170(x9)	  x9:0x80008a65  x1=0x00000000 PA:0x800089bb
       12675000	      1266	80001680	fbc28803	lb	x16,-68(x5)	  x5:0x80008c49 x16=0x00000000 PA:0x80008c05
       12685000	      1267	80001684	00007c17	auipc	x24,0x7	 x24=0x80008680
       12695000	      1268	80001688	79bc0c13	addi	x24,x24,1947	 x24:0x80008680 x24=0x80008e1b
       12705000	      1269	8000168c	0d3c4483	lbu	x9,211(x24)	 x24:0x80008e1b  x9=0x00000000 PA:0x80008eee
       12715000	      1270	80001690	016d6033	or	x0,x26,x22	 x26:0x0000fe00 x22:0x00000000
       12725000	      1271	80001694	00aa3a33	sltu	x20,x20,x10	 x20:0x00000000 x10:0x00000000 x20=0x00000000
       12735000	      1272	80001698	01622633	slt	x12,x4,x22	  x4:0x80008bb3 x22:0x00000000 x12=0x00000001
       12745000	      1273	8000169c	007889b3	add	x19,x17,x7	 x17:0x00000000  x7:0x00000000 x19=0x00000000
       12755000	      1274	800016a0	b73c0983	lb	x19,-1165(x24)	 x24:0x80008e1b x19=0x00000000 PA:0x8000898e
       12765000	      1275	800016a4	0044b4b3	sltu	x9,x9,x4	  x9:0x00000000  x4:0x80008bb3  x9=0x00000001
       12775000	      1276	800016a8	30a97893	andi	x17,x18,778	 x18:0x00000000 x17=0x00000000
       12785000	      1277	800016ac	fe5c06a3	sb	x5,-19(x24)	 x24:0x80008e1b  x5:0x80008c49 PA:0x80008e08
       12795000	      1278	800016b0	f47c0483	lb	x9,-185(x24)	 x24:0x80008e1b  x9=0x00000000 PA:0x80008d62
       12805000	      1279	800016b4	ad3c1ca3	sh	x19,-1319(x24)	 x24:0x80008e1b x19:0x00000000 PA:0x800088f4
       12815000	      1280	800016b8	005c0723	sb	x5,14(x24)	 x24:0x80008e1b  x5:0x80008c49 PA:0x80008e29
       12825000	      1281	800016bc	1e5d8993	addi	x19,x27,485	 x27:0x00000000 x19=0x000001e5
       12835000	      1282	800016c0	015a89b3	add	x19,x21,x21	 x21:0x00000000 x21:0x00000000 x19=0x00000000
       12845000	      1283	800016c4	dd9c17a3	sh	x25,-561(x24)	 x24:0x80008e1b x25:0x80009f00 PA:0x80008bea
       12855000	      1284	800016c8	787f8613	addi	x12,x31,1927	 x31:0x00001100 x12=0x00001887
       12865000	      1285	800016cc	e56c14a3	sh	x22,-439(x24)	 x24:0x80008e1b x22:0x00000000 PA:0x80008c64
       12875000	      1286	800016d0	c3dc5103	lhu	x2,-963(x24)	 x24:0x80008e1b  x2=0x00000000 PA:0x80008a58
       12885000	      1287	800016d4	21d0a613	slti	x12,x1,541	  x1:0x00000000 x12=0x00000001
       12895000	      1288	800016d8	034c0303	lb	x6,52(x24)	 x24:0x80008e1b  x6=0x00000000 PA:0x80008e4f
       12905000	      1289	800016dc	0fec4083	lbu	x1,254(x24)	 x24:0x80008e1b  x1=0x00000000 PA:0x80008f19
       12915000	      1290	800016e0	de8c0103	lb	x2,-536(x24)	 x24:0x80008e1b  x2=0x00000000 PA:0x80008c03
       12925000	      1291	800016e4	ca7c4d83	lbu	x27,-857(x24)	 x24:0x80008e1b x27=0x00000000 PA:0x80008ac2
       12935000	      1292	800016e8	bb5c0c23	sb	x21,-1096(x24)	 x24:0x80008e1b x21:0x00000000 PA:0x800089d3
       12945000	      1293	800016ec	1ba7e613	ori	x12,x15,442	 x15:0x00000000 x12=0x000001ba
       12955000	      1294	800016f0	000c01a3	sb	x0,3(x24)	 x24:0x80008e1b  x0:0x00000000 PA:0x80008e1e
       12965000	      1295	800016f4	c9d5cb13	xori	x22,x11,-867	 x11:0x00000051 x22=0xfffffccc
       12975000	      1296	800016f8	2487a993	slti	x19,x15,584	 x15:0x00000000 x19=0x00000001
       12985000	      1297	800016fc	cc9c0823	sb	x9,-816(x24)	 x24:0x80008e1b  x9:0x00000000 PA:0x80008aeb
       12995000	      1298	80001700	00000013	addi	x0,x0,0	  x0:0x00000000
       13005000	      1299	80001704	c14c0903	lb	x18,-1004(x24)	 x24:0x80008e1b x18=0x00000000 PA:0x80008a2f
       13015000	      1300	80001708	c6ec4903	lbu	x18,-914(x24)	 x24:0x80008e1b x18=0x00000000 PA:0x80008a89
       13025000	      1301	8000170c	edd57997	auipc	x19,0xedd57	 x19=0x6dd58708
       13035000	      1302	80001710	016cfcb3	and	x25,x25,x22	 x25:0x80009f00 x22:0xfffffccc x25=0x80009c00
       13045000	      1303	80001714	007cccb3	xor	x25,x25,x7	 x25:0x80009c00  x7:0x00000000 x25=0x80009c00
       13055000	      1304	80001718	f3bc5003	lhu	x0,-197(x24)	 x24:0x80008e1b PA:0x80008d56
       13065000	      1305	8000171c	6c68e513	ori	x10,x17,1734	 x17:0x00000000 x10=0x000006c6
       13075000	      1306	80001720	08dc5683	lhu	x13,141(x24)	 x24:0x80008e1b x13=0x00000000 PA:0x80008ea8
       13085000	      1307	80001724	da477d13	andi	x26,x14,-604	 x14:0x00000000 x26=0x00000000
       13095000	      1308	80001728	03ac0d83	lb	x27,58(x24)	 x24:0x80008e1b x27=0x00000000 PA:0x80008e55
       13105000	      1309	8000172c	b79c1d03	lh	x26,-1159(x24)	 x24:0x80008e1b x26=0x00000000 PA:0x80008994
       13115000	      1310	80001730	b93c14a3	sh	x19,-1143(x24)	 x24:0x80008e1b x19:0x6dd58708 PA:0x800089a4
       13125000	      1311	80001734	1b0c0c23	sb	x16,440(x24)	 x24:0x80008e1b x16:0x00000000 PA:0x80008fd3
       13135000	      1312	80001738	ccbc1803	lh	x16,-821(x24)	 x24:0x80008e1b x16=0x00000000 PA:0x80008ae6
       13145000	      1313	8000173c	bffc0123	sb	x31,-1054(x24)	 x24:0x80008e1b x31:0x00001100 PA:0x800089fd
       13155000	      1314	80001740	a96c1ca3	sh	x22,-1383(x24)	 x24:0x80008e1b x22:0xfffffccc PA:0x800088b4
       13165000	      1315	80001744	e1ac4c83	lbu	x25,-486(x24)	 x24:0x80008e1b x25=0x00000000 PA:0x80008c35
       13175000	      1316	80001748	c46c4d03	lbu	x26,-954(x24)	 x24:0x80008e1b x26=0x00000000 PA:0x80008a61
       13185000	      1317	8000174c	f81c1ea3	sh	x1,-99(x24)	 x24:0x80008e1b  x1:0x00000000 PA:0x80008db8
       13195000	      1318	80001750	00007117	auipc	x2,0x7	  x2=0x8000874c
       13205000	      1319	80001754	16510113	addi	x2,x2,357	  x2:0x8000874c  x2=0x800088b1
       13215000	      1320	80001758	0c810a03	lb	x20,200(x2)	  x2:0x800088b1 x20=0x00000000 PA:0x80008979
       13225000	      1321	8000175c	00f10f23	sb	x15,30(x2)	  x2:0x800088b1 x15:0x00000000 PA:0x800088cf
       13235000	      1322	80001760	011a2c33	slt	x24,x20,x17	 x20:0x00000000 x17:0x00000000 x24=0x00000000
       13245000	      1323	80001764	144c3f93	sltiu	x31,x24,324	 x24:0x00000000 x31=0x00000001
       13255000	      1324	80001768	ebcf4d13	xori	x26,x30,-324	 x30:0x00000000 x26=0xfffffebc
       13265000	      1325	8000176c	05210503	lb	x10,82(x2)	  x2:0x800088b1 x10=0x00000000 PA:0x80008903
       13275000	      1326	80001770	0a010a83	lb	x21,160(x2)	  x2:0x800088b1 x21=0x00000000 PA:0x80008951
       13285000	      1327	80001774	60070213	addi	x4,x14,1536	 x14:0x00000000  x4=0x00000600
       13295000	      1328	80001778	08711503	lh	x10,135(x2)	  x2:0x800088b1 x10=0x00000000 PA:0x80008938
       13305000	      1329	8000177c	00e31613	slli	x12,x6,0xe	  x6:0x00000000 x12=0x00000000
       13315000	      1330	80001780	ebb3d517	auipc	x10,0xebb3d	 x10=0x6bb3e77c
       13325000	      1331	80001784	f95100a3	sb	x21,-127(x2)	  x2:0x800088b1 x21:0x00000000 PA:0x80008832
       13335000	      1332	80001788	01a868b3	or	x17,x16,x26	 x16:0x00000000 x26:0xfffffebc x17=0xfffffebc
       13345000	      1333	8000178c	609ff293	andi	x5,x31,1545	 x31:0x00000001  x5=0x00000001
       13355000	      1334	80001790	01564033	xor	x0,x12,x21	 x12:0x00000000 x21:0x00000000
       13365000	      1335	80001794	ff714a83	lbu	x21,-9(x2)	  x2:0x800088b1 x21=0x00000000 PA:0x800088a8
       13375000	      1336	80001798	0e310aa3	sb	x3,245(x2)	  x2:0x800088b1  x3:0x00000000 PA:0x800089a6
       13385000	      1337	8000179c	fc510f83	lb	x31,-59(x2)	  x2:0x800088b1 x31=0x00000000 PA:0x80008876
       13395000	      1338	800017a0	04c14d03	lbu	x26,76(x2)	  x2:0x800088b1 x26=0x00000000 PA:0x800088fd
       13405000	      1339	800017a4	bc8622b7	lui	x5,0xbc862	  x5=0xbc862000
       13415000	      1340	800017a8	005db733	sltu	x14,x27,x5	 x27:0x00000000  x5:0xbc862000 x14=0x00000001
       13425000	      1341	800017ac	09115583	lhu	x11,145(x2)	  x2:0x800088b1 x11=0x00000000 PA:0x80008942
       13435000	      1342	800017b0	01030f33	add	x30,x6,x16	  x6:0x00000000 x16:0x00000000 x30=0x00000000
       13445000	      1343	800017b4	98fbad17	auipc	x26,0x98fba	 x26=0x18fbb7b0
       13455000	      1344	800017b8	0d910d23	sb	x25,218(x2)	  x2:0x800088b1 x25:0x00000000 PA:0x8000898b
       13465000	      1345	800017bc	00903b33	sltu	x22,x0,x9	  x0:0x00000000  x9:0x00000000 x22=0x00000000
       13475000	      1346	800017c0	400a8933	sub	x18,x21,x0	 x21:0x00000000  x0:0x00000000 x18=0x00000000
       13485000	      1347	800017c4	fe315f03	lhu	x30,-29(x2)	  x2:0x800088b1 x30=0x00000000 PA:0x80008894
       13495000	      1348	800017c8	0160a333	slt	x6,x1,x22	  x1:0x00000000 x22:0x00000000  x6=0x00000000
       13505000	      1349	800017cc	40db0a33	sub	x20,x22,x13	 x22:0x00000000 x13:0x00000000 x20=0x00000000
       13515000	      1350	800017d0	feb15203	lhu	x4,-21(x2)	  x2:0x800088b1  x4=0x00000000 PA:0x8000889c
       13525000	      1351	800017d4	00007717	auipc	x14,0x7	 x14=0x800087d0
       13535000	      1352	800017d8	4d170713	addi	x14,x14,1233	 x14:0x800087d0 x14=0x80008ca1
       13545000	      1353	800017dc	f1e72da3	sw	x30,-229(x14)	 x14:0x80008ca1 x30:0x00000000 PA:0x80008bbc
       13555000	      1354	800017e0	f1a70da3	sb	x26,-229(x14)	 x14:0x80008ca1 x26:0x18fbb7b0 PA:0x80008bbc
       13565000	      1355	800017e4	00000013	addi	x0,x0,0	  x0:0x00000000
       13575000	      1356	800017e8	f1572da3	sw	x21,-229(x14)	 x14:0x80008ca1 x21:0x00000000 PA:0x80008bbc
       13585000	      1357	800017ec	f0771da3	sh	x7,-229(x14)	 x14:0x80008ca1  x7:0x00000000 PA:0x80008bbc
       13595000	      1358	800017f0	01f6dfb3	srl	x31,x13,x31	 x13:0x00000000 x31:0x00000000 x31=0x00000000
       13605000	      1359	800017f4	f1b74283	lbu	x5,-229(x14)	 x14:0x80008ca1  x5=0x00000000 PA:0x80008bbc
       13615000	      1360	800017f8	2d788b13	addi	x22,x17,727	 x17:0xfffffebc x22=0x00000193
       13625000	      1361	800017fc	f1070da3	sb	x16,-229(x14)	 x14:0x80008ca1 x16:0x00000000 PA:0x80008bbc
       13635000	      1362	80001800	b706a293	slti	x5,x13,-1168	 x13:0x00000000  x5=0x00000000
       13645000	      1363	80001804	f1b70803	lb	x16,-229(x14)	 x14:0x80008ca1 x16=0x00000000 PA:0x80008bbc
       13655000	      1364	80001808	f2370aa3	sb	x3,-203(x14)	 x14:0x80008ca1  x3:0x00000000 PA:0x80008bd6
       13665000	      1365	8000180c	f3570d03	lb	x26,-203(x14)	 x14:0x80008ca1 x26=0x00000000 PA:0x80008bd6
       13675000	      1366	80001810	f3571903	lh	x18,-203(x14)	 x14:0x80008ca1 x18=0x00000000 PA:0x80008bd6
       13685000	      1367	80001814	f3571f83	lh	x31,-203(x14)	 x14:0x80008ca1 x31=0x00000000 PA:0x80008bd6
       13695000	      1368	80001818	0187b4b3	sltu	x9,x15,x24	 x15:0x00000000 x24:0x00000000  x9=0x00000000
       13705000	      1369	8000181c	f3571003	lh	x0,-203(x14)	 x14:0x80008ca1 PA:0x80008bd6
       13715000	      1370	80001820	f2571aa3	sh	x5,-203(x14)	 x14:0x80008ca1  x5:0x00000000 PA:0x80008bd6
       13725000	      1371	80001824	f3571383	lh	x7,-203(x14)	 x14:0x80008ca1  x7=0x00000000 PA:0x80008bd6
       13735000	      1372	80001828	01e163b3	or	x7,x2,x30	  x2:0x800088b1 x30:0x00000000  x7=0x800088b1
       13745000	      1373	8000182c	41cedf13	srai	x30,x29,0x1c	 x29:0x00000000 x30=0x00000000
       13755000	      1374	80001830	01010933	add	x18,x2,x16	  x2:0x800088b1 x16:0x00000000 x18=0x800088b1
       13765000	      1375	80001834	01e9b3b3	sltu	x7,x19,x30	 x19:0x6dd58708 x30:0x00000000  x7=0x00000000
       13775000	      1376	80001838	010629b3	slt	x19,x12,x16	 x12:0x00000000 x16:0x00000000 x19=0x00000000
       13785000	      1377	8000183c	e0b40993	addi	x19,x8,-501	  x8:0x00000000 x19=0xfffffe0b
       13795000	      1378	80001840	039aea63	bltu	x21,x25,80001874	 x21:0x00000000 x25:0x00000000
       13805000	      1379	80001844	00c4d033	srl	x0,x9,x12	  x9:0x00000000 x12:0x00000000
       13815000	      1380	80001848	002b9413	slli	x8,x23,0x2	 x23:0x80009fc4  x8=0x00027f10
       13825000	      1381	8000184c	03487063	bgeu	x16,x20,8000186c	 x16:0x00000000 x20:0x00000000
       13835000	      1382	00000000	00000013	addi	x0,x0,0	  x0:0x00000000
       13845000	      1383	80001868	00000013	addi	x0,x0,0	  x0:0x00000000
       13855000	      1384	8000186c	00014933	xor	x18,x2,x0	  x2:0x800088b1  x0:0x00000000 x18=0x800088b1
       13865000	      1385	80001870	010d3cb3	sltu	x25,x26,x16	 x26:0x00000000 x16:0x00000000 x25=0x00000000
       13875000	      1386	80001874	01f00c63	beq	x0,x31,8000188c	  x0:0x00000000 x31:0x00000000
       13885000	      1387	00000000	00000013	addi	x0,x0,0	  x0:0x00000000
       13895000	      1388	80001888	00000013	addi	x0,x0,0	  x0:0x00000000
       13905000	      1389	8000188c	0002e433	or	x8,x5,x0	  x5:0x00000000  x0:0x00000000  x8=0x00000000
       13915000	      1390	80001890	407d6393	ori	x7,x26,1031	 x26:0x00000000  x7=0x00000407
       13925000	      1391	80001894	00000013	addi	x0,x0,0	  x0:0x00000000
       13935000	      1392	80001898	32e3ab13	slti	x22,x7,814	  x7:0x00000407 x22=0x00000000
       13945000	      1393	8000189c	d7ea5ab7	lui	x21,0xd7ea5	 x21=0xd7ea5000
       13955000	      1394	800018a0	6de3fa93	andi	x21,x7,1758	  x7:0x00000407 x21=0x00000406
       13965000	      1395	800018a4	40a1d033	sra	x0,x3,x10	  x3:0x00000000 x10:0x6bb3e77c
       13975000	      1396	800018a8	01704663	blt	x0,x23,800018b4	  x0:0x00000000 x23:0x80009fc4
       13985000	      1397	800018ac	00000013	addi	x0,x0,0	  x0:0x00000000
       13995000	      1398	800018b0	00000013	addi	x0,x0,0	  x0:0x00000000
       14005000	      1399	800018b4	01991db3	sll	x27,x18,x25	 x18:0x800088b1 x25:0x00000000 x27=0x800088b1
       14015000	      1400	800018b8	40fe8133	sub	x2,x29,x15	 x29:0x00000000 x15:0x00000000  x2=0x00000000
       14025000	      1401	800018bc	fe18c493	xori	x9,x17,-31	 x17:0xfffffebc  x9=0x0000015d
       14035000	      1402	800018c0	40296593	ori	x11,x18,1026	 x18:0x800088b1 x11=0x80008cb3
       14045000	      1403	800018c4	778ea613	slti	x12,x29,1912	 x29:0x00000000 x12=0x00000001
       14055000	      1404	800018c8	308cc4b7	lui	x9,0x308cc	  x9=0x308cc000
       14065000	      1405	800018cc	00000013	addi	x0,x0,0	  x0:0x00000000
       14075000	      1406	800018d0	00000013	addi	x0,x0,0	  x0:0x00000000
       14085000	      1407	800018d4	00e6c5b3	xor	x11,x13,x14	 x13:0x00000000 x14:0x80008ca1 x11=0x80008ca1
       14095000	      1408	800018d8	403d5f33	sra	x30,x26,x3	 x26:0x00000000  x3:0x00000000 x30=0x00000000
       14105000	      1409	800018dc	00000013	addi	x0,x0,0	  x0:0x00000000
       14115000	      1410	800018e0	014cff33	and	x30,x25,x20	 x25:0x00000000 x20:0x00000000 x30=0x00000000
       14125000	      1411	800018e4	c28d7613	andi	x12,x26,-984	 x26:0x00000000 x12=0x00000000
       14135000	      1412	800018e8	0064d093	srli	x1,x9,0x6	  x9:0x308cc000  x1=0x00c23300
       14145000	      1413	800018ec	01ad08b3	add	x17,x26,x26	 x26:0x00000000 x26:0x00000000 x17=0x00000000
       14155000	      1414	800018f0	04d78263	beq	x15,x13,80001934	 x15:0x00000000 x13:0x00000000
       14165000	      1415	00000000	00000013	addi	x0,x0,0	  x0:0x00000000
       14175000	      1416	80001930	00000013	addi	x0,x0,0	  x0:0x00000000
       14185000	      1417	80001934	00979a33	sll	x20,x15,x9	 x15:0x00000000  x9:0x308cc000 x20=0x00000000
       14195000	      1418	80001938	41a70333	sub	x6,x14,x26	 x14:0x80008ca1 x26:0x00000000  x6=0x80008ca1
       14205000	      1419	8000193c	014e5033	srl	x0,x28,x20	 x28:0x80009f68 x20:0x00000000
       14215000	      1420	80001940	801a7697	auipc	x13,0x801a7	 x13=0x001a893c
       14225000	      1421	80001944	012eefb3	or	x31,x29,x18	 x29:0x00000000 x18:0x800088b1 x31=0x800088b1
       14235000	      1422	80001948	1759e193	ori	x3,x19,373	 x19:0xfffffe0b  x3=0xffffff7f
       14245000	      1423	8000194c	d218ec13	ori	x24,x17,-735	 x17:0x00000000 x24=0xfffffd21
       14255000	      1424	80001950	02acf263	bgeu	x25,x10,80001974	 x25:0x00000000 x10:0x6bb3e77c
       14265000	      1425	80001954	00101693	slli	x13,x0,0x1	  x0:0x00000000 x13=0x00000000
       14275000	      1426	80001958	40780cb3	sub	x25,x16,x7	 x16:0x00000000  x7:0x00000407 x25=0xfffffbf9
       14285000	      1427	8000195c	00a2a033	slt	x0,x5,x10	  x5:0x00000000 x10:0x6bb3e77c
       14295000	      1428	80001960	54338d13	addi	x26,x7,1347	  x7:0x00000407 x26=0x0000094a
       14305000	      1429	80001964	0028bcb3	sltu	x25,x17,x2	 x17:0x00000000  x2:0x00000000 x25=0x00000000
       14315000	      1430	80001968	401ad293	srai	x5,x21,0x1	 x21:0x00000406  x5=0x00000203
       14325000	      1431	8000196c	ca186413	ori	x8,x16,-863	 x16:0x00000000  x8=0xfffffca1
       14335000	      1432	80001970	0122d863	bge	x5,x18,80001980	  x5:0x00000203 x18:0x800088b1
       14345000	      1433	00000000	00000013	addi	x0,x0,0	  x0:0x00000000
       14355000	      1434	8000197c	00000013	addi	x0,x0,0	  x0:0x00000000
       14365000	      1435	80001980	00a55493	srli	x9,x10,0xa	 x10:0x6bb3e77c  x9=0x001aecf9
       14375000	      1436	80001984	01d70f33	add	x30,x14,x29	 x14:0x80008ca1 x29:0x00000000 x30=0x80008ca1
       14385000	      1437	80001988	149d7313	andi	x6,x26,329	 x26:0x0000094a  x6=0x00000148
       14395000	      1438	8000198c	ef59bc93	sltiu	x25,x19,-267	 x19:0xfffffe0b x25=0x00000001
       14405000	      1439	80001990	004bd0b3	srl	x1,x23,x4	 x23:0x80009fc4  x4:0x00000000  x1=0x80009fc4
       14415000	      1440	80001994	405a80b3	sub	x1,x21,x5	 x21:0x00000406  x5:0x00000203  x1=0x00000203
       14425000	      1441	80001998	01a246b3	xor	x13,x4,x26	  x4:0x00000000 x26:0x0000094a x13=0x0000094a
       14435000	      1442	8000199c	05f29663	bne	x5,x31,800019e8	  x5:0x00000203 x31:0x800088b1
       14445000	      1443	00000000	00000013	addi	x0,x0,0	  x0:0x00000000
       14455000	      1444	800019e4	00000013	addi	x0,x0,0	  x0:0x00000000
       14465000	      1445	800019e8	29688c93	addi	x25,x17,662	 x17:0x00000000 x25=0x00000296
       14475000	      1446	800019ec	01ad8d33	add	x26,x27,x26	 x27:0x800088b1 x26:0x0000094a x26=0x800091fb
       14485000	      1447	800019f0	03d04263	blt	x0,x29,80001a14	  x0:0x00000000 x29:0x00000000
       14495000	      1448	800019f4	86a96013	ori	x0,x18,-1942	 x18:0x800088b1
       14505000	      1449	800019f8	00d30b33	add	x22,x6,x13	  x6:0x00000148 x13:0x0000094a x22=0x00000a92
       14515000	      1450	800019fc	03349263	bne	x9,x19,80001a20	  x9:0x001aecf9 x19:0xfffffe0b
       14525000	      1451	00000000	00000013	addi	x0,x0,0	  x0:0x00000000
       14535000	      1452	80001a1c	00000013	addi	x0,x0,0	  x0:0x00000000
       14545000	      1453	80001a20	016f9663	bne	x31,x22,80001a2c	 x31:0x800088b1 x22:0x00000a92
       14555000	      1454	00000000	00000013	addi	x0,x0,0	  x0:0x00000000
       14565000	      1455	80001a28	00000013	addi	x0,x0,0	  x0:0x00000000
       14575000	      1456	80001a2c	82df3a13	sltiu	x20,x30,-2003	 x30:0x80008ca1 x20=0x00000001
       14585000	      1457	80001a30	4b796597	auipc	x11,0x4b796	 x11=0xcb797a2c
       14595000	      1458	80001a34	01ccb4b3	sltu	x9,x25,x28	 x25:0x00000296 x28:0x80009f68  x9=0x00000001
       14605000	      1459	80001a38	00d02433	slt	x8,x0,x13	  x0:0x00000000 x13:0x0000094a  x8=0x00000001
       14615000	      1460	80001a3c	01ce5893	srli	x17,x28,0x1c	 x28:0x80009f68 x17=0x00000008
       14625000	      1461	80001a40	3136f393	andi	x7,x13,787	 x13:0x0000094a  x7=0x00000102
       14635000	      1462	80001a44	a56687b7	lui	x15,0xa5668	 x15=0xa5668000
       14645000	      1463	80001a48	013db833	sltu	x16,x27,x19	 x27:0x800088b1 x19:0xfffffe0b x16=0x00000001
       14655000	      1464	80001a4c	01dddf33	srl	x30,x27,x29	 x27:0x800088b1 x29:0x00000000 x30=0x800088b1
       14665000	      1465	80001a50	95700217	auipc	x4,0x95700	  x4=0x15701a4c
       14675000	      1466	80001a54	00f6b7b3	sltu	x15,x13,x15	 x13:0x0000094a x15:0xa5668000 x15=0x00000001
       14685000	      1467	80001a58	01f33d33	sltu	x26,x6,x31	  x6:0x00000148 x31:0x800088b1 x26=0x00000001
       14695000	      1468	80001a5c	01b74633	xor	x12,x14,x27	 x14:0x80008ca1 x27:0x800088b1 x12=0x00000410
       14705000	      1469	80001a60	415457b3	sra	x15,x8,x21	  x8:0x00000001 x21:0x00000406 x15=0x00000000
       14715000	      1470	80001a64	00f625b3	slt	x11,x12,x15	 x12:0x00000410 x15:0x00000000 x11=0x00000000
       14725000	      1471	80001a68	bda975b7	lui	x11,0xbda97	 x11=0xbda97000
       14735000	      1472	80001a6c	dc950713	addi	x14,x10,-567	 x10:0x6bb3e77c x14=0x6bb3e545
       14745000	      1473	80001a70	012c0433	add	x8,x24,x18	 x24:0xfffffd21 x18:0x800088b1  x8=0x800085d2
       14755000	      1474	80001a74	40a8d533	sra	x10,x17,x10	 x17:0x00000008 x10:0x6bb3e77c x10=0x00000000
       14765000	      1475	80001a78	3c4dc493	xori	x9,x27,964	 x27:0x800088b1  x9=0x80008b75
       14775000	      1476	80001a7c	02e61463	bne	x12,x14,80001aa4	 x12:0x00000410 x14:0x6bb3e545
       14785000	      1477	00000000	00000013	addi	x0,x0,0	  x0:0x00000000
       14795000	      1478	80001aa0	00000013	addi	x0,x0,0	  x0:0x00000000
       14805000	      1479	80001aa4	024c9263	bne	x25,x4,80001ac8	 x25:0x00000296  x4:0x15701a4c
       14815000	      1480	00000000	00000013	addi	x0,x0,0	  x0:0x00000000
       14825000	      1481	80001ac4	00000013	addi	x0,x0,0	  x0:0x00000000
       14835000	      1482	80001ac8	007ef863	bgeu	x29,x7,80001ad8	 x29:0x00000000  x7:0x00000102
       14845000	      1483	80001acc	da83cd13	xori	x26,x7,-600	  x7:0x00000102 x26=0xfffffcaa
       14855000	      1484	80001ad0	00000013	addi	x0,x0,0	  x0:0x00000000
       14865000	      1485	80001ad4	b4d7a213	slti	x4,x15,-1203	 x15:0x00000000  x4=0x00000000
       14875000	      1486	80001ad8	01d36863	bltu	x6,x29,80001ae8	  x6:0x00000148 x29:0x00000000
       14885000	      1487	80001adc	0103a133	slt	x2,x7,x16	  x7:0x00000102 x16:0x00000001  x2=0x00000000
       14895000	      1488	80001ae0	0375c063	blt	x11,x23,80001b00	 x11:0xbda97000 x23:0x80009fc4
       14905000	      1489	80001ae4	0331f863	bgeu	x3,x19,80001b14	  x3:0xffffff7f x19:0xfffffe0b
       14915000	      1490	00000000	00000013	addi	x0,x0,0	  x0:0x00000000
       14925000	      1491	80001b10	00000013	addi	x0,x0,0	  x0:0x00000000
       14935000	      1492	80001b14	00fa1733	sll	x14,x20,x15	 x20:0x00000001 x15:0x00000000 x14=0x00000001
       14945000	      1493	80001b18	00f95913	srli	x18,x18,0xf	 x18:0x800088b1 x18=0x00010001
       14955000	      1494	80001b1c	81030913	addi	x18,x6,-2032	  x6:0x00000148 x18=0xfffff958
       14965000	      1495	80001b20	41d3db33	sra	x22,x7,x29	  x7:0x00000102 x29:0x00000000 x22=0x00000102
       14975000	      1496	80001b24	e3217a13	andi	x20,x2,-462	  x2:0x00000000 x20=0x00000000
       14985000	      1497	80001b28	43e90493	addi	x9,x18,1086	 x18:0xfffff958  x9=0xfffffd96
       14995000	      1498	80001b2c	01659f13	slli	x30,x11,0x16	 x11:0xbda97000 x30=0x00000000
       15005000	      1499	80001b30	009c5263	bge	x24,x9,80001b34	 x24:0xfffffd21  x9:0xfffffd96
       15015000	      1500	80001b34	05dbf663	bgeu	x23,x29,80001b80	 x23:0x80009fc4 x29:0x00000000
       15025000	      1501	00000000	00000013	addi	x0,x0,0	  x0:0x00000000
       15035000	      1502	80001b7c	00000013	addi	x0,x0,0	  x0:0x00000000
       15045000	      1503	80001b80	00000013	addi	x0,x0,0	  x0:0x00000000
       15055000	      1504	80001b84	00091993	slli	x19,x18,0x0	 x18:0xfffff958 x19=0xfffff958
       15065000	      1505	80001b88	011df933	and	x18,x27,x17	 x27:0x800088b1 x17:0x00000008 x18=0x00000000
       15075000	      1506	80001b8c	01fd9263	bne	x27,x31,80001b90	 x27:0x800088b1 x31:0x800088b1
       15085000	      1507	80001b90	01a06133	or	x2,x0,x26	  x0:0x00000000 x26:0xfffffcaa  x2=0xfffffcaa
       15095000	      1508	80001b94	004656b3	srl	x13,x12,x4	 x12:0x00000410  x4:0x00000000 x13=0x00000410
       15105000	      1509	80001b98	004e2103	lw	x2,4(x28)	 x28:0x80009f68  x2=0x800011e0 PA:0x80009f6c
       15115000	      1510	80001b9c	cb26f437	lui	x8,0xcb26f	  x8=0xcb26f000
       15125000	      1511	80001ba0	01ce0e13	addi	x28,x28,28	 x28:0x80009f68 x28=0x80009f84
       15135000	      1512	80001ba4	419a86b3	sub	x13,x21,x25	 x21:0x00000406 x25:0x00000296 x13=0x00000170
       15145000	      1513	80001ba8	00110913	addi	x18,x2,1	  x2:0x800011e0 x18=0x800011e1
       15155000	      1514	80001bac	00090967	jalr	x18,x18,0	 x18:0x800011e1 x18=0x80001bac
       15165000	      1515	00000000	00000013	addi	x0,x0,0	  x0:0x00000000
       15175000	      1516	800011e0	00000013	addi	x0,x0,0	  x0:0x00000000
       15185000	      1517	800011e4	a0426993	ori	x19,x4,-1532	  x4:0x00000000 x19=0xfffffa04
       15195000	      1518	800011e8	0495d063	bge	x11,x9,80001228	 x11:0xbda97000  x9:0xfffffd96
       15205000	      1519	800011ec	00ed22b3	slt	x5,x26,x14	 x26:0xfffffcaa x14:0x00000001  x5=0x00000001
       15215000	      1520	800011f0	00000013	addi	x0,x0,0	  x0:0x00000000
       15225000	      1521	800011f4	49c92113	slti	x2,x18,1180	 x18:0x80001bac  x2=0x00000001
       15235000	      1522	800011f8	0232fa63	bgeu	x5,x3,8000122c	  x5:0x00000001  x3:0xffffff7f
       15245000	      1523	800011fc	03911c63	bne	x2,x25,80001234	  x2:0x00000001 x25:0x00000296
       15255000	      1524	00000000	00000013	addi	x0,x0,0	  x0:0x00000000
       15265000	      1525	80001230	00000013	addi	x0,x0,0	  x0:0x00000000
       15275000	      1526	80001234	da632193	slti	x3,x6,-602	  x6:0x00000148  x3=0x00000000
       15285000	      1527	80001238	0160f533	and	x10,x1,x22	  x1:0x00000203 x22:0x00000102 x10=0x00000002
       15295000	      1528	8000123c	5e93c993	xori	x19,x7,1513	  x7:0x00000102 x19=0x000004eb
       15305000	      1529	80001240	1fccbd93	sltiu	x27,x25,508	 x25:0x00000296 x27=0x00000000
       15315000	      1530	80001244	416adc13	srai	x24,x21,0x16	 x21:0x00000406 x24=0x00000000
       15325000	      1531	80001248	01afb5b3	sltu	x11,x31,x26	 x31:0x800088b1 x26:0xfffffcaa x11=0x00000001
       15335000	      1532	8000124c	30304893	xori	x17,x0,771	  x0:0x00000000 x17=0x00000303
       15345000	      1533	80001250	001fd863	bge	x31,x1,80001260	 x31:0x800088b1  x1:0x00000203
       15355000	      1534	80001254	00243fb3	sltu	x31,x8,x2	  x8:0xcb26f000  x2:0x00000001 x31=0x00000000
       15365000	      1535	80001258	023d1c63	bne	x26,x3,80001290	 x26:0xfffffcaa  x3:0x00000000
       15375000	      1536	00000000	00000013	addi	x0,x0,0	  x0:0x00000000
       15385000	      1537	8000128c	00000013	addi	x0,x0,0	  x0:0x00000000
       15395000	      1538	80001290	52e1a693	slti	x13,x3,1326	  x3:0x00000000 x13=0x00000001
       15405000	      1539	80001294	417780b3	sub	x1,x15,x23	 x15:0x00000000 x23:0x80009fc4  x1=0x7fff603c
       15415000	      1540	80001298	3d065217	auipc	x4,0x3d065	  x4=0xbd066294
       15425000	      1541	8000129c	407859b3	sra	x19,x16,x7	 x16:0x00000001  x7:0x00000102 x19=0x00000000
       15435000	      1542	800012a0	fb18af93	slti	x31,x17,-79	 x17:0x00000303 x31=0x00000000
       15445000	      1543	800012a4	49acca93	xori	x21,x25,1178	 x25:0x00000296 x21=0x0000060c
       15455000	      1544	800012a8	00000013	addi	x0,x0,0	  x0:0x00000000
       15465000	      1545	800012ac	04899663	bne	x19,x8,800012f8	 x19:0x00000000  x8:0xcb26f000
       15475000	      1546	00000000	00000013	addi	x0,x0,0	  x0:0x00000000
       15485000	      1547	800012f4	00000013	addi	x0,x0,0	  x0:0x00000000
       15495000	      1548	800012f8	02a81063	bne	x16,x10,80001318	 x16:0x00000001 x10:0x00000002
       15505000	      1549	00000000	00000013	addi	x0,x0,0	  x0:0x00000000
       15515000	      1550	80001314	00000013	addi	x0,x0,0	  x0:0x00000000
       15525000	      1551	80001318	007328b3	slt	x17,x6,x7	  x6:0x00000148  x7:0x00000102 x17=0x00000000
       15535000	      1552	8000131c	00000013	addi	x0,x0,0	  x0:0x00000000
       15545000	      1553	80001320	001ba9b3	slt	x19,x23,x1	 x23:0x80009fc4  x1:0x7fff603c x19=0x00000001
       15555000	      1554	80001324	0146a733	slt	x14,x13,x20	 x13:0x00000001 x20:0x00000000 x14=0x00000000
       15565000	      1555	80001328	dbfda213	slti	x4,x27,-577	 x27:0x00000000  x4=0x00000000
       15575000	      1556	8000132c	01626533	or	x10,x4,x22	  x4:0x00000000 x22:0x00000102 x10=0x00000102
       15585000	      1557	80001330	02c58063	beq	x11,x12,80001350	 x11:0x00000001 x12:0x00000410
       15595000	      1558	80001334	016e96b3	sll	x13,x29,x22	 x29:0x00000000 x22:0x00000102 x13=0x00000000
       15605000	      1559	80001338	e0c330b7	lui	x1,0xe0c33	  x1=0xe0c33000
       15615000	      1560	8000133c	41af5a13	srai	x20,x30,0x1a	 x30:0x00000000 x20=0x00000000
       15625000	      1561	80001340	011d45b3	xor	x11,x26,x17	 x26:0xfffffcaa x17:0x00000000 x11=0xfffffcaa
       15635000	      1562	80001344	7e2b4393	xori	x7,x22,2018	 x22:0x00000102  x7=0x000006e0
       15645000	      1563	80001348	c390a793	slti	x15,x1,-967	  x1:0xe0c33000 x15=0x00000001
       15655000	      1564	8000134c	04770263	beq	x14,x7,80001390	 x14:0x00000000  x7:0x000006e0
       15665000	      1565	80001350	d23c2197	auipc	x3,0xd23c2	  x3=0x523c334c
       15675000	      1566	80001354	00000013	addi	x0,x0,0	  x0:0x00000000
       15685000	      1567	80001358	01ff3cb3	sltu	x25,x30,x31	 x30:0x00000000 x31:0x00000000 x25=0x00000000
       15695000	      1568	8000135c	008f9213	slli	x4,x31,0x8	 x31:0x00000000  x4=0x00000000
       15705000	      1569	80001360	7ea2ed13	ori	x26,x5,2026	  x5:0x00000001 x26=0x000007eb
       15715000	      1570	80001364	05d91063	bne	x18,x29,800013a4	 x18:0x80001bac x29:0x00000000
       15725000	      1571	00000000	00000013	addi	x0,x0,0	  x0:0x00000000
       15735000	      1572	800013a0	00000013	addi	x0,x0,0	  x0:0x00000000
       15745000	      1573	800013a4	00551413	slli	x8,x10,0x5	 x10:0x00000102  x8=0x00002040
       15755000	      1574	800013a8	0047b633	sltu	x12,x15,x4	 x15:0x00000001  x4:0x00000000 x12=0x00000000
       15765000	      1575	800013ac	00000013	addi	x0,x0,0	  x0:0x00000000
       15775000	      1576	800013b0	039f0c63	beq	x30,x25,800013e8	 x30:0x00000000 x25:0x00000000
       15785000	      1577	00000000	00000013	addi	x0,x0,0	  x0:0x00000000
       15795000	      1578	800013e4	00000013	addi	x0,x0,0	  x0:0x00000000
       15805000	      1579	800013e8	032fc063	blt	x31,x18,80001408	 x31:0x00000000 x18:0x80001bac
       15815000	      1580	800013ec	41e48cb3	sub	x25,x9,x30	  x9:0xfffffd96 x30:0x00000000 x25=0xfffffd96
       15825000	      1581	800013f0	017277b3	and	x15,x4,x23	  x4:0x00000000 x23:0x80009fc4 x15=0x00000000
       15835000	      1582	800013f4	01ac3433	sltu	x8,x24,x26	 x24:0x00000000 x26:0x000007eb  x8=0x00000001
       15845000	      1583	800013f8	01740133	add	x2,x8,x23	  x8:0x00000001 x23:0x80009fc4  x2=0x80009fc5
       15855000	      1584	800013fc	01589a33	sll	x20,x17,x21	 x17:0x00000000 x21:0x0000060c x20=0x00000000
       15865000	      1585	80001400	0164f8b3	and	x17,x9,x22	  x9:0xfffffd96 x22:0x00000102 x17=0x00000102
       15875000	      1586	80001404	01a29913	slli	x18,x5,0x1a	  x5:0x00000001 x18=0x04000000
       15885000	      1587	80001408	05f20263	beq	x4,x31,8000144c	  x4:0x00000000 x31:0x00000000
       15895000	      1588	00000000	00000013	addi	x0,x0,0	  x0:0x00000000
       15905000	      1589	80001448	00000013	addi	x0,x0,0	  x0:0x00000000
       15915000	      1590	8000144c	d3ebbd13	sltiu	x26,x23,-706	 x23:0x80009fc4 x26=0x00000001
       15925000	      1591	80001450	00000e97	auipc	x29,0x0	 x29=0x8000144c
       15935000	      1592	80001454	00ce8e93	addi	x29,x29,12	 x29:0x8000144c x29=0x80001458
       15945000	      1593	80001458	000e8067	jalr	x0,x29,0	 x29:0x80001458
       15955000	      1594	00000000	00000013	addi	x0,x0,0	  x0:0x00000000
       15965000	      1595	80001458	00000013	addi	x0,x0,0	  x0:0x00000000
       15975000	      1596	8000145c	00100193	addi	x3,x0,1	  x0:0x00000000  x3=0x00000001
       15985000	      1597	80001460	00000073	ecall	
       15995000	      1598	80001464	17d84a13	xori	x20,x16,381	 x16:0x00000001 x20=0x0000017c
