		Time			Cycle	PC		Insn	Decoded instruction	Register and memory contents
          65000	         5	80000004	00000293	addi	x5,x0,0	  x0:0x00000000  x5=0x00000000
          75000	         6	80000008	00000313	addi	x6,x0,0	  x0:0x00000000  x6=0x00000000
          85000	         7	8000000c	00628263	beq	x5,x6,80000010	  x5:0x00000000  x6:0x00000000
          95000	         8	00000000	00000013	addi	x0,x0,0	  x0:0x00000000
         105000	         9	8000000c	00000013	addi	x0,x0,0	  x0:0x00000000
         115000	        10	80000010	00000497	auipc	x9,0x0	  x9=0x8000000c
         125000	        11	80000014	00c48493	addi	x9,x9,12	  x9:0x8000000c  x9=0x80000018
         135000	        12	80000018	00048067	jalr	x0,x9,0	  x9:0x80000018
         145000	        13	00000000	00000013	addi	x0,x0,0	  x0:0x00000000
         155000	        14	80000018	00000013	addi	x0,x0,0	  x0:0x00000000
         165000	        15	8000001c	40000537	lui	x10,0x40000	 x10=0x40000000
         175000	        16	80000020	10050513	addi	x10,x10,256	 x10:0x40000000 x10=0x40000100
         185000	        17	80000024	00000013	addi	x0,x0,0	  x0:0x00000000
         195000	        18	80000028	0000af17	auipc	x30,0xa	 x30=0x8000a024
         205000	        19	8000002c	fa0f0f13	addi	x30,x30,-96	 x30:0x8000a024 x30=0x80009fc4
         215000	        20	80000030	00003517	auipc	x10,0x3	 x10=0x8000302c
         225000	        21	80000034	8e450513	addi	x10,x10,-1820	 x10:0x8000302c x10=0x80002910
         235000	        22	80000038	00156513	ori	x10,x10,1	 x10:0x80002910 x10=0x80002911
         245000	        23	8000003c	00000013	addi	x0,x0,0	  x0:0x00000000
         255000	        24	80000040	00000517	auipc	x10,0x0	 x10=0x8000003c
         265000	        25	80000044	02050513	addi	x10,x10,32	 x10:0x8000003c x10=0x8000005c
         275000	        26	80000048	00000013	addi	x0,x0,0	  x0:0x00000000
         285000	        27	8000004c	00000013	addi	x0,x0,0	  x0:0x00000000
         295000	        28	80000050	00002537	lui	x10,0x2	 x10=0x00002000
         305000	        29	80000054	80050513	addi	x10,x10,-2048	 x10:0x00002000 x10=0x00001800
         315000	        30	80000058	00000013	addi	x0,x0,0	  x0:0x00000000
         325000	        31	8000005c	00000013	addi	x0,x0,0	  x0:0x00000000
         335000	        32	80000060	00000013	addi	x0,x0,0	  x0:0x00000000
         345000	        33	80000064	00000093	addi	x1,x0,0	  x0:0x00000000  x1=0x00000000
         355000	        34	80000068	d7c63137	lui	x2,0xd7c63	  x2=0xd7c63000
         365000	        35	8000006c	67f10113	addi	x2,x2,1663	  x2:0xd7c63000  x2=0xd7c6367f
         375000	        36	80000070	f401f1b7	lui	x3,0xf401f	  x3=0xf401f000
         385000	        37	80000074	65718193	addi	x3,x3,1623	  x3:0xf401f000  x3=0xf401f657
         395000	        38	80000078	f92f4237	lui	x4,0xf92f4	  x4=0xf92f4000
         405000	        39	8000007c	aa220213	addi	x4,x4,-1374	  x4:0xf92f4000  x4=0xf92f3aa2
         415000	        40	80000080	00000293	addi	x5,x0,0	  x0:0x00000000  x5=0x00000000
         425000	        41	80000084	80000337	lui	x6,0x80000	  x6=0x80000000
         435000	        42	80000088	00d00393	addi	x7,x0,13	  x0:0x00000000  x7=0x0000000d
         445000	        43	8000008c	8098c4b7	lui	x9,0x8098c	  x9=0x8098c000
         455000	        44	80000090	e0248493	addi	x9,x9,-510	  x9:0x8098c000  x9=0x8098be02
         465000	        45	80000094	80000537	lui	x10,0x80000	 x10=0x80000000
         475000	        46	80000098	800005b7	lui	x11,0x80000	 x11=0x80000000
         485000	        47	8000009c	80000637	lui	x12,0x80000	 x12=0x80000000
         495000	        48	800000a0	00200693	addi	x13,x0,2	  x0:0x00000000 x13=0x00000002
         505000	        49	800000a4	80000737	lui	x14,0x80000	 x14=0x80000000
         515000	        50	800000a8	f127c7b7	lui	x15,0xf127c	 x15=0xf127c000
         525000	        51	800000ac	a0078793	addi	x15,x15,-1536	 x15:0xf127c000 x15=0xf127ba00
         535000	        52	800000b0	00000813	addi	x16,x0,0	  x0:0x00000000 x16=0x00000000
         545000	        53	800000b4	800008b7	lui	x17,0x80000	 x17=0x80000000
         555000	        54	800000b8	80000937	lui	x18,0x80000	 x18=0x80000000
         565000	        55	800000bc	7bf1f9b7	lui	x19,0x7bf1f	 x19=0x7bf1f000
         575000	        56	800000c0	c1998993	addi	x19,x19,-999	 x19:0x7bf1f000 x19=0x7bf1ec19
         585000	        57	800000c4	00000a13	addi	x20,x0,0	  x0:0x00000000 x20=0x00000000
         595000	        58	800000c8	f7d10ab7	lui	x21,0xf7d10	 x21=0xf7d10000
         605000	        59	800000cc	dc6a8a93	addi	x21,x21,-570	 x21:0xf7d10000 x21=0xf7d0fdc6
         615000	        60	800000d0	00800b13	addi	x22,x0,8	  x0:0x00000000 x22=0x00000008
         625000	        61	800000d4	00000b93	addi	x23,x0,0	  x0:0x00000000 x23=0x00000000
         635000	        62	800000d8	00000c13	addi	x24,x0,0	  x0:0x00000000 x24=0x00000000
         645000	        63	800000dc	00800c93	addi	x25,x0,8	  x0:0x00000000 x25=0x00000008
         655000	        64	800000e0	fe963d37	lui	x26,0xfe963	 x26=0xfe963000
         665000	        65	800000e4	b27d0d13	addi	x26,x26,-1241	 x26:0xfe963000 x26=0xfe962b27
         675000	        66	800000e8	fd0d6db7	lui	x27,0xfd0d6	 x27=0xfd0d6000
         685000	        67	800000ec	790d8d93	addi	x27,x27,1936	 x27:0xfd0d6000 x27=0xfd0d6790
         695000	        68	800000f0	00900e13	addi	x28,x0,9	  x0:0x00000000 x28=0x00000009
         705000	        69	800000f4	f23e1eb7	lui	x29,0xf23e1	 x29=0xf23e1000
         715000	        70	800000f8	007e8e93	addi	x29,x29,7	 x29:0xf23e1000 x29=0xf23e1007
         725000	        71	800000fc	00800f93	addi	x31,x0,8	  x0:0x00000000 x31=0x00000008
         735000	        72	80000100	0000a417	auipc	x8,0xa	  x8=0x8000a0fc
         745000	        73	80000104	e8840413	addi	x8,x8,-376	  x8:0x8000a0fc  x8=0x80009f84
         755000	        74	80000108	00008117	auipc	x2,0x8	  x2=0x80008104
         765000	        75	8000010c	31a10113	addi	x2,x2,794	  x2:0x80008104  x2=0x8000841e
         775000	        76	80000110	eba345b7	lui	x11,0xeba34	 x11=0xeba34000
         785000	        77	80000114	00810503	lb	x10,8(x2)	  x2:0x8000841e x10=0xffffffdd PA:0x80008426
         795000	        78	80000118	00810383	lb	x7,8(x2)	  x2:0x8000841e  x7=0xffffffdd PA:0x80008426
         805000	        79	8000011c	00810503	lb	x10,8(x2)	  x2:0x8000841e x10=0xffffffdd PA:0x80008426
         815000	        80	80000120	01d12533	slt	x10,x2,x29	  x2:0x8000841e x29:0xf23e1007 x10=0x00000001
         825000	        81	80000124	00810183	lb	x3,8(x2)	  x2:0x8000841e  x3=0xffffffdd PA:0x80008426
         835000	        82	80000128	d9757e93	andi	x29,x10,-617	 x10:0x00000001 x29=0x00000001
         845000	        83	8000012c	00d14a03	lbu	x20,13(x2)	  x2:0x8000841e x20=0x000000e0 PA:0x8000842b
         855000	        84	80000130	01f106a3	sb	x31,13(x2)	  x2:0x8000841e x31:0x00000008 PA:0x8000842b
         865000	        85	80000134	00d10883	lb	x17,13(x2)	  x2:0x8000841e x17=0x00000008 PA:0x8000842b
         875000	        86	80000138	00d10f83	lb	x31,13(x2)	  x2:0x8000841e x31=0x00000008 PA:0x8000842b
         885000	        87	8000013c	aceccb13	xori	x22,x25,-1330	 x25:0x00000008 x22=0xfffffac6
         895000	        88	80000140	00d14b03	lbu	x22,13(x2)	  x2:0x8000841e x22=0x00000008 PA:0x8000842b
         905000	        89	80000144	fff14283	lbu	x5,-1(x2)	  x2:0x8000841e  x5=0x000000d6 PA:0x8000841d
         915000	        90	80000148	4110d8b3	sra	x17,x1,x17	  x1:0x00000000 x17:0x00000008 x17=0x00000000
         925000	        91	8000014c	ff910fa3	sb	x25,-1(x2)	  x2:0x8000841e x25:0x00000008 PA:0x8000841d
         935000	        92	80000150	fff10383	lb	x7,-1(x2)	  x2:0x8000841e  x7=0x00000008 PA:0x8000841d
         945000	        93	80000154	00e14183	lbu	x3,14(x2)	  x2:0x8000841e  x3=0x000000e7 PA:0x8000842c
         955000	        94	80000158	01212723	sw	x18,14(x2)	  x2:0x8000841e x18:0x80000000 PA:0x8000842c
         965000	        95	8000015c	00388b33	add	x22,x17,x3	 x17:0x00000000  x3:0x000000e7 x22=0x000000e7
         975000	        96	80000160	00e14583	lbu	x11,14(x2)	  x2:0x8000841e x11=0x00000000 PA:0x8000842c
         985000	        97	80000164	00e14c03	lbu	x24,14(x2)	  x2:0x8000841e x24=0x00000000 PA:0x8000842c
         995000	        98	80000168	01c10723	sb	x28,14(x2)	  x2:0x8000841e x28:0x00000009 PA:0x8000842c
        1005000	        99	8000016c	00009617	auipc	x12,0x9	 x12=0x80009168
        1015000	       100	80000170	be660613	addi	x12,x12,-1050	 x12:0x80009168 x12=0x80008d4e
        1025000	       101	80000174	00064983	lbu	x19,0(x12)	 x12:0x80008d4e x19=0x00000035 PA:0x80008d4e
        1035000	       102	80000178	01061903	lh	x18,16(x12)	 x12:0x80008d4e x18=0x00004445 PA:0x80008d5e
        1045000	       103	8000017c	00009197	auipc	x3,0x9	  x3=0x80009178
        1055000	       104	80000180	db918193	addi	x3,x3,-583	  x3:0x80009178  x3=0x80008f31
        1065000	       105	80000184	00f18423	sb	x15,8(x3)	  x3:0x80008f31 x15:0xf127ba00 PA:0x80008f39
        1075000	       106	80000188	001194a3	sh	x1,9(x3)	  x3:0x80008f31  x1:0x00000000 PA:0x80008f3a
        1085000	       107	8000018c	ff360c83	lb	x25,-13(x12)	 x12:0x80008d4e x25=0x0000002a PA:0x80008d41
        1095000	       108	80000190	00008f97	auipc	x31,0x8	 x31=0x8000818c
        1105000	       109	80000194	736f8f93	addi	x31,x31,1846	 x31:0x8000818c x31=0x800088c2
        1115000	       110	80000198	00b60303	lb	x6,11(x12)	 x12:0x80008d4e  x6=0x00000042 PA:0x80008d59
        1125000	       111	8000019c	ff71a983	lw	x19,-9(x3)	  x3:0x80008f31 x19=0x10111213 PA:0x80008f28
        1135000	       112	800001a0	ff61c583	lbu	x11,-10(x3)	  x3:0x80008f31 x11=0x0000000c PA:0x80008f27
        1145000	       113	800001a4	fe660823	sb	x6,-16(x12)	 x12:0x80008d4e  x6:0x00000042 PA:0x80008d3e
        1155000	       114	800001a8	014f9023	sh	x20,0(x31)	 x31:0x800088c2 x20:0x000000e0 PA:0x800088c2
        1165000	       115	800001ac	00cf9383	lh	x7,12(x31)	 x31:0x800088c2  x7=0xffffb4b5 PA:0x800088ce
        1175000	       116	800001b0	00a18583	lb	x11,10(x3)	  x3:0x80008f31 x11=0x00000000 PA:0x80008f3b
        1185000	       117	800001b4	ff865b83	lhu	x23,-8(x12)	 x12:0x80008d4e x23=0x00002c2d PA:0x80008d46
        1195000	       118	800001b8	015f8223	sb	x21,4(x31)	 x31:0x800088c2 x21:0xf7d0fdc6 PA:0x800088c6
        1205000	       119	800001bc	fff60ca3	sb	x31,-7(x12)	 x12:0x80008d4e x31:0x800088c2 PA:0x80008d47
        1215000	       120	800001c0	ff8fcb03	lbu	x22,-8(x31)	 x31:0x800088c2 x22=0x000000a1 PA:0x800088ba
        1225000	       121	800001c4	00119983	lh	x19,1(x3)	  x3:0x80008f31 x19=0x00001819 PA:0x80008f32
        1235000	       122	800001c8	00af8783	lb	x15,10(x31)	 x31:0x800088c2 x15=0xffffffb7 PA:0x800088cc
        1245000	       123	800001cc	0071da03	lhu	x20,7(x3)	  x3:0x80008f31 x20=0x00000023 PA:0x80008f38
        1255000	       124	800001d0	01064b03	lbu	x22,16(x12)	 x12:0x80008d4e x22=0x00000045 PA:0x80008d5e
        1265000	       125	800001d4	00c64003	lbu	x0,12(x12)	 x12:0x80008d4e PA:0x80008d5a
        1275000	       126	800001d8	00009117	auipc	x2,0x9	  x2=0x800091d4
        1285000	       127	800001dc	b8110113	addi	x2,x2,-1151	  x2:0x800091d4  x2=0x80008d55
        1295000	       128	800001e0	07110603	lb	x12,113(x2)	  x2:0x80008d55 x12=0xffffffad PA:0x80008dc6
        1305000	       129	800001e4	00709d33	sll	x26,x1,x7	  x1:0x00000000  x7:0xffffb4b5 x26=0x00000000
        1315000	       130	800001e8	01991893	slli	x17,x18,0x19	 x18:0x00004445 x17=0x8a000000
        1325000	       131	800001ec	01085933	srl	x18,x16,x16	 x16:0x00000000 x16:0x00000000 x18=0x00000000
        1335000	       132	800001f0	0f114683	lbu	x13,241(x2)	  x2:0x80008d55 x13=0x0000002d PA:0x80008e46
        1345000	       133	800001f4	0cb11da3	sh	x11,219(x2)	  x2:0x80008d55 x11:0x00000000 PA:0x80008e30
        1355000	       134	800001f8	a5ce0893	addi	x17,x28,-1444	 x28:0x00000009 x17=0xfffffa65
        1365000	       135	800001fc	04a10123	sb	x10,66(x2)	  x2:0x80008d55 x10:0x00000001 PA:0x80008d97
        1375000	       136	80000200	2501cbb7	lui	x23,0x2501c	 x23=0x2501c000
        1385000	       137	80000204	0ce123a3	sw	x14,199(x2)	  x2:0x80008d55 x14:0x80000000 PA:0x80008e1c
        1395000	       138	80000208	f5f10fa3	sb	x31,-161(x2)	  x2:0x80008d55 x31:0x800088c2 PA:0x80008cb4
        1405000	       139	8000020c	00582033	slt	x0,x16,x5	 x16:0x00000000  x5:0x000000d6
        1415000	       140	80000210	8ebb8a93	addi	x21,x23,-1813	 x23:0x2501c000 x21=0x2501b8eb
        1425000	       141	80000214	3146af93	slti	x31,x13,788	 x13:0x0000002d x31=0x00000001
        1435000	       142	80000218	01fc9033	sll	x0,x25,x31	 x25:0x0000002a x31:0x00000001
        1445000	       143	8000021c	02915303	lhu	x6,41(x2)	  x2:0x80008d55  x6=0x00006465 PA:0x80008d7e
        1455000	       144	80000220	00c10123	sb	x12,2(x2)	  x2:0x80008d55 x12:0xffffffad PA:0x80008d57
        1465000	       145	80000224	00cc6533	or	x10,x24,x12	 x24:0x00000000 x12:0xffffffad x10=0xffffffad
        1475000	       146	80000228	f8214083	lbu	x1,-126(x2)	  x2:0x80008d55  x1=0x000000bc PA:0x80008cd7
        1485000	       147	8000022c	fe510083	lb	x1,-27(x2)	  x2:0x80008d55  x1=0x00000021 PA:0x80008d3a
        1495000	       148	80000230	00929393	slli	x7,x5,0x9	  x5:0x000000d6  x7=0x0001ac00
        1505000	       149	80000234	798e6393	ori	x7,x28,1944	 x28:0x00000009  x7=0x00000799
        1515000	       150	80000238	414f5eb3	sra	x29,x30,x20	 x30:0x80009fc4 x20:0x00000023 x29=0xf00013f8
        1525000	       151	8000023c	4153db33	sra	x22,x7,x21	  x7:0x00000799 x21:0x2501b8eb x22=0x00000000
        1535000	       152	80000240	0032c733	xor	x14,x5,x3	  x5:0x000000d6  x3:0x80008f31 x14=0x80008fe7
        1545000	       153	80000244	04210b83	lb	x23,66(x2)	  x2:0x80008d55 x23=0x00000001 PA:0x80008d97
        1555000	       154	80000248	f5115d03	lhu	x26,-175(x2)	  x2:0x80008d55 x26=0x00008c8d PA:0x80008ca6
        1565000	       155	8000024c	00399e33	sll	x28,x19,x3	 x19:0x00001819  x3:0x80008f31 x28=0x30320000
        1575000	       156	80000250	f3115883	lhu	x17,-207(x2)	  x2:0x80008d55 x17=0x00006c6d PA:0x80008c86
        1585000	       157	80000254	901b2c13	slti	x24,x22,-1791	 x22:0x00000000 x24=0x00000000
        1595000	       158	80000258	16818913	addi	x18,x3,360	  x3:0x80008f31 x18=0x80009099
        1605000	       159	8000025c	40830a33	sub	x20,x6,x8	  x6:0x00006465  x8:0x80009f84 x20=0x7fffc4e1
        1615000	       160	80000260	f2b14a83	lbu	x21,-213(x2)	  x2:0x80008d55 x21=0x0000006b PA:0x80008c80
        1625000	       161	80000264	07410a83	lb	x21,116(x2)	  x2:0x80008d55 x21=0xffffffb2 PA:0x80008dc9
        1635000	       162	80000268	0fe12fa3	sw	x30,255(x2)	  x2:0x80008d55 x30:0x80009fc4 PA:0x80008e54
        1645000	       163	8000026c	01510623	sb	x21,12(x2)	  x2:0x80008d55 x21:0xffffffb2 PA:0x80008d61
        1655000	       164	80000270	73044913	xori	x18,x8,1840	  x8:0x80009f84 x18=0x800098b4
        1665000	       165	80000274	f2010423	sb	x0,-216(x2)	  x2:0x80008d55  x0:0x00000000 PA:0x80008c7d
        1675000	       166	80000278	fab10383	lb	x7,-85(x2)	  x2:0x80008d55  x7=0xffffffeb PA:0x80008d00
        1685000	       167	8000027c	fa810b23	sb	x8,-74(x2)	  x2:0x80008d55  x8:0x80009f84 PA:0x80008d0b
        1695000	       168	80000280	00000013	addi	x0,x0,0	  x0:0x00000000
        1705000	       169	80000284	03110b23	sb	x17,54(x2)	  x2:0x80008d55 x17:0x00006c6d PA:0x80008d8b
        1715000	       170	80000288	96963713	sltiu	x14,x12,-1687	 x12:0xffffffad x14=0x00000000
        1725000	       171	8000028c	00015693	srli	x13,x2,0x0	  x2:0x80008d55 x13=0x80008d55
        1735000	       172	80000290	0f314f83	lbu	x31,243(x2)	  x2:0x80008d55 x31=0x00000033 PA:0x80008e48
        1745000	       173	80000294	01ac5e33	srl	x28,x24,x26	 x24:0x00000000 x26:0x00008c8d x28=0x00000000
        1755000	       174	80000298	7ef6fb93	andi	x23,x13,2031	 x13:0x80008d55 x23=0x00000545
        1765000	       175	8000029c	0e810303	lb	x6,232(x2)	  x2:0x80008d55  x6=0x00000026 PA:0x80008e3d
        1775000	       176	00000000	00000013	addi	x0,x0,0	  x0:0x00000000
        1785000	       177	800002a0	f6610903	lb	x18,-154(x2)	  x2:0x80008d55 x18=0xffffffa0 PA:0x80008cbb
        1795000	       178	800002a4	0b7112a3	sh	x23,165(x2)	  x2:0x80008d55 x23:0x00000545 PA:0x80008dfa
        1805000	       179	800002a8	f9914303	lbu	x6,-103(x2)	  x2:0x80008d55  x6=0x000000d5 PA:0x80008cee
        1815000	       180	800002ac	00e10083	lb	x1,14(x2)	  x2:0x80008d55  x1=0x00000048 PA:0x80008d63
        1825000	       181	800002b0	02f12903	lw	x18,47(x2)	  x2:0x80008d55 x18=0x6c6d6e6f PA:0x80008d84
        1835000	       182	800002b4	08c14c83	lbu	x25,140(x2)	  x2:0x80008d55 x25=0x000000ca PA:0x80008de1
        1845000	       183	800002b8	0bb14283	lbu	x5,187(x2)	  x2:0x80008d55  x5=0x000000fb PA:0x80008e10
        1855000	       184	800002bc	00008b97	auipc	x23,0x8	 x23=0x800082b8
        1865000	       185	800002c0	504b8b93	addi	x23,x23,1284	 x23:0x800082b8 x23=0x800087bc
        1875000	       186	800002c4	00008d97	auipc	x27,0x8	 x27=0x800082c0
        1885000	       187	800002c8	d9fd8d93	addi	x27,x27,-609	 x27:0x800082c0 x27=0x8000805f
        1895000	       188	800002cc	bbabd083	lhu	x1,-1094(x23)	 x23:0x800087bc  x1=0x00002c2d PA:0x80008376
        1905000	       189	800002d0	fe5d8f23	sb	x5,-2(x27)	 x27:0x8000805f  x5:0x000000fb PA:0x8000805d
        1915000	       190	800002d4	005d8783	lb	x15,5(x27)	 x27:0x8000805f x15=0x0000001f PA:0x80008064
        1925000	       191	800002d8	00008c17	auipc	x24,0x8	 x24=0x800082d4
        1935000	       192	800002dc	e98c0c13	addi	x24,x24,-360	 x24:0x800082d4 x24=0x8000816c
        1945000	       193	800002e0	00cd8683	lb	x13,12(x27)	 x27:0x8000805f x13=0x00000020 PA:0x8000806b
        1955000	       194	800002e4	9e0bd603	lhu	x12,-1568(x23)	 x23:0x800087bc x12=0x00005657 PA:0x8000819c
        1965000	       195	800002e8	0cdc0303	lb	x6,205(x24)	 x24:0x8000816c  x6=0xfffffff2 PA:0x80008239
        1975000	       196	800002ec	ff0d98a3	sh	x16,-15(x27)	 x27:0x8000805f x16:0x00000000 PA:0x80008050
        1985000	       197	800002f0	1bec1323	sh	x30,422(x24)	 x24:0x8000816c x30:0x80009fc4 PA:0x80008312
        1995000	       198	800002f4	00008117	auipc	x2,0x8	  x2=0x800082f0
        2005000	       199	800002f8	35910113	addi	x2,x2,857	  x2:0x800082f0  x2=0x80008649
        2015000	       200	800002fc	67fc4903	lbu	x18,1663(x24)	 x24:0x8000816c x18=0x000000a0 PA:0x800087eb
        2025000	       201	80000300	e79b8b03	lb	x22,-391(x23)	 x23:0x800087bc x22=0xffffffee PA:0x80008635
        2035000	       202	80000304	67ec0b03	lb	x22,1662(x24)	 x24:0x8000816c x22=0xffffffa1 PA:0x800087ea
        2045000	       203	80000308	02410203	lb	x4,36(x2)	  x2:0x80008649  x4=0x00000026 PA:0x8000866d
        2055000	       204	8000030c	a45b8683	lb	x13,-1467(x23)	 x23:0x800087bc x13=0xffffffba PA:0x80008201
        2065000	       205	80000310	a1ab8aa3	sb	x26,-1515(x23)	 x23:0x800087bc x26:0x00008c8d PA:0x800081d1
        2075000	       206	80000314	00dd9e83	lh	x29,13(x27)	 x27:0x8000805f x29=0x00002627 PA:0x8000806c
        2085000	       207	80000318	03915c83	lhu	x25,57(x2)	  x2:0x80008649 x25=0x00003839 PA:0x80008682
        2095000	       208	8000031c	2c4c4683	lbu	x13,708(x24)	 x24:0x8000816c x13=0x000000eb PA:0x80008430
        2105000	       209	80000320	00614e03	lbu	x28,6(x2)	  x2:0x80008649 x28=0x00000004 PA:0x8000864f
        2115000	       210	80000324	62ec5c83	lhu	x25,1582(x24)	 x24:0x8000816c x25=0x00005051 PA:0x8000879a
        2125000	       211	80000328	ffad8183	lb	x3,-6(x27)	 x27:0x8000805f  x3=0x00000012 PA:0x80008059
        2135000	       212	00000000	00000013	addi	x0,x0,0	  x0:0x00000000
        2145000	       213	8000032c	363c4303	lbu	x6,867(x24)	 x24:0x8000816c  x6=0x00000084 PA:0x800084cf
        2155000	       214	80000330	01710283	lb	x5,23(x2)	  x2:0x80008649  x5=0x0000001b PA:0x80008660
        2165000	       215	80000334	999b8b03	lb	x22,-1639(x23)	 x23:0x800087bc x22=0x0000000e PA:0x80008155
        2175000	       216	80000338	fcd104a3	sb	x13,-55(x2)	  x2:0x80008649 x13:0x000000eb PA:0x80008612
        2185000	       217	8000033c	e87b8d03	lb	x26,-377(x23)	 x23:0x800087bc x26=0xfffffff8 PA:0x80008643
        2195000	       218	80000340	f15c0123	sb	x21,-254(x24)	 x24:0x8000816c x21:0xffffffb2 PA:0x8000806e
        2205000	       219	80000344	00710723	sb	x7,14(x2)	  x2:0x80008649  x7:0xffffffeb PA:0x80008657
        2215000	       220	80000348	fde10683	lb	x13,-34(x2)	  x2:0x80008649 x13=0xffffffdc PA:0x80008627
        2225000	       221	8000034c	911b8da3	sb	x17,-1765(x23)	 x23:0x800087bc x17:0x00006c6d PA:0x800080d7
        2235000	       222	80000350	313c0b03	lb	x22,787(x24)	 x24:0x8000816c x22=0x00000034 PA:0x8000847f
        2245000	       223	80000354	00009117	auipc	x2,0x9	  x2=0x80009350
        2255000	       224	80000358	aa810113	addi	x2,x2,-1368	  x2:0x80009350  x2=0x80008df8
        2265000	       225	8000035c	ffe10d03	lb	x26,-2(x2)	  x2:0x80008df8 x26=0xffffffdd PA:0x80008df6
        2275000	       226	80000360	406d8c33	sub	x24,x27,x6	 x27:0x8000805f  x6:0x00000084 x24=0x80007fdb
        2285000	       227	80000364	fe810f23	sb	x8,-2(x2)	  x2:0x80008df8  x8:0x80009f84 PA:0x80008df6
        2295000	       228	80000368	aa872713	slti	x14,x14,-1368	 x14:0x00000000 x14=0x00000000
        2305000	       229	8000036c	ffe14903	lbu	x18,-2(x2)	  x2:0x80008df8 x18=0x00000084 PA:0x80008df6
        2315000	       230	80000370	00011883	lh	x17,0(x2)	  x2:0x80008df8 x17=0xffffe2e3 PA:0x80008df8
        2325000	       231	00000000	00000013	addi	x0,x0,0	  x0:0x00000000
        2335000	       232	80000374	75136393	ori	x7,x6,1873	  x6:0x00000084  x7=0x000007d5
        2345000	       233	80000378	00010783	lb	x15,0(x2)	  x2:0x80008df8 x15=0xffffffe3 PA:0x80008df8
        2355000	       234	8000037c	00014783	lbu	x15,0(x2)	  x2:0x80008df8 x15=0x000000e3 PA:0x80008df8
        2365000	       235	80000380	00811d03	lh	x26,8(x2)	  x2:0x80008df8 x26=0xffffeaeb PA:0x80008e00
        2375000	       236	80000384	00812683	lw	x13,8(x2)	  x2:0x80008df8 x13=0xe8e9eaeb PA:0x80008e00
        2385000	       237	00000000	00000013	addi	x0,x0,0	  x0:0x00000000
        2395000	       238	80000388	00de9013	slli	x0,x29,0xd	 x29:0x00002627
        2405000	       239	8000038c	00815b03	lhu	x22,8(x2)	  x2:0x80008df8 x22=0x0000eaeb PA:0x80008e00
        2415000	       240	80000390	00814c03	lbu	x24,8(x2)	  x2:0x80008df8 x24=0x000000eb PA:0x80008e00
        2425000	       241	80000394	00811803	lh	x16,8(x2)	  x2:0x80008df8 x16=0xffffeaeb PA:0x80008e00
        2435000	       242	80000398	00a11423	sh	x10,8(x2)	  x2:0x80008df8 x10:0xffffffad PA:0x80008e00
        2445000	       243	8000039c	0088dc93	srli	x25,x17,0x8	 x17:0xffffe2e3 x25=0x00ffffe2
        2455000	       244	800003a0	4112d113	srai	x2,x5,0x11	  x5:0x0000001b  x2=0x00000000
        2465000	       245	800003a4	0d16e063	bltu	x13,x17,80000464	 x13:0xe8e9eaeb x17:0xffffe2e3
        2475000	       246	00000000	00000013	addi	x0,x0,0	  x0:0x00000000
        2485000	       247	80000460	00000013	addi	x0,x0,0	  x0:0x00000000
        2495000	       248	80000464	0160d5b3	srl	x11,x1,x22	  x1:0x00002c2d x22:0x0000eaeb x11=0x00000005
        2505000	       249	80000468	016d5e63	bge	x26,x22,80000484	 x26:0xffffeaeb x22:0x0000eaeb
        2515000	       250	8000046c	00000013	addi	x0,x0,0	  x0:0x00000000
        2525000	       251	80000470	496d7093	andi	x1,x26,1174	 x26:0xffffeaeb  x1=0x00000082
        2535000	       252	80000474	00b28fb3	add	x31,x5,x11	  x5:0x0000001b x11:0x00000005 x31=0x00000020
        2545000	       253	80000478	c7f73293	sltiu	x5,x14,-897	 x14:0x00000000  x5=0x00000001
        2555000	       254	8000047c	02f34863	blt	x6,x15,800004ac	  x6:0x00000084 x15:0x000000e3
        2565000	       255	00000000	00000013	addi	x0,x0,0	  x0:0x00000000
        2575000	       256	800004a8	00000013	addi	x0,x0,0	  x0:0x00000000
        2585000	       257	800004ac	01101c33	sll	x24,x0,x17	  x0:0x00000000 x17:0xffffe2e3 x24=0x00000000
        2595000	       258	800004b0	01ad8e33	add	x28,x27,x26	 x27:0x8000805f x26:0xffffeaeb x28=0x80006b4a
        2605000	       259	800004b4	40dfd593	srai	x11,x31,0xd	 x31:0x00000020 x11=0x00000000
        2615000	       260	800004b8	7b9d8113	addi	x2,x27,1977	 x27:0x8000805f  x2=0x80008818
        2625000	       261	800004bc	014f5013	srli	x0,x30,0x14	 x30:0x80009fc4
        2635000	       262	800004c0	0117f9b3	and	x19,x15,x17	 x15:0x000000e3 x17:0xffffe2e3 x19=0x000000e3
        2645000	       263	800004c4	0213ca63	blt	x7,x1,800004f8	  x7:0x000007d5  x1:0x00000082
        2655000	       264	800004c8	0066bcb3	sltu	x25,x13,x6	 x13:0xe8e9eaeb  x6:0x00000084 x25=0x00000000
        2665000	       265	800004cc	00037263	bgeu	x6,x0,800004d0	  x6:0x00000084  x0:0x00000000
        2675000	       266	00000000	00000013	addi	x0,x0,0	  x0:0x00000000
        2685000	       267	800004cc	00000013	addi	x0,x0,0	  x0:0x00000000
        2695000	       268	800004d0	69470b13	addi	x22,x14,1684	 x14:0x00000000 x22=0x00000694
        2705000	       269	800004d4	0049dc93	srli	x25,x19,0x4	 x19:0x000000e3 x25=0x0000000e
        2715000	       270	800004d8	04280063	beq	x16,x2,80000518	 x16:0xffffeaeb  x2:0x80008818
        2725000	       271	800004dc	034fa613	slti	x12,x31,52	 x31:0x00000020 x12=0x00000001
        2735000	       272	800004e0	05edf863	bgeu	x27,x30,80000530	 x27:0x8000805f x30:0x80009fc4
        2745000	       273	800004e4	0263b913	sltiu	x18,x7,38	  x7:0x000007d5 x18=0x00000000
        2755000	       274	800004e8	08710893	addi	x17,x2,135	  x2:0x80008818 x17=0x8000889f
        2765000	       275	800004ec	01199bb3	sll	x23,x19,x17	 x19:0x000000e3 x17:0x8000889f x23=0x80000000
        2775000	       276	800004f0	ed0a69b7	lui	x19,0xed0a6	 x19=0xed0a6000
        2785000	       277	800004f4	2f2ac193	xori	x3,x21,754	 x21:0xffffffb2  x3=0xfffffd40
        2795000	       278	800004f8	00ab4b33	xor	x22,x22,x10	 x22:0x00000694 x10:0xffffffad x22=0xfffff939
        2805000	       279	800004fc	ee20c593	xori	x11,x1,-286	  x1:0x00000082 x11=0xfffffe60
        2815000	       280	80000500	02f71a63	bne	x14,x15,80000534	 x14:0x00000000 x15:0x000000e3
        2825000	       281	00000000	00000013	addi	x0,x0,0	  x0:0x00000000
        2835000	       282	80000530	00000013	addi	x0,x0,0	  x0:0x00000000
        2845000	       283	80000534	458fb313	sltiu	x6,x31,1112	 x31:0x00000020  x6=0x00000001
        2855000	       284	80000538	00dc0133	add	x2,x24,x13	 x24:0x00000000 x13:0xe8e9eaeb  x2=0xe8e9eaeb
        2865000	       285	8000053c	4181dd33	sra	x26,x3,x24	  x3:0xfffffd40 x24:0x00000000 x26=0xfffffd40
        2875000	       286	80000540	008fb9b3	sltu	x19,x31,x8	 x31:0x00000020  x8:0x80009f84 x19=0x00000001
        2885000	       287	80000544	41a3d193	srai	x3,x7,0x1a	  x7:0x000007d5  x3=0x00000000
        2895000	       288	80000548	dcac6e13	ori	x28,x24,-566	 x24:0x00000000 x28=0xfffffdca
        2905000	       289	8000054c	3c772893	slti	x17,x14,967	 x14:0x00000000 x17=0x00000001
        2915000	       290	80000550	c0580b13	addi	x22,x16,-1019	 x16:0xffffeaeb x22=0xffffe6f0
        2925000	       291	80000554	01bbf0b3	and	x1,x23,x27	 x23:0x80000000 x27:0x8000805f  x1=0x80000000
        2935000	       292	80000558	23bbda37	lui	x20,0x23bbd	 x20=0x23bbd000
        2945000	       293	8000055c	42eb3a93	sltiu	x21,x22,1070	 x22:0xffffe6f0 x21=0x00000000
        2955000	       294	80000560	00000013	addi	x0,x0,0	  x0:0x00000000
        2965000	       295	80000564	034d5663	bge	x26,x20,80000590	 x26:0xfffffd40 x20:0x23bbd000
        2975000	       296	80000568	01264663	blt	x12,x18,80000574	 x12:0x00000001 x18:0x00000000
        2985000	       297	8000056c	0726da63	bge	x13,x18,800005e0	 x13:0xe8e9eaeb x18:0x00000000
        2995000	       298	80000570	c5ea9c97	auipc	x25,0xc5ea9	 x25=0x45ea956c
        3005000	       299	80000574	00dd9e13	slli	x28,x27,0xd	 x27:0x8000805f x28=0x100be000
        3015000	       300	80000578	00aa5ab3	srl	x21,x20,x10	 x20:0x23bbd000 x10:0xffffffad x21=0x00011dde
        3025000	       301	8000057c	40bf0333	sub	x6,x30,x11	 x30:0x80009fc4 x11:0xfffffe60  x6=0x8000a164
        3035000	       302	80000580	007d5cb3	srl	x25,x26,x7	 x26:0xfffffd40  x7:0x000007d5 x25=0x000007ff
        3045000	       303	80000584	00000013	addi	x0,x0,0	  x0:0x00000000
        3055000	       304	80000588	017f9b93	slli	x23,x31,0x17	 x31:0x00000020 x23=0x10000000
        3065000	       305	8000058c	416fd5b3	sra	x11,x31,x22	 x31:0x00000020 x22:0xffffe6f0 x11=0x00000000
        3075000	       306	80000590	001193b3	sll	x7,x3,x1	  x3:0x00000000  x1:0x80000000  x7=0x00000000
        3085000	       307	80000594	01907263	bgeu	x0,x25,80000598	  x0:0x00000000 x25:0x000007ff
        3095000	       308	80000598	00ff5813	srli	x16,x30,0xf	 x30:0x80009fc4 x16=0x00010001
        3105000	       309	8000059c	402800b3	sub	x1,x16,x2	 x16:0x00010001  x2:0xe8e9eaeb  x1=0x17171516
        3115000	       310	800005a0	01e867b3	or	x15,x16,x30	 x16:0x00010001 x30:0x80009fc4 x15=0x80019fc5
        3125000	       311	800005a4	41d48933	sub	x18,x9,x29	  x9:0x8098be02 x29:0x00002627 x18=0x809897db
        3135000	       312	800005a8	1007fd13	andi	x26,x15,256	 x15:0x80019fc5 x26=0x00000100
        3145000	       313	800005ac	00000c17	auipc	x24,0x0	 x24=0x800005a8
        3155000	       314	800005b0	38cc0c13	addi	x24,x24,908	 x24:0x800005a8 x24=0x80000934
        3165000	       315	800005b4	23b7e313	ori	x6,x15,571	 x15:0x80019fc5  x6=0x80019fff
        3175000	       316	800005b8	f15c0c13	addi	x24,x24,-235	 x24:0x80000934 x24=0x80000849
        3185000	       317	800005bc	c34d2b13	slti	x22,x26,-972	 x26:0x00000100 x22=0x00000000
        3195000	       318	800005c0	41288633	sub	x12,x17,x18	 x17:0x00000001 x18:0x809897db x12=0x7f676826
        3205000	       319	800005c4	018ab233	sltu	x4,x21,x24	 x21:0x00011dde x24:0x80000849  x4=0x00000001
        3215000	       320	800005c8	0ecc05e7	jalr	x11,x24,236	 x24:0x80000849 x11=0x800005c8
        3225000	       321	00000000	00000013	addi	x0,x0,0	  x0:0x00000000
        3235000	       322	80000934	00000013	addi	x0,x0,0	  x0:0x00000000
        3245000	       323	80000938	fd040413	addi	x8,x8,-48	  x8:0x80009f84  x8=0x80009f54
        3255000	       324	8000093c	01f86e33	or	x28,x16,x31	 x16:0x00010001 x31:0x00000020 x28=0x00010021
        3265000	       325	80000940	00adfc33	and	x24,x27,x10	 x27:0x8000805f x10:0xffffffad x24=0x8000800d
        3275000	       326	80000944	93c53d93	sltiu	x27,x10,-1732	 x10:0xffffffad x27=0x00000000
        3285000	       327	80000948	00b42223	sw	x11,4(x8)	  x8:0x80009f54 x11:0x800005c8 PA:0x80009f58
        3295000	       328	8000094c	0010d013	srli	x0,x1,0x1	  x1:0x17171516
        3305000	       329	80000950	9e7460b7	lui	x1,0x9e746	  x1=0x9e746000
        3315000	       330	80000954	41528d33	sub	x26,x5,x21	  x5:0x00000001 x21:0x00011dde x26=0xfffee223
        3325000	       331	80000958	00b65893	srli	x17,x12,0xb	 x12:0x7f676826 x17=0x000feced
        3335000	       332	8000095c	00008397	auipc	x7,0x8	  x7=0x80008958
        3345000	       333	80000960	05238393	addi	x7,x7,82	  x7:0x80008958  x7=0x800089aa
        3355000	       334	80000964	fbe3d203	lhu	x4,-66(x7)	  x7:0x800089aa  x4=0x00005253 PA:0x80008968
        3365000	       335	80000968	fbe3a903	lw	x18,-66(x7)	  x7:0x800089aa x18=0x50515253 PA:0x80008968
        3375000	       336	8000096c	fa93af23	sw	x9,-66(x7)	  x7:0x800089aa  x9:0x8098be02 PA:0x80008968
        3385000	       337	80000970	fa539f23	sh	x5,-66(x7)	  x7:0x800089aa  x5:0x00000001 PA:0x80008968
        3395000	       338	80000974	fcb388a3	sb	x11,-47(x7)	  x7:0x800089aa x11:0x800005c8 PA:0x8000897b
        3405000	       339	80000978	fc13ca83	lbu	x21,-63(x7)	  x7:0x800089aa x21=0x00000080 PA:0x8000896b
        3415000	       340	8000097c	f8f38a83	lb	x21,-113(x7)	  x7:0x800089aa x21=0x00000022 PA:0x80008939
        3425000	       341	80000980	4694cb93	xori	x23,x9,1129	  x9:0x8098be02 x23=0x8098ba6b
        3435000	       342	80000984	41ed8233	sub	x4,x27,x30	 x27:0x00000000 x30:0x80009fc4  x4=0x7fff603c
        3445000	       343	80000988	005c26b3	slt	x13,x24,x5	 x24:0x8000800d  x5:0x00000001 x13=0x00000001
        3455000	       344	8000098c	03538b83	lb	x23,53(x7)	  x7:0x800089aa x23=0xffffffc4 PA:0x800089df
        3465000	       345	80000990	03538d03	lb	x26,53(x7)	  x7:0x800089aa x26=0xffffffc4 PA:0x800089df
        3475000	       346	80000994	f0f38783	lb	x15,-241(x7)	  x7:0x800089aa x15=0xffffffa2 PA:0x800088b9
        3485000	       347	80000998	00008d17	auipc	x26,0x8	 x26=0x80008994
        3495000	       348	8000099c	ec1d0d13	addi	x26,x26,-319	 x26:0x80008994 x26=0x80008855
        3505000	       349	800009a0	00008a97	auipc	x21,0x8	 x21=0x8000899c
        3515000	       350	800009a4	560a8a93	addi	x21,x21,1376	 x21:0x8000899c x21=0x80008efc
        3525000	       351	800009a8	00008097	auipc	x1,0x8	  x1=0x800089a4
        3535000	       352	800009ac	fcc08093	addi	x1,x1,-52	  x1:0x800089a4  x1=0x80008970
        3545000	       353	800009b0	00008d97	auipc	x27,0x8	 x27=0x800089ac
        3555000	       354	800009b4	471d8d93	addi	x27,x27,1137	 x27:0x800089ac x27=0x80008e1d
        3565000	       355	800009b8	043086a3	sb	x3,77(x1)	  x1:0x80008970  x3:0x00000000 PA:0x800089bd
        3575000	       356	800009bc	fccd0783	lb	x15,-52(x26)	 x26:0x80008855 x15=0x0000000a PA:0x80008821
        3585000	       357	800009c0	008ac683	lbu	x13,8(x21)	 x21:0x80008efc x13=0x000000ef PA:0x80008f04
        3595000	       358	800009c4	01fa8323	sb	x31,6(x21)	 x21:0x80008efc x31:0x00000020 PA:0x80008f02
        3605000	       359	800009c8	fd8d4503	lbu	x10,-40(x26)	 x26:0x80008855 x10=0x00000016 PA:0x8000882d
        3615000	       360	800009cc	0930cb83	lbu	x23,147(x1)	  x1:0x80008970 x23=0x000000e8 PA:0x80008a03
        3625000	       361	800009d0	feda8da3	sb	x13,-5(x21)	 x21:0x80008efc x13:0x000000ef PA:0x80008ef7
        3635000	       362	800009d4	f7908e83	lb	x29,-135(x1)	  x1:0x80008970 x29=0xffffffd2 PA:0x800088e9
        3645000	       363	800009d8	feed4503	lbu	x10,-18(x26)	 x26:0x80008855 x10=0x00000028 PA:0x80008843
        3655000	       364	800009dc	0e70c603	lbu	x12,231(x1)	  x1:0x80008970 x12=0x0000003c PA:0x80008a57
        3665000	       365	800009e0	01ed06a3	sb	x30,13(x26)	 x26:0x80008855 x30:0x80009fc4 PA:0x80008862
        3675000	       366	800009e4	010d8183	lb	x3,16(x27)	 x27:0x80008e1d  x3=0x00000016 PA:0x80008e2d
        3685000	       367	800009e8	feed09a3	sb	x14,-13(x26)	 x26:0x80008855 x14:0x00000000 PA:0x80008848
        3695000	       368	800009ec	009a80a3	sb	x9,1(x21)	 x21:0x80008efc  x9:0x8098be02 PA:0x80008efd
        3705000	       369	800009f0	fd9d0e03	lb	x28,-39(x26)	 x26:0x80008855 x28=0x00000015 PA:0x8000882e
        3715000	       370	800009f4	012d8223	sb	x18,4(x27)	 x27:0x80008e1d x18:0x50515253 PA:0x80008e21
        3725000	       371	800009f8	ff0ac183	lbu	x3,-16(x21)	 x21:0x80008efc  x3=0x000000d7 PA:0x80008eec
        3735000	       372	800009fc	fb308ba3	sb	x19,-73(x1)	  x1:0x80008970 x19:0x00000001 PA:0x80008927
        3745000	       373	80000a00	ff0dcf83	lbu	x31,-16(x27)	 x27:0x80008e1d x31=0x000000f6 PA:0x80008e0d
        3755000	       374	80000a04	fe7d2503	lw	x10,-25(x26)	 x26:0x80008855 x10=0x24252627 PA:0x8000883c
        3765000	       375	80000a08	00ba8583	lb	x11,11(x21)	 x21:0x80008efc x11=0xffffffec PA:0x80008f07
        3775000	       376	80000a0c	ff3d9e83	lh	x29,-13(x27)	 x27:0x80008e1d x29=0xfffffafb PA:0x80008e10
        3785000	       377	80000a10	fe9a8ba3	sb	x9,-9(x21)	 x21:0x80008efc  x9:0x8098be02 PA:0x80008ef3
        3795000	       378	80000a14	0a308203	lb	x4,163(x1)	  x1:0x80008970  x4=0xfffffff8 PA:0x80008a13
        3805000	       379	80000a18	fe5d5b03	lhu	x22,-27(x26)	 x26:0x80008855 x22=0x00002021 PA:0x8000883a
        3815000	       380	80000a1c	02bd13a3	sh	x11,39(x26)	 x26:0x80008855 x11:0xffffffec PA:0x8000887c
        3825000	       381	80000a20	ff2d8103	lb	x2,-14(x27)	 x27:0x80008e1d  x2=0xfffffff4 PA:0x80008e0f
        3835000	       382	80000a24	ffdac883	lbu	x17,-3(x21)	 x21:0x80008efc x17=0x000000e2 PA:0x80008ef9
        3845000	       383	80000a28	fcad0c03	lb	x24,-54(x26)	 x26:0x80008855 x24=0x00000004 PA:0x8000881f
        3855000	       384	80000a2c	00008a17	auipc	x20,0x8	 x20=0x80008a28
        3865000	       385	80000a30	328a0a13	addi	x20,x20,808	 x20:0x80008a28 x20=0x80008d50
        3875000	       386	80000a34	ff3a0f83	lb	x31,-13(x20)	 x20:0x80008d50 x31=0x00000028 PA:0x80008d43
        3885000	       387	80000a38	01aa07a3	sb	x26,15(x20)	 x20:0x80008d50 x26:0x80008855 PA:0x80008d5f
        3895000	       388	80000a3c	00725733	srl	x14,x4,x7	  x4:0xfffffff8  x7:0x800089aa x14=0x003fffff
        3905000	       389	80000a40	012a07a3	sb	x18,15(x20)	 x20:0x80008d50 x18:0x50515253 PA:0x80008d5f
        3915000	       390	80000a44	ffda0383	lb	x7,-3(x20)	 x20:0x80008d50  x7=0x00000036 PA:0x80008d4d
        3925000	       391	80000a48	07bb8313	addi	x6,x23,123	 x23:0x000000e8  x6=0x00000163
        3935000	       392	80000a4c	ffda0703	lb	x14,-3(x20)	 x20:0x80008d50 x14=0x00000036 PA:0x80008d4d
        3945000	       393	80000a50	006a4d03	lbu	x26,6(x20)	 x20:0x80008d50 x26=0x0000003d PA:0x80008d56
        3955000	       394	80000a54	ff1a4f83	lbu	x31,-15(x20)	 x20:0x80008d50 x31=0x0000002a PA:0x80008d41
        3965000	       395	80000a58	ff1a0ca3	sb	x17,-7(x20)	 x20:0x80008d50 x17:0x000000e2 PA:0x80008d49
        3975000	       396	80000a5c	007a4503	lbu	x10,7(x20)	 x20:0x80008d50 x10=0x000000ad PA:0x80008d57
        3985000	       397	80000a60	00ba0883	lb	x17,11(x20)	 x20:0x80008d50 x17=0x00000040 PA:0x80008d5b
        3995000	       398	80000a64	feaa0c23	sb	x10,-8(x20)	 x20:0x80008d50 x10:0x000000ad PA:0x80008d48
        4005000	       399	80000a68	010a4903	lbu	x18,16(x20)	 x20:0x80008d50 x18=0x0000004b PA:0x80008d60
        4015000	       400	80000a6c	010a5d03	lhu	x26,16(x20)	 x20:0x80008d50 x26=0x0000b24b PA:0x80008d60
        4025000	       401	80000a70	00fa2823	sw	x15,16(x20)	 x20:0x80008d50 x15:0x0000000a PA:0x80008d60
        4035000	       402	80000a74	010a5803	lhu	x16,16(x20)	 x20:0x80008d50 x16=0x0000000a PA:0x80008d60
        4045000	       403	00000000	00000013	addi	x0,x0,0	  x0:0x00000000
        4055000	       404	80000a78	ff0a4b03	lbu	x22,-16(x20)	 x20:0x80008d50 x22=0x0000002b PA:0x80008d40
        4065000	       405	80000a7c	00f21133	sll	x2,x4,x15	  x4:0xfffffff8 x15:0x0000000a  x2=0xffffe000
        4075000	       406	80000a80	ff0a1b83	lh	x23,-16(x20)	 x20:0x80008d50 x23=0x00002a2b PA:0x80008d40
        4085000	       407	80000a84	00007117	auipc	x2,0x7	  x2=0x80007a80
        4095000	       408	80000a88	6d810113	addi	x2,x2,1752	  x2:0x80007a80  x2=0x80008158
        4105000	       409	80000a8c	09910e83	lb	x29,153(x2)	  x2:0x80008158 x29=0xffffffaa PA:0x800081f1
        4115000	       410	80000a90	60110803	lb	x16,1537(x2)	  x2:0x80008158 x16=0x00000012 PA:0x80008759
        4125000	       411	80000a94	14210583	lb	x11,322(x2)	  x2:0x80008158 x11=0x00000051 PA:0x8000829a
        4135000	       412	80000a98	58211f83	lh	x31,1410(x2)	  x2:0x80008158 x31=0xffff9091 PA:0x800086da
        4145000	       413	80000a9c	169102a3	sb	x9,357(x2)	  x2:0x80008158  x9:0x8098be02 PA:0x800082bd
        4155000	       414	80000aa0	00c1a933	slt	x18,x3,x12	  x3:0x000000d7 x12:0x0000003c x18=0x00000000
        4165000	       415	80000aa4	f3608593	addi	x11,x1,-202	  x1:0x80008970 x11=0x800088a6
        4175000	       416	80000aa8	f4d11f23	sh	x13,-162(x2)	  x2:0x80008158 x13:0x000000ef PA:0x800080b6
        4185000	       417	80000aac	5f914883	lbu	x17,1529(x2)	  x2:0x80008158 x17=0x0000000a PA:0x80008751
        4195000	       418	80000ab0	37910003	lb	x0,889(x2)	  x2:0x80008158 PA:0x800084d1
        4205000	       419	80000ab4	22414d03	lbu	x26,548(x2)	  x2:0x80008158 x26=0x00000037 PA:0x8000837c
        4215000	       420	80000ab8	002a9733	sll	x14,x21,x2	 x21:0x80008efc  x2:0x80008158 x14=0xfc000000
        4225000	       421	80000abc	36314583	lbu	x11,867(x2)	  x2:0x80008158 x11=0x00000070 PA:0x800084bb
        4235000	       422	80000ac0	22615e03	lhu	x28,550(x2)	  x2:0x80008158 x28=0x00003435 PA:0x8000837e
        4245000	       423	80000ac4	56414783	lbu	x15,1380(x2)	  x2:0x80008158 x15=0x00000077 PA:0x800086bc
        4255000	       424	80000ac8	0df10823	sb	x31,208(x2)	  x2:0x80008158 x31:0xffff9091 PA:0x80008228
        4265000	       425	80000acc	3eb14983	lbu	x19,1003(x2)	  x2:0x80008158 x19=0x000000f8 PA:0x80008543
        4275000	       426	80000ad0	0053b533	sltu	x10,x7,x5	  x7:0x00000036  x5:0x00000001 x10=0x00000000
        4285000	       427	80000ad4	1770ec13	ori	x24,x1,375	  x1:0x80008970 x24=0x80008977
        4295000	       428	80000ad8	00ae0533	add	x10,x28,x10	 x28:0x00003435 x10:0x00000000 x10=0x00003435
        4305000	       429	80000adc	f5c11983	lh	x19,-164(x2)	  x2:0x80008158 x19=0x00006e6f PA:0x800080b4
        4315000	       430	80000ae0	01a15e83	lhu	x29,26(x2)	  x2:0x80008158 x29=0x00002829 PA:0x80008172
        4325000	       431	80000ae4	00391893	slli	x17,x18,0x3	 x18:0x00000000 x17=0x00000000
        4335000	       432	80000ae8	23714283	lbu	x5,567(x2)	  x2:0x80008158  x5=0x00000044 PA:0x8000838f
        4345000	       433	80000aec	65710503	lb	x10,1623(x2)	  x2:0x80008158 x10=0x00000064 PA:0x800087af
        4355000	       434	80000af0	00247333	and	x6,x8,x2	  x8:0x80009f54  x2:0x80008158  x6=0x80008150
        4365000	       435	80000af4	09b14883	lbu	x17,155(x2)	  x2:0x80008158 x17=0x000000a8 PA:0x800081f3
        4375000	       436	80000af8	ef914383	lbu	x7,-263(x2)	  x2:0x80008158  x7=0x00000000 PA:0x80008051
        4385000	       437	80000afc	f0c15a03	lhu	x20,-244(x2)	  x2:0x80008158 x20=0x00001e1f PA:0x80008064
        4395000	       438	80000b00	85f4e713	ori	x14,x9,-1953	  x9:0x8098be02 x14=0xfffffe5f
        4405000	       439	80000b04	4ca10d23	sb	x10,1242(x2)	  x2:0x80008158 x10:0x00000064 PA:0x80008632
        4415000	       440	80000b08	68310683	lb	x13,1667(x2)	  x2:0x80008158 x13=0xffffff90 PA:0x800087db
        4425000	       441	00000000	00000013	addi	x0,x0,0	  x0:0x00000000
        4435000	       442	80000b0c	40d2d913	srai	x18,x5,0xd	  x5:0x00000044 x18=0x00000000
        4445000	       443	80000b10	5e980f93	addi	x31,x16,1513	 x16:0x00000012 x31=0x000005fb
        4455000	       444	80000b14	6ac14003	lbu	x0,1708(x2)	  x2:0x80008158 PA:0x80008804
        4465000	       445	80000b18	2d466393	ori	x7,x12,724	 x12:0x0000003c  x7=0x000002fc
        4475000	       446	80000b1c	3e710783	lb	x15,999(x2)	  x2:0x80008158 x15=0xfffffff4 PA:0x8000853f
        4485000	       447	80000b20	13110923	sb	x17,306(x2)	  x2:0x80008158 x17:0x000000a8 PA:0x8000828a
        4495000	       448	80000b24	00008617	auipc	x12,0x8	 x12=0x80008b20
        4505000	       449	80000b28	93a60613	addi	x12,x12,-1734	 x12:0x80008b20 x12=0x8000845a
        4515000	       450	80000b2c	0120e133	or	x2,x1,x18	  x1:0x80008970 x18:0x00000000  x2=0x80008970
        4525000	       451	80000b30	fd560983	lb	x19,-43(x12)	 x12:0x8000845a x19=0xffffff80 PA:0x8000842f
        4535000	       452	80000b34	09a60523	sb	x26,138(x12)	 x12:0x8000845a x26:0x00000037 PA:0x800084e4
        4545000	       453	80000b38	1c0477b7	lui	x15,0x1c047	 x15=0x1c047000
        4555000	       454	80000b3c	d2212713	slti	x14,x2,-734	  x2:0x80008970 x14=0x00000001
        4565000	       455	80000b40	41e788b3	sub	x17,x15,x30	 x15:0x1c047000 x30:0x80009fc4 x17=0x9c03d03c
        4575000	       456	80000b44	2eaf4137	lui	x2,0x2eaf4	  x2=0x2eaf4000
        4585000	       457	80000b48	0c962323	sw	x9,198(x12)	 x12:0x8000845a  x9:0x8098be02 PA:0x80008520
        4595000	       458	80000b4c	fcf64a83	lbu	x21,-49(x12)	 x12:0x8000845a x21=0x000000e2 PA:0x80008429
        4605000	       459	80000b50	000fc933	xor	x18,x31,x0	 x31:0x000005fb  x0:0x00000000 x18=0x000005fb
        4615000	       460	80000b54	07d61423	sh	x29,104(x12)	 x12:0x8000845a x29:0x00002829 PA:0x800084c2
        4625000	       461	80000b58	f9e61c03	lh	x24,-98(x12)	 x12:0x8000845a x24=0xffffb2b3 PA:0x800083f8
        4635000	       462	80000b5c	405f0933	sub	x18,x30,x5	 x30:0x80009fc4  x5:0x00000044 x18=0x80009f80
        4645000	       463	80000b60	fdc60f23	sb	x28,-34(x12)	 x12:0x8000845a x28:0x00003435 PA:0x80008438
        4655000	       464	80000b64	fe662703	lw	x14,-26(x12)	 x12:0x8000845a x14=0xf8f9fafb PA:0x80008440
        4665000	       465	80000b68	0089efb3	or	x31,x19,x8	 x19:0xffffff80  x8:0x80009f54 x31=0xffffffd4
        4675000	       466	80000b6c	1e198393	addi	x7,x19,481	 x19:0xffffff80  x7=0x00000161
        4685000	       467	80000b70	f2d60d23	sb	x13,-198(x12)	 x12:0x8000845a x13:0xffffff90 PA:0x80008394
        4695000	       468	80000b74	00330933	add	x18,x6,x3	  x6:0x80008150  x3:0x000000d7 x18=0x80008227
        4705000	       469	80000b78	409cda93	srai	x21,x25,0x9	 x25:0x000007ff x21=0x00000003
        4715000	       470	80000b7c	aace2113	slti	x2,x28,-1364	 x28:0x00003435  x2=0x00000000
        4725000	       471	80000b80	013e9a13	slli	x20,x29,0x13	 x29:0x00002829 x20=0x41480000
        4735000	       472	80000b84	0a960703	lb	x14,169(x12)	 x12:0x8000845a x14=0xffffffb8 PA:0x80008503
        4745000	       473	80000b88	05461023	sh	x20,64(x12)	 x12:0x8000845a x20:0x41480000 PA:0x8000849a
        4755000	       474	80000b8c	00fb5833	srl	x16,x22,x15	 x22:0x0000002b x15:0x1c047000 x16=0x0000002b
        4765000	       475	80000b90	0082da33	srl	x20,x5,x8	  x5:0x00000044  x8:0x80009f54 x20=0x00000000
        4775000	       476	80000b94	03460aa3	sb	x20,53(x12)	 x12:0x8000845a x20:0x00000000 PA:0x8000848f
        4785000	       477	80000b98	00008d97	auipc	x27,0x8	 x27=0x80008b94
        4795000	       478	80000b9c	814d8d93	addi	x27,x27,-2028	 x27:0x80008b94 x27=0x800083a8
        4805000	       479	80000ba0	0c3d8a03	lb	x20,195(x27)	 x27:0x800083a8 x20=0x00000020 PA:0x8000846b
        4815000	       480	80000ba4	ffb1ea93	ori	x21,x3,-5	  x3:0x000000d7 x21=0xffffffff
        4825000	       481	80000ba8	1fc74093	xori	x1,x14,508	 x14:0xffffffb8  x1=0xfffffe44
        4835000	       482	80000bac	0c1d83a3	sb	x1,199(x27)	 x27:0x800083a8  x1:0xfffffe44 PA:0x8000846f
        4845000	       483	80000bb0	010ddbb3	srl	x23,x27,x16	 x27:0x800083a8 x16:0x0000002b x23=0x00100010
        4855000	       484	80000bb4	d0dc2297	auipc	x5,0xd0dc2	  x5=0x50dc2bb0
        4865000	       485	80000bb8	04dd8083	lb	x1,77(x27)	 x27:0x800083a8  x1=0xffffffae PA:0x800083f5
        4875000	       486	80000bbc	00639293	slli	x5,x7,0x6	  x7:0x00000161  x5=0x00005840
        4885000	       487	80000bc0	00951633	sll	x12,x10,x9	 x10:0x00000064  x9:0x8098be02 x12=0x00000190
        4895000	       488	80000bc4	010bc3b3	xor	x7,x23,x16	 x23:0x00100010 x16:0x0000002b  x7=0x0010003b
        4905000	       489	80000bc8	007a61b3	or	x3,x20,x7	 x20:0x00000020  x7:0x0010003b  x3=0x0010003b
        4915000	       490	80000bcc	01bc9933	sll	x18,x25,x27	 x25:0x000007ff x27:0x800083a8 x18=0x0007ff00
        4925000	       491	80000bd0	9c94fb93	andi	x23,x9,-1591	  x9:0x8098be02 x23=0x8098b800
        4935000	       492	80000bd4	fcfd8b83	lb	x23,-49(x27)	 x27:0x800083a8 x23=0x0000002c PA:0x80008377
        4945000	       493	80000bd8	0d0dda83	lhu	x21,208(x27)	 x27:0x800083a8 x21=0x00003233 PA:0x80008478
        4955000	       494	80000bdc	fe4d8d23	sb	x4,-6(x27)	 x27:0x800083a8  x4:0xfffffff8 PA:0x800083a2
        4965000	       495	80000be0	f6bd8783	lb	x15,-149(x27)	 x27:0x800083a8 x15=0xffffff9f PA:0x80008313
        4975000	       496	80000be4	82dee813	ori	x16,x29,-2003	 x29:0x00002829 x16=0xfffff82d
        4985000	       497	80000be8	0114f233	and	x4,x9,x17	  x9:0x8098be02 x17:0x9c03d03c  x4=0x80009000
        4995000	       498	80000bec	f3add703	lhu	x14,-198(x27)	 x27:0x800083a8 x14=0x00009899 PA:0x800082e2
        5005000	       499	80000bf0	789d7313	andi	x6,x26,1929	 x26:0x00000037  x6=0x00000001
        5015000	       500	80000bf4	d32f9037	lui	x0,0xd32f9	
        5025000	       501	80000bf8	40855bb3	sra	x23,x10,x8	 x10:0x00000064  x8:0x80009f54 x23=0x00000000
        5035000	       502	80000bfc	03dd8083	lb	x1,61(x27)	 x27:0x800083a8  x1=0xffffff9e PA:0x800083e5
        5045000	       503	80000c00	0d6d8303	lb	x6,214(x27)	 x27:0x800083a8  x6=0x00000035 PA:0x8000847e
        5055000	       504	80000c04	95afc113	xori	x2,x31,-1702	 x31:0xffffffd4  x2=0x0000068e
        5065000	       505	80000c08	f9dd8023	sb	x29,-128(x27)	 x27:0x800083a8 x29:0x00002829 PA:0x80008328
        5075000	       506	80000c0c	f27da223	sw	x7,-220(x27)	 x27:0x800083a8  x7:0x0010003b PA:0x800082cc
        5085000	       507	80000c10	0041e733	or	x14,x3,x4	  x3:0x0010003b  x4:0x80009000 x14=0x8010903b
        5095000	       508	80000c14	aa701b17	auipc	x22,0xaa701	 x22=0x2a701c10
        5105000	       509	80000c18	019e9313	slli	x6,x29,0x19	 x29:0x00002829  x6=0x52000000
        5115000	       510	80000c1c	f25d8283	lb	x5,-219(x27)	 x27:0x800083a8  x5=0x00000000 PA:0x800082cd
        5125000	       511	80000c20	00a035b3	sltu	x11,x0,x10	  x0:0x00000000 x10:0x00000064 x11=0x00000001
        5135000	       512	80000c24	055d8303	lb	x6,85(x27)	 x27:0x800083a8  x6=0xffffffb6 PA:0x800083fd
        5145000	       513	80000c28	40fdd8b3	sra	x17,x27,x15	 x27:0x800083a8 x15:0xffffff9f x17=0xffffffff
        5155000	       514	80000c2c	400000b3	sub	x1,x0,x0	  x0:0x00000000  x0:0x00000000  x1=0x00000000
        5165000	       515	80000c30	00d01693	slli	x13,x0,0xd	  x0:0x00000000 x13=0x00000000
        5175000	       516	80000c34	f95d84a3	sb	x21,-119(x27)	 x27:0x800083a8 x21:0x00003233 PA:0x80008331
        5185000	       517	80000c38	07ad82a3	sb	x26,101(x27)	 x27:0x800083a8 x26:0x00000037 PA:0x8000840d
        5195000	       518	80000c3c	00d98bb3	add	x23,x19,x13	 x19:0xffffff80 x13:0x00000000 x23=0xffffff80
        5205000	       519	80000c40	015565b3	or	x11,x10,x21	 x10:0x00000064 x21:0x00003233 x11=0x00003277
        5215000	       520	80000c44	f13d9b23	sh	x19,-234(x27)	 x27:0x800083a8 x19:0xffffff80 PA:0x800082be
        5225000	       521	80000c48	f9dd8ea3	sb	x29,-99(x27)	 x27:0x800083a8 x29:0x00002829 PA:0x80008345
        5235000	       522	80000c4c	01bde5b3	or	x11,x27,x27	 x27:0x800083a8 x27:0x800083a8 x11=0x800083a8
        5245000	       523	80000c50	01c5d713	srli	x14,x11,0x1c	 x11:0x800083a8 x14=0x00000008
        5255000	       524	80000c54	6fb33c13	sltiu	x24,x6,1787	  x6:0xffffffb6 x24=0x00000000
        5265000	       525	80000c58	0d8d8d23	sb	x24,218(x27)	 x27:0x800083a8 x24:0x00000000 PA:0x80008482
        5275000	       526	80000c5c	41370593	addi	x11,x14,1043	 x14:0x00000008 x11=0x0000041b
        5285000	       527	80000c60	f52d8183	lb	x3,-174(x27)	 x27:0x800083a8  x3=0xffffffb1 PA:0x800082fa
        5295000	       528	80000c64	00007f97	auipc	x31,0x7	 x31=0x80007c60
        5305000	       529	80000c68	563f8f93	addi	x31,x31,1379	 x31:0x80007c60 x31=0x800081c3
        5315000	       530	80000c6c	00008a97	auipc	x21,0x8	 x21=0x80008c68
        5325000	       531	80000c70	a4aa8a93	addi	x21,x21,-1462	 x21:0x80008c68 x21=0x800086b2
        5335000	       532	80000c74	fcaa88a3	sb	x10,-47(x21)	 x21:0x800086b2 x10:0x00000064 PA:0x80008683
        5345000	       533	80000c78	00007517	auipc	x10,0x7	 x10=0x80007c74
        5355000	       534	80000c7c	52350513	addi	x10,x10,1315	 x10:0x80007c74 x10=0x80008197
        5365000	       535	80000c80	09151b03	lh	x22,145(x10)	 x10:0x80008197 x22=0xffffe291 PA:0x80008228
        5375000	       536	80000c84	00008e97	auipc	x29,0x8	 x29=0x80008c80
        5385000	       537	80000c88	906e8e93	addi	x29,x29,-1786	 x29:0x80008c80 x29=0x80008586
        5395000	       538	80000c8c	f61fc783	lbu	x15,-159(x31)	 x31:0x800081c3 x15=0x000000df PA:0x80008124
        5405000	       539	80000c90	03eac003	lbu	x0,62(x21)	 x21:0x800086b2 PA:0x800086f0
        5415000	       540	80000c94	05d516a3	sh	x29,77(x10)	 x10:0x80008197 x29:0x80008586 PA:0x800081e4
        5425000	       541	80000c98	00007297	auipc	x5,0x7	  x5=0x80007c94
        5435000	       542	80000c9c	40928293	addi	x5,x5,1033	  x5:0x80007c94  x5=0x8000809d
        5445000	       543	80000ca0	01fa8003	lb	x0,31(x21)	 x21:0x800086b2 PA:0x800086d1
        5455000	       544	80000ca4	fbc54003	lbu	x0,-68(x10)	 x10:0x80008197 PA:0x80008153
        5465000	       545	80000ca8	002a87a3	sb	x2,15(x21)	 x21:0x800086b2  x2:0x0000068e PA:0x800086c1
        5475000	       546	80000cac	066e8ba3	sb	x6,119(x29)	 x29:0x80008586  x6:0xffffffb6 PA:0x800085fd
        5485000	       547	80000cb0	051f9d83	lh	x27,81(x31)	 x31:0x800081c3 x27=0xffffcecf PA:0x80008214
        5495000	       548	80000cb4	fd328523	sb	x19,-54(x5)	  x5:0x8000809d x19:0xffffff80 PA:0x80008067
        5505000	       549	80000cb8	024e9c83	lh	x25,36(x29)	 x29:0x80008586 x25=0x00006061 PA:0x800085aa
        5515000	       550	80000cbc	0ee54b83	lbu	x23,238(x10)	 x10:0x80008197 x23=0x0000003e PA:0x80008285
        5525000	       551	80000cc0	f4afcc83	lbu	x25,-182(x31)	 x31:0x800081c3 x25=0x000000c6 PA:0x8000810d
        5535000	       552	80000cc4	fabec303	lbu	x6,-85(x29)	 x29:0x80008586  x6=0x000000ea PA:0x80008531
        5545000	       553	80000cc8	0fe50e23	sb	x30,252(x10)	 x10:0x80008197 x30:0x80009fc4 PA:0x80008293
        5555000	       554	80000ccc	0caead23	sw	x10,218(x29)	 x29:0x80008586 x10:0x80008197 PA:0x80008660
        5565000	       555	80000cd0	ffba9723	sh	x27,-18(x21)	 x21:0x800086b2 x27:0xffffcecf PA:0x800086a0
        5575000	       556	80000cd4	0e050723	sb	x0,238(x10)	 x10:0x80008197  x0:0x00000000 PA:0x80008285
        5585000	       557	80000cd8	07a28b23	sb	x26,118(x5)	  x5:0x8000809d x26:0x00000037 PA:0x80008113
        5595000	       558	80000cdc	096e9303	lh	x6,150(x29)	 x29:0x80008586  x6=0xffffd6d7 PA:0x8000861c
        5605000	       559	80000ce0	f5de9923	sh	x29,-174(x29)	 x29:0x80008586 x29:0x80008586 PA:0x800084d8
        5615000	       560	80000ce4	fe1510a3	sh	x1,-31(x10)	 x10:0x80008197  x1:0x00000000 PA:0x80008178
        5625000	       561	80000ce8	0e7f8683	lb	x13,231(x31)	 x31:0x800081c3 x13=0x00000061 PA:0x800082aa
        5635000	       562	80000cec	0842c603	lbu	x12,132(x5)	  x5:0x8000809d x12=0x000000da PA:0x80008121
        5645000	       563	80000cf0	014a85a3	sb	x20,11(x21)	 x21:0x800086b2 x20:0x00000020 PA:0x800086bd
        5655000	       564	80000cf4	f86e82a3	sb	x6,-123(x29)	 x29:0x80008586  x6:0xffffd6d7 PA:0x8000850b
        5665000	       565	80000cf8	0fc28e23	sb	x28,252(x5)	  x5:0x8000809d x28:0x00003435 PA:0x80008199
        5675000	       566	80000cfc	fc6a9d83	lh	x27,-58(x21)	 x21:0x800086b2 x27=0x00003233 PA:0x80008678
        5685000	       567	80000d00	0ceea383	lw	x7,206(x29)	 x29:0x80008586  x7=0xeb0d0e0f PA:0x80008654
        5695000	       568	80000d04	0defc203	lbu	x4,222(x31)	 x31:0x800081c3  x4=0x0000005a PA:0x800082a1
        5705000	       569	80000d08	028a9523	sh	x8,42(x21)	 x21:0x800086b2  x8:0x80009f54 PA:0x800086dc
        5715000	       570	80000d0c	09fe9023	sh	x31,128(x29)	 x29:0x80008586 x31:0x800081c3 PA:0x80008606
        5725000	       571	80000d10	f06e9383	lh	x7,-250(x29)	 x29:0x80008586  x7=0x00004647 PA:0x8000848c
        5735000	       572	80000d14	04355d83	lhu	x27,67(x10)	 x10:0x80008197 x27=0x00009091 PA:0x800081da
        5745000	       573	80000d18	0f628803	lb	x16,246(x5)	  x5:0x8000809d x16=0x00000048 PA:0x80008193
        5755000	       574	80000d1c	00008217	auipc	x4,0x8	  x4=0x80008d18
        5765000	       575	80000d20	96a20213	addi	x4,x4,-1686	  x4:0x80008d18  x4=0x80008682
        5775000	       576	80000d24	0052fb33	and	x22,x5,x5	  x5:0x8000809d  x5:0x8000809d x22=0x8000809d
        5785000	       577	80000d28	00924583	lbu	x11,9(x4)	  x4:0x80008682 x11=0x00000040 PA:0x8000868b
        5795000	       578	80000d2c	014204a3	sb	x20,9(x4)	  x4:0x80008682 x20:0x00000020 PA:0x8000868b
        5805000	       579	80000d30	ddcbb613	sltiu	x12,x23,-548	 x23:0x0000003e x12=0x00000001
        5815000	       580	80000d34	01c204a3	sb	x28,9(x4)	  x4:0x80008682 x28:0x00003435 PA:0x8000868b
        5825000	       581	80000d38	00924903	lbu	x18,9(x4)	  x4:0x80008682 x18=0x00000035 PA:0x8000868b
        5835000	       582	80000d3c	00920a83	lb	x21,9(x4)	  x4:0x80008682 x21=0x00000035 PA:0x8000868b
        5845000	       583	80000d40	00d204a3	sb	x13,9(x4)	  x4:0x80008682 x13:0x00000061 PA:0x8000868b
        5855000	       584	80000d44	004204a3	sb	x4,9(x4)	  x4:0x80008682  x4:0x80008682 PA:0x8000868b
        5865000	       585	80000d48	8fda7997	auipc	x19,0x8fda7	 x19=0x0fda7d44
        5875000	       586	80000d4c	01d204a3	sb	x29,9(x4)	  x4:0x80008682 x29:0x80008586 PA:0x8000868b
        5885000	       587	80000d50	00924003	lbu	x0,9(x4)	  x4:0x80008682 PA:0x8000868b
        5895000	       588	80000d54	00924003	lbu	x0,9(x4)	  x4:0x80008682 PA:0x8000868b
        5905000	       589	80000d58	00924d03	lbu	x26,9(x4)	  x4:0x80008682 x26=0x00000086 PA:0x8000868b
        5915000	       590	80000d5c	00920083	lb	x1,9(x4)	  x4:0x80008682  x1=0xffffff86 PA:0x8000868b
        5925000	       591	80000d60	00924903	lbu	x18,9(x4)	  x4:0x80008682 x18=0x00000086 PA:0x8000868b
        5935000	       592	80000d64	017204a3	sb	x23,9(x4)	  x4:0x80008682 x23:0x0000003e PA:0x8000868b
        5945000	       593	80000d68	00924983	lbu	x19,9(x4)	  x4:0x80008682 x19=0x0000003e PA:0x8000868b
        5955000	       594	80000d6c	00007f97	auipc	x31,0x7	 x31=0x80007d68
        5965000	       595	80000d70	340f8f93	addi	x31,x31,832	 x31:0x80007d68 x31=0x800080a8
        5975000	       596	80000d74	00008e17	auipc	x28,0x8	 x28=0x80008d70
        5985000	       597	80000d78	80ee0e13	addi	x28,x28,-2034	 x28:0x80008d70 x28=0x8000857e
        5995000	       598	80000d7c	fc1f8683	lb	x13,-63(x31)	 x31:0x800080a8 x13=0x00000022 PA:0x80008069
        6005000	       599	80000d80	02ce1023	sh	x12,32(x28)	 x28:0x8000857e x12:0x00000001 PA:0x8000859e
        6015000	       600	80000d84	039e4b83	lbu	x23,57(x28)	 x28:0x8000857e x23=0x0000006c PA:0x800085b7
        6025000	       601	80000d88	fecfc083	lbu	x1,-20(x31)	 x31:0x800080a8  x1=0x0000004f PA:0x80008094
        6035000	       602	80000d8c	fe2e1223	sh	x2,-28(x28)	 x28:0x8000857e  x2:0x0000068e PA:0x80008562
        6045000	       603	80000d90	00ee0083	lb	x1,14(x28)	 x28:0x8000857e  x1=0x00000047 PA:0x8000858c
        6055000	       604	80000d94	022f8a03	lb	x20,34(x31)	 x31:0x800080a8 x20=0xffffff81 PA:0x800080ca
        6065000	       605	80000d98	fc2e0a03	lb	x20,-62(x28)	 x28:0x8000857e x20=0xfffffffb PA:0x80008540
        6075000	       606	80000d9c	022f8983	lb	x19,34(x31)	 x31:0x800080a8 x19=0xffffff81 PA:0x800080ca
        6085000	       607	80000da0	ff6e1883	lh	x17,-10(x28)	 x28:0x8000857e x17=0x00002e2f PA:0x80008574
        6095000	       608	80000da4	039e07a3	sb	x25,47(x28)	 x28:0x8000857e x25:0x000000c6 PA:0x800085ad
        6105000	       609	80000da8	ff6fc983	lbu	x19,-10(x31)	 x31:0x800080a8 x19=0x00000055 PA:0x8000809e
        6115000	       610	80000dac	00008117	auipc	x2,0x8	  x2=0x80008da8
        6125000	       611	80000db0	07310113	addi	x2,x2,115	  x2:0x80008da8  x2=0x80008e1b
        6135000	       612	80000db4	d9912183	lw	x3,-615(x2)	  x2:0x80008e1b  x3=0x9c9d9e9f PA:0x80008bb4
        6145000	       613	80000db8	01082633	slt	x12,x16,x16	 x16:0x00000048 x16:0x00000048 x12=0x00000000
        6155000	       614	80000dbc	d9912983	lw	x19,-615(x2)	  x2:0x80008e1b x19=0x9c9d9e9f PA:0x80008bb4
        6165000	       615	80000dc0	0182f233	and	x4,x5,x24	  x5:0x8000809d x24:0x00000000  x4=0x00000000
        6175000	       616	80000dc4	d9912803	lw	x16,-615(x2)	  x2:0x80008e1b x16=0x9c9d9e9f PA:0x80008bb4
        6185000	       617	80000dc8	d9810ca3	sb	x24,-615(x2)	  x2:0x80008e1b x24:0x00000000 PA:0x80008bb4
        6195000	       618	80000dcc	e5814683	lbu	x13,-424(x2)	  x2:0x80008e1b x13=0x00000058 PA:0x80008c73
        6205000	       619	80000dd0	e5810083	lb	x1,-424(x2)	  x2:0x80008e1b  x1=0x00000058 PA:0x80008c73
        6215000	       620	80000dd4	e5810b83	lb	x23,-424(x2)	  x2:0x80008e1b x23=0x00000058 PA:0x80008c73
        6225000	       621	80000dd8	e5814f83	lbu	x31,-424(x2)	  x2:0x80008e1b x31=0x00000058 PA:0x80008c73
        6235000	       622	80000ddc	e5b10c23	sb	x27,-424(x2)	  x2:0x80008e1b x27:0x00009091 PA:0x80008c73
        6245000	       623	80000de0	e5810703	lb	x14,-424(x2)	  x2:0x80008e1b x14=0xffffff91 PA:0x80008c73
        6255000	       624	80000de4	eb710c83	lb	x25,-329(x2)	  x2:0x80008e1b x25=0xffffffb9 PA:0x80008cd2
        6265000	       625	80000de8	00008b17	auipc	x22,0x8	 x22=0x80008de4
        6275000	       626	80000dec	018b0b13	addi	x22,x22,24	 x22:0x80008de4 x22=0x80008dfc
        6285000	       627	80000df0	41aade13	srai	x28,x21,0x1a	 x21:0x00000035 x28=0x00000000
        6295000	       628	80000df4	01f640b3	xor	x1,x12,x31	 x12:0x00000000 x31:0x00000058  x1=0x00000058
        6305000	       629	80000df8	1f5e6393	ori	x7,x28,501	 x28:0x00000000  x7=0x000001f5
        6315000	       630	80000dfc	05db0803	lb	x16,93(x22)	 x22:0x80008dfc x16=0x00000042 PA:0x80008e59
        6325000	       631	80000e00	0040f8b3	and	x17,x1,x4	  x1:0x00000058  x4:0x00000000 x17=0x00000000
        6335000	       632	80000e04	001a9e93	slli	x29,x21,0x1	 x21:0x00000035 x29=0x0000006a
        6345000	       633	80000e08	8dbec613	xori	x12,x29,-1829	 x29:0x0000006a x12=0xfffff8b1
        6355000	       634	80000e0c	01a40e33	add	x28,x8,x26	  x8:0x80009f54 x26:0x00000086 x28=0x80009fda
        6365000	       635	80000e10	0144bc33	sltu	x24,x9,x20	  x9:0x8098be02 x20:0xfffffffb x24=0x00000001
        6375000	       636	80000e14	0feb1123	sh	x30,226(x22)	 x22:0x80008dfc x30:0x80009fc4 PA:0x80008ede
        6385000	       637	80000e18	04cb1503	lh	x10,76(x22)	 x22:0x80008dfc x10=0x00003233 PA:0x80008e48
        6395000	       638	80000e1c	40d65513	srai	x10,x12,0xd	 x12:0xfffff8b1 x10=0xffffffff
        6405000	       639	80000e20	01bb0983	lb	x19,27(x22)	 x22:0x80008dfc x19=0xfffffffc PA:0x80008e17
        6415000	       640	80000e24	0dab1503	lh	x10,218(x22)	 x22:0x80008dfc x10=0xffffbcbd PA:0x80008ed6
        6425000	       641	80000e28	0d3b0303	lb	x6,211(x22)	 x22:0x80008dfc  x6=0xffffffb4 PA:0x80008ecf
        6435000	       642	80000e2c	049b0ca3	sb	x9,89(x22)	 x22:0x80008dfc  x9:0x8098be02 PA:0x80008e55
        6445000	       643	80000e30	058b5f83	lhu	x31,88(x22)	 x22:0x80008dfc x31=0x000002c4 PA:0x80008e54
        6455000	       644	80000e34	0183c233	xor	x4,x7,x24	  x7:0x000001f5 x24:0x00000001  x4=0x000001f4
        6465000	       645	80000e38	00a88533	add	x10,x17,x10	 x17:0x00000000 x10:0xffffbcbd x10=0xffffbcbd
        6475000	       646	80000e3c	83f9c093	xori	x1,x19,-1985	 x19:0xfffffffc  x1=0x000007c3
        6485000	       647	80000e40	00471833	sll	x16,x14,x4	 x14:0xffffff91  x4:0x000001f4 x16=0xf9100000
        6495000	       648	80000e44	fddb1423	sh	x29,-56(x22)	 x22:0x80008dfc x29:0x0000006a PA:0x80008dc4
        6505000	       649	80000e48	077b4e03	lbu	x28,119(x22)	 x22:0x80008dfc x28=0x00000058 PA:0x80008e73
        6515000	       650	80000e4c	033b4d03	lbu	x26,51(x22)	 x22:0x80008dfc x26=0x00000014 PA:0x80008e2f
        6525000	       651	80000e50	00007c97	auipc	x25,0x7	 x25=0x80007e4c
        6535000	       652	80000e54	51fc8c93	addi	x25,x25,1311	 x25:0x80007e4c x25=0x8000836b
        6545000	       653	80000e58	00007d97	auipc	x27,0x7	 x27=0x80007e54
        6555000	       654	80000e5c	7c9d8d93	addi	x27,x27,1993	 x27:0x80007e54 x27=0x8000861d
        6565000	       655	80000e60	007da183	lw	x3,7(x27)	 x27:0x8000861d  x3=0xdcdddedf PA:0x80008624
        6575000	       656	80000e64	00007c17	auipc	x24,0x7	 x24=0x80007e60
        6585000	       657	80000e68	24dc0c13	addi	x24,x24,589	 x24:0x80007e60 x24=0x800080ad
        6595000	       658	80000e6c	07cd8983	lb	x19,124(x27)	 x27:0x8000861d x19=0x00000052 PA:0x80008699
        6605000	       659	80000e70	00007297	auipc	x5,0x7	  x5=0x80007e6c
        6615000	       660	80000e74	63a28293	addi	x5,x5,1594	  x5:0x80007e6c  x5=0x800084a6
        6625000	       661	80000e78	f5829103	lh	x2,-168(x5)	  x5:0x800084a6  x2=0xffffb4b5 PA:0x800083fe
        6635000	       662	80000e7c	00007517	auipc	x10,0x7	 x10=0x80007e78
        6645000	       663	80000e80	65150513	addi	x10,x10,1617	 x10:0x80007e78 x10=0x800084c9
        6655000	       664	80000e84	063c4303	lbu	x6,99(x24)	 x24:0x800080ad  x6=0x000000cb PA:0x80008110
        6665000	       665	80000e88	1bac8d03	lb	x26,442(x25)	 x25:0x8000836b x26=0xffffffde PA:0x80008525
        6675000	       666	80000e8c	f3528fa3	sb	x21,-193(x5)	  x5:0x800084a6 x21:0x00000035 PA:0x800083e5
        6685000	       667	80000e90	ff151e83	lh	x29,-15(x10)	 x10:0x800084c9 x29=0x00007071 PA:0x800084ba
        6695000	       668	80000e94	f132c383	lbu	x7,-237(x5)	  x5:0x800084a6  x7=0x00000072 PA:0x800083b9
        6705000	       669	80000e98	fecd8783	lb	x15,-20(x27)	 x27:0x8000861d x15=0xffffffc2 PA:0x80008609
        6715000	       670	80000e9c	0ab28623	sb	x11,172(x5)	  x5:0x800084a6 x11:0x00000040 PA:0x80008552
        6725000	       671	80000ea0	00551183	lh	x3,5(x10)	 x10:0x800084c9  x3=0xffff8485 PA:0x800084ce
        6735000	       672	00000000	00000013	addi	x0,x0,0	  x0:0x00000000
        6745000	       673	80000ea4	00354f83	lbu	x31,3(x10)	 x10:0x800084c9 x31=0x00000087 PA:0x800084cc
        6755000	       674	80000ea8	dedc93a3	sh	x13,-537(x25)	 x25:0x8000836b x13:0x00000058 PA:0x80008152
        6765000	       675	80000eac	0e728183	lb	x3,231(x5)	  x5:0x800084a6  x3=0x00000046 PA:0x8000858d
        6775000	       676	80000eb0	0c1c4803	lbu	x16,193(x24)	 x24:0x800080ad x16=0x00000025 PA:0x8000816e
        6785000	       677	80000eb4	f8128803	lb	x16,-127(x5)	  x5:0x800084a6 x16=0xffffffdc PA:0x80008427
        6795000	       678	80000eb8	00e527a3	sw	x14,15(x10)	 x10:0x800084c9 x14:0xffffff91 PA:0x800084d8
        6805000	       679	80000ebc	0a829b23	sh	x8,182(x5)	  x5:0x800084a6  x8:0x80009f54 PA:0x8000855c
        6815000	       680	80000ec0	275c8383	lb	x7,629(x25)	 x25:0x8000836b  x7=0xffffff9b PA:0x800085e0
        6825000	       681	80000ec4	01a50323	sb	x26,6(x10)	 x10:0x800084c9 x26:0xffffffde PA:0x800084cf
        6835000	       682	80000ec8	01bc0da3	sb	x27,27(x24)	 x24:0x800080ad x27:0x8000861d PA:0x800080c8
        6845000	       683	80000ecc	fa7d96a3	sh	x7,-83(x27)	 x27:0x8000861d  x7:0xffffff9b PA:0x800085ca
        6855000	       684	80000ed0	002505a3	sb	x2,11(x10)	 x10:0x800084c9  x2:0xffffb4b5 PA:0x800084d4
        6865000	       685	80000ed4	fc72ce03	lbu	x28,-57(x5)	  x5:0x800084a6 x28=0x00000026 PA:0x8000846d
        6875000	       686	80000ed8	07bc18a3	sh	x27,113(x24)	 x24:0x800080ad x27:0x8000861d PA:0x8000811e
        6885000	       687	80000edc	ff955803	lhu	x16,-7(x10)	 x10:0x800084c9 x16=0x00002829 PA:0x800084c2
        6895000	       688	80000ee0	ffc50883	lb	x17,-4(x10)	 x10:0x800084c9 x17=0x0000007e PA:0x800084c5
        6905000	       689	80000ee4	00a50a03	lb	x20,10(x10)	 x10:0x800084c9 x20=0xffffff88 PA:0x800084d3
        6915000	       690	80000ee8	fecd8f23	sb	x12,-2(x27)	 x27:0x8000861d x12:0xfffff8b1 PA:0x8000861b
        6925000	       691	80000eec	fcccaaa3	sw	x12,-43(x25)	 x25:0x8000836b x12:0xfffff8b1 PA:0x80008340
        6935000	       692	80000ef0	040c4083	lbu	x1,64(x24)	 x24:0x800080ad  x1=0x000000a6 PA:0x800080ed
        6945000	       693	80000ef4	222cc683	lbu	x13,546(x25)	 x25:0x8000836b x13=0x00000046 PA:0x8000858d
        6955000	       694	80000ef8	07ac4383	lbu	x7,122(x24)	 x24:0x800080ad  x7=0x000000dc PA:0x80008127
        6965000	       695	80000efc	ff851ca3	sh	x24,-7(x10)	 x10:0x800084c9 x24:0x800080ad PA:0x800084c2
        6975000	       696	80000f00	05cd8023	sb	x28,64(x27)	 x27:0x8000861d x28:0x00000026 PA:0x8000865d
        6985000	       697	80000f04	10bc0023	sb	x11,256(x24)	 x24:0x800080ad x11:0x00000040 PA:0x800081ad
        6995000	       698	80000f08	00008e97	auipc	x29,0x8	 x29=0x80008f04
        7005000	       699	80000f0c	cb8e8e93	addi	x29,x29,-840	 x29:0x80008f04 x29=0x80008bbc
        7015000	       700	80000f10	f9fe82a3	sb	x31,-123(x29)	 x29:0x80008bbc x31:0x00000087 PA:0x80008b41
        7025000	       701	80000f14	f81e82a3	sb	x1,-123(x29)	 x29:0x80008bbc  x1:0x000000a6 PA:0x80008b41
        7035000	       702	80000f18	f94e82a3	sb	x20,-123(x29)	 x29:0x80008bbc x20:0xffffff88 PA:0x80008b41
        7045000	       703	80000f1c	f85ecf83	lbu	x31,-123(x29)	 x29:0x80008bbc x31=0x00000088 PA:0x80008b41
        7055000	       704	80000f20	f85e8703	lb	x14,-123(x29)	 x29:0x80008bbc x14=0xffffff88 PA:0x80008b41
        7065000	       705	80000f24	0065b333	sltu	x6,x11,x6	 x11:0x00000040  x6:0x000000cb  x6=0x00000001
        7075000	       706	80000f28	f85e82a3	sb	x5,-123(x29)	 x29:0x80008bbc  x5:0x800084a6 PA:0x80008b41
        7085000	       707	80000f2c	f85e8e03	lb	x28,-123(x29)	 x29:0x80008bbc x28=0xffffffa6 PA:0x80008b41
        7095000	       708	80000f30	0d4e8d03	lb	x26,212(x29)	 x29:0x80008bbc x26=0x0000007b PA:0x80008c90
        7105000	       709	80000f34	0d4e8c83	lb	x25,212(x29)	 x29:0x80008bbc x25=0x0000007b PA:0x80008c90
        7115000	       710	80000f38	01eb1033	sll	x0,x22,x30	 x22:0x80008dfc x30:0x80009fc4
        7125000	       711	80000f3c	0d4ed383	lhu	x7,212(x29)	 x29:0x80008bbc  x7=0x00007a7b PA:0x80008c90
        7135000	       712	80000f40	0daeaa23	sw	x26,212(x29)	 x29:0x80008bbc x26:0x0000007b PA:0x80008c90
        7145000	       713	80000f44	0d4ecd83	lbu	x27,212(x29)	 x29:0x80008bbc x27=0x0000007b PA:0x80008c90
        7155000	       714	80000f48	0caeaa23	sw	x10,212(x29)	 x29:0x80008bbc x10:0x800084c9 PA:0x80008c90
        7165000	       715	80000f4c	0d4ec303	lbu	x6,212(x29)	 x29:0x80008bbc  x6=0x000000c9 PA:0x80008c90
        7175000	       716	80000f50	0dee8a23	sb	x30,212(x29)	 x29:0x80008bbc x30:0x80009fc4 PA:0x80008c90
        7185000	       717	80000f54	0d4eae03	lw	x28,212(x29)	 x29:0x80008bbc x28=0x800084c4 PA:0x80008c90
        7195000	       718	80000f58	0d4e8803	lb	x16,212(x29)	 x29:0x80008bbc x16=0xffffffc4 PA:0x80008c90
        7205000	       719	80000f5c	00007e97	auipc	x29,0x7	 x29=0x80007f58
        7215000	       720	80000f60	5e0e8e93	addi	x29,x29,1504	 x29:0x80007f58 x29=0x80008538
        7225000	       721	80000f64	00a530b3	sltu	x1,x10,x10	 x10:0x800084c9 x10:0x800084c9  x1=0x00000000
        7235000	       722	80000f68	00be9423	sh	x11,8(x29)	 x29:0x80008538 x11:0x00000040 PA:0x80008540
        7245000	       723	80000f6c	008ea283	lw	x5,8(x29)	 x29:0x80008538  x5=0xf8f90040 PA:0x80008540
        7255000	       724	80000f70	00afc633	xor	x12,x31,x10	 x31:0x00000088 x10:0x800084c9 x12=0x80008441
        7265000	       725	80000f74	005e8423	sb	x5,8(x29)	 x29:0x80008538  x5:0xf8f90040 PA:0x80008540
        7275000	       726	80000f78	006e9583	lh	x11,6(x29)	 x29:0x80008538 x11=0xfffff4f5 PA:0x8000853e
        7285000	       727	80000f7c	010ec783	lbu	x15,16(x29)	 x29:0x80008538 x15=0x00000003 PA:0x80008548
        7295000	       728	80000f80	010e8603	lb	x12,16(x29)	 x29:0x80008538 x12=0x00000003 PA:0x80008548
        7305000	       729	80000f84	010edb03	lhu	x22,16(x29)	 x29:0x80008538 x22=0x00000203 PA:0x80008548
        7315000	       730	80000f88	01de83a3	sb	x29,7(x29)	 x29:0x80008538 x29:0x80008538 PA:0x8000853f
        7325000	       731	80000f8c	86e92193	slti	x3,x18,-1938	 x18:0x00000086  x3=0x00000000
        7335000	       732	80000f90	000e83a3	sb	x0,7(x29)	 x29:0x80008538  x0:0x00000000 PA:0x8000853f
        7345000	       733	80000f94	fffec083	lbu	x1,-1(x29)	 x29:0x80008538  x1=0x000000ec PA:0x80008537
        7355000	       734	80000f98	fffeca03	lbu	x20,-1(x29)	 x29:0x80008538 x20=0x000000ec PA:0x80008537
        7365000	       735	80000f9c	fffecb83	lbu	x23,-1(x29)	 x29:0x80008538 x23=0x000000ec PA:0x80008537
        7375000	       736	80000fa0	ff0e8fa3	sb	x16,-1(x29)	 x29:0x80008538 x16:0xffffffc4 PA:0x80008537
        7385000	       737	80000fa4	fffe8e03	lb	x28,-1(x29)	 x29:0x80008538 x28=0xffffffc4 PA:0x80008537
        7395000	       738	80000fa8	008ed083	lhu	x1,8(x29)	 x29:0x80008538  x1=0x00000040 PA:0x80008540
        7405000	       739	80000fac	ffceab03	lw	x22,-4(x29)	 x29:0x80008538 x22=0xc4edeeef PA:0x80008534
        7415000	       740	00000000	00000013	addi	x0,x0,0	  x0:0x00000000
        7425000	       741	80000fb0	ff6ecb83	lbu	x23,-10(x29)	 x29:0x80008538 x23=0x000000e5 PA:0x8000852e
        7435000	       742	80000fb4	ff6ed203	lhu	x4,-10(x29)	 x29:0x80008538  x4=0x0000e4e5 PA:0x8000852e
        7445000	       743	00000000	00000013	addi	x0,x0,0	  x0:0x00000000
        7455000	       744	80000fb8	01220cb3	add	x25,x4,x18	  x4:0x0000e4e5 x18:0x00000086 x25=0x0000e56b
        7465000	       745	80000fbc	ffae8e03	lb	x28,-6(x29)	 x29:0x80008538 x28=0xffffffe9 PA:0x80008532
        7475000	       746	80000fc0	00008f97	auipc	x31,0x8	 x31=0x80008fbc
        7485000	       747	80000fc4	c04f8f93	addi	x31,x31,-1020	 x31:0x80008fbc x31=0x80008bc0
        7495000	       748	80000fc8	00008617	auipc	x12,0x8	 x12=0x80008fc4
        7505000	       749	80000fcc	ca960613	addi	x12,x12,-855	 x12:0x80008fc4 x12=0x80008c6d
        7515000	       750	80000fd0	016f9203	lh	x4,22(x31)	 x31:0x80008bc0  x4=0xffffbcbd PA:0x80008bd6
        7525000	       751	80000fd4	032fc703	lbu	x14,50(x31)	 x31:0x80008bc0 x14=0x000000d9 PA:0x80008bf2
        7535000	       752	80000fd8	000f8c83	lb	x25,0(x31)	 x31:0x80008bc0 x25=0xffffffab PA:0x80008bc0
        7545000	       753	80000fdc	13a60123	sb	x26,290(x12)	 x12:0x80008c6d x26:0x0000007b PA:0x80008d8f
        7555000	       754	80000fe0	005fc803	lbu	x16,5(x31)	 x31:0x80008bc0 x16=0x000000ae PA:0x80008bc5
        7565000	       755	80000fe4	037fcb83	lbu	x23,55(x31)	 x31:0x80008bc0 x23=0x000000dc PA:0x80008bf7
        7575000	       756	80000fe8	fe4f9023	sh	x4,-32(x31)	 x31:0x80008bc0  x4:0xffffbcbd PA:0x80008ba0
        7585000	       757	80000fec	fedf8803	lb	x16,-19(x31)	 x31:0x80008bc0 x16=0xffffff96 PA:0x80008bad
        7595000	       758	80000ff0	c6664b83	lbu	x23,-922(x12)	 x12:0x80008c6d x23=0x000000b8 PA:0x800088d3
        7605000	       759	80000ff4	034f9723	sh	x20,46(x31)	 x31:0x80008bc0 x20:0x000000ec PA:0x80008bee
        7615000	       760	80000ff8	fde601a3	sb	x30,-61(x12)	 x12:0x80008c6d x30:0x80009fc4 PA:0x80008c30
        7625000	       761	80000ffc	01bfcd03	lbu	x26,27(x31)	 x31:0x80008bc0 x26=0x000000c0 PA:0x80008bdb
        7635000	       762	80001000	27364a83	lbu	x21,627(x12)	 x12:0x80008c6d x21=0x000000cb PA:0x80008ee0
        7645000	       763	80001004	fd0fc103	lbu	x2,-48(x31)	 x31:0x80008bc0  x2=0x0000007b PA:0x80008b90
        7655000	       764	80001008	17361183	lh	x3,371(x12)	 x12:0x80008c6d  x3=0xffffcacb PA:0x80008de0
        7665000	       765	8000100c	00008117	auipc	x2,0x8	  x2=0x80009008
        7675000	       766	80001010	8c510113	addi	x2,x2,-1851	  x2:0x80009008  x2=0x800088cd
        7685000	       767	80001014	0f610703	lb	x14,246(x2)	  x2:0x800088cd x14=0xffffffa8 PA:0x800089c3
        7695000	       768	80001018	062117a3	sh	x2,111(x2)	  x2:0x800088cd  x2:0x800088cd PA:0x8000893c
        7705000	       769	8000101c	cad3f193	andi	x3,x7,-851	  x7:0x00007a7b  x3=0x00007829
        7715000	       770	80001020	015b5193	srli	x3,x22,0x15	 x22:0xc4edeeef  x3=0x00000627
        7725000	       771	80001024	00919533	sll	x10,x3,x9	  x3:0x00000627  x9:0x8098be02 x10=0x0000189c
        7735000	       772	80001028	01b10003	lb	x0,27(x2)	  x2:0x800088cd PA:0x800088e8
        7745000	       773	8000102c	00e04ab3	xor	x21,x0,x14	  x0:0x00000000 x14:0xffffffa8 x21=0xffffffa8
        7755000	       774	80001030	015f5d93	srli	x27,x30,0x15	 x30:0x80009fc4 x27=0x00000400
        7765000	       775	80001034	fb8109a3	sb	x24,-77(x2)	  x2:0x800088cd x24:0x800080ad PA:0x80008880
        7775000	       776	80001038	04a125a3	sw	x10,75(x2)	  x2:0x800088cd x10:0x0000189c PA:0x80008918
        7785000	       777	8000103c	0e810223	sb	x8,228(x2)	  x2:0x800088cd  x8:0x80009f54 PA:0x800089b1
        7795000	       778	80001040	f7110523	sb	x17,-150(x2)	  x2:0x800088cd x17:0x0000007e PA:0x80008837
        7805000	       779	80001044	05410f83	lb	x31,84(x2)	  x2:0x800088cd x31=0x0000000a PA:0x80008921
        7815000	       780	80001048	da5347b7	lui	x15,0xda534	 x15=0xda534000
        7825000	       781	8000104c	00239713	slli	x14,x7,0x2	  x7:0x00007a7b x14=0x0001e9ec
        7835000	       782	80001050	0c515503	lhu	x10,197(x2)	  x2:0x800088cd x10=0x00007879 PA:0x80008992
        7845000	       783	80001054	0f210723	sb	x18,238(x2)	  x2:0x800088cd x18:0x00000086 PA:0x800089bb
        7855000	       784	80001058	00c4b1b3	sltu	x3,x9,x12	  x9:0x8098be02 x12:0x80008c6d  x3=0x00000000
        7865000	       785	8000105c	feb116a3	sh	x11,-19(x2)	  x2:0x800088cd x11:0xfffff4f5 PA:0x800088ba
        7875000	       786	80001060	f9110823	sb	x17,-112(x2)	  x2:0x800088cd x17:0x0000007e PA:0x8000885d
        7885000	       787	80001064	08414903	lbu	x18,132(x2)	  x2:0x800088cd x18=0x0000003a PA:0x80008951
        7895000	       788	80001068	0bb14b03	lbu	x22,187(x2)	  x2:0x800088cd x22=0x00000073 PA:0x80008988
        7905000	       789	00000000	00000013	addi	x0,x0,0	  x0:0x00000000
        7915000	       790	8000106c	f9610a83	lb	x21,-106(x2)	  x2:0x800088cd x21=0x00000048 PA:0x80008863
        7925000	       791	80001070	41b78233	sub	x4,x15,x27	 x15:0xda534000 x27:0x00000400  x4=0xda533c00
        7935000	       792	80001074	f8e10b83	lb	x23,-114(x2)	  x2:0x800088cd x23=0x00000040 PA:0x8000885b
        7945000	       793	80001078	00d11e03	lh	x28,13(x2)	  x2:0x800088cd x28=0xffffc0c1 PA:0x800088da
        7955000	       794	8000107c	04810083	lb	x1,72(x2)	  x2:0x800088cd  x1=0xfffffffe PA:0x80008915
        7965000	       795	80001080	a705e913	ori	x18,x11,-1424	 x11:0xfffff4f5 x18=0xfffffef5
        7975000	       796	80001084	0fa14e03	lbu	x28,250(x2)	  x2:0x800088cd x28=0x000000ac PA:0x800089c7
        7985000	       797	80001088	0a111783	lh	x15,161(x2)	  x2:0x800088cd x15=0x00005455 PA:0x8000896e
        7995000	       798	8000108c	78de8c13	addi	x24,x29,1933	 x29:0x80008538 x24=0x80008cc5
        8005000	       799	80001090	013e4333	xor	x6,x28,x19	 x28:0x000000ac x19:0x00000052  x6=0x000000fe
        8015000	       800	80001094	0130fb33	and	x22,x1,x19	  x1:0xfffffffe x19:0x00000052 x22=0x00000052
        8025000	       801	80001098	00000013	addi	x0,x0,0	  x0:0x00000000
        8035000	       802	8000109c	0198bdb3	sltu	x27,x17,x25	 x17:0x0000007e x25:0xffffffab x27=0x00000001
        8045000	       803	800010a0	0ba10883	lb	x17,186(x2)	  x2:0x800088cd x17=0x0000006c PA:0x80008987
        8055000	       804	800010a4	02410283	lb	x5,36(x2)	  x2:0x800088cd  x5=0xffffffda PA:0x800088f1
        8065000	       805	800010a8	fdd15183	lhu	x3,-35(x2)	  x2:0x800088cd  x3=0x00009091 PA:0x800088aa
        8075000	       806	800010ac	00b5d2b3	srl	x5,x11,x11	 x11:0xfffff4f5 x11:0xfffff4f5  x5=0x000007ff
        8085000	       807	800010b0	29ceac13	slti	x24,x29,668	 x29:0x80008538 x24=0x00000001
        8095000	       808	800010b4	458a9897	auipc	x17,0x458a9	 x17=0xc58aa0b0
        8105000	       809	800010b8	fad23b93	sltiu	x23,x4,-83	  x4:0xda533c00 x23=0x00000001
        8115000	       810	800010bc	fa214c03	lbu	x24,-94(x2)	  x2:0x800088cd x24=0x00000054 PA:0x8000886f
        8125000	       811	800010c0	01d6b333	sltu	x6,x13,x29	 x13:0x00000046 x29:0x80008538  x6=0x00000001
        8135000	       812	800010c4	f6810423	sb	x8,-152(x2)	  x2:0x800088cd  x8:0x80009f54 PA:0x80008835
        8145000	       813	800010c8	48951317	auipc	x6,0x48951	  x6=0xc89520c4
        8155000	       814	800010cc	f9715183	lhu	x3,-105(x2)	  x2:0x800088cd  x3=0x00004e4f PA:0x80008864
        8165000	       815	800010d0	005d35b3	sltu	x11,x26,x5	 x26:0x000000c0  x5:0x000007ff x11=0x00000001
        8175000	       816	800010d4	010fa5b3	slt	x11,x31,x16	 x31:0x0000000a x16:0xffffff96 x11=0x00000000
        8185000	       817	800010d8	0f010003	lb	x0,240(x2)	  x2:0x800088cd PA:0x800089bd
        8195000	       818	800010dc	00712503	lw	x10,7(x2)	  x2:0x800088cd x10=0xbcbdbebf PA:0x800088d4
        8205000	       819	800010e0	f4912ba3	sw	x9,-169(x2)	  x2:0x800088cd  x9:0x8098be02 PA:0x80008824
        8215000	       820	800010e4	f7b101a3	sb	x27,-157(x2)	  x2:0x800088cd x27:0x00000001 PA:0x80008830
        8225000	       821	800010e8	00007117	auipc	x2,0x7	  x2=0x800080e4
        8235000	       822	800010ec	27610113	addi	x2,x2,630	  x2:0x800080e4  x2=0x8000835a
        8245000	       823	800010f0	15b10903	lb	x18,347(x2)	  x2:0x8000835a x18=0x0000006e PA:0x800084b5
        8255000	       824	00000000	00000013	addi	x0,x0,0	  x0:0x00000000
        8265000	       825	800010f4	01265733	srl	x14,x12,x18	 x12:0x80008c6d x18:0x0000006e x14=0x00020002
        8275000	       826	800010f8	00dc5033	srl	x0,x24,x13	 x24:0x00000054 x13:0x00000046
        8285000	       827	800010fc	01e89fb3	sll	x31,x17,x30	 x17:0xc58aa0b0 x30:0x80009fc4 x31=0x58aa0b00
        8295000	       828	80001100	01fdad33	slt	x26,x27,x31	 x27:0x00000001 x31:0x58aa0b00 x26=0x00000001
        8305000	       829	80001104	215106a3	sb	x21,525(x2)	  x2:0x8000835a x21:0x00000048 PA:0x80008567
        8315000	       830	80001108	20c106a3	sb	x12,525(x2)	  x2:0x8000835a x12:0x80008c6d PA:0x80008567
        8325000	       831	8000110c	13114383	lbu	x7,305(x2)	  x2:0x8000835a  x7=0x00000040 PA:0x8000848b
        8335000	       832	80001110	48d14f83	lbu	x31,1165(x2)	  x2:0x8000835a x31=0x0000009c PA:0x800087e7
        8345000	       833	80001114	43a12003	lw	x0,1082(x2)	  x2:0x8000835a PA:0x80008794
        8355000	       834	80001118	9d045d97	auipc	x27,0x9d045	 x27=0x1d046114
        8365000	       835	8000111c	d8411023	sh	x4,-640(x2)	  x2:0x8000835a  x4:0xda533c00 PA:0x800080da
        8375000	       836	80001120	d8015883	lhu	x17,-640(x2)	  x2:0x8000835a x17=0x00003c00 PA:0x800080da
        8385000	       837	80001124	14310c83	lb	x25,323(x2)	  x2:0x8000835a x25=0x00000056 PA:0x8000849d
        8395000	       838	00000000	00000013	addi	x0,x0,0	  x0:0x00000000
        8405000	       839	80001128	019a5893	srli	x17,x20,0x19	 x20:0x000000ec x17=0x00000000
        8415000	       840	8000112c	801c7b97	auipc	x23,0x801c7	 x23=0x001c8128
        8425000	       841	80001130	157101a3	sb	x23,323(x2)	  x2:0x8000835a x23:0x001c8128 PA:0x8000849d
        8435000	       842	80001134	1db107a3	sb	x27,463(x2)	  x2:0x8000835a x27:0x1d046114 PA:0x80008529
        8445000	       843	80001138	30011903	lh	x18,768(x2)	  x2:0x8000835a x18=0x00001011 PA:0x8000865a
        8455000	       844	8000113c	30015d03	lhu	x26,768(x2)	  x2:0x8000835a x26=0x00001011 PA:0x8000865a
        8465000	       845	80001140	00007617	auipc	x12,0x7	 x12=0x8000813c
        8475000	       846	80001144	24460613	addi	x12,x12,580	 x12:0x8000813c x12=0x80008380
        8485000	       847	80001148	00007197	auipc	x3,0x7	  x3=0x80008144
        8495000	       848	8000114c	18218193	addi	x3,x3,386	  x3:0x80008144  x3=0x800082c6
        8505000	       849	80001150	00007917	auipc	x18,0x7	 x18=0x8000814c
        8515000	       850	80001154	11990913	addi	x18,x18,281	 x18:0x8000814c x18=0x80008265
        8525000	       851	80001158	02f18703	lb	x14,47(x3)	  x3:0x800082c6 x14=0xffffffae PA:0x800082f5
        8535000	       852	8000115c	00007117	auipc	x2,0x7	  x2=0x80008158
        8545000	       853	80001160	33a10113	addi	x2,x2,826	  x2:0x80008158  x2=0x80008492
        8555000	       854	80001164	02b18283	lb	x5,43(x3)	  x3:0x800082c6  x5=0xffffffaa PA:0x800082f1
        8565000	       855	80001168	00215b03	lhu	x22,2(x2)	  x2:0x80008492 x22=0x00004e4f PA:0x80008494
        8575000	       856	8000116c	ff460e83	lb	x29,-12(x12)	 x12:0x80008380 x29=0x0000002f PA:0x80008374
        8585000	       857	80001170	00364503	lbu	x10,3(x12)	 x12:0x80008380 x10=0x00000038 PA:0x80008383
        8595000	       858	80001174	fd019283	lh	x5,-48(x3)	  x3:0x800082c6  x5=0x00004c4d PA:0x80008296
        8605000	       859	80001178	fc7925a3	sw	x7,-53(x18)	 x18:0x80008265  x7:0x00000040 PA:0x80008230
        8615000	       860	8000117c	019605a3	sb	x25,11(x12)	 x12:0x80008380 x25:0x00000056 PA:0x8000838b
        8625000	       861	80001180	ff414703	lbu	x14,-12(x2)	  x2:0x80008492 x14=0x0000003d PA:0x80008486
        8635000	       862	80001184	ff410d03	lb	x26,-12(x2)	  x2:0x80008492 x26=0x0000003d PA:0x80008486
        8645000	       863	80001188	021180a3	sb	x1,33(x3)	  x3:0x800082c6  x1:0xfffffffe PA:0x800082e7
        8655000	       864	8000118c	ff865983	lhu	x19,-8(x12)	 x12:0x80008380 x19=0x00003233 PA:0x80008378
        8665000	       865	80001190	02894a03	lbu	x20,40(x18)	 x18:0x80008265 x20=0x00000046 PA:0x8000828d
        8675000	       866	80001194	fe590003	lb	x0,-27(x18)	 x18:0x80008265 PA:0x8000824a
        8685000	       867	80001198	ffe1a083	lw	x1,-2(x3)	  x3:0x800082c6  x1=0x7c7d7e7f PA:0x800082c4
        8695000	       868	8000119c	ffe12003	lw	x0,-2(x2)	  x2:0x80008492 PA:0x80008490
        8705000	       869	800011a0	01318c83	lb	x25,19(x3)	  x3:0x800082c6 x25=0xffffff92 PA:0x800082d9
        8715000	       870	800011a4	00760203	lb	x4,7(x12)	 x12:0x80008380  x4=0x0000003c PA:0x80008387
        8725000	       871	800011a8	00f10683	lb	x13,15(x2)	  x2:0x80008492 x13=0x0000005a PA:0x800084a1
        8735000	       872	800011ac	fd719c23	sh	x23,-40(x3)	  x3:0x800082c6 x23:0x001c8128 PA:0x8000829e
        8745000	       873	800011b0	03392c03	lw	x24,51(x18)	 x18:0x80008265 x24=0x50515253 PA:0x80008298
        8755000	       874	800011b4	fc1921a3	sw	x1,-61(x18)	 x18:0x80008265  x1:0x7c7d7e7f PA:0x80008228
        8765000	       875	800011b8	fc11ca03	lbu	x20,-63(x3)	  x3:0x800082c6 x20=0x0000003c PA:0x80008287
        8775000	       876	800011bc	ff614b03	lbu	x22,-10(x2)	  x2:0x80008492 x22=0x00000043 PA:0x80008488
        8785000	       877	800011c0	00890623	sb	x8,12(x18)	 x18:0x80008265  x8:0x80009f54 PA:0x80008271
        8795000	       878	800011c4	00494d83	lbu	x27,4(x18)	 x18:0x80008265 x27=0x00000022 PA:0x80008269
        8805000	       879	800011c8	fed95083	lhu	x1,-19(x18)	 x18:0x80008265  x1=0x00000809 PA:0x80008252
        8815000	       880	800011cc	ff410ba3	sb	x20,-9(x2)	  x2:0x80008492 x20:0x0000003c PA:0x80008489
        8825000	       881	800011d0	00814383	lbu	x7,8(x2)	  x2:0x80008492  x7=0x00000000 PA:0x8000849a
        8835000	       882	800011d4	00391d03	lh	x26,3(x18)	 x18:0x80008265 x26=0x00002223 PA:0x80008268
        8845000	       883	800011d8	ff518ea3	sb	x21,-3(x3)	  x3:0x800082c6 x21:0x00000048 PA:0x800082c3
        8855000	       884	800011dc	01f94683	lbu	x13,31(x18)	 x18:0x80008265 x13=0x0000003f PA:0x80008284
        8865000	       885	800011e0	ff314a03	lbu	x20,-13(x2)	  x2:0x80008492 x20=0x0000003e PA:0x80008485
        8875000	       886	00000000	00000013	addi	x0,x0,0	  x0:0x00000000
        8885000	       887	800011e4	a1404993	xori	x19,x0,-1516	  x0:0x00000000 x19=0xfffffa14
        8895000	       888	800011e8	6a5d3893	sltiu	x17,x26,1701	 x26:0x00002223 x17=0x00000000
        8905000	       889	800011ec	00337833	and	x16,x6,x3	  x6:0xc89520c4  x3:0x800082c6 x16=0x800000c4
        8915000	       890	800011f0	283be937	lui	x18,0x283be	 x18=0x283be000
        8925000	       891	800011f4	0307de63	bge	x15,x16,80001230	 x15:0x00005455 x16:0x800000c4
        8935000	       892	00000000	00000013	addi	x0,x0,0	  x0:0x00000000
        8945000	       893	8000122c	00000013	addi	x0,x0,0	  x0:0x00000000
        8955000	       894	80001230	41f8dcb3	sra	x25,x17,x31	 x17:0x00000000 x31:0x0000009c x25=0x00000000
        8965000	       895	80001234	02ad5c63	bge	x26,x10,8000126c	 x26:0x00002223 x10:0x00000038
        8975000	       896	00000000	00000013	addi	x0,x0,0	  x0:0x00000000
        8985000	       897	80001268	00000013	addi	x0,x0,0	  x0:0x00000000
        8995000	       898	8000126c	4595f193	andi	x3,x11,1113	 x11:0x00000000  x3=0x00000000
        9005000	       899	80001270	01e49993	slli	x19,x9,0x1e	  x9:0x8098be02 x19=0x80000000
        9015000	       900	80001274	00ce0133	add	x2,x28,x12	 x28:0x000000ac x12:0x80008380  x2=0x8000842c
        9025000	       901	80001278	0060f863	bgeu	x1,x6,80001288	  x1:0x00000809  x6:0xc89520c4
        9035000	       902	8000127c	001c13b3	sll	x7,x24,x1	 x24:0x50515253  x1:0x00000809  x7=0xa2a4a600
        9045000	       903	80001280	04045663	bge	x8,x0,800012cc	  x8:0x80009f54  x0:0x00000000
        9055000	       904	80001284	aa0d2313	slti	x6,x26,-1376	 x26:0x00002223  x6=0x00000000
        9065000	       905	80001288	40935893	srai	x17,x6,0x9	  x6:0x00000000 x17=0x00000000
        9075000	       906	8000128c	5fa24e13	xori	x28,x4,1530	  x4:0x0000003c x28=0x000005c6
        9085000	       907	80001290	00ba5263	bge	x20,x11,80001294	 x20:0x0000003e x11:0x00000000
        9095000	       908	00000000	00000013	addi	x0,x0,0	  x0:0x00000000
        9105000	       909	80001290	00000013	addi	x0,x0,0	  x0:0x00000000
        9115000	       910	80001294	006ece63	blt	x29,x6,800012b0	 x29:0x0000002f  x6:0x00000000
        9125000	       911	80001298	01c1dd33	srl	x26,x3,x28	  x3:0x00000000 x28:0x000005c6 x26=0x00000000
        9135000	       912	8000129c	011925b3	slt	x11,x18,x17	 x18:0x283be000 x17:0x00000000 x11=0x00000000
        9145000	       913	800012a0	2bc0e513	ori	x10,x1,700	  x1:0x00000809 x10=0x00000abd
        9155000	       914	800012a4	0221ea63	bltu	x3,x2,800012d8	  x3:0x00000000  x2:0x8000842c
        9165000	       915	00000000	00000013	addi	x0,x0,0	  x0:0x00000000
        9175000	       916	800012d4	00000013	addi	x0,x0,0	  x0:0x00000000
        9185000	       917	800012d8	01791e33	sll	x28,x18,x23	 x18:0x283be000 x23:0x001c8128 x28=0x3be00000
        9195000	       918	800012dc	01b51913	slli	x18,x10,0x1b	 x10:0x00000abd x18=0xe8000000
        9205000	       919	800012e0	98487713	andi	x14,x16,-1660	 x16:0x800000c4 x14=0x80000084
        9215000	       920	800012e4	03ae0263	beq	x28,x26,80001308	 x28:0x3be00000 x26:0x00000000
        9225000	       921	800012e8	01da86b3	add	x13,x21,x29	 x21:0x00000048 x29:0x0000002f x13=0x00000077
        9235000	       922	800012ec	0315ca63	blt	x11,x17,80001320	 x11:0x00000000 x17:0x00000000
        9245000	       923	800012f0	00bf2933	slt	x18,x30,x11	 x30:0x80009fc4 x11:0x00000000 x18=0x00000001
        9255000	       924	800012f4	04bb1663	bne	x22,x11,80001340	 x22:0x00000043 x11:0x00000000
        9265000	       925	00000000	00000013	addi	x0,x0,0	  x0:0x00000000
        9275000	       926	8000133c	00000013	addi	x0,x0,0	  x0:0x00000000
        9285000	       927	80001340	0060fe33	and	x28,x1,x6	  x1:0x00000809  x6:0x00000000 x28=0x00000000
        9295000	       928	80001344	d8c6e593	ori	x11,x13,-628	 x13:0x00000077 x11=0xfffffdff
        9305000	       929	80001348	00597933	and	x18,x18,x5	 x18:0x00000001  x5:0x00004c4d x18=0x00000001
        9315000	       930	8000134c	aaaa99b7	lui	x19,0xaaaa9	 x19=0xaaaa9000
        9325000	       931	80001350	00c7d713	srli	x14,x15,0xc	 x15:0x00005455 x14=0x00000005
        9335000	       932	80001354	1c2e0613	addi	x12,x28,450	 x28:0x00000000 x12=0x000001c2
        9345000	       933	80001358	00f1d393	srli	x7,x3,0xf	  x3:0x00000000  x7=0x00000000
        9355000	       934	8000135c	00000013	addi	x0,x0,0	  x0:0x00000000
        9365000	       935	80001360	416e5e13	srai	x28,x28,0x16	 x28:0x00000000 x28=0x00000000
        9375000	       936	80001364	00fde633	or	x12,x27,x15	 x27:0x00000022 x15:0x00005455 x12=0x00005477
        9385000	       937	80001368	00e00833	add	x16,x0,x14	  x0:0x00000000 x14:0x00000005 x16=0x00000005
        9395000	       938	8000136c	01c5eab3	or	x21,x11,x28	 x11:0xfffffdff x28:0x00000000 x21=0xfffffdff
        9405000	       939	80001370	41a8d193	srai	x3,x17,0x1a	 x17:0x00000000  x3=0x00000000
        9415000	       940	80001374	02e30663	beq	x6,x14,800013a0	  x6:0x00000000 x14:0x00000005
        9425000	       941	80001378	010ba733	slt	x14,x23,x16	 x23:0x001c8128 x16:0x00000005 x14=0x00000000
        9435000	       942	8000137c	5d4e97b7	lui	x15,0x5d4e9	 x15=0x5d4e9000
        9445000	       943	80001380	0e397fb7	lui	x31,0xe397	 x31=0x0e397000
        9455000	       944	80001384	40355b93	srai	x23,x10,0x3	 x10:0x00000abd x23=0x00000157
        9465000	       945	80001388	01d7f633	and	x12,x15,x29	 x15:0x5d4e9000 x29:0x0000002f x12=0x00000000
        9475000	       946	8000138c	0341e263	bltu	x3,x20,800013b0	  x3:0x00000000 x20:0x0000003e
        9485000	       947	00000000	00000013	addi	x0,x0,0	  x0:0x00000000
        9495000	       948	800013ac	00000013	addi	x0,x0,0	  x0:0x00000000
        9505000	       949	800013b0	007085b3	add	x11,x1,x7	  x1:0x00000809  x7:0x00000000 x11=0x00000809
        9515000	       950	800013b4	00fc1793	slli	x15,x24,0xf	 x24:0x50515253 x15=0xa9298000
        9525000	       951	800013b8	19ce2593	slti	x11,x28,412	 x28:0x00000000 x11=0x00000001
        9535000	       952	800013bc	01117eb3	and	x29,x2,x17	  x2:0x8000842c x17:0x00000000 x29=0x00000000
        9545000	       953	800013c0	41d3deb3	sra	x29,x7,x29	  x7:0x00000000 x29:0x00000000 x29=0x00000000
        9555000	       954	800013c4	4082db93	srai	x23,x5,0x8	  x5:0x00004c4d x23=0x0000004c
        9565000	       955	800013c8	024e7463	bgeu	x28,x4,800013f0	 x28:0x00000000  x4:0x0000003c
        9575000	       956	800013cc	23d9f313	andi	x6,x19,573	 x19:0xaaaa9000  x6=0x00000000
        9585000	       957	800013d0	00278233	add	x4,x15,x2	 x15:0xa9298000  x2:0x8000842c  x4=0x292a042c
        9595000	       958	800013d4	003c67b3	or	x15,x24,x3	 x24:0x50515253  x3:0x00000000 x15=0x50515253
        9605000	       959	800013d8	01c3e263	bltu	x7,x28,800013dc	  x7:0x00000000 x28:0x00000000
        9615000	       960	800013dc	1359a393	slti	x7,x19,309	 x19:0xaaaa9000  x7=0x00000001
        9625000	       961	800013e0	41d4d013	srai	x0,x9,0x1d	  x9:0x8098be02
        9635000	       962	800013e4	93e2fd13	andi	x26,x5,-1730	  x5:0x00004c4d x26=0x0000480c
        9645000	       963	800013e8	019622b3	slt	x5,x12,x25	 x12:0x00000000 x25:0x00000000  x5=0x00000000
        9655000	       964	800013ec	400fd693	srai	x13,x31,0x0	 x31:0x0e397000 x13=0x0e397000
        9665000	       965	800013f0	08f75e63	bge	x14,x15,8000148c	 x14:0x00000000 x15:0x50515253
        9675000	       966	800013f4	00e30733	add	x14,x6,x14	  x6:0x00000000 x14:0x00000000 x14=0x00000000
        9685000	       967	800013f8	01721893	slli	x17,x4,0x17	  x4:0x292a042c x17=0x16000000
        9695000	       968	800013fc	0012b633	sltu	x12,x5,x1	  x5:0x00000000  x1:0x00000809 x12=0x00000001
        9705000	       969	80001400	0105dab3	srl	x21,x11,x16	 x11:0x00000001 x16:0x00000005 x21=0x00000000
        9715000	       970	80001404	285b0993	addi	x19,x22,645	 x22:0x00000043 x19=0x000002c8
        9725000	       971	80001408	01abd633	srl	x12,x23,x26	 x23:0x0000004c x26:0x0000480c x12=0x00000000
        9735000	       972	8000140c	48f4bb17	auipc	x22,0x48f4b	 x22=0xc8f4c408
        9745000	       973	80001410	001cdfb3	srl	x31,x25,x1	 x25:0x00000000  x1:0x00000809 x31=0x00000000
        9755000	       974	80001414	00007917	auipc	x18,0x7	 x18=0x80008410
        9765000	       975	80001418	03a90913	addi	x18,x18,58	 x18:0x80008410 x18=0x8000844a
        9775000	       976	8000141c	406082b3	sub	x5,x1,x6	  x1:0x00000809  x6:0x00000000  x5=0x00000809
        9785000	       977	80001420	00df2033	slt	x0,x30,x13	 x30:0x80009fc4 x13:0x0e397000
        9795000	       978	80001424	ffe91303	lh	x6,-2(x18)	 x18:0x8000844a  x6=0x00000203 PA:0x80008448
        9805000	       979	80001428	ff491683	lh	x13,-12(x18)	 x18:0x8000844a x13=0xfffff4f5 PA:0x8000843e
        9815000	       980	8000142c	ffc92b23	sw	x28,-10(x18)	 x18:0x8000844a x28:0x00000000 PA:0x80008440
        9825000	       981	80001430	fe991e23	sh	x9,-4(x18)	 x18:0x8000844a  x9:0x8098be02 PA:0x80008446
        9835000	       982	80001434	c1553137	lui	x2,0xc1553	  x2=0xc1553000
        9845000	       983	80001438	004765b3	or	x11,x14,x4	 x14:0x00000000  x4:0x292a042c x11=0x292a042c
        9855000	       984	8000143c	ff892923	sw	x24,-14(x18)	 x18:0x8000844a x24:0x50515253 PA:0x8000843c
        9865000	       985	80001440	cf1cba13	sltiu	x20,x25,-783	 x25:0x00000000 x20=0x00000001
        9875000	       986	80001444	e1890313	addi	x6,x18,-488	 x18:0x8000844a  x6=0x80008262
        9885000	       987	80001448	00000013	addi	x0,x0,0	  x0:0x00000000
        9895000	       988	8000144c	01929813	slli	x16,x5,0x19	  x5:0x00000809 x16=0x12000000
        9905000	       989	80001450	00990a83	lb	x21,9(x18)	 x18:0x8000844a x21=0x00000008 PA:0x80008453
        9915000	       990	80001454	91978013	addi	x0,x15,-1767	 x15:0x50515253
        9925000	       991	80001458	01ecdb13	srli	x22,x25,0x1e	 x25:0x00000000 x22=0x00000000
        9935000	       992	8000145c	ff095703	lhu	x14,-16(x18)	 x18:0x8000844a x14=0x0000f0f1 PA:0x8000843a
        9945000	       993	80001460	00000013	addi	x0,x0,0	  x0:0x00000000
        9955000	       994	80001464	00000013	addi	x0,x0,0	  x0:0x00000000
        9965000	       995	80001468	009648b3	xor	x17,x12,x9	 x12:0x00000000  x9:0x8098be02 x17=0x8098be02
        9975000	       996	8000146c	013e8733	add	x14,x29,x19	 x29:0x00000000 x19:0x000002c8 x14=0x000002c8
        9985000	       997	80001470	e5f18813	addi	x16,x3,-417	  x3:0x00000000 x16=0xfffffe5f
        9995000	       998	80001474	005904a3	sb	x5,9(x18)	 x18:0x8000844a  x5:0x00000809 PA:0x80008453
       10005000	       999	80001478	00c180b3	add	x1,x3,x12	  x3:0x00000000 x12:0x00000000  x1=0x00000000
       10015000	      1000	8000147c	ff690603	lb	x12,-10(x18)	 x18:0x8000844a x12=0x00000000 PA:0x80008440
       10025000	      1001	80001480	000900a3	sb	x0,1(x18)	 x18:0x8000844a  x0:0x00000000 PA:0x8000844b
       10035000	      1002	80001484	00694183	lbu	x3,6(x18)	 x18:0x8000844a  x3=0x0000000b PA:0x80008450
       10045000	      1003	00000000	00000013	addi	x0,x0,0	  x0:0x00000000
       10055000	      1004	80001488	fe390fa3	sb	x3,-1(x18)	 x18:0x8000844a  x3:0x0000000b PA:0x80008449
       10065000	      1005	8000148c	4162d713	srai	x14,x5,0x16	  x5:0x00000809 x14=0x00000000
       10075000	      1006	80001490	0d5bc613	xori	x12,x23,213	 x23:0x0000004c x12=0x00000099
       10085000	      1007	80001494	6e523593	sltiu	x11,x4,1765	  x4:0x292a042c x11=0x00000000
       10095000	      1008	80001498	015f49b3	xor	x19,x30,x21	 x30:0x80009fc4 x21:0x00000008 x19=0x80009fcc
       10105000	      1009	8000149c	016007b3	add	x15,x0,x22	  x0:0x00000000 x22:0x00000000 x15=0x00000000
       10115000	      1010	800014a0	01a8b233	sltu	x4,x17,x26	 x17:0x8098be02 x26:0x0000480c  x4=0x00000000
       10125000	      1011	800014a4	0139ba33	sltu	x20,x19,x19	 x19:0x80009fcc x19:0x80009fcc x20=0x00000000
       10135000	      1012	800014a8	ac828337	lui	x6,0xac828	  x6=0xac828000
       10145000	      1013	800014ac	0121dab3	srl	x21,x3,x18	  x3:0x0000000b x18:0x8000844a x21=0x00000000
       10155000	      1014	800014b0	001e5533	srl	x10,x28,x1	 x28:0x00000000  x1:0x00000000 x10=0x00000000
       10165000	      1015	800014b4	01a1c233	xor	x4,x3,x26	  x3:0x0000000b x26:0x0000480c  x4=0x00004807
       10175000	      1016	800014b8	41f45d93	srai	x27,x8,0x1f	  x8:0x80009f54 x27=0xffffffff
       10185000	      1017	800014bc	013b5713	srli	x14,x22,0x13	 x22:0x00000000 x14=0x00000000
       10195000	      1018	800014c0	41d18933	sub	x18,x3,x29	  x3:0x0000000b x29:0x00000000 x18=0x0000000b
       10205000	      1019	800014c4	04e14663	blt	x2,x14,80001510	  x2:0xc1553000 x14:0x00000000
       10215000	      1020	00000000	00000013	addi	x0,x0,0	  x0:0x00000000
       10225000	      1021	8000150c	00000013	addi	x0,x0,0	  x0:0x00000000
       10235000	      1022	80001510	ea820b93	addi	x23,x4,-344	  x4:0x00004807 x23=0x000046af
       10245000	      1023	80001514	00b8d8b3	srl	x17,x17,x11	 x17:0x8098be02 x11:0x00000000 x17=0x8098be02
       10255000	      1024	80001518	00ce6333	or	x6,x28,x12	 x28:0x00000000 x12:0x00000099  x6=0x00000099
       10265000	      1025	8000151c	00820233	add	x4,x4,x8	  x4:0x00004807  x8:0x80009f54  x4=0x8000e75b
       10275000	      1026	80001520	000a97b3	sll	x15,x21,x0	 x21:0x00000000  x0:0x00000000 x15=0x00000000
       10285000	      1027	80001524	40e65c13	srai	x24,x12,0xe	 x12:0x00000099 x24=0x00000000
       10295000	      1028	80001528	01e06263	bltu	x0,x30,8000152c	  x0:0x00000000 x30:0x80009fc4
       10305000	      1029	00000000	00000013	addi	x0,x0,0	  x0:0x00000000
       10315000	      1030	80001528	00000013	addi	x0,x0,0	  x0:0x00000000
       10325000	      1031	8000152c	01fbedb3	or	x27,x23,x31	 x23:0x000046af x31:0x00000000 x27=0x000046af
       10335000	      1032	80001530	030fe663	bltu	x31,x16,8000155c	 x31:0x00000000 x16:0xfffffe5f
       10345000	      1033	00000000	00000013	addi	x0,x0,0	  x0:0x00000000
       10355000	      1034	80001558	00000013	addi	x0,x0,0	  x0:0x00000000
       10365000	      1035	8000155c	406b52b3	sra	x5,x22,x6	 x22:0x00000000  x6:0x00000099  x5=0x00000000
       10375000	      1036	80001560	03b2fc63	bgeu	x5,x27,80001598	  x5:0x00000000 x27:0x000046af
       10385000	      1037	80001564	3d5a3693	sltiu	x13,x20,981	 x20:0x00000000 x13=0x00000001
       10395000	      1038	80001568	006e4e63	blt	x28,x6,80001584	 x28:0x00000000  x6:0x00000099
       10405000	      1039	00000000	00000013	addi	x0,x0,0	  x0:0x00000000
       10415000	      1040	80001580	00000013	addi	x0,x0,0	  x0:0x00000000
       10425000	      1041	80001584	0a1a3bb7	lui	x23,0xa1a3	 x23=0x0a1a3000
       10435000	      1042	80001588	002815b3	sll	x11,x16,x2	 x16:0xfffffe5f  x2:0xc1553000 x11=0xfffffe5f
       10445000	      1043	8000158c	0131e6b3	or	x13,x3,x19	  x3:0x0000000b x19:0x80009fcc x13=0x80009fcf
       10455000	      1044	80001590	e5eafd13	andi	x26,x21,-418	 x21:0x00000000 x26=0x00000000
       10465000	      1045	80001594	0073bd33	sltu	x26,x7,x7	  x7:0x00000001  x7:0x00000001 x26=0x00000000
       10475000	      1046	80001598	01af89b3	add	x19,x31,x26	 x31:0x00000000 x26:0x00000000 x19=0x00000000
       10485000	      1047	8000159c	005626b3	slt	x13,x12,x5	 x12:0x00000099  x5:0x00000000 x13=0x00000000
       10495000	      1048	800015a0	05ca9063	bne	x21,x28,800015e0	 x21:0x00000000 x28:0x00000000
       10505000	      1049	800015a4	01d77863	bgeu	x14,x29,800015b4	 x14:0x00000000 x29:0x00000000
       10515000	      1050	00000000	00000013	addi	x0,x0,0	  x0:0x00000000
       10525000	      1051	800015b0	00000013	addi	x0,x0,0	  x0:0x00000000
       10535000	      1052	800015b4	024e6863	bltu	x28,x4,800015e4	 x28:0x00000000  x4:0x8000e75b
       10545000	      1053	00000000	00000013	addi	x0,x0,0	  x0:0x00000000
       10555000	      1054	800015e0	00000013	addi	x0,x0,0	  x0:0x00000000
       10565000	      1055	800015e4	ed933e97	auipc	x29,0xed933	 x29=0x6d9345e0
       10575000	      1056	800015e8	01735c13	srli	x24,x6,0x17	  x6:0x00000099 x24=0x00000000
       10585000	      1057	800015ec	00e29193	slli	x3,x5,0xe	  x5:0x00000000  x3=0x00000000
       10595000	      1058	800015f0	8ab35837	lui	x16,0x8ab35	 x16=0x8ab35000
       10605000	      1059	800015f4	14a24a13	xori	x20,x4,330	  x4:0x8000e75b x20=0x8000e611
       10615000	      1060	800015f8	71941617	auipc	x12,0x71941	 x12=0xf19425f4
       10625000	      1061	800015fc	d90f8b93	addi	x23,x31,-624	 x31:0x00000000 x23=0xfffffd90
       10635000	      1062	80001600	02587a63	bgeu	x16,x5,80001634	 x16:0x8ab35000  x5:0x00000000
       10645000	      1063	00000000	00000013	addi	x0,x0,0	  x0:0x00000000
       10655000	      1064	80001630	00000013	addi	x0,x0,0	  x0:0x00000000
       10665000	      1065	80001634	00000013	addi	x0,x0,0	  x0:0x00000000
       10675000	      1066	80001638	00808db3	add	x27,x1,x8	  x1:0x00000000  x8:0x80009f54 x27=0x80009f54
       10685000	      1067	8000163c	05af1ab7	lui	x21,0x5af1	 x21=0x05af1000
       10695000	      1068	80001640	fb04cb17	auipc	x22,0xfb04c	 x22=0x7b04d63c
       10705000	      1069	80001644	df85ba37	lui	x20,0xdf85b	 x20=0xdf85b000
       10715000	      1070	80001648	00000013	addi	x0,x0,0	  x0:0x00000000
       10725000	      1071	8000164c	01df5333	srl	x6,x30,x29	 x30:0x80009fc4 x29:0x6d9345e0  x6=0x80009fc4
       10735000	      1072	80001650	019cafb3	slt	x31,x25,x25	 x25:0x00000000 x25:0x00000000 x31=0x00000000
       10745000	      1073	80001654	004030b3	sltu	x1,x0,x4	  x0:0x00000000  x4:0x8000e75b  x1=0x00000001
       10755000	      1074	80001658	0198e833	or	x16,x17,x25	 x17:0x8098be02 x25:0x00000000 x16=0x8098be02
       10765000	      1075	8000165c	02c80263	beq	x16,x12,80001680	 x16:0x8098be02 x12:0xf19425f4
       10775000	      1076	80001660	058a8663	beq	x21,x24,800016ac	 x21:0x05af1000 x24:0x00000000
       10785000	      1077	80001664	00d630b3	sltu	x1,x12,x13	 x12:0xf19425f4 x13:0x00000000  x1=0x00000000
       10795000	      1078	80001668	0113f8b3	and	x17,x7,x17	  x7:0x00000001 x17:0x8098be02 x17=0x00000000
       10805000	      1079	8000166c	01445613	srli	x12,x8,0x14	  x8:0x80009f54 x12=0x00000800
       10815000	      1080	80001670	016b6a63	bltu	x22,x22,80001684	 x22:0x7b04d63c x22:0x7b04d63c
       10825000	      1081	80001674	00000013	addi	x0,x0,0	  x0:0x00000000
       10835000	      1082	80001678	e59ff313	andi	x6,x31,-423	 x31:0x00000000  x6=0x00000000
       10845000	      1083	8000167c	0056a6b3	slt	x13,x13,x5	 x13:0x00000000  x5:0x00000000 x13=0x00000000
       10855000	      1084	80001680	001202b3	add	x5,x4,x1	  x4:0x8000e75b  x1:0x00000000  x5=0x8000e75b
       10865000	      1085	80001684	028c0263	beq	x24,x8,800016a8	 x24:0x00000000  x8:0x80009f54
       10875000	      1086	80001688	00a15d33	srl	x26,x2,x10	  x2:0xc1553000 x10:0x00000000 x26=0xc1553000
       10885000	      1087	8000168c	00c9d9b3	srl	x19,x19,x12	 x19:0x00000000 x12:0x00000800 x19=0x00000000
       10895000	      1088	80001690	005adc33	srl	x24,x21,x5	 x21:0x05af1000  x5:0x8000e75b x24=0x00000000
       10905000	      1089	80001694	00590fb3	add	x31,x18,x5	 x18:0x0000000b  x5:0x8000e75b x31=0x8000e766
       10915000	      1090	80001698	012925b3	slt	x11,x18,x18	 x18:0x0000000b x18:0x0000000b x11=0x00000000
       10925000	      1091	8000169c	40838233	sub	x4,x7,x8	  x7:0x00000001  x8:0x80009f54  x4=0x7fff60ad
       10935000	      1092	800016a0	5818e893	ori	x17,x17,1409	 x17:0x00000000 x17=0x00000581
       10945000	      1093	800016a4	01c06863	bltu	x0,x28,800016b4	  x0:0x00000000 x28:0x00000000
       10955000	      1094	800016a8	0c4f4893	xori	x17,x30,196	 x30:0x80009fc4 x17=0x80009f00
       10965000	      1095	800016ac	01d50733	add	x14,x10,x29	 x10:0x00000000 x29:0x6d9345e0 x14=0x6d9345e0
       10975000	      1096	800016b0	01d152b3	srl	x5,x2,x29	  x2:0xc1553000 x29:0x6d9345e0  x5=0xc1553000
       10985000	      1097	800016b4	00b55b13	srli	x22,x10,0xb	 x10:0x00000000 x22=0x00000000
       10995000	      1098	800016b8	f90c8913	addi	x18,x25,-112	 x25:0x00000000 x18=0xffffff90
       11005000	      1099	800016bc	f519db17	auipc	x22,0xf519d	 x22=0x7519e6b8
       11015000	      1100	800016c0	026f8263	beq	x31,x6,800016e4	 x31:0x8000e766  x6:0x00000000
       11025000	      1101	800016c4	ce4f2c13	slti	x24,x30,-796	 x30:0x80009fc4 x24=0x00000001
       11035000	      1102	800016c8	9a391e37	lui	x28,0x9a391	 x28=0x9a391000
       11045000	      1103	800016cc	01409713	slli	x14,x1,0x14	  x1:0x00000000 x14=0x00000000
       11055000	      1104	800016d0	005bb7b3	sltu	x15,x23,x5	 x23:0xfffffd90  x5:0xc1553000 x15=0x00000000
       11065000	      1105	800016d4	a5de8717	auipc	x14,0xa5de8	 x14=0x25de96d0
       11075000	      1106	800016d8	00891c63	bne	x18,x8,800016f0	 x18:0xffffff90  x8:0x80009f54
       11085000	      1107	00000000	00000013	addi	x0,x0,0	  x0:0x00000000
       11095000	      1108	800016ec	00000013	addi	x0,x0,0	  x0:0x00000000
       11105000	      1109	800016f0	413c8fb3	sub	x31,x25,x19	 x25:0x00000000 x19:0x00000000 x31=0x00000000
       11115000	      1110	800016f4	00000013	addi	x0,x0,0	  x0:0x00000000
       11125000	      1111	800016f8	00a1d333	srl	x6,x3,x10	  x3:0x00000000 x10:0x00000000  x6=0x00000000
       11135000	      1112	800016fc	032f7263	bgeu	x30,x18,80001720	 x30:0x80009fc4 x18:0xffffff90
       11145000	      1113	80001700	40915c33	sra	x24,x2,x9	  x2:0xc1553000  x9:0x8098be02 x24=0xf0554c00
       11155000	      1114	80001704	015c5793	srli	x15,x24,0x15	 x24:0xf0554c00 x15=0x00000782
       11165000	      1115	80001708	03aafa63	bgeu	x21,x26,8000173c	 x21:0x05af1000 x26:0xc1553000
       11175000	      1116	8000170c	71b32d13	slti	x26,x6,1819	  x6:0x00000000 x26=0x00000001
       11185000	      1117	80001710	00096c63	bltu	x18,x0,80001728	 x18:0xffffff90  x0:0x00000000
       11195000	      1118	80001714	00e34033	xor	x0,x6,x14	  x6:0x00000000 x14:0x25de96d0
       11205000	      1119	80001718	017d02b3	add	x5,x26,x23	 x26:0x00000001 x23:0xfffffd90  x5=0xfffffd91
       11215000	      1120	8000171c	00d2b833	sltu	x16,x5,x13	  x5:0xfffffd91 x13:0x00000000 x16=0x00000000
       11225000	      1121	80001720	417401b3	sub	x3,x8,x23	  x8:0x80009f54 x23:0xfffffd90  x3=0x8000a1c4
       11235000	      1122	80001724	022b9463	bne	x23,x2,8000174c	 x23:0xfffffd90  x2:0xc1553000
       11245000	      1123	00000000	00000013	addi	x0,x0,0	  x0:0x00000000
       11255000	      1124	80001748	00000013	addi	x0,x0,0	  x0:0x00000000
       11265000	      1125	8000174c	011d18b3	sll	x17,x26,x17	 x26:0x00000001 x17:0x80009f00 x17=0x00000001
       11275000	      1126	80001750	01bf1d93	slli	x27,x30,0x1b	 x30:0x80009fc4 x27=0x20000000
       11285000	      1127	80001754	02678663	beq	x15,x6,80001780	 x15:0x00000782  x6:0x00000000
       11295000	      1128	80001758	0091d263	bge	x3,x9,8000175c	  x3:0x8000a1c4  x9:0x8098be02
       11305000	      1129	8000175c	0543d663	bge	x7,x20,800017a8	  x7:0x00000001 x20:0xdf85b000
       11315000	      1130	00000000	00000013	addi	x0,x0,0	  x0:0x00000000
       11325000	      1131	800017a4	00000013	addi	x0,x0,0	  x0:0x00000000
       11335000	      1132	800017a8	69d74893	xori	x17,x14,1693	 x14:0x25de96d0 x17=0x25de904d
       11345000	      1133	800017ac	62e56e13	ori	x28,x10,1582	 x10:0x00000000 x28=0x0000062e
       11355000	      1134	800017b0	0a353a13	sltiu	x20,x10,163	 x10:0x00000000 x20=0x00000001
       11365000	      1135	800017b4	1cfc3f93	sltiu	x31,x24,463	 x24:0xf0554c00 x31=0x00000000
       11375000	      1136	800017b8	010a52b3	srl	x5,x20,x16	 x20:0x00000001 x16:0x00000000  x5=0x00000001
       11385000	      1137	800017bc	019dd863	bge	x27,x25,800017cc	 x27:0x20000000 x25:0x00000000
       11395000	      1138	00000000	00000013	addi	x0,x0,0	  x0:0x00000000
       11405000	      1139	800017c8	00000013	addi	x0,x0,0	  x0:0x00000000
       11415000	      1140	800017cc	33033e93	sltiu	x29,x6,816	  x6:0x00000000 x29=0x00000001
       11425000	      1141	800017d0	b2913893	sltiu	x17,x2,-1239	  x2:0xc1553000 x17=0x00000001
       11435000	      1142	800017d4	03338c63	beq	x7,x19,8000180c	  x7:0x00000001 x19:0x00000000
       11445000	      1143	800017d8	ed2e7793	andi	x15,x28,-302	 x28:0x0000062e x15=0x00000602
       11455000	      1144	800017dc	00d11263	bne	x2,x13,800017e0	  x2:0xc1553000 x13:0x00000000
       11465000	      1145	00000000	00000013	addi	x0,x0,0	  x0:0x00000000
       11475000	      1146	800017dc	00000013	addi	x0,x0,0	  x0:0x00000000
       11485000	      1147	800017e0	00ff40b3	xor	x1,x30,x15	 x30:0x80009fc4 x15:0x00000602  x1=0x800099c6
       11495000	      1148	800017e4	1bc63a17	auipc	x20,0x1bc63	 x20=0x9bc647e0
       11505000	      1149	800017e8	00f75113	srli	x2,x14,0xf	 x14:0x25de96d0  x2=0x00004bbd
       11515000	      1150	800017ec	015d4a33	xor	x20,x26,x21	 x26:0x00000001 x21:0x05af1000 x20=0x05af1001
       11525000	      1151	800017f0	01628fb3	add	x31,x5,x22	  x5:0x00000001 x22:0x7519e6b8 x31=0x7519e6b9
       11535000	      1152	800017f4	411c85b3	sub	x11,x25,x17	 x25:0x00000000 x17:0x00000001 x11=0xffffffff
       11545000	      1153	800017f8	04785063	bge	x16,x7,80001838	 x16:0x00000000  x7:0x00000001
       11555000	      1154	800017fc	0450c663	blt	x1,x5,80001848	  x1:0x800099c6  x5:0x00000001
       11565000	      1155	00000000	00000013	addi	x0,x0,0	  x0:0x00000000
       11575000	      1156	80001844	00000013	addi	x0,x0,0	  x0:0x00000000
       11585000	      1157	80001848	e4468113	addi	x2,x13,-444	 x13:0x00000000  x2=0xfffffe44
       11595000	      1158	8000184c	01d7b0b3	sltu	x1,x15,x29	 x15:0x00000602 x29:0x00000001  x1=0x00000000
       11605000	      1159	80001850	00679533	sll	x10,x15,x6	 x15:0x00000602  x6:0x00000000 x10=0x00000602
       11615000	      1160	80001854	95046a13	ori	x20,x8,-1712	  x8:0x80009f54 x20=0xffffff54
       11625000	      1161	80001858	41735ab3	sra	x21,x6,x23	  x6:0x00000000 x23:0xfffffd90 x21=0x00000000
       11635000	      1162	8000185c	013986b3	add	x13,x19,x19	 x19:0x00000000 x19:0x00000000 x13=0x00000000
       11645000	      1163	80001860	0148c033	xor	x0,x17,x20	 x17:0x00000001 x20:0xffffff54
       11655000	      1164	80001864	06211263	bne	x2,x2,800018c8	  x2:0xfffffe44  x2:0xfffffe44
       11665000	      1165	80001868	016a93b3	sll	x7,x21,x22	 x21:0x00000000 x22:0x7519e6b8  x7=0x00000000
       11675000	      1166	8000186c	01951863	bne	x10,x25,8000187c	 x10:0x00000602 x25:0x00000000
       11685000	      1167	00000000	00000013	addi	x0,x0,0	  x0:0x00000000
       11695000	      1168	80001878	00000013	addi	x0,x0,0	  x0:0x00000000
       11705000	      1169	8000187c	04e68c63	beq	x13,x14,800018d4	 x13:0x00000000 x14:0x25de96d0
       11715000	      1170	80001880	05d6ee63	bltu	x13,x29,800018dc	 x13:0x00000000 x29:0x00000001
       11725000	      1171	00000000	00000013	addi	x0,x0,0	  x0:0x00000000
       11735000	      1172	800018d8	00000013	addi	x0,x0,0	  x0:0x00000000
       11745000	      1173	800018dc	40c1e093	ori	x1,x3,1036	  x3:0x8000a1c4  x1=0x8000a5cc
       11755000	      1174	800018e0	001617b3	sll	x15,x12,x1	 x12:0x00000800  x1:0x8000a5cc x15=0x00800000
       11765000	      1175	800018e4	01395633	srl	x12,x18,x19	 x18:0xffffff90 x19:0x00000000 x12=0xffffff90
       11775000	      1176	800018e8	0122d513	srli	x10,x5,0x12	  x5:0x00000001 x10=0x00000000
       11785000	      1177	800018ec	01258db3	add	x27,x11,x18	 x11:0xffffffff x18:0xffffff90 x27=0xffffff8f
       11795000	      1178	800018f0	01e96533	or	x10,x18,x30	 x18:0xffffff90 x30:0x80009fc4 x10=0xffffffd4
       11805000	      1179	800018f4	001e4263	blt	x28,x1,800018f8	 x28:0x0000062e  x1:0x8000a5cc
       11815000	      1180	800018f8	002b6ab3	or	x21,x22,x2	 x22:0x7519e6b8  x2:0xfffffe44 x21=0xfffffefc
       11825000	      1181	800018fc	0ec86063	bltu	x16,x12,800019dc	 x16:0x00000000 x12:0xffffff90
       11835000	      1182	00000000	00000013	addi	x0,x0,0	  x0:0x00000000
       11845000	      1183	800019d8	00000013	addi	x0,x0,0	  x0:0x00000000
       11855000	      1184	800019dc	e1b22e13	slti	x28,x4,-485	  x4:0x7fff60ad x28=0x00000000
       11865000	      1185	800019e0	01a39393	slli	x7,x7,0x1a	  x7:0x00000000  x7=0x00000000
       11875000	      1186	800019e4	cff63c93	sltiu	x25,x12,-769	 x12:0xffffff90 x25=0x00000000
       11885000	      1187	800019e8	ed513613	sltiu	x12,x2,-299	  x2:0xfffffe44 x12=0x00000001
       11895000	      1188	800019ec	01885513	srli	x10,x16,0x18	 x16:0x00000000 x10=0x00000000
       11905000	      1189	800019f0	037eea63	bltu	x29,x23,80001a24	 x29:0x00000001 x23:0xfffffd90
       11915000	      1190	00000000	00000013	addi	x0,x0,0	  x0:0x00000000
       11925000	      1191	80001a20	00000013	addi	x0,x0,0	  x0:0x00000000
       11935000	      1192	80001a24	03175263	bge	x14,x17,80001a48	 x14:0x25de96d0 x17:0x00000001
       11945000	      1193	00000000	00000013	addi	x0,x0,0	  x0:0x00000000
       11955000	      1194	80001a44	00000013	addi	x0,x0,0	  x0:0x00000000
       11965000	      1195	80001a48	01e7d793	srli	x15,x15,0x1e	 x15:0x00800000 x15=0x00000000
       11975000	      1196	80001a4c	03060e63	beq	x12,x16,80001a88	 x12:0x00000001 x16:0x00000000
       11985000	      1197	80001a50	05b58063	beq	x11,x27,80001a90	 x11:0xffffffff x27:0xffffff8f
       11995000	      1198	80001a54	0084dd33	srl	x26,x9,x8	  x9:0x8098be02  x8:0x80009f54 x26=0x00000809
       12005000	      1199	80001a58	01fb3533	sltu	x10,x22,x31	 x22:0x7519e6b8 x31:0x7519e6b9 x10=0x00000001
       12015000	      1200	80001a5c	416753b3	sra	x7,x14,x22	 x14:0x25de96d0 x22:0x7519e6b8  x7=0x00000025
       12025000	      1201	80001a60	c940b513	sltiu	x10,x1,-876	  x1:0x8000a5cc x10=0x00000001
       12035000	      1202	80001a64	00fd1393	slli	x7,x26,0xf	 x26:0x00000809  x7=0x04048000
       12045000	      1203	80001a68	da46bb13	sltiu	x22,x13,-604	 x13:0x00000000 x22=0x00000001
       12055000	      1204	80001a6c	6901e2b7	lui	x5,0x6901e	  x5=0x6901e000
       12065000	      1205	80001a70	f3b6a513	slti	x10,x13,-197	 x13:0x00000000 x10=0x00000000
       12075000	      1206	80001a74	01b069b3	or	x19,x0,x27	  x0:0x00000000 x27:0xffffff8f x19=0xffffff8f
       12085000	      1207	80001a78	01947c33	and	x24,x8,x25	  x8:0x80009f54 x25:0x00000000 x24=0x00000000
       12095000	      1208	80001a7c	00000013	addi	x0,x0,0	  x0:0x00000000
       12105000	      1209	80001a80	4197d133	sra	x2,x15,x25	 x15:0x00000000 x25:0x00000000  x2=0x00000000
       12115000	      1210	80001a84	018a39b3	sltu	x19,x20,x24	 x20:0xffffff54 x24:0x00000000 x19=0x00000000
       12125000	      1211	80001a88	c0840113	addi	x2,x8,-1016	  x8:0x80009f54  x2=0x80009b5c
       12135000	      1212	80001a8c	416a5393	srai	x7,x20,0x16	 x20:0xffffff54  x7=0xffffffff
       12145000	      1213	80001a90	0181adb3	slt	x27,x3,x24	  x3:0x8000a1c4 x24:0x00000000 x27=0x00000001
       12155000	      1214	80001a94	00ba1863	bne	x20,x11,80001aa4	 x20:0xffffff54 x11:0xffffffff
       12165000	      1215	00000000	00000013	addi	x0,x0,0	  x0:0x00000000
       12175000	      1216	80001aa0	00000013	addi	x0,x0,0	  x0:0x00000000
       12185000	      1217	80001aa4	012c9993	slli	x19,x25,0x12	 x25:0x00000000 x19=0x00000000
       12195000	      1218	80001aa8	01f806b3	add	x13,x16,x31	 x16:0x00000000 x31:0x7519e6b9 x13=0x7519e6b9
       12205000	      1219	80001aac	2af26813	ori	x16,x4,687	  x4:0x7fff60ad x16=0x7fff62af
       12215000	      1220	80001ab0	001c31b3	sltu	x3,x24,x1	 x24:0x00000000  x1:0x8000a5cc  x3=0x00000001
       12225000	      1221	80001ab4	01e7b0b3	sltu	x1,x15,x30	 x15:0x00000000 x30:0x80009fc4  x1=0x00000001
       12235000	      1222	80001ab8	00b7aa33	slt	x20,x15,x11	 x15:0x00000000 x11:0xffffffff x20=0x00000000
       12245000	      1223	80001abc	018ac9b3	xor	x19,x21,x24	 x21:0xfffffefc x24:0x00000000 x19=0xfffffefc
       12255000	      1224	80001ac0	015995b3	sll	x11,x19,x21	 x19:0xfffffefc x21:0xfffffefc x11=0xc0000000
       12265000	      1225	80001ac4	018365b3	or	x11,x6,x24	  x6:0x00000000 x24:0x00000000 x11=0x00000000
       12275000	      1226	80001ac8	65390013	addi	x0,x18,1619	 x18:0xffffff90
       12285000	      1227	80001acc	01a85793	srli	x15,x16,0x1a	 x16:0x7fff62af x15=0x0000001f
       12295000	      1228	80001ad0	db43b213	sltiu	x4,x7,-588	  x7:0xffffffff  x4=0x00000000
       12305000	      1229	80001ad4	00377533	and	x10,x14,x3	 x14:0x25de96d0  x3:0x00000001 x10=0x00000000
       12315000	      1230	80001ad8	0067d913	srli	x18,x15,0x6	 x15:0x0000001f x18=0x00000000
       12325000	      1231	80001adc	e9c20593	addi	x11,x4,-356	  x4:0x00000000 x11=0xfffffe9c
       12335000	      1232	80001ae0	00a09b93	slli	x23,x1,0xa	  x1:0x00000001 x23=0x00000400
       12345000	      1233	80001ae4	00451a33	sll	x20,x10,x4	 x10:0x00000000  x4:0x00000000 x20=0x00000000
       12355000	      1234	80001ae8	00e8cd33	xor	x26,x17,x14	 x17:0x00000001 x14:0x25de96d0 x26=0x25de96d1
       12365000	      1235	80001aec	e1c23897	auipc	x17,0xe1c23	 x17=0x61c24ae8
       12375000	      1236	80001af0	412d00b3	sub	x1,x26,x18	 x26:0x25de96d1 x18:0x00000000  x1=0x25de96d1
       12385000	      1237	80001af4	00071233	sll	x4,x14,x0	 x14:0x25de96d0  x0:0x00000000  x4=0x25de96d0
       12395000	      1238	80001af8	007f37b3	sltu	x15,x30,x7	 x30:0x80009fc4  x7:0xffffffff x15=0x00000001
       12405000	      1239	80001afc	00f7c6b3	xor	x13,x15,x15	 x15:0x00000001 x15:0x00000001 x13=0x00000000
       12415000	      1240	80001b00	8af21fb7	lui	x31,0x8af21	 x31=0x8af21000
       12425000	      1241	80001b04	000456b3	srl	x13,x8,x0	  x8:0x80009f54  x0:0x00000000 x13=0x80009f54
       12435000	      1242	80001b08	32143193	sltiu	x3,x8,801	  x8:0x80009f54  x3=0x00000000
       12445000	      1243	80001b0c	00000013	addi	x0,x0,0	  x0:0x00000000
       12455000	      1244	80001b10	0020bcb3	sltu	x25,x1,x2	  x1:0x25de96d1  x2:0x80009b5c x25=0x00000001
       12465000	      1245	80001b14	0352d263	bge	x5,x21,80001b38	  x5:0x6901e000 x21:0xfffffefc
       12475000	      1246	00000000	00000013	addi	x0,x0,0	  x0:0x00000000
       12485000	      1247	80001b34	00000013	addi	x0,x0,0	  x0:0x00000000
       12495000	      1248	80001b38	003c6263	bltu	x24,x3,80001b3c	 x24:0x00000000  x3:0x00000000
       12505000	      1249	80001b3c	cde55017	auipc	x0,0xcde55	
       12515000	      1250	80001b40	d0bcc013	xori	x0,x25,-757	 x25:0x00000001
       12525000	      1251	80001b44	03da0e63	beq	x20,x29,80001b80	 x20:0x00000000 x29:0x00000001
       12535000	      1252	80001b48	01989db3	sll	x27,x17,x25	 x17:0x61c24ae8 x25:0x00000001 x27=0xc38495d0
       12545000	      1253	80001b4c	011a4263	blt	x20,x17,80001b50	 x20:0x00000000 x17:0x61c24ae8
       12555000	      1254	00000000	00000013	addi	x0,x0,0	  x0:0x00000000
       12565000	      1255	80001b4c	00000013	addi	x0,x0,0	  x0:0x00000000
       12575000	      1256	80001b50	0074d613	srli	x12,x9,0x7	  x9:0x8098be02 x12=0x0101317c
       12585000	      1257	80001b54	01b27633	and	x12,x4,x27	  x4:0x25de96d0 x27:0xc38495d0 x12=0x018494d0
       12595000	      1258	80001b58	03fef863	bgeu	x29,x31,80001b88	 x29:0x00000001 x31:0x8af21000
       12605000	      1259	80001b5c	00a7dab3	srl	x21,x15,x10	 x15:0x00000001 x10:0x00000000 x21=0x00000001
       12615000	      1260	80001b60	0481b713	sltiu	x14,x3,72	  x3:0x00000000 x14=0x00000001
       12625000	      1261	80001b64	c6c32a13	slti	x20,x6,-916	  x6:0x00000000 x20=0x00000000
       12635000	      1262	80001b68	01865d33	srl	x26,x12,x24	 x12:0x018494d0 x24:0x00000000 x26=0x018494d0
       12645000	      1263	80001b6c	b2212513	slti	x10,x2,-1246	  x2:0x80009b5c x10=0x00000001
       12655000	      1264	80001b70	ec5cfa93	andi	x21,x25,-315	 x25:0x00000001 x21=0x00000001
       12665000	      1265	80001b74	014b8263	beq	x23,x20,80001b78	 x23:0x00000400 x20:0x00000000
       12675000	      1266	80001b78	57137c13	andi	x24,x6,1393	  x6:0x00000000 x24=0x00000000
       12685000	      1267	80001b7c	000f0133	add	x2,x30,x0	 x30:0x80009fc4  x0:0x00000000  x2=0x80009fc4
       12695000	      1268	80001b80	0032e863	bltu	x5,x3,80001b90	  x5:0x6901e000  x3:0x00000000
       12705000	      1269	80001b84	38bd7893	andi	x17,x26,907	 x26:0x018494d0 x17=0x00000080
       12715000	      1270	80001b88	04b56663	bltu	x10,x11,80001bd4	 x10:0x00000001 x11:0xfffffe9c
       12725000	      1271	00000000	00000013	addi	x0,x0,0	  x0:0x00000000
       12735000	      1272	80001bd0	00000013	addi	x0,x0,0	  x0:0x00000000
       12745000	      1273	80001bd4	011ef7b3	and	x15,x29,x17	 x29:0x00000001 x17:0x00000080 x15=0x00000000
       12755000	      1274	80001bd8	015f11b3	sll	x3,x30,x21	 x30:0x80009fc4 x21:0x00000001  x3=0x00013f88
       12765000	      1275	80001bdc	01285133	srl	x2,x16,x18	 x16:0x7fff62af x18:0x00000000  x2=0x7fff62af
       12775000	      1276	80001be0	035a8863	beq	x21,x21,80001c10	 x21:0x00000001 x21:0x00000001
       12785000	      1277	00000000	00000013	addi	x0,x0,0	  x0:0x00000000
       12795000	      1278	80001c0c	00000013	addi	x0,x0,0	  x0:0x00000000
       12805000	      1279	80001c10	43f13197	auipc	x3,0x43f13	  x3=0xc3f14c0c
       12815000	      1280	80001c14	382efe13	andi	x28,x29,898	 x29:0x00000001 x28=0x00000000
       12825000	      1281	80001c18	016d1233	sll	x4,x26,x22	 x26:0x018494d0 x22:0x00000001  x4=0x030929a0
       12835000	      1282	80001c1c	98b62193	slti	x3,x12,-1653	 x12:0x018494d0  x3=0x00000000
       12845000	      1283	80001c20	15762637	lui	x12,0x15762	 x12=0x15762000
       12855000	      1284	80001c24	fae73293	sltiu	x5,x14,-82	 x14:0x00000001  x5=0x00000001
       12865000	      1285	80001c28	01049a33	sll	x20,x9,x16	  x9:0x8098be02 x16:0x7fff62af x20=0x5f010000
       12875000	      1286	80001c2c	026eca63	blt	x29,x6,80001c60	 x29:0x00000001  x6:0x00000000
       12885000	      1287	80001c30	01f60db3	add	x27,x12,x31	 x12:0x15762000 x31:0x8af21000 x27=0xa0683000
       12895000	      1288	80001c34	031d9463	bne	x27,x17,80001c5c	 x27:0xa0683000 x17:0x00000080
       12905000	      1289	00000000	00000013	addi	x0,x0,0	  x0:0x00000000
       12915000	      1290	80001c58	00000013	addi	x0,x0,0	  x0:0x00000000
       12925000	      1291	80001c5c	00a716b3	sll	x13,x14,x10	 x14:0x00000001 x10:0x00000001 x13=0x00000002
       12935000	      1292	80001c60	007d1093	slli	x1,x26,0x7	 x26:0x018494d0  x1=0xc24a6800
       12945000	      1293	80001c64	81adb513	sltiu	x10,x27,-2022	 x27:0xa0683000 x10=0x00000001
       12955000	      1294	80001c68	e5014197	auipc	x3,0xe5014	  x3=0x65015c64
       12965000	      1295	80001c6c	00006f97	auipc	x31,0x6	 x31=0x80007c68
       12975000	      1296	80001c70	728f8f93	addi	x31,x31,1832	 x31:0x80007c68 x31=0x80008390
       12985000	      1297	80001c74	0013abb3	slt	x23,x7,x1	  x7:0xffffffff  x1:0xc24a6800 x23=0x00000000
       12995000	      1298	80001c78	00bfce03	lbu	x28,11(x31)	 x31:0x80008390 x28=0x00000050 PA:0x8000839b
       13005000	      1299	80001c7c	009fc703	lbu	x14,9(x31)	 x31:0x80008390 x14=0x00000052 PA:0x80008399
       13015000	      1300	80001c80	fd0f8fa3	sb	x16,-33(x31)	 x31:0x80008390 x16:0x7fff62af PA:0x8000836f
       13025000	      1301	80001c84	ffafca03	lbu	x20,-6(x31)	 x31:0x80008390 x20=0x00000041 PA:0x8000838a
       13035000	      1302	80001c88	0163c1b3	xor	x3,x7,x22	  x7:0xffffffff x22:0x00000001  x3=0xfffffffe
       13045000	      1303	80001c8c	01a3bcb3	sltu	x25,x7,x26	  x7:0xffffffff x26:0x018494d0 x25=0x00000000
       13055000	      1304	80001c90	01e3db33	srl	x22,x7,x30	  x7:0xffffffff x30:0x80009fc4 x22=0x0fffffff
       13065000	      1305	80001c94	00505233	srl	x4,x0,x5	  x0:0x00000000  x5:0x00000001  x4=0x00000000
       13075000	      1306	80001c98	004f8c23	sb	x4,24(x31)	 x31:0x80008390  x4:0x00000000 PA:0x800083a8
       13085000	      1307	80001c9c	ff7fcb03	lbu	x22,-9(x31)	 x31:0x80008390 x22=0x0000003c PA:0x80008387
       13095000	      1308	00000000	00000013	addi	x0,x0,0	  x0:0x00000000
       13105000	      1309	80001ca0	1b6c4113	xori	x2,x24,438	 x24:0x00000000  x2=0x000001b6
       13115000	      1310	80001ca4	fe0fad03	lw	x26,-32(x31)	 x31:0x80008390 x26=0x28292a2b PA:0x80008370
       13125000	      1311	80001ca8	ce8f00b7	lui	x1,0xce8f0	  x1=0xce8f0000
       13135000	      1312	80001cac	fe7f8a03	lb	x20,-25(x31)	 x31:0x80008390 x20=0x0000002c PA:0x80008377
       13145000	      1313	80001cb0	01f2e233	or	x4,x5,x31	  x5:0x00000001 x31:0x80008390  x4=0x80008391
       13155000	      1314	80001cb4	030f9323	sh	x16,38(x31)	 x31:0x80008390 x16:0x7fff62af PA:0x800083b6
       13165000	      1315	80001cb8	60ae6713	ori	x14,x28,1546	 x28:0x00000050 x14=0x0000065a
       13175000	      1316	80001cbc	03bf8323	sb	x27,38(x31)	 x31:0x80008390 x27:0xa0683000 PA:0x800083b6
       13185000	      1317	80001cc0	033f8ba3	sb	x19,55(x31)	 x31:0x80008390 x19:0xfffffefc PA:0x800083c7
       13195000	      1318	80001cc4	02bf87a3	sb	x11,47(x31)	 x31:0x80008390 x11:0xfffffe9c PA:0x800083bf
       13205000	      1319	80001cc8	40c75d93	srai	x27,x14,0xc	 x14:0x0000065a x27=0x00000000
       13215000	      1320	80001ccc	031f8783	lb	x15,49(x31)	 x31:0x80008390 x15=0x0000007a PA:0x800083c1
       13225000	      1321	80001cd0	d08ce293	ori	x5,x25,-760	 x25:0x00000000  x5=0xfffffd08
       13235000	      1322	80001cd4	feefc703	lbu	x14,-18(x31)	 x31:0x80008390 x14=0x00000035 PA:0x8000837e
       13245000	      1323	80001cd8	00de60b3	or	x1,x28,x13	 x28:0x00000050 x13:0x00000002  x1=0x00000052
       13255000	      1324	80001cdc	fe5fcb03	lbu	x22,-27(x31)	 x31:0x80008390 x22=0x0000002e PA:0x80008375
       13265000	      1325	80001ce0	40175013	srai	x0,x14,0x1	 x14:0x00000035
       13275000	      1326	80001ce4	fccfa083	lw	x1,-52(x31)	 x31:0x80008390  x1=0x14151617 PA:0x8000835c
       13285000	      1327	80001ce8	b161c693	xori	x13,x3,-1258	  x3:0xfffffffe x13=0x000004e8
       13295000	      1328	80001cec	008fac03	lw	x24,8(x31)	 x31:0x80008390 x24=0x50515253 PA:0x80008398
       13305000	      1329	80001cf0	034f8f23	sb	x20,62(x31)	 x31:0x80008390 x20:0x0000002c PA:0x800083ce
       13315000	      1330	80001cf4	ff7f8103	lb	x2,-9(x31)	 x31:0x80008390  x2=0x0000003c PA:0x80008387
       13325000	      1331	80001cf8	00c4cd33	xor	x26,x9,x12	  x9:0x8098be02 x12:0x15762000 x26=0x95ee9e02
       13335000	      1332	80001cfc	01989033	sll	x0,x17,x25	 x17:0x00000080 x25:0x00000000
       13345000	      1333	80001d00	00df8b03	lb	x22,13(x31)	 x31:0x80008390 x22=0x00000056 PA:0x8000839d
       13355000	      1334	00000000	00000013	addi	x0,x0,0	  x0:0x00000000
       13365000	      1335	80001d04	fd6fd383	lhu	x7,-42(x31)	 x31:0x80008390  x7=0x00001c1d PA:0x80008366
       13375000	      1336	80001d08	01efd183	lhu	x3,30(x31)	 x31:0x80008390  x3=0x00006465 PA:0x800083ae
       13385000	      1337	80001d0c	fccfd503	lhu	x10,-52(x31)	 x31:0x80008390 x10=0x00001617 PA:0x8000835c
       13395000	      1338	80001d10	40d15cb3	sra	x25,x2,x13	  x2:0x0000003c x13:0x000004e8 x25=0x00000000
       13405000	      1339	80001d14	01af8b83	lb	x23,26(x31)	 x31:0x80008390 x23=0x00000061 PA:0x800083aa
       13415000	      1340	80001d18	00af9423	sh	x10,8(x31)	 x31:0x80008390 x10:0x00001617 PA:0x80008398
       13425000	      1341	80001d1c	03ff84a3	sb	x31,41(x31)	 x31:0x80008390 x31:0x80008390 PA:0x800083b9
       13435000	      1342	80001d20	fdef9303	lh	x6,-34(x31)	 x31:0x80008390  x6=0xffffaf25 PA:0x8000836e
       13445000	      1343	80001d24	feef9c03	lh	x24,-18(x31)	 x31:0x80008390 x24=0x00003435 PA:0x8000837e
       13455000	      1344	80001d28	409502b3	sub	x5,x10,x9	 x10:0x00001617  x9:0x8098be02  x5=0x7f675815
       13465000	      1345	80001d2c	97dbf293	andi	x5,x23,-1667	 x23:0x00000061  x5=0x00000061
       13475000	      1346	80001d30	00000013	addi	x0,x0,0	  x0:0x00000000
       13485000	      1347	80001d34	04b20c17	auipc	x24,0x4b20	 x24=0x84b21d30
       13495000	      1348	80001d38	d1920d93	addi	x27,x4,-743	  x4:0x80008391 x27=0x800080aa
       13505000	      1349	80001d3c	01c19c13	slli	x24,x3,0x1c	  x3:0x00006465 x24=0x50000000
       13515000	      1350	80001d40	0041eeb3	or	x29,x3,x4	  x3:0x00006465  x4:0x80008391 x29=0x8000e7f5
       13525000	      1351	80001d44	40965793	srai	x15,x12,0x9	 x12:0x15762000 x15=0x000abb10
       13535000	      1352	80001d48	2138be37	lui	x28,0x2138b	 x28=0x2138b000
       13545000	      1353	80001d4c	6f7c7093	andi	x1,x24,1783	 x24:0x50000000  x1=0x00000000
       13555000	      1354	80001d50	02131c63	bne	x6,x1,80001d88	  x6:0xffffaf25  x1:0x00000000
       13565000	      1355	00000000	00000013	addi	x0,x0,0	  x0:0x00000000
       13575000	      1356	80001d84	00000013	addi	x0,x0,0	  x0:0x00000000
       13585000	      1357	80001d88	01e6ea63	bltu	x13,x30,80001d9c	 x13:0x000004e8 x30:0x80009fc4
       13595000	      1358	00000000	00000013	addi	x0,x0,0	  x0:0x00000000
       13605000	      1359	80001d98	00000013	addi	x0,x0,0	  x0:0x00000000
       13615000	      1360	80001d9c	0188de63	bge	x17,x24,80001db8	 x17:0x00000080 x24:0x50000000
       13625000	      1361	80001da0	28922293	slti	x5,x4,649	  x4:0x80008391  x5=0x00000001
       13635000	      1362	80001da4	00fe6733	or	x14,x28,x15	 x28:0x2138b000 x15:0x000abb10 x14=0x213abb10
       13645000	      1363	80001da8	026e8463	beq	x29,x6,80001dd0	 x29:0x8000e7f5  x6:0xffffaf25
       13655000	      1364	80001dac	7b906c13	ori	x24,x0,1977	  x0:0x00000000 x24=0x000007b9
       13665000	      1365	80001db0	00a2b6b3	sltu	x13,x5,x10	  x5:0x00000001 x10:0x00001617 x13=0x00000001
       13675000	      1366	80001db4	01e35a63	bge	x6,x30,80001dc8	  x6:0xffffaf25 x30:0x80009fc4
       13685000	      1367	00000000	00000013	addi	x0,x0,0	  x0:0x00000000
       13695000	      1368	80001dc4	00000013	addi	x0,x0,0	  x0:0x00000000
       13705000	      1369	80001dc8	3af08293	addi	x5,x1,943	  x1:0x00000000  x5=0x000003af
       13715000	      1370	80001dcc	04265663	bge	x12,x2,80001e18	 x12:0x15762000  x2:0x0000003c
       13725000	      1371	00000000	00000013	addi	x0,x0,0	  x0:0x00000000
       13735000	      1372	80001e14	00000013	addi	x0,x0,0	  x0:0x00000000
       13745000	      1373	80001e18	01281d33	sll	x26,x16,x18	 x16:0x7fff62af x18:0x00000000 x26=0x7fff62af
       13755000	      1374	80001e1c	12043113	sltiu	x2,x8,288	  x8:0x80009f54  x2=0x00000000
       13765000	      1375	80001e20	ac844993	xori	x19,x8,-1336	  x8:0x80009f54 x19=0x7fff659c
       13775000	      1376	80001e24	0279d863	bge	x19,x7,80001e54	 x19:0x7fff659c  x7:0x00001c1d
       13785000	      1377	00000000	00000013	addi	x0,x0,0	  x0:0x00000000
       13795000	      1378	80001e50	00000013	addi	x0,x0,0	  x0:0x00000000
       13805000	      1379	80001e54	0106cc63	blt	x13,x16,80001e6c	 x13:0x00000001 x16:0x7fff62af
       13815000	      1380	00000000	00000013	addi	x0,x0,0	  x0:0x00000000
       13825000	      1381	80001e68	00000013	addi	x0,x0,0	  x0:0x00000000
       13835000	      1382	80001e6c	1d019217	auipc	x4,0x1d019	  x4=0x9d01ae68
       13845000	      1383	80001e70	abb50a93	addi	x21,x10,-1349	 x10:0x00001617 x21=0x000010d2
       13855000	      1384	80001e74	00cb40b3	xor	x1,x22,x12	 x22:0x00000056 x12:0x15762000  x1=0x15762056
       13865000	      1385	80001e78	26628a13	addi	x20,x5,614	  x5:0x000003af x20=0x00000615
       13875000	      1386	80001e7c	ef15a093	slti	x1,x11,-271	 x11:0xfffffe9c  x1=0x00000001
       13885000	      1387	80001e80	009fd833	srl	x16,x31,x9	 x31:0x80008390  x9:0x8098be02 x16=0x200020e4
       13895000	      1388	80001e84	00c7b933	sltu	x18,x15,x12	 x15:0x000abb10 x12:0x15762000 x18=0x00000001
       13905000	      1389	80001e88	01e25a13	srli	x20,x4,0x1e	  x4:0x9d01ae68 x20=0x00000002
       13915000	      1390	80001e8c	59666897	auipc	x17,0x59666	 x17=0xd9667e88
       13925000	      1391	80001e90	00937533	and	x10,x6,x9	  x6:0xffffaf25  x9:0x8098be02 x10=0x8098ae00
       13935000	      1392	80001e94	00acfa33	and	x20,x25,x10	 x25:0x00000000 x10:0x8098ae00 x20=0x00000000
       13945000	      1393	80001e98	00000013	addi	x0,x0,0	  x0:0x00000000
       13955000	      1394	80001e9c	00c5aa33	slt	x20,x11,x12	 x11:0xfffffe9c x12:0x15762000 x20=0x00000001
       13965000	      1395	80001ea0	87bc8137	lui	x2,0x87bc8	  x2=0x87bc8000
       13975000	      1396	80001ea4	004b7833	and	x16,x22,x4	 x22:0x00000056  x4:0x9d01ae68 x16=0x00000040
       13985000	      1397	80001ea8	01911393	slli	x7,x2,0x19	  x2:0x87bc8000  x7=0x00000000
       13995000	      1398	80001eac	09731263	bne	x6,x23,80001f30	  x6:0xffffaf25 x23:0x00000061
       14005000	      1399	00000000	00000013	addi	x0,x0,0	  x0:0x00000000
       14015000	      1400	80001f2c	00000013	addi	x0,x0,0	  x0:0x00000000
       14025000	      1401	80001f30	03a59663	bne	x11,x26,80001f5c	 x11:0xfffffe9c x26:0x7fff62af
       14035000	      1402	00000000	00000013	addi	x0,x0,0	  x0:0x00000000
       14045000	      1403	80001f58	00000013	addi	x0,x0,0	  x0:0x00000000
       14055000	      1404	80001f5c	01b58663	beq	x11,x27,80001f68	 x11:0xfffffe9c x27:0x800080aa
       14065000	      1405	80001f60	00b02b33	slt	x22,x0,x11	  x0:0x00000000 x11:0xfffffe9c x22=0x00000000
       14075000	      1406	80001f64	f0d13793	sltiu	x15,x2,-243	  x2:0x87bc8000 x15=0x00000001
       14085000	      1407	80001f68	f34ca6b7	lui	x13,0xf34ca	 x13=0xf34ca000
       14095000	      1408	80001f6c	01d85933	srl	x18,x16,x29	 x16:0x00000040 x29:0x8000e7f5 x18=0x00000000
       14105000	      1409	80001f70	00442583	lw	x11,4(x8)	  x8:0x80009f54 x11=0x800005c8 PA:0x80009f58
       14115000	      1410	80001f74	41cbddb3	sra	x27,x23,x28	 x23:0x00000061 x28:0x2138b000 x27=0x00000061
       14125000	      1411	80001f78	41eed313	srai	x6,x29,0x1e	 x29:0x8000e7f5  x6=0xfffffffe
       14135000	      1412	80001f7c	e190b993	sltiu	x19,x1,-487	  x1:0x00000001 x19=0x00000001
       14145000	      1413	80001f80	000508b3	add	x17,x10,x0	 x10:0x8098ae00  x0:0x00000000 x17=0x8098ae00
       14155000	      1414	80001f84	03040413	addi	x8,x8,48	  x8:0x80009f54  x8=0x80009f84
       14165000	      1415	80001f88	00960fb3	add	x31,x12,x9	 x12:0x15762000  x9:0x8098be02 x31=0x960ede02
       14175000	      1416	80001f8c	00b42fb3	slt	x31,x8,x11	  x8:0x80009f84 x11:0x800005c8 x31=0x00000000
       14185000	      1417	80001f90	00058d93	addi	x27,x11,0	 x11:0x800005c8 x27=0x800005c8
       14195000	      1418	80001f94	000d8de7	jalr	x27,x27,0	 x27:0x800005c8 x27=0x80001f94
       14205000	      1419	00000000	00000013	addi	x0,x0,0	  x0:0x00000000
       14215000	      1420	800005c8	00000013	addi	x0,x0,0	  x0:0x00000000
       14225000	      1421	800005cc	00216e63	bltu	x2,x2,800005e8	  x2:0x87bc8000  x2:0x87bc8000
       14235000	      1422	800005d0	0126fcb3	and	x25,x13,x18	 x13:0xf34ca000 x18:0x00000000 x25=0x00000000
       14245000	      1423	800005d4	01871d33	sll	x26,x14,x24	 x14:0x213abb10 x24:0x000007b9 x26=0x20000000
       14255000	      1424	800005d8	d5e5f213	andi	x4,x11,-674	 x11:0x800005c8  x4=0x80000548
       14265000	      1425	800005dc	004ba5b3	slt	x11,x23,x4	 x23:0x00000061  x4:0x80000548 x11=0x00000000
       14275000	      1426	800005e0	01a58533	add	x10,x11,x26	 x11:0x00000000 x26:0x20000000 x10=0x20000000
       14285000	      1427	800005e4	002c2633	slt	x12,x24,x2	 x24:0x000007b9  x2:0x87bc8000 x12=0x00000000
       14295000	      1428	800005e8	0048bdb3	sltu	x27,x17,x4	 x17:0x8098ae00  x4:0x80000548 x27=0x00000000
       14305000	      1429	800005ec	011789b3	add	x19,x15,x17	 x15:0x00000001 x17:0x8098ae00 x19=0x8098ae01
       14315000	      1430	800005f0	00c7dc93	srli	x25,x15,0xc	 x15:0x00000001 x25=0x00000000
       14325000	      1431	800005f4	16520093	addi	x1,x4,357	  x4:0x80000548  x1=0x800006ad
       14335000	      1432	800005f8	00000013	addi	x0,x0,0	  x0:0x00000000
       14345000	      1433	800005fc	00000013	addi	x0,x0,0	  x0:0x00000000
       14355000	      1434	80000600	40365193	srai	x3,x12,0x3	 x12:0x00000000  x3=0x00000000
       14365000	      1435	80000604	0086a233	slt	x4,x13,x8	 x13:0xf34ca000  x8:0x80009f84  x4=0x00000000
       14375000	      1436	80000608	03070e63	beq	x14,x16,80000644	 x14:0x213abb10 x16:0x00000040
       14385000	      1437	8000060c	40748cb3	sub	x25,x9,x7	  x9:0x8098be02  x7:0x00000000 x25=0x8098be02
       14395000	      1438	80000610	c88b2393	slti	x7,x22,-888	 x22:0x00000000  x7=0x00000000
       14405000	      1439	80000614	8f67e117	auipc	x2,0x8f67e	  x2=0x0f67e610
       14415000	      1440	80000618	184b7e97	auipc	x29,0x184b7	 x29=0x984b7614
       14425000	      1441	8000061c	001b9693	slli	x13,x23,0x1	 x23:0x00000061 x13=0x000000c2
       14435000	      1442	80000620	00000013	addi	x0,x0,0	  x0:0x00000000
       14445000	      1443	80000624	01084e63	blt	x16,x16,80000640	 x16:0x00000040 x16:0x00000040
       14455000	      1444	80000628	00311013	slli	x0,x2,0x3	  x2:0x0f67e610
       14465000	      1445	8000062c	abd57b17	auipc	x22,0xabd57	 x22=0x2bd57628
       14475000	      1446	80000630	0079efb3	or	x31,x19,x7	 x19:0x8098ae01  x7:0x00000000 x31=0x8098ae01
       14485000	      1447	80000634	002229b3	slt	x19,x4,x2	  x4:0x00000000  x2:0x0f67e610 x19=0x00000001
       14495000	      1448	80000638	417f55b3	sra	x11,x30,x23	 x30:0x80009fc4 x23:0x00000061 x11=0xc0004fe2
       14505000	      1449	8000063c	4b798013	addi	x0,x19,1207	 x19:0x00000001
       14515000	      1450	80000640	03ebec63	bltu	x23,x30,80000678	 x23:0x00000061 x30:0x80009fc4
       14525000	      1451	00000000	00000013	addi	x0,x0,0	  x0:0x00000000
       14535000	      1452	80000674	00000013	addi	x0,x0,0	  x0:0x00000000
       14545000	      1453	80000678	411907b3	sub	x15,x18,x17	 x18:0x00000000 x17:0x8098ae00 x15=0x7f675200
       14555000	      1454	8000067c	40e65533	sra	x10,x12,x14	 x12:0x00000000 x14:0x213abb10 x10=0x00000000
       14565000	      1455	80000680	c55fd817	auipc	x16,0xc55fd	 x16=0x455fd67c
       14575000	      1456	80000684	400f07b3	sub	x15,x30,x0	 x30:0x80009fc4  x0:0x00000000 x15=0x80009fc4
       14585000	      1457	80000688	00000013	addi	x0,x0,0	  x0:0x00000000
       14595000	      1458	8000068c	01994863	blt	x18,x25,8000069c	 x18:0x00000000 x25:0x8098be02
       14605000	      1459	80000690	99214e13	xori	x28,x2,-1646	  x2:0x0f67e610 x28=0xf0981f82
       14615000	      1460	80000694	50188737	lui	x14,0x50188	 x14=0x50188000
       14625000	      1461	80000698	00b93733	sltu	x14,x18,x11	 x18:0x00000000 x11:0xc0004fe2 x14=0x00000001
       14635000	      1462	8000069c	3ed35117	auipc	x2,0x3ed35	  x2=0xbed35698
       14645000	      1463	800006a0	96864713	xori	x14,x12,-1688	 x12:0x00000000 x14=0xfffff968
       14655000	      1464	800006a4	002f6ab3	or	x21,x30,x2	 x30:0x80009fc4  x2:0xbed35698 x21=0xbed3dfdc
       14665000	      1465	800006a8	41ecd533	sra	x10,x25,x30	 x25:0x8098be02 x30:0x80009fc4 x10=0xf8098be0
       14675000	      1466	800006ac	05261063	bne	x12,x18,800006ec	 x12:0x00000000 x18:0x00000000
       14685000	      1467	800006b0	7de2fb93	andi	x23,x5,2014	  x5:0x000003af x23=0x0000038e
       14695000	      1468	800006b4	000f98b3	sll	x17,x31,x0	 x31:0x8098ae01  x0:0x00000000 x17=0x8098ae01
       14705000	      1469	800006b8	b4586c93	ori	x25,x16,-1211	 x16:0x455fd67c x25=0xffffff7d
       14715000	      1470	800006bc	016c2d33	slt	x26,x24,x22	 x24:0x000007b9 x22:0x2bd57628 x26=0x00000001
       14725000	      1471	800006c0	01619d93	slli	x27,x3,0x16	  x3:0x00000000 x27=0x00000000
       14735000	      1472	800006c4	003ce733	or	x14,x25,x3	 x25:0xffffff7d  x3:0x00000000 x14=0xffffff7d
       14745000	      1473	800006c8	262bc293	xori	x5,x23,610	 x23:0x0000038e  x5=0x000001ec
       14755000	      1474	800006cc	01855e63	bge	x10,x24,800006e8	 x10:0xf8098be0 x24:0x000007b9
       14765000	      1475	800006d0	41bfd233	sra	x4,x31,x27	 x31:0x8098ae01 x27:0x00000000  x4=0x8098ae01
       14775000	      1476	800006d4	05275863	bge	x14,x18,80000724	 x14:0xffffff7d x18:0x00000000
       14785000	      1477	800006d8	04700663	beq	x0,x7,80000724	  x0:0x00000000  x7:0x00000000
       14795000	      1478	00000000	00000013	addi	x0,x0,0	  x0:0x00000000
       14805000	      1479	80000720	00000013	addi	x0,x0,0	  x0:0x00000000
       14815000	      1480	80000724	0108f263	bgeu	x17,x16,80000728	 x17:0x8098ae01 x16:0x455fd67c
       14825000	      1481	00000000	00000013	addi	x0,x0,0	  x0:0x00000000
       14835000	      1482	80000724	00000013	addi	x0,x0,0	  x0:0x00000000
       14845000	      1483	80000728	008d6c33	or	x24,x26,x8	 x26:0x00000001  x8:0x80009f84 x24=0x80009f85
       14855000	      1484	8000072c	00387bb3	and	x23,x16,x3	 x16:0x455fd67c  x3:0x00000000 x23=0x00000000
       14865000	      1485	80000730	5336e713	ori	x14,x13,1331	 x13:0x000000c2 x14=0x000005f3
       14875000	      1486	80000734	15e30ab7	lui	x21,0x15e30	 x21=0x15e30000
       14885000	      1487	80000738	0b9e0513	addi	x10,x28,185	 x28:0xf0981f82 x10=0xf098203b
       14895000	      1488	8000073c	01ab0d33	add	x26,x22,x26	 x22:0x2bd57628 x26:0x00000001 x26=0x2bd57629
       14905000	      1489	80000740	015ca2b3	slt	x5,x25,x21	 x25:0xffffff7d x21:0x15e30000  x5=0x00000001
       14915000	      1490	80000744	0183dc93	srli	x25,x7,0x18	  x7:0x00000000 x25=0x00000000
       14925000	      1491	80000748	005ad913	srli	x18,x21,0x5	 x21:0x15e30000 x18=0x00af1800
       14935000	      1492	8000074c	009c7a63	bgeu	x24,x9,80000760	 x24:0x80009f85  x9:0x8098be02
       14945000	      1493	80000750	01d26e63	bltu	x4,x29,8000076c	  x4:0x8098ae01 x29:0x984b7614
       14955000	      1494	00000000	00000013	addi	x0,x0,0	  x0:0x00000000
       14965000	      1495	80000768	00000013	addi	x0,x0,0	  x0:0x00000000
       14975000	      1496	8000076c	402a8cb3	sub	x25,x21,x2	 x21:0x15e30000  x2:0xbed35698 x25=0x570fa968
       14985000	      1497	80000770	01c2e463	bltu	x5,x28,80000778	  x5:0x00000001 x28:0xf0981f82
       14995000	      1498	00000000	00000013	addi	x0,x0,0	  x0:0x00000000
       15005000	      1499	80000774	00000013	addi	x0,x0,0	  x0:0x00000000
       15015000	      1500	80000778	007a5933	srl	x18,x20,x7	 x20:0x00000001  x7:0x00000000 x18=0x00000001
       15025000	      1501	8000077c	00000497	auipc	x9,0x0	  x9=0x80000778
       15035000	      1502	80000780	00c48493	addi	x9,x9,12	  x9:0x80000778  x9=0x80000784
       15045000	      1503	80000784	00048067	jalr	x0,x9,0	  x9:0x80000784
       15055000	      1504	00000000	00000013	addi	x0,x0,0	  x0:0x00000000
       15065000	      1505	80000784	00000013	addi	x0,x0,0	  x0:0x00000000
       15075000	      1506	80000788	00100193	addi	x3,x0,1	  x0:0x00000000  x3=0x00000001
       15085000	      1507	8000078c	00000073	ecall	
       15095000	      1508	80000790	407a8233	sub	x4,x21,x7	 x21:0x15e30000  x7:0x00000000  x4=0x15e30000
