		Time			Cycle	PC		Insn	Decoded instruction	Register and memory contents
          65000	         5	80000004	00000293	addi	x5,x0,0	  x0:0x00000000  x5=0x00000000
          75000	         6	80000008	00000313	addi	x6,x0,0	  x0:0x00000000  x6=0x00000000
          85000	         7	8000000c	00628263	beq	x5,x6,80000010	  x5:0x00000000  x6:0x00000000
          95000	         8	00000000	00000013	addi	x0,x0,0	  x0:0x00000000
         105000	         9	8000000c	00000013	addi	x0,x0,0	  x0:0x00000000
         115000	        10	80000010	00000417	auipc	x8,0x0	  x8=0x8000000c
         125000	        11	80000014	00c40413	addi	x8,x8,12	  x8:0x8000000c  x8=0x80000018
         135000	        12	80000018	00040067	jalr	x0,x8,0	  x8:0x80000018
         145000	        13	00000000	00000013	addi	x0,x0,0	  x0:0x00000000
         155000	        14	80000018	00000013	addi	x0,x0,0	  x0:0x00000000
         165000	        15	8000001c	40000837	lui	x16,0x40000	 x16=0x40000000
         175000	        16	80000020	10080813	addi	x16,x16,256	 x16:0x40000000 x16=0x40000100
         185000	        17	80000024	00000013	addi	x0,x0,0	  x0:0x00000000
         195000	        18	80000028	0000a997	auipc	x19,0xa	 x19=0x8000a024
         205000	        19	8000002c	fa098993	addi	x19,x19,-96	 x19:0x8000a024 x19=0x80009fc4
         215000	        20	80000030	00003817	auipc	x16,0x3	 x16=0x8000302c
         225000	        21	80000034	94480813	addi	x16,x16,-1724	 x16:0x8000302c x16=0x80002970
         235000	        22	80000038	00186813	ori	x16,x16,1	 x16:0x80002970 x16=0x80002971
         245000	        23	8000003c	00000013	addi	x0,x0,0	  x0:0x00000000
         255000	        24	80000040	00000817	auipc	x16,0x0	 x16=0x8000003c
         265000	        25	80000044	02080813	addi	x16,x16,32	 x16:0x8000003c x16=0x8000005c
         275000	        26	80000048	00000013	addi	x0,x0,0	  x0:0x00000000
         285000	        27	8000004c	00000013	addi	x0,x0,0	  x0:0x00000000
         295000	        28	80000050	00002837	lui	x16,0x2	 x16=0x00002000
         305000	        29	80000054	80080813	addi	x16,x16,-2048	 x16:0x00002000 x16=0x00001800
         315000	        30	80000058	00000013	addi	x0,x0,0	  x0:0x00000000
         325000	        31	8000005c	00000013	addi	x0,x0,0	  x0:0x00000000
         335000	        32	80000060	f67cc037	lui	x0,0xf67cc	
         345000	        33	80000064	3c500013	addi	x0,x0,965	  x0:0x00000000
         355000	        34	80000068	a6fe80b7	lui	x1,0xa6fe8	  x1=0xa6fe8000
         365000	        35	8000006c	da008093	addi	x1,x1,-608	  x1:0xa6fe8000  x1=0xa6fe7da0
         375000	        36	80000070	00000113	addi	x2,x0,0	  x0:0x00000000  x2=0x00000000
         385000	        37	80000074	7e1a01b7	lui	x3,0x7e1a0	  x3=0x7e1a0000
         395000	        38	80000078	6e018193	addi	x3,x3,1760	  x3:0x7e1a0000  x3=0x7e1a06e0
         405000	        39	8000007c	00e00213	addi	x4,x0,14	  x0:0x00000000  x4=0x0000000e
         415000	        40	80000080	00a00293	addi	x5,x0,10	  x0:0x00000000  x5=0x0000000a
         425000	        41	80000084	80000337	lui	x6,0x80000	  x6=0x80000000
         435000	        42	80000088	800003b7	lui	x7,0x80000	  x7=0x80000000
         445000	        43	8000008c	78d95437	lui	x8,0x78d95	  x8=0x78d95000
         455000	        44	80000090	dea40413	addi	x8,x8,-534	  x8:0x78d95000  x8=0x78d94dea
         465000	        45	80000094	00e00493	addi	x9,x0,14	  x0:0x00000000  x9=0x0000000e
         475000	        46	80000098	80000537	lui	x10,0x80000	 x10=0x80000000
         485000	        47	8000009c	436865b7	lui	x11,0x43686	 x11=0x43686000
         495000	        48	800000a0	d5758593	addi	x11,x11,-681	 x11:0x43686000 x11=0x43685d57
         505000	        49	800000a4	00500613	addi	x12,x0,5	  x0:0x00000000 x12=0x00000005
         515000	        50	800000a8	00000693	addi	x13,x0,0	  x0:0x00000000 x13=0x00000000
         525000	        51	800000ac	80000737	lui	x14,0x80000	 x14=0x80000000
         535000	        52	800000b0	00700793	addi	x15,x0,7	  x0:0x00000000 x15=0x00000007
         545000	        53	800000b4	2bc23837	lui	x16,0x2bc23	 x16=0x2bc23000
         555000	        54	800000b8	62c80813	addi	x16,x16,1580	 x16:0x2bc23000 x16=0x2bc2362c
         565000	        55	800000bc	00700893	addi	x17,x0,7	  x0:0x00000000 x17=0x00000007
         575000	        56	800000c0	80000937	lui	x18,0x80000	 x18=0x80000000
         585000	        57	800000c4	80000a37	lui	x20,0x80000	 x20=0x80000000
         595000	        58	800000c8	00000a93	addi	x21,x0,0	  x0:0x00000000 x21=0x00000000
         605000	        59	800000cc	00f00b13	addi	x22,x0,15	  x0:0x00000000 x22=0x0000000f
         615000	        60	800000d0	1248bbb7	lui	x23,0x1248b	 x23=0x1248b000
         625000	        61	800000d4	e70b8b93	addi	x23,x23,-400	 x23:0x1248b000 x23=0x1248ae70
         635000	        62	800000d8	00b00c13	addi	x24,x0,11	  x0:0x00000000 x24=0x0000000b
         645000	        63	800000dc	20b10cb7	lui	x25,0x20b10	 x25=0x20b10000
         655000	        64	800000e0	33cc8c93	addi	x25,x25,828	 x25:0x20b10000 x25=0x20b1033c
         665000	        65	800000e4	80000d37	lui	x26,0x80000	 x26=0x80000000
         675000	        66	800000e8	00000d93	addi	x27,x0,0	  x0:0x00000000 x27=0x00000000
         685000	        67	800000ec	80000e37	lui	x28,0x80000	 x28=0x80000000
         695000	        68	800000f0	3b3a1f37	lui	x30,0x3b3a1	 x30=0x3b3a1000
         705000	        69	800000f4	aa5f0f13	addi	x30,x30,-1371	 x30:0x3b3a1000 x30=0x3b3a0aa5
         715000	        70	800000f8	00000f93	addi	x31,x0,0	  x0:0x00000000 x31=0x00000000
         725000	        71	800000fc	0000ae97	auipc	x29,0xa	 x29=0x8000a0f8
         735000	        72	80000100	e8ce8e93	addi	x29,x29,-372	 x29:0x8000a0f8 x29=0x80009f84
         745000	        73	80000104	00001097	auipc	x1,0x1	  x1=0x80001100
         755000	        74	80000108	0d408093	addi	x1,x1,212	  x1:0x80001100  x1=0x800011d4
         765000	        75	8000010c	01e94a33	xor	x20,x18,x30	 x18:0x80000000 x30:0x3b3a0aa5 x20=0xbb3a0aa5
         775000	        76	80000110	401c0ab3	sub	x21,x24,x1	 x24:0x0000000b  x1:0x800011d4 x21=0x7fffee37
         785000	        77	80000114	01cbe733	or	x14,x23,x28	 x23:0x1248ae70 x28:0x80000000 x14=0x9248ae70
         795000	        78	80000118	44362a13	slti	x20,x12,1091	 x12:0x00000005 x20=0x00000001
         805000	        79	8000011c	6e69be13	sltiu	x28,x19,1766	 x19:0x80009fc4 x28=0x00000000
         815000	        80	80000120	00908093	addi	x1,x1,9	  x1:0x800011d4  x1=0x800011dd
         825000	        81	80000124	403a5893	srai	x17,x20,0x3	 x20:0x00000001 x17=0x00000000
         835000	        82	80000128	01be9333	sll	x6,x29,x27	 x29:0x80009f84 x27:0x00000000  x6=0x80009f84
         845000	        83	8000012c	2f177393	andi	x7,x14,753	 x14:0x9248ae70  x7=0x00000270
         855000	        84	80000130	01944633	xor	x12,x8,x25	  x8:0x78d94dea x25:0x20b1033c x12=0x58684ed6
         865000	        85	80000134	ff7080e7	jalr	x1,x1,-9	  x1:0x800011dd  x1=0x80000134
         875000	        86	00000000	00000013	addi	x0,x0,0	  x0:0x00000000
         885000	        87	800011d4	00000013	addi	x0,x0,0	  x0:0x00000000
         895000	        88	800011d8	013d01b3	add	x3,x26,x19	 x26:0x80000000 x19:0x80009fc4  x3=0x00009fc4
         905000	        89	800011dc	01b6f463	bgeu	x13,x27,800011e4	 x13:0x00000000 x27:0x00000000
         915000	        90	00000000	00000013	addi	x0,x0,0	  x0:0x00000000
         925000	        91	800011e0	00000013	addi	x0,x0,0	  x0:0x00000000
         935000	        92	800011e4	fe8e8e93	addi	x29,x29,-24	 x29:0x80009f84 x29=0x80009f6c
         945000	        93	800011e8	19518113	addi	x2,x3,405	  x3:0x00009fc4  x2=0x0000a159
         955000	        94	800011ec	40825313	srai	x6,x4,0x8	  x4:0x0000000e  x6=0x00000000
         965000	        95	800011f0	40f15bb3	sra	x23,x2,x15	  x2:0x0000a159 x15:0x00000007 x23=0x00000142
         975000	        96	800011f4	1aeb8ab7	lui	x21,0x1aeb8	 x21=0x1aeb8000
         985000	        97	800011f8	0090c2b3	xor	x5,x1,x9	  x1:0x80000134  x9:0x0000000e  x5=0x8000013a
         995000	        98	800011fc	001ea223	sw	x1,4(x29)	 x29:0x80009f6c  x1:0x80000134 PA:0x80009f70
        1005000	        99	80001200	00b7a533	slt	x10,x15,x11	 x15:0x00000007 x11:0x43685d57 x10=0x00000001
        1015000	       100	80001204	f30eaf13	slti	x30,x29,-208	 x29:0x80009f6c x30=0x00000001
        1025000	       101	80001208	00f65c33	srl	x24,x12,x15	 x12:0x58684ed6 x15:0x00000007 x24=0x00b0d09d
        1035000	       102	8000120c	00007117	auipc	x2,0x7	  x2=0x80008208
        1045000	       103	80001210	17910113	addi	x2,x2,377	  x2:0x80008208  x2=0x80008381
        1055000	       104	80001214	fc5b8a13	addi	x20,x23,-59	 x23:0x00000142 x20=0x00000107
        1065000	       105	80001218	ff511d03	lh	x26,-11(x2)	  x2:0x80008381 x26=0x00000000 PA:0x80008376
        1075000	       106	8000121c	00210b83	lb	x23,2(x2)	  x2:0x80008381 x23=0x00000000 PA:0x80008383
        1085000	       107	80001220	399c0593	addi	x11,x24,921	 x24:0x00b0d09d x11=0x00b0d436
        1095000	       108	80001224	00db4233	xor	x4,x22,x13	 x22:0x0000000f x13:0x00000000  x4=0x0000000f
        1105000	       109	80001228	7319ea37	lui	x20,0x7319e	 x20=0x7319e000
        1115000	       110	8000122c	00d14583	lbu	x11,13(x2)	  x2:0x80008381 x11=0x00000000 PA:0x8000838e
        1125000	       111	80001230	ff510a23	sb	x21,-12(x2)	  x2:0x80008381 x21:0x1aeb8000 PA:0x80008375
        1135000	       112	80001234	00810203	lb	x4,8(x2)	  x2:0x80008381  x4=0x00000000 PA:0x80008389
        1145000	       113	80001238	ffe10c23	sb	x30,-8(x2)	  x2:0x80008381 x30:0x00000001 PA:0x80008379
        1155000	       114	8000123c	41e156b3	sra	x13,x2,x30	  x2:0x80008381 x30:0x00000001 x13=0xc00041c0
        1165000	       115	80001240	00914c03	lbu	x24,9(x2)	  x2:0x80008381 x24=0x00000000 PA:0x8000838a
        1175000	       116	80001244	00f10383	lb	x7,15(x2)	  x2:0x80008381  x7=0x00000000 PA:0x80008390
        1185000	       117	00000000	00000013	addi	x0,x0,0	  x0:0x00000000
        1195000	       118	80001248	0043e533	or	x10,x7,x4	  x7:0x00000000  x4:0x00000000 x10=0x00000000
        1205000	       119	8000124c	00610d03	lb	x26,6(x2)	  x2:0x80008381 x26=0x00000000 PA:0x80008387
        1215000	       120	80001250	01b10323	sb	x27,6(x2)	  x2:0x80008381 x27:0x00000000 PA:0x80008387
        1225000	       121	80001254	01c790b3	sll	x1,x15,x28	 x15:0x00000007 x28:0x00000000  x1=0x00000007
        1235000	       122	80001258	549bcf97	auipc	x31,0x549bc	 x31=0xd49bd254
        1245000	       123	8000125c	00014383	lbu	x7,0(x2)	  x2:0x80008381  x7=0x00000000 PA:0x80008381
        1255000	       124	80001260	00310d83	lb	x27,3(x2)	  x2:0x80008381 x27=0x00000000 PA:0x80008384
        1265000	       125	80001264	77693237	lui	x4,0x77693	  x4=0x77693000
        1275000	       126	80001268	010cbd33	sltu	x26,x25,x16	 x25:0x20b1033c x16:0x2bc2362c x26=0x00000001
        1285000	       127	8000126c	00a10203	lb	x4,10(x2)	  x2:0x80008381  x4=0x00000000 PA:0x8000838b
        1295000	       128	80001270	00d11d03	lh	x26,13(x2)	  x2:0x80008381 x26=0x00000000 PA:0x8000838e
        1305000	       129	80001274	00010323	sb	x0,6(x2)	  x2:0x80008381  x0:0x00000000 PA:0x80008387
        1315000	       130	80001278	00b12303	lw	x6,11(x2)	  x2:0x80008381  x6=0x00000000 PA:0x8000838c
        1325000	       131	8000127c	792ac893	xori	x17,x21,1938	 x21:0x1aeb8000 x17=0x1aeb8792
        1335000	       132	80001280	ffa10e03	lb	x28,-6(x2)	  x2:0x80008381 x28=0x00000000 PA:0x8000837b
        1345000	       133	80001284	01014483	lbu	x9,16(x2)	  x2:0x80008381  x9=0x00000000 PA:0x80008391
        1355000	       134	80001288	40ec8b33	sub	x22,x25,x14	 x25:0x20b1033c x14:0x9248ae70 x22=0x8e6854cc
        1365000	       135	8000128c	b8198b17	auipc	x22,0xb8198	 x22=0x38199288
        1375000	       136	80001290	00b14d03	lbu	x26,11(x2)	  x2:0x80008381 x26=0x00000000 PA:0x8000838c
        1385000	       137	80001294	01b10123	sb	x27,2(x2)	  x2:0x80008381 x27:0x00000000 PA:0x80008383
        1395000	       138	80001298	00f14783	lbu	x15,15(x2)	  x2:0x80008381 x15=0x00000000 PA:0x80008390
        1405000	       139	8000129c	01b766b3	or	x13,x14,x27	 x14:0x9248ae70 x27:0x00000000 x13=0x9248ae70
        1415000	       140	800012a0	00010a83	lb	x21,0(x2)	  x2:0x80008381 x21=0x00000000 PA:0x80008381
        1425000	       141	800012a4	fff14683	lbu	x13,-1(x2)	  x2:0x80008381 x13=0x00000000 PA:0x80008380
        1435000	       142	800012a8	018be8b3	or	x17,x23,x24	 x23:0x00000000 x24:0x00000000 x17=0x00000000
        1445000	       143	800012ac	00f125a3	sw	x15,11(x2)	  x2:0x80008381 x15:0x00000000 PA:0x8000838c
        1455000	       144	800012b0	00c125a3	sw	x12,11(x2)	  x2:0x80008381 x12:0x58684ed6 PA:0x8000838c
        1465000	       145	800012b4	47a11e17	auipc	x28,0x47a11	 x28=0xc7a122b0
        1475000	       146	800012b8	01710223	sb	x23,4(x2)	  x2:0x80008381 x23:0x00000000 PA:0x80008385
        1485000	       147	800012bc	2fa04c13	xori	x24,x0,762	  x0:0x00000000 x24=0x000002fa
        1495000	       148	800012c0	00000013	addi	x0,x0,0	  x0:0x00000000
        1505000	       149	800012c4	00265693	srli	x13,x12,0x2	 x12:0x58684ed6 x13=0x161a13b5
        1515000	       150	800012c8	412c5cb3	sra	x25,x24,x18	 x24:0x000002fa x18:0x80000000 x25=0x000002fa
        1525000	       151	800012cc	40665db3	sra	x27,x12,x6	 x12:0x58684ed6  x6:0x00000000 x27=0x58684ed6
        1535000	       152	800012d0	01610023	sb	x22,0(x2)	  x2:0x80008381 x22:0x38199288 PA:0x80008381
        1545000	       153	800012d4	012105a3	sb	x18,11(x2)	  x2:0x80008381 x18:0x80000000 PA:0x8000838c
        1555000	       154	800012d8	00008f17	auipc	x30,0x8	 x30=0x800092d4
        1565000	       155	800012dc	bc6f0f13	addi	x30,x30,-1082	 x30:0x800092d4 x30=0x80008e9a
        1575000	       156	800012e0	00007097	auipc	x1,0x7	  x1=0x800082dc
        1585000	       157	800012e4	74608093	addi	x1,x1,1862	  x1:0x800082dc  x1=0x80008a22
        1595000	       158	800012e8	00008897	auipc	x17,0x8	 x17=0x800092e4
        1605000	       159	800012ec	b4a88893	addi	x17,x17,-1206	 x17:0x800092e4 x17=0x80008e2e
        1615000	       160	800012f0	c9b88c23	sb	x27,-872(x17)	 x17:0x80008e2e x27:0x58684ed6 PA:0x80008ac6
        1625000	       161	800012f4	00008597	auipc	x11,0x8	 x11=0x800092f0
        1635000	       162	800012f8	83858593	addi	x11,x11,-1992	 x11:0x800092f0 x11=0x80008b28
        1645000	       163	800012fc	0ca580a3	sb	x10,193(x11)	 x11:0x80008b28 x10:0x00000000 PA:0x80008be9
        1655000	       164	80001300	08b08d83	lb	x27,139(x1)	  x1:0x80008a22 x27=0x00000000 PA:0x80008aad
        1665000	       165	80001304	bac88ca3	sb	x12,-1095(x17)	 x17:0x80008e2e x12:0x58684ed6 PA:0x800089e7
        1675000	       166	80001308	f4e0d383	lhu	x7,-178(x1)	  x1:0x80008a22  x7=0x00000000 PA:0x80008970
        1685000	       167	8000130c	0c15c703	lbu	x14,193(x11)	 x11:0x80008b28 x14=0x00000000 PA:0x80008be9
        1695000	       168	80001310	06ff0503	lb	x10,111(x30)	 x30:0x80008e9a x10=0x00000000 PA:0x80008f09
        1705000	       169	80001314	e6588ba3	sb	x5,-393(x17)	 x17:0x80008e2e  x5:0x8000013a PA:0x80008ca5
        1715000	       170	80001318	0a858aa3	sb	x8,181(x11)	 x11:0x80008b28  x8:0x78d94dea PA:0x80008bdd
        1725000	       171	8000131c	e73881a3	sb	x19,-413(x17)	 x17:0x80008e2e x19:0x80009fc4 PA:0x80008c91
        1735000	       172	80001320	0d108383	lb	x7,209(x1)	  x1:0x80008a22  x7=0x00000000 PA:0x80008af3
        1745000	       173	80001324	faf59823	sh	x15,-80(x11)	 x11:0x80008b28 x15:0x00000000 PA:0x80008ad8
        1755000	       174	80001328	f7f08f23	sb	x31,-130(x1)	  x1:0x80008a22 x31:0xd49bd254 PA:0x800089a0
        1765000	       175	8000132c	0210c203	lbu	x4,33(x1)	  x1:0x80008a22  x4=0x00000000 PA:0x80008a43
        1775000	       176	80001330	f72f0ea3	sb	x18,-131(x30)	 x30:0x80008e9a x18:0x80000000 PA:0x80008e17
        1785000	       177	80001334	055f4a83	lbu	x21,85(x30)	 x30:0x80008e9a x21=0x00000000 PA:0x80008eef
        1795000	       178	80001338	07c59323	sh	x28,102(x11)	 x11:0x80008b28 x28:0xc7a122b0 PA:0x80008b8e
        1805000	       179	8000133c	09908003	lb	x0,153(x1)	  x1:0x80008a22 PA:0x80008abb
        1815000	       180	80001340	0e75c383	lbu	x7,231(x11)	 x11:0x80008b28  x7=0x00000000 PA:0x80008c0f
        1825000	       181	80001344	f0009283	lh	x5,-256(x1)	  x1:0x80008a22  x5=0x00000000 PA:0x80008922
        1835000	       182	80001348	060f0723	sb	x0,110(x30)	 x30:0x80008e9a  x0:0x00000000 PA:0x80008f08
        1845000	       183	8000134c	fb6586a3	sb	x22,-83(x11)	 x11:0x80008b28 x22:0x38199288 PA:0x80008ad5
        1855000	       184	80001350	02a082a3	sb	x10,37(x1)	  x1:0x80008a22 x10:0x00000000 PA:0x80008a47
        1865000	       185	80001354	03958123	sb	x25,34(x11)	 x11:0x80008b28 x25:0x000002fa PA:0x80008b4a
        1875000	       186	80001358	11c880a3	sb	x28,257(x17)	 x17:0x80008e2e x28:0xc7a122b0 PA:0x80008f2f
        1885000	       187	8000135c	fa3f4183	lbu	x3,-93(x30)	 x30:0x80008e9a  x3=0x00000000 PA:0x80008e3d
        1895000	       188	80001360	0480d803	lhu	x16,72(x1)	  x1:0x80008a22 x16=0x00000000 PA:0x80008a6a
        1905000	       189	80001364	f9c59a83	lh	x21,-100(x11)	 x11:0x80008b28 x21=0x00000000 PA:0x80008ac4
        1915000	       190	80001368	00007e17	auipc	x28,0x7	 x28=0x80008364
        1925000	       191	8000136c	f44e0e13	addi	x28,x28,-188	 x28:0x80008364 x28=0x800082a8
        1935000	       192	80001370	0dd348b7	lui	x17,0xdd34	 x17=0x0dd34000
        1945000	       193	80001374	7a4e3c93	sltiu	x25,x28,1956	 x28:0x800082a8 x25=0x00000000
        1955000	       194	80001378	fd6e1b23	sh	x22,-42(x28)	 x28:0x800082a8 x22:0x38199288 PA:0x8000827e
        1965000	       195	8000137c	fd6e0b23	sb	x22,-42(x28)	 x28:0x800082a8 x22:0x38199288 PA:0x8000827e
        1975000	       196	80001380	fd6e4483	lbu	x9,-42(x28)	 x28:0x800082a8  x9=0x00000088 PA:0x8000827e
        1985000	       197	80001384	fd6e5583	lhu	x11,-42(x28)	 x28:0x800082a8 x11=0x00009288 PA:0x8000827e
        1995000	       198	80001388	fd6e5303	lhu	x6,-42(x28)	 x28:0x800082a8  x6=0x00009288 PA:0x8000827e
        2005000	       199	8000138c	fd6e4183	lbu	x3,-42(x28)	 x28:0x800082a8  x3=0x00000088 PA:0x8000827e
        2015000	       200	80001390	fd6e1703	lh	x14,-42(x28)	 x28:0x800082a8 x14=0xffff9288 PA:0x8000827e
        2025000	       201	80001394	00c83833	sltu	x16,x16,x12	 x16:0x00000000 x12:0x58684ed6 x16=0x00000001
        2035000	       202	80001398	fd0e1b23	sh	x16,-42(x28)	 x28:0x800082a8 x16:0x00000001 PA:0x8000827e
        2045000	       203	8000139c	fd6e4203	lbu	x4,-42(x28)	 x28:0x800082a8  x4=0x00000001 PA:0x8000827e
        2055000	       204	800013a0	da01e213	ori	x4,x3,-608	  x3:0x00000088  x4=0xfffffda8
        2065000	       205	800013a4	fd6e5a83	lhu	x21,-42(x28)	 x28:0x800082a8 x21=0x00000001 PA:0x8000827e
        2075000	       206	800013a8	fd6e0803	lb	x16,-42(x28)	 x28:0x800082a8 x16=0x00000001 PA:0x8000827e
        2085000	       207	800013ac	fc4e1283	lh	x5,-60(x28)	 x28:0x800082a8  x5=0x00000000 PA:0x8000826c
        2095000	       208	800013b0	fc4e1d03	lh	x26,-60(x28)	 x28:0x800082a8 x26=0x00000000 PA:0x8000826c
        2105000	       209	800013b4	fc4e0483	lb	x9,-60(x28)	 x28:0x800082a8  x9=0x00000000 PA:0x8000826c
        2115000	       210	800013b8	00fe0303	lb	x6,15(x28)	 x28:0x800082a8  x6=0x00000000 PA:0x800082b7
        2125000	       211	800013bc	00007917	auipc	x18,0x7	 x18=0x800083b8
        2135000	       212	800013c0	53590913	addi	x18,x18,1333	 x18:0x800083b8 x18=0x800088ed
        2145000	       213	800013c4	0ac90723	sb	x12,174(x18)	 x18:0x800088ed x12:0x58684ed6 PA:0x8000899b
        2155000	       214	800013c8	00007117	auipc	x2,0x7	  x2=0x800083c4
        2165000	       215	800013cc	55f10113	addi	x2,x2,1375	  x2:0x800083c4  x2=0x80008923
        2175000	       216	800013d0	00008c97	auipc	x25,0x8	 x25=0x800093cc
        2185000	       217	800013d4	b6bc8c93	addi	x25,x25,-1173	 x25:0x800093cc x25=0x80008f37
        2195000	       218	800013d8	06d94683	lbu	x13,109(x18)	 x18:0x800088ed x13=0x00000000 PA:0x8000895a
        2205000	       219	800013dc	f92cc203	lbu	x4,-110(x25)	 x25:0x80008f37  x4=0x00000000 PA:0x80008ec9
        2215000	       220	800013e0	fde11fa3	sh	x30,-33(x2)	  x2:0x80008923 x30:0x80008e9a PA:0x80008902
        2225000	       221	800013e4	01714a83	lbu	x21,23(x2)	  x2:0x80008923 x21=0x00000000 PA:0x8000893a
        2235000	       222	800013e8	00392003	lw	x0,3(x18)	 x18:0x800088ed PA:0x800088f0
        2245000	       223	800013ec	f6dc9083	lh	x1,-147(x25)	 x25:0x80008f37  x1=0x00000000 PA:0x80008ea4
        2255000	       224	800013f0	01c10583	lb	x11,28(x2)	  x2:0x80008923 x11=0x00000000 PA:0x8000893f
        2265000	       225	800013f4	ffb14b03	lbu	x22,-5(x2)	  x2:0x80008923 x22=0x00000000 PA:0x8000891e
        2275000	       226	800013f8	f7ecca83	lbu	x21,-130(x25)	 x25:0x80008f37 x21=0x00000000 PA:0x80008eb5
        2285000	       227	800013fc	00410003	lb	x0,4(x2)	  x2:0x80008923 PA:0x80008927
        2295000	       228	80001400	f54ccb83	lbu	x23,-172(x25)	 x25:0x80008f37 x23=0x00000000 PA:0x80008e8b
        2305000	       229	80001404	f3c90503	lb	x10,-196(x18)	 x18:0x800088ed x10=0x00000000 PA:0x80008829
        2315000	       230	80001408	fbccc603	lbu	x12,-68(x25)	 x25:0x80008f37 x12=0x00000000 PA:0x80008ef3
        2325000	       231	8000140c	fe8118a3	sh	x8,-15(x2)	  x2:0x80008923  x8:0x78d94dea PA:0x80008914
        2335000	       232	80001410	00fcda83	lhu	x21,15(x25)	 x25:0x80008f37 x21=0x00000000 PA:0x80008f46
        2345000	       233	80001414	fdc90583	lb	x11,-36(x18)	 x18:0x800088ed x11=0x00000000 PA:0x800088c9
        2355000	       234	80001418	00c14a03	lbu	x20,12(x2)	  x2:0x80008923 x20=0x00000000 PA:0x8000892f
        2365000	       235	00000000	00000013	addi	x0,x0,0	  x0:0x00000000
        2375000	       236	8000141c	054c8a03	lb	x20,84(x25)	 x25:0x80008f37 x20=0x00000000 PA:0x80008f8b
        2385000	       237	80001420	f6894083	lbu	x1,-152(x18)	 x18:0x800088ed  x1=0x00000000 PA:0x80008855
        2395000	       238	80001424	f3a94583	lbu	x11,-198(x18)	 x18:0x800088ed x11=0x00000000 PA:0x80008827
        2405000	       239	80001428	fe590f83	lb	x31,-27(x18)	 x18:0x800088ed x31=0x00000000 PA:0x800088d2
        2415000	       240	8000142c	f93c8383	lb	x7,-109(x25)	 x25:0x80008f37  x7=0x00000000 PA:0x80008eca
        2425000	       241	80001430	00007117	auipc	x2,0x7	  x2=0x8000842c
        2435000	       242	80001434	eec10113	addi	x2,x2,-276	  x2:0x8000842c  x2=0x80008318
        2445000	       243	80001438	fe534b37	lui	x22,0xfe534	 x22=0xfe534000
        2455000	       244	8000143c	001b06b3	add	x13,x22,x1	 x22:0xfe534000  x1:0x00000000 x13=0xfe534000
        2465000	       245	80001440	00f5e533	or	x10,x11,x15	 x11:0x00000000 x15:0x00000000 x10=0x00000000
        2475000	       246	80001444	016451b3	srl	x3,x8,x22	  x8:0x78d94dea x22:0xfe534000  x3=0x78d94dea
        2485000	       247	80001448	ffa100a3	sb	x26,-31(x2)	  x2:0x80008318 x26:0x00000000 PA:0x800082f9
        2495000	       248	8000144c	2c9f44b7	lui	x9,0x2c9f4	  x9=0x2c9f4000
        2505000	       249	80001450	2dd14303	lbu	x6,733(x2)	  x2:0x80008318  x6=0x00000000 PA:0x800085f5
        2515000	       250	80001454	11d88b13	addi	x22,x17,285	 x17:0x0dd34000 x22=0x0dd3411d
        2525000	       251	80001458	bccd4d93	xori	x27,x26,-1076	 x26:0x00000000 x27=0xfffffbcc
        2535000	       252	8000145c	b6ade193	ori	x3,x27,-1174	 x27:0xfffffbcc  x3=0xfffffbee
        2545000	       253	80001460	19c14183	lbu	x3,412(x2)	  x2:0x80008318  x3=0x00000000 PA:0x800084b4
        2555000	       254	00000000	00000013	addi	x0,x0,0	  x0:0x00000000
        2565000	       255	80001464	163104a3	sb	x3,361(x2)	  x2:0x80008318  x3:0x00000000 PA:0x80008481
        2575000	       256	80001468	01bff633	and	x12,x31,x27	 x31:0x00000000 x27:0xfffffbcc x12=0x00000000
        2585000	       257	8000146c	005dce33	xor	x28,x27,x5	 x27:0xfffffbcc  x5:0x00000000 x28=0xfffffbcc
        2595000	       258	80001470	3a710da3	sb	x7,955(x2)	  x2:0x80008318  x7:0x00000000 PA:0x800086d3
        2605000	       259	80001474	0197e7b3	or	x15,x15,x25	 x15:0x00000000 x25:0x80008f37 x15=0x80008f37
        2615000	       260	80001478	4437a813	slti	x16,x15,1091	 x15:0x80008f37 x16=0x00000001
        2625000	       261	8000147c	00e71c33	sll	x24,x14,x14	 x14:0xffff9288 x14:0xffff9288 x24=0xff928800
        2635000	       262	80001480	edd10ba3	sb	x29,-297(x2)	  x2:0x80008318 x29:0x80009f6c PA:0x800081ef
        2645000	       263	80001484	b9cebf93	sltiu	x31,x29,-1124	 x29:0x80009f6c x31=0x00000001
        2655000	       264	80001488	01991d93	slli	x27,x18,0x19	 x18:0x800088ed x27=0xda000000
        2665000	       265	8000148c	40005693	srai	x13,x0,0x0	  x0:0x00000000 x13=0x00000000
        2675000	       266	80001490	0c408f93	addi	x31,x1,196	  x1:0x00000000 x31=0x000000c4
        2685000	       267	80001494	404b5193	srai	x3,x22,0x4	 x22:0x0dd3411d  x3=0x00dd3411
        2695000	       268	80001498	e0c14703	lbu	x14,-500(x2)	  x2:0x80008318 x14=0x00000000 PA:0x80008124
        2705000	       269	8000149c	40885093	srai	x1,x16,0x8	 x16:0x00000001  x1=0x00000000
        2715000	       270	800014a0	00029213	slli	x4,x5,0x0	  x5:0x00000000  x4=0x00000000
        2725000	       271	800014a4	0021f233	and	x4,x3,x2	  x3:0x00dd3411  x2:0x80008318  x4=0x00000010
        2735000	       272	800014a8	5dcffd37	lui	x26,0x5dcff	 x26=0x5dcff000
        2745000	       273	800014ac	da210a03	lb	x20,-606(x2)	  x2:0x80008318 x20=0x00000000 PA:0x800080ba
        2755000	       274	800014b0	32310603	lb	x12,803(x2)	  x2:0x80008318 x12=0x00000000 PA:0x8000863b
        2765000	       275	800014b4	18486793	ori	x15,x16,388	 x16:0x00000001 x15=0x00000185
        2775000	       276	800014b8	2536a093	slti	x1,x13,595	 x13:0x00000000  x1=0x00000001
        2785000	       277	800014bc	1a314003	lbu	x0,419(x2)	  x2:0x80008318 PA:0x800084bb
        2795000	       278	800014c0	00007d97	auipc	x27,0x7	 x27=0x800084bc
        2805000	       279	800014c4	bd6d8d93	addi	x27,x27,-1066	 x27:0x800084bc x27=0x80008092
        2815000	       280	800014c8	00007597	auipc	x11,0x7	 x11=0x800084c4
        2825000	       281	800014cc	09158593	addi	x11,x11,145	 x11:0x800084c4 x11=0x80008555
        2835000	       282	800014d0	ffe58903	lb	x18,-2(x11)	 x11:0x80008555 x18=0x00000000 PA:0x80008553
        2845000	       283	800014d4	00cd9a83	lh	x21,12(x27)	 x27:0x80008092 x21=0x00000000 PA:0x8000809e
        2855000	       284	00000000	00000013	addi	x0,x0,0	  x0:0x00000000
        2865000	       285	800014d8	ff558e23	sb	x21,-4(x11)	 x11:0x80008555 x21:0x00000000 PA:0x80008551
        2875000	       286	800014dc	00007197	auipc	x3,0x7	  x3=0x800084d8
        2885000	       287	800014e0	dc818193	addi	x3,x3,-568	  x3:0x800084d8  x3=0x800082a0
        2895000	       288	800014e4	0281ce03	lbu	x28,40(x3)	  x3:0x800082a0 x28=0x00000000 PA:0x800082c8
        2905000	       289	800014e8	feb58ca3	sb	x11,-7(x11)	 x11:0x80008555 x11:0x80008555 PA:0x8000854e
        2915000	       290	800014ec	ff858603	lb	x12,-8(x11)	 x11:0x80008555 x12=0x00000000 PA:0x8000854d
        2925000	       291	800014f0	0291cf03	lbu	x30,41(x3)	  x3:0x800082a0 x30=0x00000000 PA:0x800082c9
        2935000	       292	800014f4	fdcd8a23	sb	x28,-44(x27)	 x27:0x80008092 x28:0x00000000 PA:0x80008066
        2945000	       293	800014f8	03d1cc03	lbu	x24,61(x3)	  x3:0x800082a0 x24=0x00000000 PA:0x800082dd
        2955000	       294	800014fc	0ded84a3	sb	x30,201(x27)	 x27:0x80008092 x30:0x00000000 PA:0x8000815b
        2965000	       295	80001500	fe51c703	lbu	x14,-27(x3)	  x3:0x800082a0 x14=0x00000000 PA:0x80008285
        2975000	       296	80001504	0fdd9523	sh	x29,234(x27)	 x27:0x80008092 x29:0x80009f6c PA:0x8000817c
        2985000	       297	80001508	fdc19b03	lh	x22,-36(x3)	  x3:0x800082a0 x22=0x00000000 PA:0x8000827c
        2995000	       298	8000150c	00f5df03	lhu	x30,15(x11)	 x11:0x80008555 x30=0x00000000 PA:0x80008564
        3005000	       299	80001510	fe858823	sb	x8,-16(x11)	 x11:0x80008555  x8:0x78d94dea PA:0x80008545
        3015000	       300	80001514	035dce03	lbu	x28,53(x27)	 x27:0x80008092 x28=0x00000000 PA:0x800080c7
        3025000	       301	80001518	00959603	lh	x12,9(x11)	 x11:0x80008555 x12=0x00000000 PA:0x8000855e
        3035000	       302	8000151c	ff65c003	lbu	x0,-10(x11)	 x11:0x80008555 PA:0x8000854b
        3045000	       303	80001520	01719a23	sh	x23,20(x3)	  x3:0x800082a0 x23:0x00000000 PA:0x800082b4
        3055000	       304	80001524	02cd88a3	sb	x12,49(x27)	 x27:0x80008092 x12:0x00000000 PA:0x800080c3
        3065000	       305	80001528	00cd8003	lb	x0,12(x27)	 x27:0x80008092 PA:0x8000809e
        3075000	       306	8000152c	00007a17	auipc	x20,0x7	 x20=0x80008528
        3085000	       307	80001530	e7ba0a13	addi	x20,x20,-389	 x20:0x80008528 x20=0x800083a3
        3095000	       308	80001534	030a0e23	sb	x16,60(x20)	 x20:0x800083a3 x16:0x00000001 PA:0x800083df
        3105000	       309	80001538	ff3a5283	lhu	x5,-13(x20)	 x20:0x800083a3  x5=0x00000000 PA:0x80008396
        3115000	       310	8000153c	ff3a5303	lhu	x6,-13(x20)	 x20:0x800083a3  x6=0x00000000 PA:0x80008396
        3125000	       311	80001540	ff3a5d83	lhu	x27,-13(x20)	 x20:0x800083a3 x27=0x00000000 PA:0x80008396
        3135000	       312	80001544	ff3a09a3	sb	x19,-13(x20)	 x20:0x800083a3 x19:0x80009fc4 PA:0x80008396
        3145000	       313	80001548	ff3a09a3	sb	x19,-13(x20)	 x20:0x800083a3 x19:0x80009fc4 PA:0x80008396
        3155000	       314	8000154c	986dfc13	andi	x24,x27,-1658	 x27:0x00000000 x24=0x00000000
        3165000	       315	80001550	fe4a09a3	sb	x4,-13(x20)	 x20:0x800083a3  x4:0x00000010 PA:0x80008396
        3175000	       316	80001554	ff3a1783	lh	x15,-13(x20)	 x20:0x800083a3 x15=0x00000010 PA:0x80008396
        3185000	       317	80001558	ff7a09a3	sb	x23,-13(x20)	 x20:0x800083a3 x23:0x00000000 PA:0x80008396
        3195000	       318	8000155c	ff0a09a3	sb	x16,-13(x20)	 x20:0x800083a3 x16:0x00000001 PA:0x80008396
        3205000	       319	80001560	ff3a0283	lb	x5,-13(x20)	 x20:0x800083a3  x5=0x00000001 PA:0x80008396
        3215000	       320	80001564	ff3a4383	lbu	x7,-13(x20)	 x20:0x800083a3  x7=0x00000001 PA:0x80008396
        3225000	       321	80001568	035a5703	lhu	x14,53(x20)	 x20:0x800083a3 x14=0x00000000 PA:0x800083d8
        3235000	       322	8000156c	036a2aa3	sw	x22,53(x20)	 x20:0x800083a3 x22:0x00000000 PA:0x800083d8
        3245000	       323	80001570	035a0303	lb	x6,53(x20)	 x20:0x800083a3  x6=0x00000000 PA:0x800083d8
        3255000	       324	80001574	019a4703	lbu	x14,25(x20)	 x20:0x800083a3 x14=0x00000000 PA:0x800083bc
        3265000	       325	80001578	019a1203	lh	x4,25(x20)	 x20:0x800083a3  x4=0x00000000 PA:0x800083bc
        3275000	       326	8000157c	feaa4683	lbu	x13,-22(x20)	 x20:0x800083a3 x13=0x0000004e PA:0x8000838d
        3285000	       327	80001580	00008217	auipc	x4,0x8	  x4=0x8000957c
        3295000	       328	80001584	a6420213	addi	x4,x4,-1436	  x4:0x8000957c  x4=0x80008fe0
        3305000	       329	80001588	00a65493	srli	x9,x12,0xa	 x12:0x00000000  x9=0x00000000
        3315000	       330	8000158c	e2620ba3	sb	x6,-457(x4)	  x4:0x80008fe0  x6:0x00000000 PA:0x80008e17
        3325000	       331	80001590	e3724783	lbu	x15,-457(x4)	  x4:0x80008fe0 x15=0x00000000 PA:0x80008e17
        3335000	       332	80001594	50a0c617	auipc	x12,0x50a0c	 x12=0xd0a0d590
        3345000	       333	80001598	c2c22623	sw	x12,-980(x4)	  x4:0x80008fe0 x12:0xd0a0d590 PA:0x80008c0c
        3355000	       334	8000159c	c2622623	sw	x6,-980(x4)	  x4:0x80008fe0  x6:0x00000000 PA:0x80008c0c
        3365000	       335	800015a0	af320483	lb	x9,-1293(x4)	  x4:0x80008fe0  x9=0x00000000 PA:0x80008ad3
        3375000	       336	800015a4	00d19d33	sll	x26,x3,x13	  x3:0x800082a0 x13:0x0000004e x26=0x20a80000
        3385000	       337	800015a8	f1220a03	lb	x20,-238(x4)	  x4:0x80008fe0 x20=0x00000000 PA:0x80008ef2
        3395000	       338	800015ac	f1220003	lb	x0,-238(x4)	  x4:0x80008fe0 PA:0x80008ef2
        3405000	       339	800015b0	f0720923	sb	x7,-238(x4)	  x4:0x80008fe0  x7:0x00000001 PA:0x80008ef2
        3415000	       340	800015b4	f1421923	sh	x20,-238(x4)	  x4:0x80008fe0 x20:0x00000000 PA:0x80008ef2
        3425000	       341	800015b8	f1225783	lhu	x15,-238(x4)	  x4:0x80008fe0 x15=0x00000000 PA:0x80008ef2
        3435000	       342	800015bc	006dbd33	sltu	x26,x27,x6	 x27:0x00000000  x6:0x00000000 x26=0x00000000
        3445000	       343	800015c0	f1221c03	lh	x24,-238(x4)	  x4:0x80008fe0 x24=0x00000000 PA:0x80008ef2
        3455000	       344	800015c4	e2420883	lb	x17,-476(x4)	  x4:0x80008fe0 x17=0x00000000 PA:0x80008e04
        3465000	       345	800015c8	ac022583	lw	x11,-1344(x4)	  x4:0x80008fe0 x11=0x00000000 PA:0x80008aa0
        3475000	       346	800015cc	e81209a3	sb	x1,-365(x4)	  x4:0x80008fe0  x1:0x00000001 PA:0x80008e73
        3485000	       347	800015d0	e9320c83	lb	x25,-365(x4)	  x4:0x80008fe0 x25=0x00000001 PA:0x80008e73
        3495000	       348	800015d4	00c7a033	slt	x0,x15,x12	 x15:0x00000000 x12:0xd0a0d590
        3505000	       349	800015d8	ace20ba3	sb	x14,-1321(x4)	  x4:0x80008fe0 x14:0x00000000 PA:0x80008ab7
        3515000	       350	800015dc	b5420b83	lb	x23,-1196(x4)	  x4:0x80008fe0 x23=0x00000000 PA:0x80008b34
        3525000	       351	800015e0	b5425c83	lhu	x25,-1196(x4)	  x4:0x80008fe0 x25=0x00000000 PA:0x80008b34
        3535000	       352	800015e4	00007817	auipc	x16,0x7	 x16=0x800085e0
        3545000	       353	800015e8	db080813	addi	x16,x16,-592	 x16:0x800085e0 x16=0x80008390
        3555000	       354	800015ec	00d8f2b3	and	x5,x17,x13	 x17:0x00000000 x13:0x0000004e  x5=0x00000000
        3565000	       355	800015f0	286d3e13	sltiu	x28,x26,646	 x26:0x00000000 x28=0x00000001
        3575000	       356	800015f4	ffa81c83	lh	x25,-6(x16)	 x16:0x80008390 x25=0x00000000 PA:0x8000838a
        3585000	       357	800015f8	01a81723	sh	x26,14(x16)	 x16:0x80008390 x26:0x00000000 PA:0x8000839e
        3595000	       358	800015fc	015e5e33	srl	x28,x28,x21	 x28:0x00000001 x21:0x00000000 x28=0x00000001
        3605000	       359	80001600	5ccf2193	slti	x3,x30,1484	 x30:0x00000000  x3=0x00000001
        3615000	       360	80001604	ff780ca3	sb	x23,-7(x16)	 x16:0x80008390 x23:0x00000000 PA:0x80008389
        3625000	       361	80001608	014bd533	srl	x10,x23,x20	 x23:0x00000000 x20:0x00000000 x10=0x00000000
        3635000	       362	8000160c	00780883	lb	x17,7(x16)	 x16:0x80008390 x17=0x00000000 PA:0x80008397
        3645000	       363	80001610	fe180ea3	sb	x1,-3(x16)	 x16:0x80008390  x1:0x00000001 PA:0x8000838d
        3655000	       364	80001614	00771013	slli	x0,x14,0x7	 x14:0x00000000
        3665000	       365	80001618	fe180b23	sb	x1,-10(x16)	 x16:0x80008390  x1:0x00000001 PA:0x80008386
        3675000	       366	8000161c	01280523	sb	x18,10(x16)	 x16:0x80008390 x18:0x00000000 PA:0x8000839a
        3685000	       367	80001620	01eb8333	add	x6,x23,x30	 x23:0x00000000 x30:0x00000000  x6=0x00000000
        3695000	       368	80001624	ff285783	lhu	x15,-14(x16)	 x16:0x80008390 x15=0x00000000 PA:0x80008382
        3705000	       369	80001628	ffbf80b7	lui	x1,0xffbf8	  x1=0xffbf8000
        3715000	       370	8000162c	ffe85783	lhu	x15,-2(x16)	 x16:0x80008390 x15=0x00005868 PA:0x8000838e
        3725000	       371	80001630	ff380483	lb	x9,-13(x16)	 x16:0x80008390  x9=0x00000000 PA:0x80008383
        3735000	       372	00000000	00000013	addi	x0,x0,0	  x0:0x00000000
        3745000	       373	80001634	98982b13	slti	x22,x16,-1655	 x16:0x80008390 x22=0x00000001
        3755000	       374	80001638	01d74bb3	xor	x23,x14,x29	 x14:0x00000000 x29:0x80009f6c x23=0x80009f6c
        3765000	       375	8000163c	40ea8e33	sub	x28,x21,x14	 x21:0x00000000 x14:0x00000000 x28=0x00000000
        3775000	       376	80001640	90332d13	slti	x26,x6,-1789	  x6:0x00000000 x26=0x00000000
        3785000	       377	80001644	00ffa733	slt	x14,x31,x15	 x31:0x000000c4 x15:0x00005868 x14=0x00000001
        3795000	       378	80001648	01e1fab3	and	x21,x3,x30	  x3:0x00000001 x30:0x00000000 x21=0x00000000
        3805000	       379	8000164c	ffc80903	lb	x18,-4(x16)	 x16:0x80008390 x18=0x00000000 PA:0x8000838c
        3815000	       380	80001650	e0b7bd93	sltiu	x27,x15,-501	 x15:0x00005868 x27=0x00000001
        3825000	       381	80001654	01f800a3	sb	x31,1(x16)	 x16:0x80008390 x31:0x000000c4 PA:0x80008391
        3835000	       382	80001658	9ef2be13	sltiu	x28,x5,-1553	  x5:0x00000000 x28=0x00000001
        3845000	       383	8000165c	4e9cbd93	sltiu	x27,x25,1257	 x25:0x00000000 x27=0x00000001
        3855000	       384	80001660	007384b3	add	x9,x7,x7	  x7:0x00000001  x7:0x00000001  x9=0x00000002
        3865000	       385	80001664	00f84183	lbu	x3,15(x16)	 x16:0x80008390  x3=0x00000000 PA:0x8000839f
        3875000	       386	80001668	01b721b3	slt	x3,x14,x27	 x14:0x00000001 x27:0x00000001  x3=0x00000000
        3885000	       387	8000166c	fe380fa3	sb	x3,-1(x16)	 x16:0x80008390  x3:0x00000000 PA:0x8000838f
        3895000	       388	80001670	00481083	lh	x1,4(x16)	 x16:0x80008390  x1=0x00000000 PA:0x80008394
        3905000	       389	80001674	14647f13	andi	x30,x8,326	  x8:0x78d94dea x30=0x00000142
        3915000	       390	80001678	fea81d23	sh	x10,-6(x16)	 x16:0x80008390 x10:0x00000000 PA:0x8000838a
        3925000	       391	8000167c	abecbd13	sltiu	x26,x25,-1346	 x25:0x00000000 x26=0x00000001
        3935000	       392	80001680	ff481503	lh	x10,-12(x16)	 x16:0x80008390 x10=0x00000000 PA:0x80008384
        3945000	       393	80001684	01231913	slli	x18,x6,0x12	  x6:0x00000000 x18=0x00000000
        3955000	       394	80001688	fee808a3	sb	x14,-15(x16)	 x16:0x80008390 x14:0x00000001 PA:0x80008381
        3965000	       395	8000168c	0114d6b3	srl	x13,x9,x17	  x9:0x00000002 x17:0x00000000 x13=0x00000002
        3975000	       396	80001690	ffe81b23	sh	x30,-10(x16)	 x16:0x80008390 x30:0x00000142 PA:0x80008386
        3985000	       397	80001694	c21032b7	lui	x5,0xc2103	  x5=0xc2103000
        3995000	       398	80001698	00281623	sh	x2,12(x16)	 x16:0x80008390  x2:0x80008318 PA:0x8000839c
        4005000	       399	8000169c	8711a293	slti	x5,x3,-1935	  x3:0x00000000  x5=0x00000000
        4015000	       400	800016a0	400583b3	sub	x7,x11,x0	 x11:0x00000000  x0:0x00000000  x7=0x00000000
        4025000	       401	800016a4	00984c83	lbu	x25,9(x16)	 x16:0x80008390 x25=0x00000000 PA:0x80008399
        4035000	       402	800016a8	0ed3f113	andi	x2,x7,237	  x7:0x00000000  x2=0x00000000
        4045000	       403	800016ac	7108fa13	andi	x20,x17,1808	 x17:0x00000000 x20=0x00000000
        4055000	       404	800016b0	ff184603	lbu	x12,-15(x16)	 x16:0x80008390 x12=0x00000001 PA:0x80008381
        4065000	       405	800016b4	00280683	lb	x13,2(x16)	 x16:0x80008390 x13=0x00000000 PA:0x80008392
        4075000	       406	800016b8	00007597	auipc	x11,0x7	 x11=0x800086b4
        4085000	       407	800016bc	15f58593	addi	x11,x11,351	 x11:0x800086b4 x11=0x80008813
        4095000	       408	800016c0	007a5b93	srli	x23,x20,0x7	 x20:0x00000000 x23=0x00000000
        4105000	       409	800016c4	6b343793	sltiu	x15,x8,1715	  x8:0x78d94dea x15=0x00000000
        4115000	       410	800016c8	716fedb7	lui	x27,0x716fe	 x27=0x716fe000
        4125000	       411	800016cc	7db2c793	xori	x15,x5,2011	  x5:0x00000000 x15=0x000007db
        4135000	       412	800016d0	b617dab7	lui	x21,0xb617d	 x21=0xb617d000
        4145000	       413	800016d4	fda58423	sb	x26,-56(x11)	 x11:0x80008813 x26:0x00000001 PA:0x800087db
        4155000	       414	800016d8	41025bb3	sra	x23,x4,x16	  x4:0x80008fe0 x16:0x80008390 x23=0xffff8000
        4165000	       415	800016dc	c9053313	sltiu	x6,x10,-880	 x10:0x00000000  x6=0x00000001
        4175000	       416	800016e0	fc05ca03	lbu	x20,-64(x11)	 x11:0x80008813 x20=0x00000000 PA:0x800087d3
        4185000	       417	800016e4	fcd5ab83	lw	x23,-51(x11)	 x11:0x80008813 x23=0x00000000 PA:0x800087e0
        4195000	       418	800016e8	28814d13	xori	x26,x2,648	  x2:0x00000000 x26=0x00000288
        4205000	       419	800016ec	404d0233	sub	x4,x26,x4	 x26:0x00000288  x4:0x80008fe0  x4=0x7fff72a8
        4215000	       420	800016f0	fd658723	sb	x22,-50(x11)	 x11:0x80008813 x22:0x00000001 PA:0x800087e1
        4225000	       421	800016f4	fd558a23	sb	x21,-44(x11)	 x11:0x80008813 x21:0xb617d000 PA:0x800087e7
        4235000	       422	800016f8	010af833	and	x16,x21,x16	 x21:0xb617d000 x16:0x80008390 x16=0x80008000
        4245000	       423	800016fc	005ec6b3	xor	x13,x29,x5	 x29:0x80009f6c  x5:0x00000000 x13=0x80009f6c
        4255000	       424	80001700	008c68b3	or	x17,x24,x8	 x24:0x00000000  x8:0x78d94dea x17=0x78d94dea
        4265000	       425	80001704	ffa5c903	lbu	x18,-6(x11)	 x11:0x80008813 x18=0x00000000 PA:0x8000880d
        4275000	       426	80001708	fdf58aa3	sb	x31,-43(x11)	 x11:0x80008813 x31:0x000000c4 PA:0x800087e8
        4285000	       427	8000170c	edd6fd93	andi	x27,x13,-291	 x13:0x80009f6c x27=0x80009e4c
        4295000	       428	80001710	fe558323	sb	x5,-26(x11)	 x11:0x80008813  x5:0x00000000 PA:0x800087f9
        4305000	       429	80001714	c510fc93	andi	x25,x1,-943	  x1:0x00000000 x25=0x00000000
        4315000	       430	80001718	c71a76b7	lui	x13,0xc71a7	 x13=0xc71a7000
        4325000	       431	8000171c	00058283	lb	x5,0(x11)	 x11:0x80008813  x5=0x00000000 PA:0x80008813
        4335000	       432	00000000	00000013	addi	x0,x0,0	  x0:0x00000000
        4345000	       433	80001720	405ed1b3	sra	x3,x29,x5	 x29:0x80009f6c  x5:0x00000000  x3=0x80009f6c
        4355000	       434	80001724	ff05a0a3	sw	x16,-31(x11)	 x11:0x80008813 x16:0x80008000 PA:0x800087f4
        4365000	       435	80001728	ffa5cf03	lbu	x30,-6(x11)	 x11:0x80008813 x30=0x00000000 PA:0x8000880d
        4375000	       436	8000172c	fe15e097	auipc	x1,0xfe15e	  x1=0x7e15f728
        4385000	       437	80001730	fed58aa3	sb	x13,-11(x11)	 x11:0x80008813 x13:0xc71a7000 PA:0x80008808
        4395000	       438	80001734	b4b02513	slti	x10,x0,-1205	  x0:0x00000000 x10=0x00000000
        4405000	       439	80001738	fce58103	lb	x2,-50(x11)	 x11:0x80008813  x2=0x00000001 PA:0x800087e1
        4415000	       440	8000173c	012e8533	add	x10,x29,x18	 x29:0x80009f6c x18:0x00000000 x10=0x80009f6c
        4425000	       441	80001740	fec59ba3	sh	x12,-9(x11)	 x11:0x80008813 x12:0x00000001 PA:0x8000880a
        4435000	       442	80001744	b4553797	auipc	x15,0xb4553	 x15=0x34554740
        4445000	       443	80001748	fcf596a3	sh	x15,-51(x11)	 x11:0x80008813 x15:0x34554740 PA:0x800087e0
        4455000	       444	8000174c	0134d3b3	srl	x7,x9,x19	  x9:0x00000002 x19:0x80009fc4  x7=0x00000000
        4465000	       445	80001750	fff58723	sb	x31,-18(x11)	 x11:0x80008813 x31:0x000000c4 PA:0x80008801
        4475000	       446	80001754	00f97933	and	x18,x18,x15	 x18:0x00000000 x15:0x34554740 x18=0x00000000
        4485000	       447	80001758	fef58c83	lb	x25,-17(x11)	 x11:0x80008813 x25=0x00000000 PA:0x80008802
        4495000	       448	8000175c	982fb093	sltiu	x1,x31,-1662	 x31:0x000000c4  x1=0x00000001
        4505000	       449	80001760	fe558f23	sb	x5,-2(x11)	 x11:0x80008813  x5:0x00000000 PA:0x80008811
        4515000	       450	80001764	00007297	auipc	x5,0x7	  x5=0x80008760
        4525000	       451	80001768	1a728293	addi	x5,x5,423	  x5:0x80008760  x5=0x80008907
        4535000	       452	8000176c	00d2db83	lhu	x23,13(x5)	  x5:0x80008907 x23=0x00004dea PA:0x80008914
        4545000	       453	80001770	00d28703	lb	x14,13(x5)	  x5:0x80008907 x14=0xffffffea PA:0x80008914
        4555000	       454	80001774	0051d7b3	srl	x15,x3,x5	  x3:0x80009f6c  x5:0x80008907 x15=0x0100013e
        4565000	       455	80001778	00d2c583	lbu	x11,13(x5)	  x5:0x80008907 x11=0x000000ea PA:0x80008914
        4575000	       456	8000177c	00d29583	lh	x11,13(x5)	  x5:0x80008907 x11=0x00004dea PA:0x80008914
        4585000	       457	80001780	bdfe4793	xori	x15,x28,-1057	 x28:0x00000001 x15=0xfffffbde
        4595000	       458	80001784	00d28e03	lb	x28,13(x5)	  x5:0x80008907 x28=0xffffffea PA:0x80008914
        4605000	       459	80001788	00d2da83	lhu	x21,13(x5)	  x5:0x80008907 x21=0x00004dea PA:0x80008914
        4615000	       460	8000178c	00f296a3	sh	x15,13(x5)	  x5:0x80008907 x15:0xfffffbde PA:0x80008914
        4625000	       461	80001790	003286a3	sb	x3,13(x5)	  x5:0x80008907  x3:0x80009f6c PA:0x80008914
        4635000	       462	80001794	00d2d483	lhu	x9,13(x5)	  x5:0x80008907  x9=0x0000fb6c PA:0x80008914
        4645000	       463	80001798	00d2c783	lbu	x15,13(x5)	  x5:0x80008907 x15=0x0000006c PA:0x80008914
        4655000	       464	8000179c	00d2cc83	lbu	x25,13(x5)	  x5:0x80008907 x25=0x0000006c PA:0x80008914
        4665000	       465	800017a0	00d28583	lb	x11,13(x5)	  x5:0x80008907 x11=0x0000006c PA:0x80008914
        4675000	       466	800017a4	00d2a383	lw	x7,13(x5)	  x5:0x80008907  x7=0x0000fb6c PA:0x80008914
        4685000	       467	800017a8	00d29f83	lh	x31,13(x5)	  x5:0x80008907 x31=0xfffffb6c PA:0x80008914
        4695000	       468	800017ac	4045d913	srai	x18,x11,0x4	 x11:0x0000006c x18=0x00000006
        4705000	       469	800017b0	01485cb3	srl	x25,x16,x20	 x16:0x80008000 x20:0x00000000 x25=0x80008000
        4715000	       470	800017b4	9c76bf13	sltiu	x30,x13,-1593	 x13:0xc71a7000 x30=0x00000001
        4725000	       471	800017b8	0102a6a3	sw	x16,13(x5)	  x5:0x80008907 x16:0x80008000 PA:0x80008914
        4735000	       472	800017bc	00d28b83	lb	x23,13(x5)	  x5:0x80008907 x23=0x00000000 PA:0x80008914
        4745000	       473	800017c0	00d28603	lb	x12,13(x5)	  x5:0x80008907 x12=0x00000000 PA:0x80008914
        4755000	       474	800017c4	00d28783	lb	x15,13(x5)	  x5:0x80008907 x15=0x00000000 PA:0x80008914
        4765000	       475	800017c8	00d2ca83	lbu	x21,13(x5)	  x5:0x80008907 x21=0x00000000 PA:0x80008914
        4775000	       476	800017cc	012c9913	slli	x18,x25,0x12	 x25:0x80008000 x18=0x00000000
        4785000	       477	800017d0	f46def93	ori	x31,x27,-186	 x27:0x80009e4c x31=0xffffff4e
        4795000	       478	800017d4	cd310293	addi	x5,x2,-813	  x2:0x00000001  x5=0xfffffcd4
        4805000	       479	800017d8	013d6863	bltu	x26,x19,800017e8	 x26:0x00000288 x19:0x80009fc4
        4815000	       480	00000000	00000013	addi	x0,x0,0	  x0:0x00000000
        4825000	       481	800017e4	00000013	addi	x0,x0,0	  x0:0x00000000
        4835000	       482	800017e8	038edc63	bge	x29,x24,80001820	 x29:0x80009f6c x24:0x00000000
        4845000	       483	800017ec	02804263	blt	x0,x8,80001810	  x0:0x00000000  x8:0x78d94dea
        4855000	       484	00000000	00000013	addi	x0,x0,0	  x0:0x00000000
        4865000	       485	8000180c	00000013	addi	x0,x0,0	  x0:0x00000000
        4875000	       486	80001810	01bc7633	and	x12,x24,x27	 x24:0x00000000 x27:0x80009e4c x12=0x00000000
        4885000	       487	80001814	008be933	or	x18,x23,x8	 x23:0x00000000  x8:0x78d94dea x18=0x78d94dea
        4895000	       488	80001818	01d283b3	add	x7,x5,x29	  x5:0xfffffcd4 x29:0x80009f6c  x7=0x80009c40
        4905000	       489	8000181c	865d1937	lui	x18,0x865d1	 x18=0x865d1000
        4915000	       490	80001820	00f25b33	srl	x22,x4,x15	  x4:0x7fff72a8 x15:0x00000000 x22=0x7fff72a8
        4925000	       491	80001824	7fee6293	ori	x5,x28,2046	 x28:0xffffffea  x5=0xfffffffe
        4935000	       492	80001828	41b8db33	sra	x22,x17,x27	 x17:0x78d94dea x27:0x80009e4c x22=0x00078d94
        4945000	       493	8000182c	017e4c33	xor	x24,x28,x23	 x28:0xffffffea x23:0x00000000 x24=0xffffffea
        4955000	       494	80001830	effc4c93	xori	x25,x24,-257	 x24:0xffffffea x25=0x00000115
        4965000	       495	80001834	0462e863	bltu	x5,x6,80001884	  x5:0xfffffffe  x6:0x00000001
        4975000	       496	80001838	03a46e63	bltu	x8,x26,80001874	  x8:0x78d94dea x26:0x00000288
        4985000	       497	8000183c	003b6663	bltu	x22,x3,80001848	 x22:0x00078d94  x3:0x80009f6c
        4995000	       498	00000000	00000013	addi	x0,x0,0	  x0:0x00000000
        5005000	       499	80001844	00000013	addi	x0,x0,0	  x0:0x00000000
        5015000	       500	80001848	00000013	addi	x0,x0,0	  x0:0x00000000
        5025000	       501	8000184c	36346393	ori	x7,x8,867	  x8:0x78d94dea  x7=0x78d94feb
        5035000	       502	80001850	01749fb3	sll	x31,x9,x23	  x9:0x0000fb6c x23:0x00000000 x31=0x0000fb6c
        5045000	       503	80001854	01051b93	slli	x23,x10,0x10	 x10:0x80009f6c x23=0x9f6c0000
        5055000	       504	80001858	0003c833	xor	x16,x7,x0	  x7:0x78d94feb  x0:0x00000000 x16=0x78d94feb
        5065000	       505	8000185c	83b3c713	xori	x14,x7,-1989	  x7:0x78d94feb x14=0x8726b7d0
        5075000	       506	80001860	00000013	addi	x0,x0,0	  x0:0x00000000
        5085000	       507	80001864	01c7fdb3	and	x27,x15,x28	 x15:0x00000000 x28:0xffffffea x27=0x00000000
        5095000	       508	80001868	40560533	sub	x10,x12,x5	 x12:0x00000000  x5:0xfffffffe x10=0x00000002
        5105000	       509	8000186c	002a9913	slli	x18,x21,0x2	 x21:0x00000000 x18=0x00000000
        5115000	       510	80001870	01f92533	slt	x10,x18,x31	 x18:0x00000000 x31:0x0000fb6c x10=0x00000001
        5125000	       511	80001874	05808863	beq	x1,x24,800018c4	  x1:0x00000001 x24:0xffffffea
        5135000	       512	80001878	01b1ab33	slt	x22,x3,x27	  x3:0x80009f6c x27:0x00000000 x22=0x00000001
        5145000	       513	8000187c	004e9a33	sll	x20,x29,x4	 x29:0x80009f6c  x4:0x7fff72a8 x20=0x009f6c00
        5155000	       514	80001880	4070dd93	srai	x27,x1,0x7	  x1:0x00000001 x27=0x00000000
        5165000	       515	80001884	003fab33	slt	x22,x31,x3	 x31:0x0000fb6c  x3:0x80009f6c x22=0x00000000
        5175000	       516	80001888	32dd4193	xori	x3,x26,813	 x26:0x00000288  x3=0x000001a5
        5185000	       517	8000188c	01e78863	beq	x15,x30,8000189c	 x15:0x00000000 x30:0x00000001
        5195000	       518	80001890	03cb7863	bgeu	x22,x28,800018c0	 x22:0x00000000 x28:0xffffffea
        5205000	       519	80001894	cd5f3837	lui	x16,0xcd5f3	 x16=0xcd5f3000
        5215000	       520	80001898	041cae13	slti	x28,x25,65	 x25:0x00000115 x28=0x00000000
        5225000	       521	8000189c	02329a63	bne	x5,x3,800018d0	  x5:0xfffffffe  x3:0x000001a5
        5235000	       522	00000000	00000013	addi	x0,x0,0	  x0:0x00000000
        5245000	       523	800018cc	00000013	addi	x0,x0,0	  x0:0x00000000
        5255000	       524	800018d0	41d20e33	sub	x28,x4,x29	  x4:0x7fff72a8 x29:0x80009f6c x28=0xfffed33c
        5265000	       525	800018d4	01ed3b33	sltu	x22,x26,x30	 x26:0x00000288 x30:0x00000001 x22=0x00000000
        5275000	       526	800018d8	015a1593	slli	x11,x20,0x15	 x20:0x009f6c00 x11=0x80000000
        5285000	       527	800018dc	02f1e863	bltu	x3,x15,8000190c	  x3:0x000001a5 x15:0x00000000
        5295000	       528	800018e0	40e4d833	sra	x16,x9,x14	  x9:0x0000fb6c x14:0x8726b7d0 x16=0x00000000
        5305000	       529	800018e4	008afe63	bgeu	x21,x8,80001900	 x21:0x00000000  x8:0x78d94dea
        5315000	       530	800018e8	01e1f833	and	x16,x3,x30	  x3:0x000001a5 x30:0x00000001 x16=0x00000001
        5325000	       531	800018ec	00000013	addi	x0,x0,0	  x0:0x00000000
        5335000	       532	800018f0	417eddb3	sra	x27,x29,x23	 x29:0x80009f6c x23:0x9f6c0000 x27=0x80009f6c
        5345000	       533	800018f4	5ed57b13	andi	x22,x10,1517	 x10:0x00000001 x22=0x00000001
        5355000	       534	800018f8	404d5d93	srai	x27,x26,0x4	 x26:0x00000288 x27=0x00000028
        5365000	       535	800018fc	4157d5b3	sra	x11,x15,x21	 x15:0x00000000 x21:0x00000000 x11=0x00000000
        5375000	       536	80001900	41275f13	srai	x30,x14,0x12	 x14:0x8726b7d0 x30=0xffffe1c9
        5385000	       537	80001904	01131f93	slli	x31,x6,0x11	  x6:0x00000001 x31=0x00020000
        5395000	       538	80001908	0114c863	blt	x9,x17,80001918	  x9:0x0000fb6c x17:0x78d94dea
        5405000	       539	00000000	00000013	addi	x0,x0,0	  x0:0x00000000
        5415000	       540	80001914	00000013	addi	x0,x0,0	  x0:0x00000000
        5425000	       541	80001918	00000013	addi	x0,x0,0	  x0:0x00000000
        5435000	       542	8000191c	01e54b33	xor	x22,x10,x30	 x10:0x00000001 x30:0xffffe1c9 x22=0xffffe1c8
        5445000	       543	80001920	c2604f13	xori	x30,x0,-986	  x0:0x00000000 x30=0xfffffc26
        5455000	       544	80001924	011408b3	add	x17,x8,x17	  x8:0x78d94dea x17:0x78d94dea x17=0xf1b29bd4
        5465000	       545	80001928	7e150b13	addi	x22,x10,2017	 x10:0x00000001 x22=0x000007e2
        5475000	       546	8000192c	76658f17	auipc	x30,0x76658	 x30=0xf6659928
        5485000	       547	80001930	2b5e6f13	ori	x30,x28,693	 x28:0xfffed33c x30=0xfffed3bd
        5495000	       548	80001934	01337733	and	x14,x6,x19	  x6:0x00000001 x19:0x80009fc4 x14=0x00000000
        5505000	       549	80001938	01060333	add	x6,x12,x16	 x12:0x00000000 x16:0x00000001  x6=0x00000001
        5515000	       550	8000193c	01640533	add	x10,x8,x22	  x8:0x78d94dea x22:0x000007e2 x10=0x78d955cc
        5525000	       551	80001940	13a9a213	slti	x4,x19,314	 x19:0x80009fc4  x4=0x00000001
        5535000	       552	80001944	00f30e63	beq	x6,x15,80001960	  x6:0x00000001 x15:0x00000000
        5545000	       553	80001948	02b0dc63	bge	x1,x11,80001980	  x1:0x00000001 x11:0x00000000
        5555000	       554	00000000	00000013	addi	x0,x0,0	  x0:0x00000000
        5565000	       555	8000197c	00000013	addi	x0,x0,0	  x0:0x00000000
        5575000	       556	80001980	0165fa63	bgeu	x11,x22,80001994	 x11:0x00000000 x22:0x000007e2
        5585000	       557	80001984	012337b3	sltu	x15,x6,x18	  x6:0x00000001 x18:0x00000000 x15=0x00000000
        5595000	       558	80001988	01ae78b3	and	x17,x28,x26	 x28:0xfffed33c x26:0x00000288 x17=0x00000208
        5605000	       559	8000198c	010a0263	beq	x20,x16,80001990	 x20:0x009f6c00 x16:0x00000001
        5615000	       560	80001990	02021e63	bne	x4,x0,800019cc	  x4:0x00000001  x0:0x00000000
        5625000	       561	00000000	00000013	addi	x0,x0,0	  x0:0x00000000
        5635000	       562	800019c8	00000013	addi	x0,x0,0	  x0:0x00000000
        5645000	       563	800019cc	bcfc8c13	addi	x24,x25,-1073	 x25:0x00000115 x24=0xfffffce4
        5655000	       564	800019d0	23480b97	auipc	x23,0x23480	 x23=0xa34819cc
        5665000	       565	800019d4	00e6d2b3	srl	x5,x13,x14	 x13:0xc71a7000 x14:0x00000000  x5=0xc71a7000
        5675000	       566	800019d8	005373b3	and	x7,x6,x5	  x6:0x00000001  x5:0xc71a7000  x7=0x00000000
        5685000	       567	800019dc	418cd293	srai	x5,x25,0x18	 x25:0x00000115  x5=0x00000000
        5695000	       568	800019e0	0162cbb3	xor	x23,x5,x22	  x5:0x00000000 x22:0x000007e2 x23=0x000007e2
        5705000	       569	800019e4	f536e493	ori	x9,x13,-173	 x13:0xc71a7000  x9=0xffffff53
        5715000	       570	800019e8	00b5c833	xor	x16,x11,x11	 x11:0x00000000 x11:0x00000000 x16=0x00000000
        5725000	       571	800019ec	c0a2ad93	slti	x27,x5,-1014	  x5:0x00000000 x27=0x00000000
        5735000	       572	800019f0	40e85cb3	sra	x25,x16,x14	 x16:0x00000000 x14:0x00000000 x25=0x00000000
        5745000	       573	800019f4	0085f663	bgeu	x11,x8,80001a00	 x11:0x00000000  x8:0x78d94dea
        5755000	       574	800019f8	00f57cb3	and	x25,x10,x15	 x10:0x78d955cc x15:0x00000000 x25=0x00000000
        5765000	       575	800019fc	41c1d533	sra	x10,x3,x28	  x3:0x000001a5 x28:0xfffed33c x10=0x00000000
        5775000	       576	80001a00	012a0663	beq	x20,x18,80001a0c	 x20:0x009f6c00 x18:0x00000000
        5785000	       577	80001a04	04031063	bne	x6,x0,80001a44	  x6:0x00000001  x0:0x00000000
        5795000	       578	00000000	00000013	addi	x0,x0,0	  x0:0x00000000
        5805000	       579	80001a40	00000013	addi	x0,x0,0	  x0:0x00000000
        5815000	       580	80001a44	01f6fe33	and	x28,x13,x31	 x13:0xc71a7000 x31:0x00020000 x28=0x00020000
        5825000	       581	80001a48	00e01813	slli	x16,x0,0xe	  x0:0x00000000 x16=0x00000000
        5835000	       582	80001a4c	03ec5c63	bge	x24,x30,80001a84	 x24:0xfffffce4 x30:0xfffed3bd
        5845000	       583	00000000	00000013	addi	x0,x0,0	  x0:0x00000000
        5855000	       584	80001a80	00000013	addi	x0,x0,0	  x0:0x00000000
        5865000	       585	80001a84	ed4bbb93	sltiu	x23,x23,-300	 x23:0x000007e2 x23=0x00000001
        5875000	       586	80001a88	01ffa7b3	slt	x15,x31,x31	 x31:0x00020000 x31:0x00020000 x15=0x00000000
        5885000	       587	80001a8c	00c6b033	sltu	x0,x13,x12	 x13:0xc71a7000 x12:0x00000000
        5895000	       588	80001a90	01c49a13	slli	x20,x9,0x1c	  x9:0xffffff53 x20=0x30000000
        5905000	       589	80001a94	016883b3	add	x7,x17,x22	 x17:0x00000208 x22:0x000007e2  x7=0x000009ea
        5915000	       590	80001a98	4138da93	srai	x21,x17,0x13	 x17:0x00000208 x21=0x00000000
        5925000	       591	80001a9c	004d04b3	add	x9,x26,x4	 x26:0x00000288  x4:0x00000001  x9=0x00000289
        5935000	       592	80001aa0	00e15713	srli	x14,x2,0xe	  x2:0x00000001 x14=0x00000000
        5945000	       593	80001aa4	41f0d593	srai	x11,x1,0x1f	  x1:0x00000001 x11=0x00000000
        5955000	       594	80001aa8	04eff663	bgeu	x31,x14,80001af4	 x31:0x00020000 x14:0x00000000
        5965000	       595	00000000	00000013	addi	x0,x0,0	  x0:0x00000000
        5975000	       596	80001af0	00000013	addi	x0,x0,0	  x0:0x00000000
        5985000	       597	80001af4	45c77313	andi	x6,x14,1116	 x14:0x00000000  x6=0x00000000
        5995000	       598	80001af8	40bedbb3	sra	x23,x29,x11	 x29:0x80009f6c x11:0x00000000 x23=0x80009f6c
        6005000	       599	80001afc	b7781117	auipc	x2,0xb7781	  x2=0x37782af8
        6015000	       600	80001b00	4109d113	srai	x2,x19,0x10	 x19:0x80009fc4  x2=0xffff8000
        6025000	       601	80001b04	0103c8b3	xor	x17,x7,x16	  x7:0x000009ea x16:0x00000000 x17=0x000009ea
        6035000	       602	80001b08	1808b693	sltiu	x13,x17,384	 x17:0x000009ea x13=0x00000000
        6045000	       603	80001b0c	04a58263	beq	x11,x10,80001b50	 x11:0x00000000 x10:0x00000000
        6055000	       604	00000000	00000013	addi	x0,x0,0	  x0:0x00000000
        6065000	       605	80001b4c	00000013	addi	x0,x0,0	  x0:0x00000000
        6075000	       606	80001b50	66dca5b7	lui	x11,0x66dca	 x11=0x66dca000
        6085000	       607	80001b54	c77a0f93	addi	x31,x20,-905	 x20:0x30000000 x31=0x2ffffc77
        6095000	       608	80001b58	40b9d313	srai	x6,x19,0xb	 x19:0x80009fc4  x6=0xfff00013
        6105000	       609	80001b5c	41d450b3	sra	x1,x8,x29	  x8:0x78d94dea x29:0x80009f6c  x1=0x00078d94
        6115000	       610	80001b60	00000013	addi	x0,x0,0	  x0:0x00000000
        6125000	       611	80001b64	008280b3	add	x1,x5,x8	  x5:0x00000000  x8:0x78d94dea  x1=0x78d94dea
        6135000	       612	80001b68	67bf2593	slti	x11,x30,1659	 x30:0xfffed3bd x11=0x00000001
        6145000	       613	80001b6c	019447b3	xor	x15,x8,x25	  x8:0x78d94dea x25:0x00000000 x15=0x78d94dea
        6155000	       614	80001b70	a3952293	slti	x5,x10,-1479	 x10:0x00000000  x5=0x00000000
        6165000	       615	80001b74	00fc4e63	blt	x24,x15,80001b90	 x24:0xfffffce4 x15:0x78d94dea
        6175000	       616	00000000	00000013	addi	x0,x0,0	  x0:0x00000000
        6185000	       617	80001b8c	00000013	addi	x0,x0,0	  x0:0x00000000
        6195000	       618	80001b90	014a4863	blt	x20,x20,80001ba0	 x20:0x30000000 x20:0x30000000
        6205000	       619	80001b94	8add3b13	sltiu	x22,x26,-1875	 x26:0x00000288 x22=0x00000001
        6215000	       620	80001b98	019ec833	xor	x16,x29,x25	 x29:0x80009f6c x25:0x00000000 x16=0x80009f6c
        6225000	       621	80001b9c	74883c13	sltiu	x24,x16,1864	 x16:0x80009f6c x24=0x00000000
        6235000	       622	80001ba0	86b3bc13	sltiu	x24,x7,-1941	  x7:0x000009ea x24=0x00000001
        6245000	       623	80001ba4	a89d4613	xori	x12,x26,-1399	 x26:0x00000288 x12=0xfffff801
        6255000	       624	80001ba8	402cdf13	srai	x30,x25,0x2	 x25:0x00000000 x30=0x00000000
        6265000	       625	80001bac	00e3e033	or	x0,x7,x14	  x7:0x000009ea x14:0x00000000
        6275000	       626	80001bb0	01843533	sltu	x10,x8,x24	  x8:0x78d94dea x24:0x00000001 x10=0x00000000
        6285000	       627	80001bb4	0ddb96b7	lui	x13,0xddb9	 x13=0x0ddb9000
        6295000	       628	80001bb8	01a71113	slli	x2,x14,0x1a	 x14:0x00000000  x2=0x00000000
        6305000	       629	80001bbc	028dcc63	blt	x27,x8,80001bf4	 x27:0x00000000  x8:0x78d94dea
        6315000	       630	00000000	00000013	addi	x0,x0,0	  x0:0x00000000
        6325000	       631	80001bf0	00000013	addi	x0,x0,0	  x0:0x00000000
        6335000	       632	80001bf4	0c864513	xori	x10,x12,200	 x12:0xfffff801 x10=0xfffff8c9
        6345000	       633	80001bf8	00000013	addi	x0,x0,0	  x0:0x00000000
        6355000	       634	80001bfc	0016e833	or	x16,x13,x1	 x13:0x0ddb9000  x1:0x78d94dea x16=0x7ddbddea
        6365000	       635	80001c00	0436cb93	xori	x23,x13,67	 x13:0x0ddb9000 x23=0x0ddb9043
        6375000	       636	80001c04	6c1927b7	lui	x15,0x6c192	 x15=0x6c192000
        6385000	       637	80001c08	0d93bc93	sltiu	x25,x7,217	  x7:0x000009ea x25=0x00000000
        6395000	       638	80001c0c	03570863	beq	x14,x21,80001c3c	 x14:0x00000000 x21:0x00000000
        6405000	       639	00000000	00000013	addi	x0,x0,0	  x0:0x00000000
        6415000	       640	80001c38	00000013	addi	x0,x0,0	  x0:0x00000000
        6425000	       641	80001c3c	00195733	srl	x14,x18,x1	 x18:0x00000000  x1:0x78d94dea x14=0x00000000
        6435000	       642	80001c40	e3fb4497	auipc	x9,0xe3fb4	  x9=0x63fb5c3c
        6445000	       643	80001c44	01d0eab3	or	x21,x1,x29	  x1:0x78d94dea x29:0x80009f6c x21=0xf8d9dfee
        6455000	       644	80001c48	00d00863	beq	x0,x13,80001c58	  x0:0x00000000 x13:0x0ddb9000
        6465000	       645	80001c4c	00901793	slli	x15,x0,0x9	  x0:0x00000000 x15=0x00000000
        6475000	       646	80001c50	3daf7d17	auipc	x26,0x3daf7	 x26=0xbdaf8c4c
        6485000	       647	80001c54	411607b3	sub	x15,x12,x17	 x12:0xfffff801 x17:0x000009ea x15=0xffffee17
        6495000	       648	80001c58	00a727b3	slt	x15,x14,x10	 x14:0x00000000 x10:0xfffff8c9 x15=0x00000000
        6505000	       649	80001c5c	00000013	addi	x0,x0,0	  x0:0x00000000
        6515000	       650	80001c60	004d5793	srli	x15,x26,0x4	 x26:0xbdaf8c4c x15=0x0bdaf8c4
        6525000	       651	80001c64	d699eb13	ori	x22,x19,-663	 x19:0x80009fc4 x22=0xffffffed
        6535000	       652	80001c68	02e00a63	beq	x0,x14,80001c9c	  x0:0x00000000 x14:0x00000000
        6545000	       653	00000000	00000013	addi	x0,x0,0	  x0:0x00000000
        6555000	       654	80001c98	00000013	addi	x0,x0,0	  x0:0x00000000
        6565000	       655	80001c9c	01ec9893	slli	x17,x25,0x1e	 x25:0x00000000 x17=0x00000000
        6575000	       656	80001ca0	08b72393	slti	x7,x14,139	 x14:0x00000000  x7=0x00000001
        6585000	       657	80001ca4	01e7cfb3	xor	x31,x15,x30	 x15:0x0bdaf8c4 x30:0x00000000 x31=0x0bdaf8c4
        6595000	       658	80001ca8	02f61c63	bne	x12,x15,80001ce0	 x12:0xfffff801 x15:0x0bdaf8c4
        6605000	       659	00000000	00000013	addi	x0,x0,0	  x0:0x00000000
        6615000	       660	80001cdc	00000013	addi	x0,x0,0	  x0:0x00000000
        6625000	       661	80001ce0	019afa33	and	x20,x21,x25	 x21:0xf8d9dfee x25:0x00000000 x20=0x00000000
        6635000	       662	80001ce4	4b603913	sltiu	x18,x0,1206	  x0:0x00000000 x18=0x00000001
        6645000	       663	80001ce8	ef21e893	ori	x17,x3,-270	  x3:0x000001a5 x17=0xfffffff7
        6655000	       664	80001cec	232968b7	lui	x17,0x23296	 x17=0x23296000
        6665000	       665	80001cf0	03f90263	beq	x18,x31,80001d14	 x18:0x00000001 x31:0x0bdaf8c4
        6675000	       666	80001cf4	deeaff17	auipc	x30,0xdeeaf	 x30=0x5eeb0cf0
        6685000	       667	80001cf8	e2338913	addi	x18,x7,-477	  x7:0x00000001 x18=0xfffffe24
        6695000	       668	80001cfc	01b40e63	beq	x8,x27,80001d18	  x8:0x78d94dea x27:0x00000000
        6705000	       669	80001d00	404b5713	srai	x14,x22,0x4	 x22:0xffffffed x14=0xfffffffe
        6715000	       670	80001d04	40cd8033	sub	x0,x27,x12	 x27:0x00000000 x12:0xfffff801
        6725000	       671	80001d08	50c8f113	andi	x2,x17,1292	 x17:0x23296000  x2=0x00000000
        6735000	       672	80001d0c	4082db13	srai	x22,x5,0x8	  x5:0x00000000 x22=0x00000000
        6745000	       673	80001d10	5741e813	ori	x16,x3,1396	  x3:0x000001a5 x16=0x000005f5
        6755000	       674	80001d14	00bcc7b3	xor	x15,x25,x11	 x25:0x00000000 x11:0x00000001 x15=0x00000001
        6765000	       675	80001d18	415e5133	sra	x2,x28,x21	 x28:0x00020000 x21:0xf8d9dfee  x2=0x00000008
        6775000	       676	80001d1c	0143e863	bltu	x7,x20,80001d2c	  x7:0x00000001 x20:0x00000000
        6785000	       677	80001d20	bd328593	addi	x11,x5,-1069	  x5:0x00000000 x11=0xfffffbd3
        6795000	       678	80001d24	4109d913	srai	x18,x19,0x10	 x19:0x80009fc4 x18=0xffff8000
        6805000	       679	80001d28	0175b0b3	sltu	x1,x11,x23	 x11:0xfffffbd3 x23:0x0ddb9043  x1=0x00000000
        6815000	       680	80001d2c	00383cb3	sltu	x25,x16,x3	 x16:0x000005f5  x3:0x000001a5 x25=0x00000000
        6825000	       681	80001d30	37b77913	andi	x18,x14,891	 x14:0xfffffffe x18=0x0000037a
        6835000	       682	80001d34	01ea7663	bgeu	x20,x30,80001d40	 x20:0x00000000 x30:0x5eeb0cf0
        6845000	       683	80001d38	04bde863	bltu	x27,x11,80001d88	 x27:0x00000000 x11:0xfffffbd3
        6855000	       684	00000000	00000013	addi	x0,x0,0	  x0:0x00000000
        6865000	       685	80001d84	00000013	addi	x0,x0,0	  x0:0x00000000
        6875000	       686	80001d88	0175f0b3	and	x1,x11,x23	 x11:0xfffffbd3 x23:0x0ddb9043  x1=0x0ddb9043
        6885000	       687	80001d8c	4910ca93	xori	x21,x1,1169	  x1:0x0ddb9043 x21=0x0ddb94d2
        6895000	       688	80001d90	2bc5b093	sltiu	x1,x11,700	 x11:0xfffffbd3  x1=0x00000000
        6905000	       689	80001d94	00000013	addi	x0,x0,0	  x0:0x00000000
        6915000	       690	80001d98	05fd1063	bne	x26,x31,80001dd8	 x26:0xbdaf8c4c x31:0x0bdaf8c4
        6925000	       691	00000000	00000013	addi	x0,x0,0	  x0:0x00000000
        6935000	       692	80001dd4	00000013	addi	x0,x0,0	  x0:0x00000000
        6945000	       693	80001dd8	49b80813	addi	x16,x16,1179	 x16:0x000005f5 x16=0x00000a90
        6955000	       694	80001ddc	00631513	slli	x10,x6,0x6	  x6:0xfff00013 x10=0xfc0004c0
        6965000	       695	80001de0	41eada93	srai	x21,x21,0x1e	 x21:0x0ddb94d2 x21=0x00000000
        6975000	       696	80001de4	00000013	addi	x0,x0,0	  x0:0x00000000
        6985000	       697	80001de8	39203113	sltiu	x2,x0,914	  x0:0x00000000  x2=0x00000001
        6995000	       698	80001dec	01fe2a33	slt	x20,x28,x31	 x28:0x00020000 x31:0x0bdaf8c4 x20=0x00000001
        7005000	       699	80001df0	18ea4113	xori	x2,x20,398	 x20:0x00000001  x2=0x0000018f
        7015000	       700	80001df4	4128d7b3	sra	x15,x17,x18	 x17:0x23296000 x18:0x0000037a x15=0x00000008
        7025000	       701	80001df8	41c00ab3	sub	x21,x0,x28	  x0:0x00000000 x28:0x00020000 x21=0xfffe0000
        7035000	       702	80001dfc	2454a013	slti	x0,x9,581	  x9:0x63fb5c3c
        7045000	       703	80001e00	01127e33	and	x28,x4,x17	  x4:0x00000001 x17:0x23296000 x28=0x00000000
        7055000	       704	80001e04	002b41b3	xor	x3,x22,x2	 x22:0x00000000  x2:0x0000018f  x3=0x0000018f
        7065000	       705	80001e08	4025dfb3	sra	x31,x11,x2	 x11:0xfffffbd3  x2:0x0000018f x31=0xffffffff
        7075000	       706	80001e0c	010d5393	srli	x7,x26,0x10	 x26:0xbdaf8c4c  x7=0x0000bdaf
        7085000	       707	80001e10	a2ff4d17	auipc	x26,0xa2ff4	 x26=0x22ff5e0c
        7095000	       708	80001e14	00074733	xor	x14,x14,x0	 x14:0xfffffffe  x0:0x00000000 x14=0xfffffffe
        7105000	       709	80001e18	0066be33	sltu	x28,x13,x6	 x13:0x0ddb9000  x6:0xfff00013 x28=0x00000001
        7115000	       710	80001e1c	039cc063	blt	x25,x25,80001e3c	 x25:0x00000000 x25:0x00000000
        7125000	       711	80001e20	0115e2b3	or	x5,x11,x17	 x11:0xfffffbd3 x17:0x23296000  x5=0xfffffbd3
        7135000	       712	80001e24	9b627393	andi	x7,x4,-1610	  x4:0x00000001  x7=0x00000000
        7145000	       713	80001e28	0181e3b3	or	x7,x3,x24	  x3:0x0000018f x24:0x00000001  x7=0x0000018f
        7155000	       714	80001e2c	0062b333	sltu	x6,x5,x6	  x5:0xfffffbd3  x6:0xfff00013  x6=0x00000000
        7165000	       715	80001e30	00721d93	slli	x27,x4,0x7	  x4:0x00000001 x27=0x00000080
        7175000	       716	80001e34	0167edb3	or	x27,x15,x22	 x15:0x00000008 x22:0x00000000 x27=0x00000008
        7185000	       717	80001e38	419255b3	sra	x11,x4,x25	  x4:0x00000001 x25:0x00000000 x11=0x00000001
        7195000	       718	80001e3c	e8cfe0ef	jal	x1,80001e3c	  x1=0x80001e3c
        7205000	       719	00000000	00000013	addi	x0,x0,0	  x0:0x00000000
        7215000	       720	800004c4	00000013	addi	x0,x0,0	  x0:0x00000000
        7225000	       721	800004c8	ff4e8e93	addi	x29,x29,-12	 x29:0x80009f6c x29=0x80009f60
        7235000	       722	800004cc	002ad693	srli	x13,x21,0x2	 x21:0xfffe0000 x13=0x3fff8000
        7245000	       723	800004d0	e7bbaf13	slti	x30,x23,-389	 x23:0x0ddb9043 x30=0x00000000
        7255000	       724	800004d4	aca43313	sltiu	x6,x8,-1334	  x8:0x78d94dea  x6=0x00000001
        7265000	       725	800004d8	00417233	and	x4,x2,x4	  x2:0x0000018f  x4:0x00000001  x4=0x00000001
        7275000	       726	800004dc	aaa53793	sltiu	x15,x10,-1366	 x10:0xfc0004c0 x15=0x00000001
        7285000	       727	800004e0	01db7d33	and	x26,x22,x29	 x22:0x00000000 x29:0x80009f60 x26=0x00000000
        7295000	       728	800004e4	40a70633	sub	x12,x14,x10	 x14:0xfffffffe x10:0xfc0004c0 x12=0x03fffb3e
        7305000	       729	800004e8	001ea223	sw	x1,4(x29)	 x29:0x80009f60  x1:0x80001e3c PA:0x80009f64
        7315000	       730	800004ec	402dd693	srai	x13,x27,0x2	 x27:0x00000008 x13=0x00000002
        7325000	       731	800004f0	018181b3	add	x3,x3,x24	  x3:0x0000018f x24:0x00000001  x3=0x00000190
        7335000	       732	800004f4	82ae0237	lui	x4,0x82ae0	  x4=0x82ae0000
        7345000	       733	800004f8	00009117	auipc	x2,0x9	  x2=0x800094f4
        7355000	       734	800004fc	87310113	addi	x2,x2,-1933	  x2:0x800094f4  x2=0x80008d67
        7365000	       735	80000500	fdb10603	lb	x12,-37(x2)	  x2:0x80008d67 x12=0x00000000 PA:0x80008d42
        7375000	       736	80000504	fcb10da3	sb	x11,-37(x2)	  x2:0x80008d67 x11:0x00000001 PA:0x80008d42
        7385000	       737	80000508	8fccbb13	sltiu	x22,x25,-1796	 x25:0x00000000 x22=0x00000001
        7395000	       738	8000050c	ffa10883	lb	x17,-6(x2)	  x2:0x80008d67 x17=0x00000000 PA:0x80008d61
        7405000	       739	80000510	ffa14b03	lbu	x22,-6(x2)	  x2:0x80008d67 x22=0x00000000 PA:0x80008d61
        7415000	       740	80000514	ffa10a83	lb	x21,-6(x2)	  x2:0x80008d67 x21=0x00000000 PA:0x80008d61
        7425000	       741	80000518	03410503	lb	x10,52(x2)	  x2:0x80008d67 x10=0x00000000 PA:0x80008d9b
        7435000	       742	8000051c	01412aa3	sw	x20,21(x2)	  x2:0x80008d67 x20:0x00000001 PA:0x80008d7c
        7445000	       743	80000520	02a10a03	lb	x20,42(x2)	  x2:0x80008d67 x20=0x00000000 PA:0x80008d91
        7455000	       744	80000524	fca10523	sb	x10,-54(x2)	  x2:0x80008d67 x10:0x00000000 PA:0x80008d31
        7465000	       745	80000528	00410ab3	add	x21,x2,x4	  x2:0x80008d67  x4:0x82ae0000 x21=0x02ae8d67
        7475000	       746	8000052c	02010923	sb	x0,50(x2)	  x2:0x80008d67  x0:0x00000000 PA:0x80008d99
        7485000	       747	80000530	02911483	lh	x9,41(x2)	  x2:0x80008d67  x9=0x00000000 PA:0x80008d90
        7495000	       748	80000534	00b10223	sb	x11,4(x2)	  x2:0x80008d67 x11:0x00000001 PA:0x80008d6b
        7505000	       749	80000538	3f3ffd13	andi	x26,x31,1011	 x31:0xffffffff x26=0x000003f3
        7515000	       750	8000053c	fc210803	lb	x16,-62(x2)	  x2:0x80008d67 x16=0x00000000 PA:0x80008d29
        7525000	       751	80000540	00000013	addi	x0,x0,0	  x0:0x00000000
        7535000	       752	80000544	fc410123	sb	x4,-62(x2)	  x2:0x80008d67  x4:0x82ae0000 PA:0x80008d29
        7545000	       753	80000548	fc210803	lb	x16,-62(x2)	  x2:0x80008d67 x16=0x00000000 PA:0x80008d29
        7555000	       754	8000054c	00008817	auipc	x16,0x8	 x16=0x80008548
        7565000	       755	80000550	ffb80813	addi	x16,x16,-5	 x16:0x80008548 x16=0x80008543
        7575000	       756	80000554	00008197	auipc	x3,0x8	  x3=0x80008550
        7585000	       757	80000558	c7b18193	addi	x3,x3,-901	  x3:0x80008550  x3=0x800081cb
        7595000	       758	8000055c	f8f18383	lb	x7,-113(x3)	  x3:0x800081cb  x7=0x00000000 PA:0x8000815a
        7605000	       759	80000560	b2c84283	lbu	x5,-1236(x16)	 x16:0x80008543  x5=0x00000000 PA:0x8000806f
        7615000	       760	80000564	00008f17	auipc	x30,0x8	 x30=0x80008560
        7625000	       761	80000568	167f0f13	addi	x30,x30,359	 x30:0x80008560 x30=0x800086c7
        7635000	       762	8000056c	df0f4203	lbu	x4,-528(x30)	 x30:0x800086c7  x4=0x00000000 PA:0x800084b7
        7645000	       763	80000570	0d518fa3	sb	x21,223(x3)	  x3:0x800081cb x21:0x02ae8d67 PA:0x800082aa
        7655000	       764	80000574	52818a83	lb	x21,1320(x3)	  x3:0x800081cb x21=0x00000000 PA:0x800086f3
        7665000	       765	80000578	18780f83	lb	x31,391(x16)	 x16:0x80008543 x31=0x00000000 PA:0x800086ca
        7675000	       766	8000057c	0db1db83	lhu	x23,219(x3)	  x3:0x800081cb x23=0x00000000 PA:0x800082a6
        7685000	       767	80000580	eadf4583	lbu	x11,-339(x30)	 x30:0x800086c7 x11=0x00000000 PA:0x80008574
        7695000	       768	80000584	f05f0d83	lb	x27,-251(x30)	 x30:0x800086c7 x27=0x00000000 PA:0x800085cc
        7705000	       769	80000588	f5e80e23	sb	x30,-164(x16)	 x16:0x80008543 x30:0x800086c7 PA:0x8000849f
        7715000	       770	8000058c	b56f4703	lbu	x14,-1194(x30)	 x30:0x800086c7 x14=0x00000000 PA:0x8000821d
        7725000	       771	80000590	23c84783	lbu	x15,572(x16)	 x16:0x80008543 x15=0x00000000 PA:0x8000877f
        7735000	       772	80000594	06018003	lb	x0,96(x3)	  x3:0x800081cb PA:0x8000822b
        7745000	       773	80000598	155f0423	sb	x21,328(x30)	 x30:0x800086c7 x21:0x00000000 PA:0x8000880f
        7755000	       774	8000059c	09d84703	lbu	x14,157(x16)	 x16:0x80008543 x14=0x00000000 PA:0x800085e0
        7765000	       775	800005a0	da7f16a3	sh	x7,-595(x30)	 x30:0x800086c7  x7:0x00000000 PA:0x80008474
        7775000	       776	800005a4	5dd1c583	lbu	x11,1501(x3)	  x3:0x800081cb x11=0x00000000 PA:0x800087a8
        7785000	       777	800005a8	00008797	auipc	x15,0x8	 x15=0x800085a4
        7795000	       778	800005ac	c1f78793	addi	x15,x15,-993	 x15:0x800085a4 x15=0x800081c3
        7805000	       779	800005b0	fd278123	sb	x18,-62(x15)	 x15:0x800081c3 x18:0x0000037a PA:0x80008185
        7815000	       780	800005b4	fc278003	lb	x0,-62(x15)	 x15:0x800081c3 PA:0x80008185
        7825000	       781	800005b8	fc278f03	lb	x30,-62(x15)	 x15:0x800081c3 x30=0x0000007a PA:0x80008185
        7835000	       782	800005bc	fc278903	lb	x18,-62(x15)	 x15:0x800081c3 x18=0x0000007a PA:0x80008185
        7845000	       783	800005c0	fd478123	sb	x20,-62(x15)	 x15:0x800081c3 x20:0x00000000 PA:0x80008185
        7855000	       784	800005c4	fc27cc03	lbu	x24,-62(x15)	 x15:0x800081c3 x24=0x00000000 PA:0x80008185
        7865000	       785	800005c8	fc27c603	lbu	x12,-62(x15)	 x15:0x800081c3 x12=0x00000000 PA:0x80008185
        7875000	       786	800005cc	fc278583	lb	x11,-62(x15)	 x15:0x800081c3 x11=0x00000000 PA:0x80008185
        7885000	       787	800005d0	fda78123	sb	x26,-62(x15)	 x15:0x800081c3 x26:0x000003f3 PA:0x80008185
        7895000	       788	800005d4	412cdcb3	sra	x25,x25,x18	 x25:0x00000000 x18:0x0000007a x25=0x00000000
        7905000	       789	800005d8	002f1813	slli	x16,x30,0x2	 x30:0x0000007a x16=0x000001e8
        7915000	       790	800005dc	fd278123	sb	x18,-62(x15)	 x15:0x800081c3 x18:0x0000007a PA:0x80008185
        7925000	       791	800005e0	fc878123	sb	x8,-62(x15)	 x15:0x800081c3  x8:0x78d94dea PA:0x80008185
        7935000	       792	800005e4	fc27ce03	lbu	x28,-62(x15)	 x15:0x800081c3 x28=0x000000ea PA:0x80008185
        7945000	       793	800005e8	fc27c903	lbu	x18,-62(x15)	 x15:0x800081c3 x18=0x000000ea PA:0x80008185
        7955000	       794	800005ec	419c0233	sub	x4,x24,x25	 x24:0x00000000 x25:0x00000000  x4=0x00000000
        7965000	       795	800005f0	fc27cc03	lbu	x24,-62(x15)	 x15:0x800081c3 x24=0x000000ea PA:0x80008185
        7975000	       796	800005f4	fc27c183	lbu	x3,-62(x15)	 x15:0x800081c3  x3=0x000000ea PA:0x80008185
        7985000	       797	800005f8	fc278483	lb	x9,-62(x15)	 x15:0x800081c3  x9=0xffffffea PA:0x80008185
        7995000	       798	800005fc	005612b3	sll	x5,x12,x5	 x12:0x00000000  x5:0x00000000  x5=0x00000000
        8005000	       799	80000600	fce78123	sb	x14,-62(x15)	 x15:0x800081c3 x14:0x00000000 PA:0x80008185
        8015000	       800	80000604	001cd013	srli	x0,x25,0x1	 x25:0x00000000
        8025000	       801	80000608	fcc78123	sb	x12,-62(x15)	 x15:0x800081c3 x12:0x00000000 PA:0x80008185
        8035000	       802	8000060c	fc27c283	lbu	x5,-62(x15)	 x15:0x800081c3  x5=0x00000000 PA:0x80008185
        8045000	       803	80000610	00008d17	auipc	x26,0x8	 x26=0x8000860c
        8055000	       804	80000614	f46d0d13	addi	x26,x26,-186	 x26:0x8000860c x26=0x80008552
        8065000	       805	80000618	e6fd4c83	lbu	x25,-401(x26)	 x26:0x80008552 x25=0x00000000 PA:0x800083c1
        8075000	       806	8000061c	00008917	auipc	x18,0x8	 x18=0x80008618
        8085000	       807	80000620	fd090913	addi	x18,x18,-48	 x18:0x80008618 x18=0x800085e8
        8095000	       808	80000624	00008497	auipc	x9,0x8	  x9=0x80008620
        8105000	       809	80000628	c4d48493	addi	x9,x9,-947	  x9:0x80008620  x9=0x8000826d
        8115000	       810	8000062c	00008697	auipc	x13,0x8	 x13=0x80008628
        8125000	       811	80000630	c1668693	addi	x13,x13,-1002	 x13:0x80008628 x13=0x8000823e
        8135000	       812	80000634	bbad4883	lbu	x17,-1094(x26)	 x26:0x80008552 x17=0x00000000 PA:0x8000810c
        8145000	       813	80000638	fe648003	lb	x0,-26(x9)	  x9:0x8000826d PA:0x80008253
        8155000	       814	8000063c	00168083	lb	x1,1(x13)	 x13:0x8000823e  x1=0x00000000 PA:0x8000823f
        8165000	       815	80000640	017906a3	sb	x23,13(x18)	 x18:0x800085e8 x23:0x00000000 PA:0x800085f5
        8175000	       816	80000644	00b903a3	sb	x11,7(x18)	 x18:0x800085e8 x11:0x00000000 PA:0x800085ef
        8185000	       817	80000648	ffc68c23	sb	x28,-8(x13)	 x13:0x8000823e x28:0x000000ea PA:0x80008236
        8195000	       818	8000064c	fd948fa3	sb	x25,-33(x9)	  x9:0x8000826d x25:0x00000000 PA:0x8000824c
        8205000	       819	80000650	c62d0e23	sb	x2,-900(x26)	 x26:0x80008552  x2:0x80008d67 PA:0x800081ce
        8215000	       820	80000654	00f94303	lbu	x6,15(x18)	 x18:0x800085e8  x6=0x00000000 PA:0x800085f7
        8225000	       821	80000658	fc448303	lb	x6,-60(x9)	  x9:0x8000826d  x6=0x00000000 PA:0x80008231
        8235000	       822	8000065c	e6cd1383	lh	x7,-404(x26)	 x26:0x80008552  x7=0x00000000 PA:0x800083be
        8245000	       823	80000660	00468883	lb	x17,4(x13)	 x13:0x8000823e x17=0x00000000 PA:0x80008242
        8255000	       824	80000664	ffe69c83	lh	x25,-2(x13)	 x13:0x8000823e x25=0x00000000 PA:0x8000823c
        8265000	       825	80000668	b5ed4883	lbu	x17,-1186(x26)	 x26:0x80008552 x17=0x00000000 PA:0x800080b0
        8275000	       826	8000066c	f1ed5383	lhu	x7,-226(x26)	 x26:0x80008552  x7=0x00000000 PA:0x80008470
        8285000	       827	80000670	03b4a383	lw	x7,59(x9)	  x9:0x8000826d  x7=0x00670000 PA:0x800082a8
        8295000	       828	80000674	01f90183	lb	x3,31(x18)	 x18:0x800085e8  x3=0x00000000 PA:0x80008607
        8305000	       829	80000678	0214c083	lbu	x1,33(x9)	  x9:0x8000826d  x1=0x00000000 PA:0x8000828e
        8315000	       830	8000067c	fdc90923	sb	x28,-46(x18)	 x18:0x800085e8 x28:0x000000ea PA:0x800085ba
        8325000	       831	80000680	d16d01a3	sb	x22,-765(x26)	 x26:0x80008552 x22:0x00000000 PA:0x80008255
        8335000	       832	80000684	fe268da3	sb	x2,-5(x13)	 x13:0x8000823e  x2:0x80008d67 PA:0x80008239
        8345000	       833	80000688	01190823	sb	x17,16(x18)	 x18:0x800085e8 x17:0x00000000 PA:0x800085f8
        8355000	       834	8000068c	00008397	auipc	x7,0x8	  x7=0x80008688
        8365000	       835	80000690	25638393	addi	x7,x7,598	  x7:0x80008688  x7=0x800088de
        8375000	       836	80000694	00009497	auipc	x9,0x9	  x9=0x80009690
        8385000	       837	80000698	90348493	addi	x9,x9,-1789	  x9:0x80009690  x9=0x80008f93
        8395000	       838	8000069c	5843d003	lhu	x0,1412(x7)	  x7:0x800088de PA:0x80008e62
        8405000	       839	800006a0	00009197	auipc	x3,0x9	  x3=0x8000969c
        8415000	       840	800006a4	91618193	addi	x3,x3,-1770	  x3:0x8000969c  x3=0x80008fb2
        8425000	       841	800006a8	54b385a3	sb	x11,1355(x7)	  x7:0x800088de x11:0x00000000 PA:0x80008e29
        8435000	       842	800006ac	001182a3	sb	x1,5(x3)	  x3:0x80008fb2  x1:0x00000000 PA:0x80008fb7
        8445000	       843	800006b0	ff048aa3	sb	x16,-11(x9)	  x9:0x80008f93 x16:0x000001e8 PA:0x80008f88
        8455000	       844	800006b4	019181a3	sb	x25,3(x3)	  x3:0x80008fb2 x25:0x00000000 PA:0x80008fb5
        8465000	       845	800006b8	01a182a3	sb	x26,5(x3)	  x3:0x80008fb2 x26:0x80008552 PA:0x80008fb7
        8475000	       846	800006bc	fe73c783	lbu	x15,-25(x7)	  x7:0x800088de x15=0x00000000 PA:0x800088c5
        8485000	       847	800006c0	f9e48e23	sb	x30,-100(x9)	  x9:0x80008f93 x30:0x0000007a PA:0x80008f2f
        8495000	       848	800006c4	3f53c603	lbu	x12,1013(x7)	  x7:0x800088de x12=0x00000000 PA:0x80008cd3
        8505000	       849	800006c8	1053c683	lbu	x13,261(x7)	  x7:0x800088de x13=0x00000000 PA:0x800089e3
        8515000	       850	800006cc	ff81d283	lhu	x5,-8(x3)	  x3:0x80008fb2  x5=0x00000000 PA:0x80008faa
        8525000	       851	800006d0	0041d883	lhu	x17,4(x3)	  x3:0x80008fb2 x17=0x00005200 PA:0x80008fb6
        8535000	       852	800006d4	fbe492a3	sh	x30,-91(x9)	  x9:0x80008f93 x30:0x0000007a PA:0x80008f38
        8545000	       853	800006d8	f7948623	sb	x25,-148(x9)	  x9:0x80008f93 x25:0x00000000 PA:0x80008eff
        8555000	       854	800006dc	f684cd83	lbu	x27,-152(x9)	  x9:0x80008f93 x27=0x00000000 PA:0x80008efb
        8565000	       855	800006e0	5df3ce03	lbu	x28,1503(x7)	  x7:0x800088de x28=0x00000000 PA:0x80008ebd
        8575000	       856	800006e4	ff94a4a3	sw	x25,-23(x9)	  x9:0x80008f93 x25:0x00000000 PA:0x80008f7c
        8585000	       857	800006e8	01b19823	sh	x27,16(x3)	  x3:0x80008fb2 x27:0x00000000 PA:0x80008fc2
        8595000	       858	800006ec	302388a3	sb	x2,785(x7)	  x7:0x800088de  x2:0x80008d67 PA:0x80008bef
        8605000	       859	800006f0	04048223	sb	x0,68(x9)	  x9:0x80008f93  x0:0x00000000 PA:0x80008fd7
        8615000	       860	800006f4	ff819703	lh	x14,-8(x3)	  x3:0x80008fb2 x14=0x00000000 PA:0x80008faa
        8625000	       861	800006f8	00008117	auipc	x2,0x8	  x2=0x800086f4
        8635000	       862	800006fc	d3c10113	addi	x2,x2,-708	  x2:0x800086f4  x2=0x80008430
        8645000	       863	80000700	0dc100a3	sb	x28,193(x2)	  x2:0x80008430 x28:0x00000000 PA:0x800084f1
        8655000	       864	80000704	0c110e03	lb	x28,193(x2)	  x2:0x80008430 x28=0x00000000 PA:0x800084f1
        8665000	       865	00000000	00000013	addi	x0,x0,0	  x0:0x00000000
        8675000	       866	80000708	01c85a93	srli	x21,x16,0x1c	 x16:0x000001e8 x21=0x00000000
        8685000	       867	8000070c	41dede33	sra	x28,x29,x29	 x29:0x80009f60 x29:0x80009f60 x28=0x80009f60
        8695000	       868	80000710	0c110c83	lb	x25,193(x2)	  x2:0x80008430 x25=0x00000000 PA:0x800084f1
        8705000	       869	80000714	0c114b03	lbu	x22,193(x2)	  x2:0x80008430 x22=0x00000000 PA:0x800084f1
        8715000	       870	80000718	0dc100a3	sb	x28,193(x2)	  x2:0x80008430 x28:0x80009f60 PA:0x800084f1
        8725000	       871	8000071c	0c110583	lb	x11,193(x2)	  x2:0x80008430 x11=0x00000060 PA:0x800084f1
        8735000	       872	80000720	c7210aa3	sb	x18,-907(x2)	  x2:0x80008430 x18:0x800085e8 PA:0x800080a5
        8745000	       873	80000724	c7514783	lbu	x15,-907(x2)	  x2:0x80008430 x15=0x000000e8 PA:0x800080a5
        8755000	       874	80000728	c7514883	lbu	x17,-907(x2)	  x2:0x80008430 x17=0x000000e8 PA:0x800080a5
        8765000	       875	8000072c	c7510483	lb	x9,-907(x2)	  x2:0x80008430  x9=0xffffffe8 PA:0x800080a5
        8775000	       876	80000730	5d402893	slti	x17,x0,1492	  x0:0x00000000 x17=0x00000001
        8785000	       877	80000734	c7510c83	lb	x25,-907(x2)	  x2:0x80008430 x25=0xffffffe8 PA:0x800080a5
        8795000	       878	80000738	c7514d03	lbu	x26,-907(x2)	  x2:0x80008430 x26=0x000000e8 PA:0x800080a5
        8805000	       879	8000073c	c7510803	lb	x16,-907(x2)	  x2:0x80008430 x16=0xffffffe8 PA:0x800080a5
        8815000	       880	80000740	c7514f83	lbu	x31,-907(x2)	  x2:0x80008430 x31=0x000000e8 PA:0x800080a5
        8825000	       881	80000744	c6110aa3	sb	x1,-907(x2)	  x2:0x80008430  x1:0x00000000 PA:0x800080a5
        8835000	       882	80000748	c7510683	lb	x13,-907(x2)	  x2:0x80008430 x13=0x00000000 PA:0x800080a5
        8845000	       883	8000074c	111a4fb7	lui	x31,0x111a4	 x31=0x111a4000
        8855000	       884	80000750	d2a10f83	lb	x31,-726(x2)	  x2:0x80008430 x31=0x00000000 PA:0x8000815a
        8865000	       885	80000754	d2a11d03	lh	x26,-726(x2)	  x2:0x80008430 x26=0x00000000 PA:0x8000815a
        8875000	       886	80000758	f21b6b13	ori	x22,x22,-223	 x22:0x00000000 x22=0xffffff21
        8885000	       887	8000075c	d2a14b03	lbu	x22,-726(x2)	  x2:0x80008430 x22=0x00000000 PA:0x8000815a
        8895000	       888	80000760	00008697	auipc	x13,0x8	 x13=0x8000875c
        8905000	       889	80000764	ad668693	addi	x13,x13,-1322	 x13:0x8000875c x13=0x80008232
        8915000	       890	80000768	fe968ba3	sb	x9,-9(x13)	 x13:0x80008232  x9:0xffffffe8 PA:0x80008229
        8925000	       891	8000076c	01468523	sb	x20,10(x13)	 x13:0x80008232 x20:0x00000000 PA:0x8000823c
        8935000	       892	80000770	00fb4933	xor	x18,x22,x15	 x22:0x00000000 x15:0x000000e8 x18=0x000000e8
        8945000	       893	80000774	00168003	lb	x0,1(x13)	 x13:0x80008232 PA:0x80008233
        8955000	       894	80000778	00168f03	lb	x30,1(x13)	 x13:0x80008232 x30=0x00000000 PA:0x80008233
        8965000	       895	8000077c	ff46cd03	lbu	x26,-12(x13)	 x13:0x80008232 x26=0x00000000 PA:0x80008226
        8975000	       896	80000780	ff468f03	lb	x30,-12(x13)	 x13:0x80008232 x30=0x00000000 PA:0x80008226
        8985000	       897	80000784	40215a93	srai	x21,x2,0x2	  x2:0x80008430 x21=0xe000210c
        8995000	       898	80000788	613d9517	auipc	x10,0x613d9	 x10=0xe13d9784
        9005000	       899	8000078c	00b68b83	lb	x23,11(x13)	 x13:0x80008232 x23=0x00000000 PA:0x8000823d
        9015000	       900	80000790	00b68003	lb	x0,11(x13)	 x13:0x80008232 PA:0x8000823d
        9025000	       901	80000794	009d2633	slt	x12,x26,x9	 x26:0x00000000  x9:0xffffffe8 x12=0x00000000
        9035000	       902	80000798	00168503	lb	x10,1(x13)	 x13:0x80008232 x10=0x00000000 PA:0x80008233
        9045000	       903	8000079c	008163b3	or	x7,x2,x8	  x2:0x80008430  x8:0x78d94dea  x7=0xf8d9cdfa
        9055000	       904	800007a0	0016c883	lbu	x17,1(x13)	 x13:0x80008232 x17=0x00000000 PA:0x80008233
        9065000	       905	800007a4	016680a3	sb	x22,1(x13)	 x13:0x80008232 x22:0x00000000 PA:0x80008233
        9075000	       906	800007a8	00008117	auipc	x2,0x8	  x2=0x800087a4
        9085000	       907	800007ac	6fb10113	addi	x2,x2,1787	  x2:0x800087a4  x2=0x80008e9f
        9095000	       908	800007b0	257ee1b7	lui	x3,0x257ee	  x3=0x257ee000
        9105000	       909	800007b4	00d14c03	lbu	x24,13(x2)	  x2:0x80008e9f x24=0x00000000 PA:0x80008eac
        9115000	       910	800007b8	41ef0e33	sub	x28,x30,x30	 x30:0x00000000 x30:0x00000000 x28=0x00000000
        9125000	       911	800007bc	00939693	slli	x13,x7,0x9	  x7:0xf8d9cdfa x13=0xb39bf400
        9135000	       912	800007c0	ef754513	xori	x10,x10,-265	 x10:0x00000000 x10=0xfffffef7
        9145000	       913	800007c4	018d33b3	sltu	x7,x26,x24	 x26:0x00000000 x24:0x00000000  x7=0x00000000
        9155000	       914	800007c8	ffc10b03	lb	x22,-4(x2)	  x2:0x80008e9f x22=0x00000000 PA:0x80008e9b
        9165000	       915	800007cc	19592893	slti	x17,x18,405	 x18:0x000000e8 x17=0x00000001
        9175000	       916	800007d0	33526613	ori	x12,x4,821	  x4:0x00000000 x12=0x00000335
        9185000	       917	800007d4	00a10523	sb	x10,10(x2)	  x2:0x80008e9f x10:0xfffffef7 PA:0x80008ea9
        9195000	       918	800007d8	30bf6b17	auipc	x22,0x30bf6	 x22=0xb0bf67d4
        9205000	       919	800007dc	00000013	addi	x0,x0,0	  x0:0x00000000
        9215000	       920	800007e0	00f340b3	xor	x1,x6,x15	  x6:0x00000000 x15:0x000000e8  x1=0x000000e8
        9225000	       921	800007e4	00f41813	slli	x16,x8,0xf	  x8:0x78d94dea x16=0xa6f50000
        9235000	       922	800007e8	00914f83	lbu	x31,9(x2)	  x2:0x80008e9f x31=0x00000000 PA:0x80008ea8
        9245000	       923	800007ec	40d8de33	sra	x28,x17,x13	 x17:0x00000001 x13:0xb39bf400 x28=0x00000001
        9255000	       924	800007f0	00ed10b3	sll	x1,x26,x14	 x26:0x00000000 x14:0x00000000  x1=0x00000000
        9265000	       925	800007f4	c420ba93	sltiu	x21,x1,-958	  x1:0x00000000 x21=0x00000001
        9275000	       926	800007f8	40885a13	srai	x20,x16,0x8	 x16:0xa6f50000 x20=0xffa6f500
        9285000	       927	800007fc	00214583	lbu	x11,2(x2)	  x2:0x80008e9f x11=0x00000000 PA:0x80008ea1
        9295000	       928	80000800	00f14203	lbu	x4,15(x2)	  x2:0x80008e9f  x4=0x00000000 PA:0x80008eae
        9305000	       929	80000804	ff414803	lbu	x16,-12(x2)	  x2:0x80008e9f x16=0x00000000 PA:0x80008e93
        9315000	       930	80000808	1beeb093	sltiu	x1,x29,446	 x29:0x80009f60  x1=0x00000000
        9325000	       931	8000080c	01594cb3	xor	x25,x18,x21	 x18:0x000000e8 x21:0x00000001 x25=0x000000e9
        9335000	       932	80000810	b6ee3f17	auipc	x30,0xb6ee3	 x30=0x36ee380c
        9345000	       933	80000814	002638b3	sltu	x17,x12,x2	 x12:0x00000335  x2:0x80008e9f x17=0x00000001
        9355000	       934	80000818	01610023	sb	x22,0(x2)	  x2:0x80008e9f x22:0xb0bf67d4 PA:0x80008e9f
        9365000	       935	8000081c	019aafb3	slt	x31,x21,x25	 x21:0x00000001 x25:0x000000e9 x31=0x00000001
        9375000	       936	80000820	00691013	slli	x0,x18,0x6	 x18:0x000000e8
        9385000	       937	80000824	007102a3	sb	x7,5(x2)	  x2:0x80008e9f  x7:0x00000000 PA:0x80008ea4
        9395000	       938	80000828	001f6c33	or	x24,x30,x1	 x30:0x36ee380c  x1:0x00000000 x24=0x36ee380c
        9405000	       939	8000082c	01301a33	sll	x20,x0,x19	  x0:0x00000000 x19:0x80009fc4 x20=0x00000000
        9415000	       940	80000830	ff110283	lb	x5,-15(x2)	  x2:0x80008e9f  x5=0x00000000 PA:0x80008e90
        9425000	       941	80000834	ff210183	lb	x3,-14(x2)	  x2:0x80008e9f  x3=0x00000000 PA:0x80008e91
        9435000	       942	00000000	00000013	addi	x0,x0,0	  x0:0x00000000
        9445000	       943	80000838	00311483	lh	x9,3(x2)	  x2:0x80008e9f  x9=0x00000000 PA:0x80008ea2
        9455000	       944	8000083c	00a10483	lb	x9,10(x2)	  x2:0x80008e9f  x9=0xfffffff7 PA:0x80008ea9
        9465000	       945	80000840	00000013	addi	x0,x0,0	  x0:0x00000000
        9475000	       946	80000844	019102b3	add	x5,x2,x25	  x2:0x80008e9f x25:0x000000e9  x5=0x80008f88
        9485000	       947	80000848	005114a3	sh	x5,9(x2)	  x2:0x80008e9f  x5:0x80008f88 PA:0x80008ea8
        9495000	       948	8000084c	ffe10e03	lb	x28,-2(x2)	  x2:0x80008e9f x28=0x00000000 PA:0x80008e9d
        9505000	       949	80000850	00414a03	lbu	x20,4(x2)	  x2:0x80008e9f x20=0x00000000 PA:0x80008ea3
        9515000	       950	80000854	00d11903	lh	x18,13(x2)	  x2:0x80008e9f x18=0x00000000 PA:0x80008eac
        9525000	       951	80000858	25402c97	auipc	x25,0x25402	 x25=0xa5402854
        9535000	       952	8000085c	00014c03	lbu	x24,0(x2)	  x2:0x80008e9f x24=0x000000d4 PA:0x80008e9f
        9545000	       953	80000860	5ac83d13	sltiu	x26,x16,1452	 x16:0x00000000 x26=0x00000001
        9555000	       954	80000864	00f15b03	lhu	x22,15(x2)	  x2:0x80008e9f x22=0x00000000 PA:0x80008eae
        9565000	       955	80000868	00008597	auipc	x11,0x8	 x11=0x80008864
        9575000	       956	8000086c	99f58593	addi	x11,x11,-1633	 x11:0x80008864 x11=0x80008203
        9585000	       957	80000870	fc658703	lb	x14,-58(x11)	 x11:0x80008203 x14=0x00000000 PA:0x800081c9
        9595000	       958	80000874	fef5d383	lhu	x7,-17(x11)	 x11:0x80008203  x7=0x00000000 PA:0x800081f2
        9605000	       959	80000878	00000013	addi	x0,x0,0	  x0:0x00000000
        9615000	       960	8000087c	8a3f6c13	ori	x24,x30,-1885	 x30:0x36ee380c x24=0xfffff8af
        9625000	       961	80000880	ff558f83	lb	x31,-11(x11)	 x11:0x80008203 x31=0x00000000 PA:0x800081f8
        9635000	       962	80000884	74256293	ori	x5,x10,1858	 x10:0xfffffef7  x5=0xfffffff7
        9645000	       963	80000888	03758683	lb	x13,55(x11)	 x11:0x80008203 x13=0x00000000 PA:0x8000823a
        9655000	       964	8000088c	fcb58623	sb	x11,-52(x11)	 x11:0x80008203 x11:0x80008203 PA:0x800081cf
        9665000	       965	80000890	63dca013	slti	x0,x25,1597	 x25:0xa5402854
        9675000	       966	80000894	01f5cd03	lbu	x26,31(x11)	 x11:0x80008203 x26=0x00000000 PA:0x80008222
        9685000	       967	80000898	cce60613	addi	x12,x12,-818	 x12:0x00000335 x12=0x00000003
        9695000	       968	8000089c	21127913	andi	x18,x4,529	  x4:0x00000000 x18=0x00000000
        9705000	       969	800008a0	ff558603	lb	x12,-11(x11)	 x11:0x80008203 x12=0x00000000 PA:0x800081f8
        9715000	       970	800008a4	020595a3	sh	x0,43(x11)	 x11:0x80008203  x0:0x00000000 PA:0x8000822e
        9725000	       971	800008a8	00000013	addi	x0,x0,0	  x0:0x00000000
        9735000	       972	800008ac	02458b23	sb	x4,54(x11)	 x11:0x80008203  x4:0x00000000 PA:0x80008239
        9745000	       973	800008b0	fe158423	sb	x1,-24(x11)	 x11:0x80008203  x1:0x00000000 PA:0x800081eb
        9755000	       974	800008b4	01b5dc03	lhu	x24,27(x11)	 x11:0x80008203 x24=0x00000000 PA:0x8000821e
        9765000	       975	800008b8	006e87b3	add	x15,x29,x6	 x29:0x80009f60  x6:0x00000000 x15=0x80009f60
        9775000	       976	800008bc	03d582a3	sb	x29,37(x11)	 x11:0x80008203 x29:0x80009f60 PA:0x80008228
        9785000	       977	800008c0	41b95913	srai	x18,x18,0x1b	 x18:0x00000000 x18=0x00000000
        9795000	       978	800008c4	03e58b83	lb	x23,62(x11)	 x11:0x80008203 x23=0x00000000 PA:0x80008241
        9805000	       979	800008c8	01f58ba3	sb	x31,23(x11)	 x11:0x80008203 x31:0x00000000 PA:0x8000821a
        9815000	       980	800008cc	01fe9113	slli	x2,x29,0x1f	 x29:0x80009f60  x2=0x00000000
        9825000	       981	800008d0	00f58483	lb	x9,15(x11)	 x11:0x80008203  x9=0x00000000 PA:0x80008212
        9835000	       982	800008d4	fce58b83	lb	x23,-50(x11)	 x11:0x80008203 x23=0x00000000 PA:0x800081d1
        9845000	       983	800008d8	00d58e23	sb	x13,28(x11)	 x11:0x80008203 x13:0x00000000 PA:0x8000821f
        9855000	       984	800008dc	03258ca3	sb	x18,57(x11)	 x11:0x80008203 x18:0x00000000 PA:0x8000823c
        9865000	       985	800008e0	0205c503	lbu	x10,32(x11)	 x11:0x80008203 x10=0x00000000 PA:0x80008223
        9875000	       986	800008e4	0045c683	lbu	x13,4(x11)	 x11:0x80008203 x13=0x00000000 PA:0x80008207
        9885000	       987	800008e8	02858b83	lb	x23,40(x11)	 x11:0x80008203 x23=0x00000000 PA:0x8000822b
        9895000	       988	800008ec	2a522b13	slti	x22,x4,677	  x4:0x00000000 x22=0x00000001
        9905000	       989	800008f0	fe558f83	lb	x31,-27(x11)	 x11:0x80008203 x31=0x00000000 PA:0x800081e8
        9915000	       990	800008f4	fc75c703	lbu	x14,-57(x11)	 x11:0x80008203 x14=0x00000000 PA:0x800081ca
        9925000	       991	800008f8	003a5b93	srli	x23,x20,0x3	 x20:0x00000000 x23=0x00000000
        9935000	       992	800008fc	017accb3	xor	x25,x21,x23	 x21:0x00000001 x23:0x00000000 x25=0x00000001
        9945000	       993	80000900	fc858023	sb	x8,-64(x11)	 x11:0x80008203  x8:0x78d94dea PA:0x800081c3
        9955000	       994	80000904	03159ea3	sh	x17,61(x11)	 x11:0x80008203 x17:0x00000001 PA:0x80008240
        9965000	       995	80000908	fd359f03	lh	x30,-45(x11)	 x11:0x80008203 x30=0x00000000 PA:0x800081d6
        9975000	       996	8000090c	fc95cf83	lbu	x31,-55(x11)	 x11:0x80008203 x31=0x00000000 PA:0x800081cc
        9985000	       997	00000000	00000013	addi	x0,x0,0	  x0:0x00000000
        9995000	       998	80000910	266ff013	andi	x0,x31,614	 x31:0x00000000
       10005000	       999	80000914	03359883	lh	x17,51(x11)	 x11:0x80008203 x17=0x000000ea PA:0x80008236
       10015000	      1000	80000918	00000013	addi	x0,x0,0	  x0:0x00000000
       10025000	      1001	8000091c	fdf59f03	lh	x30,-33(x11)	 x11:0x80008203 x30=0x00000000 PA:0x800081e2
       10035000	      1002	80000920	011c28b3	slt	x17,x24,x17	 x24:0x00000000 x17:0x000000ea x17=0x00000001
       10045000	      1003	80000924	00858f83	lb	x31,8(x11)	 x11:0x80008203 x31=0x00000000 PA:0x8000820b
       10055000	      1004	80000928	00008117	auipc	x2,0x8	  x2=0x80008924
       10065000	      1005	8000092c	ef310113	addi	x2,x2,-269	  x2:0x80008924  x2=0x80008817
       10075000	      1006	80000930	fdc14c03	lbu	x24,-36(x2)	  x2:0x80008817 x24=0x00000000 PA:0x800087f3
       10085000	      1007	80000934	6d006f37	lui	x30,0x6d006	 x30=0x6d006000
       10095000	      1008	80000938	ffa10b03	lb	x22,-6(x2)	  x2:0x80008817 x22=0x00000000 PA:0x80008811
       10105000	      1009	8000093c	007205b3	add	x11,x4,x7	  x4:0x00000000  x7:0x00000000 x11=0x00000000
       10115000	      1010	80000940	f2414703	lbu	x14,-220(x2)	  x2:0x80008817 x14=0x00000000 PA:0x8000873b
       10125000	      1011	80000944	01e7db13	srli	x22,x15,0x1e	 x15:0x80009f60 x22=0x00000002
       10135000	      1012	80000948	00000013	addi	x0,x0,0	  x0:0x00000000
       10145000	      1013	8000094c	f4410b23	sb	x4,-170(x2)	  x2:0x80008817  x4:0x00000000 PA:0x8000876d
       10155000	      1014	80000950	c1640693	addi	x13,x8,-1002	  x8:0x78d94dea x13=0x78d94a00
       10165000	      1015	80000954	f4f10423	sb	x15,-184(x2)	  x2:0x80008817 x15:0x80009f60 PA:0x8000875f
       10175000	      1016	80000958	33ad0593	addi	x11,x26,826	 x26:0x00000000 x11=0x0000033a
       10185000	      1017	8000095c	00e75213	srli	x4,x14,0xe	 x14:0x00000000  x4=0x00000000
       10195000	      1018	80000960	0cd2c897	auipc	x17,0xcd2c	 x17=0x8cd2c95c
       10205000	      1019	80000964	f80113a3	sh	x0,-121(x2)	  x2:0x80008817  x0:0x00000000 PA:0x8000879e
       10215000	      1020	80000968	00000013	addi	x0,x0,0	  x0:0x00000000
       10225000	      1021	8000096c	40475513	srai	x10,x14,0x4	 x14:0x00000000 x10=0x00000000
       10235000	      1022	80000970	fdd10023	sb	x29,-64(x2)	  x2:0x80008817 x29:0x80009f60 PA:0x800087d7
       10245000	      1023	80000974	00ce1293	slli	x5,x28,0xc	 x28:0x00000000  x5=0x00000000
       10255000	      1024	80000978	fa410e23	sb	x4,-68(x2)	  x2:0x80008817  x4:0x00000000 PA:0x800087d3
       10265000	      1025	8000097c	00b41a93	slli	x21,x8,0xb	  x8:0x78d94dea x21=0xca6f5000
       10275000	      1026	80000980	fde10623	sb	x30,-52(x2)	  x2:0x80008817 x30:0x6d006000 PA:0x800087e3
       10285000	      1027	80000984	00e49193	slli	x3,x9,0xe	  x9:0x00000000  x3=0x00000000
       10295000	      1028	80000988	d472a693	slti	x13,x5,-697	  x5:0x00000000 x13=0x00000000
       10305000	      1029	8000098c	00a15b33	srl	x22,x2,x10	  x2:0x80008817 x10:0x00000000 x22=0x80008817
       10315000	      1030	80000990	0191c933	xor	x18,x3,x25	  x3:0x00000000 x25:0x00000001 x18=0x00000001
       10325000	      1031	80000994	237d0693	addi	x13,x26,567	 x26:0x00000000 x13=0x00000237
       10335000	      1032	80000998	f8515803	lhu	x16,-123(x2)	  x2:0x80008817 x16=0x00000000 PA:0x8000879c
       10345000	      1033	8000099c	0175c6b3	xor	x13,x11,x23	 x11:0x0000033a x23:0x00000000 x13=0x0000033a
       10355000	      1034	800009a0	01e6b733	sltu	x14,x13,x30	 x13:0x0000033a x30:0x6d006000 x14=0x00000001
       10365000	      1035	800009a4	41b95193	srai	x3,x18,0x1b	 x18:0x00000001  x3=0x00000000
       10375000	      1036	800009a8	f4912783	lw	x15,-183(x2)	  x2:0x80008817 x15=0x00000000 PA:0x80008760
       10385000	      1037	800009ac	01314333	xor	x6,x2,x19	  x2:0x80008817 x19:0x80009fc4  x6=0x000017d3
       10395000	      1038	800009b0	fc310c03	lb	x24,-61(x2)	  x2:0x80008817 x24=0x00000000 PA:0x800087da
       10405000	      1039	800009b4	6dcf3f93	sltiu	x31,x30,1756	 x30:0x6d006000 x31=0x00000000
       10415000	      1040	800009b8	f7d109a3	sb	x29,-141(x2)	  x2:0x80008817 x29:0x80009f60 PA:0x8000878a
       10425000	      1041	800009bc	f8c10303	lb	x6,-116(x2)	  x2:0x80008817  x6=0x00000000 PA:0x800087a3
       10435000	      1042	800009c0	ffd12d83	lw	x27,-3(x2)	  x2:0x80008817 x27=0x00000000 PA:0x80008814
       10445000	      1043	800009c4	fbc14283	lbu	x5,-68(x2)	  x2:0x80008817  x5=0x00000000 PA:0x800087d3
       10455000	      1044	800009c8	f0e10123	sb	x14,-254(x2)	  x2:0x80008817 x14:0x00000001 PA:0x80008719
       10465000	      1045	800009cc	e67f4b97	auipc	x23,0xe67f4	 x23=0x667f49c8
       10475000	      1046	800009d0	f1d12003	lw	x0,-227(x2)	  x2:0x80008817 PA:0x80008734
       10485000	      1047	800009d4	fba100a3	sb	x26,-95(x2)	  x2:0x80008817 x26:0x00000000 PA:0x800087b8
       10495000	      1048	800009d8	fc714f03	lbu	x30,-57(x2)	  x2:0x80008817 x30=0x00000000 PA:0x800087de
       10505000	      1049	800009dc	01ac42b3	xor	x5,x24,x26	 x24:0x00000000 x26:0x00000000  x5=0x00000000
       10515000	      1050	800009e0	00810023	sb	x8,0(x2)	  x2:0x80008817  x8:0x78d94dea PA:0x80008817
       10525000	      1051	800009e4	fc210083	lb	x1,-62(x2)	  x2:0x80008817  x1=0x00000000 PA:0x800087d9
       10535000	      1052	800009e8	0b5fbb93	sltiu	x23,x31,181	 x31:0x00000000 x23=0x00000001
       10545000	      1053	800009ec	e4722c13	slti	x24,x4,-441	  x4:0x00000000 x24=0x00000000
       10555000	      1054	800009f0	41075b93	srai	x23,x14,0x10	 x14:0x00000001 x23=0x00000000
       10565000	      1055	800009f4	01adbbb3	sltu	x23,x27,x26	 x27:0x00000000 x26:0x00000000 x23=0x00000000
       10575000	      1056	800009f8	01ebacb3	slt	x25,x23,x30	 x23:0x00000000 x30:0x00000000 x25=0x00000000
       10585000	      1057	800009fc	35038793	addi	x15,x7,848	  x7:0x00000000 x15=0x00000350
       10595000	      1058	80000a00	01aa3bb3	sltu	x23,x20,x26	 x20:0x00000000 x26:0x00000000 x23=0x00000000
       10605000	      1059	80000a04	1bf48593	addi	x11,x9,447	  x9:0x00000000 x11=0x000001bf
       10615000	      1060	80000a08	1f252b13	slti	x22,x10,498	 x10:0x00000000 x22=0x00000001
       10625000	      1061	80000a0c	0286ca63	blt	x13,x8,80000a40	 x13:0x0000033a  x8:0x78d94dea
       10635000	      1062	00000000	00000013	addi	x0,x0,0	  x0:0x00000000
       10645000	      1063	80000a3c	00000013	addi	x0,x0,0	  x0:0x00000000
       10655000	      1064	80000a40	0144c863	blt	x9,x20,80000a50	  x9:0x00000000 x20:0x00000000
       10665000	      1065	80000a44	004bc333	xor	x6,x23,x4	 x23:0x00000000  x4:0x00000000  x6=0x00000000
       10675000	      1066	80000a48	832df513	andi	x10,x27,-1998	 x27:0x00000000 x10=0x00000000
       10685000	      1067	80000a4c	01905733	srl	x14,x0,x25	  x0:0x00000000 x25:0x00000000 x14=0x00000000
       10695000	      1068	80000a50	01ce1c13	slli	x24,x28,0x1c	 x28:0x00000000 x24=0x00000000
       10705000	      1069	80000a54	0014f2b3	and	x5,x9,x1	  x9:0x00000000  x1:0x00000000  x5=0x00000000
       10715000	      1070	80000a58	ded0a213	slti	x4,x1,-531	  x1:0x00000000  x4=0x00000000
       10725000	      1071	80000a5c	419dd6b3	sra	x13,x27,x25	 x27:0x00000000 x25:0x00000000 x13=0x00000000
       10735000	      1072	80000a60	009592b3	sll	x5,x11,x9	 x11:0x000001bf  x9:0x00000000  x5=0x000001bf
       10745000	      1073	80000a64	03a2c863	blt	x5,x26,80000a94	  x5:0x000001bf x26:0x00000000
       10755000	      1074	80000a68	0001b033	sltu	x0,x3,x0	  x3:0x00000000  x0:0x00000000
       10765000	      1075	80000a6c	00889cb3	sll	x25,x17,x8	 x17:0x8cd2c95c  x8:0x78d94dea x25=0x4b257000
       10775000	      1076	80000a70	8e9dcb93	xori	x23,x27,-1815	 x27:0x00000000 x23=0xfffff8e9
       10785000	      1077	80000a74	690ba817	auipc	x16,0x690ba	 x16=0xe90baa70
       10795000	      1078	80000a78	d7204a93	xori	x21,x0,-654	  x0:0x00000000 x21=0xfffffd72
       10805000	      1079	80000a7c	0562d463	bge	x5,x22,80000ac4	  x5:0x000001bf x22:0x00000001
       10815000	      1080	00000000	00000013	addi	x0,x0,0	  x0:0x00000000
       10825000	      1081	80000ac0	00000013	addi	x0,x0,0	  x0:0x00000000
       10835000	      1082	80000ac4	035c4863	blt	x24,x21,80000af4	 x24:0x00000000 x21:0xfffffd72
       10845000	      1083	80000ac8	01fb5f93	srli	x31,x22,0x1f	 x22:0x00000001 x31=0x00000000
       10855000	      1084	80000acc	b06ce3b7	lui	x7,0xb06ce	  x7=0xb06ce000
       10865000	      1085	80000ad0	016ed1b3	srl	x3,x29,x22	 x29:0x80009f60 x22:0x00000001  x3=0x40004fb0
       10875000	      1086	80000ad4	0115a2b3	slt	x5,x11,x17	 x11:0x000001bf x17:0x8cd2c95c  x5=0x00000000
       10885000	      1087	80000ad8	043ec463	blt	x29,x3,80000b20	 x29:0x80009f60  x3:0x40004fb0
       10895000	      1088	00000000	00000013	addi	x0,x0,0	  x0:0x00000000
       10905000	      1089	80000b1c	00000013	addi	x0,x0,0	  x0:0x00000000
       10915000	      1090	80000b20	017846b3	xor	x13,x16,x23	 x16:0xe90baa70 x23:0xfffff8e9 x13=0x16f45299
       10925000	      1091	80000b24	cd1a7493	andi	x9,x20,-815	 x20:0x00000000  x9=0x00000000
       10935000	      1092	80000b28	40f15833	sra	x16,x2,x15	  x2:0x80008817 x15:0x00000350 x16=0xffff8000
       10945000	      1093	80000b2c	21633cb7	lui	x25,0x21633	 x25=0x21633000
       10955000	      1094	80000b30	458da213	slti	x4,x27,1112	 x27:0x00000000  x4=0x00000001
       10965000	      1095	80000b34	c9800893	addi	x17,x0,-872	  x0:0x00000000 x17=0xfffffc98
       10975000	      1096	80000b38	0134eab3	or	x21,x9,x19	  x9:0x00000000 x19:0x80009fc4 x21=0x80009fc4
       10985000	      1097	80000b3c	b98fad93	slti	x27,x31,-1128	 x31:0x00000000 x27=0x00000000
       10995000	      1098	80000b40	00fd7db3	and	x27,x26,x15	 x26:0x00000000 x15:0x00000350 x27=0x00000000
       11005000	      1099	80000b44	7d772c17	auipc	x24,0x7d772	 x24=0xfd772b40
       11015000	      1100	80000b48	013a0bb3	add	x23,x20,x19	 x20:0x00000000 x19:0x80009fc4 x23=0x80009fc4
       11025000	      1101	80000b4c	60cdcf13	xori	x30,x27,1548	 x27:0x00000000 x30=0x0000060c
       11035000	      1102	80000b50	01adc863	blt	x27,x26,80000b60	 x27:0x00000000 x26:0x00000000
       11045000	      1103	80000b54	40458d33	sub	x26,x11,x4	 x11:0x000001bf  x4:0x00000001 x26=0x000001be
       11055000	      1104	80000b58	00404333	xor	x6,x0,x4	  x0:0x00000000  x4:0x00000001  x6=0x00000001
       11065000	      1105	80000b5c	000b5733	srl	x14,x22,x0	 x22:0x00000001  x0:0x00000000 x14=0x00000001
       11075000	      1106	80000b60	00636c63	bltu	x6,x6,80000b78	  x6:0x00000001  x6:0x00000001
       11085000	      1107	80000b64	e9687293	andi	x5,x16,-362	 x16:0xffff8000  x5=0xffff8000
       11095000	      1108	80000b68	006c0c63	beq	x24,x6,80000b80	 x24:0xfd772b40  x6:0x00000001
       11105000	      1109	80000b6c	0095ec63	bltu	x11,x9,80000b84	 x11:0x000001bf  x9:0x00000000
       11115000	      1110	80000b70	ca906713	ori	x14,x0,-855	  x0:0x00000000 x14=0xfffffca9
       11125000	      1111	80000b74	41e2dd93	srai	x27,x5,0x1e	  x5:0xffff8000 x27=0xffffffff
       11135000	      1112	80000b78	d48f6d93	ori	x27,x30,-696	 x30:0x0000060c x27=0xffffff4c
       11145000	      1113	80000b7c	00fc74b3	and	x9,x24,x15	 x24:0xfd772b40 x15:0x00000350  x9=0x00000340
       11155000	      1114	80000b80	40c45793	srai	x15,x8,0xc	  x8:0x78d94dea x15=0x00078d94
       11165000	      1115	80000b84	030ac263	blt	x21,x16,80000ba8	 x21:0x80009fc4 x16:0xffff8000
       11175000	      1116	00000000	00000013	addi	x0,x0,0	  x0:0x00000000
       11185000	      1117	80000ba4	00000013	addi	x0,x0,0	  x0:0x00000000
       11195000	      1118	80000ba8	cbf54b93	xori	x23,x10,-833	 x10:0x00000000 x23=0xfffffcbf
       11205000	      1119	80000bac	015ee233	or	x4,x29,x21	 x29:0x80009f60 x21:0x80009fc4  x4=0x80009fe4
       11215000	      1120	80000bb0	0006aa33	slt	x20,x13,x0	 x13:0x16f45299  x0:0x00000000 x20=0x00000000
       11225000	      1121	80000bb4	05c64b13	xori	x22,x12,92	 x12:0x00000000 x22=0x0000005c
       11235000	      1122	80000bb8	0054c133	xor	x2,x9,x5	  x9:0x00000340  x5:0xffff8000  x2=0xffff8340
       11245000	      1123	80000bbc	00a28133	add	x2,x5,x10	  x5:0xffff8000 x10:0x00000000  x2=0xffff8000
       11255000	      1124	80000bc0	0186a7b3	slt	x15,x13,x24	 x13:0x16f45299 x24:0xfd772b40 x15=0x00000000
       11265000	      1125	80000bc4	0096cbb3	xor	x23,x13,x9	 x13:0x16f45299  x9:0x00000340 x23=0x16f451d9
       11275000	      1126	80000bc8	00e27863	bgeu	x4,x14,80000bd8	  x4:0x80009fe4 x14:0xfffffca9
       11285000	      1127	80000bcc	2e46e293	ori	x5,x13,740	 x13:0x16f45299  x5=0x16f452fd
       11295000	      1128	80000bd0	b4aa8e13	addi	x28,x21,-1206	 x21:0x80009fc4 x28=0x80009b0e
       11305000	      1129	80000bd4	cdb87c13	andi	x24,x16,-805	 x16:0xffff8000 x24=0xffff8000
       11315000	      1130	80000bd8	0021d033	srl	x0,x3,x2	  x3:0x40004fb0  x2:0xffff8000
       11325000	      1131	80000bdc	00c63cb3	sltu	x25,x12,x12	 x12:0x00000000 x12:0x00000000 x25=0x00000000
       11335000	      1132	80000be0	b8310713	addi	x14,x2,-1149	  x2:0xffff8000 x14=0xffff7b83
       11345000	      1133	80000be4	410fed13	ori	x26,x31,1040	 x31:0x00000000 x26=0x00000410
       11355000	      1134	80000be8	41b0d133	sra	x2,x1,x27	  x1:0x00000000 x27:0xffffff4c  x2=0x00000000
       11365000	      1135	80000bec	016dd833	srl	x16,x27,x22	 x27:0xffffff4c x22:0x0000005c x16=0x0000000f
       11375000	      1136	80000bf0	04417663	bgeu	x2,x4,80000c3c	  x2:0x00000000  x4:0x80009fe4
       11385000	      1137	80000bf4	01b9f863	bgeu	x19,x27,80000c04	 x19:0x80009fc4 x27:0xffffff4c
       11395000	      1138	80000bf8	017de933	or	x18,x27,x23	 x27:0xffffff4c x23:0x16f451d9 x18=0xffffffdd
       11405000	      1139	80000bfc	00cedc63	bge	x29,x12,80000c14	 x29:0x80009f60 x12:0x00000000
       11415000	      1140	80000c00	011b8033	add	x0,x23,x17	 x23:0x16f451d9 x17:0xfffffc98
       11425000	      1141	80000c04	41cdd393	srai	x7,x27,0x1c	 x27:0xffffff4c  x7=0xffffffff
       11435000	      1142	80000c08	00d88f33	add	x30,x17,x13	 x17:0xfffffc98 x13:0x16f45299 x30=0x16f44f31
       11445000	      1143	80000c0c	00494cb3	xor	x25,x18,x4	 x18:0xffffffdd  x4:0x80009fe4 x25=0x7fff6039
       11455000	      1144	80000c10	4050d2b3	sra	x5,x1,x5	  x1:0x00000000  x5:0x16f452fd  x5=0x00000000
       11465000	      1145	80000c14	01a55b13	srli	x22,x10,0x1a	 x10:0x00000000 x22=0x00000000
       11475000	      1146	80000c18	011e1313	slli	x6,x28,0x11	 x28:0x80009b0e  x6=0x361c0000
       11485000	      1147	80000c1c	891f8393	addi	x7,x31,-1903	 x31:0x00000000  x7=0xfffff891
       11495000	      1148	80000c20	41cd5d33	sra	x26,x26,x28	 x26:0x00000410 x28:0x80009b0e x26=0x00000000
       11505000	      1149	80000c24	00561863	bne	x12,x5,80000c34	 x12:0x00000000  x5:0x00000000
       11515000	      1150	80000c28	04e15463	bge	x2,x14,80000c70	  x2:0x00000000 x14:0xffff7b83
       11525000	      1151	00000000	00000013	addi	x0,x0,0	  x0:0x00000000
       11535000	      1152	80000c6c	00000013	addi	x0,x0,0	  x0:0x00000000
       11545000	      1153	80000c70	86450397	auipc	x7,0x86450	  x7=0x06450c6c
       11555000	      1154	80000c74	40bf8233	sub	x4,x31,x11	 x31:0x00000000 x11:0x000001bf  x4=0xfffffe41
       11565000	      1155	80000c78	e6d5ad93	slti	x27,x11,-403	 x11:0x000001bf x27=0x00000000
       11575000	      1156	80000c7c	414a0933	sub	x18,x20,x20	 x20:0x00000000 x20:0x00000000 x18=0x00000000
       11585000	      1157	80000c80	02876e63	bltu	x14,x8,80000cbc	 x14:0xffff7b83  x8:0x78d94dea
       11595000	      1158	80000c84	02608863	beq	x1,x6,80000cb4	  x1:0x00000000  x6:0x361c0000
       11605000	      1159	80000c88	7378e597	auipc	x11,0x7378e	 x11=0xf378ec84
       11615000	      1160	80000c8c	41e3dfb3	sra	x31,x7,x30	  x7:0x06450c6c x30:0x16f44f31 x31=0x00000322
       11625000	      1161	80000c90	fdf87593	andi	x11,x16,-33	 x16:0x0000000f x11=0x0000000f
       11635000	      1162	80000c94	af9951b7	lui	x3,0xaf995	  x3=0xaf995000
       11645000	      1163	80000c98	cf2efd93	andi	x27,x29,-782	 x29:0x80009f60 x27=0x80009c60
       11655000	      1164	80000c9c	01d35393	srli	x7,x6,0x1d	  x6:0x361c0000  x7=0x00000001
       11665000	      1165	80000ca0	c57eb793	sltiu	x15,x29,-937	 x29:0x80009f60 x15=0x00000001
       11675000	      1166	80000ca4	0eede063	bltu	x27,x14,80000d84	 x27:0x80009c60 x14:0xffff7b83
       11685000	      1167	00000000	00000013	addi	x0,x0,0	  x0:0x00000000
       11695000	      1168	80000d80	00000013	addi	x0,x0,0	  x0:0x00000000
       11705000	      1169	80000d84	6cce7c93	andi	x25,x28,1740	 x28:0x80009b0e x25=0x0000020c
       11715000	      1170	80000d88	e0164f93	xori	x31,x12,-511	 x12:0x00000000 x31=0xfffffe01
       11725000	      1171	80000d8c	2a1e2113	slti	x2,x28,673	 x28:0x80009b0e  x2=0x00000001
       11735000	      1172	80000d90	0037c263	blt	x15,x3,80000d94	 x15:0x00000001  x3:0xaf995000
       11745000	      1173	80000d94	01e96263	bltu	x18,x30,80000d98	 x18:0x00000000 x30:0x16f44f31
       11755000	      1174	00000000	00000013	addi	x0,x0,0	  x0:0x00000000
       11765000	      1175	80000d94	00000013	addi	x0,x0,0	  x0:0x00000000
       11775000	      1176	80000d98	04edd063	bge	x27,x14,80000dd8	 x27:0x80009c60 x14:0xffff7b83
       11785000	      1177	80000d9c	0193e5b3	or	x11,x7,x25	  x7:0x00000001 x25:0x0000020c x11=0x0000020d
       11795000	      1178	80000da0	22793697	auipc	x13,0x22793	 x13=0xa2793d9c
       11805000	      1179	80000da4	033c7663	bgeu	x24,x19,80000dd0	 x24:0xffff8000 x19:0x80009fc4
       11815000	      1180	00000000	00000013	addi	x0,x0,0	  x0:0x00000000
       11825000	      1181	80000dcc	00000013	addi	x0,x0,0	  x0:0x00000000
       11835000	      1182	80000dd0	fc25f4b7	lui	x9,0xfc25f	  x9=0xfc25f000
       11845000	      1183	80000dd4	40de58b3	sra	x17,x28,x13	 x28:0x80009b0e x13:0xa2793d9c x17=0xfffffff8
       11855000	      1184	80000dd8	72734813	xori	x16,x6,1831	  x6:0x361c0000 x16=0x361c0727
       11865000	      1185	80000ddc	d20b8313	addi	x6,x23,-736	 x23:0x16f451d9  x6=0x16f44ef9
       11875000	      1186	80000de0	40065793	srai	x15,x12,0x0	 x12:0x00000000 x15=0x00000000
       11885000	      1187	80000de4	e4f10793	addi	x15,x2,-433	  x2:0x00000001 x15=0xfffffe50
       11895000	      1188	80000de8	8b173393	sltiu	x7,x14,-1871	 x14:0xffff7b83  x7=0x00000001
       11905000	      1189	80000dec	0121b333	sltu	x6,x3,x18	  x3:0xaf995000 x18:0x00000000  x6=0x00000000
       11915000	      1190	80000df0	01796733	or	x14,x18,x23	 x18:0x00000000 x23:0x16f451d9 x14=0x16f451d9
       11925000	      1191	80000df4	222fcd13	xori	x26,x31,546	 x31:0xfffffe01 x26=0xfffffc23
       11935000	      1192	80000df8	90a46113	ori	x2,x8,-1782	  x8:0x78d94dea  x2=0xfffffdea
       11945000	      1193	80000dfc	00b14fb3	xor	x31,x2,x11	  x2:0xfffffdea x11:0x0000020d x31=0xffffffe7
       11955000	      1194	80000e00	988f5cb7	lui	x25,0x988f5	 x25=0x988f5000
       11965000	      1195	80000e04	012d5663	bge	x26,x18,80000e10	 x26:0xfffffc23 x18:0x00000000
       11975000	      1196	80000e08	05504863	blt	x0,x21,80000e58	  x0:0x00000000 x21:0x80009fc4
       11985000	      1197	80000e0c	411f5393	srai	x7,x30,0x11	 x30:0x16f44f31  x7=0x00000b7a
       11995000	      1198	80000e10	03657c63	bgeu	x10,x22,80000e48	 x10:0x00000000 x22:0x00000000
       12005000	      1199	00000000	00000013	addi	x0,x0,0	  x0:0x00000000
       12015000	      1200	80000e44	00000013	addi	x0,x0,0	  x0:0x00000000
       12025000	      1201	80000e48	d4966593	ori	x11,x12,-695	 x12:0x00000000 x11=0xfffffd49
       12035000	      1202	80000e4c	04876663	bltu	x14,x8,80000e98	 x14:0x16f451d9  x8:0x78d94dea
       12045000	      1203	00000000	00000013	addi	x0,x0,0	  x0:0x00000000
       12055000	      1204	80000e94	00000013	addi	x0,x0,0	  x0:0x00000000
       12065000	      1205	80000e98	0109dbb3	srl	x23,x19,x16	 x19:0x80009fc4 x16:0x361c0727 x23=0x0100013f
       12075000	      1206	80000e9c	2def4c93	xori	x25,x30,734	 x30:0x16f44f31 x25=0x16f44def
       12085000	      1207	80000ea0	41675a33	sra	x20,x14,x22	 x14:0x16f451d9 x22:0x00000000 x20=0x16f451d9
       12095000	      1208	80000ea4	018156b3	srl	x13,x2,x24	  x2:0xfffffdea x24:0xffff8000 x13=0xfffffdea
       12105000	      1209	80000ea8	00000013	addi	x0,x0,0	  x0:0x00000000
       12115000	      1210	80000eac	00a201b3	add	x3,x4,x10	  x4:0xfffffe41 x10:0x00000000  x3=0xfffffe41
       12125000	      1211	80000eb0	00ec9813	slli	x16,x25,0xe	 x25:0x16f44def x16=0x137bc000
       12135000	      1212	80000eb4	016edf93	srli	x31,x29,0x16	 x29:0x80009f60 x31=0x00000200
       12145000	      1213	80000eb8	01145633	srl	x12,x8,x17	  x8:0x78d94dea x17:0xfffffff8 x12=0x00000078
       12155000	      1214	80000ebc	0169f263	bgeu	x19,x22,80000ec0	 x19:0x80009fc4 x22:0x00000000
       12165000	      1215	00000000	00000013	addi	x0,x0,0	  x0:0x00000000
       12175000	      1216	80000ebc	00000013	addi	x0,x0,0	  x0:0x00000000
       12185000	      1217	80000ec0	000146b3	xor	x13,x2,x0	  x2:0xfffffdea  x0:0x00000000 x13=0xfffffdea
       12195000	      1218	80000ec4	c60dbc13	sltiu	x24,x27,-928	 x27:0x80009c60 x24=0x00000001
       12205000	      1219	80000ec8	00114863	blt	x2,x1,80000ed8	  x2:0xfffffdea  x1:0x00000000
       12215000	      1220	00000000	00000013	addi	x0,x0,0	  x0:0x00000000
       12225000	      1221	80000ed4	00000013	addi	x0,x0,0	  x0:0x00000000
       12235000	      1222	80000ed8	d18b2793	slti	x15,x22,-744	 x22:0x00000000 x15=0x00000000
       12245000	      1223	80000edc	03287663	bgeu	x16,x18,80000f08	 x16:0x137bc000 x18:0x00000000
       12255000	      1224	00000000	00000013	addi	x0,x0,0	  x0:0x00000000
       12265000	      1225	80000f04	00000013	addi	x0,x0,0	  x0:0x00000000
       12275000	      1226	80000f08	0da4fb13	andi	x22,x9,218	  x9:0xfc25f000 x22=0x00000000
       12285000	      1227	80000f0c	d24de013	ori	x0,x27,-732	 x27:0x80009c60
       12295000	      1228	80000f10	41660633	sub	x12,x12,x22	 x12:0x00000078 x22:0x00000000 x12=0x00000078
       12305000	      1229	80000f14	01de5863	bge	x28,x29,80000f24	 x28:0x80009b0e x29:0x80009f60
       12315000	      1230	80000f18	5fa26913	ori	x18,x4,1530	  x4:0xfffffe41 x18=0xfffffffb
       12325000	      1231	80000f1c	404c5313	srai	x6,x24,0x4	 x24:0x00000001  x6=0x00000000
       12335000	      1232	80000f20	266ba613	slti	x12,x23,614	 x23:0x0100013f x12=0x00000000
       12345000	      1233	80000f24	01034fb3	xor	x31,x6,x16	  x6:0x00000000 x16:0x137bc000 x31=0x137bc000
       12355000	      1234	80000f28	03246863	bltu	x8,x18,80000f58	  x8:0x78d94dea x18:0xfffffffb
       12365000	      1235	00000000	00000013	addi	x0,x0,0	  x0:0x00000000
       12375000	      1236	80000f54	00000013	addi	x0,x0,0	  x0:0x00000000
       12385000	      1237	80000f58	00d09f13	slli	x30,x1,0xd	  x1:0x00000000 x30=0x00000000
       12395000	      1238	80000f5c	9b41c2b7	lui	x5,0x9b41c	  x5=0x9b41c000
       12405000	      1239	80000f60	0162fc63	bgeu	x5,x22,80000f78	  x5:0x9b41c000 x22:0x00000000
       12415000	      1240	00000000	00000013	addi	x0,x0,0	  x0:0x00000000
       12425000	      1241	80000f74	00000013	addi	x0,x0,0	  x0:0x00000000
       12435000	      1242	80000f78	012bc863	blt	x23,x18,80000f88	 x23:0x0100013f x18:0xfffffffb
       12445000	      1243	80000f7c	031b7f13	andi	x30,x22,49	 x22:0x00000000 x30=0x00000000
       12455000	      1244	80000f80	00000013	addi	x0,x0,0	  x0:0x00000000
       12465000	      1245	80000f84	018f5c63	bge	x30,x24,80000f9c	 x30:0x00000000 x24:0x00000001
       12475000	      1246	80000f88	008bb3b3	sltu	x7,x23,x8	 x23:0x0100013f  x8:0x78d94dea  x7=0x00000001
       12485000	      1247	80000f8c	00229663	bne	x5,x2,80000f98	  x5:0x9b41c000  x2:0xfffffdea
       12495000	      1248	00000000	00000013	addi	x0,x0,0	  x0:0x00000000
       12505000	      1249	80000f94	00000013	addi	x0,x0,0	  x0:0x00000000
       12515000	      1250	80000f98	07fdf213	andi	x4,x27,127	 x27:0x80009c60  x4=0x00000060
       12525000	      1251	80000f9c	008f7933	and	x18,x30,x8	 x30:0x00000000  x8:0x78d94dea x18=0x00000000
       12535000	      1252	80000fa0	f8a00b13	addi	x22,x0,-118	  x0:0x00000000 x22=0xffffff8a
       12545000	      1253	80000fa4	00000013	addi	x0,x0,0	  x0:0x00000000
       12555000	      1254	80000fa8	01b69533	sll	x10,x13,x27	 x13:0xfffffdea x27:0x80009c60 x10=0xfffffdea
       12565000	      1255	80000fac	95618093	addi	x1,x3,-1706	  x3:0xfffffe41  x1=0xfffff797
       12575000	      1256	80000fb0	6587c193	xori	x3,x15,1624	 x15:0x00000000  x3=0x00000658
       12585000	      1257	80000fb4	e8cc3213	sltiu	x4,x24,-372	 x24:0x00000001  x4=0x00000001
       12595000	      1258	80000fb8	05367863	bgeu	x12,x19,80001008	 x12:0x00000000 x19:0x80009fc4
       12605000	      1259	80000fbc	02085e63	bge	x16,x0,80000ff8	 x16:0x137bc000  x0:0x00000000
       12615000	      1260	00000000	00000013	addi	x0,x0,0	  x0:0x00000000
       12625000	      1261	80000ff4	00000013	addi	x0,x0,0	  x0:0x00000000
       12635000	      1262	80000ff8	799fbc37	lui	x24,0x799fb	 x24=0x799fb000
       12645000	      1263	80000ffc	014b0db3	add	x27,x22,x20	 x22:0xffffff8a x20:0x16f451d9 x27=0x16f45163
       12655000	      1264	80001000	00bfec63	bltu	x31,x11,80001018	 x31:0x137bc000 x11:0xfffffd49
       12665000	      1265	00000000	00000013	addi	x0,x0,0	  x0:0x00000000
       12675000	      1266	80001014	00000013	addi	x0,x0,0	  x0:0x00000000
       12685000	      1267	80001018	01f03133	sltu	x2,x0,x31	  x0:0x00000000 x31:0x137bc000  x2=0x00000001
       12695000	      1268	8000101c	00f0d893	srli	x17,x1,0xf	  x1:0xfffff797 x17=0x0001ffff
       12705000	      1269	80001020	0546c663	blt	x13,x20,8000106c	 x13:0xfffffdea x20:0x16f451d9
       12715000	      1270	00000000	00000013	addi	x0,x0,0	  x0:0x00000000
       12725000	      1271	80001068	00000013	addi	x0,x0,0	  x0:0x00000000
       12735000	      1272	8000106c	00aac833	xor	x16,x21,x10	 x21:0x80009fc4 x10:0xfffffdea x16=0x7fff622e
       12745000	      1273	80001070	4a892513	slti	x10,x18,1192	 x18:0x00000000 x10=0x00000001
       12755000	      1274	80001074	e871bc13	sltiu	x24,x3,-377	  x3:0x00000658 x24=0x00000001
       12765000	      1275	80001078	84448193	addi	x3,x9,-1980	  x9:0xfc25f000  x3=0xfc25e844
       12775000	      1276	8000107c	0078e863	bltu	x17,x7,8000108c	 x17:0x0001ffff  x7:0x00000001
       12785000	      1277	80001080	00a091b3	sll	x3,x1,x10	  x1:0xfffff797 x10:0x00000001  x3=0xffffef2e
       12795000	      1278	80001084	00241b13	slli	x22,x8,0x2	  x8:0x78d94dea x22=0xe36537a8
       12805000	      1279	80001088	034f8d93	addi	x27,x31,52	 x31:0x137bc000 x27=0x137bc034
       12815000	      1280	8000108c	0cc17e63	bgeu	x2,x12,80001168	  x2:0x00000001 x12:0x00000000
       12825000	      1281	00000000	00000013	addi	x0,x0,0	  x0:0x00000000
       12835000	      1282	80001164	00000013	addi	x0,x0,0	  x0:0x00000000
       12845000	      1283	80001168	d7bb7393	andi	x7,x22,-645	 x22:0xe36537a8  x7=0xe3653528
       12855000	      1284	8000116c	f7bc2613	slti	x12,x24,-133	 x24:0x00000001 x12=0x00000000
       12865000	      1285	80001170	00804f33	xor	x30,x0,x8	  x0:0x00000000  x8:0x78d94dea x30=0x78d94dea
       12875000	      1286	80001174	2d070313	addi	x6,x14,720	 x14:0x16f451d9  x6=0x16f454a9
       12885000	      1287	80001178	01cb8c33	add	x24,x23,x28	 x23:0x0100013f x28:0x80009b0e x24=0x81009c4d
       12895000	      1288	8000117c	00000013	addi	x0,x0,0	  x0:0x00000000
       12905000	      1289	80001180	01837d33	and	x26,x6,x24	  x6:0x16f454a9 x24:0x81009c4d x26=0x00001409
       12915000	      1290	80001184	0155d263	bge	x11,x21,80001188	 x11:0xfffffd49 x21:0x80009fc4
       12925000	      1291	00000000	00000013	addi	x0,x0,0	  x0:0x00000000
       12935000	      1292	80001184	00000013	addi	x0,x0,0	  x0:0x00000000
       12945000	      1293	80001188	006880b3	add	x1,x17,x6	 x17:0x0001ffff  x6:0x16f454a9  x1=0x16f654a8
       12955000	      1294	8000118c	00d5e863	bltu	x11,x13,8000119c	 x11:0xfffffd49 x13:0xfffffdea
       12965000	      1295	00000000	00000013	addi	x0,x0,0	  x0:0x00000000
       12975000	      1296	80001198	00000013	addi	x0,x0,0	  x0:0x00000000
       12985000	      1297	8000119c	40678733	sub	x14,x15,x6	 x15:0x00000000  x6:0x16f454a9 x14=0xe90bab57
       12995000	      1298	800011a0	019df033	and	x0,x27,x25	 x27:0x137bc034 x25:0x16f44def
       13005000	      1299	800011a4	99b84713	xori	x14,x16,-1637	 x16:0x7fff622e x14=0x80009bb5
       13015000	      1300	800011a8	00db7263	bgeu	x22,x13,800011ac	 x22:0xe36537a8 x13:0xfffffdea
       13025000	      1301	800011ac	01ddf263	bgeu	x27,x29,800011b0	 x27:0x137bc034 x29:0x80009f60
       13035000	      1302	800011b0	00b87c33	and	x24,x16,x11	 x16:0x7fff622e x11:0xfffffd49 x24=0x7fff6008
       13045000	      1303	800011b4	e60b5517	auipc	x10,0xe60b5	 x10=0x660b61b0
       13055000	      1304	800011b8	a2eea613	slti	x12,x29,-1490	 x29:0x80009f60 x12=0x00000001
       13065000	      1305	800011bc	010d8fb3	add	x31,x27,x16	 x27:0x137bc034 x16:0x7fff622e x31=0x937b2262
       13075000	      1306	800011c0	41ddd033	sra	x0,x27,x29	 x27:0x137bc034 x29:0x80009f60
       13085000	      1307	800011c4	004ea083	lw	x1,4(x29)	 x29:0x80009f60  x1=0x80001e3c PA:0x80009f64
       13095000	      1308	800011c8	00ce8e93	addi	x29,x29,12	 x29:0x80009f60 x29=0x80009f6c
       13105000	      1309	800011cc	01fad533	srl	x10,x21,x31	 x21:0x80009fc4 x31:0x937b2262 x10=0x200027f1
       13115000	      1310	800011d0	00008513	addi	x10,x1,0	  x1:0x80001e3c x10=0x80001e3c
       13125000	      1311	800011d4	00050567	jalr	x10,x10,0	 x10:0x80001e3c x10=0x800011d4
       13135000	      1312	00000000	00000013	addi	x0,x0,0	  x0:0x00000000
       13145000	      1313	80001e3c	00000013	addi	x0,x0,0	  x0:0x00000000
       13155000	      1314	80001e40	013a96b3	sll	x13,x21,x19	 x21:0x80009fc4 x19:0x80009fc4 x13=0x0009fc40
       13165000	      1315	80001e44	01068e63	beq	x13,x16,80001e60	 x13:0x0009fc40 x16:0x7fff622e
       13175000	      1316	80001e48	029c8e63	beq	x25,x9,80001e84	 x25:0x16f44def  x9:0xfc25f000
       13185000	      1317	80001e4c	01044233	xor	x4,x8,x16	  x8:0x78d94dea x16:0x7fff622e  x4=0x07262fc4
       13195000	      1318	80001e50	d3004393	xori	x7,x0,-720	  x0:0x00000000  x7=0xfffffd30
       13205000	      1319	80001e54	7507e593	ori	x11,x15,1872	 x15:0x00000000 x11=0x00000750
       13215000	      1320	80001e58	40ad5c93	srai	x25,x26,0xa	 x26:0x00001409 x25=0x00000005
       13225000	      1321	80001e5c	e83f0c93	addi	x25,x30,-381	 x30:0x78d94dea x25=0x78d94c6d
       13235000	      1322	80001e60	3d36ac13	slti	x24,x13,979	 x13:0x0009fc40 x24=0x00000000
       13245000	      1323	80001e64	00052033	slt	x0,x10,x0	 x10:0x800011d4  x0:0x00000000
       13255000	      1324	80001e68	05618863	beq	x3,x22,80001eb8	  x3:0xffffef2e x22:0xe36537a8
       13265000	      1325	80001e6c	419150b3	sra	x1,x2,x25	  x2:0x00000001 x25:0x78d94c6d  x1=0x00000000
       13275000	      1326	80001e70	01233f33	sltu	x30,x6,x18	  x6:0x16f454a9 x18:0x00000000 x30=0x00000000
       13285000	      1327	80001e74	d80a7313	andi	x6,x20,-640	 x20:0x16f451d9  x6=0x16f45180
       13295000	      1328	80001e78	013b1b93	slli	x23,x22,0x13	 x22:0xe36537a8 x23=0xbd400000
       13305000	      1329	80001e7c	028e5863	bge	x28,x8,80001eac	 x28:0x80009b0e  x8:0x78d94dea
       13315000	      1330	80001e80	00000013	addi	x0,x0,0	  x0:0x00000000
       13325000	      1331	80001e84	bab5c693	xori	x13,x11,-1109	 x11:0x00000750 x13=0xfffffcfb
       13335000	      1332	80001e88	0275dc63	bge	x11,x7,80001ec0	 x11:0x00000750  x7:0xfffffd30
       13345000	      1333	00000000	00000013	addi	x0,x0,0	  x0:0x00000000
       13355000	      1334	80001ebc	00000013	addi	x0,x0,0	  x0:0x00000000
       13365000	      1335	80001ec0	00eaee33	or	x28,x21,x14	 x21:0x80009fc4 x14:0x80009bb5 x28=0x80009ff5
       13375000	      1336	80001ec4	002e4333	xor	x6,x28,x2	 x28:0x80009ff5  x2:0x00000001  x6=0x80009ff4
       13385000	      1337	80001ec8	00e6db93	srli	x23,x13,0xe	 x13:0xfffffcfb x23=0x0003ffff
       13395000	      1338	80001ecc	00fc6ab3	or	x21,x24,x15	 x24:0x00000000 x15:0x00000000 x21=0x00000000
       13405000	      1339	80001ed0	c8e08c13	addi	x24,x1,-882	  x1:0x00000000 x24=0xfffffc8e
       13415000	      1340	80001ed4	758bf897	auipc	x17,0x758bf	 x17=0xf58c0ed0
       13425000	      1341	80001ed8	2b914713	xori	x14,x2,697	  x2:0x00000001 x14=0x000002b8
       13435000	      1342	80001edc	015b2333	slt	x6,x22,x21	 x22:0xe36537a8 x21:0x00000000  x6=0x00000001
       13445000	      1343	80001ee0	00321913	slli	x18,x4,0x3	  x4:0x07262fc4 x18=0x39317e20
       13455000	      1344	80001ee4	d93b7f37	lui	x30,0xd93b7	 x30=0xd93b7000
       13465000	      1345	80001ee8	0190fab3	and	x21,x1,x25	  x1:0x00000000 x25:0x78d94c6d x21=0x00000000
       13475000	      1346	80001eec	f3089697	auipc	x13,0xf3089	 x13=0x7308aee8
       13485000	      1347	80001ef0	03a59c63	bne	x11,x26,80001f28	 x11:0x00000750 x26:0x00001409
       13495000	      1348	00000000	00000013	addi	x0,x0,0	  x0:0x00000000
       13505000	      1349	80001f24	00000013	addi	x0,x0,0	  x0:0x00000000
       13515000	      1350	80001f28	01e81913	slli	x18,x16,0x1e	 x16:0x7fff622e x18=0x80000000
       13525000	      1351	80001f2c	0a66d263	bge	x13,x6,80001fd0	 x13:0x7308aee8  x6:0x00000001
       13535000	      1352	00000000	00000013	addi	x0,x0,0	  x0:0x00000000
       13545000	      1353	80001fcc	00000013	addi	x0,x0,0	  x0:0x00000000
       13555000	      1354	80001fd0	0080d813	srli	x16,x1,0x8	  x1:0x00000000 x16=0x00000000
       13565000	      1355	80001fd4	00355f13	srli	x30,x10,0x3	 x10:0x800011d4 x30=0x1000023a
       13575000	      1356	80001fd8	16cb0917	auipc	x18,0x16cb0	 x18=0x96cb1fd4
       13585000	      1357	80001fdc	004ea083	lw	x1,4(x29)	 x29:0x80009f6c  x1=0x80000134 PA:0x80009f70
       13595000	      1358	80001fe0	018e8e93	addi	x29,x29,24	 x29:0x80009f6c x29=0x80009f84
       13605000	      1359	80001fe4	00b29033	sll	x0,x5,x11	  x5:0x9b41c000 x11:0x00000750
       13615000	      1360	80001fe8	0019e333	or	x6,x19,x1	 x19:0x80009fc4  x1:0x80000134  x6=0x80009ff4
       13625000	      1361	80001fec	41f5dc33	sra	x24,x11,x31	 x11:0x00000750 x31:0x937b2262 x24=0x000001d4
       13635000	      1362	80001ff0	000e8b33	add	x22,x29,x0	 x29:0x80009f84  x0:0x00000000 x22=0x80009f84
       13645000	      1363	80001ff4	410603b3	sub	x7,x12,x16	 x12:0x00000001 x16:0x00000000  x7=0x00000001
       13655000	      1364	80001ff8	424a6613	ori	x12,x20,1060	 x20:0x16f451d9 x12=0x16f455fd
       13665000	      1365	80001ffc	00108e13	addi	x28,x1,1	  x1:0x80000134 x28=0x80000135
       13675000	      1366	80002000	000e0e67	jalr	x28,x28,0	 x28:0x80000135 x28=0x80002000
       13685000	      1367	00000000	00000013	addi	x0,x0,0	  x0:0x00000000
       13695000	      1368	80000134	00000013	addi	x0,x0,0	  x0:0x00000000
       13705000	      1369	80000138	00009517	auipc	x10,0x9	 x10=0x80009134
       13715000	      1370	8000013c	b0850513	addi	x10,x10,-1272	 x10:0x80009134 x10=0x80008c3c
       13725000	      1371	80000140	00a54183	lbu	x3,10(x10)	 x10:0x80008c3c  x3=0x00000000 PA:0x80008c46
       13735000	      1372	80000144	ff6502a3	sb	x22,-27(x10)	 x10:0x80008c3c x22:0x80009f84 PA:0x80008c21
       13745000	      1373	80000148	ff854083	lbu	x1,-8(x10)	 x10:0x80008c3c  x1=0x00000000 PA:0x80008c34
       13755000	      1374	8000014c	00350f03	lb	x30,3(x10)	 x10:0x80008c3c x30=0x00000000 PA:0x80008c3f
       13765000	      1375	80000150	01fdbb33	sltu	x22,x27,x31	 x27:0x137bc034 x31:0x937b2262 x22=0x00000001
       13775000	      1376	80000154	00f4bdb3	sltu	x27,x9,x15	  x9:0xfc25f000 x15:0x00000000 x27=0x00000000
       13785000	      1377	80000158	ffb51523	sh	x27,-22(x10)	 x10:0x80008c3c x27:0x00000000 PA:0x80008c26
       13795000	      1378	8000015c	ff450ba3	sb	x20,-9(x10)	 x10:0x80008c3c x20:0x16f451d9 PA:0x80008c33
       13805000	      1379	80000160	fce50ba3	sb	x14,-41(x10)	 x10:0x80008c3c x14:0x000002b8 PA:0x80008c13
       13815000	      1380	80000164	cc431217	auipc	x4,0xcc431	  x4=0x4c431160
       13825000	      1381	80000168	01631933	sll	x18,x6,x22	  x6:0x80009ff4 x22:0x00000001 x18=0x00013fe8
       13835000	      1382	8000016c	c271b813	sltiu	x16,x3,-985	  x3:0x00000000 x16=0x00000001
       13845000	      1383	80000170	82f28f93	addi	x31,x5,-2001	  x5:0x9b41c000 x31=0x9b41b82f
       13855000	      1384	80000174	fc055a03	lhu	x20,-64(x10)	 x10:0x80008c3c x20=0x00000000 PA:0x80008bfc
       13865000	      1385	80000178	e8310693	addi	x13,x2,-381	  x2:0x00000001 x13=0xfffffe84
       13875000	      1386	8000017c	0038f0b3	and	x1,x17,x3	 x17:0xf58c0ed0  x3:0x00000000  x1=0x00000000
       13885000	      1387	80000180	9d8e7913	andi	x18,x28,-1576	 x28:0x80002000 x18=0x80002000
       13895000	      1388	80000184	01b54d03	lbu	x26,27(x10)	 x10:0x80008c3c x26=0x00000000 PA:0x80008c57
       13905000	      1389	80000188	4160dfb3	sra	x31,x1,x22	  x1:0x00000000 x22:0x00000001 x31=0x00000000
       13915000	      1390	8000018c	ff152823	sw	x17,-16(x10)	 x10:0x80008c3c x17:0xf58c0ed0 PA:0x80008c2c
       13925000	      1391	80000190	00c65093	srli	x1,x12,0xc	 x12:0x16f455fd  x1=0x00016f45
       13935000	      1392	80000194	ff554183	lbu	x3,-11(x10)	 x10:0x80008c3c  x3=0x00000000 PA:0x80008c31
       13945000	      1393	80000198	410cd6b3	sra	x13,x25,x16	 x25:0x78d94c6d x16:0x00000001 x13=0x3c6ca636
       13955000	      1394	8000019c	40b07693	andi	x13,x0,1035	  x0:0x00000000 x13=0x00000000
       13965000	      1395	800001a0	4977ce13	xori	x28,x15,1175	 x15:0x00000000 x28=0x00000497
       13975000	      1396	800001a4	1adbc293	xori	x5,x23,429	 x23:0x0003ffff  x5=0x0003fe52
       13985000	      1397	800001a8	002503a3	sb	x2,7(x10)	 x10:0x80008c3c  x2:0x00000001 PA:0x80008c43
       13995000	      1398	800001ac	002ff833	and	x16,x31,x2	 x31:0x00000000  x2:0x00000001 x16=0x00000000
       14005000	      1399	800001b0	a96bf613	andi	x12,x23,-1386	 x23:0x0003ffff x12=0x0003fa96
       14015000	      1400	800001b4	03d50923	sb	x29,50(x10)	 x10:0x80008c3c x29:0x80009f84 PA:0x80008c6e
       14025000	      1401	800001b8	03455083	lhu	x1,52(x10)	 x10:0x80008c3c  x1=0x00000000 PA:0x80008c70
       14035000	      1402	800001bc	00650603	lb	x12,6(x10)	 x10:0x80008c3c x12=0x00000000 PA:0x80008c42
       14045000	      1403	800001c0	ff754e03	lbu	x28,-9(x10)	 x10:0x80008c3c x28=0x000000d9 PA:0x80008c33
       14055000	      1404	800001c4	03a51283	lh	x5,58(x10)	 x10:0x80008c3c  x5=0x00000000 PA:0x80008c76
       14065000	      1405	800001c8	00000013	addi	x0,x0,0	  x0:0x00000000
       14075000	      1406	800001cc	01050023	sb	x16,0(x10)	 x10:0x80008c3c x16:0x00000000 PA:0x80008c3c
       14085000	      1407	800001d0	00000013	addi	x0,x0,0	  x0:0x00000000
       14095000	      1408	800001d4	cf5fd717	auipc	x14,0xcf5fd	 x14=0x4f5fd1d0
       14105000	      1409	800001d8	fe4500a3	sb	x4,-31(x10)	 x10:0x80008c3c  x4:0x4c431160 PA:0x80008c1d
       14115000	      1410	800001dc	00855c03	lhu	x24,8(x10)	 x10:0x80008c3c x24=0x00000000 PA:0x80008c44
       14125000	      1411	800001e0	00008097	auipc	x1,0x8	  x1=0x800081dc
       14135000	      1412	800001e4	59808093	addi	x1,x1,1432	  x1:0x800081dc  x1=0x80008774
       14145000	      1413	800001e8	00108783	lb	x15,1(x1)	  x1:0x80008774 x15=0x00000000 PA:0x80008775
       14155000	      1414	800001ec	0010cd83	lbu	x27,1(x1)	  x1:0x80008774 x27=0x00000000 PA:0x80008775
       14165000	      1415	800001f0	ff20c903	lbu	x18,-14(x1)	  x1:0x80008774 x18=0x00000000 PA:0x80008766
       14175000	      1416	800001f4	00708683	lb	x13,7(x1)	  x1:0x80008774 x13=0x00000000 PA:0x8000877b
       14185000	      1417	800001f8	ffa09603	lh	x12,-6(x1)	  x1:0x80008774 x12=0x00000000 PA:0x8000876e
       14195000	      1418	800001fc	fe7084a3	sb	x7,-23(x1)	  x1:0x80008774  x7:0x00000001 PA:0x8000875d
       14205000	      1419	80000200	01408803	lb	x16,20(x1)	  x1:0x80008774 x16=0x00000000 PA:0x80008788
       14215000	      1420	80000204	fcb08da3	sb	x11,-37(x1)	  x1:0x80008774 x11:0x00000750 PA:0x8000874f
       14225000	      1421	80000208	fcc08da3	sb	x12,-37(x1)	  x1:0x80008774 x12:0x00000000 PA:0x8000874f
       14235000	      1422	8000020c	fc508783	lb	x15,-59(x1)	  x1:0x80008774 x15=0x00000000 PA:0x80008739
       14245000	      1423	80000210	fc50c883	lbu	x17,-59(x1)	  x1:0x80008774 x17=0x00000000 PA:0x80008739
       14255000	      1424	80000214	018e7a33	and	x20,x28,x24	 x28:0x000000d9 x24:0x00000000 x20=0x00000000
       14265000	      1425	80000218	03c0ab83	lw	x23,60(x1)	  x1:0x80008774 x23=0x00000000 PA:0x800087b0
       14275000	      1426	8000021c	03c0d183	lhu	x3,60(x1)	  x1:0x80008774  x3=0x00000000 PA:0x800087b0
       14285000	      1427	80000220	fc608aa3	sb	x6,-43(x1)	  x1:0x80008774  x6:0x80009ff4 PA:0x80008749
       14295000	      1428	80000224	00675e13	srli	x28,x14,0x6	 x14:0x4f5fd1d0 x28=0x013d7f47
       14305000	      1429	80000228	ffc0a183	lw	x3,-4(x1)	  x1:0x80008774  x3=0x00000000 PA:0x80008770
       14315000	      1430	8000022c	00009c17	auipc	x24,0x9	 x24=0x80009228
       14325000	      1431	80000230	ac6c0c13	addi	x24,x24,-1338	 x24:0x80009228 x24=0x80008cee
       14335000	      1432	80000234	00009a97	auipc	x21,0x9	 x21=0x80009230
       14345000	      1433	80000238	cf5a8a93	addi	x21,x21,-779	 x21:0x80009230 x21=0x80008f25
       14355000	      1434	8000023c	00009297	auipc	x5,0x9	  x5=0x80009238
       14365000	      1435	80000240	cb028293	addi	x5,x5,-848	  x5:0x80009238  x5=0x80008ee8
       14375000	      1436	80000244	017c2323	sw	x23,6(x24)	 x24:0x80008cee x23:0x00000000 PA:0x80008cf4
       14385000	      1437	80000248	00009597	auipc	x11,0x9	 x11=0x80009244
       14395000	      1438	8000024c	83058593	addi	x11,x11,-2000	 x11:0x80009244 x11=0x80008a74
       14405000	      1439	80000250	00008317	auipc	x6,0x8	  x6=0x8000824c
       14415000	      1440	80000254	7b930313	addi	x6,x6,1977	  x6:0x8000824c  x6=0x80008a05
       14425000	      1441	80000258	f93a8503	lb	x10,-109(x21)	 x21:0x80008f25 x10=0x00000000 PA:0x80008eb8
       14435000	      1442	00000000	00000013	addi	x0,x0,0	  x0:0x00000000
       14445000	      1443	8000025c	00a2c483	lbu	x9,10(x5)	  x5:0x80008ee8  x9=0x00000000 PA:0x80008ef2
       14455000	      1444	80000260	fffaaba3	sw	x31,-9(x21)	 x21:0x80008f25 x31:0x00000000 PA:0x80008f1c
       14465000	      1445	80000264	0032c783	lbu	x15,3(x5)	  x5:0x80008ee8 x15=0x00000000 PA:0x80008eeb
       14475000	      1446	80000268	ff658fa3	sb	x22,-1(x11)	 x11:0x80008a74 x22:0x00000001 PA:0x80008a73
       14485000	      1447	8000026c	01a58203	lb	x4,26(x11)	 x11:0x80008a74  x4=0x00000000 PA:0x80008a8e
       14495000	      1448	80000270	08930c83	lb	x25,137(x6)	  x6:0x80008a05 x25=0x00000000 PA:0x80008a8e
       14505000	      1449	80000274	f2331f83	lh	x31,-221(x6)	  x6:0x80008a05 x31=0x00000000 PA:0x80008928
       14515000	      1450	80000278	feac0203	lb	x4,-22(x24)	 x24:0x80008cee  x4=0x00000000 PA:0x80008cd8
       14525000	      1451	8000027c	00b28c83	lb	x25,11(x5)	  x5:0x80008ee8 x25=0x00000000 PA:0x80008ef3
       14535000	      1452	80000280	ffac1423	sh	x26,-24(x24)	 x24:0x80008cee x26:0x00000000 PA:0x80008cd6
       14545000	      1453	80000284	fc7583a3	sb	x7,-57(x11)	 x11:0x80008a74  x7:0x00000001 PA:0x80008a3b
       14555000	      1454	80000288	fb430d03	lb	x26,-76(x6)	  x6:0x80008a05 x26=0x00000000 PA:0x800089b9
       14565000	      1455	8000028c	00229483	lh	x9,2(x5)	  x5:0x80008ee8  x9=0x00000000 PA:0x80008eea
       14575000	      1456	80000290	f1234183	lbu	x3,-238(x6)	  x6:0x80008a05  x3=0x00000080 PA:0x80008917
       14585000	      1457	80000294	02bc1d23	sh	x11,58(x24)	 x24:0x80008cee x11:0x80008a74 PA:0x80008d28
       14595000	      1458	80000298	fc359423	sh	x3,-56(x11)	 x11:0x80008a74  x3:0x00000080 PA:0x80008a3c
       14605000	      1459	8000029c	01ac4e03	lbu	x28,26(x24)	 x24:0x80008cee x28=0x00000000 PA:0x80008d08
       14615000	      1460	800002a0	07da9483	lh	x9,125(x21)	 x21:0x80008f25  x9=0x00000000 PA:0x80008fa2
       14625000	      1461	800002a4	00f2c783	lbu	x15,15(x5)	  x5:0x80008ee8 x15=0x00000000 PA:0x80008ef7
       14635000	      1462	800002a8	ff134f83	lbu	x31,-15(x6)	  x6:0x80008a05 x31=0x00000000 PA:0x800089f6
       14645000	      1463	800002ac	fda59b83	lh	x23,-38(x11)	 x11:0x80008a74 x23=0x00000000 PA:0x80008a4e
       14655000	      1464	800002b0	f2aa9fa3	sh	x10,-193(x21)	 x21:0x80008f25 x10:0x00000000 PA:0x80008e64
       14665000	      1465	800002b4	0052cc83	lbu	x25,5(x5)	  x5:0x80008ee8 x25=0x00000000 PA:0x80008eed
       14675000	      1466	800002b8	fc558e03	lb	x28,-59(x11)	 x11:0x80008a74 x28=0x00000000 PA:0x80008a39
       14685000	      1467	800002bc	f02ac383	lbu	x7,-254(x21)	 x21:0x80008f25  x7=0x00000000 PA:0x80008e27
       14695000	      1468	800002c0	0082c203	lbu	x4,8(x5)	  x5:0x80008ee8  x4=0x00000000 PA:0x80008ef0
       14705000	      1469	800002c4	fd558ba3	sb	x21,-41(x11)	 x11:0x80008a74 x21:0x80008f25 PA:0x80008a4b
       14715000	      1470	800002c8	00328d83	lb	x27,3(x5)	  x5:0x80008ee8 x27=0x00000000 PA:0x80008eeb
       14725000	      1471	800002cc	0182a223	sw	x24,4(x5)	  x5:0x80008ee8 x24:0x80008cee PA:0x80008eec
       14735000	      1472	800002d0	00f98733	add	x14,x19,x15	 x19:0x80009fc4 x15:0x00000000 x14=0x80009fc4
       14745000	      1473	800002d4	010bee63	bltu	x23,x16,800002f0	 x23:0x00000000 x16:0x00000000
       14755000	      1474	800002d8	05630463	beq	x6,x22,80000320	  x6:0x80008a05 x22:0x00000001
       14765000	      1475	800002dc	00000013	addi	x0,x0,0	  x0:0x00000000
       14775000	      1476	800002e0	15e63b13	sltiu	x22,x12,350	 x12:0x00000000 x22=0x00000001
       14785000	      1477	800002e4	87e7c893	xori	x17,x15,-1922	 x15:0x00000000 x17=0xfffff87e
       14795000	      1478	800002e8	40e95713	srai	x14,x18,0xe	 x18:0x00000000 x14=0x00000000
       14805000	      1479	800002ec	00c19e63	bne	x3,x12,80000308	  x3:0x00000080 x12:0x00000000
       14815000	      1480	00000000	00000013	addi	x0,x0,0	  x0:0x00000000
       14825000	      1481	80000304	00000013	addi	x0,x0,0	  x0:0x00000000
       14835000	      1482	80000308	01e1e1b3	or	x3,x3,x30	  x3:0x00000080 x30:0x00000000  x3=0x00000080
       14845000	      1483	8000030c	00717a63	bgeu	x2,x7,80000320	  x2:0x00000001  x7:0x00000000
       14855000	      1484	00000000	00000013	addi	x0,x0,0	  x0:0x00000000
       14865000	      1485	8000031c	00000013	addi	x0,x0,0	  x0:0x00000000
       14875000	      1486	80000320	01a99213	slli	x4,x19,0x1a	 x19:0x80009fc4  x4=0x10000000
       14885000	      1487	80000324	2548a213	slti	x4,x17,596	 x17:0xfffff87e  x4=0x00000001
       14895000	      1488	80000328	00001897	auipc	x17,0x1	 x17=0x80001324
       14905000	      1489	8000032c	eb088893	addi	x17,x17,-336	 x17:0x80001324 x17=0x800011d4
       14915000	      1490	80000330	2ae88893	addi	x17,x17,686	 x17:0x800011d4 x17=0x80001482
       14925000	      1491	80000334	01eca1b3	slt	x3,x25,x30	 x25:0x00000000 x30:0x00000000  x3=0x00000000
       14935000	      1492	80000338	00319b33	sll	x22,x3,x3	  x3:0x00000000  x3:0x00000000 x22=0x00000000
       14945000	      1493	8000033c	00000013	addi	x0,x0,0	  x0:0x00000000
       14955000	      1494	80000340	00dabd33	sltu	x26,x21,x13	 x21:0x80008f25 x13:0x00000000 x26=0x00000000
       14965000	      1495	80000344	75942193	slti	x3,x8,1881	  x8:0x78d94dea  x3=0x00000000
       14975000	      1496	80000348	d53880e7	jalr	x1,x17,-685	 x17:0x80001482  x1=0x80000348
       14985000	      1497	00000000	00000013	addi	x0,x0,0	  x0:0x00000000
       14995000	      1498	800011d4	00000013	addi	x0,x0,0	  x0:0x00000000
       15005000	      1499	800011d8	013d01b3	add	x3,x26,x19	 x26:0x00000000 x19:0x80009fc4  x3=0x80009fc4
       15015000	      1500	800011dc	01b6f463	bgeu	x13,x27,800011e4	 x13:0x00000000 x27:0x00000000
       15025000	      1501	00000000	00000013	addi	x0,x0,0	  x0:0x00000000
       15035000	      1502	800011e0	00000013	addi	x0,x0,0	  x0:0x00000000
       15045000	      1503	800011e4	fe8e8e93	addi	x29,x29,-24	 x29:0x80009f84 x29=0x80009f6c
       15055000	      1504	800011e8	19518113	addi	x2,x3,405	  x3:0x80009fc4  x2=0x8000a159
       15065000	      1505	800011ec	40825313	srai	x6,x4,0x8	  x4:0x00000001  x6=0x00000000
       15075000	      1506	800011f0	40f15bb3	sra	x23,x2,x15	  x2:0x8000a159 x15:0x00000000 x23=0x8000a159
       15085000	      1507	800011f4	1aeb8ab7	lui	x21,0x1aeb8	 x21=0x1aeb8000
       15095000	      1508	800011f8	0090c2b3	xor	x5,x1,x9	  x1:0x80000348  x9:0x00000000  x5=0x80000348
       15105000	      1509	800011fc	001ea223	sw	x1,4(x29)	 x29:0x80009f6c  x1:0x80000348 PA:0x80009f70
       15115000	      1510	80001200	00b7a533	slt	x10,x15,x11	 x15:0x00000000 x11:0x80008a74 x10=0x00000000
       15125000	      1511	80001204	f30eaf13	slti	x30,x29,-208	 x29:0x80009f6c x30=0x00000001
       15135000	      1512	80001208	00f65c33	srl	x24,x12,x15	 x12:0x00000000 x15:0x00000000 x24=0x00000000
       15145000	      1513	8000120c	00007117	auipc	x2,0x7	  x2=0x80008208
       15155000	      1514	80001210	17910113	addi	x2,x2,377	  x2:0x80008208  x2=0x80008381
       15165000	      1515	80001214	fc5b8a13	addi	x20,x23,-59	 x23:0x8000a159 x20=0x8000a11e
       15175000	      1516	80001218	ff511d03	lh	x26,-11(x2)	  x2:0x80008381 x26=0x00000000 PA:0x80008376
       15185000	      1517	8000121c	00210b83	lb	x23,2(x2)	  x2:0x80008381 x23=0x00000000 PA:0x80008383
       15195000	      1518	80001220	399c0593	addi	x11,x24,921	 x24:0x00000000 x11=0x00000399
       15205000	      1519	80001224	00db4233	xor	x4,x22,x13	 x22:0x00000000 x13:0x00000000  x4=0x00000000
       15215000	      1520	80001228	7319ea37	lui	x20,0x7319e	 x20=0x7319e000
       15225000	      1521	8000122c	00d14583	lbu	x11,13(x2)	  x2:0x80008381 x11=0x00000068 PA:0x8000838e
       15235000	      1522	80001230	ff510a23	sb	x21,-12(x2)	  x2:0x80008381 x21:0x1aeb8000 PA:0x80008375
       15245000	      1523	80001234	00810203	lb	x4,8(x2)	  x2:0x80008381  x4=0x00000000 PA:0x80008389
       15255000	      1524	80001238	ffe10c23	sb	x30,-8(x2)	  x2:0x80008381 x30:0x00000001 PA:0x80008379
       15265000	      1525	8000123c	41e156b3	sra	x13,x2,x30	  x2:0x80008381 x30:0x00000001 x13=0xc00041c0
       15275000	      1526	80001240	00914c03	lbu	x24,9(x2)	  x2:0x80008381 x24=0x00000000 PA:0x8000838a
       15285000	      1527	80001244	00f10383	lb	x7,15(x2)	  x2:0x80008381  x7=0x00000000 PA:0x80008390
       15295000	      1528	00000000	00000013	addi	x0,x0,0	  x0:0x00000000
       15305000	      1529	80001248	0043e533	or	x10,x7,x4	  x7:0x00000000  x4:0x00000000 x10=0x00000000
       15315000	      1530	8000124c	00610d03	lb	x26,6(x2)	  x2:0x80008381 x26=0x00000001 PA:0x80008387
       15325000	      1531	80001250	01b10323	sb	x27,6(x2)	  x2:0x80008381 x27:0x00000000 PA:0x80008387
       15335000	      1532	80001254	01c790b3	sll	x1,x15,x28	 x15:0x00000000 x28:0x00000000  x1=0x00000000
       15345000	      1533	80001258	549bcf97	auipc	x31,0x549bc	 x31=0xd49bd254
       15355000	      1534	8000125c	00014383	lbu	x7,0(x2)	  x2:0x80008381  x7=0x00000001 PA:0x80008381
       15365000	      1535	80001260	00310d83	lb	x27,3(x2)	  x2:0x80008381 x27=0x00000000 PA:0x80008384
       15375000	      1536	80001264	77693237	lui	x4,0x77693	  x4=0x77693000
       15385000	      1537	80001268	010cbd33	sltu	x26,x25,x16	 x25:0x00000000 x16:0x00000000 x26=0x00000000
       15395000	      1538	8000126c	00a10203	lb	x4,10(x2)	  x2:0x80008381  x4=0x00000000 PA:0x8000838b
       15405000	      1539	80001270	00d11d03	lh	x26,13(x2)	  x2:0x80008381 x26=0x00000068 PA:0x8000838e
       15415000	      1540	80001274	00010323	sb	x0,6(x2)	  x2:0x80008381  x0:0x00000000 PA:0x80008387
       15425000	      1541	80001278	00b12303	lw	x6,11(x2)	  x2:0x80008381  x6=0x00680100 PA:0x8000838c
       15435000	      1542	8000127c	792ac893	xori	x17,x21,1938	 x21:0x1aeb8000 x17=0x1aeb8792
       15445000	      1543	80001280	ffa10e03	lb	x28,-6(x2)	  x2:0x80008381 x28=0x00000000 PA:0x8000837b
       15455000	      1544	80001284	01014483	lbu	x9,16(x2)	  x2:0x80008381  x9=0x000000c4 PA:0x80008391
       15465000	      1545	80001288	40ec8b33	sub	x22,x25,x14	 x25:0x00000000 x14:0x00000000 x22=0x00000000
       15475000	      1546	8000128c	b8198b17	auipc	x22,0xb8198	 x22=0x38199288
       15485000	      1547	80001290	00b14d03	lbu	x26,11(x2)	  x2:0x80008381 x26=0x00000000 PA:0x8000838c
       15495000	      1548	80001294	01b10123	sb	x27,2(x2)	  x2:0x80008381 x27:0x00000000 PA:0x80008383
       15505000	      1549	80001298	00f14783	lbu	x15,15(x2)	  x2:0x80008381 x15=0x00000000 PA:0x80008390
       15515000	      1550	8000129c	01b766b3	or	x13,x14,x27	 x14:0x00000000 x27:0x00000000 x13=0x00000000
       15525000	      1551	800012a0	00010a83	lb	x21,0(x2)	  x2:0x80008381 x21=0x00000001 PA:0x80008381
       15535000	      1552	800012a4	fff14683	lbu	x13,-1(x2)	  x2:0x80008381 x13=0x00000000 PA:0x80008380
       15545000	      1553	800012a8	018be8b3	or	x17,x23,x24	 x23:0x00000000 x24:0x00000000 x17=0x00000000
       15555000	      1554	800012ac	00f125a3	sw	x15,11(x2)	  x2:0x80008381 x15:0x00000000 PA:0x8000838c
       15565000	      1555	800012b0	00c125a3	sw	x12,11(x2)	  x2:0x80008381 x12:0x00000000 PA:0x8000838c
       15575000	      1556	800012b4	47a11e17	auipc	x28,0x47a11	 x28=0xc7a122b0
       15585000	      1557	800012b8	01710223	sb	x23,4(x2)	  x2:0x80008381 x23:0x00000000 PA:0x80008385
       15595000	      1558	800012bc	2fa04c13	xori	x24,x0,762	  x0:0x00000000 x24=0x000002fa
       15605000	      1559	800012c0	00000013	addi	x0,x0,0	  x0:0x00000000
       15615000	      1560	800012c4	00265693	srli	x13,x12,0x2	 x12:0x00000000 x13=0x00000000
       15625000	      1561	800012c8	412c5cb3	sra	x25,x24,x18	 x24:0x000002fa x18:0x00000000 x25=0x000002fa
       15635000	      1562	800012cc	40665db3	sra	x27,x12,x6	 x12:0x00000000  x6:0x00680100 x27=0x00000000
       15645000	      1563	800012d0	01610023	sb	x22,0(x2)	  x2:0x80008381 x22:0x38199288 PA:0x80008381
       15655000	      1564	800012d4	012105a3	sb	x18,11(x2)	  x2:0x80008381 x18:0x00000000 PA:0x8000838c
       15665000	      1565	800012d8	00008f17	auipc	x30,0x8	 x30=0x800092d4
       15675000	      1566	800012dc	bc6f0f13	addi	x30,x30,-1082	 x30:0x800092d4 x30=0x80008e9a
       15685000	      1567	800012e0	00007097	auipc	x1,0x7	  x1=0x800082dc
       15695000	      1568	800012e4	74608093	addi	x1,x1,1862	  x1:0x800082dc  x1=0x80008a22
       15705000	      1569	800012e8	00008897	auipc	x17,0x8	 x17=0x800092e4
       15715000	      1570	800012ec	b4a88893	addi	x17,x17,-1206	 x17:0x800092e4 x17=0x80008e2e
       15725000	      1571	800012f0	c9b88c23	sb	x27,-872(x17)	 x17:0x80008e2e x27:0x00000000 PA:0x80008ac6
       15735000	      1572	800012f4	00008597	auipc	x11,0x8	 x11=0x800092f0
       15745000	      1573	800012f8	83858593	addi	x11,x11,-1992	 x11:0x800092f0 x11=0x80008b28
       15755000	      1574	800012fc	0ca580a3	sb	x10,193(x11)	 x11:0x80008b28 x10:0x00000000 PA:0x80008be9
       15765000	      1575	80001300	08b08d83	lb	x27,139(x1)	  x1:0x80008a22 x27=0x00000000 PA:0x80008aad
       15775000	      1576	80001304	bac88ca3	sb	x12,-1095(x17)	 x17:0x80008e2e x12:0x00000000 PA:0x800089e7
       15785000	      1577	80001308	f4e0d383	lhu	x7,-178(x1)	  x1:0x80008a22  x7=0x00000000 PA:0x80008970
       15795000	      1578	8000130c	0c15c703	lbu	x14,193(x11)	 x11:0x80008b28 x14=0x00000000 PA:0x80008be9
       15805000	      1579	80001310	06ff0503	lb	x10,111(x30)	 x30:0x80008e9a x10=0x00000000 PA:0x80008f09
       15815000	      1580	80001314	e6588ba3	sb	x5,-393(x17)	 x17:0x80008e2e  x5:0x80000348 PA:0x80008ca5
       15825000	      1581	80001318	0a858aa3	sb	x8,181(x11)	 x11:0x80008b28  x8:0x78d94dea PA:0x80008bdd
       15835000	      1582	8000131c	e73881a3	sb	x19,-413(x17)	 x17:0x80008e2e x19:0x80009fc4 PA:0x80008c91
       15845000	      1583	80001320	0d108383	lb	x7,209(x1)	  x1:0x80008a22  x7=0x00000000 PA:0x80008af3
       15855000	      1584	80001324	faf59823	sh	x15,-80(x11)	 x11:0x80008b28 x15:0x00000000 PA:0x80008ad8
       15865000	      1585	80001328	f7f08f23	sb	x31,-130(x1)	  x1:0x80008a22 x31:0xd49bd254 PA:0x800089a0
       15875000	      1586	8000132c	0210c203	lbu	x4,33(x1)	  x1:0x80008a22  x4=0x00000000 PA:0x80008a43
       15885000	      1587	80001330	f72f0ea3	sb	x18,-131(x30)	 x30:0x80008e9a x18:0x00000000 PA:0x80008e17
       15895000	      1588	80001334	055f4a83	lbu	x21,85(x30)	 x30:0x80008e9a x21=0x00000080 PA:0x80008eef
       15905000	      1589	80001338	07c59323	sh	x28,102(x11)	 x11:0x80008b28 x28:0xc7a122b0 PA:0x80008b8e
       15915000	      1590	8000133c	09908003	lb	x0,153(x1)	  x1:0x80008a22 PA:0x80008abb
       15925000	      1591	80001340	0e75c383	lbu	x7,231(x11)	 x11:0x80008b28  x7=0x00000000 PA:0x80008c0f
       15935000	      1592	80001344	f0009283	lh	x5,-256(x1)	  x1:0x80008a22  x5=0x00000000 PA:0x80008922
       15945000	      1593	80001348	060f0723	sb	x0,110(x30)	 x30:0x80008e9a  x0:0x00000000 PA:0x80008f08
       15955000	      1594	8000134c	fb6586a3	sb	x22,-83(x11)	 x11:0x80008b28 x22:0x38199288 PA:0x80008ad5
       15965000	      1595	80001350	02a082a3	sb	x10,37(x1)	  x1:0x80008a22 x10:0x00000000 PA:0x80008a47
       15975000	      1596	80001354	03958123	sb	x25,34(x11)	 x11:0x80008b28 x25:0x000002fa PA:0x80008b4a
       15985000	      1597	80001358	11c880a3	sb	x28,257(x17)	 x17:0x80008e2e x28:0xc7a122b0 PA:0x80008f2f
       15995000	      1598	8000135c	fa3f4183	lbu	x3,-93(x30)	 x30:0x80008e9a  x3=0x00000000 PA:0x80008e3d
       16005000	      1599	80001360	0480d803	lhu	x16,72(x1)	  x1:0x80008a22 x16=0x00000000 PA:0x80008a6a
       16015000	      1600	80001364	f9c59a83	lh	x21,-100(x11)	 x11:0x80008b28 x21=0x00000000 PA:0x80008ac4
       16025000	      1601	80001368	00007e17	auipc	x28,0x7	 x28=0x80008364
       16035000	      1602	8000136c	f44e0e13	addi	x28,x28,-188	 x28:0x80008364 x28=0x800082a8
       16045000	      1603	80001370	0dd348b7	lui	x17,0xdd34	 x17=0x0dd34000
       16055000	      1604	80001374	7a4e3c93	sltiu	x25,x28,1956	 x28:0x800082a8 x25=0x00000000
       16065000	      1605	80001378	fd6e1b23	sh	x22,-42(x28)	 x28:0x800082a8 x22:0x38199288 PA:0x8000827e
       16075000	      1606	8000137c	fd6e0b23	sb	x22,-42(x28)	 x28:0x800082a8 x22:0x38199288 PA:0x8000827e
       16085000	      1607	80001380	fd6e4483	lbu	x9,-42(x28)	 x28:0x800082a8  x9=0x00000088 PA:0x8000827e
       16095000	      1608	80001384	fd6e5583	lhu	x11,-42(x28)	 x28:0x800082a8 x11=0x00009288 PA:0x8000827e
       16105000	      1609	80001388	fd6e5303	lhu	x6,-42(x28)	 x28:0x800082a8  x6=0x00009288 PA:0x8000827e
       16115000	      1610	8000138c	fd6e4183	lbu	x3,-42(x28)	 x28:0x800082a8  x3=0x00000088 PA:0x8000827e
       16125000	      1611	80001390	fd6e1703	lh	x14,-42(x28)	 x28:0x800082a8 x14=0xffff9288 PA:0x8000827e
       16135000	      1612	80001394	00c83833	sltu	x16,x16,x12	 x16:0x00000000 x12:0x00000000 x16=0x00000000
       16145000	      1613	80001398	fd0e1b23	sh	x16,-42(x28)	 x28:0x800082a8 x16:0x00000000 PA:0x8000827e
       16155000	      1614	8000139c	fd6e4203	lbu	x4,-42(x28)	 x28:0x800082a8  x4=0x00000000 PA:0x8000827e
       16165000	      1615	800013a0	da01e213	ori	x4,x3,-608	  x3:0x00000088  x4=0xfffffda8
       16175000	      1616	800013a4	fd6e5a83	lhu	x21,-42(x28)	 x28:0x800082a8 x21=0x00000000 PA:0x8000827e
       16185000	      1617	800013a8	fd6e0803	lb	x16,-42(x28)	 x28:0x800082a8 x16=0x00000000 PA:0x8000827e
       16195000	      1618	800013ac	fc4e1283	lh	x5,-60(x28)	 x28:0x800082a8  x5=0x00000000 PA:0x8000826c
       16205000	      1619	800013b0	fc4e1d03	lh	x26,-60(x28)	 x28:0x800082a8 x26=0x00000000 PA:0x8000826c
       16215000	      1620	800013b4	fc4e0483	lb	x9,-60(x28)	 x28:0x800082a8  x9=0x00000000 PA:0x8000826c
       16225000	      1621	800013b8	00fe0303	lb	x6,15(x28)	 x28:0x800082a8  x6=0x00000000 PA:0x800082b7
       16235000	      1622	800013bc	00007917	auipc	x18,0x7	 x18=0x800083b8
       16245000	      1623	800013c0	53590913	addi	x18,x18,1333	 x18:0x800083b8 x18=0x800088ed
       16255000	      1624	800013c4	0ac90723	sb	x12,174(x18)	 x18:0x800088ed x12:0x00000000 PA:0x8000899b
       16265000	      1625	800013c8	00007117	auipc	x2,0x7	  x2=0x800083c4
       16275000	      1626	800013cc	55f10113	addi	x2,x2,1375	  x2:0x800083c4  x2=0x80008923
       16285000	      1627	800013d0	00008c97	auipc	x25,0x8	 x25=0x800093cc
       16295000	      1628	800013d4	b6bc8c93	addi	x25,x25,-1173	 x25:0x800093cc x25=0x80008f37
       16305000	      1629	800013d8	06d94683	lbu	x13,109(x18)	 x18:0x800088ed x13=0x00000000 PA:0x8000895a
       16315000	      1630	800013dc	f92cc203	lbu	x4,-110(x25)	 x25:0x80008f37  x4=0x00000000 PA:0x80008ec9
       16325000	      1631	800013e0	fde11fa3	sh	x30,-33(x2)	  x2:0x80008923 x30:0x80008e9a PA:0x80008902
       16335000	      1632	800013e4	01714a83	lbu	x21,23(x2)	  x2:0x80008923 x21=0x00000000 PA:0x8000893a
       16345000	      1633	800013e8	00392003	lw	x0,3(x18)	 x18:0x800088ed PA:0x800088f0
       16355000	      1634	800013ec	f6dc9083	lh	x1,-147(x25)	 x25:0x80008f37  x1=0x00000000 PA:0x80008ea4
       16365000	      1635	800013f0	01c10583	lb	x11,28(x2)	  x2:0x80008923 x11=0x00000000 PA:0x8000893f
       16375000	      1636	800013f4	ffb14b03	lbu	x22,-5(x2)	  x2:0x80008923 x22=0x00000000 PA:0x8000891e
       16385000	      1637	800013f8	f7ecca83	lbu	x21,-130(x25)	 x25:0x80008f37 x21=0x00000000 PA:0x80008eb5
       16395000	      1638	800013fc	00410003	lb	x0,4(x2)	  x2:0x80008923 PA:0x80008927
       16405000	      1639	80001400	f54ccb83	lbu	x23,-172(x25)	 x25:0x80008f37 x23=0x00000000 PA:0x80008e8b
       16415000	      1640	80001404	f3c90503	lb	x10,-196(x18)	 x18:0x800088ed x10=0x00000000 PA:0x80008829
       16425000	      1641	80001408	fbccc603	lbu	x12,-68(x25)	 x25:0x80008f37 x12=0x00000000 PA:0x80008ef3
       16435000	      1642	8000140c	fe8118a3	sh	x8,-15(x2)	  x2:0x80008923  x8:0x78d94dea PA:0x80008914
       16445000	      1643	80001410	00fcda83	lhu	x21,15(x25)	 x25:0x80008f37 x21=0x00000000 PA:0x80008f46
       16455000	      1644	80001414	fdc90583	lb	x11,-36(x18)	 x18:0x800088ed x11=0x00000000 PA:0x800088c9
       16465000	      1645	80001418	00c14a03	lbu	x20,12(x2)	  x2:0x80008923 x20=0x00000000 PA:0x8000892f
       16475000	      1646	00000000	00000013	addi	x0,x0,0	  x0:0x00000000
       16485000	      1647	8000141c	054c8a03	lb	x20,84(x25)	 x25:0x80008f37 x20=0x00000000 PA:0x80008f8b
       16495000	      1648	80001420	f6894083	lbu	x1,-152(x18)	 x18:0x800088ed  x1=0x00000000 PA:0x80008855
       16505000	      1649	80001424	f3a94583	lbu	x11,-198(x18)	 x18:0x800088ed x11=0x00000000 PA:0x80008827
       16515000	      1650	80001428	fe590f83	lb	x31,-27(x18)	 x18:0x800088ed x31=0x00000000 PA:0x800088d2
       16525000	      1651	8000142c	f93c8383	lb	x7,-109(x25)	 x25:0x80008f37  x7=0x00000000 PA:0x80008eca
       16535000	      1652	80001430	00007117	auipc	x2,0x7	  x2=0x8000842c
       16545000	      1653	80001434	eec10113	addi	x2,x2,-276	  x2:0x8000842c  x2=0x80008318
       16555000	      1654	80001438	fe534b37	lui	x22,0xfe534	 x22=0xfe534000
       16565000	      1655	8000143c	001b06b3	add	x13,x22,x1	 x22:0xfe534000  x1:0x00000000 x13=0xfe534000
       16575000	      1656	80001440	00f5e533	or	x10,x11,x15	 x11:0x00000000 x15:0x00000000 x10=0x00000000
       16585000	      1657	80001444	016451b3	srl	x3,x8,x22	  x8:0x78d94dea x22:0xfe534000  x3=0x78d94dea
       16595000	      1658	80001448	ffa100a3	sb	x26,-31(x2)	  x2:0x80008318 x26:0x00000000 PA:0x800082f9
       16605000	      1659	8000144c	2c9f44b7	lui	x9,0x2c9f4	  x9=0x2c9f4000
       16615000	      1660	80001450	2dd14303	lbu	x6,733(x2)	  x2:0x80008318  x6=0x00000000 PA:0x800085f5
       16625000	      1661	80001454	11d88b13	addi	x22,x17,285	 x17:0x0dd34000 x22=0x0dd3411d
       16635000	      1662	80001458	bccd4d93	xori	x27,x26,-1076	 x26:0x00000000 x27=0xfffffbcc
       16645000	      1663	8000145c	b6ade193	ori	x3,x27,-1174	 x27:0xfffffbcc  x3=0xfffffbee
       16655000	      1664	80001460	19c14183	lbu	x3,412(x2)	  x2:0x80008318  x3=0x00000000 PA:0x800084b4
       16665000	      1665	00000000	00000013	addi	x0,x0,0	  x0:0x00000000
       16675000	      1666	80001464	163104a3	sb	x3,361(x2)	  x2:0x80008318  x3:0x00000000 PA:0x80008481
       16685000	      1667	80001468	01bff633	and	x12,x31,x27	 x31:0x00000000 x27:0xfffffbcc x12=0x00000000
       16695000	      1668	8000146c	005dce33	xor	x28,x27,x5	 x27:0xfffffbcc  x5:0x00000000 x28=0xfffffbcc
       16705000	      1669	80001470	3a710da3	sb	x7,955(x2)	  x2:0x80008318  x7:0x00000000 PA:0x800086d3
       16715000	      1670	80001474	0197e7b3	or	x15,x15,x25	 x15:0x00000000 x25:0x80008f37 x15=0x80008f37
       16725000	      1671	80001478	4437a813	slti	x16,x15,1091	 x15:0x80008f37 x16=0x00000001
       16735000	      1672	8000147c	00e71c33	sll	x24,x14,x14	 x14:0xffff9288 x14:0xffff9288 x24=0xff928800
       16745000	      1673	80001480	edd10ba3	sb	x29,-297(x2)	  x2:0x80008318 x29:0x80009f6c PA:0x800081ef
       16755000	      1674	80001484	b9cebf93	sltiu	x31,x29,-1124	 x29:0x80009f6c x31=0x00000001
       16765000	      1675	80001488	01991d93	slli	x27,x18,0x19	 x18:0x800088ed x27=0xda000000
       16775000	      1676	8000148c	40005693	srai	x13,x0,0x0	  x0:0x00000000 x13=0x00000000
       16785000	      1677	80001490	0c408f93	addi	x31,x1,196	  x1:0x00000000 x31=0x000000c4
       16795000	      1678	80001494	404b5193	srai	x3,x22,0x4	 x22:0x0dd3411d  x3=0x00dd3411
       16805000	      1679	80001498	e0c14703	lbu	x14,-500(x2)	  x2:0x80008318 x14=0x00000000 PA:0x80008124
       16815000	      1680	8000149c	40885093	srai	x1,x16,0x8	 x16:0x00000001  x1=0x00000000
       16825000	      1681	800014a0	00029213	slli	x4,x5,0x0	  x5:0x00000000  x4=0x00000000
       16835000	      1682	800014a4	0021f233	and	x4,x3,x2	  x3:0x00dd3411  x2:0x80008318  x4=0x00000010
       16845000	      1683	800014a8	5dcffd37	lui	x26,0x5dcff	 x26=0x5dcff000
       16855000	      1684	800014ac	da210a03	lb	x20,-606(x2)	  x2:0x80008318 x20=0x00000000 PA:0x800080ba
       16865000	      1685	800014b0	32310603	lb	x12,803(x2)	  x2:0x80008318 x12=0x00000000 PA:0x8000863b
       16875000	      1686	800014b4	18486793	ori	x15,x16,388	 x16:0x00000001 x15=0x00000185
       16885000	      1687	800014b8	2536a093	slti	x1,x13,595	 x13:0x00000000  x1=0x00000001
       16895000	      1688	800014bc	1a314003	lbu	x0,419(x2)	  x2:0x80008318 PA:0x800084bb
       16905000	      1689	800014c0	00007d97	auipc	x27,0x7	 x27=0x800084bc
       16915000	      1690	800014c4	bd6d8d93	addi	x27,x27,-1066	 x27:0x800084bc x27=0x80008092
       16925000	      1691	800014c8	00007597	auipc	x11,0x7	 x11=0x800084c4
       16935000	      1692	800014cc	09158593	addi	x11,x11,145	 x11:0x800084c4 x11=0x80008555
       16945000	      1693	800014d0	ffe58903	lb	x18,-2(x11)	 x11:0x80008555 x18=0x00000000 PA:0x80008553
       16955000	      1694	800014d4	00cd9a83	lh	x21,12(x27)	 x27:0x80008092 x21=0x00000000 PA:0x8000809e
       16965000	      1695	00000000	00000013	addi	x0,x0,0	  x0:0x00000000
       16975000	      1696	800014d8	ff558e23	sb	x21,-4(x11)	 x11:0x80008555 x21:0x00000000 PA:0x80008551
       16985000	      1697	800014dc	00007197	auipc	x3,0x7	  x3=0x800084d8
       16995000	      1698	800014e0	dc818193	addi	x3,x3,-568	  x3:0x800084d8  x3=0x800082a0
       17005000	      1699	800014e4	0281ce03	lbu	x28,40(x3)	  x3:0x800082a0 x28=0x00000000 PA:0x800082c8
       17015000	      1700	800014e8	feb58ca3	sb	x11,-7(x11)	 x11:0x80008555 x11:0x80008555 PA:0x8000854e
       17025000	      1701	800014ec	ff858603	lb	x12,-8(x11)	 x11:0x80008555 x12=0x00000000 PA:0x8000854d
       17035000	      1702	800014f0	0291cf03	lbu	x30,41(x3)	  x3:0x800082a0 x30=0x00000000 PA:0x800082c9
       17045000	      1703	800014f4	fdcd8a23	sb	x28,-44(x27)	 x27:0x80008092 x28:0x00000000 PA:0x80008066
       17055000	      1704	800014f8	03d1cc03	lbu	x24,61(x3)	  x3:0x800082a0 x24=0x00000000 PA:0x800082dd
       17065000	      1705	800014fc	0ded84a3	sb	x30,201(x27)	 x27:0x80008092 x30:0x00000000 PA:0x8000815b
       17075000	      1706	80001500	fe51c703	lbu	x14,-27(x3)	  x3:0x800082a0 x14=0x00000000 PA:0x80008285
       17085000	      1707	80001504	0fdd9523	sh	x29,234(x27)	 x27:0x80008092 x29:0x80009f6c PA:0x8000817c
       17095000	      1708	80001508	fdc19b03	lh	x22,-36(x3)	  x3:0x800082a0 x22=0x00000000 PA:0x8000827c
       17105000	      1709	8000150c	00f5df03	lhu	x30,15(x11)	 x11:0x80008555 x30=0x00000000 PA:0x80008564
       17115000	      1710	80001510	fe858823	sb	x8,-16(x11)	 x11:0x80008555  x8:0x78d94dea PA:0x80008545
       17125000	      1711	80001514	035dce03	lbu	x28,53(x27)	 x27:0x80008092 x28=0x00000000 PA:0x800080c7
       17135000	      1712	80001518	00959603	lh	x12,9(x11)	 x11:0x80008555 x12=0x00000000 PA:0x8000855e
       17145000	      1713	8000151c	ff65c003	lbu	x0,-10(x11)	 x11:0x80008555 PA:0x8000854b
       17155000	      1714	80001520	01719a23	sh	x23,20(x3)	  x3:0x800082a0 x23:0x00000000 PA:0x800082b4
       17165000	      1715	80001524	02cd88a3	sb	x12,49(x27)	 x27:0x80008092 x12:0x00000000 PA:0x800080c3
       17175000	      1716	80001528	00cd8003	lb	x0,12(x27)	 x27:0x80008092 PA:0x8000809e
       17185000	      1717	8000152c	00007a17	auipc	x20,0x7	 x20=0x80008528
       17195000	      1718	80001530	e7ba0a13	addi	x20,x20,-389	 x20:0x80008528 x20=0x800083a3
       17205000	      1719	80001534	030a0e23	sb	x16,60(x20)	 x20:0x800083a3 x16:0x00000001 PA:0x800083df
       17215000	      1720	80001538	ff3a5283	lhu	x5,-13(x20)	 x20:0x800083a3  x5=0x00000001 PA:0x80008396
       17225000	      1721	8000153c	ff3a5303	lhu	x6,-13(x20)	 x20:0x800083a3  x6=0x00000001 PA:0x80008396
       17235000	      1722	80001540	ff3a5d83	lhu	x27,-13(x20)	 x20:0x800083a3 x27=0x00000001 PA:0x80008396
       17245000	      1723	80001544	ff3a09a3	sb	x19,-13(x20)	 x20:0x800083a3 x19:0x80009fc4 PA:0x80008396
       17255000	      1724	80001548	ff3a09a3	sb	x19,-13(x20)	 x20:0x800083a3 x19:0x80009fc4 PA:0x80008396
       17265000	      1725	8000154c	986dfc13	andi	x24,x27,-1658	 x27:0x00000001 x24=0x00000000
       17275000	      1726	80001550	fe4a09a3	sb	x4,-13(x20)	 x20:0x800083a3  x4:0x00000010 PA:0x80008396
       17285000	      1727	80001554	ff3a1783	lh	x15,-13(x20)	 x20:0x800083a3 x15=0x00000010 PA:0x80008396
       17295000	      1728	80001558	ff7a09a3	sb	x23,-13(x20)	 x20:0x800083a3 x23:0x00000000 PA:0x80008396
       17305000	      1729	8000155c	ff0a09a3	sb	x16,-13(x20)	 x20:0x800083a3 x16:0x00000001 PA:0x80008396
       17315000	      1730	80001560	ff3a0283	lb	x5,-13(x20)	 x20:0x800083a3  x5=0x00000001 PA:0x80008396
       17325000	      1731	80001564	ff3a4383	lbu	x7,-13(x20)	 x20:0x800083a3  x7=0x00000001 PA:0x80008396
       17335000	      1732	80001568	035a5703	lhu	x14,53(x20)	 x20:0x800083a3 x14=0x00000000 PA:0x800083d8
       17345000	      1733	8000156c	036a2aa3	sw	x22,53(x20)	 x20:0x800083a3 x22:0x00000000 PA:0x800083d8
       17355000	      1734	80001570	035a0303	lb	x6,53(x20)	 x20:0x800083a3  x6=0x00000000 PA:0x800083d8
       17365000	      1735	80001574	019a4703	lbu	x14,25(x20)	 x20:0x800083a3 x14=0x00000000 PA:0x800083bc
       17375000	      1736	80001578	019a1203	lh	x4,25(x20)	 x20:0x800083a3  x4=0x00000000 PA:0x800083bc
       17385000	      1737	8000157c	feaa4683	lbu	x13,-22(x20)	 x20:0x800083a3 x13=0x00000000 PA:0x8000838d
       17395000	      1738	80001580	00008217	auipc	x4,0x8	  x4=0x8000957c
       17405000	      1739	80001584	a6420213	addi	x4,x4,-1436	  x4:0x8000957c  x4=0x80008fe0
       17415000	      1740	80001588	00a65493	srli	x9,x12,0xa	 x12:0x00000000  x9=0x00000000
       17425000	      1741	8000158c	e2620ba3	sb	x6,-457(x4)	  x4:0x80008fe0  x6:0x00000000 PA:0x80008e17
       17435000	      1742	80001590	e3724783	lbu	x15,-457(x4)	  x4:0x80008fe0 x15=0x00000000 PA:0x80008e17
       17445000	      1743	80001594	50a0c617	auipc	x12,0x50a0c	 x12=0xd0a0d590
       17455000	      1744	80001598	c2c22623	sw	x12,-980(x4)	  x4:0x80008fe0 x12:0xd0a0d590 PA:0x80008c0c
       17465000	      1745	8000159c	c2622623	sw	x6,-980(x4)	  x4:0x80008fe0  x6:0x00000000 PA:0x80008c0c
       17475000	      1746	800015a0	af320483	lb	x9,-1293(x4)	  x4:0x80008fe0  x9=0x00000000 PA:0x80008ad3
       17485000	      1747	800015a4	00d19d33	sll	x26,x3,x13	  x3:0x800082a0 x13:0x00000000 x26=0x800082a0
       17495000	      1748	800015a8	f1220a03	lb	x20,-238(x4)	  x4:0x80008fe0 x20=0x00000000 PA:0x80008ef2
       17505000	      1749	800015ac	f1220003	lb	x0,-238(x4)	  x4:0x80008fe0 PA:0x80008ef2
       17515000	      1750	800015b0	f0720923	sb	x7,-238(x4)	  x4:0x80008fe0  x7:0x00000001 PA:0x80008ef2
       17525000	      1751	800015b4	f1421923	sh	x20,-238(x4)	  x4:0x80008fe0 x20:0x00000000 PA:0x80008ef2
       17535000	      1752	800015b8	f1225783	lhu	x15,-238(x4)	  x4:0x80008fe0 x15=0x00000000 PA:0x80008ef2
       17545000	      1753	800015bc	006dbd33	sltu	x26,x27,x6	 x27:0x00000001  x6:0x00000000 x26=0x00000000
       17555000	      1754	800015c0	f1221c03	lh	x24,-238(x4)	  x4:0x80008fe0 x24=0x00000000 PA:0x80008ef2
       17565000	      1755	800015c4	e2420883	lb	x17,-476(x4)	  x4:0x80008fe0 x17=0x00000000 PA:0x80008e04
       17575000	      1756	800015c8	ac022583	lw	x11,-1344(x4)	  x4:0x80008fe0 x11=0x00000000 PA:0x80008aa0
       17585000	      1757	800015cc	e81209a3	sb	x1,-365(x4)	  x4:0x80008fe0  x1:0x00000001 PA:0x80008e73
       17595000	      1758	800015d0	e9320c83	lb	x25,-365(x4)	  x4:0x80008fe0 x25=0x00000001 PA:0x80008e73
       17605000	      1759	800015d4	00c7a033	slt	x0,x15,x12	 x15:0x00000000 x12:0xd0a0d590
       17615000	      1760	800015d8	ace20ba3	sb	x14,-1321(x4)	  x4:0x80008fe0 x14:0x00000000 PA:0x80008ab7
       17625000	      1761	800015dc	b5420b83	lb	x23,-1196(x4)	  x4:0x80008fe0 x23=0x00000000 PA:0x80008b34
       17635000	      1762	800015e0	b5425c83	lhu	x25,-1196(x4)	  x4:0x80008fe0 x25=0x00000000 PA:0x80008b34
       17645000	      1763	800015e4	00007817	auipc	x16,0x7	 x16=0x800085e0
       17655000	      1764	800015e8	db080813	addi	x16,x16,-592	 x16:0x800085e0 x16=0x80008390
       17665000	      1765	800015ec	00d8f2b3	and	x5,x17,x13	 x17:0x00000000 x13:0x00000000  x5=0x00000000
       17675000	      1766	800015f0	286d3e13	sltiu	x28,x26,646	 x26:0x00000000 x28=0x00000001
       17685000	      1767	800015f4	ffa81c83	lh	x25,-6(x16)	 x16:0x80008390 x25=0x00000000 PA:0x8000838a
       17695000	      1768	800015f8	01a81723	sh	x26,14(x16)	 x16:0x80008390 x26:0x00000000 PA:0x8000839e
       17705000	      1769	800015fc	015e5e33	srl	x28,x28,x21	 x28:0x00000001 x21:0x00000000 x28=0x00000001
       17715000	      1770	80001600	5ccf2193	slti	x3,x30,1484	 x30:0x00000000  x3=0x00000001
       17725000	      1771	80001604	ff780ca3	sb	x23,-7(x16)	 x16:0x80008390 x23:0x00000000 PA:0x80008389
       17735000	      1772	80001608	014bd533	srl	x10,x23,x20	 x23:0x00000000 x20:0x00000000 x10=0x00000000
       17745000	      1773	8000160c	00780883	lb	x17,7(x16)	 x16:0x80008390 x17=0x00000000 PA:0x80008397
       17755000	      1774	80001610	fe180ea3	sb	x1,-3(x16)	 x16:0x80008390  x1:0x00000001 PA:0x8000838d
       17765000	      1775	80001614	00771013	slli	x0,x14,0x7	 x14:0x00000000
       17775000	      1776	80001618	fe180b23	sb	x1,-10(x16)	 x16:0x80008390  x1:0x00000001 PA:0x80008386
       17785000	      1777	8000161c	01280523	sb	x18,10(x16)	 x16:0x80008390 x18:0x00000000 PA:0x8000839a
       17795000	      1778	80001620	01eb8333	add	x6,x23,x30	 x23:0x00000000 x30:0x00000000  x6=0x00000000
       17805000	      1779	80001624	ff285783	lhu	x15,-14(x16)	 x16:0x80008390 x15=0x00000000 PA:0x80008382
       17815000	      1780	80001628	ffbf80b7	lui	x1,0xffbf8	  x1=0xffbf8000
       17825000	      1781	8000162c	ffe85783	lhu	x15,-2(x16)	 x16:0x80008390 x15=0x00000000 PA:0x8000838e
       17835000	      1782	80001630	ff380483	lb	x9,-13(x16)	 x16:0x80008390  x9=0x00000000 PA:0x80008383
       17845000	      1783	00000000	00000013	addi	x0,x0,0	  x0:0x00000000
       17855000	      1784	80001634	98982b13	slti	x22,x16,-1655	 x16:0x80008390 x22=0x00000001
       17865000	      1785	80001638	01d74bb3	xor	x23,x14,x29	 x14:0x00000000 x29:0x80009f6c x23=0x80009f6c
       17875000	      1786	8000163c	40ea8e33	sub	x28,x21,x14	 x21:0x00000000 x14:0x00000000 x28=0x00000000
       17885000	      1787	80001640	90332d13	slti	x26,x6,-1789	  x6:0x00000000 x26=0x00000000
       17895000	      1788	80001644	00ffa733	slt	x14,x31,x15	 x31:0x000000c4 x15:0x00000000 x14=0x00000000
       17905000	      1789	80001648	01e1fab3	and	x21,x3,x30	  x3:0x00000001 x30:0x00000000 x21=0x00000000
       17915000	      1790	8000164c	ffc80903	lb	x18,-4(x16)	 x16:0x80008390 x18=0x00000000 PA:0x8000838c
       17925000	      1791	80001650	e0b7bd93	sltiu	x27,x15,-501	 x15:0x00000000 x27=0x00000001
       17935000	      1792	80001654	01f800a3	sb	x31,1(x16)	 x16:0x80008390 x31:0x000000c4 PA:0x80008391
       17945000	      1793	80001658	9ef2be13	sltiu	x28,x5,-1553	  x5:0x00000000 x28=0x00000001
       17955000	      1794	8000165c	4e9cbd93	sltiu	x27,x25,1257	 x25:0x00000000 x27=0x00000001
       17965000	      1795	80001660	007384b3	add	x9,x7,x7	  x7:0x00000001  x7:0x00000001  x9=0x00000002
       17975000	      1796	80001664	00f84183	lbu	x3,15(x16)	 x16:0x80008390  x3=0x00000000 PA:0x8000839f
       17985000	      1797	80001668	01b721b3	slt	x3,x14,x27	 x14:0x00000000 x27:0x00000001  x3=0x00000001
       17995000	      1798	8000166c	fe380fa3	sb	x3,-1(x16)	 x16:0x80008390  x3:0x00000001 PA:0x8000838f
       18005000	      1799	80001670	00481083	lh	x1,4(x16)	 x16:0x80008390  x1=0x00000000 PA:0x80008394
       18015000	      1800	80001674	14647f13	andi	x30,x8,326	  x8:0x78d94dea x30=0x00000142
       18025000	      1801	80001678	fea81d23	sh	x10,-6(x16)	 x16:0x80008390 x10:0x00000000 PA:0x8000838a
       18035000	      1802	8000167c	abecbd13	sltiu	x26,x25,-1346	 x25:0x00000000 x26=0x00000001
       18045000	      1803	80001680	ff481503	lh	x10,-12(x16)	 x16:0x80008390 x10=0x00000000 PA:0x80008384
       18055000	      1804	80001684	01231913	slli	x18,x6,0x12	  x6:0x00000000 x18=0x00000000
       18065000	      1805	80001688	fee808a3	sb	x14,-15(x16)	 x16:0x80008390 x14:0x00000000 PA:0x80008381
       18075000	      1806	8000168c	0114d6b3	srl	x13,x9,x17	  x9:0x00000002 x17:0x00000000 x13=0x00000002
       18085000	      1807	80001690	ffe81b23	sh	x30,-10(x16)	 x16:0x80008390 x30:0x00000142 PA:0x80008386
       18095000	      1808	80001694	c21032b7	lui	x5,0xc2103	  x5=0xc2103000
       18105000	      1809	80001698	00281623	sh	x2,12(x16)	 x16:0x80008390  x2:0x80008318 PA:0x8000839c
       18115000	      1810	8000169c	8711a293	slti	x5,x3,-1935	  x3:0x00000001  x5=0x00000000
       18125000	      1811	800016a0	400583b3	sub	x7,x11,x0	 x11:0x00000000  x0:0x00000000  x7=0x00000000
       18135000	      1812	800016a4	00984c83	lbu	x25,9(x16)	 x16:0x80008390 x25=0x00000000 PA:0x80008399
       18145000	      1813	800016a8	0ed3f113	andi	x2,x7,237	  x7:0x00000000  x2=0x00000000
       18155000	      1814	800016ac	7108fa13	andi	x20,x17,1808	 x17:0x00000000 x20=0x00000000
       18165000	      1815	800016b0	ff184603	lbu	x12,-15(x16)	 x16:0x80008390 x12=0x00000000 PA:0x80008381
       18175000	      1816	800016b4	00280683	lb	x13,2(x16)	 x16:0x80008390 x13=0x00000000 PA:0x80008392
       18185000	      1817	800016b8	00007597	auipc	x11,0x7	 x11=0x800086b4
       18195000	      1818	800016bc	15f58593	addi	x11,x11,351	 x11:0x800086b4 x11=0x80008813
       18205000	      1819	800016c0	007a5b93	srli	x23,x20,0x7	 x20:0x00000000 x23=0x00000000
       18215000	      1820	800016c4	6b343793	sltiu	x15,x8,1715	  x8:0x78d94dea x15=0x00000000
       18225000	      1821	800016c8	716fedb7	lui	x27,0x716fe	 x27=0x716fe000
       18235000	      1822	800016cc	7db2c793	xori	x15,x5,2011	  x5:0x00000000 x15=0x000007db
       18245000	      1823	800016d0	b617dab7	lui	x21,0xb617d	 x21=0xb617d000
       18255000	      1824	800016d4	fda58423	sb	x26,-56(x11)	 x11:0x80008813 x26:0x00000001 PA:0x800087db
       18265000	      1825	800016d8	41025bb3	sra	x23,x4,x16	  x4:0x80008fe0 x16:0x80008390 x23=0xffff8000
       18275000	      1826	800016dc	c9053313	sltiu	x6,x10,-880	 x10:0x00000000  x6=0x00000001
       18285000	      1827	800016e0	fc05ca03	lbu	x20,-64(x11)	 x11:0x80008813 x20=0x00000000 PA:0x800087d3
       18295000	      1828	800016e4	fcd5ab83	lw	x23,-51(x11)	 x11:0x80008813 x23=0x00004740 PA:0x800087e0
       18305000	      1829	800016e8	28814d13	xori	x26,x2,648	  x2:0x00000000 x26=0x00000288
       18315000	      1830	800016ec	404d0233	sub	x4,x26,x4	 x26:0x00000288  x4:0x80008fe0  x4=0x7fff72a8
       18325000	      1831	800016f0	fd658723	sb	x22,-50(x11)	 x11:0x80008813 x22:0x00000001 PA:0x800087e1
       18335000	      1832	800016f4	fd558a23	sb	x21,-44(x11)	 x11:0x80008813 x21:0xb617d000 PA:0x800087e7
       18345000	      1833	800016f8	010af833	and	x16,x21,x16	 x21:0xb617d000 x16:0x80008390 x16=0x80008000
       18355000	      1834	800016fc	005ec6b3	xor	x13,x29,x5	 x29:0x80009f6c  x5:0x00000000 x13=0x80009f6c
       18365000	      1835	80001700	008c68b3	or	x17,x24,x8	 x24:0x00000000  x8:0x78d94dea x17=0x78d94dea
       18375000	      1836	80001704	ffa5c903	lbu	x18,-6(x11)	 x11:0x80008813 x18=0x00000000 PA:0x8000880d
       18385000	      1837	80001708	fdf58aa3	sb	x31,-43(x11)	 x11:0x80008813 x31:0x000000c4 PA:0x800087e8
       18395000	      1838	8000170c	edd6fd93	andi	x27,x13,-291	 x13:0x80009f6c x27=0x80009e4c
       18405000	      1839	80001710	fe558323	sb	x5,-26(x11)	 x11:0x80008813  x5:0x00000000 PA:0x800087f9
       18415000	      1840	80001714	c510fc93	andi	x25,x1,-943	  x1:0x00000000 x25=0x00000000
       18425000	      1841	80001718	c71a76b7	lui	x13,0xc71a7	 x13=0xc71a7000
       18435000	      1842	8000171c	00058283	lb	x5,0(x11)	 x11:0x80008813  x5=0x00000000 PA:0x80008813
       18445000	      1843	00000000	00000013	addi	x0,x0,0	  x0:0x00000000
       18455000	      1844	80001720	405ed1b3	sra	x3,x29,x5	 x29:0x80009f6c  x5:0x00000000  x3=0x80009f6c
       18465000	      1845	80001724	ff05a0a3	sw	x16,-31(x11)	 x11:0x80008813 x16:0x80008000 PA:0x800087f4
       18475000	      1846	80001728	ffa5cf03	lbu	x30,-6(x11)	 x11:0x80008813 x30=0x00000000 PA:0x8000880d
       18485000	      1847	8000172c	fe15e097	auipc	x1,0xfe15e	  x1=0x7e15f728
       18495000	      1848	80001730	fed58aa3	sb	x13,-11(x11)	 x11:0x80008813 x13:0xc71a7000 PA:0x80008808
       18505000	      1849	80001734	b4b02513	slti	x10,x0,-1205	  x0:0x00000000 x10=0x00000000
       18515000	      1850	80001738	fce58103	lb	x2,-50(x11)	 x11:0x80008813  x2=0x00000001 PA:0x800087e1
       18525000	      1851	8000173c	012e8533	add	x10,x29,x18	 x29:0x80009f6c x18:0x00000000 x10=0x80009f6c
       18535000	      1852	80001740	fec59ba3	sh	x12,-9(x11)	 x11:0x80008813 x12:0x00000000 PA:0x8000880a
       18545000	      1853	80001744	b4553797	auipc	x15,0xb4553	 x15=0x34554740
       18555000	      1854	80001748	fcf596a3	sh	x15,-51(x11)	 x11:0x80008813 x15:0x34554740 PA:0x800087e0
       18565000	      1855	8000174c	0134d3b3	srl	x7,x9,x19	  x9:0x00000002 x19:0x80009fc4  x7=0x00000000
       18575000	      1856	80001750	fff58723	sb	x31,-18(x11)	 x11:0x80008813 x31:0x000000c4 PA:0x80008801
       18585000	      1857	80001754	00f97933	and	x18,x18,x15	 x18:0x00000000 x15:0x34554740 x18=0x00000000
       18595000	      1858	80001758	fef58c83	lb	x25,-17(x11)	 x11:0x80008813 x25=0x00000000 PA:0x80008802
       18605000	      1859	8000175c	982fb093	sltiu	x1,x31,-1662	 x31:0x000000c4  x1=0x00000001
       18615000	      1860	80001760	fe558f23	sb	x5,-2(x11)	 x11:0x80008813  x5:0x00000000 PA:0x80008811
       18625000	      1861	80001764	00007297	auipc	x5,0x7	  x5=0x80008760
       18635000	      1862	80001768	1a728293	addi	x5,x5,423	  x5:0x80008760  x5=0x80008907
       18645000	      1863	8000176c	00d2db83	lhu	x23,13(x5)	  x5:0x80008907 x23=0x00004dea PA:0x80008914
       18655000	      1864	80001770	00d28703	lb	x14,13(x5)	  x5:0x80008907 x14=0xffffffea PA:0x80008914
       18665000	      1865	80001774	0051d7b3	srl	x15,x3,x5	  x3:0x80009f6c  x5:0x80008907 x15=0x0100013e
       18675000	      1866	80001778	00d2c583	lbu	x11,13(x5)	  x5:0x80008907 x11=0x000000ea PA:0x80008914
       18685000	      1867	8000177c	00d29583	lh	x11,13(x5)	  x5:0x80008907 x11=0x00004dea PA:0x80008914
       18695000	      1868	80001780	bdfe4793	xori	x15,x28,-1057	 x28:0x00000001 x15=0xfffffbde
       18705000	      1869	80001784	00d28e03	lb	x28,13(x5)	  x5:0x80008907 x28=0xffffffea PA:0x80008914
       18715000	      1870	80001788	00d2da83	lhu	x21,13(x5)	  x5:0x80008907 x21=0x00004dea PA:0x80008914
       18725000	      1871	8000178c	00f296a3	sh	x15,13(x5)	  x5:0x80008907 x15:0xfffffbde PA:0x80008914
       18735000	      1872	80001790	003286a3	sb	x3,13(x5)	  x5:0x80008907  x3:0x80009f6c PA:0x80008914
       18745000	      1873	80001794	00d2d483	lhu	x9,13(x5)	  x5:0x80008907  x9=0x0000fb6c PA:0x80008914
       18755000	      1874	80001798	00d2c783	lbu	x15,13(x5)	  x5:0x80008907 x15=0x0000006c PA:0x80008914
       18765000	      1875	8000179c	00d2cc83	lbu	x25,13(x5)	  x5:0x80008907 x25=0x0000006c PA:0x80008914
       18775000	      1876	800017a0	00d28583	lb	x11,13(x5)	  x5:0x80008907 x11=0x0000006c PA:0x80008914
       18785000	      1877	800017a4	00d2a383	lw	x7,13(x5)	  x5:0x80008907  x7=0x8000fb6c PA:0x80008914
       18795000	      1878	800017a8	00d29f83	lh	x31,13(x5)	  x5:0x80008907 x31=0xfffffb6c PA:0x80008914
       18805000	      1879	800017ac	4045d913	srai	x18,x11,0x4	 x11:0x0000006c x18=0x00000006
       18815000	      1880	800017b0	01485cb3	srl	x25,x16,x20	 x16:0x80008000 x20:0x00000000 x25=0x80008000
       18825000	      1881	800017b4	9c76bf13	sltiu	x30,x13,-1593	 x13:0xc71a7000 x30=0x00000001
       18835000	      1882	800017b8	0102a6a3	sw	x16,13(x5)	  x5:0x80008907 x16:0x80008000 PA:0x80008914
       18845000	      1883	800017bc	00d28b83	lb	x23,13(x5)	  x5:0x80008907 x23=0x00000000 PA:0x80008914
       18855000	      1884	800017c0	00d28603	lb	x12,13(x5)	  x5:0x80008907 x12=0x00000000 PA:0x80008914
       18865000	      1885	800017c4	00d28783	lb	x15,13(x5)	  x5:0x80008907 x15=0x00000000 PA:0x80008914
       18875000	      1886	800017c8	00d2ca83	lbu	x21,13(x5)	  x5:0x80008907 x21=0x00000000 PA:0x80008914
       18885000	      1887	800017cc	012c9913	slli	x18,x25,0x12	 x25:0x80008000 x18=0x00000000
       18895000	      1888	800017d0	f46def93	ori	x31,x27,-186	 x27:0x80009e4c x31=0xffffff4e
       18905000	      1889	800017d4	cd310293	addi	x5,x2,-813	  x2:0x00000001  x5=0xfffffcd4
       18915000	      1890	800017d8	013d6863	bltu	x26,x19,800017e8	 x26:0x00000288 x19:0x80009fc4
       18925000	      1891	00000000	00000013	addi	x0,x0,0	  x0:0x00000000
       18935000	      1892	800017e4	00000013	addi	x0,x0,0	  x0:0x00000000
       18945000	      1893	800017e8	038edc63	bge	x29,x24,80001820	 x29:0x80009f6c x24:0x00000000
       18955000	      1894	800017ec	02804263	blt	x0,x8,80001810	  x0:0x00000000  x8:0x78d94dea
       18965000	      1895	00000000	00000013	addi	x0,x0,0	  x0:0x00000000
       18975000	      1896	8000180c	00000013	addi	x0,x0,0	  x0:0x00000000
       18985000	      1897	80001810	01bc7633	and	x12,x24,x27	 x24:0x00000000 x27:0x80009e4c x12=0x00000000
       18995000	      1898	80001814	008be933	or	x18,x23,x8	 x23:0x00000000  x8:0x78d94dea x18=0x78d94dea
       19005000	      1899	80001818	01d283b3	add	x7,x5,x29	  x5:0xfffffcd4 x29:0x80009f6c  x7=0x80009c40
       19015000	      1900	8000181c	865d1937	lui	x18,0x865d1	 x18=0x865d1000
       19025000	      1901	80001820	00f25b33	srl	x22,x4,x15	  x4:0x7fff72a8 x15:0x00000000 x22=0x7fff72a8
       19035000	      1902	80001824	7fee6293	ori	x5,x28,2046	 x28:0xffffffea  x5=0xfffffffe
       19045000	      1903	80001828	41b8db33	sra	x22,x17,x27	 x17:0x78d94dea x27:0x80009e4c x22=0x00078d94
       19055000	      1904	8000182c	017e4c33	xor	x24,x28,x23	 x28:0xffffffea x23:0x00000000 x24=0xffffffea
       19065000	      1905	80001830	effc4c93	xori	x25,x24,-257	 x24:0xffffffea x25=0x00000115
       19075000	      1906	80001834	0462e863	bltu	x5,x6,80001884	  x5:0xfffffffe  x6:0x00000001
       19085000	      1907	80001838	03a46e63	bltu	x8,x26,80001874	  x8:0x78d94dea x26:0x00000288
       19095000	      1908	8000183c	003b6663	bltu	x22,x3,80001848	 x22:0x00078d94  x3:0x80009f6c
       19105000	      1909	00000000	00000013	addi	x0,x0,0	  x0:0x00000000
       19115000	      1910	80001844	00000013	addi	x0,x0,0	  x0:0x00000000
       19125000	      1911	80001848	00000013	addi	x0,x0,0	  x0:0x00000000
       19135000	      1912	8000184c	36346393	ori	x7,x8,867	  x8:0x78d94dea  x7=0x78d94feb
       19145000	      1913	80001850	01749fb3	sll	x31,x9,x23	  x9:0x0000fb6c x23:0x00000000 x31=0x0000fb6c
       19155000	      1914	80001854	01051b93	slli	x23,x10,0x10	 x10:0x80009f6c x23=0x9f6c0000
       19165000	      1915	80001858	0003c833	xor	x16,x7,x0	  x7:0x78d94feb  x0:0x00000000 x16=0x78d94feb
       19175000	      1916	8000185c	83b3c713	xori	x14,x7,-1989	  x7:0x78d94feb x14=0x8726b7d0
       19185000	      1917	80001860	00000013	addi	x0,x0,0	  x0:0x00000000
       19195000	      1918	80001864	01c7fdb3	and	x27,x15,x28	 x15:0x00000000 x28:0xffffffea x27=0x00000000
       19205000	      1919	80001868	40560533	sub	x10,x12,x5	 x12:0x00000000  x5:0xfffffffe x10=0x00000002
       19215000	      1920	8000186c	002a9913	slli	x18,x21,0x2	 x21:0x00000000 x18=0x00000000
       19225000	      1921	80001870	01f92533	slt	x10,x18,x31	 x18:0x00000000 x31:0x0000fb6c x10=0x00000001
       19235000	      1922	80001874	05808863	beq	x1,x24,800018c4	  x1:0x00000001 x24:0xffffffea
       19245000	      1923	80001878	01b1ab33	slt	x22,x3,x27	  x3:0x80009f6c x27:0x00000000 x22=0x00000001
       19255000	      1924	8000187c	004e9a33	sll	x20,x29,x4	 x29:0x80009f6c  x4:0x7fff72a8 x20=0x009f6c00
       19265000	      1925	80001880	4070dd93	srai	x27,x1,0x7	  x1:0x00000001 x27=0x00000000
       19275000	      1926	80001884	003fab33	slt	x22,x31,x3	 x31:0x0000fb6c  x3:0x80009f6c x22=0x00000000
       19285000	      1927	80001888	32dd4193	xori	x3,x26,813	 x26:0x00000288  x3=0x000001a5
       19295000	      1928	8000188c	01e78863	beq	x15,x30,8000189c	 x15:0x00000000 x30:0x00000001
       19305000	      1929	80001890	03cb7863	bgeu	x22,x28,800018c0	 x22:0x00000000 x28:0xffffffea
       19315000	      1930	80001894	cd5f3837	lui	x16,0xcd5f3	 x16=0xcd5f3000
       19325000	      1931	80001898	041cae13	slti	x28,x25,65	 x25:0x00000115 x28=0x00000000
       19335000	      1932	8000189c	02329a63	bne	x5,x3,800018d0	  x5:0xfffffffe  x3:0x000001a5
       19345000	      1933	00000000	00000013	addi	x0,x0,0	  x0:0x00000000
       19355000	      1934	800018cc	00000013	addi	x0,x0,0	  x0:0x00000000
       19365000	      1935	800018d0	41d20e33	sub	x28,x4,x29	  x4:0x7fff72a8 x29:0x80009f6c x28=0xfffed33c
       19375000	      1936	800018d4	01ed3b33	sltu	x22,x26,x30	 x26:0x00000288 x30:0x00000001 x22=0x00000000
       19385000	      1937	800018d8	015a1593	slli	x11,x20,0x15	 x20:0x009f6c00 x11=0x80000000
       19395000	      1938	800018dc	02f1e863	bltu	x3,x15,8000190c	  x3:0x000001a5 x15:0x00000000
       19405000	      1939	800018e0	40e4d833	sra	x16,x9,x14	  x9:0x0000fb6c x14:0x8726b7d0 x16=0x00000000
       19415000	      1940	800018e4	008afe63	bgeu	x21,x8,80001900	 x21:0x00000000  x8:0x78d94dea
       19425000	      1941	800018e8	01e1f833	and	x16,x3,x30	  x3:0x000001a5 x30:0x00000001 x16=0x00000001
       19435000	      1942	800018ec	00000013	addi	x0,x0,0	  x0:0x00000000
       19445000	      1943	800018f0	417eddb3	sra	x27,x29,x23	 x29:0x80009f6c x23:0x9f6c0000 x27=0x80009f6c
       19455000	      1944	800018f4	5ed57b13	andi	x22,x10,1517	 x10:0x00000001 x22=0x00000001
       19465000	      1945	800018f8	404d5d93	srai	x27,x26,0x4	 x26:0x00000288 x27=0x00000028
       19475000	      1946	800018fc	4157d5b3	sra	x11,x15,x21	 x15:0x00000000 x21:0x00000000 x11=0x00000000
       19485000	      1947	80001900	41275f13	srai	x30,x14,0x12	 x14:0x8726b7d0 x30=0xffffe1c9
       19495000	      1948	80001904	01131f93	slli	x31,x6,0x11	  x6:0x00000001 x31=0x00020000
       19505000	      1949	80001908	0114c863	blt	x9,x17,80001918	  x9:0x0000fb6c x17:0x78d94dea
       19515000	      1950	00000000	00000013	addi	x0,x0,0	  x0:0x00000000
       19525000	      1951	80001914	00000013	addi	x0,x0,0	  x0:0x00000000
       19535000	      1952	80001918	00000013	addi	x0,x0,0	  x0:0x00000000
       19545000	      1953	8000191c	01e54b33	xor	x22,x10,x30	 x10:0x00000001 x30:0xffffe1c9 x22=0xffffe1c8
       19555000	      1954	80001920	c2604f13	xori	x30,x0,-986	  x0:0x00000000 x30=0xfffffc26
       19565000	      1955	80001924	011408b3	add	x17,x8,x17	  x8:0x78d94dea x17:0x78d94dea x17=0xf1b29bd4
       19575000	      1956	80001928	7e150b13	addi	x22,x10,2017	 x10:0x00000001 x22=0x000007e2
       19585000	      1957	8000192c	76658f17	auipc	x30,0x76658	 x30=0xf6659928
       19595000	      1958	80001930	2b5e6f13	ori	x30,x28,693	 x28:0xfffed33c x30=0xfffed3bd
       19605000	      1959	80001934	01337733	and	x14,x6,x19	  x6:0x00000001 x19:0x80009fc4 x14=0x00000000
       19615000	      1960	80001938	01060333	add	x6,x12,x16	 x12:0x00000000 x16:0x00000001  x6=0x00000001
       19625000	      1961	8000193c	01640533	add	x10,x8,x22	  x8:0x78d94dea x22:0x000007e2 x10=0x78d955cc
       19635000	      1962	80001940	13a9a213	slti	x4,x19,314	 x19:0x80009fc4  x4=0x00000001
       19645000	      1963	80001944	00f30e63	beq	x6,x15,80001960	  x6:0x00000001 x15:0x00000000
       19655000	      1964	80001948	02b0dc63	bge	x1,x11,80001980	  x1:0x00000001 x11:0x00000000
       19665000	      1965	00000000	00000013	addi	x0,x0,0	  x0:0x00000000
       19675000	      1966	8000197c	00000013	addi	x0,x0,0	  x0:0x00000000
       19685000	      1967	80001980	0165fa63	bgeu	x11,x22,80001994	 x11:0x00000000 x22:0x000007e2
       19695000	      1968	80001984	012337b3	sltu	x15,x6,x18	  x6:0x00000001 x18:0x00000000 x15=0x00000000
       19705000	      1969	80001988	01ae78b3	and	x17,x28,x26	 x28:0xfffed33c x26:0x00000288 x17=0x00000208
       19715000	      1970	8000198c	010a0263	beq	x20,x16,80001990	 x20:0x009f6c00 x16:0x00000001
       19725000	      1971	80001990	02021e63	bne	x4,x0,800019cc	  x4:0x00000001  x0:0x00000000
       19735000	      1972	00000000	00000013	addi	x0,x0,0	  x0:0x00000000
       19745000	      1973	800019c8	00000013	addi	x0,x0,0	  x0:0x00000000
       19755000	      1974	800019cc	bcfc8c13	addi	x24,x25,-1073	 x25:0x00000115 x24=0xfffffce4
       19765000	      1975	800019d0	23480b97	auipc	x23,0x23480	 x23=0xa34819cc
       19775000	      1976	800019d4	00e6d2b3	srl	x5,x13,x14	 x13:0xc71a7000 x14:0x00000000  x5=0xc71a7000
       19785000	      1977	800019d8	005373b3	and	x7,x6,x5	  x6:0x00000001  x5:0xc71a7000  x7=0x00000000
       19795000	      1978	800019dc	418cd293	srai	x5,x25,0x18	 x25:0x00000115  x5=0x00000000
       19805000	      1979	800019e0	0162cbb3	xor	x23,x5,x22	  x5:0x00000000 x22:0x000007e2 x23=0x000007e2
       19815000	      1980	800019e4	f536e493	ori	x9,x13,-173	 x13:0xc71a7000  x9=0xffffff53
       19825000	      1981	800019e8	00b5c833	xor	x16,x11,x11	 x11:0x00000000 x11:0x00000000 x16=0x00000000
       19835000	      1982	800019ec	c0a2ad93	slti	x27,x5,-1014	  x5:0x00000000 x27=0x00000000
       19845000	      1983	800019f0	40e85cb3	sra	x25,x16,x14	 x16:0x00000000 x14:0x00000000 x25=0x00000000
       19855000	      1984	800019f4	0085f663	bgeu	x11,x8,80001a00	 x11:0x00000000  x8:0x78d94dea
       19865000	      1985	800019f8	00f57cb3	and	x25,x10,x15	 x10:0x78d955cc x15:0x00000000 x25=0x00000000
       19875000	      1986	800019fc	41c1d533	sra	x10,x3,x28	  x3:0x000001a5 x28:0xfffed33c x10=0x00000000
       19885000	      1987	80001a00	012a0663	beq	x20,x18,80001a0c	 x20:0x009f6c00 x18:0x00000000
       19895000	      1988	80001a04	04031063	bne	x6,x0,80001a44	  x6:0x00000001  x0:0x00000000
       19905000	      1989	00000000	00000013	addi	x0,x0,0	  x0:0x00000000
       19915000	      1990	80001a40	00000013	addi	x0,x0,0	  x0:0x00000000
       19925000	      1991	80001a44	01f6fe33	and	x28,x13,x31	 x13:0xc71a7000 x31:0x00020000 x28=0x00020000
       19935000	      1992	80001a48	00e01813	slli	x16,x0,0xe	  x0:0x00000000 x16=0x00000000
       19945000	      1993	80001a4c	03ec5c63	bge	x24,x30,80001a84	 x24:0xfffffce4 x30:0xfffed3bd
       19955000	      1994	00000000	00000013	addi	x0,x0,0	  x0:0x00000000
       19965000	      1995	80001a80	00000013	addi	x0,x0,0	  x0:0x00000000
       19975000	      1996	80001a84	ed4bbb93	sltiu	x23,x23,-300	 x23:0x000007e2 x23=0x00000001
       19985000	      1997	80001a88	01ffa7b3	slt	x15,x31,x31	 x31:0x00020000 x31:0x00020000 x15=0x00000000
       19995000	      1998	80001a8c	00c6b033	sltu	x0,x13,x12	 x13:0xc71a7000 x12:0x00000000
       20005000	      1999	80001a90	01c49a13	slli	x20,x9,0x1c	  x9:0xffffff53 x20=0x30000000
       20015000	      2000	80001a94	016883b3	add	x7,x17,x22	 x17:0x00000208 x22:0x000007e2  x7=0x000009ea
       20025000	      2001	80001a98	4138da93	srai	x21,x17,0x13	 x17:0x00000208 x21=0x00000000
       20035000	      2002	80001a9c	004d04b3	add	x9,x26,x4	 x26:0x00000288  x4:0x00000001  x9=0x00000289
       20045000	      2003	80001aa0	00e15713	srli	x14,x2,0xe	  x2:0x00000001 x14=0x00000000
       20055000	      2004	80001aa4	41f0d593	srai	x11,x1,0x1f	  x1:0x00000001 x11=0x00000000
       20065000	      2005	80001aa8	04eff663	bgeu	x31,x14,80001af4	 x31:0x00020000 x14:0x00000000
       20075000	      2006	00000000	00000013	addi	x0,x0,0	  x0:0x00000000
       20085000	      2007	80001af0	00000013	addi	x0,x0,0	  x0:0x00000000
       20095000	      2008	80001af4	45c77313	andi	x6,x14,1116	 x14:0x00000000  x6=0x00000000
       20105000	      2009	80001af8	40bedbb3	sra	x23,x29,x11	 x29:0x80009f6c x11:0x00000000 x23=0x80009f6c
       20115000	      2010	80001afc	b7781117	auipc	x2,0xb7781	  x2=0x37782af8
       20125000	      2011	80001b00	4109d113	srai	x2,x19,0x10	 x19:0x80009fc4  x2=0xffff8000
       20135000	      2012	80001b04	0103c8b3	xor	x17,x7,x16	  x7:0x000009ea x16:0x00000000 x17=0x000009ea
       20145000	      2013	80001b08	1808b693	sltiu	x13,x17,384	 x17:0x000009ea x13=0x00000000
       20155000	      2014	80001b0c	04a58263	beq	x11,x10,80001b50	 x11:0x00000000 x10:0x00000000
       20165000	      2015	00000000	00000013	addi	x0,x0,0	  x0:0x00000000
       20175000	      2016	80001b4c	00000013	addi	x0,x0,0	  x0:0x00000000
       20185000	      2017	80001b50	66dca5b7	lui	x11,0x66dca	 x11=0x66dca000
       20195000	      2018	80001b54	c77a0f93	addi	x31,x20,-905	 x20:0x30000000 x31=0x2ffffc77
       20205000	      2019	80001b58	40b9d313	srai	x6,x19,0xb	 x19:0x80009fc4  x6=0xfff00013
       20215000	      2020	80001b5c	41d450b3	sra	x1,x8,x29	  x8:0x78d94dea x29:0x80009f6c  x1=0x00078d94
       20225000	      2021	80001b60	00000013	addi	x0,x0,0	  x0:0x00000000
       20235000	      2022	80001b64	008280b3	add	x1,x5,x8	  x5:0x00000000  x8:0x78d94dea  x1=0x78d94dea
       20245000	      2023	80001b68	67bf2593	slti	x11,x30,1659	 x30:0xfffed3bd x11=0x00000001
       20255000	      2024	80001b6c	019447b3	xor	x15,x8,x25	  x8:0x78d94dea x25:0x00000000 x15=0x78d94dea
       20265000	      2025	80001b70	a3952293	slti	x5,x10,-1479	 x10:0x00000000  x5=0x00000000
       20275000	      2026	80001b74	00fc4e63	blt	x24,x15,80001b90	 x24:0xfffffce4 x15:0x78d94dea
       20285000	      2027	00000000	00000013	addi	x0,x0,0	  x0:0x00000000
       20295000	      2028	80001b8c	00000013	addi	x0,x0,0	  x0:0x00000000
       20305000	      2029	80001b90	014a4863	blt	x20,x20,80001ba0	 x20:0x30000000 x20:0x30000000
       20315000	      2030	80001b94	8add3b13	sltiu	x22,x26,-1875	 x26:0x00000288 x22=0x00000001
       20325000	      2031	80001b98	019ec833	xor	x16,x29,x25	 x29:0x80009f6c x25:0x00000000 x16=0x80009f6c
       20335000	      2032	80001b9c	74883c13	sltiu	x24,x16,1864	 x16:0x80009f6c x24=0x00000000
       20345000	      2033	80001ba0	86b3bc13	sltiu	x24,x7,-1941	  x7:0x000009ea x24=0x00000001
       20355000	      2034	80001ba4	a89d4613	xori	x12,x26,-1399	 x26:0x00000288 x12=0xfffff801
       20365000	      2035	80001ba8	402cdf13	srai	x30,x25,0x2	 x25:0x00000000 x30=0x00000000
       20375000	      2036	80001bac	00e3e033	or	x0,x7,x14	  x7:0x000009ea x14:0x00000000
       20385000	      2037	80001bb0	01843533	sltu	x10,x8,x24	  x8:0x78d94dea x24:0x00000001 x10=0x00000000
       20395000	      2038	80001bb4	0ddb96b7	lui	x13,0xddb9	 x13=0x0ddb9000
       20405000	      2039	80001bb8	01a71113	slli	x2,x14,0x1a	 x14:0x00000000  x2=0x00000000
       20415000	      2040	80001bbc	028dcc63	blt	x27,x8,80001bf4	 x27:0x00000000  x8:0x78d94dea
       20425000	      2041	00000000	00000013	addi	x0,x0,0	  x0:0x00000000
       20435000	      2042	80001bf0	00000013	addi	x0,x0,0	  x0:0x00000000
       20445000	      2043	80001bf4	0c864513	xori	x10,x12,200	 x12:0xfffff801 x10=0xfffff8c9
       20455000	      2044	80001bf8	00000013	addi	x0,x0,0	  x0:0x00000000
       20465000	      2045	80001bfc	0016e833	or	x16,x13,x1	 x13:0x0ddb9000  x1:0x78d94dea x16=0x7ddbddea
       20475000	      2046	80001c00	0436cb93	xori	x23,x13,67	 x13:0x0ddb9000 x23=0x0ddb9043
       20485000	      2047	80001c04	6c1927b7	lui	x15,0x6c192	 x15=0x6c192000
       20495000	      2048	80001c08	0d93bc93	sltiu	x25,x7,217	  x7:0x000009ea x25=0x00000000
       20505000	      2049	80001c0c	03570863	beq	x14,x21,80001c3c	 x14:0x00000000 x21:0x00000000
       20515000	      2050	00000000	00000013	addi	x0,x0,0	  x0:0x00000000
       20525000	      2051	80001c38	00000013	addi	x0,x0,0	  x0:0x00000000
       20535000	      2052	80001c3c	00195733	srl	x14,x18,x1	 x18:0x00000000  x1:0x78d94dea x14=0x00000000
       20545000	      2053	80001c40	e3fb4497	auipc	x9,0xe3fb4	  x9=0x63fb5c3c
       20555000	      2054	80001c44	01d0eab3	or	x21,x1,x29	  x1:0x78d94dea x29:0x80009f6c x21=0xf8d9dfee
       20565000	      2055	80001c48	00d00863	beq	x0,x13,80001c58	  x0:0x00000000 x13:0x0ddb9000
       20575000	      2056	80001c4c	00901793	slli	x15,x0,0x9	  x0:0x00000000 x15=0x00000000
       20585000	      2057	80001c50	3daf7d17	auipc	x26,0x3daf7	 x26=0xbdaf8c4c
       20595000	      2058	80001c54	411607b3	sub	x15,x12,x17	 x12:0xfffff801 x17:0x000009ea x15=0xffffee17
       20605000	      2059	80001c58	00a727b3	slt	x15,x14,x10	 x14:0x00000000 x10:0xfffff8c9 x15=0x00000000
       20615000	      2060	80001c5c	00000013	addi	x0,x0,0	  x0:0x00000000
       20625000	      2061	80001c60	004d5793	srli	x15,x26,0x4	 x26:0xbdaf8c4c x15=0x0bdaf8c4
       20635000	      2062	80001c64	d699eb13	ori	x22,x19,-663	 x19:0x80009fc4 x22=0xffffffed
       20645000	      2063	80001c68	02e00a63	beq	x0,x14,80001c9c	  x0:0x00000000 x14:0x00000000
       20655000	      2064	00000000	00000013	addi	x0,x0,0	  x0:0x00000000
       20665000	      2065	80001c98	00000013	addi	x0,x0,0	  x0:0x00000000
       20675000	      2066	80001c9c	01ec9893	slli	x17,x25,0x1e	 x25:0x00000000 x17=0x00000000
       20685000	      2067	80001ca0	08b72393	slti	x7,x14,139	 x14:0x00000000  x7=0x00000001
       20695000	      2068	80001ca4	01e7cfb3	xor	x31,x15,x30	 x15:0x0bdaf8c4 x30:0x00000000 x31=0x0bdaf8c4
       20705000	      2069	80001ca8	02f61c63	bne	x12,x15,80001ce0	 x12:0xfffff801 x15:0x0bdaf8c4
       20715000	      2070	00000000	00000013	addi	x0,x0,0	  x0:0x00000000
       20725000	      2071	80001cdc	00000013	addi	x0,x0,0	  x0:0x00000000
       20735000	      2072	80001ce0	019afa33	and	x20,x21,x25	 x21:0xf8d9dfee x25:0x00000000 x20=0x00000000
       20745000	      2073	80001ce4	4b603913	sltiu	x18,x0,1206	  x0:0x00000000 x18=0x00000001
       20755000	      2074	80001ce8	ef21e893	ori	x17,x3,-270	  x3:0x000001a5 x17=0xfffffff7
       20765000	      2075	80001cec	232968b7	lui	x17,0x23296	 x17=0x23296000
       20775000	      2076	80001cf0	03f90263	beq	x18,x31,80001d14	 x18:0x00000001 x31:0x0bdaf8c4
       20785000	      2077	80001cf4	deeaff17	auipc	x30,0xdeeaf	 x30=0x5eeb0cf0
       20795000	      2078	80001cf8	e2338913	addi	x18,x7,-477	  x7:0x00000001 x18=0xfffffe24
       20805000	      2079	80001cfc	01b40e63	beq	x8,x27,80001d18	  x8:0x78d94dea x27:0x00000000
       20815000	      2080	80001d00	404b5713	srai	x14,x22,0x4	 x22:0xffffffed x14=0xfffffffe
       20825000	      2081	80001d04	40cd8033	sub	x0,x27,x12	 x27:0x00000000 x12:0xfffff801
       20835000	      2082	80001d08	50c8f113	andi	x2,x17,1292	 x17:0x23296000  x2=0x00000000
       20845000	      2083	80001d0c	4082db13	srai	x22,x5,0x8	  x5:0x00000000 x22=0x00000000
       20855000	      2084	80001d10	5741e813	ori	x16,x3,1396	  x3:0x000001a5 x16=0x000005f5
       20865000	      2085	80001d14	00bcc7b3	xor	x15,x25,x11	 x25:0x00000000 x11:0x00000001 x15=0x00000001
       20875000	      2086	80001d18	415e5133	sra	x2,x28,x21	 x28:0x00020000 x21:0xf8d9dfee  x2=0x00000008
       20885000	      2087	80001d1c	0143e863	bltu	x7,x20,80001d2c	  x7:0x00000001 x20:0x00000000
       20895000	      2088	80001d20	bd328593	addi	x11,x5,-1069	  x5:0x00000000 x11=0xfffffbd3
       20905000	      2089	80001d24	4109d913	srai	x18,x19,0x10	 x19:0x80009fc4 x18=0xffff8000
       20915000	      2090	80001d28	0175b0b3	sltu	x1,x11,x23	 x11:0xfffffbd3 x23:0x0ddb9043  x1=0x00000000
       20925000	      2091	80001d2c	00383cb3	sltu	x25,x16,x3	 x16:0x000005f5  x3:0x000001a5 x25=0x00000000
       20935000	      2092	80001d30	37b77913	andi	x18,x14,891	 x14:0xfffffffe x18=0x0000037a
       20945000	      2093	80001d34	01ea7663	bgeu	x20,x30,80001d40	 x20:0x00000000 x30:0x5eeb0cf0
       20955000	      2094	80001d38	04bde863	bltu	x27,x11,80001d88	 x27:0x00000000 x11:0xfffffbd3
       20965000	      2095	00000000	00000013	addi	x0,x0,0	  x0:0x00000000
       20975000	      2096	80001d84	00000013	addi	x0,x0,0	  x0:0x00000000
       20985000	      2097	80001d88	0175f0b3	and	x1,x11,x23	 x11:0xfffffbd3 x23:0x0ddb9043  x1=0x0ddb9043
       20995000	      2098	80001d8c	4910ca93	xori	x21,x1,1169	  x1:0x0ddb9043 x21=0x0ddb94d2
       21005000	      2099	80001d90	2bc5b093	sltiu	x1,x11,700	 x11:0xfffffbd3  x1=0x00000000
       21015000	      2100	80001d94	00000013	addi	x0,x0,0	  x0:0x00000000
       21025000	      2101	80001d98	05fd1063	bne	x26,x31,80001dd8	 x26:0xbdaf8c4c x31:0x0bdaf8c4
       21035000	      2102	00000000	00000013	addi	x0,x0,0	  x0:0x00000000
       21045000	      2103	80001dd4	00000013	addi	x0,x0,0	  x0:0x00000000
       21055000	      2104	80001dd8	49b80813	addi	x16,x16,1179	 x16:0x000005f5 x16=0x00000a90
       21065000	      2105	80001ddc	00631513	slli	x10,x6,0x6	  x6:0xfff00013 x10=0xfc0004c0
       21075000	      2106	80001de0	41eada93	srai	x21,x21,0x1e	 x21:0x0ddb94d2 x21=0x00000000
       21085000	      2107	80001de4	00000013	addi	x0,x0,0	  x0:0x00000000
       21095000	      2108	80001de8	39203113	sltiu	x2,x0,914	  x0:0x00000000  x2=0x00000001
       21105000	      2109	80001dec	01fe2a33	slt	x20,x28,x31	 x28:0x00020000 x31:0x0bdaf8c4 x20=0x00000001
       21115000	      2110	80001df0	18ea4113	xori	x2,x20,398	 x20:0x00000001  x2=0x0000018f
       21125000	      2111	80001df4	4128d7b3	sra	x15,x17,x18	 x17:0x23296000 x18:0x0000037a x15=0x00000008
       21135000	      2112	80001df8	41c00ab3	sub	x21,x0,x28	  x0:0x00000000 x28:0x00020000 x21=0xfffe0000
       21145000	      2113	80001dfc	2454a013	slti	x0,x9,581	  x9:0x63fb5c3c
       21155000	      2114	80001e00	01127e33	and	x28,x4,x17	  x4:0x00000001 x17:0x23296000 x28=0x00000000
       21165000	      2115	80001e04	002b41b3	xor	x3,x22,x2	 x22:0x00000000  x2:0x0000018f  x3=0x0000018f
       21175000	      2116	80001e08	4025dfb3	sra	x31,x11,x2	 x11:0xfffffbd3  x2:0x0000018f x31=0xffffffff
       21185000	      2117	80001e0c	010d5393	srli	x7,x26,0x10	 x26:0xbdaf8c4c  x7=0x0000bdaf
       21195000	      2118	80001e10	a2ff4d17	auipc	x26,0xa2ff4	 x26=0x22ff5e0c
       21205000	      2119	80001e14	00074733	xor	x14,x14,x0	 x14:0xfffffffe  x0:0x00000000 x14=0xfffffffe
       21215000	      2120	80001e18	0066be33	sltu	x28,x13,x6	 x13:0x0ddb9000  x6:0xfff00013 x28=0x00000001
       21225000	      2121	80001e1c	039cc063	blt	x25,x25,80001e3c	 x25:0x00000000 x25:0x00000000
       21235000	      2122	80001e20	0115e2b3	or	x5,x11,x17	 x11:0xfffffbd3 x17:0x23296000  x5=0xfffffbd3
       21245000	      2123	80001e24	9b627393	andi	x7,x4,-1610	  x4:0x00000001  x7=0x00000000
       21255000	      2124	80001e28	0181e3b3	or	x7,x3,x24	  x3:0x0000018f x24:0x00000001  x7=0x0000018f
       21265000	      2125	80001e2c	0062b333	sltu	x6,x5,x6	  x5:0xfffffbd3  x6:0xfff00013  x6=0x00000000
       21275000	      2126	80001e30	00721d93	slli	x27,x4,0x7	  x4:0x00000001 x27=0x00000080
       21285000	      2127	80001e34	0167edb3	or	x27,x15,x22	 x15:0x00000008 x22:0x00000000 x27=0x00000008
       21295000	      2128	80001e38	419255b3	sra	x11,x4,x25	  x4:0x00000001 x25:0x00000000 x11=0x00000001
       21305000	      2129	80001e3c	e8cfe0ef	jal	x1,80001e3c	  x1=0x80001e3c
       21315000	      2130	00000000	00000013	addi	x0,x0,0	  x0:0x00000000
       21325000	      2131	800004c4	00000013	addi	x0,x0,0	  x0:0x00000000
       21335000	      2132	800004c8	ff4e8e93	addi	x29,x29,-12	 x29:0x80009f6c x29=0x80009f60
       21345000	      2133	800004cc	002ad693	srli	x13,x21,0x2	 x21:0xfffe0000 x13=0x3fff8000
       21355000	      2134	800004d0	e7bbaf13	slti	x30,x23,-389	 x23:0x0ddb9043 x30=0x00000000
       21365000	      2135	800004d4	aca43313	sltiu	x6,x8,-1334	  x8:0x78d94dea  x6=0x00000001
       21375000	      2136	800004d8	00417233	and	x4,x2,x4	  x2:0x0000018f  x4:0x00000001  x4=0x00000001
       21385000	      2137	800004dc	aaa53793	sltiu	x15,x10,-1366	 x10:0xfc0004c0 x15=0x00000001
       21395000	      2138	800004e0	01db7d33	and	x26,x22,x29	 x22:0x00000000 x29:0x80009f60 x26=0x00000000
       21405000	      2139	800004e4	40a70633	sub	x12,x14,x10	 x14:0xfffffffe x10:0xfc0004c0 x12=0x03fffb3e
       21415000	      2140	800004e8	001ea223	sw	x1,4(x29)	 x29:0x80009f60  x1:0x80001e3c PA:0x80009f64
       21425000	      2141	800004ec	402dd693	srai	x13,x27,0x2	 x27:0x00000008 x13=0x00000002
       21435000	      2142	800004f0	018181b3	add	x3,x3,x24	  x3:0x0000018f x24:0x00000001  x3=0x00000190
       21445000	      2143	800004f4	82ae0237	lui	x4,0x82ae0	  x4=0x82ae0000
       21455000	      2144	800004f8	00009117	auipc	x2,0x9	  x2=0x800094f4
       21465000	      2145	800004fc	87310113	addi	x2,x2,-1933	  x2:0x800094f4  x2=0x80008d67
       21475000	      2146	80000500	fdb10603	lb	x12,-37(x2)	  x2:0x80008d67 x12=0x00000001 PA:0x80008d42
       21485000	      2147	80000504	fcb10da3	sb	x11,-37(x2)	  x2:0x80008d67 x11:0x00000001 PA:0x80008d42
       21495000	      2148	80000508	8fccbb13	sltiu	x22,x25,-1796	 x25:0x00000000 x22=0x00000001
       21505000	      2149	8000050c	ffa10883	lb	x17,-6(x2)	  x2:0x80008d67 x17=0x00000000 PA:0x80008d61
       21515000	      2150	80000510	ffa14b03	lbu	x22,-6(x2)	  x2:0x80008d67 x22=0x00000000 PA:0x80008d61
       21525000	      2151	80000514	ffa10a83	lb	x21,-6(x2)	  x2:0x80008d67 x21=0x00000000 PA:0x80008d61
       21535000	      2152	80000518	03410503	lb	x10,52(x2)	  x2:0x80008d67 x10=0x00000000 PA:0x80008d9b
       21545000	      2153	8000051c	01412aa3	sw	x20,21(x2)	  x2:0x80008d67 x20:0x00000001 PA:0x80008d7c
       21555000	      2154	80000520	02a10a03	lb	x20,42(x2)	  x2:0x80008d67 x20=0x00000000 PA:0x80008d91
       21565000	      2155	80000524	fca10523	sb	x10,-54(x2)	  x2:0x80008d67 x10:0x00000000 PA:0x80008d31
       21575000	      2156	80000528	00410ab3	add	x21,x2,x4	  x2:0x80008d67  x4:0x82ae0000 x21=0x02ae8d67
       21585000	      2157	8000052c	02010923	sb	x0,50(x2)	  x2:0x80008d67  x0:0x00000000 PA:0x80008d99
       21595000	      2158	80000530	02911483	lh	x9,41(x2)	  x2:0x80008d67  x9=0x00000000 PA:0x80008d90
       21605000	      2159	80000534	00b10223	sb	x11,4(x2)	  x2:0x80008d67 x11:0x00000001 PA:0x80008d6b
       21615000	      2160	80000538	3f3ffd13	andi	x26,x31,1011	 x31:0xffffffff x26=0x000003f3
       21625000	      2161	8000053c	fc210803	lb	x16,-62(x2)	  x2:0x80008d67 x16=0xffffff8a PA:0x80008d29
       21635000	      2162	80000540	00000013	addi	x0,x0,0	  x0:0x00000000
       21645000	      2163	80000544	fc410123	sb	x4,-62(x2)	  x2:0x80008d67  x4:0x82ae0000 PA:0x80008d29
       21655000	      2164	80000548	fc210803	lb	x16,-62(x2)	  x2:0x80008d67 x16=0x00000000 PA:0x80008d29
       21665000	      2165	8000054c	00008817	auipc	x16,0x8	 x16=0x80008548
       21675000	      2166	80000550	ffb80813	addi	x16,x16,-5	 x16:0x80008548 x16=0x80008543
       21685000	      2167	80000554	00008197	auipc	x3,0x8	  x3=0x80008550
       21695000	      2168	80000558	c7b18193	addi	x3,x3,-901	  x3:0x80008550  x3=0x800081cb
       21705000	      2169	8000055c	f8f18383	lb	x7,-113(x3)	  x3:0x800081cb  x7=0x00000000 PA:0x8000815a
       21715000	      2170	80000560	b2c84283	lbu	x5,-1236(x16)	 x16:0x80008543  x5=0x00000000 PA:0x8000806f
       21725000	      2171	80000564	00008f17	auipc	x30,0x8	 x30=0x80008560
       21735000	      2172	80000568	167f0f13	addi	x30,x30,359	 x30:0x80008560 x30=0x800086c7
       21745000	      2173	8000056c	df0f4203	lbu	x4,-528(x30)	 x30:0x800086c7  x4=0x00000000 PA:0x800084b7
       21755000	      2174	80000570	0d518fa3	sb	x21,223(x3)	  x3:0x800081cb x21:0x02ae8d67 PA:0x800082aa
       21765000	      2175	80000574	52818a83	lb	x21,1320(x3)	  x3:0x800081cb x21=0x00000000 PA:0x800086f3
       21775000	      2176	80000578	18780f83	lb	x31,391(x16)	 x16:0x80008543 x31=0x00000000 PA:0x800086ca
       21785000	      2177	8000057c	0db1db83	lhu	x23,219(x3)	  x3:0x800081cb x23=0x00000000 PA:0x800082a6
       21795000	      2178	80000580	eadf4583	lbu	x11,-339(x30)	 x30:0x800086c7 x11=0x00000000 PA:0x80008574
       21805000	      2179	80000584	f05f0d83	lb	x27,-251(x30)	 x30:0x800086c7 x27=0x00000000 PA:0x800085cc
       21815000	      2180	80000588	f5e80e23	sb	x30,-164(x16)	 x16:0x80008543 x30:0x800086c7 PA:0x8000849f
       21825000	      2181	8000058c	b56f4703	lbu	x14,-1194(x30)	 x30:0x800086c7 x14=0x00000000 PA:0x8000821d
       21835000	      2182	80000590	23c84783	lbu	x15,572(x16)	 x16:0x80008543 x15=0x00000000 PA:0x8000877f
       21845000	      2183	80000594	06018003	lb	x0,96(x3)	  x3:0x800081cb PA:0x8000822b
       21855000	      2184	80000598	155f0423	sb	x21,328(x30)	 x30:0x800086c7 x21:0x00000000 PA:0x8000880f
       21865000	      2185	8000059c	09d84703	lbu	x14,157(x16)	 x16:0x80008543 x14=0x00000000 PA:0x800085e0
       21875000	      2186	800005a0	da7f16a3	sh	x7,-595(x30)	 x30:0x800086c7  x7:0x00000000 PA:0x80008474
       21885000	      2187	800005a4	5dd1c583	lbu	x11,1501(x3)	  x3:0x800081cb x11=0x00000000 PA:0x800087a8
       21895000	      2188	800005a8	00008797	auipc	x15,0x8	 x15=0x800085a4
       21905000	      2189	800005ac	c1f78793	addi	x15,x15,-993	 x15:0x800085a4 x15=0x800081c3
       21915000	      2190	800005b0	fd278123	sb	x18,-62(x15)	 x15:0x800081c3 x18:0x0000037a PA:0x80008185
       21925000	      2191	800005b4	fc278003	lb	x0,-62(x15)	 x15:0x800081c3 PA:0x80008185
       21935000	      2192	800005b8	fc278f03	lb	x30,-62(x15)	 x15:0x800081c3 x30=0x0000007a PA:0x80008185
       21945000	      2193	800005bc	fc278903	lb	x18,-62(x15)	 x15:0x800081c3 x18=0x0000007a PA:0x80008185
       21955000	      2194	800005c0	fd478123	sb	x20,-62(x15)	 x15:0x800081c3 x20:0x00000000 PA:0x80008185
       21965000	      2195	800005c4	fc27cc03	lbu	x24,-62(x15)	 x15:0x800081c3 x24=0x00000000 PA:0x80008185
       21975000	      2196	800005c8	fc27c603	lbu	x12,-62(x15)	 x15:0x800081c3 x12=0x00000000 PA:0x80008185
       21985000	      2197	800005cc	fc278583	lb	x11,-62(x15)	 x15:0x800081c3 x11=0x00000000 PA:0x80008185
       21995000	      2198	800005d0	fda78123	sb	x26,-62(x15)	 x15:0x800081c3 x26:0x000003f3 PA:0x80008185
       22005000	      2199	800005d4	412cdcb3	sra	x25,x25,x18	 x25:0x00000000 x18:0x0000007a x25=0x00000000
       22015000	      2200	800005d8	002f1813	slli	x16,x30,0x2	 x30:0x0000007a x16=0x000001e8
       22025000	      2201	800005dc	fd278123	sb	x18,-62(x15)	 x15:0x800081c3 x18:0x0000007a PA:0x80008185
       22035000	      2202	800005e0	fc878123	sb	x8,-62(x15)	 x15:0x800081c3  x8:0x78d94dea PA:0x80008185
       22045000	      2203	800005e4	fc27ce03	lbu	x28,-62(x15)	 x15:0x800081c3 x28=0x000000ea PA:0x80008185
       22055000	      2204	800005e8	fc27c903	lbu	x18,-62(x15)	 x15:0x800081c3 x18=0x000000ea PA:0x80008185
       22065000	      2205	800005ec	419c0233	sub	x4,x24,x25	 x24:0x00000000 x25:0x00000000  x4=0x00000000
       22075000	      2206	800005f0	fc27cc03	lbu	x24,-62(x15)	 x15:0x800081c3 x24=0x000000ea PA:0x80008185
       22085000	      2207	800005f4	fc27c183	lbu	x3,-62(x15)	 x15:0x800081c3  x3=0x000000ea PA:0x80008185
       22095000	      2208	800005f8	fc278483	lb	x9,-62(x15)	 x15:0x800081c3  x9=0xffffffea PA:0x80008185
       22105000	      2209	800005fc	005612b3	sll	x5,x12,x5	 x12:0x00000000  x5:0x00000000  x5=0x00000000
       22115000	      2210	80000600	fce78123	sb	x14,-62(x15)	 x15:0x800081c3 x14:0x00000000 PA:0x80008185
       22125000	      2211	80000604	001cd013	srli	x0,x25,0x1	 x25:0x00000000
       22135000	      2212	80000608	fcc78123	sb	x12,-62(x15)	 x15:0x800081c3 x12:0x00000000 PA:0x80008185
       22145000	      2213	8000060c	fc27c283	lbu	x5,-62(x15)	 x15:0x800081c3  x5=0x00000000 PA:0x80008185
       22155000	      2214	80000610	00008d17	auipc	x26,0x8	 x26=0x8000860c
       22165000	      2215	80000614	f46d0d13	addi	x26,x26,-186	 x26:0x8000860c x26=0x80008552
       22175000	      2216	80000618	e6fd4c83	lbu	x25,-401(x26)	 x26:0x80008552 x25=0x00000000 PA:0x800083c1
       22185000	      2217	8000061c	00008917	auipc	x18,0x8	 x18=0x80008618
       22195000	      2218	80000620	fd090913	addi	x18,x18,-48	 x18:0x80008618 x18=0x800085e8
       22205000	      2219	80000624	00008497	auipc	x9,0x8	  x9=0x80008620
       22215000	      2220	80000628	c4d48493	addi	x9,x9,-947	  x9:0x80008620  x9=0x8000826d
       22225000	      2221	8000062c	00008697	auipc	x13,0x8	 x13=0x80008628
       22235000	      2222	80000630	c1668693	addi	x13,x13,-1002	 x13:0x80008628 x13=0x8000823e
       22245000	      2223	80000634	bbad4883	lbu	x17,-1094(x26)	 x26:0x80008552 x17=0x00000000 PA:0x8000810c
       22255000	      2224	80000638	fe648003	lb	x0,-26(x9)	  x9:0x8000826d PA:0x80008253
       22265000	      2225	8000063c	00168083	lb	x1,1(x13)	 x13:0x8000823e  x1=0x00000000 PA:0x8000823f
       22275000	      2226	80000640	017906a3	sb	x23,13(x18)	 x18:0x800085e8 x23:0x00000000 PA:0x800085f5
       22285000	      2227	80000644	00b903a3	sb	x11,7(x18)	 x18:0x800085e8 x11:0x00000000 PA:0x800085ef
       22295000	      2228	80000648	ffc68c23	sb	x28,-8(x13)	 x13:0x8000823e x28:0x000000ea PA:0x80008236
       22305000	      2229	8000064c	fd948fa3	sb	x25,-33(x9)	  x9:0x8000826d x25:0x00000000 PA:0x8000824c
       22315000	      2230	80000650	c62d0e23	sb	x2,-900(x26)	 x26:0x80008552  x2:0x80008d67 PA:0x800081ce
       22325000	      2231	80000654	00f94303	lbu	x6,15(x18)	 x18:0x800085e8  x6=0x00000000 PA:0x800085f7
       22335000	      2232	80000658	fc448303	lb	x6,-60(x9)	  x9:0x8000826d  x6=0x00000000 PA:0x80008231
       22345000	      2233	8000065c	e6cd1383	lh	x7,-404(x26)	 x26:0x80008552  x7=0x00000000 PA:0x800083be
       22355000	      2234	80000660	00468883	lb	x17,4(x13)	 x13:0x8000823e x17=0x00000000 PA:0x80008242
       22365000	      2235	80000664	ffe69c83	lh	x25,-2(x13)	 x13:0x8000823e x25=0x00000000 PA:0x8000823c
       22375000	      2236	80000668	b5ed4883	lbu	x17,-1186(x26)	 x26:0x80008552 x17=0x00000000 PA:0x800080b0
       22385000	      2237	8000066c	f1ed5383	lhu	x7,-226(x26)	 x26:0x80008552  x7=0x00000000 PA:0x80008470
       22395000	      2238	80000670	03b4a383	lw	x7,59(x9)	  x9:0x8000826d  x7=0x00670000 PA:0x800082a8
       22405000	      2239	80000674	01f90183	lb	x3,31(x18)	 x18:0x800085e8  x3=0x00000000 PA:0x80008607
       22415000	      2240	80000678	0214c083	lbu	x1,33(x9)	  x9:0x8000826d  x1=0x00000000 PA:0x8000828e
       22425000	      2241	8000067c	fdc90923	sb	x28,-46(x18)	 x18:0x800085e8 x28:0x000000ea PA:0x800085ba
       22435000	      2242	80000680	d16d01a3	sb	x22,-765(x26)	 x26:0x80008552 x22:0x00000000 PA:0x80008255
       22445000	      2243	80000684	fe268da3	sb	x2,-5(x13)	 x13:0x8000823e  x2:0x80008d67 PA:0x80008239
       22455000	      2244	80000688	01190823	sb	x17,16(x18)	 x18:0x800085e8 x17:0x00000000 PA:0x800085f8
       22465000	      2245	8000068c	00008397	auipc	x7,0x8	  x7=0x80008688
       22475000	      2246	80000690	25638393	addi	x7,x7,598	  x7:0x80008688  x7=0x800088de
       22485000	      2247	80000694	00009497	auipc	x9,0x9	  x9=0x80009690
       22495000	      2248	80000698	90348493	addi	x9,x9,-1789	  x9:0x80009690  x9=0x80008f93
       22505000	      2249	8000069c	5843d003	lhu	x0,1412(x7)	  x7:0x800088de PA:0x80008e62
       22515000	      2250	800006a0	00009197	auipc	x3,0x9	  x3=0x8000969c
       22525000	      2251	800006a4	91618193	addi	x3,x3,-1770	  x3:0x8000969c  x3=0x80008fb2
       22535000	      2252	800006a8	54b385a3	sb	x11,1355(x7)	  x7:0x800088de x11:0x00000000 PA:0x80008e29
       22545000	      2253	800006ac	001182a3	sb	x1,5(x3)	  x3:0x80008fb2  x1:0x00000000 PA:0x80008fb7
       22555000	      2254	800006b0	ff048aa3	sb	x16,-11(x9)	  x9:0x80008f93 x16:0x000001e8 PA:0x80008f88
       22565000	      2255	800006b4	019181a3	sb	x25,3(x3)	  x3:0x80008fb2 x25:0x00000000 PA:0x80008fb5
       22575000	      2256	800006b8	01a182a3	sb	x26,5(x3)	  x3:0x80008fb2 x26:0x80008552 PA:0x80008fb7
       22585000	      2257	800006bc	fe73c783	lbu	x15,-25(x7)	  x7:0x800088de x15=0x00000000 PA:0x800088c5
       22595000	      2258	800006c0	f9e48e23	sb	x30,-100(x9)	  x9:0x80008f93 x30:0x0000007a PA:0x80008f2f
       22605000	      2259	800006c4	3f53c603	lbu	x12,1013(x7)	  x7:0x800088de x12=0x00000000 PA:0x80008cd3
       22615000	      2260	800006c8	1053c683	lbu	x13,261(x7)	  x7:0x800088de x13=0x00000000 PA:0x800089e3
       22625000	      2261	800006cc	ff81d283	lhu	x5,-8(x3)	  x3:0x80008fb2  x5=0x00000000 PA:0x80008faa
       22635000	      2262	800006d0	0041d883	lhu	x17,4(x3)	  x3:0x80008fb2 x17=0x00005200 PA:0x80008fb6
       22645000	      2263	800006d4	fbe492a3	sh	x30,-91(x9)	  x9:0x80008f93 x30:0x0000007a PA:0x80008f38
       22655000	      2264	800006d8	f7948623	sb	x25,-148(x9)	  x9:0x80008f93 x25:0x00000000 PA:0x80008eff
       22665000	      2265	800006dc	f684cd83	lbu	x27,-152(x9)	  x9:0x80008f93 x27=0x00000000 PA:0x80008efb
       22675000	      2266	800006e0	5df3ce03	lbu	x28,1503(x7)	  x7:0x800088de x28=0x00000000 PA:0x80008ebd
       22685000	      2267	800006e4	ff94a4a3	sw	x25,-23(x9)	  x9:0x80008f93 x25:0x00000000 PA:0x80008f7c
       22695000	      2268	800006e8	01b19823	sh	x27,16(x3)	  x3:0x80008fb2 x27:0x00000000 PA:0x80008fc2
       22705000	      2269	800006ec	302388a3	sb	x2,785(x7)	  x7:0x800088de  x2:0x80008d67 PA:0x80008bef
       22715000	      2270	800006f0	04048223	sb	x0,68(x9)	  x9:0x80008f93  x0:0x00000000 PA:0x80008fd7
       22725000	      2271	800006f4	ff819703	lh	x14,-8(x3)	  x3:0x80008fb2 x14=0x00000000 PA:0x80008faa
       22735000	      2272	800006f8	00008117	auipc	x2,0x8	  x2=0x800086f4
       22745000	      2273	800006fc	d3c10113	addi	x2,x2,-708	  x2:0x800086f4  x2=0x80008430
       22755000	      2274	80000700	0dc100a3	sb	x28,193(x2)	  x2:0x80008430 x28:0x00000000 PA:0x800084f1
       22765000	      2275	80000704	0c110e03	lb	x28,193(x2)	  x2:0x80008430 x28=0x00000000 PA:0x800084f1
       22775000	      2276	00000000	00000013	addi	x0,x0,0	  x0:0x00000000
       22785000	      2277	80000708	01c85a93	srli	x21,x16,0x1c	 x16:0x000001e8 x21=0x00000000
       22795000	      2278	8000070c	41dede33	sra	x28,x29,x29	 x29:0x80009f60 x29:0x80009f60 x28=0x80009f60
       22805000	      2279	80000710	0c110c83	lb	x25,193(x2)	  x2:0x80008430 x25=0x00000000 PA:0x800084f1
       22815000	      2280	80000714	0c114b03	lbu	x22,193(x2)	  x2:0x80008430 x22=0x00000000 PA:0x800084f1
       22825000	      2281	80000718	0dc100a3	sb	x28,193(x2)	  x2:0x80008430 x28:0x80009f60 PA:0x800084f1
       22835000	      2282	8000071c	0c110583	lb	x11,193(x2)	  x2:0x80008430 x11=0x00000060 PA:0x800084f1
       22845000	      2283	80000720	c7210aa3	sb	x18,-907(x2)	  x2:0x80008430 x18:0x800085e8 PA:0x800080a5
       22855000	      2284	80000724	c7514783	lbu	x15,-907(x2)	  x2:0x80008430 x15=0x000000e8 PA:0x800080a5
       22865000	      2285	80000728	c7514883	lbu	x17,-907(x2)	  x2:0x80008430 x17=0x000000e8 PA:0x800080a5
       22875000	      2286	8000072c	c7510483	lb	x9,-907(x2)	  x2:0x80008430  x9=0xffffffe8 PA:0x800080a5
       22885000	      2287	80000730	5d402893	slti	x17,x0,1492	  x0:0x00000000 x17=0x00000001
       22895000	      2288	80000734	c7510c83	lb	x25,-907(x2)	  x2:0x80008430 x25=0xffffffe8 PA:0x800080a5
       22905000	      2289	80000738	c7514d03	lbu	x26,-907(x2)	  x2:0x80008430 x26=0x000000e8 PA:0x800080a5
       22915000	      2290	8000073c	c7510803	lb	x16,-907(x2)	  x2:0x80008430 x16=0xffffffe8 PA:0x800080a5
       22925000	      2291	80000740	c7514f83	lbu	x31,-907(x2)	  x2:0x80008430 x31=0x000000e8 PA:0x800080a5
       22935000	      2292	80000744	c6110aa3	sb	x1,-907(x2)	  x2:0x80008430  x1:0x00000000 PA:0x800080a5
       22945000	      2293	80000748	c7510683	lb	x13,-907(x2)	  x2:0x80008430 x13=0x00000000 PA:0x800080a5
       22955000	      2294	8000074c	111a4fb7	lui	x31,0x111a4	 x31=0x111a4000
       22965000	      2295	80000750	d2a10f83	lb	x31,-726(x2)	  x2:0x80008430 x31=0x00000000 PA:0x8000815a
       22975000	      2296	80000754	d2a11d03	lh	x26,-726(x2)	  x2:0x80008430 x26=0x00000000 PA:0x8000815a
       22985000	      2297	80000758	f21b6b13	ori	x22,x22,-223	 x22:0x00000000 x22=0xffffff21
       22995000	      2298	8000075c	d2a14b03	lbu	x22,-726(x2)	  x2:0x80008430 x22=0x00000000 PA:0x8000815a
       23005000	      2299	80000760	00008697	auipc	x13,0x8	 x13=0x8000875c
       23015000	      2300	80000764	ad668693	addi	x13,x13,-1322	 x13:0x8000875c x13=0x80008232
       23025000	      2301	80000768	fe968ba3	sb	x9,-9(x13)	 x13:0x80008232  x9:0xffffffe8 PA:0x80008229
       23035000	      2302	8000076c	01468523	sb	x20,10(x13)	 x13:0x80008232 x20:0x00000000 PA:0x8000823c
       23045000	      2303	80000770	00fb4933	xor	x18,x22,x15	 x22:0x00000000 x15:0x000000e8 x18=0x000000e8
       23055000	      2304	80000774	00168003	lb	x0,1(x13)	 x13:0x80008232 PA:0x80008233
       23065000	      2305	80000778	00168f03	lb	x30,1(x13)	 x13:0x80008232 x30=0x00000000 PA:0x80008233
       23075000	      2306	8000077c	ff46cd03	lbu	x26,-12(x13)	 x13:0x80008232 x26=0x00000000 PA:0x80008226
       23085000	      2307	80000780	ff468f03	lb	x30,-12(x13)	 x13:0x80008232 x30=0x00000000 PA:0x80008226
       23095000	      2308	80000784	40215a93	srai	x21,x2,0x2	  x2:0x80008430 x21=0xe000210c
       23105000	      2309	80000788	613d9517	auipc	x10,0x613d9	 x10=0xe13d9784
       23115000	      2310	8000078c	00b68b83	lb	x23,11(x13)	 x13:0x80008232 x23=0x00000000 PA:0x8000823d
       23125000	      2311	80000790	00b68003	lb	x0,11(x13)	 x13:0x80008232 PA:0x8000823d
       23135000	      2312	80000794	009d2633	slt	x12,x26,x9	 x26:0x00000000  x9:0xffffffe8 x12=0x00000000
       23145000	      2313	80000798	00168503	lb	x10,1(x13)	 x13:0x80008232 x10=0x00000000 PA:0x80008233
       23155000	      2314	8000079c	008163b3	or	x7,x2,x8	  x2:0x80008430  x8:0x78d94dea  x7=0xf8d9cdfa
       23165000	      2315	800007a0	0016c883	lbu	x17,1(x13)	 x13:0x80008232 x17=0x00000000 PA:0x80008233
       23175000	      2316	800007a4	016680a3	sb	x22,1(x13)	 x13:0x80008232 x22:0x00000000 PA:0x80008233
       23185000	      2317	800007a8	00008117	auipc	x2,0x8	  x2=0x800087a4
       23195000	      2318	800007ac	6fb10113	addi	x2,x2,1787	  x2:0x800087a4  x2=0x80008e9f
       23205000	      2319	800007b0	257ee1b7	lui	x3,0x257ee	  x3=0x257ee000
       23215000	      2320	800007b4	00d14c03	lbu	x24,13(x2)	  x2:0x80008e9f x24=0x00000000 PA:0x80008eac
       23225000	      2321	800007b8	41ef0e33	sub	x28,x30,x30	 x30:0x00000000 x30:0x00000000 x28=0x00000000
       23235000	      2322	800007bc	00939693	slli	x13,x7,0x9	  x7:0xf8d9cdfa x13=0xb39bf400
       23245000	      2323	800007c0	ef754513	xori	x10,x10,-265	 x10:0x00000000 x10=0xfffffef7
       23255000	      2324	800007c4	018d33b3	sltu	x7,x26,x24	 x26:0x00000000 x24:0x00000000  x7=0x00000000
       23265000	      2325	800007c8	ffc10b03	lb	x22,-4(x2)	  x2:0x80008e9f x22=0x00000000 PA:0x80008e9b
       23275000	      2326	800007cc	19592893	slti	x17,x18,405	 x18:0x000000e8 x17=0x00000001
       23285000	      2327	800007d0	33526613	ori	x12,x4,821	  x4:0x00000000 x12=0x00000335
       23295000	      2328	800007d4	00a10523	sb	x10,10(x2)	  x2:0x80008e9f x10:0xfffffef7 PA:0x80008ea9
       23305000	      2329	800007d8	30bf6b17	auipc	x22,0x30bf6	 x22=0xb0bf67d4
       23315000	      2330	800007dc	00000013	addi	x0,x0,0	  x0:0x00000000
       23325000	      2331	800007e0	00f340b3	xor	x1,x6,x15	  x6:0x00000000 x15:0x000000e8  x1=0x000000e8
       23335000	      2332	800007e4	00f41813	slli	x16,x8,0xf	  x8:0x78d94dea x16=0xa6f50000
       23345000	      2333	800007e8	00914f83	lbu	x31,9(x2)	  x2:0x80008e9f x31=0x00000088 PA:0x80008ea8
       23355000	      2334	800007ec	40d8de33	sra	x28,x17,x13	 x17:0x00000001 x13:0xb39bf400 x28=0x00000001
       23365000	      2335	800007f0	00ed10b3	sll	x1,x26,x14	 x26:0x00000000 x14:0x00000000  x1=0x00000000
       23375000	      2336	800007f4	c420ba93	sltiu	x21,x1,-958	  x1:0x00000000 x21=0x00000001
       23385000	      2337	800007f8	40885a13	srai	x20,x16,0x8	 x16:0xa6f50000 x20=0xffa6f500
       23395000	      2338	800007fc	00214583	lbu	x11,2(x2)	  x2:0x80008e9f x11=0x00000000 PA:0x80008ea1
       23405000	      2339	80000800	00f14203	lbu	x4,15(x2)	  x2:0x80008e9f  x4=0x00000000 PA:0x80008eae
       23415000	      2340	80000804	ff414803	lbu	x16,-12(x2)	  x2:0x80008e9f x16=0x00000000 PA:0x80008e93
       23425000	      2341	80000808	1beeb093	sltiu	x1,x29,446	 x29:0x80009f60  x1=0x00000000
       23435000	      2342	8000080c	01594cb3	xor	x25,x18,x21	 x18:0x000000e8 x21:0x00000001 x25=0x000000e9
       23445000	      2343	80000810	b6ee3f17	auipc	x30,0xb6ee3	 x30=0x36ee380c
       23455000	      2344	80000814	002638b3	sltu	x17,x12,x2	 x12:0x00000335  x2:0x80008e9f x17=0x00000001
       23465000	      2345	80000818	01610023	sb	x22,0(x2)	  x2:0x80008e9f x22:0xb0bf67d4 PA:0x80008e9f
       23475000	      2346	8000081c	019aafb3	slt	x31,x21,x25	 x21:0x00000001 x25:0x000000e9 x31=0x00000001
       23485000	      2347	80000820	00691013	slli	x0,x18,0x6	 x18:0x000000e8
       23495000	      2348	80000824	007102a3	sb	x7,5(x2)	  x2:0x80008e9f  x7:0x00000000 PA:0x80008ea4
       23505000	      2349	80000828	001f6c33	or	x24,x30,x1	 x30:0x36ee380c  x1:0x00000000 x24=0x36ee380c
       23515000	      2350	8000082c	01301a33	sll	x20,x0,x19	  x0:0x00000000 x19:0x80009fc4 x20=0x00000000
       23525000	      2351	80000830	ff110283	lb	x5,-15(x2)	  x2:0x80008e9f  x5=0x00000000 PA:0x80008e90
       23535000	      2352	80000834	ff210183	lb	x3,-14(x2)	  x2:0x80008e9f  x3=0x00000000 PA:0x80008e91
       23545000	      2353	00000000	00000013	addi	x0,x0,0	  x0:0x00000000
       23555000	      2354	80000838	00311483	lh	x9,3(x2)	  x2:0x80008e9f  x9=0x00000000 PA:0x80008ea2
       23565000	      2355	8000083c	00a10483	lb	x9,10(x2)	  x2:0x80008e9f  x9=0xfffffff7 PA:0x80008ea9
       23575000	      2356	80000840	00000013	addi	x0,x0,0	  x0:0x00000000
       23585000	      2357	80000844	019102b3	add	x5,x2,x25	  x2:0x80008e9f x25:0x000000e9  x5=0x80008f88
       23595000	      2358	80000848	005114a3	sh	x5,9(x2)	  x2:0x80008e9f  x5:0x80008f88 PA:0x80008ea8
       23605000	      2359	8000084c	ffe10e03	lb	x28,-2(x2)	  x2:0x80008e9f x28=0x00000000 PA:0x80008e9d
       23615000	      2360	80000850	00414a03	lbu	x20,4(x2)	  x2:0x80008e9f x20=0x00000000 PA:0x80008ea3
       23625000	      2361	80000854	00d11903	lh	x18,13(x2)	  x2:0x80008e9f x18=0x00000000 PA:0x80008eac
       23635000	      2362	80000858	25402c97	auipc	x25,0x25402	 x25=0xa5402854
       23645000	      2363	8000085c	00014c03	lbu	x24,0(x2)	  x2:0x80008e9f x24=0x000000d4 PA:0x80008e9f
       23655000	      2364	80000860	5ac83d13	sltiu	x26,x16,1452	 x16:0x00000000 x26=0x00000001
       23665000	      2365	80000864	00f15b03	lhu	x22,15(x2)	  x2:0x80008e9f x22=0x00000000 PA:0x80008eae
       23675000	      2366	80000868	00008597	auipc	x11,0x8	 x11=0x80008864
       23685000	      2367	8000086c	99f58593	addi	x11,x11,-1633	 x11:0x80008864 x11=0x80008203
       23695000	      2368	80000870	fc658703	lb	x14,-58(x11)	 x11:0x80008203 x14=0x00000000 PA:0x800081c9
       23705000	      2369	80000874	fef5d383	lhu	x7,-17(x11)	 x11:0x80008203  x7=0x00000000 PA:0x800081f2
       23715000	      2370	80000878	00000013	addi	x0,x0,0	  x0:0x00000000
       23725000	      2371	8000087c	8a3f6c13	ori	x24,x30,-1885	 x30:0x36ee380c x24=0xfffff8af
       23735000	      2372	80000880	ff558f83	lb	x31,-11(x11)	 x11:0x80008203 x31=0x00000000 PA:0x800081f8
       23745000	      2373	80000884	74256293	ori	x5,x10,1858	 x10:0xfffffef7  x5=0xfffffff7
       23755000	      2374	80000888	03758683	lb	x13,55(x11)	 x11:0x80008203 x13=0x00000000 PA:0x8000823a
       23765000	      2375	8000088c	fcb58623	sb	x11,-52(x11)	 x11:0x80008203 x11:0x80008203 PA:0x800081cf
       23775000	      2376	80000890	63dca013	slti	x0,x25,1597	 x25:0xa5402854
       23785000	      2377	80000894	01f5cd03	lbu	x26,31(x11)	 x11:0x80008203 x26=0x00000000 PA:0x80008222
       23795000	      2378	80000898	cce60613	addi	x12,x12,-818	 x12:0x00000335 x12=0x00000003
       23805000	      2379	8000089c	21127913	andi	x18,x4,529	  x4:0x00000000 x18=0x00000000
       23815000	      2380	800008a0	ff558603	lb	x12,-11(x11)	 x11:0x80008203 x12=0x00000000 PA:0x800081f8
       23825000	      2381	800008a4	020595a3	sh	x0,43(x11)	 x11:0x80008203  x0:0x00000000 PA:0x8000822e
       23835000	      2382	800008a8	00000013	addi	x0,x0,0	  x0:0x00000000
       23845000	      2383	800008ac	02458b23	sb	x4,54(x11)	 x11:0x80008203  x4:0x00000000 PA:0x80008239
       23855000	      2384	800008b0	fe158423	sb	x1,-24(x11)	 x11:0x80008203  x1:0x00000000 PA:0x800081eb
       23865000	      2385	800008b4	01b5dc03	lhu	x24,27(x11)	 x11:0x80008203 x24=0x00000000 PA:0x8000821e
       23875000	      2386	800008b8	006e87b3	add	x15,x29,x6	 x29:0x80009f60  x6:0x00000000 x15=0x80009f60
       23885000	      2387	800008bc	03d582a3	sb	x29,37(x11)	 x11:0x80008203 x29:0x80009f60 PA:0x80008228
       23895000	      2388	800008c0	41b95913	srai	x18,x18,0x1b	 x18:0x00000000 x18=0x00000000
       23905000	      2389	800008c4	03e58b83	lb	x23,62(x11)	 x11:0x80008203 x23=0x00000000 PA:0x80008241
       23915000	      2390	800008c8	01f58ba3	sb	x31,23(x11)	 x11:0x80008203 x31:0x00000000 PA:0x8000821a
       23925000	      2391	800008cc	01fe9113	slli	x2,x29,0x1f	 x29:0x80009f60  x2=0x00000000
       23935000	      2392	800008d0	00f58483	lb	x9,15(x11)	 x11:0x80008203  x9=0x00000000 PA:0x80008212
       23945000	      2393	800008d4	fce58b83	lb	x23,-50(x11)	 x11:0x80008203 x23=0x00000000 PA:0x800081d1
       23955000	      2394	800008d8	00d58e23	sb	x13,28(x11)	 x11:0x80008203 x13:0x00000000 PA:0x8000821f
       23965000	      2395	800008dc	03258ca3	sb	x18,57(x11)	 x11:0x80008203 x18:0x00000000 PA:0x8000823c
       23975000	      2396	800008e0	0205c503	lbu	x10,32(x11)	 x11:0x80008203 x10=0x00000000 PA:0x80008223
       23985000	      2397	800008e4	0045c683	lbu	x13,4(x11)	 x11:0x80008203 x13=0x00000000 PA:0x80008207
       23995000	      2398	800008e8	02858b83	lb	x23,40(x11)	 x11:0x80008203 x23=0x00000000 PA:0x8000822b
       24005000	      2399	800008ec	2a522b13	slti	x22,x4,677	  x4:0x00000000 x22=0x00000001
       24015000	      2400	800008f0	fe558f83	lb	x31,-27(x11)	 x11:0x80008203 x31=0x00000000 PA:0x800081e8
       24025000	      2401	800008f4	fc75c703	lbu	x14,-57(x11)	 x11:0x80008203 x14=0x00000000 PA:0x800081ca
       24035000	      2402	800008f8	003a5b93	srli	x23,x20,0x3	 x20:0x00000000 x23=0x00000000
       24045000	      2403	800008fc	017accb3	xor	x25,x21,x23	 x21:0x00000001 x23:0x00000000 x25=0x00000001
       24055000	      2404	80000900	fc858023	sb	x8,-64(x11)	 x11:0x80008203  x8:0x78d94dea PA:0x800081c3
       24065000	      2405	80000904	03159ea3	sh	x17,61(x11)	 x11:0x80008203 x17:0x00000001 PA:0x80008240
       24075000	      2406	80000908	fd359f03	lh	x30,-45(x11)	 x11:0x80008203 x30=0x00000000 PA:0x800081d6
       24085000	      2407	8000090c	fc95cf83	lbu	x31,-55(x11)	 x11:0x80008203 x31=0x00000000 PA:0x800081cc
       24095000	      2408	00000000	00000013	addi	x0,x0,0	  x0:0x00000000
       24105000	      2409	80000910	266ff013	andi	x0,x31,614	 x31:0x00000000
       24115000	      2410	80000914	03359883	lh	x17,51(x11)	 x11:0x80008203 x17=0x000000ea PA:0x80008236
       24125000	      2411	80000918	00000013	addi	x0,x0,0	  x0:0x00000000
       24135000	      2412	8000091c	fdf59f03	lh	x30,-33(x11)	 x11:0x80008203 x30=0x00000000 PA:0x800081e2
       24145000	      2413	80000920	011c28b3	slt	x17,x24,x17	 x24:0x00000000 x17:0x000000ea x17=0x00000001
       24155000	      2414	80000924	00858f83	lb	x31,8(x11)	 x11:0x80008203 x31=0x00000000 PA:0x8000820b
       24165000	      2415	80000928	00008117	auipc	x2,0x8	  x2=0x80008924
       24175000	      2416	8000092c	ef310113	addi	x2,x2,-269	  x2:0x80008924  x2=0x80008817
       24185000	      2417	80000930	fdc14c03	lbu	x24,-36(x2)	  x2:0x80008817 x24=0x00000000 PA:0x800087f3
       24195000	      2418	80000934	6d006f37	lui	x30,0x6d006	 x30=0x6d006000
       24205000	      2419	80000938	ffa10b03	lb	x22,-6(x2)	  x2:0x80008817 x22=0x00000000 PA:0x80008811
       24215000	      2420	8000093c	007205b3	add	x11,x4,x7	  x4:0x00000000  x7:0x00000000 x11=0x00000000
       24225000	      2421	80000940	f2414703	lbu	x14,-220(x2)	  x2:0x80008817 x14=0x00000000 PA:0x8000873b
       24235000	      2422	80000944	01e7db13	srli	x22,x15,0x1e	 x15:0x80009f60 x22=0x00000002
       24245000	      2423	80000948	00000013	addi	x0,x0,0	  x0:0x00000000
       24255000	      2424	8000094c	f4410b23	sb	x4,-170(x2)	  x2:0x80008817  x4:0x00000000 PA:0x8000876d
       24265000	      2425	80000950	c1640693	addi	x13,x8,-1002	  x8:0x78d94dea x13=0x78d94a00
       24275000	      2426	80000954	f4f10423	sb	x15,-184(x2)	  x2:0x80008817 x15:0x80009f60 PA:0x8000875f
       24285000	      2427	80000958	33ad0593	addi	x11,x26,826	 x26:0x00000000 x11=0x0000033a
       24295000	      2428	8000095c	00e75213	srli	x4,x14,0xe	 x14:0x00000000  x4=0x00000000
       24305000	      2429	80000960	0cd2c897	auipc	x17,0xcd2c	 x17=0x8cd2c95c
       24315000	      2430	80000964	f80113a3	sh	x0,-121(x2)	  x2:0x80008817  x0:0x00000000 PA:0x8000879e
       24325000	      2431	80000968	00000013	addi	x0,x0,0	  x0:0x00000000
       24335000	      2432	8000096c	40475513	srai	x10,x14,0x4	 x14:0x00000000 x10=0x00000000
       24345000	      2433	80000970	fdd10023	sb	x29,-64(x2)	  x2:0x80008817 x29:0x80009f60 PA:0x800087d7
       24355000	      2434	80000974	00ce1293	slli	x5,x28,0xc	 x28:0x00000000  x5=0x00000000
       24365000	      2435	80000978	fa410e23	sb	x4,-68(x2)	  x2:0x80008817  x4:0x00000000 PA:0x800087d3
       24375000	      2436	8000097c	00b41a93	slli	x21,x8,0xb	  x8:0x78d94dea x21=0xca6f5000
       24385000	      2437	80000980	fde10623	sb	x30,-52(x2)	  x2:0x80008817 x30:0x6d006000 PA:0x800087e3
       24395000	      2438	80000984	00e49193	slli	x3,x9,0xe	  x9:0x00000000  x3=0x00000000
       24405000	      2439	80000988	d472a693	slti	x13,x5,-697	  x5:0x00000000 x13=0x00000000
       24415000	      2440	8000098c	00a15b33	srl	x22,x2,x10	  x2:0x80008817 x10:0x00000000 x22=0x80008817
       24425000	      2441	80000990	0191c933	xor	x18,x3,x25	  x3:0x00000000 x25:0x00000001 x18=0x00000001
       24435000	      2442	80000994	237d0693	addi	x13,x26,567	 x26:0x00000000 x13=0x00000237
       24445000	      2443	80000998	f8515803	lhu	x16,-123(x2)	  x2:0x80008817 x16=0x00000000 PA:0x8000879c
       24455000	      2444	8000099c	0175c6b3	xor	x13,x11,x23	 x11:0x0000033a x23:0x00000000 x13=0x0000033a
       24465000	      2445	800009a0	01e6b733	sltu	x14,x13,x30	 x13:0x0000033a x30:0x6d006000 x14=0x00000001
       24475000	      2446	800009a4	41b95193	srai	x3,x18,0x1b	 x18:0x00000001  x3=0x00000000
       24485000	      2447	800009a8	f4912783	lw	x15,-183(x2)	  x2:0x80008817 x15=0x00000000 PA:0x80008760
       24495000	      2448	800009ac	01314333	xor	x6,x2,x19	  x2:0x80008817 x19:0x80009fc4  x6=0x000017d3
       24505000	      2449	800009b0	fc310c03	lb	x24,-61(x2)	  x2:0x80008817 x24=0x00000000 PA:0x800087da
       24515000	      2450	800009b4	6dcf3f93	sltiu	x31,x30,1756	 x30:0x6d006000 x31=0x00000000
       24525000	      2451	800009b8	f7d109a3	sb	x29,-141(x2)	  x2:0x80008817 x29:0x80009f60 PA:0x8000878a
       24535000	      2452	800009bc	f8c10303	lb	x6,-116(x2)	  x2:0x80008817  x6=0x00000000 PA:0x800087a3
       24545000	      2453	800009c0	ffd12d83	lw	x27,-3(x2)	  x2:0x80008817 x27=0xea000000 PA:0x80008814
       24555000	      2454	800009c4	fbc14283	lbu	x5,-68(x2)	  x2:0x80008817  x5=0x00000000 PA:0x800087d3
       24565000	      2455	800009c8	f0e10123	sb	x14,-254(x2)	  x2:0x80008817 x14:0x00000001 PA:0x80008719
       24575000	      2456	800009cc	e67f4b97	auipc	x23,0xe67f4	 x23=0x667f49c8
       24585000	      2457	800009d0	f1d12003	lw	x0,-227(x2)	  x2:0x80008817 PA:0x80008734
       24595000	      2458	800009d4	fba100a3	sb	x26,-95(x2)	  x2:0x80008817 x26:0x00000000 PA:0x800087b8
       24605000	      2459	800009d8	fc714f03	lbu	x30,-57(x2)	  x2:0x80008817 x30=0x00000000 PA:0x800087de
       24615000	      2460	800009dc	01ac42b3	xor	x5,x24,x26	 x24:0x00000000 x26:0x00000000  x5=0x00000000
       24625000	      2461	800009e0	00810023	sb	x8,0(x2)	  x2:0x80008817  x8:0x78d94dea PA:0x80008817
       24635000	      2462	800009e4	fc210083	lb	x1,-62(x2)	  x2:0x80008817  x1=0x00000000 PA:0x800087d9
       24645000	      2463	800009e8	0b5fbb93	sltiu	x23,x31,181	 x31:0x00000000 x23=0x00000001
       24655000	      2464	800009ec	e4722c13	slti	x24,x4,-441	  x4:0x00000000 x24=0x00000000
       24665000	      2465	800009f0	41075b93	srai	x23,x14,0x10	 x14:0x00000001 x23=0x00000000
       24675000	      2466	800009f4	01adbbb3	sltu	x23,x27,x26	 x27:0xea000000 x26:0x00000000 x23=0x00000000
       24685000	      2467	800009f8	01ebacb3	slt	x25,x23,x30	 x23:0x00000000 x30:0x00000000 x25=0x00000000
       24695000	      2468	800009fc	35038793	addi	x15,x7,848	  x7:0x00000000 x15=0x00000350
       24705000	      2469	80000a00	01aa3bb3	sltu	x23,x20,x26	 x20:0x00000000 x26:0x00000000 x23=0x00000000
       24715000	      2470	80000a04	1bf48593	addi	x11,x9,447	  x9:0x00000000 x11=0x000001bf
       24725000	      2471	80000a08	1f252b13	slti	x22,x10,498	 x10:0x00000000 x22=0x00000001
       24735000	      2472	80000a0c	0286ca63	blt	x13,x8,80000a40	 x13:0x0000033a  x8:0x78d94dea
       24745000	      2473	00000000	00000013	addi	x0,x0,0	  x0:0x00000000
       24755000	      2474	80000a3c	00000013	addi	x0,x0,0	  x0:0x00000000
       24765000	      2475	80000a40	0144c863	blt	x9,x20,80000a50	  x9:0x00000000 x20:0x00000000
       24775000	      2476	80000a44	004bc333	xor	x6,x23,x4	 x23:0x00000000  x4:0x00000000  x6=0x00000000
       24785000	      2477	80000a48	832df513	andi	x10,x27,-1998	 x27:0xea000000 x10=0xea000000
       24795000	      2478	80000a4c	01905733	srl	x14,x0,x25	  x0:0x00000000 x25:0x00000000 x14=0x00000000
       24805000	      2479	80000a50	01ce1c13	slli	x24,x28,0x1c	 x28:0x00000000 x24=0x00000000
       24815000	      2480	80000a54	0014f2b3	and	x5,x9,x1	  x9:0x00000000  x1:0x00000000  x5=0x00000000
       24825000	      2481	80000a58	ded0a213	slti	x4,x1,-531	  x1:0x00000000  x4=0x00000000
       24835000	      2482	80000a5c	419dd6b3	sra	x13,x27,x25	 x27:0xea000000 x25:0x00000000 x13=0xea000000
       24845000	      2483	80000a60	009592b3	sll	x5,x11,x9	 x11:0x000001bf  x9:0x00000000  x5=0x000001bf
       24855000	      2484	80000a64	03a2c863	blt	x5,x26,80000a94	  x5:0x000001bf x26:0x00000000
       24865000	      2485	80000a68	0001b033	sltu	x0,x3,x0	  x3:0x00000000  x0:0x00000000
       24875000	      2486	80000a6c	00889cb3	sll	x25,x17,x8	 x17:0x8cd2c95c  x8:0x78d94dea x25=0x4b257000
       24885000	      2487	80000a70	8e9dcb93	xori	x23,x27,-1815	 x27:0xea000000 x23=0x15fff8e9
       24895000	      2488	80000a74	690ba817	auipc	x16,0x690ba	 x16=0xe90baa70
       24905000	      2489	80000a78	d7204a93	xori	x21,x0,-654	  x0:0x00000000 x21=0xfffffd72
       24915000	      2490	80000a7c	0562d463	bge	x5,x22,80000ac4	  x5:0x000001bf x22:0x00000001
       24925000	      2491	00000000	00000013	addi	x0,x0,0	  x0:0x00000000
       24935000	      2492	80000ac0	00000013	addi	x0,x0,0	  x0:0x00000000
       24945000	      2493	80000ac4	035c4863	blt	x24,x21,80000af4	 x24:0x00000000 x21:0xfffffd72
       24955000	      2494	80000ac8	01fb5f93	srli	x31,x22,0x1f	 x22:0x00000001 x31=0x00000000
       24965000	      2495	80000acc	b06ce3b7	lui	x7,0xb06ce	  x7=0xb06ce000
       24975000	      2496	80000ad0	016ed1b3	srl	x3,x29,x22	 x29:0x80009f60 x22:0x00000001  x3=0x40004fb0
       24985000	      2497	80000ad4	0115a2b3	slt	x5,x11,x17	 x11:0x000001bf x17:0x8cd2c95c  x5=0x00000000
       24995000	      2498	80000ad8	043ec463	blt	x29,x3,80000b20	 x29:0x80009f60  x3:0x40004fb0
       25005000	      2499	00000000	00000013	addi	x0,x0,0	  x0:0x00000000
       25015000	      2500	80000b1c	00000013	addi	x0,x0,0	  x0:0x00000000
       25025000	      2501	80000b20	017846b3	xor	x13,x16,x23	 x16:0xe90baa70 x23:0x15fff8e9 x13=0xfcf45299
       25035000	      2502	80000b24	cd1a7493	andi	x9,x20,-815	 x20:0x00000000  x9=0x00000000
       25045000	      2503	80000b28	40f15833	sra	x16,x2,x15	  x2:0x80008817 x15:0x00000350 x16=0xffff8000
       25055000	      2504	80000b2c	21633cb7	lui	x25,0x21633	 x25=0x21633000
       25065000	      2505	80000b30	458da213	slti	x4,x27,1112	 x27:0xea000000  x4=0x00000001
       25075000	      2506	80000b34	c9800893	addi	x17,x0,-872	  x0:0x00000000 x17=0xfffffc98
       25085000	      2507	80000b38	0134eab3	or	x21,x9,x19	  x9:0x00000000 x19:0x80009fc4 x21=0x80009fc4
       25095000	      2508	80000b3c	b98fad93	slti	x27,x31,-1128	 x31:0x00000000 x27=0x00000000
       25105000	      2509	80000b40	00fd7db3	and	x27,x26,x15	 x26:0x00000000 x15:0x00000350 x27=0x00000000
       25115000	      2510	80000b44	7d772c17	auipc	x24,0x7d772	 x24=0xfd772b40
       25125000	      2511	80000b48	013a0bb3	add	x23,x20,x19	 x20:0x00000000 x19:0x80009fc4 x23=0x80009fc4
       25135000	      2512	80000b4c	60cdcf13	xori	x30,x27,1548	 x27:0x00000000 x30=0x0000060c
       25145000	      2513	80000b50	01adc863	blt	x27,x26,80000b60	 x27:0x00000000 x26:0x00000000
       25155000	      2514	80000b54	40458d33	sub	x26,x11,x4	 x11:0x000001bf  x4:0x00000001 x26=0x000001be
       25165000	      2515	80000b58	00404333	xor	x6,x0,x4	  x0:0x00000000  x4:0x00000001  x6=0x00000001
       25175000	      2516	80000b5c	000b5733	srl	x14,x22,x0	 x22:0x00000001  x0:0x00000000 x14=0x00000001
       25185000	      2517	80000b60	00636c63	bltu	x6,x6,80000b78	  x6:0x00000001  x6:0x00000001
       25195000	      2518	80000b64	e9687293	andi	x5,x16,-362	 x16:0xffff8000  x5=0xffff8000
       25205000	      2519	80000b68	006c0c63	beq	x24,x6,80000b80	 x24:0xfd772b40  x6:0x00000001
       25215000	      2520	80000b6c	0095ec63	bltu	x11,x9,80000b84	 x11:0x000001bf  x9:0x00000000
       25225000	      2521	80000b70	ca906713	ori	x14,x0,-855	  x0:0x00000000 x14=0xfffffca9
       25235000	      2522	80000b74	41e2dd93	srai	x27,x5,0x1e	  x5:0xffff8000 x27=0xffffffff
       25245000	      2523	80000b78	d48f6d93	ori	x27,x30,-696	 x30:0x0000060c x27=0xffffff4c
       25255000	      2524	80000b7c	00fc74b3	and	x9,x24,x15	 x24:0xfd772b40 x15:0x00000350  x9=0x00000340
       25265000	      2525	80000b80	40c45793	srai	x15,x8,0xc	  x8:0x78d94dea x15=0x00078d94
       25275000	      2526	80000b84	030ac263	blt	x21,x16,80000ba8	 x21:0x80009fc4 x16:0xffff8000
       25285000	      2527	00000000	00000013	addi	x0,x0,0	  x0:0x00000000
       25295000	      2528	80000ba4	00000013	addi	x0,x0,0	  x0:0x00000000
       25305000	      2529	80000ba8	cbf54b93	xori	x23,x10,-833	 x10:0xea000000 x23=0x15fffcbf
       25315000	      2530	80000bac	015ee233	or	x4,x29,x21	 x29:0x80009f60 x21:0x80009fc4  x4=0x80009fe4
       25325000	      2531	80000bb0	0006aa33	slt	x20,x13,x0	 x13:0xfcf45299  x0:0x00000000 x20=0x00000001
       25335000	      2532	80000bb4	05c64b13	xori	x22,x12,92	 x12:0x00000000 x22=0x0000005c
       25345000	      2533	80000bb8	0054c133	xor	x2,x9,x5	  x9:0x00000340  x5:0xffff8000  x2=0xffff8340
       25355000	      2534	80000bbc	00a28133	add	x2,x5,x10	  x5:0xffff8000 x10:0xea000000  x2=0xe9ff8000
       25365000	      2535	80000bc0	0186a7b3	slt	x15,x13,x24	 x13:0xfcf45299 x24:0xfd772b40 x15=0x00000001
       25375000	      2536	80000bc4	0096cbb3	xor	x23,x13,x9	 x13:0xfcf45299  x9:0x00000340 x23=0xfcf451d9
       25385000	      2537	80000bc8	00e27863	bgeu	x4,x14,80000bd8	  x4:0x80009fe4 x14:0xfffffca9
       25395000	      2538	80000bcc	2e46e293	ori	x5,x13,740	 x13:0xfcf45299  x5=0xfcf452fd
       25405000	      2539	80000bd0	b4aa8e13	addi	x28,x21,-1206	 x21:0x80009fc4 x28=0x80009b0e
       25415000	      2540	80000bd4	cdb87c13	andi	x24,x16,-805	 x16:0xffff8000 x24=0xffff8000
       25425000	      2541	80000bd8	0021d033	srl	x0,x3,x2	  x3:0x40004fb0  x2:0xe9ff8000
       25435000	      2542	80000bdc	00c63cb3	sltu	x25,x12,x12	 x12:0x00000000 x12:0x00000000 x25=0x00000000
       25445000	      2543	80000be0	b8310713	addi	x14,x2,-1149	  x2:0xe9ff8000 x14=0xe9ff7b83
       25455000	      2544	80000be4	410fed13	ori	x26,x31,1040	 x31:0x00000000 x26=0x00000410
       25465000	      2545	80000be8	41b0d133	sra	x2,x1,x27	  x1:0x00000000 x27:0xffffff4c  x2=0x00000000
       25475000	      2546	80000bec	016dd833	srl	x16,x27,x22	 x27:0xffffff4c x22:0x0000005c x16=0x0000000f
       25485000	      2547	80000bf0	04417663	bgeu	x2,x4,80000c3c	  x2:0x00000000  x4:0x80009fe4
       25495000	      2548	80000bf4	01b9f863	bgeu	x19,x27,80000c04	 x19:0x80009fc4 x27:0xffffff4c
       25505000	      2549	80000bf8	017de933	or	x18,x27,x23	 x27:0xffffff4c x23:0xfcf451d9 x18=0xffffffdd
       25515000	      2550	80000bfc	00cedc63	bge	x29,x12,80000c14	 x29:0x80009f60 x12:0x00000000
       25525000	      2551	80000c00	011b8033	add	x0,x23,x17	 x23:0xfcf451d9 x17:0xfffffc98
       25535000	      2552	80000c04	41cdd393	srai	x7,x27,0x1c	 x27:0xffffff4c  x7=0xffffffff
       25545000	      2553	80000c08	00d88f33	add	x30,x17,x13	 x17:0xfffffc98 x13:0xfcf45299 x30=0xfcf44f31
       25555000	      2554	80000c0c	00494cb3	xor	x25,x18,x4	 x18:0xffffffdd  x4:0x80009fe4 x25=0x7fff6039
       25565000	      2555	80000c10	4050d2b3	sra	x5,x1,x5	  x1:0x00000000  x5:0xfcf452fd  x5=0x00000000
       25575000	      2556	80000c14	01a55b13	srli	x22,x10,0x1a	 x10:0xea000000 x22=0x0000003a
       25585000	      2557	80000c18	011e1313	slli	x6,x28,0x11	 x28:0x80009b0e  x6=0x361c0000
       25595000	      2558	80000c1c	891f8393	addi	x7,x31,-1903	 x31:0x00000000  x7=0xfffff891
       25605000	      2559	80000c20	41cd5d33	sra	x26,x26,x28	 x26:0x00000410 x28:0x80009b0e x26=0x00000000
       25615000	      2560	80000c24	00561863	bne	x12,x5,80000c34	 x12:0x00000000  x5:0x00000000
       25625000	      2561	80000c28	04e15463	bge	x2,x14,80000c70	  x2:0x00000000 x14:0xe9ff7b83
       25635000	      2562	00000000	00000013	addi	x0,x0,0	  x0:0x00000000
       25645000	      2563	80000c6c	00000013	addi	x0,x0,0	  x0:0x00000000
       25655000	      2564	80000c70	86450397	auipc	x7,0x86450	  x7=0x06450c6c
       25665000	      2565	80000c74	40bf8233	sub	x4,x31,x11	 x31:0x00000000 x11:0x000001bf  x4=0xfffffe41
       25675000	      2566	80000c78	e6d5ad93	slti	x27,x11,-403	 x11:0x000001bf x27=0x00000000
       25685000	      2567	80000c7c	414a0933	sub	x18,x20,x20	 x20:0x00000001 x20:0x00000001 x18=0x00000000
       25695000	      2568	80000c80	02876e63	bltu	x14,x8,80000cbc	 x14:0xe9ff7b83  x8:0x78d94dea
       25705000	      2569	80000c84	02608863	beq	x1,x6,80000cb4	  x1:0x00000000  x6:0x361c0000
       25715000	      2570	80000c88	7378e597	auipc	x11,0x7378e	 x11=0xf378ec84
       25725000	      2571	80000c8c	41e3dfb3	sra	x31,x7,x30	  x7:0x06450c6c x30:0xfcf44f31 x31=0x00000322
       25735000	      2572	80000c90	fdf87593	andi	x11,x16,-33	 x16:0x0000000f x11=0x0000000f
       25745000	      2573	80000c94	af9951b7	lui	x3,0xaf995	  x3=0xaf995000
       25755000	      2574	80000c98	cf2efd93	andi	x27,x29,-782	 x29:0x80009f60 x27=0x80009c60
       25765000	      2575	80000c9c	01d35393	srli	x7,x6,0x1d	  x6:0x361c0000  x7=0x00000001
       25775000	      2576	80000ca0	c57eb793	sltiu	x15,x29,-937	 x29:0x80009f60 x15=0x00000001
       25785000	      2577	80000ca4	0eede063	bltu	x27,x14,80000d84	 x27:0x80009c60 x14:0xe9ff7b83
       25795000	      2578	00000000	00000013	addi	x0,x0,0	  x0:0x00000000
       25805000	      2579	80000d80	00000013	addi	x0,x0,0	  x0:0x00000000
       25815000	      2580	80000d84	6cce7c93	andi	x25,x28,1740	 x28:0x80009b0e x25=0x0000020c
       25825000	      2581	80000d88	e0164f93	xori	x31,x12,-511	 x12:0x00000000 x31=0xfffffe01
       25835000	      2582	80000d8c	2a1e2113	slti	x2,x28,673	 x28:0x80009b0e  x2=0x00000001
       25845000	      2583	80000d90	0037c263	blt	x15,x3,80000d94	 x15:0x00000001  x3:0xaf995000
       25855000	      2584	80000d94	01e96263	bltu	x18,x30,80000d98	 x18:0x00000000 x30:0xfcf44f31
       25865000	      2585	00000000	00000013	addi	x0,x0,0	  x0:0x00000000
       25875000	      2586	80000d94	00000013	addi	x0,x0,0	  x0:0x00000000
       25885000	      2587	80000d98	04edd063	bge	x27,x14,80000dd8	 x27:0x80009c60 x14:0xe9ff7b83
       25895000	      2588	80000d9c	0193e5b3	or	x11,x7,x25	  x7:0x00000001 x25:0x0000020c x11=0x0000020d
       25905000	      2589	80000da0	22793697	auipc	x13,0x22793	 x13=0xa2793d9c
       25915000	      2590	80000da4	033c7663	bgeu	x24,x19,80000dd0	 x24:0xffff8000 x19:0x80009fc4
       25925000	      2591	00000000	00000013	addi	x0,x0,0	  x0:0x00000000
       25935000	      2592	80000dcc	00000013	addi	x0,x0,0	  x0:0x00000000
       25945000	      2593	80000dd0	fc25f4b7	lui	x9,0xfc25f	  x9=0xfc25f000
       25955000	      2594	80000dd4	40de58b3	sra	x17,x28,x13	 x28:0x80009b0e x13:0xa2793d9c x17=0xfffffff8
       25965000	      2595	80000dd8	72734813	xori	x16,x6,1831	  x6:0x361c0000 x16=0x361c0727
       25975000	      2596	80000ddc	d20b8313	addi	x6,x23,-736	 x23:0xfcf451d9  x6=0xfcf44ef9
       25985000	      2597	80000de0	40065793	srai	x15,x12,0x0	 x12:0x00000000 x15=0x00000000
       25995000	      2598	80000de4	e4f10793	addi	x15,x2,-433	  x2:0x00000001 x15=0xfffffe50
       26005000	      2599	80000de8	8b173393	sltiu	x7,x14,-1871	 x14:0xe9ff7b83  x7=0x00000001
       26015000	      2600	80000dec	0121b333	sltu	x6,x3,x18	  x3:0xaf995000 x18:0x00000000  x6=0x00000000
       26025000	      2601	80000df0	01796733	or	x14,x18,x23	 x18:0x00000000 x23:0xfcf451d9 x14=0xfcf451d9
       26035000	      2602	80000df4	222fcd13	xori	x26,x31,546	 x31:0xfffffe01 x26=0xfffffc23
       26045000	      2603	80000df8	90a46113	ori	x2,x8,-1782	  x8:0x78d94dea  x2=0xfffffdea
       26055000	      2604	80000dfc	00b14fb3	xor	x31,x2,x11	  x2:0xfffffdea x11:0x0000020d x31=0xffffffe7
       26065000	      2605	80000e00	988f5cb7	lui	x25,0x988f5	 x25=0x988f5000
       26075000	      2606	80000e04	012d5663	bge	x26,x18,80000e10	 x26:0xfffffc23 x18:0x00000000
       26085000	      2607	80000e08	05504863	blt	x0,x21,80000e58	  x0:0x00000000 x21:0x80009fc4
       26095000	      2608	80000e0c	411f5393	srai	x7,x30,0x11	 x30:0xfcf44f31  x7=0xfffffe7a
       26105000	      2609	80000e10	03657c63	bgeu	x10,x22,80000e48	 x10:0xea000000 x22:0x0000003a
       26115000	      2610	00000000	00000013	addi	x0,x0,0	  x0:0x00000000
       26125000	      2611	80000e44	00000013	addi	x0,x0,0	  x0:0x00000000
       26135000	      2612	80000e48	d4966593	ori	x11,x12,-695	 x12:0x00000000 x11=0xfffffd49
       26145000	      2613	80000e4c	04876663	bltu	x14,x8,80000e98	 x14:0xfcf451d9  x8:0x78d94dea
       26155000	      2614	80000e50	0d78ff93	andi	x31,x17,215	 x17:0xfffffff8 x31=0x000000d0
       26165000	      2615	80000e54	0176d133	srl	x2,x13,x23	 x13:0xa2793d9c x23:0xfcf451d9  x2=0x00000051
       26175000	      2616	80000e58	02d6d063	bge	x13,x13,80000e78	 x13:0xa2793d9c x13:0xa2793d9c
       26185000	      2617	00000000	00000013	addi	x0,x0,0	  x0:0x00000000
       26195000	      2618	80000e74	00000013	addi	x0,x0,0	  x0:0x00000000
       26205000	      2619	80000e78	03764a63	blt	x12,x23,80000eac	 x12:0x00000000 x23:0xfcf451d9
       26215000	      2620	80000e7c	01f83db3	sltu	x27,x16,x31	 x16:0x361c0727 x31:0x000000d0 x27=0x00000000
       26225000	      2621	80000e80	9b4d2913	slti	x18,x26,-1612	 x26:0xfffffc23 x18=0x00000000
       26235000	      2622	80000e84	001888b3	add	x17,x17,x1	 x17:0xfffffff8  x1:0x00000000 x17=0xfffffff8
       26245000	      2623	80000e88	1fa28213	addi	x4,x5,506	  x5:0x00000000  x4=0x000001fa
       26255000	      2624	80000e8c	41b981b3	sub	x3,x19,x27	 x19:0x80009fc4 x27:0x00000000  x3=0x80009fc4
       26265000	      2625	80000e90	66f36913	ori	x18,x6,1647	  x6:0x00000000 x18=0x0000066f
       26275000	      2626	80000e94	41f8ea93	ori	x21,x17,1055	 x17:0xfffffff8 x21=0xffffffff
       26285000	      2627	80000e98	0109dbb3	srl	x23,x19,x16	 x19:0x80009fc4 x16:0x361c0727 x23=0x0100013f
       26295000	      2628	80000e9c	2def4c93	xori	x25,x30,734	 x30:0xfcf44f31 x25=0xfcf44def
       26305000	      2629	80000ea0	41675a33	sra	x20,x14,x22	 x14:0xfcf451d9 x22:0x0000003a x20=0xffffffff
       26315000	      2630	80000ea4	018156b3	srl	x13,x2,x24	  x2:0x00000051 x24:0xffff8000 x13=0x00000051
       26325000	      2631	80000ea8	00000013	addi	x0,x0,0	  x0:0x00000000
       26335000	      2632	80000eac	00a201b3	add	x3,x4,x10	  x4:0x000001fa x10:0xea000000  x3=0xea0001fa
       26345000	      2633	80000eb0	00ec9813	slli	x16,x25,0xe	 x25:0xfcf44def x16=0x137bc000
       26355000	      2634	80000eb4	016edf93	srli	x31,x29,0x16	 x29:0x80009f60 x31=0x00000200
       26365000	      2635	80000eb8	01145633	srl	x12,x8,x17	  x8:0x78d94dea x17:0xfffffff8 x12=0x00000078
       26375000	      2636	80000ebc	0169f263	bgeu	x19,x22,80000ec0	 x19:0x80009fc4 x22:0x0000003a
       26385000	      2637	00000000	00000013	addi	x0,x0,0	  x0:0x00000000
       26395000	      2638	80000ebc	00000013	addi	x0,x0,0	  x0:0x00000000
       26405000	      2639	80000ec0	000146b3	xor	x13,x2,x0	  x2:0x00000051  x0:0x00000000 x13=0x00000051
       26415000	      2640	80000ec4	c60dbc13	sltiu	x24,x27,-928	 x27:0x00000000 x24=0x00000001
       26425000	      2641	80000ec8	00114863	blt	x2,x1,80000ed8	  x2:0x00000051  x1:0x00000000
       26435000	      2642	80000ecc	525b0313	addi	x6,x22,1317	 x22:0x0000003a  x6=0x0000055f
       26445000	      2643	80000ed0	013e8263	beq	x29,x19,80000ed4	 x29:0x80009f60 x19:0x80009fc4
       26455000	      2644	80000ed4	00000013	addi	x0,x0,0	  x0:0x00000000
       26465000	      2645	80000ed8	d18b2793	slti	x15,x22,-744	 x22:0x0000003a x15=0x00000000
       26475000	      2646	80000edc	03287663	bgeu	x16,x18,80000f08	 x16:0x137bc000 x18:0x0000066f
       26485000	      2647	00000000	00000013	addi	x0,x0,0	  x0:0x00000000
       26495000	      2648	80000f04	00000013	addi	x0,x0,0	  x0:0x00000000
       26505000	      2649	80000f08	0da4fb13	andi	x22,x9,218	  x9:0xfc25f000 x22=0x00000000
       26515000	      2650	80000f0c	d24de013	ori	x0,x27,-732	 x27:0x00000000
       26525000	      2651	80000f10	41660633	sub	x12,x12,x22	 x12:0x00000078 x22:0x00000000 x12=0x00000078
       26535000	      2652	80000f14	01de5863	bge	x28,x29,80000f24	 x28:0x80009b0e x29:0x80009f60
       26545000	      2653	80000f18	5fa26913	ori	x18,x4,1530	  x4:0x000001fa x18=0x000005fa
       26555000	      2654	80000f1c	404c5313	srai	x6,x24,0x4	 x24:0x00000001  x6=0x00000000
       26565000	      2655	80000f20	266ba613	slti	x12,x23,614	 x23:0x0100013f x12=0x00000000
       26575000	      2656	80000f24	01034fb3	xor	x31,x6,x16	  x6:0x00000000 x16:0x137bc000 x31=0x137bc000
       26585000	      2657	80000f28	03246863	bltu	x8,x18,80000f58	  x8:0x78d94dea x18:0x000005fa
       26595000	      2658	80000f2c	00de2a33	slt	x20,x28,x13	 x28:0x80009b0e x13:0x00000051 x20=0x00000001
       26605000	      2659	80000f30	001c6bb3	or	x23,x24,x1	 x24:0x00000001  x1:0x00000000 x23=0x00000001
       26615000	      2660	80000f34	00000013	addi	x0,x0,0	  x0:0x00000000
       26625000	      2661	80000f38	d47f3313	sltiu	x6,x30,-697	 x30:0xfcf44f31  x6=0x00000001
       26635000	      2662	80000f3c	02ce1463	bne	x28,x12,80000f64	 x28:0x80009b0e x12:0x00000000
       26645000	      2663	00000000	00000013	addi	x0,x0,0	  x0:0x00000000
       26655000	      2664	80000f60	00000013	addi	x0,x0,0	  x0:0x00000000
       26665000	      2665	80000f64	02006a63	bltu	x0,x0,80000f98	  x0:0x00000000  x0:0x00000000
       26675000	      2666	80000f68	05e70063	beq	x14,x30,80000fa8	 x14:0xfcf451d9 x30:0xfcf44f31
       26685000	      2667	80000f6c	007997b3	sll	x15,x19,x7	 x19:0x80009fc4  x7:0xfffffe7a x15=0x10000000
       26695000	      2668	80000f70	042f9663	bne	x31,x2,80000fbc	 x31:0x137bc000  x2:0x00000051
       26705000	      2669	00000000	00000013	addi	x0,x0,0	  x0:0x00000000
       26715000	      2670	80000fb8	00000013	addi	x0,x0,0	  x0:0x00000000
       26725000	      2671	80000fbc	02085e63	bge	x16,x0,80000ff8	 x16:0x137bc000  x0:0x00000000
       26735000	      2672	00000000	00000013	addi	x0,x0,0	  x0:0x00000000
       26745000	      2673	80000ff4	00000013	addi	x0,x0,0	  x0:0x00000000
       26755000	      2674	80000ff8	799fbc37	lui	x24,0x799fb	 x24=0x799fb000
       26765000	      2675	80000ffc	014b0db3	add	x27,x22,x20	 x22:0x00000000 x20:0x00000001 x27=0x00000001
       26775000	      2676	80001000	00bfec63	bltu	x31,x11,80001018	 x31:0x137bc000 x11:0xfffffd49
       26785000	      2677	00000000	00000013	addi	x0,x0,0	  x0:0x00000000
       26795000	      2678	80001014	00000013	addi	x0,x0,0	  x0:0x00000000
       26805000	      2679	80001018	01f03133	sltu	x2,x0,x31	  x0:0x00000000 x31:0x137bc000  x2=0x00000001
       26815000	      2680	8000101c	00f0d893	srli	x17,x1,0xf	  x1:0x00000000 x17=0x00000000
       26825000	      2681	80001020	0546c663	blt	x13,x20,8000106c	 x13:0x00000051 x20:0x00000001
       26835000	      2682	80001024	8b2a2637	lui	x12,0x8b2a2	 x12=0x8b2a2000
       26845000	      2683	80001028	013c5913	srli	x18,x24,0x13	 x24:0x799fb000 x18=0x00000f33
       26855000	      2684	8000102c	00000013	addi	x0,x0,0	  x0:0x00000000
       26865000	      2685	80001030	012fc863	blt	x31,x18,80001040	 x31:0x137bc000 x18:0x00000f33
       26875000	      2686	80001034	70a9a193	slti	x3,x19,1802	 x19:0x80009fc4  x3=0x00000001
       26885000	      2687	80001038	0191d863	bge	x3,x25,80001048	  x3:0x00000001 x25:0xfcf44def
       26895000	      2688	00000000	00000013	addi	x0,x0,0	  x0:0x00000000
       26905000	      2689	80001044	00000013	addi	x0,x0,0	  x0:0x00000000
       26915000	      2690	80001048	40055733	sra	x14,x10,x0	 x10:0xea000000  x0:0x00000000 x14=0xea000000
       26925000	      2691	8000104c	0a8ac813	xori	x16,x21,168	 x21:0xffffffff x16=0xffffff57
       26935000	      2692	80001050	bb5f3c97	auipc	x25,0xbb5f3	 x25=0x3b5f404c
       26945000	      2693	80001054	90726f37	lui	x30,0x90726	 x30=0x90726000
       26955000	      2694	80001058	0a0abd93	sltiu	x27,x21,160	 x21:0xffffffff x27=0x00000000
       26965000	      2695	8000105c	00b01b13	slli	x22,x0,0xb	  x0:0x00000000 x22=0x00000000
       26975000	      2696	80001060	f4a82b93	slti	x23,x16,-182	 x16:0xffffff57 x23=0x00000000
       26985000	      2697	80001064	51626513	ori	x10,x4,1302	  x4:0x000001fa x10=0x000005fe
       26995000	      2698	80001068	00eef7b3	and	x15,x29,x14	 x29:0x80009f60 x14:0xea000000 x15=0x80000000
       27005000	      2699	8000106c	00aac833	xor	x16,x21,x10	 x21:0xffffffff x10:0x000005fe x16=0xfffffa01
       27015000	      2700	80001070	4a892513	slti	x10,x18,1192	 x18:0x00000f33 x10=0x00000000
       27025000	      2701	80001074	e871bc13	sltiu	x24,x3,-377	  x3:0x00000001 x24=0x00000001
       27035000	      2702	80001078	84448193	addi	x3,x9,-1980	  x9:0xfc25f000  x3=0xfc25e844
       27045000	      2703	8000107c	0078e863	bltu	x17,x7,8000108c	 x17:0x00000000  x7:0xfffffe7a
       27055000	      2704	00000000	00000013	addi	x0,x0,0	  x0:0x00000000
       27065000	      2705	80001088	00000013	addi	x0,x0,0	  x0:0x00000000
       27075000	      2706	8000108c	0cc17e63	bgeu	x2,x12,80001168	  x2:0x00000001 x12:0x8b2a2000
       27085000	      2707	80001090	009e2d33	slt	x26,x28,x9	 x28:0x80009b0e  x9:0xfc25f000 x26=0x00000001
       27095000	      2708	80001094	006aac33	slt	x24,x21,x6	 x21:0xffffffff  x6:0x00000001 x24=0x00000001
       27105000	      2709	80001098	00e02bb3	slt	x23,x0,x14	  x0:0x00000000 x14:0xea000000 x23=0x00000000
       27115000	      2710	8000109c	00000013	addi	x0,x0,0	  x0:0x00000000
       27125000	      2711	800010a0	90742693	slti	x13,x8,-1785	  x8:0x78d94dea x13=0x00000000
       27135000	      2712	800010a4	000bbf33	sltu	x30,x23,x0	 x23:0x00000000  x0:0x00000000 x30=0x00000000
       27145000	      2713	800010a8	013cda33	srl	x20,x25,x19	 x25:0x3b5f404c x19:0x80009fc4 x20=0x03b5f404
       27155000	      2714	800010ac	00008117	auipc	x2,0x8	  x2=0x800090a8
       27165000	      2715	800010b0	cf910113	addi	x2,x2,-775	  x2:0x800090a8  x2=0x80008da1
       27175000	      2716	800010b4	01610923	sb	x22,18(x2)	  x2:0x80008da1 x22:0x00000000 PA:0x80008db3
       27185000	      2717	800010b8	00640c33	add	x24,x8,x6	  x8:0x78d94dea  x6:0x00000001 x24=0x78d94deb
       27195000	      2718	800010bc	2edeba97	auipc	x21,0x2edeb	 x21=0xaedec0b8
       27205000	      2719	800010c0	01a71613	slli	x12,x14,0x1a	 x14:0xea000000 x12=0x00000000
       27215000	      2720	800010c4	00312503	lw	x10,3(x2)	  x2:0x80008da1 x10=0x00000000 PA:0x80008da4
       27225000	      2721	800010c8	01d104a3	sb	x29,9(x2)	  x2:0x80008da1 x29:0x80009f60 PA:0x80008daa
       27235000	      2722	800010cc	424c4f93	xori	x31,x24,1060	 x24:0x78d94deb x31=0x78d949cf
       27245000	      2723	800010d0	02014703	lbu	x14,32(x2)	  x2:0x80008da1 x14=0x00000000 PA:0x80008dc1
       27255000	      2724	800010d4	01114783	lbu	x15,17(x2)	  x2:0x80008da1 x15=0x00000000 PA:0x80008db2
       27265000	      2725	800010d8	030123a3	sw	x16,39(x2)	  x2:0x80008da1 x16:0xfffffa01 PA:0x80008dc8
       27275000	      2726	800010dc	01d19c33	sll	x24,x3,x29	  x3:0xfc25e844 x29:0x80009f60 x24=0xfc25e844
       27285000	      2727	800010e0	01977db3	and	x27,x14,x25	 x14:0x00000000 x25:0x3b5f404c x27=0x00000000
       27295000	      2728	800010e4	fee10d23	sb	x14,-6(x2)	  x2:0x80008da1 x14:0x00000000 PA:0x80008d9b
       27305000	      2729	800010e8	4028d313	srai	x6,x17,0x2	 x17:0x00000000  x6=0x00000000
       27315000	      2730	800010ec	01758db3	add	x27,x11,x23	 x11:0xfffffd49 x23:0x00000000 x27=0xfffffd49
       27325000	      2731	800010f0	00000013	addi	x0,x0,0	  x0:0x00000000
       27335000	      2732	800010f4	40bad7b3	sra	x15,x21,x11	 x21:0xaedec0b8 x11:0xfffffd49 x15=0xffd76f60
       27345000	      2733	800010f8	00a1dc33	srl	x24,x3,x10	  x3:0xfc25e844 x10:0x00000000 x24=0xfc25e844
       27355000	      2734	800010fc	fd010023	sb	x16,-64(x2)	  x2:0x80008da1 x16:0xfffffa01 PA:0x80008d61
       27365000	      2735	80001100	00ef1893	slli	x17,x30,0xe	 x30:0x00000000 x17=0x00000000
       27375000	      2736	80001104	01eb3a33	sltu	x20,x22,x30	 x22:0x00000000 x30:0x00000000 x20=0x00000000
       27385000	      2737	80001108	414086b3	sub	x13,x1,x20	  x1:0x00000000 x20:0x00000000 x13=0x00000000
       27395000	      2738	8000110c	fe915903	lhu	x18,-23(x2)	  x2:0x80008da1 x18=0x00000000 PA:0x80008d8a
       27405000	      2739	80001110	0004ebb3	or	x23,x9,x0	  x9:0xfc25f000  x0:0x00000000 x23=0xfc25f000
       27415000	      2740	80001114	411b81b3	sub	x3,x23,x17	 x23:0xfc25f000 x17:0x00000000  x3=0xfc25f000
       27425000	      2741	80001118	00669613	slli	x12,x13,0x6	 x13:0x00000000 x12=0x00000000
       27435000	      2742	8000111c	000fcfb3	xor	x31,x31,x0	 x31:0x78d949cf  x0:0x00000000 x31=0x78d949cf
       27445000	      2743	80001120	01ab72b3	and	x5,x22,x26	 x22:0x00000000 x26:0x00000001  x5=0x00000000
       27455000	      2744	80001124	015c87b3	add	x15,x25,x21	 x25:0x3b5f404c x21:0xaedec0b8 x15=0xea3e0104
       27465000	      2745	80001128	015d0fb3	add	x31,x26,x21	 x26:0x00000001 x21:0xaedec0b8 x31=0xaedec0b9
       27475000	      2746	8000112c	fca14683	lbu	x13,-54(x2)	  x2:0x80008da1 x13=0x00000001 PA:0x80008d6b
       27485000	      2747	80001130	4913ab93	slti	x23,x7,1169	  x7:0xfffffe7a x23=0x00000001
       27495000	      2748	80001134	00000013	addi	x0,x0,0	  x0:0x00000000
       27505000	      2749	80001138	04010703	lb	x14,64(x2)	  x2:0x80008da1 x14=0x00000000 PA:0x80008de1
       27515000	      2750	8000113c	ff910223	sb	x25,-28(x2)	  x2:0x80008da1 x25:0x3b5f404c PA:0x80008d85
       27525000	      2751	80001140	04117063	bgeu	x2,x1,80001180	  x2:0x80008da1  x1:0x00000000
       27535000	      2752	00000000	00000013	addi	x0,x0,0	  x0:0x00000000
       27545000	      2753	8000117c	00000013	addi	x0,x0,0	  x0:0x00000000
       27555000	      2754	80001180	01837d33	and	x26,x6,x24	  x6:0x00000000 x24:0xfc25e844 x26=0x00000000
       27565000	      2755	80001184	0155d263	bge	x11,x21,80001188	 x11:0xfffffd49 x21:0xaedec0b8
       27575000	      2756	00000000	00000013	addi	x0,x0,0	  x0:0x00000000
       27585000	      2757	80001184	00000013	addi	x0,x0,0	  x0:0x00000000
       27595000	      2758	80001188	006880b3	add	x1,x17,x6	 x17:0x00000000  x6:0x00000000  x1=0x00000000
       27605000	      2759	8000118c	00d5e863	bltu	x11,x13,8000119c	 x11:0xfffffd49 x13:0x00000001
       27615000	      2760	80001190	40985693	srai	x13,x16,0x9	 x16:0xfffffa01 x13=0xfffffffd
       27625000	      2761	80001194	df1dbe17	auipc	x28,0xdf1db	 x28=0x5f1dc190
       27635000	      2762	80001198	f8527d93	andi	x27,x4,-123	  x4:0x000001fa x27=0x00000180
       27645000	      2763	8000119c	40678733	sub	x14,x15,x6	 x15:0xea3e0104  x6:0x00000000 x14=0xea3e0104
       27655000	      2764	800011a0	019df033	and	x0,x27,x25	 x27:0x00000180 x25:0x3b5f404c
       27665000	      2765	800011a4	99b84713	xori	x14,x16,-1637	 x16:0xfffffa01 x14=0x0000039a
       27675000	      2766	800011a8	00db7263	bgeu	x22,x13,800011ac	 x22:0x00000000 x13:0xfffffffd
       27685000	      2767	800011ac	01ddf263	bgeu	x27,x29,800011b0	 x27:0x00000180 x29:0x80009f60
       27695000	      2768	800011b0	00b87c33	and	x24,x16,x11	 x16:0xfffffa01 x11:0xfffffd49 x24=0xfffff801
       27705000	      2769	800011b4	e60b5517	auipc	x10,0xe60b5	 x10=0x660b61b0
       27715000	      2770	800011b8	a2eea613	slti	x12,x29,-1490	 x29:0x80009f60 x12=0x00000001
       27725000	      2771	800011bc	010d8fb3	add	x31,x27,x16	 x27:0x00000180 x16:0xfffffa01 x31=0xfffffb81
       27735000	      2772	800011c0	41ddd033	sra	x0,x27,x29	 x27:0x00000180 x29:0x80009f60
       27745000	      2773	800011c4	004ea083	lw	x1,4(x29)	 x29:0x80009f60  x1=0x80001e3c PA:0x80009f64
       27755000	      2774	800011c8	00ce8e93	addi	x29,x29,12	 x29:0x80009f60 x29=0x80009f6c
       27765000	      2775	800011cc	01fad533	srl	x10,x21,x31	 x21:0xaedec0b8 x31:0xfffffb81 x10=0x576f605c
       27775000	      2776	800011d0	00008513	addi	x10,x1,0	  x1:0x80001e3c x10=0x80001e3c
       27785000	      2777	800011d4	00050567	jalr	x10,x10,0	 x10:0x80001e3c x10=0x800011d4
       27795000	      2778	00000000	00000013	addi	x0,x0,0	  x0:0x00000000
       27805000	      2779	80001e3c	00000013	addi	x0,x0,0	  x0:0x00000000
       27815000	      2780	80001e40	013a96b3	sll	x13,x21,x19	 x21:0xaedec0b8 x19:0x80009fc4 x13=0xedec0b80
       27825000	      2781	80001e44	01068e63	beq	x13,x16,80001e60	 x13:0xedec0b80 x16:0xfffffa01
       27835000	      2782	80001e48	029c8e63	beq	x25,x9,80001e84	 x25:0x3b5f404c  x9:0xfc25f000
       27845000	      2783	80001e4c	01044233	xor	x4,x8,x16	  x8:0x78d94dea x16:0xfffffa01  x4=0x8726b7eb
       27855000	      2784	80001e50	d3004393	xori	x7,x0,-720	  x0:0x00000000  x7=0xfffffd30
       27865000	      2785	80001e54	7507e593	ori	x11,x15,1872	 x15:0xea3e0104 x11=0xea3e0754
       27875000	      2786	80001e58	40ad5c93	srai	x25,x26,0xa	 x26:0x00000000 x25=0x00000000
       27885000	      2787	80001e5c	e83f0c93	addi	x25,x30,-381	 x30:0x00000000 x25=0xfffffe83
       27895000	      2788	80001e60	3d36ac13	slti	x24,x13,979	 x13:0xedec0b80 x24=0x00000001
       27905000	      2789	80001e64	00052033	slt	x0,x10,x0	 x10:0x800011d4  x0:0x00000000
       27915000	      2790	80001e68	05618863	beq	x3,x22,80001eb8	  x3:0xfc25f000 x22:0x00000000
       27925000	      2791	80001e6c	419150b3	sra	x1,x2,x25	  x2:0x80008da1 x25:0xfffffe83  x1=0xf00011b4
       27935000	      2792	80001e70	01233f33	sltu	x30,x6,x18	  x6:0x00000000 x18:0x00000000 x30=0x00000000
       27945000	      2793	80001e74	d80a7313	andi	x6,x20,-640	 x20:0x00000000  x6=0x00000000
       27955000	      2794	80001e78	013b1b93	slli	x23,x22,0x13	 x22:0x00000000 x23=0x00000000
       27965000	      2795	80001e7c	028e5863	bge	x28,x8,80001eac	 x28:0x5f1dc190  x8:0x78d94dea
       27975000	      2796	80001e80	00000013	addi	x0,x0,0	  x0:0x00000000
       27985000	      2797	80001e84	bab5c693	xori	x13,x11,-1109	 x11:0xea3e0754 x13=0x15c1fcff
       27995000	      2798	80001e88	0275dc63	bge	x11,x7,80001ec0	 x11:0xea3e0754  x7:0xfffffd30
       28005000	      2799	80001e8c	02c88263	beq	x17,x12,80001eb0	 x17:0x00000000 x12:0x00000001
       28015000	      2800	80001e90	f858c393	xori	x7,x17,-123	 x17:0x00000000  x7=0xffffff85
       28025000	      2801	80001e94	410d0533	sub	x10,x26,x16	 x26:0x00000000 x16:0xfffffa01 x10=0x000005ff
       28035000	      2802	80001e98	01211d33	sll	x26,x2,x18	  x2:0x80008da1 x18:0x00000000 x26=0x80008da1
       28045000	      2803	80001e9c	05b6c263	blt	x13,x27,80001ee0	 x13:0x15c1fcff x27:0x00000180
       28055000	      2804	80001ea0	0105f033	and	x0,x11,x16	 x11:0xea3e0754 x16:0xfffffa01
       28065000	      2805	80001ea4	00000013	addi	x0,x0,0	  x0:0x00000000
       28075000	      2806	80001ea8	02689063	bne	x17,x6,80001ec8	 x17:0x00000000  x6:0x00000000
       28085000	      2807	80001eac	b4b36b13	ori	x22,x6,-1205	  x6:0x00000000 x22=0xfffffb4b
       28095000	      2808	80001eb0	0180d513	srli	x10,x1,0x18	  x1:0xf00011b4 x10=0x000000f0
       28105000	      2809	80001eb4	a0229b97	auipc	x23,0xa0229	 x23=0x2022aeb0
       28115000	      2810	80001eb8	00ea9c13	slli	x24,x21,0xe	 x21:0xaedec0b8 x24=0xb02e0000
       28125000	      2811	80001ebc	00000013	addi	x0,x0,0	  x0:0x00000000
       28135000	      2812	80001ec0	00eaee33	or	x28,x21,x14	 x21:0xaedec0b8 x14:0x0000039a x28=0xaedec3ba
       28145000	      2813	80001ec4	002e4333	xor	x6,x28,x2	 x28:0xaedec3ba  x2:0x80008da1  x6=0x2ede4e1b
       28155000	      2814	80001ec8	00e6db93	srli	x23,x13,0xe	 x13:0x15c1fcff x23=0x00005707
       28165000	      2815	80001ecc	00fc6ab3	or	x21,x24,x15	 x24:0xb02e0000 x15:0xea3e0104 x21=0xfa3e0104
       28175000	      2816	80001ed0	c8e08c13	addi	x24,x1,-882	  x1:0xf00011b4 x24=0xf0000e42
       28185000	      2817	80001ed4	758bf897	auipc	x17,0x758bf	 x17=0xf58c0ed0
       28195000	      2818	80001ed8	2b914713	xori	x14,x2,697	  x2:0x80008da1 x14=0x80008f18
       28205000	      2819	80001edc	015b2333	slt	x6,x22,x21	 x22:0xfffffb4b x21:0xfa3e0104  x6=0x00000000
       28215000	      2820	80001ee0	00321913	slli	x18,x4,0x3	  x4:0x8726b7eb x18=0x3935bf58
       28225000	      2821	80001ee4	d93b7f37	lui	x30,0xd93b7	 x30=0xd93b7000
       28235000	      2822	80001ee8	0190fab3	and	x21,x1,x25	  x1:0xf00011b4 x25:0xfffffe83 x21=0xf0001080
       28245000	      2823	80001eec	f3089697	auipc	x13,0xf3089	 x13=0x7308aee8
       28255000	      2824	80001ef0	03a59c63	bne	x11,x26,80001f28	 x11:0xea3e0754 x26:0x80008da1
       28265000	      2825	00000000	00000013	addi	x0,x0,0	  x0:0x00000000
       28275000	      2826	80001f24	00000013	addi	x0,x0,0	  x0:0x00000000
       28285000	      2827	80001f28	01e81913	slli	x18,x16,0x1e	 x16:0xfffffa01 x18=0x40000000
       28295000	      2828	80001f2c	0a66d263	bge	x13,x6,80001fd0	 x13:0x7308aee8  x6:0x00000000
       28305000	      2829	00000000	00000013	addi	x0,x0,0	  x0:0x00000000
       28315000	      2830	80001fcc	00000013	addi	x0,x0,0	  x0:0x00000000
       28325000	      2831	80001fd0	0080d813	srli	x16,x1,0x8	  x1:0xf00011b4 x16=0x00f00011
       28335000	      2832	80001fd4	00355f13	srli	x30,x10,0x3	 x10:0x000000f0 x30=0x0000001e
       28345000	      2833	80001fd8	16cb0917	auipc	x18,0x16cb0	 x18=0x96cb1fd4
       28355000	      2834	80001fdc	004ea083	lw	x1,4(x29)	 x29:0x80009f6c  x1=0x80000348 PA:0x80009f70
       28365000	      2835	80001fe0	018e8e93	addi	x29,x29,24	 x29:0x80009f6c x29=0x80009f84
       28375000	      2836	80001fe4	00b29033	sll	x0,x5,x11	  x5:0x00000000 x11:0xea3e0754
       28385000	      2837	80001fe8	0019e333	or	x6,x19,x1	 x19:0x80009fc4  x1:0x80000348  x6=0x80009fcc
       28395000	      2838	80001fec	41f5dc33	sra	x24,x11,x31	 x11:0xea3e0754 x31:0xfffffb81 x24=0xf51f03aa
       28405000	      2839	80001ff0	000e8b33	add	x22,x29,x0	 x29:0x80009f84  x0:0x00000000 x22=0x80009f84
       28415000	      2840	80001ff4	410603b3	sub	x7,x12,x16	 x12:0x00000001 x16:0x00f00011  x7=0xff0ffff0
       28425000	      2841	80001ff8	424a6613	ori	x12,x20,1060	 x20:0x00000000 x12=0x00000424
       28435000	      2842	80001ffc	00108e13	addi	x28,x1,1	  x1:0x80000348 x28=0x80000349
       28445000	      2843	80002000	000e0e67	jalr	x28,x28,0	 x28:0x80000349 x28=0x80002000
       28455000	      2844	00000000	00000013	addi	x0,x0,0	  x0:0x00000000
       28465000	      2845	80000348	00000013	addi	x0,x0,0	  x0:0x00000000
       28475000	      2846	8000034c	01b48133	add	x2,x9,x27	  x9:0xfc25f000 x27:0x00000180  x2=0xfc25f180
       28485000	      2847	80000350	00626ab3	or	x21,x4,x6	  x4:0x8726b7eb  x6:0x80009fcc x21=0x8726bfef
       28495000	      2848	80000354	d614a513	slti	x10,x9,-671	  x9:0xfc25f000 x10=0x00000001
       28505000	      2849	80000358	00851613	slli	x12,x10,0x8	 x10:0x00000001 x12=0x00000100
       28515000	      2850	8000035c	2d5fb013	sltiu	x0,x31,725	 x31:0xfffffb81
       28525000	      2851	80000360	40025793	srai	x15,x4,0x0	  x4:0x8726b7eb x15=0x8726b7eb
       28535000	      2852	80000364	011d7ab3	and	x21,x26,x17	 x26:0x80008da1 x17:0xf58c0ed0 x21=0x80000c80
       28545000	      2853	80000368	00c79863	bne	x15,x12,80000378	 x15:0x8726b7eb x12:0x00000100
       28555000	      2854	00000000	00000013	addi	x0,x0,0	  x0:0x00000000
       28565000	      2855	80000374	00000013	addi	x0,x0,0	  x0:0x00000000
       28575000	      2856	80000378	0140d393	srli	x7,x1,0x14	  x1:0x80000348  x7=0x00000800
       28585000	      2857	8000037c	5b510793	addi	x15,x2,1461	  x2:0xfc25f180 x15=0xfc25f735
       28595000	      2858	80000380	00ddccb3	xor	x25,x27,x13	 x27:0x00000180 x13:0x7308aee8 x25=0x7308af68
       28605000	      2859	80000384	49b6bc17	auipc	x24,0x49b6b	 x24=0xc9b6b380
       28615000	      2860	80000388	00f27cb3	and	x25,x4,x15	  x4:0x8726b7eb x15:0xfc25f735 x25=0x8424b721
       28625000	      2861	8000038c	5e323493	sltiu	x9,x4,1507	  x4:0x8726b7eb  x9=0x00000000
       28635000	      2862	80000390	409f5a33	sra	x20,x30,x9	 x30:0x0000001e  x9:0x00000000 x20=0x0000001e
       28645000	      2863	80000394	64673793	sltiu	x15,x14,1606	 x14:0x80008f18 x15=0x00000000
       28655000	      2864	80000398	01c80bb3	add	x23,x16,x28	 x16:0x00f00011 x28:0x80002000 x23=0x80f02011
       28665000	      2865	8000039c	02b50e63	beq	x10,x11,800003d8	 x10:0x00000001 x11:0xea3e0754
       28675000	      2866	800003a0	0197f533	and	x10,x15,x25	 x15:0x00000000 x25:0x8424b721 x10=0x00000000
       28685000	      2867	800003a4	0140e033	or	x0,x1,x20	  x1:0x80000348 x20:0x0000001e
       28695000	      2868	800003a8	000414b3	sll	x9,x8,x0	  x8:0x78d94dea  x0:0x00000000  x9=0x78d94dea
       28705000	      2869	800003ac	8dd2ff13	andi	x30,x5,-1827	  x5:0x00000000 x30=0x00000000
       28715000	      2870	800003b0	89968293	addi	x5,x13,-1895	 x13:0x7308aee8  x5=0x7308a781
       28725000	      2871	800003b4	9b38e293	ori	x5,x17,-1613	 x17:0xf58c0ed0  x5=0xfffffff3
       28735000	      2872	800003b8	027e6663	bltu	x28,x7,800003e4	 x28:0x80002000  x7:0x00000800
       28745000	      2873	800003bc	00068fb3	add	x31,x13,x0	 x13:0x7308aee8  x0:0x00000000 x31=0x7308aee8
       28755000	      2874	800003c0	011f6db3	or	x27,x30,x17	 x30:0x00000000 x17:0xf58c0ed0 x27=0xf58c0ed0
       28765000	      2875	800003c4	0dd30717	auipc	x14,0xdd30	 x14=0x8dd303c0
       28775000	      2876	800003c8	402d5fb3	sra	x31,x26,x2	 x26:0x80008da1  x2:0xfc25f180 x31=0x80008da1
       28785000	      2877	800003cc	05135263	bge	x6,x17,80000410	  x6:0x80009fcc x17:0xf58c0ed0
       28795000	      2878	800003d0	00705193	srli	x3,x0,0x7	  x0:0x00000000  x3=0x00000000
       28805000	      2879	800003d4	40c08e33	sub	x28,x1,x12	  x1:0x80000348 x12:0x00000100 x28=0x80000248
       28815000	      2880	800003d8	00587e33	and	x28,x16,x5	 x16:0x00f00011  x5:0xfffffff3 x28=0x00f00011
       28825000	      2881	800003dc	00e73233	sltu	x4,x14,x14	 x14:0x8dd303c0 x14:0x8dd303c0  x4=0x00000000
       28835000	      2882	800003e0	4041df13	srai	x30,x3,0x4	  x3:0x00000000 x30=0x00000000
       28845000	      2883	800003e4	0506f263	bgeu	x13,x16,80000428	 x13:0x7308aee8 x16:0x00f00011
       28855000	      2884	00000000	00000013	addi	x0,x0,0	  x0:0x00000000
       28865000	      2885	80000424	00000013	addi	x0,x0,0	  x0:0x00000000
       28875000	      2886	80000428	01695193	srli	x3,x18,0x16	 x18:0x96cb1fd4  x3=0x0000025b
       28885000	      2887	8000042c	04f3f463	bgeu	x7,x15,80000474	  x7:0x00000800 x15:0x00000000
       28895000	      2888	00000000	00000013	addi	x0,x0,0	  x0:0x00000000
       28905000	      2889	80000470	00000013	addi	x0,x0,0	  x0:0x00000000
       28915000	      2890	80000474	01df7bb3	and	x23,x30,x29	 x30:0x00000000 x29:0x80009f84 x23=0x00000000
       28925000	      2891	80000478	fe643797	auipc	x15,0xfe643	 x15=0x7e643474
       28935000	      2892	8000047c	00668933	add	x18,x13,x6	 x13:0x7308aee8  x6:0x80009fcc x18=0xf3094eb4
       28945000	      2893	80000480	415e5193	srai	x3,x28,0x15	 x28:0x00f00011  x3=0x00000007
       28955000	      2894	80000484	03cbc663	blt	x23,x28,800004b0	 x23:0x00000000 x28:0x00f00011
       28965000	      2895	00000000	00000013	addi	x0,x0,0	  x0:0x00000000
       28975000	      2896	800004ac	00000013	addi	x0,x0,0	  x0:0x00000000
       28985000	      2897	800004b0	4e463693	sltiu	x13,x12,1252	 x12:0x00000100 x13=0x00000001
       28995000	      2898	800004b4	00000417	auipc	x8,0x0	  x8=0x800004b0
       29005000	      2899	800004b8	00c40413	addi	x8,x8,12	  x8:0x800004b0  x8=0x800004bc
       29015000	      2900	800004bc	00040067	jalr	x0,x8,0	  x8:0x800004bc
       29025000	      2901	00000000	00000013	addi	x0,x0,0	  x0:0x00000000
       29035000	      2902	800004bc	00000013	addi	x0,x0,0	  x0:0x00000000
       29045000	      2903	800004c0	00100193	addi	x3,x0,1	  x0:0x00000000  x3=0x00000001
       29055000	      2904	800004c4	00000073	ecall	
       29065000	      2905	800004c8	ff4e8e93	addi	x29,x29,-12	 x29:0x80009f84 x29=0x80009f78
