		Time			Cycle	PC		Insn	Decoded instruction	Register and memory contents
          65000	         5	80000004	00000293	addi	x5,x0,0	  x0:0x00000000  x5=0x00000000
          75000	         6	80000008	00000313	addi	x6,x0,0	  x0:0x00000000  x6=0x00000000
          85000	         7	8000000c	00628263	beq	x5,x6,80000010	  x5:0x00000000  x6:0x00000000
          95000	         8	00000000	00000013	addi	x0,x0,0	  x0:0x00000000
         105000	         9	8000000c	00000013	addi	x0,x0,0	  x0:0x00000000
         115000	        10	80000010	00000717	auipc	x14,0x0	 x14=0x8000000c
         125000	        11	80000014	00c70713	addi	x14,x14,12	 x14:0x8000000c x14=0x80000018
         135000	        12	80000018	00070067	jalr	x0,x14,0	 x14:0x80000018
         145000	        13	00000000	00000013	addi	x0,x0,0	  x0:0x00000000
         155000	        14	80000018	00000013	addi	x0,x0,0	  x0:0x00000000
         165000	        15	8000001c	400006b7	lui	x13,0x40000	 x13=0x40000000
         175000	        16	80000020	10068693	addi	x13,x13,256	 x13:0x40000000 x13=0x40000100
         185000	        17	80000024	00000013	addi	x0,x0,0	  x0:0x00000000
         195000	        18	80000028	0000a297	auipc	x5,0xa	  x5=0x8000a024
         205000	        19	8000002c	fa028293	addi	x5,x5,-96	  x5:0x8000a024  x5=0x80009fc4
         215000	        20	80000030	00002697	auipc	x13,0x2	 x13=0x8000202c
         225000	        21	80000034	c7c68693	addi	x13,x13,-900	 x13:0x8000202c x13=0x80001ca8
         235000	        22	80000038	0006e693	ori	x13,x13,0	 x13:0x80001ca8 x13=0x80001ca8
         245000	        23	8000003c	00000013	addi	x0,x0,0	  x0:0x00000000
         255000	        24	80000040	00000697	auipc	x13,0x0	 x13=0x8000003c
         265000	        25	80000044	02068693	addi	x13,x13,32	 x13:0x8000003c x13=0x8000005c
         275000	        26	80000048	00000013	addi	x0,x0,0	  x0:0x00000000
         285000	        27	8000004c	00000013	addi	x0,x0,0	  x0:0x00000000
         295000	        28	80000050	000026b7	lui	x13,0x2	 x13=0x00002000
         305000	        29	80000054	80068693	addi	x13,x13,-2048	 x13:0x00002000 x13=0x00001800
         315000	        30	80000058	00000013	addi	x0,x0,0	  x0:0x00000000
         325000	        31	8000005c	00000013	addi	x0,x0,0	  x0:0x00000000
         335000	        32	80000060	00000013	addi	x0,x0,0	  x0:0x00000000
         345000	        33	80000064	00000093	addi	x1,x0,0	  x0:0x00000000  x1=0x00000000
         355000	        34	80000068	00a00113	addi	x2,x0,10	  x0:0x00000000  x2=0x0000000a
         365000	        35	8000006c	800001b7	lui	x3,0x80000	  x3=0x80000000
         375000	        36	80000070	a29db237	lui	x4,0xa29db	  x4=0xa29db000
         385000	        37	80000074	1cb20213	addi	x4,x4,459	  x4:0xa29db000  x4=0xa29db1cb
         395000	        38	80000078	00000313	addi	x6,x0,0	  x0:0x00000000  x6=0x00000000
         405000	        39	8000007c	800003b7	lui	x7,0x80000	  x7=0x80000000
         415000	        40	80000080	8ea74437	lui	x8,0x8ea74	  x8=0x8ea74000
         425000	        41	80000084	c2540413	addi	x8,x8,-987	  x8:0x8ea74000  x8=0x8ea73c25
         435000	        42	80000088	00e00493	addi	x9,x0,14	  x0:0x00000000  x9=0x0000000e
         445000	        43	8000008c	00f00593	addi	x11,x0,15	  x0:0x00000000 x11=0x0000000f
         455000	        44	80000090	fbd4c637	lui	x12,0xfbd4c	 x12=0xfbd4c000
         465000	        45	80000094	1c660613	addi	x12,x12,454	 x12:0xfbd4c000 x12=0xfbd4c1c6
         475000	        46	80000098	00000693	addi	x13,x0,0	  x0:0x00000000 x13=0x00000000
         485000	        47	8000009c	00500713	addi	x14,x0,5	  x0:0x00000000 x14=0x00000005
         495000	        48	800000a0	5a8667b7	lui	x15,0x5a866	 x15=0x5a866000
         505000	        49	800000a4	56a78793	addi	x15,x15,1386	 x15:0x5a866000 x15=0x5a86656a
         515000	        50	800000a8	f8256837	lui	x16,0xf8256	 x16=0xf8256000
         525000	        51	800000ac	f6080813	addi	x16,x16,-160	 x16:0xf8256000 x16=0xf8255f60
         535000	        52	800000b0	00000893	addi	x17,x0,0	  x0:0x00000000 x17=0x00000000
         545000	        53	800000b4	00b00913	addi	x18,x0,11	  x0:0x00000000 x18=0x0000000b
         555000	        54	800000b8	800009b7	lui	x19,0x80000	 x19=0x80000000
         565000	        55	800000bc	00800a13	addi	x20,x0,8	  x0:0x00000000 x20=0x00000008
         575000	        56	800000c0	00200a93	addi	x21,x0,2	  x0:0x00000000 x21=0x00000002
         585000	        57	800000c4	1c19bb37	lui	x22,0x1c19b	 x22=0x1c19b000
         595000	        58	800000c8	f8eb0b13	addi	x22,x22,-114	 x22:0x1c19b000 x22=0x1c19af8e
         605000	        59	800000cc	00000b93	addi	x23,x0,0	  x0:0x00000000 x23=0x00000000
         615000	        60	800000d0	80000c37	lui	x24,0x80000	 x24=0x80000000
         625000	        61	800000d4	f17fdcb7	lui	x25,0xf17fd	 x25=0xf17fd000
         635000	        62	800000d8	e64c8c93	addi	x25,x25,-412	 x25:0xf17fd000 x25=0xf17fce64
         645000	        63	800000dc	004c0d37	lui	x26,0x4c0	 x26=0x004c0000
         655000	        64	800000e0	84dd0d13	addi	x26,x26,-1971	 x26:0x004c0000 x26=0x004bf84d
         665000	        65	800000e4	00e00d93	addi	x27,x0,14	  x0:0x00000000 x27=0x0000000e
         675000	        66	800000e8	00000e13	addi	x28,x0,0	  x0:0x00000000 x28=0x00000000
         685000	        67	800000ec	fc652eb7	lui	x29,0xfc652	 x29=0xfc652000
         695000	        68	800000f0	51ce8e93	addi	x29,x29,1308	 x29:0xfc652000 x29=0xfc65251c
         705000	        69	800000f4	ff893f37	lui	x30,0xff893	 x30=0xff893000
         715000	        70	800000f8	45df0f13	addi	x30,x30,1117	 x30:0xff893000 x30=0xff89345d
         725000	        71	800000fc	00000f93	addi	x31,x0,0	  x0:0x00000000 x31=0x00000000
         735000	        72	80000100	0000a517	auipc	x10,0xa	 x10=0x8000a0fc
         745000	        73	80000104	e8850513	addi	x10,x10,-376	 x10:0x8000a0fc x10=0x80009f84
         755000	        74	80000108	00009217	auipc	x4,0x9	  x4=0x80009104
         765000	        75	8000010c	afb20213	addi	x4,x4,-1285	  x4:0x80009104  x4=0x80008bff
         775000	        76	80000110	ff3218a3	sh	x19,-15(x4)	  x4:0x80008bff x19:0x80000000 PA:0x80008bf0
         785000	        77	80000114	00224483	lbu	x9,2(x4)	  x4:0x80008bff  x9=0x00000087 PA:0x80008c01
         795000	        78	80000118	00224103	lbu	x2,2(x4)	  x4:0x80008bff  x2=0x00000087 PA:0x80008c01
         805000	        79	8000011c	01a20123	sb	x26,2(x4)	  x4:0x80008bff x26:0x004bf84d PA:0x80008c01
         815000	        80	80000120	006c3eb3	sltu	x29,x24,x6	 x24:0x80000000  x6:0x00000000 x29=0x00000000
         825000	        81	80000124	00220803	lb	x16,2(x4)	  x4:0x80008bff x16=0x0000004d PA:0x80008c01
         835000	        82	80000128	00224c83	lbu	x25,2(x4)	  x4:0x80008bff x25=0x0000004d PA:0x80008c01
         845000	        83	8000012c	00220a83	lb	x21,2(x4)	  x4:0x80008bff x21=0x0000004d PA:0x80008c01
         855000	        84	80000130	00521f03	lh	x30,5(x4)	  x4:0x80008bff x30=0xffff9fdd PA:0x80008c04
         865000	        85	80000134	00f25003	lhu	x0,15(x4)	  x4:0x80008bff PA:0x80008c0e
         875000	        86	80000138	5e6f8f13	addi	x30,x31,1510	 x31:0x00000000 x30=0x000005e6
         885000	        87	8000013c	01d207a3	sb	x29,15(x4)	  x4:0x80008bff x29:0x00000000 PA:0x80008c0e
         895000	        88	80000140	00f25383	lhu	x7,15(x4)	  x4:0x80008bff  x7=0x00005200 PA:0x80008c0e
         905000	        89	80000144	01cb0ab3	add	x21,x22,x28	 x22:0x1c19af8e x28:0x00000000 x21=0x1c19af8e
         915000	        90	80000148	414f5413	srai	x8,x30,0x14	 x30:0x000005e6  x8=0x00000000
         925000	        91	8000014c	01020383	lb	x7,16(x4)	  x4:0x80008bff  x7=0x00000052 PA:0x80008c0f
         935000	        92	80000150	3c6be493	ori	x9,x23,966	 x23:0x00000000  x9=0x000003c6
         945000	        93	80000154	49d58c93	addi	x25,x11,1181	 x11:0x0000000f x25=0x000004ac
         955000	        94	80000158	01020603	lb	x12,16(x4)	  x4:0x80008bff x12=0x00000052 PA:0x80008c0f
         965000	        95	8000015c	01020303	lb	x6,16(x4)	  x4:0x80008bff  x6=0x00000052 PA:0x80008c0f
         975000	        96	80000160	01020e83	lb	x29,16(x4)	  x4:0x80008bff x29=0x00000052 PA:0x80008c0f
         985000	        97	80000164	01024a83	lbu	x21,16(x4)	  x4:0x80008bff x21=0x00000052 PA:0x80008c0f
         995000	        98	80000168	00624603	lbu	x12,6(x4)	  x4:0x80008bff x12=0x0000009f PA:0x80008c05
        1005000	        99	8000016c	00009097	auipc	x1,0x9	  x1=0x80009168
        1015000	       100	80000170	b3808093	addi	x1,x1,-1224	  x1:0x80009168  x1=0x80008ca0
        1025000	       101	80000174	00009d97	auipc	x27,0x9	 x27=0x80009170
        1035000	       102	80000178	a22d8d93	addi	x27,x27,-1502	 x27:0x80009170 x27=0x80008b92
        1045000	       103	8000017c	04809423	sh	x8,72(x1)	  x1:0x80008ca0  x8:0x00000000 PA:0x80008ce8
        1055000	       104	80000180	fffdcf03	lbu	x30,-1(x27)	 x27:0x80008b92 x30=0x00000017 PA:0x80008b91
        1065000	       105	80000184	f440d203	lhu	x4,-188(x1)	  x1:0x80008ca0  x4=0x000060a5 PA:0x80008be4
        1075000	       106	80000188	009dcb83	lbu	x23,9(x27)	 x27:0x80008b92 x23=0x000000cb PA:0x80008b9b
        1085000	       107	8000018c	07a0c803	lbu	x16,122(x1)	  x1:0x80008ca0 x16=0x000000c1 PA:0x80008d1a
        1095000	       108	80000190	ff8d88a3	sb	x24,-15(x27)	 x27:0x80008b92 x24:0x80000000 PA:0x80008b83
        1105000	       109	80000194	000d9183	lh	x3,0(x27)	 x27:0x80008b92  x3=0xfffff6a6 PA:0x80008b92
        1115000	       110	80000198	00cdcd03	lbu	x26,12(x27)	 x27:0x80008b92 x26=0x00000068 PA:0x80008b9e
        1125000	       111	8000019c	f7e08483	lb	x9,-130(x1)	  x1:0x80008ca0  x9=0x00000070 PA:0x80008c1e
        1135000	       112	800001a0	001d85a3	sb	x1,11(x27)	 x27:0x80008b92  x1:0x80008ca0 PA:0x80008b9d
        1145000	       113	800001a4	ff40c303	lbu	x6,-12(x1)	  x1:0x80008ca0  x6=0x000000df PA:0x80008c94
        1155000	       114	800001a8	ff1d8e03	lb	x28,-15(x27)	 x27:0x80008b92 x28=0x00000000 PA:0x80008b83
        1165000	       115	800001ac	0690cc03	lbu	x24,105(x1)	  x1:0x80008ca0 x24=0x00000037 PA:0x80008d09
        1175000	       116	800001b0	ff1d8e83	lb	x29,-15(x27)	 x27:0x80008b92 x29=0x00000000 PA:0x80008b83
        1185000	       117	800001b4	007dc883	lbu	x17,7(x27)	 x27:0x80008b92 x17=0x00000097 PA:0x80008b99
        1195000	       118	800001b8	fac09383	lh	x7,-84(x1)	  x1:0x80008ca0  x7=0x00000d9b PA:0x80008c4c
        1205000	       119	800001bc	00009f17	auipc	x30,0x9	 x30=0x800091b8
        1215000	       120	800001c0	b92f0f13	addi	x30,x30,-1134	 x30:0x800091b8 x30=0x80008d4a
        1225000	       121	800001c4	00009997	auipc	x19,0x9	 x19=0x800091c0
        1235000	       122	800001c8	a0a98993	addi	x19,x19,-1526	 x19:0x800091c0 x19=0x80008bca
        1245000	       123	800001cc	004f0b83	lb	x23,4(x30)	 x30:0x80008d4a x23=0xffffffdb PA:0x80008d4e
        1255000	       124	800001d0	ffff4a03	lbu	x20,-1(x30)	 x30:0x80008d4a x20=0x000000a2 PA:0x80008d49
        1265000	       125	800001d4	feff0a23	sb	x15,-12(x30)	 x30:0x80008d4a x15:0x5a86656a PA:0x80008d3e
        1275000	       126	800001d8	00008917	auipc	x18,0x8	 x18=0x800081d4
        1285000	       127	800001dc	76c90913	addi	x18,x18,1900	 x18:0x800081d4 x18=0x80008940
        1295000	       128	800001e0	00008f97	auipc	x31,0x8	 x31=0x800081dc
        1305000	       129	800001e4	6d6f8f93	addi	x31,x31,1750	 x31:0x800081dc x31=0x800088b2
        1315000	       130	800001e8	ffbf0c03	lb	x24,-5(x30)	 x30:0x80008d4a x24=0x00000057 PA:0x80008d45
        1325000	       131	800001ec	0ae9d203	lhu	x4,174(x19)	 x19:0x80008bca  x4=0x00001956 PA:0x80008c78
        1335000	       132	800001f0	36090683	lb	x13,864(x18)	 x18:0x80008940 x13=0xffffff9e PA:0x80008ca0
        1345000	       133	800001f4	00790923	sb	x7,18(x18)	 x18:0x80008940  x7:0x00000d9b PA:0x80008952
        1355000	       134	800001f8	fedf0a23	sb	x13,-12(x30)	 x30:0x80008d4a x13:0xffffff9e PA:0x80008d3e
        1365000	       135	800001fc	17994383	lbu	x7,377(x18)	 x18:0x80008940  x7=0x00000026 PA:0x80008ab9
        1375000	       136	80000200	fcffc783	lbu	x15,-49(x31)	 x31:0x800088b2 x15=0x000000e0 PA:0x80008881
        1385000	       137	80000204	ef894303	lbu	x6,-264(x18)	 x18:0x80008940  x6=0x00000020 PA:0x80008838
        1395000	       138	80000208	00d98083	lb	x1,13(x19)	 x19:0x80008bca  x1=0x0000007c PA:0x80008bd7
        1405000	       139	8000020c	03af88a3	sb	x26,49(x31)	 x31:0x800088b2 x26:0x00000068 PA:0x800088e3
        1415000	       140	80000210	fbc90ea3	sb	x28,-67(x18)	 x18:0x80008940 x28:0x00000000 PA:0x800088fd
        1425000	       141	80000214	f019c103	lbu	x2,-255(x19)	 x19:0x80008bca  x2=0x000000a8 PA:0x80008acb
        1435000	       142	80000218	014f03a3	sb	x20,7(x30)	 x30:0x80008d4a x20:0x000000a2 PA:0x80008d51
        1445000	       143	8000021c	ffe98403	lb	x8,-2(x19)	 x19:0x80008bca  x8=0x0000002b PA:0x80008bc8
        1455000	       144	80000220	110909a3	sb	x16,275(x18)	 x18:0x80008940 x16:0x000000c1 PA:0x80008a53
        1465000	       145	80000224	ff9f4b03	lbu	x22,-7(x30)	 x30:0x80008d4a x22=0x00000021 PA:0x80008d43
        1475000	       146	80000228	028f8523	sb	x8,42(x31)	 x31:0x800088b2  x8:0x0000002b PA:0x800088dc
        1485000	       147	8000022c	10d90783	lb	x15,269(x18)	 x18:0x80008940 x15=0x0000005f PA:0x80008a4d
        1495000	       148	80000230	0619cc83	lbu	x25,97(x19)	 x19:0x80008bca x25=0x0000009f PA:0x80008c2b
        1505000	       149	80000234	006f0403	lb	x8,6(x30)	 x30:0x80008d4a  x8=0x0000003f PA:0x80008d50
        1515000	       150	80000238	f78982a3	sb	x24,-155(x19)	 x19:0x80008bca x24:0x00000057 PA:0x80008b2f
        1525000	       151	8000023c	fb8908a3	sb	x24,-79(x18)	 x18:0x80008940 x24:0x00000057 PA:0x800088f1
        1535000	       152	80000240	feafad03	lw	x26,-22(x31)	 x31:0x800088b2 x26=0xc914f713 PA:0x8000889c
        1545000	       153	80000244	f599c403	lbu	x8,-167(x19)	 x19:0x80008bca  x8=0x0000006f PA:0x80008b23
        1555000	       154	80000248	00ef9323	sh	x14,6(x31)	 x31:0x800088b2 x14:0x00000005 PA:0x800088b8
        1565000	       155	8000024c	00008897	auipc	x17,0x8	 x17=0x80008248
        1575000	       156	80000250	e0388893	addi	x17,x17,-509	 x17:0x80008248 x17=0x8000804b
        1585000	       157	80000254	0c2880a3	sb	x2,193(x17)	 x17:0x8000804b  x2:0x000000a8 PA:0x8000810c
        1595000	       158	80000258	0c18c903	lbu	x18,193(x17)	 x17:0x8000804b x18=0x000000a8 PA:0x8000810c
        1605000	       159	8000025c	0b088f83	lb	x31,176(x17)	 x17:0x8000804b x31=0xffffffd3 PA:0x800080fb
        1615000	       160	80000260	0b088b83	lb	x23,176(x17)	 x17:0x8000804b x23=0xffffffd3 PA:0x800080fb
        1625000	       161	80000264	11b88023	sb	x27,256(x17)	 x17:0x8000804b x27:0x80008b92 PA:0x8000814b
        1635000	       162	80000268	10188023	sb	x1,256(x17)	 x17:0x8000804b  x1:0x0000007c PA:0x8000814b
        1645000	       163	8000026c	02d881a3	sb	x13,35(x17)	 x17:0x8000804b x13:0xffffff9e PA:0x8000806e
        1655000	       164	80000270	00f45d33	srl	x26,x8,x15	  x8:0x0000006f x15:0x0000005f x26=0x00000000
        1665000	       165	80000274	025881a3	sb	x5,35(x17)	 x17:0x8000804b  x5:0x80009fc4 PA:0x8000806e
        1675000	       166	80000278	0096e833	or	x16,x13,x9	 x13:0xffffff9e  x9:0x00000070 x16=0xfffffffe
        1685000	       167	8000027c	0b78da03	lhu	x20,183(x17)	 x17:0x8000804b x20=0x0000159b PA:0x80008102
        1695000	       168	80000280	0098dc83	lhu	x25,9(x17)	 x17:0x8000804b x25=0x0000da75 PA:0x80008054
        1705000	       169	80000284	00008097	auipc	x1,0x8	  x1=0x80008280
        1715000	       170	80000288	ee008093	addi	x1,x1,-288	  x1:0x80008280  x1=0x80008160
        1725000	       171	8000028c	1322b793	sltiu	x15,x5,306	  x5:0x80009fc4 x15=0x00000000
        1735000	       172	80000290	5ea03a93	sltiu	x21,x0,1514	  x0:0x00000000 x21=0x00000001
        1745000	       173	80000294	0420ce83	lbu	x29,66(x1)	  x1:0x80008160 x29=0x00000045 PA:0x800081a2
        1755000	       174	80000298	04209203	lh	x4,66(x1)	  x1:0x80008160  x4=0x00001845 PA:0x800081a2
        1765000	       175	8000029c	01e04033	xor	x0,x0,x30	  x0:0x00000000 x30:0x80008d4a
        1775000	       176	800002a0	04208e03	lb	x28,66(x1)	  x1:0x80008160 x28=0x00000045 PA:0x800081a2
        1785000	       177	800002a4	04209983	lh	x19,66(x1)	  x1:0x80008160 x19=0x00001845 PA:0x800081a2
        1795000	       178	800002a8	0420c183	lbu	x3,66(x1)	  x1:0x80008160  x3=0x00000045 PA:0x800081a2
        1805000	       179	00000000	00000013	addi	x0,x0,0	  x0:0x00000000
        1815000	       180	800002ac	0081ecb3	or	x25,x3,x8	  x3:0x00000045  x8:0x0000006f x25=0x0000006f
        1825000	       181	800002b0	04209403	lh	x8,66(x1)	  x1:0x80008160  x8=0x00001845 PA:0x800081a2
        1835000	       182	800002b4	0e609983	lh	x19,230(x1)	  x1:0x80008160 x19=0x00005a62 PA:0x80008246
        1845000	       183	800002b8	0e608a83	lb	x21,230(x1)	  x1:0x80008160 x21=0x00000062 PA:0x80008246
        1855000	       184	800002bc	0e608583	lb	x11,230(x1)	  x1:0x80008160 x11=0x00000062 PA:0x80008246
        1865000	       185	800002c0	01269c13	slli	x24,x13,0x12	 x13:0xffffff9e x24=0xfe780000
        1875000	       186	800002c4	0e608903	lb	x18,230(x1)	  x1:0x80008160 x18=0x00000062 PA:0x80008246
        1885000	       187	800002c8	0e609803	lh	x16,230(x1)	  x1:0x80008160 x16=0x00005a62 PA:0x80008246
        1895000	       188	800002cc	00008117	auipc	x2,0x8	  x2=0x800082c8
        1905000	       189	800002d0	12310113	addi	x2,x2,291	  x2:0x800082c8  x2=0x800083eb
        1915000	       190	800002d4	01c7da33	srl	x20,x15,x28	 x15:0x00000000 x28:0x00000045 x20=0x00000000
        1925000	       191	800002d8	254e3a13	sltiu	x20,x28,596	 x28:0x00000045 x20=0x00000001
        1935000	       192	800002dc	e2014083	lbu	x1,-480(x2)	  x2:0x800083eb  x1=0x00000010 PA:0x8000820b
        1945000	       193	00000000	00000013	addi	x0,x0,0	  x0:0x00000000
        1955000	       194	800002e0	40b0dc33	sra	x24,x1,x11	  x1:0x00000010 x11:0x00000062 x24=0x00000004
        1965000	       195	800002e4	ea514203	lbu	x4,-347(x2)	  x2:0x800083eb  x4=0x000000c8 PA:0x80008290
        1975000	       196	800002e8	f9914403	lbu	x8,-103(x2)	  x2:0x800083eb  x8=0x000000f6 PA:0x80008384
        1985000	       197	800002ec	0af11e83	lh	x29,175(x2)	  x2:0x800083eb x29=0xffffb66c PA:0x8000849a
        1995000	       198	800002f0	1c78dcb7	lui	x25,0x1c78d	 x25=0x1c78d000
        2005000	       199	800002f4	403d0fb3	sub	x31,x26,x3	 x26:0x00000000  x3:0x00000045 x31=0xffffffbb
        2015000	       200	800002f8	0c911083	lh	x1,201(x2)	  x2:0x800083eb  x1=0xffffbf16 PA:0x800084b4
        2025000	       201	800002fc	00dfde13	srli	x28,x31,0xd	 x31:0xffffffbb x28=0x0007ffff
        2035000	       202	80000300	00a0c8b3	xor	x17,x1,x10	  x1:0xffffbf16 x10:0x80009f84 x17=0x7fff2092
        2045000	       203	80000304	03628093	addi	x1,x5,54	  x5:0x80009fc4  x1=0x80009ffa
        2055000	       204	80000308	f6610b23	sb	x6,-138(x2)	  x2:0x800083eb  x6:0x00000020 PA:0x80008361
        2065000	       205	8000030c	4060d433	sra	x8,x1,x6	  x1:0x80009ffa  x6:0x00000020  x8=0x80009ffa
        2075000	       206	80000310	614b8d13	addi	x26,x23,1556	 x23:0xffffffd3 x26=0x000005e7
        2085000	       207	80000314	002784b3	add	x9,x15,x2	 x15:0x00000000  x2:0x800083eb  x9=0x800083eb
        2095000	       208	80000318	00c14803	lbu	x16,12(x2)	  x2:0x800083eb x16=0x000000f7 PA:0x800083f7
        2105000	       209	8000031c	00000013	addi	x0,x0,0	  x0:0x00000000
        2115000	       210	80000320	41e3d393	srai	x7,x7,0x1e	  x7:0x00000026  x7=0x00000000
        2125000	       211	80000324	2c210603	lb	x12,706(x2)	  x2:0x800083eb x12=0xffffffd9 PA:0x800086ad
        2135000	       212	80000328	cde7f893	andi	x17,x15,-802	 x15:0x00000000 x17=0x00000000
        2145000	       213	8000032c	08e10d23	sb	x14,154(x2)	  x2:0x800083eb x14:0x00000005 PA:0x80008485
        2155000	       214	80000330	ea410783	lb	x15,-348(x2)	  x2:0x800083eb x15=0xffffffc1 PA:0x8000828f
        2165000	       215	80000334	40035913	srai	x18,x6,0x0	  x6:0x00000020 x18=0x00000020
        2175000	       216	80000338	00b18033	add	x0,x3,x11	  x3:0x00000045 x11:0x00000062
        2185000	       217	8000033c	ef112303	lw	x6,-271(x2)	  x2:0x800083eb  x6=0x8e90b58b PA:0x800082dc
        2195000	       218	80000340	fc80ba13	sltiu	x20,x1,-56	  x1:0x80009ffa x20=0x00000001
        2205000	       219	80000344	19614c83	lbu	x25,406(x2)	  x2:0x800083eb x25=0x000000fb PA:0x80008581
        2215000	       220	80000348	017b9933	sll	x18,x23,x23	 x23:0xffffffd3 x23:0xffffffd3 x18=0xfe980000
        2225000	       221	8000034c	d6a14c83	lbu	x25,-662(x2)	  x2:0x800083eb x25=0x000000a9 PA:0x80008155
        2235000	       222	80000350	3a010e83	lb	x29,928(x2)	  x2:0x800083eb x29=0x0000003e PA:0x8000878b
        2245000	       223	80000354	00945e13	srli	x28,x8,0x9	  x8:0x80009ffa x28=0x0040004f
        2255000	       224	80000358	04810e83	lb	x29,72(x2)	  x2:0x800083eb x29=0x00000060 PA:0x80008433
        2265000	       225	8000035c	e0e10b83	lb	x23,-498(x2)	  x2:0x800083eb x23=0x00000041 PA:0x800081f9
        2275000	       226	80000360	019957b3	srl	x15,x18,x25	 x18:0xfe980000 x25:0x000000a9 x15=0x007f4c00
        2285000	       227	80000364	286b7c93	andi	x25,x22,646	 x22:0x00000021 x25=0x00000000
        2295000	       228	80000368	def10323	sb	x15,-538(x2)	  x2:0x800083eb x15:0x007f4c00 PA:0x800081d1
        2305000	       229	8000036c	1e910423	sb	x9,488(x2)	  x2:0x800083eb  x9:0x800083eb PA:0x800085d3
        2315000	       230	80000370	00000013	addi	x0,x0,0	  x0:0x00000000
        2325000	       231	80000374	014c4833	xor	x16,x24,x20	 x24:0x00000004 x20:0x00000001 x16=0x00000005
        2335000	       232	80000378	ec810383	lb	x7,-312(x2)	  x2:0x800083eb  x7=0x00000063 PA:0x800082b3
        2345000	       233	8000037c	40afd6b3	sra	x13,x31,x10	 x31:0xffffffbb x10:0x80009f84 x13=0xfffffffb
        2355000	       234	80000380	b37d2a93	slti	x21,x26,-1225	 x26:0x000005e7 x21=0x00000000
        2365000	       235	80000384	1b414803	lbu	x16,436(x2)	  x2:0x800083eb x16=0x000000df PA:0x8000859f
        2375000	       236	80000388	3e511ea3	sh	x5,1021(x2)	  x2:0x800083eb  x5:0x80009fc4 PA:0x800087e8
        2385000	       237	8000038c	00008097	auipc	x1,0x8	  x1=0x80008388
        2395000	       238	80000390	dce08093	addi	x1,x1,-562	  x1:0x80008388  x1=0x80008156
        2405000	       239	80000394	015bf4b3	and	x9,x23,x21	 x23:0x00000041 x21:0x00000000  x9=0x00000000
        2415000	       240	80000398	02e08c83	lb	x25,46(x1)	  x1:0x80008156 x25=0x00000011 PA:0x80008184
        2425000	       241	8000039c	00ab5fb3	srl	x31,x22,x10	 x22:0x00000021 x10:0x80009f84 x31=0x00000002
        2435000	       242	800003a0	01663c33	sltu	x24,x12,x22	 x12:0xffffffd9 x22:0x00000021 x24=0x00000000
        2445000	       243	800003a4	81b8eb13	ori	x22,x17,-2021	 x17:0x00000000 x22=0xfffff81b
        2455000	       244	800003a8	0017bcb3	sltu	x25,x15,x1	 x15:0x007f4c00  x1:0x80008156 x25=0x00000001
        2465000	       245	800003ac	fc009483	lh	x9,-64(x1)	  x1:0x80008156  x9=0xffffc77a PA:0x80008116
        2475000	       246	800003b0	cd96b813	sltiu	x16,x13,-807	 x13:0xfffffffb x16=0x00000000
        2485000	       247	800003b4	21b8aa93	slti	x21,x17,539	 x17:0x00000000 x21=0x00000001
        2495000	       248	800003b8	fc808f83	lb	x31,-56(x1)	  x1:0x80008156 x31=0xfffffffb PA:0x8000811e
        2505000	       249	800003bc	fe9084a3	sb	x9,-23(x1)	  x1:0x80008156  x9:0xffffc77a PA:0x8000813f
        2515000	       250	800003c0	41048fb3	sub	x31,x9,x16	  x9:0xffffc77a x16:0x00000000 x31=0xffffc77a
        2525000	       251	800003c4	01202fb3	slt	x31,x0,x18	  x0:0x00000000 x18:0xfe980000 x31=0x00000000
        2535000	       252	800003c8	00f3c133	xor	x2,x7,x15	  x7:0x00000063 x15:0x007f4c00  x2=0x007f4c63
        2545000	       253	800003cc	00000013	addi	x0,x0,0	  x0:0x00000000
        2555000	       254	800003d0	e478cb93	xori	x23,x17,-441	 x17:0x00000000 x23=0xfffffe47
        2565000	       255	800003d4	08381db7	lui	x27,0x8381	 x27=0x08381000
        2575000	       256	800003d8	00332833	slt	x16,x6,x3	  x6:0x8e90b58b  x3:0x00000045 x16=0x00000001
        2585000	       257	800003dc	00009d83	lh	x27,0(x1)	  x1:0x80008156 x27=0xffffa222 PA:0x80008156
        2595000	       258	800003e0	fd809d83	lh	x27,-40(x1)	  x1:0x80008156 x27=0x0000443e PA:0x8000812e
        2605000	       259	800003e4	00bf1013	slli	x0,x30,0xb	 x30:0x80008d4a
        2615000	       260	800003e8	f8383013	sltiu	x0,x16,-125	 x16:0x00000001
        2625000	       261	800003ec	01d99f13	slli	x30,x19,0x1d	 x19:0x00005a62 x30=0x40000000
        2635000	       262	800003f0	100c6913	ori	x18,x24,256	 x24:0x00000000 x18=0x00000100
        2645000	       263	800003f4	00083e33	sltu	x28,x16,x0	 x16:0x00000001  x0:0x00000000 x28=0x00000000
        2655000	       264	800003f8	001babb3	slt	x23,x23,x1	 x23:0xfffffe47  x1:0x80008156 x23=0x00000000
        2665000	       265	800003fc	97d0bf13	sltiu	x30,x1,-1667	  x1:0x80008156 x30=0x00000001
        2675000	       266	80000400	01e08583	lb	x11,30(x1)	  x1:0x80008156 x11=0xffffffb4 PA:0x80008174
        2685000	       267	80000404	00e7d6b3	srl	x13,x15,x14	 x15:0x007f4c00 x14:0x00000005 x13=0x0003fa60
        2695000	       268	80000408	00024eb3	xor	x29,x4,x0	  x4:0x000000c8  x0:0x00000000 x29=0x000000c8
        2705000	       269	8000040c	ff90c003	lbu	x0,-7(x1)	  x1:0x80008156 PA:0x8000814f
        2715000	       270	80000410	00bdbc33	sltu	x24,x27,x11	 x27:0x0000443e x11:0xffffffb4 x24=0x00000001
        2725000	       271	80000414	0085b7b3	sltu	x15,x11,x8	 x11:0xffffffb4  x8:0x80009ffa x15=0x00000000
        2735000	       272	80000418	0010dd33	srl	x26,x1,x1	  x1:0x80008156  x1:0x80008156 x26=0x00000200
        2745000	       273	8000041c	308ae593	ori	x11,x21,776	 x21:0x00000001 x11=0x00000309
        2755000	       274	80000420	0094dc13	srli	x24,x9,0x9	  x9:0xffffc77a x24=0x007fffe3
        2765000	       275	80000424	fe908683	lb	x13,-23(x1)	  x1:0x80008156 x13=0x0000007a PA:0x8000813f
        2775000	       276	00000000	00000013	addi	x0,x0,0	  x0:0x00000000
        2785000	       277	80000428	02d0c883	lbu	x17,45(x1)	  x1:0x80008156 x17=0x000000b0 PA:0x80008183
        2795000	       278	8000042c	40bddf93	srai	x31,x27,0xb	 x27:0x0000443e x31=0x00000008
        2805000	       279	80000430	feb0a323	sw	x11,-26(x1)	  x1:0x80008156 x11:0x00000309 PA:0x8000813c
        2815000	       280	80000434	fe50cb83	lbu	x23,-27(x1)	  x1:0x80008156 x23=0x000000c4 PA:0x8000813b
        2825000	       281	80000438	fd908fa3	sb	x25,-33(x1)	  x1:0x80008156 x25:0x00000001 PA:0x80008135
        2835000	       282	8000043c	02e09523	sh	x14,42(x1)	  x1:0x80008156 x14:0x00000005 PA:0x80008180
        2845000	       283	80000440	00008c97	auipc	x25,0x8	 x25=0x8000843c
        2855000	       284	80000444	39ec8c93	addi	x25,x25,926	 x25:0x8000843c x25=0x800087da
        2865000	       285	80000448	fe6c8a83	lb	x21,-26(x25)	 x25:0x800087da x21=0xffffffbb PA:0x800087c0
        2875000	       286	8000044c	00008b17	auipc	x22,0x8	 x22=0x80008448
        2885000	       287	80000450	e29b0b13	addi	x22,x22,-471	 x22:0x80008448 x22=0x80008271
        2895000	       288	80000454	00eb0b83	lb	x23,14(x22)	 x22:0x80008271 x23=0x00000019 PA:0x8000827f
        2905000	       289	80000458	00fc8983	lb	x19,15(x25)	 x25:0x800087da x19=0xffffff9f PA:0x800087e9
        2915000	       290	8000045c	00cb0a03	lb	x20,12(x22)	 x22:0x80008271 x20=0x0000005e PA:0x8000827d
        2925000	       291	80000460	fd3c8b83	lb	x23,-45(x25)	 x25:0x800087da x23=0x00000065 PA:0x800087ad
        2935000	       292	80000464	01eb0723	sb	x30,14(x22)	 x22:0x80008271 x30:0x00000001 PA:0x8000827f
        2945000	       293	80000468	ff0b0e03	lb	x28,-16(x22)	 x22:0x80008271 x28=0xffffffd6 PA:0x80008261
        2955000	       294	8000046c	00cc8223	sb	x12,4(x25)	 x25:0x800087da x12:0xffffffd9 PA:0x800087de
        2965000	       295	80000470	ff4b09a3	sb	x20,-13(x22)	 x22:0x80008271 x20:0x0000005e PA:0x80008264
        2975000	       296	80000474	00bb4903	lbu	x18,11(x22)	 x22:0x80008271 x18=0x00000049 PA:0x8000827c
        2985000	       297	80000478	00bb4103	lbu	x2,11(x22)	 x22:0x80008271  x2=0x00000049 PA:0x8000827c
        2995000	       298	8000047c	027c8803	lb	x16,39(x25)	 x25:0x800087da x16=0x00000056 PA:0x80008801
        3005000	       299	80000480	ffab4a03	lbu	x20,-6(x22)	 x22:0x80008271 x20=0x0000009d PA:0x8000826b
        3015000	       300	80000484	015c89a3	sb	x21,19(x25)	 x25:0x800087da x21:0xffffffbb PA:0x800087ed
        3025000	       301	80000488	ff4b4403	lbu	x8,-12(x22)	 x22:0x80008271  x8=0x00000045 PA:0x80008265
        3035000	       302	8000048c	fcdcc303	lbu	x6,-51(x25)	 x25:0x800087da  x6=0x00000020 PA:0x800087a7
        3045000	       303	80000490	fddc8b83	lb	x23,-35(x25)	 x25:0x800087da x23=0xffffff97 PA:0x800087b7
        3055000	       304	80000494	01eb06a3	sb	x30,13(x22)	 x22:0x80008271 x30:0x00000001 PA:0x8000827e
        3065000	       305	80000498	00008117	auipc	x2,0x8	  x2=0x80008494
        3075000	       306	8000049c	36010113	addi	x2,x2,864	  x2:0x80008494  x2=0x800087f4
        3085000	       307	800004a0	00111123	sh	x1,2(x2)	  x2:0x800087f4  x1:0x80008156 PA:0x800087f6
        3095000	       308	800004a4	00215a83	lhu	x21,2(x2)	  x2:0x800087f4 x21=0x00008156 PA:0x800087f6
        3105000	       309	800004a8	407600b3	sub	x1,x12,x7	 x12:0xffffffd9  x7:0x00000063  x1=0xffffff76
        3115000	       310	800004ac	00010123	sb	x0,2(x2)	  x2:0x800087f4  x0:0x00000000 PA:0x800087f6
        3125000	       311	800004b0	00d11123	sh	x13,2(x2)	  x2:0x800087f4 x13:0x0000007a PA:0x800087f6
        3135000	       312	800004b4	77327d13	andi	x26,x4,1907	  x4:0x000000c8 x26=0x00000040
        3145000	       313	800004b8	2c754f13	xori	x30,x10,711	 x10:0x80009f84 x30=0x80009d43
        3155000	       314	800004bc	00211683	lh	x13,2(x2)	  x2:0x800087f4 x13=0x0000007a PA:0x800087f6
        3165000	       315	800004c0	00214603	lbu	x12,2(x2)	  x2:0x800087f4 x12=0x0000007a PA:0x800087f6
        3175000	       316	800004c4	00214d03	lbu	x26,2(x2)	  x2:0x800087f4 x26=0x0000007a PA:0x800087f6
        3185000	       317	800004c8	00210d03	lb	x26,2(x2)	  x2:0x800087f4 x26=0x0000007a PA:0x800087f6
        3195000	       318	800004cc	01311123	sh	x19,2(x2)	  x2:0x800087f4 x19:0xffffff9f PA:0x800087f6
        3205000	       319	800004d0	00214403	lbu	x8,2(x2)	  x2:0x800087f4  x8=0x0000009f PA:0x800087f6
        3215000	       320	800004d4	002743b3	xor	x7,x14,x2	 x14:0x00000005  x2:0x800087f4  x7=0x800087f1
        3225000	       321	800004d8	00215983	lhu	x19,2(x2)	  x2:0x800087f4 x19=0x0000ff9f PA:0x800087f6
        3235000	       322	800004dc	00215d83	lhu	x27,2(x2)	  x2:0x800087f4 x27=0x0000ff9f PA:0x800087f6
        3245000	       323	800004e0	00211d83	lh	x27,2(x2)	  x2:0x800087f4 x27=0xffffff9f PA:0x800087f6
        3255000	       324	800004e4	00008f17	auipc	x30,0x8	 x30=0x800084e0
        3265000	       325	800004e8	3eef0f13	addi	x30,x30,1006	 x30:0x800084e0 x30=0x800088ce
        3275000	       326	800004ec	00009617	auipc	x12,0x9	 x12=0x800094e8
        3285000	       327	800004f0	a0b60613	addi	x12,x12,-1525	 x12:0x800094e8 x12=0x80008ef3
        3295000	       328	800004f4	00009c97	auipc	x25,0x9	 x25=0x800094f0
        3305000	       329	800004f8	a75c8c93	addi	x25,x25,-1419	 x25:0x800094f0 x25=0x80008f65
        3315000	       330	800004fc	00008a17	auipc	x20,0x8	 x20=0x800084f8
        3325000	       331	80000500	4e7a0a13	addi	x20,x20,1255	 x20:0x800084f8 x20=0x800089df
        3335000	       332	80000504	e6ca0e23	sb	x12,-388(x20)	 x20:0x800089df x12:0x80008ef3 PA:0x8000885b
        3345000	       333	80000508	ff5f1923	sh	x21,-14(x30)	 x30:0x800088ce x21:0x00008156 PA:0x800088c0
        3355000	       334	8000050c	ffcf0f83	lb	x31,-4(x30)	 x30:0x800088ce x31=0xffffffe5 PA:0x800088ca
        3365000	       335	80000510	00009b17	auipc	x22,0x9	 x22=0x8000950c
        3375000	       336	80000514	869b0b13	addi	x22,x22,-1943	 x22:0x8000950c x22=0x80008d75
        3385000	       337	80000518	ff8f0ba3	sb	x24,-9(x30)	 x30:0x800088ce x24:0x007fffe3 PA:0x800088c5
        3395000	       338	8000051c	ffb64103	lbu	x2,-5(x12)	 x12:0x80008ef3  x2=0x00000051 PA:0x80008eee
        3405000	       339	80000520	fedcd403	lhu	x8,-19(x25)	 x25:0x80008f65  x8=0x0000e23d PA:0x80008f52
        3415000	       340	80000524	36ca0683	lb	x13,876(x20)	 x20:0x800089df x13=0xffffffac PA:0x80008d4b
        3425000	       341	80000528	00b60723	sb	x11,14(x12)	 x12:0x80008ef3 x11:0x00000309 PA:0x80008f01
        3435000	       342	8000052c	ff9f0d03	lb	x26,-7(x30)	 x30:0x800088ce x26=0xffffffe7 PA:0x800088c7
        3445000	       343	80000530	ff060d83	lb	x27,-16(x12)	 x12:0x80008ef3 x27=0x00000033 PA:0x80008ee3
        3455000	       344	80000534	fc1c8623	sb	x1,-52(x25)	 x25:0x80008f65  x1:0xffffff76 PA:0x80008f31
        3465000	       345	80000538	038c8623	sb	x24,44(x25)	 x25:0x80008f65 x24:0x007fffe3 PA:0x80008f91
        3475000	       346	8000053c	00960683	lb	x13,9(x12)	 x12:0x80008ef3 x13=0x00000014 PA:0x80008efc
        3485000	       347	80000540	5a7a5e03	lhu	x28,1447(x20)	 x20:0x800089df x28=0x000030e5 PA:0x80008f86
        3495000	       348	80000544	000f5083	lhu	x1,0(x30)	 x30:0x800088ce  x1=0x00008d73 PA:0x800088ce
        3505000	       349	00000000	00000013	addi	x0,x0,0	  x0:0x00000000
        3515000	       350	80000548	001f0203	lb	x4,1(x30)	 x30:0x800088ce  x4=0xffffff8d PA:0x800088cf
        3525000	       351	8000054c	ffd65103	lhu	x2,-3(x12)	 x12:0x80008ef3  x2=0x0000ca04 PA:0x80008ef0
        3535000	       352	80000550	ffccc883	lbu	x17,-4(x25)	 x25:0x80008f65 x17=0x000000c0 PA:0x80008f61
        3545000	       353	80000554	00db0903	lb	x18,13(x22)	 x22:0x80008d75 x18=0x00000058 PA:0x80008d82
        3555000	       354	80000558	00d60803	lb	x16,13(x12)	 x12:0x80008ef3 x16=0x00000052 PA:0x80008f00
        3565000	       355	8000055c	ea0a4903	lbu	x18,-352(x20)	 x20:0x800089df x18=0x00000035 PA:0x8000887f
        3575000	       356	80000560	fe7b0a23	sb	x7,-12(x22)	 x22:0x80008d75  x7:0x800087f1 PA:0x80008d69
        3585000	       357	80000564	fe2f1d23	sh	x2,-6(x30)	 x30:0x800088ce  x2:0x0000ca04 PA:0x800088c8
        3595000	       358	80000568	3aba0623	sb	x11,940(x20)	 x20:0x800089df x11:0x00000309 PA:0x80008d8b
        3605000	       359	8000056c	ff464403	lbu	x8,-12(x12)	 x12:0x80008ef3  x8=0x0000004a PA:0x80008ee7
        3615000	       360	80000570	ff2c9fa3	sh	x18,-1(x25)	 x25:0x80008f65 x18:0x00000035 PA:0x80008f64
        3625000	       361	80000574	ffdb0d03	lb	x26,-3(x22)	 x22:0x80008d75 x26=0xffffffc0 PA:0x80008d72
        3635000	       362	80000578	00fb00a3	sb	x15,1(x22)	 x22:0x80008d75 x15:0x00000000 PA:0x80008d76
        3645000	       363	8000057c	fef60e23	sb	x15,-4(x12)	 x12:0x80008ef3 x15:0x00000000 PA:0x80008eef
        3655000	       364	80000580	490a0b23	sb	x16,1174(x20)	 x20:0x800089df x16:0x00000052 PA:0x80008e75
        3665000	       365	80000584	010b4883	lbu	x17,16(x22)	 x22:0x80008d75 x17=0x000000d0 PA:0x80008d85
        3675000	       366	80000588	29ea05a3	sb	x30,651(x20)	 x20:0x800089df x30:0x800088ce PA:0x80008c6a
        3685000	       367	8000058c	fe4f2b23	sw	x4,-10(x30)	 x30:0x800088ce  x4:0xffffff8d PA:0x800088c4
        3695000	       368	80000590	15aa0a23	sb	x26,340(x20)	 x20:0x800089df x26:0xffffffc0 PA:0x80008b33
        3705000	       369	80000594	fe2c8303	lb	x6,-30(x25)	 x25:0x80008f65  x6=0xffffffad PA:0x80008f47
        3715000	       370	80000598	028c8883	lb	x17,40(x25)	 x25:0x80008f65 x17=0xffffffd6 PA:0x80008f8d
        3725000	       371	8000059c	00008497	auipc	x9,0x8	  x9=0x80008598
        3735000	       372	800005a0	fcc48493	addi	x9,x9,-52	  x9:0x80008598  x9=0x80008564
        3745000	       373	800005a4	d3a6af37	lui	x30,0xd3a6a	 x30=0xd3a6a000
        3755000	       374	800005a8	01af3233	sltu	x4,x30,x26	 x30:0xd3a6a000 x26:0xffffffc0  x4=0x00000001
        3765000	       375	800005ac	ff44a303	lw	x6,-12(x9)	  x9:0x80008564  x6=0x6231fbc8 PA:0x80008558
        3775000	       376	800005b0	fff4aa23	sw	x31,-12(x9)	  x9:0x80008564 x31:0xffffffe5 PA:0x80008558
        3785000	       377	800005b4	ff449983	lh	x19,-12(x9)	  x9:0x80008564 x19=0xffffffe5 PA:0x80008558
        3795000	       378	800005b8	00570eb3	add	x29,x14,x5	 x14:0x00000005  x5:0x80009fc4 x29=0x80009fc9
        3805000	       379	800005bc	ff94ce83	lbu	x29,-7(x9)	  x9:0x80008564 x29=0x000000d1 PA:0x8000855d
        3815000	       380	800005c0	00a4cc03	lbu	x24,10(x9)	  x9:0x80008564 x24=0x000000be PA:0x8000856e
        3825000	       381	800005c4	00e49083	lh	x1,14(x9)	  x9:0x80008564  x1=0xffffce9d PA:0x80008572
        3835000	       382	800005c8	00e49583	lh	x11,14(x9)	  x9:0x80008564 x11=0xffffce9d PA:0x80008572
        3845000	       383	800005cc	00e49f03	lh	x30,14(x9)	  x9:0x80008564 x30=0xffffce9d PA:0x80008572
        3855000	       384	800005d0	00e48d83	lb	x27,14(x9)	  x9:0x80008564 x27=0xffffff9d PA:0x80008572
        3865000	       385	800005d4	ff249083	lh	x1,-14(x9)	  x9:0x80008564  x1=0xffffa77d PA:0x80008556
        3875000	       386	800005d8	ff24c203	lbu	x4,-14(x9)	  x9:0x80008564  x4=0x0000007d PA:0x80008556
        3885000	       387	800005dc	ff648aa3	sb	x22,-11(x9)	  x9:0x80008564 x22:0x80008d75 PA:0x80008559
        3895000	       388	800005e0	a632c213	xori	x4,x5,-1437	  x5:0x80009fc4  x4=0x7fff65a7
        3905000	       389	800005e4	ff84a083	lw	x1,-8(x9)	  x9:0x80008564  x1=0xfcccd175 PA:0x8000855c
        3915000	       390	800005e8	ffa48c23	sb	x26,-8(x9)	  x9:0x80008564 x26:0xffffffc0 PA:0x8000855c
        3925000	       391	800005ec	00e4c103	lbu	x2,14(x9)	  x9:0x80008564  x2=0x0000009d PA:0x80008572
        3935000	       392	800005f0	00e49a03	lh	x20,14(x9)	  x9:0x80008564 x20=0xffffce9d PA:0x80008572
        3945000	       393	800005f4	00008897	auipc	x17,0x8	 x17=0x800085f0
        3955000	       394	800005f8	21a88893	addi	x17,x17,538	 x17:0x800085f0 x17=0x8000880a
        3965000	       395	800005fc	007ae7b3	or	x15,x21,x7	 x21:0x00008156  x7:0x800087f1 x15=0x800087f7
        3975000	       396	80000600	00000013	addi	x0,x0,0	  x0:0x00000000
        3985000	       397	80000604	00277e33	and	x28,x14,x2	 x14:0x00000005  x2:0x0000009d x28=0x00000005
        3995000	       398	80000608	00288f03	lb	x30,2(x17)	 x17:0x8000880a x30=0xffffffa0 PA:0x8000880c
        4005000	       399	8000060c	00265133	srl	x2,x12,x2	 x12:0x80008ef3  x2:0x0000009d  x2=0x00000004
        4015000	       400	80000610	fd98ce03	lbu	x28,-39(x17)	 x17:0x8000880a x28=0x00000072 PA:0x800087e3
        4025000	       401	80000614	41170f33	sub	x30,x14,x17	 x14:0x00000005 x17:0x8000880a x30=0x7fff77fb
        4035000	       402	80000618	019c03b3	add	x7,x24,x25	 x24:0x000000be x25:0x80008f65  x7=0x80009023
        4045000	       403	8000061c	fe788b83	lb	x23,-25(x17)	 x17:0x8000880a x23=0xffffffbf PA:0x800087f1
        4055000	       404	80000620	63bf0913	addi	x18,x30,1595	 x30:0x7fff77fb x18=0x7fff7e36
        4065000	       405	80000624	019626b3	slt	x13,x12,x25	 x12:0x80008ef3 x25:0x80008f65 x13=0x00000001
        4075000	       406	80000628	fd4882a3	sb	x20,-59(x17)	 x17:0x8000880a x20:0xffffce9d PA:0x800087cf
        4085000	       407	8000062c	fdc89e03	lh	x28,-36(x17)	 x17:0x8000880a x28=0xffff83ec PA:0x800087e6
        4095000	       408	80000630	fc18c403	lbu	x8,-63(x17)	 x17:0x8000880a  x8=0x0000009f PA:0x800087cb
        4105000	       409	80000634	01f88023	sb	x31,0(x17)	 x17:0x8000880a x31:0xffffffe5 PA:0x8000880a
        4115000	       410	80000638	fd188e83	lb	x29,-47(x17)	 x17:0x8000880a x29=0x00000030 PA:0x800087db
        4125000	       411	8000063c	00c12e33	slt	x28,x2,x12	  x2:0x00000004 x12:0x80008ef3 x28=0x00000000
        4135000	       412	80000640	fe08dd03	lhu	x26,-32(x17)	 x17:0x8000880a x26=0x00006865 PA:0x800087ea
        4145000	       413	80000644	00000013	addi	x0,x0,0	  x0:0x00000000
        4155000	       414	80000648	fca88123	sb	x10,-62(x17)	 x17:0x8000880a x10:0x80009f84 PA:0x800087cc
        4165000	       415	8000064c	01fabab3	sltu	x21,x21,x31	 x21:0x00008156 x31:0xffffffe5 x21=0x00000001
        4175000	       416	80000650	00852833	slt	x16,x10,x8	 x10:0x80009f84  x8:0x0000009f x16=0x00000001
        4185000	       417	80000654	fe488d23	sb	x4,-6(x17)	 x17:0x8000880a  x4:0x7fff65a7 PA:0x80008804
        4195000	       418	80000658	8e2c0c97	auipc	x25,0x8e2c0	 x25=0x0e2c0654
        4205000	       419	8000065c	fc688ca3	sb	x6,-39(x17)	 x17:0x8000880a  x6:0x6231fbc8 PA:0x800087e3
        4215000	       420	80000660	fcd89a23	sh	x13,-44(x17)	 x17:0x8000880a x13:0x00000001 PA:0x800087de
        4225000	       421	80000664	fed8c183	lbu	x3,-19(x17)	 x17:0x8000880a  x3=0x000000ff PA:0x800087f7
        4235000	       422	80000668	ff389823	sh	x19,-16(x17)	 x17:0x8000880a x19:0xffffffe5 PA:0x800087fa
        4245000	       423	8000066c	011b5113	srli	x2,x22,0x11	 x22:0x80008d75  x2=0x00004000
        4255000	       424	80000670	fc389223	sh	x3,-60(x17)	 x17:0x8000880a  x3:0x000000ff PA:0x800087ce
        4265000	       425	80000674	fc988783	lb	x15,-55(x17)	 x17:0x8000880a x15=0xffffff9c PA:0x800087d3
        4275000	       426	80000678	fc68db03	lhu	x22,-58(x17)	 x17:0x8000880a x22=0x000069d6 PA:0x800087d0
        4285000	       427	8000067c	fc68a603	lw	x12,-58(x17)	 x17:0x8000880a x12=0x9cfb69d6 PA:0x800087d0
        4295000	       428	80000680	00340e33	add	x28,x8,x3	  x8:0x0000009f  x3:0x000000ff x28=0x0000019e
        4305000	       429	80000684	fd088583	lb	x11,-48(x17)	 x17:0x8000880a x11=0xfffffff9 PA:0x800087da
        4315000	       430	80000688	0c7bbc93	sltiu	x25,x23,199	 x23:0xffffffbf x25=0x00000000
        4325000	       431	8000068c	f350c013	xori	x0,x1,-203	  x1:0xfcccd175
        4335000	       432	80000690	fe288c83	lb	x25,-30(x17)	 x17:0x8000880a x25=0xffffffa8 PA:0x800087ec
        4345000	       433	00000000	00000013	addi	x0,x0,0	  x0:0x00000000
        4355000	       434	80000694	01989623	sh	x25,12(x17)	 x17:0x8000880a x25:0xffffffa8 PA:0x80008816
        4365000	       435	80000698	00788b03	lb	x22,7(x17)	 x17:0x8000880a x22=0x0000001d PA:0x80008811
        4375000	       436	8000069c	f7cdbf13	sltiu	x30,x27,-132	 x27:0xffffff9d x30=0x00000000
        4385000	       437	800006a0	01ea40b3	xor	x1,x20,x30	 x20:0xffffce9d x30:0x00000000  x1=0xffffce9d
        4395000	       438	800006a4	fca8a983	lw	x19,-54(x17)	 x17:0x8000880a x19=0x56aa2738 PA:0x800087d4
        4405000	       439	800006a8	54702317	auipc	x6,0x54702	  x6=0xd47026a4
        4415000	       440	800006ac	01389423	sh	x19,8(x17)	 x17:0x8000880a x19:0x56aa2738 PA:0x80008812
        4425000	       441	800006b0	011b1ab3	sll	x21,x22,x17	 x22:0x0000001d x17:0x8000880a x21=0x00007400
        4435000	       442	800006b4	fee88d03	lb	x26,-18(x17)	 x17:0x8000880a x26=0xffffffe3 PA:0x800087f8
        4445000	       443	800006b8	feb88683	lb	x13,-21(x17)	 x17:0x8000880a x13=0xffffffaa PA:0x800087f5
        4455000	       444	800006bc	ce117693	andi	x13,x2,-799	  x2:0x00004000 x13=0x00004000
        4465000	       445	800006c0	ffc89583	lh	x11,-4(x17)	 x17:0x8000880a x11=0x00002ef2 PA:0x80008806
        4475000	       446	800006c4	fc68a403	lw	x8,-58(x17)	 x17:0x8000880a  x8=0x9cfb69d6 PA:0x800087d0
        4485000	       447	800006c8	00008897	auipc	x17,0x8	 x17=0x800086c4
        4495000	       448	800006cc	e7588893	addi	x17,x17,-395	 x17:0x800086c4 x17=0x80008539
        4505000	       449	800006d0	012e01b3	add	x3,x28,x18	 x28:0x0000019e x18:0x7fff7e36  x3=0x7fff7fd4
        4515000	       450	800006d4	011fe7b3	or	x15,x31,x17	 x31:0xffffffe5 x17:0x80008539 x15=0xfffffffd
        4525000	       451	800006d8	00e8cd83	lbu	x27,14(x17)	 x17:0x80008539 x27=0x000000ed PA:0x80008547
        4535000	       452	800006dc	7becf993	andi	x19,x25,1982	 x25:0xffffffa8 x19=0x000007a8
        4545000	       453	800006e0	00488683	lb	x13,4(x17)	 x17:0x80008539 x13=0x00000044 PA:0x8000853d
        4555000	       454	800006e4	fff89983	lh	x19,-1(x17)	 x17:0x80008539 x19=0x00001743 PA:0x80008538
        4565000	       455	800006e8	00688f83	lb	x31,6(x17)	 x17:0x80008539 x31=0xffffff82 PA:0x8000853f
        4575000	       456	800006ec	00f8a7a3	sw	x15,15(x17)	 x17:0x80008539 x15:0xfffffffd PA:0x80008548
        4585000	       457	800006f0	01455d13	srli	x26,x10,0x14	 x10:0x80009f84 x26=0x00000800
        4595000	       458	800006f4	01837933	and	x18,x6,x24	  x6:0xd47026a4 x24:0x000000be x18=0x000000a4
        4605000	       459	800006f8	ff98de83	lhu	x29,-7(x17)	 x17:0x80008539 x29=0x00000af5 PA:0x80008532
        4615000	       460	00000000	00000013	addi	x0,x0,0	  x0:0x00000000
        4625000	       461	800006fc	ffd88d23	sb	x29,-6(x17)	 x17:0x80008539 x29:0x00000af5 PA:0x80008533
        4635000	       462	80000700	41498c33	sub	x24,x19,x20	 x19:0x00001743 x20:0xffffce9d x24=0x000048a6
        4645000	       463	80000704	00f189b3	add	x19,x3,x15	  x3:0x7fff7fd4 x15:0xfffffffd x19=0x7fff7fd1
        4655000	       464	80000708	003d5433	srl	x8,x26,x3	 x26:0x00000800  x3:0x7fff7fd4  x8=0x00000000
        4665000	       465	8000070c	00989003	lh	x0,9(x17)	 x17:0x80008539 PA:0x80008542
        4675000	       466	80000710	00c8a3a3	sw	x12,7(x17)	 x17:0x80008539 x12:0x9cfb69d6 PA:0x80008540
        4685000	       467	80000714	e030c993	xori	x19,x1,-509	  x1:0xffffce9d x19=0x0000309e
        4695000	       468	80000718	557faf93	slti	x31,x31,1367	 x31:0xffffff82 x31=0x00000001
        4705000	       469	8000071c	ffb89383	lh	x7,-5(x17)	 x17:0x80008539  x7=0xfffffc1f PA:0x80008534
        4715000	       470	80000720	019c8d33	add	x26,x25,x25	 x25:0xffffffa8 x25:0xffffffa8 x26=0xffffff50
        4725000	       471	80000724	006709b3	add	x19,x14,x6	 x14:0x00000005  x6:0xd47026a4 x19=0xd47026a9
        4735000	       472	80000728	00789003	lh	x0,7(x17)	 x17:0x80008539 PA:0x80008540
        4745000	       473	8000072c	00e087b3	add	x15,x1,x14	  x1:0xffffce9d x14:0x00000005 x15=0xffffcea2
        4755000	       474	80000730	002897a3	sh	x2,15(x17)	 x17:0x80008539  x2:0x00004000 PA:0x80008548
        4765000	       475	80000734	00000013	addi	x0,x0,0	  x0:0x00000000
        4775000	       476	80000738	ff288183	lb	x3,-14(x17)	 x17:0x80008539  x3=0xffffff90 PA:0x8000852b
        4785000	       477	8000073c	0088c803	lbu	x16,8(x17)	 x17:0x80008539 x16=0x00000069 PA:0x80008541
        4795000	       478	80000740	00008b17	auipc	x22,0x8	 x22=0x8000873c
        4805000	       479	80000744	0c8b0b13	addi	x22,x22,200	 x22:0x8000873c x22=0x80008804
        4815000	       480	80000748	ff6b1623	sh	x22,-20(x22)	 x22:0x80008804 x22:0x80008804 PA:0x800087f0
        4825000	       481	8000074c	fe5b0903	lb	x18,-27(x22)	 x22:0x80008804 x18=0xffffff9f PA:0x800087e9
        4835000	       482	80000750	fcfb4083	lbu	x1,-49(x22)	 x22:0x80008804  x1=0x0000009c PA:0x800087d3
        4845000	       483	80000754	fd2b0903	lb	x18,-46(x22)	 x22:0x80008804 x18=0xffffffaa PA:0x800087d6
        4855000	       484	80000758	00008117	auipc	x2,0x8	  x2=0x80008754
        4865000	       485	8000075c	ca210113	addi	x2,x2,-862	  x2:0x80008754  x2=0x800083f6
        4875000	       486	80000760	dc514403	lbu	x8,-571(x2)	  x2:0x800083f6  x8=0x0000007e PA:0x800081bb
        4885000	       487	80000764	3cf10323	sb	x15,966(x2)	  x2:0x800083f6 x15:0xffffcea2 PA:0x800087bc
        4895000	       488	80000768	3bb11123	sh	x27,930(x2)	  x2:0x800083f6 x27:0x000000ed PA:0x80008798
        4905000	       489	8000076c	c9114303	lbu	x6,-879(x2)	  x2:0x800083f6  x6=0x000000d7 PA:0x80008087
        4915000	       490	80000770	da414303	lbu	x6,-604(x2)	  x2:0x800083f6  x6=0x000000cf PA:0x8000819a
        4925000	       491	80000774	fd5b0303	lb	x6,-43(x22)	 x22:0x80008804  x6=0xfffffffd PA:0x800087d9
        4935000	       492	80000778	fc8b1883	lh	x17,-56(x22)	 x22:0x80008804 x17=0x00005a84 PA:0x800087cc
        4945000	       493	8000077c	ffcb2303	lw	x6,-4(x22)	 x22:0x80008804  x6=0x050056ce PA:0x80008800
        4955000	       494	80000780	fd0b5003	lhu	x0,-48(x22)	 x22:0x80008804 PA:0x800087d4
        4965000	       495	80000784	39815603	lhu	x12,920(x2)	  x2:0x800083f6 x12=0x0000e85d PA:0x8000878e
        4975000	       496	80000788	00008397	auipc	x7,0x8	  x7=0x80008784
        4985000	       497	8000078c	f4b38393	addi	x7,x7,-181	  x7:0x80008784  x7=0x800086cf
        4995000	       498	80000790	00008217	auipc	x4,0x8	  x4=0x8000878c
        5005000	       499	80000794	c3020213	addi	x4,x4,-976	  x4:0x8000878c  x4=0x800083bc
        5015000	       500	80000798	b3539a03	lh	x20,-1227(x7)	  x7:0x800086cf x20=0xffff9da2 PA:0x80008204
        5025000	       501	8000079c	fe324083	lbu	x1,-29(x4)	  x4:0x800083bc  x1=0x000000dc PA:0x8000839f
        5035000	       502	800007a0	a9438fa3	sb	x20,-1377(x7)	  x7:0x800086cf x20:0xffff9da2 PA:0x8000816e
        5045000	       503	800007a4	03c21723	sh	x28,46(x4)	  x4:0x800083bc x28:0x0000019e PA:0x800083ea
        5055000	       504	800007a8	acb38da3	sb	x11,-1317(x7)	  x7:0x800086cf x11:0x00002ef2 PA:0x800081aa
        5065000	       505	800007ac	fea20e83	lb	x29,-22(x4)	  x4:0x800083bc x29=0xffffffa9 PA:0x800083a6
        5075000	       506	800007b0	0373c103	lbu	x2,55(x7)	  x7:0x800086cf  x2=0x00000062 PA:0x80008706
        5085000	       507	800007b4	01225003	lhu	x0,18(x4)	  x4:0x800083bc PA:0x800083ce
        5095000	       508	800007b8	a78393a3	sh	x24,-1433(x7)	  x7:0x800086cf x24:0x000048a6 PA:0x80008136
        5105000	       509	800007bc	00b24d03	lbu	x26,11(x4)	  x4:0x800083bc x26=0x000000b1 PA:0x800083c7
        5115000	       510	800007c0	00008997	auipc	x19,0x8	 x19=0x800087bc
        5125000	       511	800007c4	fb998993	addi	x19,x19,-71	 x19:0x800087bc x19=0x80008775
        5135000	       512	800007c8	00053833	sltu	x16,x10,x0	 x10:0x80009f84  x0:0x00000000 x16=0x00000000
        5145000	       513	800007cc	9009c603	lbu	x12,-1792(x19)	 x19:0x80008775 x12=0x00000083 PA:0x80008075
        5155000	       514	800007d0	9da9ca83	lbu	x21,-1574(x19)	 x19:0x80008775 x21=0x00000042 PA:0x8000814f
        5165000	       515	800007d4	beb9dd03	lhu	x26,-1045(x19)	 x19:0x80008775 x26=0x0000205a PA:0x80008360
        5175000	       516	800007d8	dce98d23	sb	x14,-550(x19)	 x19:0x80008775 x14:0x00000005 PA:0x8000854f
        5185000	       517	800007dc	c619cb83	lbu	x23,-927(x19)	 x19:0x80008775 x23=0x000000d8 PA:0x800083d6
        5195000	       518	800007e0	a0b46893	ori	x17,x8,-1525	  x8:0x0000007e x17=0xfffffa7f
        5205000	       519	800007e4	0187e933	or	x18,x15,x24	 x15:0xffffcea2 x24:0x000048a6 x18=0xffffcea6
        5215000	       520	800007e8	d689c203	lbu	x4,-664(x19)	 x19:0x80008775  x4=0x00000065 PA:0x800084dd
        5225000	       521	800007ec	b609ce03	lbu	x28,-1184(x19)	 x19:0x80008775 x28=0x0000007d PA:0x800082d5
        5235000	       522	800007f0	e42993a3	sh	x2,-441(x19)	 x19:0x80008775  x2:0x00000062 PA:0x800085bc
        5245000	       523	800007f4	01dc1833	sll	x16,x24,x29	 x24:0x000048a6 x29:0xffffffa9 x16=0x00914c00
        5255000	       524	800007f8	00735a93	srli	x21,x6,0x7	  x6:0x050056ce x21=0x000a00ad
        5265000	       525	800007fc	c4dd8f37	lui	x30,0xc4dd8	 x30=0xc4dd8000
        5275000	       526	80000800	ae1982a3	sb	x1,-1307(x19)	 x19:0x80008775  x1:0x000000dc PA:0x8000825a
        5285000	       527	80000804	4ae32c13	slti	x24,x6,1198	  x6:0x050056ce x24=0x00000000
        5295000	       528	80000808	00000013	addi	x0,x0,0	  x0:0x00000000
        5305000	       529	8000080c	e5f99e83	lh	x29,-417(x19)	 x19:0x80008775 x29=0x0000589a PA:0x800085d4
        5315000	       530	80000810	aec98c83	lb	x25,-1300(x19)	 x19:0x80008775 x25=0xffffffd6 PA:0x80008261
        5325000	       531	00000000	00000013	addi	x0,x0,0	  x0:0x00000000
        5335000	       532	80000814	a599da83	lhu	x21,-1447(x19)	 x19:0x80008775 x21=0x000097d6 PA:0x800081ce
        5345000	       533	80000818	c499c683	lbu	x13,-951(x19)	 x19:0x80008775 x13=0x0000000b PA:0x800083be
        5355000	       534	8000081c	a6599103	lh	x2,-1435(x19)	 x19:0x80008775  x2=0x00002ca0 PA:0x800081da
        5365000	       535	80000820	d929c883	lbu	x17,-622(x19)	 x19:0x80008775 x17=0x00000065 PA:0x80008507
        5375000	       536	80000824	8ea9c183	lbu	x3,-1814(x19)	 x19:0x80008775  x3=0x00000062 PA:0x8000805f
        5385000	       537	80000828	c2e9c303	lbu	x6,-978(x19)	 x19:0x80008775  x6=0x0000003e PA:0x800083a3
        5395000	       538	8000082c	fa99de83	lhu	x29,-87(x19)	 x19:0x80008775 x29=0x0000df5f PA:0x8000871e
        5405000	       539	80000830	a01cbb13	sltiu	x22,x25,-1535	 x25:0xffffffd6 x22=0x00000000
        5415000	       540	80000834	8e099da3	sh	x0,-1797(x19)	 x19:0x80008775  x0:0x00000000 PA:0x80008070
        5425000	       541	80000838	faf9a883	lw	x17,-81(x19)	 x19:0x80008775 x17=0xa568c2dc PA:0x80008724
        5435000	       542	8000083c	f4f98d23	sb	x15,-166(x19)	 x19:0x80008775 x15:0xffffcea2 PA:0x800086cf
        5445000	       543	80000840	febf3837	lui	x16,0xfebf3	 x16=0xfebf3000
        5455000	       544	80000844	9b699ea3	sh	x22,-1603(x19)	 x19:0x80008775 x22:0x00000000 PA:0x80008132
        5465000	       545	80000848	00008117	auipc	x2,0x8	  x2=0x80008844
        5475000	       546	8000084c	6c010113	addi	x2,x2,1728	  x2:0x80008844  x2=0x80008f04
        5485000	       547	80000850	00710483	lb	x9,7(x2)	  x2:0x80008f04  x9=0x00000023 PA:0x80008f0b
        5495000	       548	80000854	018103a3	sb	x24,7(x2)	  x2:0x80008f04 x24:0x00000000 PA:0x80008f0b
        5505000	       549	80000858	01112023	sw	x17,0(x2)	  x2:0x80008f04 x17:0xa568c2dc PA:0x80008f04
        5515000	       550	8000085c	412df7b7	lui	x15,0x412df	 x15=0x412df000
        5525000	       551	80000860	00c65d33	srl	x26,x12,x12	 x12:0x00000083 x12:0x00000083 x26=0x00000010
        5535000	       552	80000864	00015803	lhu	x16,0(x2)	  x2:0x80008f04 x16=0x0000c2dc PA:0x80008f04
        5545000	       553	80000868	40865493	srai	x9,x12,0x8	 x12:0x00000083  x9=0x00000000
        5555000	       554	8000086c	00111023	sh	x1,0(x2)	  x2:0x80008f04  x1:0x000000dc PA:0x80008f04
        5565000	       555	80000870	6c3c0eb7	lui	x29,0x6c3c0	 x29=0x6c3c0000
        5575000	       556	80000874	fec10fa3	sb	x12,-1(x2)	  x2:0x80008f04 x12:0x00000083 PA:0x80008f03
        5585000	       557	80000878	fff10c03	lb	x24,-1(x2)	  x2:0x80008f04 x24=0xffffff83 PA:0x80008f03
        5595000	       558	8000087c	fff14f83	lbu	x31,-1(x2)	  x2:0x80008f04 x31=0x00000083 PA:0x80008f03
        5605000	       559	80000880	fe010fa3	sb	x0,-1(x2)	  x2:0x80008f04  x0:0x00000000 PA:0x80008f03
        5615000	       560	80000884	fff14a83	lbu	x21,-1(x2)	  x2:0x80008f04 x21=0x00000000 PA:0x80008f03
        5625000	       561	80000888	00a15d83	lhu	x27,10(x2)	  x2:0x80008f04 x27=0x00001740 PA:0x80008f0e
        5635000	       562	8000088c	00a10403	lb	x8,10(x2)	  x2:0x80008f04  x8=0x00000040 PA:0x80008f0e
        5645000	       563	80000890	00510783	lb	x15,5(x2)	  x2:0x80008f04 x15=0xffffffcc PA:0x80008f09
        5655000	       564	80000894	00514003	lbu	x0,5(x2)	  x2:0x80008f04 PA:0x80008f09
        5665000	       565	80000898	00d102a3	sb	x13,5(x2)	  x2:0x80008f04 x13:0x0000000b PA:0x80008f09
        5675000	       566	8000089c	ff011603	lh	x12,-16(x2)	  x2:0x80008f04 x12=0xffffa7ec PA:0x80008ef4
        5685000	       567	800008a0	00012783	lw	x15,0(x2)	  x2:0x80008f04 x15=0xa56800dc PA:0x80008f04
        5695000	       568	800008a4	00008117	auipc	x2,0x8	  x2=0x800088a0
        5705000	       569	800008a8	ed610113	addi	x2,x2,-298	  x2:0x800088a0  x2=0x80008776
        5715000	       570	800008ac	40315413	srai	x8,x2,0x3	  x2:0x80008776  x8=0xf00010ee
        5725000	       571	800008b0	40fbdb93	srai	x23,x23,0xf	 x23:0x000000d8 x23=0x00000000
        5735000	       572	800008b4	e4e3ed93	ori	x27,x7,-434	  x7:0x800086cf x27=0xfffffecf
        5745000	       573	800008b8	ff815383	lhu	x7,-8(x2)	  x2:0x80008776  x7=0x0000b33f PA:0x8000876e
        5755000	       574	800008bc	01fbadb3	slt	x27,x23,x31	 x23:0x00000000 x31:0x00000083 x27=0x00000001
        5765000	       575	800008c0	ff610e23	sb	x22,-4(x2)	  x2:0x80008776 x22:0x00000000 PA:0x80008772
        5775000	       576	800008c4	ff415603	lhu	x12,-12(x2)	  x2:0x80008776 x12=0x00003f0f PA:0x8000876a
        5785000	       577	800008c8	fff14f03	lbu	x30,-1(x2)	  x2:0x80008776 x30=0x00000054 PA:0x80008775
        5795000	       578	800008cc	ff211983	lh	x19,-14(x2)	  x2:0x80008776 x19=0xffff80f3 PA:0x80008768
        5805000	       579	800008d0	00025ab3	srl	x21,x4,x0	  x4:0x00000065  x0:0x00000000 x21=0x00000065
        5815000	       580	800008d4	ff615003	lhu	x0,-10(x2)	  x2:0x80008776 PA:0x8000876c
        5825000	       581	800008d8	17f53cb7	lui	x25,0x17f53	 x25=0x17f53000
        5835000	       582	800008dc	011e8fb3	add	x31,x29,x17	 x29:0x6c3c0000 x17:0xa568c2dc x31=0x11a4c2dc
        5845000	       583	800008e0	01910823	sb	x25,16(x2)	  x2:0x80008776 x25:0x17f53000 PA:0x80008786
        5855000	       584	800008e4	00710803	lb	x16,7(x2)	  x2:0x80008776 x16=0x0000000f PA:0x8000877d
        5865000	       585	800008e8	feb10823	sb	x11,-16(x2)	  x2:0x80008776 x11:0x00002ef2 PA:0x80008766
        5875000	       586	800008ec	00706433	or	x8,x0,x7	  x0:0x00000000  x7:0x0000b33f  x8=0x0000b33f
        5885000	       587	800008f0	ff815803	lhu	x16,-8(x2)	  x2:0x80008776 x16=0x0000b33f PA:0x8000876e
        5895000	       588	800008f4	00312523	sw	x3,10(x2)	  x2:0x80008776  x3:0x00000062 PA:0x80008780
        5905000	       589	800008f8	ce293c93	sltiu	x25,x18,-798	 x18:0xffffcea6 x25=0x00000001
        5915000	       590	800008fc	01f4b033	sltu	x0,x9,x31	  x9:0x00000000 x31:0x11a4c2dc
        5925000	       591	80000900	dcc3a813	slti	x16,x7,-564	  x7:0x0000b33f x16=0x00000000
        5935000	       592	80000904	00415403	lhu	x8,4(x2)	  x2:0x80008776  x8=0x00007b23 PA:0x8000877a
        5945000	       593	80000908	36bb0493	addi	x9,x22,875	 x22:0x00000000  x9=0x0000036b
        5955000	       594	8000090c	00310a83	lb	x21,3(x2)	  x2:0x80008776 x21=0x0000000c PA:0x80008779
        5965000	       595	80000910	ff411c03	lh	x24,-12(x2)	  x2:0x80008776 x24=0x00003f0f PA:0x8000876a
        5975000	       596	80000914	00008e17	auipc	x28,0x8	 x28=0x80008910
        5985000	       597	80000918	ed0e0e13	addi	x28,x28,-304	 x28:0x80008910 x28=0x800087e0
        5995000	       598	8000091c	011e0823	sb	x17,16(x28)	 x28:0x800087e0 x17:0xa568c2dc PA:0x800087f0
        6005000	       599	80000920	00008917	auipc	x18,0x8	 x18=0x8000891c
        6015000	       600	80000924	dea90913	addi	x18,x18,-534	 x18:0x8000891c x18=0x80008706
        6025000	       601	80000928	e4b906a3	sb	x11,-435(x18)	 x18:0x80008706 x11:0x00002ef2 PA:0x80008553
        6035000	       602	8000092c	00008597	auipc	x11,0x8	 x11=0x80008928
        6045000	       603	80000930	aa358593	addi	x11,x11,-1373	 x11:0x80008928 x11=0x800083cb
        6055000	       604	80000934	00008a97	auipc	x21,0x8	 x21=0x80008930
        6065000	       605	80000938	c76a8a93	addi	x21,x21,-906	 x21:0x80008930 x21=0x800085a6
        6075000	       606	8000093c	de35d603	lhu	x12,-541(x11)	 x11:0x800083cb x12=0x000040fe PA:0x800081ae
        6085000	       607	80000940	bfa92403	lw	x8,-1030(x18)	 x18:0x80008706  x8=0x74829814 PA:0x80008300
        6095000	       608	80000944	28e5c983	lbu	x19,654(x11)	 x11:0x800083cb x19=0x0000009b PA:0x80008659
        6105000	       609	80000948	00008897	auipc	x17,0x8	 x17=0x80008944
        6115000	       610	8000094c	cd388893	addi	x17,x17,-813	 x17:0x80008944 x17=0x80008617
        6125000	       611	80000950	b9691a03	lh	x20,-1130(x18)	 x18:0x80008706 x20=0xffffaa01 PA:0x8000829c
        6135000	       612	80000954	3295ad03	lw	x26,809(x11)	 x11:0x800083cb x26=0x9ed9d894 PA:0x800086f4
        6145000	       613	80000958	05389203	lh	x4,83(x17)	 x17:0x80008617  x4=0x00007606 PA:0x8000866a
        6155000	       614	8000095c	9d194083	lbu	x1,-1583(x18)	 x18:0x80008706  x1=0x0000001e PA:0x800080d7
        6165000	       615	80000960	bb094a03	lbu	x20,-1104(x18)	 x18:0x80008706 x20=0x000000c9 PA:0x800082b6
        6175000	       616	80000964	fdb88d03	lb	x26,-37(x17)	 x17:0x80008617 x26=0x00000027 PA:0x800085f2
        6185000	       617	80000968	fe0e2e23	sw	x0,-4(x28)	 x28:0x800087e0  x0:0x00000000 PA:0x800087dc
        6195000	       618	8000096c	fd888d03	lb	x26,-40(x17)	 x17:0x80008617 x26=0xffffffc4 PA:0x800085ef
        6205000	       619	80000970	9ed90ea3	sb	x13,-1539(x18)	 x18:0x80008706 x13:0x0000000b PA:0x80008103
        6215000	       620	80000974	010a8383	lb	x7,16(x21)	 x21:0x800085a6  x7=0x0000000f PA:0x800085b6
        6225000	       621	80000978	02c8c003	lbu	x0,44(x17)	 x17:0x80008617 PA:0x80008643
        6235000	       622	8000097c	00caa723	sw	x12,14(x21)	 x21:0x800085a6 x12:0x000040fe PA:0x800085b4
        6245000	       623	80000980	005e4383	lbu	x7,5(x28)	 x28:0x800087e0  x7=0x00000038 PA:0x800087e5
        6255000	       624	80000984	0b295483	lhu	x9,178(x18)	 x18:0x80008706  x9=0x0000fdd9 PA:0x800087b8
        6265000	       625	80000988	fd789b83	lh	x23,-41(x17)	 x17:0x80008617 x23=0xffffc433 PA:0x800085ee
        6275000	       626	8000098c	ff6acc83	lbu	x25,-10(x21)	 x21:0x800085a6 x25=0x000000ed PA:0x8000859c
        6285000	       627	80000990	0c08cb83	lbu	x23,192(x17)	 x17:0x80008617 x23=0x00000093 PA:0x800086d7
        6295000	       628	80000994	00ce02a3	sb	x12,5(x28)	 x28:0x800087e0 x12:0x000040fe PA:0x800087e5
        6305000	       629	80000998	011a83a3	sb	x17,7(x21)	 x21:0x800085a6 x17:0x80008617 PA:0x800085ad
        6315000	       630	8000099c	2d758e83	lb	x29,727(x11)	 x11:0x800083cb x29=0x00000033 PA:0x800086a2
        6325000	       631	800009a0	ff3e4803	lbu	x16,-13(x28)	 x28:0x800087e0 x16=0x0000009c PA:0x800087d3
        6335000	       632	800009a4	004ad303	lhu	x6,4(x21)	 x21:0x800085a6  x6=0x000071c6 PA:0x800085aa
        6345000	       633	800009a8	9b194683	lbu	x13,-1615(x18)	 x18:0x80008706 x13=0x00000062 PA:0x800080b7
        6355000	       634	800009ac	f40894a3	sh	x0,-183(x17)	 x17:0x80008617  x0:0x00000000 PA:0x80008560
        6365000	       635	800009b0	06b5ca03	lbu	x20,107(x11)	 x11:0x800083cb x20=0x0000004d PA:0x80008436
        6375000	       636	800009b4	ff6e5983	lhu	x19,-10(x28)	 x28:0x800087e0 x19=0x000056aa PA:0x800087d6
        6385000	       637	800009b8	002e0303	lb	x6,2(x28)	 x28:0x800087e0  x6=0xffffffd0 PA:0x800087e2
        6395000	       638	800009bc	9a394b83	lbu	x23,-1629(x18)	 x18:0x80008706 x23=0x000000ca PA:0x800080a9
        6405000	       639	800009c0	dd091683	lh	x13,-560(x18)	 x18:0x80008706 x13=0x00004f19 PA:0x800084d6
        6415000	       640	800009c4	ff3acc83	lbu	x25,-13(x21)	 x21:0x800085a6 x25=0x0000004f PA:0x80008599
        6425000	       641	800009c8	fef88783	lb	x15,-17(x17)	 x17:0x80008617 x15=0xffffff84 PA:0x80008606
        6435000	       642	800009cc	03a61a63	bne	x12,x26,80000a00	 x12:0x000040fe x26:0xffffffc4
        6445000	       643	00000000	00000013	addi	x0,x0,0	  x0:0x00000000
        6455000	       644	800009fc	00000013	addi	x0,x0,0	  x0:0x00000000
        6465000	       645	80000a00	01f9f863	bgeu	x19,x31,80000a10	 x19:0x000056aa x31:0x11a4c2dc
        6475000	       646	80000a04	05ba7263	bgeu	x20,x27,80000a48	 x20:0x0000004d x27:0x00000001
        6485000	       647	00000000	00000013	addi	x0,x0,0	  x0:0x00000000
        6495000	       648	80000a44	00000013	addi	x0,x0,0	  x0:0x00000000
        6505000	       649	80000a48	c7abdcb7	lui	x25,0xc7abd	 x25=0xc7abd000
        6515000	       650	80000a4c	013189b3	add	x19,x3,x19	  x3:0x00000062 x19:0x000056aa x19=0x0000570c
        6525000	       651	80000a50	00fe4ab3	xor	x21,x28,x15	 x28:0x800087e0 x15:0xffffff84 x21=0x7fff7864
        6535000	       652	80000a54	015d9433	sll	x8,x27,x21	 x27:0x00000001 x21:0x7fff7864  x8=0x00000010
        6545000	       653	80000a58	01e97233	and	x4,x18,x30	 x18:0x80008706 x30:0x00000054  x4=0x00000004
        6555000	       654	80000a5c	019e9f13	slli	x30,x29,0x19	 x29:0x00000033 x30=0x66000000
        6565000	       655	80000a60	40415413	srai	x8,x2,0x4	  x2:0x80008776  x8=0xf8000877
        6575000	       656	80000a64	059d7493	andi	x9,x26,89	 x26:0xffffffc4  x9=0x00000040
        6585000	       657	80000a68	fdd9a093	slti	x1,x19,-35	 x19:0x0000570c  x1=0x00000000
        6595000	       658	80000a6c	404954b3	sra	x9,x18,x4	 x18:0x80008706  x4:0x00000004  x9=0xf8000870
        6605000	       659	80000a70	0500c263	blt	x1,x16,80000ab4	  x1:0x00000000 x16:0x0000009c
        6615000	       660	00000000	00000013	addi	x0,x0,0	  x0:0x00000000
        6625000	       661	80000ab0	00000013	addi	x0,x0,0	  x0:0x00000000
        6635000	       662	80000ab4	00a88e63	beq	x17,x10,80000ad0	 x17:0x80008617 x10:0x80009f84
        6645000	       663	80000ab8	404a5613	srai	x12,x20,0x4	 x20:0x0000004d x12=0x00000004
        6655000	       664	80000abc	01dcacb3	slt	x25,x25,x29	 x25:0xc7abd000 x29:0x00000033 x25=0x00000001
        6665000	       665	80000ac0	4a926197	auipc	x3,0x4a926	  x3=0xca926abc
        6675000	       666	80000ac4	00e6f133	and	x2,x13,x14	 x13:0x00004f19 x14:0x00000005  x2=0x00000001
        6685000	       667	80000ac8	026d4463	blt	x26,x6,80000af0	 x26:0xffffffc4  x6:0xffffffd0
        6695000	       668	00000000	00000013	addi	x0,x0,0	  x0:0x00000000
        6705000	       669	80000aec	00000013	addi	x0,x0,0	  x0:0x00000000
        6715000	       670	80000af0	01bd7c63	bgeu	x26,x27,80000b08	 x26:0xffffffc4 x27:0x00000001
        6725000	       671	00000000	00000013	addi	x0,x0,0	  x0:0x00000000
        6735000	       672	80000b04	00000013	addi	x0,x0,0	  x0:0x00000000
        6745000	       673	80000b08	bf250913	addi	x18,x10,-1038	 x10:0x80009f84 x18=0x80009b76
        6755000	       674	80000b0c	db5a0313	addi	x6,x20,-587	 x20:0x0000004d  x6=0xfffffe02
        6765000	       675	80000b10	0342ca63	blt	x5,x20,80000b44	  x5:0x80009fc4 x20:0x0000004d
        6775000	       676	00000000	00000013	addi	x0,x0,0	  x0:0x00000000
        6785000	       677	80000b40	00000013	addi	x0,x0,0	  x0:0x00000000
        6795000	       678	80000b44	009f4663	blt	x30,x9,80000b50	 x30:0x66000000  x9:0xf8000870
        6805000	       679	80000b48	017d6a33	or	x20,x26,x23	 x26:0xffffffc4 x23:0x000000ca x20=0xffffffce
        6815000	       680	80000b4c	d460b413	sltiu	x8,x1,-698	  x1:0x00000000  x8=0x00000001
        6825000	       681	80000b50	009d9393	slli	x7,x27,0x9	 x27:0x00000001  x7=0x00000200
        6835000	       682	80000b54	2a2cba13	sltiu	x20,x25,674	 x25:0x00000001 x20=0x00000001
        6845000	       683	80000b58	40290db3	sub	x27,x18,x2	 x18:0x80009b76  x2:0x00000001 x27=0x80009b75
        6855000	       684	80000b5c	050a7663	bgeu	x20,x16,80000ba8	 x20:0x00000001 x16:0x0000009c
        6865000	       685	80000b60	41d250b3	sra	x1,x4,x29	  x4:0x00000004 x29:0x00000033  x1=0x00000000
        6875000	       686	80000b64	01a6d433	srl	x8,x13,x26	 x13:0x00004f19 x26:0xffffffc4  x8=0x000004f1
        6885000	       687	80000b68	009edd93	srli	x27,x29,0x9	 x29:0x00000033 x27=0x00000000
        6895000	       688	80000b6c	ffb14e13	xori	x28,x2,-5	  x2:0x00000001 x28=0xfffffffa
        6905000	       689	80000b70	0097c1b3	xor	x3,x15,x9	 x15:0xffffff84  x9:0xf8000870  x3=0x07fff7f4
        6915000	       690	80000b74	69a7cd13	xori	x26,x15,1690	 x15:0xffffff84 x26=0xfffff91e
        6925000	       691	80000b78	02e40863	beq	x8,x14,80000ba8	  x8:0x000004f1 x14:0x00000005
        6935000	       692	80000b7c	04a0d063	bge	x1,x10,80000bbc	  x1:0x00000000 x10:0x80009f84
        6945000	       693	00000000	00000013	addi	x0,x0,0	  x0:0x00000000
        6955000	       694	80000bb8	00000013	addi	x0,x0,0	  x0:0x00000000
        6965000	       695	80000bbc	00c65a63	bge	x12,x12,80000bd0	 x12:0x00000004 x12:0x00000004
        6975000	       696	00000000	00000013	addi	x0,x0,0	  x0:0x00000000
        6985000	       697	80000bcc	00000013	addi	x0,x0,0	  x0:0x00000000
        6995000	       698	80000bd0	010e8033	add	x0,x29,x16	 x29:0x00000033 x16:0x0000009c
        7005000	       699	80000bd4	012b6cb3	or	x25,x22,x18	 x22:0x00000000 x18:0x80009b76 x25=0x80009b76
        7015000	       700	80000bd8	043e6063	bltu	x28,x3,80000c18	 x28:0xfffffffa  x3:0x07fff7f4
        7025000	       701	80000bdc	00000013	addi	x0,x0,0	  x0:0x00000000
        7035000	       702	80000be0	00000013	addi	x0,x0,0	  x0:0x00000000
        7045000	       703	80000be4	0062cdb3	xor	x27,x5,x6	  x5:0x80009fc4  x6:0xfffffe02 x27=0x7fff61c6
        7055000	       704	80000be8	302c47b7	lui	x15,0x302c4	 x15=0x302c4000
        7065000	       705	80000bec	202b8093	addi	x1,x23,514	 x23:0x000000ca  x1=0x000002cc
        7075000	       706	80000bf0	013a9233	sll	x4,x21,x19	 x21:0x7fff7864 x19:0x0000570c  x4=0xf7864000
        7085000	       707	80000bf4	028e9463	bne	x29,x8,80000c1c	 x29:0x00000033  x8:0x000004f1
        7095000	       708	00000000	00000013	addi	x0,x0,0	  x0:0x00000000
        7105000	       709	80000c18	00000013	addi	x0,x0,0	  x0:0x00000000
        7115000	       710	80000c1c	03fe1a63	bne	x28,x31,80000c50	 x28:0xfffffffa x31:0x11a4c2dc
        7125000	       711	00000000	00000013	addi	x0,x0,0	  x0:0x00000000
        7135000	       712	80000c4c	00000013	addi	x0,x0,0	  x0:0x00000000
        7145000	       713	80000c50	01ea3d33	sltu	x26,x20,x30	 x20:0x00000001 x30:0x66000000 x26=0x00000001
        7155000	       714	80000c54	014d2133	slt	x2,x26,x20	 x26:0x00000001 x20:0x00000001  x2=0x00000000
        7165000	       715	80000c58	0463e263	bltu	x7,x6,80000c9c	  x7:0x00000200  x6:0xfffffe02
        7175000	       716	00000000	00000013	addi	x0,x0,0	  x0:0x00000000
        7185000	       717	80000c98	00000013	addi	x0,x0,0	  x0:0x00000000
        7195000	       718	80000c9c	00925213	srli	x4,x4,0x9	  x4:0xf7864000  x4=0x007bc320
        7205000	       719	80000ca0	03c76c63	bltu	x14,x28,80000cd8	 x14:0x00000005 x28:0xfffffffa
        7215000	       720	00000000	00000013	addi	x0,x0,0	  x0:0x00000000
        7225000	       721	80000cd4	00000013	addi	x0,x0,0	  x0:0x00000000
        7235000	       722	80000cd8	0524e663	bltu	x9,x18,80000d24	  x9:0xf8000870 x18:0x80009b76
        7245000	       723	80000cdc	042d9863	bne	x27,x2,80000d2c	 x27:0x7fff61c6  x2:0x00000000
        7255000	       724	00000000	00000013	addi	x0,x0,0	  x0:0x00000000
        7265000	       725	80000d28	00000013	addi	x0,x0,0	  x0:0x00000000
        7275000	       726	80000d2c	01290eb3	add	x29,x18,x18	 x18:0x80009b76 x18:0x80009b76 x29=0x000136ec
        7285000	       727	80000d30	04978263	beq	x15,x9,80000d74	 x15:0x302c4000  x9:0xf8000870
        7295000	       728	80000d34	35bdb913	sltiu	x18,x27,859	 x27:0x7fff61c6 x18=0x00000000
        7305000	       729	80000d38	051f7263	bgeu	x30,x17,80000d7c	 x30:0x66000000 x17:0x80008617
        7315000	       730	80000d3c	02e99663	bne	x19,x14,80000d68	 x19:0x0000570c x14:0x00000005
        7325000	       731	00000000	00000013	addi	x0,x0,0	  x0:0x00000000
        7335000	       732	80000d64	00000013	addi	x0,x0,0	  x0:0x00000000
        7345000	       733	80000d68	0e78f693	andi	x13,x17,231	 x17:0x80008617 x13=0x00000007
        7355000	       734	80000d6c	419d87b3	sub	x15,x27,x25	 x27:0x7fff61c6 x25:0x80009b76 x15=0xfffec650
        7365000	       735	80000d70	11f12d17	auipc	x26,0x11f12	 x26=0x91f12d6c
        7375000	       736	80000d74	01001393	slli	x7,x0,0x10	  x0:0x00000000  x7=0x00000000
        7385000	       737	80000d78	0495d463	bge	x11,x9,80000dc0	 x11:0x800083cb  x9:0xf8000870
        7395000	       738	80000d7c	00ca6eb3	or	x29,x20,x12	 x20:0x00000001 x12:0x00000004 x29=0x00000005
        7405000	       739	80000d80	01059213	slli	x4,x11,0x10	 x11:0x800083cb  x4=0x83cb0000
        7415000	       740	80000d84	0165dc63	bge	x11,x22,80000d9c	 x11:0x800083cb x22:0x00000000
        7425000	       741	80000d88	00000013	addi	x0,x0,0	  x0:0x00000000
        7435000	       742	80000d8c	01fd3d33	sltu	x26,x26,x31	 x26:0x91f12d6c x31:0x11a4c2dc x26=0x00000000
        7445000	       743	80000d90	eca63193	sltiu	x3,x12,-310	 x12:0x00000004  x3=0x00000001
        7455000	       744	80000d94	4153dc93	srai	x25,x7,0x15	  x7:0x00000000 x25=0x00000000
        7465000	       745	80000d98	03160a63	beq	x12,x17,80000dcc	 x12:0x00000004 x17:0x80008617
        7475000	       746	80000d9c	bcd74213	xori	x4,x14,-1075	 x14:0x00000005  x4=0xfffffbc8
        7485000	       747	80000da0	00f053b3	srl	x7,x0,x15	  x0:0x00000000 x15:0xfffec650  x7=0x00000000
        7495000	       748	80000da4	009b26b3	slt	x13,x22,x9	 x22:0x00000000  x9:0xf8000870 x13=0x00000000
        7505000	       749	80000da8	0026cab3	xor	x21,x13,x2	 x13:0x00000000  x2:0x00000000 x21=0x00000000
        7515000	       750	80000dac	abdc0e13	addi	x28,x24,-1347	 x24:0x00003f0f x28=0x000039cc
        7525000	       751	80000db0	004bd6b3	srl	x13,x23,x4	 x23:0x000000ca  x4:0xfffffbc8 x13=0x00000000
        7535000	       752	80000db4	409383b3	sub	x7,x7,x9	  x7:0x00000000  x9:0xf8000870  x7=0x07fff790
        7545000	       753	80000db8	017dfe33	and	x28,x27,x23	 x27:0x7fff61c6 x23:0x000000ca x28=0x000000c2
        7555000	       754	80000dbc	00000013	addi	x0,x0,0	  x0:0x00000000
        7565000	       755	80000dc0	41470933	sub	x18,x14,x20	 x14:0x00000005 x20:0x00000001 x18=0x00000004
        7575000	       756	80000dc4	009fd693	srli	x13,x31,0x9	 x31:0x11a4c2dc x13=0x0008d261
        7585000	       757	80000dc8	4096dc93	srai	x25,x13,0x9	 x13:0x0008d261 x25=0x00000469
        7595000	       758	80000dcc	acfba193	slti	x3,x23,-1329	 x23:0x000000ca  x3=0x00000000
        7605000	       759	80000dd0	012d4433	xor	x8,x26,x18	 x26:0x00000000 x18:0x00000004  x8=0x00000004
        7615000	       760	80000dd4	dffe2013	slti	x0,x28,-513	 x28:0x000000c2
        7625000	       761	80000dd8	05ecd663	bge	x25,x30,80000e24	 x25:0x00000469 x30:0x66000000
        7635000	       762	80000ddc	6bd0aa97	auipc	x21,0x6bd0a	 x21=0xebd0add8
        7645000	       763	80000de0	02d81a63	bne	x16,x13,80000e14	 x16:0x0000009c x13:0x0008d261
        7655000	       764	00000000	00000013	addi	x0,x0,0	  x0:0x00000000
        7665000	       765	80000e10	00000013	addi	x0,x0,0	  x0:0x00000000
        7675000	       766	80000e14	2b992993	slti	x19,x18,697	 x18:0x00000004 x19=0x00000001
        7685000	       767	80000e18	00000013	addi	x0,x0,0	  x0:0x00000000
        7695000	       768	80000e1c	00de9a63	bne	x29,x13,80000e30	 x29:0x00000005 x13:0x0008d261
        7705000	       769	00000000	00000013	addi	x0,x0,0	  x0:0x00000000
        7715000	       770	80000e2c	00000013	addi	x0,x0,0	  x0:0x00000000
        7725000	       771	80000e30	fcb1b793	sltiu	x15,x3,-53	  x3:0x00000000 x15=0x00000001
        7735000	       772	80000e34	60952f13	slti	x30,x10,1545	 x10:0x80009f84 x30=0x00000001
        7745000	       773	80000e38	402586b3	sub	x13,x11,x2	 x11:0x800083cb  x2:0x00000000 x13=0x800083cb
        7755000	       774	80000e3c	04474863	blt	x14,x4,80000e8c	 x14:0x00000005  x4:0xfffffbc8
        7765000	       775	80000e40	0509e663	bltu	x19,x16,80000e8c	 x19:0x00000001 x16:0x0000009c
        7775000	       776	00000000	00000013	addi	x0,x0,0	  x0:0x00000000
        7785000	       777	80000e88	00000013	addi	x0,x0,0	  x0:0x00000000
        7795000	       778	80000e8c	014879b3	and	x19,x16,x20	 x16:0x0000009c x20:0x00000001 x19=0x00000000
        7805000	       779	80000e90	40bb8833	sub	x16,x23,x11	 x23:0x000000ca x11:0x800083cb x16=0x7fff7cff
        7815000	       780	80000e94	00000013	addi	x0,x0,0	  x0:0x00000000
        7825000	       781	80000e98	004139b3	sltu	x19,x2,x4	  x2:0x00000000  x4:0xfffffbc8 x19=0x00000001
        7835000	       782	80000e9c	ae7998b7	lui	x17,0xae799	 x17=0xae799000
        7845000	       783	80000ea0	056e7063	bgeu	x28,x22,80000ee0	 x28:0x000000c2 x22:0x00000000
        7855000	       784	00000000	00000013	addi	x0,x0,0	  x0:0x00000000
        7865000	       785	80000edc	00000013	addi	x0,x0,0	  x0:0x00000000
        7875000	       786	80000ee0	01a5c8b3	xor	x17,x11,x26	 x11:0x800083cb x26:0x00000000 x17=0x800083cb
        7885000	       787	80000ee4	890a6793	ori	x15,x20,-1904	 x20:0x00000001 x15=0xfffff891
        7895000	       788	80000ee8	02109c63	bne	x1,x1,80000f20	  x1:0x000002cc  x1:0x000002cc
        7905000	       789	80000eec	05870663	beq	x14,x24,80000f38	 x14:0x00000005 x24:0x00003f0f
        7915000	       790	80000ef0	74d74f13	xori	x30,x14,1869	 x14:0x00000005 x30=0x00000748
        7925000	       791	80000ef4	0131d193	srli	x3,x3,0x13	  x3:0x00000000  x3=0x00000000
        7935000	       792	80000ef8	05d9d263	bge	x19,x29,80000f3c	 x19:0x00000001 x29:0x00000005
        7945000	       793	80000efc	008b7233	and	x4,x22,x8	 x22:0x00000000  x8:0x00000004  x4=0x00000000
        7955000	       794	80000f00	40fc04b3	sub	x9,x24,x15	 x24:0x00003f0f x15:0xfffff891  x9=0x0000467e
        7965000	       795	80000f04	011e8bb3	add	x23,x29,x17	 x29:0x00000005 x17:0x800083cb x23=0x800083d0
        7975000	       796	80000f08	00953db3	sltu	x27,x10,x9	 x10:0x80009f84  x9:0x0000467e x27=0x00000000
        7985000	       797	80000f0c	01f89f33	sll	x30,x17,x31	 x17:0x800083cb x31:0x11a4c2dc x30=0xb0000000
        7995000	       798	80000f10	00d43a33	sltu	x20,x8,x13	  x8:0x00000004 x13:0x800083cb x20=0x00000001
        8005000	       799	80000f14	001674b3	and	x9,x12,x1	 x12:0x00000004  x1:0x000002cc  x9=0x00000004
        8015000	       800	80000f18	04574863	blt	x14,x5,80000f68	 x14:0x00000005  x5:0x80009fc4
        8025000	       801	80000f1c	14de80b7	lui	x1,0x14de8	  x1=0x14de8000
        8035000	       802	80000f20	ca02c813	xori	x16,x5,-864	  x5:0x80009fc4 x16=0x7fff6364
        8045000	       803	80000f24	40365a93	srai	x21,x12,0x3	 x12:0x00000004 x21=0x00000000
        8055000	       804	80000f28	c9528593	addi	x11,x5,-875	  x5:0x80009fc4 x11=0x80009c59
        8065000	       805	80000f2c	053cd063	bge	x25,x19,80000f6c	 x25:0x00000469 x19:0x00000001
        8075000	       806	00000000	00000013	addi	x0,x0,0	  x0:0x00000000
        8085000	       807	80000f68	00000013	addi	x0,x0,0	  x0:0x00000000
        8095000	       808	80000f6c	41f9d593	srai	x11,x19,0x1f	 x19:0x00000001 x11=0x00000000
        8105000	       809	80000f70	00f784b3	add	x9,x15,x15	 x15:0xfffff891 x15:0xfffff891  x9=0xfffff122
        8115000	       810	80000f74	4cbc3393	sltiu	x7,x24,1227	 x24:0x00003f0f  x7=0x00000000
        8125000	       811	80000f78	0062c863	blt	x5,x6,80000f88	  x5:0x80009fc4  x6:0xfffffe02
        8135000	       812	00000000	00000013	addi	x0,x0,0	  x0:0x00000000
        8145000	       813	80000f84	00000013	addi	x0,x0,0	  x0:0x00000000
        8155000	       814	80000f88	4188d833	sra	x16,x17,x24	 x17:0x800083cb x24:0x00003f0f x16=0xffff0001
        8165000	       815	80000f8c	02f9d463	bge	x19,x15,80000fb4	 x19:0x00000001 x15:0xfffff891
        8175000	       816	00000000	00000013	addi	x0,x0,0	  x0:0x00000000
        8185000	       817	80000fb0	00000013	addi	x0,x0,0	  x0:0x00000000
        8195000	       818	80000fb4	54846a13	ori	x20,x8,1352	  x8:0x00000004 x20=0x0000054c
        8205000	       819	80000fb8	82733013	sltiu	x0,x6,-2009	  x6:0xfffffe02
        8215000	       820	80000fbc	d4b03ab7	lui	x21,0xd4b03	 x21=0xd4b03000
        8225000	       821	80000fc0	4024dab3	sra	x21,x9,x2	  x9:0xfffff122  x2:0x00000000 x21=0xfffff122
        8235000	       822	80000fc4	2f35ca13	xori	x20,x11,755	 x11:0x00000000 x20=0x000002f3
        8245000	       823	80000fc8	03036463	bltu	x6,x16,80000ff0	  x6:0xfffffe02 x16:0xffff0001
        8255000	       824	80000fcc	296b8693	addi	x13,x23,662	 x23:0x800083d0 x13=0x80008666
        8265000	       825	80000fd0	41ffdc33	sra	x24,x31,x31	 x31:0x11a4c2dc x31:0x11a4c2dc x24=0x00000001
        8275000	       826	80000fd4	03979063	bne	x15,x25,80000ff4	 x15:0xfffff891 x25:0x00000469
        8285000	       827	00000000	00000013	addi	x0,x0,0	  x0:0x00000000
        8295000	       828	80000ff0	00000013	addi	x0,x0,0	  x0:0x00000000
        8305000	       829	80000ff4	0489c263	blt	x19,x8,80001038	 x19:0x00000001  x8:0x00000004
        8315000	       830	00000000	00000013	addi	x0,x0,0	  x0:0x00000000
        8325000	       831	80001034	00000013	addi	x0,x0,0	  x0:0x00000000
        8335000	       832	80001038	00e8aeb3	slt	x29,x17,x14	 x17:0x800083cb x14:0x00000005 x29=0x00000001
        8345000	       833	8000103c	4086d093	srai	x1,x13,0x8	 x13:0x80008666  x1=0xff800086
        8355000	       834	80001040	f93af693	andi	x13,x21,-109	 x21:0xfffff122 x13=0xfffff102
        8365000	       835	80001044	5dab04b7	lui	x9,0x5dab0	  x9=0x5dab0000
        8375000	       836	80001048	0391dc63	bge	x3,x25,80001080	  x3:0x00000000 x25:0x00000469
        8385000	       837	8000104c	014bc433	xor	x8,x23,x20	 x23:0x800083d0 x20:0x000002f3  x8=0x80008123
        8395000	       838	80001050	01e30933	add	x18,x6,x30	  x6:0xfffffe02 x30:0xb0000000 x18=0xaffffe02
        8405000	       839	80001054	417dd113	srai	x2,x27,0x17	 x27:0x00000000  x2=0x00000000
        8415000	       840	80001058	01ff7e63	bgeu	x30,x31,80001074	 x30:0xb0000000 x31:0x11a4c2dc
        8425000	       841	00000000	00000013	addi	x0,x0,0	  x0:0x00000000
        8435000	       842	80001070	00000013	addi	x0,x0,0	  x0:0x00000000
        8445000	       843	80001074	00d8b433	sltu	x8,x17,x13	 x17:0x800083cb x13:0xfffff102  x8=0x00000001
        8455000	       844	80001078	41185213	srai	x4,x16,0x11	 x16:0xffff0001  x4=0xffffffff
        8465000	       845	8000107c	00977a63	bgeu	x14,x9,80001090	 x14:0x00000005  x9:0x5dab0000
        8475000	       846	80001080	0097f0b3	and	x1,x15,x9	 x15:0xfffff891  x9:0x5dab0000  x1=0x5dab0000
        8485000	       847	80001084	005c57b3	srl	x15,x24,x5	 x24:0x00000001  x5:0x80009fc4 x15=0x00000000
        8495000	       848	80001088	0137db93	srli	x23,x15,0x13	 x15:0x00000000 x23=0x00000000
        8505000	       849	8000108c	411585b3	sub	x11,x11,x17	 x11:0x00000000 x17:0x800083cb x11=0x7fff7c35
        8515000	       850	80001090	418387b3	sub	x15,x7,x24	  x7:0x00000000 x24:0x00000001 x15=0xffffffff
        8525000	       851	80001094	00000013	addi	x0,x0,0	  x0:0x00000000
        8535000	       852	80001098	12339c63	bne	x7,x3,800011d0	  x7:0x00000000  x3:0x00000000
        8545000	       853	8000109c	00588cb3	add	x25,x17,x5	 x17:0x800083cb  x5:0x80009fc4 x25=0x0001238f
        8555000	       854	800010a0	414687b3	sub	x15,x13,x20	 x13:0xfffff102 x20:0x000002f3 x15=0xffffee0f
        8565000	       855	800010a4	00b92333	slt	x6,x18,x11	 x18:0xaffffe02 x11:0x7fff7c35  x6=0x00000001
        8575000	       856	800010a8	ac3b0413	addi	x8,x22,-1341	 x22:0x00000000  x8=0xfffffac3
        8585000	       857	800010ac	f06cc413	xori	x8,x25,-250	 x25:0x0001238f  x8=0xfffedc89
        8595000	       858	800010b0	1368f263	bgeu	x17,x22,800011d4	 x17:0x800083cb x22:0x00000000
        8605000	       859	00000000	00000013	addi	x0,x0,0	  x0:0x00000000
        8615000	       860	800011d0	00000013	addi	x0,x0,0	  x0:0x00000000
        8625000	       861	800011d4	402f5ab3	sra	x21,x30,x2	 x30:0xb0000000  x2:0x00000000 x21=0xb0000000
        8635000	       862	800011d8	01240e33	add	x28,x8,x18	  x8:0xfffedc89 x18:0xaffffe02 x28=0xaffeda8b
        8645000	       863	800011dc	41ba5493	srai	x9,x20,0x1b	 x20:0x000002f3  x9=0x00000000
        8655000	       864	800011e0	0394fa63	bgeu	x9,x25,80001214	  x9:0x00000000 x25:0x0001238f
        8665000	       865	800011e4	050c5063	bge	x24,x16,80001224	 x24:0x00000001 x16:0xffff0001
        8675000	       866	00000000	00000013	addi	x0,x0,0	  x0:0x00000000
        8685000	       867	80001220	00000013	addi	x0,x0,0	  x0:0x00000000
        8695000	       868	80001224	05d91263	bne	x18,x29,80001268	 x18:0xaffffe02 x29:0x00000001
        8705000	       869	00000000	00000013	addi	x0,x0,0	  x0:0x00000000
        8715000	       870	80001264	00000013	addi	x0,x0,0	  x0:0x00000000
        8725000	       871	80001268	5ace3613	sltiu	x12,x28,1452	 x28:0xaffeda8b x12=0x00000000
        8735000	       872	8000126c	00e60233	add	x4,x12,x14	 x12:0x00000000 x14:0x00000005  x4=0x00000005
        8745000	       873	80001270	00000013	addi	x0,x0,0	  x0:0x00000000
        8755000	       874	80001274	007f5113	srli	x2,x30,0x7	 x30:0xb0000000  x2=0x01600000
        8765000	       875	80001278	40945133	sra	x2,x8,x9	  x8:0xfffedc89  x9:0x00000000  x2=0xfffedc89
        8775000	       876	8000127c	01e14863	blt	x2,x30,8000128c	  x2:0xfffedc89 x30:0xb0000000
        8785000	       877	80001280	00aeb5b3	sltu	x11,x29,x10	 x29:0x00000001 x10:0x80009f84 x11=0x00000001
        8795000	       878	80001284	e58aa413	slti	x8,x21,-424	 x21:0xb0000000  x8=0x00000001
        8805000	       879	80001288	18754b13	xori	x22,x10,391	 x10:0x80009f84 x22=0x80009e03
        8815000	       880	8000128c	01bc5913	srli	x18,x24,0x1b	 x24:0x00000001 x18=0x00000000
        8825000	       881	80001290	4f490413	addi	x8,x18,1268	 x18:0x00000000  x8=0x000004f4
        8835000	       882	80001294	01225593	srli	x11,x4,0x12	  x4:0x00000005 x11=0x00000000
        8845000	       883	80001298	012eb1b3	sltu	x3,x29,x18	 x29:0x00000001 x18:0x00000000  x3=0x00000000
        8855000	       884	8000129c	01679013	slli	x0,x15,0x16	 x15:0xffffee0f
        8865000	       885	800012a0	1825b093	sltiu	x1,x11,386	 x11:0x00000000  x1=0x00000001
        8875000	       886	800012a4	01cb29b3	slt	x19,x22,x28	 x22:0x80009e03 x28:0xaffeda8b x19=0x00000001
        8885000	       887	800012a8	01edb8b3	sltu	x17,x27,x30	 x27:0x00000000 x30:0xb0000000 x17=0x00000001
        8895000	       888	800012ac	4b7eabb7	lui	x23,0x4b7ea	 x23=0x4b7ea000
        8905000	       889	800012b0	02579c63	bne	x15,x5,800012e8	 x15:0xffffee0f  x5:0x80009fc4
        8915000	       890	00000000	00000013	addi	x0,x0,0	  x0:0x00000000
        8925000	       891	800012e4	00000013	addi	x0,x0,0	  x0:0x00000000
        8935000	       892	800012e8	031b5463	bge	x22,x17,80001310	 x22:0x80009e03 x17:0x00000001
        8945000	       893	800012ec	41b4d193	srai	x3,x9,0x1b	  x9:0x00000000  x3=0x00000000
        8955000	       894	800012f0	40968333	sub	x6,x13,x9	 x13:0xfffff102  x9:0x00000000  x6=0xfffff102
        8965000	       895	800012f4	412ed333	sra	x6,x29,x18	 x29:0x00000001 x18:0x00000000  x6=0x00000001
        8975000	       896	800012f8	3346aa93	slti	x21,x13,820	 x13:0xfffff102 x21=0x00000001
        8985000	       897	800012fc	00fcd663	bge	x25,x15,80001308	 x25:0x0001238f x15:0xffffee0f
        8995000	       898	00000000	00000013	addi	x0,x0,0	  x0:0x00000000
        9005000	       899	80001304	00000013	addi	x0,x0,0	  x0:0x00000000
        9015000	       900	80001308	4a4ce013	ori	x0,x25,1188	 x25:0x0001238f
        9025000	       901	8000130c	565ce413	ori	x8,x25,1381	 x25:0x0001238f  x8=0x000127ef
        9035000	       902	80001310	026c7063	bgeu	x24,x6,80001330	 x24:0x00000001  x6:0x00000001
        9045000	       903	00000000	00000013	addi	x0,x0,0	  x0:0x00000000
        9055000	       904	8000132c	00000013	addi	x0,x0,0	  x0:0x00000000
        9065000	       905	80001330	00dc35b3	sltu	x11,x24,x13	 x24:0x00000001 x13:0xfffff102 x11=0x00000001
        9075000	       906	80001334	016bfc33	and	x24,x23,x22	 x23:0x4b7ea000 x22:0x80009e03 x24=0x00008000
        9085000	       907	80001338	03b9c063	blt	x19,x27,80001358	 x19:0x00000001 x27:0x00000000
        9095000	       908	8000133c	42b41e17	auipc	x28,0x42b41	 x28=0xc2b42338
        9105000	       909	80001340	02334a63	blt	x6,x3,80001374	  x6:0x00000001  x3:0x00000000
        9115000	       910	80001344	00000013	addi	x0,x0,0	  x0:0x00000000
        9125000	       911	80001348	00b70e63	beq	x14,x11,80001364	 x14:0x00000005 x11:0x00000001
        9135000	       912	8000134c	be116e37	lui	x28,0xbe116	 x28=0xbe116000
        9145000	       913	80001350	30c80b93	addi	x23,x16,780	 x16:0xffff0001 x23=0xffff030d
        9155000	       914	80001354	9bf72d93	slti	x27,x14,-1601	 x14:0x00000005 x27=0x00000000
        9165000	       915	80001358	01f01fb3	sll	x31,x0,x31	  x0:0x00000000 x31:0x11a4c2dc x31=0x00000000
        9175000	       916	8000135c	000e9a13	slli	x20,x29,0x0	 x29:0x00000001 x20=0x00000001
        9185000	       917	80001360	676d8493	addi	x9,x27,1654	 x27:0x00000000  x9=0x00000676
        9195000	       918	80001364	6f8da137	lui	x2,0x6f8da	  x2=0x6f8da000
        9205000	       919	80001368	d594f413	andi	x8,x9,-679	  x9:0x00000676  x8=0x00000450
        9215000	       920	8000136c	008f95b3	sll	x11,x31,x8	 x31:0x00000000  x8:0x00000450 x11=0x00000000
        9225000	       921	80001370	0140d113	srli	x2,x1,0x14	  x1:0x00000001  x2=0x00000000
        9235000	       922	80001374	41a68cb3	sub	x25,x13,x26	 x13:0xfffff102 x26:0x00000000 x25=0xfffff102
        9245000	       923	80001378	01c31133	sll	x2,x6,x28	  x6:0x00000001 x28:0xbe116000  x2=0x00000001
        9255000	       924	8000137c	013ea9b3	slt	x19,x29,x19	 x29:0x00000001 x19:0x00000001 x19=0x00000000
        9265000	       925	80001380	a3bb7817	auipc	x16,0xa3bb7	 x16=0x23bb837c
        9275000	       926	80001384	052c7863	bgeu	x24,x18,800013d4	 x24:0x00008000 x18:0x00000000
        9285000	       927	00000000	00000013	addi	x0,x0,0	  x0:0x00000000
        9295000	       928	800013d0	00000013	addi	x0,x0,0	  x0:0x00000000
        9305000	       929	800013d4	011ab3b3	sltu	x7,x21,x17	 x21:0x00000001 x17:0x00000001  x7=0x00000000
        9315000	       930	800013d8	d7cc3437	lui	x8,0xd7cc3	  x8=0xd7cc3000
        9325000	       931	800013dc	c78afd13	andi	x26,x21,-904	 x21:0x00000001 x26=0x00000000
        9335000	       932	800013e0	0150ae33	slt	x28,x1,x21	  x1:0x00000001 x21:0x00000001 x28=0x00000000
        9345000	       933	800013e4	e93bdd37	lui	x26,0xe93bd	 x26=0xe93bd000
        9355000	       934	800013e8	412db413	sltiu	x8,x27,1042	 x27:0x00000000  x8=0x00000001
        9365000	       935	800013ec	dbbf3497	auipc	x9,0xdbbf3	  x9=0x5bbf43e8
        9375000	       936	800013f0	00b0aab3	slt	x21,x1,x11	  x1:0x00000001 x11:0x00000000 x21=0x00000000
        9385000	       937	800013f4	950db813	sltiu	x16,x27,-1712	 x27:0x00000000 x16=0x00000001
        9395000	       938	800013f8	00000013	addi	x0,x0,0	  x0:0x00000000
        9405000	       939	800013fc	04b35263	bge	x6,x11,80001440	  x6:0x00000001 x11:0x00000000
        9415000	       940	00000000	00000013	addi	x0,x0,0	  x0:0x00000000
        9425000	       941	8000143c	00000013	addi	x0,x0,0	  x0:0x00000000
        9435000	       942	80001440	00000013	addi	x0,x0,0	  x0:0x00000000
        9445000	       943	80001444	0477e063	bltu	x15,x7,80001484	 x15:0xffffee0f  x7:0x00000000
        9455000	       944	80001448	86980693	addi	x13,x16,-1943	 x16:0x00000001 x13=0xfffff86a
        9465000	       945	8000144c	0128c333	xor	x6,x17,x18	 x17:0x00000001 x18:0x00000000  x6=0x00000001
        9475000	       946	80001450	003e0133	add	x2,x28,x3	 x28:0x00000000  x3:0x00000000  x2=0x00000000
        9485000	       947	80001454	05035863	bge	x6,x16,800014a4	  x6:0x00000001 x16:0x00000001
        9495000	       948	00000000	00000013	addi	x0,x0,0	  x0:0x00000000
        9505000	       949	800014a0	00000013	addi	x0,x0,0	  x0:0x00000000
        9515000	       950	800014a4	9d2e5497	auipc	x9,0x9d2e5	  x9=0x1d2e64a0
        9525000	       951	800014a8	00e10bb3	add	x23,x2,x14	  x2:0x00000000 x14:0x00000005 x23=0x00000005
        9535000	       952	800014ac	729ea813	slti	x16,x29,1833	 x29:0x00000001 x16=0x00000001
        9545000	       953	800014b0	022e6063	bltu	x28,x2,800014d0	 x28:0x00000000  x2:0x00000000
        9555000	       954	800014b4	00e3df93	srli	x31,x7,0xe	  x7:0x00000000 x31=0x00000000
        9565000	       955	800014b8	01e175b3	and	x11,x2,x30	  x2:0x00000000 x30:0xb0000000 x11=0x00000000
        9575000	       956	800014bc	00a41b93	slli	x23,x8,0xa	  x8:0x00000001 x23=0x00000400
        9585000	       957	800014c0	3cc63e93	sltiu	x29,x12,972	 x12:0x00000000 x29=0x00000001
        9595000	       958	800014c4	01be06b3	add	x13,x28,x27	 x28:0x00000000 x27:0x00000000 x13=0x00000000
        9605000	       959	800014c8	0363ea63	bltu	x7,x22,800014fc	  x7:0x00000000 x22:0x80009e03
        9615000	       960	00000000	00000013	addi	x0,x0,0	  x0:0x00000000
        9625000	       961	800014f8	00000013	addi	x0,x0,0	  x0:0x00000000
        9635000	       962	800014fc	059f7063	bgeu	x30,x25,8000153c	 x30:0xb0000000 x25:0xfffff102
        9645000	       963	80001500	01375933	srl	x18,x14,x19	 x14:0x00000005 x19:0x00000000 x18=0x00000005
        9655000	       964	80001504	3bdc6a13	ori	x20,x24,957	 x24:0x00008000 x20=0x000083bd
        9665000	       965	80001508	00057b33	and	x22,x10,x0	 x10:0x80009f84  x0:0x00000000 x22=0x00000000
        9675000	       966	8000150c	606b8d13	addi	x26,x23,1542	 x23:0x00000400 x26=0x00000a06
        9685000	       967	80001510	0048cbb3	xor	x23,x17,x4	 x17:0x00000001  x4:0x00000005 x23=0x00000004
        9695000	       968	80001514	8038b993	sltiu	x19,x17,-2045	 x17:0x00000001 x19=0x00000001
        9705000	       969	80001518	41aa5693	srai	x13,x20,0x1a	 x20:0x000083bd x13=0x00000000
        9715000	       970	8000151c	001935b3	sltu	x11,x18,x1	 x18:0x00000005  x1:0x00000001 x11=0x00000000
        9725000	       971	80001520	c84f7313	andi	x6,x30,-892	 x30:0xb0000000  x6=0xb0000000
        9735000	       972	80001524	018aed33	or	x26,x21,x24	 x21:0x00000000 x24:0x00008000 x26=0x00008000
        9745000	       973	80001528	6d0eb493	sltiu	x9,x29,1744	 x29:0x00000001  x9=0x00000001
        9755000	       974	8000152c	01095813	srli	x16,x18,0x10	 x18:0x00000005 x16=0x00000000
        9765000	       975	80001530	b5730a93	addi	x21,x6,-1193	  x6:0xb0000000 x21=0xaffffb57
        9775000	       976	80001534	00707833	and	x16,x0,x7	  x0:0x00000000  x7:0x00000000 x16=0x00000000
        9785000	       977	80001538	01a37c63	bgeu	x6,x26,80001550	  x6:0xb0000000 x26:0x00008000
        9795000	       978	00000000	00000013	addi	x0,x0,0	  x0:0x00000000
        9805000	       979	8000154c	00000013	addi	x0,x0,0	  x0:0x00000000
        9815000	       980	80001550	02d05c63	bge	x0,x13,80001588	  x0:0x00000000 x13:0x00000000
        9825000	       981	00000000	00000013	addi	x0,x0,0	  x0:0x00000000
        9835000	       982	80001584	00000013	addi	x0,x0,0	  x0:0x00000000
        9845000	       983	80001588	01c3da93	srli	x21,x7,0x1c	  x7:0x00000000 x21=0x00000000
        9855000	       984	8000158c	0161b1b3	sltu	x3,x3,x22	  x3:0x00000000 x22:0x00000000  x3=0x00000000
        9865000	       985	80001590	005f9f13	slli	x30,x31,0x5	 x31:0x00000000 x30=0x00000000
        9875000	       986	80001594	1702dd37	lui	x26,0x1702d	 x26=0x1702d000
        9885000	       987	80001598	40073e37	lui	x28,0x40073	 x28=0x40073000
        9895000	       988	8000159c	051ff863	bgeu	x31,x17,800015ec	 x31:0x00000000 x17:0x00000001
        9905000	       989	800015a0	05671063	bne	x14,x22,800015e0	 x14:0x00000005 x22:0x00000000
        9915000	       990	00000000	00000013	addi	x0,x0,0	  x0:0x00000000
        9925000	       991	800015dc	00000013	addi	x0,x0,0	  x0:0x00000000
        9935000	       992	800015e0	e1f0a813	slti	x16,x1,-481	  x1:0x00000001 x16=0x00000000
        9945000	       993	800015e4	77a63913	sltiu	x18,x12,1914	 x12:0x00000000 x18=0x00000001
        9955000	       994	800015e8	01e55393	srli	x7,x10,0x1e	 x10:0x80009f84  x7=0x00000002
        9965000	       995	800015ec	00000013	addi	x0,x0,0	  x0:0x00000000
        9975000	       996	800015f0	67d9a397	auipc	x7,0x67d9a	  x7=0xe7d9b5ec
        9985000	       997	800015f4	0df59617	auipc	x12,0xdf59	 x12=0x8df5a5f0
        9995000	       998	800015f8	7a7ea813	slti	x16,x29,1959	 x29:0x00000001 x16=0x00000001
       10005000	       999	800015fc	0063ea63	bltu	x7,x6,80001610	  x7:0xe7d9b5ec  x6:0xb0000000
       10015000	      1000	80001600	00000013	addi	x0,x0,0	  x0:0x00000000
       10025000	      1001	80001604	41c009b3	sub	x19,x0,x28	  x0:0x00000000 x28:0x40073000 x19=0xbff8d000
       10035000	      1002	80001608	408c0e33	sub	x28,x24,x8	 x24:0x00008000  x8:0x00000001 x28=0x00007fff
       10045000	      1003	8000160c	40370b33	sub	x22,x14,x3	 x14:0x00000005  x3:0x00000000 x22=0x00000005
       10055000	      1004	80001610	00c3de13	srli	x28,x7,0xc	  x7:0xe7d9b5ec x28=0x000e7d9b
       10065000	      1005	80001614	f6b38813	addi	x16,x7,-149	  x7:0xe7d9b5ec x16=0xe7d9b557
       10075000	      1006	80001618	10a57237	lui	x4,0x10a57	  x4=0x10a57000
       10085000	      1007	8000161c	4077dab3	sra	x21,x15,x7	 x15:0xffffee0f  x7:0xe7d9b5ec x21=0xfffffffe
       10095000	      1008	80001620	01a54863	blt	x10,x26,80001630	 x10:0x80009f84 x26:0x1702d000
       10105000	      1009	00000000	00000013	addi	x0,x0,0	  x0:0x00000000
       10115000	      1010	8000162c	00000013	addi	x0,x0,0	  x0:0x00000000
       10125000	      1011	80001630	02990c63	beq	x18,x9,80001668	 x18:0x00000001  x9:0x00000001
       10135000	      1012	00000000	00000013	addi	x0,x0,0	  x0:0x00000000
       10145000	      1013	80001664	00000013	addi	x0,x0,0	  x0:0x00000000
       10155000	      1014	80001668	038d7663	bgeu	x26,x24,80001694	 x26:0x1702d000 x24:0x00008000
       10165000	      1015	00000000	00000013	addi	x0,x0,0	  x0:0x00000000
       10175000	      1016	80001690	00000013	addi	x0,x0,0	  x0:0x00000000
       10185000	      1017	80001694	017415b3	sll	x11,x8,x23	  x8:0x00000001 x23:0x00000004 x11=0x00000010
       10195000	      1018	80001698	1487cb13	xori	x22,x15,328	 x15:0xffffee0f x22=0xffffef47
       10205000	      1019	8000169c	40138a33	sub	x20,x7,x1	  x7:0xe7d9b5ec  x1:0x00000001 x20=0xe7d9b5eb
       10215000	      1020	800016a0	410855b3	sra	x11,x16,x16	 x16:0xe7d9b557 x16:0xe7d9b557 x11=0xffffffcf
       10225000	      1021	800016a4	89e77bb7	lui	x23,0x89e77	 x23=0x89e77000
       10235000	      1022	800016a8	6c21a093	slti	x1,x3,1730	  x3:0x00000000  x1=0x00000001
       10245000	      1023	800016ac	4117ddb3	sra	x27,x15,x17	 x15:0xffffee0f x17:0x00000001 x27=0xfffff707
       10255000	      1024	800016b0	0cd3f393	andi	x7,x7,205	  x7:0xe7d9b5ec  x7=0x000000cc
       10265000	      1025	800016b4	00bb04b3	add	x9,x22,x11	 x22:0xffffef47 x11:0xffffffcf  x9=0xffffef16
       10275000	      1026	800016b8	009b40b3	xor	x1,x22,x9	 x22:0xffffef47  x9:0xffffef16  x1=0x00000051
       10285000	      1027	800016bc	4013deb3	sra	x29,x7,x1	  x7:0x000000cc  x1:0x00000051 x29=0x00000000
       10295000	      1028	800016c0	414bd313	srai	x6,x23,0x14	 x23:0x89e77000  x6=0xfffff89e
       10305000	      1029	800016c4	03775063	bge	x14,x23,800016e4	 x14:0x00000005 x23:0x89e77000
       10315000	      1030	00000000	00000013	addi	x0,x0,0	  x0:0x00000000
       10325000	      1031	800016e0	00000013	addi	x0,x0,0	  x0:0x00000000
       10335000	      1032	800016e4	bde1f213	andi	x4,x3,-1058	  x3:0x00000000  x4=0x00000000
       10345000	      1033	800016e8	1ca8f013	andi	x0,x17,458	 x17:0x00000001
       10355000	      1034	800016ec	008e1b13	slli	x22,x28,0x8	 x28:0x000e7d9b x22=0x0e7d9b00
       10365000	      1035	800016f0	00d2d093	srli	x1,x5,0xd	  x5:0x80009fc4  x1=0x00040004
       10375000	      1036	800016f4	381e6013	ori	x0,x28,897	 x28:0x000e7d9b
       10385000	      1037	800016f8	01503633	sltu	x12,x0,x21	  x0:0x00000000 x21:0xfffffffe x12=0x00000001
       10395000	      1038	800016fc	015b6663	bltu	x22,x21,80001708	 x22:0x0e7d9b00 x21:0xfffffffe
       10405000	      1039	00000000	00000013	addi	x0,x0,0	  x0:0x00000000
       10415000	      1040	80001704	00000013	addi	x0,x0,0	  x0:0x00000000
       10425000	      1041	80001708	db6ec993	xori	x19,x29,-586	 x29:0x00000000 x19=0xfffffdb6
       10435000	      1042	8000170c	028e1063	bne	x28,x8,8000172c	 x28:0x000e7d9b  x8:0x00000001
       10445000	      1043	00000000	00000013	addi	x0,x0,0	  x0:0x00000000
       10455000	      1044	80001728	00000013	addi	x0,x0,0	  x0:0x00000000
       10465000	      1045	8000172c	01fc26b3	slt	x13,x24,x31	 x24:0x00008000 x31:0x00000000 x13=0x00000000
       10475000	      1046	80001730	00000717	auipc	x14,0x0	 x14=0x8000172c
       10485000	      1047	80001734	00c70713	addi	x14,x14,12	 x14:0x8000172c x14=0x80001738
       10495000	      1048	80001738	00070067	jalr	x0,x14,0	 x14:0x80001738
       10505000	      1049	00000000	00000013	addi	x0,x0,0	  x0:0x00000000
       10515000	      1050	80001738	00000013	addi	x0,x0,0	  x0:0x00000000
       10525000	      1051	8000173c	00100193	addi	x3,x0,1	  x0:0x00000000  x3=0x00000001
       10535000	      1052	80001740	00000073	ecall	
       10545000	      1053	80001744	007f06b3	add	x13,x30,x7	 x30:0x00000000  x7:0x000000cc x13=0x000000cc
