		Time			Cycle	PC		Insn	Decoded instruction	Register and memory contents
          65000	         5	80000004	00000293	addi	x5,x0,0	  x0:0x00000000  x5=0x00000000
          75000	         6	80000008	00000313	addi	x6,x0,0	  x0:0x00000000  x6=0x00000000
          85000	         7	8000000c	00628263	beq	x5,x6,80000010	  x5:0x00000000  x6:0x00000000
          95000	         8	00000000	00000013	addi	x0,x0,0	  x0:0x00000000
         105000	         9	8000000c	00000013	addi	x0,x0,0	  x0:0x00000000
         115000	        10	80000010	00000697	auipc	x13,0x0	 x13=0x8000000c
         125000	        11	80000014	00c68693	addi	x13,x13,12	 x13:0x8000000c x13=0x80000018
         135000	        12	80000018	00068067	jalr	x0,x13,0	 x13:0x80000018
         145000	        13	00000000	00000013	addi	x0,x0,0	  x0:0x00000000
         155000	        14	80000018	00000013	addi	x0,x0,0	  x0:0x00000000
         165000	        15	8000001c	40000637	lui	x12,0x40000	 x12=0x40000000
         175000	        16	80000020	10060613	addi	x12,x12,256	 x12:0x40000000 x12=0x40000100
         185000	        17	80000024	00000013	addi	x0,x0,0	  x0:0x00000000
         195000	        18	80000028	0000a217	auipc	x4,0xa	  x4=0x8000a024
         205000	        19	8000002c	fa020213	addi	x4,x4,-96	  x4:0x8000a024  x4=0x80009fc4
         215000	        20	80000030	00002617	auipc	x12,0x2	 x12=0x8000202c
         225000	        21	80000034	da460613	addi	x12,x12,-604	 x12:0x8000202c x12=0x80001dd0
         235000	        22	80000038	00066613	ori	x12,x12,0	 x12:0x80001dd0 x12=0x80001dd0
         245000	        23	8000003c	00000013	addi	x0,x0,0	  x0:0x00000000
         255000	        24	80000040	00000617	auipc	x12,0x0	 x12=0x8000003c
         265000	        25	80000044	02060613	addi	x12,x12,32	 x12:0x8000003c x12=0x8000005c
         275000	        26	80000048	00000013	addi	x0,x0,0	  x0:0x00000000
         285000	        27	8000004c	00000013	addi	x0,x0,0	  x0:0x00000000
         295000	        28	80000050	00002637	lui	x12,0x2	 x12=0x00002000
         305000	        29	80000054	80060613	addi	x12,x12,-2048	 x12:0x00002000 x12=0x00001800
         315000	        30	80000058	00000013	addi	x0,x0,0	  x0:0x00000000
         325000	        31	8000005c	00000013	addi	x0,x0,0	  x0:0x00000000
         335000	        32	80000060	dc2f9037	lui	x0,0xdc2f9	
         345000	        33	80000064	49500013	addi	x0,x0,1173	  x0:0x00000000
         355000	        34	80000068	00000093	addi	x1,x0,0	  x0:0x00000000  x1=0x00000000
         365000	        35	8000006c	00600113	addi	x2,x0,6	  x0:0x00000000  x2=0x00000006
         375000	        36	80000070	800001b7	lui	x3,0x80000	  x3=0x80000000
         385000	        37	80000074	00000293	addi	x5,x0,0	  x0:0x00000000  x5=0x00000000
         395000	        38	80000078	f6852337	lui	x6,0xf6852	  x6=0xf6852000
         405000	        39	8000007c	27830313	addi	x6,x6,632	  x6:0xf6852000  x6=0xf6852278
         415000	        40	80000080	00000393	addi	x7,x0,0	  x0:0x00000000  x7=0x00000000
         425000	        41	80000084	80000437	lui	x8,0x80000	  x8=0x80000000
         435000	        42	80000088	3e55d4b7	lui	x9,0x3e55d	  x9=0x3e55d000
         445000	        43	8000008c	a8848493	addi	x9,x9,-1400	  x9:0x3e55d000  x9=0x3e55ca88
         455000	        44	80000090	f015a537	lui	x10,0xf015a	 x10=0xf015a000
         465000	        45	80000094	3b050513	addi	x10,x10,944	 x10:0xf015a000 x10=0xf015a3b0
         475000	        46	80000098	f7e5f5b7	lui	x11,0xf7e5f	 x11=0xf7e5f000
         485000	        47	8000009c	4cc58593	addi	x11,x11,1228	 x11:0xf7e5f000 x11=0xf7e5f4cc
         495000	        48	800000a0	80000637	lui	x12,0x80000	 x12=0x80000000
         505000	        49	800000a4	00d00693	addi	x13,x0,13	  x0:0x00000000 x13=0x0000000d
         515000	        50	800000a8	00300713	addi	x14,x0,3	  x0:0x00000000 x14=0x00000003
         525000	        51	800000ac	00000793	addi	x15,x0,0	  x0:0x00000000 x15=0x00000000
         535000	        52	800000b0	74165837	lui	x16,0x74165	 x16=0x74165000
         545000	        53	800000b4	b9080813	addi	x16,x16,-1136	 x16:0x74165000 x16=0x74164b90
         555000	        54	800000b8	800008b7	lui	x17,0x80000	 x17=0x80000000
         565000	        55	800000bc	00700913	addi	x18,x0,7	  x0:0x00000000 x18=0x00000007
         575000	        56	800000c0	00200993	addi	x19,x0,2	  x0:0x00000000 x19=0x00000002
         585000	        57	800000c4	00100a13	addi	x20,x0,1	  x0:0x00000000 x20=0x00000001
         595000	        58	800000c8	00a00a93	addi	x21,x0,10	  x0:0x00000000 x21=0x0000000a
         605000	        59	800000cc	80000b37	lui	x22,0x80000	 x22=0x80000000
         615000	        60	800000d0	c6b66bb7	lui	x23,0xc6b66	 x23=0xc6b66000
         625000	        61	800000d4	59fb8b93	addi	x23,x23,1439	 x23:0xc6b66000 x23=0xc6b6659f
         635000	        62	800000d8	80000c37	lui	x24,0x80000	 x24=0x80000000
         645000	        63	800000dc	036b8cb7	lui	x25,0x36b8	 x25=0x036b8000
         655000	        64	800000e0	540c8c93	addi	x25,x25,1344	 x25:0x036b8000 x25=0x036b8540
         665000	        65	800000e4	ffb59d37	lui	x26,0xffb59	 x26=0xffb59000
         675000	        66	800000e8	5dbd0d13	addi	x26,x26,1499	 x26:0xffb59000 x26=0xffb595db
         685000	        67	800000ec	80000db7	lui	x27,0x80000	 x27=0x80000000
         695000	        68	800000f0	f2472e37	lui	x28,0xf2472	 x28=0xf2472000
         705000	        69	800000f4	215e0e13	addi	x28,x28,533	 x28:0xf2472000 x28=0xf2472215
         715000	        70	800000f8	00000e93	addi	x29,x0,0	  x0:0x00000000 x29=0x00000000
         725000	        71	800000fc	f9920fb7	lui	x31,0xf9920	 x31=0xf9920000
         735000	        72	80000100	021f8f93	addi	x31,x31,33	 x31:0xf9920000 x31=0xf9920021
         745000	        73	80000104	0000af17	auipc	x30,0xa	 x30=0x8000a100
         755000	        74	80000108	e84f0f13	addi	x30,x30,-380	 x30:0x8000a100 x30=0x80009f84
         765000	        75	8000010c	00008c17	auipc	x24,0x8	 x24=0x80008108
         775000	        76	80000110	7ddc0c13	addi	x24,x24,2013	 x24:0x80008108 x24=0x800088e5
         785000	        77	80000114	0c1c0d03	lb	x26,193(x24)	 x24:0x800088e5 x26=0xffffff8d PA:0x800089a6
         795000	        78	00000000	00000013	addi	x0,x0,0	  x0:0x00000000
         805000	        79	80000118	c1afab13	slti	x22,x31,-998	 x31:0xf9920021 x22=0x00000001
         815000	        80	8000011c	16917813	andi	x16,x2,361	  x2:0x00000006 x16=0x00000000
         825000	        81	80000120	b4554f93	xori	x31,x10,-1211	 x10:0xf015a3b0 x31=0x0fea58f5
         835000	        82	80000124	565c0a03	lb	x20,1381(x24)	 x24:0x800088e5 x20=0x00000031 PA:0x80008e4a
         845000	        83	80000128	408c57b3	sra	x15,x24,x8	 x24:0x800088e5  x8:0x80000000 x15=0x800088e5
         855000	        84	8000012c	404b5513	srai	x10,x22,0x4	 x22:0x00000001 x10=0x00000000
         865000	        85	80000130	f47c1a83	lh	x21,-185(x24)	 x24:0x800088e5 x21=0x00001617 PA:0x8000882c
         875000	        86	80000134	408dd613	srai	x12,x27,0x8	 x27:0x80000000 x12=0xff800000
         885000	        87	80000138	0b3c2783	lw	x15,179(x24)	 x24:0x800088e5 x15=0x80818283 PA:0x80008998
         895000	        88	8000013c	567c1f83	lh	x31,1383(x24)	 x24:0x800088e5 x31=0x00003637 PA:0x80008e4c
         905000	        89	80000140	01070a33	add	x20,x14,x16	 x14:0x00000003 x16:0x00000000 x20=0x00000003
         915000	        90	80000144	00657733	and	x14,x10,x6	 x10:0x00000000  x6:0xf6852278 x14=0x00000000
         925000	        91	80000148	02fc2983	lw	x19,47(x24)	 x24:0x800088e5 x19=0xfcfdfeff PA:0x80008914
         935000	        92	8000014c	38ac0b83	lb	x23,906(x24)	 x24:0x800088e5 x23=0x00000054 PA:0x80008c6f
         945000	        93	80000150	010b73b3	and	x7,x22,x16	 x22:0x00000001 x16:0x00000000  x7=0x00000000
         955000	        94	80000154	0adc0c23	sb	x13,184(x24)	 x24:0x800088e5 x13:0x0000000d PA:0x8000899d
         965000	        95	80000158	001e5733	srl	x14,x28,x1	 x28:0xf2472215  x1:0x00000000 x14=0xf2472215
         975000	        96	8000015c	411584b3	sub	x9,x11,x17	 x11:0xf7e5f4cc x17:0x80000000  x9=0x77e5f4cc
         985000	        97	80000160	691c0a83	lb	x21,1681(x24)	 x24:0x800088e5 x21=0x0000005d PA:0x80008f76
         995000	        98	80000164	277c2d03	lw	x26,631(x24)	 x24:0x800088e5 x26=0x44454647 PA:0x80008b5c
        1005000	        99	80000168	01977733	and	x14,x14,x25	 x14:0xf2472215 x25:0x036b8540 x14=0x02430000
        1015000	       100	8000016c	070aea93	ori	x21,x21,112	 x21:0x0000005d x21=0x0000007d
        1025000	       101	80000170	18facc93	xori	x25,x21,399	 x21:0x0000007d x25=0x000001f2
        1035000	       102	80000174	01669e93	slli	x29,x13,0x16	 x13:0x0000000d x29=0x03400000
        1045000	       103	80000178	0120edb3	or	x27,x1,x18	  x1:0x00000000 x18:0x00000007 x27=0x00000007
        1055000	       104	8000017c	0cfc0983	lb	x19,207(x24)	 x24:0x800088e5 x19=0xffffff9f PA:0x800089b4
        1065000	       105	80000180	40b308b3	sub	x17,x6,x11	  x6:0xf6852278 x11:0xf7e5f4cc x17=0xfe9f2dac
        1075000	       106	80000184	00c26cb3	or	x25,x4,x12	  x4:0x80009fc4 x12:0xff800000 x25=0xff809fc4
        1085000	       107	80000188	007265b3	or	x11,x4,x7	  x4:0x80009fc4  x7:0x00000000 x11=0x80009fc4
        1095000	       108	8000018c	008144b3	xor	x9,x2,x8	  x2:0x00000006  x8:0x80000000  x9=0x80000006
        1105000	       109	80000190	0084df93	srli	x31,x9,0x8	  x9:0x80000006 x31=0x00800000
        1115000	       110	80000194	00000013	addi	x0,x0,0	  x0:0x00000000
        1125000	       111	80000198	21dc5983	lhu	x19,541(x24)	 x24:0x800088e5 x19=0x0000e8e9 PA:0x80008b02
        1135000	       112	8000019c	fd0c4e83	lbu	x29,-48(x24)	 x24:0x800088e5 x29=0x0000009e PA:0x800088b5
        1145000	       113	800001a0	149c1fa3	sh	x9,351(x24)	 x24:0x800088e5  x9:0x80000006 PA:0x80008a44
        1155000	       114	800001a4	5a5c01a3	sb	x5,1443(x24)	 x24:0x800088e5  x5:0x00000000 PA:0x80008e88
        1165000	       115	800001a8	f42c0883	lb	x17,-190(x24)	 x24:0x800088e5 x17=0x0000000c PA:0x80008827
        1175000	       116	800001ac	d45a0293	addi	x5,x20,-699	 x20:0x00000003  x5=0xfffffd48
        1185000	       117	800001b0	6c5c2da3	sw	x5,1755(x24)	 x24:0x800088e5  x5:0xfffffd48 PA:0x80008fc0
        1195000	       118	800001b4	006f88b3	add	x17,x31,x6	 x31:0x00800000  x6:0xf6852278 x17=0xf7052278
        1205000	       119	800001b8	1ffc1283	lh	x5,511(x24)	 x24:0x800088e5  x5=0xffffcecf PA:0x80008ae4
        1215000	       120	800001bc	095c04a3	sb	x21,137(x24)	 x24:0x800088e5 x21:0x0000007d PA:0x8000896e
        1225000	       121	800001c0	27bc5a83	lhu	x21,635(x24)	 x24:0x800088e5 x21=0x00004a4b PA:0x80008b60
        1235000	       122	800001c4	413d5993	srai	x19,x26,0x13	 x26:0x44454647 x19=0x00000888
        1245000	       123	800001c8	01e81293	slli	x5,x16,0x1e	 x16:0x00000000  x5=0x00000000
        1255000	       124	800001cc	00f96eb3	or	x29,x18,x15	 x18:0x00000007 x15:0x80818283 x29=0x80818287
        1265000	       125	800001d0	1e6c4f83	lbu	x31,486(x24)	 x24:0x800088e5 x31=0x000000b0 PA:0x80008acb
        1275000	       126	800001d4	00e73db3	sltu	x27,x14,x14	 x14:0x02430000 x14:0x02430000 x27=0x00000000
        1285000	       127	800001d8	297c4083	lbu	x1,663(x24)	 x24:0x800088e5  x1=0x00000067 PA:0x80008b7c
        1295000	       128	800001dc	41bed2b3	sra	x5,x29,x27	 x29:0x80818287 x27:0x00000000  x5=0x80818287
        1305000	       129	800001e0	0c6c4883	lbu	x17,198(x24)	 x24:0x800088e5 x17=0x00000090 PA:0x800089ab
        1315000	       130	800001e4	1b2c0c23	sb	x18,440(x24)	 x24:0x800088e5 x18:0x00000007 PA:0x80008a9d
        1325000	       131	800001e8	46bc5e03	lhu	x28,1131(x24)	 x24:0x800088e5 x28=0x00003a3b PA:0x80008d50
        1335000	       132	800001ec	3b1c4103	lbu	x2,945(x24)	 x24:0x800088e5  x2=0x0000007d PA:0x80008c96
        1345000	       133	800001f0	398c4383	lbu	x7,920(x24)	 x24:0x800088e5  x7=0x00000066 PA:0x80008c7d
        1355000	       134	800001f4	00008117	auipc	x2,0x8	  x2=0x800081f0
        1365000	       135	800001f8	47e10113	addi	x2,x2,1150	  x2:0x800081f0  x2=0x8000866e
        1375000	       136	800001fc	f0210c03	lb	x24,-254(x2)	  x2:0x8000866e x24=0x0000002b PA:0x80008570
        1385000	       137	80000200	00000013	addi	x0,x0,0	  x0:0x00000000
        1395000	       138	80000204	f4a14883	lbu	x17,-182(x2)	  x2:0x8000866e x17=0x00000073 PA:0x800085b8
        1405000	       139	80000208	00a21813	slli	x16,x4,0xa	  x4:0x80009fc4 x16=0x027f1000
        1415000	       140	8000020c	016727b3	slt	x15,x14,x22	 x14:0x02430000 x22:0x00000001 x15=0x00000000
        1425000	       141	80000210	f9011083	lh	x1,-112(x2)	  x2:0x8000866e  x1=0xffffb4b5 PA:0x800085fe
        1435000	       142	80000214	f1a11183	lh	x3,-230(x2)	  x2:0x8000866e  x3=0x00004243 PA:0x80008588
        1445000	       143	80000218	010fd813	srli	x16,x31,0x10	 x31:0x000000b0 x16=0x00000000
        1455000	       144	8000021c	44d66c13	ori	x24,x12,1101	 x12:0xff800000 x24=0xff80044d
        1465000	       145	80000220	065107a3	sb	x5,111(x2)	  x2:0x8000866e  x5:0x80818287 PA:0x800086dd
        1475000	       146	80000224	019f3fb3	sltu	x31,x30,x25	 x30:0x80009f84 x25:0xff809fc4 x31=0x00000001
        1485000	       147	80000228	0c415d03	lhu	x26,196(x2)	  x2:0x8000866e x26=0x0000e8e9 PA:0x80008732
        1495000	       148	8000022c	fff10903	lb	x18,-1(x2)	  x2:0x8000866e x18=0x00000026 PA:0x8000866d
        1505000	       149	80000230	07510ba3	sb	x21,119(x2)	  x2:0x8000866e x21:0x00004a4b PA:0x800086e5
        1515000	       150	80000234	fc110ba3	sb	x1,-41(x2)	  x2:0x8000866e  x1:0xffffb4b5 PA:0x80008645
        1525000	       151	80000238	0b514783	lbu	x15,181(x2)	  x2:0x8000866e x15=0x000000d8 PA:0x80008723
        1535000	       152	8000023c	014c9813	slli	x16,x25,0x14	 x25:0xff809fc4 x16=0xfc400000
        1545000	       153	80000240	f4712523	sw	x7,-182(x2)	  x2:0x8000866e  x7:0x00000066 PA:0x800085b8
        1555000	       154	80000244	f2d10383	lb	x7,-211(x2)	  x2:0x8000866e  x7=0x00000050 PA:0x8000859b
        1565000	       155	80000248	f6b10403	lb	x8,-149(x2)	  x2:0x8000866e  x8=0xffffff92 PA:0x800085d9
        1575000	       156	8000024c	fea10403	lb	x8,-22(x2)	  x2:0x8000866e  x8=0x00000013 PA:0x80008658
        1585000	       157	80000250	40a30533	sub	x10,x6,x10	  x6:0xf6852278 x10:0x00000000 x10=0xf6852278
        1595000	       158	80000254	03215603	lhu	x12,50(x2)	  x2:0x8000866e x12=0x00005a5b PA:0x800086a0
        1605000	       159	80000258	0e910ea3	sb	x9,253(x2)	  x2:0x8000866e  x9:0x80000006 PA:0x8000876b
        1615000	       160	8000025c	09410ca3	sb	x20,153(x2)	  x2:0x8000866e x20:0x00000003 PA:0x80008707
        1625000	       161	80000260	f3310023	sb	x19,-224(x2)	  x2:0x8000866e x19:0x00000888 PA:0x8000858e
        1635000	       162	80000264	07a10c83	lb	x25,122(x2)	  x2:0x8000866e x25=0xffffffa3 PA:0x800086e8
        1645000	       163	00000000	00000013	addi	x0,x0,0	  x0:0x00000000
        1655000	       164	80000268	403cdd13	srai	x26,x25,0x3	 x25:0xffffffa3 x26=0xfffffff4
        1665000	       165	8000026c	0051f633	and	x12,x3,x5	  x3:0x00004243  x5:0x80818287 x12=0x00000203
        1675000	       166	80000270	f9810c03	lb	x24,-104(x2)	  x2:0x8000866e x24=0xffffffbd PA:0x80008606
        1685000	       167	80000274	fb514d83	lbu	x27,-75(x2)	  x2:0x8000866e x27=0x000000d8 PA:0x80008623
        1695000	       168	80000278	f7812723	sw	x24,-146(x2)	  x2:0x8000866e x24:0xffffffbd PA:0x800085dc
        1705000	       169	8000027c	00008617	auipc	x12,0x8	 x12=0x80008278
        1715000	       170	80000280	ff060613	addi	x12,x12,-16	 x12:0x80008278 x12=0x80008268
        1725000	       171	80000284	00e65903	lhu	x18,14(x12)	 x12:0x80008268 x18=0x00002c2d PA:0x80008276
        1735000	       172	80000288	4065d1b3	sra	x3,x11,x6	 x11:0x80009fc4  x6:0xf6852278  x3=0xffffff80
        1745000	       173	8000028c	00e60723	sb	x14,14(x12)	 x12:0x80008268 x14:0x02430000 PA:0x80008276
        1755000	       174	80000290	00e64503	lbu	x10,14(x12)	 x12:0x80008268 x10=0x00000000 PA:0x80008276
        1765000	       175	80000294	00e65b83	lhu	x23,14(x12)	 x12:0x80008268 x23=0x00002c00 PA:0x80008276
        1775000	       176	80000298	fcd64c83	lbu	x25,-51(x12)	 x12:0x80008268 x25=0x000000ee PA:0x80008235
        1785000	       177	8000029c	fcd64c03	lbu	x24,-51(x12)	 x12:0x80008268 x24=0x000000ee PA:0x80008235
        1795000	       178	800002a0	fcd64403	lbu	x8,-51(x12)	 x12:0x80008268  x8=0x000000ee PA:0x80008235
        1805000	       179	800002a4	fd2606a3	sb	x18,-51(x12)	 x12:0x80008268 x18:0x00002c2d PA:0x80008235
        1815000	       180	800002a8	fcd64283	lbu	x5,-51(x12)	 x12:0x80008268  x5=0x0000002d PA:0x80008235
        1825000	       181	800002ac	fcd606a3	sb	x13,-51(x12)	 x12:0x80008268 x13:0x0000000d PA:0x80008235
        1835000	       182	800002b0	fc5606a3	sb	x5,-51(x12)	 x12:0x80008268  x5:0x0000002d PA:0x80008235
        1845000	       183	800002b4	fcd64903	lbu	x18,-51(x12)	 x12:0x80008268 x18=0x0000002d PA:0x80008235
        1855000	       184	800002b8	fcd64e83	lbu	x29,-51(x12)	 x12:0x80008268 x29=0x0000002d PA:0x80008235
        1865000	       185	800002bc	fcd60903	lb	x18,-51(x12)	 x12:0x80008268 x18=0x0000002d PA:0x80008235
        1875000	       186	800002c0	00061923	sh	x0,18(x12)	 x12:0x80008268  x0:0x00000000 PA:0x8000827a
        1885000	       187	800002c4	01261003	lh	x0,18(x12)	 x12:0x80008268 PA:0x8000827a
        1895000	       188	800002c8	01264583	lbu	x11,18(x12)	 x12:0x80008268 x11=0x00000000 PA:0x8000827a
        1905000	       189	800002cc	01364903	lbu	x18,19(x12)	 x12:0x80008268 x18=0x00000000 PA:0x8000827b
        1915000	       190	800002d0	00008b97	auipc	x23,0x8	 x23=0x800082cc
        1925000	       191	800002d4	655b8b93	addi	x23,x23,1621	 x23:0x800082cc x23=0x80008921
        1935000	       192	800002d8	00009497	auipc	x9,0x9	  x9=0x800092d4
        1945000	       193	800002dc	c8a48493	addi	x9,x9,-886	  x9:0x800092d4  x9=0x80008f5e
        1955000	       194	800002e0	0104dd83	lhu	x27,16(x9)	  x9:0x80008f5e x27=0x00005455 PA:0x80008f6e
        1965000	       195	800002e4	00009c17	auipc	x24,0x9	 x24=0x800092e0
        1975000	       196	800002e8	805c0c13	addi	x24,x24,-2043	 x24:0x800092e0 x24=0x80008ae5
        1985000	       197	800002ec	e0ac0523	sb	x10,-502(x24)	 x24:0x80008ae5 x10:0x00000000 PA:0x800088ef
        1995000	       198	800002f0	071bcb03	lbu	x22,113(x23)	 x23:0x80008921 x22=0x00000079 PA:0x80008992
        2005000	       199	800002f4	d7cc0d03	lb	x26,-644(x24)	 x24:0x80008ae5 x26=0x0000004a PA:0x80008861
        2015000	       200	800002f8	f4548d03	lb	x26,-187(x9)	  x9:0x80008f5e x26=0xffffff88 PA:0x80008ea3
        2025000	       201	800002fc	079bafa3	sw	x25,127(x23)	 x23:0x80008921 x25:0x000000ee PA:0x800089a0
        2035000	       202	80000300	f4dc0e83	lb	x29,-179(x24)	 x24:0x80008ae5 x29=0x00000019 PA:0x80008a32
        2045000	       203	80000304	035489a3	sb	x21,51(x9)	  x9:0x80008f5e x21:0x00004a4b PA:0x80008f91
        2055000	       204	80000308	08ab99a3	sh	x10,147(x23)	 x23:0x80008921 x10:0x00000000 PA:0x800089b4
        2065000	       205	8000030c	f51480a3	sb	x17,-191(x9)	  x9:0x80008f5e x17:0x00000073 PA:0x80008e9f
        2075000	       206	80000310	186c0283	lb	x5,390(x24)	 x24:0x80008ae5  x5=0x00000050 PA:0x80008c6b
        2085000	       207	80000314	f5f48383	lb	x7,-161(x9)	  x9:0x80008f5e  x7=0xffffffa6 PA:0x80008ebd
        2095000	       208	80000318	fd7b8803	lb	x16,-41(x23)	 x23:0x80008921 x16=0xffffffe3 PA:0x800088f8
        2105000	       209	8000031c	01db9383	lh	x7,29(x23)	 x23:0x80008921  x7=0x00002425 PA:0x8000893e
        2115000	       210	80000320	f49bde83	lhu	x29,-183(x23)	 x23:0x80008921 x29=0x00005051 PA:0x8000886a
        2125000	       211	80000324	ec2c4a83	lbu	x21,-318(x24)	 x24:0x80008ae5 x21=0x0000008c PA:0x800089a7
        2135000	       212	80000328	fa8bc903	lbu	x18,-88(x23)	 x23:0x80008921 x18=0x000000b2 PA:0x800088c9
        2145000	       213	8000032c	e25c0e23	sb	x5,-452(x24)	 x24:0x80008ae5  x5:0x00000050 PA:0x80008921
        2155000	       214	80000330	00008917	auipc	x18,0x8	 x18=0x8000832c
        2165000	       215	80000334	02890913	addi	x18,x18,40	 x18:0x8000832c x18=0x80008354
        2175000	       216	80000338	ff691a23	sh	x22,-12(x18)	 x18:0x80008354 x22:0x00000079 PA:0x80008348
        2185000	       217	8000033c	7b35bc13	sltiu	x24,x11,1971	 x11:0x00000000 x24=0x00000001
        2195000	       218	80000340	40fad033	sra	x0,x21,x15	 x21:0x0000008c x15:0x000000d8
        2205000	       219	80000344	010f5e33	srl	x28,x30,x16	 x30:0x80009f84 x16:0xffffffe3 x28=0x100013f0
        2215000	       220	80000348	5c775117	auipc	x2,0x5c775	  x2=0xdc775344
        2225000	       221	8000034c	00822833	slt	x16,x4,x8	  x4:0x80009fc4  x8:0x000000ee x16=0x00000001
        2235000	       222	80000350	00d94b03	lbu	x22,13(x18)	 x18:0x80008354 x22=0x0000001a PA:0x80008361
        2245000	       223	80000354	e82b8637	lui	x12,0xe82b8	 x12=0xe82b8000
        2255000	       224	80000358	01091a03	lh	x20,16(x18)	 x18:0x80008354 x20=0x00001e1f PA:0x80008364
        2265000	       225	8000035c	91c92197	auipc	x3,0x91c92	  x3=0x11c92358
        2275000	       226	80000360	019ef433	and	x8,x29,x25	 x29:0x00005051 x25:0x000000ee  x8=0x00000040
        2285000	       227	80000364	ffa95103	lhu	x2,-6(x18)	 x18:0x80008354  x2=0x00000405 PA:0x8000834e
        2295000	       228	80000368	004edc93	srli	x25,x29,0x4	 x29:0x00005051 x25=0x00000505
        2305000	       229	8000036c	01606eb3	or	x29,x0,x22	  x0:0x00000000 x22:0x0000001a x29=0x0000001a
        2315000	       230	80000370	42666513	ori	x10,x12,1062	 x12:0xe82b8000 x10=0xe82b8426
        2325000	       231	80000374	6f7fb493	sltiu	x9,x31,1783	 x31:0x00000001  x9=0x00000001
        2335000	       232	80000378	009ba9b3	slt	x19,x23,x9	 x23:0x80008921  x9:0x00000001 x19=0x00000001
        2345000	       233	8000037c	00ca34b3	sltu	x9,x20,x12	 x20:0x00001e1f x12:0xe82b8000  x9=0x00000001
        2355000	       234	80000380	4a97b493	sltiu	x9,x15,1193	 x15:0x000000d8  x9=0x00000001
        2365000	       235	80000384	f7700017	auipc	x0,0xf7700	
        2375000	       236	80000388	01d91623	sh	x29,12(x18)	 x18:0x80008354 x29:0x0000001a PA:0x80008360
        2385000	       237	8000038c	72967013	andi	x0,x12,1833	 x12:0xe82b8000
        2395000	       238	80000390	ffc94083	lbu	x1,-4(x18)	 x18:0x80008354  x1=0x0000000b PA:0x80008350
        2405000	       239	80000394	004e61b3	or	x3,x28,x4	 x28:0x100013f0  x4:0x80009fc4  x3=0x90009ff4
        2415000	       240	80000398	00741313	slli	x6,x8,0x7	  x8:0x00000040  x6=0x00002000
        2425000	       241	8000039c	0d93a593	slti	x11,x7,217	  x7:0x00002425 x11=0x00000000
        2435000	       242	800003a0	ff290da3	sb	x18,-5(x18)	 x18:0x80008354 x18:0x80008354 PA:0x8000834f
        2445000	       243	800003a4	01cd0db3	add	x27,x26,x28	 x26:0xffffff88 x28:0x100013f0 x27=0x10001378
        2455000	       244	800003a8	fe190f23	sb	x1,-2(x18)	 x18:0x80008354  x1:0x0000000b PA:0x80008352
        2465000	       245	800003ac	00994d03	lbu	x26,9(x18)	 x18:0x80008354 x26=0x00000016 PA:0x8000835d
        2475000	       246	800003b0	ff390ca3	sb	x19,-7(x18)	 x18:0x80008354 x19:0x00000001 PA:0x8000834d
        2485000	       247	800003b4	400587b3	sub	x15,x11,x0	 x11:0x00000000  x0:0x00000000 x15=0x00000000
        2495000	       248	800003b8	d009c513	xori	x10,x19,-768	 x19:0x00000001 x10=0xfffffd01
        2505000	       249	800003bc	01a900a3	sb	x26,1(x18)	 x18:0x80008354 x26:0x00000016 PA:0x80008355
        2515000	       250	800003c0	ffe94603	lbu	x12,-2(x18)	 x18:0x80008354 x12=0x0000000b PA:0x80008352
        2525000	       251	800003c4	019f9cb3	sll	x25,x31,x25	 x31:0x00000001 x25:0x00000505 x25=0x00000020
        2535000	       252	800003c8	b4284a13	xori	x20,x16,-1214	 x16:0x00000001 x20=0xfffffb43
        2545000	       253	800003cc	0123aeb3	slt	x29,x7,x18	  x7:0x00002425 x18:0x80008354 x29=0x00000000
        2555000	       254	800003d0	00890583	lb	x11,8(x18)	 x18:0x80008354 x11=0x00000017 PA:0x8000835c
        2565000	       255	800003d4	00008c17	auipc	x24,0x8	 x24=0x800083d0
        2575000	       256	800003d8	609c0c13	addi	x24,x24,1545	 x24:0x800083d0 x24=0x800089d9
        2585000	       257	800003dc	02dc4403	lbu	x8,45(x24)	 x24:0x800089d9  x8=0x000000ed PA:0x80008a06
        2595000	       258	800003e0	02dc4183	lbu	x3,45(x24)	 x24:0x800089d9  x3=0x000000ed PA:0x80008a06
        2605000	       259	800003e4	028c16a3	sh	x8,45(x24)	 x24:0x800089d9  x8:0x000000ed PA:0x80008a06
        2615000	       260	800003e8	02dc5583	lhu	x11,45(x24)	 x24:0x800089d9 x11=0x000000ed PA:0x80008a06
        2625000	       261	800003ec	02dc5983	lhu	x19,45(x24)	 x24:0x800089d9 x19=0x000000ed PA:0x80008a06
        2635000	       262	800003f0	02dc1583	lh	x11,45(x24)	 x24:0x800089d9 x11=0x000000ed PA:0x80008a06
        2645000	       263	800003f4	02dc0903	lb	x18,45(x24)	 x24:0x800089d9 x18=0xffffffed PA:0x80008a06
        2655000	       264	800003f8	02dc5f83	lhu	x31,45(x24)	 x24:0x800089d9 x31=0x000000ed PA:0x80008a06
        2665000	       265	800003fc	02dc4c83	lbu	x25,45(x24)	 x24:0x800089d9 x25=0x000000ed PA:0x80008a06
        2675000	       266	80000400	02dc0983	lb	x19,45(x24)	 x24:0x800089d9 x19=0xffffffed PA:0x80008a06
        2685000	       267	80000404	02dc5e03	lhu	x28,45(x24)	 x24:0x800089d9 x28=0x000000ed PA:0x80008a06
        2695000	       268	80000408	028c06a3	sb	x8,45(x24)	 x24:0x800089d9  x8:0x000000ed PA:0x80008a06
        2705000	       269	8000040c	03bc06a3	sb	x27,45(x24)	 x24:0x800089d9 x27:0x10001378 PA:0x80008a06
        2715000	       270	80000410	12336393	ori	x7,x6,291	  x6:0x00002000  x7=0x00002123
        2725000	       271	80000414	02dc4783	lbu	x15,45(x24)	 x24:0x800089d9 x15=0x00000078 PA:0x80008a06
        2735000	       272	80000418	00008e17	auipc	x28,0x8	 x28=0x80008414
        2745000	       273	8000041c	0c1e0e13	addi	x28,x28,193	 x28:0x80008414 x28=0x800084d5
        2755000	       274	80000420	308e0323	sb	x8,774(x28)	 x28:0x800084d5  x8:0x000000ed PA:0x800087db
        2765000	       275	80000424	12cfe9b7	lui	x19,0x12cfe	 x19=0x12cfe000
        2775000	       276	80000428	404c8533	sub	x10,x25,x4	 x25:0x000000ed  x4:0x80009fc4 x10=0x7fff6129
        2785000	       277	8000042c	36516b13	ori	x22,x2,869	  x2:0x00000405 x22=0x00000765
        2795000	       278	80000430	40dcd093	srai	x1,x25,0xd	 x25:0x000000ed  x1=0x00000000
        2805000	       279	80000434	57f00413	addi	x8,x0,1407	  x0:0x00000000  x8=0x0000057f
        2815000	       280	80000438	9fe8b013	sltiu	x0,x17,-1538	 x17:0x00000073
        2825000	       281	8000043c	01847fb3	and	x31,x8,x24	  x8:0x0000057f x24:0x800089d9 x31=0x00000159
        2835000	       282	80000440	006d9eb3	sll	x29,x27,x6	 x27:0x10001378  x6:0x00002000 x29=0x10001378
        2845000	       283	80000444	9ff8aeb7	lui	x29,0x9ff8a	 x29=0x9ff8a000
        2855000	       284	80000448	26fe08a3	sb	x15,625(x28)	 x28:0x800084d5 x15:0x00000078 PA:0x80008746
        2865000	       285	8000044c	d6c3fa13	andi	x20,x7,-660	  x7:0x00002123 x20=0x00002120
        2875000	       286	80000450	c34e07a3	sb	x20,-977(x28)	 x28:0x800084d5 x20:0x00002120 PA:0x80008104
        2885000	       287	80000454	d2ee13a3	sh	x14,-729(x28)	 x28:0x800084d5 x14:0x02430000 PA:0x800081fc
        2895000	       288	80000458	d21e0023	sb	x1,-736(x28)	 x28:0x800084d5  x1:0x00000000 PA:0x800081f5
        2905000	       289	8000045c	ceee0423	sb	x14,-792(x28)	 x28:0x800084d5 x14:0x02430000 PA:0x800081bd
        2915000	       290	80000460	e15e5f83	lhu	x31,-491(x28)	 x28:0x800084d5 x31=0x0000a0a1 PA:0x800082ea
        2925000	       291	80000464	01e56fb3	or	x31,x10,x30	 x10:0x7fff6129 x30:0x80009f84 x31=0xffffffad
        2935000	       292	80000468	bb5e5583	lhu	x11,-1099(x28)	 x28:0x800084d5 x11=0x00004041 PA:0x8000808a
        2945000	       293	8000046c	41d15a33	sra	x20,x2,x29	  x2:0x00000405 x29:0x9ff8a000 x20=0x00000405
        2955000	       294	80000470	00186613	ori	x12,x16,1	 x16:0x00000001 x12=0x00000001
        2965000	       295	80000474	e1ae0483	lb	x9,-486(x28)	 x28:0x800084d5  x9=0xffffffa4 PA:0x800082ef
        2975000	       296	80000478	e97e0123	sb	x23,-382(x28)	 x28:0x800084d5 x23:0x80008921 PA:0x80008357
        2985000	       297	8000047c	e6fe0e23	sb	x15,-388(x28)	 x28:0x800084d5 x15:0x00000078 PA:0x80008351
        2995000	       298	80000480	759d3013	sltiu	x0,x26,1881	 x26:0x00000016
        3005000	       299	80000484	1d6e0103	lb	x2,470(x28)	 x28:0x800084d5  x2=0x00000060 PA:0x800086ab
        3015000	       300	00000000	00000013	addi	x0,x0,0	  x0:0x00000000
        3025000	       301	80000488	41215b13	srai	x22,x2,0x12	  x2:0x00000060 x22=0x00000000
        3035000	       302	8000048c	612dbd93	sltiu	x27,x27,1554	 x27:0x10001378 x27=0x00000000
        3045000	       303	80000490	be1cc713	xori	x14,x25,-1055	 x25:0x000000ed x14=0xfffffb0c
        3055000	       304	80000494	c7de0e83	lb	x29,-899(x28)	 x28:0x800084d5 x29=0x00000009 PA:0x80008152
        3065000	       305	80000498	017acc33	xor	x24,x21,x23	 x21:0x0000008c x23:0x80008921 x24=0x800089ad
        3075000	       306	8000049c	ddee4283	lbu	x5,-546(x28)	 x28:0x800084d5  x5=0x00000068 PA:0x800082b3
        3085000	       307	800004a0	058e0c83	lb	x25,88(x28)	 x28:0x800084d5 x25=0xffffffe6 PA:0x8000852d
        3095000	       308	800004a4	00008a17	auipc	x20,0x8	 x20=0x800084a0
        3105000	       309	800004a8	327a0a13	addi	x20,x20,807	 x20:0x800084a0 x20=0x800087c7
        3115000	       310	800004ac	039a4803	lbu	x16,57(x20)	 x20:0x800087c7 x16=0x000000bb PA:0x80008800
        3125000	       311	800004b0	00008997	auipc	x19,0x8	 x19=0x800084ac
        3135000	       312	800004b4	da398993	addi	x19,x19,-605	 x19:0x800084ac x19=0x8000824f
        3145000	       313	800004b8	09698f83	lb	x31,150(x19)	 x19:0x8000824f x31=0xffffff9e PA:0x800082e5
        3155000	       314	800004bc	003a0e83	lb	x29,3(x20)	 x20:0x800087c7 x29=0xffffff81 PA:0x800087ca
        3165000	       315	800004c0	00008b97	auipc	x23,0x8	 x23=0x800084bc
        3175000	       316	800004c4	31db8b93	addi	x23,x23,797	 x23:0x800084bc x23=0x800087d9
        3185000	       317	800004c8	fa098083	lb	x1,-96(x19)	 x19:0x8000824f  x1=0xffffffa4 PA:0x800081ef
        3195000	       318	800004cc	fc9a0883	lb	x17,-55(x20)	 x20:0x800087c7 x17=0x0000004b PA:0x80008790
        3205000	       319	800004d0	8d7bd803	lhu	x16,-1833(x23)	 x23:0x800087d9 x16=0x00006a6b PA:0x800080b0
        3215000	       320	800004d4	e1dbcd03	lbu	x26,-483(x23)	 x23:0x800087d9 x26=0x000000ad PA:0x800085f6
        3225000	       321	800004d8	fd6bc283	lbu	x5,-42(x23)	 x23:0x800087d9  x5=0x00000064 PA:0x800087af
        3235000	       322	800004dc	0da9c803	lbu	x16,218(x19)	 x19:0x8000824f x16=0x000000e2 PA:0x80008329
        3245000	       323	800004e0	897ba503	lw	x10,-1897(x23)	 x23:0x800087d9 x10=0x28292a2b PA:0x80008070
        3255000	       324	800004e4	0c298e83	lb	x29,194(x19)	 x19:0x8000824f x29=0xffffffca PA:0x80008311
        3265000	       325	800004e8	e91ba3a3	sw	x17,-377(x23)	 x23:0x800087d9 x17:0x0000004b PA:0x80008660
        3275000	       326	800004ec	0b79df83	lhu	x31,183(x19)	 x19:0x8000824f x31=0x0000bcbd PA:0x80008306
        3285000	       327	800004f0	8bebcb03	lbu	x22,-1858(x23)	 x23:0x800087d9 x22=0x0000004c PA:0x80008097
        3295000	       328	800004f4	00aa0c23	sb	x10,24(x20)	 x20:0x800087c7 x10:0x28292a2b PA:0x800087df
        3305000	       329	800004f8	da0b89a3	sb	x0,-589(x23)	 x23:0x800087d9  x0:0x00000000 PA:0x8000858c
        3315000	       330	800004fc	029a1ba3	sh	x9,55(x20)	 x20:0x800087c7  x9:0xffffffa4 PA:0x800087fe
        3325000	       331	80000500	fe29a8a3	sw	x2,-15(x19)	 x19:0x8000824f  x2:0x00000060 PA:0x80008240
        3335000	       332	80000504	fc2a0583	lb	x11,-62(x20)	 x20:0x800087c7 x11=0x00000042 PA:0x80008789
        3345000	       333	80000508	bf2b8523	sb	x18,-1046(x23)	 x23:0x800087d9 x18:0xffffffed PA:0x800083c3
        3355000	       334	8000050c	05a98903	lb	x18,90(x19)	 x19:0x8000824f x18=0x00000062 PA:0x800082a9
        3365000	       335	80000510	ce1bc183	lbu	x3,-799(x23)	 x23:0x800087d9  x3=0x00000071 PA:0x800084ba
        3375000	       336	80000514	0c198c03	lb	x24,193(x19)	 x19:0x8000824f x24=0xffffffcb PA:0x80008310
        3385000	       337	80000518	c8ab8323	sb	x10,-890(x23)	 x23:0x800087d9 x10:0x28292a2b PA:0x8000845f
        3395000	       338	8000051c	fec98a83	lb	x21,-20(x19)	 x19:0x8000824f x21=0xfffffff0 PA:0x8000823b
        3405000	       339	80000520	0569c003	lbu	x0,86(x19)	 x19:0x8000824f PA:0x800082a5
        3415000	       340	80000524	00009317	auipc	x6,0x9	  x6=0x80009520
        3425000	       341	80000528	abf30313	addi	x6,x6,-1345	  x6:0x80009520  x6=0x80008fdf
        3435000	       342	8000052c	00330323	sb	x3,6(x6)	  x6:0x80008fdf  x3:0x00000071 PA:0x80008fe5
        3445000	       343	80000530	00634e03	lbu	x28,6(x6)	  x6:0x80008fdf x28=0x00000071 PA:0x80008fe5
        3455000	       344	80000534	007a9ab3	sll	x21,x21,x7	 x21:0xfffffff0  x7:0x00002123 x21=0xffffff80
        3465000	       345	80000538	00634803	lbu	x16,6(x6)	  x6:0x80008fdf x16=0x00000071 PA:0x80008fe5
        3475000	       346	8000053c	01330323	sb	x19,6(x6)	  x6:0x80008fdf x19:0x8000824f PA:0x80008fe5
        3485000	       347	80000540	00634e03	lbu	x28,6(x6)	  x6:0x80008fdf x28=0x0000004f PA:0x80008fe5
        3495000	       348	80000544	00630103	lb	x2,6(x6)	  x6:0x80008fdf  x2=0x0000004f PA:0x80008fe5
        3505000	       349	80000548	00549bb3	sll	x23,x9,x5	  x9:0xffffffa4  x5:0x00000064 x23=0xfffffa40
        3515000	       350	8000054c	01fe33b3	sltu	x7,x28,x31	 x28:0x0000004f x31:0x0000bcbd  x7=0x00000001
        3525000	       351	80000550	00734c03	lbu	x24,7(x6)	  x6:0x80008fdf x24=0x000000cd PA:0x80008fe6
        3535000	       352	80000554	019522b3	slt	x5,x10,x25	 x10:0x28292a2b x25:0xffffffe6  x5=0x00000000
        3545000	       353	80000558	fea30fa3	sb	x10,-1(x6)	  x6:0x80008fdf x10:0x28292a2b PA:0x80008fde
        3555000	       354	8000055c	fef30d23	sb	x15,-6(x6)	  x6:0x80008fdf x15:0x00000078 PA:0x80008fd9
        3565000	       355	80000560	ffa30803	lb	x16,-6(x6)	  x6:0x80008fdf x16=0x00000078 PA:0x80008fd9
        3575000	       356	80000564	40e005b3	sub	x11,x0,x14	  x0:0x00000000 x14:0xfffffb0c x11=0x000004f4
        3585000	       357	80000568	ffa34383	lbu	x7,-6(x6)	  x6:0x80008fdf  x7=0x00000078 PA:0x80008fd9
        3595000	       358	8000056c	ffa34183	lbu	x3,-6(x6)	  x6:0x80008fdf  x3=0x00000078 PA:0x80008fd9
        3605000	       359	80000570	00009117	auipc	x2,0x9	  x2=0x8000956c
        3615000	       360	80000574	89910113	addi	x2,x2,-1895	  x2:0x8000956c  x2=0x80008e05
        3625000	       361	80000578	401fdc13	srai	x24,x31,0x1	 x31:0x0000bcbd x24=0x00005e5e
        3635000	       362	8000057c	0a9100a3	sb	x9,161(x2)	  x2:0x80008e05  x9:0xffffffa4 PA:0x80008ea6
        3645000	       363	80000580	fb515d03	lhu	x26,-75(x2)	  x2:0x80008e05 x26=0x0000a0a1 PA:0x80008dba
        3655000	       364	80000584	8bf66c13	ori	x24,x12,-1857	 x12:0x00000001 x24=0xfffff8bf
        3665000	       365	80000588	0de10a03	lb	x20,222(x2)	  x2:0x80008e05 x20=0xffffffc8 PA:0x80008ee3
        3675000	       366	8000058c	0ed10323	sb	x13,230(x2)	  x2:0x80008e05 x13:0x0000000d PA:0x80008eeb
        3685000	       367	80000590	04010883	lb	x17,64(x2)	  x2:0x80008e05 x17=0x0000002e PA:0x80008e45
        3695000	       368	80000594	01505593	srli	x11,x0,0x15	  x0:0x00000000 x11=0x00000000
        3705000	       369	80000598	229afb13	andi	x22,x21,553	 x21:0xffffff80 x22=0x00000200
        3715000	       370	8000059c	00281d13	slli	x26,x16,0x2	 x16:0x00000078 x26=0x000001e0
        3725000	       371	800005a0	014123a3	sw	x20,7(x2)	  x2:0x80008e05 x20:0xffffffc8 PA:0x80008e0c
        3735000	       372	800005a4	f4b50293	addi	x5,x10,-181	 x10:0x28292a2b  x5=0x28292976
        3745000	       373	800005a8	fc010fa3	sb	x0,-33(x2)	  x2:0x80008e05  x0:0x00000000 PA:0x80008de4
        3755000	       374	800005ac	35ec2e13	slti	x28,x24,862	 x24:0xfffff8bf x28=0x00000001
        3765000	       375	800005b0	09e10d03	lb	x26,158(x2)	  x2:0x80008e05 x26=0xffffff88 PA:0x80008ea3
        3775000	       376	800005b4	09611aa3	sh	x22,149(x2)	  x2:0x80008e05 x22:0x00000200 PA:0x80008e9a
        3785000	       377	800005b8	fee10d03	lb	x26,-18(x2)	  x2:0x80008e05 x26=0xffffffd8 PA:0x80008df3
        3795000	       378	800005bc	04c10b83	lb	x23,76(x2)	  x2:0x80008e05 x23=0x0000003a PA:0x80008e51
        3805000	       379	800005c0	fe610823	sb	x6,-16(x2)	  x2:0x80008e05  x6:0x80008fdf PA:0x80008df5
        3815000	       380	800005c4	40c10b33	sub	x22,x2,x12	  x2:0x80008e05 x12:0x00000001 x22=0x80008e04
        3825000	       381	800005c8	fa310023	sb	x3,-96(x2)	  x2:0x80008e05  x3:0x00000078 PA:0x80008da5
        3835000	       382	800005cc	fb311d83	lh	x27,-77(x2)	  x2:0x80008e05 x27=0xffffa2a3 PA:0x80008db8
        3845000	       383	800005d0	89d05097	auipc	x1,0x89d05	  x1=0x09d055cc
        3855000	       384	800005d4	01b26633	or	x12,x4,x27	  x4:0x80009fc4 x27:0xffffa2a3 x12=0xffffbfe7
        3865000	       385	800005d8	fdc14483	lbu	x9,-36(x2)	  x2:0x80008e05  x9=0x000000ca PA:0x80008de1
        3875000	       386	800005dc	053115a3	sh	x19,75(x2)	  x2:0x80008e05 x19:0x8000824f PA:0x80008e50
        3885000	       387	800005e0	fed10903	lb	x18,-19(x2)	  x2:0x80008e05 x18=0xffffffd9 PA:0x80008df2
        3895000	       388	800005e4	00008417	auipc	x8,0x8	  x8=0x800085e0
        3905000	       389	800005e8	62c40413	addi	x8,x8,1580	  x8:0x800085e0  x8=0x80008c0c
        3915000	       390	800005ec	00641e83	lh	x29,6(x8)	  x8:0x80008c0c x29=0xfffff8f9 PA:0x80008c12
        3925000	       391	800005f0	02e40b23	sb	x14,54(x8)	  x8:0x80008c0c x14:0xfffffb0c PA:0x80008c42
        3935000	       392	800005f4	00008617	auipc	x12,0x8	 x12=0x800085f0
        3945000	       393	800005f8	4fa60613	addi	x12,x12,1274	 x12:0x800085f0 x12=0x80008aea
        3955000	       394	800005fc	03c41c83	lh	x25,60(x8)	  x8:0x80008c0c x25=0x00003233 PA:0x80008c48
        3965000	       395	80000600	1cf60303	lb	x6,463(x12)	 x12:0x80008aea  x6=0xffffffa2 PA:0x80008cb9
        3975000	       396	80000604	03e44e83	lbu	x29,62(x8)	  x8:0x80008c0c x29=0x00000031 PA:0x80008c4a
        3985000	       397	80000608	e5f60aa3	sb	x31,-427(x12)	 x12:0x80008aea x31:0x0000bcbd PA:0x8000893f
        3995000	       398	8000060c	fc344883	lbu	x17,-61(x8)	  x8:0x80008c0c x17=0x000000b4 PA:0x80008bcf
        4005000	       399	80000610	23b603a3	sb	x27,551(x12)	 x12:0x80008aea x27:0xffffa2a3 PA:0x80008d11
        4015000	       400	80000614	db564d03	lbu	x26,-587(x12)	 x12:0x80008aea x26=0x00000084 PA:0x8000889f
        4025000	       401	80000618	d2860ca3	sb	x8,-711(x12)	 x12:0x80008aea  x8:0x80008c0c PA:0x80008823
        4035000	       402	8000061c	03944503	lbu	x10,57(x8)	  x8:0x80008c0c x10=0x0000002e PA:0x80008c45
        4045000	       403	80000620	ff140ba3	sb	x17,-9(x8)	  x8:0x80008c0c x17:0x000000b4 PA:0x80008c03
        4055000	       404	80000624	00008c17	auipc	x24,0x8	 x24=0x80008620
        4065000	       405	80000628	199c0c13	addi	x24,x24,409	 x24:0x80008620 x24=0x800087b9
        4075000	       406	8000062c	c85c0803	lb	x16,-891(x24)	 x24:0x800087b9 x16=0xfffffff5 PA:0x8000843e
        4085000	       407	80000630	00008597	auipc	x11,0x8	 x11=0x8000862c
        4095000	       408	80000634	15b58593	addi	x11,x11,347	 x11:0x8000862c x11=0x80008787
        4105000	       409	80000638	edcc0983	lb	x19,-292(x24)	 x24:0x800087b9 x19=0x0000004e PA:0x80008695
        4115000	       410	00000000	00000013	addi	x0,x0,0	  x0:0x00000000
        4125000	       411	8000063c	bd3c2783	lw	x15,-1069(x24)	 x24:0x800087b9 x15=0x44454647 PA:0x8000838c
        4135000	       412	80000640	9d858023	sb	x24,-1600(x11)	 x11:0x80008787 x24:0x800087b9 PA:0x80008147
        4145000	       413	80000644	e13c05a3	sb	x19,-501(x24)	 x24:0x800087b9 x19:0x0000004e PA:0x800085c4
        4155000	       414	80000648	f8e5c003	lbu	x0,-114(x11)	 x11:0x80008787 PA:0x80008715
        4165000	       415	8000064c	cd3c5e83	lhu	x29,-813(x24)	 x24:0x800087b9 x29=0x00004647 PA:0x8000848c
        4175000	       416	80000650	af55aca3	sw	x21,-1287(x11)	 x11:0x80008787 x21:0xffffff80 PA:0x80008280
        4185000	       417	80000654	c3bc0503	lb	x10,-965(x24)	 x24:0x800087b9 x10=0xffffffaf PA:0x800083f4
        4195000	       418	80000658	fc5583a3	sb	x5,-57(x11)	 x11:0x80008787  x5:0x28292976 PA:0x8000874e
        4205000	       419	8000065c	ee3c0e83	lb	x29,-285(x24)	 x24:0x800087b9 x29=0x00000057 PA:0x8000869c
        4215000	       420	80000660	9fb5ce83	lbu	x29,-1541(x11)	 x11:0x80008787 x29=0x00000039 PA:0x80008182
        4225000	       421	80000664	a115d503	lhu	x10,-1519(x11)	 x11:0x80008787 x10=0x00005253 PA:0x80008198
        4235000	       422	80000668	bc2c4d03	lbu	x26,-1086(x24)	 x24:0x800087b9 x26=0x00000030 PA:0x8000837b
        4245000	       423	8000066c	a3058b23	sb	x16,-1482(x11)	 x11:0x80008787 x16:0xfffffff5 PA:0x800081bd
        4255000	       424	80000670	00008e97	auipc	x29,0x8	 x29=0x8000866c
        4265000	       425	80000674	26de8e93	addi	x29,x29,621	 x29:0x8000866c x29=0x800088d9
        4275000	       426	80000678	fdbed503	lhu	x10,-37(x29)	 x29:0x800088d9 x10=0x00009e9f PA:0x800088b4
        4285000	       427	8000067c	fdbedc03	lhu	x24,-37(x29)	 x29:0x800088d9 x24=0x00009e9f PA:0x800088b4
        4295000	       428	80000680	fd1e8083	lb	x1,-47(x29)	 x29:0x800088d9  x1=0xffffff91 PA:0x800088aa
        4305000	       429	00000000	00000013	addi	x0,x0,0	  x0:0x00000000
        4315000	       430	80000684	001e4c33	xor	x24,x28,x1	 x28:0x00000001  x1:0xffffff91 x24=0xffffff90
        4325000	       431	80000688	02de9703	lh	x14,45(x29)	 x29:0x800088d9 x14=0xffffeced PA:0x80008906
        4335000	       432	8000068c	02deca83	lbu	x21,45(x29)	 x29:0x800088d9 x21=0x000000ed PA:0x80008906
        4345000	       433	80000690	027ea403	lw	x8,39(x29)	 x29:0x800088d9  x8=0xe8e9eaeb PA:0x80008900
        4355000	       434	80000694	030e98a3	sh	x16,49(x29)	 x29:0x800088d9 x16:0xfffffff5 PA:0x8000890a
        4365000	       435	80000698	fd4e8c23	sb	x20,-40(x29)	 x29:0x800088d9 x20:0xffffffc8 PA:0x800088b1
        4375000	       436	8000069c	fc2e8c23	sb	x2,-40(x29)	 x29:0x800088d9  x2:0x80008e05 PA:0x800088b1
        4385000	       437	800006a0	3afea293	slti	x5,x29,943	 x29:0x800088d9  x5=0x00000001
        4395000	       438	800006a4	ffae8b23	sb	x26,-10(x29)	 x29:0x800088d9 x26:0x00000030 PA:0x800088cf
        4405000	       439	800006a8	ff6ecd83	lbu	x27,-10(x29)	 x29:0x800088d9 x27=0x00000030 PA:0x800088cf
        4415000	       440	800006ac	00000013	addi	x0,x0,0	  x0:0x00000000
        4425000	       441	800006b0	00dd0c33	add	x24,x26,x13	 x26:0x00000030 x13:0x0000000d x24=0x0000003d
        4435000	       442	800006b4	06583797	auipc	x15,0x6583	 x15=0x865836b0
        4445000	       443	800006b8	0fe9fb93	andi	x23,x19,254	 x19:0x0000004e x23=0x0000004e
        4455000	       444	800006bc	000c1c93	slli	x25,x24,0x0	 x24:0x0000003d x25=0x0000003d
        4465000	       445	800006c0	b53541b7	lui	x3,0xb5354	  x3=0xb5354000
        4475000	       446	800006c4	00b1fa63	bgeu	x3,x11,800006d8	  x3:0xb5354000 x11:0x80008787
        4485000	       447	00000000	00000013	addi	x0,x0,0	  x0:0x00000000
        4495000	       448	800006d4	00000013	addi	x0,x0,0	  x0:0x00000000
        4505000	       449	800006d8	412184b3	sub	x9,x3,x18	  x3:0xb5354000 x18:0xffffffd9  x9=0xb5354027
        4515000	       450	800006dc	4026d0b3	sra	x1,x13,x2	 x13:0x0000000d  x2:0x80008e05  x1=0x00000000
        4525000	       451	800006e0	03e3f263	bgeu	x7,x30,80000704	  x7:0x00000078 x30:0x80009f84
        4535000	       452	800006e4	41bf5593	srai	x11,x30,0x1b	 x30:0x80009f84 x11=0xfffffff0
        4545000	       453	800006e8	02a5f463	bgeu	x11,x10,80000710	 x11:0xfffffff0 x10:0x00009e9f
        4555000	       454	00000000	00000013	addi	x0,x0,0	  x0:0x00000000
        4565000	       455	8000070c	00000013	addi	x0,x0,0	  x0:0x00000000
        4575000	       456	80000710	01b39613	slli	x12,x7,0x1b	  x7:0x00000078 x12=0xc0000000
        4585000	       457	80000714	054a5263	bge	x20,x20,80000758	 x20:0xffffffc8 x20:0xffffffc8
        4595000	       458	00000000	00000013	addi	x0,x0,0	  x0:0x00000000
        4605000	       459	80000754	00000013	addi	x0,x0,0	  x0:0x00000000
        4615000	       460	80000758	9b9a3793	sltiu	x15,x20,-1607	 x20:0xffffffc8 x15=0x00000000
        4625000	       461	8000075c	001a1b33	sll	x22,x20,x1	 x20:0xffffffc8  x1:0x00000000 x22=0xffffffc8
        4635000	       462	80000760	01b35b93	srli	x23,x6,0x1b	  x6:0xffffffa2 x23=0x0000001f
        4645000	       463	80000764	05555063	bge	x10,x21,800007a4	 x10:0x00009e9f x21:0x000000ed
        4655000	       464	00000000	00000013	addi	x0,x0,0	  x0:0x00000000
        4665000	       465	800007a0	00000013	addi	x0,x0,0	  x0:0x00000000
        4675000	       466	800007a4	036aee63	bltu	x21,x22,800007e0	 x21:0x000000ed x22:0xffffffc8
        4685000	       467	00000000	00000013	addi	x0,x0,0	  x0:0x00000000
        4695000	       468	800007dc	00000013	addi	x0,x0,0	  x0:0x00000000
        4705000	       469	800007e0	02da4863	blt	x20,x13,80000810	 x20:0xffffffc8 x13:0x0000000d
        4715000	       470	00000000	00000013	addi	x0,x0,0	  x0:0x00000000
        4725000	       471	8000080c	00000013	addi	x0,x0,0	  x0:0x00000000
        4735000	       472	80000810	00000013	addi	x0,x0,0	  x0:0x00000000
        4745000	       473	80000814	01196263	bltu	x18,x17,80000818	 x18:0xffffffd9 x17:0x000000b4
        4755000	       474	80000818	ca2ac3b7	lui	x7,0xca2ac	  x7=0xca2ac000
        4765000	       475	8000081c	00fd5a63	bge	x26,x15,80000830	 x26:0x00000030 x15:0x00000000
        4775000	       476	00000000	00000013	addi	x0,x0,0	  x0:0x00000000
        4785000	       477	8000082c	00000013	addi	x0,x0,0	  x0:0x00000000
        4795000	       478	80000830	030fc063	blt	x31,x16,80000850	 x31:0x0000bcbd x16:0xfffffff5
        4805000	       479	80000834	04d20663	beq	x4,x13,80000880	  x4:0x80009fc4 x13:0x0000000d
        4815000	       480	80000838	ec6071b7	lui	x3,0xec607	  x3=0xec607000
        4825000	       481	8000083c	cb526d93	ori	x27,x4,-843	  x4:0x80009fc4 x27=0xfffffff5
        4835000	       482	80000840	0315c063	blt	x11,x17,80000860	 x11:0xfffffff0 x17:0x000000b4
        4845000	       483	00000000	00000013	addi	x0,x0,0	  x0:0x00000000
        4855000	       484	8000085c	00000013	addi	x0,x0,0	  x0:0x00000000
        4865000	       485	80000860	03a18e63	beq	x3,x26,8000089c	  x3:0xec607000 x26:0x00000030
        4875000	       486	80000864	23c9c593	xori	x11,x19,572	 x19:0x0000004e x11=0x00000272
        4885000	       487	80000868	0309da63	bge	x19,x16,8000089c	 x19:0x0000004e x16:0xfffffff5
        4895000	       488	00000000	00000013	addi	x0,x0,0	  x0:0x00000000
        4905000	       489	80000898	00000013	addi	x0,x0,0	  x0:0x00000000
        4915000	       490	8000089c	011bcc63	blt	x23,x17,800008b4	 x23:0x0000001f x17:0x000000b4
        4925000	       491	00000000	00000013	addi	x0,x0,0	  x0:0x00000000
        4935000	       492	800008b0	00000013	addi	x0,x0,0	  x0:0x00000000
        4945000	       493	800008b4	00000013	addi	x0,x0,0	  x0:0x00000000
        4955000	       494	800008b8	01309c63	bne	x1,x19,800008d0	  x1:0x00000000 x19:0x0000004e
        4965000	       495	00000000	00000013	addi	x0,x0,0	  x0:0x00000000
        4975000	       496	800008cc	00000013	addi	x0,x0,0	  x0:0x00000000
        4985000	       497	800008d0	009fd913	srli	x18,x31,0x9	 x31:0x0000bcbd x18=0x0000005e
        4995000	       498	800008d4	011fb1b3	sltu	x3,x31,x17	 x31:0x0000bcbd x17:0x000000b4  x3=0x00000000
        5005000	       499	800008d8	03b1c663	blt	x3,x27,80000904	  x3:0x00000000 x27:0xfffffff5
        5015000	       500	800008dc	00caa533	slt	x10,x21,x12	 x21:0x000000ed x12:0xc0000000 x10=0x00000000
        5025000	       501	800008e0	01f962b3	or	x5,x18,x31	 x18:0x0000005e x31:0x0000bcbd  x5=0x0000bcff
        5035000	       502	800008e4	01315113	srli	x2,x2,0x13	  x2:0x80008e05  x2=0x00001000
        5045000	       503	800008e8	3daef993	andi	x19,x29,986	 x29:0x800088d9 x19=0x000000d8
        5055000	       504	800008ec	05905863	bge	x0,x25,8000093c	  x0:0x00000000 x25:0x0000003d
        5065000	       505	800008f0	7db6a413	slti	x8,x13,2011	 x13:0x0000000d  x8=0x00000001
        5075000	       506	800008f4	3fec2093	slti	x1,x24,1022	 x24:0x0000003d  x1=0x00000001
        5085000	       507	800008f8	00842bb3	slt	x23,x8,x8	  x8:0x00000001  x8:0x00000001 x23=0x00000000
        5095000	       508	800008fc	01f0c533	xor	x10,x1,x31	  x1:0x00000001 x31:0x0000bcbd x10=0x0000bcbc
        5105000	       509	80000900	00a480b3	add	x1,x9,x10	  x9:0xb5354027 x10:0x0000bcbc  x1=0xb535fce3
        5115000	       510	80000904	b384af93	slti	x31,x9,-1224	  x9:0xb5354027 x31=0x00000001
        5125000	       511	80000908	40225bb3	sra	x23,x4,x2	  x4:0x80009fc4  x2:0x00001000 x23=0x80009fc4
        5135000	       512	8000090c	01f012b3	sll	x5,x0,x31	  x0:0x00000000 x31:0x00000001  x5=0x00000000
        5145000	       513	80000910	e7def613	andi	x12,x29,-387	 x29:0x800088d9 x12=0x80008859
        5155000	       514	80000914	76066a93	ori	x21,x12,1888	 x12:0x80008859 x21=0x80008f79
        5165000	       515	80000918	002c5333	srl	x6,x24,x2	 x24:0x0000003d  x2:0x00001000  x6=0x0000003d
        5175000	       516	8000091c	012a8bb3	add	x23,x21,x18	 x21:0x80008f79 x18:0x0000005e x23=0x80008fd7
        5185000	       517	80000920	013d6663	bltu	x26,x19,8000092c	 x26:0x00000030 x19:0x000000d8
        5195000	       518	00000000	00000013	addi	x0,x0,0	  x0:0x00000000
        5205000	       519	80000928	00000013	addi	x0,x0,0	  x0:0x00000000
        5215000	       520	8000092c	98683193	sltiu	x3,x16,-1658	 x16:0xfffffff5  x3=0x00000000
        5225000	       521	80000930	88dcba13	sltiu	x20,x25,-1907	 x25:0x0000003d x20=0x00000001
        5235000	       522	80000934	024f4a63	blt	x30,x4,80000968	 x30:0x80009f84  x4:0x80009fc4
        5245000	       523	00000000	00000013	addi	x0,x0,0	  x0:0x00000000
        5255000	       524	80000964	00000013	addi	x0,x0,0	  x0:0x00000000
        5265000	       525	80000968	047ec263	blt	x29,x7,800009ac	 x29:0x800088d9  x7:0xca2ac000
        5275000	       526	00000000	00000013	addi	x0,x0,0	  x0:0x00000000
        5285000	       527	800009a8	00000013	addi	x0,x0,0	  x0:0x00000000
        5295000	       528	800009ac	00040133	add	x2,x8,x0	  x8:0x00000001  x0:0x00000000  x2=0x00000001
        5305000	       529	800009b0	4b1ac713	xori	x14,x21,1201	 x21:0x80008f79 x14=0x80008bc8
        5315000	       530	800009b4	d4cafa17	auipc	x20,0xd4caf	 x20=0x54caf9b0
        5325000	       531	800009b8	014d95b3	sll	x11,x27,x20	 x27:0xfffffff5 x20:0x54caf9b0 x11=0xfff50000
        5335000	       532	800009bc	051e2c93	slti	x25,x28,81	 x28:0x00000001 x25=0x00000001
        5345000	       533	800009c0	40cfd7b3	sra	x15,x31,x12	 x31:0x00000001 x12:0x80008859 x15=0x00000000
        5355000	       534	800009c4	04b5e663	bltu	x11,x11,80000a10	 x11:0xfff50000 x11:0xfff50000
        5365000	       535	800009c8	005e7263	bgeu	x28,x5,800009cc	 x28:0x00000001  x5:0x00000000
        5375000	       536	00000000	00000013	addi	x0,x0,0	  x0:0x00000000
        5385000	       537	800009c8	00000013	addi	x0,x0,0	  x0:0x00000000
        5395000	       538	800009cc	00efad33	slt	x26,x31,x14	 x31:0x00000001 x14:0x80008bc8 x26=0x00000000
        5405000	       539	800009d0	019fdd13	srli	x26,x31,0x19	 x31:0x00000001 x26=0x00000000
        5415000	       540	800009d4	07f63413	sltiu	x8,x12,127	 x12:0x80008859  x8=0x00000000
        5425000	       541	800009d8	006ecab3	xor	x21,x29,x6	 x29:0x800088d9  x6:0x0000003d x21=0x800088e4
        5435000	       542	800009dc	0194e463	bltu	x9,x25,800009e4	  x9:0xb5354027 x25:0x00000001
        5445000	       543	800009e0	182beb13	ori	x22,x23,386	 x23:0x80008fd7 x22=0x80008fd7
        5455000	       544	800009e4	c0194313	xori	x6,x18,-1023	 x18:0x0000005e  x6=0xfffffc5f
        5465000	       545	800009e8	6c5f0493	addi	x9,x30,1733	 x30:0x80009f84  x9=0x8000a649
        5475000	       546	800009ec	039ae263	bltu	x21,x25,80000a10	 x21:0x800088e4 x25:0x00000001
        5485000	       547	800009f0	bc9c3b13	sltiu	x22,x24,-1079	 x24:0x0000003d x22=0x00000001
        5495000	       548	800009f4	01e2adb3	slt	x27,x5,x30	  x5:0x00000000 x30:0x80009f84 x27=0x00000000
        5505000	       549	800009f8	01b97463	bgeu	x18,x27,80000a00	 x18:0x0000005e x27:0x00000000
        5515000	       550	00000000	00000013	addi	x0,x0,0	  x0:0x00000000
        5525000	       551	800009fc	00000013	addi	x0,x0,0	  x0:0x00000000
        5535000	       552	80000a00	9856b313	sltiu	x6,x13,-1659	 x13:0x0000000d  x6=0x00000001
        5545000	       553	80000a04	034e5063	bge	x28,x20,80000a24	 x28:0x00000001 x20:0x54caf9b0
        5555000	       554	80000a08	01d0f9b3	and	x19,x1,x29	  x1:0xb535fce3 x29:0x800088d9 x19=0x800088c1
        5565000	       555	80000a0c	34b82713	slti	x14,x16,843	 x16:0xfffffff5 x14=0x00000001
        5575000	       556	80000a10	db45ef93	ori	x31,x11,-588	 x11:0xfff50000 x31=0xfffffdb4
        5585000	       557	80000a14	40fa5033	sra	x0,x20,x15	 x20:0x54caf9b0 x15:0x00000000
        5595000	       558	80000a18	08a9ce63	blt	x19,x10,80000ab4	 x19:0x800088c1 x10:0x0000bcbc
        5605000	       559	00000000	00000013	addi	x0,x0,0	  x0:0x00000000
        5615000	       560	80000ab0	00000013	addi	x0,x0,0	  x0:0x00000000
        5625000	       561	80000ab4	8aa02d93	slti	x27,x0,-1878	  x0:0x00000000 x27=0x00000000
        5635000	       562	80000ab8	01eda933	slt	x18,x27,x30	 x27:0x00000000 x30:0x80009f84 x18=0x00000000
        5645000	       563	80000abc	02a1ee63	bltu	x3,x10,80000af8	  x3:0x00000000 x10:0x0000bcbc
        5655000	       564	00000000	00000013	addi	x0,x0,0	  x0:0x00000000
        5665000	       565	80000af4	00000013	addi	x0,x0,0	  x0:0x00000000
        5675000	       566	80000af8	03e5f263	bgeu	x11,x30,80000b1c	 x11:0xfff50000 x30:0x80009f84
        5685000	       567	00000000	00000013	addi	x0,x0,0	  x0:0x00000000
        5695000	       568	80000b18	00000013	addi	x0,x0,0	  x0:0x00000000
        5705000	       569	80000b1c	ca2dca17	auipc	x20,0xca2dc	 x20=0x4a2dcb18
        5715000	       570	80000b20	0039c633	xor	x12,x19,x3	 x19:0x800088c1  x3:0x00000000 x12=0x800088c1
        5725000	       571	80000b24	33bc6893	ori	x17,x24,827	 x24:0x0000003d x17=0x0000033f
        5735000	       572	80000b28	01fcc663	blt	x25,x31,80000b34	 x25:0x00000001 x31:0xfffffdb4
        5745000	       573	80000b2c	cd91e393	ori	x7,x3,-807	  x3:0x00000000  x7=0xfffffcd9
        5755000	       574	80000b30	010bdcb3	srl	x25,x23,x16	 x23:0x80008fd7 x16:0xfffffff5 x25=0x00000400
        5765000	       575	80000b34	03031e63	bne	x6,x16,80000b70	  x6:0x00000001 x16:0xfffffff5
        5775000	       576	00000000	00000013	addi	x0,x0,0	  x0:0x00000000
        5785000	       577	80000b6c	00000013	addi	x0,x0,0	  x0:0x00000000
        5795000	       578	80000b70	1bfc7d97	auipc	x27,0x1bfc7	 x27=0x9bfc7b6c
        5805000	       579	80000b74	40f95133	sra	x2,x18,x15	 x18:0x00000000 x15:0x00000000  x2=0x00000000
        5815000	       580	80000b78	b656b417	auipc	x8,0xb656b	  x8=0x3656bb74
        5825000	       581	80000b7c	008a88b3	add	x17,x21,x8	 x21:0x800088e4  x8:0x3656bb74 x17=0xb6574458
        5835000	       582	80000b80	00b29c33	sll	x24,x5,x11	  x5:0x00000000 x11:0xfff50000 x24=0x00000000
        5845000	       583	80000b84	01c70cb3	add	x25,x14,x28	 x14:0x00000001 x28:0x00000001 x25=0x00000002
        5855000	       584	80000b88	00000013	addi	x0,x0,0	  x0:0x00000000
        5865000	       585	80000b8c	4b284913	xori	x18,x16,1202	 x16:0xfffffff5 x18=0xfffffb47
        5875000	       586	80000b90	00000013	addi	x0,x0,0	  x0:0x00000000
        5885000	       587	80000b94	21070e93	addi	x29,x14,528	 x14:0x00000001 x29=0x00000211
        5895000	       588	80000b98	95fbce93	xori	x29,x23,-1697	 x23:0x80008fd7 x29=0x7fff7688
        5905000	       589	80000b9c	09843393	sltiu	x7,x8,152	  x8:0x3656bb74  x7=0x00000000
        5915000	       590	80000ba0	018cd833	srl	x16,x25,x24	 x25:0x00000002 x24:0x00000000 x16=0x00000002
        5925000	       591	80000ba4	6c8d6d13	ori	x26,x26,1736	 x26:0x00000000 x26=0x000006c8
        5935000	       592	80000ba8	41b25c93	srai	x25,x4,0x1b	  x4:0x80009fc4 x25=0xfffffff0
        5945000	       593	80000bac	022b5a63	bge	x22,x2,80000be0	 x22:0x00000001  x2:0x00000000
        5955000	       594	00000000	00000013	addi	x0,x0,0	  x0:0x00000000
        5965000	       595	80000bdc	00000013	addi	x0,x0,0	  x0:0x00000000
        5975000	       596	80000be0	58d600b7	lui	x1,0x58d60	  x1=0x58d60000
        5985000	       597	80000be4	00b77433	and	x8,x14,x11	 x14:0x00000001 x11:0xfff50000  x8=0x00000000
        5995000	       598	80000be8	c67a8c13	addi	x24,x21,-921	 x21:0x800088e4 x24=0x8000854b
        6005000	       599	80000bec	50fca813	slti	x16,x25,1295	 x25:0xfffffff0 x16=0x00000001
        6015000	       600	80000bf0	02cf5663	bge	x30,x12,80000c1c	 x30:0x80009f84 x12:0x800088c1
        6025000	       601	00000000	00000013	addi	x0,x0,0	  x0:0x00000000
        6035000	       602	80000c18	00000013	addi	x0,x0,0	  x0:0x00000000
        6045000	       603	80000c1c	8c692513	slti	x10,x18,-1850	 x18:0xfffffb47 x10=0x00000000
        6055000	       604	80000c20	408bd9b3	sra	x19,x23,x8	 x23:0x80008fd7  x8:0x00000000 x19=0x80008fd7
        6065000	       605	80000c24	01121d13	slli	x26,x4,0x11	  x4:0x80009fc4 x26=0x3f880000
        6075000	       606	80000c28	00000013	addi	x0,x0,0	  x0:0x00000000
        6085000	       607	80000c2c	01820ab3	add	x21,x4,x24	  x4:0x80009fc4 x24:0x8000854b x21=0x0001250f
        6095000	       608	80000c30	63728617	auipc	x12,0x63728	 x12=0xe3728c2c
        6105000	       609	80000c34	9a44c413	xori	x8,x9,-1628	  x9:0x8000a649  x8=0x7fff5fed
        6115000	       610	80000c38	00218933	add	x18,x3,x2	  x3:0x00000000  x2:0x00000000 x18=0x00000000
        6125000	       611	80000c3c	40540a33	sub	x20,x8,x5	  x8:0x7fff5fed  x5:0x00000000 x20=0x7fff5fed
        6135000	       612	80000c40	007c08b3	add	x17,x24,x7	 x24:0x8000854b  x7:0x00000000 x17=0x8000854b
        6145000	       613	80000c44	e3732f93	slti	x31,x6,-457	  x6:0x00000001 x31=0x00000000
        6155000	       614	80000c48	003b05b3	add	x11,x22,x3	 x22:0x00000001  x3:0x00000000 x11=0x00000001
        6165000	       615	80000c4c	06996a63	bltu	x18,x9,80000cc0	 x18:0x00000000  x9:0x8000a649
        6175000	       616	00000000	00000013	addi	x0,x0,0	  x0:0x00000000
        6185000	       617	80000cbc	00000013	addi	x0,x0,0	  x0:0x00000000
        6195000	       618	80000cc0	007f5413	srli	x8,x30,0x7	 x30:0x80009f84  x8=0x0100013f
        6205000	       619	80000cc4	4093de13	srai	x28,x7,0x9	  x7:0x00000000 x28=0x00000000
        6215000	       620	80000cc8	03a31863	bne	x6,x26,80000cf8	  x6:0x00000001 x26:0x3f880000
        6225000	       621	00000000	00000013	addi	x0,x0,0	  x0:0x00000000
        6235000	       622	80000cf4	00000013	addi	x0,x0,0	  x0:0x00000000
        6245000	       623	80000cf8	406ed433	sra	x8,x29,x6	 x29:0x7fff7688  x6:0x00000001  x8=0x3fffbb44
        6255000	       624	80000cfc	00241893	slli	x17,x8,0x2	  x8:0x3fffbb44 x17=0xfffeed10
        6265000	       625	80000d00	01f70d33	add	x26,x14,x31	 x14:0x00000001 x31:0x00000000 x26=0x00000001
        6275000	       626	80000d04	00000013	addi	x0,x0,0	  x0:0x00000000
        6285000	       627	80000d08	02a71e63	bne	x14,x10,80000d44	 x14:0x00000001 x10:0x00000000
        6295000	       628	00000000	00000013	addi	x0,x0,0	  x0:0x00000000
        6305000	       629	80000d40	00000013	addi	x0,x0,0	  x0:0x00000000
        6315000	       630	80000d44	04ca5463	bge	x20,x12,80000d8c	 x20:0x7fff5fed x12:0xe3728c2c
        6325000	       631	00000000	00000013	addi	x0,x0,0	  x0:0x00000000
        6335000	       632	80000d88	00000013	addi	x0,x0,0	  x0:0x00000000
        6345000	       633	80000d8c	03041463	bne	x8,x16,80000db4	  x8:0x3fffbb44 x16:0x00000001
        6355000	       634	00000000	00000013	addi	x0,x0,0	  x0:0x00000000
        6365000	       635	80000db0	00000013	addi	x0,x0,0	  x0:0x00000000
        6375000	       636	80000db4	0f52b7b7	lui	x15,0xf52b	 x15=0x0f52b000
        6385000	       637	80000db8	050e0263	beq	x28,x16,80000dfc	 x28:0x00000000 x16:0x00000001
        6395000	       638	80000dbc	a4e24b13	xori	x22,x4,-1458	  x4:0x80009fc4 x22=0x7fff658a
        6405000	       639	80000dc0	41e95733	sra	x14,x18,x30	 x18:0x00000000 x30:0x80009f84 x14=0x00000000
        6415000	       640	80000dc4	1f11ba93	sltiu	x21,x3,497	  x3:0x00000000 x21=0x00000001
        6425000	       641	80000dc8	66654a93	xori	x21,x10,1638	 x10:0x00000000 x21=0x00000666
        6435000	       642	80000dcc	003e13b3	sll	x7,x28,x3	 x28:0x00000000  x3:0x00000000  x7=0x00000000
        6445000	       643	80000dd0	00e613b3	sll	x7,x12,x14	 x12:0xe3728c2c x14:0x00000000  x7=0xe3728c2c
        6455000	       644	80000dd4	5abdfc37	lui	x24,0x5abdf	 x24=0x5abdf000
        6465000	       645	80000dd8	41238833	sub	x16,x7,x18	  x7:0xe3728c2c x18:0x00000000 x16=0xe3728c2c
        6475000	       646	80000ddc	00c52433	slt	x8,x10,x12	 x10:0x00000000 x12:0xe3728c2c  x8=0x00000000
        6485000	       647	80000de0	04a40063	beq	x8,x10,80000e20	  x8:0x00000000 x10:0x00000000
        6495000	       648	00000000	00000013	addi	x0,x0,0	  x0:0x00000000
        6505000	       649	80000e1c	00000013	addi	x0,x0,0	  x0:0x00000000
        6515000	       650	80000e20	fde62fb7	lui	x31,0xfde62	 x31=0xfde62000
        6525000	       651	80000e24	00d503b3	add	x7,x10,x13	 x10:0x00000000 x13:0x0000000d  x7=0x0000000d
        6535000	       652	80000e28	351ef793	andi	x15,x29,849	 x29:0x7fff7688 x15=0x00000200
        6545000	       653	80000e2c	3dca4c13	xori	x24,x20,988	 x20:0x7fff5fed x24=0x7fff5c31
        6555000	       654	80000e30	03f17263	bgeu	x2,x31,80000e54	  x2:0x00000000 x31:0xfde62000
        6565000	       655	80000e34	54fec913	xori	x18,x29,1359	 x29:0x7fff7688 x18=0x7fff73c7
        6575000	       656	80000e38	002a88b3	add	x17,x21,x2	 x21:0x00000666  x2:0x00000000 x17=0x00000666
        6585000	       657	80000e3c	3faa0793	addi	x15,x20,1018	 x20:0x7fff5fed x15=0x7fff63e7
        6595000	       658	80000e40	2ff67b17	auipc	x22,0x2ff67	 x22=0xaff67e3c
        6605000	       659	80000e44	1ad02513	slti	x10,x0,429	  x0:0x00000000 x10=0x00000001
        6615000	       660	80000e48	0513c263	blt	x7,x17,80000e8c	  x7:0x0000000d x17:0x00000666
        6625000	       661	00000000	00000013	addi	x0,x0,0	  x0:0x00000000
        6635000	       662	80000e88	00000013	addi	x0,x0,0	  x0:0x00000000
        6645000	       663	80000e8c	41240e33	sub	x28,x8,x18	  x8:0x00000000 x18:0x7fff73c7 x28=0x80008c39
        6655000	       664	80000e90	412203b3	sub	x7,x4,x18	  x4:0x80009fc4 x18:0x7fff73c7  x7=0x00012bfd
        6665000	       665	80000e94	038ffa63	bgeu	x31,x24,80000ec8	 x31:0xfde62000 x24:0x7fff5c31
        6675000	       666	00000000	00000013	addi	x0,x0,0	  x0:0x00000000
        6685000	       667	80000ec4	00000013	addi	x0,x0,0	  x0:0x00000000
        6695000	       668	80000ec8	01a190b3	sll	x1,x3,x26	  x3:0x00000000 x26:0x00000001  x1=0x00000000
        6705000	       669	80000ecc	00038c33	add	x24,x7,x0	  x7:0x00012bfd  x0:0x00000000 x24=0x00012bfd
        6715000	       670	80000ed0	01a5a933	slt	x18,x11,x26	 x11:0x00000001 x26:0x00000001 x18=0x00000000
        6725000	       671	80000ed4	416f8433	sub	x8,x31,x22	 x31:0xfde62000 x22:0xaff67e3c  x8=0x4defa1c4
        6735000	       672	80000ed8	75979fb7	lui	x31,0x75979	 x31=0x75979000
        6745000	       673	80000edc	010b4e33	xor	x28,x22,x16	 x22:0xaff67e3c x16:0xe3728c2c x28=0x4c84f210
        6755000	       674	80000ee0	00c6ea33	or	x20,x13,x12	 x13:0x0000000d x12:0xe3728c2c x20=0xe3728c2d
        6765000	       675	80000ee4	c306fe17	auipc	x28,0xc306f	 x28=0x4306fee0
        6775000	       676	80000ee8	00e06463	bltu	x0,x14,80000ef0	  x0:0x00000000 x14:0x00000000
        6785000	       677	80000eec	00c1fa33	and	x20,x3,x12	  x3:0x00000000 x12:0xe3728c2c x20=0x00000000
        6795000	       678	80000ef0	02e2e463	bltu	x5,x14,80000f18	  x5:0x00000000 x14:0x00000000
        6805000	       679	80000ef4	da066b13	ori	x22,x12,-608	 x12:0xe3728c2c x22=0xfffffdac
        6815000	       680	80000ef8	01090833	add	x16,x18,x16	 x18:0x00000000 x16:0xe3728c2c x16=0xe3728c2c
        6825000	       681	80000efc	a67aec93	ori	x25,x21,-1433	 x21:0x00000666 x25=0xfffffe67
        6835000	       682	80000f00	c6442b93	slti	x23,x8,-924	  x8:0x4defa1c4 x23=0x00000000
        6845000	       683	80000f04	41655ab3	sra	x21,x10,x22	 x10:0x00000001 x22:0xfffffdac x21=0x00000000
        6855000	       684	80000f08	8bdd8493	addi	x9,x27,-1859	 x27:0x9bfc7b6c  x9=0x9bfc7429
        6865000	       685	80000f0c	05efe863	bltu	x31,x30,80000f5c	 x31:0x75979000 x30:0x80009f84
        6875000	       686	00000000	00000013	addi	x0,x0,0	  x0:0x00000000
        6885000	       687	80000f58	00000013	addi	x0,x0,0	  x0:0x00000000
        6895000	       688	80000f5c	2b136f93	ori	x31,x6,689	  x6:0x00000001 x31=0x000002b1
        6905000	       689	80000f60	03ea1c63	bne	x20,x30,80000f98	 x20:0x00000000 x30:0x80009f84
        6915000	       690	00000000	00000013	addi	x0,x0,0	  x0:0x00000000
        6925000	       691	80000f94	00000013	addi	x0,x0,0	  x0:0x00000000
        6935000	       692	80000f98	abd80c13	addi	x24,x16,-1347	 x16:0xe3728c2c x24=0xe37286e9
        6945000	       693	80000f9c	00000697	auipc	x13,0x0	 x13=0x80000f98
        6955000	       694	80000fa0	00c68693	addi	x13,x13,12	 x13:0x80000f98 x13=0x80000fa4
        6965000	       695	80000fa4	00068067	jalr	x0,x13,0	 x13:0x80000fa4
        6975000	       696	00000000	00000013	addi	x0,x0,0	  x0:0x00000000
        6985000	       697	80000fa4	00000013	addi	x0,x0,0	  x0:0x00000000
        6995000	       698	80000fa8	00100193	addi	x3,x0,1	  x0:0x00000000  x3=0x00000001
        7005000	       699	80000fac	00000073	ecall	
        7015000	       700	80000fb0	00b52cb3	slt	x25,x10,x11	 x10:0x00000001 x11:0x00000001 x25=0x00000000
