		Time			Cycle	PC		Insn	Decoded instruction	Register and memory contents
          65000	         5	80000004	00000293	addi	x5,x0,0	  x0:0x00000000  x5=0x00000000
          75000	         6	80000008	00000313	addi	x6,x0,0	  x0:0x00000000  x6=0x00000000
          85000	         7	8000000c	00628263	beq	x5,x6,80000010	  x5:0x00000000  x6:0x00000000
          95000	         8	00000000	00000013	addi	x0,x0,0	  x0:0x00000000
         105000	         9	8000000c	00000013	addi	x0,x0,0	  x0:0x00000000
         115000	        10	80000010	00000797	auipc	x15,0x0	 x15=0x8000000c
         125000	        11	80000014	00c78793	addi	x15,x15,12	 x15:0x8000000c x15=0x80000018
         135000	        12	80000018	00078067	jalr	x0,x15,0	 x15:0x80000018
         145000	        13	00000000	00000013	addi	x0,x0,0	  x0:0x00000000
         155000	        14	80000018	00000013	addi	x0,x0,0	  x0:0x00000000
         165000	        15	8000001c	40000437	lui	x8,0x40000	  x8=0x40000000
         175000	        16	80000020	10040413	addi	x8,x8,256	  x8:0x40000000  x8=0x40000100
         185000	        17	80000024	00000013	addi	x0,x0,0	  x0:0x00000000
         195000	        18	80000028	0000af17	auipc	x30,0xa	 x30=0x8000a024
         205000	        19	8000002c	fa0f0f13	addi	x30,x30,-96	 x30:0x8000a024 x30=0x80009fc4
         215000	        20	80000030	00005417	auipc	x8,0x5	  x8=0x8000502c
         225000	        21	80000034	00440413	addi	x8,x8,4	  x8:0x8000502c  x8=0x80005030
         235000	        22	80000038	00146413	ori	x8,x8,1	  x8:0x80005030  x8=0x80005031
         245000	        23	8000003c	00000013	addi	x0,x0,0	  x0:0x00000000
         255000	        24	80000040	00000417	auipc	x8,0x0	  x8=0x8000003c
         265000	        25	80000044	02040413	addi	x8,x8,32	  x8:0x8000003c  x8=0x8000005c
         275000	        26	80000048	00000013	addi	x0,x0,0	  x0:0x00000000
         285000	        27	8000004c	00000013	addi	x0,x0,0	  x0:0x00000000
         295000	        28	80000050	00002437	lui	x8,0x2	  x8=0x00002000
         305000	        29	80000054	80040413	addi	x8,x8,-2048	  x8:0x00002000  x8=0x00001800
         315000	        30	80000058	00000013	addi	x0,x0,0	  x0:0x00000000
         325000	        31	8000005c	00000013	addi	x0,x0,0	  x0:0x00000000
         335000	        32	80000060	9e4ac037	lui	x0,0x9e4ac	
         345000	        33	80000064	52200013	addi	x0,x0,1314	  x0:0x00000000
         355000	        34	80000068	f351a0b7	lui	x1,0xf351a	  x1=0xf351a000
         365000	        35	8000006c	68f08093	addi	x1,x1,1679	  x1:0xf351a000  x1=0xf351a68f
         375000	        36	80000070	a4cf4137	lui	x2,0xa4cf4	  x2=0xa4cf4000
         385000	        37	80000074	2c510113	addi	x2,x2,709	  x2:0xa4cf4000  x2=0xa4cf42c5
         395000	        38	80000078	00000193	addi	x3,x0,0	  x0:0x00000000  x3=0x00000000
         405000	        39	8000007c	00000213	addi	x4,x0,0	  x0:0x00000000  x4=0x00000000
         415000	        40	80000080	f55d02b7	lui	x5,0xf55d0	  x5=0xf55d0000
         425000	        41	80000084	1d728293	addi	x5,x5,471	  x5:0xf55d0000  x5=0xf55d01d7
         435000	        42	80000088	66666337	lui	x6,0x66666	  x6=0x66666000
         445000	        43	8000008c	bb130313	addi	x6,x6,-1103	  x6:0x66666000  x6=0x66665bb1
         455000	        44	80000090	39f333b7	lui	x7,0x39f33	  x7=0x39f33000
         465000	        45	80000094	37538393	addi	x7,x7,885	  x7:0x39f33000  x7=0x39f33375
         475000	        46	80000098	00f00413	addi	x8,x0,15	  x0:0x00000000  x8=0x0000000f
         485000	        47	8000009c	f6e3f4b7	lui	x9,0xf6e3f	  x9=0xf6e3f000
         495000	        48	800000a0	ea848493	addi	x9,x9,-344	  x9:0xf6e3f000  x9=0xf6e3eea8
         505000	        49	800000a4	80000537	lui	x10,0x80000	 x10=0x80000000
         515000	        50	800000a8	00800593	addi	x11,x0,8	  x0:0x00000000 x11=0x00000008
         525000	        51	800000ac	00e00613	addi	x12,x0,14	  x0:0x00000000 x12=0x0000000e
         535000	        52	800000b0	5ffab6b7	lui	x13,0x5ffab	 x13=0x5ffab000
         545000	        53	800000b4	49568693	addi	x13,x13,1173	 x13:0x5ffab000 x13=0x5ffab495
         555000	        54	800000b8	800007b7	lui	x15,0x80000	 x15=0x80000000
         565000	        55	800000bc	f97a8837	lui	x16,0xf97a8	 x16=0xf97a8000
         575000	        56	800000c0	b2380813	addi	x16,x16,-1245	 x16:0xf97a8000 x16=0xf97a7b23
         585000	        57	800000c4	00000893	addi	x17,x0,0	  x0:0x00000000 x17=0x00000000
         595000	        58	800000c8	00000913	addi	x18,x0,0	  x0:0x00000000 x18=0x00000000
         605000	        59	800000cc	f25f39b7	lui	x19,0xf25f3	 x19=0xf25f3000
         615000	        60	800000d0	c2898993	addi	x19,x19,-984	 x19:0xf25f3000 x19=0xf25f2c28
         625000	        61	800000d4	80000a37	lui	x20,0x80000	 x20=0x80000000
         635000	        62	800000d8	00000a93	addi	x21,x0,0	  x0:0x00000000 x21=0x00000000
         645000	        63	800000dc	00000b13	addi	x22,x0,0	  x0:0x00000000 x22=0x00000000
         655000	        64	800000e0	fb6f4bb7	lui	x23,0xfb6f4	 x23=0xfb6f4000
         665000	        65	800000e4	bc3b8b93	addi	x23,x23,-1085	 x23:0xfb6f4000 x23=0xfb6f3bc3
         675000	        66	800000e8	00900c13	addi	x24,x0,9	  x0:0x00000000 x24=0x00000009
         685000	        67	800000ec	00a00c93	addi	x25,x0,10	  x0:0x00000000 x25=0x0000000a
         695000	        68	800000f0	f4135d37	lui	x26,0xf4135	 x26=0xf4135000
         705000	        69	800000f4	170d0d13	addi	x26,x26,368	 x26:0xf4135000 x26=0xf4135170
         715000	        70	800000f8	00000d93	addi	x27,x0,0	  x0:0x00000000 x27=0x00000000
         725000	        71	800000fc	00300e13	addi	x28,x0,3	  x0:0x00000000 x28=0x00000003
         735000	        72	80000100	80000eb7	lui	x29,0x80000	 x29=0x80000000
         745000	        73	80000104	f0925fb7	lui	x31,0xf0925	 x31=0xf0925000
         755000	        74	80000108	d89f8f93	addi	x31,x31,-631	 x31:0xf0925000 x31=0xf0924d89
         765000	        75	8000010c	0000a717	auipc	x14,0xa	 x14=0x8000a108
         775000	        76	80000110	e7c70713	addi	x14,x14,-388	 x14:0x8000a108 x14=0x80009f84
         785000	        77	80000114	00cfed33	or	x26,x31,x12	 x31:0xf0924d89 x12:0x0000000e x26=0xf0924d8f
         795000	        78	80000118	010fcab3	xor	x21,x31,x16	 x31:0xf0924d89 x16:0xf97a7b23 x21=0x09e836aa
         805000	        79	8000011c	0095d1b3	srl	x3,x11,x9	 x11:0x00000008  x9:0xf6e3eea8  x3=0x00000000
         815000	        80	80000120	13a70113	addi	x2,x14,314	 x14:0x80009f84  x2=0x8000a0be
         825000	        81	80000124	00426db3	or	x27,x4,x4	  x4:0x00000000  x4:0x00000000 x27=0x00000000
         835000	        82	80000128	00003897	auipc	x17,0x3	 x17=0x80003124
         845000	        83	8000012c	e2088893	addi	x17,x17,-480	 x17:0x80003124 x17=0x80002f44
         855000	        84	80000130	63513313	sltiu	x6,x2,1589	  x2:0x8000a0be  x6=0x00000000
         865000	        85	80000134	1b688893	addi	x17,x17,438	 x17:0x80002f44 x17=0x800030fa
         875000	        86	80000138	41235113	srai	x2,x6,0x12	  x6:0x00000000  x2=0x00000000
         885000	        87	8000013c	e4b88e67	jalr	x28,x17,-437	 x17:0x800030fa x28=0x8000013c
         895000	        88	00000000	00000013	addi	x0,x0,0	  x0:0x00000000
         905000	        89	80002f44	00000013	addi	x0,x0,0	  x0:0x00000000
         915000	        90	80002f48	ff470713	addi	x14,x14,-12	 x14:0x80009f84 x14=0x80009f78
         925000	        91	80002f4c	00f5de93	srli	x29,x11,0xf	 x11:0x00000008 x29=0x00000000
         935000	        92	80002f50	01c72223	sw	x28,4(x14)	 x14:0x80009f78 x28:0x8000013c PA:0x80009f7c
         945000	        93	80002f54	5fbf5b17	auipc	x22,0x5fbf5	 x22=0xdfbf7f50
         955000	        94	80002f58	f5222813	slti	x16,x4,-174	  x4:0x00000000 x16=0x00000000
         965000	        95	80002f5c	02c00e6f	jal	x28,80002f5c	 x28=0x80002f5c
         975000	        96	00000000	00000013	addi	x0,x0,0	  x0:0x00000000
         985000	        97	80002f84	00000013	addi	x0,x0,0	  x0:0x00000000
         995000	        98	80002f88	028000ef	jal	x1,80002f88	  x1=0x80002f88
        1005000	        99	00000000	00000013	addi	x0,x0,0	  x0:0x00000000
        1015000	       100	80002fac	00000013	addi	x0,x0,0	  x0:0x00000000
        1025000	       101	80002fb0	fb9ff36f	jal	x6,80002fb0	  x6=0x80002fb0
        1035000	       102	00000000	00000013	addi	x0,x0,0	  x0:0x00000000
        1045000	       103	80002f64	00000013	addi	x0,x0,0	  x0:0x00000000
        1055000	       104	80002f68	03c0036f	jal	x6,80002f68	  x6=0x80002f68
        1065000	       105	00000000	00000013	addi	x0,x0,0	  x0:0x00000000
        1075000	       106	80002fa0	00000013	addi	x0,x0,0	  x0:0x00000000
        1085000	       107	80002fa4	fddff36f	jal	x6,80002fa4	  x6=0x80002fa4
        1095000	       108	00000000	00000013	addi	x0,x0,0	  x0:0x00000000
        1105000	       109	80002f7c	00000013	addi	x0,x0,0	  x0:0x00000000
        1115000	       110	80002f80	034000ef	jal	x1,80002f80	  x1=0x80002f80
        1125000	       111	00000000	00000013	addi	x0,x0,0	  x0:0x00000000
        1135000	       112	80002fb0	00000013	addi	x0,x0,0	  x0:0x00000000
        1145000	       113	80002fb4	fd9ff0ef	jal	x1,80002fb4	  x1=0x80002fb4
        1155000	       114	00000000	00000013	addi	x0,x0,0	  x0:0x00000000
        1165000	       115	80002f88	00000013	addi	x0,x0,0	  x0:0x00000000
        1175000	       116	80002f8c	ff1ff0ef	jal	x1,80002f8c	  x1=0x80002f8c
        1185000	       117	00000000	00000013	addi	x0,x0,0	  x0:0x00000000
        1195000	       118	80002f78	00000013	addi	x0,x0,0	  x0:0x00000000
        1205000	       119	80002f7c	01c000ef	jal	x1,80002f7c	  x1=0x80002f7c
        1215000	       120	00000000	00000013	addi	x0,x0,0	  x0:0x00000000
        1225000	       121	80002f94	00000013	addi	x0,x0,0	  x0:0x00000000
        1235000	       122	80002f98	fe1ff0ef	jal	x1,80002f98	  x1=0x80002f98
        1245000	       123	00000000	00000013	addi	x0,x0,0	  x0:0x00000000
        1255000	       124	80002f74	00000013	addi	x0,x0,0	  x0:0x00000000
        1265000	       125	80002f78	fe9ff36f	jal	x6,80002f78	  x6=0x80002f78
        1275000	       126	00000000	00000013	addi	x0,x0,0	  x0:0x00000000
        1285000	       127	80002f5c	00000013	addi	x0,x0,0	  x0:0x00000000
        1295000	       128	80002f60	010000ef	jal	x1,80002f60	  x1=0x80002f60
        1305000	       129	00000000	00000013	addi	x0,x0,0	  x0:0x00000000
        1315000	       130	80002f6c	00000013	addi	x0,x0,0	  x0:0x00000000
        1325000	       131	80002f70	014000ef	jal	x1,80002f70	  x1=0x80002f70
        1335000	       132	00000000	00000013	addi	x0,x0,0	  x0:0x00000000
        1345000	       133	80002f80	00000013	addi	x0,x0,0	  x0:0x00000000
        1355000	       134	80002f84	028002ef	jal	x5,80002f84	  x5=0x80002f84
        1365000	       135	00000000	00000013	addi	x0,x0,0	  x0:0x00000000
        1375000	       136	80002fa8	00000013	addi	x0,x0,0	  x0:0x00000000
        1385000	       137	80002fac	fc1ff0ef	jal	x1,80002fac	  x1=0x80002fac
        1395000	       138	00000000	00000013	addi	x0,x0,0	  x0:0x00000000
        1405000	       139	80002f68	00000013	addi	x0,x0,0	  x0:0x00000000
        1415000	       140	80002f6c	0300036f	jal	x6,80002f6c	  x6=0x80002f6c
        1425000	       141	00000000	00000013	addi	x0,x0,0	  x0:0x00000000
        1435000	       142	80002f98	00000013	addi	x0,x0,0	  x0:0x00000000
        1445000	       143	80002f9c	ff5ff86f	jal	x16,80002f9c	 x16=0x80002f9c
        1455000	       144	00000000	00000013	addi	x0,x0,0	  x0:0x00000000
        1465000	       145	80002f8c	00000013	addi	x0,x0,0	  x0:0x00000000
        1475000	       146	80002f90	0100066f	jal	x12,80002f90	 x12=0x80002f90
        1485000	       147	00000000	00000013	addi	x0,x0,0	  x0:0x00000000
        1495000	       148	80002f9c	00000013	addi	x0,x0,0	  x0:0x00000000
        1505000	       149	80002fa0	ff5ff0ef	jal	x1,80002fa0	  x1=0x80002fa0
        1515000	       150	00000000	00000013	addi	x0,x0,0	  x0:0x00000000
        1525000	       151	80002f90	00000013	addi	x0,x0,0	  x0:0x00000000
        1535000	       152	80002f94	fd1ff0ef	jal	x1,80002f94	  x1=0x80002f94
        1545000	       153	00000000	00000013	addi	x0,x0,0	  x0:0x00000000
        1555000	       154	80002f60	00000013	addi	x0,x0,0	  x0:0x00000000
        1565000	       155	80002f64	010000ef	jal	x1,80002f64	  x1=0x80002f64
        1575000	       156	00000000	00000013	addi	x0,x0,0	  x0:0x00000000
        1585000	       157	80002f70	00000013	addi	x0,x0,0	  x0:0x00000000
        1595000	       158	80002f74	03400eef	jal	x29,80002f74	 x29=0x80002f74
        1605000	       159	00000000	00000013	addi	x0,x0,0	  x0:0x00000000
        1615000	       160	80002fa4	00000013	addi	x0,x0,0	  x0:0x00000000
        1625000	       161	80002fa8	010000ef	jal	x1,80002fa8	  x1=0x80002fa8
        1635000	       162	00000000	00000013	addi	x0,x0,0	  x0:0x00000000
        1645000	       163	80002fb4	00000013	addi	x0,x0,0	  x0:0x00000000
        1655000	       164	80002fb8	0173cc33	xor	x24,x7,x23	  x7:0x39f33375 x23:0xfb6f3bc3 x24=0xc29c08b6
        1665000	       165	80002fbc	04400e6f	jal	x28,80002fbc	 x28=0x80002fbc
        1675000	       166	00000000	00000013	addi	x0,x0,0	  x0:0x00000000
        1685000	       167	80002ffc	00000013	addi	x0,x0,0	  x0:0x00000000
        1695000	       168	80003000	014006ef	jal	x13,80003000	 x13=0x80003000
        1705000	       169	00000000	00000013	addi	x0,x0,0	  x0:0x00000000
        1715000	       170	80003010	00000013	addi	x0,x0,0	  x0:0x00000000
        1725000	       171	80003014	fb5ff5ef	jal	x11,80003014	 x11=0x80003014
        1735000	       172	00000000	00000013	addi	x0,x0,0	  x0:0x00000000
        1745000	       173	80002fc4	00000013	addi	x0,x0,0	  x0:0x00000000
        1755000	       174	80002fc8	034004ef	jal	x9,80002fc8	  x9=0x80002fc8
        1765000	       175	00000000	00000013	addi	x0,x0,0	  x0:0x00000000
        1775000	       176	80002ff8	00000013	addi	x0,x0,0	  x0:0x00000000
        1785000	       177	80002ffc	008000ef	jal	x1,80002ffc	  x1=0x80002ffc
        1795000	       178	00000000	00000013	addi	x0,x0,0	  x0:0x00000000
        1805000	       179	80003000	00000013	addi	x0,x0,0	  x0:0x00000000
        1815000	       180	80003004	fedff0ef	jal	x1,80003004	  x1=0x80003004
        1825000	       181	00000000	00000013	addi	x0,x0,0	  x0:0x00000000
        1835000	       182	80002fec	00000013	addi	x0,x0,0	  x0:0x00000000
        1845000	       183	80002ff0	004000ef	jal	x1,80002ff0	  x1=0x80002ff0
        1855000	       184	00000000	00000013	addi	x0,x0,0	  x0:0x00000000
        1865000	       185	80002ff0	00000013	addi	x0,x0,0	  x0:0x00000000
        1875000	       186	80002ff4	fd1ff0ef	jal	x1,80002ff4	  x1=0x80002ff4
        1885000	       187	00000000	00000013	addi	x0,x0,0	  x0:0x00000000
        1895000	       188	80002fc0	00000013	addi	x0,x0,0	  x0:0x00000000
        1905000	       189	80002fc4	048000ef	jal	x1,80002fc4	  x1=0x80002fc4
        1915000	       190	00000000	00000013	addi	x0,x0,0	  x0:0x00000000
        1925000	       191	80003008	00000013	addi	x0,x0,0	  x0:0x00000000
        1935000	       192	8000300c	ffdff0ef	jal	x1,8000300c	  x1=0x8000300c
        1945000	       193	00000000	00000013	addi	x0,x0,0	  x0:0x00000000
        1955000	       194	80003004	00000013	addi	x0,x0,0	  x0:0x00000000
        1965000	       195	80003008	014000ef	jal	x1,80003008	  x1=0x80003008
        1975000	       196	00000000	00000013	addi	x0,x0,0	  x0:0x00000000
        1985000	       197	80003018	00000013	addi	x0,x0,0	  x0:0x00000000
        1995000	       198	8000301c	ff5ff26f	jal	x4,8000301c	  x4=0x8000301c
        2005000	       199	00000000	00000013	addi	x0,x0,0	  x0:0x00000000
        2015000	       200	8000300c	00000013	addi	x0,x0,0	  x0:0x00000000
        2025000	       201	80003010	014000ef	jal	x1,80003010	  x1=0x80003010
        2035000	       202	00000000	00000013	addi	x0,x0,0	  x0:0x00000000
        2045000	       203	80003020	00000013	addi	x0,x0,0	  x0:0x00000000
        2055000	       204	80003024	fb1ff36f	jal	x6,80003024	  x6=0x80003024
        2065000	       205	00000000	00000013	addi	x0,x0,0	  x0:0x00000000
        2075000	       206	80002fd0	00000013	addi	x0,x0,0	  x0:0x00000000
        2085000	       207	80002fd4	fedff5ef	jal	x11,80002fd4	 x11=0x80002fd4
        2095000	       208	00000000	00000013	addi	x0,x0,0	  x0:0x00000000
        2105000	       209	80002fbc	00000013	addi	x0,x0,0	  x0:0x00000000
        2115000	       210	80002fc0	01c000ef	jal	x1,80002fc0	  x1=0x80002fc0
        2125000	       211	00000000	00000013	addi	x0,x0,0	  x0:0x00000000
        2135000	       212	80002fd8	00000013	addi	x0,x0,0	  x0:0x00000000
        2145000	       213	80002fdc	ffdff36f	jal	x6,80002fdc	  x6=0x80002fdc
        2155000	       214	00000000	00000013	addi	x0,x0,0	  x0:0x00000000
        2165000	       215	80002fd4	00000013	addi	x0,x0,0	  x0:0x00000000
        2175000	       216	80002fd8	ff5ff0ef	jal	x1,80002fd8	  x1=0x80002fd8
        2185000	       217	00000000	00000013	addi	x0,x0,0	  x0:0x00000000
        2195000	       218	80002fc8	00000013	addi	x0,x0,0	  x0:0x00000000
        2205000	       219	80002fcc	054000ef	jal	x1,80002fcc	  x1=0x80002fcc
        2215000	       220	00000000	00000013	addi	x0,x0,0	  x0:0x00000000
        2225000	       221	8000301c	00000013	addi	x0,x0,0	  x0:0x00000000
        2235000	       222	80003020	fb1ff96f	jal	x18,80003020	 x18=0x80003020
        2245000	       223	00000000	00000013	addi	x0,x0,0	  x0:0x00000000
        2255000	       224	80002fcc	00000013	addi	x0,x0,0	  x0:0x00000000
        2265000	       225	80002fd0	01c000ef	jal	x1,80002fd0	  x1=0x80002fd0
        2275000	       226	00000000	00000013	addi	x0,x0,0	  x0:0x00000000
        2285000	       227	80002fe8	00000013	addi	x0,x0,0	  x0:0x00000000
        2295000	       228	80002fec	ff9ff0ef	jal	x1,80002fec	  x1=0x80002fec
        2305000	       229	00000000	00000013	addi	x0,x0,0	  x0:0x00000000
        2315000	       230	80002fe0	00000013	addi	x0,x0,0	  x0:0x00000000
        2325000	       231	80002fe4	004000ef	jal	x1,80002fe4	  x1=0x80002fe4
        2335000	       232	00000000	00000013	addi	x0,x0,0	  x0:0x00000000
        2345000	       233	80002fe4	00000013	addi	x0,x0,0	  x0:0x00000000
        2355000	       234	80002fe8	010000ef	jal	x1,80002fe8	  x1=0x80002fe8
        2365000	       235	00000000	00000013	addi	x0,x0,0	  x0:0x00000000
        2375000	       236	80002ff4	00000013	addi	x0,x0,0	  x0:0x00000000
        2385000	       237	80002ff8	020000ef	jal	x1,80002ff8	  x1=0x80002ff8
        2395000	       238	00000000	00000013	addi	x0,x0,0	  x0:0x00000000
        2405000	       239	80003014	00000013	addi	x0,x0,0	  x0:0x00000000
        2415000	       240	80003018	fc9ff1ef	jal	x3,80003018	  x3=0x80003018
        2425000	       241	00000000	00000013	addi	x0,x0,0	  x0:0x00000000
        2435000	       242	80002fdc	00000013	addi	x0,x0,0	  x0:0x00000000
        2445000	       243	80002fe0	0480036f	jal	x6,80002fe0	  x6=0x80002fe0
        2455000	       244	00000000	00000013	addi	x0,x0,0	  x0:0x00000000
        2465000	       245	80003024	00000013	addi	x0,x0,0	  x0:0x00000000
        2475000	       246	80003028	7f323313	sltiu	x6,x4,2035	  x4:0x8000301c  x6=0x00000000
        2485000	       247	8000302c	04800e6f	jal	x28,8000302c	 x28=0x8000302c
        2495000	       248	00000000	00000013	addi	x0,x0,0	  x0:0x00000000
        2505000	       249	80003070	00000013	addi	x0,x0,0	  x0:0x00000000
        2515000	       250	80003074	ff1ff0ef	jal	x1,80003074	  x1=0x80003074
        2525000	       251	00000000	00000013	addi	x0,x0,0	  x0:0x00000000
        2535000	       252	80003060	00000013	addi	x0,x0,0	  x0:0x00000000
        2545000	       253	80003064	fd5ff0ef	jal	x1,80003064	  x1=0x80003064
        2555000	       254	00000000	00000013	addi	x0,x0,0	  x0:0x00000000
        2565000	       255	80003034	00000013	addi	x0,x0,0	  x0:0x00000000
        2575000	       256	80003038	038000ef	jal	x1,80003038	  x1=0x80003038
        2585000	       257	00000000	00000013	addi	x0,x0,0	  x0:0x00000000
        2595000	       258	8000306c	00000013	addi	x0,x0,0	  x0:0x00000000
        2605000	       259	80003070	fd1ff36f	jal	x6,80003070	  x6=0x80003070
        2615000	       260	00000000	00000013	addi	x0,x0,0	  x0:0x00000000
        2625000	       261	8000303c	00000013	addi	x0,x0,0	  x0:0x00000000
        2635000	       262	80003040	038000ef	jal	x1,80003040	  x1=0x80003040
        2645000	       263	00000000	00000013	addi	x0,x0,0	  x0:0x00000000
        2655000	       264	80003074	00000013	addi	x0,x0,0	  x0:0x00000000
        2665000	       265	80003078	fddff0ef	jal	x1,80003078	  x1=0x80003078
        2675000	       266	00000000	00000013	addi	x0,x0,0	  x0:0x00000000
        2685000	       267	80003050	00000013	addi	x0,x0,0	  x0:0x00000000
        2695000	       268	80003054	fddff0ef	jal	x1,80003054	  x1=0x80003054
        2705000	       269	00000000	00000013	addi	x0,x0,0	  x0:0x00000000
        2715000	       270	8000302c	00000013	addi	x0,x0,0	  x0:0x00000000
        2725000	       271	80003030	0540036f	jal	x6,80003030	  x6=0x80003030
        2735000	       272	00000000	00000013	addi	x0,x0,0	  x0:0x00000000
        2745000	       273	80003080	00000013	addi	x0,x0,0	  x0:0x00000000
        2755000	       274	80003084	ffdff0ef	jal	x1,80003084	  x1=0x80003084
        2765000	       275	00000000	00000013	addi	x0,x0,0	  x0:0x00000000
        2775000	       276	8000307c	00000013	addi	x0,x0,0	  x0:0x00000000
        2785000	       277	80003080	018000ef	jal	x1,80003080	  x1=0x80003080
        2795000	       278	00000000	00000013	addi	x0,x0,0	  x0:0x00000000
        2805000	       279	80003094	00000013	addi	x0,x0,0	  x0:0x00000000
        2815000	       280	80003098	fd1ff0ef	jal	x1,80003098	  x1=0x80003098
        2825000	       281	00000000	00000013	addi	x0,x0,0	  x0:0x00000000
        2835000	       282	80003064	00000013	addi	x0,x0,0	  x0:0x00000000
        2845000	       283	80003068	fe9ff0ef	jal	x1,80003068	  x1=0x80003068
        2855000	       284	00000000	00000013	addi	x0,x0,0	  x0:0x00000000
        2865000	       285	8000304c	00000013	addi	x0,x0,0	  x0:0x00000000
        2875000	       286	80003050	01c00d6f	jal	x26,80003050	 x26=0x80003050
        2885000	       287	00000000	00000013	addi	x0,x0,0	  x0:0x00000000
        2895000	       288	80003068	00000013	addi	x0,x0,0	  x0:0x00000000
        2905000	       289	8000306c	0240036f	jal	x6,8000306c	  x6=0x8000306c
        2915000	       290	00000000	00000013	addi	x0,x0,0	  x0:0x00000000
        2925000	       291	8000308c	00000013	addi	x0,x0,0	  x0:0x00000000
        2935000	       292	80003090	fa5ff36f	jal	x6,80003090	  x6=0x80003090
        2945000	       293	00000000	00000013	addi	x0,x0,0	  x0:0x00000000
        2955000	       294	80003030	00000013	addi	x0,x0,0	  x0:0x00000000
        2965000	       295	80003034	06000bef	jal	x23,80003034	 x23=0x80003034
        2975000	       296	00000000	00000013	addi	x0,x0,0	  x0:0x00000000
        2985000	       297	80003090	00000013	addi	x0,x0,0	  x0:0x00000000
        2995000	       298	80003094	fb9ff36f	jal	x6,80003094	  x6=0x80003094
        3005000	       299	00000000	00000013	addi	x0,x0,0	  x0:0x00000000
        3015000	       300	80003048	00000013	addi	x0,x0,0	  x0:0x00000000
        3025000	       301	8000304c	03c0086f	jal	x16,8000304c	 x16=0x8000304c
        3035000	       302	00000000	00000013	addi	x0,x0,0	  x0:0x00000000
        3045000	       303	80003084	00000013	addi	x0,x0,0	  x0:0x00000000
        3055000	       304	80003088	fbdff0ef	jal	x1,80003088	  x1=0x80003088
        3065000	       305	00000000	00000013	addi	x0,x0,0	  x0:0x00000000
        3075000	       306	80003040	00000013	addi	x0,x0,0	  x0:0x00000000
        3085000	       307	80003044	004000ef	jal	x1,80003044	  x1=0x80003044
        3095000	       308	00000000	00000013	addi	x0,x0,0	  x0:0x00000000
        3105000	       309	80003044	00000013	addi	x0,x0,0	  x0:0x00000000
        3115000	       310	80003048	034000ef	jal	x1,80003048	  x1=0x80003048
        3125000	       311	00000000	00000013	addi	x0,x0,0	  x0:0x00000000
        3135000	       312	80003078	00000013	addi	x0,x0,0	  x0:0x00000000
        3145000	       313	8000307c	010000ef	jal	x1,8000307c	  x1=0x8000307c
        3155000	       314	00000000	00000013	addi	x0,x0,0	  x0:0x00000000
        3165000	       315	80003088	00000013	addi	x0,x0,0	  x0:0x00000000
        3175000	       316	8000308c	fcdff36f	jal	x6,8000308c	  x6=0x8000308c
        3185000	       317	00000000	00000013	addi	x0,x0,0	  x0:0x00000000
        3195000	       318	80003054	00000013	addi	x0,x0,0	  x0:0x00000000
        3205000	       319	80003058	0040036f	jal	x6,80003058	  x6=0x80003058
        3215000	       320	00000000	00000013	addi	x0,x0,0	  x0:0x00000000
        3225000	       321	80003058	00000013	addi	x0,x0,0	  x0:0x00000000
        3235000	       322	8000305c	004006ef	jal	x13,8000305c	 x13=0x8000305c
        3245000	       323	00000000	00000013	addi	x0,x0,0	  x0:0x00000000
        3255000	       324	8000305c	00000013	addi	x0,x0,0	  x0:0x00000000
        3265000	       325	80003060	fddffe6f	jal	x28,80003060	 x28=0x80003060
        3275000	       326	00000000	00000013	addi	x0,x0,0	  x0:0x00000000
        3285000	       327	80003038	00000013	addi	x0,x0,0	  x0:0x00000000
        3295000	       328	8000303c	060000ef	jal	x1,8000303c	  x1=0x8000303c
        3305000	       329	00000000	00000013	addi	x0,x0,0	  x0:0x00000000
        3315000	       330	80003098	00000013	addi	x0,x0,0	  x0:0x00000000
        3325000	       331	8000309c	0040056f	jal	x10,8000309c	 x10=0x8000309c
        3335000	       332	00000000	00000013	addi	x0,x0,0	  x0:0x00000000
        3345000	       333	8000309c	00000013	addi	x0,x0,0	  x0:0x00000000
        3355000	       334	800030a0	8cdf7113	andi	x2,x30,-1843	 x30:0x80009fc4  x2=0x800098c4
        3365000	       335	800030a4	00400e6f	jal	x28,800030a4	 x28=0x800030a4
        3375000	       336	00000000	00000013	addi	x0,x0,0	  x0:0x00000000
        3385000	       337	800030a4	00000013	addi	x0,x0,0	  x0:0x00000000
        3395000	       338	800030a8	038000ef	jal	x1,800030a8	  x1=0x800030a8
        3405000	       339	00000000	00000013	addi	x0,x0,0	  x0:0x00000000
        3415000	       340	800030dc	00000013	addi	x0,x0,0	  x0:0x00000000
        3425000	       341	800030e0	fd5ff0ef	jal	x1,800030e0	  x1=0x800030e0
        3435000	       342	00000000	00000013	addi	x0,x0,0	  x0:0x00000000
        3445000	       343	800030b0	00000013	addi	x0,x0,0	  x0:0x00000000
        3455000	       344	800030b4	ffdff0ef	jal	x1,800030b4	  x1=0x800030b4
        3465000	       345	00000000	00000013	addi	x0,x0,0	  x0:0x00000000
        3475000	       346	800030ac	00000013	addi	x0,x0,0	  x0:0x00000000
        3485000	       347	800030b0	ffdff0ef	jal	x1,800030b0	  x1=0x800030b0
        3495000	       348	00000000	00000013	addi	x0,x0,0	  x0:0x00000000
        3505000	       349	800030a8	00000013	addi	x0,x0,0	  x0:0x00000000
        3515000	       350	800030ac	030000ef	jal	x1,800030ac	  x1=0x800030ac
        3525000	       351	00000000	00000013	addi	x0,x0,0	  x0:0x00000000
        3535000	       352	800030d8	00000013	addi	x0,x0,0	  x0:0x00000000
        3545000	       353	800030dc	fe1ff0ef	jal	x1,800030dc	  x1=0x800030dc
        3555000	       354	00000000	00000013	addi	x0,x0,0	  x0:0x00000000
        3565000	       355	800030b8	00000013	addi	x0,x0,0	  x0:0x00000000
        3575000	       356	800030bc	03c000ef	jal	x1,800030bc	  x1=0x800030bc
        3585000	       357	00000000	00000013	addi	x0,x0,0	  x0:0x00000000
        3595000	       358	800030f4	00000013	addi	x0,x0,0	  x0:0x00000000
        3605000	       359	800030f8	fc9ff0ef	jal	x1,800030f8	  x1=0x800030f8
        3615000	       360	00000000	00000013	addi	x0,x0,0	  x0:0x00000000
        3625000	       361	800030bc	00000013	addi	x0,x0,0	  x0:0x00000000
        3635000	       362	800030c0	ff9ff0ef	jal	x1,800030c0	  x1=0x800030c0
        3645000	       363	00000000	00000013	addi	x0,x0,0	  x0:0x00000000
        3655000	       364	800030b4	00000013	addi	x0,x0,0	  x0:0x00000000
        3665000	       365	800030b8	00c000ef	jal	x1,800030b8	  x1=0x800030b8
        3675000	       366	00000000	00000013	addi	x0,x0,0	  x0:0x00000000
        3685000	       367	800030c0	00000013	addi	x0,x0,0	  x0:0x00000000
        3695000	       368	800030c4	024009ef	jal	x19,800030c4	 x19=0x800030c4
        3705000	       369	00000000	00000013	addi	x0,x0,0	  x0:0x00000000
        3715000	       370	800030e4	00000013	addi	x0,x0,0	  x0:0x00000000
        3725000	       371	800030e8	ff1ff0ef	jal	x1,800030e8	  x1=0x800030e8
        3735000	       372	00000000	00000013	addi	x0,x0,0	  x0:0x00000000
        3745000	       373	800030d4	00000013	addi	x0,x0,0	  x0:0x00000000
        3755000	       374	800030d8	024000ef	jal	x1,800030d8	  x1=0x800030d8
        3765000	       375	00000000	00000013	addi	x0,x0,0	  x0:0x00000000
        3775000	       376	800030f8	00000013	addi	x0,x0,0	  x0:0x00000000
        3785000	       377	800030fc	fcdff5ef	jal	x11,800030fc	 x11=0x800030fc
        3795000	       378	00000000	00000013	addi	x0,x0,0	  x0:0x00000000
        3805000	       379	800030c4	00000013	addi	x0,x0,0	  x0:0x00000000
        3815000	       380	800030c8	0080036f	jal	x6,800030c8	  x6=0x800030c8
        3825000	       381	00000000	00000013	addi	x0,x0,0	  x0:0x00000000
        3835000	       382	800030cc	00000013	addi	x0,x0,0	  x0:0x00000000
        3845000	       383	800030d0	ffdff0ef	jal	x1,800030d0	  x1=0x800030d0
        3855000	       384	00000000	00000013	addi	x0,x0,0	  x0:0x00000000
        3865000	       385	800030c8	00000013	addi	x0,x0,0	  x0:0x00000000
        3875000	       386	800030cc	020000ef	jal	x1,800030cc	  x1=0x800030cc
        3885000	       387	00000000	00000013	addi	x0,x0,0	  x0:0x00000000
        3895000	       388	800030e8	00000013	addi	x0,x0,0	  x0:0x00000000
        3905000	       389	800030ec	014000ef	jal	x1,800030ec	  x1=0x800030ec
        3915000	       390	00000000	00000013	addi	x0,x0,0	  x0:0x00000000
        3925000	       391	800030fc	00000013	addi	x0,x0,0	  x0:0x00000000
        3935000	       392	80003100	ff5ff0ef	jal	x1,80003100	  x1=0x80003100
        3945000	       393	00000000	00000013	addi	x0,x0,0	  x0:0x00000000
        3955000	       394	800030f0	00000013	addi	x0,x0,0	  x0:0x00000000
        3965000	       395	800030f4	010000ef	jal	x1,800030f4	  x1=0x800030f4
        3975000	       396	00000000	00000013	addi	x0,x0,0	  x0:0x00000000
        3985000	       397	80003100	00000013	addi	x0,x0,0	  x0:0x00000000
        3995000	       398	80003104	fedff0ef	jal	x1,80003104	  x1=0x80003104
        4005000	       399	00000000	00000013	addi	x0,x0,0	  x0:0x00000000
        4015000	       400	800030ec	00000013	addi	x0,x0,0	  x0:0x00000000
        4025000	       401	800030f0	ff5ff0ef	jal	x1,800030f0	  x1=0x800030f0
        4035000	       402	00000000	00000013	addi	x0,x0,0	  x0:0x00000000
        4045000	       403	800030e0	00000013	addi	x0,x0,0	  x0:0x00000000
        4055000	       404	800030e4	ff1ff0ef	jal	x1,800030e4	  x1=0x800030e4
        4065000	       405	00000000	00000013	addi	x0,x0,0	  x0:0x00000000
        4075000	       406	800030d0	00000013	addi	x0,x0,0	  x0:0x00000000
        4085000	       407	800030d4	034000ef	jal	x1,800030d4	  x1=0x800030d4
        4095000	       408	00000000	00000013	addi	x0,x0,0	  x0:0x00000000
        4105000	       409	80003104	00000013	addi	x0,x0,0	  x0:0x00000000
        4115000	       410	80003108	5b60eb93	ori	x23,x1,1462	  x1:0x800030d4 x23=0x800035f6
        4125000	       411	8000310c	01000e6f	jal	x28,8000310c	 x28=0x8000310c
        4135000	       412	00000000	00000013	addi	x0,x0,0	  x0:0x00000000
        4145000	       413	80003118	00000013	addi	x0,x0,0	  x0:0x00000000
        4155000	       414	8000311c	0180036f	jal	x6,8000311c	  x6=0x8000311c
        4165000	       415	00000000	00000013	addi	x0,x0,0	  x0:0x00000000
        4175000	       416	80003130	00000013	addi	x0,x0,0	  x0:0x00000000
        4185000	       417	80003134	ff1ff0ef	jal	x1,80003134	  x1=0x80003134
        4195000	       418	00000000	00000013	addi	x0,x0,0	  x0:0x00000000
        4205000	       419	80003120	00000013	addi	x0,x0,0	  x0:0x00000000
        4215000	       420	80003124	0080096f	jal	x18,80003124	 x18=0x80003124
        4225000	       421	00000000	00000013	addi	x0,x0,0	  x0:0x00000000
        4235000	       422	80003128	00000013	addi	x0,x0,0	  x0:0x00000000
        4245000	       423	8000312c	fe5ff0ef	jal	x1,8000312c	  x1=0x8000312c
        4255000	       424	00000000	00000013	addi	x0,x0,0	  x0:0x00000000
        4265000	       425	8000310c	00000013	addi	x0,x0,0	  x0:0x00000000
        4275000	       426	80003110	028000ef	jal	x1,80003110	  x1=0x80003110
        4285000	       427	00000000	00000013	addi	x0,x0,0	  x0:0x00000000
        4295000	       428	80003134	00000013	addi	x0,x0,0	  x0:0x00000000
        4305000	       429	80003138	fddff0ef	jal	x1,80003138	  x1=0x80003138
        4315000	       430	00000000	00000013	addi	x0,x0,0	  x0:0x00000000
        4325000	       431	80003110	00000013	addi	x0,x0,0	  x0:0x00000000
        4335000	       432	80003114	0140036f	jal	x6,80003114	  x6=0x80003114
        4345000	       433	00000000	00000013	addi	x0,x0,0	  x0:0x00000000
        4355000	       434	80003124	00000013	addi	x0,x0,0	  x0:0x00000000
        4365000	       435	80003128	ff9ff36f	jal	x6,80003128	  x6=0x80003128
        4375000	       436	00000000	00000013	addi	x0,x0,0	  x0:0x00000000
        4385000	       437	8000311c	00000013	addi	x0,x0,0	  x0:0x00000000
        4395000	       438	80003120	ff9ff36f	jal	x6,80003120	  x6=0x80003120
        4405000	       439	00000000	00000013	addi	x0,x0,0	  x0:0x00000000
        4415000	       440	80003114	00000013	addi	x0,x0,0	  x0:0x00000000
        4425000	       441	80003118	0180036f	jal	x6,80003118	  x6=0x80003118
        4435000	       442	00000000	00000013	addi	x0,x0,0	  x0:0x00000000
        4445000	       443	8000312c	00000013	addi	x0,x0,0	  x0:0x00000000
        4455000	       444	80003130	00c000ef	jal	x1,80003130	  x1=0x80003130
        4465000	       445	00000000	00000013	addi	x0,x0,0	  x0:0x00000000
        4475000	       446	80003138	00000013	addi	x0,x0,0	  x0:0x00000000
        4485000	       447	8000313c	002c21b3	slt	x3,x24,x2	 x24:0xc29c08b6  x2:0x800098c4  x3=0x00000000
        4495000	       448	80003140	04800e6f	jal	x28,80003140	 x28=0x80003140
        4505000	       449	00000000	00000013	addi	x0,x0,0	  x0:0x00000000
        4515000	       450	80003184	00000013	addi	x0,x0,0	  x0:0x00000000
        4525000	       451	80003188	fedff56f	jal	x10,80003188	 x10=0x80003188
        4535000	       452	00000000	00000013	addi	x0,x0,0	  x0:0x00000000
        4545000	       453	80003170	00000013	addi	x0,x0,0	  x0:0x00000000
        4555000	       454	80003174	0180036f	jal	x6,80003174	  x6=0x80003174
        4565000	       455	00000000	00000013	addi	x0,x0,0	  x0:0x00000000
        4575000	       456	80003188	00000013	addi	x0,x0,0	  x0:0x00000000
        4585000	       457	8000318c	004000ef	jal	x1,8000318c	  x1=0x8000318c
        4595000	       458	00000000	00000013	addi	x0,x0,0	  x0:0x00000000
        4605000	       459	8000318c	00000013	addi	x0,x0,0	  x0:0x00000000
        4615000	       460	80003190	004000ef	jal	x1,80003190	  x1=0x80003190
        4625000	       461	00000000	00000013	addi	x0,x0,0	  x0:0x00000000
        4635000	       462	80003190	00000013	addi	x0,x0,0	  x0:0x00000000
        4645000	       463	80003194	fc1ff0ef	jal	x1,80003194	  x1=0x80003194
        4655000	       464	00000000	00000013	addi	x0,x0,0	  x0:0x00000000
        4665000	       465	80003150	00000013	addi	x0,x0,0	  x0:0x00000000
        4675000	       466	80003154	024001ef	jal	x3,80003154	  x3=0x80003154
        4685000	       467	00000000	00000013	addi	x0,x0,0	  x0:0x00000000
        4695000	       468	80003174	00000013	addi	x0,x0,0	  x0:0x00000000
        4705000	       469	80003178	ff5ff0ef	jal	x1,80003178	  x1=0x80003178
        4715000	       470	00000000	00000013	addi	x0,x0,0	  x0:0x00000000
        4725000	       471	80003168	00000013	addi	x0,x0,0	  x0:0x00000000
        4735000	       472	8000316c	ff9ff96f	jal	x18,8000316c	 x18=0x8000316c
        4745000	       473	00000000	00000013	addi	x0,x0,0	  x0:0x00000000
        4755000	       474	80003160	00000013	addi	x0,x0,0	  x0:0x00000000
        4765000	       475	80003164	fe1ff0ef	jal	x1,80003164	  x1=0x80003164
        4775000	       476	00000000	00000013	addi	x0,x0,0	  x0:0x00000000
        4785000	       477	80003140	00000013	addi	x0,x0,0	  x0:0x00000000
        4795000	       478	80003144	01c000ef	jal	x1,80003144	  x1=0x80003144
        4805000	       479	00000000	00000013	addi	x0,x0,0	  x0:0x00000000
        4815000	       480	8000315c	00000013	addi	x0,x0,0	  x0:0x00000000
        4825000	       481	80003160	ffdff46f	jal	x8,80003160	  x8=0x80003160
        4835000	       482	00000000	00000013	addi	x0,x0,0	  x0:0x00000000
        4845000	       483	80003158	00000013	addi	x0,x0,0	  x0:0x00000000
        4855000	       484	8000315c	fedff0ef	jal	x1,8000315c	  x1=0x8000315c
        4865000	       485	00000000	00000013	addi	x0,x0,0	  x0:0x00000000
        4875000	       486	80003144	00000013	addi	x0,x0,0	  x0:0x00000000
        4885000	       487	80003148	05400aef	jal	x21,80003148	 x21=0x80003148
        4895000	       488	00000000	00000013	addi	x0,x0,0	  x0:0x00000000
        4905000	       489	80003198	00000013	addi	x0,x0,0	  x0:0x00000000
        4915000	       490	8000319c	fe5ffe6f	jal	x28,8000319c	 x28=0x8000319c
        4925000	       491	00000000	00000013	addi	x0,x0,0	  x0:0x00000000
        4935000	       492	8000317c	00000013	addi	x0,x0,0	  x0:0x00000000
        4945000	       493	80003180	ffdff0ef	jal	x1,80003180	  x1=0x80003180
        4955000	       494	00000000	00000013	addi	x0,x0,0	  x0:0x00000000
        4965000	       495	80003178	00000013	addi	x0,x0,0	  x0:0x00000000
        4975000	       496	8000317c	01c0016f	jal	x2,8000317c	  x2=0x8000317c
        4985000	       497	00000000	00000013	addi	x0,x0,0	  x0:0x00000000
        4995000	       498	80003194	00000013	addi	x0,x0,0	  x0:0x00000000
        5005000	       499	80003198	fb5ff0ef	jal	x1,80003198	  x1=0x80003198
        5015000	       500	00000000	00000013	addi	x0,x0,0	  x0:0x00000000
        5025000	       501	80003148	00000013	addi	x0,x0,0	  x0:0x00000000
        5035000	       502	8000314c	00c000ef	jal	x1,8000314c	  x1=0x8000314c
        5045000	       503	00000000	00000013	addi	x0,x0,0	  x0:0x00000000
        5055000	       504	80003154	00000013	addi	x0,x0,0	  x0:0x00000000
        5065000	       505	80003158	010000ef	jal	x1,80003158	  x1=0x80003158
        5075000	       506	00000000	00000013	addi	x0,x0,0	  x0:0x00000000
        5085000	       507	80003164	00000013	addi	x0,x0,0	  x0:0x00000000
        5095000	       508	80003168	0080026f	jal	x4,80003168	  x4=0x80003168
        5105000	       509	00000000	00000013	addi	x0,x0,0	  x0:0x00000000
        5115000	       510	8000316c	00000013	addi	x0,x0,0	  x0:0x00000000
        5125000	       511	80003170	014000ef	jal	x1,80003170	  x1=0x80003170
        5135000	       512	00000000	00000013	addi	x0,x0,0	  x0:0x00000000
        5145000	       513	80003180	00000013	addi	x0,x0,0	  x0:0x00000000
        5155000	       514	80003184	fcdff36f	jal	x6,80003184	  x6=0x80003184
        5165000	       515	00000000	00000013	addi	x0,x0,0	  x0:0x00000000
        5175000	       516	8000314c	00000013	addi	x0,x0,0	  x0:0x00000000
        5185000	       517	80003150	050000ef	jal	x1,80003150	  x1=0x80003150
        5195000	       518	00000000	00000013	addi	x0,x0,0	  x0:0x00000000
        5205000	       519	8000319c	00000013	addi	x0,x0,0	  x0:0x00000000
        5215000	       520	800031a0	01b1efb3	or	x31,x3,x27	  x3:0x80003154 x27:0x00000000 x31=0x80003154
        5225000	       521	800031a4	01800e6f	jal	x28,800031a4	 x28=0x800031a4
        5235000	       522	00000000	00000013	addi	x0,x0,0	  x0:0x00000000
        5245000	       523	800031b8	00000013	addi	x0,x0,0	  x0:0x00000000
        5255000	       524	800031bc	fedff36f	jal	x6,800031bc	  x6=0x800031bc
        5265000	       525	00000000	00000013	addi	x0,x0,0	  x0:0x00000000
        5275000	       526	800031a4	00000013	addi	x0,x0,0	  x0:0x00000000
        5285000	       527	800031a8	01c00e6f	jal	x28,800031a8	 x28=0x800031a8
        5295000	       528	00000000	00000013	addi	x0,x0,0	  x0:0x00000000
        5305000	       529	800031c0	00000013	addi	x0,x0,0	  x0:0x00000000
        5315000	       530	800031c4	0240036f	jal	x6,800031c4	  x6=0x800031c4
        5325000	       531	00000000	00000013	addi	x0,x0,0	  x0:0x00000000
        5335000	       532	800031e4	00000013	addi	x0,x0,0	  x0:0x00000000
        5345000	       533	800031e8	fe9ff36f	jal	x6,800031e8	  x6=0x800031e8
        5355000	       534	00000000	00000013	addi	x0,x0,0	  x0:0x00000000
        5365000	       535	800031cc	00000013	addi	x0,x0,0	  x0:0x00000000
        5375000	       536	800031d0	ff9ff0ef	jal	x1,800031d0	  x1=0x800031d0
        5385000	       537	00000000	00000013	addi	x0,x0,0	  x0:0x00000000
        5395000	       538	800031c4	00000013	addi	x0,x0,0	  x0:0x00000000
        5405000	       539	800031c8	fe9ff0ef	jal	x1,800031c8	  x1=0x800031c8
        5415000	       540	00000000	00000013	addi	x0,x0,0	  x0:0x00000000
        5425000	       541	800031ac	00000013	addi	x0,x0,0	  x0:0x00000000
        5435000	       542	800031b0	02c000ef	jal	x1,800031b0	  x1=0x800031b0
        5445000	       543	00000000	00000013	addi	x0,x0,0	  x0:0x00000000
        5455000	       544	800031d8	00000013	addi	x0,x0,0	  x0:0x00000000
        5465000	       545	800031dc	ff1ff0ef	jal	x1,800031dc	  x1=0x800031dc
        5475000	       546	00000000	00000013	addi	x0,x0,0	  x0:0x00000000
        5485000	       547	800031c8	00000013	addi	x0,x0,0	  x0:0x00000000
        5495000	       548	800031cc	fe9ff36f	jal	x6,800031cc	  x6=0x800031cc
        5505000	       549	00000000	00000013	addi	x0,x0,0	  x0:0x00000000
        5515000	       550	800031b0	00000013	addi	x0,x0,0	  x0:0x00000000
        5525000	       551	800031b4	004000ef	jal	x1,800031b4	  x1=0x800031b4
        5535000	       552	00000000	00000013	addi	x0,x0,0	  x0:0x00000000
        5545000	       553	800031b4	00000013	addi	x0,x0,0	  x0:0x00000000
        5555000	       554	800031b8	01c000ef	jal	x1,800031b8	  x1=0x800031b8
        5565000	       555	00000000	00000013	addi	x0,x0,0	  x0:0x00000000
        5575000	       556	800031d0	00000013	addi	x0,x0,0	  x0:0x00000000
        5585000	       557	800031d4	0040036f	jal	x6,800031d4	  x6=0x800031d4
        5595000	       558	00000000	00000013	addi	x0,x0,0	  x0:0x00000000
        5605000	       559	800031d4	00000013	addi	x0,x0,0	  x0:0x00000000
        5615000	       560	800031d8	fd5ff0ef	jal	x1,800031d8	  x1=0x800031d8
        5625000	       561	00000000	00000013	addi	x0,x0,0	  x0:0x00000000
        5635000	       562	800031a8	00000013	addi	x0,x0,0	  x0:0x00000000
        5645000	       563	800031ac	038000ef	jal	x1,800031ac	  x1=0x800031ac
        5655000	       564	00000000	00000013	addi	x0,x0,0	  x0:0x00000000
        5665000	       565	800031e0	00000013	addi	x0,x0,0	  x0:0x00000000
        5675000	       566	800031e4	ffdff0ef	jal	x1,800031e4	  x1=0x800031e4
        5685000	       567	00000000	00000013	addi	x0,x0,0	  x0:0x00000000
        5695000	       568	800031dc	00000013	addi	x0,x0,0	  x0:0x00000000
        5705000	       569	800031e0	fe1ffaef	jal	x21,800031e0	 x21=0x800031e0
        5715000	       570	00000000	00000013	addi	x0,x0,0	  x0:0x00000000
        5725000	       571	800031bc	00000013	addi	x0,x0,0	  x0:0x00000000
        5735000	       572	800031c0	02c0036f	jal	x6,800031c0	  x6=0x800031c0
        5745000	       573	00000000	00000013	addi	x0,x0,0	  x0:0x00000000
        5755000	       574	800031e8	00000013	addi	x0,x0,0	  x0:0x00000000
        5765000	       575	800031ec	47a14513	xori	x10,x2,1146	  x2:0x8000317c x10=0x80003506
        5775000	       576	800031f0	04800e6f	jal	x28,800031f0	 x28=0x800031f0
        5785000	       577	00000000	00000013	addi	x0,x0,0	  x0:0x00000000
        5795000	       578	80003234	00000013	addi	x0,x0,0	  x0:0x00000000
        5805000	       579	80003238	fd1ff0ef	jal	x1,80003238	  x1=0x80003238
        5815000	       580	00000000	00000013	addi	x0,x0,0	  x0:0x00000000
        5825000	       581	80003204	00000013	addi	x0,x0,0	  x0:0x00000000
        5835000	       582	80003208	03c000ef	jal	x1,80003208	  x1=0x80003208
        5845000	       583	00000000	00000013	addi	x0,x0,0	  x0:0x00000000
        5855000	       584	80003240	00000013	addi	x0,x0,0	  x0:0x00000000
        5865000	       585	80003244	018002ef	jal	x5,80003244	  x5=0x80003244
        5875000	       586	00000000	00000013	addi	x0,x0,0	  x0:0x00000000
        5885000	       587	80003258	00000013	addi	x0,x0,0	  x0:0x00000000
        5895000	       588	8000325c	ff9ff3ef	jal	x7,8000325c	  x7=0x8000325c
        5905000	       589	00000000	00000013	addi	x0,x0,0	  x0:0x00000000
        5915000	       590	80003250	00000013	addi	x0,x0,0	  x0:0x00000000
        5925000	       591	80003254	fd5ff36f	jal	x6,80003254	  x6=0x80003254
        5935000	       592	00000000	00000013	addi	x0,x0,0	  x0:0x00000000
        5945000	       593	80003224	00000013	addi	x0,x0,0	  x0:0x00000000
        5955000	       594	80003228	018000ef	jal	x1,80003228	  x1=0x80003228
        5965000	       595	00000000	00000013	addi	x0,x0,0	  x0:0x00000000
        5975000	       596	8000323c	00000013	addi	x0,x0,0	  x0:0x00000000
        5985000	       597	80003240	fd1ff0ef	jal	x1,80003240	  x1=0x80003240
        5995000	       598	00000000	00000013	addi	x0,x0,0	  x0:0x00000000
        6005000	       599	8000320c	00000013	addi	x0,x0,0	  x0:0x00000000
        6015000	       600	80003210	004000ef	jal	x1,80003210	  x1=0x80003210
        6025000	       601	00000000	00000013	addi	x0,x0,0	  x0:0x00000000
        6035000	       602	80003210	00000013	addi	x0,x0,0	  x0:0x00000000
        6045000	       603	80003214	020000ef	jal	x1,80003214	  x1=0x80003214
        6055000	       604	00000000	00000013	addi	x0,x0,0	  x0:0x00000000
        6065000	       605	80003230	00000013	addi	x0,x0,0	  x0:0x00000000
        6075000	       606	80003234	0340036f	jal	x6,80003234	  x6=0x80003234
        6085000	       607	00000000	00000013	addi	x0,x0,0	  x0:0x00000000
        6095000	       608	80003264	00000013	addi	x0,x0,0	  x0:0x00000000
        6105000	       609	80003268	fb1ff26f	jal	x4,80003268	  x4=0x80003268
        6115000	       610	00000000	00000013	addi	x0,x0,0	  x0:0x00000000
        6125000	       611	80003214	00000013	addi	x0,x0,0	  x0:0x00000000
        6135000	       612	80003218	fe9ffe6f	jal	x28,80003218	 x28=0x80003218
        6145000	       613	00000000	00000013	addi	x0,x0,0	  x0:0x00000000
        6155000	       614	800031fc	00000013	addi	x0,x0,0	  x0:0x00000000
        6165000	       615	80003200	03c002ef	jal	x5,80003200	  x5=0x80003200
        6175000	       616	00000000	00000013	addi	x0,x0,0	  x0:0x00000000
        6185000	       617	80003238	00000013	addi	x0,x0,0	  x0:0x00000000
        6195000	       618	8000323c	fb9ff0ef	jal	x1,8000323c	  x1=0x8000323c
        6205000	       619	00000000	00000013	addi	x0,x0,0	  x0:0x00000000
        6215000	       620	800031f0	00000013	addi	x0,x0,0	  x0:0x00000000
        6225000	       621	800031f4	02c000ef	jal	x1,800031f4	  x1=0x800031f4
        6235000	       622	00000000	00000013	addi	x0,x0,0	  x0:0x00000000
        6245000	       623	8000321c	00000013	addi	x0,x0,0	  x0:0x00000000
        6255000	       624	80003220	0040036f	jal	x6,80003220	  x6=0x80003220
        6265000	       625	00000000	00000013	addi	x0,x0,0	  x0:0x00000000
        6275000	       626	80003220	00000013	addi	x0,x0,0	  x0:0x00000000
        6285000	       627	80003224	02c0036f	jal	x6,80003224	  x6=0x80003224
        6295000	       628	00000000	00000013	addi	x0,x0,0	  x0:0x00000000
        6305000	       629	8000324c	00000013	addi	x0,x0,0	  x0:0x00000000
        6315000	       630	80003250	fa9ff0ef	jal	x1,80003250	  x1=0x80003250
        6325000	       631	00000000	00000013	addi	x0,x0,0	  x0:0x00000000
        6335000	       632	800031f4	00000013	addi	x0,x0,0	  x0:0x00000000
        6345000	       633	800031f8	004003ef	jal	x7,800031f8	  x7=0x800031f8
        6355000	       634	00000000	00000013	addi	x0,x0,0	  x0:0x00000000
        6365000	       635	800031f8	00000013	addi	x0,x0,0	  x0:0x00000000
        6375000	       636	800031fc	010000ef	jal	x1,800031fc	  x1=0x800031fc
        6385000	       637	00000000	00000013	addi	x0,x0,0	  x0:0x00000000
        6395000	       638	80003208	00000013	addi	x0,x0,0	  x0:0x00000000
        6405000	       639	8000320c	0100036f	jal	x6,8000320c	  x6=0x8000320c
        6415000	       640	00000000	00000013	addi	x0,x0,0	  x0:0x00000000
        6425000	       641	80003218	00000013	addi	x0,x0,0	  x0:0x00000000
        6435000	       642	8000321c	02c0016f	jal	x2,8000321c	  x2=0x8000321c
        6445000	       643	00000000	00000013	addi	x0,x0,0	  x0:0x00000000
        6455000	       644	80003244	00000013	addi	x0,x0,0	  x0:0x00000000
        6465000	       645	80003248	fe5ff0ef	jal	x1,80003248	  x1=0x80003248
        6475000	       646	00000000	00000013	addi	x0,x0,0	  x0:0x00000000
        6485000	       647	80003228	00000013	addi	x0,x0,0	  x0:0x00000000
        6495000	       648	8000322c	0340066f	jal	x12,8000322c	 x12=0x8000322c
        6505000	       649	00000000	00000013	addi	x0,x0,0	  x0:0x00000000
        6515000	       650	8000325c	00000013	addi	x0,x0,0	  x0:0x00000000
        6525000	       651	80003260	fa5ffdef	jal	x27,80003260	 x27=0x80003260
        6535000	       652	00000000	00000013	addi	x0,x0,0	  x0:0x00000000
        6545000	       653	80003200	00000013	addi	x0,x0,0	  x0:0x00000000
        6555000	       654	80003204	048000ef	jal	x1,80003204	  x1=0x80003204
        6565000	       655	00000000	00000013	addi	x0,x0,0	  x0:0x00000000
        6575000	       656	80003248	00000013	addi	x0,x0,0	  x0:0x00000000
        6585000	       657	8000324c	fe5ff0ef	jal	x1,8000324c	  x1=0x8000324c
        6595000	       658	00000000	00000013	addi	x0,x0,0	  x0:0x00000000
        6605000	       659	8000322c	00000013	addi	x0,x0,0	  x0:0x00000000
        6615000	       660	80003230	0280036f	jal	x6,80003230	  x6=0x80003230
        6625000	       661	00000000	00000013	addi	x0,x0,0	  x0:0x00000000
        6635000	       662	80003254	00000013	addi	x0,x0,0	  x0:0x00000000
        6645000	       663	80003258	00c0036f	jal	x6,80003258	  x6=0x80003258
        6655000	       664	00000000	00000013	addi	x0,x0,0	  x0:0x00000000
        6665000	       665	80003260	00000013	addi	x0,x0,0	  x0:0x00000000
        6675000	       666	80003264	0080066f	jal	x12,80003264	 x12=0x80003264
        6685000	       667	00000000	00000013	addi	x0,x0,0	  x0:0x00000000
        6695000	       668	80003268	00000013	addi	x0,x0,0	  x0:0x00000000
        6705000	       669	8000326c	0140b433	sltu	x8,x1,x20	  x1:0x8000324c x20:0x80000000  x8=0x00000000
        6715000	       670	80003270	02800e6f	jal	x28,80003270	 x28=0x80003270
        6725000	       671	00000000	00000013	addi	x0,x0,0	  x0:0x00000000
        6735000	       672	80003294	00000013	addi	x0,x0,0	  x0:0x00000000
        6745000	       673	80003298	fe1ff36f	jal	x6,80003298	  x6=0x80003298
        6755000	       674	00000000	00000013	addi	x0,x0,0	  x0:0x00000000
        6765000	       675	80003274	00000013	addi	x0,x0,0	  x0:0x00000000
        6775000	       676	80003278	00c0036f	jal	x6,80003278	  x6=0x80003278
        6785000	       677	00000000	00000013	addi	x0,x0,0	  x0:0x00000000
        6795000	       678	80003280	00000013	addi	x0,x0,0	  x0:0x00000000
        6805000	       679	80003284	008000ef	jal	x1,80003284	  x1=0x80003284
        6815000	       680	00000000	00000013	addi	x0,x0,0	  x0:0x00000000
        6825000	       681	80003288	00000013	addi	x0,x0,0	  x0:0x00000000
        6835000	       682	8000328c	ff1ff0ef	jal	x1,8000328c	  x1=0x8000328c
        6845000	       683	00000000	00000013	addi	x0,x0,0	  x0:0x00000000
        6855000	       684	80003278	00000013	addi	x0,x0,0	  x0:0x00000000
        6865000	       685	8000327c	00c00def	jal	x27,8000327c	 x27=0x8000327c
        6875000	       686	00000000	00000013	addi	x0,x0,0	  x0:0x00000000
        6885000	       687	80003284	00000013	addi	x0,x0,0	  x0:0x00000000
        6895000	       688	80003288	00c00aef	jal	x21,80003288	 x21=0x80003288
        6905000	       689	00000000	00000013	addi	x0,x0,0	  x0:0x00000000
        6915000	       690	80003290	00000013	addi	x0,x0,0	  x0:0x00000000
        6925000	       691	80003294	ffdff0ef	jal	x1,80003294	  x1=0x80003294
        6935000	       692	00000000	00000013	addi	x0,x0,0	  x0:0x00000000
        6945000	       693	8000328c	00000013	addi	x0,x0,0	  x0:0x00000000
        6955000	       694	80003290	fe5ff26f	jal	x4,80003290	  x4=0x80003290
        6965000	       695	00000000	00000013	addi	x0,x0,0	  x0:0x00000000
        6975000	       696	80003270	00000013	addi	x0,x0,0	  x0:0x00000000
        6985000	       697	80003274	00c000ef	jal	x1,80003274	  x1=0x80003274
        6995000	       698	00000000	00000013	addi	x0,x0,0	  x0:0x00000000
        7005000	       699	8000327c	00000013	addi	x0,x0,0	  x0:0x00000000
        7015000	       700	80003280	01c000ef	jal	x1,80003280	  x1=0x80003280
        7025000	       701	00000000	00000013	addi	x0,x0,0	  x0:0x00000000
        7035000	       702	80003298	00000013	addi	x0,x0,0	  x0:0x00000000
        7045000	       703	8000329c	01a45fb3	srl	x31,x8,x26	  x8:0x00000000 x26:0x80003050 x31=0x00000000
        7055000	       704	800032a0	01c00e6f	jal	x28,800032a0	 x28=0x800032a0
        7065000	       705	00000000	00000013	addi	x0,x0,0	  x0:0x00000000
        7075000	       706	800032b8	00000013	addi	x0,x0,0	  x0:0x00000000
        7085000	       707	800032bc	01000a6f	jal	x20,800032bc	 x20=0x800032bc
        7095000	       708	00000000	00000013	addi	x0,x0,0	  x0:0x00000000
        7105000	       709	800032c8	00000013	addi	x0,x0,0	  x0:0x00000000
        7115000	       710	800032cc	0080036f	jal	x6,800032cc	  x6=0x800032cc
        7125000	       711	00000000	00000013	addi	x0,x0,0	  x0:0x00000000
        7135000	       712	800032d0	00000013	addi	x0,x0,0	  x0:0x00000000
        7145000	       713	800032d4	008008ef	jal	x17,800032d4	 x17=0x800032d4
        7155000	       714	00000000	00000013	addi	x0,x0,0	  x0:0x00000000
        7165000	       715	800032d8	00000013	addi	x0,x0,0	  x0:0x00000000
        7175000	       716	800032dc	fd9ff0ef	jal	x1,800032dc	  x1=0x800032dc
        7185000	       717	00000000	00000013	addi	x0,x0,0	  x0:0x00000000
        7195000	       718	800032b0	00000013	addi	x0,x0,0	  x0:0x00000000
        7205000	       719	800032b4	014000ef	jal	x1,800032b4	  x1=0x800032b4
        7215000	       720	00000000	00000013	addi	x0,x0,0	  x0:0x00000000
        7225000	       721	800032c4	00000013	addi	x0,x0,0	  x0:0x00000000
        7235000	       722	800032c8	ff1ff0ef	jal	x1,800032c8	  x1=0x800032c8
        7245000	       723	00000000	00000013	addi	x0,x0,0	  x0:0x00000000
        7255000	       724	800032b4	00000013	addi	x0,x0,0	  x0:0x00000000
        7265000	       725	800032b8	02c000ef	jal	x1,800032b8	  x1=0x800032b8
        7275000	       726	00000000	00000013	addi	x0,x0,0	  x0:0x00000000
        7285000	       727	800032e0	00000013	addi	x0,x0,0	  x0:0x00000000
        7295000	       728	800032e4	ffdff0ef	jal	x1,800032e4	  x1=0x800032e4
        7305000	       729	00000000	00000013	addi	x0,x0,0	  x0:0x00000000
        7315000	       730	800032dc	00000013	addi	x0,x0,0	  x0:0x00000000
        7325000	       731	800032e0	fc9ff36f	jal	x6,800032e0	  x6=0x800032e0
        7335000	       732	00000000	00000013	addi	x0,x0,0	  x0:0x00000000
        7345000	       733	800032a4	00000013	addi	x0,x0,0	  x0:0x00000000
        7355000	       734	800032a8	00400d6f	jal	x26,800032a8	 x26=0x800032a8
        7365000	       735	00000000	00000013	addi	x0,x0,0	  x0:0x00000000
        7375000	       736	800032a8	00000013	addi	x0,x0,0	  x0:0x00000000
        7385000	       737	800032ac	02c0036f	jal	x6,800032ac	  x6=0x800032ac
        7395000	       738	00000000	00000013	addi	x0,x0,0	  x0:0x00000000
        7405000	       739	800032d4	00000013	addi	x0,x0,0	  x0:0x00000000
        7415000	       740	800032d8	fedff0ef	jal	x1,800032d8	  x1=0x800032d8
        7425000	       741	00000000	00000013	addi	x0,x0,0	  x0:0x00000000
        7435000	       742	800032c0	00000013	addi	x0,x0,0	  x0:0x00000000
        7445000	       743	800032c4	fe1ffe6f	jal	x28,800032c4	 x28=0x800032c4
        7455000	       744	00000000	00000013	addi	x0,x0,0	  x0:0x00000000
        7465000	       745	800032a0	00000013	addi	x0,x0,0	  x0:0x00000000
        7475000	       746	800032a4	02c000ef	jal	x1,800032a4	  x1=0x800032a4
        7485000	       747	00000000	00000013	addi	x0,x0,0	  x0:0x00000000
        7495000	       748	800032cc	00000013	addi	x0,x0,0	  x0:0x00000000
        7505000	       749	800032d0	fe1ff16f	jal	x2,800032d0	  x2=0x800032d0
        7515000	       750	00000000	00000013	addi	x0,x0,0	  x0:0x00000000
        7525000	       751	800032ac	00000013	addi	x0,x0,0	  x0:0x00000000
        7535000	       752	800032b0	010000ef	jal	x1,800032b0	  x1=0x800032b0
        7545000	       753	00000000	00000013	addi	x0,x0,0	  x0:0x00000000
        7555000	       754	800032bc	00000013	addi	x0,x0,0	  x0:0x00000000
        7565000	       755	800032c0	0280036f	jal	x6,800032c0	  x6=0x800032c0
        7575000	       756	00000000	00000013	addi	x0,x0,0	  x0:0x00000000
        7585000	       757	800032e4	00000013	addi	x0,x0,0	  x0:0x00000000
        7595000	       758	800032e8	00000013	addi	x0,x0,0	  x0:0x00000000
        7605000	       759	800032ec	04400e6f	jal	x28,800032ec	 x28=0x800032ec
        7615000	       760	00000000	00000013	addi	x0,x0,0	  x0:0x00000000
        7625000	       761	8000332c	00000013	addi	x0,x0,0	  x0:0x00000000
        7635000	       762	80003330	fc5ff0ef	jal	x1,80003330	  x1=0x80003330
        7645000	       763	00000000	00000013	addi	x0,x0,0	  x0:0x00000000
        7655000	       764	800032f0	00000013	addi	x0,x0,0	  x0:0x00000000
        7665000	       765	800032f4	010000ef	jal	x1,800032f4	  x1=0x800032f4
        7675000	       766	00000000	00000013	addi	x0,x0,0	  x0:0x00000000
        7685000	       767	80003300	00000013	addi	x0,x0,0	  x0:0x00000000
        7695000	       768	80003304	0100036f	jal	x6,80003304	  x6=0x80003304
        7705000	       769	00000000	00000013	addi	x0,x0,0	  x0:0x00000000
        7715000	       770	80003310	00000013	addi	x0,x0,0	  x0:0x00000000
        7725000	       771	80003314	008003ef	jal	x7,80003314	  x7=0x80003314
        7735000	       772	00000000	00000013	addi	x0,x0,0	  x0:0x00000000
        7745000	       773	80003318	00000013	addi	x0,x0,0	  x0:0x00000000
        7755000	       774	8000331c	0040086f	jal	x16,8000331c	 x16=0x8000331c
        7765000	       775	00000000	00000013	addi	x0,x0,0	  x0:0x00000000
        7775000	       776	8000331c	00000013	addi	x0,x0,0	  x0:0x00000000
        7785000	       777	80003320	008002ef	jal	x5,80003320	  x5=0x80003320
        7795000	       778	00000000	00000013	addi	x0,x0,0	  x0:0x00000000
        7805000	       779	80003324	00000013	addi	x0,x0,0	  x0:0x00000000
        7815000	       780	80003328	fe9ff0ef	jal	x1,80003328	  x1=0x80003328
        7825000	       781	00000000	00000013	addi	x0,x0,0	  x0:0x00000000
        7835000	       782	8000330c	00000013	addi	x0,x0,0	  x0:0x00000000
        7845000	       783	80003310	01c0036f	jal	x6,80003310	  x6=0x80003310
        7855000	       784	00000000	00000013	addi	x0,x0,0	  x0:0x00000000
        7865000	       785	80003328	00000013	addi	x0,x0,0	  x0:0x00000000
        7875000	       786	8000332c	fc5ff0ef	jal	x1,8000332c	  x1=0x8000332c
        7885000	       787	00000000	00000013	addi	x0,x0,0	  x0:0x00000000
        7895000	       788	800032ec	00000013	addi	x0,x0,0	  x0:0x00000000
        7905000	       789	800032f0	04c0016f	jal	x2,800032f0	  x2=0x800032f0
        7915000	       790	00000000	00000013	addi	x0,x0,0	  x0:0x00000000
        7925000	       791	80003338	00000013	addi	x0,x0,0	  x0:0x00000000
        7935000	       792	8000333c	fbdff0ef	jal	x1,8000333c	  x1=0x8000333c
        7945000	       793	00000000	00000013	addi	x0,x0,0	  x0:0x00000000
        7955000	       794	800032f4	00000013	addi	x0,x0,0	  x0:0x00000000
        7965000	       795	800032f8	048000ef	jal	x1,800032f8	  x1=0x800032f8
        7975000	       796	00000000	00000013	addi	x0,x0,0	  x0:0x00000000
        7985000	       797	8000333c	00000013	addi	x0,x0,0	  x0:0x00000000
        7995000	       798	80003340	fc9ff0ef	jal	x1,80003340	  x1=0x80003340
        8005000	       799	00000000	00000013	addi	x0,x0,0	  x0:0x00000000
        8015000	       800	80003304	00000013	addi	x0,x0,0	  x0:0x00000000
        8025000	       801	80003308	030000ef	jal	x1,80003308	  x1=0x80003308
        8035000	       802	00000000	00000013	addi	x0,x0,0	  x0:0x00000000
        8045000	       803	80003334	00000013	addi	x0,x0,0	  x0:0x00000000
        8055000	       804	80003338	fe1ffb6f	jal	x22,80003338	 x22=0x80003338
        8065000	       805	00000000	00000013	addi	x0,x0,0	  x0:0x00000000
        8075000	       806	80003314	00000013	addi	x0,x0,0	  x0:0x00000000
        8085000	       807	80003318	fe9ff3ef	jal	x7,80003318	  x7=0x80003318
        8095000	       808	00000000	00000013	addi	x0,x0,0	  x0:0x00000000
        8105000	       809	800032fc	00000013	addi	x0,x0,0	  x0:0x00000000
        8115000	       810	80003300	00c0036f	jal	x6,80003300	  x6=0x80003300
        8125000	       811	00000000	00000013	addi	x0,x0,0	  x0:0x00000000
        8135000	       812	80003308	00000013	addi	x0,x0,0	  x0:0x00000000
        8145000	       813	8000330c	0180036f	jal	x6,8000330c	  x6=0x8000330c
        8155000	       814	00000000	00000013	addi	x0,x0,0	  x0:0x00000000
        8165000	       815	80003320	00000013	addi	x0,x0,0	  x0:0x00000000
        8175000	       816	80003324	fd9ff66f	jal	x12,80003324	 x12=0x80003324
        8185000	       817	00000000	00000013	addi	x0,x0,0	  x0:0x00000000
        8195000	       818	800032f8	00000013	addi	x0,x0,0	  x0:0x00000000
        8205000	       819	800032fc	038000ef	jal	x1,800032fc	  x1=0x800032fc
        8215000	       820	00000000	00000013	addi	x0,x0,0	  x0:0x00000000
        8225000	       821	80003330	00000013	addi	x0,x0,0	  x0:0x00000000
        8235000	       822	80003334	0100026f	jal	x4,80003334	  x4=0x80003334
        8245000	       823	00000000	00000013	addi	x0,x0,0	  x0:0x00000000
        8255000	       824	80003340	00000013	addi	x0,x0,0	  x0:0x00000000
        8265000	       825	80003344	9c73a993	slti	x19,x7,-1593	  x7:0x80003318 x19=0x00000001
        8275000	       826	80003348	05400e6f	jal	x28,80003348	 x28=0x80003348
        8285000	       827	00000000	00000013	addi	x0,x0,0	  x0:0x00000000
        8295000	       828	80003398	00000013	addi	x0,x0,0	  x0:0x00000000
        8305000	       829	8000339c	01000eef	jal	x29,8000339c	 x29=0x8000339c
        8315000	       830	00000000	00000013	addi	x0,x0,0	  x0:0x00000000
        8325000	       831	800033a8	00000013	addi	x0,x0,0	  x0:0x00000000
        8335000	       832	800033ac	fc5ff0ef	jal	x1,800033ac	  x1=0x800033ac
        8345000	       833	00000000	00000013	addi	x0,x0,0	  x0:0x00000000
        8355000	       834	8000336c	00000013	addi	x0,x0,0	  x0:0x00000000
        8365000	       835	80003370	024000ef	jal	x1,80003370	  x1=0x80003370
        8375000	       836	00000000	00000013	addi	x0,x0,0	  x0:0x00000000
        8385000	       837	80003390	00000013	addi	x0,x0,0	  x0:0x00000000
        8395000	       838	80003394	fbdff36f	jal	x6,80003394	  x6=0x80003394
        8405000	       839	00000000	00000013	addi	x0,x0,0	  x0:0x00000000
        8415000	       840	8000334c	00000013	addi	x0,x0,0	  x0:0x00000000
        8425000	       841	80003350	0380026f	jal	x4,80003350	  x4=0x80003350
        8435000	       842	00000000	00000013	addi	x0,x0,0	  x0:0x00000000
        8445000	       843	80003384	00000013	addi	x0,x0,0	  x0:0x00000000
        8455000	       844	80003388	ff5ff0ef	jal	x1,80003388	  x1=0x80003388
        8465000	       845	00000000	00000013	addi	x0,x0,0	  x0:0x00000000
        8475000	       846	80003378	00000013	addi	x0,x0,0	  x0:0x00000000
        8485000	       847	8000337c	ffdff0ef	jal	x1,8000337c	  x1=0x8000337c
        8495000	       848	00000000	00000013	addi	x0,x0,0	  x0:0x00000000
        8505000	       849	80003374	00000013	addi	x0,x0,0	  x0:0x00000000
        8515000	       850	80003378	fddff0ef	jal	x1,80003378	  x1=0x80003378
        8525000	       851	00000000	00000013	addi	x0,x0,0	  x0:0x00000000
        8535000	       852	80003350	00000013	addi	x0,x0,0	  x0:0x00000000
        8545000	       853	80003354	04c0036f	jal	x6,80003354	  x6=0x80003354
        8555000	       854	00000000	00000013	addi	x0,x0,0	  x0:0x00000000
        8565000	       855	8000339c	00000013	addi	x0,x0,0	  x0:0x00000000
        8575000	       856	800033a0	fbdff1ef	jal	x3,800033a0	  x3=0x800033a0
        8585000	       857	00000000	00000013	addi	x0,x0,0	  x0:0x00000000
        8595000	       858	80003358	00000013	addi	x0,x0,0	  x0:0x00000000
        8605000	       859	8000335c	048000ef	jal	x1,8000335c	  x1=0x8000335c
        8615000	       860	00000000	00000013	addi	x0,x0,0	  x0:0x00000000
        8625000	       861	800033a0	00000013	addi	x0,x0,0	  x0:0x00000000
        8635000	       862	800033a4	fbdff46f	jal	x8,800033a4	  x8=0x800033a4
        8645000	       863	00000000	00000013	addi	x0,x0,0	  x0:0x00000000
        8655000	       864	8000335c	00000013	addi	x0,x0,0	  x0:0x00000000
        8665000	       865	80003360	02c000ef	jal	x1,80003360	  x1=0x80003360
        8675000	       866	00000000	00000013	addi	x0,x0,0	  x0:0x00000000
        8685000	       867	80003388	00000013	addi	x0,x0,0	  x0:0x00000000
        8695000	       868	8000338c	fcdff0ef	jal	x1,8000338c	  x1=0x8000338c
        8705000	       869	00000000	00000013	addi	x0,x0,0	  x0:0x00000000
        8715000	       870	80003354	00000013	addi	x0,x0,0	  x0:0x00000000
        8725000	       871	80003358	00c0026f	jal	x4,80003358	  x4=0x80003358
        8735000	       872	00000000	00000013	addi	x0,x0,0	  x0:0x00000000
        8745000	       873	80003360	00000013	addi	x0,x0,0	  x0:0x00000000
        8755000	       874	80003364	fe9ff0ef	jal	x1,80003364	  x1=0x80003364
        8765000	       875	00000000	00000013	addi	x0,x0,0	  x0:0x00000000
        8775000	       876	80003348	00000013	addi	x0,x0,0	  x0:0x00000000
        8785000	       877	8000334c	0440036f	jal	x6,8000334c	  x6=0x8000334c
        8795000	       878	00000000	00000013	addi	x0,x0,0	  x0:0x00000000
        8805000	       879	8000338c	00000013	addi	x0,x0,0	  x0:0x00000000
        8815000	       880	80003390	ff5ff0ef	jal	x1,80003390	  x1=0x80003390
        8825000	       881	00000000	00000013	addi	x0,x0,0	  x0:0x00000000
        8835000	       882	80003380	00000013	addi	x0,x0,0	  x0:0x00000000
        8845000	       883	80003384	02c000ef	jal	x1,80003384	  x1=0x80003384
        8855000	       884	00000000	00000013	addi	x0,x0,0	  x0:0x00000000
        8865000	       885	800033ac	00000013	addi	x0,x0,0	  x0:0x00000000
        8875000	       886	800033b0	fc5ff0ef	jal	x1,800033b0	  x1=0x800033b0
        8885000	       887	00000000	00000013	addi	x0,x0,0	  x0:0x00000000
        8895000	       888	80003370	00000013	addi	x0,x0,0	  x0:0x00000000
        8905000	       889	80003374	ff5ff0ef	jal	x1,80003374	  x1=0x80003374
        8915000	       890	00000000	00000013	addi	x0,x0,0	  x0:0x00000000
        8925000	       891	80003364	00000013	addi	x0,x0,0	  x0:0x00000000
        8935000	       892	80003368	004000ef	jal	x1,80003368	  x1=0x80003368
        8945000	       893	00000000	00000013	addi	x0,x0,0	  x0:0x00000000
        8955000	       894	80003368	00000013	addi	x0,x0,0	  x0:0x00000000
        8965000	       895	8000336c	03c0036f	jal	x6,8000336c	  x6=0x8000336c
        8975000	       896	00000000	00000013	addi	x0,x0,0	  x0:0x00000000
        8985000	       897	800033a4	00000013	addi	x0,x0,0	  x0:0x00000000
        8995000	       898	800033a8	fd9ff0ef	jal	x1,800033a8	  x1=0x800033a8
        9005000	       899	00000000	00000013	addi	x0,x0,0	  x0:0x00000000
        9015000	       900	8000337c	00000013	addi	x0,x0,0	  x0:0x00000000
        9025000	       901	80003380	0180036f	jal	x6,80003380	  x6=0x80003380
        9035000	       902	00000000	00000013	addi	x0,x0,0	  x0:0x00000000
        9045000	       903	80003394	00000013	addi	x0,x0,0	  x0:0x00000000
        9055000	       904	80003398	01c000ef	jal	x1,80003398	  x1=0x80003398
        9065000	       905	00000000	00000013	addi	x0,x0,0	  x0:0x00000000
        9075000	       906	800033b0	00000013	addi	x0,x0,0	  x0:0x00000000
        9085000	       907	800033b4	18452493	slti	x9,x10,388	 x10:0x80003506  x9=0x00000001
        9095000	       908	800033b8	07000e6f	jal	x28,800033b8	 x28=0x800033b8
        9105000	       909	00000000	00000013	addi	x0,x0,0	  x0:0x00000000
        9115000	       910	80003424	00000013	addi	x0,x0,0	  x0:0x00000000
        9125000	       911	80003428	0040036f	jal	x6,80003428	  x6=0x80003428
        9135000	       912	00000000	00000013	addi	x0,x0,0	  x0:0x00000000
        9145000	       913	80003428	00000013	addi	x0,x0,0	  x0:0x00000000
        9155000	       914	8000342c	fb1ff0ef	jal	x1,8000342c	  x1=0x8000342c
        9165000	       915	00000000	00000013	addi	x0,x0,0	  x0:0x00000000
        9175000	       916	800033d8	00000013	addi	x0,x0,0	  x0:0x00000000
        9185000	       917	800033dc	0280036f	jal	x6,800033dc	  x6=0x800033dc
        9195000	       918	00000000	00000013	addi	x0,x0,0	  x0:0x00000000
        9205000	       919	80003400	00000013	addi	x0,x0,0	  x0:0x00000000
        9215000	       920	80003404	014000ef	jal	x1,80003404	  x1=0x80003404
        9225000	       921	00000000	00000013	addi	x0,x0,0	  x0:0x00000000
        9235000	       922	80003414	00000013	addi	x0,x0,0	  x0:0x00000000
        9245000	       923	80003418	fddff0ef	jal	x1,80003418	  x1=0x80003418
        9255000	       924	00000000	00000013	addi	x0,x0,0	  x0:0x00000000
        9265000	       925	800033f0	00000013	addi	x0,x0,0	  x0:0x00000000
        9275000	       926	800033f4	fe1ff0ef	jal	x1,800033f4	  x1=0x800033f4
        9285000	       927	00000000	00000013	addi	x0,x0,0	  x0:0x00000000
        9295000	       928	800033d0	00000013	addi	x0,x0,0	  x0:0x00000000
        9305000	       929	800033d4	0340036f	jal	x6,800033d4	  x6=0x800033d4
        9315000	       930	00000000	00000013	addi	x0,x0,0	  x0:0x00000000
        9325000	       931	80003404	00000013	addi	x0,x0,0	  x0:0x00000000
        9335000	       932	80003408	fe1ffb6f	jal	x22,80003408	 x22=0x80003408
        9345000	       933	00000000	00000013	addi	x0,x0,0	  x0:0x00000000
        9355000	       934	800033e4	00000013	addi	x0,x0,0	  x0:0x00000000
        9365000	       935	800033e8	ff1ff0ef	jal	x1,800033e8	  x1=0x800033e8
        9375000	       936	00000000	00000013	addi	x0,x0,0	  x0:0x00000000
        9385000	       937	800033d4	00000013	addi	x0,x0,0	  x0:0x00000000
        9395000	       938	800033d8	0440036f	jal	x6,800033d8	  x6=0x800033d8
        9405000	       939	00000000	00000013	addi	x0,x0,0	  x0:0x00000000
        9415000	       940	80003418	00000013	addi	x0,x0,0	  x0:0x00000000
        9425000	       941	8000341c	fa9ff0ef	jal	x1,8000341c	  x1=0x8000341c
        9435000	       942	00000000	00000013	addi	x0,x0,0	  x0:0x00000000
        9445000	       943	800033c0	00000013	addi	x0,x0,0	  x0:0x00000000
        9455000	       944	800033c4	048000ef	jal	x1,800033c4	  x1=0x800033c4
        9465000	       945	00000000	00000013	addi	x0,x0,0	  x0:0x00000000
        9475000	       946	80003408	00000013	addi	x0,x0,0	  x0:0x00000000
        9485000	       947	8000340c	fe1ff0ef	jal	x1,8000340c	  x1=0x8000340c
        9495000	       948	00000000	00000013	addi	x0,x0,0	  x0:0x00000000
        9505000	       949	800033e8	00000013	addi	x0,x0,0	  x0:0x00000000
        9515000	       950	800033ec	00400fef	jal	x31,800033ec	 x31=0x800033ec
        9525000	       951	00000000	00000013	addi	x0,x0,0	  x0:0x00000000
        9535000	       952	800033ec	00000013	addi	x0,x0,0	  x0:0x00000000
        9545000	       953	800033f0	024000ef	jal	x1,800033f0	  x1=0x800033f0
        9555000	       954	00000000	00000013	addi	x0,x0,0	  x0:0x00000000
        9565000	       955	80003410	00000013	addi	x0,x0,0	  x0:0x00000000
        9575000	       956	80003414	00c0036f	jal	x6,80003414	  x6=0x80003414
        9585000	       957	00000000	00000013	addi	x0,x0,0	  x0:0x00000000
        9595000	       958	8000341c	00000013	addi	x0,x0,0	  x0:0x00000000
        9605000	       959	80003420	fddff0ef	jal	x1,80003420	  x1=0x80003420
        9615000	       960	00000000	00000013	addi	x0,x0,0	  x0:0x00000000
        9625000	       961	800033f8	00000013	addi	x0,x0,0	  x0:0x00000000
        9635000	       962	800033fc	fd1ff0ef	jal	x1,800033fc	  x1=0x800033fc
        9645000	       963	00000000	00000013	addi	x0,x0,0	  x0:0x00000000
        9655000	       964	800033c8	00000013	addi	x0,x0,0	  x0:0x00000000
        9665000	       965	800033cc	044000ef	jal	x1,800033cc	  x1=0x800033cc
        9675000	       966	00000000	00000013	addi	x0,x0,0	  x0:0x00000000
        9685000	       967	8000340c	00000013	addi	x0,x0,0	  x0:0x00000000
        9695000	       968	80003410	fe9ffb6f	jal	x22,80003410	 x22=0x80003410
        9705000	       969	00000000	00000013	addi	x0,x0,0	  x0:0x00000000
        9715000	       970	800033f4	00000013	addi	x0,x0,0	  x0:0x00000000
        9725000	       971	800033f8	fd9ff0ef	jal	x1,800033f8	  x1=0x800033f8
        9735000	       972	00000000	00000013	addi	x0,x0,0	  x0:0x00000000
        9745000	       973	800033cc	00000013	addi	x0,x0,0	  x0:0x00000000
        9755000	       974	800033d0	010000ef	jal	x1,800033d0	  x1=0x800033d0
        9765000	       975	00000000	00000013	addi	x0,x0,0	  x0:0x00000000
        9775000	       976	800033dc	00000013	addi	x0,x0,0	  x0:0x00000000
        9785000	       977	800033e0	fe1ff0ef	jal	x1,800033e0	  x1=0x800033e0
        9795000	       978	00000000	00000013	addi	x0,x0,0	  x0:0x00000000
        9805000	       979	800033bc	00000013	addi	x0,x0,0	  x0:0x00000000
        9815000	       980	800033c0	008000ef	jal	x1,800033c0	  x1=0x800033c0
        9825000	       981	00000000	00000013	addi	x0,x0,0	  x0:0x00000000
        9835000	       982	800033c4	00000013	addi	x0,x0,0	  x0:0x00000000
        9845000	       983	800033c8	01c0036f	jal	x6,800033c8	  x6=0x800033c8
        9855000	       984	00000000	00000013	addi	x0,x0,0	  x0:0x00000000
        9865000	       985	800033e0	00000013	addi	x0,x0,0	  x0:0x00000000
        9875000	       986	800033e4	fd9ffcef	jal	x25,800033e4	 x25=0x800033e4
        9885000	       987	00000000	00000013	addi	x0,x0,0	  x0:0x00000000
        9895000	       988	800033b8	00000013	addi	x0,x0,0	  x0:0x00000000
        9905000	       989	800033bc	044000ef	jal	x1,800033bc	  x1=0x800033bc
        9915000	       990	00000000	00000013	addi	x0,x0,0	  x0:0x00000000
        9925000	       991	800033fc	00000013	addi	x0,x0,0	  x0:0x00000000
        9935000	       992	80003400	024000ef	jal	x1,80003400	  x1=0x80003400
        9945000	       993	00000000	00000013	addi	x0,x0,0	  x0:0x00000000
        9955000	       994	80003420	00000013	addi	x0,x0,0	  x0:0x00000000
        9965000	       995	80003424	00c000ef	jal	x1,80003424	  x1=0x80003424
        9975000	       996	00000000	00000013	addi	x0,x0,0	  x0:0x00000000
        9985000	       997	8000342c	00000013	addi	x0,x0,0	  x0:0x00000000
        9995000	       998	80003430	013b3fb3	sltu	x31,x22,x19	 x22:0x80003410 x19:0x00000001 x31=0x00000000
       10005000	       999	80003434	02c00e6f	jal	x28,80003434	 x28=0x80003434
       10015000	      1000	00000000	00000013	addi	x0,x0,0	  x0:0x00000000
       10025000	      1001	8000345c	00000013	addi	x0,x0,0	  x0:0x00000000
       10035000	      1002	80003460	fe1ff0ef	jal	x1,80003460	  x1=0x80003460
       10045000	      1003	00000000	00000013	addi	x0,x0,0	  x0:0x00000000
       10055000	      1004	8000343c	00000013	addi	x0,x0,0	  x0:0x00000000
       10065000	      1005	80003440	00c0016f	jal	x2,80003440	  x2=0x80003440
       10075000	      1006	00000000	00000013	addi	x0,x0,0	  x0:0x00000000
       10085000	      1007	80003448	00000013	addi	x0,x0,0	  x0:0x00000000
       10095000	      1008	8000344c	02c000ef	jal	x1,8000344c	  x1=0x8000344c
       10105000	      1009	00000000	00000013	addi	x0,x0,0	  x0:0x00000000
       10115000	      1010	80003474	00000013	addi	x0,x0,0	  x0:0x00000000
       10125000	      1011	80003478	fedff36f	jal	x6,80003478	  x6=0x80003478
       10135000	      1012	00000000	00000013	addi	x0,x0,0	  x0:0x00000000
       10145000	      1013	80003460	00000013	addi	x0,x0,0	  x0:0x00000000
       10155000	      1014	80003464	00c000ef	jal	x1,80003464	  x1=0x80003464
       10165000	      1015	00000000	00000013	addi	x0,x0,0	  x0:0x00000000
       10175000	      1016	8000346c	00000013	addi	x0,x0,0	  x0:0x00000000
       10185000	      1017	80003470	fcdff0ef	jal	x1,80003470	  x1=0x80003470
       10195000	      1018	00000000	00000013	addi	x0,x0,0	  x0:0x00000000
       10205000	      1019	80003438	00000013	addi	x0,x0,0	  x0:0x00000000
       10215000	      1020	8000343c	01c0026f	jal	x4,8000343c	  x4=0x8000343c
       10225000	      1021	00000000	00000013	addi	x0,x0,0	  x0:0x00000000
       10235000	      1022	80003454	00000013	addi	x0,x0,0	  x0:0x00000000
       10245000	      1023	80003458	ff1ff36f	jal	x6,80003458	  x6=0x80003458
       10255000	      1024	00000000	00000013	addi	x0,x0,0	  x0:0x00000000
       10265000	      1025	80003444	00000013	addi	x0,x0,0	  x0:0x00000000
       10275000	      1026	80003448	0200016f	jal	x2,80003448	  x2=0x80003448
       10285000	      1027	00000000	00000013	addi	x0,x0,0	  x0:0x00000000
       10295000	      1028	80003464	00000013	addi	x0,x0,0	  x0:0x00000000
       10305000	      1029	80003468	ff5ff0ef	jal	x1,80003468	  x1=0x80003468
       10315000	      1030	00000000	00000013	addi	x0,x0,0	  x0:0x00000000
       10325000	      1031	80003458	00000013	addi	x0,x0,0	  x0:0x00000000
       10335000	      1032	8000345c	018000ef	jal	x1,8000345c	  x1=0x8000345c
       10345000	      1033	00000000	00000013	addi	x0,x0,0	  x0:0x00000000
       10355000	      1034	80003470	00000013	addi	x0,x0,0	  x0:0x00000000
       10365000	      1035	80003474	ff9ff0ef	jal	x1,80003474	  x1=0x80003474
       10375000	      1036	00000000	00000013	addi	x0,x0,0	  x0:0x00000000
       10385000	      1037	80003468	00000013	addi	x0,x0,0	  x0:0x00000000
       10395000	      1038	8000346c	fe9ff0ef	jal	x1,8000346c	  x1=0x8000346c
       10405000	      1039	00000000	00000013	addi	x0,x0,0	  x0:0x00000000
       10415000	      1040	80003450	00000013	addi	x0,x0,0	  x0:0x00000000
       10425000	      1041	80003454	fe5ff3ef	jal	x7,80003454	  x7=0x80003454
       10435000	      1042	00000000	00000013	addi	x0,x0,0	  x0:0x00000000
       10445000	      1043	80003434	00000013	addi	x0,x0,0	  x0:0x00000000
       10455000	      1044	80003438	00c000ef	jal	x1,80003438	  x1=0x80003438
       10465000	      1045	00000000	00000013	addi	x0,x0,0	  x0:0x00000000
       10475000	      1046	80003440	00000013	addi	x0,x0,0	  x0:0x00000000
       10485000	      1047	80003444	00c000ef	jal	x1,80003444	  x1=0x80003444
       10495000	      1048	00000000	00000013	addi	x0,x0,0	  x0:0x00000000
       10505000	      1049	8000344c	00000013	addi	x0,x0,0	  x0:0x00000000
       10515000	      1050	80003450	02c0056f	jal	x10,80003450	 x10=0x80003450
       10525000	      1051	00000000	00000013	addi	x0,x0,0	  x0:0x00000000
       10535000	      1052	80003478	00000013	addi	x0,x0,0	  x0:0x00000000
       10545000	      1053	8000347c	00b24ab3	xor	x21,x4,x11	  x4:0x8000343c x11:0x800030fc x21=0x000004c0
       10555000	      1054	80003480	01c00e6f	jal	x28,80003480	 x28=0x80003480
       10565000	      1055	00000000	00000013	addi	x0,x0,0	  x0:0x00000000
       10575000	      1056	80003498	00000013	addi	x0,x0,0	  x0:0x00000000
       10585000	      1057	8000349c	01c000ef	jal	x1,8000349c	  x1=0x8000349c
       10595000	      1058	00000000	00000013	addi	x0,x0,0	  x0:0x00000000
       10605000	      1059	800034b4	00000013	addi	x0,x0,0	  x0:0x00000000
       10615000	      1060	800034b8	ff1ff1ef	jal	x3,800034b8	  x3=0x800034b8
       10625000	      1061	00000000	00000013	addi	x0,x0,0	  x0:0x00000000
       10635000	      1062	800034a4	00000013	addi	x0,x0,0	  x0:0x00000000
       10645000	      1063	800034a8	fe9ff0ef	jal	x1,800034a8	  x1=0x800034a8
       10655000	      1064	00000000	00000013	addi	x0,x0,0	  x0:0x00000000
       10665000	      1065	8000348c	00000013	addi	x0,x0,0	  x0:0x00000000
       10675000	      1066	80003490	ffdff0ef	jal	x1,80003490	  x1=0x80003490
       10685000	      1067	00000000	00000013	addi	x0,x0,0	  x0:0x00000000
       10695000	      1068	80003488	00000013	addi	x0,x0,0	  x0:0x00000000
       10705000	      1069	8000348c	01400a6f	jal	x20,8000348c	 x20=0x8000348c
       10715000	      1070	00000000	00000013	addi	x0,x0,0	  x0:0x00000000
       10725000	      1071	8000349c	00000013	addi	x0,x0,0	  x0:0x00000000
       10735000	      1072	800034a0	010000ef	jal	x1,800034a0	  x1=0x800034a0
       10745000	      1073	00000000	00000013	addi	x0,x0,0	  x0:0x00000000
       10755000	      1074	800034ac	00000013	addi	x0,x0,0	  x0:0x00000000
       10765000	      1075	800034b0	00400b6f	jal	x22,800034b0	 x22=0x800034b0
       10775000	      1076	00000000	00000013	addi	x0,x0,0	  x0:0x00000000
       10785000	      1077	800034b0	00000013	addi	x0,x0,0	  x0:0x00000000
       10795000	      1078	800034b4	fe5ff0ef	jal	x1,800034b4	  x1=0x800034b4
       10805000	      1079	00000000	00000013	addi	x0,x0,0	  x0:0x00000000
       10815000	      1080	80003494	00000013	addi	x0,x0,0	  x0:0x00000000
       10825000	      1081	80003498	ffdff0ef	jal	x1,80003498	  x1=0x80003498
       10835000	      1082	00000000	00000013	addi	x0,x0,0	  x0:0x00000000
       10845000	      1083	80003490	00000013	addi	x0,x0,0	  x0:0x00000000
       10855000	      1084	80003494	ff5ff0ef	jal	x1,80003494	  x1=0x80003494
       10865000	      1085	00000000	00000013	addi	x0,x0,0	  x0:0x00000000
       10875000	      1086	80003484	00000013	addi	x0,x0,0	  x0:0x00000000
       10885000	      1087	80003488	0240036f	jal	x6,80003488	  x6=0x80003488
       10895000	      1088	00000000	00000013	addi	x0,x0,0	  x0:0x00000000
       10905000	      1089	800034a8	00000013	addi	x0,x0,0	  x0:0x00000000
       10915000	      1090	800034ac	fd9ff36f	jal	x6,800034ac	  x6=0x800034ac
       10925000	      1091	00000000	00000013	addi	x0,x0,0	  x0:0x00000000
       10935000	      1092	80003480	00000013	addi	x0,x0,0	  x0:0x00000000
       10945000	      1093	80003484	020000ef	jal	x1,80003484	  x1=0x80003484
       10955000	      1094	00000000	00000013	addi	x0,x0,0	  x0:0x00000000
       10965000	      1095	800034a0	00000013	addi	x0,x0,0	  x0:0x00000000
       10975000	      1096	800034a4	0180086f	jal	x16,800034a4	 x16=0x800034a4
       10985000	      1097	00000000	00000013	addi	x0,x0,0	  x0:0x00000000
       10995000	      1098	800034b8	00000013	addi	x0,x0,0	  x0:0x00000000
       11005000	      1099	800034bc	0bbb6b93	ori	x23,x22,187	 x22:0x800034b0 x23=0x800034bb
       11015000	      1100	800034c0	00400e6f	jal	x28,800034c0	 x28=0x800034c0
       11025000	      1101	00000000	00000013	addi	x0,x0,0	  x0:0x00000000
       11035000	      1102	800034c0	00000013	addi	x0,x0,0	  x0:0x00000000
       11045000	      1103	800034c4	050001ef	jal	x3,800034c4	  x3=0x800034c4
       11055000	      1104	00000000	00000013	addi	x0,x0,0	  x0:0x00000000
       11065000	      1105	80003510	00000013	addi	x0,x0,0	  x0:0x00000000
       11075000	      1106	80003514	fc5fffef	jal	x31,80003514	 x31=0x80003514
       11085000	      1107	00000000	00000013	addi	x0,x0,0	  x0:0x00000000
       11095000	      1108	800034d4	00000013	addi	x0,x0,0	  x0:0x00000000
       11105000	      1109	800034d8	ffdff0ef	jal	x1,800034d8	  x1=0x800034d8
       11115000	      1110	00000000	00000013	addi	x0,x0,0	  x0:0x00000000
       11125000	      1111	800034d0	00000013	addi	x0,x0,0	  x0:0x00000000
       11135000	      1112	800034d4	01c000ef	jal	x1,800034d4	  x1=0x800034d4
       11145000	      1113	00000000	00000013	addi	x0,x0,0	  x0:0x00000000
       11155000	      1114	800034ec	00000013	addi	x0,x0,0	  x0:0x00000000
       11165000	      1115	800034f0	0200026f	jal	x4,800034f0	  x4=0x800034f0
       11175000	      1116	00000000	00000013	addi	x0,x0,0	  x0:0x00000000
       11185000	      1117	8000350c	00000013	addi	x0,x0,0	  x0:0x00000000
       11195000	      1118	80003510	fc1ffdef	jal	x27,80003510	 x27=0x80003510
       11205000	      1119	00000000	00000013	addi	x0,x0,0	  x0:0x00000000
       11215000	      1120	800034cc	00000013	addi	x0,x0,0	  x0:0x00000000
       11225000	      1121	800034d0	0140036f	jal	x6,800034d0	  x6=0x800034d0
       11235000	      1122	00000000	00000013	addi	x0,x0,0	  x0:0x00000000
       11245000	      1123	800034e0	00000013	addi	x0,x0,0	  x0:0x00000000
       11255000	      1124	800034e4	fe9ff0ef	jal	x1,800034e4	  x1=0x800034e4
       11265000	      1125	00000000	00000013	addi	x0,x0,0	  x0:0x00000000
       11275000	      1126	800034c8	00000013	addi	x0,x0,0	  x0:0x00000000
       11285000	      1127	800034cc	0280026f	jal	x4,800034cc	  x4=0x800034cc
       11295000	      1128	00000000	00000013	addi	x0,x0,0	  x0:0x00000000
       11305000	      1129	800034f0	00000013	addi	x0,x0,0	  x0:0x00000000
       11315000	      1130	800034f4	fd5ff0ef	jal	x1,800034f4	  x1=0x800034f4
       11325000	      1131	00000000	00000013	addi	x0,x0,0	  x0:0x00000000
       11335000	      1132	800034c4	00000013	addi	x0,x0,0	  x0:0x00000000
       11345000	      1133	800034c8	044000ef	jal	x1,800034c8	  x1=0x800034c8
       11355000	      1134	00000000	00000013	addi	x0,x0,0	  x0:0x00000000
       11365000	      1135	80003508	00000013	addi	x0,x0,0	  x0:0x00000000
       11375000	      1136	8000350c	ff9ff0ef	jal	x1,8000350c	  x1=0x8000350c
       11385000	      1137	00000000	00000013	addi	x0,x0,0	  x0:0x00000000
       11395000	      1138	80003500	00000013	addi	x0,x0,0	  x0:0x00000000
       11405000	      1139	80003504	fddff0ef	jal	x1,80003504	  x1=0x80003504
       11415000	      1140	00000000	00000013	addi	x0,x0,0	  x0:0x00000000
       11425000	      1141	800034dc	00000013	addi	x0,x0,0	  x0:0x00000000
       11435000	      1142	800034e0	0180036f	jal	x6,800034e0	  x6=0x800034e0
       11445000	      1143	00000000	00000013	addi	x0,x0,0	  x0:0x00000000
       11455000	      1144	800034f4	00000013	addi	x0,x0,0	  x0:0x00000000
       11465000	      1145	800034f8	fe5ff36f	jal	x6,800034f8	  x6=0x800034f8
       11475000	      1146	00000000	00000013	addi	x0,x0,0	  x0:0x00000000
       11485000	      1147	800034d8	00000013	addi	x0,x0,0	  x0:0x00000000
       11495000	      1148	800034dc	0200036f	jal	x6,800034dc	  x6=0x800034dc
       11505000	      1149	00000000	00000013	addi	x0,x0,0	  x0:0x00000000
       11515000	      1150	800034f8	00000013	addi	x0,x0,0	  x0:0x00000000
       11525000	      1151	800034fc	00c000ef	jal	x1,800034fc	  x1=0x800034fc
       11535000	      1152	00000000	00000013	addi	x0,x0,0	  x0:0x00000000
       11545000	      1153	80003504	00000013	addi	x0,x0,0	  x0:0x00000000
       11555000	      1154	80003508	ff9ff26f	jal	x4,80003508	  x4=0x80003508
       11565000	      1155	00000000	00000013	addi	x0,x0,0	  x0:0x00000000
       11575000	      1156	800034fc	00000013	addi	x0,x0,0	  x0:0x00000000
       11585000	      1157	80003500	fe9ff0ef	jal	x1,80003500	  x1=0x80003500
       11595000	      1158	00000000	00000013	addi	x0,x0,0	  x0:0x00000000
       11605000	      1159	800034e4	00000013	addi	x0,x0,0	  x0:0x00000000
       11615000	      1160	800034e8	004000ef	jal	x1,800034e8	  x1=0x800034e8
       11625000	      1161	00000000	00000013	addi	x0,x0,0	  x0:0x00000000
       11635000	      1162	800034e8	00000013	addi	x0,x0,0	  x0:0x00000000
       11645000	      1163	800034ec	02c000ef	jal	x1,800034ec	  x1=0x800034ec
       11655000	      1164	00000000	00000013	addi	x0,x0,0	  x0:0x00000000
       11665000	      1165	80003514	00000013	addi	x0,x0,0	  x0:0x00000000
       11675000	      1166	80003518	00cb1213	slli	x4,x22,0xc	 x22:0x800034b0  x4=0x034b0000
       11685000	      1167	8000351c	05c00e6f	jal	x28,8000351c	 x28=0x8000351c
       11695000	      1168	00000000	00000013	addi	x0,x0,0	  x0:0x00000000
       11705000	      1169	80003574	00000013	addi	x0,x0,0	  x0:0x00000000
       11715000	      1170	80003578	ff5ff0ef	jal	x1,80003578	  x1=0x80003578
       11725000	      1171	00000000	00000013	addi	x0,x0,0	  x0:0x00000000
       11735000	      1172	80003568	00000013	addi	x0,x0,0	  x0:0x00000000
       11745000	      1173	8000356c	fbdff36f	jal	x6,8000356c	  x6=0x8000356c
       11755000	      1174	00000000	00000013	addi	x0,x0,0	  x0:0x00000000
       11765000	      1175	80003524	00000013	addi	x0,x0,0	  x0:0x00000000
       11775000	      1176	80003528	020005ef	jal	x11,80003528	 x11=0x80003528
       11785000	      1177	00000000	00000013	addi	x0,x0,0	  x0:0x00000000
       11795000	      1178	80003544	00000013	addi	x0,x0,0	  x0:0x00000000
       11805000	      1179	80003548	ff1ff0ef	jal	x1,80003548	  x1=0x80003548
       11815000	      1180	00000000	00000013	addi	x0,x0,0	  x0:0x00000000
       11825000	      1181	80003534	00000013	addi	x0,x0,0	  x0:0x00000000
       11835000	      1182	80003538	0300056f	jal	x10,80003538	 x10=0x80003538
       11845000	      1183	00000000	00000013	addi	x0,x0,0	  x0:0x00000000
       11855000	      1184	80003564	00000013	addi	x0,x0,0	  x0:0x00000000
       11865000	      1185	80003568	fe5ff2ef	jal	x5,80003568	  x5=0x80003568
       11875000	      1186	00000000	00000013	addi	x0,x0,0	  x0:0x00000000
       11885000	      1187	80003548	00000013	addi	x0,x0,0	  x0:0x00000000
       11895000	      1188	8000354c	014000ef	jal	x1,8000354c	  x1=0x8000354c
       11905000	      1189	00000000	00000013	addi	x0,x0,0	  x0:0x00000000
       11915000	      1190	8000355c	00000013	addi	x0,x0,0	  x0:0x00000000
       11925000	      1191	80003560	fcdff0ef	jal	x1,80003560	  x1=0x80003560
       11935000	      1192	00000000	00000013	addi	x0,x0,0	  x0:0x00000000
       11945000	      1193	80003528	00000013	addi	x0,x0,0	  x0:0x00000000
       11955000	      1194	8000352c	0300026f	jal	x4,8000352c	  x4=0x8000352c
       11965000	      1195	00000000	00000013	addi	x0,x0,0	  x0:0x00000000
       11975000	      1196	80003558	00000013	addi	x0,x0,0	  x0:0x00000000
       11985000	      1197	8000355c	fe9ff36f	jal	x6,8000355c	  x6=0x8000355c
       11995000	      1198	00000000	00000013	addi	x0,x0,0	  x0:0x00000000
       12005000	      1199	80003540	00000013	addi	x0,x0,0	  x0:0x00000000
       12015000	      1200	80003544	fe1ff6ef	jal	x13,80003544	 x13=0x80003544
       12025000	      1201	00000000	00000013	addi	x0,x0,0	  x0:0x00000000
       12035000	      1202	80003520	00000013	addi	x0,x0,0	  x0:0x00000000
       12045000	      1203	80003524	0340036f	jal	x6,80003524	  x6=0x80003524
       12055000	      1204	00000000	00000013	addi	x0,x0,0	  x0:0x00000000
       12065000	      1205	80003554	00000013	addi	x0,x0,0	  x0:0x00000000
       12075000	      1206	80003558	018003ef	jal	x7,80003558	  x7=0x80003558
       12085000	      1207	00000000	00000013	addi	x0,x0,0	  x0:0x00000000
       12095000	      1208	8000356c	00000013	addi	x0,x0,0	  x0:0x00000000
       12105000	      1209	80003570	fe5ff0ef	jal	x1,80003570	  x1=0x80003570
       12115000	      1210	00000000	00000013	addi	x0,x0,0	  x0:0x00000000
       12125000	      1211	80003550	00000013	addi	x0,x0,0	  x0:0x00000000
       12135000	      1212	80003554	fddff36f	jal	x6,80003554	  x6=0x80003554
       12145000	      1213	00000000	00000013	addi	x0,x0,0	  x0:0x00000000
       12155000	      1214	8000352c	00000013	addi	x0,x0,0	  x0:0x00000000
       12165000	      1215	80003530	00c000ef	jal	x1,80003530	  x1=0x80003530
       12175000	      1216	00000000	00000013	addi	x0,x0,0	  x0:0x00000000
       12185000	      1217	80003538	00000013	addi	x0,x0,0	  x0:0x00000000
       12195000	      1218	8000353c	0280036f	jal	x6,8000353c	  x6=0x8000353c
       12205000	      1219	00000000	00000013	addi	x0,x0,0	  x0:0x00000000
       12215000	      1220	80003560	00000013	addi	x0,x0,0	  x0:0x00000000
       12225000	      1221	80003564	fedff86f	jal	x16,80003564	 x16=0x80003564
       12235000	      1222	00000000	00000013	addi	x0,x0,0	  x0:0x00000000
       12245000	      1223	8000354c	00000013	addi	x0,x0,0	  x0:0x00000000
       12255000	      1224	80003550	fd1ff0ef	jal	x1,80003550	  x1=0x80003550
       12265000	      1225	00000000	00000013	addi	x0,x0,0	  x0:0x00000000
       12275000	      1226	8000351c	00000013	addi	x0,x0,0	  x0:0x00000000
       12285000	      1227	80003520	0140016f	jal	x2,80003520	  x2=0x80003520
       12295000	      1228	00000000	00000013	addi	x0,x0,0	  x0:0x00000000
       12305000	      1229	80003530	00000013	addi	x0,x0,0	  x0:0x00000000
       12315000	      1230	80003534	00c000ef	jal	x1,80003534	  x1=0x80003534
       12325000	      1231	00000000	00000013	addi	x0,x0,0	  x0:0x00000000
       12335000	      1232	8000353c	00000013	addi	x0,x0,0	  x0:0x00000000
       12345000	      1233	80003540	03400b6f	jal	x22,80003540	 x22=0x80003540
       12355000	      1234	00000000	00000013	addi	x0,x0,0	  x0:0x00000000
       12365000	      1235	80003570	00000013	addi	x0,x0,0	  x0:0x00000000
       12375000	      1236	80003574	00800eef	jal	x29,80003574	 x29=0x80003574
       12385000	      1237	00000000	00000013	addi	x0,x0,0	  x0:0x00000000
       12395000	      1238	80003578	00000013	addi	x0,x0,0	  x0:0x00000000
       12405000	      1239	8000357c	40010433	sub	x8,x2,x0	  x2:0x80003520  x0:0x00000000  x8=0x80003520
       12415000	      1240	80003580	01c00e6f	jal	x28,80003580	 x28=0x80003580
       12425000	      1241	00000000	00000013	addi	x0,x0,0	  x0:0x00000000
       12435000	      1242	80003598	00000013	addi	x0,x0,0	  x0:0x00000000
       12445000	      1243	8000359c	ff5ff0ef	jal	x1,8000359c	  x1=0x8000359c
       12455000	      1244	00000000	00000013	addi	x0,x0,0	  x0:0x00000000
       12465000	      1245	8000358c	00000013	addi	x0,x0,0	  x0:0x00000000
       12475000	      1246	80003590	0200036f	jal	x6,80003590	  x6=0x80003590
       12485000	      1247	00000000	00000013	addi	x0,x0,0	  x0:0x00000000
       12495000	      1248	800035ac	00000013	addi	x0,x0,0	  x0:0x00000000
       12505000	      1249	800035b0	ffdff36f	jal	x6,800035b0	  x6=0x800035b0
       12515000	      1250	00000000	00000013	addi	x0,x0,0	  x0:0x00000000
       12525000	      1251	800035a8	00000013	addi	x0,x0,0	  x0:0x00000000
       12535000	      1252	800035ac	fd9ff36f	jal	x6,800035ac	  x6=0x800035ac
       12545000	      1253	00000000	00000013	addi	x0,x0,0	  x0:0x00000000
       12555000	      1254	80003580	00000013	addi	x0,x0,0	  x0:0x00000000
       12565000	      1255	80003584	01c00c6f	jal	x24,80003584	 x24=0x80003584
       12575000	      1256	00000000	00000013	addi	x0,x0,0	  x0:0x00000000
       12585000	      1257	8000359c	00000013	addi	x0,x0,0	  x0:0x00000000
       12595000	      1258	800035a0	008000ef	jal	x1,800035a0	  x1=0x800035a0
       12605000	      1259	00000000	00000013	addi	x0,x0,0	  x0:0x00000000
       12615000	      1260	800035a4	00000013	addi	x0,x0,0	  x0:0x00000000
       12625000	      1261	800035a8	010000ef	jal	x1,800035a8	  x1=0x800035a8
       12635000	      1262	00000000	00000013	addi	x0,x0,0	  x0:0x00000000
       12645000	      1263	800035b4	00000013	addi	x0,x0,0	  x0:0x00000000
       12655000	      1264	800035b8	fe1ff0ef	jal	x1,800035b8	  x1=0x800035b8
       12665000	      1265	00000000	00000013	addi	x0,x0,0	  x0:0x00000000
       12675000	      1266	80003594	00000013	addi	x0,x0,0	  x0:0x00000000
       12685000	      1267	80003598	00c000ef	jal	x1,80003598	  x1=0x80003598
       12695000	      1268	00000000	00000013	addi	x0,x0,0	  x0:0x00000000
       12705000	      1269	800035a0	00000013	addi	x0,x0,0	  x0:0x00000000
       12715000	      1270	800035a4	fe9ff0ef	jal	x1,800035a4	  x1=0x800035a4
       12725000	      1271	00000000	00000013	addi	x0,x0,0	  x0:0x00000000
       12735000	      1272	80003588	00000013	addi	x0,x0,0	  x0:0x00000000
       12745000	      1273	8000358c	028008ef	jal	x17,8000358c	 x17=0x8000358c
       12755000	      1274	00000000	00000013	addi	x0,x0,0	  x0:0x00000000
       12765000	      1275	800035b0	00000013	addi	x0,x0,0	  x0:0x00000000
       12775000	      1276	800035b4	fe1ff0ef	jal	x1,800035b4	  x1=0x800035b4
       12785000	      1277	00000000	00000013	addi	x0,x0,0	  x0:0x00000000
       12795000	      1278	80003590	00000013	addi	x0,x0,0	  x0:0x00000000
       12805000	      1279	80003594	ff5ff56f	jal	x10,80003594	 x10=0x80003594
       12815000	      1280	00000000	00000013	addi	x0,x0,0	  x0:0x00000000
       12825000	      1281	80003584	00000013	addi	x0,x0,0	  x0:0x00000000
       12835000	      1282	80003588	034000ef	jal	x1,80003588	  x1=0x80003588
       12845000	      1283	00000000	00000013	addi	x0,x0,0	  x0:0x00000000
       12855000	      1284	800035b8	00000013	addi	x0,x0,0	  x0:0x00000000
       12865000	      1285	800035bc	eae86d13	ori	x26,x16,-338	 x16:0x80003564 x26=0xffffffee
       12875000	      1286	800035c0	01ef3db3	sltu	x27,x30,x30	 x30:0x80009fc4 x30:0x80009fc4 x27=0x00000000
       12885000	      1287	800035c4	00c8da93	srli	x21,x17,0xc	 x17:0x8000358c x21=0x00080003
       12895000	      1288	800035c8	00580863	beq	x16,x5,800035d8	 x16:0x80003564  x5:0x80003568
       12905000	      1289	800035cc	003174b3	and	x9,x2,x3	  x2:0x80003520  x3:0x800034c4  x9=0x80003400
       12915000	      1290	800035d0	01ea48b3	xor	x17,x20,x30	 x20:0x8000348c x30:0x80009fc4 x17=0x0000ab48
       12925000	      1291	800035d4	00d21893	slli	x17,x4,0xd	  x4:0x8000352c x17=0x06a58000
       12935000	      1292	800035d8	001ccc33	xor	x24,x25,x1	 x25:0x800033e4  x1:0x80003588 x24=0x0000066c
       12945000	      1293	800035dc	7f3d4993	xori	x19,x26,2035	 x26:0xffffffee x19=0xfffff81d
       12955000	      1294	800035e0	00c7b133	sltu	x2,x15,x12	 x15:0x80000000 x12:0x80003324  x2=0x00000001
       12965000	      1295	800035e4	0089fa63	bgeu	x19,x8,800035f8	 x19:0xfffff81d  x8:0x80003520
       12975000	      1296	00000000	00000013	addi	x0,x0,0	  x0:0x00000000
       12985000	      1297	800035f4	00000013	addi	x0,x0,0	  x0:0x00000000
       12995000	      1298	800035f8	e3392f97	auipc	x31,0xe3392	 x31=0x633955f4
       13005000	      1299	800035fc	01c65233	srl	x4,x12,x28	 x12:0x80003324 x28:0x80003580  x4=0x80003324
       13015000	      1300	80003600	010bea33	or	x20,x23,x16	 x23:0x800034bb x16:0x80003564 x20=0x800035ff
       13025000	      1301	80003604	006bd833	srl	x16,x23,x6	 x23:0x800034bb  x6:0x800035ac x16=0x00080003
       13035000	      1302	80003608	003e7463	bgeu	x28,x3,80003610	 x28:0x80003580  x3:0x800034c4
       13045000	      1303	00000000	00000013	addi	x0,x0,0	  x0:0x00000000
       13055000	      1304	8000360c	00000013	addi	x0,x0,0	  x0:0x00000000
       13065000	      1305	80003610	d90bcb13	xori	x22,x23,-624	 x23:0x800034bb x22=0x7fffc92b
       13075000	      1306	80003614	00c41ab3	sll	x21,x8,x12	  x8:0x80003520 x12:0x80003324 x21=0x00035200
       13085000	      1307	80003618	418e05b3	sub	x11,x28,x24	 x28:0x80003580 x24:0x0000066c x11=0x80002f14
       13095000	      1308	8000361c	05dfe063	bltu	x31,x29,8000365c	 x31:0x633955f4 x29:0x80003574
       13105000	      1309	00000000	00000013	addi	x0,x0,0	  x0:0x00000000
       13115000	      1310	80003658	00000013	addi	x0,x0,0	  x0:0x00000000
       13125000	      1311	8000365c	40a681b3	sub	x3,x13,x10	 x13:0x80003544 x10:0x80003594  x3=0xffffffb0
       13135000	      1312	80003660	40a15b13	srai	x22,x2,0xa	  x2:0x00000001 x22=0x00000000
       13145000	      1313	80003664	40370333	sub	x6,x14,x3	 x14:0x80009f78  x3:0xffffffb0  x6=0x80009fc8
       13155000	      1314	80003668	418bd9b3	sra	x19,x23,x24	 x23:0x800034bb x24:0x0000066c x19=0xfff80003
       13165000	      1315	8000366c	02ce8263	beq	x29,x12,80003690	 x29:0x80003574 x12:0x80003324
       13175000	      1316	80003670	a3feeb13	ori	x22,x29,-1473	 x29:0x80003574 x22=0xffffff7f
       13185000	      1317	80003674	01719493	slli	x9,x3,0x17	  x3:0xffffffb0  x9=0xd8000000
       13195000	      1318	80003678	453ac093	xori	x1,x21,1107	 x21:0x00035200  x1=0x00035653
       13205000	      1319	8000367c	bca93693	sltiu	x13,x18,-1078	 x18:0x8000316c x13=0x00000001
       13215000	      1320	80003680	3f9dfd13	andi	x26,x27,1017	 x27:0x00000000 x26=0x00000000
       13225000	      1321	80003684	ddccec37	lui	x24,0xddcce	 x24=0xddcce000
       13235000	      1322	80003688	b185a993	slti	x19,x11,-1256	 x11:0x80002f14 x19=0x00000001
       13245000	      1323	8000368c	019fd433	srl	x8,x31,x25	 x31:0x633955f4 x25:0x800033e4  x8=0x0633955f
       13255000	      1324	80003690	4156d193	srai	x3,x13,0x15	 x13:0x00000001  x3=0x00000000
       13265000	      1325	80003694	0ebc3893	sltiu	x17,x24,235	 x24:0xddcce000 x17=0x00000000
       13275000	      1326	80003698	01392c33	slt	x24,x18,x19	 x18:0x8000316c x19:0x00000001 x24=0x00000001
       13285000	      1327	8000369c	3af5ea93	ori	x21,x11,943	 x11:0x80002f14 x21=0x80002fbf
       13295000	      1328	800036a0	40edd333	sra	x6,x27,x14	 x27:0x00000000 x14:0x80009f78  x6=0x00000000
       13305000	      1329	800036a4	01c64c63	blt	x12,x28,800036bc	 x12:0x80003324 x28:0x80003580
       13315000	      1330	00000000	00000013	addi	x0,x0,0	  x0:0x00000000
       13325000	      1331	800036b8	00000013	addi	x0,x0,0	  x0:0x00000000
       13335000	      1332	800036bc	00421263	bne	x4,x4,800036c0	  x4:0x80003324  x4:0x80003324
       13345000	      1333	800036c0	01580eb3	add	x29,x16,x21	 x16:0x00080003 x21:0x80002fbf x29=0x80082fc2
       13355000	      1334	800036c4	00e186b3	add	x13,x3,x14	  x3:0x00000000 x14:0x80009f78 x13=0x80009f78
       13365000	      1335	800036c8	41dc5e33	sra	x28,x24,x29	 x24:0x00000001 x29:0x80082fc2 x28=0x00000000
       13375000	      1336	800036cc	000e9293	slli	x5,x29,0x0	 x29:0x80082fc2  x5=0x80082fc2
       13385000	      1337	800036d0	01af2233	slt	x4,x30,x26	 x30:0x80009fc4 x26:0x00000000  x4=0x00000001
       13395000	      1338	800036d4	01f75b33	srl	x22,x14,x31	 x14:0x80009f78 x31:0x633955f4 x22=0x00000800
       13405000	      1339	800036d8	00469113	slli	x2,x13,0x4	 x13:0x80009f78  x2=0x0009f780
       13415000	      1340	800036dc	00017a63	bgeu	x2,x0,800036f0	  x2:0x0009f780  x0:0x00000000
       13425000	      1341	00000000	00000013	addi	x0,x0,0	  x0:0x00000000
       13435000	      1342	800036ec	00000013	addi	x0,x0,0	  x0:0x00000000
       13445000	      1343	800036f0	00249013	slli	x0,x9,0x2	  x9:0xd8000000
       13455000	      1344	800036f4	01dd9663	bne	x27,x29,80003700	 x27:0x00000000 x29:0x80082fc2
       13465000	      1345	00000000	00000013	addi	x0,x0,0	  x0:0x00000000
       13475000	      1346	800036fc	00000013	addi	x0,x0,0	  x0:0x00000000
       13485000	      1347	80003700	001c5213	srli	x4,x24,0x1	 x24:0x00000001  x4=0x00000000
       13495000	      1348	80003704	36befe93	andi	x29,x29,875	 x29:0x80082fc2 x29=0x00000342
       13505000	      1349	80003708	92223d93	sltiu	x27,x4,-1758	  x4:0x00000000 x27=0x00000001
       13515000	      1350	8000370c	f918bd13	sltiu	x26,x17,-111	 x17:0x00000000 x26=0x00000001
       13525000	      1351	80003710	02ad7a63	bgeu	x26,x10,80003744	 x26:0x00000001 x10:0x80003594
       13535000	      1352	80003714	011ffc33	and	x24,x31,x17	 x31:0x633955f4 x17:0x00000000 x24=0x00000000
       13545000	      1353	80003718	415c89b3	sub	x19,x25,x21	 x25:0x800033e4 x21:0x80002fbf x19=0x00000425
       13555000	      1354	8000371c	049d1463	bne	x26,x9,80003764	 x26:0x00000001  x9:0xd8000000
       13565000	      1355	00000000	00000013	addi	x0,x0,0	  x0:0x00000000
       13575000	      1356	80003760	00000013	addi	x0,x0,0	  x0:0x00000000
       13585000	      1357	80003764	00000013	addi	x0,x0,0	  x0:0x00000000
       13595000	      1358	80003768	735b3113	sltiu	x2,x22,1845	 x22:0x00000800  x2=0x00000000
       13605000	      1359	8000376c	00724663	blt	x4,x7,80003778	  x4:0x00000000  x7:0x80003558
       13615000	      1360	80003770	01b29463	bne	x5,x27,80003778	  x5:0x80082fc2 x27:0x00000001
       13625000	      1361	00000000	00000013	addi	x0,x0,0	  x0:0x00000000
       13635000	      1362	80003774	00000013	addi	x0,x0,0	  x0:0x00000000
       13645000	      1363	80003778	016b1d13	slli	x26,x22,0x16	 x22:0x00000800 x26=0x00000000
       13655000	      1364	8000377c	ce1d2913	slti	x18,x26,-799	 x26:0x00000000 x18=0x00000000
       13665000	      1365	80003780	0077fd37	lui	x26,0x77f	 x26=0x0077f000
       13675000	      1366	80003784	00142a33	slt	x20,x8,x1	  x8:0x0633955f  x1:0x00035653 x20=0x00000000
       13685000	      1367	80003788	01acf333	and	x6,x25,x26	 x25:0x800033e4 x26:0x0077f000  x6=0x00003000
       13695000	      1368	8000378c	0162ea63	bltu	x5,x22,800037a0	  x5:0x80082fc2 x22:0x00000800
       13705000	      1369	80003790	01b2d113	srli	x2,x5,0x1b	  x5:0x80082fc2  x2=0x00000010
       13715000	      1370	80003794	de1e0893	addi	x17,x28,-543	 x28:0x00000000 x17=0xfffffde1
       13725000	      1371	80003798	00895133	srl	x2,x18,x8	 x18:0x00000000  x8:0x0633955f  x2=0x00000000
       13735000	      1372	8000379c	756a6513	ori	x10,x20,1878	 x20:0x00000000 x10=0x00000756
       13745000	      1373	800037a0	a144f893	andi	x17,x9,-1516	  x9:0xd8000000 x17=0xd8000000
       13755000	      1374	800037a4	01950533	add	x10,x10,x25	 x10:0x00000756 x25:0x800033e4 x10=0x80003b3a
       13765000	      1375	800037a8	010019b3	sll	x19,x0,x16	  x0:0x00000000 x16:0x00080003 x19=0x00000000
       13775000	      1376	800037ac	05b2c663	blt	x5,x27,800037f8	  x5:0x80082fc2 x27:0x00000001
       13785000	      1377	00000000	00000013	addi	x0,x0,0	  x0:0x00000000
       13795000	      1378	800037f4	00000013	addi	x0,x0,0	  x0:0x00000000
       13805000	      1379	800037f8	01ec72b3	and	x5,x24,x30	 x24:0x00000000 x30:0x80009fc4  x5=0x00000000
       13815000	      1380	800037fc	416901b3	sub	x3,x18,x22	 x18:0x00000000 x22:0x00000800  x3=0xfffff800
       13825000	      1381	80003800	1c3ad697	auipc	x13,0x1c3ad	 x13=0x9c3b07fc
       13835000	      1382	80003804	007853b3	srl	x7,x16,x7	 x16:0x00080003  x7:0x80003558  x7=0x00000000
       13845000	      1383	80003808	000f9a93	slli	x21,x31,0x0	 x31:0x633955f4 x21=0x633955f4
       13855000	      1384	8000380c	00000013	addi	x0,x0,0	  x0:0x00000000
       13865000	      1385	80003810	d5e6b293	sltiu	x5,x13,-674	 x13:0x9c3b07fc  x5=0x00000001
       13875000	      1386	80003814	409a5d33	sra	x26,x20,x9	 x20:0x00000000  x9:0xd8000000 x26=0x00000000
       13885000	      1387	80003818	0032d593	srli	x11,x5,0x3	  x5:0x00000001 x11=0x00000000
       13895000	      1388	8000381c	00400e6f	jal	x28,8000381c	 x28=0x8000381c
       13905000	      1389	00000000	00000013	addi	x0,x0,0	  x0:0x00000000
       13915000	      1390	8000381c	00000013	addi	x0,x0,0	  x0:0x00000000
       13925000	      1391	80003820	024000ef	jal	x1,80003820	  x1=0x80003820
       13935000	      1392	00000000	00000013	addi	x0,x0,0	  x0:0x00000000
       13945000	      1393	80003840	00000013	addi	x0,x0,0	  x0:0x00000000
       13955000	      1394	80003844	ff1ffc6f	jal	x24,80003844	 x24=0x80003844
       13965000	      1395	00000000	00000013	addi	x0,x0,0	  x0:0x00000000
       13975000	      1396	80003830	00000013	addi	x0,x0,0	  x0:0x00000000
       13985000	      1397	80003834	ff1ff36f	jal	x6,80003834	  x6=0x80003834
       13995000	      1398	00000000	00000013	addi	x0,x0,0	  x0:0x00000000
       14005000	      1399	80003820	00000013	addi	x0,x0,0	  x0:0x00000000
       14015000	      1400	80003824	01c000ef	jal	x1,80003824	  x1=0x80003824
       14025000	      1401	00000000	00000013	addi	x0,x0,0	  x0:0x00000000
       14035000	      1402	8000383c	00000013	addi	x0,x0,0	  x0:0x00000000
       14045000	      1403	80003840	00c000ef	jal	x1,80003840	  x1=0x80003840
       14055000	      1404	00000000	00000013	addi	x0,x0,0	  x0:0x00000000
       14065000	      1405	80003848	00000013	addi	x0,x0,0	  x0:0x00000000
       14075000	      1406	8000384c	fddff0ef	jal	x1,8000384c	  x1=0x8000384c
       14085000	      1407	00000000	00000013	addi	x0,x0,0	  x0:0x00000000
       14095000	      1408	80003824	00000013	addi	x0,x0,0	  x0:0x00000000
       14105000	      1409	80003828	0040036f	jal	x6,80003828	  x6=0x80003828
       14115000	      1410	00000000	00000013	addi	x0,x0,0	  x0:0x00000000
       14125000	      1411	80003828	00000013	addi	x0,x0,0	  x0:0x00000000
       14135000	      1412	8000382c	0100036f	jal	x6,8000382c	  x6=0x8000382c
       14145000	      1413	00000000	00000013	addi	x0,x0,0	  x0:0x00000000
       14155000	      1414	80003838	00000013	addi	x0,x0,0	  x0:0x00000000
       14165000	      1415	8000383c	ffdff36f	jal	x6,8000383c	  x6=0x8000383c
       14175000	      1416	00000000	00000013	addi	x0,x0,0	  x0:0x00000000
       14185000	      1417	80003834	00000013	addi	x0,x0,0	  x0:0x00000000
       14195000	      1418	80003838	ff9ff36f	jal	x6,80003838	  x6=0x80003838
       14205000	      1419	00000000	00000013	addi	x0,x0,0	  x0:0x00000000
       14215000	      1420	8000382c	00000013	addi	x0,x0,0	  x0:0x00000000
       14225000	      1421	80003830	018000ef	jal	x1,80003830	  x1=0x80003830
       14235000	      1422	00000000	00000013	addi	x0,x0,0	  x0:0x00000000
       14245000	      1423	80003844	00000013	addi	x0,x0,0	  x0:0x00000000
       14255000	      1424	80003848	00800eef	jal	x29,80003848	 x29=0x80003848
       14265000	      1425	00000000	00000013	addi	x0,x0,0	  x0:0x00000000
       14275000	      1426	8000384c	00000013	addi	x0,x0,0	  x0:0x00000000
       14285000	      1427	80003850	007cfb33	and	x22,x25,x7	 x25:0x800033e4  x7:0x00000000 x22=0x00000000
       14295000	      1428	80003854	001a00b3	add	x1,x20,x1	 x20:0x00000000  x1:0x80003830  x1=0x80003830
       14305000	      1429	80003858	4170d993	srai	x19,x1,0x17	  x1:0x80003830 x19=0xffffff00
       14315000	      1430	8000385c	0463f663	bgeu	x7,x6,800038a8	  x7:0x00000000  x6:0x80003838
       14325000	      1431	80003860	00000013	addi	x0,x0,0	  x0:0x00000000
       14335000	      1432	80003864	0198b833	sltu	x16,x17,x25	 x17:0xd8000000 x25:0x800033e4 x16=0x00000000
       14345000	      1433	80003868	ea0cc813	xori	x16,x25,-352	 x25:0x800033e4 x16=0x7fffcd44
       14355000	      1434	8000386c	407106b3	sub	x13,x2,x7	  x2:0x00000000  x7:0x00000000 x13=0x00000000
       14365000	      1435	80003870	04204263	blt	x0,x2,800038b4	  x0:0x00000000  x2:0x00000000
       14375000	      1436	80003874	796a7b13	andi	x22,x20,1942	 x20:0x00000000 x22=0x00000000
       14385000	      1437	80003878	01907633	and	x12,x0,x25	  x0:0x00000000 x25:0x800033e4 x12=0x00000000
       14395000	      1438	8000387c	af094e93	xori	x29,x18,-1296	 x18:0x00000000 x29=0xfffffaf0
       14405000	      1439	80003880	1d42e193	ori	x3,x5,468	  x5:0x00000001  x3=0x000001d5
       14415000	      1440	80003884	004ae533	or	x10,x21,x4	 x21:0x633955f4  x4:0x00000000 x10=0x633955f4
       14425000	      1441	80003888	00a53333	sltu	x6,x10,x10	 x10:0x633955f4 x10:0x633955f4  x6=0x00000000
       14435000	      1442	8000388c	01f6b393	sltiu	x7,x13,31	 x13:0x00000000  x7=0x00000001
       14445000	      1443	80003890	012c4863	blt	x24,x18,800038a0	 x24:0x80003844 x18:0x00000000
       14455000	      1444	00000000	00000013	addi	x0,x0,0	  x0:0x00000000
       14465000	      1445	8000389c	00000013	addi	x0,x0,0	  x0:0x00000000
       14475000	      1446	800038a0	40da5113	srai	x2,x20,0xd	 x20:0x00000000  x2=0x00000000
       14485000	      1447	800038a4	008dd133	srl	x2,x27,x8	 x27:0x00000001  x8:0x0633955f  x2=0x00000000
       14495000	      1448	800038a8	40e95393	srai	x7,x18,0xe	 x18:0x00000000  x7=0x00000000
       14505000	      1449	800038ac	0023eeb3	or	x29,x7,x2	  x7:0x00000000  x2:0x00000000 x29=0x00000000
       14515000	      1450	800038b0	01bb61b3	or	x3,x22,x27	 x22:0x00000000 x27:0x00000001  x3=0x00000001
       14525000	      1451	800038b4	01ba11b3	sll	x3,x20,x27	 x20:0x00000000 x27:0x00000001  x3=0x00000000
       14535000	      1452	800038b8	01781493	slli	x9,x16,0x17	 x16:0x7fffcd44  x9=0xa2000000
       14545000	      1453	800038bc	94496213	ori	x4,x18,-1724	 x18:0x00000000  x4=0xfffff944
       14555000	      1454	800038c0	008ad4b3	srl	x9,x21,x8	 x21:0x633955f4  x8:0x0633955f  x9=0x00000000
       14565000	      1455	800038c4	01dd2c33	slt	x24,x26,x29	 x26:0x00000000 x29:0x00000000 x24=0x00000000
       14575000	      1456	800038c8	00e81833	sll	x16,x16,x14	 x16:0x7fffcd44 x14:0x80009f78 x16=0x44000000
       14585000	      1457	800038cc	00000013	addi	x0,x0,0	  x0:0x00000000
       14595000	      1458	800038d0	00000013	addi	x0,x0,0	  x0:0x00000000
       14605000	      1459	800038d4	00000013	addi	x0,x0,0	  x0:0x00000000
       14615000	      1460	800038d8	01ef3fb3	sltu	x31,x30,x30	 x30:0x80009fc4 x30:0x80009fc4 x31=0x00000000
       14625000	      1461	800038dc	57adb013	sltiu	x0,x27,1402	 x27:0x00000001
       14635000	      1462	800038e0	012c1613	slli	x12,x24,0x12	 x24:0x00000000 x12=0x00000000
       14645000	      1463	800038e4	8e9f6a93	ori	x21,x30,-1815	 x30:0x80009fc4 x21=0xffffffed
       14655000	      1464	800038e8	00b97433	and	x8,x18,x11	 x18:0x00000000 x11:0x00000000  x8=0x00000000
       14665000	      1465	800038ec	0048f933	and	x18,x17,x4	 x17:0xd8000000  x4:0xfffff944 x18=0xd8000000
       14675000	      1466	800038f0	02341263	bne	x8,x3,80003914	  x8:0x00000000  x3:0x00000000
       14685000	      1467	800038f4	04386063	bltu	x16,x3,80003934	 x16:0x44000000  x3:0x00000000
       14695000	      1468	800038f8	01391893	slli	x17,x18,0x13	 x18:0xd8000000 x17=0x00000000
       14705000	      1469	800038fc	00279b33	sll	x22,x15,x2	 x15:0x80000000  x2:0x00000000 x22=0x80000000
       14715000	      1470	80003900	02368a63	beq	x13,x3,80003934	 x13:0x00000000  x3:0x00000000
       14725000	      1471	00000000	00000013	addi	x0,x0,0	  x0:0x00000000
       14735000	      1472	80003930	00000013	addi	x0,x0,0	  x0:0x00000000
       14745000	      1473	80003934	cdd43b93	sltiu	x23,x8,-803	  x8:0x00000000 x23=0x00000001
       14755000	      1474	80003938	009d6a63	bltu	x26,x9,8000394c	 x26:0x00000000  x9:0x00000000
       14765000	      1475	8000393c	036aee63	bltu	x21,x22,80003978	 x21:0xffffffed x22:0x80000000
       14775000	      1476	80003940	00000013	addi	x0,x0,0	  x0:0x00000000
       14785000	      1477	80003944	00a822b3	slt	x5,x16,x10	 x16:0x44000000 x10:0x633955f4  x5=0x00000001
       14795000	      1478	80003948	2cb9b893	sltiu	x17,x19,715	 x19:0xffffff00 x17=0x00000000
       14805000	      1479	8000394c	01e55013	srli	x0,x10,0x1e	 x10:0x633955f4
       14815000	      1480	80003950	41cd5613	srai	x12,x26,0x1c	 x26:0x00000000 x12=0x00000000
       14825000	      1481	80003954	01f4da93	srli	x21,x9,0x1f	  x9:0x00000000 x21=0x00000000
       14835000	      1482	80003958	01274463	blt	x14,x18,80003960	 x14:0x80009f78 x18:0xd8000000
       14845000	      1483	00000000	00000013	addi	x0,x0,0	  x0:0x00000000
       14855000	      1484	8000395c	00000013	addi	x0,x0,0	  x0:0x00000000
       14865000	      1485	80003960	ce691c97	auipc	x25,0xce691	 x25=0x4e69495c
       14875000	      1486	80003964	04191863	bne	x18,x1,800039b4	 x18:0xd8000000  x1:0x80003830
       14885000	      1487	00000000	00000013	addi	x0,x0,0	  x0:0x00000000
       14895000	      1488	800039b0	00000013	addi	x0,x0,0	  x0:0x00000000
       14905000	      1489	800039b4	6abf3993	sltiu	x19,x30,1707	 x30:0x80009fc4 x19=0x00000000
       14915000	      1490	800039b8	004dd263	bge	x27,x4,800039bc	 x27:0x00000001  x4:0xfffff944
       14925000	      1491	00000000	00000013	addi	x0,x0,0	  x0:0x00000000
       14935000	      1492	800039b8	00000013	addi	x0,x0,0	  x0:0x00000000
       14945000	      1493	800039bc	01e4e133	or	x2,x9,x30	  x9:0x00000000 x30:0x80009fc4  x2=0x80009fc4
       14955000	      1494	800039c0	02470a63	beq	x14,x4,800039f4	 x14:0x80009f78  x4:0xfffff944
       14965000	      1495	800039c4	7a1a3837	lui	x16,0x7a1a3	 x16=0x7a1a3000
       14975000	      1496	800039c8	3c1ba313	slti	x6,x23,961	 x23:0x00000001  x6=0x00000001
       14985000	      1497	800039cc	016261b3	or	x3,x4,x22	  x4:0xfffff944 x22:0x80000000  x3=0xfffff944
       14995000	      1498	800039d0	01618663	beq	x3,x22,800039dc	  x3:0xfffff944 x22:0x80000000
       15005000	      1499	800039d4	d030deb7	lui	x29,0xd030d	 x29=0xd030d000
       15015000	      1500	800039d8	013b50b3	srl	x1,x22,x19	 x22:0x80000000 x19:0x00000000  x1=0x80000000
       15025000	      1501	800039dc	015c3233	sltu	x4,x24,x21	 x24:0x00000000 x21:0x00000000  x4=0x00000000
       15035000	      1502	800039e0	41c15893	srai	x17,x2,0x1c	  x2:0x80009fc4 x17=0xfffffff8
       15045000	      1503	800039e4	ef00ca13	xori	x20,x1,-272	  x1:0x80000000 x20=0x7ffffef0
       15055000	      1504	800039e8	41625513	srai	x10,x4,0x16	  x4:0x00000000 x10=0x00000000
       15065000	      1505	800039ec	018f3d33	sltu	x26,x30,x24	 x30:0x80009fc4 x24:0x00000000 x26=0x00000000
       15075000	      1506	800039f0	00000013	addi	x0,x0,0	  x0:0x00000000
       15085000	      1507	800039f4	42455a37	lui	x20,0x42455	 x20=0x42455000
       15095000	      1508	800039f8	7205b113	sltiu	x2,x11,1824	 x11:0x00000000  x2=0x00000001
       15105000	      1509	800039fc	c3756817	auipc	x16,0xc3756	 x16=0x437599f8
       15115000	      1510	80003a00	06000e6f	jal	x28,80003a00	 x28=0x80003a00
       15125000	      1511	00000000	00000013	addi	x0,x0,0	  x0:0x00000000
       15135000	      1512	80003a5c	00000013	addi	x0,x0,0	  x0:0x00000000
       15145000	      1513	80003a60	fddff36f	jal	x6,80003a60	  x6=0x80003a60
       15155000	      1514	00000000	00000013	addi	x0,x0,0	  x0:0x00000000
       15165000	      1515	80003a38	00000013	addi	x0,x0,0	  x0:0x00000000
       15175000	      1516	80003a3c	ff9ff36f	jal	x6,80003a3c	  x6=0x80003a3c
       15185000	      1517	00000000	00000013	addi	x0,x0,0	  x0:0x00000000
       15195000	      1518	80003a30	00000013	addi	x0,x0,0	  x0:0x00000000
       15205000	      1519	80003a34	010002ef	jal	x5,80003a34	  x5=0x80003a34
       15215000	      1520	00000000	00000013	addi	x0,x0,0	  x0:0x00000000
       15225000	      1521	80003a40	00000013	addi	x0,x0,0	  x0:0x00000000
       15235000	      1522	80003a44	fd5ff0ef	jal	x1,80003a44	  x1=0x80003a44
       15245000	      1523	00000000	00000013	addi	x0,x0,0	  x0:0x00000000
       15255000	      1524	80003a14	00000013	addi	x0,x0,0	  x0:0x00000000
       15265000	      1525	80003a18	ff9ff1ef	jal	x3,80003a18	  x3=0x80003a18
       15275000	      1526	00000000	00000013	addi	x0,x0,0	  x0:0x00000000
       15285000	      1527	80003a0c	00000013	addi	x0,x0,0	  x0:0x00000000
       15295000	      1528	80003a10	048000ef	jal	x1,80003a10	  x1=0x80003a10
       15305000	      1529	00000000	00000013	addi	x0,x0,0	  x0:0x00000000
       15315000	      1530	80003a54	00000013	addi	x0,x0,0	  x0:0x00000000
       15325000	      1531	80003a58	ff5ff36f	jal	x6,80003a58	  x6=0x80003a58
       15335000	      1532	00000000	00000013	addi	x0,x0,0	  x0:0x00000000
       15345000	      1533	80003a48	00000013	addi	x0,x0,0	  x0:0x00000000
       15355000	      1534	80003a4c	02c00d6f	jal	x26,80003a4c	 x26=0x80003a4c
       15365000	      1535	00000000	00000013	addi	x0,x0,0	  x0:0x00000000
       15375000	      1536	80003a74	00000013	addi	x0,x0,0	  x0:0x00000000
       15385000	      1537	80003a78	f8dff0ef	jal	x1,80003a78	  x1=0x80003a78
       15395000	      1538	00000000	00000013	addi	x0,x0,0	  x0:0x00000000
       15405000	      1539	80003a00	00000013	addi	x0,x0,0	  x0:0x00000000
       15415000	      1540	80003a04	068000ef	jal	x1,80003a04	  x1=0x80003a04
       15425000	      1541	00000000	00000013	addi	x0,x0,0	  x0:0x00000000
       15435000	      1542	80003a68	00000013	addi	x0,x0,0	  x0:0x00000000
       15445000	      1543	80003a6c	fb1ff36f	jal	x6,80003a6c	  x6=0x80003a6c
       15455000	      1544	00000000	00000013	addi	x0,x0,0	  x0:0x00000000
       15465000	      1545	80003a18	00000013	addi	x0,x0,0	  x0:0x00000000
       15475000	      1546	80003a1c	008000ef	jal	x1,80003a1c	  x1=0x80003a1c
       15485000	      1547	00000000	00000013	addi	x0,x0,0	  x0:0x00000000
       15495000	      1548	80003a20	00000013	addi	x0,x0,0	  x0:0x00000000
       15505000	      1549	80003a24	040000ef	jal	x1,80003a24	  x1=0x80003a24
       15515000	      1550	00000000	00000013	addi	x0,x0,0	  x0:0x00000000
       15525000	      1551	80003a60	00000013	addi	x0,x0,0	  x0:0x00000000
       15535000	      1552	80003a64	010000ef	jal	x1,80003a64	  x1=0x80003a64
       15545000	      1553	00000000	00000013	addi	x0,x0,0	  x0:0x00000000
       15555000	      1554	80003a70	00000013	addi	x0,x0,0	  x0:0x00000000
       15565000	      1555	80003a74	fe1ff8ef	jal	x17,80003a74	 x17=0x80003a74
       15575000	      1556	00000000	00000013	addi	x0,x0,0	  x0:0x00000000
       15585000	      1557	80003a50	00000013	addi	x0,x0,0	  x0:0x00000000
       15595000	      1558	80003a54	fd9ff36f	jal	x6,80003a54	  x6=0x80003a54
       15605000	      1559	00000000	00000013	addi	x0,x0,0	  x0:0x00000000
       15615000	      1560	80003a28	00000013	addi	x0,x0,0	  x0:0x00000000
       15625000	      1561	80003a2c	fddff0ef	jal	x1,80003a2c	  x1=0x80003a2c
       15635000	      1562	00000000	00000013	addi	x0,x0,0	  x0:0x00000000
       15645000	      1563	80003a04	00000013	addi	x0,x0,0	  x0:0x00000000
       15655000	      1564	80003a08	018000ef	jal	x1,80003a08	  x1=0x80003a08
       15665000	      1565	00000000	00000013	addi	x0,x0,0	  x0:0x00000000
       15675000	      1566	80003a1c	00000013	addi	x0,x0,0	  x0:0x00000000
       15685000	      1567	80003a20	048000ef	jal	x1,80003a20	  x1=0x80003a20
       15695000	      1568	00000000	00000013	addi	x0,x0,0	  x0:0x00000000
       15705000	      1569	80003a64	00000013	addi	x0,x0,0	  x0:0x00000000
       15715000	      1570	80003a68	fd9ff46f	jal	x8,80003a68	  x8=0x80003a68
       15725000	      1571	00000000	00000013	addi	x0,x0,0	  x0:0x00000000
       15735000	      1572	80003a3c	00000013	addi	x0,x0,0	  x0:0x00000000
       15745000	      1573	80003a40	ff9ff0ef	jal	x1,80003a40	  x1=0x80003a40
       15755000	      1574	00000000	00000013	addi	x0,x0,0	  x0:0x00000000
       15765000	      1575	80003a34	00000013	addi	x0,x0,0	  x0:0x00000000
       15775000	      1576	80003a38	fd5ff8ef	jal	x17,80003a38	 x17=0x80003a38
       15785000	      1577	00000000	00000013	addi	x0,x0,0	  x0:0x00000000
       15795000	      1578	80003a08	00000013	addi	x0,x0,0	  x0:0x00000000
       15805000	      1579	80003a0c	03c0036f	jal	x6,80003a0c	  x6=0x80003a0c
       15815000	      1580	00000000	00000013	addi	x0,x0,0	  x0:0x00000000
       15825000	      1581	80003a44	00000013	addi	x0,x0,0	  x0:0x00000000
       15835000	      1582	80003a48	02800eef	jal	x29,80003a48	 x29=0x80003a48
       15845000	      1583	00000000	00000013	addi	x0,x0,0	  x0:0x00000000
       15855000	      1584	80003a6c	00000013	addi	x0,x0,0	  x0:0x00000000
       15865000	      1585	80003a70	fa5ff0ef	jal	x1,80003a70	  x1=0x80003a70
       15875000	      1586	00000000	00000013	addi	x0,x0,0	  x0:0x00000000
       15885000	      1587	80003a10	00000013	addi	x0,x0,0	  x0:0x00000000
       15895000	      1588	80003a14	01c000ef	jal	x1,80003a14	  x1=0x80003a14
       15905000	      1589	00000000	00000013	addi	x0,x0,0	  x0:0x00000000
       15915000	      1590	80003a2c	00000013	addi	x0,x0,0	  x0:0x00000000
       15925000	      1591	80003a30	0200036f	jal	x6,80003a30	  x6=0x80003a30
       15935000	      1592	00000000	00000013	addi	x0,x0,0	  x0:0x00000000
       15945000	      1593	80003a4c	00000013	addi	x0,x0,0	  x0:0x00000000
       15955000	      1594	80003a50	00c000ef	jal	x1,80003a50	  x1=0x80003a50
       15965000	      1595	00000000	00000013	addi	x0,x0,0	  x0:0x00000000
       15975000	      1596	80003a58	00000013	addi	x0,x0,0	  x0:0x00000000
       15985000	      1597	80003a5c	fcdff0ef	jal	x1,80003a5c	  x1=0x80003a5c
       15995000	      1598	00000000	00000013	addi	x0,x0,0	  x0:0x00000000
       16005000	      1599	80003a24	00000013	addi	x0,x0,0	  x0:0x00000000
       16015000	      1600	80003a28	054000ef	jal	x1,80003a28	  x1=0x80003a28
       16025000	      1601	00000000	00000013	addi	x0,x0,0	  x0:0x00000000
       16035000	      1602	80003a78	00000013	addi	x0,x0,0	  x0:0x00000000
       16045000	      1603	80003a7c	0016ca33	xor	x20,x13,x1	 x13:0x00000000  x1:0x80003a28 x20=0x80003a28
       16055000	      1604	80003a80	4de8c017	auipc	x0,0x4de8c	
       16065000	      1605	80003a84	004b1233	sll	x4,x22,x4	 x22:0x80000000  x4:0x00000000  x4=0x80000000
       16075000	      1606	80003a88	62a5c297	auipc	x5,0x62a5c	  x5=0xe2a5fa84
       16085000	      1607	80003a8c	013a76b3	and	x13,x20,x19	 x20:0x80003a28 x19:0x00000000 x13=0x00000000
       16095000	      1608	80003a90	00b2c263	blt	x5,x11,80003a94	  x5:0xe2a5fa84 x11:0x00000000
       16105000	      1609	00000000	00000013	addi	x0,x0,0	  x0:0x00000000
       16115000	      1610	80003a90	00000013	addi	x0,x0,0	  x0:0x00000000
       16125000	      1611	80003a94	152a7493	andi	x9,x20,338	 x20:0x80003a28  x9=0x00000000
       16135000	      1612	80003a98	005e4463	blt	x28,x5,80003aa0	 x28:0x80003a00  x5:0xe2a5fa84
       16145000	      1613	00000000	00000013	addi	x0,x0,0	  x0:0x00000000
       16155000	      1614	80003a9c	00000013	addi	x0,x0,0	  x0:0x00000000
       16165000	      1615	80003aa0	00971493	slli	x9,x14,0x9	 x14:0x80009f78  x9=0x013ef000
       16175000	      1616	80003aa4	03478663	beq	x15,x20,80003ad0	 x15:0x80000000 x20:0x80003a28
       16185000	      1617	80003aa8	01bad193	srli	x3,x21,0x1b	 x21:0x00000000  x3=0x00000000
       16195000	      1618	80003aac	0196f263	bgeu	x13,x25,80003ab0	 x13:0x00000000 x25:0x4e69495c
       16205000	      1619	80003ab0	414d5b33	sra	x22,x26,x20	 x26:0x80003a4c x20:0x80003a28 x22=0xff80003a
       16215000	      1620	80003ab4	a171fe13	andi	x28,x3,-1513	  x3:0x00000000 x28=0x00000000
       16225000	      1621	80003ab8	0080ca63	blt	x1,x8,80003acc	  x1:0x80003a28  x8:0x80003a68
       16235000	      1622	00000000	00000013	addi	x0,x0,0	  x0:0x00000000
       16245000	      1623	80003ac8	00000013	addi	x0,x0,0	  x0:0x00000000
       16255000	      1624	80003acc	dd224413	xori	x8,x4,-558	  x4:0x80000000  x8=0x7ffffdd2
       16265000	      1625	80003ad0	00898ab3	add	x21,x19,x8	 x19:0x00000000  x8:0x7ffffdd2 x21=0x7ffffdd2
       16275000	      1626	80003ad4	41205a13	srai	x20,x0,0x12	  x0:0x00000000 x20=0x00000000
       16285000	      1627	80003ad8	017afdb3	and	x27,x21,x23	 x21:0x7ffffdd2 x23:0x00000001 x27=0x00000000
       16295000	      1628	80003adc	ede6ee93	ori	x29,x13,-290	 x13:0x00000000 x29=0xfffffede
       16305000	      1629	80003ae0	00000013	addi	x0,x0,0	  x0:0x00000000
       16315000	      1630	80003ae4	195c6e93	ori	x29,x24,405	 x24:0x00000000 x29=0x00000195
       16325000	      1631	80003ae8	93ae6993	ori	x19,x28,-1734	 x28:0x00000000 x19=0xfffff93a
       16335000	      1632	80003aec	8bf02413	slti	x8,x0,-1857	  x0:0x00000000  x8=0x00000000
       16345000	      1633	80003af0	03a85263	bge	x16,x26,80003b14	 x16:0x437599f8 x26:0x80003a4c
       16355000	      1634	00000000	00000013	addi	x0,x0,0	  x0:0x00000000
       16365000	      1635	80003b10	00000013	addi	x0,x0,0	  x0:0x00000000
       16375000	      1636	80003b14	02280a63	beq	x16,x2,80003b48	 x16:0x437599f8  x2:0x00000001
       16385000	      1637	80003b18	01b8c463	blt	x17,x27,80003b20	 x17:0x80003a38 x27:0x00000000
       16395000	      1638	00000000	00000013	addi	x0,x0,0	  x0:0x00000000
       16405000	      1639	80003b1c	00000013	addi	x0,x0,0	  x0:0x00000000
       16415000	      1640	80003b20	04255463	bge	x10,x2,80003b68	 x10:0x00000000  x2:0x00000001
       16425000	      1641	80003b24	405d5c13	srai	x24,x26,0x5	 x26:0x80003a4c x24=0xfc0001d2
       16435000	      1642	80003b28	40270fb3	sub	x31,x14,x2	 x14:0x80009f78  x2:0x00000001 x31=0x80009f77
       16445000	      1643	80003b2c	3105f413	andi	x8,x11,784	 x11:0x00000000  x8=0x00000000
       16455000	      1644	80003b30	cbf60513	addi	x10,x12,-833	 x12:0x00000000 x10=0xfffffcbf
       16465000	      1645	80003b34	0135b3b3	sltu	x7,x11,x19	 x11:0x00000000 x19:0xfffff93a  x7=0x00000001
       16475000	      1646	80003b38	00b3c033	xor	x0,x7,x11	  x7:0x00000001 x11:0x00000000
       16485000	      1647	80003b3c	01ade263	bltu	x27,x26,80003b40	 x27:0x00000000 x26:0x80003a4c
       16495000	      1648	00000000	00000013	addi	x0,x0,0	  x0:0x00000000
       16505000	      1649	80003b3c	00000013	addi	x0,x0,0	  x0:0x00000000
       16515000	      1650	80003b40	ec6c74b7	lui	x9,0xec6c7	  x9=0xec6c7000
       16525000	      1651	80003b44	c2baa293	slti	x5,x21,-981	 x21:0x7ffffdd2  x5=0x00000000
       16535000	      1652	80003b48	01fc05b3	add	x11,x24,x31	 x24:0xfc0001d2 x31:0x80009f77 x11=0x7c00a149
       16545000	      1653	80003b4c	01c59463	bne	x11,x28,80003b54	 x11:0x7c00a149 x28:0x00000000
       16555000	      1654	00000000	00000013	addi	x0,x0,0	  x0:0x00000000
       16565000	      1655	80003b50	00000013	addi	x0,x0,0	  x0:0x00000000
       16575000	      1656	80003b54	4027d293	srai	x5,x15,0x2	 x15:0x80000000  x5=0xe0000000
       16585000	      1657	80003b58	00000013	addi	x0,x0,0	  x0:0x00000000
       16595000	      1658	80003b5c	04d97063	bgeu	x18,x13,80003b9c	 x18:0xd8000000 x13:0x00000000
       16605000	      1659	00000000	00000013	addi	x0,x0,0	  x0:0x00000000
       16615000	      1660	80003b98	00000013	addi	x0,x0,0	  x0:0x00000000
       16625000	      1661	80003b9c	017ac863	blt	x21,x23,80003bac	 x21:0x7ffffdd2 x23:0x00000001
       16635000	      1662	80003ba0	01f402b3	add	x5,x8,x31	  x8:0x00000000 x31:0x80009f77  x5=0x80009f77
       16645000	      1663	80003ba4	01e0e663	bltu	x1,x30,80003bb0	  x1:0x80003a28 x30:0x80009fc4
       16655000	      1664	00000000	00000013	addi	x0,x0,0	  x0:0x00000000
       16665000	      1665	80003bac	00000013	addi	x0,x0,0	  x0:0x00000000
       16675000	      1666	80003bb0	023d6663	bltu	x26,x3,80003bdc	 x26:0x80003a4c  x3:0x00000000
       16685000	      1667	80003bb4	046de663	bltu	x27,x6,80003c00	 x27:0x00000000  x6:0x80003a30
       16695000	      1668	00000000	00000013	addi	x0,x0,0	  x0:0x00000000
       16705000	      1669	80003bfc	00000013	addi	x0,x0,0	  x0:0x00000000
       16715000	      1670	80003c00	67b5da97	auipc	x21,0x67b5d	 x21=0xe7b60bfc
       16725000	      1671	80003c04	026e4e63	blt	x28,x6,80003c40	 x28:0x00000000  x6:0x80003a30
       16735000	      1672	80003c08	02746663	bltu	x8,x7,80003c34	  x8:0x00000000  x7:0x00000001
       16745000	      1673	00000000	00000013	addi	x0,x0,0	  x0:0x00000000
       16755000	      1674	80003c30	00000013	addi	x0,x0,0	  x0:0x00000000
       16765000	      1675	80003c34	c0c87917	auipc	x18,0xc0c87	 x18=0x40c8ac30
       16775000	      1676	80003c38	e0ac6d93	ori	x27,x24,-502	 x24:0xfc0001d2 x27=0xffffffda
       16785000	      1677	80003c3c	011e11b3	sll	x3,x28,x17	 x28:0x00000000 x17:0x80003a38  x3=0x00000000
       16795000	      1678	80003c40	c1072817	auipc	x16,0xc1072	 x16=0x41075c3c
       16805000	      1679	80003c44	c6b9bd93	sltiu	x27,x19,-917	 x19:0xfffff93a x27=0x00000001
       16815000	      1680	80003c48	00b35663	bge	x6,x11,80003c54	  x6:0x80003a30 x11:0x7c00a149
       16825000	      1681	80003c4c	00d13033	sltu	x0,x2,x13	  x2:0x00000001 x13:0x00000000
       16835000	      1682	80003c50	eb907193	andi	x3,x0,-327	  x0:0x00000000  x3=0x00000000
       16845000	      1683	80003c54	414bd913	srai	x18,x23,0x14	 x23:0x00000001 x18=0x00000000
       16855000	      1684	80003c58	e68f9d17	auipc	x26,0xe68f9	 x26=0x668fcc54
       16865000	      1685	80003c5c	00c31093	slli	x1,x6,0xc	  x6:0x80003a30  x1=0x03a30000
       16875000	      1686	80003c60	01d99d13	slli	x26,x19,0x1d	 x19:0xfffff93a x26=0x40000000
       16885000	      1687	80003c64	018364b3	or	x9,x6,x24	  x6:0x80003a30 x24:0xfc0001d2  x9=0xfc003bf2
       16895000	      1688	80003c68	00000013	addi	x0,x0,0	  x0:0x00000000
       16905000	      1689	80003c6c	f8ac3913	sltiu	x18,x24,-118	 x24:0xfc0001d2 x18=0x00000001
       16915000	      1690	80003c70	1e6aaf93	slti	x31,x21,486	 x21:0xe7b60bfc x31=0x00000001
       16925000	      1691	80003c74	2f6d6693	ori	x13,x26,758	 x26:0x40000000 x13=0x400002f6
       16935000	      1692	80003c78	00000013	addi	x0,x0,0	  x0:0x00000000
       16945000	      1693	80003c7c	044f0263	beq	x30,x4,80003cc0	 x30:0x80009fc4  x4:0x80000000
       16955000	      1694	80003c80	017d5b33	srl	x22,x26,x23	 x26:0x40000000 x23:0x00000001 x22=0x20000000
       16965000	      1695	80003c84	054cc863	blt	x25,x20,80003cd4	 x25:0x4e69495c x20:0x00000000
       16975000	      1696	80003c88	05576063	bltu	x14,x21,80003cc8	 x14:0x80009f78 x21:0xe7b60bfc
       16985000	      1697	00000000	00000013	addi	x0,x0,0	  x0:0x00000000
       16995000	      1698	80003cc4	00000013	addi	x0,x0,0	  x0:0x00000000
       17005000	      1699	80003cc8	0100a3b3	slt	x7,x1,x16	  x1:0x03a30000 x16:0x41075c3c  x7=0x00000001
       17015000	      1700	80003ccc	00861863	bne	x12,x8,80003cdc	 x12:0x00000000  x8:0x00000000
       17025000	      1701	80003cd0	3c116493	ori	x9,x2,961	  x2:0x00000001  x9=0x000003c1
       17035000	      1702	80003cd4	99bee617	auipc	x12,0x99bee	 x12=0x19bf1cd0
       17045000	      1703	80003cd8	998cea13	ori	x20,x25,-1640	 x25:0x4e69495c x20=0xfffff9dc
       17055000	      1704	80003cdc	9255b513	sltiu	x10,x11,-1755	 x11:0x7c00a149 x10=0x00000001
       17065000	      1705	80003ce0	401901b3	sub	x3,x18,x1	 x18:0x00000001  x1:0x03a30000  x3=0xfc5d0001
       17075000	      1706	80003ce4	006c0263	beq	x24,x6,80003ce8	 x24:0xfc0001d2  x6:0x80003a30
       17085000	      1707	80003ce8	0eba4493	xori	x9,x20,235	 x20:0xfffff9dc  x9=0xfffff937
       17095000	      1708	80003cec	c4da4813	xori	x16,x20,-947	 x20:0xfffff9dc x16=0x00000591
       17105000	      1709	80003cf0	011fd933	srl	x18,x31,x17	 x31:0x00000001 x17:0x80003a38 x18=0x00000000
       17115000	      1710	80003cf4	05c81463	bne	x16,x28,80003d3c	 x16:0x00000591 x28:0x00000000
       17125000	      1711	00000000	00000013	addi	x0,x0,0	  x0:0x00000000
       17135000	      1712	80003d38	00000013	addi	x0,x0,0	  x0:0x00000000
       17145000	      1713	80003d3c	020a8663	beq	x21,x0,80003d68	 x21:0xe7b60bfc  x0:0x00000000
       17155000	      1714	80003d40	010c04b3	add	x9,x24,x16	 x24:0xfc0001d2 x16:0x00000591  x9=0xfc000763
       17165000	      1715	80003d44	001de433	or	x8,x27,x1	 x27:0x00000001  x1:0x03a30000  x8=0x03a30001
       17175000	      1716	80003d48	1fc04a13	xori	x20,x0,508	  x0:0x00000000 x20=0x000001fc
       17185000	      1717	80003d4c	97e92693	slti	x13,x18,-1666	 x18:0x00000000 x13=0x00000000
       17195000	      1718	80003d50	004b1293	slli	x5,x22,0x4	 x22:0x20000000  x5=0x00000000
       17205000	      1719	80003d54	174aec93	ori	x25,x21,372	 x21:0xe7b60bfc x25=0xe7b60bfc
       17215000	      1720	80003d58	02160263	beq	x12,x1,80003d7c	 x12:0x19bf1cd0  x1:0x03a30000
       17225000	      1721	80003d5c	01f931b3	sltu	x3,x18,x31	 x18:0x00000000 x31:0x00000001  x3=0x00000001
       17235000	      1722	80003d60	00000013	addi	x0,x0,0	  x0:0x00000000
       17245000	      1723	80003d64	0148dc93	srli	x25,x17,0x14	 x17:0x80003a38 x25=0x00000800
       17255000	      1724	80003d68	5b90ce93	xori	x29,x1,1465	  x1:0x03a30000 x29=0x03a305b9
       17265000	      1725	80003d6c	802aa893	slti	x17,x21,-2046	 x21:0xe7b60bfc x17=0x00000001
       17275000	      1726	80003d70	02914a63	blt	x2,x9,80003da4	  x2:0x00000001  x9:0xfc000763
       17285000	      1727	80003d74	fd36b913	sltiu	x18,x13,-45	 x13:0x00000000 x18=0x00000001
       17295000	      1728	80003d78	41135cb3	sra	x25,x6,x17	  x6:0x80003a30 x17:0x00000001 x25=0xc0001d18
       17305000	      1729	80003d7c	011de233	or	x4,x27,x17	 x27:0x00000001 x17:0x00000001  x4=0x00000001
       17315000	      1730	80003d80	416a83b3	sub	x7,x21,x22	 x21:0xe7b60bfc x22:0x20000000  x7=0xc7b60bfc
       17325000	      1731	80003d84	40fb8933	sub	x18,x23,x15	 x23:0x00000001 x15:0x80000000 x18=0x80000001
       17335000	      1732	80003d88	01fc9c13	slli	x24,x25,0x1f	 x25:0xc0001d18 x24=0x00000000
       17345000	      1733	80003d8c	00000013	addi	x0,x0,0	  x0:0x00000000
       17355000	      1734	80003d90	00095833	srl	x16,x18,x0	 x18:0x80000001  x0:0x00000000 x16=0x80000001
       17365000	      1735	80003d94	3f4c2c13	slti	x24,x24,1012	 x24:0x00000000 x24=0x00000001
       17375000	      1736	80003d98	e7a8bc13	sltiu	x24,x17,-390	 x17:0x00000001 x24=0x00000001
       17385000	      1737	80003d9c	01568133	add	x2,x13,x21	 x13:0x00000000 x21:0xe7b60bfc  x2=0xe7b60bfc
       17395000	      1738	80003da0	40b205b3	sub	x11,x4,x11	  x4:0x00000001 x11:0x7c00a149 x11=0x83ff5eb8
       17405000	      1739	80003da4	d8774597	auipc	x11,0xd8774	 x11=0x58777da0
       17415000	      1740	80003da8	e808b5b7	lui	x11,0xe808b	 x11=0xe808b000
       17425000	      1741	80003dac	d88fa437	lui	x8,0xd88fa	  x8=0xd88fa000
       17435000	      1742	80003db0	05869863	bne	x13,x24,80003e00	 x13:0x00000000 x24:0x00000001
       17445000	      1743	00000000	00000013	addi	x0,x0,0	  x0:0x00000000
       17455000	      1744	80003dfc	00000013	addi	x0,x0,0	  x0:0x00000000
       17465000	      1745	80003e00	010d2fb3	slt	x31,x26,x16	 x26:0x40000000 x16:0x80000001 x31=0x00000000
       17475000	      1746	80003e04	01a945b3	xor	x11,x18,x26	 x18:0x80000001 x26:0x40000000 x11=0xc0000001
       17485000	      1747	80003e08	3d80c513	xori	x10,x1,984	  x1:0x03a30000 x10=0x03a303d8
       17495000	      1748	80003e0c	029b9663	bne	x23,x9,80003e38	 x23:0x00000001  x9:0xfc000763
       17505000	      1749	00000000	00000013	addi	x0,x0,0	  x0:0x00000000
       17515000	      1750	80003e34	00000013	addi	x0,x0,0	  x0:0x00000000
       17525000	      1751	80003e38	78632897	auipc	x17,0x78632	 x17=0xf8635e34
       17535000	      1752	80003e3c	00ebe433	or	x8,x23,x14	 x23:0x00000001 x14:0x80009f78  x8=0x80009f79
       17545000	      1753	80003e40	5928ec97	auipc	x25,0x5928e	 x25=0xd9291e3c
       17555000	      1754	80003e44	016abfb3	sltu	x31,x21,x22	 x21:0xe7b60bfc x22:0x20000000 x31=0x00000000
       17565000	      1755	80003e48	01a27a33	and	x20,x4,x26	  x4:0x00000001 x26:0x40000000 x20=0x00000000
       17575000	      1756	80003e4c	4137dfb3	sra	x31,x15,x19	 x15:0x80000000 x19:0xfffff93a x31=0xffffffe0
       17585000	      1757	80003e50	00d40ab3	add	x21,x8,x13	  x8:0x80009f79 x13:0x00000000 x21=0x80009f79
       17595000	      1758	80003e54	00691933	sll	x18,x18,x6	 x18:0x80000001  x6:0x80003a30 x18=0x00010000
       17605000	      1759	80003e58	40be8933	sub	x18,x29,x11	 x29:0x03a305b9 x11:0xc0000001 x18=0x43a305b8
       17615000	      1760	80003e5c	01dc66b3	or	x13,x24,x29	 x24:0x00000001 x29:0x03a305b9 x13=0x03a305b9
       17625000	      1761	80003e60	00c87c63	bgeu	x16,x12,80003e78	 x16:0x80000001 x12:0x19bf1cd0
       17635000	      1762	00000000	00000013	addi	x0,x0,0	  x0:0x00000000
       17645000	      1763	80003e74	00000013	addi	x0,x0,0	  x0:0x00000000
       17655000	      1764	80003e78	0007e663	bltu	x15,x0,80003e84	 x15:0x80000000  x0:0x00000000
       17665000	      1765	80003e7c	68724117	auipc	x2,0x68724	  x2=0xe8727e78
       17675000	      1766	80003e80	01565bb3	srl	x23,x12,x21	 x12:0x19bf1cd0 x21:0x80009f79 x23=0x0000000c
       17685000	      1767	80003e84	004e6ab3	or	x21,x28,x4	 x28:0x00000000  x4:0x00000001 x21=0x00000001
       17695000	      1768	80003e88	00000013	addi	x0,x0,0	  x0:0x00000000
       17705000	      1769	80003e8c	db05a413	slti	x8,x11,-592	 x11:0xc0000001  x8=0x00000001
       17715000	      1770	80003e90	05ab7663	bgeu	x22,x26,80003edc	 x22:0x20000000 x26:0x40000000
       17725000	      1771	80003e94	00289893	slli	x17,x17,0x2	 x17:0xf8635e34 x17=0xe18d78d0
       17735000	      1772	80003e98	018e95b3	sll	x11,x29,x24	 x29:0x03a305b9 x24:0x00000001 x11=0x07460b72
       17745000	      1773	80003e9c	00a1da63	bge	x3,x10,80003eb0	  x3:0x00000001 x10:0x03a303d8
       17755000	      1774	80003ea0	01391a63	bne	x18,x19,80003eb4	 x18:0x43a305b8 x19:0xfffff93a
       17765000	      1775	00000000	00000013	addi	x0,x0,0	  x0:0x00000000
       17775000	      1776	80003eb0	00000013	addi	x0,x0,0	  x0:0x00000000
       17785000	      1777	80003eb4	82b86e13	ori	x28,x16,-2005	 x16:0x80000001 x28=0xfffff82b
       17795000	      1778	80003eb8	b18f2b93	slti	x23,x30,-1256	 x30:0x80009fc4 x23=0x00000001
       17805000	      1779	80003ebc	0006e3b3	or	x7,x13,x0	 x13:0x03a305b9  x0:0x00000000  x7=0x03a305b9
       17815000	      1780	80003ec0	005b21b3	slt	x3,x22,x5	 x22:0x20000000  x5:0x00000000  x3=0x00000000
       17825000	      1781	80003ec4	0102d463	bge	x5,x16,80003ecc	  x5:0x00000000 x16:0x80000001
       17835000	      1782	00000000	00000013	addi	x0,x0,0	  x0:0x00000000
       17845000	      1783	80003ec8	00000013	addi	x0,x0,0	  x0:0x00000000
       17855000	      1784	80003ecc	00a10663	beq	x2,x10,80003ed8	  x2:0xe8727e78 x10:0x03a303d8
       17865000	      1785	80003ed0	41dc8133	sub	x2,x25,x29	 x25:0xd9291e3c x29:0x03a305b9  x2=0xd5861883
       17875000	      1786	80003ed4	01ecf4b3	and	x9,x25,x30	 x25:0xd9291e3c x30:0x80009fc4  x9=0x80001e04
       17885000	      1787	80003ed8	00000013	addi	x0,x0,0	  x0:0x00000000
       17895000	      1788	80003edc	01b37fb3	and	x31,x6,x27	  x6:0x80003a30 x27:0x00000001 x31=0x00000000
       17905000	      1789	80003ee0	0100d093	srli	x1,x1,0x10	  x1:0x03a30000  x1=0x000003a3
       17915000	      1790	80003ee4	04ea6863	bltu	x20,x14,80003f34	 x20:0x00000000 x14:0x80009f78
       17925000	      1791	00000000	00000013	addi	x0,x0,0	  x0:0x00000000
       17935000	      1792	80003f30	00000013	addi	x0,x0,0	  x0:0x00000000
       17945000	      1793	80003f34	00526233	or	x4,x4,x5	  x4:0x00000001  x5:0x00000000  x4=0x00000001
       17955000	      1794	80003f38	2194b813	sltiu	x16,x9,537	  x9:0x80001e04 x16=0x00000000
       17965000	      1795	80003f3c	01a3e263	bltu	x7,x26,80003f40	  x7:0x03a305b9 x26:0x40000000
       17975000	      1796	00000000	00000013	addi	x0,x0,0	  x0:0x00000000
       17985000	      1797	80003f3c	00000013	addi	x0,x0,0	  x0:0x00000000
       17995000	      1798	80003f40	01299263	bne	x19,x18,80003f44	 x19:0xfffff93a x18:0x43a305b8
       18005000	      1799	00000000	00000013	addi	x0,x0,0	  x0:0x00000000
       18015000	      1800	80003f40	00000013	addi	x0,x0,0	  x0:0x00000000
       18025000	      1801	80003f44	00000013	addi	x0,x0,0	  x0:0x00000000
       18035000	      1802	80003f48	01c99b93	slli	x23,x19,0x1c	 x19:0xfffff93a x23=0xa0000000
       18045000	      1803	80003f4c	014238b3	sltu	x17,x4,x20	  x4:0x00000001 x20:0x00000000 x17=0x00000000
       18055000	      1804	80003f50	01087ab3	and	x21,x16,x16	 x16:0x00000000 x16:0x00000000 x21=0x00000000
       18065000	      1805	80003f54	c04e0893	addi	x17,x28,-1020	 x28:0xfffff82b x17=0xfffff42f
       18075000	      1806	80003f58	757a4093	xori	x1,x20,1879	 x20:0x00000000  x1=0x00000757
       18085000	      1807	80003f5c	a4038613	addi	x12,x7,-1472	  x7:0x03a305b9 x12=0x03a2fff9
       18095000	      1808	80003f60	001a6433	or	x8,x20,x1	 x20:0x00000000  x1:0x00000757  x8=0x00000757
       18105000	      1809	80003f64	6e2d6493	ori	x9,x26,1762	 x26:0x40000000  x9=0x400006e2
       18115000	      1810	80003f68	ce0ea093	slti	x1,x29,-800	 x29:0x03a305b9  x1=0x00000000
       18125000	      1811	80003f6c	016a1133	sll	x2,x20,x22	 x20:0x00000000 x22:0x20000000  x2=0x00000000
       18135000	      1812	80003f70	cfa5ab13	slti	x22,x11,-774	 x11:0x07460b72 x22=0x00000000
       18145000	      1813	80003f74	40bfdf93	srai	x31,x31,0xb	 x31:0x00000000 x31=0x00000000
       18155000	      1814	80003f78	0116c0b3	xor	x1,x13,x17	 x13:0x03a305b9 x17:0xfffff42f  x1=0xfc5cf196
       18165000	      1815	80003f7c	0164dc63	bge	x9,x22,80003f94	  x9:0x400006e2 x22:0x00000000
       18175000	      1816	00000000	00000013	addi	x0,x0,0	  x0:0x00000000
       18185000	      1817	80003f90	00000013	addi	x0,x0,0	  x0:0x00000000
       18195000	      1818	80003f94	01910cb3	add	x25,x2,x25	  x2:0x00000000 x25:0xd9291e3c x25=0xd9291e3c
       18205000	      1819	80003f98	40cc5533	sra	x10,x24,x12	 x24:0x00000001 x12:0x03a2fff9 x10=0x00000000
       18215000	      1820	80003f9c	a5724093	xori	x1,x4,-1449	  x4:0x00000001  x1=0xfffffa56
       18225000	      1821	80003fa0	cef45837	lui	x16,0xcef45	 x16=0xcef45000
       18235000	      1822	80003fa4	010fcb33	xor	x22,x31,x16	 x31:0x00000000 x16:0xcef45000 x22=0xcef45000
       18245000	      1823	80003fa8	012a41b3	xor	x3,x20,x18	 x20:0x00000000 x18:0x43a305b8  x3=0x43a305b8
       18255000	      1824	80003fac	00c12533	slt	x10,x2,x12	  x2:0x00000000 x12:0x03a2fff9 x10=0x00000001
       18265000	      1825	80003fb0	00e79f93	slli	x31,x15,0xe	 x15:0x80000000 x31=0x00000000
       18275000	      1826	80003fb4	02236663	bltu	x6,x2,80003fe0	  x6:0x80003a30  x2:0x00000000
       18285000	      1827	80003fb8	01050133	add	x2,x10,x16	 x10:0x00000001 x16:0xcef45000  x2=0xcef45001
       18295000	      1828	80003fbc	89430c93	addi	x25,x6,-1900	  x6:0x80003a30 x25=0x800032c4
       18305000	      1829	80003fc0	5ad22613	slti	x12,x4,1453	  x4:0x00000001 x12=0x00000001
       18315000	      1830	80003fc4	01455413	srli	x8,x10,0x14	 x10:0x00000001  x8=0x00000000
       18325000	      1831	80003fc8	404451b3	sra	x3,x8,x4	  x8:0x00000000  x4:0x00000001  x3=0x00000000
       18335000	      1832	80003fcc	01ccde33	srl	x28,x25,x28	 x25:0x800032c4 x28:0xfffff82b x28=0x00100006
       18345000	      1833	80003fd0	00000013	addi	x0,x0,0	  x0:0x00000000
       18355000	      1834	80003fd4	00bafbb3	and	x23,x21,x11	 x21:0x00000000 x11:0x07460b72 x23=0x00000000
       18365000	      1835	80003fd8	008e0133	add	x2,x28,x8	 x28:0x00100006  x8:0x00000000  x2=0x00100006
       18375000	      1836	80003fdc	00a5bab3	sltu	x21,x11,x10	 x11:0x07460b72 x10:0x00000001 x21=0x00000000
       18385000	      1837	80003fe0	404d06b3	sub	x13,x26,x4	 x26:0x40000000  x4:0x00000001 x13=0x3fffffff
       18395000	      1838	80003fe4	04e58663	beq	x11,x14,80004030	 x11:0x07460b72 x14:0x80009f78
       18405000	      1839	80003fe8	5cfff193	andi	x3,x31,1487	 x31:0x00000000  x3=0x00000000
       18415000	      1840	80003fec	d9103f93	sltiu	x31,x0,-623	  x0:0x00000000 x31=0x00000001
       18425000	      1841	80003ff0	01aaf533	and	x10,x21,x26	 x21:0x00000000 x26:0x40000000 x10=0x00000000
       18435000	      1842	80003ff4	c702c3b7	lui	x7,0xc702c	  x7=0xc702c000
       18445000	      1843	80003ff8	01105663	bge	x0,x17,80004004	  x0:0x00000000 x17:0xfffff42f
       18455000	      1844	00000000	00000013	addi	x0,x0,0	  x0:0x00000000
       18465000	      1845	80004000	00000013	addi	x0,x0,0	  x0:0x00000000
       18475000	      1846	80004004	40f1f217	auipc	x4,0x40f1f	  x4=0xc0f23000
       18485000	      1847	80004008	018a1293	slli	x5,x20,0x18	 x20:0x00000000  x5=0x00000000
       18495000	      1848	8000400c	4143dd93	srai	x27,x7,0x14	  x7:0xc702c000 x27=0xfffffc70
       18505000	      1849	80004010	9425ba93	sltiu	x21,x11,-1726	 x11:0x07460b72 x21=0x00000001
       18515000	      1850	80004014	03056663	bltu	x10,x16,80004040	 x10:0x00000000 x16:0xcef45000
       18525000	      1851	00000000	00000013	addi	x0,x0,0	  x0:0x00000000
       18535000	      1852	8000403c	00000013	addi	x0,x0,0	  x0:0x00000000
       18545000	      1853	80004040	0192b1b3	sltu	x3,x5,x25	  x5:0x00000000 x25:0x800032c4  x3=0x00000001
       18555000	      1854	80004044	17118497	auipc	x9,0x17118	  x9=0x9711c040
       18565000	      1855	80004048	0189df93	srli	x31,x19,0x18	 x19:0xfffff93a x31=0x000000ff
       18575000	      1856	8000404c	01e3c463	blt	x7,x30,80004054	  x7:0xc702c000 x30:0x80009fc4
       18585000	      1857	80004050	cd83ea13	ori	x20,x7,-808	  x7:0xc702c000 x20=0xfffffcd8
       18595000	      1858	80004054	1b2b4f93	xori	x31,x22,434	 x22:0xcef45000 x31=0xcef451b2
       18605000	      1859	80004058	6eb92c93	slti	x25,x18,1771	 x18:0x43a305b8 x25=0x00000000
       18615000	      1860	8000405c	ab5dbc13	sltiu	x24,x27,-1355	 x27:0xfffffc70 x24=0x00000000
       18625000	      1861	80004060	01cb9633	sll	x12,x23,x28	 x23:0x00000000 x28:0x00100006 x12=0x00000000
       18635000	      1862	80004064	41ed51b3	sra	x3,x26,x30	 x26:0x40000000 x30:0x80009fc4  x3=0x04000000
       18645000	      1863	80004068	0056d263	bge	x13,x5,8000406c	 x13:0x3fffffff  x5:0x00000000
       18655000	      1864	00000000	00000013	addi	x0,x0,0	  x0:0x00000000
       18665000	      1865	80004068	00000013	addi	x0,x0,0	  x0:0x00000000
       18675000	      1866	8000406c	4199d933	sra	x18,x19,x25	 x19:0xfffff93a x25:0x00000000 x18=0xfffff93a
       18685000	      1867	80004070	03e99e63	bne	x19,x30,800040ac	 x19:0xfffff93a x30:0x80009fc4
       18695000	      1868	00000000	00000013	addi	x0,x0,0	  x0:0x00000000
       18705000	      1869	800040a8	00000013	addi	x0,x0,0	  x0:0x00000000
       18715000	      1870	800040ac	00feabb3	slt	x23,x29,x15	 x29:0x03a305b9 x15:0x80000000 x23=0x00000000
       18725000	      1871	800040b0	009548b3	xor	x17,x10,x9	 x10:0x00000000  x9:0x9711c040 x17=0x9711c040
       18735000	      1872	800040b4	01047c63	bgeu	x8,x16,800040cc	  x8:0x00000000 x16:0xcef45000
       18745000	      1873	800040b8	40b40d33	sub	x26,x8,x11	  x8:0x00000000 x11:0x07460b72 x26=0xf8b9f48e
       18755000	      1874	800040bc	01e044b3	xor	x9,x0,x30	  x0:0x00000000 x30:0x80009fc4  x9=0x80009fc4
       18765000	      1875	800040c0	7bfdab93	slti	x23,x27,1983	 x27:0xfffffc70 x23=0x00000001
       18775000	      1876	800040c4	00957533	and	x10,x10,x9	 x10:0x00000000  x9:0x80009fc4 x10=0x00000000
       18785000	      1877	800040c8	25167493	andi	x9,x12,593	 x12:0x00000000  x9=0x00000000
       18795000	      1878	800040cc	54a07e93	andi	x29,x0,1354	  x0:0x00000000 x29=0x00000000
       18805000	      1879	800040d0	a6a90293	addi	x5,x18,-1430	 x18:0xfffff93a  x5=0xfffff3a4
       18815000	      1880	800040d4	01b4d6b3	srl	x13,x9,x27	  x9:0x00000000 x27:0xfffffc70 x13=0x00000000
       18825000	      1881	800040d8	01be5e93	srli	x29,x28,0x1b	 x28:0x00100006 x29=0x00000000
       18835000	      1882	800040dc	00f4e3b3	or	x7,x9,x15	  x9:0x00000000 x15:0x80000000  x7=0x80000000
       18845000	      1883	800040e0	414082b3	sub	x5,x1,x20	  x1:0xfffffa56 x20:0xfffffcd8  x5=0xfffffd7e
       18855000	      1884	800040e4	53403113	sltiu	x2,x0,1332	  x0:0x00000000  x2=0x00000001
       18865000	      1885	800040e8	013ef033	and	x0,x29,x19	 x29:0x00000000 x19:0xfffff93a
       18875000	      1886	800040ec	00799d93	slli	x27,x19,0x7	 x19:0xfffff93a x27=0xfffc9d00
       18885000	      1887	800040f0	27b07513	andi	x10,x0,635	  x0:0x00000000 x10=0x00000000
       18895000	      1888	800040f4	019cfc33	and	x24,x25,x25	 x25:0x00000000 x25:0x00000000 x24=0x00000000
       18905000	      1889	800040f8	40d65093	srai	x1,x12,0xd	 x12:0x00000000  x1=0x00000000
       18915000	      1890	800040fc	00da1e93	slli	x29,x20,0xd	 x20:0xfffffcd8 x29=0xff9b0000
       18925000	      1891	80004100	00501c63	bne	x0,x5,80004118	  x0:0x00000000  x5:0xfffffd7e
       18935000	      1892	00000000	00000013	addi	x0,x0,0	  x0:0x00000000
       18945000	      1893	80004114	00000013	addi	x0,x0,0	  x0:0x00000000
       18955000	      1894	80004118	002dbc33	sltu	x24,x27,x2	 x27:0xfffc9d00  x2:0x00000001 x24=0x00000000
       18965000	      1895	8000411c	011258b3	srl	x17,x4,x17	  x4:0xc0f23000 x17:0x9711c040 x17=0xc0f23000
       18975000	      1896	80004120	40e2de93	srai	x29,x5,0xe	  x5:0xfffffd7e x29=0xffffffff
       18985000	      1897	80004124	00d87fb3	and	x31,x16,x13	 x16:0xcef45000 x13:0x00000000 x31=0x00000000
       18995000	      1898	80004128	028a4a63	blt	x20,x8,8000415c	 x20:0xfffffcd8  x8:0x00000000
       19005000	      1899	00000000	00000013	addi	x0,x0,0	  x0:0x00000000
       19015000	      1900	80004158	00000013	addi	x0,x0,0	  x0:0x00000000
       19025000	      1901	8000415c	02e7f993	andi	x19,x15,46	 x15:0x80000000 x19=0x00000000
       19035000	      1902	80004160	002651b3	srl	x3,x12,x2	 x12:0x00000000  x2:0x00000001  x3=0x00000000
       19045000	      1903	80004164	02503d13	sltiu	x26,x0,37	  x0:0x00000000 x26=0x00000001
       19055000	      1904	80004168	41625cb3	sra	x25,x4,x22	  x4:0xc0f23000 x22:0xcef45000 x25=0xc0f23000
       19065000	      1905	8000416c	00219c13	slli	x24,x3,0x2	  x3:0x00000000 x24=0x00000000
       19075000	      1906	80004170	01637433	and	x8,x6,x22	  x6:0x80003a30 x22:0xcef45000  x8=0x80001000
       19085000	      1907	80004174	0009d413	srli	x8,x19,0x0	 x19:0x00000000  x8=0x00000000
       19095000	      1908	80004178	00867833	and	x16,x12,x8	 x12:0x00000000  x8:0x00000000 x16=0x00000000
       19105000	      1909	8000417c	40b4da13	srai	x20,x9,0xb	  x9:0x00000000 x20=0x00000000
       19115000	      1910	80004180	01ec3033	sltu	x0,x24,x30	 x24:0x00000000 x30:0x80009fc4
       19125000	      1911	80004184	01f2b033	sltu	x0,x5,x31	  x5:0xfffffd7e x31:0x00000000
       19135000	      1912	80004188	2b7cba93	sltiu	x21,x25,695	 x25:0xc0f23000 x21=0x00000000
       19145000	      1913	8000418c	419fd1b3	sra	x3,x31,x25	 x31:0x00000000 x25:0xc0f23000  x3=0x00000000
       19155000	      1914	80004190	04344063	blt	x8,x3,800041d0	  x8:0x00000000  x3:0x00000000
       19165000	      1915	80004194	8d7b0437	lui	x8,0x8d7b0	  x8=0x8d7b0000
       19175000	      1916	80004198	011e9b13	slli	x22,x29,0x11	 x29:0xffffffff x22=0xfffe0000
       19185000	      1917	8000419c	b15a93b7	lui	x7,0xb15a9	  x7=0xb15a9000
       19195000	      1918	800041a0	40280b33	sub	x22,x16,x2	 x16:0x00000000  x2:0x00000001 x22=0xffffffff
       19205000	      1919	800041a4	00000013	addi	x0,x0,0	  x0:0x00000000
       19215000	      1920	800041a8	decd3593	sltiu	x11,x26,-532	 x26:0x00000001 x11=0x00000001
       19225000	      1921	800041ac	00f56663	bltu	x10,x15,800041b8	 x10:0x00000000 x15:0x80000000
       19235000	      1922	00000000	00000013	addi	x0,x0,0	  x0:0x00000000
       19245000	      1923	800041b4	00000013	addi	x0,x0,0	  x0:0x00000000
       19255000	      1924	800041b8	0464e263	bltu	x9,x6,800041fc	  x9:0x00000000  x6:0x80003a30
       19265000	      1925	00000000	00000013	addi	x0,x0,0	  x0:0x00000000
       19275000	      1926	800041f8	00000013	addi	x0,x0,0	  x0:0x00000000
       19285000	      1927	800041fc	41e0d593	srai	x11,x1,0x1e	  x1:0x00000000 x11=0x00000000
       19295000	      1928	80004200	0686c393	xori	x7,x13,104	 x13:0x00000000  x7=0x00000068
       19305000	      1929	80004204	00cf80b3	add	x1,x31,x12	 x31:0x00000000 x12:0x00000000  x1=0x00000000
       19315000	      1930	80004208	01f55263	bge	x10,x31,8000420c	 x10:0x00000000 x31:0x00000000
       19325000	      1931	00000000	00000013	addi	x0,x0,0	  x0:0x00000000
       19335000	      1932	80004208	00000013	addi	x0,x0,0	  x0:0x00000000
       19345000	      1933	8000420c	01ea7863	bgeu	x20,x30,8000421c	 x20:0x00000000 x30:0x80009fc4
       19355000	      1934	80004210	005e1fb3	sll	x31,x28,x5	 x28:0x00100006  x5:0xfffffd7e x31=0x80000000
       19365000	      1935	80004214	01f41a63	bne	x8,x31,80004228	  x8:0x8d7b0000 x31:0x80000000
       19375000	      1936	00000000	00000013	addi	x0,x0,0	  x0:0x00000000
       19385000	      1937	80004224	00000013	addi	x0,x0,0	  x0:0x00000000
       19395000	      1938	80004228	b3437a13	andi	x20,x6,-1228	  x6:0x80003a30 x20=0x80003a30
       19405000	      1939	8000422c	0172abb3	slt	x23,x5,x23	  x5:0xfffffd7e x23:0x00000001 x23=0x00000001
       19415000	      1940	80004230	ffab0037	lui	x0,0xffab0	
       19425000	      1941	80004234	d9ae8117	auipc	x2,0xd9ae8	  x2=0x59aec230
       19435000	      1942	80004238	03904663	blt	x0,x25,80004264	  x0:0x00000000 x25:0xc0f23000
       19445000	      1943	8000423c	38584017	auipc	x0,0x38584	
       19455000	      1944	80004240	000fc5b3	xor	x11,x31,x0	 x31:0x80000000  x0:0x00000000 x11=0x80000000
       19465000	      1945	80004244	6c09a193	slti	x3,x19,1728	 x19:0x00000000  x3=0x00000001
       19475000	      1946	80004248	01ada5b3	slt	x11,x27,x26	 x27:0xfffc9d00 x26:0x00000001 x11=0x00000001
       19485000	      1947	8000424c	6fe74513	xori	x10,x14,1790	 x14:0x80009f78 x10=0x80009986
       19495000	      1948	80004250	05588263	beq	x17,x21,80004294	 x17:0xc0f23000 x21:0x00000000
       19505000	      1949	80004254	bde70993	addi	x19,x14,-1058	 x14:0x80009f78 x19=0x80009b56
       19515000	      1950	80004258	01b61c33	sll	x24,x12,x27	 x12:0x00000000 x27:0xfffc9d00 x24=0x00000000
       19525000	      1951	8000425c	00cfc533	xor	x10,x31,x12	 x31:0x80000000 x12:0x00000000 x10=0x80000000
       19535000	      1952	80004260	00b925b3	slt	x11,x18,x11	 x18:0xfffff93a x11:0x00000001 x11=0x00000001
       19545000	      1953	80004264	01c77463	bgeu	x14,x28,8000426c	 x14:0x80009f78 x28:0x00100006
       19555000	      1954	00000000	00000013	addi	x0,x0,0	  x0:0x00000000
       19565000	      1955	80004268	00000013	addi	x0,x0,0	  x0:0x00000000
       19575000	      1956	8000426c	00195263	bge	x18,x1,80004270	 x18:0xfffff93a  x1:0x00000000
       19585000	      1957	80004270	41b353b3	sra	x7,x6,x27	  x6:0x80003a30 x27:0xfffc9d00  x7=0x80003a30
       19595000	      1958	80004274	00022b33	slt	x22,x4,x0	  x4:0xc0f23000  x0:0x00000000 x22=0x00000001
       19605000	      1959	80004278	008f0c63	beq	x30,x8,80004290	 x30:0x80009fc4  x8:0x8d7b0000
       19615000	      1960	8000427c	418f5893	srai	x17,x30,0x18	 x30:0x80009fc4 x17=0xffffff80
       19625000	      1961	80004280	41ee5693	srai	x13,x28,0x1e	 x28:0x00100006 x13=0x00000000
       19635000	      1962	80004284	01271863	bne	x14,x18,80004294	 x14:0x80009f78 x18:0xfffff93a
       19645000	      1963	00000000	00000013	addi	x0,x0,0	  x0:0x00000000
       19655000	      1964	80004290	00000013	addi	x0,x0,0	  x0:0x00000000
       19665000	      1965	80004294	00c83333	sltu	x6,x16,x12	 x16:0x00000000 x12:0x00000000  x6=0x00000000
       19675000	      1966	80004298	562da613	slti	x12,x27,1378	 x27:0xfffc9d00 x12=0x00000001
       19685000	      1967	8000429c	40b8d133	sra	x2,x17,x11	 x17:0xffffff80 x11:0x00000001  x2=0xffffffc0
       19695000	      1968	800042a0	40a2ddb3	sra	x27,x5,x10	  x5:0xfffffd7e x10:0x80000000 x27=0xfffffd7e
       19705000	      1969	800042a4	002c8433	add	x8,x25,x2	 x25:0xc0f23000  x2:0xffffffc0  x8=0xc0f22fc0
       19715000	      1970	800042a8	a8a30d13	addi	x26,x6,-1398	  x6:0x00000000 x26=0xfffffa8a
       19725000	      1971	800042ac	3c9ef913	andi	x18,x29,969	 x29:0xffffffff x18=0x000003c9
       19735000	      1972	800042b0	05e74863	blt	x14,x30,80004300	 x14:0x80009f78 x30:0x80009fc4
       19745000	      1973	00000000	00000013	addi	x0,x0,0	  x0:0x00000000
       19755000	      1974	800042fc	00000013	addi	x0,x0,0	  x0:0x00000000
       19765000	      1975	80004300	fed80893	addi	x17,x16,-19	 x16:0x00000000 x17=0xffffffed
       19775000	      1976	80004304	011fc333	xor	x6,x31,x17	 x31:0x80000000 x17:0xffffffed  x6=0x7fffffed
       19785000	      1977	80004308	05268663	beq	x13,x18,80004354	 x13:0x00000000 x18:0x000003c9
       19795000	      1978	8000430c	01431663	bne	x6,x20,80004318	  x6:0x7fffffed x20:0x80003a30
       19805000	      1979	00000000	00000013	addi	x0,x0,0	  x0:0x00000000
       19815000	      1980	80004314	00000013	addi	x0,x0,0	  x0:0x00000000
       19825000	      1981	80004318	00000013	addi	x0,x0,0	  x0:0x00000000
       19835000	      1982	8000431c	01a529b3	slt	x19,x10,x26	 x10:0x80000000 x26:0xfffffa8a x19=0x00000001
       19845000	      1983	80004320	00583bb3	sltu	x23,x16,x5	 x16:0x00000000  x5:0xfffffd7e x23=0x00000001
       19855000	      1984	80004324	1e8a4513	xori	x10,x20,488	 x20:0x80003a30 x10=0x80003bd8
       19865000	      1985	80004328	032ede63	bge	x29,x18,80004364	 x29:0xffffffff x18:0x000003c9
       19875000	      1986	8000432c	002b1813	slli	x16,x22,0x2	 x22:0x00000001 x16=0x00000004
       19885000	      1987	80004330	01455e63	bge	x10,x20,8000434c	 x10:0x80003bd8 x20:0x80003a30
       19895000	      1988	00000000	00000013	addi	x0,x0,0	  x0:0x00000000
       19905000	      1989	80004348	00000013	addi	x0,x0,0	  x0:0x00000000
       19915000	      1990	8000434c	01d58933	add	x18,x11,x29	 x11:0x00000001 x29:0xffffffff x18=0x00000000
       19925000	      1991	80004350	037c0663	beq	x24,x23,8000437c	 x24:0x00000000 x23:0x00000001
       19935000	      1992	80004354	00107a63	bgeu	x0,x1,80004368	  x0:0x00000000  x1:0x00000000
       19945000	      1993	00000000	00000013	addi	x0,x0,0	  x0:0x00000000
       19955000	      1994	80004364	00000013	addi	x0,x0,0	  x0:0x00000000
       19965000	      1995	80004368	025efe63	bgeu	x29,x5,800043a4	 x29:0xffffffff  x5:0xfffffd7e
       19975000	      1996	00000000	00000013	addi	x0,x0,0	  x0:0x00000000
       19985000	      1997	800043a0	00000013	addi	x0,x0,0	  x0:0x00000000
       19995000	      1998	800043a4	018ae233	or	x4,x21,x24	 x21:0x00000000 x24:0x00000000  x4=0x00000000
       20005000	      1999	800043a8	008e0533	add	x10,x28,x8	 x28:0x00100006  x8:0xc0f22fc0 x10=0xc1022fc6
       20015000	      2000	800043ac	00ac2db3	slt	x27,x24,x10	 x24:0x00000000 x10:0xc1022fc6 x27=0x00000000
       20025000	      2001	800043b0	009c5993	srli	x19,x24,0x9	 x24:0x00000000 x19=0x00000000
       20035000	      2002	800043b4	0187da93	srli	x21,x15,0x18	 x15:0x80000000 x21=0x00000080
       20045000	      2003	800043b8	05127437	lui	x8,0x5127	  x8=0x05127000
       20055000	      2004	800043bc	5a6b8bb7	lui	x23,0x5a6b8	 x23=0x5a6b8000
       20065000	      2005	800043c0	4097d593	srai	x11,x15,0x9	 x15:0x80000000 x11=0xffc00000
       20075000	      2006	800043c4	0d3f9d97	auipc	x27,0xd3f9	 x27=0x8d3fd3c0
       20085000	      2007	800043c8	40a48d33	sub	x26,x9,x10	  x9:0x00000000 x10:0xc1022fc6 x26=0x3efdd03a
       20095000	      2008	800043cc	37a27493	andi	x9,x4,890	  x4:0x00000000  x9=0x00000000
       20105000	      2009	800043d0	2e59da17	auipc	x20,0x2e59d	 x20=0xae5a13cc
       20115000	      2010	800043d4	0562e063	bltu	x5,x22,80004414	  x5:0xfffffd7e x22:0x00000001
       20125000	      2011	800043d8	00c6ec63	bltu	x13,x12,800043f0	 x13:0x00000000 x12:0x00000001
       20135000	      2012	00000000	00000013	addi	x0,x0,0	  x0:0x00000000
       20145000	      2013	800043ec	00000013	addi	x0,x0,0	  x0:0x00000000
       20155000	      2014	800043f0	40afd333	sra	x6,x31,x10	 x31:0x80000000 x10:0xc1022fc6  x6=0xfe000000
       20165000	      2015	800043f4	001922b3	slt	x5,x18,x1	 x18:0x00000000  x1:0x00000000  x5=0x00000000
       20175000	      2016	800043f8	403f06b3	sub	x13,x30,x3	 x30:0x80009fc4  x3:0x00000001 x13=0x80009fc3
       20185000	      2017	800043fc	01c65913	srli	x18,x12,0x1c	 x12:0x00000001 x18=0x00000000
       20195000	      2018	80004400	01ef4633	xor	x12,x30,x30	 x30:0x80009fc4 x30:0x80009fc4 x12=0x00000000
       20205000	      2019	80004404	8555a317	auipc	x6,0x8555a	  x6=0x0555e400
       20215000	      2020	80004408	00539463	bne	x7,x5,80004410	  x7:0x80003a30  x5:0x00000000
       20225000	      2021	00000000	00000013	addi	x0,x0,0	  x0:0x00000000
       20235000	      2022	8000440c	00000013	addi	x0,x0,0	  x0:0x00000000
       20245000	      2023	80004410	009f5db3	srl	x27,x30,x9	 x30:0x80009fc4  x9:0x00000000 x27=0x80009fc4
       20255000	      2024	80004414	0076c263	blt	x13,x7,80004418	 x13:0x80009fc3  x7:0x80003a30
       20265000	      2025	80004418	42e20113	addi	x2,x4,1070	  x4:0x00000000  x2=0x0000042e
       20275000	      2026	8000441c	765d6413	ori	x8,x26,1893	 x26:0x3efdd03a  x8=0x3efdd77f
       20285000	      2027	80004420	01646a63	bltu	x8,x22,80004434	  x8:0x3efdd77f x22:0x00000001
       20295000	      2028	80004424	e6203293	sltiu	x5,x0,-414	  x0:0x00000000  x5=0x00000001
       20305000	      2029	80004428	00024c63	blt	x4,x0,80004440	  x4:0x00000000  x0:0x00000000
       20315000	      2030	8000442c	0042b0b3	sltu	x1,x5,x4	  x5:0x00000001  x4:0x00000000  x1=0x00000000
       20325000	      2031	80004430	556db837	lui	x16,0x556db	 x16=0x556db000
       20335000	      2032	80004434	03bf1a63	bne	x30,x27,80004468	 x30:0x80009fc4 x27:0x80009fc4
       20345000	      2033	80004438	00000013	addi	x0,x0,0	  x0:0x00000000
       20355000	      2034	8000443c	0007da93	srli	x21,x15,0x0	 x15:0x80000000 x21=0x80000000
       20365000	      2035	80004440	47bac813	xori	x16,x21,1147	 x21:0x80000000 x16=0x8000047b
       20375000	      2036	80004444	4d273a93	sltiu	x21,x14,1234	 x14:0x80009f78 x21=0x00000000
       20385000	      2037	80004448	94777893	andi	x17,x14,-1721	 x14:0x80009f78 x17=0x80009940
       20395000	      2038	8000444c	0146d313	srli	x6,x13,0x14	 x13:0x80009fc3  x6=0x00000800
       20405000	      2039	80004450	40b786b3	sub	x13,x15,x11	 x15:0x80000000 x11:0xffc00000 x13=0x80400000
       20415000	      2040	80004454	9e8bc513	xori	x10,x23,-1560	 x23:0x5a6b8000 x10=0xa59479e8
       20425000	      2041	80004458	41568033	sub	x0,x13,x21	 x13:0x80400000 x21:0x00000000
       20435000	      2042	8000445c	005ba633	slt	x12,x23,x5	 x23:0x5a6b8000  x5:0x00000001 x12=0x00000000
       20445000	      2043	80004460	05824663	blt	x4,x24,800044ac	  x4:0x00000000 x24:0x00000000
       20455000	      2044	80004464	01eed1b3	srl	x3,x29,x30	 x29:0xffffffff x30:0x80009fc4  x3=0x0fffffff
       20465000	      2045	80004468	a3efe293	ori	x5,x31,-1474	 x31:0x80000000  x5=0xfffffa3e
       20475000	      2046	8000446c	03fe6e63	bltu	x28,x31,800044a8	 x28:0x00100006 x31:0x80000000
       20485000	      2047	00000000	00000013	addi	x0,x0,0	  x0:0x00000000
       20495000	      2048	800044a4	00000013	addi	x0,x0,0	  x0:0x00000000
       20505000	      2049	800044a8	038a0a63	beq	x20,x24,800044dc	 x20:0xae5a13cc x24:0x00000000
       20515000	      2050	800044ac	03099e63	bne	x19,x16,800044e8	 x19:0x00000000 x16:0x8000047b
       20525000	      2051	00000000	00000013	addi	x0,x0,0	  x0:0x00000000
       20535000	      2052	800044e4	00000013	addi	x0,x0,0	  x0:0x00000000
       20545000	      2053	800044e8	00b241b3	xor	x3,x4,x11	  x4:0x00000000 x11:0xffc00000  x3=0xffc00000
       20555000	      2054	800044ec	d21cf513	andi	x10,x25,-735	 x25:0xc0f23000 x10=0xc0f23000
       20565000	      2055	800044f0	2e018213	addi	x4,x3,736	  x3:0xffc00000  x4=0xffc002e0
       20575000	      2056	800044f4	00cc25b3	slt	x11,x24,x12	 x24:0x00000000 x12:0x00000000 x11=0x00000000
       20585000	      2057	800044f8	47b54693	xori	x13,x10,1147	 x10:0xc0f23000 x13=0xc0f2347b
       20595000	      2058	800044fc	155bc493	xori	x9,x23,341	 x23:0x5a6b8000  x9=0x5a6b8155
       20605000	      2059	80004500	41965313	srai	x6,x12,0x19	 x12:0x00000000  x6=0x00000000
       20615000	      2060	80004504	f6913e97	auipc	x29,0xf6913	 x29=0x76917500
       20625000	      2061	80004508	40000b33	sub	x22,x0,x0	  x0:0x00000000  x0:0x00000000 x22=0x00000000
       20635000	      2062	8000450c	00056263	bltu	x10,x0,80004510	 x10:0xc0f23000  x0:0x00000000
       20645000	      2063	80004510	b59a5517	auipc	x10,0xb59a5	 x10=0x359a950c
       20655000	      2064	80004514	001f9d33	sll	x26,x31,x1	 x31:0x80000000  x1:0x00000000 x26=0x80000000
       20665000	      2065	80004518	4b875d97	auipc	x27,0x4b875	 x27=0xcb879514
       20675000	      2066	8000451c	0213d663	bge	x7,x1,80004548	  x7:0x80003a30  x1:0x00000000
       20685000	      2067	80004520	00000013	addi	x0,x0,0	  x0:0x00000000
       20695000	      2068	80004524	01ebb233	sltu	x4,x23,x30	 x23:0x5a6b8000 x30:0x80009fc4  x4=0x00000001
       20705000	      2069	80004528	af84e997	auipc	x19,0xaf84e	 x19=0x2f852524
       20715000	      2070	8000452c	30268297	auipc	x5,0x30268	  x5=0xb026c528
       20725000	      2071	80004530	4100dbb3	sra	x23,x1,x16	  x1:0x00000000 x16:0x8000047b x23=0x00000000
       20735000	      2072	80004534	01a91ab3	sll	x21,x18,x26	 x18:0x00000000 x26:0x80000000 x21=0x00000000
       20745000	      2073	80004538	02c76663	bltu	x14,x12,80004564	 x14:0x80009f78 x12:0x00000000
       20755000	      2074	8000453c	00ffc433	xor	x8,x31,x15	 x31:0x80000000 x15:0x80000000  x8=0x00000000
       20765000	      2075	80004540	7a61c493	xori	x9,x3,1958	  x3:0xffc00000  x9=0xffc007a6
       20775000	      2076	80004544	017951b3	srl	x3,x18,x23	 x18:0x00000000 x23:0x00000000  x3=0x00000000
       20785000	      2077	80004548	04ed6663	bltu	x26,x14,80004594	 x26:0x80000000 x14:0x80009f78
       20795000	      2078	00000000	00000013	addi	x0,x0,0	  x0:0x00000000
       20805000	      2079	80004590	00000013	addi	x0,x0,0	  x0:0x00000000
       20815000	      2080	80004594	882b7493	andi	x9,x22,-1918	 x22:0x00000000  x9=0x00000000
       20825000	      2081	80004598	01d48633	add	x12,x9,x29	  x9:0x00000000 x29:0x76917500 x12=0x76917500
       20835000	      2082	8000459c	00059663	bne	x11,x0,800045a8	 x11:0x00000000  x0:0x00000000
       20845000	      2083	800045a0	440a8f93	addi	x31,x21,1088	 x21:0x00000000 x31=0x00000440
       20855000	      2084	800045a4	41900433	sub	x8,x0,x25	  x0:0x00000000 x25:0xc0f23000  x8=0x3f0dd000
       20865000	      2085	800045a8	01b0d833	srl	x16,x1,x27	  x1:0x00000000 x27:0xcb879514 x16=0x00000000
       20875000	      2086	800045ac	f6bde693	ori	x13,x27,-149	 x27:0xcb879514 x13=0xffffff7f
       20885000	      2087	800045b0	909e8597	auipc	x11,0x909e8	 x11=0x109ec5ac
       20895000	      2088	800045b4	009be463	bltu	x23,x9,800045bc	 x23:0x00000000  x9:0x00000000
       20905000	      2089	800045b8	0509d463	bge	x19,x16,80004600	 x19:0x2f852524 x16:0x00000000
       20915000	      2090	00000000	00000013	addi	x0,x0,0	  x0:0x00000000
       20925000	      2091	800045fc	00000013	addi	x0,x0,0	  x0:0x00000000
       20935000	      2092	80004600	c2097c13	andi	x24,x18,-992	 x18:0x00000000 x24=0x00000000
       20945000	      2093	80004604	02c61a63	bne	x12,x12,80004638	 x12:0x76917500 x12:0x76917500
       20955000	      2094	80004608	0003dbb3	srl	x23,x7,x0	  x7:0x80003a30  x0:0x00000000 x23=0x80003a30
       20965000	      2095	8000460c	00c2a833	slt	x16,x5,x12	  x5:0xb026c528 x12:0x76917500 x16=0x00000001
       20975000	      2096	80004610	006c02b3	add	x5,x24,x6	 x24:0x00000000  x6:0x00000000  x5=0x00000000
       20985000	      2097	80004614	015aa633	slt	x12,x21,x21	 x21:0x00000000 x21:0x00000000 x12=0x00000000
       20995000	      2098	80004618	00187463	bgeu	x16,x1,80004620	 x16:0x00000001  x1:0x00000000
       21005000	      2099	00000000	00000013	addi	x0,x0,0	  x0:0x00000000
       21015000	      2100	8000461c	00000013	addi	x0,x0,0	  x0:0x00000000
       21025000	      2101	80004620	76e1cb93	xori	x23,x3,1902	  x3:0x00000000 x23=0x0000076e
       21035000	      2102	80004624	01285a33	srl	x20,x16,x18	 x16:0x00000001 x18:0x00000000 x20=0x00000001
       21045000	      2103	80004628	418e5d13	srai	x26,x28,0x18	 x28:0x00100006 x26=0x00000000
       21055000	      2104	8000462c	01a19d33	sll	x26,x3,x26	  x3:0x00000000 x26:0x00000000 x26=0x00000000
       21065000	      2105	80004630	001c9e33	sll	x28,x25,x1	 x25:0xc0f23000  x1:0x00000000 x28=0xc0f23000
       21075000	      2106	80004634	90deb493	sltiu	x9,x29,-1779	 x29:0x76917500  x9=0x00000001
       21085000	      2107	80004638	40c85a93	srai	x21,x16,0xc	 x16:0x00000001 x21=0x00000000
       21095000	      2108	8000463c	0091b1b3	sltu	x3,x3,x9	  x3:0x00000000  x9:0x00000001  x3=0x00000001
       21105000	      2109	80004640	01409893	slli	x17,x1,0x14	  x1:0x00000000 x17=0x00000000
       21115000	      2110	80004644	006e7ab3	and	x21,x28,x6	 x28:0xc0f23000  x6:0x00000000 x21=0x00000000
       21125000	      2111	80004648	0383fe63	bgeu	x7,x24,80004684	  x7:0x80003a30 x24:0x00000000
       21135000	      2112	00000000	00000013	addi	x0,x0,0	  x0:0x00000000
       21145000	      2113	80004680	00000013	addi	x0,x0,0	  x0:0x00000000
       21155000	      2114	80004684	2a696293	ori	x5,x18,678	 x18:0x00000000  x5=0x000002a6
       21165000	      2115	80004688	a738ee93	ori	x29,x17,-1421	 x17:0x00000000 x29=0xfffffa73
       21175000	      2116	8000468c	01219693	slli	x13,x3,0x12	  x3:0x00000001 x13=0x00040000
       21185000	      2117	80004690	00472e03	lw	x28,4(x14)	 x14:0x80009f78 x28=0x8000013c PA:0x80009f7c
       21195000	      2118	80004694	01fdcfb3	xor	x31,x27,x31	 x27:0xcb879514 x31:0x00000440 x31=0xcb879154
       21205000	      2119	80004698	0046e5b3	or	x11,x13,x4	 x13:0x00040000  x4:0x00000001 x11=0x00040001
       21215000	      2120	8000469c	1dd38e93	addi	x29,x7,477	  x7:0x80003a30 x29=0x80003c0d
       21225000	      2121	800046a0	2eba2b93	slti	x23,x20,747	 x20:0x00000001 x23=0x00000001
       21235000	      2122	800046a4	002be9b3	or	x19,x23,x2	 x23:0x00000001  x2:0x0000042e x19=0x0000042f
       21245000	      2123	800046a8	00c70713	addi	x14,x14,12	 x14:0x80009f78 x14=0x80009f84
       21255000	      2124	800046ac	40a95413	srai	x8,x18,0xa	 x18:0x00000000  x8=0x00000000
       21265000	      2125	800046b0	01518bb3	add	x23,x3,x21	  x3:0x00000001 x21:0x00000000 x23=0x00000001
       21275000	      2126	800046b4	414f5913	srai	x18,x30,0x14	 x30:0x80009fc4 x18=0xfffff800
       21285000	      2127	800046b8	001e0293	addi	x5,x28,1	 x28:0x8000013c  x5=0x8000013d
       21295000	      2128	800046bc	000282e7	jalr	x5,x5,0	  x5:0x8000013d  x5=0x800046bc
       21305000	      2129	00000000	00000013	addi	x0,x0,0	  x0:0x00000000
       21315000	      2130	8000013c	00000013	addi	x0,x0,0	  x0:0x00000000
       21325000	      2131	80000140	01c00e6f	jal	x28,80000140	 x28=0x80000140
       21335000	      2132	00000000	00000013	addi	x0,x0,0	  x0:0x00000000
       21345000	      2133	80000158	00000013	addi	x0,x0,0	  x0:0x00000000
       21355000	      2134	8000015c	ffdff0ef	jal	x1,8000015c	  x1=0x8000015c
       21365000	      2135	00000000	00000013	addi	x0,x0,0	  x0:0x00000000
       21375000	      2136	80000154	00000013	addi	x0,x0,0	  x0:0x00000000
       21385000	      2137	80000158	ff9ff0ef	jal	x1,80000158	  x1=0x80000158
       21395000	      2138	00000000	00000013	addi	x0,x0,0	  x0:0x00000000
       21405000	      2139	8000014c	00000013	addi	x0,x0,0	  x0:0x00000000
       21415000	      2140	80000150	ffdff0ef	jal	x1,80000150	  x1=0x80000150
       21425000	      2141	00000000	00000013	addi	x0,x0,0	  x0:0x00000000
       21435000	      2142	80000148	00000013	addi	x0,x0,0	  x0:0x00000000
       21445000	      2143	8000014c	030000ef	jal	x1,8000014c	  x1=0x8000014c
       21455000	      2144	00000000	00000013	addi	x0,x0,0	  x0:0x00000000
       21465000	      2145	80000178	00000013	addi	x0,x0,0	  x0:0x00000000
       21475000	      2146	8000017c	fc9ff36f	jal	x6,8000017c	  x6=0x8000017c
       21485000	      2147	00000000	00000013	addi	x0,x0,0	  x0:0x00000000
       21495000	      2148	80000140	00000013	addi	x0,x0,0	  x0:0x00000000
       21505000	      2149	80000144	0200086f	jal	x16,80000144	 x16=0x80000144
       21515000	      2150	00000000	00000013	addi	x0,x0,0	  x0:0x00000000
       21525000	      2151	80000160	00000013	addi	x0,x0,0	  x0:0x00000000
       21535000	      2152	80000164	0140036f	jal	x6,80000164	  x6=0x80000164
       21545000	      2153	00000000	00000013	addi	x0,x0,0	  x0:0x00000000
       21555000	      2154	80000174	00000013	addi	x0,x0,0	  x0:0x00000000
       21565000	      2155	80000178	fd1ff2ef	jal	x5,80000178	  x5=0x80000178
       21575000	      2156	00000000	00000013	addi	x0,x0,0	  x0:0x00000000
       21585000	      2157	80000144	00000013	addi	x0,x0,0	  x0:0x00000000
       21595000	      2158	80000148	0200036f	jal	x6,80000148	  x6=0x80000148
       21605000	      2159	00000000	00000013	addi	x0,x0,0	  x0:0x00000000
       21615000	      2160	80000164	00000013	addi	x0,x0,0	  x0:0x00000000
       21625000	      2161	80000168	ff9ff36f	jal	x6,80000168	  x6=0x80000168
       21635000	      2162	00000000	00000013	addi	x0,x0,0	  x0:0x00000000
       21645000	      2163	8000015c	00000013	addi	x0,x0,0	  x0:0x00000000
       21655000	      2164	80000160	00c000ef	jal	x1,80000160	  x1=0x80000160
       21665000	      2165	00000000	00000013	addi	x0,x0,0	  x0:0x00000000
       21675000	      2166	80000168	00000013	addi	x0,x0,0	  x0:0x00000000
       21685000	      2167	8000016c	004000ef	jal	x1,8000016c	  x1=0x8000016c
       21695000	      2168	00000000	00000013	addi	x0,x0,0	  x0:0x00000000
       21705000	      2169	8000016c	00000013	addi	x0,x0,0	  x0:0x00000000
       21715000	      2170	80000170	fe5ff0ef	jal	x1,80000170	  x1=0x80000170
       21725000	      2171	00000000	00000013	addi	x0,x0,0	  x0:0x00000000
       21735000	      2172	80000150	00000013	addi	x0,x0,0	  x0:0x00000000
       21745000	      2173	80000154	0200086f	jal	x16,80000154	 x16=0x80000154
       21755000	      2174	00000000	00000013	addi	x0,x0,0	  x0:0x00000000
       21765000	      2175	80000170	00000013	addi	x0,x0,0	  x0:0x00000000
       21775000	      2176	80000174	00c0026f	jal	x4,80000174	  x4=0x80000174
       21785000	      2177	00000000	00000013	addi	x0,x0,0	  x0:0x00000000
       21795000	      2178	8000017c	00000013	addi	x0,x0,0	  x0:0x00000000
       21805000	      2179	80000180	01455433	srl	x8,x10,x20	 x10:0x359a950c x20:0x00000001  x8=0x1acd4a86
       21815000	      2180	80000184	04800e6f	jal	x28,80000184	 x28=0x80000184
       21825000	      2181	00000000	00000013	addi	x0,x0,0	  x0:0x00000000
       21835000	      2182	800001c8	00000013	addi	x0,x0,0	  x0:0x00000000
       21845000	      2183	800001cc	fc1ff0ef	jal	x1,800001cc	  x1=0x800001cc
       21855000	      2184	00000000	00000013	addi	x0,x0,0	  x0:0x00000000
       21865000	      2185	80000188	00000013	addi	x0,x0,0	  x0:0x00000000
       21875000	      2186	8000018c	024000ef	jal	x1,8000018c	  x1=0x8000018c
       21885000	      2187	00000000	00000013	addi	x0,x0,0	  x0:0x00000000
       21895000	      2188	800001ac	00000013	addi	x0,x0,0	  x0:0x00000000
       21905000	      2189	800001b0	0200036f	jal	x6,800001b0	  x6=0x800001b0
       21915000	      2190	00000000	00000013	addi	x0,x0,0	  x0:0x00000000
       21925000	      2191	800001cc	00000013	addi	x0,x0,0	  x0:0x00000000
       21935000	      2192	800001d0	0080036f	jal	x6,800001d0	  x6=0x800001d0
       21945000	      2193	00000000	00000013	addi	x0,x0,0	  x0:0x00000000
       21955000	      2194	800001d4	00000013	addi	x0,x0,0	  x0:0x00000000
       21965000	      2195	800001d8	fb1ff0ef	jal	x1,800001d8	  x1=0x800001d8
       21975000	      2196	00000000	00000013	addi	x0,x0,0	  x0:0x00000000
       21985000	      2197	80000184	00000013	addi	x0,x0,0	  x0:0x00000000
       21995000	      2198	80000188	008000ef	jal	x1,80000188	  x1=0x80000188
       22005000	      2199	00000000	00000013	addi	x0,x0,0	  x0:0x00000000
       22015000	      2200	8000018c	00000013	addi	x0,x0,0	  x0:0x00000000
       22025000	      2201	80000190	02c004ef	jal	x9,80000190	  x9=0x80000190
       22035000	      2202	00000000	00000013	addi	x0,x0,0	  x0:0x00000000
       22045000	      2203	800001b8	00000013	addi	x0,x0,0	  x0:0x00000000
       22055000	      2204	800001bc	ffdff0ef	jal	x1,800001bc	  x1=0x800001bc
       22065000	      2205	00000000	00000013	addi	x0,x0,0	  x0:0x00000000
       22075000	      2206	800001b4	00000013	addi	x0,x0,0	  x0:0x00000000
       22085000	      2207	800001b8	fe9ff0ef	jal	x1,800001b8	  x1=0x800001b8
       22095000	      2208	00000000	00000013	addi	x0,x0,0	  x0:0x00000000
       22105000	      2209	8000019c	00000013	addi	x0,x0,0	  x0:0x00000000
       22115000	      2210	800001a0	0080036f	jal	x6,800001a0	  x6=0x800001a0
       22125000	      2211	00000000	00000013	addi	x0,x0,0	  x0:0x00000000
       22135000	      2212	800001a4	00000013	addi	x0,x0,0	  x0:0x00000000
       22145000	      2213	800001a8	ff1ff0ef	jal	x1,800001a8	  x1=0x800001a8
       22155000	      2214	00000000	00000013	addi	x0,x0,0	  x0:0x00000000
       22165000	      2215	80000194	00000013	addi	x0,x0,0	  x0:0x00000000
       22175000	      2216	80000198	02c000ef	jal	x1,80000198	  x1=0x80000198
       22185000	      2217	00000000	00000013	addi	x0,x0,0	  x0:0x00000000
       22195000	      2218	800001c0	00000013	addi	x0,x0,0	  x0:0x00000000
       22205000	      2219	800001c4	ffdff56f	jal	x10,800001c4	 x10=0x800001c4
       22215000	      2220	00000000	00000013	addi	x0,x0,0	  x0:0x00000000
       22225000	      2221	800001bc	00000013	addi	x0,x0,0	  x0:0x00000000
       22235000	      2222	800001c0	fd5ff36f	jal	x6,800001c0	  x6=0x800001c0
       22245000	      2223	00000000	00000013	addi	x0,x0,0	  x0:0x00000000
       22255000	      2224	80000190	00000013	addi	x0,x0,0	  x0:0x00000000
       22265000	      2225	80000194	034000ef	jal	x1,80000194	  x1=0x80000194
       22275000	      2226	00000000	00000013	addi	x0,x0,0	  x0:0x00000000
       22285000	      2227	800001c4	00000013	addi	x0,x0,0	  x0:0x00000000
       22295000	      2228	800001c8	fedff46f	jal	x8,800001c8	  x8=0x800001c8
       22305000	      2229	00000000	00000013	addi	x0,x0,0	  x0:0x00000000
       22315000	      2230	800001b0	00000013	addi	x0,x0,0	  x0:0x00000000
       22325000	      2231	800001b4	fe9ff0ef	jal	x1,800001b4	  x1=0x800001b4
       22335000	      2232	00000000	00000013	addi	x0,x0,0	  x0:0x00000000
       22345000	      2233	80000198	00000013	addi	x0,x0,0	  x0:0x00000000
       22355000	      2234	8000019c	010000ef	jal	x1,8000019c	  x1=0x8000019c
       22365000	      2235	00000000	00000013	addi	x0,x0,0	  x0:0x00000000
       22375000	      2236	800001a8	00000013	addi	x0,x0,0	  x0:0x00000000
       22385000	      2237	800001ac	ff9ff16f	jal	x2,800001ac	  x2=0x800001ac
       22395000	      2238	00000000	00000013	addi	x0,x0,0	  x0:0x00000000
       22405000	      2239	800001a0	00000013	addi	x0,x0,0	  x0:0x00000000
       22415000	      2240	800001a4	030000ef	jal	x1,800001a4	  x1=0x800001a4
       22425000	      2241	00000000	00000013	addi	x0,x0,0	  x0:0x00000000
       22435000	      2242	800001d0	00000013	addi	x0,x0,0	  x0:0x00000000
       22445000	      2243	800001d4	008000ef	jal	x1,800001d4	  x1=0x800001d4
       22455000	      2244	00000000	00000013	addi	x0,x0,0	  x0:0x00000000
       22465000	      2245	800001d8	00000013	addi	x0,x0,0	  x0:0x00000000
       22475000	      2246	800001dc	405d5b33	sra	x22,x26,x5	 x26:0x00000000  x5:0x80000178 x22=0x00000000
       22485000	      2247	800001e0	02000e6f	jal	x28,800001e0	 x28=0x800001e0
       22495000	      2248	00000000	00000013	addi	x0,x0,0	  x0:0x00000000
       22505000	      2249	800001fc	00000013	addi	x0,x0,0	  x0:0x00000000
       22515000	      2250	80000200	048000ef	jal	x1,80000200	  x1=0x80000200
       22525000	      2251	00000000	00000013	addi	x0,x0,0	  x0:0x00000000
       22535000	      2252	80000244	00000013	addi	x0,x0,0	  x0:0x00000000
       22545000	      2253	80000248	fa5ff0ef	jal	x1,80000248	  x1=0x80000248
       22555000	      2254	00000000	00000013	addi	x0,x0,0	  x0:0x00000000
       22565000	      2255	800001e8	00000013	addi	x0,x0,0	  x0:0x00000000
       22575000	      2256	800001ec	048000ef	jal	x1,800001ec	  x1=0x800001ec
       22585000	      2257	00000000	00000013	addi	x0,x0,0	  x0:0x00000000
       22595000	      2258	80000230	00000013	addi	x0,x0,0	  x0:0x00000000
       22605000	      2259	80000234	fb5ff36f	jal	x6,80000234	  x6=0x80000234
       22615000	      2260	00000000	00000013	addi	x0,x0,0	  x0:0x00000000
       22625000	      2261	800001e4	00000013	addi	x0,x0,0	  x0:0x00000000
       22635000	      2262	800001e8	03c00a6f	jal	x20,800001e8	 x20=0x800001e8
       22645000	      2263	00000000	00000013	addi	x0,x0,0	  x0:0x00000000
       22655000	      2264	80000220	00000013	addi	x0,x0,0	  x0:0x00000000
       22665000	      2265	80000224	fc1ff0ef	jal	x1,80000224	  x1=0x80000224
       22675000	      2266	00000000	00000013	addi	x0,x0,0	  x0:0x00000000
       22685000	      2267	800001e0	00000013	addi	x0,x0,0	  x0:0x00000000
       22695000	      2268	800001e4	0740036f	jal	x6,800001e4	  x6=0x800001e4
       22705000	      2269	00000000	00000013	addi	x0,x0,0	  x0:0x00000000
       22715000	      2270	80000254	00000013	addi	x0,x0,0	  x0:0x00000000
       22725000	      2271	80000258	ff5ff0ef	jal	x1,80000258	  x1=0x80000258
       22735000	      2272	00000000	00000013	addi	x0,x0,0	  x0:0x00000000
       22745000	      2273	80000248	00000013	addi	x0,x0,0	  x0:0x00000000
       22755000	      2274	8000024c	00400fef	jal	x31,8000024c	 x31=0x8000024c
       22765000	      2275	00000000	00000013	addi	x0,x0,0	  x0:0x00000000
       22775000	      2276	8000024c	00000013	addi	x0,x0,0	  x0:0x00000000
       22785000	      2277	80000250	fddff3ef	jal	x7,80000250	  x7=0x80000250
       22795000	      2278	00000000	00000013	addi	x0,x0,0	  x0:0x00000000
       22805000	      2279	80000228	00000013	addi	x0,x0,0	  x0:0x00000000
       22815000	      2280	8000022c	fcdff26f	jal	x4,8000022c	  x4=0x8000022c
       22825000	      2281	00000000	00000013	addi	x0,x0,0	  x0:0x00000000
       22835000	      2282	800001f4	00000013	addi	x0,x0,0	  x0:0x00000000
       22845000	      2283	800001f8	030000ef	jal	x1,800001f8	  x1=0x800001f8
       22855000	      2284	00000000	00000013	addi	x0,x0,0	  x0:0x00000000
       22865000	      2285	80000224	00000013	addi	x0,x0,0	  x0:0x00000000
       22875000	      2286	80000228	0100046f	jal	x8,80000228	  x8=0x80000228
       22885000	      2287	00000000	00000013	addi	x0,x0,0	  x0:0x00000000
       22895000	      2288	80000234	00000013	addi	x0,x0,0	  x0:0x00000000
       22905000	      2289	80000238	fd5ff0ef	jal	x1,80000238	  x1=0x80000238
       22915000	      2290	00000000	00000013	addi	x0,x0,0	  x0:0x00000000
       22925000	      2291	80000208	00000013	addi	x0,x0,0	  x0:0x00000000
       22935000	      2292	8000020c	014000ef	jal	x1,8000020c	  x1=0x8000020c
       22945000	      2293	00000000	00000013	addi	x0,x0,0	  x0:0x00000000
       22955000	      2294	8000021c	00000013	addi	x0,x0,0	  x0:0x00000000
       22965000	      2295	80000220	020000ef	jal	x1,80000220	  x1=0x80000220
       22975000	      2296	00000000	00000013	addi	x0,x0,0	  x0:0x00000000
       22985000	      2297	8000023c	00000013	addi	x0,x0,0	  x0:0x00000000
       22995000	      2298	80000240	ffdff0ef	jal	x1,80000240	  x1=0x80000240
       23005000	      2299	00000000	00000013	addi	x0,x0,0	  x0:0x00000000
       23015000	      2300	80000238	00000013	addi	x0,x0,0	  x0:0x00000000
       23025000	      2301	8000023c	fc1ff0ef	jal	x1,8000023c	  x1=0x8000023c
       23035000	      2302	00000000	00000013	addi	x0,x0,0	  x0:0x00000000
       23045000	      2303	800001f8	00000013	addi	x0,x0,0	  x0:0x00000000
       23055000	      2304	800001fc	018006ef	jal	x13,800001fc	 x13=0x800001fc
       23065000	      2305	00000000	00000013	addi	x0,x0,0	  x0:0x00000000
       23075000	      2306	80000210	00000013	addi	x0,x0,0	  x0:0x00000000
       23085000	      2307	80000214	01c000ef	jal	x1,80000214	  x1=0x80000214
       23095000	      2308	00000000	00000013	addi	x0,x0,0	  x0:0x00000000
       23105000	      2309	8000022c	00000013	addi	x0,x0,0	  x0:0x00000000
       23115000	      2310	80000230	fc1ff26f	jal	x4,80000230	  x4=0x80000230
       23125000	      2311	00000000	00000013	addi	x0,x0,0	  x0:0x00000000
       23135000	      2312	800001ec	00000013	addi	x0,x0,0	  x0:0x00000000
       23145000	      2313	800001f0	028005ef	jal	x11,800001f0	 x11=0x800001f0
       23155000	      2314	00000000	00000013	addi	x0,x0,0	  x0:0x00000000
       23165000	      2315	80000214	00000013	addi	x0,x0,0	  x0:0x00000000
       23175000	      2316	80000218	ff9ff0ef	jal	x1,80000218	  x1=0x80000218
       23185000	      2317	00000000	00000013	addi	x0,x0,0	  x0:0x00000000
       23195000	      2318	8000020c	00000013	addi	x0,x0,0	  x0:0x00000000
       23205000	      2319	80000210	ff5ff4ef	jal	x9,80000210	  x9=0x80000210
       23215000	      2320	00000000	00000013	addi	x0,x0,0	  x0:0x00000000
       23225000	      2321	80000200	00000013	addi	x0,x0,0	  x0:0x00000000
       23235000	      2322	80000204	01800b6f	jal	x22,80000204	 x22=0x80000204
       23245000	      2323	00000000	00000013	addi	x0,x0,0	  x0:0x00000000
       23255000	      2324	80000218	00000013	addi	x0,x0,0	  x0:0x00000000
       23265000	      2325	8000021c	038000ef	jal	x1,8000021c	  x1=0x8000021c
       23275000	      2326	00000000	00000013	addi	x0,x0,0	  x0:0x00000000
       23285000	      2327	80000250	00000013	addi	x0,x0,0	  x0:0x00000000
       23295000	      2328	80000254	fa1ff0ef	jal	x1,80000254	  x1=0x80000254
       23305000	      2329	00000000	00000013	addi	x0,x0,0	  x0:0x00000000
       23315000	      2330	800001f0	00000013	addi	x0,x0,0	  x0:0x00000000
       23325000	      2331	800001f4	0500036f	jal	x6,800001f4	  x6=0x800001f4
       23335000	      2332	00000000	00000013	addi	x0,x0,0	  x0:0x00000000
       23345000	      2333	80000240	00000013	addi	x0,x0,0	  x0:0x00000000
       23355000	      2334	80000244	fc5ff0ef	jal	x1,80000244	  x1=0x80000244
       23365000	      2335	00000000	00000013	addi	x0,x0,0	  x0:0x00000000
       23375000	      2336	80000204	00000013	addi	x0,x0,0	  x0:0x00000000
       23385000	      2337	80000208	054000ef	jal	x1,80000208	  x1=0x80000208
       23395000	      2338	00000000	00000013	addi	x0,x0,0	  x0:0x00000000
       23405000	      2339	80000258	00000013	addi	x0,x0,0	  x0:0x00000000
       23415000	      2340	8000025c	81a2fb17	auipc	x22,0x81a2f	 x22=0x01a2f258
       23425000	      2341	80000260	02800e6f	jal	x28,80000260	 x28=0x80000260
       23435000	      2342	00000000	00000013	addi	x0,x0,0	  x0:0x00000000
       23445000	      2343	80000284	00000013	addi	x0,x0,0	  x0:0x00000000
       23455000	      2344	80000288	008000ef	jal	x1,80000288	  x1=0x80000288
       23465000	      2345	00000000	00000013	addi	x0,x0,0	  x0:0x00000000
       23475000	      2346	8000028c	00000013	addi	x0,x0,0	  x0:0x00000000
       23485000	      2347	80000290	fe1ff0ef	jal	x1,80000290	  x1=0x80000290
       23495000	      2348	00000000	00000013	addi	x0,x0,0	  x0:0x00000000
       23505000	      2349	8000026c	00000013	addi	x0,x0,0	  x0:0x00000000
       23515000	      2350	80000270	024000ef	jal	x1,80000270	  x1=0x80000270
       23525000	      2351	00000000	00000013	addi	x0,x0,0	  x0:0x00000000
       23535000	      2352	80000290	00000013	addi	x0,x0,0	  x0:0x00000000
       23545000	      2353	80000294	ff9ff0ef	jal	x1,80000294	  x1=0x80000294
       23555000	      2354	00000000	00000013	addi	x0,x0,0	  x0:0x00000000
       23565000	      2355	80000288	00000013	addi	x0,x0,0	  x0:0x00000000
       23575000	      2356	8000028c	fe9ff0ef	jal	x1,8000028c	  x1=0x8000028c
       23585000	      2357	00000000	00000013	addi	x0,x0,0	  x0:0x00000000
       23595000	      2358	80000270	00000013	addi	x0,x0,0	  x0:0x00000000
       23605000	      2359	80000274	008000ef	jal	x1,80000274	  x1=0x80000274
       23615000	      2360	00000000	00000013	addi	x0,x0,0	  x0:0x00000000
       23625000	      2361	80000278	00000013	addi	x0,x0,0	  x0:0x00000000
       23635000	      2362	8000027c	ffdff36f	jal	x6,8000027c	  x6=0x8000027c
       23645000	      2363	00000000	00000013	addi	x0,x0,0	  x0:0x00000000
       23655000	      2364	80000274	00000013	addi	x0,x0,0	  x0:0x00000000
       23665000	      2365	80000278	ff5ff66f	jal	x12,80000278	 x12=0x80000278
       23675000	      2366	00000000	00000013	addi	x0,x0,0	  x0:0x00000000
       23685000	      2367	80000268	00000013	addi	x0,x0,0	  x0:0x00000000
       23695000	      2368	8000026c	014000ef	jal	x1,8000026c	  x1=0x8000026c
       23705000	      2369	00000000	00000013	addi	x0,x0,0	  x0:0x00000000
       23715000	      2370	8000027c	00000013	addi	x0,x0,0	  x0:0x00000000
       23725000	      2371	80000280	fe5ff36f	jal	x6,80000280	  x6=0x80000280
       23735000	      2372	00000000	00000013	addi	x0,x0,0	  x0:0x00000000
       23745000	      2373	80000260	00000013	addi	x0,x0,0	  x0:0x00000000
       23755000	      2374	80000264	020001ef	jal	x3,80000264	  x3=0x80000264
       23765000	      2375	00000000	00000013	addi	x0,x0,0	  x0:0x00000000
       23775000	      2376	80000280	00000013	addi	x0,x0,0	  x0:0x00000000
       23785000	      2377	80000284	fe5ff86f	jal	x16,80000284	 x16=0x80000284
       23795000	      2378	00000000	00000013	addi	x0,x0,0	  x0:0x00000000
       23805000	      2379	80000264	00000013	addi	x0,x0,0	  x0:0x00000000
       23815000	      2380	80000268	030000ef	jal	x1,80000268	  x1=0x80000268
       23825000	      2381	00000000	00000013	addi	x0,x0,0	  x0:0x00000000
       23835000	      2382	80000294	00000013	addi	x0,x0,0	  x0:0x00000000
       23845000	      2383	80000298	00f71233	sll	x4,x14,x15	 x14:0x80009f84 x15:0x80000000  x4=0x80009f84
       23855000	      2384	8000029c	04000e6f	jal	x28,8000029c	 x28=0x8000029c
       23865000	      2385	00000000	00000013	addi	x0,x0,0	  x0:0x00000000
       23875000	      2386	800002d8	00000013	addi	x0,x0,0	  x0:0x00000000
       23885000	      2387	800002dc	01c000ef	jal	x1,800002dc	  x1=0x800002dc
       23895000	      2388	00000000	00000013	addi	x0,x0,0	  x0:0x00000000
       23905000	      2389	800002f4	00000013	addi	x0,x0,0	  x0:0x00000000
       23915000	      2390	800002f8	fa9ff0ef	jal	x1,800002f8	  x1=0x800002f8
       23925000	      2391	00000000	00000013	addi	x0,x0,0	  x0:0x00000000
       23935000	      2392	8000029c	00000013	addi	x0,x0,0	  x0:0x00000000
       23945000	      2393	800002a0	05c0036f	jal	x6,800002a0	  x6=0x800002a0
       23955000	      2394	00000000	00000013	addi	x0,x0,0	  x0:0x00000000
       23965000	      2395	800002f8	00000013	addi	x0,x0,0	  x0:0x00000000
       23975000	      2396	800002fc	fddff0ef	jal	x1,800002fc	  x1=0x800002fc
       23985000	      2397	00000000	00000013	addi	x0,x0,0	  x0:0x00000000
       23995000	      2398	800002d4	00000013	addi	x0,x0,0	  x0:0x00000000
       24005000	      2399	800002d8	01000a6f	jal	x20,800002d8	 x20=0x800002d8
       24015000	      2400	00000000	00000013	addi	x0,x0,0	  x0:0x00000000
       24025000	      2401	800002e4	00000013	addi	x0,x0,0	  x0:0x00000000
       24035000	      2402	800002e8	ff9ff36f	jal	x6,800002e8	  x6=0x800002e8
       24045000	      2403	00000000	00000013	addi	x0,x0,0	  x0:0x00000000
       24055000	      2404	800002dc	00000013	addi	x0,x0,0	  x0:0x00000000
       24065000	      2405	800002e0	fcdff0ef	jal	x1,800002e0	  x1=0x800002e0
       24075000	      2406	00000000	00000013	addi	x0,x0,0	  x0:0x00000000
       24085000	      2407	800002a8	00000013	addi	x0,x0,0	  x0:0x00000000
       24095000	      2408	800002ac	054000ef	jal	x1,800002ac	  x1=0x800002ac
       24105000	      2409	00000000	00000013	addi	x0,x0,0	  x0:0x00000000
       24115000	      2410	800002fc	00000013	addi	x0,x0,0	  x0:0x00000000
       24125000	      2411	80000300	fb5ff36f	jal	x6,80000300	  x6=0x80000300
       24135000	      2412	00000000	00000013	addi	x0,x0,0	  x0:0x00000000
       24145000	      2413	800002b0	00000013	addi	x0,x0,0	  x0:0x00000000
       24155000	      2414	800002b4	040000ef	jal	x1,800002b4	  x1=0x800002b4
       24165000	      2415	00000000	00000013	addi	x0,x0,0	  x0:0x00000000
       24175000	      2416	800002f0	00000013	addi	x0,x0,0	  x0:0x00000000
       24185000	      2417	800002f4	fe1ff36f	jal	x6,800002f4	  x6=0x800002f4
       24195000	      2418	00000000	00000013	addi	x0,x0,0	  x0:0x00000000
       24205000	      2419	800002d0	00000013	addi	x0,x0,0	  x0:0x00000000
       24215000	      2420	800002d4	fedff2ef	jal	x5,800002d4	  x5=0x800002d4
       24225000	      2421	00000000	00000013	addi	x0,x0,0	  x0:0x00000000
       24235000	      2422	800002bc	00000013	addi	x0,x0,0	  x0:0x00000000
       24245000	      2423	800002c0	008000ef	jal	x1,800002c0	  x1=0x800002c0
       24255000	      2424	00000000	00000013	addi	x0,x0,0	  x0:0x00000000
       24265000	      2425	800002c4	00000013	addi	x0,x0,0	  x0:0x00000000
       24275000	      2426	800002c8	008000ef	jal	x1,800002c8	  x1=0x800002c8
       24285000	      2427	00000000	00000013	addi	x0,x0,0	  x0:0x00000000
       24295000	      2428	800002cc	00000013	addi	x0,x0,0	  x0:0x00000000
       24305000	      2429	800002d0	fd9ff0ef	jal	x1,800002d0	  x1=0x800002d0
       24315000	      2430	00000000	00000013	addi	x0,x0,0	  x0:0x00000000
       24325000	      2431	800002a4	00000013	addi	x0,x0,0	  x0:0x00000000
       24335000	      2432	800002a8	03c00def	jal	x27,800002a8	 x27=0x800002a8
       24345000	      2433	00000000	00000013	addi	x0,x0,0	  x0:0x00000000
       24355000	      2434	800002e0	00000013	addi	x0,x0,0	  x0:0x00000000
       24365000	      2435	800002e4	fe9ff36f	jal	x6,800002e4	  x6=0x800002e4
       24375000	      2436	00000000	00000013	addi	x0,x0,0	  x0:0x00000000
       24385000	      2437	800002c8	00000013	addi	x0,x0,0	  x0:0x00000000
       24395000	      2438	800002cc	ff9ff3ef	jal	x7,800002cc	  x7=0x800002cc
       24405000	      2439	00000000	00000013	addi	x0,x0,0	  x0:0x00000000
       24415000	      2440	800002c0	00000013	addi	x0,x0,0	  x0:0x00000000
       24425000	      2441	800002c4	fedffcef	jal	x25,800002c4	 x25=0x800002c4
       24435000	      2442	00000000	00000013	addi	x0,x0,0	  x0:0x00000000
       24445000	      2443	800002ac	00000013	addi	x0,x0,0	  x0:0x00000000
       24455000	      2444	800002b0	054000ef	jal	x1,800002b0	  x1=0x800002b0
       24465000	      2445	00000000	00000013	addi	x0,x0,0	  x0:0x00000000
       24475000	      2446	80000300	00000013	addi	x0,x0,0	  x0:0x00000000
       24485000	      2447	80000304	fb9ff36f	jal	x6,80000304	  x6=0x80000304
       24495000	      2448	00000000	00000013	addi	x0,x0,0	  x0:0x00000000
       24505000	      2449	800002b8	00000013	addi	x0,x0,0	  x0:0x00000000
       24515000	      2450	800002bc	ffdff8ef	jal	x17,800002bc	 x17=0x800002bc
       24525000	      2451	00000000	00000013	addi	x0,x0,0	  x0:0x00000000
       24535000	      2452	800002b4	00000013	addi	x0,x0,0	  x0:0x00000000
       24545000	      2453	800002b8	fedff0ef	jal	x1,800002b8	  x1=0x800002b8
       24555000	      2454	00000000	00000013	addi	x0,x0,0	  x0:0x00000000
       24565000	      2455	800002a0	00000013	addi	x0,x0,0	  x0:0x00000000
       24575000	      2456	800002a4	04c000ef	jal	x1,800002a4	  x1=0x800002a4
       24585000	      2457	00000000	00000013	addi	x0,x0,0	  x0:0x00000000
       24595000	      2458	800002ec	00000013	addi	x0,x0,0	  x0:0x00000000
       24605000	      2459	800002f0	ffdfffef	jal	x31,800002f0	 x31=0x800002f0
       24615000	      2460	00000000	00000013	addi	x0,x0,0	  x0:0x00000000
       24625000	      2461	800002e8	00000013	addi	x0,x0,0	  x0:0x00000000
       24635000	      2462	800002ec	01c00a6f	jal	x20,800002ec	 x20=0x800002ec
       24645000	      2463	00000000	00000013	addi	x0,x0,0	  x0:0x00000000
       24655000	      2464	80000304	00000013	addi	x0,x0,0	  x0:0x00000000
       24665000	      2465	80000308	0e9119b7	lui	x19,0xe911	 x19=0x0e911000
       24675000	      2466	8000030c	01400e6f	jal	x28,8000030c	 x28=0x8000030c
       24685000	      2467	00000000	00000013	addi	x0,x0,0	  x0:0x00000000
       24695000	      2468	8000031c	00000013	addi	x0,x0,0	  x0:0x00000000
       24705000	      2469	80000320	ffdff0ef	jal	x1,80000320	  x1=0x80000320
       24715000	      2470	00000000	00000013	addi	x0,x0,0	  x0:0x00000000
       24725000	      2471	80000318	00000013	addi	x0,x0,0	  x0:0x00000000
       24735000	      2472	8000031c	0080036f	jal	x6,8000031c	  x6=0x8000031c
       24745000	      2473	00000000	00000013	addi	x0,x0,0	  x0:0x00000000
       24755000	      2474	80000320	00000013	addi	x0,x0,0	  x0:0x00000000
       24765000	      2475	80000324	ff1ff16f	jal	x2,80000324	  x2=0x80000324
       24775000	      2476	00000000	00000013	addi	x0,x0,0	  x0:0x00000000
       24785000	      2477	80000310	00000013	addi	x0,x0,0	  x0:0x00000000
       24795000	      2478	80000314	018000ef	jal	x1,80000314	  x1=0x80000314
       24805000	      2479	00000000	00000013	addi	x0,x0,0	  x0:0x00000000
       24815000	      2480	80000328	00000013	addi	x0,x0,0	  x0:0x00000000
       24825000	      2481	8000032c	fedff5ef	jal	x11,8000032c	 x11=0x8000032c
       24835000	      2482	00000000	00000013	addi	x0,x0,0	  x0:0x00000000
       24845000	      2483	80000314	00000013	addi	x0,x0,0	  x0:0x00000000
       24855000	      2484	80000318	ff9ff0ef	jal	x1,80000318	  x1=0x80000318
       24865000	      2485	00000000	00000013	addi	x0,x0,0	  x0:0x00000000
       24875000	      2486	8000030c	00000013	addi	x0,x0,0	  x0:0x00000000
       24885000	      2487	80000310	024000ef	jal	x1,80000310	  x1=0x80000310
       24895000	      2488	00000000	00000013	addi	x0,x0,0	  x0:0x00000000
       24905000	      2489	80000330	00000013	addi	x0,x0,0	  x0:0x00000000
       24915000	      2490	80000334	ffdff0ef	jal	x1,80000334	  x1=0x80000334
       24925000	      2491	00000000	00000013	addi	x0,x0,0	  x0:0x00000000
       24935000	      2492	8000032c	00000013	addi	x0,x0,0	  x0:0x00000000
       24945000	      2493	80000330	ff9ff36f	jal	x6,80000330	  x6=0x80000330
       24955000	      2494	00000000	00000013	addi	x0,x0,0	  x0:0x00000000
       24965000	      2495	80000324	00000013	addi	x0,x0,0	  x0:0x00000000
       24975000	      2496	80000328	01000def	jal	x27,80000328	 x27=0x80000328
       24985000	      2497	00000000	00000013	addi	x0,x0,0	  x0:0x00000000
       24995000	      2498	80000334	00000013	addi	x0,x0,0	  x0:0x00000000
       25005000	      2499	80000338	01d05f93	srli	x31,x0,0x1d	  x0:0x00000000 x31=0x00000000
       25015000	      2500	8000033c	02800e6f	jal	x28,8000033c	 x28=0x8000033c
       25025000	      2501	00000000	00000013	addi	x0,x0,0	  x0:0x00000000
       25035000	      2502	80000360	00000013	addi	x0,x0,0	  x0:0x00000000
       25045000	      2503	80000364	fe1ff86f	jal	x16,80000364	 x16=0x80000364
       25055000	      2504	00000000	00000013	addi	x0,x0,0	  x0:0x00000000
       25065000	      2505	80000340	00000013	addi	x0,x0,0	  x0:0x00000000
       25075000	      2506	80000344	0500016f	jal	x2,80000344	  x2=0x80000344
       25085000	      2507	00000000	00000013	addi	x0,x0,0	  x0:0x00000000
       25095000	      2508	80000390	00000013	addi	x0,x0,0	  x0:0x00000000
       25105000	      2509	80000394	fe9ff36f	jal	x6,80000394	  x6=0x80000394
       25115000	      2510	00000000	00000013	addi	x0,x0,0	  x0:0x00000000
       25125000	      2511	80000378	00000013	addi	x0,x0,0	  x0:0x00000000
       25135000	      2512	8000037c	fe5ff0ef	jal	x1,8000037c	  x1=0x8000037c
       25145000	      2513	00000000	00000013	addi	x0,x0,0	  x0:0x00000000
       25155000	      2514	8000035c	00000013	addi	x0,x0,0	  x0:0x00000000
       25165000	      2515	80000360	fedff0ef	jal	x1,80000360	  x1=0x80000360
       25175000	      2516	00000000	00000013	addi	x0,x0,0	  x0:0x00000000
       25185000	      2517	80000348	00000013	addi	x0,x0,0	  x0:0x00000000
       25195000	      2518	8000034c	008000ef	jal	x1,8000034c	  x1=0x8000034c
       25205000	      2519	00000000	00000013	addi	x0,x0,0	  x0:0x00000000
       25215000	      2520	80000350	00000013	addi	x0,x0,0	  x0:0x00000000
       25225000	      2521	80000354	038000ef	jal	x1,80000354	  x1=0x80000354
       25235000	      2522	00000000	00000013	addi	x0,x0,0	  x0:0x00000000
       25245000	      2523	80000388	00000013	addi	x0,x0,0	  x0:0x00000000
       25255000	      2524	8000038c	fe5ff0ef	jal	x1,8000038c	  x1=0x8000038c
       25265000	      2525	00000000	00000013	addi	x0,x0,0	  x0:0x00000000
       25275000	      2526	8000036c	00000013	addi	x0,x0,0	  x0:0x00000000
       25285000	      2527	80000370	018002ef	jal	x5,80000370	  x5=0x80000370
       25295000	      2528	00000000	00000013	addi	x0,x0,0	  x0:0x00000000
       25305000	      2529	80000384	00000013	addi	x0,x0,0	  x0:0x00000000
       25315000	      2530	80000388	fedff0ef	jal	x1,80000388	  x1=0x80000388
       25325000	      2531	00000000	00000013	addi	x0,x0,0	  x0:0x00000000
       25335000	      2532	80000370	00000013	addi	x0,x0,0	  x0:0x00000000
       25345000	      2533	80000374	ff5ff0ef	jal	x1,80000374	  x1=0x80000374
       25355000	      2534	00000000	00000013	addi	x0,x0,0	  x0:0x00000000
       25365000	      2535	80000364	00000013	addi	x0,x0,0	  x0:0x00000000
       25375000	      2536	80000368	018000ef	jal	x1,80000368	  x1=0x80000368
       25385000	      2537	00000000	00000013	addi	x0,x0,0	  x0:0x00000000
       25395000	      2538	8000037c	00000013	addi	x0,x0,0	  x0:0x00000000
       25405000	      2539	80000380	fc9ff0ef	jal	x1,80000380	  x1=0x80000380
       25415000	      2540	00000000	00000013	addi	x0,x0,0	  x0:0x00000000
       25425000	      2541	80000344	00000013	addi	x0,x0,0	  x0:0x00000000
       25435000	      2542	80000348	048000ef	jal	x1,80000348	  x1=0x80000348
       25445000	      2543	00000000	00000013	addi	x0,x0,0	  x0:0x00000000
       25455000	      2544	8000038c	00000013	addi	x0,x0,0	  x0:0x00000000
       25465000	      2545	80000390	fe9ff1ef	jal	x3,80000390	  x3=0x80000390
       25475000	      2546	00000000	00000013	addi	x0,x0,0	  x0:0x00000000
       25485000	      2547	80000374	00000013	addi	x0,x0,0	  x0:0x00000000
       25495000	      2548	80000378	fe5ff2ef	jal	x5,80000378	  x5=0x80000378
       25505000	      2549	00000000	00000013	addi	x0,x0,0	  x0:0x00000000
       25515000	      2550	80000358	00000013	addi	x0,x0,0	  x0:0x00000000
       25525000	      2551	8000035c	fe5ff0ef	jal	x1,8000035c	  x1=0x8000035c
       25535000	      2552	00000000	00000013	addi	x0,x0,0	  x0:0x00000000
       25545000	      2553	8000033c	00000013	addi	x0,x0,0	  x0:0x00000000
       25555000	      2554	80000340	0440066f	jal	x12,80000340	 x12=0x80000340
       25565000	      2555	00000000	00000013	addi	x0,x0,0	  x0:0x00000000
       25575000	      2556	80000380	00000013	addi	x0,x0,0	  x0:0x00000000
       25585000	      2557	80000384	014003ef	jal	x7,80000384	  x7=0x80000384
       25595000	      2558	00000000	00000013	addi	x0,x0,0	  x0:0x00000000
       25605000	      2559	80000394	00000013	addi	x0,x0,0	  x0:0x00000000
       25615000	      2560	80000398	fd5ff26f	jal	x4,80000398	  x4=0x80000398
       25625000	      2561	00000000	00000013	addi	x0,x0,0	  x0:0x00000000
       25635000	      2562	80000368	00000013	addi	x0,x0,0	  x0:0x00000000
       25645000	      2563	8000036c	fe5ff36f	jal	x6,8000036c	  x6=0x8000036c
       25655000	      2564	00000000	00000013	addi	x0,x0,0	  x0:0x00000000
       25665000	      2565	8000034c	00000013	addi	x0,x0,0	  x0:0x00000000
       25675000	      2566	80000350	008000ef	jal	x1,80000350	  x1=0x80000350
       25685000	      2567	00000000	00000013	addi	x0,x0,0	  x0:0x00000000
       25695000	      2568	80000354	00000013	addi	x0,x0,0	  x0:0x00000000
       25705000	      2569	80000358	044000ef	jal	x1,80000358	  x1=0x80000358
       25715000	      2570	00000000	00000013	addi	x0,x0,0	  x0:0x00000000
       25725000	      2571	80000398	00000013	addi	x0,x0,0	  x0:0x00000000
       25735000	      2572	8000039c	dc2e4c13	xori	x24,x28,-574	 x28:0x8000033c x24=0x7ffffefe
       25745000	      2573	800003a0	932eb393	sltiu	x7,x29,-1742	 x29:0x80003c0d  x7=0x00000001
       25755000	      2574	800003a4	00000013	addi	x0,x0,0	  x0:0x00000000
       25765000	      2575	800003a8	f6ebe993	ori	x19,x23,-146	 x23:0x00000001 x19=0xffffff6f
       25775000	      2576	800003ac	d51b6917	auipc	x18,0xd51b6	 x18=0x551b63a8
       25785000	      2577	800003b0	0057da33	srl	x20,x15,x5	 x15:0x80000000  x5:0x80000378 x20=0x00000080
       25795000	      2578	800003b4	05c6f263	bgeu	x13,x28,800003f8	 x13:0x800001fc x28:0x8000033c
       25805000	      2579	800003b8	00a2bdb3	sltu	x27,x5,x10	  x5:0x80000378 x10:0x800001c4 x27=0x00000000
       25815000	      2580	800003bc	17325117	auipc	x2,0x17325	  x2=0x973253b8
       25825000	      2581	800003c0	035c0a63	beq	x24,x21,800003f4	 x24:0x7ffffefe x21:0x00000000
       25835000	      2582	800003c4	01f459b3	srl	x19,x8,x31	  x8:0x80000228 x31:0x00000000 x19=0x80000228
       25845000	      2583	800003c8	01702533	slt	x10,x0,x23	  x0:0x00000000 x23:0x00000001 x10=0x00000001
       25855000	      2584	800003cc	9e45fe13	andi	x28,x11,-1564	 x11:0x8000032c x28=0x80000124
       25865000	      2585	800003d0	013e80b3	add	x1,x29,x19	 x29:0x80003c0d x19:0x80000228  x1=0x00003e35
       25875000	      2586	800003d4	010f3133	sltu	x2,x30,x16	 x30:0x80009fc4 x16:0x80000364  x2=0x00000000
       25885000	      2587	800003d8	8b82bd13	sltiu	x26,x5,-1864	  x5:0x80000378 x26=0x00000001
       25895000	      2588	800003dc	00a75c93	srli	x25,x14,0xa	 x14:0x80009f84 x25=0x00200027
       25905000	      2589	800003e0	01a8d193	srli	x3,x17,0x1a	 x17:0x800002bc  x3=0x00000020
       25915000	      2590	800003e4	416f3513	sltiu	x10,x30,1046	 x30:0x80009fc4 x10=0x00000000
       25925000	      2591	800003e8	00a2c9b3	xor	x19,x5,x10	  x5:0x80000378 x10:0x00000000 x19=0x80000378
       25935000	      2592	800003ec	00ce7e33	and	x28,x28,x12	 x28:0x80000124 x12:0x80000340 x28=0x80000100
       25945000	      2593	800003f0	04530063	beq	x6,x5,80000430	  x6:0x8000036c  x5:0x80000378
       25955000	      2594	800003f4	01e8e533	or	x10,x17,x30	 x17:0x800002bc x30:0x80009fc4 x10=0x80009ffc
       25965000	      2595	800003f8	01b991b3	sll	x3,x19,x27	 x19:0x80000378 x27:0x00000000  x3=0x80000378
       25975000	      2596	800003fc	67c5eb13	ori	x22,x11,1660	 x11:0x8000032c x22=0x8000077c
       25985000	      2597	80000400	05989a63	bne	x17,x25,80000454	 x17:0x800002bc x25:0x00200027
       25995000	      2598	00000000	00000013	addi	x0,x0,0	  x0:0x00000000
       26005000	      2599	80000450	00000013	addi	x0,x0,0	  x0:0x00000000
       26015000	      2600	80000454	23e980b7	lui	x1,0x23e98	  x1=0x23e98000
       26025000	      2601	80000458	411705b3	sub	x11,x14,x17	 x14:0x80009f84 x17:0x800002bc x11=0x00009cc8
       26035000	      2602	8000045c	40035913	srai	x18,x6,0x0	  x6:0x8000036c x18=0x8000036c
       26045000	      2603	80000460	bd184693	xori	x13,x16,-1071	 x16:0x80000364 x13=0x7ffff8b5
       26055000	      2604	80000464	01bb0863	beq	x22,x27,80000474	 x22:0x8000077c x27:0x00000000
       26065000	      2605	80000468	0108cfb3	xor	x31,x17,x16	 x17:0x800002bc x16:0x80000364 x31=0x000001d8
       26075000	      2606	8000046c	409e06b3	sub	x13,x28,x9	 x28:0x80000100  x9:0x80000210 x13=0xfffffef0
       26085000	      2607	80000470	41a98cb3	sub	x25,x19,x26	 x19:0x80000378 x26:0x00000001 x25=0x80000377
       26095000	      2608	80000474	26447597	auipc	x11,0x26447	 x11=0xa6447470
       26105000	      2609	80000478	01be65b3	or	x11,x28,x27	 x28:0x80000100 x27:0x00000000 x11=0x80000100
       26115000	      2610	8000047c	41c65d13	srai	x26,x12,0x1c	 x12:0x80000340 x26=0xfffffff8
       26125000	      2611	80000480	5269b817	auipc	x16,0x5269b	 x16=0xd269b47c
       26135000	      2612	80000484	01ffd3b3	srl	x7,x31,x31	 x31:0x000001d8 x31:0x000001d8  x7=0x00000000
       26145000	      2613	80000488	416c5e93	srai	x29,x24,0x16	 x24:0x7ffffefe x29=0x000001ff
       26155000	      2614	8000048c	d1717513	andi	x10,x2,-745	  x2:0x00000000 x10=0x00000000
       26165000	      2615	80000490	0071c233	xor	x4,x3,x7	  x3:0x80000378  x7:0x00000000  x4=0x80000378
       26175000	      2616	80000494	00000013	addi	x0,x0,0	  x0:0x00000000
       26185000	      2617	80000498	011f0a63	beq	x30,x17,800004ac	 x30:0x80009fc4 x17:0x800002bc
       26195000	      2618	8000049c	00ad5313	srli	x6,x26,0xa	 x26:0xfffffff8  x6=0x003fffff
       26205000	      2619	800004a0	c9a55a37	lui	x20,0xc9a55	 x20=0xc9a55000
       26215000	      2620	800004a4	052c9063	bne	x25,x18,800004e4	 x25:0x80000377 x18:0x8000036c
       26225000	      2621	00000000	00000013	addi	x0,x0,0	  x0:0x00000000
       26235000	      2622	800004e0	00000013	addi	x0,x0,0	  x0:0x00000000
       26245000	      2623	800004e4	01b6d9b3	srl	x19,x13,x27	 x13:0xfffffef0 x27:0x00000000 x19=0xfffffef0
       26255000	      2624	800004e8	04c84063	blt	x16,x12,80000528	 x16:0xd269b47c x12:0x80000340
       26265000	      2625	800004ec	3a88b893	sltiu	x17,x17,936	 x17:0x800002bc x17=0x00000000
       26275000	      2626	800004f0	19260317	auipc	x6,0x19260	  x6=0x992604ec
       26285000	      2627	800004f4	00151863	bne	x10,x1,80000504	 x10:0x00000000  x1:0x23e98000
       26295000	      2628	00000000	00000013	addi	x0,x0,0	  x0:0x00000000
       26305000	      2629	80000500	00000013	addi	x0,x0,0	  x0:0x00000000
       26315000	      2630	80000504	00e2f1b3	and	x3,x5,x14	  x5:0x80000378 x14:0x80009f84  x3=0x80000300
       26325000	      2631	80000508	8b6360b7	lui	x1,0x8b636	  x1=0x8b636000
       26335000	      2632	8000050c	04ec1063	bne	x24,x14,8000054c	 x24:0x7ffffefe x14:0x80009f84
       26345000	      2633	00000000	00000013	addi	x0,x0,0	  x0:0x00000000
       26355000	      2634	80000548	00000013	addi	x0,x0,0	  x0:0x00000000
       26365000	      2635	8000054c	00332133	slt	x2,x6,x3	  x6:0x992604ec  x3:0x80000300  x2=0x00000000
       26375000	      2636	80000550	005e4c33	xor	x24,x28,x5	 x28:0x80000100  x5:0x80000378 x24=0x00000278
       26385000	      2637	80000554	00351533	sll	x10,x10,x3	 x10:0x00000000  x3:0x80000300 x10=0x00000000
       26395000	      2638	80000558	71c93813	sltiu	x16,x18,1820	 x18:0x8000036c x16=0x00000000
       26405000	      2639	8000055c	40cad3b3	sra	x7,x21,x12	 x21:0x00000000 x12:0x80000340  x7=0x00000000
       26415000	      2640	80000560	407f5a13	srai	x20,x30,0x7	 x30:0x80009fc4 x20=0xff00013f
       26425000	      2641	80000564	417b53b3	sra	x7,x22,x23	 x22:0x8000077c x23:0x00000001  x7=0xc00003be
       26435000	      2642	80000568	e8287c93	andi	x25,x16,-382	 x16:0x00000000 x25=0x00000000
       26445000	      2643	8000056c	01cba833	slt	x16,x23,x28	 x23:0x00000001 x28:0x80000100 x16=0x00000000
       26455000	      2644	80000570	e5166037	lui	x0,0xe5166	
       26465000	      2645	80000574	41670cb3	sub	x25,x14,x22	 x14:0x80009f84 x22:0x8000077c x25=0x00009808
       26475000	      2646	80000578	ea456f97	auipc	x31,0xea456	 x31=0x6a456574
       26485000	      2647	8000057c	c108ae13	slti	x28,x17,-1008	 x17:0x00000000 x28=0x00000000
       26495000	      2648	80000580	ae05c693	xori	x13,x11,-1312	 x11:0x80000100 x13=0x7ffffbe0
       26505000	      2649	80000584	005310b3	sll	x1,x6,x5	  x6:0x992604ec  x5:0x80000378  x1=0xec000000
       26515000	      2650	80000588	01a80033	add	x0,x16,x26	 x16:0x00000000 x26:0xfffffff8
       26525000	      2651	8000058c	02f84263	blt	x16,x15,800005b0	 x16:0x00000000 x15:0x80000000
       26535000	      2652	80000590	e85f0e13	addi	x28,x30,-379	 x30:0x80009fc4 x28=0x80009e49
       26545000	      2653	80000594	72bc8b13	addi	x22,x25,1835	 x25:0x00009808 x22=0x00009f33
       26555000	      2654	80000598	844d4313	xori	x6,x26,-1980	 x26:0xfffffff8  x6=0x000007bc
       26565000	      2655	8000059c	e98ff113	andi	x2,x31,-360	 x31:0x6a456574  x2=0x6a456410
       26575000	      2656	800005a0	9eeb7317	auipc	x6,0x9eeb7	  x6=0x1eeb759c
       26585000	      2657	800005a4	41eb5c13	srai	x24,x22,0x1e	 x22:0x00009f33 x24=0x00000000
       26595000	      2658	800005a8	a46cd8b7	lui	x17,0xa46cd	 x17=0xa46cd000
       26605000	      2659	800005ac	417e5eb3	sra	x29,x28,x23	 x28:0x80009e49 x23:0x00000001 x29=0xc0004f24
       26615000	      2660	800005b0	7c7e3693	sltiu	x13,x28,1991	 x28:0x80009e49 x13=0x00000000
       26625000	      2661	800005b4	a00dbe97	auipc	x29,0xa00db	 x29=0x200db5b0
       26635000	      2662	800005b8	40045d13	srai	x26,x8,0x0	  x8:0x80000228 x26=0x80000228
       26645000	      2663	800005bc	0059abb3	slt	x23,x19,x5	 x19:0xfffffef0  x5:0x80000378 x23=0x00000000
       26655000	      2664	800005c0	07500463	beq	x0,x21,80000628	  x0:0x00000000 x21:0x00000000
       26665000	      2665	00000000	00000013	addi	x0,x0,0	  x0:0x00000000
       26675000	      2666	80000624	00000013	addi	x0,x0,0	  x0:0x00000000
       26685000	      2667	80000628	03475c63	bge	x14,x20,80000660	 x14:0x80009f84 x20:0xff00013f
       26695000	      2668	8000062c	01651e33	sll	x28,x10,x22	 x10:0x00000000 x22:0x00009f33 x28=0x00000000
       26705000	      2669	80000630	01e77a33	and	x20,x14,x30	 x14:0x80009f84 x30:0x80009fc4 x20=0x80009f84
       26715000	      2670	80000634	00d05863	bge	x0,x13,80000644	  x0:0x00000000 x13:0x00000000
       26725000	      2671	00000000	00000013	addi	x0,x0,0	  x0:0x00000000
       26735000	      2672	80000640	00000013	addi	x0,x0,0	  x0:0x00000000
       26745000	      2673	80000644	6f73db17	auipc	x22,0x6f73d	 x22=0xef73d640
       26755000	      2674	80000648	00236633	or	x12,x6,x2	  x6:0x1eeb759c  x2:0x6a456410 x12=0x7eef759c
       26765000	      2675	8000064c	01f871b3	and	x3,x16,x31	 x16:0x00000000 x31:0x6a456574  x3=0x00000000
       26775000	      2676	80000650	018ecc33	xor	x24,x29,x24	 x29:0x200db5b0 x24:0x00000000 x24=0x200db5b0
       26785000	      2677	80000654	0151df93	srli	x31,x3,0x15	  x3:0x00000000 x31=0x00000000
       26795000	      2678	80000658	81e18317	auipc	x6,0x81e18	  x6=0x01e18654
       26805000	      2679	8000065c	0112b333	sltu	x6,x5,x17	  x5:0x80000378 x17:0xa46cd000  x6=0x00000001
       26815000	      2680	80000660	019adb93	srli	x23,x21,0x19	 x21:0x00000000 x23=0x00000000
       26825000	      2681	80000664	8bba3a13	sltiu	x20,x20,-1861	 x20:0x80009f84 x20=0x00000001
       26835000	      2682	80000668	00cb1ab3	sll	x21,x22,x12	 x22:0xef73d640 x12:0x7eef759c x21=0x00000000
       26845000	      2683	8000066c	72f40993	addi	x19,x8,1839	  x8:0x80000228 x19=0x80000957
       26855000	      2684	80000670	00f0de13	srli	x28,x1,0xf	  x1:0xec000000 x28=0x0001d800
       26865000	      2685	80000674	416384b3	sub	x9,x7,x22	  x7:0xc00003be x22:0xef73d640  x9=0xd08c2d7e
       26875000	      2686	80000678	007c9993	slli	x19,x25,0x7	 x25:0x00009808 x19=0x004c0400
       26885000	      2687	8000067c	033aea63	bltu	x21,x19,800006b0	 x21:0x00000000 x19:0x004c0400
       26895000	      2688	00000000	00000013	addi	x0,x0,0	  x0:0x00000000
       26905000	      2689	800006ac	00000013	addi	x0,x0,0	  x0:0x00000000
       26915000	      2690	800006b0	015f8863	beq	x31,x21,800006c0	 x31:0x00000000 x21:0x00000000
       26925000	      2691	00000000	00000013	addi	x0,x0,0	  x0:0x00000000
       26935000	      2692	800006bc	00000013	addi	x0,x0,0	  x0:0x00000000
       26945000	      2693	800006c0	045bd063	bge	x23,x5,80000700	 x23:0x00000000  x5:0x80000378
       26955000	      2694	00000000	00000013	addi	x0,x0,0	  x0:0x00000000
       26965000	      2695	800006fc	00000013	addi	x0,x0,0	  x0:0x00000000
       26975000	      2696	80000700	6487a613	slti	x12,x15,1608	 x15:0x80000000 x12=0x00000001
       26985000	      2697	80000704	0015b033	sltu	x0,x11,x1	 x11:0x80000100  x1:0xec000000
       26995000	      2698	80000708	01f5ed33	or	x26,x11,x31	 x11:0x80000100 x31:0x00000000 x26=0x80000100
       27005000	      2699	8000070c	03f46a63	bltu	x8,x31,80000740	  x8:0x80000228 x31:0x00000000
       27015000	      2700	80000710	00000013	addi	x0,x0,0	  x0:0x00000000
       27025000	      2701	80000714	40ac5093	srai	x1,x24,0xa	 x24:0x200db5b0  x1=0x0008036d
       27035000	      2702	80000718	4189d433	sra	x8,x19,x24	 x19:0x004c0400 x24:0x200db5b0  x8=0x0000004c
       27045000	      2703	8000071c	002b1633	sll	x12,x22,x2	 x22:0xef73d640  x2:0x6a456410 x12=0xd6400000
       27055000	      2704	80000720	52bea493	slti	x9,x29,1323	 x29:0x200db5b0  x9=0x00000000
       27065000	      2705	80000724	f28a8613	addi	x12,x21,-216	 x21:0x00000000 x12=0xffffff28
       27075000	      2706	80000728	001ed263	bge	x29,x1,8000072c	 x29:0x200db5b0  x1:0x0008036d
       27085000	      2707	00000000	00000013	addi	x0,x0,0	  x0:0x00000000
       27095000	      2708	80000728	00000013	addi	x0,x0,0	  x0:0x00000000
       27105000	      2709	8000072c	03890c63	beq	x18,x24,80000764	 x18:0x8000036c x24:0x200db5b0
       27115000	      2710	80000730	04330263	beq	x6,x3,80000774	  x6:0x00000001  x3:0x00000000
       27125000	      2711	80000734	00a91133	sll	x2,x18,x10	 x18:0x8000036c x10:0x00000000  x2=0x8000036c
       27135000	      2712	80000738	00000013	addi	x0,x0,0	  x0:0x00000000
       27145000	      2713	8000073c	40c2d1b3	sra	x3,x5,x12	  x5:0x80000378 x12:0xffffff28  x3=0xff800003
       27155000	      2714	80000740	6377c493	xori	x9,x15,1591	 x15:0x80000000  x9=0x80000637
       27165000	      2715	80000744	01169e33	sll	x28,x13,x17	 x13:0x00000000 x17:0xa46cd000 x28=0x00000000
       27175000	      2716	80000748	4163dd33	sra	x26,x7,x22	  x7:0xc00003be x22:0xef73d640 x26=0xc00003be
       27185000	      2717	8000074c	04907263	bgeu	x0,x9,80000790	  x0:0x00000000  x9:0x80000637
       27195000	      2718	80000750	89e34193	xori	x3,x6,-1890	  x6:0x00000001  x3=0xfffff89f
       27205000	      2719	80000754	03ae8063	beq	x29,x26,80000774	 x29:0x200db5b0 x26:0xc00003be
       27215000	      2720	80000758	bac9ea93	ori	x21,x19,-1108	 x19:0x004c0400 x21=0xffffffac
       27225000	      2721	8000075c	407bd4b3	sra	x9,x23,x7	 x23:0x00000000  x7:0xc00003be  x9=0x00000000
       27235000	      2722	80000760	e49b0413	addi	x8,x22,-439	 x22:0xef73d640  x8=0xef73d489
       27245000	      2723	80000764	01a62133	slt	x2,x12,x26	 x12:0xffffff28 x26:0xc00003be  x2=0x00000000
       27255000	      2724	80000768	412780b3	sub	x1,x15,x18	 x15:0x80000000 x18:0x8000036c  x1=0xfffffc94
       27265000	      2725	8000076c	4830ed13	ori	x26,x1,1155	  x1:0xfffffc94 x26=0xfffffc97
       27275000	      2726	80000770	9db97013	andi	x0,x18,-1573	 x18:0x8000036c
       27285000	      2727	80000774	00000013	addi	x0,x0,0	  x0:0x00000000
       27295000	      2728	80000778	04448063	beq	x9,x4,800007b8	  x9:0x00000000  x4:0x80000378
       27305000	      2729	8000077c	41525433	sra	x8,x4,x21	  x4:0x80000378 x21:0xffffffac  x8=0xfff80000
       27315000	      2730	80000780	40508a33	sub	x20,x1,x5	  x1:0xfffffc94  x5:0x80000378 x20=0x7ffff91c
       27325000	      2731	80000784	05ddf063	bgeu	x27,x29,800007c4	 x27:0x00000000 x29:0x200db5b0
       27335000	      2732	80000788	e6267393	andi	x7,x12,-414	 x12:0xffffff28  x7=0xfffffe20
       27345000	      2733	8000078c	00eb5c63	bge	x22,x14,800007a4	 x22:0xef73d640 x14:0x80009f84
       27355000	      2734	00000000	00000013	addi	x0,x0,0	  x0:0x00000000
       27365000	      2735	800007a0	00000013	addi	x0,x0,0	  x0:0x00000000
       27375000	      2736	800007a4	01dc43b3	xor	x7,x24,x29	 x24:0x200db5b0 x29:0x200db5b0  x7=0x00000000
       27385000	      2737	800007a8	1f8cf3b7	lui	x7,0x1f8cf	  x7=0x1f8cf000
       27395000	      2738	800007ac	05db8263	beq	x23,x29,800007f0	 x23:0x00000000 x29:0x200db5b0
       27405000	      2739	800007b0	417a0eb3	sub	x29,x20,x23	 x20:0x7ffff91c x23:0x00000000 x29=0x7ffff91c
       27415000	      2740	800007b4	008d1d13	slli	x26,x26,0x8	 x26:0xfffffc97 x26=0xfffc9700
       27425000	      2741	800007b8	01689a63	bne	x17,x22,800007cc	 x17:0xa46cd000 x22:0xef73d640
       27435000	      2742	00000000	00000013	addi	x0,x0,0	  x0:0x00000000
       27445000	      2743	800007c8	00000013	addi	x0,x0,0	  x0:0x00000000
       27455000	      2744	800007cc	01f99593	slli	x11,x19,0x1f	 x19:0x004c0400 x11=0x00000000
       27465000	      2745	800007d0	00000013	addi	x0,x0,0	  x0:0x00000000
       27475000	      2746	800007d4	03d2fa63	bgeu	x5,x29,80000808	  x5:0x80000378 x29:0x7ffff91c
       27485000	      2747	00000000	00000013	addi	x0,x0,0	  x0:0x00000000
       27495000	      2748	80000804	00000013	addi	x0,x0,0	  x0:0x00000000
       27505000	      2749	80000808	014e2c33	slt	x24,x28,x20	 x28:0x00000000 x20:0x7ffff91c x24=0x00000001
       27515000	      2750	8000080c	404c5993	srai	x19,x24,0x4	 x24:0x00000001 x19=0x00000000
       27525000	      2751	80000810	68d3a293	slti	x5,x7,1677	  x7:0x1f8cf000  x5=0x00000000
       27535000	      2752	80000814	01a1d493	srli	x9,x3,0x1a	  x3:0xfffff89f  x9=0x0000003f
       27545000	      2753	80000818	5652b393	sltiu	x7,x5,1381	  x5:0x00000000  x7=0x00000001
       27555000	      2754	8000081c	001610b3	sll	x1,x12,x1	 x12:0xffffff28  x1:0xfffffc94  x1=0xf2800000
       27565000	      2755	80000820	002f3633	sltu	x12,x30,x2	 x30:0x80009fc4  x2:0x00000000 x12=0x00000000
       27575000	      2756	80000824	cd1de113	ori	x2,x27,-815	 x27:0x00000000  x2=0xfffffcd1
       27585000	      2757	80000828	02fb1c63	bne	x22,x15,80000860	 x22:0xef73d640 x15:0x80000000
       27595000	      2758	00000000	00000013	addi	x0,x0,0	  x0:0x00000000
       27605000	      2759	8000085c	00000013	addi	x0,x0,0	  x0:0x00000000
       27615000	      2760	80000860	61a9e3b7	lui	x7,0x61a9e	  x7=0x61a9e000
       27625000	      2761	80000864	bf823493	sltiu	x9,x4,-1032	  x4:0x80000378  x9=0x00000001
       27635000	      2762	80000868	00b074b3	and	x9,x0,x11	  x0:0x00000000 x11:0x00000000  x9=0x00000000
       27645000	      2763	8000086c	022cf463	bgeu	x25,x2,80000894	 x25:0x00009808  x2:0xfffffcd1
       27655000	      2764	80000870	0111b133	sltu	x2,x3,x17	  x3:0xfffff89f x17:0xa46cd000  x2=0x00000000
       27665000	      2765	80000874	b53c3617	auipc	x12,0xb53c3	 x12=0x353c3870
       27675000	      2766	80000878	c5d67613	andi	x12,x12,-931	 x12:0x353c3870 x12=0x353c3850
       27685000	      2767	8000087c	00deed33	or	x26,x29,x13	 x29:0x7ffff91c x13:0x00000000 x26=0x7ffff91c
       27695000	      2768	80000880	8adfbb97	auipc	x23,0x8adfb	 x23=0x0adfb87c
       27705000	      2769	80000884	02a61663	bne	x12,x10,800008b0	 x12:0x353c3850 x10:0x00000000
       27715000	      2770	00000000	00000013	addi	x0,x0,0	  x0:0x00000000
       27725000	      2771	800008ac	00000013	addi	x0,x0,0	  x0:0x00000000
       27735000	      2772	800008b0	015e94b3	sll	x9,x29,x21	 x29:0x7ffff91c x21:0xffffffac  x9=0xff91c000
       27745000	      2773	800008b4	00e674b3	and	x9,x12,x14	 x12:0x353c3850 x14:0x80009f84  x9=0x00001800
       27755000	      2774	800008b8	01888263	beq	x17,x24,800008bc	 x17:0xa46cd000 x24:0x00000001
       27765000	      2775	800008bc	01a20c33	add	x24,x4,x26	  x4:0x80000378 x26:0x7ffff91c x24=0xfffffc94
       27775000	      2776	800008c0	01d068b3	or	x17,x0,x29	  x0:0x00000000 x29:0x7ffff91c x17=0x7ffff91c
       27785000	      2777	800008c4	0077e533	or	x10,x15,x7	 x15:0x80000000  x7:0x61a9e000 x10=0xe1a9e000
       27795000	      2778	800008c8	05260063	beq	x12,x18,80000908	 x12:0x353c3850 x18:0x8000036c
       27805000	      2779	800008cc	914e6f93	ori	x31,x28,-1772	 x28:0x00000000 x31=0xfffff914
       27815000	      2780	800008d0	0036fc63	bgeu	x13,x3,800008e8	 x13:0x00000000  x3:0xfffff89f
       27825000	      2781	800008d4	024cd663	bge	x25,x4,80000900	 x25:0x00009808  x4:0x80000378
       27835000	      2782	00000000	00000013	addi	x0,x0,0	  x0:0x00000000
       27845000	      2783	800008fc	00000013	addi	x0,x0,0	  x0:0x00000000
       27855000	      2784	80000900	41eba937	lui	x18,0x41eba	 x18=0x41eba000
       27865000	      2785	80000904	0109e863	bltu	x19,x16,80000914	 x19:0x00000000 x16:0x00000000
       27875000	      2786	80000908	5e183313	sltiu	x6,x16,1505	 x16:0x00000000  x6=0x00000001
       27885000	      2787	8000090c	05224e63	blt	x4,x18,80000968	  x4:0x80000378 x18:0x41eba000
       27895000	      2788	00000000	00000013	addi	x0,x0,0	  x0:0x00000000
       27905000	      2789	80000964	00000013	addi	x0,x0,0	  x0:0x00000000
       27915000	      2790	80000968	1f6fc513	xori	x10,x31,502	 x31:0xfffff914 x10=0xfffff8e2
       27925000	      2791	8000096c	00fb3833	sltu	x16,x22,x15	 x22:0xef73d640 x15:0x80000000 x16=0x00000000
       27935000	      2792	80000970	00abbfb3	sltu	x31,x23,x10	 x23:0x0adfb87c x10:0xfffff8e2 x31=0x00000001
       27945000	      2793	80000974	40d25eb3	sra	x29,x4,x13	  x4:0x80000378 x13:0x00000000 x29=0x80000378
       27955000	      2794	80000978	011bd9b3	srl	x19,x23,x17	 x23:0x0adfb87c x17:0x7ffff91c x19=0x00000000
       27965000	      2795	8000097c	01a31613	slli	x12,x6,0x1a	  x6:0x00000001 x12=0x04000000
       27975000	      2796	80000980	04984263	blt	x16,x9,800009c4	 x16:0x00000000  x9:0x00001800
       27985000	      2797	00000000	00000013	addi	x0,x0,0	  x0:0x00000000
       27995000	      2798	800009c0	00000013	addi	x0,x0,0	  x0:0x00000000
       28005000	      2799	800009c4	012de0b3	or	x1,x27,x18	 x27:0x00000000 x18:0x41eba000  x1=0x41eba000
       28015000	      2800	800009c8	41665c93	srai	x25,x12,0x16	 x12:0x04000000 x25=0x00000010
       28025000	      2801	800009cc	a4237db7	lui	x27,0xa4237	 x27=0xa4237000
       28035000	      2802	800009d0	d58de993	ori	x19,x27,-680	 x27:0xa4237000 x19=0xfffffd58
       28045000	      2803	800009d4	027a1e63	bne	x20,x7,80000a10	 x20:0x7ffff91c  x7:0x61a9e000
       28055000	      2804	00000000	00000013	addi	x0,x0,0	  x0:0x00000000
       28065000	      2805	80000a0c	00000013	addi	x0,x0,0	  x0:0x00000000
       28075000	      2806	80000a10	40f181b3	sub	x3,x3,x15	  x3:0xfffff89f x15:0x80000000  x3=0x7ffff89f
       28085000	      2807	80000a14	00000797	auipc	x15,0x0	 x15=0x80000a10
       28095000	      2808	80000a18	00c78793	addi	x15,x15,12	 x15:0x80000a10 x15=0x80000a1c
       28105000	      2809	80000a1c	00078067	jalr	x0,x15,0	 x15:0x80000a1c
       28115000	      2810	00000000	00000013	addi	x0,x0,0	  x0:0x00000000
       28125000	      2811	80000a1c	00000013	addi	x0,x0,0	  x0:0x00000000
       28135000	      2812	80000a20	00100193	addi	x3,x0,1	  x0:0x00000000  x3=0x00000001
       28145000	      2813	80000a24	00000073	ecall	
       28155000	      2814	80000a28	012b1293	slli	x5,x22,0x12	 x22:0xef73d640  x5=0x59000000
