		Time			Cycle	PC		Insn	Decoded instruction	Register and memory contents
          65000	         5	80000004	00000293	addi	x5,x0,0	  x0:0x00000000  x5=0x00000000
          75000	         6	80000008	00000313	addi	x6,x0,0	  x0:0x00000000  x6=0x00000000
          85000	         7	8000000c	00628263	beq	x5,x6,80000010	  x5:0x00000000  x6:0x00000000
          95000	         8	00000000	00000013	addi	x0,x0,0	  x0:0x00000000
         105000	         9	8000000c	00000013	addi	x0,x0,0	  x0:0x00000000
         115000	        10	80000010	00000c97	auipc	x25,0x0	 x25=0x8000000c
         125000	        11	80000014	00cc8c93	addi	x25,x25,12	 x25:0x8000000c x25=0x80000018
         135000	        12	80000018	000c8067	jalr	x0,x25,0	 x25:0x80000018
         145000	        13	00000000	00000013	addi	x0,x0,0	  x0:0x00000000
         155000	        14	80000018	00000013	addi	x0,x0,0	  x0:0x00000000
         165000	        15	8000001c	400005b7	lui	x11,0x40000	 x11=0x40000000
         175000	        16	80000020	10058593	addi	x11,x11,256	 x11:0x40000000 x11=0x40000100
         185000	        17	80000024	00000013	addi	x0,x0,0	  x0:0x00000000
         195000	        18	80000028	0000a697	auipc	x13,0xa	 x13=0x8000a024
         205000	        19	8000002c	fa068693	addi	x13,x13,-96	 x13:0x8000a024 x13=0x80009fc4
         215000	        20	80000030	00004597	auipc	x11,0x4	 x11=0x8000402c
         225000	        21	80000034	50058593	addi	x11,x11,1280	 x11:0x8000402c x11=0x8000452c
         235000	        22	80000038	0005e593	ori	x11,x11,0	 x11:0x8000452c x11=0x8000452c
         245000	        23	8000003c	00000013	addi	x0,x0,0	  x0:0x00000000
         255000	        24	80000040	00000597	auipc	x11,0x0	 x11=0x8000003c
         265000	        25	80000044	02058593	addi	x11,x11,32	 x11:0x8000003c x11=0x8000005c
         275000	        26	80000048	00000013	addi	x0,x0,0	  x0:0x00000000
         285000	        27	8000004c	00000013	addi	x0,x0,0	  x0:0x00000000
         295000	        28	80000050	000025b7	lui	x11,0x2	 x11=0x00002000
         305000	        29	80000054	80058593	addi	x11,x11,-2048	 x11:0x00002000 x11=0x00001800
         315000	        30	80000058	00000013	addi	x0,x0,0	  x0:0x00000000
         325000	        31	8000005c	00000013	addi	x0,x0,0	  x0:0x00000000
         335000	        32	80000060	00000013	addi	x0,x0,0	  x0:0x00000000
         345000	        33	80000064	00700093	addi	x1,x0,7	  x0:0x00000000  x1=0x00000007
         355000	        34	80000068	f6859137	lui	x2,0xf6859	  x2=0xf6859000
         365000	        35	8000006c	4fd10113	addi	x2,x2,1277	  x2:0xf6859000  x2=0xf68594fd
         375000	        36	80000070	800001b7	lui	x3,0x80000	  x3=0x80000000
         385000	        37	80000074	112d4237	lui	x4,0x112d4	  x4=0x112d4000
         395000	        38	80000078	15820213	addi	x4,x4,344	  x4:0x112d4000  x4=0x112d4158
         405000	        39	8000007c	00000293	addi	x5,x0,0	  x0:0x00000000  x5=0x00000000
         415000	        40	80000080	80000337	lui	x6,0x80000	  x6=0x80000000
         425000	        41	80000084	00000393	addi	x7,x0,0	  x0:0x00000000  x7=0x00000000
         435000	        42	80000088	00700413	addi	x8,x0,7	  x0:0x00000000  x8=0x00000007
         445000	        43	8000008c	ff9584b7	lui	x9,0xff958	  x9=0xff958000
         455000	        44	80000090	f6a48493	addi	x9,x9,-150	  x9:0xff958000  x9=0xff957f6a
         465000	        45	80000094	00000513	addi	x10,x0,0	  x0:0x00000000 x10=0x00000000
         475000	        46	80000098	800005b7	lui	x11,0x80000	 x11=0x80000000
         485000	        47	8000009c	00400613	addi	x12,x0,4	  x0:0x00000000 x12=0x00000004
         495000	        48	800000a0	80000737	lui	x14,0x80000	 x14=0x80000000
         505000	        49	800000a4	00000793	addi	x15,x0,0	  x0:0x00000000 x15=0x00000000
         515000	        50	800000a8	00800813	addi	x16,x0,8	  x0:0x00000000 x16=0x00000008
         525000	        51	800000ac	fc6818b7	lui	x17,0xfc681	 x17=0xfc681000
         535000	        52	800000b0	e0388893	addi	x17,x17,-509	 x17:0xfc681000 x17=0xfc680e03
         545000	        53	800000b4	00d00913	addi	x18,x0,13	  x0:0x00000000 x18=0x0000000d
         555000	        54	800000b8	800009b7	lui	x19,0x80000	 x19=0x80000000
         565000	        55	800000bc	f4807a37	lui	x20,0xf4807	 x20=0xf4807000
         575000	        56	800000c0	f9ca0a13	addi	x20,x20,-100	 x20:0xf4807000 x20=0xf4806f9c
         585000	        57	800000c4	80000ab7	lui	x21,0x80000	 x21=0x80000000
         595000	        58	800000c8	00900b13	addi	x22,x0,9	  x0:0x00000000 x22=0x00000009
         605000	        59	800000cc	00700b93	addi	x23,x0,7	  x0:0x00000000 x23=0x00000007
         615000	        60	800000d0	ed276c37	lui	x24,0xed276	 x24=0xed276000
         625000	        61	800000d4	1e4c0c13	addi	x24,x24,484	 x24:0xed276000 x24=0xed2761e4
         635000	        62	800000d8	80000cb7	lui	x25,0x80000	 x25=0x80000000
         645000	        63	800000dc	80000d37	lui	x26,0x80000	 x26=0x80000000
         655000	        64	800000e0	00000e13	addi	x28,x0,0	  x0:0x00000000 x28=0x00000000
         665000	        65	800000e4	00c00e93	addi	x29,x0,12	  x0:0x00000000 x29=0x0000000c
         675000	        66	800000e8	80000f37	lui	x30,0x80000	 x30=0x80000000
         685000	        67	800000ec	00e00f93	addi	x31,x0,14	  x0:0x00000000 x31=0x0000000e
         695000	        68	800000f0	0000ad97	auipc	x27,0xa	 x27=0x8000a0ec
         705000	        69	800000f4	e98d8d93	addi	x27,x27,-360	 x27:0x8000a0ec x27=0x80009f84
         715000	        70	800000f8	0600036f	jal	x6,800000f8	  x6=0x800000f8
         725000	        71	00000000	00000013	addi	x0,x0,0	  x0:0x00000000
         735000	        72	80000154	00000013	addi	x0,x0,0	  x0:0x00000000
         745000	        73	80000158	ffdff36f	jal	x6,80000158	  x6=0x80000158
         755000	        74	00000000	00000013	addi	x0,x0,0	  x0:0x00000000
         765000	        75	80000150	00000013	addi	x0,x0,0	  x0:0x00000000
         775000	        76	80000154	fe1ff0ef	jal	x1,80000154	  x1=0x80000154
         785000	        77	00000000	00000013	addi	x0,x0,0	  x0:0x00000000
         795000	        78	80000130	00000013	addi	x0,x0,0	  x0:0x00000000
         805000	        79	80000134	fe5ff36f	jal	x6,80000134	  x6=0x80000134
         815000	        80	00000000	00000013	addi	x0,x0,0	  x0:0x00000000
         825000	        81	80000114	00000013	addi	x0,x0,0	  x0:0x00000000
         835000	        82	80000118	0100036f	jal	x6,80000118	  x6=0x80000118
         845000	        83	00000000	00000013	addi	x0,x0,0	  x0:0x00000000
         855000	        84	80000124	00000013	addi	x0,x0,0	  x0:0x00000000
         865000	        85	80000128	ff5ff0ef	jal	x1,80000128	  x1=0x80000128
         875000	        86	00000000	00000013	addi	x0,x0,0	  x0:0x00000000
         885000	        87	80000118	00000013	addi	x0,x0,0	  x0:0x00000000
         895000	        88	8000011c	028000ef	jal	x1,8000011c	  x1=0x8000011c
         905000	        89	00000000	00000013	addi	x0,x0,0	  x0:0x00000000
         915000	        90	80000140	00000013	addi	x0,x0,0	  x0:0x00000000
         925000	        91	80000144	0080086f	jal	x16,80000144	 x16=0x80000144
         935000	        92	00000000	00000013	addi	x0,x0,0	  x0:0x00000000
         945000	        93	80000148	00000013	addi	x0,x0,0	  x0:0x00000000
         955000	        94	8000014c	fe5ff26f	jal	x4,8000014c	  x4=0x8000014c
         965000	        95	00000000	00000013	addi	x0,x0,0	  x0:0x00000000
         975000	        96	8000012c	00000013	addi	x0,x0,0	  x0:0x00000000
         985000	        97	80000130	fd1ffd6f	jal	x26,80000130	 x26=0x80000130
         995000	        98	00000000	00000013	addi	x0,x0,0	  x0:0x00000000
        1005000	        99	800000fc	00000013	addi	x0,x0,0	  x0:0x00000000
        1015000	       100	80000100	0200026f	jal	x4,80000100	  x4=0x80000100
        1025000	       101	00000000	00000013	addi	x0,x0,0	  x0:0x00000000
        1035000	       102	8000011c	00000013	addi	x0,x0,0	  x0:0x00000000
        1045000	       103	80000120	03000e6f	jal	x28,80000120	 x28=0x80000120
        1055000	       104	00000000	00000013	addi	x0,x0,0	  x0:0x00000000
        1065000	       105	8000014c	00000013	addi	x0,x0,0	  x0:0x00000000
        1075000	       106	80000150	fadff3ef	jal	x7,80000150	  x7=0x80000150
        1085000	       107	00000000	00000013	addi	x0,x0,0	  x0:0x00000000
        1095000	       108	800000f8	00000013	addi	x0,x0,0	  x0:0x00000000
        1105000	       109	800000fc	008000ef	jal	x1,800000fc	  x1=0x800000fc
        1115000	       110	00000000	00000013	addi	x0,x0,0	  x0:0x00000000
        1125000	       111	80000100	00000013	addi	x0,x0,0	  x0:0x00000000
        1135000	       112	80000104	028000ef	jal	x1,80000104	  x1=0x80000104
        1145000	       113	00000000	00000013	addi	x0,x0,0	  x0:0x00000000
        1155000	       114	80000128	00000013	addi	x0,x0,0	  x0:0x00000000
        1165000	       115	8000012c	fe1ff0ef	jal	x1,8000012c	  x1=0x8000012c
        1175000	       116	00000000	00000013	addi	x0,x0,0	  x0:0x00000000
        1185000	       117	80000108	00000013	addi	x0,x0,0	  x0:0x00000000
        1195000	       118	8000010c	00800a6f	jal	x20,8000010c	 x20=0x8000010c
        1205000	       119	00000000	00000013	addi	x0,x0,0	  x0:0x00000000
        1215000	       120	80000110	00000013	addi	x0,x0,0	  x0:0x00000000
        1225000	       121	80000114	0340036f	jal	x6,80000114	  x6=0x80000114
        1235000	       122	00000000	00000013	addi	x0,x0,0	  x0:0x00000000
        1245000	       123	80000144	00000013	addi	x0,x0,0	  x0:0x00000000
        1255000	       124	80000148	fc1ff0ef	jal	x1,80000148	  x1=0x80000148
        1265000	       125	00000000	00000013	addi	x0,x0,0	  x0:0x00000000
        1275000	       126	80000104	00000013	addi	x0,x0,0	  x0:0x00000000
        1285000	       127	80000108	0300036f	jal	x6,80000108	  x6=0x80000108
        1295000	       128	00000000	00000013	addi	x0,x0,0	  x0:0x00000000
        1305000	       129	80000134	00000013	addi	x0,x0,0	  x0:0x00000000
        1315000	       130	80000138	fd9ff4ef	jal	x9,80000138	  x9=0x80000138
        1325000	       131	00000000	00000013	addi	x0,x0,0	  x0:0x00000000
        1335000	       132	8000010c	00000013	addi	x0,x0,0	  x0:0x00000000
        1345000	       133	80000110	02c001ef	jal	x3,80000110	  x3=0x80000110
        1355000	       134	00000000	00000013	addi	x0,x0,0	  x0:0x00000000
        1365000	       135	80000138	00000013	addi	x0,x0,0	  x0:0x00000000
        1375000	       136	8000013c	fe9ff0ef	jal	x1,8000013c	  x1=0x8000013c
        1385000	       137	00000000	00000013	addi	x0,x0,0	  x0:0x00000000
        1395000	       138	80000120	00000013	addi	x0,x0,0	  x0:0x00000000
        1405000	       139	80000124	01c000ef	jal	x1,80000124	  x1=0x80000124
        1415000	       140	00000000	00000013	addi	x0,x0,0	  x0:0x00000000
        1425000	       141	8000013c	00000013	addi	x0,x0,0	  x0:0x00000000
        1435000	       142	80000140	01c0036f	jal	x6,80000140	  x6=0x80000140
        1445000	       143	00000000	00000013	addi	x0,x0,0	  x0:0x00000000
        1455000	       144	80000158	00000013	addi	x0,x0,0	  x0:0x00000000
        1465000	       145	8000015c	41285213	srai	x4,x16,0x12	 x16:0x80000144  x4=0xffffe000
        1475000	       146	80000160	00c0036f	jal	x6,80000160	  x6=0x80000160
        1485000	       147	00000000	00000013	addi	x0,x0,0	  x0:0x00000000
        1495000	       148	80000168	00000013	addi	x0,x0,0	  x0:0x00000000
        1505000	       149	8000016c	018000ef	jal	x1,8000016c	  x1=0x8000016c
        1515000	       150	00000000	00000013	addi	x0,x0,0	  x0:0x00000000
        1525000	       151	80000180	00000013	addi	x0,x0,0	  x0:0x00000000
        1535000	       152	80000184	fe1ff0ef	jal	x1,80000184	  x1=0x80000184
        1545000	       153	00000000	00000013	addi	x0,x0,0	  x0:0x00000000
        1555000	       154	80000160	00000013	addi	x0,x0,0	  x0:0x00000000
        1565000	       155	80000164	004000ef	jal	x1,80000164	  x1=0x80000164
        1575000	       156	00000000	00000013	addi	x0,x0,0	  x0:0x00000000
        1585000	       157	80000164	00000013	addi	x0,x0,0	  x0:0x00000000
        1595000	       158	80000168	00c003ef	jal	x7,80000168	  x7=0x80000168
        1605000	       159	00000000	00000013	addi	x0,x0,0	  x0:0x00000000
        1615000	       160	80000170	00000013	addi	x0,x0,0	  x0:0x00000000
        1625000	       161	80000174	004000ef	jal	x1,80000174	  x1=0x80000174
        1635000	       162	00000000	00000013	addi	x0,x0,0	  x0:0x00000000
        1645000	       163	80000174	00000013	addi	x0,x0,0	  x0:0x00000000
        1655000	       164	80000178	010000ef	jal	x1,80000178	  x1=0x80000178
        1665000	       165	00000000	00000013	addi	x0,x0,0	  x0:0x00000000
        1675000	       166	80000184	00000013	addi	x0,x0,0	  x0:0x00000000
        1685000	       167	80000188	fe9ff36f	jal	x6,80000188	  x6=0x80000188
        1695000	       168	00000000	00000013	addi	x0,x0,0	  x0:0x00000000
        1705000	       169	8000016c	00000013	addi	x0,x0,0	  x0:0x00000000
        1715000	       170	80000170	0100036f	jal	x6,80000170	  x6=0x80000170
        1725000	       171	00000000	00000013	addi	x0,x0,0	  x0:0x00000000
        1735000	       172	8000017c	00000013	addi	x0,x0,0	  x0:0x00000000
        1745000	       173	80000180	ffdff36f	jal	x6,80000180	  x6=0x80000180
        1755000	       174	00000000	00000013	addi	x0,x0,0	  x0:0x00000000
        1765000	       175	80000178	00000013	addi	x0,x0,0	  x0:0x00000000
        1775000	       176	8000017c	01000eef	jal	x29,8000017c	 x29=0x8000017c
        1785000	       177	00000000	00000013	addi	x0,x0,0	  x0:0x00000000
        1795000	       178	80000188	00000013	addi	x0,x0,0	  x0:0x00000000
        1805000	       179	8000018c	9bc71a17	auipc	x20,0x9bc71	 x20=0x1bc71188
        1815000	       180	80000190	01c0036f	jal	x6,80000190	  x6=0x80000190
        1825000	       181	00000000	00000013	addi	x0,x0,0	  x0:0x00000000
        1835000	       182	800001a8	00000013	addi	x0,x0,0	  x0:0x00000000
        1845000	       183	800001ac	02c00c6f	jal	x24,800001ac	 x24=0x800001ac
        1855000	       184	00000000	00000013	addi	x0,x0,0	  x0:0x00000000
        1865000	       185	800001d4	00000013	addi	x0,x0,0	  x0:0x00000000
        1875000	       186	800001d8	fc9fffef	jal	x31,800001d8	 x31=0x800001d8
        1885000	       187	00000000	00000013	addi	x0,x0,0	  x0:0x00000000
        1895000	       188	8000019c	00000013	addi	x0,x0,0	  x0:0x00000000
        1905000	       189	800001a0	018000ef	jal	x1,800001a0	  x1=0x800001a0
        1915000	       190	00000000	00000013	addi	x0,x0,0	  x0:0x00000000
        1925000	       191	800001b4	00000013	addi	x0,x0,0	  x0:0x00000000
        1935000	       192	800001b8	018002ef	jal	x5,800001b8	  x5=0x800001b8
        1945000	       193	00000000	00000013	addi	x0,x0,0	  x0:0x00000000
        1955000	       194	800001cc	00000013	addi	x0,x0,0	  x0:0x00000000
        1965000	       195	800001d0	fe1ff0ef	jal	x1,800001d0	  x1=0x800001d0
        1975000	       196	00000000	00000013	addi	x0,x0,0	  x0:0x00000000
        1985000	       197	800001ac	00000013	addi	x0,x0,0	  x0:0x00000000
        1995000	       198	800001b0	024000ef	jal	x1,800001b0	  x1=0x800001b0
        2005000	       199	00000000	00000013	addi	x0,x0,0	  x0:0x00000000
        2015000	       200	800001d0	00000013	addi	x0,x0,0	  x0:0x00000000
        2025000	       201	800001d4	fd5ff26f	jal	x4,800001d4	  x4=0x800001d4
        2035000	       202	00000000	00000013	addi	x0,x0,0	  x0:0x00000000
        2045000	       203	800001a4	00000013	addi	x0,x0,0	  x0:0x00000000
        2055000	       204	800001a8	024000ef	jal	x1,800001a8	  x1=0x800001a8
        2065000	       205	00000000	00000013	addi	x0,x0,0	  x0:0x00000000
        2075000	       206	800001c8	00000013	addi	x0,x0,0	  x0:0x00000000
        2085000	       207	800001cc	ffdffb6f	jal	x22,800001cc	 x22=0x800001cc
        2095000	       208	00000000	00000013	addi	x0,x0,0	  x0:0x00000000
        2105000	       209	800001c4	00000013	addi	x0,x0,0	  x0:0x00000000
        2115000	       210	800001c8	014000ef	jal	x1,800001c8	  x1=0x800001c8
        2125000	       211	00000000	00000013	addi	x0,x0,0	  x0:0x00000000
        2135000	       212	800001d8	00000013	addi	x0,x0,0	  x0:0x00000000
        2145000	       213	800001dc	fe5ff0ef	jal	x1,800001dc	  x1=0x800001dc
        2155000	       214	00000000	00000013	addi	x0,x0,0	  x0:0x00000000
        2165000	       215	800001bc	00000013	addi	x0,x0,0	  x0:0x00000000
        2175000	       216	800001c0	fd5ff0ef	jal	x1,800001c0	  x1=0x800001c0
        2185000	       217	00000000	00000013	addi	x0,x0,0	  x0:0x00000000
        2195000	       218	80000190	00000013	addi	x0,x0,0	  x0:0x00000000
        2205000	       219	80000194	020000ef	jal	x1,80000194	  x1=0x80000194
        2215000	       220	00000000	00000013	addi	x0,x0,0	  x0:0x00000000
        2225000	       221	800001b0	00000013	addi	x0,x0,0	  x0:0x00000000
        2235000	       222	800001b4	fe5ff36f	jal	x6,800001b4	  x6=0x800001b4
        2245000	       223	00000000	00000013	addi	x0,x0,0	  x0:0x00000000
        2255000	       224	80000194	00000013	addi	x0,x0,0	  x0:0x00000000
        2265000	       225	80000198	02c0036f	jal	x6,80000198	  x6=0x80000198
        2275000	       226	00000000	00000013	addi	x0,x0,0	  x0:0x00000000
        2285000	       227	800001c0	00000013	addi	x0,x0,0	  x0:0x00000000
        2295000	       228	800001c4	fd9ff0ef	jal	x1,800001c4	  x1=0x800001c4
        2305000	       229	00000000	00000013	addi	x0,x0,0	  x0:0x00000000
        2315000	       230	80000198	00000013	addi	x0,x0,0	  x0:0x00000000
        2325000	       231	8000019c	020000ef	jal	x1,8000019c	  x1=0x8000019c
        2335000	       232	00000000	00000013	addi	x0,x0,0	  x0:0x00000000
        2345000	       233	800001b8	00000013	addi	x0,x0,0	  x0:0x00000000
        2355000	       234	800001bc	fe9ff0ef	jal	x1,800001bc	  x1=0x800001bc
        2365000	       235	00000000	00000013	addi	x0,x0,0	  x0:0x00000000
        2375000	       236	800001a0	00000013	addi	x0,x0,0	  x0:0x00000000
        2385000	       237	800001a4	03c00e6f	jal	x28,800001a4	 x28=0x800001a4
        2395000	       238	00000000	00000013	addi	x0,x0,0	  x0:0x00000000
        2405000	       239	800001dc	00000013	addi	x0,x0,0	  x0:0x00000000
        2415000	       240	800001e0	c2d62f13	slti	x30,x12,-979	 x12:0x00000004 x30=0x00000000
        2425000	       241	800001e4	0200036f	jal	x6,800001e4	  x6=0x800001e4
        2435000	       242	00000000	00000013	addi	x0,x0,0	  x0:0x00000000
        2445000	       243	80000200	00000013	addi	x0,x0,0	  x0:0x00000000
        2455000	       244	80000204	fedff36f	jal	x6,80000204	  x6=0x80000204
        2465000	       245	00000000	00000013	addi	x0,x0,0	  x0:0x00000000
        2475000	       246	800001ec	00000013	addi	x0,x0,0	  x0:0x00000000
        2485000	       247	800001f0	008000ef	jal	x1,800001f0	  x1=0x800001f0
        2495000	       248	00000000	00000013	addi	x0,x0,0	  x0:0x00000000
        2505000	       249	800001f4	00000013	addi	x0,x0,0	  x0:0x00000000
        2515000	       250	800001f8	004000ef	jal	x1,800001f8	  x1=0x800001f8
        2525000	       251	00000000	00000013	addi	x0,x0,0	  x0:0x00000000
        2535000	       252	800001f8	00000013	addi	x0,x0,0	  x0:0x00000000
        2545000	       253	800001fc	ff1ff36f	jal	x6,800001fc	  x6=0x800001fc
        2555000	       254	00000000	00000013	addi	x0,x0,0	  x0:0x00000000
        2565000	       255	800001e8	00000013	addi	x0,x0,0	  x0:0x00000000
        2575000	       256	800001ec	020001ef	jal	x3,800001ec	  x3=0x800001ec
        2585000	       257	00000000	00000013	addi	x0,x0,0	  x0:0x00000000
        2595000	       258	80000208	00000013	addi	x0,x0,0	  x0:0x00000000
        2605000	       259	8000020c	fe9ff0ef	jal	x1,8000020c	  x1=0x8000020c
        2615000	       260	00000000	00000013	addi	x0,x0,0	  x0:0x00000000
        2625000	       261	800001f0	00000013	addi	x0,x0,0	  x0:0x00000000
        2635000	       262	800001f4	0140036f	jal	x6,800001f4	  x6=0x800001f4
        2645000	       263	00000000	00000013	addi	x0,x0,0	  x0:0x00000000
        2655000	       264	80000204	00000013	addi	x0,x0,0	  x0:0x00000000
        2665000	       265	80000208	ff9ff0ef	jal	x1,80000208	  x1=0x80000208
        2675000	       266	00000000	00000013	addi	x0,x0,0	  x0:0x00000000
        2685000	       267	800001fc	00000013	addi	x0,x0,0	  x0:0x00000000
        2695000	       268	80000200	fe9ff0ef	jal	x1,80000200	  x1=0x80000200
        2705000	       269	00000000	00000013	addi	x0,x0,0	  x0:0x00000000
        2715000	       270	800001e4	00000013	addi	x0,x0,0	  x0:0x00000000
        2725000	       271	800001e8	028000ef	jal	x1,800001e8	  x1=0x800001e8
        2735000	       272	00000000	00000013	addi	x0,x0,0	  x0:0x00000000
        2745000	       273	8000020c	00000013	addi	x0,x0,0	  x0:0x00000000
        2755000	       274	80000210	004000ef	jal	x1,80000210	  x1=0x80000210
        2765000	       275	00000000	00000013	addi	x0,x0,0	  x0:0x00000000
        2775000	       276	80000210	00000013	addi	x0,x0,0	  x0:0x00000000
        2785000	       277	80000214	2ffba493	slti	x9,x23,767	 x23:0x00000007  x9=0x00000001
        2795000	       278	80000218	0100036f	jal	x6,80000218	  x6=0x80000218
        2805000	       279	00000000	00000013	addi	x0,x0,0	  x0:0x00000000
        2815000	       280	80000224	00000013	addi	x0,x0,0	  x0:0x00000000
        2825000	       281	80000228	02800d6f	jal	x26,80000228	 x26=0x80000228
        2835000	       282	00000000	00000013	addi	x0,x0,0	  x0:0x00000000
        2845000	       283	8000024c	00000013	addi	x0,x0,0	  x0:0x00000000
        2855000	       284	80000250	fe9ff0ef	jal	x1,80000250	  x1=0x80000250
        2865000	       285	00000000	00000013	addi	x0,x0,0	  x0:0x00000000
        2875000	       286	80000234	00000013	addi	x0,x0,0	  x0:0x00000000
        2885000	       287	80000238	0100036f	jal	x6,80000238	  x6=0x80000238
        2895000	       288	00000000	00000013	addi	x0,x0,0	  x0:0x00000000
        2905000	       289	80000244	00000013	addi	x0,x0,0	  x0:0x00000000
        2915000	       290	80000248	ff9ff0ef	jal	x1,80000248	  x1=0x80000248
        2925000	       291	00000000	00000013	addi	x0,x0,0	  x0:0x00000000
        2935000	       292	8000023c	00000013	addi	x0,x0,0	  x0:0x00000000
        2945000	       293	80000240	00c0066f	jal	x12,80000240	 x12=0x80000240
        2955000	       294	00000000	00000013	addi	x0,x0,0	  x0:0x00000000
        2965000	       295	80000248	00000013	addi	x0,x0,0	  x0:0x00000000
        2975000	       296	8000024c	ff1ff36f	jal	x6,8000024c	  x6=0x8000024c
        2985000	       297	00000000	00000013	addi	x0,x0,0	  x0:0x00000000
        2995000	       298	80000238	00000013	addi	x0,x0,0	  x0:0x00000000
        3005000	       299	8000023c	fe5ff0ef	jal	x1,8000023c	  x1=0x8000023c
        3015000	       300	00000000	00000013	addi	x0,x0,0	  x0:0x00000000
        3025000	       301	8000021c	00000013	addi	x0,x0,0	  x0:0x00000000
        3035000	       302	80000220	0040036f	jal	x6,80000220	  x6=0x80000220
        3045000	       303	00000000	00000013	addi	x0,x0,0	  x0:0x00000000
        3055000	       304	80000220	00000013	addi	x0,x0,0	  x0:0x00000000
        3065000	       305	80000224	010001ef	jal	x3,80000224	  x3=0x80000224
        3075000	       306	00000000	00000013	addi	x0,x0,0	  x0:0x00000000
        3085000	       307	80000230	00000013	addi	x0,x0,0	  x0:0x00000000
        3095000	       308	80000234	ff9ff36f	jal	x6,80000234	  x6=0x80000234
        3105000	       309	00000000	00000013	addi	x0,x0,0	  x0:0x00000000
        3115000	       310	80000228	00000013	addi	x0,x0,0	  x0:0x00000000
        3125000	       311	8000022c	004000ef	jal	x1,8000022c	  x1=0x8000022c
        3135000	       312	00000000	00000013	addi	x0,x0,0	  x0:0x00000000
        3145000	       313	8000022c	00000013	addi	x0,x0,0	  x0:0x00000000
        3155000	       314	80000230	fedff36f	jal	x6,80000230	  x6=0x80000230
        3165000	       315	00000000	00000013	addi	x0,x0,0	  x0:0x00000000
        3175000	       316	80000218	00000013	addi	x0,x0,0	  x0:0x00000000
        3185000	       317	8000021c	02800f6f	jal	x30,8000021c	 x30=0x8000021c
        3195000	       318	00000000	00000013	addi	x0,x0,0	  x0:0x00000000
        3205000	       319	80000240	00000013	addi	x0,x0,0	  x0:0x00000000
        3215000	       320	80000244	0100036f	jal	x6,80000244	  x6=0x80000244
        3225000	       321	00000000	00000013	addi	x0,x0,0	  x0:0x00000000
        3235000	       322	80000250	00000013	addi	x0,x0,0	  x0:0x00000000
        3245000	       323	80000254	01dd9513	slli	x10,x27,0x1d	 x27:0x80009f84 x10=0x80000000
        3255000	       324	80000258	0140036f	jal	x6,80000258	  x6=0x80000258
        3265000	       325	00000000	00000013	addi	x0,x0,0	  x0:0x00000000
        3275000	       326	80000268	00000013	addi	x0,x0,0	  x0:0x00000000
        3285000	       327	8000026c	03c0026f	jal	x4,8000026c	  x4=0x8000026c
        3295000	       328	00000000	00000013	addi	x0,x0,0	  x0:0x00000000
        3305000	       329	800002a4	00000013	addi	x0,x0,0	  x0:0x00000000
        3315000	       330	800002a8	fe1ffbef	jal	x23,800002a8	 x23=0x800002a8
        3325000	       331	00000000	00000013	addi	x0,x0,0	  x0:0x00000000
        3335000	       332	80000284	00000013	addi	x0,x0,0	  x0:0x00000000
        3345000	       333	80000288	ffdff36f	jal	x6,80000288	  x6=0x80000288
        3355000	       334	00000000	00000013	addi	x0,x0,0	  x0:0x00000000
        3365000	       335	80000280	00000013	addi	x0,x0,0	  x0:0x00000000
        3375000	       336	80000284	034002ef	jal	x5,80000284	  x5=0x80000284
        3385000	       337	00000000	00000013	addi	x0,x0,0	  x0:0x00000000
        3395000	       338	800002b4	00000013	addi	x0,x0,0	  x0:0x00000000
        3405000	       339	800002b8	fe1ffaef	jal	x21,800002b8	 x21=0x800002b8
        3415000	       340	00000000	00000013	addi	x0,x0,0	  x0:0x00000000
        3425000	       341	80000294	00000013	addi	x0,x0,0	  x0:0x00000000
        3435000	       342	80000298	fe9ff0ef	jal	x1,80000298	  x1=0x80000298
        3445000	       343	00000000	00000013	addi	x0,x0,0	  x0:0x00000000
        3455000	       344	8000027c	00000013	addi	x0,x0,0	  x0:0x00000000
        3465000	       345	80000280	fe5ff1ef	jal	x3,80000280	  x3=0x80000280
        3475000	       346	00000000	00000013	addi	x0,x0,0	  x0:0x00000000
        3485000	       347	80000260	00000013	addi	x0,x0,0	  x0:0x00000000
        3495000	       348	80000264	028000ef	jal	x1,80000264	  x1=0x80000264
        3505000	       349	00000000	00000013	addi	x0,x0,0	  x0:0x00000000
        3515000	       350	80000288	00000013	addi	x0,x0,0	  x0:0x00000000
        3525000	       351	8000028c	018002ef	jal	x5,8000028c	  x5=0x8000028c
        3535000	       352	00000000	00000013	addi	x0,x0,0	  x0:0x00000000
        3545000	       353	800002a0	00000013	addi	x0,x0,0	  x0:0x00000000
        3555000	       354	800002a4	fb9ff0ef	jal	x1,800002a4	  x1=0x800002a4
        3565000	       355	00000000	00000013	addi	x0,x0,0	  x0:0x00000000
        3575000	       356	80000258	00000013	addi	x0,x0,0	  x0:0x00000000
        3585000	       357	8000025c	0600036f	jal	x6,8000025c	  x6=0x8000025c
        3595000	       358	00000000	00000013	addi	x0,x0,0	  x0:0x00000000
        3605000	       359	800002b8	00000013	addi	x0,x0,0	  x0:0x00000000
        3615000	       360	800002bc	004009ef	jal	x19,800002bc	 x19=0x800002bc
        3625000	       361	00000000	00000013	addi	x0,x0,0	  x0:0x00000000
        3635000	       362	800002bc	00000013	addi	x0,x0,0	  x0:0x00000000
        3645000	       363	800002c0	fbdff0ef	jal	x1,800002c0	  x1=0x800002c0
        3655000	       364	00000000	00000013	addi	x0,x0,0	  x0:0x00000000
        3665000	       365	80000278	00000013	addi	x0,x0,0	  x0:0x00000000
        3675000	       366	8000027c	0140036f	jal	x6,8000027c	  x6=0x8000027c
        3685000	       367	00000000	00000013	addi	x0,x0,0	  x0:0x00000000
        3695000	       368	8000028c	00000013	addi	x0,x0,0	  x0:0x00000000
        3705000	       369	80000290	010000ef	jal	x1,80000290	  x1=0x80000290
        3715000	       370	00000000	00000013	addi	x0,x0,0	  x0:0x00000000
        3725000	       371	8000029c	00000013	addi	x0,x0,0	  x0:0x00000000
        3735000	       372	800002a0	ff5ff36f	jal	x6,800002a0	  x6=0x800002a0
        3745000	       373	00000000	00000013	addi	x0,x0,0	  x0:0x00000000
        3755000	       374	80000290	00000013	addi	x0,x0,0	  x0:0x00000000
        3765000	       375	80000294	0080036f	jal	x6,80000294	  x6=0x80000294
        3775000	       376	00000000	00000013	addi	x0,x0,0	  x0:0x00000000
        3785000	       377	80000298	00000013	addi	x0,x0,0	  x0:0x00000000
        3795000	       378	8000029c	030000ef	jal	x1,8000029c	  x1=0x8000029c
        3805000	       379	00000000	00000013	addi	x0,x0,0	  x0:0x00000000
        3815000	       380	800002c8	00000013	addi	x0,x0,0	  x0:0x00000000
        3825000	       381	800002cc	fe9ff86f	jal	x16,800002cc	 x16=0x800002cc
        3835000	       382	00000000	00000013	addi	x0,x0,0	  x0:0x00000000
        3845000	       383	800002b0	00000013	addi	x0,x0,0	  x0:0x00000000
        3855000	       384	800002b4	fc5ff1ef	jal	x3,800002b4	  x3=0x800002b4
        3865000	       385	00000000	00000013	addi	x0,x0,0	  x0:0x00000000
        3875000	       386	80000274	00000013	addi	x0,x0,0	  x0:0x00000000
        3885000	       387	80000278	04c000ef	jal	x1,80000278	  x1=0x80000278
        3895000	       388	00000000	00000013	addi	x0,x0,0	  x0:0x00000000
        3905000	       389	800002c0	00000013	addi	x0,x0,0	  x0:0x00000000
        3915000	       390	800002c4	004000ef	jal	x1,800002c4	  x1=0x800002c4
        3925000	       391	00000000	00000013	addi	x0,x0,0	  x0:0x00000000
        3935000	       392	800002c4	00000013	addi	x0,x0,0	  x0:0x00000000
        3945000	       393	800002c8	fadff0ef	jal	x1,800002c8	  x1=0x800002c8
        3955000	       394	00000000	00000013	addi	x0,x0,0	  x0:0x00000000
        3965000	       395	80000270	00000013	addi	x0,x0,0	  x0:0x00000000
        3975000	       396	80000274	ff5ff0ef	jal	x1,80000274	  x1=0x80000274
        3985000	       397	00000000	00000013	addi	x0,x0,0	  x0:0x00000000
        3995000	       398	80000264	00000013	addi	x0,x0,0	  x0:0x00000000
        4005000	       399	80000268	0680036f	jal	x6,80000268	  x6=0x80000268
        4015000	       400	00000000	00000013	addi	x0,x0,0	  x0:0x00000000
        4025000	       401	800002cc	00000013	addi	x0,x0,0	  x0:0x00000000
        4035000	       402	800002d0	fe1ff36f	jal	x6,800002d0	  x6=0x800002d0
        4045000	       403	00000000	00000013	addi	x0,x0,0	  x0:0x00000000
        4055000	       404	800002ac	00000013	addi	x0,x0,0	  x0:0x00000000
        4065000	       405	800002b0	ffdff16f	jal	x2,800002b0	  x2=0x800002b0
        4075000	       406	00000000	00000013	addi	x0,x0,0	  x0:0x00000000
        4085000	       407	800002a8	00000013	addi	x0,x0,0	  x0:0x00000000
        4095000	       408	800002ac	fc5ff0ef	jal	x1,800002ac	  x1=0x800002ac
        4105000	       409	00000000	00000013	addi	x0,x0,0	  x0:0x00000000
        4115000	       410	8000026c	00000013	addi	x0,x0,0	  x0:0x00000000
        4125000	       411	80000270	ff1ff36f	jal	x6,80000270	  x6=0x80000270
        4135000	       412	00000000	00000013	addi	x0,x0,0	  x0:0x00000000
        4145000	       413	8000025c	00000013	addi	x0,x0,0	  x0:0x00000000
        4155000	       414	80000260	074000ef	jal	x1,80000260	  x1=0x80000260
        4165000	       415	00000000	00000013	addi	x0,x0,0	  x0:0x00000000
        4175000	       416	800002d0	00000013	addi	x0,x0,0	  x0:0x00000000
        4185000	       417	800002d4	41308933	sub	x18,x1,x19	  x1:0x80000260 x19:0x800002bc x18=0xffffffa4
        4195000	       418	800002d8	0300036f	jal	x6,800002d8	  x6=0x800002d8
        4205000	       419	00000000	00000013	addi	x0,x0,0	  x0:0x00000000
        4215000	       420	80000304	00000013	addi	x0,x0,0	  x0:0x00000000
        4225000	       421	80000308	010000ef	jal	x1,80000308	  x1=0x80000308
        4235000	       422	00000000	00000013	addi	x0,x0,0	  x0:0x00000000
        4245000	       423	80000314	00000013	addi	x0,x0,0	  x0:0x00000000
        4255000	       424	80000318	fddff0ef	jal	x1,80000318	  x1=0x80000318
        4265000	       425	00000000	00000013	addi	x0,x0,0	  x0:0x00000000
        4275000	       426	800002f0	00000013	addi	x0,x0,0	  x0:0x00000000
        4285000	       427	800002f4	ff5ff36f	jal	x6,800002f4	  x6=0x800002f4
        4295000	       428	00000000	00000013	addi	x0,x0,0	  x0:0x00000000
        4305000	       429	800002e4	00000013	addi	x0,x0,0	  x0:0x00000000
        4315000	       430	800002e8	014000ef	jal	x1,800002e8	  x1=0x800002e8
        4325000	       431	00000000	00000013	addi	x0,x0,0	  x0:0x00000000
        4335000	       432	800002f8	00000013	addi	x0,x0,0	  x0:0x00000000
        4345000	       433	800002fc	ff5ff36f	jal	x6,800002fc	  x6=0x800002fc
        4355000	       434	00000000	00000013	addi	x0,x0,0	  x0:0x00000000
        4365000	       435	800002ec	00000013	addi	x0,x0,0	  x0:0x00000000
        4375000	       436	800002f0	fedff0ef	jal	x1,800002f0	  x1=0x800002f0
        4385000	       437	00000000	00000013	addi	x0,x0,0	  x0:0x00000000
        4395000	       438	800002d8	00000013	addi	x0,x0,0	  x0:0x00000000
        4405000	       439	800002dc	034000ef	jal	x1,800002dc	  x1=0x800002dc
        4415000	       440	00000000	00000013	addi	x0,x0,0	  x0:0x00000000
        4425000	       441	8000030c	00000013	addi	x0,x0,0	  x0:0x00000000
        4435000	       442	80000310	fd5ff0ef	jal	x1,80000310	  x1=0x80000310
        4445000	       443	00000000	00000013	addi	x0,x0,0	  x0:0x00000000
        4455000	       444	800002e0	00000013	addi	x0,x0,0	  x0:0x00000000
        4465000	       445	800002e4	01c002ef	jal	x5,800002e4	  x5=0x800002e4
        4475000	       446	00000000	00000013	addi	x0,x0,0	  x0:0x00000000
        4485000	       447	800002fc	00000013	addi	x0,x0,0	  x0:0x00000000
        4495000	       448	80000300	fe1ff36f	jal	x6,80000300	  x6=0x80000300
        4505000	       449	00000000	00000013	addi	x0,x0,0	  x0:0x00000000
        4515000	       450	800002dc	00000013	addi	x0,x0,0	  x0:0x00000000
        4525000	       451	800002e0	02400c6f	jal	x24,800002e0	 x24=0x800002e0
        4535000	       452	00000000	00000013	addi	x0,x0,0	  x0:0x00000000
        4545000	       453	80000300	00000013	addi	x0,x0,0	  x0:0x00000000
        4555000	       454	80000304	0100036f	jal	x6,80000304	  x6=0x80000304
        4565000	       455	00000000	00000013	addi	x0,x0,0	  x0:0x00000000
        4575000	       456	80000310	00000013	addi	x0,x0,0	  x0:0x00000000
        4585000	       457	80000314	ff9ff36f	jal	x6,80000314	  x6=0x80000314
        4595000	       458	00000000	00000013	addi	x0,x0,0	  x0:0x00000000
        4605000	       459	80000308	00000013	addi	x0,x0,0	  x0:0x00000000
        4615000	       460	8000030c	fe1ff0ef	jal	x1,8000030c	  x1=0x8000030c
        4625000	       461	00000000	00000013	addi	x0,x0,0	  x0:0x00000000
        4635000	       462	800002e8	00000013	addi	x0,x0,0	  x0:0x00000000
        4645000	       463	800002ec	00c0036f	jal	x6,800002ec	  x6=0x800002ec
        4655000	       464	00000000	00000013	addi	x0,x0,0	  x0:0x00000000
        4665000	       465	800002f4	00000013	addi	x0,x0,0	  x0:0x00000000
        4675000	       466	800002f8	024000ef	jal	x1,800002f8	  x1=0x800002f8
        4685000	       467	00000000	00000013	addi	x0,x0,0	  x0:0x00000000
        4695000	       468	80000318	00000013	addi	x0,x0,0	  x0:0x00000000
        4705000	       469	8000031c	01da87b3	add	x15,x21,x29	 x21:0x800002b8 x29:0x8000017c x15=0x00000434
        4715000	       470	80000320	0380036f	jal	x6,80000320	  x6=0x80000320
        4725000	       471	00000000	00000013	addi	x0,x0,0	  x0:0x00000000
        4735000	       472	80000354	00000013	addi	x0,x0,0	  x0:0x00000000
        4745000	       473	80000358	ffdff36f	jal	x6,80000358	  x6=0x80000358
        4755000	       474	00000000	00000013	addi	x0,x0,0	  x0:0x00000000
        4765000	       475	80000350	00000013	addi	x0,x0,0	  x0:0x00000000
        4775000	       476	80000354	ff9ff36f	jal	x6,80000354	  x6=0x80000354
        4785000	       477	00000000	00000013	addi	x0,x0,0	  x0:0x00000000
        4795000	       478	80000348	00000013	addi	x0,x0,0	  x0:0x00000000
        4805000	       479	8000034c	ffdff5ef	jal	x11,8000034c	 x11=0x8000034c
        4815000	       480	00000000	00000013	addi	x0,x0,0	  x0:0x00000000
        4825000	       481	80000344	00000013	addi	x0,x0,0	  x0:0x00000000
        4835000	       482	80000348	fe5ff0ef	jal	x1,80000348	  x1=0x80000348
        4845000	       483	00000000	00000013	addi	x0,x0,0	  x0:0x00000000
        4855000	       484	80000328	00000013	addi	x0,x0,0	  x0:0x00000000
        4865000	       485	8000032c	014000ef	jal	x1,8000032c	  x1=0x8000032c
        4875000	       486	00000000	00000013	addi	x0,x0,0	  x0:0x00000000
        4885000	       487	8000033c	00000013	addi	x0,x0,0	  x0:0x00000000
        4895000	       488	80000340	ff1fff6f	jal	x30,80000340	 x30=0x80000340
        4905000	       489	00000000	00000013	addi	x0,x0,0	  x0:0x00000000
        4915000	       490	8000032c	00000013	addi	x0,x0,0	  x0:0x00000000
        4925000	       491	80000330	004000ef	jal	x1,80000330	  x1=0x80000330
        4935000	       492	00000000	00000013	addi	x0,x0,0	  x0:0x00000000
        4945000	       493	80000330	00000013	addi	x0,x0,0	  x0:0x00000000
        4955000	       494	80000334	010000ef	jal	x1,80000334	  x1=0x80000334
        4965000	       495	00000000	00000013	addi	x0,x0,0	  x0:0x00000000
        4975000	       496	80000340	00000013	addi	x0,x0,0	  x0:0x00000000
        4985000	       497	80000344	018000ef	jal	x1,80000344	  x1=0x80000344
        4995000	       498	00000000	00000013	addi	x0,x0,0	  x0:0x00000000
        5005000	       499	80000358	00000013	addi	x0,x0,0	  x0:0x00000000
        5015000	       500	8000035c	fe1ff8ef	jal	x17,8000035c	 x17=0x8000035c
        5025000	       501	00000000	00000013	addi	x0,x0,0	  x0:0x00000000
        5035000	       502	80000338	00000013	addi	x0,x0,0	  x0:0x00000000
        5045000	       503	8000033c	fe9ff16f	jal	x2,8000033c	  x2=0x8000033c
        5055000	       504	00000000	00000013	addi	x0,x0,0	  x0:0x00000000
        5065000	       505	80000320	00000013	addi	x0,x0,0	  x0:0x00000000
        5075000	       506	80000324	03c0036f	jal	x6,80000324	  x6=0x80000324
        5085000	       507	00000000	00000013	addi	x0,x0,0	  x0:0x00000000
        5095000	       508	8000035c	00000013	addi	x0,x0,0	  x0:0x00000000
        5105000	       509	80000360	fd9ff0ef	jal	x1,80000360	  x1=0x80000360
        5115000	       510	00000000	00000013	addi	x0,x0,0	  x0:0x00000000
        5125000	       511	80000334	00000013	addi	x0,x0,0	  x0:0x00000000
        5135000	       512	80000338	ff1ffaef	jal	x21,80000338	 x21=0x80000338
        5145000	       513	00000000	00000013	addi	x0,x0,0	  x0:0x00000000
        5155000	       514	80000324	00000013	addi	x0,x0,0	  x0:0x00000000
        5165000	       515	80000328	0280036f	jal	x6,80000328	  x6=0x80000328
        5175000	       516	00000000	00000013	addi	x0,x0,0	  x0:0x00000000
        5185000	       517	8000034c	00000013	addi	x0,x0,0	  x0:0x00000000
        5195000	       518	80000350	014000ef	jal	x1,80000350	  x1=0x80000350
        5205000	       519	00000000	00000013	addi	x0,x0,0	  x0:0x00000000
        5215000	       520	80000360	00000013	addi	x0,x0,0	  x0:0x00000000
        5225000	       521	80000364	00d573b3	and	x7,x10,x13	 x10:0x80000000 x13:0x80009fc4  x7=0x80000000
        5235000	       522	80000368	03c0036f	jal	x6,80000368	  x6=0x80000368
        5245000	       523	00000000	00000013	addi	x0,x0,0	  x0:0x00000000
        5255000	       524	800003a0	00000013	addi	x0,x0,0	  x0:0x00000000
        5265000	       525	800003a4	ff5ff36f	jal	x6,800003a4	  x6=0x800003a4
        5275000	       526	00000000	00000013	addi	x0,x0,0	  x0:0x00000000
        5285000	       527	80000394	00000013	addi	x0,x0,0	  x0:0x00000000
        5295000	       528	80000398	ff1ff0ef	jal	x1,80000398	  x1=0x80000398
        5305000	       529	00000000	00000013	addi	x0,x0,0	  x0:0x00000000
        5315000	       530	80000384	00000013	addi	x0,x0,0	  x0:0x00000000
        5325000	       531	80000388	ff1ff36f	jal	x6,80000388	  x6=0x80000388
        5335000	       532	00000000	00000013	addi	x0,x0,0	  x0:0x00000000
        5345000	       533	80000374	00000013	addi	x0,x0,0	  x0:0x00000000
        5355000	       534	80000378	030000ef	jal	x1,80000378	  x1=0x80000378
        5365000	       535	00000000	00000013	addi	x0,x0,0	  x0:0x00000000
        5375000	       536	800003a4	00000013	addi	x0,x0,0	  x0:0x00000000
        5385000	       537	800003a8	fc5ff0ef	jal	x1,800003a8	  x1=0x800003a8
        5395000	       538	00000000	00000013	addi	x0,x0,0	  x0:0x00000000
        5405000	       539	80000368	00000013	addi	x0,x0,0	  x0:0x00000000
        5415000	       540	8000036c	014000ef	jal	x1,8000036c	  x1=0x8000036c
        5425000	       541	00000000	00000013	addi	x0,x0,0	  x0:0x00000000
        5435000	       542	8000037c	00000013	addi	x0,x0,0	  x0:0x00000000
        5445000	       543	80000380	004000ef	jal	x1,80000380	  x1=0x80000380
        5455000	       544	00000000	00000013	addi	x0,x0,0	  x0:0x00000000
        5465000	       545	80000380	00000013	addi	x0,x0,0	  x0:0x00000000
        5475000	       546	80000384	0180056f	jal	x10,80000384	 x10=0x80000384
        5485000	       547	00000000	00000013	addi	x0,x0,0	  x0:0x00000000
        5495000	       548	80000398	00000013	addi	x0,x0,0	  x0:0x00000000
        5505000	       549	8000039c	ff5ff0ef	jal	x1,8000039c	  x1=0x8000039c
        5515000	       550	00000000	00000013	addi	x0,x0,0	  x0:0x00000000
        5525000	       551	8000038c	00000013	addi	x0,x0,0	  x0:0x00000000
        5535000	       552	80000390	020000ef	jal	x1,80000390	  x1=0x80000390
        5545000	       553	00000000	00000013	addi	x0,x0,0	  x0:0x00000000
        5555000	       554	800003ac	00000013	addi	x0,x0,0	  x0:0x00000000
        5565000	       555	800003b0	fcdff7ef	jal	x15,800003b0	 x15=0x800003b0
        5575000	       556	00000000	00000013	addi	x0,x0,0	  x0:0x00000000
        5585000	       557	80000378	00000013	addi	x0,x0,0	  x0:0x00000000
        5595000	       558	8000037c	024000ef	jal	x1,8000037c	  x1=0x8000037c
        5605000	       559	00000000	00000013	addi	x0,x0,0	  x0:0x00000000
        5615000	       560	8000039c	00000013	addi	x0,x0,0	  x0:0x00000000
        5625000	       561	800003a0	00c005ef	jal	x11,800003a0	 x11=0x800003a0
        5635000	       562	00000000	00000013	addi	x0,x0,0	  x0:0x00000000
        5645000	       563	800003a8	00000013	addi	x0,x0,0	  x0:0x00000000
        5655000	       564	800003ac	fe1ff26f	jal	x4,800003ac	  x4=0x800003ac
        5665000	       565	00000000	00000013	addi	x0,x0,0	  x0:0x00000000
        5675000	       566	80000388	00000013	addi	x0,x0,0	  x0:0x00000000
        5685000	       567	8000038c	0080036f	jal	x6,8000038c	  x6=0x8000038c
        5695000	       568	00000000	00000013	addi	x0,x0,0	  x0:0x00000000
        5705000	       569	80000390	00000013	addi	x0,x0,0	  x0:0x00000000
        5715000	       570	80000394	fe1ff0ef	jal	x1,80000394	  x1=0x80000394
        5725000	       571	00000000	00000013	addi	x0,x0,0	  x0:0x00000000
        5735000	       572	80000370	00000013	addi	x0,x0,0	  x0:0x00000000
        5745000	       573	80000374	ffdff0ef	jal	x1,80000374	  x1=0x80000374
        5755000	       574	00000000	00000013	addi	x0,x0,0	  x0:0x00000000
        5765000	       575	8000036c	00000013	addi	x0,x0,0	  x0:0x00000000
        5775000	       576	80000370	044000ef	jal	x1,80000370	  x1=0x80000370
        5785000	       577	00000000	00000013	addi	x0,x0,0	  x0:0x00000000
        5795000	       578	800003b0	00000013	addi	x0,x0,0	  x0:0x00000000
        5805000	       579	800003b4	40a908b3	sub	x17,x18,x10	 x18:0xffffffa4 x10:0x80000384 x17=0x7ffffc20
        5815000	       580	800003b8	0300036f	jal	x6,800003b8	  x6=0x800003b8
        5825000	       581	00000000	00000013	addi	x0,x0,0	  x0:0x00000000
        5835000	       582	800003e4	00000013	addi	x0,x0,0	  x0:0x00000000
        5845000	       583	800003e8	0400046f	jal	x8,800003e8	  x8=0x800003e8
        5855000	       584	00000000	00000013	addi	x0,x0,0	  x0:0x00000000
        5865000	       585	80000424	00000013	addi	x0,x0,0	  x0:0x00000000
        5875000	       586	80000428	fc9ff36f	jal	x6,80000428	  x6=0x80000428
        5885000	       587	00000000	00000013	addi	x0,x0,0	  x0:0x00000000
        5895000	       588	800003ec	00000013	addi	x0,x0,0	  x0:0x00000000
        5905000	       589	800003f0	fe5ff36f	jal	x6,800003f0	  x6=0x800003f0
        5915000	       590	00000000	00000013	addi	x0,x0,0	  x0:0x00000000
        5925000	       591	800003d0	00000013	addi	x0,x0,0	  x0:0x00000000
        5935000	       592	800003d4	00c0036f	jal	x6,800003d4	  x6=0x800003d4
        5945000	       593	00000000	00000013	addi	x0,x0,0	  x0:0x00000000
        5955000	       594	800003dc	00000013	addi	x0,x0,0	  x0:0x00000000
        5965000	       595	800003e0	fe9ff0ef	jal	x1,800003e0	  x1=0x800003e0
        5975000	       596	00000000	00000013	addi	x0,x0,0	  x0:0x00000000
        5985000	       597	800003c4	00000013	addi	x0,x0,0	  x0:0x00000000
        5995000	       598	800003c8	010000ef	jal	x1,800003c8	  x1=0x800003c8
        6005000	       599	00000000	00000013	addi	x0,x0,0	  x0:0x00000000
        6015000	       600	800003d4	00000013	addi	x0,x0,0	  x0:0x00000000
        6025000	       601	800003d8	fedff1ef	jal	x3,800003d8	  x3=0x800003d8
        6035000	       602	00000000	00000013	addi	x0,x0,0	  x0:0x00000000
        6045000	       603	800003c0	00000013	addi	x0,x0,0	  x0:0x00000000
        6055000	       604	800003c4	05c000ef	jal	x1,800003c4	  x1=0x800003c4
        6065000	       605	00000000	00000013	addi	x0,x0,0	  x0:0x00000000
        6075000	       606	8000041c	00000013	addi	x0,x0,0	  x0:0x00000000
        6085000	       607	80000420	fb1ff7ef	jal	x15,80000420	 x15=0x80000420
        6095000	       608	00000000	00000013	addi	x0,x0,0	  x0:0x00000000
        6105000	       609	800003cc	00000013	addi	x0,x0,0	  x0:0x00000000
        6115000	       610	800003d0	04800d6f	jal	x26,800003d0	 x26=0x800003d0
        6125000	       611	00000000	00000013	addi	x0,x0,0	  x0:0x00000000
        6135000	       612	80000414	00000013	addi	x0,x0,0	  x0:0x00000000
        6145000	       613	80000418	fd5ff0ef	jal	x1,80000418	  x1=0x80000418
        6155000	       614	00000000	00000013	addi	x0,x0,0	  x0:0x00000000
        6165000	       615	800003e8	00000013	addi	x0,x0,0	  x0:0x00000000
        6175000	       616	800003ec	fe1ff0ef	jal	x1,800003ec	  x1=0x800003ec
        6185000	       617	00000000	00000013	addi	x0,x0,0	  x0:0x00000000
        6195000	       618	800003c8	00000013	addi	x0,x0,0	  x0:0x00000000
        6205000	       619	800003cc	03c0026f	jal	x4,800003cc	  x4=0x800003cc
        6215000	       620	00000000	00000013	addi	x0,x0,0	  x0:0x00000000
        6225000	       621	80000404	00000013	addi	x0,x0,0	  x0:0x00000000
        6235000	       622	80000408	fb5ff0ef	jal	x1,80000408	  x1=0x80000408
        6245000	       623	00000000	00000013	addi	x0,x0,0	  x0:0x00000000
        6255000	       624	800003b8	00000013	addi	x0,x0,0	  x0:0x00000000
        6265000	       625	800003bc	03c000ef	jal	x1,800003bc	  x1=0x800003bc
        6275000	       626	00000000	00000013	addi	x0,x0,0	  x0:0x00000000
        6285000	       627	800003f4	00000013	addi	x0,x0,0	  x0:0x00000000
        6295000	       628	800003f8	01800e6f	jal	x28,800003f8	 x28=0x800003f8
        6305000	       629	00000000	00000013	addi	x0,x0,0	  x0:0x00000000
        6315000	       630	8000040c	00000013	addi	x0,x0,0	  x0:0x00000000
        6325000	       631	80000410	fe5ff0ef	jal	x1,80000410	  x1=0x80000410
        6335000	       632	00000000	00000013	addi	x0,x0,0	  x0:0x00000000
        6345000	       633	800003f0	00000013	addi	x0,x0,0	  x0:0x00000000
        6355000	       634	800003f4	020000ef	jal	x1,800003f4	  x1=0x800003f4
        6365000	       635	00000000	00000013	addi	x0,x0,0	  x0:0x00000000
        6375000	       636	80000410	00000013	addi	x0,x0,0	  x0:0x00000000
        6385000	       637	80000414	fadff2ef	jal	x5,80000414	  x5=0x80000414
        6395000	       638	00000000	00000013	addi	x0,x0,0	  x0:0x00000000
        6405000	       639	800003bc	00000013	addi	x0,x0,0	  x0:0x00000000
        6415000	       640	800003c0	05c000ef	jal	x1,800003c0	  x1=0x800003c0
        6425000	       641	00000000	00000013	addi	x0,x0,0	  x0:0x00000000
        6435000	       642	80000418	00000013	addi	x0,x0,0	  x0:0x00000000
        6445000	       643	8000041c	fe1ff36f	jal	x6,8000041c	  x6=0x8000041c
        6455000	       644	00000000	00000013	addi	x0,x0,0	  x0:0x00000000
        6465000	       645	800003f8	00000013	addi	x0,x0,0	  x0:0x00000000
        6475000	       646	800003fc	fe1fff6f	jal	x30,800003fc	 x30=0x800003fc
        6485000	       647	00000000	00000013	addi	x0,x0,0	  x0:0x00000000
        6495000	       648	800003d8	00000013	addi	x0,x0,0	  x0:0x00000000
        6505000	       649	800003dc	030000ef	jal	x1,800003dc	  x1=0x800003dc
        6515000	       650	00000000	00000013	addi	x0,x0,0	  x0:0x00000000
        6525000	       651	80000408	00000013	addi	x0,x0,0	  x0:0x00000000
        6535000	       652	8000040c	ff5ff0ef	jal	x1,8000040c	  x1=0x8000040c
        6545000	       653	00000000	00000013	addi	x0,x0,0	  x0:0x00000000
        6555000	       654	800003fc	00000013	addi	x0,x0,0	  x0:0x00000000
        6565000	       655	80000400	02c000ef	jal	x1,80000400	  x1=0x80000400
        6575000	       656	00000000	00000013	addi	x0,x0,0	  x0:0x00000000
        6585000	       657	80000428	00000013	addi	x0,x0,0	  x0:0x00000000
        6595000	       658	8000042c	fb9ff16f	jal	x2,8000042c	  x2=0x8000042c
        6605000	       659	00000000	00000013	addi	x0,x0,0	  x0:0x00000000
        6615000	       660	800003e0	00000013	addi	x0,x0,0	  x0:0x00000000
        6625000	       661	800003e4	0400076f	jal	x14,800003e4	 x14=0x800003e4
        6635000	       662	00000000	00000013	addi	x0,x0,0	  x0:0x00000000
        6645000	       663	80000420	00000013	addi	x0,x0,0	  x0:0x00000000
        6655000	       664	80000424	fe1ff26f	jal	x4,80000424	  x4=0x80000424
        6665000	       665	00000000	00000013	addi	x0,x0,0	  x0:0x00000000
        6675000	       666	80000400	00000013	addi	x0,x0,0	  x0:0x00000000
        6685000	       667	80000404	02c000ef	jal	x1,80000404	  x1=0x80000404
        6695000	       668	00000000	00000013	addi	x0,x0,0	  x0:0x00000000
        6705000	       669	8000042c	00000013	addi	x0,x0,0	  x0:0x00000000
        6715000	       670	80000430	00f18a33	add	x20,x3,x15	  x3:0x800003d8 x15:0x80000420 x20=0x000007f8
        6725000	       671	80000434	01381f13	slli	x30,x16,0x13	 x16:0x800002cc x30=0x16600000
        6735000	       672	80000438	dea86713	ori	x14,x16,-534	 x16:0x800002cc x14=0xffffffee
        6745000	       673	8000043c	08fc4393	xori	x7,x24,143	 x24:0x800002e0  x7=0x8000026f
        6755000	       674	80000440	0078d263	bge	x17,x7,80000444	 x17:0x7ffffc20  x7:0x8000026f
        6765000	       675	00000000	00000013	addi	x0,x0,0	  x0:0x00000000
        6775000	       676	80000440	00000013	addi	x0,x0,0	  x0:0x00000000
        6785000	       677	80000444	40605fb3	sra	x31,x0,x6	  x0:0x00000000  x6:0x8000041c x31=0x00000000
        6795000	       678	80000448	01f959b3	srl	x19,x18,x31	 x18:0xffffffa4 x31:0x00000000 x19=0xffffffa4
        6805000	       679	8000044c	01af8033	add	x0,x31,x26	 x31:0x00000000 x26:0x800003d0
        6815000	       680	80000450	0060d663	bge	x1,x6,8000045c	  x1:0x80000404  x6:0x8000041c
        6825000	       681	80000454	414ed833	sra	x16,x29,x20	 x29:0x8000017c x20:0x000007f8 x16=0xffffff80
        6835000	       682	80000458	002ade63	bge	x21,x2,80000474	 x21:0x80000338  x2:0x8000042c
        6845000	       683	8000045c	40e65613	srai	x12,x12,0xe	 x12:0x80000240 x12=0xfffe0000
        6855000	       684	80000460	40200ab3	sub	x21,x0,x2	  x0:0x00000000  x2:0x8000042c x21=0x7ffffbd4
        6865000	       685	80000464	024c9263	bne	x25,x4,80000488	 x25:0x80000000  x4:0x80000424
        6875000	       686	00000000	00000013	addi	x0,x0,0	  x0:0x00000000
        6885000	       687	80000484	00000013	addi	x0,x0,0	  x0:0x00000000
        6895000	       688	80000488	f5faa797	auipc	x15,0xf5faa	 x15=0x75faa484
        6905000	       689	8000048c	02f17c63	bgeu	x2,x15,800004c4	  x2:0x8000042c x15:0x75faa484
        6915000	       690	00000000	00000013	addi	x0,x0,0	  x0:0x00000000
        6925000	       691	800004c0	00000013	addi	x0,x0,0	  x0:0x00000000
        6935000	       692	800004c4	40958eb3	sub	x29,x11,x9	 x11:0x800003a0  x9:0x00000001 x29=0x8000039f
        6945000	       693	800004c8	02798063	beq	x19,x7,800004e8	 x19:0xffffffa4  x7:0x8000026f
        6955000	       694	800004cc	01e3e933	or	x18,x7,x30	  x7:0x8000026f x30:0x16600000 x18=0x9660026f
        6965000	       695	800004d0	01383c33	sltu	x24,x16,x19	 x16:0xffffff80 x19:0xffffffa4 x24=0x00000001
        6975000	       696	800004d4	fc19e393	ori	x7,x19,-63	 x19:0xffffffa4  x7=0xffffffe5
        6985000	       697	800004d8	030fd197	auipc	x3,0x30fd	  x3=0x830fd4d4
        6995000	       698	800004dc	01a48e63	beq	x9,x26,800004f8	  x9:0x00000001 x26:0x800003d0
        7005000	       699	800004e0	03d91663	bne	x18,x29,8000050c	 x18:0x9660026f x29:0x8000039f
        7015000	       700	00000000	00000013	addi	x0,x0,0	  x0:0x00000000
        7025000	       701	80000508	00000013	addi	x0,x0,0	  x0:0x00000000
        7035000	       702	8000050c	4b6abd17	auipc	x26,0x4b6ab	 x26=0xcb6ab508
        7045000	       703	80000510	54791397	auipc	x7,0x54791	  x7=0xd479150c
        7055000	       704	80000514	cb306a13	ori	x20,x0,-845	  x0:0x00000000 x20=0xfffffcb3
        7065000	       705	80000518	41208c33	sub	x24,x1,x18	  x1:0x80000404 x18:0x9660026f x24=0xe9a00195
        7075000	       706	8000051c	0395d863	bge	x11,x25,8000054c	 x11:0x800003a0 x25:0x80000000
        7085000	       707	00000000	00000013	addi	x0,x0,0	  x0:0x00000000
        7095000	       708	80000548	00000013	addi	x0,x0,0	  x0:0x00000000
        7105000	       709	8000054c	00000013	addi	x0,x0,0	  x0:0x00000000
        7115000	       710	80000550	01a86533	or	x10,x16,x26	 x16:0xffffff80 x26:0xcb6ab508 x10=0xffffff88
        7125000	       711	80000554	01054733	xor	x14,x10,x16	 x10:0xffffff88 x16:0xffffff80 x14=0x00000008
        7135000	       712	80000558	01078863	beq	x15,x16,80000568	 x15:0x75faa484 x16:0xffffff80
        7145000	       713	8000055c	c12a0413	addi	x8,x20,-1006	 x20:0xfffffcb3  x8=0xfffff8c5
        7155000	       714	80000560	414e4193	xori	x3,x28,1044	 x28:0x800003f8  x3=0x800007ec
        7165000	       715	80000564	6741ec13	ori	x24,x3,1652	  x3:0x800007ec x24=0x800007fc
        7175000	       716	80000568	01c3a033	slt	x0,x7,x28	  x7:0xd479150c x28:0x800003f8
        7185000	       717	8000056c	00990c63	beq	x18,x9,80000584	 x18:0x9660026f  x9:0x00000001
        7195000	       718	80000570	055c8863	beq	x25,x21,800005c0	 x25:0x80000000 x21:0x7ffffbd4
        7205000	       719	80000574	011d0e63	beq	x26,x17,80000590	 x26:0xcb6ab508 x17:0x7ffffc20
        7215000	       720	80000578	05c3d663	bge	x7,x28,800005c4	  x7:0xd479150c x28:0x800003f8
        7225000	       721	00000000	00000013	addi	x0,x0,0	  x0:0x00000000
        7235000	       722	800005c0	00000013	addi	x0,x0,0	  x0:0x00000000
        7245000	       723	800005c4	01969493	slli	x9,x13,0x19	 x13:0x80009fc4  x9=0x88000000
        7255000	       724	800005c8	01809a13	slli	x20,x1,0x18	  x1:0x80000404 x20=0x04000000
        7265000	       725	800005cc	01a8ebb3	or	x23,x17,x26	 x17:0x7ffffc20 x26:0xcb6ab508 x23=0xfffffd28
        7275000	       726	800005d0	010c80b3	add	x1,x25,x16	 x25:0x80000000 x16:0xffffff80  x1=0x7fffff80
        7285000	       727	800005d4	414681b3	sub	x3,x13,x20	 x13:0x80009fc4 x20:0x04000000  x3=0x7c009fc4
        7295000	       728	800005d8	01ef20b3	slt	x1,x30,x30	 x30:0x16600000 x30:0x16600000  x1=0x00000000
        7305000	       729	800005dc	01476463	bltu	x14,x20,800005e4	 x14:0x00000008 x20:0x04000000
        7315000	       730	00000000	00000013	addi	x0,x0,0	  x0:0x00000000
        7325000	       731	800005e0	00000013	addi	x0,x0,0	  x0:0x00000000
        7335000	       732	800005e4	01647d33	and	x26,x8,x22	  x8:0xfffff8c5 x22:0x800001cc x26=0x800000c4
        7345000	       733	800005e8	93e3cd13	xori	x26,x7,-1730	  x7:0xd479150c x26=0x2b86ec32
        7355000	       734	800005ec	013f2f33	slt	x30,x30,x19	 x30:0x16600000 x19:0xffffffa4 x30=0x00000000
        7365000	       735	800005f0	5161e197	auipc	x3,0x5161e	  x3=0xd161e5ec
        7375000	       736	800005f4	0138e1b3	or	x3,x17,x19	 x17:0x7ffffc20 x19:0xffffffa4  x3=0xffffffa4
        7385000	       737	800005f8	00000013	addi	x0,x0,0	  x0:0x00000000
        7395000	       738	800005fc	00089293	slli	x5,x17,0x0	 x17:0x7ffffc20  x5=0x7ffffc20
        7405000	       739	80000600	04550863	beq	x10,x5,80000650	 x10:0xffffff88  x5:0x7ffffc20
        7415000	       740	80000604	41ec5e13	srai	x28,x24,0x1e	 x24:0x800007fc x28=0xfffffffe
        7425000	       741	80000608	00b52ab3	slt	x21,x10,x11	 x10:0xffffff88 x11:0x800003a0 x21=0x00000000
        7435000	       742	8000060c	00e91393	slli	x7,x18,0xe	 x18:0x9660026f  x7=0x009bc000
        7445000	       743	80000610	01cd5733	srl	x14,x26,x28	 x26:0x2b86ec32 x28:0xfffffffe x14=0x00000000
        7455000	       744	80000614	4122de33	sra	x28,x5,x18	  x5:0x7ffffc20 x18:0x9660026f x28=0x0000ffff
        7465000	       745	80000618	bcceb913	sltiu	x18,x29,-1076	 x29:0x8000039f x18=0x00000001
        7475000	       746	8000061c	01ec5533	srl	x10,x24,x30	 x24:0x800007fc x30:0x00000000 x10=0x800007fc
        7485000	       747	80000620	01b55233	srl	x4,x10,x27	 x10:0x800007fc x27:0x80009f84  x4=0x0800007f
        7495000	       748	80000624	01321263	bne	x4,x19,80000628	  x4:0x0800007f x19:0xffffffa4
        7505000	       749	00000000	00000013	addi	x0,x0,0	  x0:0x00000000
        7515000	       750	80000624	00000013	addi	x0,x0,0	  x0:0x00000000
        7525000	       751	80000628	00641933	sll	x18,x8,x6	  x8:0xfffff8c5  x6:0x8000041c x18=0x50000000
        7535000	       752	8000062c	46621037	lui	x0,0x46621	
        7545000	       753	80000630	403000b3	sub	x1,x0,x3	  x0:0x00000000  x3:0xffffffa4  x1=0x0000005c
        7555000	       754	80000634	004759b3	srl	x19,x14,x4	 x14:0x00000000  x4:0x0800007f x19=0x00000000
        7565000	       755	80000638	771e6493	ori	x9,x28,1905	 x28:0x0000ffff  x9=0x0000ffff
        7575000	       756	8000063c	018bd613	srli	x12,x23,0x18	 x23:0xfffffd28 x12=0x000000ff
        7585000	       757	80000640	00227233	and	x4,x4,x2	  x4:0x0800007f  x2:0x8000042c  x4=0x0000002c
        7595000	       758	80000644	00949493	slli	x9,x9,0x9	  x9:0x0000ffff  x9=0x01fffe00
        7605000	       759	80000648	00244fb3	xor	x31,x8,x2	  x8:0xfffff8c5  x2:0x8000042c x31=0x7ffffce9
        7615000	       760	8000064c	00fc9f13	slli	x30,x25,0xf	 x25:0x80000000 x30=0x00000000
        7625000	       761	80000650	0f66ee13	ori	x28,x13,246	 x13:0x80009fc4 x28=0x80009ff6
        7635000	       762	80000654	b51f4a13	xori	x20,x30,-1199	 x30:0x00000000 x20=0xfffffb51
        7645000	       763	80000658	02ff9463	bne	x31,x15,80000680	 x31:0x7ffffce9 x15:0x75faa484
        7655000	       764	00000000	00000013	addi	x0,x0,0	  x0:0x00000000
        7665000	       765	8000067c	00000013	addi	x0,x0,0	  x0:0x00000000
        7675000	       766	80000680	013981b3	add	x3,x19,x19	 x19:0x00000000 x19:0x00000000  x3=0x00000000
        7685000	       767	80000684	40525f93	srai	x31,x4,0x5	  x4:0x0000002c x31=0x00000001
        7695000	       768	80000688	014e99b3	sll	x19,x29,x20	 x29:0x8000039f x20:0xfffffb51 x19=0x073e0000
        7705000	       769	8000068c	7c930b13	addi	x22,x6,1993	  x6:0x8000041c x22=0x80000be5
        7715000	       770	80000690	01a04463	blt	x0,x26,80000698	  x0:0x00000000 x26:0x2b86ec32
        7725000	       771	00000000	00000013	addi	x0,x0,0	  x0:0x00000000
        7735000	       772	80000694	00000013	addi	x0,x0,0	  x0:0x00000000
        7745000	       773	80000698	018ea633	slt	x12,x29,x24	 x29:0x8000039f x24:0x800007fc x12=0x00000001
        7755000	       774	8000069c	0262e863	bltu	x5,x6,800006cc	  x5:0x7ffffc20  x6:0x8000041c
        7765000	       775	00000000	00000013	addi	x0,x0,0	  x0:0x00000000
        7775000	       776	800006c8	00000013	addi	x0,x0,0	  x0:0x00000000
        7785000	       777	800006cc	015aad33	slt	x26,x21,x21	 x21:0x00000000 x21:0x00000000 x26=0x00000000
        7795000	       778	800006d0	01859d13	slli	x26,x11,0x18	 x11:0x800003a0 x26=0xa0000000
        7805000	       779	800006d4	01b35eb3	srl	x29,x6,x27	  x6:0x8000041c x27:0x80009f84 x29=0x08000041
        7815000	       780	800006d8	008ad213	srli	x4,x21,0x8	 x21:0x00000000  x4=0x00000000
        7825000	       781	800006dc	00d36233	or	x4,x6,x13	  x6:0x8000041c x13:0x80009fc4  x4=0x80009fdc
        7835000	       782	800006e0	028cd463	bge	x25,x8,80000708	 x25:0x80000000  x8:0xfffff8c5
        7845000	       783	800006e4	00731d33	sll	x26,x6,x7	  x6:0x8000041c  x7:0x009bc000 x26=0x8000041c
        7855000	       784	800006e8	01521033	sll	x0,x4,x21	  x4:0x80009fdc x21:0x00000000
        7865000	       785	800006ec	05fec463	blt	x29,x31,80000734	 x29:0x08000041 x31:0x00000001
        7875000	       786	800006f0	40230ab3	sub	x21,x6,x2	  x6:0x8000041c  x2:0x8000042c x21=0xfffffff0
        7885000	       787	800006f4	0198de63	bge	x17,x25,80000710	 x17:0x7ffffc20 x25:0x80000000
        7895000	       788	00000000	00000013	addi	x0,x0,0	  x0:0x00000000
        7905000	       789	8000070c	00000013	addi	x0,x0,0	  x0:0x00000000
        7915000	       790	80000710	6cb4bd13	sltiu	x26,x9,1739	  x9:0x01fffe00 x26=0x00000000
        7925000	       791	80000714	203b2213	slti	x4,x22,515	 x22:0x80000be5  x4=0x00000001
        7935000	       792	80000718	0128f5b3	and	x11,x17,x18	 x17:0x7ffffc20 x18:0x50000000 x11=0x50000000
        7945000	       793	8000071c	76800fb7	lui	x31,0x76800	 x31=0x76800000
        7955000	       794	80000720	01246263	bltu	x8,x18,80000724	  x8:0xfffff8c5 x18:0x50000000
        7965000	       795	80000724	013a84b3	add	x9,x21,x19	 x21:0xfffffff0 x19:0x073e0000  x9=0x073dfff0
        7975000	       796	80000728	01f428b3	slt	x17,x8,x31	  x8:0xfffff8c5 x31:0x76800000 x17=0x00000001
        7985000	       797	8000072c	00716bb3	or	x23,x2,x7	  x2:0x8000042c  x7:0x009bc000 x23=0x809bc42c
        7995000	       798	80000730	00fbe333	or	x6,x23,x15	 x23:0x809bc42c x15:0x75faa484  x6=0xf5fbe4ac
        8005000	       799	80000734	308bb813	sltiu	x16,x23,776	 x23:0x809bc42c x16=0x00000000
        8015000	       800	80000738	00000013	addi	x0,x0,0	  x0:0x00000000
        8025000	       801	8000073c	a1d9c493	xori	x9,x19,-1507	 x19:0x073e0000  x9=0xf8c1fa1d
        8035000	       802	80000740	0034e433	or	x8,x9,x3	  x9:0xf8c1fa1d  x3:0x00000000  x8=0xf8c1fa1d
        8045000	       803	80000744	005deb33	or	x22,x27,x5	 x27:0x80009f84  x5:0x7ffffc20 x22=0xffffffa4
        8055000	       804	80000748	40e30a33	sub	x20,x6,x14	  x6:0xf5fbe4ac x14:0x00000000 x20=0xf5fbe4ac
        8065000	       805	8000074c	ca337f37	lui	x30,0xca337	 x30=0xca337000
        8075000	       806	80000750	41e05493	srai	x9,x0,0x1e	  x0:0x00000000  x9=0x00000000
        8085000	       807	80000754	03f50c63	beq	x10,x31,8000078c	 x10:0x800007fc x31:0x76800000
        8095000	       808	80000758	012e94b3	sll	x9,x29,x18	 x29:0x08000041 x18:0x50000000  x9=0x08000041
        8105000	       809	8000075c	00dc4263	blt	x24,x13,80000760	 x24:0x800007fc x13:0x80009fc4
        8115000	       810	00000000	00000013	addi	x0,x0,0	  x0:0x00000000
        8125000	       811	8000075c	00000013	addi	x0,x0,0	  x0:0x00000000
        8135000	       812	80000760	03486a63	bltu	x16,x20,80000794	 x16:0x00000000 x20:0xf5fbe4ac
        8145000	       813	00000000	00000013	addi	x0,x0,0	  x0:0x00000000
        8155000	       814	80000790	00000013	addi	x0,x0,0	  x0:0x00000000
        8165000	       815	80000794	04007863	bgeu	x0,x0,800007e4	  x0:0x00000000  x0:0x00000000
        8175000	       816	00000000	00000013	addi	x0,x0,0	  x0:0x00000000
        8185000	       817	800007e0	00000013	addi	x0,x0,0	  x0:0x00000000
        8195000	       818	800007e4	00a51b13	slli	x22,x10,0xa	 x10:0x800007fc x22=0x001ff000
        8205000	       819	800007e8	011fbe33	sltu	x28,x31,x17	 x31:0x76800000 x17:0x00000001 x28=0x00000000
        8215000	       820	800007ec	662ff813	andi	x16,x31,1634	 x31:0x76800000 x16=0x00000000
        8225000	       821	800007f0	027a7463	bgeu	x20,x7,80000818	 x20:0xf5fbe4ac  x7:0x009bc000
        8235000	       822	00000000	00000013	addi	x0,x0,0	  x0:0x00000000
        8245000	       823	80000814	00000013	addi	x0,x0,0	  x0:0x00000000
        8255000	       824	80000818	419500b3	sub	x1,x10,x25	 x10:0x800007fc x25:0x80000000  x1=0x000007fc
        8265000	       825	8000081c	41cc8eb3	sub	x29,x25,x28	 x25:0x80000000 x28:0x00000000 x29=0x80000000
        8275000	       826	80000820	03760263	beq	x12,x23,80000844	 x12:0x00000001 x23:0x809bc42c
        8285000	       827	80000824	40ec0533	sub	x10,x24,x14	 x24:0x800007fc x14:0x00000000 x10=0x800007fc
        8295000	       828	80000828	d71da217	auipc	x4,0xd71da	  x4=0x571da824
        8305000	       829	8000082c	00a959b3	srl	x19,x18,x10	 x18:0x50000000 x10:0x800007fc x19=0x00000005
        8315000	       830	80000830	01497863	bgeu	x18,x20,80000840	 x18:0x50000000 x20:0xf5fbe4ac
        8325000	       831	80000834	01730033	add	x0,x6,x23	  x6:0xf5fbe4ac x23:0x809bc42c
        8335000	       832	80000838	05934663	blt	x6,x25,80000884	  x6:0xf5fbe4ac x25:0x80000000
        8345000	       833	8000083c	344cb093	sltiu	x1,x25,836	 x25:0x80000000  x1=0x00000000
        8355000	       834	80000840	009948b3	xor	x17,x18,x9	 x18:0x50000000  x9:0x08000041 x17=0x58000041
        8365000	       835	80000844	005e9263	bne	x29,x5,80000848	 x29:0x80000000  x5:0x7ffffc20
        8375000	       836	00000000	00000013	addi	x0,x0,0	  x0:0x00000000
        8385000	       837	80000844	00000013	addi	x0,x0,0	  x0:0x00000000
        8395000	       838	80000848	01570233	add	x4,x14,x21	 x14:0x00000000 x21:0xfffffff0  x4=0xfffffff0
        8405000	       839	8000084c	013c2bb3	slt	x23,x24,x19	 x24:0x800007fc x19:0x00000005 x23=0x00000001
        8415000	       840	80000850	019b91b3	sll	x3,x23,x25	 x23:0x00000001 x25:0x80000000  x3=0x00000001
        8425000	       841	80000854	016d1313	slli	x6,x26,0x16	 x26:0x00000000  x6=0x00000000
        8435000	       842	80000858	01738eb3	add	x29,x7,x23	  x7:0x009bc000 x23:0x00000001 x29=0x009bc001
        8445000	       843	8000085c	00384033	xor	x0,x16,x3	 x16:0x00000000  x3:0x00000001
        8455000	       844	80000860	00d37e33	and	x28,x6,x13	  x6:0x00000000 x13:0x80009fc4 x28=0x00000000
        8465000	       845	80000864	1b284113	xori	x2,x16,434	 x16:0x00000000  x2=0x000001b2
        8475000	       846	80000868	2d99a713	slti	x14,x19,729	 x19:0x00000005 x14=0x00000001
        8485000	       847	8000086c	744e3593	sltiu	x11,x28,1860	 x28:0x00000000 x11=0x00000001
        8495000	       848	80000870	40a40933	sub	x18,x8,x10	  x8:0xf8c1fa1d x10:0x800007fc x18=0x78c1f221
        8505000	       849	80000874	00379663	bne	x15,x3,80000880	 x15:0x75faa484  x3:0x00000001
        8515000	       850	00000000	00000013	addi	x0,x0,0	  x0:0x00000000
        8525000	       851	8000087c	00000013	addi	x0,x0,0	  x0:0x00000000
        8535000	       852	80000880	0179b4b3	sltu	x9,x19,x23	 x19:0x00000005 x23:0x00000001  x9=0x00000000
        8545000	       853	80000884	016e30b3	sltu	x1,x28,x22	 x28:0x00000000 x22:0x001ff000  x1=0x00000001
        8555000	       854	80000888	00825c33	srl	x24,x4,x8	  x4:0xfffffff0  x8:0xf8c1fa1d x24=0x00000007
        8565000	       855	8000088c	40d4df33	sra	x30,x9,x13	  x9:0x00000000 x13:0x80009fc4 x30=0x00000000
        8575000	       856	80000890	419f8833	sub	x16,x31,x25	 x31:0x76800000 x25:0x80000000 x16=0xf6800000
        8585000	       857	80000894	04b40863	beq	x8,x11,800008e4	  x8:0xf8c1fa1d x11:0x00000001
        8595000	       858	80000898	43fe2793	slti	x15,x28,1087	 x28:0x00000000 x15=0x00000001
        8605000	       859	8000089c	411955b3	sra	x11,x18,x17	 x18:0x78c1f221 x17:0x58000041 x11=0x3c60f910
        8615000	       860	800008a0	856d7613	andi	x12,x26,-1962	 x26:0x00000000 x12=0x00000000
        8625000	       861	800008a4	00971a13	slli	x20,x14,0x9	 x14:0x00000001 x20=0x00000200
        8635000	       862	800008a8	01722733	slt	x14,x4,x23	  x4:0xfffffff0 x23:0x00000001 x14=0x00000001
        8645000	       863	800008ac	aeff3993	sltiu	x19,x30,-1297	 x30:0x00000000 x19=0x00000001
        8655000	       864	800008b0	8ab7e913	ori	x18,x15,-1877	 x15:0x00000001 x18=0xfffff8ab
        8665000	       865	800008b4	01017833	and	x16,x2,x16	  x2:0x000001b2 x16:0xf6800000 x16=0x00000000
        8675000	       866	800008b8	00000013	addi	x0,x0,0	  x0:0x00000000
        8685000	       867	800008bc	00e65293	srli	x5,x12,0xe	 x12:0x00000000  x5=0x00000000
        8695000	       868	800008c0	01fe0c63	beq	x28,x31,800008d8	 x28:0x00000000 x31:0x76800000
        8705000	       869	800008c4	01e24463	blt	x4,x30,800008cc	  x4:0xfffffff0 x30:0x00000000
        8715000	       870	00000000	00000013	addi	x0,x0,0	  x0:0x00000000
        8725000	       871	800008c8	00000013	addi	x0,x0,0	  x0:0x00000000
        8735000	       872	800008cc	72d5cb93	xori	x23,x11,1837	 x11:0x3c60f910 x23=0x3c60fe3d
        8745000	       873	800008d0	00a1c663	blt	x3,x10,800008dc	  x3:0x00000001 x10:0x800007fc
        8755000	       874	800008d4	009181b3	add	x3,x3,x9	  x3:0x00000001  x9:0x00000000  x3=0x00000001
        8765000	       875	800008d8	026d0463	beq	x26,x6,80000900	 x26:0x00000000  x6:0x00000000
        8775000	       876	00000000	00000013	addi	x0,x0,0	  x0:0x00000000
        8785000	       877	800008fc	00000013	addi	x0,x0,0	  x0:0x00000000
        8795000	       878	80000900	013d03b3	add	x7,x26,x19	 x26:0x00000000 x19:0x00000001  x7=0x00000001
        8805000	       879	80000904	01f23d33	sltu	x26,x4,x31	  x4:0xfffffff0 x31:0x76800000 x26=0x00000000
        8815000	       880	80000908	fadfc793	xori	x15,x31,-83	 x31:0x76800000 x15=0x897fffad
        8825000	       881	8000090c	167d0713	addi	x14,x26,359	 x26:0x00000000 x14=0x00000167
        8835000	       882	80000910	005e9413	slli	x8,x29,0x5	 x29:0x009bc001  x8=0x13780020
        8845000	       883	80000914	4071d5b3	sra	x11,x3,x7	  x3:0x00000001  x7:0x00000001 x11=0x00000000
        8855000	       884	80000918	06601063	bne	x0,x6,80000978	  x0:0x00000000  x6:0x00000000
        8865000	       885	8000091c	012ce533	or	x10,x25,x18	 x25:0x80000000 x18:0xfffff8ab x10=0xfffff8ab
        8875000	       886	80000920	00403133	sltu	x2,x0,x4	  x0:0x00000000  x4:0xfffffff0  x2=0x00000001
        8885000	       887	80000924	05507137	lui	x2,0x5507	  x2=0x05507000
        8895000	       888	80000928	0196a1b3	slt	x3,x13,x25	 x13:0x80009fc4 x25:0x80000000  x3=0x00000000
        8905000	       889	8000092c	7c04a613	slti	x12,x9,1984	  x9:0x00000000 x12=0x00000001
        8915000	       890	80000930	41048b33	sub	x22,x9,x16	  x9:0x00000000 x16:0x00000000 x22=0x00000000
        8925000	       891	80000934	1b881297	auipc	x5,0x1b881	  x5=0x9b881930
        8935000	       892	80000938	006d1fb3	sll	x31,x26,x6	 x26:0x00000000  x6:0x00000000 x31=0x00000000
        8945000	       893	8000093c	00000013	addi	x0,x0,0	  x0:0x00000000
        8955000	       894	80000940	07c19e63	bne	x3,x28,800009bc	  x3:0x00000000 x28:0x00000000
        8965000	       895	80000944	4189d933	sra	x18,x19,x24	 x19:0x00000001 x24:0x00000007 x18=0x00000000
        8975000	       896	80000948	00efd5b3	srl	x11,x31,x14	 x31:0x00000000 x14:0x00000167 x11=0x00000000
        8985000	       897	8000094c	00003c17	auipc	x24,0x3	 x24=0x80003948
        8995000	       898	80000950	494c0c13	addi	x24,x24,1172	 x24:0x80003948 x24=0x80003ddc
        9005000	       899	80000954	92d0e613	ori	x12,x1,-1747	  x1:0x00000001 x12=0xfffff92d
        9015000	       900	80000958	2298f013	andi	x0,x17,553	 x17:0x58000041
        9025000	       901	8000095c	e8452f13	slti	x30,x10,-380	 x10:0xfffff8ab x30=0x00000001
        9035000	       902	80000960	2ecc0c13	addi	x24,x24,748	 x24:0x80003ddc x24=0x800040c8
        9045000	       903	80000964	00c5b733	sltu	x14,x11,x12	 x11:0x00000000 x12:0xfffff92d x14=0x00000001
        9055000	       904	80000968	01d71993	slli	x19,x14,0x1d	 x14:0x00000001 x19=0x20000000
        9065000	       905	8000096c	011a42b3	xor	x5,x20,x17	 x20:0x00000200 x17:0x58000041  x5=0x58000241
        9075000	       906	80000970	2f0e4293	xori	x5,x28,752	 x28:0x00000000  x5=0x000002f0
        9085000	       907	80000974	d15c0367	jalr	x6,x24,-747	 x24:0x800040c8  x6=0x80000974
        9095000	       908	00000000	00000013	addi	x0,x0,0	  x0:0x00000000
        9105000	       909	80003ddc	00000013	addi	x0,x0,0	  x0:0x00000000
        9115000	       910	80003de0	0181b733	sltu	x14,x3,x24	  x3:0x00000000 x24:0x800040c8 x14=0x00000001
        9125000	       911	80003de4	0131e863	bltu	x3,x19,80003df4	  x3:0x00000000 x19:0x20000000
        9135000	       912	00000000	00000013	addi	x0,x0,0	  x0:0x00000000
        9145000	       913	80003df0	00000013	addi	x0,x0,0	  x0:0x00000000
        9155000	       914	80003df4	ff4d8d93	addi	x27,x27,-12	 x27:0x80009f84 x27=0x80009f78
        9165000	       915	80003df8	62907413	andi	x8,x0,1577	  x0:0x00000000  x8=0x00000000
        9175000	       916	80003dfc	006da223	sw	x6,4(x27)	 x27:0x80009f78  x6:0x80000974 PA:0x80009f7c
        9185000	       917	80003e00	15dd4a97	auipc	x21,0x15dd4	 x21=0x95dd7dfc
        9195000	       918	80003e04	fffffa17	auipc	x20,0xfffff	 x20=0x80002e00
        9205000	       919	80003e08	8fca0a13	addi	x20,x20,-1796	 x20:0x80002e00 x20=0x800026fc
        9215000	       920	80003e0c	143d0197	auipc	x3,0x143d0	  x3=0x943d3e08
        9225000	       921	80003e10	4b427793	andi	x15,x4,1204	  x4:0xfffffff0 x15=0x000004b0
        9235000	       922	80003e14	5fec0713	addi	x14,x24,1534	 x24:0x800040c8 x14=0x800046c6
        9245000	       923	80003e18	92f8e013	ori	x0,x17,-1745	 x17:0x58000041
        9255000	       924	80003e1c	00bed493	srli	x9,x29,0xb	 x29:0x009bc001  x9=0x00001378
        9265000	       925	80003e20	cf8a0a13	addi	x20,x20,-776	 x20:0x800026fc x20=0x800023f4
        9275000	       926	80003e24	011f51b3	srl	x3,x30,x17	 x30:0x00000001 x17:0x58000041  x3=0x00000000
        9285000	       927	80003e28	0136f463	bgeu	x13,x19,80003e30	 x13:0x80009fc4 x19:0x20000000
        9295000	       928	00000000	00000013	addi	x0,x0,0	  x0:0x00000000
        9305000	       929	80003e2c	00000013	addi	x0,x0,0	  x0:0x00000000
        9315000	       930	80003e30	308a0367	jalr	x6,x20,776	 x20:0x800023f4  x6=0x80003e30
        9325000	       931	00000000	00000013	addi	x0,x0,0	  x0:0x00000000
        9335000	       932	800026fc	00000013	addi	x0,x0,0	  x0:0x00000000
        9345000	       933	80002700	fc38f493	andi	x9,x17,-61	 x17:0x58000041  x9=0x58000041
        9355000	       934	80002704	00000013	addi	x0,x0,0	  x0:0x00000000
        9365000	       935	80002708	a4428813	addi	x16,x5,-1468	  x5:0x000002f0 x16=0xfffffd34
        9375000	       936	8000270c	ff8d8d93	addi	x27,x27,-8	 x27:0x80009f78 x27=0x80009f70
        9385000	       937	80002710	411c5d13	srai	x26,x24,0x11	 x24:0x800040c8 x26=0xffffc000
        9395000	       938	80002714	006da223	sw	x6,4(x27)	 x27:0x80009f70  x6:0x80003e30 PA:0x80009f74
        9405000	       939	80002718	489f7613	andi	x12,x30,1161	 x30:0x00000001 x12=0x00000001
        9415000	       940	8000271c	0280036f	jal	x6,8000271c	  x6=0x8000271c
        9425000	       941	00000000	00000013	addi	x0,x0,0	  x0:0x00000000
        9435000	       942	80002740	00000013	addi	x0,x0,0	  x0:0x00000000
        9445000	       943	80002744	fedff0ef	jal	x1,80002744	  x1=0x80002744
        9455000	       944	00000000	00000013	addi	x0,x0,0	  x0:0x00000000
        9465000	       945	8000272c	00000013	addi	x0,x0,0	  x0:0x00000000
        9475000	       946	80002730	ff5ff86f	jal	x16,80002730	 x16=0x80002730
        9485000	       947	00000000	00000013	addi	x0,x0,0	  x0:0x00000000
        9495000	       948	80002720	00000013	addi	x0,x0,0	  x0:0x00000000
        9505000	       949	80002724	010000ef	jal	x1,80002724	  x1=0x80002724
        9515000	       950	00000000	00000013	addi	x0,x0,0	  x0:0x00000000
        9525000	       951	80002730	00000013	addi	x0,x0,0	  x0:0x00000000
        9535000	       952	80002734	0340036f	jal	x6,80002734	  x6=0x80002734
        9545000	       953	00000000	00000013	addi	x0,x0,0	  x0:0x00000000
        9555000	       954	80002764	00000013	addi	x0,x0,0	  x0:0x00000000
        9565000	       955	80002768	ffdff36f	jal	x6,80002768	  x6=0x80002768
        9575000	       956	00000000	00000013	addi	x0,x0,0	  x0:0x00000000
        9585000	       957	80002760	00000013	addi	x0,x0,0	  x0:0x00000000
        9595000	       958	80002764	fe9fff6f	jal	x30,80002764	 x30=0x80002764
        9605000	       959	00000000	00000013	addi	x0,x0,0	  x0:0x00000000
        9615000	       960	80002748	00000013	addi	x0,x0,0	  x0:0x00000000
        9625000	       961	8000274c	fddff26f	jal	x4,8000274c	  x4=0x8000274c
        9635000	       962	00000000	00000013	addi	x0,x0,0	  x0:0x00000000
        9645000	       963	80002724	00000013	addi	x0,x0,0	  x0:0x00000000
        9655000	       964	80002728	0200036f	jal	x6,80002728	  x6=0x80002728
        9665000	       965	00000000	00000013	addi	x0,x0,0	  x0:0x00000000
        9675000	       966	80002744	00000013	addi	x0,x0,0	  x0:0x00000000
        9685000	       967	80002748	00c000ef	jal	x1,80002748	  x1=0x80002748
        9695000	       968	00000000	00000013	addi	x0,x0,0	  x0:0x00000000
        9705000	       969	80002750	00000013	addi	x0,x0,0	  x0:0x00000000
        9715000	       970	80002754	ffdff0ef	jal	x1,80002754	  x1=0x80002754
        9725000	       971	00000000	00000013	addi	x0,x0,0	  x0:0x00000000
        9735000	       972	8000274c	00000013	addi	x0,x0,0	  x0:0x00000000
        9745000	       973	80002750	fedff36f	jal	x6,80002750	  x6=0x80002750
        9755000	       974	00000000	00000013	addi	x0,x0,0	  x0:0x00000000
        9765000	       975	80002738	00000013	addi	x0,x0,0	  x0:0x00000000
        9775000	       976	8000273c	0240036f	jal	x6,8000273c	  x6=0x8000273c
        9785000	       977	00000000	00000013	addi	x0,x0,0	  x0:0x00000000
        9795000	       978	8000275c	00000013	addi	x0,x0,0	  x0:0x00000000
        9805000	       979	80002760	fcdff0ef	jal	x1,80002760	  x1=0x80002760
        9815000	       980	00000000	00000013	addi	x0,x0,0	  x0:0x00000000
        9825000	       981	80002728	00000013	addi	x0,x0,0	  x0:0x00000000
        9835000	       982	8000272c	ff5ff0ef	jal	x1,8000272c	  x1=0x8000272c
        9845000	       983	00000000	00000013	addi	x0,x0,0	  x0:0x00000000
        9855000	       984	8000271c	00000013	addi	x0,x0,0	  x0:0x00000000
        9865000	       985	80002720	020000ef	jal	x1,80002720	  x1=0x80002720
        9875000	       986	00000000	00000013	addi	x0,x0,0	  x0:0x00000000
        9885000	       987	8000273c	00000013	addi	x0,x0,0	  x0:0x00000000
        9895000	       988	80002740	01c002ef	jal	x5,80002740	  x5=0x80002740
        9905000	       989	00000000	00000013	addi	x0,x0,0	  x0:0x00000000
        9915000	       990	80002758	00000013	addi	x0,x0,0	  x0:0x00000000
        9925000	       991	8000275c	ffdff0ef	jal	x1,8000275c	  x1=0x8000275c
        9935000	       992	00000000	00000013	addi	x0,x0,0	  x0:0x00000000
        9945000	       993	80002754	00000013	addi	x0,x0,0	  x0:0x00000000
        9955000	       994	80002758	fe1ff0ef	jal	x1,80002758	  x1=0x80002758
        9965000	       995	00000000	00000013	addi	x0,x0,0	  x0:0x00000000
        9975000	       996	80002734	00000013	addi	x0,x0,0	  x0:0x00000000
        9985000	       997	80002738	034009ef	jal	x19,80002738	 x19=0x80002738
        9995000	       998	00000000	00000013	addi	x0,x0,0	  x0:0x00000000
       10005000	       999	80002768	00000013	addi	x0,x0,0	  x0:0x00000000
       10015000	      1000	8000276c	0067b533	sltu	x10,x15,x6	 x15:0x000004b0  x6:0x8000273c x10=0x00000001
       10025000	      1001	80002770	01c0036f	jal	x6,80002770	  x6=0x80002770
       10035000	      1002	00000000	00000013	addi	x0,x0,0	  x0:0x00000000
       10045000	      1003	80002788	00000013	addi	x0,x0,0	  x0:0x00000000
       10055000	      1004	8000278c	01c000ef	jal	x1,8000278c	  x1=0x8000278c
       10065000	      1005	00000000	00000013	addi	x0,x0,0	  x0:0x00000000
       10075000	      1006	800027a4	00000013	addi	x0,x0,0	  x0:0x00000000
       10085000	      1007	800027a8	fddff0ef	jal	x1,800027a8	  x1=0x800027a8
       10095000	      1008	00000000	00000013	addi	x0,x0,0	  x0:0x00000000
       10105000	      1009	80002780	00000013	addi	x0,x0,0	  x0:0x00000000
       10115000	      1010	80002784	ffdff0ef	jal	x1,80002784	  x1=0x80002784
       10125000	      1011	00000000	00000013	addi	x0,x0,0	  x0:0x00000000
       10135000	      1012	8000277c	00000013	addi	x0,x0,0	  x0:0x00000000
       10145000	      1013	80002780	030000ef	jal	x1,80002780	  x1=0x80002780
       10155000	      1014	00000000	00000013	addi	x0,x0,0	  x0:0x00000000
       10165000	      1015	800027ac	00000013	addi	x0,x0,0	  x0:0x00000000
       10175000	      1016	800027b0	fe9ff16f	jal	x2,800027b0	  x2=0x800027b0
       10185000	      1017	00000000	00000013	addi	x0,x0,0	  x0:0x00000000
       10195000	      1018	80002794	00000013	addi	x0,x0,0	  x0:0x00000000
       10205000	      1019	80002798	ff1ffa6f	jal	x20,80002798	 x20=0x80002798
       10215000	      1020	00000000	00000013	addi	x0,x0,0	  x0:0x00000000
       10225000	      1021	80002784	00000013	addi	x0,x0,0	  x0:0x00000000
       10235000	      1022	80002788	014000ef	jal	x1,80002788	  x1=0x80002788
       10245000	      1023	00000000	00000013	addi	x0,x0,0	  x0:0x00000000
       10255000	      1024	80002798	00000013	addi	x0,x0,0	  x0:0x00000000
       10265000	      1025	8000279c	ff5ff0ef	jal	x1,8000279c	  x1=0x8000279c
       10275000	      1026	00000000	00000013	addi	x0,x0,0	  x0:0x00000000
       10285000	      1027	8000278c	00000013	addi	x0,x0,0	  x0:0x00000000
       10295000	      1028	80002790	0140036f	jal	x6,80002790	  x6=0x80002790
       10305000	      1029	00000000	00000013	addi	x0,x0,0	  x0:0x00000000
       10315000	      1030	800027a0	00000013	addi	x0,x0,0	  x0:0x00000000
       10325000	      1031	800027a4	fd5ff56f	jal	x10,800027a4	 x10=0x800027a4
       10335000	      1032	00000000	00000013	addi	x0,x0,0	  x0:0x00000000
       10345000	      1033	80002774	00000013	addi	x0,x0,0	  x0:0x00000000
       10355000	      1034	80002778	034000ef	jal	x1,80002778	  x1=0x80002778
       10365000	      1035	00000000	00000013	addi	x0,x0,0	  x0:0x00000000
       10375000	      1036	800027a8	00000013	addi	x0,x0,0	  x0:0x00000000
       10385000	      1037	800027ac	fd1ff56f	jal	x10,800027ac	 x10=0x800027ac
       10395000	      1038	00000000	00000013	addi	x0,x0,0	  x0:0x00000000
       10405000	      1039	80002778	00000013	addi	x0,x0,0	  x0:0x00000000
       10415000	      1040	8000277c	024000ef	jal	x1,8000277c	  x1=0x8000277c
       10425000	      1041	00000000	00000013	addi	x0,x0,0	  x0:0x00000000
       10435000	      1042	8000279c	00000013	addi	x0,x0,0	  x0:0x00000000
       10445000	      1043	800027a0	fd5ff0ef	jal	x1,800027a0	  x1=0x800027a0
       10455000	      1044	00000000	00000013	addi	x0,x0,0	  x0:0x00000000
       10465000	      1045	80002770	00000013	addi	x0,x0,0	  x0:0x00000000
       10475000	      1046	80002774	0200036f	jal	x6,80002774	  x6=0x80002774
       10485000	      1047	00000000	00000013	addi	x0,x0,0	  x0:0x00000000
       10495000	      1048	80002790	00000013	addi	x0,x0,0	  x0:0x00000000
       10505000	      1049	80002794	020000ef	jal	x1,80002794	  x1=0x80002794
       10515000	      1050	00000000	00000013	addi	x0,x0,0	  x0:0x00000000
       10525000	      1051	800027b0	00000013	addi	x0,x0,0	  x0:0x00000000
       10535000	      1052	800027b4	412bdf13	srai	x30,x23,0x12	 x23:0x3c60fe3d x30=0x00000f18
       10545000	      1053	800027b8	0040036f	jal	x6,800027b8	  x6=0x800027b8
       10555000	      1054	00000000	00000013	addi	x0,x0,0	  x0:0x00000000
       10565000	      1055	800027b8	00000013	addi	x0,x0,0	  x0:0x00000000
       10575000	      1056	800027bc	008000ef	jal	x1,800027bc	  x1=0x800027bc
       10585000	      1057	00000000	00000013	addi	x0,x0,0	  x0:0x00000000
       10595000	      1058	800027c0	00000013	addi	x0,x0,0	  x0:0x00000000
       10605000	      1059	800027c4	004000ef	jal	x1,800027c4	  x1=0x800027c4
       10615000	      1060	00000000	00000013	addi	x0,x0,0	  x0:0x00000000
       10625000	      1061	800027c4	00000013	addi	x0,x0,0	  x0:0x00000000
       10635000	      1062	800027c8	02c00eef	jal	x29,800027c8	 x29=0x800027c8
       10645000	      1063	00000000	00000013	addi	x0,x0,0	  x0:0x00000000
       10655000	      1064	800027f0	00000013	addi	x0,x0,0	  x0:0x00000000
       10665000	      1065	800027f4	fe5ffeef	jal	x29,800027f4	 x29=0x800027f4
       10675000	      1066	00000000	00000013	addi	x0,x0,0	  x0:0x00000000
       10685000	      1067	800027d4	00000013	addi	x0,x0,0	  x0:0x00000000
       10695000	      1068	800027d8	fe9ff4ef	jal	x9,800027d8	  x9=0x800027d8
       10705000	      1069	00000000	00000013	addi	x0,x0,0	  x0:0x00000000
       10715000	      1070	800027bc	00000013	addi	x0,x0,0	  x0:0x00000000
       10725000	      1071	800027c0	030000ef	jal	x1,800027c0	  x1=0x800027c0
       10735000	      1072	00000000	00000013	addi	x0,x0,0	  x0:0x00000000
       10745000	      1073	800027ec	00000013	addi	x0,x0,0	  x0:0x00000000
       10755000	      1074	800027f0	fedffc6f	jal	x24,800027f0	 x24=0x800027f0
       10765000	      1075	00000000	00000013	addi	x0,x0,0	  x0:0x00000000
       10775000	      1076	800027d8	00000013	addi	x0,x0,0	  x0:0x00000000
       10785000	      1077	800027dc	ff5ff2ef	jal	x5,800027dc	  x5=0x800027dc
       10795000	      1078	00000000	00000013	addi	x0,x0,0	  x0:0x00000000
       10805000	      1079	800027cc	00000013	addi	x0,x0,0	  x0:0x00000000
       10815000	      1080	800027d0	014000ef	jal	x1,800027d0	  x1=0x800027d0
       10825000	      1081	00000000	00000013	addi	x0,x0,0	  x0:0x00000000
       10835000	      1082	800027e0	00000013	addi	x0,x0,0	  x0:0x00000000
       10845000	      1083	800027e4	fe9ffaef	jal	x21,800027e4	 x21=0x800027e4
       10855000	      1084	00000000	00000013	addi	x0,x0,0	  x0:0x00000000
       10865000	      1085	800027c8	00000013	addi	x0,x0,0	  x0:0x00000000
       10875000	      1086	800027cc	0200036f	jal	x6,800027cc	  x6=0x800027cc
       10885000	      1087	00000000	00000013	addi	x0,x0,0	  x0:0x00000000
       10895000	      1088	800027e8	00000013	addi	x0,x0,0	  x0:0x00000000
       10905000	      1089	800027ec	ff5ff36f	jal	x6,800027ec	  x6=0x800027ec
       10915000	      1090	00000000	00000013	addi	x0,x0,0	  x0:0x00000000
       10925000	      1091	800027dc	00000013	addi	x0,x0,0	  x0:0x00000000
       10935000	      1092	800027e0	0080066f	jal	x12,800027e0	 x12=0x800027e0
       10945000	      1093	00000000	00000013	addi	x0,x0,0	  x0:0x00000000
       10955000	      1094	800027e4	00000013	addi	x0,x0,0	  x0:0x00000000
       10965000	      1095	800027e8	fedff5ef	jal	x11,800027e8	 x11=0x800027e8
       10975000	      1096	00000000	00000013	addi	x0,x0,0	  x0:0x00000000
       10985000	      1097	800027d0	00000013	addi	x0,x0,0	  x0:0x00000000
       10995000	      1098	800027d4	0240036f	jal	x6,800027d4	  x6=0x800027d4
       11005000	      1099	00000000	00000013	addi	x0,x0,0	  x0:0x00000000
       11015000	      1100	800027f4	00000013	addi	x0,x0,0	  x0:0x00000000
       11025000	      1101	800027f8	0039d5b3	srl	x11,x19,x3	 x19:0x80002738  x3:0x00000000 x11=0x80002738
       11035000	      1102	800027fc	0440036f	jal	x6,800027fc	  x6=0x800027fc
       11045000	      1103	00000000	00000013	addi	x0,x0,0	  x0:0x00000000
       11055000	      1104	8000283c	00000013	addi	x0,x0,0	  x0:0x00000000
       11065000	      1105	80002840	014000ef	jal	x1,80002840	  x1=0x80002840
       11075000	      1106	00000000	00000013	addi	x0,x0,0	  x0:0x00000000
       11085000	      1107	80002850	00000013	addi	x0,x0,0	  x0:0x00000000
       11095000	      1108	80002854	fb1ff0ef	jal	x1,80002854	  x1=0x80002854
       11105000	      1109	00000000	00000013	addi	x0,x0,0	  x0:0x00000000
       11115000	      1110	80002800	00000013	addi	x0,x0,0	  x0:0x00000000
       11125000	      1111	80002804	0240036f	jal	x6,80002804	  x6=0x80002804
       11135000	      1112	00000000	00000013	addi	x0,x0,0	  x0:0x00000000
       11145000	      1113	80002824	00000013	addi	x0,x0,0	  x0:0x00000000
       11155000	      1114	80002828	008000ef	jal	x1,80002828	  x1=0x80002828
       11165000	      1115	00000000	00000013	addi	x0,x0,0	  x0:0x00000000
       11175000	      1116	8000282c	00000013	addi	x0,x0,0	  x0:0x00000000
       11185000	      1117	80002830	fedff0ef	jal	x1,80002830	  x1=0x80002830
       11195000	      1118	00000000	00000013	addi	x0,x0,0	  x0:0x00000000
       11205000	      1119	80002818	00000013	addi	x0,x0,0	  x0:0x00000000
       11215000	      1120	8000281c	0340036f	jal	x6,8000281c	  x6=0x8000281c
       11225000	      1121	00000000	00000013	addi	x0,x0,0	  x0:0x00000000
       11235000	      1122	8000284c	00000013	addi	x0,x0,0	  x0:0x00000000
       11245000	      1123	80002850	fedff0ef	jal	x1,80002850	  x1=0x80002850
       11255000	      1124	00000000	00000013	addi	x0,x0,0	  x0:0x00000000
       11265000	      1125	80002838	00000013	addi	x0,x0,0	  x0:0x00000000
       11275000	      1126	8000283c	fe5ff0ef	jal	x1,8000283c	  x1=0x8000283c
       11285000	      1127	00000000	00000013	addi	x0,x0,0	  x0:0x00000000
       11295000	      1128	8000281c	00000013	addi	x0,x0,0	  x0:0x00000000
       11305000	      1129	80002820	014000ef	jal	x1,80002820	  x1=0x80002820
       11315000	      1130	00000000	00000013	addi	x0,x0,0	  x0:0x00000000
       11325000	      1131	80002830	00000013	addi	x0,x0,0	  x0:0x00000000
       11335000	      1132	80002834	fe5ff0ef	jal	x1,80002834	  x1=0x80002834
       11345000	      1133	00000000	00000013	addi	x0,x0,0	  x0:0x00000000
       11355000	      1134	80002814	00000013	addi	x0,x0,0	  x0:0x00000000
       11365000	      1135	80002818	ff5ffeef	jal	x29,80002818	 x29=0x80002818
       11375000	      1136	00000000	00000013	addi	x0,x0,0	  x0:0x00000000
       11385000	      1137	80002808	00000013	addi	x0,x0,0	  x0:0x00000000
       11395000	      1138	8000280c	ffdff0ef	jal	x1,8000280c	  x1=0x8000280c
       11405000	      1139	00000000	00000013	addi	x0,x0,0	  x0:0x00000000
       11415000	      1140	80002804	00000013	addi	x0,x0,0	  x0:0x00000000
       11425000	      1141	80002808	ff9ff0ef	jal	x1,80002808	  x1=0x80002808
       11435000	      1142	00000000	00000013	addi	x0,x0,0	  x0:0x00000000
       11445000	      1143	800027fc	00000013	addi	x0,x0,0	  x0:0x00000000
       11455000	      1144	80002800	044000ef	jal	x1,80002800	  x1=0x80002800
       11465000	      1145	00000000	00000013	addi	x0,x0,0	  x0:0x00000000
       11475000	      1146	80002840	00000013	addi	x0,x0,0	  x0:0x00000000
       11485000	      1147	80002844	ff5ff0ef	jal	x1,80002844	  x1=0x80002844
       11495000	      1148	00000000	00000013	addi	x0,x0,0	  x0:0x00000000
       11505000	      1149	80002834	00000013	addi	x0,x0,0	  x0:0x00000000
       11515000	      1150	80002838	0140036f	jal	x6,80002838	  x6=0x80002838
       11525000	      1151	00000000	00000013	addi	x0,x0,0	  x0:0x00000000
       11535000	      1152	80002848	00000013	addi	x0,x0,0	  x0:0x00000000
       11545000	      1153	8000284c	fe1ff0ef	jal	x1,8000284c	  x1=0x8000284c
       11555000	      1154	00000000	00000013	addi	x0,x0,0	  x0:0x00000000
       11565000	      1155	80002828	00000013	addi	x0,x0,0	  x0:0x00000000
       11575000	      1156	8000282c	01c000ef	jal	x1,8000282c	  x1=0x8000282c
       11585000	      1157	00000000	00000013	addi	x0,x0,0	  x0:0x00000000
       11595000	      1158	80002844	00000013	addi	x0,x0,0	  x0:0x00000000
       11605000	      1159	80002848	fddff7ef	jal	x15,80002848	 x15=0x80002848
       11615000	      1160	00000000	00000013	addi	x0,x0,0	  x0:0x00000000
       11625000	      1161	80002820	00000013	addi	x0,x0,0	  x0:0x00000000
       11635000	      1162	80002824	ff1ff2ef	jal	x5,80002824	  x5=0x80002824
       11645000	      1163	00000000	00000013	addi	x0,x0,0	  x0:0x00000000
       11655000	      1164	80002810	00000013	addi	x0,x0,0	  x0:0x00000000
       11665000	      1165	80002814	ffdff16f	jal	x2,80002814	  x2=0x80002814
       11675000	      1166	00000000	00000013	addi	x0,x0,0	  x0:0x00000000
       11685000	      1167	8000280c	00000013	addi	x0,x0,0	  x0:0x00000000
       11695000	      1168	80002810	048008ef	jal	x17,80002810	 x17=0x80002810
       11705000	      1169	00000000	00000013	addi	x0,x0,0	  x0:0x00000000
       11715000	      1170	80002854	00000013	addi	x0,x0,0	  x0:0x00000000
       11725000	      1171	80002858	00b95293	srli	x5,x18,0xb	 x18:0x00000000  x5=0x00000000
       11735000	      1172	8000285c	0340036f	jal	x6,8000285c	  x6=0x8000285c
       11745000	      1173	00000000	00000013	addi	x0,x0,0	  x0:0x00000000
       11755000	      1174	8000288c	00000013	addi	x0,x0,0	  x0:0x00000000
       11765000	      1175	80002890	fe9ff0ef	jal	x1,80002890	  x1=0x80002890
       11775000	      1176	00000000	00000013	addi	x0,x0,0	  x0:0x00000000
       11785000	      1177	80002874	00000013	addi	x0,x0,0	  x0:0x00000000
       11795000	      1178	80002878	fe9ff2ef	jal	x5,80002878	  x5=0x80002878
       11805000	      1179	00000000	00000013	addi	x0,x0,0	  x0:0x00000000
       11815000	      1180	8000285c	00000013	addi	x0,x0,0	  x0:0x00000000
       11825000	      1181	80002860	014003ef	jal	x7,80002860	  x7=0x80002860
       11835000	      1182	00000000	00000013	addi	x0,x0,0	  x0:0x00000000
       11845000	      1183	80002870	00000013	addi	x0,x0,0	  x0:0x00000000
       11855000	      1184	80002874	024000ef	jal	x1,80002874	  x1=0x80002874
       11865000	      1185	00000000	00000013	addi	x0,x0,0	  x0:0x00000000
       11875000	      1186	80002894	00000013	addi	x0,x0,0	  x0:0x00000000
       11885000	      1187	80002898	ff1ff0ef	jal	x1,80002898	  x1=0x80002898
       11895000	      1188	00000000	00000013	addi	x0,x0,0	  x0:0x00000000
       11905000	      1189	80002884	00000013	addi	x0,x0,0	  x0:0x00000000
       11915000	      1190	80002888	fe5ff46f	jal	x8,80002888	  x8=0x80002888
       11925000	      1191	00000000	00000013	addi	x0,x0,0	  x0:0x00000000
       11935000	      1192	80002868	00000013	addi	x0,x0,0	  x0:0x00000000
       11945000	      1193	8000286c	018009ef	jal	x19,8000286c	 x19=0x8000286c
       11955000	      1194	00000000	00000013	addi	x0,x0,0	  x0:0x00000000
       11965000	      1195	80002880	00000013	addi	x0,x0,0	  x0:0x00000000
       11975000	      1196	80002884	ff9ffd6f	jal	x26,80002884	 x26=0x80002884
       11985000	      1197	00000000	00000013	addi	x0,x0,0	  x0:0x00000000
       11995000	      1198	80002878	00000013	addi	x0,x0,0	  x0:0x00000000
       12005000	      1199	8000287c	fe9ff0ef	jal	x1,8000287c	  x1=0x8000287c
       12015000	      1200	00000000	00000013	addi	x0,x0,0	  x0:0x00000000
       12025000	      1201	80002860	00000013	addi	x0,x0,0	  x0:0x00000000
       12035000	      1202	80002864	01c0036f	jal	x6,80002864	  x6=0x80002864
       12045000	      1203	00000000	00000013	addi	x0,x0,0	  x0:0x00000000
       12055000	      1204	8000287c	00000013	addi	x0,x0,0	  x0:0x00000000
       12065000	      1205	80002880	fe9ff0ef	jal	x1,80002880	  x1=0x80002880
       12075000	      1206	00000000	00000013	addi	x0,x0,0	  x0:0x00000000
       12085000	      1207	80002864	00000013	addi	x0,x0,0	  x0:0x00000000
       12095000	      1208	80002868	02c000ef	jal	x1,80002868	  x1=0x80002868
       12105000	      1209	00000000	00000013	addi	x0,x0,0	  x0:0x00000000
       12115000	      1210	80002890	00000013	addi	x0,x0,0	  x0:0x00000000
       12125000	      1211	80002894	fddffa6f	jal	x20,80002894	 x20=0x80002894
       12135000	      1212	00000000	00000013	addi	x0,x0,0	  x0:0x00000000
       12145000	      1213	8000286c	00000013	addi	x0,x0,0	  x0:0x00000000
       12155000	      1214	80002870	01c000ef	jal	x1,80002870	  x1=0x80002870
       12165000	      1215	00000000	00000013	addi	x0,x0,0	  x0:0x00000000
       12175000	      1216	80002888	00000013	addi	x0,x0,0	  x0:0x00000000
       12185000	      1217	8000288c	010000ef	jal	x1,8000288c	  x1=0x8000288c
       12195000	      1218	00000000	00000013	addi	x0,x0,0	  x0:0x00000000
       12205000	      1219	80002898	00000013	addi	x0,x0,0	  x0:0x00000000
       12215000	      1220	8000289c	a1fccf93	xori	x31,x25,-1505	 x25:0x80000000 x31=0x7ffffa1f
       12225000	      1221	800028a0	0300036f	jal	x6,800028a0	  x6=0x800028a0
       12235000	      1222	00000000	00000013	addi	x0,x0,0	  x0:0x00000000
       12245000	      1223	800028cc	00000013	addi	x0,x0,0	  x0:0x00000000
       12255000	      1224	800028d0	fd5ff36f	jal	x6,800028d0	  x6=0x800028d0
       12265000	      1225	00000000	00000013	addi	x0,x0,0	  x0:0x00000000
       12275000	      1226	800028a0	00000013	addi	x0,x0,0	  x0:0x00000000
       12285000	      1227	800028a4	020000ef	jal	x1,800028a4	  x1=0x800028a4
       12295000	      1228	00000000	00000013	addi	x0,x0,0	  x0:0x00000000
       12305000	      1229	800028c0	00000013	addi	x0,x0,0	  x0:0x00000000
       12315000	      1230	800028c4	0240026f	jal	x4,800028c4	  x4=0x800028c4
       12325000	      1231	00000000	00000013	addi	x0,x0,0	  x0:0x00000000
       12335000	      1232	800028e4	00000013	addi	x0,x0,0	  x0:0x00000000
       12345000	      1233	800028e8	ffdff5ef	jal	x11,800028e8	 x11=0x800028e8
       12355000	      1234	00000000	00000013	addi	x0,x0,0	  x0:0x00000000
       12365000	      1235	800028e0	00000013	addi	x0,x0,0	  x0:0x00000000
       12375000	      1236	800028e4	ffdff36f	jal	x6,800028e4	  x6=0x800028e4
       12385000	      1237	00000000	00000013	addi	x0,x0,0	  x0:0x00000000
       12395000	      1238	800028dc	00000013	addi	x0,x0,0	  x0:0x00000000
       12405000	      1239	800028e0	0240036f	jal	x6,800028e0	  x6=0x800028e0
       12415000	      1240	00000000	00000013	addi	x0,x0,0	  x0:0x00000000
       12425000	      1241	80002900	00000013	addi	x0,x0,0	  x0:0x00000000
       12435000	      1242	80002904	ffdff0ef	jal	x1,80002904	  x1=0x80002904
       12445000	      1243	00000000	00000013	addi	x0,x0,0	  x0:0x00000000
       12455000	      1244	800028fc	00000013	addi	x0,x0,0	  x0:0x00000000
       12465000	      1245	80002900	fbdff0ef	jal	x1,80002900	  x1=0x80002900
       12475000	      1246	00000000	00000013	addi	x0,x0,0	  x0:0x00000000
       12485000	      1247	800028b8	00000013	addi	x0,x0,0	  x0:0x00000000
       12495000	      1248	800028bc	ff9ffa6f	jal	x20,800028bc	 x20=0x800028bc
       12505000	      1249	00000000	00000013	addi	x0,x0,0	  x0:0x00000000
       12515000	      1250	800028b0	00000013	addi	x0,x0,0	  x0:0x00000000
       12525000	      1251	800028b4	ff9ffd6f	jal	x26,800028b4	 x26=0x800028b4
       12535000	      1252	00000000	00000013	addi	x0,x0,0	  x0:0x00000000
       12545000	      1253	800028a8	00000013	addi	x0,x0,0	  x0:0x00000000
       12555000	      1254	800028ac	030000ef	jal	x1,800028ac	  x1=0x800028ac
       12565000	      1255	00000000	00000013	addi	x0,x0,0	  x0:0x00000000
       12575000	      1256	800028d8	00000013	addi	x0,x0,0	  x0:0x00000000
       12585000	      1257	800028dc	fddff9ef	jal	x19,800028dc	 x19=0x800028dc
       12595000	      1258	00000000	00000013	addi	x0,x0,0	  x0:0x00000000
       12605000	      1259	800028b4	00000013	addi	x0,x0,0	  x0:0x00000000
       12615000	      1260	800028b8	ff9ff5ef	jal	x11,800028b8	 x11=0x800028b8
       12625000	      1261	00000000	00000013	addi	x0,x0,0	  x0:0x00000000
       12635000	      1262	800028ac	00000013	addi	x0,x0,0	  x0:0x00000000
       12645000	      1263	800028b0	01c000ef	jal	x1,800028b0	  x1=0x800028b0
       12655000	      1264	00000000	00000013	addi	x0,x0,0	  x0:0x00000000
       12665000	      1265	800028c8	00000013	addi	x0,x0,0	  x0:0x00000000
       12675000	      1266	800028cc	0400026f	jal	x4,800028cc	  x4=0x800028cc
       12685000	      1267	00000000	00000013	addi	x0,x0,0	  x0:0x00000000
       12695000	      1268	80002908	00000013	addi	x0,x0,0	  x0:0x00000000
       12705000	      1269	8000290c	fc9ffb6f	jal	x22,8000290c	 x22=0x8000290c
       12715000	      1270	00000000	00000013	addi	x0,x0,0	  x0:0x00000000
       12725000	      1271	800028d0	00000013	addi	x0,x0,0	  x0:0x00000000
       12735000	      1272	800028d4	0400036f	jal	x6,800028d4	  x6=0x800028d4
       12745000	      1273	00000000	00000013	addi	x0,x0,0	  x0:0x00000000
       12755000	      1274	80002910	00000013	addi	x0,x0,0	  x0:0x00000000
       12765000	      1275	80002914	f95ff0ef	jal	x1,80002914	  x1=0x80002914
       12775000	      1276	00000000	00000013	addi	x0,x0,0	  x0:0x00000000
       12785000	      1277	800028a4	00000013	addi	x0,x0,0	  x0:0x00000000
       12795000	      1278	800028a8	030004ef	jal	x9,800028a8	  x9=0x800028a8
       12805000	      1279	00000000	00000013	addi	x0,x0,0	  x0:0x00000000
       12815000	      1280	800028d4	00000013	addi	x0,x0,0	  x0:0x00000000
       12825000	      1281	800028d8	0380036f	jal	x6,800028d8	  x6=0x800028d8
       12835000	      1282	00000000	00000013	addi	x0,x0,0	  x0:0x00000000
       12845000	      1283	8000290c	00000013	addi	x0,x0,0	  x0:0x00000000
       12855000	      1284	80002910	fe1ffeef	jal	x29,80002910	 x29=0x80002910
       12865000	      1285	00000000	00000013	addi	x0,x0,0	  x0:0x00000000
       12875000	      1286	800028ec	00000013	addi	x0,x0,0	  x0:0x00000000
       12885000	      1287	800028f0	fd9ff0ef	jal	x1,800028f0	  x1=0x800028f0
       12895000	      1288	00000000	00000013	addi	x0,x0,0	  x0:0x00000000
       12905000	      1289	800028c4	00000013	addi	x0,x0,0	  x0:0x00000000
       12915000	      1290	800028c8	034000ef	jal	x1,800028c8	  x1=0x800028c8
       12925000	      1291	00000000	00000013	addi	x0,x0,0	  x0:0x00000000
       12935000	      1292	800028f8	00000013	addi	x0,x0,0	  x0:0x00000000
       12945000	      1293	800028fc	fc5ff0ef	jal	x1,800028fc	  x1=0x800028fc
       12955000	      1294	00000000	00000013	addi	x0,x0,0	  x0:0x00000000
       12965000	      1295	800028bc	00000013	addi	x0,x0,0	  x0:0x00000000
       12975000	      1296	800028c0	034000ef	jal	x1,800028c0	  x1=0x800028c0
       12985000	      1297	00000000	00000013	addi	x0,x0,0	  x0:0x00000000
       12995000	      1298	800028f0	00000013	addi	x0,x0,0	  x0:0x00000000
       13005000	      1299	800028f4	ff9ff0ef	jal	x1,800028f4	  x1=0x800028f4
       13015000	      1300	00000000	00000013	addi	x0,x0,0	  x0:0x00000000
       13025000	      1301	800028e8	00000013	addi	x0,x0,0	  x0:0x00000000
       13035000	      1302	800028ec	00c000ef	jal	x1,800028ec	  x1=0x800028ec
       13045000	      1303	00000000	00000013	addi	x0,x0,0	  x0:0x00000000
       13055000	      1304	800028f4	00000013	addi	x0,x0,0	  x0:0x00000000
       13065000	      1305	800028f8	010000ef	jal	x1,800028f8	  x1=0x800028f8
       13075000	      1306	00000000	00000013	addi	x0,x0,0	  x0:0x00000000
       13085000	      1307	80002904	00000013	addi	x0,x0,0	  x0:0x00000000
       13095000	      1308	80002908	010000ef	jal	x1,80002908	  x1=0x80002908
       13105000	      1309	00000000	00000013	addi	x0,x0,0	  x0:0x00000000
       13115000	      1310	80002914	00000013	addi	x0,x0,0	  x0:0x00000000
       13125000	      1311	80002918	be8aae93	slti	x29,x21,-1048	 x21:0x800027e4 x29=0x00000001
       13135000	      1312	8000291c	0080036f	jal	x6,8000291c	  x6=0x8000291c
       13145000	      1313	00000000	00000013	addi	x0,x0,0	  x0:0x00000000
       13155000	      1314	80002920	00000013	addi	x0,x0,0	  x0:0x00000000
       13165000	      1315	80002924	00c002ef	jal	x5,80002924	  x5=0x80002924
       13175000	      1316	00000000	00000013	addi	x0,x0,0	  x0:0x00000000
       13185000	      1317	8000292c	00000013	addi	x0,x0,0	  x0:0x00000000
       13195000	      1318	80002930	0180036f	jal	x6,80002930	  x6=0x80002930
       13205000	      1319	00000000	00000013	addi	x0,x0,0	  x0:0x00000000
       13215000	      1320	80002944	00000013	addi	x0,x0,0	  x0:0x00000000
       13225000	      1321	80002948	fd9ff0ef	jal	x1,80002948	  x1=0x80002948
       13235000	      1322	00000000	00000013	addi	x0,x0,0	  x0:0x00000000
       13245000	      1323	8000291c	00000013	addi	x0,x0,0	  x0:0x00000000
       13255000	      1324	80002920	0200036f	jal	x6,80002920	  x6=0x80002920
       13265000	      1325	00000000	00000013	addi	x0,x0,0	  x0:0x00000000
       13275000	      1326	8000293c	00000013	addi	x0,x0,0	  x0:0x00000000
       13285000	      1327	80002940	ffdff9ef	jal	x19,80002940	 x19=0x80002940
       13295000	      1328	00000000	00000013	addi	x0,x0,0	  x0:0x00000000
       13305000	      1329	80002938	00000013	addi	x0,x0,0	  x0:0x00000000
       13315000	      1330	8000293c	008000ef	jal	x1,8000293c	  x1=0x8000293c
       13325000	      1331	00000000	00000013	addi	x0,x0,0	  x0:0x00000000
       13335000	      1332	80002940	00000013	addi	x0,x0,0	  x0:0x00000000
       13345000	      1333	80002944	ff5ff0ef	jal	x1,80002944	  x1=0x80002944
       13355000	      1334	00000000	00000013	addi	x0,x0,0	  x0:0x00000000
       13365000	      1335	80002934	00000013	addi	x0,x0,0	  x0:0x00000000
       13375000	      1336	80002938	ff5ff36f	jal	x6,80002938	  x6=0x80002938
       13385000	      1337	00000000	00000013	addi	x0,x0,0	  x0:0x00000000
       13395000	      1338	80002928	00000013	addi	x0,x0,0	  x0:0x00000000
       13405000	      1339	8000292c	ffdff0ef	jal	x1,8000292c	  x1=0x8000292c
       13415000	      1340	00000000	00000013	addi	x0,x0,0	  x0:0x00000000
       13425000	      1341	80002924	00000013	addi	x0,x0,0	  x0:0x00000000
       13435000	      1342	80002928	00c00c6f	jal	x24,80002928	 x24=0x80002928
       13445000	      1343	00000000	00000013	addi	x0,x0,0	  x0:0x00000000
       13455000	      1344	80002930	00000013	addi	x0,x0,0	  x0:0x00000000
       13465000	      1345	80002934	018000ef	jal	x1,80002934	  x1=0x80002934
       13475000	      1346	00000000	00000013	addi	x0,x0,0	  x0:0x00000000
       13485000	      1347	80002948	00000013	addi	x0,x0,0	  x0:0x00000000
       13495000	      1348	8000294c	6861bab7	lui	x21,0x6861b	 x21=0x6861b000
       13505000	      1349	80002950	0500036f	jal	x6,80002950	  x6=0x80002950
       13515000	      1350	00000000	00000013	addi	x0,x0,0	  x0:0x00000000
       13525000	      1351	8000299c	00000013	addi	x0,x0,0	  x0:0x00000000
       13535000	      1352	800029a0	fe1ff0ef	jal	x1,800029a0	  x1=0x800029a0
       13545000	      1353	00000000	00000013	addi	x0,x0,0	  x0:0x00000000
       13555000	      1354	8000297c	00000013	addi	x0,x0,0	  x0:0x00000000
       13565000	      1355	80002980	0180036f	jal	x6,80002980	  x6=0x80002980
       13575000	      1356	00000000	00000013	addi	x0,x0,0	  x0:0x00000000
       13585000	      1357	80002994	00000013	addi	x0,x0,0	  x0:0x00000000
       13595000	      1358	80002998	ff5ff0ef	jal	x1,80002998	  x1=0x80002998
       13605000	      1359	00000000	00000013	addi	x0,x0,0	  x0:0x00000000
       13615000	      1360	80002988	00000013	addi	x0,x0,0	  x0:0x00000000
       13625000	      1361	8000298c	fe9ff0ef	jal	x1,8000298c	  x1=0x8000298c
       13635000	      1362	00000000	00000013	addi	x0,x0,0	  x0:0x00000000
       13645000	      1363	80002970	00000013	addi	x0,x0,0	  x0:0x00000000
       13655000	      1364	80002974	fe9ff0ef	jal	x1,80002974	  x1=0x80002974
       13665000	      1365	00000000	00000013	addi	x0,x0,0	  x0:0x00000000
       13675000	      1366	80002958	00000013	addi	x0,x0,0	  x0:0x00000000
       13685000	      1367	8000295c	0080066f	jal	x12,8000295c	 x12=0x8000295c
       13695000	      1368	00000000	00000013	addi	x0,x0,0	  x0:0x00000000
       13705000	      1369	80002960	00000013	addi	x0,x0,0	  x0:0x00000000
       13715000	      1370	80002964	0500036f	jal	x6,80002964	  x6=0x80002964
       13725000	      1371	00000000	00000013	addi	x0,x0,0	  x0:0x00000000
       13735000	      1372	800029b0	00000013	addi	x0,x0,0	  x0:0x00000000
       13745000	      1373	800029b4	fc9ff8ef	jal	x17,800029b4	 x17=0x800029b4
       13755000	      1374	00000000	00000013	addi	x0,x0,0	  x0:0x00000000
       13765000	      1375	80002978	00000013	addi	x0,x0,0	  x0:0x00000000
       13775000	      1376	8000297c	fd9ff0ef	jal	x1,8000297c	  x1=0x8000297c
       13785000	      1377	00000000	00000013	addi	x0,x0,0	  x0:0x00000000
       13795000	      1378	80002950	00000013	addi	x0,x0,0	  x0:0x00000000
       13805000	      1379	80002954	0040036f	jal	x6,80002954	  x6=0x80002954
       13815000	      1380	00000000	00000013	addi	x0,x0,0	  x0:0x00000000
       13825000	      1381	80002954	00000013	addi	x0,x0,0	  x0:0x00000000
       13835000	      1382	80002958	044000ef	jal	x1,80002958	  x1=0x80002958
       13845000	      1383	00000000	00000013	addi	x0,x0,0	  x0:0x00000000
       13855000	      1384	80002998	00000013	addi	x0,x0,0	  x0:0x00000000
       13865000	      1385	8000299c	ff5ff0ef	jal	x1,8000299c	  x1=0x8000299c
       13875000	      1386	00000000	00000013	addi	x0,x0,0	  x0:0x00000000
       13885000	      1387	8000298c	00000013	addi	x0,x0,0	  x0:0x00000000
       13895000	      1388	80002990	018000ef	jal	x1,80002990	  x1=0x80002990
       13905000	      1389	00000000	00000013	addi	x0,x0,0	  x0:0x00000000
       13915000	      1390	800029a4	00000013	addi	x0,x0,0	  x0:0x00000000
       13925000	      1391	800029a8	0040026f	jal	x4,800029a8	  x4=0x800029a8
       13935000	      1392	00000000	00000013	addi	x0,x0,0	  x0:0x00000000
       13945000	      1393	800029a8	00000013	addi	x0,x0,0	  x0:0x00000000
       13955000	      1394	800029ac	0040036f	jal	x6,800029ac	  x6=0x800029ac
       13965000	      1395	00000000	00000013	addi	x0,x0,0	  x0:0x00000000
       13975000	      1396	800029ac	00000013	addi	x0,x0,0	  x0:0x00000000
       13985000	      1397	800029b0	ff5ff36f	jal	x6,800029b0	  x6=0x800029b0
       13995000	      1398	00000000	00000013	addi	x0,x0,0	  x0:0x00000000
       14005000	      1399	800029a0	00000013	addi	x0,x0,0	  x0:0x00000000
       14015000	      1400	800029a4	fe5ff1ef	jal	x3,800029a4	  x3=0x800029a4
       14025000	      1401	00000000	00000013	addi	x0,x0,0	  x0:0x00000000
       14035000	      1402	80002984	00000013	addi	x0,x0,0	  x0:0x00000000
       14045000	      1403	80002988	ff1ffd6f	jal	x26,80002988	 x26=0x80002988
       14055000	      1404	00000000	00000013	addi	x0,x0,0	  x0:0x00000000
       14065000	      1405	80002974	00000013	addi	x0,x0,0	  x0:0x00000000
       14075000	      1406	80002978	ff9ff26f	jal	x4,80002978	  x4=0x80002978
       14085000	      1407	00000000	00000013	addi	x0,x0,0	  x0:0x00000000
       14095000	      1408	8000296c	00000013	addi	x0,x0,0	  x0:0x00000000
       14105000	      1409	80002970	ff9ff36f	jal	x6,80002970	  x6=0x80002970
       14115000	      1410	00000000	00000013	addi	x0,x0,0	  x0:0x00000000
       14125000	      1411	80002964	00000013	addi	x0,x0,0	  x0:0x00000000
       14135000	      1412	80002968	01c000ef	jal	x1,80002968	  x1=0x80002968
       14145000	      1413	00000000	00000013	addi	x0,x0,0	  x0:0x00000000
       14155000	      1414	80002980	00000013	addi	x0,x0,0	  x0:0x00000000
       14165000	      1415	80002984	fddff0ef	jal	x1,80002984	  x1=0x80002984
       14175000	      1416	00000000	00000013	addi	x0,x0,0	  x0:0x00000000
       14185000	      1417	8000295c	00000013	addi	x0,x0,0	  x0:0x00000000
       14195000	      1418	80002960	00c002ef	jal	x5,80002960	  x5=0x80002960
       14205000	      1419	00000000	00000013	addi	x0,x0,0	  x0:0x00000000
       14215000	      1420	80002968	00000013	addi	x0,x0,0	  x0:0x00000000
       14225000	      1421	8000296c	028000ef	jal	x1,8000296c	  x1=0x8000296c
       14235000	      1422	00000000	00000013	addi	x0,x0,0	  x0:0x00000000
       14245000	      1423	80002990	00000013	addi	x0,x0,0	  x0:0x00000000
       14255000	      1424	80002994	0240036f	jal	x6,80002994	  x6=0x80002994
       14265000	      1425	00000000	00000013	addi	x0,x0,0	  x0:0x00000000
       14275000	      1426	800029b4	00000013	addi	x0,x0,0	  x0:0x00000000
       14285000	      1427	800029b8	2513f013	andi	x0,x7,593	  x7:0x80002860
       14295000	      1428	800029bc	0640036f	jal	x6,800029bc	  x6=0x800029bc
       14305000	      1429	00000000	00000013	addi	x0,x0,0	  x0:0x00000000
       14315000	      1430	80002a1c	00000013	addi	x0,x0,0	  x0:0x00000000
       14325000	      1431	80002a20	fb5ff9ef	jal	x19,80002a20	 x19=0x80002a20
       14335000	      1432	00000000	00000013	addi	x0,x0,0	  x0:0x00000000
       14345000	      1433	800029d0	00000013	addi	x0,x0,0	  x0:0x00000000
       14355000	      1434	800029d4	02c000ef	jal	x1,800029d4	  x1=0x800029d4
       14365000	      1435	00000000	00000013	addi	x0,x0,0	  x0:0x00000000
       14375000	      1436	800029fc	00000013	addi	x0,x0,0	  x0:0x00000000
       14385000	      1437	80002a00	fc9ff26f	jal	x4,80002a00	  x4=0x80002a00
       14395000	      1438	00000000	00000013	addi	x0,x0,0	  x0:0x00000000
       14405000	      1439	800029c4	00000013	addi	x0,x0,0	  x0:0x00000000
       14415000	      1440	800029c8	ffdff36f	jal	x6,800029c8	  x6=0x800029c8
       14425000	      1441	00000000	00000013	addi	x0,x0,0	  x0:0x00000000
       14435000	      1442	800029c0	00000013	addi	x0,x0,0	  x0:0x00000000
       14445000	      1443	800029c4	060000ef	jal	x1,800029c4	  x1=0x800029c4
       14455000	      1444	00000000	00000013	addi	x0,x0,0	  x0:0x00000000
       14465000	      1445	80002a20	00000013	addi	x0,x0,0	  x0:0x00000000
       14475000	      1446	80002a24	ff1ff36f	jal	x6,80002a24	  x6=0x80002a24
       14485000	      1447	00000000	00000013	addi	x0,x0,0	  x0:0x00000000
       14495000	      1448	80002a10	00000013	addi	x0,x0,0	  x0:0x00000000
       14505000	      1449	80002a14	fe5ffd6f	jal	x26,80002a14	 x26=0x80002a14
       14515000	      1450	00000000	00000013	addi	x0,x0,0	  x0:0x00000000
       14525000	      1451	800029f4	00000013	addi	x0,x0,0	  x0:0x00000000
       14535000	      1452	800029f8	ff9ff36f	jal	x6,800029f8	  x6=0x800029f8
       14545000	      1453	00000000	00000013	addi	x0,x0,0	  x0:0x00000000
       14555000	      1454	800029ec	00000013	addi	x0,x0,0	  x0:0x00000000
       14565000	      1455	800029f0	ff9ff36f	jal	x6,800029f0	  x6=0x800029f0
       14575000	      1456	00000000	00000013	addi	x0,x0,0	  x0:0x00000000
       14585000	      1457	800029e4	00000013	addi	x0,x0,0	  x0:0x00000000
       14595000	      1458	800029e8	01c000ef	jal	x1,800029e8	  x1=0x800029e8
       14605000	      1459	00000000	00000013	addi	x0,x0,0	  x0:0x00000000
       14615000	      1460	80002a00	00000013	addi	x0,x0,0	  x0:0x00000000
       14625000	      1461	80002a04	0280036f	jal	x6,80002a04	  x6=0x80002a04
       14635000	      1462	00000000	00000013	addi	x0,x0,0	  x0:0x00000000
       14645000	      1463	80002a28	00000013	addi	x0,x0,0	  x0:0x00000000
       14655000	      1464	80002a2c	ffdff36f	jal	x6,80002a2c	  x6=0x80002a2c
       14665000	      1465	00000000	00000013	addi	x0,x0,0	  x0:0x00000000
       14675000	      1466	80002a24	00000013	addi	x0,x0,0	  x0:0x00000000
       14685000	      1467	80002a28	fe9ff36f	jal	x6,80002a28	  x6=0x80002a28
       14695000	      1468	00000000	00000013	addi	x0,x0,0	  x0:0x00000000
       14705000	      1469	80002a0c	00000013	addi	x0,x0,0	  x0:0x00000000
       14715000	      1470	80002a10	00c000ef	jal	x1,80002a10	  x1=0x80002a10
       14725000	      1471	00000000	00000013	addi	x0,x0,0	  x0:0x00000000
       14735000	      1472	80002a18	00000013	addi	x0,x0,0	  x0:0x00000000
       14745000	      1473	80002a1c	014003ef	jal	x7,80002a1c	  x7=0x80002a1c
       14755000	      1474	00000000	00000013	addi	x0,x0,0	  x0:0x00000000
       14765000	      1475	80002a2c	00000013	addi	x0,x0,0	  x0:0x00000000
       14775000	      1476	80002a30	fd9ff0ef	jal	x1,80002a30	  x1=0x80002a30
       14785000	      1477	00000000	00000013	addi	x0,x0,0	  x0:0x00000000
       14795000	      1478	80002a04	00000013	addi	x0,x0,0	  x0:0x00000000
       14805000	      1479	80002a08	fddff0ef	jal	x1,80002a08	  x1=0x80002a08
       14815000	      1480	00000000	00000013	addi	x0,x0,0	  x0:0x00000000
       14825000	      1481	800029e0	00000013	addi	x0,x0,0	  x0:0x00000000
       14835000	      1482	800029e4	018000ef	jal	x1,800029e4	  x1=0x800029e4
       14845000	      1483	00000000	00000013	addi	x0,x0,0	  x0:0x00000000
       14855000	      1484	800029f8	00000013	addi	x0,x0,0	  x0:0x00000000
       14865000	      1485	800029fc	fd5ff96f	jal	x18,800029fc	 x18=0x800029fc
       14875000	      1486	00000000	00000013	addi	x0,x0,0	  x0:0x00000000
       14885000	      1487	800029cc	00000013	addi	x0,x0,0	  x0:0x00000000
       14895000	      1488	800029d0	ff1ff0ef	jal	x1,800029d0	  x1=0x800029d0
       14905000	      1489	00000000	00000013	addi	x0,x0,0	  x0:0x00000000
       14915000	      1490	800029bc	00000013	addi	x0,x0,0	  x0:0x00000000
       14925000	      1491	800029c0	00c000ef	jal	x1,800029c0	  x1=0x800029c0
       14935000	      1492	00000000	00000013	addi	x0,x0,0	  x0:0x00000000
       14945000	      1493	800029c8	00000013	addi	x0,x0,0	  x0:0x00000000
       14955000	      1494	800029cc	010001ef	jal	x3,800029cc	  x3=0x800029cc
       14965000	      1495	00000000	00000013	addi	x0,x0,0	  x0:0x00000000
       14975000	      1496	800029d8	00000013	addi	x0,x0,0	  x0:0x00000000
       14985000	      1497	800029dc	030000ef	jal	x1,800029dc	  x1=0x800029dc
       14995000	      1498	00000000	00000013	addi	x0,x0,0	  x0:0x00000000
       15005000	      1499	80002a08	00000013	addi	x0,x0,0	  x0:0x00000000
       15015000	      1500	80002a0c	fd5ff0ef	jal	x1,80002a0c	  x1=0x80002a0c
       15025000	      1501	00000000	00000013	addi	x0,x0,0	  x0:0x00000000
       15035000	      1502	800029dc	00000013	addi	x0,x0,0	  x0:0x00000000
       15045000	      1503	800029e0	014000ef	jal	x1,800029e0	  x1=0x800029e0
       15055000	      1504	00000000	00000013	addi	x0,x0,0	  x0:0x00000000
       15065000	      1505	800029f0	00000013	addi	x0,x0,0	  x0:0x00000000
       15075000	      1506	800029f4	fe5ffb6f	jal	x22,800029f4	 x22=0x800029f4
       15085000	      1507	00000000	00000013	addi	x0,x0,0	  x0:0x00000000
       15095000	      1508	800029d4	00000013	addi	x0,x0,0	  x0:0x00000000
       15105000	      1509	800029d8	0400036f	jal	x6,800029d8	  x6=0x800029d8
       15115000	      1510	00000000	00000013	addi	x0,x0,0	  x0:0x00000000
       15125000	      1511	80002a14	00000013	addi	x0,x0,0	  x0:0x00000000
       15135000	      1512	80002a18	fd5ff0ef	jal	x1,80002a18	  x1=0x80002a18
       15145000	      1513	00000000	00000013	addi	x0,x0,0	  x0:0x00000000
       15155000	      1514	800029e8	00000013	addi	x0,x0,0	  x0:0x00000000
       15165000	      1515	800029ec	048000ef	jal	x1,800029ec	  x1=0x800029ec
       15175000	      1516	00000000	00000013	addi	x0,x0,0	  x0:0x00000000
       15185000	      1517	80002a30	00000013	addi	x0,x0,0	  x0:0x00000000
       15195000	      1518	80002a34	010cde93	srli	x29,x25,0x10	 x25:0x80000000 x29=0x00008000
       15205000	      1519	80002a38	0500036f	jal	x6,80002a38	  x6=0x80002a38
       15215000	      1520	00000000	00000013	addi	x0,x0,0	  x0:0x00000000
       15225000	      1521	80002a84	00000013	addi	x0,x0,0	  x0:0x00000000
       15235000	      1522	80002a88	fbdff36f	jal	x6,80002a88	  x6=0x80002a88
       15245000	      1523	00000000	00000013	addi	x0,x0,0	  x0:0x00000000
       15255000	      1524	80002a40	00000013	addi	x0,x0,0	  x0:0x00000000
       15265000	      1525	80002a44	050000ef	jal	x1,80002a44	  x1=0x80002a44
       15275000	      1526	00000000	00000013	addi	x0,x0,0	  x0:0x00000000
       15285000	      1527	80002a90	00000013	addi	x0,x0,0	  x0:0x00000000
       15295000	      1528	80002a94	fcdff0ef	jal	x1,80002a94	  x1=0x80002a94
       15305000	      1529	00000000	00000013	addi	x0,x0,0	  x0:0x00000000
       15315000	      1530	80002a5c	00000013	addi	x0,x0,0	  x0:0x00000000
       15325000	      1531	80002a60	014000ef	jal	x1,80002a60	  x1=0x80002a60
       15335000	      1532	00000000	00000013	addi	x0,x0,0	  x0:0x00000000
       15345000	      1533	80002a70	00000013	addi	x0,x0,0	  x0:0x00000000
       15355000	      1534	80002a74	0280036f	jal	x6,80002a74	  x6=0x80002a74
       15365000	      1535	00000000	00000013	addi	x0,x0,0	  x0:0x00000000
       15375000	      1536	80002a98	00000013	addi	x0,x0,0	  x0:0x00000000
       15385000	      1537	80002a9c	fb1ff0ef	jal	x1,80002a9c	  x1=0x80002a9c
       15395000	      1538	00000000	00000013	addi	x0,x0,0	  x0:0x00000000
       15405000	      1539	80002a48	00000013	addi	x0,x0,0	  x0:0x00000000
       15415000	      1540	80002a4c	00c000ef	jal	x1,80002a4c	  x1=0x80002a4c
       15425000	      1541	00000000	00000013	addi	x0,x0,0	  x0:0x00000000
       15435000	      1542	80002a54	00000013	addi	x0,x0,0	  x0:0x00000000
       15445000	      1543	80002a58	0380036f	jal	x6,80002a58	  x6=0x80002a58
       15455000	      1544	00000000	00000013	addi	x0,x0,0	  x0:0x00000000
       15465000	      1545	80002a8c	00000013	addi	x0,x0,0	  x0:0x00000000
       15475000	      1546	80002a90	fe9ff36f	jal	x6,80002a90	  x6=0x80002a90
       15485000	      1547	00000000	00000013	addi	x0,x0,0	  x0:0x00000000
       15495000	      1548	80002a74	00000013	addi	x0,x0,0	  x0:0x00000000
       15505000	      1549	80002a78	028000ef	jal	x1,80002a78	  x1=0x80002a78
       15515000	      1550	00000000	00000013	addi	x0,x0,0	  x0:0x00000000
       15525000	      1551	80002a9c	00000013	addi	x0,x0,0	  x0:0x00000000
       15535000	      1552	80002aa0	ff9ffbef	jal	x23,80002aa0	 x23=0x80002aa0
       15545000	      1553	00000000	00000013	addi	x0,x0,0	  x0:0x00000000
       15555000	      1554	80002a94	00000013	addi	x0,x0,0	  x0:0x00000000
       15565000	      1555	80002a98	fcdff0ef	jal	x1,80002a98	  x1=0x80002a98
       15575000	      1556	00000000	00000013	addi	x0,x0,0	  x0:0x00000000
       15585000	      1557	80002a60	00000013	addi	x0,x0,0	  x0:0x00000000
       15595000	      1558	80002a64	fe5ff0ef	jal	x1,80002a64	  x1=0x80002a64
       15605000	      1559	00000000	00000013	addi	x0,x0,0	  x0:0x00000000
       15615000	      1560	80002a44	00000013	addi	x0,x0,0	  x0:0x00000000
       15625000	      1561	80002a48	0340036f	jal	x6,80002a48	  x6=0x80002a48
       15635000	      1562	00000000	00000013	addi	x0,x0,0	  x0:0x00000000
       15645000	      1563	80002a78	00000013	addi	x0,x0,0	  x0:0x00000000
       15655000	      1564	80002a7c	fe1ff0ef	jal	x1,80002a7c	  x1=0x80002a7c
       15665000	      1565	00000000	00000013	addi	x0,x0,0	  x0:0x00000000
       15675000	      1566	80002a58	00000013	addi	x0,x0,0	  x0:0x00000000
       15685000	      1567	80002a5c	010000ef	jal	x1,80002a5c	  x1=0x80002a5c
       15695000	      1568	00000000	00000013	addi	x0,x0,0	  x0:0x00000000
       15705000	      1569	80002a68	00000013	addi	x0,x0,0	  x0:0x00000000
       15715000	      1570	80002a6c	014000ef	jal	x1,80002a6c	  x1=0x80002a6c
       15725000	      1571	00000000	00000013	addi	x0,x0,0	  x0:0x00000000
       15735000	      1572	80002a7c	00000013	addi	x0,x0,0	  x0:0x00000000
       15745000	      1573	80002a80	fbdff0ef	jal	x1,80002a80	  x1=0x80002a80
       15755000	      1574	00000000	00000013	addi	x0,x0,0	  x0:0x00000000
       15765000	      1575	80002a38	00000013	addi	x0,x0,0	  x0:0x00000000
       15775000	      1576	80002a3c	02c000ef	jal	x1,80002a3c	  x1=0x80002a3c
       15785000	      1577	00000000	00000013	addi	x0,x0,0	  x0:0x00000000
       15795000	      1578	80002a64	00000013	addi	x0,x0,0	  x0:0x00000000
       15805000	      1579	80002a68	fe9ff26f	jal	x4,80002a68	  x4=0x80002a68
       15815000	      1580	00000000	00000013	addi	x0,x0,0	  x0:0x00000000
       15825000	      1581	80002a4c	00000013	addi	x0,x0,0	  x0:0x00000000
       15835000	      1582	80002a50	ff1ff0ef	jal	x1,80002a50	  x1=0x80002a50
       15845000	      1583	00000000	00000013	addi	x0,x0,0	  x0:0x00000000
       15855000	      1584	80002a3c	00000013	addi	x0,x0,0	  x0:0x00000000
       15865000	      1585	80002a40	030000ef	jal	x1,80002a40	  x1=0x80002a40
       15875000	      1586	00000000	00000013	addi	x0,x0,0	  x0:0x00000000
       15885000	      1587	80002a6c	00000013	addi	x0,x0,0	  x0:0x00000000
       15895000	      1588	80002a70	fe5ff0ef	jal	x1,80002a70	  x1=0x80002a70
       15905000	      1589	00000000	00000013	addi	x0,x0,0	  x0:0x00000000
       15915000	      1590	80002a50	00000013	addi	x0,x0,0	  x0:0x00000000
       15925000	      1591	80002a54	030000ef	jal	x1,80002a54	  x1=0x80002a54
       15935000	      1592	00000000	00000013	addi	x0,x0,0	  x0:0x00000000
       15945000	      1593	80002a80	00000013	addi	x0,x0,0	  x0:0x00000000
       15955000	      1594	80002a84	008000ef	jal	x1,80002a84	  x1=0x80002a84
       15965000	      1595	00000000	00000013	addi	x0,x0,0	  x0:0x00000000
       15975000	      1596	80002a88	00000013	addi	x0,x0,0	  x0:0x00000000
       15985000	      1597	80002a8c	018000ef	jal	x1,80002a8c	  x1=0x80002a8c
       15995000	      1598	00000000	00000013	addi	x0,x0,0	  x0:0x00000000
       16005000	      1599	80002aa0	00000013	addi	x0,x0,0	  x0:0x00000000
       16015000	      1600	80002aa4	37349317	auipc	x6,0x37349	  x6=0xb734baa0
       16025000	      1601	80002aa8	0300036f	jal	x6,80002aa8	  x6=0x80002aa8
       16035000	      1602	00000000	00000013	addi	x0,x0,0	  x0:0x00000000
       16045000	      1603	80002ad4	00000013	addi	x0,x0,0	  x0:0x00000000
       16055000	      1604	80002ad8	010000ef	jal	x1,80002ad8	  x1=0x80002ad8
       16065000	      1605	00000000	00000013	addi	x0,x0,0	  x0:0x00000000
       16075000	      1606	80002ae4	00000013	addi	x0,x0,0	  x0:0x00000000
       16085000	      1607	80002ae8	fd1ff66f	jal	x12,80002ae8	 x12=0x80002ae8
       16095000	      1608	00000000	00000013	addi	x0,x0,0	  x0:0x00000000
       16105000	      1609	80002ab4	00000013	addi	x0,x0,0	  x0:0x00000000
       16115000	      1610	80002ab8	ffdff1ef	jal	x3,80002ab8	  x3=0x80002ab8
       16125000	      1611	00000000	00000013	addi	x0,x0,0	  x0:0x00000000
       16135000	      1612	80002ab0	00000013	addi	x0,x0,0	  x0:0x00000000
       16145000	      1613	80002ab4	030000ef	jal	x1,80002ab4	  x1=0x80002ab4
       16155000	      1614	00000000	00000013	addi	x0,x0,0	  x0:0x00000000
       16165000	      1615	80002ae0	00000013	addi	x0,x0,0	  x0:0x00000000
       16175000	      1616	80002ae4	0080036f	jal	x6,80002ae4	  x6=0x80002ae4
       16185000	      1617	00000000	00000013	addi	x0,x0,0	  x0:0x00000000
       16195000	      1618	80002ae8	00000013	addi	x0,x0,0	  x0:0x00000000
       16205000	      1619	80002aec	fe9ffe6f	jal	x28,80002aec	 x28=0x80002aec
       16215000	      1620	00000000	00000013	addi	x0,x0,0	  x0:0x00000000
       16225000	      1621	80002ad0	00000013	addi	x0,x0,0	  x0:0x00000000
       16235000	      1622	80002ad4	fd9ff0ef	jal	x1,80002ad4	  x1=0x80002ad4
       16245000	      1623	00000000	00000013	addi	x0,x0,0	  x0:0x00000000
       16255000	      1624	80002aa8	00000013	addi	x0,x0,0	  x0:0x00000000
       16265000	      1625	80002aac	034000ef	jal	x1,80002aac	  x1=0x80002aac
       16275000	      1626	00000000	00000013	addi	x0,x0,0	  x0:0x00000000
       16285000	      1627	80002adc	00000013	addi	x0,x0,0	  x0:0x00000000
       16295000	      1628	80002ae0	fddff0ef	jal	x1,80002ae0	  x1=0x80002ae0
       16305000	      1629	00000000	00000013	addi	x0,x0,0	  x0:0x00000000
       16315000	      1630	80002ab8	00000013	addi	x0,x0,0	  x0:0x00000000
       16325000	      1631	80002abc	00400aef	jal	x21,80002abc	 x21=0x80002abc
       16335000	      1632	00000000	00000013	addi	x0,x0,0	  x0:0x00000000
       16345000	      1633	80002abc	00000013	addi	x0,x0,0	  x0:0x00000000
       16355000	      1634	80002ac0	004000ef	jal	x1,80002ac0	  x1=0x80002ac0
       16365000	      1635	00000000	00000013	addi	x0,x0,0	  x0:0x00000000
       16375000	      1636	80002ac0	00000013	addi	x0,x0,0	  x0:0x00000000
       16385000	      1637	80002ac4	fedff0ef	jal	x1,80002ac4	  x1=0x80002ac4
       16395000	      1638	00000000	00000013	addi	x0,x0,0	  x0:0x00000000
       16405000	      1639	80002aac	00000013	addi	x0,x0,0	  x0:0x00000000
       16415000	      1640	80002ab0	018000ef	jal	x1,80002ab0	  x1=0x80002ab0
       16425000	      1641	00000000	00000013	addi	x0,x0,0	  x0:0x00000000
       16435000	      1642	80002ac4	00000013	addi	x0,x0,0	  x0:0x00000000
       16445000	      1643	80002ac8	014000ef	jal	x1,80002ac8	  x1=0x80002ac8
       16455000	      1644	00000000	00000013	addi	x0,x0,0	  x0:0x00000000
       16465000	      1645	80002ad8	00000013	addi	x0,x0,0	  x0:0x00000000
       16475000	      1646	80002adc	ff5ff9ef	jal	x19,80002adc	 x19=0x80002adc
       16485000	      1647	00000000	00000013	addi	x0,x0,0	  x0:0x00000000
       16495000	      1648	80002acc	00000013	addi	x0,x0,0	  x0:0x00000000
       16505000	      1649	80002ad0	ffdff36f	jal	x6,80002ad0	  x6=0x80002ad0
       16515000	      1650	00000000	00000013	addi	x0,x0,0	  x0:0x00000000
       16525000	      1651	80002ac8	00000013	addi	x0,x0,0	  x0:0x00000000
       16535000	      1652	80002acc	02400b6f	jal	x22,80002acc	 x22=0x80002acc
       16545000	      1653	00000000	00000013	addi	x0,x0,0	  x0:0x00000000
       16555000	      1654	80002aec	00000013	addi	x0,x0,0	  x0:0x00000000
       16565000	      1655	80002af0	01464533	xor	x10,x12,x20	 x12:0x80002ae8 x20:0x800028bc x10=0x00000254
       16575000	      1656	80002af4	0340036f	jal	x6,80002af4	  x6=0x80002af4
       16585000	      1657	00000000	00000013	addi	x0,x0,0	  x0:0x00000000
       16595000	      1658	80002b24	00000013	addi	x0,x0,0	  x0:0x00000000
       16605000	      1659	80002b28	ffdff36f	jal	x6,80002b28	  x6=0x80002b28
       16615000	      1660	00000000	00000013	addi	x0,x0,0	  x0:0x00000000
       16625000	      1661	80002b20	00000013	addi	x0,x0,0	  x0:0x00000000
       16635000	      1662	80002b24	ff9ff0ef	jal	x1,80002b24	  x1=0x80002b24
       16645000	      1663	00000000	00000013	addi	x0,x0,0	  x0:0x00000000
       16655000	      1664	80002b18	00000013	addi	x0,x0,0	  x0:0x00000000
       16665000	      1665	80002b1c	ffdff36f	jal	x6,80002b1c	  x6=0x80002b1c
       16675000	      1666	00000000	00000013	addi	x0,x0,0	  x0:0x00000000
       16685000	      1667	80002b14	00000013	addi	x0,x0,0	  x0:0x00000000
       16695000	      1668	80002b18	0080096f	jal	x18,80002b18	 x18=0x80002b18
       16705000	      1669	00000000	00000013	addi	x0,x0,0	  x0:0x00000000
       16715000	      1670	80002b1c	00000013	addi	x0,x0,0	  x0:0x00000000
       16725000	      1671	80002b20	ff5ff0ef	jal	x1,80002b20	  x1=0x80002b20
       16735000	      1672	00000000	00000013	addi	x0,x0,0	  x0:0x00000000
       16745000	      1673	80002b10	00000013	addi	x0,x0,0	  x0:0x00000000
       16755000	      1674	80002b14	ffdff0ef	jal	x1,80002b14	  x1=0x80002b14
       16765000	      1675	00000000	00000013	addi	x0,x0,0	  x0:0x00000000
       16775000	      1676	80002b0c	00000013	addi	x0,x0,0	  x0:0x00000000
       16785000	      1677	80002b10	fe9ffd6f	jal	x26,80002b10	 x26=0x80002b10
       16795000	      1678	00000000	00000013	addi	x0,x0,0	  x0:0x00000000
       16805000	      1679	80002af4	00000013	addi	x0,x0,0	  x0:0x00000000
       16815000	      1680	80002af8	00c0036f	jal	x6,80002af8	  x6=0x80002af8
       16825000	      1681	00000000	00000013	addi	x0,x0,0	  x0:0x00000000
       16835000	      1682	80002b00	00000013	addi	x0,x0,0	  x0:0x00000000
       16845000	      1683	80002b04	ff9ff36f	jal	x6,80002b04	  x6=0x80002b04
       16855000	      1684	00000000	00000013	addi	x0,x0,0	  x0:0x00000000
       16865000	      1685	80002af8	00000013	addi	x0,x0,0	  x0:0x00000000
       16875000	      1686	80002afc	00c000ef	jal	x1,80002afc	  x1=0x80002afc
       16885000	      1687	00000000	00000013	addi	x0,x0,0	  x0:0x00000000
       16895000	      1688	80002b04	00000013	addi	x0,x0,0	  x0:0x00000000
       16905000	      1689	80002b08	0040036f	jal	x6,80002b08	  x6=0x80002b08
       16915000	      1690	00000000	00000013	addi	x0,x0,0	  x0:0x00000000
       16925000	      1691	80002b08	00000013	addi	x0,x0,0	  x0:0x00000000
       16935000	      1692	80002b0c	ff5ff0ef	jal	x1,80002b0c	  x1=0x80002b0c
       16945000	      1693	00000000	00000013	addi	x0,x0,0	  x0:0x00000000
       16955000	      1694	80002afc	00000013	addi	x0,x0,0	  x0:0x00000000
       16965000	      1695	80002b00	02c000ef	jal	x1,80002b00	  x1=0x80002b00
       16975000	      1696	00000000	00000013	addi	x0,x0,0	  x0:0x00000000
       16985000	      1697	80002b28	00000013	addi	x0,x0,0	  x0:0x00000000
       16995000	      1698	80002b2c	e24b80b7	lui	x1,0xe24b8	  x1=0xe24b8000
       17005000	      1699	80002b30	04c0036f	jal	x6,80002b30	  x6=0x80002b30
       17015000	      1700	00000000	00000013	addi	x0,x0,0	  x0:0x00000000
       17025000	      1701	80002b78	00000013	addi	x0,x0,0	  x0:0x00000000
       17035000	      1702	80002b7c	ff9ff0ef	jal	x1,80002b7c	  x1=0x80002b7c
       17045000	      1703	00000000	00000013	addi	x0,x0,0	  x0:0x00000000
       17055000	      1704	80002b70	00000013	addi	x0,x0,0	  x0:0x00000000
       17065000	      1705	80002b74	fe9ff0ef	jal	x1,80002b74	  x1=0x80002b74
       17075000	      1706	00000000	00000013	addi	x0,x0,0	  x0:0x00000000
       17085000	      1707	80002b58	00000013	addi	x0,x0,0	  x0:0x00000000
       17095000	      1708	80002b5c	fe9ff0ef	jal	x1,80002b5c	  x1=0x80002b5c
       17105000	      1709	00000000	00000013	addi	x0,x0,0	  x0:0x00000000
       17115000	      1710	80002b40	00000013	addi	x0,x0,0	  x0:0x00000000
       17125000	      1711	80002b44	03c000ef	jal	x1,80002b44	  x1=0x80002b44
       17135000	      1712	00000000	00000013	addi	x0,x0,0	  x0:0x00000000
       17145000	      1713	80002b7c	00000013	addi	x0,x0,0	  x0:0x00000000
       17155000	      1714	80002b80	fe9ffc6f	jal	x24,80002b80	 x24=0x80002b80
       17165000	      1715	00000000	00000013	addi	x0,x0,0	  x0:0x00000000
       17175000	      1716	80002b64	00000013	addi	x0,x0,0	  x0:0x00000000
       17185000	      1717	80002b68	fedffc6f	jal	x24,80002b68	 x24=0x80002b68
       17195000	      1718	00000000	00000013	addi	x0,x0,0	  x0:0x00000000
       17205000	      1719	80002b50	00000013	addi	x0,x0,0	  x0:0x00000000
       17215000	      1720	80002b54	ff5ff0ef	jal	x1,80002b54	  x1=0x80002b54
       17225000	      1721	00000000	00000013	addi	x0,x0,0	  x0:0x00000000
       17235000	      1722	80002b44	00000013	addi	x0,x0,0	  x0:0x00000000
       17245000	      1723	80002b48	ff9fffef	jal	x31,80002b48	 x31=0x80002b48
       17255000	      1724	00000000	00000013	addi	x0,x0,0	  x0:0x00000000
       17265000	      1725	80002b3c	00000013	addi	x0,x0,0	  x0:0x00000000
       17275000	      1726	80002b40	02000eef	jal	x29,80002b40	 x29=0x80002b40
       17285000	      1727	00000000	00000013	addi	x0,x0,0	  x0:0x00000000
       17295000	      1728	80002b5c	00000013	addi	x0,x0,0	  x0:0x00000000
       17305000	      1729	80002b60	ff1ff9ef	jal	x19,80002b60	 x19=0x80002b60
       17315000	      1730	00000000	00000013	addi	x0,x0,0	  x0:0x00000000
       17325000	      1731	80002b4c	00000013	addi	x0,x0,0	  x0:0x00000000
       17335000	      1732	80002b50	fe5ffd6f	jal	x26,80002b50	 x26=0x80002b50
       17345000	      1733	00000000	00000013	addi	x0,x0,0	  x0:0x00000000
       17355000	      1734	80002b30	00000013	addi	x0,x0,0	  x0:0x00000000
       17365000	      1735	80002b34	038000ef	jal	x1,80002b34	  x1=0x80002b34
       17375000	      1736	00000000	00000013	addi	x0,x0,0	  x0:0x00000000
       17385000	      1737	80002b68	00000013	addi	x0,x0,0	  x0:0x00000000
       17395000	      1738	80002b6c	fcdff1ef	jal	x3,80002b6c	  x3=0x80002b6c
       17405000	      1739	00000000	00000013	addi	x0,x0,0	  x0:0x00000000
       17415000	      1740	80002b34	00000013	addi	x0,x0,0	  x0:0x00000000
       17425000	      1741	80002b38	04c000ef	jal	x1,80002b38	  x1=0x80002b38
       17435000	      1742	00000000	00000013	addi	x0,x0,0	  x0:0x00000000
       17445000	      1743	80002b80	00000013	addi	x0,x0,0	  x0:0x00000000
       17455000	      1744	80002b84	fedff0ef	jal	x1,80002b84	  x1=0x80002b84
       17465000	      1745	00000000	00000013	addi	x0,x0,0	  x0:0x00000000
       17475000	      1746	80002b6c	00000013	addi	x0,x0,0	  x0:0x00000000
       17485000	      1747	80002b70	0080036f	jal	x6,80002b70	  x6=0x80002b70
       17495000	      1748	00000000	00000013	addi	x0,x0,0	  x0:0x00000000
       17505000	      1749	80002b74	00000013	addi	x0,x0,0	  x0:0x00000000
       17515000	      1750	80002b78	fd5ff36f	jal	x6,80002b78	  x6=0x80002b78
       17525000	      1751	00000000	00000013	addi	x0,x0,0	  x0:0x00000000
       17535000	      1752	80002b48	00000013	addi	x0,x0,0	  x0:0x00000000
       17545000	      1753	80002b4c	00c00d6f	jal	x26,80002b4c	 x26=0x80002b4c
       17555000	      1754	00000000	00000013	addi	x0,x0,0	  x0:0x00000000
       17565000	      1755	80002b54	00000013	addi	x0,x0,0	  x0:0x00000000
       17575000	      1756	80002b58	fe5ffaef	jal	x21,80002b58	 x21=0x80002b58
       17585000	      1757	00000000	00000013	addi	x0,x0,0	  x0:0x00000000
       17595000	      1758	80002b38	00000013	addi	x0,x0,0	  x0:0x00000000
       17605000	      1759	80002b3c	028000ef	jal	x1,80002b3c	  x1=0x80002b3c
       17615000	      1760	00000000	00000013	addi	x0,x0,0	  x0:0x00000000
       17625000	      1761	80002b60	00000013	addi	x0,x0,0	  x0:0x00000000
       17635000	      1762	80002b64	0240036f	jal	x6,80002b64	  x6=0x80002b64
       17645000	      1763	00000000	00000013	addi	x0,x0,0	  x0:0x00000000
       17655000	      1764	80002b84	00000013	addi	x0,x0,0	  x0:0x00000000
       17665000	      1765	80002b88	002d9e13	slli	x28,x27,0x2	 x27:0x80009f70 x28=0x00027dc0
       17675000	      1766	80002b8c	0380036f	jal	x6,80002b8c	  x6=0x80002b8c
       17685000	      1767	00000000	00000013	addi	x0,x0,0	  x0:0x00000000
       17695000	      1768	80002bc0	00000013	addi	x0,x0,0	  x0:0x00000000
       17705000	      1769	80002bc4	fedff36f	jal	x6,80002bc4	  x6=0x80002bc4
       17715000	      1770	00000000	00000013	addi	x0,x0,0	  x0:0x00000000
       17725000	      1771	80002bac	00000013	addi	x0,x0,0	  x0:0x00000000
       17735000	      1772	80002bb0	fedff36f	jal	x6,80002bb0	  x6=0x80002bb0
       17745000	      1773	00000000	00000013	addi	x0,x0,0	  x0:0x00000000
       17755000	      1774	80002b98	00000013	addi	x0,x0,0	  x0:0x00000000
       17765000	      1775	80002b9c	0100066f	jal	x12,80002b9c	 x12=0x80002b9c
       17775000	      1776	00000000	00000013	addi	x0,x0,0	  x0:0x00000000
       17785000	      1777	80002ba8	00000013	addi	x0,x0,0	  x0:0x00000000
       17795000	      1778	80002bac	ff5ff0ef	jal	x1,80002bac	  x1=0x80002bac
       17805000	      1779	00000000	00000013	addi	x0,x0,0	  x0:0x00000000
       17815000	      1780	80002b9c	00000013	addi	x0,x0,0	  x0:0x00000000
       17825000	      1781	80002ba0	ff1ffe6f	jal	x28,80002ba0	 x28=0x80002ba0
       17835000	      1782	00000000	00000013	addi	x0,x0,0	  x0:0x00000000
       17845000	      1783	80002b8c	00000013	addi	x0,x0,0	  x0:0x00000000
       17855000	      1784	80002b90	02c000ef	jal	x1,80002b90	  x1=0x80002b90
       17865000	      1785	00000000	00000013	addi	x0,x0,0	  x0:0x00000000
       17875000	      1786	80002bb8	00000013	addi	x0,x0,0	  x0:0x00000000
       17885000	      1787	80002bbc	fd9ffbef	jal	x23,80002bbc	 x23=0x80002bbc
       17895000	      1788	00000000	00000013	addi	x0,x0,0	  x0:0x00000000
       17905000	      1789	80002b90	00000013	addi	x0,x0,0	  x0:0x00000000
       17915000	      1790	80002b94	0040026f	jal	x4,80002b94	  x4=0x80002b94
       17925000	      1791	00000000	00000013	addi	x0,x0,0	  x0:0x00000000
       17935000	      1792	80002b94	00000013	addi	x0,x0,0	  x0:0x00000000
       17945000	      1793	80002b98	010000ef	jal	x1,80002b98	  x1=0x80002b98
       17955000	      1794	00000000	00000013	addi	x0,x0,0	  x0:0x00000000
       17965000	      1795	80002ba4	00000013	addi	x0,x0,0	  x0:0x00000000
       17975000	      1796	80002ba8	020000ef	jal	x1,80002ba8	  x1=0x80002ba8
       17985000	      1797	00000000	00000013	addi	x0,x0,0	  x0:0x00000000
       17995000	      1798	80002bc4	00000013	addi	x0,x0,0	  x0:0x00000000
       18005000	      1799	80002bc8	fedff0ef	jal	x1,80002bc8	  x1=0x80002bc8
       18015000	      1800	00000000	00000013	addi	x0,x0,0	  x0:0x00000000
       18025000	      1801	80002bb0	00000013	addi	x0,x0,0	  x0:0x00000000
       18035000	      1802	80002bb4	0040036f	jal	x6,80002bb4	  x6=0x80002bb4
       18045000	      1803	00000000	00000013	addi	x0,x0,0	  x0:0x00000000
       18055000	      1804	80002bb4	00000013	addi	x0,x0,0	  x0:0x00000000
       18065000	      1805	80002bb8	008000ef	jal	x1,80002bb8	  x1=0x80002bb8
       18075000	      1806	00000000	00000013	addi	x0,x0,0	  x0:0x00000000
       18085000	      1807	80002bbc	00000013	addi	x0,x0,0	  x0:0x00000000
       18095000	      1808	80002bc0	fe5ff0ef	jal	x1,80002bc0	  x1=0x80002bc0
       18105000	      1809	00000000	00000013	addi	x0,x0,0	  x0:0x00000000
       18115000	      1810	80002ba0	00000013	addi	x0,x0,0	  x0:0x00000000
       18125000	      1811	80002ba4	028000ef	jal	x1,80002ba4	  x1=0x80002ba4
       18135000	      1812	00000000	00000013	addi	x0,x0,0	  x0:0x00000000
       18145000	      1813	80002bc8	00000013	addi	x0,x0,0	  x0:0x00000000
       18155000	      1814	80002bcc	0005f9b3	and	x19,x11,x0	 x11:0x800028b8  x0:0x00000000 x19=0x00000000
       18165000	      1815	80002bd0	0040036f	jal	x6,80002bd0	  x6=0x80002bd0
       18175000	      1816	00000000	00000013	addi	x0,x0,0	  x0:0x00000000
       18185000	      1817	80002bd0	00000013	addi	x0,x0,0	  x0:0x00000000
       18195000	      1818	80002bd4	0080036f	jal	x6,80002bd4	  x6=0x80002bd4
       18205000	      1819	00000000	00000013	addi	x0,x0,0	  x0:0x00000000
       18215000	      1820	80002bd8	00000013	addi	x0,x0,0	  x0:0x00000000
       18225000	      1821	80002bdc	004000ef	jal	x1,80002bdc	  x1=0x80002bdc
       18235000	      1822	00000000	00000013	addi	x0,x0,0	  x0:0x00000000
       18245000	      1823	80002bdc	00000013	addi	x0,x0,0	  x0:0x00000000
       18255000	      1824	80002be0	01c000ef	jal	x1,80002be0	  x1=0x80002be0
       18265000	      1825	00000000	00000013	addi	x0,x0,0	  x0:0x00000000
       18275000	      1826	80002bf8	00000013	addi	x0,x0,0	  x0:0x00000000
       18285000	      1827	80002bfc	ff9ff0ef	jal	x1,80002bfc	  x1=0x80002bfc
       18295000	      1828	00000000	00000013	addi	x0,x0,0	  x0:0x00000000
       18305000	      1829	80002bf0	00000013	addi	x0,x0,0	  x0:0x00000000
       18315000	      1830	80002bf4	0040036f	jal	x6,80002bf4	  x6=0x80002bf4
       18325000	      1831	00000000	00000013	addi	x0,x0,0	  x0:0x00000000
       18335000	      1832	80002bf4	00000013	addi	x0,x0,0	  x0:0x00000000
       18345000	      1833	80002bf8	ff5ff0ef	jal	x1,80002bf8	  x1=0x80002bf8
       18355000	      1834	00000000	00000013	addi	x0,x0,0	  x0:0x00000000
       18365000	      1835	80002be8	00000013	addi	x0,x0,0	  x0:0x00000000
       18375000	      1836	80002bec	0040036f	jal	x6,80002bec	  x6=0x80002bec
       18385000	      1837	00000000	00000013	addi	x0,x0,0	  x0:0x00000000
       18395000	      1838	80002bec	00000013	addi	x0,x0,0	  x0:0x00000000
       18405000	      1839	80002bf0	fe9ff0ef	jal	x1,80002bf0	  x1=0x80002bf0
       18415000	      1840	00000000	00000013	addi	x0,x0,0	  x0:0x00000000
       18425000	      1841	80002bd4	00000013	addi	x0,x0,0	  x0:0x00000000
       18435000	      1842	80002bd8	00c0026f	jal	x4,80002bd8	  x4=0x80002bd8
       18445000	      1843	00000000	00000013	addi	x0,x0,0	  x0:0x00000000
       18455000	      1844	80002be0	00000013	addi	x0,x0,0	  x0:0x00000000
       18465000	      1845	80002be4	0040096f	jal	x18,80002be4	 x18=0x80002be4
       18475000	      1846	00000000	00000013	addi	x0,x0,0	  x0:0x00000000
       18485000	      1847	80002be4	00000013	addi	x0,x0,0	  x0:0x00000000
       18495000	      1848	80002be8	018001ef	jal	x3,80002be8	  x3=0x80002be8
       18505000	      1849	00000000	00000013	addi	x0,x0,0	  x0:0x00000000
       18515000	      1850	80002bfc	00000013	addi	x0,x0,0	  x0:0x00000000
       18525000	      1851	80002c00	000c0033	add	x0,x24,x0	 x24:0x80002b68  x0:0x00000000
       18535000	      1852	80002c04	0240036f	jal	x6,80002c04	  x6=0x80002c04
       18545000	      1853	00000000	00000013	addi	x0,x0,0	  x0:0x00000000
       18555000	      1854	80002c24	00000013	addi	x0,x0,0	  x0:0x00000000
       18565000	      1855	80002c28	02c002ef	jal	x5,80002c28	  x5=0x80002c28
       18575000	      1856	00000000	00000013	addi	x0,x0,0	  x0:0x00000000
       18585000	      1857	80002c50	00000013	addi	x0,x0,0	  x0:0x00000000
       18595000	      1858	80002c54	0180036f	jal	x6,80002c54	  x6=0x80002c54
       18605000	      1859	00000000	00000013	addi	x0,x0,0	  x0:0x00000000
       18615000	      1860	80002c68	00000013	addi	x0,x0,0	  x0:0x00000000
       18625000	      1861	80002c6c	fedff16f	jal	x2,80002c6c	  x2=0x80002c6c
       18635000	      1862	00000000	00000013	addi	x0,x0,0	  x0:0x00000000
       18645000	      1863	80002c54	00000013	addi	x0,x0,0	  x0:0x00000000
       18655000	      1864	80002c58	fbdff0ef	jal	x1,80002c58	  x1=0x80002c58
       18665000	      1865	00000000	00000013	addi	x0,x0,0	  x0:0x00000000
       18675000	      1866	80002c10	00000013	addi	x0,x0,0	  x0:0x00000000
       18685000	      1867	80002c14	054000ef	jal	x1,80002c14	  x1=0x80002c14
       18695000	      1868	00000000	00000013	addi	x0,x0,0	  x0:0x00000000
       18705000	      1869	80002c64	00000013	addi	x0,x0,0	  x0:0x00000000
       18715000	      1870	80002c68	ff5ff0ef	jal	x1,80002c68	  x1=0x80002c68
       18725000	      1871	00000000	00000013	addi	x0,x0,0	  x0:0x00000000
       18735000	      1872	80002c58	00000013	addi	x0,x0,0	  x0:0x00000000
       18745000	      1873	80002c5c	ff1ff0ef	jal	x1,80002c5c	  x1=0x80002c5c
       18755000	      1874	00000000	00000013	addi	x0,x0,0	  x0:0x00000000
       18765000	      1875	80002c48	00000013	addi	x0,x0,0	  x0:0x00000000
       18775000	      1876	80002c4c	fd5ff2ef	jal	x5,80002c4c	  x5=0x80002c4c
       18785000	      1877	00000000	00000013	addi	x0,x0,0	  x0:0x00000000
       18795000	      1878	80002c1c	00000013	addi	x0,x0,0	  x0:0x00000000
       18805000	      1879	80002c20	03000aef	jal	x21,80002c20	 x21=0x80002c20
       18815000	      1880	00000000	00000013	addi	x0,x0,0	  x0:0x00000000
       18825000	      1881	80002c4c	00000013	addi	x0,x0,0	  x0:0x00000000
       18835000	      1882	80002c50	fd5ff36f	jal	x6,80002c50	  x6=0x80002c50
       18845000	      1883	00000000	00000013	addi	x0,x0,0	  x0:0x00000000
       18855000	      1884	80002c20	00000013	addi	x0,x0,0	  x0:0x00000000
       18865000	      1885	80002c24	020000ef	jal	x1,80002c24	  x1=0x80002c24
       18875000	      1886	00000000	00000013	addi	x0,x0,0	  x0:0x00000000
       18885000	      1887	80002c40	00000013	addi	x0,x0,0	  x0:0x00000000
       18895000	      1888	80002c44	ff9fffef	jal	x31,80002c44	 x31=0x80002c44
       18905000	      1889	00000000	00000013	addi	x0,x0,0	  x0:0x00000000
       18915000	      1890	80002c38	00000013	addi	x0,x0,0	  x0:0x00000000
       18925000	      1891	80002c3c	fd1ff0ef	jal	x1,80002c3c	  x1=0x80002c3c
       18935000	      1892	00000000	00000013	addi	x0,x0,0	  x0:0x00000000
       18945000	      1893	80002c08	00000013	addi	x0,x0,0	  x0:0x00000000
       18955000	      1894	80002c0c	0040036f	jal	x6,80002c0c	  x6=0x80002c0c
       18965000	      1895	00000000	00000013	addi	x0,x0,0	  x0:0x00000000
       18975000	      1896	80002c0c	00000013	addi	x0,x0,0	  x0:0x00000000
       18985000	      1897	80002c10	024000ef	jal	x1,80002c10	  x1=0x80002c10
       18995000	      1898	00000000	00000013	addi	x0,x0,0	  x0:0x00000000
       19005000	      1899	80002c30	00000013	addi	x0,x0,0	  x0:0x00000000
       19015000	      1900	80002c34	ffdff1ef	jal	x3,80002c34	  x3=0x80002c34
       19025000	      1901	00000000	00000013	addi	x0,x0,0	  x0:0x00000000
       19035000	      1902	80002c2c	00000013	addi	x0,x0,0	  x0:0x00000000
       19045000	      1903	80002c30	0180036f	jal	x6,80002c30	  x6=0x80002c30
       19055000	      1904	00000000	00000013	addi	x0,x0,0	  x0:0x00000000
       19065000	      1905	80002c44	00000013	addi	x0,x0,0	  x0:0x00000000
       19075000	      1906	80002c48	ff1ff0ef	jal	x1,80002c48	  x1=0x80002c48
       19085000	      1907	00000000	00000013	addi	x0,x0,0	  x0:0x00000000
       19095000	      1908	80002c34	00000013	addi	x0,x0,0	  x0:0x00000000
       19105000	      1909	80002c38	0080066f	jal	x12,80002c38	 x12=0x80002c38
       19115000	      1910	00000000	00000013	addi	x0,x0,0	  x0:0x00000000
       19125000	      1911	80002c3c	00000013	addi	x0,x0,0	  x0:0x00000000
       19135000	      1912	80002c40	fddffeef	jal	x29,80002c40	 x29=0x80002c40
       19145000	      1913	00000000	00000013	addi	x0,x0,0	  x0:0x00000000
       19155000	      1914	80002c18	00000013	addi	x0,x0,0	  x0:0x00000000
       19165000	      1915	80002c1c	ffdff36f	jal	x6,80002c1c	  x6=0x80002c1c
       19175000	      1916	00000000	00000013	addi	x0,x0,0	  x0:0x00000000
       19185000	      1917	80002c14	00000013	addi	x0,x0,0	  x0:0x00000000
       19195000	      1918	80002c18	ff1ff0ef	jal	x1,80002c18	  x1=0x80002c18
       19205000	      1919	00000000	00000013	addi	x0,x0,0	  x0:0x00000000
       19215000	      1920	80002c04	00000013	addi	x0,x0,0	  x0:0x00000000
       19225000	      1921	80002c08	058000ef	jal	x1,80002c08	  x1=0x80002c08
       19235000	      1922	00000000	00000013	addi	x0,x0,0	  x0:0x00000000
       19245000	      1923	80002c5c	00000013	addi	x0,x0,0	  x0:0x00000000
       19255000	      1924	80002c60	fcdff0ef	jal	x1,80002c60	  x1=0x80002c60
       19265000	      1925	00000000	00000013	addi	x0,x0,0	  x0:0x00000000
       19275000	      1926	80002c28	00000013	addi	x0,x0,0	  x0:0x00000000
       19285000	      1927	80002c2c	03800e6f	jal	x28,80002c2c	 x28=0x80002c2c
       19295000	      1928	00000000	00000013	addi	x0,x0,0	  x0:0x00000000
       19305000	      1929	80002c60	00000013	addi	x0,x0,0	  x0:0x00000000
       19315000	      1930	80002c64	00c000ef	jal	x1,80002c64	  x1=0x80002c64
       19325000	      1931	00000000	00000013	addi	x0,x0,0	  x0:0x00000000
       19335000	      1932	80002c6c	00000013	addi	x0,x0,0	  x0:0x00000000
       19345000	      1933	80002c70	001e39b3	sltu	x19,x28,x1	 x28:0x80002c2c  x1:0x80002c64 x19=0x00000001
       19355000	      1934	80002c74	0540036f	jal	x6,80002c74	  x6=0x80002c74
       19365000	      1935	00000000	00000013	addi	x0,x0,0	  x0:0x00000000
       19375000	      1936	80002cc4	00000013	addi	x0,x0,0	  x0:0x00000000
       19385000	      1937	80002cc8	fe1ffaef	jal	x21,80002cc8	 x21=0x80002cc8
       19395000	      1938	00000000	00000013	addi	x0,x0,0	  x0:0x00000000
       19405000	      1939	80002ca4	00000013	addi	x0,x0,0	  x0:0x00000000
       19415000	      1940	80002ca8	fd9ff16f	jal	x2,80002ca8	  x2=0x80002ca8
       19425000	      1941	00000000	00000013	addi	x0,x0,0	  x0:0x00000000
       19435000	      1942	80002c7c	00000013	addi	x0,x0,0	  x0:0x00000000
       19445000	      1943	80002c80	00c000ef	jal	x1,80002c80	  x1=0x80002c80
       19455000	      1944	00000000	00000013	addi	x0,x0,0	  x0:0x00000000
       19465000	      1945	80002c88	00000013	addi	x0,x0,0	  x0:0x00000000
       19475000	      1946	80002c8c	0200026f	jal	x4,80002c8c	  x4=0x80002c8c
       19485000	      1947	00000000	00000013	addi	x0,x0,0	  x0:0x00000000
       19495000	      1948	80002ca8	00000013	addi	x0,x0,0	  x0:0x00000000
       19505000	      1949	80002cac	fd1ff0ef	jal	x1,80002cac	  x1=0x80002cac
       19515000	      1950	00000000	00000013	addi	x0,x0,0	  x0:0x00000000
       19525000	      1951	80002c78	00000013	addi	x0,x0,0	  x0:0x00000000
       19535000	      1952	80002c7c	018000ef	jal	x1,80002c7c	  x1=0x80002c7c
       19545000	      1953	00000000	00000013	addi	x0,x0,0	  x0:0x00000000
       19555000	      1954	80002c90	00000013	addi	x0,x0,0	  x0:0x00000000
       19565000	      1955	80002c94	010000ef	jal	x1,80002c94	  x1=0x80002c94
       19575000	      1956	00000000	00000013	addi	x0,x0,0	  x0:0x00000000
       19585000	      1957	80002ca0	00000013	addi	x0,x0,0	  x0:0x00000000
       19595000	      1958	80002ca4	ffdff26f	jal	x4,80002ca4	  x4=0x80002ca4
       19605000	      1959	00000000	00000013	addi	x0,x0,0	  x0:0x00000000
       19615000	      1960	80002c9c	00000013	addi	x0,x0,0	  x0:0x00000000
       19625000	      1961	80002ca0	0100026f	jal	x4,80002ca0	  x4=0x80002ca0
       19635000	      1962	00000000	00000013	addi	x0,x0,0	  x0:0x00000000
       19645000	      1963	80002cac	00000013	addi	x0,x0,0	  x0:0x00000000
       19655000	      1964	80002cb0	fe9ffe6f	jal	x28,80002cb0	 x28=0x80002cb0
       19665000	      1965	00000000	00000013	addi	x0,x0,0	  x0:0x00000000
       19675000	      1966	80002c94	00000013	addi	x0,x0,0	  x0:0x00000000
       19685000	      1967	80002c98	ff1ff0ef	jal	x1,80002c98	  x1=0x80002c98
       19695000	      1968	00000000	00000013	addi	x0,x0,0	  x0:0x00000000
       19705000	      1969	80002c84	00000013	addi	x0,x0,0	  x0:0x00000000
       19715000	      1970	80002c88	ffdff26f	jal	x4,80002c88	  x4=0x80002c88
       19725000	      1971	00000000	00000013	addi	x0,x0,0	  x0:0x00000000
       19735000	      1972	80002c80	00000013	addi	x0,x0,0	  x0:0x00000000
       19745000	      1973	80002c84	018000ef	jal	x1,80002c84	  x1=0x80002c84
       19755000	      1974	00000000	00000013	addi	x0,x0,0	  x0:0x00000000
       19765000	      1975	80002c98	00000013	addi	x0,x0,0	  x0:0x00000000
       19775000	      1976	80002c9c	020000ef	jal	x1,80002c9c	  x1=0x80002c9c
       19785000	      1977	00000000	00000013	addi	x0,x0,0	  x0:0x00000000
       19795000	      1978	80002cb8	00000013	addi	x0,x0,0	  x0:0x00000000
       19805000	      1979	80002cbc	ff9ff0ef	jal	x1,80002cbc	  x1=0x80002cbc
       19815000	      1980	00000000	00000013	addi	x0,x0,0	  x0:0x00000000
       19825000	      1981	80002cb0	00000013	addi	x0,x0,0	  x0:0x00000000
       19835000	      1982	80002cb4	004002ef	jal	x5,80002cb4	  x5=0x80002cb4
       19845000	      1983	00000000	00000013	addi	x0,x0,0	  x0:0x00000000
       19855000	      1984	80002cb4	00000013	addi	x0,x0,0	  x0:0x00000000
       19865000	      1985	80002cb8	fc1ff36f	jal	x6,80002cb8	  x6=0x80002cb8
       19875000	      1986	00000000	00000013	addi	x0,x0,0	  x0:0x00000000
       19885000	      1987	80002c74	00000013	addi	x0,x0,0	  x0:0x00000000
       19895000	      1988	80002c78	018001ef	jal	x3,80002c78	  x3=0x80002c78
       19905000	      1989	00000000	00000013	addi	x0,x0,0	  x0:0x00000000
       19915000	      1990	80002c8c	00000013	addi	x0,x0,0	  x0:0x00000000
       19925000	      1991	80002c90	03400d6f	jal	x26,80002c90	 x26=0x80002c90
       19935000	      1992	00000000	00000013	addi	x0,x0,0	  x0:0x00000000
       19945000	      1993	80002cc0	00000013	addi	x0,x0,0	  x0:0x00000000
       19955000	      1994	80002cc4	ffdff0ef	jal	x1,80002cc4	  x1=0x80002cc4
       19965000	      1995	00000000	00000013	addi	x0,x0,0	  x0:0x00000000
       19975000	      1996	80002cbc	00000013	addi	x0,x0,0	  x0:0x00000000
       19985000	      1997	80002cc0	00c000ef	jal	x1,80002cc0	  x1=0x80002cc0
       19995000	      1998	00000000	00000013	addi	x0,x0,0	  x0:0x00000000
       20005000	      1999	80002cc8	00000013	addi	x0,x0,0	  x0:0x00000000
       20015000	      2000	80002ccc	a5040493	addi	x9,x8,-1456	  x8:0x80002888  x9=0x800022d8
       20025000	      2001	80002cd0	00da8863	beq	x21,x13,80002ce0	 x21:0x80002cc8 x13:0x80009fc4
       20035000	      2002	80002cd4	01576c63	bltu	x14,x21,80002cec	 x14:0x800046c6 x21:0x80002cc8
       20045000	      2003	80002cd8	00e5d593	srli	x11,x11,0xe	 x11:0x800028b8 x11=0x00020000
       20055000	      2004	80002cdc	33ae0513	addi	x10,x28,826	 x28:0x80002cb0 x10=0x80002fea
       20065000	      2005	80002ce0	05b7f663	bgeu	x15,x27,80002d2c	 x15:0x80002848 x27:0x80009f70
       20075000	      2006	80002ce4	007238b3	sltu	x17,x4,x7	  x4:0x80002c88  x7:0x80002a1c x17=0x00000000
       20085000	      2007	80002ce8	02d9ea63	bltu	x19,x13,80002d1c	 x19:0x00000001 x13:0x80009fc4
       20095000	      2008	00000000	00000013	addi	x0,x0,0	  x0:0x00000000
       20105000	      2009	80002d18	00000013	addi	x0,x0,0	  x0:0x00000000
       20115000	      2010	80002d1c	019f0463	beq	x30,x25,80002d24	 x30:0x00000f18 x25:0x80000000
       20125000	      2011	80002d20	00c10a33	add	x20,x2,x12	  x2:0x80002ca8 x12:0x80002c38 x20=0x000058e0
       20135000	      2012	80002d24	03720c63	beq	x4,x23,80002d5c	  x4:0x80002c88 x23:0x80002bbc
       20145000	      2013	80002d28	c5ca8893	addi	x17,x21,-932	 x21:0x80002cc8 x17=0x80002924
       20155000	      2014	80002d2c	41820f33	sub	x30,x4,x24	  x4:0x80002c88 x24:0x80002b68 x30=0x00000120
       20165000	      2015	80002d30	935c4713	xori	x14,x24,-1739	 x24:0x80002b68 x14=0x7fffd25d
       20175000	      2016	80002d34	01d86733	or	x14,x16,x29	 x16:0x80002730 x29:0x80002c40 x14=0x80002f70
       20185000	      2017	80002d38	015eba33	sltu	x20,x29,x21	 x29:0x80002c40 x21:0x80002cc8 x20=0x00000001
       20195000	      2018	80002d3c	03e56663	bltu	x10,x30,80002d68	 x10:0x80002fea x30:0x00000120
       20205000	      2019	80002d40	48df7d37	lui	x26,0x48df7	 x26=0x48df7000
       20215000	      2020	80002d44	01ef9313	slli	x6,x31,0x1e	 x31:0x80002c44  x6=0x00000000
       20225000	      2021	80002d48	d765b713	sltiu	x14,x11,-650	 x11:0x00020000 x14=0x00000001
       20235000	      2022	80002d4c	1e25fa13	andi	x20,x11,482	 x11:0x00020000 x20=0x00000000
       20245000	      2023	80002d50	02b6d063	bge	x13,x11,80002d70	 x13:0x80009fc4 x11:0x00020000
       20255000	      2024	80002d54	011b5233	srl	x4,x22,x17	 x22:0x80002acc x17:0x80002924  x4=0x080002ac
       20265000	      2025	80002d58	01ac0863	beq	x24,x26,80002d68	 x24:0x80002b68 x26:0x48df7000
       20275000	      2026	80002d5c	401f0033	sub	x0,x30,x1	 x30:0x00000120  x1:0x80002cc0
       20285000	      2027	80002d60	004e6133	or	x2,x28,x4	 x28:0x80002cb0  x4:0x080002ac  x2=0x88002ebc
       20295000	      2028	80002d64	004532b3	sltu	x5,x10,x4	 x10:0x80002fea  x4:0x080002ac  x5=0x00000000
       20305000	      2029	80002d68	01681013	slli	x0,x16,0x16	 x16:0x80002730
       20315000	      2030	80002d6c	0327e863	bltu	x15,x18,80002d9c	 x15:0x80002848 x18:0x80002be4
       20325000	      2031	00000000	00000013	addi	x0,x0,0	  x0:0x00000000
       20335000	      2032	80002d98	00000013	addi	x0,x0,0	  x0:0x00000000
       20345000	      2033	80002d9c	a4cb3e97	auipc	x29,0xa4cb3	 x29=0x24cb5d98
       20355000	      2034	80002da0	0a72aa13	slti	x20,x5,167	  x5:0x00000000 x20=0x00000001
       20365000	      2035	80002da4	00bbf533	and	x10,x23,x11	 x23:0x80002bbc x11:0x00020000 x10=0x00000000
       20375000	      2036	80002da8	04780063	beq	x16,x7,80002de8	 x16:0x80002730  x7:0x80002a1c
       20385000	      2037	80002dac	58592013	slti	x0,x18,1413	 x18:0x80002be4
       20395000	      2038	80002db0	04d85063	bge	x16,x13,80002df0	 x16:0x80002730 x13:0x80009fc4
       20405000	      2039	80002db4	405c8a33	sub	x20,x25,x5	 x25:0x80000000  x5:0x00000000 x20=0x80000000
       20415000	      2040	80002db8	0170b033	sltu	x0,x1,x23	  x1:0x80002cc0 x23:0x80002bbc
       20425000	      2041	80002dbc	00668733	add	x14,x13,x6	 x13:0x80009fc4  x6:0x00000000 x14=0x80009fc4
       20435000	      2042	80002dc0	11a7f013	andi	x0,x15,282	 x15:0x80002848
       20445000	      2043	80002dc4	01c39263	bne	x7,x28,80002dc8	  x7:0x80002a1c x28:0x80002cb0
       20455000	      2044	00000000	00000013	addi	x0,x0,0	  x0:0x00000000
       20465000	      2045	80002dc4	00000013	addi	x0,x0,0	  x0:0x00000000
       20475000	      2046	80002dc8	0102dd33	srl	x26,x5,x16	  x5:0x00000000 x16:0x80002730 x26=0x00000000
       20485000	      2047	80002dcc	008b5863	bge	x22,x8,80002ddc	 x22:0x80002acc  x8:0x80002888
       20495000	      2048	00000000	00000013	addi	x0,x0,0	  x0:0x00000000
       20505000	      2049	80002dd8	00000013	addi	x0,x0,0	  x0:0x00000000
       20515000	      2050	80002ddc	0b2fc863	blt	x31,x18,80002e8c	 x31:0x80002c44 x18:0x80002be4
       20525000	      2051	80002de0	00d2a5b3	slt	x11,x5,x13	  x5:0x00000000 x13:0x80009fc4 x11=0x00000000
       20535000	      2052	80002de4	0b8a4a63	blt	x20,x24,80002e98	 x20:0x80000000 x24:0x80002b68
       20545000	      2053	00000000	00000013	addi	x0,x0,0	  x0:0x00000000
       20555000	      2054	80002e94	00000013	addi	x0,x0,0	  x0:0x00000000
       20565000	      2055	80002e98	00f820b3	slt	x1,x16,x15	 x16:0x80002730 x15:0x80002848  x1=0x00000001
       20575000	      2056	80002e9c	a5d10237	lui	x4,0xa5d10	  x4=0xa5d10000
       20585000	      2057	80002ea0	2bbe4313	xori	x6,x28,699	 x28:0x80002cb0  x6=0x80002e0b
       20595000	      2058	80002ea4	00406463	bltu	x0,x4,80002eac	  x0:0x00000000  x4:0xa5d10000
       20605000	      2059	00000000	00000013	addi	x0,x0,0	  x0:0x00000000
       20615000	      2060	80002ea8	00000013	addi	x0,x0,0	  x0:0x00000000
       20625000	      2061	80002eac	e3988113	addi	x2,x17,-455	 x17:0x80002924  x2=0x8000275d
       20635000	      2062	80002eb0	003eea33	or	x20,x29,x3	 x29:0x24cb5d98  x3:0x80002c78 x20=0xa4cb7df8
       20645000	      2063	80002eb4	04f69263	bne	x13,x15,80002ef8	 x13:0x80009fc4 x15:0x80002848
       20655000	      2064	00000000	00000013	addi	x0,x0,0	  x0:0x00000000
       20665000	      2065	80002ef4	00000013	addi	x0,x0,0	  x0:0x00000000
       20675000	      2066	80002ef8	b1acae13	slti	x28,x25,-1254	 x25:0x80000000 x28=0x00000001
       20685000	      2067	80002efc	41b20b33	sub	x22,x4,x27	  x4:0xa5d10000 x27:0x80009f70 x22=0x25d06090
       20695000	      2068	80002f00	41fe8833	sub	x16,x29,x31	 x29:0x24cb5d98 x31:0x80002c44 x16=0xa4cb3154
       20705000	      2069	80002f04	01d438b3	sltu	x17,x8,x29	  x8:0x80002888 x29:0x24cb5d98 x17=0x00000000
       20715000	      2070	80002f08	03cf5063	bge	x30,x28,80002f28	 x30:0x00000120 x28:0x00000001
       20725000	      2071	00000000	00000013	addi	x0,x0,0	  x0:0x00000000
       20735000	      2072	80002f24	00000013	addi	x0,x0,0	  x0:0x00000000
       20745000	      2073	80002f28	eba42313	slti	x6,x8,-326	  x8:0x80002888  x6=0x00000001
       20755000	      2074	80002f2c	00131b33	sll	x22,x6,x1	  x6:0x00000001  x1:0x00000001 x22=0x00000002
       20765000	      2075	80002f30	2adc4793	xori	x15,x24,685	 x24:0x80002b68 x15=0x800029c5
       20775000	      2076	80002f34	00f15333	srl	x6,x2,x15	  x2:0x8000275d x15:0x800029c5  x6=0x0400013a
       20785000	      2077	80002f38	008179b3	and	x19,x2,x8	  x2:0x8000275d  x8:0x80002888 x19=0x80002008
       20795000	      2078	80002f3c	043d0663	beq	x26,x3,80002f88	 x26:0x00000000  x3:0x80002c78
       20805000	      2079	80002f40	40e153b3	sra	x7,x2,x14	  x2:0x8000275d x14:0x80009fc4  x7=0xf8000275
       20815000	      2080	80002f44	f3357993	andi	x19,x10,-205	 x10:0x00000000 x19=0x00000000
       20825000	      2081	80002f48	02c3fa63	bgeu	x7,x12,80002f7c	  x7:0xf8000275 x12:0x80002c38
       20835000	      2082	00000000	00000013	addi	x0,x0,0	  x0:0x00000000
       20845000	      2083	80002f78	00000013	addi	x0,x0,0	  x0:0x00000000
       20855000	      2084	80002f7c	03d57663	bgeu	x10,x29,80002fa8	 x10:0x00000000 x29:0x24cb5d98
       20865000	      2085	80002f80	03924c63	blt	x4,x25,80002fb8	  x4:0xa5d10000 x25:0x80000000
       20875000	      2086	80002f84	00d6a8b3	slt	x17,x13,x13	 x13:0x80009fc4 x13:0x80009fc4 x17=0x00000000
       20885000	      2087	80002f88	1c013213	sltiu	x4,x2,448	  x2:0x8000275d  x4=0x00000000
       20895000	      2088	80002f8c	058e4063	blt	x28,x24,80002fcc	 x28:0x00000001 x24:0x80002b68
       20905000	      2089	80002f90	41bad113	srai	x2,x21,0x1b	 x21:0x80002cc8  x2=0xfffffff0
       20915000	      2090	80002f94	a30fe9b7	lui	x19,0xa30fe	 x19=0xa30fe000
       20925000	      2091	80002f98	0035f463	bgeu	x11,x3,80002fa0	 x11:0x00000000  x3:0x80002c78
       20935000	      2092	80002f9c	006244b3	xor	x9,x4,x6	  x4:0x00000000  x6:0x0400013a  x9=0x0400013a
       20945000	      2093	80002fa0	414d5d13	srai	x26,x26,0x14	 x26:0x00000000 x26=0x00000000
       20955000	      2094	80002fa4	01a84433	xor	x8,x16,x26	 x16:0xa4cb3154 x26:0x00000000  x8=0xa4cb3154
       20965000	      2095	80002fa8	1a5a8113	addi	x2,x21,421	 x21:0x80002cc8  x2=0x80002e6d
       20975000	      2096	80002fac	413b5393	srai	x7,x22,0x13	 x22:0x00000002  x7=0x00000000
       20985000	      2097	80002fb0	015e95b3	sll	x11,x29,x21	 x29:0x24cb5d98 x21:0x80002cc8 x11=0xcb5d9800
       20995000	      2098	80002fb4	41485fb3	sra	x31,x16,x20	 x16:0xa4cb3154 x20:0xa4cb7df8 x31=0xffffffa4
       21005000	      2099	80002fb8	014bb233	sltu	x4,x23,x20	 x23:0x80002bbc x20:0xa4cb7df8  x4=0x00000001
       21015000	      2100	80002fbc	00000013	addi	x0,x0,0	  x0:0x00000000
       21025000	      2101	80002fc0	2a4b3413	sltiu	x8,x22,676	 x22:0x00000002  x8=0x00000001
       21035000	      2102	80002fc4	00000013	addi	x0,x0,0	  x0:0x00000000
       21045000	      2103	80002fc8	00574633	xor	x12,x14,x5	 x14:0x80009fc4  x5:0x00000000 x12=0x80009fc4
       21055000	      2104	80002fcc	46faa637	lui	x12,0x46faa	 x12=0x46faa000
       21065000	      2105	80002fd0	41578b33	sub	x22,x15,x21	 x15:0x800029c5 x21:0x80002cc8 x22=0xfffffcfd
       21075000	      2106	80002fd4	00f19a33	sll	x20,x3,x15	  x3:0x80002c78 x15:0x800029c5 x20=0x00058f00
       21085000	      2107	80002fd8	fc0fc337	lui	x6,0xfc0fc	  x6=0xfc0fc000
       21095000	      2108	80002fdc	009d3933	sltu	x18,x26,x9	 x26:0x00000000  x9:0x0400013a x18=0x00000001
       21105000	      2109	80002fe0	01236433	or	x8,x6,x18	  x6:0xfc0fc000 x18:0x00000001  x8=0xfc0fc001
       21115000	      2110	80002fe4	01e62e33	slt	x28,x12,x30	 x12:0x46faa000 x30:0x00000120 x28=0x00000000
       21125000	      2111	80002fe8	4182d3b3	sra	x7,x5,x24	  x5:0x00000000 x24:0x80002b68  x7=0x00000000
       21135000	      2112	80002fec	00aac863	blt	x21,x10,80002ffc	 x21:0x80002cc8 x10:0x00000000
       21145000	      2113	00000000	00000013	addi	x0,x0,0	  x0:0x00000000
       21155000	      2114	80002ff8	00000013	addi	x0,x0,0	  x0:0x00000000
       21165000	      2115	80002ffc	00446463	bltu	x8,x4,80003004	  x8:0xfc0fc001  x4:0x00000001
       21175000	      2116	80003000	0139c133	xor	x2,x19,x19	 x19:0xa30fe000 x19:0xa30fe000  x2=0x00000000
       21185000	      2117	80003004	0020f263	bgeu	x1,x2,80003008	  x1:0x00000001  x2:0x00000000
       21195000	      2118	00000000	00000013	addi	x0,x0,0	  x0:0x00000000
       21205000	      2119	80003004	00000013	addi	x0,x0,0	  x0:0x00000000
       21215000	      2120	80003008	41035213	srai	x4,x6,0x10	  x6:0xfc0fc000  x4=0xfffffc0f
       21225000	      2121	8000300c	00313933	sltu	x18,x2,x3	  x2:0x00000000  x3:0x80002c78 x18=0x00000001
       21235000	      2122	80003010	00a134b3	sltu	x9,x2,x10	  x2:0x00000000 x10:0x00000000  x9=0x00000000
       21245000	      2123	80003014	01cd3033	sltu	x0,x26,x28	 x26:0x00000000 x28:0x00000000
       21255000	      2124	80003018	01e28eb3	add	x29,x5,x30	  x5:0x00000000 x30:0x00000120 x29=0x00000120
       21265000	      2125	8000301c	415559b3	sra	x19,x10,x21	 x10:0x00000000 x21:0x80002cc8 x19=0x00000000
       21275000	      2126	80003020	bc31e013	ori	x0,x3,-1085	  x3:0x80002c78
       21285000	      2127	80003024	69a60313	addi	x6,x12,1690	 x12:0x46faa000  x6=0x46faa69a
       21295000	      2128	80003028	01031e63	bne	x6,x16,80003044	  x6:0x46faa69a x16:0xa4cb3154
       21305000	      2129	00000000	00000013	addi	x0,x0,0	  x0:0x00000000
       21315000	      2130	80003040	00000013	addi	x0,x0,0	  x0:0x00000000
       21325000	      2131	80003044	7fb48e13	addi	x28,x9,2043	  x9:0x00000000 x28=0x000007fb
       21335000	      2132	80003048	010f38b3	sltu	x17,x30,x16	 x30:0x00000120 x16:0xa4cb3154 x17=0x00000001
       21345000	      2133	8000304c	011b7533	and	x10,x22,x17	 x22:0xfffffcfd x17:0x00000001 x10=0x00000001
       21355000	      2134	80003050	01dea033	slt	x0,x29,x29	 x29:0x00000120 x29:0x00000120
       21365000	      2135	80003054	02b19e63	bne	x3,x11,80003090	  x3:0x80002c78 x11:0xcb5d9800
       21375000	      2136	00000000	00000013	addi	x0,x0,0	  x0:0x00000000
       21385000	      2137	8000308c	00000013	addi	x0,x0,0	  x0:0x00000000
       21395000	      2138	80003090	01721133	sll	x2,x4,x23	  x4:0xfffffc0f x23:0x80002bbc  x2=0xf0000000
       21405000	      2139	80003094	0293f663	bgeu	x7,x9,800030c0	  x7:0x00000000  x9:0x00000000
       21415000	      2140	00000000	00000013	addi	x0,x0,0	  x0:0x00000000
       21425000	      2141	800030bc	00000013	addi	x0,x0,0	  x0:0x00000000
       21435000	      2142	800030c0	02497663	bgeu	x18,x4,800030ec	 x18:0x00000001  x4:0xfffffc0f
       21445000	      2143	800030c4	0013f533	and	x10,x7,x1	  x7:0x00000000  x1:0x00000001 x10=0x00000000
       21455000	      2144	800030c8	40dae793	ori	x15,x21,1037	 x21:0x80002cc8 x15=0x80002ccd
       21465000	      2145	800030cc	41660333	sub	x6,x12,x22	 x12:0x46faa000 x22:0xfffffcfd  x6=0x46faa303
       21475000	      2146	800030d0	40820ab3	sub	x21,x4,x8	  x4:0xfffffc0f  x8:0xfc0fc001 x21=0x03f03c0e
       21485000	      2147	800030d4	61664813	xori	x16,x12,1558	 x12:0x46faa000 x16=0x46faa616
       21495000	      2148	800030d8	403b0633	sub	x12,x22,x3	 x22:0xfffffcfd  x3:0x80002c78 x12=0x7fffd085
       21505000	      2149	800030dc	9ec2cb13	xori	x22,x5,-1556	  x5:0x00000000 x22=0xfffff9ec
       21515000	      2150	800030e0	01bb6e63	bltu	x22,x27,800030fc	 x22:0xfffff9ec x27:0x80009f70
       21525000	      2151	800030e4	a4a15ab7	lui	x21,0xa4a15	 x21=0xa4a15000
       21535000	      2152	800030e8	4152da13	srai	x20,x5,0x15	  x5:0x00000000 x20=0x00000000
       21545000	      2153	800030ec	03ce8a63	beq	x29,x28,80003120	 x29:0x00000120 x28:0x000007fb
       21555000	      2154	800030f0	01f6b3b3	sltu	x7,x13,x31	 x13:0x80009fc4 x31:0xffffffa4  x7=0x00000001
       21565000	      2155	800030f4	409c89b3	sub	x19,x25,x9	 x25:0x80000000  x9:0x00000000 x19=0x80000000
       21575000	      2156	800030f8	abacf813	andi	x16,x25,-1350	 x25:0x80000000 x16=0x80000000
       21585000	      2157	800030fc	8e8c2993	slti	x19,x24,-1816	 x24:0x80002b68 x19=0x00000001
       21595000	      2158	80003100	c1e94397	auipc	x7,0xc1e94	  x7=0x41e970fc
       21605000	      2159	80003104	41015f93	srai	x31,x2,0x10	  x2:0xf0000000 x31=0xfffff000
       21615000	      2160	80003108	00e79ab3	sll	x21,x15,x14	 x15:0x80002ccd x14:0x80009fc4 x21=0x0002ccd0
       21625000	      2161	8000310c	018a0863	beq	x20,x24,8000311c	 x20:0x00000000 x24:0x80002b68
       21635000	      2162	80003110	002625b3	slt	x11,x12,x2	 x12:0x7fffd085  x2:0xf0000000 x11=0x00000000
       21645000	      2163	80003114	04710063	beq	x2,x7,80003154	  x2:0xf0000000  x7:0x41e970fc
       21655000	      2164	80003118	1aabc893	xori	x17,x23,426	 x23:0x80002bbc x17=0x80002a16
       21665000	      2165	8000311c	019433b3	sltu	x7,x8,x25	  x8:0xfc0fc001 x25:0x80000000  x7=0x00000000
       21675000	      2166	80003120	0260de63	bge	x1,x6,8000315c	  x1:0x00000001  x6:0x46faa303
       21685000	      2167	80003124	017471b3	and	x3,x8,x23	  x8:0xfc0fc001 x23:0x80002bbc  x3=0x80000000
       21695000	      2168	80003128	37714e93	xori	x29,x2,887	  x2:0xf0000000 x29=0xf0000377
       21705000	      2169	8000312c	01c67433	and	x8,x12,x28	 x12:0x7fffd085 x28:0x000007fb  x8=0x00000081
       21715000	      2170	80003130	04831663	bne	x6,x8,8000317c	  x6:0x46faa303  x8:0x00000081
       21725000	      2171	00000000	00000013	addi	x0,x0,0	  x0:0x00000000
       21735000	      2172	80003178	00000013	addi	x0,x0,0	  x0:0x00000000
       21745000	      2173	8000317c	00f88833	add	x16,x17,x15	 x17:0x80002a16 x15:0x80002ccd x16=0x000056e3
       21755000	      2174	80003180	a7964493	xori	x9,x12,-1415	 x12:0x7fffd085  x9=0x80002afc
       21765000	      2175	80003184	04def063	bgeu	x29,x13,800031c4	 x29:0xf0000377 x13:0x80009fc4
       21775000	      2176	00000000	00000013	addi	x0,x0,0	  x0:0x00000000
       21785000	      2177	800031c0	00000013	addi	x0,x0,0	  x0:0x00000000
       21795000	      2178	800031c4	4149d593	srai	x11,x19,0x14	 x19:0x00000001 x11=0x00000000
       21805000	      2179	800031c8	005e31b3	sltu	x3,x28,x5	 x28:0x000007fb  x5:0x00000000  x3=0x00000000
       21815000	      2180	800031cc	01c34233	xor	x4,x6,x28	  x6:0x46faa303 x28:0x000007fb  x4=0x46faa4f8
       21825000	      2181	800031d0	0082ec63	bltu	x5,x8,800031e8	  x5:0x00000000  x8:0x00000081
       21835000	      2182	00000000	00000013	addi	x0,x0,0	  x0:0x00000000
       21845000	      2183	800031e4	00000013	addi	x0,x0,0	  x0:0x00000000
       21855000	      2184	800031e8	006f0863	beq	x30,x6,800031f8	 x30:0x00000120  x6:0x46faa303
       21865000	      2185	800031ec	01e1c463	blt	x3,x30,800031f4	  x3:0x00000000 x30:0x00000120
       21875000	      2186	00000000	00000013	addi	x0,x0,0	  x0:0x00000000
       21885000	      2187	800031f0	00000013	addi	x0,x0,0	  x0:0x00000000
       21895000	      2188	800031f4	00538863	beq	x7,x5,80003204	  x7:0x00000000  x5:0x00000000
       21905000	      2189	00000000	00000013	addi	x0,x0,0	  x0:0x00000000
       21915000	      2190	80003200	00000013	addi	x0,x0,0	  x0:0x00000000
       21925000	      2191	80003204	01553eb3	sltu	x29,x10,x21	 x10:0x00000000 x21:0x0002ccd0 x29=0x00000001
       21935000	      2192	80003208	0040d113	srli	x2,x1,0x4	  x1:0x00000001  x2=0x00000000
       21945000	      2193	8000320c	38c88f93	addi	x31,x17,908	 x17:0x80002a16 x31=0x80002da2
       21955000	      2194	80003210	01bb7eb3	and	x29,x22,x27	 x22:0xfffff9ec x27:0x80009f70 x29=0x80009960
       21965000	      2195	80003214	00d9a733	slt	x14,x19,x13	 x19:0x00000001 x13:0x80009fc4 x14=0x00000000
       21975000	      2196	80003218	02a8da63	bge	x17,x10,8000324c	 x17:0x80002a16 x10:0x00000000
       21985000	      2197	8000321c	2fb4fe93	andi	x29,x9,763	  x9:0x80002afc x29=0x000002f8
       21995000	      2198	80003220	419287b3	sub	x15,x5,x25	  x5:0x00000000 x25:0x80000000 x15=0x80000000
       22005000	      2199	80003224	9fd17217	auipc	x4,0x9fd17	  x4=0x1fd1a220
       22015000	      2200	80003228	4130de33	sra	x28,x1,x19	  x1:0x00000001 x19:0x00000001 x28=0x00000000
       22025000	      2201	8000322c	01b7db93	srli	x23,x15,0x1b	 x15:0x80000000 x23=0x00000010
       22035000	      2202	80003230	012d9f93	slli	x31,x27,0x12	 x27:0x80009f70 x31=0x7dc00000
       22045000	      2203	80003234	00d0c5b3	xor	x11,x1,x13	  x1:0x00000001 x13:0x80009fc4 x11=0x80009fc5
       22055000	      2204	80003238	00ddd863	bge	x27,x13,80003248	 x27:0x80009f70 x13:0x80009fc4
       22065000	      2205	8000323c	01b4df13	srli	x30,x9,0x1b	  x9:0x80002afc x30=0x00000010
       22075000	      2206	80003240	321c4013	xori	x0,x24,801	 x24:0x80002b68
       22085000	      2207	80003244	03f01a63	bne	x0,x31,80003278	  x0:0x00000000 x31:0x7dc00000
       22095000	      2208	00000000	00000013	addi	x0,x0,0	  x0:0x00000000
       22105000	      2209	80003274	00000013	addi	x0,x0,0	  x0:0x00000000
       22115000	      2210	80003278	938bc613	xori	x12,x23,-1736	 x23:0x00000010 x12=0xfffff928
       22125000	      2211	8000327c	326b3213	sltiu	x4,x22,806	 x22:0xfffff9ec  x4=0x00000000
       22135000	      2212	80003280	c71a7b13	andi	x22,x20,-911	 x20:0x00000000 x22=0x00000000
       22145000	      2213	80003284	02280463	beq	x16,x2,800032ac	 x16:0x000056e3  x2:0x00000000
       22155000	      2214	80003288	047e4263	blt	x28,x7,800032cc	 x28:0x00000000  x7:0x00000000
       22165000	      2215	8000328c	017e7b33	and	x22,x28,x23	 x28:0x00000000 x23:0x00000010 x22=0x00000000
       22175000	      2216	80003290	023a4a63	blt	x20,x3,800032c4	 x20:0x00000000  x3:0x00000000
       22185000	      2217	80003294	b4f50ab7	lui	x21,0xb4f50	 x21=0xb4f50000
       22195000	      2218	80003298	88b81eb7	lui	x29,0x88b81	 x29=0x88b81000
       22205000	      2219	8000329c	02cf6663	bltu	x30,x12,800032c8	 x30:0x00000010 x12:0xfffff928
       22215000	      2220	00000000	00000013	addi	x0,x0,0	  x0:0x00000000
       22225000	      2221	800032c4	00000013	addi	x0,x0,0	  x0:0x00000000
       22235000	      2222	800032c8	00ab9e33	sll	x28,x23,x10	 x23:0x00000010 x10:0x00000000 x28=0x00000010
       22245000	      2223	800032cc	04f88063	beq	x17,x15,8000330c	 x17:0x80002a16 x15:0x80000000
       22255000	      2224	800032d0	01dcc263	blt	x25,x29,800032d4	 x25:0x80000000 x29:0x88b81000
       22265000	      2225	00000000	00000013	addi	x0,x0,0	  x0:0x00000000
       22275000	      2226	800032d0	00000013	addi	x0,x0,0	  x0:0x00000000
       22285000	      2227	800032d4	018b5993	srli	x19,x22,0x18	 x22:0x00000000 x19=0x00000000
       22295000	      2228	800032d8	4f688a93	addi	x21,x17,1270	 x17:0x80002a16 x21=0x80002f0c
       22305000	      2229	800032dc	0103aa33	slt	x20,x7,x16	  x7:0x00000000 x16:0x000056e3 x20=0x00000001
       22315000	      2230	800032e0	01387eb3	and	x29,x16,x19	 x16:0x000056e3 x19:0x00000000 x29=0x00000000
       22325000	      2231	800032e4	01041ab3	sll	x21,x8,x16	  x8:0x00000081 x16:0x000056e3 x21=0x00000408
       22335000	      2232	800032e8	00635b13	srli	x22,x6,0x6	  x6:0x46faa303 x22=0x011bea8c
       22345000	      2233	800032ec	38b20493	addi	x9,x4,907	  x4:0x00000000  x9=0x0000038b
       22355000	      2234	800032f0	131ab113	sltiu	x2,x21,305	 x21:0x00000408  x2=0x00000000
       22365000	      2235	800032f4	fcd48737	lui	x14,0xfcd48	 x14=0xfcd48000
       22375000	      2236	800032f8	02a8d663	bge	x17,x10,80003324	 x17:0x80002a16 x10:0x00000000
       22385000	      2237	800032fc	00b758b3	srl	x17,x14,x11	 x14:0xfcd48000 x11:0x80009fc5 x17=0x07e6a400
       22395000	      2238	80003300	01df1813	slli	x16,x30,0x1d	 x30:0x00000010 x16=0x00000000
       22405000	      2239	80003304	00de02b3	add	x5,x28,x13	 x28:0x00000010 x13:0x80009fc4  x5=0x80009fd4
       22415000	      2240	80003308	011a8c63	beq	x21,x17,80003320	 x21:0x00000408 x17:0x07e6a400
       22425000	      2241	8000330c	0171d433	srl	x8,x3,x23	  x3:0x00000000 x23:0x00000010  x8=0x00000000
       22435000	      2242	80003310	01407e63	bgeu	x0,x20,8000332c	  x0:0x00000000 x20:0x00000001
       22445000	      2243	80003314	803eceb7	lui	x29,0x803ec	 x29=0x803ec000
       22455000	      2244	80003318	6aabcf93	xori	x31,x23,1706	 x23:0x00000010 x31=0x000006ba
       22465000	      2245	8000331c	41d8d533	sra	x10,x17,x29	 x17:0x07e6a400 x29:0x803ec000 x10=0x07e6a400
       22475000	      2246	80003320	f3bef893	andi	x17,x29,-197	 x29:0x803ec000 x17=0x803ec000
       22485000	      2247	80003324	00495233	srl	x4,x18,x4	 x18:0x00000001  x4:0x00000000  x4=0x00000001
       22495000	      2248	80003328	0091d463	bge	x3,x9,80003330	  x3:0x00000000  x9:0x0000038b
       22505000	      2249	8000332c	013147b3	xor	x15,x2,x19	  x2:0x00000000 x19:0x00000000 x15=0x00000000
       22515000	      2250	80003330	97c1b8b7	lui	x17,0x97c1b	 x17=0x97c1b000
       22525000	      2251	80003334	41505f13	srai	x30,x0,0x15	  x0:0x00000000 x30=0x00000000
       22535000	      2252	80003338	00445863	bge	x8,x4,80003348	  x8:0x00000000  x4:0x00000001
       22545000	      2253	8000333c	dc23cc17	auipc	x24,0xdc23c	 x24=0x5c23f338
       22555000	      2254	80003340	00d2dab3	srl	x21,x5,x13	  x5:0x80009fd4 x13:0x80009fc4 x21=0x080009fd
       22565000	      2255	80003344	03e9fa63	bgeu	x19,x30,80003378	 x19:0x00000000 x30:0x00000000
       22575000	      2256	00000000	00000013	addi	x0,x0,0	  x0:0x00000000
       22585000	      2257	80003374	00000013	addi	x0,x0,0	  x0:0x00000000
       22595000	      2258	80003378	018bd593	srli	x11,x23,0x18	 x23:0x00000010 x11=0x00000000
       22605000	      2259	8000337c	000c45b3	xor	x11,x24,x0	 x24:0x5c23f338  x0:0x00000000 x11=0x5c23f338
       22615000	      2260	80003380	31a18313	addi	x6,x3,794	  x3:0x00000000  x6=0x0000031a
       22625000	      2261	80003384	93927513	andi	x10,x4,-1735	  x4:0x00000001 x10=0x00000001
       22635000	      2262	80003388	00bb4463	blt	x22,x11,80003390	 x22:0x011bea8c x11:0x5c23f338
       22645000	      2263	00000000	00000013	addi	x0,x0,0	  x0:0x00000000
       22655000	      2264	8000338c	00000013	addi	x0,x0,0	  x0:0x00000000
       22665000	      2265	80003390	01d7c533	xor	x10,x15,x29	 x15:0x00000000 x29:0x803ec000 x10=0x803ec000
       22675000	      2266	80003394	001f63b3	or	x7,x30,x1	 x30:0x00000000  x1:0x00000001  x7=0x00000001
       22685000	      2267	80003398	47f72113	slti	x2,x14,1151	 x14:0xfcd48000  x2=0x00000001
       22695000	      2268	8000339c	c60e2613	slti	x12,x28,-928	 x28:0x00000010 x12=0x00000000
       22705000	      2269	800033a0	00ad1633	sll	x12,x26,x10	 x26:0x00000000 x10:0x803ec000 x12=0x00000000
       22715000	      2270	800033a4	012a1a33	sll	x20,x20,x18	 x20:0x00000001 x18:0x00000001 x20=0x00000002
       22725000	      2271	800033a8	010d1c13	slli	x24,x26,0x10	 x26:0x00000000 x24=0x00000000
       22735000	      2272	800033ac	013155b3	srl	x11,x2,x19	  x2:0x00000001 x19:0x00000000 x11=0x00000001
       22745000	      2273	800033b0	01cdde63	bge	x27,x28,800033cc	 x27:0x80009f70 x28:0x00000010
       22755000	      2274	800033b4	7f46ae93	slti	x29,x13,2036	 x13:0x80009fc4 x29=0x00000001
       22765000	      2275	800033b8	5add4713	xori	x14,x26,1453	 x26:0x00000000 x14=0x000005ad
       22775000	      2276	800033bc	bb2aeb13	ori	x22,x21,-1102	 x21:0x080009fd x22=0xfffffbff
       22785000	      2277	800033c0	4bb68213	addi	x4,x13,1211	 x13:0x80009fc4  x4=0x8000a47f
       22795000	      2278	800033c4	52c46913	ori	x18,x8,1324	  x8:0x00000000 x18=0x0000052c
       22805000	      2279	800033c8	00250033	add	x0,x10,x2	 x10:0x803ec000  x2:0x00000001
       22815000	      2280	800033cc	009a8e33	add	x28,x21,x9	 x21:0x080009fd  x9:0x0000038b x28=0x08000d88
       22825000	      2281	800033d0	00401f13	slli	x30,x0,0x4	  x0:0x00000000 x30=0x00000000
       22835000	      2282	800033d4	014a1c63	bne	x20,x20,800033ec	 x20:0x00000002 x20:0x00000002
       22845000	      2283	800033d8	01031213	slli	x4,x6,0x10	  x6:0x0000031a  x4=0x031a0000
       22855000	      2284	800033dc	0196e1b3	or	x3,x13,x25	 x13:0x80009fc4 x25:0x80000000  x3=0x80009fc4
       22865000	      2285	800033e0	00228f33	add	x30,x5,x2	  x5:0x80009fd4  x2:0x00000001 x30=0x80009fd5
       22875000	      2286	800033e4	61d14093	xori	x1,x2,1565	  x2:0x00000001  x1=0x0000061c
       22885000	      2287	800033e8	01551293	slli	x5,x10,0x15	 x10:0x803ec000  x5=0x00000000
       22895000	      2288	800033ec	013d60b3	or	x1,x26,x19	 x26:0x00000000 x19:0x00000000  x1=0x00000000
       22905000	      2289	800033f0	f478b713	sltiu	x14,x17,-185	 x17:0x97c1b000 x14=0x00000001
       22915000	      2290	800033f4	402e58b3	sra	x17,x28,x2	 x28:0x08000d88  x2:0x00000001 x17=0x040006c4
       22925000	      2291	800033f8	018537b3	sltu	x15,x10,x24	 x10:0x803ec000 x24:0x00000000 x15=0x00000000
       22935000	      2292	800033fc	41600533	sub	x10,x0,x22	  x0:0x00000000 x22:0xfffffbff x10=0x00000401
       22945000	      2293	80003400	e2b9b893	sltiu	x17,x19,-469	 x19:0x00000000 x17=0x00000001
       22955000	      2294	80003404	00000013	addi	x0,x0,0	  x0:0x00000000
       22965000	      2295	80003408	0d3e6b13	ori	x22,x28,211	 x28:0x08000d88 x22=0x08000ddb
       22975000	      2296	8000340c	8efc0e13	addi	x28,x24,-1809	 x24:0x00000000 x28=0xfffff8ef
       22985000	      2297	80003410	012e1293	slli	x5,x28,0x12	 x28:0xfffff8ef  x5=0xe3bc0000
       22995000	      2298	80003414	00019a93	slli	x21,x3,0x0	  x3:0x80009fc4 x21=0x80009fc4
       23005000	      2299	80003418	00000013	addi	x0,x0,0	  x0:0x00000000
       23015000	      2300	8000341c	02a5d063	bge	x11,x10,8000343c	 x11:0x00000001 x10:0x00000401
       23025000	      2301	80003420	05ba7193	andi	x3,x20,91	 x20:0x00000002  x3=0x00000002
       23035000	      2302	80003424	52ba4213	xori	x4,x20,1323	 x20:0x00000002  x4=0x00000529
       23045000	      2303	80003428	01ca1b33	sll	x22,x20,x28	 x20:0x00000002 x28:0xfffff8ef x22=0x00010000
       23055000	      2304	8000342c	dcb7abb7	lui	x23,0xdcb7a	 x23=0xdcb7a000
       23065000	      2305	80003430	231203b7	lui	x7,0x23120	  x7=0x23120000
       23075000	      2306	80003434	ec1ca813	slti	x16,x25,-319	 x25:0x80000000 x16=0x00000001
       23085000	      2307	80003438	009bdbb3	srl	x23,x23,x9	 x23:0xdcb7a000  x9:0x0000038b x23=0x001b96f4
       23095000	      2308	8000343c	00500ab3	add	x21,x0,x5	  x0:0x00000000  x5:0xe3bc0000 x21=0xe3bc0000
       23105000	      2309	80003440	02c4e063	bltu	x9,x12,80003460	  x9:0x0000038b x12:0x00000000
       23115000	      2310	80003444	00731833	sll	x16,x6,x7	  x6:0x0000031a  x7:0x23120000 x16=0x0000031a
       23125000	      2311	80003448	014c5e63	bge	x24,x20,80003464	 x24:0x00000000 x20:0x00000002
       23135000	      2312	8000344c	0118d033	srl	x0,x17,x17	 x17:0x00000001 x17:0x00000001
       23145000	      2313	80003450	6958df37	lui	x30,0x6958d	 x30=0x6958d000
       23155000	      2314	80003454	013a9433	sll	x8,x21,x19	 x21:0xe3bc0000 x19:0x00000000  x8=0xe3bc0000
       23165000	      2315	80003458	0595b293	sltiu	x5,x11,89	 x11:0x00000001  x5=0x00000001
       23175000	      2316	8000345c	4cca4a37	lui	x20,0x4cca4	 x20=0x4cca4000
       23185000	      2317	80003460	04178263	beq	x15,x1,800034a4	 x15:0x00000000  x1:0x00000000
       23195000	      2318	00000000	00000013	addi	x0,x0,0	  x0:0x00000000
       23205000	      2319	800034a0	00000013	addi	x0,x0,0	  x0:0x00000000
       23215000	      2320	800034a4	04227063	bgeu	x4,x2,800034e4	  x4:0x00000529  x2:0x00000001
       23225000	      2321	00000000	00000013	addi	x0,x0,0	  x0:0x00000000
       23235000	      2322	800034e0	00000013	addi	x0,x0,0	  x0:0x00000000
       23245000	      2323	800034e4	00392a13	slti	x20,x18,3	 x18:0x0000052c x20=0x00000000
       23255000	      2324	800034e8	e3253913	sltiu	x18,x10,-462	 x10:0x00000401 x18=0x00000001
       23265000	      2325	800034ec	40c47193	andi	x3,x8,1036	  x8:0xe3bc0000  x3=0x00000000
       23275000	      2326	800034f0	015c5c63	bge	x24,x21,80003508	 x24:0x00000000 x21:0xe3bc0000
       23285000	      2327	00000000	00000013	addi	x0,x0,0	  x0:0x00000000
       23295000	      2328	80003504	00000013	addi	x0,x0,0	  x0:0x00000000
       23305000	      2329	80003508	01a897b3	sll	x15,x17,x26	 x17:0x00000001 x26:0x00000000 x15=0x00000001
       23315000	      2330	8000350c	00009ab3	sll	x21,x1,x0	  x1:0x00000000  x0:0x00000000 x21=0x00000000
       23325000	      2331	80003510	40dfda33	sra	x20,x31,x13	 x31:0x000006ba x13:0x80009fc4 x20=0x0000006b
       23335000	      2332	80003514	014a4fb3	xor	x31,x20,x20	 x20:0x0000006b x20:0x0000006b x31=0x00000000
       23345000	      2333	80003518	108feb13	ori	x22,x31,264	 x31:0x00000000 x22=0x00000108
       23355000	      2334	8000351c	0386fa63	bgeu	x13,x24,80003550	 x13:0x80009fc4 x24:0x00000000
       23365000	      2335	00000000	00000013	addi	x0,x0,0	  x0:0x00000000
       23375000	      2336	8000354c	00000013	addi	x0,x0,0	  x0:0x00000000
       23385000	      2337	80003550	01dc5c13	srli	x24,x24,0x1d	 x24:0x00000000 x24=0x00000000
       23395000	      2338	80003554	bd330293	addi	x5,x6,-1069	  x6:0x0000031a  x5=0xfffffeed
       23405000	      2339	80003558	06d46a63	bltu	x8,x13,800035cc	  x8:0xe3bc0000 x13:0x80009fc4
       23415000	      2340	8000355c	045b74b7	lui	x9,0x45b7	  x9=0x045b7000
       23425000	      2341	80003560	403a8433	sub	x8,x21,x3	 x21:0x00000000  x3:0x00000000  x8=0x00000000
       23435000	      2342	80003564	01770333	add	x6,x14,x23	 x14:0x00000001 x23:0x001b96f4  x6=0x001b96f5
       23445000	      2343	80003568	00c09eb3	sll	x29,x1,x12	  x1:0x00000000 x12:0x00000000 x29=0x00000000
       23455000	      2344	8000356c	e8528137	lui	x2,0xe8528	  x2=0xe8528000
       23465000	      2345	80003570	01721493	slli	x9,x4,0x17	  x4:0x00000529  x9=0x94800000
       23475000	      2346	80003574	41f68ab3	sub	x21,x13,x31	 x13:0x80009fc4 x31:0x00000000 x21=0x80009fc4
       23485000	      2347	80003578	c2c7c217	auipc	x4,0xc2c7c	  x4=0x42c7f574
       23495000	      2348	8000357c	06775863	bge	x14,x7,800035ec	 x14:0x00000001  x7:0x23120000
       23505000	      2349	80003580	09147063	bgeu	x8,x17,80003600	  x8:0x00000000 x17:0x00000001
       23515000	      2350	80003584	991a3393	sltiu	x7,x20,-1647	 x20:0x0000006b  x7=0x00000001
       23525000	      2351	80003588	da1c3f97	auipc	x31,0xda1c3	 x31=0x5a1c6584
       23535000	      2352	8000358c	02c0036f	jal	x6,8000358c	  x6=0x8000358c
       23545000	      2353	00000000	00000013	addi	x0,x0,0	  x0:0x00000000
       23555000	      2354	800035b4	00000013	addi	x0,x0,0	  x0:0x00000000
       23565000	      2355	800035b8	ff1ff0ef	jal	x1,800035b8	  x1=0x800035b8
       23575000	      2356	00000000	00000013	addi	x0,x0,0	  x0:0x00000000
       23585000	      2357	800035a4	00000013	addi	x0,x0,0	  x0:0x00000000
       23595000	      2358	800035a8	004000ef	jal	x1,800035a8	  x1=0x800035a8
       23605000	      2359	00000000	00000013	addi	x0,x0,0	  x0:0x00000000
       23615000	      2360	800035a8	00000013	addi	x0,x0,0	  x0:0x00000000
       23625000	      2361	800035ac	008000ef	jal	x1,800035ac	  x1=0x800035ac
       23635000	      2362	00000000	00000013	addi	x0,x0,0	  x0:0x00000000
       23645000	      2363	800035b0	00000013	addi	x0,x0,0	  x0:0x00000000
       23655000	      2364	800035b4	fe1ff0ef	jal	x1,800035b4	  x1=0x800035b4
       23665000	      2365	00000000	00000013	addi	x0,x0,0	  x0:0x00000000
       23675000	      2366	80003590	00000013	addi	x0,x0,0	  x0:0x00000000
       23685000	      2367	80003594	010000ef	jal	x1,80003594	  x1=0x80003594
       23695000	      2368	00000000	00000013	addi	x0,x0,0	  x0:0x00000000
       23705000	      2369	800035a0	00000013	addi	x0,x0,0	  x0:0x00000000
       23715000	      2370	800035a4	ff5ff0ef	jal	x1,800035a4	  x1=0x800035a4
       23725000	      2371	00000000	00000013	addi	x0,x0,0	  x0:0x00000000
       23735000	      2372	80003594	00000013	addi	x0,x0,0	  x0:0x00000000
       23745000	      2373	80003598	008000ef	jal	x1,80003598	  x1=0x80003598
       23755000	      2374	00000000	00000013	addi	x0,x0,0	  x0:0x00000000
       23765000	      2375	8000359c	00000013	addi	x0,x0,0	  x0:0x00000000
       23775000	      2376	800035a0	ffdff0ef	jal	x1,800035a0	  x1=0x800035a0
       23785000	      2377	00000000	00000013	addi	x0,x0,0	  x0:0x00000000
       23795000	      2378	80003598	00000013	addi	x0,x0,0	  x0:0x00000000
       23805000	      2379	8000359c	0140036f	jal	x6,8000359c	  x6=0x8000359c
       23815000	      2380	00000000	00000013	addi	x0,x0,0	  x0:0x00000000
       23825000	      2381	800035ac	00000013	addi	x0,x0,0	  x0:0x00000000
       23835000	      2382	800035b0	fe1ff36f	jal	x6,800035b0	  x6=0x800035b0
       23845000	      2383	00000000	00000013	addi	x0,x0,0	  x0:0x00000000
       23855000	      2384	8000358c	00000013	addi	x0,x0,0	  x0:0x00000000
       23865000	      2385	80003590	02c000ef	jal	x1,80003590	  x1=0x80003590
       23875000	      2386	00000000	00000013	addi	x0,x0,0	  x0:0x00000000
       23885000	      2387	800035b8	00000013	addi	x0,x0,0	  x0:0x00000000
       23895000	      2388	800035bc	40d60833	sub	x16,x12,x13	 x12:0x00000000 x13:0x80009fc4 x16=0x7fff603c
       23905000	      2389	800035c0	01007633	and	x12,x0,x16	  x0:0x00000000 x16:0x7fff603c x12=0x00000000
       23915000	      2390	800035c4	4a1b0a13	addi	x20,x22,1185	 x22:0x00000108 x20=0x000005a9
       23925000	      2391	800035c8	41fc6237	lui	x4,0x41fc6	  x4=0x41fc6000
       23935000	      2392	800035cc	33cea513	slti	x10,x29,828	 x29:0x00000000 x10=0x00000001
       23945000	      2393	800035d0	01372b33	slt	x22,x14,x19	 x14:0x00000001 x19:0x00000000 x22=0x00000000
       23955000	      2394	800035d4	00d15433	srl	x8,x2,x13	  x2:0xe8528000 x13:0x80009fc4  x8=0x0e852800
       23965000	      2395	800035d8	004901b3	add	x3,x18,x4	 x18:0x00000001  x4:0x41fc6000  x3=0x41fc6001
       23975000	      2396	800035dc	00586463	bltu	x16,x5,800035e4	 x16:0x7fff603c  x5:0xfffffeed
       23985000	      2397	00000000	00000013	addi	x0,x0,0	  x0:0x00000000
       23995000	      2398	800035e0	00000013	addi	x0,x0,0	  x0:0x00000000
       24005000	      2399	800035e4	00000013	addi	x0,x0,0	  x0:0x00000000
       24015000	      2400	800035e8	015bfd33	and	x26,x23,x21	 x23:0x001b96f4 x21:0x80009fc4 x26=0x000096c4
       24025000	      2401	800035ec	02d27a63	bgeu	x4,x13,80003620	  x4:0x41fc6000 x13:0x80009fc4
       24035000	      2402	800035f0	01f35d13	srli	x26,x6,0x1f	  x6:0x800035b0 x26=0x00000001
       24045000	      2403	800035f4	0005e933	or	x18,x11,x0	 x11:0x00000001  x0:0x00000000 x18=0x00000001
       24055000	      2404	800035f8	da1ecf93	xori	x31,x29,-607	 x29:0x00000000 x31=0xfffffda1
       24065000	      2405	800035fc	0098a7b3	slt	x15,x17,x9	 x17:0x00000001  x9:0x94800000 x15=0x00000000
       24075000	      2406	80003600	011d6863	bltu	x26,x17,80003610	 x26:0x00000001 x17:0x00000001
       24085000	      2407	80003604	6de01517	auipc	x10,0x6de01	 x10=0xede04600
       24095000	      2408	80003608	0015d393	srli	x7,x11,0x1	 x11:0x00000001  x7=0x00000000
       24105000	      2409	8000360c	000e9413	slli	x8,x29,0x0	 x29:0x00000000  x8=0x00000000
       24115000	      2410	80003610	41878c33	sub	x24,x15,x24	 x15:0x00000000 x24:0x00000000 x24=0x00000000
       24125000	      2411	80003614	013be1b3	or	x3,x23,x19	 x23:0x001b96f4 x19:0x00000000  x3=0x001b96f4
       24135000	      2412	80003618	00780463	beq	x16,x7,80003620	 x16:0x7fff603c  x7:0x00000000
       24145000	      2413	8000361c	00000013	addi	x0,x0,0	  x0:0x00000000
       24155000	      2414	80003620	f2d9fb13	andi	x22,x19,-211	 x19:0x00000000 x22=0x00000000
       24165000	      2415	80003624	84a1a493	slti	x9,x3,-1974	  x3:0x001b96f4  x9=0x00000000
       24175000	      2416	80003628	38c69637	lui	x12,0x38c69	 x12=0x38c69000
       24185000	      2417	8000362c	01603d33	sltu	x26,x0,x22	  x0:0x00000000 x22:0x00000000 x26=0x00000000
       24195000	      2418	80003630	a04f1097	auipc	x1,0xa04f1	  x1=0x204f462c
       24205000	      2419	80003634	019f4d33	xor	x26,x30,x25	 x30:0x6958d000 x25:0x80000000 x26=0xe958d000
       24215000	      2420	80003638	aa763013	sltiu	x0,x12,-1369	 x12:0x38c69000
       24225000	      2421	8000363c	01c24c63	blt	x4,x28,80003654	  x4:0x41fc6000 x28:0xfffff8ef
       24235000	      2422	80003640	003d5263	bge	x26,x3,80003644	 x26:0xe958d000  x3:0x001b96f4
       24245000	      2423	80003644	03257a63	bgeu	x10,x18,80003678	 x10:0xede04600 x18:0x00000001
       24255000	      2424	00000000	00000013	addi	x0,x0,0	  x0:0x00000000
       24265000	      2425	80003674	00000013	addi	x0,x0,0	  x0:0x00000000
       24275000	      2426	80003678	007a5633	srl	x12,x20,x7	 x20:0x000005a9  x7:0x00000000 x12=0x000005a9
       24285000	      2427	8000367c	03bbd063	bge	x23,x27,8000369c	 x23:0x001b96f4 x27:0x80009f70
       24295000	      2428	00000000	00000013	addi	x0,x0,0	  x0:0x00000000
       24305000	      2429	80003698	00000013	addi	x0,x0,0	  x0:0x00000000
       24315000	      2430	8000369c	00d1e533	or	x10,x3,x13	  x3:0x001b96f4 x13:0x80009fc4 x10=0x801b9ff4
       24325000	      2431	800036a0	00a4f7b3	and	x15,x9,x10	  x9:0x00000000 x10:0x801b9ff4 x15=0x00000000
       24335000	      2432	800036a4	41e45093	srai	x1,x8,0x1e	  x8:0x00000000  x1=0x00000000
       24345000	      2433	800036a8	019324b3	slt	x9,x6,x25	  x6:0x800035b0 x25:0x80000000  x9=0x00000000
       24355000	      2434	800036ac	b00cf037	lui	x0,0xb00cf	
       24365000	      2435	800036b0	005aa333	slt	x6,x21,x5	 x21:0x80009fc4  x5:0xfffffeed  x6=0x00000001
       24375000	      2436	800036b4	9ce73c13	sltiu	x24,x14,-1586	 x14:0x00000001 x24=0x00000001
       24385000	      2437	800036b8	01789463	bne	x17,x23,800036c0	 x17:0x00000001 x23:0x001b96f4
       24395000	      2438	00000000	00000013	addi	x0,x0,0	  x0:0x00000000
       24405000	      2439	800036bc	00000013	addi	x0,x0,0	  x0:0x00000000
       24415000	      2440	800036c0	00461c63	bne	x12,x4,800036d8	 x12:0x000005a9  x4:0x41fc6000
       24425000	      2441	00000000	00000013	addi	x0,x0,0	  x0:0x00000000
       24435000	      2442	800036d4	00000013	addi	x0,x0,0	  x0:0x00000000
       24445000	      2443	800036d8	03287463	bgeu	x16,x18,80003700	 x16:0x7fff603c x18:0x00000001
       24455000	      2444	00000000	00000013	addi	x0,x0,0	  x0:0x00000000
       24465000	      2445	800036fc	00000013	addi	x0,x0,0	  x0:0x00000000
       24475000	      2446	80003700	01e38463	beq	x7,x30,80003708	  x7:0x00000000 x30:0x6958d000
       24485000	      2447	80003704	bef71237	lui	x4,0xbef71	  x4=0xbef71000
       24495000	      2448	80003708	00ec0833	add	x16,x24,x14	 x24:0x00000001 x14:0x00000001 x16=0x00000002
       24505000	      2449	8000370c	bc4b0613	addi	x12,x22,-1084	 x22:0x00000000 x12=0xfffffbc4
       24515000	      2450	80003710	00fb1e13	slli	x28,x22,0xf	 x22:0x00000000 x28=0x00000000
       24525000	      2451	80003714	411382b3	sub	x5,x7,x17	  x7:0x00000000 x17:0x00000001  x5=0xffffffff
       24535000	      2452	80003718	00e99633	sll	x12,x19,x14	 x19:0x00000000 x14:0x00000001 x12=0x00000000
       24545000	      2453	8000371c	39cce713	ori	x14,x25,924	 x25:0x80000000 x14=0x8000039c
       24555000	      2454	80003720	408f5a13	srai	x20,x30,0x8	 x30:0x6958d000 x20=0x006958d0
       24565000	      2455	80003724	cff48593	addi	x11,x9,-769	  x9:0x00000000 x11=0xfffffcff
       24575000	      2456	80003728	04b4f063	bgeu	x9,x11,80003768	  x9:0x00000000 x11:0xfffffcff
       24585000	      2457	8000372c	00f4fb33	and	x22,x9,x15	  x9:0x00000000 x15:0x00000000 x22=0x00000000
       24595000	      2458	80003730	41bb5233	sra	x4,x22,x27	 x22:0x00000000 x27:0x80009f70  x4=0x00000000
       24605000	      2459	80003734	4183d433	sra	x8,x7,x24	  x7:0x00000000 x24:0x00000001  x8=0x00000000
       24615000	      2460	80003738	003a1863	bne	x20,x3,80003748	 x20:0x006958d0  x3:0x001b96f4
       24625000	      2461	00000000	00000013	addi	x0,x0,0	  x0:0x00000000
       24635000	      2462	80003744	00000013	addi	x0,x0,0	  x0:0x00000000
       24645000	      2463	80003748	00bef1b3	and	x3,x29,x11	 x29:0x00000000 x11:0xfffffcff  x3=0x00000000
       24655000	      2464	8000374c	41aed033	sra	x0,x29,x26	 x29:0x00000000 x26:0xe958d000
       24665000	      2465	80003750	41605333	sra	x6,x0,x22	  x0:0x00000000 x22:0x00000000  x6=0x00000000
       24675000	      2466	80003754	04295063	bge	x18,x2,80003794	 x18:0x00000001  x2:0xe8528000
       24685000	      2467	00000000	00000013	addi	x0,x0,0	  x0:0x00000000
       24695000	      2468	80003790	00000013	addi	x0,x0,0	  x0:0x00000000
       24705000	      2469	80003794	41cedeb3	sra	x29,x29,x28	 x29:0x00000000 x28:0x00000000 x29=0x00000000
       24715000	      2470	80003798	00c0036f	jal	x6,80003798	  x6=0x80003798
       24725000	      2471	00000000	00000013	addi	x0,x0,0	  x0:0x00000000
       24735000	      2472	800037a0	00000013	addi	x0,x0,0	  x0:0x00000000
       24745000	      2473	800037a4	010000ef	jal	x1,800037a4	  x1=0x800037a4
       24755000	      2474	00000000	00000013	addi	x0,x0,0	  x0:0x00000000
       24765000	      2475	800037b0	00000013	addi	x0,x0,0	  x0:0x00000000
       24775000	      2476	800037b4	ff5ff36f	jal	x6,800037b4	  x6=0x800037b4
       24785000	      2477	00000000	00000013	addi	x0,x0,0	  x0:0x00000000
       24795000	      2478	800037a4	00000013	addi	x0,x0,0	  x0:0x00000000
       24805000	      2479	800037a8	0080036f	jal	x6,800037a8	  x6=0x800037a8
       24815000	      2480	00000000	00000013	addi	x0,x0,0	  x0:0x00000000
       24825000	      2481	800037ac	00000013	addi	x0,x0,0	  x0:0x00000000
       24835000	      2482	800037b0	ffdff0ef	jal	x1,800037b0	  x1=0x800037b0
       24845000	      2483	00000000	00000013	addi	x0,x0,0	  x0:0x00000000
       24855000	      2484	800037a8	00000013	addi	x0,x0,0	  x0:0x00000000
       24865000	      2485	800037ac	ff1ff36f	jal	x6,800037ac	  x6=0x800037ac
       24875000	      2486	00000000	00000013	addi	x0,x0,0	  x0:0x00000000
       24885000	      2487	80003798	00000013	addi	x0,x0,0	  x0:0x00000000
       24895000	      2488	8000379c	0040016f	jal	x2,8000379c	  x2=0x8000379c
       24905000	      2489	00000000	00000013	addi	x0,x0,0	  x0:0x00000000
       24915000	      2490	8000379c	00000013	addi	x0,x0,0	  x0:0x00000000
       24925000	      2491	800037a0	02000b6f	jal	x22,800037a0	 x22=0x800037a0
       24935000	      2492	00000000	00000013	addi	x0,x0,0	  x0:0x00000000
       24945000	      2493	800037bc	00000013	addi	x0,x0,0	  x0:0x00000000
       24955000	      2494	800037c0	ffdff0ef	jal	x1,800037c0	  x1=0x800037c0
       24965000	      2495	00000000	00000013	addi	x0,x0,0	  x0:0x00000000
       24975000	      2496	800037b8	00000013	addi	x0,x0,0	  x0:0x00000000
       24985000	      2497	800037bc	ffdff36f	jal	x6,800037bc	  x6=0x800037bc
       24995000	      2498	00000000	00000013	addi	x0,x0,0	  x0:0x00000000
       25005000	      2499	800037b4	00000013	addi	x0,x0,0	  x0:0x00000000
       25015000	      2500	800037b8	00c000ef	jal	x1,800037b8	  x1=0x800037b8
       25025000	      2501	00000000	00000013	addi	x0,x0,0	  x0:0x00000000
       25035000	      2502	800037c0	00000013	addi	x0,x0,0	  x0:0x00000000
       25045000	      2503	800037c4	00abc733	xor	x14,x23,x10	 x23:0x001b96f4 x10:0x801b9ff4 x14=0x80000900
       25055000	      2504	800037c8	a7211ab7	lui	x21,0xa7211	 x21=0xa7211000
       25065000	      2505	800037cc	03587c63	bgeu	x16,x21,80003804	 x16:0x00000002 x21:0xa7211000
       25075000	      2506	800037d0	ac54cb93	xori	x23,x9,-1339	  x9:0x00000000 x23=0xfffffac5
       25085000	      2507	800037d4	e5bbb193	sltiu	x3,x23,-421	 x23:0xfffffac5  x3=0x00000001
       25095000	      2508	800037d8	016a1013	slli	x0,x20,0x16	 x20:0x006958d0
       25105000	      2509	800037dc	00ae4d33	xor	x26,x28,x10	 x28:0x00000000 x10:0x801b9ff4 x26=0x801b9ff4
       25115000	      2510	800037e0	012802b3	add	x5,x16,x18	 x16:0x00000002 x18:0x00000001  x5=0x00000003
       25125000	      2511	800037e4	01af5093	srli	x1,x30,0x1a	 x30:0x6958d000  x1=0x0000001a
       25135000	      2512	800037e8	01b9d893	srli	x17,x19,0x1b	 x19:0x00000000 x17=0x00000000
       25145000	      2513	800037ec	0114bd33	sltu	x26,x9,x17	  x9:0x00000000 x17:0x00000000 x26=0x00000000
       25155000	      2514	800037f0	001fc833	xor	x16,x31,x1	 x31:0xfffffda1  x1:0x0000001a x16=0xfffffdbb
       25165000	      2515	800037f4	00000013	addi	x0,x0,0	  x0:0x00000000
       25175000	      2516	800037f8	0244e663	bltu	x9,x4,80003824	  x9:0x00000000  x4:0x00000000
       25185000	      2517	800037fc	331b4c37	lui	x24,0x331b4	 x24=0x331b4000
       25195000	      2518	80003800	00bd15b3	sll	x11,x26,x11	 x26:0x00000000 x11:0xfffffcff x11=0x00000000
       25205000	      2519	80003804	51cd7893	andi	x17,x26,1308	 x26:0x00000000 x17=0x00000000
       25215000	      2520	80003808	02df7063	bgeu	x30,x13,80003828	 x30:0x6958d000 x13:0x80009fc4
       25225000	      2521	8000380c	26aac337	lui	x6,0x26aac	  x6=0x26aac000
       25235000	      2522	80003810	712fa193	slti	x3,x31,1810	 x31:0xfffffda1  x3=0x00000001
       25245000	      2523	80003814	0048ee63	bltu	x17,x4,80003830	 x17:0x00000000  x4:0x00000000
       25255000	      2524	80003818	0c9e0a13	addi	x20,x28,201	 x28:0x00000000 x20=0x000000c9
       25265000	      2525	8000381c	005394b3	sll	x9,x7,x5	  x7:0x00000000  x5:0x00000003  x9=0x00000000
       25275000	      2526	80003820	40db8d33	sub	x26,x23,x13	 x23:0xfffffac5 x13:0x80009fc4 x26=0x7fff5b01
       25285000	      2527	80003824	01fb5a33	srl	x20,x22,x31	 x22:0x800037a0 x31:0xfffffda1 x20=0x40001bd0
       25295000	      2528	80003828	2e09bb93	sltiu	x23,x19,736	 x19:0x00000000 x23=0x00000001
       25305000	      2529	8000382c	00ba54b3	srl	x9,x20,x11	 x20:0x40001bd0 x11:0x00000000  x9=0x40001bd0
       25315000	      2530	80003830	015bb433	sltu	x8,x23,x21	 x23:0x00000001 x21:0xa7211000  x8=0x00000001
       25325000	      2531	80003834	00859863	bne	x11,x8,80003844	 x11:0x00000000  x8:0x00000001
       25335000	      2532	00000000	00000013	addi	x0,x0,0	  x0:0x00000000
       25345000	      2533	80003840	00000013	addi	x0,x0,0	  x0:0x00000000
       25355000	      2534	80003844	40d6c9b7	lui	x19,0x40d6c	 x19=0x40d6c000
       25365000	      2535	80003848	047bc063	blt	x23,x7,80003888	 x23:0x00000001  x7:0x00000000
       25375000	      2536	8000384c	007a2033	slt	x0,x20,x7	 x20:0x40001bd0  x7:0x00000000
       25385000	      2537	80003850	01e94c63	blt	x18,x30,80003868	 x18:0x00000001 x30:0x6958d000
       25395000	      2538	00000000	00000013	addi	x0,x0,0	  x0:0x00000000
       25405000	      2539	80003864	00000013	addi	x0,x0,0	  x0:0x00000000
       25415000	      2540	80003868	96340737	lui	x14,0x96340	 x14=0x96340000
       25425000	      2541	8000386c	02a2f063	bgeu	x5,x10,8000388c	  x5:0x00000003 x10:0x801b9ff4
       25435000	      2542	80003870	00face63	blt	x21,x15,8000388c	 x21:0xa7211000 x15:0x00000000
       25445000	      2543	00000000	00000013	addi	x0,x0,0	  x0:0x00000000
       25455000	      2544	80003888	00000013	addi	x0,x0,0	  x0:0x00000000
       25465000	      2545	8000388c	00000013	addi	x0,x0,0	  x0:0x00000000
       25475000	      2546	80003890	02a7c463	blt	x15,x10,800038b8	 x15:0x00000000 x10:0x801b9ff4
       25485000	      2547	80003894	05ea1063	bne	x20,x30,800038d4	 x20:0x40001bd0 x30:0x6958d000
       25495000	      2548	00000000	00000013	addi	x0,x0,0	  x0:0x00000000
       25505000	      2549	800038d0	00000013	addi	x0,x0,0	  x0:0x00000000
       25515000	      2550	800038d4	04c30263	beq	x6,x12,80003918	  x6:0x26aac000 x12:0x00000000
       25525000	      2551	800038d8	79723793	sltiu	x15,x4,1943	  x4:0x00000000 x15=0x00000001
       25535000	      2552	800038dc	2d3a3f93	sltiu	x31,x20,723	 x20:0x40001bd0 x31=0x00000000
       25545000	      2553	800038e0	e96f5eb7	lui	x29,0xe96f5	 x29=0xe96f5000
       25555000	      2554	800038e4	0039d993	srli	x19,x19,0x3	 x19:0x40d6c000 x19=0x081ad800
       25565000	      2555	800038e8	0124d113	srli	x2,x9,0x12	  x9:0x40001bd0  x2=0x00001000
       25575000	      2556	800038ec	009c45b3	xor	x11,x24,x9	 x24:0x331b4000  x9:0x40001bd0 x11=0x731b5bd0
       25585000	      2557	800038f0	00c04eb3	xor	x29,x0,x12	  x0:0x00000000 x12:0x00000000 x29=0x00000000
       25595000	      2558	800038f4	41dd02b3	sub	x5,x26,x29	 x26:0x7fff5b01 x29:0x00000000  x5=0x7fff5b01
       25605000	      2559	800038f8	c9960d13	addi	x26,x12,-871	 x12:0x00000000 x26=0xfffffc99
       25615000	      2560	800038fc	f15e7537	lui	x10,0xf15e7	 x10=0xf15e7000
       25625000	      2561	80003900	9151a137	lui	x2,0x9151a	  x2=0x9151a000
       25635000	      2562	80003904	01a56bb3	or	x23,x10,x26	 x10:0xf15e7000 x26:0xfffffc99 x23=0xfffffc99
       25645000	      2563	80003908	41efdb13	srai	x22,x31,0x1e	 x31:0x00000000 x22=0x00000000
       25655000	      2564	8000390c	00e20833	add	x16,x4,x14	  x4:0x00000000 x14:0x96340000 x16=0x96340000
       25665000	      2565	80003910	85130893	addi	x17,x6,-1967	  x6:0x26aac000 x17=0x26aab851
       25675000	      2566	80003914	dcbbd037	lui	x0,0xdcbbd	
       25685000	      2567	80003918	01455463	bge	x10,x20,80003920	 x10:0xf15e7000 x20:0x40001bd0
       25695000	      2568	8000391c	03474a63	blt	x14,x20,80003950	 x14:0x96340000 x20:0x40001bd0
       25705000	      2569	00000000	00000013	addi	x0,x0,0	  x0:0x00000000
       25715000	      2570	8000394c	00000013	addi	x0,x0,0	  x0:0x00000000
       25725000	      2571	80003950	079af663	bgeu	x21,x25,800039bc	 x21:0xa7211000 x25:0x80000000
       25735000	      2572	00000000	00000013	addi	x0,x0,0	  x0:0x00000000
       25745000	      2573	800039b8	00000013	addi	x0,x0,0	  x0:0x00000000
       25755000	      2574	800039bc	00fbbab3	sltu	x21,x23,x15	 x23:0xfffffc99 x15:0x00000001 x21=0x00000000
       25765000	      2575	800039c0	00686f33	or	x30,x16,x6	 x16:0x96340000  x6:0x26aac000 x30=0xb6bec000
       25775000	      2576	800039c4	00d51863	bne	x10,x13,800039d4	 x10:0xf15e7000 x13:0x80009fc4
       25785000	      2577	00000000	00000013	addi	x0,x0,0	  x0:0x00000000
       25795000	      2578	800039d0	00000013	addi	x0,x0,0	  x0:0x00000000
       25805000	      2579	800039d4	0161e5b3	or	x11,x3,x22	  x3:0x00000001 x22:0x00000000 x11=0x00000001
       25815000	      2580	800039d8	00000013	addi	x0,x0,0	  x0:0x00000000
       25825000	      2581	800039dc	01a65a33	srl	x20,x12,x26	 x12:0x00000000 x26:0xfffffc99 x20=0x00000000
       25835000	      2582	800039e0	b8e17f97	auipc	x31,0xb8e17	 x31=0x38e1a9dc
       25845000	      2583	800039e4	0100d463	bge	x1,x16,800039ec	  x1:0x0000001a x16:0x96340000
       25855000	      2584	00000000	00000013	addi	x0,x0,0	  x0:0x00000000
       25865000	      2585	800039e8	00000013	addi	x0,x0,0	  x0:0x00000000
       25875000	      2586	800039ec	00d76d33	or	x26,x14,x13	 x14:0x96340000 x13:0x80009fc4 x26=0x96349fc4
       25885000	      2587	800039f0	054b5863	bge	x22,x20,80003a40	 x22:0x00000000 x20:0x00000000
       25895000	      2588	00000000	00000013	addi	x0,x0,0	  x0:0x00000000
       25905000	      2589	80003a3c	00000013	addi	x0,x0,0	  x0:0x00000000
       25915000	      2590	80003a40	fc8b6193	ori	x3,x22,-56	 x22:0x00000000  x3=0xffffffc8
       25925000	      2591	80003a44	007fba33	sltu	x20,x31,x7	 x31:0x38e1a9dc  x7:0x00000000 x20=0x00000000
       25935000	      2592	80003a48	00247bb3	and	x23,x8,x2	  x8:0x00000001  x2:0x9151a000 x23=0x00000000
       25945000	      2593	80003a4c	01455c63	bge	x10,x20,80003a64	 x10:0xf15e7000 x20:0x00000000
       25955000	      2594	80003a50	01e00633	add	x12,x0,x30	  x0:0x00000000 x30:0xb6bec000 x12=0xb6bec000
       25965000	      2595	80003a54	00e4eab3	or	x21,x9,x14	  x9:0x40001bd0 x14:0x96340000 x21=0xd6341bd0
       25975000	      2596	80003a58	98483d13	sltiu	x26,x16,-1660	 x16:0x96340000 x26=0x00000001
       25985000	      2597	80003a5c	6d15a093	slti	x1,x11,1745	 x11:0x00000001  x1=0x00000001
       25995000	      2598	80003a60	000f7c33	and	x24,x30,x0	 x30:0xb6bec000  x0:0x00000000 x24=0x00000000
       26005000	      2599	80003a64	031fca63	blt	x31,x17,80003a98	 x31:0x38e1a9dc x17:0x26aab851
       26015000	      2600	80003a68	02a81c63	bne	x16,x10,80003aa0	 x16:0x96340000 x10:0xf15e7000
       26025000	      2601	00000000	00000013	addi	x0,x0,0	  x0:0x00000000
       26035000	      2602	80003a9c	00000013	addi	x0,x0,0	  x0:0x00000000
       26045000	      2603	80003aa0	02bf8e63	beq	x31,x11,80003adc	 x31:0x38e1a9dc x11:0x00000001
       26055000	      2604	80003aa4	00849013	slli	x0,x9,0x8	  x9:0x40001bd0
       26065000	      2605	80003aa8	ea39fd13	andi	x26,x19,-349	 x19:0x081ad800 x26=0x081ad800
       26075000	      2606	80003aac	00fb6933	or	x18,x22,x15	 x22:0x00000000 x15:0x00000001 x18=0x00000001
       26085000	      2607	80003ab0	40fc80b3	sub	x1,x25,x15	 x25:0x80000000 x15:0x00000001  x1=0x7fffffff
       26095000	      2608	80003ab4	00f8cb33	xor	x22,x17,x15	 x17:0x26aab851 x15:0x00000001 x22=0x26aab850
       26105000	      2609	80003ab8	01160c33	add	x24,x12,x17	 x12:0xb6bec000 x17:0x26aab851 x24=0xdd697851
       26115000	      2610	80003abc	ac7e9217	auipc	x4,0xac7e9	  x4=0x2c7ecab8
       26125000	      2611	80003ac0	4071d893	srai	x17,x3,0x7	  x3:0xffffffc8 x17=0xffffffff
       26135000	      2612	80003ac4	0046de63	bge	x13,x4,80003ae0	 x13:0x80009fc4  x4:0x2c7ecab8
       26145000	      2613	80003ac8	017fd293	srli	x5,x31,0x17	 x31:0x38e1a9dc  x5=0x00000071
       26155000	      2614	80003acc	00ac5e93	srli	x29,x24,0xa	 x24:0xdd697851 x29=0x00375a5e
       26165000	      2615	80003ad0	000a34b3	sltu	x9,x20,x0	 x20:0x00000000  x0:0x00000000  x9=0x00000000
       26175000	      2616	80003ad4	00749863	bne	x9,x7,80003ae4	  x9:0x00000000  x7:0x00000000
       26185000	      2617	80003ad8	16b59897	auipc	x17,0x16b59	 x17=0x96b5cad4
       26195000	      2618	80003adc	03f16a63	bltu	x2,x31,80003b10	  x2:0x9151a000 x31:0x38e1a9dc
       26205000	      2619	80003ae0	2b194293	xori	x5,x18,689	 x18:0x00000001  x5=0x000002b0
       26215000	      2620	80003ae4	dccb6497	auipc	x9,0xdccb6	  x9=0x5ccb9ae0
       26225000	      2621	80003ae8	f03d2eb7	lui	x29,0xf03d2	 x29=0xf03d2000
       26235000	      2622	80003aec	00000013	addi	x0,x0,0	  x0:0x00000000
       26245000	      2623	80003af0	016f4463	blt	x30,x22,80003af8	 x30:0xb6bec000 x22:0x26aab850
       26255000	      2624	00000000	00000013	addi	x0,x0,0	  x0:0x00000000
       26265000	      2625	80003af4	00000013	addi	x0,x0,0	  x0:0x00000000
       26275000	      2626	80003af8	e2063097	auipc	x1,0xe2063	  x1=0x62066af4
       26285000	      2627	80003afc	05d4c063	blt	x9,x29,80003b3c	  x9:0x5ccb9ae0 x29:0xf03d2000
       26295000	      2628	80003b00	00e25813	srli	x16,x4,0xe	  x4:0x2c7ecab8 x16=0x0000b1fb
       26305000	      2629	80003b04	006fd2b3	srl	x5,x31,x6	 x31:0x38e1a9dc  x6:0x26aac000  x5=0x38e1a9dc
       26315000	      2630	80003b08	01599013	slli	x0,x19,0x15	 x19:0x081ad800
       26325000	      2631	80003b0c	89783e17	auipc	x28,0x89783	 x28=0x09786b08
       26335000	      2632	80003b10	00aa1863	bne	x20,x10,80003b20	 x20:0x00000000 x10:0xf15e7000
       26345000	      2633	00000000	00000013	addi	x0,x0,0	  x0:0x00000000
       26355000	      2634	80003b1c	00000013	addi	x0,x0,0	  x0:0x00000000
       26365000	      2635	80003b20	01beb633	sltu	x12,x29,x27	 x29:0xf03d2000 x27:0x80009f70 x12=0x00000000
       26375000	      2636	80003b24	0478f663	bgeu	x17,x7,80003b70	 x17:0x96b5cad4  x7:0x00000000
       26385000	      2637	00000000	00000013	addi	x0,x0,0	  x0:0x00000000
       26395000	      2638	80003b6c	00000013	addi	x0,x0,0	  x0:0x00000000
       26405000	      2639	80003b70	01e97b93	andi	x23,x18,30	 x18:0x00000001 x23=0x00000000
       26415000	      2640	80003b74	013dad33	slt	x26,x27,x19	 x27:0x80009f70 x19:0x081ad800 x26=0x00000001
       26425000	      2641	80003b78	0144b033	sltu	x0,x9,x20	  x9:0x5ccb9ae0 x20:0x00000000
       26435000	      2642	80003b7c	41eb59b3	sra	x19,x22,x30	 x22:0x26aab850 x30:0xb6bec000 x19=0x26aab850
       26445000	      2643	80003b80	00000013	addi	x0,x0,0	  x0:0x00000000
       26455000	      2644	80003b84	eb77dfb7	lui	x31,0xeb77d	 x31=0xeb77d000
       26465000	      2645	80003b88	029b8463	beq	x23,x9,80003bb0	 x23:0x00000000  x9:0x5ccb9ae0
       26475000	      2646	80003b8c	01e38e63	beq	x7,x30,80003ba8	  x7:0x00000000 x30:0xb6bec000
       26485000	      2647	80003b90	02065663	bge	x12,x0,80003bbc	 x12:0x00000000  x0:0x00000000
       26495000	      2648	00000000	00000013	addi	x0,x0,0	  x0:0x00000000
       26505000	      2649	80003bb8	00000013	addi	x0,x0,0	  x0:0x00000000
       26515000	      2650	80003bbc	22b5a193	slti	x3,x11,555	 x11:0x00000001  x3=0x00000001
       26525000	      2651	80003bc0	00181633	sll	x12,x16,x1	 x16:0x0000b1fb  x1:0x62066af4 x12=0x1fb00000
       26535000	      2652	80003bc4	4066d8b3	sra	x17,x13,x6	 x13:0x80009fc4  x6:0x26aac000 x17=0x80009fc4
       26545000	      2653	80003bc8	00320333	add	x6,x4,x3	  x4:0x2c7ecab8  x3:0x00000001  x6=0x2c7ecab9
       26555000	      2654	80003bcc	2d305497	auipc	x9,0x2d305	  x9=0xad308bc8
       26565000	      2655	80003bd0	05681263	bne	x16,x22,80003c14	 x16:0x0000b1fb x22:0x26aab850
       26575000	      2656	00000000	00000013	addi	x0,x0,0	  x0:0x00000000
       26585000	      2657	80003c10	00000013	addi	x0,x0,0	  x0:0x00000000
       26595000	      2658	80003c14	0143cc33	xor	x24,x7,x20	  x7:0x00000000 x20:0x00000000 x24=0x00000000
       26605000	      2659	80003c18	a9ee6713	ori	x14,x28,-1378	 x28:0x09786b08 x14=0xfffffb9e
       26615000	      2660	80003c1c	009965b3	or	x11,x18,x9	 x18:0x00000001  x9:0xad308bc8 x11=0xad308bc9
       26625000	      2661	80003c20	0148b133	sltu	x2,x17,x20	 x17:0x80009fc4 x20:0x00000000  x2=0x00000000
       26635000	      2662	80003c24	0012a9b3	slt	x19,x5,x1	  x5:0x38e1a9dc  x1:0x62066af4 x19=0x00000001
       26645000	      2663	80003c28	00000013	addi	x0,x0,0	  x0:0x00000000
       26655000	      2664	80003c2c	01b624b3	slt	x9,x12,x27	 x12:0x1fb00000 x27:0x80009f70  x9=0x00000000
       26665000	      2665	80003c30	16b84797	auipc	x15,0x16b84	 x15=0x96b87c2c
       26675000	      2666	80003c34	0557f063	bgeu	x15,x21,80003c74	 x15:0x96b87c2c x21:0xd6341bd0
       26685000	      2667	80003c38	01f47463	bgeu	x8,x31,80003c40	  x8:0x00000001 x31:0xeb77d000
       26695000	      2668	80003c3c	def2e593	ori	x11,x5,-529	  x5:0x38e1a9dc x11=0xfffffdff
       26705000	      2669	80003c40	0047db93	srli	x23,x15,0x4	 x15:0x96b87c2c x23=0x096b87c2
       26715000	      2670	80003c44	97558993	addi	x19,x11,-1675	 x11:0xfffffdff x19=0xfffff774
       26725000	      2671	80003c48	b7f76513	ori	x10,x14,-1153	 x14:0xfffffb9e x10=0xfffffbff
       26735000	      2672	80003c4c	03516a63	bltu	x2,x21,80003c80	  x2:0x00000000 x21:0xd6341bd0
       26745000	      2673	00000000	00000013	addi	x0,x0,0	  x0:0x00000000
       26755000	      2674	80003c7c	00000013	addi	x0,x0,0	  x0:0x00000000
       26765000	      2675	80003c80	014380b3	add	x1,x7,x20	  x7:0x00000000 x20:0x00000000  x1=0x00000000
       26775000	      2676	80003c84	0114e433	or	x8,x9,x17	  x9:0x00000000 x17:0x80009fc4  x8=0x80009fc4
       26785000	      2677	80003c88	4efa3a93	sltiu	x21,x20,1263	 x20:0x00000000 x21=0x00000001
       26795000	      2678	80003c8c	40b70f33	sub	x30,x14,x11	 x14:0xfffffb9e x11:0xfffffdff x30=0xfffffd9f
       26805000	      2679	80003c90	70277193	andi	x3,x14,1794	 x14:0xfffffb9e  x3=0x00000302
       26815000	      2680	80003c94	41699b97	auipc	x23,0x41699	 x23=0xc169cc90
       26825000	      2681	80003c98	05e95263	bge	x18,x30,80003cdc	 x18:0x00000001 x30:0xfffffd9f
       26835000	      2682	00000000	00000013	addi	x0,x0,0	  x0:0x00000000
       26845000	      2683	80003cd8	00000013	addi	x0,x0,0	  x0:0x00000000
       26855000	      2684	80003cdc	00a8fab3	and	x21,x17,x10	 x17:0x80009fc4 x10:0xfffffbff x21=0x80009bc4
       26865000	      2685	80003ce0	00000013	addi	x0,x0,0	  x0:0x00000000
       26875000	      2686	80003ce4	aa47a093	slti	x1,x15,-1372	 x15:0x96b87c2c  x1=0x00000001
       26885000	      2687	80003ce8	000e47b3	xor	x15,x28,x0	 x28:0x09786b08  x0:0x00000000 x15=0x09786b08
       26895000	      2688	80003cec	03fcee63	bltu	x25,x31,80003d28	 x25:0x80000000 x31:0xeb77d000
       26905000	      2689	00000000	00000013	addi	x0,x0,0	  x0:0x00000000
       26915000	      2690	80003d24	00000013	addi	x0,x0,0	  x0:0x00000000
       26925000	      2691	80003d28	4e06e113	ori	x2,x13,1248	 x13:0x80009fc4  x2=0x80009fe4
       26935000	      2692	80003d2c	00966863	bltu	x12,x9,80003d3c	 x12:0x1fb00000  x9:0x00000000
       26945000	      2693	80003d30	0004d833	srl	x16,x9,x0	  x9:0x00000000  x0:0x00000000 x16=0x00000000
       26955000	      2694	80003d34	02f96a63	bltu	x18,x15,80003d68	 x18:0x00000001 x15:0x09786b08
       26965000	      2695	00000000	00000013	addi	x0,x0,0	  x0:0x00000000
       26975000	      2696	80003d64	00000013	addi	x0,x0,0	  x0:0x00000000
       26985000	      2697	80003d68	00547d33	and	x26,x8,x5	  x8:0x80009fc4  x5:0x38e1a9dc x26=0x000089c4
       26995000	      2698	80003d6c	00ffd463	bge	x31,x15,80003d74	 x31:0xeb77d000 x15:0x09786b08
       27005000	      2699	80003d70	d5b23f37	lui	x30,0xd5b23	 x30=0xd5b23000
       27015000	      2700	80003d74	00129013	slli	x0,x5,0x1	  x5:0x38e1a9dc
       27025000	      2701	80003d78	025e0a63	beq	x28,x5,80003dac	 x28:0x09786b08  x5:0x38e1a9dc
       27035000	      2702	80003d7c	40bc5533	sra	x10,x24,x11	 x24:0x00000000 x11:0xfffffdff x10=0x00000000
       27045000	      2703	80003d80	ac197397	auipc	x7,0xac197	  x7=0x2c19ad7c
       27055000	      2704	80003d84	015b1e63	bne	x22,x21,80003da0	 x22:0x26aab850 x21:0x80009bc4
       27065000	      2705	00000000	00000013	addi	x0,x0,0	  x0:0x00000000
       27075000	      2706	80003d9c	00000013	addi	x0,x0,0	  x0:0x00000000
       27085000	      2707	80003da0	01b75663	bge	x14,x27,80003dac	 x14:0xfffffb9e x27:0x80009f70
       27095000	      2708	00000000	00000013	addi	x0,x0,0	  x0:0x00000000
       27105000	      2709	80003da8	00000013	addi	x0,x0,0	  x0:0x00000000
       27115000	      2710	80003dac	ec169437	lui	x8,0xec169	  x8=0xec169000
       27125000	      2711	80003db0	01ebde33	srl	x28,x23,x30	 x23:0xc169cc90 x30:0xd5b23000 x28=0xc169cc90
       27135000	      2712	80003db4	01080ab3	add	x21,x16,x16	 x16:0x00000000 x16:0x00000000 x21=0x00000000
       27145000	      2713	80003db8	004da303	lw	x6,4(x27)	 x27:0x80009f70  x6=0x80003e30 PA:0x80009f74
       27155000	      2714	80003dbc	019a5eb3	srl	x29,x20,x25	 x20:0x00000000 x25:0x80000000 x29=0x00000000
       27165000	      2715	80003dc0	008d8d93	addi	x27,x27,8	 x27:0x80009f70 x27=0x80009f78
       27175000	      2716	80003dc4	6c753513	sltiu	x10,x10,1735	 x10:0x00000000 x10=0x00000001
       27185000	      2717	80003dc8	010160b3	or	x1,x2,x16	  x2:0x80009fe4 x16:0x00000000  x1=0x80009fe4
       27195000	      2718	80003dcc	400b8c33	sub	x24,x23,x0	 x23:0xc169cc90  x0:0x00000000 x24=0xc169cc90
       27205000	      2719	80003dd0	01b717b3	sll	x15,x14,x27	 x14:0xfffffb9e x27:0x80009f78 x15=0x9e000000
       27215000	      2720	80003dd4	ffc32b93	slti	x23,x6,-4	  x6:0x80003e30 x23=0x00000001
       27225000	      2721	80003dd8	00030d13	addi	x26,x6,0	  x6:0x80003e30 x26=0x80003e30
       27235000	      2722	80003ddc	000d0d67	jalr	x26,x26,0	 x26:0x80003e30 x26=0x80003ddc
       27245000	      2723	00000000	00000013	addi	x0,x0,0	  x0:0x00000000
       27255000	      2724	80003e30	00000013	addi	x0,x0,0	  x0:0x00000000
       27265000	      2725	80003e34	0040036f	jal	x6,80003e34	  x6=0x80003e34
       27275000	      2726	00000000	00000013	addi	x0,x0,0	  x0:0x00000000
       27285000	      2727	80003e34	00000013	addi	x0,x0,0	  x0:0x00000000
       27295000	      2728	80003e38	004000ef	jal	x1,80003e38	  x1=0x80003e38
       27305000	      2729	00000000	00000013	addi	x0,x0,0	  x0:0x00000000
       27315000	      2730	80003e38	00000013	addi	x0,x0,0	  x0:0x00000000
       27325000	      2731	80003e3c	024002ef	jal	x5,80003e3c	  x5=0x80003e3c
       27335000	      2732	00000000	00000013	addi	x0,x0,0	  x0:0x00000000
       27345000	      2733	80003e5c	00000013	addi	x0,x0,0	  x0:0x00000000
       27355000	      2734	80003e60	fedff56f	jal	x10,80003e60	 x10=0x80003e60
       27365000	      2735	00000000	00000013	addi	x0,x0,0	  x0:0x00000000
       27375000	      2736	80003e48	00000013	addi	x0,x0,0	  x0:0x00000000
       27385000	      2737	80003e4c	008005ef	jal	x11,80003e4c	 x11=0x80003e4c
       27395000	      2738	00000000	00000013	addi	x0,x0,0	  x0:0x00000000
       27405000	      2739	80003e50	00000013	addi	x0,x0,0	  x0:0x00000000
       27415000	      2740	80003e54	ff5ff0ef	jal	x1,80003e54	  x1=0x80003e54
       27425000	      2741	00000000	00000013	addi	x0,x0,0	  x0:0x00000000
       27435000	      2742	80003e44	00000013	addi	x0,x0,0	  x0:0x00000000
       27445000	      2743	80003e48	008000ef	jal	x1,80003e48	  x1=0x80003e48
       27455000	      2744	00000000	00000013	addi	x0,x0,0	  x0:0x00000000
       27465000	      2745	80003e4c	00000013	addi	x0,x0,0	  x0:0x00000000
       27475000	      2746	80003e50	00c0036f	jal	x6,80003e50	  x6=0x80003e50
       27485000	      2747	00000000	00000013	addi	x0,x0,0	  x0:0x00000000
       27495000	      2748	80003e58	00000013	addi	x0,x0,0	  x0:0x00000000
       27505000	      2749	80003e5c	fe5ff0ef	jal	x1,80003e5c	  x1=0x80003e5c
       27515000	      2750	00000000	00000013	addi	x0,x0,0	  x0:0x00000000
       27525000	      2751	80003e3c	00000013	addi	x0,x0,0	  x0:0x00000000
       27535000	      2752	80003e40	004000ef	jal	x1,80003e40	  x1=0x80003e40
       27545000	      2753	00000000	00000013	addi	x0,x0,0	  x0:0x00000000
       27555000	      2754	80003e40	00000013	addi	x0,x0,0	  x0:0x00000000
       27565000	      2755	80003e44	020000ef	jal	x1,80003e44	  x1=0x80003e44
       27575000	      2756	00000000	00000013	addi	x0,x0,0	  x0:0x00000000
       27585000	      2757	80003e60	00000013	addi	x0,x0,0	  x0:0x00000000
       27595000	      2758	80003e64	ff5ff5ef	jal	x11,80003e64	 x11=0x80003e64
       27605000	      2759	00000000	00000013	addi	x0,x0,0	  x0:0x00000000
       27615000	      2760	80003e54	00000013	addi	x0,x0,0	  x0:0x00000000
       27625000	      2761	80003e58	010000ef	jal	x1,80003e58	  x1=0x80003e58
       27635000	      2762	00000000	00000013	addi	x0,x0,0	  x0:0x00000000
       27645000	      2763	80003e64	00000013	addi	x0,x0,0	  x0:0x00000000
       27655000	      2764	80003e68	4076da33	sra	x20,x13,x7	 x13:0x80009fc4  x7:0x2c19ad7c x20=0xfffffff8
       27665000	      2765	80003e6c	0012b3b3	sltu	x7,x5,x1	  x5:0x80003e3c  x1:0x80003e58  x7=0x00000001
       27675000	      2766	80003e70	40e55733	sra	x14,x10,x14	 x10:0x80003e60 x14:0xfffffb9e x14=0xfffffffe
       27685000	      2767	80003e74	042b4463	blt	x22,x2,80003ebc	 x22:0x26aab850  x2:0x80009fe4
       27695000	      2768	80003e78	40385793	srai	x15,x16,0x3	 x16:0x00000000 x15=0x00000000
       27705000	      2769	80003e7c	013f61b3	or	x3,x30,x19	 x30:0xd5b23000 x19:0xfffff774  x3=0xfffff774
       27715000	      2770	80003e80	002b97b3	sll	x15,x23,x2	 x23:0x00000001  x2:0x80009fe4 x15=0x00000010
       27725000	      2771	80003e84	412303b3	sub	x7,x6,x18	  x6:0x80003e50 x18:0x00000001  x7=0x80003e4f
       27735000	      2772	80003e88	048fc863	blt	x31,x8,80003ed8	 x31:0xeb77d000  x8:0xec169000
       27745000	      2773	00000000	00000013	addi	x0,x0,0	  x0:0x00000000
       27755000	      2774	80003ed4	00000013	addi	x0,x0,0	  x0:0x00000000
       27765000	      2775	80003ed8	008a1d13	slli	x26,x20,0x8	 x20:0xfffffff8 x26=0xfffff800
       27775000	      2776	80003edc	059ff663	bgeu	x31,x25,80003f28	 x31:0xeb77d000 x25:0x80000000
       27785000	      2777	00000000	00000013	addi	x0,x0,0	  x0:0x00000000
       27795000	      2778	80003f24	00000013	addi	x0,x0,0	  x0:0x00000000
       27805000	      2779	80003f28	00ef6833	or	x16,x30,x14	 x30:0xd5b23000 x14:0xfffffffe x16=0xfffffffe
       27815000	      2780	80003f2c	007c28b3	slt	x17,x24,x7	 x24:0xc169cc90  x7:0x80003e4f x17=0x00000000
       27825000	      2781	80003f30	01ba1e33	sll	x28,x20,x27	 x20:0xfffffff8 x27:0x80009f78 x28=0xf8000000
       27835000	      2782	80003f34	40e1da33	sra	x20,x3,x14	  x3:0xfffff774 x14:0xfffffffe x20=0xffffffff
       27845000	      2783	80003f38	fcd52b93	slti	x23,x10,-51	 x10:0x80003e60 x23=0x00000001
       27855000	      2784	80003f3c	0474d863	bge	x9,x7,80003f8c	  x9:0x00000000  x7:0x80003e4f
       27865000	      2785	00000000	00000013	addi	x0,x0,0	  x0:0x00000000
       27875000	      2786	80003f88	00000013	addi	x0,x0,0	  x0:0x00000000
       27885000	      2787	80003f8c	00cc5833	srl	x16,x24,x12	 x24:0xc169cc90 x12:0x1fb00000 x16=0xc169cc90
       27895000	      2788	80003f90	00aee133	or	x2,x29,x10	 x29:0x00000000 x10:0x80003e60  x2=0x80003e60
       27905000	      2789	80003f94	008c2533	slt	x10,x24,x8	 x24:0xc169cc90  x8:0xec169000 x10=0x00000001
       27915000	      2790	80003f98	00253f33	sltu	x30,x10,x2	 x10:0x00000001  x2:0x80003e60 x30=0x00000001
       27925000	      2791	80003f9c	96b1f7b7	lui	x15,0x96b1f	 x15=0x96b1f000
       27935000	      2792	80003fa0	00d6b3b3	sltu	x7,x13,x13	 x13:0x80009fc4 x13:0x80009fc4  x7=0x00000000
       27945000	      2793	80003fa4	00000013	addi	x0,x0,0	  x0:0x00000000
       27955000	      2794	80003fa8	2c231d17	auipc	x26,0x2c231	 x26=0xac234fa4
       27965000	      2795	80003fac	5ca22a93	slti	x21,x4,1482	  x4:0x2c7ecab8 x21=0x00000000
       27975000	      2796	80003fb0	01721b33	sll	x22,x4,x23	  x4:0x2c7ecab8 x23:0x00000001 x22=0x58fd9570
       27985000	      2797	80003fb4	41565493	srai	x9,x12,0x15	 x12:0x1fb00000  x9=0x000000fd
       27995000	      2798	80003fb8	004da303	lw	x6,4(x27)	 x27:0x80009f78  x6=0x80000974 PA:0x80009f7c
       28005000	      2799	80003fbc	00cd8d93	addi	x27,x27,12	 x27:0x80009f78 x27=0x80009f84
       28015000	      2800	80003fc0	40128bb3	sub	x23,x5,x1	  x5:0x80003e3c  x1:0x80003e58 x23=0xffffffe4
       28025000	      2801	80003fc4	49742413	slti	x8,x8,1175	  x8:0xec169000  x8=0x00000001
       28035000	      2802	80003fc8	00130e13	addi	x28,x6,1	  x6:0x80000974 x28=0x80000975
       28045000	      2803	80003fcc	000e0e67	jalr	x28,x28,0	 x28:0x80000975 x28=0x80003fcc
       28055000	      2804	00000000	00000013	addi	x0,x0,0	  x0:0x00000000
       28065000	      2805	80000974	00000013	addi	x0,x0,0	  x0:0x00000000
       28075000	      2806	80000978	00dea633	slt	x12,x29,x13	 x29:0x00000000 x13:0x80009fc4 x12=0x00000000
       28085000	      2807	8000097c	01b86863	bltu	x16,x27,8000098c	 x16:0xc169cc90 x27:0x80009f84
       28095000	      2808	80000980	66ae2713	slti	x14,x28,1642	 x28:0x80003fcc x14=0x00000001
       28105000	      2809	80000984	01097333	and	x6,x18,x16	 x18:0x00000001 x16:0xc169cc90  x6=0x00000000
       28115000	      2810	80000988	0033f2b3	and	x5,x7,x3	  x7:0x00000000  x3:0xfffff774  x5=0x00000000
       28125000	      2811	8000098c	01773933	sltu	x18,x14,x23	 x14:0x00000001 x23:0xffffffe4 x18=0x00000001
       28135000	      2812	80000990	00bcd333	srl	x6,x25,x11	 x25:0x80000000 x11:0x80003e64  x6=0x08000000
       28145000	      2813	80000994	0056f463	bgeu	x13,x5,8000099c	 x13:0x80009fc4  x5:0x00000000
       28155000	      2814	00000000	00000013	addi	x0,x0,0	  x0:0x00000000
       28165000	      2815	80000998	00000013	addi	x0,x0,0	  x0:0x00000000
       28175000	      2816	8000099c	015e9bb3	sll	x23,x29,x21	 x29:0x00000000 x21:0x00000000 x23=0x00000000
       28185000	      2817	800009a0	01131633	sll	x12,x6,x17	  x6:0x08000000 x17:0x00000000 x12=0x08000000
       28195000	      2818	800009a4	700bf413	andi	x8,x23,1792	 x23:0x00000000  x8=0x00000000
       28205000	      2819	800009a8	016eb4b3	sltu	x9,x29,x22	 x29:0x00000000 x22:0x58fd9570  x9=0x00000001
       28215000	      2820	800009ac	0578d663	bge	x17,x23,800009f8	 x17:0x00000000 x23:0x00000000
       28225000	      2821	00000000	00000013	addi	x0,x0,0	  x0:0x00000000
       28235000	      2822	800009f4	00000013	addi	x0,x0,0	  x0:0x00000000
       28245000	      2823	800009f8	0123f833	and	x16,x7,x18	  x7:0x00000000 x18:0x00000001 x16=0x00000000
       28255000	      2824	800009fc	00000013	addi	x0,x0,0	  x0:0x00000000
       28265000	      2825	80000a00	41c48833	sub	x16,x9,x28	  x9:0x00000001 x28:0x80003fcc x16=0x7fffc035
       28275000	      2826	80000a04	00000013	addi	x0,x0,0	  x0:0x00000000
       28285000	      2827	80000a08	d06d1037	lui	x0,0xd06d1	
       28295000	      2828	80000a0c	015922b3	slt	x5,x18,x21	 x18:0x00000001 x21:0x00000000  x5=0x00000000
       28305000	      2829	80000a10	02364463	blt	x12,x3,80000a38	 x12:0x08000000  x3:0xfffff774
       28315000	      2830	80000a14	01cc9a93	slli	x21,x25,0x1c	 x25:0x80000000 x21=0x00000000
       28325000	      2831	80000a18	02cd7463	bgeu	x26,x12,80000a40	 x26:0xac234fa4 x12:0x08000000
       28335000	      2832	00000000	00000013	addi	x0,x0,0	  x0:0x00000000
       28345000	      2833	80000a3c	00000013	addi	x0,x0,0	  x0:0x00000000
       28355000	      2834	80000a40	0114bab3	sltu	x21,x9,x17	  x9:0x00000001 x17:0x00000000 x21=0x00000000
       28365000	      2835	80000a44	01b14e33	xor	x28,x2,x27	  x2:0x80003e60 x27:0x80009f84 x28=0x0000a1e4
       28375000	      2836	80000a48	00f40133	add	x2,x8,x15	  x8:0x00000000 x15:0x96b1f000  x2=0x96b1f000
       28385000	      2837	80000a4c	0127e733	or	x14,x15,x18	 x15:0x96b1f000 x18:0x00000001 x14=0x96b1f001
       28395000	      2838	80000a50	4209b913	sltiu	x18,x19,1056	 x19:0xfffff774 x18=0x00000000
       28405000	      2839	80000a54	02605263	bge	x0,x6,80000a78	  x0:0x00000000  x6:0x08000000
       28415000	      2840	80000a58	7284fb93	andi	x23,x9,1832	  x9:0x00000001 x23=0x00000000
       28425000	      2841	80000a5c	00949713	slli	x14,x9,0x9	  x9:0x00000001 x14=0x00000200
       28435000	      2842	80000a60	00f239b3	sltu	x19,x4,x15	  x4:0x2c7ecab8 x15:0x96b1f000 x19=0x00000001
       28445000	      2843	80000a64	037d8863	beq	x27,x23,80000a94	 x27:0x80009f84 x23:0x00000000
       28455000	      2844	80000a68	0185af33	slt	x30,x11,x24	 x11:0x80003e64 x24:0xc169cc90 x30=0x00000001
       28465000	      2845	80000a6c	411c5293	srai	x5,x24,0x11	 x24:0xc169cc90  x5=0xffffe0b4
       28475000	      2846	80000a70	c8893513	sltiu	x10,x18,-888	 x18:0x00000000 x10=0x00000001
       28485000	      2847	80000a74	a1e40493	addi	x9,x8,-1506	  x8:0x00000000  x9=0xfffffa1e
       28495000	      2848	80000a78	a80eb193	sltiu	x3,x29,-1408	 x29:0x00000000  x3=0x00000001
       28505000	      2849	80000a7c	58a14e93	xori	x29,x2,1418	  x2:0x96b1f000 x29=0x96b1f58a
       28515000	      2850	80000a80	01ff3033	sltu	x0,x30,x31	 x30:0x00000001 x31:0xeb77d000
       28525000	      2851	80000a84	02e27063	bgeu	x4,x14,80000aa4	  x4:0x2c7ecab8 x14:0x00000200
       28535000	      2852	00000000	00000013	addi	x0,x0,0	  x0:0x00000000
       28545000	      2853	80000aa0	00000013	addi	x0,x0,0	  x0:0x00000000
       28555000	      2854	80000aa4	f3526617	auipc	x12,0xf3526	 x12=0x73526aa0
       28565000	      2855	80000aa8	a614e013	ori	x0,x9,-1439	  x9:0xfffffa1e
       28575000	      2856	80000aac	01c49263	bne	x9,x28,80000ab0	  x9:0xfffffa1e x28:0x0000a1e4
       28585000	      2857	00000000	00000013	addi	x0,x0,0	  x0:0x00000000
       28595000	      2858	80000aac	00000013	addi	x0,x0,0	  x0:0x00000000
       28605000	      2859	80000ab0	403488b3	sub	x17,x9,x3	  x9:0xfffffa1e  x3:0x00000001 x17=0xfffffa1d
       28615000	      2860	80000ab4	00cb3c33	sltu	x24,x22,x12	 x22:0x58fd9570 x12:0x73526aa0 x24=0x00000001
       28625000	      2861	80000ab8	a184cd13	xori	x26,x9,-1512	  x9:0xfffffa1e x26=0x00000006
       28635000	      2862	80000abc	00385313	srli	x6,x16,0x3	 x16:0x7fffc035  x6=0x0ffff806
       28645000	      2863	80000ac0	00000013	addi	x0,x0,0	  x0:0x00000000
       28655000	      2864	80000ac4	00450263	beq	x10,x4,80000ac8	 x10:0x00000001  x4:0x2c7ecab8
       28665000	      2865	80000ac8	0c202f13	slti	x30,x0,194	  x0:0x00000000 x30=0x00000001
       28675000	      2866	80000acc	0141a2b3	slt	x5,x3,x20	  x3:0x00000001 x20:0xffffffff  x5=0x00000000
       28685000	      2867	80000ad0	013a9e63	bne	x21,x19,80000aec	 x21:0x00000000 x19:0x00000001
       28695000	      2868	00000000	00000013	addi	x0,x0,0	  x0:0x00000000
       28705000	      2869	80000ae8	00000013	addi	x0,x0,0	  x0:0x00000000
       28715000	      2870	80000aec	02666463	bltu	x12,x6,80000b14	 x12:0x73526aa0  x6:0x0ffff806
       28725000	      2871	80000af0	29177293	andi	x5,x14,657	 x14:0x00000200  x5=0x00000200
       28735000	      2872	80000af4	01db5293	srli	x5,x22,0x1d	 x22:0x58fd9570  x5=0x00000002
       28745000	      2873	80000af8	01ea9ab3	sll	x21,x21,x30	 x21:0x00000000 x30:0x00000001 x21=0x00000000
       28755000	      2874	80000afc	01dd41b3	xor	x3,x26,x29	 x26:0x00000006 x29:0x96b1f58a  x3=0x96b1f58c
       28765000	      2875	80000b00	015d3f33	sltu	x30,x26,x21	 x26:0x00000006 x21:0x00000000 x30=0x00000000
       28775000	      2876	80000b04	0085d1b3	srl	x3,x11,x8	 x11:0x80003e64  x8:0x00000000  x3=0x80003e64
       28785000	      2877	80000b08	a7492913	slti	x18,x18,-1420	 x18:0x00000000 x18=0x00000000
       28795000	      2878	80000b0c	00b2be33	sltu	x28,x5,x11	  x5:0x00000002 x11:0x80003e64 x28=0x00000001
       28805000	      2879	80000b10	0055f8b3	and	x17,x11,x5	 x11:0x80003e64  x5:0x00000002 x17=0x00000000
       28815000	      2880	80000b14	00000013	addi	x0,x0,0	  x0:0x00000000
       28825000	      2881	80000b18	003f6633	or	x12,x30,x3	 x30:0x00000000  x3:0x80003e64 x12=0x80003e64
       28835000	      2882	80000b1c	4088d593	srai	x11,x17,0x8	 x17:0x00000000 x11=0x00000000
       28845000	      2883	80000b20	01d31bb3	sll	x23,x6,x29	  x6:0x0ffff806 x29:0x96b1f58a x23=0xffe01800
       28855000	      2884	80000b24	01c6e433	or	x8,x13,x28	 x13:0x80009fc4 x28:0x00000001  x8=0x80009fc5
       28865000	      2885	80000b28	00000013	addi	x0,x0,0	  x0:0x00000000
       28875000	      2886	80000b2c	41f5d833	sra	x16,x11,x31	 x11:0x00000000 x31:0xeb77d000 x16=0x00000000
       28885000	      2887	80000b30	400c00b3	sub	x1,x24,x0	 x24:0x00000001  x0:0x00000000  x1=0x00000001
       28895000	      2888	80000b34	00d4dab3	srl	x21,x9,x13	  x9:0xfffffa1e x13:0x80009fc4 x21=0x0fffffa1
       28905000	      2889	80000b38	00ad91b3	sll	x3,x27,x10	 x27:0x80009f84 x10:0x00000001  x3=0x00013f08
       28915000	      2890	80000b3c	01a6ff33	and	x30,x13,x26	 x13:0x80009fc4 x26:0x00000006 x30=0x00000004
       28925000	      2891	80000b40	0344d463	bge	x9,x20,80000b68	  x9:0xfffffa1e x20:0xffffffff
       28935000	      2892	80000b44	00298463	beq	x19,x2,80000b4c	 x19:0x00000001  x2:0x96b1f000
       28945000	      2893	80000b48	90d85797	auipc	x15,0x90d85	 x15=0x10d85b44
       28955000	      2894	80000b4c	04dc7463	bgeu	x24,x13,80000b94	 x24:0x00000001 x13:0x80009fc4
       28965000	      2895	80000b50	00910463	beq	x2,x9,80000b58	  x2:0x96b1f000  x9:0xfffffa1e
       28975000	      2896	80000b54	0114a333	slt	x6,x9,x17	  x9:0xfffffa1e x17:0x00000000  x6=0x00000001
       28985000	      2897	80000b58	00ecc863	blt	x25,x14,80000b68	 x25:0x80000000 x14:0x00000200
       28995000	      2898	00000000	00000013	addi	x0,x0,0	  x0:0x00000000
       29005000	      2899	80000b64	00000013	addi	x0,x0,0	  x0:0x00000000
       29015000	      2900	80000b68	0065f4b3	and	x9,x11,x6	 x11:0x00000000  x6:0x00000001  x9=0x00000000
       29025000	      2901	80000b6c	00825d13	srli	x26,x4,0x8	  x4:0x2c7ecab8 x26=0x002c7eca
       29035000	      2902	80000b70	00a49a93	slli	x21,x9,0xa	  x9:0x00000000 x21=0x00000000
       29045000	      2903	80000b74	00a300b3	add	x1,x6,x10	  x6:0x00000001 x10:0x00000001  x1=0x00000002
       29055000	      2904	80000b78	014a2133	slt	x2,x20,x20	 x20:0xffffffff x20:0xffffffff  x2=0x00000000
       29065000	      2905	80000b7c	03c1f863	bgeu	x3,x28,80000bac	  x3:0x00013f08 x28:0x00000001
       29075000	      2906	00000000	00000013	addi	x0,x0,0	  x0:0x00000000
       29085000	      2907	80000ba8	00000013	addi	x0,x0,0	  x0:0x00000000
       29095000	      2908	80000bac	0078af33	slt	x30,x17,x7	 x17:0x00000000  x7:0x00000000 x30=0x00000000
       29105000	      2909	80000bb0	00b5e663	bltu	x11,x11,80000bbc	 x11:0x00000000 x11:0x00000000
       29115000	      2910	80000bb4	41b10e33	sub	x28,x2,x27	  x2:0x00000000 x27:0x80009f84 x28=0x7fff607c
       29125000	      2911	80000bb8	3e92e593	ori	x11,x5,1001	  x5:0x00000002 x11=0x000003eb
       29135000	      2912	80000bbc	007060b3	or	x1,x0,x7	  x0:0x00000000  x7:0x00000000  x1=0x00000000
       29145000	      2913	80000bc0	00000013	addi	x0,x0,0	  x0:0x00000000
       29155000	      2914	80000bc4	db64b093	sltiu	x1,x9,-586	  x9:0x00000000  x1=0x00000001
       29165000	      2915	80000bc8	401e5d13	srai	x26,x28,0x1	 x28:0x7fff607c x26=0x3fffb03e
       29175000	      2916	80000bcc	b36bf813	andi	x16,x23,-1226	 x23:0xffe01800 x16=0xffe01800
       29185000	      2917	80000bd0	0159e833	or	x16,x19,x21	 x19:0x00000001 x21:0x00000000 x16=0x00000001
       29195000	      2918	80000bd4	02645463	bge	x8,x6,80000bfc	  x8:0x80009fc5  x6:0x00000001
       29205000	      2919	80000bd8	01587e33	and	x28,x16,x21	 x16:0x00000001 x21:0x00000000 x28=0x00000000
       29215000	      2920	80000bdc	016b5263	bge	x22,x22,80000be0	 x22:0x58fd9570 x22:0x58fd9570
       29225000	      2921	00000000	00000013	addi	x0,x0,0	  x0:0x00000000
       29235000	      2922	80000bdc	00000013	addi	x0,x0,0	  x0:0x00000000
       29245000	      2923	80000be0	023bc463	blt	x23,x3,80000c08	 x23:0xffe01800  x3:0x00013f08
       29255000	      2924	00000000	00000013	addi	x0,x0,0	  x0:0x00000000
       29265000	      2925	80000c04	00000013	addi	x0,x0,0	  x0:0x00000000
       29275000	      2926	80000c08	41328ab3	sub	x21,x5,x19	  x5:0x00000002 x19:0x00000001 x21=0x00000001
       29285000	      2927	80000c0c	002de463	bltu	x27,x2,80000c14	 x27:0x80009f84  x2:0x00000000
       29295000	      2928	80000c10	0075aeb3	slt	x29,x11,x7	 x11:0x000003eb  x7:0x00000000 x29=0x00000000
       29305000	      2929	80000c14	83dfea93	ori	x21,x31,-1987	 x31:0xeb77d000 x21=0xfffff83d
       29315000	      2930	80000c18	01c0036f	jal	x6,80000c18	  x6=0x80000c18
       29325000	      2931	00000000	00000013	addi	x0,x0,0	  x0:0x00000000
       29335000	      2932	80000c30	00000013	addi	x0,x0,0	  x0:0x00000000
       29345000	      2933	80000c34	ff9ff0ef	jal	x1,80000c34	  x1=0x80000c34
       29355000	      2934	00000000	00000013	addi	x0,x0,0	  x0:0x00000000
       29365000	      2935	80000c28	00000013	addi	x0,x0,0	  x0:0x00000000
       29375000	      2936	80000c2c	00c000ef	jal	x1,80000c2c	  x1=0x80000c2c
       29385000	      2937	00000000	00000013	addi	x0,x0,0	  x0:0x00000000
       29395000	      2938	80000c34	00000013	addi	x0,x0,0	  x0:0x00000000
       29405000	      2939	80000c38	fe9ff36f	jal	x6,80000c38	  x6=0x80000c38
       29415000	      2940	00000000	00000013	addi	x0,x0,0	  x0:0x00000000
       29425000	      2941	80000c1c	00000013	addi	x0,x0,0	  x0:0x00000000
       29435000	      2942	80000c20	010000ef	jal	x1,80000c20	  x1=0x80000c20
       29445000	      2943	00000000	00000013	addi	x0,x0,0	  x0:0x00000000
       29455000	      2944	80000c2c	00000013	addi	x0,x0,0	  x0:0x00000000
       29465000	      2945	80000c30	fedff0ef	jal	x1,80000c30	  x1=0x80000c30
       29475000	      2946	00000000	00000013	addi	x0,x0,0	  x0:0x00000000
       29485000	      2947	80000c18	00000013	addi	x0,x0,0	  x0:0x00000000
       29495000	      2948	80000c1c	008000ef	jal	x1,80000c1c	  x1=0x80000c1c
       29505000	      2949	00000000	00000013	addi	x0,x0,0	  x0:0x00000000
       29515000	      2950	80000c20	00000013	addi	x0,x0,0	  x0:0x00000000
       29525000	      2951	80000c24	01800c6f	jal	x24,80000c24	 x24=0x80000c24
       29535000	      2952	00000000	00000013	addi	x0,x0,0	  x0:0x00000000
       29545000	      2953	80000c38	00000013	addi	x0,x0,0	  x0:0x00000000
       29555000	      2954	80000c3c	fedffeef	jal	x29,80000c3c	 x29=0x80000c3c
       29565000	      2955	00000000	00000013	addi	x0,x0,0	  x0:0x00000000
       29575000	      2956	80000c24	00000013	addi	x0,x0,0	  x0:0x00000000
       29585000	      2957	80000c28	018000ef	jal	x1,80000c28	  x1=0x80000c28
       29595000	      2958	00000000	00000013	addi	x0,x0,0	  x0:0x00000000
       29605000	      2959	80000c3c	00000013	addi	x0,x0,0	  x0:0x00000000
       29615000	      2960	80000c40	004000ef	jal	x1,80000c40	  x1=0x80000c40
       29625000	      2961	00000000	00000013	addi	x0,x0,0	  x0:0x00000000
       29635000	      2962	80000c40	00000013	addi	x0,x0,0	  x0:0x00000000
       29645000	      2963	80000c44	22838d13	addi	x26,x7,552	  x7:0x00000000 x26=0x00000228
       29655000	      2964	80000c48	01a28d33	add	x26,x5,x26	  x5:0x00000002 x26:0x00000228 x26=0x0000022a
       29665000	      2965	80000c4c	40d801b3	sub	x3,x16,x13	 x16:0x00000001 x13:0x80009fc4  x3=0x7fff603d
       29675000	      2966	80000c50	00330533	add	x10,x6,x3	  x6:0x80000c38  x3:0x7fff603d x10=0xffff6c75
       29685000	      2967	80000c54	009522b3	slt	x5,x10,x9	 x10:0xffff6c75  x9:0x00000000  x5=0x00000001
       29695000	      2968	80000c58	ef324113	xori	x2,x4,-269	  x4:0x2c7ecab8  x2=0xd381344b
       29705000	      2969	80000c5c	01d88e63	beq	x17,x29,80000c78	 x17:0x00000000 x29:0x80000c3c
       29715000	      2970	80000c60	0138d133	srl	x2,x17,x19	 x17:0x00000000 x19:0x00000001  x2=0x00000000
       29725000	      2971	80000c64	00a64863	blt	x12,x10,80000c74	 x12:0x80003e64 x10:0xffff6c75
       29735000	      2972	00000000	00000013	addi	x0,x0,0	  x0:0x00000000
       29745000	      2973	80000c70	00000013	addi	x0,x0,0	  x0:0x00000000
       29755000	      2974	80000c74	0092e2b3	or	x5,x5,x9	  x5:0x00000001  x9:0x00000000  x5=0x00000001
       29765000	      2975	80000c78	41500bb3	sub	x23,x0,x21	  x0:0x00000000 x21:0xfffff83d x23=0x000007c3
       29775000	      2976	80000c7c	09150c63	beq	x10,x17,80000d14	 x10:0xffff6c75 x17:0x00000000
       29785000	      2977	80000c80	40770bb3	sub	x23,x14,x7	 x14:0x00000200  x7:0x00000000 x23=0x00000200
       29795000	      2978	80000c84	40585a13	srai	x20,x16,0x5	 x16:0x00000001 x20=0x00000000
       29805000	      2979	80000c88	670ff993	andi	x19,x31,1648	 x31:0xeb77d000 x19=0x00000000
       29815000	      2980	80000c8c	412405b3	sub	x11,x8,x18	  x8:0x80009fc5 x18:0x00000000 x11=0x80009fc5
       29825000	      2981	80000c90	01b28633	add	x12,x5,x27	  x5:0x00000001 x27:0x80009f84 x12=0x80009f85
       29835000	      2982	80000c94	0240036f	jal	x6,80000c94	  x6=0x80000c94
       29845000	      2983	00000000	00000013	addi	x0,x0,0	  x0:0x00000000
       29855000	      2984	80000cb4	00000013	addi	x0,x0,0	  x0:0x00000000
       29865000	      2985	80000cb8	0100036f	jal	x6,80000cb8	  x6=0x80000cb8
       29875000	      2986	00000000	00000013	addi	x0,x0,0	  x0:0x00000000
       29885000	      2987	80000cc4	00000013	addi	x0,x0,0	  x0:0x00000000
       29895000	      2988	80000cc8	02400a6f	jal	x20,80000cc8	 x20=0x80000cc8
       29905000	      2989	00000000	00000013	addi	x0,x0,0	  x0:0x00000000
       29915000	      2990	80000ce8	00000013	addi	x0,x0,0	  x0:0x00000000
       29925000	      2991	80000cec	fedff36f	jal	x6,80000cec	  x6=0x80000cec
       29935000	      2992	00000000	00000013	addi	x0,x0,0	  x0:0x00000000
       29945000	      2993	80000cd4	00000013	addi	x0,x0,0	  x0:0x00000000
       29955000	      2994	80000cd8	008000ef	jal	x1,80000cd8	  x1=0x80000cd8
       29965000	      2995	00000000	00000013	addi	x0,x0,0	  x0:0x00000000
       29975000	      2996	80000cdc	00000013	addi	x0,x0,0	  x0:0x00000000
       29985000	      2997	80000ce0	fd5ff0ef	jal	x1,80000ce0	  x1=0x80000ce0
       29995000	      2998	00000000	00000013	addi	x0,x0,0	  x0:0x00000000
       30005000	      2999	80000cb0	00000013	addi	x0,x0,0	  x0:0x00000000
       30015000	      3000	80000cb4	0180086f	jal	x16,80000cb4	 x16=0x80000cb4
       30025000	      3001	00000000	00000013	addi	x0,x0,0	  x0:0x00000000
       30035000	      3002	80000cc8	00000013	addi	x0,x0,0	  x0:0x00000000
       30045000	      3003	80000ccc	02800c6f	jal	x24,80000ccc	 x24=0x80000ccc
       30055000	      3004	00000000	00000013	addi	x0,x0,0	  x0:0x00000000
       30065000	      3005	80000cf0	00000013	addi	x0,x0,0	  x0:0x00000000
       30075000	      3006	80000cf4	008000ef	jal	x1,80000cf4	  x1=0x80000cf4
       30085000	      3007	00000000	00000013	addi	x0,x0,0	  x0:0x00000000
       30095000	      3008	80000cf8	00000013	addi	x0,x0,0	  x0:0x00000000
       30105000	      3009	80000cfc	fb1ff2ef	jal	x5,80000cfc	  x5=0x80000cfc
       30115000	      3010	00000000	00000013	addi	x0,x0,0	  x0:0x00000000
       30125000	      3011	80000ca8	00000013	addi	x0,x0,0	  x0:0x00000000
       30135000	      3012	80000cac	ff5ff1ef	jal	x3,80000cac	  x3=0x80000cac
       30145000	      3013	00000000	00000013	addi	x0,x0,0	  x0:0x00000000
       30155000	      3014	80000c9c	00000013	addi	x0,x0,0	  x0:0x00000000
       30165000	      3015	80000ca0	0240036f	jal	x6,80000ca0	  x6=0x80000ca0
       30175000	      3016	00000000	00000013	addi	x0,x0,0	  x0:0x00000000
       30185000	      3017	80000cc0	00000013	addi	x0,x0,0	  x0:0x00000000
       30195000	      3018	80000cc4	02c000ef	jal	x1,80000cc4	  x1=0x80000cc4
       30205000	      3019	00000000	00000013	addi	x0,x0,0	  x0:0x00000000
       30215000	      3020	80000cec	00000013	addi	x0,x0,0	  x0:0x00000000
       30225000	      3021	80000cf0	fcdffd6f	jal	x26,80000cf0	 x26=0x80000cf0
       30235000	      3022	00000000	00000013	addi	x0,x0,0	  x0:0x00000000
       30245000	      3023	80000cb8	00000013	addi	x0,x0,0	  x0:0x00000000
       30255000	      3024	80000cbc	004000ef	jal	x1,80000cbc	  x1=0x80000cbc
       30265000	      3025	00000000	00000013	addi	x0,x0,0	  x0:0x00000000
       30275000	      3026	80000cbc	00000013	addi	x0,x0,0	  x0:0x00000000
       30285000	      3027	80000cc0	028000ef	jal	x1,80000cc0	  x1=0x80000cc0
       30295000	      3028	00000000	00000013	addi	x0,x0,0	  x0:0x00000000
       30305000	      3029	80000ce4	00000013	addi	x0,x0,0	  x0:0x00000000
       30315000	      3030	80000ce8	fedff0ef	jal	x1,80000ce8	  x1=0x80000ce8
       30325000	      3031	00000000	00000013	addi	x0,x0,0	  x0:0x00000000
       30335000	      3032	80000cd0	00000013	addi	x0,x0,0	  x0:0x00000000
       30345000	      3033	80000cd4	010000ef	jal	x1,80000cd4	  x1=0x80000cd4
       30355000	      3034	00000000	00000013	addi	x0,x0,0	  x0:0x00000000
       30365000	      3035	80000ce0	00000013	addi	x0,x0,0	  x0:0x00000000
       30375000	      3036	80000ce4	fcdff16f	jal	x2,80000ce4	  x2=0x80000ce4
       30385000	      3037	00000000	00000013	addi	x0,x0,0	  x0:0x00000000
       30395000	      3038	80000cac	00000013	addi	x0,x0,0	  x0:0x00000000
       30405000	      3039	80000cb0	ff5ff0ef	jal	x1,80000cb0	  x1=0x80000cb0
       30415000	      3040	00000000	00000013	addi	x0,x0,0	  x0:0x00000000
       30425000	      3041	80000ca0	00000013	addi	x0,x0,0	  x0:0x00000000
       30435000	      3042	80000ca4	ff5ff36f	jal	x6,80000ca4	  x6=0x80000ca4
       30445000	      3043	00000000	00000013	addi	x0,x0,0	  x0:0x00000000
       30455000	      3044	80000c94	00000013	addi	x0,x0,0	  x0:0x00000000
       30465000	      3045	80000c98	060005ef	jal	x11,80000c98	 x11=0x80000c98
       30475000	      3046	00000000	00000013	addi	x0,x0,0	  x0:0x00000000
       30485000	      3047	80000cf4	00000013	addi	x0,x0,0	  x0:0x00000000
       30495000	      3048	80000cf8	fa5ff0ef	jal	x1,80000cf8	  x1=0x80000cf8
       30505000	      3049	00000000	00000013	addi	x0,x0,0	  x0:0x00000000
       30515000	      3050	80000c98	00000013	addi	x0,x0,0	  x0:0x00000000
       30525000	      3051	80000c9c	00c0036f	jal	x6,80000c9c	  x6=0x80000c9c
       30535000	      3052	00000000	00000013	addi	x0,x0,0	  x0:0x00000000
       30545000	      3053	80000ca4	00000013	addi	x0,x0,0	  x0:0x00000000
       30555000	      3054	80000ca8	0340036f	jal	x6,80000ca8	  x6=0x80000ca8
       30565000	      3055	00000000	00000013	addi	x0,x0,0	  x0:0x00000000
       30575000	      3056	80000cd8	00000013	addi	x0,x0,0	  x0:0x00000000
       30585000	      3057	80000cdc	ff5ff26f	jal	x4,80000cdc	  x4=0x80000cdc
       30595000	      3058	00000000	00000013	addi	x0,x0,0	  x0:0x00000000
       30605000	      3059	80000ccc	00000013	addi	x0,x0,0	  x0:0x00000000
       30615000	      3060	80000cd0	0300036f	jal	x6,80000cd0	  x6=0x80000cd0
       30625000	      3061	00000000	00000013	addi	x0,x0,0	  x0:0x00000000
       30635000	      3062	80000cfc	00000013	addi	x0,x0,0	  x0:0x00000000
       30645000	      3063	80000d00	62008e13	addi	x28,x1,1568	  x1:0x80000cf8 x28=0x80001318
       30655000	      3064	80000d04	af876737	lui	x14,0xaf876	 x14=0xaf876000
       30665000	      3065	80000d08	9dd86293	ori	x5,x16,-1571	 x16:0x80000cb4  x5=0xfffffdfd
       30675000	      3066	80000d0c	019e55b3	srl	x11,x28,x25	 x28:0x80001318 x25:0x80000000 x11=0x80001318
       30685000	      3067	80000d10	400ad193	srai	x3,x21,0x0	 x21:0xfffff83d  x3=0xfffff83d
       30695000	      3068	80000d14	017459b3	srl	x19,x8,x23	  x8:0x80009fc5 x23:0x00000200 x19=0x80009fc5
       30705000	      3069	80000d18	63ff7293	andi	x5,x30,1599	 x30:0x00000000  x5=0x00000000
       30715000	      3070	80000d1c	013c6ab3	or	x21,x24,x19	 x24:0x80000ccc x19:0x80009fc5 x21=0x80009fcd
       30725000	      3071	80000d20	05bf8663	beq	x31,x27,80000d6c	 x31:0xeb77d000 x27:0x80009f84
       30735000	      3072	80000d24	418257b3	sra	x15,x4,x24	  x4:0x80000cdc x24:0x80000ccc x15=0xfff80000
       30745000	      3073	80000d28	f06f3313	sltiu	x6,x30,-250	 x30:0x00000000  x6=0x00000001
       30755000	      3074	80000d2c	9c024093	xori	x1,x4,-1600	  x4:0x80000cdc  x1=0x7ffff51c
       30765000	      3075	80000d30	00bb3033	sltu	x0,x22,x11	 x22:0x58fd9570 x11:0x80001318
       30775000	      3076	80000d34	41d10c33	sub	x24,x2,x29	  x2:0x80000ce4 x29:0x80000c3c x24=0x000000a8
       30785000	      3077	80000d38	01f85263	bge	x16,x31,80000d3c	 x16:0x80000cb4 x31:0xeb77d000
       30795000	      3078	80000d3c	007a9833	sll	x16,x21,x7	 x21:0x80009fcd  x7:0x00000000 x16=0x80009fcd
       30805000	      3079	80000d40	01c26733	or	x14,x4,x28	  x4:0x80000cdc x28:0x80001318 x14=0x80001fdc
       30815000	      3080	80000d44	02036263	bltu	x6,x0,80000d68	  x6:0x00000001  x0:0x00000000
       30825000	      3081	80000d48	01a841b3	xor	x3,x16,x26	 x16:0x80009fcd x26:0x80000cf0  x3=0x0000933d
       30835000	      3082	80000d4c	008de263	bltu	x27,x8,80000d50	 x27:0x80009f84  x8:0x80009fc5
       30845000	      3083	00000000	00000013	addi	x0,x0,0	  x0:0x00000000
       30855000	      3084	80000d4c	00000013	addi	x0,x0,0	  x0:0x00000000
       30865000	      3085	80000d50	0094da13	srli	x20,x9,0x9	  x9:0x00000000 x20=0x00000000
       30875000	      3086	80000d54	858c5537	lui	x10,0x858c5	 x10=0x858c5000
       30885000	      3087	80000d58	48d98a93	addi	x21,x19,1165	 x19:0x80009fc5 x21=0x8000a452
       30895000	      3088	80000d5c	01315233	srl	x4,x2,x19	  x2:0x80000ce4 x19:0x80009fc5  x4=0x04000067
       30905000	      3089	80000d60	40785e93	srai	x29,x16,0x7	 x16:0x80009fcd x29=0xff00013f
       30915000	      3090	80000d64	01c1d833	srl	x16,x3,x28	  x3:0x0000933d x28:0x80001318 x16=0x00000000
       30925000	      3091	80000d68	41320bb3	sub	x23,x4,x19	  x4:0x04000067 x19:0x80009fc5 x23=0x83ff60a2
       30935000	      3092	80000d6c	00748333	add	x6,x9,x7	  x9:0x00000000  x7:0x00000000  x6=0x00000000
       30945000	      3093	80000d70	0025ec33	or	x24,x11,x2	 x11:0x80001318  x2:0x80000ce4 x24=0x80001ffc
       30955000	      3094	80000d74	000e5493	srli	x9,x28,0x0	 x28:0x80001318  x9=0x80001318
       30965000	      3095	80000d78	008ed7b3	srl	x15,x29,x8	 x29:0xff00013f  x8:0x80009fc5 x15=0x07f80009
       30975000	      3096	80000d7c	04a1d863	bge	x3,x10,80000dcc	  x3:0x0000933d x10:0x858c5000
       30985000	      3097	00000000	00000013	addi	x0,x0,0	  x0:0x00000000
       30995000	      3098	80000dc8	00000013	addi	x0,x0,0	  x0:0x00000000
       31005000	      3099	80000dcc	8369a217	auipc	x4,0x8369a	  x4=0x0369adc8
       31015000	      3100	80000dd0	02d34863	blt	x6,x13,80000e00	  x6:0x00000000 x13:0x80009fc4
       31025000	      3101	80000dd4	2d2b9b37	lui	x22,0x2d2b9	 x22=0x2d2b9000
       31035000	      3102	80000dd8	7c5d6b93	ori	x23,x26,1989	 x26:0x80000cf0 x23=0x80000ff5
       31045000	      3103	80000ddc	41e554b3	sra	x9,x10,x30	 x10:0x858c5000 x30:0x00000000  x9=0x858c5000
       31055000	      3104	80000de0	03a29463	bne	x5,x26,80000e08	  x5:0x00000000 x26:0x80000cf0
       31065000	      3105	00000000	00000013	addi	x0,x0,0	  x0:0x00000000
       31075000	      3106	80000e04	00000013	addi	x0,x0,0	  x0:0x00000000
       31085000	      3107	80000e08	6f6d8d17	auipc	x26,0x6f6d8	 x26=0xef6d8e04
       31095000	      3108	80000e0c	00547663	bgeu	x8,x5,80000e18	  x8:0x80009fc5  x5:0x00000000
       31105000	      3109	00000000	00000013	addi	x0,x0,0	  x0:0x00000000
       31115000	      3110	80000e14	00000013	addi	x0,x0,0	  x0:0x00000000
       31125000	      3111	80000e18	0020af33	slt	x30,x1,x2	  x1:0x7ffff51c  x2:0x80000ce4 x30=0x00000000
       31135000	      3112	80000e1c	01298263	beq	x19,x18,80000e20	 x19:0x80009fc5 x18:0x00000000
       31145000	      3113	80000e20	009ce733	or	x14,x25,x9	 x25:0x80000000  x9:0x858c5000 x14=0x858c5000
       31155000	      3114	80000e24	0f1d7093	andi	x1,x26,241	 x26:0xef6d8e04  x1=0x00000000
       31165000	      3115	80000e28	3a11c913	xori	x18,x3,929	  x3:0x0000933d x18=0x0000909c
       31175000	      3116	80000e2c	bed7c497	auipc	x9,0xbed7c	  x9=0x3ed7ce28
       31185000	      3117	80000e30	044ed863	bge	x29,x4,80000e80	 x29:0xff00013f  x4:0x0369adc8
       31195000	      3118	80000e34	87d7f537	lui	x10,0x87d7f	 x10=0x87d7f000
       31205000	      3119	80000e38	00c95493	srli	x9,x18,0xc	 x18:0x0000909c  x9=0x00000009
       31215000	      3120	80000e3c	0006eeb3	or	x29,x13,x0	 x13:0x80009fc4  x0:0x00000000 x29=0x80009fc4
       31225000	      3121	80000e40	01e910b3	sll	x1,x18,x30	 x18:0x0000909c x30:0x00000000  x1=0x0000909c
       31235000	      3122	80000e44	03437463	bgeu	x6,x20,80000e6c	  x6:0x00000000 x20:0x00000000
       31245000	      3123	00000000	00000013	addi	x0,x0,0	  x0:0x00000000
       31255000	      3124	80000e68	00000013	addi	x0,x0,0	  x0:0x00000000
       31265000	      3125	80000e6c	01149413	slli	x8,x9,0x11	  x9:0x00000009  x8=0x00120000
       31275000	      3126	80000e70	004aaeb3	slt	x29,x21,x4	 x21:0x8000a452  x4:0x0369adc8 x29=0x00000001
       31285000	      3127	80000e74	00000013	addi	x0,x0,0	  x0:0x00000000
       31295000	      3128	80000e78	0186d033	srl	x0,x13,x24	 x13:0x80009fc4 x24:0x80001ffc
       31305000	      3129	80000e7c	00000013	addi	x0,x0,0	  x0:0x00000000
       31315000	      3130	80000e80	01735433	srl	x8,x6,x23	  x6:0x00000000 x23:0x80000ff5  x8=0x00000000
       31325000	      3131	80000e84	0b831c63	bne	x6,x24,80000f3c	  x6:0x00000000 x24:0x80001ffc
       31335000	      3132	00000000	00000013	addi	x0,x0,0	  x0:0x00000000
       31345000	      3133	80000f38	00000013	addi	x0,x0,0	  x0:0x00000000
       31355000	      3134	80000f3c	ee54f993	andi	x19,x9,-283	  x9:0x00000009 x19=0x00000001
       31365000	      3135	80000f40	00e23a33	sltu	x20,x4,x14	  x4:0x0369adc8 x14:0x858c5000 x20=0x00000001
       31375000	      3136	80000f44	01a60e63	beq	x12,x26,80000f60	 x12:0x80009f85 x26:0xef6d8e04
       31385000	      3137	80000f48	a27b98b7	lui	x17,0xa27b9	 x17=0xa27b9000
       31395000	      3138	80000f4c	00000013	addi	x0,x0,0	  x0:0x00000000
       31405000	      3139	80000f50	01e19463	bne	x3,x30,80000f58	  x3:0x0000933d x30:0x00000000
       31415000	      3140	00000000	00000013	addi	x0,x0,0	  x0:0x00000000
       31425000	      3141	80000f54	00000013	addi	x0,x0,0	  x0:0x00000000
       31435000	      3142	80000f58	003e9c63	bne	x29,x3,80000f70	 x29:0x00000001  x3:0x0000933d
       31445000	      3143	00000000	00000013	addi	x0,x0,0	  x0:0x00000000
       31455000	      3144	80000f6c	00000013	addi	x0,x0,0	  x0:0x00000000
       31465000	      3145	80000f70	419c88b3	sub	x17,x25,x25	 x25:0x80000000 x25:0x80000000 x17=0x00000000
       31475000	      3146	80000f74	369d9637	lui	x12,0x369d9	 x12=0x369d9000
       31485000	      3147	80000f78	0101be33	sltu	x28,x3,x16	  x3:0x0000933d x16:0x00000000 x28=0x00000000
       31495000	      3148	80000f7c	004aa433	slt	x8,x21,x4	 x21:0x8000a452  x4:0x0369adc8  x8=0x00000001
       31505000	      3149	80000f80	07d39117	auipc	x2,0x7d39	  x2=0x87d39f7c
       31515000	      3150	80000f84	7e447413	andi	x8,x8,2020	  x8:0x00000001  x8=0x00000000
       31525000	      3151	80000f88	01c8a8b3	slt	x17,x17,x28	 x17:0x00000000 x28:0x00000000 x17=0x00000000
       31535000	      3152	80000f8c	03a85463	bge	x16,x26,80000fb4	 x16:0x00000000 x26:0xef6d8e04
       31545000	      3153	00000000	00000013	addi	x0,x0,0	  x0:0x00000000
       31555000	      3154	80000fb0	00000013	addi	x0,x0,0	  x0:0x00000000
       31565000	      3155	80000fb4	0243d463	bge	x7,x4,80000fdc	  x7:0x00000000  x4:0x0369adc8
       31575000	      3156	80000fb8	ce923e13	sltiu	x28,x4,-791	  x4:0x0369adc8 x28=0x00000001
       31585000	      3157	80000fbc	408c0833	sub	x16,x24,x8	 x24:0x80001ffc  x8:0x00000000 x16=0x80001ffc
       31595000	      3158	80000fc0	015871b3	and	x3,x16,x21	 x16:0x80001ffc x21:0x8000a452  x3=0x80000450
       31605000	      3159	80000fc4	00b3dbb3	srl	x23,x7,x11	  x7:0x00000000 x11:0x80001318 x23=0x00000000
       31615000	      3160	80000fc8	01e27463	bgeu	x4,x30,80000fd0	  x4:0x0369adc8 x30:0x00000000
       31625000	      3161	00000000	00000013	addi	x0,x0,0	  x0:0x00000000
       31635000	      3162	80000fcc	00000013	addi	x0,x0,0	  x0:0x00000000
       31645000	      3163	80000fd0	829b6913	ori	x18,x22,-2007	 x22:0x2d2b9000 x18=0xfffff829
       31655000	      3164	80000fd4	41ae04b3	sub	x9,x28,x26	 x28:0x00000001 x26:0xef6d8e04  x9=0x109271fd
       31665000	      3165	80000fd8	41e2d993	srai	x19,x5,0x1e	  x5:0x00000000 x19=0x00000000
       31675000	      3166	80000fdc	005d9fb3	sll	x31,x27,x5	 x27:0x80009f84  x5:0x00000000 x31=0x80009f84
       31685000	      3167	80000fe0	34d1f493	andi	x9,x3,845	  x3:0x80000450  x9=0x00000040
       31695000	      3168	80000fe4	debaa093	slti	x1,x21,-533	 x21:0x8000a452  x1=0x00000001
       31705000	      3169	80000fe8	41270fb3	sub	x31,x14,x18	 x14:0x858c5000 x18:0xfffff829 x31=0x858c57d7
       31715000	      3170	80000fec	01304e63	blt	x0,x19,80001008	  x0:0x00000000 x19:0x00000000
       31725000	      3171	80000ff0	05596263	bltu	x18,x21,80001034	 x18:0xfffff829 x21:0x8000a452
       31735000	      3172	80000ff4	0096d813	srli	x16,x13,0x9	 x13:0x80009fc4 x16=0x0040004f
       31745000	      3173	80000ff8	41f502b3	sub	x5,x10,x31	 x10:0x87d7f000 x31:0x858c57d7  x5=0x024b9829
       31755000	      3174	80000ffc	03a30c63	beq	x6,x26,80001034	  x6:0x00000000 x26:0xef6d8e04
       31765000	      3175	80001000	00386a33	or	x20,x16,x3	 x16:0x0040004f  x3:0x80000450 x20=0x8040045f
       31775000	      3176	80001004	cfbd8613	addi	x12,x27,-773	 x27:0x80009f84 x12=0x80009c7f
       31785000	      3177	80001008	02c06063	bltu	x0,x12,80001028	  x0:0x00000000 x12:0x80009c7f
       31795000	      3178	00000000	00000013	addi	x0,x0,0	  x0:0x00000000
       31805000	      3179	80001024	00000013	addi	x0,x0,0	  x0:0x00000000
       31815000	      3180	80001028	00554663	blt	x10,x5,80001034	 x10:0x87d7f000  x5:0x024b9829
       31825000	      3181	00000000	00000013	addi	x0,x0,0	  x0:0x00000000
       31835000	      3182	80001030	00000013	addi	x0,x0,0	  x0:0x00000000
       31845000	      3183	80001034	01f41593	slli	x11,x8,0x1f	  x8:0x00000000 x11=0x00000000
       31855000	      3184	80001038	00000c97	auipc	x25,0x0	 x25=0x80001034
       31865000	      3185	8000103c	00cc8c93	addi	x25,x25,12	 x25:0x80001034 x25=0x80001040
       31875000	      3186	80001040	000c8067	jalr	x0,x25,0	 x25:0x80001040
       31885000	      3187	00000000	00000013	addi	x0,x0,0	  x0:0x00000000
       31895000	      3188	80001040	00000013	addi	x0,x0,0	  x0:0x00000000
       31905000	      3189	80001044	00100193	addi	x3,x0,1	  x0:0x00000000  x3=0x00000001
       31915000	      3190	80001048	00000073	ecall	
       31925000	      3191	8000104c	0193c263	blt	x7,x25,80001050	  x7:0x00000000 x25:0x80001040
