		Time			Cycle	PC		Insn	Decoded instruction	Register and memory contents
          65000	         5	80000004	00000293	addi	x5,x0,0	  x0:0x00000000  x5=0x00000000
          75000	         6	80000008	00000313	addi	x6,x0,0	  x0:0x00000000  x6=0x00000000
          85000	         7	8000000c	00628263	beq	x5,x6,80000010	  x5:0x00000000  x6:0x00000000
          95000	         8	00000000	00000013	addi	x0,x0,0	  x0:0x00000000
         105000	         9	8000000c	00000013	addi	x0,x0,0	  x0:0x00000000
         115000	        10	80000010	00000917	auipc	x18,0x0	 x18=0x8000000c
         125000	        11	80000014	00c90913	addi	x18,x18,12	 x18:0x8000000c x18=0x80000018
         135000	        12	80000018	00090067	jalr	x0,x18,0	 x18:0x80000018
         145000	        13	00000000	00000013	addi	x0,x0,0	  x0:0x00000000
         155000	        14	80000018	00000013	addi	x0,x0,0	  x0:0x00000000
         165000	        15	8000001c	400004b7	lui	x9,0x40000	  x9=0x40000000
         175000	        16	80000020	10048493	addi	x9,x9,256	  x9:0x40000000  x9=0x40000100
         185000	        17	80000024	00000013	addi	x0,x0,0	  x0:0x00000000
         195000	        18	80000028	0000a117	auipc	x2,0xa	  x2=0x8000a024
         205000	        19	8000002c	fa010113	addi	x2,x2,-96	  x2:0x8000a024  x2=0x80009fc4
         215000	        20	80000030	00005497	auipc	x9,0x5	  x9=0x8000502c
         225000	        21	80000034	09448493	addi	x9,x9,148	  x9:0x8000502c  x9=0x800050c0
         235000	        22	80000038	0014e493	ori	x9,x9,1	  x9:0x800050c0  x9=0x800050c1
         245000	        23	8000003c	00000013	addi	x0,x0,0	  x0:0x00000000
         255000	        24	80000040	00000497	auipc	x9,0x0	  x9=0x8000003c
         265000	        25	80000044	02048493	addi	x9,x9,32	  x9:0x8000003c  x9=0x8000005c
         275000	        26	80000048	00000013	addi	x0,x0,0	  x0:0x00000000
         285000	        27	8000004c	00000013	addi	x0,x0,0	  x0:0x00000000
         295000	        28	80000050	000024b7	lui	x9,0x2	  x9=0x00002000
         305000	        29	80000054	80048493	addi	x9,x9,-2048	  x9:0x00002000  x9=0x00001800
         315000	        30	80000058	00000013	addi	x0,x0,0	  x0:0x00000000
         325000	        31	8000005c	00000013	addi	x0,x0,0	  x0:0x00000000
         335000	        32	80000060	fba3c037	lui	x0,0xfba3c	
         345000	        33	80000064	d9300013	addi	x0,x0,-621	  x0:0x00000000
         355000	        34	80000068	e23af0b7	lui	x1,0xe23af	  x1=0xe23af000
         365000	        35	8000006c	cbb08093	addi	x1,x1,-837	  x1:0xe23af000  x1=0xe23aecbb
         375000	        36	80000070	00000193	addi	x3,x0,0	  x0:0x00000000  x3=0x00000000
         385000	        37	80000074	fabaa237	lui	x4,0xfabaa	  x4=0xfabaa000
         395000	        38	80000078	22220213	addi	x4,x4,546	  x4:0xfabaa000  x4=0xfabaa222
         405000	        39	8000007c	00100313	addi	x6,x0,1	  x0:0x00000000  x6=0x00000001
         415000	        40	80000080	488773b7	lui	x7,0x48877	  x7=0x48877000
         425000	        41	80000084	f6538393	addi	x7,x7,-155	  x7:0x48877000  x7=0x48876f65
         435000	        42	80000088	00200413	addi	x8,x0,2	  x0:0x00000000  x8=0x00000002
         445000	        43	8000008c	00000493	addi	x9,x0,0	  x0:0x00000000  x9=0x00000000
         455000	        44	80000090	fdbc6537	lui	x10,0xfdbc6	 x10=0xfdbc6000
         465000	        45	80000094	10850513	addi	x10,x10,264	 x10:0xfdbc6000 x10=0xfdbc6108
         475000	        46	80000098	bdca85b7	lui	x11,0xbdca8	 x11=0xbdca8000
         485000	        47	8000009c	a2f58593	addi	x11,x11,-1489	 x11:0xbdca8000 x11=0xbdca7a2f
         495000	        48	800000a0	937a8637	lui	x12,0x937a8	 x12=0x937a8000
         505000	        49	800000a4	36e60613	addi	x12,x12,878	 x12:0x937a8000 x12=0x937a836e
         515000	        50	800000a8	800006b7	lui	x13,0x80000	 x13=0x80000000
         525000	        51	800000ac	384ee737	lui	x14,0x384ee	 x14=0x384ee000
         535000	        52	800000b0	1b370713	addi	x14,x14,435	 x14:0x384ee000 x14=0x384ee1b3
         545000	        53	800000b4	00e00793	addi	x15,x0,14	  x0:0x00000000 x15=0x0000000e
         555000	        54	800000b8	80000837	lui	x16,0x80000	 x16=0x80000000
         565000	        55	800000bc	00000893	addi	x17,x0,0	  x0:0x00000000 x17=0x00000000
         575000	        56	800000c0	00000913	addi	x18,x0,0	  x0:0x00000000 x18=0x00000000
         585000	        57	800000c4	800009b7	lui	x19,0x80000	 x19=0x80000000
         595000	        58	800000c8	f925fa37	lui	x20,0xf925f	 x20=0xf925f000
         605000	        59	800000cc	329a0a13	addi	x20,x20,809	 x20:0xf925f000 x20=0xf925f329
         615000	        60	800000d0	00900a93	addi	x21,x0,9	  x0:0x00000000 x21=0x00000009
         625000	        61	800000d4	f177cb37	lui	x22,0xf177c	 x22=0xf177c000
         635000	        62	800000d8	068b0b13	addi	x22,x22,104	 x22:0xf177c000 x22=0xf177c068
         645000	        63	800000dc	00600b93	addi	x23,x0,6	  x0:0x00000000 x23=0x00000006
         655000	        64	800000e0	80000c37	lui	x24,0x80000	 x24=0x80000000
         665000	        65	800000e4	f0391cb7	lui	x25,0xf0391	 x25=0xf0391000
         675000	        66	800000e8	076c8c93	addi	x25,x25,118	 x25:0xf0391000 x25=0xf0391076
         685000	        67	800000ec	00000d13	addi	x26,x0,0	  x0:0x00000000 x26=0x00000000
         695000	        68	800000f0	fda49db7	lui	x27,0xfda49	 x27=0xfda49000
         705000	        69	800000f4	335d8d93	addi	x27,x27,821	 x27:0xfda49000 x27=0xfda49335
         715000	        70	800000f8	78a71e37	lui	x28,0x78a71	 x28=0x78a71000
         725000	        71	800000fc	a2ae0e13	addi	x28,x28,-1494	 x28:0x78a71000 x28=0x78a70a2a
         735000	        72	80000100	00600e93	addi	x29,x0,6	  x0:0x00000000 x29=0x00000006
         745000	        73	80000104	00000f13	addi	x30,x0,0	  x0:0x00000000 x30=0x00000000
         755000	        74	80000108	00000f93	addi	x31,x0,0	  x0:0x00000000 x31=0x00000000
         765000	        75	8000010c	0000a297	auipc	x5,0xa	  x5=0x8000a108
         775000	        76	80000110	e7c28293	addi	x5,x5,-388	  x5:0x8000a108  x5=0x80009f84
         785000	        77	80000114	0700036f	jal	x6,80000114	  x6=0x80000114
         795000	        78	00000000	00000013	addi	x0,x0,0	  x0:0x00000000
         805000	        79	80000180	00000013	addi	x0,x0,0	  x0:0x00000000
         815000	        80	80000184	f99ffcef	jal	x25,80000184	 x25=0x80000184
         825000	        81	00000000	00000013	addi	x0,x0,0	  x0:0x00000000
         835000	        82	80000118	00000013	addi	x0,x0,0	  x0:0x00000000
         845000	        83	8000011c	048000ef	jal	x1,8000011c	  x1=0x8000011c
         855000	        84	00000000	00000013	addi	x0,x0,0	  x0:0x00000000
         865000	        85	80000160	00000013	addi	x0,x0,0	  x0:0x00000000
         875000	        86	80000164	ff1ff1ef	jal	x3,80000164	  x3=0x80000164
         885000	        87	00000000	00000013	addi	x0,x0,0	  x0:0x00000000
         895000	        88	80000150	00000013	addi	x0,x0,0	  x0:0x00000000
         905000	        89	80000154	fc5ff0ef	jal	x1,80000154	  x1=0x80000154
         915000	        90	00000000	00000013	addi	x0,x0,0	  x0:0x00000000
         925000	        91	80000114	00000013	addi	x0,x0,0	  x0:0x00000000
         935000	        92	80000118	00c000ef	jal	x1,80000118	  x1=0x80000118
         945000	        93	00000000	00000013	addi	x0,x0,0	  x0:0x00000000
         955000	        94	80000120	00000013	addi	x0,x0,0	  x0:0x00000000
         965000	        95	80000124	064000ef	jal	x1,80000124	  x1=0x80000124
         975000	        96	00000000	00000013	addi	x0,x0,0	  x0:0x00000000
         985000	        97	80000184	00000013	addi	x0,x0,0	  x0:0x00000000
         995000	        98	80000188	fd5ff76f	jal	x14,80000188	 x14=0x80000188
        1005000	        99	00000000	00000013	addi	x0,x0,0	  x0:0x00000000
        1015000	       100	80000158	00000013	addi	x0,x0,0	  x0:0x00000000
        1025000	       101	8000015c	010000ef	jal	x1,8000015c	  x1=0x8000015c
        1035000	       102	00000000	00000013	addi	x0,x0,0	  x0:0x00000000
        1045000	       103	80000168	00000013	addi	x0,x0,0	  x0:0x00000000
        1055000	       104	8000016c	fe5fff6f	jal	x30,8000016c	 x30=0x8000016c
        1065000	       105	00000000	00000013	addi	x0,x0,0	  x0:0x00000000
        1075000	       106	8000014c	00000013	addi	x0,x0,0	  x0:0x00000000
        1085000	       107	80000150	fe5ff0ef	jal	x1,80000150	  x1=0x80000150
        1095000	       108	00000000	00000013	addi	x0,x0,0	  x0:0x00000000
        1105000	       109	80000130	00000013	addi	x0,x0,0	  x0:0x00000000
        1115000	       110	80000134	ff9ff7ef	jal	x15,80000134	 x15=0x80000134
        1125000	       111	00000000	00000013	addi	x0,x0,0	  x0:0x00000000
        1135000	       112	80000128	00000013	addi	x0,x0,0	  x0:0x00000000
        1145000	       113	8000012c	010000ef	jal	x1,8000012c	  x1=0x8000012c
        1155000	       114	00000000	00000013	addi	x0,x0,0	  x0:0x00000000
        1165000	       115	80000138	00000013	addi	x0,x0,0	  x0:0x00000000
        1175000	       116	8000013c	01c0036f	jal	x6,8000013c	  x6=0x8000013c
        1185000	       117	00000000	00000013	addi	x0,x0,0	  x0:0x00000000
        1195000	       118	80000154	00000013	addi	x0,x0,0	  x0:0x00000000
        1205000	       119	80000158	fd9ff0ef	jal	x1,80000158	  x1=0x80000158
        1215000	       120	00000000	00000013	addi	x0,x0,0	  x0:0x00000000
        1225000	       121	8000012c	00000013	addi	x0,x0,0	  x0:0x00000000
        1235000	       122	80000130	018001ef	jal	x3,80000130	  x3=0x80000130
        1245000	       123	00000000	00000013	addi	x0,x0,0	  x0:0x00000000
        1255000	       124	80000144	00000013	addi	x0,x0,0	  x0:0x00000000
        1265000	       125	80000148	02800e6f	jal	x28,80000148	 x28=0x80000148
        1275000	       126	00000000	00000013	addi	x0,x0,0	  x0:0x00000000
        1285000	       127	8000016c	00000013	addi	x0,x0,0	  x0:0x00000000
        1295000	       128	80000170	004000ef	jal	x1,80000170	  x1=0x80000170
        1305000	       129	00000000	00000013	addi	x0,x0,0	  x0:0x00000000
        1315000	       130	80000170	00000013	addi	x0,x0,0	  x0:0x00000000
        1325000	       131	80000174	fadff0ef	jal	x1,80000174	  x1=0x80000174
        1335000	       132	00000000	00000013	addi	x0,x0,0	  x0:0x00000000
        1345000	       133	8000011c	00000013	addi	x0,x0,0	  x0:0x00000000
        1355000	       134	80000120	008000ef	jal	x1,80000120	  x1=0x80000120
        1365000	       135	00000000	00000013	addi	x0,x0,0	  x0:0x00000000
        1375000	       136	80000124	00000013	addi	x0,x0,0	  x0:0x00000000
        1385000	       137	80000128	01c0036f	jal	x6,80000128	  x6=0x80000128
        1395000	       138	00000000	00000013	addi	x0,x0,0	  x0:0x00000000
        1405000	       139	80000140	00000013	addi	x0,x0,0	  x0:0x00000000
        1415000	       140	80000144	038000ef	jal	x1,80000144	  x1=0x80000144
        1425000	       141	00000000	00000013	addi	x0,x0,0	  x0:0x00000000
        1435000	       142	80000178	00000013	addi	x0,x0,0	  x0:0x00000000
        1445000	       143	8000017c	004000ef	jal	x1,8000017c	  x1=0x8000017c
        1455000	       144	00000000	00000013	addi	x0,x0,0	  x0:0x00000000
        1465000	       145	8000017c	00000013	addi	x0,x0,0	  x0:0x00000000
        1475000	       146	80000180	fc1ff0ef	jal	x1,80000180	  x1=0x80000180
        1485000	       147	00000000	00000013	addi	x0,x0,0	  x0:0x00000000
        1495000	       148	8000013c	00000013	addi	x0,x0,0	  x0:0x00000000
        1505000	       149	80000140	020000ef	jal	x1,80000140	  x1=0x80000140
        1515000	       150	00000000	00000013	addi	x0,x0,0	  x0:0x00000000
        1525000	       151	8000015c	00000013	addi	x0,x0,0	  x0:0x00000000
        1535000	       152	80000160	fd9ff0ef	jal	x1,80000160	  x1=0x80000160
        1545000	       153	00000000	00000013	addi	x0,x0,0	  x0:0x00000000
        1555000	       154	80000134	00000013	addi	x0,x0,0	  x0:0x00000000
        1565000	       155	80000138	0300036f	jal	x6,80000138	  x6=0x80000138
        1575000	       156	00000000	00000013	addi	x0,x0,0	  x0:0x00000000
        1585000	       157	80000164	00000013	addi	x0,x0,0	  x0:0x00000000
        1595000	       158	80000168	fe5ff8ef	jal	x17,80000168	 x17=0x80000168
        1605000	       159	00000000	00000013	addi	x0,x0,0	  x0:0x00000000
        1615000	       160	80000148	00000013	addi	x0,x0,0	  x0:0x00000000
        1625000	       161	8000014c	02c000ef	jal	x1,8000014c	  x1=0x8000014c
        1635000	       162	00000000	00000013	addi	x0,x0,0	  x0:0x00000000
        1645000	       163	80000174	00000013	addi	x0,x0,0	  x0:0x00000000
        1655000	       164	80000178	0140036f	jal	x6,80000178	  x6=0x80000178
        1665000	       165	00000000	00000013	addi	x0,x0,0	  x0:0x00000000
        1675000	       166	80000188	00000013	addi	x0,x0,0	  x0:0x00000000
        1685000	       167	8000018c	40575393	srai	x7,x14,0x5	 x14:0x80000188  x7=0xfc00000c
        1695000	       168	80000190	00000013	addi	x0,x0,0	  x0:0x00000000
        1705000	       169	80000194	05da1c63	bne	x20,x29,800001ec	 x20:0xf925f329 x29:0x00000006
        1715000	       170	00000000	00000013	addi	x0,x0,0	  x0:0x00000000
        1725000	       171	800001e8	00000013	addi	x0,x0,0	  x0:0x00000000
        1735000	       172	800001ec	41e759b3	sra	x19,x14,x30	 x14:0x80000188 x30:0x8000016c x19=0xfff80000
        1745000	       173	800001f0	00000917	auipc	x18,0x0	 x18=0x800001ec
        1755000	       174	800001f4	00c90913	addi	x18,x18,12	 x18:0x800001ec x18=0x800001f8
        1765000	       175	800001f8	00090067	jalr	x0,x18,0	 x18:0x800001f8
        1775000	       176	00000000	00000013	addi	x0,x0,0	  x0:0x00000000
        1785000	       177	800001f8	00000013	addi	x0,x0,0	  x0:0x00000000
        1795000	       178	800001fc	00100193	addi	x3,x0,1	  x0:0x00000000  x3=0x00000001
        1805000	       179	80000200	00000073	ecall	
        1815000	       180	80000204	fe828293	addi	x5,x5,-24	  x5:0x80009f84  x5=0x80009f6c
