		Time			Cycle	PC		Insn	Decoded instruction	Register and memory contents
          65000	         5	80000004	00000293	addi	x5,x0,0	  x0:0x00000000  x5=0x00000000
          75000	         6	80000008	00000313	addi	x6,x0,0	  x0:0x00000000  x6=0x00000000
          85000	         7	8000000c	00628263	beq	x5,x6,80000010	  x5:0x00000000  x6:0x00000000
          95000	         8	00000000	00000013	addi	x0,x0,0	  x0:0x00000000
         105000	         9	8000000c	00000013	addi	x0,x0,0	  x0:0x00000000
         115000	        10	80000010	00000917	auipc	x18,0x0	 x18=0x8000000c
         125000	        11	80000014	00c90913	addi	x18,x18,12	 x18:0x8000000c x18=0x80000018
         135000	        12	80000018	00090067	jalr	x0,x18,0	 x18:0x80000018
         145000	        13	00000000	00000013	addi	x0,x0,0	  x0:0x00000000
         155000	        14	80000018	00000013	addi	x0,x0,0	  x0:0x00000000
         165000	        15	8000001c	400002b7	lui	x5,0x40000	  x5=0x40000000
         175000	        16	80000020	10028293	addi	x5,x5,256	  x5:0x40000000  x5=0x40000100
         185000	        17	80000024	00000013	addi	x0,x0,0	  x0:0x00000000
         195000	        18	80000028	0000aa97	auipc	x21,0xa	 x21=0x8000a024
         205000	        19	8000002c	fa0a8a93	addi	x21,x21,-96	 x21:0x8000a024 x21=0x80009fc4
         215000	        20	80000030	00004297	auipc	x5,0x4	  x5=0x8000402c
         225000	        21	80000034	67428293	addi	x5,x5,1652	  x5:0x8000402c  x5=0x800046a0
         235000	        22	80000038	0002e293	ori	x5,x5,0	  x5:0x800046a0  x5=0x800046a0
         245000	        23	8000003c	00000013	addi	x0,x0,0	  x0:0x00000000
         255000	        24	80000040	00000297	auipc	x5,0x0	  x5=0x8000003c
         265000	        25	80000044	02028293	addi	x5,x5,32	  x5:0x8000003c  x5=0x8000005c
         275000	        26	80000048	00000013	addi	x0,x0,0	  x0:0x00000000
         285000	        27	8000004c	00000013	addi	x0,x0,0	  x0:0x00000000
         295000	        28	80000050	000022b7	lui	x5,0x2	  x5=0x00002000
         305000	        29	80000054	80028293	addi	x5,x5,-2048	  x5:0x00002000  x5=0x00001800
         315000	        30	80000058	00000013	addi	x0,x0,0	  x0:0x00000000
         325000	        31	8000005c	00000013	addi	x0,x0,0	  x0:0x00000000
         335000	        32	80000060	1898f037	lui	x0,0x1898f	
         345000	        33	80000064	8da00013	addi	x0,x0,-1830	  x0:0x00000000
         355000	        34	80000068	58a540b7	lui	x1,0x58a54	  x1=0x58a54000
         365000	        35	8000006c	9b708093	addi	x1,x1,-1609	  x1:0x58a54000  x1=0x58a539b7
         375000	        36	80000070	e999a137	lui	x2,0xe999a	  x2=0xe999a000
         385000	        37	80000074	bec10113	addi	x2,x2,-1044	  x2:0xe999a000  x2=0xe9999bec
         395000	        38	80000078	800001b7	lui	x3,0x80000	  x3=0x80000000
         405000	        39	8000007c	00e00213	addi	x4,x0,14	  x0:0x00000000  x4=0x0000000e
         415000	        40	80000080	00000293	addi	x5,x0,0	  x0:0x00000000  x5=0x00000000
         425000	        41	80000084	00c00313	addi	x6,x0,12	  x0:0x00000000  x6=0x0000000c
         435000	        42	80000088	382883b7	lui	x7,0x38288	  x7=0x38288000
         445000	        43	8000008c	5a138393	addi	x7,x7,1441	  x7:0x38288000  x7=0x382885a1
         455000	        44	80000090	fa29c437	lui	x8,0xfa29c	  x8=0xfa29c000
         465000	        45	80000094	d5740413	addi	x8,x8,-681	  x8:0xfa29c000  x8=0xfa29bd57
         475000	        46	80000098	f73524b7	lui	x9,0xf7352	  x9=0xf7352000
         485000	        47	8000009c	f2748493	addi	x9,x9,-217	  x9:0xf7352000  x9=0xf7351f27
         495000	        48	800000a0	80000537	lui	x10,0x80000	 x10=0x80000000
         505000	        49	800000a4	800005b7	lui	x11,0x80000	 x11=0x80000000
         515000	        50	800000a8	fc8d1637	lui	x12,0xfc8d1	 x12=0xfc8d1000
         525000	        51	800000ac	20260613	addi	x12,x12,514	 x12:0xfc8d1000 x12=0xfc8d1202
         535000	        52	800000b0	00000693	addi	x13,x0,0	  x0:0x00000000 x13=0x00000000
         545000	        53	800000b4	80000737	lui	x14,0x80000	 x14=0x80000000
         555000	        54	800000b8	00000793	addi	x15,x0,0	  x0:0x00000000 x15=0x00000000
         565000	        55	800000bc	80000837	lui	x16,0x80000	 x16=0x80000000
         575000	        56	800000c0	f5c068b7	lui	x17,0xf5c06	 x17=0xf5c06000
         585000	        57	800000c4	cc288893	addi	x17,x17,-830	 x17:0xf5c06000 x17=0xf5c05cc2
         595000	        58	800000c8	00000913	addi	x18,x0,0	  x0:0x00000000 x18=0x00000000
         605000	        59	800000cc	00d00993	addi	x19,x0,13	  x0:0x00000000 x19=0x0000000d
         615000	        60	800000d0	80000a37	lui	x20,0x80000	 x20=0x80000000
         625000	        61	800000d4	00c00b13	addi	x22,x0,12	  x0:0x00000000 x22=0x0000000c
         635000	        62	800000d8	00200b93	addi	x23,x0,2	  x0:0x00000000 x23=0x00000002
         645000	        63	800000dc	b7705c37	lui	x24,0xb7705	 x24=0xb7705000
         655000	        64	800000e0	f0cc0c13	addi	x24,x24,-244	 x24:0xb7705000 x24=0xb7704f0c
         665000	        65	800000e4	fd4e3cb7	lui	x25,0xfd4e3	 x25=0xfd4e3000
         675000	        66	800000e8	f33c8c93	addi	x25,x25,-205	 x25:0xfd4e3000 x25=0xfd4e2f33
         685000	        67	800000ec	80000d37	lui	x26,0x80000	 x26=0x80000000
         695000	        68	800000f0	5c90cdb7	lui	x27,0x5c90c	 x27=0x5c90c000
         705000	        69	800000f4	40bd8d93	addi	x27,x27,1035	 x27:0x5c90c000 x27=0x5c90c40b
         715000	        70	800000f8	00000e13	addi	x28,x0,0	  x0:0x00000000 x28=0x00000000
         725000	        71	800000fc	009b3eb7	lui	x29,0x9b3	 x29=0x009b3000
         735000	        72	80000100	85ce8e93	addi	x29,x29,-1956	 x29:0x009b3000 x29=0x009b285c
         745000	        73	80000104	80000f37	lui	x30,0x80000	 x30=0x80000000
         755000	        74	80000108	0000af97	auipc	x31,0xa	 x31=0x8000a104
         765000	        75	8000010c	e80f8f93	addi	x31,x31,-384	 x31:0x8000a104 x31=0x80009f84
         775000	        76	80000110	024000ef	jal	x1,80000110	  x1=0x80000110
         785000	        77	00000000	00000013	addi	x0,x0,0	  x0:0x00000000
         795000	        78	80000130	00000013	addi	x0,x0,0	  x0:0x00000000
         805000	        79	80000134	044000ef	jal	x1,80000134	  x1=0x80000134
         815000	        80	00000000	00000013	addi	x0,x0,0	  x0:0x00000000
         825000	        81	80000174	00000013	addi	x0,x0,0	  x0:0x00000000
         835000	        82	80000178	fc5ff1ef	jal	x3,80000178	  x3=0x80000178
         845000	        83	00000000	00000013	addi	x0,x0,0	  x0:0x00000000
         855000	        84	80000138	00000013	addi	x0,x0,0	  x0:0x00000000
         865000	        85	8000013c	fd9ff16f	jal	x2,8000013c	  x2=0x8000013c
         875000	        86	00000000	00000013	addi	x0,x0,0	  x0:0x00000000
         885000	        87	80000110	00000013	addi	x0,x0,0	  x0:0x00000000
         895000	        88	80000114	02c000ef	jal	x1,80000114	  x1=0x80000114
         905000	        89	00000000	00000013	addi	x0,x0,0	  x0:0x00000000
         915000	        90	8000013c	00000013	addi	x0,x0,0	  x0:0x00000000
         925000	        91	80000140	02400f6f	jal	x30,80000140	 x30=0x80000140
         935000	        92	00000000	00000013	addi	x0,x0,0	  x0:0x00000000
         945000	        93	80000160	00000013	addi	x0,x0,0	  x0:0x00000000
         955000	        94	80000164	00c0016f	jal	x2,80000164	  x2=0x80000164
         965000	        95	00000000	00000013	addi	x0,x0,0	  x0:0x00000000
         975000	        96	8000016c	00000013	addi	x0,x0,0	  x0:0x00000000
         985000	        97	80000170	fedff0ef	jal	x1,80000170	  x1=0x80000170
         995000	        98	00000000	00000013	addi	x0,x0,0	  x0:0x00000000
        1005000	        99	80000158	00000013	addi	x0,x0,0	  x0:0x00000000
        1015000	       100	8000015c	fbdff0ef	jal	x1,8000015c	  x1=0x8000015c
        1025000	       101	00000000	00000013	addi	x0,x0,0	  x0:0x00000000
        1035000	       102	80000114	00000013	addi	x0,x0,0	  x0:0x00000000
        1045000	       103	80000118	054000ef	jal	x1,80000118	  x1=0x80000118
        1055000	       104	00000000	00000013	addi	x0,x0,0	  x0:0x00000000
        1065000	       105	80000168	00000013	addi	x0,x0,0	  x0:0x00000000
        1075000	       106	8000016c	ff5ff36f	jal	x6,8000016c	  x6=0x8000016c
        1085000	       107	00000000	00000013	addi	x0,x0,0	  x0:0x00000000
        1095000	       108	8000015c	00000013	addi	x0,x0,0	  x0:0x00000000
        1105000	       109	80000160	014000ef	jal	x1,80000160	  x1=0x80000160
        1115000	       110	00000000	00000013	addi	x0,x0,0	  x0:0x00000000
        1125000	       111	80000170	00000013	addi	x0,x0,0	  x0:0x00000000
        1135000	       112	80000174	fd5ff0ef	jal	x1,80000174	  x1=0x80000174
        1145000	       113	00000000	00000013	addi	x0,x0,0	  x0:0x00000000
        1155000	       114	80000144	00000013	addi	x0,x0,0	  x0:0x00000000
        1165000	       115	80000148	ff1ff0ef	jal	x1,80000148	  x1=0x80000148
        1175000	       116	00000000	00000013	addi	x0,x0,0	  x0:0x00000000
        1185000	       117	80000134	00000013	addi	x0,x0,0	  x0:0x00000000
        1195000	       118	80000138	00c000ef	jal	x1,80000138	  x1=0x80000138
        1205000	       119	00000000	00000013	addi	x0,x0,0	  x0:0x00000000
        1215000	       120	80000140	00000013	addi	x0,x0,0	  x0:0x00000000
        1225000	       121	80000144	fe9ff0ef	jal	x1,80000144	  x1=0x80000144
        1235000	       122	00000000	00000013	addi	x0,x0,0	  x0:0x00000000
        1245000	       123	80000128	00000013	addi	x0,x0,0	  x0:0x00000000
        1255000	       124	8000012c	ff9ff36f	jal	x6,8000012c	  x6=0x8000012c
        1265000	       125	00000000	00000013	addi	x0,x0,0	  x0:0x00000000
        1275000	       126	80000120	00000013	addi	x0,x0,0	  x0:0x00000000
        1285000	       127	80000124	ff9ff5ef	jal	x11,80000124	 x11=0x80000124
        1295000	       128	00000000	00000013	addi	x0,x0,0	  x0:0x00000000
        1305000	       129	80000118	00000013	addi	x0,x0,0	  x0:0x00000000
        1315000	       130	8000011c	04c00a6f	jal	x20,8000011c	 x20=0x8000011c
        1325000	       131	00000000	00000013	addi	x0,x0,0	  x0:0x00000000
        1335000	       132	80000164	00000013	addi	x0,x0,0	  x0:0x00000000
        1345000	       133	80000168	fe5ff0ef	jal	x1,80000168	  x1=0x80000168
        1355000	       134	00000000	00000013	addi	x0,x0,0	  x0:0x00000000
        1365000	       135	80000148	00000013	addi	x0,x0,0	  x0:0x00000000
        1375000	       136	8000014c	008000ef	jal	x1,8000014c	  x1=0x8000014c
        1385000	       137	00000000	00000013	addi	x0,x0,0	  x0:0x00000000
        1395000	       138	80000150	00000013	addi	x0,x0,0	  x0:0x00000000
        1405000	       139	80000154	00400e6f	jal	x28,80000154	 x28=0x80000154
        1415000	       140	00000000	00000013	addi	x0,x0,0	  x0:0x00000000
        1425000	       141	80000154	00000013	addi	x0,x0,0	  x0:0x00000000
        1435000	       142	80000158	fd1ff0ef	jal	x1,80000158	  x1=0x80000158
        1445000	       143	00000000	00000013	addi	x0,x0,0	  x0:0x00000000
        1455000	       144	80000124	00000013	addi	x0,x0,0	  x0:0x00000000
        1465000	       145	80000128	028007ef	jal	x15,80000128	 x15=0x80000128
        1475000	       146	00000000	00000013	addi	x0,x0,0	  x0:0x00000000
        1485000	       147	8000014c	00000013	addi	x0,x0,0	  x0:0x00000000
        1495000	       148	80000150	fe1ff0ef	jal	x1,80000150	  x1=0x80000150
        1505000	       149	00000000	00000013	addi	x0,x0,0	  x0:0x00000000
        1515000	       150	8000012c	00000013	addi	x0,x0,0	  x0:0x00000000
        1525000	       151	80000130	ff1ff36f	jal	x6,80000130	  x6=0x80000130
        1535000	       152	00000000	00000013	addi	x0,x0,0	  x0:0x00000000
        1545000	       153	8000011c	00000013	addi	x0,x0,0	  x0:0x00000000
        1555000	       154	80000120	05c0036f	jal	x6,80000120	  x6=0x80000120
        1565000	       155	00000000	00000013	addi	x0,x0,0	  x0:0x00000000
        1575000	       156	80000178	00000013	addi	x0,x0,0	  x0:0x00000000
        1585000	       157	8000017c	b70562b7	lui	x5,0xb7056	  x5=0xb7056000
        1595000	       158	80000180	03c000ef	jal	x1,80000180	  x1=0x80000180
        1605000	       159	00000000	00000013	addi	x0,x0,0	  x0:0x00000000
        1615000	       160	800001b8	00000013	addi	x0,x0,0	  x0:0x00000000
        1625000	       161	800001bc	fc9ff6ef	jal	x13,800001bc	 x13=0x800001bc
        1635000	       162	00000000	00000013	addi	x0,x0,0	  x0:0x00000000
        1645000	       163	80000180	00000013	addi	x0,x0,0	  x0:0x00000000
        1655000	       164	80000184	04c005ef	jal	x11,80000184	 x11=0x80000184
        1665000	       165	00000000	00000013	addi	x0,x0,0	  x0:0x00000000
        1675000	       166	800001cc	00000013	addi	x0,x0,0	  x0:0x00000000
        1685000	       167	800001d0	00400e6f	jal	x28,800001d0	 x28=0x800001d0
        1695000	       168	00000000	00000013	addi	x0,x0,0	  x0:0x00000000
        1705000	       169	800001d0	00000013	addi	x0,x0,0	  x0:0x00000000
        1715000	       170	800001d4	fc5ff5ef	jal	x11,800001d4	 x11=0x800001d4
        1725000	       171	00000000	00000013	addi	x0,x0,0	  x0:0x00000000
        1735000	       172	80000194	00000013	addi	x0,x0,0	  x0:0x00000000
        1745000	       173	80000198	02c000ef	jal	x1,80000198	  x1=0x80000198
        1755000	       174	00000000	00000013	addi	x0,x0,0	  x0:0x00000000
        1765000	       175	800001c0	00000013	addi	x0,x0,0	  x0:0x00000000
        1775000	       176	800001c4	fe9ff0ef	jal	x1,800001c4	  x1=0x800001c4
        1785000	       177	00000000	00000013	addi	x0,x0,0	  x0:0x00000000
        1795000	       178	800001a8	00000013	addi	x0,x0,0	  x0:0x00000000
        1805000	       179	800001ac	00800bef	jal	x23,800001ac	 x23=0x800001ac
        1815000	       180	00000000	00000013	addi	x0,x0,0	  x0:0x00000000
        1825000	       181	800001b0	00000013	addi	x0,x0,0	  x0:0x00000000
        1835000	       182	800001b4	00c000ef	jal	x1,800001b4	  x1=0x800001b4
        1845000	       183	00000000	00000013	addi	x0,x0,0	  x0:0x00000000
        1855000	       184	800001bc	00000013	addi	x0,x0,0	  x0:0x00000000
        1865000	       185	800001c0	00c0036f	jal	x6,800001c0	  x6=0x800001c0
        1875000	       186	00000000	00000013	addi	x0,x0,0	  x0:0x00000000
        1885000	       187	800001c8	00000013	addi	x0,x0,0	  x0:0x00000000
        1895000	       188	800001cc	fddfff6f	jal	x30,800001cc	 x30=0x800001cc
        1905000	       189	00000000	00000013	addi	x0,x0,0	  x0:0x00000000
        1915000	       190	800001a4	00000013	addi	x0,x0,0	  x0:0x00000000
        1925000	       191	800001a8	030002ef	jal	x5,800001a8	  x5=0x800001a8
        1935000	       192	00000000	00000013	addi	x0,x0,0	  x0:0x00000000
        1945000	       193	800001d4	00000013	addi	x0,x0,0	  x0:0x00000000
        1955000	       194	800001d8	ff1ff0ef	jal	x1,800001d8	  x1=0x800001d8
        1965000	       195	00000000	00000013	addi	x0,x0,0	  x0:0x00000000
        1975000	       196	800001c4	00000013	addi	x0,x0,0	  x0:0x00000000
        1985000	       197	800001c8	fd9ff0ef	jal	x1,800001c8	  x1=0x800001c8
        1995000	       198	00000000	00000013	addi	x0,x0,0	  x0:0x00000000
        2005000	       199	8000019c	00000013	addi	x0,x0,0	  x0:0x00000000
        2015000	       200	800001a0	ff5ff76f	jal	x14,800001a0	 x14=0x800001a0
        2025000	       201	00000000	00000013	addi	x0,x0,0	  x0:0x00000000
        2035000	       202	80000190	00000013	addi	x0,x0,0	  x0:0x00000000
        2045000	       203	80000194	010000ef	jal	x1,80000194	  x1=0x80000194
        2055000	       204	00000000	00000013	addi	x0,x0,0	  x0:0x00000000
        2065000	       205	800001a0	00000013	addi	x0,x0,0	  x0:0x00000000
        2075000	       206	800001a4	ff9ff0ef	jal	x1,800001a4	  x1=0x800001a4
        2085000	       207	00000000	00000013	addi	x0,x0,0	  x0:0x00000000
        2095000	       208	80000198	00000013	addi	x0,x0,0	  x0:0x00000000
        2105000	       209	8000019c	01c0036f	jal	x6,8000019c	  x6=0x8000019c
        2115000	       210	00000000	00000013	addi	x0,x0,0	  x0:0x00000000
        2125000	       211	800001b4	00000013	addi	x0,x0,0	  x0:0x00000000
        2135000	       212	800001b8	ff9ff0ef	jal	x1,800001b8	  x1=0x800001b8
        2145000	       213	00000000	00000013	addi	x0,x0,0	  x0:0x00000000
        2155000	       214	800001ac	00000013	addi	x0,x0,0	  x0:0x00000000
        2165000	       215	800001b0	fe1ff36f	jal	x6,800001b0	  x6=0x800001b0
        2175000	       216	00000000	00000013	addi	x0,x0,0	  x0:0x00000000
        2185000	       217	8000018c	00000013	addi	x0,x0,0	  x0:0x00000000
        2195000	       218	80000190	04c000ef	jal	x1,80000190	  x1=0x80000190
        2205000	       219	00000000	00000013	addi	x0,x0,0	  x0:0x00000000
        2215000	       220	800001d8	00000013	addi	x0,x0,0	  x0:0x00000000
        2225000	       221	800001dc	fb1ff0ef	jal	x1,800001dc	  x1=0x800001dc
        2235000	       222	00000000	00000013	addi	x0,x0,0	  x0:0x00000000
        2245000	       223	80000188	00000013	addi	x0,x0,0	  x0:0x00000000
        2255000	       224	8000018c	054000ef	jal	x1,8000018c	  x1=0x8000018c
        2265000	       225	00000000	00000013	addi	x0,x0,0	  x0:0x00000000
        2275000	       226	800001dc	00000013	addi	x0,x0,0	  x0:0x00000000
        2285000	       227	800001e0	fa9ff36f	jal	x6,800001e0	  x6=0x800001e0
        2295000	       228	00000000	00000013	addi	x0,x0,0	  x0:0x00000000
        2305000	       229	80000184	00000013	addi	x0,x0,0	  x0:0x00000000
        2315000	       230	80000188	05c0036f	jal	x6,80000188	  x6=0x80000188
        2325000	       231	00000000	00000013	addi	x0,x0,0	  x0:0x00000000
        2335000	       232	800001e0	00000013	addi	x0,x0,0	  x0:0x00000000
        2345000	       233	800001e4	01e68233	add	x4,x13,x30	 x13:0x800001bc x30:0x800001cc  x4=0x00000388
        2355000	       234	800001e8	00ca86b3	add	x13,x21,x12	 x21:0x80009fc4 x12:0xfc8d1202 x13=0x7c8db1c6
        2365000	       235	800001ec	001c9313	slli	x6,x25,0x1	 x25:0xfd4e2f33  x6=0xfa9c5e66
        2375000	       236	800001f0	00a6f663	bgeu	x13,x10,800001fc	 x13:0x7c8db1c6 x10:0x80000000
        2385000	       237	800001f4	00dc5c33	srl	x24,x24,x13	 x24:0xb7704f0c x13:0x7c8db1c6 x24=0x02ddc13c
        2395000	       238	800001f8	346a0593	addi	x11,x20,838	 x20:0x8000011c x11=0x80000462
        2405000	       239	800001fc	001106b3	add	x13,x2,x1	  x2:0x80000164  x1:0x8000018c x13=0x000002f0
        2415000	       240	80000200	01081213	slli	x4,x16,0x10	 x16:0x80000000  x4=0x00000000
        2425000	       241	80000204	01b59d33	sll	x26,x11,x27	 x11:0x80000462 x27:0x5c90c40b x26=0x00231000
        2435000	       242	80000208	41e587b3	sub	x15,x11,x30	 x11:0x80000462 x30:0x800001cc x15=0x00000296
        2445000	       243	8000020c	00a0d463	bge	x1,x10,80000214	  x1:0x8000018c x10:0x80000000
        2455000	       244	00000000	00000013	addi	x0,x0,0	  x0:0x00000000
        2465000	       245	80000210	00000013	addi	x0,x0,0	  x0:0x00000000
        2475000	       246	80000214	00b04033	xor	x0,x0,x11	  x0:0x00000000 x11:0x80000462
        2485000	       247	80000218	04d07263	bgeu	x0,x13,8000025c	  x0:0x00000000 x13:0x000002f0
        2495000	       248	8000021c	02df5497	auipc	x9,0x2df5	  x9=0x82df5218
        2505000	       249	80000220	01b8a233	slt	x4,x17,x27	 x17:0xf5c05cc2 x27:0x5c90c40b  x4=0x00000001
        2515000	       250	80000224	26bca113	slti	x2,x25,619	 x25:0xfd4e2f33  x2=0x00000001
        2525000	       251	80000228	418159b3	sra	x19,x2,x24	  x2:0x00000001 x24:0x02ddc13c x19=0x00000000
        2535000	       252	8000022c	fe22fd13	andi	x26,x5,-30	  x5:0x800001a8 x26=0x800001a0
        2545000	       253	80000230	006b4a63	blt	x22,x6,80000244	 x22:0x0000000c  x6:0xfa9c5e66
        2555000	       254	80000234	01707db3	and	x27,x0,x23	  x0:0x00000000 x23:0x800001ac x27=0x00000000
        2565000	       255	80000238	56b54e93	xori	x29,x10,1387	 x10:0x80000000 x29=0x8000056b
        2575000	       256	8000023c	00000013	addi	x0,x0,0	  x0:0x00000000
        2585000	       257	80000240	057ed063	bge	x29,x23,80000280	 x29:0x8000056b x23:0x800001ac
        2595000	       258	00000000	00000013	addi	x0,x0,0	  x0:0x00000000
        2605000	       259	8000027c	00000013	addi	x0,x0,0	  x0:0x00000000
        2615000	       260	80000280	01ede8b3	or	x17,x27,x30	 x27:0x00000000 x30:0x800001cc x17=0x800001cc
        2625000	       261	80000284	41460eb3	sub	x29,x12,x20	 x12:0xfc8d1202 x20:0x8000011c x29=0x7c8d10e6
        2635000	       262	80000288	492ea6b7	lui	x13,0x492ea	 x13=0x492ea000
        2645000	       263	8000028c	00effe63	bgeu	x31,x14,800002a8	 x31:0x80009f84 x14:0x800001a0
        2655000	       264	00000000	00000013	addi	x0,x0,0	  x0:0x00000000
        2665000	       265	800002a4	00000013	addi	x0,x0,0	  x0:0x00000000
        2675000	       266	800002a8	00c76333	or	x6,x14,x12	 x14:0x800001a0 x12:0xfc8d1202  x6=0xfc8d13a2
        2685000	       267	800002ac	40705333	sra	x6,x0,x7	  x0:0x00000000  x7:0x382885a1  x6=0x00000000
        2695000	       268	800002b0	000c9833	sll	x16,x25,x0	 x25:0xfd4e2f33  x0:0x00000000 x16=0xfd4e2f33
        2705000	       269	800002b4	00c43d33	sltu	x26,x8,x12	  x8:0xfa29bd57 x12:0xfc8d1202 x26=0x00000001
        2715000	       270	800002b8	020cea63	bltu	x25,x0,800002ec	 x25:0xfd4e2f33  x0:0x00000000
        2725000	       271	800002bc	417d5093	srai	x1,x26,0x17	 x26:0x00000001  x1=0x00000000
        2735000	       272	800002c0	02346663	bltu	x8,x3,800002ec	  x8:0xfa29bd57  x3:0x80000178
        2745000	       273	800002c4	00fdc0b3	xor	x1,x27,x15	 x27:0x00000000 x15:0x00000296  x1=0x00000296
        2755000	       274	800002c8	013507b3	add	x15,x10,x19	 x10:0x80000000 x19:0x00000000 x15=0x80000000
        2765000	       275	800002cc	018695b3	sll	x11,x13,x24	 x13:0x492ea000 x24:0x02ddc13c x11=0x00000000
        2775000	       276	800002d0	0180a433	slt	x8,x1,x24	  x1:0x00000296 x24:0x02ddc13c  x8=0x00000001
        2785000	       277	800002d4	031a8063	beq	x21,x17,800002f4	 x21:0x80009fc4 x17:0x800001cc
        2795000	       278	800002d8	021c1263	bne	x24,x1,800002fc	 x24:0x02ddc13c  x1:0x00000296
        2805000	       279	00000000	00000013	addi	x0,x0,0	  x0:0x00000000
        2815000	       280	800002f8	00000013	addi	x0,x0,0	  x0:0x00000000
        2825000	       281	800002fc	04609863	bne	x1,x6,8000034c	  x1:0x00000296  x6:0x00000000
        2835000	       282	00000000	00000013	addi	x0,x0,0	  x0:0x00000000
        2845000	       283	80000348	00000013	addi	x0,x0,0	  x0:0x00000000
        2855000	       284	8000034c	0149d533	srl	x10,x19,x20	 x19:0x00000000 x20:0x8000011c x10=0x00000000
        2865000	       285	80000350	00b2fbb3	and	x23,x5,x11	  x5:0x800001a8 x11:0x00000000 x23=0x00000000
        2875000	       286	80000354	00000013	addi	x0,x0,0	  x0:0x00000000
        2885000	       287	80000358	0124e633	or	x12,x9,x18	  x9:0x82df5218 x18:0x00000000 x12=0x82df5218
        2895000	       288	8000035c	01c914b3	sll	x9,x18,x28	 x18:0x00000000 x28:0x800001d0  x9=0x00000000
        2905000	       289	80000360	02b48663	beq	x9,x11,8000038c	  x9:0x00000000 x11:0x00000000
        2915000	       290	00000000	00000013	addi	x0,x0,0	  x0:0x00000000
        2925000	       291	80000388	00000013	addi	x0,x0,0	  x0:0x00000000
        2935000	       292	8000038c	0137d633	srl	x12,x15,x19	 x15:0x80000000 x19:0x00000000 x12=0x80000000
        2945000	       293	80000390	1008ce13	xori	x28,x17,256	 x17:0x800001cc x28=0x800000cc
        2955000	       294	80000394	01aaecb3	or	x25,x21,x26	 x21:0x80009fc4 x26:0x00000001 x25=0x80009fc5
        2965000	       295	80000398	01f59a13	slli	x20,x11,0x1f	 x11:0x00000000 x20=0x00000000
        2975000	       296	8000039c	028000ef	jal	x1,8000039c	  x1=0x8000039c
        2985000	       297	00000000	00000013	addi	x0,x0,0	  x0:0x00000000
        2995000	       298	800003c0	00000013	addi	x0,x0,0	  x0:0x00000000
        3005000	       299	800003c4	fe9ff1ef	jal	x3,800003c4	  x3=0x800003c4
        3015000	       300	00000000	00000013	addi	x0,x0,0	  x0:0x00000000
        3025000	       301	800003a8	00000013	addi	x0,x0,0	  x0:0x00000000
        3035000	       302	800003ac	058000ef	jal	x1,800003ac	  x1=0x800003ac
        3045000	       303	00000000	00000013	addi	x0,x0,0	  x0:0x00000000
        3055000	       304	80000400	00000013	addi	x0,x0,0	  x0:0x00000000
        3065000	       305	80000404	fc9ff0ef	jal	x1,80000404	  x1=0x80000404
        3075000	       306	00000000	00000013	addi	x0,x0,0	  x0:0x00000000
        3085000	       307	800003c8	00000013	addi	x0,x0,0	  x0:0x00000000
        3095000	       308	800003cc	010000ef	jal	x1,800003cc	  x1=0x800003cc
        3105000	       309	00000000	00000013	addi	x0,x0,0	  x0:0x00000000
        3115000	       310	800003d8	00000013	addi	x0,x0,0	  x0:0x00000000
        3125000	       311	800003dc	00c000ef	jal	x1,800003dc	  x1=0x800003dc
        3135000	       312	00000000	00000013	addi	x0,x0,0	  x0:0x00000000
        3145000	       313	800003e4	00000013	addi	x0,x0,0	  x0:0x00000000
        3155000	       314	800003e8	008000ef	jal	x1,800003e8	  x1=0x800003e8
        3165000	       315	00000000	00000013	addi	x0,x0,0	  x0:0x00000000
        3175000	       316	800003ec	00000013	addi	x0,x0,0	  x0:0x00000000
        3185000	       317	800003f0	fb5ff0ef	jal	x1,800003f0	  x1=0x800003f0
        3195000	       318	00000000	00000013	addi	x0,x0,0	  x0:0x00000000
        3205000	       319	800003a0	00000013	addi	x0,x0,0	  x0:0x00000000
        3215000	       320	800003a4	018000ef	jal	x1,800003a4	  x1=0x800003a4
        3225000	       321	00000000	00000013	addi	x0,x0,0	  x0:0x00000000
        3235000	       322	800003b8	00000013	addi	x0,x0,0	  x0:0x00000000
        3245000	       323	800003bc	0280036f	jal	x6,800003bc	  x6=0x800003bc
        3255000	       324	00000000	00000013	addi	x0,x0,0	  x0:0x00000000
        3265000	       325	800003e0	00000013	addi	x0,x0,0	  x0:0x00000000
        3275000	       326	800003e4	ff1ff2ef	jal	x5,800003e4	  x5=0x800003e4
        3285000	       327	00000000	00000013	addi	x0,x0,0	  x0:0x00000000
        3295000	       328	800003d0	00000013	addi	x0,x0,0	  x0:0x00000000
        3305000	       329	800003d4	0040036f	jal	x6,800003d4	  x6=0x800003d4
        3315000	       330	00000000	00000013	addi	x0,x0,0	  x0:0x00000000
        3325000	       331	800003d4	00000013	addi	x0,x0,0	  x0:0x00000000
        3335000	       332	800003d8	fe9ff0ef	jal	x1,800003d8	  x1=0x800003d8
        3345000	       333	00000000	00000013	addi	x0,x0,0	  x0:0x00000000
        3355000	       334	800003bc	00000013	addi	x0,x0,0	  x0:0x00000000
        3365000	       335	800003c0	040001ef	jal	x3,800003c0	  x3=0x800003c0
        3375000	       336	00000000	00000013	addi	x0,x0,0	  x0:0x00000000
        3385000	       337	800003fc	00000013	addi	x0,x0,0	  x0:0x00000000
        3395000	       338	80000400	fb5ffdef	jal	x27,80000400	 x27=0x80000400
        3405000	       339	00000000	00000013	addi	x0,x0,0	  x0:0x00000000
        3415000	       340	800003b0	00000013	addi	x0,x0,0	  x0:0x00000000
        3425000	       341	800003b4	fedff36f	jal	x6,800003b4	  x6=0x800003b4
        3435000	       342	00000000	00000013	addi	x0,x0,0	  x0:0x00000000
        3445000	       343	8000039c	00000013	addi	x0,x0,0	  x0:0x00000000
        3455000	       344	800003a0	058000ef	jal	x1,800003a0	  x1=0x800003a0
        3465000	       345	00000000	00000013	addi	x0,x0,0	  x0:0x00000000
        3475000	       346	800003f4	00000013	addi	x0,x0,0	  x0:0x00000000
        3485000	       347	800003f8	fc1ff36f	jal	x6,800003f8	  x6=0x800003f8
        3495000	       348	00000000	00000013	addi	x0,x0,0	  x0:0x00000000
        3505000	       349	800003b4	00000013	addi	x0,x0,0	  x0:0x00000000
        3515000	       350	800003b8	03c000ef	jal	x1,800003b8	  x1=0x800003b8
        3525000	       351	00000000	00000013	addi	x0,x0,0	  x0:0x00000000
        3535000	       352	800003f0	00000013	addi	x0,x0,0	  x0:0x00000000
        3545000	       353	800003f4	fbdff0ef	jal	x1,800003f4	  x1=0x800003f4
        3555000	       354	00000000	00000013	addi	x0,x0,0	  x0:0x00000000
        3565000	       355	800003ac	00000013	addi	x0,x0,0	  x0:0x00000000
        3575000	       356	800003b0	018001ef	jal	x3,800003b0	  x3=0x800003b0
        3585000	       357	00000000	00000013	addi	x0,x0,0	  x0:0x00000000
        3595000	       358	800003c4	00000013	addi	x0,x0,0	  x0:0x00000000
        3605000	       359	800003c8	0340036f	jal	x6,800003c8	  x6=0x800003c8
        3615000	       360	00000000	00000013	addi	x0,x0,0	  x0:0x00000000
        3625000	       361	800003f8	00000013	addi	x0,x0,0	  x0:0x00000000
        3635000	       362	800003fc	fd5ff7ef	jal	x15,800003fc	 x15=0x800003fc
        3645000	       363	00000000	00000013	addi	x0,x0,0	  x0:0x00000000
        3655000	       364	800003cc	00000013	addi	x0,x0,0	  x0:0x00000000
        3665000	       365	800003d0	0100036f	jal	x6,800003d0	  x6=0x800003d0
        3675000	       366	00000000	00000013	addi	x0,x0,0	  x0:0x00000000
        3685000	       367	800003dc	00000013	addi	x0,x0,0	  x0:0x00000000
        3695000	       368	800003e0	00c0036f	jal	x6,800003e0	  x6=0x800003e0
        3705000	       369	00000000	00000013	addi	x0,x0,0	  x0:0x00000000
        3715000	       370	800003e8	00000013	addi	x0,x0,0	  x0:0x00000000
        3725000	       371	800003ec	fbdff86f	jal	x16,800003ec	 x16=0x800003ec
        3735000	       372	00000000	00000013	addi	x0,x0,0	  x0:0x00000000
        3745000	       373	800003a4	00000013	addi	x0,x0,0	  x0:0x00000000
        3755000	       374	800003a8	060000ef	jal	x1,800003a8	  x1=0x800003a8
        3765000	       375	00000000	00000013	addi	x0,x0,0	  x0:0x00000000
        3775000	       376	80000404	00000013	addi	x0,x0,0	  x0:0x00000000
        3785000	       377	80000408	9e758393	addi	x7,x11,-1561	 x11:0x00000000  x7=0xfffff9e7
        3795000	       378	8000040c	00000013	addi	x0,x0,0	  x0:0x00000000
        3805000	       379	80000410	01c35e63	bge	x6,x28,8000042c	  x6:0x800003e0 x28:0x800000cc
        3815000	       380	00000000	00000013	addi	x0,x0,0	  x0:0x00000000
        3825000	       381	80000428	00000013	addi	x0,x0,0	  x0:0x00000000
        3835000	       382	8000042c	01d5a033	slt	x0,x11,x29	 x11:0x00000000 x29:0x7c8d10e6
        3845000	       383	80000430	e1d97c93	andi	x25,x18,-483	 x18:0x00000000 x25=0x00000000
        3855000	       384	80000434	008816b3	sll	x13,x16,x8	 x16:0x800003ec  x8:0x00000001 x13=0x000007d8
        3865000	       385	80000438	00e39e33	sll	x28,x7,x14	  x7:0xfffff9e7 x14:0x800001a0 x28=0xfffff9e7
        3875000	       386	8000043c	01fb1793	slli	x15,x22,0x1f	 x22:0x0000000c x15=0x00000000
        3885000	       387	80000440	00000013	addi	x0,x0,0	  x0:0x00000000
        3895000	       388	80000444	04498063	beq	x19,x4,80000484	 x19:0x00000000  x4:0x00000001
        3905000	       389	80000448	01da9e63	bne	x21,x29,80000464	 x21:0x80009fc4 x29:0x7c8d10e6
        3915000	       390	00000000	00000013	addi	x0,x0,0	  x0:0x00000000
        3925000	       391	80000460	00000013	addi	x0,x0,0	  x0:0x00000000
        3935000	       392	80000464	008659b3	srl	x19,x12,x8	 x12:0x80000000  x8:0x00000001 x19=0x40000000
        3945000	       393	80000468	40da8133	sub	x2,x21,x13	 x21:0x80009fc4 x13:0x000007d8  x2=0x800097ec
        3955000	       394	8000046c	01f6f033	and	x0,x13,x31	 x13:0x000007d8 x31:0x80009f84
        3965000	       395	80000470	bd663f13	sltiu	x30,x12,-1066	 x12:0x80000000 x30=0x00000001
        3975000	       396	80000474	00fb1f33	sll	x30,x22,x15	 x22:0x0000000c x15:0x00000000 x30=0x0000000c
        3985000	       397	80000478	00639233	sll	x4,x7,x6	  x7:0xfffff9e7  x6:0x800003e0  x4=0xfffff9e7
        3995000	       398	8000047c	41d35893	srai	x17,x6,0x1d	  x6:0x800003e0 x17=0xfffffffc
        4005000	       399	80000480	e00a7713	andi	x14,x20,-512	 x20:0x00000000 x14=0x00000000
        4015000	       400	80000484	0063fe63	bgeu	x7,x6,800004a0	  x7:0xfffff9e7  x6:0x800003e0
        4025000	       401	00000000	00000013	addi	x0,x0,0	  x0:0x00000000
        4035000	       402	8000049c	00000013	addi	x0,x0,0	  x0:0x00000000
        4045000	       403	800004a0	041e4663	blt	x28,x1,800004ec	 x28:0xfffff9e7  x1:0x800003a8
        4055000	       404	800004a4	01974a33	xor	x20,x14,x25	 x14:0x00000000 x25:0x00000000 x20=0x00000000
        4065000	       405	800004a8	0506f263	bgeu	x13,x16,800004ec	 x13:0x000007d8 x16:0x800003ec
        4075000	       406	800004ac	1fff0b13	addi	x22,x30,511	 x30:0x0000000c x22=0x0000020b
        4085000	       407	800004b0	0176feb3	and	x29,x13,x23	 x13:0x000007d8 x23:0x00000000 x29=0x00000000
        4095000	       408	800004b4	0042d293	srli	x5,x5,0x4	  x5:0x800003e4  x5=0x0800003e
        4105000	       409	800004b8	01134033	xor	x0,x6,x17	  x6:0x800003e0 x17:0xfffffffc
        4115000	       410	800004bc	002de133	or	x2,x27,x2	 x27:0x80000400  x2:0x800097ec  x2=0x800097ec
        4125000	       411	800004c0	00000317	auipc	x6,0x0	  x6=0x800004bc
        4135000	       412	800004c4	04430313	addi	x6,x6,68	  x6:0x800004bc  x6=0x80000500
        4145000	       413	800004c8	001c8a33	add	x20,x25,x1	 x25:0x00000000  x1:0x800003a8 x20=0x800003a8
        4155000	       414	800004cc	11530313	addi	x6,x6,277	  x6:0x80000500  x6=0x80000615
        4165000	       415	800004d0	0024d663	bge	x9,x2,800004dc	  x9:0x00000000  x2:0x800097ec
        4175000	       416	00000000	00000013	addi	x0,x0,0	  x0:0x00000000
        4185000	       417	800004d8	00000013	addi	x0,x0,0	  x0:0x00000000
        4195000	       418	800004dc	eec300e7	jalr	x1,x6,-276	  x6:0x80000615  x1=0x800004dc
        4205000	       419	00000000	00000013	addi	x0,x0,0	  x0:0x00000000
        4215000	       420	80000500	00000013	addi	x0,x0,0	  x0:0x00000000
        4225000	       421	80000504	00727663	bgeu	x4,x7,80000510	  x4:0xfffff9e7  x7:0xfffff9e7
        4235000	       422	00000000	00000013	addi	x0,x0,0	  x0:0x00000000
        4245000	       423	8000050c	00000013	addi	x0,x0,0	  x0:0x00000000
        4255000	       424	80000510	fe4f8f93	addi	x31,x31,-28	 x31:0x80009f84 x31=0x80009f68
        4265000	       425	80000514	68fbb313	sltiu	x6,x23,1679	 x23:0x00000000  x6=0x00000001
        4275000	       426	80000518	01cc3333	sltu	x6,x24,x28	 x24:0x02ddc13c x28:0xfffff9e7  x6=0x00000001
        4285000	       427	8000051c	001fa223	sw	x1,4(x31)	 x31:0x80009f68  x1:0x800004dc PA:0x80009f6c
        4295000	       428	80000520	01b2c6b3	xor	x13,x5,x27	  x5:0x0800003e x27:0x80000400 x13=0x8800043e
        4305000	       429	80000524	008000ef	jal	x1,80000524	  x1=0x80000524
        4315000	       430	00000000	00000013	addi	x0,x0,0	  x0:0x00000000
        4325000	       431	80000528	00000013	addi	x0,x0,0	  x0:0x00000000
        4335000	       432	8000052c	00c00f6f	jal	x30,8000052c	 x30=0x8000052c
        4345000	       433	00000000	00000013	addi	x0,x0,0	  x0:0x00000000
        4355000	       434	80000534	00000013	addi	x0,x0,0	  x0:0x00000000
        4365000	       435	80000538	0080036f	jal	x6,80000538	  x6=0x80000538
        4375000	       436	00000000	00000013	addi	x0,x0,0	  x0:0x00000000
        4385000	       437	8000053c	00000013	addi	x0,x0,0	  x0:0x00000000
        4395000	       438	80000540	ffdff0ef	jal	x1,80000540	  x1=0x80000540
        4405000	       439	00000000	00000013	addi	x0,x0,0	  x0:0x00000000
        4415000	       440	80000538	00000013	addi	x0,x0,0	  x0:0x00000000
        4425000	       441	8000053c	014000ef	jal	x1,8000053c	  x1=0x8000053c
        4435000	       442	00000000	00000013	addi	x0,x0,0	  x0:0x00000000
        4445000	       443	8000054c	00000013	addi	x0,x0,0	  x0:0x00000000
        4455000	       444	80000550	ffdff0ef	jal	x1,80000550	  x1=0x80000550
        4465000	       445	00000000	00000013	addi	x0,x0,0	  x0:0x00000000
        4475000	       446	80000548	00000013	addi	x0,x0,0	  x0:0x00000000
        4485000	       447	8000054c	fe5ff1ef	jal	x3,8000054c	  x3=0x8000054c
        4495000	       448	00000000	00000013	addi	x0,x0,0	  x0:0x00000000
        4505000	       449	8000052c	00000013	addi	x0,x0,0	  x0:0x00000000
        4515000	       450	80000530	014000ef	jal	x1,80000530	  x1=0x80000530
        4525000	       451	00000000	00000013	addi	x0,x0,0	  x0:0x00000000
        4535000	       452	80000540	00000013	addi	x0,x0,0	  x0:0x00000000
        4545000	       453	80000544	ff1ff0ef	jal	x1,80000544	  x1=0x80000544
        4555000	       454	00000000	00000013	addi	x0,x0,0	  x0:0x00000000
        4565000	       455	80000530	00000013	addi	x0,x0,0	  x0:0x00000000
        4575000	       456	80000534	ff5ff0ef	jal	x1,80000534	  x1=0x80000534
        4585000	       457	00000000	00000013	addi	x0,x0,0	  x0:0x00000000
        4595000	       458	80000524	00000013	addi	x0,x0,0	  x0:0x00000000
        4605000	       459	80000528	020000ef	jal	x1,80000528	  x1=0x80000528
        4615000	       460	00000000	00000013	addi	x0,x0,0	  x0:0x00000000
        4625000	       461	80000544	00000013	addi	x0,x0,0	  x0:0x00000000
        4635000	       462	80000548	00c0026f	jal	x4,80000548	  x4=0x80000548
        4645000	       463	00000000	00000013	addi	x0,x0,0	  x0:0x00000000
        4655000	       464	80000550	00000013	addi	x0,x0,0	  x0:0x00000000
        4665000	       465	80000554	e7557713	andi	x14,x10,-395	 x10:0x00000000 x14=0x00000000
        4675000	       466	80000558	00c000ef	jal	x1,80000558	  x1=0x80000558
        4685000	       467	00000000	00000013	addi	x0,x0,0	  x0:0x00000000
        4695000	       468	80000560	00000013	addi	x0,x0,0	  x0:0x00000000
        4705000	       469	80000564	030003ef	jal	x7,80000564	  x7=0x80000564
        4715000	       470	00000000	00000013	addi	x0,x0,0	  x0:0x00000000
        4725000	       471	80000590	00000013	addi	x0,x0,0	  x0:0x00000000
        4735000	       472	80000594	fe1ffc6f	jal	x24,80000594	 x24=0x80000594
        4745000	       473	00000000	00000013	addi	x0,x0,0	  x0:0x00000000
        4755000	       474	80000570	00000013	addi	x0,x0,0	  x0:0x00000000
        4765000	       475	80000574	01c0026f	jal	x4,80000574	  x4=0x80000574
        4775000	       476	00000000	00000013	addi	x0,x0,0	  x0:0x00000000
        4785000	       477	8000058c	00000013	addi	x0,x0,0	  x0:0x00000000
        4795000	       478	80000590	0200056f	jal	x10,80000590	 x10=0x80000590
        4805000	       479	00000000	00000013	addi	x0,x0,0	  x0:0x00000000
        4815000	       480	800005ac	00000013	addi	x0,x0,0	  x0:0x00000000
        4825000	       481	800005b0	fddff0ef	jal	x1,800005b0	  x1=0x800005b0
        4835000	       482	00000000	00000013	addi	x0,x0,0	  x0:0x00000000
        4845000	       483	80000588	00000013	addi	x0,x0,0	  x0:0x00000000
        4855000	       484	8000058c	fd1ff36f	jal	x6,8000058c	  x6=0x8000058c
        4865000	       485	00000000	00000013	addi	x0,x0,0	  x0:0x00000000
        4875000	       486	80000558	00000013	addi	x0,x0,0	  x0:0x00000000
        4885000	       487	8000055c	040000ef	jal	x1,8000055c	  x1=0x8000055c
        4895000	       488	00000000	00000013	addi	x0,x0,0	  x0:0x00000000
        4905000	       489	80000598	00000013	addi	x0,x0,0	  x0:0x00000000
        4915000	       490	8000059c	fcdff0ef	jal	x1,8000059c	  x1=0x8000059c
        4925000	       491	00000000	00000013	addi	x0,x0,0	  x0:0x00000000
        4935000	       492	80000564	00000013	addi	x0,x0,0	  x0:0x00000000
        4945000	       493	80000568	01400f6f	jal	x30,80000568	 x30=0x80000568
        4955000	       494	00000000	00000013	addi	x0,x0,0	  x0:0x00000000
        4965000	       495	80000578	00000013	addi	x0,x0,0	  x0:0x00000000
        4975000	       496	8000057c	01c000ef	jal	x1,8000057c	  x1=0x8000057c
        4985000	       497	00000000	00000013	addi	x0,x0,0	  x0:0x00000000
        4995000	       498	80000594	00000013	addi	x0,x0,0	  x0:0x00000000
        5005000	       499	80000598	fedff0ef	jal	x1,80000598	  x1=0x80000598
        5015000	       500	00000000	00000013	addi	x0,x0,0	  x0:0x00000000
        5025000	       501	80000580	00000013	addi	x0,x0,0	  x0:0x00000000
        5035000	       502	80000584	01c0036f	jal	x6,80000584	  x6=0x80000584
        5045000	       503	00000000	00000013	addi	x0,x0,0	  x0:0x00000000
        5055000	       504	8000059c	00000013	addi	x0,x0,0	  x0:0x00000000
        5065000	       505	800005a0	0040016f	jal	x2,800005a0	  x2=0x800005a0
        5075000	       506	00000000	00000013	addi	x0,x0,0	  x0:0x00000000
        5085000	       507	800005a0	00000013	addi	x0,x0,0	  x0:0x00000000
        5095000	       508	800005a4	fddff0ef	jal	x1,800005a4	  x1=0x800005a4
        5105000	       509	00000000	00000013	addi	x0,x0,0	  x0:0x00000000
        5115000	       510	8000057c	00000013	addi	x0,x0,0	  x0:0x00000000
        5125000	       511	80000580	fedff36f	jal	x6,80000580	  x6=0x80000580
        5135000	       512	00000000	00000013	addi	x0,x0,0	  x0:0x00000000
        5145000	       513	80000568	00000013	addi	x0,x0,0	  x0:0x00000000
        5155000	       514	8000056c	01c00a6f	jal	x20,8000056c	 x20=0x8000056c
        5165000	       515	00000000	00000013	addi	x0,x0,0	  x0:0x00000000
        5175000	       516	80000584	00000013	addi	x0,x0,0	  x0:0x00000000
        5185000	       517	80000588	024000ef	jal	x1,80000588	  x1=0x80000588
        5195000	       518	00000000	00000013	addi	x0,x0,0	  x0:0x00000000
        5205000	       519	800005a8	00000013	addi	x0,x0,0	  x0:0x00000000
        5215000	       520	800005ac	fb5ff0ef	jal	x1,800005ac	  x1=0x800005ac
        5225000	       521	00000000	00000013	addi	x0,x0,0	  x0:0x00000000
        5235000	       522	8000055c	00000013	addi	x0,x0,0	  x0:0x00000000
        5245000	       523	80000560	04800f6f	jal	x30,80000560	 x30=0x80000560
        5255000	       524	00000000	00000013	addi	x0,x0,0	  x0:0x00000000
        5265000	       525	800005a4	00000013	addi	x0,x0,0	  x0:0x00000000
        5275000	       526	800005a8	fd1ff0ef	jal	x1,800005a8	  x1=0x800005a8
        5285000	       527	00000000	00000013	addi	x0,x0,0	  x0:0x00000000
        5295000	       528	80000574	00000013	addi	x0,x0,0	  x0:0x00000000
        5305000	       529	80000578	ff9ff0ef	jal	x1,80000578	  x1=0x80000578
        5315000	       530	00000000	00000013	addi	x0,x0,0	  x0:0x00000000
        5325000	       531	8000056c	00000013	addi	x0,x0,0	  x0:0x00000000
        5335000	       532	80000570	04400bef	jal	x23,80000570	 x23=0x80000570
        5345000	       533	00000000	00000013	addi	x0,x0,0	  x0:0x00000000
        5355000	       534	800005b0	00000013	addi	x0,x0,0	  x0:0x00000000
        5365000	       535	800005b4	019ecf33	xor	x30,x29,x25	 x29:0x00000000 x25:0x00000000 x30=0x00000000
        5375000	       536	800005b8	010000ef	jal	x1,800005b8	  x1=0x800005b8
        5385000	       537	00000000	00000013	addi	x0,x0,0	  x0:0x00000000
        5395000	       538	800005c4	00000013	addi	x0,x0,0	  x0:0x00000000
        5405000	       539	800005c8	ffdff0ef	jal	x1,800005c8	  x1=0x800005c8
        5415000	       540	00000000	00000013	addi	x0,x0,0	  x0:0x00000000
        5425000	       541	800005c0	00000013	addi	x0,x0,0	  x0:0x00000000
        5435000	       542	800005c4	014007ef	jal	x15,800005c4	 x15=0x800005c4
        5445000	       543	00000000	00000013	addi	x0,x0,0	  x0:0x00000000
        5455000	       544	800005d4	00000013	addi	x0,x0,0	  x0:0x00000000
        5465000	       545	800005d8	004000ef	jal	x1,800005d8	  x1=0x800005d8
        5475000	       546	00000000	00000013	addi	x0,x0,0	  x0:0x00000000
        5485000	       547	800005d8	00000013	addi	x0,x0,0	  x0:0x00000000
        5495000	       548	800005dc	0240036f	jal	x6,800005dc	  x6=0x800005dc
        5505000	       549	00000000	00000013	addi	x0,x0,0	  x0:0x00000000
        5515000	       550	800005fc	00000013	addi	x0,x0,0	  x0:0x00000000
        5525000	       551	80000600	fcdff0ef	jal	x1,80000600	  x1=0x80000600
        5535000	       552	00000000	00000013	addi	x0,x0,0	  x0:0x00000000
        5545000	       553	800005c8	00000013	addi	x0,x0,0	  x0:0x00000000
        5555000	       554	800005cc	040000ef	jal	x1,800005cc	  x1=0x800005cc
        5565000	       555	00000000	00000013	addi	x0,x0,0	  x0:0x00000000
        5575000	       556	80000608	00000013	addi	x0,x0,0	  x0:0x00000000
        5585000	       557	8000060c	fc5ff0ef	jal	x1,8000060c	  x1=0x8000060c
        5595000	       558	00000000	00000013	addi	x0,x0,0	  x0:0x00000000
        5605000	       559	800005cc	00000013	addi	x0,x0,0	  x0:0x00000000
        5615000	       560	800005d0	ff1ff0ef	jal	x1,800005d0	  x1=0x800005d0
        5625000	       561	00000000	00000013	addi	x0,x0,0	  x0:0x00000000
        5635000	       562	800005bc	00000013	addi	x0,x0,0	  x0:0x00000000
        5645000	       563	800005c0	050000ef	jal	x1,800005c0	  x1=0x800005c0
        5655000	       564	00000000	00000013	addi	x0,x0,0	  x0:0x00000000
        5665000	       565	8000060c	00000013	addi	x0,x0,0	  x0:0x00000000
        5675000	       566	80000610	fddff0ef	jal	x1,80000610	  x1=0x80000610
        5685000	       567	00000000	00000013	addi	x0,x0,0	  x0:0x00000000
        5695000	       568	800005e8	00000013	addi	x0,x0,0	  x0:0x00000000
        5705000	       569	800005ec	0100036f	jal	x6,800005ec	  x6=0x800005ec
        5715000	       570	00000000	00000013	addi	x0,x0,0	  x0:0x00000000
        5725000	       571	800005f8	00000013	addi	x0,x0,0	  x0:0x00000000
        5735000	       572	800005fc	ffdff0ef	jal	x1,800005fc	  x1=0x800005fc
        5745000	       573	00000000	00000013	addi	x0,x0,0	  x0:0x00000000
        5755000	       574	800005f4	00000013	addi	x0,x0,0	  x0:0x00000000
        5765000	       575	800005f8	ffdff36f	jal	x6,800005f8	  x6=0x800005f8
        5775000	       576	00000000	00000013	addi	x0,x0,0	  x0:0x00000000
        5785000	       577	800005f0	00000013	addi	x0,x0,0	  x0:0x00000000
        5795000	       578	800005f4	fc9ff16f	jal	x2,800005f4	  x2=0x800005f4
        5805000	       579	00000000	00000013	addi	x0,x0,0	  x0:0x00000000
        5815000	       580	800005b8	00000013	addi	x0,x0,0	  x0:0x00000000
        5825000	       581	800005bc	04c0086f	jal	x16,800005bc	 x16=0x800005bc
        5835000	       582	00000000	00000013	addi	x0,x0,0	  x0:0x00000000
        5845000	       583	80000604	00000013	addi	x0,x0,0	  x0:0x00000000
        5855000	       584	80000608	fddffdef	jal	x27,80000608	 x27=0x80000608
        5865000	       585	00000000	00000013	addi	x0,x0,0	  x0:0x00000000
        5875000	       586	800005e0	00000013	addi	x0,x0,0	  x0:0x00000000
        5885000	       587	800005e4	00c0036f	jal	x6,800005e4	  x6=0x800005e4
        5895000	       588	00000000	00000013	addi	x0,x0,0	  x0:0x00000000
        5905000	       589	800005ec	00000013	addi	x0,x0,0	  x0:0x00000000
        5915000	       590	800005f0	ff9ff0ef	jal	x1,800005f0	  x1=0x800005f0
        5925000	       591	00000000	00000013	addi	x0,x0,0	  x0:0x00000000
        5935000	       592	800005e4	00000013	addi	x0,x0,0	  x0:0x00000000
        5945000	       593	800005e8	ff9ff0ef	jal	x1,800005e8	  x1=0x800005e8
        5955000	       594	00000000	00000013	addi	x0,x0,0	  x0:0x00000000
        5965000	       595	800005dc	00000013	addi	x0,x0,0	  x0:0x00000000
        5975000	       596	800005e0	024000ef	jal	x1,800005e0	  x1=0x800005e0
        5985000	       597	00000000	00000013	addi	x0,x0,0	  x0:0x00000000
        5995000	       598	80000600	00000013	addi	x0,x0,0	  x0:0x00000000
        6005000	       599	80000604	fd1ffcef	jal	x25,80000604	 x25=0x80000604
        6015000	       600	00000000	00000013	addi	x0,x0,0	  x0:0x00000000
        6025000	       601	800005d0	00000013	addi	x0,x0,0	  x0:0x00000000
        6035000	       602	800005d4	0400036f	jal	x6,800005d4	  x6=0x800005d4
        6045000	       603	00000000	00000013	addi	x0,x0,0	  x0:0x00000000
        6055000	       604	80000610	00000013	addi	x0,x0,0	  x0:0x00000000
        6065000	       605	80000614	0023fc33	and	x24,x7,x2	  x7:0x80000564  x2:0x800005f4 x24=0x80000564
        6075000	       606	80000618	044000ef	jal	x1,80000618	  x1=0x80000618
        6085000	       607	00000000	00000013	addi	x0,x0,0	  x0:0x00000000
        6095000	       608	80000658	00000013	addi	x0,x0,0	  x0:0x00000000
        6105000	       609	8000065c	ffdff0ef	jal	x1,8000065c	  x1=0x8000065c
        6115000	       610	00000000	00000013	addi	x0,x0,0	  x0:0x00000000
        6125000	       611	80000654	00000013	addi	x0,x0,0	  x0:0x00000000
        6135000	       612	80000658	ff1ff36f	jal	x6,80000658	  x6=0x80000658
        6145000	       613	00000000	00000013	addi	x0,x0,0	  x0:0x00000000
        6155000	       614	80000644	00000013	addi	x0,x0,0	  x0:0x00000000
        6165000	       615	80000648	fd5ff0ef	jal	x1,80000648	  x1=0x80000648
        6175000	       616	00000000	00000013	addi	x0,x0,0	  x0:0x00000000
        6185000	       617	80000618	00000013	addi	x0,x0,0	  x0:0x00000000
        6195000	       618	8000061c	008000ef	jal	x1,8000061c	  x1=0x8000061c
        6205000	       619	00000000	00000013	addi	x0,x0,0	  x0:0x00000000
        6215000	       620	80000620	00000013	addi	x0,x0,0	  x0:0x00000000
        6225000	       621	80000624	ffdff2ef	jal	x5,80000624	  x5=0x80000624
        6235000	       622	00000000	00000013	addi	x0,x0,0	  x0:0x00000000
        6245000	       623	8000061c	00000013	addi	x0,x0,0	  x0:0x00000000
        6255000	       624	80000620	03000b6f	jal	x22,80000620	 x22=0x80000620
        6265000	       625	00000000	00000013	addi	x0,x0,0	  x0:0x00000000
        6275000	       626	8000064c	00000013	addi	x0,x0,0	  x0:0x00000000
        6285000	       627	80000650	fddff0ef	jal	x1,80000650	  x1=0x80000650
        6295000	       628	00000000	00000013	addi	x0,x0,0	  x0:0x00000000
        6305000	       629	80000628	00000013	addi	x0,x0,0	  x0:0x00000000
        6315000	       630	8000062c	028004ef	jal	x9,8000062c	  x9=0x8000062c
        6325000	       631	00000000	00000013	addi	x0,x0,0	  x0:0x00000000
        6335000	       632	80000650	00000013	addi	x0,x0,0	  x0:0x00000000
        6345000	       633	80000654	fe9ff0ef	jal	x1,80000654	  x1=0x80000654
        6355000	       634	00000000	00000013	addi	x0,x0,0	  x0:0x00000000
        6365000	       635	80000638	00000013	addi	x0,x0,0	  x0:0x00000000
        6375000	       636	8000063c	ffdff5ef	jal	x11,8000063c	 x11=0x8000063c
        6385000	       637	00000000	00000013	addi	x0,x0,0	  x0:0x00000000
        6395000	       638	80000634	00000013	addi	x0,x0,0	  x0:0x00000000
        6405000	       639	80000638	0280036f	jal	x6,80000638	  x6=0x80000638
        6415000	       640	00000000	00000013	addi	x0,x0,0	  x0:0x00000000
        6425000	       641	8000065c	00000013	addi	x0,x0,0	  x0:0x00000000
        6435000	       642	80000660	fedff0ef	jal	x1,80000660	  x1=0x80000660
        6445000	       643	00000000	00000013	addi	x0,x0,0	  x0:0x00000000
        6455000	       644	80000648	00000013	addi	x0,x0,0	  x0:0x00000000
        6465000	       645	8000064c	ff5ffe6f	jal	x28,8000064c	 x28=0x8000064c
        6475000	       646	00000000	00000013	addi	x0,x0,0	  x0:0x00000000
        6485000	       647	8000063c	00000013	addi	x0,x0,0	  x0:0x00000000
        6495000	       648	80000640	ff5ff36f	jal	x6,80000640	  x6=0x80000640
        6505000	       649	00000000	00000013	addi	x0,x0,0	  x0:0x00000000
        6515000	       650	80000630	00000013	addi	x0,x0,0	  x0:0x00000000
        6525000	       651	80000634	ffdff0ef	jal	x1,80000634	  x1=0x80000634
        6535000	       652	00000000	00000013	addi	x0,x0,0	  x0:0x00000000
        6545000	       653	8000062c	00000013	addi	x0,x0,0	  x0:0x00000000
        6555000	       654	80000630	014000ef	jal	x1,80000630	  x1=0x80000630
        6565000	       655	00000000	00000013	addi	x0,x0,0	  x0:0x00000000
        6575000	       656	80000640	00000013	addi	x0,x0,0	  x0:0x00000000
        6585000	       657	80000644	fe5ff0ef	jal	x1,80000644	  x1=0x80000644
        6595000	       658	00000000	00000013	addi	x0,x0,0	  x0:0x00000000
        6605000	       659	80000624	00000013	addi	x0,x0,0	  x0:0x00000000
        6615000	       660	80000628	03c0056f	jal	x10,80000628	 x10=0x80000628
        6625000	       661	00000000	00000013	addi	x0,x0,0	  x0:0x00000000
        6635000	       662	80000660	00000013	addi	x0,x0,0	  x0:0x00000000
        6645000	       663	80000664	412ad113	srai	x2,x21,0x12	 x21:0x80009fc4  x2=0xffffe000
        6655000	       664	80000668	008000ef	jal	x1,80000668	  x1=0x80000668
        6665000	       665	00000000	00000013	addi	x0,x0,0	  x0:0x00000000
        6675000	       666	8000066c	00000013	addi	x0,x0,0	  x0:0x00000000
        6685000	       667	80000670	010000ef	jal	x1,80000670	  x1=0x80000670
        6695000	       668	00000000	00000013	addi	x0,x0,0	  x0:0x00000000
        6705000	       669	8000067c	00000013	addi	x0,x0,0	  x0:0x00000000
        6715000	       670	80000680	00c00c6f	jal	x24,80000680	 x24=0x80000680
        6725000	       671	00000000	00000013	addi	x0,x0,0	  x0:0x00000000
        6735000	       672	80000688	00000013	addi	x0,x0,0	  x0:0x00000000
        6745000	       673	8000068c	008000ef	jal	x1,8000068c	  x1=0x8000068c
        6755000	       674	00000000	00000013	addi	x0,x0,0	  x0:0x00000000
        6765000	       675	80000690	00000013	addi	x0,x0,0	  x0:0x00000000
        6775000	       676	80000694	0040036f	jal	x6,80000694	  x6=0x80000694
        6785000	       677	00000000	00000013	addi	x0,x0,0	  x0:0x00000000
        6795000	       678	80000694	00000013	addi	x0,x0,0	  x0:0x00000000
        6805000	       679	80000698	fe5ff8ef	jal	x17,80000698	 x17=0x80000698
        6815000	       680	00000000	00000013	addi	x0,x0,0	  x0:0x00000000
        6825000	       681	80000678	00000013	addi	x0,x0,0	  x0:0x00000000
        6835000	       682	8000067c	ffdff36f	jal	x6,8000067c	  x6=0x8000067c
        6845000	       683	00000000	00000013	addi	x0,x0,0	  x0:0x00000000
        6855000	       684	80000674	00000013	addi	x0,x0,0	  x0:0x00000000
        6865000	       685	80000678	00c000ef	jal	x1,80000678	  x1=0x80000678
        6875000	       686	00000000	00000013	addi	x0,x0,0	  x0:0x00000000
        6885000	       687	80000680	00000013	addi	x0,x0,0	  x0:0x00000000
        6895000	       688	80000684	00c001ef	jal	x3,80000684	  x3=0x80000684
        6905000	       689	00000000	00000013	addi	x0,x0,0	  x0:0x00000000
        6915000	       690	8000068c	00000013	addi	x0,x0,0	  x0:0x00000000
        6925000	       691	80000690	00c000ef	jal	x1,80000690	  x1=0x80000690
        6935000	       692	00000000	00000013	addi	x0,x0,0	  x0:0x00000000
        6945000	       693	80000698	00000013	addi	x0,x0,0	  x0:0x00000000
        6955000	       694	8000069c	fd1ff0ef	jal	x1,8000069c	  x1=0x8000069c
        6965000	       695	00000000	00000013	addi	x0,x0,0	  x0:0x00000000
        6975000	       696	80000668	00000013	addi	x0,x0,0	  x0:0x00000000
        6985000	       697	8000066c	034000ef	jal	x1,8000066c	  x1=0x8000066c
        6995000	       698	00000000	00000013	addi	x0,x0,0	  x0:0x00000000
        7005000	       699	8000069c	00000013	addi	x0,x0,0	  x0:0x00000000
        7015000	       700	800006a0	fe9ff0ef	jal	x1,800006a0	  x1=0x800006a0
        7025000	       701	00000000	00000013	addi	x0,x0,0	  x0:0x00000000
        7035000	       702	80000684	00000013	addi	x0,x0,0	  x0:0x00000000
        7045000	       703	80000688	fedffe6f	jal	x28,80000688	 x28=0x80000688
        7055000	       704	00000000	00000013	addi	x0,x0,0	  x0:0x00000000
        7065000	       705	80000670	00000013	addi	x0,x0,0	  x0:0x00000000
        7075000	       706	80000674	0300066f	jal	x12,80000674	 x12=0x80000674
        7085000	       707	00000000	00000013	addi	x0,x0,0	  x0:0x00000000
        7095000	       708	800006a0	00000013	addi	x0,x0,0	  x0:0x00000000
        7105000	       709	800006a4	3b918713	addi	x14,x3,953	  x3:0x80000684 x14=0x80000a3d
        7115000	       710	800006a8	030000ef	jal	x1,800006a8	  x1=0x800006a8
        7125000	       711	00000000	00000013	addi	x0,x0,0	  x0:0x00000000
        7135000	       712	800006d4	00000013	addi	x0,x0,0	  x0:0x00000000
        7145000	       713	800006d8	0040036f	jal	x6,800006d8	  x6=0x800006d8
        7155000	       714	00000000	00000013	addi	x0,x0,0	  x0:0x00000000
        7165000	       715	800006d8	00000013	addi	x0,x0,0	  x0:0x00000000
        7175000	       716	800006dc	fd9ff0ef	jal	x1,800006dc	  x1=0x800006dc
        7185000	       717	00000000	00000013	addi	x0,x0,0	  x0:0x00000000
        7195000	       718	800006b0	00000013	addi	x0,x0,0	  x0:0x00000000
        7205000	       719	800006b4	030007ef	jal	x15,800006b4	 x15=0x800006b4
        7215000	       720	00000000	00000013	addi	x0,x0,0	  x0:0x00000000
        7225000	       721	800006e0	00000013	addi	x0,x0,0	  x0:0x00000000
        7235000	       722	800006e4	ff1ff2ef	jal	x5,800006e4	  x5=0x800006e4
        7245000	       723	00000000	00000013	addi	x0,x0,0	  x0:0x00000000
        7255000	       724	800006d0	00000013	addi	x0,x0,0	  x0:0x00000000
        7265000	       725	800006d4	fe9ff1ef	jal	x3,800006d4	  x3=0x800006d4
        7275000	       726	00000000	00000013	addi	x0,x0,0	  x0:0x00000000
        7285000	       727	800006b8	00000013	addi	x0,x0,0	  x0:0x00000000
        7295000	       728	800006bc	ff1ff9ef	jal	x19,800006bc	 x19=0x800006bc
        7305000	       729	00000000	00000013	addi	x0,x0,0	  x0:0x00000000
        7315000	       730	800006a8	00000013	addi	x0,x0,0	  x0:0x00000000
        7325000	       731	800006ac	024000ef	jal	x1,800006ac	  x1=0x800006ac
        7335000	       732	00000000	00000013	addi	x0,x0,0	  x0:0x00000000
        7345000	       733	800006cc	00000013	addi	x0,x0,0	  x0:0x00000000
        7355000	       734	800006d0	ff5ff26f	jal	x4,800006d0	  x4=0x800006d0
        7365000	       735	00000000	00000013	addi	x0,x0,0	  x0:0x00000000
        7375000	       736	800006c0	00000013	addi	x0,x0,0	  x0:0x00000000
        7385000	       737	800006c4	ffdff0ef	jal	x1,800006c4	  x1=0x800006c4
        7395000	       738	00000000	00000013	addi	x0,x0,0	  x0:0x00000000
        7405000	       739	800006bc	00000013	addi	x0,x0,0	  x0:0x00000000
        7415000	       740	800006c0	02800eef	jal	x29,800006c0	 x29=0x800006c0
        7425000	       741	00000000	00000013	addi	x0,x0,0	  x0:0x00000000
        7435000	       742	800006e4	00000013	addi	x0,x0,0	  x0:0x00000000
        7445000	       743	800006e8	fe5ff0ef	jal	x1,800006e8	  x1=0x800006e8
        7455000	       744	00000000	00000013	addi	x0,x0,0	  x0:0x00000000
        7465000	       745	800006c8	00000013	addi	x0,x0,0	  x0:0x00000000
        7475000	       746	800006cc	fedff0ef	jal	x1,800006cc	  x1=0x800006cc
        7485000	       747	00000000	00000013	addi	x0,x0,0	  x0:0x00000000
        7495000	       748	800006b4	00000013	addi	x0,x0,0	  x0:0x00000000
        7505000	       749	800006b8	028000ef	jal	x1,800006b8	  x1=0x800006b8
        7515000	       750	00000000	00000013	addi	x0,x0,0	  x0:0x00000000
        7525000	       751	800006dc	00000013	addi	x0,x0,0	  x0:0x00000000
        7535000	       752	800006e0	fd1ff0ef	jal	x1,800006e0	  x1=0x800006e0
        7545000	       753	00000000	00000013	addi	x0,x0,0	  x0:0x00000000
        7555000	       754	800006ac	00000013	addi	x0,x0,0	  x0:0x00000000
        7565000	       755	800006b0	0180066f	jal	x12,800006b0	 x12=0x800006b0
        7575000	       756	00000000	00000013	addi	x0,x0,0	  x0:0x00000000
        7585000	       757	800006c4	00000013	addi	x0,x0,0	  x0:0x00000000
        7595000	       758	800006c8	0240036f	jal	x6,800006c8	  x6=0x800006c8
        7605000	       759	00000000	00000013	addi	x0,x0,0	  x0:0x00000000
        7615000	       760	800006e8	00000013	addi	x0,x0,0	  x0:0x00000000
        7625000	       761	800006ec	008c0033	add	x0,x24,x8	 x24:0x80000680  x8:0x00000001
        7635000	       762	800006f0	034000ef	jal	x1,800006f0	  x1=0x800006f0
        7645000	       763	00000000	00000013	addi	x0,x0,0	  x0:0x00000000
        7655000	       764	80000720	00000013	addi	x0,x0,0	  x0:0x00000000
        7665000	       765	80000724	fddff0ef	jal	x1,80000724	  x1=0x80000724
        7675000	       766	00000000	00000013	addi	x0,x0,0	  x0:0x00000000
        7685000	       767	800006fc	00000013	addi	x0,x0,0	  x0:0x00000000
        7695000	       768	80000700	004000ef	jal	x1,80000700	  x1=0x80000700
        7705000	       769	00000000	00000013	addi	x0,x0,0	  x0:0x00000000
        7715000	       770	80000700	00000013	addi	x0,x0,0	  x0:0x00000000
        7725000	       771	80000704	00c0036f	jal	x6,80000704	  x6=0x80000704
        7735000	       772	00000000	00000013	addi	x0,x0,0	  x0:0x00000000
        7745000	       773	8000070c	00000013	addi	x0,x0,0	  x0:0x00000000
        7755000	       774	80000710	fedff0ef	jal	x1,80000710	  x1=0x80000710
        7765000	       775	00000000	00000013	addi	x0,x0,0	  x0:0x00000000
        7775000	       776	800006f8	00000013	addi	x0,x0,0	  x0:0x00000000
        7785000	       777	800006fc	00c000ef	jal	x1,800006fc	  x1=0x800006fc
        7795000	       778	00000000	00000013	addi	x0,x0,0	  x0:0x00000000
        7805000	       779	80000704	00000013	addi	x0,x0,0	  x0:0x00000000
        7815000	       780	80000708	024002ef	jal	x5,80000708	  x5=0x80000708
        7825000	       781	00000000	00000013	addi	x0,x0,0	  x0:0x00000000
        7835000	       782	80000728	00000013	addi	x0,x0,0	  x0:0x00000000
        7845000	       783	8000072c	fc9ff76f	jal	x14,8000072c	 x14=0x8000072c
        7855000	       784	00000000	00000013	addi	x0,x0,0	  x0:0x00000000
        7865000	       785	800006f0	00000013	addi	x0,x0,0	  x0:0x00000000
        7875000	       786	800006f4	02c000ef	jal	x1,800006f4	  x1=0x800006f4
        7885000	       787	00000000	00000013	addi	x0,x0,0	  x0:0x00000000
        7895000	       788	8000071c	00000013	addi	x0,x0,0	  x0:0x00000000
        7905000	       789	80000720	fedff2ef	jal	x5,80000720	  x5=0x80000720
        7915000	       790	00000000	00000013	addi	x0,x0,0	  x0:0x00000000
        7925000	       791	80000708	00000013	addi	x0,x0,0	  x0:0x00000000
        7935000	       792	8000070c	fedff0ef	jal	x1,8000070c	  x1=0x8000070c
        7945000	       793	00000000	00000013	addi	x0,x0,0	  x0:0x00000000
        7955000	       794	800006f4	00000013	addi	x0,x0,0	  x0:0x00000000
        7965000	       795	800006f8	01c000ef	jal	x1,800006f8	  x1=0x800006f8
        7975000	       796	00000000	00000013	addi	x0,x0,0	  x0:0x00000000
        7985000	       797	80000710	00000013	addi	x0,x0,0	  x0:0x00000000
        7995000	       798	80000714	0040036f	jal	x6,80000714	  x6=0x80000714
        8005000	       799	00000000	00000013	addi	x0,x0,0	  x0:0x00000000
        8015000	       800	80000714	00000013	addi	x0,x0,0	  x0:0x00000000
        8025000	       801	80000718	0100036f	jal	x6,80000718	  x6=0x80000718
        8035000	       802	00000000	00000013	addi	x0,x0,0	  x0:0x00000000
        8045000	       803	80000724	00000013	addi	x0,x0,0	  x0:0x00000000
        8055000	       804	80000728	ff5ff36f	jal	x6,80000728	  x6=0x80000728
        8065000	       805	00000000	00000013	addi	x0,x0,0	  x0:0x00000000
        8075000	       806	80000718	00000013	addi	x0,x0,0	  x0:0x00000000
        8085000	       807	8000071c	014000ef	jal	x1,8000071c	  x1=0x8000071c
        8095000	       808	00000000	00000013	addi	x0,x0,0	  x0:0x00000000
        8105000	       809	8000072c	00000013	addi	x0,x0,0	  x0:0x00000000
        8115000	       810	80000730	00000013	addi	x0,x0,0	  x0:0x00000000
        8125000	       811	80000734	04c000ef	jal	x1,80000734	  x1=0x80000734
        8135000	       812	00000000	00000013	addi	x0,x0,0	  x0:0x00000000
        8145000	       813	8000077c	00000013	addi	x0,x0,0	  x0:0x00000000
        8155000	       814	80000780	fddff4ef	jal	x9,80000780	  x9=0x80000780
        8165000	       815	00000000	00000013	addi	x0,x0,0	  x0:0x00000000
        8175000	       816	80000758	00000013	addi	x0,x0,0	  x0:0x00000000
        8185000	       817	8000075c	02c0036f	jal	x6,8000075c	  x6=0x8000075c
        8195000	       818	00000000	00000013	addi	x0,x0,0	  x0:0x00000000
        8205000	       819	80000784	00000013	addi	x0,x0,0	  x0:0x00000000
        8215000	       820	80000788	fe5ff0ef	jal	x1,80000788	  x1=0x80000788
        8225000	       821	00000000	00000013	addi	x0,x0,0	  x0:0x00000000
        8235000	       822	80000768	00000013	addi	x0,x0,0	  x0:0x00000000
        8245000	       823	8000076c	fedff76f	jal	x14,8000076c	 x14=0x8000076c
        8255000	       824	00000000	00000013	addi	x0,x0,0	  x0:0x00000000
        8265000	       825	80000754	00000013	addi	x0,x0,0	  x0:0x00000000
        8275000	       826	80000758	fe1ff36f	jal	x6,80000758	  x6=0x80000758
        8285000	       827	00000000	00000013	addi	x0,x0,0	  x0:0x00000000
        8295000	       828	80000734	00000013	addi	x0,x0,0	  x0:0x00000000
        8305000	       829	80000738	0380036f	jal	x6,80000738	  x6=0x80000738
        8315000	       830	00000000	00000013	addi	x0,x0,0	  x0:0x00000000
        8325000	       831	8000076c	00000013	addi	x0,x0,0	  x0:0x00000000
        8335000	       832	80000770	fd1ff0ef	jal	x1,80000770	  x1=0x80000770
        8345000	       833	00000000	00000013	addi	x0,x0,0	  x0:0x00000000
        8355000	       834	8000073c	00000013	addi	x0,x0,0	  x0:0x00000000
        8365000	       835	80000740	0380036f	jal	x6,80000740	  x6=0x80000740
        8375000	       836	00000000	00000013	addi	x0,x0,0	  x0:0x00000000
        8385000	       837	80000774	00000013	addi	x0,x0,0	  x0:0x00000000
        8395000	       838	80000778	014003ef	jal	x7,80000778	  x7=0x80000778
        8405000	       839	00000000	00000013	addi	x0,x0,0	  x0:0x00000000
        8415000	       840	80000788	00000013	addi	x0,x0,0	  x0:0x00000000
        8425000	       841	8000078c	fc9ff0ef	jal	x1,8000078c	  x1=0x8000078c
        8435000	       842	00000000	00000013	addi	x0,x0,0	  x0:0x00000000
        8445000	       843	80000750	00000013	addi	x0,x0,0	  x0:0x00000000
        8455000	       844	80000754	00c000ef	jal	x1,80000754	  x1=0x80000754
        8465000	       845	00000000	00000013	addi	x0,x0,0	  x0:0x00000000
        8475000	       846	8000075c	00000013	addi	x0,x0,0	  x0:0x00000000
        8485000	       847	80000760	fedff36f	jal	x6,80000760	  x6=0x80000760
        8495000	       848	00000000	00000013	addi	x0,x0,0	  x0:0x00000000
        8505000	       849	80000748	00000013	addi	x0,x0,0	  x0:0x00000000
        8515000	       850	8000074c	028000ef	jal	x1,8000074c	  x1=0x8000074c
        8525000	       851	00000000	00000013	addi	x0,x0,0	  x0:0x00000000
        8535000	       852	80000770	00000013	addi	x0,x0,0	  x0:0x00000000
        8545000	       853	80000774	fd1ff0ef	jal	x1,80000774	  x1=0x80000774
        8555000	       854	00000000	00000013	addi	x0,x0,0	  x0:0x00000000
        8565000	       855	80000740	00000013	addi	x0,x0,0	  x0:0x00000000
        8575000	       856	80000744	00c000ef	jal	x1,80000744	  x1=0x80000744
        8585000	       857	00000000	00000013	addi	x0,x0,0	  x0:0x00000000
        8595000	       858	8000074c	00000013	addi	x0,x0,0	  x0:0x00000000
        8605000	       859	80000750	034000ef	jal	x1,80000750	  x1=0x80000750
        8615000	       860	00000000	00000013	addi	x0,x0,0	  x0:0x00000000
        8625000	       861	80000780	00000013	addi	x0,x0,0	  x0:0x00000000
        8635000	       862	80000784	fe5ffb6f	jal	x22,80000784	 x22=0x80000784
        8645000	       863	00000000	00000013	addi	x0,x0,0	  x0:0x00000000
        8655000	       864	80000764	00000013	addi	x0,x0,0	  x0:0x00000000
        8665000	       865	80000768	ffdffc6f	jal	x24,80000768	 x24=0x80000768
        8675000	       866	00000000	00000013	addi	x0,x0,0	  x0:0x00000000
        8685000	       867	80000760	00000013	addi	x0,x0,0	  x0:0x00000000
        8695000	       868	80000764	fd9ff1ef	jal	x3,80000764	  x3=0x80000764
        8705000	       869	00000000	00000013	addi	x0,x0,0	  x0:0x00000000
        8715000	       870	80000738	00000013	addi	x0,x0,0	  x0:0x00000000
        8725000	       871	8000073c	040009ef	jal	x19,8000073c	 x19=0x8000073c
        8735000	       872	00000000	00000013	addi	x0,x0,0	  x0:0x00000000
        8745000	       873	80000778	00000013	addi	x0,x0,0	  x0:0x00000000
        8755000	       874	8000077c	fcdff36f	jal	x6,8000077c	  x6=0x8000077c
        8765000	       875	00000000	00000013	addi	x0,x0,0	  x0:0x00000000
        8775000	       876	80000744	00000013	addi	x0,x0,0	  x0:0x00000000
        8785000	       877	80000748	048000ef	jal	x1,80000748	  x1=0x80000748
        8795000	       878	00000000	00000013	addi	x0,x0,0	  x0:0x00000000
        8805000	       879	8000078c	00000013	addi	x0,x0,0	  x0:0x00000000
        8815000	       880	80000790	9e15b413	sltiu	x8,x11,-1567	 x11:0x8000063c  x8=0x00000001
        8825000	       881	80000794	01c000ef	jal	x1,80000794	  x1=0x80000794
        8835000	       882	00000000	00000013	addi	x0,x0,0	  x0:0x00000000
        8845000	       883	800007ac	00000013	addi	x0,x0,0	  x0:0x00000000
        8855000	       884	800007b0	0240016f	jal	x2,800007b0	  x2=0x800007b0
        8865000	       885	00000000	00000013	addi	x0,x0,0	  x0:0x00000000
        8875000	       886	800007d0	00000013	addi	x0,x0,0	  x0:0x00000000
        8885000	       887	800007d4	fe5ffdef	jal	x27,800007d4	 x27=0x800007d4
        8895000	       888	00000000	00000013	addi	x0,x0,0	  x0:0x00000000
        8905000	       889	800007b4	00000013	addi	x0,x0,0	  x0:0x00000000
        8915000	       890	800007b8	fedff36f	jal	x6,800007b8	  x6=0x800007b8
        8925000	       891	00000000	00000013	addi	x0,x0,0	  x0:0x00000000
        8935000	       892	800007a0	00000013	addi	x0,x0,0	  x0:0x00000000
        8945000	       893	800007a4	018000ef	jal	x1,800007a4	  x1=0x800007a4
        8955000	       894	00000000	00000013	addi	x0,x0,0	  x0:0x00000000
        8965000	       895	800007b8	00000013	addi	x0,x0,0	  x0:0x00000000
        8975000	       896	800007bc	0240036f	jal	x6,800007bc	  x6=0x800007bc
        8985000	       897	00000000	00000013	addi	x0,x0,0	  x0:0x00000000
        8995000	       898	800007dc	00000013	addi	x0,x0,0	  x0:0x00000000
        9005000	       899	800007e0	fe5ff0ef	jal	x1,800007e0	  x1=0x800007e0
        9015000	       900	00000000	00000013	addi	x0,x0,0	  x0:0x00000000
        9025000	       901	800007c0	00000013	addi	x0,x0,0	  x0:0x00000000
        9035000	       902	800007c4	00c002ef	jal	x5,800007c4	  x5=0x800007c4
        9045000	       903	00000000	00000013	addi	x0,x0,0	  x0:0x00000000
        9055000	       904	800007cc	00000013	addi	x0,x0,0	  x0:0x00000000
        9065000	       905	800007d0	fd9ff66f	jal	x12,800007d0	 x12=0x800007d0
        9075000	       906	00000000	00000013	addi	x0,x0,0	  x0:0x00000000
        9085000	       907	800007a4	00000013	addi	x0,x0,0	  x0:0x00000000
        9095000	       908	800007a8	ff1ffe6f	jal	x28,800007a8	 x28=0x800007a8
        9105000	       909	00000000	00000013	addi	x0,x0,0	  x0:0x00000000
        9115000	       910	80000794	00000013	addi	x0,x0,0	  x0:0x00000000
        9125000	       911	80000798	0040036f	jal	x6,80000798	  x6=0x80000798
        9135000	       912	00000000	00000013	addi	x0,x0,0	  x0:0x00000000
        9145000	       913	80000798	00000013	addi	x0,x0,0	  x0:0x00000000
        9155000	       914	8000079c	018000ef	jal	x1,8000079c	  x1=0x8000079c
        9165000	       915	00000000	00000013	addi	x0,x0,0	  x0:0x00000000
        9175000	       916	800007b0	00000013	addi	x0,x0,0	  x0:0x00000000
        9185000	       917	800007b4	ff9ff36f	jal	x6,800007b4	  x6=0x800007b4
        9195000	       918	00000000	00000013	addi	x0,x0,0	  x0:0x00000000
        9205000	       919	800007a8	00000013	addi	x0,x0,0	  x0:0x00000000
        9215000	       920	800007ac	014001ef	jal	x3,800007ac	  x3=0x800007ac
        9225000	       921	00000000	00000013	addi	x0,x0,0	  x0:0x00000000
        9235000	       922	800007bc	00000013	addi	x0,x0,0	  x0:0x00000000
        9245000	       923	800007c0	0240036f	jal	x6,800007c0	  x6=0x800007c0
        9255000	       924	00000000	00000013	addi	x0,x0,0	  x0:0x00000000
        9265000	       925	800007e0	00000013	addi	x0,x0,0	  x0:0x00000000
        9275000	       926	800007e4	fbdff0ef	jal	x1,800007e4	  x1=0x800007e4
        9285000	       927	00000000	00000013	addi	x0,x0,0	  x0:0x00000000
        9295000	       928	8000079c	00000013	addi	x0,x0,0	  x0:0x00000000
        9305000	       929	800007a0	028000ef	jal	x1,800007a0	  x1=0x800007a0
        9315000	       930	00000000	00000013	addi	x0,x0,0	  x0:0x00000000
        9325000	       931	800007c4	00000013	addi	x0,x0,0	  x0:0x00000000
        9335000	       932	800007c8	01400bef	jal	x23,800007c8	 x23=0x800007c8
        9345000	       933	00000000	00000013	addi	x0,x0,0	  x0:0x00000000
        9355000	       934	800007d8	00000013	addi	x0,x0,0	  x0:0x00000000
        9365000	       935	800007dc	ff1ff0ef	jal	x1,800007dc	  x1=0x800007dc
        9375000	       936	00000000	00000013	addi	x0,x0,0	  x0:0x00000000
        9385000	       937	800007c8	00000013	addi	x0,x0,0	  x0:0x00000000
        9395000	       938	800007cc	00c000ef	jal	x1,800007cc	  x1=0x800007cc
        9405000	       939	00000000	00000013	addi	x0,x0,0	  x0:0x00000000
        9415000	       940	800007d4	00000013	addi	x0,x0,0	  x0:0x00000000
        9425000	       941	800007d8	010000ef	jal	x1,800007d8	  x1=0x800007d8
        9435000	       942	00000000	00000013	addi	x0,x0,0	  x0:0x00000000
        9445000	       943	800007e4	00000013	addi	x0,x0,0	  x0:0x00000000
        9455000	       944	800007e8	01d69493	slli	x9,x13,0x1d	 x13:0x8800043e  x9=0xc0000000
        9465000	       945	800007ec	030000ef	jal	x1,800007ec	  x1=0x800007ec
        9475000	       946	00000000	00000013	addi	x0,x0,0	  x0:0x00000000
        9485000	       947	80000818	00000013	addi	x0,x0,0	  x0:0x00000000
        9495000	       948	8000081c	ff5ff36f	jal	x6,8000081c	  x6=0x8000081c
        9505000	       949	00000000	00000013	addi	x0,x0,0	  x0:0x00000000
        9515000	       950	8000080c	00000013	addi	x0,x0,0	  x0:0x00000000
        9525000	       951	80000810	ffdff0ef	jal	x1,80000810	  x1=0x80000810
        9535000	       952	00000000	00000013	addi	x0,x0,0	  x0:0x00000000
        9545000	       953	80000808	00000013	addi	x0,x0,0	  x0:0x00000000
        9555000	       954	8000080c	008000ef	jal	x1,8000080c	  x1=0x8000080c
        9565000	       955	00000000	00000013	addi	x0,x0,0	  x0:0x00000000
        9575000	       956	80000810	00000013	addi	x0,x0,0	  x0:0x00000000
        9585000	       957	80000814	fe1ff0ef	jal	x1,80000814	  x1=0x80000814
        9595000	       958	00000000	00000013	addi	x0,x0,0	  x0:0x00000000
        9605000	       959	800007f0	00000013	addi	x0,x0,0	  x0:0x00000000
        9615000	       960	800007f4	014006ef	jal	x13,800007f4	 x13=0x800007f4
        9625000	       961	00000000	00000013	addi	x0,x0,0	  x0:0x00000000
        9635000	       962	80000804	00000013	addi	x0,x0,0	  x0:0x00000000
        9645000	       963	80000808	ff1ff36f	jal	x6,80000808	  x6=0x80000808
        9655000	       964	00000000	00000013	addi	x0,x0,0	  x0:0x00000000
        9665000	       965	800007f4	00000013	addi	x0,x0,0	  x0:0x00000000
        9675000	       966	800007f8	004000ef	jal	x1,800007f8	  x1=0x800007f8
        9685000	       967	00000000	00000013	addi	x0,x0,0	  x0:0x00000000
        9695000	       968	800007f8	00000013	addi	x0,x0,0	  x0:0x00000000
        9705000	       969	800007fc	0300036f	jal	x6,800007fc	  x6=0x800007fc
        9715000	       970	00000000	00000013	addi	x0,x0,0	  x0:0x00000000
        9725000	       971	80000828	00000013	addi	x0,x0,0	  x0:0x00000000
        9735000	       972	8000082c	fedff36f	jal	x6,8000082c	  x6=0x8000082c
        9745000	       973	00000000	00000013	addi	x0,x0,0	  x0:0x00000000
        9755000	       974	80000814	00000013	addi	x0,x0,0	  x0:0x00000000
        9765000	       975	80000818	fe9ff0ef	jal	x1,80000818	  x1=0x80000818
        9775000	       976	00000000	00000013	addi	x0,x0,0	  x0:0x00000000
        9785000	       977	800007fc	00000013	addi	x0,x0,0	  x0:0x00000000
        9795000	       978	80000800	0240036f	jal	x6,80000800	  x6=0x80000800
        9805000	       979	00000000	00000013	addi	x0,x0,0	  x0:0x00000000
        9815000	       980	80000820	00000013	addi	x0,x0,0	  x0:0x00000000
        9825000	       981	80000824	004000ef	jal	x1,80000824	  x1=0x80000824
        9835000	       982	00000000	00000013	addi	x0,x0,0	  x0:0x00000000
        9845000	       983	80000824	00000013	addi	x0,x0,0	  x0:0x00000000
        9855000	       984	80000828	fddff36f	jal	x6,80000828	  x6=0x80000828
        9865000	       985	00000000	00000013	addi	x0,x0,0	  x0:0x00000000
        9875000	       986	80000800	00000013	addi	x0,x0,0	  x0:0x00000000
        9885000	       987	80000804	01c0026f	jal	x4,80000804	  x4=0x80000804
        9895000	       988	00000000	00000013	addi	x0,x0,0	  x0:0x00000000
        9905000	       989	8000081c	00000013	addi	x0,x0,0	  x0:0x00000000
        9915000	       990	80000820	fd1ff8ef	jal	x17,80000820	 x17=0x80000820
        9925000	       991	00000000	00000013	addi	x0,x0,0	  x0:0x00000000
        9935000	       992	800007ec	00000013	addi	x0,x0,0	  x0:0x00000000
        9945000	       993	800007f0	0400036f	jal	x6,800007f0	  x6=0x800007f0
        9955000	       994	00000000	00000013	addi	x0,x0,0	  x0:0x00000000
        9965000	       995	8000082c	00000013	addi	x0,x0,0	  x0:0x00000000
        9975000	       996	80000830	013f8333	add	x6,x31,x19	 x31:0x80009f68 x19:0x8000073c  x6=0x0000a6a4
        9985000	       997	80000834	04c000ef	jal	x1,80000834	  x1=0x80000834
        9995000	       998	00000000	00000013	addi	x0,x0,0	  x0:0x00000000
       10005000	       999	8000087c	00000013	addi	x0,x0,0	  x0:0x00000000
       10015000	      1000	80000880	ff9ff36f	jal	x6,80000880	  x6=0x80000880
       10025000	      1001	00000000	00000013	addi	x0,x0,0	  x0:0x00000000
       10035000	      1002	80000874	00000013	addi	x0,x0,0	  x0:0x00000000
       10045000	      1003	80000878	fc1ff0ef	jal	x1,80000878	  x1=0x80000878
       10055000	      1004	00000000	00000013	addi	x0,x0,0	  x0:0x00000000
       10065000	      1005	80000834	00000013	addi	x0,x0,0	  x0:0x00000000
       10075000	      1006	80000838	024000ef	jal	x1,80000838	  x1=0x80000838
       10085000	      1007	00000000	00000013	addi	x0,x0,0	  x0:0x00000000
       10095000	      1008	80000858	00000013	addi	x0,x0,0	  x0:0x00000000
       10105000	      1009	8000085c	020002ef	jal	x5,8000085c	  x5=0x8000085c
       10115000	      1010	00000000	00000013	addi	x0,x0,0	  x0:0x00000000
       10125000	      1011	80000878	00000013	addi	x0,x0,0	  x0:0x00000000
       10135000	      1012	8000087c	fcdffc6f	jal	x24,8000087c	 x24=0x8000087c
       10145000	      1013	00000000	00000013	addi	x0,x0,0	  x0:0x00000000
       10155000	      1014	80000844	00000013	addi	x0,x0,0	  x0:0x00000000
       10165000	      1015	80000848	02c0086f	jal	x16,80000848	 x16=0x80000848
       10175000	      1016	00000000	00000013	addi	x0,x0,0	  x0:0x00000000
       10185000	      1017	80000870	00000013	addi	x0,x0,0	  x0:0x00000000
       10195000	      1018	80000874	ff5ff26f	jal	x4,80000874	  x4=0x80000874
       10205000	      1019	00000000	00000013	addi	x0,x0,0	  x0:0x00000000
       10215000	      1020	80000864	00000013	addi	x0,x0,0	  x0:0x00000000
       10225000	      1021	80000868	ff9ff36f	jal	x6,80000868	  x6=0x80000868
       10235000	      1022	00000000	00000013	addi	x0,x0,0	  x0:0x00000000
       10245000	      1023	8000085c	00000013	addi	x0,x0,0	  x0:0x00000000
       10255000	      1024	80000860	ff9ff0ef	jal	x1,80000860	  x1=0x80000860
       10265000	      1025	00000000	00000013	addi	x0,x0,0	  x0:0x00000000
       10275000	      1026	80000854	00000013	addi	x0,x0,0	  x0:0x00000000
       10285000	      1027	80000858	fedff2ef	jal	x5,80000858	  x5=0x80000858
       10295000	      1028	00000000	00000013	addi	x0,x0,0	  x0:0x00000000
       10305000	      1029	80000840	00000013	addi	x0,x0,0	  x0:0x00000000
       10315000	      1030	80000844	ff9ff0ef	jal	x1,80000844	  x1=0x80000844
       10325000	      1031	00000000	00000013	addi	x0,x0,0	  x0:0x00000000
       10335000	      1032	80000838	00000013	addi	x0,x0,0	  x0:0x00000000
       10345000	      1033	8000083c	030000ef	jal	x1,8000083c	  x1=0x8000083c
       10355000	      1034	00000000	00000013	addi	x0,x0,0	  x0:0x00000000
       10365000	      1035	80000868	00000013	addi	x0,x0,0	  x0:0x00000000
       10375000	      1036	8000086c	fe9ff36f	jal	x6,8000086c	  x6=0x8000086c
       10385000	      1037	00000000	00000013	addi	x0,x0,0	  x0:0x00000000
       10395000	      1038	80000850	00000013	addi	x0,x0,0	  x0:0x00000000
       10405000	      1039	80000854	ff9ff0ef	jal	x1,80000854	  x1=0x80000854
       10415000	      1040	00000000	00000013	addi	x0,x0,0	  x0:0x00000000
       10425000	      1041	80000848	00000013	addi	x0,x0,0	  x0:0x00000000
       10435000	      1042	8000084c	0180036f	jal	x6,8000084c	  x6=0x8000084c
       10445000	      1043	00000000	00000013	addi	x0,x0,0	  x0:0x00000000
       10455000	      1044	80000860	00000013	addi	x0,x0,0	  x0:0x00000000
       10465000	      1045	80000864	fedff0ef	jal	x1,80000864	  x1=0x80000864
       10475000	      1046	00000000	00000013	addi	x0,x0,0	  x0:0x00000000
       10485000	      1047	8000084c	00000013	addi	x0,x0,0	  x0:0x00000000
       10495000	      1048	80000850	ff1ff36f	jal	x6,80000850	  x6=0x80000850
       10505000	      1049	00000000	00000013	addi	x0,x0,0	  x0:0x00000000
       10515000	      1050	8000083c	00000013	addi	x0,x0,0	  x0:0x00000000
       10525000	      1051	80000840	030005ef	jal	x11,80000840	 x11=0x80000840
       10535000	      1052	00000000	00000013	addi	x0,x0,0	  x0:0x00000000
       10545000	      1053	8000086c	00000013	addi	x0,x0,0	  x0:0x00000000
       10555000	      1054	80000870	0140036f	jal	x6,80000870	  x6=0x80000870
       10565000	      1055	00000000	00000013	addi	x0,x0,0	  x0:0x00000000
       10575000	      1056	80000880	00000013	addi	x0,x0,0	  x0:0x00000000
       10585000	      1057	80000884	4027d0b3	sra	x1,x15,x2	 x15:0x800006b4  x2:0x800007b0  x1=0xffff8000
       10595000	      1058	80000888	040000ef	jal	x1,80000888	  x1=0x80000888
       10605000	      1059	00000000	00000013	addi	x0,x0,0	  x0:0x00000000
       10615000	      1060	800008c4	00000013	addi	x0,x0,0	  x0:0x00000000
       10625000	      1061	800008c8	ff9ff0ef	jal	x1,800008c8	  x1=0x800008c8
       10635000	      1062	00000000	00000013	addi	x0,x0,0	  x0:0x00000000
       10645000	      1063	800008bc	00000013	addi	x0,x0,0	  x0:0x00000000
       10655000	      1064	800008c0	fe1ffeef	jal	x29,800008c0	 x29=0x800008c0
       10665000	      1065	00000000	00000013	addi	x0,x0,0	  x0:0x00000000
       10675000	      1066	8000089c	00000013	addi	x0,x0,0	  x0:0x00000000
       10685000	      1067	800008a0	ff1ff0ef	jal	x1,800008a0	  x1=0x800008a0
       10695000	      1068	00000000	00000013	addi	x0,x0,0	  x0:0x00000000
       10705000	      1069	8000088c	00000013	addi	x0,x0,0	  x0:0x00000000
       10715000	      1070	80000890	044000ef	jal	x1,80000890	  x1=0x80000890
       10725000	      1071	00000000	00000013	addi	x0,x0,0	  x0:0x00000000
       10735000	      1072	800008d0	00000013	addi	x0,x0,0	  x0:0x00000000
       10745000	      1073	800008d4	fe1ff0ef	jal	x1,800008d4	  x1=0x800008d4
       10755000	      1074	00000000	00000013	addi	x0,x0,0	  x0:0x00000000
       10765000	      1075	800008b0	00000013	addi	x0,x0,0	  x0:0x00000000
       10775000	      1076	800008b4	024000ef	jal	x1,800008b4	  x1=0x800008b4
       10785000	      1077	00000000	00000013	addi	x0,x0,0	  x0:0x00000000
       10795000	      1078	800008d4	00000013	addi	x0,x0,0	  x0:0x00000000
       10805000	      1079	800008d8	ff5ffc6f	jal	x24,800008d8	 x24=0x800008d8
       10815000	      1080	00000000	00000013	addi	x0,x0,0	  x0:0x00000000
       10825000	      1081	800008c8	00000013	addi	x0,x0,0	  x0:0x00000000
       10835000	      1082	800008cc	fe1ff1ef	jal	x3,800008cc	  x3=0x800008cc
       10845000	      1083	00000000	00000013	addi	x0,x0,0	  x0:0x00000000
       10855000	      1084	800008a8	00000013	addi	x0,x0,0	  x0:0x00000000
       10865000	      1085	800008ac	ff9ff0ef	jal	x1,800008ac	  x1=0x800008ac
       10875000	      1086	00000000	00000013	addi	x0,x0,0	  x0:0x00000000
       10885000	      1087	800008a0	00000013	addi	x0,x0,0	  x0:0x00000000
       10895000	      1088	800008a4	01400f6f	jal	x30,800008a4	 x30=0x800008a4
       10905000	      1089	00000000	00000013	addi	x0,x0,0	  x0:0x00000000
       10915000	      1090	800008b4	00000013	addi	x0,x0,0	  x0:0x00000000
       10925000	      1091	800008b8	fd5ff6ef	jal	x13,800008b8	 x13=0x800008b8
       10935000	      1092	00000000	00000013	addi	x0,x0,0	  x0:0x00000000
       10945000	      1093	80000888	00000013	addi	x0,x0,0	  x0:0x00000000
       10955000	      1094	8000088c	00c000ef	jal	x1,8000088c	  x1=0x8000088c
       10965000	      1095	00000000	00000013	addi	x0,x0,0	  x0:0x00000000
       10975000	      1096	80000894	00000013	addi	x0,x0,0	  x0:0x00000000
       10985000	      1097	80000898	0100036f	jal	x6,80000898	  x6=0x80000898
       10995000	      1098	00000000	00000013	addi	x0,x0,0	  x0:0x00000000
       11005000	      1099	800008a4	00000013	addi	x0,x0,0	  x0:0x00000000
       11015000	      1100	800008a8	02800b6f	jal	x22,800008a8	 x22=0x800008a8
       11025000	      1101	00000000	00000013	addi	x0,x0,0	  x0:0x00000000
       11035000	      1102	800008cc	00000013	addi	x0,x0,0	  x0:0x00000000
       11045000	      1103	800008d0	ff5ff7ef	jal	x15,800008d0	 x15=0x800008d0
       11055000	      1104	00000000	00000013	addi	x0,x0,0	  x0:0x00000000
       11065000	      1105	800008c0	00000013	addi	x0,x0,0	  x0:0x00000000
       11075000	      1106	800008c4	fd1ff36f	jal	x6,800008c4	  x6=0x800008c4
       11085000	      1107	00000000	00000013	addi	x0,x0,0	  x0:0x00000000
       11095000	      1108	80000890	00000013	addi	x0,x0,0	  x0:0x00000000
       11105000	      1109	80000894	028000ef	jal	x1,80000894	  x1=0x80000894
       11115000	      1110	00000000	00000013	addi	x0,x0,0	  x0:0x00000000
       11125000	      1111	800008b8	00000013	addi	x0,x0,0	  x0:0x00000000
       11135000	      1112	800008bc	fe1ff1ef	jal	x3,800008bc	  x3=0x800008bc
       11145000	      1113	00000000	00000013	addi	x0,x0,0	  x0:0x00000000
       11155000	      1114	80000898	00000013	addi	x0,x0,0	  x0:0x00000000
       11165000	      1115	8000089c	014000ef	jal	x1,8000089c	  x1=0x8000089c
       11175000	      1116	00000000	00000013	addi	x0,x0,0	  x0:0x00000000
       11185000	      1117	800008ac	00000013	addi	x0,x0,0	  x0:0x00000000
       11195000	      1118	800008b0	02c008ef	jal	x17,800008b0	 x17=0x800008b0
       11205000	      1119	00000000	00000013	addi	x0,x0,0	  x0:0x00000000
       11215000	      1120	800008d8	00000013	addi	x0,x0,0	  x0:0x00000000
       11225000	      1121	800008dc	c178c593	xori	x11,x17,-1001	 x17:0x800008b0 x11=0x7ffff4a7
       11235000	      1122	800008e0	004000ef	jal	x1,800008e0	  x1=0x800008e0
       11245000	      1123	00000000	00000013	addi	x0,x0,0	  x0:0x00000000
       11255000	      1124	800008e0	00000013	addi	x0,x0,0	  x0:0x00000000
       11265000	      1125	800008e4	0100026f	jal	x4,800008e4	  x4=0x800008e4
       11275000	      1126	00000000	00000013	addi	x0,x0,0	  x0:0x00000000
       11285000	      1127	800008f0	00000013	addi	x0,x0,0	  x0:0x00000000
       11295000	      1128	800008f4	008000ef	jal	x1,800008f4	  x1=0x800008f4
       11305000	      1129	00000000	00000013	addi	x0,x0,0	  x0:0x00000000
       11315000	      1130	800008f8	00000013	addi	x0,x0,0	  x0:0x00000000
       11325000	      1131	800008fc	ff1ff0ef	jal	x1,800008fc	  x1=0x800008fc
       11335000	      1132	00000000	00000013	addi	x0,x0,0	  x0:0x00000000
       11345000	      1133	800008e8	00000013	addi	x0,x0,0	  x0:0x00000000
       11355000	      1134	800008ec	01c000ef	jal	x1,800008ec	  x1=0x800008ec
       11365000	      1135	00000000	00000013	addi	x0,x0,0	  x0:0x00000000
       11375000	      1136	80000904	00000013	addi	x0,x0,0	  x0:0x00000000
       11385000	      1137	80000908	fe9ff0ef	jal	x1,80000908	  x1=0x80000908
       11395000	      1138	00000000	00000013	addi	x0,x0,0	  x0:0x00000000
       11405000	      1139	800008ec	00000013	addi	x0,x0,0	  x0:0x00000000
       11415000	      1140	800008f0	01c000ef	jal	x1,800008f0	  x1=0x800008f0
       11425000	      1141	00000000	00000013	addi	x0,x0,0	  x0:0x00000000
       11435000	      1142	80000908	00000013	addi	x0,x0,0	  x0:0x00000000
       11445000	      1143	8000090c	fddff0ef	jal	x1,8000090c	  x1=0x8000090c
       11455000	      1144	00000000	00000013	addi	x0,x0,0	  x0:0x00000000
       11465000	      1145	800008e4	00000013	addi	x0,x0,0	  x0:0x00000000
       11475000	      1146	800008e8	01c000ef	jal	x1,800008e8	  x1=0x800008e8
       11485000	      1147	00000000	00000013	addi	x0,x0,0	  x0:0x00000000
       11495000	      1148	80000900	00000013	addi	x0,x0,0	  x0:0x00000000
       11505000	      1149	80000904	ff5ff0ef	jal	x1,80000904	  x1=0x80000904
       11515000	      1150	00000000	00000013	addi	x0,x0,0	  x0:0x00000000
       11525000	      1151	800008f4	00000013	addi	x0,x0,0	  x0:0x00000000
       11535000	      1152	800008f8	0080036f	jal	x6,800008f8	  x6=0x800008f8
       11545000	      1153	00000000	00000013	addi	x0,x0,0	  x0:0x00000000
       11555000	      1154	800008fc	00000013	addi	x0,x0,0	  x0:0x00000000
       11565000	      1155	80000900	01000d6f	jal	x26,80000900	 x26=0x80000900
       11575000	      1156	00000000	00000013	addi	x0,x0,0	  x0:0x00000000
       11585000	      1157	8000090c	00000013	addi	x0,x0,0	  x0:0x00000000
       11595000	      1158	80000910	eed8bb93	sltiu	x23,x17,-275	 x17:0x800008b0 x23=0x00000001
       11605000	      1159	80000914	02c000ef	jal	x1,80000914	  x1=0x80000914
       11615000	      1160	00000000	00000013	addi	x0,x0,0	  x0:0x00000000
       11625000	      1161	8000093c	00000013	addi	x0,x0,0	  x0:0x00000000
       11635000	      1162	80000940	ffdff0ef	jal	x1,80000940	  x1=0x80000940
       11645000	      1163	00000000	00000013	addi	x0,x0,0	  x0:0x00000000
       11655000	      1164	80000938	00000013	addi	x0,x0,0	  x0:0x00000000
       11665000	      1165	8000093c	fe1ff0ef	jal	x1,8000093c	  x1=0x8000093c
       11675000	      1166	00000000	00000013	addi	x0,x0,0	  x0:0x00000000
       11685000	      1167	80000918	00000013	addi	x0,x0,0	  x0:0x00000000
       11695000	      1168	8000091c	03800c6f	jal	x24,8000091c	 x24=0x8000091c
       11705000	      1169	00000000	00000013	addi	x0,x0,0	  x0:0x00000000
       11715000	      1170	80000950	00000013	addi	x0,x0,0	  x0:0x00000000
       11725000	      1171	80000954	fe5ff36f	jal	x6,80000954	  x6=0x80000954
       11735000	      1172	00000000	00000013	addi	x0,x0,0	  x0:0x00000000
       11745000	      1173	80000934	00000013	addi	x0,x0,0	  x0:0x00000000
       11755000	      1174	80000938	0180036f	jal	x6,80000938	  x6=0x80000938
       11765000	      1175	00000000	00000013	addi	x0,x0,0	  x0:0x00000000
       11775000	      1176	8000094c	00000013	addi	x0,x0,0	  x0:0x00000000
       11785000	      1177	80000950	014008ef	jal	x17,80000950	 x17=0x80000950
       11795000	      1178	00000000	00000013	addi	x0,x0,0	  x0:0x00000000
       11805000	      1179	80000960	00000013	addi	x0,x0,0	  x0:0x00000000
       11815000	      1180	80000964	fcdffe6f	jal	x28,80000964	 x28=0x80000964
       11825000	      1181	00000000	00000013	addi	x0,x0,0	  x0:0x00000000
       11835000	      1182	8000092c	00000013	addi	x0,x0,0	  x0:0x00000000
       11845000	      1183	80000930	004000ef	jal	x1,80000930	  x1=0x80000930
       11855000	      1184	00000000	00000013	addi	x0,x0,0	  x0:0x00000000
       11865000	      1185	80000930	00000013	addi	x0,x0,0	  x0:0x00000000
       11875000	      1186	80000934	038000ef	jal	x1,80000934	  x1=0x80000934
       11885000	      1187	00000000	00000013	addi	x0,x0,0	  x0:0x00000000
       11895000	      1188	80000968	00000013	addi	x0,x0,0	  x0:0x00000000
       11905000	      1189	8000096c	ff5ff0ef	jal	x1,8000096c	  x1=0x8000096c
       11915000	      1190	00000000	00000013	addi	x0,x0,0	  x0:0x00000000
       11925000	      1191	8000095c	00000013	addi	x0,x0,0	  x0:0x00000000
       11935000	      1192	80000960	fedffa6f	jal	x20,80000960	 x20=0x80000960
       11945000	      1193	00000000	00000013	addi	x0,x0,0	  x0:0x00000000
       11955000	      1194	80000948	00000013	addi	x0,x0,0	  x0:0x00000000
       11965000	      1195	8000094c	010000ef	jal	x1,8000094c	  x1=0x8000094c
       11975000	      1196	00000000	00000013	addi	x0,x0,0	  x0:0x00000000
       11985000	      1197	80000958	00000013	addi	x0,x0,0	  x0:0x00000000
       11995000	      1198	8000095c	fc5ff0ef	jal	x1,8000095c	  x1=0x8000095c
       12005000	      1199	00000000	00000013	addi	x0,x0,0	  x0:0x00000000
       12015000	      1200	8000091c	00000013	addi	x0,x0,0	  x0:0x00000000
       12025000	      1201	80000920	ff9ff0ef	jal	x1,80000920	  x1=0x80000920
       12035000	      1202	00000000	00000013	addi	x0,x0,0	  x0:0x00000000
       12045000	      1203	80000914	00000013	addi	x0,x0,0	  x0:0x00000000
       12055000	      1204	80000918	0140036f	jal	x6,80000918	  x6=0x80000918
       12065000	      1205	00000000	00000013	addi	x0,x0,0	  x0:0x00000000
       12075000	      1206	80000928	00000013	addi	x0,x0,0	  x0:0x00000000
       12085000	      1207	8000092c	ff9ff0ef	jal	x1,8000092c	  x1=0x8000092c
       12095000	      1208	00000000	00000013	addi	x0,x0,0	  x0:0x00000000
       12105000	      1209	80000920	00000013	addi	x0,x0,0	  x0:0x00000000
       12115000	      1210	80000924	0240076f	jal	x14,80000924	 x14=0x80000924
       12125000	      1211	00000000	00000013	addi	x0,x0,0	  x0:0x00000000
       12135000	      1212	80000944	00000013	addi	x0,x0,0	  x0:0x00000000
       12145000	      1213	80000948	ffdff36f	jal	x6,80000948	  x6=0x80000948
       12155000	      1214	00000000	00000013	addi	x0,x0,0	  x0:0x00000000
       12165000	      1215	80000940	00000013	addi	x0,x0,0	  x0:0x00000000
       12175000	      1216	80000944	024000ef	jal	x1,80000944	  x1=0x80000944
       12185000	      1217	00000000	00000013	addi	x0,x0,0	  x0:0x00000000
       12195000	      1218	80000964	00000013	addi	x0,x0,0	  x0:0x00000000
       12205000	      1219	80000968	fc1ff1ef	jal	x3,80000968	  x3=0x80000968
       12215000	      1220	00000000	00000013	addi	x0,x0,0	  x0:0x00000000
       12225000	      1221	80000924	00000013	addi	x0,x0,0	  x0:0x00000000
       12235000	      1222	80000928	030000ef	jal	x1,80000928	  x1=0x80000928
       12245000	      1223	00000000	00000013	addi	x0,x0,0	  x0:0x00000000
       12255000	      1224	80000954	00000013	addi	x0,x0,0	  x0:0x00000000
       12265000	      1225	80000958	01800def	jal	x27,80000958	 x27=0x80000958
       12275000	      1226	00000000	00000013	addi	x0,x0,0	  x0:0x00000000
       12285000	      1227	8000096c	00000013	addi	x0,x0,0	  x0:0x00000000
       12295000	      1228	80000970	409a01b3	sub	x3,x20,x9	 x20:0x80000960  x9:0xc0000000  x3=0xc0000960
       12305000	      1229	80000974	02c000ef	jal	x1,80000974	  x1=0x80000974
       12315000	      1230	00000000	00000013	addi	x0,x0,0	  x0:0x00000000
       12325000	      1231	8000099c	00000013	addi	x0,x0,0	  x0:0x00000000
       12335000	      1232	800009a0	00c007ef	jal	x15,800009a0	 x15=0x800009a0
       12345000	      1233	00000000	00000013	addi	x0,x0,0	  x0:0x00000000
       12355000	      1234	800009a8	00000013	addi	x0,x0,0	  x0:0x00000000
       12365000	      1235	800009ac	028003ef	jal	x7,800009ac	  x7=0x800009ac
       12375000	      1236	00000000	00000013	addi	x0,x0,0	  x0:0x00000000
       12385000	      1237	800009d0	00000013	addi	x0,x0,0	  x0:0x00000000
       12395000	      1238	800009d4	ff5ffe6f	jal	x28,800009d4	 x28=0x800009d4
       12405000	      1239	00000000	00000013	addi	x0,x0,0	  x0:0x00000000
       12415000	      1240	800009c4	00000013	addi	x0,x0,0	  x0:0x00000000
       12425000	      1241	800009c8	010000ef	jal	x1,800009c8	  x1=0x800009c8
       12435000	      1242	00000000	00000013	addi	x0,x0,0	  x0:0x00000000
       12445000	      1243	800009d4	00000013	addi	x0,x0,0	  x0:0x00000000
       12455000	      1244	800009d8	fc1ff0ef	jal	x1,800009d8	  x1=0x800009d8
       12465000	      1245	00000000	00000013	addi	x0,x0,0	  x0:0x00000000
       12475000	      1246	80000994	00000013	addi	x0,x0,0	  x0:0x00000000
       12485000	      1247	80000998	fedff36f	jal	x6,80000998	  x6=0x80000998
       12495000	      1248	00000000	00000013	addi	x0,x0,0	  x0:0x00000000
       12505000	      1249	80000980	00000013	addi	x0,x0,0	  x0:0x00000000
       12515000	      1250	80000984	ffdff36f	jal	x6,80000984	  x6=0x80000984
       12525000	      1251	00000000	00000013	addi	x0,x0,0	  x0:0x00000000
       12535000	      1252	8000097c	00000013	addi	x0,x0,0	  x0:0x00000000
       12545000	      1253	80000980	01000bef	jal	x23,80000980	 x23=0x80000980
       12555000	      1254	00000000	00000013	addi	x0,x0,0	  x0:0x00000000
       12565000	      1255	8000098c	00000013	addi	x0,x0,0	  x0:0x00000000
       12575000	      1256	80000990	0240036f	jal	x6,80000990	  x6=0x80000990
       12585000	      1257	00000000	00000013	addi	x0,x0,0	  x0:0x00000000
       12595000	      1258	800009b0	00000013	addi	x0,x0,0	  x0:0x00000000
       12605000	      1259	800009b4	fd5fff6f	jal	x30,800009b4	 x30=0x800009b4
       12615000	      1260	00000000	00000013	addi	x0,x0,0	  x0:0x00000000
       12625000	      1261	80000984	00000013	addi	x0,x0,0	  x0:0x00000000
       12635000	      1262	80000988	00c00e6f	jal	x28,80000988	 x28=0x80000988
       12645000	      1263	00000000	00000013	addi	x0,x0,0	  x0:0x00000000
       12655000	      1264	80000990	00000013	addi	x0,x0,0	  x0:0x00000000
       12665000	      1265	80000994	030000ef	jal	x1,80000994	  x1=0x80000994
       12675000	      1266	00000000	00000013	addi	x0,x0,0	  x0:0x00000000
       12685000	      1267	800009c0	00000013	addi	x0,x0,0	  x0:0x00000000
       12695000	      1268	800009c4	fb9ff0ef	jal	x1,800009c4	  x1=0x800009c4
       12705000	      1269	00000000	00000013	addi	x0,x0,0	  x0:0x00000000
       12715000	      1270	80000978	00000013	addi	x0,x0,0	  x0:0x00000000
       12725000	      1271	8000097c	06000eef	jal	x29,8000097c	 x29=0x8000097c
       12735000	      1272	00000000	00000013	addi	x0,x0,0	  x0:0x00000000
       12745000	      1273	800009d8	00000013	addi	x0,x0,0	  x0:0x00000000
       12755000	      1274	800009dc	fddff6ef	jal	x13,800009dc	 x13=0x800009dc
       12765000	      1275	00000000	00000013	addi	x0,x0,0	  x0:0x00000000
       12775000	      1276	800009b4	00000013	addi	x0,x0,0	  x0:0x00000000
       12785000	      1277	800009b8	02800b6f	jal	x22,800009b8	 x22=0x800009b8
       12795000	      1278	00000000	00000013	addi	x0,x0,0	  x0:0x00000000
       12805000	      1279	800009dc	00000013	addi	x0,x0,0	  x0:0x00000000
       12815000	      1280	800009e0	f99ff0ef	jal	x1,800009e0	  x1=0x800009e0
       12825000	      1281	00000000	00000013	addi	x0,x0,0	  x0:0x00000000
       12835000	      1282	80000974	00000013	addi	x0,x0,0	  x0:0x00000000
       12845000	      1283	80000978	0240076f	jal	x14,80000978	 x14=0x80000978
       12855000	      1284	00000000	00000013	addi	x0,x0,0	  x0:0x00000000
       12865000	      1285	80000998	00000013	addi	x0,x0,0	  x0:0x00000000
       12875000	      1286	8000099c	00c00c6f	jal	x24,8000099c	 x24=0x8000099c
       12885000	      1287	00000000	00000013	addi	x0,x0,0	  x0:0x00000000
       12895000	      1288	800009a4	00000013	addi	x0,x0,0	  x0:0x00000000
       12905000	      1289	800009a8	fe5ff0ef	jal	x1,800009a8	  x1=0x800009a8
       12915000	      1290	00000000	00000013	addi	x0,x0,0	  x0:0x00000000
       12925000	      1291	80000988	00000013	addi	x0,x0,0	  x0:0x00000000
       12935000	      1292	8000098c	030000ef	jal	x1,8000098c	  x1=0x8000098c
       12945000	      1293	00000000	00000013	addi	x0,x0,0	  x0:0x00000000
       12955000	      1294	800009b8	00000013	addi	x0,x0,0	  x0:0x00000000
       12965000	      1295	800009bc	010000ef	jal	x1,800009bc	  x1=0x800009bc
       12975000	      1296	00000000	00000013	addi	x0,x0,0	  x0:0x00000000
       12985000	      1297	800009c8	00000013	addi	x0,x0,0	  x0:0x00000000
       12995000	      1298	800009cc	00400e6f	jal	x28,800009cc	 x28=0x800009cc
       13005000	      1299	00000000	00000013	addi	x0,x0,0	  x0:0x00000000
       13015000	      1300	800009cc	00000013	addi	x0,x0,0	  x0:0x00000000
       13025000	      1301	800009d0	ff1ff36f	jal	x6,800009d0	  x6=0x800009d0
       13035000	      1302	00000000	00000013	addi	x0,x0,0	  x0:0x00000000
       13045000	      1303	800009bc	00000013	addi	x0,x0,0	  x0:0x00000000
       13055000	      1304	800009c0	fe5ff0ef	jal	x1,800009c0	  x1=0x800009c0
       13065000	      1305	00000000	00000013	addi	x0,x0,0	  x0:0x00000000
       13075000	      1306	800009a0	00000013	addi	x0,x0,0	  x0:0x00000000
       13085000	      1307	800009a4	00c0036f	jal	x6,800009a4	  x6=0x800009a4
       13095000	      1308	00000000	00000013	addi	x0,x0,0	  x0:0x00000000
       13105000	      1309	800009ac	00000013	addi	x0,x0,0	  x0:0x00000000
       13115000	      1310	800009b0	03400d6f	jal	x26,800009b0	 x26=0x800009b0
       13125000	      1311	00000000	00000013	addi	x0,x0,0	  x0:0x00000000
       13135000	      1312	800009e0	00000013	addi	x0,x0,0	  x0:0x00000000
       13145000	      1313	800009e4	01dc84b3	add	x9,x25,x29	 x25:0x80000604 x29:0x8000097c  x9=0x00000f80
       13155000	      1314	800009e8	004000ef	jal	x1,800009e8	  x1=0x800009e8
       13165000	      1315	00000000	00000013	addi	x0,x0,0	  x0:0x00000000
       13175000	      1316	800009e8	00000013	addi	x0,x0,0	  x0:0x00000000
       13185000	      1317	800009ec	014000ef	jal	x1,800009ec	  x1=0x800009ec
       13195000	      1318	00000000	00000013	addi	x0,x0,0	  x0:0x00000000
       13205000	      1319	800009fc	00000013	addi	x0,x0,0	  x0:0x00000000
       13215000	      1320	80000a00	008000ef	jal	x1,80000a00	  x1=0x80000a00
       13225000	      1321	00000000	00000013	addi	x0,x0,0	  x0:0x00000000
       13235000	      1322	80000a04	00000013	addi	x0,x0,0	  x0:0x00000000
       13245000	      1323	80000a08	ff5ff0ef	jal	x1,80000a08	  x1=0x80000a08
       13255000	      1324	00000000	00000013	addi	x0,x0,0	  x0:0x00000000
       13265000	      1325	800009f8	00000013	addi	x0,x0,0	  x0:0x00000000
       13275000	      1326	800009fc	ff5ff0ef	jal	x1,800009fc	  x1=0x800009fc
       13285000	      1327	00000000	00000013	addi	x0,x0,0	  x0:0x00000000
       13295000	      1328	800009ec	00000013	addi	x0,x0,0	  x0:0x00000000
       13305000	      1329	800009f0	00800e6f	jal	x28,800009f0	 x28=0x800009f0
       13315000	      1330	00000000	00000013	addi	x0,x0,0	  x0:0x00000000
       13325000	      1331	800009f4	00000013	addi	x0,x0,0	  x0:0x00000000
       13335000	      1332	800009f8	ffdff0ef	jal	x1,800009f8	  x1=0x800009f8
       13345000	      1333	00000000	00000013	addi	x0,x0,0	  x0:0x00000000
       13355000	      1334	800009f0	00000013	addi	x0,x0,0	  x0:0x00000000
       13365000	      1335	800009f4	018000ef	jal	x1,800009f4	  x1=0x800009f4
       13375000	      1336	00000000	00000013	addi	x0,x0,0	  x0:0x00000000
       13385000	      1337	80000a08	00000013	addi	x0,x0,0	  x0:0x00000000
       13395000	      1338	80000a0c	0040036f	jal	x6,80000a0c	  x6=0x80000a0c
       13405000	      1339	00000000	00000013	addi	x0,x0,0	  x0:0x00000000
       13415000	      1340	80000a0c	00000013	addi	x0,x0,0	  x0:0x00000000
       13425000	      1341	80000a10	ff5ff36f	jal	x6,80000a10	  x6=0x80000a10
       13435000	      1342	00000000	00000013	addi	x0,x0,0	  x0:0x00000000
       13445000	      1343	80000a00	00000013	addi	x0,x0,0	  x0:0x00000000
       13455000	      1344	80000a04	010000ef	jal	x1,80000a04	  x1=0x80000a04
       13465000	      1345	00000000	00000013	addi	x0,x0,0	  x0:0x00000000
       13475000	      1346	80000a10	00000013	addi	x0,x0,0	  x0:0x00000000
       13485000	      1347	80000a14	01e23433	sltu	x8,x4,x30	  x4:0x800008e4 x30:0x800009b4  x8=0x00000001
       13495000	      1348	80000a18	004000ef	jal	x1,80000a18	  x1=0x80000a18
       13505000	      1349	00000000	00000013	addi	x0,x0,0	  x0:0x00000000
       13515000	      1350	80000a18	00000013	addi	x0,x0,0	  x0:0x00000000
       13525000	      1351	80000a1c	0280036f	jal	x6,80000a1c	  x6=0x80000a1c
       13535000	      1352	00000000	00000013	addi	x0,x0,0	  x0:0x00000000
       13545000	      1353	80000a40	00000013	addi	x0,x0,0	  x0:0x00000000
       13555000	      1354	80000a44	ff1ffb6f	jal	x22,80000a44	 x22=0x80000a44
       13565000	      1355	00000000	00000013	addi	x0,x0,0	  x0:0x00000000
       13575000	      1356	80000a30	00000013	addi	x0,x0,0	  x0:0x00000000
       13585000	      1357	80000a34	018000ef	jal	x1,80000a34	  x1=0x80000a34
       13595000	      1358	00000000	00000013	addi	x0,x0,0	  x0:0x00000000
       13605000	      1359	80000a48	00000013	addi	x0,x0,0	  x0:0x00000000
       13615000	      1360	80000a4c	fd5ff66f	jal	x12,80000a4c	 x12=0x80000a4c
       13625000	      1361	00000000	00000013	addi	x0,x0,0	  x0:0x00000000
       13635000	      1362	80000a1c	00000013	addi	x0,x0,0	  x0:0x00000000
       13645000	      1363	80000a20	00c0036f	jal	x6,80000a20	  x6=0x80000a20
       13655000	      1364	00000000	00000013	addi	x0,x0,0	  x0:0x00000000
       13665000	      1365	80000a28	00000013	addi	x0,x0,0	  x0:0x00000000
       13675000	      1366	80000a2c	024000ef	jal	x1,80000a2c	  x1=0x80000a2c
       13685000	      1367	00000000	00000013	addi	x0,x0,0	  x0:0x00000000
       13695000	      1368	80000a4c	00000013	addi	x0,x0,0	  x0:0x00000000
       13705000	      1369	80000a50	0140036f	jal	x6,80000a50	  x6=0x80000a50
       13715000	      1370	00000000	00000013	addi	x0,x0,0	  x0:0x00000000
       13725000	      1371	80000a60	00000013	addi	x0,x0,0	  x0:0x00000000
       13735000	      1372	80000a64	fddff16f	jal	x2,80000a64	  x2=0x80000a64
       13745000	      1373	00000000	00000013	addi	x0,x0,0	  x0:0x00000000
       13755000	      1374	80000a3c	00000013	addi	x0,x0,0	  x0:0x00000000
       13765000	      1375	80000a40	02000a6f	jal	x20,80000a40	 x20=0x80000a40
       13775000	      1376	00000000	00000013	addi	x0,x0,0	  x0:0x00000000
       13785000	      1377	80000a5c	00000013	addi	x0,x0,0	  x0:0x00000000
       13795000	      1378	80000a60	fc5ff0ef	jal	x1,80000a60	  x1=0x80000a60
       13805000	      1379	00000000	00000013	addi	x0,x0,0	  x0:0x00000000
       13815000	      1380	80000a20	00000013	addi	x0,x0,0	  x0:0x00000000
       13825000	      1381	80000a24	04c000ef	jal	x1,80000a24	  x1=0x80000a24
       13835000	      1382	00000000	00000013	addi	x0,x0,0	  x0:0x00000000
       13845000	      1383	80000a6c	00000013	addi	x0,x0,0	  x0:0x00000000
       13855000	      1384	80000a70	fe9ff36f	jal	x6,80000a70	  x6=0x80000a70
       13865000	      1385	00000000	00000013	addi	x0,x0,0	  x0:0x00000000
       13875000	      1386	80000a54	00000013	addi	x0,x0,0	  x0:0x00000000
       13885000	      1387	80000a58	fd1ff36f	jal	x6,80000a58	  x6=0x80000a58
       13895000	      1388	00000000	00000013	addi	x0,x0,0	  x0:0x00000000
       13905000	      1389	80000a24	00000013	addi	x0,x0,0	  x0:0x00000000
       13915000	      1390	80000a28	02c000ef	jal	x1,80000a28	  x1=0x80000a28
       13925000	      1391	00000000	00000013	addi	x0,x0,0	  x0:0x00000000
       13935000	      1392	80000a50	00000013	addi	x0,x0,0	  x0:0x00000000
       13945000	      1393	80000a54	008000ef	jal	x1,80000a54	  x1=0x80000a54
       13955000	      1394	00000000	00000013	addi	x0,x0,0	  x0:0x00000000
       13965000	      1395	80000a58	00000013	addi	x0,x0,0	  x0:0x00000000
       13975000	      1396	80000a5c	fddff0ef	jal	x1,80000a5c	  x1=0x80000a5c
       13985000	      1397	00000000	00000013	addi	x0,x0,0	  x0:0x00000000
       13995000	      1398	80000a34	00000013	addi	x0,x0,0	  x0:0x00000000
       14005000	      1399	80000a38	030001ef	jal	x3,80000a38	  x3=0x80000a38
       14015000	      1400	00000000	00000013	addi	x0,x0,0	  x0:0x00000000
       14025000	      1401	80000a64	00000013	addi	x0,x0,0	  x0:0x00000000
       14035000	      1402	80000a68	fd5ff0ef	jal	x1,80000a68	  x1=0x80000a68
       14045000	      1403	00000000	00000013	addi	x0,x0,0	  x0:0x00000000
       14055000	      1404	80000a38	00000013	addi	x0,x0,0	  x0:0x00000000
       14065000	      1405	80000a3c	ff5ff36f	jal	x6,80000a3c	  x6=0x80000a3c
       14075000	      1406	00000000	00000013	addi	x0,x0,0	  x0:0x00000000
       14085000	      1407	80000a2c	00000013	addi	x0,x0,0	  x0:0x00000000
       14095000	      1408	80000a30	03c0036f	jal	x6,80000a30	  x6=0x80000a30
       14105000	      1409	00000000	00000013	addi	x0,x0,0	  x0:0x00000000
       14115000	      1410	80000a68	00000013	addi	x0,x0,0	  x0:0x00000000
       14125000	      1411	80000a6c	fddff36f	jal	x6,80000a6c	  x6=0x80000a6c
       14135000	      1412	00000000	00000013	addi	x0,x0,0	  x0:0x00000000
       14145000	      1413	80000a44	00000013	addi	x0,x0,0	  x0:0x00000000
       14155000	      1414	80000a48	02c000ef	jal	x1,80000a48	  x1=0x80000a48
       14165000	      1415	00000000	00000013	addi	x0,x0,0	  x0:0x00000000
       14175000	      1416	80000a70	00000013	addi	x0,x0,0	  x0:0x00000000
       14185000	      1417	80000a74	3659c893	xori	x17,x19,869	 x19:0x8000073c x17=0x80000459
       14195000	      1418	80000a78	010000ef	jal	x1,80000a78	  x1=0x80000a78
       14205000	      1419	00000000	00000013	addi	x0,x0,0	  x0:0x00000000
       14215000	      1420	80000a84	00000013	addi	x0,x0,0	  x0:0x00000000
       14225000	      1421	80000a88	044000ef	jal	x1,80000a88	  x1=0x80000a88
       14235000	      1422	00000000	00000013	addi	x0,x0,0	  x0:0x00000000
       14245000	      1423	80000ac8	00000013	addi	x0,x0,0	  x0:0x00000000
       14255000	      1424	80000acc	fc5ff46f	jal	x8,80000acc	  x8=0x80000acc
       14265000	      1425	00000000	00000013	addi	x0,x0,0	  x0:0x00000000
       14275000	      1426	80000a8c	00000013	addi	x0,x0,0	  x0:0x00000000
       14285000	      1427	80000a90	0040036f	jal	x6,80000a90	  x6=0x80000a90
       14295000	      1428	00000000	00000013	addi	x0,x0,0	  x0:0x00000000
       14305000	      1429	80000a90	00000013	addi	x0,x0,0	  x0:0x00000000
       14315000	      1430	80000a94	024003ef	jal	x7,80000a94	  x7=0x80000a94
       14325000	      1431	00000000	00000013	addi	x0,x0,0	  x0:0x00000000
       14335000	      1432	80000ab4	00000013	addi	x0,x0,0	  x0:0x00000000
       14345000	      1433	80000ab8	ffdff0ef	jal	x1,80000ab8	  x1=0x80000ab8
       14355000	      1434	00000000	00000013	addi	x0,x0,0	  x0:0x00000000
       14365000	      1435	80000ab0	00000013	addi	x0,x0,0	  x0:0x00000000
       14375000	      1436	80000ab4	ff9ff3ef	jal	x7,80000ab4	  x7=0x80000ab4
       14385000	      1437	00000000	00000013	addi	x0,x0,0	  x0:0x00000000
       14395000	      1438	80000aa8	00000013	addi	x0,x0,0	  x0:0x00000000
       14405000	      1439	80000aac	ff5ff0ef	jal	x1,80000aac	  x1=0x80000aac
       14415000	      1440	00000000	00000013	addi	x0,x0,0	  x0:0x00000000
       14425000	      1441	80000a9c	00000013	addi	x0,x0,0	  x0:0x00000000
       14435000	      1442	80000aa0	fedff0ef	jal	x1,80000aa0	  x1=0x80000aa0
       14445000	      1443	00000000	00000013	addi	x0,x0,0	  x0:0x00000000
       14455000	      1444	80000a88	00000013	addi	x0,x0,0	  x0:0x00000000
       14465000	      1445	80000a8c	034000ef	jal	x1,80000a8c	  x1=0x80000a8c
       14475000	      1446	00000000	00000013	addi	x0,x0,0	  x0:0x00000000
       14485000	      1447	80000abc	00000013	addi	x0,x0,0	  x0:0x00000000
       14495000	      1448	80000ac0	010003ef	jal	x7,80000ac0	  x7=0x80000ac0
       14505000	      1449	00000000	00000013	addi	x0,x0,0	  x0:0x00000000
       14515000	      1450	80000acc	00000013	addi	x0,x0,0	  x0:0x00000000
       14525000	      1451	80000ad0	fc9ff36f	jal	x6,80000ad0	  x6=0x80000ad0
       14535000	      1452	00000000	00000013	addi	x0,x0,0	  x0:0x00000000
       14545000	      1453	80000a94	00000013	addi	x0,x0,0	  x0:0x00000000
       14555000	      1454	80000a98	004000ef	jal	x1,80000a98	  x1=0x80000a98
       14565000	      1455	00000000	00000013	addi	x0,x0,0	  x0:0x00000000
       14575000	      1456	80000a98	00000013	addi	x0,x0,0	  x0:0x00000000
       14585000	      1457	80000a9c	fe1ff26f	jal	x4,80000a9c	  x4=0x80000a9c
       14595000	      1458	00000000	00000013	addi	x0,x0,0	  x0:0x00000000
       14605000	      1459	80000a78	00000013	addi	x0,x0,0	  x0:0x00000000
       14615000	      1460	80000a7c	034000ef	jal	x1,80000a7c	  x1=0x80000a7c
       14625000	      1461	00000000	00000013	addi	x0,x0,0	  x0:0x00000000
       14635000	      1462	80000aac	00000013	addi	x0,x0,0	  x0:0x00000000
       14645000	      1463	80000ab0	ff5ff26f	jal	x4,80000ab0	  x4=0x80000ab0
       14655000	      1464	00000000	00000013	addi	x0,x0,0	  x0:0x00000000
       14665000	      1465	80000aa0	00000013	addi	x0,x0,0	  x0:0x00000000
       14675000	      1466	80000aa4	004000ef	jal	x1,80000aa4	  x1=0x80000aa4
       14685000	      1467	00000000	00000013	addi	x0,x0,0	  x0:0x00000000
       14695000	      1468	80000aa4	00000013	addi	x0,x0,0	  x0:0x00000000
       14705000	      1469	80000aa8	014000ef	jal	x1,80000aa8	  x1=0x80000aa8
       14715000	      1470	00000000	00000013	addi	x0,x0,0	  x0:0x00000000
       14725000	      1471	80000ab8	00000013	addi	x0,x0,0	  x0:0x00000000
       14735000	      1472	80000abc	00c0046f	jal	x8,80000abc	  x8=0x80000abc
       14745000	      1473	00000000	00000013	addi	x0,x0,0	  x0:0x00000000
       14755000	      1474	80000ac4	00000013	addi	x0,x0,0	  x0:0x00000000
       14765000	      1475	80000ac8	fbdff36f	jal	x6,80000ac8	  x6=0x80000ac8
       14775000	      1476	00000000	00000013	addi	x0,x0,0	  x0:0x00000000
       14785000	      1477	80000a80	00000013	addi	x0,x0,0	  x0:0x00000000
       14795000	      1478	80000a84	040000ef	jal	x1,80000a84	  x1=0x80000a84
       14805000	      1479	00000000	00000013	addi	x0,x0,0	  x0:0x00000000
       14815000	      1480	80000ac0	00000013	addi	x0,x0,0	  x0:0x00000000
       14825000	      1481	80000ac4	fbdff0ef	jal	x1,80000ac4	  x1=0x80000ac4
       14835000	      1482	00000000	00000013	addi	x0,x0,0	  x0:0x00000000
       14845000	      1483	80000a7c	00000013	addi	x0,x0,0	  x0:0x00000000
       14855000	      1484	80000a80	0540076f	jal	x14,80000a80	 x14=0x80000a80
       14865000	      1485	00000000	00000013	addi	x0,x0,0	  x0:0x00000000
       14875000	      1486	80000ad0	00000013	addi	x0,x0,0	  x0:0x00000000
       14885000	      1487	80000ad4	004009ef	jal	x19,80000ad4	 x19=0x80000ad4
       14895000	      1488	00000000	00000013	addi	x0,x0,0	  x0:0x00000000
       14905000	      1489	80000ad4	00000013	addi	x0,x0,0	  x0:0x00000000
       14915000	      1490	80000ad8	01badd13	srli	x26,x21,0x1b	 x21:0x80009fc4 x26=0x00000010
       14925000	      1491	80000adc	03c000ef	jal	x1,80000adc	  x1=0x80000adc
       14935000	      1492	00000000	00000013	addi	x0,x0,0	  x0:0x00000000
       14945000	      1493	80000b14	00000013	addi	x0,x0,0	  x0:0x00000000
       14955000	      1494	80000b18	ff5ff0ef	jal	x1,80000b18	  x1=0x80000b18
       14965000	      1495	00000000	00000013	addi	x0,x0,0	  x0:0x00000000
       14975000	      1496	80000b08	00000013	addi	x0,x0,0	  x0:0x00000000
       14985000	      1497	80000b0c	018006ef	jal	x13,80000b0c	 x13=0x80000b0c
       14995000	      1498	00000000	00000013	addi	x0,x0,0	  x0:0x00000000
       15005000	      1499	80000b20	00000013	addi	x0,x0,0	  x0:0x00000000
       15015000	      1500	80000b24	fedff0ef	jal	x1,80000b24	  x1=0x80000b24
       15025000	      1501	00000000	00000013	addi	x0,x0,0	  x0:0x00000000
       15035000	      1502	80000b0c	00000013	addi	x0,x0,0	  x0:0x00000000
       15045000	      1503	80000b10	fd9ff0ef	jal	x1,80000b10	  x1=0x80000b10
       15055000	      1504	00000000	00000013	addi	x0,x0,0	  x0:0x00000000
       15065000	      1505	80000ae4	00000013	addi	x0,x0,0	  x0:0x00000000
       15075000	      1506	80000ae8	0080026f	jal	x4,80000ae8	  x4=0x80000ae8
       15085000	      1507	00000000	00000013	addi	x0,x0,0	  x0:0x00000000
       15095000	      1508	80000aec	00000013	addi	x0,x0,0	  x0:0x00000000
       15105000	      1509	80000af0	004000ef	jal	x1,80000af0	  x1=0x80000af0
       15115000	      1510	00000000	00000013	addi	x0,x0,0	  x0:0x00000000
       15125000	      1511	80000af0	00000013	addi	x0,x0,0	  x0:0x00000000
       15135000	      1512	80000af4	034000ef	jal	x1,80000af4	  x1=0x80000af4
       15145000	      1513	00000000	00000013	addi	x0,x0,0	  x0:0x00000000
       15155000	      1514	80000b24	00000013	addi	x0,x0,0	  x0:0x00000000
       15165000	      1515	80000b28	fb9ff36f	jal	x6,80000b28	  x6=0x80000b28
       15175000	      1516	00000000	00000013	addi	x0,x0,0	  x0:0x00000000
       15185000	      1517	80000adc	00000013	addi	x0,x0,0	  x0:0x00000000
       15195000	      1518	80000ae0	0240036f	jal	x6,80000ae0	  x6=0x80000ae0
       15205000	      1519	00000000	00000013	addi	x0,x0,0	  x0:0x00000000
       15215000	      1520	80000b00	00000013	addi	x0,x0,0	  x0:0x00000000
       15225000	      1521	80000b04	01c0036f	jal	x6,80000b04	  x6=0x80000b04
       15235000	      1522	00000000	00000013	addi	x0,x0,0	  x0:0x00000000
       15245000	      1523	80000b1c	00000013	addi	x0,x0,0	  x0:0x00000000
       15255000	      1524	80000b20	fe1ff0ef	jal	x1,80000b20	  x1=0x80000b20
       15265000	      1525	00000000	00000013	addi	x0,x0,0	  x0:0x00000000
       15275000	      1526	80000afc	00000013	addi	x0,x0,0	  x0:0x00000000
       15285000	      1527	80000b00	fedff1ef	jal	x3,80000b00	  x3=0x80000b00
       15295000	      1528	00000000	00000013	addi	x0,x0,0	  x0:0x00000000
       15305000	      1529	80000ae8	00000013	addi	x0,x0,0	  x0:0x00000000
       15315000	      1530	80000aec	044000ef	jal	x1,80000aec	  x1=0x80000aec
       15325000	      1531	00000000	00000013	addi	x0,x0,0	  x0:0x00000000
       15335000	      1532	80000b2c	00000013	addi	x0,x0,0	  x0:0x00000000
       15345000	      1533	80000b30	ffdff0ef	jal	x1,80000b30	  x1=0x80000b30
       15355000	      1534	00000000	00000013	addi	x0,x0,0	  x0:0x00000000
       15365000	      1535	80000b28	00000013	addi	x0,x0,0	  x0:0x00000000
       15375000	      1536	80000b2c	fb9ff36f	jal	x6,80000b2c	  x6=0x80000b2c
       15385000	      1537	00000000	00000013	addi	x0,x0,0	  x0:0x00000000
       15395000	      1538	80000ae0	00000013	addi	x0,x0,0	  x0:0x00000000
       15405000	      1539	80000ae4	030006ef	jal	x13,80000ae4	 x13=0x80000ae4
       15415000	      1540	00000000	00000013	addi	x0,x0,0	  x0:0x00000000
       15425000	      1541	80000b10	00000013	addi	x0,x0,0	  x0:0x00000000
       15435000	      1542	80000b14	0080036f	jal	x6,80000b14	  x6=0x80000b14
       15445000	      1543	00000000	00000013	addi	x0,x0,0	  x0:0x00000000
       15455000	      1544	80000b18	00000013	addi	x0,x0,0	  x0:0x00000000
       15465000	      1545	80000b1c	fddffb6f	jal	x22,80000b1c	 x22=0x80000b1c
       15475000	      1546	00000000	00000013	addi	x0,x0,0	  x0:0x00000000
       15485000	      1547	80000af4	00000013	addi	x0,x0,0	  x0:0x00000000
       15495000	      1548	80000af8	010000ef	jal	x1,80000af8	  x1=0x80000af8
       15505000	      1549	00000000	00000013	addi	x0,x0,0	  x0:0x00000000
       15515000	      1550	80000b04	00000013	addi	x0,x0,0	  x0:0x00000000
       15525000	      1551	80000b08	ff5ffbef	jal	x23,80000b08	 x23=0x80000b08
       15535000	      1552	00000000	00000013	addi	x0,x0,0	  x0:0x00000000
       15545000	      1553	80000af8	00000013	addi	x0,x0,0	  x0:0x00000000
       15555000	      1554	80000afc	038000ef	jal	x1,80000afc	  x1=0x80000afc
       15565000	      1555	00000000	00000013	addi	x0,x0,0	  x0:0x00000000
       15575000	      1556	80000b30	00000013	addi	x0,x0,0	  x0:0x00000000
       15585000	      1557	80000b34	01be50b3	srl	x1,x28,x27	 x28:0x800009f0 x27:0x80000958  x1=0x00000080
       15595000	      1558	80000b38	028000ef	jal	x1,80000b38	  x1=0x80000b38
       15605000	      1559	00000000	00000013	addi	x0,x0,0	  x0:0x00000000
       15615000	      1560	80000b5c	00000013	addi	x0,x0,0	  x0:0x00000000
       15625000	      1561	80000b60	ff1ff0ef	jal	x1,80000b60	  x1=0x80000b60
       15635000	      1562	00000000	00000013	addi	x0,x0,0	  x0:0x00000000
       15645000	      1563	80000b4c	00000013	addi	x0,x0,0	  x0:0x00000000
       15655000	      1564	80000b50	fedff7ef	jal	x15,80000b50	 x15=0x80000b50
       15665000	      1565	00000000	00000013	addi	x0,x0,0	  x0:0x00000000
       15675000	      1566	80000b38	00000013	addi	x0,x0,0	  x0:0x00000000
       15685000	      1567	80000b3c	02c002ef	jal	x5,80000b3c	  x5=0x80000b3c
       15695000	      1568	00000000	00000013	addi	x0,x0,0	  x0:0x00000000
       15705000	      1569	80000b64	00000013	addi	x0,x0,0	  x0:0x00000000
       15715000	      1570	80000b68	fd9ff0ef	jal	x1,80000b68	  x1=0x80000b68
       15725000	      1571	00000000	00000013	addi	x0,x0,0	  x0:0x00000000
       15735000	      1572	80000b3c	00000013	addi	x0,x0,0	  x0:0x00000000
       15745000	      1573	80000b40	02c000ef	jal	x1,80000b40	  x1=0x80000b40
       15755000	      1574	00000000	00000013	addi	x0,x0,0	  x0:0x00000000
       15765000	      1575	80000b68	00000013	addi	x0,x0,0	  x0:0x00000000
       15775000	      1576	80000b6c	fe1ff36f	jal	x6,80000b6c	  x6=0x80000b6c
       15785000	      1577	00000000	00000013	addi	x0,x0,0	  x0:0x00000000
       15795000	      1578	80000b48	00000013	addi	x0,x0,0	  x0:0x00000000
       15805000	      1579	80000b4c	0180036f	jal	x6,80000b4c	  x6=0x80000b4c
       15815000	      1580	00000000	00000013	addi	x0,x0,0	  x0:0x00000000
       15825000	      1581	80000b60	00000013	addi	x0,x0,0	  x0:0x00000000
       15835000	      1582	80000b64	ff1ff36f	jal	x6,80000b64	  x6=0x80000b64
       15845000	      1583	00000000	00000013	addi	x0,x0,0	  x0:0x00000000
       15855000	      1584	80000b50	00000013	addi	x0,x0,0	  x0:0x00000000
       15865000	      1585	80000b54	008002ef	jal	x5,80000b54	  x5=0x80000b54
       15875000	      1586	00000000	00000013	addi	x0,x0,0	  x0:0x00000000
       15885000	      1587	80000b58	00000013	addi	x0,x0,0	  x0:0x00000000
       15895000	      1588	80000b5c	ffdff0ef	jal	x1,80000b5c	  x1=0x80000b5c
       15905000	      1589	00000000	00000013	addi	x0,x0,0	  x0:0x00000000
       15915000	      1590	80000b54	00000013	addi	x0,x0,0	  x0:0x00000000
       15925000	      1591	80000b58	fedff36f	jal	x6,80000b58	  x6=0x80000b58
       15935000	      1592	00000000	00000013	addi	x0,x0,0	  x0:0x00000000
       15945000	      1593	80000b40	00000013	addi	x0,x0,0	  x0:0x00000000
       15955000	      1594	80000b44	004000ef	jal	x1,80000b44	  x1=0x80000b44
       15965000	      1595	00000000	00000013	addi	x0,x0,0	  x0:0x00000000
       15975000	      1596	80000b44	00000013	addi	x0,x0,0	  x0:0x00000000
       15985000	      1597	80000b48	0280036f	jal	x6,80000b48	  x6=0x80000b48
       15995000	      1598	00000000	00000013	addi	x0,x0,0	  x0:0x00000000
       16005000	      1599	80000b6c	00000013	addi	x0,x0,0	  x0:0x00000000
       16015000	      1600	80000b70	00000013	addi	x0,x0,0	  x0:0x00000000
       16025000	      1601	80000b74	02c000ef	jal	x1,80000b74	  x1=0x80000b74
       16035000	      1602	00000000	00000013	addi	x0,x0,0	  x0:0x00000000
       16045000	      1603	80000b9c	00000013	addi	x0,x0,0	  x0:0x00000000
       16055000	      1604	80000ba0	fd9ff0ef	jal	x1,80000ba0	  x1=0x80000ba0
       16065000	      1605	00000000	00000013	addi	x0,x0,0	  x0:0x00000000
       16075000	      1606	80000b74	00000013	addi	x0,x0,0	  x0:0x00000000
       16085000	      1607	80000b78	034001ef	jal	x3,80000b78	  x3=0x80000b78
       16095000	      1608	00000000	00000013	addi	x0,x0,0	  x0:0x00000000
       16105000	      1609	80000ba8	00000013	addi	x0,x0,0	  x0:0x00000000
       16115000	      1610	80000bac	ff9ff2ef	jal	x5,80000bac	  x5=0x80000bac
       16125000	      1611	00000000	00000013	addi	x0,x0,0	  x0:0x00000000
       16135000	      1612	80000ba0	00000013	addi	x0,x0,0	  x0:0x00000000
       16145000	      1613	80000ba4	0100056f	jal	x10,80000ba4	 x10=0x80000ba4
       16155000	      1614	00000000	00000013	addi	x0,x0,0	  x0:0x00000000
       16165000	      1615	80000bb0	00000013	addi	x0,x0,0	  x0:0x00000000
       16175000	      1616	80000bb4	010000ef	jal	x1,80000bb4	  x1=0x80000bb4
       16185000	      1617	00000000	00000013	addi	x0,x0,0	  x0:0x00000000
       16195000	      1618	80000bc0	00000013	addi	x0,x0,0	  x0:0x00000000
       16205000	      1619	80000bc4	0180036f	jal	x6,80000bc4	  x6=0x80000bc4
       16215000	      1620	00000000	00000013	addi	x0,x0,0	  x0:0x00000000
       16225000	      1621	80000bd8	00000013	addi	x0,x0,0	  x0:0x00000000
       16235000	      1622	80000bdc	0040036f	jal	x6,80000bdc	  x6=0x80000bdc
       16245000	      1623	00000000	00000013	addi	x0,x0,0	  x0:0x00000000
       16255000	      1624	80000bdc	00000013	addi	x0,x0,0	  x0:0x00000000
       16265000	      1625	80000be0	f9dff36f	jal	x6,80000be0	  x6=0x80000be0
       16275000	      1626	00000000	00000013	addi	x0,x0,0	  x0:0x00000000
       16285000	      1627	80000b78	00000013	addi	x0,x0,0	  x0:0x00000000
       16295000	      1628	80000b7c	058000ef	jal	x1,80000b7c	  x1=0x80000b7c
       16305000	      1629	00000000	00000013	addi	x0,x0,0	  x0:0x00000000
       16315000	      1630	80000bd0	00000013	addi	x0,x0,0	  x0:0x00000000
       16325000	      1631	80000bd4	fadff1ef	jal	x3,80000bd4	  x3=0x80000bd4
       16335000	      1632	00000000	00000013	addi	x0,x0,0	  x0:0x00000000
       16345000	      1633	80000b7c	00000013	addi	x0,x0,0	  x0:0x00000000
       16355000	      1634	80000b80	01c0046f	jal	x8,80000b80	  x8=0x80000b80
       16365000	      1635	00000000	00000013	addi	x0,x0,0	  x0:0x00000000
       16375000	      1636	80000b98	00000013	addi	x0,x0,0	  x0:0x00000000
       16385000	      1637	80000b9c	ffdff0ef	jal	x1,80000b9c	  x1=0x80000b9c
       16395000	      1638	00000000	00000013	addi	x0,x0,0	  x0:0x00000000
       16405000	      1639	80000b94	00000013	addi	x0,x0,0	  x0:0x00000000
       16415000	      1640	80000b98	0280036f	jal	x6,80000b98	  x6=0x80000b98
       16425000	      1641	00000000	00000013	addi	x0,x0,0	  x0:0x00000000
       16435000	      1642	80000bbc	00000013	addi	x0,x0,0	  x0:0x00000000
       16445000	      1643	80000bc0	ff9ff0ef	jal	x1,80000bc0	  x1=0x80000bc0
       16455000	      1644	00000000	00000013	addi	x0,x0,0	  x0:0x00000000
       16465000	      1645	80000bb4	00000013	addi	x0,x0,0	  x0:0x00000000
       16475000	      1646	80000bb8	014000ef	jal	x1,80000bb8	  x1=0x80000bb8
       16485000	      1647	00000000	00000013	addi	x0,x0,0	  x0:0x00000000
       16495000	      1648	80000bc8	00000013	addi	x0,x0,0	  x0:0x00000000
       16505000	      1649	80000bcc	fe5ff0ef	jal	x1,80000bcc	  x1=0x80000bcc
       16515000	      1650	00000000	00000013	addi	x0,x0,0	  x0:0x00000000
       16525000	      1651	80000bac	00000013	addi	x0,x0,0	  x0:0x00000000
       16535000	      1652	80000bb0	fe5ff16f	jal	x2,80000bb0	  x2=0x80000bb0
       16545000	      1653	00000000	00000013	addi	x0,x0,0	  x0:0x00000000
       16555000	      1654	80000b90	00000013	addi	x0,x0,0	  x0:0x00000000
       16565000	      1655	80000b94	0540036f	jal	x6,80000b94	  x6=0x80000b94
       16575000	      1656	00000000	00000013	addi	x0,x0,0	  x0:0x00000000
       16585000	      1657	80000be4	00000013	addi	x0,x0,0	  x0:0x00000000
       16595000	      1658	80000be8	fe1ff36f	jal	x6,80000be8	  x6=0x80000be8
       16605000	      1659	00000000	00000013	addi	x0,x0,0	  x0:0x00000000
       16615000	      1660	80000bc4	00000013	addi	x0,x0,0	  x0:0x00000000
       16625000	      1661	80000bc8	fe1ff0ef	jal	x1,80000bc8	  x1=0x80000bc8
       16635000	      1662	00000000	00000013	addi	x0,x0,0	  x0:0x00000000
       16645000	      1663	80000ba4	00000013	addi	x0,x0,0	  x0:0x00000000
       16655000	      1664	80000ba8	fe1ff0ef	jal	x1,80000ba8	  x1=0x80000ba8
       16665000	      1665	00000000	00000013	addi	x0,x0,0	  x0:0x00000000
       16675000	      1666	80000b84	00000013	addi	x0,x0,0	  x0:0x00000000
       16685000	      1667	80000b88	05c0036f	jal	x6,80000b88	  x6=0x80000b88
       16695000	      1668	00000000	00000013	addi	x0,x0,0	  x0:0x00000000
       16705000	      1669	80000be0	00000013	addi	x0,x0,0	  x0:0x00000000
       16715000	      1670	80000be4	fa1ff0ef	jal	x1,80000be4	  x1=0x80000be4
       16725000	      1671	00000000	00000013	addi	x0,x0,0	  x0:0x00000000
       16735000	      1672	80000b80	00000013	addi	x0,x0,0	  x0:0x00000000
       16745000	      1673	80000b84	04c0066f	jal	x12,80000b84	 x12=0x80000b84
       16755000	      1674	00000000	00000013	addi	x0,x0,0	  x0:0x00000000
       16765000	      1675	80000bcc	00000013	addi	x0,x0,0	  x0:0x00000000
       16775000	      1676	80000bd0	0080066f	jal	x12,80000bd0	 x12=0x80000bd0
       16785000	      1677	00000000	00000013	addi	x0,x0,0	  x0:0x00000000
       16795000	      1678	80000bd4	00000013	addi	x0,x0,0	  x0:0x00000000
       16805000	      1679	80000bd8	fb9ff0ef	jal	x1,80000bd8	  x1=0x80000bd8
       16815000	      1680	00000000	00000013	addi	x0,x0,0	  x0:0x00000000
       16825000	      1681	80000b8c	00000013	addi	x0,x0,0	  x0:0x00000000
       16835000	      1682	80000b90	02c000ef	jal	x1,80000b90	  x1=0x80000b90
       16845000	      1683	00000000	00000013	addi	x0,x0,0	  x0:0x00000000
       16855000	      1684	80000bb8	00000013	addi	x0,x0,0	  x0:0x00000000
       16865000	      1685	80000bbc	fd1ff0ef	jal	x1,80000bbc	  x1=0x80000bbc
       16875000	      1686	00000000	00000013	addi	x0,x0,0	  x0:0x00000000
       16885000	      1687	80000b88	00000013	addi	x0,x0,0	  x0:0x00000000
       16895000	      1688	80000b8c	06000e6f	jal	x28,80000b8c	 x28=0x80000b8c
       16905000	      1689	00000000	00000013	addi	x0,x0,0	  x0:0x00000000
       16915000	      1690	80000be8	00000013	addi	x0,x0,0	  x0:0x00000000
       16925000	      1691	80000bec	1f68c893	xori	x17,x17,502	 x17:0x80000459 x17=0x800005af
       16935000	      1692	80000bf0	050000ef	jal	x1,80000bf0	  x1=0x80000bf0
       16945000	      1693	00000000	00000013	addi	x0,x0,0	  x0:0x00000000
       16955000	      1694	80000c3c	00000013	addi	x0,x0,0	  x0:0x00000000
       16965000	      1695	80000c40	fd1ff0ef	jal	x1,80000c40	  x1=0x80000c40
       16975000	      1696	00000000	00000013	addi	x0,x0,0	  x0:0x00000000
       16985000	      1697	80000c0c	00000013	addi	x0,x0,0	  x0:0x00000000
       16995000	      1698	80000c10	ff9ff0ef	jal	x1,80000c10	  x1=0x80000c10
       17005000	      1699	00000000	00000013	addi	x0,x0,0	  x0:0x00000000
       17015000	      1700	80000c04	00000013	addi	x0,x0,0	  x0:0x00000000
       17025000	      1701	80000c08	01c0036f	jal	x6,80000c08	  x6=0x80000c08
       17035000	      1702	00000000	00000013	addi	x0,x0,0	  x0:0x00000000
       17045000	      1703	80000c20	00000013	addi	x0,x0,0	  x0:0x00000000
       17055000	      1704	80000c24	00c0016f	jal	x2,80000c24	  x2=0x80000c24
       17065000	      1705	00000000	00000013	addi	x0,x0,0	  x0:0x00000000
       17075000	      1706	80000c2c	00000013	addi	x0,x0,0	  x0:0x00000000
       17085000	      1707	80000c30	fd5ffa6f	jal	x20,80000c30	 x20=0x80000c30
       17095000	      1708	00000000	00000013	addi	x0,x0,0	  x0:0x00000000
       17105000	      1709	80000c00	00000013	addi	x0,x0,0	  x0:0x00000000
       17115000	      1710	80000c04	0240036f	jal	x6,80000c04	  x6=0x80000c04
       17125000	      1711	00000000	00000013	addi	x0,x0,0	  x0:0x00000000
       17135000	      1712	80000c24	00000013	addi	x0,x0,0	  x0:0x00000000
       17145000	      1713	80000c28	010000ef	jal	x1,80000c28	  x1=0x80000c28
       17155000	      1714	00000000	00000013	addi	x0,x0,0	  x0:0x00000000
       17165000	      1715	80000c34	00000013	addi	x0,x0,0	  x0:0x00000000
       17175000	      1716	80000c38	fc1ff36f	jal	x6,80000c38	  x6=0x80000c38
       17185000	      1717	00000000	00000013	addi	x0,x0,0	  x0:0x00000000
       17195000	      1718	80000bf4	00000013	addi	x0,x0,0	  x0:0x00000000
       17205000	      1719	80000bf8	054000ef	jal	x1,80000bf8	  x1=0x80000bf8
       17215000	      1720	00000000	00000013	addi	x0,x0,0	  x0:0x00000000
       17225000	      1721	80000c48	00000013	addi	x0,x0,0	  x0:0x00000000
       17235000	      1722	80000c4c	fcdff36f	jal	x6,80000c4c	  x6=0x80000c4c
       17245000	      1723	00000000	00000013	addi	x0,x0,0	  x0:0x00000000
       17255000	      1724	80000c14	00000013	addi	x0,x0,0	  x0:0x00000000
       17265000	      1725	80000c18	0040016f	jal	x2,80000c18	  x2=0x80000c18
       17275000	      1726	00000000	00000013	addi	x0,x0,0	  x0:0x00000000
       17285000	      1727	80000c18	00000013	addi	x0,x0,0	  x0:0x00000000
       17295000	      1728	80000c1c	004004ef	jal	x9,80000c1c	  x9=0x80000c1c
       17305000	      1729	00000000	00000013	addi	x0,x0,0	  x0:0x00000000
       17315000	      1730	80000c1c	00000013	addi	x0,x0,0	  x0:0x00000000
       17325000	      1731	80000c20	fd5ff2ef	jal	x5,80000c20	  x5=0x80000c20
       17335000	      1732	00000000	00000013	addi	x0,x0,0	  x0:0x00000000
       17345000	      1733	80000bf0	00000013	addi	x0,x0,0	  x0:0x00000000
       17355000	      1734	80000bf4	03800bef	jal	x23,80000bf4	 x23=0x80000bf4
       17365000	      1735	00000000	00000013	addi	x0,x0,0	  x0:0x00000000
       17375000	      1736	80000c28	00000013	addi	x0,x0,0	  x0:0x00000000
       17385000	      1737	80000c2c	01c0036f	jal	x6,80000c2c	  x6=0x80000c2c
       17395000	      1738	00000000	00000013	addi	x0,x0,0	  x0:0x00000000
       17405000	      1739	80000c44	00000013	addi	x0,x0,0	  x0:0x00000000
       17415000	      1740	80000c48	fb9ff0ef	jal	x1,80000c48	  x1=0x80000c48
       17425000	      1741	00000000	00000013	addi	x0,x0,0	  x0:0x00000000
       17435000	      1742	80000bfc	00000013	addi	x0,x0,0	  x0:0x00000000
       17445000	      1743	80000c00	ffdff2ef	jal	x5,80000c00	  x5=0x80000c00
       17455000	      1744	00000000	00000013	addi	x0,x0,0	  x0:0x00000000
       17465000	      1745	80000bf8	00000013	addi	x0,x0,0	  x0:0x00000000
       17475000	      1746	80000bfc	038000ef	jal	x1,80000bfc	  x1=0x80000bfc
       17485000	      1747	00000000	00000013	addi	x0,x0,0	  x0:0x00000000
       17495000	      1748	80000c30	00000013	addi	x0,x0,0	  x0:0x00000000
       17505000	      1749	80000c34	008000ef	jal	x1,80000c34	  x1=0x80000c34
       17515000	      1750	00000000	00000013	addi	x0,x0,0	  x0:0x00000000
       17525000	      1751	80000c38	00000013	addi	x0,x0,0	  x0:0x00000000
       17535000	      1752	80000c3c	fd9ff0ef	jal	x1,80000c3c	  x1=0x80000c3c
       17545000	      1753	00000000	00000013	addi	x0,x0,0	  x0:0x00000000
       17555000	      1754	80000c10	00000013	addi	x0,x0,0	  x0:0x00000000
       17565000	      1755	80000c14	ff9ff0ef	jal	x1,80000c14	  x1=0x80000c14
       17575000	      1756	00000000	00000013	addi	x0,x0,0	  x0:0x00000000
       17585000	      1757	80000c08	00000013	addi	x0,x0,0	  x0:0x00000000
       17595000	      1758	80000c0c	038000ef	jal	x1,80000c0c	  x1=0x80000c0c
       17605000	      1759	00000000	00000013	addi	x0,x0,0	  x0:0x00000000
       17615000	      1760	80000c40	00000013	addi	x0,x0,0	  x0:0x00000000
       17625000	      1761	80000c44	00c0016f	jal	x2,80000c44	  x2=0x80000c44
       17635000	      1762	00000000	00000013	addi	x0,x0,0	  x0:0x00000000
       17645000	      1763	80000c4c	00000013	addi	x0,x0,0	  x0:0x00000000
       17655000	      1764	80000c50	01735293	srli	x5,x6,0x17	  x6:0x80000c2c  x5=0x00000100
       17665000	      1765	80000c54	014000ef	jal	x1,80000c54	  x1=0x80000c54
       17675000	      1766	00000000	00000013	addi	x0,x0,0	  x0:0x00000000
       17685000	      1767	80000c64	00000013	addi	x0,x0,0	  x0:0x00000000
       17695000	      1768	80000c68	00c000ef	jal	x1,80000c68	  x1=0x80000c68
       17705000	      1769	00000000	00000013	addi	x0,x0,0	  x0:0x00000000
       17715000	      1770	80000c70	00000013	addi	x0,x0,0	  x0:0x00000000
       17725000	      1771	80000c74	ff1ffb6f	jal	x22,80000c74	 x22=0x80000c74
       17735000	      1772	00000000	00000013	addi	x0,x0,0	  x0:0x00000000
       17745000	      1773	80000c60	00000013	addi	x0,x0,0	  x0:0x00000000
       17755000	      1774	80000c64	024006ef	jal	x13,80000c64	 x13=0x80000c64
       17765000	      1775	00000000	00000013	addi	x0,x0,0	  x0:0x00000000
       17775000	      1776	80000c84	00000013	addi	x0,x0,0	  x0:0x00000000
       17785000	      1777	80000c88	fd9ff0ef	jal	x1,80000c88	  x1=0x80000c88
       17795000	      1778	00000000	00000013	addi	x0,x0,0	  x0:0x00000000
       17805000	      1779	80000c5c	00000013	addi	x0,x0,0	  x0:0x00000000
       17815000	      1780	80000c60	01c000ef	jal	x1,80000c60	  x1=0x80000c60
       17825000	      1781	00000000	00000013	addi	x0,x0,0	  x0:0x00000000
       17835000	      1782	80000c78	00000013	addi	x0,x0,0	  x0:0x00000000
       17845000	      1783	80000c7c	010000ef	jal	x1,80000c7c	  x1=0x80000c7c
       17855000	      1784	00000000	00000013	addi	x0,x0,0	  x0:0x00000000
       17865000	      1785	80000c88	00000013	addi	x0,x0,0	  x0:0x00000000
       17875000	      1786	80000c8c	fe1ff16f	jal	x2,80000c8c	  x2=0x80000c8c
       17885000	      1787	00000000	00000013	addi	x0,x0,0	  x0:0x00000000
       17895000	      1788	80000c68	00000013	addi	x0,x0,0	  x0:0x00000000
       17905000	      1789	80000c6c	0140046f	jal	x8,80000c6c	  x8=0x80000c6c
       17915000	      1790	00000000	00000013	addi	x0,x0,0	  x0:0x00000000
       17925000	      1791	80000c7c	00000013	addi	x0,x0,0	  x0:0x00000000
       17935000	      1792	80000c80	0140076f	jal	x14,80000c80	 x14=0x80000c80
       17945000	      1793	00000000	00000013	addi	x0,x0,0	  x0:0x00000000
       17955000	      1794	80000c90	00000013	addi	x0,x0,0	  x0:0x00000000
       17965000	      1795	80000c94	fc5ff0ef	jal	x1,80000c94	  x1=0x80000c94
       17975000	      1796	00000000	00000013	addi	x0,x0,0	  x0:0x00000000
       17985000	      1797	80000c54	00000013	addi	x0,x0,0	  x0:0x00000000
       17995000	      1798	80000c58	020000ef	jal	x1,80000c58	  x1=0x80000c58
       18005000	      1799	00000000	00000013	addi	x0,x0,0	  x0:0x00000000
       18015000	      1800	80000c74	00000013	addi	x0,x0,0	  x0:0x00000000
       18025000	      1801	80000c78	0180016f	jal	x2,80000c78	  x2=0x80000c78
       18035000	      1802	00000000	00000013	addi	x0,x0,0	  x0:0x00000000
       18045000	      1803	80000c8c	00000013	addi	x0,x0,0	  x0:0x00000000
       18055000	      1804	80000c90	fcdffdef	jal	x27,80000c90	 x27=0x80000c90
       18065000	      1805	00000000	00000013	addi	x0,x0,0	  x0:0x00000000
       18075000	      1806	80000c58	00000013	addi	x0,x0,0	  x0:0x00000000
       18085000	      1807	80000c5c	014000ef	jal	x1,80000c5c	  x1=0x80000c5c
       18095000	      1808	00000000	00000013	addi	x0,x0,0	  x0:0x00000000
       18105000	      1809	80000c6c	00000013	addi	x0,x0,0	  x0:0x00000000
       18115000	      1810	80000c70	014000ef	jal	x1,80000c70	  x1=0x80000c70
       18125000	      1811	00000000	00000013	addi	x0,x0,0	  x0:0x00000000
       18135000	      1812	80000c80	00000013	addi	x0,x0,0	  x0:0x00000000
       18145000	      1813	80000c84	0140036f	jal	x6,80000c84	  x6=0x80000c84
       18155000	      1814	00000000	00000013	addi	x0,x0,0	  x0:0x00000000
       18165000	      1815	80000c94	00000013	addi	x0,x0,0	  x0:0x00000000
       18175000	      1816	80000c98	01abd633	srl	x12,x23,x26	 x23:0x80000bf4 x26:0x00000010 x12=0x00008000
       18185000	      1817	80000c9c	020000ef	jal	x1,80000c9c	  x1=0x80000c9c
       18195000	      1818	00000000	00000013	addi	x0,x0,0	  x0:0x00000000
       18205000	      1819	80000cb8	00000013	addi	x0,x0,0	  x0:0x00000000
       18215000	      1820	80000cbc	ffdff66f	jal	x12,80000cbc	 x12=0x80000cbc
       18225000	      1821	00000000	00000013	addi	x0,x0,0	  x0:0x00000000
       18235000	      1822	80000cb4	00000013	addi	x0,x0,0	  x0:0x00000000
       18245000	      1823	80000cb8	00c000ef	jal	x1,80000cb8	  x1=0x80000cb8
       18255000	      1824	00000000	00000013	addi	x0,x0,0	  x0:0x00000000
       18265000	      1825	80000cc0	00000013	addi	x0,x0,0	  x0:0x00000000
       18275000	      1826	80000cc4	0040026f	jal	x4,80000cc4	  x4=0x80000cc4
       18285000	      1827	00000000	00000013	addi	x0,x0,0	  x0:0x00000000
       18295000	      1828	80000cc4	00000013	addi	x0,x0,0	  x0:0x00000000
       18305000	      1829	80000cc8	030000ef	jal	x1,80000cc8	  x1=0x80000cc8
       18315000	      1830	00000000	00000013	addi	x0,x0,0	  x0:0x00000000
       18325000	      1831	80000cf4	00000013	addi	x0,x0,0	  x0:0x00000000
       18335000	      1832	80000cf8	fd5ff0ef	jal	x1,80000cf8	  x1=0x80000cf8
       18345000	      1833	00000000	00000013	addi	x0,x0,0	  x0:0x00000000
       18355000	      1834	80000cc8	00000013	addi	x0,x0,0	  x0:0x00000000
       18365000	      1835	80000ccc	01000e6f	jal	x28,80000ccc	 x28=0x80000ccc
       18375000	      1836	00000000	00000013	addi	x0,x0,0	  x0:0x00000000
       18385000	      1837	80000cd8	00000013	addi	x0,x0,0	  x0:0x00000000
       18395000	      1838	80000cdc	fcdff0ef	jal	x1,80000cdc	  x1=0x80000cdc
       18405000	      1839	00000000	00000013	addi	x0,x0,0	  x0:0x00000000
       18415000	      1840	80000ca4	00000013	addi	x0,x0,0	  x0:0x00000000
       18425000	      1841	80000ca8	040005ef	jal	x11,80000ca8	 x11=0x80000ca8
       18435000	      1842	00000000	00000013	addi	x0,x0,0	  x0:0x00000000
       18445000	      1843	80000ce4	00000013	addi	x0,x0,0	  x0:0x00000000
       18455000	      1844	80000ce8	fedff16f	jal	x2,80000ce8	  x2=0x80000ce8
       18465000	      1845	00000000	00000013	addi	x0,x0,0	  x0:0x00000000
       18475000	      1846	80000cd0	00000013	addi	x0,x0,0	  x0:0x00000000
       18485000	      1847	80000cd4	fddff0ef	jal	x1,80000cd4	  x1=0x80000cd4
       18495000	      1848	00000000	00000013	addi	x0,x0,0	  x0:0x00000000
       18505000	      1849	80000cac	00000013	addi	x0,x0,0	  x0:0x00000000
       18515000	      1850	80000cb0	0040036f	jal	x6,80000cb0	  x6=0x80000cb0
       18525000	      1851	00000000	00000013	addi	x0,x0,0	  x0:0x00000000
       18535000	      1852	80000cb0	00000013	addi	x0,x0,0	  x0:0x00000000
       18545000	      1853	80000cb4	03c009ef	jal	x19,80000cb4	 x19=0x80000cb4
       18555000	      1854	00000000	00000013	addi	x0,x0,0	  x0:0x00000000
       18565000	      1855	80000cec	00000013	addi	x0,x0,0	  x0:0x00000000
       18575000	      1856	80000cf0	fe1ff0ef	jal	x1,80000cf0	  x1=0x80000cf0
       18585000	      1857	00000000	00000013	addi	x0,x0,0	  x0:0x00000000
       18595000	      1858	80000ccc	00000013	addi	x0,x0,0	  x0:0x00000000
       18605000	      1859	80000cd0	0080036f	jal	x6,80000cd0	  x6=0x80000cd0
       18615000	      1860	00000000	00000013	addi	x0,x0,0	  x0:0x00000000
       18625000	      1861	80000cd4	00000013	addi	x0,x0,0	  x0:0x00000000
       18635000	      1862	80000cd8	fe9ff0ef	jal	x1,80000cd8	  x1=0x80000cd8
       18645000	      1863	00000000	00000013	addi	x0,x0,0	  x0:0x00000000
       18655000	      1864	80000cbc	00000013	addi	x0,x0,0	  x0:0x00000000
       18665000	      1865	80000cc0	03400f6f	jal	x30,80000cc0	 x30=0x80000cc0
       18675000	      1866	00000000	00000013	addi	x0,x0,0	  x0:0x00000000
       18685000	      1867	80000cf0	00000013	addi	x0,x0,0	  x0:0x00000000
       18695000	      1868	80000cf4	ff1ff36f	jal	x6,80000cf4	  x6=0x80000cf4
       18705000	      1869	00000000	00000013	addi	x0,x0,0	  x0:0x00000000
       18715000	      1870	80000ce0	00000013	addi	x0,x0,0	  x0:0x00000000
       18725000	      1871	80000ce4	ffdff36f	jal	x6,80000ce4	  x6=0x80000ce4
       18735000	      1872	00000000	00000013	addi	x0,x0,0	  x0:0x00000000
       18745000	      1873	80000cdc	00000013	addi	x0,x0,0	  x0:0x00000000
       18755000	      1874	80000ce0	fc1ff1ef	jal	x3,80000ce0	  x3=0x80000ce0
       18765000	      1875	00000000	00000013	addi	x0,x0,0	  x0:0x00000000
       18775000	      1876	80000c9c	00000013	addi	x0,x0,0	  x0:0x00000000
       18785000	      1877	80000ca0	0040036f	jal	x6,80000ca0	  x6=0x80000ca0
       18795000	      1878	00000000	00000013	addi	x0,x0,0	  x0:0x00000000
       18805000	      1879	80000ca0	00000013	addi	x0,x0,0	  x0:0x00000000
       18815000	      1880	80000ca4	05c0036f	jal	x6,80000ca4	  x6=0x80000ca4
       18825000	      1881	00000000	00000013	addi	x0,x0,0	  x0:0x00000000
       18835000	      1882	80000cfc	00000013	addi	x0,x0,0	  x0:0x00000000
       18845000	      1883	80000d00	fadff0ef	jal	x1,80000d00	  x1=0x80000d00
       18855000	      1884	00000000	00000013	addi	x0,x0,0	  x0:0x00000000
       18865000	      1885	80000ca8	00000013	addi	x0,x0,0	  x0:0x00000000
       18875000	      1886	80000cac	040000ef	jal	x1,80000cac	  x1=0x80000cac
       18885000	      1887	00000000	00000013	addi	x0,x0,0	  x0:0x00000000
       18895000	      1888	80000ce8	00000013	addi	x0,x0,0	  x0:0x00000000
       18905000	      1889	80000cec	010000ef	jal	x1,80000cec	  x1=0x80000cec
       18915000	      1890	00000000	00000013	addi	x0,x0,0	  x0:0x00000000
       18925000	      1891	80000cf8	00000013	addi	x0,x0,0	  x0:0x00000000
       18935000	      1892	80000cfc	0080036f	jal	x6,80000cfc	  x6=0x80000cfc
       18945000	      1893	00000000	00000013	addi	x0,x0,0	  x0:0x00000000
       18955000	      1894	80000d00	00000013	addi	x0,x0,0	  x0:0x00000000
       18965000	      1895	80000d04	004004ef	jal	x9,80000d04	  x9=0x80000d04
       18975000	      1896	00000000	00000013	addi	x0,x0,0	  x0:0x00000000
       18985000	      1897	80000d04	00000013	addi	x0,x0,0	  x0:0x00000000
       18995000	      1898	80000d08	01046233	or	x4,x8,x16	  x8:0x80000c6c x16:0x80000848  x4=0x80000c6c
       19005000	      1899	80000d0c	02c000ef	jal	x1,80000d0c	  x1=0x80000d0c
       19015000	      1900	00000000	00000013	addi	x0,x0,0	  x0:0x00000000
       19025000	      1901	80000d34	00000013	addi	x0,x0,0	  x0:0x00000000
       19035000	      1902	80000d38	fddff8ef	jal	x17,80000d38	 x17=0x80000d38
       19045000	      1903	00000000	00000013	addi	x0,x0,0	  x0:0x00000000
       19055000	      1904	80000d10	00000013	addi	x0,x0,0	  x0:0x00000000
       19065000	      1905	80000d14	020000ef	jal	x1,80000d14	  x1=0x80000d14
       19075000	      1906	00000000	00000013	addi	x0,x0,0	  x0:0x00000000
       19085000	      1907	80000d30	00000013	addi	x0,x0,0	  x0:0x00000000
       19095000	      1908	80000d34	ff1ff36f	jal	x6,80000d34	  x6=0x80000d34
       19105000	      1909	00000000	00000013	addi	x0,x0,0	  x0:0x00000000
       19115000	      1910	80000d20	00000013	addi	x0,x0,0	  x0:0x00000000
       19125000	      1911	80000d24	00400cef	jal	x25,80000d24	 x25=0x80000d24
       19135000	      1912	00000000	00000013	addi	x0,x0,0	  x0:0x00000000
       19145000	      1913	80000d24	00000013	addi	x0,x0,0	  x0:0x00000000
       19155000	      1914	80000d28	0040036f	jal	x6,80000d28	  x6=0x80000d28
       19165000	      1915	00000000	00000013	addi	x0,x0,0	  x0:0x00000000
       19175000	      1916	80000d28	00000013	addi	x0,x0,0	  x0:0x00000000
       19185000	      1917	80000d2c	fedffb6f	jal	x22,80000d2c	 x22=0x80000d2c
       19195000	      1918	00000000	00000013	addi	x0,x0,0	  x0:0x00000000
       19205000	      1919	80000d14	00000013	addi	x0,x0,0	  x0:0x00000000
       19215000	      1920	80000d18	0280046f	jal	x8,80000d18	  x8=0x80000d18
       19225000	      1921	00000000	00000013	addi	x0,x0,0	  x0:0x00000000
       19235000	      1922	80000d3c	00000013	addi	x0,x0,0	  x0:0x00000000
       19245000	      1923	80000d40	fd1ffbef	jal	x23,80000d40	 x23=0x80000d40
       19255000	      1924	00000000	00000013	addi	x0,x0,0	  x0:0x00000000
       19265000	      1925	80000d0c	00000013	addi	x0,x0,0	  x0:0x00000000
       19275000	      1926	80000d10	00c000ef	jal	x1,80000d10	  x1=0x80000d10
       19285000	      1927	00000000	00000013	addi	x0,x0,0	  x0:0x00000000
       19295000	      1928	80000d18	00000013	addi	x0,x0,0	  x0:0x00000000
       19305000	      1929	80000d1c	004000ef	jal	x1,80000d1c	  x1=0x80000d1c
       19315000	      1930	00000000	00000013	addi	x0,x0,0	  x0:0x00000000
       19325000	      1931	80000d1c	00000013	addi	x0,x0,0	  x0:0x00000000
       19335000	      1932	80000d20	0240016f	jal	x2,80000d20	  x2=0x80000d20
       19345000	      1933	00000000	00000013	addi	x0,x0,0	  x0:0x00000000
       19355000	      1934	80000d40	00000013	addi	x0,x0,0	  x0:0x00000000
       19365000	      1935	80000d44	ff9ff0ef	jal	x1,80000d44	  x1=0x80000d44
       19375000	      1936	00000000	00000013	addi	x0,x0,0	  x0:0x00000000
       19385000	      1937	80000d38	00000013	addi	x0,x0,0	  x0:0x00000000
       19395000	      1938	80000d3c	ff5ff76f	jal	x14,80000d3c	 x14=0x80000d3c
       19405000	      1939	00000000	00000013	addi	x0,x0,0	  x0:0x00000000
       19415000	      1940	80000d2c	00000013	addi	x0,x0,0	  x0:0x00000000
       19425000	      1941	80000d30	0180026f	jal	x4,80000d30	  x4=0x80000d30
       19435000	      1942	00000000	00000013	addi	x0,x0,0	  x0:0x00000000
       19445000	      1943	80000d44	00000013	addi	x0,x0,0	  x0:0x00000000
       19455000	      1944	80000d48	014bb533	sltu	x10,x23,x20	 x23:0x80000d40 x20:0x80000c30 x10=0x00000000
       19465000	      1945	80000d4c	04c000ef	jal	x1,80000d4c	  x1=0x80000d4c
       19475000	      1946	00000000	00000013	addi	x0,x0,0	  x0:0x00000000
       19485000	      1947	80000d94	00000013	addi	x0,x0,0	  x0:0x00000000
       19495000	      1948	80000d98	fc5fff6f	jal	x30,80000d98	 x30=0x80000d98
       19505000	      1949	00000000	00000013	addi	x0,x0,0	  x0:0x00000000
       19515000	      1950	80000d58	00000013	addi	x0,x0,0	  x0:0x00000000
       19525000	      1951	80000d5c	0100036f	jal	x6,80000d5c	  x6=0x80000d5c
       19535000	      1952	00000000	00000013	addi	x0,x0,0	  x0:0x00000000
       19545000	      1953	80000d68	00000013	addi	x0,x0,0	  x0:0x00000000
       19555000	      1954	80000d6c	fe9ff0ef	jal	x1,80000d6c	  x1=0x80000d6c
       19565000	      1955	00000000	00000013	addi	x0,x0,0	  x0:0x00000000
       19575000	      1956	80000d50	00000013	addi	x0,x0,0	  x0:0x00000000
       19585000	      1957	80000d54	02c000ef	jal	x1,80000d54	  x1=0x80000d54
       19595000	      1958	00000000	00000013	addi	x0,x0,0	  x0:0x00000000
       19605000	      1959	80000d7c	00000013	addi	x0,x0,0	  x0:0x00000000
       19615000	      1960	80000d80	ffdff16f	jal	x2,80000d80	  x2=0x80000d80
       19625000	      1961	00000000	00000013	addi	x0,x0,0	  x0:0x00000000
       19635000	      1962	80000d78	00000013	addi	x0,x0,0	  x0:0x00000000
       19645000	      1963	80000d7c	fe9ff0ef	jal	x1,80000d7c	  x1=0x80000d7c
       19655000	      1964	00000000	00000013	addi	x0,x0,0	  x0:0x00000000
       19665000	      1965	80000d60	00000013	addi	x0,x0,0	  x0:0x00000000
       19675000	      1966	80000d64	ff5ff0ef	jal	x1,80000d64	  x1=0x80000d64
       19685000	      1967	00000000	00000013	addi	x0,x0,0	  x0:0x00000000
       19695000	      1968	80000d54	00000013	addi	x0,x0,0	  x0:0x00000000
       19705000	      1969	80000d58	0440036f	jal	x6,80000d58	  x6=0x80000d58
       19715000	      1970	00000000	00000013	addi	x0,x0,0	  x0:0x00000000
       19725000	      1971	80000d98	00000013	addi	x0,x0,0	  x0:0x00000000
       19735000	      1972	80000d9c	008000ef	jal	x1,80000d9c	  x1=0x80000d9c
       19745000	      1973	00000000	00000013	addi	x0,x0,0	  x0:0x00000000
       19755000	      1974	80000da0	00000013	addi	x0,x0,0	  x0:0x00000000
       19765000	      1975	80000da4	fc5ff36f	jal	x6,80000da4	  x6=0x80000da4
       19775000	      1976	00000000	00000013	addi	x0,x0,0	  x0:0x00000000
       19785000	      1977	80000d64	00000013	addi	x0,x0,0	  x0:0x00000000
       19795000	      1978	80000d68	040004ef	jal	x9,80000d68	  x9=0x80000d68
       19805000	      1979	00000000	00000013	addi	x0,x0,0	  x0:0x00000000
       19815000	      1980	80000da4	00000013	addi	x0,x0,0	  x0:0x00000000
       19825000	      1981	80000da8	fa9ff0ef	jal	x1,80000da8	  x1=0x80000da8
       19835000	      1982	00000000	00000013	addi	x0,x0,0	  x0:0x00000000
       19845000	      1983	80000d4c	00000013	addi	x0,x0,0	  x0:0x00000000
       19855000	      1984	80000d50	0640016f	jal	x2,80000d50	  x2=0x80000d50
       19865000	      1985	00000000	00000013	addi	x0,x0,0	  x0:0x00000000
       19875000	      1986	80000db0	00000013	addi	x0,x0,0	  x0:0x00000000
       19885000	      1987	80000db4	fedff76f	jal	x14,80000db4	 x14=0x80000db4
       19895000	      1988	00000000	00000013	addi	x0,x0,0	  x0:0x00000000
       19905000	      1989	80000d9c	00000013	addi	x0,x0,0	  x0:0x00000000
       19915000	      1990	80000da0	fe5ff0ef	jal	x1,80000da0	  x1=0x80000da0
       19925000	      1991	00000000	00000013	addi	x0,x0,0	  x0:0x00000000
       19935000	      1992	80000d80	00000013	addi	x0,x0,0	  x0:0x00000000
       19945000	      1993	80000d84	fddff0ef	jal	x1,80000d84	  x1=0x80000d84
       19955000	      1994	00000000	00000013	addi	x0,x0,0	  x0:0x00000000
       19965000	      1995	80000d5c	00000013	addi	x0,x0,0	  x0:0x00000000
       19975000	      1996	80000d60	0180036f	jal	x6,80000d60	  x6=0x80000d60
       19985000	      1997	00000000	00000013	addi	x0,x0,0	  x0:0x00000000
       19995000	      1998	80000d74	00000013	addi	x0,x0,0	  x0:0x00000000
       20005000	      1999	80000d78	03400d6f	jal	x26,80000d78	 x26=0x80000d78
       20015000	      2000	00000000	00000013	addi	x0,x0,0	  x0:0x00000000
       20025000	      2001	80000da8	00000013	addi	x0,x0,0	  x0:0x00000000
       20035000	      2002	80000dac	fe9ff0ef	jal	x1,80000dac	  x1=0x80000dac
       20045000	      2003	00000000	00000013	addi	x0,x0,0	  x0:0x00000000
       20055000	      2004	80000d90	00000013	addi	x0,x0,0	  x0:0x00000000
       20065000	      2005	80000d94	fddff0ef	jal	x1,80000d94	  x1=0x80000d94
       20075000	      2006	00000000	00000013	addi	x0,x0,0	  x0:0x00000000
       20085000	      2007	80000d6c	00000013	addi	x0,x0,0	  x0:0x00000000
       20095000	      2008	80000d70	01c0036f	jal	x6,80000d70	  x6=0x80000d70
       20105000	      2009	00000000	00000013	addi	x0,x0,0	  x0:0x00000000
       20115000	      2010	80000d88	00000013	addi	x0,x0,0	  x0:0x00000000
       20125000	      2011	80000d8c	004005ef	jal	x11,80000d8c	 x11=0x80000d8c
       20135000	      2012	00000000	00000013	addi	x0,x0,0	  x0:0x00000000
       20145000	      2013	80000d8c	00000013	addi	x0,x0,0	  x0:0x00000000
       20155000	      2014	80000d90	fe5ff0ef	jal	x1,80000d90	  x1=0x80000d90
       20165000	      2015	00000000	00000013	addi	x0,x0,0	  x0:0x00000000
       20175000	      2016	80000d70	00000013	addi	x0,x0,0	  x0:0x00000000
       20185000	      2017	80000d74	03c000ef	jal	x1,80000d74	  x1=0x80000d74
       20195000	      2018	00000000	00000013	addi	x0,x0,0	  x0:0x00000000
       20205000	      2019	80000dac	00000013	addi	x0,x0,0	  x0:0x00000000
       20215000	      2020	80000db0	fd9ff3ef	jal	x7,80000db0	  x7=0x80000db0
       20225000	      2021	00000000	00000013	addi	x0,x0,0	  x0:0x00000000
       20235000	      2022	80000d84	00000013	addi	x0,x0,0	  x0:0x00000000
       20245000	      2023	80000d88	030000ef	jal	x1,80000d88	  x1=0x80000d88
       20255000	      2024	00000000	00000013	addi	x0,x0,0	  x0:0x00000000
       20265000	      2025	80000db4	00000013	addi	x0,x0,0	  x0:0x00000000
       20275000	      2026	80000db8	41c9da33	sra	x20,x19,x28	 x19:0x80000cb4 x28:0x80000ccc x20=0xfff80000
       20285000	      2027	80000dbc	03c000ef	jal	x1,80000dbc	  x1=0x80000dbc
       20295000	      2028	00000000	00000013	addi	x0,x0,0	  x0:0x00000000
       20305000	      2029	80000df4	00000013	addi	x0,x0,0	  x0:0x00000000
       20315000	      2030	80000df8	0240066f	jal	x12,80000df8	 x12=0x80000df8
       20325000	      2031	00000000	00000013	addi	x0,x0,0	  x0:0x00000000
       20335000	      2032	80000e18	00000013	addi	x0,x0,0	  x0:0x00000000
       20345000	      2033	80000e1c	fadff46f	jal	x8,80000e1c	  x8=0x80000e1c
       20355000	      2034	00000000	00000013	addi	x0,x0,0	  x0:0x00000000
       20365000	      2035	80000dc4	00000013	addi	x0,x0,0	  x0:0x00000000
       20375000	      2036	80000dc8	0440036f	jal	x6,80000dc8	  x6=0x80000dc8
       20385000	      2037	00000000	00000013	addi	x0,x0,0	  x0:0x00000000
       20395000	      2038	80000e08	00000013	addi	x0,x0,0	  x0:0x00000000
       20405000	      2039	80000e0c	004000ef	jal	x1,80000e0c	  x1=0x80000e0c
       20415000	      2040	00000000	00000013	addi	x0,x0,0	  x0:0x00000000
       20425000	      2041	80000e0c	00000013	addi	x0,x0,0	  x0:0x00000000
       20435000	      2042	80000e10	ff9ff0ef	jal	x1,80000e10	  x1=0x80000e10
       20445000	      2043	00000000	00000013	addi	x0,x0,0	  x0:0x00000000
       20455000	      2044	80000e04	00000013	addi	x0,x0,0	  x0:0x00000000
       20465000	      2045	80000e08	01c0036f	jal	x6,80000e08	  x6=0x80000e08
       20475000	      2046	00000000	00000013	addi	x0,x0,0	  x0:0x00000000
       20485000	      2047	80000e20	00000013	addi	x0,x0,0	  x0:0x00000000
       20495000	      2048	80000e24	fd9ff0ef	jal	x1,80000e24	  x1=0x80000e24
       20505000	      2049	00000000	00000013	addi	x0,x0,0	  x0:0x00000000
       20515000	      2050	80000df8	00000013	addi	x0,x0,0	  x0:0x00000000
       20525000	      2051	80000dfc	fe9ff0ef	jal	x1,80000dfc	  x1=0x80000dfc
       20535000	      2052	00000000	00000013	addi	x0,x0,0	  x0:0x00000000
       20545000	      2053	80000de0	00000013	addi	x0,x0,0	  x0:0x00000000
       20555000	      2054	80000de4	00c00a6f	jal	x20,80000de4	 x20=0x80000de4
       20565000	      2055	00000000	00000013	addi	x0,x0,0	  x0:0x00000000
       20575000	      2056	80000dec	00000013	addi	x0,x0,0	  x0:0x00000000
       20585000	      2057	80000df0	fe5ff36f	jal	x6,80000df0	  x6=0x80000df0
       20595000	      2058	00000000	00000013	addi	x0,x0,0	  x0:0x00000000
       20605000	      2059	80000dd0	00000013	addi	x0,x0,0	  x0:0x00000000
       20615000	      2060	80000dd4	fedffcef	jal	x25,80000dd4	 x25=0x80000dd4
       20625000	      2061	00000000	00000013	addi	x0,x0,0	  x0:0x00000000
       20635000	      2062	80000dbc	00000013	addi	x0,x0,0	  x0:0x00000000
       20645000	      2063	80000dc0	040000ef	jal	x1,80000dc0	  x1=0x80000dc0
       20655000	      2064	00000000	00000013	addi	x0,x0,0	  x0:0x00000000
       20665000	      2065	80000dfc	00000013	addi	x0,x0,0	  x0:0x00000000
       20675000	      2066	80000e00	fedff0ef	jal	x1,80000e00	  x1=0x80000e00
       20685000	      2067	00000000	00000013	addi	x0,x0,0	  x0:0x00000000
       20695000	      2068	80000de8	00000013	addi	x0,x0,0	  x0:0x00000000
       20705000	      2069	80000dec	fd9ffcef	jal	x25,80000dec	 x25=0x80000dec
       20715000	      2070	00000000	00000013	addi	x0,x0,0	  x0:0x00000000
       20725000	      2071	80000dc0	00000013	addi	x0,x0,0	  x0:0x00000000
       20735000	      2072	80000dc4	00c000ef	jal	x1,80000dc4	  x1=0x80000dc4
       20745000	      2073	00000000	00000013	addi	x0,x0,0	  x0:0x00000000
       20755000	      2074	80000dcc	00000013	addi	x0,x0,0	  x0:0x00000000
       20765000	      2075	80000dd0	ffdff0ef	jal	x1,80000dd0	  x1=0x80000dd0
       20775000	      2076	00000000	00000013	addi	x0,x0,0	  x0:0x00000000
       20785000	      2077	80000dc8	00000013	addi	x0,x0,0	  x0:0x00000000
       20795000	      2078	80000dcc	05c007ef	jal	x15,80000dcc	 x15=0x80000dcc
       20805000	      2079	00000000	00000013	addi	x0,x0,0	  x0:0x00000000
       20815000	      2080	80000e24	00000013	addi	x0,x0,0	  x0:0x00000000
       20825000	      2081	80000e28	fc1ff0ef	jal	x1,80000e28	  x1=0x80000e28
       20835000	      2082	00000000	00000013	addi	x0,x0,0	  x0:0x00000000
       20845000	      2083	80000de4	00000013	addi	x0,x0,0	  x0:0x00000000
       20855000	      2084	80000de8	ff5ff56f	jal	x10,80000de8	 x10=0x80000de8
       20865000	      2085	00000000	00000013	addi	x0,x0,0	  x0:0x00000000
       20875000	      2086	80000dd8	00000013	addi	x0,x0,0	  x0:0x00000000
       20885000	      2087	80000ddc	03c000ef	jal	x1,80000ddc	  x1=0x80000ddc
       20895000	      2088	00000000	00000013	addi	x0,x0,0	  x0:0x00000000
       20905000	      2089	80000e14	00000013	addi	x0,x0,0	  x0:0x00000000
       20915000	      2090	80000e18	fc9ff9ef	jal	x19,80000e18	 x19=0x80000e18
       20925000	      2091	00000000	00000013	addi	x0,x0,0	  x0:0x00000000
       20935000	      2092	80000ddc	00000013	addi	x0,x0,0	  x0:0x00000000
       20945000	      2093	80000de0	040000ef	jal	x1,80000de0	  x1=0x80000de0
       20955000	      2094	00000000	00000013	addi	x0,x0,0	  x0:0x00000000
       20965000	      2095	80000e1c	00000013	addi	x0,x0,0	  x0:0x00000000
       20975000	      2096	80000e20	00c0056f	jal	x10,80000e20	 x10=0x80000e20
       20985000	      2097	00000000	00000013	addi	x0,x0,0	  x0:0x00000000
       20995000	      2098	80000e28	00000013	addi	x0,x0,0	  x0:0x00000000
       21005000	      2099	80000e2c	fc9ff2ef	jal	x5,80000e2c	  x5=0x80000e2c
       21015000	      2100	00000000	00000013	addi	x0,x0,0	  x0:0x00000000
       21025000	      2101	80000df0	00000013	addi	x0,x0,0	  x0:0x00000000
       21035000	      2102	80000df4	020000ef	jal	x1,80000df4	  x1=0x80000df4
       21045000	      2103	00000000	00000013	addi	x0,x0,0	  x0:0x00000000
       21055000	      2104	80000e10	00000013	addi	x0,x0,0	  x0:0x00000000
       21065000	      2105	80000e14	fc5ffe6f	jal	x28,80000e14	 x28=0x80000e14
       21075000	      2106	00000000	00000013	addi	x0,x0,0	  x0:0x00000000
       21085000	      2107	80000dd4	00000013	addi	x0,x0,0	  x0:0x00000000
       21095000	      2108	80000dd8	02c009ef	jal	x19,80000dd8	 x19=0x80000dd8
       21105000	      2109	00000000	00000013	addi	x0,x0,0	  x0:0x00000000
       21115000	      2110	80000e00	00000013	addi	x0,x0,0	  x0:0x00000000
       21125000	      2111	80000e04	02c000ef	jal	x1,80000e04	  x1=0x80000e04
       21135000	      2112	00000000	00000013	addi	x0,x0,0	  x0:0x00000000
       21145000	      2113	80000e2c	00000013	addi	x0,x0,0	  x0:0x00000000
       21155000	      2114	80000e30	00882f33	slt	x30,x16,x8	 x16:0x80000848  x8:0x80000e1c x30=0x00000001
       21165000	      2115	80000e34	008000ef	jal	x1,80000e34	  x1=0x80000e34
       21175000	      2116	00000000	00000013	addi	x0,x0,0	  x0:0x00000000
       21185000	      2117	80000e38	00000013	addi	x0,x0,0	  x0:0x00000000
       21195000	      2118	80000e3c	00c0026f	jal	x4,80000e3c	  x4=0x80000e3c
       21205000	      2119	00000000	00000013	addi	x0,x0,0	  x0:0x00000000
       21215000	      2120	80000e44	00000013	addi	x0,x0,0	  x0:0x00000000
       21225000	      2121	80000e48	0040036f	jal	x6,80000e48	  x6=0x80000e48
       21235000	      2122	00000000	00000013	addi	x0,x0,0	  x0:0x00000000
       21245000	      2123	80000e48	00000013	addi	x0,x0,0	  x0:0x00000000
       21255000	      2124	80000e4c	0040026f	jal	x4,80000e4c	  x4=0x80000e4c
       21265000	      2125	00000000	00000013	addi	x0,x0,0	  x0:0x00000000
       21275000	      2126	80000e4c	00000013	addi	x0,x0,0	  x0:0x00000000
       21285000	      2127	80000e50	030007ef	jal	x15,80000e50	 x15=0x80000e50
       21295000	      2128	00000000	00000013	addi	x0,x0,0	  x0:0x00000000
       21305000	      2129	80000e7c	00000013	addi	x0,x0,0	  x0:0x00000000
       21315000	      2130	80000e80	fe1ff0ef	jal	x1,80000e80	  x1=0x80000e80
       21325000	      2131	00000000	00000013	addi	x0,x0,0	  x0:0x00000000
       21335000	      2132	80000e5c	00000013	addi	x0,x0,0	  x0:0x00000000
       21345000	      2133	80000e60	014000ef	jal	x1,80000e60	  x1=0x80000e60
       21355000	      2134	00000000	00000013	addi	x0,x0,0	  x0:0x00000000
       21365000	      2135	80000e70	00000013	addi	x0,x0,0	  x0:0x00000000
       21375000	      2136	80000e74	0140036f	jal	x6,80000e74	  x6=0x80000e74
       21385000	      2137	00000000	00000013	addi	x0,x0,0	  x0:0x00000000
       21395000	      2138	80000e84	00000013	addi	x0,x0,0	  x0:0x00000000
       21405000	      2139	80000e88	ff5ff0ef	jal	x1,80000e88	  x1=0x80000e88
       21415000	      2140	00000000	00000013	addi	x0,x0,0	  x0:0x00000000
       21425000	      2141	80000e78	00000013	addi	x0,x0,0	  x0:0x00000000
       21435000	      2142	80000e7c	fd9ff16f	jal	x2,80000e7c	  x2=0x80000e7c
       21445000	      2143	00000000	00000013	addi	x0,x0,0	  x0:0x00000000
       21455000	      2144	80000e50	00000013	addi	x0,x0,0	  x0:0x00000000
       21465000	      2145	80000e54	01c000ef	jal	x1,80000e54	  x1=0x80000e54
       21475000	      2146	00000000	00000013	addi	x0,x0,0	  x0:0x00000000
       21485000	      2147	80000e6c	00000013	addi	x0,x0,0	  x0:0x00000000
       21495000	      2148	80000e70	ff5ff36f	jal	x6,80000e70	  x6=0x80000e70
       21505000	      2149	00000000	00000013	addi	x0,x0,0	  x0:0x00000000
       21515000	      2150	80000e60	00000013	addi	x0,x0,0	  x0:0x00000000
       21525000	      2151	80000e64	014000ef	jal	x1,80000e64	  x1=0x80000e64
       21535000	      2152	00000000	00000013	addi	x0,x0,0	  x0:0x00000000
       21545000	      2153	80000e74	00000013	addi	x0,x0,0	  x0:0x00000000
       21555000	      2154	80000e78	fc9ffeef	jal	x29,80000e78	 x29=0x80000e78
       21565000	      2155	00000000	00000013	addi	x0,x0,0	  x0:0x00000000
       21575000	      2156	80000e3c	00000013	addi	x0,x0,0	  x0:0x00000000
       21585000	      2157	80000e40	018000ef	jal	x1,80000e40	  x1=0x80000e40
       21595000	      2158	00000000	00000013	addi	x0,x0,0	  x0:0x00000000
       21605000	      2159	80000e54	00000013	addi	x0,x0,0	  x0:0x00000000
       21615000	      2160	80000e58	fedff0ef	jal	x1,80000e58	  x1=0x80000e58
       21625000	      2161	00000000	00000013	addi	x0,x0,0	  x0:0x00000000
       21635000	      2162	80000e40	00000013	addi	x0,x0,0	  x0:0x00000000
       21645000	      2163	80000e44	018000ef	jal	x1,80000e44	  x1=0x80000e44
       21655000	      2164	00000000	00000013	addi	x0,x0,0	  x0:0x00000000
       21665000	      2165	80000e58	00000013	addi	x0,x0,0	  x0:0x00000000
       21675000	      2166	80000e5c	fddff0ef	jal	x1,80000e5c	  x1=0x80000e5c
       21685000	      2167	00000000	00000013	addi	x0,x0,0	  x0:0x00000000
       21695000	      2168	80000e34	00000013	addi	x0,x0,0	  x0:0x00000000
       21705000	      2169	80000e38	030000ef	jal	x1,80000e38	  x1=0x80000e38
       21715000	      2170	00000000	00000013	addi	x0,x0,0	  x0:0x00000000
       21725000	      2171	80000e64	00000013	addi	x0,x0,0	  x0:0x00000000
       21735000	      2172	80000e68	0040076f	jal	x14,80000e68	 x14=0x80000e68
       21745000	      2173	00000000	00000013	addi	x0,x0,0	  x0:0x00000000
       21755000	      2174	80000e68	00000013	addi	x0,x0,0	  x0:0x00000000
       21765000	      2175	80000e6c	018000ef	jal	x1,80000e6c	  x1=0x80000e6c
       21775000	      2176	00000000	00000013	addi	x0,x0,0	  x0:0x00000000
       21785000	      2177	80000e80	00000013	addi	x0,x0,0	  x0:0x00000000
       21795000	      2178	80000e84	00800e6f	jal	x28,80000e84	 x28=0x80000e84
       21805000	      2179	00000000	00000013	addi	x0,x0,0	  x0:0x00000000
       21815000	      2180	80000e88	00000013	addi	x0,x0,0	  x0:0x00000000
       21825000	      2181	80000e8c	004a9393	slli	x7,x21,0x4	 x21:0x80009fc4  x7=0x0009fc40
       21835000	      2182	80000e90	030000ef	jal	x1,80000e90	  x1=0x80000e90
       21845000	      2183	00000000	00000013	addi	x0,x0,0	  x0:0x00000000
       21855000	      2184	80000ebc	00000013	addi	x0,x0,0	  x0:0x00000000
       21865000	      2185	80000ec0	024000ef	jal	x1,80000ec0	  x1=0x80000ec0
       21875000	      2186	00000000	00000013	addi	x0,x0,0	  x0:0x00000000
       21885000	      2187	80000ee0	00000013	addi	x0,x0,0	  x0:0x00000000
       21895000	      2188	80000ee4	fe5ff36f	jal	x6,80000ee4	  x6=0x80000ee4
       21905000	      2189	00000000	00000013	addi	x0,x0,0	  x0:0x00000000
       21915000	      2190	80000ec4	00000013	addi	x0,x0,0	  x0:0x00000000
       21925000	      2191	80000ec8	fd9ff8ef	jal	x17,80000ec8	 x17=0x80000ec8
       21935000	      2192	00000000	00000013	addi	x0,x0,0	  x0:0x00000000
       21945000	      2193	80000e9c	00000013	addi	x0,x0,0	  x0:0x00000000
       21955000	      2194	80000ea0	04c0036f	jal	x6,80000ea0	  x6=0x80000ea0
       21965000	      2195	00000000	00000013	addi	x0,x0,0	  x0:0x00000000
       21975000	      2196	80000ee8	00000013	addi	x0,x0,0	  x0:0x00000000
       21985000	      2197	80000eec	fc5ff26f	jal	x4,80000eec	  x4=0x80000eec
       21995000	      2198	00000000	00000013	addi	x0,x0,0	  x0:0x00000000
       22005000	      2199	80000eac	00000013	addi	x0,x0,0	  x0:0x00000000
       22015000	      2200	80000eb0	030000ef	jal	x1,80000eb0	  x1=0x80000eb0
       22025000	      2201	00000000	00000013	addi	x0,x0,0	  x0:0x00000000
       22035000	      2202	80000edc	00000013	addi	x0,x0,0	  x0:0x00000000
       22045000	      2203	80000ee0	008000ef	jal	x1,80000ee0	  x1=0x80000ee0
       22055000	      2204	00000000	00000013	addi	x0,x0,0	  x0:0x00000000
       22065000	      2205	80000ee4	00000013	addi	x0,x0,0	  x0:0x00000000
       22075000	      2206	80000ee8	fb5ff0ef	jal	x1,80000ee8	  x1=0x80000ee8
       22085000	      2207	00000000	00000013	addi	x0,x0,0	  x0:0x00000000
       22095000	      2208	80000e98	00000013	addi	x0,x0,0	  x0:0x00000000
       22105000	      2209	80000e9c	0380036f	jal	x6,80000e9c	  x6=0x80000e9c
       22115000	      2210	00000000	00000013	addi	x0,x0,0	  x0:0x00000000
       22125000	      2211	80000ed0	00000013	addi	x0,x0,0	  x0:0x00000000
       22135000	      2212	80000ed4	fc5ff36f	jal	x6,80000ed4	  x6=0x80000ed4
       22145000	      2213	00000000	00000013	addi	x0,x0,0	  x0:0x00000000
       22155000	      2214	80000e94	00000013	addi	x0,x0,0	  x0:0x00000000
       22165000	      2215	80000e98	058000ef	jal	x1,80000e98	  x1=0x80000e98
       22175000	      2216	00000000	00000013	addi	x0,x0,0	  x0:0x00000000
       22185000	      2217	80000eec	00000013	addi	x0,x0,0	  x0:0x00000000
       22195000	      2218	80000ef0	fa5ff36f	jal	x6,80000ef0	  x6=0x80000ef0
       22205000	      2219	00000000	00000013	addi	x0,x0,0	  x0:0x00000000
       22215000	      2220	80000e90	00000013	addi	x0,x0,0	  x0:0x00000000
       22225000	      2221	80000e94	044000ef	jal	x1,80000e94	  x1=0x80000e94
       22235000	      2222	00000000	00000013	addi	x0,x0,0	  x0:0x00000000
       22245000	      2223	80000ed4	00000013	addi	x0,x0,0	  x0:0x00000000
       22255000	      2224	80000ed8	fcdff0ef	jal	x1,80000ed8	  x1=0x80000ed8
       22265000	      2225	00000000	00000013	addi	x0,x0,0	  x0:0x00000000
       22275000	      2226	80000ea0	00000013	addi	x0,x0,0	  x0:0x00000000
       22285000	      2227	80000ea4	004000ef	jal	x1,80000ea4	  x1=0x80000ea4
       22295000	      2228	00000000	00000013	addi	x0,x0,0	  x0:0x00000000
       22305000	      2229	80000ea4	00000013	addi	x0,x0,0	  x0:0x00000000
       22315000	      2230	80000ea8	028009ef	jal	x19,80000ea8	 x19=0x80000ea8
       22325000	      2231	00000000	00000013	addi	x0,x0,0	  x0:0x00000000
       22335000	      2232	80000ecc	00000013	addi	x0,x0,0	  x0:0x00000000
       22345000	      2233	80000ed0	fddff0ef	jal	x1,80000ed0	  x1=0x80000ed0
       22355000	      2234	00000000	00000013	addi	x0,x0,0	  x0:0x00000000
       22365000	      2235	80000ea8	00000013	addi	x0,x0,0	  x0:0x00000000
       22375000	      2236	80000eac	0180036f	jal	x6,80000eac	  x6=0x80000eac
       22385000	      2237	00000000	00000013	addi	x0,x0,0	  x0:0x00000000
       22395000	      2238	80000ec0	00000013	addi	x0,x0,0	  x0:0x00000000
       22405000	      2239	80000ec4	0180026f	jal	x4,80000ec4	  x4=0x80000ec4
       22415000	      2240	00000000	00000013	addi	x0,x0,0	  x0:0x00000000
       22425000	      2241	80000ed8	00000013	addi	x0,x0,0	  x0:0x00000000
       22435000	      2242	80000edc	fd9ff0ef	jal	x1,80000edc	  x1=0x80000edc
       22445000	      2243	00000000	00000013	addi	x0,x0,0	  x0:0x00000000
       22455000	      2244	80000eb0	00000013	addi	x0,x0,0	  x0:0x00000000
       22465000	      2245	80000eb4	018000ef	jal	x1,80000eb4	  x1=0x80000eb4
       22475000	      2246	00000000	00000013	addi	x0,x0,0	  x0:0x00000000
       22485000	      2247	80000ec8	00000013	addi	x0,x0,0	  x0:0x00000000
       22495000	      2248	80000ecc	ff1ff0ef	jal	x1,80000ecc	  x1=0x80000ecc
       22505000	      2249	00000000	00000013	addi	x0,x0,0	  x0:0x00000000
       22515000	      2250	80000eb8	00000013	addi	x0,x0,0	  x0:0x00000000
       22525000	      2251	80000ebc	ffdff0ef	jal	x1,80000ebc	  x1=0x80000ebc
       22535000	      2252	00000000	00000013	addi	x0,x0,0	  x0:0x00000000
       22545000	      2253	80000eb4	00000013	addi	x0,x0,0	  x0:0x00000000
       22555000	      2254	80000eb8	03c000ef	jal	x1,80000eb8	  x1=0x80000eb8
       22565000	      2255	00000000	00000013	addi	x0,x0,0	  x0:0x00000000
       22575000	      2256	80000ef0	00000013	addi	x0,x0,0	  x0:0x00000000
       22585000	      2257	80000ef4	40fa8633	sub	x12,x21,x15	 x21:0x80009fc4 x15:0x80000e50 x12=0x00009174
       22595000	      2258	80000ef8	058000ef	jal	x1,80000ef8	  x1=0x80000ef8
       22605000	      2259	00000000	00000013	addi	x0,x0,0	  x0:0x00000000
       22615000	      2260	80000f4c	00000013	addi	x0,x0,0	  x0:0x00000000
       22625000	      2261	80000f50	fb1ff0ef	jal	x1,80000f50	  x1=0x80000f50
       22635000	      2262	00000000	00000013	addi	x0,x0,0	  x0:0x00000000
       22645000	      2263	80000efc	00000013	addi	x0,x0,0	  x0:0x00000000
       22655000	      2264	80000f00	0100036f	jal	x6,80000f00	  x6=0x80000f00
       22665000	      2265	00000000	00000013	addi	x0,x0,0	  x0:0x00000000
       22675000	      2266	80000f0c	00000013	addi	x0,x0,0	  x0:0x00000000
       22685000	      2267	80000f10	054000ef	jal	x1,80000f10	  x1=0x80000f10
       22695000	      2268	00000000	00000013	addi	x0,x0,0	  x0:0x00000000
       22705000	      2269	80000f60	00000013	addi	x0,x0,0	  x0:0x00000000
       22715000	      2270	80000f64	fe5ff36f	jal	x6,80000f64	  x6=0x80000f64
       22725000	      2271	00000000	00000013	addi	x0,x0,0	  x0:0x00000000
       22735000	      2272	80000f44	00000013	addi	x0,x0,0	  x0:0x00000000
       22745000	      2273	80000f48	fd5ffeef	jal	x29,80000f48	 x29=0x80000f48
       22755000	      2274	00000000	00000013	addi	x0,x0,0	  x0:0x00000000
       22765000	      2275	80000f18	00000013	addi	x0,x0,0	  x0:0x00000000
       22775000	      2276	80000f1c	0280036f	jal	x6,80000f1c	  x6=0x80000f1c
       22785000	      2277	00000000	00000013	addi	x0,x0,0	  x0:0x00000000
       22795000	      2278	80000f40	00000013	addi	x0,x0,0	  x0:0x00000000
       22805000	      2279	80000f44	fb9ff36f	jal	x6,80000f44	  x6=0x80000f44
       22815000	      2280	00000000	00000013	addi	x0,x0,0	  x0:0x00000000
       22825000	      2281	80000ef8	00000013	addi	x0,x0,0	  x0:0x00000000
       22835000	      2282	80000efc	02800eef	jal	x29,80000efc	 x29=0x80000efc
       22845000	      2283	00000000	00000013	addi	x0,x0,0	  x0:0x00000000
       22855000	      2284	80000f20	00000013	addi	x0,x0,0	  x0:0x00000000
       22865000	      2285	80000f24	fe1ff0ef	jal	x1,80000f24	  x1=0x80000f24
       22875000	      2286	00000000	00000013	addi	x0,x0,0	  x0:0x00000000
       22885000	      2287	80000f00	00000013	addi	x0,x0,0	  x0:0x00000000
       22895000	      2288	80000f04	0240036f	jal	x6,80000f04	  x6=0x80000f04
       22905000	      2289	00000000	00000013	addi	x0,x0,0	  x0:0x00000000
       22915000	      2290	80000f24	00000013	addi	x0,x0,0	  x0:0x00000000
       22925000	      2291	80000f28	038000ef	jal	x1,80000f28	  x1=0x80000f28
       22935000	      2292	00000000	00000013	addi	x0,x0,0	  x0:0x00000000
       22945000	      2293	80000f5c	00000013	addi	x0,x0,0	  x0:0x00000000
       22955000	      2294	80000f60	fe1ff26f	jal	x4,80000f60	  x4=0x80000f60
       22965000	      2295	00000000	00000013	addi	x0,x0,0	  x0:0x00000000
       22975000	      2296	80000f3c	00000013	addi	x0,x0,0	  x0:0x00000000
       22985000	      2297	80000f40	fe1ff36f	jal	x6,80000f40	  x6=0x80000f40
       22995000	      2298	00000000	00000013	addi	x0,x0,0	  x0:0x00000000
       23005000	      2299	80000f1c	00000013	addi	x0,x0,0	  x0:0x00000000
       23015000	      2300	80000f20	fe9ff0ef	jal	x1,80000f20	  x1=0x80000f20
       23025000	      2301	00000000	00000013	addi	x0,x0,0	  x0:0x00000000
       23035000	      2302	80000f04	00000013	addi	x0,x0,0	  x0:0x00000000
       23045000	      2303	80000f08	034000ef	jal	x1,80000f08	  x1=0x80000f08
       23055000	      2304	00000000	00000013	addi	x0,x0,0	  x0:0x00000000
       23065000	      2305	80000f38	00000013	addi	x0,x0,0	  x0:0x00000000
       23075000	      2306	80000f3c	ff5ff86f	jal	x16,80000f3c	 x16=0x80000f3c
       23085000	      2307	00000000	00000013	addi	x0,x0,0	  x0:0x00000000
       23095000	      2308	80000f2c	00000013	addi	x0,x0,0	  x0:0x00000000
       23105000	      2309	80000f30	01c000ef	jal	x1,80000f30	  x1=0x80000f30
       23115000	      2310	00000000	00000013	addi	x0,x0,0	  x0:0x00000000
       23125000	      2311	80000f48	00000013	addi	x0,x0,0	  x0:0x00000000
       23135000	      2312	80000f4c	fe1ff0ef	jal	x1,80000f4c	  x1=0x80000f4c
       23145000	      2313	00000000	00000013	addi	x0,x0,0	  x0:0x00000000
       23155000	      2314	80000f28	00000013	addi	x0,x0,0	  x0:0x00000000
       23165000	      2315	80000f2c	0280036f	jal	x6,80000f2c	  x6=0x80000f2c
       23175000	      2316	00000000	00000013	addi	x0,x0,0	  x0:0x00000000
       23185000	      2317	80000f50	00000013	addi	x0,x0,0	  x0:0x00000000
       23195000	      2318	80000f54	fc5ff0ef	jal	x1,80000f54	  x1=0x80000f54
       23205000	      2319	00000000	00000013	addi	x0,x0,0	  x0:0x00000000
       23215000	      2320	80000f14	00000013	addi	x0,x0,0	  x0:0x00000000
       23225000	      2321	80000f18	0400026f	jal	x4,80000f18	  x4=0x80000f18
       23235000	      2322	00000000	00000013	addi	x0,x0,0	  x0:0x00000000
       23245000	      2323	80000f54	00000013	addi	x0,x0,0	  x0:0x00000000
       23255000	      2324	80000f58	fbdff0ef	jal	x1,80000f58	  x1=0x80000f58
       23265000	      2325	00000000	00000013	addi	x0,x0,0	  x0:0x00000000
       23275000	      2326	80000f10	00000013	addi	x0,x0,0	  x0:0x00000000
       23285000	      2327	80000f14	024000ef	jal	x1,80000f14	  x1=0x80000f14
       23295000	      2328	00000000	00000013	addi	x0,x0,0	  x0:0x00000000
       23305000	      2329	80000f34	00000013	addi	x0,x0,0	  x0:0x00000000
       23315000	      2330	80000f38	0240036f	jal	x6,80000f38	  x6=0x80000f38
       23325000	      2331	00000000	00000013	addi	x0,x0,0	  x0:0x00000000
       23335000	      2332	80000f58	00000013	addi	x0,x0,0	  x0:0x00000000
       23345000	      2333	80000f5c	fd9ff0ef	jal	x1,80000f5c	  x1=0x80000f5c
       23355000	      2334	00000000	00000013	addi	x0,x0,0	  x0:0x00000000
       23365000	      2335	80000f30	00000013	addi	x0,x0,0	  x0:0x00000000
       23375000	      2336	80000f34	fd9ffeef	jal	x29,80000f34	 x29=0x80000f34
       23385000	      2337	00000000	00000013	addi	x0,x0,0	  x0:0x00000000
       23395000	      2338	80000f08	00000013	addi	x0,x0,0	  x0:0x00000000
       23405000	      2339	80000f0c	05c000ef	jal	x1,80000f0c	  x1=0x80000f0c
       23415000	      2340	00000000	00000013	addi	x0,x0,0	  x0:0x00000000
       23425000	      2341	80000f64	00000013	addi	x0,x0,0	  x0:0x00000000
       23435000	      2342	80000f68	01df98b3	sll	x17,x31,x29	 x31:0x80009f68 x29:0x80000f34 x17=0xf6800000
       23445000	      2343	80000f6c	028000ef	jal	x1,80000f6c	  x1=0x80000f6c
       23455000	      2344	00000000	00000013	addi	x0,x0,0	  x0:0x00000000
       23465000	      2345	80000f90	00000013	addi	x0,x0,0	  x0:0x00000000
       23475000	      2346	80000f94	00c000ef	jal	x1,80000f94	  x1=0x80000f94
       23485000	      2347	00000000	00000013	addi	x0,x0,0	  x0:0x00000000
       23495000	      2348	80000f9c	00000013	addi	x0,x0,0	  x0:0x00000000
       23505000	      2349	80000fa0	ffdffcef	jal	x25,80000fa0	 x25=0x80000fa0
       23515000	      2350	00000000	00000013	addi	x0,x0,0	  x0:0x00000000
       23525000	      2351	80000f98	00000013	addi	x0,x0,0	  x0:0x00000000
       23535000	      2352	80000f9c	ff5ff0ef	jal	x1,80000f9c	  x1=0x80000f9c
       23545000	      2353	00000000	00000013	addi	x0,x0,0	  x0:0x00000000
       23555000	      2354	80000f8c	00000013	addi	x0,x0,0	  x0:0x00000000
       23565000	      2355	80000f90	fe5ff0ef	jal	x1,80000f90	  x1=0x80000f90
       23575000	      2356	00000000	00000013	addi	x0,x0,0	  x0:0x00000000
       23585000	      2357	80000f70	00000013	addi	x0,x0,0	  x0:0x00000000
       23595000	      2358	80000f74	00c0036f	jal	x6,80000f74	  x6=0x80000f74
       23605000	      2359	00000000	00000013	addi	x0,x0,0	  x0:0x00000000
       23615000	      2360	80000f7c	00000013	addi	x0,x0,0	  x0:0x00000000
       23625000	      2361	80000f80	ffdff36f	jal	x6,80000f80	  x6=0x80000f80
       23635000	      2362	00000000	00000013	addi	x0,x0,0	  x0:0x00000000
       23645000	      2363	80000f78	00000013	addi	x0,x0,0	  x0:0x00000000
       23655000	      2364	80000f7c	ffdff9ef	jal	x19,80000f7c	 x19=0x80000f7c
       23665000	      2365	00000000	00000013	addi	x0,x0,0	  x0:0x00000000
       23675000	      2366	80000f74	00000013	addi	x0,x0,0	  x0:0x00000000
       23685000	      2367	80000f78	0100036f	jal	x6,80000f78	  x6=0x80000f78
       23695000	      2368	00000000	00000013	addi	x0,x0,0	  x0:0x00000000
       23705000	      2369	80000f84	00000013	addi	x0,x0,0	  x0:0x00000000
       23715000	      2370	80000f88	fe9ff0ef	jal	x1,80000f88	  x1=0x80000f88
       23725000	      2371	00000000	00000013	addi	x0,x0,0	  x0:0x00000000
       23735000	      2372	80000f6c	00000013	addi	x0,x0,0	  x0:0x00000000
       23745000	      2373	80000f70	028000ef	jal	x1,80000f70	  x1=0x80000f70
       23755000	      2374	00000000	00000013	addi	x0,x0,0	  x0:0x00000000
       23765000	      2375	80000f94	00000013	addi	x0,x0,0	  x0:0x00000000
       23775000	      2376	80000f98	fedff0ef	jal	x1,80000f98	  x1=0x80000f98
       23785000	      2377	00000000	00000013	addi	x0,x0,0	  x0:0x00000000
       23795000	      2378	80000f80	00000013	addi	x0,x0,0	  x0:0x00000000
       23805000	      2379	80000f84	008000ef	jal	x1,80000f84	  x1=0x80000f84
       23815000	      2380	00000000	00000013	addi	x0,x0,0	  x0:0x00000000
       23825000	      2381	80000f88	00000013	addi	x0,x0,0	  x0:0x00000000
       23835000	      2382	80000f8c	01800cef	jal	x25,80000f8c	 x25=0x80000f8c
       23845000	      2383	00000000	00000013	addi	x0,x0,0	  x0:0x00000000
       23855000	      2384	80000fa0	00000013	addi	x0,x0,0	  x0:0x00000000
       23865000	      2385	80000fa4	01029193	slli	x3,x5,0x10	  x5:0x80000e2c  x3=0x0e2c0000
       23875000	      2386	80000fa8	00c000ef	jal	x1,80000fa8	  x1=0x80000fa8
       23885000	      2387	00000000	00000013	addi	x0,x0,0	  x0:0x00000000
       23895000	      2388	80000fb0	00000013	addi	x0,x0,0	  x0:0x00000000
       23905000	      2389	80000fb4	ffdff36f	jal	x6,80000fb4	  x6=0x80000fb4
       23915000	      2390	00000000	00000013	addi	x0,x0,0	  x0:0x00000000
       23925000	      2391	80000fac	00000013	addi	x0,x0,0	  x0:0x00000000
       23935000	      2392	80000fb0	0240016f	jal	x2,80000fb0	  x2=0x80000fb0
       23945000	      2393	00000000	00000013	addi	x0,x0,0	  x0:0x00000000
       23955000	      2394	80000fd0	00000013	addi	x0,x0,0	  x0:0x00000000
       23965000	      2395	80000fd4	0280016f	jal	x2,80000fd4	  x2=0x80000fd4
       23975000	      2396	00000000	00000013	addi	x0,x0,0	  x0:0x00000000
       23985000	      2397	80000ff8	00000013	addi	x0,x0,0	  x0:0x00000000
       23995000	      2398	80000ffc	fedffd6f	jal	x26,80000ffc	 x26=0x80000ffc
       24005000	      2399	00000000	00000013	addi	x0,x0,0	  x0:0x00000000
       24015000	      2400	80000fe4	00000013	addi	x0,x0,0	  x0:0x00000000
       24025000	      2401	80000fe8	ffdff0ef	jal	x1,80000fe8	  x1=0x80000fe8
       24035000	      2402	00000000	00000013	addi	x0,x0,0	  x0:0x00000000
       24045000	      2403	80000fe0	00000013	addi	x0,x0,0	  x0:0x00000000
       24055000	      2404	80000fe4	fddffcef	jal	x25,80000fe4	 x25=0x80000fe4
       24065000	      2405	00000000	00000013	addi	x0,x0,0	  x0:0x00000000
       24075000	      2406	80000fbc	00000013	addi	x0,x0,0	  x0:0x00000000
       24085000	      2407	80000fc0	018000ef	jal	x1,80000fc0	  x1=0x80000fc0
       24095000	      2408	00000000	00000013	addi	x0,x0,0	  x0:0x00000000
       24105000	      2409	80000fd4	00000013	addi	x0,x0,0	  x0:0x00000000
       24115000	      2410	80000fd8	ff1ff0ef	jal	x1,80000fd8	  x1=0x80000fd8
       24125000	      2411	00000000	00000013	addi	x0,x0,0	  x0:0x00000000
       24135000	      2412	80000fc4	00000013	addi	x0,x0,0	  x0:0x00000000
       24145000	      2413	80000fc8	ff5ffb6f	jal	x22,80000fc8	 x22=0x80000fc8
       24155000	      2414	00000000	00000013	addi	x0,x0,0	  x0:0x00000000
       24165000	      2415	80000fb8	00000013	addi	x0,x0,0	  x0:0x00000000
       24175000	      2416	80000fbc	0100036f	jal	x6,80000fbc	  x6=0x80000fbc
       24185000	      2417	00000000	00000013	addi	x0,x0,0	  x0:0x00000000
       24195000	      2418	80000fc8	00000013	addi	x0,x0,0	  x0:0x00000000
       24205000	      2419	80000fcc	02c003ef	jal	x7,80000fcc	  x7=0x80000fcc
       24215000	      2420	00000000	00000013	addi	x0,x0,0	  x0:0x00000000
       24225000	      2421	80000ff4	00000013	addi	x0,x0,0	  x0:0x00000000
       24235000	      2422	80000ff8	fd9ff36f	jal	x6,80000ff8	  x6=0x80000ff8
       24245000	      2423	00000000	00000013	addi	x0,x0,0	  x0:0x00000000
       24255000	      2424	80000fcc	00000013	addi	x0,x0,0	  x0:0x00000000
       24265000	      2425	80000fd0	0200036f	jal	x6,80000fd0	  x6=0x80000fd0
       24275000	      2426	00000000	00000013	addi	x0,x0,0	  x0:0x00000000
       24285000	      2427	80000fec	00000013	addi	x0,x0,0	  x0:0x00000000
       24295000	      2428	80000ff0	ff1ff36f	jal	x6,80000ff0	  x6=0x80000ff0
       24305000	      2429	00000000	00000013	addi	x0,x0,0	  x0:0x00000000
       24315000	      2430	80000fdc	00000013	addi	x0,x0,0	  x0:0x00000000
       24325000	      2431	80000fe0	fcdff36f	jal	x6,80000fe0	  x6=0x80000fe0
       24335000	      2432	00000000	00000013	addi	x0,x0,0	  x0:0x00000000
       24345000	      2433	80000fa8	00000013	addi	x0,x0,0	  x0:0x00000000
       24355000	      2434	80000fac	030006ef	jal	x13,80000fac	 x13=0x80000fac
       24365000	      2435	00000000	00000013	addi	x0,x0,0	  x0:0x00000000
       24375000	      2436	80000fd8	00000013	addi	x0,x0,0	  x0:0x00000000
       24385000	      2437	80000fdc	010000ef	jal	x1,80000fdc	  x1=0x80000fdc
       24395000	      2438	00000000	00000013	addi	x0,x0,0	  x0:0x00000000
       24405000	      2439	80000fe8	00000013	addi	x0,x0,0	  x0:0x00000000
       24415000	      2440	80000fec	0080036f	jal	x6,80000fec	  x6=0x80000fec
       24425000	      2441	00000000	00000013	addi	x0,x0,0	  x0:0x00000000
       24435000	      2442	80000ff0	00000013	addi	x0,x0,0	  x0:0x00000000
       24445000	      2443	80000ff4	fc5ff0ef	jal	x1,80000ff4	  x1=0x80000ff4
       24455000	      2444	00000000	00000013	addi	x0,x0,0	  x0:0x00000000
       24465000	      2445	80000fb4	00000013	addi	x0,x0,0	  x0:0x00000000
       24475000	      2446	80000fb8	00c000ef	jal	x1,80000fb8	  x1=0x80000fb8
       24485000	      2447	00000000	00000013	addi	x0,x0,0	  x0:0x00000000
       24495000	      2448	80000fc0	00000013	addi	x0,x0,0	  x0:0x00000000
       24505000	      2449	80000fc4	03c001ef	jal	x3,80000fc4	  x3=0x80000fc4
       24515000	      2450	00000000	00000013	addi	x0,x0,0	  x0:0x00000000
       24525000	      2451	80000ffc	00000013	addi	x0,x0,0	  x0:0x00000000
       24535000	      2452	80001000	d6e6ad17	auipc	x26,0xd6e6a	 x26=0x56e6affc
       24545000	      2453	80001004	02499e63	bne	x19,x4,80001040	 x19:0x80000f7c  x4:0x80000f18
       24555000	      2454	00000000	00000013	addi	x0,x0,0	  x0:0x00000000
       24565000	      2455	8000103c	00000013	addi	x0,x0,0	  x0:0x00000000
       24575000	      2456	80001040	76e62c17	auipc	x24,0x76e62	 x24=0xf6e6303c
       24585000	      2457	80001044	03dbf663	bgeu	x23,x29,80001070	 x23:0x80000d40 x29:0x80000f34
       24595000	      2458	80001048	00669b33	sll	x22,x13,x6	 x13:0x80000fac  x6:0x80000fec x22=0x00fac000
       24605000	      2459	8000104c	40ac0533	sub	x10,x24,x10	 x24:0xf6e6303c x10:0x80000e20 x10=0x76e6221c
       24615000	      2460	80001050	01a4c433	xor	x8,x9,x26	  x9:0x80000d68 x26:0x56e6affc  x8=0xd6e6a294
       24625000	      2461	80001054	018599b3	sll	x19,x11,x24	 x11:0x80000d8c x24:0xf6e6303c x19=0xc0000000
       24635000	      2462	80001058	01516333	or	x6,x2,x21	  x2:0x80000fd4 x21:0x80009fc4  x6=0x80009fd4
       24645000	      2463	8000105c	011e94b3	sll	x9,x29,x17	 x29:0x80000f34 x17:0xf6800000  x9=0x80000f34
       24655000	      2464	80001060	0101e3b3	or	x7,x3,x16	  x3:0x80000fc4 x16:0x80000f3c  x7=0x80000ffc
       24665000	      2465	80001064	41425b13	srai	x22,x4,0x14	  x4:0x80000f18 x22=0xfffff800
       24675000	      2466	80001068	00bfdc93	srli	x25,x31,0xb	 x31:0x80009f68 x25=0x00100013
       24685000	      2467	8000106c	685df313	andi	x6,x27,1669	 x27:0x80000c90  x6=0x00000480
       24695000	      2468	80001070	40250713	addi	x14,x10,1026	 x10:0x76e6221c x14=0x76e6261e
       24705000	      2469	80001074	006252b3	srl	x5,x4,x6	  x4:0x80000f18  x6:0x00000480  x5=0x80000f18
       24715000	      2470	80001078	03975863	bge	x14,x25,800010a8	 x14:0x76e6261e x25:0x00100013
       24725000	      2471	00000000	00000013	addi	x0,x0,0	  x0:0x00000000
       24735000	      2472	800010a4	00000013	addi	x0,x0,0	  x0:0x00000000
       24745000	      2473	800010a8	05619463	bne	x3,x22,800010f0	  x3:0x80000fc4 x22:0xfffff800
       24755000	      2474	00000000	00000013	addi	x0,x0,0	  x0:0x00000000
       24765000	      2475	800010ec	00000013	addi	x0,x0,0	  x0:0x00000000
       24775000	      2476	800010f0	41eddd13	srai	x26,x27,0x1e	 x27:0x80000c90 x26=0xfffffffe
       24785000	      2477	800010f4	41290bb3	sub	x23,x18,x18	 x18:0x00000000 x18:0x00000000 x23=0x00000000
       24795000	      2478	800010f8	42b7cf13	xori	x30,x15,1067	 x15:0x80000e50 x30=0x80000a7b
       24805000	      2479	800010fc	0141d9b3	srl	x19,x3,x20	  x3:0x80000fc4 x20:0x80000de4 x19=0x080000fc
       24815000	      2480	80001100	00597463	bgeu	x18,x5,80001108	 x18:0x00000000  x5:0x80000f18
       24825000	      2481	80001104	400e5c33	sra	x24,x28,x0	 x28:0x80000e84  x0:0x00000000 x24=0x80000e84
       24835000	      2482	80001108	0dbe3e13	sltiu	x28,x28,219	 x28:0x80000e84 x28=0x00000000
       24845000	      2483	8000110c	01338133	add	x2,x7,x19	  x7:0x80000ffc x19:0x080000fc  x2=0x880010f8
       24855000	      2484	80001110	01743b33	sltu	x22,x8,x23	  x8:0xd6e6a294 x23:0x00000000 x22=0x00000000
       24865000	      2485	80001114	00659b13	slli	x22,x11,0x6	 x11:0x80000d8c x22=0x00036300
       24875000	      2486	80001118	00b65c33	srl	x24,x12,x11	 x12:0x00009174 x11:0x80000d8c x24=0x00000009
       24885000	      2487	8000111c	01b7dc63	bge	x15,x27,80001134	 x15:0x80000e50 x27:0x80000c90
       24895000	      2488	00000000	00000013	addi	x0,x0,0	  x0:0x00000000
       24905000	      2489	80001130	00000013	addi	x0,x0,0	  x0:0x00000000
       24915000	      2490	80001134	4a583117	auipc	x2,0x4a583	  x2=0xca584130
       24925000	      2491	80001138	00000013	addi	x0,x0,0	  x0:0x00000000
       24935000	      2492	8000113c	352c7413	andi	x8,x24,850	 x24:0x00000009  x8=0x00000000
       24945000	      2493	80001140	01fa9513	slli	x10,x21,0x1f	 x21:0x80009fc4 x10=0x00000000
       24955000	      2494	80001144	001260b3	or	x1,x4,x1	  x4:0x80000f18  x1:0x80000fb8  x1=0x80000fb8
       24965000	      2495	80001148	05e55063	bge	x10,x30,80001188	 x10:0x00000000 x30:0x80000a7b
       24975000	      2496	00000000	00000013	addi	x0,x0,0	  x0:0x00000000
       24985000	      2497	80001184	00000013	addi	x0,x0,0	  x0:0x00000000
       24995000	      2498	80001188	3b3fd7b7	lui	x15,0x3b3fd	 x15=0x3b3fd000
       25005000	      2499	8000118c	01dcfe33	and	x28,x25,x29	 x25:0x00100013 x29:0x80000f34 x28=0x00000010
       25015000	      2500	80001190	01acdeb3	srl	x29,x25,x26	 x25:0x00100013 x26:0xfffffffe x29=0x00000000
       25025000	      2501	80001194	010ed7b3	srl	x15,x29,x16	 x29:0x00000000 x16:0x80000f3c x15=0x00000000
       25035000	      2502	80001198	00ac9c33	sll	x24,x25,x10	 x25:0x00100013 x10:0x00000000 x24=0x00100013
       25045000	      2503	8000119c	02e06c63	bltu	x0,x14,800011d4	  x0:0x00000000 x14:0x76e6261e
       25055000	      2504	00000000	00000013	addi	x0,x0,0	  x0:0x00000000
       25065000	      2505	800011d0	00000013	addi	x0,x0,0	  x0:0x00000000
       25075000	      2506	800011d4	2c2e3e97	auipc	x29,0x2c2e3	 x29=0xac2e41d0
       25085000	      2507	800011d8	f7f4ba13	sltiu	x20,x9,-129	  x9:0x80000f34 x20=0x00000001
       25095000	      2508	800011dc	00000013	addi	x0,x0,0	  x0:0x00000000
       25105000	      2509	800011e0	41ea5793	srai	x15,x20,0x1e	 x20:0x00000001 x15=0x00000000
       25115000	      2510	800011e4	01a15293	srli	x5,x2,0x1a	  x2:0xca584130  x5=0x00000032
       25125000	      2511	800011e8	01209033	sll	x0,x1,x18	  x1:0x80000fb8 x18:0x00000000
       25135000	      2512	800011ec	a0f7f597	auipc	x11,0xa0f7f	 x11=0x20f801e8
       25145000	      2513	800011f0	1912ae13	slti	x28,x5,401	  x5:0x00000032 x28=0x00000001
       25155000	      2514	800011f4	f86ee417	auipc	x8,0xf86ee	  x8=0x786ef1f0
       25165000	      2515	800011f8	036c8463	beq	x25,x22,80001220	 x25:0x00100013 x22:0x00036300
       25175000	      2516	800011fc	9654feb7	lui	x29,0x9654f	 x29=0x9654f000
       25185000	      2517	80001200	2985c593	xori	x11,x11,664	 x11:0x20f801e8 x11=0x20f80370
       25195000	      2518	80001204	331515b7	lui	x11,0x33151	 x11=0x33151000
       25205000	      2519	80001208	03f18a63	beq	x3,x31,8000123c	  x3:0x80000fc4 x31:0x80009f68
       25215000	      2520	8000120c	023c1463	bne	x24,x3,80001234	 x24:0x00100013  x3:0x80000fc4
       25225000	      2521	00000000	00000013	addi	x0,x0,0	  x0:0x00000000
       25235000	      2522	80001230	00000013	addi	x0,x0,0	  x0:0x00000000
       25245000	      2523	80001234	02905a63	bge	x0,x9,80001268	  x0:0x00000000  x9:0x80000f34
       25255000	      2524	00000000	00000013	addi	x0,x0,0	  x0:0x00000000
       25265000	      2525	80001264	00000013	addi	x0,x0,0	  x0:0x00000000
       25275000	      2526	80001268	00a0f7b3	and	x15,x1,x10	  x1:0x80000fb8 x10:0x00000000 x15=0x00000000
       25285000	      2527	8000126c	03c7d463	bge	x15,x28,80001294	 x15:0x00000000 x28:0x00000001
       25295000	      2528	80001270	0147d213	srli	x4,x15,0x14	 x15:0x00000000  x4=0x00000000
       25305000	      2529	80001274	005e9013	slli	x0,x29,0x5	 x29:0x9654f000
       25315000	      2530	80001278	00000013	addi	x0,x0,0	  x0:0x00000000
       25325000	      2531	8000127c	00087e33	and	x28,x16,x0	 x16:0x80000f3c  x0:0x00000000 x28=0x00000000
       25335000	      2532	80001280	de51cd13	xori	x26,x3,-539	  x3:0x80000fc4 x26=0x7ffff221
       25345000	      2533	80001284	00a4d263	bge	x9,x10,80001288	  x9:0x80000f34 x10:0x00000000
       25355000	      2534	80001288	00dc7b33	and	x22,x24,x13	 x24:0x00100013 x13:0x80000fac x22=0x00000000
       25365000	      2535	8000128c	00000013	addi	x0,x0,0	  x0:0x00000000
       25375000	      2536	80001290	06e92113	slti	x2,x18,110	 x18:0x00000000  x2=0x00000001
       25385000	      2537	80001294	028d5863	bge	x26,x8,800012c4	 x26:0x7ffff221  x8:0x786ef1f0
       25395000	      2538	00000000	00000013	addi	x0,x0,0	  x0:0x00000000
       25405000	      2539	800012c0	00000013	addi	x0,x0,0	  x0:0x00000000
       25415000	      2540	800012c4	005d2c33	slt	x24,x26,x5	 x26:0x7ffff221  x5:0x00000032 x24=0x00000000
       25425000	      2541	800012c8	de9ace13	xori	x28,x21,-535	 x21:0x80009fc4 x28=0x7fff622d
       25435000	      2542	800012cc	004b5f33	srl	x30,x22,x4	 x22:0x00000000  x4:0x00000000 x30=0x00000000
       25445000	      2543	800012d0	41738333	sub	x6,x7,x23	  x7:0x80000ffc x23:0x00000000  x6=0x80000ffc
       25455000	      2544	800012d4	6ac5f713	andi	x14,x11,1708	 x11:0x33151000 x14=0x00000000
       25465000	      2545	800012d8	ef5df813	andi	x16,x27,-267	 x27:0x80000c90 x16=0x80000c90
       25475000	      2546	800012dc	34c16217	auipc	x4,0x34c16	  x4=0xb4c172d8
       25485000	      2547	800012e0	011d4533	xor	x10,x26,x17	 x26:0x7ffff221 x17:0xf6800000 x10=0x897ff221
       25495000	      2548	800012e4	014ca5b3	slt	x11,x25,x20	 x25:0x00100013 x20:0x00000001 x11=0x00000000
       25505000	      2549	800012e8	343b08b7	lui	x17,0x343b0	 x17=0x343b0000
       25515000	      2550	800012ec	b7140513	addi	x10,x8,-1167	  x8:0x786ef1f0 x10=0x786eed61
       25525000	      2551	800012f0	a0d88113	addi	x2,x17,-1523	 x17:0x343b0000  x2=0x343afa0d
       25535000	      2552	800012f4	0113ecb3	or	x25,x7,x17	  x7:0x80000ffc x17:0x343b0000 x25=0xb43b0ffc
       25545000	      2553	800012f8	00db9993	slli	x19,x23,0xd	 x23:0x00000000 x19=0x00000000
       25555000	      2554	800012fc	044f9463	bne	x31,x4,80001344	 x31:0x80009f68  x4:0xb4c172d8
       25565000	      2555	00000000	00000013	addi	x0,x0,0	  x0:0x00000000
       25575000	      2556	80001340	00000013	addi	x0,x0,0	  x0:0x00000000
       25585000	      2557	80001344	40efd293	srai	x5,x31,0xe	 x31:0x80009f68  x5=0xfffe0002
       25595000	      2558	80001348	00ffda63	bge	x31,x15,8000135c	 x31:0x80009f68 x15:0x00000000
       25605000	      2559	8000134c	01f17bb3	and	x23,x2,x31	  x2:0x343afa0d x31:0x80009f68 x23=0x00009a08
       25615000	      2560	80001350	01bb5cb3	srl	x25,x22,x27	 x22:0x00000000 x27:0x80000c90 x25=0x00000000
       25625000	      2561	80001354	31557513	andi	x10,x10,789	 x10:0x786eed61 x10=0x00000101
       25635000	      2562	80001358	7cc82a13	slti	x20,x16,1996	 x16:0x80000c90 x20=0x00000001
       25645000	      2563	8000135c	0337c463	blt	x15,x19,80001384	 x15:0x00000000 x19:0x00000000
       25655000	      2564	80001360	02461e63	bne	x12,x4,8000139c	 x12:0x00009174  x4:0xb4c172d8
       25665000	      2565	00000000	00000013	addi	x0,x0,0	  x0:0x00000000
       25675000	      2566	80001398	00000013	addi	x0,x0,0	  x0:0x00000000
       25685000	      2567	8000139c	006531b3	sltu	x3,x10,x6	 x10:0x00000101  x6:0x80000ffc  x3=0x00000001
       25695000	      2568	800013a0	03710863	beq	x2,x23,800013d0	  x2:0x343afa0d x23:0x00009a08
       25705000	      2569	800013a4	41788d33	sub	x26,x17,x23	 x17:0x343b0000 x23:0x00009a08 x26=0x343a65f8
       25715000	      2570	800013a8	4019d0b3	sra	x1,x19,x1	 x19:0x00000000  x1:0x80000fb8  x1=0x00000000
       25725000	      2571	800013ac	40ca5993	srai	x19,x20,0xc	 x20:0x00000001 x19=0x00000000
       25735000	      2572	800013b0	e1babd93	sltiu	x27,x21,-485	 x21:0x80009fc4 x27=0x00000001
       25745000	      2573	800013b4	98942513	slti	x10,x8,-1655	  x8:0x786ef1f0 x10=0x00000000
       25755000	      2574	800013b8	01b490b3	sll	x1,x9,x27	  x9:0x80000f34 x27:0x00000001  x1=0x00001e68
       25765000	      2575	800013bc	008770b3	and	x1,x14,x8	 x14:0x00000000  x8:0x786ef1f0  x1=0x00000000
       25775000	      2576	800013c0	00c94133	xor	x2,x18,x12	 x18:0x00000000 x12:0x00009174  x2=0x00009174
       25785000	      2577	800013c4	4021dc13	srai	x24,x3,0x2	  x3:0x00000001 x24=0x00000000
       25795000	      2578	800013c8	68ea4d93	xori	x27,x20,1678	 x20:0x00000001 x27=0x0000068f
       25805000	      2579	800013cc	83428593	addi	x11,x5,-1996	  x5:0xfffe0002 x11=0xfffdf836
       25815000	      2580	800013d0	00aa1d93	slli	x27,x20,0xa	 x20:0x00000001 x27=0x00000400
       25825000	      2581	800013d4	406e82b3	sub	x5,x29,x6	 x29:0x9654f000  x6:0x80000ffc  x5=0x1654e004
       25835000	      2582	800013d8	007bd613	srli	x12,x23,0x7	 x23:0x00009a08 x12=0x00000134
       25845000	      2583	800013dc	40f95393	srai	x7,x18,0xf	 x18:0x00000000  x7=0x00000000
       25855000	      2584	800013e0	00000013	addi	x0,x0,0	  x0:0x00000000
       25865000	      2585	800013e4	f425a893	slti	x17,x11,-190	 x11:0xfffdf836 x17=0x00000001
       25875000	      2586	800013e8	ed1c2f13	slti	x30,x24,-303	 x24:0x00000000 x30=0x00000000
       25885000	      2587	800013ec	40aa8633	sub	x12,x21,x10	 x21:0x80009fc4 x10:0x00000000 x12=0x80009fc4
       25895000	      2588	800013f0	008d0db3	add	x27,x26,x8	 x26:0x343a65f8  x8:0x786ef1f0 x27=0xaca957e8
       25905000	      2589	800013f4	00aed033	srl	x0,x29,x10	 x29:0x9654f000 x10:0x00000000
       25915000	      2590	800013f8	04a01463	bne	x0,x10,80001440	  x0:0x00000000 x10:0x00000000
       25925000	      2591	800013fc	0225da63	bge	x11,x2,80001430	 x11:0xfffdf836  x2:0x00009174
       25935000	      2592	80001400	02d1fa63	bgeu	x3,x13,80001434	  x3:0x00000001 x13:0x80000fac
       25945000	      2593	80001404	83dde893	ori	x17,x27,-1987	 x27:0xaca957e8 x17=0xfffffffd
       25955000	      2594	80001408	00003e33	sltu	x28,x0,x0	  x0:0x00000000  x0:0x00000000 x28=0x00000000
       25965000	      2595	8000140c	003b53b3	srl	x7,x22,x3	 x22:0x00000000  x3:0x00000001  x7=0x00000000
       25975000	      2596	80001410	03e08c63	beq	x1,x30,80001448	  x1:0x00000000 x30:0x00000000
       25985000	      2597	00000000	00000013	addi	x0,x0,0	  x0:0x00000000
       25995000	      2598	80001444	00000013	addi	x0,x0,0	  x0:0x00000000
       26005000	      2599	80001448	019db9b3	sltu	x19,x27,x25	 x27:0xaca957e8 x25:0x00000000 x19=0x00000000
       26015000	      2600	8000144c	01603f33	sltu	x30,x0,x22	  x0:0x00000000 x22:0x00000000 x30=0x00000000
       26025000	      2601	80001450	00760db3	add	x27,x12,x7	 x12:0x80009fc4  x7:0x00000000 x27=0x80009fc4
       26035000	      2602	80001454	47e8b013	sltiu	x0,x17,1150	 x17:0xfffffffd
       26045000	      2603	80001458	c5a9da17	auipc	x20,0xc5a9d	 x20=0x45a9e454
       26055000	      2604	8000145c	5871cc13	xori	x24,x3,1415	  x3:0x00000001 x24=0x00000586
       26065000	      2605	80001460	b85f0093	addi	x1,x30,-1147	 x30:0x00000000  x1=0xfffffb85
       26075000	      2606	80001464	00724d33	xor	x26,x4,x7	  x4:0xb4c172d8  x7:0x00000000 x26=0xb4c172d8
       26085000	      2607	80001468	40b3d113	srai	x2,x7,0xb	  x7:0x00000000  x2=0x00000000
       26095000	      2608	8000146c	017366b3	or	x13,x6,x23	  x6:0x80000ffc x23:0x00009a08 x13=0x80009ffc
       26105000	      2609	80001470	0379f663	bgeu	x19,x23,8000149c	 x19:0x00000000 x23:0x00009a08
       26115000	      2610	80001474	01227233	and	x4,x4,x18	  x4:0xb4c172d8 x18:0x00000000  x4=0x00000000
       26125000	      2611	80001478	00cda3b3	slt	x7,x27,x12	 x27:0x80009fc4 x12:0x80009fc4  x7=0x00000000
       26135000	      2612	8000147c	0074e1b3	or	x3,x9,x7	  x9:0x80000f34  x7:0x00000000  x3=0x80000f34
       26145000	      2613	80001480	00df51b3	srl	x3,x30,x13	 x30:0x00000000 x13:0x80009ffc  x3=0x00000000
       26155000	      2614	80001484	00daf4b3	and	x9,x21,x13	 x21:0x80009fc4 x13:0x80009ffc  x9=0x80009fc4
       26165000	      2615	80001488	3e119d17	auipc	x26,0x3e119	 x26=0xbe11a484
       26175000	      2616	8000148c	00776663	bltu	x14,x7,80001498	 x14:0x00000000  x7:0x00000000
       26185000	      2617	80001490	00000013	addi	x0,x0,0	  x0:0x00000000
       26195000	      2618	80001494	00651113	slli	x2,x10,0x6	 x10:0x00000000  x2=0x00000000
       26205000	      2619	80001498	00974c63	blt	x14,x9,800014b0	 x14:0x00000000  x9:0x80009fc4
       26215000	      2620	8000149c	011dc6b3	xor	x13,x27,x17	 x27:0x80009fc4 x17:0xfffffffd x13=0x7fff6039
       26225000	      2621	800014a0	00435693	srli	x13,x6,0x4	  x6:0x80000ffc x13=0x080000ff
       26235000	      2622	800014a4	019331b3	sltu	x3,x6,x25	  x6:0x80000ffc x25:0x00000000  x3=0x00000000
       26245000	      2623	800014a8	00825c93	srli	x25,x4,0x8	  x4:0x00000000 x25=0x00000000
       26255000	      2624	800014ac	00000013	addi	x0,x0,0	  x0:0x00000000
       26265000	      2625	800014b0	00000013	addi	x0,x0,0	  x0:0x00000000
       26275000	      2626	800014b4	03f7f463	bgeu	x15,x31,800014dc	 x15:0x00000000 x31:0x80009f68
       26285000	      2627	800014b8	01a5e263	bltu	x11,x26,800014bc	 x11:0xfffdf836 x26:0xbe11a484
       26295000	      2628	800014bc	00015533	srl	x10,x2,x0	  x2:0x00000000  x0:0x00000000 x10=0x00000000
       26305000	      2629	800014c0	7391bbb7	lui	x23,0x7391b	 x23=0x7391b000
       26315000	      2630	800014c4	8c6f6793	ori	x15,x30,-1850	 x30:0x00000000 x15=0xfffff8c6
       26325000	      2631	800014c8	8fc20397	auipc	x7,0x8fc20	  x7=0x0fc214c4
       26335000	      2632	800014cc	33312f13	slti	x30,x2,819	  x2:0x00000000 x30=0x00000001
       26345000	      2633	800014d0	40155093	srai	x1,x10,0x1	 x10:0x00000000  x1=0x00000000
       26355000	      2634	800014d4	0516c063	blt	x13,x17,80001514	 x13:0x080000ff x17:0xfffffffd
       26365000	      2635	800014d8	002569b3	or	x19,x10,x2	 x10:0x00000000  x2:0x00000000 x19=0x00000000
       26375000	      2636	800014dc	00000013	addi	x0,x0,0	  x0:0x00000000
       26385000	      2637	800014e0	b378a813	slti	x16,x17,-1225	 x17:0xfffffffd x16=0x00000000
       26395000	      2638	800014e4	03d4f463	bgeu	x9,x29,8000150c	  x9:0x80009fc4 x29:0x9654f000
       26405000	      2639	800014e8	0021db93	srli	x23,x3,0x2	  x3:0x00000000 x23=0x00000000
       26415000	      2640	800014ec	01086263	bltu	x16,x16,800014f0	 x16:0x00000000 x16:0x00000000
       26425000	      2641	800014f0	046e5063	bge	x28,x6,80001530	 x28:0x00000000  x6:0x80000ffc
       26435000	      2642	00000000	00000013	addi	x0,x0,0	  x0:0x00000000
       26445000	      2643	8000152c	00000013	addi	x0,x0,0	  x0:0x00000000
       26455000	      2644	80001530	017d88b3	add	x17,x27,x23	 x27:0x80009fc4 x23:0x00000000 x17=0x80009fc4
       26465000	      2645	80001534	00361a63	bne	x12,x3,80001548	 x12:0x80009fc4  x3:0x00000000
       26475000	      2646	00000000	00000013	addi	x0,x0,0	  x0:0x00000000
       26485000	      2647	80001544	00000013	addi	x0,x0,0	  x0:0x00000000
       26495000	      2648	80001548	68887b13	andi	x22,x16,1672	 x16:0x00000000 x22=0x00000000
       26505000	      2649	8000154c	006984b3	add	x9,x19,x6	 x19:0x00000000  x6:0x80000ffc  x9=0x80000ffc
       26515000	      2650	80001550	408ad433	sra	x8,x21,x8	 x21:0x80009fc4  x8:0x786ef1f0  x8=0xffff8000
       26525000	      2651	80001554	00e36f33	or	x30,x6,x14	  x6:0x80000ffc x14:0x00000000 x30=0x80000ffc
       26535000	      2652	80001558	01156033	or	x0,x10,x17	 x10:0x00000000 x17:0x80009fc4
       26545000	      2653	8000155c	41f583b3	sub	x7,x11,x31	 x11:0xfffdf836 x31:0x80009f68  x7=0x7ffd58ce
       26555000	      2654	80001560	00df68b3	or	x17,x30,x13	 x30:0x80000ffc x13:0x080000ff x17=0x88000fff
       26565000	      2655	80001564	b4ad7617	auipc	x12,0xb4ad7	 x12=0x34ad8560
       26575000	      2656	80001568	93eeff13	andi	x30,x29,-1730	 x29:0x9654f000 x30=0x9654f000
       26585000	      2657	8000156c	02b0e863	bltu	x1,x11,8000159c	  x1:0x00000000 x11:0xfffdf836
       26595000	      2658	00000000	00000013	addi	x0,x0,0	  x0:0x00000000
       26605000	      2659	80001598	00000013	addi	x0,x0,0	  x0:0x00000000
       26615000	      2660	8000159c	0041e733	or	x14,x3,x4	  x3:0x00000000  x4:0x00000000 x14=0x00000000
       26625000	      2661	800015a0	00000013	addi	x0,x0,0	  x0:0x00000000
       26635000	      2662	800015a4	05ce7663	bgeu	x28,x28,800015f0	 x28:0x00000000 x28:0x00000000
       26645000	      2663	00000000	00000013	addi	x0,x0,0	  x0:0x00000000
       26655000	      2664	800015ec	00000013	addi	x0,x0,0	  x0:0x00000000
       26665000	      2665	800015f0	01dcab33	slt	x22,x25,x29	 x25:0x00000000 x29:0x9654f000 x22=0x00000000
       26675000	      2666	800015f4	01d51b93	slli	x23,x10,0x1d	 x10:0x00000000 x23=0x00000000
       26685000	      2667	800015f8	01543133	sltu	x2,x8,x21	  x8:0xffff8000 x21:0x80009fc4  x2=0x00000000
       26695000	      2668	800015fc	41ed80b3	sub	x1,x27,x30	 x27:0x80009fc4 x30:0x9654f000  x1=0xe9abafc4
       26705000	      2669	80001600	0192ef33	or	x30,x5,x25	  x5:0x1654e004 x25:0x00000000 x30=0x1654e004
       26715000	      2670	80001604	415f58b3	sra	x17,x30,x21	 x30:0x1654e004 x21:0x80009fc4 x17=0x01654e00
       26725000	      2671	80001608	060df063	bgeu	x27,x0,80001668	 x27:0x80009fc4  x0:0x00000000
       26735000	      2672	00000000	00000013	addi	x0,x0,0	  x0:0x00000000
       26745000	      2673	80001664	00000013	addi	x0,x0,0	  x0:0x00000000
       26755000	      2674	80001668	cf5bad93	slti	x27,x23,-779	 x23:0x00000000 x27=0x00000000
       26765000	      2675	8000166c	40e45433	sra	x8,x8,x14	  x8:0xffff8000 x14:0x00000000  x8=0xffff8000
       26775000	      2676	80001670	012d0263	beq	x26,x18,80001674	 x26:0xbe11a484 x18:0x00000000
       26785000	      2677	80001674	01ac54b3	srl	x9,x24,x26	 x24:0x00000586 x26:0xbe11a484  x9=0x00000058
       26795000	      2678	80001678	00518e63	beq	x3,x5,80001694	  x3:0x00000000  x5:0x1654e004
       26805000	      2679	8000167c	4c0f3013	sltiu	x0,x30,1216	 x30:0x1654e004
       26815000	      2680	80001680	0407e063	bltu	x15,x0,800016c0	 x15:0xfffff8c6  x0:0x00000000
       26825000	      2681	80001684	003c1613	slli	x12,x24,0x3	 x24:0x00000586 x12=0x00002c30
       26835000	      2682	80001688	0157e1b3	or	x3,x15,x21	 x15:0xfffff8c6 x21:0x80009fc4  x3=0xffffffc6
       26845000	      2683	8000168c	015d1693	slli	x13,x26,0x15	 x26:0xbe11a484 x13=0x90800000
       26855000	      2684	80001690	ed515217	auipc	x4,0xed515	  x4=0x6d51668c
       26865000	      2685	80001694	0157f433	and	x8,x15,x21	 x15:0xfffff8c6 x21:0x80009fc4  x8=0x800098c4
       26875000	      2686	80001698	f37efc93	andi	x25,x29,-201	 x29:0x9654f000 x25=0x9654f000
       26885000	      2687	8000169c	40e18cb3	sub	x25,x3,x14	  x3:0xffffffc6 x14:0x00000000 x25=0xffffffc6
       26895000	      2688	800016a0	fe012a13	slti	x20,x2,-32	  x2:0x00000000 x20=0x00000000
       26905000	      2689	800016a4	7c160813	addi	x16,x12,1985	 x12:0x00002c30 x16=0x000033f1
       26915000	      2690	800016a8	01700e33	add	x28,x0,x23	  x0:0x00000000 x23:0x00000000 x28=0x00000000
       26925000	      2691	800016ac	06435e37	lui	x28,0x6435	 x28=0x06435000
       26935000	      2692	800016b0	005adf13	srli	x30,x21,0x5	 x21:0x80009fc4 x30=0x040004fe
       26945000	      2693	800016b4	4029d413	srai	x8,x19,0x2	 x19:0x00000000  x8=0x00000000
       26955000	      2694	800016b8	00ca2db3	slt	x27,x20,x12	 x20:0x00000000 x12:0x00002c30 x27=0x00000001
       26965000	      2695	800016bc	fa908c13	addi	x24,x1,-87	  x1:0xe9abafc4 x24=0xe9abaf6d
       26975000	      2696	800016c0	119c6693	ori	x13,x24,281	 x24:0xe9abaf6d x13=0xe9abaf7d
       26985000	      2697	800016c4	03788663	beq	x17,x23,800016f0	 x17:0x01654e00 x23:0x00000000
       26995000	      2698	800016c8	050ff663	bgeu	x31,x16,80001714	 x31:0x80009f68 x16:0x000033f1
       27005000	      2699	00000000	00000013	addi	x0,x0,0	  x0:0x00000000
       27015000	      2700	80001710	00000013	addi	x0,x0,0	  x0:0x00000000
       27025000	      2701	80001714	994e9637	lui	x12,0x994e9	 x12=0x994e9000
       27035000	      2702	80001718	7c41bb93	sltiu	x23,x3,1988	  x3:0xffffffc6 x23=0x00000000
       27045000	      2703	8000171c	00b0b133	sltu	x2,x1,x11	  x1:0xe9abafc4 x11:0xfffdf836  x2=0x00000001
       27055000	      2704	80001720	03d1f863	bgeu	x3,x29,80001750	  x3:0xffffffc6 x29:0x9654f000
       27065000	      2705	00000000	00000013	addi	x0,x0,0	  x0:0x00000000
       27075000	      2706	8000174c	00000013	addi	x0,x0,0	  x0:0x00000000
       27085000	      2707	80001750	4fa4a113	slti	x2,x9,1274	  x9:0x00000058  x2=0x00000001
       27095000	      2708	80001754	00000013	addi	x0,x0,0	  x0:0x00000000
       27105000	      2709	80001758	018000ef	jal	x1,80001758	  x1=0x80001758
       27115000	      2710	00000000	00000013	addi	x0,x0,0	  x0:0x00000000
       27125000	      2711	8000176c	00000013	addi	x0,x0,0	  x0:0x00000000
       27135000	      2712	80001770	028002ef	jal	x5,80001770	  x5=0x80001770
       27145000	      2713	00000000	00000013	addi	x0,x0,0	  x0:0x00000000
       27155000	      2714	80001794	00000013	addi	x0,x0,0	  x0:0x00000000
       27165000	      2715	80001798	fe9ffa6f	jal	x20,80001798	 x20=0x80001798
       27175000	      2716	00000000	00000013	addi	x0,x0,0	  x0:0x00000000
       27185000	      2717	8000177c	00000013	addi	x0,x0,0	  x0:0x00000000
       27195000	      2718	80001780	ff9ff2ef	jal	x5,80001780	  x5=0x80001780
       27205000	      2719	00000000	00000013	addi	x0,x0,0	  x0:0x00000000
       27215000	      2720	80001774	00000013	addi	x0,x0,0	  x0:0x00000000
       27225000	      2721	80001778	02c000ef	jal	x1,80001778	  x1=0x80001778
       27235000	      2722	00000000	00000013	addi	x0,x0,0	  x0:0x00000000
       27245000	      2723	800017a0	00000013	addi	x0,x0,0	  x0:0x00000000
       27255000	      2724	800017a4	fe1ff0ef	jal	x1,800017a4	  x1=0x800017a4
       27265000	      2725	00000000	00000013	addi	x0,x0,0	  x0:0x00000000
       27275000	      2726	80001780	00000013	addi	x0,x0,0	  x0:0x00000000
       27285000	      2727	80001784	010000ef	jal	x1,80001784	  x1=0x80001784
       27295000	      2728	00000000	00000013	addi	x0,x0,0	  x0:0x00000000
       27305000	      2729	80001790	00000013	addi	x0,x0,0	  x0:0x00000000
       27315000	      2730	80001794	ffdff0ef	jal	x1,80001794	  x1=0x80001794
       27325000	      2731	00000000	00000013	addi	x0,x0,0	  x0:0x00000000
       27335000	      2732	8000178c	00000013	addi	x0,x0,0	  x0:0x00000000
       27345000	      2733	80001790	fcdff9ef	jal	x19,80001790	 x19=0x80001790
       27355000	      2734	00000000	00000013	addi	x0,x0,0	  x0:0x00000000
       27365000	      2735	80001758	00000013	addi	x0,x0,0	  x0:0x00000000
       27375000	      2736	8000175c	04c0036f	jal	x6,8000175c	  x6=0x8000175c
       27385000	      2737	00000000	00000013	addi	x0,x0,0	  x0:0x00000000
       27395000	      2738	800017a4	00000013	addi	x0,x0,0	  x0:0x00000000
       27405000	      2739	800017a8	0040036f	jal	x6,800017a8	  x6=0x800017a8
       27415000	      2740	00000000	00000013	addi	x0,x0,0	  x0:0x00000000
       27425000	      2741	800017a8	00000013	addi	x0,x0,0	  x0:0x00000000
       27435000	      2742	800017ac	fb5ff0ef	jal	x1,800017ac	  x1=0x800017ac
       27445000	      2743	00000000	00000013	addi	x0,x0,0	  x0:0x00000000
       27455000	      2744	8000175c	00000013	addi	x0,x0,0	  x0:0x00000000
       27465000	      2745	80001760	03c000ef	jal	x1,80001760	  x1=0x80001760
       27475000	      2746	00000000	00000013	addi	x0,x0,0	  x0:0x00000000
       27485000	      2747	80001798	00000013	addi	x0,x0,0	  x0:0x00000000
       27495000	      2748	8000179c	fedff36f	jal	x6,8000179c	  x6=0x8000179c
       27505000	      2749	00000000	00000013	addi	x0,x0,0	  x0:0x00000000
       27515000	      2750	80001784	00000013	addi	x0,x0,0	  x0:0x00000000
       27525000	      2751	80001788	fddff36f	jal	x6,80001788	  x6=0x80001788
       27535000	      2752	00000000	00000013	addi	x0,x0,0	  x0:0x00000000
       27545000	      2753	80001760	00000013	addi	x0,x0,0	  x0:0x00000000
       27555000	      2754	80001764	018000ef	jal	x1,80001764	  x1=0x80001764
       27565000	      2755	00000000	00000013	addi	x0,x0,0	  x0:0x00000000
       27575000	      2756	80001778	00000013	addi	x0,x0,0	  x0:0x00000000
       27585000	      2757	8000177c	0240036f	jal	x6,8000177c	  x6=0x8000177c
       27595000	      2758	00000000	00000013	addi	x0,x0,0	  x0:0x00000000
       27605000	      2759	8000179c	00000013	addi	x0,x0,0	  x0:0x00000000
       27615000	      2760	800017a0	fd5ff36f	jal	x6,800017a0	  x6=0x800017a0
       27625000	      2761	00000000	00000013	addi	x0,x0,0	  x0:0x00000000
       27635000	      2762	80001770	00000013	addi	x0,x0,0	  x0:0x00000000
       27645000	      2763	80001774	0180036f	jal	x6,80001774	  x6=0x80001774
       27655000	      2764	00000000	00000013	addi	x0,x0,0	  x0:0x00000000
       27665000	      2765	80001788	00000013	addi	x0,x0,0	  x0:0x00000000
       27675000	      2766	8000178c	fe1ff36f	jal	x6,8000178c	  x6=0x8000178c
       27685000	      2767	00000000	00000013	addi	x0,x0,0	  x0:0x00000000
       27695000	      2768	80001768	00000013	addi	x0,x0,0	  x0:0x00000000
       27705000	      2769	8000176c	04400d6f	jal	x26,8000176c	 x26=0x8000176c
       27715000	      2770	00000000	00000013	addi	x0,x0,0	  x0:0x00000000
       27725000	      2771	800017ac	00000013	addi	x0,x0,0	  x0:0x00000000
       27735000	      2772	800017b0	fb9ff76f	jal	x14,800017b0	 x14=0x800017b0
       27745000	      2773	00000000	00000013	addi	x0,x0,0	  x0:0x00000000
       27755000	      2774	80001764	00000013	addi	x0,x0,0	  x0:0x00000000
       27765000	      2775	80001768	04c000ef	jal	x1,80001768	  x1=0x80001768
       27775000	      2776	00000000	00000013	addi	x0,x0,0	  x0:0x00000000
       27785000	      2777	800017b0	00000013	addi	x0,x0,0	  x0:0x00000000
       27795000	      2778	800017b4	87c52e93	slti	x29,x10,-1924	 x10:0x00000000 x29=0x00000000
       27805000	      2779	800017b8	12720513	addi	x10,x4,295	  x4:0x6d51668c x10=0x6d5167b3
       27815000	      2780	800017bc	00746263	bltu	x8,x7,800017c0	  x8:0x00000000  x7:0x7ffd58ce
       27825000	      2781	00000000	00000013	addi	x0,x0,0	  x0:0x00000000
       27835000	      2782	800017bc	00000013	addi	x0,x0,0	  x0:0x00000000
       27845000	      2783	800017c0	f7d457b7	lui	x15,0xf7d45	 x15=0xf7d45000
       27855000	      2784	800017c4	acea9a17	auipc	x20,0xacea9	 x20=0x2ceaa7c0
       27865000	      2785	800017c8	0128f5b3	and	x11,x17,x18	 x17:0x01654e00 x18:0x00000000 x11=0x00000000
       27875000	      2786	800017cc	406bd7b3	sra	x15,x23,x6	 x23:0x00000000  x6:0x8000178c x15=0x00000000
       27885000	      2787	800017d0	0019b9b3	sltu	x19,x19,x1	 x19:0x80001790  x1:0x80001768 x19=0x00000000
       27895000	      2788	800017d4	001f75b3	and	x11,x30,x1	 x30:0x040004fe  x1:0x80001768 x11=0x00000468
       27905000	      2789	800017d8	be110293	addi	x5,x2,-1055	  x2:0x00000001  x5=0xfffffbe2
       27915000	      2790	800017dc	01e96463	bltu	x18,x30,800017e4	 x18:0x00000000 x30:0x040004fe
       27925000	      2791	00000000	00000013	addi	x0,x0,0	  x0:0x00000000
       27935000	      2792	800017e0	00000013	addi	x0,x0,0	  x0:0x00000000
       27945000	      2793	800017e4	01e7a5b3	slt	x11,x15,x30	 x15:0x00000000 x30:0x040004fe x11=0x00000001
       27955000	      2794	800017e8	41d1d4b3	sra	x9,x3,x29	  x3:0xffffffc6 x29:0x00000000  x9=0xffffffc6
       27965000	      2795	800017ec	01475263	bge	x14,x20,800017f0	 x14:0x800017b0 x20:0x2ceaa7c0
       27975000	      2796	800017f0	418d5193	srai	x3,x26,0x18	 x26:0x8000176c  x3=0xffffff80
       27985000	      2797	800017f4	010ef0b3	and	x1,x29,x16	 x29:0x00000000 x16:0x000033f1  x1=0x00000000
       27995000	      2798	800017f8	014f1713	slli	x14,x30,0x14	 x30:0x040004fe x14=0x4fe00000
       28005000	      2799	800017fc	82883a13	sltiu	x20,x16,-2008	 x16:0x000033f1 x20=0x00000001
       28015000	      2800	80001800	01d94663	blt	x18,x29,8000180c	 x18:0x00000000 x29:0x00000000
       28025000	      2801	80001804	016c5193	srli	x3,x24,0x16	 x24:0xe9abaf6d  x3=0x000003a6
       28035000	      2802	80001808	01f49bb3	sll	x23,x9,x31	  x9:0xffffffc6 x31:0x80009f68 x23=0xffffc600
       28045000	      2803	8000180c	0358ce63	blt	x17,x21,80001848	 x17:0x01654e00 x21:0x80009fc4
       28055000	      2804	80001810	03995463	bge	x18,x25,80001838	 x18:0x00000000 x25:0xffffffc6
       28065000	      2805	00000000	00000013	addi	x0,x0,0	  x0:0x00000000
       28075000	      2806	80001834	00000013	addi	x0,x0,0	  x0:0x00000000
       28085000	      2807	80001838	0084d3b3	srl	x7,x9,x8	  x9:0xffffffc6  x8:0x00000000  x7=0xffffffc6
       28095000	      2808	8000183c	005d9bb3	sll	x23,x27,x5	 x27:0x00000001  x5:0xfffffbe2 x23=0x00000004
       28105000	      2809	80001840	049b9463	bne	x23,x9,80001888	 x23:0x00000004  x9:0xffffffc6
       28115000	      2810	00000000	00000013	addi	x0,x0,0	  x0:0x00000000
       28125000	      2811	80001884	00000013	addi	x0,x0,0	  x0:0x00000000
       28135000	      2812	80001888	c245b137	lui	x2,0xc245b	  x2=0xc245b000
       28145000	      2813	8000188c	4038d533	sra	x10,x17,x3	 x17:0x01654e00  x3:0x000003a6 x10=0x00059538
       28155000	      2814	80001890	00339c63	bne	x7,x3,800018a8	  x7:0xffffffc6  x3:0x000003a6
       28165000	      2815	00000000	00000013	addi	x0,x0,0	  x0:0x00000000
       28175000	      2816	800018a4	00000013	addi	x0,x0,0	  x0:0x00000000
       28185000	      2817	800018a8	00f54133	xor	x2,x10,x15	 x10:0x00059538 x15:0x00000000  x2=0x00059538
       28195000	      2818	800018ac	0070f133	and	x2,x1,x7	  x1:0x00000000  x7:0xffffffc6  x2=0x00000000
       28205000	      2819	800018b0	024000ef	jal	x1,800018b0	  x1=0x800018b0
       28215000	      2820	00000000	00000013	addi	x0,x0,0	  x0:0x00000000
       28225000	      2821	800018d0	00000013	addi	x0,x0,0	  x0:0x00000000
       28235000	      2822	800018d4	ff9ff1ef	jal	x3,800018d4	  x3=0x800018d4
       28245000	      2823	00000000	00000013	addi	x0,x0,0	  x0:0x00000000
       28255000	      2824	800018c8	00000013	addi	x0,x0,0	  x0:0x00000000
       28265000	      2825	800018cc	02c000ef	jal	x1,800018cc	  x1=0x800018cc
       28275000	      2826	00000000	00000013	addi	x0,x0,0	  x0:0x00000000
       28285000	      2827	800018f4	00000013	addi	x0,x0,0	  x0:0x00000000
       28295000	      2828	800018f8	fe5ff36f	jal	x6,800018f8	  x6=0x800018f8
       28305000	      2829	00000000	00000013	addi	x0,x0,0	  x0:0x00000000
       28315000	      2830	800018d8	00000013	addi	x0,x0,0	  x0:0x00000000
       28325000	      2831	800018dc	fd9ff36f	jal	x6,800018dc	  x6=0x800018dc
       28335000	      2832	00000000	00000013	addi	x0,x0,0	  x0:0x00000000
       28345000	      2833	800018b0	00000013	addi	x0,x0,0	  x0:0x00000000
       28355000	      2834	800018b4	010000ef	jal	x1,800018b4	  x1=0x800018b4
       28365000	      2835	00000000	00000013	addi	x0,x0,0	  x0:0x00000000
       28375000	      2836	800018c0	00000013	addi	x0,x0,0	  x0:0x00000000
       28385000	      2837	800018c4	02c000ef	jal	x1,800018c4	  x1=0x800018c4
       28395000	      2838	00000000	00000013	addi	x0,x0,0	  x0:0x00000000
       28405000	      2839	800018ec	00000013	addi	x0,x0,0	  x0:0x00000000
       28415000	      2840	800018f0	ffdff0ef	jal	x1,800018f0	  x1=0x800018f0
       28425000	      2841	00000000	00000013	addi	x0,x0,0	  x0:0x00000000
       28435000	      2842	800018e8	00000013	addi	x0,x0,0	  x0:0x00000000
       28445000	      2843	800018ec	fcdffb6f	jal	x22,800018ec	 x22=0x800018ec
       28455000	      2844	00000000	00000013	addi	x0,x0,0	  x0:0x00000000
       28465000	      2845	800018b4	00000013	addi	x0,x0,0	  x0:0x00000000
       28475000	      2846	800018b8	02c000ef	jal	x1,800018b8	  x1=0x800018b8
       28485000	      2847	00000000	00000013	addi	x0,x0,0	  x0:0x00000000
       28495000	      2848	800018e0	00000013	addi	x0,x0,0	  x0:0x00000000
       28505000	      2849	800018e4	fedff0ef	jal	x1,800018e4	  x1=0x800018e4
       28515000	      2850	00000000	00000013	addi	x0,x0,0	  x0:0x00000000
       28525000	      2851	800018cc	00000013	addi	x0,x0,0	  x0:0x00000000
       28535000	      2852	800018d0	fedffcef	jal	x25,800018d0	 x25=0x800018d0
       28545000	      2853	00000000	00000013	addi	x0,x0,0	  x0:0x00000000
       28555000	      2854	800018b8	00000013	addi	x0,x0,0	  x0:0x00000000
       28565000	      2855	800018bc	03800cef	jal	x25,800018bc	 x25=0x800018bc
       28575000	      2856	00000000	00000013	addi	x0,x0,0	  x0:0x00000000
       28585000	      2857	800018f0	00000013	addi	x0,x0,0	  x0:0x00000000
       28595000	      2858	800018f4	fcdff0ef	jal	x1,800018f4	  x1=0x800018f4
       28605000	      2859	00000000	00000013	addi	x0,x0,0	  x0:0x00000000
       28615000	      2860	800018bc	00000013	addi	x0,x0,0	  x0:0x00000000
       28625000	      2861	800018c0	008000ef	jal	x1,800018c0	  x1=0x800018c0
       28635000	      2862	00000000	00000013	addi	x0,x0,0	  x0:0x00000000
       28645000	      2863	800018c4	00000013	addi	x0,x0,0	  x0:0x00000000
       28655000	      2864	800018c8	0100036f	jal	x6,800018c8	  x6=0x800018c8
       28665000	      2865	00000000	00000013	addi	x0,x0,0	  x0:0x00000000
       28675000	      2866	800018d4	00000013	addi	x0,x0,0	  x0:0x00000000
       28685000	      2867	800018d8	0080036f	jal	x6,800018d8	  x6=0x800018d8
       28695000	      2868	00000000	00000013	addi	x0,x0,0	  x0:0x00000000
       28705000	      2869	800018dc	00000013	addi	x0,x0,0	  x0:0x00000000
       28715000	      2870	800018e0	008000ef	jal	x1,800018e0	  x1=0x800018e0
       28725000	      2871	00000000	00000013	addi	x0,x0,0	  x0:0x00000000
       28735000	      2872	800018e4	00000013	addi	x0,x0,0	  x0:0x00000000
       28745000	      2873	800018e8	0140036f	jal	x6,800018e8	  x6=0x800018e8
       28755000	      2874	00000000	00000013	addi	x0,x0,0	  x0:0x00000000
       28765000	      2875	800018f8	00000013	addi	x0,x0,0	  x0:0x00000000
       28775000	      2876	800018fc	00de9e93	slli	x29,x29,0xd	 x29:0x00000000 x29=0x00000000
       28785000	      2877	80001900	1854e713	ori	x14,x9,389	  x9:0xffffffc6 x14=0xffffffc7
       28795000	      2878	80001904	00000013	addi	x0,x0,0	  x0:0x00000000
       28805000	      2879	80001908	00448463	beq	x9,x4,80001910	  x9:0xffffffc6  x4:0x6d51668c
       28815000	      2880	8000190c	015fceb3	xor	x29,x31,x21	 x31:0x80009f68 x21:0x80009fc4 x29=0x000000ac
       28825000	      2881	80001910	7f499597	auipc	x11,0x7f499	 x11=0xff49a90c
       28835000	      2882	80001914	7284af13	slti	x30,x9,1832	  x9:0xffffffc6 x30=0x00000001
       28845000	      2883	80001918	000ebc33	sltu	x24,x29,x0	 x29:0x000000ac  x0:0x00000000 x24=0x00000000
       28855000	      2884	8000191c	a6537f13	andi	x30,x6,-1435	  x6:0x800018e8 x30=0x80001860
       28865000	      2885	80001920	00d75c13	srli	x24,x14,0xd	 x14:0xffffffc7 x24=0x0007ffff
       28875000	      2886	80001924	00df5833	srl	x16,x30,x13	 x30:0x80001860 x13:0xe9abaf7d x16=0x00000004
       28885000	      2887	80001928	018f1b13	slli	x22,x30,0x18	 x30:0x80001860 x22=0x60000000
       28895000	      2888	8000192c	45d37893	andi	x17,x6,1117	  x6:0x800018e8 x17=0x00000048
       28905000	      2889	80001930	03828a63	beq	x5,x24,80001964	  x5:0xfffffbe2 x24:0x0007ffff
       28915000	      2890	80001934	40bdddb3	sra	x27,x27,x11	 x27:0x00000001 x11:0xff49a90c x27=0x00000000
       28925000	      2891	80001938	05280663	beq	x16,x18,80001984	 x16:0x00000004 x18:0x00000000
       28935000	      2892	8000193c	02511c63	bne	x2,x5,80001974	  x2:0x00000000  x5:0xfffffbe2
       28945000	      2893	00000000	00000013	addi	x0,x0,0	  x0:0x00000000
       28955000	      2894	80001970	00000013	addi	x0,x0,0	  x0:0x00000000
       28965000	      2895	80001974	13a6c593	xori	x11,x13,314	 x13:0xe9abaf7d x11=0xe9abae47
       28975000	      2896	80001978	40110433	sub	x8,x2,x1	  x2:0x00000000  x1:0x800018e0  x8=0x7fffe720
       28985000	      2897	8000197c	00000013	addi	x0,x0,0	  x0:0x00000000
       28995000	      2898	80001980	7e8b2e13	slti	x28,x22,2024	 x22:0x60000000 x28=0x00000000
       29005000	      2899	80001984	0157d533	srl	x10,x15,x21	 x15:0x00000000 x21:0x80009fc4 x10=0x00000000
       29015000	      2900	80001988	01b40a63	beq	x8,x27,8000199c	  x8:0x7fffe720 x27:0x00000000
       29025000	      2901	8000198c	e4c864b7	lui	x9,0xe4c86	  x9=0xe4c86000
       29035000	      2902	80001990	03ae5463	bge	x28,x26,800019b8	 x28:0x00000000 x26:0x8000176c
       29045000	      2903	00000000	00000013	addi	x0,x0,0	  x0:0x00000000
       29055000	      2904	800019b4	00000013	addi	x0,x0,0	  x0:0x00000000
       29065000	      2905	800019b8	004dbd33	sltu	x26,x27,x4	 x27:0x00000000  x4:0x6d51668c x26=0x00000001
       29075000	      2906	800019bc	01ef8a63	beq	x31,x30,800019d0	 x31:0x80009f68 x30:0x80001860
       29085000	      2907	800019c0	f27f0813	addi	x16,x30,-217	 x30:0x80001860 x16=0x80001787
       29095000	      2908	800019c4	fa45e813	ori	x16,x11,-92	 x11:0xe9abae47 x16=0xffffffe7
       29105000	      2909	800019c8	df7af893	andi	x17,x21,-521	 x21:0x80009fc4 x17=0x80009dc4
       29115000	      2910	800019cc	03205a63	bge	x0,x18,80001a00	  x0:0x00000000 x18:0x00000000
       29125000	      2911	00000000	00000013	addi	x0,x0,0	  x0:0x00000000
       29135000	      2912	800019fc	00000013	addi	x0,x0,0	  x0:0x00000000
       29145000	      2913	80001a00	0060d593	srli	x11,x1,0x6	  x1:0x800018e0 x11=0x02000063
       29155000	      2914	80001a04	0019e133	or	x2,x19,x1	 x19:0x00000000  x1:0x800018e0  x2=0x800018e0
       29165000	      2915	80001a08	0158c633	xor	x12,x17,x21	 x17:0x80009dc4 x21:0x80009fc4 x12=0x00000200
       29175000	      2916	80001a0c	2243ad93	slti	x27,x7,548	  x7:0xffffffc6 x27=0x00000001
       29185000	      2917	80001a10	03ee5e63	bge	x28,x30,80001a4c	 x28:0x00000000 x30:0x80001860
       29195000	      2918	00000000	00000013	addi	x0,x0,0	  x0:0x00000000
       29205000	      2919	80001a48	00000013	addi	x0,x0,0	  x0:0x00000000
       29215000	      2920	80001a4c	01b4cdb3	xor	x27,x9,x27	  x9:0xe4c86000 x27:0x00000001 x27=0xe4c86001
       29225000	      2921	80001a50	e6653e13	sltiu	x28,x10,-410	 x10:0x00000000 x28=0x00000001
       29235000	      2922	80001a54	04d45663	bge	x8,x13,80001aa0	  x8:0x7fffe720 x13:0xe9abaf7d
       29245000	      2923	00000000	00000013	addi	x0,x0,0	  x0:0x00000000
       29255000	      2924	80001a9c	00000013	addi	x0,x0,0	  x0:0x00000000
       29265000	      2925	80001aa0	011d2c33	slt	x24,x26,x17	 x26:0x00000001 x17:0x80009dc4 x24=0x00000000
       29275000	      2926	80001aa4	003158b3	srl	x17,x2,x3	  x2:0x800018e0  x3:0x800018d4 x17=0x00000800
       29285000	      2927	80001aa8	00d825b3	slt	x11,x16,x13	 x16:0xffffffe7 x13:0xe9abaf7d x11=0x00000000
       29295000	      2928	80001aac	01ea57b3	srl	x15,x20,x30	 x20:0x00000001 x30:0x80001860 x15=0x00000001
       29305000	      2929	80001ab0	40dedb93	srai	x23,x29,0xd	 x29:0x000000ac x23=0x00000000
       29315000	      2930	80001ab4	001d2eb3	slt	x29,x26,x1	 x26:0x00000001  x1:0x800018e0 x29=0x00000000
       29325000	      2931	80001ab8	01045e33	srl	x28,x8,x16	  x8:0x7fffe720 x16:0xffffffe7 x28=0x00ffffce
       29335000	      2932	80001abc	eab17713	andi	x14,x2,-341	  x2:0x800018e0 x14=0x800018a0
       29345000	      2933	80001ac0	41230eb3	sub	x29,x6,x18	  x6:0x800018e8 x18:0x00000000 x29=0x800018e8
       29355000	      2934	80001ac4	01d422b3	slt	x5,x8,x29	  x8:0x7fffe720 x29:0x800018e8  x5=0x00000000
       29365000	      2935	80001ac8	926b6993	ori	x19,x22,-1754	 x22:0x60000000 x19=0xfffff926
       29375000	      2936	80001acc	01bc4c33	xor	x24,x24,x27	 x24:0x00000000 x27:0xe4c86001 x24=0xe4c86001
       29385000	      2937	80001ad0	010443b3	xor	x7,x8,x16	  x8:0x7fffe720 x16:0xffffffe7  x7=0x800018c7
       29395000	      2938	80001ad4	4d604413	xori	x8,x0,1238	  x0:0x00000000  x8=0x000004d6
       29405000	      2939	80001ad8	40695013	srai	x0,x18,0x6	 x18:0x00000000
       29415000	      2940	80001adc	417ed2b3	sra	x5,x29,x23	 x29:0x800018e8 x23:0x00000000  x5=0x800018e8
       29425000	      2941	80001ae0	002fb6b3	sltu	x13,x31,x2	 x31:0x80009f68  x2:0x800018e0 x13=0x00000000
       29435000	      2942	80001ae4	00075493	srli	x9,x14,0x0	 x14:0x800018a0  x9=0x800018a0
       29445000	      2943	80001ae8	412a5813	srai	x16,x20,0x12	 x20:0x00000001 x16=0x00000000
       29455000	      2944	80001aec	01410f33	add	x30,x2,x20	  x2:0x800018e0 x20:0x00000001 x30=0x800018e1
       29465000	      2945	80001af0	033e8e63	beq	x29,x19,80001b2c	 x29:0x800018e8 x19:0xfffff926
       29475000	      2946	80001af4	008af263	bgeu	x21,x8,80001af8	 x21:0x80009fc4  x8:0x000004d6
       29485000	      2947	00000000	00000013	addi	x0,x0,0	  x0:0x00000000
       29495000	      2948	80001af4	00000013	addi	x0,x0,0	  x0:0x00000000
       29505000	      2949	80001af8	00989a33	sll	x20,x17,x9	 x17:0x00000800  x9:0x800018a0 x20=0x00000800
       29515000	      2950	80001afc	e57f4293	xori	x5,x30,-425	 x30:0x800018e1  x5=0x7fffe6b6
       29525000	      2951	80001b00	01a0f833	and	x16,x1,x26	  x1:0x800018e0 x26:0x00000001 x16=0x00000000
       29535000	      2952	80001b04	29376bb7	lui	x23,0x29376	 x23=0x29376000
       29545000	      2953	80001b08	015b2233	slt	x4,x22,x21	 x22:0x60000000 x21:0x80009fc4  x4=0x00000000
       29555000	      2954	80001b0c	419f5cb3	sra	x25,x30,x25	 x30:0x800018e1 x25:0x800018bc x25=0xfffffff8
       29565000	      2955	80001b10	d7c9ab13	slti	x22,x19,-644	 x19:0xfffff926 x22=0x00000001
       29575000	      2956	80001b14	01379263	bne	x15,x19,80001b18	 x15:0x00000001 x19:0xfffff926
       29585000	      2957	00000000	00000013	addi	x0,x0,0	  x0:0x00000000
       29595000	      2958	80001b14	00000013	addi	x0,x0,0	  x0:0x00000000
       29605000	      2959	80001b18	71937897	auipc	x17,0x71937	 x17=0xf1938b14
       29615000	      2960	80001b1c	03dc8863	beq	x25,x29,80001b4c	 x25:0xfffffff8 x29:0x800018e8
       29625000	      2961	80001b20	00519813	slli	x16,x3,0x5	  x3:0x800018d4 x16=0x00031a80
       29635000	      2962	80001b24	00d0ca63	blt	x1,x13,80001b38	  x1:0x800018e0 x13:0x00000000
       29645000	      2963	00000000	00000013	addi	x0,x0,0	  x0:0x00000000
       29655000	      2964	80001b34	00000013	addi	x0,x0,0	  x0:0x00000000
       29665000	      2965	80001b38	2dbe2413	slti	x8,x28,731	 x28:0x00ffffce  x8=0x00000000
       29675000	      2966	80001b3c	bbd90813	addi	x16,x18,-1091	 x18:0x00000000 x16=0xfffffbbd
       29685000	      2967	80001b40	315e9297	auipc	x5,0x315e9	  x5=0xb15eab3c
       29695000	      2968	80001b44	4ad1d537	lui	x10,0x4ad1d	 x10=0x4ad1d000
       29705000	      2969	80001b48	92994113	xori	x2,x18,-1751	 x18:0x00000000  x2=0xfffff929
       29715000	      2970	80001b4c	73bd0f13	addi	x30,x26,1851	 x26:0x00000001 x30=0x0000073c
       29725000	      2971	80001b50	84b0c613	xori	x12,x1,-1973	  x1:0x800018e0 x12=0x7fffe0ab
       29735000	      2972	80001b54	00025233	srl	x4,x4,x0	  x4:0x00000000  x0:0x00000000  x4=0x00000000
       29745000	      2973	80001b58	014000ef	jal	x1,80001b58	  x1=0x80001b58
       29755000	      2974	00000000	00000013	addi	x0,x0,0	  x0:0x00000000
       29765000	      2975	80001b68	00000013	addi	x0,x0,0	  x0:0x00000000
       29775000	      2976	80001b6c	01c0066f	jal	x12,80001b6c	 x12=0x80001b6c
       29785000	      2977	00000000	00000013	addi	x0,x0,0	  x0:0x00000000
       29795000	      2978	80001b84	00000013	addi	x0,x0,0	  x0:0x00000000
       29805000	      2979	80001b88	ff1ff36f	jal	x6,80001b88	  x6=0x80001b88
       29815000	      2980	00000000	00000013	addi	x0,x0,0	  x0:0x00000000
       29825000	      2981	80001b74	00000013	addi	x0,x0,0	  x0:0x00000000
       29835000	      2982	80001b78	0180056f	jal	x10,80001b78	 x10=0x80001b78
       29845000	      2983	00000000	00000013	addi	x0,x0,0	  x0:0x00000000
       29855000	      2984	80001b8c	00000013	addi	x0,x0,0	  x0:0x00000000
       29865000	      2985	80001b90	fe1ff5ef	jal	x11,80001b90	 x11=0x80001b90
       29875000	      2986	00000000	00000013	addi	x0,x0,0	  x0:0x00000000
       29885000	      2987	80001b6c	00000013	addi	x0,x0,0	  x0:0x00000000
       29895000	      2988	80001b70	014000ef	jal	x1,80001b70	  x1=0x80001b70
       29905000	      2989	00000000	00000013	addi	x0,x0,0	  x0:0x00000000
       29915000	      2990	80001b80	00000013	addi	x0,x0,0	  x0:0x00000000
       29925000	      2991	80001b84	ffdff36f	jal	x6,80001b84	  x6=0x80001b84
       29935000	      2992	00000000	00000013	addi	x0,x0,0	  x0:0x00000000
       29945000	      2993	80001b7c	00000013	addi	x0,x0,0	  x0:0x00000000
       29955000	      2994	80001b80	00c0056f	jal	x10,80001b80	 x10=0x80001b80
       29965000	      2995	00000000	00000013	addi	x0,x0,0	  x0:0x00000000
       29975000	      2996	80001b88	00000013	addi	x0,x0,0	  x0:0x00000000
       29985000	      2997	80001b8c	fd5ff0ef	jal	x1,80001b8c	  x1=0x80001b8c
       29995000	      2998	00000000	00000013	addi	x0,x0,0	  x0:0x00000000
       30005000	      2999	80001b5c	00000013	addi	x0,x0,0	  x0:0x00000000
       30015000	      3000	80001b60	014000ef	jal	x1,80001b60	  x1=0x80001b60
       30025000	      3001	00000000	00000013	addi	x0,x0,0	  x0:0x00000000
       30035000	      3002	80001b70	00000013	addi	x0,x0,0	  x0:0x00000000
       30045000	      3003	80001b74	fe9ff0ef	jal	x1,80001b74	  x1=0x80001b74
       30055000	      3004	00000000	00000013	addi	x0,x0,0	  x0:0x00000000
       30065000	      3005	80001b58	00000013	addi	x0,x0,0	  x0:0x00000000
       30075000	      3006	80001b5c	038000ef	jal	x1,80001b5c	  x1=0x80001b5c
       30085000	      3007	00000000	00000013	addi	x0,x0,0	  x0:0x00000000
       30095000	      3008	80001b90	00000013	addi	x0,x0,0	  x0:0x00000000
       30105000	      3009	80001b94	fd1ffbef	jal	x23,80001b94	 x23=0x80001b94
       30115000	      3010	00000000	00000013	addi	x0,x0,0	  x0:0x00000000
       30125000	      3011	80001b60	00000013	addi	x0,x0,0	  x0:0x00000000
       30135000	      3012	80001b64	018000ef	jal	x1,80001b64	  x1=0x80001b64
       30145000	      3013	00000000	00000013	addi	x0,x0,0	  x0:0x00000000
       30155000	      3014	80001b78	00000013	addi	x0,x0,0	  x0:0x00000000
       30165000	      3015	80001b7c	fedff0ef	jal	x1,80001b7c	  x1=0x80001b7c
       30175000	      3016	00000000	00000013	addi	x0,x0,0	  x0:0x00000000
       30185000	      3017	80001b64	00000013	addi	x0,x0,0	  x0:0x00000000
       30195000	      3018	80001b68	030000ef	jal	x1,80001b68	  x1=0x80001b68
       30205000	      3019	00000000	00000013	addi	x0,x0,0	  x0:0x00000000
       30215000	      3020	80001b94	00000013	addi	x0,x0,0	  x0:0x00000000
       30225000	      3021	80001b98	41f2df33	sra	x30,x5,x31	  x5:0xb15eab3c x31:0x80009f68 x30=0xffb15eab
       30235000	      3022	80001b9c	00000013	addi	x0,x0,0	  x0:0x00000000
       30245000	      3023	80001ba0	03266463	bltu	x12,x18,80001bc8	 x12:0x80001b6c x18:0x00000000
       30255000	      3024	80001ba4	b0be2a37	lui	x20,0xb0be2	 x20=0xb0be2000
       30265000	      3025	80001ba8	00acdc63	bge	x25,x10,80001bc0	 x25:0xfffffff8 x10:0x80001b80
       30275000	      3026	00000000	00000013	addi	x0,x0,0	  x0:0x00000000
       30285000	      3027	80001bbc	00000013	addi	x0,x0,0	  x0:0x00000000
       30295000	      3028	80001bc0	0107a7b3	slt	x15,x15,x16	 x15:0x00000001 x16:0xfffffbbd x15=0x00000000
       30305000	      3029	80001bc4	497bc5b7	lui	x11,0x497bc	 x11=0x497bc000
       30315000	      3030	80001bc8	053dc463	blt	x27,x19,80001c10	 x27:0xe4c86001 x19:0xfffff926
       30325000	      3031	00000000	00000013	addi	x0,x0,0	  x0:0x00000000
       30335000	      3032	80001c0c	00000013	addi	x0,x0,0	  x0:0x00000000
       30345000	      3033	80001c10	01a5d4b3	srl	x9,x11,x26	 x11:0x497bc000 x26:0x00000001  x9=0x24bde000
       30355000	      3034	80001c14	503ce713	ori	x14,x25,1283	 x25:0xfffffff8 x14=0xfffffffb
       30365000	      3035	80001c18	01436533	or	x10,x6,x20	  x6:0x80001b84 x20:0xb0be2000 x10=0xb0be3b84
       30375000	      3036	80001c1c	40c75613	srai	x12,x14,0xc	 x14:0xfffffffb x12=0xffffffff
       30385000	      3037	80001c20	41d8d413	srai	x8,x17,0x1d	 x17:0xf1938b14  x8=0xffffffff
       30395000	      3038	80001c24	ffbc0113	addi	x2,x24,-5	 x24:0xe4c86001  x2=0xe4c85ffc
       30405000	      3039	80001c28	001d5eb3	srl	x29,x26,x1	 x26:0x00000001  x1:0x80001b68 x29=0x00000000
       30415000	      3040	80001c2c	40b58db3	sub	x27,x11,x11	 x11:0x497bc000 x11:0x497bc000 x27=0x00000000
       30425000	      3041	80001c30	01a839b3	sltu	x19,x16,x26	 x16:0xfffffbbd x26:0x00000001 x19=0x00000000
       30435000	      3042	80001c34	0275e863	bltu	x11,x7,80001c64	 x11:0x497bc000  x7:0x800018c7
       30445000	      3043	00000000	00000013	addi	x0,x0,0	  x0:0x00000000
       30455000	      3044	80001c60	00000013	addi	x0,x0,0	  x0:0x00000000
       30465000	      3045	80001c64	04a7d063	bge	x15,x10,80001ca4	 x15:0x00000000 x10:0xb0be3b84
       30475000	      3046	00000000	00000013	addi	x0,x0,0	  x0:0x00000000
       30485000	      3047	80001ca0	00000013	addi	x0,x0,0	  x0:0x00000000
       30495000	      3048	80001ca4	000b5813	srli	x16,x22,0x0	 x22:0x00000001 x16=0x00000001
       30505000	      3049	80001ca8	01f59833	sll	x16,x11,x31	 x11:0x497bc000 x31:0x80009f68 x16=0x7bc00000
       30515000	      3050	80001cac	c508c013	xori	x0,x17,-944	 x17:0xf1938b14
       30525000	      3051	80001cb0	002052b3	srl	x5,x0,x2	  x0:0x00000000  x2:0xe4c85ffc  x5=0x00000000
       30535000	      3052	80001cb4	edc03393	sltiu	x7,x0,-292	  x0:0x00000000  x7=0x00000001
       30545000	      3053	80001cb8	448cc593	xori	x11,x25,1096	 x25:0xfffffff8 x11=0xfffffbb0
       30555000	      3054	80001cbc	00e15a13	srli	x20,x2,0xe	  x2:0xe4c85ffc x20=0x00039321
       30565000	      3055	80001cc0	7e786193	ori	x3,x16,2023	 x16:0x7bc00000  x3=0x7bc007e7
       30575000	      3056	80001cc4	021f5a63	bge	x30,x1,80001cf8	 x30:0xffb15eab  x1:0x80001b68
       30585000	      3057	00000000	00000013	addi	x0,x0,0	  x0:0x00000000
       30595000	      3058	80001cf4	00000013	addi	x0,x0,0	  x0:0x00000000
       30605000	      3059	80001cf8	85d28c93	addi	x25,x5,-1955	  x5:0x00000000 x25=0xfffff85d
       30615000	      3060	80001cfc	40955233	sra	x4,x10,x9	 x10:0xb0be3b84  x9:0x24bde000  x4=0xb0be3b84
       30625000	      3061	80001d00	02884463	blt	x16,x8,80001d28	 x16:0x7bc00000  x8:0xffffffff
       30635000	      3062	80001d04	0cb7eb13	ori	x22,x15,203	 x15:0x00000000 x22=0x000000cb
       30645000	      3063	80001d08	00602433	slt	x8,x0,x6	  x0:0x00000000  x6:0x80001b84  x8=0x00000000
       30655000	      3064	80001d0c	00bd8c63	beq	x27,x11,80001d24	 x27:0x00000000 x11:0xfffffbb0
       30665000	      3065	80001d10	4097d393	srai	x7,x15,0x9	 x15:0x00000000  x7=0x00000000
       30675000	      3066	80001d14	c0c83e13	sltiu	x28,x16,-1012	 x16:0x7bc00000 x28=0x00000001
       30685000	      3067	80001d18	040de463	bltu	x27,x0,80001d60	 x27:0x00000000  x0:0x00000000
       30695000	      3068	80001d1c	00ca6633	or	x12,x20,x12	 x20:0x00039321 x12:0xffffffff x12=0xffffffff
       30705000	      3069	80001d20	014df733	and	x14,x27,x20	 x27:0x00000000 x20:0x00039321 x14=0x00000000
       30715000	      3070	80001d24	00eb7463	bgeu	x22,x14,80001d2c	 x22:0x000000cb x14:0x00000000
       30725000	      3071	00000000	00000013	addi	x0,x0,0	  x0:0x00000000
       30735000	      3072	80001d28	00000013	addi	x0,x0,0	  x0:0x00000000
       30745000	      3073	80001d2c	0567f663	bgeu	x15,x22,80001d78	 x15:0x00000000 x22:0x000000cb
       30755000	      3074	80001d30	036dcc63	blt	x27,x22,80001d68	 x27:0x00000000 x22:0x000000cb
       30765000	      3075	00000000	00000013	addi	x0,x0,0	  x0:0x00000000
       30775000	      3076	80001d64	00000013	addi	x0,x0,0	  x0:0x00000000
       30785000	      3077	80001d68	01671213	slli	x4,x14,0x16	 x14:0x00000000  x4=0x00000000
       30795000	      3078	80001d6c	016125b3	slt	x11,x2,x22	  x2:0xe4c85ffc x22:0x000000cb x11=0x00000001
       30805000	      3079	80001d70	b1a1f893	andi	x17,x3,-1254	  x3:0x7bc007e7 x17=0x7bc00302
       30815000	      3080	80001d74	403383b3	sub	x7,x7,x3	  x7:0x00000000  x3:0x7bc007e7  x7=0x843ff819
       30825000	      3081	80001d78	0174e333	or	x6,x9,x23	  x9:0x24bde000 x23:0x80001b94  x6=0xa4bdfb94
       30835000	      3082	80001d7c	8f63d637	lui	x12,0x8f63d	 x12=0x8f63d000
       30845000	      3083	80001d80	013da3b3	slt	x7,x27,x19	 x27:0x00000000 x19:0x00000000  x7=0x00000000
       30855000	      3084	80001d84	8cf1f293	andi	x5,x3,-1841	  x3:0x7bc007e7  x5=0x7bc000c7
       30865000	      3085	80001d88	885b3b13	sltiu	x22,x22,-1915	 x22:0x000000cb x22=0x00000001
       30875000	      3086	80001d8c	18f8c593	xori	x11,x17,399	 x17:0x7bc00302 x11=0x7bc0028d
       30885000	      3087	80001d90	1e6f5997	auipc	x19,0x1e6f5	 x19=0x9e6f6d8c
       30895000	      3088	80001d94	d277eb97	auipc	x23,0xd277e	 x23=0x5277fd90
       30905000	      3089	80001d98	00bad493	srli	x9,x21,0xb	 x21:0x80009fc4  x9=0x00100013
       30915000	      3090	80001d9c	000f2633	slt	x12,x30,x0	 x30:0xffb15eab  x0:0x00000000 x12=0x00000001
       30925000	      3091	80001da0	00362833	slt	x16,x12,x3	 x12:0x00000001  x3:0x7bc007e7 x16=0x00000001
       30935000	      3092	80001da4	013d0a63	beq	x26,x19,80001db8	 x26:0x00000001 x19:0x9e6f6d8c
       30945000	      3093	80001da8	a2bc7493	andi	x9,x24,-1493	 x24:0xe4c86001  x9=0xe4c86001
       30955000	      3094	80001dac	0131e333	or	x6,x3,x19	  x3:0x7bc007e7 x19:0x9e6f6d8c  x6=0xffef6fef
       30965000	      3095	80001db0	b36c8513	addi	x10,x25,-1226	 x25:0xfffff85d x10=0xfffff393
       30975000	      3096	80001db4	55f74793	xori	x15,x14,1375	 x14:0x00000000 x15=0x0000055f
       30985000	      3097	80001db8	81b9ad13	slti	x26,x19,-2021	 x19:0x9e6f6d8c x26=0x00000001
       30995000	      3098	80001dbc	40abdf13	srai	x30,x23,0xa	 x23:0x5277fd90 x30=0x00149dff
       31005000	      3099	80001dc0	01801413	slli	x8,x0,0x18	  x0:0x00000000  x8=0x00000000
       31015000	      3100	80001dc4	00f1a133	slt	x2,x3,x15	  x3:0x7bc007e7 x15:0x0000055f  x2=0x00000000
       31025000	      3101	80001dc8	83c0f213	andi	x4,x1,-1988	  x1:0x80001b68  x4=0x80001828
       31035000	      3102	80001dcc	7b398d93	addi	x27,x19,1971	 x19:0x9e6f6d8c x27=0x9e6f753f
       31045000	      3103	80001dd0	7ee9a293	slti	x5,x19,2030	 x19:0x9e6f6d8c  x5=0x00000001
       31055000	      3104	80001dd4	00000013	addi	x0,x0,0	  x0:0x00000000
       31065000	      3105	80001dd8	052a6063	bltu	x20,x18,80001e18	 x20:0x00039321 x18:0x00000000
       31075000	      3106	80001ddc	ac158613	addi	x12,x11,-1343	 x11:0x7bc0028d x12=0x7bbffd4e
       31085000	      3107	80001de0	d5a46113	ori	x2,x8,-678	  x8:0x00000000  x2=0xfffffd5a
       31095000	      3108	80001de4	005e1263	bne	x28,x5,80001de8	 x28:0x00000001  x5:0x00000001
       31105000	      3109	80001de8	02f1ca63	blt	x3,x15,80001e1c	  x3:0x7bc007e7 x15:0x0000055f
       31115000	      3110	80001dec	00cfa9b3	slt	x19,x31,x12	 x31:0x80009f68 x12:0x7bbffd4e x19=0x00000001
       31125000	      3111	80001df0	6abfee13	ori	x28,x31,1707	 x31:0x80009f68 x28=0x80009feb
       31135000	      3112	80001df4	10c66313	ori	x6,x12,268	 x12:0x7bbffd4e  x6=0x7bbffd4e
       31145000	      3113	80001df8	98f53513	sltiu	x10,x10,-1649	 x10:0xfffff393 x10=0x00000001
       31155000	      3114	80001dfc	40738633	sub	x12,x7,x7	  x7:0x00000000  x7:0x00000000 x12=0x00000000
       31165000	      3115	80001e00	01185db3	srl	x27,x16,x17	 x16:0x00000001 x17:0x7bc00302 x27=0x00000000
       31175000	      3116	80001e04	1bb824b7	lui	x9,0x1bb82	  x9=0x1bb82000
       31185000	      3117	80001e08	03331463	bne	x6,x19,80001e30	  x6:0x7bbffd4e x19:0x00000001
       31195000	      3118	00000000	00000013	addi	x0,x0,0	  x0:0x00000000
       31205000	      3119	80001e2c	00000013	addi	x0,x0,0	  x0:0x00000000
       31215000	      3120	80001e30	ae416f13	ori	x30,x2,-1308	  x2:0xfffffd5a x30=0xfffffffe
       31225000	      3121	80001e34	00d7da63	bge	x15,x13,80001e48	 x15:0x0000055f x13:0x00000000
       31235000	      3122	00000000	00000013	addi	x0,x0,0	  x0:0x00000000
       31245000	      3123	80001e44	00000013	addi	x0,x0,0	  x0:0x00000000
       31255000	      3124	80001e48	f8dfae93	slti	x29,x31,-115	 x31:0x80009f68 x29=0x00000001
       31265000	      3125	80001e4c	0262f863	bgeu	x5,x6,80001e7c	  x5:0x00000001  x6:0x7bbffd4e
       31275000	      3126	80001e50	00fb1f33	sll	x30,x22,x15	 x22:0x00000001 x15:0x0000055f x30=0x80000000
       31285000	      3127	80001e54	355ea193	slti	x3,x29,853	 x29:0x00000001  x3=0x00000001
       31295000	      3128	80001e58	3a780a13	addi	x20,x16,935	 x16:0x00000001 x20=0x000003a8
       31305000	      3129	80001e5c	0a112313	slti	x6,x2,161	  x2:0xfffffd5a  x6=0x00000001
       31315000	      3130	80001e60	01b96333	or	x6,x18,x27	 x18:0x00000000 x27:0x00000000  x6=0x00000000
       31325000	      3131	80001e64	0307f863	bgeu	x15,x16,80001e94	 x15:0x0000055f x16:0x00000001
       31335000	      3132	00000000	00000013	addi	x0,x0,0	  x0:0x00000000
       31345000	      3133	80001e90	00000013	addi	x0,x0,0	  x0:0x00000000
       31355000	      3134	80001e94	0402d663	bge	x5,x0,80001ee0	  x5:0x00000001  x0:0x00000000
       31365000	      3135	00000000	00000013	addi	x0,x0,0	  x0:0x00000000
       31375000	      3136	80001edc	00000013	addi	x0,x0,0	  x0:0x00000000
       31385000	      3137	80001ee0	013d29b3	slt	x19,x26,x19	 x26:0x00000001 x19:0x00000001 x19=0x00000000
       31395000	      3138	80001ee4	01ea6733	or	x14,x20,x30	 x20:0x000003a8 x30:0x80000000 x14=0x800003a8
       31405000	      3139	80001ee8	c8ddcb93	xori	x23,x27,-883	 x27:0x00000000 x23=0xfffffc8d
       31415000	      3140	80001eec	00d93133	sltu	x2,x18,x13	 x18:0x00000000 x13:0x00000000  x2=0x00000000
       31425000	      3141	80001ef0	00e68233	add	x4,x13,x14	 x13:0x00000000 x14:0x800003a8  x4=0x800003a8
       31435000	      3142	80001ef4	793966b7	lui	x13,0x79396	 x13=0x79396000
       31445000	      3143	80001ef8	40f3da33	sra	x20,x7,x15	  x7:0x00000000 x15:0x0000055f x20=0x00000000
       31455000	      3144	80001efc	017fd133	srl	x2,x31,x23	 x31:0x80009f68 x23:0xfffffc8d  x2=0x00040004
       31465000	      3145	80001f00	a830b093	sltiu	x1,x1,-1405	  x1:0x80001b68  x1=0x00000001
       31475000	      3146	80001f04	89572193	slti	x3,x14,-1899	 x14:0x800003a8  x3=0x00000001
       31485000	      3147	80001f08	012a80b3	add	x1,x21,x18	 x21:0x80009fc4 x18:0x00000000  x1=0x80009fc4
       31495000	      3148	80001f0c	01fc9693	slli	x13,x25,0x1f	 x25:0xfffff85d x13=0x80000000
       31505000	      3149	80001f10	00000013	addi	x0,x0,0	  x0:0x00000000
       31515000	      3150	80001f14	04441063	bne	x8,x4,80001f54	  x8:0x00000000  x4:0x800003a8
       31525000	      3151	00000000	00000013	addi	x0,x0,0	  x0:0x00000000
       31535000	      3152	80001f50	00000013	addi	x0,x0,0	  x0:0x00000000
       31545000	      3153	80001f54	017e9c13	slli	x24,x29,0x17	 x29:0x00000001 x24=0x00800000
       31555000	      3154	80001f58	0032a2b3	slt	x5,x5,x3	  x5:0x00000001  x3:0x00000001  x5=0x00000000
       31565000	      3155	80001f5c	63876693	ori	x13,x14,1592	 x14:0x800003a8 x13=0x800007b8
       31575000	      3156	80001f60	1f60c717	auipc	x14,0x1f60c	 x14=0x9f60df5c
       31585000	      3157	80001f64	00000013	addi	x0,x0,0	  x0:0x00000000
       31595000	      3158	80001f68	01f94233	xor	x4,x18,x31	 x18:0x00000000 x31:0x80009f68  x4=0x80009f68
       31605000	      3159	80001f6c	24310593	addi	x11,x2,579	  x2:0x00040004 x11=0x00040247
       31615000	      3160	80001f70	008f8133	add	x2,x31,x8	 x31:0x80009f68  x8:0x00000000  x2=0x80009f68
       31625000	      3161	80001f74	1bc53297	auipc	x5,0x1bc53	  x5=0x9bc54f70
       31635000	      3162	80001f78	65130c13	addi	x24,x6,1617	  x6:0x00000000 x24=0x00000651
       31645000	      3163	80001f7c	00000013	addi	x0,x0,0	  x0:0x00000000
       31655000	      3164	80001f80	41235813	srai	x16,x6,0x12	  x6:0x00000000 x16=0x00000000
       31665000	      3165	80001f84	40b75313	srai	x6,x14,0xb	 x14:0x9f60df5c  x6=0xfff3ec1b
       31675000	      3166	80001f88	01f49e33	sll	x28,x9,x31	  x9:0x1bb82000 x31:0x80009f68 x28=0xb8200000
       31685000	      3167	80001f8c	00be9463	bne	x29,x11,80001f94	 x29:0x00000001 x11:0x00040247
       31695000	      3168	00000000	00000013	addi	x0,x0,0	  x0:0x00000000
       31705000	      3169	80001f90	00000013	addi	x0,x0,0	  x0:0x00000000
       31715000	      3170	80001f94	c2136693	ori	x13,x6,-991	  x6:0xfff3ec1b x13=0xfffffc3b
       31725000	      3171	80001f98	41215533	sra	x10,x2,x18	  x2:0x80009f68 x18:0x00000000 x10=0x80009f68
       31735000	      3172	80001f9c	003d9093	slli	x1,x27,0x3	 x27:0x00000000  x1=0x00000000
       31745000	      3173	80001fa0	030b8463	beq	x23,x16,80001fc8	 x23:0xfffffc8d x16:0x00000000
       31755000	      3174	80001fa4	011b5663	bge	x22,x17,80001fb0	 x22:0x00000001 x17:0x7bc00302
       31765000	      3175	80001fa8	00000013	addi	x0,x0,0	  x0:0x00000000
       31775000	      3176	80001fac	01a064b3	or	x9,x0,x26	  x0:0x00000000 x26:0x00000001  x9=0x00000001
       31785000	      3177	80001fb0	0124da13	srli	x20,x9,0x12	  x9:0x00000001 x20=0x00000000
       31795000	      3178	80001fb4	01301193	slli	x3,x0,0x13	  x0:0x00000000  x3=0x00000000
       31805000	      3179	80001fb8	7ec66513	ori	x10,x12,2028	 x12:0x00000000 x10=0x000007ec
       31815000	      3180	80001fbc	01c9ca63	blt	x19,x28,80001fd0	 x19:0x00000000 x28:0xb8200000
       31825000	      3181	80001fc0	e98f0013	addi	x0,x30,-360	 x30:0x80000000
       31835000	      3182	80001fc4	0068b533	sltu	x10,x17,x6	 x17:0x7bc00302  x6:0xfff3ec1b x10=0x00000001
       31845000	      3183	80001fc8	05d60063	beq	x12,x29,80002008	 x12:0x00000000 x29:0x00000001
       31855000	      3184	80001fcc	45bd7a13	andi	x20,x26,1115	 x26:0x00000001 x20=0x00000001
       31865000	      3185	80001fd0	03cd0a63	beq	x26,x28,80002004	 x26:0x00000001 x28:0xb8200000
       31875000	      3186	80001fd4	0187b233	sltu	x4,x15,x24	 x15:0x0000055f x24:0x00000651  x4=0x00000001
       31885000	      3187	80001fd8	3fa6f993	andi	x19,x13,1018	 x13:0xfffffc3b x19=0x0000003a
       31895000	      3188	80001fdc	04ce5663	bge	x28,x12,80002028	 x28:0xb8200000 x12:0x00000000
       31905000	      3189	80001fe0	03809463	bne	x1,x24,80002008	  x1:0x00000000 x24:0x00000651
       31915000	      3190	00000000	00000013	addi	x0,x0,0	  x0:0x00000000
       31925000	      3191	80002004	00000013	addi	x0,x0,0	  x0:0x00000000
       31935000	      3192	80002008	00000013	addi	x0,x0,0	  x0:0x00000000
       31945000	      3193	8000200c	0173c4b3	xor	x9,x7,x23	  x7:0x00000000 x23:0xfffffc8d  x9=0xfffffc8d
       31955000	      3194	80002010	01fc0263	beq	x24,x31,80002014	 x24:0x00000651 x31:0x80009f68
       31965000	      3195	80002014	04625463	bge	x4,x6,8000205c	  x4:0x00000001  x6:0xfff3ec1b
       31975000	      3196	00000000	00000013	addi	x0,x0,0	  x0:0x00000000
       31985000	      3197	80002058	00000013	addi	x0,x0,0	  x0:0x00000000
       31995000	      3198	8000205c	03f6e863	bltu	x13,x31,8000208c	 x13:0xfffffc3b x31:0x80009f68
       32005000	      3199	80002060	00000013	addi	x0,x0,0	  x0:0x00000000
       32015000	      3200	80002064	01fa1263	bne	x20,x31,80002068	 x20:0x00000001 x31:0x80009f68
       32025000	      3201	00000000	00000013	addi	x0,x0,0	  x0:0x00000000
       32035000	      3202	80002064	00000013	addi	x0,x0,0	  x0:0x00000000
       32045000	      3203	80002068	00be6133	or	x2,x28,x11	 x28:0xb8200000 x11:0x00040247  x2=0xb8240247
       32055000	      3204	8000206c	41210e33	sub	x28,x2,x18	  x2:0xb8240247 x18:0x00000000 x28=0xb8240247
       32065000	      3205	80002070	01851cb3	sll	x25,x10,x24	 x10:0x00000001 x24:0x00000651 x25=0x00020000
       32075000	      3206	80002074	017c0b33	add	x22,x24,x23	 x24:0x00000651 x23:0xfffffc8d x22=0x000002de
       32085000	      3207	80002078	01289e63	bne	x17,x18,80002094	 x17:0x7bc00302 x18:0x00000000
       32095000	      3208	00000000	00000013	addi	x0,x0,0	  x0:0x00000000
       32105000	      3209	80002090	00000013	addi	x0,x0,0	  x0:0x00000000
       32115000	      3210	80002094	0108e263	bltu	x17,x16,80002098	 x17:0x7bc00302 x16:0x00000000
       32125000	      3211	80002098	37a88393	addi	x7,x17,890	 x17:0x7bc00302  x7=0x7bc0067c
       32135000	      3212	8000209c	01499713	slli	x14,x19,0x14	 x19:0x0000003a x14=0x03a00000
       32145000	      3213	800020a0	071f5863	bge	x30,x17,80002110	 x30:0x80000000 x17:0x7bc00302
       32155000	      3214	800020a4	7d3cf393	andi	x7,x25,2003	 x25:0x00020000  x7=0x00000000
       32165000	      3215	800020a8	07898a63	beq	x19,x24,8000211c	 x19:0x0000003a x24:0x00000651
       32175000	      3216	800020ac	40f25eb3	sra	x29,x4,x15	  x4:0x00000001 x15:0x0000055f x29=0x00000000
       32185000	      3217	800020b0	01bbbbb3	sltu	x23,x23,x27	 x23:0xfffffc8d x27:0x00000000 x23=0x00000000
       32195000	      3218	800020b4	00133f33	sltu	x30,x6,x1	  x6:0xfff3ec1b  x1:0x00000000 x30=0x00000000
       32205000	      3219	800020b8	01c17b33	and	x22,x2,x28	  x2:0xb8240247 x28:0xb8240247 x22=0xb8240247
       32215000	      3220	800020bc	004000ef	jal	x1,800020bc	  x1=0x800020bc
       32225000	      3221	00000000	00000013	addi	x0,x0,0	  x0:0x00000000
       32235000	      3222	800020bc	00000013	addi	x0,x0,0	  x0:0x00000000
       32245000	      3223	800020c0	018000ef	jal	x1,800020c0	  x1=0x800020c0
       32255000	      3224	00000000	00000013	addi	x0,x0,0	  x0:0x00000000
       32265000	      3225	800020d4	00000013	addi	x0,x0,0	  x0:0x00000000
       32275000	      3226	800020d8	ff5ff0ef	jal	x1,800020d8	  x1=0x800020d8
       32285000	      3227	00000000	00000013	addi	x0,x0,0	  x0:0x00000000
       32295000	      3228	800020c8	00000013	addi	x0,x0,0	  x0:0x00000000
       32305000	      3229	800020cc	010004ef	jal	x9,800020cc	  x9=0x800020cc
       32315000	      3230	00000000	00000013	addi	x0,x0,0	  x0:0x00000000
       32325000	      3231	800020d8	00000013	addi	x0,x0,0	  x0:0x00000000
       32335000	      3232	800020dc	fedff26f	jal	x4,800020dc	  x4=0x800020dc
       32345000	      3233	00000000	00000013	addi	x0,x0,0	  x0:0x00000000
       32355000	      3234	800020c4	00000013	addi	x0,x0,0	  x0:0x00000000
       32365000	      3235	800020c8	01c000ef	jal	x1,800020c8	  x1=0x800020c8
       32375000	      3236	00000000	00000013	addi	x0,x0,0	  x0:0x00000000
       32385000	      3237	800020e0	00000013	addi	x0,x0,0	  x0:0x00000000
       32395000	      3238	800020e4	fe1ff0ef	jal	x1,800020e4	  x1=0x800020e4
       32405000	      3239	00000000	00000013	addi	x0,x0,0	  x0:0x00000000
       32415000	      3240	800020c0	00000013	addi	x0,x0,0	  x0:0x00000000
       32425000	      3241	800020c4	0240036f	jal	x6,800020c4	  x6=0x800020c4
       32435000	      3242	00000000	00000013	addi	x0,x0,0	  x0:0x00000000
       32445000	      3243	800020e4	00000013	addi	x0,x0,0	  x0:0x00000000
       32455000	      3244	800020e8	fedff36f	jal	x6,800020e8	  x6=0x800020e8
       32465000	      3245	00000000	00000013	addi	x0,x0,0	  x0:0x00000000
       32475000	      3246	800020d0	00000013	addi	x0,x0,0	  x0:0x00000000
       32485000	      3247	800020d4	00c00e6f	jal	x28,800020d4	 x28=0x800020d4
       32495000	      3248	00000000	00000013	addi	x0,x0,0	  x0:0x00000000
       32505000	      3249	800020dc	00000013	addi	x0,x0,0	  x0:0x00000000
       32515000	      3250	800020e0	ff1ff0ef	jal	x1,800020e0	  x1=0x800020e0
       32525000	      3251	00000000	00000013	addi	x0,x0,0	  x0:0x00000000
       32535000	      3252	800020cc	00000013	addi	x0,x0,0	  x0:0x00000000
       32545000	      3253	800020d0	01c000ef	jal	x1,800020d0	  x1=0x800020d0
       32555000	      3254	00000000	00000013	addi	x0,x0,0	  x0:0x00000000
       32565000	      3255	800020e8	00000013	addi	x0,x0,0	  x0:0x00000000
       32575000	      3256	800020ec	0040036f	jal	x6,800020ec	  x6=0x800020ec
       32585000	      3257	00000000	00000013	addi	x0,x0,0	  x0:0x00000000
       32595000	      3258	800020ec	00000013	addi	x0,x0,0	  x0:0x00000000
       32605000	      3259	800020f0	00000013	addi	x0,x0,0	  x0:0x00000000
       32615000	      3260	800020f4	001486b3	add	x13,x9,x1	  x9:0x800020cc  x1:0x800020d0 x13=0x0000419c
       32625000	      3261	800020f8	010456b3	srl	x13,x8,x16	  x8:0x00000000 x16:0x00000000 x13=0x00000000
       32635000	      3262	800020fc	4eea7393	andi	x7,x20,1262	 x20:0x00000001  x7=0x00000000
       32645000	      3263	80002100	405a53b3	sra	x7,x20,x5	 x20:0x00000001  x5:0x9bc54f70  x7=0x00000000
       32655000	      3264	80002104	00764d33	xor	x26,x12,x7	 x12:0x00000000  x7:0x00000000 x26=0x00000000
       32665000	      3265	80002108	80ce7e93	andi	x29,x28,-2036	 x28:0x800020d4 x29=0x80002004
       32675000	      3266	8000210c	414e5513	srai	x10,x28,0x14	 x28:0x800020d4 x10=0xfffff800
       32685000	      3267	80002110	a3c8b813	sltiu	x16,x17,-1476	 x17:0x7bc00302 x16=0x00000001
       32695000	      3268	80002114	00bcddb3	srl	x27,x25,x11	 x25:0x00020000 x11:0x00040247 x27=0x00000400
       32705000	      3269	80002118	05b60063	beq	x12,x27,80002158	 x12:0x00000000 x27:0x00000400
       32715000	      3270	8000211c	a92c36b7	lui	x13,0xa92c3	 x13=0xa92c3000
       32725000	      3271	80002120	00000013	addi	x0,x0,0	  x0:0x00000000
       32735000	      3272	80002124	01c77463	bgeu	x14,x28,8000212c	 x14:0x03a00000 x28:0x800020d4
       32745000	      3273	80002128	99916313	ori	x6,x2,-1639	  x2:0xb8240247  x6=0xfffffbdf
       32755000	      3274	8000212c	00a5d8b3	srl	x17,x11,x10	 x11:0x00040247 x10:0xfffff800 x17=0x00040247
       32765000	      3275	80002130	04e98063	beq	x19,x14,80002170	 x19:0x0000003a x14:0x03a00000
       32775000	      3276	80002134	6c33f313	andi	x6,x7,1731	  x7:0x00000000  x6=0x00000000
       32785000	      3277	80002138	035e6663	bltu	x28,x21,80002164	 x28:0x800020d4 x21:0x80009fc4
       32795000	      3278	00000000	00000013	addi	x0,x0,0	  x0:0x00000000
       32805000	      3279	80002160	00000013	addi	x0,x0,0	  x0:0x00000000
       32815000	      3280	80002164	017252b3	srl	x5,x4,x23	  x4:0x800020dc x23:0x00000000  x5=0x800020dc
       32825000	      3281	80002168	00000013	addi	x0,x0,0	  x0:0x00000000
       32835000	      3282	8000216c	afb0f093	andi	x1,x1,-1285	  x1:0x800020d0  x1=0x800020d0
       32845000	      3283	80002170	0189dd13	srli	x26,x19,0x18	 x19:0x0000003a x26=0x00000000
       32855000	      3284	80002174	000f6bb3	or	x23,x30,x0	 x30:0x00000000  x0:0x00000000 x23=0x00000000
       32865000	      3285	80002178	e9320013	addi	x0,x4,-365	  x4:0x800020dc
       32875000	      3286	8000217c	017da833	slt	x16,x27,x23	 x27:0x00000400 x23:0x00000000 x16=0x00000000
       32885000	      3287	80002180	584bed13	ori	x26,x23,1412	 x23:0x00000000 x26=0x00000584
       32895000	      3288	80002184	0109f833	and	x16,x19,x16	 x19:0x0000003a x16:0x00000000 x16=0x00000000
       32905000	      3289	80002188	00000013	addi	x0,x0,0	  x0:0x00000000
       32915000	      3290	8000218c	00000013	addi	x0,x0,0	  x0:0x00000000
       32925000	      3291	80002190	015e7c33	and	x24,x28,x21	 x28:0x800020d4 x21:0x80009fc4 x24=0x800000c4
       32935000	      3292	80002194	0116fb33	and	x22,x13,x17	 x13:0xa92c3000 x17:0x00040247 x22=0x00040000
       32945000	      3293	80002198	af78d1b7	lui	x3,0xaf78d	  x3=0xaf78d000
       32955000	      3294	8000219c	00666633	or	x12,x12,x6	 x12:0x00000000  x6:0x00000000 x12=0x00000000
       32965000	      3295	800021a0	415083b3	sub	x7,x1,x21	  x1:0x800020d0 x21:0x80009fc4  x7=0xffff810c
       32975000	      3296	800021a4	0510e663	bltu	x1,x17,800021f0	  x1:0x800020d0 x17:0x00040247
       32985000	      3297	800021a8	00cba6b3	slt	x13,x23,x12	 x23:0x00000000 x12:0x00000000 x13=0x00000000
       32995000	      3298	800021ac	006a9db3	sll	x27,x21,x6	 x21:0x80009fc4  x6:0x00000000 x27=0x80009fc4
       33005000	      3299	800021b0	03fefa63	bgeu	x29,x31,800021e4	 x29:0x80002004 x31:0x80009f68
       33015000	      3300	800021b4	033eda63	bge	x29,x19,800021e8	 x29:0x80002004 x19:0x0000003a
       33025000	      3301	800021b8	413801b3	sub	x3,x16,x19	 x16:0x00000000 x19:0x0000003a  x3=0xffffffc6
       33035000	      3302	800021bc	ecdde093	ori	x1,x27,-307	 x27:0x80009fc4  x1=0xffffffcd
       33045000	      3303	800021c0	d229f593	andi	x11,x19,-734	 x19:0x0000003a x11=0x00000022
       33055000	      3304	800021c4	bd9e8013	addi	x0,x29,-1063	 x29:0x80002004
       33065000	      3305	800021c8	0122f6b3	and	x13,x5,x18	  x5:0x800020dc x18:0x00000000 x13=0x00000000
       33075000	      3306	800021cc	4181d833	sra	x16,x3,x24	  x3:0xffffffc6 x24:0x800000c4 x16=0xfffffffc
       33085000	      3307	800021d0	00000013	addi	x0,x0,0	  x0:0x00000000
       33095000	      3308	800021d4	419e5d13	srai	x26,x28,0x19	 x28:0x800020d4 x26=0xffffffc0
       33105000	      3309	800021d8	ab482093	slti	x1,x16,-1356	 x16:0xfffffffc  x1=0x00000000
       33115000	      3310	800021dc	01015c93	srli	x25,x2,0x10	  x2:0xb8240247 x25=0x0000b824
       33125000	      3311	800021e0	01d72e33	slt	x28,x14,x29	 x14:0x03a00000 x29:0x80002004 x28=0x00000000
       33135000	      3312	800021e4	026dc863	blt	x27,x6,80002214	 x27:0x80009fc4  x6:0x00000000
       33145000	      3313	00000000	00000013	addi	x0,x0,0	  x0:0x00000000
       33155000	      3314	80002210	00000013	addi	x0,x0,0	  x0:0x00000000
       33165000	      3315	80002214	405a5d93	srai	x27,x20,0x5	 x20:0x00000001 x27=0x00000000
       33175000	      3316	80002218	0627fa63	bgeu	x15,x2,8000228c	 x15:0x0000055f  x2:0xb8240247
       33185000	      3317	8000221c	0020a7b3	slt	x15,x1,x2	  x1:0x00000000  x2:0xb8240247 x15=0x00000000
       33195000	      3318	80002220	0d284513	xori	x10,x16,210	 x16:0xfffffffc x10=0xffffff2e
       33205000	      3319	80002224	07ddf063	bgeu	x27,x29,80002284	 x27:0x00000000 x29:0x80002004
       33215000	      3320	80002228	00324e63	blt	x4,x3,80002244	  x4:0x800020dc  x3:0xffffffc6
       33225000	      3321	00000000	00000013	addi	x0,x0,0	  x0:0x00000000
       33235000	      3322	80002240	00000013	addi	x0,x0,0	  x0:0x00000000
       33245000	      3323	80002244	044ec863	blt	x29,x4,80002294	 x29:0x80002004  x4:0x800020dc
       33255000	      3324	00000000	00000013	addi	x0,x0,0	  x0:0x00000000
       33265000	      3325	80002290	00000013	addi	x0,x0,0	  x0:0x00000000
       33275000	      3326	80002294	78eaab13	slti	x22,x21,1934	 x21:0x80009fc4 x22=0x00000001
       33285000	      3327	80002298	40f3a393	slti	x7,x7,1039	  x7:0xffff810c  x7=0x00000001
       33295000	      3328	8000229c	e46f5417	auipc	x8,0xe46f5	  x8=0x646f7298
       33305000	      3329	800022a0	00000013	addi	x0,x0,0	  x0:0x00000000
       33315000	      3330	800022a4	01b9e9b3	or	x19,x19,x27	 x19:0x0000003a x27:0x00000000 x19=0x0000003a
       33325000	      3331	800022a8	01cf6533	or	x10,x30,x28	 x30:0x00000000 x28:0x00000000 x10=0x00000000
       33335000	      3332	800022ac	000184b3	add	x9,x3,x0	  x3:0xffffffc6  x0:0x00000000  x9=0xffffffc6
       33345000	      3333	800022b0	00111a33	sll	x20,x2,x1	  x2:0xb8240247  x1:0x00000000 x20=0xb8240247
       33355000	      3334	800022b4	ca924c93	xori	x25,x4,-855	  x4:0x800020dc x25=0x7fffdc75
       33365000	      3335	800022b8	29a20293	addi	x5,x4,666	  x4:0x800020dc  x5=0x80002376
       33375000	      3336	800022bc	0156a3b3	slt	x7,x13,x21	 x13:0x00000000 x21:0x80009fc4  x7=0x00000000
       33385000	      3337	800022c0	00d89cb3	sll	x25,x17,x13	 x17:0x00040247 x13:0x00000000 x25=0x00040247
       33395000	      3338	800022c4	01a4c9b3	xor	x19,x9,x26	  x9:0xffffffc6 x26:0xffffffc0 x19=0x00000006
       33405000	      3339	800022c8	04356663	bltu	x10,x3,80002314	 x10:0x00000000  x3:0xffffffc6
       33415000	      3340	00000000	00000013	addi	x0,x0,0	  x0:0x00000000
       33425000	      3341	80002310	00000013	addi	x0,x0,0	  x0:0x00000000
       33435000	      3342	80002314	414a8233	sub	x4,x21,x20	 x21:0x80009fc4 x20:0xb8240247  x4=0xc7dc9d7d
       33445000	      3343	80002318	0484c663	blt	x9,x8,80002364	  x9:0xffffffc6  x8:0x646f7298
       33455000	      3344	00000000	00000013	addi	x0,x0,0	  x0:0x00000000
       33465000	      3345	80002360	00000013	addi	x0,x0,0	  x0:0x00000000
       33475000	      3346	80002364	4053df33	sra	x30,x7,x5	  x7:0x00000000  x5:0x80002376 x30=0x00000000
       33485000	      3347	80002368	00684eb3	xor	x29,x16,x6	 x16:0xfffffffc  x6:0x00000000 x29=0xfffffffc
       33495000	      3348	8000236c	41d58bb3	sub	x23,x11,x29	 x11:0x00000022 x29:0xfffffffc x23=0x00000026
       33505000	      3349	80002370	02374863	blt	x14,x3,800023a0	 x14:0x03a00000  x3:0xffffffc6
       33515000	      3350	80002374	74a27213	andi	x4,x4,1866	  x4:0xc7dc9d7d  x4=0x00000548
       33525000	      3351	80002378	01688a63	beq	x17,x22,8000238c	 x17:0x00040247 x22:0x00000001
       33535000	      3352	8000237c	b710b093	sltiu	x1,x1,-1167	  x1:0x00000000  x1=0x00000001
       33545000	      3353	80002380	00000013	addi	x0,x0,0	  x0:0x00000000
       33555000	      3354	80002384	00096233	or	x4,x18,x0	 x18:0x00000000  x0:0x00000000  x4=0x00000000
       33565000	      3355	80002388	409e8f33	sub	x30,x29,x9	 x29:0xfffffffc  x9:0xffffffc6 x30=0x00000036
       33575000	      3356	8000238c	00a5cb33	xor	x22,x11,x10	 x11:0x00000022 x10:0x00000000 x22=0x00000022
       33585000	      3357	80002390	ec976113	ori	x2,x14,-311	 x14:0x03a00000  x2=0xfffffec9
       33595000	      3358	80002394	01fb9a33	sll	x20,x23,x31	 x23:0x00000026 x31:0x80009f68 x20=0x00002600
       33605000	      3359	80002398	01b93433	sltu	x8,x18,x27	 x18:0x00000000 x27:0x00000000  x8=0x00000000
       33615000	      3360	8000239c	554aca13	xori	x20,x21,1364	 x21:0x80009fc4 x20=0x80009a90
       33625000	      3361	800023a0	01731693	slli	x13,x6,0x17	  x6:0x00000000 x13=0x00000000
       33635000	      3362	800023a4	00f191b3	sll	x3,x3,x15	  x3:0xffffffc6 x15:0x00000000  x3=0xffffffc6
       33645000	      3363	800023a8	015b6e63	bltu	x22,x21,800023c4	 x22:0x00000022 x21:0x80009fc4
       33655000	      3364	00000000	00000013	addi	x0,x0,0	  x0:0x00000000
       33665000	      3365	800023c0	00000013	addi	x0,x0,0	  x0:0x00000000
       33675000	      3366	800023c4	00a46a33	or	x20,x8,x10	  x8:0x00000000 x10:0x00000000 x20=0x00000000
       33685000	      3367	800023c8	0169f633	and	x12,x19,x22	 x19:0x00000006 x22:0x00000022 x12=0x00000002
       33695000	      3368	800023cc	010b68b3	or	x17,x22,x16	 x22:0x00000022 x16:0xfffffffc x17=0xfffffffe
       33705000	      3369	800023d0	049ee663	bltu	x29,x9,8000241c	 x29:0xfffffffc  x9:0xffffffc6
       33715000	      3370	800023d4	00d50833	add	x16,x10,x13	 x10:0x00000000 x13:0x00000000 x16=0x00000000
       33725000	      3371	800023d8	028b8c63	beq	x23,x8,80002410	 x23:0x00000026  x8:0x00000000
       33735000	      3372	800023dc	03fdd863	bge	x27,x31,8000240c	 x27:0x00000000 x31:0x80009f68
       33745000	      3373	00000000	00000013	addi	x0,x0,0	  x0:0x00000000
       33755000	      3374	80002408	00000013	addi	x0,x0,0	  x0:0x00000000
       33765000	      3375	8000240c	018017b3	sll	x15,x0,x24	  x0:0x00000000 x24:0x800000c4 x15=0x00000000
       33775000	      3376	80002410	00ca85b3	add	x11,x21,x12	 x21:0x80009fc4 x12:0x00000002 x11=0x80009fc6
       33785000	      3377	80002414	f1dabe13	sltiu	x28,x21,-227	 x21:0x80009fc4 x28=0x00000001
       33795000	      3378	80002418	40a8df13	srai	x30,x17,0xa	 x17:0xfffffffe x30=0xffffffff
       33805000	      3379	8000241c	2d7fa593	slti	x11,x31,727	 x31:0x80009f68 x11=0x00000001
       33815000	      3380	80002420	40c182b3	sub	x5,x3,x12	  x3:0xffffffc6 x12:0x00000002  x5=0xffffffc4
       33825000	      3381	80002424	40868b33	sub	x22,x13,x8	 x13:0x00000000  x8:0x00000000 x22=0x00000000
       33835000	      3382	80002428	1f1e2b13	slti	x22,x28,497	 x28:0x00000001 x22=0x00000001
       33845000	      3383	8000242c	010aaeb3	slt	x29,x21,x16	 x21:0x80009fc4 x16:0x00000000 x29=0x00000001
       33855000	      3384	80002430	01181713	slli	x14,x16,0x11	 x16:0x00000000 x14=0x00000000
       33865000	      3385	80002434	000f3c33	sltu	x24,x30,x0	 x30:0xffffffff  x0:0x00000000 x24=0x00000000
       33875000	      3386	80002438	00dfde13	srli	x28,x31,0xd	 x31:0x80009f68 x28=0x00040004
       33885000	      3387	8000243c	e3236293	ori	x5,x6,-462	  x6:0x00000000  x5=0xfffffe32
       33895000	      3388	80002440	ed318a13	addi	x20,x3,-301	  x3:0xffffffc6 x20=0xfffffe99
       33905000	      3389	80002444	ef1cfd13	andi	x26,x25,-271	 x25:0x00040247 x26=0x00040241
       33915000	      3390	80002448	f6e30313	addi	x6,x6,-146	  x6:0x00000000  x6=0xffffff6e
       33925000	      3391	8000244c	026b5463	bge	x22,x6,80002474	 x22:0x00000001  x6:0xffffff6e
       33935000	      3392	00000000	00000013	addi	x0,x0,0	  x0:0x00000000
       33945000	      3393	80002470	00000013	addi	x0,x0,0	  x0:0x00000000
       33955000	      3394	80002474	66d5e393	ori	x7,x11,1645	 x11:0x00000001  x7=0x0000066d
       33965000	      3395	80002478	03258463	beq	x11,x18,800024a0	 x11:0x00000001 x18:0x00000000
       33975000	      3396	8000247c	01be8663	beq	x29,x27,80002488	 x29:0x00000001 x27:0x00000000
       33985000	      3397	80002480	4026dd93	srai	x27,x13,0x2	 x13:0x00000000 x27=0x00000000
       33995000	      3398	80002484	731c6197	auipc	x3,0x731c6	  x3=0xf31c8480
       34005000	      3399	80002488	000cf4b3	and	x9,x25,x0	 x25:0x00040247  x0:0x00000000  x9=0x00000000
       34015000	      3400	8000248c	00245b93	srli	x23,x8,0x2	  x8:0x00000000 x23=0x00000000
       34025000	      3401	80002490	008682b3	add	x5,x13,x8	 x13:0x00000000  x8:0x00000000  x5=0x00000000
       34035000	      3402	80002494	00914c63	blt	x2,x9,800024ac	  x2:0xfffffec9  x9:0x00000000
       34045000	      3403	00000000	00000013	addi	x0,x0,0	  x0:0x00000000
       34055000	      3404	800024a8	00000013	addi	x0,x0,0	  x0:0x00000000
       34065000	      3405	800024ac	019cf633	and	x12,x25,x25	 x25:0x00040247 x25:0x00040247 x12=0x00040247
       34075000	      3406	800024b0	408ed3b3	sra	x7,x29,x8	 x29:0x00000001  x8:0x00000000  x7=0x00000001
       34085000	      3407	800024b4	020b7663	bgeu	x22,x0,800024e0	 x22:0x00000001  x0:0x00000000
       34095000	      3408	00000000	00000013	addi	x0,x0,0	  x0:0x00000000
       34105000	      3409	800024dc	00000013	addi	x0,x0,0	  x0:0x00000000
       34115000	      3410	800024e0	0094d213	srli	x4,x9,0x9	  x9:0x00000000  x4=0x00000000
       34125000	      3411	800024e4	01ba5c33	srl	x24,x20,x27	 x20:0xfffffe99 x27:0x00000000 x24=0xfffffe99
       34135000	      3412	800024e8	007a6a63	bltu	x20,x7,800024fc	 x20:0xfffffe99  x7:0x00000001
       34145000	      3413	800024ec	055cd063	bge	x25,x21,8000252c	 x25:0x00040247 x21:0x80009fc4
       34155000	      3414	00000000	00000013	addi	x0,x0,0	  x0:0x00000000
       34165000	      3415	80002528	00000013	addi	x0,x0,0	  x0:0x00000000
       34175000	      3416	8000252c	431e2f13	slti	x30,x28,1073	 x28:0x00040004 x30=0x00000000
       34185000	      3417	80002530	00f4fc63	bgeu	x9,x15,80002548	  x9:0x00000000 x15:0x00000000
       34195000	      3418	00000000	00000013	addi	x0,x0,0	  x0:0x00000000
       34205000	      3419	80002544	00000013	addi	x0,x0,0	  x0:0x00000000
       34215000	      3420	80002548	002dc5b3	xor	x11,x27,x2	 x27:0x00000000  x2:0xfffffec9 x11=0xfffffec9
       34225000	      3421	8000254c	01481a13	slli	x20,x16,0x14	 x16:0x00000000 x20=0x00000000
       34235000	      3422	80002550	014b9263	bne	x23,x20,80002554	 x23:0x00000000 x20:0x00000000
       34245000	      3423	80002554	40335693	srai	x13,x6,0x3	  x6:0xffffff6e x13=0xffffffed
       34255000	      3424	80002558	a14a6293	ori	x5,x20,-1516	 x20:0x00000000  x5=0xfffffa14
       34265000	      3425	8000255c	0083b4b3	sltu	x9,x7,x8	  x7:0x00000001  x8:0x00000000  x9=0x00000000
       34275000	      3426	80002560	01331733	sll	x14,x6,x19	  x6:0xffffff6e x19:0x00000006 x14=0xffffdb80
       34285000	      3427	80002564	045b8063	beq	x23,x5,800025a4	 x23:0x00000000  x5:0xfffffa14
       34295000	      3428	80002568	41a484b3	sub	x9,x9,x26	  x9:0x00000000 x26:0x00040241  x9=0xfffbfdbf
       34305000	      3429	8000256c	00049b33	sll	x22,x9,x0	  x9:0xfffbfdbf  x0:0x00000000 x22=0xfffbfdbf
       34315000	      3430	80002570	0386e463	bltu	x13,x24,80002598	 x13:0xffffffed x24:0xfffffe99
       34325000	      3431	80002574	40eb5f33	sra	x30,x22,x14	 x22:0xfffbfdbf x14:0xffffdb80 x30=0xfffbfdbf
       34335000	      3432	80002578	01f40cb3	add	x25,x8,x31	  x8:0x00000000 x31:0x80009f68 x25=0x80009f68
       34345000	      3433	8000257c	01621cb3	sll	x25,x4,x22	  x4:0x00000000 x22:0xfffbfdbf x25=0x00000000
       34355000	      3434	80002580	02298e63	beq	x19,x2,800025bc	 x19:0x00000006  x2:0xfffffec9
       34365000	      3435	80002584	40ff6313	ori	x6,x30,1039	 x30:0xfffbfdbf  x6=0xfffbfdbf
       34375000	      3436	80002588	4111d013	srai	x0,x3,0x11	  x3:0xf31c8480
       34385000	      3437	8000258c	01714c33	xor	x24,x2,x23	  x2:0xfffffec9 x23:0x00000000 x24=0xfffffec9
       34395000	      3438	80002590	e64f8b93	addi	x23,x31,-412	 x31:0x80009f68 x23=0x80009dcc
       34405000	      3439	80002594	995811b7	lui	x3,0x99581	  x3=0x99581000
       34415000	      3440	80002598	00ff33b3	sltu	x7,x30,x15	 x30:0xfffbfdbf x15:0x00000000  x7=0x00000000
       34425000	      3441	8000259c	00210263	beq	x2,x2,800025a0	  x2:0xfffffec9  x2:0xfffffec9
       34435000	      3442	00000000	00000013	addi	x0,x0,0	  x0:0x00000000
       34445000	      3443	8000259c	00000013	addi	x0,x0,0	  x0:0x00000000
       34455000	      3444	800025a0	006f1b93	slli	x23,x30,0x6	 x30:0xfffbfdbf x23=0xfeff6fc0
       34465000	      3445	800025a4	05f6f463	bgeu	x13,x31,800025ec	 x13:0xffffffed x31:0x80009f68
       34475000	      3446	00000000	00000013	addi	x0,x0,0	  x0:0x00000000
       34485000	      3447	800025e8	00000013	addi	x0,x0,0	  x0:0x00000000
       34495000	      3448	800025ec	00ce5a33	srl	x20,x28,x12	 x28:0x00040004 x12:0x00040247 x20=0x00000800
       34505000	      3449	800025f0	00dea333	slt	x6,x29,x13	 x29:0x00000001 x13:0xffffffed  x6=0x00000000
       34515000	      3450	800025f4	7d957393	andi	x7,x10,2009	 x10:0x00000000  x7=0x00000000
       34525000	      3451	800025f8	00000013	addi	x0,x0,0	  x0:0x00000000
       34535000	      3452	800025fc	02b4da63	bge	x9,x11,80002630	  x9:0xfffbfdbf x11:0xfffffec9
       34545000	      3453	80002600	04949663	bne	x9,x9,8000264c	  x9:0xfffbfdbf  x9:0xfffbfdbf
       34555000	      3454	80002604	9ced4893	xori	x17,x26,-1586	 x26:0x00040241 x17=0xfffbfb8f
       34565000	      3455	80002608	00021793	slli	x15,x4,0x0	  x4:0x00000000 x15=0x00000000
       34575000	      3456	8000260c	01aabf33	sltu	x30,x21,x26	 x21:0x80009fc4 x26:0x00040241 x30=0x00000000
       34585000	      3457	80002610	408c5f13	srai	x30,x24,0x8	 x24:0xfffffec9 x30=0xfffffffe
       34595000	      3458	80002614	425a2e13	slti	x28,x20,1061	 x20:0x00000800 x28=0x00000000
       34605000	      3459	80002618	9d6d8437	lui	x8,0x9d6d8	  x8=0x9d6d8000
       34615000	      3460	8000261c	00b45033	srl	x0,x8,x11	  x8:0x9d6d8000 x11:0xfffffec9
       34625000	      3461	80002620	017dca63	blt	x27,x23,80002634	 x27:0x00000000 x23:0xfeff6fc0
       34635000	      3462	80002624	017c5193	srli	x3,x24,0x17	 x24:0xfffffec9  x3=0x000001ff
       34645000	      3463	80002628	005bfc63	bgeu	x23,x5,80002640	 x23:0xfeff6fc0  x5:0xfffffa14
       34655000	      3464	8000262c	00713e33	sltu	x28,x2,x7	  x2:0xfffffec9  x7:0x00000000 x28=0x00000000
       34665000	      3465	80002630	0055c263	blt	x11,x5,80002634	 x11:0xfffffec9  x5:0xfffffa14
       34675000	      3466	80002634	417780b3	sub	x1,x15,x23	 x15:0x00000000 x23:0xfeff6fc0  x1=0x01009040
       34685000	      3467	80002638	05278463	beq	x15,x18,80002680	 x15:0x00000000 x18:0x00000000
       34695000	      3468	00000000	00000013	addi	x0,x0,0	  x0:0x00000000
       34705000	      3469	8000267c	00000013	addi	x0,x0,0	  x0:0x00000000
       34715000	      3470	80002680	01e19613	slli	x12,x3,0x1e	  x3:0x000001ff x12=0xc0000000
       34725000	      3471	80002684	00f261b3	or	x3,x4,x15	  x4:0x00000000 x15:0x00000000  x3=0x00000000
       34735000	      3472	80002688	40c8dd93	srai	x27,x17,0xc	 x17:0xfffbfb8f x27=0xffffffbf
       34745000	      3473	8000268c	02a64463	blt	x12,x10,800026b4	 x12:0xc0000000 x10:0x00000000
       34755000	      3474	00000000	00000013	addi	x0,x0,0	  x0:0x00000000
       34765000	      3475	800026b0	00000013	addi	x0,x0,0	  x0:0x00000000
       34775000	      3476	800026b4	0168fc63	bgeu	x17,x22,800026cc	 x17:0xfffbfb8f x22:0xfffbfdbf
       34785000	      3477	800026b8	41b50533	sub	x10,x10,x27	 x10:0x00000000 x27:0xffffffbf x10=0x00000041
       34795000	      3478	800026bc	0206d463	bge	x13,x0,800026e4	 x13:0xffffffed  x0:0x00000000
       34805000	      3479	800026c0	404f80b3	sub	x1,x31,x4	 x31:0x80009f68  x4:0x00000000  x1=0x80009f68
       34815000	      3480	800026c4	40add093	srai	x1,x27,0xa	 x27:0xffffffbf  x1=0xffffffff
       34825000	      3481	800026c8	c3687813	andi	x16,x16,-970	 x16:0x00000000 x16=0x00000000
       34835000	      3482	800026cc	0123b2b3	sltu	x5,x7,x18	  x7:0x00000000 x18:0x00000000  x5=0x00000000
       34845000	      3483	800026d0	00c527b3	slt	x15,x10,x12	 x10:0x00000041 x12:0xc0000000 x15=0x00000000
       34855000	      3484	800026d4	e2354113	xori	x2,x10,-477	 x10:0x00000041  x2=0xfffffe62
       34865000	      3485	800026d8	1a9a7313	andi	x6,x20,425	 x20:0x00000800  x6=0x00000000
       34875000	      3486	800026dc	9d263c93	sltiu	x25,x12,-1582	 x12:0xc0000000 x25=0x00000001
       34885000	      3487	800026e0	63a20b93	addi	x23,x4,1594	  x4:0x00000000 x23=0x0000063a
       34895000	      3488	800026e4	2969c393	xori	x7,x19,662	 x19:0x00000006  x7=0x00000290
       34905000	      3489	800026e8	02311463	bne	x2,x3,80002710	  x2:0xfffffe62  x3:0x00000000
       34915000	      3490	00000000	00000013	addi	x0,x0,0	  x0:0x00000000
       34925000	      3491	8000270c	00000013	addi	x0,x0,0	  x0:0x00000000
       34935000	      3492	80002710	1925b5b7	lui	x11,0x1925b	 x11=0x1925b000
       34945000	      3493	80002714	002ce7b3	or	x15,x25,x2	 x25:0x00000001  x2:0xfffffe62 x15=0xfffffe63
       34955000	      3494	80002718	dc7be0b7	lui	x1,0xdc7be	  x1=0xdc7be000
       34965000	      3495	8000271c	4047d733	sra	x14,x15,x4	 x15:0xfffffe63  x4:0x00000000 x14=0xfffffe63
       34975000	      3496	80002720	f8ef2e93	slti	x29,x30,-114	 x30:0xfffffffe x29=0x00000000
       34985000	      3497	80002724	417b8f33	sub	x30,x23,x23	 x23:0x0000063a x23:0x0000063a x30=0x00000000
       34995000	      3498	80002728	ad19c013	xori	x0,x19,-1327	 x19:0x00000006
       35005000	      3499	8000272c	4afefe93	andi	x29,x29,1199	 x29:0x00000000 x29=0x00000000
       35015000	      3500	80002730	03710c63	beq	x2,x23,80002768	  x2:0xfffffe62 x23:0x0000063a
       35025000	      3501	80002734	00c4c4b3	xor	x9,x9,x12	  x9:0xfffbfdbf x12:0xc0000000  x9=0x3ffbfdbf
       35035000	      3502	80002738	04b00063	beq	x0,x11,80002778	  x0:0x00000000 x11:0x1925b000
       35045000	      3503	8000273c	fb430593	addi	x11,x6,-76	  x6:0x00000000 x11=0xffffffb4
       35055000	      3504	80002740	00e87a63	bgeu	x16,x14,80002754	 x16:0x00000000 x14:0xfffffe63
       35065000	      3505	80002744	410cd733	sra	x14,x25,x16	 x25:0x00000001 x16:0x00000000 x14=0x00000001
       35075000	      3506	80002748	4197d533	sra	x10,x15,x25	 x15:0xfffffe63 x25:0x00000001 x10=0xffffff31
       35085000	      3507	8000274c	97de0713	addi	x14,x28,-1667	 x28:0x00000000 x14=0xfffff97d
       35095000	      3508	80002750	001d9e63	bne	x27,x1,8000276c	 x27:0xffffffbf  x1:0xdc7be000
       35105000	      3509	00000000	00000013	addi	x0,x0,0	  x0:0x00000000
       35115000	      3510	80002768	00000013	addi	x0,x0,0	  x0:0x00000000
       35125000	      3511	8000276c	01215c63	bge	x2,x18,80002784	  x2:0xfffffe62 x18:0x00000000
       35135000	      3512	80002770	02148863	beq	x9,x1,800027a0	  x9:0x3ffbfdbf  x1:0xdc7be000
       35145000	      3513	80002774	00c30a63	beq	x6,x12,80002788	  x6:0x00000000 x12:0xc0000000
       35155000	      3514	80002778	016a1263	bne	x20,x22,8000277c	 x20:0x00000800 x22:0xfffbfdbf
       35165000	      3515	00000000	00000013	addi	x0,x0,0	  x0:0x00000000
       35175000	      3516	80002778	00000013	addi	x0,x0,0	  x0:0x00000000
       35185000	      3517	8000277c	40a28eb3	sub	x29,x5,x10	  x5:0x00000000 x10:0xffffff31 x29=0x000000cf
       35195000	      3518	80002780	96917517	auipc	x10,0x96917	 x10=0x1691977c
       35205000	      3519	80002784	0103ec63	bltu	x7,x16,8000279c	  x7:0x00000290 x16:0x00000000
       35215000	      3520	80002788	01d804b3	add	x9,x16,x29	 x16:0x00000000 x29:0x000000cf  x9=0x000000cf
       35225000	      3521	8000278c	f322c613	xori	x12,x5,-206	  x5:0x00000000 x12=0xffffff32
       35235000	      3522	80002790	00f80bb3	add	x23,x16,x15	 x16:0x00000000 x15:0xfffffe63 x23=0xfffffe63
       35245000	      3523	80002794	14a70213	addi	x4,x14,330	 x14:0xfffff97d  x4=0xfffffac7
       35255000	      3524	80002798	a589cd93	xori	x27,x19,-1448	 x19:0x00000006 x27=0xfffffa5e
       35265000	      3525	8000279c	419fd0b3	sra	x1,x31,x25	 x31:0x80009f68 x25:0x00000001  x1=0xc0004fb4
       35275000	      3526	800027a0	00000013	addi	x0,x0,0	  x0:0x00000000
       35285000	      3527	800027a4	005d5413	srli	x8,x26,0x5	 x26:0x00040241  x8=0x00002012
       35295000	      3528	800027a8	6978ceb7	lui	x29,0x6978c	 x29=0x6978c000
       35305000	      3529	800027ac	0082cdb3	xor	x27,x5,x8	  x5:0x00000000  x8:0x00002012 x27=0x00002012
       35315000	      3530	800027b0	00ffceb3	xor	x29,x31,x15	 x31:0x80009f68 x15:0xfffffe63 x29=0x7fff610b
       35325000	      3531	800027b4	01b4d613	srli	x12,x9,0x1b	  x9:0x000000cf x12=0x00000000
       35335000	      3532	800027b8	019a5463	bge	x20,x25,800027c0	 x20:0x00000800 x25:0x00000001
       35345000	      3533	00000000	00000013	addi	x0,x0,0	  x0:0x00000000
       35355000	      3534	800027bc	00000013	addi	x0,x0,0	  x0:0x00000000
       35365000	      3535	800027c0	023e4863	blt	x28,x3,800027f0	 x28:0x00000000  x3:0x00000000
       35375000	      3536	800027c4	00c55433	srl	x8,x10,x12	 x10:0x1691977c x12:0x00000000  x8=0x1691977c
       35385000	      3537	800027c8	40d85233	sra	x4,x16,x13	 x16:0x00000000 x13:0xffffffed  x4=0x00000000
       35395000	      3538	800027cc	01fa1e33	sll	x28,x20,x31	 x20:0x00000800 x31:0x80009f68 x28=0x00080000
       35405000	      3539	800027d0	c42aeb13	ori	x22,x21,-958	 x21:0x80009fc4 x22=0xffffffc6
       35415000	      3540	800027d4	416987b3	sub	x15,x19,x22	 x19:0x00000006 x22:0xffffffc6 x15=0x00000040
       35425000	      3541	800027d8	034c0463	beq	x24,x20,80002800	 x24:0xfffffec9 x20:0x00000800
       35435000	      3542	800027dc	ec19e813	ori	x16,x19,-319	 x19:0x00000006 x16=0xfffffec7
       35445000	      3543	800027e0	05a8d663	bge	x17,x26,8000282c	 x17:0xfffbfb8f x26:0x00040241
       35455000	      3544	800027e4	00000013	addi	x0,x0,0	  x0:0x00000000
       35465000	      3545	800027e8	001b5eb3	srl	x29,x22,x1	 x22:0xffffffc6  x1:0xc0004fb4 x29=0x00000fff
       35475000	      3546	800027ec	4bfb7717	auipc	x14,0x4bfb7	 x14=0xcbfb97e8
       35485000	      3547	800027f0	0903b617	auipc	x12,0x903b	 x12=0x8903d7ec
       35495000	      3548	800027f4	12ba97b7	lui	x15,0x12ba9	 x15=0x12ba9000
       35505000	      3549	800027f8	03de9e63	bne	x29,x29,80002834	 x29:0x00000fff x29:0x00000fff
       35515000	      3550	800027fc	f0157613	andi	x12,x10,-255	 x10:0x1691977c x12=0x16919700
       35525000	      3551	80002800	012e9663	bne	x29,x18,8000280c	 x29:0x00000fff x18:0x00000000
       35535000	      3552	00000000	00000013	addi	x0,x0,0	  x0:0x00000000
       35545000	      3553	80002808	00000013	addi	x0,x0,0	  x0:0x00000000
       35555000	      3554	8000280c	023e4a63	blt	x28,x3,80002840	 x28:0x00080000  x3:0x00000000
       35565000	      3555	80002810	002e7263	bgeu	x28,x2,80002814	 x28:0x00080000  x2:0xfffffe62
       35575000	      3556	80002814	03886c63	bltu	x16,x24,8000284c	 x16:0xfffffec7 x24:0xfffffec9
       35585000	      3557	00000000	00000013	addi	x0,x0,0	  x0:0x00000000
       35595000	      3558	80002848	00000013	addi	x0,x0,0	  x0:0x00000000
       35605000	      3559	8000284c	ea1d3997	auipc	x19,0xea1d3	 x19=0x6a1d5848
       35615000	      3560	80002850	04036663	bltu	x6,x0,8000289c	  x6:0x00000000  x0:0x00000000
       35625000	      3561	80002854	0554c463	blt	x9,x21,8000289c	  x9:0x000000cf x21:0x80009fc4
       35635000	      3562	80002858	ef7bae93	slti	x29,x23,-265	 x23:0xfffffe63 x29=0x00000001
       35645000	      3563	8000285c	3b6a8b93	addi	x23,x21,950	 x21:0x80009fc4 x23=0x8000a37a
       35655000	      3564	80002860	f4074313	xori	x6,x14,-192	 x14:0xcbfb97e8  x6=0x340468a8
       35665000	      3565	80002864	0213c463	blt	x7,x1,8000288c	  x7:0x00000290  x1:0xc0004fb4
       35675000	      3566	80002868	00e03633	sltu	x12,x0,x14	  x0:0x00000000 x14:0xcbfb97e8 x12=0x00000001
       35685000	      3567	8000286c	47952193	slti	x3,x10,1145	 x10:0x1691977c  x3=0x00000000
       35695000	      3568	80002870	77012393	slti	x7,x2,1904	  x2:0xfffffe62  x7=0x00000001
       35705000	      3569	80002874	77e5f513	andi	x10,x11,1918	 x11:0xffffffb4 x10=0x00000734
       35715000	      3570	80002878	0130d513	srli	x10,x1,0x13	  x1:0xc0004fb4 x10=0x00001800
       35725000	      3571	8000287c	00470033	add	x0,x14,x4	 x14:0xcbfb97e8  x4:0x00000000
       35735000	      3572	80002880	018a6f33	or	x30,x20,x24	 x20:0x00000800 x24:0xfffffec9 x30=0xfffffec9
       35745000	      3573	80002884	023d4e63	blt	x26,x3,800028c0	 x26:0x00040241  x3:0x00000000
       35755000	      3574	80002888	935d0113	addi	x2,x26,-1739	 x26:0x00040241  x2=0x0003fb76
       35765000	      3575	8000288c	1d972d93	slti	x27,x14,473	 x14:0xcbfb97e8 x27=0x00000001
       35775000	      3576	80002890	00699113	slli	x2,x19,0x6	 x19:0x6a1d5848  x2=0x87561200
       35785000	      3577	80002894	e62409b7	lui	x19,0xe6240	 x19=0xe6240000
       35795000	      3578	80002898	011ec4b3	xor	x9,x29,x17	 x29:0x00000001 x17:0xfffbfb8f  x9=0xfffbfb8e
       35805000	      3579	8000289c	0150c333	xor	x6,x1,x21	  x1:0xc0004fb4 x21:0x80009fc4  x6=0x4000d070
       35815000	      3580	800028a0	0302d663	bge	x5,x16,800028cc	  x5:0x00000000 x16:0xfffffec7
       35825000	      3581	00000000	00000013	addi	x0,x0,0	  x0:0x00000000
       35835000	      3582	800028c8	00000013	addi	x0,x0,0	  x0:0x00000000
       35845000	      3583	800028cc	00000013	addi	x0,x0,0	  x0:0x00000000
       35855000	      3584	800028d0	00499493	slli	x9,x19,0x4	 x19:0xe6240000  x9=0x62400000
       35865000	      3585	800028d4	401dd7b3	sra	x15,x27,x1	 x27:0x00000001  x1:0xc0004fb4 x15=0x00000000
       35875000	      3586	800028d8	04624713	xori	x14,x4,70	  x4:0x00000000 x14=0x00000046
       35885000	      3587	800028dc	0186a333	slt	x6,x13,x24	 x13:0xffffffed x24:0xfffffec9  x6=0x00000000
       35895000	      3588	800028e0	894ffa13	andi	x20,x31,-1900	 x31:0x80009f68 x20=0x80009800
       35905000	      3589	800028e4	cedb8593	addi	x11,x23,-787	 x23:0x8000a37a x11=0x8000a067
       35915000	      3590	800028e8	008bd3b3	srl	x7,x23,x8	 x23:0x8000a37a  x8:0x1691977c  x7=0x00000008
       35925000	      3591	800028ec	01db6c63	bltu	x22,x29,80002904	 x22:0xffffffc6 x29:0x00000001
       35935000	      3592	800028f0	01ce3633	sltu	x12,x28,x28	 x28:0x00080000 x28:0x00080000 x12=0x00000000
       35945000	      3593	800028f4	417dd9b3	sra	x19,x27,x23	 x27:0x00000001 x23:0x8000a37a x19=0x00000000
       35955000	      3594	800028f8	011d4eb3	xor	x29,x26,x17	 x26:0x00040241 x17:0xfffbfb8f x29=0xfffff9ce
       35965000	      3595	800028fc	0162f2b3	and	x5,x5,x22	  x5:0x00000000 x22:0xffffffc6  x5=0x00000000
       35975000	      3596	80002900	40255e33	sra	x28,x10,x2	 x10:0x00001800  x2:0x87561200 x28=0x00001800
       35985000	      3597	80002904	c87f7517	auipc	x10,0xc87f7	 x10=0x487f9900
       35995000	      3598	80002908	0146f2b3	and	x5,x13,x20	 x13:0xffffffed x20:0x80009800  x5=0x80009800
       36005000	      3599	8000290c	66b13c13	sltiu	x24,x2,1643	  x2:0x87561200 x24=0x00000000
       36015000	      3600	80002910	021dce63	blt	x27,x1,8000294c	 x27:0x00000001  x1:0xc0004fb4
       36025000	      3601	80002914	f620f313	andi	x6,x1,-158	  x1:0xc0004fb4  x6=0xc0004f20
       36035000	      3602	80002918	00ac2b33	slt	x22,x24,x10	 x24:0x00000000 x10:0x487f9900 x22=0x00000001
       36045000	      3603	8000291c	00169713	slli	x14,x13,0x1	 x13:0xffffffed x14=0xffffffda
       36055000	      3604	80002920	03b65863	bge	x12,x27,80002950	 x12:0x00000000 x27:0x00000001
       36065000	      3605	80002924	d8cfe3b7	lui	x7,0xd8cfe	  x7=0xd8cfe000
       36075000	      3606	80002928	01ff3eb3	sltu	x29,x30,x31	 x30:0xfffffec9 x31:0x80009f68 x29=0x00000000
       36085000	      3607	8000292c	000c05b3	add	x11,x24,x0	 x24:0x00000000  x0:0x00000000 x11=0x00000000
       36095000	      3608	80002930	05c3d663	bge	x7,x28,8000297c	  x7:0xd8cfe000 x28:0x00001800
       36105000	      3609	80002934	0260da63	bge	x1,x6,80002968	  x1:0xc0004fb4  x6:0xc0004f20
       36115000	      3610	00000000	00000013	addi	x0,x0,0	  x0:0x00000000
       36125000	      3611	80002964	00000013	addi	x0,x0,0	  x0:0x00000000
       36135000	      3612	80002968	02c80c63	beq	x16,x12,800029a0	 x16:0xfffffec7 x12:0x00000000
       36145000	      3613	8000296c	01add463	bge	x27,x26,80002974	 x27:0x00000001 x26:0x00040241
       36155000	      3614	80002970	0187c033	xor	x0,x15,x24	 x15:0x00000000 x24:0x00000000
       36165000	      3615	80002974	006c5b33	srl	x22,x24,x6	 x24:0x00000000  x6:0xc0004f20 x22=0x00000000
       36175000	      3616	80002978	01910c33	add	x24,x2,x25	  x2:0x87561200 x25:0x00000001 x24=0x87561201
       36185000	      3617	8000297c	00fca633	slt	x12,x25,x15	 x25:0x00000001 x15:0x00000000 x12=0x00000000
       36195000	      3618	80002980	41b30833	sub	x16,x6,x27	  x6:0xc0004f20 x27:0x00000001 x16=0xc0004f1f
       36205000	      3619	80002984	00ecde33	srl	x28,x25,x14	 x25:0x00000001 x14:0xffffffda x28=0x00000000
       36215000	      3620	80002988	01d5b333	sltu	x6,x11,x29	 x11:0x00000000 x29:0x00000000  x6=0x00000000
       36225000	      3621	8000298c	00df84b3	add	x9,x31,x13	 x31:0x80009f68 x13:0xffffffed  x9=0x80009f55
       36235000	      3622	80002990	04258063	beq	x11,x2,800029d0	 x11:0x00000000  x2:0x87561200
       36245000	      3623	80002994	01ccea63	bltu	x25,x28,800029a8	 x25:0x00000001 x28:0x00000000
       36255000	      3624	80002998	ab597213	andi	x4,x18,-1355	 x18:0x00000000  x4=0x00000000
       36265000	      3625	8000299c	c8694d93	xori	x27,x18,-890	 x18:0x00000000 x27=0xfffffc86
       36275000	      3626	800029a0	3ec78797	auipc	x15,0x3ec78	 x15=0xbec7a99c
       36285000	      3627	800029a4	00c6bf33	sltu	x30,x13,x12	 x13:0xffffffed x12:0x00000000 x30=0x00000000
       36295000	      3628	800029a8	68978e13	addi	x28,x15,1673	 x15:0xbec7a99c x28=0xbec7b025
       36305000	      3629	800029ac	0012e733	or	x14,x5,x1	  x5:0x80009800  x1:0xc0004fb4 x14=0xc000dfb4
       36315000	      3630	800029b0	015075b3	and	x11,x0,x21	  x0:0x00000000 x21:0x80009fc4 x11=0x00000000
       36325000	      3631	800029b4	05b1e413	ori	x8,x3,91	  x3:0x00000000  x8=0x0000005b
       36335000	      3632	800029b8	00ffee33	or	x28,x31,x15	 x31:0x80009f68 x15:0xbec7a99c x28=0xbec7bffc
       36345000	      3633	800029bc	6a1dad17	auipc	x26,0x6a1da	 x26=0xea1dc9b8
       36355000	      3634	800029c0	02bbd463	bge	x23,x11,800029e8	 x23:0x8000a37a x11:0x00000000
       36365000	      3635	800029c4	024d7a63	bgeu	x26,x4,800029f8	 x26:0xea1dc9b8  x4:0x00000000
       36375000	      3636	00000000	00000013	addi	x0,x0,0	  x0:0x00000000
       36385000	      3637	800029f4	00000013	addi	x0,x0,0	  x0:0x00000000
       36395000	      3638	800029f8	011c9263	bne	x25,x17,800029fc	 x25:0x00000001 x17:0xfffbfb8f
       36405000	      3639	00000000	00000013	addi	x0,x0,0	  x0:0x00000000
       36415000	      3640	800029f8	00000013	addi	x0,x0,0	  x0:0x00000000
       36425000	      3641	800029fc	419707b3	sub	x15,x14,x25	 x14:0xc000dfb4 x25:0x00000001 x15=0xc000dfb3
       36435000	      3642	80002a00	0229ee63	bltu	x19,x2,80002a3c	 x19:0x00000000  x2:0x87561200
       36445000	      3643	00000000	00000013	addi	x0,x0,0	  x0:0x00000000
       36455000	      3644	80002a38	00000013	addi	x0,x0,0	  x0:0x00000000
       36465000	      3645	80002a3c	bd687a13	andi	x20,x16,-1066	 x16:0xc0004f1f x20=0xc0004b16
       36475000	      3646	80002a40	8eb3bd13	sltiu	x26,x7,-1813	  x7:0xd8cfe000 x26=0x00000001
       36485000	      3647	80002a44	01c9e033	or	x0,x19,x28	 x19:0x00000000 x28:0xbec7bffc
       36495000	      3648	80002a48	014633b3	sltu	x7,x12,x20	 x12:0x00000000 x20:0xc0004b16  x7=0x00000001
       36505000	      3649	80002a4c	0461f463	bgeu	x3,x6,80002a94	  x3:0x00000000  x6:0x00000000
       36515000	      3650	00000000	00000013	addi	x0,x0,0	  x0:0x00000000
       36525000	      3651	80002a90	00000013	addi	x0,x0,0	  x0:0x00000000
       36535000	      3652	80002a94	d4d1ac93	slti	x25,x3,-691	  x3:0x00000000 x25=0x00000000
       36545000	      3653	80002a98	00000013	addi	x0,x0,0	  x0:0x00000000
       36555000	      3654	80002a9c	4054dd33	sra	x26,x9,x5	  x9:0x80009f55  x5:0x80009800 x26=0x80009f55
       36565000	      3655	80002aa0	014f4e63	blt	x30,x20,80002abc	 x30:0x00000000 x20:0xc0004b16
       36575000	      3656	80002aa4	00ca1d13	slli	x26,x20,0xc	 x20:0xc0004b16 x26=0x04b16000
       36585000	      3657	80002aa8	0199e0b3	or	x1,x19,x25	 x19:0x00000000 x25:0x00000000  x1=0x00000000
       36595000	      3658	80002aac	40dbd593	srai	x11,x23,0xd	 x23:0x8000a37a x11=0xfffc0005
       36605000	      3659	80002ab0	00ee2b33	slt	x22,x28,x14	 x28:0xbec7bffc x14:0xc000dfb4 x22=0x00000001
       36615000	      3660	80002ab4	00000013	addi	x0,x0,0	  x0:0x00000000
       36625000	      3661	80002ab8	01645893	srli	x17,x8,0x16	  x8:0x0000005b x17=0x00000000
       36635000	      3662	80002abc	cad27993	andi	x19,x4,-851	  x4:0x00000000 x19=0x00000000
       36645000	      3663	80002ac0	01cf9663	bne	x31,x28,80002acc	 x31:0x80009f68 x28:0xbec7bffc
       36655000	      3664	00000000	00000013	addi	x0,x0,0	  x0:0x00000000
       36665000	      3665	80002ac8	00000013	addi	x0,x0,0	  x0:0x00000000
       36675000	      3666	80002acc	006b1813	slli	x16,x22,0x6	 x22:0x00000001 x16=0x00000040
       36685000	      3667	80002ad0	03ea1463	bne	x20,x30,80002af8	 x20:0xc0004b16 x30:0x00000000
       36695000	      3668	00000000	00000013	addi	x0,x0,0	  x0:0x00000000
       36705000	      3669	80002af4	00000013	addi	x0,x0,0	  x0:0x00000000
       36715000	      3670	80002af8	0091db93	srli	x23,x3,0x9	  x3:0x00000000 x23=0x00000000
       36725000	      3671	80002afc	7befb113	sltiu	x2,x31,1982	 x31:0x80009f68  x2=0x00000000
       36735000	      3672	80002b00	402a0d33	sub	x26,x20,x2	 x20:0xc0004b16  x2:0x00000000 x26=0xc0004b16
       36745000	      3673	80002b04	6e25c417	auipc	x8,0x6e25c	  x8=0xee25eb00
       36755000	      3674	80002b08	00a59313	slli	x6,x11,0xa	 x11:0xfffc0005  x6=0xf0001400
       36765000	      3675	80002b0c	00aeabb3	slt	x23,x29,x10	 x29:0x00000000 x10:0x487f9900 x23=0x00000001
       36775000	      3676	80002b10	03501463	bne	x0,x21,80002b38	  x0:0x00000000 x21:0x80009fc4
       36785000	      3677	00000000	00000013	addi	x0,x0,0	  x0:0x00000000
       36795000	      3678	80002b34	00000013	addi	x0,x0,0	  x0:0x00000000
       36805000	      3679	80002b38	01c316b3	sll	x13,x6,x28	  x6:0xf0001400 x28:0xbec7bffc x13=0x00000000
       36815000	      3680	80002b3c	00cf3733	sltu	x14,x30,x12	 x30:0x00000000 x12:0x00000000 x14=0x00000000
       36825000	      3681	80002b40	920583b7	lui	x7,0x92058	  x7=0x92058000
       36835000	      3682	80002b44	410b5613	srai	x12,x22,0x10	 x22:0x00000001 x12=0x00000000
       36845000	      3683	80002b48	0126b9b3	sltu	x19,x13,x18	 x13:0x00000000 x18:0x00000000 x19=0x00000000
       36855000	      3684	80002b4c	00236733	or	x14,x6,x2	  x6:0xf0001400  x2:0x00000000 x14=0xf0001400
       36865000	      3685	80002b50	41725b13	srai	x22,x4,0x17	  x4:0x00000000 x22=0x00000000
       36875000	      3686	80002b54	0121f5b3	and	x11,x3,x18	  x3:0x00000000 x18:0x00000000 x11=0x00000000
       36885000	      3687	80002b58	62c40b93	addi	x23,x8,1580	  x8:0xee25eb00 x23=0xee25f12c
       36895000	      3688	80002b5c	00000013	addi	x0,x0,0	  x0:0x00000000
       36905000	      3689	80002b60	00000013	addi	x0,x0,0	  x0:0x00000000
       36915000	      3690	80002b64	04f46063	bltu	x8,x15,80002ba4	  x8:0xee25eb00 x15:0xc000dfb3
       36925000	      3691	80002b68	04d8f463	bgeu	x17,x13,80002bb0	 x17:0x00000000 x13:0x00000000
       36935000	      3692	00000000	00000013	addi	x0,x0,0	  x0:0x00000000
       36945000	      3693	80002bac	00000013	addi	x0,x0,0	  x0:0x00000000
       36955000	      3694	80002bb0	009084b3	add	x9,x1,x9	  x1:0x00000000  x9:0x80009f55  x9=0x80009f55
       36965000	      3695	80002bb4	b0112213	slti	x4,x2,-1279	  x2:0x00000000  x4=0x00000000
       36975000	      3696	80002bb8	0114a833	slt	x16,x9,x17	  x9:0x80009f55 x17:0x00000000 x16=0x00000001
       36985000	      3697	80002bbc	00f411b3	sll	x3,x8,x15	  x8:0xee25eb00 x15:0xc000dfb3  x3=0x58000000
       36995000	      3698	80002bc0	16f86513	ori	x10,x16,367	 x16:0x00000001 x10=0x0000016f
       37005000	      3699	80002bc4	6b0731b7	lui	x3,0x6b073	  x3=0x6b073000
       37015000	      3700	80002bc8	00f69613	slli	x12,x13,0xf	 x13:0x00000000 x12=0x00000000
       37025000	      3701	80002bcc	40bb5c13	srai	x24,x22,0xb	 x22:0x00000000 x24=0x00000000
       37035000	      3702	80002bd0	03249663	bne	x9,x18,80002bfc	  x9:0x80009f55 x18:0x00000000
       37045000	      3703	00000000	00000013	addi	x0,x0,0	  x0:0x00000000
       37055000	      3704	80002bf8	00000013	addi	x0,x0,0	  x0:0x00000000
       37065000	      3705	80002bfc	41d65cb3	sra	x25,x12,x29	 x12:0x00000000 x29:0x00000000 x25=0x00000000
       37075000	      3706	80002c00	00d5aeb3	slt	x29,x11,x13	 x11:0x00000000 x13:0x00000000 x29=0x00000000
       37085000	      3707	80002c04	42468c13	addi	x24,x13,1060	 x13:0x00000000 x24=0x00000424
       37095000	      3708	80002c08	00f013b3	sll	x7,x0,x15	  x0:0x00000000 x15:0xc000dfb3  x7=0x00000000
       37105000	      3709	80002c0c	5396acb7	lui	x25,0x5396a	 x25=0x5396a000
       37115000	      3710	80002c10	0e36c193	xori	x3,x13,227	 x13:0x00000000  x3=0x000000e3
       37125000	      3711	80002c14	402e5893	srai	x17,x28,0x2	 x28:0xbec7bffc x17=0xefb1efff
       37135000	      3712	80002c18	07dac863	blt	x21,x29,80002c88	 x21:0x80009fc4 x29:0x00000000
       37145000	      3713	00000000	00000013	addi	x0,x0,0	  x0:0x00000000
       37155000	      3714	80002c84	00000013	addi	x0,x0,0	  x0:0x00000000
       37165000	      3715	80002c88	02a5da63	bge	x11,x10,80002cbc	 x11:0x00000000 x10:0x0000016f
       37175000	      3716	80002c8c	c41ebe13	sltiu	x28,x29,-959	 x29:0x00000000 x28=0x00000001
       37185000	      3717	80002c90	00231b33	sll	x22,x6,x2	  x6:0xf0001400  x2:0x00000000 x22=0xf0001400
       37195000	      3718	80002c94	416c07b3	sub	x15,x24,x22	 x24:0x00000424 x22:0xf0001400 x15=0x0ffff024
       37205000	      3719	80002c98	40b55433	sra	x8,x10,x11	 x10:0x0000016f x11:0x00000000  x8=0x0000016f
       37215000	      3720	80002c9c	000a0e63	beq	x20,x0,80002cb8	 x20:0xc0004b16  x0:0x00000000
       37225000	      3721	80002ca0	00c3d233	srl	x4,x7,x12	  x7:0x00000000 x12:0x00000000  x4=0x00000000
       37235000	      3722	80002ca4	003cc133	xor	x2,x25,x3	 x25:0x5396a000  x3:0x000000e3  x2=0x5396a0e3
       37245000	      3723	80002ca8	008dfc33	and	x24,x27,x8	 x27:0xfffffc86  x8:0x0000016f x24=0x00000006
       37255000	      3724	80002cac	e65bad13	slti	x26,x23,-411	 x23:0xee25f12c x26=0x00000001
       37265000	      3725	80002cb0	417e5233	sra	x4,x28,x23	 x28:0x00000001 x23:0xee25f12c  x4=0x00000000
       37275000	      3726	80002cb4	011685b3	add	x11,x13,x17	 x13:0x00000000 x17:0xefb1efff x11=0xefb1efff
       37285000	      3727	80002cb8	48c4b317	auipc	x6,0x48c4b	  x6=0xc8c4dcb4
       37295000	      3728	80002cbc	65c94193	xori	x3,x18,1628	 x18:0x00000000  x3=0x0000065c
       37305000	      3729	80002cc0	50b12593	slti	x11,x2,1291	  x2:0x5396a0e3 x11=0x00000000
       37315000	      3730	80002cc4	01051e13	slli	x28,x10,0x10	 x10:0x0000016f x28=0x016f0000
       37325000	      3731	80002cc8	02d3d463	bge	x7,x13,80002cf0	  x7:0x00000000 x13:0x00000000
       37335000	      3732	00000000	00000013	addi	x0,x0,0	  x0:0x00000000
       37345000	      3733	80002cec	00000013	addi	x0,x0,0	  x0:0x00000000
       37355000	      3734	80002cf0	40a9dc13	srai	x24,x19,0xa	 x19:0x00000000 x24=0x00000000
       37365000	      3735	80002cf4	00c40663	beq	x8,x12,80002d00	  x8:0x0000016f x12:0x00000000
       37375000	      3736	80002cf8	01d14133	xor	x2,x2,x29	  x2:0x5396a0e3 x29:0x00000000  x2=0x5396a0e3
       37385000	      3737	80002cfc	017b6263	bltu	x22,x23,80002d00	 x22:0xf0001400 x23:0xee25f12c
       37395000	      3738	80002d00	00fed213	srli	x4,x29,0xf	 x29:0x00000000  x4=0x00000000
       37405000	      3739	80002d04	03e64e63	blt	x12,x30,80002d40	 x12:0x00000000 x30:0x00000000
       37415000	      3740	80002d08	7aee3117	auipc	x2,0x7aee3	  x2=0xfaee5d04
       37425000	      3741	80002d0c	017d6cb3	or	x25,x26,x23	 x26:0x00000001 x23:0xee25f12c x25=0xee25f12d
       37435000	      3742	80002d10	11dccd93	xori	x27,x25,285	 x25:0xee25f12d x27=0xee25f030
       37445000	      3743	80002d14	015f5c13	srli	x24,x30,0x15	 x30:0x00000000 x24=0x00000000
       37455000	      3744	80002d18	1b113e93	sltiu	x29,x2,433	  x2:0xfaee5d04 x29=0x00000000
       37465000	      3745	80002d1c	fc4ba513	slti	x10,x23,-60	 x23:0xee25f12c x10=0x00000001
       37475000	      3746	80002d20	0001b5b3	sltu	x11,x3,x0	  x3:0x0000065c  x0:0x00000000 x11=0x00000000
       37485000	      3747	80002d24	05234663	blt	x6,x18,80002d70	  x6:0xc8c4dcb4 x18:0x00000000
       37495000	      3748	00000000	00000013	addi	x0,x0,0	  x0:0x00000000
       37505000	      3749	80002d6c	00000013	addi	x0,x0,0	  x0:0x00000000
       37515000	      3750	80002d70	00c24263	blt	x4,x12,80002d74	  x4:0x00000000 x12:0x00000000
       37525000	      3751	80002d74	0398f663	bgeu	x17,x25,80002da0	 x17:0xefb1efff x25:0xee25f12d
       37535000	      3752	00000000	00000013	addi	x0,x0,0	  x0:0x00000000
       37545000	      3753	80002d9c	00000013	addi	x0,x0,0	  x0:0x00000000
       37555000	      3754	80002da0	0273da63	bge	x7,x7,80002dd4	  x7:0x00000000  x7:0x00000000
       37565000	      3755	00000000	00000013	addi	x0,x0,0	  x0:0x00000000
       37575000	      3756	80002dd0	00000013	addi	x0,x0,0	  x0:0x00000000
       37585000	      3757	80002dd4	0536e663	bltu	x13,x19,80002e20	 x13:0x00000000 x19:0x00000000
       37595000	      3758	80002dd8	00ea8233	add	x4,x21,x14	 x21:0x80009fc4 x14:0xf0001400  x4=0x7000b3c4
       37605000	      3759	80002ddc	023c0863	beq	x24,x3,80002e0c	 x24:0x00000000  x3:0x0000065c
       37615000	      3760	80002de0	ae38a313	slti	x6,x17,-1309	 x17:0xefb1efff  x6=0x00000001
       37625000	      3761	80002de4	16c9e113	ori	x2,x19,364	 x19:0x00000000  x2=0x0000016c
       37635000	      3762	80002de8	00398a63	beq	x19,x3,80002dfc	 x19:0x00000000  x3:0x0000065c
       37645000	      3763	80002dec	00c9b0b3	sltu	x1,x19,x12	 x19:0x00000000 x12:0x00000000  x1=0x00000000
       37655000	      3764	80002df0	012a1f33	sll	x30,x20,x18	 x20:0xc0004b16 x18:0x00000000 x30=0xc0004b16
       37665000	      3765	80002df4	24ac7193	andi	x3,x24,586	 x24:0x00000000  x3=0x00000000
       37675000	      3766	80002df8	02af1e63	bne	x30,x10,80002e34	 x30:0xc0004b16 x10:0x00000001
       37685000	      3767	00000000	00000013	addi	x0,x0,0	  x0:0x00000000
       37695000	      3768	80002e30	00000013	addi	x0,x0,0	  x0:0x00000000
       37705000	      3769	80002e34	011bd513	srli	x10,x23,0x11	 x23:0xee25f12c x10=0x00007712
       37715000	      3770	80002e38	ef42e413	ori	x8,x5,-268	  x5:0x80009800  x8=0xfffffef4
       37725000	      3771	80002e3c	001414b3	sll	x9,x8,x1	  x8:0xfffffef4  x1:0x00000000  x9=0xfffffef4
       37735000	      3772	80002e40	00000013	addi	x0,x0,0	  x0:0x00000000
       37745000	      3773	80002e44	14be5397	auipc	x7,0x14be5	  x7=0x94be7e40
       37755000	      3774	80002e48	b191a993	slti	x19,x3,-1255	  x3:0x00000000 x19=0x00000000
       37765000	      3775	80002e4c	314fb313	sltiu	x6,x31,788	 x31:0x80009f68  x6=0x00000000
       37775000	      3776	80002e50	f7484617	auipc	x12,0xf7484	 x12=0x77486e4c
       37785000	      3777	80002e54	0ceee463	bltu	x29,x14,80002f1c	 x29:0x00000000 x14:0xf0001400
       37795000	      3778	00000000	00000013	addi	x0,x0,0	  x0:0x00000000
       37805000	      3779	80002f18	00000013	addi	x0,x0,0	  x0:0x00000000
       37815000	      3780	80002f1c	00f34cb3	xor	x25,x6,x15	  x6:0x00000000 x15:0x0ffff024 x25=0x0ffff024
       37825000	      3781	80002f20	02ac8463	beq	x25,x10,80002f48	 x25:0x0ffff024 x10:0x00007712
       37835000	      3782	80002f24	00a0a633	slt	x12,x1,x10	  x1:0x00000000 x10:0x00007712 x12=0x00000001
       37845000	      3783	80002f28	4123d613	srai	x12,x7,0x12	  x7:0x94be7e40 x12=0xffffe52f
       37855000	      3784	80002f2c	01be1193	slli	x3,x28,0x1b	 x28:0x016f0000  x3=0x00000000
       37865000	      3785	80002f30	41055713	srai	x14,x10,0x10	 x10:0x00007712 x14=0x00000000
       37875000	      3786	80002f34	01c0bc33	sltu	x24,x1,x28	  x1:0x00000000 x28:0x016f0000 x24=0x00000001
       37885000	      3787	80002f38	01bf7e33	and	x28,x30,x27	 x30:0xc0004b16 x27:0xee25f030 x28=0xc0004010
       37895000	      3788	80002f3c	408ed493	srai	x9,x29,0x8	 x29:0x00000000  x9=0x00000000
       37905000	      3789	80002f40	0342ce63	blt	x5,x20,80002f7c	  x5:0x80009800 x20:0xc0004b16
       37915000	      3790	00000000	00000013	addi	x0,x0,0	  x0:0x00000000
       37925000	      3791	80002f78	00000013	addi	x0,x0,0	  x0:0x00000000
       37935000	      3792	80002f7c	00b43b33	sltu	x22,x8,x11	  x8:0xfffffef4 x11:0x00000000 x22=0x00000000
       37945000	      3793	80002f80	00c09eb3	sll	x29,x1,x12	  x1:0x00000000 x12:0xffffe52f x29=0x00000000
       37955000	      3794	80002f84	00ea9c63	bne	x21,x14,80002f9c	 x21:0x80009fc4 x14:0x00000000
       37965000	      3795	00000000	00000013	addi	x0,x0,0	  x0:0x00000000
       37975000	      3796	80002f98	00000013	addi	x0,x0,0	  x0:0x00000000
       37985000	      3797	80002f9c	4079d7b3	sra	x15,x19,x7	 x19:0x00000000  x7:0x94be7e40 x15=0x00000000
       37995000	      3798	80002fa0	00c549b3	xor	x19,x10,x12	 x10:0x00007712 x12:0xffffe52f x19=0xffff923d
       38005000	      3799	80002fa4	01cb1f33	sll	x30,x22,x28	 x22:0x00000000 x28:0xc0004010 x30=0x00000000
       38015000	      3800	80002fa8	01efe633	or	x12,x31,x30	 x31:0x80009f68 x30:0x00000000 x12=0x80009f68
       38025000	      3801	80002fac	01351f13	slli	x30,x10,0x13	 x10:0x00007712 x30=0xb8900000
       38035000	      3802	80002fb0	05bd1663	bne	x26,x27,80002ffc	 x26:0x00000001 x27:0xee25f030
       38045000	      3803	00000000	00000013	addi	x0,x0,0	  x0:0x00000000
       38055000	      3804	80002ff8	00000013	addi	x0,x0,0	  x0:0x00000000
       38065000	      3805	80002ffc	01bd12b3	sll	x5,x26,x27	 x26:0x00000001 x27:0xee25f030  x5=0x00010000
       38075000	      3806	80003000	01a95b93	srli	x23,x18,0x1a	 x18:0x00000000 x23=0x00000000
       38085000	      3807	80003004	007f2233	slt	x4,x30,x7	 x30:0xb8900000  x7:0x94be7e40  x4=0x00000000
       38095000	      3808	80003008	004fa083	lw	x1,4(x31)	 x31:0x80009f68  x1=0x800004dc PA:0x80009f6c
       38105000	      3809	8000300c	16fa6693	ori	x13,x20,367	 x20:0xc0004b16 x13=0xc0004b7f
       38115000	      3810	80003010	0181d593	srli	x11,x3,0x18	  x3:0x00000000 x11=0x00000000
       38125000	      3811	80003014	41725333	sra	x6,x4,x23	  x4:0x00000000 x23:0x00000000  x6=0x00000000
       38135000	      3812	80003018	01cf8f93	addi	x31,x31,28	 x31:0x80009f68 x31=0x80009f84
       38145000	      3813	8000301c	7998e413	ori	x8,x17,1945	 x17:0xefb1efff  x8=0xefb1efff
       38155000	      3814	80003020	013913b3	sll	x7,x18,x19	 x18:0x00000000 x19:0xffff923d  x7=0x00000000
       38165000	      3815	80003024	005c9133	sll	x2,x25,x5	 x25:0x0ffff024  x5:0x00010000  x2=0x0ffff024
       38175000	      3816	80003028	010982b3	add	x5,x19,x16	 x19:0xffff923d x16:0x00000001  x5=0xffff923e
       38185000	      3817	8000302c	00008993	addi	x19,x1,0	  x1:0x800004dc x19=0x800004dc
       38195000	      3818	80003030	000989e7	jalr	x19,x19,0	 x19:0x800004dc x19=0x80003030
       38205000	      3819	00000000	00000013	addi	x0,x0,0	  x0:0x00000000
       38215000	      3820	800004dc	00000013	addi	x0,x0,0	  x0:0x00000000
       38225000	      3821	800004e0	cd3e3193	sltiu	x3,x28,-813	 x28:0xc0004010  x3=0x00000001
       38235000	      3822	800004e4	009bcc33	xor	x24,x23,x9	 x23:0x00000000  x9:0x00000000 x24=0x00000000
       38245000	      3823	800004e8	41f7d333	sra	x6,x15,x31	 x15:0x00000000 x31:0x80009f84  x6=0x00000000
       38255000	      3824	800004ec	0bbfa713	slti	x14,x31,187	 x31:0x80009f84 x14=0x00000001
       38265000	      3825	800004f0	00000917	auipc	x18,0x0	 x18=0x800004ec
       38275000	      3826	800004f4	00c90913	addi	x18,x18,12	 x18:0x800004ec x18=0x800004f8
       38285000	      3827	800004f8	00090067	jalr	x0,x18,0	 x18:0x800004f8
       38295000	      3828	00000000	00000013	addi	x0,x0,0	  x0:0x00000000
       38305000	      3829	800004f8	00000013	addi	x0,x0,0	  x0:0x00000000
       38315000	      3830	800004fc	00100193	addi	x3,x0,1	  x0:0x00000000  x3=0x00000001
       38325000	      3831	80000500	00000073	ecall	
       38335000	      3832	80000504	00727663	bgeu	x4,x7,80000510	  x4:0x00000000  x7:0x00000000
