		Time			Cycle	PC		Insn	Decoded instruction	Register and memory contents
          65000	         5	80000004	00000293	addi	x5,x0,0	  x0:0x00000000  x5=0x00000000
          75000	         6	80000008	00000313	addi	x6,x0,0	  x0:0x00000000  x6=0x00000000
          85000	         7	8000000c	00628263	beq	x5,x6,80000010	  x5:0x00000000  x6:0x00000000
          95000	         8	00000000	00000013	addi	x0,x0,0	  x0:0x00000000
         105000	         9	8000000c	00000013	addi	x0,x0,0	  x0:0x00000000
         115000	        10	80000010	00000e17	auipc	x28,0x0	 x28=0x8000000c
         125000	        11	80000014	00ce0e13	addi	x28,x28,12	 x28:0x8000000c x28=0x80000018
         135000	        12	80000018	000e0067	jalr	x0,x28,0	 x28:0x80000018
         145000	        13	00000000	00000013	addi	x0,x0,0	  x0:0x00000000
         155000	        14	80000018	00000013	addi	x0,x0,0	  x0:0x00000000
         165000	        15	8000001c	40000837	lui	x16,0x40000	 x16=0x40000000
         175000	        16	80000020	10080813	addi	x16,x16,256	 x16:0x40000000 x16=0x40000100
         185000	        17	80000024	00000013	addi	x0,x0,0	  x0:0x00000000
         195000	        18	80000028	0000aa17	auipc	x20,0xa	 x20=0x8000a024
         205000	        19	8000002c	fa0a0a13	addi	x20,x20,-96	 x20:0x8000a024 x20=0x80009fc4
         215000	        20	80000030	00004817	auipc	x16,0x4	 x16=0x8000402c
         225000	        21	80000034	61c80813	addi	x16,x16,1564	 x16:0x8000402c x16=0x80004648
         235000	        22	80000038	00086813	ori	x16,x16,0	 x16:0x80004648 x16=0x80004648
         245000	        23	8000003c	00000013	addi	x0,x0,0	  x0:0x00000000
         255000	        24	80000040	00000817	auipc	x16,0x0	 x16=0x8000003c
         265000	        25	80000044	02080813	addi	x16,x16,32	 x16:0x8000003c x16=0x8000005c
         275000	        26	80000048	00000013	addi	x0,x0,0	  x0:0x00000000
         285000	        27	8000004c	00000013	addi	x0,x0,0	  x0:0x00000000
         295000	        28	80000050	00002837	lui	x16,0x2	 x16=0x00002000
         305000	        29	80000054	80080813	addi	x16,x16,-2048	 x16:0x00002000 x16=0x00001800
         315000	        30	80000058	00000013	addi	x0,x0,0	  x0:0x00000000
         325000	        31	8000005c	00000013	addi	x0,x0,0	  x0:0x00000000
         335000	        32	80000060	00000013	addi	x0,x0,0	  x0:0x00000000
         345000	        33	80000064	f8e720b7	lui	x1,0xf8e72	  x1=0xf8e72000
         355000	        34	80000068	67308093	addi	x1,x1,1651	  x1:0xf8e72000  x1=0xf8e72673
         365000	        35	8000006c	f8462137	lui	x2,0xf8462	  x2=0xf8462000
         375000	        36	80000070	cc410113	addi	x2,x2,-828	  x2:0xf8462000  x2=0xf8461cc4
         385000	        37	80000074	fb19c1b7	lui	x3,0xfb19c	  x3=0xfb19c000
         395000	        38	80000078	39418193	addi	x3,x3,916	  x3:0xfb19c000  x3=0xfb19c394
         405000	        39	8000007c	fc54e237	lui	x4,0xfc54e	  x4=0xfc54e000
         415000	        40	80000080	99d20213	addi	x4,x4,-1635	  x4:0xfc54e000  x4=0xfc54d99d
         425000	        41	80000084	00000293	addi	x5,x0,0	  x0:0x00000000  x5=0x00000000
         435000	        42	80000088	00000313	addi	x6,x0,0	  x0:0x00000000  x6=0x00000000
         445000	        43	8000008c	c70403b7	lui	x7,0xc7040	  x7=0xc7040000
         455000	        44	80000090	6f938393	addi	x7,x7,1785	  x7:0xc7040000  x7=0xc70406f9
         465000	        45	80000094	80000437	lui	x8,0x80000	  x8=0x80000000
         475000	        46	80000098	800004b7	lui	x9,0x80000	  x9=0x80000000
         485000	        47	8000009c	80000537	lui	x10,0x80000	 x10=0x80000000
         495000	        48	800000a0	00000593	addi	x11,x0,0	  x0:0x00000000 x11=0x00000000
         505000	        49	800000a4	00300613	addi	x12,x0,3	  x0:0x00000000 x12=0x00000003
         515000	        50	800000a8	800006b7	lui	x13,0x80000	 x13=0x80000000
         525000	        51	800000ac	00200713	addi	x14,x0,2	  x0:0x00000000 x14=0x00000002
         535000	        52	800000b0	800007b7	lui	x15,0x80000	 x15=0x80000000
         545000	        53	800000b4	00000813	addi	x16,x0,0	  x0:0x00000000 x16=0x00000000
         555000	        54	800000b8	00000893	addi	x17,x0,0	  x0:0x00000000 x17=0x00000000
         565000	        55	800000bc	f2cce9b7	lui	x19,0xf2cce	 x19=0xf2cce000
         575000	        56	800000c0	67898993	addi	x19,x19,1656	 x19:0xf2cce000 x19=0xf2cce678
         585000	        57	800000c4	00000a93	addi	x21,x0,0	  x0:0x00000000 x21=0x00000000
         595000	        58	800000c8	00d00b13	addi	x22,x0,13	  x0:0x00000000 x22=0x0000000d
         605000	        59	800000cc	80000bb7	lui	x23,0x80000	 x23=0x80000000
         615000	        60	800000d0	80000c37	lui	x24,0x80000	 x24=0x80000000
         625000	        61	800000d4	00700c93	addi	x25,x0,7	  x0:0x00000000 x25=0x00000007
         635000	        62	800000d8	276c9d37	lui	x26,0x276c9	 x26=0x276c9000
         645000	        63	800000dc	366d0d13	addi	x26,x26,870	 x26:0x276c9000 x26=0x276c9366
         655000	        64	800000e0	80000db7	lui	x27,0x80000	 x27=0x80000000
         665000	        65	800000e4	74ac3e37	lui	x28,0x74ac3	 x28=0x74ac3000
         675000	        66	800000e8	6d7e0e13	addi	x28,x28,1751	 x28:0x74ac3000 x28=0x74ac36d7
         685000	        67	800000ec	00900e93	addi	x29,x0,9	  x0:0x00000000 x29=0x00000009
         695000	        68	800000f0	00000f13	addi	x30,x0,0	  x0:0x00000000 x30=0x00000000
         705000	        69	800000f4	edf0efb7	lui	x31,0xedf0e	 x31=0xedf0e000
         715000	        70	800000f8	e47f8f93	addi	x31,x31,-441	 x31:0xedf0e000 x31=0xedf0de47
         725000	        71	800000fc	0000a917	auipc	x18,0xa	 x18=0x8000a0f8
         735000	        72	80000100	e8c90913	addi	x18,x18,-372	 x18:0x8000a0f8 x18=0x80009f84
         745000	        73	80000104	028002ef	jal	x5,80000104	  x5=0x80000104
         755000	        74	00000000	00000013	addi	x0,x0,0	  x0:0x00000000
         765000	        75	80000128	00000013	addi	x0,x0,0	  x0:0x00000000
         775000	        76	8000012c	ffdff56f	jal	x10,8000012c	 x10=0x8000012c
         785000	        77	00000000	00000013	addi	x0,x0,0	  x0:0x00000000
         795000	        78	80000124	00000013	addi	x0,x0,0	  x0:0x00000000
         805000	        79	80000128	fe9ff0ef	jal	x1,80000128	  x1=0x80000128
         815000	        80	00000000	00000013	addi	x0,x0,0	  x0:0x00000000
         825000	        81	8000010c	00000013	addi	x0,x0,0	  x0:0x00000000
         835000	        82	80000110	020000ef	jal	x1,80000110	  x1=0x80000110
         845000	        83	00000000	00000013	addi	x0,x0,0	  x0:0x00000000
         855000	        84	8000012c	00000013	addi	x0,x0,0	  x0:0x00000000
         865000	        85	80000130	008000ef	jal	x1,80000130	  x1=0x80000130
         875000	        86	00000000	00000013	addi	x0,x0,0	  x0:0x00000000
         885000	        87	80000134	00000013	addi	x0,x0,0	  x0:0x00000000
         895000	        88	80000138	010000ef	jal	x1,80000138	  x1=0x80000138
         905000	        89	00000000	00000013	addi	x0,x0,0	  x0:0x00000000
         915000	        90	80000144	00000013	addi	x0,x0,0	  x0:0x00000000
         925000	        91	80000148	ffdff76f	jal	x14,80000148	 x14=0x80000148
         935000	        92	00000000	00000013	addi	x0,x0,0	  x0:0x00000000
         945000	        93	80000140	00000013	addi	x0,x0,0	  x0:0x00000000
         955000	        94	80000144	ff1ff36f	jal	x6,80000144	  x6=0x80000144
         965000	        95	00000000	00000013	addi	x0,x0,0	  x0:0x00000000
         975000	        96	80000130	00000013	addi	x0,x0,0	  x0:0x00000000
         985000	        97	80000134	fd5ff0ef	jal	x1,80000134	  x1=0x80000134
         995000	        98	00000000	00000013	addi	x0,x0,0	  x0:0x00000000
        1005000	        99	80000104	00000013	addi	x0,x0,0	  x0:0x00000000
        1015000	       100	80000108	010000ef	jal	x1,80000108	  x1=0x80000108
        1025000	       101	00000000	00000013	addi	x0,x0,0	  x0:0x00000000
        1035000	       102	80000114	00000013	addi	x0,x0,0	  x0:0x00000000
        1045000	       103	80000118	028000ef	jal	x1,80000118	  x1=0x80000118
        1055000	       104	00000000	00000013	addi	x0,x0,0	  x0:0x00000000
        1065000	       105	8000013c	00000013	addi	x0,x0,0	  x0:0x00000000
        1075000	       106	80000140	fddff0ef	jal	x1,80000140	  x1=0x80000140
        1085000	       107	00000000	00000013	addi	x0,x0,0	  x0:0x00000000
        1095000	       108	80000118	00000013	addi	x0,x0,0	  x0:0x00000000
        1105000	       109	8000011c	004000ef	jal	x1,8000011c	  x1=0x8000011c
        1115000	       110	00000000	00000013	addi	x0,x0,0	  x0:0x00000000
        1125000	       111	8000011c	00000013	addi	x0,x0,0	  x0:0x00000000
        1135000	       112	80000120	ff5ff0ef	jal	x1,80000120	  x1=0x80000120
        1145000	       113	00000000	00000013	addi	x0,x0,0	  x0:0x00000000
        1155000	       114	80000110	00000013	addi	x0,x0,0	  x0:0x00000000
        1165000	       115	80000114	ff9ff36f	jal	x6,80000114	  x6=0x80000114
        1175000	       116	00000000	00000013	addi	x0,x0,0	  x0:0x00000000
        1185000	       117	80000108	00000013	addi	x0,x0,0	  x0:0x00000000
        1195000	       118	8000010c	018000ef	jal	x1,8000010c	  x1=0x8000010c
        1205000	       119	00000000	00000013	addi	x0,x0,0	  x0:0x00000000
        1215000	       120	80000120	00000013	addi	x0,x0,0	  x0:0x00000000
        1225000	       121	80000124	018000ef	jal	x1,80000124	  x1=0x80000124
        1235000	       122	00000000	00000013	addi	x0,x0,0	  x0:0x00000000
        1245000	       123	80000138	00000013	addi	x0,x0,0	  x0:0x00000000
        1255000	       124	8000013c	010004ef	jal	x9,8000013c	  x9=0x8000013c
        1265000	       125	00000000	00000013	addi	x0,x0,0	  x0:0x00000000
        1275000	       126	80000148	00000013	addi	x0,x0,0	  x0:0x00000000
        1285000	       127	8000014c	140e4837	lui	x16,0x140e4	 x16=0x140e4000
        1295000	       128	80000150	028002ef	jal	x5,80000150	  x5=0x80000150
        1305000	       129	00000000	00000013	addi	x0,x0,0	  x0:0x00000000
        1315000	       130	80000174	00000013	addi	x0,x0,0	  x0:0x00000000
        1325000	       131	80000178	ffdff0ef	jal	x1,80000178	  x1=0x80000178
        1335000	       132	00000000	00000013	addi	x0,x0,0	  x0:0x00000000
        1345000	       133	80000170	00000013	addi	x0,x0,0	  x0:0x00000000
        1355000	       134	80000174	fe1ff46f	jal	x8,80000174	  x8=0x80000174
        1365000	       135	00000000	00000013	addi	x0,x0,0	  x0:0x00000000
        1375000	       136	80000150	00000013	addi	x0,x0,0	  x0:0x00000000
        1385000	       137	80000154	010000ef	jal	x1,80000154	  x1=0x80000154
        1395000	       138	00000000	00000013	addi	x0,x0,0	  x0:0x00000000
        1405000	       139	80000160	00000013	addi	x0,x0,0	  x0:0x00000000
        1415000	       140	80000164	ff5ff36f	jal	x6,80000164	  x6=0x80000164
        1425000	       141	00000000	00000013	addi	x0,x0,0	  x0:0x00000000
        1435000	       142	80000154	00000013	addi	x0,x0,0	  x0:0x00000000
        1445000	       143	80000158	034000ef	jal	x1,80000158	  x1=0x80000158
        1455000	       144	00000000	00000013	addi	x0,x0,0	  x0:0x00000000
        1465000	       145	80000188	00000013	addi	x0,x0,0	  x0:0x00000000
        1475000	       146	8000018c	ff5ff16f	jal	x2,8000018c	  x2=0x8000018c
        1485000	       147	00000000	00000013	addi	x0,x0,0	  x0:0x00000000
        1495000	       148	8000017c	00000013	addi	x0,x0,0	  x0:0x00000000
        1505000	       149	80000180	ffdff36f	jal	x6,80000180	  x6=0x80000180
        1515000	       150	00000000	00000013	addi	x0,x0,0	  x0:0x00000000
        1525000	       151	80000178	00000013	addi	x0,x0,0	  x0:0x00000000
        1535000	       152	8000017c	00c000ef	jal	x1,8000017c	  x1=0x8000017c
        1545000	       153	00000000	00000013	addi	x0,x0,0	  x0:0x00000000
        1555000	       154	80000184	00000013	addi	x0,x0,0	  x0:0x00000000
        1565000	       155	80000188	fd9ff26f	jal	x4,80000188	  x4=0x80000188
        1575000	       156	00000000	00000013	addi	x0,x0,0	  x0:0x00000000
        1585000	       157	8000015c	00000013	addi	x0,x0,0	  x0:0x00000000
        1595000	       158	80000160	00c000ef	jal	x1,80000160	  x1=0x80000160
        1605000	       159	00000000	00000013	addi	x0,x0,0	  x0:0x00000000
        1615000	       160	80000168	00000013	addi	x0,x0,0	  x0:0x00000000
        1625000	       161	8000016c	ff1ff0ef	jal	x1,8000016c	  x1=0x8000016c
        1635000	       162	00000000	00000013	addi	x0,x0,0	  x0:0x00000000
        1645000	       163	80000158	00000013	addi	x0,x0,0	  x0:0x00000000
        1655000	       164	8000015c	0140046f	jal	x8,8000015c	  x8=0x8000015c
        1665000	       165	00000000	00000013	addi	x0,x0,0	  x0:0x00000000
        1675000	       166	8000016c	00000013	addi	x0,x0,0	  x0:0x00000000
        1685000	       167	80000170	014008ef	jal	x17,80000170	 x17=0x80000170
        1695000	       168	00000000	00000013	addi	x0,x0,0	  x0:0x00000000
        1705000	       169	80000180	00000013	addi	x0,x0,0	  x0:0x00000000
        1715000	       170	80000184	fe5ff6ef	jal	x13,80000184	 x13=0x80000184
        1725000	       171	00000000	00000013	addi	x0,x0,0	  x0:0x00000000
        1735000	       172	80000164	00000013	addi	x0,x0,0	  x0:0x00000000
        1745000	       173	80000168	0280076f	jal	x14,80000168	 x14=0x80000168
        1755000	       174	00000000	00000013	addi	x0,x0,0	  x0:0x00000000
        1765000	       175	8000018c	00000013	addi	x0,x0,0	  x0:0x00000000
        1775000	       176	80000190	6253a793	slti	x15,x7,1573	  x7:0xc70406f9 x15=0x00000001
        1785000	       177	80000194	01c002ef	jal	x5,80000194	  x5=0x80000194
        1795000	       178	00000000	00000013	addi	x0,x0,0	  x0:0x00000000
        1805000	       179	800001ac	00000013	addi	x0,x0,0	  x0:0x00000000
        1815000	       180	800001b0	fedff36f	jal	x6,800001b0	  x6=0x800001b0
        1825000	       181	00000000	00000013	addi	x0,x0,0	  x0:0x00000000
        1835000	       182	80000198	00000013	addi	x0,x0,0	  x0:0x00000000
        1845000	       183	8000019c	0380026f	jal	x4,8000019c	  x4=0x8000019c
        1855000	       184	00000000	00000013	addi	x0,x0,0	  x0:0x00000000
        1865000	       185	800001d0	00000013	addi	x0,x0,0	  x0:0x00000000
        1875000	       186	800001d4	fe5ff36f	jal	x6,800001d4	  x6=0x800001d4
        1885000	       187	00000000	00000013	addi	x0,x0,0	  x0:0x00000000
        1895000	       188	800001b4	00000013	addi	x0,x0,0	  x0:0x00000000
        1905000	       189	800001b8	010000ef	jal	x1,800001b8	  x1=0x800001b8
        1915000	       190	00000000	00000013	addi	x0,x0,0	  x0:0x00000000
        1925000	       191	800001c4	00000013	addi	x0,x0,0	  x0:0x00000000
        1935000	       192	800001c8	00400eef	jal	x29,800001c8	 x29=0x800001c8
        1945000	       193	00000000	00000013	addi	x0,x0,0	  x0:0x00000000
        1955000	       194	800001c8	00000013	addi	x0,x0,0	  x0:0x00000000
        1965000	       195	800001cc	fddff7ef	jal	x15,800001cc	 x15=0x800001cc
        1975000	       196	00000000	00000013	addi	x0,x0,0	  x0:0x00000000
        1985000	       197	800001a4	00000013	addi	x0,x0,0	  x0:0x00000000
        1995000	       198	800001a8	00400f6f	jal	x30,800001a8	 x30=0x800001a8
        2005000	       199	00000000	00000013	addi	x0,x0,0	  x0:0x00000000
        2015000	       200	800001a8	00000013	addi	x0,x0,0	  x0:0x00000000
        2025000	       201	800001ac	010000ef	jal	x1,800001ac	  x1=0x800001ac
        2035000	       202	00000000	00000013	addi	x0,x0,0	  x0:0x00000000
        2045000	       203	800001b8	00000013	addi	x0,x0,0	  x0:0x00000000
        2055000	       204	800001bc	fddff0ef	jal	x1,800001bc	  x1=0x800001bc
        2065000	       205	00000000	00000013	addi	x0,x0,0	  x0:0x00000000
        2075000	       206	80000194	00000013	addi	x0,x0,0	  x0:0x00000000
        2085000	       207	80000198	01c00cef	jal	x25,80000198	 x25=0x80000198
        2095000	       208	00000000	00000013	addi	x0,x0,0	  x0:0x00000000
        2105000	       209	800001b0	00000013	addi	x0,x0,0	  x0:0x00000000
        2115000	       210	800001b4	ff1ff36f	jal	x6,800001b4	  x6=0x800001b4
        2125000	       211	00000000	00000013	addi	x0,x0,0	  x0:0x00000000
        2135000	       212	800001a0	00000013	addi	x0,x0,0	  x0:0x00000000
        2145000	       213	800001a4	0200036f	jal	x6,800001a4	  x6=0x800001a4
        2155000	       214	00000000	00000013	addi	x0,x0,0	  x0:0x00000000
        2165000	       215	800001c0	00000013	addi	x0,x0,0	  x0:0x00000000
        2175000	       216	800001c4	ffdff0ef	jal	x1,800001c4	  x1=0x800001c4
        2185000	       217	00000000	00000013	addi	x0,x0,0	  x0:0x00000000
        2195000	       218	800001bc	00000013	addi	x0,x0,0	  x0:0x00000000
        2205000	       219	800001c0	010000ef	jal	x1,800001c0	  x1=0x800001c0
        2215000	       220	00000000	00000013	addi	x0,x0,0	  x0:0x00000000
        2225000	       221	800001cc	00000013	addi	x0,x0,0	  x0:0x00000000
        2235000	       222	800001d0	fd1ff36f	jal	x6,800001d0	  x6=0x800001d0
        2245000	       223	00000000	00000013	addi	x0,x0,0	  x0:0x00000000
        2255000	       224	8000019c	00000013	addi	x0,x0,0	  x0:0x00000000
        2265000	       225	800001a0	0380036f	jal	x6,800001a0	  x6=0x800001a0
        2275000	       226	00000000	00000013	addi	x0,x0,0	  x0:0x00000000
        2285000	       227	800001d4	00000013	addi	x0,x0,0	  x0:0x00000000
        2295000	       228	800001d8	00025133	srl	x2,x4,x0	  x4:0x8000019c  x0:0x00000000  x2=0x8000019c
        2305000	       229	800001dc	048002ef	jal	x5,800001dc	  x5=0x800001dc
        2315000	       230	00000000	00000013	addi	x0,x0,0	  x0:0x00000000
        2325000	       231	80000220	00000013	addi	x0,x0,0	  x0:0x00000000
        2335000	       232	80000224	fc1ff86f	jal	x16,80000224	 x16=0x80000224
        2345000	       233	00000000	00000013	addi	x0,x0,0	  x0:0x00000000
        2355000	       234	800001e0	00000013	addi	x0,x0,0	  x0:0x00000000
        2365000	       235	800001e4	038009ef	jal	x19,800001e4	 x19=0x800001e4
        2375000	       236	00000000	00000013	addi	x0,x0,0	  x0:0x00000000
        2385000	       237	80000218	00000013	addi	x0,x0,0	  x0:0x00000000
        2395000	       238	8000021c	0240036f	jal	x6,8000021c	  x6=0x8000021c
        2405000	       239	00000000	00000013	addi	x0,x0,0	  x0:0x00000000
        2415000	       240	8000023c	00000013	addi	x0,x0,0	  x0:0x00000000
        2425000	       241	80000240	0080036f	jal	x6,80000240	  x6=0x80000240
        2435000	       242	00000000	00000013	addi	x0,x0,0	  x0:0x00000000
        2445000	       243	80000244	00000013	addi	x0,x0,0	  x0:0x00000000
        2455000	       244	80000248	fb1ffcef	jal	x25,80000248	 x25=0x80000248
        2465000	       245	00000000	00000013	addi	x0,x0,0	  x0:0x00000000
        2475000	       246	800001f4	00000013	addi	x0,x0,0	  x0:0x00000000
        2485000	       247	800001f8	010000ef	jal	x1,800001f8	  x1=0x800001f8
        2495000	       248	00000000	00000013	addi	x0,x0,0	  x0:0x00000000
        2505000	       249	80000204	00000013	addi	x0,x0,0	  x0:0x00000000
        2515000	       250	80000208	02c000ef	jal	x1,80000208	  x1=0x80000208
        2525000	       251	00000000	00000013	addi	x0,x0,0	  x0:0x00000000
        2535000	       252	80000230	00000013	addi	x0,x0,0	  x0:0x00000000
        2545000	       253	80000234	fc1ff36f	jal	x6,80000234	  x6=0x80000234
        2555000	       254	00000000	00000013	addi	x0,x0,0	  x0:0x00000000
        2565000	       255	800001f0	00000013	addi	x0,x0,0	  x0:0x00000000
        2575000	       256	800001f4	0340036f	jal	x6,800001f4	  x6=0x800001f4
        2585000	       257	00000000	00000013	addi	x0,x0,0	  x0:0x00000000
        2595000	       258	80000224	00000013	addi	x0,x0,0	  x0:0x00000000
        2605000	       259	80000228	ff1ff26f	jal	x4,80000228	  x4=0x80000228
        2615000	       260	00000000	00000013	addi	x0,x0,0	  x0:0x00000000
        2625000	       261	80000214	00000013	addi	x0,x0,0	  x0:0x00000000
        2635000	       262	80000218	fe5ff36f	jal	x6,80000218	  x6=0x80000218
        2645000	       263	00000000	00000013	addi	x0,x0,0	  x0:0x00000000
        2655000	       264	800001f8	00000013	addi	x0,x0,0	  x0:0x00000000
        2665000	       265	800001fc	0140036f	jal	x6,800001fc	  x6=0x800001fc
        2675000	       266	00000000	00000013	addi	x0,x0,0	  x0:0x00000000
        2685000	       267	8000020c	00000013	addi	x0,x0,0	  x0:0x00000000
        2695000	       268	80000210	ff5ff0ef	jal	x1,80000210	  x1=0x80000210
        2705000	       269	00000000	00000013	addi	x0,x0,0	  x0:0x00000000
        2715000	       270	80000200	00000013	addi	x0,x0,0	  x0:0x00000000
        2725000	       271	80000204	0400056f	jal	x10,80000204	 x10=0x80000204
        2735000	       272	00000000	00000013	addi	x0,x0,0	  x0:0x00000000
        2745000	       273	80000240	00000013	addi	x0,x0,0	  x0:0x00000000
        2755000	       274	80000244	f9dff0ef	jal	x1,80000244	  x1=0x80000244
        2765000	       275	00000000	00000013	addi	x0,x0,0	  x0:0x00000000
        2775000	       276	800001dc	00000013	addi	x0,x0,0	  x0:0x00000000
        2785000	       277	800001e0	0340036f	jal	x6,800001e0	  x6=0x800001e0
        2795000	       278	00000000	00000013	addi	x0,x0,0	  x0:0x00000000
        2805000	       279	80000210	00000013	addi	x0,x0,0	  x0:0x00000000
        2815000	       280	80000214	01c0036f	jal	x6,80000214	  x6=0x80000214
        2825000	       281	00000000	00000013	addi	x0,x0,0	  x0:0x00000000
        2835000	       282	8000022c	00000013	addi	x0,x0,0	  x0:0x00000000
        2845000	       283	80000230	fb9ff2ef	jal	x5,80000230	  x5=0x80000230
        2855000	       284	00000000	00000013	addi	x0,x0,0	  x0:0x00000000
        2865000	       285	800001e4	00000013	addi	x0,x0,0	  x0:0x00000000
        2875000	       286	800001e8	044003ef	jal	x7,800001e8	  x7=0x800001e8
        2885000	       287	00000000	00000013	addi	x0,x0,0	  x0:0x00000000
        2895000	       288	80000228	00000013	addi	x0,x0,0	  x0:0x00000000
        2905000	       289	8000022c	024002ef	jal	x5,8000022c	  x5=0x8000022c
        2915000	       290	00000000	00000013	addi	x0,x0,0	  x0:0x00000000
        2925000	       291	8000024c	00000013	addi	x0,x0,0	  x0:0x00000000
        2935000	       292	80000250	0040036f	jal	x6,80000250	  x6=0x80000250
        2945000	       293	00000000	00000013	addi	x0,x0,0	  x0:0x00000000
        2955000	       294	80000250	00000013	addi	x0,x0,0	  x0:0x00000000
        2965000	       295	80000254	f9dff0ef	jal	x1,80000254	  x1=0x80000254
        2975000	       296	00000000	00000013	addi	x0,x0,0	  x0:0x00000000
        2985000	       297	800001ec	00000013	addi	x0,x0,0	  x0:0x00000000
        2995000	       298	800001f0	ffdff0ef	jal	x1,800001f0	  x1=0x800001f0
        3005000	       299	00000000	00000013	addi	x0,x0,0	  x0:0x00000000
        3015000	       300	800001e8	00000013	addi	x0,x0,0	  x0:0x00000000
        3025000	       301	800001ec	034000ef	jal	x1,800001ec	  x1=0x800001ec
        3035000	       302	00000000	00000013	addi	x0,x0,0	  x0:0x00000000
        3045000	       303	8000021c	00000013	addi	x0,x0,0	  x0:0x00000000
        3055000	       304	80000220	02c000ef	jal	x1,80000220	  x1=0x80000220
        3065000	       305	00000000	00000013	addi	x0,x0,0	  x0:0x00000000
        3075000	       306	80000248	00000013	addi	x0,x0,0	  x0:0x00000000
        3085000	       307	8000024c	fb5ff0ef	jal	x1,8000024c	  x1=0x8000024c
        3095000	       308	00000000	00000013	addi	x0,x0,0	  x0:0x00000000
        3105000	       309	800001fc	00000013	addi	x0,x0,0	  x0:0x00000000
        3115000	       310	80000200	038000ef	jal	x1,80000200	  x1=0x80000200
        3125000	       311	00000000	00000013	addi	x0,x0,0	  x0:0x00000000
        3135000	       312	80000234	00000013	addi	x0,x0,0	  x0:0x00000000
        3145000	       313	80000238	fd5ff1ef	jal	x3,80000238	  x3=0x80000238
        3155000	       314	00000000	00000013	addi	x0,x0,0	  x0:0x00000000
        3165000	       315	80000208	00000013	addi	x0,x0,0	  x0:0x00000000
        3175000	       316	8000020c	0300036f	jal	x6,8000020c	  x6=0x8000020c
        3185000	       317	00000000	00000013	addi	x0,x0,0	  x0:0x00000000
        3195000	       318	80000238	00000013	addi	x0,x0,0	  x0:0x00000000
        3205000	       319	8000023c	01c000ef	jal	x1,8000023c	  x1=0x8000023c
        3215000	       320	00000000	00000013	addi	x0,x0,0	  x0:0x00000000
        3225000	       321	80000254	00000013	addi	x0,x0,0	  x0:0x00000000
        3235000	       322	80000258	01dd99b3	sll	x19,x27,x29	 x27:0x80000000 x29:0x800001c8 x19=0x00000000
        3245000	       323	8000025c	004002ef	jal	x5,8000025c	  x5=0x8000025c
        3255000	       324	00000000	00000013	addi	x0,x0,0	  x0:0x00000000
        3265000	       325	8000025c	00000013	addi	x0,x0,0	  x0:0x00000000
        3275000	       326	80000260	018000ef	jal	x1,80000260	  x1=0x80000260
        3285000	       327	00000000	00000013	addi	x0,x0,0	  x0:0x00000000
        3295000	       328	80000274	00000013	addi	x0,x0,0	  x0:0x00000000
        3305000	       329	80000278	00c000ef	jal	x1,80000278	  x1=0x80000278
        3315000	       330	00000000	00000013	addi	x0,x0,0	  x0:0x00000000
        3325000	       331	80000280	00000013	addi	x0,x0,0	  x0:0x00000000
        3335000	       332	80000284	fedff36f	jal	x6,80000284	  x6=0x80000284
        3345000	       333	00000000	00000013	addi	x0,x0,0	  x0:0x00000000
        3355000	       334	8000026c	00000013	addi	x0,x0,0	  x0:0x00000000
        3365000	       335	80000270	018000ef	jal	x1,80000270	  x1=0x80000270
        3375000	       336	00000000	00000013	addi	x0,x0,0	  x0:0x00000000
        3385000	       337	80000284	00000013	addi	x0,x0,0	  x0:0x00000000
        3395000	       338	80000288	ff9ff36f	jal	x6,80000288	  x6=0x80000288
        3405000	       339	00000000	00000013	addi	x0,x0,0	  x0:0x00000000
        3415000	       340	8000027c	00000013	addi	x0,x0,0	  x0:0x00000000
        3425000	       341	80000280	ff5ff1ef	jal	x3,80000280	  x3=0x80000280
        3435000	       342	00000000	00000013	addi	x0,x0,0	  x0:0x00000000
        3445000	       343	80000270	00000013	addi	x0,x0,0	  x0:0x00000000
        3455000	       344	80000274	ff9ff56f	jal	x10,80000274	 x10=0x80000274
        3465000	       345	00000000	00000013	addi	x0,x0,0	  x0:0x00000000
        3475000	       346	80000268	00000013	addi	x0,x0,0	  x0:0x00000000
        3485000	       347	8000026c	0300056f	jal	x10,8000026c	 x10=0x8000026c
        3495000	       348	00000000	00000013	addi	x0,x0,0	  x0:0x00000000
        3505000	       349	80000298	00000013	addi	x0,x0,0	  x0:0x00000000
        3515000	       350	8000029c	ff1ff0ef	jal	x1,8000029c	  x1=0x8000029c
        3525000	       351	00000000	00000013	addi	x0,x0,0	  x0:0x00000000
        3535000	       352	80000288	00000013	addi	x0,x0,0	  x0:0x00000000
        3545000	       353	8000028c	004000ef	jal	x1,8000028c	  x1=0x8000028c
        3555000	       354	00000000	00000013	addi	x0,x0,0	  x0:0x00000000
        3565000	       355	8000028c	00000013	addi	x0,x0,0	  x0:0x00000000
        3575000	       356	80000290	fd9ff36f	jal	x6,80000290	  x6=0x80000290
        3585000	       357	00000000	00000013	addi	x0,x0,0	  x0:0x00000000
        3595000	       358	80000264	00000013	addi	x0,x0,0	  x0:0x00000000
        3605000	       359	80000268	03c00cef	jal	x25,80000268	 x25=0x80000268
        3615000	       360	00000000	00000013	addi	x0,x0,0	  x0:0x00000000
        3625000	       361	800002a0	00000013	addi	x0,x0,0	  x0:0x00000000
        3635000	       362	800002a4	ff5ff5ef	jal	x11,800002a4	 x11=0x800002a4
        3645000	       363	00000000	00000013	addi	x0,x0,0	  x0:0x00000000
        3655000	       364	80000294	00000013	addi	x0,x0,0	  x0:0x00000000
        3665000	       365	80000298	fe5ff2ef	jal	x5,80000298	  x5=0x80000298
        3675000	       366	00000000	00000013	addi	x0,x0,0	  x0:0x00000000
        3685000	       367	80000278	00000013	addi	x0,x0,0	  x0:0x00000000
        3695000	       368	8000027c	fe9ff0ef	jal	x1,8000027c	  x1=0x8000027c
        3705000	       369	00000000	00000013	addi	x0,x0,0	  x0:0x00000000
        3715000	       370	80000260	00000013	addi	x0,x0,0	  x0:0x00000000
        3725000	       371	80000264	030006ef	jal	x13,80000264	 x13=0x80000264
        3735000	       372	00000000	00000013	addi	x0,x0,0	  x0:0x00000000
        3745000	       373	80000290	00000013	addi	x0,x0,0	  x0:0x00000000
        3755000	       374	80000294	00c00aef	jal	x21,80000294	 x21=0x80000294
        3765000	       375	00000000	00000013	addi	x0,x0,0	  x0:0x00000000
        3775000	       376	8000029c	00000013	addi	x0,x0,0	  x0:0x00000000
        3785000	       377	800002a0	00800bef	jal	x23,800002a0	 x23=0x800002a0
        3795000	       378	00000000	00000013	addi	x0,x0,0	  x0:0x00000000
        3805000	       379	800002a4	00000013	addi	x0,x0,0	  x0:0x00000000
        3815000	       380	800002a8	000e8233	add	x4,x29,x0	 x29:0x800001c8  x0:0x00000000  x4=0x800001c8
        3825000	       381	800002ac	06c002ef	jal	x5,800002ac	  x5=0x800002ac
        3835000	       382	00000000	00000013	addi	x0,x0,0	  x0:0x00000000
        3845000	       383	80000314	00000013	addi	x0,x0,0	  x0:0x00000000
        3855000	       384	80000318	fb1ff0ef	jal	x1,80000318	  x1=0x80000318
        3865000	       385	00000000	00000013	addi	x0,x0,0	  x0:0x00000000
        3875000	       386	800002c4	00000013	addi	x0,x0,0	  x0:0x00000000
        3885000	       387	800002c8	0380016f	jal	x2,800002c8	  x2=0x800002c8
        3895000	       388	00000000	00000013	addi	x0,x0,0	  x0:0x00000000
        3905000	       389	800002fc	00000013	addi	x0,x0,0	  x0:0x00000000
        3915000	       390	80000300	010000ef	jal	x1,80000300	  x1=0x80000300
        3925000	       391	00000000	00000013	addi	x0,x0,0	  x0:0x00000000
        3935000	       392	8000030c	00000013	addi	x0,x0,0	  x0:0x00000000
        3945000	       393	80000310	fd5ff0ef	jal	x1,80000310	  x1=0x80000310
        3955000	       394	00000000	00000013	addi	x0,x0,0	  x0:0x00000000
        3965000	       395	800002e0	00000013	addi	x0,x0,0	  x0:0x00000000
        3975000	       396	800002e4	008000ef	jal	x1,800002e4	  x1=0x800002e4
        3985000	       397	00000000	00000013	addi	x0,x0,0	  x0:0x00000000
        3995000	       398	800002e8	00000013	addi	x0,x0,0	  x0:0x00000000
        4005000	       399	800002ec	fe9ffeef	jal	x29,800002ec	 x29=0x800002ec
        4015000	       400	00000000	00000013	addi	x0,x0,0	  x0:0x00000000
        4025000	       401	800002d0	00000013	addi	x0,x0,0	  x0:0x00000000
        4035000	       402	800002d4	fe1ff0ef	jal	x1,800002d4	  x1=0x800002d4
        4045000	       403	00000000	00000013	addi	x0,x0,0	  x0:0x00000000
        4055000	       404	800002b0	00000013	addi	x0,x0,0	  x0:0x00000000
        4065000	       405	800002b4	04400cef	jal	x25,800002b4	 x25=0x800002b4
        4075000	       406	00000000	00000013	addi	x0,x0,0	  x0:0x00000000
        4085000	       407	800002f4	00000013	addi	x0,x0,0	  x0:0x00000000
        4095000	       408	800002f8	00c001ef	jal	x3,800002f8	  x3=0x800002f8
        4105000	       409	00000000	00000013	addi	x0,x0,0	  x0:0x00000000
        4115000	       410	80000300	00000013	addi	x0,x0,0	  x0:0x00000000
        4125000	       411	80000304	fb5ff0ef	jal	x1,80000304	  x1=0x80000304
        4135000	       412	00000000	00000013	addi	x0,x0,0	  x0:0x00000000
        4145000	       413	800002b4	00000013	addi	x0,x0,0	  x0:0x00000000
        4155000	       414	800002b8	03c000ef	jal	x1,800002b8	  x1=0x800002b8
        4165000	       415	00000000	00000013	addi	x0,x0,0	  x0:0x00000000
        4175000	       416	800002f0	00000013	addi	x0,x0,0	  x0:0x00000000
        4185000	       417	800002f4	018000ef	jal	x1,800002f4	  x1=0x800002f4
        4195000	       418	00000000	00000013	addi	x0,x0,0	  x0:0x00000000
        4205000	       419	80000308	00000013	addi	x0,x0,0	  x0:0x00000000
        4215000	       420	8000030c	fb5ff0ef	jal	x1,8000030c	  x1=0x8000030c
        4225000	       421	00000000	00000013	addi	x0,x0,0	  x0:0x00000000
        4235000	       422	800002bc	00000013	addi	x0,x0,0	  x0:0x00000000
        4245000	       423	800002c0	00c0036f	jal	x6,800002c0	  x6=0x800002c0
        4255000	       424	00000000	00000013	addi	x0,x0,0	  x0:0x00000000
        4265000	       425	800002c8	00000013	addi	x0,x0,0	  x0:0x00000000
        4275000	       426	800002cc	fe5ff0ef	jal	x1,800002cc	  x1=0x800002cc
        4285000	       427	00000000	00000013	addi	x0,x0,0	  x0:0x00000000
        4295000	       428	800002ac	00000013	addi	x0,x0,0	  x0:0x00000000
        4305000	       429	800002b0	02c000ef	jal	x1,800002b0	  x1=0x800002b0
        4315000	       430	00000000	00000013	addi	x0,x0,0	  x0:0x00000000
        4325000	       431	800002d8	00000013	addi	x0,x0,0	  x0:0x00000000
        4335000	       432	800002dc	02c00fef	jal	x31,800002dc	 x31=0x800002dc
        4345000	       433	00000000	00000013	addi	x0,x0,0	  x0:0x00000000
        4355000	       434	80000304	00000013	addi	x0,x0,0	  x0:0x00000000
        4365000	       435	80000308	fd9ff0ef	jal	x1,80000308	  x1=0x80000308
        4375000	       436	00000000	00000013	addi	x0,x0,0	  x0:0x00000000
        4385000	       437	800002dc	00000013	addi	x0,x0,0	  x0:0x00000000
        4395000	       438	800002e0	01c0026f	jal	x4,800002e0	  x4=0x800002e0
        4405000	       439	00000000	00000013	addi	x0,x0,0	  x0:0x00000000
        4415000	       440	800002f8	00000013	addi	x0,x0,0	  x0:0x00000000
        4425000	       441	800002fc	fc9ff0ef	jal	x1,800002fc	  x1=0x800002fc
        4435000	       442	00000000	00000013	addi	x0,x0,0	  x0:0x00000000
        4445000	       443	800002c0	00000013	addi	x0,x0,0	  x0:0x00000000
        4455000	       444	800002c4	02c000ef	jal	x1,800002c4	  x1=0x800002c4
        4465000	       445	00000000	00000013	addi	x0,x0,0	  x0:0x00000000
        4475000	       446	800002ec	00000013	addi	x0,x0,0	  x0:0x00000000
        4485000	       447	800002f0	fe9ff2ef	jal	x5,800002f0	  x5=0x800002f0
        4495000	       448	00000000	00000013	addi	x0,x0,0	  x0:0x00000000
        4505000	       449	800002d4	00000013	addi	x0,x0,0	  x0:0x00000000
        4515000	       450	800002d8	ff9ff36f	jal	x6,800002d8	  x6=0x800002d8
        4525000	       451	00000000	00000013	addi	x0,x0,0	  x0:0x00000000
        4535000	       452	800002cc	00000013	addi	x0,x0,0	  x0:0x00000000
        4545000	       453	800002d0	0180046f	jal	x8,800002d0	  x8=0x800002d0
        4555000	       454	00000000	00000013	addi	x0,x0,0	  x0:0x00000000
        4565000	       455	800002e4	00000013	addi	x0,x0,0	  x0:0x00000000
        4575000	       456	800002e8	02c0036f	jal	x6,800002e8	  x6=0x800002e8
        4585000	       457	00000000	00000013	addi	x0,x0,0	  x0:0x00000000
        4595000	       458	80000310	00000013	addi	x0,x0,0	  x0:0x00000000
        4605000	       459	80000314	fa9ff0ef	jal	x1,80000314	  x1=0x80000314
        4615000	       460	00000000	00000013	addi	x0,x0,0	  x0:0x00000000
        4625000	       461	800002b8	00000013	addi	x0,x0,0	  x0:0x00000000
        4635000	       462	800002bc	060000ef	jal	x1,800002bc	  x1=0x800002bc
        4645000	       463	00000000	00000013	addi	x0,x0,0	  x0:0x00000000
        4655000	       464	80000318	00000013	addi	x0,x0,0	  x0:0x00000000
        4665000	       465	8000031c	7b67b193	sltiu	x3,x15,1974	 x15:0x800001cc  x3=0x00000000
        4675000	       466	80000320	04c002ef	jal	x5,80000320	  x5=0x80000320
        4685000	       467	00000000	00000013	addi	x0,x0,0	  x0:0x00000000
        4695000	       468	80000368	00000013	addi	x0,x0,0	  x0:0x00000000
        4705000	       469	8000036c	fc9ff36f	jal	x6,8000036c	  x6=0x8000036c
        4715000	       470	00000000	00000013	addi	x0,x0,0	  x0:0x00000000
        4725000	       471	80000330	00000013	addi	x0,x0,0	  x0:0x00000000
        4735000	       472	80000334	00c0036f	jal	x6,80000334	  x6=0x80000334
        4745000	       473	00000000	00000013	addi	x0,x0,0	  x0:0x00000000
        4755000	       474	8000033c	00000013	addi	x0,x0,0	  x0:0x00000000
        4765000	       475	80000340	0240056f	jal	x10,80000340	 x10=0x80000340
        4775000	       476	00000000	00000013	addi	x0,x0,0	  x0:0x00000000
        4785000	       477	80000360	00000013	addi	x0,x0,0	  x0:0x00000000
        4795000	       478	80000364	ff1ff0ef	jal	x1,80000364	  x1=0x80000364
        4805000	       479	00000000	00000013	addi	x0,x0,0	  x0:0x00000000
        4815000	       480	80000350	00000013	addi	x0,x0,0	  x0:0x00000000
        4825000	       481	80000354	014000ef	jal	x1,80000354	  x1=0x80000354
        4835000	       482	00000000	00000013	addi	x0,x0,0	  x0:0x00000000
        4845000	       483	80000364	00000013	addi	x0,x0,0	  x0:0x00000000
        4855000	       484	80000368	ff1ff0ef	jal	x1,80000368	  x1=0x80000368
        4865000	       485	00000000	00000013	addi	x0,x0,0	  x0:0x00000000
        4875000	       486	80000354	00000013	addi	x0,x0,0	  x0:0x00000000
        4885000	       487	80000358	fedff0ef	jal	x1,80000358	  x1=0x80000358
        4895000	       488	00000000	00000013	addi	x0,x0,0	  x0:0x00000000
        4905000	       489	80000340	00000013	addi	x0,x0,0	  x0:0x00000000
        4915000	       490	80000344	fe9ffeef	jal	x29,80000344	 x29=0x80000344
        4925000	       491	00000000	00000013	addi	x0,x0,0	  x0:0x00000000
        4935000	       492	80000328	00000013	addi	x0,x0,0	  x0:0x00000000
        4945000	       493	8000032c	ffdff16f	jal	x2,8000032c	  x2=0x8000032c
        4955000	       494	00000000	00000013	addi	x0,x0,0	  x0:0x00000000
        4965000	       495	80000324	00000013	addi	x0,x0,0	  x0:0x00000000
        4975000	       496	80000328	05000cef	jal	x25,80000328	 x25=0x80000328
        4985000	       497	00000000	00000013	addi	x0,x0,0	  x0:0x00000000
        4995000	       498	80000374	00000013	addi	x0,x0,0	  x0:0x00000000
        5005000	       499	80000378	01c000ef	jal	x1,80000378	  x1=0x80000378
        5015000	       500	00000000	00000013	addi	x0,x0,0	  x0:0x00000000
        5025000	       501	80000390	00000013	addi	x0,x0,0	  x0:0x00000000
        5035000	       502	80000394	fbdffdef	jal	x27,80000394	 x27=0x80000394
        5045000	       503	00000000	00000013	addi	x0,x0,0	  x0:0x00000000
        5055000	       504	8000034c	00000013	addi	x0,x0,0	  x0:0x00000000
        5065000	       505	80000350	0380056f	jal	x10,80000350	 x10=0x80000350
        5075000	       506	00000000	00000013	addi	x0,x0,0	  x0:0x00000000
        5085000	       507	80000384	00000013	addi	x0,x0,0	  x0:0x00000000
        5095000	       508	80000388	fb1ff0ef	jal	x1,80000388	  x1=0x80000388
        5105000	       509	00000000	00000013	addi	x0,x0,0	  x0:0x00000000
        5115000	       510	80000334	00000013	addi	x0,x0,0	  x0:0x00000000
        5125000	       511	80000338	0580016f	jal	x2,80000338	  x2=0x80000338
        5135000	       512	00000000	00000013	addi	x0,x0,0	  x0:0x00000000
        5145000	       513	8000038c	00000013	addi	x0,x0,0	  x0:0x00000000
        5155000	       514	80000390	fedff0ef	jal	x1,80000390	  x1=0x80000390
        5165000	       515	00000000	00000013	addi	x0,x0,0	  x0:0x00000000
        5175000	       516	80000378	00000013	addi	x0,x0,0	  x0:0x00000000
        5185000	       517	8000037c	01000cef	jal	x25,8000037c	 x25=0x8000037c
        5195000	       518	00000000	00000013	addi	x0,x0,0	  x0:0x00000000
        5205000	       519	80000388	00000013	addi	x0,x0,0	  x0:0x00000000
        5215000	       520	8000038c	ff5ff0ef	jal	x1,8000038c	  x1=0x8000038c
        5225000	       521	00000000	00000013	addi	x0,x0,0	  x0:0x00000000
        5235000	       522	8000037c	00000013	addi	x0,x0,0	  x0:0x00000000
        5245000	       523	80000380	ff5ff0ef	jal	x1,80000380	  x1=0x80000380
        5255000	       524	00000000	00000013	addi	x0,x0,0	  x0:0x00000000
        5265000	       525	80000370	00000013	addi	x0,x0,0	  x0:0x00000000
        5275000	       526	80000374	fd5ff0ef	jal	x1,80000374	  x1=0x80000374
        5285000	       527	00000000	00000013	addi	x0,x0,0	  x0:0x00000000
        5295000	       528	80000344	00000013	addi	x0,x0,0	  x0:0x00000000
        5305000	       529	80000348	014000ef	jal	x1,80000348	  x1=0x80000348
        5315000	       530	00000000	00000013	addi	x0,x0,0	  x0:0x00000000
        5325000	       531	80000358	00000013	addi	x0,x0,0	  x0:0x00000000
        5335000	       532	8000035c	0280036f	jal	x6,8000035c	  x6=0x8000035c
        5345000	       533	00000000	00000013	addi	x0,x0,0	  x0:0x00000000
        5355000	       534	80000380	00000013	addi	x0,x0,0	  x0:0x00000000
        5365000	       535	80000384	fb9ff0ef	jal	x1,80000384	  x1=0x80000384
        5375000	       536	00000000	00000013	addi	x0,x0,0	  x0:0x00000000
        5385000	       537	80000338	00000013	addi	x0,x0,0	  x0:0x00000000
        5395000	       538	8000033c	034000ef	jal	x1,8000033c	  x1=0x8000033c
        5405000	       539	00000000	00000013	addi	x0,x0,0	  x0:0x00000000
        5415000	       540	8000036c	00000013	addi	x0,x0,0	  x0:0x00000000
        5425000	       541	80000370	fddff2ef	jal	x5,80000370	  x5=0x80000370
        5435000	       542	00000000	00000013	addi	x0,x0,0	  x0:0x00000000
        5445000	       543	80000348	00000013	addi	x0,x0,0	  x0:0x00000000
        5455000	       544	8000034c	fd9ff0ef	jal	x1,8000034c	  x1=0x8000034c
        5465000	       545	00000000	00000013	addi	x0,x0,0	  x0:0x00000000
        5475000	       546	80000320	00000013	addi	x0,x0,0	  x0:0x00000000
        5485000	       547	80000324	00c000ef	jal	x1,80000324	  x1=0x80000324
        5495000	       548	00000000	00000013	addi	x0,x0,0	  x0:0x00000000
        5505000	       549	8000032c	00000013	addi	x0,x0,0	  x0:0x00000000
        5515000	       550	80000330	068000ef	jal	x1,80000330	  x1=0x80000330
        5525000	       551	00000000	00000013	addi	x0,x0,0	  x0:0x00000000
        5535000	       552	80000394	00000013	addi	x0,x0,0	  x0:0x00000000
        5545000	       553	80000398	fc9ff0ef	jal	x1,80000398	  x1=0x80000398
        5555000	       554	00000000	00000013	addi	x0,x0,0	  x0:0x00000000
        5565000	       555	8000035c	00000013	addi	x0,x0,0	  x0:0x00000000
        5575000	       556	80000360	03c006ef	jal	x13,80000360	 x13=0x80000360
        5585000	       557	00000000	00000013	addi	x0,x0,0	  x0:0x00000000
        5595000	       558	80000398	00000013	addi	x0,x0,0	  x0:0x00000000
        5605000	       559	8000039c	00000013	addi	x0,x0,0	  x0:0x00000000
        5615000	       560	800003a0	03c002ef	jal	x5,800003a0	  x5=0x800003a0
        5625000	       561	00000000	00000013	addi	x0,x0,0	  x0:0x00000000
        5635000	       562	800003d8	00000013	addi	x0,x0,0	  x0:0x00000000
        5645000	       563	800003dc	ff1ff0ef	jal	x1,800003dc	  x1=0x800003dc
        5655000	       564	00000000	00000013	addi	x0,x0,0	  x0:0x00000000
        5665000	       565	800003c8	00000013	addi	x0,x0,0	  x0:0x00000000
        5675000	       566	800003cc	fd9ff36f	jal	x6,800003cc	  x6=0x800003cc
        5685000	       567	00000000	00000013	addi	x0,x0,0	  x0:0x00000000
        5695000	       568	800003a0	00000013	addi	x0,x0,0	  x0:0x00000000
        5705000	       569	800003a4	04c0036f	jal	x6,800003a4	  x6=0x800003a4
        5715000	       570	00000000	00000013	addi	x0,x0,0	  x0:0x00000000
        5725000	       571	800003ec	00000013	addi	x0,x0,0	  x0:0x00000000
        5735000	       572	800003f0	020000ef	jal	x1,800003f0	  x1=0x800003f0
        5745000	       573	00000000	00000013	addi	x0,x0,0	  x0:0x00000000
        5755000	       574	8000040c	00000013	addi	x0,x0,0	  x0:0x00000000
        5765000	       575	80000410	f9dff0ef	jal	x1,80000410	  x1=0x80000410
        5775000	       576	00000000	00000013	addi	x0,x0,0	  x0:0x00000000
        5785000	       577	800003a8	00000013	addi	x0,x0,0	  x0:0x00000000
        5795000	       578	800003ac	050009ef	jal	x19,800003ac	 x19=0x800003ac
        5805000	       579	00000000	00000013	addi	x0,x0,0	  x0:0x00000000
        5815000	       580	800003f8	00000013	addi	x0,x0,0	  x0:0x00000000
        5825000	       581	800003fc	0040036f	jal	x6,800003fc	  x6=0x800003fc
        5835000	       582	00000000	00000013	addi	x0,x0,0	  x0:0x00000000
        5845000	       583	800003fc	00000013	addi	x0,x0,0	  x0:0x00000000
        5855000	       584	80000400	00800bef	jal	x23,80000400	 x23=0x80000400
        5865000	       585	00000000	00000013	addi	x0,x0,0	  x0:0x00000000
        5875000	       586	80000404	00000013	addi	x0,x0,0	  x0:0x00000000
        5885000	       587	80000408	fd9ff0ef	jal	x1,80000408	  x1=0x80000408
        5895000	       588	00000000	00000013	addi	x0,x0,0	  x0:0x00000000
        5905000	       589	800003dc	00000013	addi	x0,x0,0	  x0:0x00000000
        5915000	       590	800003e0	004000ef	jal	x1,800003e0	  x1=0x800003e0
        5925000	       591	00000000	00000013	addi	x0,x0,0	  x0:0x00000000
        5935000	       592	800003e0	00000013	addi	x0,x0,0	  x0:0x00000000
        5945000	       593	800003e4	ff1ff0ef	jal	x1,800003e4	  x1=0x800003e4
        5955000	       594	00000000	00000013	addi	x0,x0,0	  x0:0x00000000
        5965000	       595	800003d0	00000013	addi	x0,x0,0	  x0:0x00000000
        5975000	       596	800003d4	fe1ff0ef	jal	x1,800003d4	  x1=0x800003d4
        5985000	       597	00000000	00000013	addi	x0,x0,0	  x0:0x00000000
        5995000	       598	800003b0	00000013	addi	x0,x0,0	  x0:0x00000000
        6005000	       599	800003b4	0440036f	jal	x6,800003b4	  x6=0x800003b4
        6015000	       600	00000000	00000013	addi	x0,x0,0	  x0:0x00000000
        6025000	       601	800003f4	00000013	addi	x0,x0,0	  x0:0x00000000
        6035000	       602	800003f8	fc9ff0ef	jal	x1,800003f8	  x1=0x800003f8
        6045000	       603	00000000	00000013	addi	x0,x0,0	  x0:0x00000000
        6055000	       604	800003bc	00000013	addi	x0,x0,0	  x0:0x00000000
        6065000	       605	800003c0	04c000ef	jal	x1,800003c0	  x1=0x800003c0
        6075000	       606	00000000	00000013	addi	x0,x0,0	  x0:0x00000000
        6085000	       607	80000408	00000013	addi	x0,x0,0	  x0:0x00000000
        6095000	       608	8000040c	fbdff0ef	jal	x1,8000040c	  x1=0x8000040c
        6105000	       609	00000000	00000013	addi	x0,x0,0	  x0:0x00000000
        6115000	       610	800003c4	00000013	addi	x0,x0,0	  x0:0x00000000
        6125000	       611	800003c8	02c000ef	jal	x1,800003c8	  x1=0x800003c8
        6135000	       612	00000000	00000013	addi	x0,x0,0	  x0:0x00000000
        6145000	       613	800003f0	00000013	addi	x0,x0,0	  x0:0x00000000
        6155000	       614	800003f4	fc9ff36f	jal	x6,800003f4	  x6=0x800003f4
        6165000	       615	00000000	00000013	addi	x0,x0,0	  x0:0x00000000
        6175000	       616	800003b8	00000013	addi	x0,x0,0	  x0:0x00000000
        6185000	       617	800003bc	ff5fffef	jal	x31,800003bc	 x31=0x800003bc
        6195000	       618	00000000	00000013	addi	x0,x0,0	  x0:0x00000000
        6205000	       619	800003ac	00000013	addi	x0,x0,0	  x0:0x00000000
        6215000	       620	800003b0	0380036f	jal	x6,800003b0	  x6=0x800003b0
        6225000	       621	00000000	00000013	addi	x0,x0,0	  x0:0x00000000
        6235000	       622	800003e4	00000013	addi	x0,x0,0	  x0:0x00000000
        6245000	       623	800003e8	004000ef	jal	x1,800003e8	  x1=0x800003e8
        6255000	       624	00000000	00000013	addi	x0,x0,0	  x0:0x00000000
        6265000	       625	800003e8	00000013	addi	x0,x0,0	  x0:0x00000000
        6275000	       626	800003ec	fe5ff5ef	jal	x11,800003ec	 x11=0x800003ec
        6285000	       627	00000000	00000013	addi	x0,x0,0	  x0:0x00000000
        6295000	       628	800003cc	00000013	addi	x0,x0,0	  x0:0x00000000
        6305000	       629	800003d0	fd9ff0ef	jal	x1,800003d0	  x1=0x800003d0
        6315000	       630	00000000	00000013	addi	x0,x0,0	  x0:0x00000000
        6325000	       631	800003a4	00000013	addi	x0,x0,0	  x0:0x00000000
        6335000	       632	800003a8	06c0036f	jal	x6,800003a8	  x6=0x800003a8
        6345000	       633	00000000	00000013	addi	x0,x0,0	  x0:0x00000000
        6355000	       634	80000410	00000013	addi	x0,x0,0	  x0:0x00000000
        6365000	       635	80000414	ff1ff0ef	jal	x1,80000414	  x1=0x80000414
        6375000	       636	00000000	00000013	addi	x0,x0,0	  x0:0x00000000
        6385000	       637	80000400	00000013	addi	x0,x0,0	  x0:0x00000000
        6395000	       638	80000404	fc1ff0ef	jal	x1,80000404	  x1=0x80000404
        6405000	       639	00000000	00000013	addi	x0,x0,0	  x0:0x00000000
        6415000	       640	800003c0	00000013	addi	x0,x0,0	  x0:0x00000000
        6425000	       641	800003c4	ff5ff26f	jal	x4,800003c4	  x4=0x800003c4
        6435000	       642	00000000	00000013	addi	x0,x0,0	  x0:0x00000000
        6445000	       643	800003b4	00000013	addi	x0,x0,0	  x0:0x00000000
        6455000	       644	800003b8	020000ef	jal	x1,800003b8	  x1=0x800003b8
        6465000	       645	00000000	00000013	addi	x0,x0,0	  x0:0x00000000
        6475000	       646	800003d4	00000013	addi	x0,x0,0	  x0:0x00000000
        6485000	       647	800003d8	0400036f	jal	x6,800003d8	  x6=0x800003d8
        6495000	       648	00000000	00000013	addi	x0,x0,0	  x0:0x00000000
        6505000	       649	80000414	00000013	addi	x0,x0,0	  x0:0x00000000
        6515000	       650	80000418	1b9aa793	slti	x15,x21,441	 x21:0x80000294 x15=0x00000001
        6525000	       651	8000041c	01c002ef	jal	x5,8000041c	  x5=0x8000041c
        6535000	       652	00000000	00000013	addi	x0,x0,0	  x0:0x00000000
        6545000	       653	80000434	00000013	addi	x0,x0,0	  x0:0x00000000
        6555000	       654	80000438	02800cef	jal	x25,80000438	 x25=0x80000438
        6565000	       655	00000000	00000013	addi	x0,x0,0	  x0:0x00000000
        6575000	       656	8000045c	00000013	addi	x0,x0,0	  x0:0x00000000
        6585000	       657	80000460	fedff66f	jal	x12,80000460	 x12=0x80000460
        6595000	       658	00000000	00000013	addi	x0,x0,0	  x0:0x00000000
        6605000	       659	80000448	00000013	addi	x0,x0,0	  x0:0x00000000
        6615000	       660	8000044c	ff1ffd6f	jal	x26,8000044c	 x26=0x8000044c
        6625000	       661	00000000	00000013	addi	x0,x0,0	  x0:0x00000000
        6635000	       662	80000438	00000013	addi	x0,x0,0	  x0:0x00000000
        6645000	       663	8000043c	01c006ef	jal	x13,8000043c	 x13=0x8000043c
        6655000	       664	00000000	00000013	addi	x0,x0,0	  x0:0x00000000
        6665000	       665	80000454	00000013	addi	x0,x0,0	  x0:0x00000000
        6675000	       666	80000458	fd9ff0ef	jal	x1,80000458	  x1=0x80000458
        6685000	       667	00000000	00000013	addi	x0,x0,0	  x0:0x00000000
        6695000	       668	8000042c	00000013	addi	x0,x0,0	  x0:0x00000000
        6705000	       669	80000430	024002ef	jal	x5,80000430	  x5=0x80000430
        6715000	       670	00000000	00000013	addi	x0,x0,0	  x0:0x00000000
        6725000	       671	80000450	00000013	addi	x0,x0,0	  x0:0x00000000
        6735000	       672	80000454	fd5ff46f	jal	x8,80000454	  x8=0x80000454
        6745000	       673	00000000	00000013	addi	x0,x0,0	  x0:0x00000000
        6755000	       674	80000424	00000013	addi	x0,x0,0	  x0:0x00000000
        6765000	       675	80000428	01c000ef	jal	x1,80000428	  x1=0x80000428
        6775000	       676	00000000	00000013	addi	x0,x0,0	  x0:0x00000000
        6785000	       677	80000440	00000013	addi	x0,x0,0	  x0:0x00000000
        6795000	       678	80000444	ffdff0ef	jal	x1,80000444	  x1=0x80000444
        6805000	       679	00000000	00000013	addi	x0,x0,0	  x0:0x00000000
        6815000	       680	8000043c	00000013	addi	x0,x0,0	  x0:0x00000000
        6825000	       681	80000440	fe5ff76f	jal	x14,80000440	 x14=0x80000440
        6835000	       682	00000000	00000013	addi	x0,x0,0	  x0:0x00000000
        6845000	       683	80000420	00000013	addi	x0,x0,0	  x0:0x00000000
        6855000	       684	80000424	ffdff0ef	jal	x1,80000424	  x1=0x80000424
        6865000	       685	00000000	00000013	addi	x0,x0,0	  x0:0x00000000
        6875000	       686	8000041c	00000013	addi	x0,x0,0	  x0:0x00000000
        6885000	       687	80000420	044000ef	jal	x1,80000420	  x1=0x80000420
        6895000	       688	00000000	00000013	addi	x0,x0,0	  x0:0x00000000
        6905000	       689	80000460	00000013	addi	x0,x0,0	  x0:0x00000000
        6915000	       690	80000464	004000ef	jal	x1,80000464	  x1=0x80000464
        6925000	       691	00000000	00000013	addi	x0,x0,0	  x0:0x00000000
        6935000	       692	80000464	00000013	addi	x0,x0,0	  x0:0x00000000
        6945000	       693	80000468	ff5ff9ef	jal	x19,80000468	 x19=0x80000468
        6955000	       694	00000000	00000013	addi	x0,x0,0	  x0:0x00000000
        6965000	       695	80000458	00000013	addi	x0,x0,0	  x0:0x00000000
        6975000	       696	8000045c	fd9ff16f	jal	x2,8000045c	  x2=0x8000045c
        6985000	       697	00000000	00000013	addi	x0,x0,0	  x0:0x00000000
        6995000	       698	80000430	00000013	addi	x0,x0,0	  x0:0x00000000
        7005000	       699	80000434	014000ef	jal	x1,80000434	  x1=0x80000434
        7015000	       700	00000000	00000013	addi	x0,x0,0	  x0:0x00000000
        7025000	       701	80000444	00000013	addi	x0,x0,0	  x0:0x00000000
        7035000	       702	80000448	fe5ff0ef	jal	x1,80000448	  x1=0x80000448
        7045000	       703	00000000	00000013	addi	x0,x0,0	  x0:0x00000000
        7055000	       704	80000428	00000013	addi	x0,x0,0	  x0:0x00000000
        7065000	       705	8000042c	024000ef	jal	x1,8000042c	  x1=0x8000042c
        7075000	       706	00000000	00000013	addi	x0,x0,0	  x0:0x00000000
        7085000	       707	8000044c	00000013	addi	x0,x0,0	  x0:0x00000000
        7095000	       708	80000450	01c000ef	jal	x1,80000450	  x1=0x80000450
        7105000	       709	00000000	00000013	addi	x0,x0,0	  x0:0x00000000
        7115000	       710	80000468	00000013	addi	x0,x0,0	  x0:0x00000000
        7125000	       711	8000046c	01023d33	sltu	x26,x4,x16	  x4:0x800003c4 x16:0x80000224 x26=0x00000000
        7135000	       712	80000470	024002ef	jal	x5,80000470	  x5=0x80000470
        7145000	       713	00000000	00000013	addi	x0,x0,0	  x0:0x00000000
        7155000	       714	80000490	00000013	addi	x0,x0,0	  x0:0x00000000
        7165000	       715	80000494	fe1ff0ef	jal	x1,80000494	  x1=0x80000494
        7175000	       716	00000000	00000013	addi	x0,x0,0	  x0:0x00000000
        7185000	       717	80000470	00000013	addi	x0,x0,0	  x0:0x00000000
        7195000	       718	80000474	008000ef	jal	x1,80000474	  x1=0x80000474
        7205000	       719	00000000	00000013	addi	x0,x0,0	  x0:0x00000000
        7215000	       720	80000478	00000013	addi	x0,x0,0	  x0:0x00000000
        7225000	       721	8000047c	0080036f	jal	x6,8000047c	  x6=0x8000047c
        7235000	       722	00000000	00000013	addi	x0,x0,0	  x0:0x00000000
        7245000	       723	80000480	00000013	addi	x0,x0,0	  x0:0x00000000
        7255000	       724	80000484	ff5ff16f	jal	x2,80000484	  x2=0x80000484
        7265000	       725	00000000	00000013	addi	x0,x0,0	  x0:0x00000000
        7275000	       726	80000474	00000013	addi	x0,x0,0	  x0:0x00000000
        7285000	       727	80000478	0200036f	jal	x6,80000478	  x6=0x80000478
        7295000	       728	00000000	00000013	addi	x0,x0,0	  x0:0x00000000
        7305000	       729	80000494	00000013	addi	x0,x0,0	  x0:0x00000000
        7315000	       730	80000498	ff1ff36f	jal	x6,80000498	  x6=0x80000498
        7325000	       731	00000000	00000013	addi	x0,x0,0	  x0:0x00000000
        7335000	       732	80000484	00000013	addi	x0,x0,0	  x0:0x00000000
        7345000	       733	80000488	004000ef	jal	x1,80000488	  x1=0x80000488
        7355000	       734	00000000	00000013	addi	x0,x0,0	  x0:0x00000000
        7365000	       735	80000488	00000013	addi	x0,x0,0	  x0:0x00000000
        7375000	       736	8000048c	ff5ff36f	jal	x6,8000048c	  x6=0x8000048c
        7385000	       737	00000000	00000013	addi	x0,x0,0	  x0:0x00000000
        7395000	       738	8000047c	00000013	addi	x0,x0,0	  x0:0x00000000
        7405000	       739	80000480	010003ef	jal	x7,80000480	  x7=0x80000480
        7415000	       740	00000000	00000013	addi	x0,x0,0	  x0:0x00000000
        7425000	       741	8000048c	00000013	addi	x0,x0,0	  x0:0x00000000
        7435000	       742	80000490	00c009ef	jal	x19,80000490	 x19=0x80000490
        7445000	       743	00000000	00000013	addi	x0,x0,0	  x0:0x00000000
        7455000	       744	80000498	00000013	addi	x0,x0,0	  x0:0x00000000
        7465000	       745	8000049c	0040036f	jal	x6,8000049c	  x6=0x8000049c
        7475000	       746	00000000	00000013	addi	x0,x0,0	  x0:0x00000000
        7485000	       747	8000049c	00000013	addi	x0,x0,0	  x0:0x00000000
        7495000	       748	800004a0	2a4f0893	addi	x17,x30,676	 x30:0x800001a8 x17=0x8000044c
        7505000	       749	800004a4	03c002ef	jal	x5,800004a4	  x5=0x800004a4
        7515000	       750	00000000	00000013	addi	x0,x0,0	  x0:0x00000000
        7525000	       751	800004dc	00000013	addi	x0,x0,0	  x0:0x00000000
        7535000	       752	800004e0	fc9ff0ef	jal	x1,800004e0	  x1=0x800004e0
        7545000	       753	00000000	00000013	addi	x0,x0,0	  x0:0x00000000
        7555000	       754	800004a4	00000013	addi	x0,x0,0	  x0:0x00000000
        7565000	       755	800004a8	018000ef	jal	x1,800004a8	  x1=0x800004a8
        7575000	       756	00000000	00000013	addi	x0,x0,0	  x0:0x00000000
        7585000	       757	800004bc	00000013	addi	x0,x0,0	  x0:0x00000000
        7595000	       758	800004c0	014000ef	jal	x1,800004c0	  x1=0x800004c0
        7605000	       759	00000000	00000013	addi	x0,x0,0	  x0:0x00000000
        7615000	       760	800004d0	00000013	addi	x0,x0,0	  x0:0x00000000
        7625000	       761	800004d4	fddff36f	jal	x6,800004d4	  x6=0x800004d4
        7635000	       762	00000000	00000013	addi	x0,x0,0	  x0:0x00000000
        7645000	       763	800004ac	00000013	addi	x0,x0,0	  x0:0x00000000
        7655000	       764	800004b0	0380016f	jal	x2,800004b0	  x2=0x800004b0
        7665000	       765	00000000	00000013	addi	x0,x0,0	  x0:0x00000000
        7675000	       766	800004e4	00000013	addi	x0,x0,0	  x0:0x00000000
        7685000	       767	800004e8	fd1ff0ef	jal	x1,800004e8	  x1=0x800004e8
        7695000	       768	00000000	00000013	addi	x0,x0,0	  x0:0x00000000
        7705000	       769	800004b4	00000013	addi	x0,x0,0	  x0:0x00000000
        7715000	       770	800004b8	020000ef	jal	x1,800004b8	  x1=0x800004b8
        7725000	       771	00000000	00000013	addi	x0,x0,0	  x0:0x00000000
        7735000	       772	800004d4	00000013	addi	x0,x0,0	  x0:0x00000000
        7745000	       773	800004d8	fddff36f	jal	x6,800004d8	  x6=0x800004d8
        7755000	       774	00000000	00000013	addi	x0,x0,0	  x0:0x00000000
        7765000	       775	800004b0	00000013	addi	x0,x0,0	  x0:0x00000000
        7775000	       776	800004b4	018000ef	jal	x1,800004b4	  x1=0x800004b4
        7785000	       777	00000000	00000013	addi	x0,x0,0	  x0:0x00000000
        7795000	       778	800004c8	00000013	addi	x0,x0,0	  x0:0x00000000
        7805000	       779	800004cc	020000ef	jal	x1,800004cc	  x1=0x800004cc
        7815000	       780	00000000	00000013	addi	x0,x0,0	  x0:0x00000000
        7825000	       781	800004e8	00000013	addi	x0,x0,0	  x0:0x00000000
        7835000	       782	800004ec	ff9fffef	jal	x31,800004ec	 x31=0x800004ec
        7845000	       783	00000000	00000013	addi	x0,x0,0	  x0:0x00000000
        7855000	       784	800004e0	00000013	addi	x0,x0,0	  x0:0x00000000
        7865000	       785	800004e4	fd9ff0ef	jal	x1,800004e4	  x1=0x800004e4
        7875000	       786	00000000	00000013	addi	x0,x0,0	  x0:0x00000000
        7885000	       787	800004b8	00000013	addi	x0,x0,0	  x0:0x00000000
        7895000	       788	800004bc	ff1ffcef	jal	x25,800004bc	 x25=0x800004bc
        7905000	       789	00000000	00000013	addi	x0,x0,0	  x0:0x00000000
        7915000	       790	800004a8	00000013	addi	x0,x0,0	  x0:0x00000000
        7925000	       791	800004ac	030000ef	jal	x1,800004ac	  x1=0x800004ac
        7935000	       792	00000000	00000013	addi	x0,x0,0	  x0:0x00000000
        7945000	       793	800004d8	00000013	addi	x0,x0,0	  x0:0x00000000
        7955000	       794	800004dc	fedff0ef	jal	x1,800004dc	  x1=0x800004dc
        7965000	       795	00000000	00000013	addi	x0,x0,0	  x0:0x00000000
        7975000	       796	800004c4	00000013	addi	x0,x0,0	  x0:0x00000000
        7985000	       797	800004c8	ffdffd6f	jal	x26,800004c8	 x26=0x800004c8
        7995000	       798	00000000	00000013	addi	x0,x0,0	  x0:0x00000000
        8005000	       799	800004c0	00000013	addi	x0,x0,0	  x0:0x00000000
        8015000	       800	800004c4	00c000ef	jal	x1,800004c4	  x1=0x800004c4
        8025000	       801	00000000	00000013	addi	x0,x0,0	  x0:0x00000000
        8035000	       802	800004cc	00000013	addi	x0,x0,0	  x0:0x00000000
        8045000	       803	800004d0	020000ef	jal	x1,800004d0	  x1=0x800004d0
        8055000	       804	00000000	00000013	addi	x0,x0,0	  x0:0x00000000
        8065000	       805	800004ec	00000013	addi	x0,x0,0	  x0:0x00000000
        8075000	       806	800004f0	017ed413	srli	x8,x29,0x17	 x29:0x80000344  x8=0x00000100
        8085000	       807	800004f4	05c002ef	jal	x5,800004f4	  x5=0x800004f4
        8095000	       808	00000000	00000013	addi	x0,x0,0	  x0:0x00000000
        8105000	       809	8000054c	00000013	addi	x0,x0,0	  x0:0x00000000
        8115000	       810	80000550	00c000ef	jal	x1,80000550	  x1=0x80000550
        8125000	       811	00000000	00000013	addi	x0,x0,0	  x0:0x00000000
        8135000	       812	80000558	00000013	addi	x0,x0,0	  x0:0x00000000
        8145000	       813	8000055c	fedff1ef	jal	x3,8000055c	  x3=0x8000055c
        8155000	       814	00000000	00000013	addi	x0,x0,0	  x0:0x00000000
        8165000	       815	80000544	00000013	addi	x0,x0,0	  x0:0x00000000
        8175000	       816	80000548	ffdff0ef	jal	x1,80000548	  x1=0x80000548
        8185000	       817	00000000	00000013	addi	x0,x0,0	  x0:0x00000000
        8195000	       818	80000540	00000013	addi	x0,x0,0	  x0:0x00000000
        8205000	       819	80000544	fbdff0ef	jal	x1,80000544	  x1=0x80000544
        8215000	       820	00000000	00000013	addi	x0,x0,0	  x0:0x00000000
        8225000	       821	800004fc	00000013	addi	x0,x0,0	  x0:0x00000000
        8235000	       822	80000500	028000ef	jal	x1,80000500	  x1=0x80000500
        8245000	       823	00000000	00000013	addi	x0,x0,0	  x0:0x00000000
        8255000	       824	80000524	00000013	addi	x0,x0,0	  x0:0x00000000
        8265000	       825	80000528	02c000ef	jal	x1,80000528	  x1=0x80000528
        8275000	       826	00000000	00000013	addi	x0,x0,0	  x0:0x00000000
        8285000	       827	80000550	00000013	addi	x0,x0,0	  x0:0x00000000
        8295000	       828	80000554	fe5ff0ef	jal	x1,80000554	  x1=0x80000554
        8305000	       829	00000000	00000013	addi	x0,x0,0	  x0:0x00000000
        8315000	       830	80000534	00000013	addi	x0,x0,0	  x0:0x00000000
        8325000	       831	80000538	fd5ff76f	jal	x14,80000538	 x14=0x80000538
        8335000	       832	00000000	00000013	addi	x0,x0,0	  x0:0x00000000
        8345000	       833	80000508	00000013	addi	x0,x0,0	  x0:0x00000000
        8355000	       834	8000050c	fedff0ef	jal	x1,8000050c	  x1=0x8000050c
        8365000	       835	00000000	00000013	addi	x0,x0,0	  x0:0x00000000
        8375000	       836	800004f4	00000013	addi	x0,x0,0	  x0:0x00000000
        8385000	       837	800004f8	024000ef	jal	x1,800004f8	  x1=0x800004f8
        8395000	       838	00000000	00000013	addi	x0,x0,0	  x0:0x00000000
        8405000	       839	80000518	00000013	addi	x0,x0,0	  x0:0x00000000
        8415000	       840	8000051c	0100036f	jal	x6,8000051c	  x6=0x8000051c
        8425000	       841	00000000	00000013	addi	x0,x0,0	  x0:0x00000000
        8435000	       842	80000528	00000013	addi	x0,x0,0	  x0:0x00000000
        8445000	       843	8000052c	02c000ef	jal	x1,8000052c	  x1=0x8000052c
        8455000	       844	00000000	00000013	addi	x0,x0,0	  x0:0x00000000
        8465000	       845	80000554	00000013	addi	x0,x0,0	  x0:0x00000000
        8475000	       846	80000558	fb1ff36f	jal	x6,80000558	  x6=0x80000558
        8485000	       847	00000000	00000013	addi	x0,x0,0	  x0:0x00000000
        8495000	       848	80000504	00000013	addi	x0,x0,0	  x0:0x00000000
        8505000	       849	80000508	034002ef	jal	x5,80000508	  x5=0x80000508
        8515000	       850	00000000	00000013	addi	x0,x0,0	  x0:0x00000000
        8525000	       851	80000538	00000013	addi	x0,x0,0	  x0:0x00000000
        8535000	       852	8000053c	fd9ff26f	jal	x4,8000053c	  x4=0x8000053c
        8545000	       853	00000000	00000013	addi	x0,x0,0	  x0:0x00000000
        8555000	       854	80000510	00000013	addi	x0,x0,0	  x0:0x00000000
        8565000	       855	80000514	004000ef	jal	x1,80000514	  x1=0x80000514
        8575000	       856	00000000	00000013	addi	x0,x0,0	  x0:0x00000000
        8585000	       857	80000514	00000013	addi	x0,x0,0	  x0:0x00000000
        8595000	       858	80000518	00c000ef	jal	x1,80000518	  x1=0x80000518
        8605000	       859	00000000	00000013	addi	x0,x0,0	  x0:0x00000000
        8615000	       860	80000520	00000013	addi	x0,x0,0	  x0:0x00000000
        8625000	       861	80000524	010000ef	jal	x1,80000524	  x1=0x80000524
        8635000	       862	00000000	00000013	addi	x0,x0,0	  x0:0x00000000
        8645000	       863	80000530	00000013	addi	x0,x0,0	  x0:0x00000000
        8655000	       864	80000534	00c000ef	jal	x1,80000534	  x1=0x80000534
        8665000	       865	00000000	00000013	addi	x0,x0,0	  x0:0x00000000
        8675000	       866	8000053c	00000013	addi	x0,x0,0	  x0:0x00000000
        8685000	       867	80000540	fbdff0ef	jal	x1,80000540	  x1=0x80000540
        8695000	       868	00000000	00000013	addi	x0,x0,0	  x0:0x00000000
        8705000	       869	800004f8	00000013	addi	x0,x0,0	  x0:0x00000000
        8715000	       870	800004fc	0080036f	jal	x6,800004fc	  x6=0x800004fc
        8725000	       871	00000000	00000013	addi	x0,x0,0	  x0:0x00000000
        8735000	       872	80000500	00000013	addi	x0,x0,0	  x0:0x00000000
        8745000	       873	80000504	02c003ef	jal	x7,80000504	  x7=0x80000504
        8755000	       874	00000000	00000013	addi	x0,x0,0	  x0:0x00000000
        8765000	       875	8000052c	00000013	addi	x0,x0,0	  x0:0x00000000
        8775000	       876	80000530	ff1ff0ef	jal	x1,80000530	  x1=0x80000530
        8785000	       877	00000000	00000013	addi	x0,x0,0	  x0:0x00000000
        8795000	       878	8000051c	00000013	addi	x0,x0,0	  x0:0x00000000
        8805000	       879	80000520	ff1ffdef	jal	x27,80000520	 x27=0x80000520
        8815000	       880	00000000	00000013	addi	x0,x0,0	  x0:0x00000000
        8825000	       881	8000050c	00000013	addi	x0,x0,0	  x0:0x00000000
        8835000	       882	80000510	03c000ef	jal	x1,80000510	  x1=0x80000510
        8845000	       883	00000000	00000013	addi	x0,x0,0	  x0:0x00000000
        8855000	       884	80000548	00000013	addi	x0,x0,0	  x0:0x00000000
        8865000	       885	8000054c	014005ef	jal	x11,8000054c	 x11=0x8000054c
        8875000	       886	00000000	00000013	addi	x0,x0,0	  x0:0x00000000
        8885000	       887	8000055c	00000013	addi	x0,x0,0	  x0:0x00000000
        8895000	       888	80000560	be7b9237	lui	x4,0xbe7b9	  x4=0xbe7b9000
        8905000	       889	80000564	058002ef	jal	x5,80000564	  x5=0x80000564
        8915000	       890	00000000	00000013	addi	x0,x0,0	  x0:0x00000000
        8925000	       891	800005b8	00000013	addi	x0,x0,0	  x0:0x00000000
        8935000	       892	800005bc	ff5ffdef	jal	x27,800005bc	 x27=0x800005bc
        8945000	       893	00000000	00000013	addi	x0,x0,0	  x0:0x00000000
        8955000	       894	800005ac	00000013	addi	x0,x0,0	  x0:0x00000000
        8965000	       895	800005b0	008002ef	jal	x5,800005b0	  x5=0x800005b0
        8975000	       896	00000000	00000013	addi	x0,x0,0	  x0:0x00000000
        8985000	       897	800005b4	00000013	addi	x0,x0,0	  x0:0x00000000
        8995000	       898	800005b8	fb1ff0ef	jal	x1,800005b8	  x1=0x800005b8
        9005000	       899	00000000	00000013	addi	x0,x0,0	  x0:0x00000000
        9015000	       900	80000564	00000013	addi	x0,x0,0	  x0:0x00000000
        9025000	       901	80000568	01c00f6f	jal	x30,80000568	 x30=0x80000568
        9035000	       902	00000000	00000013	addi	x0,x0,0	  x0:0x00000000
        9045000	       903	80000580	00000013	addi	x0,x0,0	  x0:0x00000000
        9055000	       904	80000584	ff9ff0ef	jal	x1,80000584	  x1=0x80000584
        9065000	       905	00000000	00000013	addi	x0,x0,0	  x0:0x00000000
        9075000	       906	80000578	00000013	addi	x0,x0,0	  x0:0x00000000
        9085000	       907	8000057c	0200036f	jal	x6,8000057c	  x6=0x8000057c
        9095000	       908	00000000	00000013	addi	x0,x0,0	  x0:0x00000000
        9105000	       909	80000598	00000013	addi	x0,x0,0	  x0:0x00000000
        9115000	       910	8000059c	018002ef	jal	x5,8000059c	  x5=0x8000059c
        9125000	       911	00000000	00000013	addi	x0,x0,0	  x0:0x00000000
        9135000	       912	800005b0	00000013	addi	x0,x0,0	  x0:0x00000000
        9145000	       913	800005b4	fcdff0ef	jal	x1,800005b4	  x1=0x800005b4
        9155000	       914	00000000	00000013	addi	x0,x0,0	  x0:0x00000000
        9165000	       915	8000057c	00000013	addi	x0,x0,0	  x0:0x00000000
        9175000	       916	80000580	024000ef	jal	x1,80000580	  x1=0x80000580
        9185000	       917	00000000	00000013	addi	x0,x0,0	  x0:0x00000000
        9195000	       918	800005a0	00000013	addi	x0,x0,0	  x0:0x00000000
        9205000	       919	800005a4	fedff36f	jal	x6,800005a4	  x6=0x800005a4
        9215000	       920	00000000	00000013	addi	x0,x0,0	  x0:0x00000000
        9225000	       921	8000058c	00000013	addi	x0,x0,0	  x0:0x00000000
        9235000	       922	80000590	fe9ff66f	jal	x12,80000590	 x12=0x80000590
        9245000	       923	00000000	00000013	addi	x0,x0,0	  x0:0x00000000
        9255000	       924	80000574	00000013	addi	x0,x0,0	  x0:0x00000000
        9265000	       925	80000578	028000ef	jal	x1,80000578	  x1=0x80000578
        9275000	       926	00000000	00000013	addi	x0,x0,0	  x0:0x00000000
        9285000	       927	8000059c	00000013	addi	x0,x0,0	  x0:0x00000000
        9295000	       928	800005a0	00c0016f	jal	x2,800005a0	  x2=0x800005a0
        9305000	       929	00000000	00000013	addi	x0,x0,0	  x0:0x00000000
        9315000	       930	800005a8	00000013	addi	x0,x0,0	  x0:0x00000000
        9325000	       931	800005ac	fddff0ef	jal	x1,800005ac	  x1=0x800005ac
        9335000	       932	00000000	00000013	addi	x0,x0,0	  x0:0x00000000
        9345000	       933	80000584	00000013	addi	x0,x0,0	  x0:0x00000000
        9355000	       934	80000588	0200036f	jal	x6,80000588	  x6=0x80000588
        9365000	       935	00000000	00000013	addi	x0,x0,0	  x0:0x00000000
        9375000	       936	800005a4	00000013	addi	x0,x0,0	  x0:0x00000000
        9385000	       937	800005a8	01c0036f	jal	x6,800005a8	  x6=0x800005a8
        9395000	       938	00000000	00000013	addi	x0,x0,0	  x0:0x00000000
        9405000	       939	800005c0	00000013	addi	x0,x0,0	  x0:0x00000000
        9415000	       940	800005c4	fa9ff36f	jal	x6,800005c4	  x6=0x800005c4
        9425000	       941	00000000	00000013	addi	x0,x0,0	  x0:0x00000000
        9435000	       942	80000568	00000013	addi	x0,x0,0	  x0:0x00000000
        9445000	       943	8000056c	004002ef	jal	x5,8000056c	  x5=0x8000056c
        9455000	       944	00000000	00000013	addi	x0,x0,0	  x0:0x00000000
        9465000	       945	8000056c	00000013	addi	x0,x0,0	  x0:0x00000000
        9475000	       946	80000570	01c00bef	jal	x23,80000570	 x23=0x80000570
        9485000	       947	00000000	00000013	addi	x0,x0,0	  x0:0x00000000
        9495000	       948	80000588	00000013	addi	x0,x0,0	  x0:0x00000000
        9505000	       949	8000058c	034000ef	jal	x1,8000058c	  x1=0x8000058c
        9515000	       950	00000000	00000013	addi	x0,x0,0	  x0:0x00000000
        9525000	       951	800005bc	00000013	addi	x0,x0,0	  x0:0x00000000
        9535000	       952	800005c0	fb5ff0ef	jal	x1,800005c0	  x1=0x800005c0
        9545000	       953	00000000	00000013	addi	x0,x0,0	  x0:0x00000000
        9555000	       954	80000570	00000013	addi	x0,x0,0	  x0:0x00000000
        9565000	       955	80000574	024000ef	jal	x1,80000574	  x1=0x80000574
        9575000	       956	00000000	00000013	addi	x0,x0,0	  x0:0x00000000
        9585000	       957	80000594	00000013	addi	x0,x0,0	  x0:0x00000000
        9595000	       958	80000598	ffdff0ef	jal	x1,80000598	  x1=0x80000598
        9605000	       959	00000000	00000013	addi	x0,x0,0	  x0:0x00000000
        9615000	       960	80000590	00000013	addi	x0,x0,0	  x0:0x00000000
        9625000	       961	80000594	034005ef	jal	x11,80000594	 x11=0x80000594
        9635000	       962	00000000	00000013	addi	x0,x0,0	  x0:0x00000000
        9645000	       963	800005c4	00000013	addi	x0,x0,0	  x0:0x00000000
        9655000	       964	800005c8	40305393	srai	x7,x0,0x3	  x0:0x00000000  x7=0x00000000
        9665000	       965	800005cc	014002ef	jal	x5,800005cc	  x5=0x800005cc
        9675000	       966	00000000	00000013	addi	x0,x0,0	  x0:0x00000000
        9685000	       967	800005dc	00000013	addi	x0,x0,0	  x0:0x00000000
        9695000	       968	800005e0	00c00bef	jal	x23,800005e0	 x23=0x800005e0
        9705000	       969	00000000	00000013	addi	x0,x0,0	  x0:0x00000000
        9715000	       970	800005e8	00000013	addi	x0,x0,0	  x0:0x00000000
        9725000	       971	800005ec	024000ef	jal	x1,800005ec	  x1=0x800005ec
        9735000	       972	00000000	00000013	addi	x0,x0,0	  x0:0x00000000
        9745000	       973	8000060c	00000013	addi	x0,x0,0	  x0:0x00000000
        9755000	       974	80000610	fc1ff36f	jal	x6,80000610	  x6=0x80000610
        9765000	       975	00000000	00000013	addi	x0,x0,0	  x0:0x00000000
        9775000	       976	800005cc	00000013	addi	x0,x0,0	  x0:0x00000000
        9785000	       977	800005d0	028000ef	jal	x1,800005d0	  x1=0x800005d0
        9795000	       978	00000000	00000013	addi	x0,x0,0	  x0:0x00000000
        9805000	       979	800005f4	00000013	addi	x0,x0,0	  x0:0x00000000
        9815000	       980	800005f8	ff1ff0ef	jal	x1,800005f8	  x1=0x800005f8
        9825000	       981	00000000	00000013	addi	x0,x0,0	  x0:0x00000000
        9835000	       982	800005e4	00000013	addi	x0,x0,0	  x0:0x00000000
        9845000	       983	800005e8	ff5ff0ef	jal	x1,800005e8	  x1=0x800005e8
        9855000	       984	00000000	00000013	addi	x0,x0,0	  x0:0x00000000
        9865000	       985	800005d8	00000013	addi	x0,x0,0	  x0:0x00000000
        9875000	       986	800005dc	03c000ef	jal	x1,800005dc	  x1=0x800005dc
        9885000	       987	00000000	00000013	addi	x0,x0,0	  x0:0x00000000
        9895000	       988	80000614	00000013	addi	x0,x0,0	  x0:0x00000000
        9905000	       989	80000618	fe5ff3ef	jal	x7,80000618	  x7=0x80000618
        9915000	       990	00000000	00000013	addi	x0,x0,0	  x0:0x00000000
        9925000	       991	800005f8	00000013	addi	x0,x0,0	  x0:0x00000000
        9935000	       992	800005fc	fd9ff0ef	jal	x1,800005fc	  x1=0x800005fc
        9945000	       993	00000000	00000013	addi	x0,x0,0	  x0:0x00000000
        9955000	       994	800005d0	00000013	addi	x0,x0,0	  x0:0x00000000
        9965000	       995	800005d4	02c00def	jal	x27,800005d4	 x27=0x800005d4
        9975000	       996	00000000	00000013	addi	x0,x0,0	  x0:0x00000000
        9985000	       997	800005fc	00000013	addi	x0,x0,0	  x0:0x00000000
        9995000	       998	80000600	008000ef	jal	x1,80000600	  x1=0x80000600
       10005000	       999	00000000	00000013	addi	x0,x0,0	  x0:0x00000000
       10015000	      1000	80000604	00000013	addi	x0,x0,0	  x0:0x00000000
       10025000	      1001	80000608	fd1ff86f	jal	x16,80000608	 x16=0x80000608
       10035000	      1002	00000000	00000013	addi	x0,x0,0	  x0:0x00000000
       10045000	      1003	800005d4	00000013	addi	x0,x0,0	  x0:0x00000000
       10055000	      1004	800005d8	01c000ef	jal	x1,800005d8	  x1=0x800005d8
       10065000	      1005	00000000	00000013	addi	x0,x0,0	  x0:0x00000000
       10075000	      1006	800005f0	00000013	addi	x0,x0,0	  x0:0x00000000
       10085000	      1007	800005f4	ffdff0ef	jal	x1,800005f4	  x1=0x800005f4
       10095000	      1008	00000000	00000013	addi	x0,x0,0	  x0:0x00000000
       10105000	      1009	800005ec	00000013	addi	x0,x0,0	  x0:0x00000000
       10115000	      1010	800005f0	024002ef	jal	x5,800005f0	  x5=0x800005f0
       10125000	      1011	00000000	00000013	addi	x0,x0,0	  x0:0x00000000
       10135000	      1012	80000610	00000013	addi	x0,x0,0	  x0:0x00000000
       10145000	      1013	80000614	fd1ff0ef	jal	x1,80000614	  x1=0x80000614
       10155000	      1014	00000000	00000013	addi	x0,x0,0	  x0:0x00000000
       10165000	      1015	800005e0	00000013	addi	x0,x0,0	  x0:0x00000000
       10175000	      1016	800005e4	028000ef	jal	x1,800005e4	  x1=0x800005e4
       10185000	      1017	00000000	00000013	addi	x0,x0,0	  x0:0x00000000
       10195000	      1018	80000608	00000013	addi	x0,x0,0	  x0:0x00000000
       10205000	      1019	8000060c	ff9ff0ef	jal	x1,8000060c	  x1=0x8000060c
       10215000	      1020	00000000	00000013	addi	x0,x0,0	  x0:0x00000000
       10225000	      1021	80000600	00000013	addi	x0,x0,0	  x0:0x00000000
       10235000	      1022	80000604	018000ef	jal	x1,80000604	  x1=0x80000604
       10245000	      1023	00000000	00000013	addi	x0,x0,0	  x0:0x00000000
       10255000	      1024	80000618	00000013	addi	x0,x0,0	  x0:0x00000000
       10265000	      1025	8000061c	a7b4c497	auipc	x9,0xa7b4c	  x9=0x27b4c618
       10275000	      1026	80000620	04c002ef	jal	x5,80000620	  x5=0x80000620
       10285000	      1027	00000000	00000013	addi	x0,x0,0	  x0:0x00000000
       10295000	      1028	80000668	00000013	addi	x0,x0,0	  x0:0x00000000
       10305000	      1029	8000066c	ff9ff76f	jal	x14,8000066c	 x14=0x8000066c
       10315000	      1030	00000000	00000013	addi	x0,x0,0	  x0:0x00000000
       10325000	      1031	80000660	00000013	addi	x0,x0,0	  x0:0x00000000
       10335000	      1032	80000664	fddff0ef	jal	x1,80000664	  x1=0x80000664
       10345000	      1033	00000000	00000013	addi	x0,x0,0	  x0:0x00000000
       10355000	      1034	8000063c	00000013	addi	x0,x0,0	  x0:0x00000000
       10365000	      1035	80000640	ff1ff0ef	jal	x1,80000640	  x1=0x80000640
       10375000	      1036	00000000	00000013	addi	x0,x0,0	  x0:0x00000000
       10385000	      1037	8000062c	00000013	addi	x0,x0,0	  x0:0x00000000
       10395000	      1038	80000630	ff5ffbef	jal	x23,80000630	 x23=0x80000630
       10405000	      1039	00000000	00000013	addi	x0,x0,0	  x0:0x00000000
       10415000	      1040	80000620	00000013	addi	x0,x0,0	  x0:0x00000000
       10425000	      1041	80000624	044000ef	jal	x1,80000624	  x1=0x80000624
       10435000	      1042	00000000	00000013	addi	x0,x0,0	  x0:0x00000000
       10445000	      1043	80000664	00000013	addi	x0,x0,0	  x0:0x00000000
       10455000	      1044	80000668	fcdff0ef	jal	x1,80000668	  x1=0x80000668
       10465000	      1045	00000000	00000013	addi	x0,x0,0	  x0:0x00000000
       10475000	      1046	80000630	00000013	addi	x0,x0,0	  x0:0x00000000
       10485000	      1047	80000634	004000ef	jal	x1,80000634	  x1=0x80000634
       10495000	      1048	00000000	00000013	addi	x0,x0,0	  x0:0x00000000
       10505000	      1049	80000634	00000013	addi	x0,x0,0	  x0:0x00000000
       10515000	      1050	80000638	038000ef	jal	x1,80000638	  x1=0x80000638
       10525000	      1051	00000000	00000013	addi	x0,x0,0	  x0:0x00000000
       10535000	      1052	8000066c	00000013	addi	x0,x0,0	  x0:0x00000000
       10545000	      1053	80000670	fd5ff36f	jal	x6,80000670	  x6=0x80000670
       10555000	      1054	00000000	00000013	addi	x0,x0,0	  x0:0x00000000
       10565000	      1055	80000640	00000013	addi	x0,x0,0	  x0:0x00000000
       10575000	      1056	80000644	01c000ef	jal	x1,80000644	  x1=0x80000644
       10585000	      1057	00000000	00000013	addi	x0,x0,0	  x0:0x00000000
       10595000	      1058	8000065c	00000013	addi	x0,x0,0	  x0:0x00000000
       10605000	      1059	80000660	fc9ff0ef	jal	x1,80000660	  x1=0x80000660
       10615000	      1060	00000000	00000013	addi	x0,x0,0	  x0:0x00000000
       10625000	      1061	80000624	00000013	addi	x0,x0,0	  x0:0x00000000
       10635000	      1062	80000628	034000ef	jal	x1,80000628	  x1=0x80000628
       10645000	      1063	00000000	00000013	addi	x0,x0,0	  x0:0x00000000
       10655000	      1064	80000658	00000013	addi	x0,x0,0	  x0:0x00000000
       10665000	      1065	8000065c	fe1ff0ef	jal	x1,8000065c	  x1=0x8000065c
       10675000	      1066	00000000	00000013	addi	x0,x0,0	  x0:0x00000000
       10685000	      1067	80000638	00000013	addi	x0,x0,0	  x0:0x00000000
       10695000	      1068	8000063c	ff1ff0ef	jal	x1,8000063c	  x1=0x8000063c
       10705000	      1069	00000000	00000013	addi	x0,x0,0	  x0:0x00000000
       10715000	      1070	80000628	00000013	addi	x0,x0,0	  x0:0x00000000
       10725000	      1071	8000062c	02c0036f	jal	x6,8000062c	  x6=0x8000062c
       10735000	      1072	00000000	00000013	addi	x0,x0,0	  x0:0x00000000
       10745000	      1073	80000654	00000013	addi	x0,x0,0	  x0:0x00000000
       10755000	      1074	80000658	ff5ff4ef	jal	x9,80000658	  x9=0x80000658
       10765000	      1075	00000000	00000013	addi	x0,x0,0	  x0:0x00000000
       10775000	      1076	80000648	00000013	addi	x0,x0,0	  x0:0x00000000
       10785000	      1077	8000064c	ffdff0ef	jal	x1,8000064c	  x1=0x8000064c
       10795000	      1078	00000000	00000013	addi	x0,x0,0	  x0:0x00000000
       10805000	      1079	80000644	00000013	addi	x0,x0,0	  x0:0x00000000
       10815000	      1080	80000648	00c0036f	jal	x6,80000648	  x6=0x80000648
       10825000	      1081	00000000	00000013	addi	x0,x0,0	  x0:0x00000000
       10835000	      1082	80000650	00000013	addi	x0,x0,0	  x0:0x00000000
       10845000	      1083	80000654	ffdff26f	jal	x4,80000654	  x4=0x80000654
       10855000	      1084	00000000	00000013	addi	x0,x0,0	  x0:0x00000000
       10865000	      1085	8000064c	00000013	addi	x0,x0,0	  x0:0x00000000
       10875000	      1086	80000650	024002ef	jal	x5,80000650	  x5=0x80000650
       10885000	      1087	00000000	00000013	addi	x0,x0,0	  x0:0x00000000
       10895000	      1088	80000670	00000013	addi	x0,x0,0	  x0:0x00000000
       10905000	      1089	80000674	40150233	sub	x4,x10,x1	 x10:0x80000350  x1:0x8000064c  x4=0xfffffd04
       10915000	      1090	80000678	048002ef	jal	x5,80000678	  x5=0x80000678
       10925000	      1091	00000000	00000013	addi	x0,x0,0	  x0:0x00000000
       10935000	      1092	800006bc	00000013	addi	x0,x0,0	  x0:0x00000000
       10945000	      1093	800006c0	024000ef	jal	x1,800006c0	  x1=0x800006c0
       10955000	      1094	00000000	00000013	addi	x0,x0,0	  x0:0x00000000
       10965000	      1095	800006e0	00000013	addi	x0,x0,0	  x0:0x00000000
       10975000	      1096	800006e4	fbdff7ef	jal	x15,800006e4	 x15=0x800006e4
       10985000	      1097	00000000	00000013	addi	x0,x0,0	  x0:0x00000000
       10995000	      1098	8000069c	00000013	addi	x0,x0,0	  x0:0x00000000
       11005000	      1099	800006a0	010004ef	jal	x9,800006a0	  x9=0x800006a0
       11015000	      1100	00000000	00000013	addi	x0,x0,0	  x0:0x00000000
       11025000	      1101	800006ac	00000013	addi	x0,x0,0	  x0:0x00000000
       11035000	      1102	800006b0	ff9ff0ef	jal	x1,800006b0	  x1=0x800006b0
       11045000	      1103	00000000	00000013	addi	x0,x0,0	  x0:0x00000000
       11055000	      1104	800006a4	00000013	addi	x0,x0,0	  x0:0x00000000
       11065000	      1105	800006a8	038004ef	jal	x9,800006a8	  x9=0x800006a8
       11075000	      1106	00000000	00000013	addi	x0,x0,0	  x0:0x00000000
       11085000	      1107	800006dc	00000013	addi	x0,x0,0	  x0:0x00000000
       11095000	      1108	800006e0	ff5ffaef	jal	x21,800006e0	 x21=0x800006e0
       11105000	      1109	00000000	00000013	addi	x0,x0,0	  x0:0x00000000
       11115000	      1110	800006d0	00000013	addi	x0,x0,0	  x0:0x00000000
       11125000	      1111	800006d4	fadff36f	jal	x6,800006d4	  x6=0x800006d4
       11135000	      1112	00000000	00000013	addi	x0,x0,0	  x0:0x00000000
       11145000	      1113	8000067c	00000013	addi	x0,x0,0	  x0:0x00000000
       11155000	      1114	80000680	04c0016f	jal	x2,80000680	  x2=0x80000680
       11165000	      1115	00000000	00000013	addi	x0,x0,0	  x0:0x00000000
       11175000	      1116	800006c8	00000013	addi	x0,x0,0	  x0:0x00000000
       11185000	      1117	800006cc	ff1ff0ef	jal	x1,800006cc	  x1=0x800006cc
       11195000	      1118	00000000	00000013	addi	x0,x0,0	  x0:0x00000000
       11205000	      1119	800006b8	00000013	addi	x0,x0,0	  x0:0x00000000
       11215000	      1120	800006bc	fe1ff16f	jal	x2,800006bc	  x2=0x800006bc
       11225000	      1121	00000000	00000013	addi	x0,x0,0	  x0:0x00000000
       11235000	      1122	80000698	00000013	addi	x0,x0,0	  x0:0x00000000
       11245000	      1123	8000069c	040000ef	jal	x1,8000069c	  x1=0x8000069c
       11255000	      1124	00000000	00000013	addi	x0,x0,0	  x0:0x00000000
       11265000	      1125	800006d8	00000013	addi	x0,x0,0	  x0:0x00000000
       11275000	      1126	800006dc	0100036f	jal	x6,800006dc	  x6=0x800006dc
       11285000	      1127	00000000	00000013	addi	x0,x0,0	  x0:0x00000000
       11295000	      1128	800006e8	00000013	addi	x0,x0,0	  x0:0x00000000
       11305000	      1129	800006ec	fa1ff0ef	jal	x1,800006ec	  x1=0x800006ec
       11315000	      1130	00000000	00000013	addi	x0,x0,0	  x0:0x00000000
       11325000	      1131	80000688	00000013	addi	x0,x0,0	  x0:0x00000000
       11335000	      1132	8000068c	028000ef	jal	x1,8000068c	  x1=0x8000068c
       11345000	      1133	00000000	00000013	addi	x0,x0,0	  x0:0x00000000
       11355000	      1134	800006b0	00000013	addi	x0,x0,0	  x0:0x00000000
       11365000	      1135	800006b4	fddff56f	jal	x10,800006b4	 x10=0x800006b4
       11375000	      1136	00000000	00000013	addi	x0,x0,0	  x0:0x00000000
       11385000	      1137	8000068c	00000013	addi	x0,x0,0	  x0:0x00000000
       11395000	      1138	80000690	fedff0ef	jal	x1,80000690	  x1=0x80000690
       11405000	      1139	00000000	00000013	addi	x0,x0,0	  x0:0x00000000
       11415000	      1140	80000678	00000013	addi	x0,x0,0	  x0:0x00000000
       11425000	      1141	8000067c	008000ef	jal	x1,8000067c	  x1=0x8000067c
       11435000	      1142	00000000	00000013	addi	x0,x0,0	  x0:0x00000000
       11445000	      1143	80000680	00000013	addi	x0,x0,0	  x0:0x00000000
       11455000	      1144	80000684	0100016f	jal	x2,80000684	  x2=0x80000684
       11465000	      1145	00000000	00000013	addi	x0,x0,0	  x0:0x00000000
       11475000	      1146	80000690	00000013	addi	x0,x0,0	  x0:0x00000000
       11485000	      1147	80000694	030000ef	jal	x1,80000694	  x1=0x80000694
       11495000	      1148	00000000	00000013	addi	x0,x0,0	  x0:0x00000000
       11505000	      1149	800006c0	00000013	addi	x0,x0,0	  x0:0x00000000
       11515000	      1150	800006c4	004000ef	jal	x1,800006c4	  x1=0x800006c4
       11525000	      1151	00000000	00000013	addi	x0,x0,0	  x0:0x00000000
       11535000	      1152	800006c4	00000013	addi	x0,x0,0	  x0:0x00000000
       11545000	      1153	800006c8	0200036f	jal	x6,800006c8	  x6=0x800006c8
       11555000	      1154	00000000	00000013	addi	x0,x0,0	  x0:0x00000000
       11565000	      1155	800006e4	00000013	addi	x0,x0,0	  x0:0x00000000
       11575000	      1156	800006e8	fb1ff0ef	jal	x1,800006e8	  x1=0x800006e8
       11585000	      1157	00000000	00000013	addi	x0,x0,0	  x0:0x00000000
       11595000	      1158	80000694	00000013	addi	x0,x0,0	  x0:0x00000000
       11605000	      1159	80000698	0140026f	jal	x4,80000698	  x4=0x80000698
       11615000	      1160	00000000	00000013	addi	x0,x0,0	  x0:0x00000000
       11625000	      1161	800006a8	00000013	addi	x0,x0,0	  x0:0x00000000
       11635000	      1162	800006ac	0240036f	jal	x6,800006ac	  x6=0x800006ac
       11645000	      1163	00000000	00000013	addi	x0,x0,0	  x0:0x00000000
       11655000	      1164	800006cc	00000013	addi	x0,x0,0	  x0:0x00000000
       11665000	      1165	800006d0	fd5ff0ef	jal	x1,800006d0	  x1=0x800006d0
       11675000	      1166	00000000	00000013	addi	x0,x0,0	  x0:0x00000000
       11685000	      1167	800006a0	00000013	addi	x0,x0,0	  x0:0x00000000
       11695000	      1168	800006a4	fe5ff16f	jal	x2,800006a4	  x2=0x800006a4
       11705000	      1169	00000000	00000013	addi	x0,x0,0	  x0:0x00000000
       11715000	      1170	80000684	00000013	addi	x0,x0,0	  x0:0x00000000
       11725000	      1171	80000688	050000ef	jal	x1,80000688	  x1=0x80000688
       11735000	      1172	00000000	00000013	addi	x0,x0,0	  x0:0x00000000
       11745000	      1173	800006d4	00000013	addi	x0,x0,0	  x0:0x00000000
       11755000	      1174	800006d8	fe1ff9ef	jal	x19,800006d8	 x19=0x800006d8
       11765000	      1175	00000000	00000013	addi	x0,x0,0	  x0:0x00000000
       11775000	      1176	800006b4	00000013	addi	x0,x0,0	  x0:0x00000000
       11785000	      1177	800006b8	038000ef	jal	x1,800006b8	  x1=0x800006b8
       11795000	      1178	00000000	00000013	addi	x0,x0,0	  x0:0x00000000
       11805000	      1179	800006ec	00000013	addi	x0,x0,0	  x0:0x00000000
       11815000	      1180	800006f0	00000013	addi	x0,x0,0	  x0:0x00000000
       11825000	      1181	800006f4	05c002ef	jal	x5,800006f4	  x5=0x800006f4
       11835000	      1182	00000000	00000013	addi	x0,x0,0	  x0:0x00000000
       11845000	      1183	8000074c	00000013	addi	x0,x0,0	  x0:0x00000000
       11855000	      1184	80000750	ff9ff0ef	jal	x1,80000750	  x1=0x80000750
       11865000	      1185	00000000	00000013	addi	x0,x0,0	  x0:0x00000000
       11875000	      1186	80000744	00000013	addi	x0,x0,0	  x0:0x00000000
       11885000	      1187	80000748	fe1ff0ef	jal	x1,80000748	  x1=0x80000748
       11895000	      1188	00000000	00000013	addi	x0,x0,0	  x0:0x00000000
       11905000	      1189	80000724	00000013	addi	x0,x0,0	  x0:0x00000000
       11915000	      1190	80000728	fd1ffd6f	jal	x26,80000728	 x26=0x80000728
       11925000	      1191	00000000	00000013	addi	x0,x0,0	  x0:0x00000000
       11935000	      1192	800006f4	00000013	addi	x0,x0,0	  x0:0x00000000
       11945000	      1193	800006f8	0280036f	jal	x6,800006f8	  x6=0x800006f8
       11955000	      1194	00000000	00000013	addi	x0,x0,0	  x0:0x00000000
       11965000	      1195	8000071c	00000013	addi	x0,x0,0	  x0:0x00000000
       11975000	      1196	80000720	ff5ff66f	jal	x12,80000720	 x12=0x80000720
       11985000	      1197	00000000	00000013	addi	x0,x0,0	  x0:0x00000000
       11995000	      1198	80000710	00000013	addi	x0,x0,0	  x0:0x00000000
       12005000	      1199	80000714	008000ef	jal	x1,80000714	  x1=0x80000714
       12015000	      1200	00000000	00000013	addi	x0,x0,0	  x0:0x00000000
       12025000	      1201	80000718	00000013	addi	x0,x0,0	  x0:0x00000000
       12035000	      1202	8000071c	0100056f	jal	x10,8000071c	 x10=0x8000071c
       12045000	      1203	00000000	00000013	addi	x0,x0,0	  x0:0x00000000
       12055000	      1204	80000728	00000013	addi	x0,x0,0	  x0:0x00000000
       12065000	      1205	8000072c	fe1ff0ef	jal	x1,8000072c	  x1=0x8000072c
       12075000	      1206	00000000	00000013	addi	x0,x0,0	  x0:0x00000000
       12085000	      1207	80000708	00000013	addi	x0,x0,0	  x0:0x00000000
       12095000	      1208	8000070c	018000ef	jal	x1,8000070c	  x1=0x8000070c
       12105000	      1209	00000000	00000013	addi	x0,x0,0	  x0:0x00000000
       12115000	      1210	80000720	00000013	addi	x0,x0,0	  x0:0x00000000
       12125000	      1211	80000724	018000ef	jal	x1,80000724	  x1=0x80000724
       12135000	      1212	00000000	00000013	addi	x0,x0,0	  x0:0x00000000
       12145000	      1213	80000738	00000013	addi	x0,x0,0	  x0:0x00000000
       12155000	      1214	8000073c	010000ef	jal	x1,8000073c	  x1=0x8000073c
       12165000	      1215	00000000	00000013	addi	x0,x0,0	  x0:0x00000000
       12175000	      1216	80000748	00000013	addi	x0,x0,0	  x0:0x00000000
       12185000	      1217	8000074c	fb9ffb6f	jal	x22,8000074c	 x22=0x8000074c
       12195000	      1218	00000000	00000013	addi	x0,x0,0	  x0:0x00000000
       12205000	      1219	80000700	00000013	addi	x0,x0,0	  x0:0x00000000
       12215000	      1220	80000704	ff9ff46f	jal	x8,80000704	  x8=0x80000704
       12225000	      1221	00000000	00000013	addi	x0,x0,0	  x0:0x00000000
       12235000	      1222	800006f8	00000013	addi	x0,x0,0	  x0:0x00000000
       12245000	      1223	800006fc	00c0036f	jal	x6,800006fc	  x6=0x800006fc
       12255000	      1224	00000000	00000013	addi	x0,x0,0	  x0:0x00000000
       12265000	      1225	80000704	00000013	addi	x0,x0,0	  x0:0x00000000
       12275000	      1226	80000708	0300036f	jal	x6,80000708	  x6=0x80000708
       12285000	      1227	00000000	00000013	addi	x0,x0,0	  x0:0x00000000
       12295000	      1228	80000734	00000013	addi	x0,x0,0	  x0:0x00000000
       12305000	      1229	80000738	00c000ef	jal	x1,80000738	  x1=0x80000738
       12315000	      1230	00000000	00000013	addi	x0,x0,0	  x0:0x00000000
       12325000	      1231	80000740	00000013	addi	x0,x0,0	  x0:0x00000000
       12335000	      1232	80000744	fedff0ef	jal	x1,80000744	  x1=0x80000744
       12345000	      1233	00000000	00000013	addi	x0,x0,0	  x0:0x00000000
       12355000	      1234	8000072c	00000013	addi	x0,x0,0	  x0:0x00000000
       12365000	      1235	80000730	fd1ff0ef	jal	x1,80000730	  x1=0x80000730
       12375000	      1236	00000000	00000013	addi	x0,x0,0	  x0:0x00000000
       12385000	      1237	800006fc	00000013	addi	x0,x0,0	  x0:0x00000000
       12395000	      1238	80000700	0400036f	jal	x6,80000700	  x6=0x80000700
       12405000	      1239	00000000	00000013	addi	x0,x0,0	  x0:0x00000000
       12415000	      1240	8000073c	00000013	addi	x0,x0,0	  x0:0x00000000
       12425000	      1241	80000740	fd1ff16f	jal	x2,80000740	  x2=0x80000740
       12435000	      1242	00000000	00000013	addi	x0,x0,0	  x0:0x00000000
       12445000	      1243	8000070c	00000013	addi	x0,x0,0	  x0:0x00000000
       12455000	      1244	80000710	024000ef	jal	x1,80000710	  x1=0x80000710
       12465000	      1245	00000000	00000013	addi	x0,x0,0	  x0:0x00000000
       12475000	      1246	80000730	00000013	addi	x0,x0,0	  x0:0x00000000
       12485000	      1247	80000734	fe5ff36f	jal	x6,80000734	  x6=0x80000734
       12495000	      1248	00000000	00000013	addi	x0,x0,0	  x0:0x00000000
       12505000	      1249	80000714	00000013	addi	x0,x0,0	  x0:0x00000000
       12515000	      1250	80000718	03c0036f	jal	x6,80000718	  x6=0x80000718
       12525000	      1251	00000000	00000013	addi	x0,x0,0	  x0:0x00000000
       12535000	      1252	80000750	00000013	addi	x0,x0,0	  x0:0x00000000
       12545000	      1253	80000754	73fdf997	auipc	x19,0x73fdf	 x19=0xf3fdf750
       12555000	      1254	80000758	048002ef	jal	x5,80000758	  x5=0x80000758
       12565000	      1255	00000000	00000013	addi	x0,x0,0	  x0:0x00000000
       12575000	      1256	8000079c	00000013	addi	x0,x0,0	  x0:0x00000000
       12585000	      1257	800007a0	00c000ef	jal	x1,800007a0	  x1=0x800007a0
       12595000	      1258	00000000	00000013	addi	x0,x0,0	  x0:0x00000000
       12605000	      1259	800007a8	00000013	addi	x0,x0,0	  x0:0x00000000
       12615000	      1260	800007ac	fd5ff0ef	jal	x1,800007ac	  x1=0x800007ac
       12625000	      1261	00000000	00000013	addi	x0,x0,0	  x0:0x00000000
       12635000	      1262	8000077c	00000013	addi	x0,x0,0	  x0:0x00000000
       12645000	      1263	80000780	fedff0ef	jal	x1,80000780	  x1=0x80000780
       12655000	      1264	00000000	00000013	addi	x0,x0,0	  x0:0x00000000
       12665000	      1265	80000768	00000013	addi	x0,x0,0	  x0:0x00000000
       12675000	      1266	8000076c	03000c6f	jal	x24,8000076c	 x24=0x8000076c
       12685000	      1267	00000000	00000013	addi	x0,x0,0	  x0:0x00000000
       12695000	      1268	80000798	00000013	addi	x0,x0,0	  x0:0x00000000
       12705000	      1269	8000079c	00c000ef	jal	x1,8000079c	  x1=0x8000079c
       12715000	      1270	00000000	00000013	addi	x0,x0,0	  x0:0x00000000
       12725000	      1271	800007a4	00000013	addi	x0,x0,0	  x0:0x00000000
       12735000	      1272	800007a8	fd5ff7ef	jal	x15,800007a8	 x15=0x800007a8
       12745000	      1273	00000000	00000013	addi	x0,x0,0	  x0:0x00000000
       12755000	      1274	80000778	00000013	addi	x0,x0,0	  x0:0x00000000
       12765000	      1275	8000077c	008000ef	jal	x1,8000077c	  x1=0x8000077c
       12775000	      1276	00000000	00000013	addi	x0,x0,0	  x0:0x00000000
       12785000	      1277	80000780	00000013	addi	x0,x0,0	  x0:0x00000000
       12795000	      1278	80000784	ff5ff6ef	jal	x13,80000784	 x13=0x80000784
       12805000	      1279	00000000	00000013	addi	x0,x0,0	  x0:0x00000000
       12815000	      1280	80000774	00000013	addi	x0,x0,0	  x0:0x00000000
       12825000	      1281	80000778	fe9ff26f	jal	x4,80000778	  x4=0x80000778
       12835000	      1282	00000000	00000013	addi	x0,x0,0	  x0:0x00000000
       12845000	      1283	8000075c	00000013	addi	x0,x0,0	  x0:0x00000000
       12855000	      1284	80000760	044000ef	jal	x1,80000760	  x1=0x80000760
       12865000	      1285	00000000	00000013	addi	x0,x0,0	  x0:0x00000000
       12875000	      1286	800007a0	00000013	addi	x0,x0,0	  x0:0x00000000
       12885000	      1287	800007a4	fc5ff0ef	jal	x1,800007a4	  x1=0x800007a4
       12895000	      1288	00000000	00000013	addi	x0,x0,0	  x0:0x00000000
       12905000	      1289	80000764	00000013	addi	x0,x0,0	  x0:0x00000000
       12915000	      1290	80000768	0200036f	jal	x6,80000768	  x6=0x80000768
       12925000	      1291	00000000	00000013	addi	x0,x0,0	  x0:0x00000000
       12935000	      1292	80000784	00000013	addi	x0,x0,0	  x0:0x00000000
       12945000	      1293	80000788	fedff0ef	jal	x1,80000788	  x1=0x80000788
       12955000	      1294	00000000	00000013	addi	x0,x0,0	  x0:0x00000000
       12965000	      1295	80000770	00000013	addi	x0,x0,0	  x0:0x00000000
       12975000	      1296	80000774	ffdff0ef	jal	x1,80000774	  x1=0x80000774
       12985000	      1297	00000000	00000013	addi	x0,x0,0	  x0:0x00000000
       12995000	      1298	8000076c	00000013	addi	x0,x0,0	  x0:0x00000000
       13005000	      1299	80000770	0200036f	jal	x6,80000770	  x6=0x80000770
       13015000	      1300	00000000	00000013	addi	x0,x0,0	  x0:0x00000000
       13025000	      1301	8000078c	00000013	addi	x0,x0,0	  x0:0x00000000
       13035000	      1302	80000790	fcdff36f	jal	x6,80000790	  x6=0x80000790
       13045000	      1303	00000000	00000013	addi	x0,x0,0	  x0:0x00000000
       13055000	      1304	80000758	00000013	addi	x0,x0,0	  x0:0x00000000
       13065000	      1305	8000075c	0380036f	jal	x6,8000075c	  x6=0x8000075c
       13075000	      1306	00000000	00000013	addi	x0,x0,0	  x0:0x00000000
       13085000	      1307	80000790	00000013	addi	x0,x0,0	  x0:0x00000000
       13095000	      1308	80000794	004008ef	jal	x17,80000794	 x17=0x80000794
       13105000	      1309	00000000	00000013	addi	x0,x0,0	  x0:0x00000000
       13115000	      1310	80000794	00000013	addi	x0,x0,0	  x0:0x00000000
       13125000	      1311	80000798	fcdffbef	jal	x23,80000798	 x23=0x80000798
       13135000	      1312	00000000	00000013	addi	x0,x0,0	  x0:0x00000000
       13145000	      1313	80000760	00000013	addi	x0,x0,0	  x0:0x00000000
       13155000	      1314	80000764	028000ef	jal	x1,80000764	  x1=0x80000764
       13165000	      1315	00000000	00000013	addi	x0,x0,0	  x0:0x00000000
       13175000	      1316	80000788	00000013	addi	x0,x0,0	  x0:0x00000000
       13185000	      1317	8000078c	02400f6f	jal	x30,8000078c	 x30=0x8000078c
       13195000	      1318	00000000	00000013	addi	x0,x0,0	  x0:0x00000000
       13205000	      1319	800007ac	00000013	addi	x0,x0,0	  x0:0x00000000
       13215000	      1320	800007b0	01545bb3	srl	x23,x8,x21	  x8:0x80000704 x21:0x800006e0 x23=0x80000704
       13225000	      1321	800007b4	014002ef	jal	x5,800007b4	  x5=0x800007b4
       13235000	      1322	00000000	00000013	addi	x0,x0,0	  x0:0x00000000
       13245000	      1323	800007c4	00000013	addi	x0,x0,0	  x0:0x00000000
       13255000	      1324	800007c8	054000ef	jal	x1,800007c8	  x1=0x800007c8
       13265000	      1325	00000000	00000013	addi	x0,x0,0	  x0:0x00000000
       13275000	      1326	80000818	00000013	addi	x0,x0,0	  x0:0x00000000
       13285000	      1327	8000081c	01000b6f	jal	x22,8000081c	 x22=0x8000081c
       13295000	      1328	00000000	00000013	addi	x0,x0,0	  x0:0x00000000
       13305000	      1329	80000828	00000013	addi	x0,x0,0	  x0:0x00000000
       13315000	      1330	8000082c	fd1ff36f	jal	x6,8000082c	  x6=0x8000082c
       13325000	      1331	00000000	00000013	addi	x0,x0,0	  x0:0x00000000
       13335000	      1332	800007f8	00000013	addi	x0,x0,0	  x0:0x00000000
       13345000	      1333	800007fc	fd5ff0ef	jal	x1,800007fc	  x1=0x800007fc
       13355000	      1334	00000000	00000013	addi	x0,x0,0	  x0:0x00000000
       13365000	      1335	800007cc	00000013	addi	x0,x0,0	  x0:0x00000000
       13375000	      1336	800007d0	03c000ef	jal	x1,800007d0	  x1=0x800007d0
       13385000	      1337	00000000	00000013	addi	x0,x0,0	  x0:0x00000000
       13395000	      1338	80000808	00000013	addi	x0,x0,0	  x0:0x00000000
       13405000	      1339	8000080c	fc1ff0ef	jal	x1,8000080c	  x1=0x8000080c
       13415000	      1340	00000000	00000013	addi	x0,x0,0	  x0:0x00000000
       13425000	      1341	800007c8	00000013	addi	x0,x0,0	  x0:0x00000000
       13435000	      1342	800007cc	048000ef	jal	x1,800007cc	  x1=0x800007cc
       13445000	      1343	00000000	00000013	addi	x0,x0,0	  x0:0x00000000
       13455000	      1344	80000810	00000013	addi	x0,x0,0	  x0:0x00000000
       13465000	      1345	80000814	fddfffef	jal	x31,80000814	 x31=0x80000814
       13475000	      1346	00000000	00000013	addi	x0,x0,0	  x0:0x00000000
       13485000	      1347	800007ec	00000013	addi	x0,x0,0	  x0:0x00000000
       13495000	      1348	800007f0	ff5ff36f	jal	x6,800007f0	  x6=0x800007f0
       13505000	      1349	00000000	00000013	addi	x0,x0,0	  x0:0x00000000
       13515000	      1350	800007e0	00000013	addi	x0,x0,0	  x0:0x00000000
       13525000	      1351	800007e4	03c000ef	jal	x1,800007e4	  x1=0x800007e4
       13535000	      1352	00000000	00000013	addi	x0,x0,0	  x0:0x00000000
       13545000	      1353	8000081c	00000013	addi	x0,x0,0	  x0:0x00000000
       13555000	      1354	80000820	ff9ffd6f	jal	x26,80000820	 x26=0x80000820
       13565000	      1355	00000000	00000013	addi	x0,x0,0	  x0:0x00000000
       13575000	      1356	80000814	00000013	addi	x0,x0,0	  x0:0x00000000
       13585000	      1357	80000818	fd1ff0ef	jal	x1,80000818	  x1=0x80000818
       13595000	      1358	00000000	00000013	addi	x0,x0,0	  x0:0x00000000
       13605000	      1359	800007e4	00000013	addi	x0,x0,0	  x0:0x00000000
       13615000	      1360	800007e8	fddffbef	jal	x23,800007e8	 x23=0x800007e8
       13625000	      1361	00000000	00000013	addi	x0,x0,0	  x0:0x00000000
       13635000	      1362	800007c0	00000013	addi	x0,x0,0	  x0:0x00000000
       13645000	      1363	800007c4	ff9ff0ef	jal	x1,800007c4	  x1=0x800007c4
       13655000	      1364	00000000	00000013	addi	x0,x0,0	  x0:0x00000000
       13665000	      1365	800007b8	00000013	addi	x0,x0,0	  x0:0x00000000
       13675000	      1366	800007bc	01c007ef	jal	x15,800007bc	 x15=0x800007bc
       13685000	      1367	00000000	00000013	addi	x0,x0,0	  x0:0x00000000
       13695000	      1368	800007d4	00000013	addi	x0,x0,0	  x0:0x00000000
       13705000	      1369	800007d8	0140046f	jal	x8,800007d8	  x8=0x800007d8
       13715000	      1370	00000000	00000013	addi	x0,x0,0	  x0:0x00000000
       13725000	      1371	800007e8	00000013	addi	x0,x0,0	  x0:0x00000000
       13735000	      1372	800007ec	01400cef	jal	x25,800007ec	 x25=0x800007ec
       13745000	      1373	00000000	00000013	addi	x0,x0,0	  x0:0x00000000
       13755000	      1374	800007fc	00000013	addi	x0,x0,0	  x0:0x00000000
       13765000	      1375	80000800	ff9ff0ef	jal	x1,80000800	  x1=0x80000800
       13775000	      1376	00000000	00000013	addi	x0,x0,0	  x0:0x00000000
       13785000	      1377	800007f4	00000013	addi	x0,x0,0	  x0:0x00000000
       13795000	      1378	800007f8	fe9ff1ef	jal	x3,800007f8	  x3=0x800007f8
       13805000	      1379	00000000	00000013	addi	x0,x0,0	  x0:0x00000000
       13815000	      1380	800007dc	00000013	addi	x0,x0,0	  x0:0x00000000
       13825000	      1381	800007e0	030000ef	jal	x1,800007e0	  x1=0x800007e0
       13835000	      1382	00000000	00000013	addi	x0,x0,0	  x0:0x00000000
       13845000	      1383	8000080c	00000013	addi	x0,x0,0	  x0:0x00000000
       13855000	      1384	80000810	018000ef	jal	x1,80000810	  x1=0x80000810
       13865000	      1385	00000000	00000013	addi	x0,x0,0	  x0:0x00000000
       13875000	      1386	80000824	00000013	addi	x0,x0,0	  x0:0x00000000
       13885000	      1387	80000828	ffdff0ef	jal	x1,80000828	  x1=0x80000828
       13895000	      1388	00000000	00000013	addi	x0,x0,0	  x0:0x00000000
       13905000	      1389	80000820	00000013	addi	x0,x0,0	  x0:0x00000000
       13915000	      1390	80000824	fd1ff0ef	jal	x1,80000824	  x1=0x80000824
       13925000	      1391	00000000	00000013	addi	x0,x0,0	  x0:0x00000000
       13935000	      1392	800007f0	00000013	addi	x0,x0,0	  x0:0x00000000
       13945000	      1393	800007f4	010000ef	jal	x1,800007f4	  x1=0x800007f4
       13955000	      1394	00000000	00000013	addi	x0,x0,0	  x0:0x00000000
       13965000	      1395	80000800	00000013	addi	x0,x0,0	  x0:0x00000000
       13975000	      1396	80000804	0040036f	jal	x6,80000804	  x6=0x80000804
       13985000	      1397	00000000	00000013	addi	x0,x0,0	  x0:0x00000000
       13995000	      1398	80000804	00000013	addi	x0,x0,0	  x0:0x00000000
       14005000	      1399	80000808	fb1ff0ef	jal	x1,80000808	  x1=0x80000808
       14015000	      1400	00000000	00000013	addi	x0,x0,0	  x0:0x00000000
       14025000	      1401	800007b4	00000013	addi	x0,x0,0	  x0:0x00000000
       14035000	      1402	800007b8	008000ef	jal	x1,800007b8	  x1=0x800007b8
       14045000	      1403	00000000	00000013	addi	x0,x0,0	  x0:0x00000000
       14055000	      1404	800007bc	00000013	addi	x0,x0,0	  x0:0x00000000
       14065000	      1405	800007c0	01c000ef	jal	x1,800007c0	  x1=0x800007c0
       14075000	      1406	00000000	00000013	addi	x0,x0,0	  x0:0x00000000
       14085000	      1407	800007d8	00000013	addi	x0,x0,0	  x0:0x00000000
       14095000	      1408	800007dc	ff9ff0ef	jal	x1,800007dc	  x1=0x800007dc
       14105000	      1409	00000000	00000013	addi	x0,x0,0	  x0:0x00000000
       14115000	      1410	800007d0	00000013	addi	x0,x0,0	  x0:0x00000000
       14125000	      1411	800007d4	05c008ef	jal	x17,800007d4	 x17=0x800007d4
       14135000	      1412	00000000	00000013	addi	x0,x0,0	  x0:0x00000000
       14145000	      1413	8000082c	00000013	addi	x0,x0,0	  x0:0x00000000
       14155000	      1414	80000830	00000013	addi	x0,x0,0	  x0:0x00000000
       14165000	      1415	80000834	008002ef	jal	x5,80000834	  x5=0x80000834
       14175000	      1416	00000000	00000013	addi	x0,x0,0	  x0:0x00000000
       14185000	      1417	80000838	00000013	addi	x0,x0,0	  x0:0x00000000
       14195000	      1418	8000083c	0080036f	jal	x6,8000083c	  x6=0x8000083c
       14205000	      1419	00000000	00000013	addi	x0,x0,0	  x0:0x00000000
       14215000	      1420	80000840	00000013	addi	x0,x0,0	  x0:0x00000000
       14225000	      1421	80000844	0240036f	jal	x6,80000844	  x6=0x80000844
       14235000	      1422	00000000	00000013	addi	x0,x0,0	  x0:0x00000000
       14245000	      1423	80000864	00000013	addi	x0,x0,0	  x0:0x00000000
       14255000	      1424	80000868	ff5ff0ef	jal	x1,80000868	  x1=0x80000868
       14265000	      1425	00000000	00000013	addi	x0,x0,0	  x0:0x00000000
       14275000	      1426	80000858	00000013	addi	x0,x0,0	  x0:0x00000000
       14285000	      1427	8000085c	fe5ff7ef	jal	x15,8000085c	 x15=0x8000085c
       14295000	      1428	00000000	00000013	addi	x0,x0,0	  x0:0x00000000
       14305000	      1429	8000083c	00000013	addi	x0,x0,0	  x0:0x00000000
       14315000	      1430	80000840	020000ef	jal	x1,80000840	  x1=0x80000840
       14325000	      1431	00000000	00000013	addi	x0,x0,0	  x0:0x00000000
       14335000	      1432	8000085c	00000013	addi	x0,x0,0	  x0:0x00000000
       14345000	      1433	80000860	ff9fff6f	jal	x30,80000860	 x30=0x80000860
       14355000	      1434	00000000	00000013	addi	x0,x0,0	  x0:0x00000000
       14365000	      1435	80000854	00000013	addi	x0,x0,0	  x0:0x00000000
       14375000	      1436	80000858	00c0036f	jal	x6,80000858	  x6=0x80000858
       14385000	      1437	00000000	00000013	addi	x0,x0,0	  x0:0x00000000
       14395000	      1438	80000860	00000013	addi	x0,x0,0	  x0:0x00000000
       14405000	      1439	80000864	ff1ff0ef	jal	x1,80000864	  x1=0x80000864
       14415000	      1440	00000000	00000013	addi	x0,x0,0	  x0:0x00000000
       14425000	      1441	80000850	00000013	addi	x0,x0,0	  x0:0x00000000
       14435000	      1442	80000854	fe5ff0ef	jal	x1,80000854	  x1=0x80000854
       14445000	      1443	00000000	00000013	addi	x0,x0,0	  x0:0x00000000
       14455000	      1444	80000834	00000013	addi	x0,x0,0	  x0:0x00000000
       14465000	      1445	80000838	034000ef	jal	x1,80000838	  x1=0x80000838
       14475000	      1446	00000000	00000013	addi	x0,x0,0	  x0:0x00000000
       14485000	      1447	80000868	00000013	addi	x0,x0,0	  x0:0x00000000
       14495000	      1448	8000086c	fddff0ef	jal	x1,8000086c	  x1=0x8000086c
       14505000	      1449	00000000	00000013	addi	x0,x0,0	  x0:0x00000000
       14515000	      1450	80000844	00000013	addi	x0,x0,0	  x0:0x00000000
       14525000	      1451	80000848	004000ef	jal	x1,80000848	  x1=0x80000848
       14535000	      1452	00000000	00000013	addi	x0,x0,0	  x0:0x00000000
       14545000	      1453	80000848	00000013	addi	x0,x0,0	  x0:0x00000000
       14555000	      1454	8000084c	02c009ef	jal	x19,8000084c	 x19=0x8000084c
       14565000	      1455	00000000	00000013	addi	x0,x0,0	  x0:0x00000000
       14575000	      1456	80000874	00000013	addi	x0,x0,0	  x0:0x00000000
       14585000	      1457	80000878	0040036f	jal	x6,80000878	  x6=0x80000878
       14595000	      1458	00000000	00000013	addi	x0,x0,0	  x0:0x00000000
       14605000	      1459	80000878	00000013	addi	x0,x0,0	  x0:0x00000000
       14615000	      1460	8000087c	fd5ff0ef	jal	x1,8000087c	  x1=0x8000087c
       14625000	      1461	00000000	00000013	addi	x0,x0,0	  x0:0x00000000
       14635000	      1462	8000084c	00000013	addi	x0,x0,0	  x0:0x00000000
       14645000	      1463	80000850	020001ef	jal	x3,80000850	  x3=0x80000850
       14655000	      1464	00000000	00000013	addi	x0,x0,0	  x0:0x00000000
       14665000	      1465	8000086c	00000013	addi	x0,x0,0	  x0:0x00000000
       14675000	      1466	80000870	0040036f	jal	x6,80000870	  x6=0x80000870
       14685000	      1467	00000000	00000013	addi	x0,x0,0	  x0:0x00000000
       14695000	      1468	80000870	00000013	addi	x0,x0,0	  x0:0x00000000
       14705000	      1469	80000874	00c008ef	jal	x17,80000874	 x17=0x80000874
       14715000	      1470	00000000	00000013	addi	x0,x0,0	  x0:0x00000000
       14725000	      1471	8000087c	00000013	addi	x0,x0,0	  x0:0x00000000
       14735000	      1472	80000880	00de1433	sll	x8,x28,x13	 x28:0x74ac36d7 x13:0x80000784  x8=0x4ac36d70
       14745000	      1473	80000884	004002ef	jal	x5,80000884	  x5=0x80000884
       14755000	      1474	00000000	00000013	addi	x0,x0,0	  x0:0x00000000
       14765000	      1475	80000884	00000013	addi	x0,x0,0	  x0:0x00000000
       14775000	      1476	80000888	0380036f	jal	x6,80000888	  x6=0x80000888
       14785000	      1477	00000000	00000013	addi	x0,x0,0	  x0:0x00000000
       14795000	      1478	800008bc	00000013	addi	x0,x0,0	  x0:0x00000000
       14805000	      1479	800008c0	fd9ff0ef	jal	x1,800008c0	  x1=0x800008c0
       14815000	      1480	00000000	00000013	addi	x0,x0,0	  x0:0x00000000
       14825000	      1481	80000894	00000013	addi	x0,x0,0	  x0:0x00000000
       14835000	      1482	80000898	ff5ff0ef	jal	x1,80000898	  x1=0x80000898
       14845000	      1483	00000000	00000013	addi	x0,x0,0	  x0:0x00000000
       14855000	      1484	80000888	00000013	addi	x0,x0,0	  x0:0x00000000
       14865000	      1485	8000088c	0080026f	jal	x4,8000088c	  x4=0x8000088c
       14875000	      1486	00000000	00000013	addi	x0,x0,0	  x0:0x00000000
       14885000	      1487	80000890	00000013	addi	x0,x0,0	  x0:0x00000000
       14895000	      1488	80000894	030000ef	jal	x1,80000894	  x1=0x80000894
       14905000	      1489	00000000	00000013	addi	x0,x0,0	  x0:0x00000000
       14915000	      1490	800008c0	00000013	addi	x0,x0,0	  x0:0x00000000
       14925000	      1491	800008c4	fddff0ef	jal	x1,800008c4	  x1=0x800008c4
       14935000	      1492	00000000	00000013	addi	x0,x0,0	  x0:0x00000000
       14945000	      1493	8000089c	00000013	addi	x0,x0,0	  x0:0x00000000
       14955000	      1494	800008a0	00c000ef	jal	x1,800008a0	  x1=0x800008a0
       14965000	      1495	00000000	00000013	addi	x0,x0,0	  x0:0x00000000
       14975000	      1496	800008a8	00000013	addi	x0,x0,0	  x0:0x00000000
       14985000	      1497	800008ac	fe5ffbef	jal	x23,800008ac	 x23=0x800008ac
       14995000	      1498	00000000	00000013	addi	x0,x0,0	  x0:0x00000000
       15005000	      1499	8000088c	00000013	addi	x0,x0,0	  x0:0x00000000
       15015000	      1500	80000890	02c000ef	jal	x1,80000890	  x1=0x80000890
       15025000	      1501	00000000	00000013	addi	x0,x0,0	  x0:0x00000000
       15035000	      1502	800008b8	00000013	addi	x0,x0,0	  x0:0x00000000
       15045000	      1503	800008bc	ff5ff36f	jal	x6,800008bc	  x6=0x800008bc
       15055000	      1504	00000000	00000013	addi	x0,x0,0	  x0:0x00000000
       15065000	      1505	800008ac	00000013	addi	x0,x0,0	  x0:0x00000000
       15075000	      1506	800008b0	008000ef	jal	x1,800008b0	  x1=0x800008b0
       15085000	      1507	00000000	00000013	addi	x0,x0,0	  x0:0x00000000
       15095000	      1508	800008b4	00000013	addi	x0,x0,0	  x0:0x00000000
       15105000	      1509	800008b8	fe5ff2ef	jal	x5,800008b8	  x5=0x800008b8
       15115000	      1510	00000000	00000013	addi	x0,x0,0	  x0:0x00000000
       15125000	      1511	80000898	00000013	addi	x0,x0,0	  x0:0x00000000
       15135000	      1512	8000089c	00c00cef	jal	x25,8000089c	 x25=0x8000089c
       15145000	      1513	00000000	00000013	addi	x0,x0,0	  x0:0x00000000
       15155000	      1514	800008a4	00000013	addi	x0,x0,0	  x0:0x00000000
       15165000	      1515	800008a8	ffdff5ef	jal	x11,800008a8	 x11=0x800008a8
       15175000	      1516	00000000	00000013	addi	x0,x0,0	  x0:0x00000000
       15185000	      1517	800008a0	00000013	addi	x0,x0,0	  x0:0x00000000
       15195000	      1518	800008a4	010000ef	jal	x1,800008a4	  x1=0x800008a4
       15205000	      1519	00000000	00000013	addi	x0,x0,0	  x0:0x00000000
       15215000	      1520	800008b0	00000013	addi	x0,x0,0	  x0:0x00000000
       15225000	      1521	800008b4	014000ef	jal	x1,800008b4	  x1=0x800008b4
       15235000	      1522	00000000	00000013	addi	x0,x0,0	  x0:0x00000000
       15245000	      1523	800008c4	00000013	addi	x0,x0,0	  x0:0x00000000
       15255000	      1524	800008c8	d1f50b93	addi	x23,x10,-737	 x10:0x8000071c x23=0x8000043b
       15265000	      1525	800008cc	05c002ef	jal	x5,800008cc	  x5=0x800008cc
       15275000	      1526	00000000	00000013	addi	x0,x0,0	  x0:0x00000000
       15285000	      1527	80000924	00000013	addi	x0,x0,0	  x0:0x00000000
       15295000	      1528	80000928	fe9ff26f	jal	x4,80000928	  x4=0x80000928
       15305000	      1529	00000000	00000013	addi	x0,x0,0	  x0:0x00000000
       15315000	      1530	8000090c	00000013	addi	x0,x0,0	  x0:0x00000000
       15325000	      1531	80000910	014000ef	jal	x1,80000910	  x1=0x80000910
       15335000	      1532	00000000	00000013	addi	x0,x0,0	  x0:0x00000000
       15345000	      1533	80000920	00000013	addi	x0,x0,0	  x0:0x00000000
       15355000	      1534	80000924	fcdfff6f	jal	x30,80000924	 x30=0x80000924
       15365000	      1535	00000000	00000013	addi	x0,x0,0	  x0:0x00000000
       15375000	      1536	800008ec	00000013	addi	x0,x0,0	  x0:0x00000000
       15385000	      1537	800008f0	014000ef	jal	x1,800008f0	  x1=0x800008f0
       15395000	      1538	00000000	00000013	addi	x0,x0,0	  x0:0x00000000
       15405000	      1539	80000900	00000013	addi	x0,x0,0	  x0:0x00000000
       15415000	      1540	80000904	010000ef	jal	x1,80000904	  x1=0x80000904
       15425000	      1541	00000000	00000013	addi	x0,x0,0	  x0:0x00000000
       15435000	      1542	80000910	00000013	addi	x0,x0,0	  x0:0x00000000
       15445000	      1543	80000914	fedff26f	jal	x4,80000914	  x4=0x80000914
       15455000	      1544	00000000	00000013	addi	x0,x0,0	  x0:0x00000000
       15465000	      1545	800008fc	00000013	addi	x0,x0,0	  x0:0x00000000
       15475000	      1546	80000900	fd1ff36f	jal	x6,80000900	  x6=0x80000900
       15485000	      1547	00000000	00000013	addi	x0,x0,0	  x0:0x00000000
       15495000	      1548	800008cc	00000013	addi	x0,x0,0	  x0:0x00000000
       15505000	      1549	800008d0	05c0036f	jal	x6,800008d0	  x6=0x800008d0
       15515000	      1550	00000000	00000013	addi	x0,x0,0	  x0:0x00000000
       15525000	      1551	80000928	00000013	addi	x0,x0,0	  x0:0x00000000
       15535000	      1552	8000092c	00c000ef	jal	x1,8000092c	  x1=0x8000092c
       15545000	      1553	00000000	00000013	addi	x0,x0,0	  x0:0x00000000
       15555000	      1554	80000934	00000013	addi	x0,x0,0	  x0:0x00000000
       15565000	      1555	80000938	fe5ff36f	jal	x6,80000938	  x6=0x80000938
       15575000	      1556	00000000	00000013	addi	x0,x0,0	  x0:0x00000000
       15585000	      1557	80000918	00000013	addi	x0,x0,0	  x0:0x00000000
       15595000	      1558	8000091c	0040026f	jal	x4,8000091c	  x4=0x8000091c
       15605000	      1559	00000000	00000013	addi	x0,x0,0	  x0:0x00000000
       15615000	      1560	8000091c	00000013	addi	x0,x0,0	  x0:0x00000000
       15625000	      1561	80000920	fd5ffdef	jal	x27,80000920	 x27=0x80000920
       15635000	      1562	00000000	00000013	addi	x0,x0,0	  x0:0x00000000
       15645000	      1563	800008f0	00000013	addi	x0,x0,0	  x0:0x00000000
       15655000	      1564	800008f4	fe5ff0ef	jal	x1,800008f4	  x1=0x800008f4
       15665000	      1565	00000000	00000013	addi	x0,x0,0	  x0:0x00000000
       15675000	      1566	800008d4	00000013	addi	x0,x0,0	  x0:0x00000000
       15685000	      1567	800008d8	004000ef	jal	x1,800008d8	  x1=0x800008d8
       15695000	      1568	00000000	00000013	addi	x0,x0,0	  x0:0x00000000
       15705000	      1569	800008d8	00000013	addi	x0,x0,0	  x0:0x00000000
       15715000	      1570	800008dc	00c000ef	jal	x1,800008dc	  x1=0x800008dc
       15725000	      1571	00000000	00000013	addi	x0,x0,0	  x0:0x00000000
       15735000	      1572	800008e4	00000013	addi	x0,x0,0	  x0:0x00000000
       15745000	      1573	800008e8	024000ef	jal	x1,800008e8	  x1=0x800008e8
       15755000	      1574	00000000	00000013	addi	x0,x0,0	  x0:0x00000000
       15765000	      1575	80000908	00000013	addi	x0,x0,0	  x0:0x00000000
       15775000	      1576	8000090c	fc9ff0ef	jal	x1,8000090c	  x1=0x8000090c
       15785000	      1577	00000000	00000013	addi	x0,x0,0	  x0:0x00000000
       15795000	      1578	800008d0	00000013	addi	x0,x0,0	  x0:0x00000000
       15805000	      1579	800008d4	034000ef	jal	x1,800008d4	  x1=0x800008d4
       15815000	      1580	00000000	00000013	addi	x0,x0,0	  x0:0x00000000
       15825000	      1581	80000904	00000013	addi	x0,x0,0	  x0:0x00000000
       15835000	      1582	80000908	fd9ff36f	jal	x6,80000908	  x6=0x80000908
       15845000	      1583	00000000	00000013	addi	x0,x0,0	  x0:0x00000000
       15855000	      1584	800008dc	00000013	addi	x0,x0,0	  x0:0x00000000
       15865000	      1585	800008e0	0500036f	jal	x6,800008e0	  x6=0x800008e0
       15875000	      1586	00000000	00000013	addi	x0,x0,0	  x0:0x00000000
       15885000	      1587	8000092c	00000013	addi	x0,x0,0	  x0:0x00000000
       15895000	      1588	80000930	004000ef	jal	x1,80000930	  x1=0x80000930
       15905000	      1589	00000000	00000013	addi	x0,x0,0	  x0:0x00000000
       15915000	      1590	80000930	00000013	addi	x0,x0,0	  x0:0x00000000
       15925000	      1591	80000934	fc9ff36f	jal	x6,80000934	  x6=0x80000934
       15935000	      1592	00000000	00000013	addi	x0,x0,0	  x0:0x00000000
       15945000	      1593	800008f8	00000013	addi	x0,x0,0	  x0:0x00000000
       15955000	      1594	800008fc	01c000ef	jal	x1,800008fc	  x1=0x800008fc
       15965000	      1595	00000000	00000013	addi	x0,x0,0	  x0:0x00000000
       15975000	      1596	80000914	00000013	addi	x0,x0,0	  x0:0x00000000
       15985000	      1597	80000918	fe1ff0ef	jal	x1,80000918	  x1=0x80000918
       15995000	      1598	00000000	00000013	addi	x0,x0,0	  x0:0x00000000
       16005000	      1599	800008f4	00000013	addi	x0,x0,0	  x0:0x00000000
       16015000	      1600	800008f8	ff5ff0ef	jal	x1,800008f8	  x1=0x800008f8
       16025000	      1601	00000000	00000013	addi	x0,x0,0	  x0:0x00000000
       16035000	      1602	800008e8	00000013	addi	x0,x0,0	  x0:0x00000000
       16045000	      1603	800008ec	ff9ff36f	jal	x6,800008ec	  x6=0x800008ec
       16055000	      1604	00000000	00000013	addi	x0,x0,0	  x0:0x00000000
       16065000	      1605	800008e0	00000013	addi	x0,x0,0	  x0:0x00000000
       16075000	      1606	800008e4	058000ef	jal	x1,800008e4	  x1=0x800008e4
       16085000	      1607	00000000	00000013	addi	x0,x0,0	  x0:0x00000000
       16095000	      1608	80000938	00000013	addi	x0,x0,0	  x0:0x00000000
       16105000	      1609	8000093c	00a52733	slt	x14,x10,x10	 x10:0x8000071c x10:0x8000071c x14=0x00000000
       16115000	      1610	80000940	020002ef	jal	x5,80000940	  x5=0x80000940
       16125000	      1611	00000000	00000013	addi	x0,x0,0	  x0:0x00000000
       16135000	      1612	8000095c	00000013	addi	x0,x0,0	  x0:0x00000000
       16145000	      1613	80000960	018000ef	jal	x1,80000960	  x1=0x80000960
       16155000	      1614	00000000	00000013	addi	x0,x0,0	  x0:0x00000000
       16165000	      1615	80000974	00000013	addi	x0,x0,0	  x0:0x00000000
       16175000	      1616	80000978	004000ef	jal	x1,80000978	  x1=0x80000978
       16185000	      1617	00000000	00000013	addi	x0,x0,0	  x0:0x00000000
       16195000	      1618	80000978	00000013	addi	x0,x0,0	  x0:0x00000000
       16205000	      1619	8000097c	fd5ff0ef	jal	x1,8000097c	  x1=0x8000097c
       16215000	      1620	00000000	00000013	addi	x0,x0,0	  x0:0x00000000
       16225000	      1621	8000094c	00000013	addi	x0,x0,0	  x0:0x00000000
       16235000	      1622	80000950	0040036f	jal	x6,80000950	  x6=0x80000950
       16245000	      1623	00000000	00000013	addi	x0,x0,0	  x0:0x00000000
       16255000	      1624	80000950	00000013	addi	x0,x0,0	  x0:0x00000000
       16265000	      1625	80000954	ff5ffb6f	jal	x22,80000954	 x22=0x80000954
       16275000	      1626	00000000	00000013	addi	x0,x0,0	  x0:0x00000000
       16285000	      1627	80000944	00000013	addi	x0,x0,0	  x0:0x00000000
       16295000	      1628	80000948	028000ef	jal	x1,80000948	  x1=0x80000948
       16305000	      1629	00000000	00000013	addi	x0,x0,0	  x0:0x00000000
       16315000	      1630	8000096c	00000013	addi	x0,x0,0	  x0:0x00000000
       16325000	      1631	80000970	004007ef	jal	x15,80000970	 x15=0x80000970
       16335000	      1632	00000000	00000013	addi	x0,x0,0	  x0:0x00000000
       16345000	      1633	80000970	00000013	addi	x0,x0,0	  x0:0x00000000
       16355000	      1634	80000974	fd9ff2ef	jal	x5,80000974	  x5=0x80000974
       16365000	      1635	00000000	00000013	addi	x0,x0,0	  x0:0x00000000
       16375000	      1636	80000948	00000013	addi	x0,x0,0	  x0:0x00000000
       16385000	      1637	8000094c	00c00f6f	jal	x30,8000094c	 x30=0x8000094c
       16395000	      1638	00000000	00000013	addi	x0,x0,0	  x0:0x00000000
       16405000	      1639	80000954	00000013	addi	x0,x0,0	  x0:0x00000000
       16415000	      1640	80000958	010009ef	jal	x19,80000958	 x19=0x80000958
       16425000	      1641	00000000	00000013	addi	x0,x0,0	  x0:0x00000000
       16435000	      1642	80000964	00000013	addi	x0,x0,0	  x0:0x00000000
       16445000	      1643	80000968	0040016f	jal	x2,80000968	  x2=0x80000968
       16455000	      1644	00000000	00000013	addi	x0,x0,0	  x0:0x00000000
       16465000	      1645	80000968	00000013	addi	x0,x0,0	  x0:0x00000000
       16475000	      1646	8000096c	fd9ff0ef	jal	x1,8000096c	  x1=0x8000096c
       16485000	      1647	00000000	00000013	addi	x0,x0,0	  x0:0x00000000
       16495000	      1648	80000940	00000013	addi	x0,x0,0	  x0:0x00000000
       16505000	      1649	80000944	018000ef	jal	x1,80000944	  x1=0x80000944
       16515000	      1650	00000000	00000013	addi	x0,x0,0	  x0:0x00000000
       16525000	      1651	80000958	00000013	addi	x0,x0,0	  x0:0x00000000
       16535000	      1652	8000095c	0080076f	jal	x14,8000095c	 x14=0x8000095c
       16545000	      1653	00000000	00000013	addi	x0,x0,0	  x0:0x00000000
       16555000	      1654	80000960	00000013	addi	x0,x0,0	  x0:0x00000000
       16565000	      1655	80000964	01c000ef	jal	x1,80000964	  x1=0x80000964
       16575000	      1656	00000000	00000013	addi	x0,x0,0	  x0:0x00000000
       16585000	      1657	8000097c	00000013	addi	x0,x0,0	  x0:0x00000000
       16595000	      1658	80000980	7633f337	lui	x6,0x7633f	  x6=0x7633f000
       16605000	      1659	80000984	02c002ef	jal	x5,80000984	  x5=0x80000984
       16615000	      1660	00000000	00000013	addi	x0,x0,0	  x0:0x00000000
       16625000	      1661	800009ac	00000013	addi	x0,x0,0	  x0:0x00000000
       16635000	      1662	800009b0	fe5ff36f	jal	x6,800009b0	  x6=0x800009b0
       16645000	      1663	00000000	00000013	addi	x0,x0,0	  x0:0x00000000
       16655000	      1664	80000990	00000013	addi	x0,x0,0	  x0:0x00000000
       16665000	      1665	80000994	04c000ef	jal	x1,80000994	  x1=0x80000994
       16675000	      1666	00000000	00000013	addi	x0,x0,0	  x0:0x00000000
       16685000	      1667	800009dc	00000013	addi	x0,x0,0	  x0:0x00000000
       16695000	      1668	800009e0	fddff0ef	jal	x1,800009e0	  x1=0x800009e0
       16705000	      1669	00000000	00000013	addi	x0,x0,0	  x0:0x00000000
       16715000	      1670	800009b8	00000013	addi	x0,x0,0	  x0:0x00000000
       16725000	      1671	800009bc	ff9ff0ef	jal	x1,800009bc	  x1=0x800009bc
       16735000	      1672	00000000	00000013	addi	x0,x0,0	  x0:0x00000000
       16745000	      1673	800009b0	00000013	addi	x0,x0,0	  x0:0x00000000
       16755000	      1674	800009b4	01c000ef	jal	x1,800009b4	  x1=0x800009b4
       16765000	      1675	00000000	00000013	addi	x0,x0,0	  x0:0x00000000
       16775000	      1676	800009cc	00000013	addi	x0,x0,0	  x0:0x00000000
       16785000	      1677	800009d0	01800def	jal	x27,800009d0	 x27=0x800009d0
       16795000	      1678	00000000	00000013	addi	x0,x0,0	  x0:0x00000000
       16805000	      1679	800009e4	00000013	addi	x0,x0,0	  x0:0x00000000
       16815000	      1680	800009e8	fd1ff2ef	jal	x5,800009e8	  x5=0x800009e8
       16825000	      1681	00000000	00000013	addi	x0,x0,0	  x0:0x00000000
       16835000	      1682	800009b4	00000013	addi	x0,x0,0	  x0:0x00000000
       16845000	      1683	800009b8	010000ef	jal	x1,800009b8	  x1=0x800009b8
       16855000	      1684	00000000	00000013	addi	x0,x0,0	  x0:0x00000000
       16865000	      1685	800009c4	00000013	addi	x0,x0,0	  x0:0x00000000
       16875000	      1686	800009c8	00c000ef	jal	x1,800009c8	  x1=0x800009c8
       16885000	      1687	00000000	00000013	addi	x0,x0,0	  x0:0x00000000
       16895000	      1688	800009d0	00000013	addi	x0,x0,0	  x0:0x00000000
       16905000	      1689	800009d4	ff1ff0ef	jal	x1,800009d4	  x1=0x800009d4
       16915000	      1690	00000000	00000013	addi	x0,x0,0	  x0:0x00000000
       16925000	      1691	800009c0	00000013	addi	x0,x0,0	  x0:0x00000000
       16935000	      1692	800009c4	fcdff0ef	jal	x1,800009c4	  x1=0x800009c4
       16945000	      1693	00000000	00000013	addi	x0,x0,0	  x0:0x00000000
       16955000	      1694	8000098c	00000013	addi	x0,x0,0	  x0:0x00000000
       16965000	      1695	80000990	04c0066f	jal	x12,80000990	 x12=0x80000990
       16975000	      1696	00000000	00000013	addi	x0,x0,0	  x0:0x00000000
       16985000	      1697	800009d8	00000013	addi	x0,x0,0	  x0:0x00000000
       16995000	      1698	800009dc	fe5ff1ef	jal	x3,800009dc	  x3=0x800009dc
       17005000	      1699	00000000	00000013	addi	x0,x0,0	  x0:0x00000000
       17015000	      1700	800009bc	00000013	addi	x0,x0,0	  x0:0x00000000
       17025000	      1701	800009c0	fe9ff0ef	jal	x1,800009c0	  x1=0x800009c0
       17035000	      1702	00000000	00000013	addi	x0,x0,0	  x0:0x00000000
       17045000	      1703	800009a4	00000013	addi	x0,x0,0	  x0:0x00000000
       17055000	      1704	800009a8	03c0036f	jal	x6,800009a8	  x6=0x800009a8
       17065000	      1705	00000000	00000013	addi	x0,x0,0	  x0:0x00000000
       17075000	      1706	800009e0	00000013	addi	x0,x0,0	  x0:0x00000000
       17085000	      1707	800009e4	fc9ff76f	jal	x14,800009e4	 x14=0x800009e4
       17095000	      1708	00000000	00000013	addi	x0,x0,0	  x0:0x00000000
       17105000	      1709	800009a8	00000013	addi	x0,x0,0	  x0:0x00000000
       17115000	      1710	800009ac	044000ef	jal	x1,800009ac	  x1=0x800009ac
       17125000	      1711	00000000	00000013	addi	x0,x0,0	  x0:0x00000000
       17135000	      1712	800009ec	00000013	addi	x0,x0,0	  x0:0x00000000
       17145000	      1713	800009f0	fe9ff0ef	jal	x1,800009f0	  x1=0x800009f0
       17155000	      1714	00000000	00000013	addi	x0,x0,0	  x0:0x00000000
       17165000	      1715	800009d4	00000013	addi	x0,x0,0	  x0:0x00000000
       17175000	      1716	800009d8	fc9ff2ef	jal	x5,800009d8	  x5=0x800009d8
       17185000	      1717	00000000	00000013	addi	x0,x0,0	  x0:0x00000000
       17195000	      1718	8000099c	00000013	addi	x0,x0,0	  x0:0x00000000
       17205000	      1719	800009a0	004000ef	jal	x1,800009a0	  x1=0x800009a0
       17215000	      1720	00000000	00000013	addi	x0,x0,0	  x0:0x00000000
       17225000	      1721	800009a0	00000013	addi	x0,x0,0	  x0:0x00000000
       17235000	      1722	800009a4	ff9ff0ef	jal	x1,800009a4	  x1=0x800009a4
       17245000	      1723	00000000	00000013	addi	x0,x0,0	  x0:0x00000000
       17255000	      1724	80000998	00000013	addi	x0,x0,0	  x0:0x00000000
       17265000	      1725	8000099c	058000ef	jal	x1,8000099c	  x1=0x8000099c
       17275000	      1726	00000000	00000013	addi	x0,x0,0	  x0:0x00000000
       17285000	      1727	800009f0	00000013	addi	x0,x0,0	  x0:0x00000000
       17295000	      1728	800009f4	fa5ff0ef	jal	x1,800009f4	  x1=0x800009f4
       17305000	      1729	00000000	00000013	addi	x0,x0,0	  x0:0x00000000
       17315000	      1730	80000994	00000013	addi	x0,x0,0	  x0:0x00000000
       17325000	      1731	80000998	034000ef	jal	x1,80000998	  x1=0x80000998
       17335000	      1732	00000000	00000013	addi	x0,x0,0	  x0:0x00000000
       17345000	      1733	800009c8	00000013	addi	x0,x0,0	  x0:0x00000000
       17355000	      1734	800009cc	020000ef	jal	x1,800009cc	  x1=0x800009cc
       17365000	      1735	00000000	00000013	addi	x0,x0,0	  x0:0x00000000
       17375000	      1736	800009e8	00000013	addi	x0,x0,0	  x0:0x00000000
       17385000	      1737	800009ec	fa1ff0ef	jal	x1,800009ec	  x1=0x800009ec
       17395000	      1738	00000000	00000013	addi	x0,x0,0	  x0:0x00000000
       17405000	      1739	80000988	00000013	addi	x0,x0,0	  x0:0x00000000
       17415000	      1740	8000098c	06c000ef	jal	x1,8000098c	  x1=0x8000098c
       17425000	      1741	00000000	00000013	addi	x0,x0,0	  x0:0x00000000
       17435000	      1742	800009f4	00000013	addi	x0,x0,0	  x0:0x00000000
       17445000	      1743	800009f8	f91ff36f	jal	x6,800009f8	  x6=0x800009f8
       17455000	      1744	00000000	00000013	addi	x0,x0,0	  x0:0x00000000
       17465000	      1745	80000984	00000013	addi	x0,x0,0	  x0:0x00000000
       17475000	      1746	80000988	074000ef	jal	x1,80000988	  x1=0x80000988
       17485000	      1747	00000000	00000013	addi	x0,x0,0	  x0:0x00000000
       17495000	      1748	800009f8	00000013	addi	x0,x0,0	  x0:0x00000000
       17505000	      1749	800009fc	4056d713	srai	x14,x13,0x5	 x13:0x80000784 x14=0xfc00003c
       17515000	      1750	80000a00	d222bc13	sltiu	x24,x5,-734	  x5:0x800009d8 x24=0x00000001
       17525000	      1751	80000a04	176ac413	xori	x8,x21,374	 x21:0x800006e0  x8=0x80000796
       17535000	      1752	80000a08	00905213	srli	x4,x0,0x9	  x0:0x00000000  x4=0x00000000
       17545000	      1753	80000a0c	03931063	bne	x6,x25,80000a2c	  x6:0x800009f8 x25:0x8000089c
       17555000	      1754	00000000	00000013	addi	x0,x0,0	  x0:0x00000000
       17565000	      1755	80000a28	00000013	addi	x0,x0,0	  x0:0x00000000
       17575000	      1756	80000a2c	00a92333	slt	x6,x18,x10	 x18:0x80009f84 x10:0x8000071c  x6=0x00000000
       17585000	      1757	80000a30	c10fb713	sltiu	x14,x31,-1008	 x31:0x80000814 x14=0x00000001
       17595000	      1758	80000a34	40db5733	sra	x14,x22,x13	 x22:0x80000954 x13:0x80000784 x14=0xf8000095
       17605000	      1759	80000a38	12cacb13	xori	x22,x21,300	 x21:0x800006e0 x22=0x800007cc
       17615000	      1760	80000a3c	017b4c33	xor	x24,x22,x23	 x22:0x800007cc x23:0x8000043b x24=0x000003f7
       17625000	      1761	80000a40	0374fc63	bgeu	x9,x23,80000a78	  x9:0x800006a8 x23:0x8000043b
       17635000	      1762	00000000	00000013	addi	x0,x0,0	  x0:0x00000000
       17645000	      1763	80000a74	00000013	addi	x0,x0,0	  x0:0x00000000
       17655000	      1764	80000a78	917d8397	auipc	x7,0x917d8	  x7=0x117d8a74
       17665000	      1765	80000a7c	56e6f893	andi	x17,x13,1390	 x13:0x80000784 x17=0x00000504
       17675000	      1766	80000a80	c593f013	andi	x0,x7,-935	  x7:0x117d8a74
       17685000	      1767	80000a84	000ed033	srl	x0,x29,x0	 x29:0x80000344  x0:0x00000000
       17695000	      1768	80000a88	00000013	addi	x0,x0,0	  x0:0x00000000
       17705000	      1769	80000a8c	07e46817	auipc	x16,0x7e46	 x16=0x87e46a88
       17715000	      1770	80000a90	01b0da93	srli	x21,x1,0x1b	  x1:0x80000988 x21=0x00000010
       17725000	      1771	80000a94	00593033	sltu	x0,x18,x5	 x18:0x80009f84  x5:0x800009d8
       17735000	      1772	80000a98	40f5d013	srai	x0,x11,0xf	 x11:0x800008a8
       17745000	      1773	80000a9c	00eb5193	srli	x3,x22,0xe	 x22:0x800007cc  x3=0x00020000
       17755000	      1774	80000aa0	001f1793	slli	x15,x30,0x1	 x30:0x8000094c x15=0x00001298
       17765000	      1775	80000aa4	00385333	srl	x6,x16,x3	 x16:0x87e46a88  x3:0x00020000  x6=0x87e46a88
       17775000	      1776	80000aa8	183cbf93	sltiu	x31,x25,387	 x25:0x8000089c x31=0x00000000
       17785000	      1777	80000aac	00d36233	or	x4,x6,x13	  x6:0x87e46a88 x13:0x80000784  x4=0x87e46f8c
       17795000	      1778	80000ab0	00a739b3	sltu	x19,x14,x10	 x14:0xf8000095 x10:0x8000071c x19=0x00000000
       17805000	      1779	80000ab4	01187b33	and	x22,x16,x17	 x16:0x87e46a88 x17:0x00000504 x22=0x00000000
       17815000	      1780	80000ab8	01c250b3	srl	x1,x4,x28	  x4:0x87e46f8c x28:0x74ac36d7  x1=0x0000010f
       17825000	      1781	80000abc	01140d33	add	x26,x8,x17	  x8:0x80000796 x17:0x00000504 x26=0x80000c9a
       17835000	      1782	80000ac0	30348293	addi	x5,x9,771	  x9:0x800006a8  x5=0x800009ab
       17845000	      1783	80000ac4	0052d033	srl	x0,x5,x5	  x5:0x800009ab  x5:0x800009ab
       17855000	      1784	80000ac8	01711533	sll	x10,x2,x23	  x2:0x80000968 x23:0x8000043b x10=0x40000000
       17865000	      1785	80000acc	404b5593	srai	x11,x22,0x4	 x22:0x00000000 x11=0x00000000
       17875000	      1786	80000ad0	0023f663	bgeu	x7,x2,80000adc	  x7:0x117d8a74  x2:0x80000968
       17885000	      1787	80000ad4	001de263	bltu	x27,x1,80000ad8	 x27:0x800009d0  x1:0x0000010f
       17895000	      1788	80000ad8	31504613	xori	x12,x0,789	  x0:0x00000000 x12=0x00000315
       17905000	      1789	80000adc	aa07e793	ori	x15,x15,-1376	 x15:0x00001298 x15=0xfffffab8
       17915000	      1790	80000ae0	010cb5b3	sltu	x11,x25,x16	 x25:0x8000089c x16:0x87e46a88 x11=0x00000001
       17925000	      1791	80000ae4	9d8a0393	addi	x7,x20,-1576	 x20:0x80009fc4  x7=0x8000999c
       17935000	      1792	80000ae8	04f11863	bne	x2,x15,80000b38	  x2:0x80000968 x15:0xfffffab8
       17945000	      1793	00000000	00000013	addi	x0,x0,0	  x0:0x00000000
       17955000	      1794	80000b34	00000013	addi	x0,x0,0	  x0:0x00000000
       17965000	      1795	80000b38	0193ee63	bltu	x7,x25,80000b54	  x7:0x8000999c x25:0x8000089c
       17975000	      1796	80000b3c	40b95133	sra	x2,x18,x11	 x18:0x80009f84 x11:0x00000001  x2=0xc0004fc2
       17985000	      1797	80000b40	41408133	sub	x2,x1,x20	  x1:0x0000010f x20:0x80009fc4  x2=0x7fff614b
       17995000	      1798	80000b44	41155b33	sra	x22,x10,x17	 x10:0x40000000 x17:0x00000504 x22=0x04000000
       18005000	      1799	80000b48	00000013	addi	x0,x0,0	  x0:0x00000000
       18015000	      1800	80000b4c	403884b3	sub	x9,x17,x3	 x17:0x00000504  x3:0x00020000  x9=0xfffe0504
       18025000	      1801	80000b50	414f02b3	sub	x5,x30,x20	 x30:0x8000094c x20:0x80009fc4  x5=0xffff6988
       18035000	      1802	80000b54	01959ab3	sll	x21,x11,x25	 x11:0x00000001 x25:0x8000089c x21=0x10000000
       18045000	      1803	80000b58	002e4e63	blt	x28,x2,80000b74	 x28:0x74ac36d7  x2:0x7fff614b
       18055000	      1804	00000000	00000013	addi	x0,x0,0	  x0:0x00000000
       18065000	      1805	80000b70	00000013	addi	x0,x0,0	  x0:0x00000000
       18075000	      1806	80000b74	2895fb13	andi	x22,x11,649	 x11:0x00000001 x22=0x00000001
       18085000	      1807	80000b78	41a8db33	sra	x22,x17,x26	 x17:0x00000504 x26:0x80000c9a x22=0x00000000
       18095000	      1808	80000b7c	007d8633	add	x12,x27,x7	 x27:0x800009d0  x7:0x8000999c x12=0x0000a36c
       18105000	      1809	80000b80	00000013	addi	x0,x0,0	  x0:0x00000000
       18115000	      1810	80000b84	00b29633	sll	x12,x5,x11	  x5:0xffff6988 x11:0x00000001 x12=0xfffed310
       18125000	      1811	80000b88	03656a63	bltu	x10,x22,80000bbc	 x10:0x40000000 x22:0x00000000
       18135000	      1812	80000b8c	01a14263	blt	x2,x26,80000b90	  x2:0x7fff614b x26:0x80000c9a
       18145000	      1813	80000b90	bbc6f897	auipc	x17,0xbbc6f	 x17=0x3bc6fb8c
       18155000	      1814	80000b94	013d04b3	add	x9,x26,x19	 x26:0x80000c9a x19:0x00000000  x9=0x80000c9a
       18165000	      1815	80000b98	9f42a213	slti	x4,x5,-1548	  x5:0xffff6988  x4=0x00000001
       18175000	      1816	80000b9c	41f1d193	srai	x3,x3,0x1f	  x3:0x00020000  x3=0x00000000
       18185000	      1817	80000ba0	009bd663	bge	x23,x9,80000bac	 x23:0x8000043b  x9:0x80000c9a
       18195000	      1818	80000ba4	82367bb7	lui	x23,0x82367	 x23=0x82367000
       18205000	      1819	80000ba8	00a92833	slt	x16,x18,x10	 x18:0x80009f84 x10:0x40000000 x16=0x00000001
       18215000	      1820	80000bac	00000013	addi	x0,x0,0	  x0:0x00000000
       18225000	      1821	80000bb0	001ea833	slt	x16,x29,x1	 x29:0x80000344  x1:0x0000010f x16=0x00000001
       18235000	      1822	80000bb4	24a0a293	slti	x5,x1,586	  x1:0x0000010f  x5=0x00000001
       18245000	      1823	80000bb8	0014d863	bge	x9,x1,80000bc8	  x9:0x80000c9a  x1:0x0000010f
       18255000	      1824	80000bbc	04724263	blt	x4,x7,80000c00	  x4:0x00000001  x7:0x8000999c
       18265000	      1825	80000bc0	006a8263	beq	x21,x6,80000bc4	 x21:0x10000000  x6:0x87e46a88
       18275000	      1826	80000bc4	01a351b3	srl	x3,x6,x26	  x6:0x87e46a88 x26:0x80000c9a  x3=0x00000021
       18285000	      1827	80000bc8	98d07793	andi	x15,x0,-1651	  x0:0x00000000 x15=0x00000000
       18295000	      1828	80000bcc	04968063	beq	x13,x9,80000c0c	 x13:0x80000784  x9:0x80000c9a
       18305000	      1829	80000bd0	b3c19637	lui	x12,0xb3c19	 x12=0xb3c19000
       18315000	      1830	80000bd4	00e1d813	srli	x16,x3,0xe	  x3:0x00000021 x16=0x00000000
       18325000	      1831	80000bd8	13fc2e93	slti	x29,x24,319	 x24:0x000003f7 x29=0x00000000
       18335000	      1832	80000bdc	03831663	bne	x6,x24,80000c08	  x6:0x87e46a88 x24:0x000003f7
       18345000	      1833	00000000	00000013	addi	x0,x0,0	  x0:0x00000000
       18355000	      1834	80000c04	00000013	addi	x0,x0,0	  x0:0x00000000
       18365000	      1835	80000c08	0146f9b3	and	x19,x13,x20	 x13:0x80000784 x20:0x80009fc4 x19=0x80000784
       18375000	      1836	80000c0c	03a16c63	bltu	x2,x26,80000c44	  x2:0x7fff614b x26:0x80000c9a
       18385000	      1837	00000000	00000013	addi	x0,x0,0	  x0:0x00000000
       18395000	      1838	80000c40	00000013	addi	x0,x0,0	  x0:0x00000000
       18405000	      1839	80000c44	000a7263	bgeu	x20,x0,80000c48	 x20:0x80009fc4  x0:0x00000000
       18415000	      1840	00000000	00000013	addi	x0,x0,0	  x0:0x00000000
       18425000	      1841	80000c44	00000013	addi	x0,x0,0	  x0:0x00000000
       18435000	      1842	80000c48	019bd7b3	srl	x15,x23,x25	 x23:0x82367000 x25:0x8000089c x15=0x00000008
       18445000	      1843	80000c4c	045fe263	bltu	x31,x5,80000c90	 x31:0x00000000  x5:0x00000001
       18455000	      1844	00000000	00000013	addi	x0,x0,0	  x0:0x00000000
       18465000	      1845	80000c8c	00000013	addi	x0,x0,0	  x0:0x00000000
       18475000	      1846	80000c90	419ddd33	sra	x26,x27,x25	 x27:0x800009d0 x25:0x8000089c x26=0xfffffff8
       18485000	      1847	80000c94	000db433	sltu	x8,x27,x0	 x27:0x800009d0  x0:0x00000000  x8=0x00000000
       18495000	      1848	80000c98	017d9113	slli	x2,x27,0x17	 x27:0x800009d0  x2=0xe8000000
       18505000	      1849	80000c9c	004ba333	slt	x6,x23,x4	 x23:0x82367000  x4:0x00000001  x6=0x00000001
       18515000	      1850	80000ca0	03c6de63	bge	x13,x28,80000cdc	 x13:0x80000784 x28:0x74ac36d7
       18525000	      1851	80000ca4	409a00b3	sub	x1,x20,x9	 x20:0x80009fc4  x9:0x80000c9a  x1=0x0000932a
       18535000	      1852	80000ca8	40765193	srai	x3,x12,0x7	 x12:0xb3c19000  x3=0xff678320
       18545000	      1853	80000cac	00690c33	add	x24,x18,x6	 x18:0x80009f84  x6:0x00000001 x24=0x80009f85
       18555000	      1854	80000cb0	0084d7b3	srl	x15,x9,x8	  x9:0x80000c9a  x8:0x00000000 x15=0x80000c9a
       18565000	      1855	80000cb4	bf772a93	slti	x21,x14,-1033	 x14:0xf8000095 x21=0x00000001
       18575000	      1856	80000cb8	006e5f93	srli	x31,x28,0x6	 x28:0x74ac36d7 x31=0x01d2b0db
       18585000	      1857	80000cbc	2d547eb7	lui	x29,0x2d547	 x29=0x2d547000
       18595000	      1858	80000cc0	00f69593	slli	x11,x13,0xf	 x13:0x80000784 x11=0x03c20000
       18605000	      1859	80000cc4	41c5d0b3	sra	x1,x11,x28	 x11:0x03c20000 x28:0x74ac36d7  x1=0x00000007
       18615000	      1860	80000cc8	018e9033	sll	x0,x29,x24	 x29:0x2d547000 x24:0x80009f85
       18625000	      1861	80000ccc	4ea29417	auipc	x8,0x4ea29	  x8=0xcea29cc8
       18635000	      1862	80000cd0	018f9833	sll	x16,x31,x24	 x31:0x01d2b0db x24:0x80009f85 x16=0x3a561b60
       18645000	      1863	80000cd4	40cd8cb3	sub	x25,x27,x12	 x27:0x800009d0 x12:0xb3c19000 x25=0xcc3e79d0
       18655000	      1864	80000cd8	045e4863	blt	x28,x5,80000d28	 x28:0x74ac36d7  x5:0x00000001
       18665000	      1865	80000cdc	0202ca63	blt	x5,x0,80000d10	  x5:0x00000001  x0:0x00000000
       18675000	      1866	80000ce0	030a9063	bne	x21,x16,80000d00	 x21:0x00000001 x16:0x3a561b60
       18685000	      1867	00000000	00000013	addi	x0,x0,0	  x0:0x00000000
       18695000	      1868	80000cfc	00000013	addi	x0,x0,0	  x0:0x00000000
       18705000	      1869	80000d00	404cd733	sra	x14,x25,x4	 x25:0xcc3e79d0  x4:0x00000001 x14=0xe61f3ce8
       18715000	      1870	80000d04	01a624b3	slt	x9,x12,x26	 x12:0xb3c19000 x26:0xfffffff8  x9=0x00000001
       18725000	      1871	80000d08	0123ad33	slt	x26,x7,x18	  x7:0x8000999c x18:0x80009f84 x26=0x00000001
       18735000	      1872	80000d0c	01bc5e63	bge	x24,x27,80000d28	 x24:0x80009f85 x27:0x800009d0
       18745000	      1873	00000000	00000013	addi	x0,x0,0	  x0:0x00000000
       18755000	      1874	80000d24	00000013	addi	x0,x0,0	  x0:0x00000000
       18765000	      1875	80000d28	9211bfb7	lui	x31,0x9211b	 x31=0x9211b000
       18775000	      1876	80000d2c	00ef7133	and	x2,x30,x14	 x30:0x8000094c x14:0xe61f3ce8  x2=0x80000848
       18785000	      1877	80000d30	020d8263	beq	x27,x0,80000d54	 x27:0x800009d0  x0:0x00000000
       18795000	      1878	80000d34	410286b3	sub	x13,x5,x16	  x5:0x00000001 x16:0x3a561b60 x13=0xc5a9e4a1
       18805000	      1879	80000d38	01701b33	sll	x22,x0,x23	  x0:0x00000000 x23:0x82367000 x22=0x00000000
       18815000	      1880	80000d3c	a8c67713	andi	x14,x12,-1396	 x12:0xb3c19000 x14=0xb3c19000
       18825000	      1881	80000d40	7465f513	andi	x10,x11,1862	 x11:0x03c20000 x10=0x00000000
       18835000	      1882	80000d44	00000013	addi	x0,x0,0	  x0:0x00000000
       18845000	      1883	80000d48	007e1293	slli	x5,x28,0x7	 x28:0x74ac36d7  x5=0x561b6b80
       18855000	      1884	80000d4c	01f1b9b3	sltu	x19,x3,x31	  x3:0xff678320 x31:0x9211b000 x19=0x00000000
       18865000	      1885	80000d50	02f90063	beq	x18,x15,80000d70	 x18:0x80009f84 x15:0x80000c9a
       18875000	      1886	80000d54	00aa1413	slli	x8,x20,0xa	 x20:0x80009fc4  x8=0x027f1000
       18885000	      1887	80000d58	03115463	bge	x2,x17,80000d80	  x2:0x80000848 x17:0x3bc6fb8c
       18895000	      1888	80000d5c	c2d280b7	lui	x1,0xc2d28	  x1=0xc2d28000
       18905000	      1889	80000d60	4197dd93	srai	x27,x15,0x19	 x15:0x80000c9a x27=0xffffffc0
       18915000	      1890	80000d64	4110d433	sra	x8,x1,x17	  x1:0xc2d28000 x17:0x3bc6fb8c  x8=0xfffc2d28
       18925000	      1891	80000d68	036cce63	blt	x25,x22,80000da4	 x25:0xcc3e79d0 x22:0x00000000
       18935000	      1892	00000000	00000013	addi	x0,x0,0	  x0:0x00000000
       18945000	      1893	80000da0	00000013	addi	x0,x0,0	  x0:0x00000000
       18955000	      1894	80000da4	03d91e63	bne	x18,x29,80000de0	 x18:0x80009f84 x29:0x2d547000
       18965000	      1895	00000000	00000013	addi	x0,x0,0	  x0:0x00000000
       18975000	      1896	80000ddc	00000013	addi	x0,x0,0	  x0:0x00000000
       18985000	      1897	80000de0	016d1313	slli	x6,x26,0x16	 x26:0x00000001  x6=0x00400000
       18995000	      1898	80000de4	49148a93	addi	x21,x9,1169	  x9:0x00000001 x21=0x00000492
       19005000	      1899	80000de8	897434b7	lui	x9,0x89743	  x9=0x89743000
       19015000	      1900	80000dec	019af463	bgeu	x21,x25,80000df4	 x21:0x00000492 x25:0xcc3e79d0
       19025000	      1901	80000df0	01b2a333	slt	x6,x5,x27	  x5:0x561b6b80 x27:0xffffffc0  x6=0x00000000
       19035000	      1902	80000df4	5db9fb93	andi	x23,x19,1499	 x19:0x00000000 x23=0x00000000
       19045000	      1903	80000df8	41cad413	srai	x8,x21,0x1c	 x21:0x00000492  x8=0x00000000
       19055000	      1904	80000dfc	007c9663	bne	x25,x7,80000e08	 x25:0xcc3e79d0  x7:0x8000999c
       19065000	      1905	00000000	00000013	addi	x0,x0,0	  x0:0x00000000
       19075000	      1906	80000e04	00000013	addi	x0,x0,0	  x0:0x00000000
       19085000	      1907	80000e08	001c4263	blt	x24,x1,80000e0c	 x24:0x80009f85  x1:0xc2d28000
       19095000	      1908	00000000	00000013	addi	x0,x0,0	  x0:0x00000000
       19105000	      1909	80000e08	00000013	addi	x0,x0,0	  x0:0x00000000
       19115000	      1910	80000e0c	f7ffb193	sltiu	x3,x31,-129	 x31:0x9211b000  x3=0x00000001
       19125000	      1911	80000e10	8574b513	sltiu	x10,x9,-1961	  x9:0x89743000 x10=0x00000001
       19135000	      1912	80000e14	00000013	addi	x0,x0,0	  x0:0x00000000
       19145000	      1913	80000e18	f33a0d13	addi	x26,x20,-205	 x20:0x80009fc4 x26=0x80009ef7
       19155000	      1914	80000e1c	00f5dc33	srl	x24,x11,x15	 x11:0x03c20000 x15:0x80000c9a x24=0x00000000
       19165000	      1915	80000e20	00bcd113	srli	x2,x25,0xb	 x25:0xcc3e79d0  x2=0x001987cf
       19175000	      1916	80000e24	71d47193	andi	x3,x8,1821	  x8:0x00000000  x3=0x00000000
       19185000	      1917	80000e28	00000013	addi	x0,x0,0	  x0:0x00000000
       19195000	      1918	80000e2c	5e3ea313	slti	x6,x29,1507	 x29:0x2d547000  x6=0x00000000
       19205000	      1919	80000e30	033c6263	bltu	x24,x19,80000e54	 x24:0x00000000 x19:0x00000000
       19215000	      1920	80000e34	012c1413	slli	x8,x24,0x12	 x24:0x00000000  x8=0x00000000
       19225000	      1921	80000e38	7379a413	slti	x8,x19,1847	 x19:0x00000000  x8=0x00000001
       19235000	      1922	80000e3c	01655c13	srli	x24,x10,0x16	 x10:0x00000001 x24=0x00000000
       19245000	      1923	80000e40	01e5db93	srli	x23,x11,0x1e	 x11:0x03c20000 x23=0x00000000
       19255000	      1924	80000e44	14db8c13	addi	x24,x23,333	 x23:0x00000000 x24=0x0000014d
       19265000	      1925	80000e48	0344dc63	bge	x9,x20,80000e80	  x9:0x89743000 x20:0x80009fc4
       19275000	      1926	00000000	00000013	addi	x0,x0,0	  x0:0x00000000
       19285000	      1927	80000e7c	00000013	addi	x0,x0,0	  x0:0x00000000
       19295000	      1928	80000e80	00ec9693	slli	x13,x25,0xe	 x25:0xcc3e79d0 x13=0x9e740000
       19305000	      1929	80000e84	2157b793	sltiu	x15,x15,533	 x15:0x80000c9a x15=0x00000000
       19315000	      1930	80000e88	01ba5713	srli	x14,x20,0x1b	 x20:0x80009fc4 x14=0x00000010
       19325000	      1931	80000e8c	0340ce63	blt	x1,x20,80000ec8	  x1:0xc2d28000 x20:0x80009fc4
       19335000	      1932	80000e90	000072b3	and	x5,x0,x0	  x0:0x00000000  x0:0x00000000  x5=0x00000000
       19345000	      1933	80000e94	ac1eb637	lui	x12,0xac1eb	 x12=0xac1eb000
       19355000	      1934	80000e98	1ce0a113	slti	x2,x1,462	  x1:0xc2d28000  x2=0x00000001
       19365000	      1935	80000e9c	01b3d733	srl	x14,x7,x27	  x7:0x8000999c x27:0xffffffc0 x14=0x8000999c
       19375000	      1936	80000ea0	019fdc93	srli	x25,x31,0x19	 x31:0x9211b000 x25=0x00000049
       19385000	      1937	80000ea4	00ee0633	add	x12,x28,x14	 x28:0x74ac36d7 x14:0x8000999c x12=0xf4acd073
       19395000	      1938	80000ea8	21d8f513	andi	x10,x17,541	 x17:0x3bc6fb8c x10=0x0000020c
       19405000	      1939	80000eac	0048bdb3	sltu	x27,x17,x4	 x17:0x3bc6fb8c  x4:0x00000001 x27=0x00000000
       19415000	      1940	80000eb0	00385863	bge	x16,x3,80000ec0	 x16:0x3a561b60  x3:0x00000000
       19425000	      1941	00000000	00000013	addi	x0,x0,0	  x0:0x00000000
       19435000	      1942	80000ebc	00000013	addi	x0,x0,0	  x0:0x00000000
       19445000	      1943	80000ec0	507b67b7	lui	x15,0x507b6	 x15=0x507b6000
       19455000	      1944	80000ec4	6d9d6613	ori	x12,x26,1753	 x26:0x80009ef7 x12=0x80009eff
       19465000	      1945	80000ec8	026fec63	bltu	x31,x6,80000f00	 x31:0x9211b000  x6:0x00000000
       19475000	      1946	80000ecc	60a56437	lui	x8,0x60a56	  x8=0x60a56000
       19485000	      1947	80000ed0	c574c813	xori	x16,x9,-937	  x9:0x89743000 x16=0x768bcc57
       19495000	      1948	80000ed4	00a21463	bne	x4,x10,80000edc	  x4:0x00000001 x10:0x0000020c
       19505000	      1949	00000000	00000013	addi	x0,x0,0	  x0:0x00000000
       19515000	      1950	80000ed8	00000013	addi	x0,x0,0	  x0:0x00000000
       19525000	      1951	80000edc	a2c9c317	auipc	x6,0xa2c9c	  x6=0x22c9ced8
       19535000	      1952	80000ee0	41995b33	sra	x22,x18,x25	 x18:0x80009f84 x25:0x00000049 x22=0xffc0004f
       19545000	      1953	80000ee4	0235d463	bge	x11,x3,80000f0c	 x11:0x03c20000  x3:0x00000000
       19555000	      1954	00000000	00000013	addi	x0,x0,0	  x0:0x00000000
       19565000	      1955	80000f08	00000013	addi	x0,x0,0	  x0:0x00000000
       19575000	      1956	80000f0c	010723b3	slt	x7,x14,x16	 x14:0x8000999c x16:0x768bcc57  x7=0x00000001
       19585000	      1957	80000f10	a6a73f93	sltiu	x31,x14,-1430	 x14:0x8000999c x31=0x00000001
       19595000	      1958	80000f14	018f1c93	slli	x25,x30,0x18	 x30:0x8000094c x25=0x4c000000
       19605000	      1959	80000f18	01f840b3	xor	x1,x16,x31	 x16:0x768bcc57 x31:0x00000001  x1=0x768bcc56
       19615000	      1960	80000f1c	41df53b3	sra	x7,x30,x29	 x30:0x8000094c x29:0x2d547000  x7=0x8000094c
       19625000	      1961	80000f20	03e75a63	bge	x14,x30,80000f54	 x14:0x8000999c x30:0x8000094c
       19635000	      1962	00000000	00000013	addi	x0,x0,0	  x0:0x00000000
       19645000	      1963	80000f50	00000013	addi	x0,x0,0	  x0:0x00000000
       19655000	      1964	80000f54	01194b33	xor	x22,x18,x17	 x18:0x80009f84 x17:0x3bc6fb8c x22=0xbbc66408
       19665000	      1965	80000f58	016b29b3	slt	x19,x22,x22	 x22:0xbbc66408 x22:0xbbc66408 x19=0x00000000
       19675000	      1966	80000f5c	adb7b293	sltiu	x5,x15,-1317	 x15:0x507b6000  x5=0x00000001
       19685000	      1967	80000f60	019b57b3	srl	x15,x22,x25	 x22:0xbbc66408 x25:0x4c000000 x15=0xbbc66408
       19695000	      1968	80000f64	40845333	sra	x6,x8,x8	  x8:0x60a56000  x8:0x60a56000  x6=0x60a56000
       19705000	      1969	80000f68	e6ebe393	ori	x7,x23,-402	 x23:0x00000000  x7=0xfffffe6e
       19715000	      1970	80000f6c	01fb2cb3	slt	x25,x22,x31	 x22:0xbbc66408 x31:0x00000001 x25=0x00000001
       19725000	      1971	80000f70	01adf233	and	x4,x27,x26	 x27:0x00000000 x26:0x80009ef7  x4=0x00000000
       19735000	      1972	80000f74	00000013	addi	x0,x0,0	  x0:0x00000000
       19745000	      1973	80000f78	005f9793	slli	x15,x31,0x5	 x31:0x00000001 x15=0x00000020
       19755000	      1974	80000f7c	41ed03b3	sub	x7,x26,x30	 x26:0x80009ef7 x30:0x8000094c  x7=0x000095ab
       19765000	      1975	80000f80	01631693	slli	x13,x6,0x16	  x6:0x60a56000 x13=0x00000000
       19775000	      1976	80000f84	3ceccd37	lui	x26,0x3cecc	 x26=0x3cecc000
       19785000	      1977	80000f88	409fdb33	sra	x22,x31,x9	 x31:0x00000001  x9:0x89743000 x22=0x00000001
       19795000	      1978	80000f8c	027e8e63	beq	x29,x7,80000fc8	 x29:0x2d547000  x7:0x000095ab
       19805000	      1979	80000f90	004f8fb3	add	x31,x31,x4	 x31:0x00000001  x4:0x00000000 x31=0x00000001
       19815000	      1980	80000f94	00be39b3	sltu	x19,x28,x11	 x28:0x74ac36d7 x11:0x03c20000 x19=0x00000000
       19825000	      1981	80000f98	010836b3	sltu	x13,x16,x16	 x16:0x768bcc57 x16:0x768bcc57 x13=0x00000000
       19835000	      1982	80000f9c	8cde7db7	lui	x27,0x8cde7	 x27=0x8cde7000
       19845000	      1983	80000fa0	00a0ebb3	or	x23,x1,x10	  x1:0x768bcc56 x10:0x0000020c x23=0x768bce5e
       19855000	      1984	80000fa4	afb65337	lui	x6,0xafb65	  x6=0xafb65000
       19865000	      1985	80000fa8	01d19833	sll	x16,x3,x29	  x3:0x00000000 x29:0x2d547000 x16=0x00000000
       19875000	      1986	80000fac	41f7dd33	sra	x26,x15,x31	 x15:0x00000020 x31:0x00000001 x26=0x00000010
       19885000	      1987	80000fb0	41a3de93	srai	x29,x7,0x1a	  x7:0x000095ab x29=0x00000000
       19895000	      1988	80000fb4	50474313	xori	x6,x14,1284	 x14:0x8000999c  x6=0x80009c98
       19905000	      1989	80000fb8	038df463	bgeu	x27,x24,80000fe0	 x27:0x8cde7000 x24:0x0000014d
       19915000	      1990	00000000	00000013	addi	x0,x0,0	  x0:0x00000000
       19925000	      1991	80000fdc	00000013	addi	x0,x0,0	  x0:0x00000000
       19935000	      1992	80000fe0	31ad8817	auipc	x16,0x31ad8	 x16=0xb1ad8fdc
       19945000	      1993	80000fe4	01aff3b3	and	x7,x31,x26	 x31:0x00000001 x26:0x00000010  x7=0x00000000
       19955000	      1994	80000fe8	01af81b3	add	x3,x31,x26	 x31:0x00000001 x26:0x00000010  x3=0x00000011
       19965000	      1995	80000fec	c5ebc693	xori	x13,x23,-930	 x23:0x768bce5e x13=0x89743200
       19975000	      1996	80000ff0	8e42f693	andi	x13,x5,-1820	  x5:0x00000001 x13=0x00000000
       19985000	      1997	80000ff4	002a1b13	slli	x22,x20,0x2	 x20:0x80009fc4 x22=0x00027f10
       19995000	      1998	80000ff8	0c7464b7	lui	x9,0xc746	  x9=0x0c746000
       20005000	      1999	80000ffc	003070b3	and	x1,x0,x3	  x0:0x00000000  x3:0x00000011  x1=0x00000000
       20015000	      2000	80001000	01941293	slli	x5,x8,0x19	  x8:0x60a56000  x5=0x00000000
       20025000	      2001	80001004	5ac84593	xori	x11,x16,1452	 x16:0xb1ad8fdc x11=0xb1ad8a70
       20035000	      2002	80001008	87664b13	xori	x22,x12,-1930	 x12:0x80009eff x22=0x7fff6689
       20045000	      2003	8000100c	0130ce63	blt	x1,x19,80001028	  x1:0x00000000 x19:0x00000000
       20055000	      2004	80001010	f6506413	ori	x8,x0,-155	  x0:0x00000000  x8=0xffffff65
       20065000	      2005	80001014	6310ba93	sltiu	x21,x1,1585	  x1:0x00000000 x21=0x00000001
       20075000	      2006	80001018	00000013	addi	x0,x0,0	  x0:0x00000000
       20085000	      2007	8000101c	862cb813	sltiu	x16,x25,-1950	 x25:0x00000001 x16=0x00000001
       20095000	      2008	80001020	000b27b3	slt	x15,x22,x0	 x22:0x7fff6689  x0:0x00000000 x15=0x00000000
       20105000	      2009	80001024	41d155b3	sra	x11,x2,x29	  x2:0x00000001 x29:0x00000000 x11=0x00000001
       20115000	      2010	80001028	660ba213	slti	x4,x23,1632	 x23:0x768bce5e  x4=0x00000000
       20125000	      2011	8000102c	037bd663	bge	x23,x23,80001058	 x23:0x768bce5e x23:0x768bce5e
       20135000	      2012	00000000	00000013	addi	x0,x0,0	  x0:0x00000000
       20145000	      2013	80001054	00000013	addi	x0,x0,0	  x0:0x00000000
       20155000	      2014	80001058	d59fc217	auipc	x4,0xd59fc	  x4=0x559fd054
       20165000	      2015	8000105c	a9cc8d13	addi	x26,x25,-1380	 x25:0x00000001 x26=0xfffffa9d
       20175000	      2016	80001060	01851233	sll	x4,x10,x24	 x10:0x0000020c x24:0x0000014d  x4=0x00418000
       20185000	      2017	80001064	00b75113	srli	x2,x14,0xb	 x14:0x8000999c  x2=0x00100013
       20195000	      2018	80001068	03468063	beq	x13,x20,80001088	 x13:0x00000000 x20:0x80009fc4
       20205000	      2019	8000106c	36d7a437	lui	x8,0x36d7a	  x8=0x36d7a000
       20215000	      2020	80001070	4a99e013	ori	x0,x19,1193	 x19:0x00000000
       20225000	      2021	80001074	01ddee63	bltu	x27,x29,80001090	 x27:0x8cde7000 x29:0x00000000
       20235000	      2022	80001078	00d04fb3	xor	x31,x0,x13	  x0:0x00000000 x13:0x00000000 x31=0x00000000
       20245000	      2023	8000107c	00bdeab3	or	x21,x27,x11	 x27:0x8cde7000 x11:0x00000001 x21=0x8cde7001
       20255000	      2024	80001080	d2a28137	lui	x2,0xd2a28	  x2=0xd2a28000
       20265000	      2025	80001084	00a60663	beq	x12,x10,80001090	 x12:0x80009eff x10:0x0000020c
       20275000	      2026	80001088	30a44293	xori	x5,x8,778	  x8:0x36d7a000  x5=0x36d7a30a
       20285000	      2027	8000108c	41e1da93	srai	x21,x3,0x1e	  x3:0x00000011 x21=0x00000000
       20295000	      2028	80001090	f4e2c7b7	lui	x15,0xf4e2c	 x15=0xf4e2c000
       20305000	      2029	80001094	b56477b7	lui	x15,0xb5647	 x15=0xb5647000
       20315000	      2030	80001098	0097f6b3	and	x13,x15,x9	 x15:0xb5647000  x9:0x0c746000 x13=0x04646000
       20325000	      2031	8000109c	00c2f733	and	x14,x5,x12	  x5:0x36d7a30a x12:0x80009eff x14=0x0000820a
       20335000	      2032	800010a0	01fa1c93	slli	x25,x20,0x1f	 x20:0x80009fc4 x25=0x00000000
       20345000	      2033	800010a4	014bc1b3	xor	x3,x23,x20	 x23:0x768bce5e x20:0x80009fc4  x3=0xf68b519a
       20355000	      2034	800010a8	01014263	blt	x2,x16,800010ac	  x2:0xd2a28000 x16:0x00000001
       20365000	      2035	00000000	00000013	addi	x0,x0,0	  x0:0x00000000
       20375000	      2036	800010a8	00000013	addi	x0,x0,0	  x0:0x00000000
       20385000	      2037	800010ac	f65ce593	ori	x11,x25,-155	 x25:0x00000000 x11=0xffffff65
       20395000	      2038	800010b0	015740b3	xor	x1,x14,x21	 x14:0x0000820a x21:0x00000000  x1=0x0000820a
       20405000	      2039	800010b4	01bf9033	sll	x0,x31,x27	 x31:0x00000000 x27:0x8cde7000
       20415000	      2040	800010b8	00739493	slli	x9,x7,0x7	  x7:0x00000000  x9=0x00000000
       20425000	      2041	800010bc	00749eb3	sll	x29,x9,x7	  x9:0x00000000  x7:0x00000000 x29=0x00000000
       20435000	      2042	800010c0	05b4c063	blt	x9,x27,80001100	  x9:0x00000000 x27:0x8cde7000
       20445000	      2043	800010c4	41075b33	sra	x22,x14,x16	 x14:0x0000820a x16:0x00000001 x22=0x00004105
       20455000	      2044	800010c8	011940b3	xor	x1,x18,x17	 x18:0x80009f84 x17:0x3bc6fb8c  x1=0xbbc66408
       20465000	      2045	800010cc	40250bb3	sub	x23,x10,x2	 x10:0x0000020c  x2:0xd2a28000 x23=0x2d5d820c
       20475000	      2046	800010d0	9fd8f193	andi	x3,x17,-1539	 x17:0x3bc6fb8c  x3=0x3bc6f98c
       20485000	      2047	800010d4	01ffc6b3	xor	x13,x31,x31	 x31:0x00000000 x31:0x00000000 x13=0x00000000
       20495000	      2048	800010d8	009d0bb3	add	x23,x26,x9	 x26:0xfffffa9d  x9:0x00000000 x23=0xfffffa9d
       20505000	      2049	800010dc	406bdc93	srai	x25,x23,0x6	 x23:0xfffffa9d x25=0xffffffea
       20515000	      2050	800010e0	6269c997	auipc	x19,0x6269c	 x19=0xe269d0dc
       20525000	      2051	800010e4	022d7063	bgeu	x26,x2,80001104	 x26:0xfffffa9d  x2:0xd2a28000
       20535000	      2052	00000000	00000013	addi	x0,x0,0	  x0:0x00000000
       20545000	      2053	80001100	00000013	addi	x0,x0,0	  x0:0x00000000
       20555000	      2054	80001104	00f36e63	bltu	x6,x15,80001120	  x6:0x80009c98 x15:0xb5647000
       20565000	      2055	00000000	00000013	addi	x0,x0,0	  x0:0x00000000
       20575000	      2056	8000111c	00000013	addi	x0,x0,0	  x0:0x00000000
       20585000	      2057	80001120	00b71263	bne	x14,x11,80001124	 x14:0x0000820a x11:0xffffff65
       20595000	      2058	00000000	00000013	addi	x0,x0,0	  x0:0x00000000
       20605000	      2059	80001120	00000013	addi	x0,x0,0	  x0:0x00000000
       20615000	      2060	80001124	008e8863	beq	x29,x8,80001134	 x29:0x00000000  x8:0x36d7a000
       20625000	      2061	80001128	c85db117	auipc	x2,0xc85db	  x2=0x485dc124
       20635000	      2062	8000112c	029a0463	beq	x20,x9,80001154	 x20:0x80009fc4  x9:0x00000000
       20645000	      2063	80001130	03f18263	beq	x3,x31,80001154	  x3:0x3bc6f98c x31:0x00000000
       20655000	      2064	80001134	ac8e6997	auipc	x19,0xac8e6	 x19=0x2c8e7130
       20665000	      2065	80001138	ee037f37	lui	x30,0xee037	 x30=0xee037000
       20675000	      2066	8000113c	006b5413	srli	x8,x22,0x6	 x22:0x00004105  x8=0x00000104
       20685000	      2067	80001140	41e15f33	sra	x30,x2,x30	  x2:0x485dc124 x30:0xee037000 x30=0x485dc124
       20695000	      2068	80001144	dfdbe993	ori	x19,x23,-515	 x23:0xfffffa9d x19=0xfffffffd
       20705000	      2069	80001148	034f9a63	bne	x31,x20,8000117c	 x31:0x00000000 x20:0x80009fc4
       20715000	      2070	00000000	00000013	addi	x0,x0,0	  x0:0x00000000
       20725000	      2071	80001178	00000013	addi	x0,x0,0	  x0:0x00000000
       20735000	      2072	8000117c	e6354b93	xori	x23,x10,-413	 x10:0x0000020c x23=0xfffffc6f
       20745000	      2073	80001180	01c97eb3	and	x29,x18,x28	 x18:0x80009f84 x28:0x74ac36d7 x29=0x00001684
       20755000	      2074	80001184	02d10c63	beq	x2,x13,800011bc	  x2:0x485dc124 x13:0x00000000
       20765000	      2075	80001188	011a1b33	sll	x22,x20,x17	 x20:0x80009fc4 x17:0x3bc6fb8c x22=0x09fc4000
       20775000	      2076	8000118c	410d0bb3	sub	x23,x26,x16	 x26:0xfffffa9d x16:0x00000001 x23=0xfffffa9c
       20785000	      2077	80001190	001a2db3	slt	x27,x20,x1	 x20:0x80009fc4  x1:0xbbc66408 x27=0x00000001
       20795000	      2078	80001194	0177f663	bgeu	x15,x23,800011a0	 x15:0xb5647000 x23:0xfffffa9c
       20805000	      2079	80001198	7c9df093	andi	x1,x27,1993	 x27:0x00000001  x1=0x00000001
       20815000	      2080	8000119c	00fd97b3	sll	x15,x27,x15	 x27:0x00000001 x15:0xb5647000 x15=0x00000001
       20825000	      2081	800011a0	4065d613	srai	x12,x11,0x6	 x11:0xffffff65 x12=0xfffffffd
       20835000	      2082	800011a4	01575f33	srl	x30,x14,x21	 x14:0x0000820a x21:0x00000000 x30=0x0000820a
       20845000	      2083	800011a8	951eb813	sltiu	x16,x29,-1711	 x29:0x00001684 x16=0x00000001
       20855000	      2084	800011ac	01d3cdb3	xor	x27,x7,x29	  x7:0x00000000 x29:0x00001684 x27=0x00001684
       20865000	      2085	800011b0	01326463	bltu	x4,x19,800011b8	  x4:0x00418000 x19:0xfffffffd
       20875000	      2086	00000000	00000013	addi	x0,x0,0	  x0:0x00000000
       20885000	      2087	800011b4	00000013	addi	x0,x0,0	  x0:0x00000000
       20895000	      2088	800011b8	013868b3	or	x17,x16,x19	 x16:0x00000001 x19:0xfffffffd x17=0xfffffffd
       20905000	      2089	800011bc	02b48063	beq	x9,x11,800011dc	  x9:0x00000000 x11:0xffffff65
       20915000	      2090	800011c0	0288ce63	blt	x17,x8,800011fc	 x17:0xfffffffd  x8:0x00000104
       20925000	      2091	00000000	00000013	addi	x0,x0,0	  x0:0x00000000
       20935000	      2092	800011f8	00000013	addi	x0,x0,0	  x0:0x00000000
       20945000	      2093	800011fc	0159a9b3	slt	x19,x19,x21	 x19:0xfffffffd x21:0x00000000 x19=0x00000001
       20955000	      2094	80001200	13cc91b7	lui	x3,0x13cc9	  x3=0x13cc9000
       20965000	      2095	80001204	47a00613	addi	x12,x0,1146	  x0:0x00000000 x12=0x0000047a
       20975000	      2096	80001208	012e3eb3	sltu	x29,x28,x18	 x28:0x74ac36d7 x18:0x80009f84 x29=0x00000001
       20985000	      2097	8000120c	0589e863	bltu	x19,x24,8000125c	 x19:0x00000001 x24:0x0000014d
       20995000	      2098	00000000	00000013	addi	x0,x0,0	  x0:0x00000000
       21005000	      2099	80001258	00000013	addi	x0,x0,0	  x0:0x00000000
       21015000	      2100	8000125c	49473193	sltiu	x3,x14,1172	 x14:0x0000820a  x3=0x00000000
       21025000	      2101	80001260	01196bb3	or	x23,x18,x17	 x18:0x80009f84 x17:0xfffffffd x23=0xfffffffd
       21035000	      2102	80001264	40f25193	srai	x3,x4,0xf	  x4:0x00418000  x3=0x00000083
       21045000	      2103	80001268	d416b4b7	lui	x9,0xd416b	  x9=0xd416b000
       21055000	      2104	8000126c	02ab9c63	bne	x23,x10,800012a4	 x23:0xfffffffd x10:0x0000020c
       21065000	      2105	00000000	00000013	addi	x0,x0,0	  x0:0x00000000
       21075000	      2106	800012a0	00000013	addi	x0,x0,0	  x0:0x00000000
       21085000	      2107	800012a4	01f8c333	xor	x6,x17,x31	 x17:0xfffffffd x31:0x00000000  x6=0xfffffffd
       21095000	      2108	800012a8	00229693	slli	x13,x5,0x2	  x5:0x36d7a30a x13=0xdb5e8c28
       21105000	      2109	800012ac	0099d9b3	srl	x19,x19,x9	 x19:0x00000001  x9:0xd416b000 x19=0x00000001
       21115000	      2110	800012b0	00650db3	add	x27,x10,x6	 x10:0x0000020c  x6:0xfffffffd x27=0x00000209
       21125000	      2111	800012b4	009df3b3	and	x7,x27,x9	 x27:0x00000209  x9:0xd416b000  x7=0x00000000
       21135000	      2112	800012b8	a424b193	sltiu	x3,x9,-1470	  x9:0xd416b000  x3=0x00000001
       21145000	      2113	800012bc	00a80033	add	x0,x16,x10	 x16:0x00000001 x10:0x0000020c
       21155000	      2114	800012c0	09036a63	bltu	x6,x16,80001354	  x6:0xfffffffd x16:0x00000001
       21165000	      2115	800012c4	fb6f4817	auipc	x16,0xfb6f4	 x16=0x7b6f52c0
       21175000	      2116	800012c8	40ff5713	srai	x14,x30,0xf	 x30:0x0000820a x14=0x00000001
       21185000	      2117	800012cc	bc6df393	andi	x7,x27,-1082	 x27:0x00000209  x7=0x00000200
       21195000	      2118	800012d0	01e93433	sltu	x8,x18,x30	 x18:0x80009f84 x30:0x0000820a  x8=0x00000000
       21205000	      2119	800012d4	0085b6b3	sltu	x13,x11,x8	 x11:0xffffff65  x8:0x00000000 x13=0x00000000
       21215000	      2120	800012d8	08f89063	bne	x17,x15,80001358	 x17:0xfffffffd x15:0x00000001
       21225000	      2121	00000000	00000013	addi	x0,x0,0	  x0:0x00000000
       21235000	      2122	80001354	00000013	addi	x0,x0,0	  x0:0x00000000
       21245000	      2123	80001358	012dacb3	slt	x25,x27,x18	 x27:0x00000209 x18:0x80009f84 x25=0x00000000
       21255000	      2124	8000135c	94906113	ori	x2,x0,-1719	  x0:0x00000000  x2=0xfffff949
       21265000	      2125	80001360	36392c13	slti	x24,x18,867	 x18:0x80009f84 x24=0x00000001
       21275000	      2126	80001364	bab42293	slti	x5,x8,-1109	  x8:0x00000000  x5=0x00000000
       21285000	      2127	80001368	33c12193	slti	x3,x2,828	  x2:0xfffff949  x3=0x00000001
       21295000	      2128	8000136c	6288b2b7	lui	x5,0x6288b	  x5=0x6288b000
       21305000	      2129	80001370	d6102713	slti	x14,x0,-671	  x0:0x00000000 x14=0x00000000
       21315000	      2130	80001374	01e883b3	add	x7,x17,x30	 x17:0xfffffffd x30:0x0000820a  x7=0x00008207
       21325000	      2131	80001378	00e19a93	slli	x21,x3,0xe	  x3:0x00000001 x21=0x00004000
       21335000	      2132	8000137c	070f9c63	bne	x31,x16,800013f4	 x31:0x00000000 x16:0x7b6f52c0
       21345000	      2133	00000000	00000013	addi	x0,x0,0	  x0:0x00000000
       21355000	      2134	800013f0	00000013	addi	x0,x0,0	  x0:0x00000000
       21365000	      2135	800013f4	9a842613	slti	x12,x8,-1624	  x8:0x00000000 x12=0x00000000
       21375000	      2136	800013f8	000d5d13	srli	x26,x26,0x0	 x26:0xfffffa9d x26=0xfffffa9d
       21385000	      2137	800013fc	7f7a8193	addi	x3,x21,2039	 x21:0x00004000  x3=0x000047f7
       21395000	      2138	80001400	016300b3	add	x1,x6,x22	  x6:0xfffffffd x22:0x09fc4000  x1=0x09fc3ffd
       21405000	      2139	80001404	01cad633	srl	x12,x21,x28	 x21:0x00004000 x28:0x74ac36d7 x12=0x00000000
       21415000	      2140	80001408	09b44e63	blt	x8,x27,800014a4	  x8:0x00000000 x27:0x00000209
       21425000	      2141	00000000	00000013	addi	x0,x0,0	  x0:0x00000000
       21435000	      2142	800014a0	00000013	addi	x0,x0,0	  x0:0x00000000
       21445000	      2143	800014a4	78670e93	addi	x29,x14,1926	 x14:0x00000000 x29=0x00000786
       21455000	      2144	800014a8	03597e63	bgeu	x18,x21,800014e4	 x18:0x80009f84 x21:0x00004000
       21465000	      2145	00000000	00000013	addi	x0,x0,0	  x0:0x00000000
       21475000	      2146	800014e0	00000013	addi	x0,x0,0	  x0:0x00000000
       21485000	      2147	800014e4	045b5263	bge	x22,x5,80001528	 x22:0x09fc4000  x5:0x6288b000
       21495000	      2148	800014e8	47ddd517	auipc	x10,0x47ddd	 x10=0xc7dde4e4
       21505000	      2149	800014ec	00f16f33	or	x30,x2,x15	  x2:0xfffff949 x15:0x00000001 x30=0xfffff949
       21515000	      2150	800014f0	01069263	bne	x13,x16,800014f4	 x13:0x00000000 x16:0x7b6f52c0
       21525000	      2151	00000000	00000013	addi	x0,x0,0	  x0:0x00000000
       21535000	      2152	800014f0	00000013	addi	x0,x0,0	  x0:0x00000000
       21545000	      2153	800014f4	036a5c63	bge	x20,x22,8000152c	 x20:0x80009fc4 x22:0x09fc4000
       21555000	      2154	800014f8	018cf263	bgeu	x25,x24,800014fc	 x25:0x00000000 x24:0x00000001
       21565000	      2155	800014fc	00cd8463	beq	x27,x12,80001504	 x27:0x00000209 x12:0x00000000
       21575000	      2156	80001500	0289f463	bgeu	x19,x8,80001528	 x19:0x00000001  x8:0x00000000
       21585000	      2157	00000000	00000013	addi	x0,x0,0	  x0:0x00000000
       21595000	      2158	80001524	00000013	addi	x0,x0,0	  x0:0x00000000
       21605000	      2159	80001528	88de3413	sltiu	x8,x28,-1907	 x28:0x74ac36d7  x8=0x00000001
       21615000	      2160	8000152c	cf38f113	andi	x2,x17,-781	 x17:0xfffffffd  x2=0xfffffcf1
       21625000	      2161	80001530	87ace613	ori	x12,x25,-1926	 x25:0x00000000 x12=0xfffff87a
       21635000	      2162	80001534	55c2ad93	slti	x27,x5,1372	  x5:0x6288b000 x27=0x00000000
       21645000	      2163	80001538	015e6263	bltu	x28,x21,8000153c	 x28:0x74ac36d7 x21:0x00004000
       21655000	      2164	8000153c	01386fb3	or	x31,x16,x19	 x16:0x7b6f52c0 x19:0x00000001 x31=0x7b6f52c1
       21665000	      2165	80001540	0134f663	bgeu	x9,x19,8000154c	  x9:0xd416b000 x19:0x00000001
       21675000	      2166	00000000	00000013	addi	x0,x0,0	  x0:0x00000000
       21685000	      2167	80001548	00000013	addi	x0,x0,0	  x0:0x00000000
       21695000	      2168	8000154c	3d56b613	sltiu	x12,x13,981	 x13:0x00000000 x12=0x00000001
       21705000	      2169	80001550	0069bfb3	sltu	x31,x19,x6	 x19:0x00000001  x6:0xfffffffd x31=0x00000001
       21715000	      2170	80001554	0194fdb3	and	x27,x9,x25	  x9:0xd416b000 x25:0x00000000 x27=0x00000000
       21725000	      2171	80001558	00967663	bgeu	x12,x9,80001564	 x12:0x00000001  x9:0xd416b000
       21735000	      2172	8000155c	00000013	addi	x0,x0,0	  x0:0x00000000
       21745000	      2173	80001560	00c835b3	sltu	x11,x16,x12	 x16:0x7b6f52c0 x12:0x00000001 x11=0x00000000
       21755000	      2174	80001564	0064c863	blt	x9,x6,80001574	  x9:0xd416b000  x6:0xfffffffd
       21765000	      2175	00000000	00000013	addi	x0,x0,0	  x0:0x00000000
       21775000	      2176	80001570	00000013	addi	x0,x0,0	  x0:0x00000000
       21785000	      2177	80001574	400f89b3	sub	x19,x31,x0	 x31:0x00000001  x0:0x00000000 x19=0x00000001
       21795000	      2178	80001578	365a2e93	slti	x29,x20,869	 x20:0x80009fc4 x29=0x00000001
       21805000	      2179	8000157c	00000013	addi	x0,x0,0	  x0:0x00000000
       21815000	      2180	80001580	009a6333	or	x6,x20,x9	 x20:0x80009fc4  x9:0xd416b000  x6=0xd416bfc4
       21825000	      2181	80001584	00cdab33	slt	x22,x27,x12	 x27:0x00000000 x12:0x00000001 x22=0x00000001
       21835000	      2182	80001588	00a651b3	srl	x3,x12,x10	 x12:0x00000001 x10:0xc7dde4e4  x3=0x00000000
       21845000	      2183	8000158c	02c70e63	beq	x14,x12,800015c8	 x14:0x00000000 x12:0x00000001
       21855000	      2184	80001590	00811c33	sll	x24,x2,x8	  x2:0xfffffcf1  x8:0x00000001 x24=0xfffff9e2
       21865000	      2185	80001594	40d40533	sub	x10,x8,x13	  x8:0x00000001 x13:0x00000000 x10=0x00000001
       21875000	      2186	80001598	41d95f93	srai	x31,x18,0x1d	 x18:0x80009f84 x31=0xfffffffc
       21885000	      2187	8000159c	071a4e93	xori	x29,x20,113	 x20:0x80009fc4 x29=0x80009fb5
       21895000	      2188	800015a0	d0294493	xori	x9,x18,-766	 x18:0x80009f84  x9=0x7fff6286
       21905000	      2189	800015a4	03b14063	blt	x2,x27,800015c4	  x2:0xfffffcf1 x27:0x00000000
       21915000	      2190	00000000	00000013	addi	x0,x0,0	  x0:0x00000000
       21925000	      2191	800015c0	00000013	addi	x0,x0,0	  x0:0x00000000
       21935000	      2192	800015c4	4064d413	srai	x8,x9,0x6	  x9:0x7fff6286  x8=0x01fffd8a
       21945000	      2193	800015c8	cd3c0f13	addi	x30,x24,-813	 x24:0xfffff9e2 x30=0xfffff6b5
       21955000	      2194	800015cc	477c3497	auipc	x9,0x477c3	  x9=0xc77c45c8
       21965000	      2195	800015d0	01f1d8b3	srl	x17,x3,x31	  x3:0x00000000 x31:0xfffffffc x17=0x00000000
       21975000	      2196	800015d4	25777313	andi	x6,x14,599	 x14:0x00000000  x6=0x00000000
       21985000	      2197	800015d8	4193dc93	srai	x25,x7,0x19	  x7:0x00008207 x25=0x00000000
       21995000	      2198	800015dc	0039d033	srl	x0,x19,x3	 x19:0x00000001  x3:0x00000000
       22005000	      2199	800015e0	53c8cf13	xori	x30,x17,1340	 x17:0x00000000 x30=0x0000053c
       22015000	      2200	800015e4	046ce063	bltu	x25,x6,80001624	 x25:0x00000000  x6:0x00000000
       22025000	      2201	800015e8	68724813	xori	x16,x4,1671	  x4:0x00418000 x16=0x00418687
       22035000	      2202	800015ec	9aab2a93	slti	x21,x22,-1622	 x22:0x00000001 x21=0x00000000
       22045000	      2203	800015f0	00db9113	slli	x2,x23,0xd	 x23:0xfffffffd  x2=0xffffa000
       22055000	      2204	800015f4	00fb6663	bltu	x22,x15,80001600	 x22:0x00000001 x15:0x00000001
       22065000	      2205	800015f8	00ae5463	bge	x28,x10,80001600	 x28:0x74ac36d7 x10:0x00000001
       22075000	      2206	00000000	00000013	addi	x0,x0,0	  x0:0x00000000
       22085000	      2207	800015fc	00000013	addi	x0,x0,0	  x0:0x00000000
       22095000	      2208	80001600	6bf6f393	andi	x7,x13,1727	 x13:0x00000000  x7=0x00000000
       22105000	      2209	80001604	01f24633	xor	x12,x4,x31	  x4:0x00418000 x31:0xfffffffc x12=0xffbe7ffc
       22115000	      2210	80001608	0087fe63	bgeu	x15,x8,80001624	 x15:0x00000001  x8:0x01fffd8a
       22125000	      2211	8000160c	01db8cb3	add	x25,x23,x29	 x23:0xfffffffd x29:0x80009fb5 x25=0x80009fb2
       22135000	      2212	80001610	6048a113	slti	x2,x17,1540	 x17:0x00000000  x2=0x00000001
       22145000	      2213	80001614	005cbcb3	sltu	x25,x25,x5	 x25:0x80009fb2  x5:0x6288b000 x25=0x00000000
       22155000	      2214	80001618	01285813	srli	x16,x16,0x12	 x16:0x00418687 x16=0x00000010
       22165000	      2215	8000161c	01b91fb3	sll	x31,x18,x27	 x18:0x80009f84 x27:0x00000000 x31=0x80009f84
       22175000	      2216	80001620	018a86b3	add	x13,x21,x24	 x21:0x00000000 x24:0xfffff9e2 x13=0xfffff9e2
       22185000	      2217	80001624	01e0df33	srl	x30,x1,x30	  x1:0x09fc3ffd x30:0x0000053c x30=0x00000000
       22195000	      2218	80001628	00000013	addi	x0,x0,0	  x0:0x00000000
       22205000	      2219	8000162c	81843713	sltiu	x14,x8,-2024	  x8:0x01fffd8a x14=0x00000001
       22215000	      2220	80001630	0155deb3	srl	x29,x11,x21	 x11:0x00000000 x21:0x00000000 x29=0x00000000
       22225000	      2221	80001634	00110533	add	x10,x2,x1	  x2:0x00000001  x1:0x09fc3ffd x10=0x09fc3ffe
       22235000	      2222	80001638	12d80f13	addi	x30,x16,301	 x16:0x00000010 x30=0x0000013d
       22245000	      2223	8000163c	d58e8713	addi	x14,x29,-680	 x29:0x00000000 x14=0xfffffd58
       22255000	      2224	80001640	b6d2e013	ori	x0,x5,-1171	  x5:0x6288b000
       22265000	      2225	80001644	0330f263	bgeu	x1,x19,80001668	  x1:0x09fc3ffd x19:0x00000001
       22275000	      2226	00000000	00000013	addi	x0,x0,0	  x0:0x00000000
       22285000	      2227	80001664	00000013	addi	x0,x0,0	  x0:0x00000000
       22295000	      2228	80001668	04f51263	bne	x10,x15,800016ac	 x10:0x09fc3ffe x15:0x00000001
       22305000	      2229	00000000	00000013	addi	x0,x0,0	  x0:0x00000000
       22315000	      2230	800016a8	00000013	addi	x0,x0,0	  x0:0x00000000
       22325000	      2231	800016ac	97d6ad13	slti	x26,x13,-1667	 x13:0xfffff9e2 x26=0x00000000
       22335000	      2232	800016b0	00893433	sltu	x8,x18,x8	 x18:0x80009f84  x8:0x01fffd8a  x8=0x00000000
       22345000	      2233	800016b4	5c30af93	slti	x31,x1,1475	  x1:0x09fc3ffd x31=0x00000000
       22355000	      2234	800016b8	000f60b3	or	x1,x30,x0	 x30:0x0000013d  x0:0x00000000  x1=0x0000013d
       22365000	      2235	800016bc	01a1d3b3	srl	x7,x3,x26	  x3:0x00000000 x26:0x00000000  x7=0x00000000
       22375000	      2236	800016c0	00ce3c33	sltu	x24,x28,x12	 x28:0x74ac36d7 x12:0xffbe7ffc x24=0x00000001
       22385000	      2237	800016c4	0563f263	bgeu	x7,x22,80001708	  x7:0x00000000 x22:0x00000001
       22395000	      2238	800016c8	417c5393	srai	x7,x24,0x17	 x24:0x00000001  x7=0x00000000
       22405000	      2239	800016cc	0424a093	slti	x1,x9,66	  x9:0xc77c45c8  x1=0x00000001
       22415000	      2240	800016d0	01ac5b93	srli	x23,x24,0x1a	 x24:0x00000001 x23=0x00000000
       22425000	      2241	800016d4	005d8733	add	x14,x27,x5	 x27:0x00000000  x5:0x6288b000 x14=0x6288b000
       22435000	      2242	800016d8	2853cb13	xori	x22,x7,645	  x7:0x00000000 x22=0x00000285
       22445000	      2243	800016dc	00472ab3	slt	x21,x14,x4	 x14:0x6288b000  x4:0x00418000 x21=0x00000000
       22455000	      2244	800016e0	01f980b3	add	x1,x19,x31	 x19:0x00000001 x31:0x00000000  x1=0x00000001
       22465000	      2245	800016e4	0120e233	or	x4,x1,x18	  x1:0x00000001 x18:0x80009f84  x4=0x80009f85
       22475000	      2246	800016e8	00d21793	slli	x15,x4,0xd	  x4:0x80009f85 x15=0x13f0a000
       22485000	      2247	800016ec	015b9f33	sll	x30,x23,x21	 x23:0x00000000 x21:0x00000000 x30=0x00000000
       22495000	      2248	800016f0	01cf47b3	xor	x15,x30,x28	 x30:0x00000000 x28:0x74ac36d7 x15=0x74ac36d7
       22505000	      2249	800016f4	02936613	ori	x12,x6,41	  x6:0x00000000 x12=0x00000029
       22515000	      2250	800016f8	02b61e63	bne	x12,x11,80001734	 x12:0x00000029 x11:0x00000000
       22525000	      2251	00000000	00000013	addi	x0,x0,0	  x0:0x00000000
       22535000	      2252	80001730	00000013	addi	x0,x0,0	  x0:0x00000000
       22545000	      2253	80001734	00608663	beq	x1,x6,80001740	  x1:0x00000001  x6:0x00000000
       22555000	      2254	80001738	03b38c63	beq	x7,x27,80001770	  x7:0x00000000 x27:0x00000000
       22565000	      2255	00000000	00000013	addi	x0,x0,0	  x0:0x00000000
       22575000	      2256	8000176c	00000013	addi	x0,x0,0	  x0:0x00000000
       22585000	      2257	80001770	a5000f93	addi	x31,x0,-1456	  x0:0x00000000 x31=0xfffffa50
       22595000	      2258	80001774	409cdf13	srai	x30,x25,0x9	 x25:0x00000000 x30=0x00000000
       22605000	      2259	80001778	025d8e63	beq	x27,x5,800017b4	 x27:0x00000000  x5:0x6288b000
       22615000	      2260	8000177c	000b9033	sll	x0,x23,x0	 x23:0x00000000  x0:0x00000000
       22625000	      2261	80001780	01c46233	or	x4,x8,x28	  x8:0x00000000 x28:0x74ac36d7  x4=0x74ac36d7
       22635000	      2262	80001784	027b7663	bgeu	x22,x7,800017b0	 x22:0x00000285  x7:0x00000000
       22645000	      2263	00000000	00000013	addi	x0,x0,0	  x0:0x00000000
       22655000	      2264	800017ac	00000013	addi	x0,x0,0	  x0:0x00000000
       22665000	      2265	800017b0	03007063	bgeu	x0,x16,800017d0	  x0:0x00000000 x16:0x00000010
       22675000	      2266	800017b4	00cb9663	bne	x23,x12,800017c0	 x23:0x00000000 x12:0x00000029
       22685000	      2267	00000000	00000013	addi	x0,x0,0	  x0:0x00000000
       22695000	      2268	800017bc	00000013	addi	x0,x0,0	  x0:0x00000000
       22705000	      2269	800017c0	007315b3	sll	x11,x6,x7	  x6:0x00000000  x7:0x00000000 x11=0x00000000
       22715000	      2270	800017c4	0f7d3093	sltiu	x1,x26,247	 x26:0x00000000  x1=0x00000001
       22725000	      2271	800017c8	0332de63	bge	x5,x19,80001804	  x5:0x6288b000 x19:0x00000001
       22735000	      2272	00000000	00000013	addi	x0,x0,0	  x0:0x00000000
       22745000	      2273	80001800	00000013	addi	x0,x0,0	  x0:0x00000000
       22755000	      2274	80001804	001dd4b3	srl	x9,x27,x1	 x27:0x00000000  x1:0x00000001  x9=0x00000000
       22765000	      2275	80001808	00000013	addi	x0,x0,0	  x0:0x00000000
       22775000	      2276	8000180c	01e78ab3	add	x21,x15,x30	 x15:0x74ac36d7 x30:0x00000000 x21=0x74ac36d7
       22785000	      2277	80001810	01e85b33	srl	x22,x16,x30	 x16:0x00000010 x30:0x00000000 x22=0x00000010
       22795000	      2278	80001814	07a30c63	beq	x6,x26,8000188c	  x6:0x00000000 x26:0x00000000
       22805000	      2279	00000000	00000013	addi	x0,x0,0	  x0:0x00000000
       22815000	      2280	80001888	00000013	addi	x0,x0,0	  x0:0x00000000
       22825000	      2281	8000188c	00ea72b3	and	x5,x20,x14	 x20:0x80009fc4 x14:0x6288b000  x5=0x00009000
       22835000	      2282	80001890	40e2de93	srai	x29,x5,0xe	  x5:0x00009000 x29=0x00000002
       22845000	      2283	80001894	04dae263	bltu	x21,x13,800018d8	 x21:0x74ac36d7 x13:0xfffff9e2
       22855000	      2284	00000000	00000013	addi	x0,x0,0	  x0:0x00000000
       22865000	      2285	800018d4	00000013	addi	x0,x0,0	  x0:0x00000000
       22875000	      2286	800018d8	03587c63	bgeu	x16,x21,80001910	 x16:0x00000010 x21:0x74ac36d7
       22885000	      2287	800018dc	400b5ab3	sra	x21,x22,x0	 x22:0x00000010  x0:0x00000000 x21=0x00000010
       22895000	      2288	800018e0	c1314593	xori	x11,x2,-1005	  x2:0x00000001 x11=0xfffffc12
       22905000	      2289	800018e4	0080d233	srl	x4,x1,x8	  x1:0x00000001  x8:0x00000000  x4=0x00000001
       22915000	      2290	800018e8	00000013	addi	x0,x0,0	  x0:0x00000000
       22925000	      2291	800018ec	ab5f3b93	sltiu	x23,x30,-1355	 x30:0x00000000 x23=0x00000001
       22935000	      2292	800018f0	40c28133	sub	x2,x5,x12	  x5:0x00009000 x12:0x00000029  x2=0x00008fd7
       22945000	      2293	800018f4	009a8cb3	add	x25,x21,x9	 x21:0x00000010  x9:0x00000000 x25=0x00000010
       22955000	      2294	800018f8	0379f063	bgeu	x19,x23,80001918	 x19:0x00000001 x23:0x00000001
       22965000	      2295	00000000	00000013	addi	x0,x0,0	  x0:0x00000000
       22975000	      2296	80001914	00000013	addi	x0,x0,0	  x0:0x00000000
       22985000	      2297	80001918	d0a08593	addi	x11,x1,-758	  x1:0x00000001 x11=0xfffffd0b
       22995000	      2298	8000191c	0061f4b3	and	x9,x3,x6	  x3:0x00000000  x6:0x00000000  x9=0x00000000
       23005000	      2299	80001920	7d4b0a93	addi	x21,x22,2004	 x22:0x00000010 x21=0x000007e4
       23015000	      2300	80001924	00505113	srli	x2,x0,0x5	  x0:0x00000000  x2=0x00000000
       23025000	      2301	80001928	018ffab3	and	x21,x31,x24	 x31:0xfffffa50 x24:0x00000001 x21=0x00000000
       23035000	      2302	8000192c	01779b93	slli	x23,x15,0x17	 x15:0x74ac36d7 x23=0x6b800000
       23045000	      2303	80001930	0934aa93	slti	x21,x9,147	  x9:0x00000000 x21=0x00000001
       23055000	      2304	80001934	0afde693	ori	x13,x27,175	 x27:0x00000000 x13=0x000000af
       23065000	      2305	80001938	00697633	and	x12,x18,x6	 x18:0x80009f84  x6:0x00000000 x12=0x00000000
       23075000	      2306	8000193c	00000013	addi	x0,x0,0	  x0:0x00000000
       23085000	      2307	80001940	0027d093	srli	x1,x15,0x2	 x15:0x74ac36d7  x1=0x1d2b0db5
       23095000	      2308	80001944	0146fab3	and	x21,x13,x20	 x13:0x000000af x20:0x80009fc4 x21=0x00000084
       23105000	      2309	80001948	02550063	beq	x10,x5,80001968	 x10:0x09fc3ffe  x5:0x00009000
       23115000	      2310	8000194c	000eecb3	or	x25,x29,x0	 x29:0x00000002  x0:0x00000000 x25=0x00000002
       23125000	      2311	80001950	834dc713	xori	x14,x27,-1996	 x27:0x00000000 x14=0xfffff834
       23135000	      2312	80001954	f36eff93	andi	x31,x29,-202	 x29:0x00000002 x31=0x00000002
       23145000	      2313	80001958	03bc5e63	bge	x24,x27,80001994	 x24:0x00000001 x27:0x00000000
       23155000	      2314	00000000	00000013	addi	x0,x0,0	  x0:0x00000000
       23165000	      2315	80001990	00000013	addi	x0,x0,0	  x0:0x00000000
       23175000	      2316	80001994	17af7713	andi	x14,x30,378	 x30:0x00000000 x14=0x00000000
       23185000	      2317	80001998	00000013	addi	x0,x0,0	  x0:0x00000000
       23195000	      2318	8000199c	02877463	bgeu	x14,x8,800019c4	 x14:0x00000000  x8:0x00000000
       23205000	      2319	00000000	00000013	addi	x0,x0,0	  x0:0x00000000
       23215000	      2320	800019c0	00000013	addi	x0,x0,0	  x0:0x00000000
       23225000	      2321	800019c4	00256eb3	or	x29,x10,x2	 x10:0x09fc3ffe  x2:0x00000000 x29=0x09fc3ffe
       23235000	      2322	800019c8	00349513	slli	x10,x9,0x3	  x9:0x00000000 x10=0x00000000
       23245000	      2323	800019cc	002590b3	sll	x1,x11,x2	 x11:0xfffffd0b  x2:0x00000000  x1=0xfffffd0b
       23255000	      2324	800019d0	01846263	bltu	x8,x24,800019d4	  x8:0x00000000 x24:0x00000001
       23265000	      2325	00000000	00000013	addi	x0,x0,0	  x0:0x00000000
       23275000	      2326	800019d0	00000013	addi	x0,x0,0	  x0:0x00000000
       23285000	      2327	800019d4	030a4463	blt	x20,x16,800019fc	 x20:0x80009fc4 x16:0x00000010
       23295000	      2328	00000000	00000013	addi	x0,x0,0	  x0:0x00000000
       23305000	      2329	800019f8	00000013	addi	x0,x0,0	  x0:0x00000000
       23315000	      2330	800019fc	077dda63	bge	x27,x23,80001a70	 x27:0x00000000 x23:0x6b800000
       23325000	      2331	80001a00	41f45db3	sra	x27,x8,x31	  x8:0x00000000 x31:0x00000002 x27=0x00000000
       23335000	      2332	80001a04	8e71c993	xori	x19,x3,-1817	  x3:0x00000000 x19=0xfffff8e7
       23345000	      2333	80001a08	f6103b13	sltiu	x22,x0,-159	  x0:0x00000000 x22=0x00000001
       23355000	      2334	80001a0c	00dd21b3	slt	x3,x26,x13	 x26:0x00000000 x13:0x000000af  x3=0x00000001
       23365000	      2335	80001a10	b8c459b7	lui	x19,0xb8c45	 x19=0xb8c45000
       23375000	      2336	80001a14	00001097	auipc	x1,0x1	  x1=0x80002a10
       23385000	      2337	80001a18	02008093	addi	x1,x1,32	  x1:0x80002a10  x1=0x80002a30
       23395000	      2338	80001a1c	edd76593	ori	x11,x14,-291	 x14:0x00000000 x11=0xfffffedd
       23405000	      2339	80001a20	410187b3	sub	x15,x3,x16	  x3:0x00000001 x16:0x00000010 x15=0xfffffff1
       23415000	      2340	80001a24	03908093	addi	x1,x1,57	  x1:0x80002a30  x1=0x80002a69
       23425000	      2341	80001a28	b0af9837	lui	x16,0xb0af9	 x16=0xb0af9000
       23435000	      2342	80001a2c	41c359b3	sra	x19,x6,x28	  x6:0x00000000 x28:0x74ac36d7 x19=0x00000000
       23445000	      2343	80001a30	00a7b033	sltu	x0,x15,x10	 x15:0xfffffff1 x10:0x00000000
       23455000	      2344	80001a34	40475193	srai	x3,x14,0x4	 x14:0x00000000  x3=0x00000000
       23465000	      2345	80001a38	018c3d33	sltu	x26,x24,x24	 x24:0x00000001 x24:0x00000001 x26=0x00000000
       23475000	      2346	80001a3c	fc8082e7	jalr	x5,x1,-56	  x1:0x80002a69  x5=0x80001a3c
       23485000	      2347	00000000	00000013	addi	x0,x0,0	  x0:0x00000000
       23495000	      2348	80002a30	00000013	addi	x0,x0,0	  x0:0x00000000
       23505000	      2349	80002a34	00c47863	bgeu	x8,x12,80002a44	  x8:0x00000000 x12:0x00000000
       23515000	      2350	00000000	00000013	addi	x0,x0,0	  x0:0x00000000
       23525000	      2351	80002a40	00000013	addi	x0,x0,0	  x0:0x00000000
       23535000	      2352	80002a44	fd490913	addi	x18,x18,-44	 x18:0x80009f84 x18=0x80009f58
       23545000	      2353	80002a48	41bc5f93	srai	x31,x24,0x1b	 x24:0x00000001 x31=0x00000000
       23555000	      2354	80002a4c	011460b3	or	x1,x8,x17	  x8:0x00000000 x17:0x00000000  x1=0x00000000
       23565000	      2355	80002a50	00592223	sw	x5,4(x18)	 x18:0x80009f58  x5:0x80001a3c PA:0x80009f5c
       23575000	      2356	80002a54	c9147e93	andi	x29,x8,-879	  x8:0x00000000 x29=0x00000000
       23585000	      2357	80002a58	40565093	srai	x1,x12,0x5	 x12:0x00000000  x1=0x00000000
       23595000	      2358	80002a5c	01852833	slt	x16,x10,x24	 x10:0x00000000 x24:0x00000001 x16=0x00000001
       23605000	      2359	80002a60	00c97eb3	and	x29,x18,x12	 x18:0x80009f58 x12:0x00000000 x29=0x00000000
       23615000	      2360	80002a64	00acdc93	srli	x25,x25,0xa	 x25:0x00000002 x25=0x00000000
       23625000	      2361	80002a68	009e9533	sll	x10,x29,x9	 x29:0x00000000  x9:0x00000000 x10=0x00000000
       23635000	      2362	80002a6c	00a7dc13	srli	x24,x15,0xa	 x15:0xfffffff1 x24=0x003fffff
       23645000	      2363	80002a70	00e993b3	sll	x7,x19,x14	 x19:0x00000000 x14:0x00000000  x7=0x00000000
       23655000	      2364	80002a74	288002ef	jal	x5,80002a74	  x5=0x80002a74
       23665000	      2365	00000000	00000013	addi	x0,x0,0	  x0:0x00000000
       23675000	      2366	80002cf8	00000013	addi	x0,x0,0	  x0:0x00000000
       23685000	      2367	80002cfc	d8e83593	sltiu	x11,x16,-626	 x16:0x00000001 x11=0x00000001
       23695000	      2368	80002d00	00527cb3	and	x25,x4,x5	  x4:0x00000001  x5:0x80002a74 x25=0x00000000
       23705000	      2369	80002d04	0129f663	bgeu	x19,x18,80002d10	 x19:0x00000000 x18:0x80009f58
       23715000	      2370	80002d08	40068833	sub	x16,x13,x0	 x13:0x000000af  x0:0x00000000 x16=0x000000af
       23725000	      2371	80002d0c	b38d6493	ori	x9,x26,-1224	 x26:0x00000000  x9=0xfffffb38
       23735000	      2372	80002d10	fe090913	addi	x18,x18,-32	 x18:0x80009f58 x18=0x80009f38
       23745000	      2373	80002d14	00e149b3	xor	x19,x2,x14	  x2:0x00000000 x14:0x00000000 x19=0x00000000
       23755000	      2374	80002d18	01879313	slli	x6,x15,0x18	 x15:0xfffffff1  x6=0xf1000000
       23765000	      2375	80002d1c	00592223	sw	x5,4(x18)	 x18:0x80009f38  x5:0x80002a74 PA:0x80009f3c
       23775000	      2376	80002d20	d6133713	sltiu	x14,x6,-671	  x6:0xf1000000 x14=0x00000001
       23785000	      2377	80002d24	008002ef	jal	x5,80002d24	  x5=0x80002d24
       23795000	      2378	00000000	00000013	addi	x0,x0,0	  x0:0x00000000
       23805000	      2379	80002d28	00000013	addi	x0,x0,0	  x0:0x00000000
       23815000	      2380	80002d2c	040000ef	jal	x1,80002d2c	  x1=0x80002d2c
       23825000	      2381	00000000	00000013	addi	x0,x0,0	  x0:0x00000000
       23835000	      2382	80002d68	00000013	addi	x0,x0,0	  x0:0x00000000
       23845000	      2383	80002d6c	fd1ffd6f	jal	x26,80002d6c	 x26=0x80002d6c
       23855000	      2384	00000000	00000013	addi	x0,x0,0	  x0:0x00000000
       23865000	      2385	80002d38	00000013	addi	x0,x0,0	  x0:0x00000000
       23875000	      2386	80002d3c	0380036f	jal	x6,80002d3c	  x6=0x80002d3c
       23885000	      2387	00000000	00000013	addi	x0,x0,0	  x0:0x00000000
       23895000	      2388	80002d70	00000013	addi	x0,x0,0	  x0:0x00000000
       23905000	      2389	80002d74	00c005ef	jal	x11,80002d74	 x11=0x80002d74
       23915000	      2390	00000000	00000013	addi	x0,x0,0	  x0:0x00000000
       23925000	      2391	80002d7c	00000013	addi	x0,x0,0	  x0:0x00000000
       23935000	      2392	80002d80	fd1ff6ef	jal	x13,80002d80	 x13=0x80002d80
       23945000	      2393	00000000	00000013	addi	x0,x0,0	  x0:0x00000000
       23955000	      2394	80002d4c	00000013	addi	x0,x0,0	  x0:0x00000000
       23965000	      2395	80002d50	0140066f	jal	x12,80002d50	 x12=0x80002d50
       23975000	      2396	00000000	00000013	addi	x0,x0,0	  x0:0x00000000
       23985000	      2397	80002d60	00000013	addi	x0,x0,0	  x0:0x00000000
       23995000	      2398	80002d64	034005ef	jal	x11,80002d64	 x11=0x80002d64
       24005000	      2399	00000000	00000013	addi	x0,x0,0	  x0:0x00000000
       24015000	      2400	80002d94	00000013	addi	x0,x0,0	  x0:0x00000000
       24025000	      2401	80002d98	fe5ff0ef	jal	x1,80002d98	  x1=0x80002d98
       24035000	      2402	00000000	00000013	addi	x0,x0,0	  x0:0x00000000
       24045000	      2403	80002d78	00000013	addi	x0,x0,0	  x0:0x00000000
       24055000	      2404	80002d7c	008000ef	jal	x1,80002d7c	  x1=0x80002d7c
       24065000	      2405	00000000	00000013	addi	x0,x0,0	  x0:0x00000000
       24075000	      2406	80002d80	00000013	addi	x0,x0,0	  x0:0x00000000
       24085000	      2407	80002d84	fbdff0ef	jal	x1,80002d84	  x1=0x80002d84
       24095000	      2408	00000000	00000013	addi	x0,x0,0	  x0:0x00000000
       24105000	      2409	80002d3c	00000013	addi	x0,x0,0	  x0:0x00000000
       24115000	      2410	80002d40	fe9ff6ef	jal	x13,80002d40	 x13=0x80002d40
       24125000	      2411	00000000	00000013	addi	x0,x0,0	  x0:0x00000000
       24135000	      2412	80002d24	00000013	addi	x0,x0,0	  x0:0x00000000
       24145000	      2413	80002d28	06c00def	jal	x27,80002d28	 x27=0x80002d28
       24155000	      2414	00000000	00000013	addi	x0,x0,0	  x0:0x00000000
       24165000	      2415	80002d90	00000013	addi	x0,x0,0	  x0:0x00000000
       24175000	      2416	80002d94	fc1ff16f	jal	x2,80002d94	  x2=0x80002d94
       24185000	      2417	00000000	00000013	addi	x0,x0,0	  x0:0x00000000
       24195000	      2418	80002d50	00000013	addi	x0,x0,0	  x0:0x00000000
       24205000	      2419	80002d54	01c000ef	jal	x1,80002d54	  x1=0x80002d54
       24215000	      2420	00000000	00000013	addi	x0,x0,0	  x0:0x00000000
       24225000	      2421	80002d6c	00000013	addi	x0,x0,0	  x0:0x00000000
       24235000	      2422	80002d70	fd5ff0ef	jal	x1,80002d70	  x1=0x80002d70
       24245000	      2423	00000000	00000013	addi	x0,x0,0	  x0:0x00000000
       24255000	      2424	80002d40	00000013	addi	x0,x0,0	  x0:0x00000000
       24265000	      2425	80002d44	034000ef	jal	x1,80002d44	  x1=0x80002d44
       24275000	      2426	00000000	00000013	addi	x0,x0,0	  x0:0x00000000
       24285000	      2427	80002d74	00000013	addi	x0,x0,0	  x0:0x00000000
       24295000	      2428	80002d78	fd5ff0ef	jal	x1,80002d78	  x1=0x80002d78
       24305000	      2429	00000000	00000013	addi	x0,x0,0	  x0:0x00000000
       24315000	      2430	80002d48	00000013	addi	x0,x0,0	  x0:0x00000000
       24325000	      2431	80002d4c	fedff0ef	jal	x1,80002d4c	  x1=0x80002d4c
       24335000	      2432	00000000	00000013	addi	x0,x0,0	  x0:0x00000000
       24345000	      2433	80002d34	00000013	addi	x0,x0,0	  x0:0x00000000
       24355000	      2434	80002d38	ff9ff26f	jal	x4,80002d38	  x4=0x80002d38
       24365000	      2435	00000000	00000013	addi	x0,x0,0	  x0:0x00000000
       24375000	      2436	80002d2c	00000013	addi	x0,x0,0	  x0:0x00000000
       24385000	      2437	80002d30	028000ef	jal	x1,80002d30	  x1=0x80002d30
       24395000	      2438	00000000	00000013	addi	x0,x0,0	  x0:0x00000000
       24405000	      2439	80002d54	00000013	addi	x0,x0,0	  x0:0x00000000
       24415000	      2440	80002d58	0040086f	jal	x16,80002d58	 x16=0x80002d58
       24425000	      2441	00000000	00000013	addi	x0,x0,0	  x0:0x00000000
       24435000	      2442	80002d58	00000013	addi	x0,x0,0	  x0:0x00000000
       24445000	      2443	80002d5c	fd9ff1ef	jal	x3,80002d5c	  x3=0x80002d5c
       24455000	      2444	00000000	00000013	addi	x0,x0,0	  x0:0x00000000
       24465000	      2445	80002d30	00000013	addi	x0,x0,0	  x0:0x00000000
       24475000	      2446	80002d34	014000ef	jal	x1,80002d34	  x1=0x80002d34
       24485000	      2447	00000000	00000013	addi	x0,x0,0	  x0:0x00000000
       24495000	      2448	80002d44	00000013	addi	x0,x0,0	  x0:0x00000000
       24505000	      2449	80002d48	02000cef	jal	x25,80002d48	 x25=0x80002d48
       24515000	      2450	00000000	00000013	addi	x0,x0,0	  x0:0x00000000
       24525000	      2451	80002d64	00000013	addi	x0,x0,0	  x0:0x00000000
       24535000	      2452	80002d68	028000ef	jal	x1,80002d68	  x1=0x80002d68
       24545000	      2453	00000000	00000013	addi	x0,x0,0	  x0:0x00000000
       24555000	      2454	80002d8c	00000013	addi	x0,x0,0	  x0:0x00000000
       24565000	      2455	80002d90	ff9ff16f	jal	x2,80002d90	  x2=0x80002d90
       24575000	      2456	00000000	00000013	addi	x0,x0,0	  x0:0x00000000
       24585000	      2457	80002d84	00000013	addi	x0,x0,0	  x0:0x00000000
       24595000	      2458	80002d88	fd9ffcef	jal	x25,80002d88	 x25=0x80002d88
       24605000	      2459	00000000	00000013	addi	x0,x0,0	  x0:0x00000000
       24615000	      2460	80002d5c	00000013	addi	x0,x0,0	  x0:0x00000000
       24625000	      2461	80002d60	02c000ef	jal	x1,80002d60	  x1=0x80002d60
       24635000	      2462	00000000	00000013	addi	x0,x0,0	  x0:0x00000000
       24645000	      2463	80002d88	00000013	addi	x0,x0,0	  x0:0x00000000
       24655000	      2464	80002d8c	0100036f	jal	x6,80002d8c	  x6=0x80002d8c
       24665000	      2465	00000000	00000013	addi	x0,x0,0	  x0:0x00000000
       24675000	      2466	80002d98	00000013	addi	x0,x0,0	  x0:0x00000000
       24685000	      2467	80002d9c	00a13433	sltu	x8,x2,x10	  x2:0x80002d90 x10:0x00000000  x8=0x00000000
       24695000	      2468	80002da0	014002ef	jal	x5,80002da0	  x5=0x80002da0
       24705000	      2469	00000000	00000013	addi	x0,x0,0	  x0:0x00000000
       24715000	      2470	80002db0	00000013	addi	x0,x0,0	  x0:0x00000000
       24725000	      2471	80002db4	014003ef	jal	x7,80002db4	  x7=0x80002db4
       24735000	      2472	00000000	00000013	addi	x0,x0,0	  x0:0x00000000
       24745000	      2473	80002dc4	00000013	addi	x0,x0,0	  x0:0x00000000
       24755000	      2474	80002dc8	fe9ff36f	jal	x6,80002dc8	  x6=0x80002dc8
       24765000	      2475	00000000	00000013	addi	x0,x0,0	  x0:0x00000000
       24775000	      2476	80002dac	00000013	addi	x0,x0,0	  x0:0x00000000
       24785000	      2477	80002db0	008000ef	jal	x1,80002db0	  x1=0x80002db0
       24795000	      2478	00000000	00000013	addi	x0,x0,0	  x0:0x00000000
       24805000	      2479	80002db4	00000013	addi	x0,x0,0	  x0:0x00000000
       24815000	      2480	80002db8	ff1ff76f	jal	x14,80002db8	 x14=0x80002db8
       24825000	      2481	00000000	00000013	addi	x0,x0,0	  x0:0x00000000
       24835000	      2482	80002da4	00000013	addi	x0,x0,0	  x0:0x00000000
       24845000	      2483	80002da8	0040036f	jal	x6,80002da8	  x6=0x80002da8
       24855000	      2484	00000000	00000013	addi	x0,x0,0	  x0:0x00000000
       24865000	      2485	80002da8	00000013	addi	x0,x0,0	  x0:0x00000000
       24875000	      2486	80002dac	014003ef	jal	x7,80002dac	  x7=0x80002dac
       24885000	      2487	00000000	00000013	addi	x0,x0,0	  x0:0x00000000
       24895000	      2488	80002dbc	00000013	addi	x0,x0,0	  x0:0x00000000
       24905000	      2489	80002dc0	ffdff36f	jal	x6,80002dc0	  x6=0x80002dc0
       24915000	      2490	00000000	00000013	addi	x0,x0,0	  x0:0x00000000
       24925000	      2491	80002db8	00000013	addi	x0,x0,0	  x0:0x00000000
       24935000	      2492	80002dbc	fe9ff0ef	jal	x1,80002dbc	  x1=0x80002dbc
       24945000	      2493	00000000	00000013	addi	x0,x0,0	  x0:0x00000000
       24955000	      2494	80002da0	00000013	addi	x0,x0,0	  x0:0x00000000
       24965000	      2495	80002da4	028000ef	jal	x1,80002da4	  x1=0x80002da4
       24975000	      2496	00000000	00000013	addi	x0,x0,0	  x0:0x00000000
       24985000	      2497	80002dc8	00000013	addi	x0,x0,0	  x0:0x00000000
       24995000	      2498	80002dcc	ff9ff0ef	jal	x1,80002dcc	  x1=0x80002dcc
       25005000	      2499	00000000	00000013	addi	x0,x0,0	  x0:0x00000000
       25015000	      2500	80002dc0	00000013	addi	x0,x0,0	  x0:0x00000000
       25025000	      2501	80002dc4	00c0036f	jal	x6,80002dc4	  x6=0x80002dc4
       25035000	      2502	00000000	00000013	addi	x0,x0,0	  x0:0x00000000
       25045000	      2503	80002dcc	00000013	addi	x0,x0,0	  x0:0x00000000
       25055000	      2504	80002dd0	22534313	xori	x6,x6,549	  x6:0x80002dc4  x6=0x80002fe1
       25065000	      2505	80002dd4	014002ef	jal	x5,80002dd4	  x5=0x80002dd4
       25075000	      2506	00000000	00000013	addi	x0,x0,0	  x0:0x00000000
       25085000	      2507	80002de4	00000013	addi	x0,x0,0	  x0:0x00000000
       25095000	      2508	80002de8	0040036f	jal	x6,80002de8	  x6=0x80002de8
       25105000	      2509	00000000	00000013	addi	x0,x0,0	  x0:0x00000000
       25115000	      2510	80002de8	00000013	addi	x0,x0,0	  x0:0x00000000
       25125000	      2511	80002dec	0100036f	jal	x6,80002dec	  x6=0x80002dec
       25135000	      2512	00000000	00000013	addi	x0,x0,0	  x0:0x00000000
       25145000	      2513	80002df8	00000013	addi	x0,x0,0	  x0:0x00000000
       25155000	      2514	80002dfc	fe1ff8ef	jal	x17,80002dfc	 x17=0x80002dfc
       25165000	      2515	00000000	00000013	addi	x0,x0,0	  x0:0x00000000
       25175000	      2516	80002dd8	00000013	addi	x0,x0,0	  x0:0x00000000
       25185000	      2517	80002ddc	02c000ef	jal	x1,80002ddc	  x1=0x80002ddc
       25195000	      2518	00000000	00000013	addi	x0,x0,0	  x0:0x00000000
       25205000	      2519	80002e04	00000013	addi	x0,x0,0	  x0:0x00000000
       25215000	      2520	80002e08	ff9ff26f	jal	x4,80002e08	  x4=0x80002e08
       25225000	      2521	00000000	00000013	addi	x0,x0,0	  x0:0x00000000
       25235000	      2522	80002dfc	00000013	addi	x0,x0,0	  x0:0x00000000
       25245000	      2523	80002e00	fd9ffbef	jal	x23,80002e00	 x23=0x80002e00
       25255000	      2524	00000000	00000013	addi	x0,x0,0	  x0:0x00000000
       25265000	      2525	80002dd4	00000013	addi	x0,x0,0	  x0:0x00000000
       25275000	      2526	80002dd8	01c000ef	jal	x1,80002dd8	  x1=0x80002dd8
       25285000	      2527	00000000	00000013	addi	x0,x0,0	  x0:0x00000000
       25295000	      2528	80002df0	00000013	addi	x0,x0,0	  x0:0x00000000
       25305000	      2529	80002df4	00400eef	jal	x29,80002df4	 x29=0x80002df4
       25315000	      2530	00000000	00000013	addi	x0,x0,0	  x0:0x00000000
       25325000	      2531	80002df4	00000013	addi	x0,x0,0	  x0:0x00000000
       25335000	      2532	80002df8	fedff0ef	jal	x1,80002df8	  x1=0x80002df8
       25345000	      2533	00000000	00000013	addi	x0,x0,0	  x0:0x00000000
       25355000	      2534	80002de0	00000013	addi	x0,x0,0	  x0:0x00000000
       25365000	      2535	80002de4	ffdfffef	jal	x31,80002de4	 x31=0x80002de4
       25375000	      2536	00000000	00000013	addi	x0,x0,0	  x0:0x00000000
       25385000	      2537	80002ddc	00000013	addi	x0,x0,0	  x0:0x00000000
       25395000	      2538	80002de0	0100036f	jal	x6,80002de0	  x6=0x80002de0
       25405000	      2539	00000000	00000013	addi	x0,x0,0	  x0:0x00000000
       25415000	      2540	80002dec	00000013	addi	x0,x0,0	  x0:0x00000000
       25425000	      2541	80002df0	0140016f	jal	x2,80002df0	  x2=0x80002df0
       25435000	      2542	00000000	00000013	addi	x0,x0,0	  x0:0x00000000
       25445000	      2543	80002e00	00000013	addi	x0,x0,0	  x0:0x00000000
       25455000	      2544	80002e04	00800b6f	jal	x22,80002e04	 x22=0x80002e04
       25465000	      2545	00000000	00000013	addi	x0,x0,0	  x0:0x00000000
       25475000	      2546	80002e08	00000013	addi	x0,x0,0	  x0:0x00000000
       25485000	      2547	80002e0c	00000013	addi	x0,x0,0	  x0:0x00000000
       25495000	      2548	80002e10	aaef0213	addi	x4,x30,-1362	 x30:0x00000000  x4=0xfffffaae
       25505000	      2549	80002e14	77e2ce93	xori	x29,x5,1918	  x5:0x80002dd4 x29=0x80002aaa
       25515000	      2550	80002e18	00252233	slt	x4,x10,x2	 x10:0x00000000  x2:0x80002df0  x4=0x00000000
       25525000	      2551	80002e1c	015014b3	sll	x9,x0,x21	  x0:0x00000000 x21:0x00000084  x9=0x00000000
       25535000	      2552	80002e20	f9048e93	addi	x29,x9,-112	  x9:0x00000000 x29=0xffffff90
       25545000	      2553	80002e24	016c5413	srli	x8,x24,0x16	 x24:0x003fffff  x8=0x00000000
       25555000	      2554	80002e28	020de063	bltu	x27,x0,80002e48	 x27:0x80002d28  x0:0x00000000
       25565000	      2555	80002e2c	18c7b113	sltiu	x2,x15,396	 x15:0xfffffff1  x2=0x00000000
       25575000	      2556	80002e30	004bf033	and	x0,x23,x4	 x23:0x80002e00  x4:0x00000000
       25585000	      2557	80002e34	4062dc13	srai	x24,x5,0x6	  x5:0x80002dd4 x24=0xfe0000b7
       25595000	      2558	80002e38	4074d793	srai	x15,x9,0x7	  x9:0x00000000 x15=0x00000000
       25605000	      2559	80002e3c	0190da63	bge	x1,x25,80002e50	  x1:0x80002df8 x25:0x80002d88
       25615000	      2560	00000000	00000013	addi	x0,x0,0	  x0:0x00000000
       25625000	      2561	80002e4c	00000013	addi	x0,x0,0	  x0:0x00000000
       25635000	      2562	80002e50	f924c593	xori	x11,x9,-110	  x9:0x00000000 x11=0xffffff92
       25645000	      2563	80002e54	003504b3	add	x9,x10,x3	 x10:0x00000000  x3:0x80002d5c  x9=0x80002d5c
       25655000	      2564	80002e58	018171b3	and	x3,x2,x24	  x2:0x00000000 x24:0xfe0000b7  x3=0x00000000
       25665000	      2565	80002e5c	0508d663	bge	x17,x16,80002ea8	 x17:0x80002dfc x16:0x80002d58
       25675000	      2566	00000000	00000013	addi	x0,x0,0	  x0:0x00000000
       25685000	      2567	80002ea4	00000013	addi	x0,x0,0	  x0:0x00000000
       25695000	      2568	80002ea8	01b33f33	sltu	x30,x6,x27	  x6:0x80002de0 x27:0x80002d28 x30=0x00000000
       25705000	      2569	80002eac	00000013	addi	x0,x0,0	  x0:0x00000000
       25715000	      2570	80002eb0	01a35e93	srli	x29,x6,0x1a	  x6:0x80002de0 x29=0x00000020
       25725000	      2571	80002eb4	01018833	add	x16,x3,x16	  x3:0x00000000 x16:0x80002d58 x16=0x80002d58
       25735000	      2572	80002eb8	00de43b3	xor	x7,x28,x13	 x28:0x74ac36d7 x13:0x80002d40  x7=0xf4ac1b97
       25745000	      2573	80002ebc	01992bb3	slt	x23,x18,x25	 x18:0x80009f38 x25:0x80002d88 x23=0x00000000
       25755000	      2574	80002ec0	006848b3	xor	x17,x16,x6	 x16:0x80002d58  x6:0x80002de0 x17=0x000000b8
       25765000	      2575	80002ec4	e14ba893	slti	x17,x23,-492	 x23:0x00000000 x17=0x00000000
       25775000	      2576	80002ec8	012edf93	srli	x31,x29,0x12	 x29:0x00000020 x31=0x00000000
       25785000	      2577	80002ecc	04572b93	slti	x23,x14,69	 x14:0x80002db8 x23=0x00000001
       25795000	      2578	80002ed0	000f2b33	slt	x22,x30,x0	 x30:0x00000000  x0:0x00000000 x22=0x00000000
       25805000	      2579	80002ed4	002b5f93	srli	x31,x22,0x2	 x22:0x00000000 x31=0x00000000
       25815000	      2580	80002ed8	012d3cb3	sltu	x25,x26,x18	 x26:0x80002d6c x18:0x80009f38 x25=0x00000001
       25825000	      2581	80002edc	02f1fc63	bgeu	x3,x15,80002f14	  x3:0x00000000 x15:0x00000000
       25835000	      2582	00000000	00000013	addi	x0,x0,0	  x0:0x00000000
       25845000	      2583	80002f10	00000013	addi	x0,x0,0	  x0:0x00000000
       25855000	      2584	80002f14	020bd863	bge	x23,x0,80002f44	 x23:0x00000001  x0:0x00000000
       25865000	      2585	00000000	00000013	addi	x0,x0,0	  x0:0x00000000
       25875000	      2586	80002f40	00000013	addi	x0,x0,0	  x0:0x00000000
       25885000	      2587	80002f44	0008e2b3	or	x5,x17,x0	 x17:0x00000000  x0:0x00000000  x5=0x00000000
       25895000	      2588	80002f48	4bd4a493	slti	x9,x9,1213	  x9:0x80002d5c  x9=0x00000001
       25905000	      2589	80002f4c	01491813	slli	x16,x18,0x14	 x18:0x80009f38 x16=0xf3800000
       25915000	      2590	80002f50	00a11193	slli	x3,x2,0xa	  x2:0x00000000  x3=0x00000000
       25925000	      2591	80002f54	01b55033	srl	x0,x10,x27	 x10:0x00000000 x27:0x80002d28
       25935000	      2592	80002f58	42773693	sltiu	x13,x14,1063	 x14:0x80002db8 x13=0x00000000
       25945000	      2593	80002f5c	a6abc613	xori	x12,x23,-1430	 x23:0x00000001 x12=0xfffffa6b
       25955000	      2594	80002f60	00fe0633	add	x12,x28,x15	 x28:0x74ac36d7 x15:0x00000000 x12=0x74ac36d7
       25965000	      2595	80002f64	0178d833	srl	x16,x17,x23	 x17:0x00000000 x23:0x00000001 x16=0x00000000
       25975000	      2596	80002f68	416186b3	sub	x13,x3,x22	  x3:0x00000000 x22:0x00000000 x13=0x00000000
       25985000	      2597	80002f6c	41ec5833	sra	x16,x24,x30	 x24:0xfe0000b7 x30:0x00000000 x16=0xfe0000b7
       25995000	      2598	80002f70	01fa90b3	sll	x1,x21,x31	 x21:0x00000084 x31:0x00000000  x1=0x00000084
       26005000	      2599	80002f74	81fb4893	xori	x17,x22,-2017	 x22:0x00000000 x17=0xfffff81f
       26015000	      2600	80002f78	41bfe497	auipc	x9,0x41bfe	  x9=0xc1c00f74
       26025000	      2601	80002f7c	00edc233	xor	x4,x27,x14	 x27:0x80002d28 x14:0x80002db8  x4=0x00000090
       26035000	      2602	80002f80	1088f793	andi	x15,x17,264	 x17:0xfffff81f x15=0x00000008
       26045000	      2603	80002f84	00d65613	srli	x12,x12,0xd	 x12:0x74ac36d7 x12=0x0003a561
       26055000	      2604	80002f88	00000013	addi	x0,x0,0	  x0:0x00000000
       26065000	      2605	80002f8c	01985093	srli	x1,x16,0x19	 x16:0xfe0000b7  x1=0x0000007f
       26075000	      2606	80002f90	a0b4c513	xori	x10,x9,-1525	  x9:0xc1c00f74 x10=0x3e3ff57f
       26085000	      2607	80002f94	006c7a63	bgeu	x24,x6,80002fa8	 x24:0xfe0000b7  x6:0x80002de0
       26095000	      2608	00000000	00000013	addi	x0,x0,0	  x0:0x00000000
       26105000	      2609	80002fa4	00000013	addi	x0,x0,0	  x0:0x00000000
       26115000	      2610	80002fa8	045ad063	bge	x21,x5,80002fe8	 x21:0x00000084  x5:0x00000000
       26125000	      2611	00000000	00000013	addi	x0,x0,0	  x0:0x00000000
       26135000	      2612	80002fe4	00000013	addi	x0,x0,0	  x0:0x00000000
       26145000	      2613	80002fe8	69d36393	ori	x7,x6,1693	  x6:0x80002de0  x7=0x80002ffd
       26155000	      2614	80002fec	e5927293	andi	x5,x4,-423	  x4:0x00000090  x5=0x00000010
       26165000	      2615	80002ff0	01be45b3	xor	x11,x28,x27	 x28:0x74ac36d7 x27:0x80002d28 x11=0xf4ac1bff
       26175000	      2616	80002ff4	001092b3	sll	x5,x1,x1	  x1:0x0000007f  x1:0x0000007f  x5=0x80000000
       26185000	      2617	80002ff8	40f7dc33	sra	x24,x15,x15	 x15:0x00000008 x15:0x00000008 x24=0x00000000
       26195000	      2618	80002ffc	019e9663	bne	x29,x25,80003008	 x29:0x00000020 x25:0x00000001
       26205000	      2619	00000000	00000013	addi	x0,x0,0	  x0:0x00000000
       26215000	      2620	80003004	00000013	addi	x0,x0,0	  x0:0x00000000
       26225000	      2621	80003008	01b82db3	slt	x27,x16,x27	 x16:0xfe0000b7 x27:0x80002d28 x27=0x00000000
       26235000	      2622	8000300c	46480113	addi	x2,x16,1124	 x16:0xfe0000b7  x2=0xfe00051b
       26245000	      2623	80003010	00000013	addi	x0,x0,0	  x0:0x00000000
       26255000	      2624	80003014	010ff663	bgeu	x31,x16,80003020	 x31:0x00000000 x16:0xfe0000b7
       26265000	      2625	80003018	01329263	bne	x5,x19,8000301c	  x5:0x80000000 x19:0x00000000
       26275000	      2626	00000000	00000013	addi	x0,x0,0	  x0:0x00000000
       26285000	      2627	80003018	00000013	addi	x0,x0,0	  x0:0x00000000
       26295000	      2628	8000301c	00000013	addi	x0,x0,0	  x0:0x00000000
       26305000	      2629	80003020	01bd69b3	or	x19,x26,x27	 x26:0x80002d6c x27:0x00000000 x19=0x80002d6c
       26315000	      2630	80003024	41923f93	sltiu	x31,x4,1049	  x4:0x00000090 x31=0x00000001
       26325000	      2631	80003028	0161f333	and	x6,x3,x22	  x3:0x00000000 x22:0x00000000  x6=0x00000000
       26335000	      2632	8000302c	61268113	addi	x2,x13,1554	 x13:0x00000000  x2=0x00000612
       26345000	      2633	80003030	0060d9b3	srl	x19,x1,x6	  x1:0x0000007f  x6:0x00000000 x19=0x0000007f
       26355000	      2634	80003034	001bdf13	srli	x30,x23,0x1	 x23:0x00000001 x30=0x00000000
       26365000	      2635	80003038	02741a63	bne	x8,x7,8000306c	  x8:0x00000000  x7:0x80002ffd
       26375000	      2636	00000000	00000013	addi	x0,x0,0	  x0:0x00000000
       26385000	      2637	80003068	00000013	addi	x0,x0,0	  x0:0x00000000
       26395000	      2638	8000306c	0039bab3	sltu	x21,x19,x3	 x19:0x0000007f  x3:0x00000000 x21=0x00000000
       26405000	      2639	80003070	00943c33	sltu	x24,x8,x9	  x8:0x00000000  x9:0xc1c00f74 x24=0x00000001
       26415000	      2640	80003074	011f1db3	sll	x27,x30,x17	 x30:0x00000000 x17:0xfffff81f x27=0x00000000
       26425000	      2641	80003078	03ddd663	bge	x27,x29,800030a4	 x27:0x00000000 x29:0x00000020
       26435000	      2642	8000307c	01e31f93	slli	x31,x6,0x1e	  x6:0x00000000 x31=0x00000000
       26445000	      2643	80003080	5b710413	addi	x8,x2,1463	  x2:0x00000612  x8=0x00000bc9
       26455000	      2644	80003084	00052bb3	slt	x23,x10,x0	 x10:0x3e3ff57f  x0:0x00000000 x23=0x00000000
       26465000	      2645	80003088	03ab9a63	bne	x23,x26,800030bc	 x23:0x00000000 x26:0x80002d6c
       26475000	      2646	00000000	00000013	addi	x0,x0,0	  x0:0x00000000
       26485000	      2647	800030b8	00000013	addi	x0,x0,0	  x0:0x00000000
       26495000	      2648	800030bc	008034b3	sltu	x9,x0,x8	  x0:0x00000000  x8:0x00000bc9  x9=0x00000001
       26505000	      2649	800030c0	00492283	lw	x5,4(x18)	 x18:0x80009f38  x5=0x80002a74 PA:0x80009f3c
       26515000	      2650	800030c4	01c97db3	and	x27,x18,x28	 x18:0x80009f38 x28:0x74ac36d7 x27=0x00001610
       26525000	      2651	800030c8	00000013	addi	x0,x0,0	  x0:0x00000000
       26535000	      2652	800030cc	01cd29b3	slt	x19,x26,x28	 x26:0x80002d6c x28:0x74ac36d7 x19=0x00000001
       26545000	      2653	800030d0	012b15b3	sll	x11,x22,x18	 x22:0x00000000 x18:0x80009f38 x11=0x00000000
       26555000	      2654	800030d4	6c9fa893	slti	x17,x31,1737	 x31:0x00000000 x17=0x00000001
       26565000	      2655	800030d8	02090913	addi	x18,x18,32	 x18:0x80009f38 x18=0x80009f58
       26575000	      2656	800030dc	407c59b3	sra	x19,x24,x7	 x24:0x00000001  x7:0x80002ffd x19=0x00000000
       26585000	      2657	800030e0	00ee9a93	slli	x21,x29,0xe	 x29:0x00000020 x21=0x00080000
       26595000	      2658	800030e4	00028f93	addi	x31,x5,0	  x5:0x80002a74 x31=0x80002a74
       26605000	      2659	800030e8	000f8fe7	jalr	x31,x31,0	 x31:0x80002a74 x31=0x800030e8
       26615000	      2660	00000000	00000013	addi	x0,x0,0	  x0:0x00000000
       26625000	      2661	80002a74	00000013	addi	x0,x0,0	  x0:0x00000000
       26635000	      2662	80002a78	028002ef	jal	x5,80002a78	  x5=0x80002a78
       26645000	      2663	00000000	00000013	addi	x0,x0,0	  x0:0x00000000
       26655000	      2664	80002a9c	00000013	addi	x0,x0,0	  x0:0x00000000
       26665000	      2665	80002aa0	fe9ff36f	jal	x6,80002aa0	  x6=0x80002aa0
       26675000	      2666	00000000	00000013	addi	x0,x0,0	  x0:0x00000000
       26685000	      2667	80002a84	00000013	addi	x0,x0,0	  x0:0x00000000
       26695000	      2668	80002a88	ff5ff0ef	jal	x1,80002a88	  x1=0x80002a88
       26705000	      2669	00000000	00000013	addi	x0,x0,0	  x0:0x00000000
       26715000	      2670	80002a78	00000013	addi	x0,x0,0	  x0:0x00000000
       26725000	      2671	80002a7c	03c0026f	jal	x4,80002a7c	  x4=0x80002a7c
       26735000	      2672	00000000	00000013	addi	x0,x0,0	  x0:0x00000000
       26745000	      2673	80002ab4	00000013	addi	x0,x0,0	  x0:0x00000000
       26755000	      2674	80002ab8	ff5ffc6f	jal	x24,80002ab8	 x24=0x80002ab8
       26765000	      2675	00000000	00000013	addi	x0,x0,0	  x0:0x00000000
       26775000	      2676	80002aa8	00000013	addi	x0,x0,0	  x0:0x00000000
       26785000	      2677	80002aac	ffdff0ef	jal	x1,80002aac	  x1=0x80002aac
       26795000	      2678	00000000	00000013	addi	x0,x0,0	  x0:0x00000000
       26805000	      2679	80002aa4	00000013	addi	x0,x0,0	  x0:0x00000000
       26815000	      2680	80002aa8	ff5ff16f	jal	x2,80002aa8	  x2=0x80002aa8
       26825000	      2681	00000000	00000013	addi	x0,x0,0	  x0:0x00000000
       26835000	      2682	80002a98	00000013	addi	x0,x0,0	  x0:0x00000000
       26845000	      2683	80002a9c	fe9ff0ef	jal	x1,80002a9c	  x1=0x80002a9c
       26855000	      2684	00000000	00000013	addi	x0,x0,0	  x0:0x00000000
       26865000	      2685	80002a80	00000013	addi	x0,x0,0	  x0:0x00000000
       26875000	      2686	80002a84	008000ef	jal	x1,80002a84	  x1=0x80002a84
       26885000	      2687	00000000	00000013	addi	x0,x0,0	  x0:0x00000000
       26895000	      2688	80002a88	00000013	addi	x0,x0,0	  x0:0x00000000
       26905000	      2689	80002a8c	030000ef	jal	x1,80002a8c	  x1=0x80002a8c
       26915000	      2690	00000000	00000013	addi	x0,x0,0	  x0:0x00000000
       26925000	      2691	80002ab8	00000013	addi	x0,x0,0	  x0:0x00000000
       26935000	      2692	80002abc	fd5ff16f	jal	x2,80002abc	  x2=0x80002abc
       26945000	      2693	00000000	00000013	addi	x0,x0,0	  x0:0x00000000
       26955000	      2694	80002a8c	00000013	addi	x0,x0,0	  x0:0x00000000
       26965000	      2695	80002a90	01400d6f	jal	x26,80002a90	 x26=0x80002a90
       26975000	      2696	00000000	00000013	addi	x0,x0,0	  x0:0x00000000
       26985000	      2697	80002aa0	00000013	addi	x0,x0,0	  x0:0x00000000
       26995000	      2698	80002aa4	ff1ff0ef	jal	x1,80002aa4	  x1=0x80002aa4
       27005000	      2699	00000000	00000013	addi	x0,x0,0	  x0:0x00000000
       27015000	      2700	80002a90	00000013	addi	x0,x0,0	  x0:0x00000000
       27025000	      2701	80002a94	01c000ef	jal	x1,80002a94	  x1=0x80002a94
       27035000	      2702	00000000	00000013	addi	x0,x0,0	  x0:0x00000000
       27045000	      2703	80002aac	00000013	addi	x0,x0,0	  x0:0x00000000
       27055000	      2704	80002ab0	004000ef	jal	x1,80002ab0	  x1=0x80002ab0
       27065000	      2705	00000000	00000013	addi	x0,x0,0	  x0:0x00000000
       27075000	      2706	80002ab0	00000013	addi	x0,x0,0	  x0:0x00000000
       27085000	      2707	80002ab4	fcdff36f	jal	x6,80002ab4	  x6=0x80002ab4
       27095000	      2708	00000000	00000013	addi	x0,x0,0	  x0:0x00000000
       27105000	      2709	80002a7c	00000013	addi	x0,x0,0	  x0:0x00000000
       27115000	      2710	80002a80	0180046f	jal	x8,80002a80	  x8=0x80002a80
       27125000	      2711	00000000	00000013	addi	x0,x0,0	  x0:0x00000000
       27135000	      2712	80002a94	00000013	addi	x0,x0,0	  x0:0x00000000
       27145000	      2713	80002a98	0280036f	jal	x6,80002a98	  x6=0x80002a98
       27155000	      2714	00000000	00000013	addi	x0,x0,0	  x0:0x00000000
       27165000	      2715	80002abc	00000013	addi	x0,x0,0	  x0:0x00000000
       27175000	      2716	80002ac0	f17c3593	sltiu	x11,x24,-233	 x24:0x80002ab8 x11=0x00000001
       27185000	      2717	80002ac4	00c002ef	jal	x5,80002ac4	  x5=0x80002ac4
       27195000	      2718	00000000	00000013	addi	x0,x0,0	  x0:0x00000000
       27205000	      2719	80002acc	00000013	addi	x0,x0,0	  x0:0x00000000
       27215000	      2720	80002ad0	018000ef	jal	x1,80002ad0	  x1=0x80002ad0
       27225000	      2721	00000000	00000013	addi	x0,x0,0	  x0:0x00000000
       27235000	      2722	80002ae4	00000013	addi	x0,x0,0	  x0:0x00000000
       27245000	      2723	80002ae8	ff1ff36f	jal	x6,80002ae8	  x6=0x80002ae8
       27255000	      2724	00000000	00000013	addi	x0,x0,0	  x0:0x00000000
       27265000	      2725	80002ad4	00000013	addi	x0,x0,0	  x0:0x00000000
       27275000	      2726	80002ad8	014000ef	jal	x1,80002ad8	  x1=0x80002ad8
       27285000	      2727	00000000	00000013	addi	x0,x0,0	  x0:0x00000000
       27295000	      2728	80002ae8	00000013	addi	x0,x0,0	  x0:0x00000000
       27305000	      2729	80002aec	fe9ff1ef	jal	x3,80002aec	  x3=0x80002aec
       27315000	      2730	00000000	00000013	addi	x0,x0,0	  x0:0x00000000
       27325000	      2731	80002ad0	00000013	addi	x0,x0,0	  x0:0x00000000
       27335000	      2732	80002ad4	ff9ff26f	jal	x4,80002ad4	  x4=0x80002ad4
       27345000	      2733	00000000	00000013	addi	x0,x0,0	  x0:0x00000000
       27355000	      2734	80002ac8	00000013	addi	x0,x0,0	  x0:0x00000000
       27365000	      2735	80002acc	0140036f	jal	x6,80002acc	  x6=0x80002acc
       27375000	      2736	00000000	00000013	addi	x0,x0,0	  x0:0x00000000
       27385000	      2737	80002adc	00000013	addi	x0,x0,0	  x0:0x00000000
       27395000	      2738	80002ae0	004000ef	jal	x1,80002ae0	  x1=0x80002ae0
       27405000	      2739	00000000	00000013	addi	x0,x0,0	  x0:0x00000000
       27415000	      2740	80002ae0	00000013	addi	x0,x0,0	  x0:0x00000000
       27425000	      2741	80002ae4	fe5ff0ef	jal	x1,80002ae4	  x1=0x80002ae4
       27435000	      2742	00000000	00000013	addi	x0,x0,0	  x0:0x00000000
       27445000	      2743	80002ac4	00000013	addi	x0,x0,0	  x0:0x00000000
       27455000	      2744	80002ac8	014000ef	jal	x1,80002ac8	  x1=0x80002ac8
       27465000	      2745	00000000	00000013	addi	x0,x0,0	  x0:0x00000000
       27475000	      2746	80002ad8	00000013	addi	x0,x0,0	  x0:0x00000000
       27485000	      2747	80002adc	014000ef	jal	x1,80002adc	  x1=0x80002adc
       27495000	      2748	00000000	00000013	addi	x0,x0,0	  x0:0x00000000
       27505000	      2749	80002aec	00000013	addi	x0,x0,0	  x0:0x00000000
       27515000	      2750	80002af0	40ddd7b3	sra	x15,x27,x13	 x27:0x00001610 x13:0x00000000 x15=0x00001610
       27525000	      2751	80002af4	27398193	addi	x3,x19,627	 x19:0x00000000  x3=0x00000273
       27535000	      2752	80002af8	ab44f013	andi	x0,x9,-1356	  x9:0x00000001
       27545000	      2753	80002afc	04599463	bne	x19,x5,80002b44	 x19:0x00000000  x5:0x80002ac4
       27555000	      2754	00000000	00000013	addi	x0,x0,0	  x0:0x00000000
       27565000	      2755	80002b40	00000013	addi	x0,x0,0	  x0:0x00000000
       27575000	      2756	80002b44	0528c663	blt	x17,x18,80002b90	 x17:0x00000001 x18:0x80009f58
       27585000	      2757	80002b48	04684263	blt	x16,x6,80002b8c	 x16:0xfe0000b7  x6:0x80002acc
       27595000	      2758	80002b4c	02201e63	bne	x0,x2,80002b88	  x0:0x00000000  x2:0x80002abc
       27605000	      2759	00000000	00000013	addi	x0,x0,0	  x0:0x00000000
       27615000	      2760	80002b84	00000013	addi	x0,x0,0	  x0:0x00000000
       27625000	      2761	80002b88	03cc7863	bgeu	x24,x28,80002bb8	 x24:0x80002ab8 x28:0x74ac36d7
       27635000	      2762	00000000	00000013	addi	x0,x0,0	  x0:0x00000000
       27645000	      2763	80002bb4	00000013	addi	x0,x0,0	  x0:0x00000000
       27655000	      2764	80002bb8	00d3f533	and	x10,x7,x13	  x7:0x80002ffd x13:0x00000000 x10=0x00000000
       27665000	      2765	80002bbc	31706c93	ori	x25,x0,791	  x0:0x00000000 x25=0x00000317
       27675000	      2766	80002bc0	00bb2db3	slt	x27,x22,x11	 x22:0x00000000 x11:0x00000001 x27=0x00000001
       27685000	      2767	80002bc4	03834a63	blt	x6,x24,80002bf8	  x6:0x80002acc x24:0x80002ab8
       27695000	      2768	80002bc8	878e0f13	addi	x30,x28,-1928	 x28:0x74ac36d7 x30=0x74ac2f4f
       27705000	      2769	80002bcc	01aa1263	bne	x20,x26,80002bd0	 x20:0x80009fc4 x26:0x80002a90
       27715000	      2770	00000000	00000013	addi	x0,x0,0	  x0:0x00000000
       27725000	      2771	80002bcc	00000013	addi	x0,x0,0	  x0:0x00000000
       27735000	      2772	80002bd0	21a29697	auipc	x13,0x21a29	 x13=0xa1a2bbcc
       27745000	      2773	80002bd4	01d31893	slli	x17,x6,0x1d	  x6:0x80002acc x17=0x80000000
       27755000	      2774	80002bd8	020d7463	bgeu	x26,x0,80002c00	 x26:0x80002a90  x0:0x00000000
       27765000	      2775	00000000	00000013	addi	x0,x0,0	  x0:0x00000000
       27775000	      2776	80002bfc	00000013	addi	x0,x0,0	  x0:0x00000000
       27785000	      2777	80002c00	019d26b3	slt	x13,x26,x25	 x26:0x80002a90 x25:0x00000317 x13=0x00000001
       27795000	      2778	80002c04	41d5d813	srai	x16,x11,0x1d	 x11:0x00000001 x16=0x00000000
       27805000	      2779	80002c08	4baaf693	andi	x13,x21,1210	 x21:0x00080000 x13=0x00000000
       27815000	      2780	80002c0c	019becb3	or	x25,x23,x25	 x23:0x00000000 x25:0x00000317 x25=0x00000317
       27825000	      2781	80002c10	d5174f13	xori	x30,x14,-687	 x14:0x80002db8 x30=0x7fffd0e9
       27835000	      2782	80002c14	40a7dc33	sra	x24,x15,x10	 x15:0x00001610 x10:0x00000000 x24=0x00001610
       27845000	      2783	80002c18	00000013	addi	x0,x0,0	  x0:0x00000000
       27855000	      2784	80002c1c	41b284b3	sub	x9,x5,x27	  x5:0x80002ac4 x27:0x00000001  x9=0x80002ac3
       27865000	      2785	80002c20	416dd2b3	sra	x5,x27,x22	 x27:0x00000001 x22:0x00000000  x5=0x00000001
       27875000	      2786	80002c24	40360c33	sub	x24,x12,x3	 x12:0x0003a561  x3:0x00000273 x24=0x0003a2ee
       27885000	      2787	80002c28	017632b3	sltu	x5,x12,x23	 x12:0x0003a561 x23:0x00000000  x5=0x00000000
       27895000	      2788	80002c2c	2242a793	slti	x15,x5,548	  x5:0x00000000 x15=0x00000001
       27905000	      2789	80002c30	05575063	bge	x14,x21,80002c70	 x14:0x80002db8 x21:0x00080000
       27915000	      2790	80002c34	4044d113	srai	x2,x9,0x4	  x9:0x80002ac3  x2=0xf80002ac
       27925000	      2791	80002c38	afa8fd93	andi	x27,x17,-1286	 x17:0x80000000 x27=0x80000000
       27935000	      2792	80002c3c	fce0b093	sltiu	x1,x1,-50	  x1:0x80002adc  x1=0x00000001
       27945000	      2793	80002c40	2c37c613	xori	x12,x15,707	 x15:0x00000001 x12=0x000002c2
       27955000	      2794	80002c44	22533d13	sltiu	x26,x6,549	  x6:0x80002acc x26=0x00000000
       27965000	      2795	80002c48	613e0b13	addi	x22,x28,1555	 x28:0x74ac36d7 x22=0x74ac3cea
       27975000	      2796	80002c4c	03560663	beq	x12,x21,80002c78	 x12:0x000002c2 x21:0x00080000
       27985000	      2797	80002c50	1421df37	lui	x30,0x1421d	 x30=0x1421d000
       27995000	      2798	80002c54	a4e7c113	xori	x2,x15,-1458	 x15:0x00000001  x2=0xfffffa4f
       28005000	      2799	80002c58	01ff1663	bne	x30,x31,80002c64	 x30:0x1421d000 x31:0x800030e8
       28015000	      2800	00000000	00000013	addi	x0,x0,0	  x0:0x00000000
       28025000	      2801	80002c60	00000013	addi	x0,x0,0	  x0:0x00000000
       28035000	      2802	80002c64	01c5b0b3	sltu	x1,x11,x28	 x11:0x00000001 x28:0x74ac36d7  x1=0x00000001
       28045000	      2803	80002c68	017caeb3	slt	x29,x25,x23	 x25:0x00000317 x23:0x00000000 x29=0x00000000
       28055000	      2804	80002c6c	012d3633	sltu	x12,x26,x18	 x26:0x00000000 x18:0x80009f58 x12=0x00000001
       28065000	      2805	80002c70	41ded833	sra	x16,x29,x29	 x29:0x00000000 x29:0x00000000 x16=0x00000000
       28075000	      2806	80002c74	40ec5ab3	sra	x21,x24,x14	 x24:0x0003a2ee x14:0x80002db8 x21=0x00000000
       28085000	      2807	80002c78	01c6ebb3	or	x23,x13,x28	 x13:0x00000000 x28:0x74ac36d7 x23=0x74ac36d7
       28095000	      2808	80002c7c	013af7b3	and	x15,x21,x19	 x21:0x00000000 x19:0x00000000 x15=0x00000000
       28105000	      2809	80002c80	00ce7ab3	and	x21,x28,x12	 x28:0x74ac36d7 x12:0x00000001 x21=0x00000001
       28115000	      2810	80002c84	00000013	addi	x0,x0,0	  x0:0x00000000
       28125000	      2811	80002c88	e3ac6437	lui	x8,0xe3ac6	  x8=0xe3ac6000
       28135000	      2812	80002c8c	03ec5a63	bge	x24,x30,80002cc0	 x24:0x0003a2ee x30:0x1421d000
       28145000	      2813	80002c90	58818593	addi	x11,x3,1416	  x3:0x00000273 x11=0x000007fb
       28155000	      2814	80002c94	01d6c833	xor	x16,x13,x29	 x13:0x00000000 x29:0x00000000 x16=0x00000000
       28165000	      2815	80002c98	01c3f0b3	and	x1,x7,x28	  x7:0x80002ffd x28:0x74ac36d7  x1=0x000026d5
       28175000	      2816	80002c9c	01abcc33	xor	x24,x23,x26	 x23:0x74ac36d7 x26:0x00000000 x24=0x74ac36d7
       28185000	      2817	80002ca0	036b7063	bgeu	x22,x22,80002cc0	 x22:0x74ac3cea x22:0x74ac3cea
       28195000	      2818	00000000	00000013	addi	x0,x0,0	  x0:0x00000000
       28205000	      2819	80002cbc	00000013	addi	x0,x0,0	  x0:0x00000000
       28215000	      2820	80002cc0	00000013	addi	x0,x0,0	  x0:0x00000000
       28225000	      2821	80002cc4	0050cf33	xor	x30,x1,x5	  x1:0x000026d5  x5:0x00000000 x30=0x000026d5
       28235000	      2822	80002cc8	0024c833	xor	x16,x9,x2	  x9:0x80002ac3  x2:0xfffffa4f x16=0x7fffd08c
       28245000	      2823	80002ccc	4042d033	sra	x0,x5,x4	  x5:0x00000000  x4:0x80002ad4
       28255000	      2824	80002cd0	00492283	lw	x5,4(x18)	 x18:0x80009f58  x5=0x80001a3c PA:0x80009f5c
       28265000	      2825	80002cd4	00318033	add	x0,x3,x3	  x3:0x00000273  x3:0x00000273
       28275000	      2826	80002cd8	02c90913	addi	x18,x18,44	 x18:0x80009f58 x18=0x80009f84
       28285000	      2827	80002cdc	01f7d313	srli	x6,x15,0x1f	 x15:0x00000000  x6=0x00000000
       28295000	      2828	80002ce0	406ad3b3	sra	x7,x21,x6	 x21:0x00000001  x6:0x00000000  x7=0x00000001
       28305000	      2829	80002ce4	41500233	sub	x4,x0,x21	  x0:0x00000000 x21:0x00000001  x4=0xffffffff
       28315000	      2830	80002ce8	0065b533	sltu	x10,x11,x6	 x11:0x000007fb  x6:0x00000000 x10=0x00000000
       28325000	      2831	80002cec	015c4533	xor	x10,x24,x21	 x24:0x74ac36d7 x21:0x00000001 x10=0x74ac36d6
       28335000	      2832	80002cf0	d0aea613	slti	x12,x29,-758	 x29:0x00000000 x12=0x00000000
       28345000	      2833	80002cf4	00028c13	addi	x24,x5,0	  x5:0x80001a3c x24=0x80001a3c
       28355000	      2834	80002cf8	000c0c67	jalr	x24,x24,0	 x24:0x80001a3c x24=0x80002cf8
       28365000	      2835	00000000	00000013	addi	x0,x0,0	  x0:0x00000000
       28375000	      2836	80001a3c	00000013	addi	x0,x0,0	  x0:0x00000000
       28385000	      2837	80001a40	00d680b3	add	x1,x13,x13	 x13:0x00000000 x13:0x00000000  x1=0x00000000
       28395000	      2838	80001a44	41c35133	sra	x2,x6,x28	  x6:0x00000000 x28:0x74ac36d7  x2=0x00000000
       28405000	      2839	80001a48	0186e663	bltu	x13,x24,80001a54	 x13:0x00000000 x24:0x80002cf8
       28415000	      2840	00000000	00000013	addi	x0,x0,0	  x0:0x00000000
       28425000	      2841	80001a50	00000013	addi	x0,x0,0	  x0:0x00000000
       28435000	      2842	80001a54	41415093	srai	x1,x2,0x14	  x2:0x00000000  x1=0x00000000
       28445000	      2843	80001a58	00aec1b3	xor	x3,x29,x10	 x29:0x00000000 x10:0x74ac36d6  x3=0x74ac36d6
       28455000	      2844	80001a5c	40f15f33	sra	x30,x2,x15	  x2:0x00000000 x15:0x00000000 x30=0x00000000
       28465000	      2845	80001a60	000c0433	add	x8,x24,x0	 x24:0x80002cf8  x0:0x00000000  x8=0x80002cf8
       28475000	      2846	80001a64	41558b33	sub	x22,x11,x21	 x11:0x000007fb x21:0x00000001 x22=0x000007fa
       28485000	      2847	80001a68	08e90f17	auipc	x30,0x8e90	 x30=0x88e91a64
       28495000	      2848	80001a6c	011867b3	or	x15,x16,x17	 x16:0x7fffd08c x17:0x80000000 x15=0xffffd08c
       28505000	      2849	80001a70	00be4333	xor	x6,x28,x11	 x28:0x74ac36d7 x11:0x000007fb  x6=0x74ac312c
       28515000	      2850	80001a74	00000013	addi	x0,x0,0	  x0:0x00000000
       28525000	      2851	80001a78	4045d613	srai	x12,x11,0x4	 x11:0x000007fb x12=0x0000007f
       28535000	      2852	80001a7c	017ad197	auipc	x3,0x17ad	  x3=0x817aea78
       28545000	      2853	80001a80	05789263	bne	x17,x23,80001ac4	 x17:0x80000000 x23:0x74ac36d7
       28555000	      2854	00000000	00000013	addi	x0,x0,0	  x0:0x00000000
       28565000	      2855	80001ac0	00000013	addi	x0,x0,0	  x0:0x00000000
       28575000	      2856	80001ac4	05274263	blt	x14,x18,80001b08	 x14:0x80002db8 x18:0x80009f84
       28585000	      2857	00000000	00000013	addi	x0,x0,0	  x0:0x00000000
       28595000	      2858	80001b04	00000013	addi	x0,x0,0	  x0:0x00000000
       28605000	      2859	80001b08	41615033	sra	x0,x2,x22	  x2:0x00000000 x22:0x000007fa
       28615000	      2860	80001b0c	018add93	srli	x27,x21,0x18	 x21:0x00000001 x27=0x00000000
       28625000	      2861	80001b10	01d7f633	and	x12,x15,x29	 x15:0xffffd08c x29:0x00000000 x12=0x00000000
       28635000	      2862	80001b14	01984333	xor	x6,x16,x25	 x16:0x7fffd08c x25:0x00000317  x6=0x7fffd39b
       28645000	      2863	80001b18	ffe8c193	xori	x3,x17,-2	 x17:0x80000000  x3=0x7ffffffe
       28655000	      2864	80001b1c	40da0cb3	sub	x25,x20,x13	 x20:0x80009fc4 x13:0x00000000 x25=0x80009fc4
       28665000	      2865	80001b20	00e7b0b3	sltu	x1,x15,x14	 x15:0xffffd08c x14:0x80002db8  x1=0x00000000
       28675000	      2866	80001b24	00206fb3	or	x31,x0,x2	  x0:0x00000000  x2:0x00000000 x31=0x00000000
       28685000	      2867	80001b28	03599a63	bne	x19,x21,80001b5c	 x19:0x00000000 x21:0x00000001
       28695000	      2868	00000000	00000013	addi	x0,x0,0	  x0:0x00000000
       28705000	      2869	80001b58	00000013	addi	x0,x0,0	  x0:0x00000000
       28715000	      2870	80001b5c	01dedcb3	srl	x25,x29,x29	 x29:0x00000000 x29:0x00000000 x25=0x00000000
       28725000	      2871	80001b60	00733733	sltu	x14,x6,x7	  x6:0x7fffd39b  x7:0x00000001 x14=0x00000000
       28735000	      2872	80001b64	01314663	blt	x2,x19,80001b70	  x2:0x00000000 x19:0x00000000
       28745000	      2873	80001b68	a9b32093	slti	x1,x6,-1381	  x6:0x7fffd39b  x1=0x00000000
       28755000	      2874	80001b6c	01d89893	slli	x17,x17,0x1d	 x17:0x80000000 x17=0x00000000
       28765000	      2875	80001b70	00000013	addi	x0,x0,0	  x0:0x00000000
       28775000	      2876	80001b74	001aafb3	slt	x31,x21,x1	 x21:0x00000001  x1:0x00000000 x31=0x00000000
       28785000	      2877	80001b78	51ff6193	ori	x3,x30,1311	 x30:0x88e91a64  x3=0x88e91f7f
       28795000	      2878	80001b7c	00c033b3	sltu	x7,x0,x12	  x0:0x00000000 x12:0x00000000  x7=0x00000000
       28805000	      2879	80001b80	005a22b3	slt	x5,x20,x5	 x20:0x80009fc4  x5:0x80001a3c  x5=0x00000000
       28815000	      2880	80001b84	007ef433	and	x8,x29,x7	 x29:0x00000000  x7:0x00000000  x8=0x00000000
       28825000	      2881	80001b88	01ea42b3	xor	x5,x20,x30	 x20:0x80009fc4 x30:0x88e91a64  x5=0x08e985a0
       28835000	      2882	80001b8c	61e5f817	auipc	x16,0x61e5f	 x16=0xe1e60b88
       28845000	      2883	80001b90	014a64b3	or	x9,x20,x20	 x20:0x80009fc4 x20:0x80009fc4  x9=0x80009fc4
       28855000	      2884	80001b94	02127c63	bgeu	x4,x1,80001bcc	  x4:0xffffffff  x1:0x00000000
       28865000	      2885	00000000	00000013	addi	x0,x0,0	  x0:0x00000000
       28875000	      2886	80001bc8	00000013	addi	x0,x0,0	  x0:0x00000000
       28885000	      2887	80001bcc	d6b76b17	auipc	x22,0xd6b76	 x22=0x56b77bc8
       28895000	      2888	80001bd0	00211f93	slli	x31,x2,0x2	  x2:0x00000000 x31=0x00000000
       28905000	      2889	80001bd4	40a48f33	sub	x30,x9,x10	  x9:0x80009fc4 x10:0x74ac36d6 x30=0x0b5468ee
       28915000	      2890	80001bd8	cb72a293	slti	x5,x5,-841	  x5:0x08e985a0  x5=0x00000000
       28925000	      2891	80001bdc	00000013	addi	x0,x0,0	  x0:0x00000000
       28935000	      2892	80001be0	40300c33	sub	x24,x0,x3	  x0:0x00000000  x3:0x88e91f7f x24=0x7716e081
       28945000	      2893	80001be4	017bce63	blt	x23,x23,80001c00	 x23:0x74ac36d7 x23:0x74ac36d7
       28955000	      2894	80001be8	00090263	beq	x18,x0,80001bec	 x18:0x80009f84  x0:0x00000000
       28965000	      2895	80001bec	007aec33	or	x24,x21,x7	 x21:0x00000001  x7:0x00000000 x24=0x00000001
       28975000	      2896	80001bf0	40abdfb3	sra	x31,x23,x10	 x23:0x74ac36d7 x10:0x74ac36d6 x31=0x000001d2
       28985000	      2897	80001bf4	aef62393	slti	x7,x12,-1297	 x12:0x00000000  x7=0x00000000
       28995000	      2898	80001bf8	015b0663	beq	x22,x21,80001c04	 x22:0x56b77bc8 x21:0x00000001
       29005000	      2899	80001bfc	0912f263	bgeu	x5,x17,80001c80	  x5:0x00000000 x17:0x00000000
       29015000	      2900	00000000	00000013	addi	x0,x0,0	  x0:0x00000000
       29025000	      2901	80001c7c	00000013	addi	x0,x0,0	  x0:0x00000000
       29035000	      2902	80001c80	01e141b3	xor	x3,x2,x30	  x2:0x00000000 x30:0x0b5468ee  x3=0x0b5468ee
       29045000	      2903	80001c84	00000013	addi	x0,x0,0	  x0:0x00000000
       29055000	      2904	80001c88	dc1ff313	andi	x6,x31,-575	 x31:0x000001d2  x6=0x000001c0
       29065000	      2905	80001c8c	00ce36b3	sltu	x13,x28,x12	 x28:0x74ac36d7 x12:0x00000000 x13=0x00000000
       29075000	      2906	80001c90	73d9bb37	lui	x22,0x73d9b	 x22=0x73d9b000
       29085000	      2907	80001c94	004d37b3	sltu	x15,x26,x4	 x26:0x00000000  x4:0xffffffff x15=0x00000001
       29095000	      2908	80001c98	0129c233	xor	x4,x19,x18	 x19:0x00000000 x18:0x80009f84  x4=0x80009f84
       29105000	      2909	80001c9c	41165c33	sra	x24,x12,x17	 x12:0x00000000 x17:0x00000000 x24=0x00000000
       29115000	      2910	80001ca0	40dd07b3	sub	x15,x26,x13	 x26:0x00000000 x13:0x00000000 x15=0x00000000
       29125000	      2911	80001ca4	41418ab3	sub	x21,x3,x20	  x3:0x0b5468ee x20:0x80009fc4 x21=0x8b53c92a
       29135000	      2912	80001ca8	010426b3	slt	x13,x8,x16	  x8:0x00000000 x16:0xe1e60b88 x13=0x00000000
       29145000	      2913	80001cac	017ef4b3	and	x9,x29,x23	 x29:0x00000000 x23:0x74ac36d7  x9=0x00000000
       29155000	      2914	80001cb0	00eb1893	slli	x17,x22,0xe	 x22:0x73d9b000 x17=0x6c000000
       29165000	      2915	80001cb4	0237cc63	blt	x15,x3,80001cec	 x15:0x00000000  x3:0x0b5468ee
       29175000	      2916	00000000	00000013	addi	x0,x0,0	  x0:0x00000000
       29185000	      2917	80001ce8	00000013	addi	x0,x0,0	  x0:0x00000000
       29195000	      2918	80001cec	04bc1063	bne	x24,x11,80001d2c	 x24:0x00000000 x11:0x000007fb
       29205000	      2919	00000000	00000013	addi	x0,x0,0	  x0:0x00000000
       29215000	      2920	80001d28	00000013	addi	x0,x0,0	  x0:0x00000000
       29225000	      2921	80001d2c	08dc7b17	auipc	x22,0x8dc7	 x22=0x88dc8d28
       29235000	      2922	80001d30	426a6817	auipc	x16,0x426a6	 x16=0xc26a7d2c
       29245000	      2923	80001d34	013b1513	slli	x10,x22,0x13	 x22:0x88dc8d28 x10=0x69400000
       29255000	      2924	80001d38	018fc2b3	xor	x5,x31,x24	 x31:0x000001d2 x24:0x00000000  x5=0x000001d2
       29265000	      2925	80001d3c	0188c5b3	xor	x11,x17,x24	 x17:0x6c000000 x24:0x00000000 x11=0x6c000000
       29275000	      2926	80001d40	99d60a93	addi	x21,x12,-1635	 x12:0x00000000 x21=0xfffff99d
       29285000	      2927	80001d44	050e4263	blt	x28,x16,80001d88	 x28:0x74ac36d7 x16:0xc26a7d2c
       29295000	      2928	80001d48	00695333	srl	x6,x18,x6	 x18:0x80009f84  x6:0x000001c0  x6=0x80009f84
       29305000	      2929	80001d4c	00186663	bltu	x16,x1,80001d58	 x16:0xc26a7d2c  x1:0x00000000
       29315000	      2930	80001d50	010c1e93	slli	x29,x24,0x10	 x24:0x00000000 x29=0x00000000
       29325000	      2931	80001d54	00bc9593	slli	x11,x25,0xb	 x25:0x00000000 x11=0x00000000
       29335000	      2932	80001d58	00875b93	srli	x23,x14,0x8	 x14:0x00000000 x23=0x00000000
       29345000	      2933	80001d5c	01f3bb33	sltu	x22,x7,x31	  x7:0x00000000 x31:0x000001d2 x22=0x00000001
       29355000	      2934	80001d60	0040df93	srli	x31,x1,0x4	  x1:0x00000000 x31=0x00000000
       29365000	      2935	80001d64	00cedd13	srli	x26,x29,0xc	 x29:0x00000000 x26=0x00000000
       29375000	      2936	80001d68	00ec7663	bgeu	x24,x14,80001d74	 x24:0x00000000 x14:0x00000000
       29385000	      2937	00000000	00000013	addi	x0,x0,0	  x0:0x00000000
       29395000	      2938	80001d70	00000013	addi	x0,x0,0	  x0:0x00000000
       29405000	      2939	80001d74	016f1433	sll	x8,x30,x22	 x30:0x0b5468ee x22:0x00000001  x8=0x16a8d1dc
       29415000	      2940	80001d78	00000013	addi	x0,x0,0	  x0:0x00000000
       29425000	      2941	80001d7c	0105d313	srli	x6,x11,0x10	 x11:0x00000000  x6=0x00000000
       29435000	      2942	80001d80	00a072b3	and	x5,x0,x10	  x0:0x00000000 x10:0x69400000  x5=0x00000000
       29445000	      2943	80001d84	03679063	bne	x15,x22,80001da4	 x15:0x00000000 x22:0x00000001
       29455000	      2944	00000000	00000013	addi	x0,x0,0	  x0:0x00000000
       29465000	      2945	80001da0	00000013	addi	x0,x0,0	  x0:0x00000000
       29475000	      2946	80001da4	01377c33	and	x24,x14,x19	 x14:0x00000000 x19:0x00000000 x24=0x00000000
       29485000	      2947	80001da8	0139ff33	and	x30,x19,x19	 x19:0x00000000 x19:0x00000000 x30=0x00000000
       29495000	      2948	80001dac	4143dab3	sra	x21,x7,x20	  x7:0x00000000 x20:0x80009fc4 x21=0x00000000
       29505000	      2949	80001db0	0001da93	srli	x21,x3,0x0	  x3:0x0b5468ee x21=0x0b5468ee
       29515000	      2950	80001db4	0049d863	bge	x19,x4,80001dc4	 x19:0x00000000  x4:0x80009f84
       29525000	      2951	00000000	00000013	addi	x0,x0,0	  x0:0x00000000
       29535000	      2952	80001dc0	00000013	addi	x0,x0,0	  x0:0x00000000
       29545000	      2953	80001dc4	011a9f93	slli	x31,x21,0x11	 x21:0x0b5468ee x31=0xd1dc0000
       29555000	      2954	80001dc8	0113c733	xor	x14,x7,x17	  x7:0x00000000 x17:0x6c000000 x14=0x6c000000
       29565000	      2955	80001dcc	01c3fbb3	and	x23,x7,x28	  x7:0x00000000 x28:0x74ac36d7 x23=0x00000000
       29575000	      2956	80001dd0	41b65813	srai	x16,x12,0x1b	 x12:0x00000000 x16=0x00000000
       29585000	      2957	80001dd4	01d6e5b3	or	x11,x13,x29	 x13:0x00000000 x29:0x00000000 x11=0x00000000
       29595000	      2958	80001dd8	01cf9b33	sll	x22,x31,x28	 x31:0xd1dc0000 x28:0x74ac36d7 x22=0x00000000
       29605000	      2959	80001ddc	34ad2b93	slti	x23,x26,842	 x26:0x00000000 x23=0x00000001
       29615000	      2960	80001de0	67e4e897	auipc	x17,0x67e4e	 x17=0xe7e4fddc
       29625000	      2961	80001de4	018056b3	srl	x13,x0,x24	  x0:0x00000000 x24:0x00000000 x13=0x00000000
       29635000	      2962	80001de8	007ee663	bltu	x29,x7,80001df4	 x29:0x00000000  x7:0x00000000
       29645000	      2963	80001dec	b8d5a997	auipc	x19,0xb8d5a	 x19=0x38d5bde8
       29655000	      2964	80001df0	409bd613	srai	x12,x23,0x9	 x23:0x00000001 x12=0x00000000
       29665000	      2965	80001df4	1bc50813	addi	x16,x10,444	 x10:0x69400000 x16=0x694001bc
       29675000	      2966	80001df8	01b3ac33	slt	x24,x7,x27	  x7:0x00000000 x27:0x00000000 x24=0x00000000
       29685000	      2967	80001dfc	01ce4b33	xor	x22,x28,x28	 x28:0x74ac36d7 x28:0x74ac36d7 x22=0x00000000
       29695000	      2968	80001e00	00000013	addi	x0,x0,0	  x0:0x00000000
       29705000	      2969	80001e04	00e16863	bltu	x2,x14,80001e14	  x2:0x00000000 x14:0x6c000000
       29715000	      2970	00000000	00000013	addi	x0,x0,0	  x0:0x00000000
       29725000	      2971	80001e10	00000013	addi	x0,x0,0	  x0:0x00000000
       29735000	      2972	80001e14	01e3b333	sltu	x6,x7,x30	  x7:0x00000000 x30:0x00000000  x6=0x00000000
       29745000	      2973	80001e18	41e0d7b3	sra	x15,x1,x30	  x1:0x00000000 x30:0x00000000 x15=0x00000000
       29755000	      2974	80001e1c	01e39b13	slli	x22,x7,0x1e	  x7:0x00000000 x22=0x00000000
       29765000	      2975	80001e20	02021063	bne	x4,x0,80001e40	  x4:0x80009f84  x0:0x00000000
       29775000	      2976	00000000	00000013	addi	x0,x0,0	  x0:0x00000000
       29785000	      2977	80001e3c	00000013	addi	x0,x0,0	  x0:0x00000000
       29795000	      2978	80001e40	019ff6b3	and	x13,x31,x25	 x31:0xd1dc0000 x25:0x00000000 x13=0x00000000
       29805000	      2979	80001e44	00cb1263	bne	x22,x12,80001e48	 x22:0x00000000 x12:0x00000000
       29815000	      2980	80001e48	01666533	or	x10,x12,x22	 x12:0x00000000 x22:0x00000000 x10=0x00000000
       29825000	      2981	80001e4c	00000013	addi	x0,x0,0	  x0:0x00000000
       29835000	      2982	80001e50	00c69263	bne	x13,x12,80001e54	 x13:0x00000000 x12:0x00000000
       29845000	      2983	80001e54	019e3433	sltu	x8,x28,x25	 x28:0x74ac36d7 x25:0x00000000  x8=0x00000000
       29855000	      2984	80001e58	f9c6fd13	andi	x26,x13,-100	 x13:0x00000000 x26=0x00000000
       29865000	      2985	80001e5c	013a9e93	slli	x29,x21,0x13	 x21:0x0b5468ee x29=0x47700000
       29875000	      2986	80001e60	2fbbe613	ori	x12,x23,763	 x23:0x00000001 x12=0x000002fb
       29885000	      2987	80001e64	238c8093	addi	x1,x25,568	 x25:0x00000000  x1=0x00000238
       29895000	      2988	80001e68	01a81093	slli	x1,x16,0x1a	 x16:0x694001bc  x1=0xf0000000
       29905000	      2989	80001e6c	016e32b3	sltu	x5,x28,x22	 x28:0x74ac36d7 x22:0x00000000  x5=0x00000000
       29915000	      2990	80001e70	006d9133	sll	x2,x27,x6	 x27:0x00000000  x6:0x00000000  x2=0x00000000
       29925000	      2991	80001e74	00000013	addi	x0,x0,0	  x0:0x00000000
       29935000	      2992	80001e78	00000013	addi	x0,x0,0	  x0:0x00000000
       29945000	      2993	80001e7c	00991693	slli	x13,x18,0x9	 x18:0x80009f84 x13=0x013f0800
       29955000	      2994	80001e80	0136e3b3	or	x7,x13,x19	 x13:0x013f0800 x19:0x38d5bde8  x7=0x39ffbde8
       29965000	      2995	80001e84	00b43ab3	sltu	x21,x8,x11	  x8:0x00000000 x11:0x00000000 x21=0x00000000
       29975000	      2996	80001e88	0056d813	srli	x16,x13,0x5	 x13:0x013f0800 x16=0x0009f840
       29985000	      2997	80001e8c	40338033	sub	x0,x7,x3	  x7:0x39ffbde8  x3:0x0b5468ee
       29995000	      2998	80001e90	a4502f97	auipc	x31,0xa4502	 x31=0x24503e8c
       30005000	      2999	80001e94	708778b7	lui	x17,0x70877	 x17=0x70877000
       30015000	      3000	80001e98	00048bb3	add	x23,x9,x0	  x9:0x00000000  x0:0x00000000 x23=0x00000000
       30025000	      3001	80001e9c	04bcca63	blt	x25,x11,80001ef0	 x25:0x00000000 x11:0x00000000
       30035000	      3002	80001ea0	6af65d17	auipc	x26,0x6af65	 x26=0xeaf66e9c
       30045000	      3003	80001ea4	00f0eb33	or	x22,x1,x15	  x1:0xf0000000 x15:0x00000000 x22=0xf0000000
       30055000	      3004	80001ea8	004b64b3	or	x9,x22,x4	 x22:0xf0000000  x4:0x80009f84  x9=0xf0009f84
       30065000	      3005	80001eac	06cae063	bltu	x21,x12,80001f0c	 x21:0x00000000 x12:0x000002fb
       30075000	      3006	00000000	00000013	addi	x0,x0,0	  x0:0x00000000
       30085000	      3007	80001f08	00000013	addi	x0,x0,0	  x0:0x00000000
       30095000	      3008	80001f0c	41678133	sub	x2,x15,x22	 x15:0x00000000 x22:0xf0000000  x2=0x10000000
       30105000	      3009	80001f10	415e8333	sub	x6,x29,x21	 x29:0x47700000 x21:0x00000000  x6=0x47700000
       30115000	      3010	80001f14	00181cb3	sll	x25,x16,x1	 x16:0x0009f840  x1:0xf0000000 x25=0x0009f840
       30125000	      3011	80001f18	22e07993	andi	x19,x0,558	  x0:0x00000000 x19=0x00000000
       30135000	      3012	80001f1c	03755e63	bge	x10,x23,80001f58	 x10:0x00000000 x23:0x00000000
       30145000	      3013	00000000	00000013	addi	x0,x0,0	  x0:0x00000000
       30155000	      3014	80001f54	00000013	addi	x0,x0,0	  x0:0x00000000
       30165000	      3015	80001f58	00c6a1b3	slt	x3,x13,x12	 x13:0x013f0800 x12:0x000002fb  x3=0x00000000
       30175000	      3016	80001f5c	7bc17813	andi	x16,x2,1980	  x2:0x10000000 x16=0x00000000
       30185000	      3017	80001f60	008e73b3	and	x7,x28,x8	 x28:0x74ac36d7  x8:0x00000000  x7=0x00000000
       30195000	      3018	80001f64	4052d1b3	sra	x3,x5,x5	  x5:0x00000000  x5:0x00000000  x3=0x00000000
       30205000	      3019	80001f68	4143d2b3	sra	x5,x7,x20	  x7:0x00000000 x20:0x80009fc4  x5=0x00000000
       30215000	      3020	80001f6c	038df463	bgeu	x27,x24,80001f94	 x27:0x00000000 x24:0x00000000
       30225000	      3021	00000000	00000013	addi	x0,x0,0	  x0:0x00000000
       30235000	      3022	80001f90	00000013	addi	x0,x0,0	  x0:0x00000000
       30245000	      3023	80001f94	00c3f693	andi	x13,x7,12	  x7:0x00000000 x13=0x00000000
       30255000	      3024	80001f98	00ed9433	sll	x8,x27,x14	 x27:0x00000000 x14:0x6c000000  x8=0x00000000
       30265000	      3025	80001f9c	41bc06b3	sub	x13,x24,x27	 x24:0x00000000 x27:0x00000000 x13=0x00000000
       30275000	      3026	80001fa0	01dbdb33	srl	x22,x23,x29	 x23:0x00000000 x29:0x47700000 x22=0x00000000
       30285000	      3027	80001fa4	04b74863	blt	x14,x11,80001ff4	 x14:0x6c000000 x11:0x00000000
       30295000	      3028	80001fa8	004b9d93	slli	x27,x23,0x4	 x23:0x00000000 x27=0x00000000
       30305000	      3029	80001fac	01135133	srl	x2,x6,x17	  x6:0x47700000 x17:0x70877000  x2=0x47700000
       30315000	      3030	80001fb0	0002ee63	bltu	x5,x0,80001fcc	  x5:0x00000000  x0:0x00000000
       30325000	      3031	80001fb4	05038263	beq	x7,x16,80001ff8	  x7:0x00000000 x16:0x00000000
       30335000	      3032	00000000	00000013	addi	x0,x0,0	  x0:0x00000000
       30345000	      3033	80001ff4	00000013	addi	x0,x0,0	  x0:0x00000000
       30355000	      3034	80001ff8	00f23bb3	sltu	x23,x4,x15	  x4:0x80009f84 x15:0x00000000 x23=0x00000000
       30365000	      3035	80001ffc	007c6233	or	x4,x24,x7	 x24:0x00000000  x7:0x00000000  x4=0x00000000
       30375000	      3036	80002000	409bd533	sra	x10,x23,x9	 x23:0x00000000  x9:0xf0009f84 x10=0x00000000
       30385000	      3037	80002004	40ba83b3	sub	x7,x21,x11	 x21:0x00000000 x11:0x00000000  x7=0x00000000
       30395000	      3038	80002008	01f7eb33	or	x22,x15,x31	 x15:0x00000000 x31:0x24503e8c x22=0x24503e8c
       30405000	      3039	8000200c	00000013	addi	x0,x0,0	  x0:0x00000000
       30415000	      3040	80002010	d4900437	lui	x8,0xd4900	  x8=0xd4900000
       30425000	      3041	80002014	012fe263	bltu	x31,x18,80002018	 x31:0x24503e8c x18:0x80009f84
       30435000	      3042	00000000	00000013	addi	x0,x0,0	  x0:0x00000000
       30445000	      3043	80002014	00000013	addi	x0,x0,0	  x0:0x00000000
       30455000	      3044	80002018	022f4a63	blt	x30,x2,8000204c	 x30:0x00000000  x2:0x47700000
       30465000	      3045	00000000	00000013	addi	x0,x0,0	  x0:0x00000000
       30475000	      3046	80002048	00000013	addi	x0,x0,0	  x0:0x00000000
       30485000	      3047	8000204c	b87f4293	xori	x5,x30,-1145	 x30:0x00000000  x5=0xfffffb87
       30495000	      3048	80002050	0087c263	blt	x15,x8,80002054	 x15:0x00000000  x8:0xd4900000
       30505000	      3049	80002054	00000013	addi	x0,x0,0	  x0:0x00000000
       30515000	      3050	80002058	05278263	beq	x15,x18,8000209c	 x15:0x00000000 x18:0x80009f84
       30525000	      3051	8000205c	032ed463	bge	x29,x18,80002084	 x29:0x47700000 x18:0x80009f84
       30535000	      3052	00000000	00000013	addi	x0,x0,0	  x0:0x00000000
       30545000	      3053	80002080	00000013	addi	x0,x0,0	  x0:0x00000000
       30555000	      3054	80002084	01155663	bge	x10,x17,80002090	 x10:0x00000000 x17:0x70877000
       30565000	      3055	80002088	41308cb3	sub	x25,x1,x19	  x1:0xf0000000 x19:0x00000000 x25=0xf0000000
       30575000	      3056	8000208c	008d9c13	slli	x24,x27,0x8	 x27:0x00000000 x24=0x00000000
       30585000	      3057	80002090	03c89063	bne	x17,x28,800020b0	 x17:0x70877000 x28:0x74ac36d7
       30595000	      3058	00000000	00000013	addi	x0,x0,0	  x0:0x00000000
       30605000	      3059	800020ac	00000013	addi	x0,x0,0	  x0:0x00000000
       30615000	      3060	800020b0	0017c033	xor	x0,x15,x1	 x15:0x00000000  x1:0xf0000000
       30625000	      3061	800020b4	025c9c63	bne	x25,x5,800020ec	 x25:0xf0000000  x5:0xfffffb87
       30635000	      3062	00000000	00000013	addi	x0,x0,0	  x0:0x00000000
       30645000	      3063	800020e8	00000013	addi	x0,x0,0	  x0:0x00000000
       30655000	      3064	800020ec	0082f463	bgeu	x5,x8,800020f4	  x5:0xfffffb87  x8:0xd4900000
       30665000	      3065	00000000	00000013	addi	x0,x0,0	  x0:0x00000000
       30675000	      3066	800020f0	00000013	addi	x0,x0,0	  x0:0x00000000
       30685000	      3067	800020f4	03a4ee63	bltu	x9,x26,80002130	  x9:0xf0009f84 x26:0xeaf66e9c
       30695000	      3068	800020f8	40915613	srai	x12,x2,0x9	  x2:0x47700000 x12=0x0023b800
       30705000	      3069	800020fc	baa5b493	sltiu	x9,x11,-1110	 x11:0x00000000  x9=0x00000001
       30715000	      3070	80002100	40c1d5b3	sra	x11,x3,x12	  x3:0x00000000 x12:0x0023b800 x11=0x00000000
       30725000	      3071	80002104	02b5e263	bltu	x11,x11,80002128	 x11:0x00000000 x11:0x00000000
       30735000	      3072	80002108	004d2cb3	slt	x25,x26,x4	 x26:0xeaf66e9c  x4:0x00000000 x25=0x00000001
       30745000	      3073	8000210c	404d8433	sub	x8,x27,x4	 x27:0x00000000  x4:0x00000000  x8=0x00000000
       30755000	      3074	80002110	013f6bb3	or	x23,x30,x19	 x30:0x00000000 x19:0x00000000 x23=0x00000000
       30765000	      3075	80002114	002f9bb3	sll	x23,x31,x2	 x31:0x24503e8c  x2:0x47700000 x23=0x24503e8c
       30775000	      3076	80002118	40408eb3	sub	x29,x1,x4	  x1:0xf0000000  x4:0x00000000 x29=0xf0000000
       30785000	      3077	8000211c	013f1cb3	sll	x25,x30,x19	 x30:0x00000000 x19:0x00000000 x25=0x00000000
       30795000	      3078	80002120	402c5013	srai	x0,x24,0x2	 x24:0x00000000
       30805000	      3079	80002124	412081b3	sub	x3,x1,x18	  x1:0xf0000000 x18:0x80009f84  x3=0x6fff607c
       30815000	      3080	80002128	02167663	bgeu	x12,x1,80002154	 x12:0x0023b800  x1:0xf0000000
       30825000	      3081	8000212c	009712b3	sll	x5,x14,x9	 x14:0x6c000000  x9:0x00000001  x5=0xd8000000
       30835000	      3082	80002130	00000013	addi	x0,x0,0	  x0:0x00000000
       30845000	      3083	80002134	010f0e63	beq	x30,x16,80002150	 x30:0x00000000 x16:0x00000000
       30855000	      3084	00000000	00000013	addi	x0,x0,0	  x0:0x00000000
       30865000	      3085	8000214c	00000013	addi	x0,x0,0	  x0:0x00000000
       30875000	      3086	80002150	41b1deb3	sra	x29,x3,x27	  x3:0x6fff607c x27:0x00000000 x29=0x6fff607c
       30885000	      3087	80002154	67933113	sltiu	x2,x6,1657	  x6:0x47700000  x2=0x00000000
       30895000	      3088	80002158	40208833	sub	x16,x1,x2	  x1:0xf0000000  x2:0x00000000 x16=0xf0000000
       30905000	      3089	8000215c	00000013	addi	x0,x0,0	  x0:0x00000000
       30915000	      3090	80002160	f1e63b93	sltiu	x23,x12,-226	 x12:0x0023b800 x23=0x00000001
       30925000	      3091	80002164	0041e663	bltu	x3,x4,80002170	  x3:0x6fff607c  x4:0x00000000
       30935000	      3092	80002168	009924b3	slt	x9,x18,x9	 x18:0x80009f84  x9:0x00000001  x9=0x00000001
       30945000	      3093	8000216c	40b8dab3	sra	x21,x17,x11	 x17:0x70877000 x11:0x00000000 x21=0x70877000
       30955000	      3094	80002170	030c8463	beq	x25,x16,80002198	 x25:0x00000000 x16:0xf0000000
       30965000	      3095	80002174	406f50b3	sra	x1,x30,x6	 x30:0x00000000  x6:0x47700000  x1=0x00000000
       30975000	      3096	80002178	0046f863	bgeu	x13,x4,80002188	 x13:0x00000000  x4:0x00000000
       30985000	      3097	00000000	00000013	addi	x0,x0,0	  x0:0x00000000
       30995000	      3098	80002184	00000013	addi	x0,x0,0	  x0:0x00000000
       31005000	      3099	80002188	05b77063	bgeu	x14,x27,800021c8	 x14:0x6c000000 x27:0x00000000
       31015000	      3100	00000000	00000013	addi	x0,x0,0	  x0:0x00000000
       31025000	      3101	800021c4	00000013	addi	x0,x0,0	  x0:0x00000000
       31035000	      3102	800021c8	0170d813	srli	x16,x1,0x17	  x1:0x00000000 x16=0x00000000
       31045000	      3103	800021cc	0069e863	bltu	x19,x6,800021dc	 x19:0x00000000  x6:0x47700000
       31055000	      3104	00000000	00000013	addi	x0,x0,0	  x0:0x00000000
       31065000	      3105	800021d8	00000013	addi	x0,x0,0	  x0:0x00000000
       31075000	      3106	800021dc	1139fe93	andi	x29,x19,275	 x19:0x00000000 x29=0x00000000
       31085000	      3107	800021e0	00575263	bge	x14,x5,800021e4	 x14:0x6c000000  x5:0xd8000000
       31095000	      3108	00000000	00000013	addi	x0,x0,0	  x0:0x00000000
       31105000	      3109	800021e0	00000013	addi	x0,x0,0	  x0:0x00000000
       31115000	      3110	800021e4	4164db13	srai	x22,x9,0x16	  x9:0x00000001 x22=0x00000000
       31125000	      3111	800021e8	40598db3	sub	x27,x19,x5	 x19:0x00000000  x5:0xd8000000 x27=0x28000000
       31135000	      3112	800021ec	00841e93	slli	x29,x8,0x8	  x8:0x00000000 x29=0x00000000
       31145000	      3113	800021f0	04a86263	bltu	x16,x10,80002234	 x16:0x00000000 x10:0x00000000
       31155000	      3114	800021f4	67430b93	addi	x23,x6,1652	  x6:0x47700000 x23=0x47700674
       31165000	      3115	800021f8	01d65113	srli	x2,x12,0x1d	 x12:0x0023b800  x2=0x00000000
       31175000	      3116	800021fc	01129193	slli	x3,x5,0x11	  x5:0xd8000000  x3=0x00000000
       31185000	      3117	80002200	38f10513	addi	x10,x2,911	  x2:0x00000000 x10=0x0000038f
       31195000	      3118	80002204	40ac09b3	sub	x19,x24,x10	 x24:0x00000000 x10:0x0000038f x19=0xfffffc71
       31205000	      3119	80002208	403ad813	srai	x16,x21,0x3	 x21:0x70877000 x16=0x0e10ee00
       31215000	      3120	8000220c	002d6663	bltu	x26,x2,80002218	 x26:0xeaf66e9c  x2:0x00000000
       31225000	      3121	80002210	0126d463	bge	x13,x18,80002218	 x13:0x00000000 x18:0x80009f84
       31235000	      3122	00000000	00000013	addi	x0,x0,0	  x0:0x00000000
       31245000	      3123	80002214	00000013	addi	x0,x0,0	  x0:0x00000000
       31255000	      3124	80002218	41955fb3	sra	x31,x10,x25	 x10:0x0000038f x25:0x00000000 x31=0x0000038f
       31265000	      3125	8000221c	01fbec33	or	x24,x23,x31	 x23:0x47700674 x31:0x0000038f x24=0x477007ff
       31275000	      3126	80002220	010db633	sltu	x12,x27,x16	 x27:0x28000000 x16:0x0e10ee00 x12=0x00000000
       31285000	      3127	80002224	035d8e63	beq	x27,x21,80002260	 x27:0x28000000 x21:0x70877000
       31295000	      3128	80002228	03915c63	bge	x2,x25,80002260	  x2:0x00000000 x25:0x00000000
       31305000	      3129	00000000	00000013	addi	x0,x0,0	  x0:0x00000000
       31315000	      3130	8000225c	00000013	addi	x0,x0,0	  x0:0x00000000
       31325000	      3131	80002260	010478b3	and	x17,x8,x16	  x8:0x00000000 x16:0x0e10ee00 x17=0x00000000
       31335000	      3132	80002264	56c9e093	ori	x1,x19,1388	 x19:0xfffffc71  x1=0xfffffd7d
       31345000	      3133	80002268	4178d0b3	sra	x1,x17,x23	 x17:0x00000000 x23:0x47700674  x1=0x00000000
       31355000	      3134	8000226c	036ec663	blt	x29,x22,80002298	 x29:0x00000000 x22:0x00000000
       31365000	      3135	80002270	78d72713	slti	x14,x14,1933	 x14:0x6c000000 x14=0x00000000
       31375000	      3136	80002274	00154833	xor	x16,x10,x1	 x10:0x0000038f  x1:0x00000000 x16=0x0000038f
       31385000	      3137	80002278	4000d4b3	sra	x9,x1,x0	  x1:0x00000000  x0:0x00000000  x9=0x00000000
       31395000	      3138	8000227c	b5368293	addi	x5,x13,-1197	 x13:0x00000000  x5=0xfffffb53
       31405000	      3139	80002280	019671b3	and	x3,x12,x25	 x12:0x00000000 x25:0x00000000  x3=0x00000000
       31415000	      3140	80002284	00735193	srli	x3,x6,0x7	  x6:0x47700000  x3=0x008ee000
       31425000	      3141	80002288	2f173d97	auipc	x27,0x2f173	 x27=0xaf175284
       31435000	      3142	8000228c	009b8663	beq	x23,x9,80002298	 x23:0x47700674  x9:0x00000000
       31445000	      3143	80002290	3c358193	addi	x3,x11,963	 x11:0x00000000  x3=0x000003c3
       31455000	      3144	80002294	400a8eb3	sub	x29,x21,x0	 x21:0x70877000  x0:0x00000000 x29=0x70877000
       31465000	      3145	80002298	41c6d833	sra	x16,x13,x28	 x13:0x00000000 x28:0x74ac36d7 x16=0x00000000
       31475000	      3146	8000229c	e9eafa93	andi	x21,x21,-354	 x21:0x70877000 x21=0x70877000
       31485000	      3147	800022a0	40c6d793	srai	x15,x13,0xc	 x13:0x00000000 x15=0x00000000
       31495000	      3148	800022a4	03b48e63	beq	x9,x27,800022e0	  x9:0x00000000 x27:0xaf175284
       31505000	      3149	800022a8	006e0d33	add	x26,x28,x6	 x28:0x74ac36d7  x6:0x47700000 x26=0xbc1c36d7
       31515000	      3150	800022ac	017474b3	and	x9,x8,x23	  x8:0x00000000 x23:0x47700674  x9=0x00000000
       31525000	      3151	800022b0	04cc8263	beq	x25,x12,800022f4	 x25:0x00000000 x12:0x00000000
       31535000	      3152	00000000	00000013	addi	x0,x0,0	  x0:0x00000000
       31545000	      3153	800022f0	00000013	addi	x0,x0,0	  x0:0x00000000
       31555000	      3154	800022f4	33c87793	andi	x15,x16,828	 x16:0x00000000 x15=0x00000000
       31565000	      3155	800022f8	6c8f4113	xori	x2,x30,1736	 x30:0x00000000  x2=0x000006c8
       31575000	      3156	800022fc	010b0263	beq	x22,x16,80002300	 x22:0x00000000 x16:0x00000000
       31585000	      3157	00000000	00000013	addi	x0,x0,0	  x0:0x00000000
       31595000	      3158	800022fc	00000013	addi	x0,x0,0	  x0:0x00000000
       31605000	      3159	80002300	00200463	beq	x0,x2,80002308	  x0:0x00000000  x2:0x000006c8
       31615000	      3160	80002304	4030d713	srai	x14,x1,0x3	  x1:0x00000000 x14=0x00000000
       31625000	      3161	80002308	001e59b3	srl	x19,x28,x1	 x28:0x74ac36d7  x1:0x00000000 x19=0x74ac36d7
       31635000	      3162	8000230c	57783b93	sltiu	x23,x16,1399	 x16:0x00000000 x23=0x00000001
       31645000	      3163	80002310	41c15433	sra	x8,x2,x28	  x2:0x000006c8 x28:0x74ac36d7  x8=0x00000000
       31655000	      3164	80002314	7a05cb37	lui	x22,0x7a05c	 x22=0x7a05c000
       31665000	      3165	80002318	01a43b33	sltu	x22,x8,x26	  x8:0x00000000 x26:0xbc1c36d7 x22=0x00000001
       31675000	      3166	8000231c	00d39c33	sll	x24,x7,x13	  x7:0x00000000 x13:0x00000000 x24=0x00000000
       31685000	      3167	80002320	b0717f13	andi	x30,x2,-1273	  x2:0x000006c8 x30=0x00000200
       31695000	      3168	80002324	20376d13	ori	x26,x14,515	 x14:0x00000000 x26=0x00000203
       31705000	      3169	80002328	00000e17	auipc	x28,0x0	 x28=0x80002324
       31715000	      3170	8000232c	00ce0e13	addi	x28,x28,12	 x28:0x80002324 x28=0x80002330
       31725000	      3171	80002330	000e0067	jalr	x0,x28,0	 x28:0x80002330
       31735000	      3172	00000000	00000013	addi	x0,x0,0	  x0:0x00000000
       31745000	      3173	80002330	00000013	addi	x0,x0,0	  x0:0x00000000
       31755000	      3174	80002334	00100193	addi	x3,x0,1	  x0:0x00000000  x3=0x00000001
       31765000	      3175	80002338	00000073	ecall	
       31775000	      3176	8000233c	00299233	sll	x4,x19,x2	 x19:0x74ac36d7  x2:0x000006c8  x4=0xac36d700
