		Time			Cycle	PC		Insn	Decoded instruction	Register and memory contents
          65000	         5	80000004	00000293	addi	x5,x0,0	  x0:0x00000000  x5=0x00000000
          75000	         6	80000008	00000313	addi	x6,x0,0	  x0:0x00000000  x6=0x00000000
          85000	         7	8000000c	00628263	beq	x5,x6,80000010	  x5:0x00000000  x6:0x00000000
          95000	         8	00000000	00000013	addi	x0,x0,0	  x0:0x00000000
         105000	         9	8000000c	00000013	addi	x0,x0,0	  x0:0x00000000
         115000	        10	80000010	00000517	auipc	x10,0x0	 x10=0x8000000c
         125000	        11	80000014	00c50513	addi	x10,x10,12	 x10:0x8000000c x10=0x80000018
         135000	        12	80000018	00050067	jalr	x0,x10,0	 x10:0x80000018
         145000	        13	00000000	00000013	addi	x0,x0,0	  x0:0x00000000
         155000	        14	80000018	00000013	addi	x0,x0,0	  x0:0x00000000
         165000	        15	8000001c	40000cb7	lui	x25,0x40000	 x25=0x40000000
         175000	        16	80000020	100c8c93	addi	x25,x25,256	 x25:0x40000000 x25=0x40000100
         185000	        17	80000024	00000013	addi	x0,x0,0	  x0:0x00000000
         195000	        18	80000028	0000a617	auipc	x12,0xa	 x12=0x8000a024
         205000	        19	8000002c	fa060613	addi	x12,x12,-96	 x12:0x8000a024 x12=0x80009fc4
         215000	        20	80000030	00004c97	auipc	x25,0x4	 x25=0x8000402c
         225000	        21	80000034	418c8c93	addi	x25,x25,1048	 x25:0x8000402c x25=0x80004444
         235000	        22	80000038	000cec93	ori	x25,x25,0	 x25:0x80004444 x25=0x80004444
         245000	        23	8000003c	00000013	addi	x0,x0,0	  x0:0x00000000
         255000	        24	80000040	00000c97	auipc	x25,0x0	 x25=0x8000003c
         265000	        25	80000044	020c8c93	addi	x25,x25,32	 x25:0x8000003c x25=0x8000005c
         275000	        26	80000048	00000013	addi	x0,x0,0	  x0:0x00000000
         285000	        27	8000004c	00000013	addi	x0,x0,0	  x0:0x00000000
         295000	        28	80000050	00002cb7	lui	x25,0x2	 x25=0x00002000
         305000	        29	80000054	800c8c93	addi	x25,x25,-2048	 x25:0x00002000 x25=0x00001800
         315000	        30	80000058	00000013	addi	x0,x0,0	  x0:0x00000000
         325000	        31	8000005c	00000013	addi	x0,x0,0	  x0:0x00000000
         335000	        32	80000060	00900013	addi	x0,x0,9	  x0:0x00000000
         345000	        33	80000064	00000093	addi	x1,x0,0	  x0:0x00000000  x1=0x00000000
         355000	        34	80000068	f22d5137	lui	x2,0xf22d5	  x2=0xf22d5000
         365000	        35	8000006c	f4810113	addi	x2,x2,-184	  x2:0xf22d5000  x2=0xf22d4f48
         375000	        36	80000070	118a61b7	lui	x3,0x118a6	  x3=0x118a6000
         385000	        37	80000074	70918193	addi	x3,x3,1801	  x3:0x118a6000  x3=0x118a6709
         395000	        38	80000078	00000213	addi	x4,x0,0	  x0:0x00000000  x4=0x00000000
         405000	        39	8000007c	800002b7	lui	x5,0x80000	  x5=0x80000000
         415000	        40	80000080	80000337	lui	x6,0x80000	  x6=0x80000000
         425000	        41	80000084	fa8863b7	lui	x7,0xfa886	  x7=0xfa886000
         435000	        42	80000088	84338393	addi	x7,x7,-1981	  x7:0xfa886000  x7=0xfa885843
         445000	        43	8000008c	02d9d4b7	lui	x9,0x2d9d	  x9=0x02d9d000
         455000	        44	80000090	48748493	addi	x9,x9,1159	  x9:0x02d9d000  x9=0x02d9d487
         465000	        45	80000094	00000513	addi	x10,x0,0	  x0:0x00000000 x10=0x00000000
         475000	        46	80000098	f711b5b7	lui	x11,0xf711b	 x11=0xf711b000
         485000	        47	8000009c	30458593	addi	x11,x11,772	 x11:0xf711b000 x11=0xf711b304
         495000	        48	800000a0	00a00693	addi	x13,x0,10	  x0:0x00000000 x13=0x0000000a
         505000	        49	800000a4	0e0c6737	lui	x14,0xe0c6	 x14=0x0e0c6000
         515000	        50	800000a8	21770713	addi	x14,x14,535	 x14:0x0e0c6000 x14=0x0e0c6217
         525000	        51	800000ac	00000793	addi	x15,x0,0	  x0:0x00000000 x15=0x00000000
         535000	        52	800000b0	f2f43837	lui	x16,0xf2f43	 x16=0xf2f43000
         545000	        53	800000b4	4e080813	addi	x16,x16,1248	 x16:0xf2f43000 x16=0xf2f434e0
         555000	        54	800000b8	00f00893	addi	x17,x0,15	  x0:0x00000000 x17=0x0000000f
         565000	        55	800000bc	00000913	addi	x18,x0,0	  x0:0x00000000 x18=0x00000000
         575000	        56	800000c0	00500993	addi	x19,x0,5	  x0:0x00000000 x19=0x00000005
         585000	        57	800000c4	00500a13	addi	x20,x0,5	  x0:0x00000000 x20=0x00000005
         595000	        58	800000c8	3cfd6ab7	lui	x21,0x3cfd6	 x21=0x3cfd6000
         605000	        59	800000cc	00ba8a93	addi	x21,x21,11	 x21:0x3cfd6000 x21=0x3cfd600b
         615000	        60	800000d0	00d00b13	addi	x22,x0,13	  x0:0x00000000 x22=0x0000000d
         625000	        61	800000d4	80000bb7	lui	x23,0x80000	 x23=0x80000000
         635000	        62	800000d8	00000c13	addi	x24,x0,0	  x0:0x00000000 x24=0x00000000
         645000	        63	800000dc	ff780cb7	lui	x25,0xff780	 x25=0xff780000
         655000	        64	800000e0	877c8c93	addi	x25,x25,-1929	 x25:0xff780000 x25=0xff77f877
         665000	        65	800000e4	80000d37	lui	x26,0x80000	 x26=0x80000000
         675000	        66	800000e8	00000d93	addi	x27,x0,0	  x0:0x00000000 x27=0x00000000
         685000	        67	800000ec	00000e13	addi	x28,x0,0	  x0:0x00000000 x28=0x00000000
         695000	        68	800000f0	efb5ceb7	lui	x29,0xefb5c	 x29=0xefb5c000
         705000	        69	800000f4	a0ee8e93	addi	x29,x29,-1522	 x29:0xefb5c000 x29=0xefb5ba0e
         715000	        70	800000f8	00400f13	addi	x30,x0,4	  x0:0x00000000 x30=0x00000004
         725000	        71	800000fc	00700f93	addi	x31,x0,7	  x0:0x00000000 x31=0x00000007
         735000	        72	80000100	0000a417	auipc	x8,0xa	  x8=0x8000a0fc
         745000	        73	80000104	e8840413	addi	x8,x8,-376	  x8:0x8000a0fc  x8=0x80009f84
         755000	        74	80000108	0040036f	jal	x6,80000108	  x6=0x80000108
         765000	        75	00000000	00000013	addi	x0,x0,0	  x0:0x00000000
         775000	        76	80000108	00000013	addi	x0,x0,0	  x0:0x00000000
         785000	        77	8000010c	01800e6f	jal	x28,8000010c	 x28=0x8000010c
         795000	        78	00000000	00000013	addi	x0,x0,0	  x0:0x00000000
         805000	        79	80000120	00000013	addi	x0,x0,0	  x0:0x00000000
         815000	        80	80000124	054001ef	jal	x3,80000124	  x3=0x80000124
         825000	        81	00000000	00000013	addi	x0,x0,0	  x0:0x00000000
         835000	        82	80000174	00000013	addi	x0,x0,0	  x0:0x00000000
         845000	        83	80000178	fc1ff0ef	jal	x1,80000178	  x1=0x80000178
         855000	        84	00000000	00000013	addi	x0,x0,0	  x0:0x00000000
         865000	        85	80000134	00000013	addi	x0,x0,0	  x0:0x00000000
         875000	        86	80000138	fd9ff0ef	jal	x1,80000138	  x1=0x80000138
         885000	        87	00000000	00000013	addi	x0,x0,0	  x0:0x00000000
         895000	        88	8000010c	00000013	addi	x0,x0,0	  x0:0x00000000
         905000	        89	80000110	06c000ef	jal	x1,80000110	  x1=0x80000110
         915000	        90	00000000	00000013	addi	x0,x0,0	  x0:0x00000000
         925000	        91	80000178	00000013	addi	x0,x0,0	  x0:0x00000000
         935000	        92	8000017c	ff1ff0ef	jal	x1,8000017c	  x1=0x8000017c
         945000	        93	00000000	00000013	addi	x0,x0,0	  x0:0x00000000
         955000	        94	80000168	00000013	addi	x0,x0,0	  x0:0x00000000
         965000	        95	8000016c	fe9ff26f	jal	x4,8000016c	  x4=0x8000016c
         975000	        96	00000000	00000013	addi	x0,x0,0	  x0:0x00000000
         985000	        97	80000150	00000013	addi	x0,x0,0	  x0:0x00000000
         995000	        98	80000154	0040036f	jal	x6,80000154	  x6=0x80000154
        1005000	        99	00000000	00000013	addi	x0,x0,0	  x0:0x00000000
        1015000	       100	80000154	00000013	addi	x0,x0,0	  x0:0x00000000
        1025000	       101	80000158	fd1ff36f	jal	x6,80000158	  x6=0x80000158
        1035000	       102	00000000	00000013	addi	x0,x0,0	  x0:0x00000000
        1045000	       103	80000124	00000013	addi	x0,x0,0	  x0:0x00000000
        1055000	       104	80000128	00c000ef	jal	x1,80000128	  x1=0x80000128
        1065000	       105	00000000	00000013	addi	x0,x0,0	  x0:0x00000000
        1075000	       106	80000130	00000013	addi	x0,x0,0	  x0:0x00000000
        1085000	       107	80000134	ffdff9ef	jal	x19,80000134	 x19=0x80000134
        1095000	       108	00000000	00000013	addi	x0,x0,0	  x0:0x00000000
        1105000	       109	8000012c	00000013	addi	x0,x0,0	  x0:0x00000000
        1115000	       110	80000130	fe5ff0ef	jal	x1,80000130	  x1=0x80000130
        1125000	       111	00000000	00000013	addi	x0,x0,0	  x0:0x00000000
        1135000	       112	80000110	00000013	addi	x0,x0,0	  x0:0x00000000
        1145000	       113	80000114	0040086f	jal	x16,80000114	 x16=0x80000114
        1155000	       114	00000000	00000013	addi	x0,x0,0	  x0:0x00000000
        1165000	       115	80000114	00000013	addi	x0,x0,0	  x0:0x00000000
        1175000	       116	80000118	028000ef	jal	x1,80000118	  x1=0x80000118
        1185000	       117	00000000	00000013	addi	x0,x0,0	  x0:0x00000000
        1195000	       118	8000013c	00000013	addi	x0,x0,0	  x0:0x00000000
        1205000	       119	80000140	020003ef	jal	x7,80000140	  x7=0x80000140
        1215000	       120	00000000	00000013	addi	x0,x0,0	  x0:0x00000000
        1225000	       121	8000015c	00000013	addi	x0,x0,0	  x0:0x00000000
        1235000	       122	80000160	fc1ff26f	jal	x4,80000160	  x4=0x80000160
        1245000	       123	00000000	00000013	addi	x0,x0,0	  x0:0x00000000
        1255000	       124	8000011c	00000013	addi	x0,x0,0	  x0:0x00000000
        1265000	       125	80000120	02c0026f	jal	x4,80000120	  x4=0x80000120
        1275000	       126	00000000	00000013	addi	x0,x0,0	  x0:0x00000000
        1285000	       127	80000148	00000013	addi	x0,x0,0	  x0:0x00000000
        1295000	       128	8000014c	010005ef	jal	x11,8000014c	 x11=0x8000014c
        1305000	       129	00000000	00000013	addi	x0,x0,0	  x0:0x00000000
        1315000	       130	80000158	00000013	addi	x0,x0,0	  x0:0x00000000
        1325000	       131	8000015c	008008ef	jal	x17,8000015c	 x17=0x8000015c
        1335000	       132	00000000	00000013	addi	x0,x0,0	  x0:0x00000000
        1345000	       133	80000160	00000013	addi	x0,x0,0	  x0:0x00000000
        1355000	       134	80000164	fedffe6f	jal	x28,80000164	 x28=0x80000164
        1365000	       135	00000000	00000013	addi	x0,x0,0	  x0:0x00000000
        1375000	       136	8000014c	00000013	addi	x0,x0,0	  x0:0x00000000
        1385000	       137	80000150	ff9ff36f	jal	x6,80000150	  x6=0x80000150
        1395000	       138	00000000	00000013	addi	x0,x0,0	  x0:0x00000000
        1405000	       139	80000144	00000013	addi	x0,x0,0	  x0:0x00000000
        1415000	       140	80000148	ff5ff0ef	jal	x1,80000148	  x1=0x80000148
        1425000	       141	00000000	00000013	addi	x0,x0,0	  x0:0x00000000
        1435000	       142	80000138	00000013	addi	x0,x0,0	  x0:0x00000000
        1445000	       143	8000013c	ff1ff36f	jal	x6,8000013c	  x6=0x8000013c
        1455000	       144	00000000	00000013	addi	x0,x0,0	  x0:0x00000000
        1465000	       145	80000128	00000013	addi	x0,x0,0	  x0:0x00000000
        1475000	       146	8000012c	044000ef	jal	x1,8000012c	  x1=0x8000012c
        1485000	       147	00000000	00000013	addi	x0,x0,0	  x0:0x00000000
        1495000	       148	8000016c	00000013	addi	x0,x0,0	  x0:0x00000000
        1505000	       149	80000170	ff9ff0ef	jal	x1,80000170	  x1=0x80000170
        1515000	       150	00000000	00000013	addi	x0,x0,0	  x0:0x00000000
        1525000	       151	80000164	00000013	addi	x0,x0,0	  x0:0x00000000
        1535000	       152	80000168	00c000ef	jal	x1,80000168	  x1=0x80000168
        1545000	       153	00000000	00000013	addi	x0,x0,0	  x0:0x00000000
        1555000	       154	80000170	00000013	addi	x0,x0,0	  x0:0x00000000
        1565000	       155	80000174	00c000ef	jal	x1,80000174	  x1=0x80000174
        1575000	       156	00000000	00000013	addi	x0,x0,0	  x0:0x00000000
        1585000	       157	8000017c	00000013	addi	x0,x0,0	  x0:0x00000000
        1595000	       158	80000180	fc5ff0ef	jal	x1,80000180	  x1=0x80000180
        1605000	       159	00000000	00000013	addi	x0,x0,0	  x0:0x00000000
        1615000	       160	80000140	00000013	addi	x0,x0,0	  x0:0x00000000
        1625000	       161	80000144	fd9ff0ef	jal	x1,80000144	  x1=0x80000144
        1635000	       162	00000000	00000013	addi	x0,x0,0	  x0:0x00000000
        1645000	       163	80000118	00000013	addi	x0,x0,0	  x0:0x00000000
        1655000	       164	8000011c	068004ef	jal	x9,8000011c	  x9=0x8000011c
        1665000	       165	00000000	00000013	addi	x0,x0,0	  x0:0x00000000
        1675000	       166	80000180	00000013	addi	x0,x0,0	  x0:0x00000000
        1685000	       167	80000184	b9e1a293	slti	x5,x3,-1122	  x3:0x80000124  x5=0x00000001
        1695000	       168	80000188	0e357d13	andi	x26,x10,227	 x10:0x00000000 x26=0x00000000
        1705000	       169	8000018c	0027e3b3	or	x7,x15,x2	 x15:0x00000000  x2:0xf22d4f48  x7=0xf22d4f48
        1715000	       170	80000190	afa2aa93	slti	x21,x5,-1286	  x5:0x00000001 x21=0x00000000
        1725000	       171	80000194	61a37693	andi	x13,x6,1562	  x6:0x8000013c x13=0x00000018
        1735000	       172	80000198	004daf33	slt	x30,x27,x4	 x27:0x00000000  x4:0x80000120 x30=0x00000000
        1745000	       173	8000019c	01a498b3	sll	x17,x9,x26	  x9:0x8000011c x26:0x00000000 x17=0x8000011c
        1755000	       174	800001a0	00000013	addi	x0,x0,0	  x0:0x00000000
        1765000	       175	800001a4	00003397	auipc	x7,0x3	  x7=0x800031a0
        1775000	       176	800001a8	64838393	addi	x7,x7,1608	  x7:0x800031a0  x7=0x800037e8
        1785000	       177	800001ac	011a4db3	xor	x27,x20,x17	 x20:0x00000005 x17:0x8000011c x27=0x80000119
        1795000	       178	800001b0	017a8233	add	x4,x21,x23	 x21:0x00000000 x23:0x80000000  x4=0x80000000
        1805000	       179	800001b4	1f638393	addi	x7,x7,502	  x7:0x800037e8  x7=0x800039de
        1815000	       180	800001b8	00024663	blt	x4,x0,800001c4	  x4:0x80000000  x0:0x00000000
        1825000	       181	00000000	00000013	addi	x0,x0,0	  x0:0x00000000
        1835000	       182	800001c0	00000013	addi	x0,x0,0	  x0:0x00000000
        1845000	       183	800001c4	e0a38367	jalr	x6,x7,-502	  x7:0x800039de  x6=0x800001c4
        1855000	       184	00000000	00000013	addi	x0,x0,0	  x0:0x00000000
        1865000	       185	800037e8	00000013	addi	x0,x0,0	  x0:0x00000000
        1875000	       186	800037ec	fc040413	addi	x8,x8,-64	  x8:0x80009f84  x8=0x80009f44
        1885000	       187	800037f0	87533b93	sltiu	x23,x6,-1931	  x6:0x800001c4 x23=0x00000001
        1895000	       188	800037f4	00642223	sw	x6,4(x8)	  x8:0x80009f44  x6:0x800001c4 PA:0x80009f48
        1905000	       189	800037f8	8ae46913	ori	x18,x8,-1874	  x8:0x80009f44 x18=0xffffffee
        1915000	       190	800037fc	00000013	addi	x0,x0,0	  x0:0x00000000
        1925000	       191	80003800	004cde33	srl	x28,x25,x4	 x25:0xff77f877  x4:0x80000000 x28=0xff77f877
        1935000	       192	80003804	0240036f	jal	x6,80003804	  x6=0x80003804
        1945000	       193	00000000	00000013	addi	x0,x0,0	  x0:0x00000000
        1955000	       194	80003824	00000013	addi	x0,x0,0	  x0:0x00000000
        1965000	       195	80003828	fe1ffa6f	jal	x20,80003828	 x20=0x80003828
        1975000	       196	00000000	00000013	addi	x0,x0,0	  x0:0x00000000
        1985000	       197	80003804	00000013	addi	x0,x0,0	  x0:0x00000000
        1995000	       198	80003808	0180036f	jal	x6,80003808	  x6=0x80003808
        2005000	       199	00000000	00000013	addi	x0,x0,0	  x0:0x00000000
        2015000	       200	8000381c	00000013	addi	x0,x0,0	  x0:0x00000000
        2025000	       201	80003820	ffdffaef	jal	x21,80003820	 x21=0x80003820
        2035000	       202	00000000	00000013	addi	x0,x0,0	  x0:0x00000000
        2045000	       203	80003818	00000013	addi	x0,x0,0	  x0:0x00000000
        2055000	       204	8000381c	0180016f	jal	x2,8000381c	  x2=0x8000381c
        2065000	       205	00000000	00000013	addi	x0,x0,0	  x0:0x00000000
        2075000	       206	80003830	00000013	addi	x0,x0,0	  x0:0x00000000
        2085000	       207	80003834	fe1ff36f	jal	x6,80003834	  x6=0x80003834
        2095000	       208	00000000	00000013	addi	x0,x0,0	  x0:0x00000000
        2105000	       209	80003810	00000013	addi	x0,x0,0	  x0:0x00000000
        2115000	       210	80003814	010000ef	jal	x1,80003814	  x1=0x80003814
        2125000	       211	00000000	00000013	addi	x0,x0,0	  x0:0x00000000
        2135000	       212	80003820	00000013	addi	x0,x0,0	  x0:0x00000000
        2145000	       213	80003824	fedff36f	jal	x6,80003824	  x6=0x80003824
        2155000	       214	00000000	00000013	addi	x0,x0,0	  x0:0x00000000
        2165000	       215	8000380c	00000013	addi	x0,x0,0	  x0:0x00000000
        2175000	       216	80003810	008000ef	jal	x1,80003810	  x1=0x80003810
        2185000	       217	00000000	00000013	addi	x0,x0,0	  x0:0x00000000
        2195000	       218	80003814	00000013	addi	x0,x0,0	  x0:0x00000000
        2205000	       219	80003818	018003ef	jal	x7,80003818	  x7=0x80003818
        2215000	       220	00000000	00000013	addi	x0,x0,0	  x0:0x00000000
        2225000	       221	8000382c	00000013	addi	x0,x0,0	  x0:0x00000000
        2235000	       222	80003830	fddff0ef	jal	x1,80003830	  x1=0x80003830
        2245000	       223	00000000	00000013	addi	x0,x0,0	  x0:0x00000000
        2255000	       224	80003808	00000013	addi	x0,x0,0	  x0:0x00000000
        2265000	       225	8000380c	020002ef	jal	x5,8000380c	  x5=0x8000380c
        2275000	       226	00000000	00000013	addi	x0,x0,0	  x0:0x00000000
        2285000	       227	80003828	00000013	addi	x0,x0,0	  x0:0x00000000
        2295000	       228	8000382c	00c0086f	jal	x16,8000382c	 x16=0x8000382c
        2305000	       229	00000000	00000013	addi	x0,x0,0	  x0:0x00000000
        2315000	       230	80003834	00000013	addi	x0,x0,0	  x0:0x00000000
        2325000	       231	80003838	01d169b3	or	x19,x2,x29	  x2:0x8000381c x29:0xefb5ba0e x19=0xefb5ba1e
        2335000	       232	8000383c	0080036f	jal	x6,8000383c	  x6=0x8000383c
        2345000	       233	00000000	00000013	addi	x0,x0,0	  x0:0x00000000
        2355000	       234	80003840	00000013	addi	x0,x0,0	  x0:0x00000000
        2365000	       235	80003844	0240036f	jal	x6,80003844	  x6=0x80003844
        2375000	       236	00000000	00000013	addi	x0,x0,0	  x0:0x00000000
        2385000	       237	80003864	00000013	addi	x0,x0,0	  x0:0x00000000
        2395000	       238	80003868	ffdffaef	jal	x21,80003868	 x21=0x80003868
        2405000	       239	00000000	00000013	addi	x0,x0,0	  x0:0x00000000
        2415000	       240	80003860	00000013	addi	x0,x0,0	  x0:0x00000000
        2425000	       241	80003864	fe5ff0ef	jal	x1,80003864	  x1=0x80003864
        2435000	       242	00000000	00000013	addi	x0,x0,0	  x0:0x00000000
        2445000	       243	80003844	00000013	addi	x0,x0,0	  x0:0x00000000
        2455000	       244	80003848	0240036f	jal	x6,80003848	  x6=0x80003848
        2465000	       245	00000000	00000013	addi	x0,x0,0	  x0:0x00000000
        2475000	       246	80003868	00000013	addi	x0,x0,0	  x0:0x00000000
        2485000	       247	8000386c	fd5ff0ef	jal	x1,8000386c	  x1=0x8000386c
        2495000	       248	00000000	00000013	addi	x0,x0,0	  x0:0x00000000
        2505000	       249	8000383c	00000013	addi	x0,x0,0	  x0:0x00000000
        2515000	       250	80003840	038000ef	jal	x1,80003840	  x1=0x80003840
        2525000	       251	00000000	00000013	addi	x0,x0,0	  x0:0x00000000
        2535000	       252	80003874	00000013	addi	x0,x0,0	  x0:0x00000000
        2545000	       253	80003878	fe1ff36f	jal	x6,80003878	  x6=0x80003878
        2555000	       254	00000000	00000013	addi	x0,x0,0	  x0:0x00000000
        2565000	       255	80003854	00000013	addi	x0,x0,0	  x0:0x00000000
        2575000	       256	80003858	00400c6f	jal	x24,80003858	 x24=0x80003858
        2585000	       257	00000000	00000013	addi	x0,x0,0	  x0:0x00000000
        2595000	       258	80003858	00000013	addi	x0,x0,0	  x0:0x00000000
        2605000	       259	8000385c	004007ef	jal	x15,8000385c	 x15=0x8000385c
        2615000	       260	00000000	00000013	addi	x0,x0,0	  x0:0x00000000
        2625000	       261	8000385c	00000013	addi	x0,x0,0	  x0:0x00000000
        2635000	       262	80003860	ff5ff0ef	jal	x1,80003860	  x1=0x80003860
        2645000	       263	00000000	00000013	addi	x0,x0,0	  x0:0x00000000
        2655000	       264	80003850	00000013	addi	x0,x0,0	  x0:0x00000000
        2665000	       265	80003854	01c0036f	jal	x6,80003854	  x6=0x80003854
        2675000	       266	00000000	00000013	addi	x0,x0,0	  x0:0x00000000
        2685000	       267	8000386c	00000013	addi	x0,x0,0	  x0:0x00000000
        2695000	       268	80003870	fe1ff0ef	jal	x1,80003870	  x1=0x80003870
        2705000	       269	00000000	00000013	addi	x0,x0,0	  x0:0x00000000
        2715000	       270	8000384c	00000013	addi	x0,x0,0	  x0:0x00000000
        2725000	       271	80003850	0240036f	jal	x6,80003850	  x6=0x80003850
        2735000	       272	00000000	00000013	addi	x0,x0,0	  x0:0x00000000
        2745000	       273	80003870	00000013	addi	x0,x0,0	  x0:0x00000000
        2755000	       274	80003874	fd9ff2ef	jal	x5,80003874	  x5=0x80003874
        2765000	       275	00000000	00000013	addi	x0,x0,0	  x0:0x00000000
        2775000	       276	80003848	00000013	addi	x0,x0,0	  x0:0x00000000
        2785000	       277	8000384c	030000ef	jal	x1,8000384c	  x1=0x8000384c
        2795000	       278	00000000	00000013	addi	x0,x0,0	  x0:0x00000000
        2805000	       279	80003878	00000013	addi	x0,x0,0	  x0:0x00000000
        2815000	       280	8000387c	01021693	slli	x13,x4,0x10	  x4:0x80000000 x13=0x00000000
        2825000	       281	80003880	03f2e263	bltu	x5,x31,800038a4	  x5:0x80003874 x31:0x00000007
        2835000	       282	80003884	f0e18897	auipc	x17,0xf0e18	 x17=0x70e1b880
        2845000	       283	80003888	018f1663	bne	x30,x24,80003894	 x30:0x00000000 x24:0x80003858
        2855000	       284	00000000	00000013	addi	x0,x0,0	  x0:0x00000000
        2865000	       285	80003890	00000013	addi	x0,x0,0	  x0:0x00000000
        2875000	       286	80003894	016fb7b3	sltu	x15,x31,x22	 x31:0x00000007 x22:0x0000000d x15=0x00000001
        2885000	       287	80003898	01b39733	sll	x14,x7,x27	  x7:0x80003818 x27:0x80000119 x14=0x30000000
        2895000	       288	8000389c	40170db3	sub	x27,x14,x1	 x14:0x30000000  x1:0x8000384c x27=0xafffc7b4
        2905000	       289	800038a0	0287c663	blt	x15,x8,800038cc	 x15:0x00000001  x8:0x80009f44
        2915000	       290	800038a4	01ce44b3	xor	x9,x28,x28	 x28:0xff77f877 x28:0xff77f877  x9=0x00000000
        2925000	       291	800038a8	90688393	addi	x7,x17,-1786	 x17:0x70e1b880  x7=0x70e1b186
        2935000	       292	800038ac	d59e2493	slti	x9,x28,-679	 x28:0xff77f877  x9=0x00000001
        2945000	       293	800038b0	03308e63	beq	x1,x19,800038ec	  x1:0x8000384c x19:0xefb5ba1e
        2955000	       294	800038b4	4ceb2793	slti	x15,x22,1230	 x22:0x0000000d x15=0x00000001
        2965000	       295	800038b8	4111d4b3	sra	x9,x3,x17	  x3:0x80000124 x17:0x70e1b880  x9=0x80000124
        2975000	       296	800038bc	01380c33	add	x24,x16,x19	 x16:0x8000382c x19:0xefb5ba1e x24=0x6fb5f24a
        2985000	       297	800038c0	dcb34193	xori	x3,x6,-565	  x6:0x80003850  x3=0x7fffc59b
        2995000	       298	800038c4	0175d693	srli	x13,x11,0x17	 x11:0x8000014c x13=0x00000100
        3005000	       299	800038c8	01afdd33	srl	x26,x31,x26	 x31:0x00000007 x26:0x00000000 x26=0x00000007
        3015000	       300	800038cc	b97d2793	slti	x15,x26,-1129	 x26:0x00000007 x15=0x00000000
        3025000	       301	800038d0	402f54b3	sra	x9,x30,x2	 x30:0x00000000  x2:0x8000381c  x9=0x00000000
        3035000	       302	800038d4	00218d33	add	x26,x3,x2	  x3:0x7fffc59b  x2:0x8000381c x26=0xfffffdb7
        3045000	       303	800038d8	0374c663	blt	x9,x23,80003904	  x9:0x00000000 x23:0x00000001
        3055000	       304	00000000	00000013	addi	x0,x0,0	  x0:0x00000000
        3065000	       305	80003900	00000013	addi	x0,x0,0	  x0:0x00000000
        3075000	       306	80003904	01819c63	bne	x3,x24,8000391c	  x3:0x7fffc59b x24:0x6fb5f24a
        3085000	       307	00000000	00000013	addi	x0,x0,0	  x0:0x00000000
        3095000	       308	80003918	00000013	addi	x0,x0,0	  x0:0x00000000
        3105000	       309	8000391c	01118eb3	add	x29,x3,x17	  x3:0x7fffc59b x17:0x70e1b880 x29=0xf0e17e1b
        3115000	       310	80003920	006cfdb3	and	x27,x25,x6	 x25:0xff77f877  x6:0x80003850 x27=0x80003850
        3125000	       311	80003924	fe434c13	xori	x24,x6,-28	  x6:0x80003850 x24=0x7fffc7b4
        3135000	       312	80003928	02f6e263	bltu	x13,x15,8000394c	 x13:0x00000100 x15:0x00000000
        3145000	       313	8000392c	6e302c13	slti	x24,x0,1763	  x0:0x00000000 x24=0x00000001
        3155000	       314	80003930	00000013	addi	x0,x0,0	  x0:0x00000000
        3165000	       315	80003934	018c8c63	beq	x25,x24,8000394c	 x25:0xff77f877 x24:0x00000001
        3175000	       316	80003938	40545233	sra	x4,x8,x5	  x8:0x80009f44  x5:0x80003874  x4=0xfffff800
        3185000	       317	8000393c	014b5c63	bge	x22,x20,80003954	 x22:0x0000000d x20:0x80003828
        3195000	       318	00000000	00000013	addi	x0,x0,0	  x0:0x00000000
        3205000	       319	80003950	00000013	addi	x0,x0,0	  x0:0x00000000
        3215000	       320	80003954	00b097b3	sll	x15,x1,x11	  x1:0x8000384c x11:0x8000014c x15=0x0384c000
        3225000	       321	80003958	28b8d7b7	lui	x15,0x28b8d	 x15=0x28b8d000
        3235000	       322	8000395c	00696f33	or	x30,x18,x6	 x18:0xffffffee  x6:0x80003850 x30=0xfffffffe
        3245000	       323	80003960	408a5313	srai	x6,x20,0x8	 x20:0x80003828  x6=0xff800038
        3255000	       324	80003964	00859e13	slli	x28,x11,0x8	 x11:0x8000014c x28=0x00014c00
        3265000	       325	80003968	016aeb33	or	x22,x21,x22	 x21:0x80003868 x22:0x0000000d x22=0x8000386d
        3275000	       326	8000396c	03198263	beq	x19,x17,80003990	 x19:0xefb5ba1e x17:0x70e1b880
        3285000	       327	80003970	018a9793	slli	x15,x21,0x18	 x21:0x80003868 x15=0x68000000
        3295000	       328	80003974	0a600693	addi	x13,x0,166	  x0:0x00000000 x13=0x000000a6
        3305000	       329	80003978	00000013	addi	x0,x0,0	  x0:0x00000000
        3315000	       330	8000397c	0057d793	srli	x15,x15,0x5	 x15:0x68000000 x15=0x03400000
        3325000	       331	80003980	014a81b3	add	x3,x21,x20	 x21:0x80003868 x20:0x80003828  x3=0x00007090
        3335000	       332	80003984	0191a833	slt	x16,x3,x25	  x3:0x00007090 x25:0xff77f877 x16=0x00000000
        3345000	       333	80003988	07cb9e63	bne	x23,x28,80003a04	 x23:0x00000001 x28:0x00014c00
        3355000	       334	00000000	00000013	addi	x0,x0,0	  x0:0x00000000
        3365000	       335	80003a00	00000013	addi	x0,x0,0	  x0:0x00000000
        3375000	       336	80003a04	03818663	beq	x3,x24,80003a30	  x3:0x00007090 x24:0x00000001
        3385000	       337	80003a08	8e857b93	andi	x23,x10,-1816	 x10:0x00000000 x23=0x00000000
        3395000	       338	80003a0c	0004c463	blt	x9,x0,80003a14	  x9:0x00000000  x0:0x00000000
        3405000	       339	80003a10	00000013	addi	x0,x0,0	  x0:0x00000000
        3415000	       340	80003a14	00000013	addi	x0,x0,0	  x0:0x00000000
        3425000	       341	80003a18	015ede13	srli	x28,x29,0x15	 x29:0xf0e17e1b x28=0x00000787
        3435000	       342	80003a1c	00448663	beq	x9,x4,80003a28	  x9:0x00000000  x4:0xfffff800
        3445000	       343	80003a20	4101d993	srai	x19,x3,0x10	  x3:0x00007090 x19=0x00000000
        3455000	       344	80003a24	00870c33	add	x24,x14,x8	 x14:0x30000000  x8:0x80009f44 x24=0xb0009f44
        3465000	       345	80003a28	4025d913	srai	x18,x11,0x2	 x11:0x8000014c x18=0xe0000053
        3475000	       346	80003a2c	004774b3	and	x9,x14,x4	 x14:0x30000000  x4:0xfffff800  x9=0x30000000
        3485000	       347	80003a30	00c1fd33	and	x26,x3,x12	  x3:0x00007090 x12:0x80009fc4 x26=0x00001080
        3495000	       348	80003a34	00c1f663	bgeu	x3,x12,80003a40	  x3:0x00007090 x12:0x80009fc4
        3505000	       349	80003a38	01844c63	blt	x8,x24,80003a50	  x8:0x80009f44 x24:0xb0009f44
        3515000	       350	00000000	00000013	addi	x0,x0,0	  x0:0x00000000
        3525000	       351	80003a4c	00000013	addi	x0,x0,0	  x0:0x00000000
        3535000	       352	80003a50	01c81a93	slli	x21,x16,0x1c	 x16:0x00000000 x21=0x00000000
        3545000	       353	80003a54	00ee58b3	srl	x17,x28,x14	 x28:0x00000787 x14:0x30000000 x17=0x00000787
        3555000	       354	80003a58	00e37333	and	x6,x6,x14	  x6:0xff800038 x14:0x30000000  x6=0x30000000
        3565000	       355	80003a5c	04aa7063	bgeu	x20,x10,80003a9c	 x20:0x80003828 x10:0x00000000
        3575000	       356	00000000	00000013	addi	x0,x0,0	  x0:0x00000000
        3585000	       357	80003a98	00000013	addi	x0,x0,0	  x0:0x00000000
        3595000	       358	80003a9c	40738117	auipc	x2,0x40738	  x2=0xc073ba98
        3605000	       359	80003aa0	402c07b3	sub	x15,x24,x2	 x24:0xb0009f44  x2:0xc073ba98 x15=0xef8ce4ac
        3615000	       360	80003aa4	02cb1863	bne	x22,x12,80003ad4	 x22:0x8000386d x12:0x80009fc4
        3625000	       361	00000000	00000013	addi	x0,x0,0	  x0:0x00000000
        3635000	       362	80003ad0	00000013	addi	x0,x0,0	  x0:0x00000000
        3645000	       363	80003ad4	00fd3133	sltu	x2,x26,x15	 x26:0x00001080 x15:0xef8ce4ac  x2=0x00000001
        3655000	       364	80003ad8	2b59b093	sltiu	x1,x19,693	 x19:0x00000000  x1=0x00000001
        3665000	       365	80003adc	01af8133	add	x2,x31,x26	 x31:0x00000007 x26:0x00001080  x2=0x00001087
        3675000	       366	80003ae0	00930333	add	x6,x6,x9	  x6:0x30000000  x9:0x30000000  x6=0x60000000
        3685000	       367	80003ae4	006612b3	sll	x5,x12,x6	 x12:0x80009fc4  x6:0x60000000  x5=0x80009fc4
        3695000	       368	80003ae8	00b6a6b3	slt	x13,x13,x11	 x13:0x000000a6 x11:0x8000014c x13=0x00000000
        3705000	       369	80003aec	b37b0c13	addi	x24,x22,-1225	 x22:0x8000386d x24=0x800033a4
        3715000	       370	80003af0	04875c63	bge	x14,x8,80003b48	 x14:0x30000000  x8:0x80009f44
        3725000	       371	00000000	00000013	addi	x0,x0,0	  x0:0x00000000
        3735000	       372	80003b44	00000013	addi	x0,x0,0	  x0:0x00000000
        3745000	       373	80003b48	010d7c63	bgeu	x26,x16,80003b60	 x26:0x00001080 x16:0x00000000
        3755000	       374	00000000	00000013	addi	x0,x0,0	  x0:0x00000000
        3765000	       375	80003b5c	00000013	addi	x0,x0,0	  x0:0x00000000
        3775000	       376	80003b60	4077d013	srai	x0,x15,0x7	 x15:0xef8ce4ac
        3785000	       377	80003b64	41178d33	sub	x26,x15,x17	 x15:0xef8ce4ac x17:0x00000787 x26=0xef8cdd25
        3795000	       378	80003b68	00fed293	srli	x5,x29,0xf	 x29:0xf0e17e1b  x5=0x0001e1c2
        3805000	       379	80003b6c	00000013	addi	x0,x0,0	  x0:0x00000000
        3815000	       380	80003b70	00caaab3	slt	x21,x21,x12	 x21:0x00000000 x12:0x80009fc4 x21=0x00000000
        3825000	       381	80003b74	0162fdb3	and	x27,x5,x22	  x5:0x0001e1c2 x22:0x8000386d x27=0x00002040
        3835000	       382	80003b78	00fa8033	add	x0,x21,x15	 x21:0x00000000 x15:0xef8ce4ac
        3845000	       383	80003b7c	008e71b3	and	x3,x28,x8	 x28:0x00000787  x8:0x80009f44  x3=0x00000704
        3855000	       384	80003b80	cdff8717	auipc	x14,0xcdff8	 x14=0x4dffbb7c
        3865000	       385	80003b84	01765bb3	srl	x23,x12,x23	 x12:0x80009fc4 x23:0x00000000 x23=0x80009fc4
        3875000	       386	80003b88	00590f33	add	x30,x18,x5	 x18:0xe0000053  x5:0x0001e1c2 x30=0xe001e215
        3885000	       387	80003b8c	468d10b7	lui	x1,0x468d1	  x1=0x468d1000
        3895000	       388	80003b90	9c5819b7	lui	x19,0x9c581	 x19=0x9c581000
        3905000	       389	80003b94	00a61393	slli	x7,x12,0xa	 x12:0x80009fc4  x7=0x027f1000
        3915000	       390	80003b98	006974b3	and	x9,x18,x6	 x18:0xe0000053  x6:0x60000000  x9=0x60000000
        3925000	       391	80003b9c	007235b3	sltu	x11,x4,x7	  x4:0xfffff800  x7:0x027f1000 x11=0x00000000
        3935000	       392	80003ba0	b6412b93	slti	x23,x2,-1180	  x2:0x00001087 x23=0x00000000
        3945000	       393	80003ba4	33436097	auipc	x1,0x33436	  x1=0xb3439ba0
        3955000	       394	80003ba8	40965a93	srai	x21,x12,0x9	 x12:0x80009fc4 x21=0xffc0004f
        3965000	       395	80003bac	004be663	bltu	x23,x4,80003bb8	 x23:0x00000000  x4:0xfffff800
        3975000	       396	00000000	00000013	addi	x0,x0,0	  x0:0x00000000
        3985000	       397	80003bb4	00000013	addi	x0,x0,0	  x0:0x00000000
        3995000	       398	80003bb8	00e97fb3	and	x31,x18,x14	 x18:0xe0000053 x14:0x4dffbb7c x31=0x40000050
        4005000	       399	80003bbc	c67d4c93	xori	x25,x26,-921	 x26:0xef8cdd25 x25=0x10732142
        4015000	       400	80003bc0	31790193	addi	x3,x18,791	 x18:0xe0000053  x3=0xe000036a
        4025000	       401	80003bc4	02b08663	beq	x1,x11,80003bf0	  x1:0xb3439ba0 x11:0x00000000
        4035000	       402	80003bc8	0265c863	blt	x11,x6,80003bf8	 x11:0x00000000  x6:0x60000000
        4045000	       403	00000000	00000013	addi	x0,x0,0	  x0:0x00000000
        4055000	       404	80003bf4	00000013	addi	x0,x0,0	  x0:0x00000000
        4065000	       405	80003bf8	c6f63c13	sltiu	x24,x12,-913	 x12:0x80009fc4 x24=0x00000001
        4075000	       406	80003bfc	baf92c97	auipc	x25,0xbaf92	 x25=0x3af95bf8
        4085000	       407	80003c00	40f05a93	srai	x21,x0,0xf	  x0:0x00000000 x21=0x00000000
        4095000	       408	80003c04	0146b7b3	sltu	x15,x13,x20	 x13:0x00000000 x20:0x80003828 x15=0x00000001
        4105000	       409	80003c08	0089c2b3	xor	x5,x19,x8	 x19:0x9c581000  x8:0x80009f44  x5=0x1c588f44
        4115000	       410	80003c0c	031cc663	blt	x25,x17,80003c38	 x25:0x3af95bf8 x17:0x00000787
        4125000	       411	80003c10	b7168a13	addi	x20,x13,-1167	 x13:0x00000000 x20=0xfffffb71
        4135000	       412	80003c14	00000013	addi	x0,x0,0	  x0:0x00000000
        4145000	       413	80003c18	a7b60c97	auipc	x25,0xa7b60	 x25=0x27b63c14
        4155000	       414	80003c1c	df5a8a13	addi	x20,x21,-523	 x21:0x00000000 x20=0xfffffdf5
        4165000	       415	80003c20	41325b13	srai	x22,x4,0x13	  x4:0xfffff800 x22=0xffffffff
        4175000	       416	80003c24	00000013	addi	x0,x0,0	  x0:0x00000000
        4185000	       417	80003c28	06e1d263	bge	x3,x14,80003c8c	  x3:0xe000036a x14:0x4dffbb7c
        4195000	       418	80003c2c	006537b3	sltu	x15,x10,x6	 x10:0x00000000  x6:0x60000000 x15=0x00000001
        4205000	       419	80003c30	079c0263	beq	x24,x25,80003c94	 x24:0x00000001 x25:0x27b63c14
        4215000	       420	80003c34	00e16b33	or	x22,x2,x14	  x2:0x00001087 x14:0x4dffbb7c x22=0x4dffbbff
        4225000	       421	80003c38	04e78e63	beq	x15,x14,80003c94	 x15:0x00000001 x14:0x4dffbb7c
        4235000	       422	80003c3c	02c0036f	jal	x6,80003c3c	  x6=0x80003c3c
        4245000	       423	00000000	00000013	addi	x0,x0,0	  x0:0x00000000
        4255000	       424	80003c64	00000013	addi	x0,x0,0	  x0:0x00000000
        4265000	       425	80003c68	010000ef	jal	x1,80003c68	  x1=0x80003c68
        4275000	       426	00000000	00000013	addi	x0,x0,0	  x0:0x00000000
        4285000	       427	80003c74	00000013	addi	x0,x0,0	  x0:0x00000000
        4295000	       428	80003c78	fd5ff0ef	jal	x1,80003c78	  x1=0x80003c78
        4305000	       429	00000000	00000013	addi	x0,x0,0	  x0:0x00000000
        4315000	       430	80003c48	00000013	addi	x0,x0,0	  x0:0x00000000
        4325000	       431	80003c4c	008000ef	jal	x1,80003c4c	  x1=0x80003c4c
        4335000	       432	00000000	00000013	addi	x0,x0,0	  x0:0x00000000
        4345000	       433	80003c50	00000013	addi	x0,x0,0	  x0:0x00000000
        4355000	       434	80003c54	0040036f	jal	x6,80003c54	  x6=0x80003c54
        4365000	       435	00000000	00000013	addi	x0,x0,0	  x0:0x00000000
        4375000	       436	80003c54	00000013	addi	x0,x0,0	  x0:0x00000000
        4385000	       437	80003c58	028000ef	jal	x1,80003c58	  x1=0x80003c58
        4395000	       438	00000000	00000013	addi	x0,x0,0	  x0:0x00000000
        4405000	       439	80003c7c	00000013	addi	x0,x0,0	  x0:0x00000000
        4415000	       440	80003c80	fe1ff8ef	jal	x17,80003c80	 x17=0x80003c80
        4425000	       441	00000000	00000013	addi	x0,x0,0	  x0:0x00000000
        4435000	       442	80003c5c	00000013	addi	x0,x0,0	  x0:0x00000000
        4445000	       443	80003c60	01c0036f	jal	x6,80003c60	  x6=0x80003c60
        4455000	       444	00000000	00000013	addi	x0,x0,0	  x0:0x00000000
        4465000	       445	80003c78	00000013	addi	x0,x0,0	  x0:0x00000000
        4475000	       446	80003c7c	fc5ff36f	jal	x6,80003c7c	  x6=0x80003c7c
        4485000	       447	00000000	00000013	addi	x0,x0,0	  x0:0x00000000
        4495000	       448	80003c3c	00000013	addi	x0,x0,0	  x0:0x00000000
        4505000	       449	80003c40	004002ef	jal	x5,80003c40	  x5=0x80003c40
        4515000	       450	00000000	00000013	addi	x0,x0,0	  x0:0x00000000
        4525000	       451	80003c40	00000013	addi	x0,x0,0	  x0:0x00000000
        4535000	       452	80003c44	00400eef	jal	x29,80003c44	 x29=0x80003c44
        4545000	       453	00000000	00000013	addi	x0,x0,0	  x0:0x00000000
        4555000	       454	80003c44	00000013	addi	x0,x0,0	  x0:0x00000000
        4565000	       455	80003c48	028000ef	jal	x1,80003c48	  x1=0x80003c48
        4575000	       456	00000000	00000013	addi	x0,x0,0	  x0:0x00000000
        4585000	       457	80003c6c	00000013	addi	x0,x0,0	  x0:0x00000000
        4595000	       458	80003c70	fe1ff0ef	jal	x1,80003c70	  x1=0x80003c70
        4605000	       459	00000000	00000013	addi	x0,x0,0	  x0:0x00000000
        4615000	       460	80003c4c	00000013	addi	x0,x0,0	  x0:0x00000000
        4625000	       461	80003c50	0240036f	jal	x6,80003c50	  x6=0x80003c50
        4635000	       462	00000000	00000013	addi	x0,x0,0	  x0:0x00000000
        4645000	       463	80003c70	00000013	addi	x0,x0,0	  x0:0x00000000
        4655000	       464	80003c74	fe9ffd6f	jal	x26,80003c74	 x26=0x80003c74
        4665000	       465	00000000	00000013	addi	x0,x0,0	  x0:0x00000000
        4675000	       466	80003c58	00000013	addi	x0,x0,0	  x0:0x00000000
        4685000	       467	80003c5c	008000ef	jal	x1,80003c5c	  x1=0x80003c5c
        4695000	       468	00000000	00000013	addi	x0,x0,0	  x0:0x00000000
        4705000	       469	80003c60	00000013	addi	x0,x0,0	  x0:0x00000000
        4715000	       470	80003c64	0080036f	jal	x6,80003c64	  x6=0x80003c64
        4725000	       471	00000000	00000013	addi	x0,x0,0	  x0:0x00000000
        4735000	       472	80003c68	00000013	addi	x0,x0,0	  x0:0x00000000
        4745000	       473	80003c6c	0180036f	jal	x6,80003c6c	  x6=0x80003c6c
        4755000	       474	00000000	00000013	addi	x0,x0,0	  x0:0x00000000
        4765000	       475	80003c80	00000013	addi	x0,x0,0	  x0:0x00000000
        4775000	       476	80003c84	27e4fd93	andi	x27,x9,638	  x9:0x60000000 x27=0x00000000
        4785000	       477	80003c88	01567663	bgeu	x12,x21,80003c94	 x12:0x80009fc4 x21:0x00000000
        4795000	       478	00000000	00000013	addi	x0,x0,0	  x0:0x00000000
        4805000	       479	80003c90	00000013	addi	x0,x0,0	  x0:0x00000000
        4815000	       480	80003c94	011afbb3	and	x23,x21,x17	 x21:0x00000000 x17:0x80003c80 x23=0x00000000
        4825000	       481	80003c98	786d7193	andi	x3,x26,1926	 x26:0x80003c74  x3=0x00000404
        4835000	       482	80003c9c	01bdeab3	or	x21,x27,x27	 x27:0x00000000 x27:0x00000000 x21=0x00000000
        4845000	       483	80003ca0	017579b3	and	x19,x10,x23	 x10:0x00000000 x23:0x00000000 x19=0x00000000
        4855000	       484	80003ca4	5e0d3d93	sltiu	x27,x26,1504	 x26:0x80003c74 x27=0x00000000
        4865000	       485	80003ca8	00442303	lw	x6,4(x8)	  x8:0x80009f44  x6=0x800001c4 PA:0x80009f48
        4875000	       486	80003cac	04040413	addi	x8,x8,64	  x8:0x80009f44  x8=0x80009f84
        4885000	       487	80003cb0	01dbaf33	slt	x30,x23,x29	 x23:0x00000000 x29:0x80003c44 x30=0x00000000
        4895000	       488	80003cb4	417d0033	sub	x0,x26,x23	 x26:0x80003c74 x23:0x00000000
        4905000	       489	80003cb8	afc03e93	sltiu	x29,x0,-1284	  x0:0x00000000 x29=0x00000001
        4915000	       490	80003cbc	00030d93	addi	x27,x6,0	  x6:0x800001c4 x27=0x800001c4
        4925000	       491	80003cc0	000d8de7	jalr	x27,x27,0	 x27:0x800001c4 x27=0x80003cc0
        4935000	       492	00000000	00000013	addi	x0,x0,0	  x0:0x00000000
        4945000	       493	800001c4	00000013	addi	x0,x0,0	  x0:0x00000000
        4955000	       494	800001c8	40518bb3	sub	x23,x3,x5	  x3:0x00000404  x5:0x80003c40 x23=0x7fffc7c4
        4965000	       495	800001cc	67c74993	xori	x19,x14,1660	 x14:0x4dffbb7c x19=0x4dffbd00
        4975000	       496	800001d0	045d4263	blt	x26,x5,80000214	 x26:0x80003c74  x5:0x80003c40
        4985000	       497	800001d4	00ece933	or	x18,x25,x14	 x25:0x27b63c14 x14:0x4dffbb7c x18=0x6fffbf7c
        4995000	       498	800001d8	db1bab93	slti	x23,x23,-591	 x23:0x7fffc7c4 x23=0x00000000
        5005000	       499	800001dc	02140a63	beq	x8,x1,80000210	  x8:0x80009f84  x1:0x80003c5c
        5015000	       500	800001e0	01211913	slli	x18,x2,0x12	  x2:0x00001087 x18=0x421c0000
        5025000	       501	800001e4	01e18033	add	x0,x3,x30	  x3:0x00000404 x30:0x00000000
        5035000	       502	800001e8	005463b3	or	x7,x8,x5	  x8:0x80009f84  x5:0x80003c40  x7=0x8000bfc4
        5045000	       503	800001ec	0062ff33	and	x30,x5,x6	  x5:0x80003c40  x6:0x800001c4 x30=0x80000040
        5055000	       504	800001f0	58d93493	sltiu	x9,x18,1421	 x18:0x421c0000  x9=0x00000000
        5065000	       505	800001f4	00308863	beq	x1,x3,80000204	  x1:0x80003c5c  x3:0x00000404
        5075000	       506	800001f8	fd7d3e97	auipc	x29,0xfd7d3	 x29=0x7d7d31f4
        5085000	       507	800001fc	013538b3	sltu	x17,x10,x19	 x10:0x00000000 x19:0x4dffbd00 x17=0x00000001
        5095000	       508	80000200	01333933	sltu	x18,x6,x19	  x6:0x800001c4 x19:0x4dffbd00 x18=0x00000000
        5105000	       509	80000204	007a78b3	and	x17,x20,x7	 x20:0xfffffdf5  x7:0x8000bfc4 x17=0x8000bdc4
        5115000	       510	80000208	010ad713	srli	x14,x21,0x10	 x21:0x00000000 x14=0x00000000
        5125000	       511	8000020c	014fefb3	or	x31,x31,x20	 x31:0x40000050 x20:0xfffffdf5 x31=0xfffffdf5
        5135000	       512	80000210	0a4a3db7	lui	x27,0xa4a3	 x27=0x0a4a3000
        5145000	       513	80000214	02430a63	beq	x6,x4,80000248	  x6:0x800001c4  x4:0xfffff800
        5155000	       514	80000218	011bd893	srli	x17,x23,0x11	 x23:0x00000000 x17=0x00000000
        5165000	       515	8000021c	bbd64f13	xori	x30,x12,-1091	 x12:0x80009fc4 x30=0x7fff6479
        5175000	       516	80000220	00390e63	beq	x18,x3,8000023c	 x18:0x00000000  x3:0x00000404
        5185000	       517	80000224	01b5e733	or	x14,x11,x27	 x11:0x00000000 x27:0x0a4a3000 x14=0x0a4a3000
        5195000	       518	80000228	001ad393	srli	x7,x21,0x1	 x21:0x00000000  x7=0x00000000
        5205000	       519	8000022c	aa7af713	andi	x14,x21,-1369	 x21:0x00000000 x14=0x00000000
        5215000	       520	80000230	16414193	xori	x3,x2,356	  x2:0x00001087  x3=0x000011e3
        5225000	       521	80000234	41aa8033	sub	x0,x21,x26	 x21:0x00000000 x26:0x80003c74
        5235000	       522	80000238	406f5313	srai	x6,x30,0x6	 x30:0x7fff6479  x6=0x01fffd91
        5245000	       523	8000023c	cbb6c193	xori	x3,x13,-837	 x13:0x00000000  x3=0xfffffcbb
        5255000	       524	80000240	405804b3	sub	x9,x16,x5	 x16:0x00000000  x5:0x80003c40  x9=0x7fffc3c0
        5265000	       525	80000244	c4752913	slti	x18,x10,-953	 x10:0x00000000 x18=0x00000000
        5275000	       526	80000248	94af6c13	ori	x24,x30,-1718	 x30:0x7fff6479 x24=0xfffffd7b
        5285000	       527	8000024c	012bcd33	xor	x26,x23,x18	 x23:0x00000000 x18:0x00000000 x26=0x00000000
        5295000	       528	80000250	04d81863	bne	x16,x13,800002a0	 x16:0x00000000 x13:0x00000000
        5305000	       529	80000254	00335f93	srli	x31,x6,0x3	  x6:0x01fffd91 x31=0x003fffb2
        5315000	       530	80000258	a72f3793	sltiu	x15,x30,-1422	 x30:0x7fff6479 x15=0x00000001
        5325000	       531	8000025c	00003317	auipc	x6,0x3	  x6=0x80003258
        5335000	       532	80000260	59030313	addi	x6,x6,1424	  x6:0x80003258  x6=0x800037e8
        5345000	       533	80000264	5c3e8717	auipc	x14,0x5c3e8	 x14=0xdc3e8260
        5355000	       534	80000268	21b30313	addi	x6,x6,539	  x6:0x800037e8  x6=0x80003a03
        5365000	       535	8000026c	00000013	addi	x0,x0,0	  x0:0x00000000
        5375000	       536	80000270	00c654b3	srl	x9,x12,x12	 x12:0x80009fc4 x12:0x80009fc4  x9=0x080009fc
        5385000	       537	80000274	41d05993	srai	x19,x0,0x1d	  x0:0x00000000 x19=0x00000000
        5395000	       538	80000278	00ccee33	or	x28,x25,x12	 x25:0x27b63c14 x12:0x80009fc4 x28=0xa7b6bfd4
        5405000	       539	8000027c	de530367	jalr	x6,x6,-539	  x6:0x80003a03  x6=0x8000027c
        5415000	       540	00000000	00000013	addi	x0,x0,0	  x0:0x00000000
        5425000	       541	800037e8	00000013	addi	x0,x0,0	  x0:0x00000000
        5435000	       542	800037ec	fc040413	addi	x8,x8,-64	  x8:0x80009f84  x8=0x80009f44
        5445000	       543	800037f0	87533b93	sltiu	x23,x6,-1931	  x6:0x8000027c x23=0x00000001
        5455000	       544	800037f4	00642223	sw	x6,4(x8)	  x8:0x80009f44  x6:0x8000027c PA:0x80009f48
        5465000	       545	800037f8	8ae46913	ori	x18,x8,-1874	  x8:0x80009f44 x18=0xffffffee
        5475000	       546	800037fc	00000013	addi	x0,x0,0	  x0:0x00000000
        5485000	       547	80003800	004cde33	srl	x28,x25,x4	 x25:0x27b63c14  x4:0xfffff800 x28=0x27b63c14
        5495000	       548	80003804	0240036f	jal	x6,80003804	  x6=0x80003804
        5505000	       549	00000000	00000013	addi	x0,x0,0	  x0:0x00000000
        5515000	       550	80003824	00000013	addi	x0,x0,0	  x0:0x00000000
        5525000	       551	80003828	fe1ffa6f	jal	x20,80003828	 x20=0x80003828
        5535000	       552	00000000	00000013	addi	x0,x0,0	  x0:0x00000000
        5545000	       553	80003804	00000013	addi	x0,x0,0	  x0:0x00000000
        5555000	       554	80003808	0180036f	jal	x6,80003808	  x6=0x80003808
        5565000	       555	00000000	00000013	addi	x0,x0,0	  x0:0x00000000
        5575000	       556	8000381c	00000013	addi	x0,x0,0	  x0:0x00000000
        5585000	       557	80003820	ffdffaef	jal	x21,80003820	 x21=0x80003820
        5595000	       558	00000000	00000013	addi	x0,x0,0	  x0:0x00000000
        5605000	       559	80003818	00000013	addi	x0,x0,0	  x0:0x00000000
        5615000	       560	8000381c	0180016f	jal	x2,8000381c	  x2=0x8000381c
        5625000	       561	00000000	00000013	addi	x0,x0,0	  x0:0x00000000
        5635000	       562	80003830	00000013	addi	x0,x0,0	  x0:0x00000000
        5645000	       563	80003834	fe1ff36f	jal	x6,80003834	  x6=0x80003834
        5655000	       564	00000000	00000013	addi	x0,x0,0	  x0:0x00000000
        5665000	       565	80003810	00000013	addi	x0,x0,0	  x0:0x00000000
        5675000	       566	80003814	010000ef	jal	x1,80003814	  x1=0x80003814
        5685000	       567	00000000	00000013	addi	x0,x0,0	  x0:0x00000000
        5695000	       568	80003820	00000013	addi	x0,x0,0	  x0:0x00000000
        5705000	       569	80003824	fedff36f	jal	x6,80003824	  x6=0x80003824
        5715000	       570	00000000	00000013	addi	x0,x0,0	  x0:0x00000000
        5725000	       571	8000380c	00000013	addi	x0,x0,0	  x0:0x00000000
        5735000	       572	80003810	008000ef	jal	x1,80003810	  x1=0x80003810
        5745000	       573	00000000	00000013	addi	x0,x0,0	  x0:0x00000000
        5755000	       574	80003814	00000013	addi	x0,x0,0	  x0:0x00000000
        5765000	       575	80003818	018003ef	jal	x7,80003818	  x7=0x80003818
        5775000	       576	00000000	00000013	addi	x0,x0,0	  x0:0x00000000
        5785000	       577	8000382c	00000013	addi	x0,x0,0	  x0:0x00000000
        5795000	       578	80003830	fddff0ef	jal	x1,80003830	  x1=0x80003830
        5805000	       579	00000000	00000013	addi	x0,x0,0	  x0:0x00000000
        5815000	       580	80003808	00000013	addi	x0,x0,0	  x0:0x00000000
        5825000	       581	8000380c	020002ef	jal	x5,8000380c	  x5=0x8000380c
        5835000	       582	00000000	00000013	addi	x0,x0,0	  x0:0x00000000
        5845000	       583	80003828	00000013	addi	x0,x0,0	  x0:0x00000000
        5855000	       584	8000382c	00c0086f	jal	x16,8000382c	 x16=0x8000382c
        5865000	       585	00000000	00000013	addi	x0,x0,0	  x0:0x00000000
        5875000	       586	80003834	00000013	addi	x0,x0,0	  x0:0x00000000
        5885000	       587	80003838	01d169b3	or	x19,x2,x29	  x2:0x8000381c x29:0x7d7d31f4 x19=0xfd7d39fc
        5895000	       588	8000383c	0080036f	jal	x6,8000383c	  x6=0x8000383c
        5905000	       589	00000000	00000013	addi	x0,x0,0	  x0:0x00000000
        5915000	       590	80003840	00000013	addi	x0,x0,0	  x0:0x00000000
        5925000	       591	80003844	0240036f	jal	x6,80003844	  x6=0x80003844
        5935000	       592	00000000	00000013	addi	x0,x0,0	  x0:0x00000000
        5945000	       593	80003864	00000013	addi	x0,x0,0	  x0:0x00000000
        5955000	       594	80003868	ffdffaef	jal	x21,80003868	 x21=0x80003868
        5965000	       595	00000000	00000013	addi	x0,x0,0	  x0:0x00000000
        5975000	       596	80003860	00000013	addi	x0,x0,0	  x0:0x00000000
        5985000	       597	80003864	fe5ff0ef	jal	x1,80003864	  x1=0x80003864
        5995000	       598	00000000	00000013	addi	x0,x0,0	  x0:0x00000000
        6005000	       599	80003844	00000013	addi	x0,x0,0	  x0:0x00000000
        6015000	       600	80003848	0240036f	jal	x6,80003848	  x6=0x80003848
        6025000	       601	00000000	00000013	addi	x0,x0,0	  x0:0x00000000
        6035000	       602	80003868	00000013	addi	x0,x0,0	  x0:0x00000000
        6045000	       603	8000386c	fd5ff0ef	jal	x1,8000386c	  x1=0x8000386c
        6055000	       604	00000000	00000013	addi	x0,x0,0	  x0:0x00000000
        6065000	       605	8000383c	00000013	addi	x0,x0,0	  x0:0x00000000
        6075000	       606	80003840	038000ef	jal	x1,80003840	  x1=0x80003840
        6085000	       607	00000000	00000013	addi	x0,x0,0	  x0:0x00000000
        6095000	       608	80003874	00000013	addi	x0,x0,0	  x0:0x00000000
        6105000	       609	80003878	fe1ff36f	jal	x6,80003878	  x6=0x80003878
        6115000	       610	00000000	00000013	addi	x0,x0,0	  x0:0x00000000
        6125000	       611	80003854	00000013	addi	x0,x0,0	  x0:0x00000000
        6135000	       612	80003858	00400c6f	jal	x24,80003858	 x24=0x80003858
        6145000	       613	00000000	00000013	addi	x0,x0,0	  x0:0x00000000
        6155000	       614	80003858	00000013	addi	x0,x0,0	  x0:0x00000000
        6165000	       615	8000385c	004007ef	jal	x15,8000385c	 x15=0x8000385c
        6175000	       616	00000000	00000013	addi	x0,x0,0	  x0:0x00000000
        6185000	       617	8000385c	00000013	addi	x0,x0,0	  x0:0x00000000
        6195000	       618	80003860	ff5ff0ef	jal	x1,80003860	  x1=0x80003860
        6205000	       619	00000000	00000013	addi	x0,x0,0	  x0:0x00000000
        6215000	       620	80003850	00000013	addi	x0,x0,0	  x0:0x00000000
        6225000	       621	80003854	01c0036f	jal	x6,80003854	  x6=0x80003854
        6235000	       622	00000000	00000013	addi	x0,x0,0	  x0:0x00000000
        6245000	       623	8000386c	00000013	addi	x0,x0,0	  x0:0x00000000
        6255000	       624	80003870	fe1ff0ef	jal	x1,80003870	  x1=0x80003870
        6265000	       625	00000000	00000013	addi	x0,x0,0	  x0:0x00000000
        6275000	       626	8000384c	00000013	addi	x0,x0,0	  x0:0x00000000
        6285000	       627	80003850	0240036f	jal	x6,80003850	  x6=0x80003850
        6295000	       628	00000000	00000013	addi	x0,x0,0	  x0:0x00000000
        6305000	       629	80003870	00000013	addi	x0,x0,0	  x0:0x00000000
        6315000	       630	80003874	fd9ff2ef	jal	x5,80003874	  x5=0x80003874
        6325000	       631	00000000	00000013	addi	x0,x0,0	  x0:0x00000000
        6335000	       632	80003848	00000013	addi	x0,x0,0	  x0:0x00000000
        6345000	       633	8000384c	030000ef	jal	x1,8000384c	  x1=0x8000384c
        6355000	       634	00000000	00000013	addi	x0,x0,0	  x0:0x00000000
        6365000	       635	80003878	00000013	addi	x0,x0,0	  x0:0x00000000
        6375000	       636	8000387c	01021693	slli	x13,x4,0x10	  x4:0xfffff800 x13=0xf8000000
        6385000	       637	80003880	03f2e263	bltu	x5,x31,800038a4	  x5:0x80003874 x31:0x003fffb2
        6395000	       638	80003884	f0e18897	auipc	x17,0xf0e18	 x17=0x70e1b880
        6405000	       639	80003888	018f1663	bne	x30,x24,80003894	 x30:0x7fff6479 x24:0x80003858
        6415000	       640	00000000	00000013	addi	x0,x0,0	  x0:0x00000000
        6425000	       641	80003890	00000013	addi	x0,x0,0	  x0:0x00000000
        6435000	       642	80003894	016fb7b3	sltu	x15,x31,x22	 x31:0x003fffb2 x22:0x4dffbbff x15=0x00000001
        6445000	       643	80003898	01b39733	sll	x14,x7,x27	  x7:0x80003818 x27:0x0a4a3000 x14=0x80003818
        6455000	       644	8000389c	40170db3	sub	x27,x14,x1	 x14:0x80003818  x1:0x8000384c x27=0xffffffcc
        6465000	       645	800038a0	0287c663	blt	x15,x8,800038cc	 x15:0x00000001  x8:0x80009f44
        6475000	       646	800038a4	01ce44b3	xor	x9,x28,x28	 x28:0x27b63c14 x28:0x27b63c14  x9=0x00000000
        6485000	       647	800038a8	90688393	addi	x7,x17,-1786	 x17:0x70e1b880  x7=0x70e1b186
        6495000	       648	800038ac	d59e2493	slti	x9,x28,-679	 x28:0x27b63c14  x9=0x00000000
        6505000	       649	800038b0	03308e63	beq	x1,x19,800038ec	  x1:0x8000384c x19:0xfd7d39fc
        6515000	       650	800038b4	4ceb2793	slti	x15,x22,1230	 x22:0x4dffbbff x15=0x00000000
        6525000	       651	800038b8	4111d4b3	sra	x9,x3,x17	  x3:0xfffffcbb x17:0x70e1b880  x9=0xfffffcbb
        6535000	       652	800038bc	01380c33	add	x24,x16,x19	 x16:0x8000382c x19:0xfd7d39fc x24=0x7d7d7228
        6545000	       653	800038c0	dcb34193	xori	x3,x6,-565	  x6:0x80003850  x3=0x7fffc59b
        6555000	       654	800038c4	0175d693	srli	x13,x11,0x17	 x11:0x00000000 x13=0x00000000
        6565000	       655	800038c8	01afdd33	srl	x26,x31,x26	 x31:0x003fffb2 x26:0x00000000 x26=0x003fffb2
        6575000	       656	800038cc	b97d2793	slti	x15,x26,-1129	 x26:0x003fffb2 x15=0x00000000
        6585000	       657	800038d0	402f54b3	sra	x9,x30,x2	 x30:0x7fff6479  x2:0x8000381c  x9=0x00000007
        6595000	       658	800038d4	00218d33	add	x26,x3,x2	  x3:0x7fffc59b  x2:0x8000381c x26=0xfffffdb7
        6605000	       659	800038d8	0374c663	blt	x9,x23,80003904	  x9:0x00000007 x23:0x00000001
        6615000	       660	800038dc	01205713	srli	x14,x0,0x12	  x0:0x00000000 x14=0x00000000
        6625000	       661	800038e0	41cddd93	srai	x27,x27,0x1c	 x27:0xffffffcc x27=0xffffffff
        6635000	       662	800038e4	01152ab3	slt	x21,x10,x17	 x10:0x00000000 x17:0x70e1b880 x21=0x00000001
        6645000	       663	800038e8	6c4ff213	andi	x4,x31,1732	 x31:0x003fffb2  x4=0x00000680
        6655000	       664	800038ec	03791863	bne	x18,x23,8000391c	 x18:0xffffffee x23:0x00000001
        6665000	       665	00000000	00000013	addi	x0,x0,0	  x0:0x00000000
        6675000	       666	80003918	00000013	addi	x0,x0,0	  x0:0x00000000
        6685000	       667	8000391c	01118eb3	add	x29,x3,x17	  x3:0x7fffc59b x17:0x70e1b880 x29=0xf0e17e1b
        6695000	       668	80003920	006cfdb3	and	x27,x25,x6	 x25:0x27b63c14  x6:0x80003850 x27=0x00003810
        6705000	       669	80003924	fe434c13	xori	x24,x6,-28	  x6:0x80003850 x24=0x7fffc7b4
        6715000	       670	80003928	02f6e263	bltu	x13,x15,8000394c	 x13:0x00000000 x15:0x00000000
        6725000	       671	8000392c	6e302c13	slti	x24,x0,1763	  x0:0x00000000 x24=0x00000001
        6735000	       672	80003930	00000013	addi	x0,x0,0	  x0:0x00000000
        6745000	       673	80003934	018c8c63	beq	x25,x24,8000394c	 x25:0x27b63c14 x24:0x00000001
        6755000	       674	80003938	40545233	sra	x4,x8,x5	  x8:0x80009f44  x5:0x80003874  x4=0xfffff800
        6765000	       675	8000393c	014b5c63	bge	x22,x20,80003954	 x22:0x4dffbbff x20:0x80003828
        6775000	       676	00000000	00000013	addi	x0,x0,0	  x0:0x00000000
        6785000	       677	80003950	00000013	addi	x0,x0,0	  x0:0x00000000
        6795000	       678	80003954	00b097b3	sll	x15,x1,x11	  x1:0x8000384c x11:0x00000000 x15=0x8000384c
        6805000	       679	80003958	28b8d7b7	lui	x15,0x28b8d	 x15=0x28b8d000
        6815000	       680	8000395c	00696f33	or	x30,x18,x6	 x18:0xffffffee  x6:0x80003850 x30=0xfffffffe
        6825000	       681	80003960	408a5313	srai	x6,x20,0x8	 x20:0x80003828  x6=0xff800038
        6835000	       682	80003964	00859e13	slli	x28,x11,0x8	 x11:0x00000000 x28=0x00000000
        6845000	       683	80003968	016aeb33	or	x22,x21,x22	 x21:0x00000001 x22:0x4dffbbff x22=0x4dffbbff
        6855000	       684	8000396c	03198263	beq	x19,x17,80003990	 x19:0xfd7d39fc x17:0x70e1b880
        6865000	       685	80003970	018a9793	slli	x15,x21,0x18	 x21:0x00000001 x15=0x01000000
        6875000	       686	80003974	0a600693	addi	x13,x0,166	  x0:0x00000000 x13=0x000000a6
        6885000	       687	80003978	00000013	addi	x0,x0,0	  x0:0x00000000
        6895000	       688	8000397c	0057d793	srli	x15,x15,0x5	 x15:0x01000000 x15=0x00080000
        6905000	       689	80003980	014a81b3	add	x3,x21,x20	 x21:0x00000001 x20:0x80003828  x3=0x80003829
        6915000	       690	80003984	0191a833	slt	x16,x3,x25	  x3:0x80003829 x25:0x27b63c14 x16=0x00000001
        6925000	       691	80003988	07cb9e63	bne	x23,x28,80003a04	 x23:0x00000001 x28:0x00000000
        6935000	       692	00000000	00000013	addi	x0,x0,0	  x0:0x00000000
        6945000	       693	80003a00	00000013	addi	x0,x0,0	  x0:0x00000000
        6955000	       694	80003a04	03818663	beq	x3,x24,80003a30	  x3:0x80003829 x24:0x00000001
        6965000	       695	80003a08	8e857b93	andi	x23,x10,-1816	 x10:0x00000000 x23=0x00000000
        6975000	       696	80003a0c	0004c463	blt	x9,x0,80003a14	  x9:0x00000007  x0:0x00000000
        6985000	       697	80003a10	00000013	addi	x0,x0,0	  x0:0x00000000
        6995000	       698	80003a14	00000013	addi	x0,x0,0	  x0:0x00000000
        7005000	       699	80003a18	015ede13	srli	x28,x29,0x15	 x29:0xf0e17e1b x28=0x00000787
        7015000	       700	80003a1c	00448663	beq	x9,x4,80003a28	  x9:0x00000007  x4:0xfffff800
        7025000	       701	80003a20	4101d993	srai	x19,x3,0x10	  x3:0x80003829 x19=0xffff8000
        7035000	       702	80003a24	00870c33	add	x24,x14,x8	 x14:0x00000000  x8:0x80009f44 x24=0x80009f44
        7045000	       703	80003a28	4025d913	srai	x18,x11,0x2	 x11:0x00000000 x18=0x00000000
        7055000	       704	80003a2c	004774b3	and	x9,x14,x4	 x14:0x00000000  x4:0xfffff800  x9=0x00000000
        7065000	       705	80003a30	00c1fd33	and	x26,x3,x12	  x3:0x80003829 x12:0x80009fc4 x26=0x80001800
        7075000	       706	80003a34	00c1f663	bgeu	x3,x12,80003a40	  x3:0x80003829 x12:0x80009fc4
        7085000	       707	80003a38	01844c63	blt	x8,x24,80003a50	  x8:0x80009f44 x24:0x80009f44
        7095000	       708	80003a3c	91fe2137	lui	x2,0x91fe2	  x2=0x91fe2000
        7105000	       709	80003a40	02bbd663	bge	x23,x11,80003a6c	 x23:0x00000000 x11:0x00000000
        7115000	       710	00000000	00000013	addi	x0,x0,0	  x0:0x00000000
        7125000	       711	80003a68	00000013	addi	x0,x0,0	  x0:0x00000000
        7135000	       712	80003a6c	01b17833	and	x16,x2,x27	  x2:0x91fe2000 x27:0x00003810 x16=0x00002000
        7145000	       713	80003a70	0033e1b3	or	x3,x7,x3	  x7:0x70e1b186  x3:0x80003829  x3=0xf0e1b9af
        7155000	       714	80003a74	03fafe63	bgeu	x21,x31,80003ab0	 x21:0x00000001 x31:0x003fffb2
        7165000	       715	80003a78	409c57b3	sra	x15,x24,x9	 x24:0x80009f44  x9:0x00000000 x15=0x80009f44
        7175000	       716	80003a7c	88370013	addi	x0,x14,-1917	 x14:0x00000000
        7185000	       717	80003a80	43df3893	sltiu	x17,x30,1085	 x30:0xfffffffe x17=0x00000000
        7195000	       718	80003a84	017aca33	xor	x20,x21,x23	 x21:0x00000001 x23:0x00000000 x20=0x00000001
        7205000	       719	80003a88	00000013	addi	x0,x0,0	  x0:0x00000000
        7215000	       720	80003a8c	c747ec13	ori	x24,x15,-908	 x15:0x80009f44 x24=0xffffff74
        7225000	       721	80003a90	01c57b33	and	x22,x10,x28	 x10:0x00000000 x28:0x00000787 x22=0x00000000
        7235000	       722	80003a94	40255833	sra	x16,x10,x2	 x10:0x00000000  x2:0x91fe2000 x16=0x00000000
        7245000	       723	80003a98	015c7e63	bgeu	x24,x21,80003ab4	 x24:0xffffff74 x21:0x00000001
        7255000	       724	00000000	00000013	addi	x0,x0,0	  x0:0x00000000
        7265000	       725	80003ab0	00000013	addi	x0,x0,0	  x0:0x00000000
        7275000	       726	80003ab4	012a6c63	bltu	x20,x18,80003acc	 x20:0x00000001 x18:0x00000000
        7285000	       727	80003ab8	0063af33	slt	x30,x7,x6	  x7:0x70e1b186  x6:0xff800038 x30=0x00000000
        7295000	       728	80003abc	006411b3	sll	x3,x8,x6	  x8:0x80009f44  x6:0xff800038  x3=0x44000000
        7305000	       729	80003ac0	01b55e13	srli	x28,x10,0x1b	 x10:0x00000000 x28=0x00000000
        7315000	       730	80003ac4	0079ee63	bltu	x19,x7,80003ae0	 x19:0xffff8000  x7:0x70e1b186
        7325000	       731	80003ac8	004b3eb3	sltu	x29,x22,x4	 x22:0x00000000  x4:0xfffff800 x29=0x00000001
        7335000	       732	80003acc	80e77c13	andi	x24,x14,-2034	 x14:0x00000000 x24=0x00000000
        7345000	       733	80003ad0	895fc213	xori	x4,x31,-1899	 x31:0x003fffb2  x4=0xffc00727
        7355000	       734	80003ad4	00fd3133	sltu	x2,x26,x15	 x26:0x80001800 x15:0x80009f44  x2=0x00000001
        7365000	       735	80003ad8	2b59b093	sltiu	x1,x19,693	 x19:0xffff8000  x1=0x00000000
        7375000	       736	80003adc	01af8133	add	x2,x31,x26	 x31:0x003fffb2 x26:0x80001800  x2=0x804017b2
        7385000	       737	80003ae0	00930333	add	x6,x6,x9	  x6:0xff800038  x9:0x00000000  x6=0xff800038
        7395000	       738	80003ae4	006612b3	sll	x5,x12,x6	 x12:0x80009fc4  x6:0xff800038  x5=0xc4000000
        7405000	       739	80003ae8	00b6a6b3	slt	x13,x13,x11	 x13:0x000000a6 x11:0x00000000 x13=0x00000000
        7415000	       740	80003aec	b37b0c13	addi	x24,x22,-1225	 x22:0x00000000 x24=0xfffffb37
        7425000	       741	80003af0	04875c63	bge	x14,x8,80003b48	 x14:0x00000000  x8:0x80009f44
        7435000	       742	00000000	00000013	addi	x0,x0,0	  x0:0x00000000
        7445000	       743	80003b44	00000013	addi	x0,x0,0	  x0:0x00000000
        7455000	       744	80003b48	010d7c63	bgeu	x26,x16,80003b60	 x26:0x80001800 x16:0x00000000
        7465000	       745	00000000	00000013	addi	x0,x0,0	  x0:0x00000000
        7475000	       746	80003b5c	00000013	addi	x0,x0,0	  x0:0x00000000
        7485000	       747	80003b60	4077d013	srai	x0,x15,0x7	 x15:0x80009f44
        7495000	       748	80003b64	41178d33	sub	x26,x15,x17	 x15:0x80009f44 x17:0x00000000 x26=0x80009f44
        7505000	       749	80003b68	00fed293	srli	x5,x29,0xf	 x29:0x00000001  x5=0x00000000
        7515000	       750	80003b6c	00000013	addi	x0,x0,0	  x0:0x00000000
        7525000	       751	80003b70	00caaab3	slt	x21,x21,x12	 x21:0x00000001 x12:0x80009fc4 x21=0x00000000
        7535000	       752	80003b74	0162fdb3	and	x27,x5,x22	  x5:0x00000000 x22:0x00000000 x27=0x00000000
        7545000	       753	80003b78	00fa8033	add	x0,x21,x15	 x21:0x00000000 x15:0x80009f44
        7555000	       754	80003b7c	008e71b3	and	x3,x28,x8	 x28:0x00000000  x8:0x80009f44  x3=0x00000000
        7565000	       755	80003b80	cdff8717	auipc	x14,0xcdff8	 x14=0x4dffbb7c
        7575000	       756	80003b84	01765bb3	srl	x23,x12,x23	 x12:0x80009fc4 x23:0x00000000 x23=0x80009fc4
        7585000	       757	80003b88	00590f33	add	x30,x18,x5	 x18:0x00000000  x5:0x00000000 x30=0x00000000
        7595000	       758	80003b8c	468d10b7	lui	x1,0x468d1	  x1=0x468d1000
        7605000	       759	80003b90	9c5819b7	lui	x19,0x9c581	 x19=0x9c581000
        7615000	       760	80003b94	00a61393	slli	x7,x12,0xa	 x12:0x80009fc4  x7=0x027f1000
        7625000	       761	80003b98	006974b3	and	x9,x18,x6	 x18:0x00000000  x6:0xff800038  x9=0x00000000
        7635000	       762	80003b9c	007235b3	sltu	x11,x4,x7	  x4:0xffc00727  x7:0x027f1000 x11=0x00000000
        7645000	       763	80003ba0	b6412b93	slti	x23,x2,-1180	  x2:0x804017b2 x23=0x00000001
        7655000	       764	80003ba4	33436097	auipc	x1,0x33436	  x1=0xb3439ba0
        7665000	       765	80003ba8	40965a93	srai	x21,x12,0x9	 x12:0x80009fc4 x21=0xffc0004f
        7675000	       766	80003bac	004be663	bltu	x23,x4,80003bb8	 x23:0x00000001  x4:0xffc00727
        7685000	       767	00000000	00000013	addi	x0,x0,0	  x0:0x00000000
        7695000	       768	80003bb4	00000013	addi	x0,x0,0	  x0:0x00000000
        7705000	       769	80003bb8	00e97fb3	and	x31,x18,x14	 x18:0x00000000 x14:0x4dffbb7c x31=0x00000000
        7715000	       770	80003bbc	c67d4c93	xori	x25,x26,-921	 x26:0x80009f44 x25=0x7fff6323
        7725000	       771	80003bc0	31790193	addi	x3,x18,791	 x18:0x00000000  x3=0x00000317
        7735000	       772	80003bc4	02b08663	beq	x1,x11,80003bf0	  x1:0xb3439ba0 x11:0x00000000
        7745000	       773	80003bc8	0265c863	blt	x11,x6,80003bf8	 x11:0x00000000  x6:0xff800038
        7755000	       774	80003bcc	00d67eb3	and	x29,x12,x13	 x12:0x80009fc4 x13:0x00000000 x29=0x00000000
        7765000	       775	80003bd0	05f6e263	bltu	x13,x31,80003c14	 x13:0x00000000 x31:0x00000000
        7775000	       776	80003bd4	5a4d7213	andi	x4,x26,1444	 x26:0x80009f44  x4=0x00000504
        7785000	       777	80003bd8	7508b313	sltiu	x6,x17,1872	 x17:0x00000000  x6=0x00000001
        7795000	       778	80003bdc	01d41463	bne	x8,x29,80003be4	  x8:0x80009f44 x29:0x00000000
        7805000	       779	00000000	00000013	addi	x0,x0,0	  x0:0x00000000
        7815000	       780	80003be0	00000013	addi	x0,x0,0	  x0:0x00000000
        7825000	       781	80003be4	0110c9b3	xor	x19,x1,x17	  x1:0xb3439ba0 x17:0x00000000 x19=0xb3439ba0
        7835000	       782	80003be8	92c94293	xori	x5,x18,-1748	 x18:0x00000000  x5=0xfffff92c
        7845000	       783	80003bec	003c46b3	xor	x13,x24,x3	 x24:0xfffffb37  x3:0x00000317 x13=0xfffff820
        7855000	       784	80003bf0	00890733	add	x14,x18,x8	 x18:0x00000000  x8:0x80009f44 x14=0x80009f44
        7865000	       785	80003bf4	ef337e13	andi	x28,x6,-269	  x6:0x00000001 x28=0x00000001
        7875000	       786	80003bf8	c6f63c13	sltiu	x24,x12,-913	 x12:0x80009fc4 x24=0x00000001
        7885000	       787	80003bfc	baf92c97	auipc	x25,0xbaf92	 x25=0x3af95bf8
        7895000	       788	80003c00	40f05a93	srai	x21,x0,0xf	  x0:0x00000000 x21=0x00000000
        7905000	       789	80003c04	0146b7b3	sltu	x15,x13,x20	 x13:0xfffff820 x20:0x00000001 x15=0x00000000
        7915000	       790	80003c08	0089c2b3	xor	x5,x19,x8	 x19:0xb3439ba0  x8:0x80009f44  x5=0x334304e4
        7925000	       791	80003c0c	031cc663	blt	x25,x17,80003c38	 x25:0x3af95bf8 x17:0x00000000
        7935000	       792	80003c10	b7168a13	addi	x20,x13,-1167	 x13:0xfffff820 x20=0xfffff391
        7945000	       793	80003c14	00000013	addi	x0,x0,0	  x0:0x00000000
        7955000	       794	80003c18	a7b60c97	auipc	x25,0xa7b60	 x25=0x27b63c14
        7965000	       795	80003c1c	df5a8a13	addi	x20,x21,-523	 x21:0x00000000 x20=0xfffffdf5
        7975000	       796	80003c20	41325b13	srai	x22,x4,0x13	  x4:0x00000504 x22=0x00000000
        7985000	       797	80003c24	00000013	addi	x0,x0,0	  x0:0x00000000
        7995000	       798	80003c28	06e1d263	bge	x3,x14,80003c8c	  x3:0x00000317 x14:0x80009f44
        8005000	       799	00000000	00000013	addi	x0,x0,0	  x0:0x00000000
        8015000	       800	80003c88	00000013	addi	x0,x0,0	  x0:0x00000000
        8025000	       801	80003c8c	00b0fc33	and	x24,x1,x11	  x1:0xb3439ba0 x11:0x00000000 x24=0x00000000
        8035000	       802	80003c90	81332c93	slti	x25,x6,-2029	  x6:0x00000001 x25=0x00000000
        8045000	       803	80003c94	011afbb3	and	x23,x21,x17	 x21:0x00000000 x17:0x00000000 x23=0x00000000
        8055000	       804	80003c98	786d7193	andi	x3,x26,1926	 x26:0x80009f44  x3=0x00000704
        8065000	       805	80003c9c	01bdeab3	or	x21,x27,x27	 x27:0x00000000 x27:0x00000000 x21=0x00000000
        8075000	       806	80003ca0	017579b3	and	x19,x10,x23	 x10:0x00000000 x23:0x00000000 x19=0x00000000
        8085000	       807	80003ca4	5e0d3d93	sltiu	x27,x26,1504	 x26:0x80009f44 x27=0x00000000
        8095000	       808	80003ca8	00442303	lw	x6,4(x8)	  x8:0x80009f44  x6=0x8000027c PA:0x80009f48
        8105000	       809	80003cac	04040413	addi	x8,x8,64	  x8:0x80009f44  x8=0x80009f84
        8115000	       810	80003cb0	01dbaf33	slt	x30,x23,x29	 x23:0x00000000 x29:0x00000000 x30=0x00000000
        8125000	       811	80003cb4	417d0033	sub	x0,x26,x23	 x26:0x80009f44 x23:0x00000000
        8135000	       812	80003cb8	afc03e93	sltiu	x29,x0,-1284	  x0:0x00000000 x29=0x00000001
        8145000	       813	80003cbc	00030d93	addi	x27,x6,0	  x6:0x8000027c x27=0x8000027c
        8155000	       814	80003cc0	000d8de7	jalr	x27,x27,0	 x27:0x8000027c x27=0x80003cc0
        8165000	       815	00000000	00000013	addi	x0,x0,0	  x0:0x00000000
        8175000	       816	8000027c	00000013	addi	x0,x0,0	  x0:0x00000000
        8185000	       817	80000280	02ef9a63	bne	x31,x14,800002b4	 x31:0x00000000 x14:0x80009f44
        8195000	       818	00000000	00000013	addi	x0,x0,0	  x0:0x00000000
        8205000	       819	800002b0	00000013	addi	x0,x0,0	  x0:0x00000000
        8215000	       820	800002b4	01e48733	add	x14,x9,x30	  x9:0x00000000 x30:0x00000000 x14=0x00000000
        8225000	       821	800002b8	14f47837	lui	x16,0x14f47	 x16=0x14f47000
        8235000	       822	800002bc	000b5293	srli	x5,x22,0x0	 x22:0x00000000  x5=0x00000000
        8245000	       823	800002c0	d1d97a13	andi	x20,x18,-739	 x18:0x00000000 x20=0x00000000
        8255000	       824	800002c4	01b77233	and	x4,x14,x27	 x14:0x00000000 x27:0x80003cc0  x4=0x00000000
        8265000	       825	800002c8	00000517	auipc	x10,0x0	 x10=0x800002c4
        8275000	       826	800002cc	00c50513	addi	x10,x10,12	 x10:0x800002c4 x10=0x800002d0
        8285000	       827	800002d0	00050067	jalr	x0,x10,0	 x10:0x800002d0
        8295000	       828	00000000	00000013	addi	x0,x0,0	  x0:0x00000000
        8305000	       829	800002d0	00000013	addi	x0,x0,0	  x0:0x00000000
        8315000	       830	800002d4	00100193	addi	x3,x0,1	  x0:0x00000000  x3=0x00000001
        8325000	       831	800002d8	00000073	ecall	
        8335000	       832	800002dc	d229e893	ori	x17,x19,-734	 x19:0x00000000 x17=0xfffffd22
