		Time			Cycle	PC		Insn	Decoded instruction	Register and memory contents
          65000	         5	80000004	00000293	addi	x5,x0,0	  x0:0x00000000  x5=0x00000000
          75000	         6	80000008	00000313	addi	x6,x0,0	  x0:0x00000000  x6=0x00000000
          85000	         7	8000000c	00628263	beq	x5,x6,80000010	  x5:0x00000000  x6:0x00000000
          95000	         8	00000000	00000013	addi	x0,x0,0	  x0:0x00000000
         105000	         9	8000000c	00000013	addi	x0,x0,0	  x0:0x00000000
         115000	        10	80000010	00000517	auipc	x10,0x0	 x10=0x8000000c
         125000	        11	80000014	00c50513	addi	x10,x10,12	 x10:0x8000000c x10=0x80000018
         135000	        12	80000018	00050067	jalr	x0,x10,0	 x10:0x80000018
         145000	        13	00000000	00000013	addi	x0,x0,0	  x0:0x00000000
         155000	        14	80000018	00000013	addi	x0,x0,0	  x0:0x00000000
         165000	        15	8000001c	40000ab7	lui	x21,0x40000	 x21=0x40000000
         175000	        16	80000020	100a8a93	addi	x21,x21,256	 x21:0x40000000 x21=0x40000100
         185000	        17	80000024	00000013	addi	x0,x0,0	  x0:0x00000000
         195000	        18	80000028	0000a697	auipc	x13,0xa	 x13=0x8000a024
         205000	        19	8000002c	fa068693	addi	x13,x13,-96	 x13:0x8000a024 x13=0x80009fc4
         215000	        20	80000030	00004a97	auipc	x21,0x4	 x21=0x8000402c
         225000	        21	80000034	6e8a8a93	addi	x21,x21,1768	 x21:0x8000402c x21=0x80004714
         235000	        22	80000038	000aea93	ori	x21,x21,0	 x21:0x80004714 x21=0x80004714
         245000	        23	8000003c	00000013	addi	x0,x0,0	  x0:0x00000000
         255000	        24	80000040	00000a97	auipc	x21,0x0	 x21=0x8000003c
         265000	        25	80000044	020a8a93	addi	x21,x21,32	 x21:0x8000003c x21=0x8000005c
         275000	        26	80000048	00000013	addi	x0,x0,0	  x0:0x00000000
         285000	        27	8000004c	00000013	addi	x0,x0,0	  x0:0x00000000
         295000	        28	80000050	00002ab7	lui	x21,0x2	 x21=0x00002000
         305000	        29	80000054	800a8a93	addi	x21,x21,-2048	 x21:0x00002000 x21=0x00001800
         315000	        30	80000058	00000013	addi	x0,x0,0	  x0:0x00000000
         325000	        31	8000005c	00000013	addi	x0,x0,0	  x0:0x00000000
         335000	        32	80000060	00a00013	addi	x0,x0,10	  x0:0x00000000
         345000	        33	80000064	00400093	addi	x1,x0,4	  x0:0x00000000  x1=0x00000004
         355000	        34	80000068	db602137	lui	x2,0xdb602	  x2=0xdb602000
         365000	        35	8000006c	0bb10113	addi	x2,x2,187	  x2:0xdb602000  x2=0xdb6020bb
         375000	        36	80000070	800001b7	lui	x3,0x80000	  x3=0x80000000
         385000	        37	80000074	f6b89237	lui	x4,0xf6b89	  x4=0xf6b89000
         395000	        38	80000078	4f220213	addi	x4,x4,1266	  x4:0xf6b89000  x4=0xf6b894f2
         405000	        39	8000007c	800002b7	lui	x5,0x80000	  x5=0x80000000
         415000	        40	80000080	6e3f8337	lui	x6,0x6e3f8	  x6=0x6e3f8000
         425000	        41	80000084	4bb30313	addi	x6,x6,1211	  x6:0x6e3f8000  x6=0x6e3f84bb
         435000	        42	80000088	00b00393	addi	x7,x0,11	  x0:0x00000000  x7=0x0000000b
         445000	        43	8000008c	00800413	addi	x8,x0,8	  x0:0x00000000  x8=0x00000008
         455000	        44	80000090	00000493	addi	x9,x0,0	  x0:0x00000000  x9=0x00000000
         465000	        45	80000094	f7616537	lui	x10,0xf7616	 x10=0xf7616000
         475000	        46	80000098	97250513	addi	x10,x10,-1678	 x10:0xf7616000 x10=0xf7615972
         485000	        47	8000009c	00000593	addi	x11,x0,0	  x0:0x00000000 x11=0x00000000
         495000	        48	800000a0	00000613	addi	x12,x0,0	  x0:0x00000000 x12=0x00000000
         505000	        49	800000a4	00000713	addi	x14,x0,0	  x0:0x00000000 x14=0x00000000
         515000	        50	800000a8	00000793	addi	x15,x0,0	  x0:0x00000000 x15=0x00000000
         525000	        51	800000ac	80000837	lui	x16,0x80000	 x16=0x80000000
         535000	        52	800000b0	fbdb18b7	lui	x17,0xfbdb1	 x17=0xfbdb1000
         545000	        53	800000b4	81788893	addi	x17,x17,-2025	 x17:0xfbdb1000 x17=0xfbdb0817
         555000	        54	800000b8	80000937	lui	x18,0x80000	 x18=0x80000000
         565000	        55	800000bc	ff0429b7	lui	x19,0xff042	 x19=0xff042000
         575000	        56	800000c0	04a98993	addi	x19,x19,74	 x19:0xff042000 x19=0xff04204a
         585000	        57	800000c4	80000a37	lui	x20,0x80000	 x20=0x80000000
         595000	        58	800000c8	de6f0ab7	lui	x21,0xde6f0	 x21=0xde6f0000
         605000	        59	800000cc	6f4a8a93	addi	x21,x21,1780	 x21:0xde6f0000 x21=0xde6f06f4
         615000	        60	800000d0	00500b13	addi	x22,x0,5	  x0:0x00000000 x22=0x00000005
         625000	        61	800000d4	80000bb7	lui	x23,0x80000	 x23=0x80000000
         635000	        62	800000d8	00600c13	addi	x24,x0,6	  x0:0x00000000 x24=0x00000006
         645000	        63	800000dc	80000cb7	lui	x25,0x80000	 x25=0x80000000
         655000	        64	800000e0	00a00d93	addi	x27,x0,10	  x0:0x00000000 x27=0x0000000a
         665000	        65	800000e4	f4611e37	lui	x28,0xf4611	 x28=0xf4611000
         675000	        66	800000e8	292e0e13	addi	x28,x28,658	 x28:0xf4611000 x28=0xf4611292
         685000	        67	800000ec	f416deb7	lui	x29,0xf416d	 x29=0xf416d000
         695000	        68	800000f0	fe6e8e93	addi	x29,x29,-26	 x29:0xf416d000 x29=0xf416cfe6
         705000	        69	800000f4	00c00f13	addi	x30,x0,12	  x0:0x00000000 x30=0x0000000c
         715000	        70	800000f8	f207ffb7	lui	x31,0xf207f	 x31=0xf207f000
         725000	        71	800000fc	8cef8f93	addi	x31,x31,-1842	 x31:0xf207f000 x31=0xf207e8ce
         735000	        72	80000100	0000ad17	auipc	x26,0xa	 x26=0x8000a0fc
         745000	        73	80000104	e88d0d13	addi	x26,x26,-376	 x26:0x8000a0fc x26=0x80009f84
         755000	        74	80000108	02000fef	jal	x31,80000108	 x31=0x80000108
         765000	        75	00000000	00000013	addi	x0,x0,0	  x0:0x00000000
         775000	        76	80000124	00000013	addi	x0,x0,0	  x0:0x00000000
         785000	        77	80000128	fedff36f	jal	x6,80000128	  x6=0x80000128
         795000	        78	00000000	00000013	addi	x0,x0,0	  x0:0x00000000
         805000	        79	80000110	00000013	addi	x0,x0,0	  x0:0x00000000
         815000	        80	80000114	0180036f	jal	x6,80000114	  x6=0x80000114
         825000	        81	00000000	00000013	addi	x0,x0,0	  x0:0x00000000
         835000	        82	80000128	00000013	addi	x0,x0,0	  x0:0x00000000
         845000	        83	8000012c	004002ef	jal	x5,8000012c	  x5=0x8000012c
         855000	        84	00000000	00000013	addi	x0,x0,0	  x0:0x00000000
         865000	        85	8000012c	00000013	addi	x0,x0,0	  x0:0x00000000
         875000	        86	80000130	ff1ff36f	jal	x6,80000130	  x6=0x80000130
         885000	        87	00000000	00000013	addi	x0,x0,0	  x0:0x00000000
         895000	        88	8000011c	00000013	addi	x0,x0,0	  x0:0x00000000
         905000	        89	80000120	ff1ff1ef	jal	x3,80000120	  x3=0x80000120
         915000	        90	00000000	00000013	addi	x0,x0,0	  x0:0x00000000
         925000	        91	8000010c	00000013	addi	x0,x0,0	  x0:0x00000000
         935000	        92	80000110	0080046f	jal	x8,80000110	  x8=0x80000110
         945000	        93	00000000	00000013	addi	x0,x0,0	  x0:0x00000000
         955000	        94	80000114	00000013	addi	x0,x0,0	  x0:0x00000000
         965000	        95	80000118	ff5ff0ef	jal	x1,80000118	  x1=0x80000118
         975000	        96	00000000	00000013	addi	x0,x0,0	  x0:0x00000000
         985000	        97	80000108	00000013	addi	x0,x0,0	  x0:0x00000000
         995000	        98	8000010c	0180036f	jal	x6,8000010c	  x6=0x8000010c
        1005000	        99	00000000	00000013	addi	x0,x0,0	  x0:0x00000000
        1015000	       100	80000120	00000013	addi	x0,x0,0	  x0:0x00000000
        1025000	       101	80000124	ff9ff0ef	jal	x1,80000124	  x1=0x80000124
        1035000	       102	00000000	00000013	addi	x0,x0,0	  x0:0x00000000
        1045000	       103	80000118	00000013	addi	x0,x0,0	  x0:0x00000000
        1055000	       104	8000011c	018000ef	jal	x1,8000011c	  x1=0x8000011c
        1065000	       105	00000000	00000013	addi	x0,x0,0	  x0:0x00000000
        1075000	       106	80000130	00000013	addi	x0,x0,0	  x0:0x00000000
        1085000	       107	80000134	40ca5b93	srai	x23,x20,0xc	 x20:0x80000000 x23=0xfff80000
        1095000	       108	80000138	05000fef	jal	x31,80000138	 x31=0x80000138
        1105000	       109	00000000	00000013	addi	x0,x0,0	  x0:0x00000000
        1115000	       110	80000184	00000013	addi	x0,x0,0	  x0:0x00000000
        1125000	       111	80000188	fe1ff0ef	jal	x1,80000188	  x1=0x80000188
        1135000	       112	00000000	00000013	addi	x0,x0,0	  x0:0x00000000
        1145000	       113	80000164	00000013	addi	x0,x0,0	  x0:0x00000000
        1155000	       114	80000168	0340036f	jal	x6,80000168	  x6=0x80000168
        1165000	       115	00000000	00000013	addi	x0,x0,0	  x0:0x00000000
        1175000	       116	80000198	00000013	addi	x0,x0,0	  x0:0x00000000
        1185000	       117	8000019c	fc5ff2ef	jal	x5,8000019c	  x5=0x8000019c
        1195000	       118	00000000	00000013	addi	x0,x0,0	  x0:0x00000000
        1205000	       119	8000015c	00000013	addi	x0,x0,0	  x0:0x00000000
        1215000	       120	80000160	ff9ff0ef	jal	x1,80000160	  x1=0x80000160
        1225000	       121	00000000	00000013	addi	x0,x0,0	  x0:0x00000000
        1235000	       122	80000154	00000013	addi	x0,x0,0	  x0:0x00000000
        1245000	       123	80000158	01c000ef	jal	x1,80000158	  x1=0x80000158
        1255000	       124	00000000	00000013	addi	x0,x0,0	  x0:0x00000000
        1265000	       125	80000170	00000013	addi	x0,x0,0	  x0:0x00000000
        1275000	       126	80000174	fd5ff0ef	jal	x1,80000174	  x1=0x80000174
        1285000	       127	00000000	00000013	addi	x0,x0,0	  x0:0x00000000
        1295000	       128	80000144	00000013	addi	x0,x0,0	  x0:0x00000000
        1305000	       129	80000148	044001ef	jal	x3,80000148	  x3=0x80000148
        1315000	       130	00000000	00000013	addi	x0,x0,0	  x0:0x00000000
        1325000	       131	80000188	00000013	addi	x0,x0,0	  x0:0x00000000
        1335000	       132	8000018c	fb9ff0ef	jal	x1,8000018c	  x1=0x8000018c
        1345000	       133	00000000	00000013	addi	x0,x0,0	  x0:0x00000000
        1355000	       134	80000140	00000013	addi	x0,x0,0	  x0:0x00000000
        1365000	       135	80000144	050008ef	jal	x17,80000144	 x17=0x80000144
        1375000	       136	00000000	00000013	addi	x0,x0,0	  x0:0x00000000
        1385000	       137	80000190	00000013	addi	x0,x0,0	  x0:0x00000000
        1395000	       138	80000194	fbdff36f	jal	x6,80000194	  x6=0x80000194
        1405000	       139	00000000	00000013	addi	x0,x0,0	  x0:0x00000000
        1415000	       140	8000014c	00000013	addi	x0,x0,0	  x0:0x00000000
        1425000	       141	80000150	00c0036f	jal	x6,80000150	  x6=0x80000150
        1435000	       142	00000000	00000013	addi	x0,x0,0	  x0:0x00000000
        1445000	       143	80000158	00000013	addi	x0,x0,0	  x0:0x00000000
        1455000	       144	8000015c	01c0096f	jal	x18,8000015c	 x18=0x8000015c
        1465000	       145	00000000	00000013	addi	x0,x0,0	  x0:0x00000000
        1475000	       146	80000174	00000013	addi	x0,x0,0	  x0:0x00000000
        1485000	       147	80000178	ff9ff0ef	jal	x1,80000178	  x1=0x80000178
        1495000	       148	00000000	00000013	addi	x0,x0,0	  x0:0x00000000
        1505000	       149	8000016c	00000013	addi	x0,x0,0	  x0:0x00000000
        1515000	       150	80000170	fe5ff0ef	jal	x1,80000170	  x1=0x80000170
        1525000	       151	00000000	00000013	addi	x0,x0,0	  x0:0x00000000
        1535000	       152	80000150	00000013	addi	x0,x0,0	  x0:0x00000000
        1545000	       153	80000154	010001ef	jal	x3,80000154	  x3=0x80000154
        1555000	       154	00000000	00000013	addi	x0,x0,0	  x0:0x00000000
        1565000	       155	80000160	00000013	addi	x0,x0,0	  x0:0x00000000
        1575000	       156	80000164	03c0046f	jal	x8,80000164	  x8=0x80000164
        1585000	       157	00000000	00000013	addi	x0,x0,0	  x0:0x00000000
        1595000	       158	8000019c	00000013	addi	x0,x0,0	  x0:0x00000000
        1605000	       159	800001a0	fadff36f	jal	x6,800001a0	  x6=0x800001a0
        1615000	       160	00000000	00000013	addi	x0,x0,0	  x0:0x00000000
        1625000	       161	80000148	00000013	addi	x0,x0,0	  x0:0x00000000
        1635000	       162	8000014c	030004ef	jal	x9,8000014c	  x9=0x8000014c
        1645000	       163	00000000	00000013	addi	x0,x0,0	  x0:0x00000000
        1655000	       164	80000178	00000013	addi	x0,x0,0	  x0:0x00000000
        1665000	       165	8000017c	008000ef	jal	x1,8000017c	  x1=0x8000017c
        1675000	       166	00000000	00000013	addi	x0,x0,0	  x0:0x00000000
        1685000	       167	80000180	00000013	addi	x0,x0,0	  x0:0x00000000
        1695000	       168	80000184	fb9ff0ef	jal	x1,80000184	  x1=0x80000184
        1705000	       169	00000000	00000013	addi	x0,x0,0	  x0:0x00000000
        1715000	       170	80000138	00000013	addi	x0,x0,0	  x0:0x00000000
        1725000	       171	8000013c	004001ef	jal	x3,8000013c	  x3=0x8000013c
        1735000	       172	00000000	00000013	addi	x0,x0,0	  x0:0x00000000
        1745000	       173	8000013c	00000013	addi	x0,x0,0	  x0:0x00000000
        1755000	       174	80000140	068000ef	jal	x1,80000140	  x1=0x80000140
        1765000	       175	00000000	00000013	addi	x0,x0,0	  x0:0x00000000
        1775000	       176	800001a4	00000013	addi	x0,x0,0	  x0:0x00000000
        1785000	       177	800001a8	ff1ff26f	jal	x4,800001a8	  x4=0x800001a8
        1795000	       178	00000000	00000013	addi	x0,x0,0	  x0:0x00000000
        1805000	       179	80000194	00000013	addi	x0,x0,0	  x0:0x00000000
        1815000	       180	80000198	fd5ff0ef	jal	x1,80000198	  x1=0x80000198
        1825000	       181	00000000	00000013	addi	x0,x0,0	  x0:0x00000000
        1835000	       182	80000168	00000013	addi	x0,x0,0	  x0:0x00000000
        1845000	       183	8000016c	024000ef	jal	x1,8000016c	  x1=0x8000016c
        1855000	       184	00000000	00000013	addi	x0,x0,0	  x0:0x00000000
        1865000	       185	8000018c	00000013	addi	x0,x0,0	  x0:0x00000000
        1875000	       186	80000190	01400c6f	jal	x24,80000190	 x24=0x80000190
        1885000	       187	00000000	00000013	addi	x0,x0,0	  x0:0x00000000
        1895000	       188	800001a0	00000013	addi	x0,x0,0	  x0:0x00000000
        1905000	       189	800001a4	fddffeef	jal	x29,800001a4	 x29=0x800001a4
        1915000	       190	00000000	00000013	addi	x0,x0,0	  x0:0x00000000
        1925000	       191	8000017c	00000013	addi	x0,x0,0	  x0:0x00000000
        1935000	       192	80000180	02c0036f	jal	x6,80000180	  x6=0x80000180
        1945000	       193	00000000	00000013	addi	x0,x0,0	  x0:0x00000000
        1955000	       194	800001a8	00000013	addi	x0,x0,0	  x0:0x00000000
        1965000	       195	800001ac	40346093	ori	x1,x8,1027	  x8:0x80000164  x1=0x80000567
        1975000	       196	800001b0	1d5f7f93	andi	x31,x30,469	 x30:0x0000000c x31=0x00000004
        1985000	       197	800001b4	e4fc6793	ori	x15,x24,-433	 x24:0x80000190 x15=0xffffffdf
        1995000	       198	800001b8	01607c33	and	x24,x0,x22	  x0:0x00000000 x22:0x00000005 x24=0x00000000
        2005000	       199	800001bc	002efa33	and	x20,x29,x2	 x29:0x800001a4  x2:0xdb6020bb x20=0x800000a0
        2015000	       200	800001c0	03987e63	bgeu	x16,x25,800001fc	 x16:0x80000000 x25:0x80000000
        2025000	       201	00000000	00000013	addi	x0,x0,0	  x0:0x00000000
        2035000	       202	800001f8	00000013	addi	x0,x0,0	  x0:0x00000000
        2045000	       203	800001fc	9ea41fb7	lui	x31,0x9ea41	 x31=0x9ea41000
        2055000	       204	80000200	46398a93	addi	x21,x19,1123	 x19:0xff04204a x21=0xff0424ad
        2065000	       205	80000204	00d7aab3	slt	x21,x15,x13	 x15:0xffffffdf x13:0x80009fc4 x21=0x00000000
        2075000	       206	80000208	013a1993	slli	x19,x20,0x13	 x20:0x800000a0 x19=0x05000000
        2085000	       207	8000020c	00179463	bne	x15,x1,80000214	 x15:0xffffffdf  x1:0x80000567
        2095000	       208	00000000	00000013	addi	x0,x0,0	  x0:0x00000000
        2105000	       209	80000210	00000013	addi	x0,x0,0	  x0:0x00000000
        2115000	       210	80000214	0086d933	srl	x18,x13,x8	 x13:0x80009fc4  x8:0x80000164 x18=0x080009fc
        2125000	       211	80000218	7adc7d93	andi	x27,x24,1965	 x24:0x00000000 x27=0x00000000
        2135000	       212	8000021c	004b87b3	add	x15,x23,x4	 x23:0xfff80000  x4:0x800001a8 x15=0x7ff801a8
        2145000	       213	80000220	a1c56913	ori	x18,x10,-1508	 x10:0xf7615972 x18=0xfffffb7e
        2155000	       214	80000224	d99c9617	auipc	x12,0xd99c9	 x12=0x599c9220
        2165000	       215	80000228	00d870b3	and	x1,x16,x13	 x16:0x80000000 x13:0x80009fc4  x1=0x80000000
        2175000	       216	8000022c	00ac6e63	bltu	x24,x10,80000248	 x24:0x00000000 x10:0xf7615972
        2185000	       217	00000000	00000013	addi	x0,x0,0	  x0:0x00000000
        2195000	       218	80000244	00000013	addi	x0,x0,0	  x0:0x00000000
        2205000	       219	80000248	03644663	blt	x8,x22,80000274	  x8:0x80000164 x22:0x00000005
        2215000	       220	00000000	00000013	addi	x0,x0,0	  x0:0x00000000
        2225000	       221	80000270	00000013	addi	x0,x0,0	  x0:0x00000000
        2235000	       222	80000274	0159a2b3	slt	x5,x19,x21	 x19:0x05000000 x21:0x00000000  x5=0x00000000
        2245000	       223	80000278	01ccc663	blt	x25,x28,80000284	 x25:0x80000000 x28:0xf4611292
        2255000	       224	00000000	00000013	addi	x0,x0,0	  x0:0x00000000
        2265000	       225	80000280	00000013	addi	x0,x0,0	  x0:0x00000000
        2275000	       226	80000284	0270c863	blt	x1,x7,800002b4	  x1:0x80000000  x7:0x0000000b
        2285000	       227	00000000	00000013	addi	x0,x0,0	  x0:0x00000000
        2295000	       228	800002b0	00000013	addi	x0,x0,0	  x0:0x00000000
        2305000	       229	800002b4	4521b013	sltiu	x0,x3,1106	  x3:0x8000013c
        2315000	       230	800002b8	000f6733	or	x14,x30,x0	 x30:0x0000000c  x0:0x00000000 x14=0x0000000c
        2325000	       231	800002bc	00b97733	and	x14,x18,x11	 x18:0xfffffb7e x11:0x00000000 x14=0x00000000
        2335000	       232	800002c0	03ebc463	blt	x23,x30,800002e8	 x23:0xfff80000 x30:0x0000000c
        2345000	       233	00000000	00000013	addi	x0,x0,0	  x0:0x00000000
        2355000	       234	800002e4	00000013	addi	x0,x0,0	  x0:0x00000000
        2365000	       235	800002e8	4176d593	srai	x11,x13,0x17	 x13:0x80009fc4 x11=0xffffff00
        2375000	       236	800002ec	016aecb3	or	x25,x21,x22	 x21:0x00000000 x22:0x00000005 x25=0x00000005
        2385000	       237	800002f0	018f1433	sll	x8,x30,x24	 x30:0x0000000c x24:0x00000000  x8=0x0000000c
        2395000	       238	800002f4	018c1eb3	sll	x29,x24,x24	 x24:0x00000000 x24:0x00000000 x29=0x00000000
        2405000	       239	800002f8	03946e63	bltu	x8,x25,80000334	  x8:0x0000000c x25:0x00000005
        2415000	       240	800002fc	001e71b3	and	x3,x28,x1	 x28:0xf4611292  x1:0x80000000  x3=0x80000000
        2425000	       241	80000300	40515c33	sra	x24,x2,x5	  x2:0xdb6020bb  x5:0x00000000 x24=0xdb6020bb
        2435000	       242	80000304	01539b33	sll	x22,x7,x21	  x7:0x0000000b x21:0x00000000 x22=0x0000000b
        2445000	       243	80000308	09891263	bne	x18,x24,8000038c	 x18:0xfffffb7e x24:0xdb6020bb
        2455000	       244	00000000	00000013	addi	x0,x0,0	  x0:0x00000000
        2465000	       245	80000388	00000013	addi	x0,x0,0	  x0:0x00000000
        2475000	       246	8000038c	0005d433	srl	x8,x11,x0	 x11:0xffffff00  x0:0x00000000  x8=0xffffff00
        2485000	       247	80000390	015cd893	srli	x17,x25,0x15	 x25:0x00000005 x17=0x00000000
        2495000	       248	80000394	00f65ab3	srl	x21,x12,x15	 x12:0x599c9220 x15:0x7ff801a8 x21=0x00599c92
        2505000	       249	80000398	07738863	beq	x7,x23,80000408	  x7:0x0000000b x23:0xfff80000
        2515000	       250	8000039c	1ccc3913	sltiu	x18,x24,460	 x24:0xdb6020bb x18=0x00000000
        2525000	       251	800003a0	460b3317	auipc	x6,0x460b3	  x6=0xc60b339c
        2535000	       252	800003a4	b4678813	addi	x16,x15,-1210	 x15:0x7ff801a8 x16=0x7ff7fcee
        2545000	       253	800003a8	015afa63	bgeu	x21,x21,800003bc	 x21:0x00599c92 x21:0x00599c92
        2555000	       254	00000000	00000013	addi	x0,x0,0	  x0:0x00000000
        2565000	       255	800003b8	00000013	addi	x0,x0,0	  x0:0x00000000
        2575000	       256	800003bc	012b22b3	slt	x5,x22,x18	 x22:0x0000000b x18:0x00000000  x5=0x00000000
        2585000	       257	800003c0	6fd570b7	lui	x1,0x6fd57	  x1=0x6fd57000
        2595000	       258	800003c4	01ff1613	slli	x12,x30,0x1f	 x30:0x0000000c x12=0x00000000
        2605000	       259	800003c8	40880ab3	sub	x21,x16,x8	 x16:0x7ff7fcee  x8:0xffffff00 x21=0x7ff7fdee
        2615000	       260	800003cc	01e39393	slli	x7,x7,0x1e	  x7:0x0000000b  x7=0xc0000000
        2625000	       261	800003d0	00004c17	auipc	x24,0x4	 x24=0x800043cc
        2635000	       262	800003d4	ca4c0c13	addi	x24,x24,-860	 x24:0x800043cc x24=0x80004070
        2645000	       263	800003d8	00b533b3	sltu	x7,x10,x11	 x10:0xf7615972 x11:0xffffff00  x7=0x00000001
        2655000	       264	800003dc	00a00bb3	add	x23,x0,x10	  x0:0x00000000 x10:0xf7615972 x23=0xf7615972
        2665000	       265	800003e0	7c2bd497	auipc	x9,0x7c2bd	  x9=0xfc2bd3dc
        2675000	       266	800003e4	ba098313	addi	x6,x19,-1120	 x19:0x05000000  x6=0x04fffba0
        2685000	       267	800003e8	fbfc0c13	addi	x24,x24,-65	 x24:0x80004070 x24=0x8000402f
        2695000	       268	800003ec	01f25293	srli	x5,x4,0x1f	  x4:0x800001a8  x5=0x00000001
        2705000	       269	800003f0	620dfdb7	lui	x27,0x620df	 x27=0x620df000
        2715000	       270	800003f4	0185bcb3	sltu	x25,x11,x24	 x11:0xffffff00 x24:0x8000402f x25=0x00000000
        2725000	       271	800003f8	042c0fe7	jalr	x31,x24,66	 x24:0x8000402f x31=0x800003f8
        2735000	       272	00000000	00000013	addi	x0,x0,0	  x0:0x00000000
        2745000	       273	80004070	00000013	addi	x0,x0,0	  x0:0x00000000
        2755000	       274	80004074	00a65c63	bge	x12,x10,8000408c	 x12:0x00000000 x10:0xf7615972
        2765000	       275	00000000	00000013	addi	x0,x0,0	  x0:0x00000000
        2775000	       276	80004088	00000013	addi	x0,x0,0	  x0:0x00000000
        2785000	       277	8000408c	fdcd0d13	addi	x26,x26,-36	 x26:0x80009f84 x26=0x80009f60
        2795000	       278	80004090	00000013	addi	x0,x0,0	  x0:0x00000000
        2805000	       279	80004094	56570493	addi	x9,x14,1381	 x14:0x00000000  x9=0x00000565
        2815000	       280	80004098	0021d813	srli	x16,x3,0x2	  x3:0x80000000 x16=0x20000000
        2825000	       281	8000409c	01fd2223	sw	x31,4(x26)	 x26:0x80009f60 x31:0x800003f8 PA:0x80009f64
        2835000	       282	800040a0	00632233	slt	x4,x6,x6	  x6:0x04fffba0  x6:0x04fffba0  x4=0x00000000
        2845000	       283	800040a4	381e3713	sltiu	x14,x28,897	 x28:0xf4611292 x14=0x00000000
        2855000	       284	800040a8	00000013	addi	x0,x0,0	  x0:0x00000000
        2865000	       285	800040ac	2cd78493	addi	x9,x15,717	 x15:0x7ff801a8  x9=0x7ff80475
        2875000	       286	800040b0	0048f1b3	and	x3,x17,x4	 x17:0x00000000  x4:0x00000000  x3=0x00000000
        2885000	       287	800040b4	00c179b3	and	x19,x2,x12	  x2:0xdb6020bb x12:0x00000000 x19=0x00000000
        2895000	       288	800040b8	01655b93	srli	x23,x10,0x16	 x10:0xf7615972 x23=0x000003dd
        2905000	       289	800040bc	ffffff97	auipc	x31,0xfffff	 x31=0x800030b8
        2915000	       290	800040c0	170f8f93	addi	x31,x31,368	 x31:0x800030b8 x31=0x80003228
        2925000	       291	800040c4	e3bf8f93	addi	x31,x31,-453	 x31:0x80003228 x31=0x80003063
        2935000	       292	800040c8	91062b13	slti	x22,x12,-1776	 x12:0x00000000 x22=0x00000000
        2945000	       293	800040cc	012d1663	bne	x26,x18,800040d8	 x26:0x80009f60 x18:0x00000000
        2955000	       294	00000000	00000013	addi	x0,x0,0	  x0:0x00000000
        2965000	       295	800040d4	00000013	addi	x0,x0,0	  x0:0x00000000
        2975000	       296	800040d8	1c5f8fe7	jalr	x31,x31,453	 x31:0x80003063 x31=0x800040d8
        2985000	       297	00000000	00000013	addi	x0,x0,0	  x0:0x00000000
        2995000	       298	80003228	00000013	addi	x0,x0,0	  x0:0x00000000
        3005000	       299	8000322c	9a6f8617	auipc	x12,0x9a6f8	 x12=0x1a6fb228
        3015000	       300	80003230	ff8d0d13	addi	x26,x26,-8	 x26:0x80009f60 x26=0x80009f58
        3025000	       301	80003234	01fd2223	sw	x31,4(x26)	 x26:0x80009f58 x31:0x800040d8 PA:0x80009f5c
        3035000	       302	80003238	1fb33813	sltiu	x16,x6,507	  x6:0x04fffba0 x16=0x00000000
        3045000	       303	8000323c	0100c333	xor	x6,x1,x16	  x1:0x6fd57000 x16:0x00000000  x6=0x6fd57000
        3055000	       304	80003240	402509b3	sub	x19,x10,x2	 x10:0xf7615972  x2:0xdb6020bb x19=0x1c0138b7
        3065000	       305	80003244	06400fef	jal	x31,80003244	 x31=0x80003244
        3075000	       306	00000000	00000013	addi	x0,x0,0	  x0:0x00000000
        3085000	       307	800032a4	00000013	addi	x0,x0,0	  x0:0x00000000
        3095000	       308	800032a8	fc5ff0ef	jal	x1,800032a8	  x1=0x800032a8
        3105000	       309	00000000	00000013	addi	x0,x0,0	  x0:0x00000000
        3115000	       310	80003268	00000013	addi	x0,x0,0	  x0:0x00000000
        3125000	       311	8000326c	020000ef	jal	x1,8000326c	  x1=0x8000326c
        3135000	       312	00000000	00000013	addi	x0,x0,0	  x0:0x00000000
        3145000	       313	80003288	00000013	addi	x0,x0,0	  x0:0x00000000
        3155000	       314	8000328c	fedff36f	jal	x6,8000328c	  x6=0x8000328c
        3165000	       315	00000000	00000013	addi	x0,x0,0	  x0:0x00000000
        3175000	       316	80003274	00000013	addi	x0,x0,0	  x0:0x00000000
        3185000	       317	80003278	004000ef	jal	x1,80003278	  x1=0x80003278
        3195000	       318	00000000	00000013	addi	x0,x0,0	  x0:0x00000000
        3205000	       319	80003278	00000013	addi	x0,x0,0	  x0:0x00000000
        3215000	       320	8000327c	fe9ff0ef	jal	x1,8000327c	  x1=0x8000327c
        3225000	       321	00000000	00000013	addi	x0,x0,0	  x0:0x00000000
        3235000	       322	80003260	00000013	addi	x0,x0,0	  x0:0x00000000
        3245000	       323	80003264	ff9ff36f	jal	x6,80003264	  x6=0x80003264
        3255000	       324	00000000	00000013	addi	x0,x0,0	  x0:0x00000000
        3265000	       325	80003258	00000013	addi	x0,x0,0	  x0:0x00000000
        3275000	       326	8000325c	ff5ff36f	jal	x6,8000325c	  x6=0x8000325c
        3285000	       327	00000000	00000013	addi	x0,x0,0	  x0:0x00000000
        3295000	       328	8000324c	00000013	addi	x0,x0,0	  x0:0x00000000
        3305000	       329	80003250	03000bef	jal	x23,80003250	 x23=0x80003250
        3315000	       330	00000000	00000013	addi	x0,x0,0	  x0:0x00000000
        3325000	       331	8000327c	00000013	addi	x0,x0,0	  x0:0x00000000
        3335000	       332	80003280	fe9ff26f	jal	x4,80003280	  x4=0x80003280
        3345000	       333	00000000	00000013	addi	x0,x0,0	  x0:0x00000000
        3355000	       334	80003264	00000013	addi	x0,x0,0	  x0:0x00000000
        3365000	       335	80003268	01c0016f	jal	x2,80003268	  x2=0x80003268
        3375000	       336	00000000	00000013	addi	x0,x0,0	  x0:0x00000000
        3385000	       337	80003280	00000013	addi	x0,x0,0	  x0:0x00000000
        3395000	       338	80003284	010000ef	jal	x1,80003284	  x1=0x80003284
        3405000	       339	00000000	00000013	addi	x0,x0,0	  x0:0x00000000
        3415000	       340	80003290	00000013	addi	x0,x0,0	  x0:0x00000000
        3425000	       341	80003294	0040036f	jal	x6,80003294	  x6=0x80003294
        3435000	       342	00000000	00000013	addi	x0,x0,0	  x0:0x00000000
        3445000	       343	80003294	00000013	addi	x0,x0,0	  x0:0x00000000
        3455000	       344	80003298	fc1ff36f	jal	x6,80003298	  x6=0x80003298
        3465000	       345	00000000	00000013	addi	x0,x0,0	  x0:0x00000000
        3475000	       346	80003254	00000013	addi	x0,x0,0	  x0:0x00000000
        3485000	       347	80003258	008002ef	jal	x5,80003258	  x5=0x80003258
        3495000	       348	00000000	00000013	addi	x0,x0,0	  x0:0x00000000
        3505000	       349	8000325c	00000013	addi	x0,x0,0	  x0:0x00000000
        3515000	       350	80003260	fedffbef	jal	x23,80003260	 x23=0x80003260
        3525000	       351	00000000	00000013	addi	x0,x0,0	  x0:0x00000000
        3535000	       352	80003248	00000013	addi	x0,x0,0	  x0:0x00000000
        3545000	       353	8000324c	02800b6f	jal	x22,8000324c	 x22=0x8000324c
        3555000	       354	00000000	00000013	addi	x0,x0,0	  x0:0x00000000
        3565000	       355	80003270	00000013	addi	x0,x0,0	  x0:0x00000000
        3575000	       356	80003274	02c000ef	jal	x1,80003274	  x1=0x80003274
        3585000	       357	00000000	00000013	addi	x0,x0,0	  x0:0x00000000
        3595000	       358	8000329c	00000013	addi	x0,x0,0	  x0:0x00000000
        3605000	       359	800032a0	fe9ff0ef	jal	x1,800032a0	  x1=0x800032a0
        3615000	       360	00000000	00000013	addi	x0,x0,0	  x0:0x00000000
        3625000	       361	80003284	00000013	addi	x0,x0,0	  x0:0x00000000
        3635000	       362	80003288	024000ef	jal	x1,80003288	  x1=0x80003288
        3645000	       363	00000000	00000013	addi	x0,x0,0	  x0:0x00000000
        3655000	       364	800032a8	00000013	addi	x0,x0,0	  x0:0x00000000
        3665000	       365	800032ac	fe5ff26f	jal	x4,800032ac	  x4=0x800032ac
        3675000	       366	00000000	00000013	addi	x0,x0,0	  x0:0x00000000
        3685000	       367	8000328c	00000013	addi	x0,x0,0	  x0:0x00000000
        3695000	       368	80003290	fb9ff0ef	jal	x1,80003290	  x1=0x80003290
        3705000	       369	00000000	00000013	addi	x0,x0,0	  x0:0x00000000
        3715000	       370	80003244	00000013	addi	x0,x0,0	  x0:0x00000000
        3725000	       371	80003248	00c0036f	jal	x6,80003248	  x6=0x80003248
        3735000	       372	00000000	00000013	addi	x0,x0,0	  x0:0x00000000
        3745000	       373	80003250	00000013	addi	x0,x0,0	  x0:0x00000000
        3755000	       374	80003254	01c0036f	jal	x6,80003254	  x6=0x80003254
        3765000	       375	00000000	00000013	addi	x0,x0,0	  x0:0x00000000
        3775000	       376	8000326c	00000013	addi	x0,x0,0	  x0:0x00000000
        3785000	       377	80003270	0340036f	jal	x6,80003270	  x6=0x80003270
        3795000	       378	00000000	00000013	addi	x0,x0,0	  x0:0x00000000
        3805000	       379	800032a0	00000013	addi	x0,x0,0	  x0:0x00000000
        3815000	       380	800032a4	ff9ff16f	jal	x2,800032a4	  x2=0x800032a4
        3825000	       381	00000000	00000013	addi	x0,x0,0	  x0:0x00000000
        3835000	       382	80003298	00000013	addi	x0,x0,0	  x0:0x00000000
        3845000	       383	8000329c	014000ef	jal	x1,8000329c	  x1=0x8000329c
        3855000	       384	00000000	00000013	addi	x0,x0,0	  x0:0x00000000
        3865000	       385	800032ac	00000013	addi	x0,x0,0	  x0:0x00000000
        3875000	       386	800032b0	0040036f	jal	x6,800032b0	  x6=0x800032b0
        3885000	       387	00000000	00000013	addi	x0,x0,0	  x0:0x00000000
        3895000	       388	800032b0	00000013	addi	x0,x0,0	  x0:0x00000000
        3905000	       389	800032b4	00000013	addi	x0,x0,0	  x0:0x00000000
        3915000	       390	800032b8	06800fef	jal	x31,800032b8	 x31=0x800032b8
        3925000	       391	00000000	00000013	addi	x0,x0,0	  x0:0x00000000
        3935000	       392	8000331c	00000013	addi	x0,x0,0	  x0:0x00000000
        3945000	       393	80003320	fb5ff9ef	jal	x19,80003320	 x19=0x80003320
        3955000	       394	00000000	00000013	addi	x0,x0,0	  x0:0x00000000
        3965000	       395	800032d0	00000013	addi	x0,x0,0	  x0:0x00000000
        3975000	       396	800032d4	0380036f	jal	x6,800032d4	  x6=0x800032d4
        3985000	       397	00000000	00000013	addi	x0,x0,0	  x0:0x00000000
        3995000	       398	80003308	00000013	addi	x0,x0,0	  x0:0x00000000
        4005000	       399	8000330c	ffdff36f	jal	x6,8000330c	  x6=0x8000330c
        4015000	       400	00000000	00000013	addi	x0,x0,0	  x0:0x00000000
        4025000	       401	80003304	00000013	addi	x0,x0,0	  x0:0x00000000
        4035000	       402	80003308	ffdff0ef	jal	x1,80003308	  x1=0x80003308
        4045000	       403	00000000	00000013	addi	x0,x0,0	  x0:0x00000000
        4055000	       404	80003300	00000013	addi	x0,x0,0	  x0:0x00000000
        4065000	       405	80003304	0140046f	jal	x8,80003304	  x8=0x80003304
        4075000	       406	00000000	00000013	addi	x0,x0,0	  x0:0x00000000
        4085000	       407	80003314	00000013	addi	x0,x0,0	  x0:0x00000000
        4095000	       408	80003318	004000ef	jal	x1,80003318	  x1=0x80003318
        4105000	       409	00000000	00000013	addi	x0,x0,0	  x0:0x00000000
        4115000	       410	80003318	00000013	addi	x0,x0,0	  x0:0x00000000
        4125000	       411	8000331c	fcdfff6f	jal	x30,8000331c	 x30=0x8000331c
        4135000	       412	00000000	00000013	addi	x0,x0,0	  x0:0x00000000
        4145000	       413	800032e4	00000013	addi	x0,x0,0	  x0:0x00000000
        4155000	       414	800032e8	008004ef	jal	x9,800032e8	  x9=0x800032e8
        4165000	       415	00000000	00000013	addi	x0,x0,0	  x0:0x00000000
        4175000	       416	800032ec	00000013	addi	x0,x0,0	  x0:0x00000000
        4185000	       417	800032f0	fd9ff1ef	jal	x3,800032f0	  x3=0x800032f0
        4195000	       418	00000000	00000013	addi	x0,x0,0	  x0:0x00000000
        4205000	       419	800032c4	00000013	addi	x0,x0,0	  x0:0x00000000
        4215000	       420	800032c8	0340036f	jal	x6,800032c8	  x6=0x800032c8
        4225000	       421	00000000	00000013	addi	x0,x0,0	  x0:0x00000000
        4235000	       422	800032f8	00000013	addi	x0,x0,0	  x0:0x00000000
        4245000	       423	800032fc	fc9ff0ef	jal	x1,800032fc	  x1=0x800032fc
        4255000	       424	00000000	00000013	addi	x0,x0,0	  x0:0x00000000
        4265000	       425	800032c0	00000013	addi	x0,x0,0	  x0:0x00000000
        4275000	       426	800032c4	00c000ef	jal	x1,800032c4	  x1=0x800032c4
        4285000	       427	00000000	00000013	addi	x0,x0,0	  x0:0x00000000
        4295000	       428	800032cc	00000013	addi	x0,x0,0	  x0:0x00000000
        4305000	       429	800032d0	ff1ff0ef	jal	x1,800032d0	  x1=0x800032d0
        4315000	       430	00000000	00000013	addi	x0,x0,0	  x0:0x00000000
        4325000	       431	800032bc	00000013	addi	x0,x0,0	  x0:0x00000000
        4335000	       432	800032c0	0340026f	jal	x4,800032c0	  x4=0x800032c0
        4345000	       433	00000000	00000013	addi	x0,x0,0	  x0:0x00000000
        4355000	       434	800032f0	00000013	addi	x0,x0,0	  x0:0x00000000
        4365000	       435	800032f4	020000ef	jal	x1,800032f4	  x1=0x800032f4
        4375000	       436	00000000	00000013	addi	x0,x0,0	  x0:0x00000000
        4385000	       437	80003310	00000013	addi	x0,x0,0	  x0:0x00000000
        4395000	       438	80003314	fd1ff0ef	jal	x1,80003314	  x1=0x80003314
        4405000	       439	00000000	00000013	addi	x0,x0,0	  x0:0x00000000
        4415000	       440	800032e0	00000013	addi	x0,x0,0	  x0:0x00000000
        4425000	       441	800032e4	ff5ff16f	jal	x2,800032e4	  x2=0x800032e4
        4435000	       442	00000000	00000013	addi	x0,x0,0	  x0:0x00000000
        4445000	       443	800032d4	00000013	addi	x0,x0,0	  x0:0x00000000
        4455000	       444	800032d8	fe5ff0ef	jal	x1,800032d8	  x1=0x800032d8
        4465000	       445	00000000	00000013	addi	x0,x0,0	  x0:0x00000000
        4475000	       446	800032b8	00000013	addi	x0,x0,0	  x0:0x00000000
        4485000	       447	800032bc	03c00bef	jal	x23,800032bc	 x23=0x800032bc
        4495000	       448	00000000	00000013	addi	x0,x0,0	  x0:0x00000000
        4505000	       449	800032f4	00000013	addi	x0,x0,0	  x0:0x00000000
        4515000	       450	800032f8	fd5ff0ef	jal	x1,800032f8	  x1=0x800032f8
        4525000	       451	00000000	00000013	addi	x0,x0,0	  x0:0x00000000
        4535000	       452	800032c8	00000013	addi	x0,x0,0	  x0:0x00000000
        4545000	       453	800032cc	034000ef	jal	x1,800032cc	  x1=0x800032cc
        4555000	       454	00000000	00000013	addi	x0,x0,0	  x0:0x00000000
        4565000	       455	800032fc	00000013	addi	x0,x0,0	  x0:0x00000000
        4575000	       456	80003300	fddff0ef	jal	x1,80003300	  x1=0x80003300
        4585000	       457	00000000	00000013	addi	x0,x0,0	  x0:0x00000000
        4595000	       458	800032d8	00000013	addi	x0,x0,0	  x0:0x00000000
        4605000	       459	800032dc	0480036f	jal	x6,800032dc	  x6=0x800032dc
        4615000	       460	00000000	00000013	addi	x0,x0,0	  x0:0x00000000
        4625000	       461	80003320	00000013	addi	x0,x0,0	  x0:0x00000000
        4635000	       462	80003324	fc9ff0ef	jal	x1,80003324	  x1=0x80003324
        4645000	       463	00000000	00000013	addi	x0,x0,0	  x0:0x00000000
        4655000	       464	800032e8	00000013	addi	x0,x0,0	  x0:0x00000000
        4665000	       465	800032ec	024001ef	jal	x3,800032ec	  x3=0x800032ec
        4675000	       466	00000000	00000013	addi	x0,x0,0	  x0:0x00000000
        4685000	       467	8000330c	00000013	addi	x0,x0,0	  x0:0x00000000
        4695000	       468	80003310	fd1ff36f	jal	x6,80003310	  x6=0x80003310
        4705000	       469	00000000	00000013	addi	x0,x0,0	  x0:0x00000000
        4715000	       470	800032dc	00000013	addi	x0,x0,0	  x0:0x00000000
        4725000	       471	800032e0	048000ef	jal	x1,800032e0	  x1=0x800032e0
        4735000	       472	00000000	00000013	addi	x0,x0,0	  x0:0x00000000
        4745000	       473	80003324	00000013	addi	x0,x0,0	  x0:0x00000000
        4755000	       474	80003328	003f4433	xor	x8,x30,x3	 x30:0x8000331c  x3:0x800032ec  x8=0x000001f0
        4765000	       475	8000332c	03400fef	jal	x31,8000332c	 x31=0x8000332c
        4775000	       476	00000000	00000013	addi	x0,x0,0	  x0:0x00000000
        4785000	       477	8000335c	00000013	addi	x0,x0,0	  x0:0x00000000
        4795000	       478	80003360	fd5ff0ef	jal	x1,80003360	  x1=0x80003360
        4805000	       479	00000000	00000013	addi	x0,x0,0	  x0:0x00000000
        4815000	       480	80003330	00000013	addi	x0,x0,0	  x0:0x00000000
        4825000	       481	80003334	0180036f	jal	x6,80003334	  x6=0x80003334
        4835000	       482	00000000	00000013	addi	x0,x0,0	  x0:0x00000000
        4845000	       483	80003348	00000013	addi	x0,x0,0	  x0:0x00000000
        4855000	       484	8000334c	01c0036f	jal	x6,8000334c	  x6=0x8000334c
        4865000	       485	00000000	00000013	addi	x0,x0,0	  x0:0x00000000
        4875000	       486	80003364	00000013	addi	x0,x0,0	  x0:0x00000000
        4885000	       487	80003368	ff1ff0ef	jal	x1,80003368	  x1=0x80003368
        4895000	       488	00000000	00000013	addi	x0,x0,0	  x0:0x00000000
        4905000	       489	80003354	00000013	addi	x0,x0,0	  x0:0x00000000
        4915000	       490	80003358	0040036f	jal	x6,80003358	  x6=0x80003358
        4925000	       491	00000000	00000013	addi	x0,x0,0	  x0:0x00000000
        4935000	       492	80003358	00000013	addi	x0,x0,0	  x0:0x00000000
        4945000	       493	8000335c	fe9ff8ef	jal	x17,8000335c	 x17=0x8000335c
        4955000	       494	00000000	00000013	addi	x0,x0,0	  x0:0x00000000
        4965000	       495	80003340	00000013	addi	x0,x0,0	  x0:0x00000000
        4975000	       496	80003344	ff9ff0ef	jal	x1,80003344	  x1=0x80003344
        4985000	       497	00000000	00000013	addi	x0,x0,0	  x0:0x00000000
        4995000	       498	80003338	00000013	addi	x0,x0,0	  x0:0x00000000
        5005000	       499	8000333c	0180036f	jal	x6,8000333c	  x6=0x8000333c
        5015000	       500	00000000	00000013	addi	x0,x0,0	  x0:0x00000000
        5025000	       501	80003350	00000013	addi	x0,x0,0	  x0:0x00000000
        5035000	       502	80003354	01000fef	jal	x31,80003354	 x31=0x80003354
        5045000	       503	00000000	00000013	addi	x0,x0,0	  x0:0x00000000
        5055000	       504	80003360	00000013	addi	x0,x0,0	  x0:0x00000000
        5065000	       505	80003364	fe5ff5ef	jal	x11,80003364	 x11=0x80003364
        5075000	       506	00000000	00000013	addi	x0,x0,0	  x0:0x00000000
        5085000	       507	80003344	00000013	addi	x0,x0,0	  x0:0x00000000
        5095000	       508	80003348	ff1ff26f	jal	x4,80003348	  x4=0x80003348
        5105000	       509	00000000	00000013	addi	x0,x0,0	  x0:0x00000000
        5115000	       510	80003334	00000013	addi	x0,x0,0	  x0:0x00000000
        5125000	       511	80003338	ff9ff36f	jal	x6,80003338	  x6=0x80003338
        5135000	       512	00000000	00000013	addi	x0,x0,0	  x0:0x00000000
        5145000	       513	8000332c	00000013	addi	x0,x0,0	  x0:0x00000000
        5155000	       514	80003330	0100066f	jal	x12,80003330	 x12=0x80003330
        5165000	       515	00000000	00000013	addi	x0,x0,0	  x0:0x00000000
        5175000	       516	8000333c	00000013	addi	x0,x0,0	  x0:0x00000000
        5185000	       517	80003340	010000ef	jal	x1,80003340	  x1=0x80003340
        5195000	       518	00000000	00000013	addi	x0,x0,0	  x0:0x00000000
        5205000	       519	8000334c	00000013	addi	x0,x0,0	  x0:0x00000000
        5215000	       520	80003350	01c003ef	jal	x7,80003350	  x7=0x80003350
        5225000	       521	00000000	00000013	addi	x0,x0,0	  x0:0x00000000
        5235000	       522	80003368	00000013	addi	x0,x0,0	  x0:0x00000000
        5245000	       523	8000336c	69307293	andi	x5,x0,1683	  x0:0x00000000  x5=0x00000000
        5255000	       524	80003370	00c00fef	jal	x31,80003370	 x31=0x80003370
        5265000	       525	00000000	00000013	addi	x0,x0,0	  x0:0x00000000
        5275000	       526	80003378	00000013	addi	x0,x0,0	  x0:0x00000000
        5285000	       527	8000337c	010000ef	jal	x1,8000337c	  x1=0x8000337c
        5295000	       528	00000000	00000013	addi	x0,x0,0	  x0:0x00000000
        5305000	       529	80003388	00000013	addi	x0,x0,0	  x0:0x00000000
        5315000	       530	8000338c	ff5ff0ef	jal	x1,8000338c	  x1=0x8000338c
        5325000	       531	00000000	00000013	addi	x0,x0,0	  x0:0x00000000
        5335000	       532	8000337c	00000013	addi	x0,x0,0	  x0:0x00000000
        5345000	       533	80003380	02c00f6f	jal	x30,80003380	 x30=0x80003380
        5355000	       534	00000000	00000013	addi	x0,x0,0	  x0:0x00000000
        5365000	       535	800033a8	00000013	addi	x0,x0,0	  x0:0x00000000
        5375000	       536	800033ac	fe9ff0ef	jal	x1,800033ac	  x1=0x800033ac
        5385000	       537	00000000	00000013	addi	x0,x0,0	  x0:0x00000000
        5395000	       538	80003390	00000013	addi	x0,x0,0	  x0:0x00000000
        5405000	       539	80003394	0080026f	jal	x4,80003394	  x4=0x80003394
        5415000	       540	00000000	00000013	addi	x0,x0,0	  x0:0x00000000
        5425000	       541	80003398	00000013	addi	x0,x0,0	  x0:0x00000000
        5435000	       542	8000339c	fddff36f	jal	x6,8000339c	  x6=0x8000339c
        5445000	       543	00000000	00000013	addi	x0,x0,0	  x0:0x00000000
        5455000	       544	80003374	00000013	addi	x0,x0,0	  x0:0x00000000
        5465000	       545	80003378	ffdff36f	jal	x6,80003378	  x6=0x80003378
        5475000	       546	00000000	00000013	addi	x0,x0,0	  x0:0x00000000
        5485000	       547	80003370	00000013	addi	x0,x0,0	  x0:0x00000000
        5495000	       548	80003374	0340036f	jal	x6,80003374	  x6=0x80003374
        5505000	       549	00000000	00000013	addi	x0,x0,0	  x0:0x00000000
        5515000	       550	800033a4	00000013	addi	x0,x0,0	  x0:0x00000000
        5525000	       551	800033a8	fddffaef	jal	x21,800033a8	 x21=0x800033a8
        5535000	       552	00000000	00000013	addi	x0,x0,0	  x0:0x00000000
        5545000	       553	80003380	00000013	addi	x0,x0,0	  x0:0x00000000
        5555000	       554	80003384	0140036f	jal	x6,80003384	  x6=0x80003384
        5565000	       555	00000000	00000013	addi	x0,x0,0	  x0:0x00000000
        5575000	       556	80003394	00000013	addi	x0,x0,0	  x0:0x00000000
        5585000	       557	80003398	008009ef	jal	x19,80003398	 x19=0x80003398
        5595000	       558	00000000	00000013	addi	x0,x0,0	  x0:0x00000000
        5605000	       559	8000339c	00000013	addi	x0,x0,0	  x0:0x00000000
        5615000	       560	800033a0	ff1ff0ef	jal	x1,800033a0	  x1=0x800033a0
        5625000	       561	00000000	00000013	addi	x0,x0,0	  x0:0x00000000
        5635000	       562	8000338c	00000013	addi	x0,x0,0	  x0:0x00000000
        5645000	       563	80003390	014000ef	jal	x1,80003390	  x1=0x80003390
        5655000	       564	00000000	00000013	addi	x0,x0,0	  x0:0x00000000
        5665000	       565	800033a0	00000013	addi	x0,x0,0	  x0:0x00000000
        5675000	       566	800033a4	00c000ef	jal	x1,800033a4	  x1=0x800033a4
        5685000	       567	00000000	00000013	addi	x0,x0,0	  x0:0x00000000
        5695000	       568	800033ac	00000013	addi	x0,x0,0	  x0:0x00000000
        5705000	       569	800033b0	fd9ff36f	jal	x6,800033b0	  x6=0x800033b0
        5715000	       570	00000000	00000013	addi	x0,x0,0	  x0:0x00000000
        5725000	       571	80003384	00000013	addi	x0,x0,0	  x0:0x00000000
        5735000	       572	80003388	02c000ef	jal	x1,80003388	  x1=0x80003388
        5745000	       573	00000000	00000013	addi	x0,x0,0	  x0:0x00000000
        5755000	       574	800033b0	00000013	addi	x0,x0,0	  x0:0x00000000
        5765000	       575	800033b4	0155d0b3	srl	x1,x11,x21	 x11:0x80003364 x21:0x800033a8  x1=0x00800033
        5775000	       576	800033b8	01800fef	jal	x31,800033b8	 x31=0x800033b8
        5785000	       577	00000000	00000013	addi	x0,x0,0	  x0:0x00000000
        5795000	       578	800033cc	00000013	addi	x0,x0,0	  x0:0x00000000
        5805000	       579	800033d0	044000ef	jal	x1,800033d0	  x1=0x800033d0
        5815000	       580	00000000	00000013	addi	x0,x0,0	  x0:0x00000000
        5825000	       581	80003410	00000013	addi	x0,x0,0	  x0:0x00000000
        5835000	       582	80003414	ff9ff0ef	jal	x1,80003414	  x1=0x80003414
        5845000	       583	00000000	00000013	addi	x0,x0,0	  x0:0x00000000
        5855000	       584	80003408	00000013	addi	x0,x0,0	  x0:0x00000000
        5865000	       585	8000340c	004000ef	jal	x1,8000340c	  x1=0x8000340c
        5875000	       586	00000000	00000013	addi	x0,x0,0	  x0:0x00000000
        5885000	       587	8000340c	00000013	addi	x0,x0,0	  x0:0x00000000
        5895000	       588	80003410	fc9ff36f	jal	x6,80003410	  x6=0x80003410
        5905000	       589	00000000	00000013	addi	x0,x0,0	  x0:0x00000000
        5915000	       590	800033d4	00000013	addi	x0,x0,0	  x0:0x00000000
        5925000	       591	800033d8	02c00fef	jal	x31,800033d8	 x31=0x800033d8
        5935000	       592	00000000	00000013	addi	x0,x0,0	  x0:0x00000000
        5945000	       593	80003400	00000013	addi	x0,x0,0	  x0:0x00000000
        5955000	       594	80003404	fc5ffaef	jal	x21,80003404	 x21=0x80003404
        5965000	       595	00000000	00000013	addi	x0,x0,0	  x0:0x00000000
        5975000	       596	800033c4	00000013	addi	x0,x0,0	  x0:0x00000000
        5985000	       597	800033c8	02000fef	jal	x31,800033c8	 x31=0x800033c8
        5995000	       598	00000000	00000013	addi	x0,x0,0	  x0:0x00000000
        6005000	       599	800033e4	00000013	addi	x0,x0,0	  x0:0x00000000
        6015000	       600	800033e8	0040026f	jal	x4,800033e8	  x4=0x800033e8
        6025000	       601	00000000	00000013	addi	x0,x0,0	  x0:0x00000000
        6035000	       602	800033e8	00000013	addi	x0,x0,0	  x0:0x00000000
        6045000	       603	800033ec	0100036f	jal	x6,800033ec	  x6=0x800033ec
        6055000	       604	00000000	00000013	addi	x0,x0,0	  x0:0x00000000
        6065000	       605	800033f8	00000013	addi	x0,x0,0	  x0:0x00000000
        6075000	       606	800033fc	fd9ff0ef	jal	x1,800033fc	  x1=0x800033fc
        6085000	       607	00000000	00000013	addi	x0,x0,0	  x0:0x00000000
        6095000	       608	800033d0	00000013	addi	x0,x0,0	  x0:0x00000000
        6105000	       609	800033d4	034000ef	jal	x1,800033d4	  x1=0x800033d4
        6115000	       610	00000000	00000013	addi	x0,x0,0	  x0:0x00000000
        6125000	       611	80003404	00000013	addi	x0,x0,0	  x0:0x00000000
        6135000	       612	80003408	fbdff36f	jal	x6,80003408	  x6=0x80003408
        6145000	       613	00000000	00000013	addi	x0,x0,0	  x0:0x00000000
        6155000	       614	800033c0	00000013	addi	x0,x0,0	  x0:0x00000000
        6165000	       615	800033c4	02c00e6f	jal	x28,800033c4	 x28=0x800033c4
        6175000	       616	00000000	00000013	addi	x0,x0,0	  x0:0x00000000
        6185000	       617	800033ec	00000013	addi	x0,x0,0	  x0:0x00000000
        6195000	       618	800033f0	fcdff0ef	jal	x1,800033f0	  x1=0x800033f0
        6205000	       619	00000000	00000013	addi	x0,x0,0	  x0:0x00000000
        6215000	       620	800033b8	00000013	addi	x0,x0,0	  x0:0x00000000
        6225000	       621	800033bc	044000ef	jal	x1,800033bc	  x1=0x800033bc
        6235000	       622	00000000	00000013	addi	x0,x0,0	  x0:0x00000000
        6245000	       623	800033fc	00000013	addi	x0,x0,0	  x0:0x00000000
        6255000	       624	80003400	fcdff0ef	jal	x1,80003400	  x1=0x80003400
        6265000	       625	00000000	00000013	addi	x0,x0,0	  x0:0x00000000
        6275000	       626	800033c8	00000013	addi	x0,x0,0	  x0:0x00000000
        6285000	       627	800033cc	04c000ef	jal	x1,800033cc	  x1=0x800033cc
        6295000	       628	00000000	00000013	addi	x0,x0,0	  x0:0x00000000
        6305000	       629	80003414	00000013	addi	x0,x0,0	  x0:0x00000000
        6315000	       630	80003418	fddff36f	jal	x6,80003418	  x6=0x80003418
        6325000	       631	00000000	00000013	addi	x0,x0,0	  x0:0x00000000
        6335000	       632	800033f0	00000013	addi	x0,x0,0	  x0:0x00000000
        6345000	       633	800033f4	fcdff36f	jal	x6,800033f4	  x6=0x800033f4
        6355000	       634	00000000	00000013	addi	x0,x0,0	  x0:0x00000000
        6365000	       635	800033bc	00000013	addi	x0,x0,0	  x0:0x00000000
        6375000	       636	800033c0	038000ef	jal	x1,800033c0	  x1=0x800033c0
        6385000	       637	00000000	00000013	addi	x0,x0,0	  x0:0x00000000
        6395000	       638	800033f4	00000013	addi	x0,x0,0	  x0:0x00000000
        6405000	       639	800033f8	fe5ff0ef	jal	x1,800033f8	  x1=0x800033f8
        6415000	       640	00000000	00000013	addi	x0,x0,0	  x0:0x00000000
        6425000	       641	800033d8	00000013	addi	x0,x0,0	  x0:0x00000000
        6435000	       642	800033dc	0400086f	jal	x16,800033dc	 x16=0x800033dc
        6445000	       643	00000000	00000013	addi	x0,x0,0	  x0:0x00000000
        6455000	       644	80003418	00000013	addi	x0,x0,0	  x0:0x00000000
        6465000	       645	8000341c	fc9ff0ef	jal	x1,8000341c	  x1=0x8000341c
        6475000	       646	00000000	00000013	addi	x0,x0,0	  x0:0x00000000
        6485000	       647	800033e0	00000013	addi	x0,x0,0	  x0:0x00000000
        6495000	       648	800033e4	ffdff0ef	jal	x1,800033e4	  x1=0x800033e4
        6505000	       649	00000000	00000013	addi	x0,x0,0	  x0:0x00000000
        6515000	       650	800033dc	00000013	addi	x0,x0,0	  x0:0x00000000
        6525000	       651	800033e0	040002ef	jal	x5,800033e0	  x5=0x800033e0
        6535000	       652	00000000	00000013	addi	x0,x0,0	  x0:0x00000000
        6545000	       653	8000341c	00000013	addi	x0,x0,0	  x0:0x00000000
        6555000	       654	80003420	134e2b13	slti	x22,x28,308	 x28:0x800033c4 x22=0x00000001
        6565000	       655	80003424	04400fef	jal	x31,80003424	 x31=0x80003424
        6575000	       656	00000000	00000013	addi	x0,x0,0	  x0:0x00000000
        6585000	       657	80003464	00000013	addi	x0,x0,0	  x0:0x00000000
        6595000	       658	80003468	fedff36f	jal	x6,80003468	  x6=0x80003468
        6605000	       659	00000000	00000013	addi	x0,x0,0	  x0:0x00000000
        6615000	       660	80003450	00000013	addi	x0,x0,0	  x0:0x00000000
        6625000	       661	80003454	fd5ff0ef	jal	x1,80003454	  x1=0x80003454
        6635000	       662	00000000	00000013	addi	x0,x0,0	  x0:0x00000000
        6645000	       663	80003424	00000013	addi	x0,x0,0	  x0:0x00000000
        6655000	       664	80003428	030000ef	jal	x1,80003428	  x1=0x80003428
        6665000	       665	00000000	00000013	addi	x0,x0,0	  x0:0x00000000
        6675000	       666	80003454	00000013	addi	x0,x0,0	  x0:0x00000000
        6685000	       667	80003458	ff5ffaef	jal	x21,80003458	 x21=0x80003458
        6695000	       668	00000000	00000013	addi	x0,x0,0	  x0:0x00000000
        6705000	       669	80003448	00000013	addi	x0,x0,0	  x0:0x00000000
        6715000	       670	8000344c	0040026f	jal	x4,8000344c	  x4=0x8000344c
        6725000	       671	00000000	00000013	addi	x0,x0,0	  x0:0x00000000
        6735000	       672	8000344c	00000013	addi	x0,x0,0	  x0:0x00000000
        6745000	       673	80003450	fddff0ef	jal	x1,80003450	  x1=0x80003450
        6755000	       674	00000000	00000013	addi	x0,x0,0	  x0:0x00000000
        6765000	       675	80003428	00000013	addi	x0,x0,0	  x0:0x00000000
        6775000	       676	8000342c	038009ef	jal	x19,8000342c	 x19=0x8000342c
        6785000	       677	00000000	00000013	addi	x0,x0,0	  x0:0x00000000
        6795000	       678	80003460	00000013	addi	x0,x0,0	  x0:0x00000000
        6805000	       679	80003464	fd1ff36f	jal	x6,80003464	  x6=0x80003464
        6815000	       680	00000000	00000013	addi	x0,x0,0	  x0:0x00000000
        6825000	       681	80003430	00000013	addi	x0,x0,0	  x0:0x00000000
        6835000	       682	80003434	008000ef	jal	x1,80003434	  x1=0x80003434
        6845000	       683	00000000	00000013	addi	x0,x0,0	  x0:0x00000000
        6855000	       684	80003438	00000013	addi	x0,x0,0	  x0:0x00000000
        6865000	       685	8000343c	ffdffa6f	jal	x20,8000343c	 x20=0x8000343c
        6875000	       686	00000000	00000013	addi	x0,x0,0	  x0:0x00000000
        6885000	       687	80003434	00000013	addi	x0,x0,0	  x0:0x00000000
        6895000	       688	80003438	028000ef	jal	x1,80003438	  x1=0x80003438
        6905000	       689	00000000	00000013	addi	x0,x0,0	  x0:0x00000000
        6915000	       690	8000345c	00000013	addi	x0,x0,0	  x0:0x00000000
        6925000	       691	80003460	00c000ef	jal	x1,80003460	  x1=0x80003460
        6935000	       692	00000000	00000013	addi	x0,x0,0	  x0:0x00000000
        6945000	       693	80003468	00000013	addi	x0,x0,0	  x0:0x00000000
        6955000	       694	8000346c	004000ef	jal	x1,8000346c	  x1=0x8000346c
        6965000	       695	00000000	00000013	addi	x0,x0,0	  x0:0x00000000
        6975000	       696	8000346c	00000013	addi	x0,x0,0	  x0:0x00000000
        6985000	       697	80003470	0040036f	jal	x6,80003470	  x6=0x80003470
        6995000	       698	00000000	00000013	addi	x0,x0,0	  x0:0x00000000
        7005000	       699	80003470	00000013	addi	x0,x0,0	  x0:0x00000000
        7015000	       700	80003474	fcdff0ef	jal	x1,80003474	  x1=0x80003474
        7025000	       701	00000000	00000013	addi	x0,x0,0	  x0:0x00000000
        7035000	       702	8000343c	00000013	addi	x0,x0,0	  x0:0x00000000
        7045000	       703	80003440	ff1ff2ef	jal	x5,80003440	  x5=0x80003440
        7055000	       704	00000000	00000013	addi	x0,x0,0	  x0:0x00000000
        7065000	       705	8000342c	00000013	addi	x0,x0,0	  x0:0x00000000
        7075000	       706	80003430	02c000ef	jal	x1,80003430	  x1=0x80003430
        7085000	       707	00000000	00000013	addi	x0,x0,0	  x0:0x00000000
        7095000	       708	80003458	00000013	addi	x0,x0,0	  x0:0x00000000
        7105000	       709	8000345c	fe9ff0ef	jal	x1,8000345c	  x1=0x8000345c
        7115000	       710	00000000	00000013	addi	x0,x0,0	  x0:0x00000000
        7125000	       711	80003440	00000013	addi	x0,x0,0	  x0:0x00000000
        7135000	       712	80003444	00400a6f	jal	x20,80003444	 x20=0x80003444
        7145000	       713	00000000	00000013	addi	x0,x0,0	  x0:0x00000000
        7155000	       714	80003444	00000013	addi	x0,x0,0	  x0:0x00000000
        7165000	       715	80003448	0300086f	jal	x16,80003448	 x16=0x80003448
        7175000	       716	00000000	00000013	addi	x0,x0,0	  x0:0x00000000
        7185000	       717	80003474	00000013	addi	x0,x0,0	  x0:0x00000000
        7195000	       718	80003478	012f65b3	or	x11,x30,x18	 x30:0x80003380 x18:0x00000000 x11=0x80003380
        7205000	       719	8000347c	02000fef	jal	x31,8000347c	 x31=0x8000347c
        7215000	       720	00000000	00000013	addi	x0,x0,0	  x0:0x00000000
        7225000	       721	80003498	00000013	addi	x0,x0,0	  x0:0x00000000
        7235000	       722	8000349c	0180036f	jal	x6,8000349c	  x6=0x8000349c
        7245000	       723	00000000	00000013	addi	x0,x0,0	  x0:0x00000000
        7255000	       724	800034b0	00000013	addi	x0,x0,0	  x0:0x00000000
        7265000	       725	800034b4	ff1ff0ef	jal	x1,800034b4	  x1=0x800034b4
        7275000	       726	00000000	00000013	addi	x0,x0,0	  x0:0x00000000
        7285000	       727	800034a0	00000013	addi	x0,x0,0	  x0:0x00000000
        7295000	       728	800034a4	fe5fffef	jal	x31,800034a4	 x31=0x800034a4
        7305000	       729	00000000	00000013	addi	x0,x0,0	  x0:0x00000000
        7315000	       730	80003484	00000013	addi	x0,x0,0	  x0:0x00000000
        7325000	       731	80003488	0040036f	jal	x6,80003488	  x6=0x80003488
        7335000	       732	00000000	00000013	addi	x0,x0,0	  x0:0x00000000
        7345000	       733	80003488	00000013	addi	x0,x0,0	  x0:0x00000000
        7355000	       734	8000348c	03000b6f	jal	x22,8000348c	 x22=0x8000348c
        7365000	       735	00000000	00000013	addi	x0,x0,0	  x0:0x00000000
        7375000	       736	800034b8	00000013	addi	x0,x0,0	  x0:0x00000000
        7385000	       737	800034bc	fd9ff0ef	jal	x1,800034bc	  x1=0x800034bc
        7395000	       738	00000000	00000013	addi	x0,x0,0	  x0:0x00000000
        7405000	       739	80003490	00000013	addi	x0,x0,0	  x0:0x00000000
        7415000	       740	80003494	ffdff0ef	jal	x1,80003494	  x1=0x80003494
        7425000	       741	00000000	00000013	addi	x0,x0,0	  x0:0x00000000
        7435000	       742	8000348c	00000013	addi	x0,x0,0	  x0:0x00000000
        7445000	       743	80003490	ff1ff0ef	jal	x1,80003490	  x1=0x80003490
        7455000	       744	00000000	00000013	addi	x0,x0,0	  x0:0x00000000
        7465000	       745	8000347c	00000013	addi	x0,x0,0	  x0:0x00000000
        7475000	       746	80003480	030000ef	jal	x1,80003480	  x1=0x80003480
        7485000	       747	00000000	00000013	addi	x0,x0,0	  x0:0x00000000
        7495000	       748	800034ac	00000013	addi	x0,x0,0	  x0:0x00000000
        7505000	       749	800034b0	ffdff0ef	jal	x1,800034b0	  x1=0x800034b0
        7515000	       750	00000000	00000013	addi	x0,x0,0	  x0:0x00000000
        7525000	       751	800034a8	00000013	addi	x0,x0,0	  x0:0x00000000
        7535000	       752	800034ac	00c000ef	jal	x1,800034ac	  x1=0x800034ac
        7545000	       753	00000000	00000013	addi	x0,x0,0	  x0:0x00000000
        7555000	       754	800034b4	00000013	addi	x0,x0,0	  x0:0x00000000
        7565000	       755	800034b8	fe9ffcef	jal	x25,800034b8	 x25=0x800034b8
        7575000	       756	00000000	00000013	addi	x0,x0,0	  x0:0x00000000
        7585000	       757	8000349c	00000013	addi	x0,x0,0	  x0:0x00000000
        7595000	       758	800034a0	008001ef	jal	x3,800034a0	  x3=0x800034a0
        7605000	       759	00000000	00000013	addi	x0,x0,0	  x0:0x00000000
        7615000	       760	800034a4	00000013	addi	x0,x0,0	  x0:0x00000000
        7625000	       761	800034a8	0180036f	jal	x6,800034a8	  x6=0x800034a8
        7635000	       762	00000000	00000013	addi	x0,x0,0	  x0:0x00000000
        7645000	       763	800034bc	00000013	addi	x0,x0,0	  x0:0x00000000
        7655000	       764	800034c0	0040066f	jal	x12,800034c0	 x12=0x800034c0
        7665000	       765	00000000	00000013	addi	x0,x0,0	  x0:0x00000000
        7675000	       766	800034c0	00000013	addi	x0,x0,0	  x0:0x00000000
        7685000	       767	800034c4	fc1ff0ef	jal	x1,800034c4	  x1=0x800034c4
        7695000	       768	00000000	00000013	addi	x0,x0,0	  x0:0x00000000
        7705000	       769	80003480	00000013	addi	x0,x0,0	  x0:0x00000000
        7715000	       770	80003484	014000ef	jal	x1,80003484	  x1=0x80003484
        7725000	       771	00000000	00000013	addi	x0,x0,0	  x0:0x00000000
        7735000	       772	80003494	00000013	addi	x0,x0,0	  x0:0x00000000
        7745000	       773	80003498	0300086f	jal	x16,80003498	 x16=0x80003498
        7755000	       774	00000000	00000013	addi	x0,x0,0	  x0:0x00000000
        7765000	       775	800034c4	00000013	addi	x0,x0,0	  x0:0x00000000
        7775000	       776	800034c8	61b9ab93	slti	x23,x19,1563	 x19:0x8000342c x23=0x00000001
        7785000	       777	800034cc	010550b3	srl	x1,x10,x16	 x10:0xf7615972 x16:0x80003498  x1=0x000000f7
        7795000	       778	800034d0	05248263	beq	x9,x18,80003514	  x9:0x800032e8 x18:0x00000000
        7805000	       779	800034d4	efed7fb7	lui	x31,0xefed7	 x31=0xefed7000
        7815000	       780	800034d8	4d2f0db7	lui	x27,0x4d2f0	 x27=0x4d2f0000
        7825000	       781	800034dc	00000013	addi	x0,x0,0	  x0:0x00000000
        7835000	       782	800034e0	00531733	sll	x14,x6,x5	  x6:0x800034a8  x5:0x80003440 x14=0x800034a8
        7845000	       783	800034e4	414b0eb3	sub	x29,x22,x20	 x22:0x8000348c x20:0x80003444 x29=0x00000048
        7855000	       784	800034e8	6c17f313	andi	x6,x15,1729	 x15:0x7ff801a8  x6=0x00000080
        7865000	       785	800034ec	002a0663	beq	x20,x2,800034f8	 x20:0x80003444  x2:0x800032e4
        7875000	       786	800034f0	11956c13	ori	x24,x10,281	 x10:0xf7615972 x24=0xf761597b
        7885000	       787	800034f4	006a5eb3	srl	x29,x20,x6	 x20:0x80003444  x6:0x00000080 x29=0x80003444
        7895000	       788	800034f8	01bf64b3	or	x9,x30,x27	 x30:0x80003380 x27:0x4d2f0000  x9=0xcd2f3380
        7905000	       789	800034fc	3c7014b7	lui	x9,0x3c701	  x9=0x3c701000
        7915000	       790	80003500	05395663	bge	x18,x19,8000354c	 x18:0x00000000 x19:0x8000342c
        7925000	       791	00000000	00000013	addi	x0,x0,0	  x0:0x00000000
        7935000	       792	80003548	00000013	addi	x0,x0,0	  x0:0x00000000
        7945000	       793	8000354c	007dd033	srl	x0,x27,x7	 x27:0x4d2f0000  x7:0x80003350
        7955000	       794	80003550	01d69eb3	sll	x29,x13,x29	 x13:0x80009fc4 x29:0x80003444 x29=0x0009fc40
        7965000	       795	80003554	010361b3	or	x3,x6,x16	  x6:0x00000080 x16:0x80003498  x3=0x80003498
        7975000	       796	80003558	00f75233	srl	x4,x14,x15	 x14:0x800034a8 x15:0x7ff801a8  x4=0x00800034
        7985000	       797	8000355c	005ee733	or	x14,x29,x5	 x29:0x0009fc40  x5:0x80003440 x14=0x8009fc40
        7995000	       798	80003560	01cf1ab3	sll	x21,x30,x28	 x30:0x80003380 x28:0x800033c4 x21=0x00033800
        8005000	       799	80003564	414edfb3	sra	x31,x29,x20	 x29:0x0009fc40 x20:0x80003444 x31=0x00009fc4
        8015000	       800	80003568	03bb4663	blt	x22,x27,80003594	 x22:0x8000348c x27:0x4d2f0000
        8025000	       801	00000000	00000013	addi	x0,x0,0	  x0:0x00000000
        8035000	       802	80003590	00000013	addi	x0,x0,0	  x0:0x00000000
        8045000	       803	80003594	c2298613	addi	x12,x19,-990	 x19:0x8000342c x12=0x8000304e
        8055000	       804	80003598	07cf5663	bge	x30,x28,80003604	 x30:0x80003380 x28:0x800033c4
        8065000	       805	8000359c	06274863	blt	x14,x2,8000360c	 x14:0x8009fc40  x2:0x800032e4
        8075000	       806	800035a0	062c1863	bne	x24,x2,80003610	 x24:0xf761597b  x2:0x800032e4
        8085000	       807	00000000	00000013	addi	x0,x0,0	  x0:0x00000000
        8095000	       808	8000360c	00000013	addi	x0,x0,0	  x0:0x00000000
        8105000	       809	80003610	006a7c63	bgeu	x20,x6,80003628	 x20:0x80003444  x6:0x00000080
        8115000	       810	00000000	00000013	addi	x0,x0,0	  x0:0x00000000
        8125000	       811	80003624	00000013	addi	x0,x0,0	  x0:0x00000000
        8135000	       812	80003628	acd2fc93	andi	x25,x5,-1331	  x5:0x80003440 x25=0x80003040
        8145000	       813	8000362c	00d98c63	beq	x19,x13,80003644	 x19:0x8000342c x13:0x80009fc4
        8155000	       814	80003630	00dde663	bltu	x27,x13,8000363c	 x27:0x4d2f0000 x13:0x80009fc4
        8165000	       815	00000000	00000013	addi	x0,x0,0	  x0:0x00000000
        8175000	       816	80003638	00000013	addi	x0,x0,0	  x0:0x00000000
        8185000	       817	8000363c	013292b3	sll	x5,x5,x19	  x5:0x80003440 x19:0x8000342c  x5=0x03440000
        8195000	       818	80003640	db5d6093	ori	x1,x26,-587	 x26:0x80009f58  x1=0xfffffffd
        8205000	       819	80003644	0214d663	bge	x9,x1,80003670	  x9:0x3c701000  x1:0xfffffffd
        8215000	       820	00000000	00000013	addi	x0,x0,0	  x0:0x00000000
        8225000	       821	8000366c	00000013	addi	x0,x0,0	  x0:0x00000000
        8235000	       822	80003670	05191463	bne	x18,x17,800036b8	 x18:0x00000000 x17:0x8000335c
        8245000	       823	00000000	00000013	addi	x0,x0,0	  x0:0x00000000
        8255000	       824	800036b4	00000013	addi	x0,x0,0	  x0:0x00000000
        8265000	       825	800036b8	08ce1463	bne	x28,x12,80003740	 x28:0x800033c4 x12:0x8000304e
        8275000	       826	00000000	00000013	addi	x0,x0,0	  x0:0x00000000
        8285000	       827	8000373c	00000013	addi	x0,x0,0	  x0:0x00000000
        8295000	       828	80003740	00d3cc63	blt	x7,x13,80003758	  x7:0x80003350 x13:0x80009fc4
        8305000	       829	00000000	00000013	addi	x0,x0,0	  x0:0x00000000
        8315000	       830	80003754	00000013	addi	x0,x0,0	  x0:0x00000000
        8325000	       831	80003758	01f05213	srli	x4,x0,0x1f	  x0:0x00000000  x4=0x00000000
        8335000	       832	8000375c	b7162413	slti	x8,x12,-1167	 x12:0x8000304e  x8=0x00000001
        8345000	       833	80003760	f3cffa93	andi	x21,x31,-196	 x31:0x00009fc4 x21=0x00009f04
        8355000	       834	80003764	001f4733	xor	x14,x30,x1	 x30:0x80003380  x1:0xfffffffd x14=0x7fffcc7d
        8365000	       835	80003768	05dfd463	bge	x31,x29,800037b0	 x31:0x00009fc4 x29:0x0009fc40
        8375000	       836	8000376c	02a38663	beq	x7,x10,80003798	  x7:0x80003350 x10:0xf7615972
        8385000	       837	80003770	058b6063	bltu	x22,x24,800037b0	 x22:0x8000348c x24:0xf761597b
        8395000	       838	00000000	00000013	addi	x0,x0,0	  x0:0x00000000
        8405000	       839	800037ac	00000013	addi	x0,x0,0	  x0:0x00000000
        8415000	       840	800037b0	258da813	slti	x16,x27,600	 x27:0x4d2f0000 x16=0x00000000
        8425000	       841	800037b4	00000013	addi	x0,x0,0	  x0:0x00000000
        8435000	       842	800037b8	04295463	bge	x18,x2,80003800	 x18:0x00000000  x2:0x800032e4
        8445000	       843	00000000	00000013	addi	x0,x0,0	  x0:0x00000000
        8455000	       844	800037fc	00000013	addi	x0,x0,0	  x0:0x00000000
        8465000	       845	80003800	011c9e93	slli	x29,x25,0x11	 x25:0x80003040 x29=0x60800000
        8475000	       846	80003804	41b40433	sub	x8,x8,x27	  x8:0x00000001 x27:0x4d2f0000  x8=0xb2d10001
        8485000	       847	80003808	01b0a733	slt	x14,x1,x27	  x1:0xfffffffd x27:0x4d2f0000 x14=0x00000001
        8495000	       848	8000380c	01d41c13	slli	x24,x8,0x1d	  x8:0xb2d10001 x24=0x20000000
        8505000	       849	80003810	4744be93	sltiu	x29,x9,1140	  x9:0x3c701000 x29=0x00000000
        8515000	       850	80003814	963ae293	ori	x5,x21,-1693	 x21:0x00009f04  x5=0xffffff67
        8525000	       851	80003818	0035d193	srli	x3,x11,0x3	 x11:0x80003380  x3=0x10000670
        8535000	       852	8000381c	0193dc63	bge	x7,x25,80003834	  x7:0x80003350 x25:0x80003040
        8545000	       853	00000000	00000013	addi	x0,x0,0	  x0:0x00000000
        8555000	       854	80003830	00000013	addi	x0,x0,0	  x0:0x00000000
        8565000	       855	80003834	00000013	addi	x0,x0,0	  x0:0x00000000
        8575000	       856	80003838	41d55093	srai	x1,x10,0x1d	 x10:0xf7615972  x1=0xffffffff
        8585000	       857	8000383c	52fdf117	auipc	x2,0x52fdf	  x2=0xd2fe2838
        8595000	       858	80003840	01f1a1b3	slt	x3,x3,x31	  x3:0x10000670 x31:0x00009fc4  x3=0x00000000
        8605000	       859	80003844	1adc2eb7	lui	x29,0x1adc2	 x29=0x1adc2000
        8615000	       860	80003848	01398633	add	x12,x19,x19	 x19:0x8000342c x19:0x8000342c x12=0x00006858
        8625000	       861	8000384c	40a15093	srai	x1,x2,0xa	  x2:0xd2fe2838  x1=0xfff4bf8a
        8635000	       862	80003850	007ea833	slt	x16,x29,x7	 x29:0x1adc2000  x7:0x80003350 x16=0x00000000
        8645000	       863	80003854	01f3abb3	slt	x23,x7,x31	  x7:0x80003350 x31:0x00009fc4 x23=0x00000001
        8655000	       864	80003858	04f4e463	bltu	x9,x15,800038a0	  x9:0x3c701000 x15:0x7ff801a8
        8665000	       865	00000000	00000013	addi	x0,x0,0	  x0:0x00000000
        8675000	       866	8000389c	00000013	addi	x0,x0,0	  x0:0x00000000
        8685000	       867	800038a0	bdcdfe17	auipc	x28,0xbdcdf	 x28=0x3dce289c
        8695000	       868	800038a4	00411813	slli	x16,x2,0x4	  x2:0xd2fe2838 x16=0x2fe28380
        8705000	       869	800038a8	6445c893	xori	x17,x11,1604	 x11:0x80003380 x17=0x800035c4
        8715000	       870	800038ac	7f063613	sltiu	x12,x12,2032	 x12:0x00006858 x12=0x00000000
        8725000	       871	800038b0	9b728e93	addi	x29,x5,-1609	  x5:0xffffff67 x29=0xfffff91e
        8735000	       872	800038b4	01dbc233	xor	x4,x23,x29	 x23:0x00000001 x29:0xfffff91e  x4=0xfffff91f
        8745000	       873	800038b8	04f26263	bltu	x4,x15,800038fc	  x4:0xfffff91f x15:0x7ff801a8
        8755000	       874	800038bc	02f4c263	blt	x9,x15,800038e0	  x9:0x3c701000 x15:0x7ff801a8
        8765000	       875	00000000	00000013	addi	x0,x0,0	  x0:0x00000000
        8775000	       876	800038dc	00000013	addi	x0,x0,0	  x0:0x00000000
        8785000	       877	800038e0	012cde63	bge	x25,x18,800038fc	 x25:0x80003040 x18:0x00000000
        8795000	       878	800038e4	00c239b3	sltu	x19,x4,x12	  x4:0xfffff91f x12:0x00000000 x19=0x00000000
        8805000	       879	800038e8	3e0f0193	addi	x3,x30,992	 x30:0x80003380  x3=0x80003760
        8815000	       880	800038ec	4402e493	ori	x9,x5,1088	  x5:0xffffff67  x9=0xffffff67
        8825000	       881	800038f0	0044eab3	or	x21,x9,x4	  x9:0xffffff67  x4:0xfffff91f x21=0xffffff7f
        8835000	       882	800038f4	01bd12b3	sll	x5,x26,x27	 x26:0x80009f58 x27:0x4d2f0000  x5=0x80009f58
        8845000	       883	800038f8	01c2b9b3	sltu	x19,x5,x28	  x5:0x80009f58 x28:0x3dce289c x19=0x00000000
        8855000	       884	800038fc	4051d2b3	sra	x5,x3,x5	  x3:0x80003760  x5:0x80009f58  x5=0xffffff80
        8865000	       885	80003900	6e338917	auipc	x18,0x6e338	 x18=0xee33b8fc
        8875000	       886	80003904	01a57463	bgeu	x10,x26,8000390c	 x10:0xf7615972 x26:0x80009f58
        8885000	       887	00000000	00000013	addi	x0,x0,0	  x0:0x00000000
        8895000	       888	80003908	00000013	addi	x0,x0,0	  x0:0x00000000
        8905000	       889	8000390c	00ca8233	add	x4,x21,x12	 x21:0xffffff7f x12:0x00000000  x4=0xffffff7f
        8915000	       890	80003910	1faaa937	lui	x18,0x1faaa	 x18=0x1faaa000
        8925000	       891	80003914	00000013	addi	x0,x0,0	  x0:0x00000000
        8935000	       892	80003918	05b8c063	blt	x17,x27,80003958	 x17:0x800035c4 x27:0x4d2f0000
        8945000	       893	00000000	00000013	addi	x0,x0,0	  x0:0x00000000
        8955000	       894	80003954	00000013	addi	x0,x0,0	  x0:0x00000000
        8965000	       895	80003958	01ecdf13	srli	x30,x25,0x1e	 x25:0x80003040 x30=0x00000002
        8975000	       896	8000395c	008afcb3	and	x25,x21,x8	 x21:0xffffff7f  x8:0xb2d10001 x25=0xb2d10001
        8985000	       897	80003960	dbb88e93	addi	x29,x17,-581	 x17:0x800035c4 x29=0x8000337f
        8995000	       898	80003964	015ad4b3	srl	x9,x21,x21	 x21:0xffffff7f x21:0xffffff7f  x9=0x00000001
        9005000	       899	80003968	41df8f33	sub	x30,x31,x29	 x31:0x00009fc4 x29:0x8000337f x30=0x80006c45
        9015000	       900	8000396c	05777063	bgeu	x14,x23,800039ac	 x14:0x00000001 x23:0x00000001
        9025000	       901	00000000	00000013	addi	x0,x0,0	  x0:0x00000000
        9035000	       902	800039a8	00000013	addi	x0,x0,0	  x0:0x00000000
        9045000	       903	800039ac	0522c463	blt	x5,x18,800039f4	  x5:0xffffff80 x18:0x1faaa000
        9055000	       904	00000000	00000013	addi	x0,x0,0	  x0:0x00000000
        9065000	       905	800039f0	00000013	addi	x0,x0,0	  x0:0x00000000
        9075000	       906	800039f4	40f8d893	srai	x17,x17,0xf	 x17:0x800035c4 x17=0xffff0000
        9085000	       907	800039f8	cb538b13	addi	x22,x7,-843	  x7:0x80003350 x22=0x80003005
        9095000	       908	800039fc	00547c63	bgeu	x8,x5,80003a14	  x8:0xb2d10001  x5:0xffffff80
        9105000	       909	80003a00	00000013	addi	x0,x0,0	  x0:0x00000000
        9115000	       910	80003a04	007fd413	srli	x8,x31,0x7	 x31:0x00009fc4  x8=0x0000013f
        9125000	       911	80003a08	0479d863	bge	x19,x7,80003a58	 x19:0x00000000  x7:0x80003350
        9135000	       912	00000000	00000013	addi	x0,x0,0	  x0:0x00000000
        9145000	       913	80003a54	00000013	addi	x0,x0,0	  x0:0x00000000
        9155000	       914	80003a58	410a8b33	sub	x22,x21,x16	 x21:0xffffff7f x16:0x2fe28380 x22=0xd01d7bff
        9165000	       915	80003a5c	904fbb37	lui	x22,0x904fb	 x22=0x904fb000
        9175000	       916	80003a60	014eb733	sltu	x14,x29,x20	 x29:0x8000337f x20:0x80003444 x14=0x00000001
        9185000	       917	80003a64	54145617	auipc	x12,0x54145	 x12=0xd4148a60
        9195000	       918	80003a68	00657333	and	x6,x10,x6	 x10:0xf7615972  x6:0x00000080  x6=0x00000000
        9205000	       919	80003a6c	011482b3	add	x5,x9,x17	  x9:0x00000001 x17:0xffff0000  x5=0xffff0001
        9215000	       920	80003a70	b4d64913	xori	x18,x12,-1203	 x12:0xd4148a60 x18=0x2beb712d
        9225000	       921	80003a74	00000013	addi	x0,x0,0	  x0:0x00000000
        9235000	       922	80003a78	0043bc33	sltu	x24,x7,x4	  x7:0x80003350  x4:0xffffff7f x24=0x00000001
        9245000	       923	80003a7c	8b86c193	xori	x3,x13,-1864	 x13:0x80009fc4  x3=0x7fff677c
        9255000	       924	80003a80	00000013	addi	x0,x0,0	  x0:0x00000000
        9265000	       925	80003a84	0fd44ab7	lui	x21,0xfd44	 x21=0x0fd44000
        9275000	       926	80003a88	c66ec237	lui	x4,0xc66ec	  x4=0xc66ec000
        9285000	       927	80003a8c	15330b97	auipc	x23,0x15330	 x23=0x95333a88
        9295000	       928	80003a90	40115293	srai	x5,x2,0x1	  x2:0xd2fe2838  x5=0xe97f141c
        9305000	       929	80003a94	17f40b93	addi	x23,x8,383	  x8:0x0000013f x23=0x000002be
        9315000	       930	80003a98	40c5d233	sra	x4,x11,x12	 x11:0x80003380 x12:0xd4148a60  x4=0x80003380
        9325000	       931	80003a9c	4e19e293	ori	x5,x19,1249	 x19:0x00000000  x5=0x000004e1
        9335000	       932	80003aa0	a1ca6a93	ori	x21,x20,-1508	 x20:0x80003444 x21=0xfffffe5c
        9345000	       933	80003aa4	00f07eb3	and	x29,x0,x15	  x0:0x00000000 x15:0x7ff801a8 x29=0x00000000
        9355000	       934	80003aa8	e9a5e213	ori	x4,x11,-358	 x11:0x80003380  x4=0xffffff9a
        9365000	       935	80003aac	01d157b3	srl	x15,x2,x29	  x2:0xd2fe2838 x29:0x00000000 x15=0xd2fe2838
        9375000	       936	80003ab0	0d756263	bltu	x10,x23,80003b74	 x10:0xf7615972 x23:0x000002be
        9385000	       937	80003ab4	01c2ffb3	and	x31,x5,x28	  x5:0x000004e1 x28:0x3dce289c x31=0x00000080
        9395000	       938	80003ab8	05c00fef	jal	x31,80003ab8	 x31=0x80003ab8
        9405000	       939	00000000	00000013	addi	x0,x0,0	  x0:0x00000000
        9415000	       940	80003b10	00000013	addi	x0,x0,0	  x0:0x00000000
        9425000	       941	80003b14	00c002ef	jal	x5,80003b14	  x5=0x80003b14
        9435000	       942	00000000	00000013	addi	x0,x0,0	  x0:0x00000000
        9445000	       943	80003b1c	00000013	addi	x0,x0,0	  x0:0x00000000
        9455000	       944	80003b20	fcdff0ef	jal	x1,80003b20	  x1=0x80003b20
        9465000	       945	00000000	00000013	addi	x0,x0,0	  x0:0x00000000
        9475000	       946	80003ae8	00000013	addi	x0,x0,0	  x0:0x00000000
        9485000	       947	80003aec	ffdff0ef	jal	x1,80003aec	  x1=0x80003aec
        9495000	       948	00000000	00000013	addi	x0,x0,0	  x0:0x00000000
        9505000	       949	80003ae4	00000013	addi	x0,x0,0	  x0:0x00000000
        9515000	       950	80003ae8	fedffcef	jal	x25,80003ae8	 x25=0x80003ae8
        9525000	       951	00000000	00000013	addi	x0,x0,0	  x0:0x00000000
        9535000	       952	80003ad0	00000013	addi	x0,x0,0	  x0:0x00000000
        9545000	       953	80003ad4	054000ef	jal	x1,80003ad4	  x1=0x80003ad4
        9555000	       954	00000000	00000013	addi	x0,x0,0	  x0:0x00000000
        9565000	       955	80003b24	00000013	addi	x0,x0,0	  x0:0x00000000
        9575000	       956	80003b28	fb9ff36f	jal	x6,80003b28	  x6=0x80003b28
        9585000	       957	00000000	00000013	addi	x0,x0,0	  x0:0x00000000
        9595000	       958	80003adc	00000013	addi	x0,x0,0	  x0:0x00000000
        9605000	       959	80003ae0	02c000ef	jal	x1,80003ae0	  x1=0x80003ae0
        9615000	       960	00000000	00000013	addi	x0,x0,0	  x0:0x00000000
        9625000	       961	80003b08	00000013	addi	x0,x0,0	  x0:0x00000000
        9635000	       962	80003b0c	fe9ff0ef	jal	x1,80003b0c	  x1=0x80003b0c
        9645000	       963	00000000	00000013	addi	x0,x0,0	  x0:0x00000000
        9655000	       964	80003af0	00000013	addi	x0,x0,0	  x0:0x00000000
        9665000	       965	80003af4	014000ef	jal	x1,80003af4	  x1=0x80003af4
        9675000	       966	00000000	00000013	addi	x0,x0,0	  x0:0x00000000
        9685000	       967	80003b04	00000013	addi	x0,x0,0	  x0:0x00000000
        9695000	       968	80003b08	0140036f	jal	x6,80003b08	  x6=0x80003b08
        9705000	       969	00000000	00000013	addi	x0,x0,0	  x0:0x00000000
        9715000	       970	80003b18	00000013	addi	x0,x0,0	  x0:0x00000000
        9725000	       971	80003b1c	008009ef	jal	x19,80003b1c	 x19=0x80003b1c
        9735000	       972	00000000	00000013	addi	x0,x0,0	  x0:0x00000000
        9745000	       973	80003b20	00000013	addi	x0,x0,0	  x0:0x00000000
        9755000	       974	80003b24	0080036f	jal	x6,80003b24	  x6=0x80003b24
        9765000	       975	00000000	00000013	addi	x0,x0,0	  x0:0x00000000
        9775000	       976	80003b28	00000013	addi	x0,x0,0	  x0:0x00000000
        9785000	       977	80003b2c	fd1ff0ef	jal	x1,80003b2c	  x1=0x80003b2c
        9795000	       978	00000000	00000013	addi	x0,x0,0	  x0:0x00000000
        9805000	       979	80003af8	00000013	addi	x0,x0,0	  x0:0x00000000
        9815000	       980	80003afc	fc9ff0ef	jal	x1,80003afc	  x1=0x80003afc
        9825000	       981	00000000	00000013	addi	x0,x0,0	  x0:0x00000000
        9835000	       982	80003ac0	00000013	addi	x0,x0,0	  x0:0x00000000
        9845000	       983	80003ac4	04c0086f	jal	x16,80003ac4	 x16=0x80003ac4
        9855000	       984	00000000	00000013	addi	x0,x0,0	  x0:0x00000000
        9865000	       985	80003b0c	00000013	addi	x0,x0,0	  x0:0x00000000
        9875000	       986	80003b10	ff5ff0ef	jal	x1,80003b10	  x1=0x80003b10
        9885000	       987	00000000	00000013	addi	x0,x0,0	  x0:0x00000000
        9895000	       988	80003b00	00000013	addi	x0,x0,0	  x0:0x00000000
        9905000	       989	80003b04	fd9fffef	jal	x31,80003b04	 x31=0x80003b04
        9915000	       990	00000000	00000013	addi	x0,x0,0	  x0:0x00000000
        9925000	       991	80003ad8	00000013	addi	x0,x0,0	  x0:0x00000000
        9935000	       992	80003adc	0080086f	jal	x16,80003adc	 x16=0x80003adc
        9945000	       993	00000000	00000013	addi	x0,x0,0	  x0:0x00000000
        9955000	       994	80003ae0	00000013	addi	x0,x0,0	  x0:0x00000000
        9965000	       995	80003ae4	0140026f	jal	x4,80003ae4	  x4=0x80003ae4
        9975000	       996	00000000	00000013	addi	x0,x0,0	  x0:0x00000000
        9985000	       997	80003af4	00000013	addi	x0,x0,0	  x0:0x00000000
        9995000	       998	80003af8	fd1ff36f	jal	x6,80003af8	  x6=0x80003af8
       10005000	       999	00000000	00000013	addi	x0,x0,0	  x0:0x00000000
       10015000	      1000	80003ac4	00000013	addi	x0,x0,0	  x0:0x00000000
       10025000	      1001	80003ac8	0500036f	jal	x6,80003ac8	  x6=0x80003ac8
       10035000	      1002	00000000	00000013	addi	x0,x0,0	  x0:0x00000000
       10045000	      1003	80003b14	00000013	addi	x0,x0,0	  x0:0x00000000
       10055000	      1004	80003b18	fa5ff1ef	jal	x3,80003b18	  x3=0x80003b18
       10065000	      1005	00000000	00000013	addi	x0,x0,0	  x0:0x00000000
       10075000	      1006	80003ab8	00000013	addi	x0,x0,0	  x0:0x00000000
       10085000	      1007	80003abc	004001ef	jal	x3,80003abc	  x3=0x80003abc
       10095000	      1008	00000000	00000013	addi	x0,x0,0	  x0:0x00000000
       10105000	      1009	80003abc	00000013	addi	x0,x0,0	  x0:0x00000000
       10115000	      1010	80003ac0	030000ef	jal	x1,80003ac0	  x1=0x80003ac0
       10125000	      1011	00000000	00000013	addi	x0,x0,0	  x0:0x00000000
       10135000	      1012	80003aec	00000013	addi	x0,x0,0	  x0:0x00000000
       10145000	      1013	80003af0	fddffcef	jal	x25,80003af0	 x25=0x80003af0
       10155000	      1014	00000000	00000013	addi	x0,x0,0	  x0:0x00000000
       10165000	      1015	80003ac8	00000013	addi	x0,x0,0	  x0:0x00000000
       10175000	      1016	80003acc	0040036f	jal	x6,80003acc	  x6=0x80003acc
       10185000	      1017	00000000	00000013	addi	x0,x0,0	  x0:0x00000000
       10195000	      1018	80003acc	00000013	addi	x0,x0,0	  x0:0x00000000
       10205000	      1019	80003ad0	030000ef	jal	x1,80003ad0	  x1=0x80003ad0
       10215000	      1020	00000000	00000013	addi	x0,x0,0	  x0:0x00000000
       10225000	      1021	80003afc	00000013	addi	x0,x0,0	  x0:0x00000000
       10235000	      1022	80003b00	fd9ff8ef	jal	x17,80003b00	 x17=0x80003b00
       10245000	      1023	00000000	00000013	addi	x0,x0,0	  x0:0x00000000
       10255000	      1024	80003ad4	00000013	addi	x0,x0,0	  x0:0x00000000
       10265000	      1025	80003ad8	058000ef	jal	x1,80003ad8	  x1=0x80003ad8
       10275000	      1026	00000000	00000013	addi	x0,x0,0	  x0:0x00000000
       10285000	      1027	80003b2c	00000013	addi	x0,x0,0	  x0:0x00000000
       10295000	      1028	80003b30	40bb8233	sub	x4,x23,x11	 x23:0x000002be x11:0x80003380  x4=0x7fffcf3e
       10305000	      1029	80003b34	00145293	srli	x5,x8,0x1	  x8:0x0000013f  x5=0x0000009f
       10315000	      1030	80003b38	00e630b3	sltu	x1,x12,x14	 x12:0xd4148a60 x14:0x00000001  x1=0x00000000
       10325000	      1031	80003b3c	2f262993	slti	x19,x12,754	 x12:0xd4148a60 x19=0x00000001
       10335000	      1032	80003b40	41cdd093	srai	x1,x27,0x1c	 x27:0x4d2f0000  x1=0x00000004
       10345000	      1033	80003b44	01d79bb3	sll	x23,x15,x29	 x15:0xd2fe2838 x29:0x00000000 x23=0xd2fe2838
       10355000	      1034	80003b48	80b960b7	lui	x1,0x80b96	  x1=0x80b96000
       10365000	      1035	80003b4c	0515c463	blt	x11,x17,80003b94	 x11:0x80003380 x17:0x80003b00
       10375000	      1036	00000000	00000013	addi	x0,x0,0	  x0:0x00000000
       10385000	      1037	80003b90	00000013	addi	x0,x0,0	  x0:0x00000000
       10395000	      1038	80003b94	03566663	bltu	x12,x21,80003bc0	 x12:0xd4148a60 x21:0xfffffe5c
       10405000	      1039	00000000	00000013	addi	x0,x0,0	  x0:0x00000000
       10415000	      1040	80003bbc	00000013	addi	x0,x0,0	  x0:0x00000000
       10425000	      1041	80003bc0	21383b93	sltiu	x23,x16,531	 x16:0x80003adc x23=0x00000000
       10435000	      1042	80003bc4	00a59b93	slli	x23,x11,0xa	 x11:0x80003380 x23=0x00ce0000
       10445000	      1043	80003bc8	0165f7b3	and	x15,x11,x22	 x11:0x80003380 x22:0x904fb000 x15=0x80003000
       10455000	      1044	80003bcc	415e5393	srai	x7,x28,0x15	 x28:0x3dce289c  x7=0x000001ee
       10465000	      1045	80003bd0	001da7b3	slt	x15,x27,x1	 x27:0x4d2f0000  x1:0x80b96000 x15=0x00000000
       10475000	      1046	80003bd4	4061df93	srai	x31,x3,0x6	  x3:0x80003abc x31=0xfe0000ea
       10485000	      1047	80003bd8	01f8c2b3	xor	x5,x17,x31	 x17:0x80003b00 x31:0xfe0000ea  x5=0x7e003bea
       10495000	      1048	80003bdc	41d009b3	sub	x19,x0,x29	  x0:0x00000000 x29:0x00000000 x19=0x00000000
       10505000	      1049	80003be0	00ebb4b3	sltu	x9,x23,x14	 x23:0x00ce0000 x14:0x00000001  x9=0x00000000
       10515000	      1050	80003be4	00363a33	sltu	x20,x12,x3	 x12:0xd4148a60  x3:0x80003abc x20=0x00000000
       10525000	      1051	80003be8	b161e713	ori	x14,x3,-1258	  x3:0x80003abc x14=0xfffffbbe
       10535000	      1052	80003bec	416788b3	sub	x17,x15,x22	 x15:0x00000000 x22:0x904fb000 x17=0x6fb05000
       10545000	      1053	80003bf0	1ddcbd93	sltiu	x27,x25,477	 x25:0x80003af0 x27=0x00000000
       10555000	      1054	80003bf4	015eee33	or	x28,x29,x21	 x29:0x00000000 x21:0xfffffe5c x28=0xfffffe5c
       10565000	      1055	80003bf8	d3dfe593	ori	x11,x31,-707	 x31:0xfe0000ea x11=0xfffffdff
       10575000	      1056	80003bfc	01785e33	srl	x28,x16,x23	 x16:0x80003adc x23:0x00ce0000 x28=0x80003adc
       10585000	      1057	80003c00	29ff2b93	slti	x23,x30,671	 x30:0x80006c45 x23=0x00000001
       10595000	      1058	80003c04	002c74b3	and	x9,x24,x2	 x24:0x00000001  x2:0xd2fe2838  x9=0x00000000
       10605000	      1059	80003c08	04211663	bne	x2,x2,80003c54	  x2:0xd2fe2838  x2:0xd2fe2838
       10615000	      1060	80003c0c	f3243113	sltiu	x2,x8,-206	  x8:0x0000013f  x2=0x00000001
       10625000	      1061	80003c10	beeb8b13	addi	x22,x23,-1042	 x23:0x00000001 x22=0xfffffbef
       10635000	      1062	80003c14	057a6263	bltu	x20,x23,80003c58	 x20:0x00000000 x23:0x00000001
       10645000	      1063	00000000	00000013	addi	x0,x0,0	  x0:0x00000000
       10655000	      1064	80003c54	00000013	addi	x0,x0,0	  x0:0x00000000
       10665000	      1065	80003c58	01549c13	slli	x24,x9,0x15	  x9:0x00000000 x24=0x00000000
       10675000	      1066	80003c5c	01fc5c33	srl	x24,x24,x31	 x24:0x00000000 x31:0xfe0000ea x24=0x00000000
       10685000	      1067	80003c60	1e1044b7	lui	x9,0x1e104	  x9=0x1e104000
       10695000	      1068	80003c64	07361e63	bne	x12,x19,80003ce0	 x12:0xd4148a60 x19:0x00000000
       10705000	      1069	00000000	00000013	addi	x0,x0,0	  x0:0x00000000
       10715000	      1070	80003cdc	00000013	addi	x0,x0,0	  x0:0x00000000
       10725000	      1071	80003ce0	00751613	slli	x12,x10,0x7	 x10:0xf7615972 x12=0xb0acb900
       10735000	      1072	80003ce4	d03ae997	auipc	x19,0xd03ae	 x19=0x503b1ce0
       10745000	      1073	80003ce8	01a09833	sll	x16,x1,x26	  x1:0x80b96000 x26:0x80009f58 x16=0x00000000
       10755000	      1074	80003cec	fe2faa13	slti	x20,x31,-30	 x31:0xfe0000ea x20=0x00000001
       10765000	      1075	80003cf0	04f96863	bltu	x18,x15,80003d40	 x18:0x2beb712d x15:0x00000000
       10775000	      1076	80003cf4	001e9333	sll	x6,x29,x1	 x29:0x00000000  x1:0x80b96000  x6=0x00000000
       10785000	      1077	80003cf8	029d8663	beq	x27,x9,80003d24	 x27:0x00000000  x9:0x1e104000
       10795000	      1078	80003cfc	b5768497	auipc	x9,0xb5768	  x9=0x3576bcf8
       10805000	      1079	80003d00	04907313	andi	x6,x0,73	  x0:0x00000000  x6=0x00000000
       10815000	      1080	80003d04	00e54663	blt	x10,x14,80003d10	 x10:0xf7615972 x14:0xfffffbbe
       10825000	      1081	00000000	00000013	addi	x0,x0,0	  x0:0x00000000
       10835000	      1082	80003d0c	00000013	addi	x0,x0,0	  x0:0x00000000
       10845000	      1083	80003d10	573d8893	addi	x17,x27,1395	 x27:0x00000000 x17=0x00000573
       10855000	      1084	80003d14	02781263	bne	x16,x7,80003d38	 x16:0x00000000  x7:0x000001ee
       10865000	      1085	00000000	00000013	addi	x0,x0,0	  x0:0x00000000
       10875000	      1086	80003d34	00000013	addi	x0,x0,0	  x0:0x00000000
       10885000	      1087	80003d38	c5840813	addi	x16,x8,-936	  x8:0x0000013f x16=0xfffffd97
       10895000	      1088	80003d3c	0115b333	sltu	x6,x11,x17	 x11:0xfffffdff x17:0x00000573  x6=0x00000000
       10905000	      1089	80003d40	0103bb33	sltu	x22,x7,x16	  x7:0x000001ee x16:0xfffffd97 x22=0x00000001
       10915000	      1090	80003d44	01ae8cb3	add	x25,x29,x26	 x29:0x00000000 x26:0x80009f58 x25=0x80009f58
       10925000	      1091	80003d48	bac60313	addi	x6,x12,-1108	 x12:0xb0acb900  x6=0xb0acb4ac
       10935000	      1092	80003d4c	bd7a6593	ori	x11,x20,-1065	 x20:0x00000001 x11=0xfffffbd7
       10945000	      1093	80003d50	9471e297	auipc	x5,0x9471e	  x5=0x14721d4c
       10955000	      1094	80003d54	01fbbc33	sltu	x24,x23,x31	 x23:0x00000001 x31:0xfe0000ea x24=0x00000001
       10965000	      1095	80003d58	0030fcb3	and	x25,x1,x3	  x1:0x80b96000  x3:0x80003abc x25=0x80002000
       10975000	      1096	80003d5c	04c10063	beq	x2,x12,80003d9c	  x2:0x00000001 x12:0xb0acb900
       10985000	      1097	80003d60	0026b933	sltu	x18,x13,x2	 x13:0x80009fc4  x2:0x00000001 x18=0x00000000
       10995000	      1098	80003d64	01b1d493	srli	x9,x3,0x1b	  x3:0x80003abc  x9=0x00000010
       11005000	      1099	80003d68	039d1463	bne	x26,x25,80003d90	 x26:0x80009f58 x25:0x80002000
       11015000	      1100	00000000	00000013	addi	x0,x0,0	  x0:0x00000000
       11025000	      1101	80003d8c	00000013	addi	x0,x0,0	  x0:0x00000000
       11035000	      1102	80003d90	0021d713	srli	x14,x3,0x2	  x3:0x80003abc x14=0x20000eaf
       11045000	      1103	80003d94	00e7fe63	bgeu	x15,x14,80003db0	 x15:0x00000000 x14:0x20000eaf
       11055000	      1104	80003d98	011bb9b3	sltu	x19,x23,x17	 x23:0x00000001 x17:0x00000573 x19=0x00000001
       11065000	      1105	80003d9c	0136d613	srli	x12,x13,0x13	 x13:0x80009fc4 x12=0x00001000
       11075000	      1106	80003da0	01119133	sll	x2,x3,x17	  x3:0x80003abc x17:0x00000573  x2=0xd5e00000
       11085000	      1107	80003da4	5eb1f793	andi	x15,x3,1515	  x3:0x80003abc x15=0x000000a8
       11095000	      1108	80003da8	41a05213	srai	x4,x0,0x1a	  x0:0x00000000  x4=0x00000000
       11105000	      1109	80003dac	741e4313	xori	x6,x28,1857	 x28:0x80003adc  x6=0x80003d9d
       11115000	      1110	80003db0	007c6c63	bltu	x24,x7,80003dc8	 x24:0x00000001  x7:0x000001ee
       11125000	      1111	00000000	00000013	addi	x0,x0,0	  x0:0x00000000
       11135000	      1112	80003dc4	00000013	addi	x0,x0,0	  x0:0x00000000
       11145000	      1113	80003dc8	01b76e63	bltu	x14,x27,80003de4	 x14:0x20000eaf x27:0x00000000
       11155000	      1114	80003dcc	011ac033	xor	x0,x21,x17	 x21:0xfffffe5c x17:0x00000573
       11165000	      1115	80003dd0	009921b3	slt	x3,x18,x9	 x18:0x00000000  x9:0x00000010  x3=0x00000001
       11175000	      1116	80003dd4	00991db3	sll	x27,x18,x9	 x18:0x00000000  x9:0x00000010 x27=0x00000000
       11185000	      1117	80003dd8	dc376c13	ori	x24,x14,-573	 x14:0x20000eaf x24=0xffffffef
       11195000	      1118	80003ddc	40e3d7b3	sra	x15,x7,x14	  x7:0x000001ee x14:0x20000eaf x15=0x00000000
       11205000	      1119	80003de0	009bc133	xor	x2,x23,x9	 x23:0x00000001  x9:0x00000010  x2=0x00000011
       11215000	      1120	80003de4	00a7b8b3	sltu	x17,x15,x10	 x15:0x00000000 x10:0xf7615972 x17=0x00000001
       11225000	      1121	80003de8	05b08063	beq	x1,x27,80003e28	  x1:0x80b96000 x27:0x00000000
       11235000	      1122	80003dec	0451c063	blt	x3,x5,80003e2c	  x3:0x00000001  x5:0x14721d4c
       11245000	      1123	00000000	00000013	addi	x0,x0,0	  x0:0x00000000
       11255000	      1124	80003e28	00000013	addi	x0,x0,0	  x0:0x00000000
       11265000	      1125	80003e2c	01279393	slli	x7,x15,0x12	 x15:0x00000000  x7=0x00000000
       11275000	      1126	80003e30	01b91793	slli	x15,x18,0x1b	 x18:0x00000000 x15=0x00000000
       11285000	      1127	80003e34	05800fef	jal	x31,80003e34	 x31=0x80003e34
       11295000	      1128	00000000	00000013	addi	x0,x0,0	  x0:0x00000000
       11305000	      1129	80003e88	00000013	addi	x0,x0,0	  x0:0x00000000
       11315000	      1130	80003e8c	fedff0ef	jal	x1,80003e8c	  x1=0x80003e8c
       11325000	      1131	00000000	00000013	addi	x0,x0,0	  x0:0x00000000
       11335000	      1132	80003e74	00000013	addi	x0,x0,0	  x0:0x00000000
       11345000	      1133	80003e78	ff1ffa6f	jal	x20,80003e78	 x20=0x80003e78
       11355000	      1134	00000000	00000013	addi	x0,x0,0	  x0:0x00000000
       11365000	      1135	80003e64	00000013	addi	x0,x0,0	  x0:0x00000000
       11375000	      1136	80003e68	fd5ff0ef	jal	x1,80003e68	  x1=0x80003e68
       11385000	      1137	00000000	00000013	addi	x0,x0,0	  x0:0x00000000
       11395000	      1138	80003e38	00000013	addi	x0,x0,0	  x0:0x00000000
       11405000	      1139	80003e3c	ffdff0ef	jal	x1,80003e3c	  x1=0x80003e3c
       11415000	      1140	00000000	00000013	addi	x0,x0,0	  x0:0x00000000
       11425000	      1141	80003e34	00000013	addi	x0,x0,0	  x0:0x00000000
       11435000	      1142	80003e38	038000ef	jal	x1,80003e38	  x1=0x80003e38
       11445000	      1143	00000000	00000013	addi	x0,x0,0	  x0:0x00000000
       11455000	      1144	80003e6c	00000013	addi	x0,x0,0	  x0:0x00000000
       11465000	      1145	80003e70	fddff0ef	jal	x1,80003e70	  x1=0x80003e70
       11475000	      1146	00000000	00000013	addi	x0,x0,0	  x0:0x00000000
       11485000	      1147	80003e48	00000013	addi	x0,x0,0	  x0:0x00000000
       11495000	      1148	80003e4c	00800aef	jal	x21,80003e4c	 x21=0x80003e4c
       11505000	      1149	00000000	00000013	addi	x0,x0,0	  x0:0x00000000
       11515000	      1150	80003e50	00000013	addi	x0,x0,0	  x0:0x00000000
       11525000	      1151	80003e54	008000ef	jal	x1,80003e54	  x1=0x80003e54
       11535000	      1152	00000000	00000013	addi	x0,x0,0	  x0:0x00000000
       11545000	      1153	80003e58	00000013	addi	x0,x0,0	  x0:0x00000000
       11555000	      1154	80003e5c	fe9ff0ef	jal	x1,80003e5c	  x1=0x80003e5c
       11565000	      1155	00000000	00000013	addi	x0,x0,0	  x0:0x00000000
       11575000	      1156	80003e40	00000013	addi	x0,x0,0	  x0:0x00000000
       11585000	      1157	80003e44	03c0036f	jal	x6,80003e44	  x6=0x80003e44
       11595000	      1158	00000000	00000013	addi	x0,x0,0	  x0:0x00000000
       11605000	      1159	80003e7c	00000013	addi	x0,x0,0	  x0:0x00000000
       11615000	      1160	80003e80	ff5ff0ef	jal	x1,80003e80	  x1=0x80003e80
       11625000	      1161	00000000	00000013	addi	x0,x0,0	  x0:0x00000000
       11635000	      1162	80003e70	00000013	addi	x0,x0,0	  x0:0x00000000
       11645000	      1163	80003e74	ff9ff0ef	jal	x1,80003e74	  x1=0x80003e74
       11655000	      1164	00000000	00000013	addi	x0,x0,0	  x0:0x00000000
       11665000	      1165	80003e68	00000013	addi	x0,x0,0	  x0:0x00000000
       11675000	      1166	80003e6c	fddff0ef	jal	x1,80003e6c	  x1=0x80003e6c
       11685000	      1167	00000000	00000013	addi	x0,x0,0	  x0:0x00000000
       11695000	      1168	80003e44	00000013	addi	x0,x0,0	  x0:0x00000000
       11705000	      1169	80003e48	04c0036f	jal	x6,80003e48	  x6=0x80003e48
       11715000	      1170	00000000	00000013	addi	x0,x0,0	  x0:0x00000000
       11725000	      1171	80003e90	00000013	addi	x0,x0,0	  x0:0x00000000
       11735000	      1172	80003e94	fc5ff0ef	jal	x1,80003e94	  x1=0x80003e94
       11745000	      1173	00000000	00000013	addi	x0,x0,0	  x0:0x00000000
       11755000	      1174	80003e54	00000013	addi	x0,x0,0	  x0:0x00000000
       11765000	      1175	80003e58	00c00def	jal	x27,80003e58	 x27=0x80003e58
       11775000	      1176	00000000	00000013	addi	x0,x0,0	  x0:0x00000000
       11785000	      1177	80003e60	00000013	addi	x0,x0,0	  x0:0x00000000
       11795000	      1178	80003e64	034000ef	jal	x1,80003e64	  x1=0x80003e64
       11805000	      1179	00000000	00000013	addi	x0,x0,0	  x0:0x00000000
       11815000	      1180	80003e94	00000013	addi	x0,x0,0	  x0:0x00000000
       11825000	      1181	80003e98	fedff36f	jal	x6,80003e98	  x6=0x80003e98
       11835000	      1182	00000000	00000013	addi	x0,x0,0	  x0:0x00000000
       11845000	      1183	80003e80	00000013	addi	x0,x0,0	  x0:0x00000000
       11855000	      1184	80003e84	fcdff0ef	jal	x1,80003e84	  x1=0x80003e84
       11865000	      1185	00000000	00000013	addi	x0,x0,0	  x0:0x00000000
       11875000	      1186	80003e4c	00000013	addi	x0,x0,0	  x0:0x00000000
       11885000	      1187	80003e50	010000ef	jal	x1,80003e50	  x1=0x80003e50
       11895000	      1188	00000000	00000013	addi	x0,x0,0	  x0:0x00000000
       11905000	      1189	80003e5c	00000013	addi	x0,x0,0	  x0:0x00000000
       11915000	      1190	80003e60	01c00def	jal	x27,80003e60	 x27=0x80003e60
       11925000	      1191	00000000	00000013	addi	x0,x0,0	  x0:0x00000000
       11935000	      1192	80003e78	00000013	addi	x0,x0,0	  x0:0x00000000
       11945000	      1193	80003e7c	00c000ef	jal	x1,80003e7c	  x1=0x80003e7c
       11955000	      1194	00000000	00000013	addi	x0,x0,0	  x0:0x00000000
       11965000	      1195	80003e84	00000013	addi	x0,x0,0	  x0:0x00000000
       11975000	      1196	80003e88	fb9ff0ef	jal	x1,80003e88	  x1=0x80003e88
       11985000	      1197	00000000	00000013	addi	x0,x0,0	  x0:0x00000000
       11995000	      1198	80003e3c	00000013	addi	x0,x0,0	  x0:0x00000000
       12005000	      1199	80003e40	050000ef	jal	x1,80003e40	  x1=0x80003e40
       12015000	      1200	00000000	00000013	addi	x0,x0,0	  x0:0x00000000
       12025000	      1201	80003e8c	00000013	addi	x0,x0,0	  x0:0x00000000
       12035000	      1202	80003e90	00c0036f	jal	x6,80003e90	  x6=0x80003e90
       12045000	      1203	00000000	00000013	addi	x0,x0,0	  x0:0x00000000
       12055000	      1204	80003e98	00000013	addi	x0,x0,0	  x0:0x00000000
       12065000	      1205	80003e9c	01899433	sll	x8,x19,x24	 x19:0x00000001 x24:0xffffffef  x8=0x00008000
       12075000	      1206	80003ea0	00bf2fb3	slt	x31,x30,x11	 x30:0x80006c45 x11:0xfffffbd7 x31=0x00000001
       12085000	      1207	80003ea4	03089663	bne	x17,x16,80003ed0	 x17:0x00000001 x16:0xfffffd97
       12095000	      1208	00000000	00000013	addi	x0,x0,0	  x0:0x00000000
       12105000	      1209	80003ecc	00000013	addi	x0,x0,0	  x0:0x00000000
       12115000	      1210	80003ed0	01ef10b3	sll	x1,x30,x30	 x30:0x80006c45 x30:0x80006c45  x1=0x000d88a0
       12125000	      1211	80003ed4	00d30f33	add	x30,x6,x13	  x6:0x80003e90 x13:0x80009fc4 x30=0x0000de54
       12135000	      1212	80003ed8	41085a13	srai	x20,x16,0x10	 x16:0xfffffd97 x20=0xffffffff
       12145000	      1213	80003edc	015f7833	and	x16,x30,x21	 x30:0x0000de54 x21:0x80003e4c x16=0x00001e44
       12155000	      1214	80003ee0	0154a733	slt	x14,x9,x21	  x9:0x00000010 x21:0x80003e4c x14=0x00000000
       12165000	      1215	80003ee4	00790fb3	add	x31,x18,x7	 x18:0x00000000  x7:0x00000000 x31=0x00000000
       12175000	      1216	80003ee8	00b49593	slli	x11,x9,0xb	  x9:0x00000010 x11=0x00008000
       12185000	      1217	80003eec	01999463	bne	x19,x25,80003ef4	 x19:0x00000001 x25:0x80002000
       12195000	      1218	00000000	00000013	addi	x0,x0,0	  x0:0x00000000
       12205000	      1219	80003ef0	00000013	addi	x0,x0,0	  x0:0x00000000
       12215000	      1220	80003ef4	040ed263	bge	x29,x0,80003f38	 x29:0x00000000  x0:0x00000000
       12225000	      1221	00000000	00000013	addi	x0,x0,0	  x0:0x00000000
       12235000	      1222	80003f34	00000013	addi	x0,x0,0	  x0:0x00000000
       12245000	      1223	80003f38	023bde63	bge	x23,x3,80003f74	 x23:0x00000001  x3:0x00000001
       12255000	      1224	00000000	00000013	addi	x0,x0,0	  x0:0x00000000
       12265000	      1225	80003f70	00000013	addi	x0,x0,0	  x0:0x00000000
       12275000	      1226	80003f74	0087e733	or	x14,x15,x8	 x15:0x00000000  x8:0x00008000 x14=0x00008000
       12285000	      1227	80003f78	015c30b3	sltu	x1,x24,x21	 x24:0xffffffef x21:0x80003e4c  x1=0x00000000
       12295000	      1228	80003f7c	41a8d9b3	sra	x19,x17,x26	 x17:0x00000001 x26:0x80009f58 x19=0x00000000
       12305000	      1229	80003f80	6c55f013	andi	x0,x11,1733	 x11:0x00008000
       12315000	      1230	80003f84	04151463	bne	x10,x1,80003fcc	 x10:0xf7615972  x1:0x00000000
       12325000	      1231	00000000	00000013	addi	x0,x0,0	  x0:0x00000000
       12335000	      1232	80003fc8	00000013	addi	x0,x0,0	  x0:0x00000000
       12345000	      1233	80003fcc	d6016393	ori	x7,x2,-672	  x2:0x00000011  x7=0xfffffd71
       12355000	      1234	80003fd0	00b1a833	slt	x16,x3,x11	  x3:0x00000001 x11:0x00008000 x16=0x00000001
       12365000	      1235	80003fd4	16cee993	ori	x19,x29,364	 x29:0x00000000 x19=0x0000016c
       12375000	      1236	80003fd8	01609ab3	sll	x21,x1,x22	  x1:0x00000000 x22:0x00000001 x21=0x00000000
       12385000	      1237	80003fdc	0109e0b3	or	x1,x19,x16	 x19:0x0000016c x16:0x00000001  x1=0x0000016d
       12395000	      1238	80003fe0	4015d5b3	sra	x11,x11,x1	 x11:0x00008000  x1:0x0000016d x11=0x00000004
       12405000	      1239	80003fe4	00db6133	or	x2,x22,x13	 x22:0x00000001 x13:0x80009fc4  x2=0x80009fc5
       12415000	      1240	80003fe8	1b358b13	addi	x22,x11,435	 x11:0x00000004 x22=0x000001b7
       12425000	      1241	80003fec	05bc8463	beq	x25,x27,80004034	 x25:0x80002000 x27:0x80003e60
       12435000	      1242	80003ff0	a1e67613	andi	x12,x12,-1506	 x12:0x00001000 x12=0x00001000
       12445000	      1243	80003ff4	e865e893	ori	x17,x11,-378	 x11:0x00000004 x17=0xfffffe86
       12455000	      1244	80003ff8	01354bb3	xor	x23,x10,x19	 x10:0xf7615972 x19:0x0000016c x23=0xf761581e
       12465000	      1245	80003ffc	004eddb3	srl	x27,x29,x4	 x29:0x00000000  x4:0x00000000 x27=0x00000000
       12475000	      1246	80004000	0172d333	srl	x6,x5,x23	  x5:0x14721d4c x23:0xf761581e  x6=0x00000000
       12485000	      1247	80004004	03d0c663	blt	x1,x29,80004030	  x1:0x0000016d x29:0x00000000
       12495000	      1248	80004008	01a5bfb3	sltu	x31,x11,x26	 x11:0x00000004 x26:0x80009f58 x31=0x00000001
       12505000	      1249	8000400c	00488863	beq	x17,x4,8000401c	 x17:0xfffffe86  x4:0x00000000
       12515000	      1250	80004010	5fd62a13	slti	x20,x12,1533	 x12:0x00001000 x20=0x00000000
       12525000	      1251	80004014	0300e463	bltu	x1,x16,8000403c	  x1:0x0000016d x16:0x00000001
       12535000	      1252	80004018	8d507313	andi	x6,x0,-1835	  x0:0x00000000  x6=0x00000000
       12545000	      1253	8000401c	01d44433	xor	x8,x8,x29	  x8:0x00008000 x29:0x00000000  x8=0x00008000
       12555000	      1254	80004020	00000013	addi	x0,x0,0	  x0:0x00000000
       12565000	      1255	80004024	0156c033	xor	x0,x13,x21	 x13:0x80009fc4 x21:0x00000000
       12575000	      1256	80004028	40eb5a13	srai	x20,x22,0xe	 x22:0x000001b7 x20=0x00000000
       12585000	      1257	8000402c	02934263	blt	x6,x9,80004050	  x6:0x00000000  x9:0x00000010
       12595000	      1258	00000000	00000013	addi	x0,x0,0	  x0:0x00000000
       12605000	      1259	8000404c	00000013	addi	x0,x0,0	  x0:0x00000000
       12615000	      1260	80004050	3d191c97	auipc	x25,0x3d191	 x25=0xbd19504c
       12625000	      1261	80004054	6fb92813	slti	x16,x18,1787	 x18:0x00000000 x16=0x00000001
       12635000	      1262	80004058	00000013	addi	x0,x0,0	  x0:0x00000000
       12645000	      1263	8000405c	004d2f83	lw	x31,4(x26)	 x26:0x80009f58 x31=0x800040d8 PA:0x80009f5c
       12655000	      1264	80004060	008d0d13	addi	x26,x26,8	 x26:0x80009f58 x26=0x80009f60
       12665000	      1265	80004064	00000013	addi	x0,x0,0	  x0:0x00000000
       12675000	      1266	80004068	00000013	addi	x0,x0,0	  x0:0x00000000
       12685000	      1267	8000406c	001f8f13	addi	x30,x31,1	 x31:0x800040d8 x30=0x800040d9
       12695000	      1268	80004070	000f0f67	jalr	x30,x30,0	 x30:0x800040d9 x30=0x80004070
       12705000	      1269	00000000	00000013	addi	x0,x0,0	  x0:0x00000000
       12715000	      1270	800040d8	00000013	addi	x0,x0,0	  x0:0x00000000
       12725000	      1271	800040dc	02c00fef	jal	x31,800040dc	 x31=0x800040dc
       12735000	      1272	00000000	00000013	addi	x0,x0,0	  x0:0x00000000
       12745000	      1273	80004104	00000013	addi	x0,x0,0	  x0:0x00000000
       12755000	      1274	80004108	014000ef	jal	x1,80004108	  x1=0x80004108
       12765000	      1275	00000000	00000013	addi	x0,x0,0	  x0:0x00000000
       12775000	      1276	80004118	00000013	addi	x0,x0,0	  x0:0x00000000
       12785000	      1277	8000411c	fe1ff0ef	jal	x1,8000411c	  x1=0x8000411c
       12795000	      1278	00000000	00000013	addi	x0,x0,0	  x0:0x00000000
       12805000	      1279	800040f8	00000013	addi	x0,x0,0	  x0:0x00000000
       12815000	      1280	800040fc	0180036f	jal	x6,800040fc	  x6=0x800040fc
       12825000	      1281	00000000	00000013	addi	x0,x0,0	  x0:0x00000000
       12835000	      1282	80004110	00000013	addi	x0,x0,0	  x0:0x00000000
       12845000	      1283	80004114	0100036f	jal	x6,80004114	  x6=0x80004114
       12855000	      1284	00000000	00000013	addi	x0,x0,0	  x0:0x00000000
       12865000	      1285	80004120	00000013	addi	x0,x0,0	  x0:0x00000000
       12875000	      1286	80004124	fd5ff0ef	jal	x1,80004124	  x1=0x80004124
       12885000	      1287	00000000	00000013	addi	x0,x0,0	  x0:0x00000000
       12895000	      1288	800040f4	00000013	addi	x0,x0,0	  x0:0x00000000
       12905000	      1289	800040f8	0340036f	jal	x6,800040f8	  x6=0x800040f8
       12915000	      1290	00000000	00000013	addi	x0,x0,0	  x0:0x00000000
       12925000	      1291	80004128	00000013	addi	x0,x0,0	  x0:0x00000000
       12935000	      1292	8000412c	0040036f	jal	x6,8000412c	  x6=0x8000412c
       12945000	      1293	00000000	00000013	addi	x0,x0,0	  x0:0x00000000
       12955000	      1294	8000412c	00000013	addi	x0,x0,0	  x0:0x00000000
       12965000	      1295	80004130	ff9ff16f	jal	x2,80004130	  x2=0x80004130
       12975000	      1296	00000000	00000013	addi	x0,x0,0	  x0:0x00000000
       12985000	      1297	80004124	00000013	addi	x0,x0,0	  x0:0x00000000
       12995000	      1298	80004128	fb9ff0ef	jal	x1,80004128	  x1=0x80004128
       13005000	      1299	00000000	00000013	addi	x0,x0,0	  x0:0x00000000
       13015000	      1300	800040dc	00000013	addi	x0,x0,0	  x0:0x00000000
       13025000	      1301	800040e0	03000cef	jal	x25,800040e0	 x25=0x800040e0
       13035000	      1302	00000000	00000013	addi	x0,x0,0	  x0:0x00000000
       13045000	      1303	8000410c	00000013	addi	x0,x0,0	  x0:0x00000000
       13055000	      1304	80004110	fe5ff0ef	jal	x1,80004110	  x1=0x80004110
       13065000	      1305	00000000	00000013	addi	x0,x0,0	  x0:0x00000000
       13075000	      1306	800040f0	00000013	addi	x0,x0,0	  x0:0x00000000
       13085000	      1307	800040f4	010000ef	jal	x1,800040f4	  x1=0x800040f4
       13095000	      1308	00000000	00000013	addi	x0,x0,0	  x0:0x00000000
       13105000	      1309	80004100	00000013	addi	x0,x0,0	  x0:0x00000000
       13115000	      1310	80004104	fe1ff0ef	jal	x1,80004104	  x1=0x80004104
       13125000	      1311	00000000	00000013	addi	x0,x0,0	  x0:0x00000000
       13135000	      1312	800040e0	00000013	addi	x0,x0,0	  x0:0x00000000
       13145000	      1313	800040e4	034000ef	jal	x1,800040e4	  x1=0x800040e4
       13155000	      1314	00000000	00000013	addi	x0,x0,0	  x0:0x00000000
       13165000	      1315	80004114	00000013	addi	x0,x0,0	  x0:0x00000000
       13175000	      1316	80004118	fd1ff0ef	jal	x1,80004118	  x1=0x80004118
       13185000	      1317	00000000	00000013	addi	x0,x0,0	  x0:0x00000000
       13195000	      1318	800040e4	00000013	addi	x0,x0,0	  x0:0x00000000
       13205000	      1319	800040e8	024000ef	jal	x1,800040e8	  x1=0x800040e8
       13215000	      1320	00000000	00000013	addi	x0,x0,0	  x0:0x00000000
       13225000	      1321	80004108	00000013	addi	x0,x0,0	  x0:0x00000000
       13235000	      1322	8000410c	ff5ff0ef	jal	x1,8000410c	  x1=0x8000410c
       13245000	      1323	00000000	00000013	addi	x0,x0,0	  x0:0x00000000
       13255000	      1324	800040fc	00000013	addi	x0,x0,0	  x0:0x00000000
       13265000	      1325	80004100	fedff36f	jal	x6,80004100	  x6=0x80004100
       13275000	      1326	00000000	00000013	addi	x0,x0,0	  x0:0x00000000
       13285000	      1327	800040e8	00000013	addi	x0,x0,0	  x0:0x00000000
       13295000	      1328	800040ec	0340036f	jal	x6,800040ec	  x6=0x800040ec
       13305000	      1329	00000000	00000013	addi	x0,x0,0	  x0:0x00000000
       13315000	      1330	8000411c	00000013	addi	x0,x0,0	  x0:0x00000000
       13325000	      1331	80004120	fd1ff0ef	jal	x1,80004120	  x1=0x80004120
       13335000	      1332	00000000	00000013	addi	x0,x0,0	  x0:0x00000000
       13345000	      1333	800040ec	00000013	addi	x0,x0,0	  x0:0x00000000
       13355000	      1334	800040f0	044000ef	jal	x1,800040f0	  x1=0x800040f0
       13365000	      1335	00000000	00000013	addi	x0,x0,0	  x0:0x00000000
       13375000	      1336	80004130	00000013	addi	x0,x0,0	  x0:0x00000000
       13385000	      1337	80004134	fbbeca13	xori	x20,x29,-69	 x29:0x00000000 x20=0xffffffbb
       13395000	      1338	80004138	03c00fef	jal	x31,80004138	 x31=0x80004138
       13405000	      1339	00000000	00000013	addi	x0,x0,0	  x0:0x00000000
       13415000	      1340	80004170	00000013	addi	x0,x0,0	  x0:0x00000000
       13425000	      1341	80004174	ff1ff16f	jal	x2,80004174	  x2=0x80004174
       13435000	      1342	00000000	00000013	addi	x0,x0,0	  x0:0x00000000
       13445000	      1343	80004160	00000013	addi	x0,x0,0	  x0:0x00000000
       13455000	      1344	80004164	0180036f	jal	x6,80004164	  x6=0x80004164
       13465000	      1345	00000000	00000013	addi	x0,x0,0	  x0:0x00000000
       13475000	      1346	80004178	00000013	addi	x0,x0,0	  x0:0x00000000
       13485000	      1347	8000417c	fd1ff0ef	jal	x1,8000417c	  x1=0x8000417c
       13495000	      1348	00000000	00000013	addi	x0,x0,0	  x0:0x00000000
       13505000	      1349	80004148	00000013	addi	x0,x0,0	  x0:0x00000000
       13515000	      1350	8000414c	03c000ef	jal	x1,8000414c	  x1=0x8000414c
       13525000	      1351	00000000	00000013	addi	x0,x0,0	  x0:0x00000000
       13535000	      1352	80004184	00000013	addi	x0,x0,0	  x0:0x00000000
       13545000	      1353	80004188	fbdff0ef	jal	x1,80004188	  x1=0x80004188
       13555000	      1354	00000000	00000013	addi	x0,x0,0	  x0:0x00000000
       13565000	      1355	80004140	00000013	addi	x0,x0,0	  x0:0x00000000
       13575000	      1356	80004144	034000ef	jal	x1,80004144	  x1=0x80004144
       13585000	      1357	00000000	00000013	addi	x0,x0,0	  x0:0x00000000
       13595000	      1358	80004174	00000013	addi	x0,x0,0	  x0:0x00000000
       13605000	      1359	80004178	fe9ff5ef	jal	x11,80004178	 x11=0x80004178
       13615000	      1360	00000000	00000013	addi	x0,x0,0	  x0:0x00000000
       13625000	      1361	8000415c	00000013	addi	x0,x0,0	  x0:0x00000000
       13635000	      1362	80004160	024000ef	jal	x1,80004160	  x1=0x80004160
       13645000	      1363	00000000	00000013	addi	x0,x0,0	  x0:0x00000000
       13655000	      1364	80004180	00000013	addi	x0,x0,0	  x0:0x00000000
       13665000	      1365	80004184	fcdff0ef	jal	x1,80004184	  x1=0x80004184
       13675000	      1366	00000000	00000013	addi	x0,x0,0	  x0:0x00000000
       13685000	      1367	8000414c	00000013	addi	x0,x0,0	  x0:0x00000000
       13695000	      1368	80004150	020000ef	jal	x1,80004150	  x1=0x80004150
       13705000	      1369	00000000	00000013	addi	x0,x0,0	  x0:0x00000000
       13715000	      1370	8000416c	00000013	addi	x0,x0,0	  x0:0x00000000
       13725000	      1371	80004170	ff9ff46f	jal	x8,80004170	  x8=0x80004170
       13735000	      1372	00000000	00000013	addi	x0,x0,0	  x0:0x00000000
       13745000	      1373	80004164	00000013	addi	x0,x0,0	  x0:0x00000000
       13755000	      1374	80004168	0040096f	jal	x18,80004168	 x18=0x80004168
       13765000	      1375	00000000	00000013	addi	x0,x0,0	  x0:0x00000000
       13775000	      1376	80004168	00000013	addi	x0,x0,0	  x0:0x00000000
       13785000	      1377	8000416c	fe9ff0ef	jal	x1,8000416c	  x1=0x8000416c
       13795000	      1378	00000000	00000013	addi	x0,x0,0	  x0:0x00000000
       13805000	      1379	80004150	00000013	addi	x0,x0,0	  x0:0x00000000
       13815000	      1380	80004154	004009ef	jal	x19,80004154	 x19=0x80004154
       13825000	      1381	00000000	00000013	addi	x0,x0,0	  x0:0x00000000
       13835000	      1382	80004154	00000013	addi	x0,x0,0	  x0:0x00000000
       13845000	      1383	80004158	fe5ff0ef	jal	x1,80004158	  x1=0x80004158
       13855000	      1384	00000000	00000013	addi	x0,x0,0	  x0:0x00000000
       13865000	      1385	80004138	00000013	addi	x0,x0,0	  x0:0x00000000
       13875000	      1386	8000413c	044000ef	jal	x1,8000413c	  x1=0x8000413c
       13885000	      1387	00000000	00000013	addi	x0,x0,0	  x0:0x00000000
       13895000	      1388	8000417c	00000013	addi	x0,x0,0	  x0:0x00000000
       13905000	      1389	80004180	fc1ff0ef	jal	x1,80004180	  x1=0x80004180
       13915000	      1390	00000000	00000013	addi	x0,x0,0	  x0:0x00000000
       13925000	      1391	8000413c	00000013	addi	x0,x0,0	  x0:0x00000000
       13935000	      1392	80004140	01c001ef	jal	x3,80004140	  x3=0x80004140
       13945000	      1393	00000000	00000013	addi	x0,x0,0	  x0:0x00000000
       13955000	      1394	80004158	00000013	addi	x0,x0,0	  x0:0x00000000
       13965000	      1395	8000415c	fedff36f	jal	x6,8000415c	  x6=0x8000415c
       13975000	      1396	00000000	00000013	addi	x0,x0,0	  x0:0x00000000
       13985000	      1397	80004144	00000013	addi	x0,x0,0	  x0:0x00000000
       13995000	      1398	80004148	0440036f	jal	x6,80004148	  x6=0x80004148
       14005000	      1399	00000000	00000013	addi	x0,x0,0	  x0:0x00000000
       14015000	      1400	80004188	00000013	addi	x0,x0,0	  x0:0x00000000
       14025000	      1401	8000418c	fac27f93	andi	x31,x4,-84	  x4:0x00000000 x31=0x00000000
       14035000	      1402	80004190	04000fef	jal	x31,80004190	 x31=0x80004190
       14045000	      1403	00000000	00000013	addi	x0,x0,0	  x0:0x00000000
       14055000	      1404	800041cc	00000013	addi	x0,x0,0	  x0:0x00000000
       14065000	      1405	800041d0	004007ef	jal	x15,800041d0	 x15=0x800041d0
       14075000	      1406	00000000	00000013	addi	x0,x0,0	  x0:0x00000000
       14085000	      1407	800041d0	00000013	addi	x0,x0,0	  x0:0x00000000
       14095000	      1408	800041d4	ff1ffcef	jal	x25,800041d4	 x25=0x800041d4
       14105000	      1409	00000000	00000013	addi	x0,x0,0	  x0:0x00000000
       14115000	      1410	800041c0	00000013	addi	x0,x0,0	  x0:0x00000000
       14125000	      1411	800041c4	03c000ef	jal	x1,800041c4	  x1=0x800041c4
       14135000	      1412	00000000	00000013	addi	x0,x0,0	  x0:0x00000000
       14145000	      1413	800041fc	00000013	addi	x0,x0,0	  x0:0x00000000
       14155000	      1414	80004200	fcdff0ef	jal	x1,80004200	  x1=0x80004200
       14165000	      1415	00000000	00000013	addi	x0,x0,0	  x0:0x00000000
       14175000	      1416	800041c8	00000013	addi	x0,x0,0	  x0:0x00000000
       14185000	      1417	800041cc	fddffdef	jal	x27,800041cc	 x27=0x800041cc
       14195000	      1418	00000000	00000013	addi	x0,x0,0	  x0:0x00000000
       14205000	      1419	800041a4	00000013	addi	x0,x0,0	  x0:0x00000000
       14215000	      1420	800041a8	ff5ff0ef	jal	x1,800041a8	  x1=0x800041a8
       14225000	      1421	00000000	00000013	addi	x0,x0,0	  x0:0x00000000
       14235000	      1422	80004198	00000013	addi	x0,x0,0	  x0:0x00000000
       14245000	      1423	8000419c	02c000ef	jal	x1,8000419c	  x1=0x8000419c
       14255000	      1424	00000000	00000013	addi	x0,x0,0	  x0:0x00000000
       14265000	      1425	800041c4	00000013	addi	x0,x0,0	  x0:0x00000000
       14275000	      1426	800041c8	fddff36f	jal	x6,800041c8	  x6=0x800041c8
       14285000	      1427	00000000	00000013	addi	x0,x0,0	  x0:0x00000000
       14295000	      1428	800041a0	00000013	addi	x0,x0,0	  x0:0x00000000
       14305000	      1429	800041a4	04c0036f	jal	x6,800041a4	  x6=0x800041a4
       14315000	      1430	00000000	00000013	addi	x0,x0,0	  x0:0x00000000
       14325000	      1431	800041ec	00000013	addi	x0,x0,0	  x0:0x00000000
       14335000	      1432	800041f0	00c00e6f	jal	x28,800041f0	 x28=0x800041f0
       14345000	      1433	00000000	00000013	addi	x0,x0,0	  x0:0x00000000
       14355000	      1434	800041f8	00000013	addi	x0,x0,0	  x0:0x00000000
       14365000	      1435	800041fc	fa5ff0ef	jal	x1,800041fc	  x1=0x800041fc
       14375000	      1436	00000000	00000013	addi	x0,x0,0	  x0:0x00000000
       14385000	      1437	8000419c	00000013	addi	x0,x0,0	  x0:0x00000000
       14395000	      1438	800041a0	044000ef	jal	x1,800041a0	  x1=0x800041a0
       14405000	      1439	00000000	00000013	addi	x0,x0,0	  x0:0x00000000
       14415000	      1440	800041e0	00000013	addi	x0,x0,0	  x0:0x00000000
       14425000	      1441	800041e4	fc9ff9ef	jal	x19,800041e4	 x19=0x800041e4
       14435000	      1442	00000000	00000013	addi	x0,x0,0	  x0:0x00000000
       14445000	      1443	800041a8	00000013	addi	x0,x0,0	  x0:0x00000000
       14455000	      1444	800041ac	00c0036f	jal	x6,800041ac	  x6=0x800041ac
       14465000	      1445	00000000	00000013	addi	x0,x0,0	  x0:0x00000000
       14475000	      1446	800041b4	00000013	addi	x0,x0,0	  x0:0x00000000
       14485000	      1447	800041b8	028000ef	jal	x1,800041b8	  x1=0x800041b8
       14495000	      1448	00000000	00000013	addi	x0,x0,0	  x0:0x00000000
       14505000	      1449	800041dc	00000013	addi	x0,x0,0	  x0:0x00000000
       14515000	      1450	800041e0	fd5ff0ef	jal	x1,800041e0	  x1=0x800041e0
       14525000	      1451	00000000	00000013	addi	x0,x0,0	  x0:0x00000000
       14535000	      1452	800041b0	00000013	addi	x0,x0,0	  x0:0x00000000
       14545000	      1453	800041b4	0440036f	jal	x6,800041b4	  x6=0x800041b4
       14555000	      1454	00000000	00000013	addi	x0,x0,0	  x0:0x00000000
       14565000	      1455	800041f4	00000013	addi	x0,x0,0	  x0:0x00000000
       14575000	      1456	800041f8	fc5ff0ef	jal	x1,800041f8	  x1=0x800041f8
       14585000	      1457	00000000	00000013	addi	x0,x0,0	  x0:0x00000000
       14595000	      1458	800041b8	00000013	addi	x0,x0,0	  x0:0x00000000
       14605000	      1459	800041bc	0380026f	jal	x4,800041bc	  x4=0x800041bc
       14615000	      1460	00000000	00000013	addi	x0,x0,0	  x0:0x00000000
       14625000	      1461	800041f0	00000013	addi	x0,x0,0	  x0:0x00000000
       14635000	      1462	800041f4	014000ef	jal	x1,800041f4	  x1=0x800041f4
       14645000	      1463	00000000	00000013	addi	x0,x0,0	  x0:0x00000000
       14655000	      1464	80004204	00000013	addi	x0,x0,0	  x0:0x00000000
       14665000	      1465	80004208	f91ffdef	jal	x27,80004208	 x27=0x80004208
       14675000	      1466	00000000	00000013	addi	x0,x0,0	  x0:0x00000000
       14685000	      1467	80004194	00000013	addi	x0,x0,0	  x0:0x00000000
       14695000	      1468	80004198	0440036f	jal	x6,80004198	  x6=0x80004198
       14705000	      1469	00000000	00000013	addi	x0,x0,0	  x0:0x00000000
       14715000	      1470	800041d8	00000013	addi	x0,x0,0	  x0:0x00000000
       14725000	      1471	800041dc	fe5ff0ef	jal	x1,800041dc	  x1=0x800041dc
       14735000	      1472	00000000	00000013	addi	x0,x0,0	  x0:0x00000000
       14745000	      1473	800041bc	00000013	addi	x0,x0,0	  x0:0x00000000
       14755000	      1474	800041c0	028000ef	jal	x1,800041c0	  x1=0x800041c0
       14765000	      1475	00000000	00000013	addi	x0,x0,0	  x0:0x00000000
       14775000	      1476	800041e4	00000013	addi	x0,x0,0	  x0:0x00000000
       14785000	      1477	800041e8	fadff66f	jal	x12,800041e8	 x12=0x800041e8
       14795000	      1478	00000000	00000013	addi	x0,x0,0	  x0:0x00000000
       14805000	      1479	80004190	00000013	addi	x0,x0,0	  x0:0x00000000
       14815000	      1480	80004194	01c008ef	jal	x17,80004194	 x17=0x80004194
       14825000	      1481	00000000	00000013	addi	x0,x0,0	  x0:0x00000000
       14835000	      1482	800041ac	00000013	addi	x0,x0,0	  x0:0x00000000
       14845000	      1483	800041b0	0280036f	jal	x6,800041b0	  x6=0x800041b0
       14855000	      1484	00000000	00000013	addi	x0,x0,0	  x0:0x00000000
       14865000	      1485	800041d4	00000013	addi	x0,x0,0	  x0:0x00000000
       14875000	      1486	800041d8	02c003ef	jal	x7,800041d8	  x7=0x800041d8
       14885000	      1487	00000000	00000013	addi	x0,x0,0	  x0:0x00000000
       14895000	      1488	80004200	00000013	addi	x0,x0,0	  x0:0x00000000
       14905000	      1489	80004204	fe9ff0ef	jal	x1,80004204	  x1=0x80004204
       14915000	      1490	00000000	00000013	addi	x0,x0,0	  x0:0x00000000
       14925000	      1491	800041e8	00000013	addi	x0,x0,0	  x0:0x00000000
       14935000	      1492	800041ec	020000ef	jal	x1,800041ec	  x1=0x800041ec
       14945000	      1493	00000000	00000013	addi	x0,x0,0	  x0:0x00000000
       14955000	      1494	80004208	00000013	addi	x0,x0,0	  x0:0x00000000
       14965000	      1495	8000420c	01b9d1b3	srl	x3,x19,x27	 x19:0x800041e4 x27:0x80004208  x3=0x00800041
       14975000	      1496	80004210	01c00fef	jal	x31,80004210	 x31=0x80004210
       14985000	      1497	00000000	00000013	addi	x0,x0,0	  x0:0x00000000
       14995000	      1498	80004228	00000013	addi	x0,x0,0	  x0:0x00000000
       15005000	      1499	8000422c	ffdff36f	jal	x6,8000422c	  x6=0x8000422c
       15015000	      1500	00000000	00000013	addi	x0,x0,0	  x0:0x00000000
       15025000	      1501	80004224	00000013	addi	x0,x0,0	  x0:0x00000000
       15035000	      1502	80004228	024000ef	jal	x1,80004228	  x1=0x80004228
       15045000	      1503	00000000	00000013	addi	x0,x0,0	  x0:0x00000000
       15055000	      1504	80004248	00000013	addi	x0,x0,0	  x0:0x00000000
       15065000	      1505	8000424c	fd5ff1ef	jal	x3,8000424c	  x3=0x8000424c
       15075000	      1506	00000000	00000013	addi	x0,x0,0	  x0:0x00000000
       15085000	      1507	8000421c	00000013	addi	x0,x0,0	  x0:0x00000000
       15095000	      1508	80004220	ff5ff0ef	jal	x1,80004220	  x1=0x80004220
       15105000	      1509	00000000	00000013	addi	x0,x0,0	  x0:0x00000000
       15115000	      1510	80004210	00000013	addi	x0,x0,0	  x0:0x00000000
       15125000	      1511	80004214	04400b6f	jal	x22,80004214	 x22=0x80004214
       15135000	      1512	00000000	00000013	addi	x0,x0,0	  x0:0x00000000
       15145000	      1513	80004254	00000013	addi	x0,x0,0	  x0:0x00000000
       15155000	      1514	80004258	fddff5ef	jal	x11,80004258	 x11=0x80004258
       15165000	      1515	00000000	00000013	addi	x0,x0,0	  x0:0x00000000
       15175000	      1516	80004230	00000013	addi	x0,x0,0	  x0:0x00000000
       15185000	      1517	80004234	01c0036f	jal	x6,80004234	  x6=0x80004234
       15195000	      1518	00000000	00000013	addi	x0,x0,0	  x0:0x00000000
       15205000	      1519	8000424c	00000013	addi	x0,x0,0	  x0:0x00000000
       15215000	      1520	80004250	fd5ff0ef	jal	x1,80004250	  x1=0x80004250
       15225000	      1521	00000000	00000013	addi	x0,x0,0	  x0:0x00000000
       15235000	      1522	80004220	00000013	addi	x0,x0,0	  x0:0x00000000
       15245000	      1523	80004224	03800c6f	jal	x24,80004224	 x24=0x80004224
       15255000	      1524	00000000	00000013	addi	x0,x0,0	  x0:0x00000000
       15265000	      1525	80004258	00000013	addi	x0,x0,0	  x0:0x00000000
       15275000	      1526	8000425c	fe1ff26f	jal	x4,8000425c	  x4=0x8000425c
       15285000	      1527	00000000	00000013	addi	x0,x0,0	  x0:0x00000000
       15295000	      1528	80004238	00000013	addi	x0,x0,0	  x0:0x00000000
       15305000	      1529	8000423c	fe1ff2ef	jal	x5,8000423c	  x5=0x8000423c
       15315000	      1530	00000000	00000013	addi	x0,x0,0	  x0:0x00000000
       15325000	      1531	80004218	00000013	addi	x0,x0,0	  x0:0x00000000
       15335000	      1532	8000421c	014000ef	jal	x1,8000421c	  x1=0x8000421c
       15345000	      1533	00000000	00000013	addi	x0,x0,0	  x0:0x00000000
       15355000	      1534	8000422c	00000013	addi	x0,x0,0	  x0:0x00000000
       15365000	      1535	80004230	024000ef	jal	x1,80004230	  x1=0x80004230
       15375000	      1536	00000000	00000013	addi	x0,x0,0	  x0:0x00000000
       15385000	      1537	80004250	00000013	addi	x0,x0,0	  x0:0x00000000
       15395000	      1538	80004254	00c000ef	jal	x1,80004254	  x1=0x80004254
       15405000	      1539	00000000	00000013	addi	x0,x0,0	  x0:0x00000000
       15415000	      1540	8000425c	00000013	addi	x0,x0,0	  x0:0x00000000
       15425000	      1541	80004260	fe5ff36f	jal	x6,80004260	  x6=0x80004260
       15435000	      1542	00000000	00000013	addi	x0,x0,0	  x0:0x00000000
       15445000	      1543	80004240	00000013	addi	x0,x0,0	  x0:0x00000000
       15455000	      1544	80004244	004000ef	jal	x1,80004244	  x1=0x80004244
       15465000	      1545	00000000	00000013	addi	x0,x0,0	  x0:0x00000000
       15475000	      1546	80004244	00000013	addi	x0,x0,0	  x0:0x00000000
       15485000	      1547	80004248	ff9ff0ef	jal	x1,80004248	  x1=0x80004248
       15495000	      1548	00000000	00000013	addi	x0,x0,0	  x0:0x00000000
       15505000	      1549	8000423c	00000013	addi	x0,x0,0	  x0:0x00000000
       15515000	      1550	80004240	ff9ff16f	jal	x2,80004240	  x2=0x80004240
       15525000	      1551	00000000	00000013	addi	x0,x0,0	  x0:0x00000000
       15535000	      1552	80004234	00000013	addi	x0,x0,0	  x0:0x00000000
       15545000	      1553	80004238	fe1ff0ef	jal	x1,80004238	  x1=0x80004238
       15555000	      1554	00000000	00000013	addi	x0,x0,0	  x0:0x00000000
       15565000	      1555	80004214	00000013	addi	x0,x0,0	  x0:0x00000000
       15575000	      1556	80004218	04c000ef	jal	x1,80004218	  x1=0x80004218
       15585000	      1557	00000000	00000013	addi	x0,x0,0	  x0:0x00000000
       15595000	      1558	80004260	00000013	addi	x0,x0,0	  x0:0x00000000
       15605000	      1559	80004264	009c9133	sll	x2,x25,x9	 x25:0x800041d4  x9:0x00000010  x2=0x41d40000
       15615000	      1560	80004268	01566c33	or	x24,x12,x21	 x12:0x800041e8 x21:0x00000000 x24=0x800041e8
       15625000	      1561	8000426c	403fd613	srai	x12,x31,0x3	 x31:0x80004210 x12=0xf0000842
       15635000	      1562	80004270	05d44263	blt	x8,x29,800042b4	  x8:0x80004170 x29:0x00000000
       15645000	      1563	00000000	00000013	addi	x0,x0,0	  x0:0x00000000
       15655000	      1564	800042b0	00000013	addi	x0,x0,0	  x0:0x00000000
       15665000	      1565	800042b4	86ade4b7	lui	x9,0x86ade	  x9=0x86ade000
       15675000	      1566	800042b8	013cc333	xor	x6,x25,x19	 x25:0x800041d4 x19:0x800041e4  x6=0x00000030
       15685000	      1567	800042bc	6fa0e293	ori	x5,x1,1786	  x1:0x80004218  x5=0x800046fa
       15695000	      1568	800042c0	0598e263	bltu	x17,x25,80004304	 x17:0x80004194 x25:0x800041d4
       15705000	      1569	00000000	00000013	addi	x0,x0,0	  x0:0x00000000
       15715000	      1570	80004300	00000013	addi	x0,x0,0	  x0:0x00000000
       15725000	      1571	80004304	6c576d97	auipc	x27,0x6c576	 x27=0xec57a300
       15735000	      1572	80004308	27093393	sltiu	x7,x18,624	 x18:0x80004168  x7=0x00000000
       15745000	      1573	8000430c	2803ea93	ori	x21,x7,640	  x7:0x00000000 x21=0x00000280
       15755000	      1574	80004310	8bcd7993	andi	x19,x26,-1860	 x26:0x80009f60 x19=0x80009820
       15765000	      1575	80004314	1ef00913	addi	x18,x0,495	  x0:0x00000000 x18=0x000001ef
       15775000	      1576	80004318	59a9c893	xori	x17,x19,1434	 x19:0x80009820 x17=0x80009dba
       15785000	      1577	8000431c	005f5713	srli	x14,x30,0x5	 x30:0x80004070 x14=0x04000203
       15795000	      1578	80004320	005167b3	or	x15,x2,x5	  x2:0x41d40000  x5:0x800046fa x15=0xc1d446fa
       15805000	      1579	80004324	00000013	addi	x0,x0,0	  x0:0x00000000
       15815000	      1580	80004328	007d1413	slli	x8,x26,0x7	 x26:0x80009f60  x8=0x004fb000
       15825000	      1581	8000432c	b4978193	addi	x3,x15,-1207	 x15:0xc1d446fa  x3=0xc1d44243
       15835000	      1582	80004330	00000013	addi	x0,x0,0	  x0:0x00000000
       15845000	      1583	80004334	001194b3	sll	x9,x3,x1	  x3:0xc1d44243  x1:0x80004218  x9=0x43000000
       15855000	      1584	80004338	03339663	bne	x7,x19,80004364	  x7:0x00000000 x19:0x80009820
       15865000	      1585	00000000	00000013	addi	x0,x0,0	  x0:0x00000000
       15875000	      1586	80004360	00000013	addi	x0,x0,0	  x0:0x00000000
       15885000	      1587	80004364	32f7ee13	ori	x28,x15,815	 x15:0xc1d446fa x28=0xc1d447ff
       15895000	      1588	80004368	00e84bb3	xor	x23,x16,x14	 x16:0x00000001 x14:0x04000203 x23=0x04000202
       15905000	      1589	8000436c	03c00fef	jal	x31,8000436c	 x31=0x8000436c
       15915000	      1590	00000000	00000013	addi	x0,x0,0	  x0:0x00000000
       15925000	      1591	800043a4	00000013	addi	x0,x0,0	  x0:0x00000000
       15935000	      1592	800043a8	ffdff36f	jal	x6,800043a8	  x6=0x800043a8
       15945000	      1593	00000000	00000013	addi	x0,x0,0	  x0:0x00000000
       15955000	      1594	800043a0	00000013	addi	x0,x0,0	  x0:0x00000000
       15965000	      1595	800043a4	fcdff0ef	jal	x1,800043a4	  x1=0x800043a4
       15975000	      1596	00000000	00000013	addi	x0,x0,0	  x0:0x00000000
       15985000	      1597	8000436c	00000013	addi	x0,x0,0	  x0:0x00000000
       15995000	      1598	80004370	014000ef	jal	x1,80004370	  x1=0x80004370
       16005000	      1599	00000000	00000013	addi	x0,x0,0	  x0:0x00000000
       16015000	      1600	80004380	00000013	addi	x0,x0,0	  x0:0x00000000
       16025000	      1601	80004384	02c000ef	jal	x1,80004384	  x1=0x80004384
       16035000	      1602	00000000	00000013	addi	x0,x0,0	  x0:0x00000000
       16045000	      1603	800043ac	00000013	addi	x0,x0,0	  x0:0x00000000
       16055000	      1604	800043b0	fddff36f	jal	x6,800043b0	  x6=0x800043b0
       16065000	      1605	00000000	00000013	addi	x0,x0,0	  x0:0x00000000
       16075000	      1606	80004388	00000013	addi	x0,x0,0	  x0:0x00000000
       16085000	      1607	8000438c	020001ef	jal	x3,8000438c	  x3=0x8000438c
       16095000	      1608	00000000	00000013	addi	x0,x0,0	  x0:0x00000000
       16105000	      1609	800043a8	00000013	addi	x0,x0,0	  x0:0x00000000
       16115000	      1610	800043ac	fc9ff36f	jal	x6,800043ac	  x6=0x800043ac
       16125000	      1611	00000000	00000013	addi	x0,x0,0	  x0:0x00000000
       16135000	      1612	80004370	00000013	addi	x0,x0,0	  x0:0x00000000
       16145000	      1613	80004374	01c008ef	jal	x17,80004374	 x17=0x80004374
       16155000	      1614	00000000	00000013	addi	x0,x0,0	  x0:0x00000000
       16165000	      1615	8000438c	00000013	addi	x0,x0,0	  x0:0x00000000
       16175000	      1616	80004390	ff9ff0ef	jal	x1,80004390	  x1=0x80004390
       16185000	      1617	00000000	00000013	addi	x0,x0,0	  x0:0x00000000
       16195000	      1618	80004384	00000013	addi	x0,x0,0	  x0:0x00000000
       16205000	      1619	80004388	018000ef	jal	x1,80004388	  x1=0x80004388
       16215000	      1620	00000000	00000013	addi	x0,x0,0	  x0:0x00000000
       16225000	      1621	8000439c	00000013	addi	x0,x0,0	  x0:0x00000000
       16235000	      1622	800043a0	ffdff26f	jal	x4,800043a0	  x4=0x800043a0
       16245000	      1623	00000000	00000013	addi	x0,x0,0	  x0:0x00000000
       16255000	      1624	80004398	00000013	addi	x0,x0,0	  x0:0x00000000
       16265000	      1625	8000439c	0180016f	jal	x2,8000439c	  x2=0x8000439c
       16275000	      1626	00000000	00000013	addi	x0,x0,0	  x0:0x00000000
       16285000	      1627	800043b0	00000013	addi	x0,x0,0	  x0:0x00000000
       16295000	      1628	800043b4	fc9ff0ef	jal	x1,800043b4	  x1=0x800043b4
       16305000	      1629	00000000	00000013	addi	x0,x0,0	  x0:0x00000000
       16315000	      1630	80004378	00000013	addi	x0,x0,0	  x0:0x00000000
       16325000	      1631	8000437c	004000ef	jal	x1,8000437c	  x1=0x8000437c
       16335000	      1632	00000000	00000013	addi	x0,x0,0	  x0:0x00000000
       16345000	      1633	8000437c	00000013	addi	x0,x0,0	  x0:0x00000000
       16355000	      1634	80004380	0180066f	jal	x12,80004380	 x12=0x80004380
       16365000	      1635	00000000	00000013	addi	x0,x0,0	  x0:0x00000000
       16375000	      1636	80004394	00000013	addi	x0,x0,0	  x0:0x00000000
       16385000	      1637	80004398	ffdff36f	jal	x6,80004398	  x6=0x80004398
       16395000	      1638	00000000	00000013	addi	x0,x0,0	  x0:0x00000000
       16405000	      1639	80004390	00000013	addi	x0,x0,0	  x0:0x00000000
       16415000	      1640	80004394	fe5fffef	jal	x31,80004394	 x31=0x80004394
       16425000	      1641	00000000	00000013	addi	x0,x0,0	  x0:0x00000000
       16435000	      1642	80004374	00000013	addi	x0,x0,0	  x0:0x00000000
       16445000	      1643	80004378	0400016f	jal	x2,80004378	  x2=0x80004378
       16455000	      1644	00000000	00000013	addi	x0,x0,0	  x0:0x00000000
       16465000	      1645	800043b4	00000013	addi	x0,x0,0	  x0:0x00000000
       16475000	      1646	800043b8	011eabb3	slt	x23,x29,x17	 x29:0x00000000 x17:0x80004374 x23=0x00000000
       16485000	      1647	800043bc	010a52b3	srl	x5,x20,x16	 x20:0xffffffbb x16:0x00000001  x5=0x7fffffdd
       16495000	      1648	800043c0	0217de63	bge	x15,x1,800043fc	 x15:0xc1d446fa  x1:0x8000437c
       16505000	      1649	00000000	00000013	addi	x0,x0,0	  x0:0x00000000
       16515000	      1650	800043f8	00000013	addi	x0,x0,0	  x0:0x00000000
       16525000	      1651	800043fc	0153da63	bge	x7,x21,80004410	  x7:0x00000000 x21:0x00000280
       16535000	      1652	80004400	016fabb3	slt	x23,x31,x22	 x31:0x80004394 x22:0x80004214 x23=0x00000000
       16545000	      1653	80004404	029b0263	beq	x22,x9,80004428	 x22:0x80004214  x9:0x43000000
       16555000	      1654	80004408	00b711b3	sll	x3,x14,x11	 x14:0x04000203 x11:0x80004258  x3=0x03000000
       16565000	      1655	8000440c	01feffb3	and	x31,x29,x31	 x29:0x00000000 x31:0x80004394 x31=0x00000000
       16575000	      1656	80004410	00000013	addi	x0,x0,0	  x0:0x00000000
       16585000	      1657	80004414	01efdb33	srl	x22,x31,x30	 x31:0x00000000 x30:0x80004070 x22=0x00000000
       16595000	      1658	80004418	01a842b3	xor	x5,x16,x26	 x16:0x00000001 x26:0x80009f60  x5=0x80009f61
       16605000	      1659	8000441c	0040b933	sltu	x18,x1,x4	  x1:0x8000437c  x4:0x800043a0 x18=0x00000001
       16615000	      1660	80004420	af196493	ori	x9,x18,-1295	 x18:0x00000001  x9=0xfffffaf1
       16625000	      1661	80004424	40acd213	srai	x4,x25,0xa	 x25:0x800041d4  x4=0xffe00010
       16635000	      1662	80004428	01e75833	srl	x16,x14,x30	 x14:0x04000203 x30:0x80004070 x16=0x00000400
       16645000	      1663	8000442c	02d6f863	bgeu	x13,x13,8000445c	 x13:0x80009fc4 x13:0x80009fc4
       16655000	      1664	00000000	00000013	addi	x0,x0,0	  x0:0x00000000
       16665000	      1665	80004458	00000013	addi	x0,x0,0	  x0:0x00000000
       16675000	      1666	8000445c	70f73593	sltiu	x11,x14,1807	 x14:0x04000203 x11=0x00000000
       16685000	      1667	80004460	b44ac313	xori	x6,x21,-1212	 x21:0x00000280  x6=0xfffff9c4
       16695000	      1668	80004464	008f1013	slli	x0,x30,0x8	 x30:0x80004070
       16705000	      1669	80004468	7dcf0c93	addi	x25,x30,2012	 x30:0x80004070 x25=0x8000484c
       16715000	      1670	8000446c	0062ffb3	and	x31,x5,x6	  x5:0x80009f61  x6:0xfffff9c4 x31=0x80009940
       16725000	      1671	80004470	6cfee813	ori	x16,x29,1743	 x29:0x00000000 x16=0x000006cf
       16735000	      1672	80004474	005d7a63	bgeu	x26,x5,80004488	 x26:0x80009f60  x5:0x80009f61
       16745000	      1673	80004478	018d7833	and	x16,x26,x24	 x26:0x80009f60 x24:0x800041e8 x16=0x80000160
       16755000	      1674	8000447c	019f5293	srli	x5,x30,0x19	 x30:0x80004070  x5=0x00000040
       16765000	      1675	80004480	00041833	sll	x16,x8,x0	  x8:0x004fb000  x0:0x00000000 x16=0x004fb000
       16775000	      1676	80004484	71607793	andi	x15,x0,1814	  x0:0x00000000 x15=0x00000000
       16785000	      1677	80004488	0ecf9017	auipc	x0,0xecf9	
       16795000	      1678	8000448c	00cfe0b3	or	x1,x31,x12	 x31:0x80009940 x12:0x80004380  x1=0x8000dbc0
       16805000	      1679	80004490	0311e063	bltu	x3,x17,800044b0	  x3:0x03000000 x17:0x80004374
       16815000	      1680	00000000	00000013	addi	x0,x0,0	  x0:0x00000000
       16825000	      1681	800044ac	00000013	addi	x0,x0,0	  x0:0x00000000
       16835000	      1682	800044b0	a98bc613	xori	x12,x23,-1384	 x23:0x00000000 x12=0xfffffa98
       16845000	      1683	800044b4	00a9af33	slt	x30,x19,x10	 x19:0x80009820 x10:0xf7615972 x30=0x00000001
       16855000	      1684	800044b8	41888133	sub	x2,x17,x24	 x17:0x80004374 x24:0x800041e8  x2=0x0000018c
       16865000	      1685	800044bc	35a67317	auipc	x6,0x35a67	  x6=0xb5a6b4b8
       16875000	      1686	800044c0	010c1663	bne	x24,x16,800044cc	 x24:0x800041e8 x16:0x004fb000
       16885000	      1687	00000000	00000013	addi	x0,x0,0	  x0:0x00000000
       16895000	      1688	800044c8	00000013	addi	x0,x0,0	  x0:0x00000000
       16905000	      1689	800044cc	f843f3b7	lui	x7,0xf843f	  x7=0xf843f000
       16915000	      1690	800044d0	0144ceb3	xor	x29,x9,x20	  x9:0xfffffaf1 x20:0xffffffbb x29=0x0000054a
       16925000	      1691	800044d4	01f6bf33	sltu	x30,x13,x31	 x13:0x80009fc4 x31:0x80009940 x30=0x00000000
       16935000	      1692	800044d8	37143093	sltiu	x1,x8,881	  x8:0x004fb000  x1=0x00000000
       16945000	      1693	800044dc	41e685b3	sub	x11,x13,x30	 x13:0x80009fc4 x30:0x00000000 x11=0x80009fc4
       16955000	      1694	800044e0	629d4a37	lui	x20,0x629d4	 x20=0x629d4000
       16965000	      1695	800044e4	00000013	addi	x0,x0,0	  x0:0x00000000
       16975000	      1696	800044e8	026cd463	bge	x25,x6,80004510	 x25:0x8000484c  x6:0xb5a6b4b8
       16985000	      1697	800044ec	ab1ec893	xori	x17,x29,-1359	 x29:0x0000054a x17=0xfffffffb
       16995000	      1698	800044f0	40bd5eb3	sra	x29,x26,x11	 x26:0x80009f60 x11:0x80009fc4 x29=0xf80009f6
       17005000	      1699	800044f4	01971e33	sll	x28,x14,x25	 x14:0x04000203 x25:0x8000484c x28=0x00203000
       17015000	      1700	800044f8	baabc093	xori	x1,x23,-1110	 x23:0x00000000  x1=0xfffffbaa
       17025000	      1701	800044fc	21038713	addi	x14,x7,528	  x7:0xf843f000 x14=0xf843f210
       17035000	      1702	80004500	0271ce63	blt	x3,x7,8000453c	  x3:0x03000000  x7:0xf843f000
       17045000	      1703	80004504	007a6a33	or	x20,x20,x7	 x20:0x629d4000  x7:0xf843f000 x20=0xfadff000
       17055000	      1704	80004508	415b87b3	sub	x15,x23,x21	 x23:0x00000000 x21:0x00000280 x15=0xfffffd80
       17065000	      1705	8000450c	01a0eab3	or	x21,x1,x26	  x1:0xfffffbaa x26:0x80009f60 x21=0xffffffea
       17075000	      1706	80004510	01560863	beq	x12,x21,80004520	 x12:0xfffffa98 x21:0xffffffea
       17085000	      1707	80004514	38763f37	lui	x30,0x38763	 x30=0x38763000
       17095000	      1708	80004518	018ff033	and	x0,x31,x24	 x31:0x80009940 x24:0x800041e8
       17105000	      1709	8000451c	2f824213	xori	x4,x4,760	  x4:0xffe00010  x4=0xffe002e8
       17115000	      1710	80004520	d344ec13	ori	x24,x9,-716	  x9:0xfffffaf1 x24=0xfffffff5
       17125000	      1711	80004524	03238a63	beq	x7,x18,80004558	  x7:0xf843f000 x18:0x00000001
       17135000	      1712	80004528	01ba9cb3	sll	x25,x21,x27	 x21:0xffffffea x27:0xec57a300 x25=0xffffffea
       17145000	      1713	8000452c	02340863	beq	x8,x3,8000455c	  x8:0x004fb000  x3:0x03000000
       17155000	      1714	80004530	00000013	addi	x0,x0,0	  x0:0x00000000
       17165000	      1715	80004534	01620433	add	x8,x4,x22	  x4:0xffe002e8 x22:0x00000000  x8=0xffe002e8
       17175000	      1716	80004538	00e4b7b3	sltu	x15,x9,x14	  x9:0xfffffaf1 x14:0xf843f210 x15=0x00000000
       17185000	      1717	8000453c	3070e817	auipc	x16,0x3070e	 x16=0xb0712538
       17195000	      1718	80004540	0035ca63	blt	x11,x3,80004554	 x11:0x80009fc4  x3:0x03000000
       17205000	      1719	00000000	00000013	addi	x0,x0,0	  x0:0x00000000
       17215000	      1720	80004550	00000013	addi	x0,x0,0	  x0:0x00000000
       17225000	      1721	80004554	49d70313	addi	x6,x14,1181	 x14:0xf843f210  x6=0xf843f6ad
       17235000	      1722	80004558	bc0c0213	addi	x4,x24,-1088	 x24:0xfffffff5  x4=0xfffffbb5
       17245000	      1723	8000455c	04337463	bgeu	x6,x3,800045a4	  x6:0xf843f6ad  x3:0x03000000
       17255000	      1724	00000000	00000013	addi	x0,x0,0	  x0:0x00000000
       17265000	      1725	800045a0	00000013	addi	x0,x0,0	  x0:0x00000000
       17275000	      1726	800045a4	33852f93	slti	x31,x10,824	 x10:0xf7615972 x31=0x00000001
       17285000	      1727	800045a8	00478a63	beq	x15,x4,800045bc	 x15:0x00000000  x4:0xfffffbb5
       17295000	      1728	800045ac	00e8ca63	blt	x17,x14,800045c0	 x17:0xfffffffb x14:0xf843f210
       17305000	      1729	800045b0	e1aa8d93	addi	x27,x21,-486	 x21:0xffffffea x27=0xfffffe04
       17315000	      1730	800045b4	016c60b3	or	x1,x24,x22	 x24:0xfffffff5 x22:0x00000000  x1=0xfffffff5
       17325000	      1731	800045b8	20020f93	addi	x31,x4,512	  x4:0xfffffbb5 x31=0xfffffdb5
       17335000	      1732	800045bc	01cc2733	slt	x14,x24,x28	 x24:0xfffffff5 x28:0x00203000 x14=0x00000001
       17345000	      1733	800045c0	2d938b93	addi	x23,x7,729	  x7:0xf843f000 x23=0xf843f2d9
       17355000	      1734	800045c4	4159d713	srai	x14,x19,0x15	 x19:0x80009820 x14=0xfffffc00
       17365000	      1735	800045c8	00b5e433	or	x8,x11,x11	 x11:0x80009fc4 x11:0x80009fc4  x8=0x80009fc4
       17375000	      1736	800045cc	40635db3	sra	x27,x6,x6	  x6:0xf843f6ad  x6:0xf843f6ad x27=0xffffc21f
       17385000	      1737	800045d0	91025a37	lui	x20,0x91025	 x20=0x91025000
       17395000	      1738	800045d4	5ad65137	lui	x2,0x5ad65	  x2=0x5ad65000
       17405000	      1739	800045d8	ab20e913	ori	x18,x1,-1358	  x1:0xfffffff5 x18=0xfffffff7
       17415000	      1740	800045dc	02648063	beq	x9,x6,800045fc	  x9:0xfffffaf1  x6:0xf843f6ad
       17425000	      1741	800045e0	01f83733	sltu	x14,x16,x31	 x16:0xb0712538 x31:0xfffffdb5 x14=0x00000001
       17435000	      1742	800045e4	03ea6863	bltu	x20,x30,80004614	 x20:0x91025000 x30:0x38763000
       17445000	      1743	800045e8	405502b3	sub	x5,x10,x5	 x10:0xf7615972  x5:0x00000040  x5=0xf7615932
       17455000	      1744	800045ec	003de7b3	or	x15,x27,x3	 x27:0xffffc21f  x3:0x03000000 x15=0xffffc21f
       17465000	      1745	800045f0	039e9663	bne	x29,x25,8000461c	 x29:0xf80009f6 x25:0xffffffea
       17475000	      1746	00000000	00000013	addi	x0,x0,0	  x0:0x00000000
       17485000	      1747	80004618	00000013	addi	x0,x0,0	  x0:0x00000000
       17495000	      1748	8000461c	04835463	bge	x6,x8,80004664	  x6:0xf843f6ad  x8:0x80009fc4
       17505000	      1749	00000000	00000013	addi	x0,x0,0	  x0:0x00000000
       17515000	      1750	80004660	00000013	addi	x0,x0,0	  x0:0x00000000
       17525000	      1751	80004664	06899063	bne	x19,x8,800046c4	 x19:0x80009820  x8:0x80009fc4
       17535000	      1752	00000000	00000013	addi	x0,x0,0	  x0:0x00000000
       17545000	      1753	800046c0	00000013	addi	x0,x0,0	  x0:0x00000000
       17555000	      1754	800046c4	41e70633	sub	x12,x14,x30	 x14:0x00000001 x30:0x38763000 x12=0xc789d001
       17565000	      1755	800046c8	00b3c263	blt	x7,x11,800046cc	  x7:0xf843f000 x11:0x80009fc4
       17575000	      1756	800046cc	35c04397	auipc	x7,0x35c04	  x7=0xb5c086c8
       17585000	      1757	800046d0	0088c4b3	xor	x9,x17,x8	 x17:0xfffffffb  x8:0x80009fc4  x9=0x7fff603f
       17595000	      1758	800046d4	fadda813	slti	x16,x27,-83	 x27:0xffffc21f x16=0x00000001
       17605000	      1759	800046d8	7e33c993	xori	x19,x7,2019	  x7:0xb5c086c8 x19=0xb5c0812b
       17615000	      1760	800046dc	009733b3	sltu	x7,x14,x9	 x14:0x00000001  x9:0x7fff603f  x7=0x00000001
       17625000	      1761	800046e0	11343913	sltiu	x18,x8,275	  x8:0x80009fc4 x18=0x00000000
       17635000	      1762	800046e4	86d02013	slti	x0,x0,-1939	  x0:0x00000000
       17645000	      1763	800046e8	db028eb7	lui	x29,0xdb028	 x29=0xdb028000
       17655000	      1764	800046ec	00d65733	srl	x14,x12,x13	 x12:0xc789d001 x13:0x80009fc4 x14=0x0c789d00
       17665000	      1765	800046f0	004d2f83	lw	x31,4(x26)	 x26:0x80009f60 x31=0x800003f8 PA:0x80009f64
       17675000	      1766	800046f4	024d0d13	addi	x26,x26,36	 x26:0x80009f60 x26=0x80009f84
       17685000	      1767	800046f8	f31c9cb7	lui	x25,0xf31c9	 x25=0xf31c9000
       17695000	      1768	800046fc	01211833	sll	x16,x2,x18	  x2:0x5ad65000 x18:0x00000000 x16=0x5ad65000
       17705000	      1769	80004700	001f8993	addi	x19,x31,1	 x31:0x800003f8 x19=0x800003f9
       17715000	      1770	80004704	000989e7	jalr	x19,x19,0	 x19:0x800003f9 x19=0x80004704
       17725000	      1771	00000000	00000013	addi	x0,x0,0	  x0:0x00000000
       17735000	      1772	800003f8	00000013	addi	x0,x0,0	  x0:0x00000000
       17745000	      1773	800003fc	00000013	addi	x0,x0,0	  x0:0x00000000
       17755000	      1774	80000400	41da5013	srai	x0,x20,0x1d	 x20:0x91025000
       17765000	      1775	80000404	490c3413	sltiu	x8,x24,1168	 x24:0xfffffff5  x8=0x00000000
       17775000	      1776	80000408	019e4263	blt	x28,x25,8000040c	 x28:0x00203000 x25:0xf31c9000
       17785000	      1777	8000040c	228c8493	addi	x9,x25,552	 x25:0xf31c9000  x9=0xf31c9228
       17795000	      1778	80000410	422b3bb7	lui	x23,0x422b3	 x23=0x422b3000
       17805000	      1779	80000414	40e285b3	sub	x11,x5,x14	  x5:0xf7615932 x14:0x0c789d00 x11=0xeae8bc32
       17815000	      1780	80000418	16de8993	addi	x19,x29,365	 x29:0xdb028000 x19=0xdb02816d
       17825000	      1781	8000041c	0168e263	bltu	x17,x22,80000420	 x17:0xfffffffb x22:0x00000000
       17835000	      1782	80000420	01442ab3	slt	x21,x8,x20	  x8:0x00000000 x20:0x91025000 x21=0x00000000
       17845000	      1783	80000424	00000517	auipc	x10,0x0	 x10=0x80000420
       17855000	      1784	80000428	00c50513	addi	x10,x10,12	 x10:0x80000420 x10=0x8000042c
       17865000	      1785	8000042c	00050067	jalr	x0,x10,0	 x10:0x8000042c
       17875000	      1786	00000000	00000013	addi	x0,x0,0	  x0:0x00000000
       17885000	      1787	8000042c	00000013	addi	x0,x0,0	  x0:0x00000000
       17895000	      1788	80000430	00100193	addi	x3,x0,1	  x0:0x00000000  x3=0x00000001
       17905000	      1789	80000434	00000073	ecall	
       17915000	      1790	80000438	00000013	addi	x0,x0,0	  x0:0x00000000
