		Time			Cycle	PC		Insn	Decoded instruction	Register and memory contents
          65000	         5	80000004	00000293	addi	x5,x0,0	  x0:0x00000000  x5=0x00000000
          75000	         6	80000008	00000313	addi	x6,x0,0	  x0:0x00000000  x6=0x00000000
          85000	         7	8000000c	00628263	beq	x5,x6,80000010	  x5:0x00000000  x6:0x00000000
          95000	         8	00000000	00000013	addi	x0,x0,0	  x0:0x00000000
         105000	         9	8000000c	00000013	addi	x0,x0,0	  x0:0x00000000
         115000	        10	80000010	00000d17	auipc	x26,0x0	 x26=0x8000000c
         125000	        11	80000014	00cd0d13	addi	x26,x26,12	 x26:0x8000000c x26=0x80000018
         135000	        12	80000018	000d0067	jalr	x0,x26,0	 x26:0x80000018
         145000	        13	00000000	00000013	addi	x0,x0,0	  x0:0x00000000
         155000	        14	80000018	00000013	addi	x0,x0,0	  x0:0x00000000
         165000	        15	8000001c	40000337	lui	x6,0x40000	  x6=0x40000000
         175000	        16	80000020	10030313	addi	x6,x6,256	  x6:0x40000000  x6=0x40000100
         185000	        17	80000024	00000013	addi	x0,x0,0	  x0:0x00000000
         195000	        18	80000028	0000ae97	auipc	x29,0xa	 x29=0x8000a024
         205000	        19	8000002c	fa0e8e93	addi	x29,x29,-96	 x29:0x8000a024 x29=0x80009fc4
         215000	        20	80000030	00004317	auipc	x6,0x4	  x6=0x8000402c
         225000	        21	80000034	62c30313	addi	x6,x6,1580	  x6:0x8000402c  x6=0x80004658
         235000	        22	80000038	00036313	ori	x6,x6,0	  x6:0x80004658  x6=0x80004658
         245000	        23	8000003c	00000013	addi	x0,x0,0	  x0:0x00000000
         255000	        24	80000040	00000317	auipc	x6,0x0	  x6=0x8000003c
         265000	        25	80000044	02030313	addi	x6,x6,32	  x6:0x8000003c  x6=0x8000005c
         275000	        26	80000048	00000013	addi	x0,x0,0	  x0:0x00000000
         285000	        27	8000004c	00000013	addi	x0,x0,0	  x0:0x00000000
         295000	        28	80000050	00002337	lui	x6,0x2	  x6=0x00002000
         305000	        29	80000054	80030313	addi	x6,x6,-2048	  x6:0x00002000  x6=0x00001800
         315000	        30	80000058	00000013	addi	x0,x0,0	  x0:0x00000000
         325000	        31	8000005c	00000013	addi	x0,x0,0	  x0:0x00000000
         335000	        32	80000060	b498e037	lui	x0,0xb498e	
         345000	        33	80000064	6fa00013	addi	x0,x0,1786	  x0:0x00000000
         355000	        34	80000068	00000093	addi	x1,x0,0	  x0:0x00000000  x1=0x00000000
         365000	        35	8000006c	00000113	addi	x2,x0,0	  x0:0x00000000  x2=0x00000000
         375000	        36	80000070	800001b7	lui	x3,0x80000	  x3=0x80000000
         385000	        37	80000074	00700213	addi	x4,x0,7	  x0:0x00000000  x4=0x00000007
         395000	        38	80000078	3ffe6337	lui	x6,0x3ffe6	  x6=0x3ffe6000
         405000	        39	8000007c	c0930313	addi	x6,x6,-1015	  x6:0x3ffe6000  x6=0x3ffe5c09
         415000	        40	80000080	5241c3b7	lui	x7,0x5241c	  x7=0x5241c000
         425000	        41	80000084	6c338393	addi	x7,x7,1731	  x7:0x5241c000  x7=0x5241c6c3
         435000	        42	80000088	80000437	lui	x8,0x80000	  x8=0x80000000
         445000	        43	8000008c	f01554b7	lui	x9,0xf0155	  x9=0xf0155000
         455000	        44	80000090	5ff48493	addi	x9,x9,1535	  x9:0xf0155000  x9=0xf01555ff
         465000	        45	80000094	54200537	lui	x10,0x54200	 x10=0x54200000
         475000	        46	80000098	57050513	addi	x10,x10,1392	 x10:0x54200000 x10=0x54200570
         485000	        47	8000009c	fda215b7	lui	x11,0xfda21	 x11=0xfda21000
         495000	        48	800000a0	c6658593	addi	x11,x11,-922	 x11:0xfda21000 x11=0xfda20c66
         505000	        49	800000a4	80000637	lui	x12,0x80000	 x12=0x80000000
         515000	        50	800000a8	fbb026b7	lui	x13,0xfbb02	 x13=0xfbb02000
         525000	        51	800000ac	f8068693	addi	x13,x13,-128	 x13:0xfbb02000 x13=0xfbb01f80
         535000	        52	800000b0	f1268737	lui	x14,0xf1268	 x14=0xf1268000
         545000	        53	800000b4	88670713	addi	x14,x14,-1914	 x14:0xf1268000 x14=0xf1267886
         555000	        54	800000b8	f37177b7	lui	x15,0xf3717	 x15=0xf3717000
         565000	        55	800000bc	f4f78793	addi	x15,x15,-177	 x15:0xf3717000 x15=0xf3716f4f
         575000	        56	800000c0	d8692837	lui	x16,0xd8692	 x16=0xd8692000
         585000	        57	800000c4	c2c80813	addi	x16,x16,-980	 x16:0xd8692000 x16=0xd8691c2c
         595000	        58	800000c8	800008b7	lui	x17,0x80000	 x17=0x80000000
         605000	        59	800000cc	00000913	addi	x18,x0,0	  x0:0x00000000 x18=0x00000000
         615000	        60	800000d0	00400993	addi	x19,x0,4	  x0:0x00000000 x19=0x00000004
         625000	        61	800000d4	1c1c9a37	lui	x20,0x1c1c9	 x20=0x1c1c9000
         635000	        62	800000d8	fcfa0a13	addi	x20,x20,-49	 x20:0x1c1c9000 x20=0x1c1c8fcf
         645000	        63	800000dc	00000a93	addi	x21,x0,0	  x0:0x00000000 x21=0x00000000
         655000	        64	800000e0	4a2d6b37	lui	x22,0x4a2d6	 x22=0x4a2d6000
         665000	        65	800000e4	b45b0b13	addi	x22,x22,-1211	 x22:0x4a2d6000 x22=0x4a2d5b45
         675000	        66	800000e8	80000bb7	lui	x23,0x80000	 x23=0x80000000
         685000	        67	800000ec	ad977c37	lui	x24,0xad977	 x24=0xad977000
         695000	        68	800000f0	d57c0c13	addi	x24,x24,-681	 x24:0xad977000 x24=0xad976d57
         705000	        69	800000f4	800d9cb7	lui	x25,0x800d9	 x25=0x800d9000
         715000	        70	800000f8	1dfc8c93	addi	x25,x25,479	 x25:0x800d9000 x25=0x800d91df
         725000	        71	800000fc	f26efd37	lui	x26,0xf26ef	 x26=0xf26ef000
         735000	        72	80000100	01ad0d13	addi	x26,x26,26	 x26:0xf26ef000 x26=0xf26ef01a
         745000	        73	80000104	73640db7	lui	x27,0x73640	 x27=0x73640000
         755000	        74	80000108	4edd8d93	addi	x27,x27,1261	 x27:0x73640000 x27=0x736404ed
         765000	        75	8000010c	80000e37	lui	x28,0x80000	 x28=0x80000000
         775000	        76	80000110	00000f13	addi	x30,x0,0	  x0:0x00000000 x30=0x00000000
         785000	        77	80000114	00600f93	addi	x31,x0,6	  x0:0x00000000 x31=0x00000006
         795000	        78	80000118	0000a297	auipc	x5,0xa	  x5=0x8000a114
         805000	        79	8000011c	e7028293	addi	x5,x5,-400	  x5:0x8000a114  x5=0x80009f84
         815000	        80	80000120	00400a6f	jal	x20,80000120	 x20=0x80000120
         825000	        81	00000000	00000013	addi	x0,x0,0	  x0:0x00000000
         835000	        82	80000120	00000013	addi	x0,x0,0	  x0:0x00000000
         845000	        83	80000124	00c00def	jal	x27,80000124	 x27=0x80000124
         855000	        84	00000000	00000013	addi	x0,x0,0	  x0:0x00000000
         865000	        85	8000012c	00000013	addi	x0,x0,0	  x0:0x00000000
         875000	        86	80000130	ff9ff0ef	jal	x1,80000130	  x1=0x80000130
         885000	        87	00000000	00000013	addi	x0,x0,0	  x0:0x00000000
         895000	        88	80000124	00000013	addi	x0,x0,0	  x0:0x00000000
         905000	        89	80000128	01400f6f	jal	x30,80000128	 x30=0x80000128
         915000	        90	00000000	00000013	addi	x0,x0,0	  x0:0x00000000
         925000	        91	80000138	00000013	addi	x0,x0,0	  x0:0x00000000
         935000	        92	8000013c	ffdff36f	jal	x6,8000013c	  x6=0x8000013c
         945000	        93	00000000	00000013	addi	x0,x0,0	  x0:0x00000000
         955000	        94	80000134	00000013	addi	x0,x0,0	  x0:0x00000000
         965000	        95	80000138	010000ef	jal	x1,80000138	  x1=0x80000138
         975000	        96	00000000	00000013	addi	x0,x0,0	  x0:0x00000000
         985000	        97	80000144	00000013	addi	x0,x0,0	  x0:0x00000000
         995000	        98	80000148	ffdff0ef	jal	x1,80000148	  x1=0x80000148
        1005000	        99	00000000	00000013	addi	x0,x0,0	  x0:0x00000000
        1015000	       100	80000140	00000013	addi	x0,x0,0	  x0:0x00000000
        1025000	       101	80000144	ffdff0ef	jal	x1,80000144	  x1=0x80000144
        1035000	       102	00000000	00000013	addi	x0,x0,0	  x0:0x00000000
        1045000	       103	8000013c	00000013	addi	x0,x0,0	  x0:0x00000000
        1055000	       104	80000140	fedff0ef	jal	x1,80000140	  x1=0x80000140
        1065000	       105	00000000	00000013	addi	x0,x0,0	  x0:0x00000000
        1075000	       106	80000128	00000013	addi	x0,x0,0	  x0:0x00000000
        1085000	       107	8000012c	008000ef	jal	x1,8000012c	  x1=0x8000012c
        1095000	       108	00000000	00000013	addi	x0,x0,0	  x0:0x00000000
        1105000	       109	80000130	00000013	addi	x0,x0,0	  x0:0x00000000
        1115000	       110	80000134	018000ef	jal	x1,80000134	  x1=0x80000134
        1125000	       111	00000000	00000013	addi	x0,x0,0	  x0:0x00000000
        1135000	       112	80000148	00000013	addi	x0,x0,0	  x0:0x00000000
        1145000	       113	8000014c	4127db13	srai	x22,x15,0x12	 x15:0xf3716f4f x22=0xfffffcdc
        1155000	       114	80000150	00400a6f	jal	x20,80000150	 x20=0x80000150
        1165000	       115	00000000	00000013	addi	x0,x0,0	  x0:0x00000000
        1175000	       116	80000150	00000013	addi	x0,x0,0	  x0:0x00000000
        1185000	       117	80000154	0200026f	jal	x4,80000154	  x4=0x80000154
        1195000	       118	00000000	00000013	addi	x0,x0,0	  x0:0x00000000
        1205000	       119	80000170	00000013	addi	x0,x0,0	  x0:0x00000000
        1215000	       120	80000174	ff5ff0ef	jal	x1,80000174	  x1=0x80000174
        1225000	       121	00000000	00000013	addi	x0,x0,0	  x0:0x00000000
        1235000	       122	80000164	00000013	addi	x0,x0,0	  x0:0x00000000
        1245000	       123	80000168	018000ef	jal	x1,80000168	  x1=0x80000168
        1255000	       124	00000000	00000013	addi	x0,x0,0	  x0:0x00000000
        1265000	       125	8000017c	00000013	addi	x0,x0,0	  x0:0x00000000
        1275000	       126	80000180	ffdff5ef	jal	x11,80000180	 x11=0x80000180
        1285000	       127	00000000	00000013	addi	x0,x0,0	  x0:0x00000000
        1295000	       128	80000178	00000013	addi	x0,x0,0	  x0:0x00000000
        1305000	       129	8000017c	ff1ff9ef	jal	x19,8000017c	 x19=0x8000017c
        1315000	       130	00000000	00000013	addi	x0,x0,0	  x0:0x00000000
        1325000	       131	80000168	00000013	addi	x0,x0,0	  x0:0x00000000
        1335000	       132	8000016c	004000ef	jal	x1,8000016c	  x1=0x8000016c
        1345000	       133	00000000	00000013	addi	x0,x0,0	  x0:0x00000000
        1355000	       134	8000016c	00000013	addi	x0,x0,0	  x0:0x00000000
        1365000	       135	80000170	fe9ff0ef	jal	x1,80000170	  x1=0x80000170
        1375000	       136	00000000	00000013	addi	x0,x0,0	  x0:0x00000000
        1385000	       137	80000154	00000013	addi	x0,x0,0	  x0:0x00000000
        1395000	       138	80000158	00c0036f	jal	x6,80000158	  x6=0x80000158
        1405000	       139	00000000	00000013	addi	x0,x0,0	  x0:0x00000000
        1415000	       140	80000160	00000013	addi	x0,x0,0	  x0:0x00000000
        1425000	       141	80000164	ffdff0ef	jal	x1,80000164	  x1=0x80000164
        1435000	       142	00000000	00000013	addi	x0,x0,0	  x0:0x00000000
        1445000	       143	8000015c	00000013	addi	x0,x0,0	  x0:0x00000000
        1455000	       144	80000160	0240036f	jal	x6,80000160	  x6=0x80000160
        1465000	       145	00000000	00000013	addi	x0,x0,0	  x0:0x00000000
        1475000	       146	80000180	00000013	addi	x0,x0,0	  x0:0x00000000
        1485000	       147	80000184	ff5ff6ef	jal	x13,80000184	 x13=0x80000184
        1495000	       148	00000000	00000013	addi	x0,x0,0	  x0:0x00000000
        1505000	       149	80000174	00000013	addi	x0,x0,0	  x0:0x00000000
        1515000	       150	80000178	fe5ffb6f	jal	x22,80000178	 x22=0x80000178
        1525000	       151	00000000	00000013	addi	x0,x0,0	  x0:0x00000000
        1535000	       152	80000158	00000013	addi	x0,x0,0	  x0:0x00000000
        1545000	       153	8000015c	02c006ef	jal	x13,8000015c	 x13=0x8000015c
        1555000	       154	00000000	00000013	addi	x0,x0,0	  x0:0x00000000
        1565000	       155	80000184	00000013	addi	x0,x0,0	  x0:0x00000000
        1575000	       156	80000188	00057c33	and	x24,x10,x0	 x10:0x54200570  x0:0x00000000 x24=0x00000000
        1585000	       157	8000018c	01800a6f	jal	x20,8000018c	 x20=0x8000018c
        1595000	       158	00000000	00000013	addi	x0,x0,0	  x0:0x00000000
        1605000	       159	800001a0	00000013	addi	x0,x0,0	  x0:0x00000000
        1615000	       160	800001a4	004000ef	jal	x1,800001a4	  x1=0x800001a4
        1625000	       161	00000000	00000013	addi	x0,x0,0	  x0:0x00000000
        1635000	       162	800001a4	00000013	addi	x0,x0,0	  x0:0x00000000
        1645000	       163	800001a8	ff9ff0ef	jal	x1,800001a8	  x1=0x800001a8
        1655000	       164	00000000	00000013	addi	x0,x0,0	  x0:0x00000000
        1665000	       165	8000019c	00000013	addi	x0,x0,0	  x0:0x00000000
        1675000	       166	800001a0	0280016f	jal	x2,800001a0	  x2=0x800001a0
        1685000	       167	00000000	00000013	addi	x0,x0,0	  x0:0x00000000
        1695000	       168	800001c4	00000013	addi	x0,x0,0	  x0:0x00000000
        1705000	       169	800001c8	ff9ff66f	jal	x12,800001c8	 x12=0x800001c8
        1715000	       170	00000000	00000013	addi	x0,x0,0	  x0:0x00000000
        1725000	       171	800001bc	00000013	addi	x0,x0,0	  x0:0x00000000
        1735000	       172	800001c0	fd9ff36f	jal	x6,800001c0	  x6=0x800001c0
        1745000	       173	00000000	00000013	addi	x0,x0,0	  x0:0x00000000
        1755000	       174	80000194	00000013	addi	x0,x0,0	  x0:0x00000000
        1765000	       175	80000198	ff9ff0ef	jal	x1,80000198	  x1=0x80000198
        1775000	       176	00000000	00000013	addi	x0,x0,0	  x0:0x00000000
        1785000	       177	8000018c	00000013	addi	x0,x0,0	  x0:0x00000000
        1795000	       178	80000190	0040036f	jal	x6,80000190	  x6=0x80000190
        1805000	       179	00000000	00000013	addi	x0,x0,0	  x0:0x00000000
        1815000	       180	80000190	00000013	addi	x0,x0,0	  x0:0x00000000
        1825000	       181	80000194	03c000ef	jal	x1,80000194	  x1=0x80000194
        1835000	       182	00000000	00000013	addi	x0,x0,0	  x0:0x00000000
        1845000	       183	800001cc	00000013	addi	x0,x0,0	  x0:0x00000000
        1855000	       184	800001d0	ffdff0ef	jal	x1,800001d0	  x1=0x800001d0
        1865000	       185	00000000	00000013	addi	x0,x0,0	  x0:0x00000000
        1875000	       186	800001c8	00000013	addi	x0,x0,0	  x0:0x00000000
        1885000	       187	800001cc	fe1ff0ef	jal	x1,800001cc	  x1=0x800001cc
        1895000	       188	00000000	00000013	addi	x0,x0,0	  x0:0x00000000
        1905000	       189	800001a8	00000013	addi	x0,x0,0	  x0:0x00000000
        1915000	       190	800001ac	0280036f	jal	x6,800001ac	  x6=0x800001ac
        1925000	       191	00000000	00000013	addi	x0,x0,0	  x0:0x00000000
        1935000	       192	800001d0	00000013	addi	x0,x0,0	  x0:0x00000000
        1945000	       193	800001d4	fc9ff0ef	jal	x1,800001d4	  x1=0x800001d4
        1955000	       194	00000000	00000013	addi	x0,x0,0	  x0:0x00000000
        1965000	       195	80000198	00000013	addi	x0,x0,0	  x0:0x00000000
        1975000	       196	8000019c	020000ef	jal	x1,8000019c	  x1=0x8000019c
        1985000	       197	00000000	00000013	addi	x0,x0,0	  x0:0x00000000
        1995000	       198	800001b8	00000013	addi	x0,x0,0	  x0:0x00000000
        2005000	       199	800001bc	ffdff0ef	jal	x1,800001bc	  x1=0x800001bc
        2015000	       200	00000000	00000013	addi	x0,x0,0	  x0:0x00000000
        2025000	       201	800001b4	00000013	addi	x0,x0,0	  x0:0x00000000
        2035000	       202	800001b8	ff9ff36f	jal	x6,800001b8	  x6=0x800001b8
        2045000	       203	00000000	00000013	addi	x0,x0,0	  x0:0x00000000
        2055000	       204	800001ac	00000013	addi	x0,x0,0	  x0:0x00000000
        2065000	       205	800001b0	014000ef	jal	x1,800001b0	  x1=0x800001b0
        2075000	       206	00000000	00000013	addi	x0,x0,0	  x0:0x00000000
        2085000	       207	800001c0	00000013	addi	x0,x0,0	  x0:0x00000000
        2095000	       208	800001c4	ff1ff36f	jal	x6,800001c4	  x6=0x800001c4
        2105000	       209	00000000	00000013	addi	x0,x0,0	  x0:0x00000000
        2115000	       210	800001b0	00000013	addi	x0,x0,0	  x0:0x00000000
        2125000	       211	800001b4	024001ef	jal	x3,800001b4	  x3=0x800001b4
        2135000	       212	00000000	00000013	addi	x0,x0,0	  x0:0x00000000
        2145000	       213	800001d4	00000013	addi	x0,x0,0	  x0:0x00000000
        2155000	       214	800001d8	74b56f93	ori	x31,x10,1867	 x10:0x54200570 x31=0x5420077b
        2165000	       215	800001dc	01800a6f	jal	x20,800001dc	 x20=0x800001dc
        2175000	       216	00000000	00000013	addi	x0,x0,0	  x0:0x00000000
        2185000	       217	800001f0	00000013	addi	x0,x0,0	  x0:0x00000000
        2195000	       218	800001f4	ff9ff36f	jal	x6,800001f4	  x6=0x800001f4
        2205000	       219	00000000	00000013	addi	x0,x0,0	  x0:0x00000000
        2215000	       220	800001e8	00000013	addi	x0,x0,0	  x0:0x00000000
        2225000	       221	800001ec	ffdff0ef	jal	x1,800001ec	  x1=0x800001ec
        2235000	       222	00000000	00000013	addi	x0,x0,0	  x0:0x00000000
        2245000	       223	800001e4	00000013	addi	x0,x0,0	  x0:0x00000000
        2255000	       224	800001e8	01c0036f	jal	x6,800001e8	  x6=0x800001e8
        2265000	       225	00000000	00000013	addi	x0,x0,0	  x0:0x00000000
        2275000	       226	80000200	00000013	addi	x0,x0,0	  x0:0x00000000
        2285000	       227	80000204	fedff0ef	jal	x1,80000204	  x1=0x80000204
        2295000	       228	00000000	00000013	addi	x0,x0,0	  x0:0x00000000
        2305000	       229	800001ec	00000013	addi	x0,x0,0	  x0:0x00000000
        2315000	       230	800001f0	ff1ff0ef	jal	x1,800001f0	  x1=0x800001f0
        2325000	       231	00000000	00000013	addi	x0,x0,0	  x0:0x00000000
        2335000	       232	800001dc	00000013	addi	x0,x0,0	  x0:0x00000000
        2345000	       233	800001e0	018000ef	jal	x1,800001e0	  x1=0x800001e0
        2355000	       234	00000000	00000013	addi	x0,x0,0	  x0:0x00000000
        2365000	       235	800001f4	00000013	addi	x0,x0,0	  x0:0x00000000
        2375000	       236	800001f8	008000ef	jal	x1,800001f8	  x1=0x800001f8
        2385000	       237	00000000	00000013	addi	x0,x0,0	  x0:0x00000000
        2395000	       238	800001fc	00000013	addi	x0,x0,0	  x0:0x00000000
        2405000	       239	80000200	ffdff36f	jal	x6,80000200	  x6=0x80000200
        2415000	       240	00000000	00000013	addi	x0,x0,0	  x0:0x00000000
        2425000	       241	800001f8	00000013	addi	x0,x0,0	  x0:0x00000000
        2435000	       242	800001fc	fe9ff1ef	jal	x3,800001fc	  x3=0x800001fc
        2445000	       243	00000000	00000013	addi	x0,x0,0	  x0:0x00000000
        2455000	       244	800001e0	00000013	addi	x0,x0,0	  x0:0x00000000
        2465000	       245	800001e4	024000ef	jal	x1,800001e4	  x1=0x800001e4
        2475000	       246	00000000	00000013	addi	x0,x0,0	  x0:0x00000000
        2485000	       247	80000204	00000013	addi	x0,x0,0	  x0:0x00000000
        2495000	       248	80000208	40b5de33	sra	x28,x11,x11	 x11:0x80000180 x11:0x80000180 x28=0x80000180
        2505000	       249	8000020c	86aa4413	xori	x8,x20,-1942	 x20:0x800001dc  x8=0x7ffff9b6
        2515000	       250	80000210	7ecc6e37	lui	x28,0x7ecc6	 x28=0x7ecc6000
        2525000	       251	80000214	0141b6b3	sltu	x13,x3,x20	  x3:0x800001fc x20:0x800001dc x13=0x00000000
        2535000	       252	80000218	01db9833	sll	x16,x23,x29	 x23:0x80000000 x29:0x80009fc4 x16=0x00000000
        2545000	       253	8000021c	dfbda993	slti	x19,x27,-517	 x27:0x80000124 x19=0x00000001
        2555000	       254	80000220	00bd8e63	beq	x27,x11,8000023c	 x27:0x80000124 x11:0x80000180
        2565000	       255	80000224	7b7ae713	ori	x14,x21,1975	 x21:0x00000000 x14=0x000007b7
        2575000	       256	80000228	017eab33	slt	x22,x29,x23	 x29:0x80009fc4 x23:0x80000000 x22=0x00000000
        2585000	       257	8000022c	40cbd013	srai	x0,x23,0xc	 x23:0x80000000
        2595000	       258	80000230	89209db7	lui	x27,0x89209	 x27=0x89209000
        2605000	       259	80000234	019817b3	sll	x15,x16,x25	 x16:0x00000000 x25:0x800d91df x15=0x00000000
        2615000	       260	80000238	de802c13	slti	x24,x0,-536	  x0:0x00000000 x24=0x00000000
        2625000	       261	8000023c	41e70833	sub	x16,x14,x30	 x14:0x000007b7 x30:0x80000128 x16=0x8000068f
        2635000	       262	80000240	e0017e13	andi	x28,x2,-512	  x2:0x800001a0 x28=0x80000000
        2645000	       263	80000244	01b1c7b3	xor	x15,x3,x27	  x3:0x800001fc x27:0x89209000 x15=0x092091fc
        2655000	       264	80000248	00db86b3	add	x13,x23,x13	 x23:0x80000000 x13:0x00000000 x13=0x80000000
        2665000	       265	8000024c	00ba94b3	sll	x9,x21,x11	 x21:0x00000000 x11:0x80000180  x9=0x00000000
        2675000	       266	80000250	01106a63	bltu	x0,x17,80000264	  x0:0x00000000 x17:0x80000000
        2685000	       267	00000000	00000013	addi	x0,x0,0	  x0:0x00000000
        2695000	       268	80000260	00000013	addi	x0,x0,0	  x0:0x00000000
        2705000	       269	80000264	18f08993	addi	x19,x1,399	  x1:0x800001e4 x19=0x80000373
        2715000	       270	80000268	00000013	addi	x0,x0,0	  x0:0x00000000
        2725000	       271	8000026c	7416b893	sltiu	x17,x13,1857	 x13:0x80000000 x17=0x00000000
        2735000	       272	80000270	02e8fa63	bgeu	x17,x14,800002a4	 x17:0x00000000 x14:0x000007b7
        2745000	       273	80000274	001ecdb3	xor	x27,x29,x1	 x29:0x80009fc4  x1:0x800001e4 x27=0x00009e20
        2755000	       274	80000278	00f51613	slli	x12,x10,0xf	 x10:0x54200570 x12=0x02b80000
        2765000	       275	8000027c	0282d463	bge	x5,x8,800002a4	  x5:0x80009f84  x8:0x7ffff9b6
        2775000	       276	80000280	41c25db3	sra	x27,x4,x28	  x4:0x80000154 x28:0x80000000 x27=0x80000154
        2785000	       277	80000284	03a0c863	blt	x1,x26,800002b4	  x1:0x800001e4 x26:0xf26ef01a
        2795000	       278	00000000	00000013	addi	x0,x0,0	  x0:0x00000000
        2805000	       279	800002b0	00000013	addi	x0,x0,0	  x0:0x00000000
        2815000	       280	800002b4	012d66b3	or	x13,x26,x18	 x26:0xf26ef01a x18:0x00000000 x13=0xf26ef01a
        2825000	       281	800002b8	00be9c63	bne	x29,x11,800002d0	 x29:0x80009fc4 x11:0x80000180
        2835000	       282	00000000	00000013	addi	x0,x0,0	  x0:0x00000000
        2845000	       283	800002cc	00000013	addi	x0,x0,0	  x0:0x00000000
        2855000	       284	800002d0	0140b3b3	sltu	x7,x1,x20	  x1:0x800001e4 x20:0x800001dc  x7=0x00000000
        2865000	       285	800002d4	408fd5b3	sra	x11,x31,x8	 x31:0x5420077b  x8:0x7ffff9b6 x11=0x00000150
        2875000	       286	800002d8	41030033	sub	x0,x6,x16	  x6:0x80000200 x16:0x8000068f
        2885000	       287	800002dc	0988e263	bltu	x17,x24,80000360	 x17:0x00000000 x24:0x00000000
        2895000	       288	800002e0	0a0be063	bltu	x23,x0,80000380	 x23:0x80000000  x0:0x00000000
        2905000	       289	800002e4	05800a6f	jal	x20,800002e4	 x20=0x800002e4
        2915000	       290	00000000	00000013	addi	x0,x0,0	  x0:0x00000000
        2925000	       291	80000338	00000013	addi	x0,x0,0	  x0:0x00000000
        2935000	       292	8000033c	fc9ff76f	jal	x14,8000033c	 x14=0x8000033c
        2945000	       293	00000000	00000013	addi	x0,x0,0	  x0:0x00000000
        2955000	       294	80000300	00000013	addi	x0,x0,0	  x0:0x00000000
        2965000	       295	80000304	0340036f	jal	x6,80000304	  x6=0x80000304
        2975000	       296	00000000	00000013	addi	x0,x0,0	  x0:0x00000000
        2985000	       297	80000334	00000013	addi	x0,x0,0	  x0:0x00000000
        2995000	       298	80000338	fedffdef	jal	x27,80000338	 x27=0x80000338
        3005000	       299	00000000	00000013	addi	x0,x0,0	  x0:0x00000000
        3015000	       300	80000320	00000013	addi	x0,x0,0	  x0:0x00000000
        3025000	       301	80000324	fcdff26f	jal	x4,80000324	  x4=0x80000324
        3035000	       302	00000000	00000013	addi	x0,x0,0	  x0:0x00000000
        3045000	       303	800002ec	00000013	addi	x0,x0,0	  x0:0x00000000
        3055000	       304	800002f0	004000ef	jal	x1,800002f0	  x1=0x800002f0
        3065000	       305	00000000	00000013	addi	x0,x0,0	  x0:0x00000000
        3075000	       306	800002f0	00000013	addi	x0,x0,0	  x0:0x00000000
        3085000	       307	800002f4	0240036f	jal	x6,800002f4	  x6=0x800002f4
        3095000	       308	00000000	00000013	addi	x0,x0,0	  x0:0x00000000
        3105000	       309	80000314	00000013	addi	x0,x0,0	  x0:0x00000000
        3115000	       310	80000318	ff9ff1ef	jal	x3,80000318	  x3=0x80000318
        3125000	       311	00000000	00000013	addi	x0,x0,0	  x0:0x00000000
        3135000	       312	8000030c	00000013	addi	x0,x0,0	  x0:0x00000000
        3145000	       313	80000310	00c001ef	jal	x3,80000310	  x3=0x80000310
        3155000	       314	00000000	00000013	addi	x0,x0,0	  x0:0x00000000
        3165000	       315	80000318	00000013	addi	x0,x0,0	  x0:0x00000000
        3175000	       316	8000031c	fddff0ef	jal	x1,8000031c	  x1=0x8000031c
        3185000	       317	00000000	00000013	addi	x0,x0,0	  x0:0x00000000
        3195000	       318	800002f4	00000013	addi	x0,x0,0	  x0:0x00000000
        3205000	       319	800002f8	0080036f	jal	x6,800002f8	  x6=0x800002f8
        3215000	       320	00000000	00000013	addi	x0,x0,0	  x0:0x00000000
        3225000	       321	800002fc	00000013	addi	x0,x0,0	  x0:0x00000000
        3235000	       322	80000300	fe9ff0ef	jal	x1,80000300	  x1=0x80000300
        3245000	       323	00000000	00000013	addi	x0,x0,0	  x0:0x00000000
        3255000	       324	800002e4	00000013	addi	x0,x0,0	  x0:0x00000000
        3265000	       325	800002e8	048000ef	jal	x1,800002e8	  x1=0x800002e8
        3275000	       326	00000000	00000013	addi	x0,x0,0	  x0:0x00000000
        3285000	       327	8000032c	00000013	addi	x0,x0,0	  x0:0x00000000
        3295000	       328	80000330	fddff0ef	jal	x1,80000330	  x1=0x80000330
        3305000	       329	00000000	00000013	addi	x0,x0,0	  x0:0x00000000
        3315000	       330	80000308	00000013	addi	x0,x0,0	  x0:0x00000000
        3325000	       331	8000030c	014000ef	jal	x1,8000030c	  x1=0x8000030c
        3335000	       332	00000000	00000013	addi	x0,x0,0	  x0:0x00000000
        3345000	       333	8000031c	00000013	addi	x0,x0,0	  x0:0x00000000
        3355000	       334	80000320	fe9ff66f	jal	x12,80000320	 x12=0x80000320
        3365000	       335	00000000	00000013	addi	x0,x0,0	  x0:0x00000000
        3375000	       336	80000304	00000013	addi	x0,x0,0	  x0:0x00000000
        3385000	       337	80000308	024008ef	jal	x17,80000308	 x17=0x80000308
        3395000	       338	00000000	00000013	addi	x0,x0,0	  x0:0x00000000
        3405000	       339	80000328	00000013	addi	x0,x0,0	  x0:0x00000000
        3415000	       340	8000032c	fe9ff36f	jal	x6,8000032c	  x6=0x8000032c
        3425000	       341	00000000	00000013	addi	x0,x0,0	  x0:0x00000000
        3435000	       342	80000310	00000013	addi	x0,x0,0	  x0:0x00000000
        3445000	       343	80000314	fd9ffc6f	jal	x24,80000314	 x24=0x80000314
        3455000	       344	00000000	00000013	addi	x0,x0,0	  x0:0x00000000
        3465000	       345	800002e8	00000013	addi	x0,x0,0	  x0:0x00000000
        3475000	       346	800002ec	03c000ef	jal	x1,800002ec	  x1=0x800002ec
        3485000	       347	00000000	00000013	addi	x0,x0,0	  x0:0x00000000
        3495000	       348	80000324	00000013	addi	x0,x0,0	  x0:0x00000000
        3505000	       349	80000328	00c00def	jal	x27,80000328	 x27=0x80000328
        3515000	       350	00000000	00000013	addi	x0,x0,0	  x0:0x00000000
        3525000	       351	80000330	00000013	addi	x0,x0,0	  x0:0x00000000
        3535000	       352	80000334	fc9ff46f	jal	x8,80000334	  x8=0x80000334
        3545000	       353	00000000	00000013	addi	x0,x0,0	  x0:0x00000000
        3555000	       354	800002f8	00000013	addi	x0,x0,0	  x0:0x00000000
        3565000	       355	800002fc	0440036f	jal	x6,800002fc	  x6=0x800002fc
        3575000	       356	00000000	00000013	addi	x0,x0,0	  x0:0x00000000
        3585000	       357	8000033c	00000013	addi	x0,x0,0	  x0:0x00000000
        3595000	       358	80000340	014d5a33	srl	x20,x26,x20	 x26:0xf26ef01a x20:0x800002e4 x20=0x0f26ef01
        3605000	       359	80000344	67347993	andi	x19,x8,1651	  x8:0x80000334 x19=0x00000230
        3615000	       360	80000348	41ab5cb3	sra	x25,x22,x26	 x22:0x00000000 x26:0xf26ef01a x25=0x00000000
        3625000	       361	8000034c	0017de33	srl	x28,x15,x1	 x15:0x092091fc  x1:0x800002ec x28=0x00009209
        3635000	       362	80000350	40aa5193	srai	x3,x20,0xa	 x20:0x0f26ef01  x3=0x0003c9bb
        3645000	       363	80000354	7e126113	ori	x2,x4,2017	  x4:0x80000324  x2=0x800007e5
        3655000	       364	80000358	fc300f93	addi	x31,x0,-61	  x0:0x00000000 x31=0xffffffc3
        3665000	       365	8000035c	1c50f113	andi	x2,x1,453	  x1:0x800002ec  x2=0x000000c4
        3675000	       366	80000360	01ec6b33	or	x22,x24,x30	 x24:0x80000314 x30:0x80000128 x22=0x8000033c
        3685000	       367	80000364	02804663	blt	x0,x8,80000390	  x0:0x00000000  x8:0x80000334
        3695000	       368	80000368	56863c37	lui	x24,0x56863	 x24=0x56863000
        3705000	       369	8000036c	62e83f17	auipc	x30,0x62e83	 x30=0xe2e83368
        3715000	       370	80000370	01f7a5b3	slt	x11,x15,x31	 x15:0x092091fc x31:0xffffffc3 x11=0x00000000
        3725000	       371	80000374	02625c63	bge	x4,x6,800003ac	  x4:0x80000324  x6:0x800002fc
        3735000	       372	00000000	00000013	addi	x0,x0,0	  x0:0x00000000
        3745000	       373	800003a8	00000013	addi	x0,x0,0	  x0:0x00000000
        3755000	       374	800003ac	01b3dc93	srli	x25,x7,0x1b	  x7:0x00000000 x25=0x00000000
        3765000	       375	800003b0	754eac97	auipc	x25,0x754ea	 x25=0xf54ea3ac
        3775000	       376	800003b4	bc6ca513	slti	x10,x25,-1082	 x25:0xf54ea3ac x10=0x00000001
        3785000	       377	800003b8	d2c8a213	slti	x4,x17,-724	 x17:0x80000308  x4=0x00000001
        3795000	       378	800003bc	d2b4af93	slti	x31,x9,-725	  x9:0x00000000 x31=0x00000000
        3805000	       379	800003c0	01b7b0b3	sltu	x1,x15,x27	 x15:0x092091fc x27:0x80000328  x1=0x00000001
        3815000	       380	800003c4	078e8193	addi	x3,x29,120	 x29:0x80009fc4  x3=0x8000a03c
        3825000	       381	800003c8	00aa1313	slli	x6,x20,0xa	 x20:0x0f26ef01  x6=0x9bbc0400
        3835000	       382	800003cc	f060a913	slti	x18,x1,-250	  x1:0x00000001 x18=0x00000000
        3845000	       383	800003d0	03e96863	bltu	x18,x30,80000400	 x18:0x00000000 x30:0xe2e83368
        3855000	       384	00000000	00000013	addi	x0,x0,0	  x0:0x00000000
        3865000	       385	800003fc	00000013	addi	x0,x0,0	  x0:0x00000000
        3875000	       386	80000400	d5b287b7	lui	x15,0xd5b28	 x15=0xd5b28000
        3885000	       387	80000404	4d560013	addi	x0,x12,1237	 x12:0x80000320
        3895000	       388	80000408	02ebfc63	bgeu	x23,x14,80000440	 x23:0x80000000 x14:0x8000033c
        3905000	       389	8000040c	00000013	addi	x0,x0,0	  x0:0x00000000
        3915000	       390	80000410	0017db13	srli	x22,x15,0x1	 x15:0xd5b28000 x22=0x6ad94000
        3925000	       391	80000414	01f02e33	slt	x28,x0,x31	  x0:0x00000000 x31:0x00000000 x28=0x00000000
        3935000	       392	80000418	00a37463	bgeu	x6,x10,80000420	  x6:0x9bbc0400 x10:0x00000001
        3945000	       393	00000000	00000013	addi	x0,x0,0	  x0:0x00000000
        3955000	       394	8000041c	00000013	addi	x0,x0,0	  x0:0x00000000
        3965000	       395	80000420	01334033	xor	x0,x6,x19	  x6:0x9bbc0400 x19:0x00000230
        3975000	       396	80000424	434ee913	ori	x18,x29,1076	 x29:0x80009fc4 x18=0x80009ff4
        3985000	       397	80000428	00439213	slli	x4,x7,0x4	  x7:0x00000000  x4=0x00000000
        3995000	       398	8000042c	010e56b3	srl	x13,x28,x16	 x28:0x00000000 x16:0x8000068f x13=0x00000000
        4005000	       399	80000430	4088d9b3	sra	x19,x17,x8	 x17:0x80000308  x8:0x80000334 x19=0xfffff800
        4015000	       400	80000434	01498ab3	add	x21,x19,x20	 x19:0xfffff800 x20:0x0f26ef01 x21=0x0f26e701
        4025000	       401	80000438	a583c313	xori	x6,x7,-1448	  x7:0x00000000  x6=0xfffffa58
        4035000	       402	8000043c	00000013	addi	x0,x0,0	  x0:0x00000000
        4045000	       403	80000440	acc9fa17	auipc	x20,0xacc9f	 x20=0x2cc9f43c
        4055000	       404	80000444	00441663	bne	x8,x4,80000450	  x8:0x80000334  x4:0x00000000
        4065000	       405	00000000	00000013	addi	x0,x0,0	  x0:0x00000000
        4075000	       406	8000044c	00000013	addi	x0,x0,0	  x0:0x00000000
        4085000	       407	80000450	0183db93	srli	x23,x7,0x18	  x7:0x00000000 x23=0x00000000
        4095000	       408	80000454	00d0c033	xor	x0,x1,x13	  x1:0x00000001 x13:0x00000000
        4105000	       409	80000458	41145933	sra	x18,x8,x17	  x8:0x80000334 x17:0x80000308 x18=0xff800003
        4115000	       410	8000045c	03480263	beq	x16,x20,80000480	 x16:0x8000068f x20:0x2cc9f43c
        4125000	       411	80000460	41110c33	sub	x24,x2,x17	  x2:0x000000c4 x17:0x80000308 x24=0x7ffffdbc
        4135000	       412	80000464	00640263	beq	x8,x6,80000468	  x8:0x80000334  x6:0xfffffa58
        4145000	       413	80000468	37f1a693	slti	x13,x3,895	  x3:0x8000a03c x13=0x00000001
        4155000	       414	8000046c	09674263	blt	x14,x22,800004f0	 x14:0x8000033c x22:0x6ad94000
        4165000	       415	00000000	00000013	addi	x0,x0,0	  x0:0x00000000
        4175000	       416	800004ec	00000013	addi	x0,x0,0	  x0:0x00000000
        4185000	       417	800004f0	00195a93	srli	x21,x18,0x1	 x18:0xff800003 x21=0x7fc00001
        4195000	       418	800004f4	0160e9b3	or	x19,x1,x22	  x1:0x00000001 x22:0x6ad94000 x19=0x6ad94001
        4205000	       419	800004f8	00439733	sll	x14,x7,x4	  x7:0x00000000  x4:0x00000000 x14=0x00000000
        4215000	       420	800004fc	00c17463	bgeu	x2,x12,80000504	  x2:0x000000c4 x12:0x80000320
        4225000	       421	80000500	00731463	bne	x6,x7,80000508	  x6:0xfffffa58  x7:0x00000000
        4235000	       422	00000000	00000013	addi	x0,x0,0	  x0:0x00000000
        4245000	       423	80000504	00000013	addi	x0,x0,0	  x0:0x00000000
        4255000	       424	80000508	02604263	blt	x0,x6,8000052c	  x0:0x00000000  x6:0xfffffa58
        4265000	       425	8000050c	013cf8b3	and	x17,x25,x19	 x25:0xf54ea3ac x19:0x6ad94001 x17=0x60480000
        4275000	       426	80000510	56303493	sltiu	x9,x0,1379	  x0:0x00000000  x9=0x00000001
        4285000	       427	80000514	008719b3	sll	x19,x14,x8	 x14:0x00000000  x8:0x80000334 x19=0x00000000
        4295000	       428	80000518	02350863	beq	x10,x3,80000548	 x10:0x00000001  x3:0x8000a03c
        4305000	       429	8000051c	c4debf13	sltiu	x30,x29,-947	 x29:0x80009fc4 x30=0x00000001
        4315000	       430	80000520	00ff6e63	bltu	x30,x15,8000053c	 x30:0x00000001 x15:0xd5b28000
        4325000	       431	00000000	00000013	addi	x0,x0,0	  x0:0x00000000
        4335000	       432	80000538	00000013	addi	x0,x0,0	  x0:0x00000000
        4345000	       433	8000053c	02fb8c63	beq	x23,x15,80000574	 x23:0x00000000 x15:0xd5b28000
        4355000	       434	80000540	00bcd813	srli	x16,x25,0xb	 x25:0xf54ea3ac x16=0x001ea9d4
        4365000	       435	80000544	00f89813	slli	x16,x17,0xf	 x17:0x60480000 x16=0x00000000
        4375000	       436	80000548	d653b813	sltiu	x16,x7,-667	  x7:0x00000000 x16=0x00000001
        4385000	       437	8000054c	00000013	addi	x0,x0,0	  x0:0x00000000
        4395000	       438	80000550	19d9ef13	ori	x30,x19,413	 x19:0x00000000 x30=0x0000019d
        4405000	       439	80000554	00000013	addi	x0,x0,0	  x0:0x00000000
        4415000	       440	80000558	a9613e13	sltiu	x28,x2,-1386	  x2:0x000000c4 x28=0x00000001
        4425000	       441	8000055c	22fc83b7	lui	x7,0x22fc8	  x7=0x22fc8000
        4435000	       442	80000560	01441833	sll	x16,x8,x20	  x8:0x80000334 x20:0x2cc9f43c x16=0x40000000
        4445000	       443	80000564	00c4e663	bltu	x9,x12,80000570	  x9:0x00000001 x12:0x80000320
        4455000	       444	00000000	00000013	addi	x0,x0,0	  x0:0x00000000
        4465000	       445	8000056c	00000013	addi	x0,x0,0	  x0:0x00000000
        4475000	       446	80000570	bd397a93	andi	x21,x18,-1069	 x18:0xff800003 x21=0xff800003
        4485000	       447	80000574	01207b33	and	x22,x0,x18	  x0:0x00000000 x18:0xff800003 x22=0x00000000
        4495000	       448	80000578	002e9f33	sll	x30,x29,x2	 x29:0x80009fc4  x2:0x000000c4 x30=0x0009fc40
        4505000	       449	8000057c	01e65893	srli	x17,x12,0x1e	 x12:0x80000320 x17=0x00000002
        4515000	       450	80000580	01517193	andi	x3,x2,21	  x2:0x000000c4  x3=0x00000004
        4525000	       451	80000584	b52c6013	ori	x0,x24,-1198	 x24:0x7ffffdbc
        4535000	       452	80000588	01ff8db3	add	x27,x31,x31	 x31:0x00000000 x31:0x00000000 x27=0x00000000
        4545000	       453	8000058c	03ffca63	blt	x31,x31,800005c0	 x31:0x00000000 x31:0x00000000
        4555000	       454	80000590	03e02813	slti	x16,x0,62	  x0:0x00000000 x16=0x00000001
        4565000	       455	80000594	00ab2f33	slt	x30,x22,x10	 x22:0x00000000 x10:0x00000001 x30=0x00000001
        4575000	       456	80000598	01d9db13	srli	x22,x19,0x1d	 x19:0x00000000 x22=0x00000000
        4585000	       457	8000059c	002fecb3	or	x25,x31,x2	 x31:0x00000000  x2:0x000000c4 x25=0x000000c4
        4595000	       458	800005a0	0023c0b3	xor	x1,x7,x2	  x7:0x22fc8000  x2:0x000000c4  x1=0x22fc80c4
        4605000	       459	800005a4	409d5413	srai	x8,x26,0x9	 x26:0xf26ef01a  x8=0xfff93778
        4615000	       460	800005a8	014d60b3	or	x1,x26,x20	 x26:0xf26ef01a x20:0x2cc9f43c  x1=0xfeeff43e
        4625000	       461	800005ac	9c6c6713	ori	x14,x24,-1594	 x24:0x7ffffdbc x14=0xfffffdfe
        4635000	       462	800005b0	0017ec33	or	x24,x15,x1	 x15:0xd5b28000  x1:0xfeeff43e x24=0xfffff43e
        4645000	       463	800005b4	93830113	addi	x2,x6,-1736	  x6:0xfffffa58  x2=0xfffff390
        4655000	       464	800005b8	41148e33	sub	x28,x9,x17	  x9:0x00000001 x17:0x00000002 x28=0xffffffff
        4665000	       465	800005bc	0338cc63	blt	x17,x19,800005f4	 x17:0x00000002 x19:0x00000000
        4675000	       466	800005c0	05878263	beq	x15,x24,80000604	 x15:0xd5b28000 x24:0xfffff43e
        4685000	       467	800005c4	01d67c33	and	x24,x12,x29	 x12:0x80000320 x29:0x80009fc4 x24=0x80000300
        4695000	       468	800005c8	ff48c513	xori	x10,x17,-12	 x17:0x00000002 x10=0xfffffff6
        4705000	       469	800005cc	00deb6b3	sltu	x13,x29,x13	 x29:0x80009fc4 x13:0x00000001 x13=0x00000000
        4715000	       470	800005d0	017fae33	slt	x28,x31,x23	 x31:0x00000000 x23:0x00000000 x28=0x00000000
        4725000	       471	800005d4	011c5b93	srli	x23,x24,0x11	 x24:0x80000300 x23=0x00004000
        4735000	       472	800005d8	96b8f897	auipc	x17,0x96b8f	 x17=0x16b8f5d4
        4745000	       473	800005dc	769ccf13	xori	x30,x25,1897	 x25:0x000000c4 x30=0x000007ad
        4755000	       474	800005e0	011cb1b3	sltu	x3,x25,x17	 x25:0x000000c4 x17:0x16b8f5d4  x3=0x00000001
        4765000	       475	800005e4	ea4448b7	lui	x17,0xea444	 x17=0xea444000
        4775000	       476	800005e8	00894633	xor	x12,x18,x8	 x18:0xff800003  x8:0xfff93778 x12=0x0079377b
        4785000	       477	800005ec	41a304b3	sub	x9,x6,x26	  x6:0xfffffa58 x26:0xf26ef01a  x9=0x0d910a3e
        4795000	       478	800005f0	00000013	addi	x0,x0,0	  x0:0x00000000
        4805000	       479	800005f4	b6292697	auipc	x13,0xb6292	 x13=0x362925f0
        4815000	       480	800005f8	40df0933	sub	x18,x30,x13	 x30:0x000007ad x13:0x362925f0 x18=0xc9d6e1bd
        4825000	       481	800005fc	01470463	beq	x14,x20,80000604	 x14:0xfffffdfe x20:0x2cc9f43c
        4835000	       482	80000600	00ddb933	sltu	x18,x27,x13	 x27:0x00000000 x13:0x362925f0 x18=0x00000001
        4845000	       483	80000604	002de263	bltu	x27,x2,80000608	 x27:0x00000000  x2:0xfffff390
        4855000	       484	00000000	00000013	addi	x0,x0,0	  x0:0x00000000
        4865000	       485	80000604	00000013	addi	x0,x0,0	  x0:0x00000000
        4875000	       486	80000608	41325413	srai	x8,x4,0x13	  x4:0x00000000  x8=0x00000000
        4885000	       487	8000060c	00bfe533	or	x10,x31,x11	 x31:0x00000000 x11:0x00000000 x10=0x00000000
        4895000	       488	80000610	01dce533	or	x10,x25,x29	 x25:0x000000c4 x29:0x80009fc4 x10=0x80009fc4
        4905000	       489	80000614	3eefc093	xori	x1,x31,1006	 x31:0x00000000  x1=0x000003ee
        4915000	       490	80000618	8ec16e37	lui	x28,0x8ec16	 x28=0x8ec16000
        4925000	       491	8000061c	00f0de13	srli	x28,x1,0xf	  x1:0x000003ee x28=0x00000000
        4935000	       492	80000620	40e20f33	sub	x30,x4,x14	  x4:0x00000000 x14:0xfffffdfe x30=0x00000202
        4945000	       493	80000624	0397e463	bltu	x15,x25,8000064c	 x15:0xd5b28000 x25:0x000000c4
        4955000	       494	80000628	7dee0593	addi	x11,x28,2014	 x28:0x00000000 x11=0x000007de
        4965000	       495	8000062c	2c0af213	andi	x4,x21,704	 x21:0xff800003  x4=0x00000000
        4975000	       496	80000630	01565d93	srli	x27,x12,0x15	 x12:0x0079377b x27=0x00000003
        4985000	       497	80000634	01905513	srli	x10,x0,0x19	  x0:0x00000000 x10=0x00000000
        4995000	       498	80000638	6699b813	sltiu	x16,x19,1641	 x19:0x00000000 x16=0x00000001
        5005000	       499	8000063c	001aec33	or	x24,x21,x1	 x21:0xff800003  x1:0x000003ee x24=0xff8003ef
        5015000	       500	80000640	41520a33	sub	x20,x4,x21	  x4:0x00000000 x21:0xff800003 x20=0x007ffffd
        5025000	       501	80000644	bdb6ed93	ori	x27,x13,-1061	 x13:0x362925f0 x27=0xfffffffb
        5035000	       502	80000648	0358f463	bgeu	x17,x21,80000670	 x17:0xea444000 x21:0xff800003
        5045000	       503	8000064c	012f6463	bltu	x30,x18,80000654	 x30:0x00000202 x18:0x00000001
        5055000	       504	80000650	ce1dea97	auipc	x21,0xce1de	 x21=0x4e1de64c
        5065000	       505	80000654	00cbd213	srli	x4,x23,0xc	 x23:0x00004000  x4=0x00000004
        5075000	       506	80000658	02981463	bne	x16,x9,80000680	 x16:0x00000001  x9:0x0d910a3e
        5085000	       507	00000000	00000013	addi	x0,x0,0	  x0:0x00000000
        5095000	       508	8000067c	00000013	addi	x0,x0,0	  x0:0x00000000
        5105000	       509	80000680	03f06663	bltu	x0,x31,800006ac	  x0:0x00000000 x31:0x00000000
        5115000	       510	80000684	057a0063	beq	x20,x23,800006c4	 x20:0x007ffffd x23:0x00004000
        5125000	       511	80000688	01865fb3	srl	x31,x12,x24	 x12:0x0079377b x24:0xff8003ef x31=0x000000f2
        5135000	       512	8000068c	e2847a37	lui	x20,0xe2847	 x20=0xe2847000
        5145000	       513	80000690	00434b33	xor	x22,x6,x4	  x6:0xfffffa58  x4:0x00000004 x22=0xfffffa5c
        5155000	       514	80000694	9aef7793	andi	x15,x30,-1618	 x30:0x00000202 x15=0x00000002
        5165000	       515	80000698	01d79bb3	sll	x23,x15,x29	 x15:0x00000002 x29:0x80009fc4 x23=0x00000020
        5175000	       516	8000069c	013e7c63	bgeu	x28,x19,800006b4	 x28:0x00000000 x19:0x00000000
        5185000	       517	00000000	00000013	addi	x0,x0,0	  x0:0x00000000
        5195000	       518	800006b0	00000013	addi	x0,x0,0	  x0:0x00000000
        5205000	       519	800006b4	01a68fb3	add	x31,x13,x26	 x13:0x362925f0 x26:0xf26ef01a x31=0x2898160a
        5215000	       520	800006b8	a3378c93	addi	x25,x15,-1485	 x15:0x00000002 x25=0xfffffa35
        5225000	       521	800006bc	3915c793	xori	x15,x11,913	 x11:0x000007de x15=0x0000044f
        5235000	       522	800006c0	40c55213	srai	x4,x10,0xc	 x10:0x00000000  x4=0x00000000
        5245000	       523	800006c4	0046be33	sltu	x28,x13,x4	 x13:0x362925f0  x4:0x00000000 x28=0x00000000
        5255000	       524	800006c8	01ba5e13	srli	x28,x20,0x1b	 x20:0xe2847000 x28=0x0000001c
        5265000	       525	800006cc	41a58a33	sub	x20,x11,x26	 x11:0x000007de x26:0xf26ef01a x20=0x0d9117c4
        5275000	       526	800006d0	7ee24793	xori	x15,x4,2030	  x4:0x00000000 x15=0x000007ee
        5285000	       527	800006d4	72013313	sltiu	x6,x2,1824	  x2:0xfffff390  x6=0x00000000
        5295000	       528	800006d8	00968ab3	add	x21,x13,x9	 x13:0x362925f0  x9:0x0d910a3e x21=0x43ba302e
        5305000	       529	800006dc	41b85b93	srai	x23,x16,0x1b	 x16:0x00000001 x23=0x00000000
        5315000	       530	800006e0	02f4ce63	blt	x9,x15,8000071c	  x9:0x0d910a3e x15:0x000007ee
        5325000	       531	800006e4	eb3d8593	addi	x11,x27,-333	 x27:0xfffffffb x11=0xfffffeae
        5335000	       532	800006e8	cf7ac913	xori	x18,x21,-777	 x21:0x43ba302e x18=0xbc45ccd9
        5345000	       533	800006ec	0172fcb3	and	x25,x5,x23	  x5:0x80009f84 x23:0x00000000 x25=0x00000000
        5355000	       534	800006f0	41cd5cb3	sra	x25,x26,x28	 x26:0xf26ef01a x28:0x0000001c x25=0xffffffff
        5365000	       535	800006f4	00000013	addi	x0,x0,0	  x0:0x00000000
        5375000	       536	800006f8	45edfe37	lui	x28,0x45edf	 x28=0x45edf000
        5385000	       537	800006fc	e601c993	xori	x19,x3,-416	  x3:0x00000001 x19=0xfffffe61
        5395000	       538	80000700	01fe1a13	slli	x20,x28,0x1f	 x28:0x45edf000 x20=0x00000000
        5405000	       539	80000704	33c8c637	lui	x12,0x33c8c	 x12=0x33c8c000
        5415000	       540	80000708	00bfe463	bltu	x31,x11,80000710	 x31:0x2898160a x11:0xfffffeae
        5425000	       541	00000000	00000013	addi	x0,x0,0	  x0:0x00000000
        5435000	       542	8000070c	00000013	addi	x0,x0,0	  x0:0x00000000
        5445000	       543	80000710	01b2d333	srl	x6,x5,x27	  x5:0x80009f84 x27:0xfffffffb  x6=0x00000010
        5455000	       544	80000714	023e8663	beq	x29,x3,80000740	 x29:0x80009fc4  x3:0x00000001
        5465000	       545	80000718	00467a63	bgeu	x12,x4,8000072c	 x12:0x33c8c000  x4:0x00000000
        5475000	       546	00000000	00000013	addi	x0,x0,0	  x0:0x00000000
        5485000	       547	80000728	00000013	addi	x0,x0,0	  x0:0x00000000
        5495000	       548	8000072c	0171d693	srli	x13,x3,0x17	  x3:0x00000001 x13=0x00000000
        5505000	       549	80000730	006f7e33	and	x28,x30,x6	 x30:0x00000202  x6:0x00000010 x28=0x00000000
        5515000	       550	80000734	00549433	sll	x8,x9,x5	  x9:0x0d910a3e  x5:0x80009f84  x8=0xd910a3e0
        5525000	       551	80000738	407f0833	sub	x16,x30,x7	 x30:0x00000202  x7:0x22fc8000 x16=0xdd038202
        5535000	       552	8000073c	009a70b3	and	x1,x20,x9	 x20:0x00000000  x9:0x0d910a3e  x1=0x00000000
        5545000	       553	80000740	002c3633	sltu	x12,x24,x2	 x24:0xff8003ef  x2:0xfffff390 x12=0x00000001
        5555000	       554	80000744	0089da93	srli	x21,x19,0x8	 x19:0xfffffe61 x21=0x00fffffe
        5565000	       555	80000748	00000d17	auipc	x26,0x0	 x26=0x80000744
        5575000	       556	8000074c	00cd0d13	addi	x26,x26,12	 x26:0x80000744 x26=0x80000750
        5585000	       557	80000750	000d0067	jalr	x0,x26,0	 x26:0x80000750
        5595000	       558	00000000	00000013	addi	x0,x0,0	  x0:0x00000000
        5605000	       559	80000750	00000013	addi	x0,x0,0	  x0:0x00000000
        5615000	       560	80000754	00100193	addi	x3,x0,1	  x0:0x00000000  x3=0x00000001
        5625000	       561	80000758	00000073	ecall	
        5635000	       562	8000075c	00965733	srl	x14,x12,x9	 x12:0x00000001  x9:0x0d910a3e x14=0x00000000
