		Time			Cycle	PC		Insn	Decoded instruction	Register and memory contents
          65000	         5	80000004	00000293	addi	x5,x0,0	  x0:0x00000000  x5=0x00000000
          75000	         6	80000008	00000313	addi	x6,x0,0	  x0:0x00000000  x6=0x00000000
          85000	         7	8000000c	00628263	beq	x5,x6,80000010	  x5:0x00000000  x6:0x00000000
          95000	         8	00000000	00000013	addi	x0,x0,0	  x0:0x00000000
         105000	         9	8000000c	00000013	addi	x0,x0,0	  x0:0x00000000
         115000	        10	80000010	00000a17	auipc	x20,0x0	 x20=0x8000000c
         125000	        11	80000014	00ca0a13	addi	x20,x20,12	 x20:0x8000000c x20=0x80000018
         135000	        12	80000018	000a0067	jalr	x0,x20,0	 x20:0x80000018
         145000	        13	00000000	00000013	addi	x0,x0,0	  x0:0x00000000
         155000	        14	80000018	00000013	addi	x0,x0,0	  x0:0x00000000
         165000	        15	8000001c	40000637	lui	x12,0x40000	 x12=0x40000000
         175000	        16	80000020	10060613	addi	x12,x12,256	 x12:0x40000000 x12=0x40000100
         185000	        17	80000024	00000013	addi	x0,x0,0	  x0:0x00000000
         195000	        18	80000028	0000a397	auipc	x7,0xa	  x7=0x8000a024
         205000	        19	8000002c	fa038393	addi	x7,x7,-96	  x7:0x8000a024  x7=0x80009fc4
         215000	        20	80000030	00005617	auipc	x12,0x5	 x12=0x8000502c
         225000	        21	80000034	e3460613	addi	x12,x12,-460	 x12:0x8000502c x12=0x80004e60
         235000	        22	80000038	00166613	ori	x12,x12,1	 x12:0x80004e60 x12=0x80004e61
         245000	        23	8000003c	00000013	addi	x0,x0,0	  x0:0x00000000
         255000	        24	80000040	00000617	auipc	x12,0x0	 x12=0x8000003c
         265000	        25	80000044	02060613	addi	x12,x12,32	 x12:0x8000003c x12=0x8000005c
         275000	        26	80000048	00000013	addi	x0,x0,0	  x0:0x00000000
         285000	        27	8000004c	00000013	addi	x0,x0,0	  x0:0x00000000
         295000	        28	80000050	00002637	lui	x12,0x2	 x12=0x00002000
         305000	        29	80000054	80060613	addi	x12,x12,-2048	 x12:0x00002000 x12=0x00001800
         315000	        30	80000058	00000013	addi	x0,x0,0	  x0:0x00000000
         325000	        31	8000005c	00000013	addi	x0,x0,0	  x0:0x00000000
         335000	        32	80000060	00000013	addi	x0,x0,0	  x0:0x00000000
         345000	        33	80000064	1c7c10b7	lui	x1,0x1c7c1	  x1=0x1c7c1000
         355000	        34	80000068	dfd08093	addi	x1,x1,-515	  x1:0x1c7c1000  x1=0x1c7c0dfd
         365000	        35	8000006c	80000137	lui	x2,0x80000	  x2=0x80000000
         375000	        36	80000070	800001b7	lui	x3,0x80000	  x3=0x80000000
         385000	        37	80000074	00000213	addi	x4,x0,0	  x0:0x00000000  x4=0x00000000
         395000	        38	80000078	00500293	addi	x5,x0,5	  x0:0x00000000  x5=0x00000005
         405000	        39	8000007c	80000337	lui	x6,0x80000	  x6=0x80000000
         415000	        40	80000080	f1087437	lui	x8,0xf1087	  x8=0xf1087000
         425000	        41	80000084	21440413	addi	x8,x8,532	  x8:0xf1087000  x8=0xf1087214
         435000	        42	80000088	00000493	addi	x9,x0,0	  x0:0x00000000  x9=0x00000000
         445000	        43	8000008c	80000537	lui	x10,0x80000	 x10=0x80000000
         455000	        44	80000090	ceae75b7	lui	x11,0xceae7	 x11=0xceae7000
         465000	        45	80000094	b4d58593	addi	x11,x11,-1203	 x11:0xceae7000 x11=0xceae6b4d
         475000	        46	80000098	00000613	addi	x12,x0,0	  x0:0x00000000 x12=0x00000000
         485000	        47	8000009c	00200693	addi	x13,x0,2	  x0:0x00000000 x13=0x00000002
         495000	        48	800000a0	80000737	lui	x14,0x80000	 x14=0x80000000
         505000	        49	800000a4	fd5847b7	lui	x15,0xfd584	 x15=0xfd584000
         515000	        50	800000a8	16278793	addi	x15,x15,354	 x15:0xfd584000 x15=0xfd584162
         525000	        51	800000ac	00000813	addi	x16,x0,0	  x0:0x00000000 x16=0x00000000
         535000	        52	800000b0	00a00893	addi	x17,x0,10	  x0:0x00000000 x17=0x0000000a
         545000	        53	800000b4	80000937	lui	x18,0x80000	 x18=0x80000000
         555000	        54	800000b8	800009b7	lui	x19,0x80000	 x19=0x80000000
         565000	        55	800000bc	00d00a13	addi	x20,x0,13	  x0:0x00000000 x20=0x0000000d
         575000	        56	800000c0	80000ab7	lui	x21,0x80000	 x21=0x80000000
         585000	        57	800000c4	00000b13	addi	x22,x0,0	  x0:0x00000000 x22=0x00000000
         595000	        58	800000c8	00000b93	addi	x23,x0,0	  x0:0x00000000 x23=0x00000000
         605000	        59	800000cc	00f00c13	addi	x24,x0,15	  x0:0x00000000 x24=0x0000000f
         615000	        60	800000d0	00000c93	addi	x25,x0,0	  x0:0x00000000 x25=0x00000000
         625000	        61	800000d4	00300d93	addi	x27,x0,3	  x0:0x00000000 x27=0x00000003
         635000	        62	800000d8	00300e13	addi	x28,x0,3	  x0:0x00000000 x28=0x00000003
         645000	        63	800000dc	00000e93	addi	x29,x0,0	  x0:0x00000000 x29=0x00000000
         655000	        64	800000e0	00000f13	addi	x30,x0,0	  x0:0x00000000 x30=0x00000000
         665000	        65	800000e4	00800f93	addi	x31,x0,8	  x0:0x00000000 x31=0x00000008
         675000	        66	800000e8	0000ad17	auipc	x26,0xa	 x26=0x8000a0e4
         685000	        67	800000ec	ea0d0d13	addi	x26,x26,-352	 x26:0x8000a0e4 x26=0x80009f84
         695000	        68	800000f0	0440036f	jal	x6,800000f0	  x6=0x800000f0
         705000	        69	00000000	00000013	addi	x0,x0,0	  x0:0x00000000
         715000	        70	80000130	00000013	addi	x0,x0,0	  x0:0x00000000
         725000	        71	80000134	ff5ff0ef	jal	x1,80000134	  x1=0x80000134
         735000	        72	00000000	00000013	addi	x0,x0,0	  x0:0x00000000
         745000	        73	80000124	00000013	addi	x0,x0,0	  x0:0x00000000
         755000	        74	80000128	fe5ffeef	jal	x29,80000128	 x29=0x80000128
         765000	        75	00000000	00000013	addi	x0,x0,0	  x0:0x00000000
         775000	        76	80000108	00000013	addi	x0,x0,0	  x0:0x00000000
         785000	        77	8000010c	ff1ff0ef	jal	x1,8000010c	  x1=0x8000010c
         795000	        78	00000000	00000013	addi	x0,x0,0	  x0:0x00000000
         805000	        79	800000f8	00000013	addi	x0,x0,0	  x0:0x00000000
         815000	        80	800000fc	01c0036f	jal	x6,800000fc	  x6=0x800000fc
         825000	        81	00000000	00000013	addi	x0,x0,0	  x0:0x00000000
         835000	        82	80000114	00000013	addi	x0,x0,0	  x0:0x00000000
         845000	        83	80000118	ffdff0ef	jal	x1,80000118	  x1=0x80000118
         855000	        84	00000000	00000013	addi	x0,x0,0	  x0:0x00000000
         865000	        85	80000110	00000013	addi	x0,x0,0	  x0:0x00000000
         875000	        86	80000114	ffdff2ef	jal	x5,80000114	  x5=0x80000114
         885000	        87	00000000	00000013	addi	x0,x0,0	  x0:0x00000000
         895000	        88	8000010c	00000013	addi	x0,x0,0	  x0:0x00000000
         905000	        89	80000110	01000cef	jal	x25,80000110	 x25=0x80000110
         915000	        90	00000000	00000013	addi	x0,x0,0	  x0:0x00000000
         925000	        91	8000011c	00000013	addi	x0,x0,0	  x0:0x00000000
         935000	        92	80000120	fd5ff36f	jal	x6,80000120	  x6=0x80000120
         945000	        93	00000000	00000013	addi	x0,x0,0	  x0:0x00000000
         955000	        94	800000f0	00000013	addi	x0,x0,0	  x0:0x00000000
         965000	        95	800000f4	0300016f	jal	x2,800000f4	  x2=0x800000f4
         975000	        96	00000000	00000013	addi	x0,x0,0	  x0:0x00000000
         985000	        97	80000120	00000013	addi	x0,x0,0	  x0:0x00000000
         995000	        98	80000124	ff9ff0ef	jal	x1,80000124	  x1=0x80000124
        1005000	        99	00000000	00000013	addi	x0,x0,0	  x0:0x00000000
        1015000	       100	80000118	00000013	addi	x0,x0,0	  x0:0x00000000
        1025000	       101	8000011c	fe5ff0ef	jal	x1,8000011c	  x1=0x8000011c
        1035000	       102	00000000	00000013	addi	x0,x0,0	  x0:0x00000000
        1045000	       103	800000fc	00000013	addi	x0,x0,0	  x0:0x00000000
        1055000	       104	80000100	008000ef	jal	x1,80000100	  x1=0x80000100
        1065000	       105	00000000	00000013	addi	x0,x0,0	  x0:0x00000000
        1075000	       106	80000104	00000013	addi	x0,x0,0	  x0:0x00000000
        1085000	       107	80000108	02800f6f	jal	x30,80000108	 x30=0x80000108
        1095000	       108	00000000	00000013	addi	x0,x0,0	  x0:0x00000000
        1105000	       109	8000012c	00000013	addi	x0,x0,0	  x0:0x00000000
        1115000	       110	80000130	fd5ff0ef	jal	x1,80000130	  x1=0x80000130
        1125000	       111	00000000	00000013	addi	x0,x0,0	  x0:0x00000000
        1135000	       112	80000100	00000013	addi	x0,x0,0	  x0:0x00000000
        1145000	       113	80000104	0340066f	jal	x12,80000104	 x12=0x80000104
        1155000	       114	00000000	00000013	addi	x0,x0,0	  x0:0x00000000
        1165000	       115	80000134	00000013	addi	x0,x0,0	  x0:0x00000000
        1175000	       116	80000138	ff5ff36f	jal	x6,80000138	  x6=0x80000138
        1185000	       117	00000000	00000013	addi	x0,x0,0	  x0:0x00000000
        1195000	       118	80000128	00000013	addi	x0,x0,0	  x0:0x00000000
        1205000	       119	8000012c	fcdff0ef	jal	x1,8000012c	  x1=0x8000012c
        1215000	       120	00000000	00000013	addi	x0,x0,0	  x0:0x00000000
        1225000	       121	800000f4	00000013	addi	x0,x0,0	  x0:0x00000000
        1235000	       122	800000f8	04400b6f	jal	x22,800000f8	 x22=0x800000f8
        1245000	       123	00000000	00000013	addi	x0,x0,0	  x0:0x00000000
        1255000	       124	80000138	00000013	addi	x0,x0,0	  x0:0x00000000
        1265000	       125	8000013c	1d778713	addi	x14,x15,471	 x15:0xfd584162 x14=0xfd584339
        1275000	       126	80000140	0440036f	jal	x6,80000140	  x6=0x80000140
        1285000	       127	00000000	00000013	addi	x0,x0,0	  x0:0x00000000
        1295000	       128	80000180	00000013	addi	x0,x0,0	  x0:0x00000000
        1305000	       129	80000184	fd9ff0ef	jal	x1,80000184	  x1=0x80000184
        1315000	       130	00000000	00000013	addi	x0,x0,0	  x0:0x00000000
        1325000	       131	80000158	00000013	addi	x0,x0,0	  x0:0x00000000
        1335000	       132	8000015c	0180036f	jal	x6,8000015c	  x6=0x8000015c
        1345000	       133	00000000	00000013	addi	x0,x0,0	  x0:0x00000000
        1355000	       134	80000170	00000013	addi	x0,x0,0	  x0:0x00000000
        1365000	       135	80000174	004000ef	jal	x1,80000174	  x1=0x80000174
        1375000	       136	00000000	00000013	addi	x0,x0,0	  x0:0x00000000
        1385000	       137	80000174	00000013	addi	x0,x0,0	  x0:0x00000000
        1395000	       138	80000178	ff1ff5ef	jal	x11,80000178	 x11=0x80000178
        1405000	       139	00000000	00000013	addi	x0,x0,0	  x0:0x00000000
        1415000	       140	80000164	00000013	addi	x0,x0,0	  x0:0x00000000
        1425000	       141	80000168	008000ef	jal	x1,80000168	  x1=0x80000168
        1435000	       142	00000000	00000013	addi	x0,x0,0	  x0:0x00000000
        1445000	       143	8000016c	00000013	addi	x0,x0,0	  x0:0x00000000
        1455000	       144	80000170	fddff86f	jal	x16,80000170	 x16=0x80000170
        1465000	       145	00000000	00000013	addi	x0,x0,0	  x0:0x00000000
        1475000	       146	80000148	00000013	addi	x0,x0,0	  x0:0x00000000
        1485000	       147	8000014c	0180036f	jal	x6,8000014c	  x6=0x8000014c
        1495000	       148	00000000	00000013	addi	x0,x0,0	  x0:0x00000000
        1505000	       149	80000160	00000013	addi	x0,x0,0	  x0:0x00000000
        1515000	       150	80000164	0240026f	jal	x4,80000164	  x4=0x80000164
        1525000	       151	00000000	00000013	addi	x0,x0,0	  x0:0x00000000
        1535000	       152	80000184	00000013	addi	x0,x0,0	  x0:0x00000000
        1545000	       153	80000188	fd1ff36f	jal	x6,80000188	  x6=0x80000188
        1555000	       154	00000000	00000013	addi	x0,x0,0	  x0:0x00000000
        1565000	       155	80000154	00000013	addi	x0,x0,0	  x0:0x00000000
        1575000	       156	80000158	fedff0ef	jal	x1,80000158	  x1=0x80000158
        1585000	       157	00000000	00000013	addi	x0,x0,0	  x0:0x00000000
        1595000	       158	80000140	00000013	addi	x0,x0,0	  x0:0x00000000
        1605000	       159	80000144	03c002ef	jal	x5,80000144	  x5=0x80000144
        1615000	       160	00000000	00000013	addi	x0,x0,0	  x0:0x00000000
        1625000	       161	8000017c	00000013	addi	x0,x0,0	  x0:0x00000000
        1635000	       162	80000180	fe1ff16f	jal	x2,80000180	  x2=0x80000180
        1645000	       163	00000000	00000013	addi	x0,x0,0	  x0:0x00000000
        1655000	       164	8000015c	00000013	addi	x0,x0,0	  x0:0x00000000
        1665000	       165	80000160	ff1ff0ef	jal	x1,80000160	  x1=0x80000160
        1675000	       166	00000000	00000013	addi	x0,x0,0	  x0:0x00000000
        1685000	       167	8000014c	00000013	addi	x0,x0,0	  x0:0x00000000
        1695000	       168	80000150	03c0036f	jal	x6,80000150	  x6=0x80000150
        1705000	       169	00000000	00000013	addi	x0,x0,0	  x0:0x00000000
        1715000	       170	80000188	00000013	addi	x0,x0,0	  x0:0x00000000
        1725000	       171	8000018c	fe1ff36f	jal	x6,8000018c	  x6=0x8000018c
        1735000	       172	00000000	00000013	addi	x0,x0,0	  x0:0x00000000
        1745000	       173	80000168	00000013	addi	x0,x0,0	  x0:0x00000000
        1755000	       174	8000016c	010000ef	jal	x1,8000016c	  x1=0x8000016c
        1765000	       175	00000000	00000013	addi	x0,x0,0	  x0:0x00000000
        1775000	       176	80000178	00000013	addi	x0,x0,0	  x0:0x00000000
        1785000	       177	8000017c	fd9ff16f	jal	x2,8000017c	  x2=0x8000017c
        1795000	       178	00000000	00000013	addi	x0,x0,0	  x0:0x00000000
        1805000	       179	80000150	00000013	addi	x0,x0,0	  x0:0x00000000
        1815000	       180	80000154	ff5ff0ef	jal	x1,80000154	  x1=0x80000154
        1825000	       181	00000000	00000013	addi	x0,x0,0	  x0:0x00000000
        1835000	       182	80000144	00000013	addi	x0,x0,0	  x0:0x00000000
        1845000	       183	80000148	048000ef	jal	x1,80000148	  x1=0x80000148
        1855000	       184	00000000	00000013	addi	x0,x0,0	  x0:0x00000000
        1865000	       185	8000018c	00000013	addi	x0,x0,0	  x0:0x00000000
        1875000	       186	80000190	01596733	or	x14,x18,x21	 x18:0x80000000 x21:0x80000000 x14=0x80000000
        1885000	       187	80000194	0140036f	jal	x6,80000194	  x6=0x80000194
        1895000	       188	00000000	00000013	addi	x0,x0,0	  x0:0x00000000
        1905000	       189	800001a4	00000013	addi	x0,x0,0	  x0:0x00000000
        1915000	       190	800001a8	01c0036f	jal	x6,800001a8	  x6=0x800001a8
        1925000	       191	00000000	00000013	addi	x0,x0,0	  x0:0x00000000
        1935000	       192	800001c0	00000013	addi	x0,x0,0	  x0:0x00000000
        1945000	       193	800001c4	fd9ff0ef	jal	x1,800001c4	  x1=0x800001c4
        1955000	       194	00000000	00000013	addi	x0,x0,0	  x0:0x00000000
        1965000	       195	80000198	00000013	addi	x0,x0,0	  x0:0x00000000
        1975000	       196	8000019c	ffdff36f	jal	x6,8000019c	  x6=0x8000019c
        1985000	       197	00000000	00000013	addi	x0,x0,0	  x0:0x00000000
        1995000	       198	80000194	00000013	addi	x0,x0,0	  x0:0x00000000
        2005000	       199	80000198	00c0056f	jal	x10,80000198	 x10=0x80000198
        2015000	       200	00000000	00000013	addi	x0,x0,0	  x0:0x00000000
        2025000	       201	800001a0	00000013	addi	x0,x0,0	  x0:0x00000000
        2035000	       202	800001a4	008000ef	jal	x1,800001a4	  x1=0x800001a4
        2045000	       203	00000000	00000013	addi	x0,x0,0	  x0:0x00000000
        2055000	       204	800001a8	00000013	addi	x0,x0,0	  x0:0x00000000
        2065000	       205	800001ac	014000ef	jal	x1,800001ac	  x1=0x800001ac
        2075000	       206	00000000	00000013	addi	x0,x0,0	  x0:0x00000000
        2085000	       207	800001bc	00000013	addi	x0,x0,0	  x0:0x00000000
        2095000	       208	800001c0	008000ef	jal	x1,800001c0	  x1=0x800001c0
        2105000	       209	00000000	00000013	addi	x0,x0,0	  x0:0x00000000
        2115000	       210	800001c4	00000013	addi	x0,x0,0	  x0:0x00000000
        2125000	       211	800001c8	fd9ff0ef	jal	x1,800001c8	  x1=0x800001c8
        2135000	       212	00000000	00000013	addi	x0,x0,0	  x0:0x00000000
        2145000	       213	8000019c	00000013	addi	x0,x0,0	  x0:0x00000000
        2155000	       214	800001a0	014001ef	jal	x3,800001a0	  x3=0x800001a0
        2165000	       215	00000000	00000013	addi	x0,x0,0	  x0:0x00000000
        2175000	       216	800001b0	00000013	addi	x0,x0,0	  x0:0x00000000
        2185000	       217	800001b4	0040056f	jal	x10,800001b4	 x10=0x800001b4
        2195000	       218	00000000	00000013	addi	x0,x0,0	  x0:0x00000000
        2205000	       219	800001b4	00000013	addi	x0,x0,0	  x0:0x00000000
        2215000	       220	800001b8	ff9ff36f	jal	x6,800001b8	  x6=0x800001b8
        2225000	       221	00000000	00000013	addi	x0,x0,0	  x0:0x00000000
        2235000	       222	800001ac	00000013	addi	x0,x0,0	  x0:0x00000000
        2245000	       223	800001b0	00c00fef	jal	x31,800001b0	 x31=0x800001b0
        2255000	       224	00000000	00000013	addi	x0,x0,0	  x0:0x00000000
        2265000	       225	800001b8	00000013	addi	x0,x0,0	  x0:0x00000000
        2275000	       226	800001bc	01000aef	jal	x21,800001bc	 x21=0x800001bc
        2285000	       227	00000000	00000013	addi	x0,x0,0	  x0:0x00000000
        2295000	       228	800001c8	00000013	addi	x0,x0,0	  x0:0x00000000
        2305000	       229	800001cc	015509b3	add	x19,x10,x21	 x10:0x800001b4 x21:0x800001bc x19=0x00000370
        2315000	       230	800001d0	0300036f	jal	x6,800001d0	  x6=0x800001d0
        2325000	       231	00000000	00000013	addi	x0,x0,0	  x0:0x00000000
        2335000	       232	800001fc	00000013	addi	x0,x0,0	  x0:0x00000000
        2345000	       233	80000200	004000ef	jal	x1,80000200	  x1=0x80000200
        2355000	       234	00000000	00000013	addi	x0,x0,0	  x0:0x00000000
        2365000	       235	80000200	00000013	addi	x0,x0,0	  x0:0x00000000
        2375000	       236	80000204	fd5ff0ef	jal	x1,80000204	  x1=0x80000204
        2385000	       237	00000000	00000013	addi	x0,x0,0	  x0:0x00000000
        2395000	       238	800001d4	00000013	addi	x0,x0,0	  x0:0x00000000
        2405000	       239	800001d8	00c00e6f	jal	x28,800001d8	 x28=0x800001d8
        2415000	       240	00000000	00000013	addi	x0,x0,0	  x0:0x00000000
        2425000	       241	800001e0	00000013	addi	x0,x0,0	  x0:0x00000000
        2435000	       242	800001e4	ffdff36f	jal	x6,800001e4	  x6=0x800001e4
        2445000	       243	00000000	00000013	addi	x0,x0,0	  x0:0x00000000
        2455000	       244	800001dc	00000013	addi	x0,x0,0	  x0:0x00000000
        2465000	       245	800001e0	01c00b6f	jal	x22,800001e0	 x22=0x800001e0
        2475000	       246	00000000	00000013	addi	x0,x0,0	  x0:0x00000000
        2485000	       247	800001f8	00000013	addi	x0,x0,0	  x0:0x00000000
        2495000	       248	800001fc	ffdff0ef	jal	x1,800001fc	  x1=0x800001fc
        2505000	       249	00000000	00000013	addi	x0,x0,0	  x0:0x00000000
        2515000	       250	800001f4	00000013	addi	x0,x0,0	  x0:0x00000000
        2525000	       251	800001f8	fddffcef	jal	x25,800001f8	 x25=0x800001f8
        2535000	       252	00000000	00000013	addi	x0,x0,0	  x0:0x00000000
        2545000	       253	800001d0	00000013	addi	x0,x0,0	  x0:0x00000000
        2555000	       254	800001d4	020000ef	jal	x1,800001d4	  x1=0x800001d4
        2565000	       255	00000000	00000013	addi	x0,x0,0	  x0:0x00000000
        2575000	       256	800001f0	00000013	addi	x0,x0,0	  x0:0x00000000
        2585000	       257	800001f4	fe9ff2ef	jal	x5,800001f4	  x5=0x800001f4
        2595000	       258	00000000	00000013	addi	x0,x0,0	  x0:0x00000000
        2605000	       259	800001d8	00000013	addi	x0,x0,0	  x0:0x00000000
        2615000	       260	800001dc	0100036f	jal	x6,800001dc	  x6=0x800001dc
        2625000	       261	00000000	00000013	addi	x0,x0,0	  x0:0x00000000
        2635000	       262	800001e8	00000013	addi	x0,x0,0	  x0:0x00000000
        2645000	       263	800001ec	ffdff36f	jal	x6,800001ec	  x6=0x800001ec
        2655000	       264	00000000	00000013	addi	x0,x0,0	  x0:0x00000000
        2665000	       265	800001e4	00000013	addi	x0,x0,0	  x0:0x00000000
        2675000	       266	800001e8	0080036f	jal	x6,800001e8	  x6=0x800001e8
        2685000	       267	00000000	00000013	addi	x0,x0,0	  x0:0x00000000
        2695000	       268	800001ec	00000013	addi	x0,x0,0	  x0:0x00000000
        2705000	       269	800001f0	018000ef	jal	x1,800001f0	  x1=0x800001f0
        2715000	       270	00000000	00000013	addi	x0,x0,0	  x0:0x00000000
        2725000	       271	80000204	00000013	addi	x0,x0,0	  x0:0x00000000
        2735000	       272	80000208	004000ef	jal	x1,80000208	  x1=0x80000208
        2745000	       273	00000000	00000013	addi	x0,x0,0	  x0:0x00000000
        2755000	       274	80000208	00000013	addi	x0,x0,0	  x0:0x00000000
        2765000	       275	8000020c	3de2d597	auipc	x11,0x3de2d	 x11=0xbde2d208
        2775000	       276	80000210	01c0036f	jal	x6,80000210	  x6=0x80000210
        2785000	       277	00000000	00000013	addi	x0,x0,0	  x0:0x00000000
        2795000	       278	80000228	00000013	addi	x0,x0,0	  x0:0x00000000
        2805000	       279	8000022c	ffdff0ef	jal	x1,8000022c	  x1=0x8000022c
        2815000	       280	00000000	00000013	addi	x0,x0,0	  x0:0x00000000
        2825000	       281	80000224	00000013	addi	x0,x0,0	  x0:0x00000000
        2835000	       282	80000228	ff5ffdef	jal	x27,80000228	 x27=0x80000228
        2845000	       283	00000000	00000013	addi	x0,x0,0	  x0:0x00000000
        2855000	       284	80000218	00000013	addi	x0,x0,0	  x0:0x00000000
        2865000	       285	8000021c	0040036f	jal	x6,8000021c	  x6=0x8000021c
        2875000	       286	00000000	00000013	addi	x0,x0,0	  x0:0x00000000
        2885000	       287	8000021c	00000013	addi	x0,x0,0	  x0:0x00000000
        2895000	       288	80000220	ff5ff0ef	jal	x1,80000220	  x1=0x80000220
        2905000	       289	00000000	00000013	addi	x0,x0,0	  x0:0x00000000
        2915000	       290	80000210	00000013	addi	x0,x0,0	  x0:0x00000000
        2925000	       291	80000214	0200036f	jal	x6,80000214	  x6=0x80000214
        2935000	       292	00000000	00000013	addi	x0,x0,0	  x0:0x00000000
        2945000	       293	80000230	00000013	addi	x0,x0,0	  x0:0x00000000
        2955000	       294	80000234	008009ef	jal	x19,80000234	 x19=0x80000234
        2965000	       295	00000000	00000013	addi	x0,x0,0	  x0:0x00000000
        2975000	       296	80000238	00000013	addi	x0,x0,0	  x0:0x00000000
        2985000	       297	8000023c	fe9ff36f	jal	x6,8000023c	  x6=0x8000023c
        2995000	       298	00000000	00000013	addi	x0,x0,0	  x0:0x00000000
        3005000	       299	80000220	00000013	addi	x0,x0,0	  x0:0x00000000
        3015000	       300	80000224	00c000ef	jal	x1,80000224	  x1=0x80000224
        3025000	       301	00000000	00000013	addi	x0,x0,0	  x0:0x00000000
        3035000	       302	8000022c	00000013	addi	x0,x0,0	  x0:0x00000000
        3045000	       303	80000230	fe9ff96f	jal	x18,80000230	 x18=0x80000230
        3055000	       304	00000000	00000013	addi	x0,x0,0	  x0:0x00000000
        3065000	       305	80000214	00000013	addi	x0,x0,0	  x0:0x00000000
        3075000	       306	80000218	0200016f	jal	x2,80000218	  x2=0x80000218
        3085000	       307	00000000	00000013	addi	x0,x0,0	  x0:0x00000000
        3095000	       308	80000234	00000013	addi	x0,x0,0	  x0:0x00000000
        3105000	       309	80000238	0080036f	jal	x6,80000238	  x6=0x80000238
        3115000	       310	00000000	00000013	addi	x0,x0,0	  x0:0x00000000
        3125000	       311	8000023c	00000013	addi	x0,x0,0	  x0:0x00000000
        3135000	       312	80000240	00a844b3	xor	x9,x16,x10	 x16:0x80000170 x10:0x800001b4  x9=0x000000c4
        3145000	       313	80000244	03c0036f	jal	x6,80000244	  x6=0x80000244
        3155000	       314	00000000	00000013	addi	x0,x0,0	  x0:0x00000000
        3165000	       315	8000027c	00000013	addi	x0,x0,0	  x0:0x00000000
        3175000	       316	80000280	01c000ef	jal	x1,80000280	  x1=0x80000280
        3185000	       317	00000000	00000013	addi	x0,x0,0	  x0:0x00000000
        3195000	       318	80000298	00000013	addi	x0,x0,0	  x0:0x00000000
        3205000	       319	8000029c	fc5ff0ef	jal	x1,8000029c	  x1=0x8000029c
        3215000	       320	00000000	00000013	addi	x0,x0,0	  x0:0x00000000
        3225000	       321	8000025c	00000013	addi	x0,x0,0	  x0:0x00000000
        3235000	       322	80000260	ffdff0ef	jal	x1,80000260	  x1=0x80000260
        3245000	       323	00000000	00000013	addi	x0,x0,0	  x0:0x00000000
        3255000	       324	80000258	00000013	addi	x0,x0,0	  x0:0x00000000
        3265000	       325	8000025c	05c000ef	jal	x1,8000025c	  x1=0x8000025c
        3275000	       326	00000000	00000013	addi	x0,x0,0	  x0:0x00000000
        3285000	       327	800002b4	00000013	addi	x0,x0,0	  x0:0x00000000
        3295000	       328	800002b8	fc5ff16f	jal	x2,800002b8	  x2=0x800002b8
        3305000	       329	00000000	00000013	addi	x0,x0,0	  x0:0x00000000
        3315000	       330	80000278	00000013	addi	x0,x0,0	  x0:0x00000000
        3325000	       331	8000027c	00c0036f	jal	x6,8000027c	  x6=0x8000027c
        3335000	       332	00000000	00000013	addi	x0,x0,0	  x0:0x00000000
        3345000	       333	80000284	00000013	addi	x0,x0,0	  x0:0x00000000
        3355000	       334	80000288	fc5ffaef	jal	x21,80000288	 x21=0x80000288
        3365000	       335	00000000	00000013	addi	x0,x0,0	  x0:0x00000000
        3375000	       336	80000248	00000013	addi	x0,x0,0	  x0:0x00000000
        3385000	       337	8000024c	ffdff46f	jal	x8,8000024c	  x8=0x8000024c
        3395000	       338	00000000	00000013	addi	x0,x0,0	  x0:0x00000000
        3405000	       339	80000244	00000013	addi	x0,x0,0	  x0:0x00000000
        3415000	       340	80000248	02c0036f	jal	x6,80000248	  x6=0x80000248
        3425000	       341	00000000	00000013	addi	x0,x0,0	  x0:0x00000000
        3435000	       342	80000270	00000013	addi	x0,x0,0	  x0:0x00000000
        3445000	       343	80000274	010000ef	jal	x1,80000274	  x1=0x80000274
        3455000	       344	00000000	00000013	addi	x0,x0,0	  x0:0x00000000
        3465000	       345	80000280	00000013	addi	x0,x0,0	  x0:0x00000000
        3475000	       346	80000284	fe9ff86f	jal	x16,80000284	 x16=0x80000284
        3485000	       347	00000000	00000013	addi	x0,x0,0	  x0:0x00000000
        3495000	       348	80000268	00000013	addi	x0,x0,0	  x0:0x00000000
        3505000	       349	8000026c	ffdff0ef	jal	x1,8000026c	  x1=0x8000026c
        3515000	       350	00000000	00000013	addi	x0,x0,0	  x0:0x00000000
        3525000	       351	80000264	00000013	addi	x0,x0,0	  x0:0x00000000
        3535000	       352	80000268	fe9ff0ef	jal	x1,80000268	  x1=0x80000268
        3545000	       353	00000000	00000013	addi	x0,x0,0	  x0:0x00000000
        3555000	       354	8000024c	00000013	addi	x0,x0,0	  x0:0x00000000
        3565000	       355	80000250	0280036f	jal	x6,80000250	  x6=0x80000250
        3575000	       356	00000000	00000013	addi	x0,x0,0	  x0:0x00000000
        3585000	       357	80000274	00000013	addi	x0,x0,0	  x0:0x00000000
        3595000	       358	80000278	030000ef	jal	x1,80000278	  x1=0x80000278
        3605000	       359	00000000	00000013	addi	x0,x0,0	  x0:0x00000000
        3615000	       360	800002a4	00000013	addi	x0,x0,0	  x0:0x00000000
        3625000	       361	800002a8	ff1ffeef	jal	x29,800002a8	 x29=0x800002a8
        3635000	       362	00000000	00000013	addi	x0,x0,0	  x0:0x00000000
        3645000	       363	80000294	00000013	addi	x0,x0,0	  x0:0x00000000
        3655000	       364	80000298	fbdff36f	jal	x6,80000298	  x6=0x80000298
        3665000	       365	00000000	00000013	addi	x0,x0,0	  x0:0x00000000
        3675000	       366	80000250	00000013	addi	x0,x0,0	  x0:0x00000000
        3685000	       367	80000254	01c0036f	jal	x6,80000254	  x6=0x80000254
        3695000	       368	00000000	00000013	addi	x0,x0,0	  x0:0x00000000
        3705000	       369	8000026c	00000013	addi	x0,x0,0	  x0:0x00000000
        3715000	       370	80000270	01c0056f	jal	x10,80000270	 x10=0x80000270
        3725000	       371	00000000	00000013	addi	x0,x0,0	  x0:0x00000000
        3735000	       372	80000288	00000013	addi	x0,x0,0	  x0:0x00000000
        3745000	       373	8000028c	0240016f	jal	x2,8000028c	  x2=0x8000028c
        3755000	       374	00000000	00000013	addi	x0,x0,0	  x0:0x00000000
        3765000	       375	800002ac	00000013	addi	x0,x0,0	  x0:0x00000000
        3775000	       376	800002b0	004005ef	jal	x11,800002b0	 x11=0x800002b0
        3785000	       377	00000000	00000013	addi	x0,x0,0	  x0:0x00000000
        3795000	       378	800002b0	00000013	addi	x0,x0,0	  x0:0x00000000
        3805000	       379	800002b4	fedff36f	jal	x6,800002b4	  x6=0x800002b4
        3815000	       380	00000000	00000013	addi	x0,x0,0	  x0:0x00000000
        3825000	       381	8000029c	00000013	addi	x0,x0,0	  x0:0x00000000
        3835000	       382	800002a0	00c000ef	jal	x1,800002a0	  x1=0x800002a0
        3845000	       383	00000000	00000013	addi	x0,x0,0	  x0:0x00000000
        3855000	       384	800002a8	00000013	addi	x0,x0,0	  x0:0x00000000
        3865000	       385	800002ac	fe5ff0ef	jal	x1,800002ac	  x1=0x800002ac
        3875000	       386	00000000	00000013	addi	x0,x0,0	  x0:0x00000000
        3885000	       387	8000028c	00000013	addi	x0,x0,0	  x0:0x00000000
        3895000	       388	80000290	014000ef	jal	x1,80000290	  x1=0x80000290
        3905000	       389	00000000	00000013	addi	x0,x0,0	  x0:0x00000000
        3915000	       390	800002a0	00000013	addi	x0,x0,0	  x0:0x00000000
        3925000	       391	800002a4	fc1ff0ef	jal	x1,800002a4	  x1=0x800002a4
        3935000	       392	00000000	00000013	addi	x0,x0,0	  x0:0x00000000
        3945000	       393	80000260	00000013	addi	x0,x0,0	  x0:0x00000000
        3955000	       394	80000264	ff5ff0ef	jal	x1,80000264	  x1=0x80000264
        3965000	       395	00000000	00000013	addi	x0,x0,0	  x0:0x00000000
        3975000	       396	80000254	00000013	addi	x0,x0,0	  x0:0x00000000
        3985000	       397	80000258	03c000ef	jal	x1,80000258	  x1=0x80000258
        3995000	       398	00000000	00000013	addi	x0,x0,0	  x0:0x00000000
        4005000	       399	80000290	00000013	addi	x0,x0,0	  x0:0x00000000
        4015000	       400	80000294	028000ef	jal	x1,80000294	  x1=0x80000294
        4025000	       401	00000000	00000013	addi	x0,x0,0	  x0:0x00000000
        4035000	       402	800002b8	00000013	addi	x0,x0,0	  x0:0x00000000
        4045000	       403	800002bc	b0140c13	addi	x24,x8,-1279	  x8:0x8000024c x24=0x7ffffd4d
        4055000	       404	800002c0	0280036f	jal	x6,800002c0	  x6=0x800002c0
        4065000	       405	00000000	00000013	addi	x0,x0,0	  x0:0x00000000
        4075000	       406	800002e4	00000013	addi	x0,x0,0	  x0:0x00000000
        4085000	       407	800002e8	0140036f	jal	x6,800002e8	  x6=0x800002e8
        4095000	       408	00000000	00000013	addi	x0,x0,0	  x0:0x00000000
        4105000	       409	800002f8	00000013	addi	x0,x0,0	  x0:0x00000000
        4115000	       410	800002fc	fe5ff16f	jal	x2,800002fc	  x2=0x800002fc
        4125000	       411	00000000	00000013	addi	x0,x0,0	  x0:0x00000000
        4135000	       412	800002dc	00000013	addi	x0,x0,0	  x0:0x00000000
        4145000	       413	800002e0	004000ef	jal	x1,800002e0	  x1=0x800002e0
        4155000	       414	00000000	00000013	addi	x0,x0,0	  x0:0x00000000
        4165000	       415	800002e0	00000013	addi	x0,x0,0	  x0:0x00000000
        4175000	       416	800002e4	0100036f	jal	x6,800002e4	  x6=0x800002e4
        4185000	       417	00000000	00000013	addi	x0,x0,0	  x0:0x00000000
        4195000	       418	800002f0	00000013	addi	x0,x0,0	  x0:0x00000000
        4205000	       419	800002f4	ff9ff0ef	jal	x1,800002f4	  x1=0x800002f4
        4215000	       420	00000000	00000013	addi	x0,x0,0	  x0:0x00000000
        4225000	       421	800002e8	00000013	addi	x0,x0,0	  x0:0x00000000
        4235000	       422	800002ec	004000ef	jal	x1,800002ec	  x1=0x800002ec
        4245000	       423	00000000	00000013	addi	x0,x0,0	  x0:0x00000000
        4255000	       424	800002ec	00000013	addi	x0,x0,0	  x0:0x00000000
        4265000	       425	800002f0	fe1ff26f	jal	x4,800002f0	  x4=0x800002f0
        4275000	       426	00000000	00000013	addi	x0,x0,0	  x0:0x00000000
        4285000	       427	800002cc	00000013	addi	x0,x0,0	  x0:0x00000000
        4295000	       428	800002d0	0280056f	jal	x10,800002d0	 x10=0x800002d0
        4305000	       429	00000000	00000013	addi	x0,x0,0	  x0:0x00000000
        4315000	       430	800002f4	00000013	addi	x0,x0,0	  x0:0x00000000
        4325000	       431	800002f8	fddff36f	jal	x6,800002f8	  x6=0x800002f8
        4335000	       432	00000000	00000013	addi	x0,x0,0	  x0:0x00000000
        4345000	       433	800002d0	00000013	addi	x0,x0,0	  x0:0x00000000
        4355000	       434	800002d4	0080016f	jal	x2,800002d4	  x2=0x800002d4
        4365000	       435	00000000	00000013	addi	x0,x0,0	  x0:0x00000000
        4375000	       436	800002d8	00000013	addi	x0,x0,0	  x0:0x00000000
        4385000	       437	800002dc	024000ef	jal	x1,800002dc	  x1=0x800002dc
        4395000	       438	00000000	00000013	addi	x0,x0,0	  x0:0x00000000
        4405000	       439	800002fc	00000013	addi	x0,x0,0	  x0:0x00000000
        4415000	       440	80000300	fd9ff0ef	jal	x1,80000300	  x1=0x80000300
        4425000	       441	00000000	00000013	addi	x0,x0,0	  x0:0x00000000
        4435000	       442	800002d4	00000013	addi	x0,x0,0	  x0:0x00000000
        4445000	       443	800002d8	ff1ff0ef	jal	x1,800002d8	  x1=0x800002d8
        4455000	       444	00000000	00000013	addi	x0,x0,0	  x0:0x00000000
        4465000	       445	800002c4	00000013	addi	x0,x0,0	  x0:0x00000000
        4475000	       446	800002c8	ffdffe6f	jal	x28,800002c8	 x28=0x800002c8
        4485000	       447	00000000	00000013	addi	x0,x0,0	  x0:0x00000000
        4495000	       448	800002c0	00000013	addi	x0,x0,0	  x0:0x00000000
        4505000	       449	800002c4	008000ef	jal	x1,800002c4	  x1=0x800002c4
        4515000	       450	00000000	00000013	addi	x0,x0,0	  x0:0x00000000
        4525000	       451	800002c8	00000013	addi	x0,x0,0	  x0:0x00000000
        4535000	       452	800002cc	03800aef	jal	x21,800002cc	 x21=0x800002cc
        4545000	       453	00000000	00000013	addi	x0,x0,0	  x0:0x00000000
        4555000	       454	80000300	00000013	addi	x0,x0,0	  x0:0x00000000
        4565000	       455	80000304	84a34013	xori	x0,x6,-1974	  x6:0x800002f8
        4575000	       456	80000308	02c0036f	jal	x6,80000308	  x6=0x80000308
        4585000	       457	00000000	00000013	addi	x0,x0,0	  x0:0x00000000
        4595000	       458	80000330	00000013	addi	x0,x0,0	  x0:0x00000000
        4605000	       459	80000334	fe5ff0ef	jal	x1,80000334	  x1=0x80000334
        4615000	       460	00000000	00000013	addi	x0,x0,0	  x0:0x00000000
        4625000	       461	80000314	00000013	addi	x0,x0,0	  x0:0x00000000
        4635000	       462	80000318	00c006ef	jal	x13,80000318	 x13=0x80000318
        4645000	       463	00000000	00000013	addi	x0,x0,0	  x0:0x00000000
        4655000	       464	80000320	00000013	addi	x0,x0,0	  x0:0x00000000
        4665000	       465	80000324	ff1ffc6f	jal	x24,80000324	 x24=0x80000324
        4675000	       466	00000000	00000013	addi	x0,x0,0	  x0:0x00000000
        4685000	       467	80000310	00000013	addi	x0,x0,0	  x0:0x00000000
        4695000	       468	80000314	018000ef	jal	x1,80000314	  x1=0x80000314
        4705000	       469	00000000	00000013	addi	x0,x0,0	  x0:0x00000000
        4715000	       470	80000328	00000013	addi	x0,x0,0	  x0:0x00000000
        4725000	       471	8000032c	fe1ff0ef	jal	x1,8000032c	  x1=0x8000032c
        4735000	       472	00000000	00000013	addi	x0,x0,0	  x0:0x00000000
        4745000	       473	80000308	00000013	addi	x0,x0,0	  x0:0x00000000
        4755000	       474	8000030c	024000ef	jal	x1,8000030c	  x1=0x8000030c
        4765000	       475	00000000	00000013	addi	x0,x0,0	  x0:0x00000000
        4775000	       476	8000032c	00000013	addi	x0,x0,0	  x0:0x00000000
        4785000	       477	80000330	ff1ff0ef	jal	x1,80000330	  x1=0x80000330
        4795000	       478	00000000	00000013	addi	x0,x0,0	  x0:0x00000000
        4805000	       479	8000031c	00000013	addi	x0,x0,0	  x0:0x00000000
        4815000	       480	80000320	ff1ff0ef	jal	x1,80000320	  x1=0x80000320
        4825000	       481	00000000	00000013	addi	x0,x0,0	  x0:0x00000000
        4835000	       482	8000030c	00000013	addi	x0,x0,0	  x0:0x00000000
        4845000	       483	80000310	02c0086f	jal	x16,80000310	 x16=0x80000310
        4855000	       484	00000000	00000013	addi	x0,x0,0	  x0:0x00000000
        4865000	       485	80000338	00000013	addi	x0,x0,0	  x0:0x00000000
        4875000	       486	8000033c	fe1ffc6f	jal	x24,8000033c	 x24=0x8000033c
        4885000	       487	00000000	00000013	addi	x0,x0,0	  x0:0x00000000
        4895000	       488	80000318	00000013	addi	x0,x0,0	  x0:0x00000000
        4905000	       489	8000031c	01c000ef	jal	x1,8000031c	  x1=0x8000031c
        4915000	       490	00000000	00000013	addi	x0,x0,0	  x0:0x00000000
        4925000	       491	80000334	00000013	addi	x0,x0,0	  x0:0x00000000
        4935000	       492	80000338	ff1ff0ef	jal	x1,80000338	  x1=0x80000338
        4945000	       493	00000000	00000013	addi	x0,x0,0	  x0:0x00000000
        4955000	       494	80000324	00000013	addi	x0,x0,0	  x0:0x00000000
        4965000	       495	80000328	0180036f	jal	x6,80000328	  x6=0x80000328
        4975000	       496	00000000	00000013	addi	x0,x0,0	  x0:0x00000000
        4985000	       497	8000033c	00000013	addi	x0,x0,0	  x0:0x00000000
        4995000	       498	80000340	419a0db3	sub	x27,x20,x25	 x20:0x0000000d x25:0x800001f8 x27=0x7ffffe15
        5005000	       499	80000344	e13a6e93	ori	x29,x20,-493	 x20:0x0000000d x29=0xfffffe1f
        5015000	       500	80000348	04c26263	bltu	x4,x12,8000038c	  x4:0x800002f0 x12:0x80000104
        5025000	       501	8000034c	01cd4533	xor	x10,x26,x28	 x26:0x80009f84 x28:0x800002c8 x10=0x00009d4c
        5035000	       502	80000350	05688863	beq	x17,x22,800003a0	 x17:0x0000000a x22:0x800001e0
        5045000	       503	80000354	cba67137	lui	x2,0xcba67	  x2=0xcba67000
        5055000	       504	80000358	e9996097	auipc	x1,0xe9996	  x1=0x69996354
        5065000	       505	8000035c	05275863	bge	x14,x18,800003ac	 x14:0x80000000 x18:0x80000230
        5075000	       506	80000360	01a51e93	slli	x29,x10,0x1a	 x10:0x00009d4c x29=0x30000000
        5085000	       507	80000364	04dd6463	bltu	x26,x13,800003ac	 x26:0x80009f84 x13:0x80000318
        5095000	       508	80000368	57c8f313	andi	x6,x17,1404	 x17:0x0000000a  x6=0x00000008
        5105000	       509	8000036c	41978533	sub	x10,x15,x25	 x15:0xfd584162 x25:0x800001f8 x10=0x7d583f6a
        5115000	       510	80000370	41bb8c33	sub	x24,x23,x27	 x23:0x00000000 x27:0x7ffffe15 x24=0x800001eb
        5125000	       511	80000374	00890433	add	x8,x18,x8	 x18:0x80000230  x8:0x8000024c  x8=0x0000047c
        5135000	       512	80000378	049e6263	bltu	x28,x9,800003bc	 x28:0x800002c8  x9:0x000000c4
        5145000	       513	8000037c	01e4a4b3	slt	x9,x9,x30	  x9:0x000000c4 x30:0x80000108  x9=0x00000000
        5155000	       514	80000380	005f3133	sltu	x2,x30,x5	 x30:0x80000108  x5:0x800001f4  x2=0x00000001
        5165000	       515	80000384	04d56863	bltu	x10,x13,800003d4	 x10:0x7d583f6a x13:0x80000318
        5175000	       516	00000000	00000013	addi	x0,x0,0	  x0:0x00000000
        5185000	       517	800003d0	00000013	addi	x0,x0,0	  x0:0x00000000
        5195000	       518	800003d4	8ff2b793	sltiu	x15,x5,-1793	  x5:0x800001f4 x15=0x00000001
        5205000	       519	800003d8	026b1663	bne	x22,x6,80000404	 x22:0x800001e0  x6:0x00000008
        5215000	       520	00000000	00000013	addi	x0,x0,0	  x0:0x00000000
        5225000	       521	80000400	00000013	addi	x0,x0,0	  x0:0x00000000
        5235000	       522	80000404	00000013	addi	x0,x0,0	  x0:0x00000000
        5245000	       523	80000408	a16df213	andi	x4,x27,-1514	 x27:0x7ffffe15  x4=0x7ffffa14
        5255000	       524	8000040c	09a1dc63	bge	x3,x26,800004a4	  x3:0x800001a0 x26:0x80009f84
        5265000	       525	80000410	69313193	sltiu	x3,x2,1683	  x2:0x00000001  x3=0x00000001
        5275000	       526	80000414	0038d333	srl	x6,x17,x3	 x17:0x0000000a  x3:0x00000001  x6=0x00000005
        5285000	       527	80000418	0b6bc863	blt	x23,x22,800004c8	 x23:0x00000000 x22:0x800001e0
        5295000	       528	8000041c	aaca6113	ori	x2,x20,-1364	 x20:0x0000000d  x2=0xfffffaad
        5305000	       529	80000420	08144c63	blt	x8,x1,800004b8	  x8:0x0000047c  x1:0x69996354
        5315000	       530	00000000	00000013	addi	x0,x0,0	  x0:0x00000000
        5325000	       531	800004b4	00000013	addi	x0,x0,0	  x0:0x00000000
        5335000	       532	800004b8	01299f93	slli	x31,x19,0x12	 x19:0x80000234 x31=0x08d00000
        5345000	       533	800004bc	408a8f33	sub	x30,x21,x8	 x21:0x800002cc  x8:0x0000047c x30=0x7ffffe50
        5355000	       534	800004c0	42496693	ori	x13,x18,1060	 x18:0x80000230 x13=0x80000634
        5365000	       535	800004c4	01ce0eb3	add	x29,x28,x28	 x28:0x800002c8 x28:0x800002c8 x29=0x00000590
        5375000	       536	800004c8	dfd47413	andi	x8,x8,-515	  x8:0x0000047c  x8=0x0000047c
        5385000	       537	800004cc	00000013	addi	x0,x0,0	  x0:0x00000000
        5395000	       538	800004d0	00045263	bge	x8,x0,800004d4	  x8:0x0000047c  x0:0x00000000
        5405000	       539	00000000	00000013	addi	x0,x0,0	  x0:0x00000000
        5415000	       540	800004d0	00000013	addi	x0,x0,0	  x0:0x00000000
        5425000	       541	800004d4	01589e93	slli	x29,x17,0x15	 x17:0x0000000a x29=0x01400000
        5435000	       542	800004d8	05918463	beq	x3,x25,80000520	  x3:0x00000001 x25:0x800001f8
        5445000	       543	800004dc	01b2d313	srli	x6,x5,0x1b	  x5:0x800001f4  x6=0x00000010
        5455000	       544	800004e0	f6eab5b7	lui	x11,0xf6eab	 x11=0xf6eab000
        5465000	       545	800004e4	01015c33	srl	x24,x2,x16	  x2:0xfffffaad x16:0x80000310 x24=0x0000ffff
        5475000	       546	800004e8	40475713	srai	x14,x14,0x4	 x14:0x80000000 x14=0xf8000000
        5485000	       547	800004ec	00031c93	slli	x25,x6,0x0	  x6:0x00000010 x25=0x00000010
        5495000	       548	800004f0	4052d613	srai	x12,x5,0x5	  x5:0x800001f4 x12=0xfc00000f
        5505000	       549	800004f4	000c12b3	sll	x5,x24,x0	 x24:0x0000ffff  x0:0x00000000  x5=0x0000ffff
        5515000	       550	800004f8	007bfe33	and	x28,x23,x7	 x23:0x00000000  x7:0x80009fc4 x28=0x00000000
        5525000	       551	800004fc	04714263	blt	x2,x7,80000540	  x2:0xfffffaad  x7:0x80009fc4
        5535000	       552	80000500	00b3da93	srli	x21,x7,0xb	  x7:0x80009fc4 x21=0x00100013
        5545000	       553	80000504	17953613	sltiu	x12,x10,377	 x10:0x7d583f6a x12=0x00000000
        5555000	       554	80000508	02bb0c63	beq	x22,x11,80000540	 x22:0x800001e0 x11:0xf6eab000
        5565000	       555	8000050c	0373e113	ori	x2,x7,55	  x7:0x80009fc4  x2=0x80009ff7
        5575000	       556	80000510	01bd2cb3	slt	x25,x26,x27	 x26:0x80009f84 x27:0x7ffffe15 x25=0x00000001
        5585000	       557	80000514	00000013	addi	x0,x0,0	  x0:0x00000000
        5595000	       558	80000518	b600fc37	lui	x24,0xb600f	 x24=0xb600f000
        5605000	       559	8000051c	a4e790b7	lui	x1,0xa4e79	  x1=0xa4e79000
        5615000	       560	80000520	01f147b3	xor	x15,x2,x31	  x2:0x80009ff7 x31:0x08d00000 x15=0x88d09ff7
        5625000	       561	80000524	05258263	beq	x11,x18,80000568	 x11:0xf6eab000 x18:0x80000230
        5635000	       562	80000528	00c2d613	srli	x12,x5,0xc	  x5:0x0000ffff x12=0x0000000f
        5645000	       563	8000052c	05614463	blt	x2,x22,80000574	  x2:0x80009ff7 x22:0x800001e0
        5655000	       564	80000530	0109dcb3	srl	x25,x19,x16	 x19:0x80000234 x16:0x80000310 x25=0x00008000
        5665000	       565	80000534	002b4ab3	xor	x21,x22,x2	 x22:0x800001e0  x2:0x80009ff7 x21=0x00009e17
        5675000	       566	80000538	011f8b33	add	x22,x31,x17	 x31:0x08d00000 x17:0x0000000a x22=0x08d0000a
        5685000	       567	8000053c	00000013	addi	x0,x0,0	  x0:0x00000000
        5695000	       568	80000540	35c12713	slti	x14,x2,860	  x2:0x80009ff7 x14=0x00000001
        5705000	       569	80000544	173e49b7	lui	x19,0x173e4	 x19=0x173e4000
        5715000	       570	80000548	00000013	addi	x0,x0,0	  x0:0x00000000
        5725000	       571	8000054c	5c968d93	addi	x27,x13,1481	 x13:0x80000634 x27=0x80000bfd
        5735000	       572	80000550	00789893	slli	x17,x17,0x7	 x17:0x0000000a x17=0x00000500
        5745000	       573	80000554	5feae193	ori	x3,x21,1534	 x21:0x00009e17  x3=0x00009fff
        5755000	       574	80000558	013d8a63	beq	x27,x19,8000056c	 x27:0x80000bfd x19:0x173e4000
        5765000	       575	8000055c	7a759f97	auipc	x31,0x7a759	 x31=0xfa759558
        5775000	       576	80000560	004a94b3	sll	x9,x21,x4	 x21:0x00009e17  x4:0x7ffffa14  x9=0xe1700000
        5785000	       577	80000564	96e8f793	andi	x15,x17,-1682	 x17:0x00000500 x15=0x00000100
        5795000	       578	80000568	02ccd263	bge	x25,x12,8000058c	 x25:0x00008000 x12:0x0000000f
        5805000	       579	00000000	00000013	addi	x0,x0,0	  x0:0x00000000
        5815000	       580	80000588	00000013	addi	x0,x0,0	  x0:0x00000000
        5825000	       581	8000058c	02398863	beq	x19,x3,800005bc	 x19:0x173e4000  x3:0x00009fff
        5835000	       582	80000590	018021b3	slt	x3,x0,x24	  x0:0x00000000 x24:0xb600f000  x3=0x00000000
        5845000	       583	80000594	af313093	sltiu	x1,x2,-1293	  x2:0x80009ff7  x1=0x00000001
        5855000	       584	80000598	043c6263	bltu	x24,x3,800005dc	 x24:0xb600f000  x3:0x00000000
        5865000	       585	8000059c	04774463	blt	x14,x7,800005e4	 x14:0x00000001  x7:0x80009fc4
        5875000	       586	800005a0	0c2a6a93	ori	x21,x20,194	 x20:0x0000000d x21=0x000000cf
        5885000	       587	800005a4	4624c293	xori	x5,x9,1122	  x9:0xe1700000  x5=0xe1700462
        5895000	       588	800005a8	0172e2b3	or	x5,x5,x23	  x5:0xe1700462 x23:0x00000000  x5=0xe1700462
        5905000	       589	800005ac	04d66863	bltu	x12,x13,800005fc	 x12:0x0000000f x13:0x80000634
        5915000	       590	00000000	00000013	addi	x0,x0,0	  x0:0x00000000
        5925000	       591	800005f8	00000013	addi	x0,x0,0	  x0:0x00000000
        5935000	       592	800005fc	72899fb7	lui	x31,0x72899	 x31=0x72899000
        5945000	       593	80000600	d7239c37	lui	x24,0xd7239	 x24=0xd7239000
        5955000	       594	80000604	4b698693	addi	x13,x19,1206	 x19:0x173e4000 x13=0x173e44b6
        5965000	       595	80000608	00d75cb3	srl	x25,x14,x13	 x14:0x00000001 x13:0x173e44b6 x25=0x00000000
        5975000	       596	8000060c	538f9517	auipc	x10,0x538f9	 x10=0xd38f9608
        5985000	       597	80000610	05577263	bgeu	x14,x21,80000654	 x14:0x00000001 x21:0x000000cf
        5995000	       598	80000614	ccbf2813	slti	x16,x30,-821	 x30:0x7ffffe50 x16=0x00000000
        6005000	       599	80000618	0408f463	bgeu	x17,x0,80000660	 x17:0x00000500  x0:0x00000000
        6015000	       600	00000000	00000013	addi	x0,x0,0	  x0:0x00000000
        6025000	       601	8000065c	00000013	addi	x0,x0,0	  x0:0x00000000
        6035000	       602	80000660	40e18e33	sub	x28,x3,x14	  x3:0x00000000 x14:0x00000001 x28=0xffffffff
        6045000	       603	80000664	40248633	sub	x12,x9,x2	  x9:0xe1700000  x2:0x80009ff7 x12=0x616f6009
        6055000	       604	80000668	0118b2b3	sltu	x5,x17,x17	 x17:0x00000500 x17:0x00000500  x5=0x00000000
        6065000	       605	8000066c	d99c2b13	slti	x22,x24,-615	 x24:0xd7239000 x22=0x00000001
        6075000	       606	80000670	00f0f333	and	x6,x1,x15	  x1:0x00000001 x15:0x00000100  x6=0x00000000
        6085000	       607	80000674	049ef663	bgeu	x29,x9,800006c0	 x29:0x01400000  x9:0xe1700000
        6095000	       608	80000678	da94c513	xori	x10,x9,-599	  x9:0xe1700000 x10=0x1e8ffda9
        6105000	       609	8000067c	00000013	addi	x0,x0,0	  x0:0x00000000
        6115000	       610	80000680	016f42b3	xor	x5,x30,x22	 x30:0x7ffffe50 x22:0x00000001  x5=0x7ffffe51
        6125000	       611	80000684	01489863	bne	x17,x20,80000694	 x17:0x00000500 x20:0x0000000d
        6135000	       612	00000000	00000013	addi	x0,x0,0	  x0:0x00000000
        6145000	       613	80000690	00000013	addi	x0,x0,0	  x0:0x00000000
        6155000	       614	80000694	00a36db3	or	x27,x6,x10	  x6:0x00000000 x10:0x1e8ffda9 x27=0x1e8ffda9
        6165000	       615	80000698	00561033	sll	x0,x12,x5	 x12:0x616f6009  x5:0x7ffffe51
        6175000	       616	8000069c	00e05813	srli	x16,x0,0xe	  x0:0x00000000 x16=0x00000000
        6185000	       617	800006a0	00fe7f33	and	x30,x28,x15	 x28:0xffffffff x15:0x00000100 x30=0x00000100
        6195000	       618	800006a4	28e52093	slti	x1,x10,654	 x10:0x1e8ffda9  x1=0x00000000
        6205000	       619	800006a8	0133feb3	and	x29,x7,x19	  x7:0x80009fc4 x19:0x173e4000 x29=0x00000000
        6215000	       620	800006ac	037be663	bltu	x23,x23,800006d8	 x23:0x00000000 x23:0x00000000
        6225000	       621	800006b0	018971b3	and	x3,x18,x24	 x18:0x80000230 x24:0xd7239000  x3=0x80000000
        6235000	       622	800006b4	6cca72b7	lui	x5,0x6cca7	  x5=0x6cca7000
        6245000	       623	800006b8	fdc26493	ori	x9,x4,-36	  x4:0x7ffffa14  x9=0xffffffdc
        6255000	       624	800006bc	41510eb3	sub	x29,x2,x21	  x2:0x80009ff7 x21:0x000000cf x29=0x80009f28
        6265000	       625	800006c0	2410ef93	ori	x31,x1,577	  x1:0x00000000 x31=0x00000241
        6275000	       626	800006c4	014ab1b3	sltu	x3,x21,x20	 x21:0x000000cf x20:0x0000000d  x3=0x00000000
        6285000	       627	800006c8	01234fb3	xor	x31,x6,x18	  x6:0x00000000 x18:0x80000230 x31=0x80000230
        6295000	       628	800006cc	1d1f7f97	auipc	x31,0x1d1f7	 x31=0x9d1f76c8
        6305000	       629	800006d0	012ddc63	bge	x27,x18,800006e8	 x27:0x1e8ffda9 x18:0x80000230
        6315000	       630	00000000	00000013	addi	x0,x0,0	  x0:0x00000000
        6325000	       631	800006e4	00000013	addi	x0,x0,0	  x0:0x00000000
        6335000	       632	800006e8	095f6c97	auipc	x25,0x95f6	 x25=0x895f66e4
        6345000	       633	800006ec	0a5ea217	auipc	x4,0xa5ea	  x4=0x8a5ea6e8
        6355000	       634	800006f0	00855593	srli	x11,x10,0x8	 x10:0x1e8ffda9 x11=0x001e8ffd
        6365000	       635	800006f4	01b56a63	bltu	x10,x27,80000708	 x10:0x1e8ffda9 x27:0x1e8ffda9
        6375000	       636	800006f8	00000013	addi	x0,x0,0	  x0:0x00000000
        6385000	       637	800006fc	002aeb33	or	x22,x21,x2	 x21:0x000000cf  x2:0x80009ff7 x22=0x80009fff
        6395000	       638	80000700	0113cfb3	xor	x31,x7,x17	  x7:0x80009fc4 x17:0x00000500 x31=0x80009ac4
        6405000	       639	80000704	39aaf693	andi	x13,x21,922	 x21:0x000000cf x13=0x0000008a
        6415000	       640	80000708	00c31833	sll	x16,x6,x12	  x6:0x00000000 x12:0x616f6009 x16=0x00000000
        6425000	       641	8000070c	027f6c63	bltu	x30,x7,80000744	 x30:0x00000100  x7:0x80009fc4
        6435000	       642	00000000	00000013	addi	x0,x0,0	  x0:0x00000000
        6445000	       643	80000740	00000013	addi	x0,x0,0	  x0:0x00000000
        6455000	       644	80000744	00000013	addi	x0,x0,0	  x0:0x00000000
        6465000	       645	80000748	409ed493	srai	x9,x29,0x9	 x29:0x80009f28  x9=0xffc0004f
        6475000	       646	8000074c	b80f1197	auipc	x3,0xb80f1	  x3=0x380f1748
        6485000	       647	80000750	41cbd193	srai	x3,x23,0x1c	 x23:0x00000000  x3=0x00000000
        6495000	       648	80000754	0505d463	bge	x11,x16,8000079c	 x11:0x001e8ffd x16:0x00000000
        6505000	       649	00000000	00000013	addi	x0,x0,0	  x0:0x00000000
        6515000	       650	80000798	00000013	addi	x0,x0,0	  x0:0x00000000
        6525000	       651	8000079c	005ad833	srl	x16,x21,x5	 x21:0x000000cf  x5:0x6cca7000 x16=0x000000cf
        6535000	       652	800007a0	05889263	bne	x17,x24,800007e4	 x17:0x00000500 x24:0xd7239000
        6545000	       653	00000000	00000013	addi	x0,x0,0	  x0:0x00000000
        6555000	       654	800007e0	00000013	addi	x0,x0,0	  x0:0x00000000
        6565000	       655	800007e4	40b88c33	sub	x24,x17,x11	 x17:0x00000500 x11:0x001e8ffd x24=0xffe17503
        6575000	       656	800007e8	00000013	addi	x0,x0,0	  x0:0x00000000
        6585000	       657	800007ec	00f19f33	sll	x30,x3,x15	  x3:0x00000000 x15:0x00000100 x30=0x00000000
        6595000	       658	800007f0	00cbd1b3	srl	x3,x23,x12	 x23:0x00000000 x12:0x616f6009  x3=0x00000000
        6605000	       659	800007f4	04b79863	bne	x15,x11,80000844	 x15:0x00000100 x11:0x001e8ffd
        6615000	       660	00000000	00000013	addi	x0,x0,0	  x0:0x00000000
        6625000	       661	80000840	00000013	addi	x0,x0,0	  x0:0x00000000
        6635000	       662	80000844	34d40293	addi	x5,x8,845	  x8:0x0000047c  x5=0x000007c9
        6645000	       663	80000848	00a542b3	xor	x5,x10,x10	 x10:0x1e8ffda9 x10:0x1e8ffda9  x5=0x00000000
        6655000	       664	8000084c	01fcd613	srli	x12,x25,0x1f	 x25:0x895f66e4 x12=0x00000001
        6665000	       665	80000850	1dc52493	slti	x9,x10,476	 x10:0x1e8ffda9  x9=0x00000000
        6675000	       666	80000854	cbf54793	xori	x15,x10,-833	 x10:0x1e8ffda9 x15=0xe1700116
        6685000	       667	80000858	adcd00b7	lui	x1,0xadcd0	  x1=0xadcd0000
        6695000	       668	8000085c	01b5cb33	xor	x22,x11,x27	 x11:0x001e8ffd x27:0x1e8ffda9 x22=0x1e917254
        6705000	       669	80000860	00e6eeb3	or	x29,x13,x14	 x13:0x0000008a x14:0x00000001 x29=0x0000008b
        6715000	       670	80000864	2c264b13	xori	x22,x12,706	 x12:0x00000001 x22=0x000002c3
        6725000	       671	80000868	012dfeb3	and	x29,x27,x18	 x27:0x1e8ffda9 x18:0x80000230 x29=0x00000020
        6735000	       672	8000086c	0393c063	blt	x7,x25,8000088c	  x7:0x80009fc4 x25:0x895f66e4
        6745000	       673	00000000	00000013	addi	x0,x0,0	  x0:0x00000000
        6755000	       674	80000888	00000013	addi	x0,x0,0	  x0:0x00000000
        6765000	       675	8000088c	04ed7863	bgeu	x26,x14,800008dc	 x26:0x80009f84 x14:0x00000001
        6775000	       676	00000000	00000013	addi	x0,x0,0	  x0:0x00000000
        6785000	       677	800008d8	00000013	addi	x0,x0,0	  x0:0x00000000
        6795000	       678	800008dc	66796ab7	lui	x21,0x66796	 x21=0x66796000
        6805000	       679	800008e0	40669517	auipc	x10,0x40669	 x10=0xc06698dc
        6815000	       680	800008e4	00139a63	bne	x7,x1,800008f8	  x7:0x80009fc4  x1:0xadcd0000
        6825000	       681	00000000	00000013	addi	x0,x0,0	  x0:0x00000000
        6835000	       682	800008f4	00000013	addi	x0,x0,0	  x0:0x00000000
        6845000	       683	800008f8	01c29db3	sll	x27,x5,x28	  x5:0x00000000 x28:0xffffffff x27=0x00000000
        6855000	       684	800008fc	a19df893	andi	x17,x27,-1511	 x27:0x00000000 x17=0x00000000
        6865000	       685	80000900	01f6db93	srli	x23,x13,0x1f	 x13:0x0000008a x23=0x00000000
        6875000	       686	80000904	01718133	add	x2,x3,x23	  x3:0x00000000 x23:0x00000000  x2=0x00000000
        6885000	       687	80000908	0181cb33	xor	x22,x3,x24	  x3:0x00000000 x24:0xffe17503 x22=0xffe17503
        6895000	       688	8000090c	402a52b3	sra	x5,x20,x2	 x20:0x0000000d  x2:0x00000000  x5=0x0000000d
        6905000	       689	80000910	03506663	bltu	x0,x21,8000093c	  x0:0x00000000 x21:0x66796000
        6915000	       690	00000000	00000013	addi	x0,x0,0	  x0:0x00000000
        6925000	       691	80000938	00000013	addi	x0,x0,0	  x0:0x00000000
        6935000	       692	8000093c	7690e893	ori	x17,x1,1897	  x1:0xadcd0000 x17=0xadcd0769
        6945000	       693	80000940	01c2a333	slt	x6,x5,x28	  x5:0x0000000d x28:0xffffffff  x6=0x00000000
        6955000	       694	80000944	d00b0b93	addi	x23,x22,-768	 x22:0xffe17503 x23=0xffe17203
        6965000	       695	80000948	9e06f893	andi	x17,x13,-1568	 x13:0x0000008a x17=0x00000080
        6975000	       696	8000094c	a06cd597	auipc	x11,0xa06cd	 x11=0x206cd948
        6985000	       697	80000950	00359133	sll	x2,x11,x3	 x11:0x206cd948  x3:0x00000000  x2=0x206cd948
        6995000	       698	80000954	408d0233	sub	x4,x26,x8	 x26:0x80009f84  x8:0x0000047c  x4=0x80009b08
        7005000	       699	80000958	00821c63	bne	x4,x8,80000970	  x4:0x80009b08  x8:0x0000047c
        7015000	       700	00000000	00000013	addi	x0,x0,0	  x0:0x00000000
        7025000	       701	8000096c	00000013	addi	x0,x0,0	  x0:0x00000000
        7035000	       702	80000970	003cf863	bgeu	x25,x3,80000980	 x25:0x895f66e4  x3:0x00000000
        7045000	       703	00000000	00000013	addi	x0,x0,0	  x0:0x00000000
        7055000	       704	8000097c	00000013	addi	x0,x0,0	  x0:0x00000000
        7065000	       705	80000980	00000013	addi	x0,x0,0	  x0:0x00000000
        7075000	       706	80000984	011ab0b3	sltu	x1,x21,x17	 x21:0x66796000 x17:0x00000080  x1=0x00000000
        7085000	       707	80000988	003b3bb3	sltu	x23,x22,x3	 x22:0xffe17503  x3:0x00000000 x23=0x00000000
        7095000	       708	8000098c	0172db93	srli	x23,x5,0x17	  x5:0x0000000d x23=0x00000000
        7105000	       709	80000990	039bcc63	blt	x23,x25,800009c8	 x23:0x00000000 x25:0x895f66e4
        7115000	       710	80000994	002fd5b3	srl	x11,x31,x2	 x31:0x80009ac4  x2:0x206cd948 x11=0x0080009a
        7125000	       711	80000998	004c1b93	slli	x23,x24,0x4	 x24:0xffe17503 x23=0xfe175030
        7135000	       712	8000099c	043b6463	bltu	x22,x3,800009e4	 x22:0xffe17503  x3:0x00000000
        7145000	       713	800009a0	00c184b3	add	x9,x3,x12	  x3:0x00000000 x12:0x00000001  x9=0x00000001
        7155000	       714	800009a4	b39e2013	slti	x0,x28,-1223	 x28:0xffffffff
        7165000	       715	800009a8	01875493	srli	x9,x14,0x18	 x14:0x00000001  x9=0x00000000
        7175000	       716	800009ac	0106f933	and	x18,x13,x16	 x13:0x0000008a x16:0x000000cf x18=0x0000008a
        7185000	       717	800009b0	1cc94413	xori	x8,x18,460	 x18:0x0000008a  x8=0x00000146
        7195000	       718	800009b4	036a4063	blt	x20,x22,800009d4	 x20:0x0000000d x22:0xffe17503
        7205000	       719	800009b8	00801233	sll	x4,x0,x8	  x0:0x00000000  x8:0x00000146  x4=0x00000000
        7215000	       720	800009bc	00626bb3	or	x23,x4,x6	  x4:0x00000000  x6:0x00000000 x23=0x00000000
        7225000	       721	800009c0	0022d013	srli	x0,x5,0x2	  x5:0x0000000d
        7235000	       722	800009c4	1f8bf9b7	lui	x19,0x1f8bf	 x19=0x1f8bf000
        7245000	       723	800009c8	001e9a63	bne	x29,x1,800009dc	 x29:0x00000020  x1:0x00000000
        7255000	       724	00000000	00000013	addi	x0,x0,0	  x0:0x00000000
        7265000	       725	800009d8	00000013	addi	x0,x0,0	  x0:0x00000000
        7275000	       726	800009dc	013915b3	sll	x11,x18,x19	 x18:0x0000008a x19:0x1f8bf000 x11=0x0000008a
        7285000	       727	800009e0	02196c63	bltu	x18,x1,80000a18	 x18:0x0000008a  x1:0x00000000
        7295000	       728	800009e4	ad852613	slti	x12,x10,-1320	 x10:0xc06698dc x12=0x00000001
        7305000	       729	800009e8	0551d463	bge	x3,x21,80000a30	  x3:0x00000000 x21:0x66796000
        7315000	       730	800009ec	01fdcab3	xor	x21,x27,x31	 x27:0x00000000 x31:0x80009ac4 x21=0x80009ac4
        7325000	       731	800009f0	018e6333	or	x6,x28,x24	 x28:0xffffffff x24:0xffe17503  x6=0xffffffff
        7335000	       732	800009f4	e9d37c93	andi	x25,x6,-355	  x6:0xffffffff x25=0xfffffe9d
        7345000	       733	800009f8	b2464793	xori	x15,x12,-1244	 x12:0x00000001 x15=0xfffffb25
        7355000	       734	800009fc	95d78513	addi	x10,x15,-1699	 x15:0xfffffb25 x10=0xfffff482
        7365000	       735	80000a00	01bf4133	xor	x2,x30,x27	 x30:0x00000000 x27:0x00000000  x2=0x00000000
        7375000	       736	80000a04	01adde13	srli	x28,x27,0x1a	 x27:0x00000000 x28=0x00000000
        7385000	       737	80000a08	045dd863	bge	x27,x5,80000a58	 x27:0x00000000  x5:0x0000000d
        7395000	       738	80000a0c	418ddc93	srai	x25,x27,0x18	 x27:0x00000000 x25=0x00000000
        7405000	       739	80000a10	00455513	srli	x10,x10,0x4	 x10:0xfffff482 x10=0x0fffff48
        7415000	       740	80000a14	e1ee2b97	auipc	x23,0xe1ee2	 x23=0x61ee2a10
        7425000	       741	80000a18	906b7817	auipc	x16,0x906b7	 x16=0x106b7a14
        7435000	       742	80000a1c	309cb893	sltiu	x17,x25,777	 x25:0x00000000 x17=0x00000001
        7445000	       743	80000a20	403edeb3	sra	x29,x29,x3	 x29:0x00000020  x3:0x00000000 x29=0x00000020
        7455000	       744	80000a24	10ecbb17	auipc	x22,0x10ecb	 x22=0x90ecba20
        7465000	       745	80000a28	01e3e033	or	x0,x7,x30	  x7:0x80009fc4 x30:0x00000000
        7475000	       746	80000a2c	c96d3f13	sltiu	x30,x26,-874	 x26:0x80009f84 x30=0x00000001
        7485000	       747	80000a30	56424c93	xori	x25,x4,1380	  x4:0x00000000 x25=0x00000564
        7495000	       748	80000a34	05668863	beq	x13,x22,80000a84	 x13:0x0000008a x22:0x90ecba20
        7505000	       749	80000a38	40080f33	sub	x30,x16,x0	 x16:0x106b7a14  x0:0x00000000 x30=0x106b7a14
        7515000	       750	80000a3c	003c00b3	add	x1,x24,x3	 x24:0xffe17503  x3:0x00000000  x1=0xffe17503
        7525000	       751	80000a40	40b35213	srai	x4,x6,0xb	  x6:0xffffffff  x4=0xffffffff
        7535000	       752	80000a44	01bad633	srl	x12,x21,x27	 x21:0x80009ac4 x27:0x00000000 x12=0x80009ac4
        7545000	       753	80000a48	dac90b93	addi	x23,x18,-596	 x18:0x0000008a x23=0xfffffe36
        7555000	       754	80000a4c	00440263	beq	x8,x4,80000a50	  x8:0x00000146  x4:0xffffffff
        7565000	       755	80000a50	00b25bb3	srl	x23,x4,x11	  x4:0xffffffff x11:0x0000008a x23=0x003fffff
        7575000	       756	80000a54	01c4ae33	slt	x28,x9,x28	  x9:0x00000000 x28:0x00000000 x28=0x00000000
        7585000	       757	80000a58	05597663	bgeu	x18,x21,80000aa4	 x18:0x0000008a x21:0x80009ac4
        7595000	       758	80000a5c	01dd9b33	sll	x22,x27,x29	 x27:0x00000000 x29:0x00000020 x22=0x00000000
        7605000	       759	80000a60	40a95913	srai	x18,x18,0xa	 x18:0x0000008a x18=0x00000000
        7615000	       760	80000a64	57df2493	slti	x9,x30,1405	 x30:0x106b7a14  x9=0x00000000
        7625000	       761	80000a68	99da5617	auipc	x12,0x99da5	 x12=0x19da5a64
        7635000	       762	80000a6c	f11f0113	addi	x2,x30,-239	 x30:0x106b7a14  x2=0x106b7925
        7645000	       763	80000a70	2fe7a493	slti	x9,x15,766	 x15:0xfffffb25  x9=0x00000001
        7655000	       764	80000a74	03226263	bltu	x4,x18,80000a98	  x4:0xffffffff x18:0x00000000
        7665000	       765	80000a78	00000013	addi	x0,x0,0	  x0:0x00000000
        7675000	       766	80000a7c	05a04263	blt	x0,x26,80000ac0	  x0:0x00000000 x26:0x80009f84
        7685000	       767	80000a80	010bd293	srli	x5,x23,0x10	 x23:0x003fffff  x5=0x0000003f
        7695000	       768	80000a84	01df21b3	slt	x3,x30,x29	 x30:0x106b7a14 x29:0x00000020  x3=0x00000000
        7705000	       769	80000a88	0401e863	bltu	x3,x0,80000ad8	  x3:0x00000000  x0:0x00000000
        7715000	       770	80000a8c	0044cfb3	xor	x31,x9,x4	  x9:0x00000001  x4:0xffffffff x31=0xfffffffe
        7725000	       771	80000a90	8d002113	slti	x2,x0,-1840	  x0:0x00000000  x2=0x00000000
        7735000	       772	80000a94	05281263	bne	x16,x18,80000ad8	 x16:0x106b7a14 x18:0x00000000
        7745000	       773	00000000	00000013	addi	x0,x0,0	  x0:0x00000000
        7755000	       774	80000ad4	00000013	addi	x0,x0,0	  x0:0x00000000
        7765000	       775	80000ad8	00377863	bgeu	x14,x3,80000ae8	 x14:0x00000001  x3:0x00000000
        7775000	       776	00000000	00000013	addi	x0,x0,0	  x0:0x00000000
        7785000	       777	80000ae4	00000013	addi	x0,x0,0	  x0:0x00000000
        7795000	       778	80000ae8	007f8eb3	add	x29,x31,x7	 x31:0xfffffffe  x7:0x80009fc4 x29=0x80009fc2
        7805000	       779	80000aec	41a28633	sub	x12,x5,x26	  x5:0x0000003f x26:0x80009f84 x12=0x7fff60bb
        7815000	       780	80000af0	017d9463	bne	x27,x23,80000af8	 x27:0x00000000 x23:0x003fffff
        7825000	       781	00000000	00000013	addi	x0,x0,0	  x0:0x00000000
        7835000	       782	80000af4	00000013	addi	x0,x0,0	  x0:0x00000000
        7845000	       783	80000af8	027bdc63	bge	x23,x7,80000b30	 x23:0x003fffff  x7:0x80009fc4
        7855000	       784	00000000	00000013	addi	x0,x0,0	  x0:0x00000000
        7865000	       785	80000b2c	00000013	addi	x0,x0,0	  x0:0x00000000
        7875000	       786	80000b30	01c39113	slli	x2,x7,0x1c	  x7:0x80009fc4  x2=0x40000000
        7885000	       787	80000b34	0136fe33	and	x28,x13,x19	 x13:0x0000008a x19:0x1f8bf000 x28=0x00000000
        7895000	       788	80000b38	00df5633	srl	x12,x30,x13	 x30:0x106b7a14 x13:0x0000008a x12=0x00041ade
        7905000	       789	80000b3c	bdaab813	sltiu	x16,x21,-1062	 x21:0x80009ac4 x16=0x00000001
        7915000	       790	80000b40	40cd87b3	sub	x15,x27,x12	 x27:0x00000000 x12:0x00041ade x15=0xfffbe522
        7925000	       791	80000b44	08834063	blt	x6,x8,80000bc4	  x6:0xffffffff  x8:0x00000146
        7935000	       792	00000000	00000013	addi	x0,x0,0	  x0:0x00000000
        7945000	       793	80000bc0	00000013	addi	x0,x0,0	  x0:0x00000000
        7955000	       794	80000bc4	0204d663	bge	x9,x0,80000bf0	  x9:0x00000001  x0:0x00000000
        7965000	       795	00000000	00000013	addi	x0,x0,0	  x0:0x00000000
        7975000	       796	80000bec	00000013	addi	x0,x0,0	  x0:0x00000000
        7985000	       797	80000bf0	39818913	addi	x18,x3,920	  x3:0x00000000 x18=0x00000398
        7995000	       798	80000bf4	08eefe63	bgeu	x29,x14,80000c90	 x29:0x80009fc2 x14:0x00000001
        8005000	       799	00000000	00000013	addi	x0,x0,0	  x0:0x00000000
        8015000	       800	80000c8c	00000013	addi	x0,x0,0	  x0:0x00000000
        8025000	       801	80000c90	01575413	srli	x8,x14,0x15	 x14:0x00000001  x8=0x00000000
        8035000	       802	80000c94	4192d033	sra	x0,x5,x25	  x5:0x0000003f x25:0x00000564
        8045000	       803	80000c98	57973f13	sltiu	x30,x14,1401	 x14:0x00000001 x30=0x00000001
        8055000	       804	80000c9c	033c7663	bgeu	x24,x19,80000cc8	 x24:0xffe17503 x19:0x1f8bf000
        8065000	       805	00000000	00000013	addi	x0,x0,0	  x0:0x00000000
        8075000	       806	80000cc4	00000013	addi	x0,x0,0	  x0:0x00000000
        8085000	       807	80000cc8	bb52cb13	xori	x22,x5,-1099	  x5:0x0000003f x22=0xfffffb8a
        8095000	       808	80000ccc	019e2833	slt	x16,x28,x25	 x28:0x00000000 x25:0x00000564 x16=0x00000001
        8105000	       809	80000cd0	f8ae2b17	auipc	x22,0xf8ae2	 x22=0x78ae2ccc
        8115000	       810	80000cd4	08f17063	bgeu	x2,x15,80000d54	  x2:0x40000000 x15:0xfffbe522
        8125000	       811	80000cd8	0278e663	bltu	x17,x7,80000d04	 x17:0x00000001  x7:0x80009fc4
        8135000	       812	00000000	00000013	addi	x0,x0,0	  x0:0x00000000
        8145000	       813	80000d00	00000013	addi	x0,x0,0	  x0:0x00000000
        8155000	       814	80000d04	dca64917	auipc	x18,0xdca64	 x18=0x5ca64d00
        8165000	       815	80000d08	3697a713	slti	x14,x15,873	 x15:0xfffbe522 x14=0x00000001
        8175000	       816	80000d0c	02c0036f	jal	x6,80000d0c	  x6=0x80000d0c
        8185000	       817	00000000	00000013	addi	x0,x0,0	  x0:0x00000000
        8195000	       818	80000d34	00000013	addi	x0,x0,0	  x0:0x00000000
        8205000	       819	80000d38	fedff0ef	jal	x1,80000d38	  x1=0x80000d38
        8215000	       820	00000000	00000013	addi	x0,x0,0	  x0:0x00000000
        8225000	       821	80000d20	00000013	addi	x0,x0,0	  x0:0x00000000
        8235000	       822	80000d24	ff1ff0ef	jal	x1,80000d24	  x1=0x80000d24
        8245000	       823	00000000	00000013	addi	x0,x0,0	  x0:0x00000000
        8255000	       824	80000d10	00000013	addi	x0,x0,0	  x0:0x00000000
        8265000	       825	80000d14	028000ef	jal	x1,80000d14	  x1=0x80000d14
        8275000	       826	00000000	00000013	addi	x0,x0,0	  x0:0x00000000
        8285000	       827	80000d38	00000013	addi	x0,x0,0	  x0:0x00000000
        8295000	       828	80000d3c	fe5ff1ef	jal	x3,80000d3c	  x3=0x80000d3c
        8305000	       829	00000000	00000013	addi	x0,x0,0	  x0:0x00000000
        8315000	       830	80000d1c	00000013	addi	x0,x0,0	  x0:0x00000000
        8325000	       831	80000d20	014000ef	jal	x1,80000d20	  x1=0x80000d20
        8335000	       832	00000000	00000013	addi	x0,x0,0	  x0:0x00000000
        8345000	       833	80000d30	00000013	addi	x0,x0,0	  x0:0x00000000
        8355000	       834	80000d34	ff9ff36f	jal	x6,80000d34	  x6=0x80000d34
        8365000	       835	00000000	00000013	addi	x0,x0,0	  x0:0x00000000
        8375000	       836	80000d28	00000013	addi	x0,x0,0	  x0:0x00000000
        8385000	       837	80000d2c	fe5ff0ef	jal	x1,80000d2c	  x1=0x80000d2c
        8395000	       838	00000000	00000013	addi	x0,x0,0	  x0:0x00000000
        8405000	       839	80000d0c	00000013	addi	x0,x0,0	  x0:0x00000000
        8415000	       840	80000d10	020000ef	jal	x1,80000d10	  x1=0x80000d10
        8425000	       841	00000000	00000013	addi	x0,x0,0	  x0:0x00000000
        8435000	       842	80000d2c	00000013	addi	x0,x0,0	  x0:0x00000000
        8445000	       843	80000d30	fe9ff0ef	jal	x1,80000d30	  x1=0x80000d30
        8455000	       844	00000000	00000013	addi	x0,x0,0	  x0:0x00000000
        8465000	       845	80000d14	00000013	addi	x0,x0,0	  x0:0x00000000
        8475000	       846	80000d18	0040016f	jal	x2,80000d18	  x2=0x80000d18
        8485000	       847	00000000	00000013	addi	x0,x0,0	  x0:0x00000000
        8495000	       848	80000d18	00000013	addi	x0,x0,0	  x0:0x00000000
        8505000	       849	80000d1c	00c001ef	jal	x3,80000d1c	  x3=0x80000d1c
        8515000	       850	00000000	00000013	addi	x0,x0,0	  x0:0x00000000
        8525000	       851	80000d24	00000013	addi	x0,x0,0	  x0:0x00000000
        8535000	       852	80000d28	0180036f	jal	x6,80000d28	  x6=0x80000d28
        8545000	       853	00000000	00000013	addi	x0,x0,0	  x0:0x00000000
        8555000	       854	80000d3c	00000013	addi	x0,x0,0	  x0:0x00000000
        8565000	       855	80000d40	dbc2f093	andi	x1,x5,-580	  x5:0x0000003f  x1=0x0000003c
        8575000	       856	80000d44	01ca1bb3	sll	x23,x20,x28	 x20:0x0000000d x28:0x00000000 x23=0x0000000d
        8585000	       857	80000d48	37c2ac93	slti	x25,x5,892	  x5:0x0000003f x25=0x00000001
        8595000	       858	80000d4c	011760b3	or	x1,x14,x17	 x14:0x00000001 x17:0x00000001  x1=0x00000001
        8605000	       859	80000d50	04d57463	bgeu	x10,x13,80000d98	 x10:0x0fffff48 x13:0x0000008a
        8615000	       860	00000000	00000013	addi	x0,x0,0	  x0:0x00000000
        8625000	       861	80000d94	00000013	addi	x0,x0,0	  x0:0x00000000
        8635000	       862	80000d98	038e6063	bltu	x28,x24,80000db8	 x28:0x00000000 x24:0xffe17503
        8645000	       863	00000000	00000013	addi	x0,x0,0	  x0:0x00000000
        8655000	       864	80000db4	00000013	addi	x0,x0,0	  x0:0x00000000
        8665000	       865	80000db8	4069dab3	sra	x21,x19,x6	 x19:0x1f8bf000  x6:0x80000d28 x21=0x001f8bf0
        8675000	       866	80000dbc	058ae263	bltu	x21,x24,80000e00	 x21:0x001f8bf0 x24:0xffe17503
        8685000	       867	00000000	00000013	addi	x0,x0,0	  x0:0x00000000
        8695000	       868	80000dfc	00000013	addi	x0,x0,0	  x0:0x00000000
        8705000	       869	80000e00	00342b33	slt	x22,x8,x3	  x8:0x00000000  x3:0x80000d1c x22=0x00000000
        8715000	       870	80000e04	01f729b3	slt	x19,x14,x31	 x14:0x00000001 x31:0xfffffffe x19=0x00000000
        8725000	       871	80000e08	1bf18f93	addi	x31,x3,447	  x3:0x80000d1c x31=0x80000edb
        8735000	       872	80000e0c	00ea40b3	xor	x1,x20,x14	 x20:0x0000000d x14:0x00000001  x1=0x0000000c
        8745000	       873	80000e10	000d9b13	slli	x22,x27,0x0	 x27:0x00000000 x22=0x00000000
        8755000	       874	80000e14	01a5b033	sltu	x0,x11,x26	 x11:0x0000008a x26:0x80009f84
        8765000	       875	80000e18	42a80093	addi	x1,x16,1066	 x16:0x00000001  x1=0x0000042b
        8775000	       876	80000e1c	01e3f5b3	and	x11,x7,x30	  x7:0x80009fc4 x30:0x00000001 x11=0x00000000
        8785000	       877	80000e20	41d750b3	sra	x1,x14,x29	 x14:0x00000001 x29:0x80009fc2  x1=0x00000000
        8795000	       878	80000e24	0af97263	bgeu	x18,x15,80000ec8	 x18:0x5ca64d00 x15:0xfffbe522
        8805000	       879	80000e28	00c0036f	jal	x6,80000e28	  x6=0x80000e28
        8815000	       880	00000000	00000013	addi	x0,x0,0	  x0:0x00000000
        8825000	       881	80000e30	00000013	addi	x0,x0,0	  x0:0x00000000
        8835000	       882	80000e34	0040026f	jal	x4,80000e34	  x4=0x80000e34
        8845000	       883	00000000	00000013	addi	x0,x0,0	  x0:0x00000000
        8855000	       884	80000e34	00000013	addi	x0,x0,0	  x0:0x00000000
        8865000	       885	80000e38	00400aef	jal	x21,80000e38	 x21=0x80000e38
        8875000	       886	00000000	00000013	addi	x0,x0,0	  x0:0x00000000
        8885000	       887	80000e38	00000013	addi	x0,x0,0	  x0:0x00000000
        8895000	       888	80000e3c	0240026f	jal	x4,80000e3c	  x4=0x80000e3c
        8905000	       889	00000000	00000013	addi	x0,x0,0	  x0:0x00000000
        8915000	       890	80000e5c	00000013	addi	x0,x0,0	  x0:0x00000000
        8925000	       891	80000e60	ff1ff0ef	jal	x1,80000e60	  x1=0x80000e60
        8935000	       892	00000000	00000013	addi	x0,x0,0	  x0:0x00000000
        8945000	       893	80000e4c	00000013	addi	x0,x0,0	  x0:0x00000000
        8955000	       894	80000e50	01c0096f	jal	x18,80000e50	 x18=0x80000e50
        8965000	       895	00000000	00000013	addi	x0,x0,0	  x0:0x00000000
        8975000	       896	80000e68	00000013	addi	x0,x0,0	  x0:0x00000000
        8985000	       897	80000e6c	00800fef	jal	x31,80000e6c	 x31=0x80000e6c
        8995000	       898	00000000	00000013	addi	x0,x0,0	  x0:0x00000000
        9005000	       899	80000e70	00000013	addi	x0,x0,0	  x0:0x00000000
        9015000	       900	80000e74	fe5ff36f	jal	x6,80000e74	  x6=0x80000e74
        9025000	       901	00000000	00000013	addi	x0,x0,0	  x0:0x00000000
        9035000	       902	80000e54	00000013	addi	x0,x0,0	  x0:0x00000000
        9045000	       903	80000e58	fd9ff36f	jal	x6,80000e58	  x6=0x80000e58
        9055000	       904	00000000	00000013	addi	x0,x0,0	  x0:0x00000000
        9065000	       905	80000e2c	00000013	addi	x0,x0,0	  x0:0x00000000
        9075000	       906	80000e30	0240016f	jal	x2,80000e30	  x2=0x80000e30
        9085000	       907	00000000	00000013	addi	x0,x0,0	  x0:0x00000000
        9095000	       908	80000e50	00000013	addi	x0,x0,0	  x0:0x00000000
        9105000	       909	80000e54	fd9ff0ef	jal	x1,80000e54	  x1=0x80000e54
        9115000	       910	00000000	00000013	addi	x0,x0,0	  x0:0x00000000
        9125000	       911	80000e28	00000013	addi	x0,x0,0	  x0:0x00000000
        9135000	       912	80000e2c	0440016f	jal	x2,80000e2c	  x2=0x80000e2c
        9145000	       913	00000000	00000013	addi	x0,x0,0	  x0:0x00000000
        9155000	       914	80000e6c	00000013	addi	x0,x0,0	  x0:0x00000000
        9165000	       915	80000e70	fd1ff8ef	jal	x17,80000e70	 x17=0x80000e70
        9175000	       916	00000000	00000013	addi	x0,x0,0	  x0:0x00000000
        9185000	       917	80000e3c	00000013	addi	x0,x0,0	  x0:0x00000000
        9195000	       918	80000e40	004000ef	jal	x1,80000e40	  x1=0x80000e40
        9205000	       919	00000000	00000013	addi	x0,x0,0	  x0:0x00000000
        9215000	       920	80000e40	00000013	addi	x0,x0,0	  x0:0x00000000
        9225000	       921	80000e44	020008ef	jal	x17,80000e44	 x17=0x80000e44
        9235000	       922	00000000	00000013	addi	x0,x0,0	  x0:0x00000000
        9245000	       923	80000e60	00000013	addi	x0,x0,0	  x0:0x00000000
        9255000	       924	80000e64	fe9ff0ef	jal	x1,80000e64	  x1=0x80000e64
        9265000	       925	00000000	00000013	addi	x0,x0,0	  x0:0x00000000
        9275000	       926	80000e48	00000013	addi	x0,x0,0	  x0:0x00000000
        9285000	       927	80000e4c	ffdff56f	jal	x10,80000e4c	 x10=0x80000e4c
        9295000	       928	00000000	00000013	addi	x0,x0,0	  x0:0x00000000
        9305000	       929	80000e44	00000013	addi	x0,x0,0	  x0:0x00000000
        9315000	       930	80000e48	020000ef	jal	x1,80000e48	  x1=0x80000e48
        9325000	       931	00000000	00000013	addi	x0,x0,0	  x0:0x00000000
        9335000	       932	80000e64	00000013	addi	x0,x0,0	  x0:0x00000000
        9345000	       933	80000e68	ff5ff0ef	jal	x1,80000e68	  x1=0x80000e68
        9355000	       934	00000000	00000013	addi	x0,x0,0	  x0:0x00000000
        9365000	       935	80000e58	00000013	addi	x0,x0,0	  x0:0x00000000
        9375000	       936	80000e5c	01c00e6f	jal	x28,80000e5c	 x28=0x80000e5c
        9385000	       937	00000000	00000013	addi	x0,x0,0	  x0:0x00000000
        9395000	       938	80000e74	00000013	addi	x0,x0,0	  x0:0x00000000
        9405000	       939	80000e78	0068a2b3	slt	x5,x17,x6	 x17:0x80000e44  x6:0x80000e58  x5=0x00000001
        9415000	       940	80000e7c	012092b3	sll	x5,x1,x18	  x1:0x80000e68 x18:0x80000e50  x5=0x0e680000
        9425000	       941	80000e80	2f863c13	sltiu	x24,x12,760	 x12:0x00041ade x24=0x00000000
        9435000	       942	80000e84	20ec4893	xori	x17,x24,526	 x24:0x00000000 x17=0x0000020e
        9445000	       943	80000e88	a54fa613	slti	x12,x31,-1452	 x31:0x80000e6c x12=0x00000001
        9455000	       944	80000e8c	f423c4b7	lui	x9,0xf423c	  x9=0xf423c000
        9465000	       945	80000e90	eecf0d93	addi	x27,x30,-276	 x30:0x00000001 x27=0xfffffeed
        9475000	       946	80000e94	00381313	slli	x6,x16,0x3	 x16:0x00000001  x6=0x00000008
        9485000	       947	80000e98	01e4e463	bltu	x9,x30,80000ea0	  x9:0xf423c000 x30:0x00000001
        9495000	       948	80000e9c	18116213	ori	x4,x2,385	  x2:0x80000e2c  x4=0x80000fad
        9505000	       949	80000ea0	00771863	bne	x14,x7,80000eb0	 x14:0x00000001  x7:0x80009fc4
        9515000	       950	00000000	00000013	addi	x0,x0,0	  x0:0x00000000
        9525000	       951	80000eac	00000013	addi	x0,x0,0	  x0:0x00000000
        9535000	       952	80000eb0	01ba5ab3	srl	x21,x20,x27	 x20:0x0000000d x27:0xfffffeed x21=0x00000000
        9545000	       953	80000eb4	014d54b3	srl	x9,x26,x20	 x26:0x80009f84 x20:0x0000000d  x9=0x00040004
        9555000	       954	80000eb8	42176993	ori	x19,x14,1057	 x14:0x00000001 x19=0x00000421
        9565000	       955	80000ebc	410d8cb3	sub	x25,x27,x16	 x27:0xfffffeed x16:0x00000001 x25=0xfffffeec
        9575000	       956	80000ec0	01fbb333	sltu	x6,x23,x31	 x23:0x0000000d x31:0x80000e6c  x6=0x00000001
        9585000	       957	80000ec4	13314017	auipc	x0,0x13314	
        9595000	       958	80000ec8	9681b297	auipc	x5,0x9681b	  x5=0x1681bec4
        9605000	       959	80000ecc	07ac8c63	beq	x25,x26,80000f44	 x25:0xfffffeec x26:0x80009f84
        9615000	       960	80000ed0	4097df13	srai	x30,x15,0x9	 x15:0xfffbe522 x30=0xfffffdf2
        9625000	       961	80000ed4	1e35e413	ori	x8,x11,483	 x11:0x00000000  x8=0x000001e3
        9635000	       962	80000ed8	06146663	bltu	x8,x1,80000f44	  x8:0x000001e3  x1:0x80000e68
        9645000	       963	00000000	00000013	addi	x0,x0,0	  x0:0x00000000
        9655000	       964	80000f40	00000013	addi	x0,x0,0	  x0:0x00000000
        9665000	       965	80000f44	01125413	srli	x8,x4,0x11	  x4:0x80000fad  x8=0x00004000
        9675000	       966	80000f48	01230933	add	x18,x6,x18	  x6:0x00000001 x18:0x80000e50 x18=0x80000e51
        9685000	       967	80000f4c	6723cf13	xori	x30,x7,1650	  x7:0x80009fc4 x30=0x800099b6
        9695000	       968	80000f50	01b49f33	sll	x30,x9,x27	  x9:0x00040004 x27:0xfffffeed x30=0x80008000
        9705000	       969	80000f54	401c55b3	sra	x11,x24,x1	 x24:0x00000000  x1:0x80000e68 x11=0x00000000
        9715000	       970	80000f58	01195893	srli	x17,x18,0x11	 x18:0x80000e51 x17=0x00004000
        9725000	       971	80000f5c	1540e813	ori	x16,x1,340	  x1:0x80000e68 x16=0x80000f7c
        9735000	       972	80000f60	3a6ac237	lui	x4,0x3a6ac	  x4=0x3a6ac000
        9745000	       973	80000f64	012454b3	srl	x9,x8,x18	  x8:0x00004000 x18:0x80000e51  x9=0x00000000
        9755000	       974	80000f68	01431213	slli	x4,x6,0x14	  x6:0x00000001  x4=0x00100000
        9765000	       975	80000f6c	09cfd863	bge	x31,x28,80000ffc	 x31:0x80000e6c x28:0x80000e5c
        9775000	       976	00000000	00000013	addi	x0,x0,0	  x0:0x00000000
        9785000	       977	80000ff8	00000013	addi	x0,x0,0	  x0:0x00000000
        9795000	       978	80000ffc	cbaf6c13	ori	x24,x30,-838	 x30:0x80008000 x24=0xfffffcba
        9805000	       979	80001000	41558f33	sub	x30,x11,x21	 x11:0x00000000 x21:0x00000000 x30=0x00000000
        9815000	       980	80001004	94a70013	addi	x0,x14,-1718	 x14:0x00000001
        9825000	       981	80001008	037f1663	bne	x30,x23,80001034	 x30:0x00000000 x23:0x0000000d
        9835000	       982	00000000	00000013	addi	x0,x0,0	  x0:0x00000000
        9845000	       983	80001030	00000013	addi	x0,x0,0	  x0:0x00000000
        9855000	       984	80001034	014a6db3	or	x27,x20,x20	 x20:0x0000000d x20:0x0000000d x27=0x0000000d
        9865000	       985	80001038	e9888d93	addi	x27,x17,-360	 x17:0x00004000 x27=0x00003e98
        9875000	       986	8000103c	05180863	beq	x16,x17,8000108c	 x16:0x80000f7c x17:0x00004000
        9885000	       987	80001040	dbab6137	lui	x2,0xdbab6	  x2=0xdbab6000
        9895000	       988	80001044	05234463	blt	x6,x18,8000108c	  x6:0x00000001 x18:0x80000e51
        9905000	       989	80001048	00c37a63	bgeu	x6,x12,8000105c	  x6:0x00000001 x12:0x00000001
        9915000	       990	00000000	00000013	addi	x0,x0,0	  x0:0x00000000
        9925000	       991	80001058	00000013	addi	x0,x0,0	  x0:0x00000000
        9935000	       992	8000105c	031e6c63	bltu	x28,x17,80001094	 x28:0x80000e5c x17:0x00004000
        9945000	       993	80001060	01ad4933	xor	x18,x26,x26	 x26:0x80009f84 x26:0x80009f84 x18=0x00000000
        9955000	       994	80001064	07b36663	bltu	x6,x27,800010d0	  x6:0x00000001 x27:0x00003e98
        9965000	       995	00000000	00000013	addi	x0,x0,0	  x0:0x00000000
        9975000	       996	800010cc	00000013	addi	x0,x0,0	  x0:0x00000000
        9985000	       997	800010d0	411e55b3	sra	x11,x28,x17	 x28:0x80000e5c x17:0x00004000 x11=0x80000e5c
        9995000	       998	800010d4	017ceab3	or	x21,x25,x23	 x25:0xfffffeec x23:0x0000000d x21=0xfffffeed
       10005000	       999	800010d8	723d0993	addi	x19,x26,1827	 x26:0x80009f84 x19=0x8000a6a7
       10015000	      1000	800010dc	8db47693	andi	x13,x8,-1829	  x8:0x00004000 x13=0x00004000
       10025000	      1001	800010e0	40d15c93	srai	x25,x2,0xd	  x2:0xdbab6000 x25=0xfffedd5b
       10035000	      1002	800010e4	6cf21a97	auipc	x21,0x6cf21	 x21=0xecf220e0
       10045000	      1003	800010e8	00000013	addi	x0,x0,0	  x0:0x00000000
       10055000	      1004	800010ec	000e5c63	bge	x28,x0,80001104	 x28:0x80000e5c  x0:0x00000000
       10065000	      1005	800010f0	012fcfb3	xor	x31,x31,x18	 x31:0x80000e6c x18:0x00000000 x31=0x80000e6c
       10075000	      1006	800010f4	02a86e63	bltu	x16,x10,80001130	 x16:0x80000f7c x10:0x80000e4c
       10085000	      1007	800010f8	8714e513	ori	x10,x9,-1935	  x9:0x00000000 x10=0xfffff871
       10095000	      1008	800010fc	02aa0a63	beq	x20,x10,80001130	 x20:0x0000000d x10:0xfffff871
       10105000	      1009	80001100	ba97e793	ori	x15,x15,-1111	 x15:0xfffbe522 x15=0xffffffab
       10115000	      1010	80001104	0083d893	srli	x17,x7,0x8	  x7:0x80009fc4 x17=0x0080009f
       10125000	      1011	80001108	1615e913	ori	x18,x11,353	 x11:0x80000e5c x18=0x80000f7d
       10135000	      1012	8000110c	0115deb3	srl	x29,x11,x17	 x11:0x80000e5c x17:0x0080009f x29=0x00000001
       10145000	      1013	80001110	51723e93	sltiu	x29,x4,1303	  x4:0x00100000 x29=0x00000000
       10155000	      1014	80001114	00000013	addi	x0,x0,0	  x0:0x00000000
       10165000	      1015	80001118	40a8dab3	sra	x21,x17,x10	 x17:0x0080009f x10:0xfffff871 x21=0x00000040
       10175000	      1016	8000111c	019b9c13	slli	x24,x23,0x19	 x23:0x0000000d x24=0x1a000000
       10185000	      1017	80001120	00782bb3	slt	x23,x16,x7	 x16:0x80000f7c  x7:0x80009fc4 x23=0x00000001
       10195000	      1018	80001124	017b3c33	sltu	x24,x22,x23	 x22:0x00000000 x23:0x00000001 x24=0x00000001
       10205000	      1019	80001128	144a7313	andi	x6,x20,324	 x20:0x0000000d  x6=0x00000004
       10215000	      1020	8000112c	00fcf263	bgeu	x25,x15,80001130	 x25:0xfffedd5b x15:0xffffffab
       10225000	      1021	80001130	5afab1b7	lui	x3,0x5afab	  x3=0x5afab000
       10235000	      1022	80001134	00000a17	auipc	x20,0x0	 x20=0x80001130
       10245000	      1023	80001138	00ca0a13	addi	x20,x20,12	 x20:0x80001130 x20=0x8000113c
       10255000	      1024	8000113c	000a0067	jalr	x0,x20,0	 x20:0x8000113c
       10265000	      1025	00000000	00000013	addi	x0,x0,0	  x0:0x00000000
       10275000	      1026	8000113c	00000013	addi	x0,x0,0	  x0:0x00000000
       10285000	      1027	80001140	00100193	addi	x3,x0,1	  x0:0x00000000  x3=0x00000001
       10295000	      1028	80001144	00000073	ecall	
       10305000	      1029	80001148	bc77bb97	auipc	x23,0xbc77b	 x23=0x3c77c144
