		Time			Cycle	PC		Insn	Decoded instruction	Register and memory contents
          65000	         5	80000004	00000293	addi	x5,x0,0	  x0:0x00000000  x5=0x00000000
          75000	         6	80000008	00000313	addi	x6,x0,0	  x0:0x00000000  x6=0x00000000
          85000	         7	8000000c	00628263	beq	x5,x6,80000010	  x5:0x00000000  x6:0x00000000
          95000	         8	00000000	00000013	addi	x0,x0,0	  x0:0x00000000
         105000	         9	8000000c	00000013	addi	x0,x0,0	  x0:0x00000000
         115000	        10	80000010	00000817	auipc	x16,0x0	 x16=0x8000000c
         125000	        11	80000014	00c80813	addi	x16,x16,12	 x16:0x8000000c x16=0x80000018
         135000	        12	80000018	00080067	jalr	x0,x16,0	 x16:0x80000018
         145000	        13	00000000	00000013	addi	x0,x0,0	  x0:0x00000000
         155000	        14	80000018	00000013	addi	x0,x0,0	  x0:0x00000000
         165000	        15	8000001c	40000a37	lui	x20,0x40000	 x20=0x40000000
         175000	        16	80000020	100a0a13	addi	x20,x20,256	 x20:0x40000000 x20=0x40000100
         185000	        17	80000024	00000013	addi	x0,x0,0	  x0:0x00000000
         195000	        18	80000028	0000a297	auipc	x5,0xa	  x5=0x8000a024
         205000	        19	8000002c	fa028293	addi	x5,x5,-96	  x5:0x8000a024  x5=0x80009fc4
         215000	        20	80000030	00004a17	auipc	x20,0x4	 x20=0x8000402c
         225000	        21	80000034	640a0a13	addi	x20,x20,1600	 x20:0x8000402c x20=0x8000466c
         235000	        22	80000038	000a6a13	ori	x20,x20,0	 x20:0x8000466c x20=0x8000466c
         245000	        23	8000003c	00000013	addi	x0,x0,0	  x0:0x00000000
         255000	        24	80000040	00000a17	auipc	x20,0x0	 x20=0x8000003c
         265000	        25	80000044	020a0a13	addi	x20,x20,32	 x20:0x8000003c x20=0x8000005c
         275000	        26	80000048	00000013	addi	x0,x0,0	  x0:0x00000000
         285000	        27	8000004c	00000013	addi	x0,x0,0	  x0:0x00000000
         295000	        28	80000050	00002a37	lui	x20,0x2	 x20=0x00002000
         305000	        29	80000054	800a0a13	addi	x20,x20,-2048	 x20:0x00002000 x20=0x00001800
         315000	        30	80000058	00000013	addi	x0,x0,0	  x0:0x00000000
         325000	        31	8000005c	00000013	addi	x0,x0,0	  x0:0x00000000
         335000	        32	80000060	1a682037	lui	x0,0x1a682	
         345000	        33	80000064	98600013	addi	x0,x0,-1658	  x0:0x00000000
         355000	        34	80000068	800000b7	lui	x1,0x80000	  x1=0x80000000
         365000	        35	8000006c	00b00113	addi	x2,x0,11	  x0:0x00000000  x2=0x0000000b
         375000	        36	80000070	6dbce1b7	lui	x3,0x6dbce	  x3=0x6dbce000
         385000	        37	80000074	c6618193	addi	x3,x3,-922	  x3:0x6dbce000  x3=0x6dbcdc66
         395000	        38	80000078	2b37c237	lui	x4,0x2b37c	  x4=0x2b37c000
         405000	        39	8000007c	fb220213	addi	x4,x4,-78	  x4:0x2b37c000  x4=0x2b37bfb2
         415000	        40	80000080	80000337	lui	x6,0x80000	  x6=0x80000000
         425000	        41	80000084	142673b7	lui	x7,0x14267	  x7=0x14267000
         435000	        42	80000088	9af38393	addi	x7,x7,-1617	  x7:0x14267000  x7=0x142669af
         445000	        43	8000008c	79369437	lui	x8,0x79369	  x8=0x79369000
         455000	        44	80000090	08d40413	addi	x8,x8,141	  x8:0x79369000  x8=0x7936908d
         465000	        45	80000094	f2371537	lui	x10,0xf2371	 x10=0xf2371000
         475000	        46	80000098	c1650513	addi	x10,x10,-1002	 x10:0xf2371000 x10=0xf2370c16
         485000	        47	8000009c	00200593	addi	x11,x0,2	  x0:0x00000000 x11=0x00000002
         495000	        48	800000a0	00100613	addi	x12,x0,1	  x0:0x00000000 x12=0x00000001
         505000	        49	800000a4	800006b7	lui	x13,0x80000	 x13=0x80000000
         515000	        50	800000a8	00400713	addi	x14,x0,4	  x0:0x00000000 x14=0x00000004
         525000	        51	800000ac	fb6757b7	lui	x15,0xfb675	 x15=0xfb675000
         535000	        52	800000b0	8d078793	addi	x15,x15,-1840	 x15:0xfb675000 x15=0xfb6748d0
         545000	        53	800000b4	00500813	addi	x16,x0,5	  x0:0x00000000 x16=0x00000005
         555000	        54	800000b8	00000893	addi	x17,x0,0	  x0:0x00000000 x17=0x00000000
         565000	        55	800000bc	80000937	lui	x18,0x80000	 x18=0x80000000
         575000	        56	800000c0	800009b7	lui	x19,0x80000	 x19=0x80000000
         585000	        57	800000c4	8abf1a37	lui	x20,0x8abf1	 x20=0x8abf1000
         595000	        58	800000c8	01ca0a13	addi	x20,x20,28	 x20:0x8abf1000 x20=0x8abf101c
         605000	        59	800000cc	00600a93	addi	x21,x0,6	  x0:0x00000000 x21=0x00000006
         615000	        60	800000d0	436adb37	lui	x22,0x436ad	 x22=0x436ad000
         625000	        61	800000d4	cd4b0b13	addi	x22,x22,-812	 x22:0x436ad000 x22=0x436accd4
         635000	        62	800000d8	80000bb7	lui	x23,0x80000	 x23=0x80000000
         645000	        63	800000dc	80000c37	lui	x24,0x80000	 x24=0x80000000
         655000	        64	800000e0	00c00c93	addi	x25,x0,12	  x0:0x00000000 x25=0x0000000c
         665000	        65	800000e4	d60a8d37	lui	x26,0xd60a8	 x26=0xd60a8000
         675000	        66	800000e8	748d0d13	addi	x26,x26,1864	 x26:0xd60a8000 x26=0xd60a8748
         685000	        67	800000ec	93e4edb7	lui	x27,0x93e4e	 x27=0x93e4e000
         695000	        68	800000f0	9cdd8d93	addi	x27,x27,-1587	 x27:0x93e4e000 x27=0x93e4d9cd
         705000	        69	800000f4	00300e13	addi	x28,x0,3	  x0:0x00000000 x28=0x00000003
         715000	        70	800000f8	6eb5feb7	lui	x29,0x6eb5f	 x29=0x6eb5f000
         725000	        71	800000fc	609e8e93	addi	x29,x29,1545	 x29:0x6eb5f000 x29=0x6eb5f609
         735000	        72	80000100	00000f13	addi	x30,x0,0	  x0:0x00000000 x30=0x00000000
         745000	        73	80000104	00300f93	addi	x31,x0,3	  x0:0x00000000 x31=0x00000003
         755000	        74	80000108	0000a497	auipc	x9,0xa	  x9=0x8000a104
         765000	        75	8000010c	e8048493	addi	x9,x9,-384	  x9:0x8000a104  x9=0x80009f84
         775000	        76	80000110	024000ef	jal	x1,80000110	  x1=0x80000110
         785000	        77	00000000	00000013	addi	x0,x0,0	  x0:0x00000000
         795000	        78	80000130	00000013	addi	x0,x0,0	  x0:0x00000000
         805000	        79	80000134	018000ef	jal	x1,80000134	  x1=0x80000134
         815000	        80	00000000	00000013	addi	x0,x0,0	  x0:0x00000000
         825000	        81	80000148	00000013	addi	x0,x0,0	  x0:0x00000000
         835000	        82	8000014c	ff1ffd6f	jal	x26,8000014c	 x26=0x8000014c
         845000	        83	00000000	00000013	addi	x0,x0,0	  x0:0x00000000
         855000	        84	80000138	00000013	addi	x0,x0,0	  x0:0x00000000
         865000	        85	8000013c	ff5ff36f	jal	x6,8000013c	  x6=0x8000013c
         875000	        86	00000000	00000013	addi	x0,x0,0	  x0:0x00000000
         885000	        87	8000012c	00000013	addi	x0,x0,0	  x0:0x00000000
         895000	        88	80000130	fe5ff0ef	jal	x1,80000130	  x1=0x80000130
         905000	        89	00000000	00000013	addi	x0,x0,0	  x0:0x00000000
         915000	        90	80000110	00000013	addi	x0,x0,0	  x0:0x00000000
         925000	        91	80000114	00c0036f	jal	x6,80000114	  x6=0x80000114
         935000	        92	00000000	00000013	addi	x0,x0,0	  x0:0x00000000
         945000	        93	8000011c	00000013	addi	x0,x0,0	  x0:0x00000000
         955000	        94	80000120	02400eef	jal	x29,80000120	 x29=0x80000120
         965000	        95	00000000	00000013	addi	x0,x0,0	  x0:0x00000000
         975000	        96	80000140	00000013	addi	x0,x0,0	  x0:0x00000000
         985000	        97	80000144	0140036f	jal	x6,80000144	  x6=0x80000144
         995000	        98	00000000	00000013	addi	x0,x0,0	  x0:0x00000000
        1005000	        99	80000154	00000013	addi	x0,x0,0	  x0:0x00000000
        1015000	       100	80000158	fd1ff0ef	jal	x1,80000158	  x1=0x80000158
        1025000	       101	00000000	00000013	addi	x0,x0,0	  x0:0x00000000
        1035000	       102	80000124	00000013	addi	x0,x0,0	  x0:0x00000000
        1045000	       103	80000128	0180056f	jal	x10,80000128	 x10=0x80000128
        1055000	       104	00000000	00000013	addi	x0,x0,0	  x0:0x00000000
        1065000	       105	8000013c	00000013	addi	x0,x0,0	  x0:0x00000000
        1075000	       106	80000140	fd9ff36f	jal	x6,80000140	  x6=0x80000140
        1085000	       107	00000000	00000013	addi	x0,x0,0	  x0:0x00000000
        1095000	       108	80000114	00000013	addi	x0,x0,0	  x0:0x00000000
        1105000	       109	80000118	020000ef	jal	x1,80000118	  x1=0x80000118
        1115000	       110	00000000	00000013	addi	x0,x0,0	  x0:0x00000000
        1125000	       111	80000134	00000013	addi	x0,x0,0	  x0:0x00000000
        1135000	       112	80000138	fe5ff0ef	jal	x1,80000138	  x1=0x80000138
        1145000	       113	00000000	00000013	addi	x0,x0,0	  x0:0x00000000
        1155000	       114	80000118	00000013	addi	x0,x0,0	  x0:0x00000000
        1165000	       115	8000011c	010000ef	jal	x1,8000011c	  x1=0x8000011c
        1175000	       116	00000000	00000013	addi	x0,x0,0	  x0:0x00000000
        1185000	       117	80000128	00000013	addi	x0,x0,0	  x0:0x00000000
        1195000	       118	8000012c	024000ef	jal	x1,8000012c	  x1=0x8000012c
        1205000	       119	00000000	00000013	addi	x0,x0,0	  x0:0x00000000
        1215000	       120	8000014c	00000013	addi	x0,x0,0	  x0:0x00000000
        1225000	       121	80000150	004000ef	jal	x1,80000150	  x1=0x80000150
        1235000	       122	00000000	00000013	addi	x0,x0,0	  x0:0x00000000
        1245000	       123	80000150	00000013	addi	x0,x0,0	  x0:0x00000000
        1255000	       124	80000154	fd1ff0ef	jal	x1,80000154	  x1=0x80000154
        1265000	       125	00000000	00000013	addi	x0,x0,0	  x0:0x00000000
        1275000	       126	80000120	00000013	addi	x0,x0,0	  x0:0x00000000
        1285000	       127	80000124	024000ef	jal	x1,80000124	  x1=0x80000124
        1295000	       128	00000000	00000013	addi	x0,x0,0	  x0:0x00000000
        1305000	       129	80000144	00000013	addi	x0,x0,0	  x0:0x00000000
        1315000	       130	80000148	014000ef	jal	x1,80000148	  x1=0x80000148
        1325000	       131	00000000	00000013	addi	x0,x0,0	  x0:0x00000000
        1335000	       132	80000158	00000013	addi	x0,x0,0	  x0:0x00000000
        1345000	       133	8000015c	893a8c13	addi	x24,x21,-1901	 x21:0x00000006 x24=0xfffff899
        1355000	       134	80000160	038000ef	jal	x1,80000160	  x1=0x80000160
        1365000	       135	00000000	00000013	addi	x0,x0,0	  x0:0x00000000
        1375000	       136	80000194	00000013	addi	x0,x0,0	  x0:0x00000000
        1385000	       137	80000198	ff9ff36f	jal	x6,80000198	  x6=0x80000198
        1395000	       138	00000000	00000013	addi	x0,x0,0	  x0:0x00000000
        1405000	       139	8000018c	00000013	addi	x0,x0,0	  x0:0x00000000
        1415000	       140	80000190	ffdff0ef	jal	x1,80000190	  x1=0x80000190
        1425000	       141	00000000	00000013	addi	x0,x0,0	  x0:0x00000000
        1435000	       142	80000188	00000013	addi	x0,x0,0	  x0:0x00000000
        1445000	       143	8000018c	ff5ff0ef	jal	x1,8000018c	  x1=0x8000018c
        1455000	       144	00000000	00000013	addi	x0,x0,0	  x0:0x00000000
        1465000	       145	8000017c	00000013	addi	x0,x0,0	  x0:0x00000000
        1475000	       146	80000180	ff1ff16f	jal	x2,80000180	  x2=0x80000180
        1485000	       147	00000000	00000013	addi	x0,x0,0	  x0:0x00000000
        1495000	       148	8000016c	00000013	addi	x0,x0,0	  x0:0x00000000
        1505000	       149	80000170	ff5ff0ef	jal	x1,80000170	  x1=0x80000170
        1515000	       150	00000000	00000013	addi	x0,x0,0	  x0:0x00000000
        1525000	       151	80000160	00000013	addi	x0,x0,0	  x0:0x00000000
        1535000	       152	80000164	0140036f	jal	x6,80000164	  x6=0x80000164
        1545000	       153	00000000	00000013	addi	x0,x0,0	  x0:0x00000000
        1555000	       154	80000174	00000013	addi	x0,x0,0	  x0:0x00000000
        1565000	       155	80000178	ff5ffbef	jal	x23,80000178	 x23=0x80000178
        1575000	       156	00000000	00000013	addi	x0,x0,0	  x0:0x00000000
        1585000	       157	80000168	00000013	addi	x0,x0,0	  x0:0x00000000
        1595000	       158	8000016c	0100036f	jal	x6,8000016c	  x6=0x8000016c
        1605000	       159	00000000	00000013	addi	x0,x0,0	  x0:0x00000000
        1615000	       160	80000178	00000013	addi	x0,x0,0	  x0:0x00000000
        1625000	       161	8000017c	00c000ef	jal	x1,8000017c	  x1=0x8000017c
        1635000	       162	00000000	00000013	addi	x0,x0,0	  x0:0x00000000
        1645000	       163	80000184	00000013	addi	x0,x0,0	  x0:0x00000000
        1655000	       164	80000188	ffdff36f	jal	x6,80000188	  x6=0x80000188
        1665000	       165	00000000	00000013	addi	x0,x0,0	  x0:0x00000000
        1675000	       166	80000180	00000013	addi	x0,x0,0	  x0:0x00000000
        1685000	       167	80000184	fe5ff36f	jal	x6,80000184	  x6=0x80000184
        1695000	       168	00000000	00000013	addi	x0,x0,0	  x0:0x00000000
        1705000	       169	80000164	00000013	addi	x0,x0,0	  x0:0x00000000
        1715000	       170	80000168	00c0036f	jal	x6,80000168	  x6=0x80000168
        1725000	       171	00000000	00000013	addi	x0,x0,0	  x0:0x00000000
        1735000	       172	80000170	00000013	addi	x0,x0,0	  x0:0x00000000
        1745000	       173	80000174	020000ef	jal	x1,80000174	  x1=0x80000174
        1755000	       174	00000000	00000013	addi	x0,x0,0	  x0:0x00000000
        1765000	       175	80000190	00000013	addi	x0,x0,0	  x0:0x00000000
        1775000	       176	80000194	0080036f	jal	x6,80000194	  x6=0x80000194
        1785000	       177	00000000	00000013	addi	x0,x0,0	  x0:0x00000000
        1795000	       178	80000198	00000013	addi	x0,x0,0	  x0:0x00000000
        1805000	       179	8000019c	003a2db3	slt	x27,x20,x3	 x20:0x8abf101c  x3:0x6dbcdc66 x27=0x00000001
        1815000	       180	800001a0	05c000ef	jal	x1,800001a0	  x1=0x800001a0
        1825000	       181	00000000	00000013	addi	x0,x0,0	  x0:0x00000000
        1835000	       182	800001f8	00000013	addi	x0,x0,0	  x0:0x00000000
        1845000	       183	800001fc	fcdff0ef	jal	x1,800001fc	  x1=0x800001fc
        1855000	       184	00000000	00000013	addi	x0,x0,0	  x0:0x00000000
        1865000	       185	800001c4	00000013	addi	x0,x0,0	  x0:0x00000000
        1875000	       186	800001c8	ffdff0ef	jal	x1,800001c8	  x1=0x800001c8
        1885000	       187	00000000	00000013	addi	x0,x0,0	  x0:0x00000000
        1895000	       188	800001c0	00000013	addi	x0,x0,0	  x0:0x00000000
        1905000	       189	800001c4	010000ef	jal	x1,800001c4	  x1=0x800001c4
        1915000	       190	00000000	00000013	addi	x0,x0,0	  x0:0x00000000
        1925000	       191	800001d0	00000013	addi	x0,x0,0	  x0:0x00000000
        1935000	       192	800001d4	0180056f	jal	x10,800001d4	 x10=0x800001d4
        1945000	       193	00000000	00000013	addi	x0,x0,0	  x0:0x00000000
        1955000	       194	800001e8	00000013	addi	x0,x0,0	  x0:0x00000000
        1965000	       195	800001ec	ffdff3ef	jal	x7,800001ec	  x7=0x800001ec
        1975000	       196	00000000	00000013	addi	x0,x0,0	  x0:0x00000000
        1985000	       197	800001e4	00000013	addi	x0,x0,0	  x0:0x00000000
        1995000	       198	800001e8	0080036f	jal	x6,800001e8	  x6=0x800001e8
        2005000	       199	00000000	00000013	addi	x0,x0,0	  x0:0x00000000
        2015000	       200	800001ec	00000013	addi	x0,x0,0	  x0:0x00000000
        2025000	       201	800001f0	fedff16f	jal	x2,800001f0	  x2=0x800001f0
        2035000	       202	00000000	00000013	addi	x0,x0,0	  x0:0x00000000
        2045000	       203	800001d8	00000013	addi	x0,x0,0	  x0:0x00000000
        2055000	       204	800001dc	fd9ff0ef	jal	x1,800001dc	  x1=0x800001dc
        2065000	       205	00000000	00000013	addi	x0,x0,0	  x0:0x00000000
        2075000	       206	800001b0	00000013	addi	x0,x0,0	  x0:0x00000000
        2085000	       207	800001b4	004000ef	jal	x1,800001b4	  x1=0x800001b4
        2095000	       208	00000000	00000013	addi	x0,x0,0	  x0:0x00000000
        2105000	       209	800001b4	00000013	addi	x0,x0,0	  x0:0x00000000
        2115000	       210	800001b8	03c000ef	jal	x1,800001b8	  x1=0x800001b8
        2125000	       211	00000000	00000013	addi	x0,x0,0	  x0:0x00000000
        2135000	       212	800001f0	00000013	addi	x0,x0,0	  x0:0x00000000
        2145000	       213	800001f4	fcdff36f	jal	x6,800001f4	  x6=0x800001f4
        2155000	       214	00000000	00000013	addi	x0,x0,0	  x0:0x00000000
        2165000	       215	800001bc	00000013	addi	x0,x0,0	  x0:0x00000000
        2175000	       216	800001c0	018001ef	jal	x3,800001c0	  x3=0x800001c0
        2185000	       217	00000000	00000013	addi	x0,x0,0	  x0:0x00000000
        2195000	       218	800001d4	00000013	addi	x0,x0,0	  x0:0x00000000
        2205000	       219	800001d8	008000ef	jal	x1,800001d8	  x1=0x800001d8
        2215000	       220	00000000	00000013	addi	x0,x0,0	  x0:0x00000000
        2225000	       221	800001dc	00000013	addi	x0,x0,0	  x0:0x00000000
        2235000	       222	800001e0	018000ef	jal	x1,800001e0	  x1=0x800001e0
        2245000	       223	00000000	00000013	addi	x0,x0,0	  x0:0x00000000
        2255000	       224	800001f4	00000013	addi	x0,x0,0	  x0:0x00000000
        2265000	       225	800001f8	00c000ef	jal	x1,800001f8	  x1=0x800001f8
        2275000	       226	00000000	00000013	addi	x0,x0,0	  x0:0x00000000
        2285000	       227	80000200	00000013	addi	x0,x0,0	  x0:0x00000000
        2295000	       228	80000204	fe1ff3ef	jal	x7,80000204	  x7=0x80000204
        2305000	       229	00000000	00000013	addi	x0,x0,0	  x0:0x00000000
        2315000	       230	800001e0	00000013	addi	x0,x0,0	  x0:0x00000000
        2325000	       231	800001e4	fedff0ef	jal	x1,800001e4	  x1=0x800001e4
        2335000	       232	00000000	00000013	addi	x0,x0,0	  x0:0x00000000
        2345000	       233	800001cc	00000013	addi	x0,x0,0	  x0:0x00000000
        2355000	       234	800001d0	fd5ff0ef	jal	x1,800001d0	  x1=0x800001d0
        2365000	       235	00000000	00000013	addi	x0,x0,0	  x0:0x00000000
        2375000	       236	800001a0	00000013	addi	x0,x0,0	  x0:0x00000000
        2385000	       237	800001a4	05c00b6f	jal	x22,800001a4	 x22=0x800001a4
        2395000	       238	00000000	00000013	addi	x0,x0,0	  x0:0x00000000
        2405000	       239	800001fc	00000013	addi	x0,x0,0	  x0:0x00000000
        2415000	       240	80000200	fa9ff36f	jal	x6,80000200	  x6=0x80000200
        2425000	       241	00000000	00000013	addi	x0,x0,0	  x0:0x00000000
        2435000	       242	800001a4	00000013	addi	x0,x0,0	  x0:0x00000000
        2445000	       243	800001a8	0600016f	jal	x2,800001a8	  x2=0x800001a8
        2455000	       244	00000000	00000013	addi	x0,x0,0	  x0:0x00000000
        2465000	       245	80000204	00000013	addi	x0,x0,0	  x0:0x00000000
        2475000	       246	80000208	fb5ff36f	jal	x6,80000208	  x6=0x80000208
        2485000	       247	00000000	00000013	addi	x0,x0,0	  x0:0x00000000
        2495000	       248	800001b8	00000013	addi	x0,x0,0	  x0:0x00000000
        2505000	       249	800001bc	ff5ff0ef	jal	x1,800001bc	  x1=0x800001bc
        2515000	       250	00000000	00000013	addi	x0,x0,0	  x0:0x00000000
        2525000	       251	800001ac	00000013	addi	x0,x0,0	  x0:0x00000000
        2535000	       252	800001b0	ffdff0ef	jal	x1,800001b0	  x1=0x800001b0
        2545000	       253	00000000	00000013	addi	x0,x0,0	  x0:0x00000000
        2555000	       254	800001a8	00000013	addi	x0,x0,0	  x0:0x00000000
        2565000	       255	800001ac	02000eef	jal	x29,800001ac	 x29=0x800001ac
        2575000	       256	00000000	00000013	addi	x0,x0,0	  x0:0x00000000
        2585000	       257	800001c8	00000013	addi	x0,x0,0	  x0:0x00000000
        2595000	       258	800001cc	040000ef	jal	x1,800001cc	  x1=0x800001cc
        2605000	       259	00000000	00000013	addi	x0,x0,0	  x0:0x00000000
        2615000	       260	80000208	00000013	addi	x0,x0,0	  x0:0x00000000
        2625000	       261	8000020c	0078fcb3	and	x25,x17,x7	 x17:0x00000000  x7:0x80000204 x25=0x00000000
        2635000	       262	80000210	010000ef	jal	x1,80000210	  x1=0x80000210
        2645000	       263	00000000	00000013	addi	x0,x0,0	  x0:0x00000000
        2655000	       264	8000021c	00000013	addi	x0,x0,0	  x0:0x00000000
        2665000	       265	80000220	01c000ef	jal	x1,80000220	  x1=0x80000220
        2675000	       266	00000000	00000013	addi	x0,x0,0	  x0:0x00000000
        2685000	       267	80000238	00000013	addi	x0,x0,0	  x0:0x00000000
        2695000	       268	8000023c	ff9ff16f	jal	x2,8000023c	  x2=0x8000023c
        2705000	       269	00000000	00000013	addi	x0,x0,0	  x0:0x00000000
        2715000	       270	80000230	00000013	addi	x0,x0,0	  x0:0x00000000
        2725000	       271	80000234	ff5ff0ef	jal	x1,80000234	  x1=0x80000234
        2735000	       272	00000000	00000013	addi	x0,x0,0	  x0:0x00000000
        2745000	       273	80000224	00000013	addi	x0,x0,0	  x0:0x00000000
        2755000	       274	80000228	004000ef	jal	x1,80000228	  x1=0x80000228
        2765000	       275	00000000	00000013	addi	x0,x0,0	  x0:0x00000000
        2775000	       276	80000228	00000013	addi	x0,x0,0	  x0:0x00000000
        2785000	       277	8000022c	004006ef	jal	x13,8000022c	 x13=0x8000022c
        2795000	       278	00000000	00000013	addi	x0,x0,0	  x0:0x00000000
        2805000	       279	8000022c	00000013	addi	x0,x0,0	  x0:0x00000000
        2815000	       280	80000230	ff5ff0ef	jal	x1,80000230	  x1=0x80000230
        2825000	       281	00000000	00000013	addi	x0,x0,0	  x0:0x00000000
        2835000	       282	80000220	00000013	addi	x0,x0,0	  x0:0x00000000
        2845000	       283	80000224	0140056f	jal	x10,80000224	 x10=0x80000224
        2855000	       284	00000000	00000013	addi	x0,x0,0	  x0:0x00000000
        2865000	       285	80000234	00000013	addi	x0,x0,0	  x0:0x00000000
        2875000	       286	80000238	fe5ffc6f	jal	x24,80000238	 x24=0x80000238
        2885000	       287	00000000	00000013	addi	x0,x0,0	  x0:0x00000000
        2895000	       288	80000218	00000013	addi	x0,x0,0	  x0:0x00000000
        2905000	       289	8000021c	ff9ff8ef	jal	x17,8000021c	 x17=0x8000021c
        2915000	       290	00000000	00000013	addi	x0,x0,0	  x0:0x00000000
        2925000	       291	80000210	00000013	addi	x0,x0,0	  x0:0x00000000
        2935000	       292	80000214	004000ef	jal	x1,80000214	  x1=0x80000214
        2945000	       293	00000000	00000013	addi	x0,x0,0	  x0:0x00000000
        2955000	       294	80000214	00000013	addi	x0,x0,0	  x0:0x00000000
        2965000	       295	80000218	02800c6f	jal	x24,80000218	 x24=0x80000218
        2975000	       296	00000000	00000013	addi	x0,x0,0	  x0:0x00000000
        2985000	       297	8000023c	00000013	addi	x0,x0,0	  x0:0x00000000
        2995000	       298	80000240	73670893	addi	x17,x14,1846	 x14:0x00000004 x17=0x0000073a
        3005000	       299	80000244	008000ef	jal	x1,80000244	  x1=0x80000244
        3015000	       300	00000000	00000013	addi	x0,x0,0	  x0:0x00000000
        3025000	       301	80000248	00000013	addi	x0,x0,0	  x0:0x00000000
        3035000	       302	8000024c	038000ef	jal	x1,8000024c	  x1=0x8000024c
        3045000	       303	00000000	00000013	addi	x0,x0,0	  x0:0x00000000
        3055000	       304	80000280	00000013	addi	x0,x0,0	  x0:0x00000000
        3065000	       305	80000284	fe1ff36f	jal	x6,80000284	  x6=0x80000284
        3075000	       306	00000000	00000013	addi	x0,x0,0	  x0:0x00000000
        3085000	       307	80000260	00000013	addi	x0,x0,0	  x0:0x00000000
        3095000	       308	80000264	fedff0ef	jal	x1,80000264	  x1=0x80000264
        3105000	       309	00000000	00000013	addi	x0,x0,0	  x0:0x00000000
        3115000	       310	8000024c	00000013	addi	x0,x0,0	  x0:0x00000000
        3125000	       311	80000250	03c0036f	jal	x6,80000250	  x6=0x80000250
        3135000	       312	00000000	00000013	addi	x0,x0,0	  x0:0x00000000
        3145000	       313	80000288	00000013	addi	x0,x0,0	  x0:0x00000000
        3155000	       314	8000028c	ff1ffe6f	jal	x28,8000028c	 x28=0x8000028c
        3165000	       315	00000000	00000013	addi	x0,x0,0	  x0:0x00000000
        3175000	       316	80000278	00000013	addi	x0,x0,0	  x0:0x00000000
        3185000	       317	8000027c	fedff7ef	jal	x15,8000027c	 x15=0x8000027c
        3195000	       318	00000000	00000013	addi	x0,x0,0	  x0:0x00000000
        3205000	       319	80000264	00000013	addi	x0,x0,0	  x0:0x00000000
        3215000	       320	80000268	00c000ef	jal	x1,80000268	  x1=0x80000268
        3225000	       321	00000000	00000013	addi	x0,x0,0	  x0:0x00000000
        3235000	       322	80000270	00000013	addi	x0,x0,0	  x0:0x00000000
        3245000	       323	80000274	fe1ffeef	jal	x29,80000274	 x29=0x80000274
        3255000	       324	00000000	00000013	addi	x0,x0,0	  x0:0x00000000
        3265000	       325	80000250	00000013	addi	x0,x0,0	  x0:0x00000000
        3275000	       326	80000254	024000ef	jal	x1,80000254	  x1=0x80000254
        3285000	       327	00000000	00000013	addi	x0,x0,0	  x0:0x00000000
        3295000	       328	80000274	00000013	addi	x0,x0,0	  x0:0x00000000
        3305000	       329	80000278	ff9fff6f	jal	x30,80000278	 x30=0x80000278
        3315000	       330	00000000	00000013	addi	x0,x0,0	  x0:0x00000000
        3325000	       331	8000026c	00000013	addi	x0,x0,0	  x0:0x00000000
        3335000	       332	80000270	fe9ff0ef	jal	x1,80000270	  x1=0x80000270
        3345000	       333	00000000	00000013	addi	x0,x0,0	  x0:0x00000000
        3355000	       334	80000254	00000013	addi	x0,x0,0	  x0:0x00000000
        3365000	       335	80000258	ff1ff0ef	jal	x1,80000258	  x1=0x80000258
        3375000	       336	00000000	00000013	addi	x0,x0,0	  x0:0x00000000
        3385000	       337	80000244	00000013	addi	x0,x0,0	  x0:0x00000000
        3395000	       338	80000248	040000ef	jal	x1,80000248	  x1=0x80000248
        3405000	       339	00000000	00000013	addi	x0,x0,0	  x0:0x00000000
        3415000	       340	80000284	00000013	addi	x0,x0,0	  x0:0x00000000
        3425000	       341	80000288	fd5ff1ef	jal	x3,80000288	  x3=0x80000288
        3435000	       342	00000000	00000013	addi	x0,x0,0	  x0:0x00000000
        3445000	       343	80000258	00000013	addi	x0,x0,0	  x0:0x00000000
        3455000	       344	8000025c	0100036f	jal	x6,8000025c	  x6=0x8000025c
        3465000	       345	00000000	00000013	addi	x0,x0,0	  x0:0x00000000
        3475000	       346	80000268	00000013	addi	x0,x0,0	  x0:0x00000000
        3485000	       347	8000026c	ff5ff1ef	jal	x3,8000026c	  x3=0x8000026c
        3495000	       348	00000000	00000013	addi	x0,x0,0	  x0:0x00000000
        3505000	       349	8000025c	00000013	addi	x0,x0,0	  x0:0x00000000
        3515000	       350	80000260	020000ef	jal	x1,80000260	  x1=0x80000260
        3525000	       351	00000000	00000013	addi	x0,x0,0	  x0:0x00000000
        3535000	       352	8000027c	00000013	addi	x0,x0,0	  x0:0x00000000
        3545000	       353	80000280	010000ef	jal	x1,80000280	  x1=0x80000280
        3555000	       354	00000000	00000013	addi	x0,x0,0	  x0:0x00000000
        3565000	       355	8000028c	00000013	addi	x0,x0,0	  x0:0x00000000
        3575000	       356	80000290	ce4ebf13	sltiu	x30,x29,-796	 x29:0x80000274 x30=0x00000001
        3585000	       357	80000294	024000ef	jal	x1,80000294	  x1=0x80000294
        3595000	       358	00000000	00000013	addi	x0,x0,0	  x0:0x00000000
        3605000	       359	800002b4	00000013	addi	x0,x0,0	  x0:0x00000000
        3615000	       360	800002b8	ff1ff0ef	jal	x1,800002b8	  x1=0x800002b8
        3625000	       361	00000000	00000013	addi	x0,x0,0	  x0:0x00000000
        3635000	       362	800002a4	00000013	addi	x0,x0,0	  x0:0x00000000
        3645000	       363	800002a8	014000ef	jal	x1,800002a8	  x1=0x800002a8
        3655000	       364	00000000	00000013	addi	x0,x0,0	  x0:0x00000000
        3665000	       365	800002b8	00000013	addi	x0,x0,0	  x0:0x00000000
        3675000	       366	800002bc	fe9ff0ef	jal	x1,800002bc	  x1=0x800002bc
        3685000	       367	00000000	00000013	addi	x0,x0,0	  x0:0x00000000
        3695000	       368	800002a0	00000013	addi	x0,x0,0	  x0:0x00000000
        3705000	       369	800002a4	0100056f	jal	x10,800002a4	 x10=0x800002a4
        3715000	       370	00000000	00000013	addi	x0,x0,0	  x0:0x00000000
        3725000	       371	800002b0	00000013	addi	x0,x0,0	  x0:0x00000000
        3735000	       372	800002b4	ff9ff36f	jal	x6,800002b4	  x6=0x800002b4
        3745000	       373	00000000	00000013	addi	x0,x0,0	  x0:0x00000000
        3755000	       374	800002a8	00000013	addi	x0,x0,0	  x0:0x00000000
        3765000	       375	800002ac	ff1ff0ef	jal	x1,800002ac	  x1=0x800002ac
        3775000	       376	00000000	00000013	addi	x0,x0,0	  x0:0x00000000
        3785000	       377	80000298	00000013	addi	x0,x0,0	  x0:0x00000000
        3795000	       378	8000029c	01400eef	jal	x29,8000029c	 x29=0x8000029c
        3805000	       379	00000000	00000013	addi	x0,x0,0	  x0:0x00000000
        3815000	       380	800002ac	00000013	addi	x0,x0,0	  x0:0x00000000
        3825000	       381	800002b0	fe9ff0ef	jal	x1,800002b0	  x1=0x800002b0
        3835000	       382	00000000	00000013	addi	x0,x0,0	  x0:0x00000000
        3845000	       383	80000294	00000013	addi	x0,x0,0	  x0:0x00000000
        3855000	       384	80000298	008000ef	jal	x1,80000298	  x1=0x80000298
        3865000	       385	00000000	00000013	addi	x0,x0,0	  x0:0x00000000
        3875000	       386	8000029c	00000013	addi	x0,x0,0	  x0:0x00000000
        3885000	       387	800002a0	0200036f	jal	x6,800002a0	  x6=0x800002a0
        3895000	       388	00000000	00000013	addi	x0,x0,0	  x0:0x00000000
        3905000	       389	800002bc	00000013	addi	x0,x0,0	  x0:0x00000000
        3915000	       390	800002c0	004000ef	jal	x1,800002c0	  x1=0x800002c0
        3925000	       391	00000000	00000013	addi	x0,x0,0	  x0:0x00000000
        3935000	       392	800002c0	00000013	addi	x0,x0,0	  x0:0x00000000
        3945000	       393	800002c4	41955733	sra	x14,x10,x25	 x10:0x800002a4 x25:0x00000000 x14=0x800002a4
        3955000	       394	800002c8	018000ef	jal	x1,800002c8	  x1=0x800002c8
        3965000	       395	00000000	00000013	addi	x0,x0,0	  x0:0x00000000
        3975000	       396	800002dc	00000013	addi	x0,x0,0	  x0:0x00000000
        3985000	       397	800002e0	040001ef	jal	x3,800002e0	  x3=0x800002e0
        3995000	       398	00000000	00000013	addi	x0,x0,0	  x0:0x00000000
        4005000	       399	8000031c	00000013	addi	x0,x0,0	  x0:0x00000000
        4015000	       400	80000320	ff9ff0ef	jal	x1,80000320	  x1=0x80000320
        4025000	       401	00000000	00000013	addi	x0,x0,0	  x0:0x00000000
        4035000	       402	80000314	00000013	addi	x0,x0,0	  x0:0x00000000
        4045000	       403	80000318	fd1ffe6f	jal	x28,80000318	 x28=0x80000318
        4055000	       404	00000000	00000013	addi	x0,x0,0	  x0:0x00000000
        4065000	       405	800002e4	00000013	addi	x0,x0,0	  x0:0x00000000
        4075000	       406	800002e8	020000ef	jal	x1,800002e8	  x1=0x800002e8
        4085000	       407	00000000	00000013	addi	x0,x0,0	  x0:0x00000000
        4095000	       408	80000304	00000013	addi	x0,x0,0	  x0:0x00000000
        4105000	       409	80000308	ff9ff0ef	jal	x1,80000308	  x1=0x80000308
        4115000	       410	00000000	00000013	addi	x0,x0,0	  x0:0x00000000
        4125000	       411	800002fc	00000013	addi	x0,x0,0	  x0:0x00000000
        4135000	       412	80000300	fd1ff36f	jal	x6,80000300	  x6=0x80000300
        4145000	       413	00000000	00000013	addi	x0,x0,0	  x0:0x00000000
        4155000	       414	800002cc	00000013	addi	x0,x0,0	  x0:0x00000000
        4165000	       415	800002d0	00800bef	jal	x23,800002d0	 x23=0x800002d0
        4175000	       416	00000000	00000013	addi	x0,x0,0	  x0:0x00000000
        4185000	       417	800002d4	00000013	addi	x0,x0,0	  x0:0x00000000
        4195000	       418	800002d8	00c0036f	jal	x6,800002d8	  x6=0x800002d8
        4205000	       419	00000000	00000013	addi	x0,x0,0	  x0:0x00000000
        4215000	       420	800002e0	00000013	addi	x0,x0,0	  x0:0x00000000
        4225000	       421	800002e4	020000ef	jal	x1,800002e4	  x1=0x800002e4
        4235000	       422	00000000	00000013	addi	x0,x0,0	  x0:0x00000000
        4245000	       423	80000300	00000013	addi	x0,x0,0	  x0:0x00000000
        4255000	       424	80000304	fe9ff0ef	jal	x1,80000304	  x1=0x80000304
        4265000	       425	00000000	00000013	addi	x0,x0,0	  x0:0x00000000
        4275000	       426	800002e8	00000013	addi	x0,x0,0	  x0:0x00000000
        4285000	       427	800002ec	fe1ff0ef	jal	x1,800002ec	  x1=0x800002ec
        4295000	       428	00000000	00000013	addi	x0,x0,0	  x0:0x00000000
        4305000	       429	800002c8	00000013	addi	x0,x0,0	  x0:0x00000000
        4315000	       430	800002cc	048000ef	jal	x1,800002cc	  x1=0x800002cc
        4325000	       431	00000000	00000013	addi	x0,x0,0	  x0:0x00000000
        4335000	       432	80000310	00000013	addi	x0,x0,0	  x0:0x00000000
        4345000	       433	80000314	fe5ff16f	jal	x2,80000314	  x2=0x80000314
        4355000	       434	00000000	00000013	addi	x0,x0,0	  x0:0x00000000
        4365000	       435	800002f4	00000013	addi	x0,x0,0	  x0:0x00000000
        4375000	       436	800002f8	01400a6f	jal	x20,800002f8	 x20=0x800002f8
        4385000	       437	00000000	00000013	addi	x0,x0,0	  x0:0x00000000
        4395000	       438	80000308	00000013	addi	x0,x0,0	  x0:0x00000000
        4405000	       439	8000030c	fc9ff0ef	jal	x1,8000030c	  x1=0x8000030c
        4415000	       440	00000000	00000013	addi	x0,x0,0	  x0:0x00000000
        4425000	       441	800002d0	00000013	addi	x0,x0,0	  x0:0x00000000
        4435000	       442	800002d4	0280046f	jal	x8,800002d4	  x8=0x800002d4
        4445000	       443	00000000	00000013	addi	x0,x0,0	  x0:0x00000000
        4455000	       444	800002f8	00000013	addi	x0,x0,0	  x0:0x00000000
        4465000	       445	800002fc	014000ef	jal	x1,800002fc	  x1=0x800002fc
        4475000	       446	00000000	00000013	addi	x0,x0,0	  x0:0x00000000
        4485000	       447	8000030c	00000013	addi	x0,x0,0	  x0:0x00000000
        4495000	       448	80000310	fe5ff1ef	jal	x3,80000310	  x3=0x80000310
        4505000	       449	00000000	00000013	addi	x0,x0,0	  x0:0x00000000
        4515000	       450	800002f0	00000013	addi	x0,x0,0	  x0:0x00000000
        4525000	       451	800002f4	ffdff0ef	jal	x1,800002f4	  x1=0x800002f4
        4535000	       452	00000000	00000013	addi	x0,x0,0	  x0:0x00000000
        4545000	       453	800002ec	00000013	addi	x0,x0,0	  x0:0x00000000
        4555000	       454	800002f0	02c000ef	jal	x1,800002f0	  x1=0x800002f0
        4565000	       455	00000000	00000013	addi	x0,x0,0	  x0:0x00000000
        4575000	       456	80000318	00000013	addi	x0,x0,0	  x0:0x00000000
        4585000	       457	8000031c	fc1ff36f	jal	x6,8000031c	  x6=0x8000031c
        4595000	       458	00000000	00000013	addi	x0,x0,0	  x0:0x00000000
        4605000	       459	800002d8	00000013	addi	x0,x0,0	  x0:0x00000000
        4615000	       460	800002dc	048000ef	jal	x1,800002dc	  x1=0x800002dc
        4625000	       461	00000000	00000013	addi	x0,x0,0	  x0:0x00000000
        4635000	       462	80000320	00000013	addi	x0,x0,0	  x0:0x00000000
        4645000	       463	80000324	01f60e33	add	x28,x12,x31	 x12:0x00000001 x31:0x00000003 x28=0x00000004
        4655000	       464	80000328	054000ef	jal	x1,80000328	  x1=0x80000328
        4665000	       465	00000000	00000013	addi	x0,x0,0	  x0:0x00000000
        4675000	       466	80000378	00000013	addi	x0,x0,0	  x0:0x00000000
        4685000	       467	8000037c	fd9ff0ef	jal	x1,8000037c	  x1=0x8000037c
        4695000	       468	00000000	00000013	addi	x0,x0,0	  x0:0x00000000
        4705000	       469	80000350	00000013	addi	x0,x0,0	  x0:0x00000000
        4715000	       470	80000354	00c000ef	jal	x1,80000354	  x1=0x80000354
        4725000	       471	00000000	00000013	addi	x0,x0,0	  x0:0x00000000
        4735000	       472	8000035c	00000013	addi	x0,x0,0	  x0:0x00000000
        4745000	       473	80000360	fe9ff36f	jal	x6,80000360	  x6=0x80000360
        4755000	       474	00000000	00000013	addi	x0,x0,0	  x0:0x00000000
        4765000	       475	80000344	00000013	addi	x0,x0,0	  x0:0x00000000
        4775000	       476	80000348	ff5ff0ef	jal	x1,80000348	  x1=0x80000348
        4785000	       477	00000000	00000013	addi	x0,x0,0	  x0:0x00000000
        4795000	       478	80000338	00000013	addi	x0,x0,0	  x0:0x00000000
        4805000	       479	8000033c	008000ef	jal	x1,8000033c	  x1=0x8000033c
        4815000	       480	00000000	00000013	addi	x0,x0,0	  x0:0x00000000
        4825000	       481	80000340	00000013	addi	x0,x0,0	  x0:0x00000000
        4835000	       482	80000344	ffdfffef	jal	x31,80000344	 x31=0x80000344
        4845000	       483	00000000	00000013	addi	x0,x0,0	  x0:0x00000000
        4855000	       484	8000033c	00000013	addi	x0,x0,0	  x0:0x00000000
        4865000	       485	80000340	01c0036f	jal	x6,80000340	  x6=0x80000340
        4875000	       486	00000000	00000013	addi	x0,x0,0	  x0:0x00000000
        4885000	       487	80000358	00000013	addi	x0,x0,0	  x0:0x00000000
        4895000	       488	8000035c	fd1ff46f	jal	x8,8000035c	  x8=0x8000035c
        4905000	       489	00000000	00000013	addi	x0,x0,0	  x0:0x00000000
        4915000	       490	80000328	00000013	addi	x0,x0,0	  x0:0x00000000
        4925000	       491	8000032c	008006ef	jal	x13,8000032c	 x13=0x8000032c
        4935000	       492	00000000	00000013	addi	x0,x0,0	  x0:0x00000000
        4945000	       493	80000330	00000013	addi	x0,x0,0	  x0:0x00000000
        4955000	       494	80000334	0180036f	jal	x6,80000334	  x6=0x80000334
        4965000	       495	00000000	00000013	addi	x0,x0,0	  x0:0x00000000
        4975000	       496	80000348	00000013	addi	x0,x0,0	  x0:0x00000000
        4985000	       497	8000034c	038000ef	jal	x1,8000034c	  x1=0x8000034c
        4995000	       498	00000000	00000013	addi	x0,x0,0	  x0:0x00000000
        5005000	       499	80000380	00000013	addi	x0,x0,0	  x0:0x00000000
        5015000	       500	80000384	fd5ff0ef	jal	x1,80000384	  x1=0x80000384
        5025000	       501	00000000	00000013	addi	x0,x0,0	  x0:0x00000000
        5035000	       502	80000354	00000013	addi	x0,x0,0	  x0:0x00000000
        5045000	       503	80000358	0100016f	jal	x2,80000358	  x2=0x80000358
        5055000	       504	00000000	00000013	addi	x0,x0,0	  x0:0x00000000
        5065000	       505	80000364	00000013	addi	x0,x0,0	  x0:0x00000000
        5075000	       506	80000368	0180016f	jal	x2,80000368	  x2=0x80000368
        5085000	       507	00000000	00000013	addi	x0,x0,0	  x0:0x00000000
        5095000	       508	8000037c	00000013	addi	x0,x0,0	  x0:0x00000000
        5105000	       509	80000380	ff9ff5ef	jal	x11,80000380	 x11=0x80000380
        5115000	       510	00000000	00000013	addi	x0,x0,0	  x0:0x00000000
        5125000	       511	80000374	00000013	addi	x0,x0,0	  x0:0x00000000
        5135000	       512	80000378	fedff0ef	jal	x1,80000378	  x1=0x80000378
        5145000	       513	00000000	00000013	addi	x0,x0,0	  x0:0x00000000
        5155000	       514	80000360	00000013	addi	x0,x0,0	  x0:0x00000000
        5165000	       515	80000364	fedff0ef	jal	x1,80000364	  x1=0x80000364
        5175000	       516	00000000	00000013	addi	x0,x0,0	  x0:0x00000000
        5185000	       517	8000034c	00000013	addi	x0,x0,0	  x0:0x00000000
        5195000	       518	80000350	fe1ff0ef	jal	x1,80000350	  x1=0x80000350
        5205000	       519	00000000	00000013	addi	x0,x0,0	  x0:0x00000000
        5215000	       520	8000032c	00000013	addi	x0,x0,0	  x0:0x00000000
        5225000	       521	80000330	040000ef	jal	x1,80000330	  x1=0x80000330
        5235000	       522	00000000	00000013	addi	x0,x0,0	  x0:0x00000000
        5245000	       523	8000036c	00000013	addi	x0,x0,0	  x0:0x00000000
        5255000	       524	80000370	00400c6f	jal	x24,80000370	 x24=0x80000370
        5265000	       525	00000000	00000013	addi	x0,x0,0	  x0:0x00000000
        5275000	       526	80000370	00000013	addi	x0,x0,0	  x0:0x00000000
        5285000	       527	80000374	fc5ff36f	jal	x6,80000374	  x6=0x80000374
        5295000	       528	00000000	00000013	addi	x0,x0,0	  x0:0x00000000
        5305000	       529	80000334	00000013	addi	x0,x0,0	  x0:0x00000000
        5315000	       530	80000338	0340016f	jal	x2,80000338	  x2=0x80000338
        5325000	       531	00000000	00000013	addi	x0,x0,0	  x0:0x00000000
        5335000	       532	80000368	00000013	addi	x0,x0,0	  x0:0x00000000
        5345000	       533	8000036c	01c000ef	jal	x1,8000036c	  x1=0x8000036c
        5355000	       534	00000000	00000013	addi	x0,x0,0	  x0:0x00000000
        5365000	       535	80000384	00000013	addi	x0,x0,0	  x0:0x00000000
        5375000	       536	80000388	019cca33	xor	x20,x25,x25	 x25:0x00000000 x25:0x00000000 x20=0x00000000
        5385000	       537	8000038c	004000ef	jal	x1,8000038c	  x1=0x8000038c
        5395000	       538	00000000	00000013	addi	x0,x0,0	  x0:0x00000000
        5405000	       539	8000038c	00000013	addi	x0,x0,0	  x0:0x00000000
        5415000	       540	80000390	0440036f	jal	x6,80000390	  x6=0x80000390
        5425000	       541	00000000	00000013	addi	x0,x0,0	  x0:0x00000000
        5435000	       542	800003d0	00000013	addi	x0,x0,0	  x0:0x00000000
        5445000	       543	800003d4	fd1ff0ef	jal	x1,800003d4	  x1=0x800003d4
        5455000	       544	00000000	00000013	addi	x0,x0,0	  x0:0x00000000
        5465000	       545	800003a0	00000013	addi	x0,x0,0	  x0:0x00000000
        5475000	       546	800003a4	0380016f	jal	x2,800003a4	  x2=0x800003a4
        5485000	       547	00000000	00000013	addi	x0,x0,0	  x0:0x00000000
        5495000	       548	800003d8	00000013	addi	x0,x0,0	  x0:0x00000000
        5505000	       549	800003dc	008000ef	jal	x1,800003dc	  x1=0x800003dc
        5515000	       550	00000000	00000013	addi	x0,x0,0	  x0:0x00000000
        5525000	       551	800003e0	00000013	addi	x0,x0,0	  x0:0x00000000
        5535000	       552	800003e4	fc5ff36f	jal	x6,800003e4	  x6=0x800003e4
        5545000	       553	00000000	00000013	addi	x0,x0,0	  x0:0x00000000
        5555000	       554	800003a4	00000013	addi	x0,x0,0	  x0:0x00000000
        5565000	       555	800003a8	020000ef	jal	x1,800003a8	  x1=0x800003a8
        5575000	       556	00000000	00000013	addi	x0,x0,0	  x0:0x00000000
        5585000	       557	800003c4	00000013	addi	x0,x0,0	  x0:0x00000000
        5595000	       558	800003c8	ffdff0ef	jal	x1,800003c8	  x1=0x800003c8
        5605000	       559	00000000	00000013	addi	x0,x0,0	  x0:0x00000000
        5615000	       560	800003c0	00000013	addi	x0,x0,0	  x0:0x00000000
        5625000	       561	800003c4	fddff0ef	jal	x1,800003c4	  x1=0x800003c4
        5635000	       562	00000000	00000013	addi	x0,x0,0	  x0:0x00000000
        5645000	       563	8000039c	00000013	addi	x0,x0,0	  x0:0x00000000
        5655000	       564	800003a0	02c000ef	jal	x1,800003a0	  x1=0x800003a0
        5665000	       565	00000000	00000013	addi	x0,x0,0	  x0:0x00000000
        5675000	       566	800003c8	00000013	addi	x0,x0,0	  x0:0x00000000
        5685000	       567	800003cc	00c000ef	jal	x1,800003cc	  x1=0x800003cc
        5695000	       568	00000000	00000013	addi	x0,x0,0	  x0:0x00000000
        5705000	       569	800003d4	00000013	addi	x0,x0,0	  x0:0x00000000
        5715000	       570	800003d8	fd5ff0ef	jal	x1,800003d8	  x1=0x800003d8
        5725000	       571	00000000	00000013	addi	x0,x0,0	  x0:0x00000000
        5735000	       572	800003a8	00000013	addi	x0,x0,0	  x0:0x00000000
        5745000	       573	800003ac	0040036f	jal	x6,800003ac	  x6=0x800003ac
        5755000	       574	00000000	00000013	addi	x0,x0,0	  x0:0x00000000
        5765000	       575	800003ac	00000013	addi	x0,x0,0	  x0:0x00000000
        5775000	       576	800003b0	0200026f	jal	x4,800003b0	  x4=0x800003b0
        5785000	       577	00000000	00000013	addi	x0,x0,0	  x0:0x00000000
        5795000	       578	800003cc	00000013	addi	x0,x0,0	  x0:0x00000000
        5805000	       579	800003d0	fc5ff36f	jal	x6,800003d0	  x6=0x800003d0
        5815000	       580	00000000	00000013	addi	x0,x0,0	  x0:0x00000000
        5825000	       581	80000390	00000013	addi	x0,x0,0	  x0:0x00000000
        5835000	       582	80000394	02c0016f	jal	x2,80000394	  x2=0x80000394
        5845000	       583	00000000	00000013	addi	x0,x0,0	  x0:0x00000000
        5855000	       584	800003bc	00000013	addi	x0,x0,0	  x0:0x00000000
        5865000	       585	800003c0	020001ef	jal	x3,800003c0	  x3=0x800003c0
        5875000	       586	00000000	00000013	addi	x0,x0,0	  x0:0x00000000
        5885000	       587	800003dc	00000013	addi	x0,x0,0	  x0:0x00000000
        5895000	       588	800003e0	00c00aef	jal	x21,800003e0	 x21=0x800003e0
        5905000	       589	00000000	00000013	addi	x0,x0,0	  x0:0x00000000
        5915000	       590	800003e8	00000013	addi	x0,x0,0	  x0:0x00000000
        5925000	       591	800003ec	fcdff7ef	jal	x15,800003ec	 x15=0x800003ec
        5935000	       592	00000000	00000013	addi	x0,x0,0	  x0:0x00000000
        5945000	       593	800003b4	00000013	addi	x0,x0,0	  x0:0x00000000
        5955000	       594	800003b8	038000ef	jal	x1,800003b8	  x1=0x800003b8
        5965000	       595	00000000	00000013	addi	x0,x0,0	  x0:0x00000000
        5975000	       596	800003ec	00000013	addi	x0,x0,0	  x0:0x00000000
        5985000	       597	800003f0	fcdff6ef	jal	x13,800003f0	 x13=0x800003f0
        5995000	       598	00000000	00000013	addi	x0,x0,0	  x0:0x00000000
        6005000	       599	800003b8	00000013	addi	x0,x0,0	  x0:0x00000000
        6015000	       600	800003bc	02c003ef	jal	x7,800003bc	  x7=0x800003bc
        6025000	       601	00000000	00000013	addi	x0,x0,0	  x0:0x00000000
        6035000	       602	800003e4	00000013	addi	x0,x0,0	  x0:0x00000000
        6045000	       603	800003e8	fb1ffa6f	jal	x20,800003e8	 x20=0x800003e8
        6055000	       604	00000000	00000013	addi	x0,x0,0	  x0:0x00000000
        6065000	       605	80000394	00000013	addi	x0,x0,0	  x0:0x00000000
        6075000	       606	80000398	0040036f	jal	x6,80000398	  x6=0x80000398
        6085000	       607	00000000	00000013	addi	x0,x0,0	  x0:0x00000000
        6095000	       608	80000398	00000013	addi	x0,x0,0	  x0:0x00000000
        6105000	       609	8000039c	018000ef	jal	x1,8000039c	  x1=0x8000039c
        6115000	       610	00000000	00000013	addi	x0,x0,0	  x0:0x00000000
        6125000	       611	800003b0	00000013	addi	x0,x0,0	  x0:0x00000000
        6135000	       612	800003b4	040000ef	jal	x1,800003b4	  x1=0x800003b4
        6145000	       613	00000000	00000013	addi	x0,x0,0	  x0:0x00000000
        6155000	       614	800003f0	00000013	addi	x0,x0,0	  x0:0x00000000
        6165000	       615	800003f4	00000013	addi	x0,x0,0	  x0:0x00000000
        6175000	       616	800003f8	004000ef	jal	x1,800003f8	  x1=0x800003f8
        6185000	       617	00000000	00000013	addi	x0,x0,0	  x0:0x00000000
        6195000	       618	800003f8	00000013	addi	x0,x0,0	  x0:0x00000000
        6205000	       619	800003fc	0340036f	jal	x6,800003fc	  x6=0x800003fc
        6215000	       620	00000000	00000013	addi	x0,x0,0	  x0:0x00000000
        6225000	       621	8000042c	00000013	addi	x0,x0,0	  x0:0x00000000
        6235000	       622	80000430	fd1ff36f	jal	x6,80000430	  x6=0x80000430
        6245000	       623	00000000	00000013	addi	x0,x0,0	  x0:0x00000000
        6255000	       624	800003fc	00000013	addi	x0,x0,0	  x0:0x00000000
        6265000	       625	80000400	00c000ef	jal	x1,80000400	  x1=0x80000400
        6275000	       626	00000000	00000013	addi	x0,x0,0	  x0:0x00000000
        6285000	       627	80000408	00000013	addi	x0,x0,0	  x0:0x00000000
        6295000	       628	8000040c	00800def	jal	x27,8000040c	 x27=0x8000040c
        6305000	       629	00000000	00000013	addi	x0,x0,0	  x0:0x00000000
        6315000	       630	80000410	00000013	addi	x0,x0,0	  x0:0x00000000
        6325000	       631	80000414	014000ef	jal	x1,80000414	  x1=0x80000414
        6335000	       632	00000000	00000013	addi	x0,x0,0	  x0:0x00000000
        6345000	       633	80000424	00000013	addi	x0,x0,0	  x0:0x00000000
        6355000	       634	80000428	fe1ff1ef	jal	x3,80000428	  x3=0x80000428
        6365000	       635	00000000	00000013	addi	x0,x0,0	  x0:0x00000000
        6375000	       636	80000404	00000013	addi	x0,x0,0	  x0:0x00000000
        6385000	       637	80000408	008000ef	jal	x1,80000408	  x1=0x80000408
        6395000	       638	00000000	00000013	addi	x0,x0,0	  x0:0x00000000
        6405000	       639	8000040c	00000013	addi	x0,x0,0	  x0:0x00000000
        6415000	       640	80000410	ff5ff0ef	jal	x1,80000410	  x1=0x80000410
        6425000	       641	00000000	00000013	addi	x0,x0,0	  x0:0x00000000
        6435000	       642	80000400	00000013	addi	x0,x0,0	  x0:0x00000000
        6445000	       643	80000404	0140016f	jal	x2,80000404	  x2=0x80000404
        6455000	       644	00000000	00000013	addi	x0,x0,0	  x0:0x00000000
        6465000	       645	80000414	00000013	addi	x0,x0,0	  x0:0x00000000
        6475000	       646	80000418	00c0036f	jal	x6,80000418	  x6=0x80000418
        6485000	       647	00000000	00000013	addi	x0,x0,0	  x0:0x00000000
        6495000	       648	80000420	00000013	addi	x0,x0,0	  x0:0x00000000
        6505000	       649	80000424	ff9ff26f	jal	x4,80000424	  x4=0x80000424
        6515000	       650	00000000	00000013	addi	x0,x0,0	  x0:0x00000000
        6525000	       651	80000418	00000013	addi	x0,x0,0	  x0:0x00000000
        6535000	       652	8000041c	00400bef	jal	x23,8000041c	 x23=0x8000041c
        6545000	       653	00000000	00000013	addi	x0,x0,0	  x0:0x00000000
        6555000	       654	8000041c	00000013	addi	x0,x0,0	  x0:0x00000000
        6565000	       655	80000420	00c0036f	jal	x6,80000420	  x6=0x80000420
        6575000	       656	00000000	00000013	addi	x0,x0,0	  x0:0x00000000
        6585000	       657	80000428	00000013	addi	x0,x0,0	  x0:0x00000000
        6595000	       658	8000042c	008003ef	jal	x7,8000042c	  x7=0x8000042c
        6605000	       659	00000000	00000013	addi	x0,x0,0	  x0:0x00000000
        6615000	       660	80000430	00000013	addi	x0,x0,0	  x0:0x00000000
        6625000	       661	80000434	6375a193	slti	x3,x11,1591	 x11:0x80000380  x3=0x00000001
        6635000	       662	80000438	02c000ef	jal	x1,80000438	  x1=0x80000438
        6645000	       663	00000000	00000013	addi	x0,x0,0	  x0:0x00000000
        6655000	       664	80000460	00000013	addi	x0,x0,0	  x0:0x00000000
        6665000	       665	80000464	010000ef	jal	x1,80000464	  x1=0x80000464
        6675000	       666	00000000	00000013	addi	x0,x0,0	  x0:0x00000000
        6685000	       667	80000470	00000013	addi	x0,x0,0	  x0:0x00000000
        6695000	       668	80000474	02400d6f	jal	x26,80000474	 x26=0x80000474
        6705000	       669	00000000	00000013	addi	x0,x0,0	  x0:0x00000000
        6715000	       670	80000494	00000013	addi	x0,x0,0	  x0:0x00000000
        6725000	       671	80000498	fbdff0ef	jal	x1,80000498	  x1=0x80000498
        6735000	       672	00000000	00000013	addi	x0,x0,0	  x0:0x00000000
        6745000	       673	80000450	00000013	addi	x0,x0,0	  x0:0x00000000
        6755000	       674	80000454	ffdff3ef	jal	x7,80000454	  x7=0x80000454
        6765000	       675	00000000	00000013	addi	x0,x0,0	  x0:0x00000000
        6775000	       676	8000044c	00000013	addi	x0,x0,0	  x0:0x00000000
        6785000	       677	80000450	03c00b6f	jal	x22,80000450	 x22=0x80000450
        6795000	       678	00000000	00000013	addi	x0,x0,0	  x0:0x00000000
        6805000	       679	80000488	00000013	addi	x0,x0,0	  x0:0x00000000
        6815000	       680	8000048c	ff9ff56f	jal	x10,8000048c	 x10=0x8000048c
        6825000	       681	00000000	00000013	addi	x0,x0,0	  x0:0x00000000
        6835000	       682	80000480	00000013	addi	x0,x0,0	  x0:0x00000000
        6845000	       683	80000484	028000ef	jal	x1,80000484	  x1=0x80000484
        6855000	       684	00000000	00000013	addi	x0,x0,0	  x0:0x00000000
        6865000	       685	800004a8	00000013	addi	x0,x0,0	  x0:0x00000000
        6875000	       686	800004ac	fd5ff0ef	jal	x1,800004ac	  x1=0x800004ac
        6885000	       687	00000000	00000013	addi	x0,x0,0	  x0:0x00000000
        6895000	       688	8000047c	00000013	addi	x0,x0,0	  x0:0x00000000
        6905000	       689	80000480	01c000ef	jal	x1,80000480	  x1=0x80000480
        6915000	       690	00000000	00000013	addi	x0,x0,0	  x0:0x00000000
        6925000	       691	80000498	00000013	addi	x0,x0,0	  x0:0x00000000
        6935000	       692	8000049c	fb1ff1ef	jal	x3,8000049c	  x3=0x8000049c
        6945000	       693	00000000	00000013	addi	x0,x0,0	  x0:0x00000000
        6955000	       694	80000448	00000013	addi	x0,x0,0	  x0:0x00000000
        6965000	       695	8000044c	02c000ef	jal	x1,8000044c	  x1=0x8000044c
        6975000	       696	00000000	00000013	addi	x0,x0,0	  x0:0x00000000
        6985000	       697	80000474	00000013	addi	x0,x0,0	  x0:0x00000000
        6995000	       698	80000478	fc9ff36f	jal	x6,80000478	  x6=0x80000478
        7005000	       699	00000000	00000013	addi	x0,x0,0	  x0:0x00000000
        7015000	       700	8000043c	00000013	addi	x0,x0,0	  x0:0x00000000
        7025000	       701	80000440	01c00f6f	jal	x30,80000440	 x30=0x80000440
        7035000	       702	00000000	00000013	addi	x0,x0,0	  x0:0x00000000
        7045000	       703	80000458	00000013	addi	x0,x0,0	  x0:0x00000000
        7055000	       704	8000045c	0380036f	jal	x6,8000045c	  x6=0x8000045c
        7065000	       705	00000000	00000013	addi	x0,x0,0	  x0:0x00000000
        7075000	       706	80000490	00000013	addi	x0,x0,0	  x0:0x00000000
        7085000	       707	80000494	014000ef	jal	x1,80000494	  x1=0x80000494
        7095000	       708	00000000	00000013	addi	x0,x0,0	  x0:0x00000000
        7105000	       709	800004a4	00000013	addi	x0,x0,0	  x0:0x00000000
        7115000	       710	800004a8	fb1ff0ef	jal	x1,800004a8	  x1=0x800004a8
        7125000	       711	00000000	00000013	addi	x0,x0,0	  x0:0x00000000
        7135000	       712	80000454	00000013	addi	x0,x0,0	  x0:0x00000000
        7145000	       713	80000458	03800c6f	jal	x24,80000458	 x24=0x80000458
        7155000	       714	00000000	00000013	addi	x0,x0,0	  x0:0x00000000
        7165000	       715	8000048c	00000013	addi	x0,x0,0	  x0:0x00000000
        7175000	       716	80000490	fd1ffc6f	jal	x24,80000490	 x24=0x80000490
        7185000	       717	00000000	00000013	addi	x0,x0,0	  x0:0x00000000
        7195000	       718	8000045c	00000013	addi	x0,x0,0	  x0:0x00000000
        7205000	       719	80000460	00c000ef	jal	x1,80000460	  x1=0x80000460
        7215000	       720	00000000	00000013	addi	x0,x0,0	  x0:0x00000000
        7225000	       721	80000468	00000013	addi	x0,x0,0	  x0:0x00000000
        7235000	       722	8000046c	fd1ff0ef	jal	x1,8000046c	  x1=0x8000046c
        7245000	       723	00000000	00000013	addi	x0,x0,0	  x0:0x00000000
        7255000	       724	80000438	00000013	addi	x0,x0,0	  x0:0x00000000
        7265000	       725	8000043c	00c000ef	jal	x1,8000043c	  x1=0x8000043c
        7275000	       726	00000000	00000013	addi	x0,x0,0	  x0:0x00000000
        7285000	       727	80000444	00000013	addi	x0,x0,0	  x0:0x00000000
        7295000	       728	80000448	058000ef	jal	x1,80000448	  x1=0x80000448
        7305000	       729	00000000	00000013	addi	x0,x0,0	  x0:0x00000000
        7315000	       730	8000049c	00000013	addi	x0,x0,0	  x0:0x00000000
        7325000	       731	800004a0	fc9ff0ef	jal	x1,800004a0	  x1=0x800004a0
        7335000	       732	00000000	00000013	addi	x0,x0,0	  x0:0x00000000
        7345000	       733	80000464	00000013	addi	x0,x0,0	  x0:0x00000000
        7355000	       734	80000468	0140036f	jal	x6,80000468	  x6=0x80000468
        7365000	       735	00000000	00000013	addi	x0,x0,0	  x0:0x00000000
        7375000	       736	80000478	00000013	addi	x0,x0,0	  x0:0x00000000
        7385000	       737	8000047c	ff5ff0ef	jal	x1,8000047c	  x1=0x8000047c
        7395000	       738	00000000	00000013	addi	x0,x0,0	  x0:0x00000000
        7405000	       739	8000046c	00000013	addi	x0,x0,0	  x0:0x00000000
        7415000	       740	80000470	fd5ff0ef	jal	x1,80000470	  x1=0x80000470
        7425000	       741	00000000	00000013	addi	x0,x0,0	  x0:0x00000000
        7435000	       742	80000440	00000013	addi	x0,x0,0	  x0:0x00000000
        7445000	       743	80000444	060000ef	jal	x1,80000444	  x1=0x80000444
        7455000	       744	00000000	00000013	addi	x0,x0,0	  x0:0x00000000
        7465000	       745	800004a0	00000013	addi	x0,x0,0	  x0:0x00000000
        7475000	       746	800004a4	fe5ff0ef	jal	x1,800004a4	  x1=0x800004a4
        7485000	       747	00000000	00000013	addi	x0,x0,0	  x0:0x00000000
        7495000	       748	80000484	00000013	addi	x0,x0,0	  x0:0x00000000
        7505000	       749	80000488	028000ef	jal	x1,80000488	  x1=0x80000488
        7515000	       750	00000000	00000013	addi	x0,x0,0	  x0:0x00000000
        7525000	       751	800004ac	00000013	addi	x0,x0,0	  x0:0x00000000
        7535000	       752	800004b0	00ce6f33	or	x30,x28,x12	 x28:0x00000004 x12:0x00000001 x30=0x00000005
        7545000	       753	800004b4	030000ef	jal	x1,800004b4	  x1=0x800004b4
        7555000	       754	00000000	00000013	addi	x0,x0,0	  x0:0x00000000
        7565000	       755	800004e0	00000013	addi	x0,x0,0	  x0:0x00000000
        7575000	       756	800004e4	0280036f	jal	x6,800004e4	  x6=0x800004e4
        7585000	       757	00000000	00000013	addi	x0,x0,0	  x0:0x00000000
        7595000	       758	80000508	00000013	addi	x0,x0,0	  x0:0x00000000
        7605000	       759	8000050c	fc1ffbef	jal	x23,8000050c	 x23=0x8000050c
        7615000	       760	00000000	00000013	addi	x0,x0,0	  x0:0x00000000
        7625000	       761	800004c8	00000013	addi	x0,x0,0	  x0:0x00000000
        7635000	       762	800004cc	03c001ef	jal	x3,800004cc	  x3=0x800004cc
        7645000	       763	00000000	00000013	addi	x0,x0,0	  x0:0x00000000
        7655000	       764	80000504	00000013	addi	x0,x0,0	  x0:0x00000000
        7665000	       765	80000508	ff5fff6f	jal	x30,80000508	 x30=0x80000508
        7675000	       766	00000000	00000013	addi	x0,x0,0	  x0:0x00000000
        7685000	       767	800004f8	00000013	addi	x0,x0,0	  x0:0x00000000
        7695000	       768	800004fc	fddff6ef	jal	x13,800004fc	 x13=0x800004fc
        7705000	       769	00000000	00000013	addi	x0,x0,0	  x0:0x00000000
        7715000	       770	800004d4	00000013	addi	x0,x0,0	  x0:0x00000000
        7725000	       771	800004d8	02800aef	jal	x21,800004d8	 x21=0x800004d8
        7735000	       772	00000000	00000013	addi	x0,x0,0	  x0:0x00000000
        7745000	       773	800004fc	00000013	addi	x0,x0,0	  x0:0x00000000
        7755000	       774	80000500	fe1ff0ef	jal	x1,80000500	  x1=0x80000500
        7765000	       775	00000000	00000013	addi	x0,x0,0	  x0:0x00000000
        7775000	       776	800004dc	00000013	addi	x0,x0,0	  x0:0x00000000
        7785000	       777	800004e0	ffdff0ef	jal	x1,800004e0	  x1=0x800004e0
        7795000	       778	00000000	00000013	addi	x0,x0,0	  x0:0x00000000
        7805000	       779	800004d8	00000013	addi	x0,x0,0	  x0:0x00000000
        7815000	       780	800004dc	fe1ff26f	jal	x4,800004dc	  x4=0x800004dc
        7825000	       781	00000000	00000013	addi	x0,x0,0	  x0:0x00000000
        7835000	       782	800004b8	00000013	addi	x0,x0,0	  x0:0x00000000
        7845000	       783	800004bc	00c007ef	jal	x15,800004bc	 x15=0x800004bc
        7855000	       784	00000000	00000013	addi	x0,x0,0	  x0:0x00000000
        7865000	       785	800004c4	00000013	addi	x0,x0,0	  x0:0x00000000
        7875000	       786	800004c8	008000ef	jal	x1,800004c8	  x1=0x800004c8
        7885000	       787	00000000	00000013	addi	x0,x0,0	  x0:0x00000000
        7895000	       788	800004cc	00000013	addi	x0,x0,0	  x0:0x00000000
        7905000	       789	800004d0	020000ef	jal	x1,800004d0	  x1=0x800004d0
        7915000	       790	00000000	00000013	addi	x0,x0,0	  x0:0x00000000
        7925000	       791	800004ec	00000013	addi	x0,x0,0	  x0:0x00000000
        7935000	       792	800004f0	020008ef	jal	x17,800004f0	 x17=0x800004f0
        7945000	       793	00000000	00000013	addi	x0,x0,0	  x0:0x00000000
        7955000	       794	8000050c	00000013	addi	x0,x0,0	  x0:0x00000000
        7965000	       795	80000510	fe5ff0ef	jal	x1,80000510	  x1=0x80000510
        7975000	       796	00000000	00000013	addi	x0,x0,0	  x0:0x00000000
        7985000	       797	800004f0	00000013	addi	x0,x0,0	  x0:0x00000000
        7995000	       798	800004f4	fe1ff36f	jal	x6,800004f4	  x6=0x800004f4
        8005000	       799	00000000	00000013	addi	x0,x0,0	  x0:0x00000000
        8015000	       800	800004d0	00000013	addi	x0,x0,0	  x0:0x00000000
        8025000	       801	800004d4	030000ef	jal	x1,800004d4	  x1=0x800004d4
        8035000	       802	00000000	00000013	addi	x0,x0,0	  x0:0x00000000
        8045000	       803	80000500	00000013	addi	x0,x0,0	  x0:0x00000000
        8055000	       804	80000504	ff5ff26f	jal	x4,80000504	  x4=0x80000504
        8065000	       805	00000000	00000013	addi	x0,x0,0	  x0:0x00000000
        8075000	       806	800004f4	00000013	addi	x0,x0,0	  x0:0x00000000
        8085000	       807	800004f8	fcdff0ef	jal	x1,800004f8	  x1=0x800004f8
        8095000	       808	00000000	00000013	addi	x0,x0,0	  x0:0x00000000
        8105000	       809	800004c0	00000013	addi	x0,x0,0	  x0:0x00000000
        8115000	       810	800004c4	0240016f	jal	x2,800004c4	  x2=0x800004c4
        8125000	       811	00000000	00000013	addi	x0,x0,0	  x0:0x00000000
        8135000	       812	800004e4	00000013	addi	x0,x0,0	  x0:0x00000000
        8145000	       813	800004e8	fd9ff0ef	jal	x1,800004e8	  x1=0x800004e8
        8155000	       814	00000000	00000013	addi	x0,x0,0	  x0:0x00000000
        8165000	       815	800004bc	00000013	addi	x0,x0,0	  x0:0x00000000
        8175000	       816	800004c0	02c000ef	jal	x1,800004c0	  x1=0x800004c0
        8185000	       817	00000000	00000013	addi	x0,x0,0	  x0:0x00000000
        8195000	       818	800004e8	00000013	addi	x0,x0,0	  x0:0x00000000
        8205000	       819	800004ec	fcdffdef	jal	x27,800004ec	 x27=0x800004ec
        8215000	       820	00000000	00000013	addi	x0,x0,0	  x0:0x00000000
        8225000	       821	800004b4	00000013	addi	x0,x0,0	  x0:0x00000000
        8235000	       822	800004b8	05c0036f	jal	x6,800004b8	  x6=0x800004b8
        8245000	       823	00000000	00000013	addi	x0,x0,0	  x0:0x00000000
        8255000	       824	80000510	00000013	addi	x0,x0,0	  x0:0x00000000
        8265000	       825	80000514	00ec5b93	srli	x23,x24,0xe	 x24:0x80000490 x23=0x00020000
        8275000	       826	80000518	024000ef	jal	x1,80000518	  x1=0x80000518
        8285000	       827	00000000	00000013	addi	x0,x0,0	  x0:0x00000000
        8295000	       828	80000538	00000013	addi	x0,x0,0	  x0:0x00000000
        8305000	       829	8000053c	010000ef	jal	x1,8000053c	  x1=0x8000053c
        8315000	       830	00000000	00000013	addi	x0,x0,0	  x0:0x00000000
        8325000	       831	80000548	00000013	addi	x0,x0,0	  x0:0x00000000
        8335000	       832	8000054c	fedff0ef	jal	x1,8000054c	  x1=0x8000054c
        8345000	       833	00000000	00000013	addi	x0,x0,0	  x0:0x00000000
        8355000	       834	80000534	00000013	addi	x0,x0,0	  x0:0x00000000
        8365000	       835	80000538	ff1ff0ef	jal	x1,80000538	  x1=0x80000538
        8375000	       836	00000000	00000013	addi	x0,x0,0	  x0:0x00000000
        8385000	       837	80000524	00000013	addi	x0,x0,0	  x0:0x00000000
        8395000	       838	80000528	01c0036f	jal	x6,80000528	  x6=0x80000528
        8405000	       839	00000000	00000013	addi	x0,x0,0	  x0:0x00000000
        8415000	       840	80000540	00000013	addi	x0,x0,0	  x0:0x00000000
        8425000	       841	80000544	fddff36f	jal	x6,80000544	  x6=0x80000544
        8435000	       842	00000000	00000013	addi	x0,x0,0	  x0:0x00000000
        8445000	       843	8000051c	00000013	addi	x0,x0,0	  x0:0x00000000
        8455000	       844	80000520	0440036f	jal	x6,80000520	  x6=0x80000520
        8465000	       845	00000000	00000013	addi	x0,x0,0	  x0:0x00000000
        8475000	       846	80000560	00000013	addi	x0,x0,0	  x0:0x00000000
        8485000	       847	80000564	ff5ff36f	jal	x6,80000564	  x6=0x80000564
        8495000	       848	00000000	00000013	addi	x0,x0,0	  x0:0x00000000
        8505000	       849	80000554	00000013	addi	x0,x0,0	  x0:0x00000000
        8515000	       850	80000558	fe9ff36f	jal	x6,80000558	  x6=0x80000558
        8525000	       851	00000000	00000013	addi	x0,x0,0	  x0:0x00000000
        8535000	       852	8000053c	00000013	addi	x0,x0,0	  x0:0x00000000
        8545000	       853	80000540	028000ef	jal	x1,80000540	  x1=0x80000540
        8555000	       854	00000000	00000013	addi	x0,x0,0	  x0:0x00000000
        8565000	       855	80000564	00000013	addi	x0,x0,0	  x0:0x00000000
        8575000	       856	80000568	fbdff36f	jal	x6,80000568	  x6=0x80000568
        8585000	       857	00000000	00000013	addi	x0,x0,0	  x0:0x00000000
        8595000	       858	80000520	00000013	addi	x0,x0,0	  x0:0x00000000
        8605000	       859	80000524	030000ef	jal	x1,80000524	  x1=0x80000524
        8615000	       860	00000000	00000013	addi	x0,x0,0	  x0:0x00000000
        8625000	       861	80000550	00000013	addi	x0,x0,0	  x0:0x00000000
        8635000	       862	80000554	fd9ff0ef	jal	x1,80000554	  x1=0x80000554
        8645000	       863	00000000	00000013	addi	x0,x0,0	  x0:0x00000000
        8655000	       864	80000528	00000013	addi	x0,x0,0	  x0:0x00000000
        8665000	       865	8000052c	0080036f	jal	x6,8000052c	  x6=0x8000052c
        8675000	       866	00000000	00000013	addi	x0,x0,0	  x0:0x00000000
        8685000	       867	80000530	00000013	addi	x0,x0,0	  x0:0x00000000
        8695000	       868	80000534	014000ef	jal	x1,80000534	  x1=0x80000534
        8705000	       869	00000000	00000013	addi	x0,x0,0	  x0:0x00000000
        8715000	       870	80000544	00000013	addi	x0,x0,0	  x0:0x00000000
        8725000	       871	80000548	018000ef	jal	x1,80000548	  x1=0x80000548
        8735000	       872	00000000	00000013	addi	x0,x0,0	  x0:0x00000000
        8745000	       873	8000055c	00000013	addi	x0,x0,0	  x0:0x00000000
        8755000	       874	80000560	ff1ffd6f	jal	x26,80000560	 x26=0x80000560
        8765000	       875	00000000	00000013	addi	x0,x0,0	  x0:0x00000000
        8775000	       876	8000054c	00000013	addi	x0,x0,0	  x0:0x00000000
        8785000	       877	80000550	fe1ff0ef	jal	x1,80000550	  x1=0x80000550
        8795000	       878	00000000	00000013	addi	x0,x0,0	  x0:0x00000000
        8805000	       879	8000052c	00000013	addi	x0,x0,0	  x0:0x00000000
        8815000	       880	80000530	fedff0ef	jal	x1,80000530	  x1=0x80000530
        8825000	       881	00000000	00000013	addi	x0,x0,0	  x0:0x00000000
        8835000	       882	80000518	00000013	addi	x0,x0,0	  x0:0x00000000
        8845000	       883	8000051c	04000bef	jal	x23,8000051c	 x23=0x8000051c
        8855000	       884	00000000	00000013	addi	x0,x0,0	  x0:0x00000000
        8865000	       885	80000558	00000013	addi	x0,x0,0	  x0:0x00000000
        8875000	       886	8000055c	0100036f	jal	x6,8000055c	  x6=0x8000055c
        8885000	       887	00000000	00000013	addi	x0,x0,0	  x0:0x00000000
        8895000	       888	80000568	00000013	addi	x0,x0,0	  x0:0x00000000
        8905000	       889	8000056c	004000ef	jal	x1,8000056c	  x1=0x8000056c
        8915000	       890	00000000	00000013	addi	x0,x0,0	  x0:0x00000000
        8925000	       891	8000056c	00000013	addi	x0,x0,0	  x0:0x00000000
        8935000	       892	80000570	406a8a33	sub	x20,x21,x6	 x21:0x800004d8  x6:0x8000055c x20=0xffffff7c
        8945000	       893	80000574	038000ef	jal	x1,80000574	  x1=0x80000574
        8955000	       894	00000000	00000013	addi	x0,x0,0	  x0:0x00000000
        8965000	       895	800005a8	00000013	addi	x0,x0,0	  x0:0x00000000
        8975000	       896	800005ac	ff1ff46f	jal	x8,800005ac	  x8=0x800005ac
        8985000	       897	00000000	00000013	addi	x0,x0,0	  x0:0x00000000
        8995000	       898	80000598	00000013	addi	x0,x0,0	  x0:0x00000000
        9005000	       899	8000059c	fddff0ef	jal	x1,8000059c	  x1=0x8000059c
        9015000	       900	00000000	00000013	addi	x0,x0,0	  x0:0x00000000
        9025000	       901	80000574	00000013	addi	x0,x0,0	  x0:0x00000000
        9035000	       902	80000578	05c000ef	jal	x1,80000578	  x1=0x80000578
        9045000	       903	00000000	00000013	addi	x0,x0,0	  x0:0x00000000
        9055000	       904	800005d0	00000013	addi	x0,x0,0	  x0:0x00000000
        9065000	       905	800005d4	ff1ff0ef	jal	x1,800005d4	  x1=0x800005d4
        9075000	       906	00000000	00000013	addi	x0,x0,0	  x0:0x00000000
        9085000	       907	800005c0	00000013	addi	x0,x0,0	  x0:0x00000000
        9095000	       908	800005c4	ff9ff36f	jal	x6,800005c4	  x6=0x800005c4
        9105000	       909	00000000	00000013	addi	x0,x0,0	  x0:0x00000000
        9115000	       910	800005b8	00000013	addi	x0,x0,0	  x0:0x00000000
        9125000	       911	800005bc	fddff0ef	jal	x1,800005bc	  x1=0x800005bc
        9135000	       912	00000000	00000013	addi	x0,x0,0	  x0:0x00000000
        9145000	       913	80000594	00000013	addi	x0,x0,0	  x0:0x00000000
        9155000	       914	80000598	0300016f	jal	x2,80000598	  x2=0x80000598
        9165000	       915	00000000	00000013	addi	x0,x0,0	  x0:0x00000000
        9175000	       916	800005c4	00000013	addi	x0,x0,0	  x0:0x00000000
        9185000	       917	800005c8	fcdff36f	jal	x6,800005c8	  x6=0x800005c8
        9195000	       918	00000000	00000013	addi	x0,x0,0	  x0:0x00000000
        9205000	       919	80000590	00000013	addi	x0,x0,0	  x0:0x00000000
        9215000	       920	80000594	014000ef	jal	x1,80000594	  x1=0x80000594
        9225000	       921	00000000	00000013	addi	x0,x0,0	  x0:0x00000000
        9235000	       922	800005a4	00000013	addi	x0,x0,0	  x0:0x00000000
        9245000	       923	800005a8	00c0036f	jal	x6,800005a8	  x6=0x800005a8
        9255000	       924	00000000	00000013	addi	x0,x0,0	  x0:0x00000000
        9265000	       925	800005b0	00000013	addi	x0,x0,0	  x0:0x00000000
        9275000	       926	800005b4	0180036f	jal	x6,800005b4	  x6=0x800005b4
        9285000	       927	00000000	00000013	addi	x0,x0,0	  x0:0x00000000
        9295000	       928	800005c8	00000013	addi	x0,x0,0	  x0:0x00000000
        9305000	       929	800005cc	fc5ff36f	jal	x6,800005cc	  x6=0x800005cc
        9315000	       930	00000000	00000013	addi	x0,x0,0	  x0:0x00000000
        9325000	       931	8000058c	00000013	addi	x0,x0,0	  x0:0x00000000
        9335000	       932	80000590	ffdff1ef	jal	x3,80000590	  x3=0x80000590
        9345000	       933	00000000	00000013	addi	x0,x0,0	  x0:0x00000000
        9355000	       934	80000588	00000013	addi	x0,x0,0	  x0:0x00000000
        9365000	       935	8000058c	0140036f	jal	x6,8000058c	  x6=0x8000058c
        9375000	       936	00000000	00000013	addi	x0,x0,0	  x0:0x00000000
        9385000	       937	8000059c	00000013	addi	x0,x0,0	  x0:0x00000000
        9395000	       938	800005a0	0300036f	jal	x6,800005a0	  x6=0x800005a0
        9405000	       939	00000000	00000013	addi	x0,x0,0	  x0:0x00000000
        9415000	       940	800005cc	00000013	addi	x0,x0,0	  x0:0x00000000
        9425000	       941	800005d0	ff1ff0ef	jal	x1,800005d0	  x1=0x800005d0
        9435000	       942	00000000	00000013	addi	x0,x0,0	  x0:0x00000000
        9445000	       943	800005bc	00000013	addi	x0,x0,0	  x0:0x00000000
        9455000	       944	800005c0	fe5ff0ef	jal	x1,800005c0	  x1=0x800005c0
        9465000	       945	00000000	00000013	addi	x0,x0,0	  x0:0x00000000
        9475000	       946	800005a0	00000013	addi	x0,x0,0	  x0:0x00000000
        9485000	       947	800005a4	fe1ff36f	jal	x6,800005a4	  x6=0x800005a4
        9495000	       948	00000000	00000013	addi	x0,x0,0	  x0:0x00000000
        9505000	       949	80000580	00000013	addi	x0,x0,0	  x0:0x00000000
        9515000	       950	80000584	0040026f	jal	x4,80000584	  x4=0x80000584
        9525000	       951	00000000	00000013	addi	x0,x0,0	  x0:0x00000000
        9535000	       952	80000584	00000013	addi	x0,x0,0	  x0:0x00000000
        9545000	       953	80000588	ff9ff66f	jal	x12,80000588	 x12=0x80000588
        9555000	       954	00000000	00000013	addi	x0,x0,0	  x0:0x00000000
        9565000	       955	8000057c	00000013	addi	x0,x0,0	  x0:0x00000000
        9575000	       956	80000580	030000ef	jal	x1,80000580	  x1=0x80000580
        9585000	       957	00000000	00000013	addi	x0,x0,0	  x0:0x00000000
        9595000	       958	800005ac	00000013	addi	x0,x0,0	  x0:0x00000000
        9605000	       959	800005b0	fcdff0ef	jal	x1,800005b0	  x1=0x800005b0
        9615000	       960	00000000	00000013	addi	x0,x0,0	  x0:0x00000000
        9625000	       961	80000578	00000013	addi	x0,x0,0	  x0:0x00000000
        9635000	       962	8000057c	03c000ef	jal	x1,8000057c	  x1=0x8000057c
        9645000	       963	00000000	00000013	addi	x0,x0,0	  x0:0x00000000
        9655000	       964	800005b4	00000013	addi	x0,x0,0	  x0:0x00000000
        9665000	       965	800005b8	020000ef	jal	x1,800005b8	  x1=0x800005b8
        9675000	       966	00000000	00000013	addi	x0,x0,0	  x0:0x00000000
        9685000	       967	800005d4	00000013	addi	x0,x0,0	  x0:0x00000000
        9695000	       968	800005d8	a8b07c93	andi	x25,x0,-1397	  x0:0x00000000 x25=0x00000000
        9705000	       969	800005dc	03c000ef	jal	x1,800005dc	  x1=0x800005dc
        9715000	       970	00000000	00000013	addi	x0,x0,0	  x0:0x00000000
        9725000	       971	80000614	00000013	addi	x0,x0,0	  x0:0x00000000
        9735000	       972	80000618	fd5ffc6f	jal	x24,80000618	 x24=0x80000618
        9745000	       973	00000000	00000013	addi	x0,x0,0	  x0:0x00000000
        9755000	       974	800005e8	00000013	addi	x0,x0,0	  x0:0x00000000
        9765000	       975	800005ec	020000ef	jal	x1,800005ec	  x1=0x800005ec
        9775000	       976	00000000	00000013	addi	x0,x0,0	  x0:0x00000000
        9785000	       977	80000608	00000013	addi	x0,x0,0	  x0:0x00000000
        9795000	       978	8000060c	0100036f	jal	x6,8000060c	  x6=0x8000060c
        9805000	       979	00000000	00000013	addi	x0,x0,0	  x0:0x00000000
        9815000	       980	80000618	00000013	addi	x0,x0,0	  x0:0x00000000
        9825000	       981	8000061c	fc9ff0ef	jal	x1,8000061c	  x1=0x8000061c
        9835000	       982	00000000	00000013	addi	x0,x0,0	  x0:0x00000000
        9845000	       983	800005e0	00000013	addi	x0,x0,0	  x0:0x00000000
        9855000	       984	800005e4	030000ef	jal	x1,800005e4	  x1=0x800005e4
        9865000	       985	00000000	00000013	addi	x0,x0,0	  x0:0x00000000
        9875000	       986	80000610	00000013	addi	x0,x0,0	  x0:0x00000000
        9885000	       987	80000614	00c001ef	jal	x3,80000614	  x3=0x80000614
        9895000	       988	00000000	00000013	addi	x0,x0,0	  x0:0x00000000
        9905000	       989	8000061c	00000013	addi	x0,x0,0	  x0:0x00000000
        9915000	       990	80000620	fddff0ef	jal	x1,80000620	  x1=0x80000620
        9925000	       991	00000000	00000013	addi	x0,x0,0	  x0:0x00000000
        9935000	       992	800005f8	00000013	addi	x0,x0,0	  x0:0x00000000
        9945000	       993	800005fc	0140036f	jal	x6,800005fc	  x6=0x800005fc
        9955000	       994	00000000	00000013	addi	x0,x0,0	  x0:0x00000000
        9965000	       995	8000060c	00000013	addi	x0,x0,0	  x0:0x00000000
        9975000	       996	80000610	ff9ff0ef	jal	x1,80000610	  x1=0x80000610
        9985000	       997	00000000	00000013	addi	x0,x0,0	  x0:0x00000000
        9995000	       998	80000604	00000013	addi	x0,x0,0	  x0:0x00000000
       10005000	       999	80000608	02400a6f	jal	x20,80000608	 x20=0x80000608
       10015000	      1000	00000000	00000013	addi	x0,x0,0	  x0:0x00000000
       10025000	      1001	80000628	00000013	addi	x0,x0,0	  x0:0x00000000
       10035000	      1002	8000062c	fbdff1ef	jal	x3,8000062c	  x3=0x8000062c
       10045000	      1003	00000000	00000013	addi	x0,x0,0	  x0:0x00000000
       10055000	      1004	800005e4	00000013	addi	x0,x0,0	  x0:0x00000000
       10065000	      1005	800005e8	0080036f	jal	x6,800005e8	  x6=0x800005e8
       10075000	      1006	00000000	00000013	addi	x0,x0,0	  x0:0x00000000
       10085000	      1007	800005ec	00000013	addi	x0,x0,0	  x0:0x00000000
       10095000	      1008	800005f0	00800eef	jal	x29,800005f0	 x29=0x800005f0
       10105000	      1009	00000000	00000013	addi	x0,x0,0	  x0:0x00000000
       10115000	      1010	800005f4	00000013	addi	x0,x0,0	  x0:0x00000000
       10125000	      1011	800005f8	00c000ef	jal	x1,800005f8	  x1=0x800005f8
       10135000	      1012	00000000	00000013	addi	x0,x0,0	  x0:0x00000000
       10145000	      1013	80000600	00000013	addi	x0,x0,0	  x0:0x00000000
       10155000	      1014	80000604	ffdff16f	jal	x2,80000604	  x2=0x80000604
       10165000	      1015	00000000	00000013	addi	x0,x0,0	  x0:0x00000000
       10175000	      1016	800005fc	00000013	addi	x0,x0,0	  x0:0x00000000
       10185000	      1017	80000600	ff5ff36f	jal	x6,80000600	  x6=0x80000600
       10195000	      1018	00000000	00000013	addi	x0,x0,0	  x0:0x00000000
       10205000	      1019	800005f0	00000013	addi	x0,x0,0	  x0:0x00000000
       10215000	      1020	800005f4	034001ef	jal	x3,800005f4	  x3=0x800005f4
       10225000	      1021	00000000	00000013	addi	x0,x0,0	  x0:0x00000000
       10235000	      1022	80000624	00000013	addi	x0,x0,0	  x0:0x00000000
       10245000	      1023	80000628	ffdff0ef	jal	x1,80000628	  x1=0x80000628
       10255000	      1024	00000000	00000013	addi	x0,x0,0	  x0:0x00000000
       10265000	      1025	80000620	00000013	addi	x0,x0,0	  x0:0x00000000
       10275000	      1026	80000624	fbdff0ef	jal	x1,80000624	  x1=0x80000624
       10285000	      1027	00000000	00000013	addi	x0,x0,0	  x0:0x00000000
       10295000	      1028	800005dc	00000013	addi	x0,x0,0	  x0:0x00000000
       10305000	      1029	800005e0	0500036f	jal	x6,800005e0	  x6=0x800005e0
       10315000	      1030	00000000	00000013	addi	x0,x0,0	  x0:0x00000000
       10325000	      1031	8000062c	00000013	addi	x0,x0,0	  x0:0x00000000
       10335000	      1032	80000630	78c80c13	addi	x24,x16,1932	 x16:0x00000005 x24=0x00000791
       10345000	      1033	80000634	018000ef	jal	x1,80000634	  x1=0x80000634
       10355000	      1034	00000000	00000013	addi	x0,x0,0	  x0:0x00000000
       10365000	      1035	80000648	00000013	addi	x0,x0,0	  x0:0x00000000
       10375000	      1036	8000064c	05c000ef	jal	x1,8000064c	  x1=0x8000064c
       10385000	      1037	00000000	00000013	addi	x0,x0,0	  x0:0x00000000
       10395000	      1038	800006a4	00000013	addi	x0,x0,0	  x0:0x00000000
       10405000	      1039	800006a8	fc5ff0ef	jal	x1,800006a8	  x1=0x800006a8
       10415000	      1040	00000000	00000013	addi	x0,x0,0	  x0:0x00000000
       10425000	      1041	80000668	00000013	addi	x0,x0,0	  x0:0x00000000
       10435000	      1042	8000066c	0380036f	jal	x6,8000066c	  x6=0x8000066c
       10445000	      1043	00000000	00000013	addi	x0,x0,0	  x0:0x00000000
       10455000	      1044	800006a0	00000013	addi	x0,x0,0	  x0:0x00000000
       10465000	      1045	800006a4	fadff36f	jal	x6,800006a4	  x6=0x800006a4
       10475000	      1046	00000000	00000013	addi	x0,x0,0	  x0:0x00000000
       10485000	      1047	8000064c	00000013	addi	x0,x0,0	  x0:0x00000000
       10495000	      1048	80000650	00c0096f	jal	x18,80000650	 x18=0x80000650
       10505000	      1049	00000000	00000013	addi	x0,x0,0	  x0:0x00000000
       10515000	      1050	80000658	00000013	addi	x0,x0,0	  x0:0x00000000
       10525000	      1051	8000065c	fe9ff1ef	jal	x3,8000065c	  x3=0x8000065c
       10535000	      1052	00000000	00000013	addi	x0,x0,0	  x0:0x00000000
       10545000	      1053	80000640	00000013	addi	x0,x0,0	  x0:0x00000000
       10555000	      1054	80000644	04c000ef	jal	x1,80000644	  x1=0x80000644
       10565000	      1055	00000000	00000013	addi	x0,x0,0	  x0:0x00000000
       10575000	      1056	8000068c	00000013	addi	x0,x0,0	  x0:0x00000000
       10585000	      1057	80000690	ff9ff9ef	jal	x19,80000690	 x19=0x80000690
       10595000	      1058	00000000	00000013	addi	x0,x0,0	  x0:0x00000000
       10605000	      1059	80000684	00000013	addi	x0,x0,0	  x0:0x00000000
       10615000	      1060	80000688	fcdffd6f	jal	x26,80000688	 x26=0x80000688
       10625000	      1061	00000000	00000013	addi	x0,x0,0	  x0:0x00000000
       10635000	      1062	80000650	00000013	addi	x0,x0,0	  x0:0x00000000
       10645000	      1063	80000654	fe9ff16f	jal	x2,80000654	  x2=0x80000654
       10655000	      1064	00000000	00000013	addi	x0,x0,0	  x0:0x00000000
       10665000	      1065	80000638	00000013	addi	x0,x0,0	  x0:0x00000000
       10675000	      1066	8000063c	048000ef	jal	x1,8000063c	  x1=0x8000063c
       10685000	      1067	00000000	00000013	addi	x0,x0,0	  x0:0x00000000
       10695000	      1068	80000680	00000013	addi	x0,x0,0	  x0:0x00000000
       10705000	      1069	80000684	ff1ff1ef	jal	x3,80000684	  x3=0x80000684
       10715000	      1070	00000000	00000013	addi	x0,x0,0	  x0:0x00000000
       10725000	      1071	80000670	00000013	addi	x0,x0,0	  x0:0x00000000
       10735000	      1072	80000674	fedff0ef	jal	x1,80000674	  x1=0x80000674
       10745000	      1073	00000000	00000013	addi	x0,x0,0	  x0:0x00000000
       10755000	      1074	8000065c	00000013	addi	x0,x0,0	  x0:0x00000000
       10765000	      1075	80000660	010000ef	jal	x1,80000660	  x1=0x80000660
       10775000	      1076	00000000	00000013	addi	x0,x0,0	  x0:0x00000000
       10785000	      1077	8000066c	00000013	addi	x0,x0,0	  x0:0x00000000
       10795000	      1078	80000670	fc9ff36f	jal	x6,80000670	  x6=0x80000670
       10805000	      1079	00000000	00000013	addi	x0,x0,0	  x0:0x00000000
       10815000	      1080	80000634	00000013	addi	x0,x0,0	  x0:0x00000000
       10825000	      1081	80000638	05c000ef	jal	x1,80000638	  x1=0x80000638
       10835000	      1082	00000000	00000013	addi	x0,x0,0	  x0:0x00000000
       10845000	      1083	80000690	00000013	addi	x0,x0,0	  x0:0x00000000
       10855000	      1084	80000694	fe5ff0ef	jal	x1,80000694	  x1=0x80000694
       10865000	      1085	00000000	00000013	addi	x0,x0,0	  x0:0x00000000
       10875000	      1086	80000674	00000013	addi	x0,x0,0	  x0:0x00000000
       10885000	      1087	80000678	0280036f	jal	x6,80000678	  x6=0x80000678
       10895000	      1088	00000000	00000013	addi	x0,x0,0	  x0:0x00000000
       10905000	      1089	8000069c	00000013	addi	x0,x0,0	  x0:0x00000000
       10915000	      1090	800006a0	fc5ffaef	jal	x21,800006a0	 x21=0x800006a0
       10925000	      1091	00000000	00000013	addi	x0,x0,0	  x0:0x00000000
       10935000	      1092	80000660	00000013	addi	x0,x0,0	  x0:0x00000000
       10945000	      1093	80000664	0280036f	jal	x6,80000664	  x6=0x80000664
       10955000	      1094	00000000	00000013	addi	x0,x0,0	  x0:0x00000000
       10965000	      1095	80000688	00000013	addi	x0,x0,0	  x0:0x00000000
       10975000	      1096	8000068c	ff1ff6ef	jal	x13,8000068c	 x13=0x8000068c
       10985000	      1097	00000000	00000013	addi	x0,x0,0	  x0:0x00000000
       10995000	      1098	80000678	00000013	addi	x0,x0,0	  x0:0x00000000
       11005000	      1099	8000067c	004000ef	jal	x1,8000067c	  x1=0x8000067c
       11015000	      1100	00000000	00000013	addi	x0,x0,0	  x0:0x00000000
       11025000	      1101	8000067c	00000013	addi	x0,x0,0	  x0:0x00000000
       11035000	      1102	80000680	fd9ff0ef	jal	x1,80000680	  x1=0x80000680
       11045000	      1103	00000000	00000013	addi	x0,x0,0	  x0:0x00000000
       11055000	      1104	80000654	00000013	addi	x0,x0,0	  x0:0x00000000
       11065000	      1105	80000658	ff1ff0ef	jal	x1,80000658	  x1=0x80000658
       11075000	      1106	00000000	00000013	addi	x0,x0,0	  x0:0x00000000
       11085000	      1107	80000644	00000013	addi	x0,x0,0	  x0:0x00000000
       11095000	      1108	80000648	050000ef	jal	x1,80000648	  x1=0x80000648
       11105000	      1109	00000000	00000013	addi	x0,x0,0	  x0:0x00000000
       11115000	      1110	80000694	00000013	addi	x0,x0,0	  x0:0x00000000
       11125000	      1111	80000698	fd1ff0ef	jal	x1,80000698	  x1=0x80000698
       11135000	      1112	00000000	00000013	addi	x0,x0,0	  x0:0x00000000
       11145000	      1113	80000664	00000013	addi	x0,x0,0	  x0:0x00000000
       11155000	      1114	80000668	fd9ff0ef	jal	x1,80000668	  x1=0x80000668
       11165000	      1115	00000000	00000013	addi	x0,x0,0	  x0:0x00000000
       11175000	      1116	8000063c	00000013	addi	x0,x0,0	  x0:0x00000000
       11185000	      1117	80000640	05c000ef	jal	x1,80000640	  x1=0x80000640
       11195000	      1118	00000000	00000013	addi	x0,x0,0	  x0:0x00000000
       11205000	      1119	80000698	00000013	addi	x0,x0,0	  x0:0x00000000
       11215000	      1120	8000069c	01000c6f	jal	x24,8000069c	 x24=0x8000069c
       11225000	      1121	00000000	00000013	addi	x0,x0,0	  x0:0x00000000
       11235000	      1122	800006a8	00000013	addi	x0,x0,0	  x0:0x00000000
       11245000	      1123	800006ac	d0dac393	xori	x7,x21,-755	 x21:0x800006a0  x7=0x7ffffbad
       11255000	      1124	800006b0	04c000ef	jal	x1,800006b0	  x1=0x800006b0
       11265000	      1125	00000000	00000013	addi	x0,x0,0	  x0:0x00000000
       11275000	      1126	800006f8	00000013	addi	x0,x0,0	  x0:0x00000000
       11285000	      1127	800006fc	ff5ff0ef	jal	x1,800006fc	  x1=0x800006fc
       11295000	      1128	00000000	00000013	addi	x0,x0,0	  x0:0x00000000
       11305000	      1129	800006ec	00000013	addi	x0,x0,0	  x0:0x00000000
       11315000	      1130	800006f0	fd5ff0ef	jal	x1,800006f0	  x1=0x800006f0
       11325000	      1131	00000000	00000013	addi	x0,x0,0	  x0:0x00000000
       11335000	      1132	800006c0	00000013	addi	x0,x0,0	  x0:0x00000000
       11345000	      1133	800006c4	0140076f	jal	x14,800006c4	 x14=0x800006c4
       11355000	      1134	00000000	00000013	addi	x0,x0,0	  x0:0x00000000
       11365000	      1135	800006d4	00000013	addi	x0,x0,0	  x0:0x00000000
       11375000	      1136	800006d8	00c000ef	jal	x1,800006d8	  x1=0x800006d8
       11385000	      1137	00000000	00000013	addi	x0,x0,0	  x0:0x00000000
       11395000	      1138	800006e0	00000013	addi	x0,x0,0	  x0:0x00000000
       11405000	      1139	800006e4	01c0036f	jal	x6,800006e4	  x6=0x800006e4
       11415000	      1140	00000000	00000013	addi	x0,x0,0	  x0:0x00000000
       11425000	      1141	800006fc	00000013	addi	x0,x0,0	  x0:0x00000000
       11435000	      1142	80000700	fc1ff0ef	jal	x1,80000700	  x1=0x80000700
       11445000	      1143	00000000	00000013	addi	x0,x0,0	  x0:0x00000000
       11455000	      1144	800006bc	00000013	addi	x0,x0,0	  x0:0x00000000
       11465000	      1145	800006c0	0340036f	jal	x6,800006c0	  x6=0x800006c0
       11475000	      1146	00000000	00000013	addi	x0,x0,0	  x0:0x00000000
       11485000	      1147	800006f0	00000013	addi	x0,x0,0	  x0:0x00000000
       11495000	      1148	800006f4	fddff0ef	jal	x1,800006f4	  x1=0x800006f4
       11505000	      1149	00000000	00000013	addi	x0,x0,0	  x0:0x00000000
       11515000	      1150	800006cc	00000013	addi	x0,x0,0	  x0:0x00000000
       11525000	      1151	800006d0	fe9ff6ef	jal	x13,800006d0	 x13=0x800006d0
       11535000	      1152	00000000	00000013	addi	x0,x0,0	  x0:0x00000000
       11545000	      1153	800006b4	00000013	addi	x0,x0,0	  x0:0x00000000
       11555000	      1154	800006b8	0400036f	jal	x6,800006b8	  x6=0x800006b8
       11565000	      1155	00000000	00000013	addi	x0,x0,0	  x0:0x00000000
       11575000	      1156	800006f4	00000013	addi	x0,x0,0	  x0:0x00000000
       11585000	      1157	800006f8	fe5ff0ef	jal	x1,800006f8	  x1=0x800006f8
       11595000	      1158	00000000	00000013	addi	x0,x0,0	  x0:0x00000000
       11605000	      1159	800006d8	00000013	addi	x0,x0,0	  x0:0x00000000
       11615000	      1160	800006dc	fedff0ef	jal	x1,800006dc	  x1=0x800006dc
       11625000	      1161	00000000	00000013	addi	x0,x0,0	  x0:0x00000000
       11635000	      1162	800006c4	00000013	addi	x0,x0,0	  x0:0x00000000
       11645000	      1163	800006c8	fedff0ef	jal	x1,800006c8	  x1=0x800006c8
       11655000	      1164	00000000	00000013	addi	x0,x0,0	  x0:0x00000000
       11665000	      1165	800006b0	00000013	addi	x0,x0,0	  x0:0x00000000
       11675000	      1166	800006b4	0380026f	jal	x4,800006b4	  x4=0x800006b4
       11685000	      1167	00000000	00000013	addi	x0,x0,0	  x0:0x00000000
       11695000	      1168	800006e8	00000013	addi	x0,x0,0	  x0:0x00000000
       11705000	      1169	800006ec	fe9ff5ef	jal	x11,800006ec	 x11=0x800006ec
       11715000	      1170	00000000	00000013	addi	x0,x0,0	  x0:0x00000000
       11725000	      1171	800006d0	00000013	addi	x0,x0,0	  x0:0x00000000
       11735000	      1172	800006d4	fe9ff26f	jal	x4,800006d4	  x4=0x800006d4
       11745000	      1173	00000000	00000013	addi	x0,x0,0	  x0:0x00000000
       11755000	      1174	800006b8	00000013	addi	x0,x0,0	  x0:0x00000000
       11765000	      1175	800006bc	010000ef	jal	x1,800006bc	  x1=0x800006bc
       11775000	      1176	00000000	00000013	addi	x0,x0,0	  x0:0x00000000
       11785000	      1177	800006c8	00000013	addi	x0,x0,0	  x0:0x00000000
       11795000	      1178	800006cc	0140036f	jal	x6,800006cc	  x6=0x800006cc
       11805000	      1179	00000000	00000013	addi	x0,x0,0	  x0:0x00000000
       11815000	      1180	800006dc	00000013	addi	x0,x0,0	  x0:0x00000000
       11825000	      1181	800006e0	008000ef	jal	x1,800006e0	  x1=0x800006e0
       11835000	      1182	00000000	00000013	addi	x0,x0,0	  x0:0x00000000
       11845000	      1183	800006e4	00000013	addi	x0,x0,0	  x0:0x00000000
       11855000	      1184	800006e8	01c007ef	jal	x15,800006e8	 x15=0x800006e8
       11865000	      1185	00000000	00000013	addi	x0,x0,0	  x0:0x00000000
       11875000	      1186	80000700	00000013	addi	x0,x0,0	  x0:0x00000000
       11885000	      1187	80000704	004000ef	jal	x1,80000704	  x1=0x80000704
       11895000	      1188	00000000	00000013	addi	x0,x0,0	  x0:0x00000000
       11905000	      1189	80000704	00000013	addi	x0,x0,0	  x0:0x00000000
       11915000	      1190	80000708	bbc6fb13	andi	x22,x13,-1092	 x13:0x800006d0 x22=0x80000290
       11925000	      1191	8000070c	028000ef	jal	x1,8000070c	  x1=0x8000070c
       11935000	      1192	00000000	00000013	addi	x0,x0,0	  x0:0x00000000
       11945000	      1193	80000730	00000013	addi	x0,x0,0	  x0:0x00000000
       11955000	      1194	80000734	0140016f	jal	x2,80000734	  x2=0x80000734
       11965000	      1195	00000000	00000013	addi	x0,x0,0	  x0:0x00000000
       11975000	      1196	80000744	00000013	addi	x0,x0,0	  x0:0x00000000
       11985000	      1197	80000748	ffdff0ef	jal	x1,80000748	  x1=0x80000748
       11995000	      1198	00000000	00000013	addi	x0,x0,0	  x0:0x00000000
       12005000	      1199	80000740	00000013	addi	x0,x0,0	  x0:0x00000000
       12015000	      1200	80000744	00c00f6f	jal	x30,80000744	 x30=0x80000744
       12025000	      1201	00000000	00000013	addi	x0,x0,0	  x0:0x00000000
       12035000	      1202	8000074c	00000013	addi	x0,x0,0	  x0:0x00000000
       12045000	      1203	80000750	fc9ff0ef	jal	x1,80000750	  x1=0x80000750
       12055000	      1204	00000000	00000013	addi	x0,x0,0	  x0:0x00000000
       12065000	      1205	80000714	00000013	addi	x0,x0,0	  x0:0x00000000
       12075000	      1206	80000718	0340036f	jal	x6,80000718	  x6=0x80000718
       12085000	      1207	00000000	00000013	addi	x0,x0,0	  x0:0x00000000
       12095000	      1208	80000748	00000013	addi	x0,x0,0	  x0:0x00000000
       12105000	      1209	8000074c	fc5ff0ef	jal	x1,8000074c	  x1=0x8000074c
       12115000	      1210	00000000	00000013	addi	x0,x0,0	  x0:0x00000000
       12125000	      1211	8000070c	00000013	addi	x0,x0,0	  x0:0x00000000
       12135000	      1212	80000710	00c008ef	jal	x17,80000710	 x17=0x80000710
       12145000	      1213	00000000	00000013	addi	x0,x0,0	  x0:0x00000000
       12155000	      1214	80000718	00000013	addi	x0,x0,0	  x0:0x00000000
       12165000	      1215	8000071c	024000ef	jal	x1,8000071c	  x1=0x8000071c
       12175000	      1216	00000000	00000013	addi	x0,x0,0	  x0:0x00000000
       12185000	      1217	8000073c	00000013	addi	x0,x0,0	  x0:0x00000000
       12195000	      1218	80000740	fd5ff0ef	jal	x1,80000740	  x1=0x80000740
       12205000	      1219	00000000	00000013	addi	x0,x0,0	  x0:0x00000000
       12215000	      1220	80000710	00000013	addi	x0,x0,0	  x0:0x00000000
       12225000	      1221	80000714	010005ef	jal	x11,80000714	 x11=0x80000714
       12235000	      1222	00000000	00000013	addi	x0,x0,0	  x0:0x00000000
       12245000	      1223	80000720	00000013	addi	x0,x0,0	  x0:0x00000000
       12255000	      1224	80000724	ffdff0ef	jal	x1,80000724	  x1=0x80000724
       12265000	      1225	00000000	00000013	addi	x0,x0,0	  x0:0x00000000
       12275000	      1226	8000071c	00000013	addi	x0,x0,0	  x0:0x00000000
       12285000	      1227	80000720	01000f6f	jal	x30,80000720	 x30=0x80000720
       12295000	      1228	00000000	00000013	addi	x0,x0,0	  x0:0x00000000
       12305000	      1229	8000072c	00000013	addi	x0,x0,0	  x0:0x00000000
       12315000	      1230	80000730	0080036f	jal	x6,80000730	  x6=0x80000730
       12325000	      1231	00000000	00000013	addi	x0,x0,0	  x0:0x00000000
       12335000	      1232	80000734	00000013	addi	x0,x0,0	  x0:0x00000000
       12345000	      1233	80000738	004000ef	jal	x1,80000738	  x1=0x80000738
       12355000	      1234	00000000	00000013	addi	x0,x0,0	  x0:0x00000000
       12365000	      1235	80000738	00000013	addi	x0,x0,0	  x0:0x00000000
       12375000	      1236	8000073c	fedff6ef	jal	x13,8000073c	 x13=0x8000073c
       12385000	      1237	00000000	00000013	addi	x0,x0,0	  x0:0x00000000
       12395000	      1238	80000724	00000013	addi	x0,x0,0	  x0:0x00000000
       12405000	      1239	80000728	004000ef	jal	x1,80000728	  x1=0x80000728
       12415000	      1240	00000000	00000013	addi	x0,x0,0	  x0:0x00000000
       12425000	      1241	80000728	00000013	addi	x0,x0,0	  x0:0x00000000
       12435000	      1242	8000072c	02800f6f	jal	x30,8000072c	 x30=0x8000072c
       12445000	      1243	00000000	00000013	addi	x0,x0,0	  x0:0x00000000
       12455000	      1244	80000750	00000013	addi	x0,x0,0	  x0:0x00000000
       12465000	      1245	80000754	019f8333	add	x6,x31,x25	 x31:0x80000344 x25:0x00000000  x6=0x80000344
       12475000	      1246	80000758	014000ef	jal	x1,80000758	  x1=0x80000758
       12485000	      1247	00000000	00000013	addi	x0,x0,0	  x0:0x00000000
       12495000	      1248	80000768	00000013	addi	x0,x0,0	  x0:0x00000000
       12505000	      1249	8000076c	0080036f	jal	x6,8000076c	  x6=0x8000076c
       12515000	      1250	00000000	00000013	addi	x0,x0,0	  x0:0x00000000
       12525000	      1251	80000770	00000013	addi	x0,x0,0	  x0:0x00000000
       12535000	      1252	80000774	0100016f	jal	x2,80000774	  x2=0x80000774
       12545000	      1253	00000000	00000013	addi	x0,x0,0	  x0:0x00000000
       12555000	      1254	80000780	00000013	addi	x0,x0,0	  x0:0x00000000
       12565000	      1255	80000784	fd9ff0ef	jal	x1,80000784	  x1=0x80000784
       12575000	      1256	00000000	00000013	addi	x0,x0,0	  x0:0x00000000
       12585000	      1257	80000758	00000013	addi	x0,x0,0	  x0:0x00000000
       12595000	      1258	8000075c	0240036f	jal	x6,8000075c	  x6=0x8000075c
       12605000	      1259	00000000	00000013	addi	x0,x0,0	  x0:0x00000000
       12615000	      1260	8000077c	00000013	addi	x0,x0,0	  x0:0x00000000
       12625000	      1261	80000780	fe1ff36f	jal	x6,80000780	  x6=0x80000780
       12635000	      1262	00000000	00000013	addi	x0,x0,0	  x0:0x00000000
       12645000	      1263	8000075c	00000013	addi	x0,x0,0	  x0:0x00000000
       12655000	      1264	80000760	01c0036f	jal	x6,80000760	  x6=0x80000760
       12665000	      1265	00000000	00000013	addi	x0,x0,0	  x0:0x00000000
       12675000	      1266	80000778	00000013	addi	x0,x0,0	  x0:0x00000000
       12685000	      1267	8000077c	fe9ff0ef	jal	x1,8000077c	  x1=0x8000077c
       12695000	      1268	00000000	00000013	addi	x0,x0,0	  x0:0x00000000
       12705000	      1269	80000760	00000013	addi	x0,x0,0	  x0:0x00000000
       12715000	      1270	80000764	004000ef	jal	x1,80000764	  x1=0x80000764
       12725000	      1271	00000000	00000013	addi	x0,x0,0	  x0:0x00000000
       12735000	      1272	80000764	00000013	addi	x0,x0,0	  x0:0x00000000
       12745000	      1273	80000768	010000ef	jal	x1,80000768	  x1=0x80000768
       12755000	      1274	00000000	00000013	addi	x0,x0,0	  x0:0x00000000
       12765000	      1275	80000774	00000013	addi	x0,x0,0	  x0:0x00000000
       12775000	      1276	80000778	ff9ff0ef	jal	x1,80000778	  x1=0x80000778
       12785000	      1277	00000000	00000013	addi	x0,x0,0	  x0:0x00000000
       12795000	      1278	8000076c	00000013	addi	x0,x0,0	  x0:0x00000000
       12805000	      1279	80000770	0180016f	jal	x2,80000770	  x2=0x80000770
       12815000	      1280	00000000	00000013	addi	x0,x0,0	  x0:0x00000000
       12825000	      1281	80000784	00000013	addi	x0,x0,0	  x0:0x00000000
       12835000	      1282	80000788	014ed213	srli	x4,x29,0x14	 x29:0x800005f0  x4=0x00000800
       12845000	      1283	8000078c	01c000ef	jal	x1,8000078c	  x1=0x8000078c
       12855000	      1284	00000000	00000013	addi	x0,x0,0	  x0:0x00000000
       12865000	      1285	800007a4	00000013	addi	x0,x0,0	  x0:0x00000000
       12875000	      1286	800007a8	ff9ff0ef	jal	x1,800007a8	  x1=0x800007a8
       12885000	      1287	00000000	00000013	addi	x0,x0,0	  x0:0x00000000
       12895000	      1288	8000079c	00000013	addi	x0,x0,0	  x0:0x00000000
       12905000	      1289	800007a0	00c00def	jal	x27,800007a0	 x27=0x800007a0
       12915000	      1290	00000000	00000013	addi	x0,x0,0	  x0:0x00000000
       12925000	      1291	800007a8	00000013	addi	x0,x0,0	  x0:0x00000000
       12935000	      1292	800007ac	ff9ff36f	jal	x6,800007ac	  x6=0x800007ac
       12945000	      1293	00000000	00000013	addi	x0,x0,0	  x0:0x00000000
       12955000	      1294	800007a0	00000013	addi	x0,x0,0	  x0:0x00000000
       12965000	      1295	800007a4	fedff36f	jal	x6,800007a4	  x6=0x800007a4
       12975000	      1296	00000000	00000013	addi	x0,x0,0	  x0:0x00000000
       12985000	      1297	8000078c	00000013	addi	x0,x0,0	  x0:0x00000000
       12995000	      1298	80000790	024005ef	jal	x11,80000790	 x11=0x80000790
       13005000	      1299	00000000	00000013	addi	x0,x0,0	  x0:0x00000000
       13015000	      1300	800007b0	00000013	addi	x0,x0,0	  x0:0x00000000
       13025000	      1301	800007b4	fe5ffe6f	jal	x28,800007b4	 x28=0x800007b4
       13035000	      1302	00000000	00000013	addi	x0,x0,0	  x0:0x00000000
       13045000	      1303	80000794	00000013	addi	x0,x0,0	  x0:0x00000000
       13055000	      1304	80000798	018005ef	jal	x11,80000798	 x11=0x80000798
       13065000	      1305	00000000	00000013	addi	x0,x0,0	  x0:0x00000000
       13075000	      1306	800007ac	00000013	addi	x0,x0,0	  x0:0x00000000
       13085000	      1307	800007b0	fedff0ef	jal	x1,800007b0	  x1=0x800007b0
       13095000	      1308	00000000	00000013	addi	x0,x0,0	  x0:0x00000000
       13105000	      1309	80000798	00000013	addi	x0,x0,0	  x0:0x00000000
       13115000	      1310	8000079c	ff9ff36f	jal	x6,8000079c	  x6=0x8000079c
       13125000	      1311	00000000	00000013	addi	x0,x0,0	  x0:0x00000000
       13135000	      1312	80000790	00000013	addi	x0,x0,0	  x0:0x00000000
       13145000	      1313	80000794	024000ef	jal	x1,80000794	  x1=0x80000794
       13155000	      1314	00000000	00000013	addi	x0,x0,0	  x0:0x00000000
       13165000	      1315	800007b4	00000013	addi	x0,x0,0	  x0:0x00000000
       13175000	      1316	800007b8	00000013	addi	x0,x0,0	  x0:0x00000000
       13185000	      1317	800007bc	02c000ef	jal	x1,800007bc	  x1=0x800007bc
       13195000	      1318	00000000	00000013	addi	x0,x0,0	  x0:0x00000000
       13205000	      1319	800007e4	00000013	addi	x0,x0,0	  x0:0x00000000
       13215000	      1320	800007e8	fddff0ef	jal	x1,800007e8	  x1=0x800007e8
       13225000	      1321	00000000	00000013	addi	x0,x0,0	  x0:0x00000000
       13235000	      1322	800007c0	00000013	addi	x0,x0,0	  x0:0x00000000
       13245000	      1323	800007c4	004000ef	jal	x1,800007c4	  x1=0x800007c4
       13255000	      1324	00000000	00000013	addi	x0,x0,0	  x0:0x00000000
       13265000	      1325	800007c4	00000013	addi	x0,x0,0	  x0:0x00000000
       13275000	      1326	800007c8	0140016f	jal	x2,800007c8	  x2=0x800007c8
       13285000	      1327	00000000	00000013	addi	x0,x0,0	  x0:0x00000000
       13295000	      1328	800007d8	00000013	addi	x0,x0,0	  x0:0x00000000
       13305000	      1329	800007dc	ff1ff0ef	jal	x1,800007dc	  x1=0x800007dc
       13315000	      1330	00000000	00000013	addi	x0,x0,0	  x0:0x00000000
       13325000	      1331	800007c8	00000013	addi	x0,x0,0	  x0:0x00000000
       13335000	      1332	800007cc	0200076f	jal	x14,800007cc	 x14=0x800007cc
       13345000	      1333	00000000	00000013	addi	x0,x0,0	  x0:0x00000000
       13355000	      1334	800007e8	00000013	addi	x0,x0,0	  x0:0x00000000
       13365000	      1335	800007ec	fe9ff36f	jal	x6,800007ec	  x6=0x800007ec
       13375000	      1336	00000000	00000013	addi	x0,x0,0	  x0:0x00000000
       13385000	      1337	800007d0	00000013	addi	x0,x0,0	  x0:0x00000000
       13395000	      1338	800007d4	0040016f	jal	x2,800007d4	  x2=0x800007d4
       13405000	      1339	00000000	00000013	addi	x0,x0,0	  x0:0x00000000
       13415000	      1340	800007d4	00000013	addi	x0,x0,0	  x0:0x00000000
       13425000	      1341	800007d8	00c000ef	jal	x1,800007d8	  x1=0x800007d8
       13435000	      1342	00000000	00000013	addi	x0,x0,0	  x0:0x00000000
       13445000	      1343	800007e0	00000013	addi	x0,x0,0	  x0:0x00000000
       13455000	      1344	800007e4	00c003ef	jal	x7,800007e4	  x7=0x800007e4
       13465000	      1345	00000000	00000013	addi	x0,x0,0	  x0:0x00000000
       13475000	      1346	800007ec	00000013	addi	x0,x0,0	  x0:0x00000000
       13485000	      1347	800007f0	0080046f	jal	x8,800007f0	  x8=0x800007f0
       13495000	      1348	00000000	00000013	addi	x0,x0,0	  x0:0x00000000
       13505000	      1349	800007f4	00000013	addi	x0,x0,0	  x0:0x00000000
       13515000	      1350	800007f8	fc9ff96f	jal	x18,800007f8	 x18=0x800007f8
       13525000	      1351	00000000	00000013	addi	x0,x0,0	  x0:0x00000000
       13535000	      1352	800007bc	00000013	addi	x0,x0,0	  x0:0x00000000
       13545000	      1353	800007c0	034000ef	jal	x1,800007c0	  x1=0x800007c0
       13555000	      1354	00000000	00000013	addi	x0,x0,0	  x0:0x00000000
       13565000	      1355	800007f0	00000013	addi	x0,x0,0	  x0:0x00000000
       13575000	      1356	800007f4	fddff36f	jal	x6,800007f4	  x6=0x800007f4
       13585000	      1357	00000000	00000013	addi	x0,x0,0	  x0:0x00000000
       13595000	      1358	800007cc	00000013	addi	x0,x0,0	  x0:0x00000000
       13605000	      1359	800007d0	010000ef	jal	x1,800007d0	  x1=0x800007d0
       13615000	      1360	00000000	00000013	addi	x0,x0,0	  x0:0x00000000
       13625000	      1361	800007dc	00000013	addi	x0,x0,0	  x0:0x00000000
       13635000	      1362	800007e0	01c000ef	jal	x1,800007e0	  x1=0x800007e0
       13645000	      1363	00000000	00000013	addi	x0,x0,0	  x0:0x00000000
       13655000	      1364	800007f8	00000013	addi	x0,x0,0	  x0:0x00000000
       13665000	      1365	800007fc	89936693	ori	x13,x6,-1895	  x6:0x800007f4 x13=0xfffffffd
       13675000	      1366	80000800	db5b2e13	slti	x28,x22,-587	 x22:0x80000290 x28=0x00000001
       13685000	      1367	80000804	022f7a63	bgeu	x30,x2,80000838	 x30:0x8000072c  x2:0x800007d4
       13695000	      1368	80000808	00d6da33	srl	x20,x13,x13	 x13:0xfffffffd x13:0xfffffffd x20=0x00000007
       13705000	      1369	8000080c	15c85517	auipc	x10,0x15c85	 x10=0x95c85808
       13715000	      1370	80000810	00a16433	or	x8,x2,x10	  x2:0x800007d4 x10:0x95c85808  x8=0x95c85fdc
       13725000	      1371	80000814	83aa0913	addi	x18,x20,-1990	 x20:0x00000007 x18=0xfffff841
       13735000	      1372	80000818	00b0b0b3	sltu	x1,x1,x11	  x1:0x800007e0 x11:0x80000798  x1=0x00000000
       13745000	      1373	8000081c	01531263	bne	x6,x21,80000820	  x6:0x800007f4 x21:0x800006a0
       13755000	      1374	00000000	00000013	addi	x0,x0,0	  x0:0x00000000
       13765000	      1375	8000081c	00000013	addi	x0,x0,0	  x0:0x00000000
       13775000	      1376	80000820	04480663	beq	x16,x4,8000086c	 x16:0x00000005  x4:0x00000800
       13785000	      1377	80000824	2c2ef717	auipc	x14,0x2c2ef	 x14=0xac2ef820
       13795000	      1378	80000828	00000013	addi	x0,x0,0	  x0:0x00000000
       13805000	      1379	8000082c	00000013	addi	x0,x0,0	  x0:0x00000000
       13815000	      1380	80000830	7d1f3893	sltiu	x17,x30,2001	 x30:0x8000072c x17=0x00000000
       13825000	      1381	80000834	01efc533	xor	x10,x31,x30	 x31:0x80000344 x30:0x8000072c x10=0x00000468
       13835000	      1382	80000838	043b5863	bge	x22,x3,80000888	 x22:0x80000290  x3:0x80000684
       13845000	      1383	8000083c	40b453b3	sra	x7,x8,x11	  x8:0x95c85fdc x11:0x80000798  x7=0xffffff95
       13855000	      1384	80000840	0071ca63	blt	x3,x7,80000854	  x3:0x80000684  x7:0xffffff95
       13865000	      1385	00000000	00000013	addi	x0,x0,0	  x0:0x00000000
       13875000	      1386	80000850	00000013	addi	x0,x0,0	  x0:0x00000000
       13885000	      1387	80000854	00000013	addi	x0,x0,0	  x0:0x00000000
       13895000	      1388	80000858	0113da63	bge	x7,x17,8000086c	  x7:0xffffff95 x17:0x00000000
       13905000	      1389	8000085c	438b8f13	addi	x30,x23,1080	 x23:0x8000051c x30=0x80000954
       13915000	      1390	80000860	d46d7637	lui	x12,0xd46d7	 x12=0xd46d7000
       13925000	      1391	80000864	00941c63	bne	x8,x9,8000087c	  x8:0x95c85fdc  x9:0x80009f84
       13935000	      1392	00000000	00000013	addi	x0,x0,0	  x0:0x00000000
       13945000	      1393	80000878	00000013	addi	x0,x0,0	  x0:0x00000000
       13955000	      1394	8000087c	d49f5097	auipc	x1,0xd49f5	  x1=0x549f5878
       13965000	      1395	80000880	40255ab3	sra	x21,x10,x2	 x10:0x00000468  x2:0x800007d4 x21=0x00000000
       13975000	      1396	80000884	01444433	xor	x8,x8,x20	  x8:0x95c85fdc x20:0x00000007  x8=0x95c85fdb
       13985000	      1397	80000888	0007fa63	bgeu	x15,x0,8000089c	 x15:0x800006e8  x0:0x00000000
       13995000	      1398	00000000	00000013	addi	x0,x0,0	  x0:0x00000000
       14005000	      1399	80000898	00000013	addi	x0,x0,0	  x0:0x00000000
       14015000	      1400	8000089c	40b4ddb3	sra	x27,x9,x11	  x9:0x80009f84 x11:0x80000798 x27=0xffffff80
       14025000	      1401	800008a0	027d6463	bltu	x26,x7,800008c8	 x26:0x80000688  x7:0xffffff95
       14035000	      1402	00000000	00000013	addi	x0,x0,0	  x0:0x00000000
       14045000	      1403	800008c4	00000013	addi	x0,x0,0	  x0:0x00000000
       14055000	      1404	800008c8	debc4393	xori	x7,x24,-533	 x24:0x8000069c  x7=0x7ffffb77
       14065000	      1405	800008cc	05936863	bltu	x6,x25,8000091c	  x6:0x800007f4 x25:0x00000000
       14075000	      1406	800008d0	048d5063	bge	x26,x8,80000910	 x26:0x80000688  x8:0x95c85fdb
       14085000	      1407	800008d4	0179c263	blt	x19,x23,800008d8	 x19:0x80000690 x23:0x8000051c
       14095000	      1408	800008d8	00a5fe33	and	x28,x11,x10	 x11:0x80000798 x10:0x00000468 x28=0x00000408
       14105000	      1409	800008dc	417f5f33	sra	x30,x30,x23	 x30:0x80000954 x23:0x8000051c x30=0xfffffff8
       14115000	      1410	800008e0	04afe463	bltu	x31,x10,80000928	 x31:0x80000344 x10:0x00000468
       14125000	      1411	800008e4	017690b3	sll	x1,x13,x23	 x13:0xfffffffd x23:0x8000051c  x1=0xd0000000
       14135000	      1412	800008e8	00000013	addi	x0,x0,0	  x0:0x00000000
       14145000	      1413	800008ec	435f8593	addi	x11,x31,1077	 x31:0x80000344 x11=0x80000779
       14155000	      1414	800008f0	02f6c263	blt	x13,x15,80000914	 x13:0xfffffffd x15:0x800006e8
       14165000	      1415	800008f4	0107d433	srl	x8,x15,x16	 x15:0x800006e8 x16:0x00000005  x8=0x04000037
       14175000	      1416	800008f8	01638bb3	add	x23,x7,x22	  x7:0x7ffffb77 x22:0x80000290 x23=0xfffffe07
       14185000	      1417	800008fc	46534b13	xori	x22,x6,1125	  x6:0x800007f4 x22=0x80000391
       14195000	      1418	80000900	400e5693	srai	x13,x28,0x0	 x28:0x00000408 x13=0x00000408
       14205000	      1419	80000904	00fbe333	or	x6,x23,x15	 x23:0xfffffe07 x15:0x800006e8  x6=0xfffffeef
       14215000	      1420	80000908	f70b3c13	sltiu	x24,x22,-144	 x22:0x80000391 x24=0x00000001
       14225000	      1421	8000090c	027f0663	beq	x30,x7,80000938	 x30:0xfffffff8  x7:0x7ffffb77
       14235000	      1422	80000910	01df5733	srl	x14,x30,x29	 x30:0xfffffff8 x29:0x800005f0 x14=0x0000ffff
       14245000	      1423	80000914	00da98b3	sll	x17,x21,x13	 x21:0x00000000 x13:0x00000408 x17=0x00000000
       14255000	      1424	80000918	018a4e63	blt	x20,x24,80000934	 x20:0x00000007 x24:0x00000001
       14265000	      1425	8000091c	000d43b3	xor	x7,x26,x0	 x26:0x80000688  x0:0x00000000  x7=0x80000688
       14275000	      1426	80000920	18f9f913	andi	x18,x19,399	 x19:0x80000690 x18=0x00000080
       14285000	      1427	80000924	63794993	xori	x19,x18,1591	 x18:0x00000080 x19=0x000006b7
       14295000	      1428	80000928	019f3233	sltu	x4,x30,x25	 x30:0xfffffff8 x25:0x00000000  x4=0x00000000
       14305000	      1429	8000092c	010eeb33	or	x22,x29,x16	 x29:0x800005f0 x16:0x00000005 x22=0x800005f5
       14315000	      1430	80000930	0218dc63	bge	x17,x1,80000968	 x17:0x00000000  x1:0xd0000000
       14325000	      1431	00000000	00000013	addi	x0,x0,0	  x0:0x00000000
       14335000	      1432	80000964	00000013	addi	x0,x0,0	  x0:0x00000000
       14345000	      1433	80000968	01057463	bgeu	x10,x16,80000970	 x10:0x00000468 x16:0x00000005
       14355000	      1434	00000000	00000013	addi	x0,x0,0	  x0:0x00000000
       14365000	      1435	8000096c	00000013	addi	x0,x0,0	  x0:0x00000000
       14375000	      1436	80000970	006ae263	bltu	x21,x6,80000974	 x21:0x00000000  x6:0xfffffeef
       14385000	      1437	00000000	00000013	addi	x0,x0,0	  x0:0x00000000
       14395000	      1438	80000970	00000013	addi	x0,x0,0	  x0:0x00000000
       14405000	      1439	80000974	40bbd333	sra	x6,x23,x11	 x23:0xfffffe07 x11:0x80000779  x6=0xffffffff
       14415000	      1440	80000978	004e86b3	add	x13,x29,x4	 x29:0x800005f0  x4:0x00000000 x13=0x800005f0
       14425000	      1441	8000097c	414e0133	sub	x2,x28,x20	 x28:0x00000408 x20:0x00000007  x2=0x00000401
       14435000	      1442	80000980	00e43a33	sltu	x20,x8,x14	  x8:0x04000037 x14:0x0000ffff x20=0x00000000
       14445000	      1443	80000984	d99acf13	xori	x30,x21,-615	 x21:0x00000000 x30=0xfffffd99
       14455000	      1444	80000988	edc88b13	addi	x22,x17,-292	 x17:0x00000000 x22=0xfffffedc
       14465000	      1445	8000098c	631cff13	andi	x30,x25,1585	 x25:0x00000000 x30=0x00000000
       14475000	      1446	80000990	c1842a13	slti	x20,x8,-1000	  x8:0x04000037 x20=0x00000000
       14485000	      1447	80000994	004ae933	or	x18,x21,x4	 x21:0x00000000  x4:0x00000000 x18=0x00000000
       14495000	      1448	80000998	00789333	sll	x6,x17,x7	 x17:0x00000000  x7:0x80000688  x6=0x00000000
       14505000	      1449	8000099c	8c586193	ori	x3,x16,-1851	 x16:0x00000005  x3=0xfffff8c5
       14515000	      1450	800009a0	63e3aa13	slti	x20,x7,1598	  x7:0x80000688 x20=0x00000001
       14525000	      1451	800009a4	0200ca63	blt	x1,x0,800009d8	  x1:0xd0000000  x0:0x00000000
       14535000	      1452	00000000	00000013	addi	x0,x0,0	  x0:0x00000000
       14545000	      1453	800009d4	00000013	addi	x0,x0,0	  x0:0x00000000
       14555000	      1454	800009d8	0092aab3	slt	x21,x5,x9	  x5:0x80009fc4  x9:0x80009f84 x21=0x00000000
       14565000	      1455	800009dc	00afb733	sltu	x14,x31,x10	 x31:0x80000344 x10:0x00000468 x14=0x00000000
       14575000	      1456	800009e0	41dad133	sra	x2,x21,x29	 x21:0x00000000 x29:0x800005f0  x2=0x00000000
       14585000	      1457	800009e4	931dbe13	sltiu	x28,x27,-1743	 x27:0xffffff80 x28=0x00000000
       14595000	      1458	800009e8	d0929697	auipc	x13,0xd0929	 x13=0x509299e4
       14605000	      1459	800009ec	a50b0c17	auipc	x24,0xa50b0	 x24=0x250b09e8
       14615000	      1460	800009f0	00fc2f33	slt	x30,x24,x15	 x24:0x250b09e8 x15:0x800006e8 x30=0x00000000
       14625000	      1461	800009f4	0f43bb97	auipc	x23,0xf43b	 x23=0x8f43b9f0
       14635000	      1462	800009f8	00385733	srl	x14,x16,x3	 x16:0x00000005  x3:0xfffff8c5 x14=0x00000000
       14645000	      1463	800009fc	0378d463	bge	x17,x23,80000a24	 x17:0x00000000 x23:0x8f43b9f0
       14655000	      1464	00000000	00000013	addi	x0,x0,0	  x0:0x00000000
       14665000	      1465	80000a20	00000013	addi	x0,x0,0	  x0:0x00000000
       14675000	      1466	80000a24	018bf533	and	x10,x23,x24	 x23:0x8f43b9f0 x24:0x250b09e8 x10=0x050309e0
       14685000	      1467	80000a28	825aab13	slti	x22,x21,-2011	 x21:0x00000000 x22=0x00000000
       14695000	      1468	80000a2c	0150e263	bltu	x1,x21,80000a30	  x1:0xd0000000 x21:0x00000000
       14705000	      1469	80000a30	0137d3b3	srl	x7,x15,x19	 x15:0x800006e8 x19:0x000006b7  x7=0x00000100
       14715000	      1470	80000a34	01d06eb3	or	x29,x0,x29	  x0:0x00000000 x29:0x800005f0 x29=0x800005f0
       14725000	      1471	80000a38	01135113	srli	x2,x6,0x11	  x6:0x00000000  x2=0x00000000
       14735000	      1472	80000a3c	01dc9f13	slli	x30,x25,0x1d	 x25:0x00000000 x30=0x00000000
       14745000	      1473	80000a40	ce078893	addi	x17,x15,-800	 x15:0x800006e8 x17=0x800003c8
       14755000	      1474	80000a44	00928933	add	x18,x5,x9	  x5:0x80009fc4  x9:0x80009f84 x18=0x00013f48
       14765000	      1475	80000a48	00953fb3	sltu	x31,x10,x9	 x10:0x050309e0  x9:0x80009f84 x31=0x00000001
       14775000	      1476	80000a4c	003d79b3	and	x19,x26,x3	 x26:0x80000688  x3:0xfffff8c5 x19=0x80000080
       14785000	      1477	80000a50	0141d9b3	srl	x19,x3,x20	  x3:0xfffff8c5 x20:0x00000001 x19=0x7ffffc62
       14795000	      1478	80000a54	07a9d663	bge	x19,x26,80000ac0	 x19:0x7ffffc62 x26:0x80000688
       14805000	      1479	00000000	00000013	addi	x0,x0,0	  x0:0x00000000
       14815000	      1480	80000abc	00000013	addi	x0,x0,0	  x0:0x00000000
       14825000	      1481	80000ac0	0094ecb3	or	x25,x9,x9	  x9:0x80009f84  x9:0x80009f84 x25=0x80009f84
       14835000	      1482	80000ac4	01135513	srli	x10,x6,0x11	  x6:0x00000000 x10=0x00000000
       14845000	      1483	80000ac8	6e1d3b93	sltiu	x23,x26,1761	 x26:0x80000688 x23=0x00000000
       14855000	      1484	80000acc	00cb4033	xor	x0,x22,x12	 x22:0x00000000 x12:0xd46d7000
       14865000	      1485	80000ad0	00f99a63	bne	x19,x15,80000ae4	 x19:0x7ffffc62 x15:0x800006e8
       14875000	      1486	00000000	00000013	addi	x0,x0,0	  x0:0x00000000
       14885000	      1487	80000ae0	00000013	addi	x0,x0,0	  x0:0x00000000
       14895000	      1488	80000ae4	013e8663	beq	x29,x19,80000af0	 x29:0x800005f0 x19:0x7ffffc62
       14905000	      1489	80000ae8	09726463	bltu	x4,x23,80000b70	  x4:0x00000000 x23:0x00000000
       14915000	      1490	80000aec	0090dcb3	srl	x25,x1,x9	  x1:0xd0000000  x9:0x80009f84 x25=0x0d000000
       14925000	      1491	80000af0	4173d7b3	sra	x15,x7,x23	  x7:0x00000100 x23:0x00000000 x15=0x00000100
       14935000	      1492	80000af4	01328133	add	x2,x5,x19	  x5:0x80009fc4 x19:0x7ffffc62  x2=0x00009c26
       14945000	      1493	80000af8	01fbf463	bgeu	x23,x31,80000b00	 x23:0x00000000 x31:0x00000001
       14955000	      1494	80000afc	087e5863	bge	x28,x7,80000b8c	 x28:0x00000000  x7:0x00000100
       14965000	      1495	80000b00	1867f193	andi	x3,x15,390	 x15:0x00000100  x3=0x00000100
       14975000	      1496	80000b04	6b4ec793	xori	x15,x29,1716	 x29:0x800005f0 x15=0x80000344
       14985000	      1497	80000b08	01ec0633	add	x12,x24,x30	 x24:0x250b09e8 x30:0x00000000 x12=0x250b09e8
       14995000	      1498	80000b0c	00000013	addi	x0,x0,0	  x0:0x00000000
       15005000	      1499	80000b10	f39d2eb7	lui	x29,0xf39d2	 x29=0xf39d2000
       15015000	      1500	80000b14	c3b74317	auipc	x6,0xc3b74	  x6=0x43b74b10
       15025000	      1501	80000b18	01605b93	srli	x23,x0,0x16	  x0:0x00000000 x23=0x00000000
       15035000	      1502	80000b1c	00000013	addi	x0,x0,0	  x0:0x00000000
       15045000	      1503	80000b20	014000ef	jal	x1,80000b20	  x1=0x80000b20
       15055000	      1504	00000000	00000013	addi	x0,x0,0	  x0:0x00000000
       15065000	      1505	80000b30	00000013	addi	x0,x0,0	  x0:0x00000000
       15075000	      1506	80000b34	ff1ff66f	jal	x12,80000b34	 x12=0x80000b34
       15085000	      1507	00000000	00000013	addi	x0,x0,0	  x0:0x00000000
       15095000	      1508	80000b20	00000013	addi	x0,x0,0	  x0:0x00000000
       15105000	      1509	80000b24	004000ef	jal	x1,80000b24	  x1=0x80000b24
       15115000	      1510	00000000	00000013	addi	x0,x0,0	  x0:0x00000000
       15125000	      1511	80000b24	00000013	addi	x0,x0,0	  x0:0x00000000
       15135000	      1512	80000b28	004000ef	jal	x1,80000b28	  x1=0x80000b28
       15145000	      1513	00000000	00000013	addi	x0,x0,0	  x0:0x00000000
       15155000	      1514	80000b28	00000013	addi	x0,x0,0	  x0:0x00000000
       15165000	      1515	80000b2c	020000ef	jal	x1,80000b2c	  x1=0x80000b2c
       15175000	      1516	00000000	00000013	addi	x0,x0,0	  x0:0x00000000
       15185000	      1517	80000b48	00000013	addi	x0,x0,0	  x0:0x00000000
       15195000	      1518	80000b4c	00c0036f	jal	x6,80000b4c	  x6=0x80000b4c
       15205000	      1519	00000000	00000013	addi	x0,x0,0	  x0:0x00000000
       15215000	      1520	80000b54	00000013	addi	x0,x0,0	  x0:0x00000000
       15225000	      1521	80000b58	ffdff76f	jal	x14,80000b58	 x14=0x80000b58
       15235000	      1522	00000000	00000013	addi	x0,x0,0	  x0:0x00000000
       15245000	      1523	80000b50	00000013	addi	x0,x0,0	  x0:0x00000000
       15255000	      1524	80000b54	00c000ef	jal	x1,80000b54	  x1=0x80000b54
       15265000	      1525	00000000	00000013	addi	x0,x0,0	  x0:0x00000000
       15275000	      1526	80000b5c	00000013	addi	x0,x0,0	  x0:0x00000000
       15285000	      1527	80000b60	fe9ff0ef	jal	x1,80000b60	  x1=0x80000b60
       15295000	      1528	00000000	00000013	addi	x0,x0,0	  x0:0x00000000
       15305000	      1529	80000b44	00000013	addi	x0,x0,0	  x0:0x00000000
       15315000	      1530	80000b48	008000ef	jal	x1,80000b48	  x1=0x80000b48
       15325000	      1531	00000000	00000013	addi	x0,x0,0	  x0:0x00000000
       15335000	      1532	80000b4c	00000013	addi	x0,x0,0	  x0:0x00000000
       15345000	      1533	80000b50	ff5ff16f	jal	x2,80000b50	  x2=0x80000b50
       15355000	      1534	00000000	00000013	addi	x0,x0,0	  x0:0x00000000
       15365000	      1535	80000b40	00000013	addi	x0,x0,0	  x0:0x00000000
       15375000	      1536	80000b44	ffdff0ef	jal	x1,80000b44	  x1=0x80000b44
       15385000	      1537	00000000	00000013	addi	x0,x0,0	  x0:0x00000000
       15395000	      1538	80000b3c	00000013	addi	x0,x0,0	  x0:0x00000000
       15405000	      1539	80000b40	01c000ef	jal	x1,80000b40	  x1=0x80000b40
       15415000	      1540	00000000	00000013	addi	x0,x0,0	  x0:0x00000000
       15425000	      1541	80000b58	00000013	addi	x0,x0,0	  x0:0x00000000
       15435000	      1542	80000b5c	fddfff6f	jal	x30,80000b5c	 x30=0x80000b5c
       15445000	      1543	00000000	00000013	addi	x0,x0,0	  x0:0x00000000
       15455000	      1544	80000b34	00000013	addi	x0,x0,0	  x0:0x00000000
       15465000	      1545	80000b38	ff9ff36f	jal	x6,80000b38	  x6=0x80000b38
       15475000	      1546	00000000	00000013	addi	x0,x0,0	  x0:0x00000000
       15485000	      1547	80000b2c	00000013	addi	x0,x0,0	  x0:0x00000000
       15495000	      1548	80000b30	00c0046f	jal	x8,80000b30	  x8=0x80000b30
       15505000	      1549	00000000	00000013	addi	x0,x0,0	  x0:0x00000000
       15515000	      1550	80000b38	00000013	addi	x0,x0,0	  x0:0x00000000
       15525000	      1551	80000b3c	028000ef	jal	x1,80000b3c	  x1=0x80000b3c
       15535000	      1552	00000000	00000013	addi	x0,x0,0	  x0:0x00000000
       15545000	      1553	80000b60	00000013	addi	x0,x0,0	  x0:0x00000000
       15555000	      1554	80000b64	7abf3713	sltiu	x14,x30,1963	 x30:0x80000b5c x14=0x00000000
       15565000	      1555	80000b68	01c4cbb3	xor	x23,x9,x28	  x9:0x80009f84 x28:0x00000000 x23=0x80009f84
       15575000	      1556	80000b6c	04a61863	bne	x12,x10,80000bbc	 x12:0x80000b34 x10:0x00000000
       15585000	      1557	00000000	00000013	addi	x0,x0,0	  x0:0x00000000
       15595000	      1558	80000bb8	00000013	addi	x0,x0,0	  x0:0x00000000
       15605000	      1559	80000bbc	01727ab3	and	x21,x4,x23	  x4:0x00000000 x23:0x80009f84 x21=0x00000000
       15615000	      1560	80000bc0	01eaed33	or	x26,x21,x30	 x21:0x00000000 x30:0x80000b5c x26=0x80000b5c
       15625000	      1561	80000bc4	02065063	bge	x12,x0,80000be4	 x12:0x80000b34  x0:0x00000000
       15635000	      1562	80000bc8	015e00b3	add	x1,x28,x21	 x28:0x00000000 x21:0x00000000  x1=0x00000000
       15645000	      1563	80000bcc	0029e033	or	x0,x19,x2	 x19:0x7ffffc62  x2:0x80000b50
       15655000	      1564	80000bd0	0222ca63	blt	x5,x2,80000c04	  x5:0x80009fc4  x2:0x80000b50
       15665000	      1565	80000bd4	412b8b33	sub	x22,x23,x18	 x23:0x80009f84 x18:0x00013f48 x22=0x7fff603c
       15675000	      1566	80000bd8	019f7c63	bgeu	x30,x25,80000bf0	 x30:0x80000b5c x25:0x0d000000
       15685000	      1567	00000000	00000013	addi	x0,x0,0	  x0:0x00000000
       15695000	      1568	80000bec	00000013	addi	x0,x0,0	  x0:0x00000000
       15705000	      1569	80000bf0	05c00663	beq	x0,x28,80000c3c	  x0:0x00000000 x28:0x00000000
       15715000	      1570	00000000	00000013	addi	x0,x0,0	  x0:0x00000000
       15725000	      1571	80000c38	00000013	addi	x0,x0,0	  x0:0x00000000
       15735000	      1572	80000c3c	da286413	ori	x8,x16,-606	 x16:0x00000005  x8=0xfffffda7
       15745000	      1573	80000c40	03827063	bgeu	x4,x24,80000c60	  x4:0x00000000 x24:0x250b09e8
       15755000	      1574	80000c44	01d1b8b3	sltu	x17,x3,x29	  x3:0x00000100 x29:0xf39d2000 x17=0x00000001
       15765000	      1575	80000c48	02555e63	bge	x10,x5,80000c84	 x10:0x00000000  x5:0x80009fc4
       15775000	      1576	00000000	00000013	addi	x0,x0,0	  x0:0x00000000
       15785000	      1577	80000c80	00000013	addi	x0,x0,0	  x0:0x00000000
       15795000	      1578	80000c84	01deb533	sltu	x10,x29,x29	 x29:0xf39d2000 x29:0xf39d2000 x10=0x00000000
       15805000	      1579	80000c88	03d75263	bge	x14,x29,80000cac	 x14:0x00000000 x29:0xf39d2000
       15815000	      1580	00000000	00000013	addi	x0,x0,0	  x0:0x00000000
       15825000	      1581	80000ca8	00000013	addi	x0,x0,0	  x0:0x00000000
       15835000	      1582	80000cac	00803233	sltu	x4,x0,x8	  x0:0x00000000  x8:0xfffffda7  x4=0x00000001
       15845000	      1583	80000cb0	01458433	add	x8,x11,x20	 x11:0x80000779 x20:0x00000001  x8=0x8000077a
       15855000	      1584	80000cb4	04566263	bltu	x12,x5,80000cf8	 x12:0x80000b34  x5:0x80009fc4
       15865000	      1585	00000000	00000013	addi	x0,x0,0	  x0:0x00000000
       15875000	      1586	80000cf4	00000013	addi	x0,x0,0	  x0:0x00000000
       15885000	      1587	80000cf8	01c219b3	sll	x19,x4,x28	  x4:0x00000001 x28:0x00000000 x19=0x00000001
       15895000	      1588	80000cfc	c369f613	andi	x12,x19,-970	 x19:0x00000001 x12=0x00000000
       15905000	      1589	80000d00	00179c93	slli	x25,x15,0x1	 x15:0x80000344 x25=0x00000688
       15915000	      1590	80000d04	002c1d33	sll	x26,x24,x2	 x24:0x250b09e8  x2:0x80000b50 x26=0x09e80000
       15925000	      1591	80000d08	00000013	addi	x0,x0,0	  x0:0x00000000
       15935000	      1592	80000d0c	c35b3c13	sltiu	x24,x22,-971	 x22:0x7fff603c x24=0x00000001
       15945000	      1593	80000d10	03704663	blt	x0,x23,80000d3c	  x0:0x00000000 x23:0x80009f84
       15955000	      1594	80000d14	01021b33	sll	x22,x4,x16	  x4:0x00000001 x16:0x00000005 x22=0x00000020
       15965000	      1595	80000d18	005f9213	slli	x4,x31,0x5	 x31:0x00000001  x4=0x00000020
       15975000	      1596	80000d1c	d5620f13	addi	x30,x4,-682	  x4:0x00000020 x30=0xfffffd76
       15985000	      1597	80000d20	40f7d1b3	sra	x3,x15,x15	 x15:0x80000344 x15:0x80000344  x3=0xf8000034
       15995000	      1598	80000d24	00120ab3	add	x21,x4,x1	  x4:0x00000020  x1:0x00000000 x21=0x00000020
       16005000	      1599	80000d28	417655b3	sra	x11,x12,x23	 x12:0x00000000 x23:0x80009f84 x11=0x00000000
       16015000	      1600	80000d2c	01ea5e63	bge	x20,x30,80000d48	 x20:0x00000001 x30:0xfffffd76
       16025000	      1601	00000000	00000013	addi	x0,x0,0	  x0:0x00000000
       16035000	      1602	80000d44	00000013	addi	x0,x0,0	  x0:0x00000000
       16045000	      1603	80000d48	413ed433	sra	x8,x29,x19	 x29:0xf39d2000 x19:0x00000001  x8=0xf9ce9000
       16055000	      1604	80000d4c	00000013	addi	x0,x0,0	  x0:0x00000000
       16065000	      1605	80000d50	03795063	bge	x18,x23,80000d70	 x18:0x00013f48 x23:0x80009f84
       16075000	      1606	00000000	00000013	addi	x0,x0,0	  x0:0x00000000
       16085000	      1607	80000d6c	00000013	addi	x0,x0,0	  x0:0x00000000
       16095000	      1608	80000d70	00000013	addi	x0,x0,0	  x0:0x00000000
       16105000	      1609	80000d74	f6732d93	slti	x27,x6,-153	  x6:0x80000b38 x27=0x00000001
       16115000	      1610	80000d78	00153ab3	sltu	x21,x10,x1	 x10:0x00000000  x1:0x00000000 x21=0x00000000
       16125000	      1611	80000d7c	41a988b3	sub	x17,x19,x26	 x19:0x00000001 x26:0x09e80000 x17=0xf6180001
       16135000	      1612	80000d80	01027663	bgeu	x4,x16,80000d8c	  x4:0x00000020 x16:0x00000005
       16145000	      1613	00000000	00000013	addi	x0,x0,0	  x0:0x00000000
       16155000	      1614	80000d88	00000013	addi	x0,x0,0	  x0:0x00000000
       16165000	      1615	80000d8c	0d078063	beq	x15,x16,80000e4c	 x15:0x80000344 x16:0x00000005
       16175000	      1616	80000d90	415689b3	sub	x19,x13,x21	 x13:0x509299e4 x21:0x00000000 x19=0x509299e4
       16185000	      1617	80000d94	2b29b713	sltiu	x14,x19,690	 x19:0x509299e4 x14=0x00000000
       16195000	      1618	80000d98	ea016d93	ori	x27,x2,-352	  x2:0x80000b50 x27=0xfffffff0
       16205000	      1619	80000d9c	b7765437	lui	x8,0xb7765	  x8=0xb7765000
       16215000	      1620	80000da0	02649463	bne	x9,x6,80000dc8	  x9:0x80009f84  x6:0x80000b38
       16225000	      1621	00000000	00000013	addi	x0,x0,0	  x0:0x00000000
       16235000	      1622	80000dc4	00000013	addi	x0,x0,0	  x0:0x00000000
       16245000	      1623	80000dc8	016c8fb3	add	x31,x25,x22	 x25:0x00000688 x22:0x00000020 x31=0x000006a8
       16255000	      1624	80000dcc	e18f7793	andi	x15,x30,-488	 x30:0xfffffd76 x15=0xfffffc10
       16265000	      1625	80000dd0	00dc6db3	or	x27,x24,x13	 x24:0x00000001 x13:0x509299e4 x27=0x509299e5
       16275000	      1626	80000dd4	008c1513	slli	x10,x24,0x8	 x24:0x00000001 x10=0x00000100
       16285000	      1627	80000dd8	020000ef	jal	x1,80000dd8	  x1=0x80000dd8
       16295000	      1628	00000000	00000013	addi	x0,x0,0	  x0:0x00000000
       16305000	      1629	80000df4	00000013	addi	x0,x0,0	  x0:0x00000000
       16315000	      1630	80000df8	014000ef	jal	x1,80000df8	  x1=0x80000df8
       16325000	      1631	00000000	00000013	addi	x0,x0,0	  x0:0x00000000
       16335000	      1632	80000e08	00000013	addi	x0,x0,0	  x0:0x00000000
       16345000	      1633	80000e0c	0300036f	jal	x6,80000e0c	  x6=0x80000e0c
       16355000	      1634	00000000	00000013	addi	x0,x0,0	  x0:0x00000000
       16365000	      1635	80000e38	00000013	addi	x0,x0,0	  x0:0x00000000
       16375000	      1636	80000e3c	fb9ff36f	jal	x6,80000e3c	  x6=0x80000e3c
       16385000	      1637	00000000	00000013	addi	x0,x0,0	  x0:0x00000000
       16395000	      1638	80000df0	00000013	addi	x0,x0,0	  x0:0x00000000
       16405000	      1639	80000df4	024000ef	jal	x1,80000df4	  x1=0x80000df4
       16415000	      1640	00000000	00000013	addi	x0,x0,0	  x0:0x00000000
       16425000	      1641	80000e14	00000013	addi	x0,x0,0	  x0:0x00000000
       16435000	      1642	80000e18	fd1ff9ef	jal	x19,80000e18	 x19=0x80000e18
       16445000	      1643	00000000	00000013	addi	x0,x0,0	  x0:0x00000000
       16455000	      1644	80000de4	00000013	addi	x0,x0,0	  x0:0x00000000
       16465000	      1645	80000de8	004000ef	jal	x1,80000de8	  x1=0x80000de8
       16475000	      1646	00000000	00000013	addi	x0,x0,0	  x0:0x00000000
       16485000	      1647	80000de8	00000013	addi	x0,x0,0	  x0:0x00000000
       16495000	      1648	80000dec	024001ef	jal	x3,80000dec	  x3=0x80000dec
       16505000	      1649	00000000	00000013	addi	x0,x0,0	  x0:0x00000000
       16515000	      1650	80000e0c	00000013	addi	x0,x0,0	  x0:0x00000000
       16525000	      1651	80000e10	010000ef	jal	x1,80000e10	  x1=0x80000e10
       16535000	      1652	00000000	00000013	addi	x0,x0,0	  x0:0x00000000
       16545000	      1653	80000e1c	00000013	addi	x0,x0,0	  x0:0x00000000
       16555000	      1654	80000e20	008006ef	jal	x13,80000e20	 x13=0x80000e20
       16565000	      1655	00000000	00000013	addi	x0,x0,0	  x0:0x00000000
       16575000	      1656	80000e24	00000013	addi	x0,x0,0	  x0:0x00000000
       16585000	      1657	80000e28	0100026f	jal	x4,80000e28	  x4=0x80000e28
       16595000	      1658	00000000	00000013	addi	x0,x0,0	  x0:0x00000000
       16605000	      1659	80000e34	00000013	addi	x0,x0,0	  x0:0x00000000
       16615000	      1660	80000e38	fd1ffdef	jal	x27,80000e38	 x27=0x80000e38
       16625000	      1661	00000000	00000013	addi	x0,x0,0	  x0:0x00000000
       16635000	      1662	80000e04	00000013	addi	x0,x0,0	  x0:0x00000000
       16645000	      1663	80000e08	ff5ff36f	jal	x6,80000e08	  x6=0x80000e08
       16655000	      1664	00000000	00000013	addi	x0,x0,0	  x0:0x00000000
       16665000	      1665	80000df8	00000013	addi	x0,x0,0	  x0:0x00000000
       16675000	      1666	80000dfc	0440036f	jal	x6,80000dfc	  x6=0x80000dfc
       16685000	      1667	00000000	00000013	addi	x0,x0,0	  x0:0x00000000
       16695000	      1668	80000e3c	00000013	addi	x0,x0,0	  x0:0x00000000
       16705000	      1669	80000e40	fddff0ef	jal	x1,80000e40	  x1=0x80000e40
       16715000	      1670	00000000	00000013	addi	x0,x0,0	  x0:0x00000000
       16725000	      1671	80000e18	00000013	addi	x0,x0,0	  x0:0x00000000
       16735000	      1672	80000e1c	014000ef	jal	x1,80000e1c	  x1=0x80000e1c
       16745000	      1673	00000000	00000013	addi	x0,x0,0	  x0:0x00000000
       16755000	      1674	80000e2c	00000013	addi	x0,x0,0	  x0:0x00000000
       16765000	      1675	80000e30	fd5ff9ef	jal	x19,80000e30	 x19=0x80000e30
       16775000	      1676	00000000	00000013	addi	x0,x0,0	  x0:0x00000000
       16785000	      1677	80000e00	00000013	addi	x0,x0,0	  x0:0x00000000
       16795000	      1678	80000e04	0300036f	jal	x6,80000e04	  x6=0x80000e04
       16805000	      1679	00000000	00000013	addi	x0,x0,0	  x0:0x00000000
       16815000	      1680	80000e30	00000013	addi	x0,x0,0	  x0:0x00000000
       16825000	      1681	80000e34	fbdffaef	jal	x21,80000e34	 x21=0x80000e34
       16835000	      1682	00000000	00000013	addi	x0,x0,0	  x0:0x00000000
       16845000	      1683	80000dec	00000013	addi	x0,x0,0	  x0:0x00000000
       16855000	      1684	80000df0	ff5ff36f	jal	x6,80000df0	  x6=0x80000df0
       16865000	      1685	00000000	00000013	addi	x0,x0,0	  x0:0x00000000
       16875000	      1686	80000de0	00000013	addi	x0,x0,0	  x0:0x00000000
       16885000	      1687	80000de4	040000ef	jal	x1,80000de4	  x1=0x80000de4
       16895000	      1688	00000000	00000013	addi	x0,x0,0	  x0:0x00000000
       16905000	      1689	80000e20	00000013	addi	x0,x0,0	  x0:0x00000000
       16915000	      1690	80000e24	00800e6f	jal	x28,80000e24	 x28=0x80000e24
       16925000	      1691	00000000	00000013	addi	x0,x0,0	  x0:0x00000000
       16935000	      1692	80000e28	00000013	addi	x0,x0,0	  x0:0x00000000
       16945000	      1693	80000e2c	fb1ff0ef	jal	x1,80000e2c	  x1=0x80000e2c
       16955000	      1694	00000000	00000013	addi	x0,x0,0	  x0:0x00000000
       16965000	      1695	80000dd8	00000013	addi	x0,x0,0	  x0:0x00000000
       16975000	      1696	80000ddc	038000ef	jal	x1,80000ddc	  x1=0x80000ddc
       16985000	      1697	00000000	00000013	addi	x0,x0,0	  x0:0x00000000
       16995000	      1698	80000e10	00000013	addi	x0,x0,0	  x0:0x00000000
       17005000	      1699	80000e14	fcdff36f	jal	x6,80000e14	  x6=0x80000e14
       17015000	      1700	00000000	00000013	addi	x0,x0,0	  x0:0x00000000
       17025000	      1701	80000ddc	00000013	addi	x0,x0,0	  x0:0x00000000
       17035000	      1702	80000de0	02000eef	jal	x29,80000de0	 x29=0x80000de0
       17045000	      1703	00000000	00000013	addi	x0,x0,0	  x0:0x00000000
       17055000	      1704	80000dfc	00000013	addi	x0,x0,0	  x0:0x00000000
       17065000	      1705	80000e00	044000ef	jal	x1,80000e00	  x1=0x80000e00
       17075000	      1706	00000000	00000013	addi	x0,x0,0	  x0:0x00000000
       17085000	      1707	80000e40	00000013	addi	x0,x0,0	  x0:0x00000000
       17095000	      1708	80000e44	e167aa13	slti	x20,x15,-490	 x15:0xfffffc10 x20=0x00000001
       17105000	      1709	80000e48	40fd03b3	sub	x7,x26,x15	 x26:0x09e80000 x15:0xfffffc10  x7=0x09e803f0
       17115000	      1710	80000e4c	01b97263	bgeu	x18,x27,80000e50	 x18:0x00013f48 x27:0x80000e38
       17125000	      1711	80000e50	00dacfb3	xor	x31,x21,x13	 x21:0x80000e34 x13:0x80000e20 x31=0x00000014
       17135000	      1712	80000e54	00e086b3	add	x13,x1,x14	  x1:0x80000e00 x14:0x00000000 x13=0x80000e00
       17145000	      1713	80000e58	403ad313	srai	x6,x21,0x3	 x21:0x80000e34  x6=0xf00001c6
       17155000	      1714	80000e5c	02caca63	blt	x21,x12,80000e90	 x21:0x80000e34 x12:0x00000000
       17165000	      1715	00000000	00000013	addi	x0,x0,0	  x0:0x00000000
       17175000	      1716	80000e8c	00000013	addi	x0,x0,0	  x0:0x00000000
       17185000	      1717	80000e90	412b8933	sub	x18,x23,x18	 x23:0x80009f84 x18:0x00013f48 x18=0x7fff603c
       17195000	      1718	80000e94	80dcc413	xori	x8,x25,-2035	 x25:0x00000688  x8=0xfffffe85
       17205000	      1719	80000e98	5d0e0313	addi	x6,x28,1488	 x28:0x80000e24  x6=0x800013f4
       17215000	      1720	80000e9c	41815b33	sra	x22,x2,x24	  x2:0x80000b50 x24:0x00000001 x22=0xc00005a8
       17225000	      1721	80000ea0	0120eeb3	or	x29,x1,x18	  x1:0x80000e00 x18:0x7fff603c x29=0xffff6e3c
       17235000	      1722	80000ea4	c468e0b7	lui	x1,0xc468e	  x1=0xc468e000
       17245000	      1723	80000ea8	01d2d463	bge	x5,x29,80000eb0	  x5:0x80009fc4 x29:0xffff6e3c
       17255000	      1724	80000eac	05edd463	bge	x27,x30,80000ef4	 x27:0x80000e38 x30:0xfffffd76
       17265000	      1725	80000eb0	c966a113	slti	x2,x13,-874	 x13:0x80000e00  x2=0x00000001
       17275000	      1726	80000eb4	03e65063	bge	x12,x30,80000ed4	 x12:0x00000000 x30:0xfffffd76
       17285000	      1727	00000000	00000013	addi	x0,x0,0	  x0:0x00000000
       17295000	      1728	80000ed0	00000013	addi	x0,x0,0	  x0:0x00000000
       17305000	      1729	80000ed4	01557a33	and	x20,x10,x21	 x10:0x00000100 x21:0x80000e34 x20=0x00000000
       17315000	      1730	80000ed8	00e20263	beq	x4,x14,80000edc	  x4:0x80000e28 x14:0x00000000
       17325000	      1731	80000edc	01156e33	or	x28,x10,x17	 x10:0x00000100 x17:0xf6180001 x28=0xf6180101
       17335000	      1732	80000ee0	01f6e5b3	or	x11,x13,x31	 x13:0x80000e00 x31:0x00000014 x11=0x80000e14
       17345000	      1733	80000ee4	00496433	or	x8,x18,x4	 x18:0x7fff603c  x4:0x80000e28  x8=0xffff6e3c
       17355000	      1734	80000ee8	08cff013	andi	x0,x31,140	 x31:0x00000014
       17365000	      1735	80000eec	05764863	blt	x12,x23,80000f3c	 x12:0x00000000 x23:0x80009f84
       17375000	      1736	80000ef0	30d339b7	lui	x19,0x30d33	 x19=0x30d33000
       17385000	      1737	80000ef4	16337c37	lui	x24,0x16337	 x24=0x16337000
       17395000	      1738	80000ef8	00a1c033	xor	x0,x3,x10	  x3:0x80000dec x10:0x00000100
       17405000	      1739	80000efc	04438863	beq	x7,x4,80000f4c	  x7:0x09e803f0  x4:0x80000e28
       17415000	      1740	80000f00	40ef8d33	sub	x26,x31,x14	 x31:0x00000014 x14:0x00000000 x26=0x00000014
       17425000	      1741	80000f04	41c880b3	sub	x1,x17,x28	 x17:0xf6180001 x28:0xf6180101  x1=0xffffff00
       17435000	      1742	80000f08	418fdfb3	sra	x31,x31,x24	 x31:0x00000014 x24:0x16337000 x31=0x00000014
       17445000	      1743	80000f0c	145c6a93	ori	x21,x24,325	 x24:0x16337000 x21=0x16337145
       17455000	      1744	80000f10	03a79a63	bne	x15,x26,80000f44	 x15:0xfffffc10 x26:0x00000014
       17465000	      1745	00000000	00000013	addi	x0,x0,0	  x0:0x00000000
       17475000	      1746	80000f40	00000013	addi	x0,x0,0	  x0:0x00000000
       17485000	      1747	80000f44	41dc56b3	sra	x13,x24,x29	 x24:0x16337000 x29:0xffff6e3c x13=0x00000001
       17495000	      1748	80000f48	015ac5b3	xor	x11,x21,x21	 x21:0x16337145 x21:0x16337145 x11=0x00000000
       17505000	      1749	80000f4c	01761393	slli	x7,x12,0x17	 x12:0x00000000  x7=0x00000000
       17515000	      1750	80000f50	41c25db3	sra	x27,x4,x28	  x4:0x80000e28 x28:0xf6180101 x27=0xc0000714
       17525000	      1751	80000f54	401f5f33	sra	x30,x30,x1	 x30:0xfffffd76  x1:0xffffff00 x30=0xfffffd76
       17535000	      1752	80000f58	65880d13	addi	x26,x16,1624	 x16:0x00000005 x26=0x0000065d
       17545000	      1753	80000f5c	40ebdc93	srai	x25,x23,0xe	 x23:0x80009f84 x25=0xfffe0002
       17555000	      1754	80000f60	0086dfb3	srl	x31,x13,x8	 x13:0x00000001  x8:0xffff6e3c x31=0x00000000
       17565000	      1755	80000f64	416a0f33	sub	x30,x20,x22	 x20:0x00000000 x22:0xc00005a8 x30=0x3ffffa58
       17575000	      1756	80000f68	0b5d8697	auipc	x13,0xb5d8	 x13=0x8b5d8f64
       17585000	      1757	80000f6c	9e785397	auipc	x7,0x9e785	  x7=0x1e785f68
       17595000	      1758	80000f70	0167fdb3	and	x27,x15,x22	 x15:0xfffffc10 x22:0xc00005a8 x27=0xc0000400
       17605000	      1759	80000f74	1e4b4993	xori	x19,x22,484	 x22:0xc00005a8 x19=0xc000044c
       17615000	      1760	80000f78	0177a033	slt	x0,x15,x23	 x15:0xfffffc10 x23:0x80009f84
       17625000	      1761	80000f7c	cac4b093	sltiu	x1,x9,-852	  x9:0x80009f84  x1=0x00000001
       17635000	      1762	80000f80	0062cab3	xor	x21,x5,x6	  x5:0x80009fc4  x6:0x800013f4 x21=0x00008c30
       17645000	      1763	80000f84	00cd5263	bge	x26,x12,80000f88	 x26:0x0000065d x12:0x00000000
       17655000	      1764	00000000	00000013	addi	x0,x0,0	  x0:0x00000000
       17665000	      1765	80000f84	00000013	addi	x0,x0,0	  x0:0x00000000
       17675000	      1766	80000f88	0051e0b3	or	x1,x3,x5	  x3:0x80000dec  x5:0x80009fc4  x1=0x80009fec
       17685000	      1767	80000f8c	0193cb33	xor	x22,x7,x25	  x7:0x1e785f68 x25:0xfffe0002 x22=0xe1865f6a
       17695000	      1768	80000f90	018a17b3	sll	x15,x20,x24	 x20:0x00000000 x24:0x16337000 x15=0x00000000
       17705000	      1769	80000f94	01627c33	and	x24,x4,x22	  x4:0x80000e28 x22:0xe1865f6a x24=0x80000e28
       17715000	      1770	80000f98	401e5533	sra	x10,x28,x1	 x28:0xf6180101  x1:0x80009fec x10=0xffff6180
       17725000	      1771	80000f9c	0101d013	srli	x0,x3,0x10	  x3:0x80000dec
       17735000	      1772	80000fa0	41d788b3	sub	x17,x15,x29	 x15:0x00000000 x29:0xffff6e3c x17=0x000091c4
       17745000	      1773	80000fa4	3238ee93	ori	x29,x17,803	 x17:0x000091c4 x29=0x000093e7
       17755000	      1774	80000fa8	62823313	sltiu	x6,x4,1576	  x4:0x80000e28  x6=0x00000000
       17765000	      1775	80000fac	01eebe33	sltu	x28,x29,x30	 x29:0x000093e7 x30:0x3ffffa58 x28=0x00000001
       17775000	      1776	80000fb0	127c7f13	andi	x30,x24,295	 x24:0x80000e28 x30=0x00000020
       17785000	      1777	80000fb4	03dc7663	bgeu	x24,x29,80000fe0	 x24:0x80000e28 x29:0x000093e7
       17795000	      1778	00000000	00000013	addi	x0,x0,0	  x0:0x00000000
       17805000	      1779	80000fdc	00000013	addi	x0,x0,0	  x0:0x00000000
       17815000	      1780	80000fe0	01980a63	beq	x16,x25,80000ff4	 x16:0x00000005 x25:0xfffe0002
       17825000	      1781	80000fe4	6366cd13	xori	x26,x13,1590	 x13:0x8b5d8f64 x26=0x8b5d8952
       17835000	      1782	80000fe8	002c1f93	slli	x31,x24,0x2	 x24:0x80000e28 x31=0x000038a0
       17845000	      1783	80000fec	71ec6013	ori	x0,x24,1822	 x24:0x80000e28
       17855000	      1784	80000ff0	413d5a93	srai	x21,x26,0x13	 x26:0x8b5d8952 x21=0xfffff16b
       17865000	      1785	80000ff4	37e78c13	addi	x24,x15,894	 x15:0x00000000 x24=0x0000037e
       17875000	      1786	80000ff8	0162f8b3	and	x17,x5,x22	  x5:0x80009fc4 x22:0xe1865f6a x17=0x80001f40
       17885000	      1787	80000ffc	00deb5b3	sltu	x11,x29,x13	 x29:0x000093e7 x13:0x8b5d8f64 x11=0x00000001
       17895000	      1788	80001000	02dc8a63	beq	x25,x13,80001034	 x25:0xfffe0002 x13:0x8b5d8f64
       17905000	      1789	80001004	0185f463	bgeu	x11,x24,8000100c	 x11:0x00000001 x24:0x0000037e
       17915000	      1790	80001008	6adabe13	sltiu	x28,x21,1709	 x21:0xfffff16b x28=0x00000000
       17925000	      1791	8000100c	00591e63	bne	x18,x5,80001028	 x18:0x7fff603c  x5:0x80009fc4
       17935000	      1792	00000000	00000013	addi	x0,x0,0	  x0:0x00000000
       17945000	      1793	80001024	00000013	addi	x0,x0,0	  x0:0x00000000
       17955000	      1794	80001028	00e69fb3	sll	x31,x13,x14	 x13:0x8b5d8f64 x14:0x00000000 x31=0x8b5d8f64
       17965000	      1795	8000102c	00c0c0b3	xor	x1,x1,x12	  x1:0x80009fec x12:0x00000000  x1=0x80009fec
       17975000	      1796	80001030	00000013	addi	x0,x0,0	  x0:0x00000000
       17985000	      1797	80001034	016111b3	sll	x3,x2,x22	  x2:0x00000001 x22:0xe1865f6a  x3=0x00000400
       17995000	      1798	80001038	01feaa33	slt	x20,x29,x31	 x29:0x000093e7 x31:0x8b5d8f64 x20=0x00000000
       18005000	      1799	8000103c	00b5bbb3	sltu	x23,x11,x11	 x11:0x00000001 x11:0x00000001 x23=0x00000000
       18015000	      1800	80001040	047d0663	beq	x26,x7,8000108c	 x26:0x8b5d8952  x7:0x1e785f68
       18025000	      1801	80001044	41068733	sub	x14,x13,x16	 x13:0x8b5d8f64 x16:0x00000005 x14=0x8b5d8f5f
       18035000	      1802	80001048	00e00eb3	add	x29,x0,x14	  x0:0x00000000 x14:0x8b5d8f5f x29=0x8b5d8f5f
       18045000	      1803	8000104c	029e8063	beq	x29,x9,8000106c	 x29:0x8b5d8f5f  x9:0x80009f84
       18055000	      1804	80001050	27f23b93	sltiu	x23,x4,639	  x4:0x80000e28 x23=0x00000000
       18065000	      1805	80001054	002f5313	srli	x6,x30,0x2	 x30:0x00000020  x6=0x00000008
       18075000	      1806	80001058	01191663	bne	x18,x17,80001064	 x18:0x7fff603c x17:0x80001f40
       18085000	      1807	00000000	00000013	addi	x0,x0,0	  x0:0x00000000
       18095000	      1808	80001060	00000013	addi	x0,x0,0	  x0:0x00000000
       18105000	      1809	80001064	0084f133	and	x2,x9,x8	  x9:0x80009f84  x8:0xffff6e3c  x2=0x80000e04
       18115000	      1810	80001068	458cc117	auipc	x2,0x458cc	  x2=0xc58cd064
       18125000	      1811	8000106c	00206263	bltu	x0,x2,80001070	  x0:0x00000000  x2:0xc58cd064
       18135000	      1812	00000000	00000013	addi	x0,x0,0	  x0:0x00000000
       18145000	      1813	8000106c	00000013	addi	x0,x0,0	  x0:0x00000000
       18155000	      1814	80001070	009c7633	and	x12,x24,x9	 x24:0x0000037e  x9:0x80009f84 x12=0x00000304
       18165000	      1815	80001074	00f7b1b3	sltu	x3,x15,x15	 x15:0x00000000 x15:0x00000000  x3=0x00000000
       18175000	      1816	80001078	00c1c233	xor	x4,x3,x12	  x3:0x00000000 x12:0x00000304  x4=0x00000304
       18185000	      1817	8000107c	40e2deb3	sra	x29,x5,x14	  x5:0x80009fc4 x14:0x8b5d8f5f x29=0xffffffff
       18195000	      1818	80001080	41d306b3	sub	x13,x6,x29	  x6:0x00000008 x29:0xffffffff x13=0x00000009
       18205000	      1819	80001084	01bcf333	and	x6,x25,x27	 x25:0xfffe0002 x27:0xc0000400  x6=0xc0000000
       18215000	      1820	80001088	05f88663	beq	x17,x31,800010d4	 x17:0x80001f40 x31:0x8b5d8f64
       18225000	      1821	8000108c	ca463093	sltiu	x1,x12,-860	 x12:0x00000304  x1=0x00000001
       18235000	      1822	80001090	04225863	bge	x4,x2,800010e0	  x4:0x00000304  x2:0xc58cd064
       18245000	      1823	00000000	00000013	addi	x0,x0,0	  x0:0x00000000
       18255000	      1824	800010dc	00000013	addi	x0,x0,0	  x0:0x00000000
       18265000	      1825	800010e0	0083a7b3	slt	x15,x7,x8	  x7:0x1e785f68  x8:0xffff6e3c x15=0x00000000
       18275000	      1826	800010e4	00d0df13	srli	x30,x1,0xd	  x1:0x00000001 x30=0x00000000
       18285000	      1827	800010e8	09947417	auipc	x8,0x9947	  x8=0x899480e4
       18295000	      1828	800010ec	011b97b3	sll	x15,x23,x17	 x23:0x00000000 x17:0x80001f40 x15=0x00000000
       18305000	      1829	800010f0	00ef8a33	add	x20,x31,x14	 x31:0x8b5d8f64 x14:0x8b5d8f5f x20=0x16bb1ec3
       18315000	      1830	800010f4	02200c63	beq	x0,x2,8000112c	  x0:0x00000000  x2:0xc58cd064
       18325000	      1831	800010f8	00bc9b13	slli	x22,x25,0xb	 x25:0xfffe0002 x22=0xf0001000
       18335000	      1832	800010fc	01484b33	xor	x22,x16,x20	 x16:0x00000005 x20:0x16bb1ec3 x22=0x16bb1ec6
       18345000	      1833	80001100	41b95933	sra	x18,x18,x27	 x18:0x7fff603c x27:0xc0000400 x18=0x7fff603c
       18355000	      1834	80001104	99963a13	sltiu	x20,x12,-1639	 x12:0x00000304 x20=0x00000001
       18365000	      1835	80001108	015ada93	srli	x21,x21,0x15	 x21:0xfffff16b x21=0x000007ff
       18375000	      1836	8000110c	00eafe33	and	x28,x21,x14	 x21:0x000007ff x14:0x8b5d8f5f x28=0x0000075f
       18385000	      1837	80001110	003a97b3	sll	x15,x21,x3	 x21:0x000007ff  x3:0x00000000 x15=0x000007ff
       18395000	      1838	80001114	00000013	addi	x0,x0,0	  x0:0x00000000
       18405000	      1839	80001118	011710b3	sll	x1,x14,x17	 x14:0x8b5d8f5f x17:0x80001f40  x1=0x8b5d8f5f
       18415000	      1840	8000111c	00315db3	srl	x27,x2,x3	  x2:0xc58cd064  x3:0x00000000 x27=0xc58cd064
       18425000	      1841	80001120	40690e33	sub	x28,x18,x6	 x18:0x7fff603c  x6:0xc0000000 x28=0xbfff603c
       18435000	      1842	80001124	01ab0733	add	x14,x22,x26	 x22:0x16bb1ec6 x26:0x8b5d8952 x14=0xa218a818
       18445000	      1843	80001128	02878663	beq	x15,x8,80001154	 x15:0x000007ff  x8:0x899480e4
       18455000	      1844	8000112c	00609a63	bne	x1,x6,80001140	  x1:0x8b5d8f5f  x6:0xc0000000
       18465000	      1845	00000000	00000013	addi	x0,x0,0	  x0:0x00000000
       18475000	      1846	8000113c	00000013	addi	x0,x0,0	  x0:0x00000000
       18485000	      1847	80001140	013defb3	or	x31,x27,x19	 x27:0xc58cd064 x19:0xc000044c x31=0xc58cd46c
       18495000	      1848	80001144	04408863	beq	x1,x4,80001194	  x1:0x8b5d8f5f  x4:0x00000304
       18505000	      1849	80001148	00f59663	bne	x11,x15,80001154	 x11:0x00000001 x15:0x000007ff
       18515000	      1850	00000000	00000013	addi	x0,x0,0	  x0:0x00000000
       18525000	      1851	80001150	00000013	addi	x0,x0,0	  x0:0x00000000
       18535000	      1852	80001154	00780b33	add	x22,x16,x7	 x16:0x00000005  x7:0x1e785f68 x22=0x1e785f6d
       18545000	      1853	80001158	007d3ab3	sltu	x21,x26,x7	 x26:0x8b5d8952  x7:0x1e785f68 x21=0x00000000
       18555000	      1854	8000115c	00000013	addi	x0,x0,0	  x0:0x00000000
       18565000	      1855	80001160	019f3e37	lui	x28,0x19f3	 x28=0x019f3000
       18575000	      1856	80001164	01eb10b3	sll	x1,x22,x30	 x22:0x1e785f6d x30:0x00000000  x1=0x1e785f6d
       18585000	      1857	80001168	00b67463	bgeu	x12,x11,80001170	 x12:0x00000304 x11:0x00000001
       18595000	      1858	00000000	00000013	addi	x0,x0,0	  x0:0x00000000
       18605000	      1859	8000116c	00000013	addi	x0,x0,0	  x0:0x00000000
       18615000	      1860	80001170	01dcb1b3	sltu	x3,x25,x29	 x25:0xfffe0002 x29:0xffffffff  x3=0x00000001
       18625000	      1861	80001174	025f9063	bne	x31,x5,80001194	 x31:0xc58cd46c  x5:0x80009fc4
       18635000	      1862	00000000	00000013	addi	x0,x0,0	  x0:0x00000000
       18645000	      1863	80001190	00000013	addi	x0,x0,0	  x0:0x00000000
       18655000	      1864	80001194	04288663	beq	x17,x2,800011e0	 x17:0x80001f40  x2:0xc58cd064
       18665000	      1865	80001198	01769533	sll	x10,x13,x23	 x13:0x00000009 x23:0x00000000 x10=0x00000009
       18675000	      1866	8000119c	37af6c13	ori	x24,x30,890	 x30:0x00000000 x24=0x0000037a
       18685000	      1867	800011a0	01a7a333	slt	x6,x15,x26	 x15:0x000007ff x26:0x8b5d8952  x6=0x00000000
       18695000	      1868	800011a4	05841863	bne	x8,x24,800011f4	  x8:0x899480e4 x24:0x0000037a
       18705000	      1869	00000000	00000013	addi	x0,x0,0	  x0:0x00000000
       18715000	      1870	800011f0	00000013	addi	x0,x0,0	  x0:0x00000000
       18725000	      1871	800011f4	03bce663	bltu	x25,x27,80001220	 x25:0xfffe0002 x27:0xc58cd064
       18735000	      1872	800011f8	41728bb3	sub	x23,x5,x23	  x5:0x80009fc4 x23:0x00000000 x23=0x80009fc4
       18745000	      1873	800011fc	0149c433	xor	x8,x19,x20	 x19:0xc000044c x20:0x00000001  x8=0xc000044d
       18755000	      1874	80001200	00e54f33	xor	x30,x10,x14	 x10:0x00000009 x14:0xa218a818 x30=0xa218a811
       18765000	      1875	80001204	011c1713	slli	x14,x24,0x11	 x24:0x0000037a x14=0x06f40000
       18775000	      1876	80001208	01a5f1b3	and	x3,x11,x26	 x11:0x00000001 x26:0x8b5d8952  x3=0x00000000
       18785000	      1877	8000120c	01353c33	sltu	x24,x10,x19	 x10:0x00000009 x19:0xc000044c x24=0x00000001
       18795000	      1878	80001210	ce342713	slti	x14,x8,-797	  x8:0xc000044d x14=0x00000001
       18805000	      1879	80001214	009820b3	slt	x1,x16,x9	 x16:0x00000005  x9:0x80009f84  x1=0x00000000
       18815000	      1880	80001218	48a6ec93	ori	x25,x13,1162	 x13:0x00000009 x25=0x0000048b
       18825000	      1881	8000121c	031c4463	blt	x24,x17,80001244	 x24:0x00000001 x17:0x80001f40
       18835000	      1882	80001220	00cc97b3	sll	x15,x25,x12	 x25:0x0000048b x12:0x00000304 x15=0x000048b0
       18845000	      1883	80001224	41b95a93	srai	x21,x18,0x1b	 x18:0x7fff603c x21=0x0000000f
       18855000	      1884	80001228	008ed613	srli	x12,x29,0x8	 x29:0xffffffff x12=0x00ffffff
       18865000	      1885	8000122c	c70c8b93	addi	x23,x25,-912	 x25:0x0000048b x23=0x000000fb
       18875000	      1886	80001230	4172d433	sra	x8,x5,x23	  x5:0x80009fc4 x23:0x000000fb  x8=0xfffffff0
       18885000	      1887	80001234	03f7ee63	bltu	x15,x31,80001270	 x15:0x000048b0 x31:0xc58cd46c
       18895000	      1888	00000000	00000013	addi	x0,x0,0	  x0:0x00000000
       18905000	      1889	8000126c	00000013	addi	x0,x0,0	  x0:0x00000000
       18915000	      1890	80001270	795c5a97	auipc	x21,0x795c5	 x21=0xf95c626c
       18925000	      1891	80001274	d313ff93	andi	x31,x7,-719	  x7:0x1e785f68 x31=0x1e785d20
       18935000	      1892	80001278	03e31c63	bne	x6,x30,800012b0	  x6:0x00000000 x30:0xa218a811
       18945000	      1893	00000000	00000013	addi	x0,x0,0	  x0:0x00000000
       18955000	      1894	800012ac	00000013	addi	x0,x0,0	  x0:0x00000000
       18965000	      1895	800012b0	014f9333	sll	x6,x31,x20	 x31:0x1e785d20 x20:0x00000001  x6=0x3cf0ba40
       18975000	      1896	800012b4	005dd263	bge	x27,x5,800012b8	 x27:0xc58cd064  x5:0x80009fc4
       18985000	      1897	00000000	00000013	addi	x0,x0,0	  x0:0x00000000
       18995000	      1898	800012b4	00000013	addi	x0,x0,0	  x0:0x00000000
       19005000	      1899	800012b8	84764b93	xori	x23,x12,-1977	 x12:0x00ffffff x23=0xff0007b8
       19015000	      1900	800012bc	02416213	ori	x4,x2,36	  x2:0xc58cd064  x4=0xc58cd064
       19025000	      1901	800012c0	03647a63	bgeu	x8,x22,800012f4	  x8:0xfffffff0 x22:0x1e785f6d
       19035000	      1902	00000000	00000013	addi	x0,x0,0	  x0:0x00000000
       19045000	      1903	800012f0	00000013	addi	x0,x0,0	  x0:0x00000000
       19055000	      1904	800012f4	00000013	addi	x0,x0,0	  x0:0x00000000
       19065000	      1905	800012f8	7a203093	sltiu	x1,x0,1954	  x0:0x00000000  x1=0x00000001
       19075000	      1906	800012fc	7429bc13	sltiu	x24,x19,1858	 x19:0xc000044c x24=0x00000000
       19085000	      1907	80001300	61b44f93	xori	x31,x8,1563	  x8:0xfffffff0 x31=0xfffff9eb
       19095000	      1908	80001304	03b35a63	bge	x6,x27,80001338	  x6:0x3cf0ba40 x27:0xc58cd064
       19105000	      1909	00000000	00000013	addi	x0,x0,0	  x0:0x00000000
       19115000	      1910	80001334	00000013	addi	x0,x0,0	  x0:0x00000000
       19125000	      1911	80001338	00785333	srl	x6,x16,x7	 x16:0x00000005  x7:0x1e785f68  x6=0x00000000
       19135000	      1912	8000133c	011e5093	srli	x1,x28,0x11	 x28:0x019f3000  x1=0x000000cf
       19145000	      1913	80001340	06acef13	ori	x30,x25,106	 x25:0x0000048b x30=0x000004eb
       19155000	      1914	80001344	a9c77513	andi	x10,x14,-1380	 x14:0x00000001 x10=0x00000000
       19165000	      1915	80001348	41825433	sra	x8,x4,x24	  x4:0xc58cd064 x24:0x00000000  x8=0xc58cd064
       19175000	      1916	8000134c	ffdafa93	andi	x21,x21,-3	 x21:0xf95c626c x21=0xf95c626c
       19185000	      1917	80001350	3a9f3413	sltiu	x8,x30,937	 x30:0x000004eb  x8=0x00000000
       19195000	      1918	80001354	00fbc733	xor	x14,x23,x15	 x23:0xff0007b8 x15:0x000048b0 x14=0xff004f08
       19205000	      1919	80001358	02dec063	blt	x29,x13,80001378	 x29:0xffffffff x13:0x00000009
       19215000	      1920	00000000	00000013	addi	x0,x0,0	  x0:0x00000000
       19225000	      1921	80001374	00000013	addi	x0,x0,0	  x0:0x00000000
       19235000	      1922	80001378	00000013	addi	x0,x0,0	  x0:0x00000000
       19245000	      1923	8000137c	00000013	addi	x0,x0,0	  x0:0x00000000
       19255000	      1924	80001380	01679f13	slli	x30,x15,0x16	 x15:0x000048b0 x30=0x2c000000
       19265000	      1925	80001384	95693b93	sltiu	x23,x18,-1706	 x18:0x7fff603c x23=0x00000001
       19275000	      1926	80001388	011fa3b3	slt	x7,x31,x17	 x31:0xfffff9eb x17:0x80001f40  x7=0x00000000
       19285000	      1927	8000138c	039b8a63	beq	x23,x25,800013c0	 x23:0x00000001 x25:0x0000048b
       19295000	      1928	80001390	00d84e63	blt	x16,x13,800013ac	 x16:0x00000005 x13:0x00000009
       19305000	      1929	00000000	00000013	addi	x0,x0,0	  x0:0x00000000
       19315000	      1930	800013a8	00000013	addi	x0,x0,0	  x0:0x00000000
       19325000	      1931	800013ac	21600717	auipc	x14,0x21600	 x14=0xa16013a8
       19335000	      1932	800013b0	40edd433	sra	x8,x27,x14	 x27:0xc58cd064 x14:0xa16013a8  x8=0xffc58cd0
       19345000	      1933	800013b4	01141db3	sll	x27,x8,x17	  x8:0xffc58cd0 x17:0x80001f40 x27=0xffc58cd0
       19355000	      1934	800013b8	3ae07593	andi	x11,x0,942	  x0:0x00000000 x11=0x00000000
       19365000	      1935	800013bc	01265d13	srli	x26,x12,0x12	 x12:0x00ffffff x26=0x0000003f
       19375000	      1936	800013c0	c0414313	xori	x6,x2,-1020	  x2:0xc58cd064  x6=0x3a732c60
       19385000	      1937	800013c4	f7c73f93	sltiu	x31,x14,-132	 x14:0xa16013a8 x31=0x00000001
       19395000	      1938	800013c8	002a1713	slli	x14,x20,0x2	 x20:0x00000001 x14=0x00000004
       19405000	      1939	800013cc	ceb2b437	lui	x8,0xceb2b	  x8=0xceb2b000
       19415000	      1940	800013d0	00000013	addi	x0,x0,0	  x0:0x00000000
       19425000	      1941	800013d4	015a2633	slt	x12,x20,x21	 x20:0x00000001 x21:0xf95c626c x12=0x00000000
       19435000	      1942	800013d8	6ad0b7b7	lui	x15,0x6ad0b	 x15=0x6ad0b000
       19445000	      1943	800013dc	00b248b3	xor	x17,x4,x11	  x4:0xc58cd064 x11:0x00000000 x17=0xc58cd064
       19455000	      1944	800013e0	01d80bb3	add	x23,x16,x29	 x16:0x00000005 x29:0xffffffff x23=0x00000004
       19465000	      1945	800013e4	54f60593	addi	x11,x12,1359	 x12:0x00000000 x11=0x0000054f
       19475000	      1946	800013e8	01ffd8b3	srl	x17,x31,x31	 x31:0x00000001 x31:0x00000001 x17=0x00000000
       19485000	      1947	800013ec	c43b85b7	lui	x11,0xc43b8	 x11=0xc43b8000
       19495000	      1948	800013f0	4167df13	srai	x30,x15,0x16	 x15:0x6ad0b000 x30=0x000001ab
       19505000	      1949	800013f4	0d5c0693	addi	x13,x24,213	 x24:0x00000000 x13=0x000000d5
       19515000	      1950	800013f8	01c2f263	bgeu	x5,x28,800013fc	  x5:0x80009fc4 x28:0x019f3000
       19525000	      1951	00000000	00000013	addi	x0,x0,0	  x0:0x00000000
       19535000	      1952	800013f8	00000013	addi	x0,x0,0	  x0:0x00000000
       19545000	      1953	800013fc	b1c90013	addi	x0,x18,-1252	 x18:0x7fff603c
       19555000	      1954	80001400	4013d713	srai	x14,x7,0x1	  x7:0x00000000 x14=0x00000000
       19565000	      1955	80001404	01b7bd33	sltu	x26,x15,x27	 x15:0x6ad0b000 x27:0xffc58cd0 x26=0x00000001
       19575000	      1956	80001408	1c110213	addi	x4,x2,449	  x2:0xc58cd064  x4=0xc58cd225
       19585000	      1957	8000140c	0154a133	slt	x2,x9,x21	  x9:0x80009f84 x21:0xf95c626c  x2=0x00000001
       19595000	      1958	80001410	37a84217	auipc	x4,0x37a84	  x4=0xb7a8540c
       19605000	      1959	80001414	00f9ca63	blt	x19,x15,80001428	 x19:0xc000044c x15:0x6ad0b000
       19615000	      1960	00000000	00000013	addi	x0,x0,0	  x0:0x00000000
       19625000	      1961	80001424	00000013	addi	x0,x0,0	  x0:0x00000000
       19635000	      1962	80001428	40288bb3	sub	x23,x17,x2	 x17:0x00000000  x2:0x00000001 x23=0xffffffff
       19645000	      1963	8000142c	009959b3	srl	x19,x18,x9	 x18:0x7fff603c  x9:0x80009f84 x19=0x07fff603
       19655000	      1964	80001430	01fcdfb3	srl	x31,x25,x31	 x25:0x0000048b x31:0x00000001 x31=0x00000245
       19665000	      1965	80001434	02fade63	bge	x21,x15,80001470	 x21:0xf95c626c x15:0x6ad0b000
       19675000	      1966	80001438	005d9713	slli	x14,x27,0x5	 x27:0xffc58cd0 x14=0xf8b19a00
       19685000	      1967	8000143c	003f79b3	and	x19,x30,x3	 x30:0x000001ab  x3:0x00000000 x19=0x00000000
       19695000	      1968	80001440	27d44e93	xori	x29,x8,637	  x8:0xceb2b000 x29=0xceb2b27d
       19705000	      1969	80001444	01b780b3	add	x1,x15,x27	 x15:0x6ad0b000 x27:0xffc58cd0  x1=0x6a963cd0
       19715000	      1970	80001448	002d9093	slli	x1,x27,0x2	 x27:0xffc58cd0  x1=0xff163340
       19725000	      1971	8000144c	00650cb3	add	x25,x10,x6	 x10:0x00000000  x6:0x3a732c60 x25=0x3a732c60
       19735000	      1972	80001450	00121e13	slli	x28,x4,0x1	  x4:0xb7a8540c x28=0x6f50a818
       19745000	      1973	80001454	00ed6e33	or	x28,x26,x14	 x26:0x00000001 x14:0xf8b19a00 x28=0xf8b19a01
       19755000	      1974	80001458	01ca0f33	add	x30,x20,x28	 x20:0x00000001 x28:0xf8b19a01 x30=0xf8b19a02
       19765000	      1975	8000145c	fbfbcf93	xori	x31,x23,-65	 x23:0xffffffff x31=0x00000040
       19775000	      1976	80001460	68d38c93	addi	x25,x7,1677	  x7:0x00000000 x25=0x0000068d
       19785000	      1977	80001464	4513af13	slti	x30,x7,1105	  x7:0x00000000 x30=0x00000001
       19795000	      1978	80001468	03c2c663	blt	x5,x28,80001494	  x5:0x80009fc4 x28:0xf8b19a01
       19805000	      1979	00000000	00000013	addi	x0,x0,0	  x0:0x00000000
       19815000	      1980	80001490	00000013	addi	x0,x0,0	  x0:0x00000000
       19825000	      1981	80001494	00a49b33	sll	x22,x9,x10	  x9:0x80009f84 x10:0x00000000 x22=0x80009f84
       19835000	      1982	80001498	40855eb3	sra	x29,x10,x8	 x10:0x00000000  x8:0xceb2b000 x29=0x00000000
       19845000	      1983	8000149c	00000013	addi	x0,x0,0	  x0:0x00000000
       19855000	      1984	800014a0	001a8933	add	x18,x21,x1	 x21:0xf95c626c  x1:0xff163340 x18=0xf87295ac
       19865000	      1985	800014a4	c988a393	slti	x7,x17,-872	 x17:0x00000000  x7=0x00000000
       19875000	      1986	800014a8	00b58bb3	add	x23,x11,x11	 x11:0xc43b8000 x11:0xc43b8000 x23=0x88770000
       19885000	      1987	800014ac	81b9f613	andi	x12,x19,-2021	 x19:0x00000000 x12=0x00000000
       19895000	      1988	800014b0	04e9c663	blt	x19,x14,800014fc	 x19:0x00000000 x14:0xf8b19a00
       19905000	      1989	800014b4	05b55863	bge	x10,x27,80001504	 x10:0x00000000 x27:0xffc58cd0
       19915000	      1990	00000000	00000013	addi	x0,x0,0	  x0:0x00000000
       19925000	      1991	80001500	00000013	addi	x0,x0,0	  x0:0x00000000
       19935000	      1992	80001504	01e46263	bltu	x8,x30,80001508	  x8:0xceb2b000 x30:0x00000001
       19945000	      1993	80001508	00d4cc63	blt	x9,x13,80001520	  x9:0x80009f84 x13:0x000000d5
       19955000	      1994	00000000	00000013	addi	x0,x0,0	  x0:0x00000000
       19965000	      1995	8000151c	00000013	addi	x0,x0,0	  x0:0x00000000
       19975000	      1996	80001520	00000013	addi	x0,x0,0	  x0:0x00000000
       19985000	      1997	80001524	bef50d93	addi	x27,x10,-1041	 x10:0x00000000 x27=0xfffffbef
       19995000	      1998	80001528	3f8db213	sltiu	x4,x27,1016	 x27:0xfffffbef  x4=0x00000000
       20005000	      1999	8000152c	00000013	addi	x0,x0,0	  x0:0x00000000
       20015000	      2000	80001530	01125c33	srl	x24,x4,x17	  x4:0x00000000 x17:0x00000000 x24=0x00000000
       20025000	      2001	80001534	400cdd93	srai	x27,x25,0x0	 x25:0x0000068d x27=0x0000068d
       20035000	      2002	80001538	fd658a93	addi	x21,x11,-42	 x11:0xc43b8000 x21=0xc43b7fd6
       20045000	      2003	8000153c	418b5c93	srai	x25,x22,0x18	 x22:0x80009f84 x25=0xffffff80
       20055000	      2004	80001540	01cad5b3	srl	x11,x21,x28	 x21:0xc43b7fd6 x28:0xf8b19a01 x11=0x621dbfeb
       20065000	      2005	80001544	1e177c13	andi	x24,x14,481	 x14:0xf8b19a00 x24=0x00000000
       20075000	      2006	80001548	018545b3	xor	x11,x10,x24	 x10:0x00000000 x24:0x00000000 x11=0x00000000
       20085000	      2007	8000154c	030b4063	blt	x22,x16,8000156c	 x22:0x80009f84 x16:0x00000005
       20095000	      2008	00000000	00000013	addi	x0,x0,0	  x0:0x00000000
       20105000	      2009	80001568	00000013	addi	x0,x0,0	  x0:0x00000000
       20115000	      2010	8000156c	015a1b13	slli	x22,x20,0x15	 x20:0x00000001 x22=0x00200000
       20125000	      2011	80001570	038ee063	bltu	x29,x24,80001590	 x29:0x00000000 x24:0x00000000
       20135000	      2012	80001574	0012ecb3	or	x25,x5,x1	  x5:0x80009fc4  x1:0xff163340 x25=0xff16bfc4
       20145000	      2013	80001578	010e1c13	slli	x24,x28,0x10	 x28:0xf8b19a01 x24=0x9a010000
       20155000	      2014	8000157c	01fa1d33	sll	x26,x20,x31	 x20:0x00000001 x31:0x00000040 x26=0x00000001
       20165000	      2015	80001580	008c5033	srl	x0,x24,x8	 x24:0x9a010000  x8:0xceb2b000
       20175000	      2016	80001584	014ac1b3	xor	x3,x21,x20	 x21:0xc43b7fd6 x20:0x00000001  x3=0xc43b7fd7
       20185000	      2017	80001588	001eebb3	or	x23,x29,x1	 x29:0x00000000  x1:0xff163340 x23=0xff163340
       20195000	      2018	8000158c	0076d663	bge	x13,x7,80001598	 x13:0x000000d5  x7:0x00000000
       20205000	      2019	00000000	00000013	addi	x0,x0,0	  x0:0x00000000
       20215000	      2020	80001594	00000013	addi	x0,x0,0	  x0:0x00000000
       20225000	      2021	80001598	00f5d313	srli	x6,x11,0xf	 x11:0x00000000  x6=0x00000000
       20235000	      2022	8000159c	0c956513	ori	x10,x10,201	 x10:0x00000000 x10=0x000000c9
       20245000	      2023	800015a0	074ded93	ori	x27,x27,116	 x27:0x0000068d x27=0x000006fd
       20255000	      2024	800015a4	03c69263	bne	x13,x28,800015c8	 x13:0x000000d5 x28:0xf8b19a01
       20265000	      2025	00000000	00000013	addi	x0,x0,0	  x0:0x00000000
       20275000	      2026	800015c4	00000013	addi	x0,x0,0	  x0:0x00000000
       20285000	      2027	800015c8	01833cb3	sltu	x25,x6,x24	  x6:0x00000000 x24:0x9a010000 x25=0x00000001
       20295000	      2028	800015cc	03970463	beq	x14,x25,800015f4	 x14:0xf8b19a00 x25:0x00000001
       20305000	      2029	800015d0	01c015b3	sll	x11,x0,x28	  x0:0x00000000 x28:0xf8b19a01 x11=0x00000000
       20315000	      2030	800015d4	e37c0613	addi	x12,x24,-457	 x24:0x9a010000 x12=0x9a00fe37
       20325000	      2031	800015d8	aa660417	auipc	x8,0xaa660	  x8=0x2a6615d4
       20335000	      2032	800015dc	01f41c93	slli	x25,x8,0x1f	  x8:0x2a6615d4 x25=0x00000000
       20345000	      2033	800015e0	033bf663	bgeu	x23,x19,8000160c	 x23:0xff163340 x19:0x00000000
       20355000	      2034	00000000	00000013	addi	x0,x0,0	  x0:0x00000000
       20365000	      2035	80001608	00000013	addi	x0,x0,0	  x0:0x00000000
       20375000	      2036	8000160c	7f847593	andi	x11,x8,2040	  x8:0x2a6615d4 x11=0x000005d0
       20385000	      2037	80001610	4f080a93	addi	x21,x16,1264	 x16:0x00000005 x21=0x000004f5
       20395000	      2038	80001614	5e6ae693	ori	x13,x21,1510	 x21:0x000004f5 x13=0x000005f7
       20405000	      2039	80001618	00001617	auipc	x12,0x1	 x12=0x80002614
       20415000	      2040	8000161c	a6860613	addi	x12,x12,-1432	 x12:0x80002614 x12=0x8000207c
       20425000	      2041	80001620	a33268b7	lui	x17,0xa3326	 x17=0xa3326000
       20435000	      2042	80001624	b1de3797	auipc	x15,0xb1de3	 x15=0x31de4620
       20445000	      2043	80001628	f9160613	addi	x12,x12,-111	 x12:0x8000207c x12=0x8000200d
       20455000	      2044	8000162c	005a1093	slli	x1,x20,0x5	 x20:0x00000001  x1=0x00000020
       20465000	      2045	80001630	0103dd93	srli	x27,x7,0x10	  x7:0x00000000 x27=0x00000000
       20475000	      2046	80001634	00020863	beq	x4,x0,80001644	  x4:0x00000000  x0:0x00000000
       20485000	      2047	00000000	00000013	addi	x0,x0,0	  x0:0x00000000
       20495000	      2048	80001640	00000013	addi	x0,x0,0	  x0:0x00000000
       20505000	      2049	80001644	070600e7	jalr	x1,x12,112	 x12:0x8000200d  x1=0x80001644
       20515000	      2050	00000000	00000013	addi	x0,x0,0	  x0:0x00000000
       20525000	      2051	8000207c	00000013	addi	x0,x0,0	  x0:0x00000000
       20535000	      2052	80002080	40538cb3	sub	x25,x7,x5	  x7:0x00000000  x5:0x80009fc4 x25=0x7fff603c
       20545000	      2053	80002084	0173b133	sltu	x2,x7,x23	  x7:0x00000000 x23:0xff163340  x2=0x00000001
       20555000	      2054	80002088	01dd1cb3	sll	x25,x26,x29	 x26:0x00000001 x29:0x00000000 x25=0x00000001
       20565000	      2055	8000208c	005cde13	srli	x28,x25,0x5	 x25:0x00000001 x28=0x00000000
       20575000	      2056	80002090	0188ee33	or	x28,x17,x24	 x17:0xa3326000 x24:0x9a010000 x28=0xbb336000
       20585000	      2057	80002094	fec48493	addi	x9,x9,-20	  x9:0x80009f84  x9=0x80009f70
       20595000	      2058	80002098	0014a223	sw	x1,4(x9)	  x9:0x80009f70  x1:0x80001644 PA:0x80009f74
       20605000	      2059	8000209c	01b15393	srli	x7,x2,0x1b	  x2:0x00000001  x7=0x00000000
       20615000	      2060	800020a0	013b8d33	add	x26,x23,x19	 x23:0xff163340 x19:0x00000000 x26=0xff163340
       20625000	      2061	800020a4	01a7d893	srli	x17,x15,0x1a	 x15:0x31de4620 x17=0x0000000c
       20635000	      2062	800020a8	017e73b3	and	x7,x28,x23	 x28:0xbb336000 x23:0xff163340  x7=0xbb122000
       20645000	      2063	800020ac	00e94033	xor	x0,x18,x14	 x18:0xf87295ac x14:0xf8b19a00
       20655000	      2064	800020b0	015c9c93	slli	x25,x25,0x15	 x25:0x00000001 x25=0x00200000
       20665000	      2065	800020b4	b0884d93	xori	x27,x16,-1272	 x16:0x00000005 x27=0xfffffb0d
       20675000	      2066	800020b8	1ba5b913	sltiu	x18,x11,442	 x11:0x000005d0 x18=0x00000000
       20685000	      2067	800020bc	4072d693	srai	x13,x5,0x7	  x5:0x80009fc4 x13=0xff00013f
       20695000	      2068	800020c0	f1f23093	sltiu	x1,x4,-225	  x4:0x00000000  x1=0x00000001
       20705000	      2069	800020c4	440000ef	jal	x1,800020c4	  x1=0x800020c4
       20715000	      2070	00000000	00000013	addi	x0,x0,0	  x0:0x00000000
       20725000	      2071	80002500	00000013	addi	x0,x0,0	  x0:0x00000000
       20735000	      2072	80002504	4075d133	sra	x2,x11,x7	 x11:0x000005d0  x7:0xbb122000  x2=0x000005d0
       20745000	      2073	80002508	fcc48493	addi	x9,x9,-52	  x9:0x80009f70  x9=0x80009f3c
       20755000	      2074	8000250c	00e55533	srl	x10,x10,x14	 x10:0x000000c9 x14:0xf8b19a00 x10=0x000000c9
       20765000	      2075	80002510	0014a223	sw	x1,4(x9)	  x9:0x80009f3c  x1:0x800020c4 PA:0x80009f40
       20775000	      2076	80002514	01f7de33	srl	x28,x15,x31	 x15:0x31de4620 x31:0x00000040 x28=0x31de4620
       20785000	      2077	80002518	0069d393	srli	x7,x19,0x6	 x19:0x00000000  x7=0x00000000
       20795000	      2078	8000251c	000eafb3	slt	x31,x29,x0	 x29:0x00000000  x0:0x00000000 x31=0x00000000
       20805000	      2079	80002520	010000ef	jal	x1,80002520	  x1=0x80002520
       20815000	      2080	00000000	00000013	addi	x0,x0,0	  x0:0x00000000
       20825000	      2081	8000252c	00000013	addi	x0,x0,0	  x0:0x00000000
       20835000	      2082	80002530	00c0036f	jal	x6,80002530	  x6=0x80002530
       20845000	      2083	00000000	00000013	addi	x0,x0,0	  x0:0x00000000
       20855000	      2084	80002538	00000013	addi	x0,x0,0	  x0:0x00000000
       20865000	      2085	8000253c	008000ef	jal	x1,8000253c	  x1=0x8000253c
       20875000	      2086	00000000	00000013	addi	x0,x0,0	  x0:0x00000000
       20885000	      2087	80002540	00000013	addi	x0,x0,0	  x0:0x00000000
       20895000	      2088	80002544	fe1fffef	jal	x31,80002544	 x31=0x80002544
       20905000	      2089	00000000	00000013	addi	x0,x0,0	  x0:0x00000000
       20915000	      2090	80002520	00000013	addi	x0,x0,0	  x0:0x00000000
       20925000	      2091	80002524	010000ef	jal	x1,80002524	  x1=0x80002524
       20935000	      2092	00000000	00000013	addi	x0,x0,0	  x0:0x00000000
       20945000	      2093	80002530	00000013	addi	x0,x0,0	  x0:0x00000000
       20955000	      2094	80002534	014000ef	jal	x1,80002534	  x1=0x80002534
       20965000	      2095	00000000	00000013	addi	x0,x0,0	  x0:0x00000000
       20975000	      2096	80002544	00000013	addi	x0,x0,0	  x0:0x00000000
       20985000	      2097	80002548	ff9ff0ef	jal	x1,80002548	  x1=0x80002548
       20995000	      2098	00000000	00000013	addi	x0,x0,0	  x0:0x00000000
       21005000	      2099	8000253c	00000013	addi	x0,x0,0	  x0:0x00000000
       21015000	      2100	80002540	fe9ff36f	jal	x6,80002540	  x6=0x80002540
       21025000	      2101	00000000	00000013	addi	x0,x0,0	  x0:0x00000000
       21035000	      2102	80002524	00000013	addi	x0,x0,0	  x0:0x00000000
       21045000	      2103	80002528	004000ef	jal	x1,80002528	  x1=0x80002528
       21055000	      2104	00000000	00000013	addi	x0,x0,0	  x0:0x00000000
       21065000	      2105	80002528	00000013	addi	x0,x0,0	  x0:0x00000000
       21075000	      2106	8000252c	00c000ef	jal	x1,8000252c	  x1=0x8000252c
       21085000	      2107	00000000	00000013	addi	x0,x0,0	  x0:0x00000000
       21095000	      2108	80002534	00000013	addi	x0,x0,0	  x0:0x00000000
       21105000	      2109	80002538	0140036f	jal	x6,80002538	  x6=0x80002538
       21115000	      2110	00000000	00000013	addi	x0,x0,0	  x0:0x00000000
       21125000	      2111	80002548	00000013	addi	x0,x0,0	  x0:0x00000000
       21135000	      2112	8000254c	42ef2793	slti	x15,x30,1070	 x30:0x00000001 x15=0x00000001
       21145000	      2113	80002550	038000ef	jal	x1,80002550	  x1=0x80002550
       21155000	      2114	00000000	00000013	addi	x0,x0,0	  x0:0x00000000
       21165000	      2115	80002584	00000013	addi	x0,x0,0	  x0:0x00000000
       21175000	      2116	80002588	fe1ff16f	jal	x2,80002588	  x2=0x80002588
       21185000	      2117	00000000	00000013	addi	x0,x0,0	  x0:0x00000000
       21195000	      2118	80002564	00000013	addi	x0,x0,0	  x0:0x00000000
       21205000	      2119	80002568	0080026f	jal	x4,80002568	  x4=0x80002568
       21215000	      2120	00000000	00000013	addi	x0,x0,0	  x0:0x00000000
       21225000	      2121	8000256c	00000013	addi	x0,x0,0	  x0:0x00000000
       21235000	      2122	80002570	00800def	jal	x27,80002570	 x27=0x80002570
       21245000	      2123	00000000	00000013	addi	x0,x0,0	  x0:0x00000000
       21255000	      2124	80002574	00000013	addi	x0,x0,0	  x0:0x00000000
       21265000	      2125	80002578	fe1ffdef	jal	x27,80002578	 x27=0x80002578
       21275000	      2126	00000000	00000013	addi	x0,x0,0	  x0:0x00000000
       21285000	      2127	80002554	00000013	addi	x0,x0,0	  x0:0x00000000
       21295000	      2128	80002558	02c0016f	jal	x2,80002558	  x2=0x80002558
       21305000	      2129	00000000	00000013	addi	x0,x0,0	  x0:0x00000000
       21315000	      2130	80002580	00000013	addi	x0,x0,0	  x0:0x00000000
       21325000	      2131	80002584	ff1ff0ef	jal	x1,80002584	  x1=0x80002584
       21335000	      2132	00000000	00000013	addi	x0,x0,0	  x0:0x00000000
       21345000	      2133	80002570	00000013	addi	x0,x0,0	  x0:0x00000000
       21355000	      2134	80002574	ff9ff1ef	jal	x3,80002574	  x3=0x80002574
       21365000	      2135	00000000	00000013	addi	x0,x0,0	  x0:0x00000000
       21375000	      2136	80002568	00000013	addi	x0,x0,0	  x0:0x00000000
       21385000	      2137	8000256c	ff9ff1ef	jal	x3,8000256c	  x3=0x8000256c
       21395000	      2138	00000000	00000013	addi	x0,x0,0	  x0:0x00000000
       21405000	      2139	80002560	00000013	addi	x0,x0,0	  x0:0x00000000
       21415000	      2140	80002564	018000ef	jal	x1,80002564	  x1=0x80002564
       21425000	      2141	00000000	00000013	addi	x0,x0,0	  x0:0x00000000
       21435000	      2142	80002578	00000013	addi	x0,x0,0	  x0:0x00000000
       21445000	      2143	8000257c	fe1ff36f	jal	x6,8000257c	  x6=0x8000257c
       21455000	      2144	00000000	00000013	addi	x0,x0,0	  x0:0x00000000
       21465000	      2145	80002558	00000013	addi	x0,x0,0	  x0:0x00000000
       21475000	      2146	8000255c	ff9ff0ef	jal	x1,8000255c	  x1=0x8000255c
       21485000	      2147	00000000	00000013	addi	x0,x0,0	  x0:0x00000000
       21495000	      2148	80002550	00000013	addi	x0,x0,0	  x0:0x00000000
       21505000	      2149	80002554	00c000ef	jal	x1,80002554	  x1=0x80002554
       21515000	      2150	00000000	00000013	addi	x0,x0,0	  x0:0x00000000
       21525000	      2151	8000255c	00000013	addi	x0,x0,0	  x0:0x00000000
       21535000	      2152	80002560	020000ef	jal	x1,80002560	  x1=0x80002560
       21545000	      2153	00000000	00000013	addi	x0,x0,0	  x0:0x00000000
       21555000	      2154	8000257c	00000013	addi	x0,x0,0	  x0:0x00000000
       21565000	      2155	80002580	00c0016f	jal	x2,80002580	  x2=0x80002580
       21575000	      2156	00000000	00000013	addi	x0,x0,0	  x0:0x00000000
       21585000	      2157	80002588	00000013	addi	x0,x0,0	  x0:0x00000000
       21595000	      2158	8000258c	00585433	srl	x8,x16,x5	 x16:0x00000005  x5:0x80009fc4  x8=0x00000000
       21605000	      2159	80002590	030e1c63	bne	x28,x16,800025c8	 x28:0x31de4620 x16:0x00000005
       21615000	      2160	00000000	00000013	addi	x0,x0,0	  x0:0x00000000
       21625000	      2161	800025c4	00000013	addi	x0,x0,0	  x0:0x00000000
       21635000	      2162	800025c8	01121b33	sll	x22,x4,x17	  x4:0x80002568 x17:0x0000000c x22=0x02568000
       21645000	      2163	800025cc	00c925b3	slt	x11,x18,x12	 x18:0x00000000 x12:0x8000200d x11=0x00000000
       21655000	      2164	800025d0	00650f33	add	x30,x10,x6	 x10:0x000000c9  x6:0x8000257c x30=0x80002645
       21665000	      2165	800025d4	00000013	addi	x0,x0,0	  x0:0x00000000
       21675000	      2166	800025d8	015673b3	and	x7,x12,x21	 x12:0x8000200d x21:0x000004f5  x7=0x00000005
       21685000	      2167	800025dc	d3dca113	slti	x2,x25,-707	 x25:0x00200000  x2=0x00000000
       21695000	      2168	800025e0	40918db3	sub	x27,x3,x9	  x3:0x8000256c  x9:0x80009f3c x27=0xffff8630
       21705000	      2169	800025e4	019499b3	sll	x19,x9,x25	  x9:0x80009f3c x25:0x00200000 x19=0x80009f3c
       21715000	      2170	800025e8	03c9ea63	bltu	x19,x28,8000261c	 x19:0x80009f3c x28:0x31de4620
       21725000	      2171	800025ec	012dda63	bge	x27,x18,80002600	 x27:0xffff8630 x18:0x00000000
       21735000	      2172	800025f0	003c17b3	sll	x15,x24,x3	 x24:0x9a010000  x3:0x8000256c x15=0x10000000
       21745000	      2173	800025f4	01cd6c63	bltu	x26,x28,8000260c	 x26:0xff163340 x28:0x31de4620
       21755000	      2174	800025f8	00442e33	slt	x28,x8,x4	  x8:0x00000000  x4:0x80002568 x28=0x00000000
       21765000	      2175	800025fc	00000013	addi	x0,x0,0	  x0:0x00000000
       21775000	      2176	80002600	2b652617	auipc	x12,0x2b652	 x12=0xab6545fc
       21785000	      2177	80002604	0b7d8513	addi	x10,x27,183	 x27:0xffff8630 x10=0xffff86e7
       21795000	      2178	80002608	01a76663	bltu	x14,x26,80002614	 x14:0xf8b19a00 x26:0xff163340
       21805000	      2179	00000000	00000013	addi	x0,x0,0	  x0:0x00000000
       21815000	      2180	80002610	00000013	addi	x0,x0,0	  x0:0x00000000
       21825000	      2181	80002614	26094f13	xori	x30,x18,608	 x18:0x00000000 x30=0x00000260
       21835000	      2182	80002618	00066433	or	x8,x12,x0	 x12:0xab6545fc  x0:0x00000000  x8=0xab6545fc
       21845000	      2183	8000261c	0141c0b3	xor	x1,x3,x20	  x3:0x8000256c x20:0x00000001  x1=0x8000256d
       21855000	      2184	80002620	cf418f17	auipc	x30,0xcf418	 x30=0x4f41a61c
       21865000	      2185	80002624	00da4db3	xor	x27,x20,x13	 x20:0x00000001 x13:0xff00013f x27=0xff00013e
       21875000	      2186	80002628	033c1e63	bne	x24,x19,80002664	 x24:0x9a010000 x19:0x80009f3c
       21885000	      2187	00000000	00000013	addi	x0,x0,0	  x0:0x00000000
       21895000	      2188	80002660	00000013	addi	x0,x0,0	  x0:0x00000000
       21905000	      2189	80002664	de1da213	slti	x4,x27,-543	 x27:0xff00013e  x4=0x00000001
       21915000	      2190	80002668	008b6e33	or	x28,x22,x8	 x22:0x02568000  x8:0xab6545fc x28=0xab77c5fc
       21925000	      2191	8000266c	41565413	srai	x8,x12,0x15	 x12:0xab6545fc  x8=0xfffffd5b
       21935000	      2192	80002670	011438b3	sltu	x17,x8,x17	  x8:0xfffffd5b x17:0x0000000c x17=0x00000000
       21945000	      2193	80002674	f4d7f193	andi	x3,x15,-179	 x15:0x10000000  x3=0x10000000
       21955000	      2194	80002678	01c30c63	beq	x6,x28,80002690	  x6:0x8000257c x28:0xab77c5fc
       21965000	      2195	8000267c	00afca33	xor	x20,x31,x10	 x31:0x80002544 x10:0xffff86e7 x20=0x7fffa3a3
       21975000	      2196	80002680	0065ffb3	and	x31,x11,x6	 x11:0x00000000  x6:0x8000257c x31=0x00000000
       21985000	      2197	80002684	01579d93	slli	x27,x15,0x15	 x15:0x10000000 x27=0x00000000
       21995000	      2198	80002688	573fcb13	xori	x22,x31,1395	 x31:0x00000000 x22=0x00000573
       22005000	      2199	8000268c	413e5733	sra	x14,x28,x19	 x28:0xab77c5fc x19:0x80009f3c x14=0xfffffffa
       22015000	      2200	80002690	e4dd4a93	xori	x21,x26,-435	 x26:0xff163340 x21=0x00e9cd0d
       22025000	      2201	80002694	98a32393	slti	x7,x6,-1654	  x6:0x8000257c  x7=0x00000001
       22035000	      2202	80002698	00000013	addi	x0,x0,0	  x0:0x00000000
       22045000	      2203	8000269c	039bec63	bltu	x23,x25,800026d4	 x23:0xff163340 x25:0x00200000
       22055000	      2204	800026a0	003507b3	add	x15,x10,x3	 x10:0xffff86e7  x3:0x10000000 x15=0x0fff86e7
       22065000	      2205	800026a4	4ab03393	sltiu	x7,x0,1195	  x0:0x00000000  x7=0x00000001
       22075000	      2206	800026a8	0145dc63	bge	x11,x20,800026c0	 x11:0x00000000 x20:0x7fffa3a3
       22085000	      2207	800026ac	419906b3	sub	x13,x18,x25	 x18:0x00000000 x25:0x00200000 x13=0xffe00000
       22095000	      2208	800026b0	7ca3f113	andi	x2,x7,1994	  x7:0x00000001  x2=0x00000000
       22105000	      2209	800026b4	00000013	addi	x0,x0,0	  x0:0x00000000
       22115000	      2210	800026b8	7ea22213	slti	x4,x4,2026	  x4:0x00000001  x4=0x00000001
       22125000	      2211	800026bc	32e20093	addi	x1,x4,814	  x4:0x00000001  x1=0x0000032f
       22135000	      2212	800026c0	84e72993	slti	x19,x14,-1970	 x14:0xfffffffa x19=0x00000000
       22145000	      2213	800026c4	00000013	addi	x0,x0,0	  x0:0x00000000
       22155000	      2214	800026c8	004eda33	srl	x20,x29,x4	 x29:0x00000000  x4:0x00000001 x20=0x00000000
       22165000	      2215	800026cc	05f2d463	bge	x5,x31,80002714	  x5:0x80009fc4 x31:0x00000000
       22175000	      2216	800026d0	01b903b3	add	x7,x18,x27	 x18:0x00000000 x27:0x00000000  x7=0x00000000
       22185000	      2217	800026d4	012bf333	and	x6,x23,x18	 x23:0xff163340 x18:0x00000000  x6=0x00000000
       22195000	      2218	800026d8	010a5313	srli	x6,x20,0x10	 x20:0x00000000  x6=0x00000000
       22205000	      2219	800026dc	4055dd33	sra	x26,x11,x5	 x11:0x00000000  x5:0x80009fc4 x26=0x00000000
       22215000	      2220	800026e0	01db6e63	bltu	x22,x29,800026fc	 x22:0x00000573 x29:0x00000000
       22225000	      2221	800026e4	01177bb3	and	x23,x14,x17	 x14:0xfffffffa x17:0x00000000 x23=0x00000000
       22235000	      2222	800026e8	01f5a933	slt	x18,x11,x31	 x11:0x00000000 x31:0x00000000 x18=0x00000000
       22245000	      2223	800026ec	00235263	bge	x6,x2,800026f0	  x6:0x00000000  x2:0x00000000
       22255000	      2224	00000000	00000013	addi	x0,x0,0	  x0:0x00000000
       22265000	      2225	800026ec	00000013	addi	x0,x0,0	  x0:0x00000000
       22275000	      2226	800026f0	5ee3f193	andi	x3,x7,1518	  x7:0x00000000  x3=0x00000000
       22285000	      2227	800026f4	9c86fe17	auipc	x28,0x9c86f	 x28=0x1c8716f0
       22295000	      2228	800026f8	01375033	srl	x0,x14,x19	 x14:0xfffffffa x19:0x00000000
       22305000	      2229	800026fc	01197663	bgeu	x18,x17,80002708	 x18:0x00000000 x17:0x00000000
       22315000	      2230	00000000	00000013	addi	x0,x0,0	  x0:0x00000000
       22325000	      2231	80002704	00000013	addi	x0,x0,0	  x0:0x00000000
       22335000	      2232	80002708	00000013	addi	x0,x0,0	  x0:0x00000000
       22345000	      2233	8000270c	407cda93	srai	x21,x25,0x7	 x25:0x00200000 x21=0x00004000
       22355000	      2234	80002710	41d30533	sub	x10,x6,x29	  x6:0x00000000 x29:0x00000000 x10=0x00000000
       22365000	      2235	80002714	033de463	bltu	x27,x19,8000273c	 x27:0x00000000 x19:0x00000000
       22375000	      2236	80002718	00345c33	srl	x24,x8,x3	  x8:0xfffffd5b  x3:0x00000000 x24=0xfffffd5b
       22385000	      2237	8000271c	01e47e63	bgeu	x8,x30,80002738	  x8:0xfffffd5b x30:0x4f41a61c
       22395000	      2238	00000000	00000013	addi	x0,x0,0	  x0:0x00000000
       22405000	      2239	80002734	00000013	addi	x0,x0,0	  x0:0x00000000
       22415000	      2240	80002738	bbd0c913	xori	x18,x1,-1091	  x1:0x0000032f x18=0xfffff892
       22425000	      2241	8000273c	04ed0863	beq	x26,x14,8000278c	 x26:0x00000000 x14:0xfffffffa
       22435000	      2242	80002740	00710c63	beq	x2,x7,80002758	  x2:0x00000000  x7:0x00000000
       22445000	      2243	00000000	00000013	addi	x0,x0,0	  x0:0x00000000
       22455000	      2244	80002754	00000013	addi	x0,x0,0	  x0:0x00000000
       22465000	      2245	80002758	00271d13	slli	x26,x14,0x2	 x14:0xfffffffa x26=0xffffffe8
       22475000	      2246	8000275c	03081863	bne	x16,x16,8000278c	 x16:0x00000005 x16:0x00000005
       22485000	      2247	80002760	00a3cb33	xor	x22,x7,x10	  x7:0x00000000 x10:0x00000000 x22=0x00000000
       22495000	      2248	80002764	012f0933	add	x18,x30,x18	 x30:0x4f41a61c x18:0xfffff892 x18=0x4f419eae
       22505000	      2249	80002768	7966c337	lui	x6,0x7966c	  x6=0x7966c000
       22515000	      2250	8000276c	dceaf6b7	lui	x13,0xdceaf	 x13=0xdceaf000
       22525000	      2251	80002770	4098d713	srai	x14,x17,0x9	 x17:0x00000000 x14=0x00000000
       22535000	      2252	80002774	e454bf93	sltiu	x31,x9,-443	  x9:0x80009f3c x31=0x00000001
       22545000	      2253	80002778	006eea33	or	x20,x29,x6	 x29:0x00000000  x6:0x7966c000 x20=0x7966c000
       22555000	      2254	8000277c	0152d733	srl	x14,x5,x21	  x5:0x80009fc4 x21:0x00004000 x14=0x80009fc4
       22565000	      2255	80002780	00bb3433	sltu	x8,x22,x11	 x22:0x00000000 x11:0x00000000  x8=0x00000000
       22575000	      2256	80002784	00a88bb3	add	x23,x17,x10	 x17:0x00000000 x10:0x00000000 x23=0x00000000
       22585000	      2257	80002788	f3550e93	addi	x29,x10,-203	 x10:0x00000000 x29=0xffffff35
       22595000	      2258	8000278c	01551c33	sll	x24,x10,x21	 x10:0x00000000 x21:0x00004000 x24=0x00000000
       22605000	      2259	80002790	00ca7863	bgeu	x20,x12,800027a0	 x20:0x7966c000 x12:0xab6545fc
       22615000	      2260	80002794	00000013	addi	x0,x0,0	  x0:0x00000000
       22625000	      2261	80002798	0072a233	slt	x4,x5,x7	  x5:0x80009fc4  x7:0x00000000  x4=0x00000001
       22635000	      2262	8000279c	00e65263	bge	x12,x14,800027a0	 x12:0xab6545fc x14:0x80009fc4
       22645000	      2263	00000000	00000013	addi	x0,x0,0	  x0:0x00000000
       22655000	      2264	8000279c	00000013	addi	x0,x0,0	  x0:0x00000000
       22665000	      2265	800027a0	56c50593	addi	x11,x10,1388	 x10:0x00000000 x11=0x0000056c
       22675000	      2266	800027a4	0044a083	lw	x1,4(x9)	  x9:0x80009f3c  x1=0x800020c4 PA:0x80009f40
       22685000	      2267	800027a8	b1f66c93	ori	x25,x12,-1249	 x12:0xab6545fc x25=0xffffffff
       22695000	      2268	800027ac	03448493	addi	x9,x9,52	  x9:0x80009f3c  x9=0x80009f70
       22705000	      2269	800027b0	71605437	lui	x8,0x71605	  x8=0x71605000
       22715000	      2270	800027b4	40800733	sub	x14,x0,x8	  x0:0x00000000  x8:0x71605000 x14=0x8e9fb000
       22725000	      2271	800027b8	00008613	addi	x12,x1,0	  x1:0x800020c4 x12=0x800020c4
       22735000	      2272	800027bc	00060667	jalr	x12,x12,0	 x12:0x800020c4 x12=0x800027bc
       22745000	      2273	00000000	00000013	addi	x0,x0,0	  x0:0x00000000
       22755000	      2274	800020c4	00000013	addi	x0,x0,0	  x0:0x00000000
       22765000	      2275	800020c8	00000397	auipc	x7,0x0	  x7=0x800020c4
       22775000	      2276	800020cc	3b838393	addi	x7,x7,952	  x7:0x800020c4  x7=0x8000247c
       22785000	      2277	800020d0	01b88d33	add	x26,x17,x27	 x17:0x00000000 x27:0x00000000 x26=0x00000000
       22795000	      2278	800020d4	0e438393	addi	x7,x7,228	  x7:0x8000247c  x7=0x80002560
       22805000	      2279	800020d8	00260233	add	x4,x12,x2	 x12:0x800027bc  x2:0x00000000  x4=0x800027bc
       22815000	      2280	800020dc	00000013	addi	x0,x0,0	  x0:0x00000000
       22825000	      2281	800020e0	005576b3	and	x13,x10,x5	 x10:0x00000000  x5:0x80009fc4 x13=0x00000000
       22835000	      2282	800020e4	019b1463	bne	x22,x25,800020ec	 x22:0x00000000 x25:0xffffffff
       22845000	      2283	00000000	00000013	addi	x0,x0,0	  x0:0x00000000
       22855000	      2284	800020e8	00000013	addi	x0,x0,0	  x0:0x00000000
       22865000	      2285	800020ec	f1c380e7	jalr	x1,x7,-228	  x7:0x80002560  x1=0x800020ec
       22875000	      2286	00000000	00000013	addi	x0,x0,0	  x0:0x00000000
       22885000	      2287	8000247c	00000013	addi	x0,x0,0	  x0:0x00000000
       22895000	      2288	80002480	01a80a63	beq	x16,x26,80002494	 x16:0x00000005 x26:0x00000000
       22905000	      2289	80002484	7d7e2717	auipc	x14,0x7d7e2	 x14=0xfd7e4480
       22915000	      2290	80002488	00a01793	slli	x15,x0,0xa	  x0:0x00000000 x15=0x00000000
       22925000	      2291	8000248c	c800b797	auipc	x15,0xc800b	 x15=0x4800d488
       22935000	      2292	80002490	aea82d13	slti	x26,x16,-1302	 x16:0x00000005 x26=0x00000000
       22945000	      2293	80002494	ff048493	addi	x9,x9,-16	  x9:0x80009f70  x9=0x80009f60
       22955000	      2294	80002498	0014a223	sw	x1,4(x9)	  x9:0x80009f60  x1:0x800020ec PA:0x80009f64
       22965000	      2295	8000249c	41215f13	srai	x30,x2,0x12	  x2:0x00000000 x30=0x00000000
       22975000	      2296	800024a0	00000013	addi	x0,x0,0	  x0:0x00000000
       22985000	      2297	800024a4	0124a233	slt	x4,x9,x18	  x9:0x80009f60 x18:0x4f419eae  x4=0x00000001
       22995000	      2298	800024a8	02a30a63	beq	x6,x10,800024dc	  x6:0x7966c000 x10:0x00000000
       23005000	      2299	800024ac	bdf37093	andi	x1,x6,-1057	  x6:0x7966c000  x1=0x7966c000
       23015000	      2300	800024b0	4122d993	srai	x19,x5,0x12	  x5:0x80009fc4 x19=0xffffe000
       23025000	      2301	800024b4	f3b4bd93	sltiu	x27,x9,-197	  x9:0x80009f60 x27=0x00000001
       23035000	      2302	800024b8	03b7d263	bge	x15,x27,800024dc	 x15:0x4800d488 x27:0x00000001
       23045000	      2303	00000000	00000013	addi	x0,x0,0	  x0:0x00000000
       23055000	      2304	800024d8	00000013	addi	x0,x0,0	  x0:0x00000000
       23065000	      2305	800024dc	7db16793	ori	x15,x2,2011	  x2:0x00000000 x15=0x000007db
       23075000	      2306	800024e0	1544cf17	auipc	x30,0x1544c	 x30=0x9544e4dc
       23085000	      2307	800024e4	0044a083	lw	x1,4(x9)	  x9:0x80009f60  x1=0x800020ec PA:0x80009f64
       23095000	      2308	800024e8	4cff8613	addi	x12,x31,1231	 x31:0x00000001 x12=0x000004d0
       23105000	      2309	800024ec	1047e993	ori	x19,x15,260	 x15:0x000007db x19=0x000007df
       23115000	      2310	800024f0	01048493	addi	x9,x9,16	  x9:0x80009f60  x9=0x80009f70
       23125000	      2311	800024f4	c427f913	andi	x18,x15,-958	 x15:0x000007db x18=0x00000442
       23135000	      2312	800024f8	00000013	addi	x0,x0,0	  x0:0x00000000
       23145000	      2313	800024fc	00008593	addi	x11,x1,0	  x1:0x800020ec x11=0x800020ec
       23155000	      2314	80002500	000585e7	jalr	x11,x11,0	 x11:0x800020ec x11=0x80002500
       23165000	      2315	00000000	00000013	addi	x0,x0,0	  x0:0x00000000
       23175000	      2316	800020ec	00000013	addi	x0,x0,0	  x0:0x00000000
       23185000	      2317	800020f0	024000ef	jal	x1,800020f0	  x1=0x800020f0
       23195000	      2318	00000000	00000013	addi	x0,x0,0	  x0:0x00000000
       23205000	      2319	80002110	00000013	addi	x0,x0,0	  x0:0x00000000
       23215000	      2320	80002114	ff5ff9ef	jal	x19,80002114	 x19=0x80002114
       23225000	      2321	00000000	00000013	addi	x0,x0,0	  x0:0x00000000
       23235000	      2322	80002104	00000013	addi	x0,x0,0	  x0:0x00000000
       23245000	      2323	80002108	01c000ef	jal	x1,80002108	  x1=0x80002108
       23255000	      2324	00000000	00000013	addi	x0,x0,0	  x0:0x00000000
       23265000	      2325	80002120	00000013	addi	x0,x0,0	  x0:0x00000000
       23275000	      2326	80002124	fe1ff0ef	jal	x1,80002124	  x1=0x80002124
       23285000	      2327	00000000	00000013	addi	x0,x0,0	  x0:0x00000000
       23295000	      2328	80002100	00000013	addi	x0,x0,0	  x0:0x00000000
       23305000	      2329	80002104	030000ef	jal	x1,80002104	  x1=0x80002104
       23315000	      2330	00000000	00000013	addi	x0,x0,0	  x0:0x00000000
       23325000	      2331	80002130	00000013	addi	x0,x0,0	  x0:0x00000000
       23335000	      2332	80002134	fedff36f	jal	x6,80002134	  x6=0x80002134
       23345000	      2333	00000000	00000013	addi	x0,x0,0	  x0:0x00000000
       23355000	      2334	8000211c	00000013	addi	x0,x0,0	  x0:0x00000000
       23365000	      2335	80002120	fddff0ef	jal	x1,80002120	  x1=0x80002120
       23375000	      2336	00000000	00000013	addi	x0,x0,0	  x0:0x00000000
       23385000	      2337	800020f8	00000013	addi	x0,x0,0	  x0:0x00000000
       23395000	      2338	800020fc	01c000ef	jal	x1,800020fc	  x1=0x800020fc
       23405000	      2339	00000000	00000013	addi	x0,x0,0	  x0:0x00000000
       23415000	      2340	80002114	00000013	addi	x0,x0,0	  x0:0x00000000
       23425000	      2341	80002118	020000ef	jal	x1,80002118	  x1=0x80002118
       23435000	      2342	00000000	00000013	addi	x0,x0,0	  x0:0x00000000
       23445000	      2343	80002134	00000013	addi	x0,x0,0	  x0:0x00000000
       23455000	      2344	80002138	fe5ffd6f	jal	x26,80002138	 x26=0x80002138
       23465000	      2345	00000000	00000013	addi	x0,x0,0	  x0:0x00000000
       23475000	      2346	80002118	00000013	addi	x0,x0,0	  x0:0x00000000
       23485000	      2347	8000211c	010000ef	jal	x1,8000211c	  x1=0x8000211c
       23495000	      2348	00000000	00000013	addi	x0,x0,0	  x0:0x00000000
       23505000	      2349	80002128	00000013	addi	x0,x0,0	  x0:0x00000000
       23515000	      2350	8000212c	fd5ff36f	jal	x6,8000212c	  x6=0x8000212c
       23525000	      2351	00000000	00000013	addi	x0,x0,0	  x0:0x00000000
       23535000	      2352	800020fc	00000013	addi	x0,x0,0	  x0:0x00000000
       23545000	      2353	80002100	0280036f	jal	x6,80002100	  x6=0x80002100
       23555000	      2354	00000000	00000013	addi	x0,x0,0	  x0:0x00000000
       23565000	      2355	80002124	00000013	addi	x0,x0,0	  x0:0x00000000
       23575000	      2356	80002128	fe5ff26f	jal	x4,80002128	  x4=0x80002128
       23585000	      2357	00000000	00000013	addi	x0,x0,0	  x0:0x00000000
       23595000	      2358	80002108	00000013	addi	x0,x0,0	  x0:0x00000000
       23605000	      2359	8000210c	fedff0ef	jal	x1,8000210c	  x1=0x8000210c
       23615000	      2360	00000000	00000013	addi	x0,x0,0	  x0:0x00000000
       23625000	      2361	800020f4	00000013	addi	x0,x0,0	  x0:0x00000000
       23635000	      2362	800020f8	038000ef	jal	x1,800020f8	  x1=0x800020f8
       23645000	      2363	00000000	00000013	addi	x0,x0,0	  x0:0x00000000
       23655000	      2364	8000212c	00000013	addi	x0,x0,0	  x0:0x00000000
       23665000	      2365	80002130	fe1ff36f	jal	x6,80002130	  x6=0x80002130
       23675000	      2366	00000000	00000013	addi	x0,x0,0	  x0:0x00000000
       23685000	      2367	8000210c	00000013	addi	x0,x0,0	  x0:0x00000000
       23695000	      2368	80002110	fe5ff0ef	jal	x1,80002110	  x1=0x80002110
       23705000	      2369	00000000	00000013	addi	x0,x0,0	  x0:0x00000000
       23715000	      2370	800020f0	00000013	addi	x0,x0,0	  x0:0x00000000
       23725000	      2371	800020f4	0480016f	jal	x2,800020f4	  x2=0x800020f4
       23735000	      2372	00000000	00000013	addi	x0,x0,0	  x0:0x00000000
       23745000	      2373	80002138	00000013	addi	x0,x0,0	  x0:0x00000000
       23755000	      2374	8000213c	00400fef	jal	x31,8000213c	 x31=0x8000213c
       23765000	      2375	00000000	00000013	addi	x0,x0,0	  x0:0x00000000
       23775000	      2376	8000213c	00000013	addi	x0,x0,0	  x0:0x00000000
       23785000	      2377	80002140	01636d33	or	x26,x6,x22	  x6:0x80002130 x22:0x00000000 x26=0x80002130
       23795000	      2378	80002144	030000ef	jal	x1,80002144	  x1=0x80002144
       23805000	      2379	00000000	00000013	addi	x0,x0,0	  x0:0x00000000
       23815000	      2380	80002170	00000013	addi	x0,x0,0	  x0:0x00000000
       23825000	      2381	80002174	ff1ff0ef	jal	x1,80002174	  x1=0x80002174
       23835000	      2382	00000000	00000013	addi	x0,x0,0	  x0:0x00000000
       23845000	      2383	80002160	00000013	addi	x0,x0,0	  x0:0x00000000
       23855000	      2384	80002164	fe5ff0ef	jal	x1,80002164	  x1=0x80002164
       23865000	      2385	00000000	00000013	addi	x0,x0,0	  x0:0x00000000
       23875000	      2386	80002144	00000013	addi	x0,x0,0	  x0:0x00000000
       23885000	      2387	80002148	028000ef	jal	x1,80002148	  x1=0x80002148
       23895000	      2388	00000000	00000013	addi	x0,x0,0	  x0:0x00000000
       23905000	      2389	8000216c	00000013	addi	x0,x0,0	  x0:0x00000000
       23915000	      2390	80002170	ffdff0ef	jal	x1,80002170	  x1=0x80002170
       23925000	      2391	00000000	00000013	addi	x0,x0,0	  x0:0x00000000
       23935000	      2392	80002168	00000013	addi	x0,x0,0	  x0:0x00000000
       23945000	      2393	8000216c	ff1ff0ef	jal	x1,8000216c	  x1=0x8000216c
       23955000	      2394	00000000	00000013	addi	x0,x0,0	  x0:0x00000000
       23965000	      2395	80002158	00000013	addi	x0,x0,0	  x0:0x00000000
       23975000	      2396	8000215c	ffdff76f	jal	x14,8000215c	 x14=0x8000215c
       23985000	      2397	00000000	00000013	addi	x0,x0,0	  x0:0x00000000
       23995000	      2398	80002154	00000013	addi	x0,x0,0	  x0:0x00000000
       24005000	      2399	80002158	ffdffeef	jal	x29,80002158	 x29=0x80002158
       24015000	      2400	00000000	00000013	addi	x0,x0,0	  x0:0x00000000
       24025000	      2401	80002150	00000013	addi	x0,x0,0	  x0:0x00000000
       24035000	      2402	80002154	ffdff0ef	jal	x1,80002154	  x1=0x80002154
       24045000	      2403	00000000	00000013	addi	x0,x0,0	  x0:0x00000000
       24055000	      2404	8000214c	00000013	addi	x0,x0,0	  x0:0x00000000
       24065000	      2405	80002150	010000ef	jal	x1,80002150	  x1=0x80002150
       24075000	      2406	00000000	00000013	addi	x0,x0,0	  x0:0x00000000
       24085000	      2407	8000215c	00000013	addi	x0,x0,0	  x0:0x00000000
       24095000	      2408	80002160	fedff76f	jal	x14,80002160	 x14=0x80002160
       24105000	      2409	00000000	00000013	addi	x0,x0,0	  x0:0x00000000
       24115000	      2410	80002148	00000013	addi	x0,x0,0	  x0:0x00000000
       24125000	      2411	8000214c	01c000ef	jal	x1,8000214c	  x1=0x8000214c
       24135000	      2412	00000000	00000013	addi	x0,x0,0	  x0:0x00000000
       24145000	      2413	80002164	00000013	addi	x0,x0,0	  x0:0x00000000
       24155000	      2414	80002168	010000ef	jal	x1,80002168	  x1=0x80002168
       24165000	      2415	00000000	00000013	addi	x0,x0,0	  x0:0x00000000
       24175000	      2416	80002174	00000013	addi	x0,x0,0	  x0:0x00000000
       24185000	      2417	80002178	00941c93	slli	x25,x8,0x9	  x8:0x71605000 x25=0xc0a00000
       24195000	      2418	8000217c	020000ef	jal	x1,8000217c	  x1=0x8000217c
       24205000	      2419	00000000	00000013	addi	x0,x0,0	  x0:0x00000000
       24215000	      2420	80002198	00000013	addi	x0,x0,0	  x0:0x00000000
       24225000	      2421	8000219c	fe5ff36f	jal	x6,8000219c	  x6=0x8000219c
       24235000	      2422	00000000	00000013	addi	x0,x0,0	  x0:0x00000000
       24245000	      2423	8000217c	00000013	addi	x0,x0,0	  x0:0x00000000
       24255000	      2424	80002180	028000ef	jal	x1,80002180	  x1=0x80002180
       24265000	      2425	00000000	00000013	addi	x0,x0,0	  x0:0x00000000
       24275000	      2426	800021a4	00000013	addi	x0,x0,0	  x0:0x00000000
       24285000	      2427	800021a8	fddff0ef	jal	x1,800021a8	  x1=0x800021a8
       24295000	      2428	00000000	00000013	addi	x0,x0,0	  x0:0x00000000
       24305000	      2429	80002180	00000013	addi	x0,x0,0	  x0:0x00000000
       24315000	      2430	80002184	028000ef	jal	x1,80002184	  x1=0x80002184
       24325000	      2431	00000000	00000013	addi	x0,x0,0	  x0:0x00000000
       24335000	      2432	800021a8	00000013	addi	x0,x0,0	  x0:0x00000000
       24345000	      2433	800021ac	fe5fffef	jal	x31,800021ac	 x31=0x800021ac
       24355000	      2434	00000000	00000013	addi	x0,x0,0	  x0:0x00000000
       24365000	      2435	8000218c	00000013	addi	x0,x0,0	  x0:0x00000000
       24375000	      2436	80002190	024000ef	jal	x1,80002190	  x1=0x80002190
       24385000	      2437	00000000	00000013	addi	x0,x0,0	  x0:0x00000000
       24395000	      2438	800021b0	00000013	addi	x0,x0,0	  x0:0x00000000
       24405000	      2439	800021b4	fd9ffd6f	jal	x26,800021b4	 x26=0x800021b4
       24415000	      2440	00000000	00000013	addi	x0,x0,0	  x0:0x00000000
       24425000	      2441	80002188	00000013	addi	x0,x0,0	  x0:0x00000000
       24435000	      2442	8000218c	008000ef	jal	x1,8000218c	  x1=0x8000218c
       24445000	      2443	00000000	00000013	addi	x0,x0,0	  x0:0x00000000
       24455000	      2444	80002190	00000013	addi	x0,x0,0	  x0:0x00000000
       24465000	      2445	80002194	010000ef	jal	x1,80002194	  x1=0x80002194
       24475000	      2446	00000000	00000013	addi	x0,x0,0	  x0:0x00000000
       24485000	      2447	800021a0	00000013	addi	x0,x0,0	  x0:0x00000000
       24495000	      2448	800021a4	ff5ff36f	jal	x6,800021a4	  x6=0x800021a4
       24505000	      2449	00000000	00000013	addi	x0,x0,0	  x0:0x00000000
       24515000	      2450	80002194	00000013	addi	x0,x0,0	  x0:0x00000000
       24525000	      2451	80002198	01800a6f	jal	x20,80002198	 x20=0x80002198
       24535000	      2452	00000000	00000013	addi	x0,x0,0	  x0:0x00000000
       24545000	      2453	800021ac	00000013	addi	x0,x0,0	  x0:0x00000000
       24555000	      2454	800021b0	ff1ff7ef	jal	x15,800021b0	 x15=0x800021b0
       24565000	      2455	00000000	00000013	addi	x0,x0,0	  x0:0x00000000
       24575000	      2456	8000219c	00000013	addi	x0,x0,0	  x0:0x00000000
       24585000	      2457	800021a0	fe9ff66f	jal	x12,800021a0	 x12=0x800021a0
       24595000	      2458	00000000	00000013	addi	x0,x0,0	  x0:0x00000000
       24605000	      2459	80002184	00000013	addi	x0,x0,0	  x0:0x00000000
       24615000	      2460	80002188	030000ef	jal	x1,80002188	  x1=0x80002188
       24625000	      2461	00000000	00000013	addi	x0,x0,0	  x0:0x00000000
       24635000	      2462	800021b4	00000013	addi	x0,x0,0	  x0:0x00000000
       24645000	      2463	800021b8	018a1713	slli	x14,x20,0x18	 x20:0x80002198 x14=0x98000000
       24655000	      2464	800021bc	2c833d13	sltiu	x26,x6,712	  x6:0x800021a4 x26=0x00000000
       24665000	      2465	800021c0	03f3f193	andi	x3,x7,63	  x7:0x80002560  x3=0x00000020
       24675000	      2466	800021c4	00cb1713	slli	x14,x22,0xc	 x22:0x00000000 x14=0x00000000
       24685000	      2467	800021c8	03f68463	beq	x13,x31,800021f0	 x13:0x00000000 x31:0x800021ac
       24695000	      2468	800021cc	02809263	bne	x1,x8,800021f0	  x1:0x80002188  x8:0x71605000
       24705000	      2469	00000000	00000013	addi	x0,x0,0	  x0:0x00000000
       24715000	      2470	800021ec	00000013	addi	x0,x0,0	  x0:0x00000000
       24725000	      2471	800021f0	01cbf333	and	x6,x23,x28	 x23:0x00000000 x28:0x1c8716f0  x6=0x00000000
       24735000	      2472	800021f4	00000013	addi	x0,x0,0	  x0:0x00000000
       24745000	      2473	800021f8	0160c863	blt	x1,x22,80002208	  x1:0x80002188 x22:0x00000000
       24755000	      2474	00000000	00000013	addi	x0,x0,0	  x0:0x00000000
       24765000	      2475	80002204	00000013	addi	x0,x0,0	  x0:0x00000000
       24775000	      2476	80002208	01f9ae33	slt	x28,x19,x31	 x19:0x80002114 x31:0x800021ac x28=0x00000001
       24785000	      2477	8000220c	01829c93	slli	x25,x5,0x18	  x5:0x80009fc4 x25=0xc4000000
       24795000	      2478	80002210	0115d793	srli	x15,x11,0x11	 x11:0x80002500 x15=0x00004000
       24805000	      2479	80002214	d69b8e93	addi	x29,x23,-663	 x23:0x00000000 x29=0xfffffd69
       24815000	      2480	80002218	005c37b3	sltu	x15,x24,x5	 x24:0x00000000  x5:0x80009fc4 x15=0x00000001
       24825000	      2481	8000221c	94a27697	auipc	x13,0x94a27	 x13=0x14a29218
       24835000	      2482	80002220	0002bbb3	sltu	x23,x5,x0	  x5:0x80009fc4  x0:0x00000000 x23=0x00000000
       24845000	      2483	80002224	3b5d4693	xori	x13,x26,949	 x26:0x00000000 x13=0x000003b5
       24855000	      2484	80002228	001c5f93	srli	x31,x24,0x1	 x24:0x00000000 x31=0x00000000
       24865000	      2485	8000222c	00b99393	slli	x7,x19,0xb	 x19:0x80002114  x7=0x0108a000
       24875000	      2486	80002230	d7acf793	andi	x15,x25,-646	 x25:0xc4000000 x15=0xc4000000
       24885000	      2487	80002234	413fde93	srai	x29,x31,0x13	 x31:0x00000000 x29=0x00000000
       24895000	      2488	80002238	01adb0b3	sltu	x1,x27,x26	 x27:0x00000001 x26:0x00000000  x1=0x00000000
       24905000	      2489	8000223c	00000013	addi	x0,x0,0	  x0:0x00000000
       24915000	      2490	80002240	047f5a63	bge	x30,x7,80002294	 x30:0x9544e4dc  x7:0x0108a000
       24925000	      2491	80002244	075b1463	bne	x22,x21,800022ac	 x22:0x00000000 x21:0x00004000
       24935000	      2492	00000000	00000013	addi	x0,x0,0	  x0:0x00000000
       24945000	      2493	800022a8	00000013	addi	x0,x0,0	  x0:0x00000000
       24955000	      2494	800022ac	01681113	slli	x2,x16,0x16	 x16:0x00000005  x2=0x01400000
       24965000	      2495	800022b0	9aa73593	sltiu	x11,x14,-1622	 x14:0x00000000 x11=0x00000001
       24975000	      2496	800022b4	0146d863	bge	x13,x20,800022c4	 x13:0x000003b5 x20:0x80002198
       24985000	      2497	00000000	00000013	addi	x0,x0,0	  x0:0x00000000
       24995000	      2498	800022c0	00000013	addi	x0,x0,0	  x0:0x00000000
       25005000	      2499	800022c4	00230e33	add	x28,x6,x2	  x6:0x00000000  x2:0x01400000 x28=0x01400000
       25015000	      2500	800022c8	01d19933	sll	x18,x3,x29	  x3:0x00000020 x29:0x00000000 x18=0x00000020
       25025000	      2501	800022cc	41265a33	sra	x20,x12,x18	 x12:0x800021a0 x18:0x00000020 x20=0x800021a0
       25035000	      2502	800022d0	00be0a63	beq	x28,x11,800022e4	 x28:0x01400000 x11:0x00000001
       25045000	      2503	800022d4	16fcc5b7	lui	x11,0x16fcc	 x11=0x16fcc000
       25055000	      2504	800022d8	009b1133	sll	x2,x22,x9	 x22:0x00000000  x9:0x80009f70  x2=0x00000000
       25065000	      2505	800022dc	00129713	slli	x14,x5,0x1	  x5:0x80009fc4 x14=0x00013f88
       25075000	      2506	800022e0	48533413	sltiu	x8,x6,1157	  x6:0x00000000  x8=0x00000001
       25085000	      2507	800022e4	01297e63	bgeu	x18,x18,80002300	 x18:0x00000020 x18:0x00000020
       25095000	      2508	00000000	00000013	addi	x0,x0,0	  x0:0x00000000
       25105000	      2509	800022fc	00000013	addi	x0,x0,0	  x0:0x00000000
       25115000	      2510	80002300	405b01b3	sub	x3,x22,x5	 x22:0x00000000  x5:0x80009fc4  x3=0x7fff603c
       25125000	      2511	80002304	58a0ad13	slti	x26,x1,1418	  x1:0x00000000 x26=0x00000001
       25135000	      2512	80002308	00e8da33	srl	x20,x17,x14	 x17:0x00000000 x14:0x00013f88 x20=0x00000000
       25145000	      2513	8000230c	00bb8663	beq	x23,x11,80002318	 x23:0x00000000 x11:0x16fcc000
       25155000	      2514	80002310	fef2cc17	auipc	x24,0xfef2c	 x24=0x7ef2e30c
       25165000	      2515	80002314	d3023397	auipc	x7,0xd3023	  x7=0x53025310
       25175000	      2516	80002318	03dc9e63	bne	x25,x29,80002354	 x25:0xc4000000 x29:0x00000000
       25185000	      2517	00000000	00000013	addi	x0,x0,0	  x0:0x00000000
       25195000	      2518	80002350	00000013	addi	x0,x0,0	  x0:0x00000000
       25205000	      2519	80002354	01ba4533	xor	x10,x20,x27	 x20:0x00000000 x27:0x00000001 x10=0x00000001
       25215000	      2520	80002358	03fc7463	bgeu	x24,x31,80002380	 x24:0x7ef2e30c x31:0x00000000
       25225000	      2521	00000000	00000013	addi	x0,x0,0	  x0:0x00000000
       25235000	      2522	8000237c	00000013	addi	x0,x0,0	  x0:0x00000000
       25245000	      2523	80002380	00011a13	slli	x20,x2,0x0	  x2:0x00000000 x20=0x00000000
       25255000	      2524	80002384	01a2e933	or	x18,x5,x26	  x5:0x80009fc4 x26:0x00000001 x18=0x80009fc5
       25265000	      2525	80002388	40c0ddb3	sra	x27,x1,x12	  x1:0x00000000 x12:0x800021a0 x27=0x00000000
       25275000	      2526	8000238c	031d8c63	beq	x27,x17,800023c4	 x27:0x00000000 x17:0x00000000
       25285000	      2527	00000000	00000013	addi	x0,x0,0	  x0:0x00000000
       25295000	      2528	800023c0	00000013	addi	x0,x0,0	  x0:0x00000000
       25305000	      2529	800023c4	beffe913	ori	x18,x31,-1041	 x31:0x00000000 x18=0xfffffbef
       25315000	      2530	800023c8	00ec1f13	slli	x30,x24,0xe	 x24:0x7ef2e30c x30=0xb8c30000
       25325000	      2531	800023cc	00000013	addi	x0,x0,0	  x0:0x00000000
       25335000	      2532	800023d0	0024a433	slt	x8,x9,x2	  x9:0x80009f70  x2:0x00000000  x8=0x00000001
       25345000	      2533	800023d4	3fd7ca13	xori	x20,x15,1021	 x15:0xc4000000 x20=0xc40003fd
       25355000	      2534	800023d8	0386ee63	bltu	x13,x24,80002414	 x13:0x000003b5 x24:0x7ef2e30c
       25365000	      2535	00000000	00000013	addi	x0,x0,0	  x0:0x00000000
       25375000	      2536	80002410	00000013	addi	x0,x0,0	  x0:0x00000000
       25385000	      2537	80002414	00000013	addi	x0,x0,0	  x0:0x00000000
       25395000	      2538	80002418	ec010213	addi	x4,x2,-320	  x2:0x00000000  x4=0xfffffec0
       25405000	      2539	8000241c	00000013	addi	x0,x0,0	  x0:0x00000000
       25415000	      2540	80002420	001bdf13	srli	x30,x23,0x1	 x23:0x00000000 x30=0x00000000
       25425000	      2541	80002424	0266e063	bltu	x13,x6,80002444	 x13:0x000003b5  x6:0x00000000
       25435000	      2542	80002428	0368c063	blt	x17,x22,80002448	 x17:0x00000000 x22:0x00000000
       25445000	      2543	8000242c	006e5e63	bge	x28,x6,80002448	 x28:0x01400000  x6:0x00000000
       25455000	      2544	00000000	00000013	addi	x0,x0,0	  x0:0x00000000
       25465000	      2545	80002444	00000013	addi	x0,x0,0	  x0:0x00000000
       25475000	      2546	80002448	00ee1d13	slli	x26,x28,0xe	 x28:0x01400000 x26=0x00000000
       25485000	      2547	8000244c	a09469b7	lui	x19,0xa0946	 x19=0xa0946000
       25495000	      2548	80002450	4ff83193	sltiu	x3,x16,1279	 x16:0x00000005  x3=0x00000001
       25505000	      2549	80002454	01f37db3	and	x27,x6,x31	  x6:0x00000000 x31:0x00000000 x27=0x00000000
       25515000	      2550	80002458	0044a083	lw	x1,4(x9)	  x9:0x80009f70  x1=0x80001644 PA:0x80009f74
       25525000	      2551	8000245c	01448493	addi	x9,x9,20	  x9:0x80009f70  x9=0x80009f84
       25535000	      2552	80002460	6f9c9397	auipc	x7,0x6f9c9	  x7=0xef9cb45c
       25545000	      2553	80002464	00000013	addi	x0,x0,0	  x0:0x00000000
       25555000	      2554	80002468	014d1fb3	sll	x31,x26,x20	 x26:0x00000000 x20:0xc40003fd x31=0x00000000
       25565000	      2555	8000246c	016fcbb3	xor	x23,x31,x22	 x31:0x00000000 x22:0x00000000 x23=0x00000000
       25575000	      2556	80002470	005f5213	srli	x4,x30,0x5	 x30:0x00000000  x4=0x00000000
       25585000	      2557	80002474	003c6033	or	x0,x24,x3	 x24:0x7ef2e30c  x3:0x00000001
       25595000	      2558	80002478	00108b93	addi	x23,x1,1	  x1:0x80001644 x23=0x80001645
       25605000	      2559	8000247c	000b8be7	jalr	x23,x23,0	 x23:0x80001645 x23=0x8000247c
       25615000	      2560	00000000	00000013	addi	x0,x0,0	  x0:0x00000000
       25625000	      2561	80001644	00000013	addi	x0,x0,0	  x0:0x00000000
       25635000	      2562	80001648	01088733	add	x14,x17,x16	 x17:0x00000000 x16:0x00000005 x14=0x00000005
       25645000	      2563	8000164c	41368b33	sub	x22,x13,x19	 x13:0x000003b5 x19:0xa0946000 x22=0x5f6ba3b5
       25655000	      2564	80001650	417f5193	srai	x3,x30,0x17	 x30:0x00000000  x3=0x00000000
       25665000	      2565	80001654	04faee63	bltu	x21,x15,800016b0	 x21:0x00004000 x15:0xc4000000
       25675000	      2566	00000000	00000013	addi	x0,x0,0	  x0:0x00000000
       25685000	      2567	800016ac	00000013	addi	x0,x0,0	  x0:0x00000000
       25695000	      2568	800016b0	0056cfb3	xor	x31,x13,x5	 x13:0x000003b5  x5:0x80009fc4 x31=0x80009c71
       25705000	      2569	800016b4	de86ad97	auipc	x27,0xde86a	 x27=0x5e86b6b0
       25715000	      2570	800016b8	416cd6b3	sra	x13,x25,x22	 x25:0xc4000000 x22:0x5f6ba3b5 x13=0xfffffe20
       25725000	      2571	800016bc	029cec63	bltu	x25,x9,800016f4	 x25:0xc4000000  x9:0x80009f84
       25735000	      2572	800016c0	03f6fe63	bgeu	x13,x31,800016fc	 x13:0xfffffe20 x31:0x80009c71
       25745000	      2573	00000000	00000013	addi	x0,x0,0	  x0:0x00000000
       25755000	      2574	800016f8	00000013	addi	x0,x0,0	  x0:0x00000000
       25765000	      2575	800016fc	f3753997	auipc	x19,0xf3753	 x19=0x737546f8
       25775000	      2576	80001700	409053b3	sra	x7,x0,x9	  x0:0x00000000  x9:0x80009f84  x7=0x00000000
       25785000	      2577	80001704	fe053617	auipc	x12,0xfe053	 x12=0x7e054700
       25795000	      2578	80001708	d0a44c93	xori	x25,x8,-758	  x8:0x00000001 x25=0xfffffd0b
       25805000	      2579	8000170c	0198edb3	or	x27,x17,x25	 x17:0x00000000 x25:0xfffffd0b x27=0xfffffd0b
       25815000	      2580	80001710	0172fdb3	and	x27,x5,x23	  x5:0x80009fc4 x23:0x8000247c x27=0x80000444
       25825000	      2581	80001714	01f01333	sll	x6,x0,x31	  x0:0x00000000 x31:0x80009c71  x6=0x00000000
       25835000	      2582	80001718	00061633	sll	x12,x12,x0	 x12:0x7e054700  x0:0x00000000 x12=0x7e054700
       25845000	      2583	8000171c	4ecf4793	xori	x15,x30,1260	 x30:0x00000000 x15=0x000004ec
       25855000	      2584	80001720	01bc1263	bne	x24,x27,80001724	 x24:0x7ef2e30c x27:0x80000444
       25865000	      2585	00000000	00000013	addi	x0,x0,0	  x0:0x00000000
       25875000	      2586	80001720	00000013	addi	x0,x0,0	  x0:0x00000000
       25885000	      2587	80001724	00cf4a63	blt	x30,x12,80001738	 x30:0x00000000 x12:0x7e054700
       25895000	      2588	00000000	00000013	addi	x0,x0,0	  x0:0x00000000
       25905000	      2589	80001734	00000013	addi	x0,x0,0	  x0:0x00000000
       25915000	      2590	80001738	020f8063	beq	x31,x0,80001758	 x31:0x80009c71  x0:0x00000000
       25925000	      2591	8000173c	008aa1b3	slt	x3,x21,x8	 x21:0x00004000  x8:0x00000001  x3=0x00000000
       25935000	      2592	80001740	017133b3	sltu	x7,x2,x23	  x2:0x00000000 x23:0x8000247c  x7=0x00000001
       25945000	      2593	80001744	00000013	addi	x0,x0,0	  x0:0x00000000
       25955000	      2594	80001748	2f661a37	lui	x20,0x2f661	 x20=0x2f661000
       25965000	      2595	8000174c	059bd863	bge	x23,x25,8000179c	 x23:0x8000247c x25:0xfffffd0b
       25975000	      2596	80001750	01eb8663	beq	x23,x30,8000175c	 x23:0x8000247c x30:0x00000000
       25985000	      2597	80001754	016ab033	sltu	x0,x21,x22	 x21:0x00004000 x22:0x5f6ba3b5
       25995000	      2598	80001758	47200093	addi	x1,x0,1138	  x0:0x00000000  x1=0x00000472
       26005000	      2599	8000175c	01ffe6b3	or	x13,x31,x31	 x31:0x80009c71 x31:0x80009c71 x13=0x80009c71
       26015000	      2600	80001760	00000013	addi	x0,x0,0	  x0:0x00000000
       26025000	      2601	80001764	0054fa63	bgeu	x9,x5,80001778	  x9:0x80009f84  x5:0x80009fc4
       26035000	      2602	80001768	ee797093	andi	x1,x18,-281	 x18:0xfffffbef  x1=0xfffffae7
       26045000	      2603	8000176c	41e70fb3	sub	x31,x14,x30	 x14:0x00000005 x30:0x00000000 x31=0x00000005
       26055000	      2604	80001770	01dad0b3	srl	x1,x21,x29	 x21:0x00004000 x29:0x00000000  x1=0x00004000
       26065000	      2605	80001774	01469663	bne	x13,x20,80001780	 x13:0x80009c71 x20:0x2f661000
       26075000	      2606	00000000	00000013	addi	x0,x0,0	  x0:0x00000000
       26085000	      2607	8000177c	00000013	addi	x0,x0,0	  x0:0x00000000
       26095000	      2608	80001780	97f16c93	ori	x25,x2,-1665	  x2:0x00000000 x25=0xfffff97f
       26105000	      2609	80001784	00000013	addi	x0,x0,0	  x0:0x00000000
       26115000	      2610	80001788	000bc263	blt	x23,x0,8000178c	 x23:0x8000247c  x0:0x00000000
       26125000	      2611	00000000	00000013	addi	x0,x0,0	  x0:0x00000000
       26135000	      2612	80001788	00000013	addi	x0,x0,0	  x0:0x00000000
       26145000	      2613	8000178c	ef8ab713	sltiu	x14,x21,-264	 x21:0x00004000 x14=0x00000001
       26155000	      2614	80001790	5e9da693	slti	x13,x27,1513	 x27:0x80000444 x13=0x00000001
       26165000	      2615	80001794	40405613	srai	x12,x0,0x4	  x0:0x00000000 x12=0x00000000
       26175000	      2616	80001798	41695913	srai	x18,x18,0x16	 x18:0xfffffbef x18=0xffffffff
       26185000	      2617	8000179c	02674a63	blt	x14,x6,800017d0	 x14:0x00000001  x6:0x00000000
       26195000	      2618	800017a0	00000013	addi	x0,x0,0	  x0:0x00000000
       26205000	      2619	800017a4	01fece63	blt	x29,x31,800017c0	 x29:0x00000000 x31:0x00000005
       26215000	      2620	00000000	00000013	addi	x0,x0,0	  x0:0x00000000
       26225000	      2621	800017bc	00000013	addi	x0,x0,0	  x0:0x00000000
       26235000	      2622	800017c0	04f85663	bge	x16,x15,8000180c	 x16:0x00000005 x15:0x000004ec
       26245000	      2623	800017c4	00475233	srl	x4,x14,x4	 x14:0x00000001  x4:0x00000000  x4=0x00000001
       26255000	      2624	800017c8	02656263	bltu	x10,x6,800017ec	 x10:0x00000001  x6:0x00000000
       26265000	      2625	800017cc	01f13cb3	sltu	x25,x2,x31	  x2:0x00000000 x31:0x00000005 x25=0x00000001
       26275000	      2626	800017d0	000096b3	sll	x13,x1,x0	  x1:0x00004000  x0:0x00000000 x13=0x00004000
       26285000	      2627	800017d4	00b99e63	bne	x19,x11,800017f0	 x19:0x737546f8 x11:0x16fcc000
       26295000	      2628	00000000	00000013	addi	x0,x0,0	  x0:0x00000000
       26305000	      2629	800017ec	00000013	addi	x0,x0,0	  x0:0x00000000
       26315000	      2630	800017f0	411bdbb3	sra	x23,x23,x17	 x23:0x8000247c x17:0x00000000 x23=0x8000247c
       26325000	      2631	800017f4	28133c93	sltiu	x25,x6,641	  x6:0x00000000 x25=0x00000001
       26335000	      2632	800017f8	769e8613	addi	x12,x29,1897	 x29:0x00000000 x12=0x00000769
       26345000	      2633	800017fc	058a8663	beq	x21,x24,80001848	 x21:0x00004000 x24:0x7ef2e30c
       26355000	      2634	80001800	40100f33	sub	x30,x0,x1	  x0:0x00000000  x1:0x00004000 x30=0xffffc000
       26365000	      2635	80001804	020cd063	bge	x25,x0,80001824	 x25:0x00000001  x0:0x00000000
       26375000	      2636	00000000	00000013	addi	x0,x0,0	  x0:0x00000000
       26385000	      2637	80001820	00000013	addi	x0,x0,0	  x0:0x00000000
       26395000	      2638	80001824	da150393	addi	x7,x10,-607	 x10:0x00000001  x7=0xfffffda2
       26405000	      2639	80001828	89ef6e93	ori	x29,x30,-1890	 x30:0xffffc000 x29=0xfffff89e
       26415000	      2640	8000182c	0283f263	bgeu	x7,x8,80001850	  x7:0xfffffda2  x8:0x00000001
       26425000	      2641	00000000	00000013	addi	x0,x0,0	  x0:0x00000000
       26435000	      2642	8000184c	00000013	addi	x0,x0,0	  x0:0x00000000
       26445000	      2643	80001850	01441033	sll	x0,x8,x20	  x8:0x00000001 x20:0x2f661000
       26455000	      2644	80001854	016fda13	srli	x20,x31,0x16	 x31:0x00000005 x20=0x00000000
       26465000	      2645	80001858	004f17b3	sll	x15,x30,x4	 x30:0xffffc000  x4:0x00000001 x15=0xffff8000
       26475000	      2646	8000185c	40cddd93	srai	x27,x27,0xc	 x27:0x80000444 x27=0xfff80000
       26485000	      2647	80001860	0483d863	bge	x7,x8,800018b0	  x7:0xfffffda2  x8:0x00000001
       26495000	      2648	80001864	009965b3	or	x11,x18,x9	 x18:0xffffffff  x9:0x80009f84 x11=0xffffffff
       26505000	      2649	80001868	00614263	blt	x2,x6,8000186c	  x2:0x00000000  x6:0x00000000
       26515000	      2650	8000186c	a28995b7	lui	x11,0xa2899	 x11=0xa2899000
       26525000	      2651	80001870	41d109b3	sub	x19,x2,x29	  x2:0x00000000 x29:0xfffff89e x19=0x00000762
       26535000	      2652	80001874	d5702393	slti	x7,x0,-681	  x0:0x00000000  x7=0x00000000
       26545000	      2653	80001878	03cb6a63	bltu	x22,x28,800018ac	 x22:0x5f6ba3b5 x28:0x01400000
       26555000	      2654	8000187c	008d9663	bne	x27,x8,80001888	 x27:0xfff80000  x8:0x00000001
       26565000	      2655	00000000	00000013	addi	x0,x0,0	  x0:0x00000000
       26575000	      2656	80001884	00000013	addi	x0,x0,0	  x0:0x00000000
       26585000	      2657	80001888	00f25413	srli	x8,x4,0xf	  x4:0x00000001  x8=0x00000000
       26595000	      2658	8000188c	006fd233	srl	x4,x31,x6	 x31:0x00000005  x6:0x00000000  x4=0x00000005
       26605000	      2659	80001890	026ed463	bge	x29,x6,800018b8	 x29:0xfffff89e  x6:0x00000000
       26615000	      2660	80001894	0413f463	bgeu	x7,x1,800018dc	  x7:0x00000000  x1:0x00004000
       26625000	      2661	80001898	ca05e913	ori	x18,x11,-864	 x11:0xa2899000 x18=0xfffffca0
       26635000	      2662	8000189c	4193df13	srai	x30,x7,0x19	  x7:0x00000000 x30=0x00000000
       26645000	      2663	800018a0	00202433	slt	x8,x0,x2	  x0:0x00000000  x2:0x00000000  x8=0x00000000
       26655000	      2664	800018a4	00c5a133	slt	x2,x11,x12	 x11:0xa2899000 x12:0x00000769  x2=0x00000001
       26665000	      2665	800018a8	005d0333	add	x6,x26,x5	 x26:0x00000000  x5:0x80009fc4  x6=0x80009fc4
       26675000	      2666	800018ac	01471633	sll	x12,x14,x20	 x14:0x00000001 x20:0x00000000 x12=0x00000001
       26685000	      2667	800018b0	00d15e63	bge	x2,x13,800018cc	  x2:0x00000001 x13:0x00004000
       26695000	      2668	800018b4	23d6a093	slti	x1,x13,573	 x13:0x00004000  x1=0x00000000
       26705000	      2669	800018b8	002dfd33	and	x26,x27,x2	 x27:0xfff80000  x2:0x00000001 x26=0x00000000
       26715000	      2670	800018bc	c8c16193	ori	x3,x2,-884	  x2:0x00000001  x3=0xfffffc8d
       26725000	      2671	800018c0	3d068cb7	lui	x25,0x3d068	 x25=0x3d068000
       26735000	      2672	800018c4	0071d263	bge	x3,x7,800018c8	  x3:0xfffffc8d  x7:0x00000000
       26745000	      2673	800018c8	00ed4a63	blt	x26,x14,800018dc	 x26:0x00000000 x14:0x00000001
       26755000	      2674	00000000	00000013	addi	x0,x0,0	  x0:0x00000000
       26765000	      2675	800018d8	00000013	addi	x0,x0,0	  x0:0x00000000
       26775000	      2676	800018dc	01556a63	bltu	x10,x21,800018f0	 x10:0x00000001 x21:0x00004000
       26785000	      2677	00000000	00000013	addi	x0,x0,0	  x0:0x00000000
       26795000	      2678	800018ec	00000013	addi	x0,x0,0	  x0:0x00000000
       26805000	      2679	800018f0	026cd263	bge	x25,x6,80001914	 x25:0x3d068000  x6:0x80009fc4
       26815000	      2680	00000000	00000013	addi	x0,x0,0	  x0:0x00000000
       26825000	      2681	80001910	00000013	addi	x0,x0,0	  x0:0x00000000
       26835000	      2682	80001914	d394ae93	slti	x29,x9,-711	  x9:0x80009f84 x29=0x00000001
       26845000	      2683	80001918	016db733	sltu	x14,x27,x22	 x27:0xfff80000 x22:0x5f6ba3b5 x14=0x00000000
       26855000	      2684	8000191c	01b5f663	bgeu	x11,x27,80001928	 x11:0xa2899000 x27:0xfff80000
       26865000	      2685	80001920	01307433	and	x8,x0,x19	  x0:0x00000000 x19:0x00000762  x8=0x00000000
       26875000	      2686	80001924	03a57c63	bgeu	x10,x26,8000195c	 x10:0x00000001 x26:0x00000000
       26885000	      2687	00000000	00000013	addi	x0,x0,0	  x0:0x00000000
       26895000	      2688	80001958	00000013	addi	x0,x0,0	  x0:0x00000000
       26905000	      2689	8000195c	0147d093	srli	x1,x15,0x14	 x15:0xffff8000  x1=0x00000fff
       26915000	      2690	80001960	016851b3	srl	x3,x16,x22	 x16:0x00000005 x22:0x5f6ba3b5  x3=0x00000000
       26925000	      2691	80001964	c8907697	auipc	x13,0xc8907	 x13=0x48908960
       26935000	      2692	80001968	0049bab3	sltu	x21,x19,x4	 x19:0x00000762  x4:0x00000005 x21=0x00000000
       26945000	      2693	8000196c	0329fa63	bgeu	x19,x18,800019a0	 x19:0x00000762 x18:0xfffffca0
       26955000	      2694	80001970	01648eb3	add	x29,x9,x22	  x9:0x80009f84 x22:0x5f6ba3b5 x29=0xdf6c4339
       26965000	      2695	80001974	a0e47913	andi	x18,x8,-1522	  x8:0x00000000 x18=0x00000000
       26975000	      2696	80001978	00000013	addi	x0,x0,0	  x0:0x00000000
       26985000	      2697	8000197c	e9aa8b93	addi	x23,x21,-358	 x21:0x00000000 x23=0xfffffe9a
       26995000	      2698	80001980	01819b33	sll	x22,x3,x24	  x3:0x00000000 x24:0x7ef2e30c x22=0x00000000
       27005000	      2699	80001984	05cce663	bltu	x25,x28,800019d0	 x25:0x3d068000 x28:0x01400000
       27015000	      2700	80001988	01762e33	slt	x28,x12,x23	 x12:0x00000001 x23:0xfffffe9a x28=0x00000000
       27025000	      2701	8000198c	00b4cab3	xor	x21,x9,x11	  x9:0x80009f84 x11:0xa2899000 x21=0x22890f84
       27035000	      2702	80001990	401c08b3	sub	x17,x24,x1	 x24:0x7ef2e30c  x1:0x00000fff x17=0x7ef2d30d
       27045000	      2703	80001994	418f6093	ori	x1,x30,1048	 x30:0x00000000  x1=0x00000418
       27055000	      2704	80001998	fb77c693	xori	x13,x15,-73	 x15:0xffff8000 x13=0x00007fb7
       27065000	      2705	8000199c	59f86f13	ori	x30,x16,1439	 x16:0x00000005 x30=0x0000059f
       27075000	      2706	800019a0	044e5863	bge	x28,x4,800019f0	 x28:0x00000000  x4:0x00000005
       27085000	      2707	800019a4	01296a63	bltu	x18,x18,800019b8	 x18:0x00000000 x18:0x00000000
       27095000	      2708	800019a8	01ca1233	sll	x4,x20,x28	 x20:0x00000000 x28:0x00000000  x4=0x00000000
       27105000	      2709	800019ac	01eb2033	slt	x0,x22,x30	 x22:0x00000000 x30:0x0000059f
       27115000	      2710	800019b0	9675aa93	slti	x21,x11,-1689	 x11:0xa2899000 x21=0x00000001
       27125000	      2711	800019b4	017635b3	sltu	x11,x12,x23	 x12:0x00000001 x23:0xfffffe9a x11=0x00000001
       27135000	      2712	800019b8	01d77c33	and	x24,x14,x29	 x14:0x00000000 x29:0xdf6c4339 x24=0x00000000
       27145000	      2713	800019bc	00a5b133	sltu	x2,x11,x10	 x11:0x00000001 x10:0x00000001  x2=0x00000000
       27155000	      2714	800019c0	00b76033	or	x0,x14,x11	 x14:0x00000000 x11:0x00000001
       27165000	      2715	800019c4	04181663	bne	x16,x1,80001a10	 x16:0x00000005  x1:0x00000418
       27175000	      2716	00000000	00000013	addi	x0,x0,0	  x0:0x00000000
       27185000	      2717	80001a0c	00000013	addi	x0,x0,0	  x0:0x00000000
       27195000	      2718	80001a10	0f59be13	sltiu	x28,x19,245	 x19:0x00000762 x28=0x00000000
       27205000	      2719	80001a14	4bf56f37	lui	x30,0x4bf56	 x30=0x4bf56000
       27215000	      2720	80001a18	00a3f333	and	x6,x7,x10	  x7:0x00000000 x10:0x00000001  x6=0x00000000
       27225000	      2721	80001a1c	4e7ba197	auipc	x3,0x4e7ba	  x3=0xce7bba18
       27235000	      2722	80001a20	01aeca63	blt	x29,x26,80001a34	 x29:0xdf6c4339 x26:0x00000000
       27245000	      2723	00000000	00000013	addi	x0,x0,0	  x0:0x00000000
       27255000	      2724	80001a30	00000013	addi	x0,x0,0	  x0:0x00000000
       27265000	      2725	80001a34	0044f463	bgeu	x9,x4,80001a3c	  x9:0x80009f84  x4:0x00000000
       27275000	      2726	00000000	00000013	addi	x0,x0,0	  x0:0x00000000
       27285000	      2727	80001a38	00000013	addi	x0,x0,0	  x0:0x00000000
       27295000	      2728	80001a3c	00000013	addi	x0,x0,0	  x0:0x00000000
       27305000	      2729	80001a40	409a5333	sra	x6,x20,x9	 x20:0x00000000  x9:0x80009f84  x6=0x00000000
       27315000	      2730	80001a44	01ef2b33	slt	x22,x30,x30	 x30:0x4bf56000 x30:0x4bf56000 x22=0x00000000
       27325000	      2731	80001a48	0343d063	bge	x7,x20,80001a68	  x7:0x00000000 x20:0x00000000
       27335000	      2732	00000000	00000013	addi	x0,x0,0	  x0:0x00000000
       27345000	      2733	80001a64	00000013	addi	x0,x0,0	  x0:0x00000000
       27355000	      2734	80001a68	00000013	addi	x0,x0,0	  x0:0x00000000
       27365000	      2735	80001a6c	bc1c4a93	xori	x21,x24,-1087	 x24:0x00000000 x21=0xfffffbc1
       27375000	      2736	80001a70	5aa45fb7	lui	x31,0x5aa45	 x31=0x5aa45000
       27385000	      2737	80001a74	4158d013	srai	x0,x17,0x15	 x17:0x7ef2d30d
       27395000	      2738	80001a78	2b701bb7	lui	x23,0x2b701	 x23=0x2b701000
       27405000	      2739	80001a7c	0341da63	bge	x3,x20,80001ab0	  x3:0xce7bba18 x20:0x00000000
       27415000	      2740	80001a80	6491f093	andi	x1,x3,1609	  x3:0xce7bba18  x1=0x00000208
       27425000	      2741	80001a84	03ad1463	bne	x26,x26,80001aac	 x26:0x00000000 x26:0x00000000
       27435000	      2742	80001a88	4073d513	srai	x10,x7,0x7	  x7:0x00000000 x10=0x00000000
       27445000	      2743	80001a8c	039d7063	bgeu	x26,x25,80001aac	 x26:0x00000000 x25:0x3d068000
       27455000	      2744	80001a90	01c66ab3	or	x21,x12,x28	 x12:0x00000001 x28:0x00000000 x21=0x00000001
       27465000	      2745	80001a94	033ed063	bge	x29,x19,80001ab4	 x29:0xdf6c4339 x19:0x00000762
       27475000	      2746	80001a98	02891c63	bne	x18,x8,80001ad0	 x18:0x00000000  x8:0x00000000
       27485000	      2747	80001a9c	40bb5033	sra	x0,x22,x11	 x22:0x00000000 x11:0x00000001
       27495000	      2748	80001aa0	a4cf3393	sltiu	x7,x30,-1460	 x30:0x4bf56000  x7=0x00000001
       27505000	      2749	80001aa4	dd95fd93	andi	x27,x11,-551	 x11:0x00000001 x27=0x00000001
       27515000	      2750	80001aa8	05da6463	bltu	x20,x29,80001af0	 x20:0x00000000 x29:0xdf6c4339
       27525000	      2751	00000000	00000013	addi	x0,x0,0	  x0:0x00000000
       27535000	      2752	80001aec	00000013	addi	x0,x0,0	  x0:0x00000000
       27545000	      2753	80001af0	00000013	addi	x0,x0,0	  x0:0x00000000
       27555000	      2754	80001af4	004636b3	sltu	x13,x12,x4	 x12:0x00000001  x4:0x00000000 x13=0x00000000
       27565000	      2755	80001af8	00ae9733	sll	x14,x29,x10	 x29:0xdf6c4339 x10:0x00000000 x14=0xdf6c4339
       27575000	      2756	80001afc	010600b3	add	x1,x12,x16	 x12:0x00000001 x16:0x00000005  x1=0x00000006
       27585000	      2757	80001b00	c44d0793	addi	x15,x26,-956	 x26:0x00000000 x15=0xfffffc44
       27595000	      2758	80001b04	00a30e63	beq	x6,x10,80001b20	  x6:0x00000000 x10:0x00000000
       27605000	      2759	00000000	00000013	addi	x0,x0,0	  x0:0x00000000
       27615000	      2760	80001b1c	00000013	addi	x0,x0,0	  x0:0x00000000
       27625000	      2761	80001b20	016fed33	or	x26,x31,x22	 x31:0x5aa45000 x22:0x00000000 x26=0x5aa45000
       27635000	      2762	80001b24	001df663	bgeu	x27,x1,80001b30	 x27:0x00000001  x1:0x00000006
       27645000	      2763	80001b28	d6393693	sltiu	x13,x18,-669	 x18:0x00000000 x13=0x00000001
       27655000	      2764	80001b2c	2ef54d17	auipc	x26,0x2ef54	 x26=0xaef55b28
       27665000	      2765	80001b30	00725cb3	srl	x25,x4,x7	  x4:0x00000000  x7:0x00000001 x25=0x00000000
       27675000	      2766	80001b34	41ecdd93	srai	x27,x25,0x1e	 x25:0x00000000 x27=0x00000000
       27685000	      2767	80001b38	00129793	slli	x15,x5,0x1	  x5:0x80009fc4 x15=0x00013f88
       27695000	      2768	80001b3c	033d1663	bne	x26,x19,80001b68	 x26:0xaef55b28 x19:0x00000762
       27705000	      2769	00000000	00000013	addi	x0,x0,0	  x0:0x00000000
       27715000	      2770	80001b64	00000013	addi	x0,x0,0	  x0:0x00000000
       27725000	      2771	80001b68	40730933	sub	x18,x6,x7	  x6:0x00000000  x7:0x00000001 x18=0xffffffff
       27735000	      2772	80001b6c	111a3093	sltiu	x1,x20,273	 x20:0x00000000  x1=0x00000001
       27745000	      2773	80001b70	01d01213	slli	x4,x0,0x1d	  x0:0x00000000  x4=0x00000000
       27755000	      2774	80001b74	000fec33	or	x24,x31,x0	 x31:0x5aa45000  x0:0x00000000 x24=0x5aa45000
       27765000	      2775	80001b78	fa588513	addi	x10,x17,-91	 x17:0x7ef2d30d x10=0x7ef2d2b2
       27775000	      2776	80001b7c	04ded863	bge	x29,x13,80001bcc	 x29:0xdf6c4339 x13:0x00000001
       27785000	      2777	80001b80	00d4c663	blt	x9,x13,80001b8c	  x9:0x80009f84 x13:0x00000001
       27795000	      2778	00000000	00000013	addi	x0,x0,0	  x0:0x00000000
       27805000	      2779	80001b88	00000013	addi	x0,x0,0	  x0:0x00000000
       27815000	      2780	80001b8c	01f2abb3	slt	x23,x5,x31	  x5:0x80009fc4 x31:0x5aa45000 x23=0x00000001
       27825000	      2781	80001b90	00182133	slt	x2,x16,x1	 x16:0x00000005  x1:0x00000001  x2=0x00000000
       27835000	      2782	80001b94	c27dfb37	lui	x22,0xc27df	 x22=0xc27df000
       27845000	      2783	80001b98	0306d263	bge	x13,x16,80001bbc	 x13:0x00000001 x16:0x00000005
       27855000	      2784	80001b9c	d6ed3693	sltiu	x13,x26,-658	 x26:0xaef55b28 x13=0x00000001
       27865000	      2785	80001ba0	009a1d13	slli	x26,x20,0x9	 x20:0x00000000 x26=0x00000000
       27875000	      2786	80001ba4	00362cb3	slt	x25,x12,x3	 x12:0x00000001  x3:0xce7bba18 x25=0x00000000
       27885000	      2787	80001ba8	061be937	lui	x18,0x61be	 x18=0x061be000
       27895000	      2788	80001bac	72ddee37	lui	x28,0x72dde	 x28=0x72dde000
       27905000	      2789	80001bb0	000108b3	add	x17,x2,x0	  x2:0x00000000  x0:0x00000000 x17=0x00000000
       27915000	      2790	80001bb4	01a95a13	srli	x20,x18,0x1a	 x18:0x061be000 x20=0x00000001
       27925000	      2791	80001bb8	003e9ab3	sll	x21,x29,x3	 x29:0xdf6c4339  x3:0xce7bba18 x21=0x39000000
       27935000	      2792	80001bbc	394c2f13	slti	x30,x24,916	 x24:0x5aa45000 x30=0x00000000
       27945000	      2793	80001bc0	0084c0b3	xor	x1,x9,x8	  x9:0x80009f84  x8:0x00000000  x1=0x80009f84
       27955000	      2794	80001bc4	00a763b3	or	x7,x14,x10	 x14:0xdf6c4339 x10:0x7ef2d2b2  x7=0xfffed3bb
       27965000	      2795	80001bc8	404705b3	sub	x11,x14,x4	 x14:0xdf6c4339  x4:0x00000000 x11=0xdf6c4339
       27975000	      2796	80001bcc	23fa6913	ori	x18,x20,575	 x20:0x00000001 x18=0x0000023f
       27985000	      2797	80001bd0	0c9ba693	slti	x13,x23,201	 x23:0x00000001 x13=0x00000001
       27995000	      2798	80001bd4	01302f33	slt	x30,x0,x19	  x0:0x00000000 x19:0x00000762 x30=0x00000001
       28005000	      2799	80001bd8	017758b3	srl	x17,x14,x23	 x14:0xdf6c4339 x23:0x00000001 x17=0x6fb6219c
       28015000	      2800	80001bdc	00000013	addi	x0,x0,0	  x0:0x00000000
       28025000	      2801	80001be0	00fa9c93	slli	x25,x21,0xf	 x21:0x39000000 x25=0x00000000
       28035000	      2802	80001be4	01d93333	sltu	x6,x18,x29	 x18:0x0000023f x29:0xdf6c4339  x6=0x00000001
       28045000	      2803	80001be8	00000013	addi	x0,x0,0	  x0:0x00000000
       28055000	      2804	80001bec	0045b433	sltu	x8,x11,x4	 x11:0xdf6c4339  x4:0x00000000  x8=0x00000000
       28065000	      2805	80001bf0	05bcd863	bge	x25,x27,80001c40	 x25:0x00000000 x27:0x00000000
       28075000	      2806	00000000	00000013	addi	x0,x0,0	  x0:0x00000000
       28085000	      2807	80001c3c	00000013	addi	x0,x0,0	  x0:0x00000000
       28095000	      2808	80001c40	0a9e6a63	bltu	x28,x9,80001cf4	 x28:0x72dde000  x9:0x80009f84
       28105000	      2809	00000000	00000013	addi	x0,x0,0	  x0:0x00000000
       28115000	      2810	80001cf0	00000013	addi	x0,x0,0	  x0:0x00000000
       28125000	      2811	80001cf4	6f3e7b13	andi	x22,x28,1779	 x28:0x72dde000 x22=0x00000000
       28135000	      2812	80001cf8	bc0dc097	auipc	x1,0xbc0dc	  x1=0x3c0ddcf4
       28145000	      2813	80001cfc	00000013	addi	x0,x0,0	  x0:0x00000000
       28155000	      2814	80001d00	007fc0b3	xor	x1,x31,x7	 x31:0x5aa45000  x7:0xfffed3bb  x1=0xa55a83bb
       28165000	      2815	80001d04	4049de93	srai	x29,x19,0x4	 x19:0x00000762 x29=0x00000076
       28175000	      2816	80001d08	4197d013	srai	x0,x15,0x19	 x15:0x00013f88
       28185000	      2817	80001d0c	00300133	add	x2,x0,x3	  x0:0x00000000  x3:0xce7bba18  x2=0xce7bba18
       28195000	      2818	80001d10	0cb47193	andi	x3,x8,203	  x8:0x00000000  x3=0x00000000
       28205000	      2819	80001d14	5a41b597	auipc	x11,0x5a41b	 x11=0xda41cd10
       28215000	      2820	80001d18	010ef463	bgeu	x29,x16,80001d20	 x29:0x00000076 x16:0x00000005
       28225000	      2821	00000000	00000013	addi	x0,x0,0	  x0:0x00000000
       28235000	      2822	80001d1c	00000013	addi	x0,x0,0	  x0:0x00000000
       28245000	      2823	80001d20	014fb3b3	sltu	x7,x31,x20	 x31:0x5aa45000 x20:0x00000001  x7=0x00000000
       28255000	      2824	80001d24	0123de63	bge	x7,x18,80001d40	  x7:0x00000000 x18:0x0000023f
       28265000	      2825	80001d28	01395313	srli	x6,x18,0x13	 x18:0x0000023f  x6=0x00000000
       28275000	      2826	80001d2c	03794663	blt	x18,x23,80001d58	 x18:0x0000023f x23:0x00000001
       28285000	      2827	80001d30	0008e663	bltu	x17,x0,80001d3c	 x17:0x6fb6219c  x0:0x00000000
       28295000	      2828	80001d34	00f74f33	xor	x30,x14,x15	 x14:0xdf6c4339 x15:0x00013f88 x30=0xdf6d7cb1
       28305000	      2829	80001d38	008719b3	sll	x19,x14,x8	 x14:0xdf6c4339  x8:0x00000000 x19=0xdf6c4339
       28315000	      2830	80001d3c	4bbc8413	addi	x8,x25,1211	 x25:0x00000000  x8=0x000004bb
       28325000	      2831	80001d40	40dddf93	srai	x31,x27,0xd	 x27:0x00000000 x31=0x00000000
       28335000	      2832	80001d44	41d288b3	sub	x17,x5,x29	  x5:0x80009fc4 x29:0x00000076 x17=0x80009f4e
       28345000	      2833	80001d48	4ae923b7	lui	x7,0x4ae92	  x7=0x4ae92000
       28355000	      2834	80001d4c	ba527113	andi	x2,x4,-1115	  x4:0x00000000  x2=0x00000000
       28365000	      2835	80001d50	01274e33	xor	x28,x14,x18	 x14:0xdf6c4339 x18:0x0000023f x28=0xdf6c4106
       28375000	      2836	80001d54	008e1e33	sll	x28,x28,x8	 x28:0xdf6c4106  x8:0x000004bb x28=0x30000000
       28385000	      2837	80001d58	9cdda637	lui	x12,0x9cdda	 x12=0x9cdda000
       28395000	      2838	80001d5c	00ea9033	sll	x0,x21,x14	 x21:0x39000000 x14:0xdf6c4339
       28405000	      2839	80001d60	01913933	sltu	x18,x2,x25	  x2:0x00000000 x25:0x00000000 x18=0x00000000
       28415000	      2840	80001d64	07957863	bgeu	x10,x25,80001dd4	 x10:0x7ef2d2b2 x25:0x00000000
       28425000	      2841	00000000	00000013	addi	x0,x0,0	  x0:0x00000000
       28435000	      2842	80001dd0	00000013	addi	x0,x0,0	  x0:0x00000000
       28445000	      2843	80001dd4	40e0dbb3	sra	x23,x1,x14	  x1:0xa55a83bb x14:0xdf6c4339 x23=0xffffffd2
       28455000	      2844	80001dd8	cf384f37	lui	x30,0xcf384	 x30=0xcf384000
       28465000	      2845	80001ddc	a866c413	xori	x8,x13,-1402	 x13:0x00000001  x8=0xfffffa87
       28475000	      2846	80001de0	04c65663	bge	x12,x12,80001e2c	 x12:0x9cdda000 x12:0x9cdda000
       28485000	      2847	00000000	00000013	addi	x0,x0,0	  x0:0x00000000
       28495000	      2848	80001e28	00000013	addi	x0,x0,0	  x0:0x00000000
       28505000	      2849	80001e2c	15056693	ori	x13,x10,336	 x10:0x7ef2d2b2 x13=0x7ef2d3f2
       28515000	      2850	80001e30	1cfbcc13	xori	x24,x23,463	 x23:0xffffffd2 x24=0xfffffe1d
       28525000	      2851	80001e34	4f3b1517	auipc	x10,0x4f3b1	 x10=0xcf3b2e30
       28535000	      2852	80001e38	66670093	addi	x1,x14,1638	 x14:0xdf6c4339  x1=0xdf6c499f
       28545000	      2853	80001e3c	2a4e4b13	xori	x22,x28,676	 x28:0x30000000 x22=0x300002a4
       28555000	      2854	80001e40	01a11c63	bne	x2,x26,80001e58	  x2:0x00000000 x26:0x00000000
       28565000	      2855	80001e44	01379913	slli	x18,x15,0x13	 x15:0x00013f88 x18=0xfc400000
       28575000	      2856	80001e48	007d4033	xor	x0,x26,x7	 x26:0x00000000  x7:0x4ae92000
       28585000	      2857	80001e4c	006b6fb3	or	x31,x22,x6	 x22:0x300002a4  x6:0x00000000 x31=0x300002a4
       28595000	      2858	80001e50	57162517	auipc	x10,0x57162	 x10=0xd7163e4c
       28605000	      2859	80001e54	09d40d93	addi	x27,x8,157	  x8:0xfffffa87 x27=0xfffffb24
       28615000	      2860	80001e58	00499393	slli	x7,x19,0x4	 x19:0xdf6c4339  x7=0xf6c43390
       28625000	      2861	80001e5c	049d9663	bne	x27,x9,80001ea8	 x27:0xfffffb24  x9:0x80009f84
       28635000	      2862	00000000	00000013	addi	x0,x0,0	  x0:0x00000000
       28645000	      2863	80001ea4	00000013	addi	x0,x0,0	  x0:0x00000000
       28655000	      2864	80001ea8	41ec5193	srai	x3,x24,0x1e	 x24:0xfffffe1d  x3=0xffffffff
       28665000	      2865	80001eac	00a08533	add	x10,x1,x10	  x1:0xdf6c499f x10:0xd7163e4c x10=0xb68287eb
       28675000	      2866	80001eb0	04ebf863	bgeu	x23,x14,80001f00	 x23:0xffffffd2 x14:0xdf6c4339
       28685000	      2867	00000000	00000013	addi	x0,x0,0	  x0:0x00000000
       28695000	      2868	80001efc	00000013	addi	x0,x0,0	  x0:0x00000000
       28705000	      2869	80001f00	0be65663	bge	x12,x30,80001fac	 x12:0x9cdda000 x30:0xcf384000
       28715000	      2870	80001f04	dc8661b7	lui	x3,0xdc866	  x3=0xdc866000
       28725000	      2871	80001f08	08808663	beq	x1,x8,80001f94	  x1:0xdf6c499f  x8:0xfffffa87
       28735000	      2872	80001f0c	010f69b3	or	x19,x30,x16	 x30:0xcf384000 x16:0x00000005 x19=0xcf384005
       28745000	      2873	80001f10	81dd3c17	auipc	x24,0x81dd3	 x24=0x01dd4f0c
       28755000	      2874	80001f14	01dbe3b3	or	x7,x23,x29	 x23:0xffffffd2 x29:0x00000076  x7=0xfffffff6
       28765000	      2875	80001f18	0102e6b3	or	x13,x5,x16	  x5:0x80009fc4 x16:0x00000005 x13=0x80009fc5
       28775000	      2876	80001f1c	030000ef	jal	x1,80001f1c	  x1=0x80001f1c
       28785000	      2877	00000000	00000013	addi	x0,x0,0	  x0:0x00000000
       28795000	      2878	80001f48	00000013	addi	x0,x0,0	  x0:0x00000000
       28805000	      2879	80001f4c	fe5ff5ef	jal	x11,80001f4c	 x11=0x80001f4c
       28815000	      2880	00000000	00000013	addi	x0,x0,0	  x0:0x00000000
       28825000	      2881	80001f2c	00000013	addi	x0,x0,0	  x0:0x00000000
       28835000	      2882	80001f30	0200036f	jal	x6,80001f30	  x6=0x80001f30
       28845000	      2883	00000000	00000013	addi	x0,x0,0	  x0:0x00000000
       28855000	      2884	80001f4c	00000013	addi	x0,x0,0	  x0:0x00000000
       28865000	      2885	80001f50	0300036f	jal	x6,80001f50	  x6=0x80001f50
       28875000	      2886	00000000	00000013	addi	x0,x0,0	  x0:0x00000000
       28885000	      2887	80001f7c	00000013	addi	x0,x0,0	  x0:0x00000000
       28895000	      2888	80001f80	fa5ff8ef	jal	x17,80001f80	 x17=0x80001f80
       28905000	      2889	00000000	00000013	addi	x0,x0,0	  x0:0x00000000
       28915000	      2890	80001f20	00000013	addi	x0,x0,0	  x0:0x00000000
       28925000	      2891	80001f24	0140036f	jal	x6,80001f24	  x6=0x80001f24
       28935000	      2892	00000000	00000013	addi	x0,x0,0	  x0:0x00000000
       28945000	      2893	80001f34	00000013	addi	x0,x0,0	  x0:0x00000000
       28955000	      2894	80001f38	044000ef	jal	x1,80001f38	  x1=0x80001f38
       28965000	      2895	00000000	00000013	addi	x0,x0,0	  x0:0x00000000
       28975000	      2896	80001f78	00000013	addi	x0,x0,0	  x0:0x00000000
       28985000	      2897	80001f7c	fddff0ef	jal	x1,80001f7c	  x1=0x80001f7c
       28995000	      2898	00000000	00000013	addi	x0,x0,0	  x0:0x00000000
       29005000	      2899	80001f54	00000013	addi	x0,x0,0	  x0:0x00000000
       29015000	      2900	80001f58	fedff0ef	jal	x1,80001f58	  x1=0x80001f58
       29025000	      2901	00000000	00000013	addi	x0,x0,0	  x0:0x00000000
       29035000	      2902	80001f40	00000013	addi	x0,x0,0	  x0:0x00000000
       29045000	      2903	80001f44	044000ef	jal	x1,80001f44	  x1=0x80001f44
       29055000	      2904	00000000	00000013	addi	x0,x0,0	  x0:0x00000000
       29065000	      2905	80001f84	00000013	addi	x0,x0,0	  x0:0x00000000
       29075000	      2906	80001f88	fadff66f	jal	x12,80001f88	 x12=0x80001f88
       29085000	      2907	00000000	00000013	addi	x0,x0,0	  x0:0x00000000
       29095000	      2908	80001f30	00000013	addi	x0,x0,0	  x0:0x00000000
       29105000	      2909	80001f34	02c0066f	jal	x12,80001f34	 x12=0x80001f34
       29115000	      2910	00000000	00000013	addi	x0,x0,0	  x0:0x00000000
       29125000	      2911	80001f5c	00000013	addi	x0,x0,0	  x0:0x00000000
       29135000	      2912	80001f60	02c0016f	jal	x2,80001f60	  x2=0x80001f60
       29145000	      2913	00000000	00000013	addi	x0,x0,0	  x0:0x00000000
       29155000	      2914	80001f88	00000013	addi	x0,x0,0	  x0:0x00000000
       29165000	      2915	80001f8c	f9dff0ef	jal	x1,80001f8c	  x1=0x80001f8c
       29175000	      2916	00000000	00000013	addi	x0,x0,0	  x0:0x00000000
       29185000	      2917	80001f24	00000013	addi	x0,x0,0	  x0:0x00000000
       29195000	      2918	80001f28	02c000ef	jal	x1,80001f28	  x1=0x80001f28
       29205000	      2919	00000000	00000013	addi	x0,x0,0	  x0:0x00000000
       29215000	      2920	80001f50	00000013	addi	x0,x0,0	  x0:0x00000000
       29225000	      2921	80001f54	008000ef	jal	x1,80001f54	  x1=0x80001f54
       29235000	      2922	00000000	00000013	addi	x0,x0,0	  x0:0x00000000
       29245000	      2923	80001f58	00000013	addi	x0,x0,0	  x0:0x00000000
       29255000	      2924	80001f5c	00c000ef	jal	x1,80001f5c	  x1=0x80001f5c
       29265000	      2925	00000000	00000013	addi	x0,x0,0	  x0:0x00000000
       29275000	      2926	80001f64	00000013	addi	x0,x0,0	  x0:0x00000000
       29285000	      2927	80001f68	008000ef	jal	x1,80001f68	  x1=0x80001f68
       29295000	      2928	00000000	00000013	addi	x0,x0,0	  x0:0x00000000
       29305000	      2929	80001f6c	00000013	addi	x0,x0,0	  x0:0x00000000
       29315000	      2930	80001f70	004000ef	jal	x1,80001f70	  x1=0x80001f70
       29325000	      2931	00000000	00000013	addi	x0,x0,0	  x0:0x00000000
       29335000	      2932	80001f70	00000013	addi	x0,x0,0	  x0:0x00000000
       29345000	      2933	80001f74	0100096f	jal	x18,80001f74	 x18=0x80001f74
       29355000	      2934	00000000	00000013	addi	x0,x0,0	  x0:0x00000000
       29365000	      2935	80001f80	00000013	addi	x0,x0,0	  x0:0x00000000
       29375000	      2936	80001f84	fb9fffef	jal	x31,80001f84	 x31=0x80001f84
       29385000	      2937	00000000	00000013	addi	x0,x0,0	  x0:0x00000000
       29395000	      2938	80001f38	00000013	addi	x0,x0,0	  x0:0x00000000
       29405000	      2939	80001f3c	0040036f	jal	x6,80001f3c	  x6=0x80001f3c
       29415000	      2940	00000000	00000013	addi	x0,x0,0	  x0:0x00000000
       29425000	      2941	80001f3c	00000013	addi	x0,x0,0	  x0:0x00000000
       29435000	      2942	80001f40	fe1ff0ef	jal	x1,80001f40	  x1=0x80001f40
       29445000	      2943	00000000	00000013	addi	x0,x0,0	  x0:0x00000000
       29455000	      2944	80001f1c	00000013	addi	x0,x0,0	  x0:0x00000000
       29465000	      2945	80001f20	058000ef	jal	x1,80001f20	  x1=0x80001f20
       29475000	      2946	00000000	00000013	addi	x0,x0,0	  x0:0x00000000
       29485000	      2947	80001f74	00000013	addi	x0,x0,0	  x0:0x00000000
       29495000	      2948	80001f78	fd1ff96f	jal	x18,80001f78	 x18=0x80001f78
       29505000	      2949	00000000	00000013	addi	x0,x0,0	  x0:0x00000000
       29515000	      2950	80001f44	00000013	addi	x0,x0,0	  x0:0x00000000
       29525000	      2951	80001f48	01c0026f	jal	x4,80001f48	  x4=0x80001f48
       29535000	      2952	00000000	00000013	addi	x0,x0,0	  x0:0x00000000
       29545000	      2953	80001f60	00000013	addi	x0,x0,0	  x0:0x00000000
       29555000	      2954	80001f64	fc9ff36f	jal	x6,80001f64	  x6=0x80001f64
       29565000	      2955	00000000	00000013	addi	x0,x0,0	  x0:0x00000000
       29575000	      2956	80001f28	00000013	addi	x0,x0,0	  x0:0x00000000
       29585000	      2957	80001f2c	0400036f	jal	x6,80001f2c	  x6=0x80001f2c
       29595000	      2958	00000000	00000013	addi	x0,x0,0	  x0:0x00000000
       29605000	      2959	80001f68	00000013	addi	x0,x0,0	  x0:0x00000000
       29615000	      2960	80001f6c	024000ef	jal	x1,80001f6c	  x1=0x80001f6c
       29625000	      2961	00000000	00000013	addi	x0,x0,0	  x0:0x00000000
       29635000	      2962	80001f8c	00000013	addi	x0,x0,0	  x0:0x00000000
       29645000	      2963	80001f90	54257393	andi	x7,x10,1346	 x10:0xb68287eb  x7=0x00000542
       29655000	      2964	80001f94	01c5f333	and	x6,x11,x28	 x11:0x80001f4c x28:0x30000000  x6=0x00000000
       29665000	      2965	80001f98	008a8c13	addi	x24,x21,8	 x21:0x39000000 x24=0x39000008
       29675000	      2966	80001f9c	01fd1093	slli	x1,x26,0x1f	 x26:0x00000000  x1=0x00000000
       29685000	      2967	80001fa0	03608a63	beq	x1,x22,80001fd4	  x1:0x00000000 x22:0x300002a4
       29695000	      2968	80001fa4	007427b3	slt	x15,x8,x7	  x8:0xfffffa87  x7:0x00000542 x15=0x00000001
       29705000	      2969	80001fa8	03ab5063	bge	x22,x26,80001fc8	 x22:0x300002a4 x26:0x00000000
       29715000	      2970	00000000	00000013	addi	x0,x0,0	  x0:0x00000000
       29725000	      2971	80001fc4	00000013	addi	x0,x0,0	  x0:0x00000000
       29735000	      2972	80001fc8	0015eb33	or	x22,x11,x1	 x11:0x80001f4c  x1:0x00000000 x22=0x80001f4c
       29745000	      2973	80001fcc	009de333	or	x6,x27,x9	 x27:0xfffffb24  x9:0x80009f84  x6=0xffffffa4
       29755000	      2974	80001fd0	01b85c63	bge	x16,x27,80001fe8	 x16:0x00000005 x27:0xfffffb24
       29765000	      2975	00000000	00000013	addi	x0,x0,0	  x0:0x00000000
       29775000	      2976	80001fe4	00000013	addi	x0,x0,0	  x0:0x00000000
       29785000	      2977	80001fe8	015bd1b3	srl	x3,x23,x21	 x23:0xffffffd2 x21:0x39000000  x3=0xffffffd2
       29795000	      2978	80001fec	00dd1893	slli	x17,x26,0xd	 x26:0x00000000 x17=0x00000000
       29805000	      2979	80001ff0	31ea4713	xori	x14,x20,798	 x20:0x00000001 x14=0x0000031f
       29815000	      2980	80001ff4	01cc0a33	add	x20,x24,x28	 x24:0x39000008 x28:0x30000000 x20=0x69000008
       29825000	      2981	80001ff8	010b9e63	bne	x23,x16,80002014	 x23:0xffffffd2 x16:0x00000005
       29835000	      2982	00000000	00000013	addi	x0,x0,0	  x0:0x00000000
       29845000	      2983	80002010	00000013	addi	x0,x0,0	  x0:0x00000000
       29855000	      2984	80002014	00d8fe63	bgeu	x17,x13,80002030	 x17:0x00000000 x13:0x80009fc5
       29865000	      2985	80002018	005be463	bltu	x23,x5,80002020	 x23:0xffffffd2  x5:0x80009fc4
       29875000	      2986	8000201c	00cb6263	bltu	x22,x12,80002020	 x22:0x80001f4c x12:0x80001f34
       29885000	      2987	80002020	00ca1a13	slli	x20,x20,0xc	 x20:0x69000008 x20=0x00008000
       29895000	      2988	80002024	9311a437	lui	x8,0x9311a	  x8=0x9311a000
       29905000	      2989	80002028	41305d93	srai	x27,x0,0x13	  x0:0x00000000 x27=0x00000000
       29915000	      2990	8000202c	0188c263	blt	x17,x24,80002030	 x17:0x00000000 x24:0x39000008
       29925000	      2991	00000000	00000013	addi	x0,x0,0	  x0:0x00000000
       29935000	      2992	8000202c	00000013	addi	x0,x0,0	  x0:0x00000000
       29945000	      2993	80002030	01856533	or	x10,x10,x24	 x10:0xb68287eb x24:0x39000008 x10=0xbf8287eb
       29955000	      2994	80002034	40f3d413	srai	x8,x7,0xf	  x7:0x00000542  x8=0x00000000
       29965000	      2995	80002038	44e0ec13	ori	x24,x1,1102	  x1:0x00000000 x24=0x0000044e
       29975000	      2996	8000203c	019c4a63	blt	x24,x25,80002050	 x24:0x0000044e x25:0x00000000
       29985000	      2997	80002040	0088e3b3	or	x7,x17,x8	 x17:0x00000000  x8:0x00000000  x7=0x00000000
       29995000	      2998	80002044	0111c533	xor	x10,x3,x17	  x3:0xffffffd2 x17:0x00000000 x10=0xffffffd2
       30005000	      2999	80002048	019deeb3	or	x29,x27,x25	 x27:0x00000000 x25:0x00000000 x29=0x00000000
       30015000	      3000	8000204c	6b49f313	andi	x6,x19,1716	 x19:0xcf384005  x6=0x00000004
       30025000	      3001	80002050	00e60c63	beq	x12,x14,80002068	 x12:0x80001f34 x14:0x0000031f
       30035000	      3002	80002054	00bc5d33	srl	x26,x24,x11	 x24:0x0000044e x11:0x80001f4c x26=0x00000000
       30045000	      3003	80002058	0155dc13	srli	x24,x11,0x15	 x11:0x80001f4c x24=0x00000400
       30055000	      3004	8000205c	01fb7133	and	x2,x22,x31	 x22:0x80001f4c x31:0x80001f84  x2=0x80001f04
       30065000	      3005	80002060	e30e3193	sltiu	x3,x28,-464	 x28:0x30000000  x3=0x00000001
       30075000	      3006	80002064	40f18f33	sub	x30,x3,x15	  x3:0x00000001 x15:0x00000001 x30=0x00000000
       30085000	      3007	80002068	fe9cf093	andi	x1,x25,-23	 x25:0x00000000  x1=0x00000000
       30095000	      3008	8000206c	00000817	auipc	x16,0x0	 x16=0x80002068
       30105000	      3009	80002070	00c80813	addi	x16,x16,12	 x16:0x80002068 x16=0x80002074
       30115000	      3010	80002074	00080067	jalr	x0,x16,0	 x16:0x80002074
       30125000	      3011	00000000	00000013	addi	x0,x0,0	  x0:0x00000000
       30135000	      3012	80002074	00000013	addi	x0,x0,0	  x0:0x00000000
       30145000	      3013	80002078	00100193	addi	x3,x0,1	  x0:0x00000000  x3=0x00000001
       30155000	      3014	8000207c	00000073	ecall	
       30165000	      3015	80002080	40538cb3	sub	x25,x7,x5	  x7:0x00000000  x5:0x80009fc4 x25=0x7fff603c
