		Time			Cycle	PC		Insn	Decoded instruction	Register and memory contents
          65000	         5	80000004	00000293	addi	x5,x0,0	  x0:0x00000000  x5=0x00000000
          75000	         6	80000008	00000313	addi	x6,x0,0	  x0:0x00000000  x6=0x00000000
          85000	         7	8000000c	00628263	beq	x5,x6,80000010	  x5:0x00000000  x6:0x00000000
          95000	         8	00000000	00000013	addi	x0,x0,0	  x0:0x00000000
         105000	         9	8000000c	00000013	addi	x0,x0,0	  x0:0x00000000
         115000	        10	80000010	00000c17	auipc	x24,0x0	 x24=0x8000000c
         125000	        11	80000014	00cc0c13	addi	x24,x24,12	 x24:0x8000000c x24=0x80000018
         135000	        12	80000018	000c0067	jalr	x0,x24,0	 x24:0x80000018
         145000	        13	00000000	00000013	addi	x0,x0,0	  x0:0x00000000
         155000	        14	80000018	00000013	addi	x0,x0,0	  x0:0x00000000
         165000	        15	8000001c	40000237	lui	x4,0x40000	  x4=0x40000000
         175000	        16	80000020	10020213	addi	x4,x4,256	  x4:0x40000000  x4=0x40000100
         185000	        17	80000024	00000013	addi	x0,x0,0	  x0:0x00000000
         195000	        18	80000028	0000a897	auipc	x17,0xa	 x17=0x8000a024
         205000	        19	8000002c	fa088893	addi	x17,x17,-96	 x17:0x8000a024 x17=0x80009fc4
         215000	        20	80000030	00005217	auipc	x4,0x5	  x4=0x8000502c
         225000	        21	80000034	05420213	addi	x4,x4,84	  x4:0x8000502c  x4=0x80005080
         235000	        22	80000038	00126213	ori	x4,x4,1	  x4:0x80005080  x4=0x80005081
         245000	        23	8000003c	00000013	addi	x0,x0,0	  x0:0x00000000
         255000	        24	80000040	00000217	auipc	x4,0x0	  x4=0x8000003c
         265000	        25	80000044	02020213	addi	x4,x4,32	  x4:0x8000003c  x4=0x8000005c
         275000	        26	80000048	00000013	addi	x0,x0,0	  x0:0x00000000
         285000	        27	8000004c	00000013	addi	x0,x0,0	  x0:0x00000000
         295000	        28	80000050	00002237	lui	x4,0x2	  x4=0x00002000
         305000	        29	80000054	80020213	addi	x4,x4,-2048	  x4:0x00002000  x4=0x00001800
         315000	        30	80000058	00000013	addi	x0,x0,0	  x0:0x00000000
         325000	        31	8000005c	00000013	addi	x0,x0,0	  x0:0x00000000
         335000	        32	80000060	00000013	addi	x0,x0,0	  x0:0x00000000
         345000	        33	80000064	f30680b7	lui	x1,0xf3068	  x1=0xf3068000
         355000	        34	80000068	afc08093	addi	x1,x1,-1284	  x1:0xf3068000  x1=0xf3067afc
         365000	        35	8000006c	00900113	addi	x2,x0,9	  x0:0x00000000  x2=0x00000009
         375000	        36	80000070	00300193	addi	x3,x0,3	  x0:0x00000000  x3=0x00000003
         385000	        37	80000074	00100213	addi	x4,x0,1	  x0:0x00000000  x4=0x00000001
         395000	        38	80000078	5c8b62b7	lui	x5,0x5c8b6	  x5=0x5c8b6000
         405000	        39	8000007c	b2428293	addi	x5,x5,-1244	  x5:0x5c8b6000  x5=0x5c8b5b24
         415000	        40	80000080	3cad7337	lui	x6,0x3cad7	  x6=0x3cad7000
         425000	        41	80000084	d3030313	addi	x6,x6,-720	  x6:0x3cad7000  x6=0x3cad6d30
         435000	        42	80000088	9c21e3b7	lui	x7,0x9c21e	  x7=0x9c21e000
         445000	        43	8000008c	6eb38393	addi	x7,x7,1771	  x7:0x9c21e000  x7=0x9c21e6eb
         455000	        44	80000090	760c7437	lui	x8,0x760c7	  x8=0x760c7000
         465000	        45	80000094	e6940413	addi	x8,x8,-407	  x8:0x760c7000  x8=0x760c6e69
         475000	        46	80000098	f38e54b7	lui	x9,0xf38e5	  x9=0xf38e5000
         485000	        47	8000009c	eda48493	addi	x9,x9,-294	  x9:0xf38e5000  x9=0xf38e4eda
         495000	        48	800000a0	80000537	lui	x10,0x80000	 x10=0x80000000
         505000	        49	800000a4	800005b7	lui	x11,0x80000	 x11=0x80000000
         515000	        50	800000a8	f7334637	lui	x12,0xf7334	 x12=0xf7334000
         525000	        51	800000ac	51660613	addi	x12,x12,1302	 x12:0xf7334000 x12=0xf7334516
         535000	        52	800000b0	f852a6b7	lui	x13,0xf852a	 x13=0xf852a000
         545000	        53	800000b4	50968693	addi	x13,x13,1289	 x13:0xf852a000 x13=0xf852a509
         555000	        54	800000b8	fd6e7737	lui	x14,0xfd6e7	 x14=0xfd6e7000
         565000	        55	800000bc	50570713	addi	x14,x14,1285	 x14:0xfd6e7000 x14=0xfd6e7505
         575000	        56	800000c0	ff1567b7	lui	x15,0xff156	 x15=0xff156000
         585000	        57	800000c4	40d78793	addi	x15,x15,1037	 x15:0xff156000 x15=0xff15640d
         595000	        58	800000c8	7ee4d837	lui	x16,0x7ee4d	 x16=0x7ee4d000
         605000	        59	800000cc	16c80813	addi	x16,x16,364	 x16:0x7ee4d000 x16=0x7ee4d16c
         615000	        60	800000d0	00700913	addi	x18,x0,7	  x0:0x00000000 x18=0x00000007
         625000	        61	800000d4	800009b7	lui	x19,0x80000	 x19=0x80000000
         635000	        62	800000d8	f1c90a37	lui	x20,0xf1c90	 x20=0xf1c90000
         645000	        63	800000dc	54da0a13	addi	x20,x20,1357	 x20:0xf1c90000 x20=0xf1c9054d
         655000	        64	800000e0	00000a93	addi	x21,x0,0	  x0:0x00000000 x21=0x00000000
         665000	        65	800000e4	fd900b37	lui	x22,0xfd900	 x22=0xfd900000
         675000	        66	800000e8	da9b0b13	addi	x22,x22,-599	 x22:0xfd900000 x22=0xfd8ffda9
         685000	        67	800000ec	1c87ebb7	lui	x23,0x1c87e	 x23=0x1c87e000
         695000	        68	800000f0	65eb8b93	addi	x23,x23,1630	 x23:0x1c87e000 x23=0x1c87e65e
         705000	        69	800000f4	80000c37	lui	x24,0x80000	 x24=0x80000000
         715000	        70	800000f8	fa80fd37	lui	x26,0xfa80f	 x26=0xfa80f000
         725000	        71	800000fc	777d0d13	addi	x26,x26,1911	 x26:0xfa80f000 x26=0xfa80f777
         735000	        72	80000100	fbf88db7	lui	x27,0xfbf88	 x27=0xfbf88000
         745000	        73	80000104	912d8d93	addi	x27,x27,-1774	 x27:0xfbf88000 x27=0xfbf87912
         755000	        74	80000108	00000e13	addi	x28,x0,0	  x0:0x00000000 x28=0x00000000
         765000	        75	8000010c	80000eb7	lui	x29,0x80000	 x29=0x80000000
         775000	        76	80000110	f8319f37	lui	x30,0xf8319	 x30=0xf8319000
         785000	        77	80000114	07bf0f13	addi	x30,x30,123	 x30:0xf8319000 x30=0xf831907b
         795000	        78	80000118	80000fb7	lui	x31,0x80000	 x31=0x80000000
         805000	        79	8000011c	0000ac97	auipc	x25,0xa	 x25=0x8000a118
         815000	        80	80000120	e6cc8c93	addi	x25,x25,-404	 x25:0x8000a118 x25=0x80009f84
         825000	        81	80000124	0340036f	jal	x6,80000124	  x6=0x80000124
         835000	        82	00000000	00000013	addi	x0,x0,0	  x0:0x00000000
         845000	        83	80000154	00000013	addi	x0,x0,0	  x0:0x00000000
         855000	        84	80000158	ffdff16f	jal	x2,80000158	  x2=0x80000158
         865000	        85	00000000	00000013	addi	x0,x0,0	  x0:0x00000000
         875000	        86	80000150	00000013	addi	x0,x0,0	  x0:0x00000000
         885000	        87	80000154	ff1ff0ef	jal	x1,80000154	  x1=0x80000154
         895000	        88	00000000	00000013	addi	x0,x0,0	  x0:0x00000000
         905000	        89	80000140	00000013	addi	x0,x0,0	  x0:0x00000000
         915000	        90	80000144	ff1ff36f	jal	x6,80000144	  x6=0x80000144
         925000	        91	00000000	00000013	addi	x0,x0,0	  x0:0x00000000
         935000	        92	80000130	00000013	addi	x0,x0,0	  x0:0x00000000
         945000	        93	80000134	ff5ff7ef	jal	x15,80000134	 x15=0x80000134
         955000	        94	00000000	00000013	addi	x0,x0,0	  x0:0x00000000
         965000	        95	80000124	00000013	addi	x0,x0,0	  x0:0x00000000
         975000	        96	80000128	0100036f	jal	x6,80000128	  x6=0x80000128
         985000	        97	00000000	00000013	addi	x0,x0,0	  x0:0x00000000
         995000	        98	80000134	00000013	addi	x0,x0,0	  x0:0x00000000
        1005000	        99	80000138	0180036f	jal	x6,80000138	  x6=0x80000138
        1015000	       100	00000000	00000013	addi	x0,x0,0	  x0:0x00000000
        1025000	       101	8000014c	00000013	addi	x0,x0,0	  x0:0x00000000
        1035000	       102	80000150	fddff0ef	jal	x1,80000150	  x1=0x80000150
        1045000	       103	00000000	00000013	addi	x0,x0,0	  x0:0x00000000
        1055000	       104	80000128	00000013	addi	x0,x0,0	  x0:0x00000000
        1065000	       105	8000012c	020001ef	jal	x3,8000012c	  x3=0x8000012c
        1075000	       106	00000000	00000013	addi	x0,x0,0	  x0:0x00000000
        1085000	       107	80000148	00000013	addi	x0,x0,0	  x0:0x00000000
        1095000	       108	8000014c	ffdff0ef	jal	x1,8000014c	  x1=0x8000014c
        1105000	       109	00000000	00000013	addi	x0,x0,0	  x0:0x00000000
        1115000	       110	80000144	00000013	addi	x0,x0,0	  x0:0x00000000
        1125000	       111	80000148	ff9ff36f	jal	x6,80000148	  x6=0x80000148
        1135000	       112	00000000	00000013	addi	x0,x0,0	  x0:0x00000000
        1145000	       113	8000013c	00000013	addi	x0,x0,0	  x0:0x00000000
        1155000	       114	80000140	ff1ff0ef	jal	x1,80000140	  x1=0x80000140
        1165000	       115	00000000	00000013	addi	x0,x0,0	  x0:0x00000000
        1175000	       116	8000012c	00000013	addi	x0,x0,0	  x0:0x00000000
        1185000	       117	80000130	00c000ef	jal	x1,80000130	  x1=0x80000130
        1195000	       118	00000000	00000013	addi	x0,x0,0	  x0:0x00000000
        1205000	       119	80000138	00000013	addi	x0,x0,0	  x0:0x00000000
        1215000	       120	8000013c	020000ef	jal	x1,8000013c	  x1=0x8000013c
        1225000	       121	00000000	00000013	addi	x0,x0,0	  x0:0x00000000
        1235000	       122	80000158	00000013	addi	x0,x0,0	  x0:0x00000000
        1245000	       123	8000015c	f437f297	auipc	x5,0xf437f	  x5=0x7437f158
        1255000	       124	80000160	0180036f	jal	x6,80000160	  x6=0x80000160
        1265000	       125	00000000	00000013	addi	x0,x0,0	  x0:0x00000000
        1275000	       126	80000174	00000013	addi	x0,x0,0	  x0:0x00000000
        1285000	       127	80000178	ff5ff26f	jal	x4,80000178	  x4=0x80000178
        1295000	       128	00000000	00000013	addi	x0,x0,0	  x0:0x00000000
        1305000	       129	80000168	00000013	addi	x0,x0,0	  x0:0x00000000
        1315000	       130	8000016c	018000ef	jal	x1,8000016c	  x1=0x8000016c
        1325000	       131	00000000	00000013	addi	x0,x0,0	  x0:0x00000000
        1335000	       132	80000180	00000013	addi	x0,x0,0	  x0:0x00000000
        1345000	       133	80000184	fe5ff36f	jal	x6,80000184	  x6=0x80000184
        1355000	       134	00000000	00000013	addi	x0,x0,0	  x0:0x00000000
        1365000	       135	80000164	00000013	addi	x0,x0,0	  x0:0x00000000
        1375000	       136	80000168	ffdff0ef	jal	x1,80000168	  x1=0x80000168
        1385000	       137	00000000	00000013	addi	x0,x0,0	  x0:0x00000000
        1395000	       138	80000160	00000013	addi	x0,x0,0	  x0:0x00000000
        1405000	       139	80000164	010000ef	jal	x1,80000164	  x1=0x80000164
        1415000	       140	00000000	00000013	addi	x0,x0,0	  x0:0x00000000
        1425000	       141	80000170	00000013	addi	x0,x0,0	  x0:0x00000000
        1435000	       142	80000174	01400fef	jal	x31,80000174	 x31=0x80000174
        1445000	       143	00000000	00000013	addi	x0,x0,0	  x0:0x00000000
        1455000	       144	80000184	00000013	addi	x0,x0,0	  x0:0x00000000
        1465000	       145	80000188	fe9ff0ef	jal	x1,80000188	  x1=0x80000188
        1475000	       146	00000000	00000013	addi	x0,x0,0	  x0:0x00000000
        1485000	       147	8000016c	00000013	addi	x0,x0,0	  x0:0x00000000
        1495000	       148	80000170	0100036f	jal	x6,80000170	  x6=0x80000170
        1505000	       149	00000000	00000013	addi	x0,x0,0	  x0:0x00000000
        1515000	       150	8000017c	00000013	addi	x0,x0,0	  x0:0x00000000
        1525000	       151	80000180	ffdff0ef	jal	x1,80000180	  x1=0x80000180
        1535000	       152	00000000	00000013	addi	x0,x0,0	  x0:0x00000000
        1545000	       153	80000178	00000013	addi	x0,x0,0	  x0:0x00000000
        1555000	       154	8000017c	010003ef	jal	x7,8000017c	  x7=0x8000017c
        1565000	       155	00000000	00000013	addi	x0,x0,0	  x0:0x00000000
        1575000	       156	80000188	00000013	addi	x0,x0,0	  x0:0x00000000
        1585000	       157	8000018c	d0d7af93	slti	x31,x15,-755	 x15:0x80000134 x31=0x00000001
        1595000	       158	80000190	0540036f	jal	x6,80000190	  x6=0x80000190
        1605000	       159	00000000	00000013	addi	x0,x0,0	  x0:0x00000000
        1615000	       160	800001e0	00000013	addi	x0,x0,0	  x0:0x00000000
        1625000	       161	800001e4	fddffb6f	jal	x22,800001e4	 x22=0x800001e4
        1635000	       162	00000000	00000013	addi	x0,x0,0	  x0:0x00000000
        1645000	       163	800001bc	00000013	addi	x0,x0,0	  x0:0x00000000
        1655000	       164	800001c0	01c0056f	jal	x10,800001c0	 x10=0x800001c0
        1665000	       165	00000000	00000013	addi	x0,x0,0	  x0:0x00000000
        1675000	       166	800001d8	00000013	addi	x0,x0,0	  x0:0x00000000
        1685000	       167	800001dc	fd9ff0ef	jal	x1,800001dc	  x1=0x800001dc
        1695000	       168	00000000	00000013	addi	x0,x0,0	  x0:0x00000000
        1705000	       169	800001b0	00000013	addi	x0,x0,0	  x0:0x00000000
        1715000	       170	800001b4	03c000ef	jal	x1,800001b4	  x1=0x800001b4
        1725000	       171	00000000	00000013	addi	x0,x0,0	  x0:0x00000000
        1735000	       172	800001ec	00000013	addi	x0,x0,0	  x0:0x00000000
        1745000	       173	800001f0	ff9ff36f	jal	x6,800001f0	  x6=0x800001f0
        1755000	       174	00000000	00000013	addi	x0,x0,0	  x0:0x00000000
        1765000	       175	800001e4	00000013	addi	x0,x0,0	  x0:0x00000000
        1775000	       176	800001e8	fbdff0ef	jal	x1,800001e8	  x1=0x800001e8
        1785000	       177	00000000	00000013	addi	x0,x0,0	  x0:0x00000000
        1795000	       178	800001a0	00000013	addi	x0,x0,0	  x0:0x00000000
        1805000	       179	800001a4	ff5ff36f	jal	x6,800001a4	  x6=0x800001a4
        1815000	       180	00000000	00000013	addi	x0,x0,0	  x0:0x00000000
        1825000	       181	80000194	00000013	addi	x0,x0,0	  x0:0x00000000
        1835000	       182	80000198	03c000ef	jal	x1,80000198	  x1=0x80000198
        1845000	       183	00000000	00000013	addi	x0,x0,0	  x0:0x00000000
        1855000	       184	800001d0	00000013	addi	x0,x0,0	  x0:0x00000000
        1865000	       185	800001d4	fcdff0ef	jal	x1,800001d4	  x1=0x800001d4
        1875000	       186	00000000	00000013	addi	x0,x0,0	  x0:0x00000000
        1885000	       187	8000019c	00000013	addi	x0,x0,0	  x0:0x00000000
        1895000	       188	800001a0	00c000ef	jal	x1,800001a0	  x1=0x800001a0
        1905000	       189	00000000	00000013	addi	x0,x0,0	  x0:0x00000000
        1915000	       190	800001a8	00000013	addi	x0,x0,0	  x0:0x00000000
        1925000	       191	800001ac	ff1ff56f	jal	x10,800001ac	 x10=0x800001ac
        1935000	       192	00000000	00000013	addi	x0,x0,0	  x0:0x00000000
        1945000	       193	80000198	00000013	addi	x0,x0,0	  x0:0x00000000
        1955000	       194	8000019c	ff9ff0ef	jal	x1,8000019c	  x1=0x8000019c
        1965000	       195	00000000	00000013	addi	x0,x0,0	  x0:0x00000000
        1975000	       196	80000190	00000013	addi	x0,x0,0	  x0:0x00000000
        1985000	       197	80000194	04c000ef	jal	x1,80000194	  x1=0x80000194
        1995000	       198	00000000	00000013	addi	x0,x0,0	  x0:0x00000000
        2005000	       199	800001dc	00000013	addi	x0,x0,0	  x0:0x00000000
        2015000	       200	800001e0	fc9ff0ef	jal	x1,800001e0	  x1=0x800001e0
        2025000	       201	00000000	00000013	addi	x0,x0,0	  x0:0x00000000
        2035000	       202	800001a4	00000013	addi	x0,x0,0	  x0:0x00000000
        2045000	       203	800001a8	02000e6f	jal	x28,800001a8	 x28=0x800001a8
        2055000	       204	00000000	00000013	addi	x0,x0,0	  x0:0x00000000
        2065000	       205	800001c4	00000013	addi	x0,x0,0	  x0:0x00000000
        2075000	       206	800001c8	ffdff0ef	jal	x1,800001c8	  x1=0x800001c8
        2085000	       207	00000000	00000013	addi	x0,x0,0	  x0:0x00000000
        2095000	       208	800001c0	00000013	addi	x0,x0,0	  x0:0x00000000
        2105000	       209	800001c4	014000ef	jal	x1,800001c4	  x1=0x800001c4
        2115000	       210	00000000	00000013	addi	x0,x0,0	  x0:0x00000000
        2125000	       211	800001d4	00000013	addi	x0,x0,0	  x0:0x00000000
        2135000	       212	800001d8	ff9ff0ef	jal	x1,800001d8	  x1=0x800001d8
        2145000	       213	00000000	00000013	addi	x0,x0,0	  x0:0x00000000
        2155000	       214	800001cc	00000013	addi	x0,x0,0	  x0:0x00000000
        2165000	       215	800001d0	fe1ffeef	jal	x29,800001d0	 x29=0x800001d0
        2175000	       216	00000000	00000013	addi	x0,x0,0	  x0:0x00000000
        2185000	       217	800001ac	00000013	addi	x0,x0,0	  x0:0x00000000
        2195000	       218	800001b0	00c00aef	jal	x21,800001b0	 x21=0x800001b0
        2205000	       219	00000000	00000013	addi	x0,x0,0	  x0:0x00000000
        2215000	       220	800001b8	00000013	addi	x0,x0,0	  x0:0x00000000
        2225000	       221	800001bc	ffdff0ef	jal	x1,800001bc	  x1=0x800001bc
        2235000	       222	00000000	00000013	addi	x0,x0,0	  x0:0x00000000
        2245000	       223	800001b4	00000013	addi	x0,x0,0	  x0:0x00000000
        2255000	       224	800001b8	0340036f	jal	x6,800001b8	  x6=0x800001b8
        2265000	       225	00000000	00000013	addi	x0,x0,0	  x0:0x00000000
        2275000	       226	800001e8	00000013	addi	x0,x0,0	  x0:0x00000000
        2285000	       227	800001ec	00c0036f	jal	x6,800001ec	  x6=0x800001ec
        2295000	       228	00000000	00000013	addi	x0,x0,0	  x0:0x00000000
        2305000	       229	800001f4	00000013	addi	x0,x0,0	  x0:0x00000000
        2315000	       230	800001f8	ffdff0ef	jal	x1,800001f8	  x1=0x800001f8
        2325000	       231	00000000	00000013	addi	x0,x0,0	  x0:0x00000000
        2335000	       232	800001f0	00000013	addi	x0,x0,0	  x0:0x00000000
        2345000	       233	800001f4	fd9ff0ef	jal	x1,800001f4	  x1=0x800001f4
        2355000	       234	00000000	00000013	addi	x0,x0,0	  x0:0x00000000
        2365000	       235	800001c8	00000013	addi	x0,x0,0	  x0:0x00000000
        2375000	       236	800001cc	030000ef	jal	x1,800001cc	  x1=0x800001cc
        2385000	       237	00000000	00000013	addi	x0,x0,0	  x0:0x00000000
        2395000	       238	800001f8	00000013	addi	x0,x0,0	  x0:0x00000000
        2405000	       239	800001fc	0144c633	xor	x12,x9,x20	  x9:0xf38e4eda x20:0xf1c9054d x12=0x02474b97
        2415000	       240	80000200	0080036f	jal	x6,80000200	  x6=0x80000200
        2425000	       241	00000000	00000013	addi	x0,x0,0	  x0:0x00000000
        2435000	       242	80000204	00000013	addi	x0,x0,0	  x0:0x00000000
        2445000	       243	80000208	030000ef	jal	x1,80000208	  x1=0x80000208
        2455000	       244	00000000	00000013	addi	x0,x0,0	  x0:0x00000000
        2465000	       245	80000234	00000013	addi	x0,x0,0	  x0:0x00000000
        2475000	       246	80000238	ff9ff0ef	jal	x1,80000238	  x1=0x80000238
        2485000	       247	00000000	00000013	addi	x0,x0,0	  x0:0x00000000
        2495000	       248	8000022c	00000013	addi	x0,x0,0	  x0:0x00000000
        2505000	       249	80000230	020000ef	jal	x1,80000230	  x1=0x80000230
        2515000	       250	00000000	00000013	addi	x0,x0,0	  x0:0x00000000
        2525000	       251	8000024c	00000013	addi	x0,x0,0	  x0:0x00000000
        2535000	       252	80000250	fd5ff0ef	jal	x1,80000250	  x1=0x80000250
        2545000	       253	00000000	00000013	addi	x0,x0,0	  x0:0x00000000
        2555000	       254	80000220	00000013	addi	x0,x0,0	  x0:0x00000000
        2565000	       255	80000224	ff9ff0ef	jal	x1,80000224	  x1=0x80000224
        2575000	       256	00000000	00000013	addi	x0,x0,0	  x0:0x00000000
        2585000	       257	80000218	00000013	addi	x0,x0,0	  x0:0x00000000
        2595000	       258	8000021c	ffdff0ef	jal	x1,8000021c	  x1=0x8000021c
        2605000	       259	00000000	00000013	addi	x0,x0,0	  x0:0x00000000
        2615000	       260	80000214	00000013	addi	x0,x0,0	  x0:0x00000000
        2625000	       261	80000218	0100066f	jal	x12,80000218	 x12=0x80000218
        2635000	       262	00000000	00000013	addi	x0,x0,0	  x0:0x00000000
        2645000	       263	80000224	00000013	addi	x0,x0,0	  x0:0x00000000
        2655000	       264	80000228	0200086f	jal	x16,80000228	 x16=0x80000228
        2665000	       265	00000000	00000013	addi	x0,x0,0	  x0:0x00000000
        2675000	       266	80000244	00000013	addi	x0,x0,0	  x0:0x00000000
        2685000	       267	80000248	fcdff6ef	jal	x13,80000248	 x13=0x80000248
        2695000	       268	00000000	00000013	addi	x0,x0,0	  x0:0x00000000
        2705000	       269	80000210	00000013	addi	x0,x0,0	  x0:0x00000000
        2715000	       270	80000214	028000ef	jal	x1,80000214	  x1=0x80000214
        2725000	       271	00000000	00000013	addi	x0,x0,0	  x0:0x00000000
        2735000	       272	80000238	00000013	addi	x0,x0,0	  x0:0x00000000
        2745000	       273	8000023c	024000ef	jal	x1,8000023c	  x1=0x8000023c
        2755000	       274	00000000	00000013	addi	x0,x0,0	  x0:0x00000000
        2765000	       275	8000025c	00000013	addi	x0,x0,0	  x0:0x00000000
        2775000	       276	80000260	fa5ff0ef	jal	x1,80000260	  x1=0x80000260
        2785000	       277	00000000	00000013	addi	x0,x0,0	  x0:0x00000000
        2795000	       278	80000200	00000013	addi	x0,x0,0	  x0:0x00000000
        2805000	       279	80000204	0400036f	jal	x6,80000204	  x6=0x80000204
        2815000	       280	00000000	00000013	addi	x0,x0,0	  x0:0x00000000
        2825000	       281	80000240	00000013	addi	x0,x0,0	  x0:0x00000000
        2835000	       282	80000244	fddff1ef	jal	x3,80000244	  x3=0x80000244
        2845000	       283	00000000	00000013	addi	x0,x0,0	  x0:0x00000000
        2855000	       284	8000021c	00000013	addi	x0,x0,0	  x0:0x00000000
        2865000	       285	80000220	0380096f	jal	x18,80000220	 x18=0x80000220
        2875000	       286	00000000	00000013	addi	x0,x0,0	  x0:0x00000000
        2885000	       287	80000254	00000013	addi	x0,x0,0	  x0:0x00000000
        2895000	       288	80000258	fe9ff36f	jal	x6,80000258	  x6=0x80000258
        2905000	       289	00000000	00000013	addi	x0,x0,0	  x0:0x00000000
        2915000	       290	8000023c	00000013	addi	x0,x0,0	  x0:0x00000000
        2925000	       291	80000240	ff5ff2ef	jal	x5,80000240	  x5=0x80000240
        2935000	       292	00000000	00000013	addi	x0,x0,0	  x0:0x00000000
        2945000	       293	80000230	00000013	addi	x0,x0,0	  x0:0x00000000
        2955000	       294	80000234	028000ef	jal	x1,80000234	  x1=0x80000234
        2965000	       295	00000000	00000013	addi	x0,x0,0	  x0:0x00000000
        2975000	       296	80000258	00000013	addi	x0,x0,0	  x0:0x00000000
        2985000	       297	8000025c	fb1ff36f	jal	x6,8000025c	  x6=0x8000025c
        2995000	       298	00000000	00000013	addi	x0,x0,0	  x0:0x00000000
        3005000	       299	80000208	00000013	addi	x0,x0,0	  x0:0x00000000
        3015000	       300	8000020c	004000ef	jal	x1,8000020c	  x1=0x8000020c
        3025000	       301	00000000	00000013	addi	x0,x0,0	  x0:0x00000000
        3035000	       302	8000020c	00000013	addi	x0,x0,0	  x0:0x00000000
        3045000	       303	80000210	01c006ef	jal	x13,80000210	 x13=0x80000210
        3055000	       304	00000000	00000013	addi	x0,x0,0	  x0:0x00000000
        3065000	       305	80000228	00000013	addi	x0,x0,0	  x0:0x00000000
        3075000	       306	8000022c	0200026f	jal	x4,8000022c	  x4=0x8000022c
        3085000	       307	00000000	00000013	addi	x0,x0,0	  x0:0x00000000
        3095000	       308	80000248	00000013	addi	x0,x0,0	  x0:0x00000000
        3105000	       309	8000024c	008000ef	jal	x1,8000024c	  x1=0x8000024c
        3115000	       310	00000000	00000013	addi	x0,x0,0	  x0:0x00000000
        3125000	       311	80000250	00000013	addi	x0,x0,0	  x0:0x00000000
        3135000	       312	80000254	010000ef	jal	x1,80000254	  x1=0x80000254
        3145000	       313	00000000	00000013	addi	x0,x0,0	  x0:0x00000000
        3155000	       314	80000260	00000013	addi	x0,x0,0	  x0:0x00000000
        3165000	       315	80000264	006f5613	srli	x12,x30,0x6	 x30:0xf831907b x12=0x03e0c641
        3175000	       316	80000268	0340036f	jal	x6,80000268	  x6=0x80000268
        3185000	       317	00000000	00000013	addi	x0,x0,0	  x0:0x00000000
        3195000	       318	80000298	00000013	addi	x0,x0,0	  x0:0x00000000
        3205000	       319	8000029c	00800def	jal	x27,8000029c	 x27=0x8000029c
        3215000	       320	00000000	00000013	addi	x0,x0,0	  x0:0x00000000
        3225000	       321	800002a0	00000013	addi	x0,x0,0	  x0:0x00000000
        3235000	       322	800002a4	fd9ff0ef	jal	x1,800002a4	  x1=0x800002a4
        3245000	       323	00000000	00000013	addi	x0,x0,0	  x0:0x00000000
        3255000	       324	80000278	00000013	addi	x0,x0,0	  x0:0x00000000
        3265000	       325	8000027c	01c00aef	jal	x21,8000027c	 x21=0x8000027c
        3275000	       326	00000000	00000013	addi	x0,x0,0	  x0:0x00000000
        3285000	       327	80000294	00000013	addi	x0,x0,0	  x0:0x00000000
        3295000	       328	80000298	fd5ff0ef	jal	x1,80000298	  x1=0x80000298
        3305000	       329	00000000	00000013	addi	x0,x0,0	  x0:0x00000000
        3315000	       330	80000268	00000013	addi	x0,x0,0	  x0:0x00000000
        3325000	       331	8000026c	01800aef	jal	x21,8000026c	 x21=0x8000026c
        3335000	       332	00000000	00000013	addi	x0,x0,0	  x0:0x00000000
        3345000	       333	80000280	00000013	addi	x0,x0,0	  x0:0x00000000
        3355000	       334	80000284	01c000ef	jal	x1,80000284	  x1=0x80000284
        3365000	       335	00000000	00000013	addi	x0,x0,0	  x0:0x00000000
        3375000	       336	8000029c	00000013	addi	x0,x0,0	  x0:0x00000000
        3385000	       337	800002a0	fd1ff2ef	jal	x5,800002a0	  x5=0x800002a0
        3395000	       338	00000000	00000013	addi	x0,x0,0	  x0:0x00000000
        3405000	       339	8000026c	00000013	addi	x0,x0,0	  x0:0x00000000
        3415000	       340	80000270	01c000ef	jal	x1,80000270	  x1=0x80000270
        3425000	       341	00000000	00000013	addi	x0,x0,0	  x0:0x00000000
        3435000	       342	80000288	00000013	addi	x0,x0,0	  x0:0x00000000
        3445000	       343	8000028c	004000ef	jal	x1,8000028c	  x1=0x8000028c
        3455000	       344	00000000	00000013	addi	x0,x0,0	  x0:0x00000000
        3465000	       345	8000028c	00000013	addi	x0,x0,0	  x0:0x00000000
        3475000	       346	80000290	fe5ff36f	jal	x6,80000290	  x6=0x80000290
        3485000	       347	00000000	00000013	addi	x0,x0,0	  x0:0x00000000
        3495000	       348	80000270	00000013	addi	x0,x0,0	  x0:0x00000000
        3505000	       349	80000274	0200096f	jal	x18,80000274	 x18=0x80000274
        3515000	       350	00000000	00000013	addi	x0,x0,0	  x0:0x00000000
        3525000	       351	80000290	00000013	addi	x0,x0,0	  x0:0x00000000
        3535000	       352	80000294	014000ef	jal	x1,80000294	  x1=0x80000294
        3545000	       353	00000000	00000013	addi	x0,x0,0	  x0:0x00000000
        3555000	       354	800002a4	00000013	addi	x0,x0,0	  x0:0x00000000
        3565000	       355	800002a8	fe1ff0ef	jal	x1,800002a8	  x1=0x800002a8
        3575000	       356	00000000	00000013	addi	x0,x0,0	  x0:0x00000000
        3585000	       357	80000284	00000013	addi	x0,x0,0	  x0:0x00000000
        3595000	       358	80000288	ff9ff76f	jal	x14,80000288	 x14=0x80000288
        3605000	       359	00000000	00000013	addi	x0,x0,0	  x0:0x00000000
        3615000	       360	8000027c	00000013	addi	x0,x0,0	  x0:0x00000000
        3625000	       361	80000280	ff9ff0ef	jal	x1,80000280	  x1=0x80000280
        3635000	       362	00000000	00000013	addi	x0,x0,0	  x0:0x00000000
        3645000	       363	80000274	00000013	addi	x0,x0,0	  x0:0x00000000
        3655000	       364	80000278	0340016f	jal	x2,80000278	  x2=0x80000278
        3665000	       365	00000000	00000013	addi	x0,x0,0	  x0:0x00000000
        3675000	       366	800002a8	00000013	addi	x0,x0,0	  x0:0x00000000
        3685000	       367	800002ac	40415113	srai	x2,x2,0x4	  x2:0x80000278  x2=0xf8000027
        3695000	       368	800002b0	0200036f	jal	x6,800002b0	  x6=0x800002b0
        3705000	       369	00000000	00000013	addi	x0,x0,0	  x0:0x00000000
        3715000	       370	800002cc	00000013	addi	x0,x0,0	  x0:0x00000000
        3725000	       371	800002d0	010000ef	jal	x1,800002d0	  x1=0x800002d0
        3735000	       372	00000000	00000013	addi	x0,x0,0	  x0:0x00000000
        3745000	       373	800002dc	00000013	addi	x0,x0,0	  x0:0x00000000
        3755000	       374	800002e0	fd9ff0ef	jal	x1,800002e0	  x1=0x800002e0
        3765000	       375	00000000	00000013	addi	x0,x0,0	  x0:0x00000000
        3775000	       376	800002b4	00000013	addi	x0,x0,0	  x0:0x00000000
        3785000	       377	800002b8	008000ef	jal	x1,800002b8	  x1=0x800002b8
        3795000	       378	00000000	00000013	addi	x0,x0,0	  x0:0x00000000
        3805000	       379	800002bc	00000013	addi	x0,x0,0	  x0:0x00000000
        3815000	       380	800002c0	01c000ef	jal	x1,800002c0	  x1=0x800002c0
        3825000	       381	00000000	00000013	addi	x0,x0,0	  x0:0x00000000
        3835000	       382	800002d8	00000013	addi	x0,x0,0	  x0:0x00000000
        3845000	       383	800002dc	ff1ff16f	jal	x2,800002dc	  x2=0x800002dc
        3855000	       384	00000000	00000013	addi	x0,x0,0	  x0:0x00000000
        3865000	       385	800002c8	00000013	addi	x0,x0,0	  x0:0x00000000
        3875000	       386	800002cc	ff9ff16f	jal	x2,800002cc	  x2=0x800002cc
        3885000	       387	00000000	00000013	addi	x0,x0,0	  x0:0x00000000
        3895000	       388	800002c0	00000013	addi	x0,x0,0	  x0:0x00000000
        3905000	       389	800002c4	ff1ffdef	jal	x27,800002c4	 x27=0x800002c4
        3915000	       390	00000000	00000013	addi	x0,x0,0	  x0:0x00000000
        3925000	       391	800002b0	00000013	addi	x0,x0,0	  x0:0x00000000
        3935000	       392	800002b4	008000ef	jal	x1,800002b4	  x1=0x800002b4
        3945000	       393	00000000	00000013	addi	x0,x0,0	  x0:0x00000000
        3955000	       394	800002b8	00000013	addi	x0,x0,0	  x0:0x00000000
        3965000	       395	800002bc	018000ef	jal	x1,800002bc	  x1=0x800002bc
        3975000	       396	00000000	00000013	addi	x0,x0,0	  x0:0x00000000
        3985000	       397	800002d0	00000013	addi	x0,x0,0	  x0:0x00000000
        3995000	       398	800002d4	004006ef	jal	x13,800002d4	 x13=0x800002d4
        4005000	       399	00000000	00000013	addi	x0,x0,0	  x0:0x00000000
        4015000	       400	800002d4	00000013	addi	x0,x0,0	  x0:0x00000000
        4025000	       401	800002d8	ff1ff0ef	jal	x1,800002d8	  x1=0x800002d8
        4035000	       402	00000000	00000013	addi	x0,x0,0	  x0:0x00000000
        4045000	       403	800002c4	00000013	addi	x0,x0,0	  x0:0x00000000
        4055000	       404	800002c8	01c000ef	jal	x1,800002c8	  x1=0x800002c8
        4065000	       405	00000000	00000013	addi	x0,x0,0	  x0:0x00000000
        4075000	       406	800002e0	00000013	addi	x0,x0,0	  x0:0x00000000
        4085000	       407	800002e4	018c5fb3	srl	x31,x24,x24	 x24:0x80000000 x24:0x80000000 x31=0x80000000
        4095000	       408	800002e8	0240036f	jal	x6,800002e8	  x6=0x800002e8
        4105000	       409	00000000	00000013	addi	x0,x0,0	  x0:0x00000000
        4115000	       410	80000308	00000013	addi	x0,x0,0	  x0:0x00000000
        4125000	       411	8000030c	01400e6f	jal	x28,8000030c	 x28=0x8000030c
        4135000	       412	00000000	00000013	addi	x0,x0,0	  x0:0x00000000
        4145000	       413	8000031c	00000013	addi	x0,x0,0	  x0:0x00000000
        4155000	       414	80000320	038000ef	jal	x1,80000320	  x1=0x80000320
        4165000	       415	00000000	00000013	addi	x0,x0,0	  x0:0x00000000
        4175000	       416	80000354	00000013	addi	x0,x0,0	  x0:0x00000000
        4185000	       417	80000358	004000ef	jal	x1,80000358	  x1=0x80000358
        4195000	       418	00000000	00000013	addi	x0,x0,0	  x0:0x00000000
        4205000	       419	80000358	00000013	addi	x0,x0,0	  x0:0x00000000
        4215000	       420	8000035c	fcdff0ef	jal	x1,8000035c	  x1=0x8000035c
        4225000	       421	00000000	00000013	addi	x0,x0,0	  x0:0x00000000
        4235000	       422	80000324	00000013	addi	x0,x0,0	  x0:0x00000000
        4245000	       423	80000328	fcdff36f	jal	x6,80000328	  x6=0x80000328
        4255000	       424	00000000	00000013	addi	x0,x0,0	  x0:0x00000000
        4265000	       425	800002f0	00000013	addi	x0,x0,0	  x0:0x00000000
        4275000	       426	800002f4	0200036f	jal	x6,800002f4	  x6=0x800002f4
        4285000	       427	00000000	00000013	addi	x0,x0,0	  x0:0x00000000
        4295000	       428	80000310	00000013	addi	x0,x0,0	  x0:0x00000000
        4305000	       429	80000314	03c000ef	jal	x1,80000314	  x1=0x80000314
        4315000	       430	00000000	00000013	addi	x0,x0,0	  x0:0x00000000
        4325000	       431	8000034c	00000013	addi	x0,x0,0	  x0:0x00000000
        4335000	       432	80000350	fb9ff26f	jal	x4,80000350	  x4=0x80000350
        4345000	       433	00000000	00000013	addi	x0,x0,0	  x0:0x00000000
        4355000	       434	80000304	00000013	addi	x0,x0,0	  x0:0x00000000
        4365000	       435	80000308	034005ef	jal	x11,80000308	 x11=0x80000308
        4375000	       436	00000000	00000013	addi	x0,x0,0	  x0:0x00000000
        4385000	       437	80000338	00000013	addi	x0,x0,0	  x0:0x00000000
        4395000	       438	8000033c	ff1ff0ef	jal	x1,8000033c	  x1=0x8000033c
        4405000	       439	00000000	00000013	addi	x0,x0,0	  x0:0x00000000
        4415000	       440	80000328	00000013	addi	x0,x0,0	  x0:0x00000000
        4425000	       441	8000032c	fd1ff46f	jal	x8,8000032c	  x8=0x8000032c
        4435000	       442	00000000	00000013	addi	x0,x0,0	  x0:0x00000000
        4445000	       443	800002f8	00000013	addi	x0,x0,0	  x0:0x00000000
        4455000	       444	800002fc	058000ef	jal	x1,800002fc	  x1=0x800002fc
        4465000	       445	00000000	00000013	addi	x0,x0,0	  x0:0x00000000
        4475000	       446	80000350	00000013	addi	x0,x0,0	  x0:0x00000000
        4485000	       447	80000354	fe1ff46f	jal	x8,80000354	  x8=0x80000354
        4495000	       448	00000000	00000013	addi	x0,x0,0	  x0:0x00000000
        4505000	       449	80000330	00000013	addi	x0,x0,0	  x0:0x00000000
        4515000	       450	80000334	fddff0ef	jal	x1,80000334	  x1=0x80000334
        4525000	       451	00000000	00000013	addi	x0,x0,0	  x0:0x00000000
        4535000	       452	8000030c	00000013	addi	x0,x0,0	  x0:0x00000000
        4545000	       453	80000310	008000ef	jal	x1,80000310	  x1=0x80000310
        4555000	       454	00000000	00000013	addi	x0,x0,0	  x0:0x00000000
        4565000	       455	80000314	00000013	addi	x0,x0,0	  x0:0x00000000
        4575000	       456	80000318	fedff0ef	jal	x1,80000318	  x1=0x80000318
        4585000	       457	00000000	00000013	addi	x0,x0,0	  x0:0x00000000
        4595000	       458	80000300	00000013	addi	x0,x0,0	  x0:0x00000000
        4605000	       459	80000304	ffdff0ef	jal	x1,80000304	  x1=0x80000304
        4615000	       460	00000000	00000013	addi	x0,x0,0	  x0:0x00000000
        4625000	       461	800002fc	00000013	addi	x0,x0,0	  x0:0x00000000
        4635000	       462	80000300	fedff36f	jal	x6,80000300	  x6=0x80000300
        4645000	       463	00000000	00000013	addi	x0,x0,0	  x0:0x00000000
        4655000	       464	800002e8	00000013	addi	x0,x0,0	  x0:0x00000000
        4665000	       465	800002ec	0580066f	jal	x12,800002ec	 x12=0x800002ec
        4675000	       466	00000000	00000013	addi	x0,x0,0	  x0:0x00000000
        4685000	       467	80000340	00000013	addi	x0,x0,0	  x0:0x00000000
        4695000	       468	80000344	fb5ff0ef	jal	x1,80000344	  x1=0x80000344
        4705000	       469	00000000	00000013	addi	x0,x0,0	  x0:0x00000000
        4715000	       470	800002f4	00000013	addi	x0,x0,0	  x0:0x00000000
        4725000	       471	800002f8	ff9ff36f	jal	x6,800002f8	  x6=0x800002f8
        4735000	       472	00000000	00000013	addi	x0,x0,0	  x0:0x00000000
        4745000	       473	800002ec	00000013	addi	x0,x0,0	  x0:0x00000000
        4755000	       474	800002f0	048000ef	jal	x1,800002f0	  x1=0x800002f0
        4765000	       475	00000000	00000013	addi	x0,x0,0	  x0:0x00000000
        4775000	       476	80000334	00000013	addi	x0,x0,0	  x0:0x00000000
        4785000	       477	80000338	fe5ff0ef	jal	x1,80000338	  x1=0x80000338
        4795000	       478	00000000	00000013	addi	x0,x0,0	  x0:0x00000000
        4805000	       479	80000318	00000013	addi	x0,x0,0	  x0:0x00000000
        4815000	       480	8000031c	01400eef	jal	x29,8000031c	 x29=0x8000031c
        4825000	       481	00000000	00000013	addi	x0,x0,0	  x0:0x00000000
        4835000	       482	8000032c	00000013	addi	x0,x0,0	  x0:0x00000000
        4845000	       483	80000330	018006ef	jal	x13,80000330	 x13=0x80000330
        4855000	       484	00000000	00000013	addi	x0,x0,0	  x0:0x00000000
        4865000	       485	80000344	00000013	addi	x0,x0,0	  x0:0x00000000
        4875000	       486	80000348	ff9ff0ef	jal	x1,80000348	  x1=0x80000348
        4885000	       487	00000000	00000013	addi	x0,x0,0	  x0:0x00000000
        4895000	       488	8000033c	00000013	addi	x0,x0,0	  x0:0x00000000
        4905000	       489	80000340	fe5ff0ef	jal	x1,80000340	  x1=0x80000340
        4915000	       490	00000000	00000013	addi	x0,x0,0	  x0:0x00000000
        4925000	       491	80000320	00000013	addi	x0,x0,0	  x0:0x00000000
        4935000	       492	80000324	028000ef	jal	x1,80000324	  x1=0x80000324
        4945000	       493	00000000	00000013	addi	x0,x0,0	  x0:0x00000000
        4955000	       494	80000348	00000013	addi	x0,x0,0	  x0:0x00000000
        4965000	       495	8000034c	014000ef	jal	x1,8000034c	  x1=0x8000034c
        4975000	       496	00000000	00000013	addi	x0,x0,0	  x0:0x00000000
        4985000	       497	8000035c	00000013	addi	x0,x0,0	  x0:0x00000000
        4995000	       498	80000360	00369bb3	sll	x23,x13,x3	 x13:0x80000330  x3:0x80000244 x23=0x00003300
        5005000	       499	80000364	0080036f	jal	x6,80000364	  x6=0x80000364
        5015000	       500	00000000	00000013	addi	x0,x0,0	  x0:0x00000000
        5025000	       501	80000368	00000013	addi	x0,x0,0	  x0:0x00000000
        5035000	       502	8000036c	020001ef	jal	x3,8000036c	  x3=0x8000036c
        5045000	       503	00000000	00000013	addi	x0,x0,0	  x0:0x00000000
        5055000	       504	80000388	00000013	addi	x0,x0,0	  x0:0x00000000
        5065000	       505	8000038c	fedff36f	jal	x6,8000038c	  x6=0x8000038c
        5075000	       506	00000000	00000013	addi	x0,x0,0	  x0:0x00000000
        5085000	       507	80000374	00000013	addi	x0,x0,0	  x0:0x00000000
        5095000	       508	80000378	008006ef	jal	x13,80000378	 x13=0x80000378
        5105000	       509	00000000	00000013	addi	x0,x0,0	  x0:0x00000000
        5115000	       510	8000037c	00000013	addi	x0,x0,0	  x0:0x00000000
        5125000	       511	80000380	ff1ff0ef	jal	x1,80000380	  x1=0x80000380
        5135000	       512	00000000	00000013	addi	x0,x0,0	  x0:0x00000000
        5145000	       513	8000036c	00000013	addi	x0,x0,0	  x0:0x00000000
        5155000	       514	80000370	018004ef	jal	x9,80000370	  x9=0x80000370
        5165000	       515	00000000	00000013	addi	x0,x0,0	  x0:0x00000000
        5175000	       516	80000384	00000013	addi	x0,x0,0	  x0:0x00000000
        5185000	       517	80000388	ffdff96f	jal	x18,80000388	 x18=0x80000388
        5195000	       518	00000000	00000013	addi	x0,x0,0	  x0:0x00000000
        5205000	       519	80000380	00000013	addi	x0,x0,0	  x0:0x00000000
        5215000	       520	80000384	ff9ff0ef	jal	x1,80000384	  x1=0x80000384
        5225000	       521	00000000	00000013	addi	x0,x0,0	  x0:0x00000000
        5235000	       522	80000378	00000013	addi	x0,x0,0	  x0:0x00000000
        5245000	       523	8000037c	ff9ff0ef	jal	x1,8000037c	  x1=0x8000037c
        5255000	       524	00000000	00000013	addi	x0,x0,0	  x0:0x00000000
        5265000	       525	80000370	00000013	addi	x0,x0,0	  x0:0x00000000
        5275000	       526	80000374	ff5ff36f	jal	x6,80000374	  x6=0x80000374
        5285000	       527	00000000	00000013	addi	x0,x0,0	  x0:0x00000000
        5295000	       528	80000364	00000013	addi	x0,x0,0	  x0:0x00000000
        5305000	       529	80000368	0280036f	jal	x6,80000368	  x6=0x80000368
        5315000	       530	00000000	00000013	addi	x0,x0,0	  x0:0x00000000
        5325000	       531	8000038c	00000013	addi	x0,x0,0	  x0:0x00000000
        5335000	       532	80000390	00951533	sll	x10,x10,x9	 x10:0x800001ac  x9:0x80000370 x10=0x01ac0000
        5345000	       533	80000394	0340036f	jal	x6,80000394	  x6=0x80000394
        5355000	       534	00000000	00000013	addi	x0,x0,0	  x0:0x00000000
        5365000	       535	800003c4	00000013	addi	x0,x0,0	  x0:0x00000000
        5375000	       536	800003c8	fe1ff0ef	jal	x1,800003c8	  x1=0x800003c8
        5385000	       537	00000000	00000013	addi	x0,x0,0	  x0:0x00000000
        5395000	       538	800003a4	00000013	addi	x0,x0,0	  x0:0x00000000
        5405000	       539	800003a8	02c0056f	jal	x10,800003a8	 x10=0x800003a8
        5415000	       540	00000000	00000013	addi	x0,x0,0	  x0:0x00000000
        5425000	       541	800003d0	00000013	addi	x0,x0,0	  x0:0x00000000
        5435000	       542	800003d4	fe9ff0ef	jal	x1,800003d4	  x1=0x800003d4
        5445000	       543	00000000	00000013	addi	x0,x0,0	  x0:0x00000000
        5455000	       544	800003b8	00000013	addi	x0,x0,0	  x0:0x00000000
        5465000	       545	800003bc	fe9ff0ef	jal	x1,800003bc	  x1=0x800003bc
        5475000	       546	00000000	00000013	addi	x0,x0,0	  x0:0x00000000
        5485000	       547	800003a0	00000013	addi	x0,x0,0	  x0:0x00000000
        5495000	       548	800003a4	0200036f	jal	x6,800003a4	  x6=0x800003a4
        5505000	       549	00000000	00000013	addi	x0,x0,0	  x0:0x00000000
        5515000	       550	800003c0	00000013	addi	x0,x0,0	  x0:0x00000000
        5525000	       551	800003c4	008000ef	jal	x1,800003c4	  x1=0x800003c4
        5535000	       552	00000000	00000013	addi	x0,x0,0	  x0:0x00000000
        5545000	       553	800003c8	00000013	addi	x0,x0,0	  x0:0x00000000
        5555000	       554	800003cc	00c002ef	jal	x5,800003cc	  x5=0x800003cc
        5565000	       555	00000000	00000013	addi	x0,x0,0	  x0:0x00000000
        5575000	       556	800003d4	00000013	addi	x0,x0,0	  x0:0x00000000
        5585000	       557	800003d8	fe9ff36f	jal	x6,800003d8	  x6=0x800003d8
        5595000	       558	00000000	00000013	addi	x0,x0,0	  x0:0x00000000
        5605000	       559	800003bc	00000013	addi	x0,x0,0	  x0:0x00000000
        5615000	       560	800003c0	fddff0ef	jal	x1,800003c0	  x1=0x800003c0
        5625000	       561	00000000	00000013	addi	x0,x0,0	  x0:0x00000000
        5635000	       562	80000398	00000013	addi	x0,x0,0	  x0:0x00000000
        5645000	       563	8000039c	0100016f	jal	x2,8000039c	  x2=0x8000039c
        5655000	       564	00000000	00000013	addi	x0,x0,0	  x0:0x00000000
        5665000	       565	800003a8	00000013	addi	x0,x0,0	  x0:0x00000000
        5675000	       566	800003ac	004000ef	jal	x1,800003ac	  x1=0x800003ac
        5685000	       567	00000000	00000013	addi	x0,x0,0	  x0:0x00000000
        5695000	       568	800003ac	00000013	addi	x0,x0,0	  x0:0x00000000
        5705000	       569	800003b0	0300046f	jal	x8,800003b0	  x8=0x800003b0
        5715000	       570	00000000	00000013	addi	x0,x0,0	  x0:0x00000000
        5725000	       571	800003dc	00000013	addi	x0,x0,0	  x0:0x00000000
        5735000	       572	800003e0	ffdff0ef	jal	x1,800003e0	  x1=0x800003e0
        5745000	       573	00000000	00000013	addi	x0,x0,0	  x0:0x00000000
        5755000	       574	800003d8	00000013	addi	x0,x0,0	  x0:0x00000000
        5765000	       575	800003dc	fc5ff36f	jal	x6,800003dc	  x6=0x800003dc
        5775000	       576	00000000	00000013	addi	x0,x0,0	  x0:0x00000000
        5785000	       577	8000039c	00000013	addi	x0,x0,0	  x0:0x00000000
        5795000	       578	800003a0	0140036f	jal	x6,800003a0	  x6=0x800003a0
        5805000	       579	00000000	00000013	addi	x0,x0,0	  x0:0x00000000
        5815000	       580	800003b0	00000013	addi	x0,x0,0	  x0:0x00000000
        5825000	       581	800003b4	01c0036f	jal	x6,800003b4	  x6=0x800003b4
        5835000	       582	00000000	00000013	addi	x0,x0,0	  x0:0x00000000
        5845000	       583	800003cc	00000013	addi	x0,x0,0	  x0:0x00000000
        5855000	       584	800003d0	fe9ff0ef	jal	x1,800003d0	  x1=0x800003d0
        5865000	       585	00000000	00000013	addi	x0,x0,0	  x0:0x00000000
        5875000	       586	800003b4	00000013	addi	x0,x0,0	  x0:0x00000000
        5885000	       587	800003b8	fe1ff0ef	jal	x1,800003b8	  x1=0x800003b8
        5895000	       588	00000000	00000013	addi	x0,x0,0	  x0:0x00000000
        5905000	       589	80000394	00000013	addi	x0,x0,0	  x0:0x00000000
        5915000	       590	80000398	04c00f6f	jal	x30,80000398	 x30=0x80000398
        5925000	       591	00000000	00000013	addi	x0,x0,0	  x0:0x00000000
        5935000	       592	800003e0	00000013	addi	x0,x0,0	  x0:0x00000000
        5945000	       593	800003e4	01c52a33	slt	x20,x10,x28	 x10:0x800003a8 x28:0x8000030c x20=0x00000000
        5955000	       594	800003e8	03c0036f	jal	x6,800003e8	  x6=0x800003e8
        5965000	       595	00000000	00000013	addi	x0,x0,0	  x0:0x00000000
        5975000	       596	80000420	00000013	addi	x0,x0,0	  x0:0x00000000
        5985000	       597	80000424	fd1ff36f	jal	x6,80000424	  x6=0x80000424
        5995000	       598	00000000	00000013	addi	x0,x0,0	  x0:0x00000000
        6005000	       599	800003f0	00000013	addi	x0,x0,0	  x0:0x00000000
        6015000	       600	800003f4	028000ef	jal	x1,800003f4	  x1=0x800003f4
        6025000	       601	00000000	00000013	addi	x0,x0,0	  x0:0x00000000
        6035000	       602	80000418	00000013	addi	x0,x0,0	  x0:0x00000000
        6045000	       603	8000041c	00400aef	jal	x21,8000041c	 x21=0x8000041c
        6055000	       604	00000000	00000013	addi	x0,x0,0	  x0:0x00000000
        6065000	       605	8000041c	00000013	addi	x0,x0,0	  x0:0x00000000
        6075000	       606	80000420	fddff36f	jal	x6,80000420	  x6=0x80000420
        6085000	       607	00000000	00000013	addi	x0,x0,0	  x0:0x00000000
        6095000	       608	800003f8	00000013	addi	x0,x0,0	  x0:0x00000000
        6105000	       609	800003fc	00c000ef	jal	x1,800003fc	  x1=0x800003fc
        6115000	       610	00000000	00000013	addi	x0,x0,0	  x0:0x00000000
        6125000	       611	80000404	00000013	addi	x0,x0,0	  x0:0x00000000
        6135000	       612	80000408	ff1ff0ef	jal	x1,80000408	  x1=0x80000408
        6145000	       613	00000000	00000013	addi	x0,x0,0	  x0:0x00000000
        6155000	       614	800003f4	00000013	addi	x0,x0,0	  x0:0x00000000
        6165000	       615	800003f8	018000ef	jal	x1,800003f8	  x1=0x800003f8
        6175000	       616	00000000	00000013	addi	x0,x0,0	  x0:0x00000000
        6185000	       617	8000040c	00000013	addi	x0,x0,0	  x0:0x00000000
        6195000	       618	80000410	0040036f	jal	x6,80000410	  x6=0x80000410
        6205000	       619	00000000	00000013	addi	x0,x0,0	  x0:0x00000000
        6215000	       620	80000410	00000013	addi	x0,x0,0	  x0:0x00000000
        6225000	       621	80000414	fddff86f	jal	x16,80000414	 x16=0x80000414
        6235000	       622	00000000	00000013	addi	x0,x0,0	  x0:0x00000000
        6245000	       623	800003ec	00000013	addi	x0,x0,0	  x0:0x00000000
        6255000	       624	800003f0	ffdff36f	jal	x6,800003f0	  x6=0x800003f0
        6265000	       625	00000000	00000013	addi	x0,x0,0	  x0:0x00000000
        6275000	       626	800003e8	00000013	addi	x0,x0,0	  x0:0x00000000
        6285000	       627	800003ec	01400e6f	jal	x28,800003ec	 x28=0x800003ec
        6295000	       628	00000000	00000013	addi	x0,x0,0	  x0:0x00000000
        6305000	       629	800003fc	00000013	addi	x0,x0,0	  x0:0x00000000
        6315000	       630	80000400	018000ef	jal	x1,80000400	  x1=0x80000400
        6325000	       631	00000000	00000013	addi	x0,x0,0	  x0:0x00000000
        6335000	       632	80000414	00000013	addi	x0,x0,0	  x0:0x00000000
        6345000	       633	80000418	ff5ff6ef	jal	x13,80000418	 x13=0x80000418
        6355000	       634	00000000	00000013	addi	x0,x0,0	  x0:0x00000000
        6365000	       635	80000408	00000013	addi	x0,x0,0	  x0:0x00000000
        6375000	       636	8000040c	ff9ff36f	jal	x6,8000040c	  x6=0x8000040c
        6385000	       637	00000000	00000013	addi	x0,x0,0	  x0:0x00000000
        6395000	       638	80000400	00000013	addi	x0,x0,0	  x0:0x00000000
        6405000	       639	80000404	0240016f	jal	x2,80000404	  x2=0x80000404
        6415000	       640	00000000	00000013	addi	x0,x0,0	  x0:0x00000000
        6425000	       641	80000424	00000013	addi	x0,x0,0	  x0:0x00000000
        6435000	       642	80000428	001cc3b3	xor	x7,x25,x1	 x25:0x80009f84  x1:0x80000400  x7=0x00009b84
        6445000	       643	8000042c	0640036f	jal	x6,8000042c	  x6=0x8000042c
        6455000	       644	00000000	00000013	addi	x0,x0,0	  x0:0x00000000
        6465000	       645	8000048c	00000013	addi	x0,x0,0	  x0:0x00000000
        6475000	       646	80000490	fcdff0ef	jal	x1,80000490	  x1=0x80000490
        6485000	       647	00000000	00000013	addi	x0,x0,0	  x0:0x00000000
        6495000	       648	80000458	00000013	addi	x0,x0,0	  x0:0x00000000
        6505000	       649	8000045c	fddff3ef	jal	x7,8000045c	  x7=0x8000045c
        6515000	       650	00000000	00000013	addi	x0,x0,0	  x0:0x00000000
        6525000	       651	80000434	00000013	addi	x0,x0,0	  x0:0x00000000
        6535000	       652	80000438	054000ef	jal	x1,80000438	  x1=0x80000438
        6545000	       653	00000000	00000013	addi	x0,x0,0	  x0:0x00000000
        6555000	       654	80000488	00000013	addi	x0,x0,0	  x0:0x00000000
        6565000	       655	8000048c	014000ef	jal	x1,8000048c	  x1=0x8000048c
        6575000	       656	00000000	00000013	addi	x0,x0,0	  x0:0x00000000
        6585000	       657	8000049c	00000013	addi	x0,x0,0	  x0:0x00000000
        6595000	       658	800004a0	fb5ff0ef	jal	x1,800004a0	  x1=0x800004a0
        6605000	       659	00000000	00000013	addi	x0,x0,0	  x0:0x00000000
        6615000	       660	80000450	00000013	addi	x0,x0,0	  x0:0x00000000
        6625000	       661	80000454	0280036f	jal	x6,80000454	  x6=0x80000454
        6635000	       662	00000000	00000013	addi	x0,x0,0	  x0:0x00000000
        6645000	       663	80000478	00000013	addi	x0,x0,0	  x0:0x00000000
        6655000	       664	8000047c	020000ef	jal	x1,8000047c	  x1=0x8000047c
        6665000	       665	00000000	00000013	addi	x0,x0,0	  x0:0x00000000
        6675000	       666	80000498	00000013	addi	x0,x0,0	  x0:0x00000000
        6685000	       667	8000049c	fd9ff0ef	jal	x1,8000049c	  x1=0x8000049c
        6695000	       668	00000000	00000013	addi	x0,x0,0	  x0:0x00000000
        6705000	       669	80000470	00000013	addi	x0,x0,0	  x0:0x00000000
        6715000	       670	80000474	fc1ff0ef	jal	x1,80000474	  x1=0x80000474
        6725000	       671	00000000	00000013	addi	x0,x0,0	  x0:0x00000000
        6735000	       672	80000430	00000013	addi	x0,x0,0	  x0:0x00000000
        6745000	       673	80000434	03c000ef	jal	x1,80000434	  x1=0x80000434
        6755000	       674	00000000	00000013	addi	x0,x0,0	  x0:0x00000000
        6765000	       675	8000046c	00000013	addi	x0,x0,0	  x0:0x00000000
        6775000	       676	80000470	0140036f	jal	x6,80000470	  x6=0x80000470
        6785000	       677	00000000	00000013	addi	x0,x0,0	  x0:0x00000000
        6795000	       678	80000480	00000013	addi	x0,x0,0	  x0:0x00000000
        6805000	       679	80000484	fe9ff2ef	jal	x5,80000484	  x5=0x80000484
        6815000	       680	00000000	00000013	addi	x0,x0,0	  x0:0x00000000
        6825000	       681	80000468	00000013	addi	x0,x0,0	  x0:0x00000000
        6835000	       682	8000046c	03800def	jal	x27,8000046c	 x27=0x8000046c
        6845000	       683	00000000	00000013	addi	x0,x0,0	  x0:0x00000000
        6855000	       684	800004a0	00000013	addi	x0,x0,0	  x0:0x00000000
        6865000	       685	800004a4	f8dff0ef	jal	x1,800004a4	  x1=0x800004a4
        6875000	       686	00000000	00000013	addi	x0,x0,0	  x0:0x00000000
        6885000	       687	8000042c	00000013	addi	x0,x0,0	  x0:0x00000000
        6895000	       688	80000430	0300066f	jal	x12,80000430	 x12=0x80000430
        6905000	       689	00000000	00000013	addi	x0,x0,0	  x0:0x00000000
        6915000	       690	8000045c	00000013	addi	x0,x0,0	  x0:0x00000000
        6925000	       691	80000460	034000ef	jal	x1,80000460	  x1=0x80000460
        6935000	       692	00000000	00000013	addi	x0,x0,0	  x0:0x00000000
        6945000	       693	80000490	00000013	addi	x0,x0,0	  x0:0x00000000
        6955000	       694	80000494	fe5ff36f	jal	x6,80000494	  x6=0x80000494
        6965000	       695	00000000	00000013	addi	x0,x0,0	  x0:0x00000000
        6975000	       696	80000474	00000013	addi	x0,x0,0	  x0:0x00000000
        6985000	       697	80000478	fd1ff2ef	jal	x5,80000478	  x5=0x80000478
        6995000	       698	00000000	00000013	addi	x0,x0,0	  x0:0x00000000
        7005000	       699	80000444	00000013	addi	x0,x0,0	  x0:0x00000000
        7015000	       700	80000448	050000ef	jal	x1,80000448	  x1=0x80000448
        7025000	       701	00000000	00000013	addi	x0,x0,0	  x0:0x00000000
        7035000	       702	80000494	00000013	addi	x0,x0,0	  x0:0x00000000
        7045000	       703	80000498	fb9ff0ef	jal	x1,80000498	  x1=0x80000498
        7055000	       704	00000000	00000013	addi	x0,x0,0	  x0:0x00000000
        7065000	       705	8000044c	00000013	addi	x0,x0,0	  x0:0x00000000
        7075000	       706	80000450	ff1ff0ef	jal	x1,80000450	  x1=0x80000450
        7085000	       707	00000000	00000013	addi	x0,x0,0	  x0:0x00000000
        7095000	       708	8000043c	00000013	addi	x0,x0,0	  x0:0x00000000
        7105000	       709	80000440	02800bef	jal	x23,80000440	 x23=0x80000440
        7115000	       710	00000000	00000013	addi	x0,x0,0	  x0:0x00000000
        7125000	       711	80000464	00000013	addi	x0,x0,0	  x0:0x00000000
        7135000	       712	80000468	0180036f	jal	x6,80000468	  x6=0x80000468
        7145000	       713	00000000	00000013	addi	x0,x0,0	  x0:0x00000000
        7155000	       714	8000047c	00000013	addi	x0,x0,0	  x0:0x00000000
        7165000	       715	80000480	fbdff26f	jal	x4,80000480	  x4=0x80000480
        7175000	       716	00000000	00000013	addi	x0,x0,0	  x0:0x00000000
        7185000	       717	80000438	00000013	addi	x0,x0,0	  x0:0x00000000
        7195000	       718	8000043c	04c000ef	jal	x1,8000043c	  x1=0x8000043c
        7205000	       719	00000000	00000013	addi	x0,x0,0	  x0:0x00000000
        7215000	       720	80000484	00000013	addi	x0,x0,0	  x0:0x00000000
        7225000	       721	80000488	fddff0ef	jal	x1,80000488	  x1=0x80000488
        7235000	       722	00000000	00000013	addi	x0,x0,0	  x0:0x00000000
        7245000	       723	80000460	00000013	addi	x0,x0,0	  x0:0x00000000
        7255000	       724	80000464	fe9ff36f	jal	x6,80000464	  x6=0x80000464
        7265000	       725	00000000	00000013	addi	x0,x0,0	  x0:0x00000000
        7275000	       726	80000448	00000013	addi	x0,x0,0	  x0:0x00000000
        7285000	       727	8000044c	ff9ff0ef	jal	x1,8000044c	  x1=0x8000044c
        7295000	       728	00000000	00000013	addi	x0,x0,0	  x0:0x00000000
        7305000	       729	80000440	00000013	addi	x0,x0,0	  x0:0x00000000
        7315000	       730	80000444	0140016f	jal	x2,80000444	  x2=0x80000444
        7325000	       731	00000000	00000013	addi	x0,x0,0	  x0:0x00000000
        7335000	       732	80000454	00000013	addi	x0,x0,0	  x0:0x00000000
        7345000	       733	80000458	050000ef	jal	x1,80000458	  x1=0x80000458
        7355000	       734	00000000	00000013	addi	x0,x0,0	  x0:0x00000000
        7365000	       735	800004a4	00000013	addi	x0,x0,0	  x0:0x00000000
        7375000	       736	800004a8	41160833	sub	x16,x12,x17	 x12:0x80000430 x17:0x80009fc4 x16=0xffff646c
        7385000	       737	800004ac	02c0036f	jal	x6,800004ac	  x6=0x800004ac
        7395000	       738	00000000	00000013	addi	x0,x0,0	  x0:0x00000000
        7405000	       739	800004d4	00000013	addi	x0,x0,0	  x0:0x00000000
        7415000	       740	800004d8	004000ef	jal	x1,800004d8	  x1=0x800004d8
        7425000	       741	00000000	00000013	addi	x0,x0,0	  x0:0x00000000
        7435000	       742	800004d8	00000013	addi	x0,x0,0	  x0:0x00000000
        7445000	       743	800004dc	fe1ff0ef	jal	x1,800004dc	  x1=0x800004dc
        7455000	       744	00000000	00000013	addi	x0,x0,0	  x0:0x00000000
        7465000	       745	800004b8	00000013	addi	x0,x0,0	  x0:0x00000000
        7475000	       746	800004bc	024000ef	jal	x1,800004bc	  x1=0x800004bc
        7485000	       747	00000000	00000013	addi	x0,x0,0	  x0:0x00000000
        7495000	       748	800004dc	00000013	addi	x0,x0,0	  x0:0x00000000
        7505000	       749	800004e0	024000ef	jal	x1,800004e0	  x1=0x800004e0
        7515000	       750	00000000	00000013	addi	x0,x0,0	  x0:0x00000000
        7525000	       751	80000500	00000013	addi	x0,x0,0	  x0:0x00000000
        7535000	       752	80000504	fe5ff36f	jal	x6,80000504	  x6=0x80000504
        7545000	       753	00000000	00000013	addi	x0,x0,0	  x0:0x00000000
        7555000	       754	800004e4	00000013	addi	x0,x0,0	  x0:0x00000000
        7565000	       755	800004e8	02c000ef	jal	x1,800004e8	  x1=0x800004e8
        7575000	       756	00000000	00000013	addi	x0,x0,0	  x0:0x00000000
        7585000	       757	80000510	00000013	addi	x0,x0,0	  x0:0x00000000
        7595000	       758	80000514	ff9ff0ef	jal	x1,80000514	  x1=0x80000514
        7605000	       759	00000000	00000013	addi	x0,x0,0	  x0:0x00000000
        7615000	       760	80000508	00000013	addi	x0,x0,0	  x0:0x00000000
        7625000	       761	8000050c	fe5ff36f	jal	x6,8000050c	  x6=0x8000050c
        7635000	       762	00000000	00000013	addi	x0,x0,0	  x0:0x00000000
        7645000	       763	800004ec	00000013	addi	x0,x0,0	  x0:0x00000000
        7655000	       764	800004f0	fd1ff36f	jal	x6,800004f0	  x6=0x800004f0
        7665000	       765	00000000	00000013	addi	x0,x0,0	  x0:0x00000000
        7675000	       766	800004bc	00000013	addi	x0,x0,0	  x0:0x00000000
        7685000	       767	800004c0	024000ef	jal	x1,800004c0	  x1=0x800004c0
        7695000	       768	00000000	00000013	addi	x0,x0,0	  x0:0x00000000
        7705000	       769	800004e0	00000013	addi	x0,x0,0	  x0:0x00000000
        7715000	       770	800004e4	02c000ef	jal	x1,800004e4	  x1=0x800004e4
        7725000	       771	00000000	00000013	addi	x0,x0,0	  x0:0x00000000
        7735000	       772	8000050c	00000013	addi	x0,x0,0	  x0:0x00000000
        7745000	       773	80000510	fbdff0ef	jal	x1,80000510	  x1=0x80000510
        7755000	       774	00000000	00000013	addi	x0,x0,0	  x0:0x00000000
        7765000	       775	800004c8	00000013	addi	x0,x0,0	  x0:0x00000000
        7775000	       776	800004cc	02c000ef	jal	x1,800004cc	  x1=0x800004cc
        7785000	       777	00000000	00000013	addi	x0,x0,0	  x0:0x00000000
        7795000	       778	800004f4	00000013	addi	x0,x0,0	  x0:0x00000000
        7805000	       779	800004f8	fb9ff0ef	jal	x1,800004f8	  x1=0x800004f8
        7815000	       780	00000000	00000013	addi	x0,x0,0	  x0:0x00000000
        7825000	       781	800004ac	00000013	addi	x0,x0,0	  x0:0x00000000
        7835000	       782	800004b0	0140016f	jal	x2,800004b0	  x2=0x800004b0
        7845000	       783	00000000	00000013	addi	x0,x0,0	  x0:0x00000000
        7855000	       784	800004c0	00000013	addi	x0,x0,0	  x0:0x00000000
        7865000	       785	800004c4	03c0036f	jal	x6,800004c4	  x6=0x800004c4
        7875000	       786	00000000	00000013	addi	x0,x0,0	  x0:0x00000000
        7885000	       787	800004fc	00000013	addi	x0,x0,0	  x0:0x00000000
        7895000	       788	80000500	fd1ff36f	jal	x6,80000500	  x6=0x80000500
        7905000	       789	00000000	00000013	addi	x0,x0,0	  x0:0x00000000
        7915000	       790	800004cc	00000013	addi	x0,x0,0	  x0:0x00000000
        7925000	       791	800004d0	004000ef	jal	x1,800004d0	  x1=0x800004d0
        7935000	       792	00000000	00000013	addi	x0,x0,0	  x0:0x00000000
        7945000	       793	800004d0	00000013	addi	x0,x0,0	  x0:0x00000000
        7955000	       794	800004d4	018000ef	jal	x1,800004d4	  x1=0x800004d4
        7965000	       795	00000000	00000013	addi	x0,x0,0	  x0:0x00000000
        7975000	       796	800004e8	00000013	addi	x0,x0,0	  x0:0x00000000
        7985000	       797	800004ec	fc9ff0ef	jal	x1,800004ec	  x1=0x800004ec
        7995000	       798	00000000	00000013	addi	x0,x0,0	  x0:0x00000000
        8005000	       799	800004b0	00000013	addi	x0,x0,0	  x0:0x00000000
        8015000	       800	800004b4	014001ef	jal	x3,800004b4	  x3=0x800004b4
        8025000	       801	00000000	00000013	addi	x0,x0,0	  x0:0x00000000
        8035000	       802	800004c4	00000013	addi	x0,x0,0	  x0:0x00000000
        8045000	       803	800004c8	02c0036f	jal	x6,800004c8	  x6=0x800004c8
        8055000	       804	00000000	00000013	addi	x0,x0,0	  x0:0x00000000
        8065000	       805	800004f0	00000013	addi	x0,x0,0	  x0:0x00000000
        8075000	       806	800004f4	014001ef	jal	x3,800004f4	  x3=0x800004f4
        8085000	       807	00000000	00000013	addi	x0,x0,0	  x0:0x00000000
        8095000	       808	80000504	00000013	addi	x0,x0,0	  x0:0x00000000
        8105000	       809	80000508	fb1ff36f	jal	x6,80000508	  x6=0x80000508
        8115000	       810	00000000	00000013	addi	x0,x0,0	  x0:0x00000000
        8125000	       811	800004b4	00000013	addi	x0,x0,0	  x0:0x00000000
        8135000	       812	800004b8	0440036f	jal	x6,800004b8	  x6=0x800004b8
        8145000	       813	00000000	00000013	addi	x0,x0,0	  x0:0x00000000
        8155000	       814	800004f8	00000013	addi	x0,x0,0	  x0:0x00000000
        8165000	       815	800004fc	01c000ef	jal	x1,800004fc	  x1=0x800004fc
        8175000	       816	00000000	00000013	addi	x0,x0,0	  x0:0x00000000
        8185000	       817	80000514	00000013	addi	x0,x0,0	  x0:0x00000000
        8195000	       818	80000518	552d8413	addi	x8,x27,1362	 x27:0x8000046c  x8=0x800009be
        8205000	       819	8000051c	0180036f	jal	x6,8000051c	  x6=0x8000051c
        8215000	       820	00000000	00000013	addi	x0,x0,0	  x0:0x00000000
        8225000	       821	80000530	00000013	addi	x0,x0,0	  x0:0x00000000
        8235000	       822	80000534	020000ef	jal	x1,80000534	  x1=0x80000534
        8245000	       823	00000000	00000013	addi	x0,x0,0	  x0:0x00000000
        8255000	       824	80000550	00000013	addi	x0,x0,0	  x0:0x00000000
        8265000	       825	80000554	ffdff36f	jal	x6,80000554	  x6=0x80000554
        8275000	       826	00000000	00000013	addi	x0,x0,0	  x0:0x00000000
        8285000	       827	8000054c	00000013	addi	x0,x0,0	  x0:0x00000000
        8295000	       828	80000550	ffdff36f	jal	x6,80000550	  x6=0x80000550
        8305000	       829	00000000	00000013	addi	x0,x0,0	  x0:0x00000000
        8315000	       830	80000548	00000013	addi	x0,x0,0	  x0:0x00000000
        8325000	       831	8000054c	fe5ff0ef	jal	x1,8000054c	  x1=0x8000054c
        8335000	       832	00000000	00000013	addi	x0,x0,0	  x0:0x00000000
        8345000	       833	8000052c	00000013	addi	x0,x0,0	  x0:0x00000000
        8355000	       834	80000530	ff1ff0ef	jal	x1,80000530	  x1=0x80000530
        8365000	       835	00000000	00000013	addi	x0,x0,0	  x0:0x00000000
        8375000	       836	8000051c	00000013	addi	x0,x0,0	  x0:0x00000000
        8385000	       837	80000520	02000b6f	jal	x22,80000520	 x22=0x80000520
        8395000	       838	00000000	00000013	addi	x0,x0,0	  x0:0x00000000
        8405000	       839	8000053c	00000013	addi	x0,x0,0	  x0:0x00000000
        8415000	       840	80000540	ff9ff0ef	jal	x1,80000540	  x1=0x80000540
        8425000	       841	00000000	00000013	addi	x0,x0,0	  x0:0x00000000
        8435000	       842	80000534	00000013	addi	x0,x0,0	  x0:0x00000000
        8445000	       843	80000538	ff5ff0ef	jal	x1,80000538	  x1=0x80000538
        8455000	       844	00000000	00000013	addi	x0,x0,0	  x0:0x00000000
        8465000	       845	80000528	00000013	addi	x0,x0,0	  x0:0x00000000
        8475000	       846	8000052c	010000ef	jal	x1,8000052c	  x1=0x8000052c
        8485000	       847	00000000	00000013	addi	x0,x0,0	  x0:0x00000000
        8495000	       848	80000538	00000013	addi	x0,x0,0	  x0:0x00000000
        8505000	       849	8000053c	008000ef	jal	x1,8000053c	  x1=0x8000053c
        8515000	       850	00000000	00000013	addi	x0,x0,0	  x0:0x00000000
        8525000	       851	80000540	00000013	addi	x0,x0,0	  x0:0x00000000
        8535000	       852	80000544	004000ef	jal	x1,80000544	  x1=0x80000544
        8545000	       853	00000000	00000013	addi	x0,x0,0	  x0:0x00000000
        8555000	       854	80000544	00000013	addi	x0,x0,0	  x0:0x00000000
        8565000	       855	80000548	fe1ff0ef	jal	x1,80000548	  x1=0x80000548
        8575000	       856	00000000	00000013	addi	x0,x0,0	  x0:0x00000000
        8585000	       857	80000524	00000013	addi	x0,x0,0	  x0:0x00000000
        8595000	       858	80000528	ffdff16f	jal	x2,80000528	  x2=0x80000528
        8605000	       859	00000000	00000013	addi	x0,x0,0	  x0:0x00000000
        8615000	       860	80000520	00000013	addi	x0,x0,0	  x0:0x00000000
        8625000	       861	80000524	0340056f	jal	x10,80000524	 x10=0x80000524
        8635000	       862	00000000	00000013	addi	x0,x0,0	  x0:0x00000000
        8645000	       863	80000554	00000013	addi	x0,x0,0	  x0:0x00000000
        8655000	       864	80000558	00d36ab3	or	x21,x6,x13	  x6:0x80000550 x13:0x80000418 x21=0x80000558
        8665000	       865	8000055c	00c0036f	jal	x6,8000055c	  x6=0x8000055c
        8675000	       866	00000000	00000013	addi	x0,x0,0	  x0:0x00000000
        8685000	       867	80000564	00000013	addi	x0,x0,0	  x0:0x00000000
        8695000	       868	80000568	ff9ff0ef	jal	x1,80000568	  x1=0x80000568
        8705000	       869	00000000	00000013	addi	x0,x0,0	  x0:0x00000000
        8715000	       870	8000055c	00000013	addi	x0,x0,0	  x0:0x00000000
        8725000	       871	80000560	048000ef	jal	x1,80000560	  x1=0x80000560
        8735000	       872	00000000	00000013	addi	x0,x0,0	  x0:0x00000000
        8745000	       873	800005a4	00000013	addi	x0,x0,0	  x0:0x00000000
        8755000	       874	800005a8	fe5ffd6f	jal	x26,800005a8	 x26=0x800005a8
        8765000	       875	00000000	00000013	addi	x0,x0,0	  x0:0x00000000
        8775000	       876	80000588	00000013	addi	x0,x0,0	  x0:0x00000000
        8785000	       877	8000058c	ff9ff0ef	jal	x1,8000058c	  x1=0x8000058c
        8795000	       878	00000000	00000013	addi	x0,x0,0	  x0:0x00000000
        8805000	       879	80000580	00000013	addi	x0,x0,0	  x0:0x00000000
        8815000	       880	80000584	fedff36f	jal	x6,80000584	  x6=0x80000584
        8825000	       881	00000000	00000013	addi	x0,x0,0	  x0:0x00000000
        8835000	       882	8000056c	00000013	addi	x0,x0,0	  x0:0x00000000
        8845000	       883	80000570	044000ef	jal	x1,80000570	  x1=0x80000570
        8855000	       884	00000000	00000013	addi	x0,x0,0	  x0:0x00000000
        8865000	       885	800005b0	00000013	addi	x0,x0,0	  x0:0x00000000
        8875000	       886	800005b4	fe5ff36f	jal	x6,800005b4	  x6=0x800005b4
        8885000	       887	00000000	00000013	addi	x0,x0,0	  x0:0x00000000
        8895000	       888	80000594	00000013	addi	x0,x0,0	  x0:0x00000000
        8905000	       889	80000598	00c0036f	jal	x6,80000598	  x6=0x80000598
        8915000	       890	00000000	00000013	addi	x0,x0,0	  x0:0x00000000
        8925000	       891	800005a0	00000013	addi	x0,x0,0	  x0:0x00000000
        8935000	       892	800005a4	fd5ff36f	jal	x6,800005a4	  x6=0x800005a4
        8945000	       893	00000000	00000013	addi	x0,x0,0	  x0:0x00000000
        8955000	       894	80000574	00000013	addi	x0,x0,0	  x0:0x00000000
        8965000	       895	80000578	ff5ff0ef	jal	x1,80000578	  x1=0x80000578
        8975000	       896	00000000	00000013	addi	x0,x0,0	  x0:0x00000000
        8985000	       897	80000568	00000013	addi	x0,x0,0	  x0:0x00000000
        8995000	       898	8000056c	024000ef	jal	x1,8000056c	  x1=0x8000056c
        9005000	       899	00000000	00000013	addi	x0,x0,0	  x0:0x00000000
        9015000	       900	8000058c	00000013	addi	x0,x0,0	  x0:0x00000000
        9025000	       901	80000590	fedff0ef	jal	x1,80000590	  x1=0x80000590
        9035000	       902	00000000	00000013	addi	x0,x0,0	  x0:0x00000000
        9045000	       903	80000578	00000013	addi	x0,x0,0	  x0:0x00000000
        9055000	       904	8000057c	0200036f	jal	x6,8000057c	  x6=0x8000057c
        9065000	       905	00000000	00000013	addi	x0,x0,0	  x0:0x00000000
        9075000	       906	80000598	00000013	addi	x0,x0,0	  x0:0x00000000
        9085000	       907	8000059c	ff9ff26f	jal	x4,8000059c	  x4=0x8000059c
        9095000	       908	00000000	00000013	addi	x0,x0,0	  x0:0x00000000
        9105000	       909	80000590	00000013	addi	x0,x0,0	  x0:0x00000000
        9115000	       910	80000594	024000ef	jal	x1,80000594	  x1=0x80000594
        9125000	       911	00000000	00000013	addi	x0,x0,0	  x0:0x00000000
        9135000	       912	800005b4	00000013	addi	x0,x0,0	  x0:0x00000000
        9145000	       913	800005b8	ff5ff36f	jal	x6,800005b8	  x6=0x800005b8
        9155000	       914	00000000	00000013	addi	x0,x0,0	  x0:0x00000000
        9165000	       915	800005a8	00000013	addi	x0,x0,0	  x0:0x00000000
        9175000	       916	800005ac	fd5ff0ef	jal	x1,800005ac	  x1=0x800005ac
        9185000	       917	00000000	00000013	addi	x0,x0,0	  x0:0x00000000
        9195000	       918	8000057c	00000013	addi	x0,x0,0	  x0:0x00000000
        9205000	       919	80000580	ff5ff36f	jal	x6,80000580	  x6=0x80000580
        9215000	       920	00000000	00000013	addi	x0,x0,0	  x0:0x00000000
        9225000	       921	80000570	00000013	addi	x0,x0,0	  x0:0x00000000
        9235000	       922	80000574	ff1ff0ef	jal	x1,80000574	  x1=0x80000574
        9245000	       923	00000000	00000013	addi	x0,x0,0	  x0:0x00000000
        9255000	       924	80000560	00000013	addi	x0,x0,0	  x0:0x00000000
        9265000	       925	80000564	024000ef	jal	x1,80000564	  x1=0x80000564
        9275000	       926	00000000	00000013	addi	x0,x0,0	  x0:0x00000000
        9285000	       927	80000584	00000013	addi	x0,x0,0	  x0:0x00000000
        9295000	       928	80000588	028000ef	jal	x1,80000588	  x1=0x80000588
        9305000	       929	00000000	00000013	addi	x0,x0,0	  x0:0x00000000
        9315000	       930	800005ac	00000013	addi	x0,x0,0	  x0:0x00000000
        9325000	       931	800005b0	ff1ff0ef	jal	x1,800005b0	  x1=0x800005b0
        9335000	       932	00000000	00000013	addi	x0,x0,0	  x0:0x00000000
        9345000	       933	8000059c	00000013	addi	x0,x0,0	  x0:0x00000000
        9355000	       934	800005a0	01c000ef	jal	x1,800005a0	  x1=0x800005a0
        9365000	       935	00000000	00000013	addi	x0,x0,0	  x0:0x00000000
        9375000	       936	800005b8	00000013	addi	x0,x0,0	  x0:0x00000000
        9385000	       937	800005bc	0186d793	srli	x15,x13,0x18	 x13:0x80000418 x15=0x00000080
        9395000	       938	800005c0	0500036f	jal	x6,800005c0	  x6=0x800005c0
        9405000	       939	00000000	00000013	addi	x0,x0,0	  x0:0x00000000
        9415000	       940	8000060c	00000013	addi	x0,x0,0	  x0:0x00000000
        9425000	       941	80000610	fb5ff5ef	jal	x11,80000610	 x11=0x80000610
        9435000	       942	00000000	00000013	addi	x0,x0,0	  x0:0x00000000
        9445000	       943	800005c0	00000013	addi	x0,x0,0	  x0:0x00000000
        9455000	       944	800005c4	004000ef	jal	x1,800005c4	  x1=0x800005c4
        9465000	       945	00000000	00000013	addi	x0,x0,0	  x0:0x00000000
        9475000	       946	800005c4	00000013	addi	x0,x0,0	  x0:0x00000000
        9485000	       947	800005c8	01c000ef	jal	x1,800005c8	  x1=0x800005c8
        9495000	       948	00000000	00000013	addi	x0,x0,0	  x0:0x00000000
        9505000	       949	800005e0	00000013	addi	x0,x0,0	  x0:0x00000000
        9515000	       950	800005e4	ff5fff6f	jal	x30,800005e4	 x30=0x800005e4
        9525000	       951	00000000	00000013	addi	x0,x0,0	  x0:0x00000000
        9535000	       952	800005d4	00000013	addi	x0,x0,0	  x0:0x00000000
        9545000	       953	800005d8	ff9ff36f	jal	x6,800005d8	  x6=0x800005d8
        9555000	       954	00000000	00000013	addi	x0,x0,0	  x0:0x00000000
        9565000	       955	800005cc	00000013	addi	x0,x0,0	  x0:0x00000000
        9575000	       956	800005d0	03c0026f	jal	x4,800005d0	  x4=0x800005d0
        9585000	       957	00000000	00000013	addi	x0,x0,0	  x0:0x00000000
        9595000	       958	80000608	00000013	addi	x0,x0,0	  x0:0x00000000
        9605000	       959	8000060c	ff1ff0ef	jal	x1,8000060c	  x1=0x8000060c
        9615000	       960	00000000	00000013	addi	x0,x0,0	  x0:0x00000000
        9625000	       961	800005f8	00000013	addi	x0,x0,0	  x0:0x00000000
        9635000	       962	800005fc	fd1ff0ef	jal	x1,800005fc	  x1=0x800005fc
        9645000	       963	00000000	00000013	addi	x0,x0,0	  x0:0x00000000
        9655000	       964	800005c8	00000013	addi	x0,x0,0	  x0:0x00000000
        9665000	       965	800005cc	048000ef	jal	x1,800005cc	  x1=0x800005cc
        9675000	       966	00000000	00000013	addi	x0,x0,0	  x0:0x00000000
        9685000	       967	80000610	00000013	addi	x0,x0,0	  x0:0x00000000
        9695000	       968	80000614	fddff66f	jal	x12,80000614	 x12=0x80000614
        9705000	       969	00000000	00000013	addi	x0,x0,0	  x0:0x00000000
        9715000	       970	800005ec	00000013	addi	x0,x0,0	  x0:0x00000000
        9725000	       971	800005f0	01400fef	jal	x31,800005f0	 x31=0x800005f0
        9735000	       972	00000000	00000013	addi	x0,x0,0	  x0:0x00000000
        9745000	       973	80000600	00000013	addi	x0,x0,0	  x0:0x00000000
        9755000	       974	80000604	ffdff0ef	jal	x1,80000604	  x1=0x80000604
        9765000	       975	00000000	00000013	addi	x0,x0,0	  x0:0x00000000
        9775000	       976	800005fc	00000013	addi	x0,x0,0	  x0:0x00000000
        9785000	       977	80000600	fedff36f	jal	x6,80000600	  x6=0x80000600
        9795000	       978	00000000	00000013	addi	x0,x0,0	  x0:0x00000000
        9805000	       979	800005e8	00000013	addi	x0,x0,0	  x0:0x00000000
        9815000	       980	800005ec	00c000ef	jal	x1,800005ec	  x1=0x800005ec
        9825000	       981	00000000	00000013	addi	x0,x0,0	  x0:0x00000000
        9835000	       982	800005f4	00000013	addi	x0,x0,0	  x0:0x00000000
        9845000	       983	800005f8	ff1ffeef	jal	x29,800005f8	 x29=0x800005f8
        9855000	       984	00000000	00000013	addi	x0,x0,0	  x0:0x00000000
        9865000	       985	800005e4	00000013	addi	x0,x0,0	  x0:0x00000000
        9875000	       986	800005e8	fedff0ef	jal	x1,800005e8	  x1=0x800005e8
        9885000	       987	00000000	00000013	addi	x0,x0,0	  x0:0x00000000
        9895000	       988	800005d0	00000013	addi	x0,x0,0	  x0:0x00000000
        9905000	       989	800005d4	00800def	jal	x27,800005d4	 x27=0x800005d4
        9915000	       990	00000000	00000013	addi	x0,x0,0	  x0:0x00000000
        9925000	       991	800005d8	00000013	addi	x0,x0,0	  x0:0x00000000
        9935000	       992	800005dc	02c002ef	jal	x5,800005dc	  x5=0x800005dc
        9945000	       993	00000000	00000013	addi	x0,x0,0	  x0:0x00000000
        9955000	       994	80000604	00000013	addi	x0,x0,0	  x0:0x00000000
        9965000	       995	80000608	fd9ff0ef	jal	x1,80000608	  x1=0x80000608
        9975000	       996	00000000	00000013	addi	x0,x0,0	  x0:0x00000000
        9985000	       997	800005dc	00000013	addi	x0,x0,0	  x0:0x00000000
        9995000	       998	800005e0	014000ef	jal	x1,800005e0	  x1=0x800005e0
       10005000	       999	00000000	00000013	addi	x0,x0,0	  x0:0x00000000
       10015000	      1000	800005f0	00000013	addi	x0,x0,0	  x0:0x00000000
       10025000	      1001	800005f4	024000ef	jal	x1,800005f4	  x1=0x800005f4
       10035000	      1002	00000000	00000013	addi	x0,x0,0	  x0:0x00000000
       10045000	      1003	80000614	00000013	addi	x0,x0,0	  x0:0x00000000
       10055000	      1004	80000618	23288f17	auipc	x30,0x23288	 x30=0xa3288614
       10065000	      1005	8000061c	0340036f	jal	x6,8000061c	  x6=0x8000061c
       10075000	      1006	00000000	00000013	addi	x0,x0,0	  x0:0x00000000
       10085000	      1007	8000064c	00000013	addi	x0,x0,0	  x0:0x00000000
       10095000	      1008	80000650	014004ef	jal	x9,80000650	  x9=0x80000650
       10105000	      1009	00000000	00000013	addi	x0,x0,0	  x0:0x00000000
       10115000	      1010	80000660	00000013	addi	x0,x0,0	  x0:0x00000000
       10125000	      1011	80000664	fcdff36f	jal	x6,80000664	  x6=0x80000664
       10135000	      1012	00000000	00000013	addi	x0,x0,0	  x0:0x00000000
       10145000	      1013	8000062c	00000013	addi	x0,x0,0	  x0:0x00000000
       10155000	      1014	80000630	018000ef	jal	x1,80000630	  x1=0x80000630
       10165000	      1015	00000000	00000013	addi	x0,x0,0	  x0:0x00000000
       10175000	      1016	80000644	00000013	addi	x0,x0,0	  x0:0x00000000
       10185000	      1017	80000648	0200036f	jal	x6,80000648	  x6=0x80000648
       10195000	      1018	00000000	00000013	addi	x0,x0,0	  x0:0x00000000
       10205000	      1019	80000664	00000013	addi	x0,x0,0	  x0:0x00000000
       10215000	      1020	80000668	fd5ff0ef	jal	x1,80000668	  x1=0x80000668
       10225000	      1021	00000000	00000013	addi	x0,x0,0	  x0:0x00000000
       10235000	      1022	80000638	00000013	addi	x0,x0,0	  x0:0x00000000
       10245000	      1023	8000063c	01c000ef	jal	x1,8000063c	  x1=0x8000063c
       10255000	      1024	00000000	00000013	addi	x0,x0,0	  x0:0x00000000
       10265000	      1025	80000654	00000013	addi	x0,x0,0	  x0:0x00000000
       10275000	      1026	80000658	fcdff36f	jal	x6,80000658	  x6=0x80000658
       10285000	      1027	00000000	00000013	addi	x0,x0,0	  x0:0x00000000
       10295000	      1028	80000620	00000013	addi	x0,x0,0	  x0:0x00000000
       10305000	      1029	80000624	030000ef	jal	x1,80000624	  x1=0x80000624
       10315000	      1030	00000000	00000013	addi	x0,x0,0	  x0:0x00000000
       10325000	      1031	80000650	00000013	addi	x0,x0,0	  x0:0x00000000
       10335000	      1032	80000654	fe5ff3ef	jal	x7,80000654	  x7=0x80000654
       10345000	      1033	00000000	00000013	addi	x0,x0,0	  x0:0x00000000
       10355000	      1034	80000634	00000013	addi	x0,x0,0	  x0:0x00000000
       10365000	      1035	80000638	ff5ff36f	jal	x6,80000638	  x6=0x80000638
       10375000	      1036	00000000	00000013	addi	x0,x0,0	  x0:0x00000000
       10385000	      1037	80000628	00000013	addi	x0,x0,0	  x0:0x00000000
       10395000	      1038	8000062c	044001ef	jal	x3,8000062c	  x3=0x8000062c
       10405000	      1039	00000000	00000013	addi	x0,x0,0	  x0:0x00000000
       10415000	      1040	8000066c	00000013	addi	x0,x0,0	  x0:0x00000000
       10425000	      1041	80000670	fc5ff0ef	jal	x1,80000670	  x1=0x80000670
       10435000	      1042	00000000	00000013	addi	x0,x0,0	  x0:0x00000000
       10445000	      1043	80000630	00000013	addi	x0,x0,0	  x0:0x00000000
       10455000	      1044	80000634	00c000ef	jal	x1,80000634	  x1=0x80000634
       10465000	      1045	00000000	00000013	addi	x0,x0,0	  x0:0x00000000
       10475000	      1046	8000063c	00000013	addi	x0,x0,0	  x0:0x00000000
       10485000	      1047	80000640	fe1ff0ef	jal	x1,80000640	  x1=0x80000640
       10495000	      1048	00000000	00000013	addi	x0,x0,0	  x0:0x00000000
       10505000	      1049	8000061c	00000013	addi	x0,x0,0	  x0:0x00000000
       10515000	      1050	80000620	0240036f	jal	x6,80000620	  x6=0x80000620
       10525000	      1051	00000000	00000013	addi	x0,x0,0	  x0:0x00000000
       10535000	      1052	80000640	00000013	addi	x0,x0,0	  x0:0x00000000
       10545000	      1053	80000644	008000ef	jal	x1,80000644	  x1=0x80000644
       10555000	      1054	00000000	00000013	addi	x0,x0,0	  x0:0x00000000
       10565000	      1055	80000648	00000013	addi	x0,x0,0	  x0:0x00000000
       10575000	      1056	8000064c	0140036f	jal	x6,8000064c	  x6=0x8000064c
       10585000	      1057	00000000	00000013	addi	x0,x0,0	  x0:0x00000000
       10595000	      1058	8000065c	00000013	addi	x0,x0,0	  x0:0x00000000
       10605000	      1059	80000660	00c000ef	jal	x1,80000660	  x1=0x80000660
       10615000	      1060	00000000	00000013	addi	x0,x0,0	  x0:0x00000000
       10625000	      1061	80000668	00000013	addi	x0,x0,0	  x0:0x00000000
       10635000	      1062	8000066c	fbdff0ef	jal	x1,8000066c	  x1=0x8000066c
       10645000	      1063	00000000	00000013	addi	x0,x0,0	  x0:0x00000000
       10655000	      1064	80000624	00000013	addi	x0,x0,0	  x0:0x00000000
       10665000	      1065	80000628	034000ef	jal	x1,80000628	  x1=0x80000628
       10675000	      1066	00000000	00000013	addi	x0,x0,0	  x0:0x00000000
       10685000	      1067	80000658	00000013	addi	x0,x0,0	  x0:0x00000000
       10695000	      1068	8000065c	018000ef	jal	x1,8000065c	  x1=0x8000065c
       10705000	      1069	00000000	00000013	addi	x0,x0,0	  x0:0x00000000
       10715000	      1070	80000670	00000013	addi	x0,x0,0	  x0:0x00000000
       10725000	      1071	80000674	405b07b3	sub	x15,x22,x5	 x22:0x80000520  x5:0x800005dc x15=0xffffff44
       10735000	      1072	80000678	0200036f	jal	x6,80000678	  x6=0x80000678
       10745000	      1073	00000000	00000013	addi	x0,x0,0	  x0:0x00000000
       10755000	      1074	80000694	00000013	addi	x0,x0,0	  x0:0x00000000
       10765000	      1075	80000698	ff1ff0ef	jal	x1,80000698	  x1=0x80000698
       10775000	      1076	00000000	00000013	addi	x0,x0,0	  x0:0x00000000
       10785000	      1077	80000684	00000013	addi	x0,x0,0	  x0:0x00000000
       10795000	      1078	80000688	01c002ef	jal	x5,80000688	  x5=0x80000688
       10805000	      1079	00000000	00000013	addi	x0,x0,0	  x0:0x00000000
       10815000	      1080	800006a0	00000013	addi	x0,x0,0	  x0:0x00000000
       10825000	      1081	800006a4	fe9ff36f	jal	x6,800006a4	  x6=0x800006a4
       10835000	      1082	00000000	00000013	addi	x0,x0,0	  x0:0x00000000
       10845000	      1083	80000688	00000013	addi	x0,x0,0	  x0:0x00000000
       10855000	      1084	8000068c	008001ef	jal	x3,8000068c	  x3=0x8000068c
       10865000	      1085	00000000	00000013	addi	x0,x0,0	  x0:0x00000000
       10875000	      1086	80000690	00000013	addi	x0,x0,0	  x0:0x00000000
       10885000	      1087	80000694	fe9ff16f	jal	x2,80000694	  x2=0x80000694
       10895000	      1088	00000000	00000013	addi	x0,x0,0	  x0:0x00000000
       10905000	      1089	80000678	00000013	addi	x0,x0,0	  x0:0x00000000
       10915000	      1090	8000067c	014000ef	jal	x1,8000067c	  x1=0x8000067c
       10925000	      1091	00000000	00000013	addi	x0,x0,0	  x0:0x00000000
       10935000	      1092	8000068c	00000013	addi	x0,x0,0	  x0:0x00000000
       10945000	      1093	80000690	00c001ef	jal	x3,80000690	  x3=0x80000690
       10955000	      1094	00000000	00000013	addi	x0,x0,0	  x0:0x00000000
       10965000	      1095	80000698	00000013	addi	x0,x0,0	  x0:0x00000000
       10975000	      1096	8000069c	0040016f	jal	x2,8000069c	  x2=0x8000069c
       10985000	      1097	00000000	00000013	addi	x0,x0,0	  x0:0x00000000
       10995000	      1098	8000069c	00000013	addi	x0,x0,0	  x0:0x00000000
       11005000	      1099	800006a0	fe1ff0ef	jal	x1,800006a0	  x1=0x800006a0
       11015000	      1100	00000000	00000013	addi	x0,x0,0	  x0:0x00000000
       11025000	      1101	8000067c	00000013	addi	x0,x0,0	  x0:0x00000000
       11035000	      1102	80000680	004000ef	jal	x1,80000680	  x1=0x80000680
       11045000	      1103	00000000	00000013	addi	x0,x0,0	  x0:0x00000000
       11055000	      1104	80000680	00000013	addi	x0,x0,0	  x0:0x00000000
       11065000	      1105	80000684	024002ef	jal	x5,80000684	  x5=0x80000684
       11075000	      1106	00000000	00000013	addi	x0,x0,0	  x0:0x00000000
       11085000	      1107	800006a4	00000013	addi	x0,x0,0	  x0:0x00000000
       11095000	      1108	800006a8	00ba9513	slli	x10,x21,0xb	 x21:0x80000558 x10=0x002ac000
       11105000	      1109	800006ac	0500036f	jal	x6,800006ac	  x6=0x800006ac
       11115000	      1110	00000000	00000013	addi	x0,x0,0	  x0:0x00000000
       11125000	      1111	800006f8	00000013	addi	x0,x0,0	  x0:0x00000000
       11135000	      1112	800006fc	0040076f	jal	x14,800006fc	 x14=0x800006fc
       11145000	      1113	00000000	00000013	addi	x0,x0,0	  x0:0x00000000
       11155000	      1114	800006fc	00000013	addi	x0,x0,0	  x0:0x00000000
       11165000	      1115	80000700	fddff36f	jal	x6,80000700	  x6=0x80000700
       11175000	      1116	00000000	00000013	addi	x0,x0,0	  x0:0x00000000
       11185000	      1117	800006d8	00000013	addi	x0,x0,0	  x0:0x00000000
       11195000	      1118	800006dc	0180066f	jal	x12,800006dc	 x12=0x800006dc
       11205000	      1119	00000000	00000013	addi	x0,x0,0	  x0:0x00000000
       11215000	      1120	800006f0	00000013	addi	x0,x0,0	  x0:0x00000000
       11225000	      1121	800006f4	fc9ff0ef	jal	x1,800006f4	  x1=0x800006f4
       11235000	      1122	00000000	00000013	addi	x0,x0,0	  x0:0x00000000
       11245000	      1123	800006b8	00000013	addi	x0,x0,0	  x0:0x00000000
       11255000	      1124	800006bc	030004ef	jal	x9,800006bc	  x9=0x800006bc
       11265000	      1125	00000000	00000013	addi	x0,x0,0	  x0:0x00000000
       11275000	      1126	800006e8	00000013	addi	x0,x0,0	  x0:0x00000000
       11285000	      1127	800006ec	fddffa6f	jal	x20,800006ec	 x20=0x800006ec
       11295000	      1128	00000000	00000013	addi	x0,x0,0	  x0:0x00000000
       11305000	      1129	800006c4	00000013	addi	x0,x0,0	  x0:0x00000000
       11315000	      1130	800006c8	03c000ef	jal	x1,800006c8	  x1=0x800006c8
       11325000	      1131	00000000	00000013	addi	x0,x0,0	  x0:0x00000000
       11335000	      1132	80000700	00000013	addi	x0,x0,0	  x0:0x00000000
       11345000	      1133	80000704	fd5ff0ef	jal	x1,80000704	  x1=0x80000704
       11355000	      1134	00000000	00000013	addi	x0,x0,0	  x0:0x00000000
       11365000	      1135	800006d4	00000013	addi	x0,x0,0	  x0:0x00000000
       11375000	      1136	800006d8	fddff36f	jal	x6,800006d8	  x6=0x800006d8
       11385000	      1137	00000000	00000013	addi	x0,x0,0	  x0:0x00000000
       11395000	      1138	800006b0	00000013	addi	x0,x0,0	  x0:0x00000000
       11405000	      1139	800006b4	010000ef	jal	x1,800006b4	  x1=0x800006b4
       11415000	      1140	00000000	00000013	addi	x0,x0,0	  x0:0x00000000
       11425000	      1141	800006c0	00000013	addi	x0,x0,0	  x0:0x00000000
       11435000	      1142	800006c4	0240026f	jal	x4,800006c4	  x4=0x800006c4
       11445000	      1143	00000000	00000013	addi	x0,x0,0	  x0:0x00000000
       11455000	      1144	800006e4	00000013	addi	x0,x0,0	  x0:0x00000000
       11465000	      1145	800006e8	010000ef	jal	x1,800006e8	  x1=0x800006e8
       11475000	      1146	00000000	00000013	addi	x0,x0,0	  x0:0x00000000
       11485000	      1147	800006f4	00000013	addi	x0,x0,0	  x0:0x00000000
       11495000	      1148	800006f8	fedff0ef	jal	x1,800006f8	  x1=0x800006f8
       11505000	      1149	00000000	00000013	addi	x0,x0,0	  x0:0x00000000
       11515000	      1150	800006e0	00000013	addi	x0,x0,0	  x0:0x00000000
       11525000	      1151	800006e4	fcdff0ef	jal	x1,800006e4	  x1=0x800006e4
       11535000	      1152	00000000	00000013	addi	x0,x0,0	  x0:0x00000000
       11545000	      1153	800006ac	00000013	addi	x0,x0,0	  x0:0x00000000
       11555000	      1154	800006b0	0300036f	jal	x6,800006b0	  x6=0x800006b0
       11565000	      1155	00000000	00000013	addi	x0,x0,0	  x0:0x00000000
       11575000	      1156	800006dc	00000013	addi	x0,x0,0	  x0:0x00000000
       11585000	      1157	800006e0	ff5ff6ef	jal	x13,800006e0	 x13=0x800006e0
       11595000	      1158	00000000	00000013	addi	x0,x0,0	  x0:0x00000000
       11605000	      1159	800006d0	00000013	addi	x0,x0,0	  x0:0x00000000
       11615000	      1160	800006d4	ff9ff0ef	jal	x1,800006d4	  x1=0x800006d4
       11625000	      1161	00000000	00000013	addi	x0,x0,0	  x0:0x00000000
       11635000	      1162	800006c8	00000013	addi	x0,x0,0	  x0:0x00000000
       11645000	      1163	800006cc	0240036f	jal	x6,800006cc	  x6=0x800006cc
       11655000	      1164	00000000	00000013	addi	x0,x0,0	  x0:0x00000000
       11665000	      1165	800006ec	00000013	addi	x0,x0,0	  x0:0x00000000
       11675000	      1166	800006f0	fe1ff96f	jal	x18,800006f0	 x18=0x800006f0
       11685000	      1167	00000000	00000013	addi	x0,x0,0	  x0:0x00000000
       11695000	      1168	800006cc	00000013	addi	x0,x0,0	  x0:0x00000000
       11705000	      1169	800006d0	ff1fff6f	jal	x30,800006d0	 x30=0x800006d0
       11715000	      1170	00000000	00000013	addi	x0,x0,0	  x0:0x00000000
       11725000	      1171	800006bc	00000013	addi	x0,x0,0	  x0:0x00000000
       11735000	      1172	800006c0	ff9ff36f	jal	x6,800006c0	  x6=0x800006c0
       11745000	      1173	00000000	00000013	addi	x0,x0,0	  x0:0x00000000
       11755000	      1174	800006b4	00000013	addi	x0,x0,0	  x0:0x00000000
       11765000	      1175	800006b8	0500036f	jal	x6,800006b8	  x6=0x800006b8
       11775000	      1176	00000000	00000013	addi	x0,x0,0	  x0:0x00000000
       11785000	      1177	80000704	00000013	addi	x0,x0,0	  x0:0x00000000
       11795000	      1178	80000708	008ad933	srl	x18,x21,x8	 x21:0x80000558  x8:0x800009be x18=0x00000002
       11805000	      1179	8000070c	0280036f	jal	x6,8000070c	  x6=0x8000070c
       11815000	      1180	00000000	00000013	addi	x0,x0,0	  x0:0x00000000
       11825000	      1181	80000730	00000013	addi	x0,x0,0	  x0:0x00000000
       11835000	      1182	80000734	ff1ff36f	jal	x6,80000734	  x6=0x80000734
       11845000	      1183	00000000	00000013	addi	x0,x0,0	  x0:0x00000000
       11855000	      1184	80000720	00000013	addi	x0,x0,0	  x0:0x00000000
       11865000	      1185	80000724	ffdffdef	jal	x27,80000724	 x27=0x80000724
       11875000	      1186	00000000	00000013	addi	x0,x0,0	  x0:0x00000000
       11885000	      1187	8000071c	00000013	addi	x0,x0,0	  x0:0x00000000
       11895000	      1188	80000720	018002ef	jal	x5,80000720	  x5=0x80000720
       11905000	      1189	00000000	00000013	addi	x0,x0,0	  x0:0x00000000
       11915000	      1190	80000734	00000013	addi	x0,x0,0	  x0:0x00000000
       11925000	      1191	80000738	01c005ef	jal	x11,80000738	 x11=0x80000738
       11935000	      1192	00000000	00000013	addi	x0,x0,0	  x0:0x00000000
       11945000	      1193	80000750	00000013	addi	x0,x0,0	  x0:0x00000000
       11955000	      1194	80000754	ff5ff9ef	jal	x19,80000754	 x19=0x80000754
       11965000	      1195	00000000	00000013	addi	x0,x0,0	  x0:0x00000000
       11975000	      1196	80000744	00000013	addi	x0,x0,0	  x0:0x00000000
       11985000	      1197	80000748	fd5ff2ef	jal	x5,80000748	  x5=0x80000748
       11995000	      1198	00000000	00000013	addi	x0,x0,0	  x0:0x00000000
       12005000	      1199	80000718	00000013	addi	x0,x0,0	  x0:0x00000000
       12015000	      1200	8000071c	ff9ff0ef	jal	x1,8000071c	  x1=0x8000071c
       12025000	      1201	00000000	00000013	addi	x0,x0,0	  x0:0x00000000
       12035000	      1202	80000710	00000013	addi	x0,x0,0	  x0:0x00000000
       12045000	      1203	80000714	01c000ef	jal	x1,80000714	  x1=0x80000714
       12055000	      1204	00000000	00000013	addi	x0,x0,0	  x0:0x00000000
       12065000	      1205	8000072c	00000013	addi	x0,x0,0	  x0:0x00000000
       12075000	      1206	80000730	fe9ff0ef	jal	x1,80000730	  x1=0x80000730
       12085000	      1207	00000000	00000013	addi	x0,x0,0	  x0:0x00000000
       12095000	      1208	80000714	00000013	addi	x0,x0,0	  x0:0x00000000
       12105000	      1209	80000718	03400fef	jal	x31,80000718	 x31=0x80000718
       12115000	      1210	00000000	00000013	addi	x0,x0,0	  x0:0x00000000
       12125000	      1211	80000748	00000013	addi	x0,x0,0	  x0:0x00000000
       12135000	      1212	8000074c	0040036f	jal	x6,8000074c	  x6=0x8000074c
       12145000	      1213	00000000	00000013	addi	x0,x0,0	  x0:0x00000000
       12155000	      1214	8000074c	00000013	addi	x0,x0,0	  x0:0x00000000
       12165000	      1215	80000750	fc1ffb6f	jal	x22,80000750	 x22=0x80000750
       12175000	      1216	00000000	00000013	addi	x0,x0,0	  x0:0x00000000
       12185000	      1217	8000070c	00000013	addi	x0,x0,0	  x0:0x00000000
       12195000	      1218	80000710	0300056f	jal	x10,80000710	 x10=0x80000710
       12205000	      1219	00000000	00000013	addi	x0,x0,0	  x0:0x00000000
       12215000	      1220	8000073c	00000013	addi	x0,x0,0	  x0:0x00000000
       12225000	      1221	80000740	ffdff36f	jal	x6,80000740	  x6=0x80000740
       12235000	      1222	00000000	00000013	addi	x0,x0,0	  x0:0x00000000
       12245000	      1223	80000738	00000013	addi	x0,x0,0	  x0:0x00000000
       12255000	      1224	8000073c	fedff0ef	jal	x1,8000073c	  x1=0x8000073c
       12265000	      1225	00000000	00000013	addi	x0,x0,0	  x0:0x00000000
       12275000	      1226	80000724	00000013	addi	x0,x0,0	  x0:0x00000000
       12285000	      1227	80000728	01c000ef	jal	x1,80000728	  x1=0x80000728
       12295000	      1228	00000000	00000013	addi	x0,x0,0	  x0:0x00000000
       12305000	      1229	80000740	00000013	addi	x0,x0,0	  x0:0x00000000
       12315000	      1230	80000744	fe9ff36f	jal	x6,80000744	  x6=0x80000744
       12325000	      1231	00000000	00000013	addi	x0,x0,0	  x0:0x00000000
       12335000	      1232	80000728	00000013	addi	x0,x0,0	  x0:0x00000000
       12345000	      1233	8000072c	02c00aef	jal	x21,8000072c	 x21=0x8000072c
       12355000	      1234	00000000	00000013	addi	x0,x0,0	  x0:0x00000000
       12365000	      1235	80000754	00000013	addi	x0,x0,0	  x0:0x00000000
       12375000	      1236	80000758	01e11a13	slli	x20,x2,0x1e	  x2:0x8000069c x20=0x00000000
       12385000	      1237	8000075c	00c0036f	jal	x6,8000075c	  x6=0x8000075c
       12395000	      1238	00000000	00000013	addi	x0,x0,0	  x0:0x00000000
       12405000	      1239	80000764	00000013	addi	x0,x0,0	  x0:0x00000000
       12415000	      1240	80000768	0440036f	jal	x6,80000768	  x6=0x80000768
       12425000	      1241	00000000	00000013	addi	x0,x0,0	  x0:0x00000000
       12435000	      1242	800007a8	00000013	addi	x0,x0,0	  x0:0x00000000
       12445000	      1243	800007ac	fc5ff36f	jal	x6,800007ac	  x6=0x800007ac
       12455000	      1244	00000000	00000013	addi	x0,x0,0	  x0:0x00000000
       12465000	      1245	8000076c	00000013	addi	x0,x0,0	  x0:0x00000000
       12475000	      1246	80000770	01400fef	jal	x31,80000770	 x31=0x80000770
       12485000	      1247	00000000	00000013	addi	x0,x0,0	  x0:0x00000000
       12495000	      1248	80000780	00000013	addi	x0,x0,0	  x0:0x00000000
       12505000	      1249	80000784	01400eef	jal	x29,80000784	 x29=0x80000784
       12515000	      1250	00000000	00000013	addi	x0,x0,0	  x0:0x00000000
       12525000	      1251	80000794	00000013	addi	x0,x0,0	  x0:0x00000000
       12535000	      1252	80000798	fe5ff0ef	jal	x1,80000798	  x1=0x80000798
       12545000	      1253	00000000	00000013	addi	x0,x0,0	  x0:0x00000000
       12555000	      1254	80000778	00000013	addi	x0,x0,0	  x0:0x00000000
       12565000	      1255	8000077c	00c000ef	jal	x1,8000077c	  x1=0x8000077c
       12575000	      1256	00000000	00000013	addi	x0,x0,0	  x0:0x00000000
       12585000	      1257	80000784	00000013	addi	x0,x0,0	  x0:0x00000000
       12595000	      1258	80000788	01c0036f	jal	x6,80000788	  x6=0x80000788
       12605000	      1259	00000000	00000013	addi	x0,x0,0	  x0:0x00000000
       12615000	      1260	800007a0	00000013	addi	x0,x0,0	  x0:0x00000000
       12625000	      1261	800007a4	fc1ff0ef	jal	x1,800007a4	  x1=0x800007a4
       12635000	      1262	00000000	00000013	addi	x0,x0,0	  x0:0x00000000
       12645000	      1263	80000760	00000013	addi	x0,x0,0	  x0:0x00000000
       12655000	      1264	80000764	044009ef	jal	x19,80000764	 x19=0x80000764
       12665000	      1265	00000000	00000013	addi	x0,x0,0	  x0:0x00000000
       12675000	      1266	800007a4	00000013	addi	x0,x0,0	  x0:0x00000000
       12685000	      1267	800007a8	fb9ff0ef	jal	x1,800007a8	  x1=0x800007a8
       12695000	      1268	00000000	00000013	addi	x0,x0,0	  x0:0x00000000
       12705000	      1269	8000075c	00000013	addi	x0,x0,0	  x0:0x00000000
       12715000	      1270	80000760	05c000ef	jal	x1,80000760	  x1=0x80000760
       12725000	      1271	00000000	00000013	addi	x0,x0,0	  x0:0x00000000
       12735000	      1272	800007b8	00000013	addi	x0,x0,0	  x0:0x00000000
       12745000	      1273	800007bc	fd9ff0ef	jal	x1,800007bc	  x1=0x800007bc
       12755000	      1274	00000000	00000013	addi	x0,x0,0	  x0:0x00000000
       12765000	      1275	80000790	00000013	addi	x0,x0,0	  x0:0x00000000
       12775000	      1276	80000794	024000ef	jal	x1,80000794	  x1=0x80000794
       12785000	      1277	00000000	00000013	addi	x0,x0,0	  x0:0x00000000
       12795000	      1278	800007b4	00000013	addi	x0,x0,0	  x0:0x00000000
       12805000	      1279	800007b8	fbdff36f	jal	x6,800007b8	  x6=0x800007b8
       12815000	      1280	00000000	00000013	addi	x0,x0,0	  x0:0x00000000
       12825000	      1281	80000770	00000013	addi	x0,x0,0	  x0:0x00000000
       12835000	      1282	80000774	040000ef	jal	x1,80000774	  x1=0x80000774
       12845000	      1283	00000000	00000013	addi	x0,x0,0	  x0:0x00000000
       12855000	      1284	800007b0	00000013	addi	x0,x0,0	  x0:0x00000000
       12865000	      1285	800007b4	ffdff1ef	jal	x3,800007b4	  x3=0x800007b4
       12875000	      1286	00000000	00000013	addi	x0,x0,0	  x0:0x00000000
       12885000	      1287	800007ac	00000013	addi	x0,x0,0	  x0:0x00000000
       12895000	      1288	800007b0	fc9ff0ef	jal	x1,800007b0	  x1=0x800007b0
       12905000	      1289	00000000	00000013	addi	x0,x0,0	  x0:0x00000000
       12915000	      1290	80000774	00000013	addi	x0,x0,0	  x0:0x00000000
       12925000	      1291	80000778	014000ef	jal	x1,80000778	  x1=0x80000778
       12935000	      1292	00000000	00000013	addi	x0,x0,0	  x0:0x00000000
       12945000	      1293	80000788	00000013	addi	x0,x0,0	  x0:0x00000000
       12955000	      1294	8000078c	fe1ff0ef	jal	x1,8000078c	  x1=0x8000078c
       12965000	      1295	00000000	00000013	addi	x0,x0,0	  x0:0x00000000
       12975000	      1296	80000768	00000013	addi	x0,x0,0	  x0:0x00000000
       12985000	      1297	8000076c	034000ef	jal	x1,8000076c	  x1=0x8000076c
       12995000	      1298	00000000	00000013	addi	x0,x0,0	  x0:0x00000000
       13005000	      1299	8000079c	00000013	addi	x0,x0,0	  x0:0x00000000
       13015000	      1300	800007a0	ffdff86f	jal	x16,800007a0	 x16=0x800007a0
       13025000	      1301	00000000	00000013	addi	x0,x0,0	  x0:0x00000000
       13035000	      1302	80000798	00000013	addi	x0,x0,0	  x0:0x00000000
       13045000	      1303	8000079c	fe5ffeef	jal	x29,8000079c	 x29=0x8000079c
       13055000	      1304	00000000	00000013	addi	x0,x0,0	  x0:0x00000000
       13065000	      1305	8000077c	00000013	addi	x0,x0,0	  x0:0x00000000
       13075000	      1306	80000780	010000ef	jal	x1,80000780	  x1=0x80000780
       13085000	      1307	00000000	00000013	addi	x0,x0,0	  x0:0x00000000
       13095000	      1308	8000078c	00000013	addi	x0,x0,0	  x0:0x00000000
       13105000	      1309	80000790	03000f6f	jal	x30,80000790	 x30=0x80000790
       13115000	      1310	00000000	00000013	addi	x0,x0,0	  x0:0x00000000
       13125000	      1311	800007bc	00000013	addi	x0,x0,0	  x0:0x00000000
       13135000	      1312	800007c0	00000013	addi	x0,x0,0	  x0:0x00000000
       13145000	      1313	800007c4	415f06b3	sub	x13,x30,x21	 x30:0x80000790 x21:0x8000072c x13=0x00000064
       13155000	      1314	800007c8	0119b0b3	sltu	x1,x19,x17	 x19:0x80000764 x17:0x80009fc4  x1=0x00000001
       13165000	      1315	800007cc	5f6ca793	slti	x15,x25,1526	 x25:0x80009f84 x15=0x00000001
       13175000	      1316	800007d0	5f1b7113	andi	x2,x22,1521	 x22:0x80000750  x2=0x00000550
       13185000	      1317	800007d4	000ea633	slt	x12,x29,x0	 x29:0x8000079c  x0:0x00000000 x12=0x00000001
       13195000	      1318	800007d8	01849993	slli	x19,x9,0x18	  x9:0x800006bc x19=0xbc000000
       13205000	      1319	800007dc	b86bb413	sltiu	x8,x23,-1146	 x23:0x80000440  x8=0x00000001
       13215000	      1320	800007e0	035dda63	bge	x27,x21,80000814	 x27:0x80000724 x21:0x8000072c
       13225000	      1321	800007e4	cb4cf313	andi	x6,x25,-844	 x25:0x80009f84  x6=0x80009c84
       13235000	      1322	800007e8	01996e63	bltu	x18,x25,80000804	 x18:0x00000002 x25:0x80009f84
       13245000	      1323	00000000	00000013	addi	x0,x0,0	  x0:0x00000000
       13255000	      1324	80000800	00000013	addi	x0,x0,0	  x0:0x00000000
       13265000	      1325	80000804	46cf50b7	lui	x1,0x46cf5	  x1=0x46cf5000
       13275000	      1326	80000808	8207ad93	slti	x27,x15,-2016	 x15:0x00000001 x27=0x00000000
       13285000	      1327	8000080c	4b3b4813	xori	x16,x22,1203	 x22:0x80000750 x16=0x800003e3
       13295000	      1328	80000810	dd144713	xori	x14,x8,-559	  x8:0x00000001 x14=0xfffffdd0
       13305000	      1329	80000814	031f8463	beq	x31,x17,8000083c	 x31:0x80000770 x17:0x80009fc4
       13315000	      1330	80000818	01f08863	beq	x1,x31,80000828	  x1:0x46cf5000 x31:0x80000770
       13325000	      1331	8000081c	3a7db713	sltiu	x14,x27,935	 x27:0x00000000 x14=0x00000001
       13335000	      1332	80000820	02eb9863	bne	x23,x14,80000850	 x23:0x80000440 x14:0x00000001
       13345000	      1333	00000000	00000013	addi	x0,x0,0	  x0:0x00000000
       13355000	      1334	8000084c	00000013	addi	x0,x0,0	  x0:0x00000000
       13365000	      1335	80000850	01b6d833	srl	x16,x13,x27	 x13:0x00000064 x27:0x00000000 x16=0x00000064
       13375000	      1336	80000854	405854b3	sra	x9,x16,x5	 x16:0x00000064  x5:0x80000748  x9=0x00000000
       13385000	      1337	80000858	00fa7033	and	x0,x20,x15	 x20:0x00000000 x15:0x00000001
       13395000	      1338	8000085c	00ac5593	srli	x11,x24,0xa	 x24:0x80000000 x11=0x00200000
       13405000	      1339	80000860	658b0b13	addi	x22,x22,1624	 x22:0x80000750 x22=0x80000da8
       13415000	      1340	80000864	0110b833	sltu	x16,x1,x17	  x1:0x46cf5000 x17:0x80009fc4 x16=0x00000001
       13425000	      1341	80000868	2b204413	xori	x8,x0,690	  x0:0x00000000  x8=0x000002b2
       13435000	      1342	8000086c	c9f4b813	sltiu	x16,x9,-865	  x9:0x00000000 x16=0x00000001
       13445000	      1343	80000870	205b4d13	xori	x26,x22,517	 x22:0x80000da8 x26=0x80000fad
       13455000	      1344	80000874	01239b13	slli	x22,x7,0x12	  x7:0x80000654 x22=0x19500000
       13465000	      1345	80000878	00f27233	and	x4,x4,x15	  x4:0x800006c4 x15:0x00000001  x4=0x00000000
       13475000	      1346	8000087c	a3810413	addi	x8,x2,-1480	  x2:0x00000550  x8=0xffffff88
       13485000	      1347	80000880	00756b33	or	x22,x10,x7	 x10:0x80000710  x7:0x80000654 x22=0x80000754
       13495000	      1348	80000884	4084ddb3	sra	x27,x9,x8	  x9:0x00000000  x8:0xffffff88 x27=0x00000000
       13505000	      1349	80000888	c0e2fe93	andi	x29,x5,-1010	  x5:0x80000748 x29=0x80000408
       13515000	      1350	8000088c	003fce63	blt	x31,x3,800008a8	 x31:0x80000770  x3:0x800007b4
       13525000	      1351	00000000	00000013	addi	x0,x0,0	  x0:0x00000000
       13535000	      1352	800008a4	00000013	addi	x0,x0,0	  x0:0x00000000
       13545000	      1353	800008a8	bf545d37	lui	x26,0xbf545	 x26=0xbf545000
       13555000	      1354	800008ac	00005c63	bge	x0,x0,800008c4	  x0:0x00000000  x0:0x00000000
       13565000	      1355	00000000	00000013	addi	x0,x0,0	  x0:0x00000000
       13575000	      1356	800008c0	00000013	addi	x0,x0,0	  x0:0x00000000
       13585000	      1357	800008c4	40b0df13	srai	x30,x1,0xb	  x1:0x46cf5000 x30=0x0008d9ea
       13595000	      1358	800008c8	03bbc663	blt	x23,x27,800008f4	 x23:0x80000440 x27:0x00000000
       13605000	      1359	00000000	00000013	addi	x0,x0,0	  x0:0x00000000
       13615000	      1360	800008f0	00000013	addi	x0,x0,0	  x0:0x00000000
       13625000	      1361	800008f4	0405d663	bge	x11,x0,80000940	 x11:0x00200000  x0:0x00000000
       13635000	      1362	00000000	00000013	addi	x0,x0,0	  x0:0x00000000
       13645000	      1363	8000093c	00000013	addi	x0,x0,0	  x0:0x00000000
       13655000	      1364	80000940	b7456213	ori	x4,x10,-1164	 x10:0x80000710  x4=0xffffff74
       13665000	      1365	80000944	01e919b3	sll	x19,x18,x30	 x18:0x00000002 x30:0x0008d9ea x19=0x00000800
       13675000	      1366	80000948	02a1ea63	bltu	x3,x10,8000097c	  x3:0x800007b4 x10:0x80000710
       13685000	      1367	8000094c	00d75a13	srli	x20,x14,0xd	 x14:0x00000001 x20=0x00000000
       13695000	      1368	80000950	00c5ce33	xor	x28,x11,x12	 x11:0x00200000 x12:0x00000001 x28=0x00200001
       13705000	      1369	80000954	f0f00913	addi	x18,x0,-241	  x0:0x00000000 x18=0xffffff0f
       13715000	      1370	80000958	014c5663	bge	x24,x20,80000964	 x24:0x80000000 x20:0x00000000
       13725000	      1371	8000095c	67ae8b93	addi	x23,x29,1658	 x29:0x80000408 x23=0x80000a82
       13735000	      1372	80000960	3ec4d717	auipc	x14,0x3ec4d	 x14=0xbec4d95c
       13745000	      1373	80000964	c99df313	andi	x6,x27,-871	 x27:0x00000000  x6=0x00000000
       13755000	      1374	80000968	007b6e63	bltu	x22,x7,80000984	 x22:0x80000754  x7:0x80000654
       13765000	      1375	8000096c	027adc63	bge	x21,x7,800009a4	 x21:0x8000072c  x7:0x80000654
       13775000	      1376	00000000	00000013	addi	x0,x0,0	  x0:0x00000000
       13785000	      1377	800009a0	00000013	addi	x0,x0,0	  x0:0x00000000
       13795000	      1378	800009a4	dd7ef793	andi	x15,x29,-553	 x29:0x80000408 x15=0x80000400
       13805000	      1379	800009a8	006b7c63	bgeu	x22,x6,800009c0	 x22:0x80000754  x6:0x00000000
       13815000	      1380	00000000	00000013	addi	x0,x0,0	  x0:0x00000000
       13825000	      1381	800009bc	00000013	addi	x0,x0,0	  x0:0x00000000
       13835000	      1382	800009c0	00bc3f33	sltu	x30,x24,x11	 x24:0x80000000 x11:0x00200000 x30=0x00000000
       13845000	      1383	800009c4	008a1593	slli	x11,x20,0x8	 x20:0x00000000 x11=0x00000000
       13855000	      1384	800009c8	00000013	addi	x0,x0,0	  x0:0x00000000
       13865000	      1385	800009cc	02238063	beq	x7,x2,800009ec	  x7:0x80000654  x2:0x00000550
       13875000	      1386	800009d0	02656663	bltu	x10,x6,800009fc	 x10:0x80000710  x6:0x00000000
       13885000	      1387	800009d4	038fc863	blt	x31,x24,80000a04	 x31:0x80000770 x24:0x80000000
       13895000	      1388	800009d8	e242b793	sltiu	x15,x5,-476	  x5:0x80000748 x15=0x00000001
       13905000	      1389	800009dc	052b4263	blt	x22,x18,80000a20	 x22:0x80000754 x18:0xffffff0f
       13915000	      1390	00000000	00000013	addi	x0,x0,0	  x0:0x00000000
       13925000	      1391	80000a1c	00000013	addi	x0,x0,0	  x0:0x00000000
       13935000	      1392	80000a20	03267663	bgeu	x12,x18,80000a4c	 x12:0x00000001 x18:0xffffff0f
       13945000	      1393	80000a24	40b15733	sra	x14,x2,x11	  x2:0x00000550 x11:0x00000000 x14=0x00000550
       13955000	      1394	80000a28	003c7863	bgeu	x24,x3,80000a38	 x24:0x80000000  x3:0x800007b4
       13965000	      1395	80000a2c	0065ce33	xor	x28,x11,x6	 x11:0x00000000  x6:0x00000000 x28=0x00000000
       13975000	      1396	80000a30	005a9a93	slli	x21,x21,0x5	 x21:0x8000072c x21=0x0000e580
       13985000	      1397	80000a34	393456b7	lui	x13,0x39345	 x13=0x39345000
       13995000	      1398	80000a38	416785b3	sub	x11,x15,x22	 x15:0x00000001 x22:0x80000754 x11=0x7ffff8ad
       14005000	      1399	80000a3c	00f4ec63	bltu	x9,x15,80000a54	  x9:0x00000000 x15:0x00000001
       14015000	      1400	00000000	00000013	addi	x0,x0,0	  x0:0x00000000
       14025000	      1401	80000a50	00000013	addi	x0,x0,0	  x0:0x00000000
       14035000	      1402	80000a54	01070933	add	x18,x14,x16	 x14:0x00000550 x16:0x00000001 x18=0x00000551
       14045000	      1403	80000a58	00729813	slli	x16,x5,0x7	  x5:0x80000748 x16=0x0003a400
       14055000	      1404	80000a5c	04d61263	bne	x12,x13,80000aa0	 x12:0x00000001 x13:0x39345000
       14065000	      1405	00000000	00000013	addi	x0,x0,0	  x0:0x00000000
       14075000	      1406	80000a9c	00000013	addi	x0,x0,0	  x0:0x00000000
       14085000	      1407	80000aa0	029fe463	bltu	x31,x9,80000ac8	 x31:0x80000770  x9:0x00000000
       14095000	      1408	80000aa4	00c826b3	slt	x13,x16,x12	 x16:0x0003a400 x12:0x00000001 x13=0x00000000
       14105000	      1409	80000aa8	41cc89b3	sub	x19,x25,x28	 x25:0x80009f84 x28:0x00000000 x19=0x80009f84
       14115000	      1410	80000aac	405a5833	sra	x16,x20,x5	 x20:0x00000000  x5:0x80000748 x16=0x00000000
       14125000	      1411	80000ab0	011cdd93	srli	x27,x25,0x11	 x25:0x80009f84 x27=0x00004000
       14135000	      1412	80000ab4	e2dd7293	andi	x5,x26,-467	 x26:0xbf545000  x5=0xbf545000
       14145000	      1413	80000ab8	01b64c63	blt	x12,x27,80000ad0	 x12:0x00000001 x27:0x00004000
       14155000	      1414	00000000	00000013	addi	x0,x0,0	  x0:0x00000000
       14165000	      1415	80000acc	00000013	addi	x0,x0,0	  x0:0x00000000
       14175000	      1416	80000ad0	9f43ed93	ori	x27,x7,-1548	  x7:0x80000654 x27=0xfffffff4
       14185000	      1417	80000ad4	03a28c63	beq	x5,x26,80000b0c	  x5:0xbf545000 x26:0xbf545000
       14195000	      1418	00000000	00000013	addi	x0,x0,0	  x0:0x00000000
       14205000	      1419	80000b08	00000013	addi	x0,x0,0	  x0:0x00000000
       14215000	      1420	80000b0c	00354c63	blt	x10,x3,80000b24	 x10:0x80000710  x3:0x800007b4
       14225000	      1421	00000000	00000013	addi	x0,x0,0	  x0:0x00000000
       14235000	      1422	80000b20	00000013	addi	x0,x0,0	  x0:0x00000000
       14245000	      1423	80000b24	406fd033	sra	x0,x31,x6	 x31:0x80000770  x6:0x00000000
       14255000	      1424	80000b28	25d12493	slti	x9,x2,605	  x2:0x00000550  x9=0x00000000
       14265000	      1425	80000b2c	4030d333	sra	x6,x1,x3	  x1:0x46cf5000  x3:0x800007b4  x6=0x0000046c
       14275000	      1426	80000b30	af2b6693	ori	x13,x22,-1294	 x22:0x80000754 x13=0xfffffff6
       14285000	      1427	80000b34	2bee0f13	addi	x30,x28,702	 x28:0x00000000 x30=0x000002be
       14295000	      1428	80000b38	40305593	srai	x11,x0,0x3	  x0:0x00000000 x11=0x00000000
       14305000	      1429	80000b3c	ba1af213	andi	x4,x21,-1119	 x21:0x0000e580  x4=0x0000e180
       14315000	      1430	80000b40	f2e53113	sltiu	x2,x10,-210	 x10:0x80000710  x2=0x00000001
       14325000	      1431	80000b44	0009d0b3	srl	x1,x19,x0	 x19:0x80009f84  x0:0x00000000  x1=0x80009f84
       14335000	      1432	80000b48	005b7e33	and	x28,x22,x5	 x22:0x80000754  x5:0xbf545000 x28=0x80000000
       14345000	      1433	80000b4c	85876b93	ori	x23,x14,-1960	 x14:0x00000550 x23=0xfffffd58
       14355000	      1434	80000b50	01f10933	add	x18,x2,x31	  x2:0x00000001 x31:0x80000770 x18=0x80000771
       14365000	      1435	80000b54	00b8f933	and	x18,x17,x11	 x17:0x80009fc4 x11:0x00000000 x18=0x00000000
       14375000	      1436	80000b58	94e8e137	lui	x2,0x94e8e	  x2=0x94e8e000
       14385000	      1437	80000b5c	0036b533	sltu	x10,x13,x3	 x13:0xfffffff6  x3:0x800007b4 x10=0x00000000
       14395000	      1438	80000b60	4054d593	srai	x11,x9,0x5	  x9:0x00000000 x11=0x00000000
       14405000	      1439	80000b64	a1fee217	auipc	x4,0xa1fee	  x4=0x21feeb60
       14415000	      1440	80000b68	01a19db3	sll	x27,x3,x26	  x3:0x800007b4 x26:0xbf545000 x27=0x800007b4
       14425000	      1441	80000b6c	0b036e63	bltu	x6,x16,80000c28	  x6:0x0000046c x16:0x00000000
       14435000	      1442	80000b70	08aa5663	bge	x20,x10,80000bfc	 x20:0x00000000 x10:0x00000000
       14445000	      1443	00000000	00000013	addi	x0,x0,0	  x0:0x00000000
       14455000	      1444	80000bf8	00000013	addi	x0,x0,0	  x0:0x00000000
       14465000	      1445	80000bfc	013447b3	xor	x15,x8,x19	  x8:0xffffff88 x19:0x80009f84 x15=0x7fff600c
       14475000	      1446	80000c00	407bd633	sra	x12,x23,x7	 x23:0xfffffd58  x7:0x80000654 x12=0xffffffff
       14485000	      1447	80000c04	4163ab13	slti	x22,x7,1046	  x7:0x80000654 x22=0x00000001
       14495000	      1448	80000c08	018eba33	sltu	x20,x29,x24	 x29:0x80000408 x24:0x80000000 x20=0x00000000
       14505000	      1449	80000c0c	4075d433	sra	x8,x11,x7	 x11:0x00000000  x7:0x80000654  x8=0x00000000
       14515000	      1450	80000c10	00afb033	sltu	x0,x31,x10	 x31:0x80000770 x10:0x00000000
       14525000	      1451	80000c14	05259263	bne	x11,x18,80000c58	 x11:0x00000000 x18:0x00000000
       14535000	      1452	80000c18	5280a037	lui	x0,0x5280a	
       14545000	      1453	80000c1c	00000013	addi	x0,x0,0	  x0:0x00000000
       14555000	      1454	80000c20	79a35817	auipc	x16,0x79a35	 x16=0xf9a35c1c
       14565000	      1455	80000c24	408c5493	srai	x9,x24,0x8	 x24:0x80000000  x9=0xff800000
       14575000	      1456	80000c28	018e7e33	and	x28,x28,x24	 x28:0x80000000 x24:0x80000000 x28=0x80000000
       14585000	      1457	80000c2c	006c6863	bltu	x24,x6,80000c3c	 x24:0x80000000  x6:0x0000046c
       14595000	      1458	80000c30	00d86eb3	or	x29,x16,x13	 x16:0xf9a35c1c x13:0xfffffff6 x29=0xfffffffe
       14605000	      1459	80000c34	a40eaa13	slti	x20,x29,-1472	 x29:0xfffffffe x20=0x00000000
       14615000	      1460	80000c38	01a284b3	add	x9,x5,x26	  x5:0xbf545000 x26:0xbf545000  x9=0x7ea8a000
       14625000	      1461	80000c3c	01fade63	bge	x21,x31,80000c58	 x21:0x0000e580 x31:0x80000770
       14635000	      1462	00000000	00000013	addi	x0,x0,0	  x0:0x00000000
       14645000	      1463	80000c54	00000013	addi	x0,x0,0	  x0:0x00000000
       14655000	      1464	80000c58	41160d33	sub	x26,x12,x17	 x12:0xffffffff x17:0x80009fc4 x26=0x7fff603b
       14665000	      1465	80000c5c	00d4dc63	bge	x9,x13,80000c74	  x9:0x7ea8a000 x13:0xfffffff6
       14675000	      1466	00000000	00000013	addi	x0,x0,0	  x0:0x00000000
       14685000	      1467	80000c70	00000013	addi	x0,x0,0	  x0:0x00000000
       14695000	      1468	80000c74	0225ee63	bltu	x11,x2,80000cb0	 x11:0x00000000  x2:0x94e8e000
       14705000	      1469	00000000	00000013	addi	x0,x0,0	  x0:0x00000000
       14715000	      1470	80000cac	00000013	addi	x0,x0,0	  x0:0x00000000
       14725000	      1471	80000cb0	00ab9393	slli	x7,x23,0xa	 x23:0xfffffd58  x7=0xfff56000
       14735000	      1472	80000cb4	efb87193	andi	x3,x16,-261	 x16:0xf9a35c1c  x3=0xf9a35c18
       14745000	      1473	80000cb8	01b96bb3	or	x23,x18,x27	 x18:0x00000000 x27:0x800007b4 x23=0x800007b4
       14755000	      1474	80000cbc	de866a13	ori	x20,x12,-536	 x12:0xffffffff x20=0xffffffff
       14765000	      1475	80000cc0	2740ba93	sltiu	x21,x1,628	  x1:0x80009f84 x21=0x00000000
       14775000	      1476	80000cc4	02a76663	bltu	x14,x10,80000cf0	 x14:0x00000550 x10:0x00000000
       14785000	      1477	80000cc8	00000013	addi	x0,x0,0	  x0:0x00000000
       14795000	      1478	80000ccc	01f18db3	add	x27,x3,x31	  x3:0xf9a35c18 x31:0x80000770 x27=0x79a36388
       14805000	      1479	80000cd0	004a7db3	and	x27,x20,x4	 x20:0xffffffff  x4:0x21feeb60 x27=0x21feeb60
       14815000	      1480	80000cd4	00000013	addi	x0,x0,0	  x0:0x00000000
       14825000	      1481	80000cd8	245cf417	auipc	x8,0x245cf	  x8=0xa45cfcd4
       14835000	      1482	80000cdc	f421ff93	andi	x31,x3,-190	  x3:0xf9a35c18 x31=0xf9a35c00
       14845000	      1483	80000ce0	015cce63	blt	x25,x21,80000cfc	 x25:0x80009f84 x21:0x00000000
       14855000	      1484	00000000	00000013	addi	x0,x0,0	  x0:0x00000000
       14865000	      1485	80000cf8	00000013	addi	x0,x0,0	  x0:0x00000000
       14875000	      1486	80000cfc	a3d86313	ori	x6,x16,-1475	 x16:0xf9a35c1c  x6=0xfffffe3d
       14885000	      1487	80000d00	45570313	addi	x6,x14,1109	 x14:0x00000550  x6=0x000009a5
       14895000	      1488	80000d04	cb8aba37	lui	x20,0xcb8ab	 x20=0xcb8ab000
       14905000	      1489	80000d08	01b49513	slli	x10,x9,0x1b	  x9:0x7ea8a000 x10=0x00000000
       14915000	      1490	80000d0c	712d8713	addi	x14,x27,1810	 x27:0x21feeb60 x14=0x21fef272
       14925000	      1491	80000d10	56110193	addi	x3,x2,1377	  x2:0x94e8e000  x3=0x94e8e561
       14935000	      1492	80000d14	00e40133	add	x2,x8,x14	  x8:0xa45cfcd4 x14:0x21fef272  x2=0xc65bef46
       14945000	      1493	80000d18	40875f13	srai	x30,x14,0x8	 x14:0x21fef272 x30=0x0021fef2
       14955000	      1494	80000d1c	00000013	addi	x0,x0,0	  x0:0x00000000
       14965000	      1495	80000d20	66b92e93	slti	x29,x18,1643	 x18:0x00000000 x29=0x00000001
       14975000	      1496	80000d24	006ca5b3	slt	x11,x25,x6	 x25:0x80009f84  x6:0x000009a5 x11=0x00000001
       14985000	      1497	80000d28	2f778813	addi	x16,x15,759	 x15:0x7fff600c x16=0x7fff6303
       14995000	      1498	80000d2c	5af50293	addi	x5,x10,1455	 x10:0x00000000  x5=0x000005af
       15005000	      1499	80000d30	89bb2717	auipc	x14,0x89bb2	 x14=0x09bb2d2c
       15015000	      1500	80000d34	e69b7f13	andi	x30,x22,-407	 x22:0x00000001 x30=0x00000001
       15025000	      1501	80000d38	1cd85e17	auipc	x28,0x1cd85	 x28=0x9cd85d34
       15035000	      1502	80000d3c	0f282d13	slti	x26,x16,242	 x16:0x7fff6303 x26=0x00000000
       15045000	      1503	80000d40	01141a13	slli	x20,x8,0x11	  x8:0xa45cfcd4 x20=0xf9a80000
       15055000	      1504	80000d44	05c26663	bltu	x4,x28,80000d90	  x4:0x21feeb60 x28:0x9cd85d34
       15065000	      1505	00000000	00000013	addi	x0,x0,0	  x0:0x00000000
       15075000	      1506	80000d8c	00000013	addi	x0,x0,0	  x0:0x00000000
       15085000	      1507	80000d90	03de0863	beq	x28,x29,80000dc0	 x28:0x9cd85d34 x29:0x00000001
       15095000	      1508	80000d94	41a88e33	sub	x28,x17,x26	 x17:0x80009fc4 x26:0x00000000 x28=0x80009fc4
       15105000	      1509	80000d98	03508c63	beq	x1,x21,80000dd0	  x1:0x80009f84 x21:0x00000000
       15115000	      1510	80000d9c	d28d4513	xori	x10,x26,-728	 x26:0x00000000 x10=0xfffffd28
       15125000	      1511	80000da0	00dfdfb3	srl	x31,x31,x13	 x31:0xf9a35c00 x13:0xfffffff6 x31=0x000003e6
       15135000	      1512	80000da4	01b85093	srli	x1,x16,0x1b	 x16:0x7fff6303  x1=0x0000000f
       15145000	      1513	80000da8	00abb0b3	sltu	x1,x23,x10	 x23:0x800007b4 x10:0xfffffd28  x1=0x00000001
       15155000	      1514	80000dac	01a806b3	add	x13,x16,x26	 x16:0x7fff6303 x26:0x00000000 x13=0x7fff6303
       15165000	      1515	80000db0	7ee1ef13	ori	x30,x3,2030	  x3:0x94e8e561 x30=0x94e8e7ef
       15175000	      1516	80000db4	f8008613	addi	x12,x1,-128	  x1:0x00000001 x12=0xffffff81
       15185000	      1517	80000db8	40980d33	sub	x26,x16,x9	 x16:0x7fff6303  x9:0x7ea8a000 x26=0x0156c303
       15195000	      1518	80000dbc	a6397993	andi	x19,x18,-1437	 x18:0x00000000 x19=0x00000000
       15205000	      1519	80000dc0	02608a63	beq	x1,x6,80000df4	  x1:0x00000001  x6:0x000009a5
       15215000	      1520	80000dc4	00000013	addi	x0,x0,0	  x0:0x00000000
       15225000	      1521	80000dc8	00e9a233	slt	x4,x19,x14	 x19:0x00000000 x14:0x09bb2d2c  x4=0x00000001
       15235000	      1522	80000dcc	01ef1b13	slli	x22,x30,0x1e	 x30:0x94e8e7ef x22=0xc0000000
       15245000	      1523	80000dd0	00638a33	add	x20,x7,x6	  x7:0xfff56000  x6:0x000009a5 x20=0xfff569a5
       15255000	      1524	80000dd4	98563493	sltiu	x9,x12,-1659	 x12:0xffffff81  x9=0x00000000
       15265000	      1525	80000dd8	41d55b33	sra	x22,x10,x29	 x10:0xfffffd28 x29:0x00000001 x22=0xfffffe94
       15275000	      1526	80000ddc	00d25c63	bge	x4,x13,80000df4	  x4:0x00000001 x13:0x7fff6303
       15285000	      1527	80000de0	3c1ae093	ori	x1,x21,961	 x21:0x00000000  x1=0x000003c1
       15295000	      1528	80000de4	ab4bc6b7	lui	x13,0xab4bc	 x13=0xab4bc000
       15305000	      1529	80000de8	4be08a17	auipc	x20,0x4be08	 x20=0xcbe08de4
       15315000	      1530	80000dec	41d706b3	sub	x13,x14,x29	 x14:0x09bb2d2c x29:0x00000001 x13=0x09bb2d2b
       15325000	      1531	80000df0	e894a993	slti	x19,x9,-375	  x9:0x00000000 x19=0x00000000
       15335000	      1532	80000df4	01111d33	sll	x26,x2,x17	  x2:0xc65bef46 x17:0x80009fc4 x26=0x65bef460
       15345000	      1533	80000df8	4124dd93	srai	x27,x9,0x12	  x9:0x00000000 x27=0x00000000
       15355000	      1534	80000dfc	012fe033	or	x0,x31,x18	 x31:0x000003e6 x18:0x00000000
       15365000	      1535	80000e00	00032633	slt	x12,x6,x0	  x6:0x000009a5  x0:0x00000000 x12=0x00000000
       15375000	      1536	80000e04	0074ebb3	or	x23,x9,x7	  x9:0x00000000  x7:0xfff56000 x23=0xfff56000
       15385000	      1537	80000e08	000ff633	and	x12,x31,x0	 x31:0x000003e6  x0:0x00000000 x12=0x00000000
       15395000	      1538	80000e0c	b5fd3e93	sltiu	x29,x26,-1185	 x26:0x65bef460 x29=0x00000001
       15405000	      1539	80000e10	03d71463	bne	x14,x29,80000e38	 x14:0x09bb2d2c x29:0x00000001
       15415000	      1540	00000000	00000013	addi	x0,x0,0	  x0:0x00000000
       15425000	      1541	80000e34	00000013	addi	x0,x0,0	  x0:0x00000000
       15435000	      1542	80000e38	7dd5ca13	xori	x20,x11,2013	 x11:0x00000001 x20=0x000007dc
       15445000	      1543	80000e3c	00714663	blt	x2,x7,80000e48	  x2:0xc65bef46  x7:0xfff56000
       15455000	      1544	00000000	00000013	addi	x0,x0,0	  x0:0x00000000
       15465000	      1545	80000e44	00000013	addi	x0,x0,0	  x0:0x00000000
       15475000	      1546	80000e48	00f48433	add	x8,x9,x15	  x9:0x00000000 x15:0x7fff600c  x8=0x7fff600c
       15485000	      1547	80000e4c	02e54863	blt	x10,x14,80000e7c	 x10:0xfffffd28 x14:0x09bb2d2c
       15495000	      1548	00000000	00000013	addi	x0,x0,0	  x0:0x00000000
       15505000	      1549	80000e78	00000013	addi	x0,x0,0	  x0:0x00000000
       15515000	      1550	80000e7c	40105b33	sra	x22,x0,x1	  x0:0x00000000  x1:0x000003c1 x22=0x00000000
       15525000	      1551	80000e80	00aab433	sltu	x8,x21,x10	 x21:0x00000000 x10:0xfffffd28  x8=0x00000001
       15535000	      1552	80000e84	00ddcf33	xor	x30,x27,x13	 x27:0x00000000 x13:0x09bb2d2b x30=0x09bb2d2b
       15545000	      1553	80000e88	0253ea63	bltu	x7,x5,80000ebc	  x7:0xfff56000  x5:0x000005af
       15555000	      1554	80000e8c	199f0993	addi	x19,x30,409	 x30:0x09bb2d2b x19=0x09bb2ec4
       15565000	      1555	80000e90	03fad663	bge	x21,x31,80000ebc	 x21:0x00000000 x31:0x000003e6
       15575000	      1556	80000e94	006b9033	sll	x0,x23,x6	 x23:0xfff56000  x6:0x000009a5
       15585000	      1557	80000e98	03c7d463	bge	x15,x28,80000ec0	 x15:0x7fff600c x28:0x80009fc4
       15595000	      1558	00000000	00000013	addi	x0,x0,0	  x0:0x00000000
       15605000	      1559	80000ebc	00000013	addi	x0,x0,0	  x0:0x00000000
       15615000	      1560	80000ec0	05305263	bge	x0,x19,80000f04	  x0:0x00000000 x19:0x09bb2ec4
       15625000	      1561	80000ec4	00000013	addi	x0,x0,0	  x0:0x00000000
       15635000	      1562	80000ec8	4d463093	sltiu	x1,x12,1236	 x12:0x00000000  x1=0x00000001
       15645000	      1563	80000ecc	03245663	bge	x8,x18,80000ef8	  x8:0x00000001 x18:0x00000000
       15655000	      1564	00000000	00000013	addi	x0,x0,0	  x0:0x00000000
       15665000	      1565	80000ef4	00000013	addi	x0,x0,0	  x0:0x00000000
       15675000	      1566	80000ef8	00629863	bne	x5,x6,80000f08	  x5:0x000005af  x6:0x000009a5
       15685000	      1567	00000000	00000013	addi	x0,x0,0	  x0:0x00000000
       15695000	      1568	80000f04	00000013	addi	x0,x0,0	  x0:0x00000000
       15705000	      1569	80000f08	40a1dbb3	sra	x23,x3,x10	  x3:0x94e8e561 x10:0xfffffd28 x23=0xff94e8e5
       15715000	      1570	80000f0c	03c25c63	bge	x4,x28,80000f44	  x4:0x00000001 x28:0x80009fc4
       15725000	      1571	00000000	00000013	addi	x0,x0,0	  x0:0x00000000
       15735000	      1572	80000f40	00000013	addi	x0,x0,0	  x0:0x00000000
       15745000	      1573	80000f44	01a21793	slli	x15,x4,0x1a	  x4:0x00000001 x15=0x04000000
       15755000	      1574	80000f48	00000013	addi	x0,x0,0	  x0:0x00000000
       15765000	      1575	80000f4c	022be663	bltu	x23,x2,80000f78	 x23:0xff94e8e5  x2:0xc65bef46
       15775000	      1576	80000f50	8792e213	ori	x4,x5,-1927	  x5:0x000005af  x4=0xfffffdff
       15785000	      1577	80000f54	01d67c63	bgeu	x12,x29,80000f6c	 x12:0x00000000 x29:0x00000001
       15795000	      1578	80000f58	054fe263	bltu	x31,x20,80000f9c	 x31:0x000003e6 x20:0x000007dc
       15805000	      1579	00000000	00000013	addi	x0,x0,0	  x0:0x00000000
       15815000	      1580	80000f98	00000013	addi	x0,x0,0	  x0:0x00000000
       15825000	      1581	80000f9c	e1687837	lui	x16,0xe1687	 x16=0xe1687000
       15835000	      1582	80000fa0	81aa8213	addi	x4,x21,-2022	 x21:0x00000000  x4=0xfffff81a
       15845000	      1583	80000fa4	03a76463	bltu	x14,x26,80000fcc	 x14:0x09bb2d2c x26:0x65bef460
       15855000	      1584	00000000	00000013	addi	x0,x0,0	  x0:0x00000000
       15865000	      1585	80000fc8	00000013	addi	x0,x0,0	  x0:0x00000000
       15875000	      1586	80000fcc	00f28e63	beq	x5,x15,80000fe8	  x5:0x000005af x15:0x04000000
       15885000	      1587	80000fd0	419d5db3	sra	x27,x26,x25	 x26:0x65bef460 x25:0x80009f84 x27=0x065bef46
       15895000	      1588	80000fd4	01a0b433	sltu	x8,x1,x26	  x1:0x00000001 x26:0x65bef460  x8=0x00000001
       15905000	      1589	80000fd8	41a2de13	srai	x28,x5,0x1a	  x5:0x000005af x28=0x00000000
       15915000	      1590	80000fdc	5427e113	ori	x2,x15,1346	 x15:0x04000000  x2=0x04000542
       15925000	      1591	80000fe0	40305613	srai	x12,x0,0x3	  x0:0x00000000 x12=0x00000000
       15935000	      1592	80000fe4	0506e663	bltu	x13,x16,80001030	 x13:0x09bb2d2b x16:0xe1687000
       15945000	      1593	00000000	00000013	addi	x0,x0,0	  x0:0x00000000
       15955000	      1594	8000102c	00000013	addi	x0,x0,0	  x0:0x00000000
       15965000	      1595	80001030	40cedb13	srai	x22,x29,0xc	 x29:0x00000001 x22=0x00000000
       15975000	      1596	80001034	01a47263	bgeu	x8,x26,80001038	  x8:0x00000001 x26:0x65bef460
       15985000	      1597	80001038	04865663	bge	x12,x8,80001084	 x12:0x00000000  x8:0x00000001
       15995000	      1598	8000103c	2ce57d93	andi	x27,x10,718	 x10:0xfffffd28 x27=0x00000008
       16005000	      1599	80001040	fdb03d93	sltiu	x27,x0,-37	  x0:0x00000000 x27=0x00000001
       16015000	      1600	80001044	00698d33	add	x26,x19,x6	 x19:0x09bb2ec4  x6:0x000009a5 x26=0x09bb3869
       16025000	      1601	80001048	02a15663	bge	x2,x10,80001074	  x2:0x04000542 x10:0xfffffd28
       16035000	      1602	00000000	00000013	addi	x0,x0,0	  x0:0x00000000
       16045000	      1603	80001070	00000013	addi	x0,x0,0	  x0:0x00000000
       16055000	      1604	80001074	00d72fb3	slt	x31,x14,x13	 x14:0x09bb2d2c x13:0x09bb2d2b x31=0x00000000
       16065000	      1605	80001078	012babb3	slt	x23,x23,x18	 x23:0xff94e8e5 x18:0x00000000 x23=0x00000001
       16075000	      1606	8000107c	416bdb33	sra	x22,x23,x22	 x23:0x00000001 x22:0x00000000 x22=0x00000001
       16085000	      1607	80001080	fd11bb13	sltiu	x22,x3,-47	  x3:0x94e8e561 x22=0x00000001
       16095000	      1608	80001084	9465cab7	lui	x21,0x9465c	 x21=0x9465c000
       16105000	      1609	80001088	00000013	addi	x0,x0,0	  x0:0x00000000
       16115000	      1610	8000108c	6af87413	andi	x8,x16,1711	 x16:0xe1687000  x8=0x00000000
       16125000	      1611	80001090	006ca133	slt	x2,x25,x6	 x25:0x80009f84  x6:0x000009a5  x2=0x00000001
       16135000	      1612	80001094	b1f0b393	sltiu	x7,x1,-1249	  x1:0x00000001  x7=0x00000001
       16145000	      1613	80001098	aaf7fd13	andi	x26,x15,-1361	 x15:0x04000000 x26=0x04000000
       16155000	      1614	8000109c	e96e6697	auipc	x13,0xe96e6	 x13=0x696e7098
       16165000	      1615	800010a0	4a0df693	andi	x13,x27,1184	 x27:0x00000001 x13=0x00000000
       16175000	      1616	800010a4	40018333	sub	x6,x3,x0	  x3:0x94e8e561  x0:0x00000000  x6=0x94e8e561
       16185000	      1617	800010a8	40b281b3	sub	x3,x5,x11	  x5:0x000005af x11:0x00000001  x3=0x000005ae
       16195000	      1618	800010ac	00bbb4b3	sltu	x9,x23,x11	 x23:0x00000001 x11:0x00000001  x9=0x00000000
       16205000	      1619	800010b0	012ab9b3	sltu	x19,x21,x18	 x21:0x9465c000 x18:0x00000000 x19=0x00000000
       16215000	      1620	800010b4	01056933	or	x18,x10,x16	 x10:0xfffffd28 x16:0xe1687000 x18=0xfffffd28
       16225000	      1621	800010b8	549a2a93	slti	x21,x20,1353	 x20:0x000007dc x21=0x00000000
       16235000	      1622	800010bc	413d6737	lui	x14,0x413d6	 x14=0x413d6000
       16245000	      1623	800010c0	0070fb33	and	x22,x1,x7	  x1:0x00000001  x7:0x00000001 x22=0x00000001
       16255000	      1624	800010c4	725ebd93	sltiu	x27,x29,1829	 x29:0x00000001 x27=0x00000001
       16265000	      1625	800010c8	00bf9d33	sll	x26,x31,x11	 x31:0x00000000 x11:0x00000001 x26=0x00000000
       16275000	      1626	800010cc	00434133	xor	x2,x6,x4	  x6:0x94e8e561  x4:0xfffff81a  x2=0x6b171d7b
       16285000	      1627	800010d0	01416eb3	or	x29,x2,x20	  x2:0x6b171d7b x20:0x000007dc x29=0x6b171fff
       16295000	      1628	800010d4	0a49ce63	blt	x19,x4,80001190	 x19:0x00000000  x4:0xfffff81a
       16305000	      1629	800010d8	e84afa17	auipc	x20,0xe84af	 x20=0x684b00d4
       16315000	      1630	800010dc	04c0036f	jal	x6,800010dc	  x6=0x800010dc
       16325000	      1631	00000000	00000013	addi	x0,x0,0	  x0:0x00000000
       16335000	      1632	80001124	00000013	addi	x0,x0,0	  x0:0x00000000
       16345000	      1633	80001128	fd9ff0ef	jal	x1,80001128	  x1=0x80001128
       16355000	      1634	00000000	00000013	addi	x0,x0,0	  x0:0x00000000
       16365000	      1635	800010fc	00000013	addi	x0,x0,0	  x0:0x00000000
       16375000	      1636	80001100	01c000ef	jal	x1,80001100	  x1=0x80001100
       16385000	      1637	00000000	00000013	addi	x0,x0,0	  x0:0x00000000
       16395000	      1638	80001118	00000013	addi	x0,x0,0	  x0:0x00000000
       16405000	      1639	8000111c	ff1ff0ef	jal	x1,8000111c	  x1=0x8000111c
       16415000	      1640	00000000	00000013	addi	x0,x0,0	  x0:0x00000000
       16425000	      1641	80001108	00000013	addi	x0,x0,0	  x0:0x00000000
       16435000	      1642	8000110c	ff1ff0ef	jal	x1,8000110c	  x1=0x8000110c
       16445000	      1643	00000000	00000013	addi	x0,x0,0	  x0:0x00000000
       16455000	      1644	800010f8	00000013	addi	x0,x0,0	  x0:0x00000000
       16465000	      1645	800010fc	ff1ff1ef	jal	x3,800010fc	  x3=0x800010fc
       16475000	      1646	00000000	00000013	addi	x0,x0,0	  x0:0x00000000
       16485000	      1647	800010e8	00000013	addi	x0,x0,0	  x0:0x00000000
       16495000	      1648	800010ec	00c0036f	jal	x6,800010ec	  x6=0x800010ec
       16505000	      1649	00000000	00000013	addi	x0,x0,0	  x0:0x00000000
       16515000	      1650	800010f4	00000013	addi	x0,x0,0	  x0:0x00000000
       16525000	      1651	800010f8	00c000ef	jal	x1,800010f8	  x1=0x800010f8
       16535000	      1652	00000000	00000013	addi	x0,x0,0	  x0:0x00000000
       16545000	      1653	80001100	00000013	addi	x0,x0,0	  x0:0x00000000
       16555000	      1654	80001104	fe5ff46f	jal	x8,80001104	  x8=0x80001104
       16565000	      1655	00000000	00000013	addi	x0,x0,0	  x0:0x00000000
       16575000	      1656	800010e4	00000013	addi	x0,x0,0	  x0:0x00000000
       16585000	      1657	800010e8	02c000ef	jal	x1,800010e8	  x1=0x800010e8
       16595000	      1658	00000000	00000013	addi	x0,x0,0	  x0:0x00000000
       16605000	      1659	80001110	00000013	addi	x0,x0,0	  x0:0x00000000
       16615000	      1660	80001114	02400b6f	jal	x22,80001114	 x22=0x80001114
       16625000	      1661	00000000	00000013	addi	x0,x0,0	  x0:0x00000000
       16635000	      1662	80001134	00000013	addi	x0,x0,0	  x0:0x00000000
       16645000	      1663	80001138	fe9ff36f	jal	x6,80001138	  x6=0x80001138
       16655000	      1664	00000000	00000013	addi	x0,x0,0	  x0:0x00000000
       16665000	      1665	8000111c	00000013	addi	x0,x0,0	  x0:0x00000000
       16675000	      1666	80001120	010000ef	jal	x1,80001120	  x1=0x80001120
       16685000	      1667	00000000	00000013	addi	x0,x0,0	  x0:0x00000000
       16695000	      1668	8000112c	00000013	addi	x0,x0,0	  x0:0x00000000
       16705000	      1669	80001130	fc1ff0ef	jal	x1,80001130	  x1=0x80001130
       16715000	      1670	00000000	00000013	addi	x0,x0,0	  x0:0x00000000
       16725000	      1671	800010ec	00000013	addi	x0,x0,0	  x0:0x00000000
       16735000	      1672	800010f0	ff5ff0ef	jal	x1,800010f0	  x1=0x800010f0
       16745000	      1673	00000000	00000013	addi	x0,x0,0	  x0:0x00000000
       16755000	      1674	800010e0	00000013	addi	x0,x0,0	  x0:0x00000000
       16765000	      1675	800010e4	068000ef	jal	x1,800010e4	  x1=0x800010e4
       16775000	      1676	00000000	00000013	addi	x0,x0,0	  x0:0x00000000
       16785000	      1677	80001148	00000013	addi	x0,x0,0	  x0:0x00000000
       16795000	      1678	8000114c	ff9ff36f	jal	x6,8000114c	  x6=0x8000114c
       16805000	      1679	00000000	00000013	addi	x0,x0,0	  x0:0x00000000
       16815000	      1680	80001140	00000013	addi	x0,x0,0	  x0:0x00000000
       16825000	      1681	80001144	ffdff0ef	jal	x1,80001144	  x1=0x80001144
       16835000	      1682	00000000	00000013	addi	x0,x0,0	  x0:0x00000000
       16845000	      1683	8000113c	00000013	addi	x0,x0,0	  x0:0x00000000
       16855000	      1684	80001140	fa1ff36f	jal	x6,80001140	  x6=0x80001140
       16865000	      1685	00000000	00000013	addi	x0,x0,0	  x0:0x00000000
       16875000	      1686	800010dc	00000013	addi	x0,x0,0	  x0:0x00000000
       16885000	      1687	800010e0	038000ef	jal	x1,800010e0	  x1=0x800010e0
       16895000	      1688	00000000	00000013	addi	x0,x0,0	  x0:0x00000000
       16905000	      1689	80001114	00000013	addi	x0,x0,0	  x0:0x00000000
       16915000	      1690	80001118	ff1ff9ef	jal	x19,80001118	 x19=0x80001118
       16925000	      1691	00000000	00000013	addi	x0,x0,0	  x0:0x00000000
       16935000	      1692	80001104	00000013	addi	x0,x0,0	  x0:0x00000000
       16945000	      1693	80001108	034000ef	jal	x1,80001108	  x1=0x80001108
       16955000	      1694	00000000	00000013	addi	x0,x0,0	  x0:0x00000000
       16965000	      1695	80001138	00000013	addi	x0,x0,0	  x0:0x00000000
       16975000	      1696	8000113c	ff9ff0ef	jal	x1,8000113c	  x1=0x8000113c
       16985000	      1697	00000000	00000013	addi	x0,x0,0	  x0:0x00000000
       16995000	      1698	80001130	00000013	addi	x0,x0,0	  x0:0x00000000
       17005000	      1699	80001134	fc1ff2ef	jal	x5,80001134	  x5=0x80001134
       17015000	      1700	00000000	00000013	addi	x0,x0,0	  x0:0x00000000
       17025000	      1701	800010f0	00000013	addi	x0,x0,0	  x0:0x00000000
       17035000	      1702	800010f4	0540036f	jal	x6,800010f4	  x6=0x800010f4
       17045000	      1703	00000000	00000013	addi	x0,x0,0	  x0:0x00000000
       17055000	      1704	80001144	00000013	addi	x0,x0,0	  x0:0x00000000
       17065000	      1705	80001148	fe5ff0ef	jal	x1,80001148	  x1=0x80001148
       17075000	      1706	00000000	00000013	addi	x0,x0,0	  x0:0x00000000
       17085000	      1707	80001128	00000013	addi	x0,x0,0	  x0:0x00000000
       17095000	      1708	8000112c	fe5ff3ef	jal	x7,8000112c	  x7=0x8000112c
       17105000	      1709	00000000	00000013	addi	x0,x0,0	  x0:0x00000000
       17115000	      1710	8000110c	00000013	addi	x0,x0,0	  x0:0x00000000
       17125000	      1711	80001110	014000ef	jal	x1,80001110	  x1=0x80001110
       17135000	      1712	00000000	00000013	addi	x0,x0,0	  x0:0x00000000
       17145000	      1713	80001120	00000013	addi	x0,x0,0	  x0:0x00000000
       17155000	      1714	80001124	02c000ef	jal	x1,80001124	  x1=0x80001124
       17165000	      1715	00000000	00000013	addi	x0,x0,0	  x0:0x00000000
       17175000	      1716	8000114c	00000013	addi	x0,x0,0	  x0:0x00000000
       17185000	      1717	80001150	3e8a0b13	addi	x22,x20,1000	 x20:0x684b00d4 x22=0x684b04bc
       17195000	      1718	80001154	2efb89b7	lui	x19,0x2efb8	 x19=0x2efb8000
       17205000	      1719	80001158	00d1ee33	or	x28,x3,x13	  x3:0x800010fc x13:0x00000000 x28=0x800010fc
       17215000	      1720	8000115c	053e6263	bltu	x28,x19,800011a0	 x28:0x800010fc x19:0x2efb8000
       17225000	      1721	80001160	03b3ec63	bltu	x7,x27,80001198	  x7:0x8000112c x27:0x00000001
       17235000	      1722	80001164	007f92b3	sll	x5,x31,x7	 x31:0x00000000  x7:0x8000112c  x5=0x00000000
       17245000	      1723	80001168	00f00f33	add	x30,x0,x15	  x0:0x00000000 x15:0x04000000 x30=0x04000000
       17255000	      1724	8000116c	e567ff13	andi	x30,x15,-426	 x15:0x04000000 x30=0x04000000
       17265000	      1725	80001170	413bdb93	srai	x23,x23,0x13	 x23:0x00000001 x23=0x00000000
       17275000	      1726	80001174	01168863	beq	x13,x17,80001184	 x13:0x00000000 x17:0x80009fc4
       17285000	      1727	80001178	41885d93	srai	x27,x16,0x18	 x16:0xe1687000 x27=0xffffffe1
       17295000	      1728	8000117c	36b40813	addi	x16,x8,875	  x8:0x80001104 x16=0x8000146f
       17305000	      1729	80001180	009f4933	xor	x18,x30,x9	 x30:0x04000000  x9:0x00000000 x18=0x04000000
       17315000	      1730	80001184	0185f833	and	x16,x11,x24	 x11:0x00000001 x24:0x80000000 x16=0x00000000
       17325000	      1731	80001188	01b0fc63	bgeu	x1,x27,800011a0	  x1:0x80001124 x27:0xffffffe1
       17335000	      1732	8000118c	edf94913	xori	x18,x18,-289	 x18:0x04000000 x18=0xfbfffedf
       17345000	      1733	80001190	01b5f663	bgeu	x11,x27,8000119c	 x11:0x00000001 x27:0xffffffe1
       17355000	      1734	80001194	40f204b3	sub	x9,x4,x15	  x4:0xfffff81a x15:0x04000000  x9=0xfbfff81a
       17365000	      1735	80001198	48c4ba93	sltiu	x21,x9,1164	  x9:0xfbfff81a x21=0x00000000
       17375000	      1736	8000119c	40375413	srai	x8,x14,0x3	 x14:0x413d6000  x8=0x0827ac00
       17385000	      1737	800011a0	00ed5693	srli	x13,x26,0xe	 x26:0x00000000 x13=0x00000000
       17395000	      1738	800011a4	40f1d913	srai	x18,x3,0xf	  x3:0x800010fc x18=0xffff0000
       17405000	      1739	800011a8	023bda63	bge	x23,x3,800011dc	 x23:0x00000000  x3:0x800010fc
       17415000	      1740	00000000	00000013	addi	x0,x0,0	  x0:0x00000000
       17425000	      1741	800011d8	00000013	addi	x0,x0,0	  x0:0x00000000
       17435000	      1742	800011dc	41e4da33	sra	x20,x9,x30	  x9:0xfbfff81a x30:0x04000000 x20=0xfbfff81a
       17445000	      1743	800011e0	01effc63	bgeu	x31,x30,800011f8	 x31:0x00000000 x30:0x04000000
       17455000	      1744	800011e4	03c3ea63	bltu	x7,x28,80001218	  x7:0x8000112c x28:0x800010fc
       17465000	      1745	800011e8	fd2676b7	lui	x13,0xfd267	 x13=0xfd267000
       17475000	      1746	800011ec	0e11ee93	ori	x29,x3,225	  x3:0x800010fc x29=0x800010fd
       17485000	      1747	800011f0	0479f263	bgeu	x19,x7,80001234	 x19:0x2efb8000  x7:0x8000112c
       17495000	      1748	800011f4	009ece63	blt	x29,x9,80001210	 x29:0x800010fd  x9:0xfbfff81a
       17505000	      1749	00000000	00000013	addi	x0,x0,0	  x0:0x00000000
       17515000	      1750	8000120c	00000013	addi	x0,x0,0	  x0:0x00000000
       17525000	      1751	80001210	03b8de63	bge	x17,x27,8000124c	 x17:0x80009fc4 x27:0xffffffe1
       17535000	      1752	80001214	0169e033	or	x0,x19,x22	 x19:0x2efb8000 x22:0x684b04bc
       17545000	      1753	80001218	00852933	slt	x18,x10,x8	 x10:0xfffffd28  x8:0x0827ac00 x18=0x00000001
       17555000	      1754	8000121c	4191d9b3	sra	x19,x3,x25	  x3:0x800010fc x25:0x80009f84 x19=0xf800010f
       17565000	      1755	80001220	51916e93	ori	x29,x2,1305	  x2:0x6b171d7b x29=0x6b171d7b
       17575000	      1756	80001224	0011b7b3	sltu	x15,x3,x1	  x3:0x800010fc  x1:0x80001124 x15=0x00000001
       17585000	      1757	80001228	016995b3	sll	x11,x19,x22	 x19:0xf800010f x22:0x684b04bc x11=0xf0000000
       17595000	      1758	8000122c	407e5513	srai	x10,x28,0x7	 x28:0x800010fc x10=0xff000021
       17605000	      1759	80001230	19198d13	addi	x26,x19,401	 x19:0xf800010f x26=0xf80002a0
       17615000	      1760	80001234	00348e63	beq	x9,x3,80001250	  x9:0xfbfff81a  x3:0x800010fc
       17625000	      1761	80001238	01dbe863	bltu	x23,x29,80001248	 x23:0x00000000 x29:0x6b171d7b
       17635000	      1762	00000000	00000013	addi	x0,x0,0	  x0:0x00000000
       17645000	      1763	80001244	00000013	addi	x0,x0,0	  x0:0x00000000
       17655000	      1764	80001248	0027cbb3	xor	x23,x15,x2	 x15:0x00000001  x2:0x6b171d7b x23=0x6b171d7a
       17665000	      1765	8000124c	0044a433	slt	x8,x9,x4	  x9:0xfbfff81a  x4:0xfffff81a  x8=0x00000001
       17675000	      1766	80001250	6d714393	xori	x7,x2,1751	  x2:0x6b171d7b  x7=0x6b171bac
       17685000	      1767	80001254	eaaf0f93	addi	x31,x30,-342	 x30:0x04000000 x31=0x03fffeaa
       17695000	      1768	80001258	04678263	beq	x15,x6,8000129c	 x15:0x00000001  x6:0x800010f4
       17705000	      1769	8000125c	0070a0b3	slt	x1,x1,x7	  x1:0x80001124  x7:0x6b171bac  x1=0x00000001
       17715000	      1770	80001260	fe237d93	andi	x27,x6,-30	  x6:0x800010f4 x27=0x800010e0
       17725000	      1771	80001264	007d9a33	sll	x20,x27,x7	 x27:0x800010e0  x7:0x6b171bac x20=0x010e0000
       17735000	      1772	80001268	411fdf33	sra	x30,x31,x17	 x31:0x03fffeaa x17:0x80009fc4 x30=0x003fffea
       17745000	      1773	8000126c	41930d33	sub	x26,x6,x25	  x6:0x800010f4 x25:0x80009f84 x26=0xffff7170
       17755000	      1774	80001270	f38e2d97	auipc	x27,0xf38e2	 x27=0x738e326c
       17765000	      1775	80001274	00000013	addi	x0,x0,0	  x0:0x00000000
       17775000	      1776	80001278	bfb70413	addi	x8,x14,-1029	 x14:0x413d6000  x8=0x413d5bfb
       17785000	      1777	8000127c	4053d333	sra	x6,x7,x5	  x7:0x6b171bac  x5:0x00000000  x6=0x6b171bac
       17795000	      1778	80001280	01fd1fb3	sll	x31,x26,x31	 x26:0xffff7170 x31:0x03fffeaa x31=0xfdc5c000
       17805000	      1779	80001284	00d170b3	and	x1,x2,x13	  x2:0x6b171d7b x13:0xfd267000  x1=0x69061000
       17815000	      1780	80001288	001d8433	add	x8,x27,x1	 x27:0x738e326c  x1:0x69061000  x8=0xdc94426c
       17825000	      1781	8000128c	00275c63	bge	x14,x2,800012a4	 x14:0x413d6000  x2:0x6b171d7b
       17835000	      1782	80001290	01829913	slli	x18,x5,0x18	  x5:0x00000000 x18=0x00000000
       17845000	      1783	80001294	003c3933	sltu	x18,x24,x3	 x24:0x80000000  x3:0x800010fc x18=0x00000001
       17855000	      1784	80001298	1c9e6d97	auipc	x27,0x1c9e6	 x27=0x9c9e7294
       17865000	      1785	8000129c	d6b98b17	auipc	x22,0xd6b98	 x22=0x56b99298
       17875000	      1786	800012a0	03ca4463	blt	x20,x28,800012c8	 x20:0x010e0000 x28:0x800010fc
       17885000	      1787	800012a4	030f0e63	beq	x30,x16,800012e0	 x30:0x003fffea x16:0x00000000
       17895000	      1788	800012a8	0058de93	srli	x29,x17,0x5	 x17:0x80009fc4 x29=0x040004fe
       17905000	      1789	800012ac	cfefa593	slti	x11,x31,-770	 x31:0xfdc5c000 x11=0x00000001
       17915000	      1790	800012b0	2421bd37	lui	x26,0x2421b	 x26=0x2421b000
       17925000	      1791	800012b4	00e5d613	srli	x12,x11,0xe	 x11:0x00000001 x12=0x00000000
       17935000	      1792	800012b8	00704263	blt	x0,x7,800012bc	  x0:0x00000000  x7:0x6b171bac
       17945000	      1793	00000000	00000013	addi	x0,x0,0	  x0:0x00000000
       17955000	      1794	800012b8	00000013	addi	x0,x0,0	  x0:0x00000000
       17965000	      1795	800012bc	01d1dd33	srl	x26,x3,x29	  x3:0x800010fc x29:0x040004fe x26=0x00000002
       17975000	      1796	800012c0	08927463	bgeu	x4,x9,80001348	  x4:0xfffff81a  x9:0xfbfff81a
       17985000	      1797	00000000	00000013	addi	x0,x0,0	  x0:0x00000000
       17995000	      1798	80001344	00000013	addi	x0,x0,0	  x0:0x00000000
       18005000	      1799	80001348	0278dc63	bge	x17,x7,80001380	 x17:0x80009fc4  x7:0x6b171bac
       18015000	      1800	8000134c	00e95213	srli	x4,x18,0xe	 x18:0x00000001  x4=0x00000000
       18025000	      1801	80001350	0112c7b3	xor	x15,x5,x17	  x5:0x00000000 x17:0x80009fc4 x15=0x80009fc4
       18035000	      1802	80001354	67b8ca13	xori	x20,x17,1659	 x17:0x80009fc4 x20=0x800099bf
       18045000	      1803	80001358	96463993	sltiu	x19,x12,-1692	 x12:0x00000000 x19=0x00000001
       18055000	      1804	8000135c	017b7e63	bgeu	x22,x23,80001378	 x22:0x56b99298 x23:0x6b171d7a
       18065000	      1805	80001360	00971093	slli	x1,x14,0x9	 x14:0x413d6000  x1=0x7ac00000
       18075000	      1806	80001364	01e08663	beq	x1,x30,80001370	  x1:0x7ac00000 x30:0x003fffea
       18085000	      1807	80001368	08cab993	sltiu	x19,x21,140	 x21:0x00000000 x19=0x00000001
       18095000	      1808	8000136c	665cb993	sltiu	x19,x25,1637	 x25:0x80009f84 x19=0x00000000
       18105000	      1809	80001370	00c3f833	and	x16,x7,x12	  x7:0x6b171bac x12:0x00000000 x16=0x00000000
       18115000	      1810	80001374	00000013	addi	x0,x0,0	  x0:0x00000000
       18125000	      1811	80001378	46fe7f93	andi	x31,x28,1135	 x28:0x800010fc x31=0x0000006c
       18135000	      1812	8000137c	01cea033	slt	x0,x29,x28	 x29:0x040004fe x28:0x800010fc
       18145000	      1813	80001380	be018713	addi	x14,x3,-1056	  x3:0x800010fc x14=0x80000cdc
       18155000	      1814	80001384	f6c2f493	andi	x9,x5,-148	  x5:0x00000000  x9=0x00000000
       18165000	      1815	80001388	0600036f	jal	x6,80001388	  x6=0x80001388
       18175000	      1816	00000000	00000013	addi	x0,x0,0	  x0:0x00000000
       18185000	      1817	800013e4	00000013	addi	x0,x0,0	  x0:0x00000000
       18195000	      1818	800013e8	fc9ff0ef	jal	x1,800013e8	  x1=0x800013e8
       18205000	      1819	00000000	00000013	addi	x0,x0,0	  x0:0x00000000
       18215000	      1820	800013ac	00000013	addi	x0,x0,0	  x0:0x00000000
       18225000	      1821	800013b0	0300036f	jal	x6,800013b0	  x6=0x800013b0
       18235000	      1822	00000000	00000013	addi	x0,x0,0	  x0:0x00000000
       18245000	      1823	800013dc	00000013	addi	x0,x0,0	  x0:0x00000000
       18255000	      1824	800013e0	fe9ff0ef	jal	x1,800013e0	  x1=0x800013e0
       18265000	      1825	00000000	00000013	addi	x0,x0,0	  x0:0x00000000
       18275000	      1826	800013c4	00000013	addi	x0,x0,0	  x0:0x00000000
       18285000	      1827	800013c8	fd1ff86f	jal	x16,800013c8	 x16=0x800013c8
       18295000	      1828	00000000	00000013	addi	x0,x0,0	  x0:0x00000000
       18305000	      1829	80001394	00000013	addi	x0,x0,0	  x0:0x00000000
       18315000	      1830	80001398	024000ef	jal	x1,80001398	  x1=0x80001398
       18325000	      1831	00000000	00000013	addi	x0,x0,0	  x0:0x00000000
       18335000	      1832	800013b8	00000013	addi	x0,x0,0	  x0:0x00000000
       18345000	      1833	800013bc	004009ef	jal	x19,800013bc	 x19=0x800013bc
       18355000	      1834	00000000	00000013	addi	x0,x0,0	  x0:0x00000000
       18365000	      1835	800013bc	00000013	addi	x0,x0,0	  x0:0x00000000
       18375000	      1836	800013c0	fd5ff36f	jal	x6,800013c0	  x6=0x800013c0
       18385000	      1837	00000000	00000013	addi	x0,x0,0	  x0:0x00000000
       18395000	      1838	80001390	00000013	addi	x0,x0,0	  x0:0x00000000
       18405000	      1839	80001394	06c00b6f	jal	x22,80001394	 x22=0x80001394
       18415000	      1840	00000000	00000013	addi	x0,x0,0	  x0:0x00000000
       18425000	      1841	800013fc	00000013	addi	x0,x0,0	  x0:0x00000000
       18435000	      1842	80001400	fa5ff0ef	jal	x1,80001400	  x1=0x80001400
       18445000	      1843	00000000	00000013	addi	x0,x0,0	  x0:0x00000000
       18455000	      1844	800013a0	00000013	addi	x0,x0,0	  x0:0x00000000
       18465000	      1845	800013a4	0400036f	jal	x6,800013a4	  x6=0x800013a4
       18475000	      1846	00000000	00000013	addi	x0,x0,0	  x0:0x00000000
       18485000	      1847	800013e0	00000013	addi	x0,x0,0	  x0:0x00000000
       18495000	      1848	800013e4	fd1ffdef	jal	x27,800013e4	 x27=0x800013e4
       18505000	      1849	00000000	00000013	addi	x0,x0,0	  x0:0x00000000
       18515000	      1850	800013b0	00000013	addi	x0,x0,0	  x0:0x00000000
       18525000	      1851	800013b4	0180026f	jal	x4,800013b4	  x4=0x800013b4
       18535000	      1852	00000000	00000013	addi	x0,x0,0	  x0:0x00000000
       18545000	      1853	800013c8	00000013	addi	x0,x0,0	  x0:0x00000000
       18555000	      1854	800013cc	00c000ef	jal	x1,800013cc	  x1=0x800013cc
       18565000	      1855	00000000	00000013	addi	x0,x0,0	  x0:0x00000000
       18575000	      1856	800013d4	00000013	addi	x0,x0,0	  x0:0x00000000
       18585000	      1857	800013d8	fe1ff0ef	jal	x1,800013d8	  x1=0x800013d8
       18595000	      1858	00000000	00000013	addi	x0,x0,0	  x0:0x00000000
       18605000	      1859	800013b4	00000013	addi	x0,x0,0	  x0:0x00000000
       18615000	      1860	800013b8	038000ef	jal	x1,800013b8	  x1=0x800013b8
       18625000	      1861	00000000	00000013	addi	x0,x0,0	  x0:0x00000000
       18635000	      1862	800013ec	00000013	addi	x0,x0,0	  x0:0x00000000
       18645000	      1863	800013f0	004000ef	jal	x1,800013f0	  x1=0x800013f0
       18655000	      1864	00000000	00000013	addi	x0,x0,0	  x0:0x00000000
       18665000	      1865	800013f0	00000013	addi	x0,x0,0	  x0:0x00000000
       18675000	      1866	800013f4	fa9ff0ef	jal	x1,800013f4	  x1=0x800013f4
       18685000	      1867	00000000	00000013	addi	x0,x0,0	  x0:0x00000000
       18695000	      1868	80001398	00000013	addi	x0,x0,0	  x0:0x00000000
       18705000	      1869	8000139c	04000def	jal	x27,8000139c	 x27=0x8000139c
       18715000	      1870	00000000	00000013	addi	x0,x0,0	  x0:0x00000000
       18725000	      1871	800013d8	00000013	addi	x0,x0,0	  x0:0x00000000
       18735000	      1872	800013dc	020000ef	jal	x1,800013dc	  x1=0x800013dc
       18745000	      1873	00000000	00000013	addi	x0,x0,0	  x0:0x00000000
       18755000	      1874	800013f8	00000013	addi	x0,x0,0	  x0:0x00000000
       18765000	      1875	800013fc	ff1ff0ef	jal	x1,800013fc	  x1=0x800013fc
       18775000	      1876	00000000	00000013	addi	x0,x0,0	  x0:0x00000000
       18785000	      1877	800013e8	00000013	addi	x0,x0,0	  x0:0x00000000
       18795000	      1878	800013ec	00c0036f	jal	x6,800013ec	  x6=0x800013ec
       18805000	      1879	00000000	00000013	addi	x0,x0,0	  x0:0x00000000
       18815000	      1880	800013f4	00000013	addi	x0,x0,0	  x0:0x00000000
       18825000	      1881	800013f8	fb1ff46f	jal	x8,800013f8	  x8=0x800013f8
       18835000	      1882	00000000	00000013	addi	x0,x0,0	  x0:0x00000000
       18845000	      1883	800013a4	00000013	addi	x0,x0,0	  x0:0x00000000
       18855000	      1884	800013a8	fe5ff0ef	jal	x1,800013a8	  x1=0x800013a8
       18865000	      1885	00000000	00000013	addi	x0,x0,0	  x0:0x00000000
       18875000	      1886	80001388	00000013	addi	x0,x0,0	  x0:0x00000000
       18885000	      1887	8000138c	004000ef	jal	x1,8000138c	  x1=0x8000138c
       18895000	      1888	00000000	00000013	addi	x0,x0,0	  x0:0x00000000
       18905000	      1889	8000138c	00000013	addi	x0,x0,0	  x0:0x00000000
       18915000	      1890	80001390	034000ef	jal	x1,80001390	  x1=0x80001390
       18925000	      1891	00000000	00000013	addi	x0,x0,0	  x0:0x00000000
       18935000	      1892	800013c0	00000013	addi	x0,x0,0	  x0:0x00000000
       18945000	      1893	800013c4	fe9ff0ef	jal	x1,800013c4	  x1=0x800013c4
       18955000	      1894	00000000	00000013	addi	x0,x0,0	  x0:0x00000000
       18965000	      1895	800013a8	00000013	addi	x0,x0,0	  x0:0x00000000
       18975000	      1896	800013ac	028000ef	jal	x1,800013ac	  x1=0x800013ac
       18985000	      1897	00000000	00000013	addi	x0,x0,0	  x0:0x00000000
       18995000	      1898	800013d0	00000013	addi	x0,x0,0	  x0:0x00000000
       19005000	      1899	800013d4	fcdff36f	jal	x6,800013d4	  x6=0x800013d4
       19015000	      1900	00000000	00000013	addi	x0,x0,0	  x0:0x00000000
       19025000	      1901	8000139c	00000013	addi	x0,x0,0	  x0:0x00000000
       19035000	      1902	800013a0	0300036f	jal	x6,800013a0	  x6=0x800013a0
       19045000	      1903	00000000	00000013	addi	x0,x0,0	  x0:0x00000000
       19055000	      1904	800013cc	00000013	addi	x0,x0,0	  x0:0x00000000
       19065000	      1905	800013d0	0340066f	jal	x12,800013d0	 x12=0x800013d0
       19075000	      1906	00000000	00000013	addi	x0,x0,0	  x0:0x00000000
       19085000	      1907	80001400	00000013	addi	x0,x0,0	  x0:0x00000000
       19095000	      1908	80001404	a7640713	addi	x14,x8,-1418	  x8:0x800013f8 x14=0x80000e6e
       19105000	      1909	80001408	c1742e13	slti	x28,x8,-1001	  x8:0x800013f8 x28=0x00000001
       19115000	      1910	8000140c	01319593	slli	x11,x3,0x13	  x3:0x800010fc x11=0x87e00000
       19125000	      1911	80001410	05a7e663	bltu	x15,x26,8000145c	 x15:0x80009fc4 x26:0x00000002
       19135000	      1912	80001414	01759833	sll	x16,x11,x23	 x11:0x87e00000 x23:0x6b171d7a x16=0x00000000
       19145000	      1913	80001418	40a3d433	sra	x8,x7,x10	  x7:0x6b171bac x10:0xff000021  x8=0x358b8dd6
       19155000	      1914	8000141c	00f77fb3	and	x31,x14,x15	 x14:0x80000e6e x15:0x80009fc4 x31=0x80000e44
       19165000	      1915	80001420	00ce1913	slli	x18,x28,0xc	 x28:0x00000001 x18=0x00001000
       19175000	      1916	80001424	00f40c63	beq	x8,x15,8000143c	  x8:0x358b8dd6 x15:0x80009fc4
       19185000	      1917	80001428	02b44a63	blt	x8,x11,8000145c	  x8:0x358b8dd6 x11:0x87e00000
       19195000	      1918	8000142c	00000013	addi	x0,x0,0	  x0:0x00000000
       19205000	      1919	80001430	01e33bb3	sltu	x23,x6,x30	  x6:0x800013a0 x30:0x003fffea x23=0x00000000
       19215000	      1920	80001434	400f5b13	srai	x22,x30,0x0	 x30:0x003fffea x22=0x003fffea
       19225000	      1921	80001438	019c5c63	bge	x24,x25,80001450	 x24:0x80000000 x25:0x80009f84
       19235000	      1922	8000143c	00000013	addi	x0,x0,0	  x0:0x00000000
       19245000	      1923	80001440	001e6833	or	x16,x28,x1	 x28:0x00000001  x1:0x800013ac x16=0x800013ad
       19255000	      1924	80001444	00750f33	add	x30,x10,x7	 x10:0xff000021  x7:0x6b171bac x30=0x6a171bcd
       19265000	      1925	80001448	403a55b3	sra	x11,x20,x3	 x20:0x800099bf  x3:0x800010fc x11=0xfffffff8
       19275000	      1926	8000144c	00000013	addi	x0,x0,0	  x0:0x00000000
       19285000	      1927	80001450	41c954b3	sra	x9,x18,x28	 x18:0x00001000 x28:0x00000001  x9=0x00000800
       19295000	      1928	80001454	01669713	slli	x14,x13,0x16	 x13:0xfd267000 x14=0x00000000
       19305000	      1929	80001458	00983533	sltu	x10,x16,x9	 x16:0x800013ad  x9:0x00000800 x10=0x00000000
       19315000	      1930	8000145c	26273993	sltiu	x19,x14,610	 x14:0x00000000 x19=0x00000001
       19325000	      1931	80001460	464f3f13	sltiu	x30,x30,1124	 x30:0x6a171bcd x30=0x00000000
       19335000	      1932	80001464	03dd4063	blt	x26,x29,80001484	 x26:0x00000002 x29:0x040004fe
       19345000	      1933	00000000	00000013	addi	x0,x0,0	  x0:0x00000000
       19355000	      1934	80001480	00000013	addi	x0,x0,0	  x0:0x00000000
       19365000	      1935	80001484	01e7f0b3	and	x1,x15,x30	 x15:0x80009fc4 x30:0x00000000  x1=0x00000000
       19375000	      1936	80001488	b8efc317	auipc	x6,0xb8efc	  x6=0x38efd484
       19385000	      1937	8000148c	556cb997	auipc	x19,0x556cb	 x19=0xd56cc488
       19395000	      1938	80001490	49f0b313	sltiu	x6,x1,1183	  x1:0x00000000  x6=0x00000001
       19405000	      1939	80001494	006d3ab3	sltu	x21,x26,x6	 x26:0x00000002  x6:0x00000001 x21=0x00000000
       19415000	      1940	80001498	0e278993	addi	x19,x15,226	 x15:0x80009fc4 x19=0x8000a0a6
       19425000	      1941	8000149c	413d5113	srai	x2,x26,0x13	 x26:0x00000002  x2=0x00000000
       19435000	      1942	800014a0	01680663	beq	x16,x22,800014ac	 x16:0x800013ad x22:0x003fffea
       19445000	      1943	800014a4	03ace863	bltu	x25,x26,800014d4	 x25:0x80009f84 x26:0x00000002
       19455000	      1944	800014a8	80cbca93	xori	x21,x23,-2036	 x23:0x00000000 x21=0xfffff80c
       19465000	      1945	800014ac	0063de63	bge	x7,x6,800014c8	  x7:0x6b171bac  x6:0x00000001
       19475000	      1946	00000000	00000013	addi	x0,x0,0	  x0:0x00000000
       19485000	      1947	800014c4	00000013	addi	x0,x0,0	  x0:0x00000000
       19495000	      1948	800014c8	0122c133	xor	x2,x5,x18	  x5:0x00000000 x18:0x00001000  x2=0x00001000
       19505000	      1949	800014cc	00baab33	slt	x22,x21,x11	 x21:0xfffff80c x11:0xfffffff8 x22=0x00000001
       19515000	      1950	800014d0	00853633	sltu	x12,x10,x8	 x10:0x00000000  x8:0x358b8dd6 x12=0x00000001
       19525000	      1951	800014d4	00aa3eb3	sltu	x29,x20,x10	 x20:0x800099bf x10:0x00000000 x29=0x00000000
       19535000	      1952	800014d8	052c9263	bne	x25,x18,8000151c	 x25:0x80009f84 x18:0x00001000
       19545000	      1953	00000000	00000013	addi	x0,x0,0	  x0:0x00000000
       19555000	      1954	80001518	00000013	addi	x0,x0,0	  x0:0x00000000
       19565000	      1955	8000151c	0075de63	bge	x11,x7,80001538	 x11:0xfffffff8  x7:0x6b171bac
       19575000	      1956	80001520	05539663	bne	x7,x21,8000156c	  x7:0x6b171bac x21:0xfffff80c
       19585000	      1957	00000000	00000013	addi	x0,x0,0	  x0:0x00000000
       19595000	      1958	80001568	00000013	addi	x0,x0,0	  x0:0x00000000
       19605000	      1959	8000156c	00b98d33	add	x26,x19,x11	 x19:0x8000a0a6 x11:0xfffffff8 x26=0x8000a09e
       19615000	      1960	80001570	012a9c63	bne	x21,x18,80001588	 x21:0xfffff80c x18:0x00001000
       19625000	      1961	00000000	00000013	addi	x0,x0,0	  x0:0x00000000
       19635000	      1962	80001584	00000013	addi	x0,x0,0	  x0:0x00000000
       19645000	      1963	80001588	02736663	bltu	x6,x7,800015b4	  x6:0x00000001  x7:0x6b171bac
       19655000	      1964	00000000	00000013	addi	x0,x0,0	  x0:0x00000000
       19665000	      1965	800015b0	00000013	addi	x0,x0,0	  x0:0x00000000
       19675000	      1966	800015b4	005c1e63	bne	x24,x5,800015d0	 x24:0x80000000  x5:0x00000000
       19685000	      1967	00000000	00000013	addi	x0,x0,0	  x0:0x00000000
       19695000	      1968	800015cc	00000013	addi	x0,x0,0	  x0:0x00000000
       19705000	      1969	800015d0	41290733	sub	x14,x18,x18	 x18:0x00001000 x18:0x00001000 x14=0x00000000
       19715000	      1970	800015d4	2ddf4b93	xori	x23,x30,733	 x30:0x00000000 x23=0x000002dd
       19725000	      1971	800015d8	00b34e33	xor	x28,x6,x11	  x6:0x00000001 x11:0xfffffff8 x28=0xfffffff9
       19735000	      1972	800015dc	6e6bb793	sltiu	x15,x23,1766	 x23:0x000002dd x15=0x00000001
       19745000	      1973	800015e0	c64d0613	addi	x12,x26,-924	 x26:0x8000a09e x12=0x80009d02
       19755000	      1974	800015e4	006413b3	sll	x7,x8,x6	  x8:0x358b8dd6  x6:0x00000001  x7=0x6b171bac
       19765000	      1975	800015e8	01f2e6b3	or	x13,x5,x31	  x5:0x00000000 x31:0x80000e44 x13=0x80000e44
       19775000	      1976	800015ec	2e56c493	xori	x9,x13,741	 x13:0x80000e44  x9=0x80000ca1
       19785000	      1977	800015f0	01315593	srli	x11,x2,0x13	  x2:0x00001000 x11=0x00000000
       19795000	      1978	800015f4	0283d663	bge	x7,x8,80001620	  x7:0x6b171bac  x8:0x358b8dd6
       19805000	      1979	00000000	00000013	addi	x0,x0,0	  x0:0x00000000
       19815000	      1980	8000161c	00000013	addi	x0,x0,0	  x0:0x00000000
       19825000	      1981	80001620	0320de63	bge	x1,x18,8000165c	  x1:0x00000000 x18:0x00001000
       19835000	      1982	80001624	00000013	addi	x0,x0,0	  x0:0x00000000
       19845000	      1983	80001628	00eb10b3	sll	x1,x22,x14	 x22:0x00000001 x14:0x00000000  x1=0x00000001
       19855000	      1984	8000162c	029d2393	slti	x7,x26,41	 x26:0x8000a09e  x7=0x00000001
       19865000	      1985	80001630	405ddeb3	sra	x29,x27,x5	 x27:0x8000139c  x5:0x00000000 x29=0x8000139c
       19875000	      1986	80001634	00a53233	sltu	x4,x10,x10	 x10:0x00000000 x10:0x00000000  x4=0x00000000
       19885000	      1987	80001638	0358fa63	bgeu	x17,x21,8000166c	 x17:0x80009fc4 x21:0xfffff80c
       19895000	      1988	8000163c	01041d93	slli	x27,x8,0x10	  x8:0x358b8dd6 x27=0x8dd60000
       19905000	      1989	80001640	b12e3517	auipc	x10,0xb12e3	 x10=0x312e463c
       19915000	      1990	80001644	01c96663	bltu	x18,x28,80001650	 x18:0x00001000 x28:0xfffffff9
       19925000	      1991	00000000	00000013	addi	x0,x0,0	  x0:0x00000000
       19935000	      1992	8000164c	00000013	addi	x0,x0,0	  x0:0x00000000
       19945000	      1993	80001650	407c5593	srai	x11,x24,0x7	 x24:0x80000000 x11=0xff000000
       19955000	      1994	80001654	013986b3	add	x13,x19,x19	 x19:0x8000a0a6 x19:0x8000a0a6 x13=0x0001414c
       19965000	      1995	80001658	c0887517	auipc	x10,0xc0887	 x10=0x40888654
       19975000	      1996	8000165c	03b2dc63	bge	x5,x27,80001694	  x5:0x00000000 x27:0x8dd60000
       19985000	      1997	00000000	00000013	addi	x0,x0,0	  x0:0x00000000
       19995000	      1998	80001690	00000013	addi	x0,x0,0	  x0:0x00000000
       20005000	      1999	80001694	00000013	addi	x0,x0,0	  x0:0x00000000
       20015000	      2000	80001698	0000a733	slt	x14,x1,x0	  x1:0x00000001  x0:0x00000000 x14=0x00000000
       20025000	      2001	8000169c	00000013	addi	x0,x0,0	  x0:0x00000000
       20035000	      2002	800016a0	f8bf2093	slti	x1,x30,-117	 x30:0x00000000  x1=0x00000000
       20045000	      2003	800016a4	40c40d33	sub	x26,x8,x12	  x8:0x358b8dd6 x12:0x80009d02 x26=0xb58af0d4
       20055000	      2004	800016a8	48c90f13	addi	x30,x18,1164	 x18:0x00001000 x30=0x0000148c
       20065000	      2005	800016ac	412b0433	sub	x8,x22,x18	 x22:0x00000001 x18:0x00001000  x8=0xfffff001
       20075000	      2006	800016b0	000a22b3	slt	x5,x20,x0	 x20:0x800099bf  x0:0x00000000  x5=0x00000001
       20085000	      2007	800016b4	00432633	slt	x12,x6,x4	  x6:0x00000001  x4:0x00000000 x12=0x00000000
       20095000	      2008	800016b8	dcdd2d13	slti	x26,x26,-563	 x26:0xb58af0d4 x26=0x00000001
       20105000	      2009	800016bc	dc4b1f37	lui	x30,0xdc4b1	 x30=0xdc4b1000
       20115000	      2010	800016c0	6cb93a13	sltiu	x20,x18,1739	 x18:0x00001000 x20=0x00000000
       20125000	      2011	800016c4	00347733	and	x14,x8,x3	  x8:0xfffff001  x3:0x800010fc x14=0x80001000
       20135000	      2012	800016c8	417afd93	andi	x27,x21,1047	 x21:0xfffff80c x27=0x00000004
       20145000	      2013	800016cc	d1364093	xori	x1,x12,-749	 x12:0x00000000  x1=0xfffffd13
       20155000	      2014	800016d0	40175013	srai	x0,x14,0x1	 x14:0x80001000
       20165000	      2015	800016d4	0c80cd93	xori	x27,x1,200	  x1:0xfffffd13 x27=0xfffffddb
       20175000	      2016	800016d8	01e963b3	or	x7,x18,x30	 x18:0x00001000 x30:0xdc4b1000  x7=0xdc4b1000
       20185000	      2017	800016dc	00000013	addi	x0,x0,0	  x0:0x00000000
       20195000	      2018	800016e0	41d9d413	srai	x8,x19,0x1d	 x19:0x8000a0a6  x8=0xfffffffc
       20205000	      2019	800016e4	f52f8e93	addi	x29,x31,-174	 x31:0x80000e44 x29=0x80000d96
       20215000	      2020	800016e8	01d51513	slli	x10,x10,0x1d	 x10:0x40888654 x10=0x80000000
       20225000	      2021	800016ec	00a11013	slli	x0,x2,0xa	  x2:0x00001000
       20235000	      2022	800016f0	02e05863	bge	x0,x14,80001720	  x0:0x00000000 x14:0x80001000
       20245000	      2023	00000000	00000013	addi	x0,x0,0	  x0:0x00000000
       20255000	      2024	8000171c	00000013	addi	x0,x0,0	  x0:0x00000000
       20265000	      2025	80001720	1fd8cd93	xori	x27,x17,509	 x17:0x80009fc4 x27=0x80009e39
       20275000	      2026	80001724	027ddc63	bge	x27,x7,8000175c	 x27:0x80009e39  x7:0xdc4b1000
       20285000	      2027	80001728	68d33113	sltiu	x2,x6,1677	  x6:0x00000001  x2=0x00000001
       20295000	      2028	8000172c	24dd8913	addi	x18,x27,589	 x27:0x80009e39 x18=0x8000a086
       20305000	      2029	80001730	013d5a93	srli	x21,x26,0x13	 x26:0x00000001 x21=0x00000000
       20315000	      2030	80001734	0b4c59b7	lui	x19,0xb4c5	 x19=0x0b4c5000
       20325000	      2031	80001738	26429db7	lui	x27,0x26429	 x27=0x26429000
       20335000	      2032	8000173c	347baa13	slti	x20,x23,839	 x23:0x000002dd x20=0x00000001
       20345000	      2033	80001740	01a636b3	sltu	x13,x12,x26	 x12:0x00000000 x26:0x00000001 x13=0x00000001
       20355000	      2034	80001744	3b0da013	slti	x0,x27,944	 x27:0x26429000
       20365000	      2035	80001748	41f407b3	sub	x15,x8,x31	  x8:0xfffffffc x31:0x80000e44 x15=0x7ffff1b8
       20375000	      2036	8000174c	01800d33	add	x26,x0,x24	  x0:0x00000000 x24:0x80000000 x26=0x80000000
       20385000	      2037	80001750	41cddf93	srai	x31,x27,0x1c	 x27:0x26429000 x31=0x00000002
       20395000	      2038	80001754	0d29c213	xori	x4,x19,210	 x19:0x0b4c5000  x4=0x0b4c50d2
       20405000	      2039	80001758	3f81a293	slti	x5,x3,1016	  x3:0x800010fc  x5=0x00000001
       20415000	      2040	8000175c	0157d233	srl	x4,x15,x21	 x15:0x7ffff1b8 x21:0x00000000  x4=0x7ffff1b8
       20425000	      2041	80001760	01821c63	bne	x4,x24,80001778	  x4:0x7ffff1b8 x24:0x80000000
       20435000	      2042	00000000	00000013	addi	x0,x0,0	  x0:0x00000000
       20445000	      2043	80001774	00000013	addi	x0,x0,0	  x0:0x00000000
       20455000	      2044	80001778	017a2333	slt	x6,x20,x23	 x20:0x00000001 x23:0x000002dd  x6=0x00000001
       20465000	      2045	8000177c	001957b3	srl	x15,x18,x1	 x18:0x8000a086  x1:0xfffffd13 x15=0x00001000
       20475000	      2046	80001780	00000013	addi	x0,x0,0	  x0:0x00000000
       20485000	      2047	80001784	01c5be33	sltu	x28,x11,x28	 x11:0xff000000 x28:0xfffffff9 x28=0x00000001
       20495000	      2048	80001788	010efbb3	and	x23,x29,x16	 x29:0x80000d96 x16:0x800013ad x23=0x80000184
       20505000	      2049	8000178c	aaa02d13	slti	x26,x0,-1366	  x0:0x00000000 x26=0x00000000
       20515000	      2050	80001790	8c634713	xori	x14,x6,-1850	  x6:0x00000001 x14=0xfffff8c7
       20525000	      2051	80001794	006dec63	bltu	x27,x6,800017ac	 x27:0x26429000  x6:0x00000001
       20535000	      2052	80001798	01bc40b3	xor	x1,x24,x27	 x24:0x80000000 x27:0x26429000  x1=0xa6429000
       20545000	      2053	8000179c	003a9a13	slli	x20,x21,0x3	 x21:0x00000000 x20=0x00000000
       20555000	      2054	800017a0	02058663	beq	x11,x0,800017cc	 x11:0xff000000  x0:0x00000000
       20565000	      2055	800017a4	0176bab3	sltu	x21,x13,x23	 x13:0x00000001 x23:0x80000184 x21=0x00000001
       20575000	      2056	800017a8	b2aa5317	auipc	x6,0xb2aa5	  x6=0x32aa67a4
       20585000	      2057	800017ac	0034f2b3	and	x5,x9,x3	  x9:0x80000ca1  x3:0x800010fc  x5=0x800000a0
       20595000	      2058	800017b0	000c7fb3	and	x31,x24,x0	 x24:0x80000000  x0:0x00000000 x31=0x00000000
       20605000	      2059	800017b4	04478263	beq	x15,x4,800017f8	 x15:0x00001000  x4:0x7ffff1b8
       20615000	      2060	800017b8	b077af13	slti	x30,x15,-1273	 x15:0x00001000 x30=0x00000000
       20625000	      2061	800017bc	d4e68537	lui	x10,0xd4e68	 x10=0xd4e68000
       20635000	      2062	800017c0	00969bb3	sll	x23,x13,x9	 x13:0x00000001  x9:0x80000ca1 x23=0x00000002
       20645000	      2063	800017c4	c2ffc093	xori	x1,x31,-977	 x31:0x00000000  x1=0xfffffc2f
       20655000	      2064	800017c8	017b32b3	sltu	x5,x22,x23	 x22:0x00000001 x23:0x00000002  x5=0x00000001
       20665000	      2065	800017cc	00edf5b3	and	x11,x27,x14	 x27:0x26429000 x14:0xfffff8c7 x11=0x26429000
       20675000	      2066	800017d0	000be263	bltu	x23,x0,800017d4	 x23:0x00000002  x0:0x00000000
       20685000	      2067	800017d4	00c23833	sltu	x16,x4,x12	  x4:0x7ffff1b8 x12:0x00000000 x16=0x00000000
       20695000	      2068	800017d8	5ab1a593	slti	x11,x3,1451	  x3:0x800010fc x11=0x00000001
       20705000	      2069	800017dc	e9500f93	addi	x31,x0,-363	  x0:0x00000000 x31=0xfffffe95
       20715000	      2070	800017e0	00d2ec63	bltu	x5,x13,800017f8	  x5:0x00000001 x13:0x00000001
       20725000	      2071	800017e4	01f132b3	sltu	x5,x2,x31	  x2:0x00000001 x31:0xfffffe95  x5=0x00000001
       20735000	      2072	800017e8	000af633	and	x12,x21,x0	 x21:0x00000001  x0:0x00000000 x12=0x00000000
       20745000	      2073	800017ec	00000013	addi	x0,x0,0	  x0:0x00000000
       20755000	      2074	800017f0	009ece63	blt	x29,x9,8000180c	 x29:0x80000d96  x9:0x80000ca1
       20765000	      2075	800017f4	b2627d93	andi	x27,x4,-1242	  x4:0x7ffff1b8 x27=0x7ffff120
       20775000	      2076	800017f8	0184de63	bge	x9,x24,80001814	  x9:0x80000ca1 x24:0x80000000
       20785000	      2077	00000000	00000013	addi	x0,x0,0	  x0:0x00000000
       20795000	      2078	80001810	00000013	addi	x0,x0,0	  x0:0x00000000
       20805000	      2079	80001814	002cb933	sltu	x18,x25,x2	 x25:0x80009f84  x2:0x00000001 x18=0x00000000
       20815000	      2080	80001818	00fcd133	srl	x2,x25,x15	 x25:0x80009f84 x15:0x00001000  x2=0x80009f84
       20825000	      2081	8000181c	213b7993	andi	x19,x22,531	 x22:0x00000001 x19=0x00000001
       20835000	      2082	80001820	03172193	slti	x3,x14,49	 x14:0xfffff8c7  x3=0x00000001
       20845000	      2083	80001824	afccc713	xori	x14,x25,-1284	 x25:0x80009f84 x14=0x7fff6578
       20855000	      2084	80001828	a2386293	ori	x5,x16,-1501	 x16:0x00000000  x5=0xfffffa23
       20865000	      2085	8000182c	05e85263	bge	x16,x30,80001870	 x16:0x00000000 x30:0x00000000
       20875000	      2086	00000000	00000013	addi	x0,x0,0	  x0:0x00000000
       20885000	      2087	8000186c	00000013	addi	x0,x0,0	  x0:0x00000000
       20895000	      2088	80001870	011085b3	add	x11,x1,x17	  x1:0xfffffc2f x17:0x80009fc4 x11=0x80009bf3
       20905000	      2089	80001874	01f3e663	bltu	x7,x31,80001880	  x7:0xdc4b1000 x31:0xfffffe95
       20915000	      2090	00000000	00000013	addi	x0,x0,0	  x0:0x00000000
       20925000	      2091	8000187c	00000013	addi	x0,x0,0	  x0:0x00000000
       20935000	      2092	80001880	01ae6d33	or	x26,x28,x26	 x28:0x00000001 x26:0x00000000 x26=0x00000001
       20945000	      2093	80001884	00dc4e63	blt	x24,x13,800018a0	 x24:0x80000000 x13:0x00000001
       20955000	      2094	00000000	00000013	addi	x0,x0,0	  x0:0x00000000
       20965000	      2095	8000189c	00000013	addi	x0,x0,0	  x0:0x00000000
       20975000	      2096	800018a0	01430133	add	x2,x6,x20	  x6:0x32aa67a4 x20:0x00000000  x2=0x32aa67a4
       20985000	      2097	800018a4	0246e663	bltu	x13,x4,800018d0	 x13:0x00000001  x4:0x7ffff1b8
       20995000	      2098	00000000	00000013	addi	x0,x0,0	  x0:0x00000000
       21005000	      2099	800018cc	00000013	addi	x0,x0,0	  x0:0x00000000
       21015000	      2100	800018d0	6c567093	andi	x1,x12,1733	 x12:0x00000000  x1=0x00000000
       21025000	      2101	800018d4	41b7dd93	srai	x27,x15,0x1b	 x15:0x00001000 x27=0x00000000
       21035000	      2102	800018d8	02ba5663	bge	x20,x11,80001904	 x20:0x00000000 x11:0x80009bf3
       21045000	      2103	00000000	00000013	addi	x0,x0,0	  x0:0x00000000
       21055000	      2104	80001900	00000013	addi	x0,x0,0	  x0:0x00000000
       21065000	      2105	80001904	b1f6a593	slti	x11,x13,-1249	 x13:0x00000001 x11=0x00000000
       21075000	      2106	80001908	00dbf863	bgeu	x23,x13,80001918	 x23:0x00000002 x13:0x00000001
       21085000	      2107	00000000	00000013	addi	x0,x0,0	  x0:0x00000000
       21095000	      2108	80001914	00000013	addi	x0,x0,0	  x0:0x00000000
       21105000	      2109	80001918	71aba217	auipc	x4,0x71aba	  x4=0xf1abb914
       21115000	      2110	8000191c	00d20c63	beq	x4,x13,80001934	  x4:0xf1abb914 x13:0x00000001
       21125000	      2111	80001920	00d10c63	beq	x2,x13,80001938	  x2:0x32aa67a4 x13:0x00000001
       21135000	      2112	80001924	04169263	bne	x13,x1,80001968	 x13:0x00000001  x1:0x00000000
       21145000	      2113	00000000	00000013	addi	x0,x0,0	  x0:0x00000000
       21155000	      2114	80001964	00000013	addi	x0,x0,0	  x0:0x00000000
       21165000	      2115	80001968	024ad463	bge	x21,x4,80001990	 x21:0x00000001  x4:0xf1abb914
       21175000	      2116	00000000	00000013	addi	x0,x0,0	  x0:0x00000000
       21185000	      2117	8000198c	00000013	addi	x0,x0,0	  x0:0x00000000
       21195000	      2118	80001990	405bdbb3	sra	x23,x23,x5	 x23:0x00000002  x5:0xfffffa23 x23=0x00000000
       21205000	      2119	80001994	014230b3	sltu	x1,x4,x20	  x4:0xf1abb914 x20:0x00000000  x1=0x00000000
       21215000	      2120	80001998	00c59663	bne	x11,x12,800019a4	 x11:0x00000000 x12:0x00000000
       21225000	      2121	8000199c	53c33413	sltiu	x8,x6,1340	  x6:0x32aa67a4  x8=0x00000000
       21235000	      2122	800019a0	00339a33	sll	x20,x7,x3	  x7:0xdc4b1000  x3:0x00000001 x20=0xb8962000
       21245000	      2123	800019a4	015235b3	sltu	x11,x4,x21	  x4:0xf1abb914 x21:0x00000001 x11=0x00000000
       21255000	      2124	800019a8	562b8513	addi	x10,x23,1378	 x23:0x00000000 x10=0x00000562
       21265000	      2125	800019ac	32132a93	slti	x21,x6,801	  x6:0x32aa67a4 x21=0x00000000
       21275000	      2126	800019b0	5711b017	auipc	x0,0x5711b	
       21285000	      2127	800019b4	016b99b3	sll	x19,x23,x22	 x23:0x00000000 x22:0x00000001 x19=0x00000000
       21295000	      2128	800019b8	005a63b3	or	x7,x20,x5	 x20:0xb8962000  x5:0xfffffa23  x7=0xfffffa23
       21305000	      2129	800019bc	24127d17	auipc	x26,0x24127	 x26=0xa41289b8
       21315000	      2130	800019c0	8845ab17	auipc	x22,0x8845a	 x22=0x0845b9bc
       21325000	      2131	800019c4	ebf50113	addi	x2,x10,-321	 x10:0x00000562  x2=0x00000421
       21335000	      2132	800019c8	695b82b7	lui	x5,0x695b8	  x5=0x695b8000
       21345000	      2133	800019cc	02a20663	beq	x4,x10,800019f8	  x4:0xf1abb914 x10:0x00000562
       21355000	      2134	800019d0	03f28863	beq	x5,x31,80001a00	  x5:0x695b8000 x31:0xfffffe95
       21365000	      2135	800019d4	d30d3b13	sltiu	x22,x26,-720	 x26:0xa41289b8 x22=0x00000001
       21375000	      2136	800019d8	02c10e63	beq	x2,x12,80001a14	  x2:0x00000421 x12:0x00000000
       21385000	      2137	800019dc	98e3bd13	sltiu	x26,x7,-1650	  x7:0xfffffa23 x26=0x00000000
       21395000	      2138	800019e0	08827793	andi	x15,x4,136	  x4:0xf1abb914 x15=0x00000000
       21405000	      2139	800019e4	40b05e93	srai	x29,x0,0xb	  x0:0x00000000 x29=0x00000000
       21415000	      2140	800019e8	d34bbf93	sltiu	x31,x23,-716	 x23:0x00000000 x31=0x00000001
       21425000	      2141	800019ec	e753ce93	xori	x29,x7,-395	  x7:0xfffffa23 x29=0x00000456
       21435000	      2142	800019f0	01bf9f13	slli	x30,x31,0x1b	 x31:0x00000001 x30=0x08000000
       21445000	      2143	800019f4	febee413	ori	x8,x29,-21	 x29:0x00000456  x8=0xffffffff
       21455000	      2144	800019f8	c90d2a13	slti	x20,x26,-880	 x26:0x00000000 x20=0x00000000
       21465000	      2145	800019fc	009f9113	slli	x2,x31,0x9	 x31:0x00000001  x2=0x00000200
       21475000	      2146	80001a00	02246663	bltu	x8,x2,80001a2c	  x8:0xffffffff  x2:0x00000200
       21485000	      2147	80001a04	44116d93	ori	x27,x2,1089	  x2:0x00000200 x27=0x00000641
       21495000	      2148	80001a08	1b310013	addi	x0,x2,435	  x2:0x00000200
       21505000	      2149	80001a0c	014d9f33	sll	x30,x27,x20	 x27:0x00000641 x20:0x00000000 x30=0x00000641
       21515000	      2150	80001a10	401752b3	sra	x5,x14,x1	 x14:0x7fff6578  x1:0x00000000  x5=0x7fff6578
       21525000	      2151	80001a14	e829c713	xori	x14,x19,-382	 x19:0x00000000 x14=0xfffffe82
       21535000	      2152	80001a18	009d6ab3	or	x21,x26,x9	 x26:0x00000000  x9:0x80000ca1 x21=0x80000ca1
       21545000	      2153	80001a1c	f2b94993	xori	x19,x18,-213	 x18:0x00000000 x19=0xffffff2b
       21555000	      2154	80001a20	402bdf13	srai	x30,x23,0x2	 x23:0x00000000 x30=0x00000000
       21565000	      2155	80001a24	24b26793	ori	x15,x4,587	  x4:0xf1abb914 x15=0xf1abbb5f
       21575000	      2156	80001a28	01554fb3	xor	x31,x10,x21	 x10:0x00000562 x21:0x80000ca1 x31=0x800009c3
       21585000	      2157	80001a2c	2670b437	lui	x8,0x2670b	  x8=0x2670b000
       21595000	      2158	80001a30	413e56b3	sra	x13,x28,x19	 x28:0x00000001 x19:0xffffff2b x13=0x00000000
       21605000	      2159	80001a34	728fc013	xori	x0,x31,1832	 x31:0x800009c3
       21615000	      2160	80001a38	2c667693	andi	x13,x12,710	 x12:0x00000000 x13=0x00000000
       21625000	      2161	80001a3c	0505f263	bgeu	x11,x16,80001a80	 x11:0x00000000 x16:0x00000000
       21635000	      2162	00000000	00000013	addi	x0,x0,0	  x0:0x00000000
       21645000	      2163	80001a7c	00000013	addi	x0,x0,0	  x0:0x00000000
       21655000	      2164	80001a80	0350f663	bgeu	x1,x21,80001aac	  x1:0x00000000 x21:0x80000ca1
       21665000	      2165	80001a84	c9888993	addi	x19,x17,-872	 x17:0x80009fc4 x19=0x80009c5c
       21675000	      2166	80001a88	01057f33	and	x30,x10,x16	 x10:0x00000562 x16:0x00000000 x30=0x00000000
       21685000	      2167	80001a8c	87e7bf93	sltiu	x31,x15,-1922	 x15:0xf1abbb5f x31=0x00000001
       21695000	      2168	80001a90	00239663	bne	x7,x2,80001a9c	  x7:0xfffffa23  x2:0x00000200
       21705000	      2169	00000000	00000013	addi	x0,x0,0	  x0:0x00000000
       21715000	      2170	80001a98	00000013	addi	x0,x0,0	  x0:0x00000000
       21725000	      2171	80001a9c	61bceb93	ori	x23,x25,1563	 x25:0x80009f84 x23=0x80009f9f
       21735000	      2172	80001aa0	b4b92093	slti	x1,x18,-1205	 x18:0x00000000  x1=0x00000000
       21745000	      2173	80001aa4	c944a793	slti	x15,x9,-876	  x9:0x80000ca1 x15=0x00000001
       21755000	      2174	80001aa8	00bf3033	sltu	x0,x30,x11	 x30:0x00000000 x11:0x00000000
       21765000	      2175	80001aac	7aaa3993	sltiu	x19,x20,1962	 x20:0x00000000 x19=0x00000001
       21775000	      2176	80001ab0	82a37713	andi	x14,x6,-2006	  x6:0x32aa67a4 x14=0x32aa6020
       21785000	      2177	80001ab4	01dd5793	srli	x15,x26,0x1d	 x26:0x00000000 x15=0x00000000
       21795000	      2178	80001ab8	00379613	slli	x12,x15,0x3	 x15:0x00000000 x12=0x00000000
       21805000	      2179	80001abc	05a6c663	blt	x13,x26,80001b08	 x13:0x00000000 x26:0x00000000
       21815000	      2180	80001ac0	0322be13	sltiu	x28,x5,50	  x5:0x7fff6578 x28=0x00000000
       21825000	      2181	80001ac4	01220c63	beq	x4,x18,80001adc	  x4:0xf1abb914 x18:0x00000000
       21835000	      2182	80001ac8	05aac263	blt	x21,x26,80001b0c	 x21:0x80000ca1 x26:0x00000000
       21845000	      2183	00000000	00000013	addi	x0,x0,0	  x0:0x00000000
       21855000	      2184	80001b08	00000013	addi	x0,x0,0	  x0:0x00000000
       21865000	      2185	80001b0c	c436e913	ori	x18,x13,-957	 x13:0x00000000 x18=0xfffffc43
       21875000	      2186	80001b10	4c357593	andi	x11,x10,1219	 x10:0x00000562 x11=0x00000442
       21885000	      2187	80001b14	034a6663	bltu	x20,x20,80001b40	 x20:0x00000000 x20:0x00000000
       21895000	      2188	80001b18	9cd1d497	auipc	x9,0x9cd1d	  x9=0x1cd1eb14
       21905000	      2189	80001b1c	47ebc813	xori	x16,x23,1150	 x23:0x80009f9f x16=0x80009be1
       21915000	      2190	80001b20	00055ab3	srl	x21,x10,x0	 x10:0x00000562  x0:0x00000000 x21=0x00000562
       21925000	      2191	80001b24	5e762213	slti	x4,x12,1511	 x12:0x00000000  x4=0x00000001
       21935000	      2192	80001b28	018449b3	xor	x19,x8,x24	  x8:0x2670b000 x24:0x80000000 x19=0xa670b000
       21945000	      2193	80001b2c	41da0b33	sub	x22,x20,x29	 x20:0x00000000 x29:0x00000456 x22=0xfffffbaa
       21955000	      2194	80001b30	0192dfb3	srl	x31,x5,x25	  x5:0x7fff6578 x25:0x80009f84 x31=0x07fff657
       21965000	      2195	80001b34	00e8b0b3	sltu	x1,x17,x14	 x17:0x80009fc4 x14:0x32aa6020  x1=0x00000000
       21975000	      2196	80001b38	017fb533	sltu	x10,x31,x23	 x31:0x07fff657 x23:0x80009f9f x10=0x00000001
       21985000	      2197	80001b3c	026b8a63	beq	x23,x6,80001b70	 x23:0x80009f9f  x6:0x32aa67a4
       21995000	      2198	80001b40	0131e0b3	or	x1,x3,x19	  x3:0x00000001 x19:0xa670b000  x1=0xa670b001
       22005000	      2199	80001b44	41db5713	srai	x14,x22,0x1d	 x22:0xfffffbaa x14=0xffffffff
       22015000	      2200	80001b48	016959b3	srl	x19,x18,x22	 x18:0xfffffc43 x22:0xfffffbaa x19=0x003fffff
       22025000	      2201	80001b4c	00868fb3	add	x31,x13,x8	 x13:0x00000000  x8:0x2670b000 x31=0x2670b000
       22035000	      2202	80001b50	4111de13	srai	x28,x3,0x11	  x3:0x00000001 x28=0x00000000
       22045000	      2203	80001b54	00dc1f13	slli	x30,x24,0xd	 x24:0x80000000 x30=0x00000000
       22055000	      2204	80001b58	01531393	slli	x7,x6,0x15	  x6:0x32aa67a4  x7=0xf4800000
       22065000	      2205	80001b5c	0098cfb3	xor	x31,x17,x9	 x17:0x80009fc4  x9:0x1cd1eb14 x31=0x9cd174d0
       22075000	      2206	80001b60	defee593	ori	x11,x29,-529	 x29:0x00000456 x11=0xfffffdff
       22085000	      2207	80001b64	017bc263	blt	x23,x23,80001b68	 x23:0x80009f9f x23:0x80009f9f
       22095000	      2208	80001b68	f02ff013	andi	x0,x31,-254	 x31:0x9cd174d0
       22105000	      2209	80001b6c	01a1ce63	blt	x3,x26,80001b88	  x3:0x00000001 x26:0x00000000
       22115000	      2210	80001b70	000935b3	sltu	x11,x18,x0	 x18:0xfffffc43  x0:0x00000000 x11=0x00000000
       22125000	      2211	80001b74	afa90997	auipc	x19,0xafa90	 x19=0x2fa91b70
       22135000	      2212	80001b78	004fc833	xor	x16,x31,x4	 x31:0x9cd174d0  x4:0x00000001 x16=0x9cd174d1
       22145000	      2213	80001b7c	00f95663	bge	x18,x15,80001b88	 x18:0xfffffc43 x15:0x00000000
       22155000	      2214	80001b80	9938eb93	ori	x23,x17,-1645	 x17:0x80009fc4 x23=0xffffffd7
       22165000	      2215	80001b84	00c21613	slli	x12,x4,0xc	  x4:0x00000001 x12=0x00001000
       22175000	      2216	80001b88	81be3b13	sltiu	x22,x28,-2021	 x28:0x00000000 x22=0x00000001
       22185000	      2217	80001b8c	419dd813	srai	x16,x27,0x19	 x27:0x00000641 x16=0x00000000
       22195000	      2218	80001b90	00379833	sll	x16,x15,x3	 x15:0x00000000  x3:0x00000001 x16=0x00000000
       22205000	      2219	80001b94	02a98c63	beq	x19,x10,80001bcc	 x19:0x2fa91b70 x10:0x00000001
       22215000	      2220	80001b98	40775d33	sra	x26,x14,x7	 x14:0xffffffff  x7:0xf4800000 x26=0xffffffff
       22225000	      2221	80001b9c	00697033	and	x0,x18,x6	 x18:0xfffffc43  x6:0x32aa67a4
       22235000	      2222	80001ba0	00000013	addi	x0,x0,0	  x0:0x00000000
       22245000	      2223	80001ba4	17782a13	slti	x20,x16,375	 x16:0x00000000 x20=0x00000001
       22255000	      2224	80001ba8	70e18e13	addi	x28,x3,1806	  x3:0x00000001 x28=0x0000070f
       22265000	      2225	80001bac	01987033	and	x0,x16,x25	 x16:0x00000000 x25:0x80009f84
       22275000	      2226	80001bb0	6c60f697	auipc	x13,0x6c60f	 x13=0xec610bac
       22285000	      2227	80001bb4	0412b013	sltiu	x0,x5,65	  x5:0x7fff6578
       22295000	      2228	80001bb8	051a8693	addi	x13,x21,81	 x21:0x00000562 x13=0x000005b3
       22305000	      2229	80001bbc	40025793	srai	x15,x4,0x0	  x4:0x00000001 x15=0x00000001
       22315000	      2230	80001bc0	dc602d13	slti	x26,x0,-570	  x0:0x00000000 x26=0x00000000
       22325000	      2231	80001bc4	0043d9b3	srl	x19,x7,x4	  x7:0xf4800000  x4:0x00000001 x19=0x7a400000
       22335000	      2232	80001bc8	008cf933	and	x18,x25,x8	 x25:0x80009f84  x8:0x2670b000 x18=0x00009000
       22345000	      2233	80001bcc	01c84e63	blt	x16,x28,80001be8	 x16:0x00000000 x28:0x0000070f
       22355000	      2234	00000000	00000013	addi	x0,x0,0	  x0:0x00000000
       22365000	      2235	80001be4	00000013	addi	x0,x0,0	  x0:0x00000000
       22375000	      2236	80001be8	40480233	sub	x4,x16,x4	 x16:0x00000000  x4:0x00000001  x4=0xffffffff
       22385000	      2237	80001bec	8d8462b7	lui	x5,0x8d846	  x5=0x8d846000
       22395000	      2238	80001bf0	00a2e633	or	x12,x5,x10	  x5:0x8d846000 x10:0x00000001 x12=0x8d846001
       22405000	      2239	80001bf4	00759863	bne	x11,x7,80001c04	 x11:0x00000000  x7:0xf4800000
       22415000	      2240	00000000	00000013	addi	x0,x0,0	  x0:0x00000000
       22425000	      2241	80001c00	00000013	addi	x0,x0,0	  x0:0x00000000
       22435000	      2242	80001c04	00f79c63	bne	x15,x15,80001c1c	 x15:0x00000001 x15:0x00000001
       22445000	      2243	80001c08	25b9bb13	sltiu	x22,x19,603	 x19:0x7a400000 x22=0x00000000
       22455000	      2244	80001c0c	04d5e263	bltu	x11,x13,80001c50	 x11:0x00000000 x13:0x000005b3
       22465000	      2245	00000000	00000013	addi	x0,x0,0	  x0:0x00000000
       22475000	      2246	80001c4c	00000013	addi	x0,x0,0	  x0:0x00000000
       22485000	      2247	80001c50	45e1c613	xori	x12,x3,1118	  x3:0x00000001 x12=0x0000045f
       22495000	      2248	80001c54	089dd063	bge	x27,x9,80001cd4	 x27:0x00000641  x9:0x1cd1eb14
       22505000	      2249	80001c58	19e02d13	slti	x26,x0,414	  x0:0x00000000 x26=0x00000001
       22515000	      2250	80001c5c	4122dd13	srai	x26,x5,0x12	  x5:0x8d846000 x26=0xffffe361
       22525000	      2251	80001c60	0680036f	jal	x6,80001c60	  x6=0x80001c60
       22535000	      2252	00000000	00000013	addi	x0,x0,0	  x0:0x00000000
       22545000	      2253	80001cc4	00000013	addi	x0,x0,0	  x0:0x00000000
       22555000	      2254	80001cc8	ffdff0ef	jal	x1,80001cc8	  x1=0x80001cc8
       22565000	      2255	00000000	00000013	addi	x0,x0,0	  x0:0x00000000
       22575000	      2256	80001cc0	00000013	addi	x0,x0,0	  x0:0x00000000
       22585000	      2257	80001cc4	fb5ff0ef	jal	x1,80001cc4	  x1=0x80001cc4
       22595000	      2258	00000000	00000013	addi	x0,x0,0	  x0:0x00000000
       22605000	      2259	80001c74	00000013	addi	x0,x0,0	  x0:0x00000000
       22615000	      2260	80001c78	004000ef	jal	x1,80001c78	  x1=0x80001c78
       22625000	      2261	00000000	00000013	addi	x0,x0,0	  x0:0x00000000
       22635000	      2262	80001c78	00000013	addi	x0,x0,0	  x0:0x00000000
       22645000	      2263	80001c7c	ff5ff36f	jal	x6,80001c7c	  x6=0x80001c7c
       22655000	      2264	00000000	00000013	addi	x0,x0,0	  x0:0x00000000
       22665000	      2265	80001c6c	00000013	addi	x0,x0,0	  x0:0x00000000
       22675000	      2266	80001c70	03c000ef	jal	x1,80001c70	  x1=0x80001c70
       22685000	      2267	00000000	00000013	addi	x0,x0,0	  x0:0x00000000
       22695000	      2268	80001ca8	00000013	addi	x0,x0,0	  x0:0x00000000
       22705000	      2269	80001cac	ffdff0ef	jal	x1,80001cac	  x1=0x80001cac
       22715000	      2270	00000000	00000013	addi	x0,x0,0	  x0:0x00000000
       22725000	      2271	80001ca4	00000013	addi	x0,x0,0	  x0:0x00000000
       22735000	      2272	80001ca8	fddff1ef	jal	x3,80001ca8	  x3=0x80001ca8
       22745000	      2273	00000000	00000013	addi	x0,x0,0	  x0:0x00000000
       22755000	      2274	80001c80	00000013	addi	x0,x0,0	  x0:0x00000000
       22765000	      2275	80001c84	020000ef	jal	x1,80001c84	  x1=0x80001c84
       22775000	      2276	00000000	00000013	addi	x0,x0,0	  x0:0x00000000
       22785000	      2277	80001ca0	00000013	addi	x0,x0,0	  x0:0x00000000
       22795000	      2278	80001ca4	ff1ff9ef	jal	x19,80001ca4	 x19=0x80001ca4
       22805000	      2279	00000000	00000013	addi	x0,x0,0	  x0:0x00000000
       22815000	      2280	80001c90	00000013	addi	x0,x0,0	  x0:0x00000000
       22825000	      2281	80001c94	fd1ff36f	jal	x6,80001c94	  x6=0x80001c94
       22835000	      2282	00000000	00000013	addi	x0,x0,0	  x0:0x00000000
       22845000	      2283	80001c60	00000013	addi	x0,x0,0	  x0:0x00000000
       22855000	      2284	80001c64	01c000ef	jal	x1,80001c64	  x1=0x80001c64
       22865000	      2285	00000000	00000013	addi	x0,x0,0	  x0:0x00000000
       22875000	      2286	80001c7c	00000013	addi	x0,x0,0	  x0:0x00000000
       22885000	      2287	80001c80	03c00fef	jal	x31,80001c80	 x31=0x80001c80
       22895000	      2288	00000000	00000013	addi	x0,x0,0	  x0:0x00000000
       22905000	      2289	80001cb8	00000013	addi	x0,x0,0	  x0:0x00000000
       22915000	      2290	80001cbc	fe5ff1ef	jal	x3,80001cbc	  x3=0x80001cbc
       22925000	      2291	00000000	00000013	addi	x0,x0,0	  x0:0x00000000
       22935000	      2292	80001c9c	00000013	addi	x0,x0,0	  x0:0x00000000
       22945000	      2293	80001ca0	010000ef	jal	x1,80001ca0	  x1=0x80001ca0
       22955000	      2294	00000000	00000013	addi	x0,x0,0	  x0:0x00000000
       22965000	      2295	80001cac	00000013	addi	x0,x0,0	  x0:0x00000000
       22975000	      2296	80001cb0	fedff36f	jal	x6,80001cb0	  x6=0x80001cb0
       22985000	      2297	00000000	00000013	addi	x0,x0,0	  x0:0x00000000
       22995000	      2298	80001c98	00000013	addi	x0,x0,0	  x0:0x00000000
       23005000	      2299	80001c9c	0240036f	jal	x6,80001c9c	  x6=0x80001c9c
       23015000	      2300	00000000	00000013	addi	x0,x0,0	  x0:0x00000000
       23025000	      2301	80001cbc	00000013	addi	x0,x0,0	  x0:0x00000000
       23035000	      2302	80001cc0	ff9ff36f	jal	x6,80001cc0	  x6=0x80001cc0
       23045000	      2303	00000000	00000013	addi	x0,x0,0	  x0:0x00000000
       23055000	      2304	80001cb4	00000013	addi	x0,x0,0	  x0:0x00000000
       23065000	      2305	80001cb8	fb1ff0ef	jal	x1,80001cb8	  x1=0x80001cb8
       23075000	      2306	00000000	00000013	addi	x0,x0,0	  x0:0x00000000
       23085000	      2307	80001c64	00000013	addi	x0,x0,0	  x0:0x00000000
       23095000	      2308	80001c68	00c000ef	jal	x1,80001c68	  x1=0x80001c68
       23105000	      2309	00000000	00000013	addi	x0,x0,0	  x0:0x00000000
       23115000	      2310	80001c70	00000013	addi	x0,x0,0	  x0:0x00000000
       23125000	      2311	80001c74	01c000ef	jal	x1,80001c74	  x1=0x80001c74
       23135000	      2312	00000000	00000013	addi	x0,x0,0	  x0:0x00000000
       23145000	      2313	80001c8c	00000013	addi	x0,x0,0	  x0:0x00000000
       23155000	      2314	80001c90	fddff36f	jal	x6,80001c90	  x6=0x80001c90
       23165000	      2315	00000000	00000013	addi	x0,x0,0	  x0:0x00000000
       23175000	      2316	80001c68	00000013	addi	x0,x0,0	  x0:0x00000000
       23185000	      2317	80001c6c	02c0026f	jal	x4,80001c6c	  x4=0x80001c6c
       23195000	      2318	00000000	00000013	addi	x0,x0,0	  x0:0x00000000
       23205000	      2319	80001c94	00000013	addi	x0,x0,0	  x0:0x00000000
       23215000	      2320	80001c98	01c004ef	jal	x9,80001c98	  x9=0x80001c98
       23225000	      2321	00000000	00000013	addi	x0,x0,0	  x0:0x00000000
       23235000	      2322	80001cb0	00000013	addi	x0,x0,0	  x0:0x00000000
       23245000	      2323	80001cb4	fd9ff0ef	jal	x1,80001cb4	  x1=0x80001cb4
       23255000	      2324	00000000	00000013	addi	x0,x0,0	  x0:0x00000000
       23265000	      2325	80001c88	00000013	addi	x0,x0,0	  x0:0x00000000
       23275000	      2326	80001c8c	ffdff2ef	jal	x5,80001c8c	  x5=0x80001c8c
       23285000	      2327	00000000	00000013	addi	x0,x0,0	  x0:0x00000000
       23295000	      2328	80001c84	00000013	addi	x0,x0,0	  x0:0x00000000
       23305000	      2329	80001c88	044000ef	jal	x1,80001c88	  x1=0x80001c88
       23315000	      2330	00000000	00000013	addi	x0,x0,0	  x0:0x00000000
       23325000	      2331	80001cc8	00000013	addi	x0,x0,0	  x0:0x00000000
       23335000	      2332	80001ccc	01ffd9b3	srl	x19,x31,x31	 x31:0x80001c80 x31:0x80001c80 x19=0x80001c80
       23345000	      2333	80001cd0	00504fb3	xor	x31,x0,x5	  x0:0x00000000  x5:0x80001c8c x31=0x80001c8c
       23355000	      2334	80001cd4	00cbde33	srl	x28,x23,x12	 x23:0xffffffd7 x12:0x0000045f x28=0x00000001
       23365000	      2335	80001cd8	04879663	bne	x15,x8,80001d24	 x15:0x00000001  x8:0x2670b000
       23375000	      2336	00000000	00000013	addi	x0,x0,0	  x0:0x00000000
       23385000	      2337	80001d20	00000013	addi	x0,x0,0	  x0:0x00000000
       23395000	      2338	80001d24	00b79313	slli	x6,x15,0xb	 x15:0x00000001  x6=0x00000800
       23405000	      2339	80001d28	19f7b713	sltiu	x14,x15,415	 x15:0x00000001 x14=0x00000001
       23415000	      2340	80001d2c	00d3bd33	sltu	x26,x7,x13	  x7:0xf4800000 x13:0x000005b3 x26=0x00000000
       23425000	      2341	80001d30	00aadb93	srli	x23,x21,0xa	 x21:0x00000562 x23=0x00000001
       23435000	      2342	80001d34	057a6263	bltu	x20,x23,80001d78	 x20:0x00000001 x23:0x00000001
       23445000	      2343	80001d38	002a1b33	sll	x22,x20,x2	 x20:0x00000001  x2:0x00000200 x22=0x00000001
       23455000	      2344	80001d3c	40418eb3	sub	x29,x3,x4	  x3:0x80001cbc  x4:0x80001c6c x29=0x00000050
       23465000	      2345	80001d40	f2c57293	andi	x5,x10,-212	 x10:0x00000001  x5=0x00000000
       23475000	      2346	80001d44	00000013	addi	x0,x0,0	  x0:0x00000000
       23485000	      2347	80001d48	2cd83393	sltiu	x7,x16,717	 x16:0x00000000  x7=0x00000001
       23495000	      2348	80001d4c	02f35c63	bge	x6,x15,80001d84	  x6:0x00000800 x15:0x00000001
       23505000	      2349	00000000	00000013	addi	x0,x0,0	  x0:0x00000000
       23515000	      2350	80001d80	00000013	addi	x0,x0,0	  x0:0x00000000
       23525000	      2351	80001d84	02db1a63	bne	x22,x13,80001db8	 x22:0x00000001 x13:0x000005b3
       23535000	      2352	00000000	00000013	addi	x0,x0,0	  x0:0x00000000
       23545000	      2353	80001db4	00000013	addi	x0,x0,0	  x0:0x00000000
       23555000	      2354	80001db8	40085bb3	sra	x23,x16,x0	 x16:0x00000000  x0:0x00000000 x23=0x00000000
       23565000	      2355	80001dbc	036ac663	blt	x21,x22,80001de8	 x21:0x00000562 x22:0x00000001
       23575000	      2356	80001dc0	4839aa93	slti	x21,x19,1155	 x19:0x80001c80 x21=0x00000001
       23585000	      2357	80001dc4	00cd9b13	slli	x22,x27,0xc	 x27:0x00000641 x22=0x00641000
       23595000	      2358	80001dc8	01181393	slli	x7,x16,0x11	 x16:0x00000000  x7=0x00000000
       23605000	      2359	80001dcc	002b51b3	srl	x3,x22,x2	 x22:0x00641000  x2:0x00000200  x3=0x00641000
       23615000	      2360	80001dd0	02e5e463	bltu	x11,x14,80001df8	 x11:0x00000000 x14:0x00000001
       23625000	      2361	00000000	00000013	addi	x0,x0,0	  x0:0x00000000
       23635000	      2362	80001df4	00000013	addi	x0,x0,0	  x0:0x00000000
       23645000	      2363	80001df8	03ee9a63	bne	x29,x30,80001e2c	 x29:0x00000050 x30:0x00000000
       23655000	      2364	00000000	00000013	addi	x0,x0,0	  x0:0x00000000
       23665000	      2365	80001e28	00000013	addi	x0,x0,0	  x0:0x00000000
       23675000	      2366	80001e2c	a26e2e13	slti	x28,x28,-1498	 x28:0x00000001 x28=0x00000000
       23685000	      2367	80001e30	c00300b7	lui	x1,0xc0030	  x1=0xc0030000
       23695000	      2368	80001e34	41ce5e93	srai	x29,x28,0x1c	 x28:0x00000000 x29=0x00000000
       23705000	      2369	80001e38	02d5e463	bltu	x11,x13,80001e60	 x11:0x00000000 x13:0x000005b3
       23715000	      2370	00000000	00000013	addi	x0,x0,0	  x0:0x00000000
       23725000	      2371	80001e5c	00000013	addi	x0,x0,0	  x0:0x00000000
       23735000	      2372	80001e60	40fcd493	srai	x9,x25,0xf	 x25:0x80009f84  x9=0xffff0001
       23745000	      2373	80001e64	01aae033	or	x0,x21,x26	 x21:0x00000001 x26:0x00000000
       23755000	      2374	80001e68	00000013	addi	x0,x0,0	  x0:0x00000000
       23765000	      2375	80001e6c	40eb8033	sub	x0,x23,x14	 x23:0x00000000 x14:0x00000001
       23775000	      2376	80001e70	4185d033	sra	x0,x11,x24	 x11:0x00000000 x24:0x80000000
       23785000	      2377	80001e74	9e1bee13	ori	x28,x23,-1567	 x23:0x00000000 x28=0xfffff9e1
       23795000	      2378	80001e78	01100f33	add	x30,x0,x17	  x0:0x00000000 x17:0x80009fc4 x30=0x80009fc4
       23805000	      2379	80001e7c	41908433	sub	x8,x1,x25	  x1:0xc0030000 x25:0x80009f84  x8=0x4002607c
       23815000	      2380	80001e80	01719993	slli	x19,x3,0x17	  x3:0x00641000 x19=0x00000000
       23825000	      2381	80001e84	01bb10b3	sll	x1,x22,x27	 x22:0x00641000 x27:0x00000641  x1=0x00c82000
       23835000	      2382	80001e88	a3306e13	ori	x28,x0,-1485	  x0:0x00000000 x28=0xfffffa33
       23845000	      2383	80001e8c	01c59b33	sll	x22,x11,x28	 x11:0x00000000 x28:0xfffffa33 x22=0x00000000
       23855000	      2384	80001e90	00419a33	sll	x20,x3,x4	  x3:0x00641000  x4:0x80001c6c x20=0x41000000
       23865000	      2385	80001e94	07950663	beq	x10,x25,80001f00	 x10:0x00000001 x25:0x80009f84
       23875000	      2386	80001e98	00b51133	sll	x2,x10,x11	 x10:0x00000001 x11:0x00000000  x2=0x00000001
       23885000	      2387	80001e9c	01902db3	slt	x27,x0,x25	  x0:0x00000000 x25:0x80009f84 x27=0x00000000
       23895000	      2388	80001ea0	05651863	bne	x10,x22,80001ef0	 x10:0x00000001 x22:0x00000000
       23905000	      2389	00000000	00000013	addi	x0,x0,0	  x0:0x00000000
       23915000	      2390	80001eec	00000013	addi	x0,x0,0	  x0:0x00000000
       23925000	      2391	80001ef0	06901a63	bne	x0,x9,80001f64	  x0:0x00000000  x9:0xffff0001
       23935000	      2392	00000000	00000013	addi	x0,x0,0	  x0:0x00000000
       23945000	      2393	80001f60	00000013	addi	x0,x0,0	  x0:0x00000000
       23955000	      2394	80001f64	00b58863	beq	x11,x11,80001f74	 x11:0x00000000 x11:0x00000000
       23965000	      2395	00000000	00000013	addi	x0,x0,0	  x0:0x00000000
       23975000	      2396	80001f70	00000013	addi	x0,x0,0	  x0:0x00000000
       23985000	      2397	80001f74	00000013	addi	x0,x0,0	  x0:0x00000000
       23995000	      2398	80001f78	00000c17	auipc	x24,0x0	 x24=0x80001f74
       24005000	      2399	80001f7c	00cc0c13	addi	x24,x24,12	 x24:0x80001f74 x24=0x80001f80
       24015000	      2400	80001f80	000c0067	jalr	x0,x24,0	 x24:0x80001f80
       24025000	      2401	00000000	00000013	addi	x0,x0,0	  x0:0x00000000
       24035000	      2402	80001f80	00000013	addi	x0,x0,0	  x0:0x00000000
       24045000	      2403	80001f84	00100193	addi	x3,x0,1	  x0:0x00000000  x3=0x00000001
       24055000	      2404	80001f88	00000073	ecall	
       24065000	      2405	80001f8c	fe4c8c93	addi	x25,x25,-28	 x25:0x80009f84 x25=0x80009f68
