		Time			Cycle	PC		Insn	Decoded instruction	Register and memory contents
          65000	         5	80000004	00000293	addi	x5,x0,0	  x0:0x00000000  x5=0x00000000
          75000	         6	80000008	00000313	addi	x6,x0,0	  x0:0x00000000  x6=0x00000000
          85000	         7	8000000c	00628263	beq	x5,x6,80000010	  x5:0x00000000  x6:0x00000000
          95000	         8	00000000	00000013	addi	x0,x0,0	  x0:0x00000000
         105000	         9	8000000c	00000013	addi	x0,x0,0	  x0:0x00000000
         115000	        10	80000010	00000e97	auipc	x29,0x0	 x29=0x8000000c
         125000	        11	80000014	00ce8e93	addi	x29,x29,12	 x29:0x8000000c x29=0x80000018
         135000	        12	80000018	000e8067	jalr	x0,x29,0	 x29:0x80000018
         145000	        13	00000000	00000013	addi	x0,x0,0	  x0:0x00000000
         155000	        14	80000018	00000013	addi	x0,x0,0	  x0:0x00000000
         165000	        15	8000001c	40000fb7	lui	x31,0x40000	 x31=0x40000000
         175000	        16	80000020	100f8f93	addi	x31,x31,256	 x31:0x40000000 x31=0x40000100
         185000	        17	80000024	00000013	addi	x0,x0,0	  x0:0x00000000
         195000	        18	80000028	0000af17	auipc	x30,0xa	 x30=0x8000a024
         205000	        19	8000002c	fa0f0f13	addi	x30,x30,-96	 x30:0x8000a024 x30=0x80009fc4
         215000	        20	80000030	00004f97	auipc	x31,0x4	 x31=0x8000402c
         225000	        21	80000034	6b4f8f93	addi	x31,x31,1716	 x31:0x8000402c x31=0x800046e0
         235000	        22	80000038	000fef93	ori	x31,x31,0	 x31:0x800046e0 x31=0x800046e0
         245000	        23	8000003c	00000013	addi	x0,x0,0	  x0:0x00000000
         255000	        24	80000040	00000f97	auipc	x31,0x0	 x31=0x8000003c
         265000	        25	80000044	020f8f93	addi	x31,x31,32	 x31:0x8000003c x31=0x8000005c
         275000	        26	80000048	00000013	addi	x0,x0,0	  x0:0x00000000
         285000	        27	8000004c	00000013	addi	x0,x0,0	  x0:0x00000000
         295000	        28	80000050	00002fb7	lui	x31,0x2	 x31=0x00002000
         305000	        29	80000054	800f8f93	addi	x31,x31,-2048	 x31:0x00002000 x31=0x00001800
         315000	        30	80000058	00000013	addi	x0,x0,0	  x0:0x00000000
         325000	        31	8000005c	00000013	addi	x0,x0,0	  x0:0x00000000
         335000	        32	80000060	00000013	addi	x0,x0,0	  x0:0x00000000
         345000	        33	80000064	8ee330b7	lui	x1,0x8ee33	  x1=0x8ee33000
         355000	        34	80000068	c8208093	addi	x1,x1,-894	  x1:0x8ee33000  x1=0x8ee32c82
         365000	        35	8000006c	80000137	lui	x2,0x80000	  x2=0x80000000
         375000	        36	80000070	467661b7	lui	x3,0x46766	  x3=0x46766000
         385000	        37	80000074	74318193	addi	x3,x3,1859	  x3:0x46766000  x3=0x46766743
         395000	        38	80000078	fc896237	lui	x4,0xfc896	  x4=0xfc896000
         405000	        39	8000007c	47220213	addi	x4,x4,1138	  x4:0xfc896000  x4=0xfc896472
         415000	        40	80000080	00500293	addi	x5,x0,5	  x0:0x00000000  x5=0x00000005
         425000	        41	80000084	00100313	addi	x6,x0,1	  x0:0x00000000  x6=0x00000001
         435000	        42	80000088	b76123b7	lui	x7,0xb7612	  x7=0xb7612000
         445000	        43	8000008c	5e938393	addi	x7,x7,1513	  x7:0xb7612000  x7=0xb76125e9
         455000	        44	80000090	a1d0e437	lui	x8,0xa1d0e	  x8=0xa1d0e000
         465000	        45	80000094	b2840413	addi	x8,x8,-1240	  x8:0xa1d0e000  x8=0xa1d0db28
         475000	        46	80000098	800004b7	lui	x9,0x80000	  x9=0x80000000
         485000	        47	8000009c	80000537	lui	x10,0x80000	 x10=0x80000000
         495000	        48	800000a0	f814b5b7	lui	x11,0xf814b	 x11=0xf814b000
         505000	        49	800000a4	d5858593	addi	x11,x11,-680	 x11:0xf814b000 x11=0xf814ad58
         515000	        50	800000a8	fe927637	lui	x12,0xfe927	 x12=0xfe927000
         525000	        51	800000ac	87260613	addi	x12,x12,-1934	 x12:0xfe927000 x12=0xfe926872
         535000	        52	800000b0	800006b7	lui	x13,0x80000	 x13=0x80000000
         545000	        53	800000b4	00000713	addi	x14,x0,0	  x0:0x00000000 x14=0x00000000
         555000	        54	800000b8	00d00793	addi	x15,x0,13	  x0:0x00000000 x15=0x0000000d
         565000	        55	800000bc	fcf01837	lui	x16,0xfcf01	 x16=0xfcf01000
         575000	        56	800000c0	1ee80813	addi	x16,x16,494	 x16:0xfcf01000 x16=0xfcf011ee
         585000	        57	800000c4	f4cf18b7	lui	x17,0xf4cf1	 x17=0xf4cf1000
         595000	        58	800000c8	d3a88893	addi	x17,x17,-710	 x17:0xf4cf1000 x17=0xf4cf0d3a
         605000	        59	800000cc	00000913	addi	x18,x0,0	  x0:0x00000000 x18=0x00000000
         615000	        60	800000d0	00000993	addi	x19,x0,0	  x0:0x00000000 x19=0x00000000
         625000	        61	800000d4	80000a37	lui	x20,0x80000	 x20=0x80000000
         635000	        62	800000d8	00000a93	addi	x21,x0,0	  x0:0x00000000 x21=0x00000000
         645000	        63	800000dc	80000b37	lui	x22,0x80000	 x22=0x80000000
         655000	        64	800000e0	80000bb7	lui	x23,0x80000	 x23=0x80000000
         665000	        65	800000e4	00600c13	addi	x24,x0,6	  x0:0x00000000 x24=0x00000006
         675000	        66	800000e8	00000d13	addi	x26,x0,0	  x0:0x00000000 x26=0x00000000
         685000	        67	800000ec	00000d93	addi	x27,x0,0	  x0:0x00000000 x27=0x00000000
         695000	        68	800000f0	80000e37	lui	x28,0x80000	 x28=0x80000000
         705000	        69	800000f4	75a39eb7	lui	x29,0x75a39	 x29=0x75a39000
         715000	        70	800000f8	ffee8e93	addi	x29,x29,-2	 x29:0x75a39000 x29=0x75a38ffe
         725000	        71	800000fc	fc86cfb7	lui	x31,0xfc86c	 x31=0xfc86c000
         735000	        72	80000100	984f8f93	addi	x31,x31,-1660	 x31:0xfc86c000 x31=0xfc86b984
         745000	        73	80000104	0000ac97	auipc	x25,0xa	 x25=0x8000a100
         755000	        74	80000108	e84c8c93	addi	x25,x25,-380	 x25:0x8000a100 x25=0x80009f84
         765000	        75	8000010c	018001ef	jal	x3,8000010c	  x3=0x8000010c
         775000	        76	00000000	00000013	addi	x0,x0,0	  x0:0x00000000
         785000	        77	80000120	00000013	addi	x0,x0,0	  x0:0x00000000
         795000	        78	80000124	0280036f	jal	x6,80000124	  x6=0x80000124
         805000	        79	00000000	00000013	addi	x0,x0,0	  x0:0x00000000
         815000	        80	80000148	00000013	addi	x0,x0,0	  x0:0x00000000
         825000	        81	8000014c	fcdff16f	jal	x2,8000014c	  x2=0x8000014c
         835000	        82	00000000	00000013	addi	x0,x0,0	  x0:0x00000000
         845000	        83	80000114	00000013	addi	x0,x0,0	  x0:0x00000000
         855000	        84	80000118	068000ef	jal	x1,80000118	  x1=0x80000118
         865000	        85	00000000	00000013	addi	x0,x0,0	  x0:0x00000000
         875000	        86	8000017c	00000013	addi	x0,x0,0	  x0:0x00000000
         885000	        87	80000180	fe9ff36f	jal	x6,80000180	  x6=0x80000180
         895000	        88	00000000	00000013	addi	x0,x0,0	  x0:0x00000000
         905000	        89	80000164	00000013	addi	x0,x0,0	  x0:0x00000000
         915000	        90	80000168	fd9ff0ef	jal	x1,80000168	  x1=0x80000168
         925000	        91	00000000	00000013	addi	x0,x0,0	  x0:0x00000000
         935000	        92	8000013c	00000013	addi	x0,x0,0	  x0:0x00000000
         945000	        93	80000140	03c006ef	jal	x13,80000140	 x13=0x80000140
         955000	        94	00000000	00000013	addi	x0,x0,0	  x0:0x00000000
         965000	        95	80000178	00000013	addi	x0,x0,0	  x0:0x00000000
         975000	        96	8000017c	fb5ff0ef	jal	x1,8000017c	  x1=0x8000017c
         985000	        97	00000000	00000013	addi	x0,x0,0	  x0:0x00000000
         995000	        98	8000012c	00000013	addi	x0,x0,0	  x0:0x00000000
        1005000	        99	80000130	fe5ff0ef	jal	x1,80000130	  x1=0x80000130
        1015000	       100	00000000	00000013	addi	x0,x0,0	  x0:0x00000000
        1025000	       101	80000110	00000013	addi	x0,x0,0	  x0:0x00000000
        1035000	       102	80000114	0480036f	jal	x6,80000114	  x6=0x80000114
        1045000	       103	00000000	00000013	addi	x0,x0,0	  x0:0x00000000
        1055000	       104	80000158	00000013	addi	x0,x0,0	  x0:0x00000000
        1065000	       105	8000015c	fedff0ef	jal	x1,8000015c	  x1=0x8000015c
        1075000	       106	00000000	00000013	addi	x0,x0,0	  x0:0x00000000
        1085000	       107	80000144	00000013	addi	x0,x0,0	  x0:0x00000000
        1095000	       108	80000148	01c00c6f	jal	x24,80000148	 x24=0x80000148
        1105000	       109	00000000	00000013	addi	x0,x0,0	  x0:0x00000000
        1115000	       110	80000160	00000013	addi	x0,x0,0	  x0:0x00000000
        1125000	       111	80000164	fd5ff86f	jal	x16,80000164	 x16=0x80000164
        1135000	       112	00000000	00000013	addi	x0,x0,0	  x0:0x00000000
        1145000	       113	80000134	00000013	addi	x0,x0,0	  x0:0x00000000
        1155000	       114	80000138	03c003ef	jal	x7,80000138	  x7=0x80000138
        1165000	       115	00000000	00000013	addi	x0,x0,0	  x0:0x00000000
        1175000	       116	80000170	00000013	addi	x0,x0,0	  x0:0x00000000
        1185000	       117	80000174	fedff36f	jal	x6,80000174	  x6=0x80000174
        1195000	       118	00000000	00000013	addi	x0,x0,0	  x0:0x00000000
        1205000	       119	8000015c	00000013	addi	x0,x0,0	  x0:0x00000000
        1215000	       120	80000160	01800a6f	jal	x20,80000160	 x20=0x80000160
        1225000	       121	00000000	00000013	addi	x0,x0,0	  x0:0x00000000
        1235000	       122	80000174	00000013	addi	x0,x0,0	  x0:0x00000000
        1245000	       123	80000178	ff9ff36f	jal	x6,80000178	  x6=0x80000178
        1255000	       124	00000000	00000013	addi	x0,x0,0	  x0:0x00000000
        1265000	       125	8000016c	00000013	addi	x0,x0,0	  x0:0x00000000
        1275000	       126	80000170	fbdff0ef	jal	x1,80000170	  x1=0x80000170
        1285000	       127	00000000	00000013	addi	x0,x0,0	  x0:0x00000000
        1295000	       128	80000128	00000013	addi	x0,x0,0	  x0:0x00000000
        1305000	       129	8000012c	028000ef	jal	x1,8000012c	  x1=0x8000012c
        1315000	       130	00000000	00000013	addi	x0,x0,0	  x0:0x00000000
        1325000	       131	80000150	00000013	addi	x0,x0,0	  x0:0x00000000
        1335000	       132	80000154	ff1ffaef	jal	x21,80000154	 x21=0x80000154
        1345000	       133	00000000	00000013	addi	x0,x0,0	  x0:0x00000000
        1355000	       134	80000140	00000013	addi	x0,x0,0	  x0:0x00000000
        1365000	       135	80000144	014002ef	jal	x5,80000144	  x5=0x80000144
        1375000	       136	00000000	00000013	addi	x0,x0,0	  x0:0x00000000
        1385000	       137	80000154	00000013	addi	x0,x0,0	  x0:0x00000000
        1395000	       138	80000158	fd1ff2ef	jal	x5,80000158	  x5=0x80000158
        1405000	       139	00000000	00000013	addi	x0,x0,0	  x0:0x00000000
        1415000	       140	80000124	00000013	addi	x0,x0,0	  x0:0x00000000
        1425000	       141	80000128	ff5ff36f	jal	x6,80000128	  x6=0x80000128
        1435000	       142	00000000	00000013	addi	x0,x0,0	  x0:0x00000000
        1445000	       143	80000118	00000013	addi	x0,x0,0	  x0:0x00000000
        1455000	       144	8000011c	ff5ff36f	jal	x6,8000011c	  x6=0x8000011c
        1465000	       145	00000000	00000013	addi	x0,x0,0	  x0:0x00000000
        1475000	       146	8000010c	00000013	addi	x0,x0,0	  x0:0x00000000
        1485000	       147	80000110	010000ef	jal	x1,80000110	  x1=0x80000110
        1495000	       148	00000000	00000013	addi	x0,x0,0	  x0:0x00000000
        1505000	       149	8000011c	00000013	addi	x0,x0,0	  x0:0x00000000
        1515000	       150	80000120	01c0036f	jal	x6,80000120	  x6=0x80000120
        1525000	       151	00000000	00000013	addi	x0,x0,0	  x0:0x00000000
        1535000	       152	80000138	00000013	addi	x0,x0,0	  x0:0x00000000
        1545000	       153	8000013c	014000ef	jal	x1,8000013c	  x1=0x8000013c
        1555000	       154	00000000	00000013	addi	x0,x0,0	  x0:0x00000000
        1565000	       155	8000014c	00000013	addi	x0,x0,0	  x0:0x00000000
        1575000	       156	80000150	fe5ff1ef	jal	x3,80000150	  x3=0x80000150
        1585000	       157	00000000	00000013	addi	x0,x0,0	  x0:0x00000000
        1595000	       158	80000130	00000013	addi	x0,x0,0	  x0:0x00000000
        1605000	       159	80000134	0380066f	jal	x12,80000134	 x12=0x80000134
        1615000	       160	00000000	00000013	addi	x0,x0,0	  x0:0x00000000
        1625000	       161	80000168	00000013	addi	x0,x0,0	  x0:0x00000000
        1635000	       162	8000016c	018002ef	jal	x5,8000016c	  x5=0x8000016c
        1645000	       163	00000000	00000013	addi	x0,x0,0	  x0:0x00000000
        1655000	       164	80000180	00000013	addi	x0,x0,0	  x0:0x00000000
        1665000	       165	80000184	eb32b893	sltiu	x17,x5,-333	  x5:0x8000016c x17=0x00000001
        1675000	       166	80000188	038001ef	jal	x3,80000188	  x3=0x80000188
        1685000	       167	00000000	00000013	addi	x0,x0,0	  x0:0x00000000
        1695000	       168	800001bc	00000013	addi	x0,x0,0	  x0:0x00000000
        1705000	       169	800001c0	ff1ff0ef	jal	x1,800001c0	  x1=0x800001c0
        1715000	       170	00000000	00000013	addi	x0,x0,0	  x0:0x00000000
        1725000	       171	800001ac	00000013	addi	x0,x0,0	  x0:0x00000000
        1735000	       172	800001b0	ff5ff0ef	jal	x1,800001b0	  x1=0x800001b0
        1745000	       173	00000000	00000013	addi	x0,x0,0	  x0:0x00000000
        1755000	       174	800001a0	00000013	addi	x0,x0,0	  x0:0x00000000
        1765000	       175	800001a4	0040036f	jal	x6,800001a4	  x6=0x800001a4
        1775000	       176	00000000	00000013	addi	x0,x0,0	  x0:0x00000000
        1785000	       177	800001a4	00000013	addi	x0,x0,0	  x0:0x00000000
        1795000	       178	800001a8	fe9ff0ef	jal	x1,800001a8	  x1=0x800001a8
        1805000	       179	00000000	00000013	addi	x0,x0,0	  x0:0x00000000
        1815000	       180	8000018c	00000013	addi	x0,x0,0	  x0:0x00000000
        1825000	       181	80000190	040003ef	jal	x7,80000190	  x7=0x80000190
        1835000	       182	00000000	00000013	addi	x0,x0,0	  x0:0x00000000
        1845000	       183	800001cc	00000013	addi	x0,x0,0	  x0:0x00000000
        1855000	       184	800001d0	fddff5ef	jal	x11,800001d0	 x11=0x800001d0
        1865000	       185	00000000	00000013	addi	x0,x0,0	  x0:0x00000000
        1875000	       186	800001a8	00000013	addi	x0,x0,0	  x0:0x00000000
        1885000	       187	800001ac	010001ef	jal	x3,800001ac	  x3=0x800001ac
        1895000	       188	00000000	00000013	addi	x0,x0,0	  x0:0x00000000
        1905000	       189	800001b8	00000013	addi	x0,x0,0	  x0:0x00000000
        1915000	       190	800001bc	fd9ff8ef	jal	x17,800001bc	 x17=0x800001bc
        1925000	       191	00000000	00000013	addi	x0,x0,0	  x0:0x00000000
        1935000	       192	80000190	00000013	addi	x0,x0,0	  x0:0x00000000
        1945000	       193	80000194	004000ef	jal	x1,80000194	  x1=0x80000194
        1955000	       194	00000000	00000013	addi	x0,x0,0	  x0:0x00000000
        1965000	       195	80000194	00000013	addi	x0,x0,0	  x0:0x00000000
        1975000	       196	80000198	030000ef	jal	x1,80000198	  x1=0x80000198
        1985000	       197	00000000	00000013	addi	x0,x0,0	  x0:0x00000000
        1995000	       198	800001c4	00000013	addi	x0,x0,0	  x0:0x00000000
        2005000	       199	800001c8	fd9ff0ef	jal	x1,800001c8	  x1=0x800001c8
        2015000	       200	00000000	00000013	addi	x0,x0,0	  x0:0x00000000
        2025000	       201	8000019c	00000013	addi	x0,x0,0	  x0:0x00000000
        2035000	       202	800001a0	024009ef	jal	x19,800001a0	 x19=0x800001a0
        2045000	       203	00000000	00000013	addi	x0,x0,0	  x0:0x00000000
        2055000	       204	800001c0	00000013	addi	x0,x0,0	  x0:0x00000000
        2065000	       205	800001c4	ff1ff0ef	jal	x1,800001c4	  x1=0x800001c4
        2075000	       206	00000000	00000013	addi	x0,x0,0	  x0:0x00000000
        2085000	       207	800001b0	00000013	addi	x0,x0,0	  x0:0x00000000
        2095000	       208	800001b4	fd9ff36f	jal	x6,800001b4	  x6=0x800001b4
        2105000	       209	00000000	00000013	addi	x0,x0,0	  x0:0x00000000
        2115000	       210	80000188	00000013	addi	x0,x0,0	  x0:0x00000000
        2125000	       211	8000018c	0400036f	jal	x6,8000018c	  x6=0x8000018c
        2135000	       212	00000000	00000013	addi	x0,x0,0	  x0:0x00000000
        2145000	       213	800001c8	00000013	addi	x0,x0,0	  x0:0x00000000
        2155000	       214	800001cc	fd1ff0ef	jal	x1,800001cc	  x1=0x800001cc
        2165000	       215	00000000	00000013	addi	x0,x0,0	  x0:0x00000000
        2175000	       216	80000198	00000013	addi	x0,x0,0	  x0:0x00000000
        2185000	       217	8000019c	01c0056f	jal	x10,8000019c	 x10=0x8000019c
        2195000	       218	00000000	00000013	addi	x0,x0,0	  x0:0x00000000
        2205000	       219	800001b4	00000013	addi	x0,x0,0	  x0:0x00000000
        2215000	       220	800001b8	01c000ef	jal	x1,800001b8	  x1=0x800001b8
        2225000	       221	00000000	00000013	addi	x0,x0,0	  x0:0x00000000
        2235000	       222	800001d0	00000013	addi	x0,x0,0	  x0:0x00000000
        2245000	       223	800001d4	004000ef	jal	x1,800001d4	  x1=0x800001d4
        2255000	       224	00000000	00000013	addi	x0,x0,0	  x0:0x00000000
        2265000	       225	800001d4	00000013	addi	x0,x0,0	  x0:0x00000000
        2275000	       226	800001d8	00dd9613	slli	x12,x27,0xd	 x27:0x00000000 x12=0x00000000
        2285000	       227	800001dc	01c001ef	jal	x3,800001dc	  x3=0x800001dc
        2295000	       228	00000000	00000013	addi	x0,x0,0	  x0:0x00000000
        2305000	       229	800001f4	00000013	addi	x0,x0,0	  x0:0x00000000
        2315000	       230	800001f8	ff5ff0ef	jal	x1,800001f8	  x1=0x800001f8
        2325000	       231	00000000	00000013	addi	x0,x0,0	  x0:0x00000000
        2335000	       232	800001e8	00000013	addi	x0,x0,0	  x0:0x00000000
        2345000	       233	800001ec	008000ef	jal	x1,800001ec	  x1=0x800001ec
        2355000	       234	00000000	00000013	addi	x0,x0,0	  x0:0x00000000
        2365000	       235	800001f0	00000013	addi	x0,x0,0	  x0:0x00000000
        2375000	       236	800001f4	00c00aef	jal	x21,800001f4	 x21=0x800001f4
        2385000	       237	00000000	00000013	addi	x0,x0,0	  x0:0x00000000
        2395000	       238	800001fc	00000013	addi	x0,x0,0	  x0:0x00000000
        2405000	       239	80000200	020000ef	jal	x1,80000200	  x1=0x80000200
        2415000	       240	00000000	00000013	addi	x0,x0,0	  x0:0x00000000
        2425000	       241	8000021c	00000013	addi	x0,x0,0	  x0:0x00000000
        2435000	       242	80000220	ff9ff0ef	jal	x1,80000220	  x1=0x80000220
        2445000	       243	00000000	00000013	addi	x0,x0,0	  x0:0x00000000
        2455000	       244	80000214	00000013	addi	x0,x0,0	  x0:0x00000000
        2465000	       245	80000218	ff1ff0ef	jal	x1,80000218	  x1=0x80000218
        2475000	       246	00000000	00000013	addi	x0,x0,0	  x0:0x00000000
        2485000	       247	80000204	00000013	addi	x0,x0,0	  x0:0x00000000
        2495000	       248	80000208	fe1ff2ef	jal	x5,80000208	  x5=0x80000208
        2505000	       249	00000000	00000013	addi	x0,x0,0	  x0:0x00000000
        2515000	       250	800001e4	00000013	addi	x0,x0,0	  x0:0x00000000
        2525000	       251	800001e8	ff9ff0ef	jal	x1,800001e8	  x1=0x800001e8
        2535000	       252	00000000	00000013	addi	x0,x0,0	  x0:0x00000000
        2545000	       253	800001dc	00000013	addi	x0,x0,0	  x0:0x00000000
        2555000	       254	800001e0	02c000ef	jal	x1,800001e0	  x1=0x800001e0
        2565000	       255	00000000	00000013	addi	x0,x0,0	  x0:0x00000000
        2575000	       256	80000208	00000013	addi	x0,x0,0	  x0:0x00000000
        2585000	       257	8000020c	fd9ff26f	jal	x4,8000020c	  x4=0x8000020c
        2595000	       258	00000000	00000013	addi	x0,x0,0	  x0:0x00000000
        2605000	       259	800001e0	00000013	addi	x0,x0,0	  x0:0x00000000
        2615000	       260	800001e4	00c0076f	jal	x14,800001e4	 x14=0x800001e4
        2625000	       261	00000000	00000013	addi	x0,x0,0	  x0:0x00000000
        2635000	       262	800001ec	00000013	addi	x0,x0,0	  x0:0x00000000
        2645000	       263	800001f0	00c000ef	jal	x1,800001f0	  x1=0x800001f0
        2655000	       264	00000000	00000013	addi	x0,x0,0	  x0:0x00000000
        2665000	       265	800001f8	00000013	addi	x0,x0,0	  x0:0x00000000
        2675000	       266	800001fc	008003ef	jal	x7,800001fc	  x7=0x800001fc
        2685000	       267	00000000	00000013	addi	x0,x0,0	  x0:0x00000000
        2695000	       268	80000200	00000013	addi	x0,x0,0	  x0:0x00000000
        2705000	       269	80000204	010000ef	jal	x1,80000204	  x1=0x80000204
        2715000	       270	00000000	00000013	addi	x0,x0,0	  x0:0x00000000
        2725000	       271	80000210	00000013	addi	x0,x0,0	  x0:0x00000000
        2735000	       272	80000214	008000ef	jal	x1,80000214	  x1=0x80000214
        2745000	       273	00000000	00000013	addi	x0,x0,0	  x0:0x00000000
        2755000	       274	80000218	00000013	addi	x0,x0,0	  x0:0x00000000
        2765000	       275	8000021c	ff5ff0ef	jal	x1,8000021c	  x1=0x8000021c
        2775000	       276	00000000	00000013	addi	x0,x0,0	  x0:0x00000000
        2785000	       277	8000020c	00000013	addi	x0,x0,0	  x0:0x00000000
        2795000	       278	80000210	014006ef	jal	x13,80000210	 x13=0x80000210
        2805000	       279	00000000	00000013	addi	x0,x0,0	  x0:0x00000000
        2815000	       280	80000220	00000013	addi	x0,x0,0	  x0:0x00000000
        2825000	       281	80000224	41ce07b3	sub	x15,x28,x28	 x28:0x80000000 x28:0x80000000 x15=0x00000000
        2835000	       282	80000228	028001ef	jal	x3,80000228	  x3=0x80000228
        2845000	       283	00000000	00000013	addi	x0,x0,0	  x0:0x00000000
        2855000	       284	8000024c	00000013	addi	x0,x0,0	  x0:0x00000000
        2865000	       285	80000250	034000ef	jal	x1,80000250	  x1=0x80000250
        2875000	       286	00000000	00000013	addi	x0,x0,0	  x0:0x00000000
        2885000	       287	80000280	00000013	addi	x0,x0,0	  x0:0x00000000
        2895000	       288	80000284	fb5ff0ef	jal	x1,80000284	  x1=0x80000284
        2905000	       289	00000000	00000013	addi	x0,x0,0	  x0:0x00000000
        2915000	       290	80000234	00000013	addi	x0,x0,0	  x0:0x00000000
        2925000	       291	80000238	0380036f	jal	x6,80000238	  x6=0x80000238
        2935000	       292	00000000	00000013	addi	x0,x0,0	  x0:0x00000000
        2945000	       293	8000026c	00000013	addi	x0,x0,0	  x0:0x00000000
        2955000	       294	80000270	008000ef	jal	x1,80000270	  x1=0x80000270
        2965000	       295	00000000	00000013	addi	x0,x0,0	  x0:0x00000000
        2975000	       296	80000274	00000013	addi	x0,x0,0	  x0:0x00000000
        2985000	       297	80000278	fd1ff0ef	jal	x1,80000278	  x1=0x80000278
        2995000	       298	00000000	00000013	addi	x0,x0,0	  x0:0x00000000
        3005000	       299	80000244	00000013	addi	x0,x0,0	  x0:0x00000000
        3015000	       300	80000248	ff5ff1ef	jal	x3,80000248	  x3=0x80000248
        3025000	       301	00000000	00000013	addi	x0,x0,0	  x0:0x00000000
        3035000	       302	80000238	00000013	addi	x0,x0,0	  x0:0x00000000
        3045000	       303	8000023c	0040036f	jal	x6,8000023c	  x6=0x8000023c
        3055000	       304	00000000	00000013	addi	x0,x0,0	  x0:0x00000000
        3065000	       305	8000023c	00000013	addi	x0,x0,0	  x0:0x00000000
        3075000	       306	80000240	fedff0ef	jal	x1,80000240	  x1=0x80000240
        3085000	       307	00000000	00000013	addi	x0,x0,0	  x0:0x00000000
        3095000	       308	80000228	00000013	addi	x0,x0,0	  x0:0x00000000
        3105000	       309	8000022c	05c0036f	jal	x6,8000022c	  x6=0x8000022c
        3115000	       310	00000000	00000013	addi	x0,x0,0	  x0:0x00000000
        3125000	       311	80000284	00000013	addi	x0,x0,0	  x0:0x00000000
        3135000	       312	80000288	fedff36f	jal	x6,80000288	  x6=0x80000288
        3145000	       313	00000000	00000013	addi	x0,x0,0	  x0:0x00000000
        3155000	       314	80000270	00000013	addi	x0,x0,0	  x0:0x00000000
        3165000	       315	80000274	00c000ef	jal	x1,80000274	  x1=0x80000274
        3175000	       316	00000000	00000013	addi	x0,x0,0	  x0:0x00000000
        3185000	       317	8000027c	00000013	addi	x0,x0,0	  x0:0x00000000
        3195000	       318	80000280	0140036f	jal	x6,80000280	  x6=0x80000280
        3205000	       319	00000000	00000013	addi	x0,x0,0	  x0:0x00000000
        3215000	       320	80000290	00000013	addi	x0,x0,0	  x0:0x00000000
        3225000	       321	80000294	fd5ff0ef	jal	x1,80000294	  x1=0x80000294
        3235000	       322	00000000	00000013	addi	x0,x0,0	  x0:0x00000000
        3245000	       323	80000264	00000013	addi	x0,x0,0	  x0:0x00000000
        3255000	       324	80000268	fddff66f	jal	x12,80000268	 x12=0x80000268
        3265000	       325	00000000	00000013	addi	x0,x0,0	  x0:0x00000000
        3275000	       326	80000240	00000013	addi	x0,x0,0	  x0:0x00000000
        3285000	       327	80000244	010000ef	jal	x1,80000244	  x1=0x80000244
        3295000	       328	00000000	00000013	addi	x0,x0,0	  x0:0x00000000
        3305000	       329	80000250	00000013	addi	x0,x0,0	  x0:0x00000000
        3315000	       330	80000254	028000ef	jal	x1,80000254	  x1=0x80000254
        3325000	       331	00000000	00000013	addi	x0,x0,0	  x0:0x00000000
        3335000	       332	80000278	00000013	addi	x0,x0,0	  x0:0x00000000
        3345000	       333	8000027c	fe1ff0ef	jal	x1,8000027c	  x1=0x8000027c
        3355000	       334	00000000	00000013	addi	x0,x0,0	  x0:0x00000000
        3365000	       335	80000258	00000013	addi	x0,x0,0	  x0:0x00000000
        3375000	       336	8000025c	ffdff36f	jal	x6,8000025c	  x6=0x8000025c
        3385000	       337	00000000	00000013	addi	x0,x0,0	  x0:0x00000000
        3395000	       338	80000254	00000013	addi	x0,x0,0	  x0:0x00000000
        3405000	       339	80000258	fd9ff0ef	jal	x1,80000258	  x1=0x80000258
        3415000	       340	00000000	00000013	addi	x0,x0,0	  x0:0x00000000
        3425000	       341	8000022c	00000013	addi	x0,x0,0	  x0:0x00000000
        3435000	       342	80000230	06000c6f	jal	x24,80000230	 x24=0x80000230
        3445000	       343	00000000	00000013	addi	x0,x0,0	  x0:0x00000000
        3455000	       344	8000028c	00000013	addi	x0,x0,0	  x0:0x00000000
        3465000	       345	80000290	ffdff36f	jal	x6,80000290	  x6=0x80000290
        3475000	       346	00000000	00000013	addi	x0,x0,0	  x0:0x00000000
        3485000	       347	80000288	00000013	addi	x0,x0,0	  x0:0x00000000
        3495000	       348	8000028c	fd9ff4ef	jal	x9,8000028c	  x9=0x8000028c
        3505000	       349	00000000	00000013	addi	x0,x0,0	  x0:0x00000000
        3515000	       350	80000260	00000013	addi	x0,x0,0	  x0:0x00000000
        3525000	       351	80000264	fd1fffef	jal	x31,80000264	 x31=0x80000264
        3535000	       352	00000000	00000013	addi	x0,x0,0	  x0:0x00000000
        3545000	       353	80000230	00000013	addi	x0,x0,0	  x0:0x00000000
        3555000	       354	80000234	0380036f	jal	x6,80000234	  x6=0x80000234
        3565000	       355	00000000	00000013	addi	x0,x0,0	  x0:0x00000000
        3575000	       356	80000268	00000013	addi	x0,x0,0	  x0:0x00000000
        3585000	       357	8000026c	ff5ffc6f	jal	x24,8000026c	 x24=0x8000026c
        3595000	       358	00000000	00000013	addi	x0,x0,0	  x0:0x00000000
        3605000	       359	8000025c	00000013	addi	x0,x0,0	  x0:0x00000000
        3615000	       360	80000260	fedff16f	jal	x2,80000260	  x2=0x80000260
        3625000	       361	00000000	00000013	addi	x0,x0,0	  x0:0x00000000
        3635000	       362	80000248	00000013	addi	x0,x0,0	  x0:0x00000000
        3645000	       363	8000024c	04c006ef	jal	x13,8000024c	 x13=0x8000024c
        3655000	       364	00000000	00000013	addi	x0,x0,0	  x0:0x00000000
        3665000	       365	80000294	00000013	addi	x0,x0,0	  x0:0x00000000
        3675000	       366	80000298	01de9693	slli	x13,x29,0x1d	 x29:0x75a38ffe x13=0xc0000000
        3685000	       367	8000029c	00c001ef	jal	x3,8000029c	  x3=0x8000029c
        3695000	       368	00000000	00000013	addi	x0,x0,0	  x0:0x00000000
        3705000	       369	800002a4	00000013	addi	x0,x0,0	  x0:0x00000000
        3715000	       370	800002a8	020000ef	jal	x1,800002a8	  x1=0x800002a8
        3725000	       371	00000000	00000013	addi	x0,x0,0	  x0:0x00000000
        3735000	       372	800002c4	00000013	addi	x0,x0,0	  x0:0x00000000
        3745000	       373	800002c8	fd9ff0ef	jal	x1,800002c8	  x1=0x800002c8
        3755000	       374	00000000	00000013	addi	x0,x0,0	  x0:0x00000000
        3765000	       375	8000029c	00000013	addi	x0,x0,0	  x0:0x00000000
        3775000	       376	800002a0	00400def	jal	x27,800002a0	 x27=0x800002a0
        3785000	       377	00000000	00000013	addi	x0,x0,0	  x0:0x00000000
        3795000	       378	800002a0	00000013	addi	x0,x0,0	  x0:0x00000000
        3805000	       379	800002a4	008000ef	jal	x1,800002a4	  x1=0x800002a4
        3815000	       380	00000000	00000013	addi	x0,x0,0	  x0:0x00000000
        3825000	       381	800002a8	00000013	addi	x0,x0,0	  x0:0x00000000
        3835000	       382	800002ac	0280036f	jal	x6,800002ac	  x6=0x800002ac
        3845000	       383	00000000	00000013	addi	x0,x0,0	  x0:0x00000000
        3855000	       384	800002d0	00000013	addi	x0,x0,0	  x0:0x00000000
        3865000	       385	800002d4	004002ef	jal	x5,800002d4	  x5=0x800002d4
        3875000	       386	00000000	00000013	addi	x0,x0,0	  x0:0x00000000
        3885000	       387	800002d4	00000013	addi	x0,x0,0	  x0:0x00000000
        3895000	       388	800002d8	fddff0ef	jal	x1,800002d8	  x1=0x800002d8
        3905000	       389	00000000	00000013	addi	x0,x0,0	  x0:0x00000000
        3915000	       390	800002b0	00000013	addi	x0,x0,0	  x0:0x00000000
        3925000	       391	800002b4	01c008ef	jal	x17,800002b4	 x17=0x800002b4
        3935000	       392	00000000	00000013	addi	x0,x0,0	  x0:0x00000000
        3945000	       393	800002cc	00000013	addi	x0,x0,0	  x0:0x00000000
        3955000	       394	800002d0	fe9ff36f	jal	x6,800002d0	  x6=0x800002d0
        3965000	       395	00000000	00000013	addi	x0,x0,0	  x0:0x00000000
        3975000	       396	800002b4	00000013	addi	x0,x0,0	  x0:0x00000000
        3985000	       397	800002b8	0080036f	jal	x6,800002b8	  x6=0x800002b8
        3995000	       398	00000000	00000013	addi	x0,x0,0	  x0:0x00000000
        4005000	       399	800002bc	00000013	addi	x0,x0,0	  x0:0x00000000
        4015000	       400	800002c0	ff1ff0ef	jal	x1,800002c0	  x1=0x800002c0
        4025000	       401	00000000	00000013	addi	x0,x0,0	  x0:0x00000000
        4035000	       402	800002ac	00000013	addi	x0,x0,0	  x0:0x00000000
        4045000	       403	800002b0	030000ef	jal	x1,800002b0	  x1=0x800002b0
        4055000	       404	00000000	00000013	addi	x0,x0,0	  x0:0x00000000
        4065000	       405	800002dc	00000013	addi	x0,x0,0	  x0:0x00000000
        4075000	       406	800002e0	fedff36f	jal	x6,800002e0	  x6=0x800002e0
        4085000	       407	00000000	00000013	addi	x0,x0,0	  x0:0x00000000
        4095000	       408	800002c8	00000013	addi	x0,x0,0	  x0:0x00000000
        4105000	       409	800002cc	ff1ff0ef	jal	x1,800002cc	  x1=0x800002cc
        4115000	       410	00000000	00000013	addi	x0,x0,0	  x0:0x00000000
        4125000	       411	800002b8	00000013	addi	x0,x0,0	  x0:0x00000000
        4135000	       412	800002bc	020000ef	jal	x1,800002bc	  x1=0x800002bc
        4145000	       413	00000000	00000013	addi	x0,x0,0	  x0:0x00000000
        4155000	       414	800002d8	00000013	addi	x0,x0,0	  x0:0x00000000
        4165000	       415	800002dc	fe9ff36f	jal	x6,800002dc	  x6=0x800002dc
        4175000	       416	00000000	00000013	addi	x0,x0,0	  x0:0x00000000
        4185000	       417	800002c0	00000013	addi	x0,x0,0	  x0:0x00000000
        4195000	       418	800002c4	020006ef	jal	x13,800002c4	 x13=0x800002c4
        4205000	       419	00000000	00000013	addi	x0,x0,0	  x0:0x00000000
        4215000	       420	800002e0	00000013	addi	x0,x0,0	  x0:0x00000000
        4225000	       421	800002e4	41a95733	sra	x14,x18,x26	 x18:0x00000000 x26:0x00000000 x14=0x00000000
        4235000	       422	800002e8	034001ef	jal	x3,800002e8	  x3=0x800002e8
        4245000	       423	00000000	00000013	addi	x0,x0,0	  x0:0x00000000
        4255000	       424	80000318	00000013	addi	x0,x0,0	  x0:0x00000000
        4265000	       425	8000031c	014007ef	jal	x15,8000031c	 x15=0x8000031c
        4275000	       426	00000000	00000013	addi	x0,x0,0	  x0:0x00000000
        4285000	       427	8000032c	00000013	addi	x0,x0,0	  x0:0x00000000
        4295000	       428	80000330	fc1ffb6f	jal	x22,80000330	 x22=0x80000330
        4305000	       429	00000000	00000013	addi	x0,x0,0	  x0:0x00000000
        4315000	       430	800002ec	00000013	addi	x0,x0,0	  x0:0x00000000
        4325000	       431	800002f0	060003ef	jal	x7,800002f0	  x7=0x800002f0
        4335000	       432	00000000	00000013	addi	x0,x0,0	  x0:0x00000000
        4345000	       433	8000034c	00000013	addi	x0,x0,0	  x0:0x00000000
        4355000	       434	80000350	f9dff0ef	jal	x1,80000350	  x1=0x80000350
        4365000	       435	00000000	00000013	addi	x0,x0,0	  x0:0x00000000
        4375000	       436	800002e8	00000013	addi	x0,x0,0	  x0:0x00000000
        4385000	       437	800002ec	068001ef	jal	x3,800002ec	  x3=0x800002ec
        4395000	       438	00000000	00000013	addi	x0,x0,0	  x0:0x00000000
        4405000	       439	80000350	00000013	addi	x0,x0,0	  x0:0x00000000
        4415000	       440	80000354	fb5ffb6f	jal	x22,80000354	 x22=0x80000354
        4425000	       441	00000000	00000013	addi	x0,x0,0	  x0:0x00000000
        4435000	       442	80000304	00000013	addi	x0,x0,0	  x0:0x00000000
        4445000	       443	80000308	034000ef	jal	x1,80000308	  x1=0x80000308
        4455000	       444	00000000	00000013	addi	x0,x0,0	  x0:0x00000000
        4465000	       445	80000338	00000013	addi	x0,x0,0	  x0:0x00000000
        4475000	       446	8000033c	fd5ff36f	jal	x6,8000033c	  x6=0x8000033c
        4485000	       447	00000000	00000013	addi	x0,x0,0	  x0:0x00000000
        4495000	       448	8000030c	00000013	addi	x0,x0,0	  x0:0x00000000
        4505000	       449	80000310	fe9ff0ef	jal	x1,80000310	  x1=0x80000310
        4515000	       450	00000000	00000013	addi	x0,x0,0	  x0:0x00000000
        4525000	       451	800002f4	00000013	addi	x0,x0,0	  x0:0x00000000
        4535000	       452	800002f8	050000ef	jal	x1,800002f8	  x1=0x800002f8
        4545000	       453	00000000	00000013	addi	x0,x0,0	  x0:0x00000000
        4555000	       454	80000344	00000013	addi	x0,x0,0	  x0:0x00000000
        4565000	       455	80000348	fedff36f	jal	x6,80000348	  x6=0x80000348
        4575000	       456	00000000	00000013	addi	x0,x0,0	  x0:0x00000000
        4585000	       457	80000330	00000013	addi	x0,x0,0	  x0:0x00000000
        4595000	       458	80000334	fc1ff2ef	jal	x5,80000334	  x5=0x80000334
        4605000	       459	00000000	00000013	addi	x0,x0,0	  x0:0x00000000
        4615000	       460	800002f0	00000013	addi	x0,x0,0	  x0:0x00000000
        4625000	       461	800002f4	0440036f	jal	x6,800002f4	  x6=0x800002f4
        4635000	       462	00000000	00000013	addi	x0,x0,0	  x0:0x00000000
        4645000	       463	80000334	00000013	addi	x0,x0,0	  x0:0x00000000
        4655000	       464	80000338	014000ef	jal	x1,80000338	  x1=0x80000338
        4665000	       465	00000000	00000013	addi	x0,x0,0	  x0:0x00000000
        4675000	       466	80000348	00000013	addi	x0,x0,0	  x0:0x00000000
        4685000	       467	8000034c	fd9ff36f	jal	x6,8000034c	  x6=0x8000034c
        4695000	       468	00000000	00000013	addi	x0,x0,0	  x0:0x00000000
        4705000	       469	80000320	00000013	addi	x0,x0,0	  x0:0x00000000
        4715000	       470	80000324	0200026f	jal	x4,80000324	  x4=0x80000324
        4725000	       471	00000000	00000013	addi	x0,x0,0	  x0:0x00000000
        4735000	       472	80000340	00000013	addi	x0,x0,0	  x0:0x00000000
        4745000	       473	80000344	fd1ff0ef	jal	x1,80000344	  x1=0x80000344
        4755000	       474	00000000	00000013	addi	x0,x0,0	  x0:0x00000000
        4765000	       475	80000310	00000013	addi	x0,x0,0	  x0:0x00000000
        4775000	       476	80000314	ff9ff0ef	jal	x1,80000314	  x1=0x80000314
        4785000	       477	00000000	00000013	addi	x0,x0,0	  x0:0x00000000
        4795000	       478	80000308	00000013	addi	x0,x0,0	  x0:0x00000000
        4805000	       479	8000030c	00c0086f	jal	x16,8000030c	 x16=0x8000030c
        4815000	       480	00000000	00000013	addi	x0,x0,0	  x0:0x00000000
        4825000	       481	80000314	00000013	addi	x0,x0,0	  x0:0x00000000
        4835000	       482	80000318	010000ef	jal	x1,80000318	  x1=0x80000318
        4845000	       483	00000000	00000013	addi	x0,x0,0	  x0:0x00000000
        4855000	       484	80000324	00000013	addi	x0,x0,0	  x0:0x00000000
        4865000	       485	80000328	ff9ff0ef	jal	x1,80000328	  x1=0x80000328
        4875000	       486	00000000	00000013	addi	x0,x0,0	  x0:0x00000000
        4885000	       487	8000031c	00000013	addi	x0,x0,0	  x0:0x00000000
        4895000	       488	80000320	fe1ff5ef	jal	x11,80000320	 x11=0x80000320
        4905000	       489	00000000	00000013	addi	x0,x0,0	  x0:0x00000000
        4915000	       490	800002fc	00000013	addi	x0,x0,0	  x0:0x00000000
        4925000	       491	80000300	02c009ef	jal	x19,80000300	 x19=0x80000300
        4935000	       492	00000000	00000013	addi	x0,x0,0	  x0:0x00000000
        4945000	       493	80000328	00000013	addi	x0,x0,0	  x0:0x00000000
        4955000	       494	8000032c	014000ef	jal	x1,8000032c	  x1=0x8000032c
        4965000	       495	00000000	00000013	addi	x0,x0,0	  x0:0x00000000
        4975000	       496	8000033c	00000013	addi	x0,x0,0	  x0:0x00000000
        4985000	       497	80000340	fc5ff0ef	jal	x1,80000340	  x1=0x80000340
        4995000	       498	00000000	00000013	addi	x0,x0,0	  x0:0x00000000
        5005000	       499	80000300	00000013	addi	x0,x0,0	  x0:0x00000000
        5015000	       500	80000304	ff9ff0ef	jal	x1,80000304	  x1=0x80000304
        5025000	       501	00000000	00000013	addi	x0,x0,0	  x0:0x00000000
        5035000	       502	800002f8	00000013	addi	x0,x0,0	  x0:0x00000000
        5045000	       503	800002fc	05c000ef	jal	x1,800002fc	  x1=0x800002fc
        5055000	       504	00000000	00000013	addi	x0,x0,0	  x0:0x00000000
        5065000	       505	80000354	00000013	addi	x0,x0,0	  x0:0x00000000
        5075000	       506	80000358	8f3fc493	xori	x9,x31,-1805	 x31:0x80000264  x9=0x7ffffa97
        5085000	       507	8000035c	012dd313	srli	x6,x27,0x12	 x27:0x800002a0  x6=0x00002000
        5095000	       508	80000360	0078bfb3	sltu	x31,x17,x7	 x17:0x800002b4  x7:0x800002f0 x31=0x00000001
        5105000	       509	80000364	41635133	sra	x2,x6,x22	  x6:0x00002000 x22:0x80000354  x2=0x00000000
        5115000	       510	80000368	41830ab3	sub	x21,x6,x24	  x6:0x00002000 x24:0x8000026c x21=0x80001d94
        5125000	       511	8000036c	00000013	addi	x0,x0,0	  x0:0x00000000
        5135000	       512	80000370	f8938b13	addi	x22,x7,-119	  x7:0x800002f0 x22=0x80000279
        5145000	       513	80000374	00ec1c33	sll	x24,x24,x14	 x24:0x8000026c x14:0x00000000 x24=0x8000026c
        5155000	       514	80000378	0120c9b3	xor	x19,x1,x18	  x1:0x800002fc x18:0x00000000 x19=0x800002fc
        5165000	       515	8000037c	00c8a033	slt	x0,x17,x12	 x17:0x800002b4 x12:0x80000268
        5175000	       516	80000380	4058d3b3	sra	x7,x17,x5	 x17:0x800002b4  x5:0x80000334  x7=0xfffff800
        5185000	       517	80000384	01bcd433	srl	x8,x25,x27	 x25:0x80009f84 x27:0x800002a0  x8=0x80009f84
        5195000	       518	80000388	81de4693	xori	x13,x28,-2019	 x28:0x80000000 x13=0x7ffff81d
        5205000	       519	8000038c	4d706797	auipc	x15,0x4d706	 x15=0xcd706388
        5215000	       520	80000390	c2363d13	sltiu	x26,x12,-989	 x12:0x80000268 x26=0x00000001
        5225000	       521	80000394	03847e63	bgeu	x8,x24,800003d0	  x8:0x80009f84 x24:0x8000026c
        5235000	       522	00000000	00000013	addi	x0,x0,0	  x0:0x00000000
        5245000	       523	800003cc	00000013	addi	x0,x0,0	  x0:0x00000000
        5255000	       524	800003d0	8b168e13	addi	x28,x13,-1871	 x13:0x7ffff81d x28=0x7ffff0ce
        5265000	       525	800003d4	0052c5b3	xor	x11,x5,x5	  x5:0x80000334  x5:0x80000334 x11=0x00000000
        5275000	       526	800003d8	d642f313	andi	x6,x5,-668	  x5:0x80000334  x6=0x80000124
        5285000	       527	800003dc	8fe6a713	slti	x14,x13,-1794	 x13:0x7ffff81d x14=0x00000000
        5295000	       528	800003e0	0339ca63	blt	x19,x19,80000414	 x19:0x800002fc x19:0x800002fc
        5305000	       529	800003e4	01e835b3	sltu	x11,x16,x30	 x16:0x8000030c x30:0x80009fc4 x11=0x00000001
        5315000	       530	800003e8	413251b3	sra	x3,x4,x19	  x4:0x80000324 x19:0x800002fc  x3=0xfffffff8
        5325000	       531	800003ec	00099e63	bne	x19,x0,80000408	 x19:0x800002fc  x0:0x00000000
        5335000	       532	00000000	00000013	addi	x0,x0,0	  x0:0x00000000
        5345000	       533	80000404	00000013	addi	x0,x0,0	  x0:0x00000000
        5355000	       534	80000408	41c1d913	srai	x18,x3,0x1c	  x3:0xfffffff8 x18=0xffffffff
        5365000	       535	8000040c	04d37063	bgeu	x6,x13,8000044c	  x6:0x80000124 x13:0x7ffff81d
        5375000	       536	00000000	00000013	addi	x0,x0,0	  x0:0x00000000
        5385000	       537	80000448	00000013	addi	x0,x0,0	  x0:0x00000000
        5395000	       538	8000044c	06c99a63	bne	x19,x12,800004c0	 x19:0x800002fc x12:0x80000268
        5405000	       539	00000000	00000013	addi	x0,x0,0	  x0:0x00000000
        5415000	       540	800004bc	00000013	addi	x0,x0,0	  x0:0x00000000
        5425000	       541	800004c0	dea57013	andi	x0,x10,-534	 x10:0x8000019c
        5435000	       542	800004c4	9b6b0413	addi	x8,x22,-1610	 x22:0x80000279  x8=0x7ffffc2f
        5445000	       543	800004c8	acd98437	lui	x8,0xacd98	  x8=0xacd98000
        5455000	       544	800004cc	01131e33	sll	x28,x6,x17	  x6:0x80000124 x17:0x800002b4 x28=0x12400000
        5465000	       545	800004d0	40c484b3	sub	x9,x9,x12	  x9:0x7ffffa97 x12:0x80000268  x9=0xfffff82f
        5475000	       546	800004d4	00b42db3	slt	x27,x8,x11	  x8:0xacd98000 x11:0x00000001 x27=0x00000001
        5485000	       547	800004d8	02f5e463	bltu	x11,x15,80000500	 x11:0x00000001 x15:0xcd706388
        5495000	       548	00000000	00000013	addi	x0,x0,0	  x0:0x00000000
        5505000	       549	800004fc	00000013	addi	x0,x0,0	  x0:0x00000000
        5515000	       550	80000500	0254e263	bltu	x9,x5,80000524	  x9:0xfffff82f  x5:0x80000334
        5525000	       551	80000504	00195913	srli	x18,x18,0x1	 x18:0xffffffff x18=0x7fffffff
        5535000	       552	80000508	d3429237	lui	x4,0xd3429	  x4=0xd3429000
        5545000	       553	8000050c	033e6a63	bltu	x28,x19,80000540	 x28:0x12400000 x19:0x800002fc
        5555000	       554	00000000	00000013	addi	x0,x0,0	  x0:0x00000000
        5565000	       555	8000053c	00000013	addi	x0,x0,0	  x0:0x00000000
        5575000	       556	80000540	07071e63	bne	x14,x16,800005bc	 x14:0x00000000 x16:0x8000030c
        5585000	       557	00000000	00000013	addi	x0,x0,0	  x0:0x00000000
        5595000	       558	800005b8	00000013	addi	x0,x0,0	  x0:0x00000000
        5605000	       559	800005bc	035af263	bgeu	x21,x21,800005e0	 x21:0x80001d94 x21:0x80001d94
        5615000	       560	00000000	00000013	addi	x0,x0,0	  x0:0x00000000
        5625000	       561	800005dc	00000013	addi	x0,x0,0	  x0:0x00000000
        5635000	       562	800005e0	cca0a493	slti	x9,x1,-822	  x1:0x800002fc  x9=0x00000001
        5645000	       563	800005e4	44f22213	slti	x4,x4,1103	  x4:0xd3429000  x4=0x00000001
        5655000	       564	800005e8	90f3cd93	xori	x27,x7,-1777	  x7:0xfffff800 x27=0x0000010f
        5665000	       565	800005ec	00659463	bne	x11,x6,800005f4	 x11:0x00000001  x6:0x80000124
        5675000	       566	00000000	00000013	addi	x0,x0,0	  x0:0x00000000
        5685000	       567	800005f0	00000013	addi	x0,x0,0	  x0:0x00000000
        5695000	       568	800005f4	04d97663	bgeu	x18,x13,80000640	 x18:0x7fffffff x13:0x7ffff81d
        5705000	       569	00000000	00000013	addi	x0,x0,0	  x0:0x00000000
        5715000	       570	8000063c	00000013	addi	x0,x0,0	  x0:0x00000000
        5725000	       571	80000640	007397b3	sll	x15,x7,x7	  x7:0xfffff800  x7:0xfffff800 x15=0xfffff800
        5735000	       572	80000644	05711663	bne	x2,x23,80000690	  x2:0x00000000 x23:0x80000000
        5745000	       573	00000000	00000013	addi	x0,x0,0	  x0:0x00000000
        5755000	       574	8000068c	00000013	addi	x0,x0,0	  x0:0x00000000
        5765000	       575	80000690	00849b13	slli	x22,x9,0x8	  x9:0x00000001 x22=0x00000100
        5775000	       576	80000694	a6df6a13	ori	x20,x30,-1427	 x30:0x80009fc4 x20=0xffffffed
        5785000	       577	80000698	eb70e637	lui	x12,0xeb70e	 x12=0xeb70e000
        5795000	       578	8000069c	04431663	bne	x6,x4,800006e8	  x6:0x80000124  x4:0x00000001
        5805000	       579	00000000	00000013	addi	x0,x0,0	  x0:0x00000000
        5815000	       580	800006e4	00000013	addi	x0,x0,0	  x0:0x00000000
        5825000	       581	800006e8	5f428913	addi	x18,x5,1524	  x5:0x80000334 x18=0x80000928
        5835000	       582	800006ec	0048b433	sltu	x8,x17,x4	 x17:0x800002b4  x4:0x00000001  x8=0x00000000
        5845000	       583	800006f0	404fdf93	srai	x31,x31,0x4	 x31:0x00000001 x31=0x00000000
        5855000	       584	800006f4	039f0463	beq	x30,x25,8000071c	 x30:0x80009fc4 x25:0x80009f84
        5865000	       585	800006f8	3d0eee13	ori	x28,x29,976	 x29:0x75a38ffe x28=0x75a38ffe
        5875000	       586	800006fc	02e00063	beq	x0,x14,8000071c	  x0:0x00000000 x14:0x00000000
        5885000	       587	00000000	00000013	addi	x0,x0,0	  x0:0x00000000
        5895000	       588	80000718	00000013	addi	x0,x0,0	  x0:0x00000000
        5905000	       589	8000071c	2e847b93	andi	x23,x8,744	  x8:0x00000000 x23=0x00000000
        5915000	       590	80000720	60aa1d17	auipc	x26,0x60aa1	 x26=0xe0aa171c
        5925000	       591	80000724	4e287793	andi	x15,x16,1250	 x16:0x8000030c x15=0x00000000
        5935000	       592	80000728	54830013	addi	x0,x6,1352	  x6:0x80000124
        5945000	       593	8000072c	000b5493	srli	x9,x22,0x0	 x22:0x00000100  x9=0x00000100
        5955000	       594	80000730	01169213	slli	x4,x13,0x11	 x13:0x7ffff81d  x4=0xf03a0000
        5965000	       595	80000734	0288e263	bltu	x17,x8,80000758	 x17:0x800002b4  x8:0x00000000
        5975000	       596	80000738	00fa39b3	sltu	x19,x20,x15	 x20:0xffffffed x15:0x00000000 x19=0x00000000
        5985000	       597	8000073c	05a6c663	blt	x13,x26,80000788	 x13:0x7ffff81d x26:0xe0aa171c
        5995000	       598	80000740	018ce8b3	or	x17,x25,x24	 x25:0x80009f84 x24:0x8000026c x17=0x80009fec
        6005000	       599	80000744	05190f93	addi	x31,x18,81	 x18:0x80000928 x31=0x80000979
        6015000	       600	80000748	010d3ab3	sltu	x21,x26,x16	 x26:0xe0aa171c x16:0x8000030c x21=0x00000000
        6025000	       601	8000074c	048f9063	bne	x31,x8,8000078c	 x31:0x80000979  x8:0x00000000
        6035000	       602	00000000	00000013	addi	x0,x0,0	  x0:0x00000000
        6045000	       603	80000788	00000013	addi	x0,x0,0	  x0:0x00000000
        6055000	       604	8000078c	033bde63	bge	x23,x19,800007c8	 x23:0x00000000 x19:0x00000000
        6065000	       605	00000000	00000013	addi	x0,x0,0	  x0:0x00000000
        6075000	       606	800007c4	00000013	addi	x0,x0,0	  x0:0x00000000
        6085000	       607	800007c8	7c7bc393	xori	x7,x23,1991	 x23:0x00000000  x7=0x000007c7
        6095000	       608	800007cc	7393ab13	slti	x22,x7,1849	  x7:0x000007c7 x22=0x00000000
        6105000	       609	800007d0	00889463	bne	x17,x8,800007d8	 x17:0x80009fec  x8:0x00000000
        6115000	       610	00000000	00000013	addi	x0,x0,0	  x0:0x00000000
        6125000	       611	800007d4	00000013	addi	x0,x0,0	  x0:0x00000000
        6135000	       612	800007d8	002327b3	slt	x15,x6,x2	  x6:0x80000124  x2:0x00000000 x15=0x00000001
        6145000	       613	800007dc	01a55913	srli	x18,x10,0x1a	 x10:0x8000019c x18=0x00000020
        6155000	       614	800007e0	00f028b3	slt	x17,x0,x15	  x0:0x00000000 x15:0x00000001 x17=0x00000001
        6165000	       615	800007e4	7f553f93	sltiu	x31,x10,2037	 x10:0x8000019c x31=0x00000000
        6175000	       616	800007e8	40e85b33	sra	x22,x16,x14	 x16:0x8000030c x14:0x00000000 x22=0x8000030c
        6185000	       617	800007ec	056c8063	beq	x25,x22,8000082c	 x25:0x80009f84 x22:0x8000030c
        6195000	       618	800007f0	3816df97	auipc	x31,0x3816d	 x31=0xb816d7ec
        6205000	       619	800007f4	942355b7	lui	x11,0x94235	 x11=0x94235000
        6215000	       620	800007f8	40d45613	srai	x12,x8,0xd	  x8:0x00000000 x12=0x00000000
        6225000	       621	800007fc	41155933	sra	x18,x10,x17	 x10:0x8000019c x17:0x00000001 x18=0xc00000ce
        6235000	       622	80000800	001643b3	xor	x7,x12,x1	 x12:0x00000000  x1:0x800002fc  x7=0x800002fc
        6245000	       623	80000804	0135c5b3	xor	x11,x11,x19	 x11:0x94235000 x19:0x00000000 x11=0x94235000
        6255000	       624	80000808	010cd9b3	srl	x19,x25,x16	 x25:0x80009f84 x16:0x8000030c x19=0x00080009
        6265000	       625	8000080c	f02a6b93	ori	x23,x20,-254	 x20:0xffffffed x23=0xffffffef
        6275000	       626	80000810	01015513	srli	x10,x2,0x10	  x2:0x00000000 x10=0x00000000
        6285000	       627	80000814	00df5033	srl	x0,x30,x13	 x30:0x80009fc4 x13:0x7ffff81d
        6295000	       628	80000818	015a3133	sltu	x2,x20,x21	 x20:0xffffffed x21:0x00000000  x2=0x00000000
        6305000	       629	8000081c	008ad7b3	srl	x15,x21,x8	 x21:0x00000000  x8:0x00000000 x15=0x00000000
        6315000	       630	80000820	010c8633	add	x12,x25,x16	 x25:0x80009f84 x16:0x8000030c x12=0x0000a290
        6325000	       631	80000824	0122c6b3	xor	x13,x5,x18	  x5:0x80000334 x18:0xc00000ce x13=0x400003fa
        6335000	       632	80000828	55864313	xori	x6,x12,1368	 x12:0x0000a290  x6=0x0000a7c8
        6345000	       633	8000082c	01b06c63	bltu	x0,x27,80000844	  x0:0x00000000 x27:0x0000010f
        6355000	       634	00000000	00000013	addi	x0,x0,0	  x0:0x00000000
        6365000	       635	80000840	00000013	addi	x0,x0,0	  x0:0x00000000
        6375000	       636	80000844	01814833	xor	x16,x2,x24	  x2:0x00000000 x24:0x8000026c x16=0x8000026c
        6385000	       637	80000848	41cf8a33	sub	x20,x31,x28	 x31:0xb816d7ec x28:0x75a38ffe x20=0x427347ee
        6395000	       638	8000084c	05535063	bge	x6,x21,8000088c	  x6:0x0000a7c8 x21:0x00000000
        6405000	       639	00000000	00000013	addi	x0,x0,0	  x0:0x00000000
        6415000	       640	80000888	00000013	addi	x0,x0,0	  x0:0x00000000
        6425000	       641	8000088c	6bc7ce13	xori	x28,x15,1724	 x15:0x00000000 x28=0x000006bc
        6435000	       642	80000890	c5d38b93	addi	x23,x7,-931	  x7:0x800002fc x23=0x7fffff59
        6445000	       643	80000894	00aeee63	bltu	x29,x10,800008b0	 x29:0x75a38ffe x10:0x00000000
        6455000	       644	80000898	265ec113	xori	x2,x29,613	 x29:0x75a38ffe  x2=0x75a38d9b
        6465000	       645	8000089c	00eb5e33	srl	x28,x22,x14	 x22:0x8000030c x14:0x00000000 x28=0x8000030c
        6475000	       646	800008a0	00330633	add	x12,x6,x3	  x6:0x0000a7c8  x3:0xfffffff8 x12=0x0000a7c0
        6485000	       647	800008a4	41765633	sra	x12,x12,x23	 x12:0x0000a7c0 x23:0x7fffff59 x12=0x00000000
        6495000	       648	800008a8	01702233	slt	x4,x0,x23	  x0:0x00000000 x23:0x7fffff59  x4=0x00000001
        6505000	       649	800008ac	011c5db3	srl	x27,x24,x17	 x24:0x8000026c x17:0x00000001 x27=0x40000136
        6515000	       650	800008b0	a9918a93	addi	x21,x3,-1383	  x3:0xfffffff8 x21=0xfffffa91
        6525000	       651	800008b4	00000e97	auipc	x29,0x0	 x29=0x800008b0
        6535000	       652	800008b8	00ce8e93	addi	x29,x29,12	 x29:0x800008b0 x29=0x800008bc
        6545000	       653	800008bc	000e8067	jalr	x0,x29,0	 x29:0x800008bc
        6555000	       654	00000000	00000013	addi	x0,x0,0	  x0:0x00000000
        6565000	       655	800008bc	00000013	addi	x0,x0,0	  x0:0x00000000
        6575000	       656	800008c0	00100193	addi	x3,x0,1	  x0:0x00000000  x3=0x00000001
        6585000	       657	800008c4	00000073	ecall	
        6595000	       658	800008c8	00801263	bne	x0,x8,800008cc	  x0:0x00000000  x8:0x00000000
