		Time			Cycle	PC		Insn	Decoded instruction	Register and memory contents
          65000	         5	80000004	00000293	addi	x5,x0,0	  x0:0x00000000  x5=0x00000000
          75000	         6	80000008	00000313	addi	x6,x0,0	  x0:0x00000000  x6=0x00000000
          85000	         7	8000000c	00628263	beq	x5,x6,80000010	  x5:0x00000000  x6:0x00000000
          95000	         8	00000000	00000013	addi	x0,x0,0	  x0:0x00000000
         105000	         9	8000000c	00000013	addi	x0,x0,0	  x0:0x00000000
         115000	        10	80000010	00000d17	auipc	x26,0x0	 x26=0x8000000c
         125000	        11	80000014	00cd0d13	addi	x26,x26,12	 x26:0x8000000c x26=0x80000018
         135000	        12	80000018	000d0067	jalr	x0,x26,0	 x26:0x80000018
         145000	        13	00000000	00000013	addi	x0,x0,0	  x0:0x00000000
         155000	        14	80000018	00000013	addi	x0,x0,0	  x0:0x00000000
         165000	        15	8000001c	400007b7	lui	x15,0x40000	 x15=0x40000000
         175000	        16	80000020	10078793	addi	x15,x15,256	 x15:0x40000000 x15=0x40000100
         185000	        17	80000024	00000013	addi	x0,x0,0	  x0:0x00000000
         195000	        18	80000028	0000ae17	auipc	x28,0xa	 x28=0x8000a024
         205000	        19	8000002c	fa0e0e13	addi	x28,x28,-96	 x28:0x8000a024 x28=0x80009fc4
         215000	        20	80000030	00004797	auipc	x15,0x4	 x15=0x8000402c
         225000	        21	80000034	5ec78793	addi	x15,x15,1516	 x15:0x8000402c x15=0x80004618
         235000	        22	80000038	0007e793	ori	x15,x15,0	 x15:0x80004618 x15=0x80004618
         245000	        23	8000003c	00000013	addi	x0,x0,0	  x0:0x00000000
         255000	        24	80000040	00000797	auipc	x15,0x0	 x15=0x8000003c
         265000	        25	80000044	02078793	addi	x15,x15,32	 x15:0x8000003c x15=0x8000005c
         275000	        26	80000048	00000013	addi	x0,x0,0	  x0:0x00000000
         285000	        27	8000004c	00000013	addi	x0,x0,0	  x0:0x00000000
         295000	        28	80000050	000027b7	lui	x15,0x2	 x15=0x00002000
         305000	        29	80000054	80078793	addi	x15,x15,-2048	 x15:0x00002000 x15=0x00001800
         315000	        30	80000058	00000013	addi	x0,x0,0	  x0:0x00000000
         325000	        31	8000005c	00000013	addi	x0,x0,0	  x0:0x00000000
         335000	        32	80000060	b10c7037	lui	x0,0xb10c7	
         345000	        33	80000064	8c600013	addi	x0,x0,-1850	  x0:0x00000000
         355000	        34	80000068	00000093	addi	x1,x0,0	  x0:0x00000000  x1=0x00000000
         365000	        35	8000006c	00000113	addi	x2,x0,0	  x0:0x00000000  x2=0x00000000
         375000	        36	80000070	800001b7	lui	x3,0x80000	  x3=0x80000000
         385000	        37	80000074	80000237	lui	x4,0x80000	  x4=0x80000000
         395000	        38	80000078	7dff82b7	lui	x5,0x7dff8	  x5=0x7dff8000
         405000	        39	8000007c	64828293	addi	x5,x5,1608	  x5:0x7dff8000  x5=0x7dff8648
         415000	        40	80000080	fbfca337	lui	x6,0xfbfca	  x6=0xfbfca000
         425000	        41	80000084	5e930313	addi	x6,x6,1513	  x6:0xfbfca000  x6=0xfbfca5e9
         435000	        42	80000088	f3c0b3b7	lui	x7,0xf3c0b	  x7=0xf3c0b000
         445000	        43	8000008c	c0a38393	addi	x7,x7,-1014	  x7:0xf3c0b000  x7=0xf3c0ac0a
         455000	        44	80000090	00900413	addi	x8,x0,9	  x0:0x00000000  x8=0x00000009
         465000	        45	80000094	800004b7	lui	x9,0x80000	  x9=0x80000000
         475000	        46	80000098	9fd03537	lui	x10,0x9fd03	 x10=0x9fd03000
         485000	        47	8000009c	3f750513	addi	x10,x10,1015	 x10:0x9fd03000 x10=0x9fd033f7
         495000	        48	800000a0	00100593	addi	x11,x0,1	  x0:0x00000000 x11=0x00000001
         505000	        49	800000a4	00000613	addi	x12,x0,0	  x0:0x00000000 x12=0x00000000
         515000	        50	800000a8	00000693	addi	x13,x0,0	  x0:0x00000000 x13=0x00000000
         525000	        51	800000ac	00000713	addi	x14,x0,0	  x0:0x00000000 x14=0x00000000
         535000	        52	800000b0	00b00793	addi	x15,x0,11	  x0:0x00000000 x15=0x0000000b
         545000	        53	800000b4	80000837	lui	x16,0x80000	 x16=0x80000000
         555000	        54	800000b8	f3f828b7	lui	x17,0xf3f82	 x17=0xf3f82000
         565000	        55	800000bc	a6a88893	addi	x17,x17,-1430	 x17:0xf3f82000 x17=0xf3f81a6a
         575000	        56	800000c0	80000937	lui	x18,0x80000	 x18=0x80000000
         585000	        57	800000c4	00400993	addi	x19,x0,4	  x0:0x00000000 x19=0x00000004
         595000	        58	800000c8	95feda37	lui	x20,0x95fed	 x20=0x95fed000
         605000	        59	800000cc	e94a0a13	addi	x20,x20,-364	 x20:0x95fed000 x20=0x95fece94
         615000	        60	800000d0	f732eab7	lui	x21,0xf732e	 x21=0xf732e000
         625000	        61	800000d4	b87a8a93	addi	x21,x21,-1145	 x21:0xf732e000 x21=0xf732db87
         635000	        62	800000d8	00000b13	addi	x22,x0,0	  x0:0x00000000 x22=0x00000000
         645000	        63	800000dc	00000b93	addi	x23,x0,0	  x0:0x00000000 x23=0x00000000
         655000	        64	800000e0	00000c13	addi	x24,x0,0	  x0:0x00000000 x24=0x00000000
         665000	        65	800000e4	00000c93	addi	x25,x0,0	  x0:0x00000000 x25=0x00000000
         675000	        66	800000e8	00800d13	addi	x26,x0,8	  x0:0x00000000 x26=0x00000008
         685000	        67	800000ec	00200d93	addi	x27,x0,2	  x0:0x00000000 x27=0x00000002
         695000	        68	800000f0	00300e93	addi	x29,x0,3	  x0:0x00000000 x29=0x00000003
         705000	        69	800000f4	00600f93	addi	x31,x0,6	  x0:0x00000000 x31=0x00000006
         715000	        70	800000f8	0000af17	auipc	x30,0xa	 x30=0x8000a0f4
         725000	        71	800000fc	e90f0f13	addi	x30,x30,-368	 x30:0x8000a0f4 x30=0x80009f84
         735000	        72	80000100	00003e97	auipc	x29,0x3	 x29=0x800030fc
         745000	        73	80000104	7f4e8e93	addi	x29,x29,2036	 x29:0x800030fc x29=0x800038f0
         755000	        74	80000108	a2971f97	auipc	x31,0xa2971	 x31=0x22971104
         765000	        75	8000010c	4a1be513	ori	x10,x23,1185	 x23:0x00000000 x10=0x000004a1
         775000	        76	80000110	8cb92113	slti	x2,x18,-1845	 x18:0x80000000  x2=0x00000001
         785000	        77	80000114	3dbe8e93	addi	x29,x29,987	 x29:0x800038f0 x29=0x80003ccb
         795000	        78	80000118	efdc1f97	auipc	x31,0xefdc1	 x31=0x6fdc1114
         805000	        79	8000011c	417180b3	sub	x1,x3,x23	  x3:0x80000000 x23:0x00000000  x1=0x80000000
         815000	        80	80000120	01688463	beq	x17,x22,80000128	 x17:0xf3f81a6a x22:0x00000000
         825000	        81	80000124	1e0cf593	andi	x11,x25,480	 x25:0x00000000 x11=0x00000000
         835000	        82	80000128	c25e8667	jalr	x12,x29,-987	 x29:0x80003ccb x12=0x80000128
         845000	        83	00000000	00000013	addi	x0,x0,0	  x0:0x00000000
         855000	        84	800038f0	00000013	addi	x0,x0,0	  x0:0x00000000
         865000	        85	800038f4	ff8f0f13	addi	x30,x30,-8	 x30:0x80009f84 x30=0x80009f7c
         875000	        86	800038f8	7dc6b997	auipc	x19,0x7dc6b	 x19=0xfdc6e8f4
         885000	        87	800038fc	f1c50193	addi	x3,x10,-228	 x10:0x000004a1  x3=0x000003bd
         895000	        88	80003900	00cf2223	sw	x12,4(x30)	 x30:0x80009f7c x12:0x80000128 PA:0x80009f80
         905000	        89	80003904	01ff8c33	add	x24,x31,x31	 x31:0x6fdc1114 x31:0x6fdc1114 x24=0xdfb82228
         915000	        90	80003908	0440066f	jal	x12,80003908	 x12=0x80003908
         925000	        91	00000000	00000013	addi	x0,x0,0	  x0:0x00000000
         935000	        92	80003948	00000013	addi	x0,x0,0	  x0:0x00000000
         945000	        93	8000394c	fedff0ef	jal	x1,8000394c	  x1=0x8000394c
         955000	        94	00000000	00000013	addi	x0,x0,0	  x0:0x00000000
         965000	        95	80003934	00000013	addi	x0,x0,0	  x0:0x00000000
         975000	        96	80003938	ffdff36f	jal	x6,80003938	  x6=0x80003938
         985000	        97	00000000	00000013	addi	x0,x0,0	  x0:0x00000000
         995000	        98	80003930	00000013	addi	x0,x0,0	  x0:0x00000000
        1005000	        99	80003934	014000ef	jal	x1,80003934	  x1=0x80003934
        1015000	       100	00000000	00000013	addi	x0,x0,0	  x0:0x00000000
        1025000	       101	80003944	00000013	addi	x0,x0,0	  x0:0x00000000
        1035000	       102	80003948	018002ef	jal	x5,80003948	  x5=0x80003948
        1045000	       103	00000000	00000013	addi	x0,x0,0	  x0:0x00000000
        1055000	       104	8000395c	00000013	addi	x0,x0,0	  x0:0x00000000
        1065000	       105	80003960	fddff0ef	jal	x1,80003960	  x1=0x80003960
        1075000	       106	00000000	00000013	addi	x0,x0,0	  x0:0x00000000
        1085000	       107	80003938	00000013	addi	x0,x0,0	  x0:0x00000000
        1095000	       108	8000393c	ff1ff0ef	jal	x1,8000393c	  x1=0x8000393c
        1105000	       109	00000000	00000013	addi	x0,x0,0	  x0:0x00000000
        1115000	       110	80003928	00000013	addi	x0,x0,0	  x0:0x00000000
        1125000	       111	8000392c	fe9ff0ef	jal	x1,8000392c	  x1=0x8000392c
        1135000	       112	00000000	00000013	addi	x0,x0,0	  x0:0x00000000
        1145000	       113	80003910	00000013	addi	x0,x0,0	  x0:0x00000000
        1155000	       114	80003914	050003ef	jal	x7,80003914	  x7=0x80003914
        1165000	       115	00000000	00000013	addi	x0,x0,0	  x0:0x00000000
        1175000	       116	80003960	00000013	addi	x0,x0,0	  x0:0x00000000
        1185000	       117	80003964	ff5ff0ef	jal	x1,80003964	  x1=0x80003964
        1195000	       118	00000000	00000013	addi	x0,x0,0	  x0:0x00000000
        1205000	       119	80003954	00000013	addi	x0,x0,0	  x0:0x00000000
        1215000	       120	80003958	fc9ff1ef	jal	x3,80003958	  x3=0x80003958
        1225000	       121	00000000	00000013	addi	x0,x0,0	  x0:0x00000000
        1235000	       122	8000391c	00000013	addi	x0,x0,0	  x0:0x00000000
        1245000	       123	80003920	0340036f	jal	x6,80003920	  x6=0x80003920
        1255000	       124	00000000	00000013	addi	x0,x0,0	  x0:0x00000000
        1265000	       125	80003950	00000013	addi	x0,x0,0	  x0:0x00000000
        1275000	       126	80003954	fc9ff0ef	jal	x1,80003954	  x1=0x80003954
        1285000	       127	00000000	00000013	addi	x0,x0,0	  x0:0x00000000
        1295000	       128	80003918	00000013	addi	x0,x0,0	  x0:0x00000000
        1305000	       129	8000391c	0080026f	jal	x4,8000391c	  x4=0x8000391c
        1315000	       130	00000000	00000013	addi	x0,x0,0	  x0:0x00000000
        1325000	       131	80003920	00000013	addi	x0,x0,0	  x0:0x00000000
        1335000	       132	80003924	fe9ff0ef	jal	x1,80003924	  x1=0x80003924
        1345000	       133	00000000	00000013	addi	x0,x0,0	  x0:0x00000000
        1355000	       134	80003908	00000013	addi	x0,x0,0	  x0:0x00000000
        1365000	       135	8000390c	0040036f	jal	x6,8000390c	  x6=0x8000390c
        1375000	       136	00000000	00000013	addi	x0,x0,0	  x0:0x00000000
        1385000	       137	8000390c	00000013	addi	x0,x0,0	  x0:0x00000000
        1395000	       138	80003910	030000ef	jal	x1,80003910	  x1=0x80003910
        1405000	       139	00000000	00000013	addi	x0,x0,0	  x0:0x00000000
        1415000	       140	8000393c	00000013	addi	x0,x0,0	  x0:0x00000000
        1425000	       141	80003940	01c000ef	jal	x1,80003940	  x1=0x80003940
        1435000	       142	00000000	00000013	addi	x0,x0,0	  x0:0x00000000
        1445000	       143	80003958	00000013	addi	x0,x0,0	  x0:0x00000000
        1455000	       144	8000395c	ff5ff36f	jal	x6,8000395c	  x6=0x8000395c
        1465000	       145	00000000	00000013	addi	x0,x0,0	  x0:0x00000000
        1475000	       146	8000394c	00000013	addi	x0,x0,0	  x0:0x00000000
        1485000	       147	80003950	fe1ff6ef	jal	x13,80003950	 x13=0x80003950
        1495000	       148	00000000	00000013	addi	x0,x0,0	  x0:0x00000000
        1505000	       149	8000392c	00000013	addi	x0,x0,0	  x0:0x00000000
        1515000	       150	80003930	0140026f	jal	x4,80003930	  x4=0x80003930
        1525000	       151	00000000	00000013	addi	x0,x0,0	  x0:0x00000000
        1535000	       152	80003940	00000013	addi	x0,x0,0	  x0:0x00000000
        1545000	       153	80003944	fe5ff0ef	jal	x1,80003944	  x1=0x80003944
        1555000	       154	00000000	00000013	addi	x0,x0,0	  x0:0x00000000
        1565000	       155	80003924	00000013	addi	x0,x0,0	  x0:0x00000000
        1575000	       156	80003928	ff1ff56f	jal	x10,80003928	 x10=0x80003928
        1585000	       157	00000000	00000013	addi	x0,x0,0	  x0:0x00000000
        1595000	       158	80003914	00000013	addi	x0,x0,0	  x0:0x00000000
        1605000	       159	80003918	050000ef	jal	x1,80003918	  x1=0x80003918
        1615000	       160	00000000	00000013	addi	x0,x0,0	  x0:0x00000000
        1625000	       161	80003964	00000013	addi	x0,x0,0	  x0:0x00000000
        1635000	       162	80003968	2d876313	ori	x6,x14,728	 x14:0x00000000  x6=0x000002d8
        1645000	       163	8000396c	0340066f	jal	x12,8000396c	 x12=0x8000396c
        1655000	       164	00000000	00000013	addi	x0,x0,0	  x0:0x00000000
        1665000	       165	8000399c	00000013	addi	x0,x0,0	  x0:0x00000000
        1675000	       166	800039a0	fd1ff2ef	jal	x5,800039a0	  x5=0x800039a0
        1685000	       167	00000000	00000013	addi	x0,x0,0	  x0:0x00000000
        1695000	       168	8000396c	00000013	addi	x0,x0,0	  x0:0x00000000
        1705000	       169	80003970	014000ef	jal	x1,80003970	  x1=0x80003970
        1715000	       170	00000000	00000013	addi	x0,x0,0	  x0:0x00000000
        1725000	       171	80003980	00000013	addi	x0,x0,0	  x0:0x00000000
        1735000	       172	80003984	00c001ef	jal	x3,80003984	  x3=0x80003984
        1745000	       173	00000000	00000013	addi	x0,x0,0	  x0:0x00000000
        1755000	       174	8000398c	00000013	addi	x0,x0,0	  x0:0x00000000
        1765000	       175	80003990	0040036f	jal	x6,80003990	  x6=0x80003990
        1775000	       176	00000000	00000013	addi	x0,x0,0	  x0:0x00000000
        1785000	       177	80003990	00000013	addi	x0,x0,0	  x0:0x00000000
        1795000	       178	80003994	ff9ff0ef	jal	x1,80003994	  x1=0x80003994
        1805000	       179	00000000	00000013	addi	x0,x0,0	  x0:0x00000000
        1815000	       180	80003988	00000013	addi	x0,x0,0	  x0:0x00000000
        1825000	       181	8000398c	fe9ff36f	jal	x6,8000398c	  x6=0x8000398c
        1835000	       182	00000000	00000013	addi	x0,x0,0	  x0:0x00000000
        1845000	       183	80003970	00000013	addi	x0,x0,0	  x0:0x00000000
        1855000	       184	80003974	0280016f	jal	x2,80003974	  x2=0x80003974
        1865000	       185	00000000	00000013	addi	x0,x0,0	  x0:0x00000000
        1875000	       186	80003998	00000013	addi	x0,x0,0	  x0:0x00000000
        1885000	       187	8000399c	fddff4ef	jal	x9,8000399c	  x9=0x8000399c
        1895000	       188	00000000	00000013	addi	x0,x0,0	  x0:0x00000000
        1905000	       189	80003974	00000013	addi	x0,x0,0	  x0:0x00000000
        1915000	       190	80003978	0200036f	jal	x6,80003978	  x6=0x80003978
        1925000	       191	00000000	00000013	addi	x0,x0,0	  x0:0x00000000
        1935000	       192	80003994	00000013	addi	x0,x0,0	  x0:0x00000000
        1945000	       193	80003998	ff1ff0ef	jal	x1,80003998	  x1=0x80003998
        1955000	       194	00000000	00000013	addi	x0,x0,0	  x0:0x00000000
        1965000	       195	80003984	00000013	addi	x0,x0,0	  x0:0x00000000
        1975000	       196	80003988	ff5ff0ef	jal	x1,80003988	  x1=0x80003988
        1985000	       197	00000000	00000013	addi	x0,x0,0	  x0:0x00000000
        1995000	       198	80003978	00000013	addi	x0,x0,0	  x0:0x00000000
        2005000	       199	8000397c	028000ef	jal	x1,8000397c	  x1=0x8000397c
        2015000	       200	00000000	00000013	addi	x0,x0,0	  x0:0x00000000
        2025000	       201	800039a0	00000013	addi	x0,x0,0	  x0:0x00000000
        2035000	       202	800039a4	fddff36f	jal	x6,800039a4	  x6=0x800039a4
        2045000	       203	00000000	00000013	addi	x0,x0,0	  x0:0x00000000
        2055000	       204	8000397c	00000013	addi	x0,x0,0	  x0:0x00000000
        2065000	       205	80003980	0280026f	jal	x4,80003980	  x4=0x80003980
        2075000	       206	00000000	00000013	addi	x0,x0,0	  x0:0x00000000
        2085000	       207	800039a4	00000013	addi	x0,x0,0	  x0:0x00000000
        2095000	       208	800039a8	417f5833	sra	x16,x30,x23	 x30:0x80009f7c x23:0x00000000 x16=0x80009f7c
        2105000	       209	800039ac	0080066f	jal	x12,800039ac	 x12=0x800039ac
        2115000	       210	00000000	00000013	addi	x0,x0,0	  x0:0x00000000
        2125000	       211	800039b0	00000013	addi	x0,x0,0	  x0:0x00000000
        2135000	       212	800039b4	0200036f	jal	x6,800039b4	  x6=0x800039b4
        2145000	       213	00000000	00000013	addi	x0,x0,0	  x0:0x00000000
        2155000	       214	800039d0	00000013	addi	x0,x0,0	  x0:0x00000000
        2165000	       215	800039d4	fe9ff2ef	jal	x5,800039d4	  x5=0x800039d4
        2175000	       216	00000000	00000013	addi	x0,x0,0	  x0:0x00000000
        2185000	       217	800039b8	00000013	addi	x0,x0,0	  x0:0x00000000
        2195000	       218	800039bc	ff5ff0ef	jal	x1,800039bc	  x1=0x800039bc
        2205000	       219	00000000	00000013	addi	x0,x0,0	  x0:0x00000000
        2215000	       220	800039ac	00000013	addi	x0,x0,0	  x0:0x00000000
        2225000	       221	800039b0	0340036f	jal	x6,800039b0	  x6=0x800039b0
        2235000	       222	00000000	00000013	addi	x0,x0,0	  x0:0x00000000
        2245000	       223	800039e0	00000013	addi	x0,x0,0	  x0:0x00000000
        2255000	       224	800039e4	fe5ff0ef	jal	x1,800039e4	  x1=0x800039e4
        2265000	       225	00000000	00000013	addi	x0,x0,0	  x0:0x00000000
        2275000	       226	800039c4	00000013	addi	x0,x0,0	  x0:0x00000000
        2285000	       227	800039c8	ffdffbef	jal	x23,800039c8	 x23=0x800039c8
        2295000	       228	00000000	00000013	addi	x0,x0,0	  x0:0x00000000
        2305000	       229	800039c0	00000013	addi	x0,x0,0	  x0:0x00000000
        2315000	       230	800039c4	00c000ef	jal	x1,800039c4	  x1=0x800039c4
        2325000	       231	00000000	00000013	addi	x0,x0,0	  x0:0x00000000
        2335000	       232	800039cc	00000013	addi	x0,x0,0	  x0:0x00000000
        2345000	       233	800039d0	0180016f	jal	x2,800039d0	  x2=0x800039d0
        2355000	       234	00000000	00000013	addi	x0,x0,0	  x0:0x00000000
        2365000	       235	800039e4	00000013	addi	x0,x0,0	  x0:0x00000000
        2375000	       236	800039e8	ff1ff16f	jal	x2,800039e8	  x2=0x800039e8
        2385000	       237	00000000	00000013	addi	x0,x0,0	  x0:0x00000000
        2395000	       238	800039d4	00000013	addi	x0,x0,0	  x0:0x00000000
        2405000	       239	800039d8	fe9ff0ef	jal	x1,800039d8	  x1=0x800039d8
        2415000	       240	00000000	00000013	addi	x0,x0,0	  x0:0x00000000
        2425000	       241	800039bc	00000013	addi	x0,x0,0	  x0:0x00000000
        2435000	       242	800039c0	0300036f	jal	x6,800039c0	  x6=0x800039c0
        2445000	       243	00000000	00000013	addi	x0,x0,0	  x0:0x00000000
        2455000	       244	800039ec	00000013	addi	x0,x0,0	  x0:0x00000000
        2465000	       245	800039f0	0080036f	jal	x6,800039f0	  x6=0x800039f0
        2475000	       246	00000000	00000013	addi	x0,x0,0	  x0:0x00000000
        2485000	       247	800039f4	00000013	addi	x0,x0,0	  x0:0x00000000
        2495000	       248	800039f8	fc1ff36f	jal	x6,800039f8	  x6=0x800039f8
        2505000	       249	00000000	00000013	addi	x0,x0,0	  x0:0x00000000
        2515000	       250	800039b4	00000013	addi	x0,x0,0	  x0:0x00000000
        2525000	       251	800039b8	0340036f	jal	x6,800039b8	  x6=0x800039b8
        2535000	       252	00000000	00000013	addi	x0,x0,0	  x0:0x00000000
        2545000	       253	800039e8	00000013	addi	x0,x0,0	  x0:0x00000000
        2555000	       254	800039ec	ff1ffb6f	jal	x22,800039ec	 x22=0x800039ec
        2565000	       255	00000000	00000013	addi	x0,x0,0	  x0:0x00000000
        2575000	       256	800039d8	00000013	addi	x0,x0,0	  x0:0x00000000
        2585000	       257	800039dc	ff1ff16f	jal	x2,800039dc	  x2=0x800039dc
        2595000	       258	00000000	00000013	addi	x0,x0,0	  x0:0x00000000
        2605000	       259	800039c8	00000013	addi	x0,x0,0	  x0:0x00000000
        2615000	       260	800039cc	0140036f	jal	x6,800039cc	  x6=0x800039cc
        2625000	       261	00000000	00000013	addi	x0,x0,0	  x0:0x00000000
        2635000	       262	800039dc	00000013	addi	x0,x0,0	  x0:0x00000000
        2645000	       263	800039e0	0140036f	jal	x6,800039e0	  x6=0x800039e0
        2655000	       264	00000000	00000013	addi	x0,x0,0	  x0:0x00000000
        2665000	       265	800039f0	00000013	addi	x0,x0,0	  x0:0x00000000
        2675000	       266	800039f4	0080036f	jal	x6,800039f4	  x6=0x800039f4
        2685000	       267	00000000	00000013	addi	x0,x0,0	  x0:0x00000000
        2695000	       268	800039f8	00000013	addi	x0,x0,0	  x0:0x00000000
        2705000	       269	800039fc	018cf933	and	x18,x25,x24	 x25:0x00000000 x24:0xdfb82228 x18=0x00000000
        2715000	       270	80003a00	0380066f	jal	x12,80003a00	 x12=0x80003a00
        2725000	       271	00000000	00000013	addi	x0,x0,0	  x0:0x00000000
        2735000	       272	80003a34	00000013	addi	x0,x0,0	  x0:0x00000000
        2745000	       273	80003a38	ff5ff0ef	jal	x1,80003a38	  x1=0x80003a38
        2755000	       274	00000000	00000013	addi	x0,x0,0	  x0:0x00000000
        2765000	       275	80003a28	00000013	addi	x0,x0,0	  x0:0x00000000
        2775000	       276	80003a2c	fe1ff0ef	jal	x1,80003a2c	  x1=0x80003a2c
        2785000	       277	00000000	00000013	addi	x0,x0,0	  x0:0x00000000
        2795000	       278	80003a08	00000013	addi	x0,x0,0	  x0:0x00000000
        2805000	       279	80003a0c	038000ef	jal	x1,80003a0c	  x1=0x80003a0c
        2815000	       280	00000000	00000013	addi	x0,x0,0	  x0:0x00000000
        2825000	       281	80003a40	00000013	addi	x0,x0,0	  x0:0x00000000
        2835000	       282	80003a44	fd9ff36f	jal	x6,80003a44	  x6=0x80003a44
        2845000	       283	00000000	00000013	addi	x0,x0,0	  x0:0x00000000
        2855000	       284	80003a18	00000013	addi	x0,x0,0	  x0:0x00000000
        2865000	       285	80003a1c	018002ef	jal	x5,80003a1c	  x5=0x80003a1c
        2875000	       286	00000000	00000013	addi	x0,x0,0	  x0:0x00000000
        2885000	       287	80003a30	00000013	addi	x0,x0,0	  x0:0x00000000
        2895000	       288	80003a34	ff5ff0ef	jal	x1,80003a34	  x1=0x80003a34
        2905000	       289	00000000	00000013	addi	x0,x0,0	  x0:0x00000000
        2915000	       290	80003a24	00000013	addi	x0,x0,0	  x0:0x00000000
        2925000	       291	80003a28	020000ef	jal	x1,80003a28	  x1=0x80003a28
        2935000	       292	00000000	00000013	addi	x0,x0,0	  x0:0x00000000
        2945000	       293	80003a44	00000013	addi	x0,x0,0	  x0:0x00000000
        2955000	       294	80003a48	ff9ff0ef	jal	x1,80003a48	  x1=0x80003a48
        2965000	       295	00000000	00000013	addi	x0,x0,0	  x0:0x00000000
        2975000	       296	80003a3c	00000013	addi	x0,x0,0	  x0:0x00000000
        2985000	       297	80003a40	fe1ff0ef	jal	x1,80003a40	  x1=0x80003a40
        2995000	       298	00000000	00000013	addi	x0,x0,0	  x0:0x00000000
        3005000	       299	80003a1c	00000013	addi	x0,x0,0	  x0:0x00000000
        3015000	       300	80003a20	ff5ff0ef	jal	x1,80003a20	  x1=0x80003a20
        3025000	       301	00000000	00000013	addi	x0,x0,0	  x0:0x00000000
        3035000	       302	80003a10	00000013	addi	x0,x0,0	  x0:0x00000000
        3045000	       303	80003a14	01c000ef	jal	x1,80003a14	  x1=0x80003a14
        3055000	       304	00000000	00000013	addi	x0,x0,0	  x0:0x00000000
        3065000	       305	80003a2c	00000013	addi	x0,x0,0	  x0:0x00000000
        3075000	       306	80003a30	fd5ff0ef	jal	x1,80003a30	  x1=0x80003a30
        3085000	       307	00000000	00000013	addi	x0,x0,0	  x0:0x00000000
        3095000	       308	80003a00	00000013	addi	x0,x0,0	  x0:0x00000000
        3105000	       309	80003a04	0480036f	jal	x6,80003a04	  x6=0x80003a04
        3115000	       310	00000000	00000013	addi	x0,x0,0	  x0:0x00000000
        3125000	       311	80003a48	00000013	addi	x0,x0,0	  x0:0x00000000
        3135000	       312	80003a4c	fbdff4ef	jal	x9,80003a4c	  x9=0x80003a4c
        3145000	       313	00000000	00000013	addi	x0,x0,0	  x0:0x00000000
        3155000	       314	80003a04	00000013	addi	x0,x0,0	  x0:0x00000000
        3165000	       315	80003a08	01c001ef	jal	x3,80003a08	  x3=0x80003a08
        3175000	       316	00000000	00000013	addi	x0,x0,0	  x0:0x00000000
        3185000	       317	80003a20	00000013	addi	x0,x0,0	  x0:0x00000000
        3195000	       318	80003a24	0180016f	jal	x2,80003a24	  x2=0x80003a24
        3205000	       319	00000000	00000013	addi	x0,x0,0	  x0:0x00000000
        3215000	       320	80003a38	00000013	addi	x0,x0,0	  x0:0x00000000
        3225000	       321	80003a3c	fd5ffcef	jal	x25,80003a3c	 x25=0x80003a3c
        3235000	       322	00000000	00000013	addi	x0,x0,0	  x0:0x00000000
        3245000	       323	80003a0c	00000013	addi	x0,x0,0	  x0:0x00000000
        3255000	       324	80003a10	0080046f	jal	x8,80003a10	  x8=0x80003a10
        3265000	       325	00000000	00000013	addi	x0,x0,0	  x0:0x00000000
        3275000	       326	80003a14	00000013	addi	x0,x0,0	  x0:0x00000000
        3285000	       327	80003a18	038000ef	jal	x1,80003a18	  x1=0x80003a18
        3295000	       328	00000000	00000013	addi	x0,x0,0	  x0:0x00000000
        3305000	       329	80003a4c	00000013	addi	x0,x0,0	  x0:0x00000000
        3315000	       330	80003a50	01940233	add	x4,x8,x25	  x8:0x80003a10 x25:0x80003a3c  x4=0x0000744c
        3325000	       331	80003a54	0080066f	jal	x12,80003a54	 x12=0x80003a54
        3335000	       332	00000000	00000013	addi	x0,x0,0	  x0:0x00000000
        3345000	       333	80003a58	00000013	addi	x0,x0,0	  x0:0x00000000
        3355000	       334	80003a5c	0240036f	jal	x6,80003a5c	  x6=0x80003a5c
        3365000	       335	00000000	00000013	addi	x0,x0,0	  x0:0x00000000
        3375000	       336	80003a7c	00000013	addi	x0,x0,0	  x0:0x00000000
        3385000	       337	80003a80	ffdff0ef	jal	x1,80003a80	  x1=0x80003a80
        3395000	       338	00000000	00000013	addi	x0,x0,0	  x0:0x00000000
        3405000	       339	80003a78	00000013	addi	x0,x0,0	  x0:0x00000000
        3415000	       340	80003a7c	fe9ff6ef	jal	x13,80003a7c	 x13=0x80003a7c
        3425000	       341	00000000	00000013	addi	x0,x0,0	  x0:0x00000000
        3435000	       342	80003a60	00000013	addi	x0,x0,0	  x0:0x00000000
        3445000	       343	80003a64	020000ef	jal	x1,80003a64	  x1=0x80003a64
        3455000	       344	00000000	00000013	addi	x0,x0,0	  x0:0x00000000
        3465000	       345	80003a80	00000013	addi	x0,x0,0	  x0:0x00000000
        3475000	       346	80003a84	fddff36f	jal	x6,80003a84	  x6=0x80003a84
        3485000	       347	00000000	00000013	addi	x0,x0,0	  x0:0x00000000
        3495000	       348	80003a5c	00000013	addi	x0,x0,0	  x0:0x00000000
        3505000	       349	80003a60	ff9ff0ef	jal	x1,80003a60	  x1=0x80003a60
        3515000	       350	00000000	00000013	addi	x0,x0,0	  x0:0x00000000
        3525000	       351	80003a54	00000013	addi	x0,x0,0	  x0:0x00000000
        3535000	       352	80003a58	018000ef	jal	x1,80003a58	  x1=0x80003a58
        3545000	       353	00000000	00000013	addi	x0,x0,0	  x0:0x00000000
        3555000	       354	80003a6c	00000013	addi	x0,x0,0	  x0:0x00000000
        3565000	       355	80003a70	004000ef	jal	x1,80003a70	  x1=0x80003a70
        3575000	       356	00000000	00000013	addi	x0,x0,0	  x0:0x00000000
        3585000	       357	80003a70	00000013	addi	x0,x0,0	  x0:0x00000000
        3595000	       358	80003a74	ff5ff0ef	jal	x1,80003a74	  x1=0x80003a74
        3605000	       359	00000000	00000013	addi	x0,x0,0	  x0:0x00000000
        3615000	       360	80003a64	00000013	addi	x0,x0,0	  x0:0x00000000
        3625000	       361	80003a68	004000ef	jal	x1,80003a68	  x1=0x80003a68
        3635000	       362	00000000	00000013	addi	x0,x0,0	  x0:0x00000000
        3645000	       363	80003a68	00000013	addi	x0,x0,0	  x0:0x00000000
        3655000	       364	80003a6c	00c000ef	jal	x1,80003a6c	  x1=0x80003a6c
        3665000	       365	00000000	00000013	addi	x0,x0,0	  x0:0x00000000
        3675000	       366	80003a74	00000013	addi	x0,x0,0	  x0:0x00000000
        3685000	       367	80003a78	010000ef	jal	x1,80003a78	  x1=0x80003a78
        3695000	       368	00000000	00000013	addi	x0,x0,0	  x0:0x00000000
        3705000	       369	80003a84	00000013	addi	x0,x0,0	  x0:0x00000000
        3715000	       370	80003a88	67408e93	addi	x29,x1,1652	  x1:0x80003a78 x29=0x800040ec
        3725000	       371	80003a8c	0200066f	jal	x12,80003a8c	 x12=0x80003a8c
        3735000	       372	00000000	00000013	addi	x0,x0,0	  x0:0x00000000
        3745000	       373	80003aa8	00000013	addi	x0,x0,0	  x0:0x00000000
        3755000	       374	80003aac	00c000ef	jal	x1,80003aac	  x1=0x80003aac
        3765000	       375	00000000	00000013	addi	x0,x0,0	  x0:0x00000000
        3775000	       376	80003ab4	00000013	addi	x0,x0,0	  x0:0x00000000
        3785000	       377	80003ab8	ffdff3ef	jal	x7,80003ab8	  x7=0x80003ab8
        3795000	       378	00000000	00000013	addi	x0,x0,0	  x0:0x00000000
        3805000	       379	80003ab0	00000013	addi	x0,x0,0	  x0:0x00000000
        3815000	       380	80003ab4	fe9ff0ef	jal	x1,80003ab4	  x1=0x80003ab4
        3825000	       381	00000000	00000013	addi	x0,x0,0	  x0:0x00000000
        3835000	       382	80003a98	00000013	addi	x0,x0,0	  x0:0x00000000
        3845000	       383	80003a9c	ff9ff3ef	jal	x7,80003a9c	  x7=0x80003a9c
        3855000	       384	00000000	00000013	addi	x0,x0,0	  x0:0x00000000
        3865000	       385	80003a90	00000013	addi	x0,x0,0	  x0:0x00000000
        3875000	       386	80003a94	ffdff0ef	jal	x1,80003a94	  x1=0x80003a94
        3885000	       387	00000000	00000013	addi	x0,x0,0	  x0:0x00000000
        3895000	       388	80003a8c	00000013	addi	x0,x0,0	  x0:0x00000000
        3905000	       389	80003a90	010000ef	jal	x1,80003a90	  x1=0x80003a90
        3915000	       390	00000000	00000013	addi	x0,x0,0	  x0:0x00000000
        3925000	       391	80003a9c	00000013	addi	x0,x0,0	  x0:0x00000000
        3935000	       392	80003aa0	ff9ffbef	jal	x23,80003aa0	 x23=0x80003aa0
        3945000	       393	00000000	00000013	addi	x0,x0,0	  x0:0x00000000
        3955000	       394	80003a94	00000013	addi	x0,x0,0	  x0:0x00000000
        3965000	       395	80003a98	0280036f	jal	x6,80003a98	  x6=0x80003a98
        3975000	       396	00000000	00000013	addi	x0,x0,0	  x0:0x00000000
        3985000	       397	80003abc	00000013	addi	x0,x0,0	  x0:0x00000000
        3995000	       398	80003ac0	ffdff4ef	jal	x9,80003ac0	  x9=0x80003ac0
        4005000	       399	00000000	00000013	addi	x0,x0,0	  x0:0x00000000
        4015000	       400	80003ab8	00000013	addi	x0,x0,0	  x0:0x00000000
        4025000	       401	80003abc	fedff0ef	jal	x1,80003abc	  x1=0x80003abc
        4035000	       402	00000000	00000013	addi	x0,x0,0	  x0:0x00000000
        4045000	       403	80003aa4	00000013	addi	x0,x0,0	  x0:0x00000000
        4055000	       404	80003aa8	01c000ef	jal	x1,80003aa8	  x1=0x80003aa8
        4065000	       405	00000000	00000013	addi	x0,x0,0	  x0:0x00000000
        4075000	       406	80003ac0	00000013	addi	x0,x0,0	  x0:0x00000000
        4085000	       407	80003ac4	fedffaef	jal	x21,80003ac4	 x21=0x80003ac4
        4095000	       408	00000000	00000013	addi	x0,x0,0	  x0:0x00000000
        4105000	       409	80003aac	00000013	addi	x0,x0,0	  x0:0x00000000
        4115000	       410	80003ab0	ff5ff36f	jal	x6,80003ab0	  x6=0x80003ab0
        4125000	       411	00000000	00000013	addi	x0,x0,0	  x0:0x00000000
        4135000	       412	80003aa0	00000013	addi	x0,x0,0	  x0:0x00000000
        4145000	       413	80003aa4	024003ef	jal	x7,80003aa4	  x7=0x80003aa4
        4155000	       414	00000000	00000013	addi	x0,x0,0	  x0:0x00000000
        4165000	       415	80003ac4	00000013	addi	x0,x0,0	  x0:0x00000000
        4175000	       416	80003ac8	016a5593	srli	x11,x20,0x16	 x20:0x95fece94 x11=0x00000257
        4185000	       417	80003acc	0080066f	jal	x12,80003acc	 x12=0x80003acc
        4195000	       418	00000000	00000013	addi	x0,x0,0	  x0:0x00000000
        4205000	       419	80003ad0	00000013	addi	x0,x0,0	  x0:0x00000000
        4215000	       420	80003ad4	ffdff0ef	jal	x1,80003ad4	  x1=0x80003ad4
        4225000	       421	00000000	00000013	addi	x0,x0,0	  x0:0x00000000
        4235000	       422	80003acc	00000013	addi	x0,x0,0	  x0:0x00000000
        4245000	       423	80003ad0	0240036f	jal	x6,80003ad0	  x6=0x80003ad0
        4255000	       424	00000000	00000013	addi	x0,x0,0	  x0:0x00000000
        4265000	       425	80003af0	00000013	addi	x0,x0,0	  x0:0x00000000
        4275000	       426	80003af4	fedff0ef	jal	x1,80003af4	  x1=0x80003af4
        4285000	       427	00000000	00000013	addi	x0,x0,0	  x0:0x00000000
        4295000	       428	80003adc	00000013	addi	x0,x0,0	  x0:0x00000000
        4305000	       429	80003ae0	ffdff0ef	jal	x1,80003ae0	  x1=0x80003ae0
        4315000	       430	00000000	00000013	addi	x0,x0,0	  x0:0x00000000
        4325000	       431	80003ad8	00000013	addi	x0,x0,0	  x0:0x00000000
        4335000	       432	80003adc	008000ef	jal	x1,80003adc	  x1=0x80003adc
        4345000	       433	00000000	00000013	addi	x0,x0,0	  x0:0x00000000
        4355000	       434	80003ae0	00000013	addi	x0,x0,0	  x0:0x00000000
        4365000	       435	80003ae4	014000ef	jal	x1,80003ae4	  x1=0x80003ae4
        4375000	       436	00000000	00000013	addi	x0,x0,0	  x0:0x00000000
        4385000	       437	80003af4	00000013	addi	x0,x0,0	  x0:0x00000000
        4395000	       438	80003af8	ff9ff1ef	jal	x3,80003af8	  x3=0x80003af8
        4405000	       439	00000000	00000013	addi	x0,x0,0	  x0:0x00000000
        4415000	       440	80003aec	00000013	addi	x0,x0,0	  x0:0x00000000
        4425000	       441	80003af0	ff9ff36f	jal	x6,80003af0	  x6=0x80003af0
        4435000	       442	00000000	00000013	addi	x0,x0,0	  x0:0x00000000
        4445000	       443	80003ae4	00000013	addi	x0,x0,0	  x0:0x00000000
        4455000	       444	80003ae8	ff1ff36f	jal	x6,80003ae8	  x6=0x80003ae8
        4465000	       445	00000000	00000013	addi	x0,x0,0	  x0:0x00000000
        4475000	       446	80003ad4	00000013	addi	x0,x0,0	  x0:0x00000000
        4485000	       447	80003ad8	01400c6f	jal	x24,80003ad8	 x24=0x80003ad8
        4495000	       448	00000000	00000013	addi	x0,x0,0	  x0:0x00000000
        4505000	       449	80003ae8	00000013	addi	x0,x0,0	  x0:0x00000000
        4515000	       450	80003aec	0100056f	jal	x10,80003aec	 x10=0x80003aec
        4525000	       451	00000000	00000013	addi	x0,x0,0	  x0:0x00000000
        4535000	       452	80003af8	00000013	addi	x0,x0,0	  x0:0x00000000
        4545000	       453	80003afc	014f6933	or	x18,x30,x20	 x30:0x80009f7c x20:0x95fece94 x18=0x95fedffc
        4555000	       454	80003b00	05c0066f	jal	x12,80003b00	 x12=0x80003b00
        4565000	       455	00000000	00000013	addi	x0,x0,0	  x0:0x00000000
        4575000	       456	80003b58	00000013	addi	x0,x0,0	  x0:0x00000000
        4585000	       457	80003b5c	fc5ff36f	jal	x6,80003b5c	  x6=0x80003b5c
        4595000	       458	00000000	00000013	addi	x0,x0,0	  x0:0x00000000
        4605000	       459	80003b1c	00000013	addi	x0,x0,0	  x0:0x00000000
        4615000	       460	80003b20	038000ef	jal	x1,80003b20	  x1=0x80003b20
        4625000	       461	00000000	00000013	addi	x0,x0,0	  x0:0x00000000
        4635000	       462	80003b54	00000013	addi	x0,x0,0	  x0:0x00000000
        4645000	       463	80003b58	fadff36f	jal	x6,80003b58	  x6=0x80003b58
        4655000	       464	00000000	00000013	addi	x0,x0,0	  x0:0x00000000
        4665000	       465	80003b00	00000013	addi	x0,x0,0	  x0:0x00000000
        4675000	       466	80003b04	00c00eef	jal	x29,80003b04	 x29=0x80003b04
        4685000	       467	00000000	00000013	addi	x0,x0,0	  x0:0x00000000
        4695000	       468	80003b0c	00000013	addi	x0,x0,0	  x0:0x00000000
        4705000	       469	80003b10	03c0036f	jal	x6,80003b10	  x6=0x80003b10
        4715000	       470	00000000	00000013	addi	x0,x0,0	  x0:0x00000000
        4725000	       471	80003b48	00000013	addi	x0,x0,0	  x0:0x00000000
        4735000	       472	80003b4c	fcdffb6f	jal	x22,80003b4c	 x22=0x80003b4c
        4745000	       473	00000000	00000013	addi	x0,x0,0	  x0:0x00000000
        4755000	       474	80003b14	00000013	addi	x0,x0,0	  x0:0x00000000
        4765000	       475	80003b18	024000ef	jal	x1,80003b18	  x1=0x80003b18
        4775000	       476	00000000	00000013	addi	x0,x0,0	  x0:0x00000000
        4785000	       477	80003b38	00000013	addi	x0,x0,0	  x0:0x00000000
        4795000	       478	80003b3c	ff5ffdef	jal	x27,80003b3c	 x27=0x80003b3c
        4805000	       479	00000000	00000013	addi	x0,x0,0	  x0:0x00000000
        4815000	       480	80003b2c	00000013	addi	x0,x0,0	  x0:0x00000000
        4825000	       481	80003b30	010001ef	jal	x3,80003b30	  x3=0x80003b30
        4835000	       482	00000000	00000013	addi	x0,x0,0	  x0:0x00000000
        4845000	       483	80003b3c	00000013	addi	x0,x0,0	  x0:0x00000000
        4855000	       484	80003b40	0080056f	jal	x10,80003b40	 x10=0x80003b40
        4865000	       485	00000000	00000013	addi	x0,x0,0	  x0:0x00000000
        4875000	       486	80003b44	00000013	addi	x0,x0,0	  x0:0x00000000
        4885000	       487	80003b48	fd5ff0ef	jal	x1,80003b48	  x1=0x80003b48
        4895000	       488	00000000	00000013	addi	x0,x0,0	  x0:0x00000000
        4905000	       489	80003b18	00000013	addi	x0,x0,0	  x0:0x00000000
        4915000	       490	80003b1c	fedff0ef	jal	x1,80003b1c	  x1=0x80003b1c
        4925000	       491	00000000	00000013	addi	x0,x0,0	  x0:0x00000000
        4935000	       492	80003b04	00000013	addi	x0,x0,0	  x0:0x00000000
        4945000	       493	80003b08	00c001ef	jal	x3,80003b08	  x3=0x80003b08
        4955000	       494	00000000	00000013	addi	x0,x0,0	  x0:0x00000000
        4965000	       495	80003b10	00000013	addi	x0,x0,0	  x0:0x00000000
        4975000	       496	80003b14	014000ef	jal	x1,80003b14	  x1=0x80003b14
        4985000	       497	00000000	00000013	addi	x0,x0,0	  x0:0x00000000
        4995000	       498	80003b24	00000013	addi	x0,x0,0	  x0:0x00000000
        5005000	       499	80003b28	01c0016f	jal	x2,80003b28	  x2=0x80003b28
        5015000	       500	00000000	00000013	addi	x0,x0,0	  x0:0x00000000
        5025000	       501	80003b40	00000013	addi	x0,x0,0	  x0:0x00000000
        5035000	       502	80003b44	fe1ffaef	jal	x21,80003b44	 x21=0x80003b44
        5045000	       503	00000000	00000013	addi	x0,x0,0	  x0:0x00000000
        5055000	       504	80003b20	00000013	addi	x0,x0,0	  x0:0x00000000
        5065000	       505	80003b24	fe9ff0ef	jal	x1,80003b24	  x1=0x80003b24
        5075000	       506	00000000	00000013	addi	x0,x0,0	  x0:0x00000000
        5085000	       507	80003b08	00000013	addi	x0,x0,0	  x0:0x00000000
        5095000	       508	80003b0c	02c000ef	jal	x1,80003b0c	  x1=0x80003b0c
        5105000	       509	00000000	00000013	addi	x0,x0,0	  x0:0x00000000
        5115000	       510	80003b34	00000013	addi	x0,x0,0	  x0:0x00000000
        5125000	       511	80003b38	0180096f	jal	x18,80003b38	 x18=0x80003b38
        5135000	       512	00000000	00000013	addi	x0,x0,0	  x0:0x00000000
        5145000	       513	80003b4c	00000013	addi	x0,x0,0	  x0:0x00000000
        5155000	       514	80003b50	fddff56f	jal	x10,80003b50	 x10=0x80003b50
        5165000	       515	00000000	00000013	addi	x0,x0,0	  x0:0x00000000
        5175000	       516	80003b28	00000013	addi	x0,x0,0	  x0:0x00000000
        5185000	       517	80003b2c	028000ef	jal	x1,80003b2c	  x1=0x80003b2c
        5195000	       518	00000000	00000013	addi	x0,x0,0	  x0:0x00000000
        5205000	       519	80003b50	00000013	addi	x0,x0,0	  x0:0x00000000
        5215000	       520	80003b54	fe1ffbef	jal	x23,80003b54	 x23=0x80003b54
        5225000	       521	00000000	00000013	addi	x0,x0,0	  x0:0x00000000
        5235000	       522	80003b30	00000013	addi	x0,x0,0	  x0:0x00000000
        5245000	       523	80003b34	02c00bef	jal	x23,80003b34	 x23=0x80003b34
        5255000	       524	00000000	00000013	addi	x0,x0,0	  x0:0x00000000
        5265000	       525	80003b5c	00000013	addi	x0,x0,0	  x0:0x00000000
        5275000	       526	80003b60	003817b3	sll	x15,x16,x3	 x16:0x80009f7c  x3:0x80003b08 x15=0x009f7c00
        5285000	       527	80003b64	0340066f	jal	x12,80003b64	 x12=0x80003b64
        5295000	       528	00000000	00000013	addi	x0,x0,0	  x0:0x00000000
        5305000	       529	80003b94	00000013	addi	x0,x0,0	  x0:0x00000000
        5315000	       530	80003b98	fd5ff0ef	jal	x1,80003b98	  x1=0x80003b98
        5325000	       531	00000000	00000013	addi	x0,x0,0	  x0:0x00000000
        5335000	       532	80003b68	00000013	addi	x0,x0,0	  x0:0x00000000
        5345000	       533	80003b6c	068000ef	jal	x1,80003b6c	  x1=0x80003b6c
        5355000	       534	00000000	00000013	addi	x0,x0,0	  x0:0x00000000
        5365000	       535	80003bd0	00000013	addi	x0,x0,0	  x0:0x00000000
        5375000	       536	80003bd4	fbdff0ef	jal	x1,80003bd4	  x1=0x80003bd4
        5385000	       537	00000000	00000013	addi	x0,x0,0	  x0:0x00000000
        5395000	       538	80003b8c	00000013	addi	x0,x0,0	  x0:0x00000000
        5405000	       539	80003b90	fe1ff0ef	jal	x1,80003b90	  x1=0x80003b90
        5415000	       540	00000000	00000013	addi	x0,x0,0	  x0:0x00000000
        5425000	       541	80003b6c	00000013	addi	x0,x0,0	  x0:0x00000000
        5435000	       542	80003b70	044000ef	jal	x1,80003b70	  x1=0x80003b70
        5445000	       543	00000000	00000013	addi	x0,x0,0	  x0:0x00000000
        5455000	       544	80003bb0	00000013	addi	x0,x0,0	  x0:0x00000000
        5465000	       545	80003bb4	fe9ff36f	jal	x6,80003bb4	  x6=0x80003bb4
        5475000	       546	00000000	00000013	addi	x0,x0,0	  x0:0x00000000
        5485000	       547	80003b98	00000013	addi	x0,x0,0	  x0:0x00000000
        5495000	       548	80003b9c	02c000ef	jal	x1,80003b9c	  x1=0x80003b9c
        5505000	       549	00000000	00000013	addi	x0,x0,0	  x0:0x00000000
        5515000	       550	80003bc4	00000013	addi	x0,x0,0	  x0:0x00000000
        5525000	       551	80003bc8	fddff5ef	jal	x11,80003bc8	 x11=0x80003bc8
        5535000	       552	00000000	00000013	addi	x0,x0,0	  x0:0x00000000
        5545000	       553	80003ba0	00000013	addi	x0,x0,0	  x0:0x00000000
        5555000	       554	80003ba4	fddff36f	jal	x6,80003ba4	  x6=0x80003ba4
        5565000	       555	00000000	00000013	addi	x0,x0,0	  x0:0x00000000
        5575000	       556	80003b7c	00000013	addi	x0,x0,0	  x0:0x00000000
        5585000	       557	80003b80	ff9ff0ef	jal	x1,80003b80	  x1=0x80003b80
        5595000	       558	00000000	00000013	addi	x0,x0,0	  x0:0x00000000
        5605000	       559	80003b74	00000013	addi	x0,x0,0	  x0:0x00000000
        5615000	       560	80003b78	058000ef	jal	x1,80003b78	  x1=0x80003b78
        5625000	       561	00000000	00000013	addi	x0,x0,0	  x0:0x00000000
        5635000	       562	80003bcc	00000013	addi	x0,x0,0	  x0:0x00000000
        5645000	       563	80003bd0	fadff76f	jal	x14,80003bd0	 x14=0x80003bd0
        5655000	       564	00000000	00000013	addi	x0,x0,0	  x0:0x00000000
        5665000	       565	80003b78	00000013	addi	x0,x0,0	  x0:0x00000000
        5675000	       566	80003b7c	0440036f	jal	x6,80003b7c	  x6=0x80003b7c
        5685000	       567	00000000	00000013	addi	x0,x0,0	  x0:0x00000000
        5695000	       568	80003bbc	00000013	addi	x0,x0,0	  x0:0x00000000
        5705000	       569	80003bc0	004005ef	jal	x11,80003bc0	 x11=0x80003bc0
        5715000	       570	00000000	00000013	addi	x0,x0,0	  x0:0x00000000
        5725000	       571	80003bc0	00000013	addi	x0,x0,0	  x0:0x00000000
        5735000	       572	80003bc4	fe5ff0ef	jal	x1,80003bc4	  x1=0x80003bc4
        5745000	       573	00000000	00000013	addi	x0,x0,0	  x0:0x00000000
        5755000	       574	80003ba4	00000013	addi	x0,x0,0	  x0:0x00000000
        5765000	       575	80003ba8	fddff0ef	jal	x1,80003ba8	  x1=0x80003ba8
        5775000	       576	00000000	00000013	addi	x0,x0,0	  x0:0x00000000
        5785000	       577	80003b80	00000013	addi	x0,x0,0	  x0:0x00000000
        5795000	       578	80003b84	02c0036f	jal	x6,80003b84	  x6=0x80003b84
        5805000	       579	00000000	00000013	addi	x0,x0,0	  x0:0x00000000
        5815000	       580	80003bac	00000013	addi	x0,x0,0	  x0:0x00000000
        5825000	       581	80003bb0	00c000ef	jal	x1,80003bb0	  x1=0x80003bb0
        5835000	       582	00000000	00000013	addi	x0,x0,0	  x0:0x00000000
        5845000	       583	80003bb8	00000013	addi	x0,x0,0	  x0:0x00000000
        5855000	       584	80003bbc	ff1ff0ef	jal	x1,80003bbc	  x1=0x80003bbc
        5865000	       585	00000000	00000013	addi	x0,x0,0	  x0:0x00000000
        5875000	       586	80003ba8	00000013	addi	x0,x0,0	  x0:0x00000000
        5885000	       587	80003bac	ff5ff0ef	jal	x1,80003bac	  x1=0x80003bac
        5895000	       588	00000000	00000013	addi	x0,x0,0	  x0:0x00000000
        5905000	       589	80003b9c	00000013	addi	x0,x0,0	  x0:0x00000000
        5915000	       590	80003ba0	fc9ff5ef	jal	x11,80003ba0	 x11=0x80003ba0
        5925000	       591	00000000	00000013	addi	x0,x0,0	  x0:0x00000000
        5935000	       592	80003b64	00000013	addi	x0,x0,0	  x0:0x00000000
        5945000	       593	80003b68	00c002ef	jal	x5,80003b68	  x5=0x80003b68
        5955000	       594	00000000	00000013	addi	x0,x0,0	  x0:0x00000000
        5965000	       595	80003b70	00000013	addi	x0,x0,0	  x0:0x00000000
        5975000	       596	80003b74	0140036f	jal	x6,80003b74	  x6=0x80003b74
        5985000	       597	00000000	00000013	addi	x0,x0,0	  x0:0x00000000
        5995000	       598	80003b84	00000013	addi	x0,x0,0	  x0:0x00000000
        6005000	       599	80003b88	00c000ef	jal	x1,80003b88	  x1=0x80003b88
        6015000	       600	00000000	00000013	addi	x0,x0,0	  x0:0x00000000
        6025000	       601	80003b90	00000013	addi	x0,x0,0	  x0:0x00000000
        6035000	       602	80003b94	038001ef	jal	x3,80003b94	  x3=0x80003b94
        6045000	       603	00000000	00000013	addi	x0,x0,0	  x0:0x00000000
        6055000	       604	80003bc8	00000013	addi	x0,x0,0	  x0:0x00000000
        6065000	       605	80003bcc	fc1ff0ef	jal	x1,80003bcc	  x1=0x80003bcc
        6075000	       606	00000000	00000013	addi	x0,x0,0	  x0:0x00000000
        6085000	       607	80003b88	00000013	addi	x0,x0,0	  x0:0x00000000
        6095000	       608	80003b8c	02c000ef	jal	x1,80003b8c	  x1=0x80003b8c
        6105000	       609	00000000	00000013	addi	x0,x0,0	  x0:0x00000000
        6115000	       610	80003bb4	00000013	addi	x0,x0,0	  x0:0x00000000
        6125000	       611	80003bb8	020002ef	jal	x5,80003bb8	  x5=0x80003bb8
        6135000	       612	00000000	00000013	addi	x0,x0,0	  x0:0x00000000
        6145000	       613	80003bd4	00000013	addi	x0,x0,0	  x0:0x00000000
        6155000	       614	80003bd8	a41cc693	xori	x13,x25,-1471	 x25:0x80003a3c x13=0x7fffc07d
        6165000	       615	80003bdc	02c0066f	jal	x12,80003bdc	 x12=0x80003bdc
        6175000	       616	00000000	00000013	addi	x0,x0,0	  x0:0x00000000
        6185000	       617	80003c04	00000013	addi	x0,x0,0	  x0:0x00000000
        6195000	       618	80003c08	fe9ff16f	jal	x2,80003c08	  x2=0x80003c08
        6205000	       619	00000000	00000013	addi	x0,x0,0	  x0:0x00000000
        6215000	       620	80003bec	00000013	addi	x0,x0,0	  x0:0x00000000
        6225000	       621	80003bf0	ff9ff16f	jal	x2,80003bf0	  x2=0x80003bf0
        6235000	       622	00000000	00000013	addi	x0,x0,0	  x0:0x00000000
        6245000	       623	80003be4	00000013	addi	x0,x0,0	  x0:0x00000000
        6255000	       624	80003be8	0180036f	jal	x6,80003be8	  x6=0x80003be8
        6265000	       625	00000000	00000013	addi	x0,x0,0	  x0:0x00000000
        6275000	       626	80003bfc	00000013	addi	x0,x0,0	  x0:0x00000000
        6285000	       627	80003c00	ffdff0ef	jal	x1,80003c00	  x1=0x80003c00
        6295000	       628	00000000	00000013	addi	x0,x0,0	  x0:0x00000000
        6305000	       629	80003bf8	00000013	addi	x0,x0,0	  x0:0x00000000
        6315000	       630	80003bfc	008000ef	jal	x1,80003bfc	  x1=0x80003bfc
        6325000	       631	00000000	00000013	addi	x0,x0,0	  x0:0x00000000
        6335000	       632	80003c00	00000013	addi	x0,x0,0	  x0:0x00000000
        6345000	       633	80003c04	ff5ff0ef	jal	x1,80003c04	  x1=0x80003c04
        6355000	       634	00000000	00000013	addi	x0,x0,0	  x0:0x00000000
        6365000	       635	80003bf4	00000013	addi	x0,x0,0	  x0:0x00000000
        6375000	       636	80003bf8	fe9ffdef	jal	x27,80003bf8	 x27=0x80003bf8
        6385000	       637	00000000	00000013	addi	x0,x0,0	  x0:0x00000000
        6395000	       638	80003bdc	00000013	addi	x0,x0,0	  x0:0x00000000
        6405000	       639	80003be0	00c0036f	jal	x6,80003be0	  x6=0x80003be0
        6415000	       640	00000000	00000013	addi	x0,x0,0	  x0:0x00000000
        6425000	       641	80003be8	00000013	addi	x0,x0,0	  x0:0x00000000
        6435000	       642	80003bec	008001ef	jal	x3,80003bec	  x3=0x80003bec
        6445000	       643	00000000	00000013	addi	x0,x0,0	  x0:0x00000000
        6455000	       644	80003bf0	00000013	addi	x0,x0,0	  x0:0x00000000
        6465000	       645	80003bf4	ff1ffeef	jal	x29,80003bf4	 x29=0x80003bf4
        6475000	       646	00000000	00000013	addi	x0,x0,0	  x0:0x00000000
        6485000	       647	80003be0	00000013	addi	x0,x0,0	  x0:0x00000000
        6495000	       648	80003be4	028007ef	jal	x15,80003be4	 x15=0x80003be4
        6505000	       649	00000000	00000013	addi	x0,x0,0	  x0:0x00000000
        6515000	       650	80003c08	00000013	addi	x0,x0,0	  x0:0x00000000
        6525000	       651	80003c0c	00000013	addi	x0,x0,0	  x0:0x00000000
        6535000	       652	80003c10	0054eb33	or	x22,x9,x5	  x9:0x80003ac0  x5:0x80003bb8 x22=0x80003bf8
        6545000	       653	80003c14	00495813	srli	x16,x18,0x4	 x18:0x80003b38 x16=0x080003b3
        6555000	       654	80003c18	2cfb2293	slti	x5,x22,719	 x22:0x80003bf8  x5=0x00000001
        6565000	       655	80003c1c	4172d2b3	sra	x5,x5,x23	  x5:0x00000001 x23:0x80003b34  x5=0x00000000
        6575000	       656	80003c20	008ea733	slt	x14,x29,x8	 x29:0x80003bf4  x8:0x80003a10 x14=0x00000000
        6585000	       657	80003c24	0133f4b3	and	x9,x7,x19	  x7:0x80003aa4 x19:0xfdc6e8f4  x9=0x800028a4
        6595000	       658	80003c28	00000013	addi	x0,x0,0	  x0:0x00000000
        6605000	       659	80003c2c	04f5e263	bltu	x11,x15,80003c70	 x11:0x80003ba0 x15:0x80003be4
        6615000	       660	00000000	00000013	addi	x0,x0,0	  x0:0x00000000
        6625000	       661	80003c6c	00000013	addi	x0,x0,0	  x0:0x00000000
        6635000	       662	80003c70	01f9c033	xor	x0,x19,x31	 x19:0xfdc6e8f4 x31:0x6fdc1114
        6645000	       663	80003c74	00fe5833	srl	x16,x28,x15	 x28:0x80009fc4 x15:0x80003be4 x16=0x080009fc
        6655000	       664	80003c78	11f5eb93	ori	x23,x11,287	 x11:0x80003ba0 x23=0x80003bbf
        6665000	       665	80003c7c	1b270a13	addi	x20,x14,434	 x14:0x00000000 x20=0x000001b2
        6675000	       666	80003c80	4064d913	srai	x18,x9,0x6	  x9:0x800028a4 x18=0xfe0000a2
        6685000	       667	80003c84	4154da93	srai	x21,x9,0x15	  x9:0x800028a4 x21=0xfffffc00
        6695000	       668	80003c88	001c0133	add	x2,x24,x1	 x24:0x80003ad8  x1:0x80003c04  x2=0x000076dc
        6705000	       669	80003c8c	01115813	srli	x16,x2,0x11	  x2:0x000076dc x16=0x00000000
        6715000	       670	80003c90	01aae133	or	x2,x21,x26	 x21:0xfffffc00 x26:0x00000008  x2=0xfffffc08
        6725000	       671	80003c94	00a09633	sll	x12,x1,x10	  x1:0x80003c04 x10:0x80003b50 x12=0x3c040000
        6735000	       672	80003c98	034fc263	blt	x31,x20,80003cbc	 x31:0x6fdc1114 x20:0x000001b2
        6745000	       673	80003c9c	4039d613	srai	x12,x19,0x3	 x19:0xfdc6e8f4 x12=0xffb8dd1e
        6755000	       674	80003ca0	0120c533	xor	x10,x1,x18	  x1:0x80003c04 x18:0xfe0000a2 x10=0x7e003ca6
        6765000	       675	80003ca4	004d4c63	blt	x26,x4,80003cbc	 x26:0x00000008  x4:0x0000744c
        6775000	       676	00000000	00000013	addi	x0,x0,0	  x0:0x00000000
        6785000	       677	80003cb8	00000013	addi	x0,x0,0	  x0:0x00000000
        6795000	       678	80003cbc	00efc463	blt	x31,x14,80003cc4	 x31:0x6fdc1114 x14:0x00000000
        6805000	       679	80003cc0	30118613	addi	x12,x3,769	  x3:0x80003bec x12=0x80003eed
        6815000	       680	80003cc4	41910233	sub	x4,x2,x25	  x2:0xfffffc08 x25:0x80003a3c  x4=0x7fffc1cc
        6825000	       681	80003cc8	00000013	addi	x0,x0,0	  x0:0x00000000
        6835000	       682	80003ccc	6df4c493	xori	x9,x9,1759	  x9:0x800028a4  x9=0x80002e7b
        6845000	       683	80003cd0	017959b3	srl	x19,x18,x23	 x18:0xfe0000a2 x23:0x80003bbf x19=0x00000001
        6855000	       684	80003cd4	12a1b493	sltiu	x9,x3,298	  x3:0x80003bec  x9=0x00000000
        6865000	       685	80003cd8	a71ea193	slti	x3,x29,-1423	 x29:0x80003bf4  x3=0x00000001
        6875000	       686	80003cdc	00dbd2b3	srl	x5,x23,x13	 x23:0x80003bbf x13:0x7fffc07d  x5=0x00000004
        6885000	       687	80003ce0	0378e063	bltu	x17,x23,80003d00	 x17:0xf3f81a6a x23:0x80003bbf
        6895000	       688	80003ce4	01bf26b3	slt	x13,x30,x27	 x30:0x80009f7c x27:0x80003bf8 x13=0x00000000
        6905000	       689	80003ce8	05a5c063	blt	x11,x26,80003d28	 x11:0x80003ba0 x26:0x00000008
        6915000	       690	00000000	00000013	addi	x0,x0,0	  x0:0x00000000
        6925000	       691	80003d24	00000013	addi	x0,x0,0	  x0:0x00000000
        6935000	       692	80003d28	000cc0b3	xor	x1,x25,x0	 x25:0x80003a3c  x0:0x00000000  x1=0x80003a3c
        6945000	       693	80003d2c	4039d933	sra	x18,x19,x3	 x19:0x00000001  x3:0x00000001 x18=0x00000000
        6955000	       694	80003d30	002e08b3	add	x17,x28,x2	 x28:0x80009fc4  x2:0xfffffc08 x17=0x80009bcc
        6965000	       695	80003d34	00000013	addi	x0,x0,0	  x0:0x00000000
        6975000	       696	80003d38	0278d463	bge	x17,x7,80003d60	 x17:0x80009bcc  x7:0x80003aa4
        6985000	       697	00000000	00000013	addi	x0,x0,0	  x0:0x00000000
        6995000	       698	80003d5c	00000013	addi	x0,x0,0	  x0:0x00000000
        7005000	       699	80003d60	00efcdb3	xor	x27,x31,x14	 x31:0x6fdc1114 x14:0x00000000 x27=0x6fdc1114
        7015000	       700	80003d64	dd23b993	sltiu	x19,x7,-558	  x7:0x80003aa4 x19=0x00000001
        7025000	       701	80003d68	0001d713	srli	x14,x3,0x0	  x3:0x00000001 x14=0x00000001
        7035000	       702	80003d6c	00504633	xor	x12,x0,x5	  x0:0x00000000  x5:0x00000004 x12=0x00000004
        7045000	       703	80003d70	00000013	addi	x0,x0,0	  x0:0x00000000
        7055000	       704	80003d74	0153f333	and	x6,x7,x21	  x7:0x80003aa4 x21:0xfffffc00  x6=0x80003800
        7065000	       705	80003d78	00574233	xor	x4,x14,x5	 x14:0x00000001  x5:0x00000004  x4=0x00000005
        7075000	       706	80003d7c	01a0dc33	srl	x24,x1,x26	  x1:0x80003a3c x26:0x00000008 x24=0x0080003a
        7085000	       707	80003d80	920ada17	auipc	x20,0x920ad	 x20=0x120b0d7c
        7095000	       708	80003d84	1a73e893	ori	x17,x7,423	  x7:0x80003aa4 x17=0x80003ba7
        7105000	       709	80003d88	00a166b3	or	x13,x2,x10	  x2:0xfffffc08 x10:0x7e003ca6 x13=0xfffffcae
        7115000	       710	80003d8c	41790133	sub	x2,x18,x23	 x18:0x00000000 x23:0x80003bbf  x2=0x7fffc441
        7125000	       711	80003d90	00311333	sll	x6,x2,x3	  x2:0x7fffc441  x3:0x00000001  x6=0xffff8882
        7135000	       712	80003d94	00f220b3	slt	x1,x4,x15	  x4:0x00000005 x15:0x80003be4  x1=0x00000000
        7145000	       713	80003d98	008b5c33	srl	x24,x22,x8	 x22:0x80003bf8  x8:0x80003a10 x24=0x00008000
        7155000	       714	80003d9c	41ce0633	sub	x12,x28,x28	 x28:0x80009fc4 x28:0x80009fc4 x12=0x00000000
        7165000	       715	80003da0	01bd3333	sltu	x6,x26,x27	 x26:0x00000008 x27:0x6fdc1114  x6=0x00000001
        7175000	       716	80003da4	05f04263	blt	x0,x31,80003de8	  x0:0x00000000 x31:0x6fdc1114
        7185000	       717	00000000	00000013	addi	x0,x0,0	  x0:0x00000000
        7195000	       718	80003de4	00000013	addi	x0,x0,0	  x0:0x00000000
        7205000	       719	80003de8	1ffff693	andi	x13,x31,511	 x31:0x6fdc1114 x13=0x00000114
        7215000	       720	80003dec	04006863	bltu	x0,x0,80003e3c	  x0:0x00000000  x0:0x00000000
        7225000	       721	80003df0	01cf9133	sll	x2,x31,x28	 x31:0x6fdc1114 x28:0x80009fc4  x2=0xfdc11140
        7235000	       722	80003df4	0116e463	bltu	x13,x17,80003dfc	 x13:0x00000114 x17:0x80003ba7
        7245000	       723	00000000	00000013	addi	x0,x0,0	  x0:0x00000000
        7255000	       724	80003df8	00000013	addi	x0,x0,0	  x0:0x00000000
        7265000	       725	80003dfc	402d5033	sra	x0,x26,x2	 x26:0x00000008  x2:0xfdc11140
        7275000	       726	80003e00	03036a63	bltu	x6,x16,80003e34	  x6:0x00000001 x16:0x00000000
        7285000	       727	80003e04	002da633	slt	x12,x27,x2	 x27:0x6fdc1114  x2:0xfdc11140 x12=0x00000000
        7295000	       728	80003e08	69a65737	lui	x14,0x69a65	 x14=0x69a65000
        7305000	       729	80003e0c	98a4c4b7	lui	x9,0x98a4c	  x9=0x98a4c000
        7315000	       730	80003e10	05a24863	blt	x4,x26,80003e60	  x4:0x00000005 x26:0x00000008
        7325000	       731	00000000	00000013	addi	x0,x0,0	  x0:0x00000000
        7335000	       732	80003e5c	00000013	addi	x0,x0,0	  x0:0x00000000
        7345000	       733	80003e60	c2254513	xori	x10,x10,-990	 x10:0x7e003ca6 x10=0x81ffc084
        7355000	       734	80003e64	00ea9d93	slli	x27,x21,0xe	 x21:0xfffffc00 x27=0xff000000
        7365000	       735	80003e68	21c42b13	slti	x22,x8,540	  x8:0x80003a10 x22=0x00000001
        7375000	       736	80003e6c	cbca0513	addi	x10,x20,-836	 x20:0x120b0d7c x10=0x120b0a38
        7385000	       737	80003e70	00000013	addi	x0,x0,0	  x0:0x00000000
        7395000	       738	80003e74	01b4da13	srli	x20,x9,0x1b	  x9:0x98a4c000 x20=0x00000013
        7405000	       739	80003e78	04ff0663	beq	x30,x15,80003ec4	 x30:0x80009f7c x15:0x80003be4
        7415000	       740	80003e7c	f75d9837	lui	x16,0xf75d9	 x16=0xf75d9000
        7425000	       741	80003e80	03416263	bltu	x2,x20,80003ea4	  x2:0xfdc11140 x20:0x00000013
        7435000	       742	80003e84	21fbf8b7	lui	x17,0x21fbf	 x17=0x21fbf000
        7445000	       743	80003e88	362db837	lui	x16,0x362db	 x16=0x362db000
        7455000	       744	80003e8c	00000013	addi	x0,x0,0	  x0:0x00000000
        7465000	       745	80003e90	044b1063	bne	x22,x4,80003ed0	 x22:0x00000001  x4:0x00000005
        7475000	       746	00000000	00000013	addi	x0,x0,0	  x0:0x00000000
        7485000	       747	80003ecc	00000013	addi	x0,x0,0	  x0:0x00000000
        7495000	       748	80003ed0	001ad613	srli	x12,x21,0x1	 x21:0xfffffc00 x12=0x7ffffe00
        7505000	       749	80003ed4	29836737	lui	x14,0x29836	 x14=0x29836000
        7515000	       750	80003ed8	72e77e97	auipc	x29,0x72e77	 x29=0xf2e7aed4
        7525000	       751	80003edc	1d124c13	xori	x24,x4,465	  x4:0x00000005 x24=0x000001d4
        7535000	       752	80003ee0	33773413	sltiu	x8,x14,823	 x14:0x29836000  x8=0x00000000
        7545000	       753	80003ee4	5d25e2b7	lui	x5,0x5d25e	  x5=0x5d25e000
        7555000	       754	80003ee8	01731733	sll	x14,x6,x23	  x6:0x00000001 x23:0x80003bbf x14=0x80000000
        7565000	       755	80003eec	00b4ffb3	and	x31,x9,x11	  x9:0x98a4c000 x11:0x80003ba0 x31=0x80000000
        7575000	       756	80003ef0	000b5013	srli	x0,x22,0x0	 x22:0x00000001
        7585000	       757	80003ef4	05361663	bne	x12,x19,80003f40	 x12:0x7ffffe00 x19:0x00000001
        7595000	       758	00000000	00000013	addi	x0,x0,0	  x0:0x00000000
        7605000	       759	80003f3c	00000013	addi	x0,x0,0	  x0:0x00000000
        7615000	       760	80003f40	07b76663	bltu	x14,x27,80003fac	 x14:0x80000000 x27:0xff000000
        7625000	       761	00000000	00000013	addi	x0,x0,0	  x0:0x00000000
        7635000	       762	80003fa8	00000013	addi	x0,x0,0	  x0:0x00000000
        7645000	       763	80003fac	688ab097	auipc	x1,0x688ab	  x1=0xe88aefa8
        7655000	       764	80003fb0	002f0bb3	add	x23,x30,x2	 x30:0x80009f7c  x2:0xfdc11140 x23=0x7dc1b0bc
        7665000	       765	80003fb4	009e0ab3	add	x21,x28,x9	 x28:0x80009fc4  x9:0x98a4c000 x21=0x18a55fc4
        7675000	       766	80003fb8	410c0cb3	sub	x25,x24,x16	 x24:0x000001d4 x16:0x362db000 x25=0xc9d251d4
        7685000	       767	80003fbc	005682b3	add	x5,x13,x5	 x13:0x00000114  x5:0x5d25e000  x5=0x5d25e114
        7695000	       768	80003fc0	40ed8a13	addi	x20,x27,1038	 x27:0xff000000 x20=0xff00040e
        7705000	       769	80003fc4	011a1b13	slli	x22,x20,0x11	 x20:0xff00040e x22=0x081c0000
        7715000	       770	80003fc8	8e8b9797	auipc	x15,0x8e8b9	 x15=0x0e8bcfc4
        7725000	       771	80003fcc	015cceb3	xor	x29,x25,x21	 x25:0xc9d251d4 x21:0x18a55fc4 x29=0xd1770e10
        7735000	       772	80003fd0	927daab7	lui	x21,0x927da	 x21=0x927da000
        7745000	       773	80003fd4	00433433	sltu	x8,x6,x4	  x6:0x00000001  x4:0x00000005  x8=0x00000001
        7755000	       774	80003fd8	00e8d313	srli	x6,x17,0xe	 x17:0x21fbf000  x6=0x000087ef
        7765000	       775	80003fdc	02378c63	beq	x15,x3,80004014	 x15:0x0e8bcfc4  x3:0x00000001
        7775000	       776	80003fe0	024de063	bltu	x27,x4,80004000	 x27:0xff000000  x4:0x00000005
        7785000	       777	80003fe4	011cfa33	and	x20,x25,x17	 x25:0xc9d251d4 x17:0x21fbf000 x20=0x01d25000
        7795000	       778	80003fe8	00000013	addi	x0,x0,0	  x0:0x00000000
        7805000	       779	80003fec	41ae50b3	sra	x1,x28,x26	 x28:0x80009fc4 x26:0x00000008  x1=0xff80009f
        7815000	       780	80003ff0	41c182b3	sub	x5,x3,x28	  x3:0x00000001 x28:0x80009fc4  x5=0x7fff603d
        7825000	       781	80003ff4	02ea1063	bne	x20,x14,80004014	 x20:0x01d25000 x14:0x80000000
        7835000	       782	00000000	00000013	addi	x0,x0,0	  x0:0x00000000
        7845000	       783	80004010	00000013	addi	x0,x0,0	  x0:0x00000000
        7855000	       784	80004014	880dd537	lui	x10,0x880dd	 x10=0x880dd000
        7865000	       785	80004018	4038d513	srai	x10,x17,0x3	 x17:0x21fbf000 x10=0x043f7e00
        7875000	       786	8000401c	0009e263	bltu	x19,x0,80004020	 x19:0x00000001  x0:0x00000000
        7885000	       787	80004020	40895913	srai	x18,x18,0x8	 x18:0x00000000 x18=0x00000000
        7895000	       788	80004024	0288c263	blt	x17,x8,80004048	 x17:0x21fbf000  x8:0x00000001
        7905000	       789	80004028	00d3feb3	and	x29,x7,x13	  x7:0x80003aa4 x13:0x00000114 x29=0x00000004
        7915000	       790	8000402c	6a8b4613	xori	x12,x22,1704	 x22:0x081c0000 x12=0x081c06a8
        7925000	       791	80004030	0022adb3	slt	x27,x5,x2	  x5:0x7fff603d  x2:0xfdc11140 x27=0x00000000
        7935000	       792	80004034	418e5713	srai	x14,x28,0x18	 x28:0x80009fc4 x14=0xffffff80
        7945000	       793	80004038	01023fb3	sltu	x31,x4,x16	  x4:0x00000005 x16:0x362db000 x31=0x00000001
        7955000	       794	8000403c	46934693	xori	x13,x6,1129	  x6:0x000087ef x13=0x00008386
        7965000	       795	80004040	c9518813	addi	x16,x3,-875	  x3:0x00000001 x16=0xfffffc96
        7975000	       796	80004044	66e2eb93	ori	x23,x5,1646	  x5:0x7fff603d x23=0x7fff667f
        7985000	       797	80004048	9592e613	ori	x12,x5,-1703	  x5:0x7fff603d x12=0xfffff97d
        7995000	       798	8000404c	00c289b3	add	x19,x5,x12	  x5:0x7fff603d x12:0xfffff97d x19=0x7fff59ba
        8005000	       799	80004050	00d97733	and	x14,x18,x13	 x18:0x00000000 x13:0x00008386 x14=0x00000000
        8015000	       800	80004054	0b6c8a63	beq	x25,x22,80004108	 x25:0xc9d251d4 x22:0x081c0000
        8025000	       801	80004058	402ad5b3	sra	x11,x21,x2	 x21:0x927da000  x2:0xfdc11140 x11=0x927da000
        8035000	       802	8000405c	e3b2fe93	andi	x29,x5,-453	  x5:0x7fff603d x29=0x7fff6039
        8045000	       803	80004060	64a12f93	slti	x31,x2,1610	  x2:0xfdc11140 x31=0x00000001
        8055000	       804	80004064	08cf8663	beq	x31,x12,800040f0	 x31:0x00000001 x12:0xfffff97d
        8065000	       805	80004068	00152033	slt	x0,x10,x1	 x10:0x043f7e00  x1:0xff80009f
        8075000	       806	8000406c	05c0066f	jal	x12,8000406c	 x12=0x8000406c
        8085000	       807	00000000	00000013	addi	x0,x0,0	  x0:0x00000000
        8095000	       808	800040c4	00000013	addi	x0,x0,0	  x0:0x00000000
        8105000	       809	800040c8	fe9ff36f	jal	x6,800040c8	  x6=0x800040c8
        8115000	       810	00000000	00000013	addi	x0,x0,0	  x0:0x00000000
        8125000	       811	800040ac	00000013	addi	x0,x0,0	  x0:0x00000000
        8135000	       812	800040b0	fe5ffc6f	jal	x24,800040b0	 x24=0x800040b0
        8145000	       813	00000000	00000013	addi	x0,x0,0	  x0:0x00000000
        8155000	       814	80004090	00000013	addi	x0,x0,0	  x0:0x00000000
        8165000	       815	80004094	038000ef	jal	x1,80004094	  x1=0x80004094
        8175000	       816	00000000	00000013	addi	x0,x0,0	  x0:0x00000000
        8185000	       817	800040c8	00000013	addi	x0,x0,0	  x0:0x00000000
        8195000	       818	800040cc	fc1ff36f	jal	x6,800040cc	  x6=0x800040cc
        8205000	       819	00000000	00000013	addi	x0,x0,0	  x0:0x00000000
        8215000	       820	80004088	00000013	addi	x0,x0,0	  x0:0x00000000
        8225000	       821	8000408c	ff5ff0ef	jal	x1,8000408c	  x1=0x8000408c
        8235000	       822	00000000	00000013	addi	x0,x0,0	  x0:0x00000000
        8245000	       823	8000407c	00000013	addi	x0,x0,0	  x0:0x00000000
        8255000	       824	80004080	020001ef	jal	x3,80004080	  x3=0x80004080
        8265000	       825	00000000	00000013	addi	x0,x0,0	  x0:0x00000000
        8275000	       826	8000409c	00000013	addi	x0,x0,0	  x0:0x00000000
        8285000	       827	800040a0	0380036f	jal	x6,800040a0	  x6=0x800040a0
        8295000	       828	00000000	00000013	addi	x0,x0,0	  x0:0x00000000
        8305000	       829	800040d4	00000013	addi	x0,x0,0	  x0:0x00000000
        8315000	       830	800040d8	fcdff0ef	jal	x1,800040d8	  x1=0x800040d8
        8325000	       831	00000000	00000013	addi	x0,x0,0	  x0:0x00000000
        8335000	       832	800040a0	00000013	addi	x0,x0,0	  x0:0x00000000
        8345000	       833	800040a4	02c0036f	jal	x6,800040a4	  x6=0x800040a4
        8355000	       834	00000000	00000013	addi	x0,x0,0	  x0:0x00000000
        8365000	       835	800040cc	00000013	addi	x0,x0,0	  x0:0x00000000
        8375000	       836	800040d0	fc1ffb6f	jal	x22,800040d0	 x22=0x800040d0
        8385000	       837	00000000	00000013	addi	x0,x0,0	  x0:0x00000000
        8395000	       838	8000408c	00000013	addi	x0,x0,0	  x0:0x00000000
        8405000	       839	80004090	018000ef	jal	x1,80004090	  x1=0x80004090
        8415000	       840	00000000	00000013	addi	x0,x0,0	  x0:0x00000000
        8425000	       841	800040a4	00000013	addi	x0,x0,0	  x0:0x00000000
        8435000	       842	800040a8	00c000ef	jal	x1,800040a8	  x1=0x800040a8
        8445000	       843	00000000	00000013	addi	x0,x0,0	  x0:0x00000000
        8455000	       844	800040b0	00000013	addi	x0,x0,0	  x0:0x00000000
        8465000	       845	800040b4	fc1ff36f	jal	x6,800040b4	  x6=0x800040b4
        8475000	       846	00000000	00000013	addi	x0,x0,0	  x0:0x00000000
        8485000	       847	80004070	00000013	addi	x0,x0,0	  x0:0x00000000
        8495000	       848	80004074	ffdff1ef	jal	x3,80004074	  x3=0x80004074
        8505000	       849	00000000	00000013	addi	x0,x0,0	  x0:0x00000000
        8515000	       850	8000406c	00000013	addi	x0,x0,0	  x0:0x00000000
        8525000	       851	80004070	04c0026f	jal	x4,80004070	  x4=0x80004070
        8535000	       852	00000000	00000013	addi	x0,x0,0	  x0:0x00000000
        8545000	       853	800040b8	00000013	addi	x0,x0,0	  x0:0x00000000
        8555000	       854	800040bc	fbdff36f	jal	x6,800040bc	  x6=0x800040bc
        8565000	       855	00000000	00000013	addi	x0,x0,0	  x0:0x00000000
        8575000	       856	80004074	00000013	addi	x0,x0,0	  x0:0x00000000
        8585000	       857	80004078	00c001ef	jal	x3,80004078	  x3=0x80004078
        8595000	       858	00000000	00000013	addi	x0,x0,0	  x0:0x00000000
        8605000	       859	80004080	00000013	addi	x0,x0,0	  x0:0x00000000
        8615000	       860	80004084	028000ef	jal	x1,80004084	  x1=0x80004084
        8625000	       861	00000000	00000013	addi	x0,x0,0	  x0:0x00000000
        8635000	       862	800040a8	00000013	addi	x0,x0,0	  x0:0x00000000
        8645000	       863	800040ac	fddff0ef	jal	x1,800040ac	  x1=0x800040ac
        8655000	       864	00000000	00000013	addi	x0,x0,0	  x0:0x00000000
        8665000	       865	80004084	00000013	addi	x0,x0,0	  x0:0x00000000
        8675000	       866	80004088	0380036f	jal	x6,80004088	  x6=0x80004088
        8685000	       867	00000000	00000013	addi	x0,x0,0	  x0:0x00000000
        8695000	       868	800040bc	00000013	addi	x0,x0,0	  x0:0x00000000
        8705000	       869	800040c0	fbdffb6f	jal	x22,800040c0	 x22=0x800040c0
        8715000	       870	00000000	00000013	addi	x0,x0,0	  x0:0x00000000
        8725000	       871	80004078	00000013	addi	x0,x0,0	  x0:0x00000000
        8735000	       872	8000407c	04800b6f	jal	x22,8000407c	 x22=0x8000407c
        8745000	       873	00000000	00000013	addi	x0,x0,0	  x0:0x00000000
        8755000	       874	800040c0	00000013	addi	x0,x0,0	  x0:0x00000000
        8765000	       875	800040c4	fd9ff96f	jal	x18,800040c4	 x18=0x800040c4
        8775000	       876	00000000	00000013	addi	x0,x0,0	  x0:0x00000000
        8785000	       877	80004098	00000013	addi	x0,x0,0	  x0:0x00000000
        8795000	       878	8000409c	ffdff36f	jal	x6,8000409c	  x6=0x8000409c
        8805000	       879	00000000	00000013	addi	x0,x0,0	  x0:0x00000000
        8815000	       880	80004094	00000013	addi	x0,x0,0	  x0:0x00000000
        8825000	       881	80004098	0200036f	jal	x6,80004098	  x6=0x80004098
        8835000	       882	00000000	00000013	addi	x0,x0,0	  x0:0x00000000
        8845000	       883	800040b4	00000013	addi	x0,x0,0	  x0:0x00000000
        8855000	       884	800040b8	01c001ef	jal	x3,800040b8	  x3=0x800040b8
        8865000	       885	00000000	00000013	addi	x0,x0,0	  x0:0x00000000
        8875000	       886	800040d0	00000013	addi	x0,x0,0	  x0:0x00000000
        8885000	       887	800040d4	008000ef	jal	x1,800040d4	  x1=0x800040d4
        8895000	       888	00000000	00000013	addi	x0,x0,0	  x0:0x00000000
        8905000	       889	800040d8	00000013	addi	x0,x0,0	  x0:0x00000000
        8915000	       890	800040dc	417280b3	sub	x1,x5,x23	  x5:0x7fff603d x23:0x7fff667f  x1=0xfffff9be
        8925000	       891	800040e0	4049d033	sra	x0,x19,x4	 x19:0x7fff59ba  x4:0x80004070
        8935000	       892	800040e4	0f3e3913	sltiu	x18,x28,243	 x28:0x80009fc4 x18=0x00000000
        8945000	       893	800040e8	003f58b3	srl	x17,x30,x3	 x30:0x80009f7c  x3:0x800040b8 x17=0x00000080
        8955000	       894	800040ec	0556f263	bgeu	x13,x21,80004130	 x13:0x00008386 x21:0x927da000
        8965000	       895	800040f0	8e59b913	sltiu	x18,x19,-1819	 x19:0x7fff59ba x18=0x00000001
        8975000	       896	800040f4	0063d463	bge	x7,x6,800040fc	  x7:0x80003aa4  x6:0x80004098
        8985000	       897	800040f8	40748c33	sub	x24,x9,x7	  x9:0x98a4c000  x7:0x80003aa4 x24=0x18a4855c
        8995000	       898	800040fc	048d5863	bge	x26,x8,8000414c	 x26:0x00000008  x8:0x00000001
        9005000	       899	00000000	00000013	addi	x0,x0,0	  x0:0x00000000
        9015000	       900	80004148	00000013	addi	x0,x0,0	  x0:0x00000000
        9025000	       901	8000414c	01818933	add	x18,x3,x24	  x3:0x800040b8 x24:0x18a4855c x18=0x98a4c614
        9035000	       902	80004150	0437f263	bgeu	x15,x3,80004194	 x15:0x0e8bcfc4  x3:0x800040b8
        9045000	       903	80004154	001de463	bltu	x27,x1,8000415c	 x27:0x00000000  x1:0xfffff9be
        9055000	       904	00000000	00000013	addi	x0,x0,0	  x0:0x00000000
        9065000	       905	80004158	00000013	addi	x0,x0,0	  x0:0x00000000
        9075000	       906	8000415c	00e9c8b3	xor	x17,x19,x14	 x19:0x7fff59ba x14:0x00000000 x17=0x7fff59ba
        9085000	       907	80004160	01e95433	srl	x8,x18,x30	 x18:0x98a4c614 x30:0x80009f7c  x8=0x00000009
        9095000	       908	80004164	4040d933	sra	x18,x1,x4	  x1:0xfffff9be  x4:0x80004070 x18=0xffffffff
        9105000	       909	80004168	3d824713	xori	x14,x4,984	  x4:0x80004070 x14=0x800043a8
        9115000	       910	8000416c	0047de93	srli	x29,x15,0x4	 x15:0x0e8bcfc4 x29=0x00e8bcfc
        9125000	       911	80004170	5e4e4d93	xori	x27,x28,1508	 x28:0x80009fc4 x27=0x80009a20
        9135000	       912	80004174	04c18663	beq	x3,x12,800041c0	  x3:0x800040b8 x12:0x8000406c
        9145000	       913	80004178	0080d893	srli	x17,x1,0x8	  x1:0xfffff9be x17=0x00fffff9
        9155000	       914	8000417c	695e78b7	lui	x17,0x695e7	 x17=0x695e7000
        9165000	       915	80004180	005ed113	srli	x2,x29,0x5	 x29:0x00e8bcfc  x2=0x000745e7
        9175000	       916	80004184	404a8733	sub	x14,x21,x4	 x21:0x927da000  x4:0x80004070 x14=0x127d5f90
        9185000	       917	80004188	985d3793	sltiu	x15,x26,-1659	 x26:0x00000008 x15=0x00000001
        9195000	       918	8000418c	9d762013	slti	x0,x12,-1577	 x12:0x8000406c
        9205000	       919	80004190	03f11063	bne	x2,x31,800041b0	  x2:0x000745e7 x31:0x00000001
        9215000	       920	00000000	00000013	addi	x0,x0,0	  x0:0x00000000
        9225000	       921	800041ac	00000013	addi	x0,x0,0	  x0:0x00000000
        9235000	       922	800041b0	ae073093	sltiu	x1,x14,-1312	 x14:0x127d5f90  x1=0x00000001
        9245000	       923	800041b4	002b5463	bge	x22,x2,800041bc	 x22:0x8000407c  x2:0x000745e7
        9255000	       924	800041b8	03ac9063	bne	x25,x26,800041d8	 x25:0xc9d251d4 x26:0x00000008
        9265000	       925	00000000	00000013	addi	x0,x0,0	  x0:0x00000000
        9275000	       926	800041d4	00000013	addi	x0,x0,0	  x0:0x00000000
        9285000	       927	800041d8	40fc8533	sub	x10,x25,x15	 x25:0xc9d251d4 x15:0x00000001 x10=0xc9d251d3
        9295000	       928	800041dc	b5452813	slti	x16,x10,-1196	 x10:0xc9d251d3 x16=0x00000001
        9305000	       929	800041e0	88762b97	auipc	x23,0x88762	 x23=0x087661dc
        9315000	       930	800041e4	004d1733	sll	x14,x26,x4	 x26:0x00000008  x4:0x80004070 x14=0x00080000
        9325000	       931	800041e8	01a51593	slli	x11,x10,0x1a	 x10:0xc9d251d3 x11=0x4c000000
        9335000	       932	800041ec	41db83b3	sub	x7,x23,x29	 x23:0x087661dc x29:0x00e8bcfc  x7=0x078da4e0
        9345000	       933	800041f0	00d01133	sll	x2,x0,x13	  x0:0x00000000 x13:0x00008386  x2=0x00000000
        9355000	       934	800041f4	0150b933	sltu	x18,x1,x21	  x1:0x00000001 x21:0x927da000 x18=0x00000001
        9365000	       935	800041f8	40600fb3	sub	x31,x0,x6	  x0:0x00000000  x6:0x80004098 x31=0x7fffbf68
        9375000	       936	800041fc	4129d493	srai	x9,x19,0x12	 x19:0x7fff59ba  x9=0x00001fff
        9385000	       937	80004200	de688913	addi	x18,x17,-538	 x17:0x695e7000 x18=0x695e6de6
        9395000	       938	80004204	41815613	srai	x12,x2,0x18	  x2:0x00000000 x12=0x00000000
        9405000	       939	80004208	52f57013	andi	x0,x10,1327	 x10:0xc9d251d3
        9415000	       940	8000420c	00f50833	add	x16,x10,x15	 x10:0xc9d251d3 x15:0x00000001 x16=0xc9d251d4
        9425000	       941	80004210	400b8a33	sub	x20,x23,x0	 x23:0x087661dc  x0:0x00000000 x20=0x087661dc
        9435000	       942	80004214	003d2ab3	slt	x21,x26,x3	 x26:0x00000008  x3:0x800040b8 x21=0x00000000
        9445000	       943	80004218	073d7263	bgeu	x26,x19,8000427c	 x26:0x00000008 x19:0x7fff59ba
        9455000	       944	8000421c	01e442b3	xor	x5,x8,x30	  x8:0x00000009 x30:0x80009f7c  x5=0x80009f75
        9465000	       945	80004220	657cb193	sltiu	x3,x25,1623	 x25:0xc9d251d4  x3=0x00000000
        9475000	       946	80004224	009b0263	beq	x22,x9,80004228	 x22:0x8000407c  x9:0x00001fff
        9485000	       947	80004228	07799863	bne	x19,x23,80004298	 x19:0x7fff59ba x23:0x087661dc
        9495000	       948	00000000	00000013	addi	x0,x0,0	  x0:0x00000000
        9505000	       949	80004294	00000013	addi	x0,x0,0	  x0:0x00000000
        9515000	       950	80004298	cacebb13	sltiu	x22,x29,-852	 x29:0x00e8bcfc x22=0x00000001
        9525000	       951	8000429c	05835863	bge	x6,x24,800042ec	  x6:0x80004098 x24:0x18a4855c
        9535000	       952	800042a0	0082fc63	bgeu	x5,x8,800042b8	  x5:0x80009f75  x8:0x00000009
        9545000	       953	00000000	00000013	addi	x0,x0,0	  x0:0x00000000
        9555000	       954	800042b4	00000013	addi	x0,x0,0	  x0:0x00000000
        9565000	       955	800042b8	03e1e063	bltu	x3,x30,800042d8	  x3:0x00000000 x30:0x80009f7c
        9575000	       956	00000000	00000013	addi	x0,x0,0	  x0:0x00000000
        9585000	       957	800042d4	00000013	addi	x0,x0,0	  x0:0x00000000
        9595000	       958	800042d8	0340f063	bgeu	x1,x20,800042f8	  x1:0x00000001 x20:0x087661dc
        9605000	       959	800042dc	05828663	beq	x5,x24,80004328	  x5:0x80009f75 x24:0x18a4855c
        9615000	       960	800042e0	bc5abf93	sltiu	x31,x21,-1083	 x21:0x00000000 x31=0x00000001
        9625000	       961	800042e4	001fe633	or	x12,x31,x1	 x31:0x00000001  x1:0x00000001 x12=0x00000001
        9635000	       962	800042e8	01753933	sltu	x18,x10,x23	 x10:0xc9d251d3 x23:0x087661dc x18=0x00000000
        9645000	       963	800042ec	002ef463	bgeu	x29,x2,800042f4	 x29:0x00e8bcfc  x2:0x00000000
        9655000	       964	00000000	00000013	addi	x0,x0,0	  x0:0x00000000
        9665000	       965	800042f0	00000013	addi	x0,x0,0	  x0:0x00000000
        9675000	       966	800042f4	001852b3	srl	x5,x16,x1	 x16:0xc9d251d4  x1:0x00000001  x5=0x64e928ea
        9685000	       967	800042f8	b36e8c13	addi	x24,x29,-1226	 x29:0x00e8bcfc x24=0x00e8b832
        9695000	       968	800042fc	00357533	and	x10,x10,x3	 x10:0xc9d251d3  x3:0x00000000 x10=0x00000000
        9705000	       969	80004300	1d644c13	xori	x24,x8,470	  x8:0x00000009 x24=0x000001df
        9715000	       970	80004304	00cb2fb3	slt	x31,x22,x12	 x22:0x00000001 x12:0x00000001 x31=0x00000000
        9725000	       971	80004308	05c15063	bge	x2,x28,80004348	  x2:0x00000000 x28:0x80009fc4
        9735000	       972	00000000	00000013	addi	x0,x0,0	  x0:0x00000000
        9745000	       973	80004344	00000013	addi	x0,x0,0	  x0:0x00000000
        9755000	       974	80004348	04350263	beq	x10,x3,8000438c	 x10:0x00000000  x3:0x00000000
        9765000	       975	00000000	00000013	addi	x0,x0,0	  x0:0x00000000
        9775000	       976	80004388	00000013	addi	x0,x0,0	  x0:0x00000000
        9785000	       977	8000438c	410001b3	sub	x3,x0,x16	  x0:0x00000000 x16:0xc9d251d4  x3=0x362dae2c
        9795000	       978	80004390	419f59b3	sra	x19,x30,x25	 x30:0x80009f7c x25:0xc9d251d4 x19=0xfffff800
        9805000	       979	80004394	79f96a17	auipc	x20,0x79f96	 x20=0xf9f9a390
        9815000	       980	80004398	05f87263	bgeu	x16,x31,800043dc	 x16:0xc9d251d4 x31:0x00000000
        9825000	       981	00000000	00000013	addi	x0,x0,0	  x0:0x00000000
        9835000	       982	800043d8	00000013	addi	x0,x0,0	  x0:0x00000000
        9845000	       983	800043dc	7adfaa13	slti	x20,x31,1965	 x31:0x00000000 x20=0x00000001
        9855000	       984	800043e0	01c1b8b3	sltu	x17,x3,x28	  x3:0x362dae2c x28:0x80009fc4 x17=0x00000001
        9865000	       985	800043e4	33ca43b7	lui	x7,0x33ca4	  x7=0x33ca4000
        9875000	       986	800043e8	ce517337	lui	x6,0xce517	  x6=0xce517000
        9885000	       987	800043ec	9827e413	ori	x8,x15,-1662	 x15:0x00000001  x8=0xfffff983
        9895000	       988	800043f0	1bd8e7b7	lui	x15,0x1bd8e	 x15=0x1bd8e000
        9905000	       989	800043f4	e5c00013	addi	x0,x0,-420	  x0:0x00000000
        9915000	       990	800043f8	2b317d93	andi	x27,x2,691	  x2:0x00000000 x27=0x00000000
        9925000	       991	800043fc	009f55b3	srl	x11,x30,x9	 x30:0x80009f7c  x9:0x00001fff x11=0x00000001
        9935000	       992	80004400	f8267493	andi	x9,x12,-126	 x12:0x00000001  x9=0x00000000
        9945000	       993	80004404	00b745b3	xor	x11,x14,x11	 x14:0x00080000 x11:0x00000001 x11=0x00080001
        9955000	       994	80004408	eeeff813	andi	x16,x31,-274	 x31:0x00000000 x16=0x00000000
        9965000	       995	8000440c	e5d42493	slti	x9,x8,-419	  x8:0xfffff983  x9=0x00000001
        9975000	       996	80004410	8bb9eb93	ori	x23,x19,-1861	 x19:0xfffff800 x23=0xfffff8bb
        9985000	       997	80004414	03cb5c63	bge	x22,x28,8000444c	 x22:0x00000001 x28:0x80009fc4
        9995000	       998	00000000	00000013	addi	x0,x0,0	  x0:0x00000000
       10005000	       999	80004448	00000013	addi	x0,x0,0	  x0:0x00000000
       10015000	      1000	8000444c	00096133	or	x2,x18,x0	 x18:0x00000000  x0:0x00000000  x2=0x00000000
       10025000	      1001	80004450	402ad6b3	sra	x13,x21,x2	 x21:0x00000000  x2:0x00000000 x13=0x00000000
       10035000	      1002	80004454	00a29213	slli	x4,x5,0xa	  x5:0x64e928ea  x4=0xa4a3a800
       10045000	      1003	80004458	f42e03b7	lui	x7,0xf42e0	  x7=0xf42e0000
       10055000	      1004	8000445c	01571133	sll	x2,x14,x21	 x14:0x00080000 x21:0x00000000  x2=0x00080000
       10065000	      1005	80004460	e24b5217	auipc	x4,0xe24b5	  x4=0x624b945c
       10075000	      1006	80004464	4e4e84b7	lui	x9,0x4e4e8	  x9=0x4e4e8000
       10085000	      1007	80004468	404b5393	srai	x7,x22,0x4	 x22:0x00000001  x7=0x00000000
       10095000	      1008	8000446c	02cad063	bge	x21,x12,8000448c	 x21:0x00000000 x12:0x00000001
       10105000	      1009	80004470	93502497	auipc	x9,0x93502	  x9=0x1350646c
       10115000	      1010	80004474	e7333213	sltiu	x4,x6,-397	  x6:0xce517000  x4=0x00000001
       10125000	      1011	80004478	0c6b8293	addi	x5,x23,198	 x23:0xfffff8bb  x5=0xfffff981
       10135000	      1012	8000447c	41d30cb3	sub	x25,x6,x29	  x6:0xce517000 x29:0x00e8bcfc x25=0xcd68b304
       10145000	      1013	80004480	b8f48013	addi	x0,x9,-1137	  x9:0x1350646c
       10155000	      1014	80004484	00f04933	xor	x18,x0,x15	  x0:0x00000000 x15:0x1bd8e000 x18=0x1bd8e000
       10165000	      1015	80004488	024ec463	blt	x29,x4,800044b0	 x29:0x00e8bcfc  x4:0x00000001
       10175000	      1016	8000448c	00d3acb3	slt	x25,x7,x13	  x7:0x00000000 x13:0x00000000 x25=0x00000000
       10185000	      1017	80004490	d4372a93	slti	x21,x14,-701	 x14:0x00080000 x21=0x00000000
       10195000	      1018	80004494	04664263	blt	x12,x6,800044d8	 x12:0x00000001  x6:0xce517000
       10205000	      1019	80004498	04724863	blt	x4,x7,800044e8	  x4:0x00000001  x7:0x00000000
       10215000	      1020	8000449c	50eaf137	lui	x2,0x50eaf	  x2=0x50eaf000
       10225000	      1021	800044a0	04801063	bne	x0,x8,800044e0	  x0:0x00000000  x8:0xfffff983
       10235000	      1022	00000000	00000013	addi	x0,x0,0	  x0:0x00000000
       10245000	      1023	800044dc	00000013	addi	x0,x0,0	  x0:0x00000000
       10255000	      1024	800044e0	d9af8893	addi	x17,x31,-614	 x31:0x00000000 x17=0xfffffd9a
       10265000	      1025	800044e4	415558b3	sra	x17,x10,x21	 x10:0x00000000 x21:0x00000000 x17=0x00000000
       10275000	      1026	800044e8	6cfe8193	addi	x3,x29,1743	 x29:0x00e8bcfc  x3=0x00e8c3cb
       10285000	      1027	800044ec	402dda93	srai	x21,x27,0x2	 x27:0x00000000 x21=0x00000000
       10295000	      1028	800044f0	026bc263	blt	x23,x6,80004514	 x23:0xfffff8bb  x6:0xce517000
       10305000	      1029	800044f4	a92751b7	lui	x3,0xa9275	  x3=0xa9275000
       10315000	      1030	800044f8	d55c4d93	xori	x27,x24,-683	 x24:0x000001df x27=0xfffffc8a
       10325000	      1031	800044fc	ef052a97	auipc	x21,0xef052	 x21=0x6f0564f8
       10335000	      1032	80004500	05836063	bltu	x6,x24,80004540	  x6:0xce517000 x24:0x000001df
       10345000	      1033	80004504	037d7063	bgeu	x26,x23,80004524	 x26:0x00000008 x23:0xfffff8bb
       10355000	      1034	80004508	023b8a63	beq	x23,x3,8000453c	 x23:0xfffff8bb  x3:0xa9275000
       10365000	      1035	8000450c	8f443993	sltiu	x19,x8,-1804	  x8:0xfffff983 x19=0x00000000
       10375000	      1036	80004510	843f8713	addi	x14,x31,-1981	 x31:0x00000000 x14=0xfffff843
       10385000	      1037	80004514	000d5133	srl	x2,x26,x0	 x26:0x00000008  x0:0x00000000  x2=0x00000008
       10395000	      1038	80004518	401cdb33	sra	x22,x25,x1	 x25:0x00000000  x1:0x00000001 x22=0x00000000
       10405000	      1039	8000451c	010daa33	slt	x20,x27,x16	 x27:0xfffffc8a x16:0x00000000 x20=0x00000001
       10415000	      1040	80004520	f3d8aeb7	lui	x29,0xf3d8a	 x29=0xf3d8a000
       10425000	      1041	80004524	6f02cfb7	lui	x31,0x6f02c	 x31=0x6f02c000
       10435000	      1042	80004528	49d62793	slti	x15,x12,1181	 x12:0x00000001 x15=0x00000001
       10445000	      1043	8000452c	049e4663	blt	x28,x9,80004578	 x28:0x80009fc4  x9:0x1350646c
       10455000	      1044	00000000	00000013	addi	x0,x0,0	  x0:0x00000000
       10465000	      1045	80004574	00000013	addi	x0,x0,0	  x0:0x00000000
       10475000	      1046	80004578	00b5d463	bge	x11,x11,80004580	 x11:0x00080001 x11:0x00080001
       10485000	      1047	00000000	00000013	addi	x0,x0,0	  x0:0x00000000
       10495000	      1048	8000457c	00000013	addi	x0,x0,0	  x0:0x00000000
       10505000	      1049	80004580	a5657f93	andi	x31,x10,-1450	 x10:0x00000000 x31=0x00000000
       10515000	      1050	80004584	41868bb3	sub	x23,x13,x24	 x13:0x00000000 x24:0x000001df x23=0xfffffe21
       10525000	      1051	80004588	010fa0b3	slt	x1,x31,x16	 x31:0x00000000 x16:0x00000000  x1=0x00000000
       10535000	      1052	8000458c	01c001b3	add	x3,x0,x28	  x0:0x00000000 x28:0x80009fc4  x3=0x80009fc4
       10545000	      1053	80004590	4005d433	sra	x8,x11,x0	 x11:0x00080001  x0:0x00000000  x8=0x00080001
       10555000	      1054	80004594	00582633	slt	x12,x16,x5	 x16:0x00000000  x5:0xfffff981 x12=0x00000000
       10565000	      1055	80004598	0256ce63	blt	x13,x5,800045d4	 x13:0x00000000  x5:0xfffff981
       10575000	      1056	8000459c	93073193	sltiu	x3,x14,-1744	 x14:0xfffff843  x3=0x00000001
       10585000	      1057	800045a0	02727063	bgeu	x4,x7,800045c0	  x4:0x00000001  x7:0x00000000
       10595000	      1058	00000000	00000013	addi	x0,x0,0	  x0:0x00000000
       10605000	      1059	800045bc	00000013	addi	x0,x0,0	  x0:0x00000000
       10615000	      1060	800045c0	00000013	addi	x0,x0,0	  x0:0x00000000
       10625000	      1061	800045c4	406684b3	sub	x9,x13,x6	 x13:0x00000000  x6:0xce517000  x9=0x31ae9000
       10635000	      1062	800045c8	2555e393	ori	x7,x11,597	 x11:0x00080001  x7=0x00080255
       10645000	      1063	800045cc	003af463	bgeu	x21,x3,800045d4	 x21:0x6f0564f8  x3:0x00000001
       10655000	      1064	00000000	00000013	addi	x0,x0,0	  x0:0x00000000
       10665000	      1065	800045d0	00000013	addi	x0,x0,0	  x0:0x00000000
       10675000	      1066	800045d4	719cea93	ori	x21,x25,1817	 x25:0x00000000 x21=0x00000719
       10685000	      1067	800045d8	1f766913	ori	x18,x12,503	 x12:0x00000000 x18=0x000001f7
       10695000	      1068	800045dc	004f2603	lw	x12,4(x30)	 x30:0x80009f7c x12=0x80000128 PA:0x80009f80
       10705000	      1069	800045e0	00e1da33	srl	x20,x3,x14	  x3:0x00000001 x14:0xfffff843 x20=0x00000000
       10715000	      1070	800045e4	65fb7f93	andi	x31,x22,1631	 x22:0x00000000 x31=0x00000000
       10725000	      1071	800045e8	008f0f13	addi	x30,x30,8	 x30:0x80009f7c x30=0x80009f84
       10735000	      1072	800045ec	41e8da33	sra	x20,x17,x30	 x17:0x00000000 x30:0x80009f84 x20=0x00000000
       10745000	      1073	800045f0	002dc4b3	xor	x9,x27,x2	 x27:0xfffffc8a  x2:0x00000008  x9=0xfffffc82
       10755000	      1074	800045f4	01081b33	sll	x22,x16,x16	 x16:0x00000000 x16:0x00000000 x22=0x00000000
       10765000	      1075	800045f8	5e49ed97	auipc	x27,0x5e49e	 x27=0xde4a25f4
       10775000	      1076	800045fc	00c15933	srl	x18,x2,x12	  x2:0x00000008 x12:0x80000128 x18=0x00000000
       10785000	      1077	80004600	01ae20b3	slt	x1,x28,x26	 x28:0x80009fc4 x26:0x00000008  x1=0x00000001
       10795000	      1078	80004604	00160793	addi	x15,x12,1	 x12:0x80000128 x15=0x80000129
       10805000	      1079	80004608	000787e7	jalr	x15,x15,0	 x15:0x80000129 x15=0x80004608
       10815000	      1080	00000000	00000013	addi	x0,x0,0	  x0:0x00000000
       10825000	      1081	80000128	00000013	addi	x0,x0,0	  x0:0x00000000
       10835000	      1082	8000012c	0180066f	jal	x12,8000012c	 x12=0x8000012c
       10845000	      1083	00000000	00000013	addi	x0,x0,0	  x0:0x00000000
       10855000	      1084	80000140	00000013	addi	x0,x0,0	  x0:0x00000000
       10865000	      1085	80000144	0040036f	jal	x6,80000144	  x6=0x80000144
       10875000	      1086	00000000	00000013	addi	x0,x0,0	  x0:0x00000000
       10885000	      1087	80000144	00000013	addi	x0,x0,0	  x0:0x00000000
       10895000	      1088	80000148	ff9ff0ef	jal	x1,80000148	  x1=0x80000148
       10905000	      1089	00000000	00000013	addi	x0,x0,0	  x0:0x00000000
       10915000	      1090	8000013c	00000013	addi	x0,x0,0	  x0:0x00000000
       10925000	      1091	80000140	ff1ff0ef	jal	x1,80000140	  x1=0x80000140
       10935000	      1092	00000000	00000013	addi	x0,x0,0	  x0:0x00000000
       10945000	      1093	8000012c	00000013	addi	x0,x0,0	  x0:0x00000000
       10955000	      1094	80000130	00800bef	jal	x23,80000130	 x23=0x80000130
       10965000	      1095	00000000	00000013	addi	x0,x0,0	  x0:0x00000000
       10975000	      1096	80000134	00000013	addi	x0,x0,0	  x0:0x00000000
       10985000	      1097	80000138	018000ef	jal	x1,80000138	  x1=0x80000138
       10995000	      1098	00000000	00000013	addi	x0,x0,0	  x0:0x00000000
       11005000	      1099	8000014c	00000013	addi	x0,x0,0	  x0:0x00000000
       11015000	      1100	80000150	fedff2ef	jal	x5,80000150	  x5=0x80000150
       11025000	      1101	00000000	00000013	addi	x0,x0,0	  x0:0x00000000
       11035000	      1102	80000138	00000013	addi	x0,x0,0	  x0:0x00000000
       11045000	      1103	8000013c	ff9ff16f	jal	x2,8000013c	  x2=0x8000013c
       11055000	      1104	00000000	00000013	addi	x0,x0,0	  x0:0x00000000
       11065000	      1105	80000130	00000013	addi	x0,x0,0	  x0:0x00000000
       11075000	      1106	80000134	0200036f	jal	x6,80000134	  x6=0x80000134
       11085000	      1107	00000000	00000013	addi	x0,x0,0	  x0:0x00000000
       11095000	      1108	80000150	00000013	addi	x0,x0,0	  x0:0x00000000
       11105000	      1109	80000154	ff9ffcef	jal	x25,80000154	 x25=0x80000154
       11115000	      1110	00000000	00000013	addi	x0,x0,0	  x0:0x00000000
       11125000	      1111	80000148	00000013	addi	x0,x0,0	  x0:0x00000000
       11135000	      1112	8000014c	00c0086f	jal	x16,8000014c	 x16=0x8000014c
       11145000	      1113	00000000	00000013	addi	x0,x0,0	  x0:0x00000000
       11155000	      1114	80000154	00000013	addi	x0,x0,0	  x0:0x00000000
       11165000	      1115	80000158	c4d13093	sltiu	x1,x2,-947	  x2:0x8000013c  x1=0x00000001
       11175000	      1116	8000015c	0080066f	jal	x12,8000015c	 x12=0x8000015c
       11185000	      1117	00000000	00000013	addi	x0,x0,0	  x0:0x00000000
       11195000	      1118	80000160	00000013	addi	x0,x0,0	  x0:0x00000000
       11205000	      1119	80000164	00c0036f	jal	x6,80000164	  x6=0x80000164
       11215000	      1120	00000000	00000013	addi	x0,x0,0	  x0:0x00000000
       11225000	      1121	8000016c	00000013	addi	x0,x0,0	  x0:0x00000000
       11235000	      1122	80000170	ff1ff0ef	jal	x1,80000170	  x1=0x80000170
       11245000	      1123	00000000	00000013	addi	x0,x0,0	  x0:0x00000000
       11255000	      1124	8000015c	00000013	addi	x0,x0,0	  x0:0x00000000
       11265000	      1125	80000160	00c0036f	jal	x6,80000160	  x6=0x80000160
       11275000	      1126	00000000	00000013	addi	x0,x0,0	  x0:0x00000000
       11285000	      1127	80000168	00000013	addi	x0,x0,0	  x0:0x00000000
       11295000	      1128	8000016c	00c00fef	jal	x31,8000016c	 x31=0x8000016c
       11305000	      1129	00000000	00000013	addi	x0,x0,0	  x0:0x00000000
       11315000	      1130	80000174	00000013	addi	x0,x0,0	  x0:0x00000000
       11325000	      1131	80000178	0080036f	jal	x6,80000178	  x6=0x80000178
       11335000	      1132	00000000	00000013	addi	x0,x0,0	  x0:0x00000000
       11345000	      1133	8000017c	00000013	addi	x0,x0,0	  x0:0x00000000
       11355000	      1134	80000180	ff5ffbef	jal	x23,80000180	 x23=0x80000180
       11365000	      1135	00000000	00000013	addi	x0,x0,0	  x0:0x00000000
       11375000	      1136	80000170	00000013	addi	x0,x0,0	  x0:0x00000000
       11385000	      1137	80000174	01c0086f	jal	x16,80000174	 x16=0x80000174
       11395000	      1138	00000000	00000013	addi	x0,x0,0	  x0:0x00000000
       11405000	      1139	8000018c	00000013	addi	x0,x0,0	  x0:0x00000000
       11415000	      1140	80000190	ff5ff0ef	jal	x1,80000190	  x1=0x80000190
       11425000	      1141	00000000	00000013	addi	x0,x0,0	  x0:0x00000000
       11435000	      1142	80000180	00000013	addi	x0,x0,0	  x0:0x00000000
       11445000	      1143	80000184	008000ef	jal	x1,80000184	  x1=0x80000184
       11455000	      1144	00000000	00000013	addi	x0,x0,0	  x0:0x00000000
       11465000	      1145	80000188	00000013	addi	x0,x0,0	  x0:0x00000000
       11475000	      1146	8000018c	ffdff0ef	jal	x1,8000018c	  x1=0x8000018c
       11485000	      1147	00000000	00000013	addi	x0,x0,0	  x0:0x00000000
       11495000	      1148	80000184	00000013	addi	x0,x0,0	  x0:0x00000000
       11505000	      1149	80000188	00c0016f	jal	x2,80000188	  x2=0x80000188
       11515000	      1150	00000000	00000013	addi	x0,x0,0	  x0:0x00000000
       11525000	      1151	80000190	00000013	addi	x0,x0,0	  x0:0x00000000
       11535000	      1152	80000194	fe9ff0ef	jal	x1,80000194	  x1=0x80000194
       11545000	      1153	00000000	00000013	addi	x0,x0,0	  x0:0x00000000
       11555000	      1154	80000178	00000013	addi	x0,x0,0	  x0:0x00000000
       11565000	      1155	8000017c	fedffbef	jal	x23,8000017c	 x23=0x8000017c
       11575000	      1156	00000000	00000013	addi	x0,x0,0	  x0:0x00000000
       11585000	      1157	80000164	00000013	addi	x0,x0,0	  x0:0x00000000
       11595000	      1158	80000168	030001ef	jal	x3,80000168	  x3=0x80000168
       11605000	      1159	00000000	00000013	addi	x0,x0,0	  x0:0x00000000
       11615000	      1160	80000194	00000013	addi	x0,x0,0	  x0:0x00000000
       11625000	      1161	80000198	9a29b613	sltiu	x12,x19,-1630	 x19:0x00000000 x12=0x00000001
       11635000	      1162	8000019c	0240066f	jal	x12,8000019c	 x12=0x8000019c
       11645000	      1163	00000000	00000013	addi	x0,x0,0	  x0:0x00000000
       11655000	      1164	800001bc	00000013	addi	x0,x0,0	  x0:0x00000000
       11665000	      1165	800001c0	fe9ff5ef	jal	x11,800001c0	 x11=0x800001c0
       11675000	      1166	00000000	00000013	addi	x0,x0,0	  x0:0x00000000
       11685000	      1167	800001a4	00000013	addi	x0,x0,0	  x0:0x00000000
       11695000	      1168	800001a8	028000ef	jal	x1,800001a8	  x1=0x800001a8
       11705000	      1169	00000000	00000013	addi	x0,x0,0	  x0:0x00000000
       11715000	      1170	800001cc	00000013	addi	x0,x0,0	  x0:0x00000000
       11725000	      1171	800001d0	ff9ffaef	jal	x21,800001d0	 x21=0x800001d0
       11735000	      1172	00000000	00000013	addi	x0,x0,0	  x0:0x00000000
       11745000	      1173	800001c4	00000013	addi	x0,x0,0	  x0:0x00000000
       11755000	      1174	800001c8	fedff0ef	jal	x1,800001c8	  x1=0x800001c8
       11765000	      1175	00000000	00000013	addi	x0,x0,0	  x0:0x00000000
       11775000	      1176	800001b0	00000013	addi	x0,x0,0	  x0:0x00000000
       11785000	      1177	800001b4	010000ef	jal	x1,800001b4	  x1=0x800001b4
       11795000	      1178	00000000	00000013	addi	x0,x0,0	  x0:0x00000000
       11805000	      1179	800001c0	00000013	addi	x0,x0,0	  x0:0x00000000
       11815000	      1180	800001c4	0100046f	jal	x8,800001c4	  x8=0x800001c4
       11825000	      1181	00000000	00000013	addi	x0,x0,0	  x0:0x00000000
       11835000	      1182	800001d0	00000013	addi	x0,x0,0	  x0:0x00000000
       11845000	      1183	800001d4	fe9ff76f	jal	x14,800001d4	 x14=0x800001d4
       11855000	      1184	00000000	00000013	addi	x0,x0,0	  x0:0x00000000
       11865000	      1185	800001b8	00000013	addi	x0,x0,0	  x0:0x00000000
       11875000	      1186	800001bc	fe5ff36f	jal	x6,800001bc	  x6=0x800001bc
       11885000	      1187	00000000	00000013	addi	x0,x0,0	  x0:0x00000000
       11895000	      1188	8000019c	00000013	addi	x0,x0,0	  x0:0x00000000
       11905000	      1189	800001a0	004000ef	jal	x1,800001a0	  x1=0x800001a0
       11915000	      1190	00000000	00000013	addi	x0,x0,0	  x0:0x00000000
       11925000	      1191	800001a0	00000013	addi	x0,x0,0	  x0:0x00000000
       11935000	      1192	800001a4	00c0036f	jal	x6,800001a4	  x6=0x800001a4
       11945000	      1193	00000000	00000013	addi	x0,x0,0	  x0:0x00000000
       11955000	      1194	800001ac	00000013	addi	x0,x0,0	  x0:0x00000000
       11965000	      1195	800001b0	008000ef	jal	x1,800001b0	  x1=0x800001b0
       11975000	      1196	00000000	00000013	addi	x0,x0,0	  x0:0x00000000
       11985000	      1197	800001b4	00000013	addi	x0,x0,0	  x0:0x00000000
       11995000	      1198	800001b8	020000ef	jal	x1,800001b8	  x1=0x800001b8
       12005000	      1199	00000000	00000013	addi	x0,x0,0	  x0:0x00000000
       12015000	      1200	800001d4	00000013	addi	x0,x0,0	  x0:0x00000000
       12025000	      1201	800001d8	fd5ff36f	jal	x6,800001d8	  x6=0x800001d8
       12035000	      1202	00000000	00000013	addi	x0,x0,0	  x0:0x00000000
       12045000	      1203	800001a8	00000013	addi	x0,x0,0	  x0:0x00000000
       12055000	      1204	800001ac	020000ef	jal	x1,800001ac	  x1=0x800001ac
       12065000	      1205	00000000	00000013	addi	x0,x0,0	  x0:0x00000000
       12075000	      1206	800001c8	00000013	addi	x0,x0,0	  x0:0x00000000
       12085000	      1207	800001cc	01000a6f	jal	x20,800001cc	 x20=0x800001cc
       12095000	      1208	00000000	00000013	addi	x0,x0,0	  x0:0x00000000
       12105000	      1209	800001d8	00000013	addi	x0,x0,0	  x0:0x00000000
       12115000	      1210	800001dc	f8d7c393	xori	x7,x15,-115	 x15:0x80004608  x7=0x7fffb985
       12125000	      1211	800001e0	0280066f	jal	x12,800001e0	 x12=0x800001e0
       12135000	      1212	00000000	00000013	addi	x0,x0,0	  x0:0x00000000
       12145000	      1213	80000204	00000013	addi	x0,x0,0	  x0:0x00000000
       12155000	      1214	80000208	00c002ef	jal	x5,80000208	  x5=0x80000208
       12165000	      1215	00000000	00000013	addi	x0,x0,0	  x0:0x00000000
       12175000	      1216	80000210	00000013	addi	x0,x0,0	  x0:0x00000000
       12185000	      1217	80000214	0040036f	jal	x6,80000214	  x6=0x80000214
       12195000	      1218	00000000	00000013	addi	x0,x0,0	  x0:0x00000000
       12205000	      1219	80000214	00000013	addi	x0,x0,0	  x0:0x00000000
       12215000	      1220	80000218	fd5ff36f	jal	x6,80000218	  x6=0x80000218
       12225000	      1221	00000000	00000013	addi	x0,x0,0	  x0:0x00000000
       12235000	      1222	800001e8	00000013	addi	x0,x0,0	  x0:0x00000000
       12245000	      1223	800001ec	03c007ef	jal	x15,800001ec	 x15=0x800001ec
       12255000	      1224	00000000	00000013	addi	x0,x0,0	  x0:0x00000000
       12265000	      1225	80000224	00000013	addi	x0,x0,0	  x0:0x00000000
       12275000	      1226	80000228	ff9ff36f	jal	x6,80000228	  x6=0x80000228
       12285000	      1227	00000000	00000013	addi	x0,x0,0	  x0:0x00000000
       12295000	      1228	8000021c	00000013	addi	x0,x0,0	  x0:0x00000000
       12305000	      1229	80000220	fe1ff36f	jal	x6,80000220	  x6=0x80000220
       12315000	      1230	00000000	00000013	addi	x0,x0,0	  x0:0x00000000
       12325000	      1231	800001fc	00000013	addi	x0,x0,0	  x0:0x00000000
       12335000	      1232	80000200	030000ef	jal	x1,80000200	  x1=0x80000200
       12345000	      1233	00000000	00000013	addi	x0,x0,0	  x0:0x00000000
       12355000	      1234	8000022c	00000013	addi	x0,x0,0	  x0:0x00000000
       12365000	      1235	80000230	fc1ff0ef	jal	x1,80000230	  x1=0x80000230
       12375000	      1236	00000000	00000013	addi	x0,x0,0	  x0:0x00000000
       12385000	      1237	800001ec	00000013	addi	x0,x0,0	  x0:0x00000000
       12395000	      1238	800001f0	044000ef	jal	x1,800001f0	  x1=0x800001f0
       12405000	      1239	00000000	00000013	addi	x0,x0,0	  x0:0x00000000
       12415000	      1240	80000230	00000013	addi	x0,x0,0	  x0:0x00000000
       12425000	      1241	80000234	fd1ff36f	jal	x6,80000234	  x6=0x80000234
       12435000	      1242	00000000	00000013	addi	x0,x0,0	  x0:0x00000000
       12445000	      1243	80000200	00000013	addi	x0,x0,0	  x0:0x00000000
       12455000	      1244	80000204	ff9ff0ef	jal	x1,80000204	  x1=0x80000204
       12465000	      1245	00000000	00000013	addi	x0,x0,0	  x0:0x00000000
       12475000	      1246	800001f8	00000013	addi	x0,x0,0	  x0:0x00000000
       12485000	      1247	800001fc	fedff0ef	jal	x1,800001fc	  x1=0x800001fc
       12495000	      1248	00000000	00000013	addi	x0,x0,0	  x0:0x00000000
       12505000	      1249	800001e4	00000013	addi	x0,x0,0	  x0:0x00000000
       12515000	      1250	800001e8	ffdff0ef	jal	x1,800001e8	  x1=0x800001e8
       12525000	      1251	00000000	00000013	addi	x0,x0,0	  x0:0x00000000
       12535000	      1252	800001e0	00000013	addi	x0,x0,0	  x0:0x00000000
       12545000	      1253	800001e4	038000ef	jal	x1,800001e4	  x1=0x800001e4
       12555000	      1254	00000000	00000013	addi	x0,x0,0	  x0:0x00000000
       12565000	      1255	80000218	00000013	addi	x0,x0,0	  x0:0x00000000
       12575000	      1256	8000021c	fddff0ef	jal	x1,8000021c	  x1=0x8000021c
       12585000	      1257	00000000	00000013	addi	x0,x0,0	  x0:0x00000000
       12595000	      1258	800001f4	00000013	addi	x0,x0,0	  x0:0x00000000
       12605000	      1259	800001f8	0140036f	jal	x6,800001f8	  x6=0x800001f8
       12615000	      1260	00000000	00000013	addi	x0,x0,0	  x0:0x00000000
       12625000	      1261	80000208	00000013	addi	x0,x0,0	  x0:0x00000000
       12635000	      1262	8000020c	018000ef	jal	x1,8000020c	  x1=0x8000020c
       12645000	      1263	00000000	00000013	addi	x0,x0,0	  x0:0x00000000
       12655000	      1264	80000220	00000013	addi	x0,x0,0	  x0:0x00000000
       12665000	      1265	80000224	fd1ff0ef	jal	x1,80000224	  x1=0x80000224
       12675000	      1266	00000000	00000013	addi	x0,x0,0	  x0:0x00000000
       12685000	      1267	800001f0	00000013	addi	x0,x0,0	  x0:0x00000000
       12695000	      1268	800001f4	01c0036f	jal	x6,800001f4	  x6=0x800001f4
       12705000	      1269	00000000	00000013	addi	x0,x0,0	  x0:0x00000000
       12715000	      1270	8000020c	00000013	addi	x0,x0,0	  x0:0x00000000
       12725000	      1271	80000210	01c000ef	jal	x1,80000210	  x1=0x80000210
       12735000	      1272	00000000	00000013	addi	x0,x0,0	  x0:0x00000000
       12745000	      1273	80000228	00000013	addi	x0,x0,0	  x0:0x00000000
       12755000	      1274	8000022c	00c000ef	jal	x1,8000022c	  x1=0x8000022c
       12765000	      1275	00000000	00000013	addi	x0,x0,0	  x0:0x00000000
       12775000	      1276	80000234	00000013	addi	x0,x0,0	  x0:0x00000000
       12785000	      1277	80000238	01200fb3	add	x31,x0,x18	  x0:0x00000000 x18:0x00000000 x31=0x00000000
       12795000	      1278	8000023c	375cb693	sltiu	x13,x25,885	 x25:0x80000154 x13=0x00000000
       12805000	      1279	80000240	00000013	addi	x0,x0,0	  x0:0x00000000
       12815000	      1280	80000244	f7106437	lui	x8,0xf7106	  x8=0xf7106000
       12825000	      1281	80000248	543b8113	addi	x2,x23,1347	 x23:0x8000017c  x2=0x800006bf
       12835000	      1282	8000024c	00000013	addi	x0,x0,0	  x0:0x00000000
       12845000	      1283	80000250	ca9f4993	xori	x19,x30,-855	 x30:0x80009f84 x19=0x7fff632d
       12855000	      1284	80000254	00c60bb3	add	x23,x12,x12	 x12:0x800001e0 x12:0x800001e0 x23=0x000003c0
       12865000	      1285	80000258	0770f663	bgeu	x1,x23,800002c4	  x1:0x8000022c x23:0x000003c0
       12875000	      1286	00000000	00000013	addi	x0,x0,0	  x0:0x00000000
       12885000	      1287	800002c0	00000013	addi	x0,x0,0	  x0:0x00000000
       12895000	      1288	800002c4	043b4263	blt	x22,x3,80000308	 x22:0x00000000  x3:0x80000168
       12905000	      1289	800002c8	05fd0913	addi	x18,x26,95	 x26:0x00000008 x18=0x00000067
       12915000	      1290	800002cc	00000013	addi	x0,x0,0	  x0:0x00000000
       12925000	      1291	800002d0	b89eaa93	slti	x21,x29,-1143	 x29:0xf3d8a000 x21=0x00000001
       12935000	      1292	800002d4	01c594b3	sll	x9,x11,x28	 x11:0x800001c0 x28:0x80009fc4  x9=0x00001c00
       12945000	      1293	800002d8	01928cb3	add	x25,x5,x25	  x5:0x80000208 x25:0x80000154 x25=0x0000035c
       12955000	      1294	800002dc	007c08b3	add	x17,x24,x7	 x24:0x000001df  x7:0x7fffb985 x17=0x7fffbb64
       12965000	      1295	800002e0	00590233	add	x4,x18,x5	 x18:0x00000067  x5:0x80000208  x4=0x8000026f
       12975000	      1296	800002e4	fb816d93	ori	x27,x2,-72	  x2:0x800006bf x27=0xffffffbf
       12985000	      1297	800002e8	011f6533	or	x10,x30,x17	 x30:0x80009f84 x17:0x7fffbb64 x10=0xffffbfe4
       12995000	      1298	800002ec	01cdb533	sltu	x10,x27,x28	 x27:0xffffffbf x28:0x80009fc4 x10=0x00000000
       13005000	      1299	800002f0	037c4e63	blt	x24,x23,8000032c	 x24:0x000001df x23:0x000003c0
       13015000	      1300	00000000	00000013	addi	x0,x0,0	  x0:0x00000000
       13025000	      1301	80000328	00000013	addi	x0,x0,0	  x0:0x00000000
       13035000	      1302	8000032c	55e40693	addi	x13,x8,1374	  x8:0xf7106000 x13=0xf710655e
       13045000	      1303	80000330	12d3b913	sltiu	x18,x7,301	  x7:0x7fffb985 x18=0x00000000
       13055000	      1304	80000334	6f1cae93	slti	x29,x25,1777	 x25:0x0000035c x29=0x00000001
       13065000	      1305	80000338	0191a733	slt	x14,x3,x25	  x3:0x80000168 x25:0x0000035c x14=0x00000001
       13075000	      1306	8000033c	41f08933	sub	x18,x1,x31	  x1:0x8000022c x31:0x00000000 x18=0x8000022c
       13085000	      1307	80000340	ef834613	xori	x12,x6,-264	  x6:0x800001f4 x12=0x7fffff0c
       13095000	      1308	80000344	f8518893	addi	x17,x3,-123	  x3:0x80000168 x17=0x800000ed
       13105000	      1309	80000348	00dd7733	and	x14,x26,x13	 x26:0x00000008 x13:0xf710655e x14=0x00000008
       13115000	      1310	8000034c	00caf463	bgeu	x21,x12,80000354	 x21:0x00000001 x12:0x7fffff0c
       13125000	      1311	80000350	01d9e933	or	x18,x19,x29	 x19:0x7fff632d x29:0x00000001 x18=0x7fff632d
       13135000	      1312	80000354	fb78f713	andi	x14,x17,-73	 x17:0x800000ed x14=0x800000a5
       13145000	      1313	80000358	41eb5313	srai	x6,x22,0x1e	 x22:0x00000000  x6=0x00000000
       13155000	      1314	8000035c	9c4de013	ori	x0,x27,-1596	 x27:0xffffffbf
       13165000	      1315	80000360	03146263	bltu	x8,x17,80000384	  x8:0xf7106000 x17:0x800000ed
       13175000	      1316	80000364	02520e63	beq	x4,x5,800003a0	  x4:0x8000026f  x5:0x80000208
       13185000	      1317	80000368	70d3c313	xori	x6,x7,1805	  x7:0x7fffb985  x6=0x7fffbe88
       13195000	      1318	8000036c	01185733	srl	x14,x16,x17	 x16:0x80000174 x17:0x800000ed x14=0x00040000
       13205000	      1319	80000370	0193ec63	bltu	x7,x25,80000388	  x7:0x7fffb985 x25:0x0000035c
       13215000	      1320	80000374	41e35593	srai	x11,x6,0x1e	  x6:0x7fffbe88 x11=0x00000001
       13225000	      1321	80000378	00be4033	xor	x0,x28,x11	 x28:0x80009fc4 x11:0x00000001
       13235000	      1322	8000037c	decaf993	andi	x19,x21,-532	 x21:0x00000001 x19=0x00000000
       13245000	      1323	80000380	f5630593	addi	x11,x6,-170	  x6:0x7fffbe88 x11=0x7fffbdde
       13255000	      1324	80000384	00b75613	srli	x12,x14,0xb	 x14:0x00040000 x12=0x00000080
       13265000	      1325	80000388	02b88663	beq	x17,x11,800003b4	 x17:0x800000ed x11:0x7fffbdde
       13275000	      1326	8000038c	81c5b693	sltiu	x13,x11,-2020	 x11:0x7fffbdde x13=0x00000001
       13285000	      1327	80000390	778abc13	sltiu	x24,x21,1912	 x21:0x00000001 x24=0x00000001
       13295000	      1328	80000394	7fe28493	addi	x9,x5,2046	  x5:0x80000208  x9=0x80000a06
       13305000	      1329	80000398	82ae8013	addi	x0,x29,-2006	 x29:0x00000001
       13315000	      1330	8000039c	756fb713	sltiu	x14,x31,1878	 x31:0x00000000 x14=0x00000001
       13325000	      1331	800003a0	052b8663	beq	x23,x18,800003ec	 x23:0x000003c0 x18:0x7fff632d
       13335000	      1332	800003a4	4122d593	srai	x11,x5,0x12	  x5:0x80000208 x11=0xffffe000
       13345000	      1333	800003a8	beb54b17	auipc	x22,0xbeb54	 x22=0x3eb543a4
       13355000	      1334	800003ac	00a75813	srli	x16,x14,0xa	 x14:0x00000001 x16=0x00000000
       13365000	      1335	800003b0	01b0d493	srli	x9,x1,0x1b	  x1:0x8000022c  x9=0x00000010
       13375000	      1336	800003b4	00fb9833	sll	x16,x23,x15	 x23:0x000003c0 x15:0x800001ec x16=0x003c0000
       13385000	      1337	800003b8	c8ba4613	xori	x12,x20,-885	 x20:0x800001cc x12=0x7ffffd47
       13395000	      1338	800003bc	00dd0c63	beq	x26,x13,800003d4	 x26:0x00000008 x13:0x00000001
       13405000	      1339	800003c0	b80bb893	sltiu	x17,x23,-1152	 x23:0x000003c0 x17=0x00000001
       13415000	      1340	800003c4	d74c3713	sltiu	x14,x24,-652	 x24:0x00000001 x14=0x00000001
       13425000	      1341	800003c8	054ed463	bge	x29,x20,80000410	 x29:0x00000001 x20:0x800001cc
       13435000	      1342	00000000	00000013	addi	x0,x0,0	  x0:0x00000000
       13445000	      1343	8000040c	00000013	addi	x0,x0,0	  x0:0x00000000
       13455000	      1344	80000410	00e2ba33	sltu	x20,x5,x14	  x5:0x80000208 x14:0x00000001 x20=0x00000000
       13465000	      1345	80000414	00000013	addi	x0,x0,0	  x0:0x00000000
       13475000	      1346	80000418	40655613	srai	x12,x10,0x6	 x10:0x00000000 x12=0x00000000
       13485000	      1347	8000041c	01a7d313	srli	x6,x15,0x1a	 x15:0x800001ec  x6=0x00000020
       13495000	      1348	80000420	faace337	lui	x6,0xfaace	  x6=0xfaace000
       13505000	      1349	80000424	00c49293	slli	x5,x9,0xc	  x9:0x00000010  x5=0x00010000
       13515000	      1350	80000428	00f37ab3	and	x21,x6,x15	  x6:0xfaace000 x15:0x800001ec x21=0x80000000
       13525000	      1351	8000042c	4154d613	srai	x12,x9,0x15	  x9:0x00000010 x12=0x00000000
       13535000	      1352	80000430	019d8263	beq	x27,x25,80000434	 x27:0xffffffbf x25:0x0000035c
       13545000	      1353	80000434	00000013	addi	x0,x0,0	  x0:0x00000000
       13555000	      1354	80000438	008438b3	sltu	x17,x8,x8	  x8:0xf7106000  x8:0xf7106000 x17=0x00000000
       13565000	      1355	8000043c	00da1613	slli	x12,x20,0xd	 x20:0x00000000 x12=0x00000000
       13575000	      1356	80000440	038e2f93	slti	x31,x28,56	 x28:0x80009fc4 x31=0x00000001
       13585000	      1357	80000444	00f8dc93	srli	x25,x17,0xf	 x17:0x00000000 x25=0x00000000
       13595000	      1358	80000448	037d9463	bne	x27,x23,80000470	 x27:0xffffffbf x23:0x000003c0
       13605000	      1359	00000000	00000013	addi	x0,x0,0	  x0:0x00000000
       13615000	      1360	8000046c	00000013	addi	x0,x0,0	  x0:0x00000000
       13625000	      1361	80000470	009d3ab3	sltu	x21,x26,x9	 x26:0x00000008  x9:0x00000010 x21=0x00000001
       13635000	      1362	80000474	4108d113	srai	x2,x17,0x10	 x17:0x00000000  x2=0x00000000
       13645000	      1363	80000478	00475513	srli	x10,x14,0x4	 x14:0x00000001 x10=0x00000000
       13655000	      1364	8000047c	01ea1233	sll	x4,x20,x30	 x20:0x00000000 x30:0x80009f84  x4=0x00000000
       13665000	      1365	80000480	01195993	srli	x19,x18,0x11	 x18:0x7fff632d x19=0x00003fff
       13675000	      1366	80000484	01ed6463	bltu	x26,x30,8000048c	 x26:0x00000008 x30:0x80009f84
       13685000	      1367	00000000	00000013	addi	x0,x0,0	  x0:0x00000000
       13695000	      1368	80000488	00000013	addi	x0,x0,0	  x0:0x00000000
       13705000	      1369	8000048c	01972233	slt	x4,x14,x25	 x14:0x00000001 x25:0x00000000  x4=0x00000000
       13715000	      1370	80000490	00f93cb3	sltu	x25,x18,x15	 x18:0x7fff632d x15:0x800001ec x25=0x00000001
       13725000	      1371	80000494	05dcf263	bgeu	x25,x29,800004d8	 x25:0x00000001 x29:0x00000001
       13735000	      1372	00000000	00000013	addi	x0,x0,0	  x0:0x00000000
       13745000	      1373	800004d4	00000013	addi	x0,x0,0	  x0:0x00000000
       13755000	      1374	800004d8	0454e663	bltu	x9,x5,80000524	  x9:0x00000010  x5:0x00010000
       13765000	      1375	00000000	00000013	addi	x0,x0,0	  x0:0x00000000
       13775000	      1376	80000520	00000013	addi	x0,x0,0	  x0:0x00000000
       13785000	      1377	80000524	01980033	add	x0,x16,x25	 x16:0x003c0000 x25:0x00000001
       13795000	      1378	80000528	017d3833	sltu	x16,x26,x23	 x26:0x00000008 x23:0x000003c0 x16=0x00000001
       13805000	      1379	8000052c	058f9263	bne	x31,x24,80000570	 x31:0x00000001 x24:0x00000001
       13815000	      1380	80000530	2476f297	auipc	x5,0x2476f	  x5=0xa476f52c
       13825000	      1381	80000534	bf6b3093	sltiu	x1,x22,-1034	 x22:0x3eb543a4  x1=0x00000001
       13835000	      1382	80000538	0163f0b3	and	x1,x7,x22	  x7:0x7fffb985 x22:0x3eb543a4  x1=0x3eb50184
       13845000	      1383	8000053c	01ee0fb3	add	x31,x28,x30	 x28:0x80009fc4 x30:0x80009f84 x31=0x00013f48
       13855000	      1384	80000540	c811dcb7	lui	x25,0xc811d	 x25=0xc811d000
       13865000	      1385	80000544	01608c63	beq	x1,x22,8000055c	  x1:0x3eb50184 x22:0x3eb543a4
       13875000	      1386	80000548	03a09463	bne	x1,x26,80000570	  x1:0x3eb50184 x26:0x00000008
       13885000	      1387	00000000	00000013	addi	x0,x0,0	  x0:0x00000000
       13895000	      1388	8000056c	00000013	addi	x0,x0,0	  x0:0x00000000
       13905000	      1389	80000570	6b123613	sltiu	x12,x4,1713	  x4:0x00000000 x12=0x00000001
       13915000	      1390	80000574	d5601817	auipc	x16,0xd5601	 x16=0x55601570
       13925000	      1391	80000578	14812613	slti	x12,x2,328	  x2:0x00000000 x12=0x00000001
       13935000	      1392	8000057c	01a3d0b3	srl	x1,x7,x26	  x7:0x7fffb985 x26:0x00000008  x1=0x007fffb9
       13945000	      1393	80000580	9a987a93	andi	x21,x16,-1623	 x16:0x55601570 x21=0x55601120
       13955000	      1394	80000584	4a66b213	sltiu	x4,x13,1190	 x13:0x00000001  x4=0x00000001
       13965000	      1395	80000588	9601db97	auipc	x23,0x9601d	 x23=0x1601d584
       13975000	      1396	8000058c	0208e263	bltu	x17,x0,800005b0	 x17:0x00000000  x0:0x00000000
       13985000	      1397	80000590	01a5e2b3	or	x5,x11,x26	 x11:0xffffe000 x26:0x00000008  x5=0xffffe008
       13995000	      1398	80000594	00abf733	and	x14,x23,x10	 x23:0x1601d584 x10:0x00000000 x14=0x00000000
       14005000	      1399	80000598	03767463	bgeu	x12,x23,800005c0	 x12:0x00000001 x23:0x1601d584
       14015000	      1400	8000059c	f7726b93	ori	x23,x4,-137	  x4:0x00000001 x23=0xffffff77
       14025000	      1401	800005a0	74d30813	addi	x16,x6,1869	  x6:0xfaace000 x16=0xfaace74d
       14035000	      1402	800005a4	04964663	blt	x12,x9,800005f0	 x12:0x00000001  x9:0x00000010
       14045000	      1403	00000000	00000013	addi	x0,x0,0	  x0:0x00000000
       14055000	      1404	800005ec	00000013	addi	x0,x0,0	  x0:0x00000000
       14065000	      1405	800005f0	016c1a13	slli	x20,x24,0x16	 x24:0x00000001 x20=0x00400000
       14075000	      1406	800005f4	09d21e63	bne	x4,x29,80000690	  x4:0x00000001 x29:0x00000001
       14085000	      1407	800005f8	8dec4a37	lui	x20,0x8dec4	 x20=0x8dec4000
       14095000	      1408	800005fc	0440066f	jal	x12,800005fc	 x12=0x800005fc
       14105000	      1409	00000000	00000013	addi	x0,x0,0	  x0:0x00000000
       14115000	      1410	8000063c	00000013	addi	x0,x0,0	  x0:0x00000000
       14125000	      1411	80000640	fe9ffa6f	jal	x20,80000640	 x20=0x80000640
       14135000	      1412	00000000	00000013	addi	x0,x0,0	  x0:0x00000000
       14145000	      1413	80000624	00000013	addi	x0,x0,0	  x0:0x00000000
       14155000	      1414	80000628	00c006ef	jal	x13,80000628	 x13=0x80000628
       14165000	      1415	00000000	00000013	addi	x0,x0,0	  x0:0x00000000
       14175000	      1416	80000630	00000013	addi	x0,x0,0	  x0:0x00000000
       14185000	      1417	80000634	01c000ef	jal	x1,80000634	  x1=0x80000634
       14195000	      1418	00000000	00000013	addi	x0,x0,0	  x0:0x00000000
       14205000	      1419	8000064c	00000013	addi	x0,x0,0	  x0:0x00000000
       14215000	      1420	80000650	008000ef	jal	x1,80000650	  x1=0x80000650
       14225000	      1421	00000000	00000013	addi	x0,x0,0	  x0:0x00000000
       14235000	      1422	80000654	00000013	addi	x0,x0,0	  x0:0x00000000
       14245000	      1423	80000658	ff5ff0ef	jal	x1,80000658	  x1=0x80000658
       14255000	      1424	00000000	00000013	addi	x0,x0,0	  x0:0x00000000
       14265000	      1425	80000648	00000013	addi	x0,x0,0	  x0:0x00000000
       14275000	      1426	8000064c	fd5ff0ef	jal	x1,8000064c	  x1=0x8000064c
       14285000	      1427	00000000	00000013	addi	x0,x0,0	  x0:0x00000000
       14295000	      1428	8000061c	00000013	addi	x0,x0,0	  x0:0x00000000
       14305000	      1429	80000620	fedff36f	jal	x6,80000620	  x6=0x80000620
       14315000	      1430	00000000	00000013	addi	x0,x0,0	  x0:0x00000000
       14325000	      1431	80000608	00000013	addi	x0,x0,0	  x0:0x00000000
       14335000	      1432	8000060c	008004ef	jal	x9,8000060c	  x9=0x8000060c
       14345000	      1433	00000000	00000013	addi	x0,x0,0	  x0:0x00000000
       14355000	      1434	80000610	00000013	addi	x0,x0,0	  x0:0x00000000
       14365000	      1435	80000614	01c00def	jal	x27,80000614	 x27=0x80000614
       14375000	      1436	00000000	00000013	addi	x0,x0,0	  x0:0x00000000
       14385000	      1437	8000062c	00000013	addi	x0,x0,0	  x0:0x00000000
       14395000	      1438	80000630	00c000ef	jal	x1,80000630	  x1=0x80000630
       14405000	      1439	00000000	00000013	addi	x0,x0,0	  x0:0x00000000
       14415000	      1440	80000638	00000013	addi	x0,x0,0	  x0:0x00000000
       14425000	      1441	8000063c	ff1ff0ef	jal	x1,8000063c	  x1=0x8000063c
       14435000	      1442	00000000	00000013	addi	x0,x0,0	  x0:0x00000000
       14445000	      1443	80000628	00000013	addi	x0,x0,0	  x0:0x00000000
       14455000	      1444	8000062c	fddff2ef	jal	x5,8000062c	  x5=0x8000062c
       14465000	      1445	00000000	00000013	addi	x0,x0,0	  x0:0x00000000
       14475000	      1446	80000604	00000013	addi	x0,x0,0	  x0:0x00000000
       14485000	      1447	80000608	03000cef	jal	x25,80000608	 x25=0x80000608
       14495000	      1448	00000000	00000013	addi	x0,x0,0	  x0:0x00000000
       14505000	      1449	80000634	00000013	addi	x0,x0,0	  x0:0x00000000
       14515000	      1450	80000638	028000ef	jal	x1,80000638	  x1=0x80000638
       14525000	      1451	00000000	00000013	addi	x0,x0,0	  x0:0x00000000
       14535000	      1452	8000065c	00000013	addi	x0,x0,0	  x0:0x00000000
       14545000	      1453	80000660	fc5ffdef	jal	x27,80000660	 x27=0x80000660
       14555000	      1454	00000000	00000013	addi	x0,x0,0	  x0:0x00000000
       14565000	      1455	80000620	00000013	addi	x0,x0,0	  x0:0x00000000
       14575000	      1456	80000624	ff9ff2ef	jal	x5,80000624	  x5=0x80000624
       14585000	      1457	00000000	00000013	addi	x0,x0,0	  x0:0x00000000
       14595000	      1458	80000618	00000013	addi	x0,x0,0	  x0:0x00000000
       14605000	      1459	8000061c	02800a6f	jal	x20,8000061c	 x20=0x8000061c
       14615000	      1460	00000000	00000013	addi	x0,x0,0	  x0:0x00000000
       14625000	      1461	80000640	00000013	addi	x0,x0,0	  x0:0x00000000
       14635000	      1462	80000644	004000ef	jal	x1,80000644	  x1=0x80000644
       14645000	      1463	00000000	00000013	addi	x0,x0,0	  x0:0x00000000
       14655000	      1464	80000644	00000013	addi	x0,x0,0	  x0:0x00000000
       14665000	      1465	80000648	01c0036f	jal	x6,80000648	  x6=0x80000648
       14675000	      1466	00000000	00000013	addi	x0,x0,0	  x0:0x00000000
       14685000	      1467	80000660	00000013	addi	x0,x0,0	  x0:0x00000000
       14695000	      1468	80000664	fa1ff5ef	jal	x11,80000664	 x11=0x80000664
       14705000	      1469	00000000	00000013	addi	x0,x0,0	  x0:0x00000000
       14715000	      1470	80000600	00000013	addi	x0,x0,0	  x0:0x00000000
       14725000	      1471	80000604	058001ef	jal	x3,80000604	  x3=0x80000604
       14735000	      1472	00000000	00000013	addi	x0,x0,0	  x0:0x00000000
       14745000	      1473	80000658	00000013	addi	x0,x0,0	  x0:0x00000000
       14755000	      1474	8000065c	fbdff0ef	jal	x1,8000065c	  x1=0x8000065c
       14765000	      1475	00000000	00000013	addi	x0,x0,0	  x0:0x00000000
       14775000	      1476	80000614	00000013	addi	x0,x0,0	  x0:0x00000000
       14785000	      1477	80000618	03c000ef	jal	x1,80000618	  x1=0x80000618
       14795000	      1478	00000000	00000013	addi	x0,x0,0	  x0:0x00000000
       14805000	      1479	80000650	00000013	addi	x0,x0,0	  x0:0x00000000
       14815000	      1480	80000654	fbdff0ef	jal	x1,80000654	  x1=0x80000654
       14825000	      1481	00000000	00000013	addi	x0,x0,0	  x0:0x00000000
       14835000	      1482	8000060c	00000013	addi	x0,x0,0	  x0:0x00000000
       14845000	      1483	80000610	ff1ff1ef	jal	x3,80000610	  x3=0x80000610
       14855000	      1484	00000000	00000013	addi	x0,x0,0	  x0:0x00000000
       14865000	      1485	800005fc	00000013	addi	x0,x0,0	  x0:0x00000000
       14875000	      1486	80000600	0680036f	jal	x6,80000600	  x6=0x80000600
       14885000	      1487	00000000	00000013	addi	x0,x0,0	  x0:0x00000000
       14895000	      1488	80000664	00000013	addi	x0,x0,0	  x0:0x00000000
       14905000	      1489	80000668	accd3013	sltiu	x0,x26,-1332	 x26:0x00000008
       14915000	      1490	8000066c	47daf013	andi	x0,x21,1149	 x21:0x55601120
       14925000	      1491	80000670	01e19393	slli	x7,x3,0x1e	  x3:0x80000610  x7=0x00000000
       14935000	      1492	80000674	8cffc613	xori	x12,x31,-1841	 x31:0x00013f48 x12=0xfffec787
       14945000	      1493	80000678	03194463	blt	x18,x17,800006a0	 x18:0x7fff632d x17:0x00000000
       14955000	      1494	8000067c	01bed033	srl	x0,x29,x27	 x29:0x00000001 x27:0x80000660
       14965000	      1495	80000680	e48fbb13	sltiu	x22,x31,-440	 x31:0x00013f48 x22=0x00000001
       14975000	      1496	80000684	0557f463	bgeu	x15,x21,800006cc	 x15:0x800001ec x21:0x55601120
       14985000	      1497	00000000	00000013	addi	x0,x0,0	  x0:0x00000000
       14995000	      1498	800006c8	00000013	addi	x0,x0,0	  x0:0x00000000
       15005000	      1499	800006cc	00e35c63	bge	x6,x14,800006e4	  x6:0x80000600 x14:0x00000000
       15015000	      1500	800006d0	4bacf293	andi	x5,x25,1210	 x25:0x80000608  x5=0x00000408
       15025000	      1501	800006d4	02805063	bge	x0,x8,800006f4	  x0:0x00000000  x8:0xf7106000
       15035000	      1502	00000000	00000013	addi	x0,x0,0	  x0:0x00000000
       15045000	      1503	800006f0	00000013	addi	x0,x0,0	  x0:0x00000000
       15055000	      1504	800006f4	4192dc93	srai	x25,x5,0x19	  x5:0x00000408 x25=0x00000000
       15065000	      1505	800006f8	0017f733	and	x14,x15,x1	 x15:0x800001ec  x1:0x80000654 x14=0x80000044
       15075000	      1506	800006fc	5467f393	andi	x7,x15,1350	 x15:0x800001ec  x7=0x00000144
       15085000	      1507	80000700	471c3f93	sltiu	x31,x24,1137	 x24:0x00000001 x31=0x00000001
       15095000	      1508	80000704	00002c17	auipc	x24,0x2	 x24=0x80002700
       15105000	      1509	80000708	798c0c13	addi	x24,x24,1944	 x24:0x80002700 x24=0x80002e98
       15115000	      1510	8000070c	d51c0c13	addi	x24,x24,-687	 x24:0x80002e98 x24=0x80002be9
       15125000	      1511	80000710	01d98633	add	x12,x19,x29	 x19:0x00003fff x29:0x00000001 x12=0x00004000
       15135000	      1512	80000714	031ce263	bltu	x25,x17,80000738	 x25:0x00000000 x17:0x00000000
       15145000	      1513	80000718	01f35913	srli	x18,x6,0x1f	  x6:0x80000600 x18=0x00000001
       15155000	      1514	8000071c	019fa333	slt	x6,x31,x25	 x31:0x00000001 x25:0x00000000  x6=0x00000000
       15165000	      1515	80000720	01ffd313	srli	x6,x31,0x1f	 x31:0x00000001  x6=0x00000000
       15175000	      1516	80000724	00000013	addi	x0,x0,0	  x0:0x00000000
       15185000	      1517	80000728	01df5893	srli	x17,x30,0x1d	 x30:0x80009f84 x17=0x00000004
       15195000	      1518	8000072c	00973333	sltu	x6,x14,x9	 x14:0x80000044  x9:0x8000060c  x6=0x00000001
       15205000	      1519	80000730	01e099b3	sll	x19,x1,x30	  x1:0x80000654 x30:0x80009f84 x19=0x00006540
       15215000	      1520	80000734	0023c233	xor	x4,x7,x2	  x7:0x00000144  x2:0x00000000  x4=0x00000144
       15225000	      1521	80000738	2afc0667	jalr	x12,x24,687	 x24:0x80002be9 x12=0x80000738
       15235000	      1522	00000000	00000013	addi	x0,x0,0	  x0:0x00000000
       15245000	      1523	80002e98	00000013	addi	x0,x0,0	  x0:0x00000000
       15255000	      1524	80002e9c	00140263	beq	x8,x1,80002ea0	  x8:0xf7106000  x1:0x80000654
       15265000	      1525	80002ea0	fd4f0f13	addi	x30,x30,-44	 x30:0x80009f84 x30=0x80009f58
       15275000	      1526	80002ea4	752699b7	lui	x19,0x75269	 x19=0x75269000
       15285000	      1527	80002ea8	010c1333	sll	x6,x24,x16	 x24:0x80002be9 x16:0xfaace74d  x6=0x057d2000
       15295000	      1528	80002eac	00cf2223	sw	x12,4(x30)	 x30:0x80009f58 x12:0x80000738 PA:0x80009f5c
       15305000	      1529	80002eb0	f9917c97	auipc	x25,0xf9917	 x25=0x79919eac
       15315000	      1530	80002eb4	0400066f	jal	x12,80002eb4	 x12=0x80002eb4
       15325000	      1531	00000000	00000013	addi	x0,x0,0	  x0:0x00000000
       15335000	      1532	80002ef0	00000013	addi	x0,x0,0	  x0:0x00000000
       15345000	      1533	80002ef4	ffdff0ef	jal	x1,80002ef4	  x1=0x80002ef4
       15355000	      1534	00000000	00000013	addi	x0,x0,0	  x0:0x00000000
       15365000	      1535	80002eec	00000013	addi	x0,x0,0	  x0:0x00000000
       15375000	      1536	80002ef0	fe1ff0ef	jal	x1,80002ef0	  x1=0x80002ef0
       15385000	      1537	00000000	00000013	addi	x0,x0,0	  x0:0x00000000
       15395000	      1538	80002ecc	00000013	addi	x0,x0,0	  x0:0x00000000
       15405000	      1539	80002ed0	fedff0ef	jal	x1,80002ed0	  x1=0x80002ed0
       15415000	      1540	00000000	00000013	addi	x0,x0,0	  x0:0x00000000
       15425000	      1541	80002eb8	00000013	addi	x0,x0,0	  x0:0x00000000
       15435000	      1542	80002ebc	02c00cef	jal	x25,80002ebc	 x25=0x80002ebc
       15445000	      1543	00000000	00000013	addi	x0,x0,0	  x0:0x00000000
       15455000	      1544	80002ee4	00000013	addi	x0,x0,0	  x0:0x00000000
       15465000	      1545	80002ee8	004001ef	jal	x3,80002ee8	  x3=0x80002ee8
       15475000	      1546	00000000	00000013	addi	x0,x0,0	  x0:0x00000000
       15485000	      1547	80002ee8	00000013	addi	x0,x0,0	  x0:0x00000000
       15495000	      1548	80002eec	fcdff0ef	jal	x1,80002eec	  x1=0x80002eec
       15505000	      1549	00000000	00000013	addi	x0,x0,0	  x0:0x00000000
       15515000	      1550	80002eb4	00000013	addi	x0,x0,0	  x0:0x00000000
       15525000	      1551	80002eb8	05c004ef	jal	x9,80002eb8	  x9=0x80002eb8
       15535000	      1552	00000000	00000013	addi	x0,x0,0	  x0:0x00000000
       15545000	      1553	80002f10	00000013	addi	x0,x0,0	  x0:0x00000000
       15555000	      1554	80002f14	fc5ff0ef	jal	x1,80002f14	  x1=0x80002f14
       15565000	      1555	00000000	00000013	addi	x0,x0,0	  x0:0x00000000
       15575000	      1556	80002ed4	00000013	addi	x0,x0,0	  x0:0x00000000
       15585000	      1557	80002ed8	024000ef	jal	x1,80002ed8	  x1=0x80002ed8
       15595000	      1558	00000000	00000013	addi	x0,x0,0	  x0:0x00000000
       15605000	      1559	80002ef8	00000013	addi	x0,x0,0	  x0:0x00000000
       15615000	      1560	80002efc	fe5ff5ef	jal	x11,80002efc	 x11=0x80002efc
       15625000	      1561	00000000	00000013	addi	x0,x0,0	  x0:0x00000000
       15635000	      1562	80002edc	00000013	addi	x0,x0,0	  x0:0x00000000
       15645000	      1563	80002ee0	fedff0ef	jal	x1,80002ee0	  x1=0x80002ee0
       15655000	      1564	00000000	00000013	addi	x0,x0,0	  x0:0x00000000
       15665000	      1565	80002ec8	00000013	addi	x0,x0,0	  x0:0x00000000
       15675000	      1566	80002ecc	038000ef	jal	x1,80002ecc	  x1=0x80002ecc
       15685000	      1567	00000000	00000013	addi	x0,x0,0	  x0:0x00000000
       15695000	      1568	80002f00	00000013	addi	x0,x0,0	  x0:0x00000000
       15705000	      1569	80002f04	fc5ff0ef	jal	x1,80002f04	  x1=0x80002f04
       15715000	      1570	00000000	00000013	addi	x0,x0,0	  x0:0x00000000
       15725000	      1571	80002ec4	00000013	addi	x0,x0,0	  x0:0x00000000
       15735000	      1572	80002ec8	048000ef	jal	x1,80002ec8	  x1=0x80002ec8
       15745000	      1573	00000000	00000013	addi	x0,x0,0	  x0:0x00000000
       15755000	      1574	80002f0c	00000013	addi	x0,x0,0	  x0:0x00000000
       15765000	      1575	80002f10	fe9ff2ef	jal	x5,80002f10	  x5=0x80002f10
       15775000	      1576	00000000	00000013	addi	x0,x0,0	  x0:0x00000000
       15785000	      1577	80002ef4	00000013	addi	x0,x0,0	  x0:0x00000000
       15795000	      1578	80002ef8	014000ef	jal	x1,80002ef8	  x1=0x80002ef8
       15805000	      1579	00000000	00000013	addi	x0,x0,0	  x0:0x00000000
       15815000	      1580	80002f08	00000013	addi	x0,x0,0	  x0:0x00000000
       15825000	      1581	80002f0c	fb5ff36f	jal	x6,80002f0c	  x6=0x80002f0c
       15835000	      1582	00000000	00000013	addi	x0,x0,0	  x0:0x00000000
       15845000	      1583	80002ebc	00000013	addi	x0,x0,0	  x0:0x00000000
       15855000	      1584	80002ec0	040000ef	jal	x1,80002ec0	  x1=0x80002ec0
       15865000	      1585	00000000	00000013	addi	x0,x0,0	  x0:0x00000000
       15875000	      1586	80002efc	00000013	addi	x0,x0,0	  x0:0x00000000
       15885000	      1587	80002f00	008000ef	jal	x1,80002f00	  x1=0x80002f00
       15895000	      1588	00000000	00000013	addi	x0,x0,0	  x0:0x00000000
       15905000	      1589	80002f04	00000013	addi	x0,x0,0	  x0:0x00000000
       15915000	      1590	80002f08	fddff0ef	jal	x1,80002f08	  x1=0x80002f08
       15925000	      1591	00000000	00000013	addi	x0,x0,0	  x0:0x00000000
       15935000	      1592	80002ee0	00000013	addi	x0,x0,0	  x0:0x00000000
       15945000	      1593	80002ee4	ff9ff0ef	jal	x1,80002ee4	  x1=0x80002ee4
       15955000	      1594	00000000	00000013	addi	x0,x0,0	  x0:0x00000000
       15965000	      1595	80002ed8	00000013	addi	x0,x0,0	  x0:0x00000000
       15975000	      1596	80002edc	ff9ff7ef	jal	x15,80002edc	 x15=0x80002edc
       15985000	      1597	00000000	00000013	addi	x0,x0,0	  x0:0x00000000
       15995000	      1598	80002ed0	00000013	addi	x0,x0,0	  x0:0x00000000
       16005000	      1599	80002ed4	ff1ff36f	jal	x6,80002ed4	  x6=0x80002ed4
       16015000	      1600	00000000	00000013	addi	x0,x0,0	  x0:0x00000000
       16025000	      1601	80002ec0	00000013	addi	x0,x0,0	  x0:0x00000000
       16035000	      1602	80002ec4	0540076f	jal	x14,80002ec4	 x14=0x80002ec4
       16045000	      1603	00000000	00000013	addi	x0,x0,0	  x0:0x00000000
       16055000	      1604	80002f14	00000013	addi	x0,x0,0	  x0:0x00000000
       16065000	      1605	80002f18	00000013	addi	x0,x0,0	  x0:0x00000000
       16075000	      1606	80002f1c	0400066f	jal	x12,80002f1c	 x12=0x80002f1c
       16085000	      1607	00000000	00000013	addi	x0,x0,0	  x0:0x00000000
       16095000	      1608	80002f58	00000013	addi	x0,x0,0	  x0:0x00000000
       16105000	      1609	80002f5c	ffdff36f	jal	x6,80002f5c	  x6=0x80002f5c
       16115000	      1610	00000000	00000013	addi	x0,x0,0	  x0:0x00000000
       16125000	      1611	80002f54	00000013	addi	x0,x0,0	  x0:0x00000000
       16135000	      1612	80002f58	01c0056f	jal	x10,80002f58	 x10=0x80002f58
       16145000	      1613	00000000	00000013	addi	x0,x0,0	  x0:0x00000000
       16155000	      1614	80002f70	00000013	addi	x0,x0,0	  x0:0x00000000
       16165000	      1615	80002f74	fc1ffb6f	jal	x22,80002f74	 x22=0x80002f74
       16175000	      1616	00000000	00000013	addi	x0,x0,0	  x0:0x00000000
       16185000	      1617	80002f30	00000013	addi	x0,x0,0	  x0:0x00000000
       16195000	      1618	80002f34	ffdff16f	jal	x2,80002f34	  x2=0x80002f34
       16205000	      1619	00000000	00000013	addi	x0,x0,0	  x0:0x00000000
       16215000	      1620	80002f2c	00000013	addi	x0,x0,0	  x0:0x00000000
       16225000	      1621	80002f30	0080036f	jal	x6,80002f30	  x6=0x80002f30
       16235000	      1622	00000000	00000013	addi	x0,x0,0	  x0:0x00000000
       16245000	      1623	80002f34	00000013	addi	x0,x0,0	  x0:0x00000000
       16255000	      1624	80002f38	fe9ff36f	jal	x6,80002f38	  x6=0x80002f38
       16265000	      1625	00000000	00000013	addi	x0,x0,0	  x0:0x00000000
       16275000	      1626	80002f1c	00000013	addi	x0,x0,0	  x0:0x00000000
       16285000	      1627	80002f20	0040036f	jal	x6,80002f20	  x6=0x80002f20
       16295000	      1628	00000000	00000013	addi	x0,x0,0	  x0:0x00000000
       16305000	      1629	80002f20	00000013	addi	x0,x0,0	  x0:0x00000000
       16315000	      1630	80002f24	0540036f	jal	x6,80002f24	  x6=0x80002f24
       16325000	      1631	00000000	00000013	addi	x0,x0,0	  x0:0x00000000
       16335000	      1632	80002f74	00000013	addi	x0,x0,0	  x0:0x00000000
       16345000	      1633	80002f78	0040036f	jal	x6,80002f78	  x6=0x80002f78
       16355000	      1634	00000000	00000013	addi	x0,x0,0	  x0:0x00000000
       16365000	      1635	80002f78	00000013	addi	x0,x0,0	  x0:0x00000000
       16375000	      1636	80002f7c	fc5ff0ef	jal	x1,80002f7c	  x1=0x80002f7c
       16385000	      1637	00000000	00000013	addi	x0,x0,0	  x0:0x00000000
       16395000	      1638	80002f3c	00000013	addi	x0,x0,0	  x0:0x00000000
       16405000	      1639	80002f40	008000ef	jal	x1,80002f40	  x1=0x80002f40
       16415000	      1640	00000000	00000013	addi	x0,x0,0	  x0:0x00000000
       16425000	      1641	80002f44	00000013	addi	x0,x0,0	  x0:0x00000000
       16435000	      1642	80002f48	03c0036f	jal	x6,80002f48	  x6=0x80002f48
       16445000	      1643	00000000	00000013	addi	x0,x0,0	  x0:0x00000000
       16455000	      1644	80002f80	00000013	addi	x0,x0,0	  x0:0x00000000
       16465000	      1645	80002f84	fddff96f	jal	x18,80002f84	 x18=0x80002f84
       16475000	      1646	00000000	00000013	addi	x0,x0,0	  x0:0x00000000
       16485000	      1647	80002f5c	00000013	addi	x0,x0,0	  x0:0x00000000
       16495000	      1648	80002f60	ff5ff0ef	jal	x1,80002f60	  x1=0x80002f60
       16505000	      1649	00000000	00000013	addi	x0,x0,0	  x0:0x00000000
       16515000	      1650	80002f50	00000013	addi	x0,x0,0	  x0:0x00000000
       16525000	      1651	80002f54	010000ef	jal	x1,80002f54	  x1=0x80002f54
       16535000	      1652	00000000	00000013	addi	x0,x0,0	  x0:0x00000000
       16545000	      1653	80002f60	00000013	addi	x0,x0,0	  x0:0x00000000
       16555000	      1654	80002f64	fe1ff5ef	jal	x11,80002f64	 x11=0x80002f64
       16565000	      1655	00000000	00000013	addi	x0,x0,0	  x0:0x00000000
       16575000	      1656	80002f40	00000013	addi	x0,x0,0	  x0:0x00000000
       16585000	      1657	80002f44	044000ef	jal	x1,80002f44	  x1=0x80002f44
       16595000	      1658	00000000	00000013	addi	x0,x0,0	  x0:0x00000000
       16605000	      1659	80002f84	00000013	addi	x0,x0,0	  x0:0x00000000
       16615000	      1660	80002f88	fc5ff0ef	jal	x1,80002f88	  x1=0x80002f88
       16625000	      1661	00000000	00000013	addi	x0,x0,0	  x0:0x00000000
       16635000	      1662	80002f48	00000013	addi	x0,x0,0	  x0:0x00000000
       16645000	      1663	80002f4c	ff1ff5ef	jal	x11,80002f4c	 x11=0x80002f4c
       16655000	      1664	00000000	00000013	addi	x0,x0,0	  x0:0x00000000
       16665000	      1665	80002f38	00000013	addi	x0,x0,0	  x0:0x00000000
       16675000	      1666	80002f3c	030000ef	jal	x1,80002f3c	  x1=0x80002f3c
       16685000	      1667	00000000	00000013	addi	x0,x0,0	  x0:0x00000000
       16695000	      1668	80002f68	00000013	addi	x0,x0,0	  x0:0x00000000
       16705000	      1669	80002f6c	fc1ff0ef	jal	x1,80002f6c	  x1=0x80002f6c
       16715000	      1670	00000000	00000013	addi	x0,x0,0	  x0:0x00000000
       16725000	      1671	80002f28	00000013	addi	x0,x0,0	  x0:0x00000000
       16735000	      1672	80002f2c	ffdff36f	jal	x6,80002f2c	  x6=0x80002f2c
       16745000	      1673	00000000	00000013	addi	x0,x0,0	  x0:0x00000000
       16755000	      1674	80002f24	00000013	addi	x0,x0,0	  x0:0x00000000
       16765000	      1675	80002f28	05800aef	jal	x21,80002f28	 x21=0x80002f28
       16775000	      1676	00000000	00000013	addi	x0,x0,0	  x0:0x00000000
       16785000	      1677	80002f7c	00000013	addi	x0,x0,0	  x0:0x00000000
       16795000	      1678	80002f80	fe9ff36f	jal	x6,80002f80	  x6=0x80002f80
       16805000	      1679	00000000	00000013	addi	x0,x0,0	  x0:0x00000000
       16815000	      1680	80002f64	00000013	addi	x0,x0,0	  x0:0x00000000
       16825000	      1681	80002f68	008000ef	jal	x1,80002f68	  x1=0x80002f68
       16835000	      1682	00000000	00000013	addi	x0,x0,0	  x0:0x00000000
       16845000	      1683	80002f6c	00000013	addi	x0,x0,0	  x0:0x00000000
       16855000	      1684	80002f70	fe1ff0ef	jal	x1,80002f70	  x1=0x80002f70
       16865000	      1685	00000000	00000013	addi	x0,x0,0	  x0:0x00000000
       16875000	      1686	80002f4c	00000013	addi	x0,x0,0	  x0:0x00000000
       16885000	      1687	80002f50	03c000ef	jal	x1,80002f50	  x1=0x80002f50
       16895000	      1688	00000000	00000013	addi	x0,x0,0	  x0:0x00000000
       16905000	      1689	80002f88	00000013	addi	x0,x0,0	  x0:0x00000000
       16915000	      1690	80002f8c	014240b3	xor	x1,x4,x20	  x4:0x00000144 x20:0x8000061c  x1=0x80000758
       16925000	      1691	80002f90	0280066f	jal	x12,80002f90	 x12=0x80002f90
       16935000	      1692	00000000	00000013	addi	x0,x0,0	  x0:0x00000000
       16945000	      1693	80002fb4	00000013	addi	x0,x0,0	  x0:0x00000000
       16955000	      1694	80002fb8	0400096f	jal	x18,80002fb8	 x18=0x80002fb8
       16965000	      1695	00000000	00000013	addi	x0,x0,0	  x0:0x00000000
       16975000	      1696	80002ff4	00000013	addi	x0,x0,0	  x0:0x00000000
       16985000	      1697	80002ff8	fa5ff0ef	jal	x1,80002ff8	  x1=0x80002ff8
       16995000	      1698	00000000	00000013	addi	x0,x0,0	  x0:0x00000000
       17005000	      1699	80002f98	00000013	addi	x0,x0,0	  x0:0x00000000
       17015000	      1700	80002f9c	044000ef	jal	x1,80002f9c	  x1=0x80002f9c
       17025000	      1701	00000000	00000013	addi	x0,x0,0	  x0:0x00000000
       17035000	      1702	80002fdc	00000013	addi	x0,x0,0	  x0:0x00000000
       17045000	      1703	80002fe0	ff1ff0ef	jal	x1,80002fe0	  x1=0x80002fe0
       17055000	      1704	00000000	00000013	addi	x0,x0,0	  x0:0x00000000
       17065000	      1705	80002fcc	00000013	addi	x0,x0,0	  x0:0x00000000
       17075000	      1706	80002fd0	004000ef	jal	x1,80002fd0	  x1=0x80002fd0
       17085000	      1707	00000000	00000013	addi	x0,x0,0	  x0:0x00000000
       17095000	      1708	80002fd0	00000013	addi	x0,x0,0	  x0:0x00000000
       17105000	      1709	80002fd4	fc5ffa6f	jal	x20,80002fd4	 x20=0x80002fd4
       17115000	      1710	00000000	00000013	addi	x0,x0,0	  x0:0x00000000
       17125000	      1711	80002f94	00000013	addi	x0,x0,0	  x0:0x00000000
       17135000	      1712	80002f98	058000ef	jal	x1,80002f98	  x1=0x80002f98
       17145000	      1713	00000000	00000013	addi	x0,x0,0	  x0:0x00000000
       17155000	      1714	80002fec	00000013	addi	x0,x0,0	  x0:0x00000000
       17165000	      1715	80002ff0	fe9ff36f	jal	x6,80002ff0	  x6=0x80002ff0
       17175000	      1716	00000000	00000013	addi	x0,x0,0	  x0:0x00000000
       17185000	      1717	80002fd4	00000013	addi	x0,x0,0	  x0:0x00000000
       17195000	      1718	80002fd8	00400bef	jal	x23,80002fd8	 x23=0x80002fd8
       17205000	      1719	00000000	00000013	addi	x0,x0,0	  x0:0x00000000
       17215000	      1720	80002fd8	00000013	addi	x0,x0,0	  x0:0x00000000
       17225000	      1721	80002fdc	fb9ff0ef	jal	x1,80002fdc	  x1=0x80002fdc
       17235000	      1722	00000000	00000013	addi	x0,x0,0	  x0:0x00000000
       17245000	      1723	80002f90	00000013	addi	x0,x0,0	  x0:0x00000000
       17255000	      1724	80002f94	038002ef	jal	x5,80002f94	  x5=0x80002f94
       17265000	      1725	00000000	00000013	addi	x0,x0,0	  x0:0x00000000
       17275000	      1726	80002fc8	00000013	addi	x0,x0,0	  x0:0x00000000
       17285000	      1727	80002fcc	fddff56f	jal	x10,80002fcc	 x10=0x80002fcc
       17295000	      1728	00000000	00000013	addi	x0,x0,0	  x0:0x00000000
       17305000	      1729	80002fa4	00000013	addi	x0,x0,0	  x0:0x00000000
       17315000	      1730	80002fa8	04c000ef	jal	x1,80002fa8	  x1=0x80002fa8
       17325000	      1731	00000000	00000013	addi	x0,x0,0	  x0:0x00000000
       17335000	      1732	80002ff0	00000013	addi	x0,x0,0	  x0:0x00000000
       17345000	      1733	80002ff4	fadff36f	jal	x6,80002ff4	  x6=0x80002ff4
       17355000	      1734	00000000	00000013	addi	x0,x0,0	  x0:0x00000000
       17365000	      1735	80002f9c	00000013	addi	x0,x0,0	  x0:0x00000000
       17375000	      1736	80002fa0	0200036f	jal	x6,80002fa0	  x6=0x80002fa0
       17385000	      1737	00000000	00000013	addi	x0,x0,0	  x0:0x00000000
       17395000	      1738	80002fbc	00000013	addi	x0,x0,0	  x0:0x00000000
       17405000	      1739	80002fc0	ff1ffb6f	jal	x22,80002fc0	 x22=0x80002fc0
       17415000	      1740	00000000	00000013	addi	x0,x0,0	  x0:0x00000000
       17425000	      1741	80002fac	00000013	addi	x0,x0,0	  x0:0x00000000
       17435000	      1742	80002fb0	0140036f	jal	x6,80002fb0	  x6=0x80002fb0
       17445000	      1743	00000000	00000013	addi	x0,x0,0	  x0:0x00000000
       17455000	      1744	80002fc0	00000013	addi	x0,x0,0	  x0:0x00000000
       17465000	      1745	80002fc4	0040036f	jal	x6,80002fc4	  x6=0x80002fc4
       17475000	      1746	00000000	00000013	addi	x0,x0,0	  x0:0x00000000
       17485000	      1747	80002fc4	00000013	addi	x0,x0,0	  x0:0x00000000
       17495000	      1748	80002fc8	ff5ff0ef	jal	x1,80002fc8	  x1=0x80002fc8
       17505000	      1749	00000000	00000013	addi	x0,x0,0	  x0:0x00000000
       17515000	      1750	80002fb8	00000013	addi	x0,x0,0	  x0:0x00000000
       17525000	      1751	80002fbc	02800cef	jal	x25,80002fbc	 x25=0x80002fbc
       17535000	      1752	00000000	00000013	addi	x0,x0,0	  x0:0x00000000
       17545000	      1753	80002fe0	00000013	addi	x0,x0,0	  x0:0x00000000
       17555000	      1754	80002fe4	fc1ffa6f	jal	x20,80002fe4	 x20=0x80002fe4
       17565000	      1755	00000000	00000013	addi	x0,x0,0	  x0:0x00000000
       17575000	      1756	80002fa0	00000013	addi	x0,x0,0	  x0:0x00000000
       17585000	      1757	80002fa4	0440036f	jal	x6,80002fa4	  x6=0x80002fa4
       17595000	      1758	00000000	00000013	addi	x0,x0,0	  x0:0x00000000
       17605000	      1759	80002fe4	00000013	addi	x0,x0,0	  x0:0x00000000
       17615000	      1760	80002fe8	fcdff0ef	jal	x1,80002fe8	  x1=0x80002fe8
       17625000	      1761	00000000	00000013	addi	x0,x0,0	  x0:0x00000000
       17635000	      1762	80002fb0	00000013	addi	x0,x0,0	  x0:0x00000000
       17645000	      1763	80002fb4	ff9ff0ef	jal	x1,80002fb4	  x1=0x80002fb4
       17655000	      1764	00000000	00000013	addi	x0,x0,0	  x0:0x00000000
       17665000	      1765	80002fa8	00000013	addi	x0,x0,0	  x0:0x00000000
       17675000	      1766	80002fac	0400056f	jal	x10,80002fac	 x10=0x80002fac
       17685000	      1767	00000000	00000013	addi	x0,x0,0	  x0:0x00000000
       17695000	      1768	80002fe8	00000013	addi	x0,x0,0	  x0:0x00000000
       17705000	      1769	80002fec	010000ef	jal	x1,80002fec	  x1=0x80002fec
       17715000	      1770	00000000	00000013	addi	x0,x0,0	  x0:0x00000000
       17725000	      1771	80002ff8	00000013	addi	x0,x0,0	  x0:0x00000000
       17735000	      1772	80002ffc	46950893	addi	x17,x10,1129	 x10:0x80002fac x17=0x80003415
       17745000	      1773	80003000	0340066f	jal	x12,80003000	 x12=0x80003000
       17755000	      1774	00000000	00000013	addi	x0,x0,0	  x0:0x00000000
       17765000	      1775	80003030	00000013	addi	x0,x0,0	  x0:0x00000000
       17775000	      1776	80003034	ff9ff36f	jal	x6,80003034	  x6=0x80003034
       17785000	      1777	00000000	00000013	addi	x0,x0,0	  x0:0x00000000
       17795000	      1778	80003028	00000013	addi	x0,x0,0	  x0:0x00000000
       17805000	      1779	8000302c	fddff0ef	jal	x1,8000302c	  x1=0x8000302c
       17815000	      1780	00000000	00000013	addi	x0,x0,0	  x0:0x00000000
       17825000	      1781	80003004	00000013	addi	x0,x0,0	  x0:0x00000000
       17835000	      1782	80003008	050000ef	jal	x1,80003008	  x1=0x80003008
       17845000	      1783	00000000	00000013	addi	x0,x0,0	  x0:0x00000000
       17855000	      1784	80003054	00000013	addi	x0,x0,0	  x0:0x00000000
       17865000	      1785	80003058	00c000ef	jal	x1,80003058	  x1=0x80003058
       17875000	      1786	00000000	00000013	addi	x0,x0,0	  x0:0x00000000
       17885000	      1787	80003060	00000013	addi	x0,x0,0	  x0:0x00000000
       17895000	      1788	80003064	fa9ff36f	jal	x6,80003064	  x6=0x80003064
       17905000	      1789	00000000	00000013	addi	x0,x0,0	  x0:0x00000000
       17915000	      1790	80003008	00000013	addi	x0,x0,0	  x0:0x00000000
       17925000	      1791	8000300c	01c00b6f	jal	x22,8000300c	 x22=0x8000300c
       17935000	      1792	00000000	00000013	addi	x0,x0,0	  x0:0x00000000
       17945000	      1793	80003024	00000013	addi	x0,x0,0	  x0:0x00000000
       17955000	      1794	80003028	024000ef	jal	x1,80003028	  x1=0x80003028
       17965000	      1795	00000000	00000013	addi	x0,x0,0	  x0:0x00000000
       17975000	      1796	80003048	00000013	addi	x0,x0,0	  x0:0x00000000
       17985000	      1797	8000304c	fd9ff36f	jal	x6,8000304c	  x6=0x8000304c
       17995000	      1798	00000000	00000013	addi	x0,x0,0	  x0:0x00000000
       18005000	      1799	80003020	00000013	addi	x0,x0,0	  x0:0x00000000
       18015000	      1800	80003024	048009ef	jal	x19,80003024	 x19=0x80003024
       18025000	      1801	00000000	00000013	addi	x0,x0,0	  x0:0x00000000
       18035000	      1802	80003068	00000013	addi	x0,x0,0	  x0:0x00000000
       18045000	      1803	8000306c	fd5ff0ef	jal	x1,8000306c	  x1=0x8000306c
       18055000	      1804	00000000	00000013	addi	x0,x0,0	  x0:0x00000000
       18065000	      1805	8000303c	00000013	addi	x0,x0,0	  x0:0x00000000
       18075000	      1806	80003040	fd5ff0ef	jal	x1,80003040	  x1=0x80003040
       18085000	      1807	00000000	00000013	addi	x0,x0,0	  x0:0x00000000
       18095000	      1808	80003010	00000013	addi	x0,x0,0	  x0:0x00000000
       18105000	      1809	80003014	03c00def	jal	x27,80003014	 x27=0x80003014
       18115000	      1810	00000000	00000013	addi	x0,x0,0	  x0:0x00000000
       18125000	      1811	8000304c	00000013	addi	x0,x0,0	  x0:0x00000000
       18135000	      1812	80003050	ff9ff0ef	jal	x1,80003050	  x1=0x80003050
       18145000	      1813	00000000	00000013	addi	x0,x0,0	  x0:0x00000000
       18155000	      1814	80003044	00000013	addi	x0,x0,0	  x0:0x00000000
       18165000	      1815	80003048	fc9ff96f	jal	x18,80003048	 x18=0x80003048
       18175000	      1816	00000000	00000013	addi	x0,x0,0	  x0:0x00000000
       18185000	      1817	8000300c	00000013	addi	x0,x0,0	  x0:0x00000000
       18195000	      1818	80003010	058000ef	jal	x1,80003010	  x1=0x80003010
       18205000	      1819	00000000	00000013	addi	x0,x0,0	  x0:0x00000000
       18215000	      1820	80003064	00000013	addi	x0,x0,0	  x0:0x00000000
       18225000	      1821	80003068	ff5ff9ef	jal	x19,80003068	 x19=0x80003068
       18235000	      1822	00000000	00000013	addi	x0,x0,0	  x0:0x00000000
       18245000	      1823	80003058	00000013	addi	x0,x0,0	  x0:0x00000000
       18255000	      1824	8000305c	fc1ff36f	jal	x6,8000305c	  x6=0x8000305c
       18265000	      1825	00000000	00000013	addi	x0,x0,0	  x0:0x00000000
       18275000	      1826	80003018	00000013	addi	x0,x0,0	  x0:0x00000000
       18285000	      1827	8000301c	0380036f	jal	x6,8000301c	  x6=0x8000301c
       18295000	      1828	00000000	00000013	addi	x0,x0,0	  x0:0x00000000
       18305000	      1829	80003050	00000013	addi	x0,x0,0	  x0:0x00000000
       18315000	      1830	80003054	fddff0ef	jal	x1,80003054	  x1=0x80003054
       18325000	      1831	00000000	00000013	addi	x0,x0,0	  x0:0x00000000
       18335000	      1832	8000302c	00000013	addi	x0,x0,0	  x0:0x00000000
       18345000	      1833	80003030	008000ef	jal	x1,80003030	  x1=0x80003030
       18355000	      1834	00000000	00000013	addi	x0,x0,0	  x0:0x00000000
       18365000	      1835	80003034	00000013	addi	x0,x0,0	  x0:0x00000000
       18375000	      1836	80003038	fe1ff0ef	jal	x1,80003038	  x1=0x80003038
       18385000	      1837	00000000	00000013	addi	x0,x0,0	  x0:0x00000000
       18395000	      1838	80003014	00000013	addi	x0,x0,0	  x0:0x00000000
       18405000	      1839	80003018	0480036f	jal	x6,80003018	  x6=0x80003018
       18415000	      1840	00000000	00000013	addi	x0,x0,0	  x0:0x00000000
       18425000	      1841	8000305c	00000013	addi	x0,x0,0	  x0:0x00000000
       18435000	      1842	80003060	fe5ff0ef	jal	x1,80003060	  x1=0x80003060
       18445000	      1843	00000000	00000013	addi	x0,x0,0	  x0:0x00000000
       18455000	      1844	80003040	00000013	addi	x0,x0,0	  x0:0x00000000
       18465000	      1845	80003044	fc1ff36f	jal	x6,80003044	  x6=0x80003044
       18475000	      1846	00000000	00000013	addi	x0,x0,0	  x0:0x00000000
       18485000	      1847	80003000	00000013	addi	x0,x0,0	  x0:0x00000000
       18495000	      1848	80003004	0380036f	jal	x6,80003004	  x6=0x80003004
       18505000	      1849	00000000	00000013	addi	x0,x0,0	  x0:0x00000000
       18515000	      1850	80003038	00000013	addi	x0,x0,0	  x0:0x00000000
       18525000	      1851	8000303c	fe5ff96f	jal	x18,8000303c	 x18=0x8000303c
       18535000	      1852	00000000	00000013	addi	x0,x0,0	  x0:0x00000000
       18545000	      1853	8000301c	00000013	addi	x0,x0,0	  x0:0x00000000
       18555000	      1854	80003020	050000ef	jal	x1,80003020	  x1=0x80003020
       18565000	      1855	00000000	00000013	addi	x0,x0,0	  x0:0x00000000
       18575000	      1856	8000306c	00000013	addi	x0,x0,0	  x0:0x00000000
       18585000	      1857	80003070	0177f9b3	and	x19,x15,x23	 x15:0x80002edc x23:0x80002fd8 x19=0x80002ed8
       18595000	      1858	80003074	0280066f	jal	x12,80003074	 x12=0x80003074
       18605000	      1859	00000000	00000013	addi	x0,x0,0	  x0:0x00000000
       18615000	      1860	80003098	00000013	addi	x0,x0,0	  x0:0x00000000
       18625000	      1861	8000309c	020000ef	jal	x1,8000309c	  x1=0x8000309c
       18635000	      1862	00000000	00000013	addi	x0,x0,0	  x0:0x00000000
       18645000	      1863	800030b8	00000013	addi	x0,x0,0	  x0:0x00000000
       18655000	      1864	800030bc	fe9ff0ef	jal	x1,800030bc	  x1=0x800030bc
       18665000	      1865	00000000	00000013	addi	x0,x0,0	  x0:0x00000000
       18675000	      1866	800030a0	00000013	addi	x0,x0,0	  x0:0x00000000
       18685000	      1867	800030a4	fd9ff0ef	jal	x1,800030a4	  x1=0x800030a4
       18695000	      1868	00000000	00000013	addi	x0,x0,0	  x0:0x00000000
       18705000	      1869	80003078	00000013	addi	x0,x0,0	  x0:0x00000000
       18715000	      1870	8000307c	024000ef	jal	x1,8000307c	  x1=0x8000307c
       18725000	      1871	00000000	00000013	addi	x0,x0,0	  x0:0x00000000
       18735000	      1872	8000309c	00000013	addi	x0,x0,0	  x0:0x00000000
       18745000	      1873	800030a0	01400cef	jal	x25,800030a0	 x25=0x800030a0
       18755000	      1874	00000000	00000013	addi	x0,x0,0	  x0:0x00000000
       18765000	      1875	800030b0	00000013	addi	x0,x0,0	  x0:0x00000000
       18775000	      1876	800030b4	ff9ff5ef	jal	x11,800030b4	 x11=0x800030b4
       18785000	      1877	00000000	00000013	addi	x0,x0,0	  x0:0x00000000
       18795000	      1878	800030a8	00000013	addi	x0,x0,0	  x0:0x00000000
       18805000	      1879	800030ac	fedff2ef	jal	x5,800030ac	  x5=0x800030ac
       18815000	      1880	00000000	00000013	addi	x0,x0,0	  x0:0x00000000
       18825000	      1881	80003094	00000013	addi	x0,x0,0	  x0:0x00000000
       18835000	      1882	80003098	028000ef	jal	x1,80003098	  x1=0x80003098
       18845000	      1883	00000000	00000013	addi	x0,x0,0	  x0:0x00000000
       18855000	      1884	800030bc	00000013	addi	x0,x0,0	  x0:0x00000000
       18865000	      1885	800030c0	fc9ff0ef	jal	x1,800030c0	  x1=0x800030c0
       18875000	      1886	00000000	00000013	addi	x0,x0,0	  x0:0x00000000
       18885000	      1887	80003084	00000013	addi	x0,x0,0	  x0:0x00000000
       18895000	      1888	80003088	ff9ff0ef	jal	x1,80003088	  x1=0x80003088
       18905000	      1889	00000000	00000013	addi	x0,x0,0	  x0:0x00000000
       18915000	      1890	8000307c	00000013	addi	x0,x0,0	  x0:0x00000000
       18925000	      1891	80003080	028003ef	jal	x7,80003080	  x7=0x80003080
       18935000	      1892	00000000	00000013	addi	x0,x0,0	  x0:0x00000000
       18945000	      1893	800030a4	00000013	addi	x0,x0,0	  x0:0x00000000
       18955000	      1894	800030a8	fedff1ef	jal	x3,800030a8	  x3=0x800030a8
       18965000	      1895	00000000	00000013	addi	x0,x0,0	  x0:0x00000000
       18975000	      1896	80003090	00000013	addi	x0,x0,0	  x0:0x00000000
       18985000	      1897	80003094	ff1ff0ef	jal	x1,80003094	  x1=0x80003094
       18995000	      1898	00000000	00000013	addi	x0,x0,0	  x0:0x00000000
       19005000	      1899	80003080	00000013	addi	x0,x0,0	  x0:0x00000000
       19015000	      1900	80003084	00c000ef	jal	x1,80003084	  x1=0x80003084
       19025000	      1901	00000000	00000013	addi	x0,x0,0	  x0:0x00000000
       19035000	      1902	8000308c	00000013	addi	x0,x0,0	  x0:0x00000000
       19045000	      1903	80003090	020000ef	jal	x1,80003090	  x1=0x80003090
       19055000	      1904	00000000	00000013	addi	x0,x0,0	  x0:0x00000000
       19065000	      1905	800030ac	00000013	addi	x0,x0,0	  x0:0x00000000
       19075000	      1906	800030b0	fc9ff0ef	jal	x1,800030b0	  x1=0x800030b0
       19085000	      1907	00000000	00000013	addi	x0,x0,0	  x0:0x00000000
       19095000	      1908	80003074	00000013	addi	x0,x0,0	  x0:0x00000000
       19105000	      1909	80003078	014000ef	jal	x1,80003078	  x1=0x80003078
       19115000	      1910	00000000	00000013	addi	x0,x0,0	  x0:0x00000000
       19125000	      1911	80003088	00000013	addi	x0,x0,0	  x0:0x00000000
       19135000	      1912	8000308c	02c000ef	jal	x1,8000308c	  x1=0x8000308c
       19145000	      1913	00000000	00000013	addi	x0,x0,0	  x0:0x00000000
       19155000	      1914	800030b4	00000013	addi	x0,x0,0	  x0:0x00000000
       19165000	      1915	800030b8	00c0026f	jal	x4,800030b8	  x4=0x800030b8
       19175000	      1916	00000000	00000013	addi	x0,x0,0	  x0:0x00000000
       19185000	      1917	800030c0	00000013	addi	x0,x0,0	  x0:0x00000000
       19195000	      1918	800030c4	0e668413	addi	x8,x13,230	 x13:0x80000628  x8=0x8000070e
       19205000	      1919	800030c8	0500066f	jal	x12,800030c8	 x12=0x800030c8
       19215000	      1920	00000000	00000013	addi	x0,x0,0	  x0:0x00000000
       19225000	      1921	80003114	00000013	addi	x0,x0,0	  x0:0x00000000
       19235000	      1922	80003118	ffdff2ef	jal	x5,80003118	  x5=0x80003118
       19245000	      1923	00000000	00000013	addi	x0,x0,0	  x0:0x00000000
       19255000	      1924	80003110	00000013	addi	x0,x0,0	  x0:0x00000000
       19265000	      1925	80003114	fbdff1ef	jal	x3,80003114	  x3=0x80003114
       19275000	      1926	00000000	00000013	addi	x0,x0,0	  x0:0x00000000
       19285000	      1927	800030cc	00000013	addi	x0,x0,0	  x0:0x00000000
       19295000	      1928	800030d0	0240036f	jal	x6,800030d0	  x6=0x800030d0
       19305000	      1929	00000000	00000013	addi	x0,x0,0	  x0:0x00000000
       19315000	      1930	800030f0	00000013	addi	x0,x0,0	  x0:0x00000000
       19325000	      1931	800030f4	ff9ff0ef	jal	x1,800030f4	  x1=0x800030f4
       19335000	      1932	00000000	00000013	addi	x0,x0,0	  x0:0x00000000
       19345000	      1933	800030e8	00000013	addi	x0,x0,0	  x0:0x00000000
       19355000	      1934	800030ec	018004ef	jal	x9,800030ec	  x9=0x800030ec
       19365000	      1935	00000000	00000013	addi	x0,x0,0	  x0:0x00000000
       19375000	      1936	80003100	00000013	addi	x0,x0,0	  x0:0x00000000
       19385000	      1937	80003104	fd1ff16f	jal	x2,80003104	  x2=0x80003104
       19395000	      1938	00000000	00000013	addi	x0,x0,0	  x0:0x00000000
       19405000	      1939	800030d0	00000013	addi	x0,x0,0	  x0:0x00000000
       19415000	      1940	800030d4	028000ef	jal	x1,800030d4	  x1=0x800030d4
       19425000	      1941	00000000	00000013	addi	x0,x0,0	  x0:0x00000000
       19435000	      1942	800030f8	00000013	addi	x0,x0,0	  x0:0x00000000
       19445000	      1943	800030fc	004000ef	jal	x1,800030fc	  x1=0x800030fc
       19455000	      1944	00000000	00000013	addi	x0,x0,0	  x0:0x00000000
       19465000	      1945	800030fc	00000013	addi	x0,x0,0	  x0:0x00000000
       19475000	      1946	80003100	fddff0ef	jal	x1,80003100	  x1=0x80003100
       19485000	      1947	00000000	00000013	addi	x0,x0,0	  x0:0x00000000
       19495000	      1948	800030d8	00000013	addi	x0,x0,0	  x0:0x00000000
       19505000	      1949	800030dc	01c0016f	jal	x2,800030dc	  x2=0x800030dc
       19515000	      1950	00000000	00000013	addi	x0,x0,0	  x0:0x00000000
       19525000	      1951	800030f4	00000013	addi	x0,x0,0	  x0:0x00000000
       19535000	      1952	800030f8	ff1ffb6f	jal	x22,800030f8	 x22=0x800030f8
       19545000	      1953	00000000	00000013	addi	x0,x0,0	  x0:0x00000000
       19555000	      1954	800030e4	00000013	addi	x0,x0,0	  x0:0x00000000
       19565000	      1955	800030e8	ff1ffc6f	jal	x24,800030e8	 x24=0x800030e8
       19575000	      1956	00000000	00000013	addi	x0,x0,0	  x0:0x00000000
       19585000	      1957	800030d4	00000013	addi	x0,x0,0	  x0:0x00000000
       19595000	      1958	800030d8	04c000ef	jal	x1,800030d8	  x1=0x800030d8
       19605000	      1959	00000000	00000013	addi	x0,x0,0	  x0:0x00000000
       19615000	      1960	80003120	00000013	addi	x0,x0,0	  x0:0x00000000
       19625000	      1961	80003124	fa9ff9ef	jal	x19,80003124	 x19=0x80003124
       19635000	      1962	00000000	00000013	addi	x0,x0,0	  x0:0x00000000
       19645000	      1963	800030c8	00000013	addi	x0,x0,0	  x0:0x00000000
       19655000	      1964	800030cc	024000ef	jal	x1,800030cc	  x1=0x800030cc
       19665000	      1965	00000000	00000013	addi	x0,x0,0	  x0:0x00000000
       19675000	      1966	800030ec	00000013	addi	x0,x0,0	  x0:0x00000000
       19685000	      1967	800030f0	020000ef	jal	x1,800030f0	  x1=0x800030f0
       19695000	      1968	00000000	00000013	addi	x0,x0,0	  x0:0x00000000
       19705000	      1969	8000310c	00000013	addi	x0,x0,0	  x0:0x00000000
       19715000	      1970	80003110	010000ef	jal	x1,80003110	  x1=0x80003110
       19725000	      1971	00000000	00000013	addi	x0,x0,0	  x0:0x00000000
       19735000	      1972	8000311c	00000013	addi	x0,x0,0	  x0:0x00000000
       19745000	      1973	80003120	fc1ff0ef	jal	x1,80003120	  x1=0x80003120
       19755000	      1974	00000000	00000013	addi	x0,x0,0	  x0:0x00000000
       19765000	      1975	800030dc	00000013	addi	x0,x0,0	  x0:0x00000000
       19775000	      1976	800030e0	0280036f	jal	x6,800030e0	  x6=0x800030e0
       19785000	      1977	00000000	00000013	addi	x0,x0,0	  x0:0x00000000
       19795000	      1978	80003104	00000013	addi	x0,x0,0	  x0:0x00000000
       19805000	      1979	80003108	0140056f	jal	x10,80003108	 x10=0x80003108
       19815000	      1980	00000000	00000013	addi	x0,x0,0	  x0:0x00000000
       19825000	      1981	80003118	00000013	addi	x0,x0,0	  x0:0x00000000
       19835000	      1982	8000311c	ff1ff36f	jal	x6,8000311c	  x6=0x8000311c
       19845000	      1983	00000000	00000013	addi	x0,x0,0	  x0:0x00000000
       19855000	      1984	80003108	00000013	addi	x0,x0,0	  x0:0x00000000
       19865000	      1985	8000310c	fd9ff0ef	jal	x1,8000310c	  x1=0x8000310c
       19875000	      1986	00000000	00000013	addi	x0,x0,0	  x0:0x00000000
       19885000	      1987	800030e0	00000013	addi	x0,x0,0	  x0:0x00000000
       19895000	      1988	800030e4	04400bef	jal	x23,800030e4	 x23=0x800030e4
       19905000	      1989	00000000	00000013	addi	x0,x0,0	  x0:0x00000000
       19915000	      1990	80003124	00000013	addi	x0,x0,0	  x0:0x00000000
       19925000	      1991	80003128	01153533	sltu	x10,x10,x17	 x10:0x80003108 x17:0x80003415 x10=0x00000001
       19935000	      1992	8000312c	0540066f	jal	x12,8000312c	 x12=0x8000312c
       19945000	      1993	00000000	00000013	addi	x0,x0,0	  x0:0x00000000
       19955000	      1994	8000317c	00000013	addi	x0,x0,0	  x0:0x00000000
       19965000	      1995	80003180	fcdffcef	jal	x25,80003180	 x25=0x80003180
       19975000	      1996	00000000	00000013	addi	x0,x0,0	  x0:0x00000000
       19985000	      1997	80003148	00000013	addi	x0,x0,0	  x0:0x00000000
       19995000	      1998	8000314c	0140036f	jal	x6,8000314c	  x6=0x8000314c
       20005000	      1999	00000000	00000013	addi	x0,x0,0	  x0:0x00000000
       20015000	      2000	8000315c	00000013	addi	x0,x0,0	  x0:0x00000000
       20025000	      2001	80003160	0400036f	jal	x6,80003160	  x6=0x80003160
       20035000	      2002	00000000	00000013	addi	x0,x0,0	  x0:0x00000000
       20045000	      2003	8000319c	00000013	addi	x0,x0,0	  x0:0x00000000
       20055000	      2004	800031a0	fd1ff16f	jal	x2,800031a0	  x2=0x800031a0
       20065000	      2005	00000000	00000013	addi	x0,x0,0	  x0:0x00000000
       20075000	      2006	8000316c	00000013	addi	x0,x0,0	  x0:0x00000000
       20085000	      2007	80003170	fedff0ef	jal	x1,80003170	  x1=0x80003170
       20095000	      2008	00000000	00000013	addi	x0,x0,0	  x0:0x00000000
       20105000	      2009	80003158	00000013	addi	x0,x0,0	  x0:0x00000000
       20115000	      2010	8000315c	00c007ef	jal	x15,8000315c	 x15=0x8000315c
       20125000	      2011	00000000	00000013	addi	x0,x0,0	  x0:0x00000000
       20135000	      2012	80003164	00000013	addi	x0,x0,0	  x0:0x00000000
       20145000	      2013	80003168	00c00cef	jal	x25,80003168	 x25=0x80003168
       20155000	      2014	00000000	00000013	addi	x0,x0,0	  x0:0x00000000
       20165000	      2015	80003170	00000013	addi	x0,x0,0	  x0:0x00000000
       20175000	      2016	80003174	030000ef	jal	x1,80003174	  x1=0x80003174
       20185000	      2017	00000000	00000013	addi	x0,x0,0	  x0:0x00000000
       20195000	      2018	800031a0	00000013	addi	x0,x0,0	  x0:0x00000000
       20205000	      2019	800031a4	ff5ff0ef	jal	x1,800031a4	  x1=0x800031a4
       20215000	      2020	00000000	00000013	addi	x0,x0,0	  x0:0x00000000
       20225000	      2021	80003194	00000013	addi	x0,x0,0	  x0:0x00000000
       20235000	      2022	80003198	ff5ff36f	jal	x6,80003198	  x6=0x80003198
       20245000	      2023	00000000	00000013	addi	x0,x0,0	  x0:0x00000000
       20255000	      2024	80003188	00000013	addi	x0,x0,0	  x0:0x00000000
       20265000	      2025	8000318c	ff1ff36f	jal	x6,8000318c	  x6=0x8000318c
       20275000	      2026	00000000	00000013	addi	x0,x0,0	  x0:0x00000000
       20285000	      2027	80003178	00000013	addi	x0,x0,0	  x0:0x00000000
       20295000	      2028	8000317c	fe9ff36f	jal	x6,8000317c	  x6=0x8000317c
       20305000	      2029	00000000	00000013	addi	x0,x0,0	  x0:0x00000000
       20315000	      2030	80003160	00000013	addi	x0,x0,0	  x0:0x00000000
       20325000	      2031	80003164	02c000ef	jal	x1,80003164	  x1=0x80003164
       20335000	      2032	00000000	00000013	addi	x0,x0,0	  x0:0x00000000
       20345000	      2033	8000318c	00000013	addi	x0,x0,0	  x0:0x00000000
       20355000	      2034	80003190	ff9ff36f	jal	x6,80003190	  x6=0x80003190
       20365000	      2035	00000000	00000013	addi	x0,x0,0	  x0:0x00000000
       20375000	      2036	80003184	00000013	addi	x0,x0,0	  x0:0x00000000
       20385000	      2037	80003188	fb9ff56f	jal	x10,80003188	 x10=0x80003188
       20395000	      2038	00000000	00000013	addi	x0,x0,0	  x0:0x00000000
       20405000	      2039	8000313c	00000013	addi	x0,x0,0	  x0:0x00000000
       20415000	      2040	80003140	0100036f	jal	x6,80003140	  x6=0x80003140
       20425000	      2041	00000000	00000013	addi	x0,x0,0	  x0:0x00000000
       20435000	      2042	8000314c	00000013	addi	x0,x0,0	  x0:0x00000000
       20445000	      2043	80003150	0080036f	jal	x6,80003150	  x6=0x80003150
       20455000	      2044	00000000	00000013	addi	x0,x0,0	  x0:0x00000000
       20465000	      2045	80003154	00000013	addi	x0,x0,0	  x0:0x00000000
       20475000	      2046	80003158	044007ef	jal	x15,80003158	 x15=0x80003158
       20485000	      2047	00000000	00000013	addi	x0,x0,0	  x0:0x00000000
       20495000	      2048	80003198	00000013	addi	x0,x0,0	  x0:0x00000000
       20505000	      2049	8000319c	f95ff0ef	jal	x1,8000319c	  x1=0x8000319c
       20515000	      2050	00000000	00000013	addi	x0,x0,0	  x0:0x00000000
       20525000	      2051	8000312c	00000013	addi	x0,x0,0	  x0:0x00000000
       20535000	      2052	80003130	03c000ef	jal	x1,80003130	  x1=0x80003130
       20545000	      2053	00000000	00000013	addi	x0,x0,0	  x0:0x00000000
       20555000	      2054	80003168	00000013	addi	x0,x0,0	  x0:0x00000000
       20565000	      2055	8000316c	00c00fef	jal	x31,8000316c	 x31=0x8000316c
       20575000	      2056	00000000	00000013	addi	x0,x0,0	  x0:0x00000000
       20585000	      2057	80003174	00000013	addi	x0,x0,0	  x0:0x00000000
       20595000	      2058	80003178	fd1ff0ef	jal	x1,80003178	  x1=0x80003178
       20605000	      2059	00000000	00000013	addi	x0,x0,0	  x0:0x00000000
       20615000	      2060	80003144	00000013	addi	x0,x0,0	  x0:0x00000000
       20625000	      2061	80003148	03c0036f	jal	x6,80003148	  x6=0x80003148
       20635000	      2062	00000000	00000013	addi	x0,x0,0	  x0:0x00000000
       20645000	      2063	80003180	00000013	addi	x0,x0,0	  x0:0x00000000
       20655000	      2064	80003184	010000ef	jal	x1,80003184	  x1=0x80003184
       20665000	      2065	00000000	00000013	addi	x0,x0,0	  x0:0x00000000
       20675000	      2066	80003190	00000013	addi	x0,x0,0	  x0:0x00000000
       20685000	      2067	80003194	fa5ff0ef	jal	x1,80003194	  x1=0x80003194
       20695000	      2068	00000000	00000013	addi	x0,x0,0	  x0:0x00000000
       20705000	      2069	80003134	00000013	addi	x0,x0,0	  x0:0x00000000
       20715000	      2070	80003138	004000ef	jal	x1,80003138	  x1=0x80003138
       20725000	      2071	00000000	00000013	addi	x0,x0,0	  x0:0x00000000
       20735000	      2072	80003138	00000013	addi	x0,x0,0	  x0:0x00000000
       20745000	      2073	8000313c	0080056f	jal	x10,8000313c	 x10=0x8000313c
       20755000	      2074	00000000	00000013	addi	x0,x0,0	  x0:0x00000000
       20765000	      2075	80003140	00000013	addi	x0,x0,0	  x0:0x00000000
       20775000	      2076	80003144	ff1ff36f	jal	x6,80003144	  x6=0x80003144
       20785000	      2077	00000000	00000013	addi	x0,x0,0	  x0:0x00000000
       20795000	      2078	80003130	00000013	addi	x0,x0,0	  x0:0x00000000
       20805000	      2079	80003134	0200036f	jal	x6,80003134	  x6=0x80003134
       20815000	      2080	00000000	00000013	addi	x0,x0,0	  x0:0x00000000
       20825000	      2081	80003150	00000013	addi	x0,x0,0	  x0:0x00000000
       20835000	      2082	80003154	0540036f	jal	x6,80003154	  x6=0x80003154
       20845000	      2083	00000000	00000013	addi	x0,x0,0	  x0:0x00000000
       20855000	      2084	800031a4	00000013	addi	x0,x0,0	  x0:0x00000000
       20865000	      2085	800031a8	01007b33	and	x22,x0,x16	  x0:0x00000000 x16:0xfaace74d x22=0x00000000
       20875000	      2086	800031ac	0240066f	jal	x12,800031ac	 x12=0x800031ac
       20885000	      2087	00000000	00000013	addi	x0,x0,0	  x0:0x00000000
       20895000	      2088	800031cc	00000013	addi	x0,x0,0	  x0:0x00000000
       20905000	      2089	800031d0	ff1ff0ef	jal	x1,800031d0	  x1=0x800031d0
       20915000	      2090	00000000	00000013	addi	x0,x0,0	  x0:0x00000000
       20925000	      2091	800031bc	00000013	addi	x0,x0,0	  x0:0x00000000
       20935000	      2092	800031c0	0180036f	jal	x6,800031c0	  x6=0x800031c0
       20945000	      2093	00000000	00000013	addi	x0,x0,0	  x0:0x00000000
       20955000	      2094	800031d4	00000013	addi	x0,x0,0	  x0:0x00000000
       20965000	      2095	800031d8	ff5ff0ef	jal	x1,800031d8	  x1=0x800031d8
       20975000	      2096	00000000	00000013	addi	x0,x0,0	  x0:0x00000000
       20985000	      2097	800031c8	00000013	addi	x0,x0,0	  x0:0x00000000
       20995000	      2098	800031cc	ff9ff0ef	jal	x1,800031cc	  x1=0x800031cc
       21005000	      2099	00000000	00000013	addi	x0,x0,0	  x0:0x00000000
       21015000	      2100	800031c0	00000013	addi	x0,x0,0	  x0:0x00000000
       21025000	      2101	800031c4	ff1ffeef	jal	x29,800031c4	 x29=0x800031c4
       21035000	      2102	00000000	00000013	addi	x0,x0,0	  x0:0x00000000
       21045000	      2103	800031b0	00000013	addi	x0,x0,0	  x0:0x00000000
       21055000	      2104	800031b4	020000ef	jal	x1,800031b4	  x1=0x800031b4
       21065000	      2105	00000000	00000013	addi	x0,x0,0	  x0:0x00000000
       21075000	      2106	800031d0	00000013	addi	x0,x0,0	  x0:0x00000000
       21085000	      2107	800031d4	00c0036f	jal	x6,800031d4	  x6=0x800031d4
       21095000	      2108	00000000	00000013	addi	x0,x0,0	  x0:0x00000000
       21105000	      2109	800031dc	00000013	addi	x0,x0,0	  x0:0x00000000
       21115000	      2110	800031e0	fddff76f	jal	x14,800031e0	 x14=0x800031e0
       21125000	      2111	00000000	00000013	addi	x0,x0,0	  x0:0x00000000
       21135000	      2112	800031b8	00000013	addi	x0,x0,0	  x0:0x00000000
       21145000	      2113	800031bc	ff5ff0ef	jal	x1,800031bc	  x1=0x800031bc
       21155000	      2114	00000000	00000013	addi	x0,x0,0	  x0:0x00000000
       21165000	      2115	800031ac	00000013	addi	x0,x0,0	  x0:0x00000000
       21175000	      2116	800031b0	034000ef	jal	x1,800031b0	  x1=0x800031b0
       21185000	      2117	00000000	00000013	addi	x0,x0,0	  x0:0x00000000
       21195000	      2118	800031e0	00000013	addi	x0,x0,0	  x0:0x00000000
       21205000	      2119	800031e4	fd5ff0ef	jal	x1,800031e4	  x1=0x800031e4
       21215000	      2120	00000000	00000013	addi	x0,x0,0	  x0:0x00000000
       21225000	      2121	800031b4	00000013	addi	x0,x0,0	  x0:0x00000000
       21235000	      2122	800031b8	034000ef	jal	x1,800031b8	  x1=0x800031b8
       21245000	      2123	00000000	00000013	addi	x0,x0,0	  x0:0x00000000
       21255000	      2124	800031e8	00000013	addi	x0,x0,0	  x0:0x00000000
       21265000	      2125	800031ec	ffdff0ef	jal	x1,800031ec	  x1=0x800031ec
       21275000	      2126	00000000	00000013	addi	x0,x0,0	  x0:0x00000000
       21285000	      2127	800031e4	00000013	addi	x0,x0,0	  x0:0x00000000
       21295000	      2128	800031e8	ff5ff0ef	jal	x1,800031e8	  x1=0x800031e8
       21305000	      2129	00000000	00000013	addi	x0,x0,0	  x0:0x00000000
       21315000	      2130	800031d8	00000013	addi	x0,x0,0	  x0:0x00000000
       21325000	      2131	800031dc	0140036f	jal	x6,800031dc	  x6=0x800031dc
       21335000	      2132	00000000	00000013	addi	x0,x0,0	  x0:0x00000000
       21345000	      2133	800031ec	00000013	addi	x0,x0,0	  x0:0x00000000
       21355000	      2134	800031f0	fd9ff8ef	jal	x17,800031f0	 x17=0x800031f0
       21365000	      2135	00000000	00000013	addi	x0,x0,0	  x0:0x00000000
       21375000	      2136	800031c4	00000013	addi	x0,x0,0	  x0:0x00000000
       21385000	      2137	800031c8	02c0036f	jal	x6,800031c8	  x6=0x800031c8
       21395000	      2138	00000000	00000013	addi	x0,x0,0	  x0:0x00000000
       21405000	      2139	800031f0	00000013	addi	x0,x0,0	  x0:0x00000000
       21415000	      2140	800031f4	00b5a533	slt	x10,x11,x11	 x11:0x800030b4 x11:0x800030b4 x10=0x00000000
       21425000	      2141	800031f8	40ecd113	srai	x2,x25,0xe	 x25:0x80003168  x2=0xfffe0000
       21435000	      2142	800031fc	01475c33	srl	x24,x14,x20	 x14:0x800031e0 x20:0x80002fe4 x24=0x0800031e
       21445000	      2143	80003200	439bf213	andi	x4,x23,1081	 x23:0x800030e4  x4=0x00000020
       21455000	      2144	80003204	01d88db3	add	x27,x17,x29	 x17:0x800031f0 x29:0x800031c4 x27=0x000063b4
       21465000	      2145	80003208	01cf69b3	or	x19,x30,x28	 x30:0x80009f58 x28:0x80009fc4 x19=0x80009fdc
       21475000	      2146	8000320c	0a264113	xori	x2,x12,162	 x12:0x800031ac  x2=0x8000310e
       21485000	      2147	80003210	01a849b3	xor	x19,x16,x26	 x16:0xfaace74d x26:0x00000008 x19=0xfaace745
       21495000	      2148	80003214	c981f293	andi	x5,x3,-872	  x3:0x80003114  x5=0x80003010
       21505000	      2149	80003218	92520417	auipc	x8,0x92520	  x8=0x12523214
       21515000	      2150	8000321c	011e98b3	sll	x17,x29,x17	 x29:0x800031c4 x17:0x800031f0 x17=0x31c40000
       21525000	      2151	80003220	0009c6b3	xor	x13,x19,x0	 x19:0xfaace745  x0:0x00000000 x13=0xfaace745
       21535000	      2152	80003224	014b6033	or	x0,x22,x20	 x22:0x00000000 x20:0x80002fe4
       21545000	      2153	80003228	010c4e63	blt	x24,x16,80003244	 x24:0x0800031e x16:0xfaace74d
       21555000	      2154	8000322c	00377633	and	x12,x14,x3	 x14:0x800031e0  x3:0x80003114 x12=0x80003100
       21565000	      2155	80003230	009a5293	srli	x5,x20,0x9	 x20:0x80002fe4  x5=0x00400017
       21575000	      2156	80003234	003b29b3	slt	x19,x22,x3	 x22:0x00000000  x3:0x80003114 x19=0x00000000
       21585000	      2157	80003238	03f70463	beq	x14,x31,80003260	 x14:0x800031e0 x31:0x8000316c
       21595000	      2158	8000323c	02e24263	blt	x4,x14,80003260	  x4:0x00000020 x14:0x800031e0
       21605000	      2159	80003240	018a0ab3	add	x21,x20,x24	 x20:0x80002fe4 x24:0x0800031e x21=0x88003302
       21615000	      2160	80003244	b1fba717	auipc	x14,0xb1fba	 x14=0x31fbd240
       21625000	      2161	80003248	00186c63	bltu	x16,x1,80003260	 x16:0xfaace74d  x1:0x800031e8
       21635000	      2162	8000324c	01145a93	srli	x21,x8,0x11	  x8:0x12523214 x21=0x00000929
       21645000	      2163	80003250	ef617a13	andi	x20,x2,-266	  x2:0x8000310e x20=0x80003006
       21655000	      2164	80003254	00e0d513	srli	x10,x1,0xe	  x1:0x800031e8 x10=0x00020000
       21665000	      2165	80003258	04281663	bne	x16,x2,800032a4	 x16:0xfaace74d  x2:0x8000310e
       21675000	      2166	00000000	00000013	addi	x0,x0,0	  x0:0x00000000
       21685000	      2167	800032a0	00000013	addi	x0,x0,0	  x0:0x00000000
       21695000	      2168	800032a4	00d20db3	add	x27,x4,x13	  x4:0x00000020 x13:0xfaace745 x27=0xfaace765
       21705000	      2169	800032a8	01446eb3	or	x29,x8,x20	  x8:0x12523214 x20:0x80003006 x29=0x92523216
       21715000	      2170	800032ac	002bb133	sltu	x2,x23,x2	 x23:0x800030e4  x2:0x8000310e  x2=0x00000001
       21725000	      2171	800032b0	009c21b3	slt	x3,x24,x9	 x24:0x0800031e  x9:0x800030ec  x3=0x00000000
       21735000	      2172	800032b4	03ee9e63	bne	x29,x30,800032f0	 x29:0x92523216 x30:0x80009f58
       21745000	      2173	00000000	00000013	addi	x0,x0,0	  x0:0x00000000
       21755000	      2174	800032ec	00000013	addi	x0,x0,0	  x0:0x00000000
       21765000	      2175	800032f0	01399313	slli	x6,x19,0x13	 x19:0x00000000  x6=0x00000000
       21775000	      2176	800032f4	00000013	addi	x0,x0,0	  x0:0x00000000
       21785000	      2177	800032f8	40e60c33	sub	x24,x12,x14	 x12:0x80003100 x14:0x31fbd240 x24=0x4e045ec0
       21795000	      2178	800032fc	01f89113	slli	x2,x17,0x1f	 x17:0x31c40000  x2=0x00000000
       21805000	      2179	80003300	002efbb3	and	x23,x29,x2	 x29:0x92523216  x2:0x00000000 x23=0x00000000
       21815000	      2180	80003304	0080b833	sltu	x16,x1,x8	  x1:0x800031e8  x8:0x12523214 x16=0x00000000
       21825000	      2181	80003308	de2fa497	auipc	x9,0xde2fa	  x9=0x5e2fd304
       21835000	      2182	8000330c	d1b0be93	sltiu	x29,x1,-741	  x1:0x800031e8 x29=0x00000001
       21845000	      2183	80003310	238ea193	slti	x3,x29,568	 x29:0x00000001  x3=0x00000001
       21855000	      2184	80003314	01b91b13	slli	x22,x18,0x1b	 x18:0x8000303c x22=0xe0000000
       21865000	      2185	80003318	40d552b3	sra	x5,x10,x13	 x10:0x00020000 x13:0xfaace745  x5=0x00001000
       21875000	      2186	8000331c	00f32733	slt	x14,x6,x15	  x6:0x00000000 x15:0x80003158 x14=0x00000000
       21885000	      2187	80003320	01f070b3	and	x1,x0,x31	  x0:0x00000000 x31:0x8000316c  x1=0x00000000
       21895000	      2188	80003324	0151a033	slt	x0,x3,x21	  x3:0x00000001 x21:0x00000929
       21905000	      2189	80003328	41cad493	srai	x9,x21,0x1c	 x21:0x00000929  x9=0x00000000
       21915000	      2190	8000332c	007d9193	slli	x3,x27,0x7	 x27:0xfaace765  x3=0x5673b280
       21925000	      2191	80003330	d268d2b7	lui	x5,0xd268d	  x5=0xd268d000
       21935000	      2192	80003334	003c2a33	slt	x20,x24,x3	 x24:0x4e045ec0  x3:0x5673b280 x20=0x00000001
       21945000	      2193	80003338	4094d013	srai	x0,x9,0x9	  x9:0x00000000
       21955000	      2194	8000333c	0217fa63	bgeu	x15,x1,80003370	 x15:0x80003158  x1:0x00000000
       21965000	      2195	00000000	00000013	addi	x0,x0,0	  x0:0x00000000
       21975000	      2196	8000336c	00000013	addi	x0,x0,0	  x0:0x00000000
       21985000	      2197	80003370	4056d733	sra	x14,x13,x5	 x13:0xfaace745  x5:0xd268d000 x14=0xfaace745
       21995000	      2198	80003374	03039c63	bne	x7,x16,800033ac	  x7:0x80003080 x16:0x00000000
       22005000	      2199	00000000	00000013	addi	x0,x0,0	  x0:0x00000000
       22015000	      2200	800033a8	00000013	addi	x0,x0,0	  x0:0x00000000
       22025000	      2201	800033ac	013ea0b3	slt	x1,x29,x19	 x29:0x00000001 x19:0x00000000  x1=0x00000000
       22035000	      2202	800033b0	01594493	xori	x9,x18,21	 x18:0x8000303c  x9=0x80003029
       22045000	      2203	800033b4	016b3633	sltu	x12,x22,x22	 x22:0xe0000000 x22:0xe0000000 x12=0x00000000
       22055000	      2204	800033b8	59bb3c13	sltiu	x24,x22,1435	 x22:0xe0000000 x24=0x00000000
       22065000	      2205	800033bc	5e60c593	xori	x11,x1,1510	  x1:0x00000000 x11=0x000005e6
       22075000	      2206	800033c0	04f7fc93	andi	x25,x15,79	 x15:0x80003158 x25=0x00000048
       22085000	      2207	800033c4	e085cb93	xori	x23,x11,-504	 x11:0x000005e6 x23=0xfffffbee
       22095000	      2208	800033c8	b203a097	auipc	x1,0xb203a	  x1=0x3203d3c4
       22105000	      2209	800033cc	d33cab17	auipc	x22,0xd33ca	 x22=0x533cd3c8
       22115000	      2210	800033d0	058c4263	blt	x24,x24,80003414	 x24:0x00000000 x24:0x00000000
       22125000	      2211	800033d4	01582eb3	slt	x29,x16,x21	 x16:0x00000000 x21:0x00000929 x29=0x00000001
       22135000	      2212	800033d8	00e0f1b3	and	x3,x1,x14	  x1:0x3203d3c4 x14:0xfaace745  x3=0x3200c344
       22145000	      2213	800033dc	eaca5137	lui	x2,0xeaca5	  x2=0xeaca5000
       22155000	      2214	800033e0	00968033	add	x0,x13,x9	 x13:0xfaace745  x9:0x80003029
       22165000	      2215	800033e4	012ceab3	or	x21,x25,x18	 x25:0x00000048 x18:0x8000303c x21=0x8000307c
       22175000	      2216	800033e8	91cca713	slti	x14,x25,-1764	 x25:0x00000048 x14=0x00000000
       22185000	      2217	800033ec	05b01863	bne	x0,x27,8000343c	  x0:0x00000000 x27:0xfaace765
       22195000	      2218	00000000	00000013	addi	x0,x0,0	  x0:0x00000000
       22205000	      2219	80003438	00000013	addi	x0,x0,0	  x0:0x00000000
       22215000	      2220	8000343c	000ed933	srl	x18,x29,x0	 x29:0x00000001  x0:0x00000000 x18=0x00000001
       22225000	      2221	80003440	00000013	addi	x0,x0,0	  x0:0x00000000
       22235000	      2222	80003444	00c450b3	srl	x1,x8,x12	  x8:0x12523214 x12:0x00000000  x1=0x12523214
       22245000	      2223	80003448	003014b3	sll	x9,x0,x3	  x0:0x00000000  x3:0x3200c344  x9=0x00000000
       22255000	      2224	8000344c	405b0a33	sub	x20,x22,x5	 x22:0x533cd3c8  x5:0xd268d000 x20=0x80d403c8
       22265000	      2225	80003450	00c91493	slli	x9,x18,0xc	 x18:0x00000001  x9=0x00001000
       22275000	      2226	80003454	f9b16f93	ori	x31,x2,-101	  x2:0xeaca5000 x31=0xffffff9b
       22285000	      2227	80003458	f2902793	slti	x15,x0,-215	  x0:0x00000000 x15=0x00000000
       22295000	      2228	8000345c	0053e863	bltu	x7,x5,8000346c	  x7:0x80003080  x5:0xd268d000
       22305000	      2229	00000000	00000013	addi	x0,x0,0	  x0:0x00000000
       22315000	      2230	80003468	00000013	addi	x0,x0,0	  x0:0x00000000
       22325000	      2231	8000346c	00000013	addi	x0,x0,0	  x0:0x00000000
       22335000	      2232	80003470	0071d993	srli	x19,x3,0x7	  x3:0x3200c344 x19=0x00640186
       22345000	      2233	80003474	01539693	slli	x13,x7,0x15	  x7:0x80003080 x13=0x10000000
       22355000	      2234	80003478	83adab93	slti	x23,x27,-1990	 x27:0xfaace765 x23=0x00000001
       22365000	      2235	8000347c	4c2ab913	sltiu	x18,x21,1218	 x21:0x8000307c x18=0x00000000
       22375000	      2236	80003480	9165c413	xori	x8,x11,-1770	 x11:0x000005e6  x8=0xfffffcf0
       22385000	      2237	80003484	00000013	addi	x0,x0,0	  x0:0x00000000
       22395000	      2238	80003488	441c0637	lui	x12,0x441c0	 x12=0x441c0000
       22405000	      2239	8000348c	616b3a93	sltiu	x21,x22,1558	 x22:0x533cd3c8 x21=0x00000000
       22415000	      2240	80003490	e19da513	slti	x10,x27,-487	 x27:0xfaace765 x10=0x00000001
       22425000	      2241	80003494	4366a513	slti	x10,x13,1078	 x13:0x10000000 x10=0x00000000
       22435000	      2242	80003498	d1f3e213	ori	x4,x7,-737	  x7:0x80003080  x4=0xfffffd9f
       22445000	      2243	8000349c	0d52b413	sltiu	x8,x5,213	  x5:0xd268d000  x8=0x00000000
       22455000	      2244	800034a0	013af3b3	and	x7,x21,x19	 x21:0x00000000 x19:0x00640186  x7=0x00000000
       22465000	      2245	800034a4	18783893	sltiu	x17,x16,391	 x16:0x00000000 x17=0x00000001
       22475000	      2246	800034a8	00676e63	bltu	x14,x6,800034c4	 x14:0x00000000  x6:0x00000000
       22485000	      2247	800034ac	002f8433	add	x8,x31,x2	 x31:0xffffff9b  x2:0xeaca5000  x8=0xeaca4f9b
       22495000	      2248	800034b0	01a89d93	slli	x27,x17,0x1a	 x17:0x00000001 x27=0x04000000
       22505000	      2249	800034b4	41c38ab3	sub	x21,x7,x28	  x7:0x00000000 x28:0x80009fc4 x21=0x7fff603c
       22515000	      2250	800034b8	04daf263	bgeu	x21,x13,800034fc	 x21:0x7fff603c x13:0x10000000
       22525000	      2251	00000000	00000013	addi	x0,x0,0	  x0:0x00000000
       22535000	      2252	800034f8	00000013	addi	x0,x0,0	  x0:0x00000000
       22545000	      2253	800034fc	9897b913	sltiu	x18,x15,-1655	 x15:0x00000000 x18=0x00000001
       22555000	      2254	80003500	01638133	add	x2,x7,x22	  x7:0x00000000 x22:0x533cd3c8  x2=0x533cd3c8
       22565000	      2255	80003504	8b0d2837	lui	x16,0x8b0d2	 x16=0x8b0d2000
       22575000	      2256	80003508	003c56b3	srl	x13,x24,x3	 x24:0x00000000  x3:0x3200c344 x13=0x00000000
       22585000	      2257	8000350c	01b09033	sll	x0,x1,x27	  x1:0x12523214 x27:0x04000000
       22595000	      2258	80003510	b080f693	andi	x13,x1,-1272	  x1:0x12523214 x13=0x12523200
       22605000	      2259	80003514	41cad113	srai	x2,x21,0x1c	 x21:0x7fff603c  x2=0x00000007
       22615000	      2260	80003518	00b7f9b3	and	x19,x15,x11	 x15:0x00000000 x11:0x000005e6 x19=0x00000000
       22625000	      2261	8000351c	00912c33	slt	x24,x2,x9	  x2:0x00000007  x9:0x00001000 x24=0x00000001
       22635000	      2262	80003520	68028797	auipc	x15,0x68028	 x15=0xe802b51c
       22645000	      2263	80003524	009716b3	sll	x13,x14,x9	 x14:0x00000000  x9:0x00001000 x13=0x00000000
       22655000	      2264	80003528	01007533	and	x10,x0,x16	  x0:0x00000000 x16:0x8b0d2000 x10=0x00000000
       22665000	      2265	8000352c	01f5f233	and	x4,x11,x31	 x11:0x000005e6 x31:0xffffff9b  x4=0x00000582
       22675000	      2266	80003530	2ef1bc13	sltiu	x24,x3,751	  x3:0x3200c344 x24=0x00000000
       22685000	      2267	80003534	000d5193	srli	x3,x26,0x0	 x26:0x00000008  x3=0x00000008
       22695000	      2268	80003538	009c1613	slli	x12,x24,0x9	 x24:0x00000000 x12=0x00000000
       22705000	      2269	8000353c	0065e233	or	x4,x11,x6	 x11:0x000005e6  x6:0x00000000  x4=0x000005e6
       22715000	      2270	80003540	011a2db3	slt	x27,x20,x17	 x20:0x80d403c8 x17:0x00000001 x27=0x00000001
       22725000	      2271	80003544	02768e63	beq	x13,x7,80003580	 x13:0x00000000  x7:0x00000000
       22735000	      2272	00000000	00000013	addi	x0,x0,0	  x0:0x00000000
       22745000	      2273	8000357c	00000013	addi	x0,x0,0	  x0:0x00000000
       22755000	      2274	80003580	41cb8633	sub	x12,x23,x28	 x23:0x00000001 x28:0x80009fc4 x12=0x7fff603d
       22765000	      2275	80003584	a01dcb37	lui	x22,0xa01dc	 x22=0xa01dc000
       22775000	      2276	80003588	00000013	addi	x0,x0,0	  x0:0x00000000
       22785000	      2277	8000358c	00729b13	slli	x22,x5,0x7	  x5:0xd268d000 x22=0x34680000
       22795000	      2278	80003590	ed7d2897	auipc	x17,0xed7d2	 x17=0x6d7d558c
       22805000	      2279	80003594	0137ac33	slt	x24,x15,x19	 x15:0xe802b51c x19:0x00000000 x24=0x00000001
       22815000	      2280	80003598	03e56263	bltu	x10,x30,800035bc	 x10:0x00000000 x30:0x80009f58
       22825000	      2281	00000000	00000013	addi	x0,x0,0	  x0:0x00000000
       22835000	      2282	800035b8	00000013	addi	x0,x0,0	  x0:0x00000000
       22845000	      2283	800035bc	008c8a63	beq	x25,x8,800035d0	 x25:0x00000048  x8:0xeaca4f9b
       22855000	      2284	800035c0	00f0da63	bge	x1,x15,800035d4	  x1:0x12523214 x15:0xe802b51c
       22865000	      2285	00000000	00000013	addi	x0,x0,0	  x0:0x00000000
       22875000	      2286	800035d0	00000013	addi	x0,x0,0	  x0:0x00000000
       22885000	      2287	800035d4	40378433	sub	x8,x15,x3	 x15:0xe802b51c  x3:0x00000008  x8=0xe802b514
       22895000	      2288	800035d8	06608a63	beq	x1,x6,8000364c	  x1:0x12523214  x6:0x00000000
       22905000	      2289	800035dc	067d5e63	bge	x26,x7,80003658	 x26:0x00000008  x7:0x00000000
       22915000	      2290	00000000	00000013	addi	x0,x0,0	  x0:0x00000000
       22925000	      2291	80003654	00000013	addi	x0,x0,0	  x0:0x00000000
       22935000	      2292	80003658	00591033	sll	x0,x18,x5	 x18:0x00000001  x5:0xd268d000
       22945000	      2293	8000365c	4164de93	srai	x29,x9,0x16	  x9:0x00001000 x29=0x00000000
       22955000	      2294	80003660	e1ca7493	andi	x9,x20,-484	 x20:0x80d403c8  x9=0x80d40208
       22965000	      2295	80003664	41775013	srai	x0,x14,0x17	 x14:0x00000000
       22975000	      2296	80003668	8e833b13	sltiu	x22,x6,-1816	  x6:0x00000000 x22=0x00000001
       22985000	      2297	8000366c	0375c463	blt	x11,x23,80003694	 x11:0x000005e6 x23:0x00000001
       22995000	      2298	80003670	e975ad93	slti	x27,x11,-361	 x11:0x000005e6 x27=0x00000000
       23005000	      2299	80003674	ed7b8113	addi	x2,x23,-297	 x23:0x00000001  x2=0xfffffed8
       23015000	      2300	80003678	04a16b13	ori	x22,x2,74	  x2:0xfffffed8 x22=0xfffffeda
       23025000	      2301	8000367c	407d09b3	sub	x19,x26,x7	 x26:0x00000008  x7:0x00000000 x19=0x00000008
       23035000	      2302	80003680	016d06b3	add	x13,x26,x22	 x26:0x00000008 x22:0xfffffeda x13=0xfffffee2
       23045000	      2303	80003684	b04b3113	sltiu	x2,x22,-1276	 x22:0xfffffeda  x2=0x00000000
       23055000	      2304	80003688	415d5533	sra	x10,x26,x21	 x26:0x00000008 x21:0x7fff603c x10=0x00000000
       23065000	      2305	8000368c	02cf4663	blt	x30,x12,800036b8	 x30:0x80009f58 x12:0x7fff603d
       23075000	      2306	00000000	00000013	addi	x0,x0,0	  x0:0x00000000
       23085000	      2307	800036b4	00000013	addi	x0,x0,0	  x0:0x00000000
       23095000	      2308	800036b8	00152733	slt	x14,x10,x1	 x10:0x00000000  x1:0x12523214 x14=0x00000001
       23105000	      2309	800036bc	8a268b13	addi	x22,x13,-1886	 x13:0xfffffee2 x22=0xfffff784
       23115000	      2310	800036c0	a2870c97	auipc	x25,0xa2870	 x25=0x228736bc
       23125000	      2311	800036c4	3dd02d97	auipc	x27,0x3dd02	 x27=0xbdd056c0
       23135000	      2312	800036c8	011ae8b3	or	x17,x21,x17	 x21:0x7fff603c x17:0x6d7d558c x17=0x7fff75bc
       23145000	      2313	800036cc	01501e63	bne	x0,x21,800036e8	  x0:0x00000000 x21:0x7fff603c
       23155000	      2314	00000000	00000013	addi	x0,x0,0	  x0:0x00000000
       23165000	      2315	800036e4	00000013	addi	x0,x0,0	  x0:0x00000000
       23175000	      2316	800036e8	01573c33	sltu	x24,x14,x21	 x14:0x00000001 x21:0x7fff603c x24=0x00000001
       23185000	      2317	800036ec	014e5193	srli	x3,x28,0x14	 x28:0x80009fc4  x3=0x00000800
       23195000	      2318	800036f0	002b26b3	slt	x13,x22,x2	 x22:0xfffff784  x2:0x00000000 x13=0x00000001
       23205000	      2319	800036f4	00d1a433	slt	x8,x3,x13	  x3:0x00000800 x13:0x00000001  x8=0x00000000
       23215000	      2320	800036f8	b3aa0313	addi	x6,x20,-1222	 x20:0x80d403c8  x6=0x80d3ff02
       23225000	      2321	800036fc	cea23a13	sltiu	x20,x4,-790	  x4:0x000005e6 x20=0x00000001
       23235000	      2322	80003700	00e4d613	srli	x12,x9,0xe	  x9:0x80d40208 x12=0x00020350
       23245000	      2323	80003704	00000013	addi	x0,x0,0	  x0:0x00000000
       23255000	      2324	80003708	0eb95017	auipc	x0,0xeb95	
       23265000	      2325	8000370c	01b8b8b3	sltu	x17,x17,x27	 x17:0x7fff75bc x27:0xbdd056c0 x17=0x00000001
       23275000	      2326	80003710	00000013	addi	x0,x0,0	  x0:0x00000000
       23285000	      2327	80003714	a2953113	sltiu	x2,x10,-1495	 x10:0x00000000  x2=0x00000001
       23295000	      2328	80003718	da7fc113	xori	x2,x31,-601	 x31:0xffffff9b  x2=0x0000023c
       23305000	      2329	8000371c	5f223993	sltiu	x19,x4,1522	  x4:0x000005e6 x19=0x00000001
       23315000	      2330	80003720	007193b3	sll	x7,x3,x7	  x3:0x00000800  x7:0x00000000  x7=0x00000800
       23325000	      2331	80003724	031b6c63	bltu	x22,x17,8000375c	 x22:0xfffff784 x17:0x00000001
       23335000	      2332	80003728	00c0a1b3	slt	x3,x1,x12	  x1:0x12523214 x12:0x00020350  x3=0x00000000
       23345000	      2333	8000372c	014acc63	blt	x21,x20,80003744	 x21:0x7fff603c x20:0x00000001
       23355000	      2334	80003730	41048733	sub	x14,x9,x16	  x9:0x80d40208 x16:0x8b0d2000 x14=0xf5c6e208
       23365000	      2335	80003734	01058263	beq	x11,x16,80003738	 x11:0x000005e6 x16:0x8b0d2000
       23375000	      2336	80003738	005eea33	or	x20,x29,x5	 x29:0x00000000  x5:0xd268d000 x20=0xd268d000
       23385000	      2337	8000373c	047dc663	blt	x27,x7,80003788	 x27:0xbdd056c0  x7:0x00000800
       23395000	      2338	00000000	00000013	addi	x0,x0,0	  x0:0x00000000
       23405000	      2339	80003784	00000013	addi	x0,x0,0	  x0:0x00000000
       23415000	      2340	80003788	01b15933	srl	x18,x2,x27	  x2:0x0000023c x27:0xbdd056c0 x18=0x0000023c
       23425000	      2341	8000378c	5d14a113	slti	x2,x9,1489	  x9:0x80d40208  x2=0x00000001
       23435000	      2342	80003790	9b99b693	sltiu	x13,x19,-1607	 x19:0x00000001 x13=0x00000001
       23445000	      2343	80003794	0042a6b3	slt	x13,x5,x4	  x5:0xd268d000  x4:0x000005e6 x13=0x00000001
       23455000	      2344	80003798	90eda713	slti	x14,x27,-1778	 x27:0xbdd056c0 x14=0x00000001
       23465000	      2345	8000379c	ebc8c893	xori	x17,x17,-324	 x17:0x00000001 x17=0xfffffebd
       23475000	      2346	800037a0	044c0663	beq	x24,x4,800037ec	 x24:0x00000001  x4:0x000005e6
       23485000	      2347	800037a4	41b0d613	srai	x12,x1,0x1b	  x1:0x12523214 x12=0x00000002
       23495000	      2348	800037a8	05fbf263	bgeu	x23,x31,800037ec	 x23:0x00000001 x31:0xffffff9b
       23505000	      2349	800037ac	8dca2213	slti	x4,x20,-1828	 x20:0xd268d000  x4=0x00000001
       23515000	      2350	800037b0	4032d1b3	sra	x3,x5,x3	  x5:0xd268d000  x3:0x00000000  x3=0xd268d000
       23525000	      2351	800037b4	0045e6b3	or	x13,x11,x4	 x11:0x000005e6  x4:0x00000001 x13=0x000005e7
       23535000	      2352	800037b8	853d2c93	slti	x25,x26,-1965	 x26:0x00000008 x25=0x00000000
       23545000	      2353	800037bc	03511463	bne	x2,x21,800037e4	  x2:0x00000001 x21:0x7fff603c
       23555000	      2354	00000000	00000013	addi	x0,x0,0	  x0:0x00000000
       23565000	      2355	800037e0	00000013	addi	x0,x0,0	  x0:0x00000000
       23575000	      2356	800037e4	00d5f433	and	x8,x11,x13	 x11:0x000005e6 x13:0x000005e7  x8=0x000005e6
       23585000	      2357	800037e8	01e65633	srl	x12,x12,x30	 x12:0x00000002 x30:0x80009f58 x12=0x00000000
       23595000	      2358	800037ec	02a29863	bne	x5,x10,8000381c	  x5:0xd268d000 x10:0x00000000
       23605000	      2359	00000000	00000013	addi	x0,x0,0	  x0:0x00000000
       23615000	      2360	80003818	00000013	addi	x0,x0,0	  x0:0x00000000
       23625000	      2361	8000381c	f85cbf93	sltiu	x31,x25,-123	 x25:0x00000000 x31=0x00000001
       23635000	      2362	80003820	001205b3	add	x11,x4,x1	  x4:0x00000001  x1:0x12523214 x11=0x12523215
       23645000	      2363	80003824	03866a63	bltu	x12,x24,80003858	 x12:0x00000000 x24:0x00000001
       23655000	      2364	00000000	00000013	addi	x0,x0,0	  x0:0x00000000
       23665000	      2365	80003854	00000013	addi	x0,x0,0	  x0:0x00000000
       23675000	      2366	80003858	012287b3	add	x15,x5,x18	  x5:0xd268d000 x18:0x0000023c x15=0xd268d23c
       23685000	      2367	8000385c	ccd16a13	ori	x20,x2,-819	  x2:0x00000001 x20=0xfffffccd
       23695000	      2368	80003860	00000013	addi	x0,x0,0	  x0:0x00000000
       23705000	      2369	80003864	2f132693	slti	x13,x6,753	  x6:0x80d3ff02 x13=0x00000001
       23715000	      2370	80003868	01c4ee63	bltu	x9,x28,80003884	  x9:0x80d40208 x28:0x80009fc4
       23725000	      2371	8000386c	01e945b3	xor	x11,x18,x30	 x18:0x0000023c x30:0x80009f58 x11=0x80009d64
       23735000	      2372	80003870	02565263	bge	x12,x5,80003894	 x12:0x00000000  x5:0xd268d000
       23745000	      2373	00000000	00000013	addi	x0,x0,0	  x0:0x00000000
       23755000	      2374	80003890	00000013	addi	x0,x0,0	  x0:0x00000000
       23765000	      2375	80003894	00b8d013	srli	x0,x17,0xb	 x17:0xfffffebd
       23775000	      2376	80003898	01380e63	beq	x16,x19,800038b4	 x16:0x8b0d2000 x19:0x00000001
       23785000	      2377	8000389c	cca62d93	slti	x27,x12,-822	 x12:0x00000000 x27=0x00000000
       23795000	      2378	800038a0	00546eb3	or	x29,x8,x5	  x8:0x000005e6  x5:0xd268d000 x29=0xd268d5e6
       23805000	      2379	800038a4	00848a63	beq	x9,x8,800038b8	  x9:0x80d40208  x8:0x000005e6
       23815000	      2380	800038a8	377f7813	andi	x16,x30,887	 x30:0x80009f58 x16=0x00000350
       23825000	      2381	800038ac	056f6293	ori	x5,x30,86	 x30:0x80009f58  x5=0x80009f5e
       23835000	      2382	800038b0	40930cb3	sub	x25,x6,x9	  x6:0x80d3ff02  x9:0x80d40208 x25=0xfffffcfa
       23845000	      2383	800038b4	00eaf263	bgeu	x21,x14,800038b8	 x21:0x7fff603c x14:0x00000001
       23855000	      2384	00000000	00000013	addi	x0,x0,0	  x0:0x00000000
       23865000	      2385	800038b4	00000013	addi	x0,x0,0	  x0:0x00000000
       23875000	      2386	800038b8	17525617	auipc	x12,0x17525	 x12=0x975288b4
       23885000	      2387	800038bc	419804b3	sub	x9,x16,x25	 x16:0x00000350 x25:0xfffffcfa  x9=0x00000656
       23895000	      2388	800038c0	004f2603	lw	x12,4(x30)	 x30:0x80009f58 x12=0x80000738 PA:0x80009f5c
       23905000	      2389	800038c4	0129df93	srli	x31,x19,0x12	 x19:0x00000001 x31=0x00000000
       23915000	      2390	800038c8	f599a093	slti	x1,x19,-167	 x19:0x00000001  x1=0x00000000
       23925000	      2391	800038cc	41130533	sub	x10,x6,x17	  x6:0x80d3ff02 x17:0xfffffebd x10=0x80d40045
       23935000	      2392	800038d0	02cf0f13	addi	x30,x30,44	 x30:0x80009f58 x30=0x80009f84
       23945000	      2393	800038d4	409b5333	sra	x6,x22,x9	 x22:0xfffff784  x9:0x00000656  x6=0xffffffff
       23955000	      2394	800038d8	0da1b193	sltiu	x3,x3,218	  x3:0xd268d000  x3=0x00000000
       23965000	      2395	800038dc	01cf54b3	srl	x9,x30,x28	 x30:0x80009f84 x28:0x80009fc4  x9=0x080009f8
       23975000	      2396	800038e0	00575433	srl	x8,x14,x5	 x14:0x00000001  x5:0x80009f5e  x8=0x00000000
       23985000	      2397	800038e4	417508b3	sub	x17,x10,x23	 x10:0x80d40045 x23:0x00000001 x17=0x80d40044
       23995000	      2398	800038e8	0083d933	srl	x18,x7,x8	  x7:0x00000800  x8:0x00000000 x18=0x00000800
       24005000	      2399	800038ec	00160a13	addi	x20,x12,1	 x12:0x80000738 x20=0x80000739
       24015000	      2400	800038f0	000a0a67	jalr	x20,x20,0	 x20:0x80000739 x20=0x800038f0
       24025000	      2401	00000000	00000013	addi	x0,x0,0	  x0:0x00000000
       24035000	      2402	80000738	00000013	addi	x0,x0,0	  x0:0x00000000
       24045000	      2403	8000073c	17a76f93	ori	x31,x14,378	 x14:0x00000001 x31=0x0000017b
       24055000	      2404	80000740	41155fb3	sra	x31,x10,x17	 x10:0x80d40045 x17:0x80d40044 x31=0xf80d4004
       24065000	      2405	80000744	00999463	bne	x19,x9,8000074c	 x19:0x00000001  x9:0x080009f8
       24075000	      2406	00000000	00000013	addi	x0,x0,0	  x0:0x00000000
       24085000	      2407	80000748	00000013	addi	x0,x0,0	  x0:0x00000000
       24095000	      2408	8000074c	003fd813	srli	x16,x31,0x3	 x31:0xf80d4004 x16=0x1f01a800
       24105000	      2409	80000750	004c4033	xor	x0,x24,x4	 x24:0x00000001  x4:0x00000001
       24115000	      2410	80000754	00900c63	beq	x0,x9,8000076c	  x0:0x00000000  x9:0x080009f8
       24125000	      2411	80000758	7efa0317	auipc	x6,0x7efa0	  x6=0xfefa0754
       24135000	      2412	8000075c	406cd733	sra	x14,x25,x6	 x25:0xfffffcfa  x6:0xfefa0754 x14=0xffffffff
       24145000	      2413	80000760	012af133	and	x2,x21,x18	 x21:0x7fff603c x18:0x00000800  x2=0x00000000
       24155000	      2414	80000764	0079ee63	bltu	x19,x7,80000780	 x19:0x00000001  x7:0x00000800
       24165000	      2415	00000000	00000013	addi	x0,x0,0	  x0:0x00000000
       24175000	      2416	8000077c	00000013	addi	x0,x0,0	  x0:0x00000000
       24185000	      2417	80000780	01718bb3	add	x23,x3,x23	  x3:0x00000000 x23:0x00000001 x23=0x00000001
       24195000	      2418	80000784	fc2bbc13	sltiu	x24,x23,-62	 x23:0x00000001 x24=0x00000001
       24205000	      2419	80000788	01f12cb3	slt	x25,x2,x31	  x2:0x00000000 x31:0xf80d4004 x25=0x00000000
       24215000	      2420	8000078c	415ad293	srai	x5,x21,0x15	 x21:0x7fff603c  x5=0x000003ff
       24225000	      2421	80000790	03dc0e63	beq	x24,x29,800007cc	 x24:0x00000001 x29:0xd268d5e6
       24235000	      2422	80000794	db01c637	lui	x12,0xdb01c	 x12=0xdb01c000
       24245000	      2423	80000798	62294093	xori	x1,x18,1570	 x18:0x00000800  x1=0x00000e22
       24255000	      2424	8000079c	0074c6b3	xor	x13,x9,x7	  x9:0x080009f8  x7:0x00000800 x13=0x080001f8
       24265000	      2425	800007a0	034f6063	bltu	x30,x20,800007c0	 x30:0x80009f84 x20:0x800038f0
       24275000	      2426	800007a4	01ad1b93	slli	x23,x26,0x1a	 x26:0x00000008 x23=0x20000000
       24285000	      2427	800007a8	02bfc263	blt	x31,x11,800007cc	 x31:0xf80d4004 x11:0x80009d64
       24295000	      2428	800007ac	018a5633	srl	x12,x20,x24	 x20:0x800038f0 x24:0x00000001 x12=0x40001c78
       24305000	      2429	800007b0	007f4c63	blt	x30,x7,800007c8	 x30:0x80009f84  x7:0x00000800
       24315000	      2430	00000000	00000013	addi	x0,x0,0	  x0:0x00000000
       24325000	      2431	800007c4	00000013	addi	x0,x0,0	  x0:0x00000000
       24335000	      2432	800007c8	00000013	addi	x0,x0,0	  x0:0x00000000
       24345000	      2433	800007cc	a1355897	auipc	x17,0xa1355	 x17=0x213557c8
       24355000	      2434	800007d0	e0ea0293	addi	x5,x20,-498	 x20:0x800038f0  x5=0x800036fe
       24365000	      2435	800007d4	0063a733	slt	x14,x7,x6	  x7:0x00000800  x6:0xfefa0754 x14=0x00000000
       24375000	      2436	800007d8	3629e113	ori	x2,x19,866	 x19:0x00000001  x2=0x00000363
       24385000	      2437	800007dc	00191813	slli	x16,x18,0x1	 x18:0x00000800 x16=0x00001000
       24395000	      2438	800007e0	015957b3	srl	x15,x18,x21	 x18:0x00000800 x21:0x7fff603c x15=0x00000000
       24405000	      2439	800007e4	00000d17	auipc	x26,0x0	 x26=0x800007e0
       24415000	      2440	800007e8	00cd0d13	addi	x26,x26,12	 x26:0x800007e0 x26=0x800007ec
       24425000	      2441	800007ec	000d0067	jalr	x0,x26,0	 x26:0x800007ec
       24435000	      2442	00000000	00000013	addi	x0,x0,0	  x0:0x00000000
       24445000	      2443	800007ec	00000013	addi	x0,x0,0	  x0:0x00000000
       24455000	      2444	800007f0	00100193	addi	x3,x0,1	  x0:0x00000000  x3=0x00000001
       24465000	      2445	800007f4	00000073	ecall	
       24475000	      2446	800007f8	01c2f0b3	and	x1,x5,x28	  x5:0x800036fe x28:0x80009fc4  x1=0x800016c4
