		Time			Cycle	PC		Insn	Decoded instruction	Register and memory contents
          65000	         5	80000004	00000293	addi	x5,x0,0	  x0:0x00000000  x5=0x00000000
          75000	         6	80000008	00000313	addi	x6,x0,0	  x0:0x00000000  x6=0x00000000
          85000	         7	8000000c	00628263	beq	x5,x6,80000010	  x5:0x00000000  x6:0x00000000
          95000	         8	00000000	00000013	addi	x0,x0,0	  x0:0x00000000
         105000	         9	8000000c	00000013	addi	x0,x0,0	  x0:0x00000000
         115000	        10	80000010	00000097	auipc	x1,0x0	  x1=0x8000000c
         125000	        11	80000014	00c08093	addi	x1,x1,12	  x1:0x8000000c  x1=0x80000018
         135000	        12	80000018	00008067	jalr	x0,x1,0	  x1:0x80000018
         145000	        13	00000000	00000013	addi	x0,x0,0	  x0:0x00000000
         155000	        14	80000018	00000013	addi	x0,x0,0	  x0:0x00000000
         165000	        15	8000001c	40000fb7	lui	x31,0x40000	 x31=0x40000000
         175000	        16	80000020	100f8f93	addi	x31,x31,256	 x31:0x40000000 x31=0x40000100
         185000	        17	80000024	00000013	addi	x0,x0,0	  x0:0x00000000
         195000	        18	80000028	0000ad97	auipc	x27,0xa	 x27=0x8000a024
         205000	        19	8000002c	fa0d8d93	addi	x27,x27,-96	 x27:0x8000a024 x27=0x80009fc4
         215000	        20	80000030	00004f97	auipc	x31,0x4	 x31=0x8000402c
         225000	        21	80000034	524f8f93	addi	x31,x31,1316	 x31:0x8000402c x31=0x80004550
         235000	        22	80000038	000fef93	ori	x31,x31,0	 x31:0x80004550 x31=0x80004550
         245000	        23	8000003c	00000013	addi	x0,x0,0	  x0:0x00000000
         255000	        24	80000040	00000f97	auipc	x31,0x0	 x31=0x8000003c
         265000	        25	80000044	020f8f93	addi	x31,x31,32	 x31:0x8000003c x31=0x8000005c
         275000	        26	80000048	00000013	addi	x0,x0,0	  x0:0x00000000
         285000	        27	8000004c	00000013	addi	x0,x0,0	  x0:0x00000000
         295000	        28	80000050	00002fb7	lui	x31,0x2	 x31=0x00002000
         305000	        29	80000054	800f8f93	addi	x31,x31,-2048	 x31:0x00002000 x31=0x00001800
         315000	        30	80000058	00000013	addi	x0,x0,0	  x0:0x00000000
         325000	        31	8000005c	00000013	addi	x0,x0,0	  x0:0x00000000
         335000	        32	80000060	f2633037	lui	x0,0xf2633	
         345000	        33	80000064	6df00013	addi	x0,x0,1759	  x0:0x00000000
         355000	        34	80000068	00200093	addi	x1,x0,2	  x0:0x00000000  x1=0x00000002
         365000	        35	8000006c	f8e841b7	lui	x3,0xf8e84	  x3=0xf8e84000
         375000	        36	80000070	3b418193	addi	x3,x3,948	  x3:0xf8e84000  x3=0xf8e843b4
         385000	        37	80000074	1ca93237	lui	x4,0x1ca93	  x4=0x1ca93000
         395000	        38	80000078	f9420213	addi	x4,x4,-108	  x4:0x1ca93000  x4=0x1ca92f94
         405000	        39	8000007c	800002b7	lui	x5,0x80000	  x5=0x80000000
         415000	        40	80000080	00100313	addi	x6,x0,1	  x0:0x00000000  x6=0x00000001
         425000	        41	80000084	f679b3b7	lui	x7,0xf679b	  x7=0xf679b000
         435000	        42	80000088	9d638393	addi	x7,x7,-1578	  x7:0xf679b000  x7=0xf679a9d6
         445000	        43	8000008c	ade4c437	lui	x8,0xade4c	  x8=0xade4c000
         455000	        44	80000090	f8d40413	addi	x8,x8,-115	  x8:0xade4c000  x8=0xade4bf8d
         465000	        45	80000094	b259c4b7	lui	x9,0xb259c	  x9=0xb259c000
         475000	        46	80000098	cc848493	addi	x9,x9,-824	  x9:0xb259c000  x9=0xb259bcc8
         485000	        47	8000009c	f238a537	lui	x10,0xf238a	 x10=0xf238a000
         495000	        48	800000a0	c5d50513	addi	x10,x10,-931	 x10:0xf238a000 x10=0xf2389c5d
         505000	        49	800000a4	800005b7	lui	x11,0x80000	 x11=0x80000000
         515000	        50	800000a8	fdc1d637	lui	x12,0xfdc1d	 x12=0xfdc1d000
         525000	        51	800000ac	d0760613	addi	x12,x12,-761	 x12:0xfdc1d000 x12=0xfdc1cd07
         535000	        52	800000b0	00000693	addi	x13,x0,0	  x0:0x00000000 x13=0x00000000
         545000	        53	800000b4	80000737	lui	x14,0x80000	 x14=0x80000000
         555000	        54	800000b8	b524d7b7	lui	x15,0xb524d	 x15=0xb524d000
         565000	        55	800000bc	31a78793	addi	x15,x15,794	 x15:0xb524d000 x15=0xb524d31a
         575000	        56	800000c0	80000837	lui	x16,0x80000	 x16=0x80000000
         585000	        57	800000c4	74b088b7	lui	x17,0x74b08	 x17=0x74b08000
         595000	        58	800000c8	9b588893	addi	x17,x17,-1611	 x17:0x74b08000 x17=0x74b079b5
         605000	        59	800000cc	f8fcc937	lui	x18,0xf8fcc	 x18=0xf8fcc000
         615000	        60	800000d0	ac890913	addi	x18,x18,-1336	 x18:0xf8fcc000 x18=0xf8fcbac8
         625000	        61	800000d4	00000993	addi	x19,x0,0	  x0:0x00000000 x19=0x00000000
         635000	        62	800000d8	aebbca37	lui	x20,0xaebbc	 x20=0xaebbc000
         645000	        63	800000dc	0ada0a13	addi	x20,x20,173	 x20:0xaebbc000 x20=0xaebbc0ad
         655000	        64	800000e0	80000ab7	lui	x21,0x80000	 x21=0x80000000
         665000	        65	800000e4	80000b37	lui	x22,0x80000	 x22=0x80000000
         675000	        66	800000e8	f871fbb7	lui	x23,0xf871f	 x23=0xf871f000
         685000	        67	800000ec	e77b8b93	addi	x23,x23,-393	 x23:0xf871f000 x23=0xf871ee77
         695000	        68	800000f0	00000c13	addi	x24,x0,0	  x0:0x00000000 x24=0x00000000
         705000	        69	800000f4	00500c93	addi	x25,x0,5	  x0:0x00000000 x25=0x00000005
         715000	        70	800000f8	00c00d13	addi	x26,x0,12	  x0:0x00000000 x26=0x0000000c
         725000	        71	800000fc	80000e37	lui	x28,0x80000	 x28=0x80000000
         735000	        72	80000100	f4409eb7	lui	x29,0xf4409	 x29=0xf4409000
         745000	        73	80000104	f96e8e93	addi	x29,x29,-106	 x29:0xf4409000 x29=0xf4408f96
         755000	        74	80000108	f5a46f37	lui	x30,0xf5a46	 x30=0xf5a46000
         765000	        75	8000010c	1fcf0f13	addi	x30,x30,508	 x30:0xf5a46000 x30=0xf5a461fc
         775000	        76	80000110	7d364fb7	lui	x31,0x7d364	 x31=0x7d364000
         785000	        77	80000114	258f8f93	addi	x31,x31,600	 x31:0x7d364000 x31=0x7d364258
         795000	        78	80000118	0000a117	auipc	x2,0xa	  x2=0x8000a114
         805000	        79	8000011c	e7010113	addi	x2,x2,-400	  x2:0x8000a114  x2=0x80009f84
         815000	        80	80000120	0200036f	jal	x6,80000120	  x6=0x80000120
         825000	        81	00000000	00000013	addi	x0,x0,0	  x0:0x00000000
         835000	        82	8000013c	00000013	addi	x0,x0,0	  x0:0x00000000
         845000	        83	80000140	fe5ff36f	jal	x6,80000140	  x6=0x80000140
         855000	        84	00000000	00000013	addi	x0,x0,0	  x0:0x00000000
         865000	        85	80000120	00000013	addi	x0,x0,0	  x0:0x00000000
         875000	        86	80000124	0140036f	jal	x6,80000124	  x6=0x80000124
         885000	        87	00000000	00000013	addi	x0,x0,0	  x0:0x00000000
         895000	        88	80000134	00000013	addi	x0,x0,0	  x0:0x00000000
         905000	        89	80000138	ff5ff36f	jal	x6,80000138	  x6=0x80000138
         915000	        90	00000000	00000013	addi	x0,x0,0	  x0:0x00000000
         925000	        91	80000128	00000013	addi	x0,x0,0	  x0:0x00000000
         935000	        92	8000012c	ffdff36f	jal	x6,8000012c	  x6=0x8000012c
         945000	        93	00000000	00000013	addi	x0,x0,0	  x0:0x00000000
         955000	        94	80000124	00000013	addi	x0,x0,0	  x0:0x00000000
         965000	        95	80000128	00c006ef	jal	x13,80000128	 x13=0x80000128
         975000	        96	00000000	00000013	addi	x0,x0,0	  x0:0x00000000
         985000	        97	80000130	00000013	addi	x0,x0,0	  x0:0x00000000
         995000	        98	80000134	0140036f	jal	x6,80000134	  x6=0x80000134
        1005000	        99	00000000	00000013	addi	x0,x0,0	  x0:0x00000000
        1015000	       100	80000144	00000013	addi	x0,x0,0	  x0:0x00000000
        1025000	       101	80000148	ffdff36f	jal	x6,80000148	  x6=0x80000148
        1035000	       102	00000000	00000013	addi	x0,x0,0	  x0:0x00000000
        1045000	       103	80000140	00000013	addi	x0,x0,0	  x0:0x00000000
        1055000	       104	80000144	fedffa6f	jal	x20,80000144	 x20=0x80000144
        1065000	       105	00000000	00000013	addi	x0,x0,0	  x0:0x00000000
        1075000	       106	8000012c	00000013	addi	x0,x0,0	  x0:0x00000000
        1085000	       107	80000130	00c0046f	jal	x8,80000130	  x8=0x80000130
        1095000	       108	00000000	00000013	addi	x0,x0,0	  x0:0x00000000
        1105000	       109	80000138	00000013	addi	x0,x0,0	  x0:0x00000000
        1115000	       110	8000013c	0100096f	jal	x18,8000013c	 x18=0x8000013c
        1125000	       111	00000000	00000013	addi	x0,x0,0	  x0:0x00000000
        1135000	       112	80000148	00000013	addi	x0,x0,0	  x0:0x00000000
        1145000	       113	8000014c	a9e8ff93	andi	x31,x17,-1378	 x17:0x74b079b5 x31=0x74b07894
        1155000	       114	80000150	0280036f	jal	x6,80000150	  x6=0x80000150
        1165000	       115	00000000	00000013	addi	x0,x0,0	  x0:0x00000000
        1175000	       116	80000174	00000013	addi	x0,x0,0	  x0:0x00000000
        1185000	       117	80000178	00c00cef	jal	x25,80000178	 x25=0x80000178
        1195000	       118	00000000	00000013	addi	x0,x0,0	  x0:0x00000000
        1205000	       119	80000180	00000013	addi	x0,x0,0	  x0:0x00000000
        1215000	       120	80000184	fd9ff5ef	jal	x11,80000184	 x11=0x80000184
        1225000	       121	00000000	00000013	addi	x0,x0,0	  x0:0x00000000
        1235000	       122	80000158	00000013	addi	x0,x0,0	  x0:0x00000000
        1245000	       123	8000015c	018001ef	jal	x3,8000015c	  x3=0x8000015c
        1255000	       124	00000000	00000013	addi	x0,x0,0	  x0:0x00000000
        1265000	       125	80000170	00000013	addi	x0,x0,0	  x0:0x00000000
        1275000	       126	80000174	ff9ffbef	jal	x23,80000174	 x23=0x80000174
        1285000	       127	00000000	00000013	addi	x0,x0,0	  x0:0x00000000
        1295000	       128	80000168	00000013	addi	x0,x0,0	  x0:0x00000000
        1305000	       129	8000016c	0100036f	jal	x6,8000016c	  x6=0x8000016c
        1315000	       130	00000000	00000013	addi	x0,x0,0	  x0:0x00000000
        1325000	       131	80000178	00000013	addi	x0,x0,0	  x0:0x00000000
        1335000	       132	8000017c	00c0036f	jal	x6,8000017c	  x6=0x8000017c
        1345000	       133	00000000	00000013	addi	x0,x0,0	  x0:0x00000000
        1355000	       134	80000184	00000013	addi	x0,x0,0	  x0:0x00000000
        1365000	       135	80000188	0100026f	jal	x4,80000188	  x4=0x80000188
        1375000	       136	00000000	00000013	addi	x0,x0,0	  x0:0x00000000
        1385000	       137	80000194	00000013	addi	x0,x0,0	  x0:0x00000000
        1395000	       138	80000198	0080036f	jal	x6,80000198	  x6=0x80000198
        1405000	       139	00000000	00000013	addi	x0,x0,0	  x0:0x00000000
        1415000	       140	8000019c	00000013	addi	x0,x0,0	  x0:0x00000000
        1425000	       141	800001a0	fc9ff36f	jal	x6,800001a0	  x6=0x800001a0
        1435000	       142	00000000	00000013	addi	x0,x0,0	  x0:0x00000000
        1445000	       143	80000164	00000013	addi	x0,x0,0	  x0:0x00000000
        1455000	       144	80000168	02c0036f	jal	x6,80000168	  x6=0x80000168
        1465000	       145	00000000	00000013	addi	x0,x0,0	  x0:0x00000000
        1475000	       146	80000190	00000013	addi	x0,x0,0	  x0:0x00000000
        1485000	       147	80000194	ffdff5ef	jal	x11,80000194	 x11=0x80000194
        1495000	       148	00000000	00000013	addi	x0,x0,0	  x0:0x00000000
        1505000	       149	8000018c	00000013	addi	x0,x0,0	  x0:0x00000000
        1515000	       150	80000190	fc9ff36f	jal	x6,80000190	  x6=0x80000190
        1525000	       151	00000000	00000013	addi	x0,x0,0	  x0:0x00000000
        1535000	       152	80000154	00000013	addi	x0,x0,0	  x0:0x00000000
        1545000	       153	80000158	ffdff36f	jal	x6,80000158	  x6=0x80000158
        1555000	       154	00000000	00000013	addi	x0,x0,0	  x0:0x00000000
        1565000	       155	80000150	00000013	addi	x0,x0,0	  x0:0x00000000
        1575000	       156	80000154	02c001ef	jal	x3,80000154	  x3=0x80000154
        1585000	       157	00000000	00000013	addi	x0,x0,0	  x0:0x00000000
        1595000	       158	8000017c	00000013	addi	x0,x0,0	  x0:0x00000000
        1605000	       159	80000180	fe5ff9ef	jal	x19,80000180	 x19=0x80000180
        1615000	       160	00000000	00000013	addi	x0,x0,0	  x0:0x00000000
        1625000	       161	80000160	00000013	addi	x0,x0,0	  x0:0x00000000
        1635000	       162	80000164	ffdffcef	jal	x25,80000164	 x25=0x80000164
        1645000	       163	00000000	00000013	addi	x0,x0,0	  x0:0x00000000
        1655000	       164	8000015c	00000013	addi	x0,x0,0	  x0:0x00000000
        1665000	       165	80000160	02c0036f	jal	x6,80000160	  x6=0x80000160
        1675000	       166	00000000	00000013	addi	x0,x0,0	  x0:0x00000000
        1685000	       167	80000188	00000013	addi	x0,x0,0	  x0:0x00000000
        1695000	       168	8000018c	0100036f	jal	x6,8000018c	  x6=0x8000018c
        1705000	       169	00000000	00000013	addi	x0,x0,0	  x0:0x00000000
        1715000	       170	80000198	00000013	addi	x0,x0,0	  x0:0x00000000
        1725000	       171	8000019c	fd5ff7ef	jal	x15,8000019c	 x15=0x8000019c
        1735000	       172	00000000	00000013	addi	x0,x0,0	  x0:0x00000000
        1745000	       173	8000016c	00000013	addi	x0,x0,0	  x0:0x00000000
        1755000	       174	80000170	0340026f	jal	x4,80000170	  x4=0x80000170
        1765000	       175	00000000	00000013	addi	x0,x0,0	  x0:0x00000000
        1775000	       176	800001a0	00000013	addi	x0,x0,0	  x0:0x00000000
        1785000	       177	800001a4	f6daae93	slti	x29,x21,-147	 x21:0x80000000 x29=0x00000001
        1795000	       178	800001a8	0100036f	jal	x6,800001a8	  x6=0x800001a8
        1805000	       179	00000000	00000013	addi	x0,x0,0	  x0:0x00000000
        1815000	       180	800001b4	00000013	addi	x0,x0,0	  x0:0x00000000
        1825000	       181	800001b8	004002ef	jal	x5,800001b8	  x5=0x800001b8
        1835000	       182	00000000	00000013	addi	x0,x0,0	  x0:0x00000000
        1845000	       183	800001b8	00000013	addi	x0,x0,0	  x0:0x00000000
        1855000	       184	800001bc	ff9ff26f	jal	x4,800001bc	  x4=0x800001bc
        1865000	       185	00000000	00000013	addi	x0,x0,0	  x0:0x00000000
        1875000	       186	800001b0	00000013	addi	x0,x0,0	  x0:0x00000000
        1885000	       187	800001b4	03800f6f	jal	x30,800001b4	 x30=0x800001b4
        1895000	       188	00000000	00000013	addi	x0,x0,0	  x0:0x00000000
        1905000	       189	800001e8	00000013	addi	x0,x0,0	  x0:0x00000000
        1915000	       190	800001ec	fc5ff2ef	jal	x5,800001ec	  x5=0x800001ec
        1925000	       191	00000000	00000013	addi	x0,x0,0	  x0:0x00000000
        1935000	       192	800001ac	00000013	addi	x0,x0,0	  x0:0x00000000
        1945000	       193	800001b0	028009ef	jal	x19,800001b0	 x19=0x800001b0
        1955000	       194	00000000	00000013	addi	x0,x0,0	  x0:0x00000000
        1965000	       195	800001d4	00000013	addi	x0,x0,0	  x0:0x00000000
        1975000	       196	800001d8	ff5ffeef	jal	x29,800001d8	 x29=0x800001d8
        1985000	       197	00000000	00000013	addi	x0,x0,0	  x0:0x00000000
        1995000	       198	800001c8	00000013	addi	x0,x0,0	  x0:0x00000000
        2005000	       199	800001cc	030002ef	jal	x5,800001cc	  x5=0x800001cc
        2015000	       200	00000000	00000013	addi	x0,x0,0	  x0:0x00000000
        2025000	       201	800001f8	00000013	addi	x0,x0,0	  x0:0x00000000
        2035000	       202	800001fc	fedfff6f	jal	x30,800001fc	 x30=0x800001fc
        2045000	       203	00000000	00000013	addi	x0,x0,0	  x0:0x00000000
        2055000	       204	800001e4	00000013	addi	x0,x0,0	  x0:0x00000000
        2065000	       205	800001e8	fedff36f	jal	x6,800001e8	  x6=0x800001e8
        2075000	       206	00000000	00000013	addi	x0,x0,0	  x0:0x00000000
        2085000	       207	800001d0	00000013	addi	x0,x0,0	  x0:0x00000000
        2095000	       208	800001d4	02c0036f	jal	x6,800001d4	  x6=0x800001d4
        2105000	       209	00000000	00000013	addi	x0,x0,0	  x0:0x00000000
        2115000	       210	800001fc	00000013	addi	x0,x0,0	  x0:0x00000000
        2125000	       211	80000200	fc9ffeef	jal	x29,80000200	 x29=0x80000200
        2135000	       212	00000000	00000013	addi	x0,x0,0	  x0:0x00000000
        2145000	       213	800001c4	00000013	addi	x0,x0,0	  x0:0x00000000
        2155000	       214	800001c8	ffdff36f	jal	x6,800001c8	  x6=0x800001c8
        2165000	       215	00000000	00000013	addi	x0,x0,0	  x0:0x00000000
        2175000	       216	800001c0	00000013	addi	x0,x0,0	  x0:0x00000000
        2185000	       217	800001c4	00c0036f	jal	x6,800001c4	  x6=0x800001c4
        2195000	       218	00000000	00000013	addi	x0,x0,0	  x0:0x00000000
        2205000	       219	800001cc	00000013	addi	x0,x0,0	  x0:0x00000000
        2215000	       220	800001d0	0340036f	jal	x6,800001d0	  x6=0x800001d0
        2225000	       221	00000000	00000013	addi	x0,x0,0	  x0:0x00000000
        2235000	       222	80000200	00000013	addi	x0,x0,0	  x0:0x00000000
        2245000	       223	80000204	fd9ffa6f	jal	x20,80000204	 x20=0x80000204
        2255000	       224	00000000	00000013	addi	x0,x0,0	  x0:0x00000000
        2265000	       225	800001d8	00000013	addi	x0,x0,0	  x0:0x00000000
        2275000	       226	800001dc	01c003ef	jal	x7,800001dc	  x7=0x800001dc
        2285000	       227	00000000	00000013	addi	x0,x0,0	  x0:0x00000000
        2295000	       228	800001f4	00000013	addi	x0,x0,0	  x0:0x00000000
        2305000	       229	800001f8	fedff66f	jal	x12,800001f8	 x12=0x800001f8
        2315000	       230	00000000	00000013	addi	x0,x0,0	  x0:0x00000000
        2325000	       231	800001e0	00000013	addi	x0,x0,0	  x0:0x00000000
        2335000	       232	800001e4	00c008ef	jal	x17,800001e4	 x17=0x800001e4
        2345000	       233	00000000	00000013	addi	x0,x0,0	  x0:0x00000000
        2355000	       234	800001ec	00000013	addi	x0,x0,0	  x0:0x00000000
        2365000	       235	800001f0	fd1ff36f	jal	x6,800001f0	  x6=0x800001f0
        2375000	       236	00000000	00000013	addi	x0,x0,0	  x0:0x00000000
        2385000	       237	800001bc	00000013	addi	x0,x0,0	  x0:0x00000000
        2395000	       238	800001c0	03400aef	jal	x21,800001c0	 x21=0x800001c0
        2405000	       239	00000000	00000013	addi	x0,x0,0	  x0:0x00000000
        2415000	       240	800001f0	00000013	addi	x0,x0,0	  x0:0x00000000
        2425000	       241	800001f4	fedff66f	jal	x12,800001f4	 x12=0x800001f4
        2435000	       242	00000000	00000013	addi	x0,x0,0	  x0:0x00000000
        2445000	       243	800001dc	00000013	addi	x0,x0,0	  x0:0x00000000
        2455000	       244	800001e0	fcdff36f	jal	x6,800001e0	  x6=0x800001e0
        2465000	       245	00000000	00000013	addi	x0,x0,0	  x0:0x00000000
        2475000	       246	800001a8	00000013	addi	x0,x0,0	  x0:0x00000000
        2485000	       247	800001ac	05c0026f	jal	x4,800001ac	  x4=0x800001ac
        2495000	       248	00000000	00000013	addi	x0,x0,0	  x0:0x00000000
        2505000	       249	80000204	00000013	addi	x0,x0,0	  x0:0x00000000
        2515000	       250	80000208	41ff5413	srai	x8,x30,0x1f	 x30:0x800001fc  x8=0xffffffff
        2525000	       251	8000020c	0280036f	jal	x6,8000020c	  x6=0x8000020c
        2535000	       252	00000000	00000013	addi	x0,x0,0	  x0:0x00000000
        2545000	       253	80000230	00000013	addi	x0,x0,0	  x0:0x00000000
        2555000	       254	80000234	ff9ffe6f	jal	x28,80000234	 x28=0x80000234
        2565000	       255	00000000	00000013	addi	x0,x0,0	  x0:0x00000000
        2575000	       256	80000228	00000013	addi	x0,x0,0	  x0:0x00000000
        2585000	       257	8000022c	00c00cef	jal	x25,8000022c	 x25=0x8000022c
        2595000	       258	00000000	00000013	addi	x0,x0,0	  x0:0x00000000
        2605000	       259	80000234	00000013	addi	x0,x0,0	  x0:0x00000000
        2615000	       260	80000238	fd9ff36f	jal	x6,80000238	  x6=0x80000238
        2625000	       261	00000000	00000013	addi	x0,x0,0	  x0:0x00000000
        2635000	       262	8000020c	00000013	addi	x0,x0,0	  x0:0x00000000
        2645000	       263	80000210	0080036f	jal	x6,80000210	  x6=0x80000210
        2655000	       264	00000000	00000013	addi	x0,x0,0	  x0:0x00000000
        2665000	       265	80000214	00000013	addi	x0,x0,0	  x0:0x00000000
        2675000	       266	80000218	0180076f	jal	x14,80000218	 x14=0x80000218
        2685000	       267	00000000	00000013	addi	x0,x0,0	  x0:0x00000000
        2695000	       268	8000022c	00000013	addi	x0,x0,0	  x0:0x00000000
        2705000	       269	80000230	ff9ff1ef	jal	x3,80000230	  x3=0x80000230
        2715000	       270	00000000	00000013	addi	x0,x0,0	  x0:0x00000000
        2725000	       271	80000224	00000013	addi	x0,x0,0	  x0:0x00000000
        2735000	       272	80000228	fedff36f	jal	x6,80000228	  x6=0x80000228
        2745000	       273	00000000	00000013	addi	x0,x0,0	  x0:0x00000000
        2755000	       274	80000210	00000013	addi	x0,x0,0	  x0:0x00000000
        2765000	       275	80000214	0080036f	jal	x6,80000214	  x6=0x80000214
        2775000	       276	00000000	00000013	addi	x0,x0,0	  x0:0x00000000
        2785000	       277	80000218	00000013	addi	x0,x0,0	  x0:0x00000000
        2795000	       278	8000021c	02000eef	jal	x29,8000021c	 x29=0x8000021c
        2805000	       279	00000000	00000013	addi	x0,x0,0	  x0:0x00000000
        2815000	       280	80000238	00000013	addi	x0,x0,0	  x0:0x00000000
        2825000	       281	8000023c	00c0036f	jal	x6,8000023c	  x6=0x8000023c
        2835000	       282	00000000	00000013	addi	x0,x0,0	  x0:0x00000000
        2845000	       283	80000244	00000013	addi	x0,x0,0	  x0:0x00000000
        2855000	       284	80000248	fd9ff4ef	jal	x9,80000248	  x9=0x80000248
        2865000	       285	00000000	00000013	addi	x0,x0,0	  x0:0x00000000
        2875000	       286	8000021c	00000013	addi	x0,x0,0	  x0:0x00000000
        2885000	       287	80000220	0240046f	jal	x8,80000220	  x8=0x80000220
        2895000	       288	00000000	00000013	addi	x0,x0,0	  x0:0x00000000
        2905000	       289	80000240	00000013	addi	x0,x0,0	  x0:0x00000000
        2915000	       290	80000244	ffdffe6f	jal	x28,80000244	 x28=0x80000244
        2925000	       291	00000000	00000013	addi	x0,x0,0	  x0:0x00000000
        2935000	       292	8000023c	00000013	addi	x0,x0,0	  x0:0x00000000
        2945000	       293	80000240	fe5ff36f	jal	x6,80000240	  x6=0x80000240
        2955000	       294	00000000	00000013	addi	x0,x0,0	  x0:0x00000000
        2965000	       295	80000220	00000013	addi	x0,x0,0	  x0:0x00000000
        2975000	       296	80000224	028001ef	jal	x3,80000224	  x3=0x80000224
        2985000	       297	00000000	00000013	addi	x0,x0,0	  x0:0x00000000
        2995000	       298	80000248	00000013	addi	x0,x0,0	  x0:0x00000000
        3005000	       299	8000024c	1562a713	slti	x14,x5,342	  x5:0x800001cc x14=0x00000001
        3015000	       300	80000250	04c0036f	jal	x6,80000250	  x6=0x80000250
        3025000	       301	00000000	00000013	addi	x0,x0,0	  x0:0x00000000
        3035000	       302	80000298	00000013	addi	x0,x0,0	  x0:0x00000000
        3045000	       303	8000029c	ff9ff36f	jal	x6,8000029c	  x6=0x8000029c
        3055000	       304	00000000	00000013	addi	x0,x0,0	  x0:0x00000000
        3065000	       305	80000290	00000013	addi	x0,x0,0	  x0:0x00000000
        3075000	       306	80000294	fe1ff36f	jal	x6,80000294	  x6=0x80000294
        3085000	       307	00000000	00000013	addi	x0,x0,0	  x0:0x00000000
        3095000	       308	80000270	00000013	addi	x0,x0,0	  x0:0x00000000
        3105000	       309	80000274	02c0036f	jal	x6,80000274	  x6=0x80000274
        3115000	       310	00000000	00000013	addi	x0,x0,0	  x0:0x00000000
        3125000	       311	8000029c	00000013	addi	x0,x0,0	  x0:0x00000000
        3135000	       312	800002a0	01c0036f	jal	x6,800002a0	  x6=0x800002a0
        3145000	       313	00000000	00000013	addi	x0,x0,0	  x0:0x00000000
        3155000	       314	800002b8	00000013	addi	x0,x0,0	  x0:0x00000000
        3165000	       315	800002bc	fc5ff96f	jal	x18,800002bc	 x18=0x800002bc
        3175000	       316	00000000	00000013	addi	x0,x0,0	  x0:0x00000000
        3185000	       317	8000027c	00000013	addi	x0,x0,0	  x0:0x00000000
        3195000	       318	80000280	0040036f	jal	x6,80000280	  x6=0x80000280
        3205000	       319	00000000	00000013	addi	x0,x0,0	  x0:0x00000000
        3215000	       320	80000280	00000013	addi	x0,x0,0	  x0:0x00000000
        3225000	       321	80000284	01400b6f	jal	x22,80000284	 x22=0x80000284
        3235000	       322	00000000	00000013	addi	x0,x0,0	  x0:0x00000000
        3245000	       323	80000294	00000013	addi	x0,x0,0	  x0:0x00000000
        3255000	       324	80000298	ff5ff2ef	jal	x5,80000298	  x5=0x80000298
        3265000	       325	00000000	00000013	addi	x0,x0,0	  x0:0x00000000
        3275000	       326	80000288	00000013	addi	x0,x0,0	  x0:0x00000000
        3285000	       327	8000028c	0280036f	jal	x6,8000028c	  x6=0x8000028c
        3295000	       328	00000000	00000013	addi	x0,x0,0	  x0:0x00000000
        3305000	       329	800002b0	00000013	addi	x0,x0,0	  x0:0x00000000
        3315000	       330	800002b4	ff5ff26f	jal	x4,800002b4	  x4=0x800002b4
        3325000	       331	00000000	00000013	addi	x0,x0,0	  x0:0x00000000
        3335000	       332	800002a4	00000013	addi	x0,x0,0	  x0:0x00000000
        3345000	       333	800002a8	fb1fffef	jal	x31,800002a8	 x31=0x800002a8
        3355000	       334	00000000	00000013	addi	x0,x0,0	  x0:0x00000000
        3365000	       335	80000254	00000013	addi	x0,x0,0	  x0:0x00000000
        3375000	       336	80000258	04c0026f	jal	x4,80000258	  x4=0x80000258
        3385000	       337	00000000	00000013	addi	x0,x0,0	  x0:0x00000000
        3395000	       338	800002a0	00000013	addi	x0,x0,0	  x0:0x00000000
        3405000	       339	800002a4	00c0026f	jal	x4,800002a4	  x4=0x800002a4
        3415000	       340	00000000	00000013	addi	x0,x0,0	  x0:0x00000000
        3425000	       341	800002ac	00000013	addi	x0,x0,0	  x0:0x00000000
        3435000	       342	800002b0	fc1ff2ef	jal	x5,800002b0	  x5=0x800002b0
        3445000	       343	00000000	00000013	addi	x0,x0,0	  x0:0x00000000
        3455000	       344	8000026c	00000013	addi	x0,x0,0	  x0:0x00000000
        3465000	       345	80000270	fe5ff26f	jal	x4,80000270	  x4=0x80000270
        3475000	       346	00000000	00000013	addi	x0,x0,0	  x0:0x00000000
        3485000	       347	80000250	00000013	addi	x0,x0,0	  x0:0x00000000
        3495000	       348	80000254	03c002ef	jal	x5,80000254	  x5=0x80000254
        3505000	       349	00000000	00000013	addi	x0,x0,0	  x0:0x00000000
        3515000	       350	8000028c	00000013	addi	x0,x0,0	  x0:0x00000000
        3525000	       351	80000290	028001ef	jal	x3,80000290	  x3=0x80000290
        3535000	       352	00000000	00000013	addi	x0,x0,0	  x0:0x00000000
        3545000	       353	800002b4	00000013	addi	x0,x0,0	  x0:0x00000000
        3555000	       354	800002b8	fd1fff6f	jal	x30,800002b8	 x30=0x800002b8
        3565000	       355	00000000	00000013	addi	x0,x0,0	  x0:0x00000000
        3575000	       356	80000284	00000013	addi	x0,x0,0	  x0:0x00000000
        3585000	       357	80000288	fe5ff96f	jal	x18,80000288	 x18=0x80000288
        3595000	       358	00000000	00000013	addi	x0,x0,0	  x0:0x00000000
        3605000	       359	80000268	00000013	addi	x0,x0,0	  x0:0x00000000
        3615000	       360	8000026c	00c0036f	jal	x6,8000026c	  x6=0x8000026c
        3625000	       361	00000000	00000013	addi	x0,x0,0	  x0:0x00000000
        3635000	       362	80000274	00000013	addi	x0,x0,0	  x0:0x00000000
        3645000	       363	80000278	0340036f	jal	x6,80000278	  x6=0x80000278
        3655000	       364	00000000	00000013	addi	x0,x0,0	  x0:0x00000000
        3665000	       365	800002a8	00000013	addi	x0,x0,0	  x0:0x00000000
        3675000	       366	800002ac	fb5ffaef	jal	x21,800002ac	 x21=0x800002ac
        3685000	       367	00000000	00000013	addi	x0,x0,0	  x0:0x00000000
        3695000	       368	8000025c	00000013	addi	x0,x0,0	  x0:0x00000000
        3705000	       369	80000260	01c0036f	jal	x6,80000260	  x6=0x80000260
        3715000	       370	00000000	00000013	addi	x0,x0,0	  x0:0x00000000
        3725000	       371	80000278	00000013	addi	x0,x0,0	  x0:0x00000000
        3735000	       372	8000027c	fe9ff2ef	jal	x5,8000027c	  x5=0x8000027c
        3745000	       373	00000000	00000013	addi	x0,x0,0	  x0:0x00000000
        3755000	       374	80000260	00000013	addi	x0,x0,0	  x0:0x00000000
        3765000	       375	80000264	00400cef	jal	x25,80000264	 x25=0x80000264
        3775000	       376	00000000	00000013	addi	x0,x0,0	  x0:0x00000000
        3785000	       377	80000264	00000013	addi	x0,x0,0	  x0:0x00000000
        3795000	       378	80000268	ff5ff36f	jal	x6,80000268	  x6=0x80000268
        3805000	       379	00000000	00000013	addi	x0,x0,0	  x0:0x00000000
        3815000	       380	80000258	00000013	addi	x0,x0,0	  x0:0x00000000
        3825000	       381	8000025c	0640036f	jal	x6,8000025c	  x6=0x8000025c
        3835000	       382	00000000	00000013	addi	x0,x0,0	  x0:0x00000000
        3845000	       383	800002bc	00000013	addi	x0,x0,0	  x0:0x00000000
        3855000	       384	800002c0	019de9b3	or	x19,x27,x25	 x27:0x80009fc4 x25:0x80000264 x19=0x80009fe4
        3865000	       385	800002c4	0340036f	jal	x6,800002c4	  x6=0x800002c4
        3875000	       386	00000000	00000013	addi	x0,x0,0	  x0:0x00000000
        3885000	       387	800002f4	00000013	addi	x0,x0,0	  x0:0x00000000
        3895000	       388	800002f8	fe1ff36f	jal	x6,800002f8	  x6=0x800002f8
        3905000	       389	00000000	00000013	addi	x0,x0,0	  x0:0x00000000
        3915000	       390	800002d4	00000013	addi	x0,x0,0	  x0:0x00000000
        3925000	       391	800002d8	014008ef	jal	x17,800002d8	 x17=0x800002d8
        3935000	       392	00000000	00000013	addi	x0,x0,0	  x0:0x00000000
        3945000	       393	800002e8	00000013	addi	x0,x0,0	  x0:0x00000000
        3955000	       394	800002ec	014008ef	jal	x17,800002ec	 x17=0x800002ec
        3965000	       395	00000000	00000013	addi	x0,x0,0	  x0:0x00000000
        3975000	       396	800002fc	00000013	addi	x0,x0,0	  x0:0x00000000
        3985000	       397	80000300	fe1ff3ef	jal	x7,80000300	  x7=0x80000300
        3995000	       398	00000000	00000013	addi	x0,x0,0	  x0:0x00000000
        4005000	       399	800002dc	00000013	addi	x0,x0,0	  x0:0x00000000
        4015000	       400	800002e0	008007ef	jal	x15,800002e0	 x15=0x800002e0
        4025000	       401	00000000	00000013	addi	x0,x0,0	  x0:0x00000000
        4035000	       402	800002e4	00000013	addi	x0,x0,0	  x0:0x00000000
        4045000	       403	800002e8	fedff36f	jal	x6,800002e8	  x6=0x800002e8
        4055000	       404	00000000	00000013	addi	x0,x0,0	  x0:0x00000000
        4065000	       405	800002d0	00000013	addi	x0,x0,0	  x0:0x00000000
        4075000	       406	800002d4	ff5ffeef	jal	x29,800002d4	 x29=0x800002d4
        4085000	       407	00000000	00000013	addi	x0,x0,0	  x0:0x00000000
        4095000	       408	800002c4	00000013	addi	x0,x0,0	  x0:0x00000000
        4105000	       409	800002c8	03c0036f	jal	x6,800002c8	  x6=0x800002c8
        4115000	       410	00000000	00000013	addi	x0,x0,0	  x0:0x00000000
        4125000	       411	80000300	00000013	addi	x0,x0,0	  x0:0x00000000
        4135000	       412	80000304	fd9ffeef	jal	x29,80000304	 x29=0x80000304
        4145000	       413	00000000	00000013	addi	x0,x0,0	  x0:0x00000000
        4155000	       414	800002d8	00000013	addi	x0,x0,0	  x0:0x00000000
        4165000	       415	800002dc	018001ef	jal	x3,800002dc	  x3=0x800002dc
        4175000	       416	00000000	00000013	addi	x0,x0,0	  x0:0x00000000
        4185000	       417	800002f0	00000013	addi	x0,x0,0	  x0:0x00000000
        4195000	       418	800002f4	ffdff7ef	jal	x15,800002f4	 x15=0x800002f4
        4205000	       419	00000000	00000013	addi	x0,x0,0	  x0:0x00000000
        4215000	       420	800002ec	00000013	addi	x0,x0,0	  x0:0x00000000
        4225000	       421	800002f0	fddff36f	jal	x6,800002f0	  x6=0x800002f0
        4235000	       422	00000000	00000013	addi	x0,x0,0	  x0:0x00000000
        4245000	       423	800002c8	00000013	addi	x0,x0,0	  x0:0x00000000
        4255000	       424	800002cc	030008ef	jal	x17,800002cc	 x17=0x800002cc
        4265000	       425	00000000	00000013	addi	x0,x0,0	  x0:0x00000000
        4275000	       426	800002f8	00000013	addi	x0,x0,0	  x0:0x00000000
        4285000	       427	800002fc	fe9ff36f	jal	x6,800002fc	  x6=0x800002fc
        4295000	       428	00000000	00000013	addi	x0,x0,0	  x0:0x00000000
        4305000	       429	800002e0	00000013	addi	x0,x0,0	  x0:0x00000000
        4315000	       430	800002e4	fedff2ef	jal	x5,800002e4	  x5=0x800002e4
        4325000	       431	00000000	00000013	addi	x0,x0,0	  x0:0x00000000
        4335000	       432	800002cc	00000013	addi	x0,x0,0	  x0:0x00000000
        4345000	       433	800002d0	0380066f	jal	x12,800002d0	 x12=0x800002d0
        4355000	       434	00000000	00000013	addi	x0,x0,0	  x0:0x00000000
        4365000	       435	80000304	00000013	addi	x0,x0,0	  x0:0x00000000
        4375000	       436	80000308	00612033	slt	x0,x2,x6	  x2:0x80009f84  x6:0x800002fc
        4385000	       437	8000030c	0340036f	jal	x6,8000030c	  x6=0x8000030c
        4395000	       438	00000000	00000013	addi	x0,x0,0	  x0:0x00000000
        4405000	       439	8000033c	00000013	addi	x0,x0,0	  x0:0x00000000
        4415000	       440	80000340	fddff36f	jal	x6,80000340	  x6=0x80000340
        4425000	       441	00000000	00000013	addi	x0,x0,0	  x0:0x00000000
        4435000	       442	80000318	00000013	addi	x0,x0,0	  x0:0x00000000
        4445000	       443	8000031c	ffdffd6f	jal	x26,8000031c	 x26=0x8000031c
        4455000	       444	00000000	00000013	addi	x0,x0,0	  x0:0x00000000
        4465000	       445	80000314	00000013	addi	x0,x0,0	  x0:0x00000000
        4475000	       446	80000318	01c00d6f	jal	x26,80000318	 x26=0x80000318
        4485000	       447	00000000	00000013	addi	x0,x0,0	  x0:0x00000000
        4495000	       448	80000330	00000013	addi	x0,x0,0	  x0:0x00000000
        4505000	       449	80000334	ff5ff36f	jal	x6,80000334	  x6=0x80000334
        4515000	       450	00000000	00000013	addi	x0,x0,0	  x0:0x00000000
        4525000	       451	80000324	00000013	addi	x0,x0,0	  x0:0x00000000
        4535000	       452	80000328	fedff1ef	jal	x3,80000328	  x3=0x80000328
        4545000	       453	00000000	00000013	addi	x0,x0,0	  x0:0x00000000
        4555000	       454	80000310	00000013	addi	x0,x0,0	  x0:0x00000000
        4565000	       455	80000314	0280036f	jal	x6,80000314	  x6=0x80000314
        4575000	       456	00000000	00000013	addi	x0,x0,0	  x0:0x00000000
        4585000	       457	80000338	00000013	addi	x0,x0,0	  x0:0x00000000
        4595000	       458	8000033c	ffdff5ef	jal	x11,8000033c	 x11=0x8000033c
        4605000	       459	00000000	00000013	addi	x0,x0,0	  x0:0x00000000
        4615000	       460	80000334	00000013	addi	x0,x0,0	  x0:0x00000000
        4625000	       461	80000338	fd9ff26f	jal	x4,80000338	  x4=0x80000338
        4635000	       462	00000000	00000013	addi	x0,x0,0	  x0:0x00000000
        4645000	       463	8000030c	00000013	addi	x0,x0,0	  x0:0x00000000
        4655000	       464	80000310	034001ef	jal	x3,80000310	  x3=0x80000310
        4665000	       465	00000000	00000013	addi	x0,x0,0	  x0:0x00000000
        4675000	       466	80000340	00000013	addi	x0,x0,0	  x0:0x00000000
        4685000	       467	80000344	fe9ff2ef	jal	x5,80000344	  x5=0x80000344
        4695000	       468	00000000	00000013	addi	x0,x0,0	  x0:0x00000000
        4705000	       469	80000328	00000013	addi	x0,x0,0	  x0:0x00000000
        4715000	       470	8000032c	01c0076f	jal	x14,8000032c	 x14=0x8000032c
        4725000	       471	00000000	00000013	addi	x0,x0,0	  x0:0x00000000
        4735000	       472	80000344	00000013	addi	x0,x0,0	  x0:0x00000000
        4745000	       473	80000348	fe9ff1ef	jal	x3,80000348	  x3=0x80000348
        4755000	       474	00000000	00000013	addi	x0,x0,0	  x0:0x00000000
        4765000	       475	8000032c	00000013	addi	x0,x0,0	  x0:0x00000000
        4775000	       476	80000330	ff5ff36f	jal	x6,80000330	  x6=0x80000330
        4785000	       477	00000000	00000013	addi	x0,x0,0	  x0:0x00000000
        4795000	       478	80000320	00000013	addi	x0,x0,0	  x0:0x00000000
        4805000	       479	80000324	ffdff36f	jal	x6,80000324	  x6=0x80000324
        4815000	       480	00000000	00000013	addi	x0,x0,0	  x0:0x00000000
        4825000	       481	8000031c	00000013	addi	x0,x0,0	  x0:0x00000000
        4835000	       482	80000320	02c0036f	jal	x6,80000320	  x6=0x80000320
        4845000	       483	00000000	00000013	addi	x0,x0,0	  x0:0x00000000
        4855000	       484	80000348	00000013	addi	x0,x0,0	  x0:0x00000000
        4865000	       485	8000034c	3d24f017	auipc	x0,0x3d24f	
        4875000	       486	80000350	04c0036f	jal	x6,80000350	  x6=0x80000350
        4885000	       487	00000000	00000013	addi	x0,x0,0	  x0:0x00000000
        4895000	       488	80000398	00000013	addi	x0,x0,0	  x0:0x00000000
        4905000	       489	8000039c	ffdff2ef	jal	x5,8000039c	  x5=0x8000039c
        4915000	       490	00000000	00000013	addi	x0,x0,0	  x0:0x00000000
        4925000	       491	80000394	00000013	addi	x0,x0,0	  x0:0x00000000
        4935000	       492	80000398	fedff1ef	jal	x3,80000398	  x3=0x80000398
        4945000	       493	00000000	00000013	addi	x0,x0,0	  x0:0x00000000
        4955000	       494	80000380	00000013	addi	x0,x0,0	  x0:0x00000000
        4965000	       495	80000384	ff1ff36f	jal	x6,80000384	  x6=0x80000384
        4975000	       496	00000000	00000013	addi	x0,x0,0	  x0:0x00000000
        4985000	       497	80000370	00000013	addi	x0,x0,0	  x0:0x00000000
        4995000	       498	80000374	ff1ff66f	jal	x12,80000374	 x12=0x80000374
        5005000	       499	00000000	00000013	addi	x0,x0,0	  x0:0x00000000
        5015000	       500	80000360	00000013	addi	x0,x0,0	  x0:0x00000000
        5025000	       501	80000364	0300036f	jal	x6,80000364	  x6=0x80000364
        5035000	       502	00000000	00000013	addi	x0,x0,0	  x0:0x00000000
        5045000	       503	80000390	00000013	addi	x0,x0,0	  x0:0x00000000
        5055000	       504	80000394	fedff36f	jal	x6,80000394	  x6=0x80000394
        5065000	       505	00000000	00000013	addi	x0,x0,0	  x0:0x00000000
        5075000	       506	8000037c	00000013	addi	x0,x0,0	  x0:0x00000000
        5085000	       507	80000380	fe1ff4ef	jal	x9,80000380	  x9=0x80000380
        5095000	       508	00000000	00000013	addi	x0,x0,0	  x0:0x00000000
        5105000	       509	8000035c	00000013	addi	x0,x0,0	  x0:0x00000000
        5115000	       510	80000360	03000a6f	jal	x20,80000360	 x20=0x80000360
        5125000	       511	00000000	00000013	addi	x0,x0,0	  x0:0x00000000
        5135000	       512	8000038c	00000013	addi	x0,x0,0	  x0:0x00000000
        5145000	       513	80000390	fedfff6f	jal	x30,80000390	 x30=0x80000390
        5155000	       514	00000000	00000013	addi	x0,x0,0	  x0:0x00000000
        5165000	       515	80000378	00000013	addi	x0,x0,0	  x0:0x00000000
        5175000	       516	8000037c	0240036f	jal	x6,8000037c	  x6=0x8000037c
        5185000	       517	00000000	00000013	addi	x0,x0,0	  x0:0x00000000
        5195000	       518	8000039c	00000013	addi	x0,x0,0	  x0:0x00000000
        5205000	       519	800003a0	fe9ff36f	jal	x6,800003a0	  x6=0x800003a0
        5215000	       520	00000000	00000013	addi	x0,x0,0	  x0:0x00000000
        5225000	       521	80000384	00000013	addi	x0,x0,0	  x0:0x00000000
        5235000	       522	80000388	fe1ff36f	jal	x6,80000388	  x6=0x80000388
        5245000	       523	00000000	00000013	addi	x0,x0,0	  x0:0x00000000
        5255000	       524	80000364	00000013	addi	x0,x0,0	  x0:0x00000000
        5265000	       525	80000368	ff5ff1ef	jal	x3,80000368	  x3=0x80000368
        5275000	       526	00000000	00000013	addi	x0,x0,0	  x0:0x00000000
        5285000	       527	80000358	00000013	addi	x0,x0,0	  x0:0x00000000
        5295000	       528	8000035c	0480036f	jal	x6,8000035c	  x6=0x8000035c
        5305000	       529	00000000	00000013	addi	x0,x0,0	  x0:0x00000000
        5315000	       530	800003a0	00000013	addi	x0,x0,0	  x0:0x00000000
        5325000	       531	800003a4	fb5ff1ef	jal	x3,800003a4	  x3=0x800003a4
        5335000	       532	00000000	00000013	addi	x0,x0,0	  x0:0x00000000
        5345000	       533	80000354	00000013	addi	x0,x0,0	  x0:0x00000000
        5355000	       534	80000358	ffdff36f	jal	x6,80000358	  x6=0x80000358
        5365000	       535	00000000	00000013	addi	x0,x0,0	  x0:0x00000000
        5375000	       536	80000350	00000013	addi	x0,x0,0	  x0:0x00000000
        5385000	       537	80000354	01c004ef	jal	x9,80000354	  x9=0x80000354
        5395000	       538	00000000	00000013	addi	x0,x0,0	  x0:0x00000000
        5405000	       539	8000036c	00000013	addi	x0,x0,0	  x0:0x00000000
        5415000	       540	80000370	0080036f	jal	x6,80000370	  x6=0x80000370
        5425000	       541	00000000	00000013	addi	x0,x0,0	  x0:0x00000000
        5435000	       542	80000374	00000013	addi	x0,x0,0	  x0:0x00000000
        5445000	       543	80000378	0300086f	jal	x16,80000378	 x16=0x80000378
        5455000	       544	00000000	00000013	addi	x0,x0,0	  x0:0x00000000
        5465000	       545	800003a4	00000013	addi	x0,x0,0	  x0:0x00000000
        5475000	       546	800003a8	fe5ff96f	jal	x18,800003a8	 x18=0x800003a8
        5485000	       547	00000000	00000013	addi	x0,x0,0	  x0:0x00000000
        5495000	       548	80000388	00000013	addi	x0,x0,0	  x0:0x00000000
        5505000	       549	8000038c	fe1ff36f	jal	x6,8000038c	  x6=0x8000038c
        5515000	       550	00000000	00000013	addi	x0,x0,0	  x0:0x00000000
        5525000	       551	80000368	00000013	addi	x0,x0,0	  x0:0x00000000
        5535000	       552	8000036c	0400076f	jal	x14,8000036c	 x14=0x8000036c
        5545000	       553	00000000	00000013	addi	x0,x0,0	  x0:0x00000000
        5555000	       554	800003a8	00000013	addi	x0,x0,0	  x0:0x00000000
        5565000	       555	800003ac	01445f93	srli	x31,x8,0x14	  x8:0x80000220 x31=0x00000800
        5575000	       556	800003b0	0200036f	jal	x6,800003b0	  x6=0x800003b0
        5585000	       557	00000000	00000013	addi	x0,x0,0	  x0:0x00000000
        5595000	       558	800003cc	00000013	addi	x0,x0,0	  x0:0x00000000
        5605000	       559	800003d0	01c0036f	jal	x6,800003d0	  x6=0x800003d0
        5615000	       560	00000000	00000013	addi	x0,x0,0	  x0:0x00000000
        5625000	       561	800003e8	00000013	addi	x0,x0,0	  x0:0x00000000
        5635000	       562	800003ec	fd1fff6f	jal	x30,800003ec	 x30=0x800003ec
        5645000	       563	00000000	00000013	addi	x0,x0,0	  x0:0x00000000
        5655000	       564	800003b8	00000013	addi	x0,x0,0	  x0:0x00000000
        5665000	       565	800003bc	0180086f	jal	x16,800003bc	 x16=0x800003bc
        5675000	       566	00000000	00000013	addi	x0,x0,0	  x0:0x00000000
        5685000	       567	800003d0	00000013	addi	x0,x0,0	  x0:0x00000000
        5695000	       568	800003d4	fedff8ef	jal	x17,800003d4	 x17=0x800003d4
        5705000	       569	00000000	00000013	addi	x0,x0,0	  x0:0x00000000
        5715000	       570	800003bc	00000013	addi	x0,x0,0	  x0:0x00000000
        5725000	       571	800003c0	0240036f	jal	x6,800003c0	  x6=0x800003c0
        5735000	       572	00000000	00000013	addi	x0,x0,0	  x0:0x00000000
        5745000	       573	800003e0	00000013	addi	x0,x0,0	  x0:0x00000000
        5755000	       574	800003e4	fe1ff76f	jal	x14,800003e4	 x14=0x800003e4
        5765000	       575	00000000	00000013	addi	x0,x0,0	  x0:0x00000000
        5775000	       576	800003c0	00000013	addi	x0,x0,0	  x0:0x00000000
        5785000	       577	800003c4	0300036f	jal	x6,800003c4	  x6=0x800003c4
        5795000	       578	00000000	00000013	addi	x0,x0,0	  x0:0x00000000
        5805000	       579	800003f0	00000013	addi	x0,x0,0	  x0:0x00000000
        5815000	       580	800003f4	ffdff2ef	jal	x5,800003f4	  x5=0x800003f4
        5825000	       581	00000000	00000013	addi	x0,x0,0	  x0:0x00000000
        5835000	       582	800003ec	00000013	addi	x0,x0,0	  x0:0x00000000
        5845000	       583	800003f0	ff9ff2ef	jal	x5,800003f0	  x5=0x800003f0
        5855000	       584	00000000	00000013	addi	x0,x0,0	  x0:0x00000000
        5865000	       585	800003e4	00000013	addi	x0,x0,0	  x0:0x00000000
        5875000	       586	800003e8	ff1ff26f	jal	x4,800003e8	  x4=0x800003e8
        5885000	       587	00000000	00000013	addi	x0,x0,0	  x0:0x00000000
        5895000	       588	800003d4	00000013	addi	x0,x0,0	  x0:0x00000000
        5905000	       589	800003d8	fe1ff96f	jal	x18,800003d8	 x18=0x800003d8
        5915000	       590	00000000	00000013	addi	x0,x0,0	  x0:0x00000000
        5925000	       591	800003b4	00000013	addi	x0,x0,0	  x0:0x00000000
        5935000	       592	800003b8	024008ef	jal	x17,800003b8	 x17=0x800003b8
        5945000	       593	00000000	00000013	addi	x0,x0,0	  x0:0x00000000
        5955000	       594	800003d8	00000013	addi	x0,x0,0	  x0:0x00000000
        5965000	       595	800003dc	ff1ff36f	jal	x6,800003dc	  x6=0x800003dc
        5975000	       596	00000000	00000013	addi	x0,x0,0	  x0:0x00000000
        5985000	       597	800003c8	00000013	addi	x0,x0,0	  x0:0x00000000
        5995000	       598	800003cc	0140036f	jal	x6,800003cc	  x6=0x800003cc
        6005000	       599	00000000	00000013	addi	x0,x0,0	  x0:0x00000000
        6015000	       600	800003dc	00000013	addi	x0,x0,0	  x0:0x00000000
        6025000	       601	800003e0	fe9ff1ef	jal	x3,800003e0	  x3=0x800003e0
        6035000	       602	00000000	00000013	addi	x0,x0,0	  x0:0x00000000
        6045000	       603	800003c4	00000013	addi	x0,x0,0	  x0:0x00000000
        6055000	       604	800003c8	0300036f	jal	x6,800003c8	  x6=0x800003c8
        6065000	       605	00000000	00000013	addi	x0,x0,0	  x0:0x00000000
        6075000	       606	800003f4	00000013	addi	x0,x0,0	  x0:0x00000000
        6085000	       607	800003f8	fbdff36f	jal	x6,800003f8	  x6=0x800003f8
        6095000	       608	00000000	00000013	addi	x0,x0,0	  x0:0x00000000
        6105000	       609	800003b0	00000013	addi	x0,x0,0	  x0:0x00000000
        6115000	       610	800003b4	04800b6f	jal	x22,800003b4	 x22=0x800003b4
        6125000	       611	00000000	00000013	addi	x0,x0,0	  x0:0x00000000
        6135000	       612	800003f8	00000013	addi	x0,x0,0	  x0:0x00000000
        6145000	       613	800003fc	9c9e5317	auipc	x6,0x9c9e5	  x6=0x1c9e53f8
        6155000	       614	80000400	0100036f	jal	x6,80000400	  x6=0x80000400
        6165000	       615	00000000	00000013	addi	x0,x0,0	  x0:0x00000000
        6175000	       616	8000040c	00000013	addi	x0,x0,0	  x0:0x00000000
        6185000	       617	80000410	0180026f	jal	x4,80000410	  x4=0x80000410
        6195000	       618	00000000	00000013	addi	x0,x0,0	  x0:0x00000000
        6205000	       619	80000424	00000013	addi	x0,x0,0	  x0:0x00000000
        6215000	       620	80000428	0380036f	jal	x6,80000428	  x6=0x80000428
        6225000	       621	00000000	00000013	addi	x0,x0,0	  x0:0x00000000
        6235000	       622	8000045c	00000013	addi	x0,x0,0	  x0:0x00000000
        6245000	       623	80000460	fc1ff1ef	jal	x3,80000460	  x3=0x80000460
        6255000	       624	00000000	00000013	addi	x0,x0,0	  x0:0x00000000
        6265000	       625	8000041c	00000013	addi	x0,x0,0	  x0:0x00000000
        6275000	       626	80000420	00c00bef	jal	x23,80000420	 x23=0x80000420
        6285000	       627	00000000	00000013	addi	x0,x0,0	  x0:0x00000000
        6295000	       628	80000428	00000013	addi	x0,x0,0	  x0:0x00000000
        6305000	       629	8000042c	ff9ff36f	jal	x6,8000042c	  x6=0x8000042c
        6315000	       630	00000000	00000013	addi	x0,x0,0	  x0:0x00000000
        6325000	       631	80000420	00000013	addi	x0,x0,0	  x0:0x00000000
        6335000	       632	80000424	01c0076f	jal	x14,80000424	 x14=0x80000424
        6345000	       633	00000000	00000013	addi	x0,x0,0	  x0:0x00000000
        6355000	       634	8000043c	00000013	addi	x0,x0,0	  x0:0x00000000
        6365000	       635	80000440	01400f6f	jal	x30,80000440	 x30=0x80000440
        6375000	       636	00000000	00000013	addi	x0,x0,0	  x0:0x00000000
        6385000	       637	80000450	00000013	addi	x0,x0,0	  x0:0x00000000
        6395000	       638	80000454	fe1ff36f	jal	x6,80000454	  x6=0x80000454
        6405000	       639	00000000	00000013	addi	x0,x0,0	  x0:0x00000000
        6415000	       640	80000430	00000013	addi	x0,x0,0	  x0:0x00000000
        6425000	       641	80000434	fd5ff36f	jal	x6,80000434	  x6=0x80000434
        6435000	       642	00000000	00000013	addi	x0,x0,0	  x0:0x00000000
        6445000	       643	80000404	00000013	addi	x0,x0,0	  x0:0x00000000
        6455000	       644	80000408	03c009ef	jal	x19,80000408	 x19=0x80000408
        6465000	       645	00000000	00000013	addi	x0,x0,0	  x0:0x00000000
        6475000	       646	80000440	00000013	addi	x0,x0,0	  x0:0x00000000
        6485000	       647	80000444	0040036f	jal	x6,80000444	  x6=0x80000444
        6495000	       648	00000000	00000013	addi	x0,x0,0	  x0:0x00000000
        6505000	       649	80000444	00000013	addi	x0,x0,0	  x0:0x00000000
        6515000	       650	80000448	0080036f	jal	x6,80000448	  x6=0x80000448
        6525000	       651	00000000	00000013	addi	x0,x0,0	  x0:0x00000000
        6535000	       652	8000044c	00000013	addi	x0,x0,0	  x0:0x00000000
        6545000	       653	80000450	fc9ffa6f	jal	x20,80000450	 x20=0x80000450
        6555000	       654	00000000	00000013	addi	x0,x0,0	  x0:0x00000000
        6565000	       655	80000414	00000013	addi	x0,x0,0	  x0:0x00000000
        6575000	       656	80000418	004001ef	jal	x3,80000418	  x3=0x80000418
        6585000	       657	00000000	00000013	addi	x0,x0,0	  x0:0x00000000
        6595000	       658	80000418	00000013	addi	x0,x0,0	  x0:0x00000000
        6605000	       659	8000041c	03c0036f	jal	x6,8000041c	  x6=0x8000041c
        6615000	       660	00000000	00000013	addi	x0,x0,0	  x0:0x00000000
        6625000	       661	80000454	00000013	addi	x0,x0,0	  x0:0x00000000
        6635000	       662	80000458	00400f6f	jal	x30,80000458	 x30=0x80000458
        6645000	       663	00000000	00000013	addi	x0,x0,0	  x0:0x00000000
        6655000	       664	80000458	00000013	addi	x0,x0,0	  x0:0x00000000
        6665000	       665	8000045c	fa9ff36f	jal	x6,8000045c	  x6=0x8000045c
        6675000	       666	00000000	00000013	addi	x0,x0,0	  x0:0x00000000
        6685000	       667	80000400	00000013	addi	x0,x0,0	  x0:0x00000000
        6695000	       668	80000404	0480036f	jal	x6,80000404	  x6=0x80000404
        6705000	       669	00000000	00000013	addi	x0,x0,0	  x0:0x00000000
        6715000	       670	80000448	00000013	addi	x0,x0,0	  x0:0x00000000
        6725000	       671	8000044c	ff1ff6ef	jal	x13,8000044c	 x13=0x8000044c
        6735000	       672	00000000	00000013	addi	x0,x0,0	  x0:0x00000000
        6745000	       673	80000438	00000013	addi	x0,x0,0	  x0:0x00000000
        6755000	       674	8000043c	ff5ff6ef	jal	x13,8000043c	 x13=0x8000043c
        6765000	       675	00000000	00000013	addi	x0,x0,0	  x0:0x00000000
        6775000	       676	8000042c	00000013	addi	x0,x0,0	  x0:0x00000000
        6785000	       677	80000430	fe5ff2ef	jal	x5,80000430	  x5=0x80000430
        6795000	       678	00000000	00000013	addi	x0,x0,0	  x0:0x00000000
        6805000	       679	80000410	00000013	addi	x0,x0,0	  x0:0x00000000
        6815000	       680	80000414	ff9ff36f	jal	x6,80000414	  x6=0x80000414
        6825000	       681	00000000	00000013	addi	x0,x0,0	  x0:0x00000000
        6835000	       682	80000408	00000013	addi	x0,x0,0	  x0:0x00000000
        6845000	       683	8000040c	02c007ef	jal	x15,8000040c	 x15=0x8000040c
        6855000	       684	00000000	00000013	addi	x0,x0,0	  x0:0x00000000
        6865000	       685	80000434	00000013	addi	x0,x0,0	  x0:0x00000000
        6875000	       686	80000438	02c0036f	jal	x6,80000438	  x6=0x80000438
        6885000	       687	00000000	00000013	addi	x0,x0,0	  x0:0x00000000
        6895000	       688	80000460	00000013	addi	x0,x0,0	  x0:0x00000000
        6905000	       689	80000464	2a288397	auipc	x7,0x2a288	  x7=0xaa288460
        6915000	       690	80000468	0180036f	jal	x6,80000468	  x6=0x80000468
        6925000	       691	00000000	00000013	addi	x0,x0,0	  x0:0x00000000
        6935000	       692	8000047c	00000013	addi	x0,x0,0	  x0:0x00000000
        6945000	       693	80000480	00c00aef	jal	x21,80000480	 x21=0x80000480
        6955000	       694	00000000	00000013	addi	x0,x0,0	  x0:0x00000000
        6965000	       695	80000488	00000013	addi	x0,x0,0	  x0:0x00000000
        6975000	       696	8000048c	fedff6ef	jal	x13,8000048c	 x13=0x8000048c
        6985000	       697	00000000	00000013	addi	x0,x0,0	  x0:0x00000000
        6995000	       698	80000474	00000013	addi	x0,x0,0	  x0:0x00000000
        7005000	       699	80000478	0180036f	jal	x6,80000478	  x6=0x80000478
        7015000	       700	00000000	00000013	addi	x0,x0,0	  x0:0x00000000
        7025000	       701	8000048c	00000013	addi	x0,x0,0	  x0:0x00000000
        7035000	       702	80000490	0080036f	jal	x6,80000490	  x6=0x80000490
        7045000	       703	00000000	00000013	addi	x0,x0,0	  x0:0x00000000
        7055000	       704	80000494	00000013	addi	x0,x0,0	  x0:0x00000000
        7065000	       705	80000498	fd5ff6ef	jal	x13,80000498	 x13=0x80000498
        7075000	       706	00000000	00000013	addi	x0,x0,0	  x0:0x00000000
        7085000	       707	80000468	00000013	addi	x0,x0,0	  x0:0x00000000
        7095000	       708	8000046c	0080036f	jal	x6,8000046c	  x6=0x8000046c
        7105000	       709	00000000	00000013	addi	x0,x0,0	  x0:0x00000000
        7115000	       710	80000470	00000013	addi	x0,x0,0	  x0:0x00000000
        7125000	       711	80000474	0080036f	jal	x6,80000474	  x6=0x80000474
        7135000	       712	00000000	00000013	addi	x0,x0,0	  x0:0x00000000
        7145000	       713	80000478	00000013	addi	x0,x0,0	  x0:0x00000000
        7155000	       714	8000047c	ff5ff36f	jal	x6,8000047c	  x6=0x8000047c
        7165000	       715	00000000	00000013	addi	x0,x0,0	  x0:0x00000000
        7175000	       716	8000046c	00000013	addi	x0,x0,0	  x0:0x00000000
        7185000	       717	80000470	014001ef	jal	x3,80000470	  x3=0x80000470
        7195000	       718	00000000	00000013	addi	x0,x0,0	  x0:0x00000000
        7205000	       719	80000480	00000013	addi	x0,x0,0	  x0:0x00000000
        7215000	       720	80000484	01000fef	jal	x31,80000484	 x31=0x80000484
        7225000	       721	00000000	00000013	addi	x0,x0,0	  x0:0x00000000
        7235000	       722	80000490	00000013	addi	x0,x0,0	  x0:0x00000000
        7245000	       723	80000494	ff5fffef	jal	x31,80000494	 x31=0x80000494
        7255000	       724	00000000	00000013	addi	x0,x0,0	  x0:0x00000000
        7265000	       725	80000484	00000013	addi	x0,x0,0	  x0:0x00000000
        7275000	       726	80000488	0140036f	jal	x6,80000488	  x6=0x80000488
        7285000	       727	00000000	00000013	addi	x0,x0,0	  x0:0x00000000
        7295000	       728	80000498	00000013	addi	x0,x0,0	  x0:0x00000000
        7305000	       729	8000049c	0040036f	jal	x6,8000049c	  x6=0x8000049c
        7315000	       730	00000000	00000013	addi	x0,x0,0	  x0:0x00000000
        7325000	       731	8000049c	00000013	addi	x0,x0,0	  x0:0x00000000
        7335000	       732	800004a0	d56b4b97	auipc	x23,0xd56b4	 x23=0x556b449c
        7345000	       733	800004a4	0140036f	jal	x6,800004a4	  x6=0x800004a4
        7355000	       734	00000000	00000013	addi	x0,x0,0	  x0:0x00000000
        7365000	       735	800004b4	00000013	addi	x0,x0,0	  x0:0x00000000
        7375000	       736	800004b8	0200036f	jal	x6,800004b8	  x6=0x800004b8
        7385000	       737	00000000	00000013	addi	x0,x0,0	  x0:0x00000000
        7395000	       738	800004d4	00000013	addi	x0,x0,0	  x0:0x00000000
        7405000	       739	800004d8	fe9ff26f	jal	x4,800004d8	  x4=0x800004d8
        7415000	       740	00000000	00000013	addi	x0,x0,0	  x0:0x00000000
        7425000	       741	800004bc	00000013	addi	x0,x0,0	  x0:0x00000000
        7435000	       742	800004c0	ff5ff4ef	jal	x9,800004c0	  x9=0x800004c0
        7445000	       743	00000000	00000013	addi	x0,x0,0	  x0:0x00000000
        7455000	       744	800004b0	00000013	addi	x0,x0,0	  x0:0x00000000
        7465000	       745	800004b4	04400a6f	jal	x20,800004b4	 x20=0x800004b4
        7475000	       746	00000000	00000013	addi	x0,x0,0	  x0:0x00000000
        7485000	       747	800004f4	00000013	addi	x0,x0,0	  x0:0x00000000
        7495000	       748	800004f8	fd9ff36f	jal	x6,800004f8	  x6=0x800004f8
        7505000	       749	00000000	00000013	addi	x0,x0,0	  x0:0x00000000
        7515000	       750	800004cc	00000013	addi	x0,x0,0	  x0:0x00000000
        7525000	       751	800004d0	fddff36f	jal	x6,800004d0	  x6=0x800004d0
        7535000	       752	00000000	00000013	addi	x0,x0,0	  x0:0x00000000
        7545000	       753	800004a8	00000013	addi	x0,x0,0	  x0:0x00000000
        7555000	       754	800004ac	01c002ef	jal	x5,800004ac	  x5=0x800004ac
        7565000	       755	00000000	00000013	addi	x0,x0,0	  x0:0x00000000
        7575000	       756	800004c4	00000013	addi	x0,x0,0	  x0:0x00000000
        7585000	       757	800004c8	ff5ff86f	jal	x16,800004c8	 x16=0x800004c8
        7595000	       758	00000000	00000013	addi	x0,x0,0	  x0:0x00000000
        7605000	       759	800004b8	00000013	addi	x0,x0,0	  x0:0x00000000
        7615000	       760	800004bc	0180036f	jal	x6,800004bc	  x6=0x800004bc
        7625000	       761	00000000	00000013	addi	x0,x0,0	  x0:0x00000000
        7635000	       762	800004d0	00000013	addi	x0,x0,0	  x0:0x00000000
        7645000	       763	800004d4	ff1ff1ef	jal	x3,800004d4	  x3=0x800004d4
        7655000	       764	00000000	00000013	addi	x0,x0,0	  x0:0x00000000
        7665000	       765	800004c0	00000013	addi	x0,x0,0	  x0:0x00000000
        7675000	       766	800004c4	0280026f	jal	x4,800004c4	  x4=0x800004c4
        7685000	       767	00000000	00000013	addi	x0,x0,0	  x0:0x00000000
        7695000	       768	800004e8	00000013	addi	x0,x0,0	  x0:0x00000000
        7705000	       769	800004ec	ff5ff2ef	jal	x5,800004ec	  x5=0x800004ec
        7715000	       770	00000000	00000013	addi	x0,x0,0	  x0:0x00000000
        7725000	       771	800004dc	00000013	addi	x0,x0,0	  x0:0x00000000
        7735000	       772	800004e0	fedffbef	jal	x23,800004e0	 x23=0x800004e0
        7745000	       773	00000000	00000013	addi	x0,x0,0	  x0:0x00000000
        7755000	       774	800004c8	00000013	addi	x0,x0,0	  x0:0x00000000
        7765000	       775	800004cc	fddff8ef	jal	x17,800004cc	 x17=0x800004cc
        7775000	       776	00000000	00000013	addi	x0,x0,0	  x0:0x00000000
        7785000	       777	800004a4	00000013	addi	x0,x0,0	  x0:0x00000000
        7795000	       778	800004a8	0080066f	jal	x12,800004a8	 x12=0x800004a8
        7805000	       779	00000000	00000013	addi	x0,x0,0	  x0:0x00000000
        7815000	       780	800004ac	00000013	addi	x0,x0,0	  x0:0x00000000
        7825000	       781	800004b0	0340036f	jal	x6,800004b0	  x6=0x800004b0
        7835000	       782	00000000	00000013	addi	x0,x0,0	  x0:0x00000000
        7845000	       783	800004e0	00000013	addi	x0,x0,0	  x0:0x00000000
        7855000	       784	800004e4	0040036f	jal	x6,800004e4	  x6=0x800004e4
        7865000	       785	00000000	00000013	addi	x0,x0,0	  x0:0x00000000
        7875000	       786	800004e4	00000013	addi	x0,x0,0	  x0:0x00000000
        7885000	       787	800004e8	00c0036f	jal	x6,800004e8	  x6=0x800004e8
        7895000	       788	00000000	00000013	addi	x0,x0,0	  x0:0x00000000
        7905000	       789	800004f0	00000013	addi	x0,x0,0	  x0:0x00000000
        7915000	       790	800004f4	ffdff1ef	jal	x3,800004f4	  x3=0x800004f4
        7925000	       791	00000000	00000013	addi	x0,x0,0	  x0:0x00000000
        7935000	       792	800004ec	00000013	addi	x0,x0,0	  x0:0x00000000
        7945000	       793	800004f0	fedff36f	jal	x6,800004f0	  x6=0x800004f0
        7955000	       794	00000000	00000013	addi	x0,x0,0	  x0:0x00000000
        7965000	       795	800004d8	00000013	addi	x0,x0,0	  x0:0x00000000
        7975000	       796	800004dc	0200036f	jal	x6,800004dc	  x6=0x800004dc
        7985000	       797	00000000	00000013	addi	x0,x0,0	  x0:0x00000000
        7995000	       798	800004f8	00000013	addi	x0,x0,0	  x0:0x00000000
        8005000	       799	800004fc	09114a17	auipc	x20,0x9114	 x20=0x891144f8
        8015000	       800	80000500	0080036f	jal	x6,80000500	  x6=0x80000500
        8025000	       801	00000000	00000013	addi	x0,x0,0	  x0:0x00000000
        8035000	       802	80000504	00000013	addi	x0,x0,0	  x0:0x00000000
        8045000	       803	80000508	02c005ef	jal	x11,80000508	 x11=0x80000508
        8055000	       804	00000000	00000013	addi	x0,x0,0	  x0:0x00000000
        8065000	       805	80000530	00000013	addi	x0,x0,0	  x0:0x00000000
        8075000	       806	80000534	ff9ff36f	jal	x6,80000534	  x6=0x80000534
        8085000	       807	00000000	00000013	addi	x0,x0,0	  x0:0x00000000
        8095000	       808	80000528	00000013	addi	x0,x0,0	  x0:0x00000000
        8105000	       809	8000052c	fe5ff26f	jal	x4,8000052c	  x4=0x8000052c
        8115000	       810	00000000	00000013	addi	x0,x0,0	  x0:0x00000000
        8125000	       811	8000050c	00000013	addi	x0,x0,0	  x0:0x00000000
        8135000	       812	80000510	010009ef	jal	x19,80000510	 x19=0x80000510
        8145000	       813	00000000	00000013	addi	x0,x0,0	  x0:0x00000000
        8155000	       814	8000051c	00000013	addi	x0,x0,0	  x0:0x00000000
        8165000	       815	80000520	fe5ff2ef	jal	x5,80000520	  x5=0x80000520
        8175000	       816	00000000	00000013	addi	x0,x0,0	  x0:0x00000000
        8185000	       817	80000500	00000013	addi	x0,x0,0	  x0:0x00000000
        8195000	       818	80000504	0100036f	jal	x6,80000504	  x6=0x80000504
        8205000	       819	00000000	00000013	addi	x0,x0,0	  x0:0x00000000
        8215000	       820	80000510	00000013	addi	x0,x0,0	  x0:0x00000000
        8225000	       821	80000514	0040036f	jal	x6,80000514	  x6=0x80000514
        8235000	       822	00000000	00000013	addi	x0,x0,0	  x0:0x00000000
        8245000	       823	80000514	00000013	addi	x0,x0,0	  x0:0x00000000
        8255000	       824	80000518	00c0036f	jal	x6,80000518	  x6=0x80000518
        8265000	       825	00000000	00000013	addi	x0,x0,0	  x0:0x00000000
        8275000	       826	80000520	00000013	addi	x0,x0,0	  x0:0x00000000
        8285000	       827	80000524	fe9ff36f	jal	x6,80000524	  x6=0x80000524
        8295000	       828	00000000	00000013	addi	x0,x0,0	  x0:0x00000000
        8305000	       829	80000508	00000013	addi	x0,x0,0	  x0:0x00000000
        8315000	       830	8000050c	030002ef	jal	x5,8000050c	  x5=0x8000050c
        8325000	       831	00000000	00000013	addi	x0,x0,0	  x0:0x00000000
        8335000	       832	80000538	00000013	addi	x0,x0,0	  x0:0x00000000
        8345000	       833	8000053c	ffdffbef	jal	x23,8000053c	 x23=0x8000053c
        8355000	       834	00000000	00000013	addi	x0,x0,0	  x0:0x00000000
        8365000	       835	80000534	00000013	addi	x0,x0,0	  x0:0x00000000
        8375000	       836	80000538	ff1ffe6f	jal	x28,80000538	 x28=0x80000538
        8385000	       837	00000000	00000013	addi	x0,x0,0	  x0:0x00000000
        8395000	       838	80000524	00000013	addi	x0,x0,0	  x0:0x00000000
        8405000	       839	80000528	0080026f	jal	x4,80000528	  x4=0x80000528
        8415000	       840	00000000	00000013	addi	x0,x0,0	  x0:0x00000000
        8425000	       841	8000052c	00000013	addi	x0,x0,0	  x0:0x00000000
        8435000	       842	80000530	fedff66f	jal	x12,80000530	 x12=0x80000530
        8445000	       843	00000000	00000013	addi	x0,x0,0	  x0:0x00000000
        8455000	       844	80000518	00000013	addi	x0,x0,0	  x0:0x00000000
        8465000	       845	8000051c	0240086f	jal	x16,8000051c	 x16=0x8000051c
        8475000	       846	00000000	00000013	addi	x0,x0,0	  x0:0x00000000
        8485000	       847	8000053c	00000013	addi	x0,x0,0	  x0:0x00000000
        8495000	       848	80000540	04a18993	addi	x19,x3,74	  x3:0x800004f4 x19=0x8000053e
        8505000	       849	80000544	0340036f	jal	x6,80000544	  x6=0x80000544
        8515000	       850	00000000	00000013	addi	x0,x0,0	  x0:0x00000000
        8525000	       851	80000574	00000013	addi	x0,x0,0	  x0:0x00000000
        8535000	       852	80000578	fedff36f	jal	x6,80000578	  x6=0x80000578
        8545000	       853	00000000	00000013	addi	x0,x0,0	  x0:0x00000000
        8555000	       854	80000560	00000013	addi	x0,x0,0	  x0:0x00000000
        8565000	       855	80000564	fe5ff1ef	jal	x3,80000564	  x3=0x80000564
        8575000	       856	00000000	00000013	addi	x0,x0,0	  x0:0x00000000
        8585000	       857	80000544	00000013	addi	x0,x0,0	  x0:0x00000000
        8595000	       858	80000548	00c0036f	jal	x6,80000548	  x6=0x80000548
        8605000	       859	00000000	00000013	addi	x0,x0,0	  x0:0x00000000
        8615000	       860	80000550	00000013	addi	x0,x0,0	  x0:0x00000000
        8625000	       861	80000554	00800eef	jal	x29,80000554	 x29=0x80000554
        8635000	       862	00000000	00000013	addi	x0,x0,0	  x0:0x00000000
        8645000	       863	80000558	00000013	addi	x0,x0,0	  x0:0x00000000
        8655000	       864	8000055c	ffdff2ef	jal	x5,8000055c	  x5=0x8000055c
        8665000	       865	00000000	00000013	addi	x0,x0,0	  x0:0x00000000
        8675000	       866	80000554	00000013	addi	x0,x0,0	  x0:0x00000000
        8685000	       867	80000558	028002ef	jal	x5,80000558	  x5=0x80000558
        8695000	       868	00000000	00000013	addi	x0,x0,0	  x0:0x00000000
        8705000	       869	8000057c	00000013	addi	x0,x0,0	  x0:0x00000000
        8715000	       870	80000580	0140036f	jal	x6,80000580	  x6=0x80000580
        8725000	       871	00000000	00000013	addi	x0,x0,0	  x0:0x00000000
        8735000	       872	80000590	00000013	addi	x0,x0,0	  x0:0x00000000
        8745000	       873	80000594	fd9ff36f	jal	x6,80000594	  x6=0x80000594
        8755000	       874	00000000	00000013	addi	x0,x0,0	  x0:0x00000000
        8765000	       875	80000568	00000013	addi	x0,x0,0	  x0:0x00000000
        8775000	       876	8000056c	ff5ff2ef	jal	x5,8000056c	  x5=0x8000056c
        8785000	       877	00000000	00000013	addi	x0,x0,0	  x0:0x00000000
        8795000	       878	8000055c	00000013	addi	x0,x0,0	  x0:0x00000000
        8805000	       879	80000560	ff1ff2ef	jal	x5,80000560	  x5=0x80000560
        8815000	       880	00000000	00000013	addi	x0,x0,0	  x0:0x00000000
        8825000	       881	8000054c	00000013	addi	x0,x0,0	  x0:0x00000000
        8835000	       882	80000550	024002ef	jal	x5,80000550	  x5=0x80000550
        8845000	       883	00000000	00000013	addi	x0,x0,0	  x0:0x00000000
        8855000	       884	80000570	00000013	addi	x0,x0,0	  x0:0x00000000
        8865000	       885	80000574	014008ef	jal	x17,80000574	 x17=0x80000574
        8875000	       886	00000000	00000013	addi	x0,x0,0	  x0:0x00000000
        8885000	       887	80000584	00000013	addi	x0,x0,0	  x0:0x00000000
        8895000	       888	80000588	fe9ff36f	jal	x6,80000588	  x6=0x80000588
        8905000	       889	00000000	00000013	addi	x0,x0,0	  x0:0x00000000
        8915000	       890	8000056c	00000013	addi	x0,x0,0	  x0:0x00000000
        8925000	       891	80000570	ff9ff36f	jal	x6,80000570	  x6=0x80000570
        8935000	       892	00000000	00000013	addi	x0,x0,0	  x0:0x00000000
        8945000	       893	80000564	00000013	addi	x0,x0,0	  x0:0x00000000
        8955000	       894	80000568	0280036f	jal	x6,80000568	  x6=0x80000568
        8965000	       895	00000000	00000013	addi	x0,x0,0	  x0:0x00000000
        8975000	       896	8000058c	00000013	addi	x0,x0,0	  x0:0x00000000
        8985000	       897	80000590	0080076f	jal	x14,80000590	 x14=0x80000590
        8995000	       898	00000000	00000013	addi	x0,x0,0	  x0:0x00000000
        9005000	       899	80000594	00000013	addi	x0,x0,0	  x0:0x00000000
        9015000	       900	80000598	fedffe6f	jal	x28,80000598	 x28=0x80000598
        9025000	       901	00000000	00000013	addi	x0,x0,0	  x0:0x00000000
        9035000	       902	80000580	00000013	addi	x0,x0,0	  x0:0x00000000
        9045000	       903	80000584	00800eef	jal	x29,80000584	 x29=0x80000584
        9055000	       904	00000000	00000013	addi	x0,x0,0	  x0:0x00000000
        9065000	       905	80000588	00000013	addi	x0,x0,0	  x0:0x00000000
        9075000	       906	8000058c	ff1ff4ef	jal	x9,8000058c	  x9=0x8000058c
        9085000	       907	00000000	00000013	addi	x0,x0,0	  x0:0x00000000
        9095000	       908	80000578	00000013	addi	x0,x0,0	  x0:0x00000000
        9105000	       909	8000057c	fd1ff56f	jal	x10,8000057c	 x10=0x8000057c
        9115000	       910	00000000	00000013	addi	x0,x0,0	  x0:0x00000000
        9125000	       911	80000548	00000013	addi	x0,x0,0	  x0:0x00000000
        9135000	       912	8000054c	050005ef	jal	x11,8000054c	 x11=0x8000054c
        9145000	       913	00000000	00000013	addi	x0,x0,0	  x0:0x00000000
        9155000	       914	80000598	00000013	addi	x0,x0,0	  x0:0x00000000
        9165000	       915	8000059c	41100c33	sub	x24,x0,x17	  x0:0x00000000 x17:0x80000574 x24=0x7ffffa8c
        9175000	       916	800005a0	0380036f	jal	x6,800005a0	  x6=0x800005a0
        9185000	       917	00000000	00000013	addi	x0,x0,0	  x0:0x00000000
        9195000	       918	800005d4	00000013	addi	x0,x0,0	  x0:0x00000000
        9205000	       919	800005d8	fd1ff36f	jal	x6,800005d8	  x6=0x800005d8
        9215000	       920	00000000	00000013	addi	x0,x0,0	  x0:0x00000000
        9225000	       921	800005a4	00000013	addi	x0,x0,0	  x0:0x00000000
        9235000	       922	800005a8	01c002ef	jal	x5,800005a8	  x5=0x800005a8
        9245000	       923	00000000	00000013	addi	x0,x0,0	  x0:0x00000000
        9255000	       924	800005c0	00000013	addi	x0,x0,0	  x0:0x00000000
        9265000	       925	800005c4	0100036f	jal	x6,800005c4	  x6=0x800005c4
        9275000	       926	00000000	00000013	addi	x0,x0,0	  x0:0x00000000
        9285000	       927	800005d0	00000013	addi	x0,x0,0	  x0:0x00000000
        9295000	       928	800005d4	ff5ff86f	jal	x16,800005d4	 x16=0x800005d4
        9305000	       929	00000000	00000013	addi	x0,x0,0	  x0:0x00000000
        9315000	       930	800005c4	00000013	addi	x0,x0,0	  x0:0x00000000
        9325000	       931	800005c8	020006ef	jal	x13,800005c8	 x13=0x800005c8
        9335000	       932	00000000	00000013	addi	x0,x0,0	  x0:0x00000000
        9345000	       933	800005e4	00000013	addi	x0,x0,0	  x0:0x00000000
        9355000	       934	800005e8	ffdffaef	jal	x21,800005e8	 x21=0x800005e8
        9365000	       935	00000000	00000013	addi	x0,x0,0	  x0:0x00000000
        9375000	       936	800005e0	00000013	addi	x0,x0,0	  x0:0x00000000
        9385000	       937	800005e4	ffdff46f	jal	x8,800005e4	  x8=0x800005e4
        9395000	       938	00000000	00000013	addi	x0,x0,0	  x0:0x00000000
        9405000	       939	800005dc	00000013	addi	x0,x0,0	  x0:0x00000000
        9415000	       940	800005e0	fd5ff9ef	jal	x19,800005e0	 x19=0x800005e0
        9425000	       941	00000000	00000013	addi	x0,x0,0	  x0:0x00000000
        9435000	       942	800005b0	00000013	addi	x0,x0,0	  x0:0x00000000
        9445000	       943	800005b4	0380036f	jal	x6,800005b4	  x6=0x800005b4
        9455000	       944	00000000	00000013	addi	x0,x0,0	  x0:0x00000000
        9465000	       945	800005e8	00000013	addi	x0,x0,0	  x0:0x00000000
        9475000	       946	800005ec	ff1ff56f	jal	x10,800005ec	 x10=0x800005ec
        9485000	       947	00000000	00000013	addi	x0,x0,0	  x0:0x00000000
        9495000	       948	800005d8	00000013	addi	x0,x0,0	  x0:0x00000000
        9505000	       949	800005dc	ff5ff1ef	jal	x3,800005dc	  x3=0x800005dc
        9515000	       950	00000000	00000013	addi	x0,x0,0	  x0:0x00000000
        9525000	       951	800005cc	00000013	addi	x0,x0,0	  x0:0x00000000
        9535000	       952	800005d0	ffdff36f	jal	x6,800005d0	  x6=0x800005d0
        9545000	       953	00000000	00000013	addi	x0,x0,0	  x0:0x00000000
        9555000	       954	800005c8	00000013	addi	x0,x0,0	  x0:0x00000000
        9565000	       955	800005cc	fd9ff36f	jal	x6,800005cc	  x6=0x800005cc
        9575000	       956	00000000	00000013	addi	x0,x0,0	  x0:0x00000000
        9585000	       957	800005a0	00000013	addi	x0,x0,0	  x0:0x00000000
        9595000	       958	800005a4	0080046f	jal	x8,800005a4	  x8=0x800005a4
        9605000	       959	00000000	00000013	addi	x0,x0,0	  x0:0x00000000
        9615000	       960	800005a8	00000013	addi	x0,x0,0	  x0:0x00000000
        9625000	       961	800005ac	00c0026f	jal	x4,800005ac	  x4=0x800005ac
        9635000	       962	00000000	00000013	addi	x0,x0,0	  x0:0x00000000
        9645000	       963	800005b4	00000013	addi	x0,x0,0	  x0:0x00000000
        9655000	       964	800005b8	ff9ffb6f	jal	x22,800005b8	 x22=0x800005b8
        9665000	       965	00000000	00000013	addi	x0,x0,0	  x0:0x00000000
        9675000	       966	800005ac	00000013	addi	x0,x0,0	  x0:0x00000000
        9685000	       967	800005b0	01000bef	jal	x23,800005b0	 x23=0x800005b0
        9695000	       968	00000000	00000013	addi	x0,x0,0	  x0:0x00000000
        9705000	       969	800005bc	00000013	addi	x0,x0,0	  x0:0x00000000
        9715000	       970	800005c0	ffdff6ef	jal	x13,800005c0	 x13=0x800005c0
        9725000	       971	00000000	00000013	addi	x0,x0,0	  x0:0x00000000
        9735000	       972	800005b8	00000013	addi	x0,x0,0	  x0:0x00000000
        9745000	       973	800005bc	034002ef	jal	x5,800005bc	  x5=0x800005bc
        9755000	       974	00000000	00000013	addi	x0,x0,0	  x0:0x00000000
        9765000	       975	800005ec	00000013	addi	x0,x0,0	  x0:0x00000000
        9775000	       976	800005f0	cb585717	auipc	x14,0xcb585	 x14=0x4b5855ec
        9785000	       977	800005f4	0140036f	jal	x6,800005f4	  x6=0x800005f4
        9795000	       978	00000000	00000013	addi	x0,x0,0	  x0:0x00000000
        9805000	       979	80000604	00000013	addi	x0,x0,0	  x0:0x00000000
        9815000	       980	80000608	0180036f	jal	x6,80000608	  x6=0x80000608
        9825000	       981	00000000	00000013	addi	x0,x0,0	  x0:0x00000000
        9835000	       982	8000061c	00000013	addi	x0,x0,0	  x0:0x00000000
        9845000	       983	80000620	fd9ff36f	jal	x6,80000620	  x6=0x80000620
        9855000	       984	00000000	00000013	addi	x0,x0,0	  x0:0x00000000
        9865000	       985	800005f4	00000013	addi	x0,x0,0	  x0:0x00000000
        9875000	       986	800005f8	0240056f	jal	x10,800005f8	 x10=0x800005f8
        9885000	       987	00000000	00000013	addi	x0,x0,0	  x0:0x00000000
        9895000	       988	80000618	00000013	addi	x0,x0,0	  x0:0x00000000
        9905000	       989	8000061c	fe9ff1ef	jal	x3,8000061c	  x3=0x8000061c
        9915000	       990	00000000	00000013	addi	x0,x0,0	  x0:0x00000000
        9925000	       991	80000600	00000013	addi	x0,x0,0	  x0:0x00000000
        9935000	       992	80000604	ffdff1ef	jal	x3,80000604	  x3=0x80000604
        9945000	       993	00000000	00000013	addi	x0,x0,0	  x0:0x00000000
        9955000	       994	800005fc	00000013	addi	x0,x0,0	  x0:0x00000000
        9965000	       995	80000600	0100036f	jal	x6,80000600	  x6=0x80000600
        9975000	       996	00000000	00000013	addi	x0,x0,0	  x0:0x00000000
        9985000	       997	8000060c	00000013	addi	x0,x0,0	  x0:0x00000000
        9995000	       998	80000610	0080026f	jal	x4,80000610	  x4=0x80000610
       10005000	       999	00000000	00000013	addi	x0,x0,0	  x0:0x00000000
       10015000	      1000	80000614	00000013	addi	x0,x0,0	  x0:0x00000000
       10025000	      1001	80000618	ff5ff36f	jal	x6,80000618	  x6=0x80000618
       10035000	      1002	00000000	00000013	addi	x0,x0,0	  x0:0x00000000
       10045000	      1003	80000608	00000013	addi	x0,x0,0	  x0:0x00000000
       10055000	      1004	8000060c	ff1ffc6f	jal	x24,8000060c	 x24=0x8000060c
       10065000	      1005	00000000	00000013	addi	x0,x0,0	  x0:0x00000000
       10075000	      1006	800005f8	00000013	addi	x0,x0,0	  x0:0x00000000
       10085000	      1007	800005fc	0280036f	jal	x6,800005fc	  x6=0x800005fc
       10095000	      1008	00000000	00000013	addi	x0,x0,0	  x0:0x00000000
       10105000	      1009	80000620	00000013	addi	x0,x0,0	  x0:0x00000000
       10115000	      1010	80000624	ff1ff2ef	jal	x5,80000624	  x5=0x80000624
       10125000	      1011	00000000	00000013	addi	x0,x0,0	  x0:0x00000000
       10135000	      1012	80000610	00000013	addi	x0,x0,0	  x0:0x00000000
       10145000	      1013	80000614	0140036f	jal	x6,80000614	  x6=0x80000614
       10155000	      1014	00000000	00000013	addi	x0,x0,0	  x0:0x00000000
       10165000	      1015	80000624	00000013	addi	x0,x0,0	  x0:0x00000000
       10175000	      1016	80000628	008a3b33	sltu	x22,x20,x8	 x20:0x891144f8  x8:0x800005a4 x22=0x00000000
       10185000	      1017	8000062c	0200036f	jal	x6,8000062c	  x6=0x8000062c
       10195000	      1018	00000000	00000013	addi	x0,x0,0	  x0:0x00000000
       10205000	      1019	80000648	00000013	addi	x0,x0,0	  x0:0x00000000
       10215000	      1020	8000064c	0040046f	jal	x8,8000064c	  x8=0x8000064c
       10225000	      1021	00000000	00000013	addi	x0,x0,0	  x0:0x00000000
       10235000	      1022	8000064c	00000013	addi	x0,x0,0	  x0:0x00000000
       10245000	      1023	80000650	01000d6f	jal	x26,80000650	 x26=0x80000650
       10255000	      1024	00000000	00000013	addi	x0,x0,0	  x0:0x00000000
       10265000	      1025	8000065c	00000013	addi	x0,x0,0	  x0:0x00000000
       10275000	      1026	80000660	ffdff26f	jal	x4,80000660	  x4=0x80000660
       10285000	      1027	00000000	00000013	addi	x0,x0,0	  x0:0x00000000
       10295000	      1028	80000658	00000013	addi	x0,x0,0	  x0:0x00000000
       10305000	      1029	8000065c	fddff46f	jal	x8,8000065c	  x8=0x8000065c
       10315000	      1030	00000000	00000013	addi	x0,x0,0	  x0:0x00000000
       10325000	      1031	80000634	00000013	addi	x0,x0,0	  x0:0x00000000
       10335000	      1032	80000638	0080036f	jal	x6,80000638	  x6=0x80000638
       10345000	      1033	00000000	00000013	addi	x0,x0,0	  x0:0x00000000
       10355000	      1034	8000063c	00000013	addi	x0,x0,0	  x0:0x00000000
       10365000	      1035	80000640	024008ef	jal	x17,80000640	 x17=0x80000640
       10375000	      1036	00000000	00000013	addi	x0,x0,0	  x0:0x00000000
       10385000	      1037	80000660	00000013	addi	x0,x0,0	  x0:0x00000000
       10395000	      1038	80000664	fd1ff3ef	jal	x7,80000664	  x7=0x80000664
       10405000	      1039	00000000	00000013	addi	x0,x0,0	  x0:0x00000000
       10415000	      1040	80000630	00000013	addi	x0,x0,0	  x0:0x00000000
       10425000	      1041	80000634	0080036f	jal	x6,80000634	  x6=0x80000634
       10435000	      1042	00000000	00000013	addi	x0,x0,0	  x0:0x00000000
       10445000	      1043	80000638	00000013	addi	x0,x0,0	  x0:0x00000000
       10455000	      1044	8000063c	018001ef	jal	x3,8000063c	  x3=0x8000063c
       10465000	      1045	00000000	00000013	addi	x0,x0,0	  x0:0x00000000
       10475000	      1046	80000650	00000013	addi	x0,x0,0	  x0:0x00000000
       10485000	      1047	80000654	ff5ff36f	jal	x6,80000654	  x6=0x80000654
       10495000	      1048	00000000	00000013	addi	x0,x0,0	  x0:0x00000000
       10505000	      1049	80000644	00000013	addi	x0,x0,0	  x0:0x00000000
       10515000	      1050	80000648	ffdff36f	jal	x6,80000648	  x6=0x80000648
       10525000	      1051	00000000	00000013	addi	x0,x0,0	  x0:0x00000000
       10535000	      1052	80000640	00000013	addi	x0,x0,0	  x0:0x00000000
       10545000	      1053	80000644	fedff2ef	jal	x5,80000644	  x5=0x80000644
       10555000	      1054	00000000	00000013	addi	x0,x0,0	  x0:0x00000000
       10565000	      1055	8000062c	00000013	addi	x0,x0,0	  x0:0x00000000
       10575000	      1056	80000630	0280036f	jal	x6,80000630	  x6=0x80000630
       10585000	      1057	00000000	00000013	addi	x0,x0,0	  x0:0x00000000
       10595000	      1058	80000654	00000013	addi	x0,x0,0	  x0:0x00000000
       10605000	      1059	80000658	010002ef	jal	x5,80000658	  x5=0x80000658
       10615000	      1060	00000000	00000013	addi	x0,x0,0	  x0:0x00000000
       10625000	      1061	80000664	00000013	addi	x0,x0,0	  x0:0x00000000
       10635000	      1062	80000668	41725413	srai	x8,x4,0x17	  x4:0x80000660  x8=0xffffff00
       10645000	      1063	8000066c	0340036f	jal	x6,8000066c	  x6=0x8000066c
       10655000	      1064	00000000	00000013	addi	x0,x0,0	  x0:0x00000000
       10665000	      1065	8000069c	00000013	addi	x0,x0,0	  x0:0x00000000
       10675000	      1066	800006a0	fe5ff36f	jal	x6,800006a0	  x6=0x800006a0
       10685000	      1067	00000000	00000013	addi	x0,x0,0	  x0:0x00000000
       10695000	      1068	80000680	00000013	addi	x0,x0,0	  x0:0x00000000
       10705000	      1069	80000684	ff5ff8ef	jal	x17,80000684	 x17=0x80000684
       10715000	      1070	00000000	00000013	addi	x0,x0,0	  x0:0x00000000
       10725000	      1071	80000674	00000013	addi	x0,x0,0	  x0:0x00000000
       10735000	      1072	80000678	00400f6f	jal	x30,80000678	 x30=0x80000678
       10745000	      1073	00000000	00000013	addi	x0,x0,0	  x0:0x00000000
       10755000	      1074	80000678	00000013	addi	x0,x0,0	  x0:0x00000000
       10765000	      1075	8000067c	02c0036f	jal	x6,8000067c	  x6=0x8000067c
       10775000	      1076	00000000	00000013	addi	x0,x0,0	  x0:0x00000000
       10785000	      1077	800006a4	00000013	addi	x0,x0,0	  x0:0x00000000
       10795000	      1078	800006a8	00800f6f	jal	x30,800006a8	 x30=0x800006a8
       10805000	      1079	00000000	00000013	addi	x0,x0,0	  x0:0x00000000
       10815000	      1080	800006ac	00000013	addi	x0,x0,0	  x0:0x00000000
       10825000	      1081	800006b0	fedfffef	jal	x31,800006b0	 x31=0x800006b0
       10835000	      1082	00000000	00000013	addi	x0,x0,0	  x0:0x00000000
       10845000	      1083	80000698	00000013	addi	x0,x0,0	  x0:0x00000000
       10855000	      1084	8000069c	fd5ff2ef	jal	x5,8000069c	  x5=0x8000069c
       10865000	      1085	00000000	00000013	addi	x0,x0,0	  x0:0x00000000
       10875000	      1086	8000066c	00000013	addi	x0,x0,0	  x0:0x00000000
       10885000	      1087	80000670	0280056f	jal	x10,80000670	 x10=0x80000670
       10895000	      1088	00000000	00000013	addi	x0,x0,0	  x0:0x00000000
       10905000	      1089	80000694	00000013	addi	x0,x0,0	  x0:0x00000000
       10915000	      1090	80000698	ff9ff36f	jal	x6,80000698	  x6=0x80000698
       10925000	      1091	00000000	00000013	addi	x0,x0,0	  x0:0x00000000
       10935000	      1092	8000068c	00000013	addi	x0,x0,0	  x0:0x00000000
       10945000	      1093	80000690	01c002ef	jal	x5,80000690	  x5=0x80000690
       10955000	      1094	00000000	00000013	addi	x0,x0,0	  x0:0x00000000
       10965000	      1095	800006a8	00000013	addi	x0,x0,0	  x0:0x00000000
       10975000	      1096	800006ac	fc9ff3ef	jal	x7,800006ac	  x7=0x800006ac
       10985000	      1097	00000000	00000013	addi	x0,x0,0	  x0:0x00000000
       10995000	      1098	80000670	00000013	addi	x0,x0,0	  x0:0x00000000
       11005000	      1099	80000674	04000cef	jal	x25,80000674	 x25=0x80000674
       11015000	      1100	00000000	00000013	addi	x0,x0,0	  x0:0x00000000
       11025000	      1101	800006b0	00000013	addi	x0,x0,0	  x0:0x00000000
       11035000	      1102	800006b4	fd5ff6ef	jal	x13,800006b4	 x13=0x800006b4
       11045000	      1103	00000000	00000013	addi	x0,x0,0	  x0:0x00000000
       11055000	      1104	80000684	00000013	addi	x0,x0,0	  x0:0x00000000
       11065000	      1105	80000688	00c007ef	jal	x15,80000688	 x15=0x80000688
       11075000	      1106	00000000	00000013	addi	x0,x0,0	  x0:0x00000000
       11085000	      1107	80000690	00000013	addi	x0,x0,0	  x0:0x00000000
       11095000	      1108	80000694	010001ef	jal	x3,80000694	  x3=0x80000694
       11105000	      1109	00000000	00000013	addi	x0,x0,0	  x0:0x00000000
       11115000	      1110	800006a0	00000013	addi	x0,x0,0	  x0:0x00000000
       11125000	      1111	800006a4	fe9ff36f	jal	x6,800006a4	  x6=0x800006a4
       11135000	      1112	00000000	00000013	addi	x0,x0,0	  x0:0x00000000
       11145000	      1113	80000688	00000013	addi	x0,x0,0	  x0:0x00000000
       11155000	      1114	8000068c	ff5ff36f	jal	x6,8000068c	  x6=0x8000068c
       11165000	      1115	00000000	00000013	addi	x0,x0,0	  x0:0x00000000
       11175000	      1116	8000067c	00000013	addi	x0,x0,0	  x0:0x00000000
       11185000	      1117	80000680	03800e6f	jal	x28,80000680	 x28=0x80000680
       11195000	      1118	00000000	00000013	addi	x0,x0,0	  x0:0x00000000
       11205000	      1119	800006b4	00000013	addi	x0,x0,0	  x0:0x00000000
       11215000	      1120	800006b8	00c91933	sll	x18,x18,x12	 x18:0x800003d8 x12:0x80000530 x18=0x03d80000
       11225000	      1121	800006bc	0580036f	jal	x6,800006bc	  x6=0x800006bc
       11235000	      1122	00000000	00000013	addi	x0,x0,0	  x0:0x00000000
       11245000	      1123	80000710	00000013	addi	x0,x0,0	  x0:0x00000000
       11255000	      1124	80000714	fd9ffaef	jal	x21,80000714	 x21=0x80000714
       11265000	      1125	00000000	00000013	addi	x0,x0,0	  x0:0x00000000
       11275000	      1126	800006e8	00000013	addi	x0,x0,0	  x0:0x00000000
       11285000	      1127	800006ec	0300036f	jal	x6,800006ec	  x6=0x800006ec
       11295000	      1128	00000000	00000013	addi	x0,x0,0	  x0:0x00000000
       11305000	      1129	80000718	00000013	addi	x0,x0,0	  x0:0x00000000
       11315000	      1130	8000071c	ffdff1ef	jal	x3,8000071c	  x3=0x8000071c
       11325000	      1131	00000000	00000013	addi	x0,x0,0	  x0:0x00000000
       11335000	      1132	80000714	00000013	addi	x0,x0,0	  x0:0x00000000
       11345000	      1133	80000718	fd1ff36f	jal	x6,80000718	  x6=0x80000718
       11355000	      1134	00000000	00000013	addi	x0,x0,0	  x0:0x00000000
       11365000	      1135	800006e4	00000013	addi	x0,x0,0	  x0:0x00000000
       11375000	      1136	800006e8	ffdffc6f	jal	x24,800006e8	 x24=0x800006e8
       11385000	      1137	00000000	00000013	addi	x0,x0,0	  x0:0x00000000
       11395000	      1138	800006e0	00000013	addi	x0,x0,0	  x0:0x00000000
       11405000	      1139	800006e4	00c002ef	jal	x5,800006e4	  x5=0x800006e4
       11415000	      1140	00000000	00000013	addi	x0,x0,0	  x0:0x00000000
       11425000	      1141	800006ec	00000013	addi	x0,x0,0	  x0:0x00000000
       11435000	      1142	800006f0	01800c6f	jal	x24,800006f0	 x24=0x800006f0
       11445000	      1143	00000000	00000013	addi	x0,x0,0	  x0:0x00000000
       11455000	      1144	80000704	00000013	addi	x0,x0,0	  x0:0x00000000
       11465000	      1145	80000708	fbdff36f	jal	x6,80000708	  x6=0x80000708
       11475000	      1146	00000000	00000013	addi	x0,x0,0	  x0:0x00000000
       11485000	      1147	800006c0	00000013	addi	x0,x0,0	  x0:0x00000000
       11495000	      1148	800006c4	01c0036f	jal	x6,800006c4	  x6=0x800006c4
       11505000	      1149	00000000	00000013	addi	x0,x0,0	  x0:0x00000000
       11515000	      1150	800006dc	00000013	addi	x0,x0,0	  x0:0x00000000
       11525000	      1151	800006e0	0400036f	jal	x6,800006e0	  x6=0x800006e0
       11535000	      1152	00000000	00000013	addi	x0,x0,0	  x0:0x00000000
       11545000	      1153	8000071c	00000013	addi	x0,x0,0	  x0:0x00000000
       11555000	      1154	80000720	fbdfffef	jal	x31,80000720	 x31=0x80000720
       11565000	      1155	00000000	00000013	addi	x0,x0,0	  x0:0x00000000
       11575000	      1156	800006d8	00000013	addi	x0,x0,0	  x0:0x00000000
       11585000	      1157	800006dc	01800e6f	jal	x28,800006dc	 x28=0x800006dc
       11595000	      1158	00000000	00000013	addi	x0,x0,0	  x0:0x00000000
       11605000	      1159	800006f0	00000013	addi	x0,x0,0	  x0:0x00000000
       11615000	      1160	800006f4	0100036f	jal	x6,800006f4	  x6=0x800006f4
       11625000	      1161	00000000	00000013	addi	x0,x0,0	  x0:0x00000000
       11635000	      1162	80000700	00000013	addi	x0,x0,0	  x0:0x00000000
       11645000	      1163	80000704	fd1ff1ef	jal	x3,80000704	  x3=0x80000704
       11655000	      1164	00000000	00000013	addi	x0,x0,0	  x0:0x00000000
       11665000	      1165	800006d0	00000013	addi	x0,x0,0	  x0:0x00000000
       11675000	      1166	800006d4	038008ef	jal	x17,800006d4	 x17=0x800006d4
       11685000	      1167	00000000	00000013	addi	x0,x0,0	  x0:0x00000000
       11695000	      1168	80000708	00000013	addi	x0,x0,0	  x0:0x00000000
       11705000	      1169	8000070c	fedffc6f	jal	x24,8000070c	 x24=0x8000070c
       11715000	      1170	00000000	00000013	addi	x0,x0,0	  x0:0x00000000
       11725000	      1171	800006f4	00000013	addi	x0,x0,0	  x0:0x00000000
       11735000	      1172	800006f8	018008ef	jal	x17,800006f8	 x17=0x800006f8
       11745000	      1173	00000000	00000013	addi	x0,x0,0	  x0:0x00000000
       11755000	      1174	8000070c	00000013	addi	x0,x0,0	  x0:0x00000000
       11765000	      1175	80000710	fedff2ef	jal	x5,80000710	  x5=0x80000710
       11775000	      1176	00000000	00000013	addi	x0,x0,0	  x0:0x00000000
       11785000	      1177	800006f8	00000013	addi	x0,x0,0	  x0:0x00000000
       11795000	      1178	800006fc	fcdffe6f	jal	x28,800006fc	 x28=0x800006fc
       11805000	      1179	00000000	00000013	addi	x0,x0,0	  x0:0x00000000
       11815000	      1180	800006c4	00000013	addi	x0,x0,0	  x0:0x00000000
       11825000	      1181	800006c8	0080076f	jal	x14,800006c8	 x14=0x800006c8
       11835000	      1182	00000000	00000013	addi	x0,x0,0	  x0:0x00000000
       11845000	      1183	800006cc	00000013	addi	x0,x0,0	  x0:0x00000000
       11855000	      1184	800006d0	ff1ffbef	jal	x23,800006d0	 x23=0x800006d0
       11865000	      1185	00000000	00000013	addi	x0,x0,0	  x0:0x00000000
       11875000	      1186	800006bc	00000013	addi	x0,x0,0	  x0:0x00000000
       11885000	      1187	800006c0	0180046f	jal	x8,800006c0	  x8=0x800006c0
       11895000	      1188	00000000	00000013	addi	x0,x0,0	  x0:0x00000000
       11905000	      1189	800006d4	00000013	addi	x0,x0,0	  x0:0x00000000
       11915000	      1190	800006d8	ff5ff36f	jal	x6,800006d8	  x6=0x800006d8
       11925000	      1191	00000000	00000013	addi	x0,x0,0	  x0:0x00000000
       11935000	      1192	800006c8	00000013	addi	x0,x0,0	  x0:0x00000000
       11945000	      1193	800006cc	05800eef	jal	x29,800006cc	 x29=0x800006cc
       11955000	      1194	00000000	00000013	addi	x0,x0,0	  x0:0x00000000
       11965000	      1195	80000720	00000013	addi	x0,x0,0	  x0:0x00000000
       11975000	      1196	80000724	fddff36f	jal	x6,80000724	  x6=0x80000724
       11985000	      1197	00000000	00000013	addi	x0,x0,0	  x0:0x00000000
       11995000	      1198	800006fc	00000013	addi	x0,x0,0	  x0:0x00000000
       12005000	      1199	80000700	02800c6f	jal	x24,80000700	 x24=0x80000700
       12015000	      1200	00000000	00000013	addi	x0,x0,0	  x0:0x00000000
       12025000	      1201	80000724	00000013	addi	x0,x0,0	  x0:0x00000000
       12035000	      1202	80000728	01913d33	sltu	x26,x2,x25	  x2:0x80009f84 x25:0x80000674 x26=0x00000000
       12045000	      1203	8000072c	0118d1b3	srl	x3,x17,x17	 x17:0x800006f8 x17:0x800006f8  x3=0x00000080
       12055000	      1204	80000730	0eafa737	lui	x14,0xeafa	 x14=0x0eafa000
       12065000	      1205	80000734	00000013	addi	x0,x0,0	  x0:0x00000000
       12075000	      1206	80000738	0071b1b3	sltu	x3,x3,x7	  x3:0x00000080  x7:0x800006ac  x3=0x00000001
       12085000	      1207	8000073c	063fad13	slti	x26,x31,99	 x31:0x80000720 x26=0x00000001
       12095000	      1208	80000740	0375f863	bgeu	x11,x23,80000770	 x11:0x8000054c x23:0x800006d0
       12105000	      1209	80000744	41725d33	sra	x26,x4,x23	  x4:0x80000660 x23:0x800006d0 x26=0xffff8000
       12115000	      1210	80000748	4127dc33	sra	x24,x15,x18	 x15:0x80000688 x18:0x03d80000 x24=0x80000688
       12125000	      1211	8000074c	03d24c63	blt	x4,x29,80000784	  x4:0x80000660 x29:0x800006cc
       12135000	      1212	00000000	00000013	addi	x0,x0,0	  x0:0x00000000
       12145000	      1213	80000780	00000013	addi	x0,x0,0	  x0:0x00000000
       12155000	      1214	80000784	03040c63	beq	x8,x16,800007bc	  x8:0x800006c0 x16:0x800005d4
       12165000	      1215	80000788	0316f263	bgeu	x13,x17,800007ac	 x13:0x800006b4 x17:0x800006f8
       12175000	      1216	8000078c	40badab3	sra	x21,x21,x11	 x21:0x80000714 x11:0x8000054c x21=0xfff80000
       12185000	      1217	80000790	40525c93	srai	x25,x4,0x5	  x4:0x80000660 x25=0xfc000033
       12195000	      1218	80000794	c3314e93	xori	x29,x2,-973	  x2:0x80009f84 x29=0x7fff63b7
       12205000	      1219	80000798	1291dc17	auipc	x24,0x1291d	 x24=0x9291d794
       12215000	      1220	8000079c	bd322297	auipc	x5,0xbd322	  x5=0x3d322798
       12225000	      1221	800007a0	015663b3	or	x7,x12,x21	 x12:0x80000530 x21:0xfff80000  x7=0xfff80530
       12235000	      1222	800007a4	70d98293	addi	x5,x19,1805	 x19:0x800005e0  x5=0x80000ced
       12245000	      1223	800007a8	41395613	srai	x12,x18,0x13	 x18:0x03d80000 x12=0x0000007b
       12255000	      1224	800007ac	250dad13	slti	x26,x27,592	 x27:0x80009fc4 x26=0x00000001
       12265000	      1225	800007b0	01a1bd33	sltu	x26,x3,x26	  x3:0x00000001 x26:0x00000001 x26=0x00000000
       12275000	      1226	800007b4	00a143b3	xor	x7,x2,x10	  x2:0x80009f84 x10:0x80000670  x7=0x000099f4
       12285000	      1227	800007b8	0148e263	bltu	x17,x20,800007bc	 x17:0x800006f8 x20:0x891144f8
       12295000	      1228	00000000	00000013	addi	x0,x0,0	  x0:0x00000000
       12305000	      1229	800007b8	00000013	addi	x0,x0,0	  x0:0x00000000
       12315000	      1230	800007bc	00dcfa33	and	x20,x25,x13	 x25:0xfc000033 x13:0x800006b4 x20=0x80000030
       12325000	      1231	800007c0	00b1f463	bgeu	x3,x11,800007c8	  x3:0x00000001 x11:0x8000054c
       12335000	      1232	800007c4	01fb9663	bne	x23,x31,800007d0	 x23:0x800006d0 x31:0x80000720
       12345000	      1233	00000000	00000013	addi	x0,x0,0	  x0:0x00000000
       12355000	      1234	800007cc	00000013	addi	x0,x0,0	  x0:0x00000000
       12365000	      1235	800007d0	00519c63	bne	x3,x5,800007e8	  x3:0x00000001  x5:0x80000ced
       12375000	      1236	00000000	00000013	addi	x0,x0,0	  x0:0x00000000
       12385000	      1237	800007e4	00000013	addi	x0,x0,0	  x0:0x00000000
       12395000	      1238	800007e8	001e0e63	beq	x28,x1,80000804	 x28:0x800006fc  x1:0x00000002
       12405000	      1239	800007ec	01555b33	srl	x22,x10,x21	 x10:0x80000670 x21:0xfff80000 x22=0x80000670
       12415000	      1240	800007f0	40bb5813	srai	x16,x22,0xb	 x22:0x80000670 x16=0xfff00000
       12425000	      1241	800007f4	035f5463	bge	x30,x21,8000081c	 x30:0x800006a8 x21:0xfff80000
       12435000	      1242	800007f8	013dffb3	and	x31,x27,x19	 x27:0x80009fc4 x19:0x800005e0 x31=0x800005c0
       12445000	      1243	800007fc	eb87ba13	sltiu	x20,x15,-328	 x15:0x80000688 x20=0x00000001
       12455000	      1244	80000800	01261e93	slli	x29,x12,0x12	 x12:0x0000007b x29=0x01ec0000
       12465000	      1245	80000804	0143d433	srl	x8,x7,x20	  x7:0x000099f4 x20:0x00000001  x8=0x00004cfa
       12475000	      1246	80000808	3ddf1a37	lui	x20,0x3ddf1	 x20=0x3ddf1000
       12485000	      1247	8000080c	2547fa93	andi	x21,x15,596	 x15:0x80000688 x21=0x00000200
       12495000	      1248	80000810	1f6f7197	auipc	x3,0x1f6f7	  x3=0x9f6f780c
       12505000	      1249	80000814	7b11b293	sltiu	x5,x3,1969	  x3:0x9f6f780c  x5=0x00000000
       12515000	      1250	80000818	002b1a93	slli	x21,x22,0x2	 x22:0x80000670 x21=0x000019c0
       12525000	      1251	8000081c	01d1ebb3	or	x23,x3,x29	  x3:0x9f6f780c x29:0x01ec0000 x23=0x9fef780c
       12535000	      1252	80000820	05b61463	bne	x12,x27,80000868	 x12:0x0000007b x27:0x80009fc4
       12545000	      1253	00000000	00000013	addi	x0,x0,0	  x0:0x00000000
       12555000	      1254	80000864	00000013	addi	x0,x0,0	  x0:0x00000000
       12565000	      1255	80000868	41abde93	srai	x29,x23,0x1a	 x23:0x9fef780c x29=0xffffffe7
       12575000	      1256	8000086c	04b18263	beq	x3,x11,800008b0	  x3:0x9f6f780c x11:0x8000054c
       12585000	      1257	80000870	6166ac13	slti	x24,x13,1558	 x13:0x800006b4 x24=0x00000001
       12595000	      1258	80000874	00fcf933	and	x18,x25,x15	 x25:0xfc000033 x15:0x80000688 x18=0x80000000
       12605000	      1259	80000878	01cedcb3	srl	x25,x29,x28	 x29:0xffffffe7 x28:0x800006fc x25=0x0000000f
       12615000	      1260	8000087c	41da56b3	sra	x13,x20,x29	 x20:0x3ddf1000 x29:0xffffffe7 x13=0x007bbe20
       12625000	      1261	80000880	01f8e663	bltu	x17,x31,8000088c	 x17:0x800006f8 x31:0x800005c0
       12635000	      1262	80000884	41d106b3	sub	x13,x2,x29	  x2:0x80009f84 x29:0xffffffe7 x13=0x80009f9d
       12645000	      1263	80000888	7492d417	auipc	x8,0x7492d	  x8=0xf492d884
       12655000	      1264	8000088c	401ddab3	sra	x21,x27,x1	 x27:0x80009fc4  x1:0x00000002 x21=0xe00027f1
       12665000	      1265	80000890	00000013	addi	x0,x0,0	  x0:0x00000000
       12675000	      1266	80000894	02a6f063	bgeu	x13,x10,800008b4	 x13:0x80009f9d x10:0x80000670
       12685000	      1267	00000000	00000013	addi	x0,x0,0	  x0:0x00000000
       12695000	      1268	800008b0	00000013	addi	x0,x0,0	  x0:0x00000000
       12705000	      1269	800008b4	00e04fb3	xor	x31,x0,x14	  x0:0x00000000 x14:0x0eafa000 x31=0x0eafa000
       12715000	      1270	800008b8	41b45e93	srai	x29,x8,0x1b	  x8:0xf492d884 x29=0xfffffffe
       12725000	      1271	800008bc	01f6ff33	and	x30,x13,x31	 x13:0x80009f9d x31:0x0eafa000 x30=0x00008000
       12735000	      1272	800008c0	5ee9f513	andi	x10,x19,1518	 x19:0x800005e0 x10=0x000005e0
       12745000	      1273	800008c4	99627f93	andi	x31,x4,-1642	  x4:0x80000660 x31=0x80000000
       12755000	      1274	800008c8	02e0e463	bltu	x1,x14,800008f0	  x1:0x00000002 x14:0x0eafa000
       12765000	      1275	00000000	00000013	addi	x0,x0,0	  x0:0x00000000
       12775000	      1276	800008ec	00000013	addi	x0,x0,0	  x0:0x00000000
       12785000	      1277	800008f0	0159c7b3	xor	x15,x19,x21	 x19:0x800005e0 x21:0xe00027f1 x15=0x60002211
       12795000	      1278	800008f4	0179db13	srli	x22,x19,0x17	 x19:0x800005e0 x22=0x00000100
       12805000	      1279	800008f8	6ccd6513	ori	x10,x26,1740	 x26:0x00000000 x10=0x000006cc
       12815000	      1280	800008fc	00ba05b3	add	x11,x20,x11	 x20:0x3ddf1000 x11:0x8000054c x11=0xbddf154c
       12825000	      1281	80000900	03cb6e63	bltu	x22,x28,8000093c	 x22:0x00000100 x28:0x800006fc
       12835000	      1282	00000000	00000013	addi	x0,x0,0	  x0:0x00000000
       12845000	      1283	80000938	00000013	addi	x0,x0,0	  x0:0x00000000
       12855000	      1284	8000093c	f8394c93	xori	x25,x18,-125	 x18:0x80000000 x25=0x7fffff83
       12865000	      1285	80000940	44b0ca13	xori	x20,x1,1099	  x1:0x00000002 x20=0x00000449
       12875000	      1286	80000944	0125de33	srl	x28,x11,x18	 x11:0xbddf154c x18:0x80000000 x28=0xbddf154c
       12885000	      1287	80000948	70f42a13	slti	x20,x8,1807	  x8:0xf492d884 x20=0x00000001
       12895000	      1288	8000094c	03469c63	bne	x13,x20,80000984	 x13:0x80009f9d x20:0x00000001
       12905000	      1289	00000000	00000013	addi	x0,x0,0	  x0:0x00000000
       12915000	      1290	80000980	00000013	addi	x0,x0,0	  x0:0x00000000
       12925000	      1291	80000984	005035b3	sltu	x11,x0,x5	  x0:0x00000000  x5:0x00000000 x11=0x00000000
       12935000	      1292	80000988	014c8663	beq	x25,x20,80000994	 x25:0x7fffff83 x20:0x00000001
       12945000	      1293	8000098c	018cab33	slt	x22,x25,x24	 x25:0x7fffff83 x24:0x00000001 x22=0x00000000
       12955000	      1294	80000990	02d4f863	bgeu	x9,x13,800009c0	  x9:0x8000058c x13:0x80009f9d
       12965000	      1295	80000994	04ed1263	bne	x26,x14,800009d8	 x26:0x00000000 x14:0x0eafa000
       12975000	      1296	00000000	00000013	addi	x0,x0,0	  x0:0x00000000
       12985000	      1297	800009d4	00000013	addi	x0,x0,0	  x0:0x00000000
       12995000	      1298	800009d8	c5b47813	andi	x16,x8,-933	  x8:0xf492d884 x16=0xf492d800
       13005000	      1299	800009dc	23b5ea97	auipc	x21,0x23b5e	 x21=0xa3b5e9d8
       13015000	      1300	800009e0	c3e9ba93	sltiu	x21,x19,-962	 x19:0x800005e0 x21=0x00000001
       13025000	      1301	800009e4	40a1ae17	auipc	x28,0x40a1a	 x28=0xc0a1a9e0
       13035000	      1302	800009e8	009548b3	xor	x17,x10,x9	 x10:0x000006cc  x9:0x8000058c x17=0x80000340
       13045000	      1303	800009ec	41e3df13	srai	x30,x7,0x1e	  x7:0x000099f4 x30=0x00000000
       13055000	      1304	800009f0	d11ba593	slti	x11,x23,-751	 x23:0x9fef780c x11=0x00000001
       13065000	      1305	800009f4	01e4a2b3	slt	x5,x9,x30	  x9:0x8000058c x30:0x00000000  x5=0x00000001
       13075000	      1306	800009f8	00e985b3	add	x11,x19,x14	 x19:0x800005e0 x14:0x0eafa000 x11=0x8eafa5e0
       13085000	      1307	800009fc	01034ab3	xor	x21,x6,x16	  x6:0x80000724 x16:0xf492d800 x21=0x7492df24
       13095000	      1308	80000a00	01d10733	add	x14,x2,x29	  x2:0x80009f84 x29:0xfffffffe x14=0x80009f82
       13105000	      1309	80000a04	728f91b7	lui	x3,0x728f9	  x3=0x728f9000
       13115000	      1310	80000a08	9c6bce13	xori	x28,x23,-1594	 x23:0x9fef780c x28=0x601081ca
       13125000	      1311	80000a0c	413ede33	sra	x28,x29,x19	 x29:0xfffffffe x19:0x800005e0 x28=0xfffffffe
       13135000	      1312	80000a10	41ccde93	srai	x29,x25,0x1c	 x25:0x7fffff83 x29=0x00000007
       13145000	      1313	80000a14	402a0333	sub	x6,x20,x2	 x20:0x00000001  x2:0x80009f84  x6=0x7fff607d
       13155000	      1314	80000a18	41b95833	sra	x16,x18,x27	 x18:0x80000000 x27:0x80009fc4 x16=0xf8000000
       13165000	      1315	80000a1c	402d0833	sub	x16,x26,x2	 x26:0x00000000  x2:0x80009f84 x16=0x7fff607c
       13175000	      1316	80000a20	00e1b4b3	sltu	x9,x3,x14	  x3:0x728f9000 x14:0x80009f82  x9=0x00000001
       13185000	      1317	80000a24	02980c63	beq	x16,x9,80000a5c	 x16:0x7fff607c  x9:0x00000001
       13195000	      1318	80000a28	40bc5b93	srai	x23,x24,0xb	 x24:0x00000001 x23=0x00000000
       13205000	      1319	80000a2c	01595663	bge	x18,x21,80000a38	 x18:0x80000000 x21:0x7492df24
       13215000	      1320	80000a30	034e9063	bne	x29,x20,80000a50	 x29:0x00000007 x20:0x00000001
       13225000	      1321	00000000	00000013	addi	x0,x0,0	  x0:0x00000000
       13235000	      1322	80000a4c	00000013	addi	x0,x0,0	  x0:0x00000000
       13245000	      1323	80000a50	48822593	slti	x11,x4,1160	  x4:0x80000660 x11=0x00000001
       13255000	      1324	80000a54	01365fb3	srl	x31,x12,x19	 x12:0x0000007b x19:0x800005e0 x31=0x0000007b
       13265000	      1325	80000a58	5722e593	ori	x11,x5,1394	  x5:0x00000001 x11=0x00000573
       13275000	      1326	80000a5c	01335a33	srl	x20,x6,x19	  x6:0x7fff607d x19:0x800005e0 x20=0x7fff607d
       13285000	      1327	80000a60	01fc4b33	xor	x22,x24,x31	 x24:0x00000001 x31:0x0000007b x22=0x0000007a
       13295000	      1328	80000a64	0bd65a63	bge	x12,x29,80000b18	 x12:0x0000007b x29:0x00000007
       13305000	      1329	00000000	00000013	addi	x0,x0,0	  x0:0x00000000
       13315000	      1330	80000b14	00000013	addi	x0,x0,0	  x0:0x00000000
       13325000	      1331	80000b18	005bcfb3	xor	x31,x23,x5	 x23:0x00000000  x5:0x00000001 x31=0x00000001
       13335000	      1332	80000b1c	005f1bb3	sll	x23,x30,x5	 x30:0x00000000  x5:0x00000001 x23=0x00000000
       13345000	      1333	80000b20	01bd5033	srl	x0,x26,x27	 x26:0x00000000 x27:0x80009fc4
       13355000	      1334	80000b24	01701eb3	sll	x29,x0,x23	  x0:0x00000000 x23:0x00000000 x29=0x00000000
       13365000	      1335	80000b28	40d30333	sub	x6,x6,x13	  x6:0x7fff607d x13:0x80009f9d  x6=0xfffec0e0
       13375000	      1336	80000b2c	40085493	srai	x9,x16,0x0	 x16:0x7fff607c  x9=0x7fff607c
       13385000	      1337	80000b30	bdc90293	addi	x5,x18,-1060	 x18:0x80000000  x5=0x7ffffbdc
       13395000	      1338	80000b34	00545013	srli	x0,x8,0x5	  x8:0xf492d884
       13405000	      1339	80000b38	012ef933	and	x18,x29,x18	 x29:0x00000000 x18:0x80000000 x18=0x00000000
       13415000	      1340	80000b3c	fd8e9537	lui	x10,0xfd8e9	 x10=0xfd8e9000
       13425000	      1341	80000b40	01ff8663	beq	x31,x31,80000b4c	 x31:0x00000001 x31:0x00000001
       13435000	      1342	00000000	00000013	addi	x0,x0,0	  x0:0x00000000
       13445000	      1343	80000b48	00000013	addi	x0,x0,0	  x0:0x00000000
       13455000	      1344	80000b4c	088c5663	bge	x24,x8,80000bd8	 x24:0x00000001  x8:0xf492d884
       13465000	      1345	00000000	00000013	addi	x0,x0,0	  x0:0x00000000
       13475000	      1346	80000bd4	00000013	addi	x0,x0,0	  x0:0x00000000
       13485000	      1347	80000bd8	40f80a33	sub	x20,x16,x15	 x16:0x7fff607c x15:0x60002211 x20=0x1fff3e6b
       13495000	      1348	80000bdc	418ad713	srai	x14,x21,0x18	 x21:0x7492df24 x14=0x00000074
       13505000	      1349	80000be0	02161463	bne	x12,x1,80000c08	 x12:0x0000007b  x1:0x00000002
       13515000	      1350	00000000	00000013	addi	x0,x0,0	  x0:0x00000000
       13525000	      1351	80000c04	00000013	addi	x0,x0,0	  x0:0x00000000
       13535000	      1352	80000c08	03de0863	beq	x28,x29,80000c38	 x28:0xfffffffe x29:0x00000000
       13545000	      1353	80000c0c	01409513	slli	x10,x1,0x14	  x1:0x00000002 x10=0x00200000
       13555000	      1354	80000c10	0154fab3	and	x21,x9,x21	  x9:0x7fff607c x21:0x7492df24 x21=0x74924024
       13565000	      1355	80000c14	74bddc97	auipc	x25,0x74bdd	 x25=0xf4bddc10
       13575000	      1356	80000c18	db08ea13	ori	x20,x17,-592	 x17:0x80000340 x20=0xfffffff0
       13585000	      1357	80000c1c	009628b3	slt	x17,x12,x9	 x12:0x0000007b  x9:0x7fff607c x17=0x00000001
       13595000	      1358	80000c20	cd3a7193	andi	x3,x20,-813	 x20:0xfffffff0  x3=0xfffffcd0
       13605000	      1359	80000c24	004546b3	xor	x13,x10,x4	 x10:0x00200000  x4:0x80000660 x13=0x80200660
       13615000	      1360	80000c28	b3598717	auipc	x14,0xb3598	 x14=0x33598c24
       13625000	      1361	80000c2c	0019e9b3	or	x19,x19,x1	 x19:0x800005e0  x1:0x00000002 x19=0x800005e2
       13635000	      1362	80000c30	02819863	bne	x3,x8,80000c60	  x3:0xfffffcd0  x8:0xf492d884
       13645000	      1363	00000000	00000013	addi	x0,x0,0	  x0:0x00000000
       13655000	      1364	80000c5c	00000013	addi	x0,x0,0	  x0:0x00000000
       13665000	      1365	80000c60	2d6ad637	lui	x12,0x2d6ad	 x12=0x2d6ad000
       13675000	      1366	80000c64	6401c413	xori	x8,x3,1600	  x3:0xfffffcd0  x8=0xfffffa90
       13685000	      1367	80000c68	007222b3	slt	x5,x4,x7	  x4:0x80000660  x7:0x000099f4  x5=0x00000001
       13695000	      1368	80000c6c	02ff9e63	bne	x31,x15,80000ca8	 x31:0x00000001 x15:0x60002211
       13705000	      1369	00000000	00000013	addi	x0,x0,0	  x0:0x00000000
       13715000	      1370	80000ca4	00000013	addi	x0,x0,0	  x0:0x00000000
       13725000	      1371	80000ca8	4ac52e93	slti	x29,x10,1196	 x10:0x00200000 x29=0x00000000
       13735000	      1372	80000cac	264bcc93	xori	x25,x23,612	 x23:0x00000000 x25=0x00000264
       13745000	      1373	80000cb0	008c4c33	xor	x24,x24,x8	 x24:0x00000001  x8:0xfffffa90 x24=0xfffffa91
       13755000	      1374	80000cb4	8af00bb7	lui	x23,0x8af00	 x23=0x8af00000
       13765000	      1375	80000cb8	415a88b3	sub	x17,x21,x21	 x21:0x74924024 x21:0x74924024 x17=0x00000000
       13775000	      1376	80000cbc	00161a93	slli	x21,x12,0x1	 x12:0x2d6ad000 x21=0x5ad5a000
       13785000	      1377	80000cc0	01ee36b3	sltu	x13,x28,x30	 x28:0xfffffffe x30:0x00000000 x13=0x00000000
       13795000	      1378	80000cc4	02499863	bne	x19,x4,80000cf4	 x19:0x800005e2  x4:0x80000660
       13805000	      1379	00000000	00000013	addi	x0,x0,0	  x0:0x00000000
       13815000	      1380	80000cf0	00000013	addi	x0,x0,0	  x0:0x00000000
       13825000	      1381	80000cf4	02478c63	beq	x15,x4,80000d2c	 x15:0x60002211  x4:0x80000660
       13835000	      1382	80000cf8	0189aa33	slt	x20,x19,x24	 x19:0x800005e2 x24:0xfffffa91 x20=0x00000001
       13845000	      1383	80000cfc	d702a697	auipc	x13,0xd702a	 x13=0x5702acf8
       13855000	      1384	80000d00	87f54f13	xori	x30,x10,-1921	 x10:0x00200000 x30=0xffdff87f
       13865000	      1385	80000d04	45bfcc93	xori	x25,x31,1115	 x31:0x00000001 x25=0x0000045a
       13875000	      1386	80000d08	02919463	bne	x3,x9,80000d30	  x3:0xfffffcd0  x9:0x7fff607c
       13885000	      1387	00000000	00000013	addi	x0,x0,0	  x0:0x00000000
       13895000	      1388	80000d2c	00000013	addi	x0,x0,0	  x0:0x00000000
       13905000	      1389	80000d30	ef6ea197	auipc	x3,0xef6ea	  x3=0x6f6ead2c
       13915000	      1390	80000d34	01858263	beq	x11,x24,80000d38	 x11:0x00000573 x24:0xfffffa91
       13925000	      1391	80000d38	007252b3	srl	x5,x4,x7	  x4:0x80000660  x7:0x000099f4  x5=0x00000800
       13935000	      1392	80000d3c	00004fb3	xor	x31,x0,x0	  x0:0x00000000  x0:0x00000000 x31=0x00000000
       13945000	      1393	80000d40	00ef3d33	sltu	x26,x30,x14	 x30:0xffdff87f x14:0x33598c24 x26=0x00000000
       13955000	      1394	80000d44	4166db13	srai	x22,x13,0x16	 x13:0x5702acf8 x22=0x0000015c
       13965000	      1395	80000d48	00d03e33	sltu	x28,x0,x13	  x0:0x00000000 x13:0x5702acf8 x28=0x00000001
       13975000	      1396	80000d4c	04621863	bne	x4,x6,80000d9c	  x4:0x80000660  x6:0xfffec0e0
       13985000	      1397	00000000	00000013	addi	x0,x0,0	  x0:0x00000000
       13995000	      1398	80000d98	00000013	addi	x0,x0,0	  x0:0x00000000
       14005000	      1399	80000d9c	0119f333	and	x6,x19,x17	 x19:0x800005e2 x17:0x00000000  x6=0x00000000
       14015000	      1400	80000da0	00666333	or	x6,x12,x6	 x12:0x2d6ad000  x6:0x00000000  x6=0x2d6ad000
       14025000	      1401	80000da4	011e1d13	slli	x26,x28,0x11	 x28:0x00000001 x26=0x00020000
       14035000	      1402	80000da8	00dc78b3	and	x17,x24,x13	 x24:0xfffffa91 x13:0x5702acf8 x17=0x5702a890
       14045000	      1403	80000dac	00311393	slli	x7,x2,0x3	  x2:0x80009f84  x7=0x0004fc20
       14055000	      1404	80000db0	0055c733	xor	x14,x11,x5	 x11:0x00000573  x5:0x00000800 x14=0x00000d73
       14065000	      1405	80000db4	00c5dcb3	srl	x25,x11,x12	 x11:0x00000573 x12:0x2d6ad000 x25=0x00000573
       14075000	      1406	80000db8	003631b3	sltu	x3,x12,x3	 x12:0x2d6ad000  x3:0x6f6ead2c  x3=0x00000001
       14085000	      1407	80000dbc	41dfdb33	sra	x22,x31,x29	 x31:0x00000000 x29:0x00000000 x22=0x00000000
       14095000	      1408	80000dc0	0155c663	blt	x11,x21,80000dcc	 x11:0x00000573 x21:0x5ad5a000
       14105000	      1409	00000000	00000013	addi	x0,x0,0	  x0:0x00000000
       14115000	      1410	80000dc8	00000013	addi	x0,x0,0	  x0:0x00000000
       14125000	      1411	80000dcc	00611393	slli	x7,x2,0x6	  x2:0x80009f84  x7=0x0027e100
       14135000	      1412	80000dd0	008d0d33	add	x26,x26,x8	 x26:0x00020000  x8:0xfffffa90 x26=0x0001fa90
       14145000	      1413	80000dd4	0ab4e063	bltu	x9,x11,80000e74	  x9:0x7fff607c x11:0x00000573
       14155000	      1414	80000dd8	00173433	sltu	x8,x14,x1	 x14:0x00000d73  x1:0x00000002  x8=0x00000000
       14165000	      1415	80000ddc	01cd2233	slt	x4,x26,x28	 x26:0x0001fa90 x28:0x00000001  x4=0x00000000
       14175000	      1416	80000de0	00b57e63	bgeu	x10,x11,80000dfc	 x10:0x00200000 x11:0x00000573
       14185000	      1417	00000000	00000013	addi	x0,x0,0	  x0:0x00000000
       14195000	      1418	80000df8	00000013	addi	x0,x0,0	  x0:0x00000000
       14205000	      1419	80000dfc	00b2a933	slt	x18,x5,x11	  x5:0x00000800 x11:0x00000573 x18=0x00000000
       14215000	      1420	80000e00	d0f06493	ori	x9,x0,-753	  x0:0x00000000  x9=0xfffffd0f
       14225000	      1421	80000e04	41d88e33	sub	x28,x17,x29	 x17:0x5702a890 x29:0x00000000 x28=0x5702a890
       14235000	      1422	80000e08	02c0036f	jal	x6,80000e08	  x6=0x80000e08
       14245000	      1423	00000000	00000013	addi	x0,x0,0	  x0:0x00000000
       14255000	      1424	80000e30	00000013	addi	x0,x0,0	  x0:0x00000000
       14265000	      1425	80000e34	0200036f	jal	x6,80000e34	  x6=0x80000e34
       14275000	      1426	00000000	00000013	addi	x0,x0,0	  x0:0x00000000
       14285000	      1427	80000e50	00000013	addi	x0,x0,0	  x0:0x00000000
       14295000	      1428	80000e54	ff9ff2ef	jal	x5,80000e54	  x5=0x80000e54
       14305000	      1429	00000000	00000013	addi	x0,x0,0	  x0:0x00000000
       14315000	      1430	80000e48	00000013	addi	x0,x0,0	  x0:0x00000000
       14325000	      1431	80000e4c	00c0046f	jal	x8,80000e4c	  x8=0x80000e4c
       14335000	      1432	00000000	00000013	addi	x0,x0,0	  x0:0x00000000
       14345000	      1433	80000e54	00000013	addi	x0,x0,0	  x0:0x00000000
       14355000	      1434	80000e58	fb5ff8ef	jal	x17,80000e58	 x17=0x80000e58
       14365000	      1435	00000000	00000013	addi	x0,x0,0	  x0:0x00000000
       14375000	      1436	80000e08	00000013	addi	x0,x0,0	  x0:0x00000000
       14385000	      1437	80000e0c	02c0036f	jal	x6,80000e0c	  x6=0x80000e0c
       14395000	      1438	00000000	00000013	addi	x0,x0,0	  x0:0x00000000
       14405000	      1439	80000e34	00000013	addi	x0,x0,0	  x0:0x00000000
       14415000	      1440	80000e38	0180026f	jal	x4,80000e38	  x4=0x80000e38
       14425000	      1441	00000000	00000013	addi	x0,x0,0	  x0:0x00000000
       14435000	      1442	80000e4c	00000013	addi	x0,x0,0	  x0:0x00000000
       14445000	      1443	80000e50	00c0036f	jal	x6,80000e50	  x6=0x80000e50
       14455000	      1444	00000000	00000013	addi	x0,x0,0	  x0:0x00000000
       14465000	      1445	80000e58	00000013	addi	x0,x0,0	  x0:0x00000000
       14475000	      1446	80000e5c	fd1ffeef	jal	x29,80000e5c	 x29=0x80000e5c
       14485000	      1447	00000000	00000013	addi	x0,x0,0	  x0:0x00000000
       14495000	      1448	80000e28	00000013	addi	x0,x0,0	  x0:0x00000000
       14505000	      1449	80000e2c	01800b6f	jal	x22,80000e2c	 x22=0x80000e2c
       14515000	      1450	00000000	00000013	addi	x0,x0,0	  x0:0x00000000
       14525000	      1451	80000e40	00000013	addi	x0,x0,0	  x0:0x00000000
       14535000	      1452	80000e44	fd1ffd6f	jal	x26,80000e44	 x26=0x80000e44
       14545000	      1453	00000000	00000013	addi	x0,x0,0	  x0:0x00000000
       14555000	      1454	80000e10	00000013	addi	x0,x0,0	  x0:0x00000000
       14565000	      1455	80000e14	0080086f	jal	x16,80000e14	 x16=0x80000e14
       14575000	      1456	00000000	00000013	addi	x0,x0,0	  x0:0x00000000
       14585000	      1457	80000e18	00000013	addi	x0,x0,0	  x0:0x00000000
       14595000	      1458	80000e1c	0040036f	jal	x6,80000e1c	  x6=0x80000e1c
       14605000	      1459	00000000	00000013	addi	x0,x0,0	  x0:0x00000000
       14615000	      1460	80000e1c	00000013	addi	x0,x0,0	  x0:0x00000000
       14625000	      1461	80000e20	0280086f	jal	x16,80000e20	 x16=0x80000e20
       14635000	      1462	00000000	00000013	addi	x0,x0,0	  x0:0x00000000
       14645000	      1463	80000e44	00000013	addi	x0,x0,0	  x0:0x00000000
       14655000	      1464	80000e48	0180036f	jal	x6,80000e48	  x6=0x80000e48
       14665000	      1465	00000000	00000013	addi	x0,x0,0	  x0:0x00000000
       14675000	      1466	80000e5c	00000013	addi	x0,x0,0	  x0:0x00000000
       14685000	      1467	80000e60	fe1ff36f	jal	x6,80000e60	  x6=0x80000e60
       14695000	      1468	00000000	00000013	addi	x0,x0,0	  x0:0x00000000
       14705000	      1469	80000e3c	00000013	addi	x0,x0,0	  x0:0x00000000
       14715000	      1470	80000e40	ffdff36f	jal	x6,80000e40	  x6=0x80000e40
       14725000	      1471	00000000	00000013	addi	x0,x0,0	  x0:0x00000000
       14735000	      1472	80000e38	00000013	addi	x0,x0,0	  x0:0x00000000
       14745000	      1473	80000e3c	fd5ff36f	jal	x6,80000e3c	  x6=0x80000e3c
       14755000	      1474	00000000	00000013	addi	x0,x0,0	  x0:0x00000000
       14765000	      1475	80000e0c	00000013	addi	x0,x0,0	  x0:0x00000000
       14775000	      1476	80000e10	0200086f	jal	x16,80000e10	 x16=0x80000e10
       14785000	      1477	00000000	00000013	addi	x0,x0,0	  x0:0x00000000
       14795000	      1478	80000e2c	00000013	addi	x0,x0,0	  x0:0x00000000
       14805000	      1479	80000e30	fe9ff26f	jal	x4,80000e30	  x4=0x80000e30
       14815000	      1480	00000000	00000013	addi	x0,x0,0	  x0:0x00000000
       14825000	      1481	80000e14	00000013	addi	x0,x0,0	  x0:0x00000000
       14835000	      1482	80000e18	00c0036f	jal	x6,80000e18	  x6=0x80000e18
       14845000	      1483	00000000	00000013	addi	x0,x0,0	  x0:0x00000000
       14855000	      1484	80000e20	00000013	addi	x0,x0,0	  x0:0x00000000
       14865000	      1485	80000e24	0040026f	jal	x4,80000e24	  x4=0x80000e24
       14875000	      1486	00000000	00000013	addi	x0,x0,0	  x0:0x00000000
       14885000	      1487	80000e24	00000013	addi	x0,x0,0	  x0:0x00000000
       14895000	      1488	80000e28	03c0036f	jal	x6,80000e28	  x6=0x80000e28
       14905000	      1489	00000000	00000013	addi	x0,x0,0	  x0:0x00000000
       14915000	      1490	80000e60	00000013	addi	x0,x0,0	  x0:0x00000000
       14925000	      1491	80000e64	000c29b3	slt	x19,x24,x0	 x24:0xfffffa91  x0:0x00000000 x19=0x00000001
       14935000	      1492	80000e68	41905813	srai	x16,x0,0x19	  x0:0x00000000 x16=0x00000000
       14945000	      1493	80000e6c	01b6f663	bgeu	x13,x27,80000e78	 x13:0x5702acf8 x27:0x80009fc4
       14955000	      1494	80000e70	01ba1033	sll	x0,x20,x27	 x20:0x00000001 x27:0x80009fc4
       14965000	      1495	80000e74	416f5a93	srai	x21,x30,0x16	 x30:0xffdff87f x21=0xffffffff
       14975000	      1496	80000e78	00000013	addi	x0,x0,0	  x0:0x00000000
       14985000	      1497	80000e7c	f1c8b317	auipc	x6,0xf1c8b	  x6=0x71c8be78
       14995000	      1498	80000e80	e5b4e637	lui	x12,0xe5b4e	 x12=0xe5b4e000
       15005000	      1499	80000e84	00ff1793	slli	x15,x30,0xf	 x30:0xffdff87f x15=0xfc3f8000
       15015000	      1500	80000e88	af7bb813	sltiu	x16,x23,-1289	 x23:0x8af00000 x16=0x00000001
       15025000	      1501	80000e8c	cfcd0713	addi	x14,x26,-772	 x26:0x80000e44 x14=0x80000b40
       15035000	      1502	80000e90	012ae933	or	x18,x21,x18	 x21:0xffffffff x18:0x00000000 x18=0xffffffff
       15045000	      1503	80000e94	05140463	beq	x8,x17,80000edc	  x8:0x80000e4c x17:0x80000e58
       15055000	      1504	80000e98	00162a33	slt	x20,x12,x1	 x12:0xe5b4e000  x1:0x00000002 x20=0x00000001
       15065000	      1505	80000e9c	c7516213	ori	x4,x2,-907	  x2:0x80009f84  x4=0xfffffff5
       15075000	      1506	80000ea0	25124313	xori	x6,x4,593	  x4:0xfffffff5  x6=0xfffffda4
       15085000	      1507	80000ea4	0aa179b7	lui	x19,0xaa17	 x19=0x0aa17000
       15095000	      1508	80000ea8	00660e63	beq	x12,x6,80000ec4	 x12:0xe5b4e000  x6:0xfffffda4
       15105000	      1509	80000eac	fd510613	addi	x12,x2,-43	  x2:0x80009f84 x12=0x80009f59
       15115000	      1510	80000eb0	007f65b3	or	x11,x30,x7	 x30:0xffdff87f  x7:0x0027e100 x11=0xfffff97f
       15125000	      1511	80000eb4	4c1d2b13	slti	x22,x26,1217	 x26:0x80000e44 x22=0x00000001
       15135000	      1512	80000eb8	00d4da13	srli	x20,x9,0xd	  x9:0xfffffd0f x20=0x0007ffff
       15145000	      1513	80000ebc	04974c93	xori	x25,x14,73	 x14:0x80000b40 x25=0x80000b09
       15155000	      1514	80000ec0	00000013	addi	x0,x0,0	  x0:0x00000000
       15165000	      1515	80000ec4	61f13c13	sltiu	x24,x2,1567	  x2:0x80009f84 x24=0x00000000
       15175000	      1516	80000ec8	89d7b737	lui	x14,0x89d7b	 x14=0x89d7b000
       15185000	      1517	80000ecc	0081da13	srli	x20,x3,0x8	  x3:0x00000001 x20=0x00000000
       15195000	      1518	80000ed0	015e1cb3	sll	x25,x28,x21	 x28:0x5702a890 x21:0xffffffff x25=0x00000000
       15205000	      1519	80000ed4	00ffbbb3	sltu	x23,x31,x15	 x31:0x00000000 x15:0xfc3f8000 x23=0x00000001
       15215000	      1520	80000ed8	00e66263	bltu	x12,x14,80000edc	 x12:0x80009f59 x14:0x89d7b000
       15225000	      1521	00000000	00000013	addi	x0,x0,0	  x0:0x00000000
       15235000	      1522	80000ed8	00000013	addi	x0,x0,0	  x0:0x00000000
       15245000	      1523	80000edc	0153de13	srli	x28,x7,0x15	  x7:0x0027e100 x28=0x00000001
       15255000	      1524	80000ee0	00915f33	srl	x30,x2,x9	  x2:0x80009f84  x9:0xfffffd0f x30=0x00010001
       15265000	      1525	80000ee4	40d4dab3	sra	x21,x9,x13	  x9:0xfffffd0f x13:0x5702acf8 x21=0xffffffff
       15275000	      1526	80000ee8	34817f93	andi	x31,x2,840	  x2:0x80009f84 x31=0x00000300
       15285000	      1527	80000eec	014f1663	bne	x30,x20,80000ef8	 x30:0x00010001 x20:0x00000000
       15295000	      1528	00000000	00000013	addi	x0,x0,0	  x0:0x00000000
       15305000	      1529	80000ef4	00000013	addi	x0,x0,0	  x0:0x00000000
       15315000	      1530	80000ef8	5595a493	slti	x9,x11,1369	 x11:0xfffff97f  x9=0x00000001
       15325000	      1531	80000efc	40400333	sub	x6,x0,x4	  x0:0x00000000  x4:0xfffffff5  x6=0x0000000b
       15335000	      1532	80000f00	40c559b3	sra	x19,x10,x12	 x10:0x00200000 x12:0x80009f59 x19=0x00000000
       15345000	      1533	80000f04	05471463	bne	x14,x20,80000f4c	 x14:0x89d7b000 x20:0x00000000
       15355000	      1534	00000000	00000013	addi	x0,x0,0	  x0:0x00000000
       15365000	      1535	80000f48	00000013	addi	x0,x0,0	  x0:0x00000000
       15375000	      1536	80000f4c	018904b3	add	x9,x18,x24	 x18:0xffffffff x24:0x00000000  x9=0xffffffff
       15385000	      1537	80000f50	5d270413	addi	x8,x14,1490	 x14:0x89d7b000  x8=0x89d7b5d2
       15395000	      1538	80000f54	02357863	bgeu	x10,x3,80000f84	 x10:0x00200000  x3:0x00000001
       15405000	      1539	00000000	00000013	addi	x0,x0,0	  x0:0x00000000
       15415000	      1540	80000f80	00000013	addi	x0,x0,0	  x0:0x00000000
       15425000	      1541	80000f84	977a5297	auipc	x5,0x977a5	  x5=0x177a5f80
       15435000	      1542	80000f88	00c285b3	add	x11,x5,x12	  x5:0x177a5f80 x12:0x80009f59 x11=0x977afed9
       15445000	      1543	80000f8c	0127fa63	bgeu	x15,x18,80000fa0	 x15:0xfc3f8000 x18:0xffffffff
       15455000	      1544	80000f90	41e9d493	srai	x9,x19,0x1e	 x19:0x00000000  x9=0x00000000
       15465000	      1545	80000f94	00248c63	beq	x9,x2,80000fac	  x9:0x00000000  x2:0x80009f84
       15475000	      1546	80000f98	418d8833	sub	x16,x27,x24	 x27:0x80009fc4 x24:0x00000000 x16=0x80009fc4
       15485000	      1547	80000f9c	00295693	srli	x13,x18,0x2	 x18:0xffffffff x13=0x3fffffff
       15495000	      1548	80000fa0	03984c63	blt	x16,x25,80000fd8	 x16:0x80009fc4 x25:0x00000000
       15505000	      1549	00000000	00000013	addi	x0,x0,0	  x0:0x00000000
       15515000	      1550	80000fd4	00000013	addi	x0,x0,0	  x0:0x00000000
       15525000	      1551	80000fd8	0056f663	bgeu	x13,x5,80000fe4	 x13:0x3fffffff  x5:0x177a5f80
       15535000	      1552	00000000	00000013	addi	x0,x0,0	  x0:0x00000000
       15545000	      1553	80000fe0	00000013	addi	x0,x0,0	  x0:0x00000000
       15555000	      1554	80000fe4	0367d463	bge	x15,x22,8000100c	 x15:0xfc3f8000 x22:0x00000001
       15565000	      1555	80000fe8	0e0c4513	xori	x10,x24,224	 x24:0x00000000 x10=0x000000e0
       15575000	      1556	80000fec	04b17463	bgeu	x2,x11,80001034	  x2:0x80009f84 x11:0x977afed9
       15585000	      1557	80000ff0	e9624c93	xori	x25,x4,-362	  x4:0xfffffff5 x25=0x00000163
       15595000	      1558	80000ff4	04187063	bgeu	x16,x1,80001034	 x16:0x80009fc4  x1:0x00000002
       15605000	      1559	00000000	00000013	addi	x0,x0,0	  x0:0x00000000
       15615000	      1560	80001030	00000013	addi	x0,x0,0	  x0:0x00000000
       15625000	      1561	80001034	01562833	slt	x16,x12,x21	 x12:0x80009f59 x21:0xffffffff x16=0x00000001
       15635000	      1562	80001038	0465f663	bgeu	x11,x6,80001084	 x11:0x977afed9  x6:0x0000000b
       15645000	      1563	00000000	00000013	addi	x0,x0,0	  x0:0x00000000
       15655000	      1564	80001080	00000013	addi	x0,x0,0	  x0:0x00000000
       15665000	      1565	80001084	010d1663	bne	x26,x16,80001090	 x26:0x80000e44 x16:0x00000001
       15675000	      1566	00000000	00000013	addi	x0,x0,0	  x0:0x00000000
       15685000	      1567	8000108c	00000013	addi	x0,x0,0	  x0:0x00000000
       15695000	      1568	80001090	027f6c63	bltu	x30,x7,800010c8	 x30:0x00010001  x7:0x0027e100
       15705000	      1569	00000000	00000013	addi	x0,x0,0	  x0:0x00000000
       15715000	      1570	800010c4	00000013	addi	x0,x0,0	  x0:0x00000000
       15725000	      1571	800010c8	c4917c93	andi	x25,x2,-951	  x2:0x80009f84 x25=0x80009c00
       15735000	      1572	800010cc	2e728993	addi	x19,x5,743	  x5:0x177a5f80 x19=0x177a6267
       15745000	      1573	800010d0	007bb6b3	sltu	x13,x23,x7	 x23:0x00000001  x7:0x0027e100 x13=0x00000001
       15755000	      1574	800010d4	00b2d033	srl	x0,x5,x11	  x5:0x177a5f80 x11:0x977afed9
       15765000	      1575	800010d8	011b22b3	slt	x5,x22,x17	 x22:0x00000001 x17:0x80000e58  x5=0x00000000
       15775000	      1576	800010dc	6c794493	xori	x9,x18,1735	 x18:0xffffffff  x9=0xfffff938
       15785000	      1577	800010e0	41ebdd33	sra	x26,x23,x30	 x23:0x00000001 x30:0x00010001 x26=0x00000000
       15795000	      1578	800010e4	00c1d463	bge	x3,x12,800010ec	  x3:0x00000001 x12:0x80009f59
       15805000	      1579	00000000	00000013	addi	x0,x0,0	  x0:0x00000000
       15815000	      1580	800010e8	00000013	addi	x0,x0,0	  x0:0x00000000
       15825000	      1581	800010ec	0067bab3	sltu	x21,x15,x6	 x15:0xfc3f8000  x6:0x0000000b x21=0x00000000
       15835000	      1582	800010f0	01073bb3	sltu	x23,x14,x16	 x14:0x89d7b000 x16:0x00000001 x23=0x00000000
       15845000	      1583	800010f4	096d8c63	beq	x27,x22,8000118c	 x27:0x80009fc4 x22:0x00000001
       15855000	      1584	800010f8	0b9d7063	bgeu	x26,x25,80001198	 x26:0x00000000 x25:0x80009c00
       15865000	      1585	800010fc	00501a93	slli	x21,x0,0x5	  x0:0x00000000 x21=0x00000000
       15875000	      1586	80001100	7d62ab93	slti	x23,x5,2006	  x5:0x00000000 x23=0x00000001
       15885000	      1587	80001104	009625b3	slt	x11,x12,x9	 x12:0x80009f59  x9:0xfffff938 x11=0x00000001
       15895000	      1588	80001108	003bd4b3	srl	x9,x23,x3	 x23:0x00000001  x3:0x00000001  x9=0x00000000
       15905000	      1589	8000110c	b6ee7393	andi	x7,x28,-1170	 x28:0x00000001  x7=0x00000000
       15915000	      1590	80001110	0697fc63	bgeu	x15,x9,80001188	 x15:0xfc3f8000  x9:0x00000000
       15925000	      1591	00000000	00000013	addi	x0,x0,0	  x0:0x00000000
       15935000	      1592	80001184	00000013	addi	x0,x0,0	  x0:0x00000000
       15945000	      1593	80001188	01042c33	slt	x24,x8,x16	  x8:0x89d7b5d2 x16:0x00000001 x24=0x00000001
       15955000	      1594	8000118c	01a68ab3	add	x21,x13,x26	 x13:0x00000001 x26:0x00000000 x21=0x00000001
       15965000	      1595	80001190	01ef31b3	sltu	x3,x30,x30	 x30:0x00010001 x30:0x00010001  x3=0x00000000
       15975000	      1596	80001194	01b25213	srli	x4,x4,0x1b	  x4:0xfffffff5  x4=0x0000001f
       15985000	      1597	80001198	4e8fea13	ori	x20,x31,1256	 x31:0x00000300 x20=0x000007e8
       15995000	      1598	8000119c	020e5263	bge	x28,x0,800011c0	 x28:0x00000001  x0:0x00000000
       16005000	      1599	00000000	00000013	addi	x0,x0,0	  x0:0x00000000
       16015000	      1600	800011bc	00000013	addi	x0,x0,0	  x0:0x00000000
       16025000	      1601	800011c0	f824bc37	lui	x24,0xf824b	 x24=0xf824b000
       16035000	      1602	800011c4	de30be97	auipc	x29,0xde30b	 x29=0x5e30c1c0
       16045000	      1603	800011c8	168f9e17	auipc	x28,0x168f9	 x28=0x968fa1c4
       16055000	      1604	800011cc	4030dc33	sra	x24,x1,x3	  x1:0x00000002  x3:0x00000000 x24=0x00000002
       16065000	      1605	800011d0	048bf063	bgeu	x23,x8,80001210	 x23:0x00000001  x8:0x89d7b5d2
       16075000	      1606	800011d4	00caebb3	or	x23,x21,x12	 x21:0x00000001 x12:0x80009f59 x23=0x80009f59
       16085000	      1607	800011d8	00aa4a33	xor	x20,x20,x10	 x20:0x000007e8 x10:0x000000e0 x20=0x00000708
       16095000	      1608	800011dc	01384fb3	xor	x31,x16,x19	 x16:0x00000001 x19:0x177a6267 x31=0x177a6266
       16105000	      1609	800011e0	00915013	srli	x0,x2,0x9	  x2:0x80009f84
       16115000	      1610	800011e4	004d1493	slli	x9,x26,0x4	 x26:0x00000000  x9=0x00000000
       16125000	      1611	800011e8	d6beb013	sltiu	x0,x29,-661	 x29:0x5e30c1c0
       16135000	      1612	800011ec	62eab413	sltiu	x8,x21,1582	 x21:0x00000001  x8=0x00000001
       16145000	      1613	800011f0	0637c863	blt	x15,x3,80001260	 x15:0xfc3f8000  x3:0x00000000
       16155000	      1614	00000000	00000013	addi	x0,x0,0	  x0:0x00000000
       16165000	      1615	8000125c	00000013	addi	x0,x0,0	  x0:0x00000000
       16175000	      1616	80001260	3a020837	lui	x16,0x3a020	 x16=0x3a020000
       16185000	      1617	80001264	94d27993	andi	x19,x4,-1715	  x4:0x0000001f x19=0x0000000d
       16195000	      1618	80001268	000ddb13	srli	x22,x27,0x0	 x27:0x80009fc4 x22=0x80009fc4
       16205000	      1619	8000126c	f4942d17	auipc	x26,0xf4942	 x26=0x74943268
       16215000	      1620	80001270	007a9663	bne	x21,x7,8000127c	 x21:0x00000001  x7:0x00000000
       16225000	      1621	00000000	00000013	addi	x0,x0,0	  x0:0x00000000
       16235000	      1622	80001278	00000013	addi	x0,x0,0	  x0:0x00000000
       16245000	      1623	8000127c	0124af33	slt	x30,x9,x18	  x9:0x00000000 x18:0xffffffff x30=0x00000000
       16255000	      1624	80001280	03c1e863	bltu	x3,x28,800012b0	  x3:0x00000000 x28:0x968fa1c4
       16265000	      1625	00000000	00000013	addi	x0,x0,0	  x0:0x00000000
       16275000	      1626	800012ac	00000013	addi	x0,x0,0	  x0:0x00000000
       16285000	      1627	800012b0	4117db13	srai	x22,x15,0x11	 x15:0xfc3f8000 x22=0xfffffe1f
       16295000	      1628	800012b4	e5beae13	slti	x28,x29,-421	 x29:0x5e30c1c0 x28=0x00000000
       16305000	      1629	800012b8	01996433	or	x8,x18,x25	 x18:0xffffffff x25:0x80009c00  x8=0xffffffff
       16315000	      1630	800012bc	02f64063	blt	x12,x15,800012dc	 x12:0x80009f59 x15:0xfc3f8000
       16325000	      1631	00000000	00000013	addi	x0,x0,0	  x0:0x00000000
       16335000	      1632	800012d8	00000013	addi	x0,x0,0	  x0:0x00000000
       16345000	      1633	800012dc	40225633	sra	x12,x4,x2	  x4:0x0000001f  x2:0x80009f84 x12=0x00000001
       16355000	      1634	800012e0	278a7d13	andi	x26,x20,632	 x20:0x00000708 x26=0x00000208
       16365000	      1635	800012e4	40b65b33	sra	x22,x12,x11	 x12:0x00000001 x11:0x00000001 x22=0x00000000
       16375000	      1636	800012e8	faa43e13	sltiu	x28,x8,-86	  x8:0xffffffff x28=0x00000000
       16385000	      1637	800012ec	013daeb3	slt	x29,x27,x19	 x27:0x80009fc4 x19:0x0000000d x29=0x00000001
       16395000	      1638	800012f0	f05e8693	addi	x13,x29,-251	 x29:0x00000001 x13=0xffffff06
       16405000	      1639	800012f4	00009663	bne	x1,x0,80001300	  x1:0x00000002  x0:0x00000000
       16415000	      1640	00000000	00000013	addi	x0,x0,0	  x0:0x00000000
       16425000	      1641	800012fc	00000013	addi	x0,x0,0	  x0:0x00000000
       16435000	      1642	80001300	d735eb13	ori	x22,x11,-653	 x11:0x00000001 x22=0xfffffd73
       16445000	      1643	80001304	00980fb3	add	x31,x16,x9	 x16:0x3a020000  x9:0x00000000 x31=0x3a020000
       16455000	      1644	80001308	f6770513	addi	x10,x14,-153	 x14:0x89d7b000 x10=0x89d7af67
       16465000	      1645	8000130c	058bc263	blt	x23,x24,80001350	 x23:0x80009f59 x24:0x00000002
       16475000	      1646	00000000	00000013	addi	x0,x0,0	  x0:0x00000000
       16485000	      1647	8000134c	00000013	addi	x0,x0,0	  x0:0x00000000
       16495000	      1648	80001350	00000013	addi	x0,x0,0	  x0:0x00000000
       16505000	      1649	80001354	0538f463	bgeu	x17,x19,8000139c	 x17:0x80000e58 x19:0x0000000d
       16515000	      1650	00000000	00000013	addi	x0,x0,0	  x0:0x00000000
       16525000	      1651	80001398	00000013	addi	x0,x0,0	  x0:0x00000000
       16535000	      1652	8000139c	1002ee17	auipc	x28,0x1002e	 x28=0x9002f398
       16545000	      1653	800013a0	01a65633	srl	x12,x12,x26	 x12:0x00000001 x26:0x00000208 x12=0x00000000
       16555000	      1654	800013a4	00b42cb3	slt	x25,x8,x11	  x8:0xffffffff x11:0x00000001 x25=0x00000001
       16565000	      1655	800013a8	01818663	beq	x3,x24,800013b4	  x3:0x00000000 x24:0x00000002
       16575000	      1656	800013ac	00975793	srli	x15,x14,0x9	 x14:0x89d7b000 x15=0x0044ebd8
       16585000	      1657	800013b0	688f34b7	lui	x9,0x688f3	  x9=0x688f3000
       16595000	      1658	800013b4	01e05b33	srl	x22,x0,x30	  x0:0x00000000 x30:0x00000000 x22=0x00000000
       16605000	      1659	800013b8	40f9db33	sra	x22,x19,x15	 x19:0x0000000d x15:0x0044ebd8 x22=0x00000000
       16615000	      1660	800013bc	5526e517	auipc	x10,0x5526e	 x10=0xd526f3b8
       16625000	      1661	800013c0	01c9e6b3	or	x13,x19,x28	 x19:0x0000000d x28:0x9002f398 x13=0x9002f39d
       16635000	      1662	800013c4	c7862a93	slti	x21,x12,-904	 x12:0x00000000 x21=0x00000000
       16645000	      1663	800013c8	01e5c5b3	xor	x11,x11,x30	 x11:0x00000001 x30:0x00000000 x11=0x00000001
       16655000	      1664	800013cc	0144fa33	and	x20,x9,x20	  x9:0x688f3000 x20:0x00000708 x20=0x00000000
       16665000	      1665	800013d0	f7bcf8b7	lui	x17,0xf7bcf	 x17=0xf7bcf000
       16675000	      1666	800013d4	00000013	addi	x0,x0,0	  x0:0x00000000
       16685000	      1667	800013d8	c4ae6437	lui	x8,0xc4ae6	  x8=0xc4ae6000
       16695000	      1668	800013dc	008392b3	sll	x5,x7,x8	  x7:0x00000000  x8:0xc4ae6000  x5=0x00000000
       16705000	      1669	800013e0	7e6aaf13	slti	x30,x21,2022	 x21:0x00000000 x30=0x00000001
       16715000	      1670	800013e4	0098e5b3	or	x11,x17,x9	 x17:0xf7bcf000  x9:0x688f3000 x11=0xffbff000
       16725000	      1671	800013e8	38b5f713	andi	x14,x11,907	 x11:0xffbff000 x14=0x00000000
       16735000	      1672	800013ec	01518c33	add	x24,x3,x21	  x3:0x00000000 x21:0x00000000 x24=0x00000000
       16745000	      1673	800013f0	531bad13	slti	x26,x23,1329	 x23:0x80009f59 x26=0x00000001
       16755000	      1674	800013f4	05325463	bge	x4,x19,8000143c	  x4:0x0000001f x19:0x0000000d
       16765000	      1675	00000000	00000013	addi	x0,x0,0	  x0:0x00000000
       16775000	      1676	80001438	00000013	addi	x0,x0,0	  x0:0x00000000
       16785000	      1677	8000143c	41d00fb3	sub	x31,x0,x29	  x0:0x00000000 x29:0x00000001 x31=0xffffffff
       16795000	      1678	80001440	00a9d213	srli	x4,x19,0xa	 x19:0x0000000d  x4=0x00000000
       16805000	      1679	80001444	00338f33	add	x30,x7,x3	  x7:0x00000000  x3:0x00000000 x30=0x00000000
       16815000	      1680	80001448	0235de63	bge	x11,x3,80001484	 x11:0xffbff000  x3:0x00000000
       16825000	      1681	8000144c	017646b3	xor	x13,x12,x23	 x12:0x00000000 x23:0x80009f59 x13=0x80009f59
       16835000	      1682	80001450	17583813	sltiu	x16,x16,373	 x16:0x3a020000 x16=0x00000000
       16845000	      1683	80001454	411a5413	srai	x8,x20,0x11	 x20:0x00000000  x8=0x00000000
       16855000	      1684	80001458	013bdb33	srl	x22,x23,x19	 x23:0x80009f59 x19:0x0000000d x22=0x00040004
       16865000	      1685	8000145c	dd327f93	andi	x31,x4,-557	  x4:0x00000000 x31=0x00000000
       16875000	      1686	80001460	40cb0233	sub	x4,x22,x12	 x22:0x00040004 x12:0x00000000  x4=0x00040004
       16885000	      1687	80001464	00f27e63	bgeu	x4,x15,80001480	  x4:0x00040004 x15:0x0044ebd8
       16895000	      1688	80001468	0155dcb3	srl	x25,x11,x21	 x11:0xffbff000 x21:0x00000000 x25=0xffbff000
       16905000	      1689	8000146c	00345733	srl	x14,x8,x3	  x8:0x00000000  x3:0x00000000 x14=0x00000000
       16915000	      1690	80001470	6467ae93	slti	x29,x15,1606	 x15:0x0044ebd8 x29=0x00000000
       16925000	      1691	80001474	016865b3	or	x11,x16,x22	 x16:0x00000000 x22:0x00040004 x11=0x00040004
       16935000	      1692	80001478	020a4c63	blt	x20,x0,800014b0	 x20:0x00000000  x0:0x00000000
       16945000	      1693	8000147c	09657a37	lui	x20,0x9657	 x20=0x09657000
       16955000	      1694	80001480	01528cb3	add	x25,x5,x21	  x5:0x00000000 x21:0x00000000 x25=0x00000000
       16965000	      1695	80001484	009ac663	blt	x21,x9,80001490	 x21:0x00000000  x9:0x688f3000
       16975000	      1696	00000000	00000013	addi	x0,x0,0	  x0:0x00000000
       16985000	      1697	8000148c	00000013	addi	x0,x0,0	  x0:0x00000000
       16995000	      1698	80001490	00efd013	srli	x0,x31,0xe	 x31:0x00000000
       17005000	      1699	80001494	1cb47f93	andi	x31,x8,459	  x8:0x00000000 x31=0x00000000
       17015000	      1700	80001498	3e2a6b93	ori	x23,x20,994	 x20:0x09657000 x23=0x096573e2
       17025000	      1701	8000149c	001b48b3	xor	x17,x22,x1	 x22:0x00040004  x1:0x00000002 x17=0x00040006
       17035000	      1702	800014a0	9c838913	addi	x18,x7,-1592	  x7:0x00000000 x18=0xfffff9c8
       17045000	      1703	800014a4	c1293a93	sltiu	x21,x18,-1006	 x18:0xfffff9c8 x21=0x00000001
       17055000	      1704	800014a8	01449e13	slli	x28,x9,0x14	  x9:0x688f3000 x28=0x00000000
       17065000	      1705	800014ac	35478513	addi	x10,x15,852	 x15:0x0044ebd8 x10=0x0044ef2c
       17075000	      1706	800014b0	007022b3	slt	x5,x0,x7	  x0:0x00000000  x7:0x00000000  x5=0x00000000
       17085000	      1707	800014b4	017bd263	bge	x23,x23,800014b8	 x23:0x096573e2 x23:0x096573e2
       17095000	      1708	00000000	00000013	addi	x0,x0,0	  x0:0x00000000
       17105000	      1709	800014b4	00000013	addi	x0,x0,0	  x0:0x00000000
       17115000	      1710	800014b8	c3658e13	addi	x28,x11,-970	 x11:0x00040004 x28=0x0003fc3a
       17125000	      1711	800014bc	e2c344b7	lui	x9,0xe2c34	  x9=0xe2c34000
       17135000	      1712	800014c0	41db0fb3	sub	x31,x22,x29	 x22:0x00040004 x29:0x00000000 x31=0x00040004
       17145000	      1713	800014c4	00149a63	bne	x9,x1,800014d8	  x9:0xe2c34000  x1:0x00000002
       17155000	      1714	00000000	00000013	addi	x0,x0,0	  x0:0x00000000
       17165000	      1715	800014d4	00000013	addi	x0,x0,0	  x0:0x00000000
       17175000	      1716	800014d8	02508463	beq	x1,x5,80001500	  x1:0x00000002  x5:0x00000000
       17185000	      1717	800014dc	0349cc63	blt	x19,x20,80001514	 x19:0x0000000d x20:0x09657000
       17195000	      1718	00000000	00000013	addi	x0,x0,0	  x0:0x00000000
       17205000	      1719	80001510	00000013	addi	x0,x0,0	  x0:0x00000000
       17215000	      1720	80001514	9498e993	ori	x19,x17,-1719	 x17:0x00040006 x19=0xfffff94f
       17225000	      1721	80001518	01b52c33	slt	x24,x10,x27	 x10:0x0044ef2c x27:0x80009fc4 x24=0x00000000
       17235000	      1722	8000151c	025b9263	bne	x23,x5,80001540	 x23:0x096573e2  x5:0x00000000
       17245000	      1723	00000000	00000013	addi	x0,x0,0	  x0:0x00000000
       17255000	      1724	8000153c	00000013	addi	x0,x0,0	  x0:0x00000000
       17265000	      1725	80001540	72de2313	slti	x6,x28,1837	 x28:0x0003fc3a  x6=0x00000000
       17275000	      1726	80001544	f2aa0913	addi	x18,x20,-214	 x20:0x09657000 x18=0x09656f2a
       17285000	      1727	80001548	c8127f93	andi	x31,x4,-895	  x4:0x00040004 x31=0x00040000
       17295000	      1728	8000154c	0072a333	slt	x6,x5,x7	  x5:0x00000000  x7:0x00000000  x6=0x00000000
       17305000	      1729	80001550	df805237	lui	x4,0xdf805	  x4=0xdf805000
       17315000	      1730	80001554	0200036f	jal	x6,80001554	  x6=0x80001554
       17325000	      1731	00000000	00000013	addi	x0,x0,0	  x0:0x00000000
       17335000	      1732	80001570	00000013	addi	x0,x0,0	  x0:0x00000000
       17345000	      1733	80001574	02c0036f	jal	x6,80001574	  x6=0x80001574
       17355000	      1734	00000000	00000013	addi	x0,x0,0	  x0:0x00000000
       17365000	      1735	8000159c	00000013	addi	x0,x0,0	  x0:0x00000000
       17375000	      1736	800015a0	fe9ffbef	jal	x23,800015a0	 x23=0x800015a0
       17385000	      1737	00000000	00000013	addi	x0,x0,0	  x0:0x00000000
       17395000	      1738	80001584	00000013	addi	x0,x0,0	  x0:0x00000000
       17405000	      1739	80001588	fd9ff36f	jal	x6,80001588	  x6=0x80001588
       17415000	      1740	00000000	00000013	addi	x0,x0,0	  x0:0x00000000
       17425000	      1741	8000155c	00000013	addi	x0,x0,0	  x0:0x00000000
       17435000	      1742	80001560	0380036f	jal	x6,80001560	  x6=0x80001560
       17445000	      1743	00000000	00000013	addi	x0,x0,0	  x0:0x00000000
       17455000	      1744	80001594	00000013	addi	x0,x0,0	  x0:0x00000000
       17465000	      1745	80001598	fe9ff86f	jal	x16,80001598	 x16=0x80001598
       17475000	      1746	00000000	00000013	addi	x0,x0,0	  x0:0x00000000
       17485000	      1747	8000157c	00000013	addi	x0,x0,0	  x0:0x00000000
       17495000	      1748	80001580	fe9ff36f	jal	x6,80001580	  x6=0x80001580
       17505000	      1749	00000000	00000013	addi	x0,x0,0	  x0:0x00000000
       17515000	      1750	80001564	00000013	addi	x0,x0,0	  x0:0x00000000
       17525000	      1751	80001568	0240036f	jal	x6,80001568	  x6=0x80001568
       17535000	      1752	00000000	00000013	addi	x0,x0,0	  x0:0x00000000
       17545000	      1753	80001588	00000013	addi	x0,x0,0	  x0:0x00000000
       17555000	      1754	8000158c	ff9ff36f	jal	x6,8000158c	  x6=0x8000158c
       17565000	      1755	00000000	00000013	addi	x0,x0,0	  x0:0x00000000
       17575000	      1756	80001580	00000013	addi	x0,x0,0	  x0:0x00000000
       17585000	      1757	80001584	fedff86f	jal	x16,80001584	 x16=0x80001584
       17595000	      1758	00000000	00000013	addi	x0,x0,0	  x0:0x00000000
       17605000	      1759	8000156c	00000013	addi	x0,x0,0	  x0:0x00000000
       17615000	      1760	80001570	00c0036f	jal	x6,80001570	  x6=0x80001570
       17625000	      1761	00000000	00000013	addi	x0,x0,0	  x0:0x00000000
       17635000	      1762	80001578	00000013	addi	x0,x0,0	  x0:0x00000000
       17645000	      1763	8000157c	fe9ff36f	jal	x6,8000157c	  x6=0x8000157c
       17655000	      1764	00000000	00000013	addi	x0,x0,0	  x0:0x00000000
       17665000	      1765	80001560	00000013	addi	x0,x0,0	  x0:0x00000000
       17675000	      1766	80001564	0080036f	jal	x6,80001564	  x6=0x80001564
       17685000	      1767	00000000	00000013	addi	x0,x0,0	  x0:0x00000000
       17695000	      1768	80001568	00000013	addi	x0,x0,0	  x0:0x00000000
       17705000	      1769	8000156c	0240036f	jal	x6,8000156c	  x6=0x8000156c
       17715000	      1770	00000000	00000013	addi	x0,x0,0	  x0:0x00000000
       17725000	      1771	8000158c	00000013	addi	x0,x0,0	  x0:0x00000000
       17735000	      1772	80001590	00c00eef	jal	x29,80001590	 x29=0x80001590
       17745000	      1773	00000000	00000013	addi	x0,x0,0	  x0:0x00000000
       17755000	      1774	80001598	00000013	addi	x0,x0,0	  x0:0x00000000
       17765000	      1775	8000159c	fbdff26f	jal	x4,8000159c	  x4=0x8000159c
       17775000	      1776	00000000	00000013	addi	x0,x0,0	  x0:0x00000000
       17785000	      1777	80001554	00000013	addi	x0,x0,0	  x0:0x00000000
       17795000	      1778	80001558	02000a6f	jal	x20,80001558	 x20=0x80001558
       17805000	      1779	00000000	00000013	addi	x0,x0,0	  x0:0x00000000
       17815000	      1780	80001574	00000013	addi	x0,x0,0	  x0:0x00000000
       17825000	      1781	80001578	fe5ff26f	jal	x4,80001578	  x4=0x80001578
       17835000	      1782	00000000	00000013	addi	x0,x0,0	  x0:0x00000000
       17845000	      1783	80001558	00000013	addi	x0,x0,0	  x0:0x00000000
       17855000	      1784	8000155c	0380036f	jal	x6,8000155c	  x6=0x8000155c
       17865000	      1785	00000000	00000013	addi	x0,x0,0	  x0:0x00000000
       17875000	      1786	80001590	00000013	addi	x0,x0,0	  x0:0x00000000
       17885000	      1787	80001594	010003ef	jal	x7,80001594	  x7=0x80001594
       17895000	      1788	00000000	00000013	addi	x0,x0,0	  x0:0x00000000
       17905000	      1789	800015a0	00000013	addi	x0,x0,0	  x0:0x00000000
       17915000	      1790	800015a4	00000013	addi	x0,x0,0	  x0:0x00000000
       17925000	      1791	800015a8	02396863	bltu	x18,x3,800015d8	 x18:0x09656f2a  x3:0x00000000
       17935000	      1792	800015ac	f3596fb7	lui	x31,0xf3596	 x31=0xf3596000
       17945000	      1793	800015b0	059ec463	blt	x29,x25,800015f8	 x29:0x80001590 x25:0x00000000
       17955000	      1794	00000000	00000013	addi	x0,x0,0	  x0:0x00000000
       17965000	      1795	800015f4	00000013	addi	x0,x0,0	  x0:0x00000000
       17975000	      1796	800015f8	4fc9b813	sltiu	x16,x19,1276	 x19:0xfffff94f x16=0x00000000
       17985000	      1797	800015fc	33e73c13	sltiu	x24,x14,830	 x14:0x00000000 x24=0x00000001
       17995000	      1798	80001600	002e4663	blt	x28,x2,8000160c	 x28:0x0003fc3a  x2:0x80009f84
       18005000	      1799	80001604	13e99f37	lui	x30,0x13e99	 x30=0x13e99000
       18015000	      1800	80001608	02071063	bne	x14,x0,80001628	 x14:0x00000000  x0:0x00000000
       18025000	      1801	8000160c	01e7c7b3	xor	x15,x15,x30	 x15:0x0044ebd8 x30:0x13e99000 x15=0x13ad7bd8
       18035000	      1802	80001610	4cc30313	addi	x6,x6,1228	  x6:0x8000155c  x6=0x80001a28
       18045000	      1803	80001614	e4a78813	addi	x16,x15,-438	 x15:0x13ad7bd8 x16=0x13ad7a22
       18055000	      1804	80001618	006e5193	srli	x3,x28,0x6	 x28:0x0003fc3a  x3=0x00000ff0
       18065000	      1805	8000161c	a6240893	addi	x17,x8,-1438	  x8:0x00000000 x17=0xfffffa62
       18075000	      1806	80001620	f8cde513	ori	x10,x27,-116	 x27:0x80009fc4 x10=0xffffffcc
       18085000	      1807	80001624	00913333	sltu	x6,x2,x9	  x2:0x80009f84  x9:0xe2c34000  x6=0x00000001
       18095000	      1808	80001628	001bf3b3	and	x7,x23,x1	 x23:0x800015a0  x1:0x00000002  x7=0x00000000
       18105000	      1809	8000162c	0de4ee13	ori	x28,x9,222	  x9:0xe2c34000 x28=0xe2c340de
       18115000	      1810	80001630	01d23733	sltu	x14,x4,x29	  x4:0x80001578 x29:0x80001590 x14=0x00000001
       18125000	      1811	80001634	0588c013	xori	x0,x17,88	 x17:0xfffffa62
       18135000	      1812	80001638	01f14263	blt	x2,x31,8000163c	  x2:0x80009f84 x31:0xf3596000
       18145000	      1813	00000000	00000013	addi	x0,x0,0	  x0:0x00000000
       18155000	      1814	80001638	00000013	addi	x0,x0,0	  x0:0x00000000
       18165000	      1815	8000163c	f8f9c413	xori	x8,x19,-113	 x19:0xfffff94f  x8=0x000006c0
       18175000	      1816	80001640	00f2d4b3	srl	x9,x5,x15	  x5:0x00000000 x15:0x13ad7bd8  x9=0x00000000
       18185000	      1817	80001644	00b71d33	sll	x26,x14,x11	 x14:0x00000001 x11:0x00040004 x26=0x00000010
       18195000	      1818	80001648	00000013	addi	x0,x0,0	  x0:0x00000000
       18205000	      1819	8000164c	00041813	slli	x16,x8,0x0	  x8:0x000006c0 x16=0x000006c0
       18215000	      1820	80001650	0138b733	sltu	x14,x17,x19	 x17:0xfffffa62 x19:0xfffff94f x14=0x00000000
       18225000	      1821	80001654	00000013	addi	x0,x0,0	  x0:0x00000000
       18235000	      1822	80001658	011833b3	sltu	x7,x16,x17	 x16:0x000006c0 x17:0xfffffa62  x7=0x00000001
       18245000	      1823	8000165c	d4eab613	sltiu	x12,x21,-690	 x21:0x00000001 x12=0x00000001
       18255000	      1824	80001660	0140d713	srli	x14,x1,0x14	  x1:0x00000002 x14=0x00000000
       18265000	      1825	80001664	018d85b3	add	x11,x27,x24	 x27:0x80009fc4 x24:0x00000001 x11=0x80009fc5
       18275000	      1826	80001668	413f0933	sub	x18,x30,x19	 x30:0x13e99000 x19:0xfffff94f x18=0x13e996b1
       18285000	      1827	8000166c	00baf863	bgeu	x21,x11,8000167c	 x21:0x00000001 x11:0x80009fc5
       18295000	      1828	80001670	00000013	addi	x0,x0,0	  x0:0x00000000
       18305000	      1829	80001674	00000013	addi	x0,x0,0	  x0:0x00000000
       18315000	      1830	80001678	41345e33	sra	x28,x8,x19	  x8:0x000006c0 x19:0xfffff94f x28=0x00000000
       18325000	      1831	8000167c	5bfa4f93	xori	x31,x20,1471	 x20:0x80001558 x31=0x800010e7
       18335000	      1832	80001680	37858fb7	lui	x31,0x37858	 x31=0x37858000
       18345000	      1833	80001684	02a26863	bltu	x4,x10,800016b4	  x4:0x80001578 x10:0xffffffcc
       18355000	      1834	00000000	00000013	addi	x0,x0,0	  x0:0x00000000
       18365000	      1835	800016b0	00000013	addi	x0,x0,0	  x0:0x00000000
       18375000	      1836	800016b4	002d9393	slli	x7,x27,0x2	 x27:0x80009fc4  x7=0x00027f10
       18385000	      1837	800016b8	401a8233	sub	x4,x21,x1	 x21:0x00000001  x1:0x00000002  x4=0xffffffff
       18395000	      1838	800016bc	4125df13	srai	x30,x11,0x12	 x11:0x80009fc5 x30=0xffffe000
       18405000	      1839	800016c0	401d0733	sub	x14,x26,x1	 x26:0x00000010  x1:0x00000002 x14=0x0000000e
       18415000	      1840	800016c4	40745313	srai	x6,x8,0x7	  x8:0x000006c0  x6=0x0000000d
       18425000	      1841	800016c8	01c5f663	bgeu	x11,x28,800016d4	 x11:0x80009fc5 x28:0x00000000
       18435000	      1842	00000000	00000013	addi	x0,x0,0	  x0:0x00000000
       18445000	      1843	800016d0	00000013	addi	x0,x0,0	  x0:0x00000000
       18455000	      1844	800016d4	2340f493	andi	x9,x1,564	  x1:0x00000002  x9=0x00000000
       18465000	      1845	800016d8	b1c1c813	xori	x16,x3,-1252	  x3:0x00000ff0 x16=0xfffff4ec
       18475000	      1846	800016dc	00000013	addi	x0,x0,0	  x0:0x00000000
       18485000	      1847	800016e0	028a0c63	beq	x20,x8,80001718	 x20:0x80001558  x8:0x000006c0
       18495000	      1848	800016e4	82ee7793	andi	x15,x28,-2002	 x28:0x00000000 x15=0x00000000
       18505000	      1849	800016e8	0153e5b3	or	x11,x7,x21	  x7:0x00027f10 x21:0x00000001 x11=0x00027f11
       18515000	      1850	800016ec	044f8463	beq	x31,x4,80001734	 x31:0x37858000  x4:0xffffffff
       18525000	      1851	800016f0	3084a937	lui	x18,0x3084a	 x18=0x3084a000
       18535000	      1852	800016f4	012c5e13	srli	x28,x24,0x12	 x24:0x00000001 x28=0x00000000
       18545000	      1853	800016f8	52253a93	sltiu	x21,x10,1314	 x10:0xffffffcc x21=0x00000000
       18555000	      1854	800016fc	65e4eb17	auipc	x22,0x65e4e	 x22=0xe5e4f6f8
       18565000	      1855	80001700	30a10593	addi	x11,x2,778	  x2:0x80009f84 x11=0x8000a28e
       18575000	      1856	80001704	00bd01b3	add	x3,x26,x11	 x26:0x00000010 x11:0x8000a28e  x3=0x8000a29e
       18585000	      1857	80001708	0373f463	bgeu	x7,x23,80001730	  x7:0x00027f10 x23:0x800015a0
       18595000	      1858	8000170c	00c2bbb3	sltu	x23,x5,x12	  x5:0x00000000 x12:0x00000001 x23=0x00000001
       18605000	      1859	80001710	c2ba7213	andi	x4,x20,-981	 x20:0x80001558  x4=0x80001408
       18615000	      1860	80001714	b67d2793	slti	x15,x26,-1177	 x26:0x00000010 x15=0x00000000
       18625000	      1861	80001718	04421263	bne	x4,x4,8000175c	  x4:0x80001408  x4:0x80001408
       18635000	      1862	8000171c	0098bb33	sltu	x22,x17,x9	 x17:0xfffffa62  x9:0x00000000 x22=0x00000000
       18645000	      1863	80001720	033b4e63	blt	x22,x19,8000175c	 x22:0x00000000 x19:0xfffff94f
       18655000	      1864	80001724	0019c533	xor	x10,x19,x1	 x19:0xfffff94f  x1:0x00000002 x10=0xfffff94d
       18665000	      1865	80001728	84344317	auipc	x6,0x84344	  x6=0x04345724
       18675000	      1866	8000172c	d16e4493	xori	x9,x28,-746	 x28:0x00000000  x9=0xfffffd16
       18685000	      1867	80001730	00dd0a33	add	x20,x26,x13	 x26:0x00000010 x13:0x80009f59 x20=0x80009f69
       18695000	      1868	80001734	057f4063	blt	x30,x23,80001774	 x30:0xffffe000 x23:0x00000001
       18705000	      1869	00000000	00000013	addi	x0,x0,0	  x0:0x00000000
       18715000	      1870	80001770	00000013	addi	x0,x0,0	  x0:0x00000000
       18725000	      1871	80001774	56d90e97	auipc	x29,0x56d90	 x29=0xd6d91770
       18735000	      1872	80001778	8c23b293	sltiu	x5,x7,-1854	  x7:0x00027f10  x5=0x00000001
       18745000	      1873	8000177c	40ee07b3	sub	x15,x28,x14	 x28:0x00000000 x14:0x0000000e x15=0xfffffff2
       18755000	      1874	80001780	01ff1393	slli	x7,x30,0x1f	 x30:0xffffe000  x7=0x00000000
       18765000	      1875	80001784	000dde13	srli	x28,x27,0x0	 x27:0x80009fc4 x28=0x80009fc4
       18775000	      1876	80001788	4121dd33	sra	x26,x3,x18	  x3:0x8000a29e x18:0x3084a000 x26=0x8000a29e
       18785000	      1877	8000178c	0550e863	bltu	x1,x21,800017dc	  x1:0x00000002 x21:0x00000000
       18795000	      1878	80001790	00e14663	blt	x2,x14,8000179c	  x2:0x80009f84 x14:0x0000000e
       18805000	      1879	00000000	00000013	addi	x0,x0,0	  x0:0x00000000
       18815000	      1880	80001798	00000013	addi	x0,x0,0	  x0:0x00000000
       18825000	      1881	8000179c	03f58c63	beq	x11,x31,800017d4	 x11:0x8000a28e x31:0x37858000
       18835000	      1882	800017a0	405b0b33	sub	x22,x22,x5	 x22:0x00000000  x5:0x00000001 x22=0xffffffff
       18845000	      1883	800017a4	00fd0e33	add	x28,x26,x15	 x26:0x8000a29e x15:0xfffffff2 x28=0x8000a290
       18855000	      1884	800017a8	a1a62893	slti	x17,x12,-1510	 x12:0x00000001 x17=0x00000000
       18865000	      1885	800017ac	0000c333	xor	x6,x1,x0	  x1:0x00000002  x0:0x00000000  x6=0x00000002
       18875000	      1886	800017b0	76ccc4b7	lui	x9,0x76ccc	  x9=0x76ccc000
       18885000	      1887	800017b4	0ac04917	auipc	x18,0xac04	 x18=0x8ac057b0
       18895000	      1888	800017b8	be9b2913	slti	x18,x22,-1047	 x22:0xffffffff x18=0x00000000
       18905000	      1889	800017bc	03a8d863	bge	x17,x26,800017ec	 x17:0x00000000 x26:0x8000a29e
       18915000	      1890	00000000	00000013	addi	x0,x0,0	  x0:0x00000000
       18925000	      1891	800017e8	00000013	addi	x0,x0,0	  x0:0x00000000
       18935000	      1892	800017ec	7be15f17	auipc	x30,0x7be15	 x30=0xfbe167e8
       18945000	      1893	800017f0	36520293	addi	x5,x4,869	  x4:0x80001408  x5=0x8000176d
       18955000	      1894	800017f4	00070c63	beq	x14,x0,8000180c	 x14:0x0000000e  x0:0x00000000
       18965000	      1895	800017f8	00337cb3	and	x25,x6,x3	  x6:0x00000002  x3:0x8000a29e x25=0x00000002
       18975000	      1896	800017fc	0121da63	bge	x3,x18,80001810	  x3:0x8000a29e x18:0x00000000
       18985000	      1897	80001800	00abda13	srli	x20,x23,0xa	 x23:0x00000001 x20=0x00000000
       18995000	      1898	80001804	cb3123b7	lui	x7,0xcb312	  x7=0xcb312000
       19005000	      1899	80001808	bcdc9c37	lui	x24,0xbcdc9	 x24=0xbcdc9000
       19015000	      1900	8000180c	01fccbb3	xor	x23,x25,x31	 x25:0x00000002 x31:0x37858000 x23=0x37858002
       19025000	      1901	80001810	c40e8313	addi	x6,x29,-960	 x29:0xd6d91770  x6=0xd6d913b0
       19035000	      1902	80001814	29844593	xori	x11,x8,664	  x8:0x000006c0 x11=0x00000458
       19045000	      1903	80001818	052d9463	bne	x27,x18,80001860	 x27:0x80009fc4 x18:0x00000000
       19055000	      1904	00000000	00000013	addi	x0,x0,0	  x0:0x00000000
       19065000	      1905	8000185c	00000013	addi	x0,x0,0	  x0:0x00000000
       19075000	      1906	80001860	00421a93	slli	x21,x4,0x4	  x4:0x80001408 x21=0x00014080
       19085000	      1907	80001864	6559f713	andi	x14,x19,1621	 x19:0xfffff94f x14=0x00000045
       19095000	      1908	80001868	0540f063	bgeu	x1,x20,800018a8	  x1:0x00000002 x20:0x00000000
       19105000	      1909	00000000	00000013	addi	x0,x0,0	  x0:0x00000000
       19115000	      1910	800018a4	00000013	addi	x0,x0,0	  x0:0x00000000
       19125000	      1911	800018a8	a006b497	auipc	x9,0xa006b	  x9=0x2006c8a4
       19135000	      1912	800018ac	2016f513	andi	x10,x13,513	 x13:0x80009f59 x10=0x00000201
       19145000	      1913	800018b0	27386413	ori	x8,x16,627	 x16:0xfffff4ec  x8=0xfffff6ff
       19155000	      1914	800018b4	01434e63	blt	x6,x20,800018d0	  x6:0xd6d913b0 x20:0x00000000
       19165000	      1915	00000000	00000013	addi	x0,x0,0	  x0:0x00000000
       19175000	      1916	800018cc	00000013	addi	x0,x0,0	  x0:0x00000000
       19185000	      1917	800018d0	000ad4b3	srl	x9,x21,x0	 x21:0x00014080  x0:0x00000000  x9=0x00014080
       19195000	      1918	800018d4	00ec5eb3	srl	x29,x24,x14	 x24:0xbcdc9000 x14:0x00000045 x29=0x05e6e480
       19205000	      1919	800018d8	01314663	blt	x2,x19,800018e4	  x2:0x80009f84 x19:0xfffff94f
       19215000	      1920	00000000	00000013	addi	x0,x0,0	  x0:0x00000000
       19225000	      1921	800018e0	00000013	addi	x0,x0,0	  x0:0x00000000
       19235000	      1922	800018e4	820b47b7	lui	x15,0x820b4	 x15=0x820b4000
       19245000	      1923	800018e8	016d4bb3	xor	x23,x26,x22	 x26:0x8000a29e x22:0xffffffff x23=0x7fff5d61
       19255000	      1924	800018ec	01abd793	srli	x15,x23,0x1a	 x23:0x7fff5d61 x15=0x0000001f
       19265000	      1925	800018f0	00713a33	sltu	x20,x2,x7	  x2:0x80009f84  x7:0xcb312000 x20=0x00000001
       19275000	      1926	800018f4	03381063	bne	x16,x19,80001914	 x16:0xfffff4ec x19:0xfffff94f
       19285000	      1927	00000000	00000013	addi	x0,x0,0	  x0:0x00000000
       19295000	      1928	80001910	00000013	addi	x0,x0,0	  x0:0x00000000
       19305000	      1929	80001914	60d8f613	andi	x12,x17,1549	 x17:0x00000000 x12=0x00000000
       19315000	      1930	80001918	00000013	addi	x0,x0,0	  x0:0x00000000
       19325000	      1931	8000191c	06a44463	blt	x8,x10,80001984	  x8:0xfffff6ff x10:0x00000201
       19335000	      1932	00000000	00000013	addi	x0,x0,0	  x0:0x00000000
       19345000	      1933	80001980	00000013	addi	x0,x0,0	  x0:0x00000000
       19355000	      1934	80001984	00000013	addi	x0,x0,0	  x0:0x00000000
       19365000	      1935	80001988	001b72b3	and	x5,x22,x1	 x22:0xffffffff  x1:0x00000002  x5=0x00000002
       19375000	      1936	8000198c	0403d663	bge	x7,x0,800019d8	  x7:0xcb312000  x0:0x00000000
       19385000	      1937	80001990	02f15463	bge	x2,x15,800019b8	  x2:0x80009f84 x15:0x0000001f
       19395000	      1938	80001994	015817b3	sll	x15,x16,x21	 x16:0xfffff4ec x21:0x00014080 x15=0xfffff4ec
       19405000	      1939	80001998	002c4833	xor	x16,x24,x2	 x24:0xbcdc9000  x2:0x80009f84 x16=0x3cdc0f84
       19415000	      1940	8000199c	02bad863	bge	x21,x11,800019cc	 x21:0x00014080 x11:0x00000458
       19425000	      1941	00000000	00000013	addi	x0,x0,0	  x0:0x00000000
       19435000	      1942	800019c8	00000013	addi	x0,x0,0	  x0:0x00000000
       19445000	      1943	800019cc	7f8c6e13	ori	x28,x24,2040	 x24:0xbcdc9000 x28=0xbcdc97f8
       19455000	      1944	800019d0	923d7b93	andi	x23,x26,-1757	 x26:0x8000a29e x23=0x8000a002
       19465000	      1945	800019d4	40075c93	srai	x25,x14,0x0	 x14:0x00000045 x25=0x00000045
       19475000	      1946	800019d8	5cc52a13	slti	x20,x10,1484	 x10:0x00000201 x20=0x00000001
       19485000	      1947	800019dc	008ad863	bge	x21,x8,800019ec	 x21:0x00014080  x8:0xfffff6ff
       19495000	      1948	00000000	00000013	addi	x0,x0,0	  x0:0x00000000
       19505000	      1949	800019e8	00000013	addi	x0,x0,0	  x0:0x00000000
       19515000	      1950	800019ec	89fa0013	addi	x0,x20,-1889	 x20:0x00000001
       19525000	      1951	800019f0	ccef0937	lui	x18,0xccef0	 x18=0xccef0000
       19535000	      1952	800019f4	4098d6b3	sra	x13,x17,x9	 x17:0x00000000  x9:0x00014080 x13=0x00000000
       19545000	      1953	800019f8	8447ea97	auipc	x21,0x8447e	 x21=0x0447f9f4
       19555000	      1954	800019fc	00000013	addi	x0,x0,0	  x0:0x00000000
       19565000	      1955	80001a00	78bbc713	xori	x14,x23,1931	 x23:0x8000a002 x14=0x8000a789
       19575000	      1956	80001a04	01701ab3	sll	x21,x0,x23	  x0:0x00000000 x23:0x8000a002 x21=0x00000000
       19585000	      1957	80001a08	482fa513	slti	x10,x31,1154	 x31:0x37858000 x10=0x00000000
       19595000	      1958	80001a0c	3ce5d7b7	lui	x15,0x3ce5d	 x15=0x3ce5d000
       19605000	      1959	80001a10	01248263	beq	x9,x18,80001a14	  x9:0x00014080 x18:0xccef0000
       19615000	      1960	80001a14	40b805b3	sub	x11,x16,x11	 x16:0x3cdc0f84 x11:0x00000458 x11=0x3cdc0b2c
       19625000	      1961	80001a18	007a0463	beq	x20,x7,80001a20	 x20:0x00000001  x7:0xcb312000
       19635000	      1962	80001a1c	02045863	bge	x8,x0,80001a4c	  x8:0xfffff6ff  x0:0x00000000
       19645000	      1963	80001a20	01f85493	srli	x9,x16,0x1f	 x16:0x3cdc0f84  x9=0x00000000
       19655000	      1964	80001a24	005022b3	slt	x5,x0,x5	  x0:0x00000000  x5:0x00000002  x5=0x00000001
       19665000	      1965	80001a28	001676b3	and	x13,x12,x1	 x12:0x00000000  x1:0x00000002 x13=0x00000000
       19675000	      1966	80001a2c	01634033	xor	x0,x6,x22	  x6:0xd6d913b0 x22:0xffffffff
       19685000	      1967	80001a30	4037d793	srai	x15,x15,0x3	 x15:0x3ce5d000 x15=0x079cba00
       19695000	      1968	80001a34	014838b3	sltu	x17,x16,x20	 x16:0x3cdc0f84 x20:0x00000001 x17=0x00000000
       19705000	      1969	80001a38	95006f93	ori	x31,x0,-1712	  x0:0x00000000 x31=0xfffff950
       19715000	      1970	80001a3c	405f86b3	sub	x13,x31,x5	 x31:0xfffff950  x5:0x00000001 x13=0xfffff94f
       19725000	      1971	80001a40	01242bb3	slt	x23,x8,x18	  x8:0xfffff6ff x18:0xccef0000 x23=0x00000000
       19735000	      1972	80001a44	ae3a0d13	addi	x26,x20,-1309	 x20:0x00000001 x26=0xfffffae4
       19745000	      1973	80001a48	4154d293	srai	x5,x9,0x15	  x9:0x00000000  x5=0x00000000
       19755000	      1974	80001a4c	076fc263	blt	x31,x22,80001ab0	 x31:0xfffff950 x22:0xffffffff
       19765000	      1975	00000000	00000013	addi	x0,x0,0	  x0:0x00000000
       19775000	      1976	80001aac	00000013	addi	x0,x0,0	  x0:0x00000000
       19785000	      1977	80001ab0	00ca8463	beq	x21,x12,80001ab8	 x21:0x00000000 x12:0x00000000
       19795000	      1978	00000000	00000013	addi	x0,x0,0	  x0:0x00000000
       19805000	      1979	80001ab4	00000013	addi	x0,x0,0	  x0:0x00000000
       19815000	      1980	80001ab8	004e67b3	or	x15,x28,x4	 x28:0xbcdc97f8  x4:0x80001408 x15=0xbcdc97f8
       19825000	      1981	80001abc	05de1663	bne	x28,x29,80001b08	 x28:0xbcdc97f8 x29:0x05e6e480
       19835000	      1982	00000000	00000013	addi	x0,x0,0	  x0:0x00000000
       19845000	      1983	80001b04	00000013	addi	x0,x0,0	  x0:0x00000000
       19855000	      1984	80001b08	04147463	bgeu	x8,x1,80001b50	  x8:0xfffff6ff  x1:0x00000002
       19865000	      1985	00000000	00000013	addi	x0,x0,0	  x0:0x00000000
       19875000	      1986	80001b4c	00000013	addi	x0,x0,0	  x0:0x00000000
       19885000	      1987	80001b50	00d953b3	srl	x7,x18,x13	 x18:0xccef0000 x13:0xfffff94f  x7=0x000199de
       19895000	      1988	80001b54	01c4d593	srli	x11,x9,0x1c	  x9:0x00000000 x11=0x00000000
       19905000	      1989	80001b58	b6aa9997	auipc	x19,0xb6aa9	 x19=0x36aaab54
       19915000	      1990	80001b5c	007c2533	slt	x10,x24,x7	 x24:0xbcdc9000  x7:0x000199de x10=0x00000001
       19925000	      1991	80001b60	0042c233	xor	x4,x5,x4	  x5:0x00000000  x4:0x80001408  x4=0x80001408
       19935000	      1992	80001b64	04f97463	bgeu	x18,x15,80001bac	 x18:0xccef0000 x15:0xbcdc97f8
       19945000	      1993	00000000	00000013	addi	x0,x0,0	  x0:0x00000000
       19955000	      1994	80001ba8	00000013	addi	x0,x0,0	  x0:0x00000000
       19965000	      1995	80001bac	5b300613	addi	x12,x0,1459	  x0:0x00000000 x12=0x000005b3
       19975000	      1996	80001bb0	ef56bc13	sltiu	x24,x13,-267	 x13:0xfffff94f x24=0x00000001
       19985000	      1997	80001bb4	048ce263	bltu	x25,x8,80001bf8	 x25:0x00000045  x8:0xfffff6ff
       19995000	      1998	00000000	00000013	addi	x0,x0,0	  x0:0x00000000
       20005000	      1999	80001bf4	00000013	addi	x0,x0,0	  x0:0x00000000
       20015000	      2000	80001bf8	9af23c37	lui	x24,0x9af23	 x24=0x9af23000
       20025000	      2001	80001bfc	000cda63	bge	x25,x0,80001c10	 x25:0x00000045  x0:0x00000000
       20035000	      2002	00000000	00000013	addi	x0,x0,0	  x0:0x00000000
       20045000	      2003	80001c0c	00000013	addi	x0,x0,0	  x0:0x00000000
       20055000	      2004	80001c10	9eaee893	ori	x17,x29,-1558	 x29:0x05e6e480 x17=0xfffffdea
       20065000	      2005	80001c14	01059663	bne	x11,x16,80001c20	 x11:0x00000000 x16:0x3cdc0f84
       20075000	      2006	00000000	00000013	addi	x0,x0,0	  x0:0x00000000
       20085000	      2007	80001c1c	00000013	addi	x0,x0,0	  x0:0x00000000
       20095000	      2008	80001c20	0173b7b3	sltu	x15,x7,x23	  x7:0x000199de x23:0x00000000 x15=0x00000000
       20105000	      2009	80001c24	00000013	addi	x0,x0,0	  x0:0x00000000
       20115000	      2010	80001c28	013d65b3	or	x11,x26,x19	 x26:0xfffffae4 x19:0x36aaab54 x11=0xfffffbf4
       20125000	      2011	80001c2c	00ec55b3	srl	x11,x24,x14	 x24:0x9af23000 x14:0x8000a789 x11=0x004d7918
       20135000	      2012	80001c30	00ba6bb3	or	x23,x20,x11	 x20:0x00000001 x11:0x004d7918 x23=0x004d7919
       20145000	      2013	80001c34	4134d693	srai	x13,x9,0x13	  x9:0x00000000 x13=0x00000000
       20155000	      2014	80001c38	04abc463	blt	x23,x10,80001c80	 x23:0x004d7919 x10:0x00000001
       20165000	      2015	80001c3c	a9b7e293	ori	x5,x15,-1381	 x15:0x00000000  x5=0xfffffa9b
       20175000	      2016	80001c40	007cd263	bge	x25,x7,80001c44	 x25:0x00000045  x7:0x000199de
       20185000	      2017	80001c44	00831913	slli	x18,x6,0x8	  x6:0xd6d913b0 x18=0xd913b000
       20195000	      2018	80001c48	03ac8263	beq	x25,x26,80001c6c	 x25:0x00000045 x26:0xfffffae4
       20205000	      2019	80001c4c	00000013	addi	x0,x0,0	  x0:0x00000000
       20215000	      2020	80001c50	0156cbb3	xor	x23,x13,x21	 x13:0x00000000 x21:0x00000000 x23=0x00000000
       20225000	      2021	80001c54	001e6f33	or	x30,x28,x1	 x28:0xbcdc97f8  x1:0x00000002 x30=0xbcdc97fa
       20235000	      2022	80001c58	981b2213	slti	x4,x22,-1663	 x22:0xffffffff  x4=0x00000000
       20245000	      2023	80001c5c	00820663	beq	x4,x8,80001c68	  x4:0x00000000  x8:0xfffff6ff
       20255000	      2024	80001c60	387cc297	auipc	x5,0x387cc	  x5=0xb87cdc5c
       20265000	      2025	80001c64	014c9433	sll	x8,x25,x20	 x25:0x00000045 x20:0x00000001  x8=0x0000008a
       20275000	      2026	80001c68	00000013	addi	x0,x0,0	  x0:0x00000000
       20285000	      2027	80001c6c	74807193	andi	x3,x0,1864	  x0:0x00000000  x3=0x00000000
       20295000	      2028	80001c70	f4a80393	addi	x7,x16,-182	 x16:0x3cdc0f84  x7=0x3cdc0ece
       20305000	      2029	80001c74	04c29263	bne	x5,x12,80001cb8	  x5:0xb87cdc5c x12:0x000005b3
       20315000	      2030	00000000	00000013	addi	x0,x0,0	  x0:0x00000000
       20325000	      2031	80001cb4	00000013	addi	x0,x0,0	  x0:0x00000000
       20335000	      2032	80001cb8	03a76c63	bltu	x14,x26,80001cf0	 x14:0x8000a789 x26:0xfffffae4
       20345000	      2033	00000000	00000013	addi	x0,x0,0	  x0:0x00000000
       20355000	      2034	80001cec	00000013	addi	x0,x0,0	  x0:0x00000000
       20365000	      2035	80001cf0	86a4f793	andi	x15,x9,-1942	  x9:0x00000000 x15=0x00000000
       20375000	      2036	80001cf4	ff443913	sltiu	x18,x8,-12	  x8:0x0000008a x18=0x00000001
       20385000	      2037	80001cf8	04ce7063	bgeu	x28,x12,80001d38	 x28:0xbcdc97f8 x12:0x000005b3
       20395000	      2038	00000000	00000013	addi	x0,x0,0	  x0:0x00000000
       20405000	      2039	80001d34	00000013	addi	x0,x0,0	  x0:0x00000000
       20415000	      2040	80001d38	fbbb4e17	auipc	x28,0xfbbb4	 x28=0x7bbb5d34
       20425000	      2041	80001d3c	00254f33	xor	x30,x10,x2	 x10:0x00000001  x2:0x80009f84 x30=0x80009f85
       20435000	      2042	80001d40	0004b4b3	sltu	x9,x9,x0	  x9:0x00000000  x0:0x00000000  x9=0x00000000
       20445000	      2043	80001d44	01861c33	sll	x24,x12,x24	 x12:0x000005b3 x24:0x9af23000 x24=0x000005b3
       20455000	      2044	80001d48	03786c63	bltu	x16,x23,80001d80	 x16:0x3cdc0f84 x23:0x00000000
       20465000	      2045	80001d4c	00461b93	slli	x23,x12,0x4	 x12:0x000005b3 x23=0x00005b30
       20475000	      2046	80001d50	0373f863	bgeu	x7,x23,80001d80	  x7:0x3cdc0ece x23:0x00005b30
       20485000	      2047	00000000	00000013	addi	x0,x0,0	  x0:0x00000000
       20495000	      2048	80001d7c	00000013	addi	x0,x0,0	  x0:0x00000000
       20505000	      2049	80001d80	79073e93	sltiu	x29,x14,1936	 x14:0x8000a789 x29=0x00000000
       20515000	      2050	80001d84	01418bb3	add	x23,x3,x20	  x3:0x00000000 x20:0x00000001 x23=0x00000001
       20525000	      2051	80001d88	00c95693	srli	x13,x18,0xc	 x18:0x00000001 x13=0x00000000
       20535000	      2052	80001d8c	963ac913	xori	x18,x21,-1693	 x21:0x00000000 x18=0xfffff963
       20545000	      2053	80001d90	417e8033	sub	x0,x29,x23	 x29:0x00000000 x23:0x00000001
       20555000	      2054	80001d94	1eb47f13	andi	x30,x8,491	  x8:0x0000008a x30=0x0000008a
       20565000	      2055	80001d98	00bb6d33	or	x26,x22,x11	 x22:0xffffffff x11:0x004d7918 x26=0xffffffff
       20575000	      2056	80001d9c	76c0aeb7	lui	x29,0x76c0a	 x29=0x76c0a000
       20585000	      2057	80001da0	01831fb3	sll	x31,x6,x24	  x6:0xd6d913b0 x24:0x000005b3 x31=0x9d800000
       20595000	      2058	80001da4	0123abb3	slt	x23,x7,x18	  x7:0x3cdc0ece x18:0xfffff963 x23=0x00000000
       20605000	      2059	80001da8	8e974717	auipc	x14,0x8e974	 x14=0x0e975da4
       20615000	      2060	80001dac	00000097	auipc	x1,0x0	  x1=0x80001da8
       20625000	      2061	80001db0	00c08093	addi	x1,x1,12	  x1:0x80001da8  x1=0x80001db4
       20635000	      2062	80001db4	00008067	jalr	x0,x1,0	  x1:0x80001db4
       20645000	      2063	00000000	00000013	addi	x0,x0,0	  x0:0x00000000
       20655000	      2064	80001db4	00000013	addi	x0,x0,0	  x0:0x00000000
       20665000	      2065	80001db8	00100193	addi	x3,x0,1	  x0:0x00000000  x3=0x00000001
       20675000	      2066	80001dbc	00000073	ecall	
       20685000	      2067	80001dc0	97ec7a13	andi	x20,x24,-1666	 x24:0x000005b3 x20=0x00000132
