		Time			Cycle	PC		Insn	Decoded instruction	Register and memory contents
          65000	         5	80000004	00000293	addi	x5,x0,0	  x0:0x00000000  x5=0x00000000
          75000	         6	80000008	00000313	addi	x6,x0,0	  x0:0x00000000  x6=0x00000000
          85000	         7	8000000c	00628263	beq	x5,x6,80000010	  x5:0x00000000  x6:0x00000000
          95000	         8	00000000	00000013	addi	x0,x0,0	  x0:0x00000000
         105000	         9	8000000c	00000013	addi	x0,x0,0	  x0:0x00000000
         115000	        10	80000010	00000917	auipc	x18,0x0	 x18=0x8000000c
         125000	        11	80000014	00c90913	addi	x18,x18,12	 x18:0x8000000c x18=0x80000018
         135000	        12	80000018	00090067	jalr	x0,x18,0	 x18:0x80000018
         145000	        13	00000000	00000013	addi	x0,x0,0	  x0:0x00000000
         155000	        14	80000018	00000013	addi	x0,x0,0	  x0:0x00000000
         165000	        15	8000001c	400004b7	lui	x9,0x40000	  x9=0x40000000
         175000	        16	80000020	10048493	addi	x9,x9,256	  x9:0x40000000  x9=0x40000100
         185000	        17	80000024	00000013	addi	x0,x0,0	  x0:0x00000000
         195000	        18	80000028	0000a617	auipc	x12,0xa	 x12=0x8000a024
         205000	        19	8000002c	fa060613	addi	x12,x12,-96	 x12:0x8000a024 x12=0x80009fc4
         215000	        20	80000030	00005497	auipc	x9,0x5	  x9=0x8000502c
         225000	        21	80000034	07448493	addi	x9,x9,116	  x9:0x8000502c  x9=0x800050a0
         235000	        22	80000038	0014e493	ori	x9,x9,1	  x9:0x800050a0  x9=0x800050a1
         245000	        23	8000003c	00000013	addi	x0,x0,0	  x0:0x00000000
         255000	        24	80000040	00000497	auipc	x9,0x0	  x9=0x8000003c
         265000	        25	80000044	02048493	addi	x9,x9,32	  x9:0x8000003c  x9=0x8000005c
         275000	        26	80000048	00000013	addi	x0,x0,0	  x0:0x00000000
         285000	        27	8000004c	00000013	addi	x0,x0,0	  x0:0x00000000
         295000	        28	80000050	000024b7	lui	x9,0x2	  x9=0x00002000
         305000	        29	80000054	80048493	addi	x9,x9,-2048	  x9:0x00002000  x9=0x00001800
         315000	        30	80000058	00000013	addi	x0,x0,0	  x0:0x00000000
         325000	        31	8000005c	00000013	addi	x0,x0,0	  x0:0x00000000
         335000	        32	80000060	f83ee037	lui	x0,0xf83ee	
         345000	        33	80000064	b9100013	addi	x0,x0,-1135	  x0:0x00000000
         355000	        34	80000068	800000b7	lui	x1,0x80000	  x1=0x80000000
         365000	        35	8000006c	00500113	addi	x2,x0,5	  x0:0x00000000  x2=0x00000005
         375000	        36	80000070	00c00193	addi	x3,x0,12	  x0:0x00000000  x3=0x0000000c
         385000	        37	80000074	00600213	addi	x4,x0,6	  x0:0x00000000  x4=0x00000006
         395000	        38	80000078	fbadc2b7	lui	x5,0xfbadc	  x5=0xfbadc000
         405000	        39	8000007c	a7a28293	addi	x5,x5,-1414	  x5:0xfbadc000  x5=0xfbadba7a
         415000	        40	80000080	1ff08337	lui	x6,0x1ff08	  x6=0x1ff08000
         425000	        41	80000084	52230313	addi	x6,x6,1314	  x6:0x1ff08000  x6=0x1ff08522
         435000	        42	80000088	00f00393	addi	x7,x0,15	  x0:0x00000000  x7=0x0000000f
         445000	        43	8000008c	fd1a3437	lui	x8,0xfd1a3	  x8=0xfd1a3000
         455000	        44	80000090	c4540413	addi	x8,x8,-955	  x8:0xfd1a3000  x8=0xfd1a2c45
         465000	        45	80000094	00d00493	addi	x9,x0,13	  x0:0x00000000  x9=0x0000000d
         475000	        46	80000098	00000513	addi	x10,x0,0	  x0:0x00000000 x10=0x00000000
         485000	        47	8000009c	00700593	addi	x11,x0,7	  x0:0x00000000 x11=0x00000007
         495000	        48	800000a0	00700693	addi	x13,x0,7	  x0:0x00000000 x13=0x00000007
         505000	        49	800000a4	00f00713	addi	x14,x0,15	  x0:0x00000000 x14=0x0000000f
         515000	        50	800000a8	800007b7	lui	x15,0x80000	 x15=0x80000000
         525000	        51	800000ac	80000837	lui	x16,0x80000	 x16=0x80000000
         535000	        52	800000b0	00900893	addi	x17,x0,9	  x0:0x00000000 x17=0x00000009
         545000	        53	800000b4	f5b3f937	lui	x18,0xf5b3f	 x18=0xf5b3f000
         555000	        54	800000b8	ddd90913	addi	x18,x18,-547	 x18:0xf5b3f000 x18=0xf5b3eddd
         565000	        55	800000bc	00100993	addi	x19,x0,1	  x0:0x00000000 x19=0x00000001
         575000	        56	800000c0	00900a13	addi	x20,x0,9	  x0:0x00000000 x20=0x00000009
         585000	        57	800000c4	44effab7	lui	x21,0x44eff	 x21=0x44eff000
         595000	        58	800000c8	1a1a8a93	addi	x21,x21,417	 x21:0x44eff000 x21=0x44eff1a1
         605000	        59	800000cc	00500b13	addi	x22,x0,5	  x0:0x00000000 x22=0x00000005
         615000	        60	800000d0	00000b93	addi	x23,x0,0	  x0:0x00000000 x23=0x00000000
         625000	        61	800000d4	00900c13	addi	x24,x0,9	  x0:0x00000000 x24=0x00000009
         635000	        62	800000d8	00500c93	addi	x25,x0,5	  x0:0x00000000 x25=0x00000005
         645000	        63	800000dc	f14b7d37	lui	x26,0xf14b7	 x26=0xf14b7000
         655000	        64	800000e0	8d4d0d13	addi	x26,x26,-1836	 x26:0xf14b7000 x26=0xf14b68d4
         665000	        65	800000e4	00000e13	addi	x28,x0,0	  x0:0x00000000 x28=0x00000000
         675000	        66	800000e8	00e00e93	addi	x29,x0,14	  x0:0x00000000 x29=0x0000000e
         685000	        67	800000ec	00700f13	addi	x30,x0,7	  x0:0x00000000 x30=0x00000007
         695000	        68	800000f0	00000f93	addi	x31,x0,0	  x0:0x00000000 x31=0x00000000
         705000	        69	800000f4	0000ad97	auipc	x27,0xa	 x27=0x8000a0f0
         715000	        70	800000f8	e94d8d93	addi	x27,x27,-364	 x27:0x8000a0f0 x27=0x80009f84
         725000	        71	800000fc	008000ef	jal	x1,800000fc	  x1=0x800000fc
         735000	        72	00000000	00000013	addi	x0,x0,0	  x0:0x00000000
         745000	        73	80000100	00000013	addi	x0,x0,0	  x0:0x00000000
         755000	        74	80000104	01c000ef	jal	x1,80000104	  x1=0x80000104
         765000	        75	00000000	00000013	addi	x0,x0,0	  x0:0x00000000
         775000	        76	8000011c	00000013	addi	x0,x0,0	  x0:0x00000000
         785000	        77	80000120	ff5ff0ef	jal	x1,80000120	  x1=0x80000120
         795000	        78	00000000	00000013	addi	x0,x0,0	  x0:0x00000000
         805000	        79	80000110	00000013	addi	x0,x0,0	  x0:0x00000000
         815000	        80	80000114	ff5ff1ef	jal	x3,80000114	  x3=0x80000114
         825000	        81	00000000	00000013	addi	x0,x0,0	  x0:0x00000000
         835000	        82	80000104	00000013	addi	x0,x0,0	  x0:0x00000000
         845000	        83	80000108	ff9ff16f	jal	x2,80000108	  x2=0x80000108
         855000	        84	00000000	00000013	addi	x0,x0,0	  x0:0x00000000
         865000	        85	800000fc	00000013	addi	x0,x0,0	  x0:0x00000000
         875000	        86	80000100	010008ef	jal	x17,80000100	 x17=0x80000100
         885000	        87	00000000	00000013	addi	x0,x0,0	  x0:0x00000000
         895000	        88	8000010c	00000013	addi	x0,x0,0	  x0:0x00000000
         905000	        89	80000110	00c0086f	jal	x16,80000110	 x16=0x80000110
         915000	        90	00000000	00000013	addi	x0,x0,0	  x0:0x00000000
         925000	        91	80000118	00000013	addi	x0,x0,0	  x0:0x00000000
         935000	        92	8000011c	ff1ff36f	jal	x6,8000011c	  x6=0x8000011c
         945000	        93	00000000	00000013	addi	x0,x0,0	  x0:0x00000000
         955000	        94	80000108	00000013	addi	x0,x0,0	  x0:0x00000000
         965000	        95	8000010c	0180036f	jal	x6,8000010c	  x6=0x8000010c
         975000	        96	00000000	00000013	addi	x0,x0,0	  x0:0x00000000
         985000	        97	80000120	00000013	addi	x0,x0,0	  x0:0x00000000
         995000	        98	80000124	ff5ff36f	jal	x6,80000124	  x6=0x80000124
        1005000	        99	00000000	00000013	addi	x0,x0,0	  x0:0x00000000
        1015000	       100	80000114	00000013	addi	x0,x0,0	  x0:0x00000000
        1025000	       101	80000118	0100036f	jal	x6,80000118	  x6=0x80000118
        1035000	       102	00000000	00000013	addi	x0,x0,0	  x0:0x00000000
        1045000	       103	80000124	00000013	addi	x0,x0,0	  x0:0x00000000
        1055000	       104	80000128	00000013	addi	x0,x0,0	  x0:0x00000000
        1065000	       105	8000012c	030000ef	jal	x1,8000012c	  x1=0x8000012c
        1075000	       106	00000000	00000013	addi	x0,x0,0	  x0:0x00000000
        1085000	       107	80000158	00000013	addi	x0,x0,0	  x0:0x00000000
        1095000	       108	8000015c	040009ef	jal	x19,8000015c	 x19=0x8000015c
        1105000	       109	00000000	00000013	addi	x0,x0,0	  x0:0x00000000
        1115000	       110	80000198	00000013	addi	x0,x0,0	  x0:0x00000000
        1125000	       111	8000019c	fc9ff0ef	jal	x1,8000019c	  x1=0x8000019c
        1135000	       112	00000000	00000013	addi	x0,x0,0	  x0:0x00000000
        1145000	       113	80000160	00000013	addi	x0,x0,0	  x0:0x00000000
        1155000	       114	80000164	ff1ff0ef	jal	x1,80000164	  x1=0x80000164
        1165000	       115	00000000	00000013	addi	x0,x0,0	  x0:0x00000000
        1175000	       116	80000150	00000013	addi	x0,x0,0	  x0:0x00000000
        1185000	       117	80000154	01800f6f	jal	x30,80000154	 x30=0x80000154
        1195000	       118	00000000	00000013	addi	x0,x0,0	  x0:0x00000000
        1205000	       119	80000168	00000013	addi	x0,x0,0	  x0:0x00000000
        1215000	       120	8000016c	ffdffaef	jal	x21,8000016c	 x21=0x8000016c
        1225000	       121	00000000	00000013	addi	x0,x0,0	  x0:0x00000000
        1235000	       122	80000164	00000013	addi	x0,x0,0	  x0:0x00000000
        1245000	       123	80000168	fddff26f	jal	x4,80000168	  x4=0x80000168
        1255000	       124	00000000	00000013	addi	x0,x0,0	  x0:0x00000000
        1265000	       125	80000140	00000013	addi	x0,x0,0	  x0:0x00000000
        1275000	       126	80000144	0300036f	jal	x6,80000144	  x6=0x80000144
        1285000	       127	00000000	00000013	addi	x0,x0,0	  x0:0x00000000
        1295000	       128	80000170	00000013	addi	x0,x0,0	  x0:0x00000000
        1305000	       129	80000174	020000ef	jal	x1,80000174	  x1=0x80000174
        1315000	       130	00000000	00000013	addi	x0,x0,0	  x0:0x00000000
        1325000	       131	80000190	00000013	addi	x0,x0,0	  x0:0x00000000
        1335000	       132	80000194	fa1ff16f	jal	x2,80000194	  x2=0x80000194
        1345000	       133	00000000	00000013	addi	x0,x0,0	  x0:0x00000000
        1355000	       134	80000130	00000013	addi	x0,x0,0	  x0:0x00000000
        1365000	       135	80000134	01c000ef	jal	x1,80000134	  x1=0x80000134
        1375000	       136	00000000	00000013	addi	x0,x0,0	  x0:0x00000000
        1385000	       137	8000014c	00000013	addi	x0,x0,0	  x0:0x00000000
        1395000	       138	80000150	fe9ff1ef	jal	x3,80000150	  x3=0x80000150
        1405000	       139	00000000	00000013	addi	x0,x0,0	  x0:0x00000000
        1415000	       140	80000134	00000013	addi	x0,x0,0	  x0:0x00000000
        1425000	       141	80000138	050000ef	jal	x1,80000138	  x1=0x80000138
        1435000	       142	00000000	00000013	addi	x0,x0,0	  x0:0x00000000
        1445000	       143	80000184	00000013	addi	x0,x0,0	  x0:0x00000000
        1455000	       144	80000188	ff1ffbef	jal	x23,80000188	 x23=0x80000188
        1465000	       145	00000000	00000013	addi	x0,x0,0	  x0:0x00000000
        1475000	       146	80000174	00000013	addi	x0,x0,0	  x0:0x00000000
        1485000	       147	80000178	fd1ff0ef	jal	x1,80000178	  x1=0x80000178
        1495000	       148	00000000	00000013	addi	x0,x0,0	  x0:0x00000000
        1505000	       149	80000144	00000013	addi	x0,x0,0	  x0:0x00000000
        1515000	       150	80000148	044000ef	jal	x1,80000148	  x1=0x80000148
        1525000	       151	00000000	00000013	addi	x0,x0,0	  x0:0x00000000
        1535000	       152	80000188	00000013	addi	x0,x0,0	  x0:0x00000000
        1545000	       153	8000018c	ff1ff36f	jal	x6,8000018c	  x6=0x8000018c
        1555000	       154	00000000	00000013	addi	x0,x0,0	  x0:0x00000000
        1565000	       155	80000178	00000013	addi	x0,x0,0	  x0:0x00000000
        1575000	       156	8000017c	fb5ff36f	jal	x6,8000017c	  x6=0x8000017c
        1585000	       157	00000000	00000013	addi	x0,x0,0	  x0:0x00000000
        1595000	       158	8000012c	00000013	addi	x0,x0,0	  x0:0x00000000
        1605000	       159	80000130	054000ef	jal	x1,80000130	  x1=0x80000130
        1615000	       160	00000000	00000013	addi	x0,x0,0	  x0:0x00000000
        1625000	       161	80000180	00000013	addi	x0,x0,0	  x0:0x00000000
        1635000	       162	80000184	fd5ff0ef	jal	x1,80000184	  x1=0x80000184
        1645000	       163	00000000	00000013	addi	x0,x0,0	  x0:0x00000000
        1655000	       164	80000154	00000013	addi	x0,x0,0	  x0:0x00000000
        1665000	       165	80000158	fe5ff36f	jal	x6,80000158	  x6=0x80000158
        1675000	       166	00000000	00000013	addi	x0,x0,0	  x0:0x00000000
        1685000	       167	80000138	00000013	addi	x0,x0,0	  x0:0x00000000
        1695000	       168	8000013c	05c0036f	jal	x6,8000013c	  x6=0x8000013c
        1705000	       169	00000000	00000013	addi	x0,x0,0	  x0:0x00000000
        1715000	       170	80000194	00000013	addi	x0,x0,0	  x0:0x00000000
        1725000	       171	80000198	fe9ff36f	jal	x6,80000198	  x6=0x80000198
        1735000	       172	00000000	00000013	addi	x0,x0,0	  x0:0x00000000
        1745000	       173	8000017c	00000013	addi	x0,x0,0	  x0:0x00000000
        1755000	       174	80000180	0100016f	jal	x2,80000180	  x2=0x80000180
        1765000	       175	00000000	00000013	addi	x0,x0,0	  x0:0x00000000
        1775000	       176	8000018c	00000013	addi	x0,x0,0	  x0:0x00000000
        1785000	       177	80000190	fe1ff0ef	jal	x1,80000190	  x1=0x80000190
        1795000	       178	00000000	00000013	addi	x0,x0,0	  x0:0x00000000
        1805000	       179	8000016c	00000013	addi	x0,x0,0	  x0:0x00000000
        1815000	       180	80000170	fddff0ef	jal	x1,80000170	  x1=0x80000170
        1825000	       181	00000000	00000013	addi	x0,x0,0	  x0:0x00000000
        1835000	       182	80000148	00000013	addi	x0,x0,0	  x0:0x00000000
        1845000	       183	8000014c	ff5ff2ef	jal	x5,8000014c	  x5=0x8000014c
        1855000	       184	00000000	00000013	addi	x0,x0,0	  x0:0x00000000
        1865000	       185	8000013c	00000013	addi	x0,x0,0	  x0:0x00000000
        1875000	       186	80000140	020000ef	jal	x1,80000140	  x1=0x80000140
        1885000	       187	00000000	00000013	addi	x0,x0,0	  x0:0x00000000
        1895000	       188	8000015c	00000013	addi	x0,x0,0	  x0:0x00000000
        1905000	       189	80000160	040000ef	jal	x1,80000160	  x1=0x80000160
        1915000	       190	00000000	00000013	addi	x0,x0,0	  x0:0x00000000
        1925000	       191	8000019c	00000013	addi	x0,x0,0	  x0:0x00000000
        1935000	       192	800001a0	0014e3b3	or	x7,x9,x1	  x9:0x0000000d  x1:0x80000160  x7=0x8000016d
        1945000	       193	800001a4	004000ef	jal	x1,800001a4	  x1=0x800001a4
        1955000	       194	00000000	00000013	addi	x0,x0,0	  x0:0x00000000
        1965000	       195	800001a4	00000013	addi	x0,x0,0	  x0:0x00000000
        1975000	       196	800001a8	0140036f	jal	x6,800001a8	  x6=0x800001a8
        1985000	       197	00000000	00000013	addi	x0,x0,0	  x0:0x00000000
        1995000	       198	800001b8	00000013	addi	x0,x0,0	  x0:0x00000000
        2005000	       199	800001bc	ffdff0ef	jal	x1,800001bc	  x1=0x800001bc
        2015000	       200	00000000	00000013	addi	x0,x0,0	  x0:0x00000000
        2025000	       201	800001b4	00000013	addi	x0,x0,0	  x0:0x00000000
        2035000	       202	800001b8	028000ef	jal	x1,800001b8	  x1=0x800001b8
        2045000	       203	00000000	00000013	addi	x0,x0,0	  x0:0x00000000
        2055000	       204	800001dc	00000013	addi	x0,x0,0	  x0:0x00000000
        2065000	       205	800001e0	fe1ff36f	jal	x6,800001e0	  x6=0x800001e0
        2075000	       206	00000000	00000013	addi	x0,x0,0	  x0:0x00000000
        2085000	       207	800001bc	00000013	addi	x0,x0,0	  x0:0x00000000
        2095000	       208	800001c0	02c000ef	jal	x1,800001c0	  x1=0x800001c0
        2105000	       209	00000000	00000013	addi	x0,x0,0	  x0:0x00000000
        2115000	       210	800001e8	00000013	addi	x0,x0,0	  x0:0x00000000
        2125000	       211	800001ec	fc9ff0ef	jal	x1,800001ec	  x1=0x800001ec
        2135000	       212	00000000	00000013	addi	x0,x0,0	  x0:0x00000000
        2145000	       213	800001b0	00000013	addi	x0,x0,0	  x0:0x00000000
        2155000	       214	800001b4	03c006ef	jal	x13,800001b4	 x13=0x800001b4
        2165000	       215	00000000	00000013	addi	x0,x0,0	  x0:0x00000000
        2175000	       216	800001ec	00000013	addi	x0,x0,0	  x0:0x00000000
        2185000	       217	800001f0	fe9ffcef	jal	x25,800001f0	 x25=0x800001f0
        2195000	       218	00000000	00000013	addi	x0,x0,0	  x0:0x00000000
        2205000	       219	800001d4	00000013	addi	x0,x0,0	  x0:0x00000000
        2215000	       220	800001d8	fd9ff0ef	jal	x1,800001d8	  x1=0x800001d8
        2225000	       221	00000000	00000013	addi	x0,x0,0	  x0:0x00000000
        2235000	       222	800001ac	00000013	addi	x0,x0,0	  x0:0x00000000
        2245000	       223	800001b0	020000ef	jal	x1,800001b0	  x1=0x800001b0
        2255000	       224	00000000	00000013	addi	x0,x0,0	  x0:0x00000000
        2265000	       225	800001cc	00000013	addi	x0,x0,0	  x0:0x00000000
        2275000	       226	800001d0	00c00d6f	jal	x26,800001d0	 x26=0x800001d0
        2285000	       227	00000000	00000013	addi	x0,x0,0	  x0:0x00000000
        2295000	       228	800001d8	00000013	addi	x0,x0,0	  x0:0x00000000
        2305000	       229	800001dc	ff9ff0ef	jal	x1,800001dc	  x1=0x800001dc
        2315000	       230	00000000	00000013	addi	x0,x0,0	  x0:0x00000000
        2325000	       231	800001d0	00000013	addi	x0,x0,0	  x0:0x00000000
        2335000	       232	800001d4	0280016f	jal	x2,800001d4	  x2=0x800001d4
        2345000	       233	00000000	00000013	addi	x0,x0,0	  x0:0x00000000
        2355000	       234	800001f8	00000013	addi	x0,x0,0	  x0:0x00000000
        2365000	       235	800001fc	004000ef	jal	x1,800001fc	  x1=0x800001fc
        2375000	       236	00000000	00000013	addi	x0,x0,0	  x0:0x00000000
        2385000	       237	800001fc	00000013	addi	x0,x0,0	  x0:0x00000000
        2395000	       238	80000200	fcdff36f	jal	x6,80000200	  x6=0x80000200
        2405000	       239	00000000	00000013	addi	x0,x0,0	  x0:0x00000000
        2415000	       240	800001c8	00000013	addi	x0,x0,0	  x0:0x00000000
        2425000	       241	800001cc	01c0036f	jal	x6,800001cc	  x6=0x800001cc
        2435000	       242	00000000	00000013	addi	x0,x0,0	  x0:0x00000000
        2445000	       243	800001e4	00000013	addi	x0,x0,0	  x0:0x00000000
        2455000	       244	800001e8	0200036f	jal	x6,800001e8	  x6=0x800001e8
        2465000	       245	00000000	00000013	addi	x0,x0,0	  x0:0x00000000
        2475000	       246	80000204	00000013	addi	x0,x0,0	  x0:0x00000000
        2485000	       247	80000208	fbdff0ef	jal	x1,80000208	  x1=0x80000208
        2495000	       248	00000000	00000013	addi	x0,x0,0	  x0:0x00000000
        2505000	       249	800001c0	00000013	addi	x0,x0,0	  x0:0x00000000
        2515000	       250	800001c4	034000ef	jal	x1,800001c4	  x1=0x800001c4
        2525000	       251	00000000	00000013	addi	x0,x0,0	  x0:0x00000000
        2535000	       252	800001f4	00000013	addi	x0,x0,0	  x0:0x00000000
        2545000	       253	800001f8	fedff36f	jal	x6,800001f8	  x6=0x800001f8
        2555000	       254	00000000	00000013	addi	x0,x0,0	  x0:0x00000000
        2565000	       255	800001e0	00000013	addi	x0,x0,0	  x0:0x00000000
        2575000	       256	800001e4	fe5ff36f	jal	x6,800001e4	  x6=0x800001e4
        2585000	       257	00000000	00000013	addi	x0,x0,0	  x0:0x00000000
        2595000	       258	800001c4	00000013	addi	x0,x0,0	  x0:0x00000000
        2605000	       259	800001c8	fe5ff0ef	jal	x1,800001c8	  x1=0x800001c8
        2615000	       260	00000000	00000013	addi	x0,x0,0	  x0:0x00000000
        2625000	       261	800001a8	00000013	addi	x0,x0,0	  x0:0x00000000
        2635000	       262	800001ac	058000ef	jal	x1,800001ac	  x1=0x800001ac
        2645000	       263	00000000	00000013	addi	x0,x0,0	  x0:0x00000000
        2655000	       264	80000200	00000013	addi	x0,x0,0	  x0:0x00000000
        2665000	       265	80000204	ff1ff16f	jal	x2,80000204	  x2=0x80000204
        2675000	       266	00000000	00000013	addi	x0,x0,0	  x0:0x00000000
        2685000	       267	800001f0	00000013	addi	x0,x0,0	  x0:0x00000000
        2695000	       268	800001f4	018000ef	jal	x1,800001f4	  x1=0x800001f4
        2705000	       269	00000000	00000013	addi	x0,x0,0	  x0:0x00000000
        2715000	       270	80000208	00000013	addi	x0,x0,0	  x0:0x00000000
        2725000	       271	8000020c	ef6ecc93	xori	x25,x29,-266	 x29:0x0000000e x25=0xfffffef8
        2735000	       272	80000210	040000ef	jal	x1,80000210	  x1=0x80000210
        2745000	       273	00000000	00000013	addi	x0,x0,0	  x0:0x00000000
        2755000	       274	8000024c	00000013	addi	x0,x0,0	  x0:0x00000000
        2765000	       275	80000250	ff1ff0ef	jal	x1,80000250	  x1=0x80000250
        2775000	       276	00000000	00000013	addi	x0,x0,0	  x0:0x00000000
        2785000	       277	8000023c	00000013	addi	x0,x0,0	  x0:0x00000000
        2795000	       278	80000240	fedff36f	jal	x6,80000240	  x6=0x80000240
        2805000	       279	00000000	00000013	addi	x0,x0,0	  x0:0x00000000
        2815000	       280	80000228	00000013	addi	x0,x0,0	  x0:0x00000000
        2825000	       281	8000022c	02c000ef	jal	x1,8000022c	  x1=0x8000022c
        2835000	       282	00000000	00000013	addi	x0,x0,0	  x0:0x00000000
        2845000	       283	80000254	00000013	addi	x0,x0,0	  x0:0x00000000
        2855000	       284	80000258	fedff36f	jal	x6,80000258	  x6=0x80000258
        2865000	       285	00000000	00000013	addi	x0,x0,0	  x0:0x00000000
        2875000	       286	80000240	00000013	addi	x0,x0,0	  x0:0x00000000
        2885000	       287	80000244	0200036f	jal	x6,80000244	  x6=0x80000244
        2895000	       288	00000000	00000013	addi	x0,x0,0	  x0:0x00000000
        2905000	       289	80000260	00000013	addi	x0,x0,0	  x0:0x00000000
        2915000	       290	80000264	ffdffe6f	jal	x28,80000264	 x28=0x80000264
        2925000	       291	00000000	00000013	addi	x0,x0,0	  x0:0x00000000
        2935000	       292	8000025c	00000013	addi	x0,x0,0	  x0:0x00000000
        2945000	       293	80000260	fc5ff0ef	jal	x1,80000260	  x1=0x80000260
        2955000	       294	00000000	00000013	addi	x0,x0,0	  x0:0x00000000
        2965000	       295	80000220	00000013	addi	x0,x0,0	  x0:0x00000000
        2975000	       296	80000224	ff9ff0ef	jal	x1,80000224	  x1=0x80000224
        2985000	       297	00000000	00000013	addi	x0,x0,0	  x0:0x00000000
        2995000	       298	80000218	00000013	addi	x0,x0,0	  x0:0x00000000
        3005000	       299	8000021c	018000ef	jal	x1,8000021c	  x1=0x8000021c
        3015000	       300	00000000	00000013	addi	x0,x0,0	  x0:0x00000000
        3025000	       301	80000230	00000013	addi	x0,x0,0	  x0:0x00000000
        3035000	       302	80000234	028000ef	jal	x1,80000234	  x1=0x80000234
        3045000	       303	00000000	00000013	addi	x0,x0,0	  x0:0x00000000
        3055000	       304	80000258	00000013	addi	x0,x0,0	  x0:0x00000000
        3065000	       305	8000025c	01c0036f	jal	x6,8000025c	  x6=0x8000025c
        3075000	       306	00000000	00000013	addi	x0,x0,0	  x0:0x00000000
        3085000	       307	80000274	00000013	addi	x0,x0,0	  x0:0x00000000
        3095000	       308	80000278	fb1ff0ef	jal	x1,80000278	  x1=0x80000278
        3105000	       309	00000000	00000013	addi	x0,x0,0	  x0:0x00000000
        3115000	       310	80000224	00000013	addi	x0,x0,0	  x0:0x00000000
        3125000	       311	80000228	008000ef	jal	x1,80000228	  x1=0x80000228
        3135000	       312	00000000	00000013	addi	x0,x0,0	  x0:0x00000000
        3145000	       313	8000022c	00000013	addi	x0,x0,0	  x0:0x00000000
        3155000	       314	80000230	01c0016f	jal	x2,80000230	  x2=0x80000230
        3165000	       315	00000000	00000013	addi	x0,x0,0	  x0:0x00000000
        3175000	       316	80000248	00000013	addi	x0,x0,0	  x0:0x00000000
        3185000	       317	8000024c	ffdff0ef	jal	x1,8000024c	  x1=0x8000024c
        3195000	       318	00000000	00000013	addi	x0,x0,0	  x0:0x00000000
        3205000	       319	80000244	00000013	addi	x0,x0,0	  x0:0x00000000
        3215000	       320	80000248	fd1fff6f	jal	x30,80000248	 x30=0x80000248
        3225000	       321	00000000	00000013	addi	x0,x0,0	  x0:0x00000000
        3235000	       322	80000214	00000013	addi	x0,x0,0	  x0:0x00000000
        3245000	       323	80000218	0080016f	jal	x2,80000218	  x2=0x80000218
        3255000	       324	00000000	00000013	addi	x0,x0,0	  x0:0x00000000
        3265000	       325	8000021c	00000013	addi	x0,x0,0	  x0:0x00000000
        3275000	       326	80000220	034002ef	jal	x5,80000220	  x5=0x80000220
        3285000	       327	00000000	00000013	addi	x0,x0,0	  x0:0x00000000
        3295000	       328	80000250	00000013	addi	x0,x0,0	  x0:0x00000000
        3305000	       329	80000254	01800c6f	jal	x24,80000254	 x24=0x80000254
        3315000	       330	00000000	00000013	addi	x0,x0,0	  x0:0x00000000
        3325000	       331	80000268	00000013	addi	x0,x0,0	  x0:0x00000000
        3335000	       332	8000026c	fd1ff26f	jal	x4,8000026c	  x4=0x8000026c
        3345000	       333	00000000	00000013	addi	x0,x0,0	  x0:0x00000000
        3355000	       334	80000238	00000013	addi	x0,x0,0	  x0:0x00000000
        3365000	       335	8000023c	0380036f	jal	x6,8000023c	  x6=0x8000023c
        3375000	       336	00000000	00000013	addi	x0,x0,0	  x0:0x00000000
        3385000	       337	80000270	00000013	addi	x0,x0,0	  x0:0x00000000
        3395000	       338	80000274	fc5ff1ef	jal	x3,80000274	  x3=0x80000274
        3405000	       339	00000000	00000013	addi	x0,x0,0	  x0:0x00000000
        3415000	       340	80000234	00000013	addi	x0,x0,0	  x0:0x00000000
        3425000	       341	80000238	fddff0ef	jal	x1,80000238	  x1=0x80000238
        3435000	       342	00000000	00000013	addi	x0,x0,0	  x0:0x00000000
        3445000	       343	80000210	00000013	addi	x0,x0,0	  x0:0x00000000
        3455000	       344	80000214	05c0036f	jal	x6,80000214	  x6=0x80000214
        3465000	       345	00000000	00000013	addi	x0,x0,0	  x0:0x00000000
        3475000	       346	8000026c	00000013	addi	x0,x0,0	  x0:0x00000000
        3485000	       347	80000270	ff9ff1ef	jal	x3,80000270	  x3=0x80000270
        3495000	       348	00000000	00000013	addi	x0,x0,0	  x0:0x00000000
        3505000	       349	80000264	00000013	addi	x0,x0,0	  x0:0x00000000
        3515000	       350	80000268	0180036f	jal	x6,80000268	  x6=0x80000268
        3525000	       351	00000000	00000013	addi	x0,x0,0	  x0:0x00000000
        3535000	       352	8000027c	00000013	addi	x0,x0,0	  x0:0x00000000
        3545000	       353	80000280	ffdff0ef	jal	x1,80000280	  x1=0x80000280
        3555000	       354	00000000	00000013	addi	x0,x0,0	  x0:0x00000000
        3565000	       355	80000278	00000013	addi	x0,x0,0	  x0:0x00000000
        3575000	       356	8000027c	008000ef	jal	x1,8000027c	  x1=0x8000027c
        3585000	       357	00000000	00000013	addi	x0,x0,0	  x0:0x00000000
        3595000	       358	80000280	00000013	addi	x0,x0,0	  x0:0x00000000
        3605000	       359	80000284	01c6ffb3	and	x31,x13,x28	 x13:0x800001b4 x28:0x80000264 x31=0x80000024
        3615000	       360	80000288	040000ef	jal	x1,80000288	  x1=0x80000288
        3625000	       361	00000000	00000013	addi	x0,x0,0	  x0:0x00000000
        3635000	       362	800002c4	00000013	addi	x0,x0,0	  x0:0x00000000
        3645000	       363	800002c8	ff1ff0ef	jal	x1,800002c8	  x1=0x800002c8
        3655000	       364	00000000	00000013	addi	x0,x0,0	  x0:0x00000000
        3665000	       365	800002b4	00000013	addi	x0,x0,0	  x0:0x00000000
        3675000	       366	800002b8	fedff36f	jal	x6,800002b8	  x6=0x800002b8
        3685000	       367	00000000	00000013	addi	x0,x0,0	  x0:0x00000000
        3695000	       368	800002a0	00000013	addi	x0,x0,0	  x0:0x00000000
        3705000	       369	800002a4	0280036f	jal	x6,800002a4	  x6=0x800002a4
        3715000	       370	00000000	00000013	addi	x0,x0,0	  x0:0x00000000
        3725000	       371	800002c8	00000013	addi	x0,x0,0	  x0:0x00000000
        3735000	       372	800002cc	fc9ff0ef	jal	x1,800002cc	  x1=0x800002cc
        3745000	       373	00000000	00000013	addi	x0,x0,0	  x0:0x00000000
        3755000	       374	80000290	00000013	addi	x0,x0,0	  x0:0x00000000
        3765000	       375	80000294	0400036f	jal	x6,80000294	  x6=0x80000294
        3775000	       376	00000000	00000013	addi	x0,x0,0	  x0:0x00000000
        3785000	       377	800002d0	00000013	addi	x0,x0,0	  x0:0x00000000
        3795000	       378	800002d4	fc5ff0ef	jal	x1,800002d4	  x1=0x800002d4
        3805000	       379	00000000	00000013	addi	x0,x0,0	  x0:0x00000000
        3815000	       380	80000294	00000013	addi	x0,x0,0	  x0:0x00000000
        3825000	       381	80000298	0100036f	jal	x6,80000298	  x6=0x80000298
        3835000	       382	00000000	00000013	addi	x0,x0,0	  x0:0x00000000
        3845000	       383	800002a4	00000013	addi	x0,x0,0	  x0:0x00000000
        3855000	       384	800002a8	004001ef	jal	x3,800002a8	  x3=0x800002a8
        3865000	       385	00000000	00000013	addi	x0,x0,0	  x0:0x00000000
        3875000	       386	800002a8	00000013	addi	x0,x0,0	  x0:0x00000000
        3885000	       387	800002ac	0100036f	jal	x6,800002ac	  x6=0x800002ac
        3895000	       388	00000000	00000013	addi	x0,x0,0	  x0:0x00000000
        3905000	       389	800002b8	00000013	addi	x0,x0,0	  x0:0x00000000
        3915000	       390	800002bc	fd1ff0ef	jal	x1,800002bc	  x1=0x800002bc
        3925000	       391	00000000	00000013	addi	x0,x0,0	  x0:0x00000000
        3935000	       392	80000288	00000013	addi	x0,x0,0	  x0:0x00000000
        3945000	       393	8000028c	02400fef	jal	x31,8000028c	 x31=0x8000028c
        3955000	       394	00000000	00000013	addi	x0,x0,0	  x0:0x00000000
        3965000	       395	800002ac	00000013	addi	x0,x0,0	  x0:0x00000000
        3975000	       396	800002b0	010000ef	jal	x1,800002b0	  x1=0x800002b0
        3985000	       397	00000000	00000013	addi	x0,x0,0	  x0:0x00000000
        3995000	       398	800002bc	00000013	addi	x0,x0,0	  x0:0x00000000
        4005000	       399	800002c0	fddffa6f	jal	x20,800002c0	 x20=0x800002c0
        4015000	       400	00000000	00000013	addi	x0,x0,0	  x0:0x00000000
        4025000	       401	80000298	00000013	addi	x0,x0,0	  x0:0x00000000
        4035000	       402	8000029c	ff5ff7ef	jal	x15,8000029c	 x15=0x8000029c
        4045000	       403	00000000	00000013	addi	x0,x0,0	  x0:0x00000000
        4055000	       404	8000028c	00000013	addi	x0,x0,0	  x0:0x00000000
        4065000	       405	80000290	040000ef	jal	x1,80000290	  x1=0x80000290
        4075000	       406	00000000	00000013	addi	x0,x0,0	  x0:0x00000000
        4085000	       407	800002cc	00000013	addi	x0,x0,0	  x0:0x00000000
        4095000	       408	800002d0	fd1ff2ef	jal	x5,800002d0	  x5=0x800002d0
        4105000	       409	00000000	00000013	addi	x0,x0,0	  x0:0x00000000
        4115000	       410	8000029c	00000013	addi	x0,x0,0	  x0:0x00000000
        4125000	       411	800002a0	0140036f	jal	x6,800002a0	  x6=0x800002a0
        4135000	       412	00000000	00000013	addi	x0,x0,0	  x0:0x00000000
        4145000	       413	800002b0	00000013	addi	x0,x0,0	  x0:0x00000000
        4155000	       414	800002b4	010000ef	jal	x1,800002b4	  x1=0x800002b4
        4165000	       415	00000000	00000013	addi	x0,x0,0	  x0:0x00000000
        4175000	       416	800002c0	00000013	addi	x0,x0,0	  x0:0x00000000
        4185000	       417	800002c4	014000ef	jal	x1,800002c4	  x1=0x800002c4
        4195000	       418	00000000	00000013	addi	x0,x0,0	  x0:0x00000000
        4205000	       419	800002d4	00000013	addi	x0,x0,0	  x0:0x00000000
        4215000	       420	800002d8	01eebab3	sltu	x21,x29,x30	 x29:0x0000000e x30:0x80000248 x21=0x00000001
        4225000	       421	800002dc	020000ef	jal	x1,800002dc	  x1=0x800002dc
        4235000	       422	00000000	00000013	addi	x0,x0,0	  x0:0x00000000
        4245000	       423	800002f8	00000013	addi	x0,x0,0	  x0:0x00000000
        4255000	       424	800002fc	0040036f	jal	x6,800002fc	  x6=0x800002fc
        4265000	       425	00000000	00000013	addi	x0,x0,0	  x0:0x00000000
        4275000	       426	800002fc	00000013	addi	x0,x0,0	  x0:0x00000000
        4285000	       427	80000300	0180036f	jal	x6,80000300	  x6=0x80000300
        4295000	       428	00000000	00000013	addi	x0,x0,0	  x0:0x00000000
        4305000	       429	80000314	00000013	addi	x0,x0,0	  x0:0x00000000
        4315000	       430	80000318	ff9ff2ef	jal	x5,80000318	  x5=0x80000318
        4325000	       431	00000000	00000013	addi	x0,x0,0	  x0:0x00000000
        4335000	       432	8000030c	00000013	addi	x0,x0,0	  x0:0x00000000
        4345000	       433	80000310	ff9ff0ef	jal	x1,80000310	  x1=0x80000310
        4355000	       434	00000000	00000013	addi	x0,x0,0	  x0:0x00000000
        4365000	       435	80000304	00000013	addi	x0,x0,0	  x0:0x00000000
        4375000	       436	80000308	fe1ffcef	jal	x25,80000308	 x25=0x80000308
        4385000	       437	00000000	00000013	addi	x0,x0,0	  x0:0x00000000
        4395000	       438	800002e4	00000013	addi	x0,x0,0	  x0:0x00000000
        4405000	       439	800002e8	02c000ef	jal	x1,800002e8	  x1=0x800002e8
        4415000	       440	00000000	00000013	addi	x0,x0,0	  x0:0x00000000
        4425000	       441	80000310	00000013	addi	x0,x0,0	  x0:0x00000000
        4435000	       442	80000314	fe1ff0ef	jal	x1,80000314	  x1=0x80000314
        4445000	       443	00000000	00000013	addi	x0,x0,0	  x0:0x00000000
        4455000	       444	800002f0	00000013	addi	x0,x0,0	  x0:0x00000000
        4465000	       445	800002f4	ff9ff2ef	jal	x5,800002f4	  x5=0x800002f4
        4475000	       446	00000000	00000013	addi	x0,x0,0	  x0:0x00000000
        4485000	       447	800002e8	00000013	addi	x0,x0,0	  x0:0x00000000
        4495000	       448	800002ec	0180036f	jal	x6,800002ec	  x6=0x800002ec
        4505000	       449	00000000	00000013	addi	x0,x0,0	  x0:0x00000000
        4515000	       450	80000300	00000013	addi	x0,x0,0	  x0:0x00000000
        4525000	       451	80000304	fedff0ef	jal	x1,80000304	  x1=0x80000304
        4535000	       452	00000000	00000013	addi	x0,x0,0	  x0:0x00000000
        4545000	       453	800002ec	00000013	addi	x0,x0,0	  x0:0x00000000
        4555000	       454	800002f0	008000ef	jal	x1,800002f0	  x1=0x800002f0
        4565000	       455	00000000	00000013	addi	x0,x0,0	  x0:0x00000000
        4575000	       456	800002f4	00000013	addi	x0,x0,0	  x0:0x00000000
        4585000	       457	800002f8	fe9ff0ef	jal	x1,800002f8	  x1=0x800002f8
        4595000	       458	00000000	00000013	addi	x0,x0,0	  x0:0x00000000
        4605000	       459	800002dc	00000013	addi	x0,x0,0	  x0:0x00000000
        4615000	       460	800002e0	02c0036f	jal	x6,800002e0	  x6=0x800002e0
        4625000	       461	00000000	00000013	addi	x0,x0,0	  x0:0x00000000
        4635000	       462	80000308	00000013	addi	x0,x0,0	  x0:0x00000000
        4645000	       463	8000030c	fd9ff0ef	jal	x1,8000030c	  x1=0x8000030c
        4655000	       464	00000000	00000013	addi	x0,x0,0	  x0:0x00000000
        4665000	       465	800002e0	00000013	addi	x0,x0,0	  x0:0x00000000
        4675000	       466	800002e4	038009ef	jal	x19,800002e4	 x19=0x800002e4
        4685000	       467	00000000	00000013	addi	x0,x0,0	  x0:0x00000000
        4695000	       468	80000318	00000013	addi	x0,x0,0	  x0:0x00000000
        4705000	       469	8000031c	00000013	addi	x0,x0,0	  x0:0x00000000
        4715000	       470	80000320	01c000ef	jal	x1,80000320	  x1=0x80000320
        4725000	       471	00000000	00000013	addi	x0,x0,0	  x0:0x00000000
        4735000	       472	80000338	00000013	addi	x0,x0,0	  x0:0x00000000
        4745000	       473	8000033c	ff9ff76f	jal	x14,8000033c	 x14=0x8000033c
        4755000	       474	00000000	00000013	addi	x0,x0,0	  x0:0x00000000
        4765000	       475	80000330	00000013	addi	x0,x0,0	  x0:0x00000000
        4775000	       476	80000334	028000ef	jal	x1,80000334	  x1=0x80000334
        4785000	       477	00000000	00000013	addi	x0,x0,0	  x0:0x00000000
        4795000	       478	80000358	00000013	addi	x0,x0,0	  x0:0x00000000
        4805000	       479	8000035c	ff9ff36f	jal	x6,8000035c	  x6=0x8000035c
        4815000	       480	00000000	00000013	addi	x0,x0,0	  x0:0x00000000
        4825000	       481	80000350	00000013	addi	x0,x0,0	  x0:0x00000000
        4835000	       482	80000354	0200036f	jal	x6,80000354	  x6=0x80000354
        4845000	       483	00000000	00000013	addi	x0,x0,0	  x0:0x00000000
        4855000	       484	80000370	00000013	addi	x0,x0,0	  x0:0x00000000
        4865000	       485	80000374	004001ef	jal	x3,80000374	  x3=0x80000374
        4875000	       486	00000000	00000013	addi	x0,x0,0	  x0:0x00000000
        4885000	       487	80000374	00000013	addi	x0,x0,0	  x0:0x00000000
        4895000	       488	80000378	fc9ff0ef	jal	x1,80000378	  x1=0x80000378
        4905000	       489	00000000	00000013	addi	x0,x0,0	  x0:0x00000000
        4915000	       490	8000033c	00000013	addi	x0,x0,0	  x0:0x00000000
        4925000	       491	80000340	ff1ff36f	jal	x6,80000340	  x6=0x80000340
        4935000	       492	00000000	00000013	addi	x0,x0,0	  x0:0x00000000
        4945000	       493	8000032c	00000013	addi	x0,x0,0	  x0:0x00000000
        4955000	       494	80000330	ff5ff0ef	jal	x1,80000330	  x1=0x80000330
        4965000	       495	00000000	00000013	addi	x0,x0,0	  x0:0x00000000
        4975000	       496	80000320	00000013	addi	x0,x0,0	  x0:0x00000000
        4985000	       497	80000324	0040026f	jal	x4,80000324	  x4=0x80000324
        4995000	       498	00000000	00000013	addi	x0,x0,0	  x0:0x00000000
        5005000	       499	80000324	00000013	addi	x0,x0,0	  x0:0x00000000
        5015000	       500	80000328	0300036f	jal	x6,80000328	  x6=0x80000328
        5025000	       501	00000000	00000013	addi	x0,x0,0	  x0:0x00000000
        5035000	       502	80000354	00000013	addi	x0,x0,0	  x0:0x00000000
        5045000	       503	80000358	0180076f	jal	x14,80000358	 x14=0x80000358
        5055000	       504	00000000	00000013	addi	x0,x0,0	  x0:0x00000000
        5065000	       505	8000036c	00000013	addi	x0,x0,0	  x0:0x00000000
        5075000	       506	80000370	ff9ff0ef	jal	x1,80000370	  x1=0x80000370
        5085000	       507	00000000	00000013	addi	x0,x0,0	  x0:0x00000000
        5095000	       508	80000364	00000013	addi	x0,x0,0	  x0:0x00000000
        5105000	       509	80000368	fc5ff0ef	jal	x1,80000368	  x1=0x80000368
        5115000	       510	00000000	00000013	addi	x0,x0,0	  x0:0x00000000
        5125000	       511	80000328	00000013	addi	x0,x0,0	  x0:0x00000000
        5135000	       512	8000032c	00c000ef	jal	x1,8000032c	  x1=0x8000032c
        5145000	       513	00000000	00000013	addi	x0,x0,0	  x0:0x00000000
        5155000	       514	80000334	00000013	addi	x0,x0,0	  x0:0x00000000
        5165000	       515	80000338	044000ef	jal	x1,80000338	  x1=0x80000338
        5175000	       516	00000000	00000013	addi	x0,x0,0	  x0:0x00000000
        5185000	       517	80000378	00000013	addi	x0,x0,0	  x0:0x00000000
        5195000	       518	8000037c	fd1ff36f	jal	x6,8000037c	  x6=0x8000037c
        5205000	       519	00000000	00000013	addi	x0,x0,0	  x0:0x00000000
        5215000	       520	80000348	00000013	addi	x0,x0,0	  x0:0x00000000
        5225000	       521	8000034c	004002ef	jal	x5,8000034c	  x5=0x8000034c
        5235000	       522	00000000	00000013	addi	x0,x0,0	  x0:0x00000000
        5245000	       523	8000034c	00000013	addi	x0,x0,0	  x0:0x00000000
        5255000	       524	80000350	ff5ff36f	jal	x6,80000350	  x6=0x80000350
        5265000	       525	00000000	00000013	addi	x0,x0,0	  x0:0x00000000
        5275000	       526	80000340	00000013	addi	x0,x0,0	  x0:0x00000000
        5285000	       527	80000344	020000ef	jal	x1,80000344	  x1=0x80000344
        5295000	       528	00000000	00000013	addi	x0,x0,0	  x0:0x00000000
        5305000	       529	80000360	00000013	addi	x0,x0,0	  x0:0x00000000
        5315000	       530	80000364	ffdff0ef	jal	x1,80000364	  x1=0x80000364
        5325000	       531	00000000	00000013	addi	x0,x0,0	  x0:0x00000000
        5335000	       532	8000035c	00000013	addi	x0,x0,0	  x0:0x00000000
        5345000	       533	80000360	fe9ff36f	jal	x6,80000360	  x6=0x80000360
        5355000	       534	00000000	00000013	addi	x0,x0,0	  x0:0x00000000
        5365000	       535	80000344	00000013	addi	x0,x0,0	  x0:0x00000000
        5375000	       536	80000348	024000ef	jal	x1,80000348	  x1=0x80000348
        5385000	       537	00000000	00000013	addi	x0,x0,0	  x0:0x00000000
        5395000	       538	80000368	00000013	addi	x0,x0,0	  x0:0x00000000
        5405000	       539	8000036c	0140036f	jal	x6,8000036c	  x6=0x8000036c
        5415000	       540	00000000	00000013	addi	x0,x0,0	  x0:0x00000000
        5425000	       541	8000037c	00000013	addi	x0,x0,0	  x0:0x00000000
        5435000	       542	80000380	01151433	sll	x8,x10,x17	 x10:0x00000000 x17:0x80000100  x8=0x00000000
        5445000	       543	80000384	014000ef	jal	x1,80000384	  x1=0x80000384
        5455000	       544	00000000	00000013	addi	x0,x0,0	  x0:0x00000000
        5465000	       545	80000394	00000013	addi	x0,x0,0	  x0:0x00000000
        5475000	       546	80000398	028000ef	jal	x1,80000398	  x1=0x80000398
        5485000	       547	00000000	00000013	addi	x0,x0,0	  x0:0x00000000
        5495000	       548	800003bc	00000013	addi	x0,x0,0	  x0:0x00000000
        5505000	       549	800003c0	ffdff0ef	jal	x1,800003c0	  x1=0x800003c0
        5515000	       550	00000000	00000013	addi	x0,x0,0	  x0:0x00000000
        5525000	       551	800003b8	00000013	addi	x0,x0,0	  x0:0x00000000
        5535000	       552	800003bc	fe9ff0ef	jal	x1,800003bc	  x1=0x800003bc
        5545000	       553	00000000	00000013	addi	x0,x0,0	  x0:0x00000000
        5555000	       554	800003a0	00000013	addi	x0,x0,0	  x0:0x00000000
        5565000	       555	800003a4	ff9ff0ef	jal	x1,800003a4	  x1=0x800003a4
        5575000	       556	00000000	00000013	addi	x0,x0,0	  x0:0x00000000
        5585000	       557	80000398	00000013	addi	x0,x0,0	  x0:0x00000000
        5595000	       558	8000039c	010000ef	jal	x1,8000039c	  x1=0x8000039c
        5605000	       559	00000000	00000013	addi	x0,x0,0	  x0:0x00000000
        5615000	       560	800003a8	00000013	addi	x0,x0,0	  x0:0x00000000
        5625000	       561	800003ac	fe5ff0ef	jal	x1,800003ac	  x1=0x800003ac
        5635000	       562	00000000	00000013	addi	x0,x0,0	  x0:0x00000000
        5645000	       563	8000038c	00000013	addi	x0,x0,0	  x0:0x00000000
        5655000	       564	80000390	024009ef	jal	x19,80000390	 x19=0x80000390
        5665000	       565	00000000	00000013	addi	x0,x0,0	  x0:0x00000000
        5675000	       566	800003b0	00000013	addi	x0,x0,0	  x0:0x00000000
        5685000	       567	800003b4	ffdff0ef	jal	x1,800003b4	  x1=0x800003b4
        5695000	       568	00000000	00000013	addi	x0,x0,0	  x0:0x00000000
        5705000	       569	800003ac	00000013	addi	x0,x0,0	  x0:0x00000000
        5715000	       570	800003b0	fddff3ef	jal	x7,800003b0	  x7=0x800003b0
        5725000	       571	00000000	00000013	addi	x0,x0,0	  x0:0x00000000
        5735000	       572	80000388	00000013	addi	x0,x0,0	  x0:0x00000000
        5745000	       573	8000038c	02c000ef	jal	x1,8000038c	  x1=0x8000038c
        5755000	       574	00000000	00000013	addi	x0,x0,0	  x0:0x00000000
        5765000	       575	800003b4	00000013	addi	x0,x0,0	  x0:0x00000000
        5775000	       576	800003b8	ff1ff26f	jal	x4,800003b8	  x4=0x800003b8
        5785000	       577	00000000	00000013	addi	x0,x0,0	  x0:0x00000000
        5795000	       578	800003a4	00000013	addi	x0,x0,0	  x0:0x00000000
        5805000	       579	800003a8	fe1ffb6f	jal	x22,800003a8	 x22=0x800003a8
        5815000	       580	00000000	00000013	addi	x0,x0,0	  x0:0x00000000
        5825000	       581	80000384	00000013	addi	x0,x0,0	  x0:0x00000000
        5835000	       582	80000388	0180036f	jal	x6,80000388	  x6=0x80000388
        5845000	       583	00000000	00000013	addi	x0,x0,0	  x0:0x00000000
        5855000	       584	8000039c	00000013	addi	x0,x0,0	  x0:0x00000000
        5865000	       585	800003a0	ff5ff36f	jal	x6,800003a0	  x6=0x800003a0
        5875000	       586	00000000	00000013	addi	x0,x0,0	  x0:0x00000000
        5885000	       587	80000390	00000013	addi	x0,x0,0	  x0:0x00000000
        5895000	       588	80000394	0300056f	jal	x10,80000394	 x10=0x80000394
        5905000	       589	00000000	00000013	addi	x0,x0,0	  x0:0x00000000
        5915000	       590	800003c0	00000013	addi	x0,x0,0	  x0:0x00000000
        5925000	       591	800003c4	01c11693	slli	x13,x2,0x1c	  x2:0x80000218 x13=0x80000000
        5935000	       592	800003c8	038000ef	jal	x1,800003c8	  x1=0x800003c8
        5945000	       593	00000000	00000013	addi	x0,x0,0	  x0:0x00000000
        5955000	       594	800003fc	00000013	addi	x0,x0,0	  x0:0x00000000
        5965000	       595	80000400	01c000ef	jal	x1,80000400	  x1=0x80000400
        5975000	       596	00000000	00000013	addi	x0,x0,0	  x0:0x00000000
        5985000	       597	80000418	00000013	addi	x0,x0,0	  x0:0x00000000
        5995000	       598	8000041c	fc1ff36f	jal	x6,8000041c	  x6=0x8000041c
        6005000	       599	00000000	00000013	addi	x0,x0,0	  x0:0x00000000
        6015000	       600	800003d8	00000013	addi	x0,x0,0	  x0:0x00000000
        6025000	       601	800003dc	00c000ef	jal	x1,800003dc	  x1=0x800003dc
        6035000	       602	00000000	00000013	addi	x0,x0,0	  x0:0x00000000
        6045000	       603	800003e4	00000013	addi	x0,x0,0	  x0:0x00000000
        6055000	       604	800003e8	fedff36f	jal	x6,800003e8	  x6=0x800003e8
        6065000	       605	00000000	00000013	addi	x0,x0,0	  x0:0x00000000
        6075000	       606	800003d0	00000013	addi	x0,x0,0	  x0:0x00000000
        6085000	       607	800003d4	03c000ef	jal	x1,800003d4	  x1=0x800003d4
        6095000	       608	00000000	00000013	addi	x0,x0,0	  x0:0x00000000
        6105000	       609	8000040c	00000013	addi	x0,x0,0	  x0:0x00000000
        6115000	       610	80000410	fe9fff6f	jal	x30,80000410	 x30=0x80000410
        6125000	       611	00000000	00000013	addi	x0,x0,0	  x0:0x00000000
        6135000	       612	800003f4	00000013	addi	x0,x0,0	  x0:0x00000000
        6145000	       613	800003f8	ff5ff16f	jal	x2,800003f8	  x2=0x800003f8
        6155000	       614	00000000	00000013	addi	x0,x0,0	  x0:0x00000000
        6165000	       615	800003e8	00000013	addi	x0,x0,0	  x0:0x00000000
        6175000	       616	800003ec	018000ef	jal	x1,800003ec	  x1=0x800003ec
        6185000	       617	00000000	00000013	addi	x0,x0,0	  x0:0x00000000
        6195000	       618	80000400	00000013	addi	x0,x0,0	  x0:0x00000000
        6205000	       619	80000404	008000ef	jal	x1,80000404	  x1=0x80000404
        6215000	       620	00000000	00000013	addi	x0,x0,0	  x0:0x00000000
        6225000	       621	80000408	00000013	addi	x0,x0,0	  x0:0x00000000
        6235000	       622	8000040c	ffdff16f	jal	x2,8000040c	  x2=0x8000040c
        6245000	       623	00000000	00000013	addi	x0,x0,0	  x0:0x00000000
        6255000	       624	80000404	00000013	addi	x0,x0,0	  x0:0x00000000
        6265000	       625	80000408	00c000ef	jal	x1,80000408	  x1=0x80000408
        6275000	       626	00000000	00000013	addi	x0,x0,0	  x0:0x00000000
        6285000	       627	80000410	00000013	addi	x0,x0,0	  x0:0x00000000
        6295000	       628	80000414	fcdff36f	jal	x6,80000414	  x6=0x80000414
        6305000	       629	00000000	00000013	addi	x0,x0,0	  x0:0x00000000
        6315000	       630	800003dc	00000013	addi	x0,x0,0	  x0:0x00000000
        6325000	       631	800003e0	010007ef	jal	x15,800003e0	 x15=0x800003e0
        6335000	       632	00000000	00000013	addi	x0,x0,0	  x0:0x00000000
        6345000	       633	800003ec	00000013	addi	x0,x0,0	  x0:0x00000000
        6355000	       634	800003f0	fe1ff0ef	jal	x1,800003f0	  x1=0x800003f0
        6365000	       635	00000000	00000013	addi	x0,x0,0	  x0:0x00000000
        6375000	       636	800003cc	00000013	addi	x0,x0,0	  x0:0x00000000
        6385000	       637	800003d0	008000ef	jal	x1,800003d0	  x1=0x800003d0
        6395000	       638	00000000	00000013	addi	x0,x0,0	  x0:0x00000000
        6405000	       639	800003d4	00000013	addi	x0,x0,0	  x0:0x00000000
        6415000	       640	800003d8	01c000ef	jal	x1,800003d8	  x1=0x800003d8
        6425000	       641	00000000	00000013	addi	x0,x0,0	  x0:0x00000000
        6435000	       642	800003f0	00000013	addi	x0,x0,0	  x0:0x00000000
        6445000	       643	800003f4	024000ef	jal	x1,800003f4	  x1=0x800003f4
        6455000	       644	00000000	00000013	addi	x0,x0,0	  x0:0x00000000
        6465000	       645	80000414	00000013	addi	x0,x0,0	  x0:0x00000000
        6475000	       646	80000418	fcdff0ef	jal	x1,80000418	  x1=0x80000418
        6485000	       647	00000000	00000013	addi	x0,x0,0	  x0:0x00000000
        6495000	       648	800003e0	00000013	addi	x0,x0,0	  x0:0x00000000
        6505000	       649	800003e4	fe9ff36f	jal	x6,800003e4	  x6=0x800003e4
        6515000	       650	00000000	00000013	addi	x0,x0,0	  x0:0x00000000
        6525000	       651	800003c8	00000013	addi	x0,x0,0	  x0:0x00000000
        6535000	       652	800003cc	030000ef	jal	x1,800003cc	  x1=0x800003cc
        6545000	       653	00000000	00000013	addi	x0,x0,0	  x0:0x00000000
        6555000	       654	800003f8	00000013	addi	x0,x0,0	  x0:0x00000000
        6565000	       655	800003fc	02400e6f	jal	x28,800003fc	 x28=0x800003fc
        6575000	       656	00000000	00000013	addi	x0,x0,0	  x0:0x00000000
        6585000	       657	8000041c	00000013	addi	x0,x0,0	  x0:0x00000000
        6595000	       658	80000420	010afe33	and	x28,x21,x16	 x21:0x00000001 x16:0x80000110 x28=0x00000000
        6605000	       659	80000424	01c000ef	jal	x1,80000424	  x1=0x80000424
        6615000	       660	00000000	00000013	addi	x0,x0,0	  x0:0x00000000
        6625000	       661	8000043c	00000013	addi	x0,x0,0	  x0:0x00000000
        6635000	       662	80000440	0240036f	jal	x6,80000440	  x6=0x80000440
        6645000	       663	00000000	00000013	addi	x0,x0,0	  x0:0x00000000
        6655000	       664	80000460	00000013	addi	x0,x0,0	  x0:0x00000000
        6665000	       665	80000464	ffdff36f	jal	x6,80000464	  x6=0x80000464
        6675000	       666	00000000	00000013	addi	x0,x0,0	  x0:0x00000000
        6685000	       667	8000045c	00000013	addi	x0,x0,0	  x0:0x00000000
        6695000	       668	80000460	fd9ff2ef	jal	x5,80000460	  x5=0x80000460
        6705000	       669	00000000	00000013	addi	x0,x0,0	  x0:0x00000000
        6715000	       670	80000434	00000013	addi	x0,x0,0	  x0:0x00000000
        6725000	       671	80000438	024000ef	jal	x1,80000438	  x1=0x80000438
        6735000	       672	00000000	00000013	addi	x0,x0,0	  x0:0x00000000
        6745000	       673	80000458	00000013	addi	x0,x0,0	  x0:0x00000000
        6755000	       674	8000045c	ff9ff36f	jal	x6,8000045c	  x6=0x8000045c
        6765000	       675	00000000	00000013	addi	x0,x0,0	  x0:0x00000000
        6775000	       676	80000450	00000013	addi	x0,x0,0	  x0:0x00000000
        6785000	       677	80000454	fddff16f	jal	x2,80000454	  x2=0x80000454
        6795000	       678	00000000	00000013	addi	x0,x0,0	  x0:0x00000000
        6805000	       679	8000042c	00000013	addi	x0,x0,0	  x0:0x00000000
        6815000	       680	80000430	038000ef	jal	x1,80000430	  x1=0x80000430
        6825000	       681	00000000	00000013	addi	x0,x0,0	  x0:0x00000000
        6835000	       682	80000464	00000013	addi	x0,x0,0	  x0:0x00000000
        6845000	       683	80000468	fd5ff0ef	jal	x1,80000468	  x1=0x80000468
        6855000	       684	00000000	00000013	addi	x0,x0,0	  x0:0x00000000
        6865000	       685	80000438	00000013	addi	x0,x0,0	  x0:0x00000000
        6875000	       686	8000043c	034000ef	jal	x1,8000043c	  x1=0x8000043c
        6885000	       687	00000000	00000013	addi	x0,x0,0	  x0:0x00000000
        6895000	       688	8000046c	00000013	addi	x0,x0,0	  x0:0x00000000
        6905000	       689	80000470	fbdff0ef	jal	x1,80000470	  x1=0x80000470
        6915000	       690	00000000	00000013	addi	x0,x0,0	  x0:0x00000000
        6925000	       691	80000428	00000013	addi	x0,x0,0	  x0:0x00000000
        6935000	       692	8000042c	0400016f	jal	x2,8000042c	  x2=0x8000042c
        6945000	       693	00000000	00000013	addi	x0,x0,0	  x0:0x00000000
        6955000	       694	80000468	00000013	addi	x0,x0,0	  x0:0x00000000
        6965000	       695	8000046c	fddff0ef	jal	x1,8000046c	  x1=0x8000046c
        6975000	       696	00000000	00000013	addi	x0,x0,0	  x0:0x00000000
        6985000	       697	80000444	00000013	addi	x0,x0,0	  x0:0x00000000
        6995000	       698	80000448	ffdff36f	jal	x6,80000448	  x6=0x80000448
        7005000	       699	00000000	00000013	addi	x0,x0,0	  x0:0x00000000
        7015000	       700	80000440	00000013	addi	x0,x0,0	  x0:0x00000000
        7025000	       701	80000444	0140036f	jal	x6,80000444	  x6=0x80000444
        7035000	       702	00000000	00000013	addi	x0,x0,0	  x0:0x00000000
        7045000	       703	80000454	00000013	addi	x0,x0,0	  x0:0x00000000
        7055000	       704	80000458	fddff36f	jal	x6,80000458	  x6=0x80000458
        7065000	       705	00000000	00000013	addi	x0,x0,0	  x0:0x00000000
        7075000	       706	80000430	00000013	addi	x0,x0,0	  x0:0x00000000
        7085000	       707	80000434	ff5ff0ef	jal	x1,80000434	  x1=0x80000434
        7095000	       708	00000000	00000013	addi	x0,x0,0	  x0:0x00000000
        7105000	       709	80000424	00000013	addi	x0,x0,0	  x0:0x00000000
        7115000	       710	80000428	028000ef	jal	x1,80000428	  x1=0x80000428
        7125000	       711	00000000	00000013	addi	x0,x0,0	  x0:0x00000000
        7135000	       712	8000044c	00000013	addi	x0,x0,0	  x0:0x00000000
        7145000	       713	80000450	ffdff56f	jal	x10,80000450	 x10=0x80000450
        7155000	       714	00000000	00000013	addi	x0,x0,0	  x0:0x00000000
        7165000	       715	80000448	00000013	addi	x0,x0,0	  x0:0x00000000
        7175000	       716	8000044c	0280016f	jal	x2,8000044c	  x2=0x8000044c
        7185000	       717	00000000	00000013	addi	x0,x0,0	  x0:0x00000000
        7195000	       718	80000470	00000013	addi	x0,x0,0	  x0:0x00000000
        7205000	       719	80000474	008a5a33	srl	x20,x20,x8	 x20:0x800002c0  x8:0x00000000 x20=0x800002c0
        7215000	       720	80000478	028000ef	jal	x1,80000478	  x1=0x80000478
        7225000	       721	00000000	00000013	addi	x0,x0,0	  x0:0x00000000
        7235000	       722	8000049c	00000013	addi	x0,x0,0	  x0:0x00000000
        7245000	       723	800004a0	fddff0ef	jal	x1,800004a0	  x1=0x800004a0
        7255000	       724	00000000	00000013	addi	x0,x0,0	  x0:0x00000000
        7265000	       725	80000478	00000013	addi	x0,x0,0	  x0:0x00000000
        7275000	       726	8000047c	034000ef	jal	x1,8000047c	  x1=0x8000047c
        7285000	       727	00000000	00000013	addi	x0,x0,0	  x0:0x00000000
        7295000	       728	800004ac	00000013	addi	x0,x0,0	  x0:0x00000000
        7305000	       729	800004b0	fddff0ef	jal	x1,800004b0	  x1=0x800004b0
        7315000	       730	00000000	00000013	addi	x0,x0,0	  x0:0x00000000
        7325000	       731	80000488	00000013	addi	x0,x0,0	  x0:0x00000000
        7335000	       732	8000048c	034000ef	jal	x1,8000048c	  x1=0x8000048c
        7345000	       733	00000000	00000013	addi	x0,x0,0	  x0:0x00000000
        7355000	       734	800004bc	00000013	addi	x0,x0,0	  x0:0x00000000
        7365000	       735	800004c0	fd5ff5ef	jal	x11,800004c0	 x11=0x800004c0
        7375000	       736	00000000	00000013	addi	x0,x0,0	  x0:0x00000000
        7385000	       737	80000490	00000013	addi	x0,x0,0	  x0:0x00000000
        7395000	       738	80000494	0140036f	jal	x6,80000494	  x6=0x80000494
        7405000	       739	00000000	00000013	addi	x0,x0,0	  x0:0x00000000
        7415000	       740	800004a4	00000013	addi	x0,x0,0	  x0:0x00000000
        7425000	       741	800004a8	0100036f	jal	x6,800004a8	  x6=0x800004a8
        7435000	       742	00000000	00000013	addi	x0,x0,0	  x0:0x00000000
        7445000	       743	800004b4	00000013	addi	x0,x0,0	  x0:0x00000000
        7455000	       744	800004b8	fedff0ef	jal	x1,800004b8	  x1=0x800004b8
        7465000	       745	00000000	00000013	addi	x0,x0,0	  x0:0x00000000
        7475000	       746	800004a0	00000013	addi	x0,x0,0	  x0:0x00000000
        7485000	       747	800004a4	010000ef	jal	x1,800004a4	  x1=0x800004a4
        7495000	       748	00000000	00000013	addi	x0,x0,0	  x0:0x00000000
        7505000	       749	800004b0	00000013	addi	x0,x0,0	  x0:0x00000000
        7515000	       750	800004b4	008000ef	jal	x1,800004b4	  x1=0x800004b4
        7525000	       751	00000000	00000013	addi	x0,x0,0	  x0:0x00000000
        7535000	       752	800004b8	00000013	addi	x0,x0,0	  x0:0x00000000
        7545000	       753	800004bc	fe1ff0ef	jal	x1,800004bc	  x1=0x800004bc
        7555000	       754	00000000	00000013	addi	x0,x0,0	  x0:0x00000000
        7565000	       755	80000498	00000013	addi	x0,x0,0	  x0:0x00000000
        7575000	       756	8000049c	fe9ff0ef	jal	x1,8000049c	  x1=0x8000049c
        7585000	       757	00000000	00000013	addi	x0,x0,0	  x0:0x00000000
        7595000	       758	80000480	00000013	addi	x0,x0,0	  x0:0x00000000
        7605000	       759	80000484	028000ef	jal	x1,80000484	  x1=0x80000484
        7615000	       760	00000000	00000013	addi	x0,x0,0	  x0:0x00000000
        7625000	       761	800004a8	00000013	addi	x0,x0,0	  x0:0x00000000
        7635000	       762	800004ac	fedff86f	jal	x16,800004ac	 x16=0x800004ac
        7645000	       763	00000000	00000013	addi	x0,x0,0	  x0:0x00000000
        7655000	       764	80000494	00000013	addi	x0,x0,0	  x0:0x00000000
        7665000	       765	80000498	ff1ff0ef	jal	x1,80000498	  x1=0x80000498
        7675000	       766	00000000	00000013	addi	x0,x0,0	  x0:0x00000000
        7685000	       767	80000484	00000013	addi	x0,x0,0	  x0:0x00000000
        7695000	       768	80000488	03c002ef	jal	x5,80000488	  x5=0x80000488
        7705000	       769	00000000	00000013	addi	x0,x0,0	  x0:0x00000000
        7715000	       770	800004c0	00000013	addi	x0,x0,0	  x0:0x00000000
        7725000	       771	800004c4	fbdff0ef	jal	x1,800004c4	  x1=0x800004c4
        7735000	       772	00000000	00000013	addi	x0,x0,0	  x0:0x00000000
        7745000	       773	8000047c	00000013	addi	x0,x0,0	  x0:0x00000000
        7755000	       774	80000480	010000ef	jal	x1,80000480	  x1=0x80000480
        7765000	       775	00000000	00000013	addi	x0,x0,0	  x0:0x00000000
        7775000	       776	8000048c	00000013	addi	x0,x0,0	  x0:0x00000000
        7785000	       777	80000490	0380016f	jal	x2,80000490	  x2=0x80000490
        7795000	       778	00000000	00000013	addi	x0,x0,0	  x0:0x00000000
        7805000	       779	800004c4	00000013	addi	x0,x0,0	  x0:0x00000000
        7815000	       780	800004c8	4138dbb3	sra	x23,x17,x19	 x17:0x80000100 x19:0x80000390 x23=0xffff8000
        7825000	       781	800004cc	034000ef	jal	x1,800004cc	  x1=0x800004cc
        7835000	       782	00000000	00000013	addi	x0,x0,0	  x0:0x00000000
        7845000	       783	800004fc	00000013	addi	x0,x0,0	  x0:0x00000000
        7855000	       784	80000500	01000bef	jal	x23,80000500	 x23=0x80000500
        7865000	       785	00000000	00000013	addi	x0,x0,0	  x0:0x00000000
        7875000	       786	8000050c	00000013	addi	x0,x0,0	  x0:0x00000000
        7885000	       787	80000510	010004ef	jal	x9,80000510	  x9=0x80000510
        7895000	       788	00000000	00000013	addi	x0,x0,0	  x0:0x00000000
        7905000	       789	8000051c	00000013	addi	x0,x0,0	  x0:0x00000000
        7915000	       790	80000520	fd9ff0ef	jal	x1,80000520	  x1=0x80000520
        7925000	       791	00000000	00000013	addi	x0,x0,0	  x0:0x00000000
        7935000	       792	800004f4	00000013	addi	x0,x0,0	  x0:0x00000000
        7945000	       793	800004f8	00c0036f	jal	x6,800004f8	  x6=0x800004f8
        7955000	       794	00000000	00000013	addi	x0,x0,0	  x0:0x00000000
        7965000	       795	80000500	00000013	addi	x0,x0,0	  x0:0x00000000
        7975000	       796	80000504	fe5ff7ef	jal	x15,80000504	 x15=0x80000504
        7985000	       797	00000000	00000013	addi	x0,x0,0	  x0:0x00000000
        7995000	       798	800004e4	00000013	addi	x0,x0,0	  x0:0x00000000
        8005000	       799	800004e8	0400016f	jal	x2,800004e8	  x2=0x800004e8
        8015000	       800	00000000	00000013	addi	x0,x0,0	  x0:0x00000000
        8025000	       801	80000524	00000013	addi	x0,x0,0	  x0:0x00000000
        8035000	       802	80000528	0080036f	jal	x6,80000528	  x6=0x80000528
        8045000	       803	00000000	00000013	addi	x0,x0,0	  x0:0x00000000
        8055000	       804	8000052c	00000013	addi	x0,x0,0	  x0:0x00000000
        8065000	       805	80000530	fedff0ef	jal	x1,80000530	  x1=0x80000530
        8075000	       806	00000000	00000013	addi	x0,x0,0	  x0:0x00000000
        8085000	       807	80000518	00000013	addi	x0,x0,0	  x0:0x00000000
        8095000	       808	8000051c	fe1ff36f	jal	x6,8000051c	  x6=0x8000051c
        8105000	       809	00000000	00000013	addi	x0,x0,0	  x0:0x00000000
        8115000	       810	800004f8	00000013	addi	x0,x0,0	  x0:0x00000000
        8125000	       811	800004fc	fddff0ef	jal	x1,800004fc	  x1=0x800004fc
        8135000	       812	00000000	00000013	addi	x0,x0,0	  x0:0x00000000
        8145000	       813	800004d4	00000013	addi	x0,x0,0	  x0:0x00000000
        8155000	       814	800004d8	008000ef	jal	x1,800004d8	  x1=0x800004d8
        8165000	       815	00000000	00000013	addi	x0,x0,0	  x0:0x00000000
        8175000	       816	800004dc	00000013	addi	x0,x0,0	  x0:0x00000000
        8185000	       817	800004e0	044000ef	jal	x1,800004e0	  x1=0x800004e0
        8195000	       818	00000000	00000013	addi	x0,x0,0	  x0:0x00000000
        8205000	       819	80000520	00000013	addi	x0,x0,0	  x0:0x00000000
        8215000	       820	80000524	fc1ff0ef	jal	x1,80000524	  x1=0x80000524
        8225000	       821	00000000	00000013	addi	x0,x0,0	  x0:0x00000000
        8235000	       822	800004e0	00000013	addi	x0,x0,0	  x0:0x00000000
        8245000	       823	800004e4	ff1ff0ef	jal	x1,800004e4	  x1=0x800004e4
        8255000	       824	00000000	00000013	addi	x0,x0,0	  x0:0x00000000
        8265000	       825	800004d0	00000013	addi	x0,x0,0	  x0:0x00000000
        8275000	       826	800004d4	008000ef	jal	x1,800004d4	  x1=0x800004d4
        8285000	       827	00000000	00000013	addi	x0,x0,0	  x0:0x00000000
        8295000	       828	800004d8	00000013	addi	x0,x0,0	  x0:0x00000000
        8305000	       829	800004dc	ff5fffef	jal	x31,800004dc	 x31=0x800004dc
        8315000	       830	00000000	00000013	addi	x0,x0,0	  x0:0x00000000
        8325000	       831	800004cc	00000013	addi	x0,x0,0	  x0:0x00000000
        8335000	       832	800004d0	01c0036f	jal	x6,800004d0	  x6=0x800004d0
        8345000	       833	00000000	00000013	addi	x0,x0,0	  x0:0x00000000
        8355000	       834	800004e8	00000013	addi	x0,x0,0	  x0:0x00000000
        8365000	       835	800004ec	048000ef	jal	x1,800004ec	  x1=0x800004ec
        8375000	       836	00000000	00000013	addi	x0,x0,0	  x0:0x00000000
        8385000	       837	80000530	00000013	addi	x0,x0,0	  x0:0x00000000
        8395000	       838	80000534	fe5ff0ef	jal	x1,80000534	  x1=0x80000534
        8405000	       839	00000000	00000013	addi	x0,x0,0	  x0:0x00000000
        8415000	       840	80000514	00000013	addi	x0,x0,0	  x0:0x00000000
        8425000	       841	80000518	ffdff36f	jal	x6,80000518	  x6=0x80000518
        8435000	       842	00000000	00000013	addi	x0,x0,0	  x0:0x00000000
        8445000	       843	80000510	00000013	addi	x0,x0,0	  x0:0x00000000
        8455000	       844	80000514	fe1ffa6f	jal	x20,80000514	 x20=0x80000514
        8465000	       845	00000000	00000013	addi	x0,x0,0	  x0:0x00000000
        8475000	       846	800004f0	00000013	addi	x0,x0,0	  x0:0x00000000
        8485000	       847	800004f4	ffdff0ef	jal	x1,800004f4	  x1=0x800004f4
        8495000	       848	00000000	00000013	addi	x0,x0,0	  x0:0x00000000
        8505000	       849	800004ec	00000013	addi	x0,x0,0	  x0:0x00000000
        8515000	       850	800004f0	03c0056f	jal	x10,800004f0	 x10=0x800004f0
        8525000	       851	00000000	00000013	addi	x0,x0,0	  x0:0x00000000
        8535000	       852	80000528	00000013	addi	x0,x0,0	  x0:0x00000000
        8545000	       853	8000052c	fe1ffd6f	jal	x26,8000052c	 x26=0x8000052c
        8555000	       854	00000000	00000013	addi	x0,x0,0	  x0:0x00000000
        8565000	       855	80000508	00000013	addi	x0,x0,0	  x0:0x00000000
        8575000	       856	8000050c	ffdff46f	jal	x8,8000050c	  x8=0x8000050c
        8585000	       857	00000000	00000013	addi	x0,x0,0	  x0:0x00000000
        8595000	       858	80000504	00000013	addi	x0,x0,0	  x0:0x00000000
        8605000	       859	80000508	0300036f	jal	x6,80000508	  x6=0x80000508
        8615000	       860	00000000	00000013	addi	x0,x0,0	  x0:0x00000000
        8625000	       861	80000534	00000013	addi	x0,x0,0	  x0:0x00000000
        8635000	       862	80000538	339a7697	auipc	x13,0x339a7	 x13=0xb39a7534
        8645000	       863	8000053c	03c000ef	jal	x1,8000053c	  x1=0x8000053c
        8655000	       864	00000000	00000013	addi	x0,x0,0	  x0:0x00000000
        8665000	       865	80000574	00000013	addi	x0,x0,0	  x0:0x00000000
        8675000	       866	80000578	0180026f	jal	x4,80000578	  x4=0x80000578
        8685000	       867	00000000	00000013	addi	x0,x0,0	  x0:0x00000000
        8695000	       868	8000058c	00000013	addi	x0,x0,0	  x0:0x00000000
        8705000	       869	80000590	0040036f	jal	x6,80000590	  x6=0x80000590
        8715000	       870	00000000	00000013	addi	x0,x0,0	  x0:0x00000000
        8725000	       871	80000590	00000013	addi	x0,x0,0	  x0:0x00000000
        8735000	       872	80000594	fd1ff26f	jal	x4,80000594	  x4=0x80000594
        8745000	       873	00000000	00000013	addi	x0,x0,0	  x0:0x00000000
        8755000	       874	80000560	00000013	addi	x0,x0,0	  x0:0x00000000
        8765000	       875	80000564	ffdff16f	jal	x2,80000564	  x2=0x80000564
        8775000	       876	00000000	00000013	addi	x0,x0,0	  x0:0x00000000
        8785000	       877	8000055c	00000013	addi	x0,x0,0	  x0:0x00000000
        8795000	       878	80000560	fe1ff0ef	jal	x1,80000560	  x1=0x80000560
        8805000	       879	00000000	00000013	addi	x0,x0,0	  x0:0x00000000
        8815000	       880	8000053c	00000013	addi	x0,x0,0	  x0:0x00000000
        8825000	       881	80000540	0080036f	jal	x6,80000540	  x6=0x80000540
        8835000	       882	00000000	00000013	addi	x0,x0,0	  x0:0x00000000
        8845000	       883	80000544	00000013	addi	x0,x0,0	  x0:0x00000000
        8855000	       884	80000548	010000ef	jal	x1,80000548	  x1=0x80000548
        8865000	       885	00000000	00000013	addi	x0,x0,0	  x0:0x00000000
        8875000	       886	80000554	00000013	addi	x0,x0,0	  x0:0x00000000
        8885000	       887	80000558	0400036f	jal	x6,80000558	  x6=0x80000558
        8895000	       888	00000000	00000013	addi	x0,x0,0	  x0:0x00000000
        8905000	       889	80000594	00000013	addi	x0,x0,0	  x0:0x00000000
        8915000	       890	80000598	fd1ff36f	jal	x6,80000598	  x6=0x80000598
        8925000	       891	00000000	00000013	addi	x0,x0,0	  x0:0x00000000
        8935000	       892	80000564	00000013	addi	x0,x0,0	  x0:0x00000000
        8945000	       893	80000568	0140036f	jal	x6,80000568	  x6=0x80000568
        8955000	       894	00000000	00000013	addi	x0,x0,0	  x0:0x00000000
        8965000	       895	80000578	00000013	addi	x0,x0,0	  x0:0x00000000
        8975000	       896	8000057c	fd5ff8ef	jal	x17,8000057c	 x17=0x8000057c
        8985000	       897	00000000	00000013	addi	x0,x0,0	  x0:0x00000000
        8995000	       898	8000054c	00000013	addi	x0,x0,0	  x0:0x00000000
        9005000	       899	80000550	0340036f	jal	x6,80000550	  x6=0x80000550
        9015000	       900	00000000	00000013	addi	x0,x0,0	  x0:0x00000000
        9025000	       901	80000580	00000013	addi	x0,x0,0	  x0:0x00000000
        9035000	       902	80000584	fd1ff0ef	jal	x1,80000584	  x1=0x80000584
        9045000	       903	00000000	00000013	addi	x0,x0,0	  x0:0x00000000
        9055000	       904	80000550	00000013	addi	x0,x0,0	  x0:0x00000000
        9065000	       905	80000554	ff1ff46f	jal	x8,80000554	  x8=0x80000554
        9075000	       906	00000000	00000013	addi	x0,x0,0	  x0:0x00000000
        9085000	       907	80000540	00000013	addi	x0,x0,0	  x0:0x00000000
        9095000	       908	80000544	030000ef	jal	x1,80000544	  x1=0x80000544
        9105000	       909	00000000	00000013	addi	x0,x0,0	  x0:0x00000000
        9115000	       910	80000570	00000013	addi	x0,x0,0	  x0:0x00000000
        9125000	       911	80000574	00c0036f	jal	x6,80000574	  x6=0x80000574
        9135000	       912	00000000	00000013	addi	x0,x0,0	  x0:0x00000000
        9145000	       913	8000057c	00000013	addi	x0,x0,0	  x0:0x00000000
        9155000	       914	80000580	01c0036f	jal	x6,80000580	  x6=0x80000580
        9165000	       915	00000000	00000013	addi	x0,x0,0	  x0:0x00000000
        9175000	       916	80000598	00000013	addi	x0,x0,0	  x0:0x00000000
        9185000	       917	8000059c	fc1ff0ef	jal	x1,8000059c	  x1=0x8000059c
        9195000	       918	00000000	00000013	addi	x0,x0,0	  x0:0x00000000
        9205000	       919	80000558	00000013	addi	x0,x0,0	  x0:0x00000000
        9215000	       920	8000055c	030000ef	jal	x1,8000055c	  x1=0x8000055c
        9225000	       921	00000000	00000013	addi	x0,x0,0	  x0:0x00000000
        9235000	       922	80000588	00000013	addi	x0,x0,0	  x0:0x00000000
        9245000	       923	8000058c	fe1ff0ef	jal	x1,8000058c	  x1=0x8000058c
        9255000	       924	00000000	00000013	addi	x0,x0,0	  x0:0x00000000
        9265000	       925	80000568	00000013	addi	x0,x0,0	  x0:0x00000000
        9275000	       926	8000056c	0040016f	jal	x2,8000056c	  x2=0x8000056c
        9285000	       927	00000000	00000013	addi	x0,x0,0	  x0:0x00000000
        9295000	       928	8000056c	00000013	addi	x0,x0,0	  x0:0x00000000
        9305000	       929	80000570	fddff36f	jal	x6,80000570	  x6=0x80000570
        9315000	       930	00000000	00000013	addi	x0,x0,0	  x0:0x00000000
        9325000	       931	80000548	00000013	addi	x0,x0,0	  x0:0x00000000
        9335000	       932	8000054c	03c0036f	jal	x6,8000054c	  x6=0x8000054c
        9345000	       933	00000000	00000013	addi	x0,x0,0	  x0:0x00000000
        9355000	       934	80000584	00000013	addi	x0,x0,0	  x0:0x00000000
        9365000	       935	80000588	018000ef	jal	x1,80000588	  x1=0x80000588
        9375000	       936	00000000	00000013	addi	x0,x0,0	  x0:0x00000000
        9385000	       937	8000059c	00000013	addi	x0,x0,0	  x0:0x00000000
        9395000	       938	800005a0	00146733	or	x14,x8,x1	  x8:0x80000554  x1:0x80000588 x14=0x800005dc
        9405000	       939	800005a4	6a5eac13	slti	x24,x29,1701	 x29:0x0000000e x24=0x00000001
        9415000	       940	800005a8	40cd52b3	sra	x5,x26,x12	 x26:0x8000052c x12:0x80009fc4  x5=0xf8000052
        9425000	       941	800005ac	00a6dab3	srl	x21,x13,x10	 x13:0xb39a7534 x10:0x800004f0 x21=0x0000b39a
        9435000	       942	800005b0	00257263	bgeu	x10,x2,800005b4	 x10:0x800004f0  x2:0x8000056c
        9445000	       943	800005b4	400f87b3	sub	x15,x31,x0	 x31:0x800004dc  x0:0x00000000 x15=0x800004dc
        9455000	       944	800005b8	02f2c463	blt	x5,x15,800005e0	  x5:0xf8000052 x15:0x800004dc
        9465000	       945	800005bc	01a45113	srli	x2,x8,0x1a	  x8:0x80000554  x2=0x00000020
        9475000	       946	800005c0	032a7c63	bgeu	x20,x18,800005f8	 x20:0x80000514 x18:0xf5b3eddd
        9485000	       947	800005c4	01099033	sll	x0,x19,x16	 x19:0x80000390 x16:0x800004ac
        9495000	       948	800005c8	0070f133	and	x2,x1,x7	  x1:0x80000588  x7:0x800003b0  x2=0x80000180
        9505000	       949	800005cc	01d2c663	blt	x5,x29,800005d8	  x5:0xf8000052 x29:0x0000000e
        9515000	       950	00000000	00000013	addi	x0,x0,0	  x0:0x00000000
        9525000	       951	800005d4	00000013	addi	x0,x0,0	  x0:0x00000000
        9535000	       952	800005d8	02d6ea63	bltu	x13,x13,8000060c	 x13:0xb39a7534 x13:0xb39a7534
        9545000	       953	800005dc	7ddbe793	ori	x15,x23,2013	 x23:0x80000500 x15=0x800007dd
        9555000	       954	800005e0	00000013	addi	x0,x0,0	  x0:0x00000000
        9565000	       955	800005e4	00000013	addi	x0,x0,0	  x0:0x00000000
        9575000	       956	800005e8	8edccb93	xori	x23,x25,-1811	 x25:0x80000308 x23=0x7ffffbe5
        9585000	       957	800005ec	019f88b3	add	x17,x31,x25	 x31:0x800004dc x25:0x80000308 x17=0x000007e4
        9595000	       958	800005f0	46587513	andi	x10,x16,1125	 x16:0x800004ac x10=0x00000424
        9605000	       959	800005f4	eedcf813	andi	x16,x25,-275	 x25:0x80000308 x16=0x80000208
        9615000	       960	800005f8	00636133	or	x2,x6,x6	  x6:0x8000054c  x6:0x8000054c  x2=0x8000054c
        9625000	       961	800005fc	00f8d1b3	srl	x3,x17,x15	 x17:0x000007e4 x15:0x800007dd  x3=0x00000000
        9635000	       962	80000600	01193a33	sltu	x20,x18,x17	 x18:0xf5b3eddd x17:0x000007e4 x20=0x00000000
        9645000	       963	80000604	eef2a5b7	lui	x11,0xeef2a	 x11=0xeef2a000
        9655000	       964	80000608	00000013	addi	x0,x0,0	  x0:0x00000000
        9665000	       965	8000060c	006fd093	srli	x1,x31,0x6	 x31:0x800004dc  x1=0x02000013
        9675000	       966	80000610	01210733	add	x14,x2,x18	  x2:0x8000054c x18:0xf5b3eddd x14=0x75b3f329
        9685000	       967	80000614	0195eeb3	or	x29,x11,x25	 x11:0xeef2a000 x25:0x80000308 x29=0xeef2a308
        9695000	       968	80000618	01b0c463	blt	x1,x27,80000620	  x1:0x02000013 x27:0x80009f84
        9705000	       969	8000061c	0230d463	bge	x1,x3,80000644	  x1:0x02000013  x3:0x00000000
        9715000	       970	00000000	00000013	addi	x0,x0,0	  x0:0x00000000
        9725000	       971	80000640	00000013	addi	x0,x0,0	  x0:0x00000000
        9735000	       972	80000644	004668b3	or	x17,x12,x4	 x12:0x80009fc4  x4:0x80000594 x17=0x80009fd4
        9745000	       973	80000648	01fb7a33	and	x20,x22,x31	 x22:0x800003a8 x31:0x800004dc x20=0x80000088
        9755000	       974	8000064c	41e28f33	sub	x30,x5,x30	  x5:0xf8000052 x30:0x80000410 x30=0x77fffc42
        9765000	       975	80000650	003c9bb3	sll	x23,x25,x3	 x25:0x80000308  x3:0x00000000 x23=0x80000308
        9775000	       976	80000654	4093d233	sra	x4,x7,x9	  x7:0x800003b0  x9:0x80000510  x4=0xffff8000
        9785000	       977	80000658	0060a033	slt	x0,x1,x6	  x1:0x02000013  x6:0x8000054c
        9795000	       978	8000065c	02d51e63	bne	x10,x13,80000698	 x10:0x00000424 x13:0xb39a7534
        9805000	       979	00000000	00000013	addi	x0,x0,0	  x0:0x00000000
        9815000	       980	80000694	00000013	addi	x0,x0,0	  x0:0x00000000
        9825000	       981	80000698	01af5e33	srl	x28,x30,x26	 x30:0x77fffc42 x26:0x8000052c x28=0x00077fff
        9835000	       982	8000069c	02d34263	blt	x6,x13,800006c0	  x6:0x8000054c x13:0xb39a7534
        9845000	       983	00000000	00000013	addi	x0,x0,0	  x0:0x00000000
        9855000	       984	800006bc	00000013	addi	x0,x0,0	  x0:0x00000000
        9865000	       985	800006c0	04458263	beq	x11,x4,80000704	 x11:0xeef2a000  x4:0xffff8000
        9875000	       986	800006c4	41bcd313	srai	x6,x25,0x1b	 x25:0x80000308  x6=0xfffffff0
        9885000	       987	800006c8	01b27fb3	and	x31,x4,x27	  x4:0xffff8000 x27:0x80009f84 x31=0x80008000
        9895000	       988	800006cc	0488d063	bge	x17,x8,8000070c	 x17:0x80009fd4  x8:0x80000554
        9905000	       989	00000000	00000013	addi	x0,x0,0	  x0:0x00000000
        9915000	       990	80000708	00000013	addi	x0,x0,0	  x0:0x00000000
        9925000	       991	8000070c	02c79e63	bne	x15,x12,80000748	 x15:0x800007dd x12:0x80009fc4
        9935000	       992	00000000	00000013	addi	x0,x0,0	  x0:0x00000000
        9945000	       993	80000744	00000013	addi	x0,x0,0	  x0:0x00000000
        9955000	       994	80000748	00f0d133	srl	x2,x1,x15	  x1:0x02000013 x15:0x800007dd  x2=0x00000000
        9965000	       995	8000074c	007a8bb3	add	x23,x21,x7	 x21:0x0000b39a  x7:0x800003b0 x23=0x8000b74a
        9975000	       996	80000750	5df3ac97	auipc	x25,0x5df3a	 x25=0xddf3a74c
        9985000	       997	80000754	0015e5b3	or	x11,x11,x1	 x11:0xeef2a000  x1:0x02000013 x11=0xeef2a013
        9995000	       998	80000758	832af693	andi	x13,x21,-1998	 x21:0x0000b39a x13=0x0000b012
       10005000	       999	8000075c	05572037	lui	x0,0x5572	
       10015000	      1000	80000760	cb8a8713	addi	x14,x21,-840	 x21:0x0000b39a x14=0x0000b052
       10025000	      1001	80000764	037f9063	bne	x31,x23,80000784	 x31:0x80008000 x23:0x8000b74a
       10035000	      1002	00000000	00000013	addi	x0,x0,0	  x0:0x00000000
       10045000	      1003	80000780	00000013	addi	x0,x0,0	  x0:0x00000000
       10055000	      1004	80000784	00790133	add	x2,x18,x7	 x18:0xf5b3eddd  x7:0x800003b0  x2=0x75b3f18d
       10065000	      1005	80000788	c8e77f93	andi	x31,x14,-882	 x14:0x0000b052 x31=0x0000b002
       10075000	      1006	8000078c	00d5a133	slt	x2,x11,x13	 x11:0xeef2a013 x13:0x0000b012  x2=0x00000001
       10085000	      1007	80000790	0031c233	xor	x4,x3,x3	  x3:0x00000000  x3:0x00000000  x4=0x00000000
       10095000	      1008	80000794	7a583a13	sltiu	x20,x16,1957	 x16:0x80000208 x20=0x00000000
       10105000	      1009	80000798	eb78a493	slti	x9,x17,-329	 x17:0x80009fd4  x9=0x00000001
       10115000	      1010	8000079c	01db3fb3	sltu	x31,x22,x29	 x22:0x800003a8 x29:0xeef2a308 x31=0x00000001
       10125000	      1011	800007a0	411f5733	sra	x14,x30,x17	 x30:0x77fffc42 x17:0x80009fd4 x14=0x0000077f
       10135000	      1012	800007a4	5cdcc893	xori	x17,x25,1485	 x25:0xddf3a74c x17=0xddf3a281
       10145000	      1013	800007a8	00dec133	xor	x2,x29,x13	 x29:0xeef2a308 x13:0x0000b012  x2=0xeef2131a
       10155000	      1014	800007ac	017452b3	srl	x5,x8,x23	  x8:0x80000554 x23:0x8000b74a  x5=0x00200001
       10165000	      1015	800007b0	01cf34b3	sltu	x9,x30,x28	 x30:0x77fffc42 x28:0x00077fff  x9=0x00000000
       10175000	      1016	800007b4	00359793	slli	x15,x11,0x3	 x11:0xeef2a013 x15=0x77950098
       10185000	      1017	800007b8	2f848f13	addi	x30,x9,760	  x9:0x00000000 x30=0x000002f8
       10195000	      1018	800007bc	02d2e463	bltu	x5,x13,800007e4	  x5:0x00200001 x13:0x0000b012
       10205000	      1019	800007c0	b461ce17	auipc	x28,0xb461c	 x28=0x3461c7bc
       10215000	      1020	800007c4	01654433	xor	x8,x10,x22	 x10:0x00000424 x22:0x800003a8  x8=0x8000078c
       10225000	      1021	800007c8	41da5013	srai	x0,x20,0x1d	 x20:0x00000000
       10235000	      1022	800007cc	cfcd2693	slti	x13,x26,-772	 x26:0x8000052c x13=0x00000001
       10245000	      1023	800007d0	0479e663	bltu	x19,x7,8000081c	 x19:0x80000390  x7:0x800003b0
       10255000	      1024	00000000	00000013	addi	x0,x0,0	  x0:0x00000000
       10265000	      1025	80000818	00000013	addi	x0,x0,0	  x0:0x00000000
       10275000	      1026	8000081c	01b982b3	add	x5,x19,x27	 x19:0x80000390 x27:0x80009f84  x5=0x0000a314
       10285000	      1027	80000820	407509b3	sub	x19,x10,x7	 x10:0x00000424  x7:0x800003b0 x19=0x80000074
       10295000	      1028	80000824	44113e13	sltiu	x28,x2,1089	  x2:0xeef2131a x28=0x00000000
       10305000	      1029	80000828	00d7f463	bgeu	x15,x13,80000830	 x15:0x77950098 x13:0x00000001
       10315000	      1030	00000000	00000013	addi	x0,x0,0	  x0:0x00000000
       10325000	      1031	8000082c	00000013	addi	x0,x0,0	  x0:0x00000000
       10335000	      1032	80000830	c3eb3f93	sltiu	x31,x22,-962	 x22:0x800003a8 x31=0x00000001
       10345000	      1033	80000834	608b7fb7	lui	x31,0x608b7	 x31=0x608b7000
       10355000	      1034	80000838	01c72b33	slt	x22,x14,x28	 x14:0x0000077f x28:0x00000000 x22=0x00000000
       10365000	      1035	8000083c	013af9b3	and	x19,x21,x19	 x21:0x0000b39a x19:0x80000074 x19=0x00000010
       10375000	      1036	80000840	409bd6b3	sra	x13,x23,x9	 x23:0x8000b74a  x9:0x00000000 x13=0x8000b74a
       10385000	      1037	80000844	01105313	srli	x6,x0,0x11	  x0:0x00000000  x6=0x00000000
       10395000	      1038	80000848	41375593	srai	x11,x14,0x13	 x14:0x0000077f x11=0x00000000
       10405000	      1039	8000084c	01005463	bge	x0,x16,80000854	  x0:0x00000000 x16:0x80000208
       10415000	      1040	00000000	00000013	addi	x0,x0,0	  x0:0x00000000
       10425000	      1041	80000850	00000013	addi	x0,x0,0	  x0:0x00000000
       10435000	      1042	80000854	0151ccb3	xor	x25,x3,x21	  x3:0x00000000 x21:0x0000b39a x25=0x0000b39a
       10445000	      1043	80000858	02306463	bltu	x0,x3,80000880	  x0:0x00000000  x3:0x00000000
       10455000	      1044	8000085c	3eb93097	auipc	x1,0x3eb93	  x1=0xbeb93858
       10465000	      1045	80000860	259a8893	addi	x17,x21,601	 x21:0x0000b39a x17=0x0000b5f3
       10475000	      1046	80000864	4e65e213	ori	x4,x11,1254	 x11:0x00000000  x4=0x000004e6
       10485000	      1047	80000868	00671293	slli	x5,x14,0x6	 x14:0x0000077f  x5=0x0001dfc0
       10495000	      1048	8000086c	03a56463	bltu	x10,x26,80000894	 x10:0x00000424 x26:0x8000052c
       10505000	      1049	00000000	00000013	addi	x0,x0,0	  x0:0x00000000
       10515000	      1050	80000890	00000013	addi	x0,x0,0	  x0:0x00000000
       10525000	      1051	80000894	006a98b3	sll	x17,x21,x6	 x21:0x0000b39a  x6:0x00000000 x17=0x0000b39a
       10535000	      1052	80000898	01ff4233	xor	x4,x30,x31	 x30:0x000002f8 x31:0x608b7000  x4=0x608b72f8
       10545000	      1053	8000089c	0199dab3	srl	x21,x19,x25	 x19:0x00000010 x25:0x0000b39a x21=0x00000000
       10555000	      1054	800008a0	403d51b3	sra	x3,x26,x3	 x26:0x8000052c  x3:0x00000000  x3=0x8000052c
       10565000	      1055	800008a4	003e08b3	add	x17,x28,x3	 x28:0x00000000  x3:0x8000052c x17=0x8000052c
       10575000	      1056	800008a8	00000013	addi	x0,x0,0	  x0:0x00000000
       10585000	      1057	800008ac	660a3a93	sltiu	x21,x20,1632	 x20:0x00000000 x21=0x00000001
       10595000	      1058	800008b0	00774f33	xor	x30,x14,x7	 x14:0x0000077f  x7:0x800003b0 x30=0x800004cf
       10605000	      1059	800008b4	010a2533	slt	x10,x20,x16	 x20:0x00000000 x16:0x80000208 x10=0x00000000
       10615000	      1060	800008b8	0102b6b3	sltu	x13,x5,x16	  x5:0x0001dfc0 x16:0x80000208 x13=0x00000001
       10625000	      1061	800008bc	bfc88313	addi	x6,x17,-1028	 x17:0x8000052c  x6=0x80000128
       10635000	      1062	800008c0	000cc7b3	xor	x15,x25,x0	 x25:0x0000b39a  x0:0x00000000 x15=0x0000b39a
       10645000	      1063	800008c4	409781b3	sub	x3,x15,x9	 x15:0x0000b39a  x9:0x00000000  x3=0x0000b39a
       10655000	      1064	800008c8	01ed9513	slli	x10,x27,0x1e	 x27:0x80009f84 x10=0x00000000
       10665000	      1065	800008cc	002956b3	srl	x13,x18,x2	 x18:0xf5b3eddd  x2:0xeef2131a x13=0x0000003d
       10675000	      1066	800008d0	01f3a833	slt	x16,x7,x31	  x7:0x800003b0 x31:0x608b7000 x16=0x00000001
       10685000	      1067	800008d4	9553bf13	sltiu	x30,x7,-1707	  x7:0x800003b0 x30=0x00000001
       10695000	      1068	800008d8	05388063	beq	x17,x19,80000918	 x17:0x8000052c x19:0x00000010
       10705000	      1069	800008dc	00f86b33	or	x22,x16,x15	 x16:0x00000001 x15:0x0000b39a x22=0x0000b39b
       10715000	      1070	800008e0	df7a6c93	ori	x25,x20,-521	 x20:0x00000000 x25=0xfffffdf7
       10725000	      1071	800008e4	b259ff13	andi	x30,x19,-1243	 x19:0x00000010 x30=0x00000000
       10735000	      1072	800008e8	005b1a93	slli	x21,x22,0x5	 x22:0x0000b39b x21=0x00167360
       10745000	      1073	800008ec	dee7ec93	ori	x25,x15,-530	 x15:0x0000b39a x25=0xfffffffe
       10755000	      1074	800008f0	00d9d663	bge	x19,x13,800008fc	 x19:0x00000010 x13:0x0000003d
       10765000	      1075	800008f4	b5e2ec13	ori	x24,x5,-1186	  x5:0x0001dfc0 x24=0xffffffde
       10775000	      1076	800008f8	40d75eb3	sra	x29,x14,x13	 x14:0x0000077f x13:0x0000003d x29=0x00000000
       10785000	      1077	800008fc	03ec6a63	bltu	x24,x30,80000930	 x24:0xffffffde x30:0x00000000
       10795000	      1078	80000900	01d09bb3	sll	x23,x1,x29	  x1:0xbeb93858 x29:0x00000000 x23=0xbeb93858
       10805000	      1079	80000904	02536e63	bltu	x6,x5,80000940	  x6:0x80000128  x5:0x0001dfc0
       10815000	      1080	80000908	87263b17	auipc	x22,0x87263	 x22=0x07263904
       10825000	      1081	8000090c	00a0c263	blt	x1,x10,80000910	  x1:0xbeb93858 x10:0x00000000
       10835000	      1082	00000000	00000013	addi	x0,x0,0	  x0:0x00000000
       10845000	      1083	8000090c	00000013	addi	x0,x0,0	  x0:0x00000000
       10855000	      1084	80000910	4151d5b3	sra	x11,x3,x21	  x3:0x0000b39a x21:0x00167360 x11=0x0000b39a
       10865000	      1085	80000914	a2b74a97	auipc	x21,0xa2b74	 x21=0x22b74910
       10875000	      1086	80000918	00dd0fb3	add	x31,x26,x13	 x26:0x8000052c x13:0x0000003d x31=0x80000569
       10885000	      1087	8000091c	0025fb33	and	x22,x11,x2	 x11:0x0000b39a  x2:0xeef2131a x22=0x0000131a
       10895000	      1088	80000920	01d84263	blt	x16,x29,80000924	 x16:0x00000001 x29:0x00000000
       10905000	      1089	80000924	01568b33	add	x22,x13,x21	 x13:0x0000003d x21:0x22b74910 x22=0x22b7494d
       10915000	      1090	80000928	03251a63	bne	x10,x18,8000095c	 x10:0x00000000 x18:0xf5b3eddd
       10925000	      1091	00000000	00000013	addi	x0,x0,0	  x0:0x00000000
       10935000	      1092	80000958	00000013	addi	x0,x0,0	  x0:0x00000000
       10945000	      1093	8000095c	418b5413	srai	x8,x22,0x18	 x22:0x22b7494d  x8=0x00000022
       10955000	      1094	80000960	000ab6b3	sltu	x13,x21,x0	 x21:0x22b74910  x0:0x00000000 x13=0x00000000
       10965000	      1095	80000964	53708993	addi	x19,x1,1335	  x1:0xbeb93858 x19=0xbeb93d8f
       10975000	      1096	80000968	01cf5e93	srli	x29,x30,0x1c	 x30:0x00000000 x29=0x00000000
       10985000	      1097	8000096c	049af263	bgeu	x21,x9,800009b0	 x21:0x22b74910  x9:0x00000000
       10995000	      1098	00000000	00000013	addi	x0,x0,0	  x0:0x00000000
       11005000	      1099	800009ac	00000013	addi	x0,x0,0	  x0:0x00000000
       11015000	      1100	800009b0	fb0dac93	slti	x25,x27,-80	 x27:0x80009f84 x25=0x00000001
       11025000	      1101	800009b4	40b056b3	sra	x13,x0,x11	  x0:0x00000000 x11:0x0000b39a x13=0x00000000
       11035000	      1102	800009b8	ee8d2597	auipc	x11,0xee8d2	 x11=0x6e8d29b4
       11045000	      1103	800009bc	5a4bc413	xori	x8,x23,1444	 x23:0xbeb93858  x8=0xbeb93dfc
       11055000	      1104	800009c0	015890b3	sll	x1,x17,x21	 x17:0x8000052c x21:0x22b74910  x1=0x052c0000
       11065000	      1105	800009c4	40aed2b3	sra	x5,x29,x10	 x29:0x00000000 x10:0x00000000  x5=0x00000000
       11075000	      1106	800009c8	01c71b13	slli	x22,x14,0x1c	 x14:0x0000077f x22=0xf0000000
       11085000	      1107	800009cc	00000013	addi	x0,x0,0	  x0:0x00000000
       11095000	      1108	800009d0	04835663	bge	x6,x8,80000a1c	  x6:0x80000128  x8:0xbeb93dfc
       11105000	      1109	800009d4	40de5a33	sra	x20,x28,x13	 x28:0x00000000 x13:0x00000000 x20=0x00000000
       11115000	      1110	800009d8	c1528417	auipc	x8,0xc1528	  x8=0x415289d4
       11125000	      1111	800009dc	01e24f33	xor	x30,x4,x30	  x4:0x608b72f8 x30:0x00000000 x30=0x608b72f8
       11135000	      1112	800009e0	01a5e033	or	x0,x11,x26	 x11:0x6e8d29b4 x26:0x8000052c
       11145000	      1113	800009e4	0369e663	bltu	x19,x22,80000a10	 x19:0xbeb93d8f x22:0xf0000000
       11155000	      1114	00000000	00000013	addi	x0,x0,0	  x0:0x00000000
       11165000	      1115	80000a0c	00000013	addi	x0,x0,0	  x0:0x00000000
       11175000	      1116	80000a10	05fdc663	blt	x27,x31,80000a5c	 x27:0x80009f84 x31:0x80000569
       11185000	      1117	80000a14	da66ad13	slti	x26,x13,-602	 x13:0x00000000 x26=0x00000000
       11195000	      1118	80000a18	ccbdef13	ori	x30,x27,-821	 x27:0x80009f84 x30=0xffffffcf
       11205000	      1119	80000a1c	0089e8b3	or	x17,x19,x8	 x19:0xbeb93d8f  x8:0x415289d4 x17=0xfffbbddf
       11215000	      1120	80000a20	40d355b3	sra	x11,x6,x13	  x6:0x80000128 x13:0x00000000 x11=0x80000128
       11225000	      1121	80000a24	01bf5833	srl	x16,x30,x27	 x30:0xffffffcf x27:0x80009f84 x16=0x0ffffffc
       11235000	      1122	80000a28	8558c813	xori	x16,x17,-1963	 x17:0xfffbbddf x16=0x0004458a
       11245000	      1123	80000a2c	01982533	slt	x10,x16,x25	 x16:0x0004458a x25:0x00000001 x10=0x00000000
       11255000	      1124	80000a30	003f33b3	sltu	x7,x30,x3	 x30:0xffffffcf  x3:0x0000b39a  x7=0x00000000
       11265000	      1125	80000a34	403cd7b3	sra	x15,x25,x3	 x25:0x00000001  x3:0x0000b39a x15=0x00000000
       11275000	      1126	80000a38	03488e63	beq	x17,x20,80000a74	 x17:0xfffbbddf x20:0x00000000
       11285000	      1127	80000a3c	99901cb7	lui	x25,0x99901	 x25=0x99901000
       11295000	      1128	80000a40	717bcf13	xori	x30,x23,1815	 x23:0xbeb93858 x30=0xbeb93f4f
       11305000	      1129	80000a44	015f0b33	add	x22,x30,x21	 x30:0xbeb93f4f x21:0x22b74910 x22=0xe170885f
       11315000	      1130	80000a48	036be263	bltu	x23,x22,80000a6c	 x23:0xbeb93858 x22:0xe170885f
       11325000	      1131	00000000	00000013	addi	x0,x0,0	  x0:0x00000000
       11335000	      1132	80000a68	00000013	addi	x0,x0,0	  x0:0x00000000
       11345000	      1133	80000a6c	02656e63	bltu	x10,x6,80000aa8	 x10:0x00000000  x6:0x80000128
       11355000	      1134	00000000	00000013	addi	x0,x0,0	  x0:0x00000000
       11365000	      1135	80000aa4	00000013	addi	x0,x0,0	  x0:0x00000000
       11375000	      1136	80000aa8	028f6c63	bltu	x30,x8,80000ae0	 x30:0xbeb93f4f  x8:0x415289d4
       11385000	      1137	80000aac	a3facb13	xori	x22,x21,-1473	 x21:0x22b74910 x22=0xdd48b32f
       11395000	      1138	80000ab0	01d39313	slli	x6,x7,0x1d	  x7:0x00000000  x6=0x00000000
       11405000	      1139	80000ab4	001e1813	slli	x16,x28,0x1	 x28:0x00000000 x16=0x00000000
       11415000	      1140	80000ab8	035f7e63	bgeu	x30,x21,80000af4	 x30:0xbeb93f4f x21:0x22b74910
       11425000	      1141	00000000	00000013	addi	x0,x0,0	  x0:0x00000000
       11435000	      1142	80000af0	00000013	addi	x0,x0,0	  x0:0x00000000
       11445000	      1143	80000af4	4134dab3	sra	x21,x9,x19	  x9:0x00000000 x19:0xbeb93d8f x21=0x00000000
       11455000	      1144	80000af8	02ecd263	bge	x25,x14,80000b1c	 x25:0x99901000 x14:0x0000077f
       11465000	      1145	80000afc	67660e93	addi	x29,x12,1654	 x12:0x80009fc4 x29=0x8000a63a
       11475000	      1146	80000b00	b0496093	ori	x1,x18,-1276	 x18:0xf5b3eddd  x1=0xffffffdd
       11485000	      1147	80000b04	d7be0f17	auipc	x30,0xd7be0	 x30=0x57be0b00
       11495000	      1148	80000b08	41be5993	srai	x19,x28,0x1b	 x28:0x00000000 x19=0x00000000
       11505000	      1149	80000b0c	00c6aeb3	slt	x29,x13,x12	 x13:0x00000000 x12:0x80009fc4 x29=0x00000000
       11515000	      1150	80000b10	02ca6663	bltu	x20,x12,80000b3c	 x20:0x00000000 x12:0x80009fc4
       11525000	      1151	00000000	00000013	addi	x0,x0,0	  x0:0x00000000
       11535000	      1152	80000b38	00000013	addi	x0,x0,0	  x0:0x00000000
       11545000	      1153	80000b3c	f07dfe93	andi	x29,x27,-249	 x27:0x80009f84 x29=0x80009f04
       11555000	      1154	80000b40	4015d393	srai	x7,x11,0x1	 x11:0x80000128  x7=0xc0000094
       11565000	      1155	80000b44	fef97093	andi	x1,x18,-17	 x18:0xf5b3eddd  x1=0xf5b3edcd
       11575000	      1156	80000b48	012ad193	srli	x3,x21,0x12	 x21:0x00000000  x3=0x00000000
       11585000	      1157	80000b4c	00b75a13	srli	x20,x14,0xb	 x14:0x0000077f x20=0x00000000
       11595000	      1158	80000b50	0020d233	srl	x4,x1,x2	  x1:0xf5b3edcd  x2:0xeef2131a  x4=0x0000003d
       11605000	      1159	80000b54	01aab2b3	sltu	x5,x21,x26	 x21:0x00000000 x26:0x00000000  x5=0x00000000
       11615000	      1160	80000b58	00887ab3	and	x21,x16,x8	 x16:0x00000000  x8:0x415289d4 x21=0x00000000
       11625000	      1161	80000b5c	005bd533	srl	x10,x23,x5	 x23:0xbeb93858  x5:0x00000000 x10=0xbeb93858
       11635000	      1162	80000b60	0486c263	blt	x13,x8,80000ba4	 x13:0x00000000  x8:0x415289d4
       11645000	      1163	00000000	00000013	addi	x0,x0,0	  x0:0x00000000
       11655000	      1164	80000ba0	00000013	addi	x0,x0,0	  x0:0x00000000
       11665000	      1165	80000ba4	02154463	blt	x10,x1,80000bcc	 x10:0xbeb93858  x1:0xf5b3edcd
       11675000	      1166	00000000	00000013	addi	x0,x0,0	  x0:0x00000000
       11685000	      1167	80000bc8	00000013	addi	x0,x0,0	  x0:0x00000000
       11695000	      1168	80000bcc	01979c13	slli	x24,x15,0x19	 x15:0x00000000 x24=0x00000000
       11705000	      1169	80000bd0	689b5d37	lui	x26,0x689b5	 x26=0x689b5000
       11715000	      1170	80000bd4	57b44293	xori	x5,x8,1403	  x8:0x415289d4  x5=0x41528caf
       11725000	      1171	80000bd8	01a30b33	add	x22,x6,x26	  x6:0x00000000 x26:0x689b5000 x22=0x689b5000
       11735000	      1172	80000bdc	01a7df33	srl	x30,x15,x26	 x15:0x00000000 x26:0x689b5000 x30=0x00000000
       11745000	      1173	80000be0	05678263	beq	x15,x22,80000c24	 x15:0x00000000 x22:0x689b5000
       11755000	      1174	80000be4	56a12f13	slti	x30,x2,1386	  x2:0xeef2131a x30=0x00000001
       11765000	      1175	80000be8	01f6c4b3	xor	x9,x13,x31	 x13:0x00000000 x31:0x80000569  x9=0x80000569
       11775000	      1176	80000bec	00175293	srli	x5,x14,0x1	 x14:0x0000077f  x5=0x000003bf
       11785000	      1177	80000bf0	056d0663	beq	x26,x22,80000c3c	 x26:0x689b5000 x22:0x689b5000
       11795000	      1178	00000000	00000013	addi	x0,x0,0	  x0:0x00000000
       11805000	      1179	80000c38	00000013	addi	x0,x0,0	  x0:0x00000000
       11815000	      1180	80000c3c	41b6da13	srai	x20,x13,0x1b	 x13:0x00000000 x20=0x00000000
       11825000	      1181	80000c40	41485013	srai	x0,x16,0x14	 x16:0x00000000
       11835000	      1182	80000c44	9ca7f693	andi	x13,x15,-1590	 x15:0x00000000 x13=0x00000000
       11845000	      1183	80000c48	4199dab3	sra	x21,x19,x25	 x19:0x00000000 x25:0x99901000 x21=0x00000000
       11855000	      1184	80000c4c	0360f463	bgeu	x1,x22,80000c74	  x1:0xf5b3edcd x22:0x689b5000
       11865000	      1185	00000000	00000013	addi	x0,x0,0	  x0:0x00000000
       11875000	      1186	80000c70	00000013	addi	x0,x0,0	  x0:0x00000000
       11885000	      1187	80000c74	012edcb3	srl	x25,x29,x18	 x29:0x80009f04 x18:0xf5b3eddd x25=0x00000004
       11895000	      1188	80000c78	19ea0213	addi	x4,x20,414	 x20:0x00000000  x4=0x0000019e
       11905000	      1189	80000c7c	f9ebcc93	xori	x25,x23,-98	 x23:0xbeb93858 x25=0x4146c7c6
       11915000	      1190	80000c80	a1b88f93	addi	x31,x17,-1509	 x17:0xfffbbddf x31=0xfffbb7fa
       11925000	      1191	80000c84	03e97063	bgeu	x18,x30,80000ca4	 x18:0xf5b3eddd x30:0x00000001
       11935000	      1192	00000000	00000013	addi	x0,x0,0	  x0:0x00000000
       11945000	      1193	80000ca0	00000013	addi	x0,x0,0	  x0:0x00000000
       11955000	      1194	80000ca4	011326b3	slt	x13,x6,x17	  x6:0x00000000 x17:0xfffbbddf x13=0x00000000
       11965000	      1195	80000ca8	01707c33	and	x24,x0,x23	  x0:0x00000000 x23:0xbeb93858 x24=0x00000000
       11975000	      1196	80000cac	0315fe63	bgeu	x11,x17,80000ce8	 x11:0x80000128 x17:0xfffbbddf
       11985000	      1197	80000cb0	94c62393	slti	x7,x12,-1716	 x12:0x80009fc4  x7=0x00000001
       11995000	      1198	80000cb4	00000013	addi	x0,x0,0	  x0:0x00000000
       12005000	      1199	80000cb8	40c5d993	srai	x19,x11,0xc	 x11:0x80000128 x19=0xfff80000
       12015000	      1200	80000cbc	01b68ab3	add	x21,x13,x27	 x13:0x00000000 x27:0x80009f84 x21=0x80009f84
       12025000	      1201	80000cc0	4126d133	sra	x2,x13,x18	 x13:0x00000000 x18:0xf5b3eddd  x2=0x00000000
       12035000	      1202	80000cc4	df4d61b7	lui	x3,0xdf4d6	  x3=0xdf4d6000
       12045000	      1203	80000cc8	dba38813	addi	x16,x7,-582	  x7:0x00000001 x16=0xfffffdbb
       12055000	      1204	80000ccc	c0f02593	slti	x11,x0,-1009	  x0:0x00000000 x11=0x00000000
       12065000	      1205	80000cd0	0120a533	slt	x10,x1,x18	  x1:0xf5b3edcd x18:0xf5b3eddd x10=0x00000001
       12075000	      1206	80000cd4	00a80663	beq	x16,x10,80000ce0	 x16:0xfffffdbb x10:0x00000001
       12085000	      1207	80000cd8	412806b3	sub	x13,x16,x18	 x16:0xfffffdbb x18:0xf5b3eddd x13=0x0a4c0fde
       12095000	      1208	80000cdc	f490f513	andi	x10,x1,-183	  x1:0xf5b3edcd x10=0xf5b3ed49
       12105000	      1209	80000ce0	01e0fe33	and	x28,x1,x30	  x1:0xf5b3edcd x30:0x00000001 x28=0x00000001
       12115000	      1210	80000ce4	72876793	ori	x15,x14,1832	 x14:0x0000077f x15=0x0000077f
       12125000	      1211	80000ce8	c9540313	addi	x6,x8,-875	  x8:0x415289d4  x6=0x41528669
       12135000	      1212	80000cec	c5c9a113	slti	x2,x19,-932	 x19:0xfff80000  x2=0x00000001
       12145000	      1213	80000cf0	01234433	xor	x8,x6,x18	  x6:0x41528669 x18:0xf5b3eddd  x8=0xb4e16bb4
       12155000	      1214	80000cf4	01ae8663	beq	x29,x26,80000d00	 x29:0x80009f04 x26:0x689b5000
       12165000	      1215	80000cf8	a235f0b7	lui	x1,0xa235f	  x1=0xa235f000
       12175000	      1216	80000cfc	00000013	addi	x0,x0,0	  x0:0x00000000
       12185000	      1217	80000d00	41510433	sub	x8,x2,x21	  x2:0x00000001 x21:0x80009f84  x8=0x7fff607d
       12195000	      1218	80000d04	02e4e263	bltu	x9,x14,80000d28	  x9:0x80000569 x14:0x0000077f
       12205000	      1219	80000d08	608771b7	lui	x3,0x60877	  x3=0x60877000
       12215000	      1220	80000d0c	01f35a93	srli	x21,x6,0x1f	  x6:0x41528669 x21=0x00000000
       12225000	      1221	80000d10	0043d3b3	srl	x7,x7,x4	  x7:0x00000001  x4:0x0000019e  x7=0x00000000
       12235000	      1222	80000d14	3ebbba17	auipc	x20,0x3ebbb	 x20=0xbebbbd10
       12245000	      1223	80000d18	4120de13	srai	x28,x1,0x12	  x1:0xa235f000 x28=0xffffe88d
       12255000	      1224	80000d1c	5a6b0493	addi	x9,x22,1446	 x22:0x689b5000  x9=0x689b55a6
       12265000	      1225	80000d20	00000013	addi	x0,x0,0	  x0:0x00000000
       12275000	      1226	80000d24	40d18733	sub	x14,x3,x13	  x3:0x60877000 x13:0x0a4c0fde x14=0x563b6022
       12285000	      1227	80000d28	283d8413	addi	x8,x27,643	 x27:0x80009f84  x8=0x8000a207
       12295000	      1228	80000d2c	077af063	bgeu	x21,x23,80000d8c	 x21:0x00000000 x23:0xbeb93858
       12305000	      1229	80000d30	403f8533	sub	x10,x31,x3	 x31:0xfffbb7fa  x3:0x60877000 x10=0x9f7447fa
       12315000	      1230	80000d34	04ec4663	blt	x24,x14,80000d80	 x24:0x00000000 x14:0x563b6022
       12325000	      1231	00000000	00000013	addi	x0,x0,0	  x0:0x00000000
       12335000	      1232	80000d7c	00000013	addi	x0,x0,0	  x0:0x00000000
       12345000	      1233	80000d80	00249e13	slli	x28,x9,0x2	  x9:0x689b55a6 x28=0xa26d5698
       12355000	      1234	80000d84	01666133	or	x2,x12,x22	 x12:0x80009fc4 x22:0x689b5000  x2=0xe89bdfc4
       12365000	      1235	80000d88	01089a63	bne	x17,x16,80000d9c	 x17:0xfffbbddf x16:0xfffffdbb
       12375000	      1236	00000000	00000013	addi	x0,x0,0	  x0:0x00000000
       12385000	      1237	80000d98	00000013	addi	x0,x0,0	  x0:0x00000000
       12395000	      1238	80000d9c	2fa2f093	andi	x1,x5,762	  x5:0x000003bf  x1=0x000002ba
       12405000	      1239	80000da0	006ff263	bgeu	x31,x6,80000da4	 x31:0xfffbb7fa  x6:0x41528669
       12415000	      1240	00000000	00000013	addi	x0,x0,0	  x0:0x00000000
       12425000	      1241	80000da0	00000013	addi	x0,x0,0	  x0:0x00000000
       12435000	      1242	80000da4	00000013	addi	x0,x0,0	  x0:0x00000000
       12445000	      1243	80000da8	010d6333	or	x6,x26,x16	 x26:0x689b5000 x16:0xfffffdbb  x6=0xfffffdbb
       12455000	      1244	80000dac	01d821b3	slt	x3,x16,x29	 x16:0xfffffdbb x29:0x80009f04  x3=0x00000000
       12465000	      1245	80000db0	b229d697	auipc	x13,0xb229d	 x13=0x3229ddac
       12475000	      1246	80000db4	00000013	addi	x0,x0,0	  x0:0x00000000
       12485000	      1247	80000db8	1d17a393	slti	x7,x15,465	 x15:0x0000077f  x7=0x00000000
       12495000	      1248	80000dbc	0197a5b3	slt	x11,x15,x25	 x15:0x0000077f x25:0x4146c7c6 x11=0x00000001
       12505000	      1249	80000dc0	23ce5517	auipc	x10,0x23ce5	 x10=0xa3ce5dbc
       12515000	      1250	80000dc4	7c103313	sltiu	x6,x0,1985	  x0:0x00000000  x6=0x00000001
       12525000	      1251	80000dc8	00258ab3	add	x21,x11,x2	 x11:0x00000001  x2:0xe89bdfc4 x21=0xe89bdfc5
       12535000	      1252	80000dcc	03964893	xori	x17,x12,57	 x12:0x80009fc4 x17=0x80009ffd
       12545000	      1253	80000dd0	41c35cb3	sra	x25,x6,x28	  x6:0x00000001 x28:0xa26d5698 x25=0x00000000
       12555000	      1254	80000dd4	6eb8a713	slti	x14,x17,1771	 x17:0x80009ffd x14=0x00000001
       12565000	      1255	80000dd8	00042eb3	slt	x29,x8,x0	  x8:0x8000a207  x0:0x00000000 x29=0x00000001
       12575000	      1256	80000ddc	41f18c33	sub	x24,x3,x31	  x3:0x00000000 x31:0xfffbb7fa x24=0x00044806
       12585000	      1257	80000de0	00fb9c13	slli	x24,x23,0xf	 x23:0xbeb93858 x24=0x9c2c0000
       12595000	      1258	80000de4	00dbc4b3	xor	x9,x23,x13	 x23:0xbeb93858 x13:0x3229ddac  x9=0x8c90e5f4
       12605000	      1259	80000de8	72894313	xori	x6,x18,1832	 x18:0xf5b3eddd  x6=0xf5b3eaf5
       12615000	      1260	80000dec	00c9aab3	slt	x21,x19,x12	 x19:0xfff80000 x12:0x80009fc4 x21=0x00000000
       12625000	      1261	80000df0	7b4a8493	addi	x9,x21,1972	 x21:0x00000000  x9=0x000007b4
       12635000	      1262	80000df4	00b74a33	xor	x20,x14,x11	 x14:0x00000001 x11:0x00000001 x20=0x00000000
       12645000	      1263	80000df8	40540fb3	sub	x31,x8,x5	  x8:0x8000a207  x5:0x000003bf x31=0x80009e48
       12655000	      1264	80000dfc	005354b3	srl	x9,x6,x5	  x6:0xf5b3eaf5  x5:0x000003bf  x9=0x00000001
       12665000	      1265	80000e00	00d15693	srli	x13,x2,0xd	  x2:0xe89bdfc4 x13=0x000744de
       12675000	      1266	80000e04	004ec2b3	xor	x5,x29,x4	 x29:0x00000001  x4:0x0000019e  x5=0x0000019f
       12685000	      1267	80000e08	404c0fb3	sub	x31,x24,x4	 x24:0x9c2c0000  x4:0x0000019e x31=0x9c2bfe62
       12695000	      1268	80000e0c	01c000ef	jal	x1,80000e0c	  x1=0x80000e0c
       12705000	      1269	00000000	00000013	addi	x0,x0,0	  x0:0x00000000
       12715000	      1270	80000e24	00000013	addi	x0,x0,0	  x0:0x00000000
       12725000	      1271	80000e28	038007ef	jal	x15,80000e28	 x15=0x80000e28
       12735000	      1272	00000000	00000013	addi	x0,x0,0	  x0:0x00000000
       12745000	      1273	80000e5c	00000013	addi	x0,x0,0	  x0:0x00000000
       12755000	      1274	80000e60	ffdff56f	jal	x10,80000e60	 x10=0x80000e60
       12765000	      1275	00000000	00000013	addi	x0,x0,0	  x0:0x00000000
       12775000	      1276	80000e58	00000013	addi	x0,x0,0	  x0:0x00000000
       12785000	      1277	80000e5c	fd9ff0ef	jal	x1,80000e5c	  x1=0x80000e5c
       12795000	      1278	00000000	00000013	addi	x0,x0,0	  x0:0x00000000
       12805000	      1279	80000e30	00000013	addi	x0,x0,0	  x0:0x00000000
       12815000	      1280	80000e34	fddff0ef	jal	x1,80000e34	  x1=0x80000e34
       12825000	      1281	00000000	00000013	addi	x0,x0,0	  x0:0x00000000
       12835000	      1282	80000e0c	00000013	addi	x0,x0,0	  x0:0x00000000
       12845000	      1283	80000e10	01c000ef	jal	x1,80000e10	  x1=0x80000e10
       12855000	      1284	00000000	00000013	addi	x0,x0,0	  x0:0x00000000
       12865000	      1285	80000e28	00000013	addi	x0,x0,0	  x0:0x00000000
       12875000	      1286	80000e2c	02c000ef	jal	x1,80000e2c	  x1=0x80000e2c
       12885000	      1287	00000000	00000013	addi	x0,x0,0	  x0:0x00000000
       12895000	      1288	80000e54	00000013	addi	x0,x0,0	  x0:0x00000000
       12905000	      1289	80000e58	fc5ff36f	jal	x6,80000e58	  x6=0x80000e58
       12915000	      1290	00000000	00000013	addi	x0,x0,0	  x0:0x00000000
       12925000	      1291	80000e18	00000013	addi	x0,x0,0	  x0:0x00000000
       12935000	      1292	80000e1c	ff9ff0ef	jal	x1,80000e1c	  x1=0x80000e1c
       12945000	      1293	00000000	00000013	addi	x0,x0,0	  x0:0x00000000
       12955000	      1294	80000e10	00000013	addi	x0,x0,0	  x0:0x00000000
       12965000	      1295	80000e14	02c000ef	jal	x1,80000e14	  x1=0x80000e14
       12975000	      1296	00000000	00000013	addi	x0,x0,0	  x0:0x00000000
       12985000	      1297	80000e3c	00000013	addi	x0,x0,0	  x0:0x00000000
       12995000	      1298	80000e40	ff9ff36f	jal	x6,80000e40	  x6=0x80000e40
       13005000	      1299	00000000	00000013	addi	x0,x0,0	  x0:0x00000000
       13015000	      1300	80000e34	00000013	addi	x0,x0,0	  x0:0x00000000
       13025000	      1301	80000e38	fedff0ef	jal	x1,80000e38	  x1=0x80000e38
       13035000	      1302	00000000	00000013	addi	x0,x0,0	  x0:0x00000000
       13045000	      1303	80000e20	00000013	addi	x0,x0,0	  x0:0x00000000
       13055000	      1304	80000e24	0400036f	jal	x6,80000e24	  x6=0x80000e24
       13065000	      1305	00000000	00000013	addi	x0,x0,0	  x0:0x00000000
       13075000	      1306	80000e60	00000013	addi	x0,x0,0	  x0:0x00000000
       13085000	      1307	80000e64	00c0036f	jal	x6,80000e64	  x6=0x80000e64
       13095000	      1308	00000000	00000013	addi	x0,x0,0	  x0:0x00000000
       13105000	      1309	80000e6c	00000013	addi	x0,x0,0	  x0:0x00000000
       13115000	      1310	80000e70	ffdff0ef	jal	x1,80000e70	  x1=0x80000e70
       13125000	      1311	00000000	00000013	addi	x0,x0,0	  x0:0x00000000
       13135000	      1312	80000e68	00000013	addi	x0,x0,0	  x0:0x00000000
       13145000	      1313	80000e6c	fc5ffcef	jal	x25,80000e6c	 x25=0x80000e6c
       13155000	      1314	00000000	00000013	addi	x0,x0,0	  x0:0x00000000
       13165000	      1315	80000e2c	00000013	addi	x0,x0,0	  x0:0x00000000
       13175000	      1316	80000e30	0200036f	jal	x6,80000e30	  x6=0x80000e30
       13185000	      1317	00000000	00000013	addi	x0,x0,0	  x0:0x00000000
       13195000	      1318	80000e4c	00000013	addi	x0,x0,0	  x0:0x00000000
       13205000	      1319	80000e50	024000ef	jal	x1,80000e50	  x1=0x80000e50
       13215000	      1320	00000000	00000013	addi	x0,x0,0	  x0:0x00000000
       13225000	      1321	80000e70	00000013	addi	x0,x0,0	  x0:0x00000000
       13235000	      1322	80000e74	fc9ff0ef	jal	x1,80000e74	  x1=0x80000e74
       13245000	      1323	00000000	00000013	addi	x0,x0,0	  x0:0x00000000
       13255000	      1324	80000e38	00000013	addi	x0,x0,0	  x0:0x00000000
       13265000	      1325	80000e3c	010002ef	jal	x5,80000e3c	  x5=0x80000e3c
       13275000	      1326	00000000	00000013	addi	x0,x0,0	  x0:0x00000000
       13285000	      1327	80000e48	00000013	addi	x0,x0,0	  x0:0x00000000
       13295000	      1328	80000e4c	01c003ef	jal	x7,80000e4c	  x7=0x80000e4c
       13305000	      1329	00000000	00000013	addi	x0,x0,0	  x0:0x00000000
       13315000	      1330	80000e64	00000013	addi	x0,x0,0	  x0:0x00000000
       13325000	      1331	80000e68	fe1ff1ef	jal	x3,80000e68	  x3=0x80000e68
       13335000	      1332	00000000	00000013	addi	x0,x0,0	  x0:0x00000000
       13345000	      1333	80000e44	00000013	addi	x0,x0,0	  x0:0x00000000
       13355000	      1334	80000e48	fd1ff0ef	jal	x1,80000e48	  x1=0x80000e48
       13365000	      1335	00000000	00000013	addi	x0,x0,0	  x0:0x00000000
       13375000	      1336	80000e14	00000013	addi	x0,x0,0	  x0:0x00000000
       13385000	      1337	80000e18	02c0036f	jal	x6,80000e18	  x6=0x80000e18
       13395000	      1338	00000000	00000013	addi	x0,x0,0	  x0:0x00000000
       13405000	      1339	80000e40	00000013	addi	x0,x0,0	  x0:0x00000000
       13415000	      1340	80000e44	010000ef	jal	x1,80000e44	  x1=0x80000e44
       13425000	      1341	00000000	00000013	addi	x0,x0,0	  x0:0x00000000
       13435000	      1342	80000e50	00000013	addi	x0,x0,0	  x0:0x00000000
       13445000	      1343	80000e54	fcdff16f	jal	x2,80000e54	  x2=0x80000e54
       13455000	      1344	00000000	00000013	addi	x0,x0,0	  x0:0x00000000
       13465000	      1345	80000e1c	00000013	addi	x0,x0,0	  x0:0x00000000
       13475000	      1346	80000e20	058000ef	jal	x1,80000e20	  x1=0x80000e20
       13485000	      1347	00000000	00000013	addi	x0,x0,0	  x0:0x00000000
       13495000	      1348	80000e74	00000013	addi	x0,x0,0	  x0:0x00000000
       13505000	      1349	80000e78	a17ebf93	sltiu	x31,x29,-1513	 x29:0x00000001 x31=0x00000001
       13515000	      1350	80000e7c	006e1b33	sll	x22,x28,x6	 x28:0xa26d5698  x6:0x80000e18 x22=0x98000000
       13525000	      1351	80000e80	4122d2b3	sra	x5,x5,x18	  x5:0x80000e3c x18:0xf5b3eddd  x5=0xfffffffc
       13535000	      1352	80000e84	00de7eb3	and	x29,x28,x13	 x28:0xa26d5698 x13:0x000744de x29=0x00054498
       13545000	      1353	80000e88	01ab5263	bge	x22,x26,80000e8c	 x22:0x98000000 x26:0x689b5000
       13555000	      1354	80000e8c	04c4ef93	ori	x31,x9,76	  x9:0x00000001 x31=0x0000004d
       13565000	      1355	80000e90	31533737	lui	x14,0x31533	 x14=0x31533000
       13575000	      1356	80000e94	013bf433	and	x8,x23,x19	 x23:0xbeb93858 x19:0xfff80000  x8=0xbeb80000
       13585000	      1357	80000e98	017138b3	sltu	x17,x2,x23	  x2:0x80000e54 x23:0xbeb93858 x17=0x00000001
       13595000	      1358	80000e9c	40dd5f13	srai	x30,x26,0xd	 x26:0x689b5000 x30=0x000344da
       13605000	      1359	80000ea0	00c03133	sltu	x2,x0,x12	  x0:0x00000000 x12:0x80009fc4  x2=0x00000001
       13615000	      1360	80000ea4	0356de63	bge	x13,x21,80000ee0	 x13:0x000744de x21:0x00000000
       13625000	      1361	00000000	00000013	addi	x0,x0,0	  x0:0x00000000
       13635000	      1362	80000edc	00000013	addi	x0,x0,0	  x0:0x00000000
       13645000	      1363	80000ee0	0089a733	slt	x14,x19,x8	 x19:0xfff80000  x8:0xbeb80000 x14=0x00000000
       13655000	      1364	80000ee4	04e01263	bne	x0,x14,80000f28	  x0:0x00000000 x14:0x00000000
       13665000	      1365	80000ee8	7263e217	auipc	x4,0x7263e	  x4=0xf263eee4
       13675000	      1366	80000eec	41908433	sub	x8,x1,x25	  x1:0x80000e20 x25:0x80000e6c  x8=0xffffffb4
       13685000	      1367	80000ef0	015e41b3	xor	x3,x28,x21	 x28:0xa26d5698 x21:0x00000000  x3=0xa26d5698
       13695000	      1368	80000ef4	b0092b13	slti	x22,x18,-1280	 x18:0xf5b3eddd x22=0x00000001
       13705000	      1369	80000ef8	0a17c863	blt	x15,x1,80000fa8	 x15:0x80000e28  x1:0x80000e20
       13715000	      1370	80000efc	2b303f13	sltiu	x30,x0,691	  x0:0x00000000 x30=0x00000001
       13725000	      1371	80000f00	00d90ab3	add	x21,x18,x13	 x18:0xf5b3eddd x13:0x000744de x21=0xf5bb32bb
       13735000	      1372	80000f04	0077db33	srl	x22,x15,x7	 x15:0x80000e28  x7:0x80000e4c x22=0x00080000
       13745000	      1373	80000f08	8ead33b7	lui	x7,0x8ead3	  x7=0x8ead3000
       13755000	      1374	80000f0c	0084f2b3	and	x5,x9,x8	  x9:0x00000001  x8:0xffffffb4  x5=0x00000000
       13765000	      1375	80000f10	3086e397	auipc	x7,0x3086e	  x7=0xb086ef0c
       13775000	      1376	80000f14	01da53b3	srl	x7,x20,x29	 x20:0x00000000 x29:0x00054498  x7=0x00000000
       13785000	      1377	80000f18	016644b3	xor	x9,x12,x22	 x12:0x80009fc4 x22:0x00080000  x9=0x80089fc4
       13795000	      1378	80000f1c	003afd33	and	x26,x21,x3	 x21:0xf5bb32bb  x3:0xa26d5698 x26=0xa0291298
       13805000	      1379	80000f20	00ae08b3	add	x17,x28,x10	 x28:0xa26d5698 x10:0x80000e60 x17=0x226d64f8
       13815000	      1380	80000f24	0e832e13	slti	x28,x6,232	  x6:0x80000e18 x28=0x00000001
       13825000	      1381	80000f28	0b96e863	bltu	x13,x25,80000fd8	 x13:0x000744de x25:0x80000e6c
       13835000	      1382	00000000	00000013	addi	x0,x0,0	  x0:0x00000000
       13845000	      1383	80000fd4	00000013	addi	x0,x0,0	  x0:0x00000000
       13855000	      1384	80000fd8	0394e463	bltu	x9,x25,80001000	  x9:0x80089fc4 x25:0x80000e6c
       13865000	      1385	80000fdc	998a8d37	lui	x26,0x998a8	 x26=0x998a8000
       13875000	      1386	80000fe0	406850b3	sra	x1,x16,x6	 x16:0xfffffdbb  x6:0x80000e18  x1=0xffffffff
       13885000	      1387	80000fe4	012b1593	slli	x11,x22,0x12	 x22:0x00080000 x11=0x00000000
       13895000	      1388	80000fe8	94a2c013	xori	x0,x5,-1718	  x5:0x00000000
       13905000	      1389	80000fec	01ed7433	and	x8,x26,x30	 x26:0x998a8000 x30:0x00000001  x8=0x00000000
       13915000	      1390	80000ff0	0001eab3	or	x21,x3,x0	  x3:0xa26d5698  x0:0x00000000 x21=0xa26d5698
       13925000	      1391	80000ff4	423fc113	xori	x2,x31,1059	 x31:0x0000004d  x2=0x0000046e
       13935000	      1392	80000ff8	08e61a17	auipc	x20,0x8e61	 x20=0x88e61ff4
       13945000	      1393	80000ffc	0070dab3	srl	x21,x1,x7	  x1:0xffffffff  x7:0x00000000 x21=0xffffffff
       13955000	      1394	80001000	013a4f33	xor	x30,x20,x19	 x20:0x88e61ff4 x19:0xfff80000 x30=0x771e1ff4
       13965000	      1395	80001004	00000013	addi	x0,x0,0	  x0:0x00000000
       13975000	      1396	80001008	03dd6293	ori	x5,x26,61	 x26:0x998a8000  x5=0x998a803d
       13985000	      1397	8000100c	ac57c593	xori	x11,x15,-1339	 x15:0x80000e28 x11=0x7ffff4ed
       13995000	      1398	80001010	73e63d13	sltiu	x26,x12,1854	 x12:0x80009fc4 x26=0x00000000
       14005000	      1399	80001014	0013bfb3	sltu	x31,x7,x1	  x7:0x00000000  x1:0xffffffff x31=0x00000001
       14015000	      1400	80001018	03956a63	bltu	x10,x25,8000104c	 x10:0x80000e60 x25:0x80000e6c
       14025000	      1401	00000000	00000013	addi	x0,x0,0	  x0:0x00000000
       14035000	      1402	80001048	00000013	addi	x0,x0,0	  x0:0x00000000
       14045000	      1403	8000104c	02dc4e63	blt	x24,x13,80001088	 x24:0x9c2c0000 x13:0x000744de
       14055000	      1404	00000000	00000013	addi	x0,x0,0	  x0:0x00000000
       14065000	      1405	80001084	00000013	addi	x0,x0,0	  x0:0x00000000
       14075000	      1406	80001088	412201b3	sub	x3,x4,x18	  x4:0xf263eee4 x18:0xf5b3eddd  x3=0xfcb00107
       14085000	      1407	8000108c	4a51ae13	slti	x28,x3,1189	  x3:0xfcb00107 x28=0x00000001
       14095000	      1408	80001090	01671a33	sll	x20,x14,x22	 x14:0x00000000 x22:0x00080000 x20=0x00000000
       14105000	      1409	80001094	03028e63	beq	x5,x16,800010d0	  x5:0x998a803d x16:0xfffffdbb
       14115000	      1410	80001098	b77b7893	andi	x17,x22,-1161	 x22:0x00080000 x17=0x00080000
       14125000	      1411	8000109c	03b2da63	bge	x5,x27,800010d0	  x5:0x998a803d x27:0x80009f84
       14135000	      1412	00000000	00000013	addi	x0,x0,0	  x0:0x00000000
       14145000	      1413	800010cc	00000013	addi	x0,x0,0	  x0:0x00000000
       14155000	      1414	800010d0	00b9a833	slt	x16,x19,x11	 x19:0xfff80000 x11:0x7ffff4ed x16=0x00000001
       14165000	      1415	800010d4	64ab8b13	addi	x22,x23,1610	 x23:0xbeb93858 x22=0xbeb93ea2
       14175000	      1416	800010d8	016b7a63	bgeu	x22,x22,800010ec	 x22:0xbeb93ea2 x22:0xbeb93ea2
       14185000	      1417	00000000	00000013	addi	x0,x0,0	  x0:0x00000000
       14195000	      1418	800010e8	00000013	addi	x0,x0,0	  x0:0x00000000
       14205000	      1419	800010ec	9f0b0993	addi	x19,x22,-1552	 x22:0xbeb93ea2 x19=0xbeb93892
       14215000	      1420	800010f0	01e1dcb3	srl	x25,x3,x30	  x3:0xfcb00107 x30:0x771e1ff4 x25=0x00000fcb
       14225000	      1421	800010f4	40ed0e33	sub	x28,x26,x14	 x26:0x00000000 x14:0x00000000 x28=0x00000000
       14235000	      1422	800010f8	cddce993	ori	x19,x25,-803	 x25:0x00000fcb x19=0xffffffdf
       14245000	      1423	800010fc	4165df33	sra	x30,x11,x22	 x11:0x7ffff4ed x22:0xbeb93ea2 x30=0x1ffffd3b
       14255000	      1424	80001100	423027b7	lui	x15,0x42302	 x15=0x42302000
       14265000	      1425	80001104	8844dd17	auipc	x26,0x8844d	 x26=0x0844e100
       14275000	      1426	80001108	87e48293	addi	x5,x9,-1922	  x9:0x80089fc4  x5=0x80089842
       14285000	      1427	8000110c	f74a7713	andi	x14,x20,-140	 x20:0x00000000 x14=0x00000000
       14295000	      1428	80001110	b08adc17	auipc	x24,0xb08ad	 x24=0x308ae10c
       14305000	      1429	80001114	4090d593	srai	x11,x1,0x9	  x1:0xffffffff x11=0xffffffff
       14315000	      1430	80001118	0351e263	bltu	x3,x21,8000113c	  x3:0xfcb00107 x21:0xffffffff
       14325000	      1431	00000000	00000013	addi	x0,x0,0	  x0:0x00000000
       14335000	      1432	80001138	00000013	addi	x0,x0,0	  x0:0x00000000
       14345000	      1433	8000113c	d968e313	ori	x6,x17,-618	 x17:0x00080000  x6=0xfffffd96
       14355000	      1434	80001140	019f92b3	sll	x5,x31,x25	 x31:0x00000001 x25:0x00000fcb  x5=0x00000800
       14365000	      1435	80001144	01cc91b3	sll	x3,x25,x28	 x25:0x00000fcb x28:0x00000000  x3=0x00000fcb
       14375000	      1436	80001148	01f4d9b3	srl	x19,x9,x31	  x9:0x80089fc4 x31:0x00000001 x19=0x40044fe2
       14385000	      1437	8000114c	eaa8b713	sltiu	x14,x17,-342	 x17:0x00080000 x14=0x00000001
       14395000	      1438	80001150	412eda93	srai	x21,x29,0x12	 x29:0x00054498 x21=0x00000001
       14405000	      1439	80001154	c6599c97	auipc	x25,0xc6599	 x25=0x4659a150
       14415000	      1440	80001158	dd728a93	addi	x21,x5,-553	  x5:0x00000800 x21=0x000005d7
       14425000	      1441	8000115c	00a40263	beq	x8,x10,80001160	  x8:0x00000000 x10:0x80000e60
       14435000	      1442	80001160	c4667f93	andi	x31,x12,-954	 x12:0x80009fc4 x31=0x80009c44
       14445000	      1443	80001164	00545d13	srli	x26,x8,0x5	  x8:0x00000000 x26=0x00000000
       14455000	      1444	80001168	0157a333	slt	x6,x15,x21	 x15:0x42302000 x21:0x000005d7  x6=0x00000000
       14465000	      1445	8000116c	06d71097	auipc	x1,0x6d71	  x1=0x86d72168
       14475000	      1446	80001170	00000013	addi	x0,x0,0	  x0:0x00000000
       14485000	      1447	80001174	00876d33	or	x26,x14,x8	 x14:0x00000001  x8:0x00000000 x26=0x00000001
       14495000	      1448	80001178	f3700a17	auipc	x20,0xf3700	 x20=0x73701174
       14505000	      1449	8000117c	03989463	bne	x17,x25,800011a4	 x17:0x00080000 x25:0x4659a150
       14515000	      1450	00000000	00000013	addi	x0,x0,0	  x0:0x00000000
       14525000	      1451	800011a0	00000013	addi	x0,x0,0	  x0:0x00000000
       14535000	      1452	800011a4	058ffa93	andi	x21,x31,88	 x31:0x80009c44 x21=0x00000040
       14545000	      1453	800011a8	003d5213	srli	x4,x26,0x3	 x26:0x00000001  x4=0x00000000
       14555000	      1454	800011ac	bfbecb97	auipc	x23,0xbfbec	 x23=0x3fbed1a8
       14565000	      1455	800011b0	01f89113	slli	x2,x17,0x1f	 x17:0x00080000  x2=0x00000000
       14575000	      1456	800011b4	6637e013	ori	x0,x15,1635	 x15:0x42302000
       14585000	      1457	800011b8	ef83f413	andi	x8,x7,-264	  x7:0x00000000  x8=0x00000000
       14595000	      1458	800011bc	010d1133	sll	x2,x26,x16	 x26:0x00000001 x16:0x00000001  x2=0x00000002
       14605000	      1459	800011c0	01233cb3	sltu	x25,x6,x18	  x6:0x00000000 x18:0xf5b3eddd x25=0x00000001
       14615000	      1460	800011c4	419b5693	srai	x13,x22,0x19	 x22:0xbeb93ea2 x13=0xffffffdf
       14625000	      1461	800011c8	04e38263	beq	x7,x14,8000120c	  x7:0x00000000 x14:0x00000001
       14635000	      1462	800011cc	40800fb3	sub	x31,x0,x8	  x0:0x00000000  x8:0x00000000 x31=0x00000000
       14645000	      1463	800011d0	012acfb3	xor	x31,x21,x18	 x21:0x00000040 x18:0xf5b3eddd x31=0xf5b3ed9d
       14655000	      1464	800011d4	511acb97	auipc	x23,0x511ac	 x23=0xd11ad1d0
       14665000	      1465	800011d8	fd19ac13	slti	x24,x19,-47	 x19:0x40044fe2 x24=0x00000000
       14675000	      1466	800011dc	02054463	blt	x10,x0,80001204	 x10:0x80000e60  x0:0x00000000
       14685000	      1467	00000000	00000013	addi	x0,x0,0	  x0:0x00000000
       14695000	      1468	80001200	00000013	addi	x0,x0,0	  x0:0x00000000
       14705000	      1469	80001204	0059be33	sltu	x28,x19,x5	 x19:0x40044fe2  x5:0x00000800 x28=0x00000000
       14715000	      1470	80001208	01ae95b3	sll	x11,x29,x26	 x29:0x00054498 x26:0x00000001 x11=0x000a8930
       14725000	      1471	8000120c	02f16e63	bltu	x2,x15,80001248	  x2:0x00000002 x15:0x42302000
       14735000	      1472	00000000	00000013	addi	x0,x0,0	  x0:0x00000000
       14745000	      1473	80001244	00000013	addi	x0,x0,0	  x0:0x00000000
       14755000	      1474	80001248	a66dca93	xori	x21,x27,-1434	 x27:0x80009f84 x21=0x7fff65e2
       14765000	      1475	8000124c	0196c263	blt	x13,x25,80001250	 x13:0xffffffdf x25:0x00000001
       14775000	      1476	00000000	00000013	addi	x0,x0,0	  x0:0x00000000
       14785000	      1477	8000124c	00000013	addi	x0,x0,0	  x0:0x00000000
       14795000	      1478	80001250	01e96eb3	or	x29,x18,x30	 x18:0xf5b3eddd x30:0x1ffffd3b x29=0xfffffdff
       14805000	      1479	80001254	00513bb3	sltu	x23,x2,x5	  x2:0x00000002  x5:0x00000800 x23=0x00000001
       14815000	      1480	80001258	00954663	blt	x10,x9,80001264	 x10:0x80000e60  x9:0x80089fc4
       14825000	      1481	00000000	00000013	addi	x0,x0,0	  x0:0x00000000
       14835000	      1482	80001260	00000013	addi	x0,x0,0	  x0:0x00000000
       14845000	      1483	80001264	2c1ebbb7	lui	x23,0x2c1eb	 x23=0x2c1eb000
       14855000	      1484	80001268	019cca63	blt	x25,x25,8000127c	 x25:0x00000001 x25:0x00000001
       14865000	      1485	8000126c	d3618a97	auipc	x21,0xd3618	 x21=0x53619268
       14875000	      1486	80001270	2ac74a93	xori	x21,x14,684	 x14:0x00000001 x21=0x000002ad
       14885000	      1487	80001274	012164b3	or	x9,x2,x18	  x2:0x00000002 x18:0xf5b3eddd  x9=0xf5b3eddf
       14895000	      1488	80001278	00c84263	blt	x16,x12,8000127c	 x16:0x00000001 x12:0x80009fc4
       14905000	      1489	8000127c	00000013	addi	x0,x0,0	  x0:0x00000000
       14915000	      1490	80001280	00000917	auipc	x18,0x0	 x18=0x8000127c
       14925000	      1491	80001284	00c90913	addi	x18,x18,12	 x18:0x8000127c x18=0x80001288
       14935000	      1492	80001288	00090067	jalr	x0,x18,0	 x18:0x80001288
       14945000	      1493	00000000	00000013	addi	x0,x0,0	  x0:0x00000000
       14955000	      1494	80001288	00000013	addi	x0,x0,0	  x0:0x00000000
       14965000	      1495	8000128c	00100193	addi	x3,x0,1	  x0:0x00000000  x3=0x00000001
       14975000	      1496	80001290	00000073	ecall	
       14985000	      1497	80001294	000a8263	beq	x21,x0,80001298	 x21:0x000002ad  x0:0x00000000
