		Time			Cycle	PC		Insn	Decoded instruction	Register and memory contents
          65000	         5	80000004	00000293	addi	x5,x0,0	  x0:0x00000000  x5=0x00000000
          75000	         6	80000008	00000313	addi	x6,x0,0	  x0:0x00000000  x6=0x00000000
          85000	         7	8000000c	00628263	beq	x5,x6,80000010	  x5:0x00000000  x6:0x00000000
          95000	         8	00000000	00000013	addi	x0,x0,0	  x0:0x00000000
         105000	         9	8000000c	00000013	addi	x0,x0,0	  x0:0x00000000
         115000	        10	80000010	00000117	auipc	x2,0x0	  x2=0x8000000c
         125000	        11	80000014	00c10113	addi	x2,x2,12	  x2:0x8000000c  x2=0x80000018
         135000	        12	80000018	00010067	jalr	x0,x2,0	  x2:0x80000018
         145000	        13	00000000	00000013	addi	x0,x0,0	  x0:0x00000000
         155000	        14	80000018	00000013	addi	x0,x0,0	  x0:0x00000000
         165000	        15	8000001c	40000db7	lui	x27,0x40000	 x27=0x40000000
         175000	        16	80000020	100d8d93	addi	x27,x27,256	 x27:0x40000000 x27=0x40000100
         185000	        17	80000024	00000013	addi	x0,x0,0	  x0:0x00000000
         195000	        18	80000028	0000a897	auipc	x17,0xa	 x17=0x8000a024
         205000	        19	8000002c	fa088893	addi	x17,x17,-96	 x17:0x8000a024 x17=0x80009fc4
         215000	        20	80000030	00004d97	auipc	x27,0x4	 x27=0x8000402c
         225000	        21	80000034	724d8d93	addi	x27,x27,1828	 x27:0x8000402c x27=0x80004750
         235000	        22	80000038	000ded93	ori	x27,x27,0	 x27:0x80004750 x27=0x80004750
         245000	        23	8000003c	00000013	addi	x0,x0,0	  x0:0x00000000
         255000	        24	80000040	00000d97	auipc	x27,0x0	 x27=0x8000003c
         265000	        25	80000044	020d8d93	addi	x27,x27,32	 x27:0x8000003c x27=0x8000005c
         275000	        26	80000048	00000013	addi	x0,x0,0	  x0:0x00000000
         285000	        27	8000004c	00000013	addi	x0,x0,0	  x0:0x00000000
         295000	        28	80000050	00002db7	lui	x27,0x2	 x27=0x00002000
         305000	        29	80000054	800d8d93	addi	x27,x27,-2048	 x27:0x00002000 x27=0x00001800
         315000	        30	80000058	00000013	addi	x0,x0,0	  x0:0x00000000
         325000	        31	8000005c	00000013	addi	x0,x0,0	  x0:0x00000000
         335000	        32	80000060	80000037	lui	x0,0x80000	
         345000	        33	80000064	00000013	addi	x0,x0,0	  x0:0x00000000
         355000	        34	80000068	af8c80b7	lui	x1,0xaf8c8	  x1=0xaf8c8000
         365000	        35	8000006c	a4c08093	addi	x1,x1,-1460	  x1:0xaf8c8000  x1=0xaf8c7a4c
         375000	        36	80000070	f36f2137	lui	x2,0xf36f2	  x2=0xf36f2000
         385000	        37	80000074	74010113	addi	x2,x2,1856	  x2:0xf36f2000  x2=0xf36f2740
         395000	        38	80000078	00300193	addi	x3,x0,3	  x0:0x00000000  x3=0x00000003
         405000	        39	8000007c	80000237	lui	x4,0x80000	  x4=0x80000000
         415000	        40	80000080	800002b7	lui	x5,0x80000	  x5=0x80000000
         425000	        41	80000084	00e00313	addi	x6,x0,14	  x0:0x00000000  x6=0x0000000e
         435000	        42	80000088	00c00393	addi	x7,x0,12	  x0:0x00000000  x7=0x0000000c
         445000	        43	8000008c	fc6d3437	lui	x8,0xfc6d3	  x8=0xfc6d3000
         455000	        44	80000090	b1640413	addi	x8,x8,-1258	  x8:0xfc6d3000  x8=0xfc6d2b16
         465000	        45	80000094	00300493	addi	x9,x0,3	  x0:0x00000000  x9=0x00000003
         475000	        46	80000098	2b4aa537	lui	x10,0x2b4aa	 x10=0x2b4aa000
         485000	        47	8000009c	bef50513	addi	x10,x10,-1041	 x10:0x2b4aa000 x10=0x2b4a9bef
         495000	        48	800000a0	800005b7	lui	x11,0x80000	 x11=0x80000000
         505000	        49	800000a4	00000613	addi	x12,x0,0	  x0:0x00000000 x12=0x00000000
         515000	        50	800000a8	ffd536b7	lui	x13,0xffd53	 x13=0xffd53000
         525000	        51	800000ac	0a468693	addi	x13,x13,164	 x13:0xffd53000 x13=0xffd530a4
         535000	        52	800000b0	00d00713	addi	x14,x0,13	  x0:0x00000000 x14=0x0000000d
         545000	        53	800000b4	00000793	addi	x15,x0,0	  x0:0x00000000 x15=0x00000000
         555000	        54	800000b8	80000837	lui	x16,0x80000	 x16=0x80000000
         565000	        55	800000bc	80000937	lui	x18,0x80000	 x18=0x80000000
         575000	        56	800000c0	00000993	addi	x19,x0,0	  x0:0x00000000 x19=0x00000000
         585000	        57	800000c4	00000a13	addi	x20,x0,0	  x0:0x00000000 x20=0x00000000
         595000	        58	800000c8	00000a93	addi	x21,x0,0	  x0:0x00000000 x21=0x00000000
         605000	        59	800000cc	00000b13	addi	x22,x0,0	  x0:0x00000000 x22=0x00000000
         615000	        60	800000d0	80000bb7	lui	x23,0x80000	 x23=0x80000000
         625000	        61	800000d4	95390c37	lui	x24,0x95390	 x24=0x95390000
         635000	        62	800000d8	f6bc0c13	addi	x24,x24,-149	 x24:0x95390000 x24=0x9538ff6b
         645000	        63	800000dc	febc7cb7	lui	x25,0xfebc7	 x25=0xfebc7000
         655000	        64	800000e0	54cc8c93	addi	x25,x25,1356	 x25:0xfebc7000 x25=0xfebc754c
         665000	        65	800000e4	f124ad37	lui	x26,0xf124a	 x26=0xf124a000
         675000	        66	800000e8	266d0d13	addi	x26,x26,614	 x26:0xf124a000 x26=0xf124a266
         685000	        67	800000ec	00a00d93	addi	x27,x0,10	  x0:0x00000000 x27=0x0000000a
         695000	        68	800000f0	ffd91e37	lui	x28,0xffd91	 x28=0xffd91000
         705000	        69	800000f4	8b4e0e13	addi	x28,x28,-1868	 x28:0xffd91000 x28=0xffd908b4
         715000	        70	800000f8	00000f13	addi	x30,x0,0	  x0:0x00000000 x30=0x00000000
         725000	        71	800000fc	00400f93	addi	x31,x0,4	  x0:0x00000000 x31=0x00000004
         735000	        72	80000100	0000ae97	auipc	x29,0xa	 x29=0x8000a0fc
         745000	        73	80000104	e88e8e93	addi	x29,x29,-376	 x29:0x8000a0fc x29=0x80009f84
         755000	        74	80000108	028000ef	jal	x1,80000108	  x1=0x80000108
         765000	        75	00000000	00000013	addi	x0,x0,0	  x0:0x00000000
         775000	        76	8000012c	00000013	addi	x0,x0,0	  x0:0x00000000
         785000	        77	80000130	01c000ef	jal	x1,80000130	  x1=0x80000130
         795000	        78	00000000	00000013	addi	x0,x0,0	  x0:0x00000000
         805000	        79	80000148	00000013	addi	x0,x0,0	  x0:0x00000000
         815000	        80	8000014c	0080036f	jal	x6,8000014c	  x6=0x8000014c
         825000	        81	00000000	00000013	addi	x0,x0,0	  x0:0x00000000
         835000	        82	80000150	00000013	addi	x0,x0,0	  x0:0x00000000
         845000	        83	80000154	ff1ff36f	jal	x6,80000154	  x6=0x80000154
         855000	        84	00000000	00000013	addi	x0,x0,0	  x0:0x00000000
         865000	        85	80000140	00000013	addi	x0,x0,0	  x0:0x00000000
         875000	        86	80000144	014000ef	jal	x1,80000144	  x1=0x80000144
         885000	        87	00000000	00000013	addi	x0,x0,0	  x0:0x00000000
         895000	        88	80000154	00000013	addi	x0,x0,0	  x0:0x00000000
         905000	        89	80000158	fb5ff0ef	jal	x1,80000158	  x1=0x80000158
         915000	        90	00000000	00000013	addi	x0,x0,0	  x0:0x00000000
         925000	        91	80000108	00000013	addi	x0,x0,0	  x0:0x00000000
         935000	        92	8000010c	00400a6f	jal	x20,8000010c	 x20=0x8000010c
         945000	        93	00000000	00000013	addi	x0,x0,0	  x0:0x00000000
         955000	        94	8000010c	00000013	addi	x0,x0,0	  x0:0x00000000
         965000	        95	80000110	01400c6f	jal	x24,80000110	 x24=0x80000110
         975000	        96	00000000	00000013	addi	x0,x0,0	  x0:0x00000000
         985000	        97	80000120	00000013	addi	x0,x0,0	  x0:0x00000000
         995000	        98	80000124	024000ef	jal	x1,80000124	  x1=0x80000124
        1005000	        99	00000000	00000013	addi	x0,x0,0	  x0:0x00000000
        1015000	       100	80000144	00000013	addi	x0,x0,0	  x0:0x00000000
        1025000	       101	80000148	ff1ffaef	jal	x21,80000148	 x21=0x80000148
        1035000	       102	00000000	00000013	addi	x0,x0,0	  x0:0x00000000
        1045000	       103	80000134	00000013	addi	x0,x0,0	  x0:0x00000000
        1055000	       104	80000138	ff1ff0ef	jal	x1,80000138	  x1=0x80000138
        1065000	       105	00000000	00000013	addi	x0,x0,0	  x0:0x00000000
        1075000	       106	80000124	00000013	addi	x0,x0,0	  x0:0x00000000
        1085000	       107	80000128	ff5ff76f	jal	x14,80000128	 x14=0x80000128
        1095000	       108	00000000	00000013	addi	x0,x0,0	  x0:0x00000000
        1105000	       109	80000118	00000013	addi	x0,x0,0	  x0:0x00000000
        1115000	       110	8000011c	034000ef	jal	x1,8000011c	  x1=0x8000011c
        1125000	       111	00000000	00000013	addi	x0,x0,0	  x0:0x00000000
        1135000	       112	8000014c	00000013	addi	x0,x0,0	  x0:0x00000000
        1145000	       113	80000150	00c0036f	jal	x6,80000150	  x6=0x80000150
        1155000	       114	00000000	00000013	addi	x0,x0,0	  x0:0x00000000
        1165000	       115	80000158	00000013	addi	x0,x0,0	  x0:0x00000000
        1175000	       116	8000015c	fd1ff36f	jal	x6,8000015c	  x6=0x8000015c
        1185000	       117	00000000	00000013	addi	x0,x0,0	  x0:0x00000000
        1195000	       118	80000128	00000013	addi	x0,x0,0	  x0:0x00000000
        1205000	       119	8000012c	fedff0ef	jal	x1,8000012c	  x1=0x8000012c
        1215000	       120	00000000	00000013	addi	x0,x0,0	  x0:0x00000000
        1225000	       121	80000114	00000013	addi	x0,x0,0	  x0:0x00000000
        1235000	       122	80000118	02400f6f	jal	x30,80000118	 x30=0x80000118
        1245000	       123	00000000	00000013	addi	x0,x0,0	  x0:0x00000000
        1255000	       124	80000138	00000013	addi	x0,x0,0	  x0:0x00000000
        1265000	       125	8000013c	fe5ff0ef	jal	x1,8000013c	  x1=0x8000013c
        1275000	       126	00000000	00000013	addi	x0,x0,0	  x0:0x00000000
        1285000	       127	8000011c	00000013	addi	x0,x0,0	  x0:0x00000000
        1295000	       128	80000120	01400d6f	jal	x26,80000120	 x26=0x80000120
        1305000	       129	00000000	00000013	addi	x0,x0,0	  x0:0x00000000
        1315000	       130	80000130	00000013	addi	x0,x0,0	  x0:0x00000000
        1325000	       131	80000134	fe1ff1ef	jal	x3,80000134	  x3=0x80000134
        1335000	       132	00000000	00000013	addi	x0,x0,0	  x0:0x00000000
        1345000	       133	80000110	00000013	addi	x0,x0,0	  x0:0x00000000
        1355000	       134	80000114	02c000ef	jal	x1,80000114	  x1=0x80000114
        1365000	       135	00000000	00000013	addi	x0,x0,0	  x0:0x00000000
        1375000	       136	8000013c	00000013	addi	x0,x0,0	  x0:0x00000000
        1385000	       137	80000140	0200036f	jal	x6,80000140	  x6=0x80000140
        1395000	       138	00000000	00000013	addi	x0,x0,0	  x0:0x00000000
        1405000	       139	8000015c	00000013	addi	x0,x0,0	  x0:0x00000000
        1415000	       140	80000160	017819b3	sll	x19,x16,x23	 x16:0x80000000 x23:0x80000000 x19=0x80000000
        1425000	       141	80000164	024000ef	jal	x1,80000164	  x1=0x80000164
        1435000	       142	00000000	00000013	addi	x0,x0,0	  x0:0x00000000
        1445000	       143	80000184	00000013	addi	x0,x0,0	  x0:0x00000000
        1455000	       144	80000188	ff9ff36f	jal	x6,80000188	  x6=0x80000188
        1465000	       145	00000000	00000013	addi	x0,x0,0	  x0:0x00000000
        1475000	       146	8000017c	00000013	addi	x0,x0,0	  x0:0x00000000
        1485000	       147	80000180	fedff36f	jal	x6,80000180	  x6=0x80000180
        1495000	       148	00000000	00000013	addi	x0,x0,0	  x0:0x00000000
        1505000	       149	80000168	00000013	addi	x0,x0,0	  x0:0x00000000
        1515000	       150	8000016c	ffdff0ef	jal	x1,8000016c	  x1=0x8000016c
        1525000	       151	00000000	00000013	addi	x0,x0,0	  x0:0x00000000
        1535000	       152	80000164	00000013	addi	x0,x0,0	  x0:0x00000000
        1545000	       153	80000168	030002ef	jal	x5,80000168	  x5=0x80000168
        1555000	       154	00000000	00000013	addi	x0,x0,0	  x0:0x00000000
        1565000	       155	80000194	00000013	addi	x0,x0,0	  x0:0x00000000
        1575000	       156	80000198	ff9ff0ef	jal	x1,80000198	  x1=0x80000198
        1585000	       157	00000000	00000013	addi	x0,x0,0	  x0:0x00000000
        1595000	       158	8000018c	00000013	addi	x0,x0,0	  x0:0x00000000
        1605000	       159	80000190	ff5ff0ef	jal	x1,80000190	  x1=0x80000190
        1615000	       160	00000000	00000013	addi	x0,x0,0	  x0:0x00000000
        1625000	       161	80000180	00000013	addi	x0,x0,0	  x0:0x00000000
        1635000	       162	80000184	fedff0ef	jal	x1,80000184	  x1=0x80000184
        1645000	       163	00000000	00000013	addi	x0,x0,0	  x0:0x00000000
        1655000	       164	8000016c	00000013	addi	x0,x0,0	  x0:0x00000000
        1665000	       165	80000170	00c000ef	jal	x1,80000170	  x1=0x80000170
        1675000	       166	00000000	00000013	addi	x0,x0,0	  x0:0x00000000
        1685000	       167	80000178	00000013	addi	x0,x0,0	  x0:0x00000000
        1695000	       168	8000017c	ff9ff36f	jal	x6,8000017c	  x6=0x8000017c
        1705000	       169	00000000	00000013	addi	x0,x0,0	  x0:0x00000000
        1715000	       170	80000170	00000013	addi	x0,x0,0	  x0:0x00000000
        1725000	       171	80000174	004000ef	jal	x1,80000174	  x1=0x80000174
        1735000	       172	00000000	00000013	addi	x0,x0,0	  x0:0x00000000
        1745000	       173	80000174	00000013	addi	x0,x0,0	  x0:0x00000000
        1755000	       174	80000178	01c0036f	jal	x6,80000178	  x6=0x80000178
        1765000	       175	00000000	00000013	addi	x0,x0,0	  x0:0x00000000
        1775000	       176	80000190	00000013	addi	x0,x0,0	  x0:0x00000000
        1785000	       177	80000194	ff9ff0ef	jal	x1,80000194	  x1=0x80000194
        1795000	       178	00000000	00000013	addi	x0,x0,0	  x0:0x00000000
        1805000	       179	80000188	00000013	addi	x0,x0,0	  x0:0x00000000
        1815000	       180	8000018c	0100036f	jal	x6,8000018c	  x6=0x8000018c
        1825000	       181	00000000	00000013	addi	x0,x0,0	  x0:0x00000000
        1835000	       182	80000198	00000013	addi	x0,x0,0	  x0:0x00000000
        1845000	       183	8000019c	407ad993	srai	x19,x21,0x7	 x21:0x80000148 x19=0xff000002
        1855000	       184	800001a0	024000ef	jal	x1,800001a0	  x1=0x800001a0
        1865000	       185	00000000	00000013	addi	x0,x0,0	  x0:0x00000000
        1875000	       186	800001c0	00000013	addi	x0,x0,0	  x0:0x00000000
        1885000	       187	800001c4	024000ef	jal	x1,800001c4	  x1=0x800001c4
        1895000	       188	00000000	00000013	addi	x0,x0,0	  x0:0x00000000
        1905000	       189	800001e4	00000013	addi	x0,x0,0	  x0:0x00000000
        1915000	       190	800001e8	fedffaef	jal	x21,800001e8	 x21=0x800001e8
        1925000	       191	00000000	00000013	addi	x0,x0,0	  x0:0x00000000
        1935000	       192	800001d0	00000013	addi	x0,x0,0	  x0:0x00000000
        1945000	       193	800001d4	0280036f	jal	x6,800001d4	  x6=0x800001d4
        1955000	       194	00000000	00000013	addi	x0,x0,0	  x0:0x00000000
        1965000	       195	800001f8	00000013	addi	x0,x0,0	  x0:0x00000000
        1975000	       196	800001fc	ffdff0ef	jal	x1,800001fc	  x1=0x800001fc
        1985000	       197	00000000	00000013	addi	x0,x0,0	  x0:0x00000000
        1995000	       198	800001f4	00000013	addi	x0,x0,0	  x0:0x00000000
        2005000	       199	800001f8	fc9ff6ef	jal	x13,800001f8	 x13=0x800001f8
        2015000	       200	00000000	00000013	addi	x0,x0,0	  x0:0x00000000
        2025000	       201	800001bc	00000013	addi	x0,x0,0	  x0:0x00000000
        2035000	       202	800001c0	02c0036f	jal	x6,800001c0	  x6=0x800001c0
        2045000	       203	00000000	00000013	addi	x0,x0,0	  x0:0x00000000
        2055000	       204	800001e8	00000013	addi	x0,x0,0	  x0:0x00000000
        2065000	       205	800001ec	fb9ff36f	jal	x6,800001ec	  x6=0x800001ec
        2075000	       206	00000000	00000013	addi	x0,x0,0	  x0:0x00000000
        2085000	       207	800001a0	00000013	addi	x0,x0,0	  x0:0x00000000
        2095000	       208	800001a4	040001ef	jal	x3,800001a4	  x3=0x800001a4
        2105000	       209	00000000	00000013	addi	x0,x0,0	  x0:0x00000000
        2115000	       210	800001e0	00000013	addi	x0,x0,0	  x0:0x00000000
        2125000	       211	800001e4	fe5ff6ef	jal	x13,800001e4	 x13=0x800001e4
        2135000	       212	00000000	00000013	addi	x0,x0,0	  x0:0x00000000
        2145000	       213	800001c4	00000013	addi	x0,x0,0	  x0:0x00000000
        2155000	       214	800001c8	0040036f	jal	x6,800001c8	  x6=0x800001c8
        2165000	       215	00000000	00000013	addi	x0,x0,0	  x0:0x00000000
        2175000	       216	800001c8	00000013	addi	x0,x0,0	  x0:0x00000000
        2185000	       217	800001cc	0140036f	jal	x6,800001cc	  x6=0x800001cc
        2195000	       218	00000000	00000013	addi	x0,x0,0	  x0:0x00000000
        2205000	       219	800001dc	00000013	addi	x0,x0,0	  x0:0x00000000
        2215000	       220	800001e0	ff9ff0ef	jal	x1,800001e0	  x1=0x800001e0
        2225000	       221	00000000	00000013	addi	x0,x0,0	  x0:0x00000000
        2235000	       222	800001d4	00000013	addi	x0,x0,0	  x0:0x00000000
        2245000	       223	800001d8	fd9ff36f	jal	x6,800001d8	  x6=0x800001d8
        2255000	       224	00000000	00000013	addi	x0,x0,0	  x0:0x00000000
        2265000	       225	800001ac	00000013	addi	x0,x0,0	  x0:0x00000000
        2275000	       226	800001b0	02c000ef	jal	x1,800001b0	  x1=0x800001b0
        2285000	       227	00000000	00000013	addi	x0,x0,0	  x0:0x00000000
        2295000	       228	800001d8	00000013	addi	x0,x0,0	  x0:0x00000000
        2305000	       229	800001dc	ff5ff2ef	jal	x5,800001dc	  x5=0x800001dc
        2315000	       230	00000000	00000013	addi	x0,x0,0	  x0:0x00000000
        2325000	       231	800001cc	00000013	addi	x0,x0,0	  x0:0x00000000
        2335000	       232	800001d0	fddff0ef	jal	x1,800001d0	  x1=0x800001d0
        2345000	       233	00000000	00000013	addi	x0,x0,0	  x0:0x00000000
        2355000	       234	800001a8	00000013	addi	x0,x0,0	  x0:0x00000000
        2365000	       235	800001ac	010007ef	jal	x15,800001ac	 x15=0x800001ac
        2375000	       236	00000000	00000013	addi	x0,x0,0	  x0:0x00000000
        2385000	       237	800001b8	00000013	addi	x0,x0,0	  x0:0x00000000
        2395000	       238	800001bc	ff9ff0ef	jal	x1,800001bc	  x1=0x800001bc
        2405000	       239	00000000	00000013	addi	x0,x0,0	  x0:0x00000000
        2415000	       240	800001b0	00000013	addi	x0,x0,0	  x0:0x00000000
        2425000	       241	800001b4	0040036f	jal	x6,800001b4	  x6=0x800001b4
        2435000	       242	00000000	00000013	addi	x0,x0,0	  x0:0x00000000
        2445000	       243	800001b4	00000013	addi	x0,x0,0	  x0:0x00000000
        2455000	       244	800001b8	ff1ff9ef	jal	x19,800001b8	 x19=0x800001b8
        2465000	       245	00000000	00000013	addi	x0,x0,0	  x0:0x00000000
        2475000	       246	800001a4	00000013	addi	x0,x0,0	  x0:0x00000000
        2485000	       247	800001a8	0480096f	jal	x18,800001a8	 x18=0x800001a8
        2495000	       248	00000000	00000013	addi	x0,x0,0	  x0:0x00000000
        2505000	       249	800001ec	00000013	addi	x0,x0,0	  x0:0x00000000
        2515000	       250	800001f0	00400def	jal	x27,800001f0	 x27=0x800001f0
        2525000	       251	00000000	00000013	addi	x0,x0,0	  x0:0x00000000
        2535000	       252	800001f0	00000013	addi	x0,x0,0	  x0:0x00000000
        2545000	       253	800001f4	00c002ef	jal	x5,800001f4	  x5=0x800001f4
        2555000	       254	00000000	00000013	addi	x0,x0,0	  x0:0x00000000
        2565000	       255	800001fc	00000013	addi	x0,x0,0	  x0:0x00000000
        2575000	       256	80000200	5b91b413	sltiu	x8,x3,1465	  x3:0x800001a4  x8=0x00000000
        2585000	       257	80000204	06c000ef	jal	x1,80000204	  x1=0x80000204
        2595000	       258	00000000	00000013	addi	x0,x0,0	  x0:0x00000000
        2605000	       259	8000026c	00000013	addi	x0,x0,0	  x0:0x00000000
        2615000	       260	80000270	fc1ff36f	jal	x6,80000270	  x6=0x80000270
        2625000	       261	00000000	00000013	addi	x0,x0,0	  x0:0x00000000
        2635000	       262	8000022c	00000013	addi	x0,x0,0	  x0:0x00000000
        2645000	       263	80000230	fe9ffb6f	jal	x22,80000230	 x22=0x80000230
        2655000	       264	00000000	00000013	addi	x0,x0,0	  x0:0x00000000
        2665000	       265	80000214	00000013	addi	x0,x0,0	  x0:0x00000000
        2675000	       266	80000218	008000ef	jal	x1,80000218	  x1=0x80000218
        2685000	       267	00000000	00000013	addi	x0,x0,0	  x0:0x00000000
        2695000	       268	8000021c	00000013	addi	x0,x0,0	  x0:0x00000000
        2705000	       269	80000220	02c0026f	jal	x4,80000220	  x4=0x80000220
        2715000	       270	00000000	00000013	addi	x0,x0,0	  x0:0x00000000
        2725000	       271	80000248	00000013	addi	x0,x0,0	  x0:0x00000000
        2735000	       272	8000024c	fd1ff0ef	jal	x1,8000024c	  x1=0x8000024c
        2745000	       273	00000000	00000013	addi	x0,x0,0	  x0:0x00000000
        2755000	       274	80000218	00000013	addi	x0,x0,0	  x0:0x00000000
        2765000	       275	8000021c	0200036f	jal	x6,8000021c	  x6=0x8000021c
        2775000	       276	00000000	00000013	addi	x0,x0,0	  x0:0x00000000
        2785000	       277	80000238	00000013	addi	x0,x0,0	  x0:0x00000000
        2795000	       278	8000023c	fcdff2ef	jal	x5,8000023c	  x5=0x8000023c
        2805000	       279	00000000	00000013	addi	x0,x0,0	  x0:0x00000000
        2815000	       280	80000204	00000013	addi	x0,x0,0	  x0:0x00000000
        2825000	       281	80000208	0080036f	jal	x6,80000208	  x6=0x80000208
        2835000	       282	00000000	00000013	addi	x0,x0,0	  x0:0x00000000
        2845000	       283	8000020c	00000013	addi	x0,x0,0	  x0:0x00000000
        2855000	       284	80000210	04c000ef	jal	x1,80000210	  x1=0x80000210
        2865000	       285	00000000	00000013	addi	x0,x0,0	  x0:0x00000000
        2875000	       286	80000258	00000013	addi	x0,x0,0	  x0:0x00000000
        2885000	       287	8000025c	fedff0ef	jal	x1,8000025c	  x1=0x8000025c
        2895000	       288	00000000	00000013	addi	x0,x0,0	  x0:0x00000000
        2905000	       289	80000244	00000013	addi	x0,x0,0	  x0:0x00000000
        2915000	       290	80000248	ffdff0ef	jal	x1,80000248	  x1=0x80000248
        2925000	       291	00000000	00000013	addi	x0,x0,0	  x0:0x00000000
        2935000	       292	80000240	00000013	addi	x0,x0,0	  x0:0x00000000
        2945000	       293	80000244	fe1ff36f	jal	x6,80000244	  x6=0x80000244
        2955000	       294	00000000	00000013	addi	x0,x0,0	  x0:0x00000000
        2965000	       295	80000220	00000013	addi	x0,x0,0	  x0:0x00000000
        2975000	       296	80000224	0440036f	jal	x6,80000224	  x6=0x80000224
        2985000	       297	00000000	00000013	addi	x0,x0,0	  x0:0x00000000
        2995000	       298	80000264	00000013	addi	x0,x0,0	  x0:0x00000000
        3005000	       299	80000268	ffdff0ef	jal	x1,80000268	  x1=0x80000268
        3015000	       300	00000000	00000013	addi	x0,x0,0	  x0:0x00000000
        3025000	       301	80000260	00000013	addi	x0,x0,0	  x0:0x00000000
        3035000	       302	80000264	fedff0ef	jal	x1,80000264	  x1=0x80000264
        3045000	       303	00000000	00000013	addi	x0,x0,0	  x0:0x00000000
        3055000	       304	8000024c	00000013	addi	x0,x0,0	  x0:0x00000000
        3065000	       305	80000250	fbdff0ef	jal	x1,80000250	  x1=0x80000250
        3075000	       306	00000000	00000013	addi	x0,x0,0	  x0:0x00000000
        3085000	       307	80000208	00000013	addi	x0,x0,0	  x0:0x00000000
        3095000	       308	8000020c	060000ef	jal	x1,8000020c	  x1=0x8000020c
        3105000	       309	00000000	00000013	addi	x0,x0,0	  x0:0x00000000
        3115000	       310	80000268	00000013	addi	x0,x0,0	  x0:0x00000000
        3125000	       311	8000026c	fc9ff0ef	jal	x1,8000026c	  x1=0x8000026c
        3135000	       312	00000000	00000013	addi	x0,x0,0	  x0:0x00000000
        3145000	       313	80000230	00000013	addi	x0,x0,0	  x0:0x00000000
        3155000	       314	80000234	ff9ff0ef	jal	x1,80000234	  x1=0x80000234
        3165000	       315	00000000	00000013	addi	x0,x0,0	  x0:0x00000000
        3175000	       316	80000228	00000013	addi	x0,x0,0	  x0:0x00000000
        3185000	       317	8000022c	034000ef	jal	x1,8000022c	  x1=0x8000022c
        3195000	       318	00000000	00000013	addi	x0,x0,0	  x0:0x00000000
        3205000	       319	8000025c	00000013	addi	x0,x0,0	  x0:0x00000000
        3215000	       320	80000260	fd9ff26f	jal	x4,80000260	  x4=0x80000260
        3225000	       321	00000000	00000013	addi	x0,x0,0	  x0:0x00000000
        3235000	       322	80000234	00000013	addi	x0,x0,0	  x0:0x00000000
        3245000	       323	80000238	fddff36f	jal	x6,80000238	  x6=0x80000238
        3255000	       324	00000000	00000013	addi	x0,x0,0	  x0:0x00000000
        3265000	       325	80000210	00000013	addi	x0,x0,0	  x0:0x00000000
        3275000	       326	80000214	0440036f	jal	x6,80000214	  x6=0x80000214
        3285000	       327	00000000	00000013	addi	x0,x0,0	  x0:0x00000000
        3295000	       328	80000254	00000013	addi	x0,x0,0	  x0:0x00000000
        3305000	       329	80000258	fd1ff0ef	jal	x1,80000258	  x1=0x80000258
        3315000	       330	00000000	00000013	addi	x0,x0,0	  x0:0x00000000
        3325000	       331	80000224	00000013	addi	x0,x0,0	  x0:0x00000000
        3335000	       332	80000228	02c0026f	jal	x4,80000228	  x4=0x80000228
        3345000	       333	00000000	00000013	addi	x0,x0,0	  x0:0x00000000
        3355000	       334	80000250	00000013	addi	x0,x0,0	  x0:0x00000000
        3365000	       335	80000254	fedff1ef	jal	x3,80000254	  x3=0x80000254
        3375000	       336	00000000	00000013	addi	x0,x0,0	  x0:0x00000000
        3385000	       337	8000023c	00000013	addi	x0,x0,0	  x0:0x00000000
        3395000	       338	80000240	0340036f	jal	x6,80000240	  x6=0x80000240
        3405000	       339	00000000	00000013	addi	x0,x0,0	  x0:0x00000000
        3415000	       340	80000270	00000013	addi	x0,x0,0	  x0:0x00000000
        3425000	       341	80000274	ec530813	addi	x16,x6,-315	  x6:0x80000240 x16=0x80000105
        3435000	       342	80000278	028000ef	jal	x1,80000278	  x1=0x80000278
        3445000	       343	00000000	00000013	addi	x0,x0,0	  x0:0x00000000
        3455000	       344	8000029c	00000013	addi	x0,x0,0	  x0:0x00000000
        3465000	       345	800002a0	fe5ff6ef	jal	x13,800002a0	 x13=0x800002a0
        3475000	       346	00000000	00000013	addi	x0,x0,0	  x0:0x00000000
        3485000	       347	80000280	00000013	addi	x0,x0,0	  x0:0x00000000
        3495000	       348	80000284	024000ef	jal	x1,80000284	  x1=0x80000284
        3505000	       349	00000000	00000013	addi	x0,x0,0	  x0:0x00000000
        3515000	       350	800002a4	00000013	addi	x0,x0,0	  x0:0x00000000
        3525000	       351	800002a8	fe1fff6f	jal	x30,800002a8	 x30=0x800002a8
        3535000	       352	00000000	00000013	addi	x0,x0,0	  x0:0x00000000
        3545000	       353	80000284	00000013	addi	x0,x0,0	  x0:0x00000000
        3555000	       354	80000288	00c000ef	jal	x1,80000288	  x1=0x80000288
        3565000	       355	00000000	00000013	addi	x0,x0,0	  x0:0x00000000
        3575000	       356	80000290	00000013	addi	x0,x0,0	  x0:0x00000000
        3585000	       357	80000294	018000ef	jal	x1,80000294	  x1=0x80000294
        3595000	       358	00000000	00000013	addi	x0,x0,0	  x0:0x00000000
        3605000	       359	800002a8	00000013	addi	x0,x0,0	  x0:0x00000000
        3615000	       360	800002ac	fd1ff0ef	jal	x1,800002ac	  x1=0x800002ac
        3625000	       361	00000000	00000013	addi	x0,x0,0	  x0:0x00000000
        3635000	       362	80000278	00000013	addi	x0,x0,0	  x0:0x00000000
        3645000	       363	8000027c	010000ef	jal	x1,8000027c	  x1=0x8000027c
        3655000	       364	00000000	00000013	addi	x0,x0,0	  x0:0x00000000
        3665000	       365	80000288	00000013	addi	x0,x0,0	  x0:0x00000000
        3675000	       366	8000028c	018000ef	jal	x1,8000028c	  x1=0x8000028c
        3685000	       367	00000000	00000013	addi	x0,x0,0	  x0:0x00000000
        3695000	       368	800002a0	00000013	addi	x0,x0,0	  x0:0x00000000
        3705000	       369	800002a4	ff5ff0ef	jal	x1,800002a4	  x1=0x800002a4
        3715000	       370	00000000	00000013	addi	x0,x0,0	  x0:0x00000000
        3725000	       371	80000294	00000013	addi	x0,x0,0	  x0:0x00000000
        3735000	       372	80000298	0040046f	jal	x8,80000298	  x8=0x80000298
        3745000	       373	00000000	00000013	addi	x0,x0,0	  x0:0x00000000
        3755000	       374	80000298	00000013	addi	x0,x0,0	  x0:0x00000000
        3765000	       375	8000029c	ff5ff0ef	jal	x1,8000029c	  x1=0x8000029c
        3775000	       376	00000000	00000013	addi	x0,x0,0	  x0:0x00000000
        3785000	       377	8000028c	00000013	addi	x0,x0,0	  x0:0x00000000
        3795000	       378	80000290	ff1ff0ef	jal	x1,80000290	  x1=0x80000290
        3805000	       379	00000000	00000013	addi	x0,x0,0	  x0:0x00000000
        3815000	       380	8000027c	00000013	addi	x0,x0,0	  x0:0x00000000
        3825000	       381	80000280	030000ef	jal	x1,80000280	  x1=0x80000280
        3835000	       382	00000000	00000013	addi	x0,x0,0	  x0:0x00000000
        3845000	       383	800002ac	00000013	addi	x0,x0,0	  x0:0x00000000
        3855000	       384	800002b0	e44eec93	ori	x25,x29,-444	 x29:0x80009f84 x25=0xffffffc4
        3865000	       385	800002b4	064000ef	jal	x1,800002b4	  x1=0x800002b4
        3875000	       386	00000000	00000013	addi	x0,x0,0	  x0:0x00000000
        3885000	       387	80000314	00000013	addi	x0,x0,0	  x0:0x00000000
        3895000	       388	80000318	fe1ff0ef	jal	x1,80000318	  x1=0x80000318
        3905000	       389	00000000	00000013	addi	x0,x0,0	  x0:0x00000000
        3915000	       390	800002f4	00000013	addi	x0,x0,0	  x0:0x00000000
        3925000	       391	800002f8	024000ef	jal	x1,800002f8	  x1=0x800002f8
        3935000	       392	00000000	00000013	addi	x0,x0,0	  x0:0x00000000
        3945000	       393	80000318	00000013	addi	x0,x0,0	  x0:0x00000000
        3955000	       394	8000031c	fc1ff76f	jal	x14,8000031c	 x14=0x8000031c
        3965000	       395	00000000	00000013	addi	x0,x0,0	  x0:0x00000000
        3975000	       396	800002d8	00000013	addi	x0,x0,0	  x0:0x00000000
        3985000	       397	800002dc	008000ef	jal	x1,800002dc	  x1=0x800002dc
        3995000	       398	00000000	00000013	addi	x0,x0,0	  x0:0x00000000
        4005000	       399	800002e0	00000013	addi	x0,x0,0	  x0:0x00000000
        4015000	       400	800002e4	01c0036f	jal	x6,800002e4	  x6=0x800002e4
        4025000	       401	00000000	00000013	addi	x0,x0,0	  x0:0x00000000
        4035000	       402	800002fc	00000013	addi	x0,x0,0	  x0:0x00000000
        4045000	       403	80000300	fb9ff0ef	jal	x1,80000300	  x1=0x80000300
        4055000	       404	00000000	00000013	addi	x0,x0,0	  x0:0x00000000
        4065000	       405	800002b4	00000013	addi	x0,x0,0	  x0:0x00000000
        4075000	       406	800002b8	04c000ef	jal	x1,800002b8	  x1=0x800002b8
        4085000	       407	00000000	00000013	addi	x0,x0,0	  x0:0x00000000
        4095000	       408	80000300	00000013	addi	x0,x0,0	  x0:0x00000000
        4105000	       409	80000304	02800aef	jal	x21,80000304	 x21=0x80000304
        4115000	       410	00000000	00000013	addi	x0,x0,0	  x0:0x00000000
        4125000	       411	80000328	00000013	addi	x0,x0,0	  x0:0x00000000
        4135000	       412	8000032c	fb5ff56f	jal	x10,8000032c	 x10=0x8000032c
        4145000	       413	00000000	00000013	addi	x0,x0,0	  x0:0x00000000
        4155000	       414	800002dc	00000013	addi	x0,x0,0	  x0:0x00000000
        4165000	       415	800002e0	010000ef	jal	x1,800002e0	  x1=0x800002e0
        4175000	       416	00000000	00000013	addi	x0,x0,0	  x0:0x00000000
        4185000	       417	800002ec	00000013	addi	x0,x0,0	  x0:0x00000000
        4195000	       418	800002f0	fcdff0ef	jal	x1,800002f0	  x1=0x800002f0
        4205000	       419	00000000	00000013	addi	x0,x0,0	  x0:0x00000000
        4215000	       420	800002b8	00000013	addi	x0,x0,0	  x0:0x00000000
        4225000	       421	800002bc	014001ef	jal	x3,800002bc	  x3=0x800002bc
        4235000	       422	00000000	00000013	addi	x0,x0,0	  x0:0x00000000
        4245000	       423	800002cc	00000013	addi	x0,x0,0	  x0:0x00000000
        4255000	       424	800002d0	038000ef	jal	x1,800002d0	  x1=0x800002d0
        4265000	       425	00000000	00000013	addi	x0,x0,0	  x0:0x00000000
        4275000	       426	80000304	00000013	addi	x0,x0,0	  x0:0x00000000
        4285000	       427	80000308	020000ef	jal	x1,80000308	  x1=0x80000308
        4295000	       428	00000000	00000013	addi	x0,x0,0	  x0:0x00000000
        4305000	       429	80000324	00000013	addi	x0,x0,0	  x0:0x00000000
        4315000	       430	80000328	ff9ff46f	jal	x8,80000328	  x8=0x80000328
        4325000	       431	00000000	00000013	addi	x0,x0,0	  x0:0x00000000
        4335000	       432	8000031c	00000013	addi	x0,x0,0	  x0:0x00000000
        4345000	       433	80000320	fcdff0ef	jal	x1,80000320	  x1=0x80000320
        4355000	       434	00000000	00000013	addi	x0,x0,0	  x0:0x00000000
        4365000	       435	800002e8	00000013	addi	x0,x0,0	  x0:0x00000000
        4375000	       436	800002ec	ffdffcef	jal	x25,800002ec	 x25=0x800002ec
        4385000	       437	00000000	00000013	addi	x0,x0,0	  x0:0x00000000
        4395000	       438	800002e4	00000013	addi	x0,x0,0	  x0:0x00000000
        4405000	       439	800002e8	02c000ef	jal	x1,800002e8	  x1=0x800002e8
        4415000	       440	00000000	00000013	addi	x0,x0,0	  x0:0x00000000
        4425000	       441	80000310	00000013	addi	x0,x0,0	  x0:0x00000000
        4435000	       442	80000314	fc5ff0ef	jal	x1,80000314	  x1=0x80000314
        4445000	       443	00000000	00000013	addi	x0,x0,0	  x0:0x00000000
        4455000	       444	800002d4	00000013	addi	x0,x0,0	  x0:0x00000000
        4465000	       445	800002d8	01c0096f	jal	x18,800002d8	 x18=0x800002d8
        4475000	       446	00000000	00000013	addi	x0,x0,0	  x0:0x00000000
        4485000	       447	800002f0	00000013	addi	x0,x0,0	  x0:0x00000000
        4495000	       448	800002f4	0180036f	jal	x6,800002f4	  x6=0x800002f4
        4505000	       449	00000000	00000013	addi	x0,x0,0	  x0:0x00000000
        4515000	       450	80000308	00000013	addi	x0,x0,0	  x0:0x00000000
        4525000	       451	8000030c	fbdff0ef	jal	x1,8000030c	  x1=0x8000030c
        4535000	       452	00000000	00000013	addi	x0,x0,0	  x0:0x00000000
        4545000	       453	800002c4	00000013	addi	x0,x0,0	  x0:0x00000000
        4555000	       454	800002c8	00c0036f	jal	x6,800002c8	  x6=0x800002c8
        4565000	       455	00000000	00000013	addi	x0,x0,0	  x0:0x00000000
        4575000	       456	800002d0	00000013	addi	x0,x0,0	  x0:0x00000000
        4585000	       457	800002d4	028003ef	jal	x7,800002d4	  x7=0x800002d4
        4595000	       458	00000000	00000013	addi	x0,x0,0	  x0:0x00000000
        4605000	       459	800002f8	00000013	addi	x0,x0,0	  x0:0x00000000
        4615000	       460	800002fc	fd1ff26f	jal	x4,800002fc	  x4=0x800002fc
        4625000	       461	00000000	00000013	addi	x0,x0,0	  x0:0x00000000
        4635000	       462	800002c8	00000013	addi	x0,x0,0	  x0:0x00000000
        4645000	       463	800002cc	ff9fff6f	jal	x30,800002cc	 x30=0x800002cc
        4655000	       464	00000000	00000013	addi	x0,x0,0	  x0:0x00000000
        4665000	       465	800002c0	00000013	addi	x0,x0,0	  x0:0x00000000
        4675000	       466	800002c4	ffdff36f	jal	x6,800002c4	  x6=0x800002c4
        4685000	       467	00000000	00000013	addi	x0,x0,0	  x0:0x00000000
        4695000	       468	800002bc	00000013	addi	x0,x0,0	  x0:0x00000000
        4705000	       469	800002c0	064000ef	jal	x1,800002c0	  x1=0x800002c0
        4715000	       470	00000000	00000013	addi	x0,x0,0	  x0:0x00000000
        4725000	       471	80000320	00000013	addi	x0,x0,0	  x0:0x00000000
        4735000	       472	80000324	fedff36f	jal	x6,80000324	  x6=0x80000324
        4745000	       473	00000000	00000013	addi	x0,x0,0	  x0:0x00000000
        4755000	       474	8000030c	00000013	addi	x0,x0,0	  x0:0x00000000
        4765000	       475	80000310	0200036f	jal	x6,80000310	  x6=0x80000310
        4775000	       476	00000000	00000013	addi	x0,x0,0	  x0:0x00000000
        4785000	       477	8000032c	00000013	addi	x0,x0,0	  x0:0x00000000
        4795000	       478	80000330	a4b30193	addi	x3,x6,-1461	  x6:0x80000310  x3=0x7ffffd5b
        4805000	       479	80000334	060000ef	jal	x1,80000334	  x1=0x80000334
        4815000	       480	00000000	00000013	addi	x0,x0,0	  x0:0x00000000
        4825000	       481	80000390	00000013	addi	x0,x0,0	  x0:0x00000000
        4835000	       482	80000394	fe1ff0ef	jal	x1,80000394	  x1=0x80000394
        4845000	       483	00000000	00000013	addi	x0,x0,0	  x0:0x00000000
        4855000	       484	80000370	00000013	addi	x0,x0,0	  x0:0x00000000
        4865000	       485	80000374	fd1ff36f	jal	x6,80000374	  x6=0x80000374
        4875000	       486	00000000	00000013	addi	x0,x0,0	  x0:0x00000000
        4885000	       487	80000340	00000013	addi	x0,x0,0	  x0:0x00000000
        4895000	       488	80000344	06800e6f	jal	x28,80000344	 x28=0x80000344
        4905000	       489	00000000	00000013	addi	x0,x0,0	  x0:0x00000000
        4915000	       490	800003a8	00000013	addi	x0,x0,0	  x0:0x00000000
        4925000	       491	800003ac	fbdff0ef	jal	x1,800003ac	  x1=0x800003ac
        4935000	       492	00000000	00000013	addi	x0,x0,0	  x0:0x00000000
        4945000	       493	80000364	00000013	addi	x0,x0,0	  x0:0x00000000
        4955000	       494	80000368	038000ef	jal	x1,80000368	  x1=0x80000368
        4965000	       495	00000000	00000013	addi	x0,x0,0	  x0:0x00000000
        4975000	       496	8000039c	00000013	addi	x0,x0,0	  x0:0x00000000
        4985000	       497	800003a0	fd1ff96f	jal	x18,800003a0	 x18=0x800003a0
        4995000	       498	00000000	00000013	addi	x0,x0,0	  x0:0x00000000
        5005000	       499	8000036c	00000013	addi	x0,x0,0	  x0:0x00000000
        5015000	       500	80000370	fd1ff96f	jal	x18,80000370	 x18=0x80000370
        5025000	       501	00000000	00000013	addi	x0,x0,0	  x0:0x00000000
        5035000	       502	8000033c	00000013	addi	x0,x0,0	  x0:0x00000000
        5045000	       503	80000340	0140036f	jal	x6,80000340	  x6=0x80000340
        5055000	       504	00000000	00000013	addi	x0,x0,0	  x0:0x00000000
        5065000	       505	80000350	00000013	addi	x0,x0,0	  x0:0x00000000
        5075000	       506	80000354	044000ef	jal	x1,80000354	  x1=0x80000354
        5085000	       507	00000000	00000013	addi	x0,x0,0	  x0:0x00000000
        5095000	       508	80000394	00000013	addi	x0,x0,0	  x0:0x00000000
        5105000	       509	80000398	00c00c6f	jal	x24,80000398	 x24=0x80000398
        5115000	       510	00000000	00000013	addi	x0,x0,0	  x0:0x00000000
        5125000	       511	800003a0	00000013	addi	x0,x0,0	  x0:0x00000000
        5135000	       512	800003a4	fc1ff0ef	jal	x1,800003a4	  x1=0x800003a4
        5145000	       513	00000000	00000013	addi	x0,x0,0	  x0:0x00000000
        5155000	       514	80000360	00000013	addi	x0,x0,0	  x0:0x00000000
        5165000	       515	80000364	018000ef	jal	x1,80000364	  x1=0x80000364
        5175000	       516	00000000	00000013	addi	x0,x0,0	  x0:0x00000000
        5185000	       517	80000378	00000013	addi	x0,x0,0	  x0:0x00000000
        5195000	       518	8000037c	ff1ff0ef	jal	x1,8000037c	  x1=0x8000037c
        5205000	       519	00000000	00000013	addi	x0,x0,0	  x0:0x00000000
        5215000	       520	80000368	00000013	addi	x0,x0,0	  x0:0x00000000
        5225000	       521	8000036c	0200036f	jal	x6,8000036c	  x6=0x8000036c
        5235000	       522	00000000	00000013	addi	x0,x0,0	  x0:0x00000000
        5245000	       523	80000388	00000013	addi	x0,x0,0	  x0:0x00000000
        5255000	       524	8000038c	fbdff0ef	jal	x1,8000038c	  x1=0x8000038c
        5265000	       525	00000000	00000013	addi	x0,x0,0	  x0:0x00000000
        5275000	       526	80000344	00000013	addi	x0,x0,0	  x0:0x00000000
        5285000	       527	80000348	0100036f	jal	x6,80000348	  x6=0x80000348
        5295000	       528	00000000	00000013	addi	x0,x0,0	  x0:0x00000000
        5305000	       529	80000354	00000013	addi	x0,x0,0	  x0:0x00000000
        5315000	       530	80000358	020000ef	jal	x1,80000358	  x1=0x80000358
        5325000	       531	00000000	00000013	addi	x0,x0,0	  x0:0x00000000
        5335000	       532	80000374	00000013	addi	x0,x0,0	  x0:0x00000000
        5345000	       533	80000378	fd9ff0ef	jal	x1,80000378	  x1=0x80000378
        5355000	       534	00000000	00000013	addi	x0,x0,0	  x0:0x00000000
        5365000	       535	8000034c	00000013	addi	x0,x0,0	  x0:0x00000000
        5375000	       536	80000350	034000ef	jal	x1,80000350	  x1=0x80000350
        5385000	       537	00000000	00000013	addi	x0,x0,0	  x0:0x00000000
        5395000	       538	80000380	00000013	addi	x0,x0,0	  x0:0x00000000
        5405000	       539	80000384	ffdff7ef	jal	x15,80000384	 x15=0x80000384
        5415000	       540	00000000	00000013	addi	x0,x0,0	  x0:0x00000000
        5425000	       541	8000037c	00000013	addi	x0,x0,0	  x0:0x00000000
        5435000	       542	80000380	010000ef	jal	x1,80000380	  x1=0x80000380
        5445000	       543	00000000	00000013	addi	x0,x0,0	  x0:0x00000000
        5455000	       544	8000038c	00000013	addi	x0,x0,0	  x0:0x00000000
        5465000	       545	80000390	ff9ff26f	jal	x4,80000390	  x4=0x80000390
        5475000	       546	00000000	00000013	addi	x0,x0,0	  x0:0x00000000
        5485000	       547	80000384	00000013	addi	x0,x0,0	  x0:0x00000000
        5495000	       548	80000388	fc5ff36f	jal	x6,80000388	  x6=0x80000388
        5505000	       549	00000000	00000013	addi	x0,x0,0	  x0:0x00000000
        5515000	       550	80000348	00000013	addi	x0,x0,0	  x0:0x00000000
        5525000	       551	8000034c	014000ef	jal	x1,8000034c	  x1=0x8000034c
        5535000	       552	00000000	00000013	addi	x0,x0,0	  x0:0x00000000
        5545000	       553	8000035c	00000013	addi	x0,x0,0	  x0:0x00000000
        5555000	       554	80000360	fddff56f	jal	x10,80000360	 x10=0x80000360
        5565000	       555	00000000	00000013	addi	x0,x0,0	  x0:0x00000000
        5575000	       556	80000338	00000013	addi	x0,x0,0	  x0:0x00000000
        5585000	       557	8000033c	0200036f	jal	x6,8000033c	  x6=0x8000033c
        5595000	       558	00000000	00000013	addi	x0,x0,0	  x0:0x00000000
        5605000	       559	80000358	00000013	addi	x0,x0,0	  x0:0x00000000
        5615000	       560	8000035c	04000bef	jal	x23,8000035c	 x23=0x8000035c
        5625000	       561	00000000	00000013	addi	x0,x0,0	  x0:0x00000000
        5635000	       562	80000398	00000013	addi	x0,x0,0	  x0:0x00000000
        5645000	       563	8000039c	f9dff0ef	jal	x1,8000039c	  x1=0x8000039c
        5655000	       564	00000000	00000013	addi	x0,x0,0	  x0:0x00000000
        5665000	       565	80000334	00000013	addi	x0,x0,0	  x0:0x00000000
        5675000	       566	80000338	070000ef	jal	x1,80000338	  x1=0x80000338
        5685000	       567	00000000	00000013	addi	x0,x0,0	  x0:0x00000000
        5695000	       568	800003a4	00000013	addi	x0,x0,0	  x0:0x00000000
        5705000	       569	800003a8	008001ef	jal	x3,800003a8	  x3=0x800003a8
        5715000	       570	00000000	00000013	addi	x0,x0,0	  x0:0x00000000
        5725000	       571	800003ac	00000013	addi	x0,x0,0	  x0:0x00000000
        5735000	       572	800003b0	01191bb3	sll	x23,x18,x17	 x18:0x80000370 x17:0x80009fc4 x23=0x00003700
        5745000	       573	800003b4	010000ef	jal	x1,800003b4	  x1=0x800003b4
        5755000	       574	00000000	00000013	addi	x0,x0,0	  x0:0x00000000
        5765000	       575	800003c0	00000013	addi	x0,x0,0	  x0:0x00000000
        5775000	       576	800003c4	01c00bef	jal	x23,800003c4	 x23=0x800003c4
        5785000	       577	00000000	00000013	addi	x0,x0,0	  x0:0x00000000
        5795000	       578	800003dc	00000013	addi	x0,x0,0	  x0:0x00000000
        5805000	       579	800003e0	ff1ff0ef	jal	x1,800003e0	  x1=0x800003e0
        5815000	       580	00000000	00000013	addi	x0,x0,0	  x0:0x00000000
        5825000	       581	800003cc	00000013	addi	x0,x0,0	  x0:0x00000000
        5835000	       582	800003d0	fe9ff0ef	jal	x1,800003d0	  x1=0x800003d0
        5845000	       583	00000000	00000013	addi	x0,x0,0	  x0:0x00000000
        5855000	       584	800003b4	00000013	addi	x0,x0,0	  x0:0x00000000
        5865000	       585	800003b8	004001ef	jal	x3,800003b8	  x3=0x800003b8
        5875000	       586	00000000	00000013	addi	x0,x0,0	  x0:0x00000000
        5885000	       587	800003b8	00000013	addi	x0,x0,0	  x0:0x00000000
        5895000	       588	800003bc	004000ef	jal	x1,800003bc	  x1=0x800003bc
        5905000	       589	00000000	00000013	addi	x0,x0,0	  x0:0x00000000
        5915000	       590	800003bc	00000013	addi	x0,x0,0	  x0:0x00000000
        5925000	       591	800003c0	01c006ef	jal	x13,800003c0	 x13=0x800003c0
        5935000	       592	00000000	00000013	addi	x0,x0,0	  x0:0x00000000
        5945000	       593	800003d8	00000013	addi	x0,x0,0	  x0:0x00000000
        5955000	       594	800003dc	fedff0ef	jal	x1,800003dc	  x1=0x800003dc
        5965000	       595	00000000	00000013	addi	x0,x0,0	  x0:0x00000000
        5975000	       596	800003c4	00000013	addi	x0,x0,0	  x0:0x00000000
        5985000	       597	800003c8	01c000ef	jal	x1,800003c8	  x1=0x800003c8
        5995000	       598	00000000	00000013	addi	x0,x0,0	  x0:0x00000000
        6005000	       599	800003e0	00000013	addi	x0,x0,0	  x0:0x00000000
        6015000	       600	800003e4	fe9ff1ef	jal	x3,800003e4	  x3=0x800003e4
        6025000	       601	00000000	00000013	addi	x0,x0,0	  x0:0x00000000
        6035000	       602	800003c8	00000013	addi	x0,x0,0	  x0:0x00000000
        6045000	       603	800003cc	0080036f	jal	x6,800003cc	  x6=0x800003cc
        6055000	       604	00000000	00000013	addi	x0,x0,0	  x0:0x00000000
        6065000	       605	800003d0	00000013	addi	x0,x0,0	  x0:0x00000000
        6075000	       606	800003d4	0040036f	jal	x6,800003d4	  x6=0x800003d4
        6085000	       607	00000000	00000013	addi	x0,x0,0	  x0:0x00000000
        6095000	       608	800003d4	00000013	addi	x0,x0,0	  x0:0x00000000
        6105000	       609	800003d8	010000ef	jal	x1,800003d8	  x1=0x800003d8
        6115000	       610	00000000	00000013	addi	x0,x0,0	  x0:0x00000000
        6125000	       611	800003e4	00000013	addi	x0,x0,0	  x0:0x00000000
        6135000	       612	800003e8	36af7293	andi	x5,x30,874	 x30:0x800002cc  x5=0x00000248
        6145000	       613	800003ec	00e54833	xor	x16,x10,x14	 x10:0x80000360 x14:0x8000031c x16=0x0000007c
        6155000	       614	800003f0	005fcf33	xor	x30,x31,x5	 x31:0x00000004  x5:0x00000248 x30=0x0000024c
        6165000	       615	800003f4	011a1493	slli	x9,x20,0x11	 x20:0x8000010c  x9=0x02180000
        6175000	       616	800003f8	0120c633	xor	x12,x1,x18	  x1:0x800003d8 x18:0x80000370 x12=0x000000a8
        6185000	       617	800003fc	fa98c817	auipc	x16,0xfa98c	 x16=0x7a98c3f8
        6195000	       618	80000400	01b22533	slt	x10,x4,x27	  x4:0x80000390 x27:0x800001f0 x10=0x00000000
        6205000	       619	80000404	00e71793	slli	x15,x14,0xe	 x14:0x8000031c x15=0x00c70000
        6215000	       620	80000408	04307063	bgeu	x0,x3,80000448	  x0:0x00000000  x3:0x800003e4
        6225000	       621	8000040c	01ae5933	srl	x18,x28,x26	 x28:0x80000344 x26:0x80000120 x18=0x80000344
        6235000	       622	80000410	e7e5cc37	lui	x24,0xe7e5c	 x24=0xe7e5c000
        6245000	       623	80000414	16f86913	ori	x18,x16,367	 x16:0x7a98c3f8 x18=0x7a98c3ff
        6255000	       624	80000418	fb02bf97	auipc	x31,0xfb02b	 x31=0x7b02b414
        6265000	       625	8000041c	15796f93	ori	x31,x18,343	 x18:0x7a98c3ff x31=0x7a98c3ff
        6275000	       626	80000420	007c1193	slli	x3,x24,0x7	 x24:0xe7e5c000  x3=0xf2e00000
        6285000	       627	80000424	00a2cc33	xor	x24,x5,x10	  x5:0x00000248 x10:0x00000000 x24=0x00000248
        6295000	       628	80000428	3f046f13	ori	x30,x8,1008	  x8:0x80000328 x30=0x800003f8
        6305000	       629	8000042c	2c51ef93	ori	x31,x3,709	  x3:0xf2e00000 x31=0xf2e002c5
        6315000	       630	80000430	01d34533	xor	x10,x6,x29	  x6:0x800003d4 x29:0x80009f84 x10=0x00009c50
        6325000	       631	80000434	0100f2b3	and	x5,x1,x16	  x1:0x800003d8 x16:0x7a98c3f8  x5=0x000003d8
        6335000	       632	80000438	00467933	and	x18,x12,x4	 x12:0x000000a8  x4:0x80000390 x18=0x00000080
        6345000	       633	8000043c	001c5793	srli	x15,x24,0x1	 x24:0x00000248 x15=0x00000124
        6355000	       634	80000440	9ab6fb93	andi	x23,x13,-1621	 x13:0x800003c0 x23=0x80000180
        6365000	       635	80000444	d486a193	slti	x3,x13,-696	 x13:0x800003c0  x3=0x00000001
        6375000	       636	80000448	5eb8c513	xori	x10,x17,1515	 x17:0x80009fc4 x10=0x80009a2f
        6385000	       637	8000044c	55ce95b7	lui	x11,0x55ce9	 x11=0x55ce9000
        6395000	       638	80000450	f3ff7393	andi	x7,x30,-193	 x30:0x800003f8  x7=0x80000338
        6405000	       639	80000454	f5154313	xori	x6,x10,-175	 x10:0x80009a2f  x6=0x7fff657e
        6415000	       640	80000458	8c98b293	sltiu	x5,x17,-1847	 x17:0x80009fc4  x5=0x00000001
        6425000	       641	8000045c	04f87e63	bgeu	x16,x15,800004b8	 x16:0x7a98c3f8 x15:0x00000124
        6435000	       642	00000000	00000013	addi	x0,x0,0	  x0:0x00000000
        6445000	       643	800004b4	00000013	addi	x0,x0,0	  x0:0x00000000
        6455000	       644	800004b8	02578463	beq	x15,x5,800004e0	 x15:0x00000124  x5:0x00000001
        6465000	       645	800004bc	01f14e63	blt	x2,x31,800004d8	  x2:0xf36f2740 x31:0xf2e002c5
        6475000	       646	800004c0	00000013	addi	x0,x0,0	  x0:0x00000000
        6485000	       647	800004c4	780425b7	lui	x11,0x78042	 x11=0x78042000
        6495000	       648	800004c8	001c5a63	bge	x24,x1,800004dc	 x24:0x00000248  x1:0x800003d8
        6505000	       649	00000000	00000013	addi	x0,x0,0	  x0:0x00000000
        6515000	       650	800004d8	00000013	addi	x0,x0,0	  x0:0x00000000
        6525000	       651	800004dc	012986b3	add	x13,x19,x18	 x19:0x800001b8 x18:0x00000080 x13=0x80000238
        6535000	       652	800004e0	a400ba93	sltiu	x21,x1,-1472	  x1:0x800003d8 x21=0x00000001
        6545000	       653	800004e4	419d0017	auipc	x0,0x419d0	
        6555000	       654	800004e8	c5797713	andi	x14,x18,-937	 x18:0x00000080 x14=0x00000000
        6565000	       655	800004ec	05fbe663	bltu	x23,x31,80000538	 x23:0x80000180 x31:0xf2e002c5
        6575000	       656	00000000	00000013	addi	x0,x0,0	  x0:0x00000000
        6585000	       657	80000534	00000013	addi	x0,x0,0	  x0:0x00000000
        6595000	       658	80000538	0754d463	bge	x9,x21,800005a0	  x9:0x02180000 x21:0x00000001
        6605000	       659	00000000	00000013	addi	x0,x0,0	  x0:0x00000000
        6615000	       660	8000059c	00000013	addi	x0,x0,0	  x0:0x00000000
        6625000	       661	800005a0	03c34663	blt	x6,x28,800005cc	  x6:0x7fff657e x28:0x80000344
        6635000	       662	800005a4	8860e097	auipc	x1,0x8860e	  x1=0x0860e5a0
        6645000	       663	800005a8	b22db6b7	lui	x13,0xb22db	 x13=0xb22db000
        6655000	       664	800005ac	406103b3	sub	x7,x2,x6	  x2:0xf36f2740  x6:0x7fff657e  x7=0x736fc1c2
        6665000	       665	800005b0	cde96337	lui	x6,0xcde96	  x6=0xcde96000
        6675000	       666	800005b4	012b0633	add	x12,x22,x18	 x22:0x80000230 x18:0x00000080 x12=0x800002b0
        6685000	       667	800005b8	8a55a693	slti	x13,x11,-1883	 x11:0x78042000 x13=0x00000000
        6695000	       668	800005bc	00141f13	slli	x30,x8,0x1	  x8:0x80000328 x30=0x00000650
        6705000	       669	800005c0	01a8a833	slt	x16,x17,x26	 x17:0x80009fc4 x26:0x80000120 x16=0x00000000
        6715000	       670	800005c4	680cfb93	andi	x23,x25,1664	 x25:0x800002ec x23=0x00000280
        6725000	       671	800005c8	00000013	addi	x0,x0,0	  x0:0x00000000
        6735000	       672	800005cc	a511fc13	andi	x24,x3,-1455	  x3:0x00000001 x24=0x00000001
        6745000	       673	800005d0	00fd03b3	add	x7,x26,x15	 x26:0x80000120 x15:0x00000124  x7=0x80000244
        6755000	       674	800005d4	dc82ea93	ori	x21,x5,-568	  x5:0x00000001 x21=0xfffffdc9
        6765000	       675	800005d8	05058863	beq	x11,x16,80000628	 x11:0x78042000 x16:0x00000000
        6775000	       676	800005dc	00f091b3	sll	x3,x1,x15	  x1:0x0860e5a0 x15:0x00000124  x3=0x860e5a00
        6785000	       677	800005e0	12440213	addi	x4,x8,292	  x8:0x80000328  x4=0x8000044c
        6795000	       678	800005e4	00a0f533	and	x10,x1,x10	  x1:0x0860e5a0 x10:0x80009a2f x10=0x00008020
        6805000	       679	800005e8	014eda33	srl	x20,x29,x20	 x29:0x80009f84 x20:0x8000010c x20=0x00080009
        6815000	       680	800005ec	493f3213	sltiu	x4,x30,1171	 x30:0x00000650  x4=0x00000000
        6825000	       681	800005f0	db001a17	auipc	x20,0xdb001	 x20=0x5b0015ec
        6835000	       682	800005f4	01856433	or	x8,x10,x24	 x10:0x00008020 x24:0x00000001  x8=0x00008021
        6845000	       683	800005f8	017fd613	srli	x12,x31,0x17	 x31:0xf2e002c5 x12=0x000001e5
        6855000	       684	800005fc	adda0f13	addi	x30,x20,-1315	 x20:0x5b0015ec x30=0x5b0010c9
        6865000	       685	80000600	023a1863	bne	x20,x3,80000630	 x20:0x5b0015ec  x3:0x860e5a00
        6875000	       686	00000000	00000013	addi	x0,x0,0	  x0:0x00000000
        6885000	       687	8000062c	00000013	addi	x0,x0,0	  x0:0x00000000
        6895000	       688	80000630	041c8263	beq	x25,x1,80000674	 x25:0x800002ec  x1:0x0860e5a0
        6905000	       689	80000634	01bb4263	blt	x22,x27,80000638	 x22:0x80000230 x27:0x800001f0
        6915000	       690	80000638	40dd84b3	sub	x9,x27,x13	 x27:0x800001f0 x13:0x00000000  x9=0x800001f0
        6925000	       691	8000063c	49390d93	addi	x27,x18,1171	 x18:0x00000080 x27=0x00000513
        6935000	       692	80000640	00437463	bgeu	x6,x4,80000648	  x6:0xcde96000  x4:0x00000000
        6945000	       693	00000000	00000013	addi	x0,x0,0	  x0:0x00000000
        6955000	       694	80000644	00000013	addi	x0,x0,0	  x0:0x00000000
        6965000	       695	80000648	00865d13	srli	x26,x12,0x8	 x12:0x000001e5 x26=0x00000001
        6975000	       696	8000064c	5a383797	auipc	x15,0x5a383	 x15=0xda383648
        6985000	       697	80000650	41488833	sub	x16,x17,x20	 x17:0x80009fc4 x20:0x5b0015ec x16=0x250089d8
        6995000	       698	80000654	00609e63	bne	x1,x6,80000670	  x1:0x0860e5a0  x6:0xcde96000
        7005000	       699	00000000	00000013	addi	x0,x0,0	  x0:0x00000000
        7015000	       700	8000066c	00000013	addi	x0,x0,0	  x0:0x00000000
        7025000	       701	80000670	a8b0fb13	andi	x22,x1,-1397	  x1:0x0860e5a0 x22=0x0860e080
        7035000	       702	80000674	051e7063	bgeu	x28,x17,800006b4	 x28:0x80000344 x17:0x80009fc4
        7045000	       703	80000678	005b8333	add	x6,x23,x5	 x23:0x00000280  x5:0x00000001  x6=0x00000281
        7055000	       704	8000067c	47d93813	sltiu	x16,x18,1149	 x18:0x00000080 x16=0x00000001
        7065000	       705	80000680	01a4e6b3	or	x13,x9,x26	  x9:0x800001f0 x26:0x00000001 x13=0x800001f1
        7075000	       706	80000684	01079993	slli	x19,x15,0x10	 x15:0xda383648 x19=0x36480000
        7085000	       707	80000688	000d30b3	sltu	x1,x26,x0	 x26:0x00000001  x0:0x00000000  x1=0x00000000
        7095000	       708	8000068c	02fb7663	bgeu	x22,x15,800006b8	 x22:0x0860e080 x15:0xda383648
        7105000	       709	80000690	00e58d33	add	x26,x11,x14	 x11:0x78042000 x14:0x00000000 x26=0x78042000
        7115000	       710	80000694	b572b713	sltiu	x14,x5,-1193	  x5:0x00000001 x14=0x00000001
        7125000	       711	80000698	0064e7b3	or	x15,x9,x6	  x9:0x800001f0  x6:0x00000281 x15=0x800003f1
        7135000	       712	8000069c	0193ab33	slt	x22,x7,x25	  x7:0x80000244 x25:0x800002ec x22=0x00000001
        7145000	       713	800006a0	00651c93	slli	x25,x10,0x6	 x10:0x00008020 x25=0x00200800
        7155000	       714	800006a4	003629b3	slt	x19,x12,x3	 x12:0x000001e5  x3:0x860e5a00 x19=0x00000000
        7165000	       715	800006a8	fb95df17	auipc	x30,0xfb95d	 x30=0x7b95d6a4
        7175000	       716	800006ac	00d2b433	sltu	x8,x5,x13	  x5:0x00000001 x13:0x800001f1  x8=0x00000001
        7185000	       717	800006b0	02234663	blt	x6,x2,800006dc	  x6:0x00000281  x2:0xf36f2740
        7195000	       718	800006b4	04c69663	bne	x13,x12,80000700	 x13:0x800001f1 x12:0x000001e5
        7205000	       719	00000000	00000013	addi	x0,x0,0	  x0:0x00000000
        7215000	       720	800006fc	00000013	addi	x0,x0,0	  x0:0x00000000
        7225000	       721	80000700	008e5463	bge	x28,x8,80000708	 x28:0x80000344  x8:0x00000001
        7235000	       722	80000704	01b97863	bgeu	x18,x27,80000714	 x18:0x00000080 x27:0x00000513
        7245000	       723	80000708	a9d72313	slti	x6,x14,-1379	 x14:0x00000001  x6=0x00000000
        7255000	       724	8000070c	409d8c33	sub	x24,x27,x9	 x27:0x00000513  x9:0x800001f0 x24=0x80000323
        7265000	       725	80000710	d726f313	andi	x6,x13,-654	 x13:0x800001f1  x6=0x80000170
        7275000	       726	80000714	005f9813	slli	x16,x31,0x5	 x31:0xf2e002c5 x16=0x5c0058a0
        7285000	       727	80000718	40d0dc33	sra	x24,x1,x13	  x1:0x00000000 x13:0x800001f1 x24=0x00000000
        7295000	       728	8000071c	036b8463	beq	x23,x22,80000744	 x23:0x00000280 x22:0x00000001
        7305000	       729	80000720	00ffbb33	sltu	x22,x31,x15	 x31:0xf2e002c5 x15:0x800003f1 x22=0x00000000
        7315000	       730	80000724	058a9063	bne	x21,x24,80000764	 x21:0xfffffdc9 x24:0x00000000
        7325000	       731	00000000	00000013	addi	x0,x0,0	  x0:0x00000000
        7335000	       732	80000760	00000013	addi	x0,x0,0	  x0:0x00000000
        7345000	       733	80000764	014042b3	xor	x5,x0,x20	  x0:0x00000000 x20:0x5b0015ec  x5=0x5b0015ec
        7355000	       734	80000768	04326463	bltu	x4,x3,800007b0	  x4:0x00000000  x3:0x860e5a00
        7365000	       735	00000000	00000013	addi	x0,x0,0	  x0:0x00000000
        7375000	       736	800007ac	00000013	addi	x0,x0,0	  x0:0x00000000
        7385000	       737	800007b0	01c683b3	add	x7,x13,x28	 x13:0x800001f1 x28:0x80000344  x7=0x00000535
        7395000	       738	800007b4	016d9d93	slli	x27,x27,0x16	 x27:0x00000513 x27=0x44c00000
        7405000	       739	800007b8	05e9e663	bltu	x19,x30,80000804	 x19:0x00000000 x30:0x7b95d6a4
        7415000	       740	00000000	00000013	addi	x0,x0,0	  x0:0x00000000
        7425000	       741	80000800	00000013	addi	x0,x0,0	  x0:0x00000000
        7435000	       742	80000804	051fd463	bge	x31,x17,8000084c	 x31:0xf2e002c5 x17:0x80009fc4
        7445000	       743	00000000	00000013	addi	x0,x0,0	  x0:0x00000000
        7455000	       744	80000848	00000013	addi	x0,x0,0	  x0:0x00000000
        7465000	       745	8000084c	70ce6e13	ori	x28,x28,1804	 x28:0x80000344 x28=0x8000074c
        7475000	       746	80000850	012bfb33	and	x22,x23,x18	 x23:0x00000280 x18:0x00000080 x22=0x00000080
        7485000	       747	80000854	0011f2b3	and	x5,x3,x1	  x3:0x860e5a00  x1:0x00000000  x5=0x00000000
        7495000	       748	80000858	024d4663	blt	x26,x4,80000884	 x26:0x78042000  x4:0x00000000
        7505000	       749	8000085c	013aea63	bltu	x21,x19,80000870	 x21:0xfffffdc9 x19:0x00000000
        7515000	       750	80000860	00bc7863	bgeu	x24,x11,80000870	 x24:0x00000000 x11:0x78042000
        7525000	       751	80000864	9a393e13	sltiu	x28,x18,-1629	 x18:0x00000080 x28=0x00000001
        7535000	       752	80000868	010eb4b3	sltu	x9,x29,x16	 x29:0x80009f84 x16:0x5c0058a0  x9=0x00000000
        7545000	       753	8000086c	01c69813	slli	x16,x13,0x1c	 x13:0x800001f1 x16=0x10000000
        7555000	       754	80000870	40b5df93	srai	x31,x11,0xb	 x11:0x78042000 x31=0x000f0084
        7565000	       755	80000874	05bfd063	bge	x31,x27,800008b4	 x31:0x000f0084 x27:0x44c00000
        7575000	       756	80000878	3195bd93	sltiu	x27,x11,793	 x11:0x78042000 x27=0x00000000
        7585000	       757	8000087c	40b28d33	sub	x26,x5,x11	  x5:0x00000000 x11:0x78042000 x26=0x87fbe000
        7595000	       758	80000880	00983a33	sltu	x20,x16,x9	 x16:0x10000000  x9:0x00000000 x20=0x00000000
        7605000	       759	80000884	4043de33	sra	x28,x7,x4	  x7:0x00000535  x4:0x00000000 x28=0x00000535
        7615000	       760	80000888	04c0f263	bgeu	x1,x12,800008cc	  x1:0x00000000 x12:0x000001e5
        7625000	       761	8000088c	7cc16c93	ori	x25,x2,1996	  x2:0xf36f2740 x25=0xf36f27cc
        7635000	       762	80000890	00673f33	sltu	x30,x14,x6	 x14:0x00000001  x6:0x80000170 x30=0x00000001
        7645000	       763	80000894	00567433	and	x8,x12,x5	 x12:0x000001e5  x5:0x00000000  x8=0x00000000
        7655000	       764	80000898	05fbf463	bgeu	x23,x31,800008e0	 x23:0x00000280 x31:0x000f0084
        7665000	       765	8000089c	413e59b3	sra	x19,x28,x19	 x28:0x00000535 x19:0x00000000 x19=0x00000535
        7675000	       766	800008a0	011885b3	add	x11,x17,x17	 x17:0x80009fc4 x17:0x80009fc4 x11=0x00013f88
        7685000	       767	800008a4	90976917	auipc	x18,0x90976	 x18=0x109768a0
        7695000	       768	800008a8	0043d393	srli	x7,x7,0x4	  x7:0x00000535  x7=0x00000053
        7705000	       769	800008ac	e7438093	addi	x1,x7,-396	  x7:0x00000053  x1=0xfffffec7
        7715000	       770	800008b0	009cce63	blt	x25,x9,800008cc	 x25:0xf36f27cc  x9:0x00000000
        7725000	       771	00000000	00000013	addi	x0,x0,0	  x0:0x00000000
        7735000	       772	800008c8	00000013	addi	x0,x0,0	  x0:0x00000000
        7745000	       773	800008cc	00945313	srli	x6,x8,0x9	  x8:0x00000000  x6=0x00000000
        7755000	       774	800008d0	01d90f33	add	x30,x18,x29	 x18:0x109768a0 x29:0x80009f84 x30=0x90980824
        7765000	       775	800008d4	410f03b3	sub	x7,x30,x16	 x30:0x90980824 x16:0x10000000  x7=0x80980824
        7775000	       776	800008d8	00d0f3b3	and	x7,x1,x13	  x1:0xfffffec7 x13:0x800001f1  x7=0x800000c1
        7785000	       777	800008dc	010517b3	sll	x15,x10,x16	 x10:0x00008020 x16:0x10000000 x15=0x00008020
        7795000	       778	800008e0	00c96fb3	or	x31,x18,x12	 x18:0x109768a0 x12:0x000001e5 x31=0x109769e5
        7805000	       779	800008e4	095b1e63	bne	x22,x21,80000980	 x22:0x00000080 x21:0xfffffdc9
        7815000	       780	00000000	00000013	addi	x0,x0,0	  x0:0x00000000
        7825000	       781	8000097c	00000013	addi	x0,x0,0	  x0:0x00000000
        7835000	       782	80000980	1949ac13	slti	x24,x19,404	 x19:0x00000535 x24=0x00000000
        7845000	       783	80000984	05009063	bne	x1,x16,800009c4	  x1:0xfffffec7 x16:0x10000000
        7855000	       784	00000000	00000013	addi	x0,x0,0	  x0:0x00000000
        7865000	       785	800009c0	00000013	addi	x0,x0,0	  x0:0x00000000
        7875000	       786	800009c4	05af7463	bgeu	x30,x26,80000a0c	 x30:0x90980824 x26:0x87fbe000
        7885000	       787	00000000	00000013	addi	x0,x0,0	  x0:0x00000000
        7895000	       788	80000a08	00000013	addi	x0,x0,0	  x0:0x00000000
        7905000	       789	80000a0c	93d8e193	ori	x3,x17,-1731	 x17:0x80009fc4  x3=0xfffffffd
        7915000	       790	80000a10	0189ce63	blt	x19,x24,80000a2c	 x19:0x00000535 x24:0x00000000
        7925000	       791	80000a14	002496b3	sll	x13,x9,x2	  x9:0x00000000  x2:0xf36f2740 x13=0x00000000
        7935000	       792	80000a18	d6400693	addi	x13,x0,-668	  x0:0x00000000 x13=0xfffffd64
        7945000	       793	80000a1c	00adc1b3	xor	x3,x27,x10	 x27:0x00000000 x10:0x00008020  x3=0x00008020
        7955000	       794	80000a20	42243b93	sltiu	x23,x8,1058	  x8:0x00000000 x23=0x00000001
        7965000	       795	80000a24	40d40e33	sub	x28,x8,x13	  x8:0x00000000 x13:0xfffffd64 x28=0x0000029c
        7975000	       796	80000a28	40f8d913	srai	x18,x17,0xf	 x17:0x80009fc4 x18=0xffff0001
        7985000	       797	80000a2c	042ef663	bgeu	x29,x2,80000a78	 x29:0x80009f84  x2:0xf36f2740
        7995000	       798	80000a30	0168da93	srli	x21,x17,0x16	 x17:0x80009fc4 x21=0x00000200
        8005000	       799	80000a34	93c3cf13	xori	x30,x7,-1732	  x7:0x800000c1 x30=0x7ffff9fd
        8015000	       800	80000a38	4142d833	sra	x16,x5,x20	  x5:0x00000000 x20:0x00000000 x16=0x00000000
        8025000	       801	80000a3c	03ece663	bltu	x25,x30,80000a68	 x25:0xf36f27cc x30:0x7ffff9fd
        8035000	       802	80000a40	27aee793	ori	x15,x29,634	 x29:0x80009f84 x15=0x80009ffe
        8045000	       803	80000a44	daa8f613	andi	x12,x17,-598	 x17:0x80009fc4 x12=0x80009d80
        8055000	       804	80000a48	00bdd793	srli	x15,x27,0xb	 x27:0x00000000 x15=0x00000000
        8065000	       805	80000a4c	ba558713	addi	x14,x11,-1115	 x11:0x00013f88 x14=0x00013b2d
        8075000	       806	80000a50	4186d2b3	sra	x5,x13,x24	 x13:0xfffffd64 x24:0x00000000  x5=0xfffffd64
        8085000	       807	80000a54	000c4863	blt	x24,x0,80000a64	 x24:0x00000000  x0:0x00000000
        8095000	       808	80000a58	016e4ab3	xor	x21,x28,x22	 x28:0x0000029c x22:0x00000080 x21=0x0000021c
        8105000	       809	80000a5c	01bbdab3	srl	x21,x23,x27	 x23:0x00000001 x27:0x00000000 x21=0x00000001
        8115000	       810	80000a60	03c5d663	bge	x11,x28,80000a8c	 x11:0x00013f88 x28:0x0000029c
        8125000	       811	00000000	00000013	addi	x0,x0,0	  x0:0x00000000
        8135000	       812	80000a88	00000013	addi	x0,x0,0	  x0:0x00000000
        8145000	       813	80000a8c	00000013	addi	x0,x0,0	  x0:0x00000000
        8155000	       814	80000a90	02a95463	bge	x18,x10,80000ab8	 x18:0xffff0001 x10:0x00008020
        8165000	       815	80000a94	ea023013	sltiu	x0,x4,-352	  x4:0x00000000
        8175000	       816	80000a98	40ce0933	sub	x18,x28,x12	 x28:0x0000029c x12:0x80009d80 x18=0x7fff651c
        8185000	       817	80000a9c	045be863	bltu	x23,x5,80000aec	 x23:0x00000001  x5:0xfffffd64
        8195000	       818	00000000	00000013	addi	x0,x0,0	  x0:0x00000000
        8205000	       819	80000ae8	00000013	addi	x0,x0,0	  x0:0x00000000
        8215000	       820	80000aec	01135d33	srl	x26,x6,x17	  x6:0x00000000 x17:0x80009fc4 x26=0x00000000
        8225000	       821	80000af0	00000013	addi	x0,x0,0	  x0:0x00000000
        8235000	       822	80000af4	0188f1b3	and	x3,x17,x24	 x17:0x80009fc4 x24:0x00000000  x3=0x00000000
        8245000	       823	80000af8	01370db3	add	x27,x14,x19	 x14:0x00013b2d x19:0x00000535 x27=0x00014062
        8255000	       824	80000afc	03a5e863	bltu	x11,x26,80000b2c	 x11:0x00013f88 x26:0x00000000
        8265000	       825	80000b00	00e78bb3	add	x23,x15,x14	 x15:0x00000000 x14:0x00013b2d x23=0x00013b2d
        8275000	       826	80000b04	005a4033	xor	x0,x20,x5	 x20:0x00000000  x5:0xfffffd64
        8285000	       827	80000b08	408a51b3	sra	x3,x20,x8	 x20:0x00000000  x8:0x00000000  x3=0x00000000
        8295000	       828	80000b0c	40eefb13	andi	x22,x29,1038	 x29:0x80009f84 x22=0x00000404
        8305000	       829	80000b10	01a1b933	sltu	x18,x3,x26	  x3:0x00000000 x26:0x00000000 x18=0x00000000
        8315000	       830	80000b14	df494c13	xori	x24,x18,-524	 x18:0x00000000 x24=0xfffffdf4
        8325000	       831	80000b18	015546b3	xor	x13,x10,x21	 x10:0x00008020 x21:0x00000001 x13=0x00008021
        8335000	       832	80000b1c	eb984613	xori	x12,x16,-327	 x16:0x00000000 x12=0xfffffeb9
        8345000	       833	80000b20	0007d513	srli	x10,x15,0x0	 x15:0x00000000 x10=0x00000000
        8355000	       834	80000b24	0c707663	bgeu	x0,x7,80000bf0	  x0:0x00000000  x7:0x800000c1
        8365000	       835	80000b28	41415713	srai	x14,x2,0x14	  x2:0xf36f2740 x14=0xffffff36
        8375000	       836	80000b2c	0a8eea63	bltu	x29,x8,80000be0	 x29:0x80009f84  x8:0x00000000
        8385000	       837	80000b30	4454c413	xori	x8,x9,1093	  x9:0x00000000  x8=0x00000445
        8395000	       838	80000b34	ff1d8e13	addi	x28,x27,-15	 x27:0x00014062 x28=0x00014053
        8405000	       839	80000b38	e11ead17	auipc	x26,0xe11ea	 x26=0x611eab34
        8415000	       840	80000b3c	012e3c33	sltu	x24,x28,x18	 x28:0x00014053 x18:0x00000000 x24=0x00000000
        8425000	       841	80000b40	206e8837	lui	x16,0x206e8	 x16=0x206e8000
        8435000	       842	80000b44	01b59f93	slli	x31,x11,0x1b	 x11:0x00013f88 x31=0x40000000
        8445000	       843	80000b48	004000ef	jal	x1,80000b48	  x1=0x80000b48
        8455000	       844	00000000	00000013	addi	x0,x0,0	  x0:0x00000000
        8465000	       845	80000b48	00000013	addi	x0,x0,0	  x0:0x00000000
        8475000	       846	80000b4c	03c002ef	jal	x5,80000b4c	  x5=0x80000b4c
        8485000	       847	00000000	00000013	addi	x0,x0,0	  x0:0x00000000
        8495000	       848	80000b84	00000013	addi	x0,x0,0	  x0:0x00000000
        8505000	       849	80000b88	ffdff9ef	jal	x19,80000b88	 x19=0x80000b88
        8515000	       850	00000000	00000013	addi	x0,x0,0	  x0:0x00000000
        8525000	       851	80000b80	00000013	addi	x0,x0,0	  x0:0x00000000
        8535000	       852	80000b84	ff9ff0ef	jal	x1,80000b84	  x1=0x80000b84
        8545000	       853	00000000	00000013	addi	x0,x0,0	  x0:0x00000000
        8555000	       854	80000b78	00000013	addi	x0,x0,0	  x0:0x00000000
        8565000	       855	80000b7c	fe1ff0ef	jal	x1,80000b7c	  x1=0x80000b7c
        8575000	       856	00000000	00000013	addi	x0,x0,0	  x0:0x00000000
        8585000	       857	80000b58	00000013	addi	x0,x0,0	  x0:0x00000000
        8595000	       858	80000b5c	0080036f	jal	x6,80000b5c	  x6=0x80000b5c
        8605000	       859	00000000	00000013	addi	x0,x0,0	  x0:0x00000000
        8615000	       860	80000b60	00000013	addi	x0,x0,0	  x0:0x00000000
        8625000	       861	80000b64	ffdff0ef	jal	x1,80000b64	  x1=0x80000b64
        8635000	       862	00000000	00000013	addi	x0,x0,0	  x0:0x00000000
        8645000	       863	80000b5c	00000013	addi	x0,x0,0	  x0:0x00000000
        8655000	       864	80000b60	ff9ff36f	jal	x6,80000b60	  x6=0x80000b60
        8665000	       865	00000000	00000013	addi	x0,x0,0	  x0:0x00000000
        8675000	       866	80000b54	00000013	addi	x0,x0,0	  x0:0x00000000
        8685000	       867	80000b58	038002ef	jal	x5,80000b58	  x5=0x80000b58
        8695000	       868	00000000	00000013	addi	x0,x0,0	  x0:0x00000000
        8705000	       869	80000b8c	00000013	addi	x0,x0,0	  x0:0x00000000
        8715000	       870	80000b90	fc5ff26f	jal	x4,80000b90	  x4=0x80000b90
        8725000	       871	00000000	00000013	addi	x0,x0,0	  x0:0x00000000
        8735000	       872	80000b50	00000013	addi	x0,x0,0	  x0:0x00000000
        8745000	       873	80000b54	01c0036f	jal	x6,80000b54	  x6=0x80000b54
        8755000	       874	00000000	00000013	addi	x0,x0,0	  x0:0x00000000
        8765000	       875	80000b6c	00000013	addi	x0,x0,0	  x0:0x00000000
        8775000	       876	80000b70	010000ef	jal	x1,80000b70	  x1=0x80000b70
        8785000	       877	00000000	00000013	addi	x0,x0,0	  x0:0x00000000
        8795000	       878	80000b7c	00000013	addi	x0,x0,0	  x0:0x00000000
        8805000	       879	80000b80	ff5ffa6f	jal	x20,80000b80	 x20=0x80000b80
        8815000	       880	00000000	00000013	addi	x0,x0,0	  x0:0x00000000
        8825000	       881	80000b70	00000013	addi	x0,x0,0	  x0:0x00000000
        8835000	       882	80000b74	00400cef	jal	x25,80000b74	 x25=0x80000b74
        8845000	       883	00000000	00000013	addi	x0,x0,0	  x0:0x00000000
        8855000	       884	80000b74	00000013	addi	x0,x0,0	  x0:0x00000000
        8865000	       885	80000b78	01c00d6f	jal	x26,80000b78	 x26=0x80000b78
        8875000	       886	00000000	00000013	addi	x0,x0,0	  x0:0x00000000
        8885000	       887	80000b90	00000013	addi	x0,x0,0	  x0:0x00000000
        8895000	       888	80000b94	ff9ff2ef	jal	x5,80000b94	  x5=0x80000b94
        8905000	       889	00000000	00000013	addi	x0,x0,0	  x0:0x00000000
        8915000	       890	80000b88	00000013	addi	x0,x0,0	  x0:0x00000000
        8925000	       891	80000b8c	fe1ff0ef	jal	x1,80000b8c	  x1=0x80000b8c
        8935000	       892	00000000	00000013	addi	x0,x0,0	  x0:0x00000000
        8945000	       893	80000b68	00000013	addi	x0,x0,0	  x0:0x00000000
        8955000	       894	80000b6c	ffdff6ef	jal	x13,80000b6c	 x13=0x80000b6c
        8965000	       895	00000000	00000013	addi	x0,x0,0	  x0:0x00000000
        8975000	       896	80000b64	00000013	addi	x0,x0,0	  x0:0x00000000
        8985000	       897	80000b68	fe9ff36f	jal	x6,80000b68	  x6=0x80000b68
        8995000	       898	00000000	00000013	addi	x0,x0,0	  x0:0x00000000
        9005000	       899	80000b4c	00000013	addi	x0,x0,0	  x0:0x00000000
        9015000	       900	80000b50	0480036f	jal	x6,80000b50	  x6=0x80000b50
        9025000	       901	00000000	00000013	addi	x0,x0,0	  x0:0x00000000
        9035000	       902	80000b94	00000013	addi	x0,x0,0	  x0:0x00000000
        9045000	       903	80000b98	5f1a9d97	auipc	x27,0x5f1a9	 x27=0xdf1a9b94
        9055000	       904	80000b9c	41245f13	srai	x30,x8,0x12	  x8:0x00000445 x30=0x00000000
        9065000	       905	80000ba0	0142cfb3	xor	x31,x5,x20	  x5:0x80000b94 x20:0x80000b80 x31=0x00000014
        9075000	       906	80000ba4	014ede13	srli	x28,x29,0x14	 x29:0x80009f84 x28=0x00000800
        9085000	       907	80000ba8	00895cb3	srl	x25,x18,x8	 x18:0x00000000  x8:0x00000445 x25=0x00000000
        9095000	       908	80000bac	00003717	auipc	x14,0x3	 x14=0x80003ba8
        9105000	       909	80000bb0	ccc70713	addi	x14,x14,-820	 x14:0x80003ba8 x14=0x80003874
        9115000	       910	80000bb4	00ea5413	srli	x8,x20,0xe	 x20:0x80000b80  x8=0x00020000
        9125000	       911	80000bb8	a3533593	sltiu	x11,x6,-1483	  x6:0x80000b50 x11=0x00000001
        9135000	       912	80000bbc	f1c70713	addi	x14,x14,-228	 x14:0x80003874 x14=0x80003790
        9145000	       913	80000bc0	01699693	slli	x13,x19,0x16	 x19:0x80000b88 x13=0xe2000000
        9155000	       914	80000bc4	00daa7b3	slt	x15,x21,x13	 x21:0x00000001 x13:0xe2000000 x15=0x00000000
        9165000	       915	80000bc8	40af0ab3	sub	x21,x30,x10	 x30:0x00000000 x10:0x00000000 x21=0x00000000
        9175000	       916	80000bcc	e8264393	xori	x7,x12,-382	 x12:0xfffffeb9  x7=0x0000003b
        9185000	       917	80000bd0	6c7f7c93	andi	x25,x30,1735	 x30:0x00000000 x25=0x00000000
        9195000	       918	80000bd4	0e4700e7	jalr	x1,x14,228	 x14:0x80003790  x1=0x80000bd4
        9205000	       919	00000000	00000013	addi	x0,x0,0	  x0:0x00000000
        9215000	       920	80003874	00000013	addi	x0,x0,0	  x0:0x00000000
        9225000	       921	80003878	20333b13	sltiu	x22,x6,515	  x6:0x80000b50 x22=0x00000000
        9235000	       922	8000387c	018b31b3	sltu	x3,x22,x24	 x22:0x00000000 x24:0x00000000  x3=0x00000000
        9245000	       923	80003880	01fc9263	bne	x25,x31,80003884	 x25:0x00000000 x31:0x00000014
        9255000	       924	00000000	00000013	addi	x0,x0,0	  x0:0x00000000
        9265000	       925	80003880	00000013	addi	x0,x0,0	  x0:0x00000000
        9275000	       926	80003884	fc8e8e93	addi	x29,x29,-56	 x29:0x80009f84 x29=0x80009f4c
        9285000	       927	80003888	af6bc313	xori	x6,x23,-1290	 x23:0x00013b2d  x6=0xfffec1db
        9295000	       928	8000388c	013ddc93	srli	x25,x27,0x13	 x27:0xdf1a9b94 x25=0x00001be3
        9305000	       929	80003890	ff4e6017	auipc	x0,0xff4e6	
        9315000	       930	80003894	001ea223	sw	x1,4(x29)	 x29:0x80009f4c  x1:0x80000bd4 PA:0x80009f50
        9325000	       931	80003898	00000013	addi	x0,x0,0	  x0:0x00000000
        9335000	       932	8000389c	a9372fb7	lui	x31,0xa9372	 x31=0xa9372000
        9345000	       933	800038a0	01c000ef	jal	x1,800038a0	  x1=0x800038a0
        9355000	       934	00000000	00000013	addi	x0,x0,0	  x0:0x00000000
        9365000	       935	800038b8	00000013	addi	x0,x0,0	  x0:0x00000000
        9375000	       936	800038bc	fe9ffbef	jal	x23,800038bc	 x23=0x800038bc
        9385000	       937	00000000	00000013	addi	x0,x0,0	  x0:0x00000000
        9395000	       938	800038a0	00000013	addi	x0,x0,0	  x0:0x00000000
        9405000	       939	800038a4	014000ef	jal	x1,800038a4	  x1=0x800038a4
        9415000	       940	00000000	00000013	addi	x0,x0,0	  x0:0x00000000
        9425000	       941	800038b4	00000013	addi	x0,x0,0	  x0:0x00000000
        9435000	       942	800038b8	014000ef	jal	x1,800038b8	  x1=0x800038b8
        9445000	       943	00000000	00000013	addi	x0,x0,0	  x0:0x00000000
        9455000	       944	800038c8	00000013	addi	x0,x0,0	  x0:0x00000000
        9465000	       945	800038cc	fe5ff0ef	jal	x1,800038cc	  x1=0x800038cc
        9475000	       946	00000000	00000013	addi	x0,x0,0	  x0:0x00000000
        9485000	       947	800038ac	00000013	addi	x0,x0,0	  x0:0x00000000
        9495000	       948	800038b0	ff9ffb6f	jal	x22,800038b0	 x22=0x800038b0
        9505000	       949	00000000	00000013	addi	x0,x0,0	  x0:0x00000000
        9515000	       950	800038a4	00000013	addi	x0,x0,0	  x0:0x00000000
        9525000	       951	800038a8	0180036f	jal	x6,800038a8	  x6=0x800038a8
        9535000	       952	00000000	00000013	addi	x0,x0,0	  x0:0x00000000
        9545000	       953	800038bc	00000013	addi	x0,x0,0	  x0:0x00000000
        9555000	       954	800038c0	010000ef	jal	x1,800038c0	  x1=0x800038c0
        9565000	       955	00000000	00000013	addi	x0,x0,0	  x0:0x00000000
        9575000	       956	800038cc	00000013	addi	x0,x0,0	  x0:0x00000000
        9585000	       957	800038d0	ff5ff66f	jal	x12,800038d0	 x12=0x800038d0
        9595000	       958	00000000	00000013	addi	x0,x0,0	  x0:0x00000000
        9605000	       959	800038c0	00000013	addi	x0,x0,0	  x0:0x00000000
        9615000	       960	800038c4	ff1ff46f	jal	x8,800038c4	  x8=0x800038c4
        9625000	       961	00000000	00000013	addi	x0,x0,0	  x0:0x00000000
        9635000	       962	800038b0	00000013	addi	x0,x0,0	  x0:0x00000000
        9645000	       963	800038b4	ff9ff36f	jal	x6,800038b4	  x6=0x800038b4
        9655000	       964	00000000	00000013	addi	x0,x0,0	  x0:0x00000000
        9665000	       965	800038a8	00000013	addi	x0,x0,0	  x0:0x00000000
        9675000	       966	800038ac	01c000ef	jal	x1,800038ac	  x1=0x800038ac
        9685000	       967	00000000	00000013	addi	x0,x0,0	  x0:0x00000000
        9695000	       968	800038c4	00000013	addi	x0,x0,0	  x0:0x00000000
        9705000	       969	800038c8	00c0036f	jal	x6,800038c8	  x6=0x800038c8
        9715000	       970	00000000	00000013	addi	x0,x0,0	  x0:0x00000000
        9725000	       971	800038d0	00000013	addi	x0,x0,0	  x0:0x00000000
        9735000	       972	800038d4	4029e213	ori	x4,x19,1026	 x19:0x80000b88  x4=0x80000f8a
        9745000	       973	800038d8	058000ef	jal	x1,800038d8	  x1=0x800038d8
        9755000	       974	00000000	00000013	addi	x0,x0,0	  x0:0x00000000
        9765000	       975	8000392c	00000013	addi	x0,x0,0	  x0:0x00000000
        9775000	       976	80003930	fc5ff0ef	jal	x1,80003930	  x1=0x80003930
        9785000	       977	00000000	00000013	addi	x0,x0,0	  x0:0x00000000
        9795000	       978	800038f0	00000013	addi	x0,x0,0	  x0:0x00000000
        9805000	       979	800038f4	0100086f	jal	x16,800038f4	 x16=0x800038f4
        9815000	       980	00000000	00000013	addi	x0,x0,0	  x0:0x00000000
        9825000	       981	80003900	00000013	addi	x0,x0,0	  x0:0x00000000
        9835000	       982	80003904	01c000ef	jal	x1,80003904	  x1=0x80003904
        9845000	       983	00000000	00000013	addi	x0,x0,0	  x0:0x00000000
        9855000	       984	8000391c	00000013	addi	x0,x0,0	  x0:0x00000000
        9865000	       985	80003920	0080036f	jal	x6,80003920	  x6=0x80003920
        9875000	       986	00000000	00000013	addi	x0,x0,0	  x0:0x00000000
        9885000	       987	80003924	00000013	addi	x0,x0,0	  x0:0x00000000
        9895000	       988	80003928	fd5ff0ef	jal	x1,80003928	  x1=0x80003928
        9905000	       989	00000000	00000013	addi	x0,x0,0	  x0:0x00000000
        9915000	       990	800038f8	00000013	addi	x0,x0,0	  x0:0x00000000
        9925000	       991	800038fc	0180036f	jal	x6,800038fc	  x6=0x800038fc
        9935000	       992	00000000	00000013	addi	x0,x0,0	  x0:0x00000000
        9945000	       993	80003910	00000013	addi	x0,x0,0	  x0:0x00000000
        9955000	       994	80003914	fd9ff7ef	jal	x15,80003914	 x15=0x80003914
        9965000	       995	00000000	00000013	addi	x0,x0,0	  x0:0x00000000
        9975000	       996	800038e8	00000013	addi	x0,x0,0	  x0:0x00000000
        9985000	       997	800038ec	0200036f	jal	x6,800038ec	  x6=0x800038ec
        9995000	       998	00000000	00000013	addi	x0,x0,0	  x0:0x00000000
       10005000	       999	80003908	00000013	addi	x0,x0,0	  x0:0x00000000
       10015000	      1000	8000390c	ff5ff36f	jal	x6,8000390c	  x6=0x8000390c
       10025000	      1001	00000000	00000013	addi	x0,x0,0	  x0:0x00000000
       10035000	      1002	800038fc	00000013	addi	x0,x0,0	  x0:0x00000000
       10045000	      1003	80003900	024000ef	jal	x1,80003900	  x1=0x80003900
       10055000	      1004	00000000	00000013	addi	x0,x0,0	  x0:0x00000000
       10065000	      1005	80003920	00000013	addi	x0,x0,0	  x0:0x00000000
       10075000	      1006	80003924	fedff86f	jal	x16,80003924	 x16=0x80003924
       10085000	      1007	00000000	00000013	addi	x0,x0,0	  x0:0x00000000
       10095000	      1008	8000390c	00000013	addi	x0,x0,0	  x0:0x00000000
       10105000	      1009	80003910	024004ef	jal	x9,80003910	  x9=0x80003910
       10115000	      1010	00000000	00000013	addi	x0,x0,0	  x0:0x00000000
       10125000	      1011	80003930	00000013	addi	x0,x0,0	  x0:0x00000000
       10135000	      1012	80003934	fa9ff0ef	jal	x1,80003934	  x1=0x80003934
       10145000	      1013	00000000	00000013	addi	x0,x0,0	  x0:0x00000000
       10155000	      1014	800038d8	00000013	addi	x0,x0,0	  x0:0x00000000
       10165000	      1015	800038dc	040000ef	jal	x1,800038dc	  x1=0x800038dc
       10175000	      1016	00000000	00000013	addi	x0,x0,0	  x0:0x00000000
       10185000	      1017	80003918	00000013	addi	x0,x0,0	  x0:0x00000000
       10195000	      1018	8000391c	010000ef	jal	x1,8000391c	  x1=0x8000391c
       10205000	      1019	00000000	00000013	addi	x0,x0,0	  x0:0x00000000
       10215000	      1020	80003928	00000013	addi	x0,x0,0	  x0:0x00000000
       10225000	      1021	8000392c	00c000ef	jal	x1,8000392c	  x1=0x8000392c
       10235000	      1022	00000000	00000013	addi	x0,x0,0	  x0:0x00000000
       10245000	      1023	80003934	00000013	addi	x0,x0,0	  x0:0x00000000
       10255000	      1024	80003938	fc1ff4ef	jal	x9,80003938	  x9=0x80003938
       10265000	      1025	00000000	00000013	addi	x0,x0,0	  x0:0x00000000
       10275000	      1026	800038f4	00000013	addi	x0,x0,0	  x0:0x00000000
       10285000	      1027	800038f8	ff1ff0ef	jal	x1,800038f8	  x1=0x800038f8
       10295000	      1028	00000000	00000013	addi	x0,x0,0	  x0:0x00000000
       10305000	      1029	800038e4	00000013	addi	x0,x0,0	  x0:0x00000000
       10315000	      1030	800038e8	ff9ffdef	jal	x27,800038e8	 x27=0x800038e8
       10325000	      1031	00000000	00000013	addi	x0,x0,0	  x0:0x00000000
       10335000	      1032	800038dc	00000013	addi	x0,x0,0	  x0:0x00000000
       10345000	      1033	800038e0	0280036f	jal	x6,800038e0	  x6=0x800038e0
       10355000	      1034	00000000	00000013	addi	x0,x0,0	  x0:0x00000000
       10365000	      1035	80003904	00000013	addi	x0,x0,0	  x0:0x00000000
       10375000	      1036	80003908	fddff0ef	jal	x1,80003908	  x1=0x80003908
       10385000	      1037	00000000	00000013	addi	x0,x0,0	  x0:0x00000000
       10395000	      1038	800038e0	00000013	addi	x0,x0,0	  x0:0x00000000
       10405000	      1039	800038e4	00c000ef	jal	x1,800038e4	  x1=0x800038e4
       10415000	      1040	00000000	00000013	addi	x0,x0,0	  x0:0x00000000
       10425000	      1041	800038ec	00000013	addi	x0,x0,0	  x0:0x00000000
       10435000	      1042	800038f0	028000ef	jal	x1,800038f0	  x1=0x800038f0
       10445000	      1043	00000000	00000013	addi	x0,x0,0	  x0:0x00000000
       10455000	      1044	80003914	00000013	addi	x0,x0,0	  x0:0x00000000
       10465000	      1045	80003918	0240076f	jal	x14,80003918	 x14=0x80003918
       10475000	      1046	00000000	00000013	addi	x0,x0,0	  x0:0x00000000
       10485000	      1047	80003938	00000013	addi	x0,x0,0	  x0:0x00000000
       10495000	      1048	8000393c	e4946a93	ori	x21,x8,-439	  x8:0x800038c4 x21=0xfffffecd
       10505000	      1049	80003940	030000ef	jal	x1,80003940	  x1=0x80003940
       10515000	      1050	00000000	00000013	addi	x0,x0,0	  x0:0x00000000
       10525000	      1051	8000396c	00000013	addi	x0,x0,0	  x0:0x00000000
       10535000	      1052	80003970	ff1ff0ef	jal	x1,80003970	  x1=0x80003970
       10545000	      1053	00000000	00000013	addi	x0,x0,0	  x0:0x00000000
       10555000	      1054	8000395c	00000013	addi	x0,x0,0	  x0:0x00000000
       10565000	      1055	80003960	020000ef	jal	x1,80003960	  x1=0x80003960
       10575000	      1056	00000000	00000013	addi	x0,x0,0	  x0:0x00000000
       10585000	      1057	8000397c	00000013	addi	x0,x0,0	  x0:0x00000000
       10595000	      1058	80003980	fe5ff26f	jal	x4,80003980	  x4=0x80003980
       10605000	      1059	00000000	00000013	addi	x0,x0,0	  x0:0x00000000
       10615000	      1060	80003960	00000013	addi	x0,x0,0	  x0:0x00000000
       10625000	      1061	80003964	0200036f	jal	x6,80003964	  x6=0x80003964
       10635000	      1062	00000000	00000013	addi	x0,x0,0	  x0:0x00000000
       10645000	      1063	80003980	00000013	addi	x0,x0,0	  x0:0x00000000
       10655000	      1064	80003984	fd1ff0ef	jal	x1,80003984	  x1=0x80003984
       10665000	      1065	00000000	00000013	addi	x0,x0,0	  x0:0x00000000
       10675000	      1066	80003950	00000013	addi	x0,x0,0	  x0:0x00000000
       10685000	      1067	80003954	024000ef	jal	x1,80003954	  x1=0x80003954
       10695000	      1068	00000000	00000013	addi	x0,x0,0	  x0:0x00000000
       10705000	      1069	80003974	00000013	addi	x0,x0,0	  x0:0x00000000
       10715000	      1070	80003978	fcdff0ef	jal	x1,80003978	  x1=0x80003978
       10725000	      1071	00000000	00000013	addi	x0,x0,0	  x0:0x00000000
       10735000	      1072	80003940	00000013	addi	x0,x0,0	  x0:0x00000000
       10745000	      1073	80003944	008000ef	jal	x1,80003944	  x1=0x80003944
       10755000	      1074	00000000	00000013	addi	x0,x0,0	  x0:0x00000000
       10765000	      1075	80003948	00000013	addi	x0,x0,0	  x0:0x00000000
       10775000	      1076	8000394c	0100036f	jal	x6,8000394c	  x6=0x8000394c
       10785000	      1077	00000000	00000013	addi	x0,x0,0	  x0:0x00000000
       10795000	      1078	80003958	00000013	addi	x0,x0,0	  x0:0x00000000
       10805000	      1079	8000395c	0100036f	jal	x6,8000395c	  x6=0x8000395c
       10815000	      1080	00000000	00000013	addi	x0,x0,0	  x0:0x00000000
       10825000	      1081	80003968	00000013	addi	x0,x0,0	  x0:0x00000000
       10835000	      1082	8000396c	fe5ffcef	jal	x25,8000396c	 x25=0x8000396c
       10845000	      1083	00000000	00000013	addi	x0,x0,0	  x0:0x00000000
       10855000	      1084	8000394c	00000013	addi	x0,x0,0	  x0:0x00000000
       10865000	      1085	80003950	008001ef	jal	x3,80003950	  x3=0x80003950
       10875000	      1086	00000000	00000013	addi	x0,x0,0	  x0:0x00000000
       10885000	      1087	80003954	00000013	addi	x0,x0,0	  x0:0x00000000
       10895000	      1088	80003958	024007ef	jal	x15,80003958	 x15=0x80003958
       10905000	      1089	00000000	00000013	addi	x0,x0,0	  x0:0x00000000
       10915000	      1090	80003978	00000013	addi	x0,x0,0	  x0:0x00000000
       10925000	      1091	8000397c	fedff0ef	jal	x1,8000397c	  x1=0x8000397c
       10935000	      1092	00000000	00000013	addi	x0,x0,0	  x0:0x00000000
       10945000	      1093	80003964	00000013	addi	x0,x0,0	  x0:0x00000000
       10955000	      1094	80003968	00c000ef	jal	x1,80003968	  x1=0x80003968
       10965000	      1095	00000000	00000013	addi	x0,x0,0	  x0:0x00000000
       10975000	      1096	80003970	00000013	addi	x0,x0,0	  x0:0x00000000
       10985000	      1097	80003974	fd5ff56f	jal	x10,80003974	 x10=0x80003974
       10995000	      1098	00000000	00000013	addi	x0,x0,0	  x0:0x00000000
       11005000	      1099	80003944	00000013	addi	x0,x0,0	  x0:0x00000000
       11015000	      1100	80003948	040000ef	jal	x1,80003948	  x1=0x80003948
       11025000	      1101	00000000	00000013	addi	x0,x0,0	  x0:0x00000000
       11035000	      1102	80003984	00000013	addi	x0,x0,0	  x0:0x00000000
       11045000	      1103	80003988	ac5f4b13	xori	x22,x30,-1339	 x30:0x00000000 x22=0xfffffac5
       11055000	      1104	8000398c	044000ef	jal	x1,8000398c	  x1=0x8000398c
       11065000	      1105	00000000	00000013	addi	x0,x0,0	  x0:0x00000000
       11075000	      1106	800039cc	00000013	addi	x0,x0,0	  x0:0x00000000
       11085000	      1107	800039d0	ff5ff36f	jal	x6,800039d0	  x6=0x800039d0
       11095000	      1108	00000000	00000013	addi	x0,x0,0	  x0:0x00000000
       11105000	      1109	800039c0	00000013	addi	x0,x0,0	  x0:0x00000000
       11115000	      1110	800039c4	ff1ff36f	jal	x6,800039c4	  x6=0x800039c4
       11125000	      1111	00000000	00000013	addi	x0,x0,0	  x0:0x00000000
       11135000	      1112	800039b0	00000013	addi	x0,x0,0	  x0:0x00000000
       11145000	      1113	800039b4	02c001ef	jal	x3,800039b4	  x3=0x800039b4
       11155000	      1114	00000000	00000013	addi	x0,x0,0	  x0:0x00000000
       11165000	      1115	800039dc	00000013	addi	x0,x0,0	  x0:0x00000000
       11175000	      1116	800039e0	ff9ff0ef	jal	x1,800039e0	  x1=0x800039e0
       11185000	      1117	00000000	00000013	addi	x0,x0,0	  x0:0x00000000
       11195000	      1118	800039d4	00000013	addi	x0,x0,0	  x0:0x00000000
       11205000	      1119	800039d8	fc1ff2ef	jal	x5,800039d8	  x5=0x800039d8
       11215000	      1120	00000000	00000013	addi	x0,x0,0	  x0:0x00000000
       11225000	      1121	80003994	00000013	addi	x0,x0,0	  x0:0x00000000
       11235000	      1122	80003998	028000ef	jal	x1,80003998	  x1=0x80003998
       11245000	      1123	00000000	00000013	addi	x0,x0,0	  x0:0x00000000
       11255000	      1124	800039bc	00000013	addi	x0,x0,0	  x0:0x00000000
       11265000	      1125	800039c0	fddffb6f	jal	x22,800039c0	 x22=0x800039c0
       11275000	      1126	00000000	00000013	addi	x0,x0,0	  x0:0x00000000
       11285000	      1127	80003998	00000013	addi	x0,x0,0	  x0:0x00000000
       11295000	      1128	8000399c	004001ef	jal	x3,8000399c	  x3=0x8000399c
       11305000	      1129	00000000	00000013	addi	x0,x0,0	  x0:0x00000000
       11315000	      1130	8000399c	00000013	addi	x0,x0,0	  x0:0x00000000
       11325000	      1131	800039a0	03c000ef	jal	x1,800039a0	  x1=0x800039a0
       11335000	      1132	00000000	00000013	addi	x0,x0,0	  x0:0x00000000
       11345000	      1133	800039d8	00000013	addi	x0,x0,0	  x0:0x00000000
       11355000	      1134	800039dc	fd5ff26f	jal	x4,800039dc	  x4=0x800039dc
       11365000	      1135	00000000	00000013	addi	x0,x0,0	  x0:0x00000000
       11375000	      1136	800039ac	00000013	addi	x0,x0,0	  x0:0x00000000
       11385000	      1137	800039b0	fe1ff36f	jal	x6,800039b0	  x6=0x800039b0
       11395000	      1138	00000000	00000013	addi	x0,x0,0	  x0:0x00000000
       11405000	      1139	8000398c	00000013	addi	x0,x0,0	  x0:0x00000000
       11415000	      1140	80003990	004004ef	jal	x9,80003990	  x9=0x80003990
       11425000	      1141	00000000	00000013	addi	x0,x0,0	  x0:0x00000000
       11435000	      1142	80003990	00000013	addi	x0,x0,0	  x0:0x00000000
       11445000	      1143	80003994	054000ef	jal	x1,80003994	  x1=0x80003994
       11455000	      1144	00000000	00000013	addi	x0,x0,0	  x0:0x00000000
       11465000	      1145	800039e4	00000013	addi	x0,x0,0	  x0:0x00000000
       11475000	      1146	800039e8	fedff36f	jal	x6,800039e8	  x6=0x800039e8
       11485000	      1147	00000000	00000013	addi	x0,x0,0	  x0:0x00000000
       11495000	      1148	800039d0	00000013	addi	x0,x0,0	  x0:0x00000000
       11505000	      1149	800039d4	ff9ff0ef	jal	x1,800039d4	  x1=0x800039d4
       11515000	      1150	00000000	00000013	addi	x0,x0,0	  x0:0x00000000
       11525000	      1151	800039c8	00000013	addi	x0,x0,0	  x0:0x00000000
       11535000	      1152	800039cc	024000ef	jal	x1,800039cc	  x1=0x800039cc
       11545000	      1153	00000000	00000013	addi	x0,x0,0	  x0:0x00000000
       11555000	      1154	800039ec	00000013	addi	x0,x0,0	  x0:0x00000000
       11565000	      1155	800039f0	fc9ffbef	jal	x23,800039f0	 x23=0x800039f0
       11575000	      1156	00000000	00000013	addi	x0,x0,0	  x0:0x00000000
       11585000	      1157	800039b4	00000013	addi	x0,x0,0	  x0:0x00000000
       11595000	      1158	800039b8	ff1ff36f	jal	x6,800039b8	  x6=0x800039b8
       11605000	      1159	00000000	00000013	addi	x0,x0,0	  x0:0x00000000
       11615000	      1160	800039a4	00000013	addi	x0,x0,0	  x0:0x00000000
       11625000	      1161	800039a8	ffdff0ef	jal	x1,800039a8	  x1=0x800039a8
       11635000	      1162	00000000	00000013	addi	x0,x0,0	  x0:0x00000000
       11645000	      1163	800039a0	00000013	addi	x0,x0,0	  x0:0x00000000
       11655000	      1164	800039a4	018000ef	jal	x1,800039a4	  x1=0x800039a4
       11665000	      1165	00000000	00000013	addi	x0,x0,0	  x0:0x00000000
       11675000	      1166	800039b8	00000013	addi	x0,x0,0	  x0:0x00000000
       11685000	      1167	800039bc	0280076f	jal	x14,800039bc	 x14=0x800039bc
       11695000	      1168	00000000	00000013	addi	x0,x0,0	  x0:0x00000000
       11705000	      1169	800039e0	00000013	addi	x0,x0,0	  x0:0x00000000
       11715000	      1170	800039e4	fe5ff1ef	jal	x3,800039e4	  x3=0x800039e4
       11725000	      1171	00000000	00000013	addi	x0,x0,0	  x0:0x00000000
       11735000	      1172	800039c4	00000013	addi	x0,x0,0	  x0:0x00000000
       11745000	      1173	800039c8	fe5ff0ef	jal	x1,800039c8	  x1=0x800039c8
       11755000	      1174	00000000	00000013	addi	x0,x0,0	  x0:0x00000000
       11765000	      1175	800039a8	00000013	addi	x0,x0,0	  x0:0x00000000
       11775000	      1176	800039ac	040000ef	jal	x1,800039ac	  x1=0x800039ac
       11785000	      1177	00000000	00000013	addi	x0,x0,0	  x0:0x00000000
       11795000	      1178	800039e8	00000013	addi	x0,x0,0	  x0:0x00000000
       11805000	      1179	800039ec	008000ef	jal	x1,800039ec	  x1=0x800039ec
       11815000	      1180	00000000	00000013	addi	x0,x0,0	  x0:0x00000000
       11825000	      1181	800039f0	00000013	addi	x0,x0,0	  x0:0x00000000
       11835000	      1182	800039f4	01929433	sll	x8,x5,x25	  x5:0x800039d8 x25:0x8000396c  x8=0x039d8000
       11845000	      1183	800039f8	00c000ef	jal	x1,800039f8	  x1=0x800039f8
       11855000	      1184	00000000	00000013	addi	x0,x0,0	  x0:0x00000000
       11865000	      1185	80003a00	00000013	addi	x0,x0,0	  x0:0x00000000
       11875000	      1186	80003a04	050000ef	jal	x1,80003a04	  x1=0x80003a04
       11885000	      1187	00000000	00000013	addi	x0,x0,0	  x0:0x00000000
       11895000	      1188	80003a50	00000013	addi	x0,x0,0	  x0:0x00000000
       11905000	      1189	80003a54	fb5ffdef	jal	x27,80003a54	 x27=0x80003a54
       11915000	      1190	00000000	00000013	addi	x0,x0,0	  x0:0x00000000
       11925000	      1191	80003a04	00000013	addi	x0,x0,0	  x0:0x00000000
       11935000	      1192	80003a08	01800f6f	jal	x30,80003a08	 x30=0x80003a08
       11945000	      1193	00000000	00000013	addi	x0,x0,0	  x0:0x00000000
       11955000	      1194	80003a1c	00000013	addi	x0,x0,0	  x0:0x00000000
       11965000	      1195	80003a20	03c000ef	jal	x1,80003a20	  x1=0x80003a20
       11975000	      1196	00000000	00000013	addi	x0,x0,0	  x0:0x00000000
       11985000	      1197	80003a58	00000013	addi	x0,x0,0	  x0:0x00000000
       11995000	      1198	80003a5c	008000ef	jal	x1,80003a5c	  x1=0x80003a5c
       12005000	      1199	00000000	00000013	addi	x0,x0,0	  x0:0x00000000
       12015000	      1200	80003a60	00000013	addi	x0,x0,0	  x0:0x00000000
       12025000	      1201	80003a64	fb9ffbef	jal	x23,80003a64	 x23=0x80003a64
       12035000	      1202	00000000	00000013	addi	x0,x0,0	  x0:0x00000000
       12045000	      1203	80003a18	00000013	addi	x0,x0,0	  x0:0x00000000
       12055000	      1204	80003a1c	ffdff76f	jal	x14,80003a1c	 x14=0x80003a1c
       12065000	      1205	00000000	00000013	addi	x0,x0,0	  x0:0x00000000
       12075000	      1206	80003a14	00000013	addi	x0,x0,0	  x0:0x00000000
       12085000	      1207	80003a18	050000ef	jal	x1,80003a18	  x1=0x80003a18
       12095000	      1208	00000000	00000013	addi	x0,x0,0	  x0:0x00000000
       12105000	      1209	80003a64	00000013	addi	x0,x0,0	  x0:0x00000000
       12115000	      1210	80003a68	f95ff0ef	jal	x1,80003a68	  x1=0x80003a68
       12125000	      1211	00000000	00000013	addi	x0,x0,0	  x0:0x00000000
       12135000	      1212	800039f8	00000013	addi	x0,x0,0	  x0:0x00000000
       12145000	      1213	800039fc	048000ef	jal	x1,800039fc	  x1=0x800039fc
       12155000	      1214	00000000	00000013	addi	x0,x0,0	  x0:0x00000000
       12165000	      1215	80003a40	00000013	addi	x0,x0,0	  x0:0x00000000
       12175000	      1216	80003a44	fd1ff2ef	jal	x5,80003a44	  x5=0x80003a44
       12185000	      1217	00000000	00000013	addi	x0,x0,0	  x0:0x00000000
       12195000	      1218	80003a10	00000013	addi	x0,x0,0	  x0:0x00000000
       12205000	      1219	80003a14	ff9ff0ef	jal	x1,80003a14	  x1=0x80003a14
       12215000	      1220	00000000	00000013	addi	x0,x0,0	  x0:0x00000000
       12225000	      1221	80003a08	00000013	addi	x0,x0,0	  x0:0x00000000
       12235000	      1222	80003a0c	004000ef	jal	x1,80003a0c	  x1=0x80003a0c
       12245000	      1223	00000000	00000013	addi	x0,x0,0	  x0:0x00000000
       12255000	      1224	80003a0c	00000013	addi	x0,x0,0	  x0:0x00000000
       12265000	      1225	80003a10	01c002ef	jal	x5,80003a10	  x5=0x80003a10
       12275000	      1226	00000000	00000013	addi	x0,x0,0	  x0:0x00000000
       12285000	      1227	80003a28	00000013	addi	x0,x0,0	  x0:0x00000000
       12295000	      1228	80003a2c	01c0036f	jal	x6,80003a2c	  x6=0x80003a2c
       12305000	      1229	00000000	00000013	addi	x0,x0,0	  x0:0x00000000
       12315000	      1230	80003a44	00000013	addi	x0,x0,0	  x0:0x00000000
       12325000	      1231	80003a48	ff5ff1ef	jal	x3,80003a48	  x3=0x80003a48
       12335000	      1232	00000000	00000013	addi	x0,x0,0	  x0:0x00000000
       12345000	      1233	80003a38	00000013	addi	x0,x0,0	  x0:0x00000000
       12355000	      1234	80003a3c	ff5ff3ef	jal	x7,80003a3c	  x7=0x80003a3c
       12365000	      1235	00000000	00000013	addi	x0,x0,0	  x0:0x00000000
       12375000	      1236	80003a2c	00000013	addi	x0,x0,0	  x0:0x00000000
       12385000	      1237	80003a30	ff9ff0ef	jal	x1,80003a30	  x1=0x80003a30
       12395000	      1238	00000000	00000013	addi	x0,x0,0	  x0:0x00000000
       12405000	      1239	80003a24	00000013	addi	x0,x0,0	  x0:0x00000000
       12415000	      1240	80003a28	024000ef	jal	x1,80003a28	  x1=0x80003a28
       12425000	      1241	00000000	00000013	addi	x0,x0,0	  x0:0x00000000
       12435000	      1242	80003a48	00000013	addi	x0,x0,0	  x0:0x00000000
       12445000	      1243	80003a4c	fb5ff36f	jal	x6,80003a4c	  x6=0x80003a4c
       12455000	      1244	00000000	00000013	addi	x0,x0,0	  x0:0x00000000
       12465000	      1245	800039fc	00000013	addi	x0,x0,0	  x0:0x00000000
       12475000	      1246	80003a00	06c000ef	jal	x1,80003a00	  x1=0x80003a00
       12485000	      1247	00000000	00000013	addi	x0,x0,0	  x0:0x00000000
       12495000	      1248	80003a68	00000013	addi	x0,x0,0	  x0:0x00000000
       12505000	      1249	80003a6c	fb9ff0ef	jal	x1,80003a6c	  x1=0x80003a6c
       12515000	      1250	00000000	00000013	addi	x0,x0,0	  x0:0x00000000
       12525000	      1251	80003a20	00000013	addi	x0,x0,0	  x0:0x00000000
       12535000	      1252	80003a24	0100036f	jal	x6,80003a24	  x6=0x80003a24
       12545000	      1253	00000000	00000013	addi	x0,x0,0	  x0:0x00000000
       12555000	      1254	80003a30	00000013	addi	x0,x0,0	  x0:0x00000000
       12565000	      1255	80003a34	01c0036f	jal	x6,80003a34	  x6=0x80003a34
       12575000	      1256	00000000	00000013	addi	x0,x0,0	  x0:0x00000000
       12585000	      1257	80003a4c	00000013	addi	x0,x0,0	  x0:0x00000000
       12595000	      1258	80003a50	fe9ffdef	jal	x27,80003a50	 x27=0x80003a50
       12605000	      1259	00000000	00000013	addi	x0,x0,0	  x0:0x00000000
       12615000	      1260	80003a34	00000013	addi	x0,x0,0	  x0:0x00000000
       12625000	      1261	80003a38	0200036f	jal	x6,80003a38	  x6=0x80003a38
       12635000	      1262	00000000	00000013	addi	x0,x0,0	  x0:0x00000000
       12645000	      1263	80003a54	00000013	addi	x0,x0,0	  x0:0x00000000
       12655000	      1264	80003a58	0080036f	jal	x6,80003a58	  x6=0x80003a58
       12665000	      1265	00000000	00000013	addi	x0,x0,0	  x0:0x00000000
       12675000	      1266	80003a5c	00000013	addi	x0,x0,0	  x0:0x00000000
       12685000	      1267	80003a60	fe1ff36f	jal	x6,80003a60	  x6=0x80003a60
       12695000	      1268	00000000	00000013	addi	x0,x0,0	  x0:0x00000000
       12705000	      1269	80003a3c	00000013	addi	x0,x0,0	  x0:0x00000000
       12715000	      1270	80003a40	030000ef	jal	x1,80003a40	  x1=0x80003a40
       12725000	      1271	00000000	00000013	addi	x0,x0,0	  x0:0x00000000
       12735000	      1272	80003a6c	00000013	addi	x0,x0,0	  x0:0x00000000
       12745000	      1273	80003a70	3c186c13	ori	x24,x16,961	 x16:0x80003924 x24=0x80003be5
       12755000	      1274	80003a74	034000ef	jal	x1,80003a74	  x1=0x80003a74
       12765000	      1275	00000000	00000013	addi	x0,x0,0	  x0:0x00000000
       12775000	      1276	80003aa4	00000013	addi	x0,x0,0	  x0:0x00000000
       12785000	      1277	80003aa8	004000ef	jal	x1,80003aa8	  x1=0x80003aa8
       12795000	      1278	00000000	00000013	addi	x0,x0,0	  x0:0x00000000
       12805000	      1279	80003aa8	00000013	addi	x0,x0,0	  x0:0x00000000
       12815000	      1280	80003aac	004000ef	jal	x1,80003aac	  x1=0x80003aac
       12825000	      1281	00000000	00000013	addi	x0,x0,0	  x0:0x00000000
       12835000	      1282	80003aac	00000013	addi	x0,x0,0	  x0:0x00000000
       12845000	      1283	80003ab0	fc9ff26f	jal	x4,80003ab0	  x4=0x80003ab0
       12855000	      1284	00000000	00000013	addi	x0,x0,0	  x0:0x00000000
       12865000	      1285	80003a74	00000013	addi	x0,x0,0	  x0:0x00000000
       12875000	      1286	80003a78	018000ef	jal	x1,80003a78	  x1=0x80003a78
       12885000	      1287	00000000	00000013	addi	x0,x0,0	  x0:0x00000000
       12895000	      1288	80003a8c	00000013	addi	x0,x0,0	  x0:0x00000000
       12905000	      1289	80003a90	ff5ff66f	jal	x12,80003a90	 x12=0x80003a90
       12915000	      1290	00000000	00000013	addi	x0,x0,0	  x0:0x00000000
       12925000	      1291	80003a80	00000013	addi	x0,x0,0	  x0:0x00000000
       12935000	      1292	80003a84	020003ef	jal	x7,80003a84	  x7=0x80003a84
       12945000	      1293	00000000	00000013	addi	x0,x0,0	  x0:0x00000000
       12955000	      1294	80003aa0	00000013	addi	x0,x0,0	  x0:0x00000000
       12965000	      1295	80003aa4	01000f6f	jal	x30,80003aa4	 x30=0x80003aa4
       12975000	      1296	00000000	00000013	addi	x0,x0,0	  x0:0x00000000
       12985000	      1297	80003ab0	00000013	addi	x0,x0,0	  x0:0x00000000
       12995000	      1298	80003ab4	004000ef	jal	x1,80003ab4	  x1=0x80003ab4
       13005000	      1299	00000000	00000013	addi	x0,x0,0	  x0:0x00000000
       13015000	      1300	80003ab4	00000013	addi	x0,x0,0	  x0:0x00000000
       13025000	      1301	80003ab8	fe1ff36f	jal	x6,80003ab8	  x6=0x80003ab8
       13035000	      1302	00000000	00000013	addi	x0,x0,0	  x0:0x00000000
       13045000	      1303	80003a94	00000013	addi	x0,x0,0	  x0:0x00000000
       13055000	      1304	80003a98	fe5ff26f	jal	x4,80003a98	  x4=0x80003a98
       13065000	      1305	00000000	00000013	addi	x0,x0,0	  x0:0x00000000
       13075000	      1306	80003a78	00000013	addi	x0,x0,0	  x0:0x00000000
       13085000	      1307	80003a7c	02000d6f	jal	x26,80003a7c	 x26=0x80003a7c
       13095000	      1308	00000000	00000013	addi	x0,x0,0	  x0:0x00000000
       13105000	      1309	80003a98	00000013	addi	x0,x0,0	  x0:0x00000000
       13115000	      1310	80003a9c	fe5ff0ef	jal	x1,80003a9c	  x1=0x80003a9c
       13125000	      1311	00000000	00000013	addi	x0,x0,0	  x0:0x00000000
       13135000	      1312	80003a7c	00000013	addi	x0,x0,0	  x0:0x00000000
       13145000	      1313	80003a80	0400036f	jal	x6,80003a80	  x6=0x80003a80
       13155000	      1314	00000000	00000013	addi	x0,x0,0	  x0:0x00000000
       13165000	      1315	80003abc	00000013	addi	x0,x0,0	  x0:0x00000000
       13175000	      1316	80003ac0	fc9ff0ef	jal	x1,80003ac0	  x1=0x80003ac0
       13185000	      1317	00000000	00000013	addi	x0,x0,0	  x0:0x00000000
       13195000	      1318	80003a84	00000013	addi	x0,x0,0	  x0:0x00000000
       13205000	      1319	80003a88	0340036f	jal	x6,80003a88	  x6=0x80003a88
       13215000	      1320	00000000	00000013	addi	x0,x0,0	  x0:0x00000000
       13225000	      1321	80003ab8	00000013	addi	x0,x0,0	  x0:0x00000000
       13235000	      1322	80003abc	fd9ffa6f	jal	x20,80003abc	 x20=0x80003abc
       13245000	      1323	00000000	00000013	addi	x0,x0,0	  x0:0x00000000
       13255000	      1324	80003a90	00000013	addi	x0,x0,0	  x0:0x00000000
       13265000	      1325	80003a94	00c0036f	jal	x6,80003a94	  x6=0x80003a94
       13275000	      1326	00000000	00000013	addi	x0,x0,0	  x0:0x00000000
       13285000	      1327	80003a9c	00000013	addi	x0,x0,0	  x0:0x00000000
       13295000	      1328	80003aa0	fedff0ef	jal	x1,80003aa0	  x1=0x80003aa0
       13305000	      1329	00000000	00000013	addi	x0,x0,0	  x0:0x00000000
       13315000	      1330	80003a88	00000013	addi	x0,x0,0	  x0:0x00000000
       13325000	      1331	80003a8c	038000ef	jal	x1,80003a8c	  x1=0x80003a8c
       13335000	      1332	00000000	00000013	addi	x0,x0,0	  x0:0x00000000
       13345000	      1333	80003ac0	00000013	addi	x0,x0,0	  x0:0x00000000
       13355000	      1334	80003ac4	01e8db33	srl	x22,x17,x30	 x17:0x80009fc4 x30:0x80003aa4 x22=0x080009fc
       13365000	      1335	80003ac8	010000ef	jal	x1,80003ac8	  x1=0x80003ac8
       13375000	      1336	00000000	00000013	addi	x0,x0,0	  x0:0x00000000
       13385000	      1337	80003ad4	00000013	addi	x0,x0,0	  x0:0x00000000
       13395000	      1338	80003ad8	010000ef	jal	x1,80003ad8	  x1=0x80003ad8
       13405000	      1339	00000000	00000013	addi	x0,x0,0	  x0:0x00000000
       13415000	      1340	80003ae4	00000013	addi	x0,x0,0	  x0:0x00000000
       13425000	      1341	80003ae8	0080036f	jal	x6,80003ae8	  x6=0x80003ae8
       13435000	      1342	00000000	00000013	addi	x0,x0,0	  x0:0x00000000
       13445000	      1343	80003aec	00000013	addi	x0,x0,0	  x0:0x00000000
       13455000	      1344	80003af0	ffdff66f	jal	x12,80003af0	 x12=0x80003af0
       13465000	      1345	00000000	00000013	addi	x0,x0,0	  x0:0x00000000
       13475000	      1346	80003ae8	00000013	addi	x0,x0,0	  x0:0x00000000
       13485000	      1347	80003aec	fe9ff1ef	jal	x3,80003aec	  x3=0x80003aec
       13495000	      1348	00000000	00000013	addi	x0,x0,0	  x0:0x00000000
       13505000	      1349	80003ad0	00000013	addi	x0,x0,0	  x0:0x00000000
       13515000	      1350	80003ad4	ffdff2ef	jal	x5,80003ad4	  x5=0x80003ad4
       13525000	      1351	00000000	00000013	addi	x0,x0,0	  x0:0x00000000
       13535000	      1352	80003acc	00000013	addi	x0,x0,0	  x0:0x00000000
       13545000	      1353	80003ad0	ffdff0ef	jal	x1,80003ad0	  x1=0x80003ad0
       13555000	      1354	00000000	00000013	addi	x0,x0,0	  x0:0x00000000
       13565000	      1355	80003ac8	00000013	addi	x0,x0,0	  x0:0x00000000
       13575000	      1356	80003acc	01800d6f	jal	x26,80003acc	 x26=0x80003acc
       13585000	      1357	00000000	00000013	addi	x0,x0,0	  x0:0x00000000
       13595000	      1358	80003ae0	00000013	addi	x0,x0,0	  x0:0x00000000
       13605000	      1359	80003ae4	ffdff36f	jal	x6,80003ae4	  x6=0x80003ae4
       13615000	      1360	00000000	00000013	addi	x0,x0,0	  x0:0x00000000
       13625000	      1361	80003adc	00000013	addi	x0,x0,0	  x0:0x00000000
       13635000	      1362	80003ae0	ffdff3ef	jal	x7,80003ae0	  x7=0x80003ae0
       13645000	      1363	00000000	00000013	addi	x0,x0,0	  x0:0x00000000
       13655000	      1364	80003ad8	00000013	addi	x0,x0,0	  x0:0x00000000
       13665000	      1365	80003adc	018000ef	jal	x1,80003adc	  x1=0x80003adc
       13675000	      1366	00000000	00000013	addi	x0,x0,0	  x0:0x00000000
       13685000	      1367	80003af0	00000013	addi	x0,x0,0	  x0:0x00000000
       13695000	      1368	80003af4	004000ef	jal	x1,80003af4	  x1=0x80003af4
       13705000	      1369	00000000	00000013	addi	x0,x0,0	  x0:0x00000000
       13715000	      1370	80003af4	00000013	addi	x0,x0,0	  x0:0x00000000
       13725000	      1371	80003af8	14f9b097	auipc	x1,0x14f9b	  x1=0x94f9eaf4
       13735000	      1372	80003afc	028000ef	jal	x1,80003afc	  x1=0x80003afc
       13745000	      1373	00000000	00000013	addi	x0,x0,0	  x0:0x00000000
       13755000	      1374	80003b20	00000013	addi	x0,x0,0	  x0:0x00000000
       13765000	      1375	80003b24	fe1fffef	jal	x31,80003b24	 x31=0x80003b24
       13775000	      1376	00000000	00000013	addi	x0,x0,0	  x0:0x00000000
       13785000	      1377	80003b00	00000013	addi	x0,x0,0	  x0:0x00000000
       13795000	      1378	80003b04	028007ef	jal	x15,80003b04	 x15=0x80003b04
       13805000	      1379	00000000	00000013	addi	x0,x0,0	  x0:0x00000000
       13815000	      1380	80003b28	00000013	addi	x0,x0,0	  x0:0x00000000
       13825000	      1381	80003b2c	fe5ff36f	jal	x6,80003b2c	  x6=0x80003b2c
       13835000	      1382	00000000	00000013	addi	x0,x0,0	  x0:0x00000000
       13845000	      1383	80003b0c	00000013	addi	x0,x0,0	  x0:0x00000000
       13855000	      1384	80003b10	018000ef	jal	x1,80003b10	  x1=0x80003b10
       13865000	      1385	00000000	00000013	addi	x0,x0,0	  x0:0x00000000
       13875000	      1386	80003b24	00000013	addi	x0,x0,0	  x0:0x00000000
       13885000	      1387	80003b28	ff1ff0ef	jal	x1,80003b28	  x1=0x80003b28
       13895000	      1388	00000000	00000013	addi	x0,x0,0	  x0:0x00000000
       13905000	      1389	80003b14	00000013	addi	x0,x0,0	  x0:0x00000000
       13915000	      1390	80003b18	018000ef	jal	x1,80003b18	  x1=0x80003b18
       13925000	      1391	00000000	00000013	addi	x0,x0,0	  x0:0x00000000
       13935000	      1392	80003b2c	00000013	addi	x0,x0,0	  x0:0x00000000
       13945000	      1393	80003b30	004000ef	jal	x1,80003b30	  x1=0x80003b30
       13955000	      1394	00000000	00000013	addi	x0,x0,0	  x0:0x00000000
       13965000	      1395	80003b30	00000013	addi	x0,x0,0	  x0:0x00000000
       13975000	      1396	80003b34	fe9ff0ef	jal	x1,80003b34	  x1=0x80003b34
       13985000	      1397	00000000	00000013	addi	x0,x0,0	  x0:0x00000000
       13995000	      1398	80003b18	00000013	addi	x0,x0,0	  x0:0x00000000
       14005000	      1399	80003b1c	fedff26f	jal	x4,80003b1c	  x4=0x80003b1c
       14015000	      1400	00000000	00000013	addi	x0,x0,0	  x0:0x00000000
       14025000	      1401	80003b04	00000013	addi	x0,x0,0	  x0:0x00000000
       14035000	      1402	80003b08	0040036f	jal	x6,80003b08	  x6=0x80003b08
       14045000	      1403	00000000	00000013	addi	x0,x0,0	  x0:0x00000000
       14055000	      1404	80003b08	00000013	addi	x0,x0,0	  x0:0x00000000
       14065000	      1405	80003b0c	ff5ff0ef	jal	x1,80003b0c	  x1=0x80003b0c
       14075000	      1406	00000000	00000013	addi	x0,x0,0	  x0:0x00000000
       14085000	      1407	80003afc	00000013	addi	x0,x0,0	  x0:0x00000000
       14095000	      1408	80003b00	014000ef	jal	x1,80003b00	  x1=0x80003b00
       14105000	      1409	00000000	00000013	addi	x0,x0,0	  x0:0x00000000
       14115000	      1410	80003b10	00000013	addi	x0,x0,0	  x0:0x00000000
       14125000	      1411	80003b14	00c0036f	jal	x6,80003b14	  x6=0x80003b14
       14135000	      1412	00000000	00000013	addi	x0,x0,0	  x0:0x00000000
       14145000	      1413	80003b1c	00000013	addi	x0,x0,0	  x0:0x00000000
       14155000	      1414	80003b20	018000ef	jal	x1,80003b20	  x1=0x80003b20
       14165000	      1415	00000000	00000013	addi	x0,x0,0	  x0:0x00000000
       14175000	      1416	80003b34	00000013	addi	x0,x0,0	  x0:0x00000000
       14185000	      1417	80003b38	41ea87b3	sub	x15,x21,x30	 x21:0xfffffecd x30:0x80003aa4 x15=0x7fffc429
       14195000	      1418	80003b3c	014fd2b3	srl	x5,x31,x20	 x31:0x80003b24 x20:0x80003abc  x5=0x00000008
       14205000	      1419	80003b40	416a50b3	sra	x1,x20,x22	 x20:0x80003abc x22:0x080009fc  x1=0xfffffff8
       14215000	      1420	80003b44	0003b7b3	sltu	x15,x7,x0	  x7:0x80003ae0  x0:0x00000000 x15=0x00000000
       14225000	      1421	80003b48	03239263	bne	x7,x18,80003b6c	  x7:0x80003ae0 x18:0x00000000
       14235000	      1422	00000000	00000013	addi	x0,x0,0	  x0:0x00000000
       14245000	      1423	80003b68	00000013	addi	x0,x0,0	  x0:0x00000000
       14255000	      1424	80003b6c	de424413	xori	x8,x4,-540	  x4:0x80003b1c  x8=0x7fffc6f8
       14265000	      1425	80003b70	018fe2b3	or	x5,x31,x24	 x31:0x80003b24 x24:0x80003be5  x5=0x80003be5
       14275000	      1426	80003b74	02d0dc63	bge	x1,x13,80003bac	  x1:0xfffffff8 x13:0xe2000000
       14285000	      1427	00000000	00000013	addi	x0,x0,0	  x0:0x00000000
       14295000	      1428	80003ba8	00000013	addi	x0,x0,0	  x0:0x00000000
       14305000	      1429	80003bac	41e18bb3	sub	x23,x3,x30	  x3:0x80003aec x30:0x80003aa4 x23=0x00000048
       14315000	      1430	80003bb0	058000ef	jal	x1,80003bb0	  x1=0x80003bb0
       14325000	      1431	00000000	00000013	addi	x0,x0,0	  x0:0x00000000
       14335000	      1432	80003c04	00000013	addi	x0,x0,0	  x0:0x00000000
       14345000	      1433	80003c08	fadff0ef	jal	x1,80003c08	  x1=0x80003c08
       14355000	      1434	00000000	00000013	addi	x0,x0,0	  x0:0x00000000
       14365000	      1435	80003bb0	00000013	addi	x0,x0,0	  x0:0x00000000
       14375000	      1436	80003bb4	00800e6f	jal	x28,80003bb4	 x28=0x80003bb4
       14385000	      1437	00000000	00000013	addi	x0,x0,0	  x0:0x00000000
       14395000	      1438	80003bb8	00000013	addi	x0,x0,0	  x0:0x00000000
       14405000	      1439	80003bbc	004000ef	jal	x1,80003bbc	  x1=0x80003bbc
       14415000	      1440	00000000	00000013	addi	x0,x0,0	  x0:0x00000000
       14425000	      1441	80003bbc	00000013	addi	x0,x0,0	  x0:0x00000000
       14435000	      1442	80003bc0	ff9ff0ef	jal	x1,80003bc0	  x1=0x80003bc0
       14445000	      1443	00000000	00000013	addi	x0,x0,0	  x0:0x00000000
       14455000	      1444	80003bb4	00000013	addi	x0,x0,0	  x0:0x00000000
       14465000	      1445	80003bb8	010000ef	jal	x1,80003bb8	  x1=0x80003bb8
       14475000	      1446	00000000	00000013	addi	x0,x0,0	  x0:0x00000000
       14485000	      1447	80003bc4	00000013	addi	x0,x0,0	  x0:0x00000000
       14495000	      1448	80003bc8	0200036f	jal	x6,80003bc8	  x6=0x80003bc8
       14505000	      1449	00000000	00000013	addi	x0,x0,0	  x0:0x00000000
       14515000	      1450	80003be4	00000013	addi	x0,x0,0	  x0:0x00000000
       14525000	      1451	80003be8	0100046f	jal	x8,80003be8	  x8=0x80003be8
       14535000	      1452	00000000	00000013	addi	x0,x0,0	  x0:0x00000000
       14545000	      1453	80003bf4	00000013	addi	x0,x0,0	  x0:0x00000000
       14555000	      1454	80003bf8	fe5ff36f	jal	x6,80003bf8	  x6=0x80003bf8
       14565000	      1455	00000000	00000013	addi	x0,x0,0	  x0:0x00000000
       14575000	      1456	80003bd8	00000013	addi	x0,x0,0	  x0:0x00000000
       14585000	      1457	80003bdc	ffdff36f	jal	x6,80003bdc	  x6=0x80003bdc
       14595000	      1458	00000000	00000013	addi	x0,x0,0	  x0:0x00000000
       14605000	      1459	80003bd4	00000013	addi	x0,x0,0	  x0:0x00000000
       14615000	      1460	80003bd8	ff5ffcef	jal	x25,80003bd8	 x25=0x80003bd8
       14625000	      1461	00000000	00000013	addi	x0,x0,0	  x0:0x00000000
       14635000	      1462	80003bc8	00000013	addi	x0,x0,0	  x0:0x00000000
       14645000	      1463	80003bcc	030000ef	jal	x1,80003bcc	  x1=0x80003bcc
       14655000	      1464	00000000	00000013	addi	x0,x0,0	  x0:0x00000000
       14665000	      1465	80003bf8	00000013	addi	x0,x0,0	  x0:0x00000000
       14675000	      1466	80003bfc	fd9ff0ef	jal	x1,80003bfc	  x1=0x80003bfc
       14685000	      1467	00000000	00000013	addi	x0,x0,0	  x0:0x00000000
       14695000	      1468	80003bd0	00000013	addi	x0,x0,0	  x0:0x00000000
       14705000	      1469	80003bd4	01c000ef	jal	x1,80003bd4	  x1=0x80003bd4
       14715000	      1470	00000000	00000013	addi	x0,x0,0	  x0:0x00000000
       14725000	      1471	80003bec	00000013	addi	x0,x0,0	  x0:0x00000000
       14735000	      1472	80003bf0	ff5ff36f	jal	x6,80003bf0	  x6=0x80003bf0
       14745000	      1473	00000000	00000013	addi	x0,x0,0	  x0:0x00000000
       14755000	      1474	80003be0	00000013	addi	x0,x0,0	  x0:0x00000000
       14765000	      1475	80003be4	fe1ff0ef	jal	x1,80003be4	  x1=0x80003be4
       14775000	      1476	00000000	00000013	addi	x0,x0,0	  x0:0x00000000
       14785000	      1477	80003bc0	00000013	addi	x0,x0,0	  x0:0x00000000
       14795000	      1478	80003bc4	040007ef	jal	x15,80003bc4	 x15=0x80003bc4
       14805000	      1479	00000000	00000013	addi	x0,x0,0	  x0:0x00000000
       14815000	      1480	80003c00	00000013	addi	x0,x0,0	  x0:0x00000000
       14825000	      1481	80003c04	ffdff0ef	jal	x1,80003c04	  x1=0x80003c04
       14835000	      1482	00000000	00000013	addi	x0,x0,0	  x0:0x00000000
       14845000	      1483	80003bfc	00000013	addi	x0,x0,0	  x0:0x00000000
       14855000	      1484	80003c00	ff5ff36f	jal	x6,80003c00	  x6=0x80003c00
       14865000	      1485	00000000	00000013	addi	x0,x0,0	  x0:0x00000000
       14875000	      1486	80003bf0	00000013	addi	x0,x0,0	  x0:0x00000000
       14885000	      1487	80003bf4	fedff0ef	jal	x1,80003bf4	  x1=0x80003bf4
       14895000	      1488	00000000	00000013	addi	x0,x0,0	  x0:0x00000000
       14905000	      1489	80003bdc	00000013	addi	x0,x0,0	  x0:0x00000000
       14915000	      1490	80003be0	00c000ef	jal	x1,80003be0	  x1=0x80003be0
       14925000	      1491	00000000	00000013	addi	x0,x0,0	  x0:0x00000000
       14935000	      1492	80003be8	00000013	addi	x0,x0,0	  x0:0x00000000
       14945000	      1493	80003bec	fe5ff0ef	jal	x1,80003bec	  x1=0x80003bec
       14955000	      1494	00000000	00000013	addi	x0,x0,0	  x0:0x00000000
       14965000	      1495	80003bcc	00000013	addi	x0,x0,0	  x0:0x00000000
       14975000	      1496	80003bd0	03c00f6f	jal	x30,80003bd0	 x30=0x80003bd0
       14985000	      1497	00000000	00000013	addi	x0,x0,0	  x0:0x00000000
       14995000	      1498	80003c08	00000013	addi	x0,x0,0	  x0:0x00000000
       15005000	      1499	80003c0c	00000013	addi	x0,x0,0	  x0:0x00000000
       15015000	      1500	80003c10	000b2f33	slt	x30,x22,x0	 x22:0x080009fc  x0:0x00000000 x30=0x00000000
       15025000	      1501	80003c14	01eb3ab3	sltu	x21,x22,x30	 x22:0x080009fc x30:0x00000000 x21=0x00000000
       15035000	      1502	80003c18	009b1263	bne	x22,x9,80003c1c	 x22:0x080009fc  x9:0x80003990
       15045000	      1503	00000000	00000013	addi	x0,x0,0	  x0:0x00000000
       15055000	      1504	80003c18	00000013	addi	x0,x0,0	  x0:0x00000000
       15065000	      1505	80003c1c	00dd1d33	sll	x26,x26,x13	 x26:0x80003acc x13:0xe2000000 x26=0x80003acc
       15075000	      1506	80003c20	41d6d1b3	sra	x3,x13,x29	 x13:0xe2000000 x29:0x80009f4c  x3=0xfffe2000
       15085000	      1507	80003c24	0033ec63	bltu	x7,x3,80003c3c	  x7:0x80003ae0  x3:0xfffe2000
       15095000	      1508	00000000	00000013	addi	x0,x0,0	  x0:0x00000000
       15105000	      1509	80003c38	00000013	addi	x0,x0,0	  x0:0x00000000
       15115000	      1510	80003c3c	01bc1fb3	sll	x31,x24,x27	 x24:0x80003be5 x27:0x80003a50 x31=0x3be50000
       15125000	      1511	80003c40	00dc71b3	and	x3,x24,x13	 x24:0x80003be5 x13:0xe2000000  x3=0x80000000
       15135000	      1512	80003c44	00dd4d33	xor	x26,x26,x13	 x26:0x80003acc x13:0xe2000000 x26=0x62003acc
       15145000	      1513	80003c48	01b93b33	sltu	x22,x18,x27	 x18:0x00000000 x27:0x80003a50 x22=0x00000001
       15155000	      1514	80003c4c	b3bd2b93	slti	x23,x26,-1221	 x26:0x62003acc x23=0x00000000
       15165000	      1515	80003c50	01503b33	sltu	x22,x0,x21	  x0:0x00000000 x21:0x00000000 x22=0x00000000
       15175000	      1516	80003c54	0146fcb3	and	x25,x13,x20	 x13:0xe2000000 x20:0x80003abc x25=0x80000000
       15185000	      1517	80003c58	01db66b3	or	x13,x22,x29	 x22:0x00000000 x29:0x80009f4c x13=0x80009f4c
       15195000	      1518	80003c5c	04731463	bne	x6,x7,80003ca4	  x6:0x80003c00  x7:0x80003ae0
       15205000	      1519	00000000	00000013	addi	x0,x0,0	  x0:0x00000000
       15215000	      1520	80003ca0	00000013	addi	x0,x0,0	  x0:0x00000000
       15225000	      1521	80003ca4	60fd6fb7	lui	x31,0x60fd6	 x31=0x60fd6000
       15235000	      1522	80003ca8	05b2c463	blt	x5,x27,80003cf0	  x5:0x80003be5 x27:0x80003a50
       15245000	      1523	80003cac	02c9fa63	bgeu	x19,x12,80003ce0	 x19:0x80000b88 x12:0x80003af0
       15255000	      1524	80003cb0	01c72033	slt	x0,x14,x28	 x14:0x80003a1c x28:0x80003bb4
       15265000	      1525	80003cb4	01084463	blt	x16,x16,80003cbc	 x16:0x80003924 x16:0x80003924
       15275000	      1526	80003cb8	019d07b3	add	x15,x26,x25	 x26:0x62003acc x25:0x80000000 x15=0xe2003acc
       15285000	      1527	80003cbc	12bffd93	andi	x27,x31,299	 x31:0x60fd6000 x27=0x00000000
       15295000	      1528	80003cc0	0176d3b3	srl	x7,x13,x23	 x13:0x80009f4c x23:0x00000000  x7=0x80009f4c
       15305000	      1529	80003cc4	0088d693	srli	x13,x17,0x8	 x17:0x80009fc4 x13=0x0080009f
       15315000	      1530	80003cc8	05cd7213	andi	x4,x26,92	 x26:0x62003acc  x4=0x0000004c
       15325000	      1531	80003ccc	84e42213	slti	x4,x8,-1970	  x8:0x80003be8  x4=0x00000001
       15335000	      1532	80003cd0	cb912417	auipc	x8,0xcb912	  x8=0x4b915ccc
       15345000	      1533	80003cd4	7a0e0c17	auipc	x24,0x7a0e0	 x24=0xfa0e3cd0
       15355000	      1534	80003cd8	00e29cb3	sll	x25,x5,x14	  x5:0x80003be5 x14:0x80003a1c x25=0x50000000
       15365000	      1535	80003cdc	40ca8933	sub	x18,x21,x12	 x21:0x00000000 x12:0x80003af0 x18=0x7fffc510
       15375000	      1536	80003ce0	15a9c193	xori	x3,x19,346	 x19:0x80000b88  x3=0x80000ad2
       15385000	      1537	80003ce4	00dc1c13	slli	x24,x24,0xd	 x24:0xfa0e3cd0 x24=0xc79a0000
       15395000	      1538	80003ce8	4067d1b3	sra	x3,x15,x6	 x15:0xe2003acc  x6:0x80003c00  x3=0xe2003acc
       15405000	      1539	80003cec	040a7063	bgeu	x20,x0,80003d2c	 x20:0x80003abc  x0:0x00000000
       15415000	      1540	00000000	00000013	addi	x0,x0,0	  x0:0x00000000
       15425000	      1541	80003d28	00000013	addi	x0,x0,0	  x0:0x00000000
       15435000	      1542	80003d2c	0191ecb3	or	x25,x3,x25	  x3:0xe2003acc x25:0x50000000 x25=0xf2003acc
       15445000	      1543	80003d30	014823b3	slt	x7,x16,x20	 x16:0x80003924 x20:0x80003abc  x7=0x00000001
       15455000	      1544	80003d34	02bf6663	bltu	x30,x11,80003d60	 x30:0x00000000 x11:0x00000001
       15465000	      1545	00000000	00000013	addi	x0,x0,0	  x0:0x00000000
       15475000	      1546	80003d5c	00000013	addi	x0,x0,0	  x0:0x00000000
       15485000	      1547	80003d60	05235263	bge	x6,x18,80003da4	  x6:0x80003c00 x18:0x7fffc510
       15495000	      1548	80003d64	03580663	beq	x16,x21,80003d90	 x16:0x80003924 x21:0x00000000
       15505000	      1549	80003d68	016840b3	xor	x1,x16,x22	 x16:0x80003924 x22:0x00000000  x1=0x80003924
       15515000	      1550	80003d6c	41e950b3	sra	x1,x18,x30	 x18:0x7fffc510 x30:0x00000000  x1=0x7fffc510
       15525000	      1551	80003d70	67068513	addi	x10,x13,1648	 x13:0x0080009f x10=0x0080070f
       15535000	      1552	80003d74	03059e63	bne	x11,x16,80003db0	 x11:0x00000001 x16:0x80003924
       15545000	      1553	00000000	00000013	addi	x0,x0,0	  x0:0x00000000
       15555000	      1554	80003dac	00000013	addi	x0,x0,0	  x0:0x00000000
       15565000	      1555	80003db0	40935833	sra	x16,x6,x9	  x6:0x80003c00  x9:0x80003990 x16=0xffff8000
       15575000	      1556	80003db4	0bddd663	bge	x27,x29,80003e60	 x27:0x00000000 x29:0x80009f4c
       15585000	      1557	00000000	00000013	addi	x0,x0,0	  x0:0x00000000
       15595000	      1558	80003e5c	00000013	addi	x0,x0,0	  x0:0x00000000
       15605000	      1559	80003e60	049a1863	bne	x20,x9,80003eb0	 x20:0x80003abc  x9:0x80003990
       15615000	      1560	00000000	00000013	addi	x0,x0,0	  x0:0x00000000
       15625000	      1561	80003eac	00000013	addi	x0,x0,0	  x0:0x00000000
       15635000	      1562	80003eb0	93c22093	slti	x1,x4,-1732	  x4:0x00000001  x1=0x00000000
       15645000	      1563	80003eb4	043a1863	bne	x20,x3,80003f04	 x20:0x80003abc  x3:0xe2003acc
       15655000	      1564	00000000	00000013	addi	x0,x0,0	  x0:0x00000000
       15665000	      1565	80003f00	00000013	addi	x0,x0,0	  x0:0x00000000
       15675000	      1566	80003f04	3cdc3313	sltiu	x6,x24,973	 x24:0xc79a0000  x6=0x00000000
       15685000	      1567	80003f08	41dc8f33	sub	x30,x25,x29	 x25:0xf2003acc x29:0x80009f4c x30=0x71ff9b80
       15695000	      1568	80003f0c	418c03b3	sub	x7,x24,x24	 x24:0xc79a0000 x24:0xc79a0000  x7=0x00000000
       15705000	      1569	80003f10	cb253793	sltiu	x15,x10,-846	 x10:0x0080070f x15=0x00000001
       15715000	      1570	80003f14	56bda7b7	lui	x15,0x56bda	 x15=0x56bda000
       15725000	      1571	80003f18	de32e417	auipc	x8,0xde32e	  x8=0x5e331f14
       15735000	      1572	80003f1c	0025f333	and	x6,x11,x2	 x11:0x00000001  x2:0xf36f2740  x6=0x00000000
       15745000	      1573	80003f20	03addc63	bge	x27,x26,80003f58	 x27:0x00000000 x26:0x62003acc
       15755000	      1574	80003f24	0020dcb3	srl	x25,x1,x2	  x1:0x00000000  x2:0xf36f2740 x25=0x00000000
       15765000	      1575	80003f28	1b043f93	sltiu	x31,x8,432	  x8:0x5e331f14 x31=0x00000000
       15775000	      1576	80003f2c	01898c63	beq	x19,x24,80003f44	 x19:0x80000b88 x24:0xc79a0000
       15785000	      1577	80003f30	0196f0b3	and	x1,x13,x25	 x13:0x0080009f x25:0x00000000  x1=0x00000000
       15795000	      1578	80003f34	01979213	slli	x4,x15,0x19	 x15:0x56bda000  x4=0x00000000
       15805000	      1579	80003f38	01b851b3	srl	x3,x16,x27	 x16:0xffff8000 x27:0x00000000  x3=0xffff8000
       15815000	      1580	80003f3c	39614b93	xori	x23,x2,918	  x2:0xf36f2740 x23=0xf36f24d6
       15825000	      1581	80003f40	03dd6863	bltu	x26,x29,80003f70	 x26:0x62003acc x29:0x80009f4c
       15835000	      1582	00000000	00000013	addi	x0,x0,0	  x0:0x00000000
       15845000	      1583	80003f6c	00000013	addi	x0,x0,0	  x0:0x00000000
       15855000	      1584	80003f70	8ba0ed93	ori	x27,x1,-1862	  x1:0x00000000 x27=0xfffff8ba
       15865000	      1585	80003f74	01ed83b3	add	x7,x27,x30	 x27:0xfffff8ba x30:0x71ff9b80  x7=0x71ff943a
       15875000	      1586	80003f78	40a182b3	sub	x5,x3,x10	  x3:0xffff8000 x10:0x0080070f  x5=0xff7f78f1
       15885000	      1587	80003f7c	9e2b4793	xori	x15,x22,-1566	 x22:0x00000000 x15=0xfffff9e2
       15895000	      1588	80003f80	9daf2913	slti	x18,x30,-1574	 x30:0x71ff9b80 x18=0x00000000
       15905000	      1589	80003f84	401ed733	sra	x14,x29,x1	 x29:0x80009f4c  x1:0x00000000 x14=0x80009f4c
       15915000	      1590	80003f88	36846c97	auipc	x25,0x36846	 x25=0xb6849f84
       15925000	      1591	80003f8c	01618db3	add	x27,x3,x22	  x3:0xffff8000 x22:0x00000000 x27=0xffff8000
       15935000	      1592	80003f90	004cda13	srli	x20,x25,0x4	 x25:0xb6849f84 x20=0x0b6849f8
       15945000	      1593	80003f94	2d346b93	ori	x23,x8,723	  x8:0x5e331f14 x23=0x5e331fd7
       15955000	      1594	80003f98	02ded863	bge	x29,x13,80003fc8	 x29:0x80009f4c x13:0x0080009f
       15965000	      1595	80003f9c	02face63	blt	x21,x15,80003fd8	 x21:0x00000000 x15:0xfffff9e2
       15975000	      1596	80003fa0	f8c6f713	andi	x14,x13,-116	 x13:0x0080009f x14=0x0080008c
       15985000	      1597	80003fa4	28a76013	ori	x0,x14,650	 x14:0x0080008c
       15995000	      1598	80003fa8	0049f1b3	and	x3,x19,x4	 x19:0x80000b88  x4:0x00000000  x3=0x00000000
       16005000	      1599	80003fac	405555b3	sra	x11,x10,x5	 x10:0x0080070f  x5:0xff7f78f1 x11=0x00000040
       16015000	      1600	80003fb0	01047a63	bgeu	x8,x16,80003fc4	  x8:0x5e331f14 x16:0xffff8000
       16025000	      1601	80003fb4	5ef0ef93	ori	x31,x1,1519	  x1:0x00000000 x31=0x000005ef
       16035000	      1602	80003fb8	005fd663	bge	x31,x5,80003fc4	 x31:0x000005ef  x5:0xff7f78f1
       16045000	      1603	00000000	00000013	addi	x0,x0,0	  x0:0x00000000
       16055000	      1604	80003fc0	00000013	addi	x0,x0,0	  x0:0x00000000
       16065000	      1605	80003fc4	00000013	addi	x0,x0,0	  x0:0x00000000
       16075000	      1606	80003fc8	ecba7213	andi	x4,x20,-309	 x20:0x0b6849f8  x4=0x0b6848c8
       16085000	      1607	80003fcc	dd2ef593	andi	x11,x29,-558	 x29:0x80009f4c x11=0x80009d40
       16095000	      1608	80003fd0	400652b3	sra	x5,x12,x0	 x12:0x80003af0  x0:0x00000000  x5=0x80003af0
       16105000	      1609	80003fd4	005d1bb3	sll	x23,x26,x5	 x26:0x62003acc  x5:0x80003af0 x23=0x3acc0000
       16115000	      1610	80003fd8	35430c93	addi	x25,x6,852	  x6:0x00000000 x25=0x00000354
       16125000	      1611	80003fdc	00e85f13	srli	x30,x16,0xe	 x16:0xffff8000 x30=0x0003fffe
       16135000	      1612	80003fe0	00901933	sll	x18,x0,x9	  x0:0x00000000  x9:0x80003990 x18=0x00000000
       16145000	      1613	80003fe4	00dabfb3	sltu	x31,x21,x13	 x21:0x00000000 x13:0x0080009f x31=0x00000001
       16155000	      1614	80003fe8	f0026213	ori	x4,x4,-256	  x4:0x0b6848c8  x4=0xffffffc8
       16165000	      1615	80003fec	04cfd063	bge	x31,x12,8000402c	 x31:0x00000001 x12:0x80003af0
       16175000	      1616	00000000	00000013	addi	x0,x0,0	  x0:0x00000000
       16185000	      1617	80004028	00000013	addi	x0,x0,0	  x0:0x00000000
       16195000	      1618	8000402c	daf46f13	ori	x30,x8,-593	  x8:0x5e331f14 x30=0xffffffbf
       16205000	      1619	80004030	0c789663	bne	x17,x7,800040fc	 x17:0x80009fc4  x7:0x71ff943a
       16215000	      1620	00000000	00000013	addi	x0,x0,0	  x0:0x00000000
       16225000	      1621	800040f8	00000013	addi	x0,x0,0	  x0:0x00000000
       16235000	      1622	800040fc	04676463	bltu	x14,x6,80004144	 x14:0x0080008c  x6:0x00000000
       16245000	      1623	80004100	05927863	bgeu	x4,x25,80004150	  x4:0xffffffc8 x25:0x00000354
       16255000	      1624	00000000	00000013	addi	x0,x0,0	  x0:0x00000000
       16265000	      1625	8000414c	00000013	addi	x0,x0,0	  x0:0x00000000
       16275000	      1626	80004150	001c1663	bne	x24,x1,8000415c	 x24:0xc79a0000  x1:0x00000000
       16285000	      1627	00000000	00000013	addi	x0,x0,0	  x0:0x00000000
       16295000	      1628	80004158	00000013	addi	x0,x0,0	  x0:0x00000000
       16305000	      1629	8000415c	0018a333	slt	x6,x17,x1	 x17:0x80009fc4  x1:0x00000000  x6=0x00000001
       16315000	      1630	80004160	4045dc13	srai	x24,x11,0x4	 x11:0x80009d40 x24=0xf80009d4
       16325000	      1631	80004164	f3afeb13	ori	x22,x31,-198	 x31:0x00000001 x22=0xffffff3b
       16335000	      1632	80004168	14e7b193	sltiu	x3,x15,334	 x15:0xfffff9e2  x3=0x00000000
       16345000	      1633	8000416c	44f5cb93	xori	x23,x11,1103	 x11:0x80009d40 x23=0x8000990f
       16355000	      1634	80004170	b4b5b493	sltiu	x9,x11,-1205	 x11:0x80009d40  x9=0x00000001
       16365000	      1635	80004174	007aea33	or	x20,x21,x7	 x21:0x00000000  x7:0x71ff943a x20=0x71ff943a
       16375000	      1636	80004178	cf222293	slti	x5,x4,-782	  x4:0xffffffc8  x5=0x00000000
       16385000	      1637	8000417c	84d02293	slti	x5,x0,-1971	  x0:0x00000000  x5=0x00000000
       16395000	      1638	80004180	05b8d063	bge	x17,x27,800041c0	 x17:0x80009fc4 x27:0xffff8000
       16405000	      1639	80004184	408c5233	sra	x4,x24,x8	 x24:0xf80009d4  x8:0x5e331f14  x4=0xffffff80
       16415000	      1640	80004188	01cf9213	slli	x4,x31,0x1c	 x31:0x00000001  x4=0x10000000
       16425000	      1641	8000418c	9c838693	addi	x13,x7,-1592	  x7:0x71ff943a x13=0x71ff8e02
       16435000	      1642	80004190	405ed913	srai	x18,x29,0x5	 x29:0x80009f4c x18=0xfc0004fa
       16445000	      1643	80004194	0437c463	blt	x15,x3,800041dc	 x15:0xfffff9e2  x3:0x00000000
       16455000	      1644	00000000	00000013	addi	x0,x0,0	  x0:0x00000000
       16465000	      1645	800041d8	00000013	addi	x0,x0,0	  x0:0x00000000
       16475000	      1646	800041dc	05ad9863	bne	x27,x26,8000422c	 x27:0xffff8000 x26:0x62003acc
       16485000	      1647	00000000	00000013	addi	x0,x0,0	  x0:0x00000000
       16495000	      1648	80004228	00000013	addi	x0,x0,0	  x0:0x00000000
       16505000	      1649	8000422c	c1d97013	andi	x0,x18,-995	 x18:0xfc0004fa
       16515000	      1650	80004230	015930b3	sltu	x1,x18,x21	 x18:0xfc0004fa x21:0x00000000  x1=0x00000000
       16525000	      1651	80004234	01c78c63	beq	x15,x28,8000424c	 x15:0xfffff9e2 x28:0x80003bb4
       16535000	      1652	80004238	0059b833	sltu	x16,x19,x5	 x19:0x80000b88  x5:0x00000000 x16=0x00000000
       16545000	      1653	8000423c	414bd193	srai	x3,x23,0x14	 x23:0x8000990f  x3=0xfffff800
       16555000	      1654	80004240	0078fe33	and	x28,x17,x7	 x17:0x80009fc4  x7:0x71ff943a x28=0x00009400
       16565000	      1655	80004244	d981d317	auipc	x6,0xd981d	  x6=0x59821240
       16575000	      1656	80004248	04a58463	beq	x11,x10,80004290	 x11:0x80009d40 x10:0x0080070f
       16585000	      1657	8000424c	dfbabb93	sltiu	x23,x21,-517	 x21:0x00000000 x23=0x00000001
       16595000	      1658	80004250	05be0063	beq	x28,x27,80004290	 x28:0x00009400 x27:0xffff8000
       16605000	      1659	80004254	40b65293	srai	x5,x12,0xb	 x12:0x80003af0  x5=0xfff00007
       16615000	      1660	80004258	0191cb33	xor	x22,x3,x25	  x3:0xfffff800 x25:0x00000354 x22=0xfffffb54
       16625000	      1661	8000425c	fab33e17	auipc	x28,0xfab33	 x28=0x7ab37258
       16635000	      1662	80004260	9c88a813	slti	x16,x17,-1592	 x17:0x80009fc4 x16=0x00000001
       16645000	      1663	80004264	4065df93	srai	x31,x11,0x6	 x11:0x80009d40 x31=0xfe000275
       16655000	      1664	80004268	6ae33b93	sltiu	x23,x6,1710	  x6:0x59821240 x23=0x00000000
       16665000	      1665	8000426c	03026263	bltu	x4,x16,80004290	  x4:0x10000000 x16:0x00000001
       16675000	      1666	80004270	00e3f1b3	and	x3,x7,x14	  x7:0x71ff943a x14:0x0080008c  x3=0x00800008
       16685000	      1667	80004274	386ec093	xori	x1,x29,902	 x29:0x80009f4c  x1=0x80009cca
       16695000	      1668	80004278	00000013	addi	x0,x0,0	  x0:0x00000000
       16705000	      1669	8000427c	00561993	slli	x19,x12,0x5	 x12:0x80003af0 x19=0x00075e00
       16715000	      1670	80004280	0093d6b3	srl	x13,x7,x9	  x7:0x71ff943a  x9:0x00000001 x13=0x38ffca1d
       16725000	      1671	80004284	f928f493	andi	x9,x17,-110	 x17:0x80009fc4  x9=0x80009f80
       16735000	      1672	80004288	00000013	addi	x0,x0,0	  x0:0x00000000
       16745000	      1673	8000428c	2ffb0d13	addi	x26,x22,767	 x22:0xfffffb54 x26=0xfffffe53
       16755000	      1674	80004290	40695db3	sra	x27,x18,x6	 x18:0xfc0004fa  x6:0x59821240 x27=0xfc0004fa
       16765000	      1675	80004294	07fe49b7	lui	x19,0x7fe4	 x19=0x07fe4000
       16775000	      1676	80004298	04b50863	beq	x10,x11,800042e8	 x10:0x0080070f x11:0x80009d40
       16785000	      1677	8000429c	72c5cb93	xori	x23,x11,1836	 x11:0x80009d40 x23=0x80009a6c
       16795000	      1678	800042a0	008ed533	srl	x10,x29,x8	 x29:0x80009f4c  x8:0x5e331f14 x10=0x00000800
       16805000	      1679	800042a4	01641c33	sll	x24,x8,x22	  x8:0x5e331f14 x22:0xfffffb54 x24=0xf1400000
       16815000	      1680	800042a8	014d1463	bne	x26,x20,800042b0	 x26:0xfffffe53 x20:0x71ff943a
       16825000	      1681	00000000	00000013	addi	x0,x0,0	  x0:0x00000000
       16835000	      1682	800042ac	00000013	addi	x0,x0,0	  x0:0x00000000
       16845000	      1683	800042b0	0078b733	sltu	x14,x17,x7	 x17:0x80009fc4  x7:0x71ff943a x14=0x00000000
       16855000	      1684	800042b4	01584463	blt	x16,x21,800042bc	 x16:0x00000001 x21:0x00000000
       16865000	      1685	800042b8	0863bd13	sltiu	x26,x7,134	  x7:0x71ff943a x26=0x00000000
       16875000	      1686	800042bc	02dbca63	blt	x23,x13,800042f0	 x23:0x80009a6c x13:0x38ffca1d
       16885000	      1687	00000000	00000013	addi	x0,x0,0	  x0:0x00000000
       16895000	      1688	800042ec	00000013	addi	x0,x0,0	  x0:0x00000000
       16905000	      1689	800042f0	00002bb3	slt	x23,x0,x0	  x0:0x00000000  x0:0x00000000 x23=0x00000000
       16915000	      1690	800042f4	01b9d663	bge	x19,x27,80004300	 x19:0x07fe4000 x27:0xfc0004fa
       16925000	      1691	00000000	00000013	addi	x0,x0,0	  x0:0x00000000
       16935000	      1692	800042fc	00000013	addi	x0,x0,0	  x0:0x00000000
       16945000	      1693	80004300	048f5663	bge	x30,x8,8000434c	 x30:0xffffffbf  x8:0x5e331f14
       16955000	      1694	80004304	01df5593	srli	x11,x30,0x1d	 x30:0xffffffbf x11=0x00000007
       16965000	      1695	80004308	00a20d33	add	x26,x4,x10	  x4:0x10000000 x10:0x00000800 x26=0x10000800
       16975000	      1696	8000430c	41b0cdb7	lui	x27,0x41b0c	 x27=0x41b0c000
       16985000	      1697	80004310	00678d33	add	x26,x15,x6	 x15:0xfffff9e2  x6:0x59821240 x26=0x59820c22
       16995000	      1698	80004314	053af863	bgeu	x21,x19,80004364	 x21:0x00000000 x19:0x07fe4000
       17005000	      1699	80004318	78008a13	addi	x20,x1,1920	  x1:0x80009cca x20=0x8000a44a
       17015000	      1700	8000431c	320b8593	addi	x11,x23,800	 x23:0x00000000 x11=0x00000320
       17025000	      1701	80004320	017a9493	slli	x9,x21,0x17	 x21:0x00000000  x9=0x00000000
       17035000	      1702	80004324	0005c263	blt	x11,x0,80004328	 x11:0x00000320  x0:0x00000000
       17045000	      1703	80004328	01eae3b3	or	x7,x21,x30	 x21:0x00000000 x30:0xffffffbf  x7=0xffffffbf
       17055000	      1704	8000432c	0292f263	bgeu	x5,x9,80004350	  x5:0xfff00007  x9:0x00000000
       17065000	      1705	00000000	00000013	addi	x0,x0,0	  x0:0x00000000
       17075000	      1706	8000434c	00000013	addi	x0,x0,0	  x0:0x00000000
       17085000	      1707	80004350	011f0fb3	add	x31,x30,x17	 x30:0xffffffbf x17:0x80009fc4 x31=0x80009f83
       17095000	      1708	80004354	c1cd8c37	lui	x24,0xc1cd8	 x24=0xc1cd8000
       17105000	      1709	80004358	0108ffb3	and	x31,x17,x16	 x17:0x80009fc4 x16:0x00000001 x31=0x00000000
       17115000	      1710	8000435c	03e2d863	bge	x5,x30,8000438c	  x5:0xfff00007 x30:0xffffffbf
       17125000	      1711	80004360	dd32a213	slti	x4,x5,-557	  x5:0xfff00007  x4=0x00000001
       17135000	      1712	80004364	de4d2f93	slti	x31,x26,-540	 x26:0x59820c22 x31=0x00000000
       17145000	      1713	80004368	5117e513	ori	x10,x15,1297	 x15:0xfffff9e2 x10=0xfffffdf3
       17155000	      1714	8000436c	019ea433	slt	x8,x29,x25	 x29:0x80009f4c x25:0x00000354  x8=0x00000001
       17165000	      1715	80004370	00ac1233	sll	x4,x24,x10	 x24:0xc1cd8000 x10:0xfffffdf3  x4=0x00000000
       17175000	      1716	80004374	001eadb3	slt	x27,x29,x1	 x29:0x80009f4c  x1:0x80009cca x27=0x00000000
       17185000	      1717	80004378	41835633	sra	x12,x6,x24	  x6:0x59821240 x24:0xc1cd8000 x12=0x59821240
       17195000	      1718	8000437c	a4ecf293	andi	x5,x25,-1458	 x25:0x00000354  x5=0x00000244
       17205000	      1719	80004380	04d2c063	blt	x5,x13,800043c0	  x5:0x00000244 x13:0x38ffca1d
       17215000	      1720	00000000	00000013	addi	x0,x0,0	  x0:0x00000000
       17225000	      1721	800043bc	00000013	addi	x0,x0,0	  x0:0x00000000
       17235000	      1722	800043c0	fb98cf13	xori	x30,x17,-71	 x17:0x80009fc4 x30=0x7fff607d
       17245000	      1723	800043c4	01adc933	xor	x18,x27,x26	 x27:0x00000000 x26:0x59820c22 x18=0x59820c22
       17255000	      1724	800043c8	01c256b3	srl	x13,x4,x28	  x4:0x00000000 x28:0x7ab37258 x13=0x00000000
       17265000	      1725	800043cc	00c51313	slli	x6,x10,0xc	 x10:0xfffffdf3  x6=0xffdf3000
       17275000	      1726	800043d0	401eddb3	sra	x27,x29,x1	 x29:0x80009f4c  x1:0x80009cca x27=0xffe00027
       17285000	      1727	800043d4	01ab6bb3	or	x23,x22,x26	 x22:0xfffffb54 x26:0x59820c22 x23=0xffffff76
       17295000	      1728	800043d8	05d48863	beq	x9,x29,80004428	  x9:0x00000000 x29:0x80009f4c
       17305000	      1729	800043dc	0197ae33	slt	x28,x15,x25	 x15:0xfffff9e2 x25:0x00000354 x28=0x00000001
       17315000	      1730	800043e0	00779c93	slli	x25,x15,0x7	 x15:0xfffff9e2 x25=0xfffcf100
       17325000	      1731	800043e4	01a8b0b3	sltu	x1,x17,x26	 x17:0x80009fc4 x26:0x59820c22  x1=0x00000000
       17335000	      1732	800043e8	05418463	beq	x3,x20,80004430	  x3:0x00800008 x20:0x8000a44a
       17345000	      1733	800043ec	418b5013	srai	x0,x22,0x18	 x22:0xfffffb54
       17355000	      1734	800043f0	040fe663	bltu	x31,x0,8000443c	 x31:0x00000000  x0:0x00000000
       17365000	      1735	800043f4	40d4dd93	srai	x27,x9,0xd	  x9:0x00000000 x27=0x00000000
       17375000	      1736	800043f8	01796b33	or	x22,x18,x23	 x18:0x59820c22 x23:0xffffff76 x22=0xffffff76
       17385000	      1737	800043fc	00c53c33	sltu	x24,x10,x12	 x10:0xfffffdf3 x12:0x59821240 x24=0x00000000
       17395000	      1738	80004400	00a06233	or	x4,x0,x10	  x0:0x00000000 x10:0xfffffdf3  x4=0xfffffdf3
       17405000	      1739	80004404	eadb8397	auipc	x7,0xeadb8	  x7=0x6adbc400
       17415000	      1740	80004408	10d4a193	slti	x3,x9,269	  x9:0x00000000  x3=0x00000001
       17425000	      1741	8000440c	000b24b3	slt	x9,x22,x0	 x22:0xffffff76  x0:0x00000000  x9=0x00000001
       17435000	      1742	80004410	00000013	addi	x0,x0,0	  x0:0x00000000
       17445000	      1743	80004414	000fafb3	slt	x31,x31,x0	 x31:0x00000000  x0:0x00000000 x31=0x00000000
       17455000	      1744	80004418	05828463	beq	x5,x24,80004460	  x5:0x00000244 x24:0x00000000
       17465000	      1745	8000441c	40025a33	sra	x20,x4,x0	  x4:0xfffffdf3  x0:0x00000000 x20=0xfffffdf3
       17475000	      1746	80004420	014f3733	sltu	x14,x30,x20	 x30:0x7fff607d x20:0xfffffdf3 x14=0x00000001
       17485000	      1747	80004424	466b6393	ori	x7,x22,1126	 x22:0xffffff76  x7=0xffffff76
       17495000	      1748	80004428	01641213	slli	x4,x8,0x16	  x8:0x00000001  x4=0x00400000
       17505000	      1749	8000442c	00c615b3	sll	x11,x12,x12	 x12:0x59821240 x12:0x59821240 x11=0x59821240
       17515000	      1750	80004430	04f47063	bgeu	x8,x15,80004470	  x8:0x00000001 x15:0xfffff9e2
       17525000	      1751	80004434	00b3f6b3	and	x13,x7,x11	  x7:0xffffff76 x11:0x59821240 x13=0x59821240
       17535000	      1752	80004438	000a7b33	and	x22,x20,x0	 x20:0xfffffdf3  x0:0x00000000 x22=0x00000000
       17545000	      1753	8000443c	40de84b3	sub	x9,x29,x13	 x29:0x80009f4c x13:0x59821240  x9=0x267e8d0c
       17555000	      1754	80004440	011a9d93	slli	x27,x21,0x11	 x21:0x00000000 x27=0x00000000
       17565000	      1755	80004444	033c9263	bne	x25,x19,80004468	 x25:0xfffcf100 x19:0x07fe4000
       17575000	      1756	00000000	00000013	addi	x0,x0,0	  x0:0x00000000
       17585000	      1757	80004464	00000013	addi	x0,x0,0	  x0:0x00000000
       17595000	      1758	80004468	3a40ac13	slti	x24,x1,932	  x1:0x00000000 x24=0x00000001
       17605000	      1759	8000446c	eb597813	andi	x16,x18,-331	 x18:0x59820c22 x16=0x59820c20
       17615000	      1760	80004470	00000013	addi	x0,x0,0	  x0:0x00000000
       17625000	      1761	80004474	00000013	addi	x0,x0,0	  x0:0x00000000
       17635000	      1762	80004478	05fc0263	beq	x24,x31,800044bc	 x24:0x00000001 x31:0x00000000
       17645000	      1763	8000447c	41445193	srai	x3,x8,0x14	  x8:0x00000001  x3=0x00000000
       17655000	      1764	80004480	01634db3	xor	x27,x6,x22	  x6:0xffdf3000 x22:0x00000000 x27=0xffdf3000
       17665000	      1765	80004484	0118f1b3	and	x3,x17,x17	 x17:0x80009fc4 x17:0x80009fc4  x3=0x80009fc4
       17675000	      1766	80004488	d87f2d37	lui	x26,0xd87f2	 x26=0xd87f2000
       17685000	      1767	8000448c	0b833cb7	lui	x25,0xb833	 x25=0x0b833000
       17695000	      1768	80004490	40fc5c93	srai	x25,x24,0xf	 x24:0x00000001 x25=0x00000000
       17705000	      1769	80004494	d01d0293	addi	x5,x26,-767	 x26:0xd87f2000  x5=0xd87f1d01
       17715000	      1770	80004498	41685c93	srai	x25,x16,0x16	 x16:0x59820c20 x25=0x00000166
       17725000	      1771	8000449c	015ae463	bltu	x21,x21,800044a4	 x21:0x00000000 x21:0x00000000
       17735000	      1772	800044a0	b60c3013	sltiu	x0,x24,-1184	 x24:0x00000001
       17745000	      1773	800044a4	09b18c13	addi	x24,x3,155	  x3:0x80009fc4 x24=0x8000a05f
       17755000	      1774	800044a8	10d81d97	auipc	x27,0x10d81	 x27=0x90d854a4
       17765000	      1775	800044ac	04280863	beq	x16,x2,800044fc	 x16:0x59820c20  x2:0xf36f2740
       17775000	      1776	800044b0	4035df33	sra	x30,x11,x3	 x11:0x59821240  x3:0x80009fc4 x30=0x05982124
       17785000	      1777	800044b4	04a10063	beq	x2,x10,800044f4	  x2:0xf36f2740 x10:0xfffffdf3
       17795000	      1778	800044b8	97213b93	sltiu	x23,x2,-1678	  x2:0xf36f2740 x23=0x00000001
       17805000	      1779	800044bc	40598cb3	sub	x25,x19,x5	 x19:0x07fe4000  x5:0xd87f1d01 x25=0x2f7f22ff
       17815000	      1780	800044c0	0023dfb3	srl	x31,x7,x2	  x7:0xffffff76  x2:0xf36f2740 x31=0xffffff76
       17825000	      1781	800044c4	ecd84d13	xori	x26,x16,-307	 x16:0x59820c20 x26=0xa67df2ed
       17835000	      1782	800044c8	0130d933	srl	x18,x1,x19	  x1:0x00000000 x19:0x07fe4000 x18=0x00000000
       17845000	      1783	800044cc	02a14513	xori	x10,x2,42	  x2:0xf36f2740 x10=0xf36f276a
       17855000	      1784	800044d0	01c8b433	sltu	x8,x17,x28	 x17:0x80009fc4 x28:0x00000001  x8=0x00000000
       17865000	      1785	800044d4	fcdb3917	auipc	x18,0xfcdb3	 x18=0x7cdb74d0
       17875000	      1786	800044d8	00380bb3	add	x23,x16,x3	 x16:0x59820c20  x3:0x80009fc4 x23=0xd982abe4
       17885000	      1787	800044dc	0025b6b3	sltu	x13,x11,x2	 x11:0x59821240  x2:0xf36f2740 x13=0x00000001
       17895000	      1788	800044e0	fffc7737	lui	x14,0xfffc7	 x14=0xfffc7000
       17905000	      1789	800044e4	01a3cb33	xor	x22,x7,x26	  x7:0xffffff76 x26:0xa67df2ed x22=0x59820d9b
       17915000	      1790	800044e8	01e2b4b3	sltu	x9,x5,x30	  x5:0xd87f1d01 x30:0x05982124  x9=0x00000000
       17925000	      1791	800044ec	ec8f6093	ori	x1,x30,-312	 x30:0x05982124  x1=0xffffffec
       17935000	      1792	800044f0	01dfe833	or	x16,x31,x29	 x31:0xffffff76 x29:0x80009f4c x16=0xffffff7e
       17945000	      1793	800044f4	00d94a33	xor	x20,x18,x13	 x18:0x7cdb74d0 x13:0x00000001 x20=0x7cdb74d1
       17955000	      1794	800044f8	00abcd33	xor	x26,x23,x10	 x23:0xd982abe4 x10:0xf36f276a x26=0x2aed8c8e
       17965000	      1795	800044fc	013f0533	add	x10,x30,x19	 x30:0x05982124 x19:0x07fe4000 x10=0x0d966124
       17975000	      1796	80004500	01e89f93	slli	x31,x17,0x1e	 x17:0x80009fc4 x31=0x00000000
       17985000	      1797	80004504	01935693	srli	x13,x6,0x19	  x6:0xffdf3000 x13=0x0000007f
       17995000	      1798	80004508	bde12313	slti	x6,x2,-1058	  x2:0xf36f2740  x6=0x00000001
       18005000	      1799	8000450c	5a250993	addi	x19,x10,1442	 x10:0x0d966124 x19=0x0d9666c6
       18015000	      1800	80004510	50d87a13	andi	x20,x16,1293	 x16:0xffffff7e x20=0x0000050c
       18025000	      1801	80004514	fe152c93	slti	x25,x10,-31	 x10:0x0d966124 x25=0x00000000
       18035000	      1802	80004518	01531ab3	sll	x21,x6,x21	  x6:0x00000001 x21:0x00000000 x21=0x00000001
       18045000	      1803	8000451c	01289733	sll	x14,x17,x18	 x17:0x80009fc4 x18:0x7cdb74d0 x14=0x9fc40000
       18055000	      1804	80004520	02497a63	bgeu	x18,x4,80004554	 x18:0x7cdb74d0  x4:0x00400000
       18065000	      1805	00000000	00000013	addi	x0,x0,0	  x0:0x00000000
       18075000	      1806	80004550	00000013	addi	x0,x0,0	  x0:0x00000000
       18085000	      1807	80004554	01dde633	or	x12,x27,x29	 x27:0x90d854a4 x29:0x80009f4c x12=0x90d8dfec
       18095000	      1808	80004558	003c1713	slli	x14,x24,0x3	 x24:0x8000a05f x14=0x000502f8
       18105000	      1809	8000455c	3c15aa13	slti	x20,x11,961	 x11:0x59821240 x20=0x00000000
       18115000	      1810	80004560	01aed5b3	srl	x11,x29,x26	 x29:0x80009f4c x26:0x2aed8c8e x11=0x00020002
       18125000	      1811	80004564	93bbb693	sltiu	x13,x23,-1733	 x23:0xd982abe4 x13=0x00000001
       18135000	      1812	80004568	001e99b3	sll	x19,x29,x1	 x29:0x80009f4c  x1:0xffffffec x19=0x09f4c000
       18145000	      1813	8000456c	417cda33	sra	x20,x25,x23	 x25:0x00000000 x23:0xd982abe4 x20=0x00000000
       18155000	      1814	80004570	00209c33	sll	x24,x1,x2	  x1:0xffffffec  x2:0xf36f2740 x24=0xffffffec
       18165000	      1815	80004574	0032d313	srli	x6,x5,0x3	  x5:0xd87f1d01  x6=0x1b0fe3a0
       18175000	      1816	80004578	004ea083	lw	x1,4(x29)	 x29:0x80009f4c  x1=0x80000bd4 PA:0x80009f50
       18185000	      1817	8000457c	038e8e93	addi	x29,x29,56	 x29:0x80009f4c x29=0x80009f84
       18195000	      1818	80004580	b95d6613	ori	x12,x26,-1131	 x26:0x2aed8c8e x12=0xffffff9f
       18205000	      1819	80004584	00311713	slli	x14,x2,0x3	  x2:0xf36f2740 x14=0x9b793a00
       18215000	      1820	80004588	1cf2cb13	xori	x22,x5,463	  x5:0xd87f1d01 x22=0xd87f1cce
       18225000	      1821	8000458c	01719333	sll	x6,x3,x23	  x3:0x80009fc4 x23:0xd982abe4  x6=0x0009fc40
       18235000	      1822	80004590	9cb47837	lui	x16,0x9cb47	 x16=0x9cb47000
       18245000	      1823	80004594	00108993	addi	x19,x1,1	  x1:0x80000bd4 x19=0x80000bd5
       18255000	      1824	80004598	000989e7	jalr	x19,x19,0	 x19:0x80000bd5 x19=0x80004598
       18265000	      1825	00000000	00000013	addi	x0,x0,0	  x0:0x00000000
       18275000	      1826	80000bd4	00000013	addi	x0,x0,0	  x0:0x00000000
       18285000	      1827	80000bd8	0022c863	blt	x5,x2,80000be8	  x5:0xd87f1d01  x2:0xf36f2740
       18295000	      1828	00000000	00000013	addi	x0,x0,0	  x0:0x00000000
       18305000	      1829	80000be4	00000013	addi	x0,x0,0	  x0:0x00000000
       18315000	      1830	80000be8	01289863	bne	x17,x18,80000bf8	 x17:0x80009fc4 x18:0x7cdb74d0
       18325000	      1831	00000000	00000013	addi	x0,x0,0	  x0:0x00000000
       18335000	      1832	80000bf4	00000013	addi	x0,x0,0	  x0:0x00000000
       18345000	      1833	80000bf8	00a89e63	bne	x17,x10,80000c14	 x17:0x80009fc4 x10:0x0d966124
       18355000	      1834	00000000	00000013	addi	x0,x0,0	  x0:0x00000000
       18365000	      1835	80000c10	00000013	addi	x0,x0,0	  x0:0x00000000
       18375000	      1836	80000c14	011e4633	xor	x12,x28,x17	 x28:0x00000001 x17:0x80009fc4 x12=0x80009fc5
       18385000	      1837	80000c18	0188cdb3	xor	x27,x17,x24	 x17:0x80009fc4 x24:0xffffffec x27=0x7fff6028
       18395000	      1838	80000c1c	0398e463	bltu	x17,x25,80000c44	 x17:0x80009fc4 x25:0x00000000
       18405000	      1839	80000c20	0126fe33	and	x28,x13,x18	 x13:0x00000001 x18:0x7cdb74d0 x28=0x00000000
       18415000	      1840	80000c24	411a5513	srai	x10,x20,0x11	 x20:0x00000000 x10=0x00000000
       18425000	      1841	80000c28	01546a33	or	x20,x8,x21	  x8:0x00000000 x21:0x00000001 x20=0x00000001
       18435000	      1842	80000c2c	002964b3	or	x9,x18,x2	 x18:0x7cdb74d0  x2:0xf36f2740  x9=0xffff77d0
       18445000	      1843	80000c30	3deefa13	andi	x20,x29,990	 x29:0x80009f84 x20=0x00000384
       18455000	      1844	80000c34	0150c863	blt	x1,x21,80000c44	  x1:0x80000bd4 x21:0x00000001
       18465000	      1845	00000000	00000013	addi	x0,x0,0	  x0:0x00000000
       18475000	      1846	80000c40	00000013	addi	x0,x0,0	  x0:0x00000000
       18485000	      1847	80000c44	02c56663	bltu	x10,x12,80000c70	 x10:0x00000000 x12:0x80009fc5
       18495000	      1848	00000000	00000013	addi	x0,x0,0	  x0:0x00000000
       18505000	      1849	80000c6c	00000013	addi	x0,x0,0	  x0:0x00000000
       18515000	      1850	80000c70	01491713	slli	x14,x18,0x14	 x18:0x7cdb74d0 x14=0x4d000000
       18525000	      1851	80000c74	0c502713	slti	x14,x0,197	  x0:0x00000000 x14=0x00000001
       18535000	      1852	80000c78	01cb2233	slt	x4,x22,x28	 x22:0xd87f1cce x28:0x00000000  x4=0x00000001
       18545000	      1853	80000c7c	00000117	auipc	x2,0x0	  x2=0x80000c78
       18555000	      1854	80000c80	00c10113	addi	x2,x2,12	  x2:0x80000c78  x2=0x80000c84
       18565000	      1855	80000c84	00010067	jalr	x0,x2,0	  x2:0x80000c84
       18575000	      1856	00000000	00000013	addi	x0,x0,0	  x0:0x00000000
       18585000	      1857	80000c84	00000013	addi	x0,x0,0	  x0:0x00000000
       18595000	      1858	80000c88	00100193	addi	x3,x0,1	  x0:0x00000000  x3=0x00000001
       18605000	      1859	80000c8c	00000073	ecall	
       18615000	      1860	80000c90	fc0e8e93	addi	x29,x29,-64	 x29:0x80009f84 x29=0x80009f44
