		Time			Cycle	PC		Insn	Decoded instruction	Register and memory contents
          65000	         5	80000004	00000293	addi	x5,x0,0	  x0:0x00000000  x5=0x00000000
          75000	         6	80000008	00000313	addi	x6,x0,0	  x0:0x00000000  x6=0x00000000
          85000	         7	8000000c	00628263	beq	x5,x6,80000010	  x5:0x00000000  x6:0x00000000
          95000	         8	00000000	00000013	addi	x0,x0,0	  x0:0x00000000
         105000	         9	8000000c	00000013	addi	x0,x0,0	  x0:0x00000000
         115000	        10	80000010	00000997	auipc	x19,0x0	 x19=0x8000000c
         125000	        11	80000014	00c98993	addi	x19,x19,12	 x19:0x8000000c x19=0x80000018
         135000	        12	80000018	00098067	jalr	x0,x19,0	 x19:0x80000018
         145000	        13	00000000	00000013	addi	x0,x0,0	  x0:0x00000000
         155000	        14	80000018	00000013	addi	x0,x0,0	  x0:0x00000000
         165000	        15	8000001c	40000a37	lui	x20,0x40000	 x20=0x40000000
         175000	        16	80000020	100a0a13	addi	x20,x20,256	 x20:0x40000000 x20=0x40000100
         185000	        17	80000024	00000013	addi	x0,x0,0	  x0:0x00000000
         195000	        18	80000028	0000ae97	auipc	x29,0xa	 x29=0x8000a024
         205000	        19	8000002c	fa0e8e93	addi	x29,x29,-96	 x29:0x8000a024 x29=0x80009fc4
         215000	        20	80000030	00007a17	auipc	x20,0x7	 x20=0x8000702c
         225000	        21	80000034	534a0a13	addi	x20,x20,1332	 x20:0x8000702c x20=0x80007560
         235000	        22	80000038	001a6a13	ori	x20,x20,1	 x20:0x80007560 x20=0x80007561
         245000	        23	8000003c	00000013	addi	x0,x0,0	  x0:0x00000000
         255000	        24	80000040	00000a17	auipc	x20,0x0	 x20=0x8000003c
         265000	        25	80000044	020a0a13	addi	x20,x20,32	 x20:0x8000003c x20=0x8000005c
         275000	        26	80000048	00000013	addi	x0,x0,0	  x0:0x00000000
         285000	        27	8000004c	00000013	addi	x0,x0,0	  x0:0x00000000
         295000	        28	80000050	00002a37	lui	x20,0x2	 x20=0x00002000
         305000	        29	80000054	800a0a13	addi	x20,x20,-2048	 x20:0x00002000 x20=0x00001800
         315000	        30	80000058	00000013	addi	x0,x0,0	  x0:0x00000000
         325000	        31	8000005c	00000013	addi	x0,x0,0	  x0:0x00000000
         335000	        32	80000060	00000013	addi	x0,x0,0	  x0:0x00000000
         345000	        33	80000064	800000b7	lui	x1,0x80000	  x1=0x80000000
         355000	        34	80000068	00000113	addi	x2,x0,0	  x0:0x00000000  x2=0x00000000
         365000	        35	8000006c	f610c1b7	lui	x3,0xf610c	  x3=0xf610c000
         375000	        36	80000070	48e18193	addi	x3,x3,1166	  x3:0xf610c000  x3=0xf610c48e
         385000	        37	80000074	d29d4237	lui	x4,0xd29d4	  x4=0xd29d4000
         395000	        38	80000078	8be20213	addi	x4,x4,-1858	  x4:0xd29d4000  x4=0xd29d38be
         405000	        39	8000007c	800002b7	lui	x5,0x80000	  x5=0x80000000
         415000	        40	80000080	00d00313	addi	x6,x0,13	  x0:0x00000000  x6=0x0000000d
         425000	        41	80000084	3ac993b7	lui	x7,0x3ac99	  x7=0x3ac99000
         435000	        42	80000088	c5138393	addi	x7,x7,-943	  x7:0x3ac99000  x7=0x3ac98c51
         445000	        43	8000008c	00e00413	addi	x8,x0,14	  x0:0x00000000  x8=0x0000000e
         455000	        44	80000090	fbe4e4b7	lui	x9,0xfbe4e	  x9=0xfbe4e000
         465000	        45	80000094	25f48493	addi	x9,x9,607	  x9:0xfbe4e000  x9=0xfbe4e25f
         475000	        46	80000098	51025537	lui	x10,0x51025	 x10=0x51025000
         485000	        47	8000009c	f0450513	addi	x10,x10,-252	 x10:0x51025000 x10=0x51024f04
         495000	        48	800000a0	00b00593	addi	x11,x0,11	  x0:0x00000000 x11=0x0000000b
         505000	        49	800000a4	f0a3f637	lui	x12,0xf0a3f	 x12=0xf0a3f000
         515000	        50	800000a8	04060613	addi	x12,x12,64	 x12:0xf0a3f000 x12=0xf0a3f040
         525000	        51	800000ac	3208e6b7	lui	x13,0x3208e	 x13=0x3208e000
         535000	        52	800000b0	79268693	addi	x13,x13,1938	 x13:0x3208e000 x13=0x3208e792
         545000	        53	800000b4	f5159737	lui	x14,0xf5159	 x14=0xf5159000
         555000	        54	800000b8	3bf70713	addi	x14,x14,959	 x14:0xf5159000 x14=0xf51593bf
         565000	        55	800000bc	fbfd57b7	lui	x15,0xfbfd5	 x15=0xfbfd5000
         575000	        56	800000c0	f2e78793	addi	x15,x15,-210	 x15:0xfbfd5000 x15=0xfbfd4f2e
         585000	        57	800000c4	00f00813	addi	x16,x0,15	  x0:0x00000000 x16=0x0000000f
         595000	        58	800000c8	f2d5c937	lui	x18,0xf2d5c	 x18=0xf2d5c000
         605000	        59	800000cc	a8790913	addi	x18,x18,-1401	 x18:0xf2d5c000 x18=0xf2d5ba87
         615000	        60	800000d0	fab239b7	lui	x19,0xfab23	 x19=0xfab23000
         625000	        61	800000d4	20b98993	addi	x19,x19,523	 x19:0xfab23000 x19=0xfab2320b
         635000	        62	800000d8	00d00a13	addi	x20,x0,13	  x0:0x00000000 x20=0x0000000d
         645000	        63	800000dc	06109ab7	lui	x21,0x6109	 x21=0x06109000
         655000	        64	800000e0	1b4a8a93	addi	x21,x21,436	 x21:0x06109000 x21=0x061091b4
         665000	        65	800000e4	00100b13	addi	x22,x0,1	  x0:0x00000000 x22=0x00000001
         675000	        66	800000e8	00000b93	addi	x23,x0,0	  x0:0x00000000 x23=0x00000000
         685000	        67	800000ec	80000c37	lui	x24,0x80000	 x24=0x80000000
         695000	        68	800000f0	00000c93	addi	x25,x0,0	  x0:0x00000000 x25=0x00000000
         705000	        69	800000f4	00000d13	addi	x26,x0,0	  x0:0x00000000 x26=0x00000000
         715000	        70	800000f8	a62f4db7	lui	x27,0xa62f4	 x27=0xa62f4000
         725000	        71	800000fc	bd6d8d93	addi	x27,x27,-1066	 x27:0xa62f4000 x27=0xa62f3bd6
         735000	        72	80000100	80000e37	lui	x28,0x80000	 x28=0x80000000
         745000	        73	80000104	00d00f13	addi	x30,x0,13	  x0:0x00000000 x30=0x0000000d
         755000	        74	80000108	44914fb7	lui	x31,0x44914	 x31=0x44914000
         765000	        75	8000010c	c44f8f93	addi	x31,x31,-956	 x31:0x44914000 x31=0x44913c44
         775000	        76	80000110	0000a897	auipc	x17,0xa	 x17=0x8000a10c
         785000	        77	80000114	e7888893	addi	x17,x17,-392	 x17:0x8000a10c x17=0x80009f84
         795000	        78	80000118	010cb133	sltu	x2,x25,x16	 x25:0x00000000 x16:0x0000000f  x2=0x00000001
         805000	        79	8000011c	01935a33	srl	x20,x6,x25	  x6:0x0000000d x25:0x00000000 x20=0x0000000d
         815000	        80	80000120	00000013	addi	x0,x0,0	  x0:0x00000000
         825000	        81	80000124	00001717	auipc	x14,0x1	 x14=0x80001120
         835000	        82	80000128	3fc70713	addi	x14,x14,1020	 x14:0x80001120 x14=0x8000151c
         845000	        83	8000012c	01fe1393	slli	x7,x28,0x1f	 x28:0x80000000  x7=0x00000000
         855000	        84	80000130	f3070713	addi	x14,x14,-208	 x14:0x8000151c x14=0x8000144c
         865000	        85	80000134	f7800797	auipc	x15,0xf7800	 x15=0x77800130
         875000	        86	80000138	2a1d3e13	sltiu	x28,x26,673	 x26:0x00000000 x28=0x00000001
         885000	        87	8000013c	01b24433	xor	x8,x4,x27	  x4:0xd29d38be x27:0xa62f3bd6  x8=0x74b20368
         895000	        88	80000140	d39281b7	lui	x3,0xd3928	  x3=0xd3928000
         905000	        89	80000144	1b5ec293	xori	x5,x29,437	 x29:0x80009fc4  x5=0x80009e71
         915000	        90	80000148	e69b8813	addi	x16,x23,-407	 x23:0x00000000 x16=0xfffffe69
         925000	        91	8000014c	0d070267	jalr	x4,x14,208	 x14:0x8000144c  x4=0x8000014c
         935000	        92	00000000	00000013	addi	x0,x0,0	  x0:0x00000000
         945000	        93	8000151c	00000013	addi	x0,x0,0	  x0:0x00000000
         955000	        94	80001520	0130ab33	slt	x22,x1,x19	  x1:0x80000000 x19:0xfab2320b x22=0x00000001
         965000	        95	80001524	0a98c313	xori	x6,x17,169	 x17:0x80009f84  x6=0x80009f2d
         975000	        96	80001528	ff488893	addi	x17,x17,-12	 x17:0x80009f84 x17=0x80009f78
         985000	        97	8000152c	8cd9bd93	sltiu	x27,x19,-1843	 x19:0xfab2320b x27=0x00000001
         995000	        98	80001530	019bd533	srl	x10,x23,x25	 x23:0x00000000 x25:0x00000000 x10=0x00000000
        1005000	        99	80001534	41c5d613	srai	x12,x11,0x1c	 x11:0x0000000b x12=0x00000000
        1015000	       100	80001538	0146d593	srli	x11,x13,0x14	 x13:0x3208e792 x11=0x00000320
        1025000	       101	8000153c	0048a223	sw	x4,4(x17)	 x17:0x80009f78  x4:0x8000014c PA:0x80009f7c
        1035000	       102	80001540	000e1a13	slli	x20,x28,0x0	 x28:0x00000001 x20=0x00000001
        1045000	       103	80001544	00c3e933	or	x18,x7,x12	  x7:0x00000000 x12:0x00000000 x18=0x00000000
        1055000	       104	80001548	00750e33	add	x28,x10,x7	 x10:0x00000000  x7:0x00000000 x28=0x00000000
        1065000	       105	8000154c	00b6ffb3	and	x31,x13,x11	 x13:0x3208e792 x11:0x00000320 x31=0x00000300
        1075000	       106	80001550	00b072b3	and	x5,x0,x11	  x0:0x00000000 x11:0x00000320  x5=0x00000000
        1085000	       107	80001554	0f41f463	bgeu	x3,x20,8000163c	  x3:0xd3928000 x20:0x00000001
        1095000	       108	00000000	00000013	addi	x0,x0,0	  x0:0x00000000
        1105000	       109	80001638	00000013	addi	x0,x0,0	  x0:0x00000000
        1115000	       110	8000163c	1e198413	addi	x8,x19,481	 x19:0xfab2320b  x8=0xfab233ec
        1125000	       111	80001640	02834263	blt	x6,x8,80001664	  x6:0x80009f2d  x8:0xfab233ec
        1135000	       112	00000000	00000013	addi	x0,x0,0	  x0:0x00000000
        1145000	       113	80001660	00000013	addi	x0,x0,0	  x0:0x00000000
        1155000	       114	80001664	0018d1b3	srl	x3,x17,x1	 x17:0x80009f78  x1:0x80000000  x3=0x80009f78
        1165000	       115	80001668	00d55393	srli	x7,x10,0xd	 x10:0x00000000  x7=0x00000000
        1175000	       116	8000166c	4ef04093	xori	x1,x0,1263	  x0:0x00000000  x1=0x000004ef
        1185000	       117	80001670	05904263	blt	x0,x25,800016b4	  x0:0x00000000 x25:0x00000000
        1195000	       118	80001674	dfe53a93	sltiu	x21,x10,-514	 x10:0x00000000 x21=0x00000001
        1205000	       119	80001678	0b7214b7	lui	x9,0xb721	  x9=0x0b721000
        1215000	       120	8000167c	ea593017	auipc	x0,0xea593	
        1225000	       121	80001680	41f9db93	srai	x23,x19,0x1f	 x19:0xfab2320b x23=0xffffffff
        1235000	       122	80001684	e31e0a93	addi	x21,x28,-463	 x28:0x00000000 x21=0xfffffe31
        1245000	       123	80001688	0b3bc417	auipc	x8,0xb3bc	  x8=0x8b3bd684
        1255000	       124	8000168c	0169bc33	sltu	x24,x19,x22	 x19:0xfab2320b x22:0x00000001 x24=0x00000000
        1265000	       125	80001690	41655a33	sra	x20,x10,x22	 x10:0x00000000 x22:0x00000001 x20=0x00000000
        1275000	       126	80001694	014dc733	xor	x14,x27,x20	 x27:0x00000001 x20:0x00000000 x14=0x00000001
        1285000	       127	80001698	08616513	ori	x10,x2,134	  x2:0x00000001 x10=0x00000087
        1295000	       128	8000169c	013bf333	and	x6,x23,x19	 x23:0xffffffff x19:0xfab2320b  x6=0xfab2320b
        1305000	       129	800016a0	01f9d293	srli	x5,x19,0x1f	 x19:0xfab2320b  x5=0x00000001
        1315000	       130	800016a4	056af663	bgeu	x21,x22,800016f0	 x21:0xfffffe31 x22:0x00000001
        1325000	       131	00000000	00000013	addi	x0,x0,0	  x0:0x00000000
        1335000	       132	800016ec	00000013	addi	x0,x0,0	  x0:0x00000000
        1345000	       133	800016f0	01bde633	or	x12,x27,x27	 x27:0x00000001 x27:0x00000001 x12=0x00000001
        1355000	       134	800016f4	05ebd263	bge	x23,x30,80001738	 x23:0xffffffff x30:0x0000000d
        1365000	       135	800016f8	9502fc13	andi	x24,x5,-1712	  x5:0x00000001 x24=0x00000000
        1375000	       136	800016fc	7410e237	lui	x4,0x7410e	  x4=0x7410e000
        1385000	       137	80001700	00000013	addi	x0,x0,0	  x0:0x00000000
        1395000	       138	80001704	38146513	ori	x10,x8,897	  x8:0x8b3bd684 x10=0x8b3bd785
        1405000	       139	80001708	002625b3	slt	x11,x12,x2	 x12:0x00000001  x2:0x00000001 x11=0x00000000
        1415000	       140	8000170c	e1e1b797	auipc	x15,0xe1e1b	 x15=0x61e1c708
        1425000	       141	80001710	0172eab3	or	x21,x5,x23	  x5:0x00000001 x23:0xffffffff x21=0xffffffff
        1435000	       142	80001714	4141d1b3	sra	x3,x3,x20	  x3:0x80009f78 x20:0x00000000  x3=0x80009f78
        1445000	       143	80001718	5e1afa93	andi	x21,x21,1505	 x21:0xffffffff x21=0x000005e1
        1455000	       144	8000171c	018044b3	xor	x9,x0,x24	  x0:0x00000000 x24:0x00000000  x9=0x00000000
        1465000	       145	80001720	f27c8b93	addi	x23,x25,-217	 x25:0x00000000 x23=0xffffff27
        1475000	       146	80001724	02d9f463	bgeu	x19,x13,8000174c	 x19:0xfab2320b x13:0x3208e792
        1485000	       147	00000000	00000013	addi	x0,x0,0	  x0:0x00000000
        1495000	       148	80001748	00000013	addi	x0,x0,0	  x0:0x00000000
        1505000	       149	8000174c	00000013	addi	x0,x0,0	  x0:0x00000000
        1515000	       150	80001750	000ce463	bltu	x25,x0,80001758	 x25:0x00000000  x0:0x00000000
        1525000	       151	80001754	001f9663	bne	x31,x1,80001760	 x31:0x00000300  x1:0x000004ef
        1535000	       152	00000000	00000013	addi	x0,x0,0	  x0:0x00000000
        1545000	       153	8000175c	00000013	addi	x0,x0,0	  x0:0x00000000
        1555000	       154	80001760	41ee5913	srai	x18,x28,0x1e	 x28:0x00000000 x18=0x00000000
        1565000	       155	80001764	007b1693	slli	x13,x22,0x7	 x22:0x00000001 x13=0x00000080
        1575000	       156	80001768	00386f33	or	x30,x16,x3	 x16:0xfffffe69  x3:0x80009f78 x30=0xffffff79
        1585000	       157	8000176c	0020ba33	sltu	x20,x1,x2	  x1:0x000004ef  x2:0x00000001 x20=0x00000000
        1595000	       158	80001770	e093bf93	sltiu	x31,x7,-503	  x7:0x00000000 x31=0x00000001
        1605000	       159	80001774	01571c93	slli	x25,x14,0x15	 x14:0x00000001 x25=0x00200000
        1615000	       160	80001778	01a74d33	xor	x26,x14,x26	 x14:0x00000001 x26:0x00000000 x26=0x00000001
        1625000	       161	8000177c	051ee263	bltu	x29,x17,800017c0	 x29:0x80009fc4 x17:0x80009f78
        1635000	       162	80001780	40350633	sub	x12,x10,x3	 x10:0x8b3bd785  x3:0x80009f78 x12=0x0b3b380d
        1645000	       163	80001784	01169463	bne	x13,x17,8000178c	 x13:0x00000080 x17:0x80009f78
        1655000	       164	00000000	00000013	addi	x0,x0,0	  x0:0x00000000
        1665000	       165	80001788	00000013	addi	x0,x0,0	  x0:0x00000000
        1675000	       166	8000178c	015710b3	sll	x1,x14,x21	 x14:0x00000001 x21:0x000005e1  x1=0x00000002
        1685000	       167	80001790	4e63ca13	xori	x20,x7,1254	  x7:0x00000000 x20=0x000004e6
        1695000	       168	80001794	a7808213	addi	x4,x1,-1416	  x1:0x00000002  x4=0xfffffa7a
        1705000	       169	80001798	01d001b3	add	x3,x0,x29	  x0:0x00000000 x29:0x80009fc4  x3=0x80009fc4
        1715000	       170	8000179c	40db5333	sra	x6,x22,x13	 x22:0x00000001 x13:0x00000080  x6=0x00000001
        1725000	       171	800017a0	00a173b3	and	x7,x2,x10	  x2:0x00000001 x10:0x8b3bd785  x7=0x00000001
        1735000	       172	800017a4	40f2d4b3	sra	x9,x5,x15	  x5:0x00000001 x15:0x61e1c708  x9=0x00000000
        1745000	       173	800017a8	009f5b93	srli	x23,x30,0x9	 x30:0xffffff79 x23=0x007fffff
        1755000	       174	800017ac	00000013	addi	x0,x0,0	  x0:0x00000000
        1765000	       175	800017b0	0112d393	srli	x7,x5,0x11	  x5:0x00000001  x7=0x00000000
        1775000	       176	800017b4	01ef50b3	srl	x1,x30,x30	 x30:0xffffff79 x30:0xffffff79  x1=0x0000007f
        1785000	       177	800017b8	41af5733	sra	x14,x30,x26	 x30:0xffffff79 x26:0x00000001 x14=0xffffffbc
        1795000	       178	800017bc	05685263	bge	x16,x22,80001800	 x16:0xfffffe69 x22:0x00000001
        1805000	       179	800017c0	00524a33	xor	x20,x4,x5	  x4:0xfffffa7a  x5:0x00000001 x20=0xfffffa7b
        1815000	       180	800017c4	01ba7bb3	and	x23,x20,x27	 x20:0xfffffa7b x27:0x00000001 x23=0x00000001
        1825000	       181	800017c8	01b2a433	slt	x8,x5,x27	  x5:0x00000001 x27:0x00000001  x8=0x00000000
        1835000	       182	800017cc	008b5233	srl	x4,x22,x8	 x22:0x00000001  x8:0x00000000  x4=0x00000001
        1845000	       183	800017d0	05715663	bge	x2,x23,8000181c	  x2:0x00000001 x23:0x00000001
        1855000	       184	00000000	00000013	addi	x0,x0,0	  x0:0x00000000
        1865000	       185	80001818	00000013	addi	x0,x0,0	  x0:0x00000000
        1875000	       186	8000181c	0280fc63	bgeu	x1,x8,80001854	  x1:0x0000007f  x8:0x00000000
        1885000	       187	00000000	00000013	addi	x0,x0,0	  x0:0x00000000
        1895000	       188	80001850	00000013	addi	x0,x0,0	  x0:0x00000000
        1905000	       189	80001854	00143a33	sltu	x20,x8,x1	  x8:0x00000000  x1:0x0000007f x20=0x00000001
        1915000	       190	80001858	312d3e13	sltiu	x28,x26,786	 x26:0x00000001 x28=0x00000001
        1925000	       191	8000185c	016a9933	sll	x18,x21,x22	 x21:0x000005e1 x22:0x00000001 x18=0x00000bc2
        1935000	       192	80001860	00b563b3	or	x7,x10,x11	 x10:0x8b3bd785 x11:0x00000000  x7=0x8b3bd785
        1945000	       193	80001864	8b8de613	ori	x12,x27,-1864	 x27:0x00000001 x12=0xfffff8b9
        1955000	       194	80001868	d9ae2bb7	lui	x23,0xd9ae2	 x23=0xd9ae2000
        1965000	       195	8000186c	0256de63	bge	x13,x5,800018a8	 x13:0x00000080  x5:0x00000001
        1975000	       196	00000000	00000013	addi	x0,x0,0	  x0:0x00000000
        1985000	       197	800018a4	00000013	addi	x0,x0,0	  x0:0x00000000
        1995000	       198	800018a8	00000013	addi	x0,x0,0	  x0:0x00000000
        2005000	       199	800018ac	00442233	slt	x4,x8,x4	  x8:0x00000000  x4:0x00000001  x4=0x00000001
        2015000	       200	800018b0	e6570f13	addi	x30,x14,-411	 x14:0xffffffbc x30=0xfffffe21
        2025000	       201	800018b4	00c9b633	sltu	x12,x19,x12	 x19:0xfab2320b x12:0xfffff8b9 x12=0x00000001
        2035000	       202	800018b8	00a7c663	blt	x15,x10,800018c4	 x15:0x61e1c708 x10:0x8b3bd785
        2045000	       203	800018bc	019cd3b3	srl	x7,x25,x25	 x25:0x00200000 x25:0x00200000  x7=0x00200000
        2055000	       204	800018c0	40e75e13	srai	x28,x14,0xe	 x14:0xffffffbc x28=0xffffffff
        2065000	       205	800018c4	01209a93	slli	x21,x1,0x12	  x1:0x0000007f x21=0x01fc0000
        2075000	       206	800018c8	40fadd13	srai	x26,x21,0xf	 x21:0x01fc0000 x26=0x000003f8
        2085000	       207	800018cc	fe35a593	slti	x11,x11,-29	 x11:0x00000000 x11=0x00000000
        2095000	       208	800018d0	03014463	blt	x2,x16,800018f8	  x2:0x00000001 x16:0xfffffe69
        2105000	       209	800018d4	fa572013	slti	x0,x14,-91	 x14:0xffffffbc
        2115000	       210	800018d8	035a7263	bgeu	x20,x21,800018fc	 x20:0x00000001 x21:0x01fc0000
        2125000	       211	800018dc	d8c3cc13	xori	x24,x7,-628	  x7:0x00200000 x24=0xffdffd8c
        2135000	       212	800018e0	fa732937	lui	x18,0xfa732	 x18=0xfa732000
        2145000	       213	800018e4	030f4c63	blt	x30,x16,8000191c	 x30:0xfffffe21 x16:0xfffffe69
        2155000	       214	00000000	00000013	addi	x0,x0,0	  x0:0x00000000
        2165000	       215	80001918	00000013	addi	x0,x0,0	  x0:0x00000000
        2175000	       216	8000191c	014150b3	srl	x1,x2,x20	  x2:0x00000001 x20:0x00000001  x1=0x00000000
        2185000	       217	80001920	02588263	beq	x17,x5,80001944	 x17:0x80009f78  x5:0x00000001
        2195000	       218	80001924	41085313	srai	x6,x16,0x10	 x16:0xfffffe69  x6=0xffffffff
        2205000	       219	80001928	00000013	addi	x0,x0,0	  x0:0x00000000
        2215000	       220	8000192c	01648533	add	x10,x9,x22	  x9:0x00000000 x22:0x00000001 x10=0x00000001
        2225000	       221	80001930	ff82ae13	slti	x28,x5,-8	  x5:0x00000001 x28=0x00000000
        2235000	       222	80001934	00ea17b3	sll	x15,x20,x14	 x20:0x00000001 x14:0xffffffbc x15=0x10000000
        2245000	       223	80001938	410d8033	sub	x0,x27,x16	 x27:0x00000001 x16:0xfffffe69
        2255000	       224	8000193c	407251b3	sra	x3,x4,x7	  x4:0x00000001  x7:0x00200000  x3=0x00000001
        2265000	       225	80001940	00000013	addi	x0,x0,0	  x0:0x00000000
        2275000	       226	80001944	b73a0493	addi	x9,x20,-1165	 x20:0x00000001  x9=0xfffffb74
        2285000	       227	80001948	01a42ab3	slt	x21,x8,x26	  x8:0x00000000 x26:0x000003f8 x21=0x00000001
        2295000	       228	8000194c	0048a203	lw	x4,4(x17)	 x17:0x80009f78  x4=0x8000014c PA:0x80009f7c
        2305000	       229	00000000	00000013	addi	x0,x0,0	  x0:0x00000000
        2315000	       230	80001950	41c25d93	srai	x27,x4,0x1c	  x4:0x8000014c x27=0xfffffff8
        2325000	       231	80001954	00c88893	addi	x17,x17,12	 x17:0x80009f78 x17=0x80009f84
        2335000	       232	80001958	40e58bb3	sub	x23,x11,x14	 x11:0x00000000 x14:0xffffffbc x23=0x00000044
        2345000	       233	8000195c	091eaf93	slti	x31,x29,145	 x29:0x80009fc4 x31=0x00000001
        2355000	       234	80001960	00fb2133	slt	x2,x22,x15	 x22:0x00000001 x15:0x10000000  x2=0x00000001
        2365000	       235	80001964	00120613	addi	x12,x4,1	  x4:0x8000014c x12=0x8000014d
        2375000	       236	80001968	00060667	jalr	x12,x12,0	 x12:0x8000014d x12=0x80001968
        2385000	       237	00000000	00000013	addi	x0,x0,0	  x0:0x00000000
        2395000	       238	8000014c	00000013	addi	x0,x0,0	  x0:0x00000000
        2405000	       239	80000150	00001d97	auipc	x27,0x1	 x27=0x8000114c
        2415000	       240	80000154	b10d8d93	addi	x27,x27,-1264	 x27:0x8000114c x27=0x80000c5c
        2425000	       241	80000158	00000013	addi	x0,x0,0	  x0:0x00000000
        2435000	       242	8000015c	c1bd8d93	addi	x27,x27,-997	 x27:0x80000c5c x27=0x80000877
        2445000	       243	80000160	00581f33	sll	x30,x16,x5	 x16:0xfffffe69  x5:0x00000001 x30=0xfffffcd2
        2455000	       244	80000164	02bbc063	blt	x23,x11,80000184	 x23:0x00000044 x11:0x00000000
        2465000	       245	80000168	27768597	auipc	x11,0x27768	 x11=0xa7768164
        2475000	       246	8000016c	006a26b3	slt	x13,x20,x6	 x20:0x00000001  x6:0xffffffff x13=0x00000000
        2485000	       247	80000170	894bb213	sltiu	x4,x23,-1900	 x23:0x00000044  x4=0x00000001
        2495000	       248	80000174	001f12b3	sll	x5,x30,x1	 x30:0xfffffcd2  x1:0x00000000  x5=0xfffffcd2
        2505000	       249	80000178	01494d33	xor	x26,x18,x20	 x18:0xfa732000 x20:0x00000001 x26=0xfa732001
        2515000	       250	8000017c	40ca8e33	sub	x28,x21,x12	 x21:0x00000001 x12:0x80001968 x28=0x7fffe699
        2525000	       251	80000180	4ce84537	lui	x10,0x4ce84	 x10=0x4ce84000
        2535000	       252	80000184	3e5d8267	jalr	x4,x27,997	 x27:0x80000877  x4=0x80000184
        2545000	       253	00000000	00000013	addi	x0,x0,0	  x0:0x00000000
        2555000	       254	80000c5c	00000013	addi	x0,x0,0	  x0:0x00000000
        2565000	       255	80000c60	fc888893	addi	x17,x17,-56	 x17:0x80009f84 x17=0x80009f4c
        2575000	       256	80000c64	4134d493	srai	x9,x9,0x13	  x9:0xfffffb74  x9=0xffffffff
        2585000	       257	80000c68	0048a223	sw	x4,4(x17)	 x17:0x80009f4c  x4:0x80000184 PA:0x80009f50
        2595000	       258	80000c6c	01d99f13	slli	x30,x19,0x1d	 x19:0xfab2320b x30=0x60000000
        2605000	       259	80000c70	00b39fb3	sll	x31,x7,x11	  x7:0x00200000 x11:0xa7768164 x31=0x02000000
        2615000	       260	80000c74	006a4933	xor	x18,x20,x6	 x20:0x00000001  x6:0xffffffff x18=0xfffffffe
        2625000	       261	80000c78	01949fb3	sll	x31,x9,x25	  x9:0xffffffff x25:0x00200000 x31=0xffffffff
        2635000	       262	80000c7c	00046033	or	x0,x8,x0	  x8:0x00000000  x0:0x00000000
        2645000	       263	80000c80	05647263	bgeu	x8,x22,80000cc4	  x8:0x00000000 x22:0x00000001
        2655000	       264	80000c84	01e49d93	slli	x27,x9,0x1e	  x9:0xffffffff x27=0xc0000000
        2665000	       265	80000c88	00b2dd13	srli	x26,x5,0xb	  x5:0xfffffcd2 x26=0x001fffff
        2675000	       266	80000c8c	01665033	srl	x0,x12,x22	 x12:0x80001968 x22:0x00000001
        2685000	       267	80000c90	00c15133	srl	x2,x2,x12	  x2:0x00000001 x12:0x80001968  x2=0x00000000
        2695000	       268	80000c94	402d0bb3	sub	x23,x26,x2	 x26:0x001fffff  x2:0x00000000 x23=0x001fffff
        2705000	       269	80000c98	03c59c63	bne	x11,x28,80000cd0	 x11:0xa7768164 x28:0x7fffe699
        2715000	       270	00000000	00000013	addi	x0,x0,0	  x0:0x00000000
        2725000	       271	80000ccc	00000013	addi	x0,x0,0	  x0:0x00000000
        2735000	       272	80000cd0	1fd3f513	andi	x10,x7,509	  x7:0x00200000 x10=0x00000000
        2745000	       273	80000cd4	015d9833	sll	x16,x27,x21	 x27:0xc0000000 x21:0x00000001 x16=0x80000000
        2755000	       274	80000cd8	4135df33	sra	x30,x11,x19	 x11:0xa7768164 x19:0xfab2320b x30=0xfff4eed0
        2765000	       275	80000cdc	0048a203	lw	x4,4(x17)	 x17:0x80009f4c  x4=0x80000184 PA:0x80009f50
        2775000	       276	80000ce0	03888893	addi	x17,x17,56	 x17:0x80009f4c x17=0x80009f84
        2785000	       277	80000ce4	fb12f293	andi	x5,x5,-79	  x5:0xfffffcd2  x5=0xfffffc90
        2795000	       278	80000ce8	134bc517	auipc	x10,0x134bc	 x10=0x934bcce4
        2805000	       279	80000cec	418083b3	sub	x7,x1,x24	  x1:0x00000000 x24:0xffdffd8c  x7=0x00200274
        2815000	       280	80000cf0	db41f3b7	lui	x7,0xdb41f	  x7=0xdb41f000
        2825000	       281	80000cf4	415f0a33	sub	x20,x30,x21	 x30:0xfff4eed0 x21:0x00000001 x20=0xfff4eecf
        2835000	       282	80000cf8	72e43093	sltiu	x1,x8,1838	  x8:0x00000000  x1=0x00000001
        2845000	       283	80000cfc	00419093	slli	x1,x3,0x4	  x3:0x00000001  x1=0x00000010
        2855000	       284	80000d00	00120713	addi	x14,x4,1	  x4:0x80000184 x14=0x80000185
        2865000	       285	80000d04	00070767	jalr	x14,x14,0	 x14:0x80000185 x14=0x80000d04
        2875000	       286	00000000	00000013	addi	x0,x0,0	  x0:0x00000000
        2885000	       287	80000184	00000013	addi	x0,x0,0	  x0:0x00000000
        2895000	       288	80000188	00008117	auipc	x2,0x8	  x2=0x80008184
        2905000	       289	8000018c	45810113	addi	x2,x2,1112	  x2:0x80008184  x2=0x800085dc
        2915000	       290	80000190	00611b03	lh	x22,6(x2)	  x2:0x800085dc x22=0xffff9899 PA:0x800085e2
        2925000	       291	80000194	ff314c83	lbu	x25,-13(x2)	  x2:0x800085dc x25=0x00000084 PA:0x800085cf
        2935000	       292	80000198	0059fa33	and	x20,x19,x5	 x19:0xfab2320b  x5:0xfffffc90 x20=0xfab23000
        2945000	       293	8000019c	65334f13	xori	x30,x6,1619	  x6:0xffffffff x30=0xfffff9ac
        2955000	       294	800001a0	3b39be37	lui	x28,0x3b39b	 x28=0x3b39b000
        2965000	       295	800001a4	ff310d23	sb	x19,-6(x2)	  x2:0x800085dc x19:0xfab2320b PA:0x800085d6
        2975000	       296	800001a8	013afdb3	and	x27,x21,x19	 x21:0x00000001 x19:0xfab2320b x27=0x00000001
        2985000	       297	800001ac	2384b013	sltiu	x0,x9,568	  x9:0xffffffff
        2995000	       298	800001b0	01910623	sb	x25,12(x2)	  x2:0x800085dc x25:0x00000084 PA:0x800085e8
        3005000	       299	800001b4	00014783	lbu	x15,0(x2)	  x2:0x800085dc x15=0x00000097 PA:0x800085dc
        3015000	       300	800001b8	018590b3	sll	x1,x11,x24	 x11:0xa7768164 x24:0xffdffd8c  x1=0x68164000
        3025000	       301	800001bc	00000013	addi	x0,x0,0	  x0:0x00000000
        3035000	       302	800001c0	00e48d33	add	x26,x9,x14	  x9:0xffffffff x14:0x80000d04 x26=0x80000d03
        3045000	       303	800001c4	fff14903	lbu	x18,-1(x2)	  x2:0x800085dc x18=0x00000090 PA:0x800085db
        3055000	       304	800001c8	01fe0a33	add	x20,x28,x31	 x28:0x3b39b000 x31:0xffffffff x20=0x3b39afff
        3065000	       305	800001cc	fff10c83	lb	x25,-1(x2)	  x2:0x800085dc x25=0xffffff90 PA:0x800085db
        3075000	       306	800001d0	01afdc33	srl	x24,x31,x26	 x31:0xffffffff x26:0x80000d03 x24=0x1fffffff
        3085000	       307	800001d4	ffd14f83	lbu	x31,-3(x2)	  x2:0x800085dc x31=0x00000092 PA:0x800085d9
        3095000	       308	800001d8	01277433	and	x8,x14,x18	 x14:0x80000d04 x18:0x00000090  x8=0x00000000
        3105000	       309	800001dc	408356b3	sra	x13,x6,x8	  x6:0xffffffff  x8:0x00000000 x13=0xffffffff
        3115000	       310	800001e0	00e11783	lh	x15,14(x2)	  x2:0x800085dc x15=0xffffa0a1 PA:0x800085ea
        3125000	       311	800001e4	00b14603	lbu	x12,11(x2)	  x2:0x800085dc x12=0x0000009c PA:0x800085e7
        3135000	       312	800001e8	00b41a63	bne	x8,x11,800001fc	  x8:0x00000000 x11:0xa7768164
        3145000	       313	00000000	00000013	addi	x0,x0,0	  x0:0x00000000
        3155000	       314	800001f8	00000013	addi	x0,x0,0	  x0:0x00000000
        3165000	       315	800001fc	01055863	bge	x10,x16,8000020c	 x10:0x934bcce4 x16:0x80000000
        3175000	       316	00000000	00000013	addi	x0,x0,0	  x0:0x00000000
        3185000	       317	80000208	00000013	addi	x0,x0,0	  x0:0x00000000
        3195000	       318	8000020c	01ae2733	slt	x14,x28,x26	 x28:0x3b39b000 x26:0x80000d03 x14=0x00000000
        3205000	       319	80000210	00000013	addi	x0,x0,0	  x0:0x00000000
        3215000	       320	80000214	402d5f93	srai	x31,x26,0x2	 x26:0x80000d03 x31=0xe0000340
        3225000	       321	80000218	018cd033	srl	x0,x25,x24	 x25:0xffffff90 x24:0x1fffffff
        3235000	       322	8000021c	00c4a533	slt	x10,x9,x12	  x9:0xffffffff x12:0x0000009c x10=0x00000001
        3245000	       323	80000220	01c35a63	bge	x6,x28,80000234	  x6:0xffffffff x28:0x3b39b000
        3255000	       324	80000224	03321663	bne	x4,x19,80000250	  x4:0x80000184 x19:0xfab2320b
        3265000	       325	00000000	00000013	addi	x0,x0,0	  x0:0x00000000
        3275000	       326	8000024c	00000013	addi	x0,x0,0	  x0:0x00000000
        3285000	       327	80000250	01bd4463	blt	x26,x27,80000258	 x26:0x80000d03 x27:0x00000001
        3295000	       328	00000000	00000013	addi	x0,x0,0	  x0:0x00000000
        3305000	       329	80000254	00000013	addi	x0,x0,0	  x0:0x00000000
        3315000	       330	80000258	0018c0b3	xor	x1,x17,x1	 x17:0x80009f84  x1:0x68164000  x1=0xe816df84
        3325000	       331	8000025c	4076dc33	sra	x24,x13,x7	 x13:0xffffffff  x7:0xdb41f000 x24=0xffffffff
        3335000	       332	80000260	a55fc413	xori	x8,x31,-1451	 x31:0xe0000340  x8=0x1ffff915
        3345000	       333	80000264	002a1513	slli	x10,x20,0x2	 x20:0x3b39afff x10=0xece6bffc
        3355000	       334	80000268	d3466b93	ori	x23,x12,-716	 x12:0x0000009c x23=0xfffffdbc
        3365000	       335	8000026c	65c63113	sltiu	x2,x12,1628	 x12:0x0000009c  x2=0x00000001
        3375000	       336	80000270	0116fc63	bgeu	x13,x17,80000288	 x13:0xffffffff x17:0x80009f84
        3385000	       337	00000000	00000013	addi	x0,x0,0	  x0:0x00000000
        3395000	       338	80000284	00000013	addi	x0,x0,0	  x0:0x00000000
        3405000	       339	80000288	00179e63	bne	x15,x1,800002a4	 x15:0xffffa0a1  x1:0xe816df84
        3415000	       340	00000000	00000013	addi	x0,x0,0	  x0:0x00000000
        3425000	       341	800002a0	00000013	addi	x0,x0,0	  x0:0x00000000
        3435000	       342	800002a4	0865a393	slti	x7,x11,134	 x11:0xa7768164  x7=0x00000001
        3445000	       343	800002a8	06e75a63	bge	x14,x14,8000031c	 x14:0x00000000 x14:0x00000000
        3455000	       344	00000000	00000013	addi	x0,x0,0	  x0:0x00000000
        3465000	       345	80000318	00000013	addi	x0,x0,0	  x0:0x00000000
        3475000	       346	8000031c	00000013	addi	x0,x0,0	  x0:0x00000000
        3485000	       347	80000320	015c3133	sltu	x2,x24,x21	 x24:0xffffffff x21:0x00000001  x2=0x00000000
        3495000	       348	80000324	05406663	bltu	x0,x20,80000370	  x0:0x00000000 x20:0x3b39afff
        3505000	       349	00000000	00000013	addi	x0,x0,0	  x0:0x00000000
        3515000	       350	8000036c	00000013	addi	x0,x0,0	  x0:0x00000000
        3525000	       351	80000370	01e425b3	slt	x11,x8,x30	  x8:0x1ffff915 x30:0xfffff9ac x11=0x00000000
        3535000	       352	80000374	04d95663	bge	x18,x13,800003c0	 x18:0x00000090 x13:0xffffffff
        3545000	       353	00000000	00000013	addi	x0,x0,0	  x0:0x00000000
        3555000	       354	800003bc	00000013	addi	x0,x0,0	  x0:0x00000000
        3565000	       355	800003c0	045d4263	blt	x26,x5,80000404	 x26:0x80000d03  x5:0xfffffc90
        3575000	       356	00000000	00000013	addi	x0,x0,0	  x0:0x00000000
        3585000	       357	80000400	00000013	addi	x0,x0,0	  x0:0x00000000
        3595000	       358	80000404	40e85293	srai	x5,x16,0xe	 x16:0x80000000  x5=0xfffe0000
        3605000	       359	80000408	03351063	bne	x10,x19,80000428	 x10:0xece6bffc x19:0xfab2320b
        3615000	       360	00000000	00000013	addi	x0,x0,0	  x0:0x00000000
        3625000	       361	80000424	00000013	addi	x0,x0,0	  x0:0x00000000
        3635000	       362	80000428	01cbca63	blt	x23,x28,8000043c	 x23:0xfffffdbc x28:0x3b39b000
        3645000	       363	00000000	00000013	addi	x0,x0,0	  x0:0x00000000
        3655000	       364	80000438	00000013	addi	x0,x0,0	  x0:0x00000000
        3665000	       365	8000043c	6dd6e693	ori	x13,x13,1757	 x13:0xffffffff x13=0xffffffff
        3675000	       366	80000440	236fbc93	sltiu	x25,x31,566	 x31:0xe0000340 x25=0x00000000
        3685000	       367	80000444	05a44263	blt	x8,x26,80000488	  x8:0x1ffff915 x26:0x80000d03
        3695000	       368	80000448	02b6f863	bgeu	x13,x11,80000478	 x13:0xffffffff x11:0x00000000
        3705000	       369	00000000	00000013	addi	x0,x0,0	  x0:0x00000000
        3715000	       370	80000474	00000013	addi	x0,x0,0	  x0:0x00000000
        3725000	       371	80000478	01659233	sll	x4,x11,x22	 x11:0x00000000 x22:0xffff9899  x4=0x00000000
        3735000	       372	8000047c	dd237713	andi	x14,x6,-558	  x6:0xffffffff x14=0xfffffdd2
        3745000	       373	80000480	03ca7663	bgeu	x20,x28,800004ac	 x20:0x3b39afff x28:0x3b39b000
        3755000	       374	80000484	00000013	addi	x0,x0,0	  x0:0x00000000
        3765000	       375	80000488	03279a63	bne	x15,x18,800004bc	 x15:0xffffa0a1 x18:0x00000090
        3775000	       376	00000000	00000013	addi	x0,x0,0	  x0:0x00000000
        3785000	       377	800004b8	00000013	addi	x0,x0,0	  x0:0x00000000
        3795000	       378	800004bc	00b0d263	bge	x1,x11,800004c0	  x1:0xe816df84 x11:0x00000000
        3805000	       379	800004c0	00336e63	bltu	x6,x3,800004dc	  x6:0xffffffff  x3:0x00000001
        3815000	       380	800004c4	41aad513	srai	x10,x21,0x1a	 x21:0x00000001 x10=0x00000000
        3825000	       381	800004c8	01ae04b3	add	x9,x28,x26	 x28:0x3b39b000 x26:0x80000d03  x9=0xbb39bd03
        3835000	       382	800004cc	053a0263	beq	x20,x19,80000510	 x20:0x3b39afff x19:0xfab2320b
        3845000	       383	800004d0	e1b3e213	ori	x4,x7,-485	  x7:0x00000001  x4=0xfffffe1b
        3855000	       384	800004d4	64e36697	auipc	x13,0x64e36	 x13=0xe4e364d0
        3865000	       385	800004d8	018a7633	and	x12,x20,x24	 x20:0x3b39afff x24:0xffffffff x12=0x3b39afff
        3875000	       386	800004dc	e671f113	andi	x2,x3,-409	  x3:0x00000001  x2=0x00000001
        3885000	       387	800004e0	002280b3	add	x1,x5,x2	  x5:0xfffe0000  x2:0x00000001  x1=0xfffe0001
        3895000	       388	800004e4	0326d263	bge	x13,x18,80000508	 x13:0xe4e364d0 x18:0x00000090
        3905000	       389	800004e8	006e7fb3	and	x31,x28,x6	 x28:0x3b39b000  x6:0xffffffff x31=0x3b39b000
        3915000	       390	800004ec	03c66863	bltu	x12,x28,8000051c	 x12:0x3b39afff x28:0x3b39b000
        3925000	       391	00000000	00000013	addi	x0,x0,0	  x0:0x00000000
        3935000	       392	80000518	00000013	addi	x0,x0,0	  x0:0x00000000
        3945000	       393	8000051c	968f0693	addi	x13,x30,-1688	 x30:0xfffff9ac x13=0xfffff314
        3955000	       394	80000520	00000013	addi	x0,x0,0	  x0:0x00000000
        3965000	       395	80000524	0140e733	or	x14,x1,x20	  x1:0xfffe0001 x20:0x3b39afff x14=0xffffafff
        3975000	       396	80000528	672fa393	slti	x7,x31,1650	 x31:0x3b39b000  x7=0x00000000
        3985000	       397	8000052c	5019fa93	andi	x21,x19,1281	 x19:0xfab2320b x21=0x00000001
        3995000	       398	80000530	00cb6fb3	or	x31,x22,x12	 x22:0xffff9899 x12:0x3b39afff x31=0xffffbfff
        4005000	       399	80000534	de844293	xori	x5,x8,-536	  x8:0x1ffff915  x5=0xe00004fd
        4015000	       400	80000538	01f65d33	srl	x26,x12,x31	 x12:0x3b39afff x31:0xffffbfff x26=0x00000000
        4025000	       401	8000053c	412b5ab3	sra	x21,x22,x18	 x22:0xffff9899 x18:0x00000090 x21=0xffffffff
        4035000	       402	80000540	df89c293	xori	x5,x19,-520	 x19:0xfab2320b  x5=0x054dcff3
        4045000	       403	80000544	5d84ed97	auipc	x27,0x5d84e	 x27=0xdd84e540
        4055000	       404	80000548	40b95033	sra	x0,x18,x11	 x18:0x00000090 x11:0x00000000
        4065000	       405	8000054c	05fac263	blt	x21,x31,80000590	 x21:0xffffffff x31:0xffffbfff
        4075000	       406	80000550	02619263	bne	x3,x6,80000574	  x3:0x00000001  x6:0xffffffff
        4085000	       407	00000000	00000013	addi	x0,x0,0	  x0:0x00000000
        4095000	       408	80000570	00000013	addi	x0,x0,0	  x0:0x00000000
        4105000	       409	80000574	4139d0b3	sra	x1,x19,x19	 x19:0xfab2320b x19:0xfab2320b  x1=0xffff5646
        4115000	       410	80000578	8a9aac93	slti	x25,x21,-1879	 x21:0xffffffff x25=0x00000000
        4125000	       411	8000057c	40b0dc13	srai	x24,x1,0xb	  x1:0xffff5646 x24=0xffffffea
        4135000	       412	80000580	078c7e63	bgeu	x24,x24,800005fc	 x24:0xffffffea x24:0xffffffea
        4145000	       413	00000000	00000013	addi	x0,x0,0	  x0:0x00000000
        4155000	       414	800005f8	00000013	addi	x0,x0,0	  x0:0x00000000
        4165000	       415	800005fc	00db8033	add	x0,x23,x13	 x23:0xfffffdbc x13:0xfffff314
        4175000	       416	80000600	00799013	slli	x0,x19,0x7	 x19:0xfab2320b
        4185000	       417	80000604	00e87c63	bgeu	x16,x14,8000061c	 x16:0x80000000 x14:0xffffafff
        4195000	       418	80000608	89f58293	addi	x5,x11,-1889	 x11:0x00000000  x5=0xfffff89f
        4205000	       419	8000060c	0077fc63	bgeu	x15,x7,80000624	 x15:0xffffa0a1  x7:0x00000000
        4215000	       420	00000000	00000013	addi	x0,x0,0	  x0:0x00000000
        4225000	       421	80000620	00000013	addi	x0,x0,0	  x0:0x00000000
        4235000	       422	80000624	00cb7cb3	and	x25,x22,x12	 x22:0xffff9899 x12:0x3b39afff x25=0x3b398899
        4245000	       423	80000628	00000997	auipc	x19,0x0	 x19=0x80000624
        4255000	       424	8000062c	00c98993	addi	x19,x19,12	 x19:0x80000624 x19=0x80000630
        4265000	       425	80000630	00098067	jalr	x0,x19,0	 x19:0x80000630
        4275000	       426	00000000	00000013	addi	x0,x0,0	  x0:0x00000000
        4285000	       427	80000630	00000013	addi	x0,x0,0	  x0:0x00000000
        4295000	       428	80000634	00100193	addi	x3,x0,1	  x0:0x00000000  x3=0x00000001
        4305000	       429	80000638	00000073	ecall	
        4315000	       430	8000063c	5fc24d13	xori	x26,x4,1532	  x4:0xfffffe1b x26=0xfffffbe7
