		Time			Cycle	PC		Insn	Decoded instruction	Register and memory contents
          65000	         5	80000004	00000293	addi	x5,x0,0	  x0:0x00000000  x5=0x00000000
          75000	         6	80000008	00000313	addi	x6,x0,0	  x0:0x00000000  x6=0x00000000
          85000	         7	8000000c	00628263	beq	x5,x6,80000010	  x5:0x00000000  x6:0x00000000
          95000	         8	00000000	00000013	addi	x0,x0,0	  x0:0x00000000
         105000	         9	8000000c	00000013	addi	x0,x0,0	  x0:0x00000000
         115000	        10	80000010	00000117	auipc	x2,0x0	  x2=0x8000000c
         125000	        11	80000014	00c10113	addi	x2,x2,12	  x2:0x8000000c  x2=0x80000018
         135000	        12	80000018	00010067	jalr	x0,x2,0	  x2:0x80000018
         145000	        13	00000000	00000013	addi	x0,x0,0	  x0:0x00000000
         155000	        14	80000018	00000013	addi	x0,x0,0	  x0:0x00000000
         165000	        15	8000001c	400008b7	lui	x17,0x40000	 x17=0x40000000
         175000	        16	80000020	10088893	addi	x17,x17,256	 x17:0x40000000 x17=0x40000100
         185000	        17	80000024	00000013	addi	x0,x0,0	  x0:0x00000000
         195000	        18	80000028	0000a217	auipc	x4,0xa	  x4=0x8000a024
         205000	        19	8000002c	fa020213	addi	x4,x4,-96	  x4:0x8000a024  x4=0x80009fc4
         215000	        20	80000030	00007897	auipc	x17,0x7	 x17=0x8000702c
         225000	        21	80000034	aac88893	addi	x17,x17,-1364	 x17:0x8000702c x17=0x80006ad8
         235000	        22	80000038	0008e893	ori	x17,x17,0	 x17:0x80006ad8 x17=0x80006ad8
         245000	        23	8000003c	00000013	addi	x0,x0,0	  x0:0x00000000
         255000	        24	80000040	00000897	auipc	x17,0x0	 x17=0x8000003c
         265000	        25	80000044	02088893	addi	x17,x17,32	 x17:0x8000003c x17=0x8000005c
         275000	        26	80000048	00000013	addi	x0,x0,0	  x0:0x00000000
         285000	        27	8000004c	00000013	addi	x0,x0,0	  x0:0x00000000
         295000	        28	80000050	000028b7	lui	x17,0x2	 x17=0x00002000
         305000	        29	80000054	80088893	addi	x17,x17,-2048	 x17:0x00002000 x17=0x00001800
         315000	        30	80000058	00000013	addi	x0,x0,0	  x0:0x00000000
         325000	        31	8000005c	00000013	addi	x0,x0,0	  x0:0x00000000
         335000	        32	80000060	00a00013	addi	x0,x0,10	  x0:0x00000000
         345000	        33	80000064	00000093	addi	x1,x0,0	  x0:0x00000000  x1=0x00000000
         355000	        34	80000068	80000137	lui	x2,0x80000	  x2=0x80000000
         365000	        35	8000006c	800001b7	lui	x3,0x80000	  x3=0x80000000
         375000	        36	80000070	fad8a2b7	lui	x5,0xfad8a	  x5=0xfad8a000
         385000	        37	80000074	36128293	addi	x5,x5,865	  x5:0xfad8a000  x5=0xfad8a361
         395000	        38	80000078	00500313	addi	x6,x0,5	  x0:0x00000000  x6=0x00000005
         405000	        39	8000007c	00700393	addi	x7,x0,7	  x0:0x00000000  x7=0x00000007
         415000	        40	80000080	f2ef5437	lui	x8,0xf2ef5	  x8=0xf2ef5000
         425000	        41	80000084	38c40413	addi	x8,x8,908	  x8:0xf2ef5000  x8=0xf2ef538c
         435000	        42	80000088	00b00493	addi	x9,x0,11	  x0:0x00000000  x9=0x0000000b
         445000	        43	8000008c	f989a5b7	lui	x11,0xf989a	 x11=0xf989a000
         455000	        44	80000090	a7358593	addi	x11,x11,-1421	 x11:0xf989a000 x11=0xf9899a73
         465000	        45	80000094	80000637	lui	x12,0x80000	 x12=0x80000000
         475000	        46	80000098	00000693	addi	x13,x0,0	  x0:0x00000000 x13=0x00000000
         485000	        47	8000009c	ff5fa737	lui	x14,0xff5fa	 x14=0xff5fa000
         495000	        48	800000a0	ba570713	addi	x14,x14,-1115	 x14:0xff5fa000 x14=0xff5f9ba5
         505000	        49	800000a4	800007b7	lui	x15,0x80000	 x15=0x80000000
         515000	        50	800000a8	00300813	addi	x16,x0,3	  x0:0x00000000 x16=0x00000003
         525000	        51	800000ac	00400893	addi	x17,x0,4	  x0:0x00000000 x17=0x00000004
         535000	        52	800000b0	00000913	addi	x18,x0,0	  x0:0x00000000 x18=0x00000000
         545000	        53	800000b4	ffc539b7	lui	x19,0xffc53	 x19=0xffc53000
         555000	        54	800000b8	0aa98993	addi	x19,x19,170	 x19:0xffc53000 x19=0xffc530aa
         565000	        55	800000bc	00000a13	addi	x20,x0,0	  x0:0x00000000 x20=0x00000000
         575000	        56	800000c0	f30abab7	lui	x21,0xf30ab	 x21=0xf30ab000
         585000	        57	800000c4	7eba8a93	addi	x21,x21,2027	 x21:0xf30ab000 x21=0xf30ab7eb
         595000	        58	800000c8	80000b37	lui	x22,0x80000	 x22=0x80000000
         605000	        59	800000cc	80000bb7	lui	x23,0x80000	 x23=0x80000000
         615000	        60	800000d0	e55ecc37	lui	x24,0xe55ec	 x24=0xe55ec000
         625000	        61	800000d4	a1ac0c13	addi	x24,x24,-1510	 x24:0xe55ec000 x24=0xe55eba1a
         635000	        62	800000d8	80000cb7	lui	x25,0x80000	 x25=0x80000000
         645000	        63	800000dc	b8a7ed37	lui	x26,0xb8a7e	 x26=0xb8a7e000
         655000	        64	800000e0	d50d0d13	addi	x26,x26,-688	 x26:0xb8a7e000 x26=0xb8a7dd50
         665000	        65	800000e4	00b00d93	addi	x27,x0,11	  x0:0x00000000 x27=0x0000000b
         675000	        66	800000e8	80000e37	lui	x28,0x80000	 x28=0x80000000
         685000	        67	800000ec	00c00e93	addi	x29,x0,12	  x0:0x00000000 x29=0x0000000c
         695000	        68	800000f0	80000f37	lui	x30,0x80000	 x30=0x80000000
         705000	        69	800000f4	00c00f93	addi	x31,x0,12	  x0:0x00000000 x31=0x0000000c
         715000	        70	800000f8	0000a517	auipc	x10,0xa	 x10=0x8000a0f4
         725000	        71	800000fc	e9050513	addi	x10,x10,-368	 x10:0x8000a0f4 x10=0x80009f84
         735000	        72	80000100	00008617	auipc	x12,0x8	 x12=0x800080fc
         745000	        73	80000104	76760613	addi	x12,x12,1895	 x12:0x800080fc x12=0x80008863
         755000	        74	80000108	59664083	lbu	x1,1430(x12)	 x12:0x80008863  x1=0x00000097 PA:0x80008df9
         765000	        75	8000010c	3df65583	lhu	x11,991(x12)	 x12:0x80008863 x11=0x0000e45c PA:0x80008c42
         775000	        76	80000110	ff161383	lh	x7,-15(x12)	 x12:0x80008863  x7=0xffffd257 PA:0x80008854
         785000	        77	80000114	01941333	sll	x6,x8,x25	  x8:0xf2ef538c x25:0x80000000  x6=0xf2ef538c
         795000	        78	80000118	3b361183	lh	x3,947(x12)	 x12:0x80008863  x3=0x00003473 PA:0x80008c16
         805000	        79	8000011c	fee60ba3	sb	x14,-9(x12)	 x12:0x80008863 x14:0xff5f9ba5 PA:0x8000885a
         815000	        80	80000120	1e361403	lh	x8,483(x12)	 x12:0x80008863  x8=0x00006b9b PA:0x80008a46
         825000	        81	80000124	06d62f83	lw	x31,109(x12)	 x12:0x80008863 x31=0x3f9065b0 PA:0x800088d0
         835000	        82	80000128	00d383b3	add	x7,x7,x13	  x7:0xffffd257 x13:0x00000000  x7=0xffffd257
         845000	        83	8000012c	32161403	lh	x8,801(x12)	 x12:0x80008863  x8=0x00007e0b PA:0x80008b84
         855000	        84	80000130	42f60aa3	sb	x15,1077(x12)	 x12:0x80008863 x15:0x80000000 PA:0x80008c98
         865000	        85	80000134	45464083	lbu	x1,1108(x12)	 x12:0x80008863  x1=0x00000083 PA:0x80008cb7
         875000	        86	80000138	00000013	addi	x0,x0,0	  x0:0x00000000
         885000	        87	8000013c	621dea97	auipc	x21,0x621de	 x21=0xe21de138
         895000	        88	80000140	15064f03	lbu	x30,336(x12)	 x12:0x80008863 x30=0x000000ca PA:0x800089b3
         905000	        89	80000144	00bdb4b3	sltu	x9,x27,x11	 x27:0x0000000b x11:0x0000e45c  x9=0x00000001
         915000	        90	80000148	5e12c413	xori	x8,x5,1505	  x5:0xfad8a361  x8=0xfad8a680
         925000	        91	8000014c	0e132f37	lui	x30,0xe132	 x30=0x0e132000
         935000	        92	80000150	33964a83	lbu	x21,825(x12)	 x12:0x80008863 x21=0x000000df PA:0x80008b9c
         945000	        93	80000154	1ac60623	sb	x12,428(x12)	 x12:0x80008863 x12:0x80008863 PA:0x80008a0f
         955000	        94	80000158	0106b6b3	sltu	x13,x13,x16	 x13:0x00000000 x16:0x00000003 x13=0x00000001
         965000	        95	8000015c	15760083	lb	x1,343(x12)	 x12:0x80008863  x1=0xffffffef PA:0x800089ba
         975000	        96	80000160	a04f7d93	andi	x27,x30,-1532	 x30:0x0e132000 x27=0x0e132000
         985000	        97	80000164	4f4601a3	sb	x20,1251(x12)	 x12:0x80008863 x20:0x00000000 PA:0x80008d46
         995000	        98	80000168	005d9913	slli	x18,x27,0x5	 x27:0x0e132000 x18=0xc2640000
        1005000	        99	8000016c	01cc5e13	srli	x28,x24,0x1c	 x24:0xe55eba1a x28=0x0000000e
        1015000	       100	80000170	3bd60c23	sb	x29,952(x12)	 x12:0x80008863 x29:0x0000000c PA:0x80008c1b
        1025000	       101	80000174	0c561ca3	sh	x5,217(x12)	 x12:0x80008863  x5:0xfad8a361 PA:0x8000893c
        1035000	       102	80000178	66e64f03	lbu	x30,1646(x12)	 x12:0x80008863 x30=0x000000c7 PA:0x80008ed1
        1045000	       103	8000017c	00008397	auipc	x7,0x8	  x7=0x80008178
        1055000	       104	80000180	6a938393	addi	x7,x7,1705	  x7:0x80008178  x7=0x80008821
        1065000	       105	80000184	00ea0ab3	add	x21,x20,x14	 x20:0x00000000 x14:0xff5f9ba5 x21=0xff5f9ba5
        1075000	       106	80000188	0e338983	lb	x19,227(x7)	  x7:0x80008821 x19=0x00000011 PA:0x80008904
        1085000	       107	8000018c	03939983	lh	x19,57(x7)	  x7:0x80008821 x19=0x00001ea5 PA:0x8000885a
        1095000	       108	80000190	04e3c983	lbu	x19,78(x7)	  x7:0x80008821 x19=0x00000014 PA:0x8000886f
        1105000	       109	80000194	411304b3	sub	x9,x6,x17	  x6:0xf2ef538c x17:0x00000004  x9=0xf2ef5388
        1115000	       110	80000198	0633dd03	lhu	x26,99(x7)	  x7:0x80008821 x26=0x0000002e PA:0x80008884
        1125000	       111	8000019c	a7e94437	lui	x8,0xa7e94	  x8=0xa7e94000
        1135000	       112	800001a0	0083c803	lbu	x16,8(x7)	  x7:0x80008821 x16=0x000000fa PA:0x80008829
        1145000	       113	800001a4	0b33cd83	lbu	x27,179(x7)	  x7:0x80008821 x27=0x00000067 PA:0x800088d4
        1155000	       114	800001a8	08d38f03	lb	x30,141(x7)	  x7:0x80008821 x30=0x0000002a PA:0x800088ae
        1165000	       115	800001ac	0a43ca03	lbu	x20,164(x7)	  x7:0x80008821 x20=0x0000007d PA:0x800088c5
        1175000	       116	800001b0	002820b3	slt	x1,x16,x2	 x16:0x000000fa  x2:0x80000000  x1=0x00000000
        1185000	       117	800001b4	06b3ada3	sw	x11,123(x7)	  x7:0x80008821 x11:0x0000e45c PA:0x8000889c
        1195000	       118	800001b8	314c8813	addi	x16,x25,788	 x25:0x80000000 x16=0x80000314
        1205000	       119	800001bc	07f3c303	lbu	x6,127(x7)	  x7:0x80008821  x6=0x000000c9 PA:0x800088a0
        1215000	       120	800001c0	0079f4b3	and	x9,x19,x7	 x19:0x00000014  x7:0x80008821  x9=0x00000000
        1225000	       121	800001c4	00fc15b3	sll	x11,x24,x15	 x24:0xe55eba1a x15:0x80000000 x11=0xe55eba1a
        1235000	       122	800001c8	02dbe093	ori	x1,x23,45	 x23:0x80000000  x1=0x8000002d
        1245000	       123	800001cc	05138c23	sb	x17,88(x7)	  x7:0x80008821 x17:0x00000004 PA:0x80008879
        1255000	       124	800001d0	003fa433	slt	x8,x31,x3	 x31:0x3f9065b0  x3:0x00003473  x8=0x00000000
        1265000	       125	800001d4	39d98613	addi	x12,x19,925	 x19:0x00000014 x12=0x000003b1
        1275000	       126	800001d8	09339a03	lh	x20,147(x7)	  x7:0x80008821 x20=0x00003913 PA:0x800088b4
        1285000	       127	800001dc	01968c33	add	x24,x13,x25	 x13:0x00000001 x25:0x80000000 x24=0x80000001
        1295000	       128	800001e0	06838903	lb	x18,104(x7)	  x7:0x80008821 x18=0x00000045 PA:0x80008889
        1305000	       129	800001e4	09f3aa83	lw	x21,159(x7)	  x7:0x80008821 x21=0xef8a9569 PA:0x800088c0
        1315000	       130	800001e8	46a52613	slti	x12,x10,1130	 x10:0x80009f84 x12=0x00000001
        1325000	       131	800001ec	01539403	lh	x8,21(x7)	  x7:0x80008821  x8=0xffffa4b2 PA:0x80008836
        1335000	       132	800001f0	0553d483	lhu	x9,85(x7)	  x7:0x80008821  x9=0x00000002 PA:0x80008876
        1345000	       133	800001f4	0033a183	lw	x3,3(x7)	  x7:0x80008821  x3=0x90651d5e PA:0x80008824
        1355000	       134	800001f8	006af5b3	and	x11,x21,x6	 x21:0xef8a9569  x6:0x000000c9 x11=0x00000049
        1365000	       135	800001fc	09c3c083	lbu	x1,156(x7)	  x7:0x80008821  x1=0x00000012 PA:0x800088bd
        1375000	       136	80000200	9d847a13	andi	x20,x8,-1576	  x8:0xffffa4b2 x20=0xffffa090
        1385000	       137	80000204	002f9b93	slli	x23,x31,0x2	 x31:0x3f9065b0 x23=0xfe4196c0
        1395000	       138	80000208	0140d733	srl	x14,x1,x20	  x1:0x00000012 x20:0xffffa090 x14=0x00000000
        1405000	       139	8000020c	afb5aa93	slti	x21,x11,-1285	 x11:0x00000049 x21=0x00000000
        1415000	       140	80000210	04738823	sb	x7,80(x7)	  x7:0x80008821  x7:0x80008821 PA:0x80008871
        1425000	       141	80000214	0b539d03	lh	x26,181(x7)	  x7:0x80008821 x26=0xffffe04d PA:0x800088d6
        1435000	       142	80000218	0313a7a3	sw	x17,47(x7)	  x7:0x80008821 x17:0x00000004 PA:0x80008850
        1445000	       143	8000021c	0af3c303	lbu	x6,175(x7)	  x7:0x80008821  x6=0x000000b0 PA:0x800088d0
        1455000	       144	80000220	0483ca83	lbu	x21,72(x7)	  x7:0x80008821 x21=0x000000ff PA:0x80008869
        1465000	       145	80000224	05f3d083	lhu	x1,95(x7)	  x7:0x80008821  x1=0x0000e0db PA:0x80008880
        1475000	       146	80000228	01971413	slli	x8,x14,0x19	 x14:0x00000000  x8=0x00000000
        1485000	       147	8000022c	000ed933	srl	x18,x29,x0	 x29:0x0000000c  x0:0x00000000 x18=0x0000000c
        1495000	       148	80000230	000d5b93	srli	x23,x26,0x0	 x26:0xffffe04d x23=0xffffe04d
        1505000	       149	80000234	7c669d37	lui	x26,0x7c669	 x26=0x7c669000
        1515000	       150	80000238	09038623	sb	x16,140(x7)	  x7:0x80008821 x16:0x80000314 PA:0x800088ad
        1525000	       151	8000023c	0dd38a23	sb	x29,212(x7)	  x7:0x80008821 x29:0x0000000c PA:0x800088f5
        1535000	       152	80000240	016fd593	srli	x11,x31,0x16	 x31:0x3f9065b0 x11=0x000000fe
        1545000	       153	80000244	0df3c283	lbu	x5,223(x7)	  x7:0x80008821  x5=0x000000d3 PA:0x80008900
        1555000	       154	80000248	00009797	auipc	x15,0x9	 x15=0x80009244
        1565000	       155	8000024c	84578793	addi	x15,x15,-1979	 x15:0x80009244 x15=0x80008a89
        1575000	       156	80000250	cf4ef413	andi	x8,x29,-780	 x29:0x0000000c  x8=0x00000004
        1585000	       157	80000254	00c65e93	srli	x29,x12,0xc	 x12:0x00000001 x29=0x00000000
        1595000	       158	80000258	40ed09b3	sub	x19,x26,x14	 x26:0x7c669000 x14:0x00000000 x19=0x7c669000
        1605000	       159	8000025c	01ea9733	sll	x14,x21,x30	 x21:0x000000ff x30:0x0000002a x14=0x0003fc00
        1615000	       160	80000260	00c4d2b3	srl	x5,x9,x12	  x9:0x00000002 x12:0x00000001  x5=0x00000001
        1625000	       161	80000264	24d798a3	sh	x13,593(x15)	 x15:0x80008a89 x13:0x00000001 PA:0x80008cda
        1635000	       162	80000268	44478803	lb	x16,1092(x15)	 x15:0x80008a89 x16=0x0000000f PA:0x80008ecd
        1645000	       163	8000026c	41b4d4b3	sra	x9,x9,x27	  x9:0x00000002 x27:0x00000067  x9=0x00000000
        1655000	       164	80000270	05779d83	lh	x27,87(x15)	 x15:0x80008a89 x27=0xffffdcf7 PA:0x80008ae0
        1665000	       165	80000274	0037a5a3	sw	x3,11(x15)	 x15:0x80008a89  x3:0x90651d5e PA:0x80008a94
        1675000	       166	80000278	dc278803	lb	x16,-574(x15)	 x15:0x80008a89 x16=0x0000003b PA:0x8000884b
        1685000	       167	8000027c	fbc78183	lb	x3,-68(x15)	 x15:0x80008a89  x3=0x00000024 PA:0x80008a45
        1695000	       168	80000280	4d57b593	sltiu	x11,x15,1237	 x15:0x80008a89 x11=0x00000000
        1705000	       169	80000284	22a01ab7	lui	x21,0x22a01	 x21=0x22a01000
        1715000	       170	80000288	a1280013	addi	x0,x16,-1518	 x16:0x0000003b
        1725000	       171	8000028c	10f7a003	lw	x0,271(x15)	 x15:0x80008a89 PA:0x80008b98
        1735000	       172	80000290	27c7c703	lbu	x14,636(x15)	 x15:0x80008a89 x14=0x00000088 PA:0x80008d05
        1745000	       173	80000294	10a78c23	sb	x10,280(x15)	 x15:0x80008a89 x10:0x80009f84 PA:0x80008ba1
        1755000	       174	80000298	2dc781a3	sb	x28,707(x15)	 x15:0x80008a89 x28:0x0000000e PA:0x80008d4c
        1765000	       175	8000029c	01d3e4b3	or	x9,x7,x29	  x7:0x80008821 x29:0x00000000  x9=0x80008821
        1775000	       176	800002a0	10f79183	lh	x3,271(x15)	 x15:0x80008a89  x3=0xffffc154 PA:0x80008b98
        1785000	       177	800002a4	ef7782a3	sb	x23,-283(x15)	 x15:0x80008a89 x23:0xffffe04d PA:0x8000896e
        1795000	       178	800002a8	00008317	auipc	x6,0x8	  x6=0x800082a4
        1805000	       179	800002ac	7c430313	addi	x6,x6,1988	  x6:0x800082a4  x6=0x80008a68
        1815000	       180	800002b0	4024d733	sra	x14,x9,x2	  x9:0x80008821  x2:0x80000000 x14=0x80008821
        1825000	       181	800002b4	00e31403	lh	x8,14(x6)	  x6:0x80008a68  x8=0x00005c42 PA:0x80008a76
        1835000	       182	800002b8	0fbf8e13	addi	x28,x31,251	 x31:0x3f9065b0 x28=0x3f9066ab
        1845000	       183	800002bc	01db4bb3	xor	x23,x22,x29	 x22:0x80000000 x29:0x00000000 x23=0x80000000
        1855000	       184	800002c0	01b1e6b3	or	x13,x3,x27	  x3:0xffffc154 x27:0xffffdcf7 x13=0xffffddf7
        1865000	       185	800002c4	fca308a3	sb	x10,-47(x6)	  x6:0x80008a68 x10:0x80009f84 PA:0x80008a39
        1875000	       186	800002c8	fca30d03	lb	x26,-54(x6)	  x6:0x80008a68 x26=0x0000002a PA:0x80008a32
        1885000	       187	00000000	00000013	addi	x0,x0,0	  x0:0x00000000
        1895000	       188	800002cc	fda309a3	sb	x26,-45(x6)	  x6:0x80008a68 x26:0x0000002a PA:0x80008a3b
        1905000	       189	800002d0	fc635703	lhu	x14,-58(x6)	  x6:0x80008a68 x14=0x000006c1 PA:0x80008a2e
        1915000	       190	800002d4	0029ab33	slt	x22,x19,x2	 x19:0x7c669000  x2:0x80000000 x22=0x00000000
        1925000	       191	800002d8	fd534483	lbu	x9,-43(x6)	  x6:0x80008a68  x9=0x00000003 PA:0x80008a3d
        1935000	       192	800002dc	001c91b3	sll	x3,x25,x1	 x25:0x80000000  x1:0x0000e0db  x3=0x00000000
        1945000	       193	800002e0	41ca5a93	srai	x21,x20,0x1c	 x20:0xffffa090 x21=0xffffffff
        1955000	       194	800002e4	03934903	lbu	x18,57(x6)	  x6:0x80008a68 x18=0x000000f5 PA:0x80008aa1
        1965000	       195	800002e8	40cdd913	srai	x18,x27,0xc	 x27:0xffffdcf7 x18=0xfffffffd
        1975000	       196	800002ec	fec302a3	sb	x12,-27(x6)	  x6:0x80008a68 x12:0x00000001 PA:0x80008a4d
        1985000	       197	800002f0	005a1eb3	sll	x29,x20,x5	 x20:0xffffa090  x5:0x00000001 x29=0xffff4120
        1995000	       198	800002f4	ff5305a3	sb	x21,-21(x6)	  x6:0x80008a68 x21:0xffffffff PA:0x80008a53
        2005000	       199	800002f8	fdb34a03	lbu	x20,-37(x6)	  x6:0x80008a68 x20=0x000000a3 PA:0x80008a43
        2015000	       200	800002fc	01f30b23	sb	x31,22(x6)	  x6:0x80008a68 x31:0x3f9065b0 PA:0x80008a7e
        2025000	       201	80000300	00495893	srli	x17,x18,0x4	 x18:0xfffffffd x17=0x0fffffff
        2035000	       202	80000304	05294b93	xori	x23,x18,82	 x18:0xfffffffd x23=0xffffffaf
        2045000	       203	80000308	01a41a93	slli	x21,x8,0x1a	  x8:0x00005c42 x21=0x08000000
        2055000	       204	8000030c	0070c633	xor	x12,x1,x7	  x1:0x0000e0db  x7:0x80008821 x12=0x800068fa
        2065000	       205	80000310	009d38b3	sltu	x17,x26,x9	 x26:0x0000002a  x9:0x00000003 x17=0x00000000
        2075000	       206	80000314	407ade13	srai	x28,x21,0x7	 x21:0x08000000 x28=0x00100000
        2085000	       207	80000318	00730183	lb	x3,7(x6)	  x6:0x80008a68  x3=0x00000055 PA:0x80008a6f
        2095000	       208	8000031c	7be0c293	xori	x5,x1,1982	  x1:0x0000e0db  x5=0x0000e765
        2105000	       209	80000320	00030083	lb	x1,0(x6)	  x6:0x80008a68  x1=0xffffffaf PA:0x80008a68
        2115000	       210	00000000	00000013	addi	x0,x0,0	  x0:0x00000000
        2125000	       211	80000324	00008e17	auipc	x28,0x8	 x28=0x80008320
        2135000	       212	80000328	775e0e13	addi	x28,x28,1909	 x28:0x80008320 x28=0x80008a95
        2145000	       213	8000032c	f7ce0403	lb	x8,-132(x28)	 x28:0x80008a95  x8=0x00000067 PA:0x80008a11
        2155000	       214	80000330	2d98b493	sltiu	x9,x17,729	 x17:0x00000000  x9=0x00000001
        2165000	       215	80000334	f1ee4783	lbu	x15,-226(x28)	 x28:0x80008a95 x15=0x000000ca PA:0x800089b3
        2175000	       216	80000338	34aacd13	xori	x26,x21,842	 x21:0x08000000 x26=0x0800034a
        2185000	       217	8000033c	00339cb3	sll	x25,x7,x3	  x7:0x80008821  x3:0x00000055 x25=0x04200000
        2195000	       218	80000340	41d584b3	sub	x9,x11,x29	 x11:0x00000000 x29:0xffff4120  x9=0x0000bee0
        2205000	       219	80000344	01efd633	srl	x12,x31,x30	 x31:0x3f9065b0 x30:0x0000002a x12=0x000fe419
        2215000	       220	80000348	00ee0523	sb	x14,10(x28)	 x28:0x80008a95 x14:0x000006c1 PA:0x80008a9f
        2225000	       221	8000034c	049e5303	lhu	x6,73(x28)	 x28:0x80008a95  x6=0x0000eb95 PA:0x80008ade
        2235000	       222	80000350	aa81b913	sltiu	x18,x3,-1368	  x3:0x00000055 x18=0x00000001
        2245000	       223	80000354	00ae44b3	xor	x9,x28,x10	 x28:0x80008a95 x10:0x80009f84  x9=0x00001511
        2255000	       224	80000358	f43e2f83	lw	x31,-189(x28)	 x28:0x80008a95 x31=0x2b1bffc4 PA:0x800089d8
        2265000	       225	8000035c	075e4a83	lbu	x21,117(x28)	 x28:0x80008a95 x21=0x00000028 PA:0x80008b0a
        2275000	       226	80000360	66c6b293	sltiu	x5,x13,1644	 x13:0xffffddf7  x5=0x00000000
        2285000	       227	80000364	f78a8c93	addi	x25,x21,-136	 x21:0x00000028 x25=0xffffffa0
        2295000	       228	80000368	effe2d93	slti	x27,x28,-257	 x28:0x80008a95 x27=0x00000001
        2305000	       229	8000036c	09fe1ca3	sh	x31,153(x28)	 x28:0x80008a95 x31:0x2b1bffc4 PA:0x80008b2e
        2315000	       230	80000370	017b8d33	add	x26,x23,x23	 x23:0xffffffaf x23:0xffffffaf x26=0xffffff5e
        2325000	       231	80000374	9a0af193	andi	x3,x21,-1632	 x21:0x00000028  x3=0x00000020
        2335000	       232	80000378	07fe0e83	lb	x29,127(x28)	 x28:0x80008a95 x29=0x00000048 PA:0x80008b14
        2345000	       233	8000037c	01b38db3	add	x27,x7,x27	  x7:0x80008821 x27:0x00000001 x27=0x80008822
        2355000	       234	80000380	f6de0623	sb	x13,-148(x28)	 x28:0x80008a95 x13:0xffffddf7 PA:0x80008a01
        2365000	       235	80000384	089e4183	lbu	x3,137(x28)	 x28:0x80008a95  x3=0x000000c4 PA:0x80008b1e
        2375000	       236	80000388	f51e1903	lh	x18,-175(x28)	 x28:0x80008a95 x18=0xfffff818 PA:0x800089e6
        2385000	       237	8000038c	f02e0483	lb	x9,-254(x28)	 x28:0x80008a95  x9=0x0000001f PA:0x80008997
        2395000	       238	80000390	034e11a3	sh	x20,35(x28)	 x28:0x80008a95 x20:0x000000a3 PA:0x80008ab8
        2405000	       239	80000394	00000013	addi	x0,x0,0	  x0:0x00000000
        2415000	       240	80000398	088e4a03	lbu	x20,136(x28)	 x28:0x80008a95 x20=0x00000025 PA:0x80008b1d
        2425000	       241	8000039c	015139b3	sltu	x19,x2,x21	  x2:0x80000000 x21:0x00000028 x19=0x00000000
        2435000	       242	800003a0	00805893	srli	x17,x0,0x8	  x0:0x00000000 x17=0x00000000
        2445000	       243	800003a4	0b7e2d83	lw	x27,183(x28)	 x28:0x80008a95 x27=0x3a3d6eb4 PA:0x80008b4c
        2455000	       244	800003a8	410a5cb3	sra	x25,x20,x16	 x20:0x00000025 x16:0x0000003b x25=0x00000000
        2465000	       245	800003ac	44a7a393	slti	x7,x15,1098	 x15:0x000000ca  x7=0x00000001
        2475000	       246	800003b0	00bc6f33	or	x30,x24,x11	 x24:0x80000001 x11:0x00000000 x30=0x80000001
        2485000	       247	800003b4	00beffb3	and	x31,x29,x11	 x29:0x00000048 x11:0x00000000 x31=0x00000000
        2495000	       248	800003b8	01fa59b3	srl	x19,x20,x31	 x20:0x00000025 x31:0x00000000 x19=0x00000025
        2505000	       249	800003bc	301946b7	lui	x13,0x30194	 x13=0x30194000
        2515000	       250	800003c0	005e04a3	sb	x5,9(x28)	 x28:0x80008a95  x5:0x00000000 PA:0x80008a9e
        2525000	       251	800003c4	f87e0c23	sb	x7,-104(x28)	 x28:0x80008a95  x7:0x00000001 PA:0x80008a2d
        2535000	       252	800003c8	fb7e0f03	lb	x30,-73(x28)	 x28:0x80008a95 x30=0xffffff8e PA:0x80008a4c
        2545000	       253	800003cc	0fde16a3	sh	x29,237(x28)	 x28:0x80008a95 x29:0x00000048 PA:0x80008b82
        2555000	       254	800003d0	f92e18a3	sh	x18,-111(x28)	 x28:0x80008a95 x18:0xfffff818 PA:0x80008a26
        2565000	       255	800003d4	0c4e4483	lbu	x9,196(x28)	 x28:0x80008a95  x9=0x000000de PA:0x80008b59
        2575000	       256	800003d8	00000013	addi	x0,x0,0	  x0:0x00000000
        2585000	       257	800003dc	cd8aa693	slti	x13,x21,-808	 x21:0x00000028 x13=0x00000000
        2595000	       258	800003e0	ff4e0d83	lb	x27,-12(x28)	 x28:0x80008a95 x27=0x00000023 PA:0x80008a89
        2605000	       259	800003e4	0dee4183	lbu	x3,222(x28)	 x28:0x80008a95  x3=0x00000070 PA:0x80008b73
        2615000	       260	800003e8	f78e4283	lbu	x5,-136(x28)	 x28:0x80008a95  x5=0x0000002d PA:0x80008a0d
        2625000	       261	800003ec	00008417	auipc	x8,0x8	  x8=0x800083e8
        2635000	       262	800003f0	0d240413	addi	x8,x8,210	  x8:0x800083e8  x8=0x800084ba
        2645000	       263	800003f4	00a548b3	xor	x17,x10,x10	 x10:0x80009f84 x10:0x80009f84 x17=0x00000000
        2655000	       264	800003f8	026405a3	sb	x6,43(x8)	  x8:0x800084ba  x6:0x0000eb95 PA:0x800084e5
        2665000	       265	800003fc	01744303	lbu	x6,23(x8)	  x8:0x800084ba  x6=0x00000075 PA:0x800084d1
        2675000	       266	80000400	f0144683	lbu	x13,-255(x8)	  x8:0x800084ba x13=0x00000015 PA:0x800083bb
        2685000	       267	80000404	c3812a13	slti	x20,x2,-968	  x2:0x80000000 x20=0x00000001
        2695000	       268	80000408	015653b3	srl	x7,x12,x21	 x12:0x000fe419 x21:0x00000028  x7=0x00000fe4
        2705000	       269	8000040c	c5ce3493	sltiu	x9,x28,-932	 x28:0x80008a95  x9=0x00000001
        2715000	       270	80000410	0ac41983	lh	x19,172(x8)	  x8:0x800084ba x19=0x00001f03 PA:0x80008566
        2725000	       271	80000414	ff144803	lbu	x16,-15(x8)	  x8:0x800084ba x16=0x000000a4 PA:0x800084ab
        2735000	       272	80000418	02440a83	lb	x21,36(x8)	  x8:0x800084ba x21=0x00000046 PA:0x800084de
        2745000	       273	8000041c	002b34b3	sltu	x9,x22,x2	 x22:0x00000000  x2:0x80000000  x9=0x00000001
        2755000	       274	80000420	865cc093	xori	x1,x25,-1947	 x25:0x00000000  x1=0xfffff865
        2765000	       275	80000424	f4340f83	lb	x31,-189(x8)	  x8:0x800084ba x31=0xffffffbe PA:0x800083fd
        2775000	       276	80000428	00775c33	srl	x24,x14,x7	 x14:0x000006c1  x7:0x00000fe4 x24=0x0000006c
        2785000	       277	8000042c	f1140683	lb	x13,-239(x8)	  x8:0x800084ba x13=0x00000025 PA:0x800083cb
        2795000	       278	80000430	fcf40583	lb	x11,-49(x8)	  x8:0x800084ba x11=0xffffffc5 PA:0x80008489
        2805000	       279	80000434	017e0333	add	x6,x28,x23	 x28:0x80008a95 x23:0xffffffaf  x6=0x80008a44
        2815000	       280	80000438	b2c0cf13	xori	x30,x1,-1236	  x1:0xfffff865 x30=0x00000349
        2825000	       281	8000043c	f9940283	lb	x5,-103(x8)	  x8:0x800084ba  x5=0x0000001a PA:0x80008453
        2835000	       282	80000440	08944483	lbu	x9,137(x8)	  x8:0x800084ba  x9=0x00000055 PA:0x80008543
        2845000	       283	80000444	f5341323	sh	x19,-186(x8)	  x8:0x800084ba x19:0x00001f03 PA:0x80008400
        2855000	       284	80000448	03441e83	lh	x29,52(x8)	  x8:0x800084ba x29=0xffffeabe PA:0x800084ee
        2865000	       285	8000044c	00241d13	slli	x26,x8,0x2	  x8:0x800084ba x26=0x000212e8
        2875000	       286	80000450	0067a4b3	slt	x9,x15,x6	 x15:0x000000ca  x6:0x80008a44  x9=0x00000000
        2885000	       287	80000454	0072b0b3	sltu	x1,x5,x7	  x5:0x0000001a  x7:0x00000fe4  x1=0x00000001
        2895000	       288	80000458	f5544a83	lbu	x21,-171(x8)	  x8:0x800084ba x21=0x00000083 PA:0x8000840f
        2905000	       289	8000045c	01d44483	lbu	x9,29(x8)	  x8:0x800084ba  x9=0x00000032 PA:0x800084d7
        2915000	       290	80000460	f6a42a03	lw	x20,-150(x8)	  x8:0x800084ba x20=0x0ff7c37c PA:0x80008424
        2925000	       291	80000464	f3e44b83	lbu	x23,-194(x8)	  x8:0x800084ba x23=0x00000056 PA:0x800083f8
        2935000	       292	80000468	56bdc613	xori	x12,x27,1387	 x27:0x00000023 x12=0x00000548
        2945000	       293	8000046c	00e991b3	sll	x3,x19,x14	 x19:0x00001f03 x14:0x000006c1  x3=0x00003e06
        2955000	       294	80000470	4149dc33	sra	x24,x19,x20	 x19:0x00001f03 x20:0x0ff7c37c x24=0x00000000
        2965000	       295	80000474	fc044e03	lbu	x28,-64(x8)	  x8:0x800084ba x28=0x00000063 PA:0x8000847a
        2975000	       296	80000478	0a944583	lbu	x11,169(x8)	  x8:0x800084ba x11=0x00000012 PA:0x80008563
        2985000	       297	8000047c	f3e45283	lhu	x5,-194(x8)	  x8:0x800084ba  x5=0x0000d056 PA:0x800083f8
        2995000	       298	80000480	f2c40083	lb	x1,-212(x8)	  x8:0x800084ba  x1=0xffffffc8 PA:0x800083e6
        3005000	       299	80000484	f5a41903	lh	x18,-166(x8)	  x8:0x800084ba x18=0xffffe67f PA:0x80008414
        3015000	       300	80000488	03041d03	lh	x26,48(x8)	  x8:0x800084ba x26=0x0000519c PA:0x800084ea
        3025000	       301	8000048c	01444883	lbu	x17,20(x8)	  x8:0x800084ba x17=0x000000ef PA:0x800084ce
        3035000	       302	80000490	f3740a83	lb	x21,-201(x8)	  x8:0x800084ba x21=0xffffffd9 PA:0x800083f1
        3045000	       303	80000494	f4042123	sw	x0,-190(x8)	  x8:0x800084ba  x0:0x00000000 PA:0x800083fc
        3055000	       304	80000498	f13402a3	sb	x19,-251(x8)	  x8:0x800084ba x19:0x00001f03 PA:0x800083bf
        3065000	       305	8000049c	0030c9b3	xor	x19,x1,x3	  x1:0xffffffc8  x3:0x00003e06 x19=0xffffc1ce
        3075000	       306	800004a0	fcc41903	lh	x18,-52(x8)	  x8:0x800084ba x18=0x00001703 PA:0x80008486
        3085000	       307	800004a4	410e5333	sra	x6,x28,x16	 x28:0x00000063 x16:0x000000a4  x6=0x00000006
        3095000	       308	800004a8	055404a3	sb	x21,73(x8)	  x8:0x800084ba x21:0xffffffd9 PA:0x80008503
        3105000	       309	800004ac	09841423	sh	x24,136(x8)	  x8:0x800084ba x24:0x00000000 PA:0x80008542
        3115000	       310	800004b0	00008597	auipc	x11,0x8	 x11=0x800084ac
        3125000	       311	800004b4	1dd58593	addi	x11,x11,477	 x11:0x800084ac x11=0x80008689
        3135000	       312	800004b8	e0f59c03	lh	x24,-497(x11)	 x11:0x80008689 x24=0xfffff028 PA:0x80008498
        3145000	       313	00000000	00000013	addi	x0,x0,0	  x0:0x00000000
        3155000	       314	800004bc	40fc5f13	srai	x30,x24,0xf	 x24:0xfffff028 x30=0xffffffff
        3165000	       315	800004c0	01125393	srli	x7,x4,0x11	  x4:0x80009fc4  x7=0x00004000
        3175000	       316	800004c4	01a95d33	srl	x26,x18,x26	 x18:0x00001703 x26:0x0000519c x26=0x00000000
        3185000	       317	800004c8	01895613	srli	x12,x18,0x18	 x18:0x00001703 x12=0x00000000
        3195000	       318	800004cc	0dc597a3	sh	x28,207(x11)	 x11:0x80008689 x28:0x00000063 PA:0x80008758
        3205000	       319	800004d0	0265ce03	lbu	x28,38(x11)	 x11:0x80008689 x28=0x0000003d PA:0x800086af
        3215000	       320	800004d4	f2458723	sb	x4,-210(x11)	 x11:0x80008689  x4:0x80009fc4 PA:0x800085b7
        3225000	       321	800004d8	dc758603	lb	x12,-569(x11)	 x11:0x80008689 x12=0xfffffff5 PA:0x80008450
        3235000	       322	800004dc	f0582a13	slti	x20,x16,-251	 x16:0x000000a4 x20=0x00000000
        3245000	       323	800004e0	0a65c183	lbu	x3,166(x11)	 x11:0x80008689  x3=0x00000063 PA:0x8000872f
        3255000	       324	800004e4	012e1b13	slli	x22,x28,0x12	 x28:0x0000003d x22=0x00f40000
        3265000	       325	800004e8	00805a13	srli	x20,x0,0x8	  x0:0x00000000 x20=0x00000000
        3275000	       326	800004ec	c4e5c983	lbu	x19,-946(x11)	 x11:0x80008689 x19=0x000000e9 PA:0x800082d7
        3285000	       327	800004f0	d5d5c683	lbu	x13,-675(x11)	 x11:0x80008689 x13=0x000000c8 PA:0x800083e6
        3295000	       328	800004f4	a6f5afa3	sw	x15,-1409(x11)	 x11:0x80008689 x15:0x000000ca PA:0x80008108
        3305000	       329	800004f8	aa95fc97	auipc	x25,0xaa95f	 x25=0x2a95f4f4
        3315000	       330	800004fc	40bcd893	srai	x17,x25,0xb	 x25:0x2a95f4f4 x17=0x000552be
        3325000	       331	80000500	b605cd83	lbu	x27,-1184(x11)	 x11:0x80008689 x27=0x00000007 PA:0x800081e9
        3335000	       332	00000000	00000013	addi	x0,x0,0	  x0:0x00000000
        3345000	       333	80000504	00ed9ab3	sll	x21,x27,x14	 x27:0x00000007 x14:0x000006c1 x21=0x0000000e
        3355000	       334	80000508	c4759a83	lh	x21,-953(x11)	 x11:0x80008689 x21=0xfffff141 PA:0x800082d0
        3365000	       335	00000000	00000013	addi	x0,x0,0	  x0:0x00000000
        3375000	       336	8000050c	651aed93	ori	x27,x21,1617	 x21:0xfffff141 x27=0xfffff751
        3385000	       337	80000510	e9658e83	lb	x29,-362(x11)	 x11:0x80008689 x29=0x0000006b PA:0x8000851f
        3395000	       338	80000514	41615613	srai	x12,x2,0x16	  x2:0x80000000 x12=0xfffffe00
        3405000	       339	80000518	ef1582a3	sb	x17,-283(x11)	 x11:0x80008689 x17:0x000552be PA:0x8000856e
        3415000	       340	8000051c	e90595a3	sh	x16,-373(x11)	 x11:0x80008689 x16:0x000000a4 PA:0x80008514
        3425000	       341	80000520	07658aa3	sb	x22,117(x11)	 x11:0x80008689 x22:0x00f40000 PA:0x800086fe
        3435000	       342	80000524	c4858903	lb	x18,-952(x11)	 x11:0x80008689 x18=0xfffffff1 PA:0x800082d1
        3445000	       343	80000528	9ff58623	sb	x31,-1556(x11)	 x11:0x80008689 x31:0xffffffbe PA:0x80008075
        3455000	       344	8000052c	de55d083	lhu	x1,-539(x11)	 x11:0x80008689  x1=0x0000d037 PA:0x8000846e
        3465000	       345	80000530	f1ac7613	andi	x12,x24,-230	 x24:0xfffff028 x12=0xfffff008
        3475000	       346	80000534	e6658983	lb	x19,-410(x11)	 x11:0x80008689 x19=0xffffffea PA:0x800084ef
        3485000	       347	80000538	3a453293	sltiu	x5,x10,932	 x10:0x80009f84  x5=0x00000000
        3495000	       348	8000053c	01979413	slli	x8,x15,0x19	 x15:0x000000ca  x8=0x94000000
        3505000	       349	80000540	40838b33	sub	x22,x7,x8	  x7:0x00004000  x8:0x94000000 x22=0x6c004000
        3515000	       350	80000544	006bdc33	srl	x24,x23,x6	 x23:0x00000056  x6:0x00000006 x24=0x00000001
        3525000	       351	80000548	0549d063	bge	x19,x20,80000588	 x19:0xffffffea x20:0x00000000
        3535000	       352	8000054c	00000013	addi	x0,x0,0	  x0:0x00000000
        3545000	       353	80000550	4045d093	srai	x1,x11,0x4	 x11:0x80008689  x1=0xf8000868
        3555000	       354	80000554	01152fb3	slt	x31,x10,x17	 x10:0x80009f84 x17:0x000552be x31=0x00000001
        3565000	       355	80000558	b1047013	andi	x0,x8,-1264	  x8:0x94000000
        3575000	       356	8000055c	41795433	sra	x8,x18,x23	 x18:0xfffffff1 x23:0x00000056  x8=0xffffffff
        3585000	       357	80000560	01b631b3	sltu	x3,x12,x27	 x12:0xfffff008 x27:0xfffff751  x3=0x00000001
        3595000	       358	80000564	adf9fc13	andi	x24,x19,-1313	 x19:0xffffffea x24=0xfffffaca
        3605000	       359	80000568	0105d663	bge	x11,x16,80000574	 x11:0x80008689 x16:0x000000a4
        3615000	       360	8000056c	05d4c663	blt	x9,x29,800005b8	  x9:0x00000032 x29:0x0000006b
        3625000	       361	00000000	00000013	addi	x0,x0,0	  x0:0x00000000
        3635000	       362	800005b4	00000013	addi	x0,x0,0	  x0:0x00000000
        3645000	       363	800005b8	01264e33	xor	x28,x12,x18	 x12:0xfffff008 x18:0xfffffff1 x28=0x00000ff9
        3655000	       364	800005bc	00000013	addi	x0,x0,0	  x0:0x00000000
        3665000	       365	800005c0	04c28063	beq	x5,x12,80000600	  x5:0x00000000 x12:0xfffff008
        3675000	       366	800005c4	01371e33	sll	x28,x14,x19	 x14:0x000006c1 x19:0xffffffea x28=0x001b0400
        3685000	       367	800005c8	003f9eb3	sll	x29,x31,x3	 x31:0x00000001  x3:0x00000001 x29=0x00000002
        3695000	       368	800005cc	007b1613	slli	x12,x22,0x7	 x22:0x6c004000 x12=0x00200000
        3705000	       369	800005d0	00e2d463	bge	x5,x14,800005d8	  x5:0x00000000 x14:0x000006c1
        3715000	       370	800005d4	408380b3	sub	x1,x7,x8	  x7:0x00004000  x8:0xffffffff  x1=0x00004001
        3725000	       371	800005d8	415a52b3	sra	x5,x20,x21	 x20:0x00000000 x21:0xfffff141  x5=0x00000000
        3735000	       372	800005dc	4011df13	srai	x30,x3,0x1	  x3:0x00000001 x30=0x00000000
        3745000	       373	800005e0	02d30863	beq	x6,x13,80000610	  x6:0x00000006 x13:0x000000c8
        3755000	       374	800005e4	004b0633	add	x12,x22,x4	 x22:0x6c004000  x4:0x80009fc4 x12=0xec00dfc4
        3765000	       375	800005e8	968d4093	xori	x1,x26,-1688	 x26:0x00000000  x1=0xfffff968
        3775000	       376	800005ec	007e43b3	xor	x7,x28,x7	 x28:0x001b0400  x7:0x00004000  x7=0x001b4400
        3785000	       377	800005f0	016bd713	srli	x14,x23,0x16	 x23:0x00000056 x14=0x00000000
        3795000	       378	800005f4	11f7a893	slti	x17,x15,287	 x15:0x000000ca x17=0x00000001
        3805000	       379	800005f8	cc186d13	ori	x26,x16,-831	 x16:0x000000a4 x26=0xfffffce5
        3815000	       380	800005fc	01ca05b3	add	x11,x20,x28	 x20:0x00000000 x28:0x001b0400 x11=0x001b0400
        3825000	       381	80000600	4085df13	srai	x30,x11,0x8	 x11:0x001b0400 x30=0x00001b04
        3835000	       382	80000604	0124b7b3	sltu	x15,x9,x18	  x9:0x00000032 x18:0xfffffff1 x15=0x00000001
        3845000	       383	80000608	364fd797	auipc	x15,0x364fd	 x15=0xb64fd604
        3855000	       384	8000060c	006236b3	sltu	x13,x4,x6	  x4:0x80009fc4  x6:0x00000006 x13=0x00000000
        3865000	       385	80000610	96820a13	addi	x20,x4,-1688	  x4:0x80009fc4 x20=0x8000992c
        3875000	       386	80000614	02354a63	blt	x10,x3,80000648	 x10:0x80009f84  x3:0x00000001
        3885000	       387	00000000	00000013	addi	x0,x0,0	  x0:0x00000000
        3895000	       388	80000644	00000013	addi	x0,x0,0	  x0:0x00000000
        3905000	       389	80000648	03a3c863	blt	x7,x26,80000678	  x7:0x001b4400 x26:0xfffffce5
        3915000	       390	8000064c	01e89b13	slli	x22,x17,0x1e	 x17:0x00000001 x22=0x40000000
        3925000	       391	80000650	00e03f33	sltu	x30,x0,x14	  x0:0x00000000 x14:0x00000000 x30=0x00000000
        3935000	       392	80000654	0df40c93	addi	x25,x8,223	  x8:0xffffffff x25=0x000000de
        3945000	       393	80000658	00000013	addi	x0,x0,0	  x0:0x00000000
        3955000	       394	8000065c	17269db7	lui	x27,0x17269	 x27=0x17269000
        3965000	       395	80000660	40add9b3	sra	x19,x27,x10	 x27:0x17269000 x10:0x80009f84 x19=0x01726900
        3975000	       396	80000664	00a13a33	sltu	x20,x2,x10	  x2:0x80000000 x10:0x80009f84 x20=0x00000001
        3985000	       397	80000668	00c4d813	srli	x16,x9,0xc	  x9:0x00000032 x16=0x00000000
        3995000	       398	8000066c	41915333	sra	x6,x2,x25	  x2:0x80000000 x25:0x000000de  x6=0xfffffffe
        4005000	       399	80000670	00f172b3	and	x5,x2,x15	  x2:0x80000000 x15:0xb64fd604  x5=0x80000000
        4015000	       400	80000674	407585b3	sub	x11,x11,x7	 x11:0x001b0400  x7:0x001b4400 x11=0xffffc000
        4025000	       401	80000678	af4b7593	andi	x11,x22,-1292	 x22:0x40000000 x11=0x40000000
        4035000	       402	8000067c	01f407b3	add	x15,x8,x31	  x8:0xffffffff x31:0x00000001 x15=0x00000000
        4045000	       403	80000680	01af8d33	add	x26,x31,x26	 x31:0x00000001 x26:0xfffffce5 x26=0xfffffce6
        4055000	       404	80000684	ac26f097	auipc	x1,0xac26f	  x1=0x2c26f680
        4065000	       405	80000688	41b582b3	sub	x5,x11,x27	 x11:0x40000000 x27:0x17269000  x5=0x28d97000
        4075000	       406	8000068c	29e73d93	sltiu	x27,x14,670	 x14:0x00000000 x27=0x00000001
        4085000	       407	80000690	00608c63	beq	x1,x6,800006a8	  x1:0x2c26f680  x6:0xfffffffe
        4095000	       408	80000694	bfe74193	xori	x3,x14,-1026	 x14:0x00000000  x3=0xfffffbfe
        4105000	       409	80000698	00000013	addi	x0,x0,0	  x0:0x00000000
        4115000	       410	8000069c	009eceb3	xor	x29,x29,x9	 x29:0x00000002  x9:0x00000032 x29=0x00000030
        4125000	       411	800006a0	0006dd13	srli	x26,x13,0x0	 x13:0x00000000 x26=0x00000000
        4135000	       412	800006a4	00000013	addi	x0,x0,0	  x0:0x00000000
        4145000	       413	800006a8	01cb14b3	sll	x9,x22,x28	 x22:0x40000000 x28:0x001b0400  x9=0x40000000
        4155000	       414	800006ac	b24c3b17	auipc	x22,0xb24c3	 x22=0x324c36a8
        4165000	       415	800006b0	01bc5793	srli	x15,x24,0x1b	 x24:0xfffffaca x15=0x0000001f
        4175000	       416	800006b4	01a668b3	or	x17,x12,x26	 x12:0xec00dfc4 x26:0x00000000 x17=0xec00dfc4
        4185000	       417	800006b8	99e32393	slti	x7,x6,-1634	  x6:0xfffffffe  x7=0x00000000
        4195000	       418	800006bc	003e3db3	sltu	x27,x28,x3	 x28:0x001b0400  x3:0xfffffbfe x27=0x00000001
        4205000	       419	800006c0	e45bcc13	xori	x24,x23,-443	 x23:0x00000056 x24=0xfffffe13
        4215000	       420	800006c4	04f2e463	bltu	x5,x15,8000070c	  x5:0x28d97000 x15:0x0000001f
        4225000	       421	800006c8	00000013	addi	x0,x0,0	  x0:0x00000000
        4235000	       422	800006cc	013af863	bgeu	x21,x19,800006dc	 x21:0xfffff141 x19:0x01726900
        4245000	       423	00000000	00000013	addi	x0,x0,0	  x0:0x00000000
        4255000	       424	800006d8	00000013	addi	x0,x0,0	  x0:0x00000000
        4265000	       425	800006dc	9bf96a93	ori	x21,x18,-1601	 x18:0xfffffff1 x21=0xffffffff
        4275000	       426	800006e0	0156f6b3	and	x13,x13,x21	 x13:0x00000000 x21:0xffffffff x13=0x00000000
        4285000	       427	800006e4	00169093	slli	x1,x13,0x1	 x13:0x00000000  x1=0x00000000
        4295000	       428	800006e8	03831c63	bne	x6,x24,80000720	  x6:0xfffffffe x24:0xfffffe13
        4305000	       429	00000000	00000013	addi	x0,x0,0	  x0:0x00000000
        4315000	       430	8000071c	00000013	addi	x0,x0,0	  x0:0x00000000
        4325000	       431	80000720	82262313	slti	x6,x12,-2014	 x12:0xec00dfc4  x6=0x00000001
        4335000	       432	80000724	bd327093	andi	x1,x4,-1069	  x4:0x80009fc4  x1=0x80009bc0
        4345000	       433	80000728	0df77f13	andi	x30,x14,223	 x14:0x00000000 x30=0x00000000
        4355000	       434	8000072c	00000013	addi	x0,x0,0	  x0:0x00000000
        4365000	       435	80000730	418ed993	srai	x19,x29,0x18	 x29:0x00000030 x19=0x00000000
        4375000	       436	80000734	01b0b633	sltu	x12,x1,x27	  x1:0x80009bc0 x27:0x00000001 x12=0x00000000
        4385000	       437	80000738	00f15193	srli	x3,x2,0xf	  x2:0x80000000  x3=0x00010000
        4395000	       438	8000073c	00046a63	bltu	x8,x0,80000750	  x8:0xffffffff  x0:0x00000000
        4405000	       439	80000740	007a1733	sll	x14,x20,x7	 x20:0x00000001  x7:0x00000000 x14=0x00000001
        4415000	       440	80000744	00acdb93	srli	x23,x25,0xa	 x25:0x000000de x23=0x00000000
        4425000	       441	80000748	006d5013	srli	x0,x26,0x6	 x26:0x00000000
        4435000	       442	8000074c	04e69863	bne	x13,x14,8000079c	 x13:0x00000000 x14:0x00000001
        4445000	       443	00000000	00000013	addi	x0,x0,0	  x0:0x00000000
        4455000	       444	80000798	00000013	addi	x0,x0,0	  x0:0x00000000
        4465000	       445	8000079c	009fc333	xor	x6,x31,x9	 x31:0x00000001  x9:0x40000000  x6=0x40000001
        4475000	       446	800007a0	012a9413	slli	x8,x21,0x12	 x21:0xffffffff  x8=0xfffc0000
        4485000	       447	800007a4	0191f933	and	x18,x3,x25	  x3:0x00010000 x25:0x000000de x18=0x00000000
        4495000	       448	800007a8	0132eab3	or	x21,x5,x19	  x5:0x28d97000 x19:0x00000000 x21=0x28d97000
        4505000	       449	800007ac	006054b3	srl	x9,x0,x6	  x0:0x00000000  x6:0x40000001  x9=0x00000000
        4515000	       450	800007b0	00000013	addi	x0,x0,0	  x0:0x00000000
        4525000	       451	800007b4	37160393	addi	x7,x12,881	 x12:0x00000000  x7=0x00000371
        4535000	       452	800007b8	00d50f33	add	x30,x10,x13	 x10:0x80009f84 x13:0x00000000 x30=0x80009f84
        4545000	       453	800007bc	34313013	sltiu	x0,x2,835	  x2:0x80000000
        4555000	       454	800007c0	01a3cdb3	xor	x27,x7,x26	  x7:0x00000371 x26:0x00000000 x27=0x00000371
        4565000	       455	800007c4	0049b6b3	sltu	x13,x19,x4	 x19:0x00000000  x4:0x80009fc4 x13=0x00000001
        4575000	       456	800007c8	04aa1263	bne	x20,x10,8000080c	 x20:0x00000001 x10:0x80009f84
        4585000	       457	00000000	00000013	addi	x0,x0,0	  x0:0x00000000
        4595000	       458	80000808	00000013	addi	x0,x0,0	  x0:0x00000000
        4605000	       459	8000080c	0033e933	or	x18,x7,x3	  x7:0x00000371  x3:0x00010000 x18=0x00010371
        4615000	       460	80000810	5fc36317	auipc	x6,0x5fc36	  x6=0xdfc3680c
        4625000	       461	80000814	0093d493	srli	x9,x7,0x9	  x7:0x00000371  x9=0x00000001
        4635000	       462	80000818	8c1f3e93	sltiu	x29,x30,-1855	 x30:0x80009f84 x29=0x00000001
        4645000	       463	8000081c	01e9ebb3	or	x23,x19,x30	 x19:0x00000000 x30:0x80009f84 x23=0x80009f84
        4655000	       464	80000820	40248933	sub	x18,x9,x2	  x9:0x00000001  x2:0x80000000 x18=0x80000001
        4665000	       465	80000824	019007b3	add	x15,x0,x25	  x0:0x00000000 x25:0x000000de x15=0x000000de
        4675000	       466	80000828	9adfa893	slti	x17,x31,-1619	 x31:0x00000001 x17=0x00000000
        4685000	       467	8000082c	01d96733	or	x14,x18,x29	 x18:0x80000001 x29:0x00000001 x14=0x80000001
        4695000	       468	80000830	01fe4b33	xor	x22,x28,x31	 x28:0x001b0400 x31:0x00000001 x22=0x001b0401
        4705000	       469	80000834	418a58b3	sra	x17,x20,x24	 x20:0x00000001 x24:0xfffffe13 x17=0x00000000
        4715000	       470	80000838	03388663	beq	x17,x19,80000864	 x17:0x00000000 x19:0x00000000
        4725000	       471	00000000	00000013	addi	x0,x0,0	  x0:0x00000000
        4735000	       472	80000860	00000013	addi	x0,x0,0	  x0:0x00000000
        4745000	       473	80000864	003d1263	bne	x26,x3,80000868	 x26:0x00000000  x3:0x00010000
        4755000	       474	00000000	00000013	addi	x0,x0,0	  x0:0x00000000
        4765000	       475	80000864	00000013	addi	x0,x0,0	  x0:0x00000000
        4775000	       476	80000868	36cef817	auipc	x16,0x36cef	 x16=0xb6cef864
        4785000	       477	8000086c	36c9e093	ori	x1,x19,876	 x19:0x00000000  x1=0x0000036c
        4795000	       478	80000870	417b5033	sra	x0,x22,x23	 x22:0x001b0401 x23:0x80009f84
        4805000	       479	80000874	00959933	sll	x18,x11,x9	 x11:0x40000000  x9:0x00000001 x18=0x80000000
        4815000	       480	80000878	02bf0c63	beq	x30,x11,800008b0	 x30:0x80009f84 x11:0x40000000
        4825000	       481	8000087c	003023b3	slt	x7,x0,x3	  x0:0x00000000  x3:0x00010000  x7=0x00000001
        4835000	       482	80000880	0bad4693	xori	x13,x26,186	 x26:0x00000000 x13=0x000000ba
        4845000	       483	80000884	00511613	slli	x12,x2,0x5	  x2:0x80000000 x12=0x00000000
        4855000	       484	80000888	3bab0d37	lui	x26,0x3bab0	 x26=0x3bab0000
        4865000	       485	8000088c	020ffa63	bgeu	x31,x0,800008c0	 x31:0x00000001  x0:0x00000000
        4875000	       486	00000000	00000013	addi	x0,x0,0	  x0:0x00000000
        4885000	       487	800008bc	00000013	addi	x0,x0,0	  x0:0x00000000
        4895000	       488	800008c0	00c3ea63	bltu	x7,x12,800008d4	  x7:0x00000001 x12:0x00000000
        4905000	       489	800008c4	008b4863	blt	x22,x8,800008d4	 x22:0x001b0401  x8:0xfffc0000
        4915000	       490	800008c8	6044a593	slti	x11,x9,1540	  x9:0x00000001 x11=0x00000001
        4925000	       491	800008cc	00000013	addi	x0,x0,0	  x0:0x00000000
        4935000	       492	800008d0	054e5663	bge	x28,x20,8000091c	 x28:0x001b0400 x20:0x00000001
        4945000	       493	00000000	00000013	addi	x0,x0,0	  x0:0x00000000
        4955000	       494	80000918	00000013	addi	x0,x0,0	  x0:0x00000000
        4965000	       495	8000091c	003d01b3	add	x3,x26,x3	 x26:0x3bab0000  x3:0x00010000  x3=0x3bac0000
        4975000	       496	80000920	0187c933	xor	x18,x15,x24	 x15:0x000000de x24:0xfffffe13 x18=0xfffffecd
        4985000	       497	80000924	00b69913	slli	x18,x13,0xb	 x13:0x000000ba x18=0x0005d000
        4995000	       498	80000928	00140c63	beq	x8,x1,80000940	  x8:0xfffc0000  x1:0x0000036c
        5005000	       499	8000092c	1f2f2f13	slti	x30,x30,498	 x30:0x80009f84 x30=0x00000001
        5015000	       500	80000930	00000013	addi	x0,x0,0	  x0:0x00000000
        5025000	       501	80000934	01e6e733	or	x14,x13,x30	 x13:0x000000ba x30:0x00000001 x14=0x000000bb
        5035000	       502	80000938	048cf463	bgeu	x25,x8,80000980	 x25:0x000000de  x8:0xfffc0000
        5045000	       503	8000093c	03036863	bltu	x6,x16,8000096c	  x6:0xdfc3680c x16:0xb6cef864
        5055000	       504	80000940	eaa0bb13	sltiu	x22,x1,-342	  x1:0x0000036c x22=0x00000001
        5065000	       505	80000944	cc0dae13	slti	x28,x27,-832	 x27:0x00000371 x28=0x00000000
        5075000	       506	80000948	01fb15b3	sll	x11,x22,x31	 x22:0x00000001 x31:0x00000001 x11=0x00000002
        5085000	       507	8000094c	01fd5f93	srli	x31,x26,0x1f	 x26:0x3bab0000 x31=0x00000000
        5095000	       508	80000950	405fdb93	srai	x23,x31,0x5	 x31:0x00000000 x23=0x00000000
        5105000	       509	80000954	015083b3	add	x7,x1,x21	  x1:0x0000036c x21:0x28d97000  x7=0x28d9736c
        5115000	       510	80000958	00ede5b3	or	x11,x27,x14	 x27:0x00000371 x14:0x000000bb x11=0x000003fb
        5125000	       511	8000095c	034b7263	bgeu	x22,x20,80000980	 x22:0x00000001 x20:0x00000001
        5135000	       512	00000000	00000013	addi	x0,x0,0	  x0:0x00000000
        5145000	       513	8000097c	00000013	addi	x0,x0,0	  x0:0x00000000
        5155000	       514	80000980	00e63a33	sltu	x20,x12,x14	 x12:0x00000000 x14:0x000000bb x20=0x00000001
        5165000	       515	80000984	40690733	sub	x14,x18,x6	 x18:0x0005d000  x6:0xdfc3680c x14=0x204267f4
        5175000	       516	80000988	419f0eb3	sub	x29,x30,x25	 x30:0x00000001 x25:0x000000de x29=0xffffff23
        5185000	       517	8000098c	01095c33	srl	x24,x18,x16	 x18:0x0005d000 x16:0xb6cef864 x24=0x00005d00
        5195000	       518	80000990	028fe063	bltu	x31,x8,800009b0	 x31:0x00000000  x8:0xfffc0000
        5205000	       519	00000000	00000013	addi	x0,x0,0	  x0:0x00000000
        5215000	       520	800009ac	00000013	addi	x0,x0,0	  x0:0x00000000
        5225000	       521	800009b0	1f9d9bb7	lui	x23,0x1f9d9	 x23=0x1f9d9000
        5235000	       522	800009b4	c3a54013	xori	x0,x10,-966	 x10:0x80009f84
        5245000	       523	800009b8	e024fb93	andi	x23,x9,-510	  x9:0x00000001 x23=0x00000000
        5255000	       524	800009bc	0383ca63	blt	x7,x24,800009f0	  x7:0x28d9736c x24:0x00005d00
        5265000	       525	800009c0	05c99063	bne	x19,x28,80000a00	 x19:0x00000000 x28:0x00000000
        5275000	       526	800009c4	023c7863	bgeu	x24,x3,800009f4	 x24:0x00005d00  x3:0x3bac0000
        5285000	       527	800009c8	01177bb3	and	x23,x14,x17	 x14:0x204267f4 x17:0x00000000 x23=0x00000000
        5295000	       528	800009cc	00fe1663	bne	x28,x15,800009d8	 x28:0x00000000 x15:0x000000de
        5305000	       529	00000000	00000013	addi	x0,x0,0	  x0:0x00000000
        5315000	       530	800009d4	00000013	addi	x0,x0,0	  x0:0x00000000
        5325000	       531	800009d8	40a75833	sra	x16,x14,x10	 x14:0x204267f4 x10:0x80009f84 x16=0x0204267f
        5335000	       532	800009dc	40af0833	sub	x16,x30,x10	 x30:0x00000001 x10:0x80009f84 x16=0x7fff607d
        5345000	       533	800009e0	bc4f8b93	addi	x23,x31,-1084	 x31:0x00000000 x23=0xfffffbc4
        5355000	       534	800009e4	0137eb33	or	x22,x15,x19	 x15:0x000000de x19:0x00000000 x22=0x000000de
        5365000	       535	800009e8	00ba4033	xor	x0,x20,x11	 x20:0x00000001 x11:0x000003fb
        5375000	       536	800009ec	003cf863	bgeu	x25,x3,800009fc	 x25:0x000000de  x3:0x3bac0000
        5385000	       537	800009f0	0887fe93	andi	x29,x15,136	 x15:0x000000de x29=0x00000088
        5395000	       538	800009f4	41f75d93	srai	x27,x14,0x1f	 x14:0x204267f4 x27=0x00000000
        5405000	       539	800009f8	07494e63	blt	x18,x20,80000a74	 x18:0x0005d000 x20:0x00000001
        5415000	       540	800009fc	0059ab33	slt	x22,x19,x5	 x19:0x00000000  x5:0x28d97000 x22=0x00000001
        5425000	       541	80000a00	02cbda63	bge	x23,x12,80000a34	 x23:0xfffffbc4 x12:0x00000000
        5435000	       542	80000a04	405550b3	sra	x1,x10,x5	 x10:0x80009f84  x5:0x28d97000  x1=0x80009f84
        5445000	       543	80000a08	06ceee63	bltu	x29,x12,80000a84	 x29:0x00000088 x12:0x00000000
        5455000	       544	80000a0c	00000013	addi	x0,x0,0	  x0:0x00000000
        5465000	       545	80000a10	ac168b17	auipc	x22,0xac168	 x22=0x2c168a0c
        5475000	       546	80000a14	006e6eb3	or	x29,x28,x6	 x28:0x00000000  x6:0xdfc3680c x29=0xdfc3680c
        5485000	       547	80000a18	12867b97	auipc	x23,0x12867	 x23=0x92867a14
        5495000	       548	80000a1c	7b38ab93	slti	x23,x17,1971	 x17:0x00000000 x23=0x00000001
        5505000	       549	80000a20	0074ddb3	srl	x27,x9,x7	  x9:0x00000001  x7:0x28d9736c x27=0x00000000
        5515000	       550	80000a24	496a6293	ori	x5,x20,1174	 x20:0x00000001  x5=0x00000497
        5525000	       551	80000a28	bf9a7193	andi	x3,x20,-1031	 x20:0x00000001  x3=0x00000001
        5535000	       552	80000a2c	00738c33	add	x24,x7,x7	  x7:0x28d9736c  x7:0x28d9736c x24=0x51b2e6d8
        5545000	       553	80000a30	04c5d463	bge	x11,x12,80000a78	 x11:0x000003fb x12:0x00000000
        5555000	       554	00000000	00000013	addi	x0,x0,0	  x0:0x00000000
        5565000	       555	80000a74	00000013	addi	x0,x0,0	  x0:0x00000000
        5575000	       556	80000a78	41c60f33	sub	x30,x12,x28	 x12:0x00000000 x28:0x00000000 x30=0x00000000
        5585000	       557	80000a7c	6b372613	slti	x12,x14,1715	 x14:0x204267f4 x12=0x00000000
        5595000	       558	80000a80	40075e13	srai	x28,x14,0x0	 x14:0x204267f4 x28=0x204267f4
        5605000	       559	80000a84	00739c13	slli	x24,x7,0x7	  x7:0x28d9736c x24=0x6cb9b600
        5615000	       560	80000a88	40045493	srai	x9,x8,0x0	  x8:0xfffc0000  x9=0xfffc0000
        5625000	       561	80000a8c	00000013	addi	x0,x0,0	  x0:0x00000000
        5635000	       562	80000a90	34196e93	ori	x29,x18,833	 x18:0x0005d000 x29=0x0005d341
        5645000	       563	80000a94	00444a63	blt	x8,x4,80000aa8	  x8:0xfffc0000  x4:0x80009fc4
        5655000	       564	80000a98	fc8dea93	ori	x21,x27,-56	 x27:0x00000000 x21=0xffffffc8
        5665000	       565	80000a9c	00231263	bne	x6,x2,80000aa0	  x6:0xdfc3680c  x2:0x80000000
        5675000	       566	00000000	00000013	addi	x0,x0,0	  x0:0x00000000
        5685000	       567	80000a9c	00000013	addi	x0,x0,0	  x0:0x00000000
        5695000	       568	80000aa0	02a19863	bne	x3,x10,80000ad0	  x3:0x00000001 x10:0x80009f84
        5705000	       569	00000000	00000013	addi	x0,x0,0	  x0:0x00000000
        5715000	       570	80000acc	00000013	addi	x0,x0,0	  x0:0x00000000
        5725000	       571	80000ad0	417482b3	sub	x5,x9,x23	  x9:0xfffc0000 x23:0x00000001  x5=0xfffbffff
        5735000	       572	80000ad4	3d38a313	slti	x6,x17,979	 x17:0x00000000  x6=0x00000001
        5745000	       573	80000ad8	016d5313	srli	x6,x26,0x16	 x26:0x3bab0000  x6=0x000000ee
        5755000	       574	80000adc	00525313	srli	x6,x4,0x5	  x4:0x80009fc4  x6=0x040004fe
        5765000	       575	80000ae0	00165f93	srli	x31,x12,0x1	 x12:0x00000000 x31=0x00000000
        5775000	       576	80000ae4	f31d8313	addi	x6,x27,-207	 x27:0x00000000  x6=0xffffff31
        5785000	       577	80000ae8	41a95b33	sra	x22,x18,x26	 x18:0x0005d000 x26:0x3bab0000 x22=0x0005d000
        5795000	       578	80000aec	01a91ab3	sll	x21,x18,x26	 x18:0x0005d000 x26:0x3bab0000 x21=0x0005d000
        5805000	       579	80000af0	00dc8663	beq	x25,x13,80000afc	 x25:0x000000de x13:0x000000ba
        5815000	       580	80000af4	013fbfb3	sltu	x31,x31,x19	 x31:0x00000000 x19:0x00000000 x31=0x00000000
        5825000	       581	80000af8	c52dea93	ori	x21,x27,-942	 x27:0x00000000 x21=0xfffffc52
        5835000	       582	80000afc	02c05c63	bge	x0,x12,80000b34	  x0:0x00000000 x12:0x00000000
        5845000	       583	00000000	00000013	addi	x0,x0,0	  x0:0x00000000
        5855000	       584	80000b30	00000013	addi	x0,x0,0	  x0:0x00000000
        5865000	       585	80000b34	85d41b37	lui	x22,0x85d41	 x22=0x85d41000
        5875000	       586	80000b38	036c6c63	bltu	x24,x22,80000b70	 x24:0x6cb9b600 x22:0x85d41000
        5885000	       587	00000000	00000013	addi	x0,x0,0	  x0:0x00000000
        5895000	       588	80000b6c	00000013	addi	x0,x0,0	  x0:0x00000000
        5905000	       589	80000b70	00d66433	or	x8,x12,x13	 x12:0x00000000 x13:0x000000ba  x8=0x000000ba
        5915000	       590	80000b74	93ae7093	andi	x1,x28,-1734	 x28:0x204267f4  x1=0x20426130
        5925000	       591	80000b78	00000013	addi	x0,x0,0	  x0:0x00000000
        5935000	       592	80000b7c	00db54b3	srl	x9,x22,x13	 x22:0x85d41000 x13:0x000000ba  x9=0x00000021
        5945000	       593	80000b80	02866663	bltu	x12,x8,80000bac	 x12:0x00000000  x8:0x000000ba
        5955000	       594	00000000	00000013	addi	x0,x0,0	  x0:0x00000000
        5965000	       595	80000ba8	00000013	addi	x0,x0,0	  x0:0x00000000
        5975000	       596	80000bac	d0aa8813	addi	x16,x21,-758	 x21:0xfffffc52 x16=0xfffff95c
        5985000	       597	80000bb0	01bb9463	bne	x23,x27,80000bb8	 x23:0x00000001 x27:0x00000000
        5995000	       598	00000000	00000013	addi	x0,x0,0	  x0:0x00000000
        6005000	       599	80000bb4	00000013	addi	x0,x0,0	  x0:0x00000000
        6015000	       600	80000bb8	00b48333	add	x6,x9,x11	  x9:0x00000021 x11:0x000003fb  x6=0x0000041c
        6025000	       601	80000bbc	00000013	addi	x0,x0,0	  x0:0x00000000
        6035000	       602	80000bc0	79a6fd13	andi	x26,x13,1946	 x13:0x000000ba x26=0x0000009a
        6045000	       603	80000bc4	0143b8b3	sltu	x17,x7,x20	  x7:0x28d9736c x20:0x00000001 x17=0x00000000
        6055000	       604	80000bc8	00a6d193	srli	x3,x13,0xa	 x13:0x000000ba  x3=0x00000000
        6065000	       605	80000bcc	31733313	sltiu	x6,x6,791	  x6:0x0000041c  x6=0x00000000
        6075000	       606	80000bd0	00efd313	srli	x6,x31,0xe	 x31:0x00000000  x6=0x00000000
        6085000	       607	80000bd4	87ba8793	addi	x15,x21,-1925	 x21:0xfffffc52 x15=0xfffff4cd
        6095000	       608	80000bd8	7844e193	ori	x3,x9,1924	  x9:0x00000021  x3=0x000007a5
        6105000	       609	80000bdc	6895dcb7	lui	x25,0x6895d	 x25=0x6895d000
        6115000	       610	80000be0	a9103713	sltiu	x14,x0,-1391	  x0:0x00000000 x14=0x00000001
        6125000	       611	80000be4	0078dd33	srl	x26,x17,x7	 x17:0x00000000  x7:0x28d9736c x26=0x00000000
        6135000	       612	80000be8	00fcafb3	slt	x31,x25,x15	 x25:0x6895d000 x15:0xfffff4cd x31=0x00000000
        6145000	       613	80000bec	00007c17	auipc	x24,0x7	 x24=0x80007be8
        6155000	       614	80000bf0	580c0c13	addi	x24,x24,1408	 x24:0x80007be8 x24=0x80008168
        6165000	       615	80000bf4	ffbc0c23	sb	x27,-8(x24)	 x24:0x80008168 x27:0x00000000 PA:0x80008160
        6175000	       616	80000bf8	30d40f13	addi	x30,x8,781	  x8:0x000000ba x30=0x000003c7
        6185000	       617	80000bfc	a455af13	slti	x30,x11,-1467	 x11:0x000003fb x30=0x00000000
        6195000	       618	80000c00	ff2c1683	lh	x13,-14(x24)	 x24:0x80008168 x13=0xffffe037 PA:0x8000815a
        6205000	       619	80000c04	ffdc1e23	sh	x29,-4(x24)	 x24:0x80008168 x29:0x0005d341 PA:0x80008164
        6215000	       620	80000c08	ff8c0383	lb	x7,-8(x24)	 x24:0x80008168  x7=0x00000000 PA:0x80008160
        6225000	       621	80000c0c	01fc00a3	sb	x31,1(x24)	 x24:0x80008168 x31:0x00000000 PA:0x80008169
        6235000	       622	80000c10	ff2c0483	lb	x9,-14(x24)	 x24:0x80008168  x9=0x00000037 PA:0x8000815a
        6245000	       623	80000c14	e5d46993	ori	x19,x8,-419	  x8:0x000000ba x19=0xfffffeff
        6255000	       624	80000c18	ff8c2c83	lw	x25,-8(x24)	 x24:0x80008168 x25=0x4a21de00 PA:0x80008160
        6265000	       625	80000c1c	ff3c4803	lbu	x16,-13(x24)	 x24:0x80008168 x16=0x000000e0 PA:0x8000815b
        6275000	       626	80000c20	008c1f83	lh	x31,8(x24)	 x24:0x80008168 x31=0xffffc178 PA:0x80008170
        6285000	       627	80000c24	005c4d83	lbu	x27,5(x24)	 x24:0x80008168 x27=0x0000000d PA:0x8000816d
        6295000	       628	80000c28	00bc05a3	sb	x11,11(x24)	 x24:0x80008168 x11:0x000003fb PA:0x80008173
        6305000	       629	80000c2c	f5798613	addi	x12,x19,-169	 x19:0xfffffeff x12=0xfffffe56
        6315000	       630	80000c30	009c4c83	lbu	x25,9(x24)	 x24:0x80008168 x25=0x000000c1 PA:0x80008171
        6325000	       631	80000c34	010c0703	lb	x14,16(x24)	 x24:0x80008168 x14=0x0000001b PA:0x80008178
        6335000	       632	80000c38	012c2223	sw	x18,4(x24)	 x24:0x80008168 x18:0x0005d000 PA:0x8000816c
        6345000	       633	80000c3c	ff5c1f23	sh	x21,-2(x24)	 x24:0x80008168 x21:0xfffffc52 PA:0x80008166
        6355000	       634	80000c40	008c0783	lb	x15,8(x24)	 x24:0x80008168 x15=0x00000078 PA:0x80008170
        6365000	       635	80000c44	fe0c09a3	sb	x0,-13(x24)	 x24:0x80008168  x0:0x00000000 PA:0x8000815b
        6375000	       636	80000c48	0074f833	and	x16,x9,x7	  x9:0x00000037  x7:0x00000000 x16=0x00000000
        6385000	       637	80000c4c	007c0f83	lb	x31,7(x24)	 x24:0x80008168 x31=0x00000000 PA:0x8000816f
        6395000	       638	80000c50	ff9c0483	lb	x9,-7(x24)	 x24:0x80008168  x9=0xffffffde PA:0x80008161
        6405000	       639	80000c54	ff2c0da3	sb	x18,-5(x24)	 x24:0x80008168 x18:0x0005d000 PA:0x80008163
        6415000	       640	80000c58	ff1c4e83	lbu	x29,-15(x24)	 x24:0x80008168 x29=0x0000002c PA:0x80008159
        6425000	       641	80000c5c	ff6c0483	lb	x9,-10(x24)	 x24:0x80008168  x9=0x00000000 PA:0x8000815e
        6435000	       642	80000c60	00000013	addi	x0,x0,0	  x0:0x00000000
        6445000	       643	80000c64	40a65613	srai	x12,x12,0xa	 x12:0xfffffe56 x12=0xffffffff
        6455000	       644	80000c68	01535b93	srli	x23,x6,0x15	  x6:0x00000000 x23=0x00000000
        6465000	       645	80000c6c	004c2e03	lw	x28,4(x24)	 x24:0x80008168 x28=0x0005d000 PA:0x8000816c
        6475000	       646	80000c70	005f0d33	add	x26,x30,x5	 x30:0x00000000  x5:0xfffbffff x26=0xfffbffff
        6485000	       647	80000c74	00bc0283	lb	x5,11(x24)	 x24:0x80008168  x5=0xfffffffb PA:0x80008173
        6495000	       648	80000c78	410b0a33	sub	x20,x22,x16	 x22:0x85d41000 x16:0x00000000 x20=0x85d41000
        6505000	       649	80000c7c	40880933	sub	x18,x16,x8	 x16:0x00000000  x8:0x000000ba x18=0xffffff46
        6515000	       650	80000c80	00f0c833	xor	x16,x1,x15	  x1:0x20426130 x15:0x00000078 x16=0x20426148
        6525000	       651	80000c84	ffec1f03	lh	x30,-2(x24)	 x24:0x80008168 x30=0xfffffc52 PA:0x80008166
        6535000	       652	80000c88	006c0d03	lb	x26,6(x24)	 x24:0x80008168 x26=0x00000005 PA:0x8000816e
        6545000	       653	80000c8c	ff5c0f03	lb	x30,-11(x24)	 x24:0x80008168 x30=0x0000000c PA:0x8000815d
        6555000	       654	80000c90	ff2c0f83	lb	x31,-14(x24)	 x24:0x80008168 x31=0x00000037 PA:0x8000815a
        6565000	       655	80000c94	001b8a33	add	x20,x23,x1	 x23:0x00000000  x1:0x20426130 x20=0x20426130
        6575000	       656	80000c98	a1dfe093	ori	x1,x31,-1507	 x31:0x00000037  x1=0xfffffa3f
        6585000	       657	80000c9c	40625493	srai	x9,x4,0x6	  x4:0x80009fc4  x9=0xfe00027f
        6595000	       658	80000ca0	019c04a3	sb	x25,9(x24)	 x24:0x80008168 x25:0x000000c1 PA:0x80008171
        6605000	       659	80000ca4	40acd6b3	sra	x13,x25,x10	 x25:0x000000c1 x10:0x80009f84 x13=0x0000000c
        6615000	       660	80000ca8	404d8b33	sub	x22,x27,x4	 x27:0x0000000d  x4:0x80009fc4 x22=0x7fff6049
        6625000	       661	80000cac	014f5663	bge	x30,x20,80000cb8	 x30:0x0000000c x20:0x20426130
        6635000	       662	80000cb0	019e4a63	blt	x28,x25,80000cc4	 x28:0x0005d000 x25:0x000000c1
        6645000	       663	80000cb4	2b5b7c13	andi	x24,x22,693	 x22:0x7fff6049 x24=0x00000001
        6655000	       664	80000cb8	35f60193	addi	x3,x12,863	 x12:0xffffffff  x3=0x0000035e
        6665000	       665	80000cbc	017a5713	srli	x14,x20,0x17	 x20:0x20426130 x14=0x00000040
        6675000	       666	80000cc0	10766863	bltu	x12,x7,80000dd0	 x12:0xffffffff  x7:0x00000000
        6685000	       667	80000cc4	00a835b3	sltu	x11,x16,x10	 x16:0x20426148 x10:0x80009f84 x11=0x00000001
        6695000	       668	80000cc8	7fff7e13	andi	x28,x30,2047	 x30:0x0000000c x28=0x0000000c
        6705000	       669	80000ccc	00008d97	auipc	x27,0x8	 x27=0x80008cc8
        6715000	       670	80000cd0	0dfd8d93	addi	x27,x27,223	 x27:0x80008cc8 x27=0x80008da7
        6725000	       671	80000cd4	01523a13	sltiu	x20,x4,21	  x4:0x80009fc4 x20=0x00000000
        6735000	       672	80000cd8	1b8d8ca3	sb	x24,441(x27)	 x27:0x80008da7 x24:0x00000001 PA:0x80008f60
        6745000	       673	80000cdc	f4cad5b7	lui	x11,0xf4cad	 x11=0xf4cad000
        6755000	       674	80000ce0	01755793	srli	x15,x10,0x17	 x10:0x80009f84 x15=0x00000100
        6765000	       675	80000ce4	ed582bb7	lui	x23,0xed582	 x23=0xed582000
        6775000	       676	80000ce8	a97d8883	lb	x17,-1385(x27)	 x27:0x80008da7 x17=0xffffff86 PA:0x8000883e
        6785000	       677	80000cec	00000013	addi	x0,x0,0	  x0:0x00000000
        6795000	       678	80000cf0	00a29eb3	sll	x29,x5,x10	  x5:0xfffffffb x10:0x80009f84 x29=0xffffffb0
        6805000	       679	80000cf4	006ec9b3	xor	x19,x29,x6	 x29:0xffffffb0  x6:0x00000000 x19=0xffffffb0
        6815000	       680	80000cf8	f62d8983	lb	x19,-158(x27)	 x27:0x80008da7 x19=0xffffff9d PA:0x80008d09
        6825000	       681	80000cfc	00d2cfb3	xor	x31,x5,x13	  x5:0xfffffffb x13:0x0000000c x31=0xfffffff7
        6835000	       682	80000d00	013d20b3	slt	x1,x26,x19	 x26:0x00000005 x19:0xffffff9d  x1=0x00000000
        6845000	       683	80000d04	bdcd8a93	addi	x21,x27,-1060	 x27:0x80008da7 x21=0x80008983
        6855000	       684	80000d08	c76d8383	lb	x7,-906(x27)	 x27:0x80008da7  x7=0xffffffa2 PA:0x80008a1d
        6865000	       685	80000d0c	4a4432b7	lui	x5,0x4a443	  x5=0x4a443000
        6875000	       686	80000d10	4047d493	srai	x9,x15,0x4	 x15:0x00000100  x9=0x00000010
        6885000	       687	80000d14	0103b7b3	sltu	x15,x7,x16	  x7:0xffffffa2 x16:0x20426148 x15=0x00000000
        6895000	       688	80000d18	00ea2e33	slt	x28,x20,x14	 x20:0x00000000 x14:0x00000040 x28=0x00000001
        6905000	       689	80000d1c	4028dd13	srai	x26,x17,0x2	 x17:0xffffff86 x26=0xffffffe1
        6915000	       690	80000d20	00000013	addi	x0,x0,0	  x0:0x00000000
        6925000	       691	80000d24	d4ad8e83	lb	x29,-694(x27)	 x27:0x80008da7 x29=0x00000076 PA:0x80008af1
        6935000	       692	80000d28	a46e5fb7	lui	x31,0xa46e5	 x31=0xa46e5000
        6945000	       693	80000d2c	179d8323	sb	x25,358(x27)	 x27:0x80008da7 x25:0x000000c1 PA:0x80008f0d
        6955000	       694	80000d30	fdbd8223	sb	x27,-60(x27)	 x27:0x80008da7 x27:0x80008da7 PA:0x80008d6b
        6965000	       695	80000d34	406c5613	srai	x12,x24,0x6	 x24:0x00000001 x12=0x00000000
        6975000	       696	80000d38	144d8fa3	sb	x4,351(x27)	 x27:0x80008da7  x4:0x80009fc4 PA:0x80008f06
        6985000	       697	80000d3c	fdc76c13	ori	x24,x14,-36	 x14:0x00000040 x24=0xffffffdc
        6995000	       698	80000d40	00000013	addi	x0,x0,0	  x0:0x00000000
        7005000	       699	80000d44	0bddcc83	lbu	x25,189(x27)	 x27:0x80008da7 x25=0x00000038 PA:0x80008e64
        7015000	       700	00000000	00000013	addi	x0,x0,0	  x0:0x00000000
        7025000	       701	80000d48	00ccb8b3	sltu	x17,x25,x12	 x25:0x00000038 x12:0x00000000 x17=0x00000000
        7035000	       702	80000d4c	00bb9b93	slli	x23,x23,0xb	 x23:0xed582000 x23=0xc1000000
        7045000	       703	80000d50	185da603	lw	x12,389(x27)	 x27:0x80008da7 x12=0x03b5e52c PA:0x80008f2c
        7055000	       704	00000000	00000013	addi	x0,x0,0	  x0:0x00000000
        7065000	       705	80000d54	00561393	slli	x7,x12,0x5	 x12:0x03b5e52c  x7=0x76bca580
        7075000	       706	80000d58	cdcdcb83	lbu	x23,-804(x27)	 x27:0x80008da7 x23=0x00000069 PA:0x80008a83
        7085000	       707	80000d5c	f05dc683	lbu	x13,-251(x27)	 x27:0x80008da7 x13=0x00000031 PA:0x80008cac
        7095000	       708	80000d60	40e5d293	srai	x5,x11,0xe	 x11:0xf4cad000  x5=0xffffd32b
        7105000	       709	80000d64	c77d9da3	sh	x23,-901(x27)	 x27:0x80008da7 x23:0x00000069 PA:0x80008a22
        7115000	       710	80000d68	01a95593	srli	x11,x18,0x1a	 x18:0xffffff46 x11=0x0000003f
        7125000	       711	80000d6c	a402a993	slti	x19,x5,-1472	  x5:0xffffd32b x19=0x00000001
        7135000	       712	80000d70	fd908c13	addi	x24,x1,-39	  x1:0x00000000 x24=0xffffffd9
        7145000	       713	80000d74	71cb8c37	lui	x24,0x71cb8	 x24=0x71cb8000
        7155000	       714	80000d78	006ad093	srli	x1,x21,0x6	 x21:0x80008983  x1=0x02000226
        7165000	       715	80000d7c	04ec1e63	bne	x24,x14,80000dd8	 x24:0x71cb8000 x14:0x00000040
        7175000	       716	00000000	00000013	addi	x0,x0,0	  x0:0x00000000
        7185000	       717	80000dd4	00000013	addi	x0,x0,0	  x0:0x00000000
        7195000	       718	80000dd8	44dac713	xori	x14,x21,1101	 x21:0x80008983 x14=0x80008dce
        7205000	       719	80000ddc	137cfc13	andi	x24,x25,311	 x25:0x00000038 x24=0x00000030
        7215000	       720	80000de0	a3fef613	andi	x12,x29,-1473	 x29:0x00000076 x12=0x00000036
        7225000	       721	80000de4	415fd313	srai	x6,x31,0x15	 x31:0xa46e5000  x6=0xfffffd23
        7235000	       722	80000de8	00c11913	slli	x18,x2,0xc	  x2:0x80000000 x18=0x00000000
        7245000	       723	80000dec	01ce5913	srli	x18,x28,0x1c	 x28:0x00000001 x18=0x00000000
        7255000	       724	80000df0	009f1813	slli	x16,x30,0x9	 x30:0x0000000c x16=0x00001800
        7265000	       725	80000df4	0047a933	slt	x18,x15,x4	 x15:0x00000000  x4:0x80009fc4 x18=0x00000000
        7275000	       726	80000df8	c8d8e913	ori	x18,x17,-883	 x17:0x00000000 x18=0xfffffc8d
        7285000	       727	80000dfc	38d2a1b7	lui	x3,0x38d2a	  x3=0x38d2a000
        7295000	       728	80000e00	11a13e37	lui	x28,0x11a13	 x28=0x11a13000
        7305000	       729	80000e04	93e3b713	sltiu	x14,x7,-1730	  x7:0x76bca580 x14=0x00000001
        7315000	       730	80000e08	01337eb3	and	x29,x6,x19	  x6:0xfffffd23 x19:0x00000001 x29=0x00000001
        7325000	       731	80000e0c	9c6bd917	auipc	x18,0x9c6bd	 x18=0x1c6bde08
        7335000	       732	80000e10	019b0633	add	x12,x22,x25	 x22:0x7fff6049 x25:0x00000038 x12=0x7fff6081
        7345000	       733	80000e14	00ee3733	sltu	x14,x28,x14	 x28:0x11a13000 x14:0x00000001 x14=0x00000000
        7355000	       734	80000e18	007950b3	srl	x1,x18,x7	 x18:0x1c6bde08  x7:0x76bca580  x1=0x1c6bde08
        7365000	       735	80000e1c	be5b4093	xori	x1,x22,-1051	 x22:0x7fff6049  x1=0x80009bac
        7375000	       736	80000e20	01e5d2b3	srl	x5,x11,x30	 x11:0x0000003f x30:0x0000000c  x5=0x00000000
        7385000	       737	80000e24	000cf433	and	x8,x25,x0	 x25:0x00000038  x0:0x00000000  x8=0x00000000
        7395000	       738	80000e28	012c4733	xor	x14,x24,x18	 x24:0x00000030 x18:0x1c6bde08 x14=0x1c6bde38
        7405000	       739	80000e2c	05025063	bge	x4,x16,80000e6c	  x4:0x80009fc4 x16:0x00001800
        7415000	       740	80000e30	c6de2293	slti	x5,x28,-915	 x28:0x11a13000  x5=0x00000000
        7425000	       741	80000e34	00caae33	slt	x28,x21,x12	 x21:0x80008983 x12:0x7fff6081 x28=0x00000001
        7435000	       742	80000e38	00723833	sltu	x16,x4,x7	  x4:0x80009fc4  x7:0x76bca580 x16=0x00000000
        7445000	       743	80000e3c	00a9a7b3	slt	x15,x19,x10	 x19:0x00000001 x10:0x80009f84 x15=0x00000000
        7455000	       744	80000e40	4198dd33	sra	x26,x17,x25	 x17:0x00000000 x25:0x00000038 x26=0x00000000
        7465000	       745	80000e44	41a0d393	srai	x7,x1,0x1a	  x1:0x80009bac  x7=0xffffffe0
        7475000	       746	80000e48	80eefa37	lui	x20,0x80eef	 x20=0x80eef000
        7485000	       747	80000e4c	04471063	bne	x14,x4,80000e8c	 x14:0x1c6bde38  x4:0x80009fc4
        7495000	       748	00000000	00000013	addi	x0,x0,0	  x0:0x00000000
        7505000	       749	80000e88	00000013	addi	x0,x0,0	  x0:0x00000000
        7515000	       750	80000e8c	e22fca93	xori	x21,x31,-478	 x31:0xa46e5000 x21=0x5b91ae22
        7525000	       751	80000e90	00c35463	bge	x6,x12,80000e98	  x6:0xfffffd23 x12:0x7fff6081
        7535000	       752	80000e94	00b74663	blt	x14,x11,80000ea0	 x14:0x1c6bde38 x11:0x0000003f
        7545000	       753	80000e98	00f80cb3	add	x25,x16,x15	 x16:0x00000000 x15:0x00000000 x25=0x00000000
        7555000	       754	80000e9c	3cf83c97	auipc	x25,0x3cf83	 x25=0xbcf83e98
        7565000	       755	80000ea0	a8fea913	slti	x18,x29,-1393	 x29:0x00000001 x18=0x00000000
        7575000	       756	80000ea4	00a2fdb3	and	x27,x5,x10	  x5:0x00000000 x10:0x80009f84 x27=0x00000000
        7585000	       757	80000ea8	41236b37	lui	x22,0x41236	 x22=0x41236000
        7595000	       758	80000eac	002fda63	bge	x31,x2,80000ec0	 x31:0xa46e5000  x2:0x80000000
        7605000	       759	00000000	00000013	addi	x0,x0,0	  x0:0x00000000
        7615000	       760	80000ebc	00000013	addi	x0,x0,0	  x0:0x00000000
        7625000	       761	80000ec0	00b250b3	srl	x1,x4,x11	  x4:0x80009fc4 x11:0x0000003f  x1=0x00000001
        7635000	       762	80000ec4	ba6e14b7	lui	x9,0xba6e1	  x9=0xba6e1000
        7645000	       763	80000ec8	0060bbb3	sltu	x23,x1,x6	  x1:0x00000001  x6:0xfffffd23 x23=0x00000001
        7655000	       764	80000ecc	db79be13	sltiu	x28,x19,-585	 x19:0x00000001 x28=0x00000001
        7665000	       765	80000ed0	00000013	addi	x0,x0,0	  x0:0x00000000
        7675000	       766	80000ed4	0309fa63	bgeu	x19,x16,80000f08	 x19:0x00000001 x16:0x00000000
        7685000	       767	00000000	00000013	addi	x0,x0,0	  x0:0x00000000
        7695000	       768	80000f04	00000013	addi	x0,x0,0	  x0:0x00000000
        7705000	       769	80000f08	40e704b3	sub	x9,x14,x14	 x14:0x1c6bde38 x14:0x1c6bde38  x9=0x00000000
        7715000	       770	80000f0c	00861593	slli	x11,x12,0x8	 x12:0x7fff6081 x11=0xff608100
        7725000	       771	80000f10	41410a33	sub	x20,x2,x20	  x2:0x80000000 x20:0x80eef000 x20=0xff111000
        7735000	       772	80000f14	01431db3	sll	x27,x6,x20	  x6:0xfffffd23 x20:0xff111000 x27=0xfffffd23
        7745000	       773	80000f18	1534c713	xori	x14,x9,339	  x9:0x00000000 x14=0x00000153
        7755000	       774	80000f1c	05427663	bgeu	x4,x20,80000f68	  x4:0x80009fc4 x20:0xff111000
        7765000	       775	80000f20	02de8863	beq	x29,x13,80000f50	 x29:0x00000001 x13:0x00000031
        7775000	       776	80000f24	008bdb33	srl	x22,x23,x8	 x23:0x00000001  x8:0x00000000 x22=0x00000001
        7785000	       777	80000f28	02658a63	beq	x11,x6,80000f5c	 x11:0xff608100  x6:0xfffffd23
        7795000	       778	80000f2c	24692413	slti	x8,x18,582	 x18:0x00000000  x8=0x00000001
        7805000	       779	80000f30	00330c33	add	x24,x6,x3	  x6:0xfffffd23  x3:0x38d2a000 x24=0x38d29d23
        7815000	       780	80000f34	c0e1a913	slti	x18,x3,-1010	  x3:0x38d2a000 x18=0x00000000
        7825000	       781	80000f38	4d237093	andi	x1,x6,1234	  x6:0xfffffd23  x1=0x00000402
        7835000	       782	80000f3c	016fa3b3	slt	x7,x31,x22	 x31:0xa46e5000 x22:0x00000001  x7=0x00000001
        7845000	       783	80000f40	eb203c13	sltiu	x24,x0,-334	  x0:0x00000000 x24=0x00000001
        7855000	       784	80000f44	05e16663	bltu	x2,x30,80000f90	  x2:0x80000000 x30:0x0000000c
        7865000	       785	80000f48	9a55a693	slti	x13,x11,-1627	 x11:0xff608100 x13=0x00000001
        7875000	       786	80000f4c	0071adb3	slt	x27,x3,x7	  x3:0x38d2a000  x7:0x00000001 x27=0x00000000
        7885000	       787	80000f50	022d1c63	bne	x26,x2,80000f88	 x26:0x00000000  x2:0x80000000
        7895000	       788	00000000	00000013	addi	x0,x0,0	  x0:0x00000000
        7905000	       789	80000f84	00000013	addi	x0,x0,0	  x0:0x00000000
        7915000	       790	80000f88	0146e8b3	or	x17,x13,x20	 x13:0x00000001 x20:0xff111000 x17=0xff111001
        7925000	       791	80000f8c	32490993	addi	x19,x18,804	 x18:0x00000000 x19=0x00000324
        7935000	       792	80000f90	00000013	addi	x0,x0,0	  x0:0x00000000
        7945000	       793	80000f94	011ddd33	srl	x26,x27,x17	 x27:0x00000000 x17:0xff111001 x26=0x00000000
        7955000	       794	80000f98	008d2333	slt	x6,x26,x8	 x26:0x00000000  x8:0x00000001  x6=0x00000001
        7965000	       795	80000f9c	01f03e33	sltu	x28,x0,x31	  x0:0x00000000 x31:0xa46e5000 x28=0x00000001
        7975000	       796	80000fa0	018c1b33	sll	x22,x24,x24	 x24:0x00000001 x24:0x00000001 x22=0x00000002
        7985000	       797	80000fa4	01641913	slli	x18,x8,0x16	  x8:0x00000001 x18=0x00400000
        7995000	       798	80000fa8	00b73733	sltu	x14,x14,x11	 x14:0x00000153 x11:0xff608100 x14=0x00000001
        8005000	       799	80000fac	039b5863	bge	x22,x25,80000fdc	 x22:0x00000002 x25:0xbcf83e98
        8015000	       800	00000000	00000013	addi	x0,x0,0	  x0:0x00000000
        8025000	       801	80000fd8	00000013	addi	x0,x0,0	  x0:0x00000000
        8035000	       802	80000fdc	01d8d433	srl	x8,x17,x29	 x17:0xff111001 x29:0x00000001  x8=0x7f888800
        8045000	       803	80000fe0	00abd193	srli	x3,x23,0xa	 x23:0x00000001  x3=0x00000000
        8055000	       804	80000fe4	41b3d393	srai	x7,x7,0x1b	  x7:0x00000001  x7=0x00000000
        8065000	       805	80000fe8	00e145b3	xor	x11,x2,x14	  x2:0x80000000 x14:0x00000001 x11=0x80000001
        8075000	       806	80000fec	00e102b3	add	x5,x2,x14	  x2:0x80000000 x14:0x00000001  x5=0x80000001
        8085000	       807	80000ff0	007017b3	sll	x15,x0,x7	  x0:0x00000000  x7:0x00000000 x15=0x00000000
        8095000	       808	80000ff4	48e43993	sltiu	x19,x8,1166	  x8:0x7f888800 x19=0x00000000
        8105000	       809	80000ff8	bf4df593	andi	x11,x27,-1036	 x27:0x00000000 x11=0x00000000
        8115000	       810	80000ffc	b2334313	xori	x6,x6,-1245	  x6:0x00000001  x6=0xfffffb22
        8125000	       811	80001000	13b6ba93	sltiu	x21,x13,315	 x13:0x00000001 x21=0x00000001
        8135000	       812	80001004	0234f263	bgeu	x9,x3,80001028	  x9:0x00000000  x3:0x00000000
        8145000	       813	00000000	00000013	addi	x0,x0,0	  x0:0x00000000
        8155000	       814	80001024	00000013	addi	x0,x0,0	  x0:0x00000000
        8165000	       815	80001028	6576f2b7	lui	x5,0x6576f	  x5=0x6576f000
        8175000	       816	8000102c	05f16063	bltu	x2,x31,8000106c	  x2:0x80000000 x31:0xa46e5000
        8185000	       817	00000000	00000013	addi	x0,x0,0	  x0:0x00000000
        8195000	       818	80001068	00000013	addi	x0,x0,0	  x0:0x00000000
        8205000	       819	8000106c	bb044393	xori	x7,x8,-1104	  x8:0x7f888800  x7=0x807773b0
        8215000	       820	80001070	9dfd7337	lui	x6,0x9dfd7	  x6=0x9dfd7000
        8225000	       821	80001074	5d540a13	addi	x20,x8,1493	  x8:0x7f888800 x20=0x7f888dd5
        8235000	       822	80001078	011b22b3	slt	x5,x22,x17	 x22:0x00000002 x17:0xff111001  x5=0x00000000
        8245000	       823	8000107c	02258863	beq	x11,x2,800010ac	 x11:0x00000000  x2:0x80000000
        8255000	       824	80001080	418bd433	sra	x8,x23,x24	 x23:0x00000001 x24:0x00000001  x8=0x00000000
        8265000	       825	80001084	00776a63	bltu	x14,x7,80001098	 x14:0x00000001  x7:0x807773b0
        8275000	       826	00000000	00000013	addi	x0,x0,0	  x0:0x00000000
        8285000	       827	80001094	00000013	addi	x0,x0,0	  x0:0x00000000
        8295000	       828	80001098	04356063	bltu	x10,x3,800010d8	 x10:0x80009f84  x3:0x00000000
        8305000	       829	8000109c	0194aab3	slt	x21,x9,x25	  x9:0x00000000 x25:0xbcf83e98 x21=0x00000000
        8315000	       830	800010a0	00e427b3	slt	x15,x8,x14	  x8:0x00000000 x14:0x00000001 x15=0x00000001
        8325000	       831	800010a4	a1a20f13	addi	x30,x4,-1510	  x4:0x80009fc4 x30=0x800099de
        8335000	       832	800010a8	26e16d13	ori	x26,x2,622	  x2:0x80000000 x26=0x8000026e
        8345000	       833	800010ac	00a05863	bge	x0,x10,800010bc	  x0:0x00000000 x10:0x80009f84
        8355000	       834	00000000	00000013	addi	x0,x0,0	  x0:0x00000000
        8365000	       835	800010b8	00000013	addi	x0,x0,0	  x0:0x00000000
        8375000	       836	800010bc	019b6663	bltu	x22,x25,800010c8	 x22:0x00000002 x25:0xbcf83e98
        8385000	       837	00000000	00000013	addi	x0,x0,0	  x0:0x00000000
        8395000	       838	800010c4	00000013	addi	x0,x0,0	  x0:0x00000000
        8405000	       839	800010c8	db476a93	ori	x21,x14,-588	 x14:0x00000001 x21=0xfffffdb5
        8415000	       840	800010cc	01ae1663	bne	x28,x26,800010d8	 x28:0x00000001 x26:0x8000026e
        8425000	       841	00000000	00000013	addi	x0,x0,0	  x0:0x00000000
        8435000	       842	800010d4	00000013	addi	x0,x0,0	  x0:0x00000000
        8445000	       843	800010d8	04267263	bgeu	x12,x2,8000111c	 x12:0x7fff6081  x2:0x80000000
        8455000	       844	800010dc	fc040f13	addi	x30,x8,-64	  x8:0x00000000 x30=0xffffffc0
        8465000	       845	800010e0	0193d933	srl	x18,x7,x25	  x7:0x807773b0 x25:0xbcf83e98 x18=0x00000080
        8475000	       846	800010e4	03cdcc63	blt	x27,x28,8000111c	 x27:0x00000000 x28:0x00000001
        8485000	       847	00000000	00000013	addi	x0,x0,0	  x0:0x00000000
        8495000	       848	80001118	00000013	addi	x0,x0,0	  x0:0x00000000
        8505000	       849	8000111c	acf74693	xori	x13,x14,-1329	 x14:0x00000001 x13=0xffffface
        8515000	       850	80001120	03178663	beq	x15,x17,8000114c	 x15:0x00000001 x17:0xff111001
        8525000	       851	80001124	f9ef8293	addi	x5,x31,-98	 x31:0xa46e5000  x5=0xa46e4f9e
        8535000	       852	80001128	01150ab3	add	x21,x10,x17	 x10:0x80009f84 x17:0xff111001 x21=0x7f11af85
        8545000	       853	8000112c	02696863	bltu	x18,x6,8000115c	 x18:0x00000080  x6:0x9dfd7000
        8555000	       854	00000000	00000013	addi	x0,x0,0	  x0:0x00000000
        8565000	       855	80001158	00000013	addi	x0,x0,0	  x0:0x00000000
        8575000	       856	8000115c	7af60c13	addi	x24,x12,1967	 x12:0x7fff6081 x24=0x7fff6830
        8585000	       857	80001160	00000013	addi	x0,x0,0	  x0:0x00000000
        8595000	       858	80001164	00f769b3	or	x19,x14,x15	 x14:0x00000001 x15:0x00000001 x19=0x00000001
        8605000	       859	80001168	012381b3	add	x3,x7,x18	  x7:0x807773b0 x18:0x00000080  x3=0x80777430
        8615000	       860	8000116c	00976463	bltu	x14,x9,80001174	 x14:0x00000001  x9:0x00000000
        8625000	       861	80001170	00e4ffb3	and	x31,x9,x14	  x9:0x00000000 x14:0x00000001 x31=0x00000000
        8635000	       862	80001174	db5d8f13	addi	x30,x27,-587	 x27:0x00000000 x30=0xfffffdb5
        8645000	       863	80001178	039dd863	bge	x27,x25,800011a8	 x27:0x00000000 x25:0xbcf83e98
        8655000	       864	00000000	00000013	addi	x0,x0,0	  x0:0x00000000
        8665000	       865	800011a4	00000013	addi	x0,x0,0	  x0:0x00000000
        8675000	       866	800011a8	014ad313	srli	x6,x21,0x14	 x21:0x7f11af85  x6=0x000007f1
        8685000	       867	800011ac	014b8733	add	x14,x23,x20	 x23:0x00000001 x20:0x7f888dd5 x14=0x7f888dd6
        8695000	       868	800011b0	0104cbb3	xor	x23,x9,x16	  x9:0x00000000 x16:0x00000000 x23=0x00000000
        8705000	       869	800011b4	402f5cb3	sra	x25,x30,x2	 x30:0xfffffdb5  x2:0x80000000 x25=0xfffffdb5
        8715000	       870	800011b8	032fd263	bge	x31,x18,800011dc	 x31:0x00000000 x18:0x00000080
        8725000	       871	800011bc	5cf2e413	ori	x8,x5,1487	  x5:0xa46e4f9e  x8=0xa46e4fdf
        8735000	       872	800011c0	ecf31597	auipc	x11,0xecf31	 x11=0x6cf321bc
        8745000	       873	800011c4	00000013	addi	x0,x0,0	  x0:0x00000000
        8755000	       874	800011c8	316ffe93	andi	x29,x31,790	 x31:0x00000000 x29=0x00000000
        8765000	       875	800011cc	42b17d17	auipc	x26,0x42b17	 x26=0xc2b181c8
        8775000	       876	800011d0	00410833	add	x16,x2,x4	  x2:0x80000000  x4:0x80009fc4 x16=0x00009fc4
        8785000	       877	800011d4	0186dd13	srli	x26,x13,0x18	 x13:0xffffface x26=0x000000ff
        8795000	       878	800011d8	0139f0b3	and	x1,x19,x19	 x19:0x00000001 x19:0x00000001  x1=0x00000001
        8805000	       879	800011dc	8278c197	auipc	x3,0x8278c	  x3=0x0278d1d8
        8815000	       880	800011e0	01a29a63	bne	x5,x26,800011f4	  x5:0xa46e4f9e x26:0x000000ff
        8825000	       881	00000000	00000013	addi	x0,x0,0	  x0:0x00000000
        8835000	       882	800011f0	00000013	addi	x0,x0,0	  x0:0x00000000
        8845000	       883	800011f4	9556e193	ori	x3,x13,-1707	 x13:0xffffface  x3=0xfffffbdf
        8855000	       884	800011f8	38f48193	addi	x3,x9,911	  x9:0x00000000  x3=0x0000038f
        8865000	       885	800011fc	01175e63	bge	x14,x17,80001218	 x14:0x7f888dd6 x17:0xff111001
        8875000	       886	00000000	00000013	addi	x0,x0,0	  x0:0x00000000
        8885000	       887	80001214	00000013	addi	x0,x0,0	  x0:0x00000000
        8895000	       888	80001218	44e9a993	slti	x19,x19,1102	 x19:0x00000001 x19=0x00000001
        8905000	       889	8000121c	0153ebb3	or	x23,x7,x21	  x7:0x807773b0 x21:0x7f11af85 x23=0xff77ffb5
        8915000	       890	80001220	e1a07813	andi	x16,x0,-486	  x0:0x00000000 x16=0x00000000
        8925000	       891	80001224	4159c093	xori	x1,x19,1045	 x19:0x00000001  x1=0x00000414
        8935000	       892	80001228	41c05733	sra	x14,x0,x28	  x0:0x00000000 x28:0x00000001 x14=0x00000000
        8945000	       893	8000122c	2ae5b397	auipc	x7,0x2ae5b	  x7=0xaae5c228
        8955000	       894	80001230	00075393	srli	x7,x14,0x0	 x14:0x00000000  x7=0x00000000
        8965000	       895	80001234	00757463	bgeu	x10,x7,8000123c	 x10:0x80009f84  x7:0x00000000
        8975000	       896	00000000	00000013	addi	x0,x0,0	  x0:0x00000000
        8985000	       897	80001238	00000013	addi	x0,x0,0	  x0:0x00000000
        8995000	       898	8000123c	2acd6193	ori	x3,x26,684	 x26:0x000000ff  x3=0x000002ff
        9005000	       899	80001240	40255793	srai	x15,x10,0x2	 x10:0x80009f84 x15=0xe00027e1
        9015000	       900	80001244	3f93f713	andi	x14,x7,1017	  x7:0x00000000 x14=0x00000000
        9025000	       901	80001248	0120aab3	slt	x21,x1,x18	  x1:0x00000414 x18:0x00000080 x21=0x00000000
        9035000	       902	8000124c	00000013	addi	x0,x0,0	  x0:0x00000000
        9045000	       903	80001250	efa2ce93	xori	x29,x5,-262	  x5:0xa46e4f9e x29=0x5b91b164
        9055000	       904	80001254	04f15463	bge	x2,x15,8000129c	  x2:0x80000000 x15:0xe00027e1
        9065000	       905	80001258	00d03033	sltu	x0,x0,x13	  x0:0x00000000 x13:0xffffface
        9075000	       906	8000125c	01bb41b3	xor	x3,x22,x27	 x22:0x00000002 x27:0x00000000  x3=0x00000002
        9085000	       907	80001260	e4650593	addi	x11,x10,-442	 x10:0x80009f84 x11=0x80009dca
        9095000	       908	80001264	4029d293	srai	x5,x19,0x2	 x19:0x00000001  x5=0x00000000
        9105000	       909	80001268	c36aa397	auipc	x7,0xc36aa	  x7=0x436ab264
        9115000	       910	8000126c	0041bb33	sltu	x22,x3,x4	  x3:0x00000002  x4:0x80009fc4 x22=0x00000001
        9125000	       911	80001270	00584ab3	xor	x21,x16,x5	 x16:0x00000000  x5:0x00000000 x21=0x00000000
        9135000	       912	80001274	4019d813	srai	x16,x19,0x1	 x19:0x00000001 x16=0x00000000
        9145000	       913	80001278	d2663b17	auipc	x22,0xd2663	 x22=0x52664274
        9155000	       914	8000127c	41540fb3	sub	x31,x8,x21	  x8:0xa46e4fdf x21:0x00000000 x31=0xa46e4fdf
        9165000	       915	80001280	404bdbb3	sra	x23,x23,x4	 x23:0xff77ffb5  x4:0x80009fc4 x23=0xfff77ffb
        9175000	       916	80001284	004cf263	bgeu	x25,x4,80001288	 x25:0xfffffdb5  x4:0x80009fc4
        9185000	       917	00000000	00000013	addi	x0,x0,0	  x0:0x00000000
        9195000	       918	80001284	00000013	addi	x0,x0,0	  x0:0x00000000
        9205000	       919	80001288	405c51b3	sra	x3,x24,x5	 x24:0x7fff6830  x5:0x00000000  x3=0x7fff6830
        9215000	       920	8000128c	6b590893	addi	x17,x18,1717	 x18:0x00000080 x17=0x00000735
        9225000	       921	80001290	00b26c63	bltu	x4,x11,800012a8	  x4:0x80009fc4 x11:0x80009dca
        9235000	       922	80001294	00000013	addi	x0,x0,0	  x0:0x00000000
        9245000	       923	80001298	40540833	sub	x16,x8,x5	  x8:0xa46e4fdf  x5:0x00000000 x16=0xa46e4fdf
        9255000	       924	8000129c	02726263	bltu	x4,x7,800012c0	  x4:0x80009fc4  x7:0x436ab264
        9265000	       925	800012a0	02ae0c63	beq	x28,x10,800012d8	 x28:0x00000001 x10:0x80009f84
        9275000	       926	800012a4	009d2b33	slt	x22,x26,x9	 x26:0x000000ff  x9:0x00000000 x22=0x00000000
        9285000	       927	800012a8	02338663	beq	x7,x3,800012d4	  x7:0x436ab264  x3:0x7fff6830
        9295000	       928	800012ac	004e7f33	and	x30,x28,x4	 x28:0x00000001  x4:0x80009fc4 x30=0x00000000
        9305000	       929	800012b0	01c03ab3	sltu	x21,x0,x28	  x0:0x00000000 x28:0x00000001 x21=0x00000001
        9315000	       930	800012b4	e71cef93	ori	x31,x25,-399	 x25:0xfffffdb5 x31=0xfffffff5
        9325000	       931	800012b8	017a5a93	srli	x21,x20,0x17	 x20:0x7f888dd5 x21=0x000000ff
        9335000	       932	800012bc	004ee733	or	x14,x29,x4	 x29:0x5b91b164  x4:0x80009fc4 x14=0xdb91bfe4
        9345000	       933	800012c0	4066d813	srai	x16,x13,0x6	 x13:0xffffface x16=0xffffffeb
        9355000	       934	800012c4	40045b93	srai	x23,x8,0x0	  x8:0xa46e4fdf x23=0xa46e4fdf
        9365000	       935	800012c8	00bd14b3	sll	x9,x26,x11	 x26:0x000000ff x11:0x80009dca  x9=0x0003fc00
        9375000	       936	800012cc	8554be93	sltiu	x29,x9,-1963	  x9:0x0003fc00 x29=0x00000001
        9385000	       937	800012d0	00b45893	srli	x17,x8,0xb	  x8:0xa46e4fdf x17=0x00148dc9
        9395000	       938	800012d4	00000013	addi	x0,x0,0	  x0:0x00000000
        9405000	       939	800012d8	00ed1ab3	sll	x21,x26,x14	 x26:0x000000ff x14:0xdb91bfe4 x21=0x00000ff0
        9415000	       940	800012dc	02791a63	bne	x18,x7,80001310	 x18:0x00000080  x7:0x436ab264
        9425000	       941	00000000	00000013	addi	x0,x0,0	  x0:0x00000000
        9435000	       942	8000130c	00000013	addi	x0,x0,0	  x0:0x00000000
        9445000	       943	80001310	0121c833	xor	x16,x3,x18	  x3:0x7fff6830 x18:0x00000080 x16=0x7fff68b0
        9455000	       944	80001314	732a0f13	addi	x30,x20,1842	 x20:0x7f888dd5 x30=0x7f889507
        9465000	       945	80001318	d8640d93	addi	x27,x8,-634	  x8:0xa46e4fdf x27=0xa46e4d65
        9475000	       946	8000131c	01e461b3	or	x3,x8,x30	  x8:0xa46e4fdf x30:0x7f889507  x3=0xffeedfdf
        9485000	       947	80001320	0125dcb3	srl	x25,x11,x18	 x11:0x80009dca x18:0x00000080 x25=0x80009dca
        9495000	       948	80001324	00e35b93	srli	x23,x6,0xe	  x6:0x000007f1 x23=0x00000000
        9505000	       949	80001328	03edfe63	bgeu	x27,x30,80001364	 x27:0xa46e4d65 x30:0x7f889507
        9515000	       950	00000000	00000013	addi	x0,x0,0	  x0:0x00000000
        9525000	       951	80001360	00000013	addi	x0,x0,0	  x0:0x00000000
        9535000	       952	80001364	407a5193	srai	x3,x20,0x7	 x20:0x7f888dd5  x3=0x00ff111b
        9545000	       953	80001368	41145e33	sra	x28,x8,x17	  x8:0xa46e4fdf x17:0x00148dc9 x28=0xffd23727
        9555000	       954	8000136c	0057b633	sltu	x12,x15,x5	 x15:0xe00027e1  x5:0x00000000 x12=0x00000000
        9565000	       955	80001370	01f18db3	add	x27,x3,x31	  x3:0x00ff111b x31:0xfffffff5 x27=0x00ff1110
        9575000	       956	80001374	400ad8b3	sra	x17,x21,x0	 x21:0x00000ff0  x0:0x00000000 x17=0x00000ff0
        9585000	       957	80001378	03747863	bgeu	x8,x23,800013a8	  x8:0xa46e4fdf x23:0x00000000
        9595000	       958	00000000	00000013	addi	x0,x0,0	  x0:0x00000000
        9605000	       959	800013a4	00000013	addi	x0,x0,0	  x0:0x00000000
        9615000	       960	800013a8	01863333	sltu	x6,x12,x24	 x12:0x00000000 x24:0x7fff6830  x6=0x00000001
        9625000	       961	800013ac	29e1f793	andi	x15,x3,670	  x3:0x00ff111b x15=0x0000001a
        9635000	       962	800013b0	013581b3	add	x3,x11,x19	 x11:0x80009dca x19:0x00000001  x3=0x80009dcb
        9645000	       963	800013b4	40608733	sub	x14,x1,x6	  x1:0x00000414  x6:0x00000001 x14=0x00000413
        9655000	       964	800013b8	e6207613	andi	x12,x0,-414	  x0:0x00000000 x12=0x00000000
        9665000	       965	800013bc	0151ee63	bltu	x3,x21,800013d8	  x3:0x80009dcb x21:0x00000ff0
        9675000	       966	800013c0	0086cfb3	xor	x31,x13,x8	 x13:0xffffface  x8:0xa46e4fdf x31=0x5b91b511
        9685000	       967	800013c4	017b0d33	add	x26,x22,x23	 x22:0x00000000 x23:0x00000000 x26=0x00000000
        9695000	       968	800013c8	41f15193	srai	x3,x2,0x1f	  x2:0x80000000  x3=0xffffffff
        9705000	       969	800013cc	00b5cab3	xor	x21,x11,x11	 x11:0x80009dca x11:0x80009dca x21=0x00000000
        9715000	       970	800013d0	41eb8ab3	sub	x21,x23,x30	 x23:0x00000000 x30:0x7f889507 x21=0x80776af9
        9725000	       971	800013d4	04551017	auipc	x0,0x4551	
        9735000	       972	800013d8	a7f14013	xori	x0,x2,-1409	  x2:0x80000000
        9745000	       973	800013dc	0043deb3	srl	x29,x7,x4	  x7:0x436ab264  x4:0x80009fc4 x29=0x0436ab26
        9755000	       974	800013e0	fcb63f13	sltiu	x30,x12,-53	 x12:0x00000000 x30=0x00000001
        9765000	       975	800013e4	01c580b3	add	x1,x11,x28	 x11:0x80009dca x28:0xffd23727  x1=0x7fd2d4f1
        9775000	       976	800013e8	c3be5837	lui	x16,0xc3be5	 x16=0xc3be5000
        9785000	       977	800013ec	c77ab693	sltiu	x13,x21,-905	 x21:0x80776af9 x13=0x00000001
        9795000	       978	800013f0	088f5c63	bge	x30,x8,80001488	 x30:0x00000001  x8:0xa46e4fdf
        9805000	       979	00000000	00000013	addi	x0,x0,0	  x0:0x00000000
        9815000	       980	80001484	00000013	addi	x0,x0,0	  x0:0x00000000
        9825000	       981	80001488	40f88e33	sub	x28,x17,x15	 x17:0x00000ff0 x15:0x0000001a x28=0x00000fd6
        9835000	       982	8000148c	418607b3	sub	x15,x12,x24	 x12:0x00000000 x24:0x7fff6830 x15=0x800097d0
        9845000	       983	80001490	d96f2797	auipc	x15,0xd96f2	 x15=0x596f348c
        9855000	       984	80001494	28ad6a37	lui	x20,0x28ad6	 x20=0x28ad6000
        9865000	       985	80001498	58f88b13	addi	x22,x17,1423	 x17:0x00000ff0 x22=0x0000157f
        9875000	       986	8000149c	4195dab3	sra	x21,x11,x25	 x11:0x80009dca x25:0x80009dca x21=0xffe00027
        9885000	       987	800014a0	05f05663	bge	x0,x31,800014ec	  x0:0x00000000 x31:0x5b91b511
        9895000	       988	800014a4	00d29393	slli	x7,x5,0xd	  x5:0x00000000  x7=0x00000000
        9905000	       989	800014a8	002f2033	slt	x0,x30,x2	 x30:0x00000001  x2:0x80000000
        9915000	       990	800014ac	2ce6ba13	sltiu	x20,x13,718	 x13:0x00000001 x20=0x00000001
        9925000	       991	800014b0	c63bbe13	sltiu	x28,x23,-925	 x23:0x00000000 x28=0x00000001
        9935000	       992	800014b4	01125f93	srli	x31,x4,0x11	  x4:0x80009fc4 x31=0x00004000
        9945000	       993	800014b8	9dca7897	auipc	x17,0x9dca7	 x17=0x1dca84b4
        9955000	       994	800014bc	6d4183b7	lui	x7,0x6d418	  x7=0x6d418000
        9965000	       995	800014c0	01bc5d33	srl	x26,x24,x27	 x24:0x7fff6830 x27:0x00ff1110 x26=0x00007fff
        9975000	       996	800014c4	000f5993	srli	x19,x30,0x0	 x30:0x00000001 x19=0x00000001
        9985000	       997	800014c8	9c3c6093	ori	x1,x24,-1597	 x24:0x7fff6830  x1=0xfffff9f3
        9995000	       998	800014cc	01bedc63	bge	x29,x27,800014e4	 x29:0x0436ab26 x27:0x00ff1110
       10005000	       999	00000000	00000013	addi	x0,x0,0	  x0:0x00000000
       10015000	      1000	800014e0	00000013	addi	x0,x0,0	  x0:0x00000000
       10025000	      1001	800014e4	00881a63	bne	x16,x8,800014f8	 x16:0xc3be5000  x8:0xa46e4fdf
       10035000	      1002	00000000	00000013	addi	x0,x0,0	  x0:0x00000000
       10045000	      1003	800014f4	00000013	addi	x0,x0,0	  x0:0x00000000
       10055000	      1004	800014f8	88973637	lui	x12,0x88973	 x12=0x88973000
       10065000	      1005	800014fc	040de663	bltu	x27,x0,80001548	 x27:0x00ff1110  x0:0x00000000
       10075000	      1006	80001500	00b3e433	or	x8,x7,x11	  x7:0x6d418000 x11:0x80009dca  x8=0xed419dca
       10085000	      1007	80001504	031b1263	bne	x22,x17,80001528	 x22:0x0000157f x17:0x1dca84b4
       10095000	      1008	00000000	00000013	addi	x0,x0,0	  x0:0x00000000
       10105000	      1009	80001524	00000013	addi	x0,x0,0	  x0:0x00000000
       10115000	      1010	80001528	ad127c13	andi	x24,x4,-1327	  x4:0x80009fc4 x24=0x80009ac0
       10125000	      1011	8000152c	92df3613	sltiu	x12,x30,-1747	 x30:0x00000001 x12=0x00000001
       10135000	      1012	80001530	01ab1313	slli	x6,x22,0x1a	 x22:0x0000157f  x6=0xfc000000
       10145000	      1013	80001534	3ef95397	auipc	x7,0x3ef95	  x7=0xbef96530
       10155000	      1014	80001538	004ed1b3	srl	x3,x29,x4	 x29:0x0436ab26  x4:0x80009fc4  x3=0x00436ab2
       10165000	      1015	8000153c	bc8e4f37	lui	x30,0xbc8e4	 x30=0xbc8e4000
       10175000	      1016	80001540	015e5bb3	srl	x23,x28,x21	 x28:0x00000001 x21:0xffe00027 x23=0x00000000
       10185000	      1017	80001544	413b8e33	sub	x28,x23,x19	 x23:0x00000000 x19:0x00000001 x28=0xffffffff
       10195000	      1018	80001548	a9d82393	slti	x7,x16,-1379	 x16:0xc3be5000  x7=0x00000001
       10205000	      1019	8000154c	87e4fe93	andi	x29,x9,-1922	  x9:0x0003fc00 x29=0x0003f800
       10215000	      1020	80001550	017f8463	beq	x31,x23,80001558	 x31:0x00004000 x23:0x00000000
       10225000	      1021	80001554	015c9633	sll	x12,x25,x21	 x25:0x80009dca x21:0xffe00027 x12=0x004ee500
       10235000	      1022	80001558	041b1063	bne	x22,x1,80001598	 x22:0x0000157f  x1:0xfffff9f3
       10245000	      1023	00000000	00000013	addi	x0,x0,0	  x0:0x00000000
       10255000	      1024	80001594	00000013	addi	x0,x0,0	  x0:0x00000000
       10265000	      1025	80001598	41a3d5b3	sra	x11,x7,x26	  x7:0x00000001 x26:0x00007fff x11=0x00000000
       10275000	      1026	8000159c	0084a633	slt	x12,x9,x8	  x9:0x0003fc00  x8:0xed419dca x12=0x00000000
       10285000	      1027	800015a0	00000013	addi	x0,x0,0	  x0:0x00000000
       10295000	      1028	800015a4	0462f463	bgeu	x5,x6,800015ec	  x5:0x00000000  x6:0xfc000000
       10305000	      1029	800015a8	40f1d4b3	sra	x9,x3,x15	  x3:0x00436ab2 x15:0x596f348c  x9=0x00000436
       10315000	      1030	800015ac	0096dc93	srli	x25,x13,0x9	 x13:0x00000001 x25=0x00000000
       10325000	      1031	800015b0	0526d063	bge	x13,x18,800015f0	 x13:0x00000001 x18:0x00000080
       10335000	      1032	800015b4	41aedeb3	sra	x29,x29,x26	 x29:0x0003f800 x26:0x00007fff x29=0x00000000
       10345000	      1033	800015b8	40118033	sub	x0,x3,x1	  x3:0x00436ab2  x1:0xfffff9f3
       10355000	      1034	800015bc	00000013	addi	x0,x0,0	  x0:0x00000000
       10365000	      1035	800015c0	0462f263	bgeu	x5,x6,80001604	  x5:0x00000000  x6:0xfc000000
       10375000	      1036	800015c4	e373bd93	sltiu	x27,x7,-457	  x7:0x00000001 x27=0x00000001
       10385000	      1037	800015c8	41685a33	sra	x20,x16,x22	 x16:0xc3be5000 x22:0x0000157f x20=0xffffffff
       10395000	      1038	800015cc	01d56f33	or	x30,x10,x29	 x10:0x80009f84 x29:0x00000000 x30=0x80009f84
       10405000	      1039	800015d0	a0972b13	slti	x22,x14,-1527	 x14:0x00000413 x22=0x00000000
       10415000	      1040	800015d4	0035ab33	slt	x22,x11,x3	 x11:0x00000000  x3:0x00436ab2 x22=0x00000001
       10425000	      1041	800015d8	411b0033	sub	x0,x22,x17	 x22:0x00000001 x17:0x1dca84b4
       10435000	      1042	800015dc	4033de33	sra	x28,x7,x3	  x7:0x00000001  x3:0x00436ab2 x28=0x00000000
       10445000	      1043	800015e0	0225d263	bge	x11,x2,80001604	 x11:0x00000000  x2:0x80000000
       10455000	      1044	00000000	00000013	addi	x0,x0,0	  x0:0x00000000
       10465000	      1045	80001600	00000013	addi	x0,x0,0	  x0:0x00000000
       10475000	      1046	80001604	00209b97	auipc	x23,0x209	 x23=0x8020a600
       10485000	      1047	80001608	03d41063	bne	x8,x29,80001628	  x8:0xed419dca x29:0x00000000
       10495000	      1048	00000000	00000013	addi	x0,x0,0	  x0:0x00000000
       10505000	      1049	80001624	00000013	addi	x0,x0,0	  x0:0x00000000
       10515000	      1050	80001628	1c2da913	slti	x18,x27,450	 x27:0x00000001 x18=0x00000001
       10525000	      1051	8000162c	01b279b3	and	x19,x4,x27	  x4:0x80009fc4 x27:0x00000001 x19=0x00000000
       10535000	      1052	80001630	c8cfc293	xori	x5,x31,-884	 x31:0x00004000  x5=0xffffbc8c
       10545000	      1053	80001634	4107d1b3	sra	x3,x15,x16	 x15:0x596f348c x16:0xc3be5000  x3=0x596f348c
       10555000	      1054	80001638	ed828413	addi	x8,x5,-296	  x5:0xffffbc8c  x8=0xffffbb64
       10565000	      1055	8000163c	0133ea33	or	x20,x7,x19	  x7:0x00000001 x19:0x00000000 x20=0x00000001
       10575000	      1056	80001640	0403c063	blt	x7,x0,80001680	  x7:0x00000001  x0:0x00000000
       10585000	      1057	80001644	2ea3d317	auipc	x6,0x2ea3d	  x6=0xaea3e640
       10595000	      1058	80001648	004a5393	srli	x7,x20,0x4	 x20:0x00000001  x7=0x00000000
       10605000	      1059	8000164c	0145ccb3	xor	x25,x11,x20	 x11:0x00000000 x20:0x00000001 x25=0x00000001
       10615000	      1060	80001650	00d570b3	and	x1,x10,x13	 x10:0x80009f84 x13:0x00000001  x1=0x00000000
       10625000	      1061	80001654	01345393	srli	x7,x8,0x13	  x8:0xffffbb64  x7=0x00001fff
       10635000	      1062	80001658	002d4bb3	xor	x23,x26,x2	 x26:0x00007fff  x2:0x80000000 x23=0x80007fff
       10645000	      1063	8000165c	25e8c193	xori	x3,x17,606	 x17:0x1dca84b4  x3=0x1dca86ea
       10655000	      1064	80001660	00000013	addi	x0,x0,0	  x0:0x00000000
       10665000	      1065	80001664	fdffc9b7	lui	x19,0xfdffc	 x19=0xfdffc000
       10675000	      1066	80001668	004146b3	xor	x13,x2,x4	  x2:0x80000000  x4:0x80009fc4 x13=0x00009fc4
       10685000	      1067	8000166c	01b7a433	slt	x8,x15,x27	 x15:0x596f348c x27:0x00000001  x8=0x00000000
       10695000	      1068	80001670	01959393	slli	x7,x11,0x19	 x11:0x00000000  x7=0x00000000
       10705000	      1069	80001674	01a87663	bgeu	x16,x26,80001680	 x16:0xc3be5000 x26:0x00007fff
       10715000	      1070	00000000	00000013	addi	x0,x0,0	  x0:0x00000000
       10725000	      1071	8000167c	00000013	addi	x0,x0,0	  x0:0x00000000
       10735000	      1072	80001680	01e6da63	bge	x13,x30,80001694	 x13:0x00009fc4 x30:0x80009f84
       10745000	      1073	00000000	00000013	addi	x0,x0,0	  x0:0x00000000
       10755000	      1074	80001690	00000013	addi	x0,x0,0	  x0:0x00000000
       10765000	      1075	80001694	05847663	bgeu	x8,x24,800016e0	  x8:0x00000000 x24:0x80009ac0
       10775000	      1076	80001698	005f7c33	and	x24,x30,x5	 x30:0x80009f84  x5:0xffffbc8c x24=0x80009c84
       10785000	      1077	8000169c	0053bc33	sltu	x24,x7,x5	  x7:0x00000000  x5:0xffffbc8c x24=0x00000001
       10795000	      1078	800016a0	3ca54d13	xori	x26,x10,970	 x10:0x80009f84 x26=0x80009c4e
       10805000	      1079	800016a4	0109b5b3	sltu	x11,x19,x16	 x19:0xfdffc000 x16:0xc3be5000 x11=0x00000000
       10815000	      1080	800016a8	00000013	addi	x0,x0,0	  x0:0x00000000
       10825000	      1081	800016ac	7bfb0593	addi	x11,x22,1983	 x22:0x00000001 x11=0x000007c0
       10835000	      1082	800016b0	4192dcb3	sra	x25,x5,x25	  x5:0xffffbc8c x25:0x00000001 x25=0xffffde46
       10845000	      1083	800016b4	40078833	sub	x16,x15,x0	 x15:0x596f348c  x0:0x00000000 x16=0x596f348c
       10855000	      1084	800016b8	0205de63	bge	x11,x0,800016f4	 x11:0x000007c0  x0:0x00000000
       10865000	      1085	00000000	00000013	addi	x0,x0,0	  x0:0x00000000
       10875000	      1086	800016f0	00000013	addi	x0,x0,0	  x0:0x00000000
       10885000	      1087	800016f4	016a1463	bne	x20,x22,800016fc	 x20:0x00000001 x22:0x00000001
       10895000	      1088	800016f8	1d6aa413	slti	x8,x21,470	 x21:0xffe00027  x8=0x00000001
       10905000	      1089	800016fc	00fded33	or	x26,x27,x15	 x27:0x00000001 x15:0x596f348c x26=0x596f348d
       10915000	      1090	80001700	00a1f263	bgeu	x3,x10,80001704	  x3:0x1dca86ea x10:0x80009f84
       10925000	      1091	80001704	f743f413	andi	x8,x7,-140	  x7:0x00000000  x8=0x00000000
       10935000	      1092	80001708	065c2493	slti	x9,x24,101	 x24:0x00000001  x9=0x00000001
       10945000	      1093	8000170c	0086eeb3	or	x29,x13,x8	 x13:0x00009fc4  x8:0x00000000 x29=0x00009fc4
       10955000	      1094	80001710	010216b3	sll	x13,x4,x16	  x4:0x80009fc4 x16:0x596f348c x13=0x09fc4000
       10965000	      1095	80001714	6dcb8b93	addi	x23,x23,1756	 x23:0x80007fff x23=0x800086db
       10975000	      1096	80001718	00d57f33	and	x30,x10,x13	 x10:0x80009f84 x13:0x09fc4000 x30=0x00000000
       10985000	      1097	8000171c	fff54413	xori	x8,x10,-1	 x10:0x80009f84  x8=0x7fff607b
       10995000	      1098	80001720	019943b3	xor	x7,x18,x25	 x18:0x00000001 x25:0xffffde46  x7=0xffffde47
       11005000	      1099	80001724	7bd14293	xori	x5,x2,1981	  x2:0x80000000  x5=0x800007bd
       11015000	      1100	80001728	01ca1333	sll	x6,x20,x28	 x20:0x00000001 x28:0x00000000  x6=0x00000001
       11025000	      1101	8000172c	024f8a63	beq	x31,x4,80001760	 x31:0x00004000  x4:0x80009fc4
       11035000	      1102	80001730	21574593	xori	x11,x14,533	 x14:0x00000413 x11=0x00000606
       11045000	      1103	80001734	400e5d13	srai	x26,x28,0x0	 x28:0x00000000 x26=0x00000000
       11055000	      1104	80001738	021c1a63	bne	x24,x1,8000176c	 x24:0x00000001  x1:0x00000000
       11065000	      1105	00000000	00000013	addi	x0,x0,0	  x0:0x00000000
       11075000	      1106	80001768	00000013	addi	x0,x0,0	  x0:0x00000000
       11085000	      1107	8000176c	05247063	bgeu	x8,x18,800017ac	  x8:0x7fff607b x18:0x00000001
       11095000	      1108	00000000	00000013	addi	x0,x0,0	  x0:0x00000000
       11105000	      1109	800017a8	00000013	addi	x0,x0,0	  x0:0x00000000
       11115000	      1110	800017ac	02660c63	beq	x12,x6,800017e4	 x12:0x00000000  x6:0x00000001
       11125000	      1111	800017b0	04cce663	bltu	x25,x12,800017fc	 x25:0xffffde46 x12:0x00000000
       11135000	      1112	800017b4	0088e733	or	x14,x17,x8	 x17:0x1dca84b4  x8:0x7fff607b x14=0x7fffe4ff
       11145000	      1113	800017b8	44c06893	ori	x17,x0,1100	  x0:0x00000000 x17=0x0000044c
       11155000	      1114	800017bc	019bdd13	srli	x26,x23,0x19	 x23:0x800086db x26=0x00000040
       11165000	      1115	800017c0	3077f293	andi	x5,x15,775	 x15:0x596f348c  x5=0x00000004
       11175000	      1116	800017c4	409f09b3	sub	x19,x30,x9	 x30:0x00000000  x9:0x00000001 x19=0xffffffff
       11185000	      1117	800017c8	190eba13	sltiu	x20,x29,400	 x29:0x00009fc4 x20=0x00000000
       11195000	      1118	800017cc	1814a313	slti	x6,x9,385	  x9:0x00000001  x6=0x00000001
       11205000	      1119	800017d0	1acdbe37	lui	x28,0x1acdb	 x28=0x1acdb000
       11215000	      1120	800017d4	0395ec63	bltu	x11,x25,8000180c	 x11:0x00000606 x25:0xffffde46
       11225000	      1121	00000000	00000013	addi	x0,x0,0	  x0:0x00000000
       11235000	      1122	80001808	00000013	addi	x0,x0,0	  x0:0x00000000
       11245000	      1123	8000180c	000305b3	add	x11,x6,x0	  x6:0x00000001  x0:0x00000000 x11=0x00000001
       11255000	      1124	80001810	01961e13	slli	x28,x12,0x19	 x12:0x00000000 x28=0x00000000
       11265000	      1125	80001814	01345313	srli	x6,x8,0x13	  x8:0x7fff607b  x6=0x00000fff
       11275000	      1126	80001818	057f4663	blt	x30,x23,80001864	 x30:0x00000000 x23:0x800086db
       11285000	      1127	8000181c	414fda33	sra	x20,x31,x20	 x31:0x00004000 x20:0x00000000 x20=0x00004000
       11295000	      1128	80001820	0040f463	bgeu	x1,x4,80001828	  x1:0x00000000  x4:0x80009fc4
       11305000	      1129	80001824	40de8db3	sub	x27,x29,x13	 x29:0x00009fc4 x13:0x09fc4000 x27=0xf6045fc4
       11315000	      1130	80001828	e3dea893	slti	x17,x29,-451	 x29:0x00009fc4 x17=0x00000000
       11325000	      1131	8000182c	0186c263	blt	x13,x24,80001830	 x13:0x09fc4000 x24:0x00000001
       11335000	      1132	80001830	f905bc13	sltiu	x24,x11,-112	 x11:0x00000001 x24=0x00000001
       11345000	      1133	80001834	05bb9663	bne	x23,x27,80001880	 x23:0x800086db x27:0xf6045fc4
       11355000	      1134	00000000	00000013	addi	x0,x0,0	  x0:0x00000000
       11365000	      1135	8000187c	00000013	addi	x0,x0,0	  x0:0x00000000
       11375000	      1136	80001880	0141e433	or	x8,x3,x20	  x3:0x1dca86ea x20:0x00004000  x8=0x1dcac6ea
       11385000	      1137	80001884	01e5d463	bge	x11,x30,8000188c	 x11:0x00000001 x30:0x00000000
       11395000	      1138	00000000	00000013	addi	x0,x0,0	  x0:0x00000000
       11405000	      1139	80001888	00000013	addi	x0,x0,0	  x0:0x00000000
       11415000	      1140	8000188c	ad0d1cb7	lui	x25,0xad0d1	 x25=0xad0d1000
       11425000	      1141	80001890	40db8733	sub	x14,x23,x13	 x23:0x800086db x13:0x09fc4000 x14=0x760446db
       11435000	      1142	80001894	9bff9497	auipc	x9,0x9bff9	  x9=0x1bffa890
       11445000	      1143	80001898	4d3c3f13	sltiu	x30,x24,1235	 x24:0x00000001 x30=0x00000001
       11455000	      1144	8000189c	0071d733	srl	x14,x3,x7	  x3:0x1dca86ea  x7:0xffffde47 x14=0x003b950d
       11465000	      1145	800018a0	00fdb433	sltu	x8,x27,x15	 x27:0xf6045fc4 x15:0x596f348c  x8=0x00000000
       11475000	      1146	800018a4	4038d4b3	sra	x9,x17,x3	 x17:0x00000000  x3:0x1dca86ea  x9=0x00000000
       11485000	      1147	800018a8	40ea5b33	sra	x22,x20,x14	 x20:0x00004000 x14:0x003b950d x22=0x00000002
       11495000	      1148	800018ac	006e2a33	slt	x20,x28,x6	 x28:0x00000000  x6:0x00000fff x20=0x00000001
       11505000	      1149	800018b0	318c3313	sltiu	x6,x24,792	 x24:0x00000001  x6=0x00000001
       11515000	      1150	800018b4	00347663	bgeu	x8,x3,800018c0	  x8:0x00000000  x3:0x1dca86ea
       11525000	      1151	800018b8	007ddbb3	srl	x23,x27,x7	 x27:0xf6045fc4  x7:0xffffde47 x23=0x01ec08bf
       11535000	      1152	800018bc	f0867d93	andi	x27,x12,-248	 x12:0x00000000 x27=0x00000000
       11545000	      1153	800018c0	025fdc63	bge	x31,x5,800018f8	 x31:0x00004000  x5:0x00000004
       11555000	      1154	00000000	00000013	addi	x0,x0,0	  x0:0x00000000
       11565000	      1155	800018f4	00000013	addi	x0,x0,0	  x0:0x00000000
       11575000	      1156	800018f8	00d81193	slli	x3,x16,0xd	 x16:0x596f348c  x3=0xe6918000
       11585000	      1157	800018fc	0197b3b3	sltu	x7,x15,x25	 x15:0x596f348c x25:0xad0d1000  x7=0x00000001
       11595000	      1158	80001900	056d8063	beq	x27,x22,80001940	 x27:0x00000000 x22:0x00000002
       11605000	      1159	80001904	c3b1ac93	slti	x25,x3,-965	  x3:0xe6918000 x25=0x00000001
       11615000	      1160	80001908	02ed5a63	bge	x26,x14,8000193c	 x26:0x00000040 x14:0x003b950d
       11625000	      1161	8000190c	409b5833	sra	x16,x22,x9	 x22:0x00000002  x9:0x00000000 x16=0x00000002
       11635000	      1162	80001910	007d5933	srl	x18,x26,x7	 x26:0x00000040  x7:0x00000001 x18=0x00000020
       11645000	      1163	80001914	003e6663	bltu	x28,x3,80001920	 x28:0x00000000  x3:0xe6918000
       11655000	      1164	00000000	00000013	addi	x0,x0,0	  x0:0x00000000
       11665000	      1165	8000191c	00000013	addi	x0,x0,0	  x0:0x00000000
       11675000	      1166	80001920	40bad693	srai	x13,x21,0xb	 x21:0xffe00027 x13=0xfffffc00
       11685000	      1167	80001924	019d8833	add	x16,x27,x25	 x27:0x00000000 x25:0x00000001 x16=0x00000001
       11695000	      1168	80001928	d0116313	ori	x6,x2,-767	  x2:0x80000000  x6=0xfffffd01
       11705000	      1169	8000192c	01005ab3	srl	x21,x0,x16	  x0:0x00000000 x16:0x00000001 x21=0x00000000
       11715000	      1170	80001930	6189f413	andi	x8,x19,1560	 x19:0xffffffff  x8=0x00000618
       11725000	      1171	80001934	f226f913	andi	x18,x13,-222	 x13:0xfffffc00 x18=0xfffffc00
       11735000	      1172	80001938	000358b3	srl	x17,x6,x0	  x6:0xfffffd01  x0:0x00000000 x17=0xfffffd01
       11745000	      1173	8000193c	b70fe8b7	lui	x17,0xb70fe	 x17=0xb70fe000
       11755000	      1174	80001940	63a5fd93	andi	x27,x11,1594	 x11:0x00000001 x27=0x00000000
       11765000	      1175	80001944	8e06fd13	andi	x26,x13,-1824	 x13:0xfffffc00 x26=0xfffff800
       11775000	      1176	80001948	00669fb3	sll	x31,x13,x6	 x13:0xfffffc00  x6:0xfffffd01 x31=0xfffff800
       11785000	      1177	8000194c	c2c92a93	slti	x21,x18,-980	 x18:0xfffffc00 x21=0x00000001
       11795000	      1178	80001950	417584b3	sub	x9,x11,x23	 x11:0x00000001 x23:0x01ec08bf  x9=0xfe13f742
       11805000	      1179	80001954	01d3a933	slt	x18,x7,x29	  x7:0x00000001 x29:0x00009fc4 x18=0x00000001
       11815000	      1180	80001958	010c1493	slli	x9,x24,0x10	 x24:0x00000001  x9=0x00010000
       11825000	      1181	8000195c	05fb0863	beq	x22,x31,800019ac	 x22:0x00000002 x31:0xfffff800
       11835000	      1182	80001960	41455e93	srai	x29,x10,0x14	 x10:0x80009f84 x29=0xfffff800
       11845000	      1183	80001964	65fe8013	addi	x0,x29,1631	 x29:0xfffff800
       11855000	      1184	80001968	0114d863	bge	x9,x17,80001978	  x9:0x00010000 x17:0xb70fe000
       11865000	      1185	00000000	00000013	addi	x0,x0,0	  x0:0x00000000
       11875000	      1186	80001974	00000013	addi	x0,x0,0	  x0:0x00000000
       11885000	      1187	80001978	d9908693	addi	x13,x1,-615	  x1:0x00000000 x13=0xfffffd99
       11895000	      1188	8000197c	0f02e463	bltu	x5,x16,80001a64	  x5:0x00000004 x16:0x00000001
       11905000	      1189	80001980	0fe85263	bge	x16,x30,80001a64	 x16:0x00000001 x30:0x00000001
       11915000	      1190	00000000	00000013	addi	x0,x0,0	  x0:0x00000000
       11925000	      1191	80001a60	00000013	addi	x0,x0,0	  x0:0x00000000
       11935000	      1192	80001a64	016cd333	srl	x6,x25,x22	 x25:0x00000001 x22:0x00000002  x6=0x00000000
       11945000	      1193	80001a68	01e0ddb3	srl	x27,x1,x30	  x1:0x00000000 x30:0x00000001 x27=0x00000000
       11955000	      1194	80001a6c	00000013	addi	x0,x0,0	  x0:0x00000000
       11965000	      1195	80001a70	41a20bb3	sub	x23,x4,x26	  x4:0x80009fc4 x26:0xfffff800 x23=0x8000a7c4
       11975000	      1196	80001a74	008c34b3	sltu	x9,x24,x8	 x24:0x00000001  x8:0x00000618  x9=0x00000001
       11985000	      1197	80001a78	00332f33	slt	x30,x6,x3	  x6:0x00000000  x3:0xe6918000 x30=0x00000000
       11995000	      1198	80001a7c	02785063	bge	x16,x7,80001a9c	 x16:0x00000001  x7:0x00000001
       12005000	      1199	00000000	00000013	addi	x0,x0,0	  x0:0x00000000
       12015000	      1200	80001a98	00000013	addi	x0,x0,0	  x0:0x00000000
       12025000	      1201	80001a9c	02ab5863	bge	x22,x10,80001acc	 x22:0x00000002 x10:0x80009f84
       12035000	      1202	00000000	00000013	addi	x0,x0,0	  x0:0x00000000
       12045000	      1203	80001ac8	00000013	addi	x0,x0,0	  x0:0x00000000
       12055000	      1204	80001acc	013b9813	slli	x16,x23,0x13	 x23:0x8000a7c4 x16=0x3e200000
       12065000	      1205	80001ad0	8cef4713	xori	x14,x30,-1842	 x30:0x00000000 x14=0xfffff8ce
       12075000	      1206	80001ad4	01ec0a63	beq	x24,x30,80001ae8	 x24:0x00000001 x30:0x00000000
       12085000	      1207	80001ad8	02288a63	beq	x17,x2,80001b0c	 x17:0xb70fe000  x2:0x80000000
       12095000	      1208	80001adc	6fdb4b13	xori	x22,x22,1789	 x22:0x00000002 x22=0x000006ff
       12105000	      1209	80001ae0	0140b9b3	sltu	x19,x1,x20	  x1:0x00000000 x20:0x00000001 x19=0x00000001
       12115000	      1210	80001ae4	3a4134b7	lui	x9,0x3a413	  x9=0x3a413000
       12125000	      1211	80001ae8	78c1fe93	andi	x29,x3,1932	  x3:0xe6918000 x29=0x00000000
       12135000	      1212	80001aec	01c20263	beq	x4,x28,80001af0	  x4:0x80009fc4 x28:0x00000000
       12145000	      1213	80001af0	3fc5e813	ori	x16,x11,1020	 x11:0x00000001 x16=0x000003fd
       12155000	      1214	80001af4	82e4cb97	auipc	x23,0x82e4c	 x23=0x02e4daf0
       12165000	      1215	80001af8	4180d033	sra	x0,x1,x24	  x1:0x00000000 x24:0x00000001
       12175000	      1216	80001afc	04850263	beq	x10,x8,80001b40	 x10:0x80009f84  x8:0x00000618
       12185000	      1217	80001b00	47c3c313	xori	x6,x7,1148	  x7:0x00000001  x6=0x0000047d
       12195000	      1218	80001b04	a3f8b013	sltiu	x0,x17,-1473	 x17:0xb70fe000
       12205000	      1219	80001b08	0196f663	bgeu	x13,x25,80001b14	 x13:0xfffffd99 x25:0x00000001
       12215000	      1220	00000000	00000013	addi	x0,x0,0	  x0:0x00000000
       12225000	      1221	80001b10	00000013	addi	x0,x0,0	  x0:0x00000000
       12235000	      1222	80001b14	ddc6cf37	lui	x30,0xddc6c	 x30=0xddc6c000
       12245000	      1223	80001b18	01009093	slli	x1,x1,0x10	  x1:0x00000000  x1=0x00000000
       12255000	      1224	80001b1c	01497863	bgeu	x18,x20,80001b2c	 x18:0x00000001 x20:0x00000001
       12265000	      1225	00000000	00000013	addi	x0,x0,0	  x0:0x00000000
       12275000	      1226	80001b28	00000013	addi	x0,x0,0	  x0:0x00000000
       12285000	      1227	80001b2c	000105b3	add	x11,x2,x0	  x2:0x80000000  x0:0x00000000 x11=0x80000000
       12295000	      1228	80001b30	40875013	srai	x0,x14,0x8	 x14:0xfffff8ce
       12305000	      1229	80001b34	c40de097	auipc	x1,0xc40de	  x1=0x440dfb30
       12315000	      1230	80001b38	0035f1b3	and	x3,x11,x3	 x11:0x80000000  x3:0xe6918000  x3=0x80000000
       12325000	      1231	80001b3c	0271c063	blt	x3,x7,80001b5c	  x3:0x80000000  x7:0x00000001
       12335000	      1232	00000000	00000013	addi	x0,x0,0	  x0:0x00000000
       12345000	      1233	80001b58	00000013	addi	x0,x0,0	  x0:0x00000000
       12355000	      1234	80001b5c	0485e063	bltu	x11,x8,80001b9c	 x11:0x80000000  x8:0x00000618
       12365000	      1235	80001b60	01a9b333	sltu	x6,x19,x26	 x19:0x00000001 x26:0xfffff800  x6=0x00000001
       12375000	      1236	80001b64	011b5f33	srl	x30,x22,x17	 x22:0x000006ff x17:0xb70fe000 x30=0x000006ff
       12385000	      1237	80001b68	031ad263	bge	x21,x17,80001b8c	 x21:0x00000001 x17:0xb70fe000
       12395000	      1238	00000000	00000013	addi	x0,x0,0	  x0:0x00000000
       12405000	      1239	80001b88	00000013	addi	x0,x0,0	  x0:0x00000000
       12415000	      1240	80001b8c	00152a33	slt	x20,x10,x1	 x10:0x80009f84  x1:0x440dfb30 x20=0x00000001
       12425000	      1241	80001b90	013f0433	add	x8,x30,x19	 x30:0x000006ff x19:0x00000001  x8=0x00000700
       12435000	      1242	80001b94	ca214813	xori	x16,x2,-862	  x2:0x80000000 x16=0x7ffffca2
       12445000	      1243	80001b98	5897f413	andi	x8,x15,1417	 x15:0x596f348c  x8=0x00000488
       12455000	      1244	80001b9c	de198413	addi	x8,x19,-543	 x19:0x00000001  x8=0xfffffde2
       12465000	      1245	80001ba0	80a14713	xori	x14,x2,-2038	  x2:0x80000000 x14=0x7ffff80a
       12475000	      1246	80001ba4	01fbd433	srl	x8,x23,x31	 x23:0x02e4daf0 x31:0xfffff800  x8=0x02e4daf0
       12485000	      1247	80001ba8	0dd18a93	addi	x21,x3,221	  x3:0x80000000 x21=0x800000dd
       12495000	      1248	80001bac	00ed3733	sltu	x14,x26,x14	 x26:0xfffff800 x14:0x7ffff80a x14=0x00000000
       12505000	      1249	80001bb0	04f15063	bge	x2,x15,80001bf0	  x2:0x80000000 x15:0x596f348c
       12515000	      1250	80001bb4	00a31493	slli	x9,x6,0xa	  x6:0x00000001  x9=0x00000400
       12525000	      1251	80001bb8	01dc5e33	srl	x28,x24,x29	 x24:0x00000001 x29:0x00000000 x28=0x00000001
       12535000	      1252	80001bbc	00009093	slli	x1,x1,0x0	  x1:0x440dfb30  x1=0x440dfb30
       12545000	      1253	80001bc0	00eccbb3	xor	x23,x25,x14	 x25:0x00000001 x14:0x00000000 x23=0x00000001
       12555000	      1254	80001bc4	417fd733	sra	x14,x31,x23	 x31:0xfffff800 x23:0x00000001 x14=0xfffffc00
       12565000	      1255	80001bc8	d7887993	andi	x19,x16,-648	 x16:0x7ffffca2 x19=0x7ffffc20
       12575000	      1256	80001bcc	f29df413	andi	x8,x27,-215	 x27:0x00000000  x8=0x00000000
       12585000	      1257	80001bd0	c1946b93	ori	x23,x8,-999	  x8:0x00000000 x23=0xfffffc19
       12595000	      1258	80001bd4	01f7ddb3	srl	x27,x15,x31	 x15:0x596f348c x31:0xfffff800 x27=0x596f348c
       12605000	      1259	80001bd8	a1a5aa93	slti	x21,x11,-1510	 x11:0x80000000 x21=0x00000001
       12615000	      1260	80001bdc	0294ca63	blt	x9,x9,80001c10	  x9:0x00000400  x9:0x00000400
       12625000	      1261	80001be0	01653fb3	sltu	x31,x10,x22	 x10:0x80009f84 x22:0x000006ff x31=0x00000000
       12635000	      1262	80001be4	05397663	bgeu	x18,x19,80001c30	 x18:0x00000001 x19:0x7ffffc20
       12645000	      1263	80001be8	0013f463	bgeu	x7,x1,80001bf0	  x7:0x00000001  x1:0x440dfb30
       12655000	      1264	80001bec	013ec663	blt	x29,x19,80001bf8	 x29:0x00000000 x19:0x7ffffc20
       12665000	      1265	00000000	00000013	addi	x0,x0,0	  x0:0x00000000
       12675000	      1266	80001bf4	00000013	addi	x0,x0,0	  x0:0x00000000
       12685000	      1267	80001bf8	00f1cb33	xor	x22,x3,x15	  x3:0x80000000 x15:0x596f348c x22=0xd96f348c
       12695000	      1268	80001bfc	019788b3	add	x17,x15,x25	 x15:0x596f348c x25:0x00000001 x17=0x596f348d
       12705000	      1269	80001c00	3a1cb413	sltiu	x8,x25,929	 x25:0x00000001  x8=0x00000001
       12715000	      1270	80001c04	ec201097	auipc	x1,0xec201	  x1=0x6c202c00
       12725000	      1271	80001c08	0045dfb3	srl	x31,x11,x4	 x11:0x80000000  x4:0x80009fc4 x31=0x08000000
       12735000	      1272	80001c0c	d6ff8293	addi	x5,x31,-657	 x31:0x08000000  x5=0x07fffd6f
       12745000	      1273	80001c10	00ce9c63	bne	x29,x12,80001c28	 x29:0x00000000 x12:0x00000000
       12755000	      1274	80001c14	009e28b3	slt	x17,x28,x9	 x28:0x00000001  x9:0x00000400 x17=0x00000001
       12765000	      1275	80001c18	00d207b3	add	x15,x4,x13	  x4:0x80009fc4 x13:0xfffffd99 x15=0x80009d5d
       12775000	      1276	80001c1c	0367c863	blt	x15,x22,80001c4c	 x15:0x80009d5d x22:0xd96f348c
       12785000	      1277	00000000	00000013	addi	x0,x0,0	  x0:0x00000000
       12795000	      1278	80001c48	00000013	addi	x0,x0,0	  x0:0x00000000
       12805000	      1279	80001c4c	ce76f313	andi	x6,x13,-793	 x13:0xfffffd99  x6=0xfffffc81
       12815000	      1280	80001c50	81306b37	lui	x22,0x81306	 x22=0x81306000
       12825000	      1281	80001c54	05a49463	bne	x9,x26,80001c9c	  x9:0x00000400 x26:0xfffff800
       12835000	      1282	00000000	00000013	addi	x0,x0,0	  x0:0x00000000
       12845000	      1283	80001c98	00000013	addi	x0,x0,0	  x0:0x00000000
       12855000	      1284	80001c9c	97930cb7	lui	x25,0x97930	 x25=0x97930000
       12865000	      1285	80001ca0	414e8333	sub	x6,x29,x20	 x29:0x00000000 x20:0x00000001  x6=0xffffffff
       12875000	      1286	80001ca4	d8ee3013	sltiu	x0,x28,-626	 x28:0x00000001
       12885000	      1287	80001ca8	d746ba93	sltiu	x21,x13,-652	 x13:0xfffffd99 x21=0x00000000
       12895000	      1288	80001cac	01f3b7b3	sltu	x15,x7,x31	  x7:0x00000001 x31:0x08000000 x15=0x00000001
       12905000	      1289	80001cb0	0383be13	sltiu	x28,x7,56	  x7:0x00000001 x28=0x00000001
       12915000	      1290	80001cb4	0005f933	and	x18,x11,x0	 x11:0x80000000  x0:0x00000000 x18=0x00000000
       12925000	      1291	80001cb8	0076ca33	xor	x20,x13,x7	 x13:0xfffffd99  x7:0x00000001 x20=0xfffffd98
       12935000	      1292	80001cbc	985de693	ori	x13,x27,-1659	 x27:0x596f348c x13=0xfffffd8d
       12945000	      1293	80001cc0	00e14cb3	xor	x25,x2,x14	  x2:0x80000000 x14:0xfffffc00 x25=0x7ffffc00
       12955000	      1294	80001cc4	25c2aab7	lui	x21,0x25c2a	 x21=0x25c2a000
       12965000	      1295	80001cc8	00a8dab3	srl	x21,x17,x10	 x17:0x00000001 x10:0x80009f84 x21=0x00000000
       12975000	      1296	80001ccc	01504333	xor	x6,x0,x21	  x0:0x00000000 x21:0x00000000  x6=0x00000000
       12985000	      1297	80001cd0	01244f33	xor	x30,x8,x18	  x8:0x00000001 x18:0x00000000 x30=0x00000001
       12995000	      1298	80001cd4	a1342d93	slti	x27,x8,-1517	  x8:0x00000001 x27=0x00000000
       13005000	      1299	80001cd8	0146fcb3	and	x25,x13,x20	 x13:0xfffffd8d x20:0xfffffd98 x25=0xfffffd88
       13015000	      1300	80001cdc	051bc663	blt	x23,x17,80001d28	 x23:0xfffffc19 x17:0x00000001
       13025000	      1301	00000000	00000013	addi	x0,x0,0	  x0:0x00000000
       13035000	      1302	80001d24	00000013	addi	x0,x0,0	  x0:0x00000000
       13045000	      1303	80001d28	02f80c63	beq	x16,x15,80001d60	 x16:0x7ffffca2 x15:0x00000001
       13055000	      1304	80001d2c	01c89293	slli	x5,x17,0x1c	 x17:0x00000001  x5=0x10000000
       13065000	      1305	80001d30	09e8ea93	ori	x21,x17,158	 x17:0x00000001 x21=0x0000009f
       13075000	      1306	80001d34	c0630b93	addi	x23,x6,-1018	  x6:0x00000000 x23=0xfffffc06
       13085000	      1307	80001d38	41c0d993	srai	x19,x1,0x1c	  x1:0x6c202c00 x19=0x00000006
       13095000	      1308	80001d3c	0037d5b3	srl	x11,x15,x3	 x15:0x00000001  x3:0x80000000 x11=0x00000001
       13105000	      1309	80001d40	00826e63	bltu	x4,x8,80001d5c	  x4:0x80009fc4  x8:0x00000001
       13115000	      1310	80001d44	0a4ef493	andi	x9,x29,164	 x29:0x00000000  x9=0x00000000
       13125000	      1311	80001d48	00000013	addi	x0,x0,0	  x0:0x00000000
       13135000	      1312	80001d4c	04f16063	bltu	x2,x15,80001d8c	  x2:0x80000000 x15:0x00000001
       13145000	      1313	80001d50	017938b3	sltu	x17,x18,x23	 x18:0x00000000 x23:0xfffffc06 x17=0x00000001
       13155000	      1314	80001d54	018b40b3	xor	x1,x22,x24	 x22:0x81306000 x24:0x00000001  x1=0x81306001
       13165000	      1315	80001d58	05dee263	bltu	x29,x29,80001d9c	 x29:0x00000000 x29:0x00000000
       13175000	      1316	80001d5c	01745d93	srli	x27,x8,0x17	  x8:0x00000001 x27=0x00000000
       13185000	      1317	80001d60	042b1863	bne	x22,x2,80001db0	 x22:0x81306000  x2:0x80000000
       13195000	      1318	00000000	00000013	addi	x0,x0,0	  x0:0x00000000
       13205000	      1319	80001dac	00000013	addi	x0,x0,0	  x0:0x00000000
       13215000	      1320	80001db0	03b41e63	bne	x8,x27,80001dec	  x8:0x00000001 x27:0x00000000
       13225000	      1321	00000000	00000013	addi	x0,x0,0	  x0:0x00000000
       13235000	      1322	80001de8	00000013	addi	x0,x0,0	  x0:0x00000000
       13245000	      1323	80001dec	250d5597	auipc	x11,0x250d5	 x11=0xa50d6de8
       13255000	      1324	80001df0	4032d7b3	sra	x15,x5,x3	  x5:0x10000000  x3:0x80000000 x15=0x10000000
       13265000	      1325	80001df4	16314c93	xori	x25,x2,355	  x2:0x80000000 x25=0x80000163
       13275000	      1326	80001df8	2cb9b993	sltiu	x19,x19,715	 x19:0x00000006 x19=0x00000001
       13285000	      1327	80001dfc	40ba5613	srai	x12,x20,0xb	 x20:0xfffffd98 x12=0xffffffff
       13295000	      1328	80001e00	11cb3d13	sltiu	x26,x22,284	 x22:0x81306000 x26=0x00000000
       13305000	      1329	80001e04	06e6b297	auipc	x5,0x6e6b	  x5=0x86e6ce00
       13315000	      1330	80001e08	7f52a693	slti	x13,x5,2037	  x5:0x86e6ce00 x13=0x00000001
       13325000	      1331	80001e0c	40840cb3	sub	x25,x8,x8	  x8:0x00000001  x8:0x00000001 x25=0x00000000
       13335000	      1332	80001e10	012f50b3	srl	x1,x30,x18	 x30:0x00000001 x18:0x00000000  x1=0x00000001
       13345000	      1333	80001e14	9c975337	lui	x6,0x9c975	  x6=0x9c975000
       13355000	      1334	80001e18	01ac80b3	add	x1,x25,x26	 x25:0x00000000 x26:0x00000000  x1=0x00000000
       13365000	      1335	80001e1c	00224333	xor	x6,x4,x2	  x4:0x80009fc4  x2:0x80000000  x6=0x00009fc4
       13375000	      1336	80001e20	01f161b3	or	x3,x2,x31	  x2:0x80000000 x31:0x08000000  x3=0x88000000
       13385000	      1337	80001e24	01909093	slli	x1,x1,0x19	  x1:0x00000000  x1=0x00000000
       13395000	      1338	80001e28	0078b5b3	sltu	x11,x17,x7	 x17:0x00000001  x7:0x00000001 x11=0x00000000
       13405000	      1339	80001e2c	00155f13	srli	x30,x10,0x1	 x10:0x80009f84 x30=0x40004fc2
       13415000	      1340	80001e30	01865633	srl	x12,x12,x24	 x12:0xffffffff x24:0x00000001 x12=0x7fffffff
       13425000	      1341	80001e34	40ef0eb3	sub	x29,x30,x14	 x30:0x40004fc2 x14:0xfffffc00 x29=0x400053c2
       13435000	      1342	80001e38	00577bb3	and	x23,x14,x5	 x14:0xfffffc00  x5:0x86e6ce00 x23=0x86e6cc00
       13445000	      1343	80001e3c	010b2db3	slt	x27,x22,x16	 x22:0x81306000 x16:0x7ffffca2 x27=0x00000001
       13455000	      1344	80001e40	00939a93	slli	x21,x7,0x9	  x7:0x00000001 x21=0x00000200
       13465000	      1345	80001e44	02991263	bne	x18,x9,80001e68	 x18:0x00000000  x9:0x00000000
       13475000	      1346	80001e48	6c78f1b7	lui	x3,0x6c78f	  x3=0x6c78f000
       13485000	      1347	80001e4c	8c852297	auipc	x5,0x8c852	  x5=0x0c853e48
       13495000	      1348	80001e50	8c43ab37	lui	x22,0x8c43a	 x22=0x8c43a000
       13505000	      1349	80001e54	00000013	addi	x0,x0,0	  x0:0x00000000
       13515000	      1350	80001e58	01409433	sll	x8,x1,x20	  x1:0x00000000 x20:0xfffffd98  x8=0x00000000
       13525000	      1351	80001e5c	0072b333	sltu	x6,x5,x7	  x5:0x0c853e48  x7:0x00000001  x6=0x00000000
       13535000	      1352	80001e60	009c16b3	sll	x13,x24,x9	 x24:0x00000001  x9:0x00000000 x13=0x00000001
       13545000	      1353	80001e64	01cc4263	blt	x24,x28,80001e68	 x24:0x00000001 x28:0x00000001
       13555000	      1354	80001e68	012dd893	srli	x17,x27,0x12	 x27:0x00000001 x17=0x00000000
       13565000	      1355	80001e6c	00057b33	and	x22,x10,x0	 x10:0x80009f84  x0:0x00000000 x22=0x00000000
       13575000	      1356	80001e70	02e95263	bge	x18,x14,80001e94	 x18:0x00000000 x14:0xfffffc00
       13585000	      1357	00000000	00000013	addi	x0,x0,0	  x0:0x00000000
       13595000	      1358	80001e90	00000013	addi	x0,x0,0	  x0:0x00000000
       13605000	      1359	80001e94	00fe16b3	sll	x13,x28,x15	 x28:0x00000001 x15:0x10000000 x13=0x00000001
       13615000	      1360	80001e98	00000117	auipc	x2,0x0	  x2=0x80001e94
       13625000	      1361	80001e9c	00c10113	addi	x2,x2,12	  x2:0x80001e94  x2=0x80001ea0
       13635000	      1362	80001ea0	00010067	jalr	x0,x2,0	  x2:0x80001ea0
       13645000	      1363	00000000	00000013	addi	x0,x0,0	  x0:0x00000000
       13655000	      1364	80001ea0	00000013	addi	x0,x0,0	  x0:0x00000000
       13665000	      1365	80001ea4	00100193	addi	x3,x0,1	  x0:0x00000000  x3=0x00000001
       13675000	      1366	80001ea8	00000073	ecall	
       13685000	      1367	80001eac	00d6c463	blt	x13,x13,80001eb4	 x13:0x00000001 x13:0x00000001
