		Time			Cycle	PC		Insn	Decoded instruction	Register and memory contents
          65000	         5	80000004	00000293	addi	x5,x0,0	  x0:0x00000000  x5=0x00000000
          75000	         6	80000008	00000313	addi	x6,x0,0	  x0:0x00000000  x6=0x00000000
          85000	         7	8000000c	00628263	beq	x5,x6,80000010	  x5:0x00000000  x6:0x00000000
          95000	         8	00000000	00000013	addi	x0,x0,0	  x0:0x00000000
         105000	         9	8000000c	00000013	addi	x0,x0,0	  x0:0x00000000
         115000	        10	80000010	00000e17	auipc	x28,0x0	 x28=0x8000000c
         125000	        11	80000014	00ce0e13	addi	x28,x28,12	 x28:0x8000000c x28=0x80000018
         135000	        12	80000018	000e0067	jalr	x0,x28,0	 x28:0x80000018
         145000	        13	00000000	00000013	addi	x0,x0,0	  x0:0x00000000
         155000	        14	80000018	00000013	addi	x0,x0,0	  x0:0x00000000
         165000	        15	8000001c	400003b7	lui	x7,0x40000	  x7=0x40000000
         175000	        16	80000020	10038393	addi	x7,x7,256	  x7:0x40000000  x7=0x40000100
         185000	        17	80000024	00000013	addi	x0,x0,0	  x0:0x00000000
         195000	        18	80000028	0000a417	auipc	x8,0xa	  x8=0x8000a024
         205000	        19	8000002c	fa040413	addi	x8,x8,-96	  x8:0x8000a024  x8=0x80009fc4
         215000	        20	80000030	00007397	auipc	x7,0x7	  x7=0x8000702c
         225000	        21	80000034	bac38393	addi	x7,x7,-1108	  x7:0x8000702c  x7=0x80006bd8
         235000	        22	80000038	0003e393	ori	x7,x7,0	  x7:0x80006bd8  x7=0x80006bd8
         245000	        23	8000003c	00000013	addi	x0,x0,0	  x0:0x00000000
         255000	        24	80000040	00000397	auipc	x7,0x0	  x7=0x8000003c
         265000	        25	80000044	02038393	addi	x7,x7,32	  x7:0x8000003c  x7=0x8000005c
         275000	        26	80000048	00000013	addi	x0,x0,0	  x0:0x00000000
         285000	        27	8000004c	00000013	addi	x0,x0,0	  x0:0x00000000
         295000	        28	80000050	000023b7	lui	x7,0x2	  x7=0x00002000
         305000	        29	80000054	80038393	addi	x7,x7,-2048	  x7:0x00002000  x7=0x00001800
         315000	        30	80000058	00000013	addi	x0,x0,0	  x0:0x00000000
         325000	        31	8000005c	00000013	addi	x0,x0,0	  x0:0x00000000
         335000	        32	80000060	68545037	lui	x0,0x68545	
         345000	        33	80000064	e1f00013	addi	x0,x0,-481	  x0:0x00000000
         355000	        34	80000068	00f00093	addi	x1,x0,15	  x0:0x00000000  x1=0x0000000f
         365000	        35	8000006c	fc667137	lui	x2,0xfc667	  x2=0xfc667000
         375000	        36	80000070	a4910113	addi	x2,x2,-1463	  x2:0xfc667000  x2=0xfc666a49
         385000	        37	80000074	00100193	addi	x3,x0,1	  x0:0x00000000  x3=0x00000001
         395000	        38	80000078	f3938237	lui	x4,0xf3938	  x4=0xf3938000
         405000	        39	8000007c	e6f20213	addi	x4,x4,-401	  x4:0xf3938000  x4=0xf3937e6f
         415000	        40	80000080	ad4982b7	lui	x5,0xad498	  x5=0xad498000
         425000	        41	80000084	46e28293	addi	x5,x5,1134	  x5:0xad498000  x5=0xad49846e
         435000	        42	80000088	f61a9337	lui	x6,0xf61a9	  x6=0xf61a9000
         445000	        43	8000008c	ac030313	addi	x6,x6,-1344	  x6:0xf61a9000  x6=0xf61a8ac0
         455000	        44	80000090	00000393	addi	x7,x0,0	  x0:0x00000000  x7=0x00000000
         465000	        45	80000094	00000493	addi	x9,x0,0	  x0:0x00000000  x9=0x00000000
         475000	        46	80000098	80000537	lui	x10,0x80000	 x10=0x80000000
         485000	        47	8000009c	00400593	addi	x11,x0,4	  x0:0x00000000 x11=0x00000004
         495000	        48	800000a0	fa184637	lui	x12,0xfa184	 x12=0xfa184000
         505000	        49	800000a4	89960613	addi	x12,x12,-1895	 x12:0xfa184000 x12=0xfa183899
         515000	        50	800000a8	5bcb56b7	lui	x13,0x5bcb5	 x13=0x5bcb5000
         525000	        51	800000ac	ef668693	addi	x13,x13,-266	 x13:0x5bcb5000 x13=0x5bcb4ef6
         535000	        52	800000b0	80000737	lui	x14,0x80000	 x14=0x80000000
         545000	        53	800000b4	0d06e7b7	lui	x15,0xd06e	 x15=0x0d06e000
         555000	        54	800000b8	38378793	addi	x15,x15,899	 x15:0x0d06e000 x15=0x0d06e383
         565000	        55	800000bc	00f00813	addi	x16,x0,15	  x0:0x00000000 x16=0x0000000f
         575000	        56	800000c0	800008b7	lui	x17,0x80000	 x17=0x80000000
         585000	        57	800000c4	16e58937	lui	x18,0x16e58	 x18=0x16e58000
         595000	        58	800000c8	9bd90913	addi	x18,x18,-1603	 x18:0x16e58000 x18=0x16e579bd
         605000	        59	800000cc	00000993	addi	x19,x0,0	  x0:0x00000000 x19=0x00000000
         615000	        60	800000d0	fde0bab7	lui	x21,0xfde0b	 x21=0xfde0b000
         625000	        61	800000d4	12ba8a93	addi	x21,x21,299	 x21:0xfde0b000 x21=0xfde0b12b
         635000	        62	800000d8	f403fb37	lui	x22,0xf403f	 x22=0xf403f000
         645000	        63	800000dc	2ddb0b13	addi	x22,x22,733	 x22:0xf403f000 x22=0xf403f2dd
         655000	        64	800000e0	00000b93	addi	x23,x0,0	  x0:0x00000000 x23=0x00000000
         665000	        65	800000e4	00000c13	addi	x24,x0,0	  x0:0x00000000 x24=0x00000000
         675000	        66	800000e8	00200c93	addi	x25,x0,2	  x0:0x00000000 x25=0x00000002
         685000	        67	800000ec	80000d37	lui	x26,0x80000	 x26=0x80000000
         695000	        68	800000f0	f7501db7	lui	x27,0xf7501	 x27=0xf7501000
         705000	        69	800000f4	bd3d8d93	addi	x27,x27,-1069	 x27:0xf7501000 x27=0xf7500bd3
         715000	        70	800000f8	f1d1be37	lui	x28,0xf1d1b	 x28=0xf1d1b000
         725000	        71	800000fc	fc9e0e13	addi	x28,x28,-55	 x28:0xf1d1b000 x28=0xf1d1afc9
         735000	        72	80000100	00c00e93	addi	x29,x0,12	  x0:0x00000000 x29=0x0000000c
         745000	        73	80000104	00000f13	addi	x30,x0,0	  x0:0x00000000 x30=0x00000000
         755000	        74	80000108	f191ffb7	lui	x31,0xf191f	 x31=0xf191f000
         765000	        75	8000010c	562f8f93	addi	x31,x31,1378	 x31:0xf191f000 x31=0xf191f562
         775000	        76	80000110	0000aa17	auipc	x20,0xa	 x20=0x8000a10c
         785000	        77	80000114	e78a0a13	addi	x20,x20,-392	 x20:0x8000a10c x20=0x80009f84
         795000	        78	80000118	b7ba4713	xori	x14,x20,-1157	 x20:0x80009f84 x14=0x7fff64ff
         805000	        79	8000011c	00000013	addi	x0,x0,0	  x0:0x00000000
         815000	        80	80000120	d4010093	addi	x1,x2,-704	  x2:0xfc666a49  x1=0xfc666789
         825000	        81	80000124	00000013	addi	x0,x0,0	  x0:0x00000000
         835000	        82	80000128	008fd133	srl	x2,x31,x8	 x31:0xf191f562  x8:0x80009fc4  x2=0x0f191f56
         845000	        83	8000012c	0f729263	bne	x5,x23,80000210	  x5:0xad49846e x23:0x00000000
         855000	        84	00000000	00000013	addi	x0,x0,0	  x0:0x00000000
         865000	        85	8000020c	00000013	addi	x0,x0,0	  x0:0x00000000
         875000	        86	80000210	04ea0863	beq	x20,x14,80000260	 x20:0x80009f84 x14:0x7fff64ff
         885000	        87	80000214	00a68e63	beq	x13,x10,80000230	 x13:0x5bcb4ef6 x10:0x80000000
         895000	        88	80000218	5ef47693	andi	x13,x8,1519	  x8:0x80009fc4 x13=0x000005c4
         905000	        89	8000021c	00bdea63	bltu	x27,x11,80000230	 x27:0xf7500bd3 x11:0x00000004
         915000	        90	80000220	018a4a63	blt	x20,x24,80000234	 x20:0x80009f84 x24:0x00000000
         925000	        91	00000000	00000013	addi	x0,x0,0	  x0:0x00000000
         935000	        92	80000230	00000013	addi	x0,x0,0	  x0:0x00000000
         945000	        93	80000234	41260233	sub	x4,x12,x18	 x12:0xfa183899 x18:0x16e579bd  x4=0xe332bedc
         955000	        94	80000238	ad54f693	andi	x13,x9,-1323	  x9:0x00000000 x13=0x00000000
         965000	        95	8000023c	015e1493	slli	x9,x28,0x15	 x28:0xf1d1afc9  x9=0xf9200000
         975000	        96	80000240	97fb8293	addi	x5,x23,-1665	 x23:0x00000000  x5=0xfffff97f
         985000	        97	80000244	dae6c613	xori	x12,x13,-594	 x13:0x00000000 x12=0xfffffdae
         995000	        98	80000248	41065913	srai	x18,x12,0x10	 x12:0xfffffdae x18=0xffffffff
        1005000	        99	8000024c	007b9f33	sll	x30,x23,x7	 x23:0x00000000  x7:0x00000000 x30=0x00000000
        1015000	       100	80000250	b9ba4793	xori	x15,x20,-1125	 x20:0x80009f84 x15=0x7fff641f
        1025000	       101	80000254	01110333	add	x6,x2,x17	  x2:0x0f191f56 x17:0x80000000  x6=0x8f191f56
        1035000	       102	80000258	c27d6113	ori	x2,x26,-985	 x26:0x80000000  x2=0xfffffc27
        1045000	       103	8000025c	00609e63	bne	x1,x6,80000278	  x1:0xfc666789  x6:0x8f191f56
        1055000	       104	00000000	00000013	addi	x0,x0,0	  x0:0x00000000
        1065000	       105	80000274	00000013	addi	x0,x0,0	  x0:0x00000000
        1075000	       106	80000278	0743fc63	bgeu	x7,x20,800002f0	  x7:0x00000000 x20:0x80009f84
        1085000	       107	8000027c	0152f9b3	and	x19,x5,x21	  x5:0xfffff97f x21:0xfde0b12b x19=0xfde0b12b
        1095000	       108	80000280	01cd8533	add	x10,x27,x28	 x27:0xf7500bd3 x28:0xf1d1afc9 x10=0xe921bb9c
        1105000	       109	80000284	41a65913	srai	x18,x12,0x1a	 x12:0xfffffdae x18=0xffffffff
        1115000	       110	80000288	41725d13	srai	x26,x4,0x17	  x4:0xe332bedc x26=0xffffffc6
        1125000	       111	8000028c	f60e7037	lui	x0,0xf60e7	
        1135000	       112	80000290	419fdab3	sra	x21,x31,x25	 x31:0xf191f562 x25:0x00000002 x21=0xfc647d58
        1145000	       113	80000294	00000013	addi	x0,x0,0	  x0:0x00000000
        1155000	       114	80000298	d69f9cb7	lui	x25,0xd69f9	 x25=0xd69f9000
        1165000	       115	8000029c	00006397	auipc	x7,0x6	  x7=0x80006298
        1175000	       116	800002a0	b1c38393	addi	x7,x7,-1252	  x7:0x80006298  x7=0x80005db4
        1185000	       117	800002a4	013f5f33	srl	x30,x30,x19	 x30:0x00000000 x19:0xfde0b12b x30=0x00000000
        1195000	       118	800002a8	01ad2533	slt	x10,x26,x26	 x26:0xffffffc6 x26:0xffffffc6 x10=0x00000000
        1205000	       119	800002ac	01124933	xor	x18,x4,x17	  x4:0xe332bedc x17:0x80000000 x18=0x6332bedc
        1215000	       120	800002b0	5f9ce013	ori	x0,x25,1529	 x25:0xd69f9000
        1225000	       121	800002b4	41ddd213	srai	x4,x27,0x1d	 x27:0xf7500bd3  x4=0xffffffff
        1235000	       122	800002b8	cdf38393	addi	x7,x7,-801	  x7:0x80005db4  x7=0x80005a93
        1245000	       123	800002bc	415789b3	sub	x19,x15,x21	 x15:0x7fff641f x21:0xfc647d58 x19=0x839ae6c7
        1255000	       124	800002c0	322387e7	jalr	x15,x7,802	  x7:0x80005a93 x15=0x800002c0
        1265000	       125	00000000	00000013	addi	x0,x0,0	  x0:0x00000000
        1275000	       126	80005db4	00000013	addi	x0,x0,0	  x0:0x00000000
        1285000	       127	80005db8	00886333	or	x6,x16,x8	 x16:0x0000000f  x8:0x80009fc4  x6=0x80009fcf
        1295000	       128	80005dbc	014ba5b3	slt	x11,x23,x20	 x23:0x00000000 x20:0x80009f84 x11=0x00000000
        1305000	       129	80005dc0	fd8a0a13	addi	x20,x20,-40	 x20:0x80009f84 x20=0x80009f5c
        1315000	       130	80005dc4	00cf0eb3	add	x29,x30,x12	 x30:0x00000000 x12:0xfffffdae x29=0xfffffdae
        1325000	       131	80005dc8	41f85893	srai	x17,x16,0x1f	 x16:0x0000000f x17=0x00000000
        1335000	       132	80005dcc	00fa2223	sw	x15,4(x20)	 x20:0x80009f5c x15:0x800002c0 PA:0x80009f60
        1345000	       133	80005dd0	865c3513	sltiu	x10,x24,-1947	 x24:0x00000000 x10=0x00000001
        1355000	       134	80005dd4	014442b3	xor	x5,x8,x20	  x8:0x80009fc4 x20:0x80009f5c  x5=0x00000098
        1365000	       135	80005dd8	00936d33	or	x26,x6,x9	  x6:0x80009fcf  x9:0xf9200000 x26=0xf9209fcf
        1375000	       136	80005ddc	41005113	srai	x2,x0,0x10	  x0:0x00000000  x2=0x00000000
        1385000	       137	80005de0	ffffb497	auipc	x9,0xffffb	  x9=0x80000ddc
        1395000	       138	80005de4	77c48493	addi	x9,x9,1916	  x9:0x80000ddc  x9=0x80001558
        1405000	       139	80005de8	5dd59d97	auipc	x27,0x5dd59	 x27=0xddd5ede4
        1415000	       140	80005dec	f0648493	addi	x9,x9,-250	  x9:0x80001558  x9=0x8000145e
        1425000	       141	80005df0	005e9393	slli	x7,x29,0x5	 x29:0xfffffdae  x7=0xffffb5c0
        1435000	       142	80005df4	a873cc93	xori	x25,x7,-1401	  x7:0xffffb5c0 x25=0x00004f47
        1445000	       143	80005df8	0120f463	bgeu	x1,x18,80005e00	  x1:0xfc666789 x18:0x6332bedc
        1455000	       144	00000000	00000013	addi	x0,x0,0	  x0:0x00000000
        1465000	       145	80005dfc	00000013	addi	x0,x0,0	  x0:0x00000000
        1475000	       146	80005e00	0fa487e7	jalr	x15,x9,250	  x9:0x8000145e x15=0x80005e00
        1485000	       147	00000000	00000013	addi	x0,x0,0	  x0:0x00000000
        1495000	       148	80001558	00000013	addi	x0,x0,0	  x0:0x00000000
        1505000	       149	8000155c	01d24233	xor	x4,x4,x29	  x4:0xffffffff x29:0xfffffdae  x4=0x00000251
        1515000	       150	80001560	c7ed4993	xori	x19,x26,-898	 x26:0xf9209fcf x19=0x06df63b1
        1525000	       151	80001564	00d281b3	add	x3,x5,x13	  x5:0x00000098 x13:0x00000000  x3=0x00000098
        1535000	       152	80001568	01115c63	bge	x2,x17,80001580	  x2:0x00000000 x17:0x00000000
        1545000	       153	00000000	00000013	addi	x0,x0,0	  x0:0x00000000
        1555000	       154	8000157c	00000013	addi	x0,x0,0	  x0:0x00000000
        1565000	       155	80001580	fd0a0a13	addi	x20,x20,-48	 x20:0x80009f5c x20=0x80009f2c
        1575000	       156	80001584	40cd8033	sub	x0,x27,x12	 x27:0xddd5ede4 x12:0xfffffdae
        1585000	       157	80001588	00fa2223	sw	x15,4(x20)	 x20:0x80009f2c x15:0x80005e00 PA:0x80009f30
        1595000	       158	8000158c	0171c933	xor	x18,x3,x23	  x3:0x00000098 x23:0x00000000 x18=0x00000098
        1605000	       159	80001590	00007d17	auipc	x26,0x7	 x26=0x8000858c
        1615000	       160	80001594	bb7d0d13	addi	x26,x26,-1097	 x26:0x8000858c x26=0x80008143
        1625000	       161	80001598	019471b3	and	x3,x8,x25	  x8:0x80009fc4 x25:0x00004f47  x3=0x00000f44
        1635000	       162	8000159c	002d17a3	sh	x2,15(x26)	 x26:0x80008143  x2:0x00000000 PA:0x80008152
        1645000	       163	800015a0	010d0f03	lb	x30,16(x26)	 x26:0x80008143 x30=0x00000000 PA:0x80008153
        1655000	       164	800015a4	007d5003	lhu	x0,7(x26)	 x26:0x80008143 PA:0x8000814a
        1665000	       165	800015a8	fe7d0d23	sb	x7,-6(x26)	 x26:0x80008143  x7:0xffffb5c0 PA:0x8000813d
        1675000	       166	800015ac	013ee1b3	or	x3,x29,x19	 x29:0xfffffdae x19:0x06df63b1  x3=0xffffffbf
        1685000	       167	800015b0	41810f33	sub	x30,x2,x24	  x2:0x00000000 x24:0x00000000 x30=0x00000000
        1695000	       168	800015b4	003867b3	or	x15,x16,x3	 x16:0x0000000f  x3:0xffffffbf x15=0xffffffbf
        1705000	       169	800015b8	ffad4603	lbu	x12,-6(x26)	 x26:0x80008143 x12=0x000000c0 PA:0x8000813d
        1715000	       170	800015bc	ff5d5203	lhu	x4,-11(x26)	 x26:0x80008143  x4=0x00005979 PA:0x80008138
        1725000	       171	800015c0	00ad0b83	lb	x23,10(x26)	 x26:0x80008143 x23=0xffffffbe PA:0x8000814d
        1735000	       172	800015c4	007244b3	xor	x9,x4,x7	  x4:0x00005979  x7:0xffffb5c0  x9=0xffffecb9
        1745000	       173	800015c8	006d0503	lb	x10,6(x26)	 x26:0x80008143 x10=0x0000005a PA:0x80008149
        1755000	       174	800015cc	4086db13	srai	x22,x13,0x8	 x13:0x00000000 x22=0x00000000
        1765000	       175	800015d0	91197797	auipc	x15,0x91197	 x15=0x111985cc
        1775000	       176	800015d4	008d03a3	sb	x8,7(x26)	 x26:0x80008143  x8:0x80009fc4 PA:0x8000814a
        1785000	       177	800015d8	01519113	slli	x2,x3,0x15	  x3:0xffffffbf  x2=0xf7e00000
        1795000	       178	800015dc	00bd1c83	lh	x25,11(x26)	 x26:0x80008143 x25=0x00006ebb PA:0x8000814e
        1805000	       179	800015e0	fb3fb693	sltiu	x13,x31,-77	 x31:0xf191f562 x13=0x00000001
        1815000	       180	800015e4	4194de93	srai	x29,x9,0x19	  x9:0xffffecb9 x29=0xffffffff
        1825000	       181	800015e8	00bd0183	lb	x3,11(x26)	 x26:0x80008143  x3=0xffffffbb PA:0x8000814e
        1835000	       182	800015ec	ff9d0903	lb	x18,-7(x26)	 x26:0x80008143 x18=0x00000007 PA:0x8000813c
        1845000	       183	800015f0	4e68c313	xori	x6,x17,1254	 x17:0x00000000  x6=0x000004e6
        1855000	       184	800015f4	01ed0423	sb	x30,8(x26)	 x26:0x80008143 x30:0x00000000 PA:0x8000814b
        1865000	       185	800015f8	002d0983	lb	x19,2(x26)	 x26:0x80008143 x19=0x0000004c PA:0x80008145
        1875000	       186	800015fc	00fd5803	lhu	x16,15(x26)	 x26:0x80008143 x16=0x00000000 PA:0x80008152
        1885000	       187	80001600	ffad0103	lb	x2,-6(x26)	 x26:0x80008143  x2=0xffffffc0 PA:0x8000813d
        1895000	       188	80001604	7e37c813	xori	x16,x15,2019	 x15:0x111985cc x16=0x1119822f
        1905000	       189	80001608	000d02a3	sb	x0,5(x26)	 x26:0x80008143  x0:0x00000000 PA:0x80008148
        1915000	       190	8000160c	4084d893	srai	x17,x9,0x8	  x9:0xffffecb9 x17=0xffffffec
        1925000	       191	80001610	77ec8297	auipc	x5,0x77ec8	  x5=0xf7ec960c
        1935000	       192	80001614	ffdd1103	lh	x2,-3(x26)	 x26:0x80008143  x2=0xffffbeba PA:0x80008140
        1945000	       193	00000000	00000013	addi	x0,x0,0	  x0:0x00000000
        1955000	       194	80001618	002d0023	sb	x2,0(x26)	 x26:0x80008143  x2:0xffffbeba PA:0x80008143
        1965000	       195	8000161c	00bd4c03	lbu	x24,11(x26)	 x26:0x80008143 x24=0x000000bb PA:0x8000814e
        1975000	       196	80001620	00292933	slt	x18,x18,x2	 x18:0x00000007  x2:0xffffbeba x18=0x00000000
        1985000	       197	80001624	ff5d5d83	lhu	x27,-11(x26)	 x26:0x80008143 x27=0x00005979 PA:0x80008138
        1995000	       198	80001628	ffdd0803	lb	x16,-3(x26)	 x26:0x80008143 x16=0xffffffba PA:0x80008140
        2005000	       199	8000162c	01cd0823	sb	x28,16(x26)	 x26:0x80008143 x28:0xf1d1afc9 PA:0x80008153
        2015000	       200	80001630	c91ea893	slti	x17,x29,-879	 x29:0xffffffff x17=0x00000000
        2025000	       201	80001634	ff9d0f23	sb	x25,-2(x26)	 x26:0x80008143 x25:0x00006ebb PA:0x80008141
        2035000	       202	80001638	ff6d0303	lb	x6,-10(x26)	 x26:0x80008143  x6=0x00000059 PA:0x80008139
        2045000	       203	8000163c	00007697	auipc	x13,0x7	 x13=0x80008638
        2055000	       204	80001640	0d568693	addi	x13,x13,213	 x13:0x80008638 x13=0x8000870d
        2065000	       205	80001644	015688a3	sb	x21,17(x13)	 x13:0x8000870d x21:0xfc647d58 PA:0x8000871e
        2075000	       206	80001648	19440113	addi	x2,x8,404	  x8:0x80009fc4  x2=0x8000a158
        2085000	       207	8000164c	ff968d83	lb	x27,-7(x13)	 x13:0x8000870d x27=0x00000072 PA:0x80008706
        2095000	       208	80001650	fd668523	sb	x22,-54(x13)	 x13:0x8000870d x22:0x00000000 PA:0x800086d7
        2105000	       209	80001654	3e030813	addi	x16,x6,992	  x6:0x00000059 x16=0x00000439
        2115000	       210	80001658	00b61193	slli	x3,x12,0xb	 x12:0x000000c0  x3=0x00060000
        2125000	       211	8000165c	01268f23	sb	x18,30(x13)	 x13:0x8000870d x18:0x00000000 PA:0x8000872b
        2135000	       212	80001660	0c168083	lb	x1,193(x13)	 x13:0x8000870d  x1=0xffffffab PA:0x800087ce
        2145000	       213	80001664	937c8313	addi	x6,x25,-1737	 x25:0x00006ebb  x6=0x000067f2
        2155000	       214	80001668	617e4213	xori	x4,x28,1559	 x28:0xf1d1afc9  x4=0xf1d1a9de
        2165000	       215	8000166c	f38699a3	sh	x24,-205(x13)	 x13:0x8000870d x24:0x000000bb PA:0x80008640
        2175000	       216	80001670	fdc68283	lb	x5,-36(x13)	 x13:0x8000870d  x5=0xfffffff1 PA:0x800086e9
        2185000	       217	80001674	00145e93	srli	x29,x8,0x1	  x8:0x80009fc4 x29=0x40004fe2
        2195000	       218	80001678	0043dc93	srli	x25,x7,0x4	  x7:0xffffb5c0 x25=0x0ffffb5c
        2205000	       219	8000167c	f686c983	lbu	x19,-152(x13)	 x13:0x8000870d x19=0x00000047 PA:0x80008675
        2215000	       220	80001680	014f30b3	sltu	x1,x30,x20	 x30:0x00000000 x20:0x80009f2c  x1=0x00000001
        2225000	       221	80001684	0ff699a3	sh	x31,243(x13)	 x13:0x8000870d x31:0xf191f562 PA:0x80008800
        2235000	       222	80001688	f7d6d803	lhu	x16,-131(x13)	 x13:0x8000870d x16=0x0000fbb3 PA:0x8000868a
        2245000	       223	8000168c	41a258b3	sra	x17,x4,x26	  x4:0xf1d1a9de x26:0x80008143 x17=0xfe3a353b
        2255000	       224	80001690	01d38133	add	x2,x7,x29	  x7:0xffffb5c0 x29:0x40004fe2  x2=0x400005a2
        2265000	       225	80001694	0256c103	lbu	x2,37(x13)	 x13:0x8000870d  x2=0x00000017 PA:0x80008732
        2275000	       226	80001698	41a00233	sub	x4,x0,x26	  x0:0x00000000 x26:0x80008143  x4=0x7fff7ebd
        2285000	       227	8000169c	40235393	srai	x7,x6,0x2	  x6:0x000067f2  x7=0x000019fc
        2295000	       228	800016a0	00d04d33	xor	x26,x0,x13	  x0:0x00000000 x13:0x8000870d x26=0x8000870d
        2305000	       229	800016a4	00cef5b3	and	x11,x29,x12	 x29:0x40004fe2 x12:0x000000c0 x11=0x000000c0
        2315000	       230	800016a8	fb968d83	lb	x27,-71(x13)	 x13:0x8000870d x27=0x00000061 PA:0x800086c6
        2325000	       231	800016ac	f676c283	lbu	x5,-153(x13)	 x13:0x8000870d  x5=0x00000040 PA:0x80008674
        2335000	       232	800016b0	f8768803	lb	x16,-121(x13)	 x13:0x8000870d x16=0x00000018 PA:0x80008694
        2345000	       233	800016b4	01c67f33	and	x30,x12,x28	 x12:0x000000c0 x28:0xf1d1afc9 x30=0x000000c0
        2355000	       234	800016b8	21d15d97	auipc	x27,0x21d15	 x27=0xa1d166b4
        2365000	       235	800016bc	01a2d2b3	srl	x5,x5,x26	  x5:0x00000040 x26:0x8000870d  x5=0x00000000
        2375000	       236	800016c0	00000013	addi	x0,x0,0	  x0:0x00000000
        2385000	       237	800016c4	0096f733	and	x14,x13,x9	 x13:0x8000870d  x9:0xffffecb9 x14=0x80008409
        2395000	       238	800016c8	f3d68283	lb	x5,-195(x13)	 x13:0x8000870d  x5=0xffffffa7 PA:0x8000864a
        2405000	       239	800016cc	0c468da3	sb	x4,219(x13)	 x13:0x8000870d  x4:0x7fff7ebd PA:0x800087e8
        2415000	       240	800016d0	01c91d13	slli	x26,x18,0x1c	 x18:0x00000000 x26=0x00000000
        2425000	       241	800016d4	00337033	and	x0,x6,x3	  x6:0x000067f2  x3:0x00060000
        2435000	       242	800016d8	00d5b033	sltu	x0,x11,x13	 x11:0x000000c0 x13:0x8000870d
        2445000	       243	800016dc	794d7113	andi	x2,x26,1940	 x26:0x00000000  x2=0x00000000
        2455000	       244	800016e0	f856d083	lhu	x1,-123(x13)	 x13:0x8000870d  x1=0x00008524 PA:0x80008692
        2465000	       245	800016e4	00d5a7b3	slt	x15,x11,x13	 x11:0x000000c0 x13:0x8000870d x15=0x00000000
        2475000	       246	800016e8	0134d313	srli	x6,x9,0x13	  x9:0xffffecb9  x6=0x00001fff
        2485000	       247	800016ec	f8b68f83	lb	x31,-117(x13)	 x13:0x8000870d x31=0x0000004e PA:0x80008698
        2495000	       248	800016f0	e6d86013	ori	x0,x16,-403	 x16:0x00000018
        2505000	       249	800016f4	42620813	addi	x16,x4,1062	  x4:0x7fff7ebd x16=0x7fff82e3
        2515000	       250	800016f8	9b547937	lui	x18,0x9b547	 x18=0x9b547000
        2525000	       251	800016fc	007c9013	slli	x0,x25,0x7	 x25:0x0ffffb5c
        2535000	       252	80001700	4db12013	slti	x0,x2,1243	  x2:0x00000000
        2545000	       253	80001704	d29c0f93	addi	x31,x24,-727	 x24:0x000000bb x31=0xfffffde4
        2555000	       254	80001708	41d55b93	srai	x23,x10,0x1d	 x10:0x0000005a x23=0x00000000
        2565000	       255	8000170c	0083f8b3	and	x17,x7,x8	  x7:0x000019fc  x8:0x80009fc4 x17=0x000019c4
        2575000	       256	80001710	00665e63	bge	x12,x6,8000172c	 x12:0x000000c0  x6:0x00001fff
        2585000	       257	80001714	01edd313	srli	x6,x27,0x1e	 x27:0xa1d166b4  x6=0x00000002
        2595000	       258	80001718	570e8813	addi	x16,x29,1392	 x29:0x40004fe2 x16=0x40005552
        2605000	       259	8000171c	00000013	addi	x0,x0,0	  x0:0x00000000
        2615000	       260	80001720	f173ec13	ori	x24,x7,-233	  x7:0x000019fc x24=0xffffffff
        2625000	       261	80001724	002fbc33	sltu	x24,x31,x2	 x31:0xfffffde4  x2:0x00000000 x24=0x00000000
        2635000	       262	80001728	01849c93	slli	x25,x9,0x18	  x9:0xffffecb9 x25=0xb9000000
        2645000	       263	8000172c	40865d93	srai	x27,x12,0x8	 x12:0x000000c0 x27=0x00000000
        2655000	       264	80001730	71ab2613	slti	x12,x22,1818	 x22:0x00000000 x12=0x00000001
        2665000	       265	80001734	6a00ec97	auipc	x25,0x6a00e	 x25=0xea00f730
        2675000	       266	80001738	0867e113	ori	x2,x15,134	 x15:0x00000000  x2=0x00000086
        2685000	       267	8000173c	5728bf97	auipc	x31,0x5728b	 x31=0xd728c738
        2695000	       268	80001740	522e2113	slti	x2,x28,1314	 x28:0xf1d1afc9  x2=0x00000001
        2705000	       269	80001744	00865463	bge	x12,x8,8000174c	 x12:0x00000001  x8:0x80009fc4
        2715000	       270	00000000	00000013	addi	x0,x0,0	  x0:0x00000000
        2725000	       271	80001748	00000013	addi	x0,x0,0	  x0:0x00000000
        2735000	       272	8000174c	401984b3	sub	x9,x19,x1	 x19:0x00000047  x1:0x00008524  x9=0xffff7b23
        2745000	       273	80001750	779fb693	sltiu	x13,x31,1913	 x31:0xd728c738 x13=0x00000000
        2755000	       274	80001754	0387f863	bgeu	x15,x24,80001784	 x15:0x00000000 x24:0x00000000
        2765000	       275	00000000	00000013	addi	x0,x0,0	  x0:0x00000000
        2775000	       276	80001780	00000013	addi	x0,x0,0	  x0:0x00000000
        2785000	       277	80001784	011dcfb3	xor	x31,x27,x17	 x27:0x00000000 x17:0x000019c4 x31=0x000019c4
        2795000	       278	80001788	4147d233	sra	x4,x15,x20	 x15:0x00000000 x20:0x80009f2c  x4=0x00000000
        2805000	       279	8000178c	00cf11b3	sll	x3,x30,x12	 x30:0x000000c0 x12:0x00000001  x3=0x00000180
        2815000	       280	80001790	0feaf063	bgeu	x21,x30,80001870	 x21:0xfc647d58 x30:0x000000c0
        2825000	       281	00000000	00000013	addi	x0,x0,0	  x0:0x00000000
        2835000	       282	8000186c	00000013	addi	x0,x0,0	  x0:0x00000000
        2845000	       283	80001870	00c80233	add	x4,x16,x12	 x16:0x40005552 x12:0x00000001  x4=0x40005553
        2855000	       284	80001874	0337d063	bge	x15,x19,80001894	 x15:0x00000000 x19:0x00000047
        2865000	       285	80001878	0124b6b3	sltu	x13,x9,x18	  x9:0xffff7b23 x18:0x9b547000 x13=0x00000000
        2875000	       286	8000187c	016a7333	and	x6,x20,x22	 x20:0x80009f2c x22:0x00000000  x6=0x00000000
        2885000	       287	80001880	1ef2f113	andi	x2,x5,495	  x5:0xffffffa7  x2=0x000001a7
        2895000	       288	80001884	062e0bb7	lui	x23,0x62e0	 x23=0x062e0000
        2905000	       289	80001888	00326c63	bltu	x4,x3,800018a0	  x4:0x40005553  x3:0x00000180
        2915000	       290	8000188c	9999bc13	sltiu	x24,x19,-1639	 x19:0x00000047 x24=0x00000001
        2925000	       291	80001890	0072e1b3	or	x3,x5,x7	  x5:0xffffffa7  x7:0x000019fc  x3=0xffffffff
        2935000	       292	80001894	05041863	bne	x8,x16,800018e4	  x8:0x80009fc4 x16:0x40005552
        2945000	       293	00000000	00000013	addi	x0,x0,0	  x0:0x00000000
        2955000	       294	800018e0	00000013	addi	x0,x0,0	  x0:0x00000000
        2965000	       295	800018e4	00000013	addi	x0,x0,0	  x0:0x00000000
        2975000	       296	800018e8	003aa9b3	slt	x19,x21,x3	 x21:0xfc647d58  x3:0xffffffff x19=0x00000001
        2985000	       297	800018ec	3af16b93	ori	x23,x2,943	  x2:0x000001a7 x23=0x000003af
        2995000	       298	800018f0	40125113	srai	x2,x4,0x1	  x4:0x40005553  x2=0x20002aa9
        3005000	       299	800018f4	0000dc33	srl	x24,x1,x0	  x1:0x00008524  x0:0x00000000 x24=0x00008524
        3015000	       300	800018f8	00000013	addi	x0,x0,0	  x0:0x00000000
        3025000	       301	800018fc	010193b3	sll	x7,x3,x16	  x3:0xffffffff x16:0x40005552  x7=0xfffc0000
        3035000	       302	80001900	76697513	andi	x10,x18,1894	 x18:0x9b547000 x10=0x00000000
        3045000	       303	80001904	9c6143b7	lui	x7,0x9c614	  x7=0x9c614000
        3055000	       304	80001908	bfe8ee93	ori	x29,x17,-1026	 x17:0x000019c4 x29=0xfffffbfe
        3065000	       305	8000190c	8bdbf713	andi	x14,x23,-1859	 x23:0x000003af x14=0x000000ad
        3075000	       306	80001910	05b89463	bne	x17,x27,80001958	 x17:0x000019c4 x27:0x00000000
        3085000	       307	00000000	00000013	addi	x0,x0,0	  x0:0x00000000
        3095000	       308	80001954	00000013	addi	x0,x0,0	  x0:0x00000000
        3105000	       309	80001958	014a1913	slli	x18,x20,0x14	 x20:0x80009f2c x18=0xf2c00000
        3115000	       310	8000195c	01308f33	add	x30,x1,x19	  x1:0x00008524 x19:0x00000001 x30=0x00008525
        3125000	       311	80001960	009b9c33	sll	x24,x23,x9	 x23:0x000003af  x9:0xffff7b23 x24=0x00001d78
        3135000	       312	80001964	5b50e693	ori	x13,x1,1461	  x1:0x00008524 x13=0x000085b5
        3145000	       313	80001968	3aba2637	lui	x12,0x3aba2	 x12=0x3aba2000
        3155000	       314	8000196c	40335213	srai	x4,x6,0x3	  x6:0x00000000  x4=0x00000000
        3165000	       315	80001970	0194db33	srl	x22,x9,x25	  x9:0xffff7b23 x25:0xea00f730 x22=0x0000ffff
        3175000	       316	80001974	00000013	addi	x0,x0,0	  x0:0x00000000
        3185000	       317	80001978	04c91863	bne	x18,x12,800019c8	 x18:0xf2c00000 x12:0x3aba2000
        3195000	       318	00000000	00000013	addi	x0,x0,0	  x0:0x00000000
        3205000	       319	800019c4	00000013	addi	x0,x0,0	  x0:0x00000000
        3215000	       320	800019c8	c7f6cd97	auipc	x27,0xc7f6c	 x27=0x47f6d9c4
        3225000	       321	800019cc	02f94463	blt	x18,x15,800019f4	 x18:0xf2c00000 x15:0x00000000
        3235000	       322	00000000	00000013	addi	x0,x0,0	  x0:0x00000000
        3245000	       323	800019f0	00000013	addi	x0,x0,0	  x0:0x00000000
        3255000	       324	800019f4	01ae1593	slli	x11,x28,0x1a	 x28:0xf1d1afc9 x11=0x24000000
        3265000	       325	800019f8	4ffda493	slti	x9,x27,1279	 x27:0x47f6d9c4  x9=0x00000000
        3275000	       326	800019fc	18f76b93	ori	x23,x14,399	 x14:0x000000ad x23=0x000001af
        3285000	       327	80001a00	01229a63	bne	x5,x18,80001a14	  x5:0xffffffa7 x18:0xf2c00000
        3295000	       328	00000000	00000013	addi	x0,x0,0	  x0:0x00000000
        3305000	       329	80001a10	00000013	addi	x0,x0,0	  x0:0x00000000
        3315000	       330	80001a14	014a6c33	or	x24,x20,x20	 x20:0x80009f2c x20:0x80009f2c x24=0x80009f2c
        3325000	       331	80001a18	2566f793	andi	x15,x13,598	 x13:0x000085b5 x15=0x00000014
        3335000	       332	80001a1c	35146f13	ori	x30,x8,849	  x8:0x80009fc4 x30=0x80009fd5
        3345000	       333	80001a20	017394b3	sll	x9,x7,x23	  x7:0x9c614000 x23:0x000001af  x9=0xa0000000
        3355000	       334	80001a24	16a02b13	slti	x22,x0,362	  x0:0x00000000 x22=0x00000001
        3365000	       335	80001a28	0784d663	bge	x9,x24,80001a94	  x9:0xa0000000 x24:0x80009f2c
        3375000	       336	00000000	00000013	addi	x0,x0,0	  x0:0x00000000
        3385000	       337	80001a90	00000013	addi	x0,x0,0	  x0:0x00000000
        3395000	       338	80001a94	03668663	beq	x13,x22,80001ac0	 x13:0x000085b5 x22:0x00000001
        3405000	       339	80001a98	4c78fdb7	lui	x27,0x4c78f	 x27=0x4c78f000
        3415000	       340	80001a9c	39646193	ori	x3,x8,918	  x8:0x80009fc4  x3=0x80009fd6
        3425000	       341	80001aa0	a45f0997	auipc	x19,0xa45f0	 x19=0x245f1a9c
        3435000	       342	80001aa4	00000013	addi	x0,x0,0	  x0:0x00000000
        3445000	       343	80001aa8	010d4263	blt	x26,x16,80001aac	 x26:0x00000000 x16:0x40005552
        3455000	       344	00000000	00000013	addi	x0,x0,0	  x0:0x00000000
        3465000	       345	80001aa8	00000013	addi	x0,x0,0	  x0:0x00000000
        3475000	       346	80001aac	05929863	bne	x5,x25,80001afc	  x5:0xffffffa7 x25:0xea00f730
        3485000	       347	00000000	00000013	addi	x0,x0,0	  x0:0x00000000
        3495000	       348	80001af8	00000013	addi	x0,x0,0	  x0:0x00000000
        3505000	       349	80001afc	4159da93	srai	x21,x19,0x15	 x19:0x245f1a9c x21=0x00000122
        3515000	       350	80001b00	8978fe93	andi	x29,x17,-1897	 x17:0x000019c4 x29=0x00001884
        3525000	       351	80001b04	69e0f213	andi	x4,x1,1694	  x1:0x00008524  x4=0x00000404
        3535000	       352	80001b08	0013fe63	bgeu	x7,x1,80001b24	  x7:0x9c614000  x1:0x00008524
        3545000	       353	00000000	00000013	addi	x0,x0,0	  x0:0x00000000
        3555000	       354	80001b20	00000013	addi	x0,x0,0	  x0:0x00000000
        3565000	       355	80001b24	5b6d8093	addi	x1,x27,1462	 x27:0x4c78f000  x1=0x4c78f5b6
        3575000	       356	80001b28	0130ffb3	and	x31,x1,x19	  x1:0x4c78f5b6 x19:0x245f1a9c x31=0x04581094
        3585000	       357	80001b2c	0086d513	srli	x10,x13,0x8	 x13:0x000085b5 x10=0x00000085
        3595000	       358	80001b30	b7e98513	addi	x10,x19,-1154	 x19:0x245f1a9c x10=0x245f161a
        3605000	       359	80001b34	013cc8b3	xor	x17,x25,x19	 x25:0xea00f730 x19:0x245f1a9c x17=0xce5fedac
        3615000	       360	80001b38	41095893	srai	x17,x18,0x10	 x18:0xf2c00000 x17=0xfffff2c0
        3625000	       361	80001b3c	00575d13	srli	x26,x14,0x5	 x14:0x000000ad x26=0x00000005
        3635000	       362	80001b40	00ab7633	and	x12,x22,x10	 x22:0x00000001 x10:0x245f161a x12=0x00000000
        3645000	       363	80001b44	5ea94713	xori	x14,x18,1514	 x18:0xf2c00000 x14=0xf2c005ea
        3655000	       364	80001b48	00efabb3	slt	x23,x31,x14	 x31:0x04581094 x14:0xf2c005ea x23=0x00000000
        3665000	       365	80001b4c	005027ef	jal	x15,80001b4c	 x15=0x80001b4c
        3675000	       366	00000000	00000013	addi	x0,x0,0	  x0:0x00000000
        3685000	       367	8000434c	00000013	addi	x0,x0,0	  x0:0x00000000
        3695000	       368	80004350	efb6ce97	auipc	x29,0xefb6c	 x29=0x6fb7034c
        3705000	       369	80004354	00791c63	bne	x18,x7,8000436c	 x18:0xf2c00000  x7:0x9c614000
        3715000	       370	00000000	00000013	addi	x0,x0,0	  x0:0x00000000
        3725000	       371	80004368	00000013	addi	x0,x0,0	  x0:0x00000000
        3735000	       372	8000436c	fc4a0a13	addi	x20,x20,-60	 x20:0x80009f2c x20=0x80009ef0
        3745000	       373	80004370	008ae4b3	or	x9,x21,x8	 x21:0x00000122  x8:0x80009fc4  x9=0x80009fe6
        3755000	       374	80004374	00fa2223	sw	x15,4(x20)	 x20:0x80009ef0 x15:0x80001b4c PA:0x80009ef4
        3765000	       375	80004378	0110ed33	or	x26,x1,x17	  x1:0x4c78f5b6 x17:0xfffff2c0 x26=0xfffff7f6
        3775000	       376	8000437c	01fd43b3	xor	x7,x26,x31	 x26:0xfffff7f6 x31:0x04581094  x7=0xfba7e762
        3785000	       377	80004380	00004117	auipc	x2,0x4	  x2=0x8000837c
        3795000	       378	80004384	47910113	addi	x2,x2,1145	  x2:0x8000837c  x2=0x800087f5
        3805000	       379	80004388	00000013	addi	x0,x0,0	  x0:0x00000000
        3815000	       380	8000438c	b6d10523	sb	x13,-1174(x2)	  x2:0x800087f5 x13:0x000085b5 PA:0x8000835f
        3825000	       381	80004390	13fa2313	slti	x6,x20,319	 x20:0x80009ef0  x6=0x00000001
        3835000	       382	80004394	2e78f093	andi	x1,x17,743	 x17:0xfffff2c0  x1=0x000002c0
        3845000	       383	80004398	8bb10823	sb	x27,-1872(x2)	  x2:0x800087f5 x27:0x4c78f000 PA:0x800080a5
        3855000	       384	8000439c	997103a3	sb	x23,-1657(x2)	  x2:0x800087f5 x23:0x00000000 PA:0x8000817c
        3865000	       385	800043a0	b8510e23	sb	x5,-1124(x2)	  x2:0x800087f5  x5:0xffffffa7 PA:0x80008391
        3875000	       386	800043a4	bf410c03	lb	x24,-1036(x2)	  x2:0x800087f5 x24=0xffffffab PA:0x800083e9
        3885000	       387	800043a8	b8b12583	lw	x11,-1141(x2)	  x2:0x800087f5 x11=0xa30160f0 PA:0x80008380
        3895000	       388	800043ac	cae10983	lb	x19,-850(x2)	  x2:0x800087f5 x19=0x0000004c PA:0x800084a3
        3905000	       389	800043b0	019a2533	slt	x10,x20,x25	 x20:0x80009ef0 x25:0xea00f730 x10=0x00000001
        3915000	       390	800043b4	00000013	addi	x0,x0,0	  x0:0x00000000
        3925000	       391	800043b8	a1e14883	lbu	x17,-1506(x2)	  x2:0x800087f5 x17=0x00000092 PA:0x80008213
        3935000	       392	800043bc	01a69d33	sll	x26,x13,x26	 x13:0x000085b5 x26:0xfffff7f6 x26=0x6d400000
        3945000	       393	800043c0	e7b10783	lb	x15,-389(x2)	  x2:0x800087f5 x15=0x0000003e PA:0x80008670
        3955000	       394	800043c4	e45a8017	auipc	x0,0xe45a8	
        3965000	       395	800043c8	570c8593	addi	x11,x25,1392	 x25:0xea00f730 x11=0xea00fca0
        3975000	       396	800043cc	ad53b013	sltiu	x0,x7,-1323	  x7:0xfba7e762
        3985000	       397	800043d0	8fa14f03	lbu	x30,-1798(x2)	  x2:0x800087f5 x30=0x000000a2 PA:0x800080ef
        3995000	       398	800043d4	bda14603	lbu	x12,-1062(x2)	  x2:0x800087f5 x12=0x0000006b PA:0x800083cf
        4005000	       399	800043d8	d4610303	lb	x6,-698(x2)	  x2:0x800087f5  x6=0x00000011 PA:0x8000853b
        4015000	       400	00000000	00000013	addi	x0,x0,0	  x0:0x00000000
        4025000	       401	800043dc	45a34537	lui	x10,0x45a34	 x10=0x45a34000
        4035000	       402	800043e0	b4110303	lb	x6,-1215(x2)	  x2:0x800087f5  x6=0xffffff9e PA:0x80008336
        4045000	       403	800043e4	8b210f83	lb	x31,-1870(x2)	  x2:0x800087f5 x31=0x00000020 PA:0x800080a7
        4055000	       404	800043e8	00810223	sb	x8,4(x2)	  x2:0x800087f5  x8:0x80009fc4 PA:0x800087f9
        4065000	       405	800043ec	fcd11583	lh	x11,-51(x2)	  x2:0x800087f5 x11=0x000070a6 PA:0x800087c2
        4075000	       406	800043f0	418e5c93	srai	x25,x28,0x18	 x28:0xf1d1afc9 x25=0xfffffff1
        4085000	       407	800043f4	7669f393	andi	x7,x19,1894	 x19:0x0000004c  x7=0x00000044
        4095000	       408	800043f8	9f612ba3	sw	x22,-1545(x2)	  x2:0x800087f5 x22:0x00000001 PA:0x800081ec
        4105000	       409	800043fc	41e607b3	sub	x15,x12,x30	 x12:0x0000006b x30:0x000000a2 x15=0xffffffc9
        4115000	       410	80004400	016a1513	slli	x10,x20,0x16	 x20:0x80009ef0 x10=0xbc000000
        4125000	       411	80004404	f6300d13	addi	x26,x0,-157	  x0:0x00000000 x26=0xffffff63
        4135000	       412	80004408	ee712803	lw	x16,-281(x2)	  x2:0x800087f5 x16=0xd400d9fd PA:0x800086dc
        4145000	       413	8000440c	a5e10c83	lb	x25,-1442(x2)	  x2:0x800087f5 x25=0xffffffa8 PA:0x80008253
        4155000	       414	80004410	c3510283	lb	x5,-971(x2)	  x2:0x800087f5  x5=0x00000007 PA:0x8000842a
        4165000	       415	80004414	76e67017	auipc	x0,0x76e67	
        4175000	       416	80004418	40dc8533	sub	x10,x25,x13	 x25:0xffffffa8 x13:0x000085b5 x10=0xffff79f3
        4185000	       417	8000441c	00d4d333	srl	x6,x9,x13	  x9:0x80009fe6 x13:0x000085b5  x6=0x00000400
        4195000	       418	80004420	01789293	slli	x5,x17,0x17	 x17:0x00000092  x5=0x49000000
        4205000	       419	80004424	004b55b3	srl	x11,x22,x4	 x22:0x00000001  x4:0x00000404 x11=0x00000000
        4215000	       420	80004428	009cf3b3	and	x7,x25,x9	 x25:0xffffffa8  x9:0x80009fe6  x7=0x80009fa0
        4225000	       421	8000442c	017ee1b3	or	x3,x29,x23	 x29:0x6fb7034c x23:0x00000000  x3=0x6fb7034c
        4235000	       422	80004430	8a091d97	auipc	x27,0x8a091	 x27=0x0a09542c
        4245000	       423	80004434	00eb54b3	srl	x9,x22,x14	 x22:0x00000001 x14:0xf2c005ea  x9=0x00000000
        4255000	       424	80004438	acb10323	sb	x11,-1338(x2)	  x2:0x800087f5 x11:0x00000000 PA:0x800082bb
        4265000	       425	8000443c	00005c17	auipc	x24,0x5	 x24=0x80009438
        4275000	       426	80004440	954c0c13	addi	x24,x24,-1708	 x24:0x80009438 x24=0x80008d8c
        4285000	       427	80004444	060c2503	lw	x10,96(x24)	 x24:0x80008d8c x10=0xf0e53b02 PA:0x80008dec
        4295000	       428	80004448	01d95193	srli	x3,x18,0x1d	 x18:0xf2c00000  x3=0x00000007
        4305000	       429	8000444c	f33c4883	lbu	x17,-205(x24)	 x24:0x80008d8c x17=0x000000fa PA:0x80008cbf
        4315000	       430	80004450	cfb17893	andi	x17,x2,-773	  x2:0x800087f5 x17=0x800084f1
        4325000	       431	80004454	fe3c4283	lbu	x5,-29(x24)	 x24:0x80008d8c  x5=0x00000015 PA:0x80008d6f
        4335000	       432	80004458	013f1fb3	sll	x31,x30,x19	 x30:0x000000a2 x19:0x0000004c x31=0x000a2000
        4345000	       433	8000445c	01de9313	slli	x6,x29,0x1d	 x29:0x6fb7034c  x6=0x80000000
        4355000	       434	80004460	f3bc4083	lbu	x1,-197(x24)	 x24:0x80008d8c  x1=0x000000ee PA:0x80008cc7
        4365000	       435	80004464	00000013	addi	x0,x0,0	  x0:0x00000000
        4375000	       436	80004468	055c4f03	lbu	x30,85(x24)	 x24:0x80008d8c x30=0x0000000f PA:0x80008de1
        4385000	       437	8000446c	f30c5d03	lhu	x26,-208(x24)	 x24:0x80008d8c x26=0x00005f93 PA:0x80008cbc
        4395000	       438	80004470	40a40833	sub	x16,x8,x10	  x8:0x80009fc4 x10:0xf0e53b02 x16=0x8f1b64c2
        4405000	       439	80004474	402fd6b3	sra	x13,x31,x2	 x31:0x000a2000  x2:0x800087f5 x13=0x00000000
        4415000	       440	80004478	01b9ecb3	or	x25,x19,x27	 x19:0x0000004c x27:0x0a09542c x25=0x0a09546c
        4425000	       441	8000447c	016c97b3	sll	x15,x25,x22	 x25:0x0a09546c x22:0x00000001 x15=0x1412a8d8
        4435000	       442	80004480	5537ac93	slti	x25,x15,1363	 x15:0x1412a8d8 x25=0x00000000
        4445000	       443	80004484	eefc40b7	lui	x1,0xeefc4	  x1=0xeefc4000
        4455000	       444	80004488	01f884b3	add	x9,x17,x31	 x17:0x800084f1 x31:0x000a2000  x9=0x800aa4f1
        4465000	       445	8000448c	00406233	or	x4,x0,x4	  x0:0x00000000  x4:0x00000404  x4=0x00000404
        4475000	       446	80004490	fb4c0fa3	sb	x20,-65(x24)	 x24:0x80008d8c x20:0x80009ef0 PA:0x80008d4b
        4485000	       447	80004494	120c3f13	sltiu	x30,x24,288	 x24:0x80008d8c x30=0x00000000
        4495000	       448	80004498	3837b913	sltiu	x18,x15,899	 x15:0x1412a8d8 x18=0x00000000
        4505000	       449	8000449c	41773613	sltiu	x12,x14,1047	 x14:0xf2c005ea x12=0x00000000
        4515000	       450	800044a0	47a550b7	lui	x1,0x47a55	  x1=0x47a55000
        4525000	       451	800044a4	d5336d13	ori	x26,x6,-685	  x6:0x80000000 x26=0xfffffd53
        4535000	       452	800044a8	05cc5f83	lhu	x31,92(x24)	 x24:0x80008d8c x31=0x00008bab PA:0x80008de8
        4545000	       453	800044ac	d2547993	andi	x19,x8,-731	  x8:0x80009fc4 x19=0x80009d04
        4555000	       454	800044b0	09bc1e23	sh	x27,156(x24)	 x24:0x80008d8c x27:0x0a09542c PA:0x80008e28
        4565000	       455	800044b4	01f3c4b3	xor	x9,x7,x31	  x7:0x80009fa0 x31:0x00008bab  x9=0x8000140b
        4575000	       456	800044b8	f25c1f23	sh	x5,-194(x24)	 x24:0x80008d8c  x5:0x00000015 PA:0x80008cca
        4585000	       457	800044bc	404ede93	srai	x29,x29,0x4	 x29:0x6fb7034c x29=0x06fb7034
        4595000	       458	800044c0	0ddc05a3	sb	x29,203(x24)	 x24:0x80008d8c x29:0x06fb7034 PA:0x80008e57
        4605000	       459	800044c4	f0cc1b03	lh	x22,-244(x24)	 x24:0x80008d8c x22=0xffffae2c PA:0x80008c98
        4615000	       460	800044c8	f10e7e93	andi	x29,x28,-240	 x28:0xf1d1afc9 x29=0xf1d1af00
        4625000	       461	800044cc	40af5533	sra	x10,x30,x10	 x30:0x00000000 x10:0xf0e53b02 x10=0x00000000
        4635000	       462	800044d0	018c2f03	lw	x30,24(x24)	 x24:0x80008d8c x30=0x9e6bc2ba PA:0x80008da4
        4645000	       463	800044d4	f33c0903	lb	x18,-205(x24)	 x24:0x80008d8c x18=0xfffffffa PA:0x80008cbf
        4655000	       464	800044d8	40ffd613	srai	x12,x31,0xf	 x31:0x00008bab x12=0x00000001
        4665000	       465	800044dc	041c0883	lb	x17,65(x24)	 x24:0x80008d8c x17=0xffffff83 PA:0x80008dcd
        4675000	       466	800044e0	0fec0083	lb	x1,254(x24)	 x24:0x80008d8c  x1=0x0000005c PA:0x80008e8a
        4685000	       467	800044e4	97ac7f93	andi	x31,x24,-1670	 x24:0x80008d8c x31=0x80008908
        4695000	       468	800044e8	f22c0d03	lb	x26,-222(x24)	 x24:0x80008d8c x26=0x00000035 PA:0x80008cae
        4705000	       469	800044ec	fbdc1c23	sh	x29,-72(x24)	 x24:0x80008d8c x29:0xf1d1af00 PA:0x80008d44
        4715000	       470	800044f0	02ac4683	lbu	x13,42(x24)	 x24:0x80008d8c x13=0x00000020 PA:0x80008db6
        4725000	       471	800044f4	0aac4903	lbu	x18,170(x24)	 x24:0x80008d8c x18=0x000000bc PA:0x80008e36
        4735000	       472	800044f8	f48c03a3	sb	x8,-185(x24)	 x24:0x80008d8c  x8:0x80009fc4 PA:0x80008cd3
        4745000	       473	800044fc	00004117	auipc	x2,0x4	  x2=0x800084f8
        4755000	       474	80004500	cb210113	addi	x2,x2,-846	  x2:0x800084f8  x2=0x800081aa
        4765000	       475	80004504	011bd1b3	srl	x3,x23,x17	 x23:0x00000000 x17:0xffffff83  x3=0x00000000
        4775000	       476	80004508	31b80093	addi	x1,x16,795	 x16:0x8f1b64c2  x1=0x8f1b67dd
        4785000	       477	8000450c	1917ae93	slti	x29,x15,401	 x15:0x1412a8d8 x29=0x00000000
        4795000	       478	80004510	fd310003	lb	x0,-45(x2)	  x2:0x800081aa PA:0x8000817d
        4805000	       479	80004514	39772813	slti	x16,x14,919	 x14:0xf2c005ea x16=0x00000001
        4815000	       480	80004518	f3ee3fb7	lui	x31,0xf3ee3	 x31=0xf3ee3000
        4825000	       481	8000451c	02610603	lb	x12,38(x2)	  x2:0x800081aa x12=0xffffff8e PA:0x800081d0
        4835000	       482	80004520	0bdc0993	addi	x19,x24,189	 x24:0x80008d8c x19=0x80008e49
        4845000	       483	80004524	ff811603	lh	x12,-8(x2)	  x2:0x800081aa x12=0x00001702 PA:0x800081a2
        4855000	       484	80004528	40f785b3	sub	x11,x15,x15	 x15:0x1412a8d8 x15:0x1412a8d8 x11=0x00000000
        4865000	       485	8000452c	00521493	slli	x9,x4,0x5	  x4:0x00000404  x9=0x00008080
        4875000	       486	80004530	91c3f913	andi	x18,x7,-1764	  x7:0x80009fa0 x18=0x80009900
        4885000	       487	80004534	73448713	addi	x14,x9,1844	  x9:0x00008080 x14=0x000087b4
        4895000	       488	80004538	be344297	auipc	x5,0xbe344	  x5=0x3e348534
        4905000	       489	8000453c	5c428b13	addi	x22,x5,1476	  x5:0x3e348534 x22=0x3e348af8
        4915000	       490	80004540	f5953713	sltiu	x14,x10,-167	 x10:0x00000000 x14=0x00000001
        4925000	       491	80004544	3cbfc393	xori	x7,x31,971	 x31:0xf3ee3000  x7=0xf3ee33cb
        4935000	       492	80004548	016291b3	sll	x3,x5,x22	  x5:0x3e348534 x22:0x3e348af8  x3=0x34000000
        4945000	       493	8000454c	fde10ba3	sb	x30,-41(x2)	  x2:0x800081aa x30:0x9e6bc2ba PA:0x80008181
        4955000	       494	80004550	eb012d93	slti	x27,x2,-336	  x2:0x800081aa x27=0x00000001
        4965000	       495	80004554	00eafdb3	and	x27,x21,x14	 x21:0x00000122 x14:0x00000001 x27=0x00000000
        4975000	       496	80004558	01810fa3	sb	x24,31(x2)	  x2:0x800081aa x24:0x80008d8c PA:0x800081c9
        4985000	       497	8000455c	ff710903	lb	x18,-9(x2)	  x2:0x800081aa x18=0x0000003d PA:0x800081a1
        4995000	       498	80004560	e8b48713	addi	x14,x9,-373	  x9:0x00008080 x14=0x00007f0b
        5005000	       499	80004564	fec10683	lb	x13,-20(x2)	  x2:0x800081aa x13=0x0000004a PA:0x80008196
        5015000	       500	80004568	010217b3	sll	x15,x4,x16	  x4:0x00000404 x16:0x00000001 x15=0x00000808
        5025000	       501	8000456c	03310b23	sb	x19,54(x2)	  x2:0x800081aa x19:0x80008e49 PA:0x800081e0
        5035000	       502	80004570	fe911023	sh	x9,-32(x2)	  x2:0x800081aa  x9:0x00008080 PA:0x8000818a
        5045000	       503	80004574	400adcb3	sra	x25,x21,x0	 x21:0x00000122  x0:0x00000000 x25=0x00000122
        5055000	       504	80004578	00a482b3	add	x5,x9,x10	  x9:0x00008080 x10:0x00000000  x5=0x00008080
        5065000	       505	8000457c	41ad5093	srai	x1,x26,0x1a	 x26:0x00000035  x1=0x00000000
        5075000	       506	80004580	03b14c83	lbu	x25,59(x2)	  x2:0x800081aa x25=0x0000004f PA:0x800081e5
        5085000	       507	80004584	fec14503	lbu	x10,-20(x2)	  x2:0x800081aa x10=0x0000004a PA:0x80008196
        5095000	       508	80004588	50843693	sltiu	x13,x8,1288	  x8:0x80009fc4 x13=0x00000000
        5105000	       509	8000458c	fe410ca3	sb	x4,-7(x2)	  x2:0x800081aa  x4:0x00000404 PA:0x800081a3
        5115000	       510	80004590	01fc31b3	sltu	x3,x24,x31	 x24:0x80008d8c x31:0xf3ee3000  x3=0x00000001
        5125000	       511	80004594	03514283	lbu	x5,53(x2)	  x2:0x800081aa  x5=0x000000f3 PA:0x800081df
        5135000	       512	80004598	03310523	sb	x19,42(x2)	  x2:0x800081aa x19:0x80008e49 PA:0x800081d4
        5145000	       513	8000459c	fed12123	sw	x13,-30(x2)	  x2:0x800081aa x13:0x00000000 PA:0x8000818c
        5155000	       514	800045a0	00004b17	auipc	x22,0x4	 x22=0x8000859c
        5165000	       515	800045a4	66fb0b13	addi	x22,x22,1647	 x22:0x8000859c x22=0x80008c0b
        5175000	       516	800045a8	008b0a83	lb	x21,8(x22)	 x22:0x80008c0b x21=0x0000006b PA:0x80008c13
        5185000	       517	800045ac	010578b3	and	x17,x10,x16	 x10:0x0000004a x16:0x00000001 x17=0x00000000
        5195000	       518	800045b0	010643b3	xor	x7,x12,x16	 x12:0x00001702 x16:0x00000001  x7=0x00001703
        5205000	       519	800045b4	00a0e3b3	or	x7,x1,x10	  x1:0x00000000 x10:0x0000004a  x7=0x0000004a
        5215000	       520	800045b8	fe6b0e23	sb	x6,-4(x22)	 x22:0x80008c0b  x6:0x80000000 PA:0x80008c07
        5225000	       521	800045bc	ff8b0a23	sb	x24,-12(x22)	 x22:0x80008c0b x24:0x80008d8c PA:0x80008bff
        5235000	       522	800045c0	40f853b3	sra	x7,x16,x15	 x16:0x00000001 x15:0x00000808  x7=0x00000000
        5245000	       523	800045c4	027b4f83	lbu	x31,39(x22)	 x22:0x80008c0b x31=0x000000d1 PA:0x80008c32
        5255000	       524	800045c8	006b0ba3	sb	x6,23(x22)	 x22:0x80008c0b  x6:0x80000000 PA:0x80008c22
        5265000	       525	800045cc	000b0f23	sb	x0,30(x22)	 x22:0x80008c0b  x0:0x00000000 PA:0x80008c29
        5275000	       526	800045d0	022b0d23	sb	x2,58(x22)	 x22:0x80008c0b  x2:0x800081aa PA:0x80008c45
        5285000	       527	800045d4	00aa9f13	slli	x30,x21,0xa	 x21:0x0000006b x30=0x0001ac00
        5295000	       528	800045d8	00235db3	srl	x27,x6,x2	  x6:0x80000000  x2:0x800081aa x27=0x00200000
        5305000	       529	800045dc	ffeb0703	lb	x14,-2(x22)	 x22:0x80008c0b x14=0xffffffc9 PA:0x80008c09
        5315000	       530	800045e0	038b0ea3	sb	x24,61(x22)	 x22:0x80008c0b x24:0x80008d8c PA:0x80008c48
        5325000	       531	800045e4	44af8f93	addi	x31,x31,1098	 x31:0x000000d1 x31=0x0000051b
        5335000	       532	800045e8	0098d013	srli	x0,x17,0x9	 x17:0x00000000
        5345000	       533	800045ec	02eb0683	lb	x13,46(x22)	 x22:0x80008c0b x13=0xffffffcb PA:0x80008c39
        5355000	       534	800045f0	00541c33	sll	x24,x8,x5	  x8:0x80009fc4  x5:0x000000f3 x24=0xfe200000
        5365000	       535	800045f4	ffeb0723	sb	x30,-18(x22)	 x22:0x80008c0b x30:0x0001ac00 PA:0x80008bf9
        5375000	       536	800045f8	016727b3	slt	x15,x14,x22	 x14:0xffffffc9 x22:0x80008c0b x15=0x00000000
        5385000	       537	800045fc	00000013	addi	x0,x0,0	  x0:0x00000000
        5395000	       538	80004600	fe5b0083	lb	x1,-27(x22)	 x22:0x80008c0b  x1=0xffffffe9 PA:0x80008bf0
        5405000	       539	80004604	004fdbb3	srl	x23,x31,x4	 x31:0x0000051b  x4:0x00000404 x23=0x00000051
        5415000	       540	80004608	41d60c33	sub	x24,x12,x29	 x12:0x00001702 x29:0x00000000 x24=0x00001702
        5425000	       541	8000460c	008b0f83	lb	x31,8(x22)	 x22:0x80008c0b x31=0x0000006b PA:0x80008c13
        5435000	       542	80004610	008673b3	and	x7,x12,x8	 x12:0x00001702  x8:0x80009fc4  x7=0x00001700
        5445000	       543	80004614	fe5b0203	lb	x4,-27(x22)	 x22:0x80008c0b  x4=0xffffffe9 PA:0x80008bf0
        5455000	       544	80004618	01fb5c03	lhu	x24,31(x22)	 x22:0x80008c0b x24=0x0000b2c3 PA:0x80008c2a
        5465000	       545	8000461c	fd4b03a3	sb	x20,-57(x22)	 x22:0x80008c0b x20:0x80009ef0 PA:0x80008bd2
        5475000	       546	80004620	ffab4283	lbu	x5,-6(x22)	 x22:0x80008c0b  x5=0x0000003a PA:0x80008c05
        5485000	       547	80004624	01f4d013	srli	x0,x9,0x1f	  x9:0x00008080
        5495000	       548	80004628	00000013	addi	x0,x0,0	  x0:0x00000000
        5505000	       549	8000462c	fecb10a3	sh	x12,-31(x22)	 x22:0x80008c0b x12:0x00001702 PA:0x80008bec
        5515000	       550	80004630	fc2b4583	lbu	x11,-62(x22)	 x22:0x80008c0b x11=0x00000089 PA:0x80008bcd
        5525000	       551	80004634	fe6b4503	lbu	x10,-26(x22)	 x22:0x80008c0b x10=0x00000072 PA:0x80008bf1
        5535000	       552	80004638	009b04a3	sb	x9,9(x22)	 x22:0x80008c0b  x9:0x00008080 PA:0x80008c14
        5545000	       553	8000463c	ff1b0d83	lb	x27,-15(x22)	 x22:0x80008c0b x27=0x0000002a PA:0x80008bfc
        5555000	       554	80004640	fd6b0283	lb	x5,-42(x22)	 x22:0x80008c0b  x5=0x00000009 PA:0x80008be1
        5565000	       555	80004644	028b0883	lb	x17,40(x22)	 x22:0x80008c0b x17=0x0000000e PA:0x80008c33
        5575000	       556	80004648	a2e3eb93	ori	x23,x7,-1490	  x7:0x00001700 x23=0xffffff2e
        5585000	       557	8000464c	00ba1033	sll	x0,x20,x11	 x20:0x80009ef0 x11:0x00000089
        5595000	       558	80004650	012034b3	sltu	x9,x0,x18	  x0:0x00000000 x18:0x0000003d  x9=0x00000001
        5605000	       559	80004654	01e17633	and	x12,x2,x30	  x2:0x800081aa x30:0x0001ac00 x12=0x00008000
        5615000	       560	80004658	035b4303	lbu	x6,53(x22)	 x22:0x80008c0b  x6=0x0000005f PA:0x80008c40
        5625000	       561	8000465c	01361313	slli	x6,x12,0x13	 x12:0x00008000  x6=0x00000000
        5635000	       562	80004660	8a33c493	xori	x9,x7,-1885	  x7:0x00001700  x9=0xffffefa3
        5645000	       563	80004664	026b14a3	sh	x6,41(x22)	 x22:0x80008c0b  x6:0x00000000 PA:0x80008c34
        5655000	       564	80004668	00004f97	auipc	x31,0x4	 x31=0x80008664
        5665000	       565	8000466c	b7ef8f93	addi	x31,x31,-1154	 x31:0x80008664 x31=0x800081e2
        5675000	       566	80004670	bbe16c17	auipc	x24,0xbbe16	 x24=0x3be1a66c
        5685000	       567	80004674	ffbf8783	lb	x15,-5(x31)	 x31:0x800081e2 x15=0x00000053 PA:0x800081dd
        5695000	       568	80004678	01b14f33	xor	x30,x2,x27	  x2:0x800081aa x27:0x0000002a x30=0x80008180
        5705000	       569	8000467c	a31b8eb7	lui	x29,0xa31b8	 x29=0xa31b8000
        5715000	       570	80004680	00000013	addi	x0,x0,0	  x0:0x00000000
        5725000	       571	80004684	00555233	srl	x4,x10,x5	 x10:0x00000072  x5:0x00000009  x4=0x00000000
        5735000	       572	80004688	407d00b3	sub	x1,x26,x7	 x26:0x00000035  x7:0x00001700  x1=0xffffe935
        5745000	       573	8000468c	014cf1b3	and	x3,x25,x20	 x25:0x0000004f x20:0x80009ef0  x3=0x00000040
        5755000	       574	80004690	bd65a193	slti	x3,x11,-1066	 x11:0x00000089  x3=0x00000000
        5765000	       575	80004694	fe2f8ca3	sb	x2,-7(x31)	 x31:0x800081e2  x2:0x800081aa PA:0x800081db
        5775000	       576	80004698	66ceae93	slti	x29,x29,1644	 x29:0xa31b8000 x29=0x00000001
        5785000	       577	8000469c	fe1f88a3	sb	x1,-15(x31)	 x31:0x800081e2  x1:0xffffe935 PA:0x800081d3
        5795000	       578	800046a0	004586b3	add	x13,x11,x4	 x11:0x00000089  x4:0x00000000 x13=0x00000089
        5805000	       579	800046a4	ff1f8083	lb	x1,-15(x31)	 x31:0x800081e2  x1=0x00000035 PA:0x800081d3
        5815000	       580	800046a8	008f9f03	lh	x30,8(x31)	 x31:0x800081e2 x30=0x00007e88 PA:0x800081ea
        5825000	       581	800046ac	010fd503	lhu	x10,16(x31)	 x31:0x800081e2 x10=0x0000e483 PA:0x800081f2
        5835000	       582	800046b0	00ffcb83	lbu	x23,15(x31)	 x31:0x800081e2 x23=0x0000006c PA:0x800081f1
        5845000	       583	800046b4	a2c476b7	lui	x13,0xa2c47	 x13=0xa2c47000
        5855000	       584	800046b8	01f7e233	or	x4,x15,x31	 x15:0x00000053 x31:0x800081e2  x4=0x800081f3
        5865000	       585	800046bc	40bf5713	srai	x14,x30,0xb	 x30:0x00007e88 x14=0x0000000f
        5875000	       586	800046c0	ff1f8c23	sb	x17,-8(x31)	 x31:0x800081e2 x17:0x0000000e PA:0x800081da
        5885000	       587	800046c4	006f9003	lh	x0,6(x31)	 x31:0x800081e2 PA:0x800081e8
        5895000	       588	800046c8	00efdd03	lhu	x26,14(x31)	 x31:0x800081e2 x26=0x00006c5c PA:0x800081f0
        5905000	       589	800046cc	ff6f8583	lb	x11,-10(x31)	 x31:0x800081e2 x11=0x00000059 PA:0x800081d8
        5915000	       590	800046d0	41d255b3	sra	x11,x4,x29	  x4:0x800081f3 x29:0x00000001 x11=0xc00040f9
        5925000	       591	800046d4	ffcfd203	lhu	x4,-4(x31)	 x31:0x800081e2  x4=0x0000f3db PA:0x800081de
        5935000	       592	800046d8	00c3ddb3	srl	x27,x7,x12	  x7:0x00001700 x12:0x00008000 x27=0x00001700
        5945000	       593	800046dc	ffcf9603	lh	x12,-4(x31)	 x31:0x800081e2 x12=0xfffff3db PA:0x800081de
        5955000	       594	00000000	00000013	addi	x0,x0,0	  x0:0x00000000
        5965000	       595	800046e0	40ce5613	srai	x12,x28,0xc	 x28:0xf1d1afc9 x12=0xffff1d1a
        5975000	       596	800046e4	9ed28613	addi	x12,x5,-1555	  x5:0x00000009 x12=0xfffff9f6
        5985000	       597	800046e8	d98c4f13	xori	x30,x24,-616	 x24:0x3be1a66c x30=0xc41e5bf4
        5995000	       598	800046ec	00e19d13	slli	x26,x3,0xe	  x3:0x00000000 x26=0x00000000
        6005000	       599	800046f0	405756b3	sra	x13,x14,x5	 x14:0x0000000f  x5:0x00000009 x13=0x00000000
        6015000	       600	800046f4	005f8423	sb	x5,8(x31)	 x31:0x800081e2  x5:0x00000009 PA:0x800081ea
        6025000	       601	800046f8	00ff2cb3	slt	x25,x30,x15	 x30:0xc41e5bf4 x15:0x00000053 x25=0x00000001
        6035000	       602	800046fc	fc6b3613	sltiu	x12,x22,-58	 x22:0x80008c0b x12=0x00000001
        6045000	       603	80004700	002f9283	lh	x5,2(x31)	 x31:0x800081e2  x5=0x00004fee PA:0x800081e4
        6055000	       604	80004704	006fc503	lbu	x10,6(x31)	 x31:0x800081e2 x10=0x00000058 PA:0x800081e8
        6065000	       605	80004708	cbe13993	sltiu	x19,x2,-834	  x2:0x800081aa x19=0x00000001
        6075000	       606	8000470c	00df8983	lb	x19,13(x31)	 x31:0x800081e2 x19=0x00000000 PA:0x800081ef
        6085000	       607	80004710	01861c93	slli	x25,x12,0x18	 x12:0x00000001 x25=0x01000000
        6095000	       608	80004714	00c8a0b3	slt	x1,x17,x12	 x17:0x0000000e x12:0x00000001  x1=0x00000000
        6105000	       609	80004718	75554b93	xori	x23,x10,1877	 x10:0x00000058 x23=0x0000070d
        6115000	       610	8000471c	01fc5a93	srli	x21,x24,0x1f	 x24:0x3be1a66c x21=0x00000000
        6125000	       611	80004720	21087913	andi	x18,x16,528	 x16:0x00000001 x18=0x00000000
        6135000	       612	80004724	002fd603	lhu	x12,2(x31)	 x31:0x800081e2 x12=0x00004fee PA:0x800081e4
        6145000	       613	80004728	ff3fcc83	lbu	x25,-13(x31)	 x31:0x800081e2 x25=0x00000083 PA:0x800081d5
        6155000	       614	8000472c	00004097	auipc	x1,0x4	  x1=0x80008728
        6165000	       615	80004730	fad08093	addi	x1,x1,-83	  x1:0x80008728  x1=0x800086d5
        6175000	       616	80004734	41505793	srai	x15,x0,0x15	  x0:0x00000000 x15=0x00000000
        6185000	       617	80004738	010fe4b3	or	x9,x31,x16	 x31:0x800081e2 x16:0x00000001  x9=0x800081e3
        6195000	       618	8000473c	00e348b3	xor	x17,x6,x14	  x6:0x00000000 x14:0x0000000f x17=0x0000000f
        6205000	       619	80004740	fa3082a3	sb	x3,-91(x1)	  x1:0x800086d5  x3:0x00000000 PA:0x8000867a
        6215000	       620	80004744	1222c613	xori	x12,x5,290	  x5:0x00004fee x12=0x00004ecc
        6225000	       621	80004748	f450c383	lbu	x7,-187(x1)	  x1:0x800086d5  x7=0x000000c7 PA:0x8000861a
        6235000	       622	8000474c	01c52733	slt	x14,x10,x28	 x10:0x00000058 x28:0xf1d1afc9 x14=0x00000000
        6245000	       623	80004750	1bfa0337	lui	x6,0x1bfa0	  x6=0x1bfa0000
        6255000	       624	80004754	ff209fa3	sh	x18,-1(x1)	  x1:0x800086d5 x18:0x00000000 PA:0x800086d4
        6265000	       625	80004758	0f108283	lb	x5,241(x1)	  x1:0x800086d5  x5=0xffffffa4 PA:0x800087c6
        6275000	       626	8000475c	02e09ba3	sh	x14,55(x1)	  x1:0x800086d5 x14:0x00000000 PA:0x8000870c
        6285000	       627	80004760	f878ee93	ori	x29,x17,-121	 x17:0x0000000f x29=0xffffff8f
        6295000	       628	80004764	f9d0d203	lhu	x4,-99(x1)	  x1:0x800086d5  x4=0x0000f229 PA:0x80008672
        6305000	       629	80004768	fb808b03	lb	x22,-72(x1)	  x1:0x800086d5 x22=0x0000001f PA:0x8000868d
        6315000	       630	8000476c	00509d03	lh	x26,5(x1)	  x1:0x800086d5 x26=0xffffd7a6 PA:0x800086da
        6325000	       631	80004770	f6108b83	lb	x23,-159(x1)	  x1:0x800086d5 x23=0xffffff8c PA:0x80008636
        6335000	       632	80004774	fea08b03	lb	x22,-22(x1)	  x1:0x800086d5 x22=0x00000006 PA:0x800086bf
        6345000	       633	80004778	5ff22813	slti	x16,x4,1535	  x4:0x0000f229 x16=0x00000000
        6355000	       634	8000477c	0fd0a3a3	sw	x29,231(x1)	  x1:0x800086d5 x29:0xffffff8f PA:0x800087bc
        6365000	       635	80004780	f3908da3	sb	x25,-197(x1)	  x1:0x800086d5 x25:0x00000083 PA:0x80008610
        6375000	       636	80004784	417f5713	srai	x14,x30,0x17	 x30:0xc41e5bf4 x14=0xffffff88
        6385000	       637	80004788	0a00c183	lbu	x3,160(x1)	  x1:0x800086d5  x3=0x000000ec PA:0x80008775
        6395000	       638	8000478c	f9b094a3	sh	x27,-119(x1)	  x1:0x800086d5 x27:0x00001700 PA:0x8000865e
        6405000	       639	80004790	f270cd83	lbu	x27,-217(x1)	  x1:0x800086d5 x27=0x00000015 PA:0x800085fc
        6415000	       640	80004794	0e50c483	lbu	x9,229(x1)	  x1:0x800086d5  x9=0x00000003 PA:0x800087ba
        6425000	       641	80004798	07808923	sb	x24,114(x1)	  x1:0x800086d5 x24:0x3be1a66c PA:0x80008747
        6435000	       642	8000479c	fe608823	sb	x6,-16(x1)	  x1:0x800086d5  x6:0x1bfa0000 PA:0x800086c5
        6445000	       643	800047a0	05c08203	lb	x4,92(x1)	  x1:0x800086d5  x4=0xffffff94 PA:0x80008731
        6455000	       644	800047a4	0c508883	lb	x17,197(x1)	  x1:0x800086d5 x17=0x0000004a PA:0x8000879a
        6465000	       645	800047a8	f8508883	lb	x17,-123(x1)	  x1:0x800086d5 x17=0xffffffd9 PA:0x8000865a
        6475000	       646	00000000	00000013	addi	x0,x0,0	  x0:0x00000000
        6485000	       647	800047ac	f510d783	lhu	x15,-175(x1)	  x1:0x800086d5 x15=0x00008edf PA:0x80008626
        6495000	       648	800047b0	06108ba3	sb	x1,119(x1)	  x1:0x800086d5  x1:0x800086d5 PA:0x8000874c
        6505000	       649	800047b4	01301033	sll	x0,x0,x19	  x0:0x00000000 x19:0x00000000
        6515000	       650	800047b8	00000013	addi	x0,x0,0	  x0:0x00000000
        6525000	       651	800047bc	f7c0c903	lbu	x18,-132(x1)	  x1:0x800086d5 x18=0x000000d0 PA:0x80008651
        6535000	       652	800047c0	00f62533	slt	x10,x12,x15	 x12:0x00004ecc x15:0x00008edf x10=0x00000001
        6545000	       653	800047c4	01d08423	sb	x29,8(x1)	  x1:0x800086d5 x29:0xffffff8f PA:0x800086dd
        6555000	       654	800047c8	e4d88f13	addi	x30,x17,-435	 x17:0xffffffd9 x30=0xfffffe26
        6565000	       655	800047cc	0d40c503	lbu	x10,212(x1)	  x1:0x800086d5 x10=0x0000002c PA:0x800087a9
        6575000	       656	800047d0	00004817	auipc	x16,0x4	 x16=0x800087cc
        6585000	       657	800047d4	ff780813	addi	x16,x16,-9	 x16:0x800087cc x16=0x800087c3
        6595000	       658	800047d8	00f84b33	xor	x22,x16,x15	 x16:0x800087c3 x15:0x00008edf x22=0x8000091c
        6605000	       659	800047dc	00e80f03	lb	x30,14(x16)	 x16:0x800087c3 x30=0xffffff8c PA:0x800087d1
        6615000	       660	800047e0	5752f893	andi	x17,x5,1397	  x5:0xffffffa4 x17=0x00000524
        6625000	       661	800047e4	009eceb3	xor	x29,x29,x9	 x29:0xffffff8f  x9:0x00000003 x29=0xffffff8c
        6635000	       662	800047e8	00e80303	lb	x6,14(x16)	 x16:0x800087c3  x6=0xffffff8c PA:0x800087d1
        6645000	       663	800047ec	ff384c83	lbu	x25,-13(x16)	 x16:0x800087c3 x25=0x000000ea PA:0x800087b6
        6655000	       664	800047f0	00ce1a93	slli	x21,x28,0xc	 x28:0xf1d1afc9 x21=0x1afc9000
        6665000	       665	800047f4	ffd82983	lw	x19,-3(x16)	 x16:0x800087c3 x19=0x70a6f21d PA:0x800087c0
        6675000	       666	800047f8	00000013	addi	x0,x0,0	  x0:0x00000000
        6685000	       667	800047fc	00985d83	lhu	x27,9(x16)	 x16:0x800087c3 x27=0x0000499d PA:0x800087cc
        6695000	       668	80004800	018813a3	sh	x24,7(x16)	 x16:0x800087c3 x24:0x3be1a66c PA:0x800087ca
        6705000	       669	80004804	00084b03	lbu	x22,0(x16)	 x16:0x800087c3 x22=0x00000070 PA:0x800087c3
        6715000	       670	80004808	01a51893	slli	x17,x10,0x1a	 x10:0x0000002c x17=0xb0000000
        6725000	       671	8000480c	54f80713	addi	x14,x16,1359	 x16:0x800087c3 x14=0x80008d12
        6735000	       672	80004810	013ab3b3	sltu	x7,x21,x19	 x21:0x1afc9000 x19:0x70a6f21d  x7=0x00000001
        6745000	       673	80004814	01fabbb3	sltu	x23,x21,x31	 x21:0x1afc9000 x31:0x800081e2 x23=0x00000001
        6755000	       674	80004818	ff680b23	sb	x22,-10(x16)	 x16:0x800087c3 x22:0x00000070 PA:0x800087b9
        6765000	       675	8000481c	0112d393	srli	x7,x5,0x11	  x5:0xffffffa4  x7=0x00007fff
        6775000	       676	80004820	ff780883	lb	x17,-9(x16)	 x16:0x800087c3 x17=0x00000003 PA:0x800087ba
        6785000	       677	80004824	01280823	sb	x18,16(x16)	 x16:0x800087c3 x18:0x000000d0 PA:0x800087d3
        6795000	       678	80004828	00beaab3	slt	x21,x29,x11	 x29:0xffffff8c x11:0xc00040f9 x21=0x00000000
        6805000	       679	8000482c	05284863	blt	x16,x18,8000487c	 x16:0x800087c3 x18:0x000000d0
        6815000	       680	00000000	00000013	addi	x0,x0,0	  x0:0x00000000
        6825000	       681	80004878	00000013	addi	x0,x0,0	  x0:0x00000000
        6835000	       682	8000487c	0091ceb3	xor	x29,x3,x9	  x3:0x000000ec  x9:0x00000003 x29=0x000000ef
        6845000	       683	80004880	03ee6863	bltu	x28,x30,800048b0	 x28:0xf1d1afc9 x30:0xffffff8c
        6855000	       684	00000000	00000013	addi	x0,x0,0	  x0:0x00000000
        6865000	       685	800048ac	00000013	addi	x0,x0,0	  x0:0x00000000
        6875000	       686	800048b0	d585ac13	slti	x24,x11,-680	 x11:0xc00040f9 x24=0x00000001
        6885000	       687	800048b4	02e35c63	bge	x6,x14,800048ec	  x6:0xffffff8c x14:0x80008d12
        6895000	       688	00000000	00000013	addi	x0,x0,0	  x0:0x00000000
        6905000	       689	800048e8	00000013	addi	x0,x0,0	  x0:0x00000000
        6915000	       690	800048ec	018d9993	slli	x19,x27,0x18	 x27:0x0000499d x19=0x9d000000
        6925000	       691	800048f0	4712f893	andi	x17,x5,1137	  x5:0xffffffa4 x17=0x00000420
        6935000	       692	800048f4	8d333c93	sltiu	x25,x6,-1837	  x6:0xffffff8c x25=0x00000000
        6945000	       693	800048f8	00237f33	and	x30,x6,x2	  x6:0xffffff8c  x2:0x800081aa x30=0x80008188
        6955000	       694	800048fc	51b2bc13	sltiu	x24,x5,1307	  x5:0xffffffa4 x24=0x00000000
        6965000	       695	80004900	75c8b113	sltiu	x2,x17,1884	 x17:0x00000420  x2=0x00000001
        6975000	       696	80004904	005925b3	slt	x11,x18,x5	 x18:0x000000d0  x5:0xffffffa4 x11=0x00000000
        6985000	       697	80004908	00239d93	slli	x27,x7,0x2	  x7:0x00007fff x27=0x0001fffc
        6995000	       698	8000490c	00000013	addi	x0,x0,0	  x0:0x00000000
        7005000	       699	80004910	415ddf93	srai	x31,x27,0x15	 x27:0x0001fffc x31=0x00000000
        7015000	       700	80004914	e2302593	slti	x11,x0,-477	  x0:0x00000000 x11=0x00000000
        7025000	       701	80004918	01df9613	slli	x12,x31,0x1d	 x31:0x00000000 x12=0x00000000
        7035000	       702	8000491c	3e620a93	addi	x21,x4,998	  x4:0xffffff94 x21=0x0000037a
        7045000	       703	80004920	4076dc93	srai	x25,x13,0x7	 x13:0x00000000 x25=0x00000000
        7055000	       704	80004924	0c7dce93	xori	x29,x27,199	 x27:0x0001fffc x29=0x0001ff3b
        7065000	       705	80004928	035e1063	bne	x28,x21,80004948	 x28:0xf1d1afc9 x21:0x0000037a
        7075000	       706	00000000	00000013	addi	x0,x0,0	  x0:0x00000000
        7085000	       707	80004944	00000013	addi	x0,x0,0	  x0:0x00000000
        7095000	       708	80004948	04f45063	bge	x8,x15,80004988	  x8:0x80009fc4 x15:0x00008edf
        7105000	       709	8000494c	003b1733	sll	x14,x22,x3	 x22:0x00000070  x3:0x000000ec x14=0x00070000
        7115000	       710	80004950	4427e137	lui	x2,0x4427e	  x2=0x4427e000
        7125000	       711	80004954	d8f8cb93	xori	x23,x17,-625	 x17:0x00000420 x23=0xfffff9af
        7135000	       712	80004958	02fedc63	bge	x29,x15,80004990	 x29:0x0001ff3b x15:0x00008edf
        7145000	       713	00000000	00000013	addi	x0,x0,0	  x0:0x00000000
        7155000	       714	8000498c	00000013	addi	x0,x0,0	  x0:0x00000000
        7165000	       715	80004990	1e446293	ori	x5,x8,484	  x8:0x80009fc4  x5=0x80009fe4
        7175000	       716	80004994	016340b3	xor	x1,x6,x22	  x6:0xffffff8c x22:0x00000070  x1=0xfffffffc
        7185000	       717	80004998	3314b313	sltiu	x6,x9,817	  x9:0x00000003  x6=0x00000001
        7195000	       718	8000499c	008ad663	bge	x21,x8,800049a8	 x21:0x0000037a  x8:0x80009fc4
        7205000	       719	00000000	00000013	addi	x0,x0,0	  x0:0x00000000
        7215000	       720	800049a4	00000013	addi	x0,x0,0	  x0:0x00000000
        7225000	       721	800049a8	41125693	srai	x13,x4,0x11	  x4:0xffffff94 x13=0xffffffff
        7235000	       722	800049ac	03c0f263	bgeu	x1,x28,800049d0	  x1:0xfffffffc x28:0xf1d1afc9
        7245000	       723	00000000	00000013	addi	x0,x0,0	  x0:0x00000000
        7255000	       724	800049cc	00000013	addi	x0,x0,0	  x0:0x00000000
        7265000	       725	800049d0	f6b64c13	xori	x24,x12,-149	 x12:0x00000000 x24=0xffffff6b
        7275000	       726	800049d4	020cec63	bltu	x25,x0,80004a0c	 x25:0x00000000  x0:0x00000000
        7285000	       727	800049d8	95b64a93	xori	x21,x12,-1701	 x12:0x00000000 x21=0xfffff95b
        7295000	       728	800049dc	00409c13	slli	x24,x1,0x4	  x1:0xfffffffc x24=0xffffffc0
        7305000	       729	800049e0	002c9913	slli	x18,x25,0x2	 x25:0x00000000 x18=0x00000000
        7315000	       730	800049e4	091e0d13	addi	x26,x28,145	 x28:0xf1d1afc9 x26=0xf1d1b05a
        7325000	       731	800049e8	022d5463	bge	x26,x2,80004a10	 x26:0xf1d1b05a  x2:0x4427e000
        7335000	       732	800049ec	adef2717	auipc	x14,0xadef2	 x14=0x2def69e8
        7345000	       733	800049f0	00000013	addi	x0,x0,0	  x0:0x00000000
        7355000	       734	800049f4	4182a593	slti	x11,x5,1048	  x5:0x80009fe4 x11=0x00000001
        7365000	       735	800049f8	e582b493	sltiu	x9,x5,-424	  x5:0x80009fe4  x9=0x00000001
        7375000	       736	800049fc	04820463	beq	x4,x8,80004a44	  x4:0xffffff94  x8:0x80009fc4
        7385000	       737	80004a00	ac134113	xori	x2,x6,-1343	  x6:0x00000001  x2=0xfffffac0
        7395000	       738	80004a04	00031293	slli	x5,x6,0x0	  x6:0x00000001  x5=0x00000001
        7405000	       739	80004a08	67e972b7	lui	x5,0x67e97	  x5=0x67e97000
        7415000	       740	80004a0c	013c93b3	sll	x7,x25,x19	 x25:0x00000000 x19:0x9d000000  x7=0x00000000
        7425000	       741	80004a10	015ad2b3	srl	x5,x21,x21	 x21:0xfffff95b x21:0xfffff95b  x5=0x0000001f
        7435000	       742	80004a14	0529f063	bgeu	x19,x18,80004a54	 x19:0x9d000000 x18:0x00000000
        7445000	       743	00000000	00000013	addi	x0,x0,0	  x0:0x00000000
        7455000	       744	80004a50	00000013	addi	x0,x0,0	  x0:0x00000000
        7465000	       745	80004a54	5994cb13	xori	x22,x9,1433	  x9:0x00000001 x22=0x00000598
        7475000	       746	80004a58	03e01263	bne	x0,x30,80004a7c	  x0:0x00000000 x30:0x80008188
        7485000	       747	00000000	00000013	addi	x0,x0,0	  x0:0x00000000
        7495000	       748	80004a78	00000013	addi	x0,x0,0	  x0:0x00000000
        7505000	       749	80004a7c	000c4663	blt	x24,x0,80004a88	 x24:0xffffffc0  x0:0x00000000
        7515000	       750	00000000	00000013	addi	x0,x0,0	  x0:0x00000000
        7525000	       751	80004a84	00000013	addi	x0,x0,0	  x0:0x00000000
        7535000	       752	80004a88	01964833	xor	x16,x12,x25	 x12:0x00000000 x25:0x00000000 x16=0x00000000
        7545000	       753	80004a8c	49eea113	slti	x2,x29,1182	 x29:0x0001ff3b  x2=0x00000000
        7555000	       754	80004a90	01127e63	bgeu	x4,x17,80004aac	  x4:0xffffff94 x17:0x00000420
        7565000	       755	00000000	00000013	addi	x0,x0,0	  x0:0x00000000
        7575000	       756	80004aa8	00000013	addi	x0,x0,0	  x0:0x00000000
        7585000	       757	80004aac	26d3c013	xori	x0,x7,621	  x7:0x00000000
        7595000	       758	80004ab0	04a30863	beq	x6,x10,80004b00	  x6:0x00000001 x10:0x0000002c
        7605000	       759	80004ab4	019f3133	sltu	x2,x30,x25	 x30:0x80008188 x25:0x00000000  x2=0x00000000
        7615000	       760	80004ab8	00b69f33	sll	x30,x13,x11	 x13:0xffffffff x11:0x00000001 x30=0xfffffffe
        7625000	       761	80004abc	cfc16c13	ori	x24,x2,-772	  x2:0x00000000 x24=0xfffffcfc
        7635000	       762	80004ac0	012193b3	sll	x7,x3,x18	  x3:0x000000ec x18:0x00000000  x7=0x000000ec
        7645000	       763	80004ac4	01157733	and	x14,x10,x17	 x10:0x0000002c x17:0x00000420 x14=0x00000020
        7655000	       764	80004ac8	0fd77093	andi	x1,x14,253	 x14:0x00000020  x1=0x00000020
        7665000	       765	80004acc	b07c7297	auipc	x5,0xb07c7	  x5=0x307cbac8
        7675000	       766	80004ad0	8e9d7f93	andi	x31,x26,-1815	 x26:0xf1d1b05a x31=0xf1d1b048
        7685000	       767	80004ad4	00ec1813	slli	x16,x24,0xe	 x24:0xfffffcfc x16=0xff3f0000
        7695000	       768	80004ad8	037c0263	beq	x24,x23,80004afc	 x24:0xfffffcfc x23:0xfffff9af
        7705000	       769	80004adc	4940bd13	sltiu	x26,x1,1172	  x1:0x00000020 x26=0x00000001
        7715000	       770	80004ae0	00000013	addi	x0,x0,0	  x0:0x00000000
        7725000	       771	80004ae4	01f66333	or	x6,x12,x31	 x12:0x00000000 x31:0xf1d1b048  x6=0xf1d1b048
        7735000	       772	80004ae8	039a4e63	blt	x20,x25,80004b24	 x20:0x80009ef0 x25:0x00000000
        7745000	       773	00000000	00000013	addi	x0,x0,0	  x0:0x00000000
        7755000	       774	80004b20	00000013	addi	x0,x0,0	  x0:0x00000000
        7765000	       775	80004b24	0113beb3	sltu	x29,x7,x17	  x7:0x000000ec x17:0x00000420 x29=0x00000001
        7775000	       776	80004b28	009f50b3	srl	x1,x30,x9	 x30:0xfffffffe  x9:0x00000001  x1=0x7fffffff
        7785000	       777	80004b2c	02889463	bne	x17,x8,80004b54	 x17:0x00000420  x8:0x80009fc4
        7795000	       778	00000000	00000013	addi	x0,x0,0	  x0:0x00000000
        7805000	       779	80004b50	00000013	addi	x0,x0,0	  x0:0x00000000
        7815000	       780	80004b54	41c35733	sra	x14,x6,x28	  x6:0xf1d1b048 x28:0xf1d1afc9 x14=0xfff8e8d8
        7825000	       781	80004b58	f8110013	addi	x0,x2,-127	  x2:0x00000000
        7835000	       782	80004b5c	03f17463	bgeu	x2,x31,80004b84	  x2:0x00000000 x31:0xf1d1b048
        7845000	       783	80004b60	03464063	blt	x12,x20,80004b80	 x12:0x00000000 x20:0x80009ef0
        7855000	       784	80004b64	00e37c63	bgeu	x6,x14,80004b7c	  x6:0xf1d1b048 x14:0xfff8e8d8
        7865000	       785	80004b68	011dfdb3	and	x27,x27,x17	 x27:0x0001fffc x17:0x00000420 x27=0x00000420
        7875000	       786	80004b6c	008bbb33	sltu	x22,x23,x8	 x23:0xfffff9af  x8:0x80009fc4 x22=0x00000000
        7885000	       787	80004b70	a931c293	xori	x5,x3,-1389	  x3:0x000000ec  x5=0xfffffa7f
        7895000	       788	80004b74	010bfd33	and	x26,x23,x16	 x23:0xfffff9af x16:0xff3f0000 x26=0xff3f0000
        7905000	       789	80004b78	00dc91b3	sll	x3,x25,x13	 x25:0x00000000 x13:0xffffffff  x3=0x00000000
        7915000	       790	80004b7c	013eafb3	slt	x31,x29,x19	 x29:0x00000001 x19:0x9d000000 x31=0x00000000
        7925000	       791	80004b80	00000013	addi	x0,x0,0	  x0:0x00000000
        7935000	       792	80004b84	019f0033	add	x0,x30,x25	 x30:0xfffffffe x25:0x00000000
        7945000	       793	80004b88	010e3133	sltu	x2,x28,x16	 x28:0xf1d1afc9 x16:0xff3f0000  x2=0x00000001
        7955000	       794	80004b8c	79f678b7	lui	x17,0x79f67	 x17=0x79f67000
        7965000	       795	80004b90	0104d893	srli	x17,x9,0x10	  x9:0x00000001 x17=0x00000000
        7975000	       796	80004b94	01c03cb3	sltu	x25,x0,x28	  x0:0x00000000 x28:0xf1d1afc9 x25=0x00000001
        7985000	       797	80004b98	5da6e393	ori	x7,x13,1498	 x13:0xffffffff  x7=0xffffffff
        7995000	       798	80004b9c	74654f13	xori	x30,x10,1862	 x10:0x0000002c x30=0x0000076a
        8005000	       799	80004ba0	01d677b3	and	x15,x12,x29	 x12:0x00000000 x29:0x00000001 x15=0x00000000
        8015000	       800	80004ba4	035f0463	beq	x30,x21,80004bcc	 x30:0x0000076a x21:0xfffff95b
        8025000	       801	80004ba8	e93da193	slti	x3,x27,-365	 x27:0x00000420  x3=0x00000000
        8035000	       802	80004bac	02cc5c63	bge	x24,x12,80004be4	 x24:0xfffffcfc x12:0x00000000
        8045000	       803	80004bb0	67e4c013	xori	x0,x9,1662	  x9:0x00000001
        8055000	       804	80004bb4	7bbcb713	sltiu	x14,x25,1979	 x25:0x00000001 x14=0x00000001
        8065000	       805	80004bb8	015afcb3	and	x25,x21,x21	 x21:0xfffff95b x21:0xfffff95b x25=0xfffff95b
        8075000	       806	80004bbc	007c5993	srli	x19,x24,0x7	 x24:0xfffffcfc x19=0x01fffff9
        8085000	       807	80004bc0	01b8eab3	or	x21,x17,x27	 x17:0x00000000 x27:0x00000420 x21=0x00000420
        8095000	       808	80004bc4	015843b3	xor	x7,x16,x21	 x16:0xff3f0000 x21:0x00000420  x7=0xff3f0420
        8105000	       809	80004bc8	01d998b3	sll	x17,x19,x29	 x19:0x01fffff9 x29:0x00000001 x17=0x03fffff2
        8115000	       810	80004bcc	39812713	slti	x14,x2,920	  x2:0x00000001 x14=0x00000001
        8125000	       811	80004bd0	48ce7793	andi	x15,x28,1164	 x28:0xf1d1afc9 x15=0x00000488
        8135000	       812	80004bd4	01dc0333	add	x6,x24,x29	 x24:0xfffffcfc x29:0x00000001  x6=0xfffffcfd
        8145000	       813	80004bd8	00d15813	srli	x16,x2,0xd	  x2:0x00000001 x16=0x00000000
        8155000	       814	80004bdc	8cf67113	andi	x2,x12,-1841	 x12:0x00000000  x2=0x00000000
        8165000	       815	80004be0	00931213	slli	x4,x6,0x9	  x6:0xfffffcfd  x4=0xfff9fa00
        8175000	       816	80004be4	01c630b3	sltu	x1,x12,x28	 x12:0x00000000 x28:0xf1d1afc9  x1=0x00000001
        8185000	       817	80004be8	0155a1b3	slt	x3,x11,x21	 x11:0x00000001 x21:0x00000420  x3=0x00000001
        8195000	       818	80004bec	67213c13	sltiu	x24,x2,1650	  x2:0x00000000 x24=0x00000001
        8205000	       819	80004bf0	0075c733	xor	x14,x11,x7	 x11:0x00000001  x7:0xff3f0420 x14=0xff3f0421
        8215000	       820	80004bf4	da45c593	xori	x11,x11,-604	 x11:0x00000001 x11=0xfffffda5
        8225000	       821	80004bf8	0000bc33	sltu	x24,x1,x0	  x1:0x00000001  x0:0x00000000 x24=0x00000000
        8235000	       822	80004bfc	028d9c63	bne	x27,x8,80004c34	 x27:0x00000420  x8:0x80009fc4
        8245000	       823	00000000	00000013	addi	x0,x0,0	  x0:0x00000000
        8255000	       824	80004c30	00000013	addi	x0,x0,0	  x0:0x00000000
        8265000	       825	80004c34	05a34263	blt	x6,x26,80004c78	  x6:0xfffffcfd x26:0xff3f0000
        8275000	       826	80004c38	518beb97	auipc	x23,0x518be	 x23=0xd18c2c34
        8285000	       827	80004c3c	776f6593	ori	x11,x30,1910	 x30:0x0000076a x11=0x0000077e
        8295000	       828	80004c40	40ef5db3	sra	x27,x30,x14	 x30:0x0000076a x14:0xff3f0421 x27=0x000003b5
        8305000	       829	80004c44	01476ab3	or	x21,x14,x20	 x14:0xff3f0421 x20:0x80009ef0 x21=0xff3f9ef1
        8315000	       830	80004c48	03afc863	blt	x31,x26,80004c78	 x31:0x00000000 x26:0xff3f0000
        8325000	       831	80004c4c	36f0c613	xori	x12,x1,879	  x1:0x00000001 x12=0x0000036e
        8335000	       832	80004c50	41b65f33	sra	x30,x12,x27	 x12:0x0000036e x27:0x000003b5 x30=0x00000000
        8345000	       833	80004c54	048e7063	bgeu	x28,x8,80004c94	 x28:0xf1d1afc9  x8:0x80009fc4
        8355000	       834	00000000	00000013	addi	x0,x0,0	  x0:0x00000000
        8365000	       835	80004c90	00000013	addi	x0,x0,0	  x0:0x00000000
        8375000	       836	80004c94	6af60813	addi	x16,x12,1711	 x12:0x0000036e x16=0x00000a1d
        8385000	       837	80004c98	37347993	andi	x19,x8,883	  x8:0x80009fc4 x19=0x00000340
        8395000	       838	80004c9c	012fd9b3	srl	x19,x31,x18	 x31:0x00000000 x18:0x00000000 x19=0x00000000
        8405000	       839	80004ca0	0042af33	slt	x30,x5,x4	  x5:0xfffffa7f  x4:0xfff9fa00 x30=0x00000000
        8415000	       840	80004ca4	04b28263	beq	x5,x11,80004ce8	  x5:0xfffffa7f x11:0x0000077e
        8425000	       841	80004ca8	00e2db93	srli	x23,x5,0xe	  x5:0xfffffa7f x23=0x0003ffff
        8435000	       842	80004cac	04b80463	beq	x16,x11,80004cf4	 x16:0x00000a1d x11:0x0000077e
        8445000	       843	80004cb0	00a4b233	sltu	x4,x9,x10	  x9:0x00000001 x10:0x0000002c  x4=0x00000001
        8455000	       844	80004cb4	00eafa63	bgeu	x21,x14,80004cc8	 x21:0xff3f9ef1 x14:0xff3f0421
        8465000	       845	00000000	00000013	addi	x0,x0,0	  x0:0x00000000
        8475000	       846	80004cc4	00000013	addi	x0,x0,0	  x0:0x00000000
        8485000	       847	80004cc8	00039b33	sll	x22,x7,x0	  x7:0xff3f0420  x0:0x00000000 x22=0xff3f0420
        8495000	       848	80004ccc	0266c463	blt	x13,x6,80004cf4	 x13:0xffffffff  x6:0xfffffcfd
        8505000	       849	80004cd0	01268c63	beq	x13,x18,80004ce8	 x13:0xffffffff x18:0x00000000
        8515000	       850	80004cd4	03ef9c63	bne	x31,x30,80004d0c	 x31:0x00000000 x30:0x00000000
        8525000	       851	80004cd8	02128263	beq	x5,x1,80004cfc	  x5:0xfffffa7f  x1:0x00000001
        8535000	       852	80004cdc	00e35f93	srli	x31,x6,0xe	  x6:0xfffffcfd x31=0x0003ffff
        8545000	       853	80004ce0	008db033	sltu	x0,x27,x8	 x27:0x000003b5  x8:0x80009fc4
        8555000	       854	80004ce4	01e11eb3	sll	x29,x2,x30	  x2:0x00000000 x30:0x00000000 x29=0x00000000
        8565000	       855	80004ce8	00000013	addi	x0,x0,0	  x0:0x00000000
        8575000	       856	80004cec	01995993	srli	x19,x18,0x19	 x18:0x00000000 x19=0x00000000
        8585000	       857	80004cf0	10ebc193	xori	x3,x23,270	 x23:0x0003ffff  x3=0x0003fef1
        8595000	       858	80004cf4	e49b0837	lui	x16,0xe49b0	 x16=0xe49b0000
        8605000	       859	80004cf8	76748c13	addi	x24,x9,1895	  x9:0x00000001 x24=0x00000768
        8615000	       860	80004cfc	00ef11b3	sll	x3,x30,x14	 x30:0x00000000 x14:0xff3f0421  x3=0x00000000
        8625000	       861	80004d00	41315313	srai	x6,x2,0x13	  x2:0x00000000  x6=0x00000000
        8635000	       862	80004d04	0100eab3	or	x21,x1,x16	  x1:0x00000001 x16:0xe49b0000 x21=0xe49b0001
        8645000	       863	80004d08	41f65533	sra	x10,x12,x31	 x12:0x0000036e x31:0x0003ffff x10=0x00000000
        8655000	       864	80004d0c	4112d5b3	sra	x11,x5,x17	  x5:0xfffffa7f x17:0x03fffff2 x11=0xffffffff
        8665000	       865	80004d10	00468633	add	x12,x13,x4	 x13:0xffffffff  x4:0x00000001 x12=0x00000000
        8675000	       866	80004d14	03088c63	beq	x17,x16,80004d4c	 x17:0x03fffff2 x16:0xe49b0000
        8685000	       867	80004d18	0048f463	bgeu	x17,x4,80004d20	 x17:0x03fffff2  x4:0x00000001
        8695000	       868	00000000	00000013	addi	x0,x0,0	  x0:0x00000000
        8705000	       869	80004d1c	00000013	addi	x0,x0,0	  x0:0x00000000
        8715000	       870	80004d20	0396e463	bltu	x13,x25,80004d48	 x13:0xffffffff x25:0xfffff95b
        8725000	       871	80004d24	020b6263	bltu	x22,x0,80004d48	 x22:0xff3f0420  x0:0x00000000
        8735000	       872	80004d28	4027d493	srai	x9,x15,0x2	 x15:0x00000488  x9=0x00000122
        8745000	       873	80004d2c	03988463	beq	x17,x25,80004d54	 x17:0x03fffff2 x25:0xfffff95b
        8755000	       874	80004d30	00643633	sltu	x12,x8,x6	  x8:0x80009fc4  x6:0x00000000 x12=0x00000000
        8765000	       875	80004d34	00000013	addi	x0,x0,0	  x0:0x00000000
        8775000	       876	80004d38	0042deb3	srl	x29,x5,x4	  x5:0xfffffa7f  x4:0x00000001 x29=0x7ffffd3f
        8785000	       877	80004d3c	add22737	lui	x14,0xadd22	 x14=0xadd22000
        8795000	       878	80004d40	841ccd17	auipc	x26,0x841cc	 x26=0x041d0d3c
        8805000	       879	80004d44	00caa733	slt	x14,x21,x12	 x21:0xe49b0001 x12:0x00000000 x14=0x00000001
        8815000	       880	80004d48	e7f3a693	slti	x13,x7,-385	  x7:0xff3f0420 x13=0x00000001
        8825000	       881	80004d4c	048ee863	bltu	x29,x8,80004d9c	 x29:0x7ffffd3f  x8:0x80009fc4
        8835000	       882	00000000	00000013	addi	x0,x0,0	  x0:0x00000000
        8845000	       883	80004d98	00000013	addi	x0,x0,0	  x0:0x00000000
        8855000	       884	80004d9c	085e4113	xori	x2,x28,133	 x28:0xf1d1afc9  x2=0xf1d1af4c
        8865000	       885	80004da0	045f0063	beq	x30,x5,80004de0	 x30:0x00000000  x5:0xfffffa7f
        8875000	       886	80004da4	0081fe63	bgeu	x3,x8,80004dc0	  x3:0x00000000  x8:0x80009fc4
        8885000	       887	80004da8	00000013	addi	x0,x0,0	  x0:0x00000000
        8895000	       888	80004dac	6b026497	auipc	x9,0x6b026	  x9=0xeb02ada8
        8905000	       889	80004db0	b4540493	addi	x9,x8,-1211	  x8:0x80009fc4  x9=0x80009b09
        8915000	       890	80004db4	009c11b3	sll	x3,x24,x9	 x24:0x00000768  x9:0x80009b09  x3=0x000ed000
        8925000	       891	80004db8	4def4f93	xori	x31,x30,1246	 x30:0x00000000 x31=0x000004de
        8935000	       892	80004dbc	0308ce63	blt	x17,x16,80004df8	 x17:0x03fffff2 x16:0xe49b0000
        8945000	       893	80004dc0	e9c18f93	addi	x31,x3,-356	  x3:0x000ed000 x31=0x000ece9c
        8955000	       894	80004dc4	04100863	beq	x0,x1,80004e14	  x0:0x00000000  x1:0x00000001
        8965000	       895	80004dc8	03b57263	bgeu	x10,x27,80004dec	 x10:0x00000000 x27:0x000003b5
        8975000	       896	80004dcc	41b65e93	srai	x29,x12,0x1b	 x12:0x00000000 x29=0x00000000
        8985000	       897	80004dd0	00f23cb3	sltu	x25,x4,x15	  x4:0x00000001 x15:0x00000488 x25=0x00000001
        8995000	       898	80004dd4	01bab8b3	sltu	x17,x21,x27	 x21:0xe49b0001 x27:0x000003b5 x17=0x00000000
        9005000	       899	80004dd8	01f5e9b3	or	x19,x11,x31	 x11:0xffffffff x31:0x000ece9c x19=0xffffffff
        9015000	       900	80004ddc	05305263	bge	x0,x19,80004e20	  x0:0x00000000 x19:0xffffffff
        9025000	       901	00000000	00000013	addi	x0,x0,0	  x0:0x00000000
        9035000	       902	80004e1c	00000013	addi	x0,x0,0	  x0:0x00000000
        9045000	       903	80004e20	41cbd533	sra	x10,x23,x28	 x23:0x0003ffff x28:0xf1d1afc9 x10=0x000001ff
        9055000	       904	80004e24	d24fb213	sltiu	x4,x31,-732	 x31:0x000ece9c  x4=0x00000001
        9065000	       905	80004e28	01787c33	and	x24,x16,x23	 x16:0xe49b0000 x23:0x0003ffff x24=0x00030000
        9075000	       906	80004e2c	fb023293	sltiu	x5,x4,-80	  x4:0x00000001  x5=0x00000001
        9085000	       907	80004e30	8cb60a93	addi	x21,x12,-1845	 x12:0x00000000 x21=0xfffff8cb
        9095000	       908	80004e34	006212b3	sll	x5,x4,x6	  x4:0x00000001  x6:0x00000000  x5=0x00000001
        9105000	       909	80004e38	015f1b33	sll	x22,x30,x21	 x30:0x00000000 x21:0xfffff8cb x22=0x00000000
        9115000	       910	80004e3c	42987813	andi	x16,x16,1065	 x16:0xe49b0000 x16=0x00000000
        9125000	       911	80004e40	24eb5f37	lui	x30,0x24eb5	 x30=0x24eb5000
        9135000	       912	80004e44	97b7ea93	ori	x21,x15,-1669	 x15:0x00000488 x21=0xfffffdfb
        9145000	       913	80004e48	05d0e263	bltu	x1,x29,80004e8c	  x1:0x00000001 x29:0x00000000
        9155000	       914	80004e4c	00e15613	srli	x12,x2,0xe	  x2:0xf1d1af4c x12=0x0003c746
        9165000	       915	80004e50	f60e3e93	sltiu	x29,x28,-160	 x28:0xf1d1afc9 x29=0x00000001
        9175000	       916	80004e54	030c5263	bge	x24,x16,80004e78	 x24:0x00030000 x16:0x00000000
        9185000	       917	00000000	00000013	addi	x0,x0,0	  x0:0x00000000
        9195000	       918	80004e74	00000013	addi	x0,x0,0	  x0:0x00000000
        9205000	       919	80004e78	00afefb3	or	x31,x31,x10	 x31:0x000ece9c x10:0x000001ff x31=0x000ecfff
        9215000	       920	80004e7c	03347463	bgeu	x8,x19,80004ea4	  x8:0x80009fc4 x19:0xffffffff
        9225000	       921	80004e80	03579463	bne	x15,x21,80004ea8	 x15:0x00000488 x21:0xfffffdfb
        9235000	       922	00000000	00000013	addi	x0,x0,0	  x0:0x00000000
        9245000	       923	80004ea4	00000013	addi	x0,x0,0	  x0:0x00000000
        9255000	       924	80004ea8	00ab0733	add	x14,x22,x10	 x22:0x00000000 x10:0x000001ff x14=0x000001ff
        9265000	       925	80004eac	40f15533	sra	x10,x2,x15	  x2:0xf1d1af4c x15:0x00000488 x10=0xfff1d1af
        9275000	       926	80004eb0	02648c63	beq	x9,x6,80004ee8	  x9:0x80009b09  x6:0x00000000
        9285000	       927	80004eb4	00bf00b3	add	x1,x30,x11	 x30:0x24eb5000 x11:0xffffffff  x1=0x24eb4fff
        9295000	       928	80004eb8	0293e463	bltu	x7,x9,80004ee0	  x7:0xff3f0420  x9:0x80009b09
        9305000	       929	80004ebc	404607b3	sub	x15,x12,x4	 x12:0x0003c746  x4:0x00000001 x15=0x0003c745
        9315000	       930	80004ec0	04bd1063	bne	x26,x11,80004f00	 x26:0x041d0d3c x11:0xffffffff
        9325000	       931	00000000	00000013	addi	x0,x0,0	  x0:0x00000000
        9335000	       932	80004efc	00000013	addi	x0,x0,0	  x0:0x00000000
        9345000	       933	80004f00	411b5d13	srai	x26,x22,0x11	 x22:0x00000000 x26=0x00000000
        9355000	       934	80004f04	5fc67217	auipc	x4,0x5fc67	  x4=0xdfc6bf00
        9365000	       935	80004f08	012996b3	sll	x13,x19,x18	 x19:0xffffffff x18:0x00000000 x13=0xffffffff
        9375000	       936	80004f0c	4087d493	srai	x9,x15,0x8	 x15:0x0003c745  x9=0x000003c7
        9385000	       937	80004f10	412ed213	srai	x4,x29,0x12	 x29:0x00000001  x4=0x00000000
        9395000	       938	80004f14	01499993	slli	x19,x19,0x14	 x19:0xffffffff x19=0xfff00000
        9405000	       939	80004f18	01f547b3	xor	x15,x10,x31	 x10:0xfff1d1af x31:0x000ecfff x15=0xffff1e50
        9415000	       940	80004f1c	40ed5f93	srai	x31,x26,0xe	 x26:0x00000000 x31=0x00000000
        9425000	       941	80004f20	04e48063	beq	x9,x14,80004f60	  x9:0x000003c7 x14:0x000001ff
        9435000	       942	80004f24	0181e033	or	x0,x3,x24	  x3:0x000ed000 x24:0x00030000
        9445000	       943	80004f28	00936c63	bltu	x6,x9,80004f40	  x6:0x00000000  x9:0x000003c7
        9455000	       944	00000000	00000013	addi	x0,x0,0	  x0:0x00000000
        9465000	       945	80004f3c	00000013	addi	x0,x0,0	  x0:0x00000000
        9475000	       946	80004f40	3f30ed17	auipc	x26,0x3f30e	 x26=0xbf312f3c
        9485000	       947	80004f44	8d2d0817	auipc	x16,0x8d2d0	 x16=0x0d2d4f40
        9495000	       948	80004f48	01fdfe63	bgeu	x27,x31,80004f64	 x27:0x000003b5 x31:0x00000000
        9505000	       949	00000000	00000013	addi	x0,x0,0	  x0:0x00000000
        9515000	       950	80004f60	00000013	addi	x0,x0,0	  x0:0x00000000
        9525000	       951	80004f64	38442817	auipc	x16,0x38442	 x16=0xb8446f60
        9535000	       952	80004f68	00bc6b33	or	x22,x24,x11	 x24:0x00030000 x11:0xffffffff x22=0xffffffff
        9545000	       953	80004f6c	5afec793	xori	x15,x29,1455	 x29:0x00000001 x15=0x000005ae
        9555000	       954	80004f70	5aea4593	xori	x11,x20,1454	 x20:0x80009ef0 x11=0x80009b5e
        9565000	       955	80004f74	9be0a613	slti	x12,x1,-1602	  x1:0x24eb4fff x12=0x00000000
        9575000	       956	80004f78	019ef0b3	and	x1,x29,x25	 x29:0x00000001 x25:0x00000001  x1=0x00000001
        9585000	       957	80004f7c	0282fc63	bgeu	x5,x8,80004fb4	  x5:0x00000001  x8:0x80009fc4
        9595000	       958	80004f80	95674313	xori	x6,x14,-1706	 x14:0x000001ff  x6=0xfffff8a9
        9605000	       959	80004f84	c0396cb7	lui	x25,0xc0396	 x25=0xc0396000
        9615000	       960	80004f88	11409463	bne	x1,x20,80005090	  x1:0x00000001 x20:0x80009ef0
        9625000	       961	00000000	00000013	addi	x0,x0,0	  x0:0x00000000
        9635000	       962	8000508c	00000013	addi	x0,x0,0	  x0:0x00000000
        9645000	       963	80005090	00dbc1b3	xor	x3,x23,x13	 x23:0x0003ffff x13:0xffffffff  x3=0xfffc0000
        9655000	       964	80005094	01fafdb3	and	x27,x21,x31	 x21:0xfffffdfb x31:0x00000000 x27=0x00000000
        9665000	       965	80005098	95ea8493	addi	x9,x21,-1698	 x21:0xfffffdfb  x9=0xfffff759
        9675000	       966	8000509c	5a88ce93	xori	x29,x17,1448	 x17:0x00000000 x29=0x000005a8
        9685000	       967	800050a0	01831713	slli	x14,x6,0x18	  x6:0xfffff8a9 x14=0xa9000000
        9695000	       968	800050a4	00f557b3	srl	x15,x10,x15	 x10:0xfff1d1af x15:0x000005ae x15=0x0003ffc7
        9705000	       969	800050a8	00c63db3	sltu	x27,x12,x12	 x12:0x00000000 x12:0x00000000 x27=0x00000000
        9715000	       970	800050ac	404a0fb3	sub	x31,x20,x4	 x20:0x80009ef0  x4:0x00000000 x31=0x80009ef0
        9725000	       971	800050b0	006b6bb3	or	x23,x22,x6	 x22:0xffffffff  x6:0xfffff8a9 x23=0xffffffff
        9735000	       972	800050b4	00805713	srli	x14,x0,0x8	  x0:0x00000000 x14=0x00000000
        9745000	       973	800050b8	30b97c97	auipc	x25,0x30b97	 x25=0xb0b9c0b4
        9755000	       974	800050bc	5b77e337	lui	x6,0x5b77e	  x6=0x5b77e000
        9765000	       975	800050c0	014318b3	sll	x17,x6,x20	  x6:0x5b77e000 x20:0x80009ef0 x17=0xe0000000
        9775000	       976	800050c4	4052dfb3	sra	x31,x5,x5	  x5:0x00000001  x5:0x00000001 x31=0x00000000
        9785000	       977	800050c8	00080fb3	add	x31,x16,x0	 x16:0xb8446f60  x0:0x00000000 x31=0xb8446f60
        9795000	       978	800050cc	00000013	addi	x0,x0,0	  x0:0x00000000
        9805000	       979	800050d0	01b00463	beq	x0,x27,800050d8	  x0:0x00000000 x27:0x00000000
        9815000	       980	00000000	00000013	addi	x0,x0,0	  x0:0x00000000
        9825000	       981	800050d4	00000013	addi	x0,x0,0	  x0:0x00000000
        9835000	       982	800050d8	40e95093	srai	x1,x18,0xe	 x18:0x00000000  x1=0x00000000
        9845000	       983	800050dc	23a0e693	ori	x13,x1,570	  x1:0x00000000 x13=0x0000023a
        9855000	       984	800050e0	41f9d2b3	sra	x5,x19,x31	 x19:0xfff00000 x31:0xb8446f60  x5=0xfff00000
        9865000	       985	800050e4	5716c313	xori	x6,x13,1393	 x13:0x0000023a  x6=0x0000074b
        9875000	       986	800050e8	004711b3	sll	x3,x14,x4	 x14:0x00000000  x4:0x00000000  x3=0x00000000
        9885000	       987	800050ec	c03b0813	addi	x16,x22,-1021	 x22:0xffffffff x16=0xfffffc02
        9895000	       988	800050f0	006239b3	sltu	x19,x4,x6	  x4:0x00000000  x6:0x0000074b x19=0x00000001
        9905000	       989	800050f4	01f12833	slt	x16,x2,x31	  x2:0xf1d1af4c x31:0xb8446f60 x16=0x00000000
        9915000	       990	800050f8	024f6c63	bltu	x30,x4,80005130	 x30:0x24eb5000  x4:0x00000000
        9925000	       991	800050fc	04e21663	bne	x4,x14,80005148	  x4:0x00000000 x14:0x00000000
        9935000	       992	80005100	031bc063	blt	x23,x17,80005120	 x23:0xffffffff x17:0xe0000000
        9945000	       993	80005104	6f069b17	auipc	x22,0x6f069	 x22=0xef06e100
        9955000	       994	80005108	8821c893	xori	x17,x3,-1918	  x3:0x00000000 x17=0xfffff882
        9965000	       995	8000510c	01960333	add	x6,x12,x25	 x12:0x00000000 x25:0xb0b9c0b4  x6=0xb0b9c0b4
        9975000	       996	80005110	4178dc13	srai	x24,x17,0x17	 x17:0xfffff882 x24=0xffffffff
        9985000	       997	80005114	01fd9333	sll	x6,x27,x31	 x27:0x00000000 x31:0xb8446f60  x6=0x00000000
        9995000	       998	80005118	01c61493	slli	x9,x12,0x1c	 x12:0x00000000  x9=0x00000000
       10005000	       999	8000511c	b0544397	auipc	x7,0xb0544	  x7=0x30549118
       10015000	      1000	80005120	00189863	bne	x17,x1,80005130	 x17:0xfffff882  x1:0x00000000
       10025000	      1001	00000000	00000013	addi	x0,x0,0	  x0:0x00000000
       10035000	      1002	8000512c	00000013	addi	x0,x0,0	  x0:0x00000000
       10045000	      1003	80005130	012de8b3	or	x17,x27,x18	 x27:0x00000000 x18:0x00000000 x17=0x00000000
       10055000	      1004	80005134	00157f33	and	x30,x10,x1	 x10:0xfff1d1af  x1:0x00000000 x30=0x00000000
       10065000	      1005	80005138	48bcc493	xori	x9,x25,1163	 x25:0xb0b9c0b4  x9=0xb0b9c43f
       10075000	      1006	8000513c	0380f263	bgeu	x1,x24,80005160	  x1:0x00000000 x24:0xffffffff
       10085000	      1007	80005140	009173b3	and	x7,x2,x9	  x2:0xf1d1af4c  x9:0xb0b9c43f  x7=0xb091840c
       10095000	      1008	80005144	5b878793	addi	x15,x15,1464	 x15:0x0003ffc7 x15=0x0004057f
       10105000	      1009	80005148	4b142813	slti	x16,x8,1201	  x8:0x80009fc4 x16=0x00000001
       10115000	      1010	8000514c	04b6d463	bge	x13,x11,80005194	 x13:0x0000023a x11:0x80009b5e
       10125000	      1011	00000000	00000013	addi	x0,x0,0	  x0:0x00000000
       10135000	      1012	80005190	00000013	addi	x0,x0,0	  x0:0x00000000
       10145000	      1013	80005194	00caa4b3	slt	x9,x21,x12	 x21:0xfffffdfb x12:0x00000000  x9=0x00000001
       10155000	      1014	80005198	0431c863	blt	x3,x3,800051e8	  x3:0x00000000  x3:0x00000000
       10165000	      1015	8000519c	00d1b0b3	sltu	x1,x3,x13	  x3:0x00000000 x13:0x0000023a  x1=0x00000001
       10175000	      1016	800051a0	4e6bcd93	xori	x27,x23,1254	 x23:0xffffffff x27=0xfffffb19
       10185000	      1017	800051a4	41485393	srai	x7,x16,0x14	 x16:0x00000001  x7=0x00000000
       10195000	      1018	800051a8	0040e3b3	or	x7,x1,x4	  x1:0x00000001  x4:0x00000000  x7=0x00000001
       10205000	      1019	800051ac	6b514993	xori	x19,x2,1717	  x2:0xf1d1af4c x19=0xf1d1a9f9
       10215000	      1020	800051b0	40cdd6b3	sra	x13,x27,x12	 x27:0xfffffb19 x12:0x00000000 x13=0xfffffb19
       10225000	      1021	800051b4	5f20fc13	andi	x24,x1,1522	  x1:0x00000001 x24=0x00000000
       10235000	      1022	800051b8	0130c9b3	xor	x19,x1,x19	  x1:0x00000001 x19:0xf1d1a9f9 x19=0xf1d1a9f8
       10245000	      1023	800051bc	02d0f263	bgeu	x1,x13,800051e0	  x1:0x00000001 x13:0xfffffb19
       10255000	      1024	800051c0	03980263	beq	x16,x25,800051e4	 x16:0x00000001 x25:0xb0b9c0b4
       10265000	      1025	800051c4	4080d893	srai	x17,x1,0x8	  x1:0x00000001 x17=0x00000000
       10275000	      1026	800051c8	0a525837	lui	x16,0xa525	 x16=0x0a525000
       10285000	      1027	800051cc	04a3f863	bgeu	x7,x10,8000521c	  x7:0x00000001 x10:0xfff1d1af
       10295000	      1028	800051d0	40c08533	sub	x10,x1,x12	  x1:0x00000001 x12:0x00000000 x10=0x00000001
       10305000	      1029	800051d4	00c659b3	srl	x19,x12,x12	 x12:0x00000000 x12:0x00000000 x19=0x00000000
       10315000	      1030	800051d8	62f9a213	slti	x4,x19,1583	 x19:0x00000000  x4=0x00000001
       10325000	      1031	800051dc	0130b733	sltu	x14,x1,x19	  x1:0x00000001 x19:0x00000000 x14=0x00000000
       10335000	      1032	800051e0	004168b3	or	x17,x2,x4	  x2:0xf1d1af4c  x4:0x00000001 x17=0xf1d1af4d
       10345000	      1033	800051e4	00461713	slli	x14,x12,0x4	 x12:0x00000000 x14=0x00000000
       10355000	      1034	800051e8	007fafb3	slt	x31,x31,x7	 x31:0xb8446f60  x7:0x00000001 x31=0x00000001
       10365000	      1035	800051ec	4f378093	addi	x1,x15,1267	 x15:0x0004057f  x1=0x00040a72
       10375000	      1036	800051f0	0ec74993	xori	x19,x14,236	 x14:0x00000000 x19=0x000000ec
       10385000	      1037	800051f4	04c8f663	bgeu	x17,x12,80005240	 x17:0xf1d1af4d x12:0x00000000
       10395000	      1038	00000000	00000013	addi	x0,x0,0	  x0:0x00000000
       10405000	      1039	8000523c	00000013	addi	x0,x0,0	  x0:0x00000000
       10415000	      1040	80005240	07b290b7	lui	x1,0x7b29	  x1=0x07b29000
       10425000	      1041	80005244	01ebe5b3	or	x11,x23,x30	 x23:0xffffffff x30:0x00000000 x11=0xffffffff
       10435000	      1042	80005248	059a8063	beq	x21,x25,80005288	 x21:0xfffffdfb x25:0xb0b9c0b4
       10445000	      1043	8000524c	02258463	beq	x11,x2,80005274	 x11:0xffffffff  x2:0xf1d1af4c
       10455000	      1044	80005250	03421863	bne	x4,x20,80005280	  x4:0x00000001 x20:0x80009ef0
       10465000	      1045	00000000	00000013	addi	x0,x0,0	  x0:0x00000000
       10475000	      1046	8000527c	00000013	addi	x0,x0,0	  x0:0x00000000
       10485000	      1047	80005280	76e9a093	slti	x1,x19,1902	 x19:0x000000ec  x1=0x00000001
       10495000	      1048	80005284	00000013	addi	x0,x0,0	  x0:0x00000000
       10505000	      1049	80005288	40b05fb3	sra	x31,x0,x11	  x0:0x00000000 x11:0xffffffff x31=0x00000000
       10515000	      1050	8000528c	01e05533	srl	x10,x0,x30	  x0:0x00000000 x30:0x00000000 x10=0x00000000
       10525000	      1051	80005290	01fc9f93	slli	x31,x25,0x1f	 x25:0xb0b9c0b4 x31=0x00000000
       10535000	      1052	80005294	009a5913	srli	x18,x20,0x9	 x20:0x80009ef0 x18=0x0040004f
       10545000	      1053	80005298	0142e733	or	x14,x5,x20	  x5:0xfff00000 x20:0x80009ef0 x14=0xfff09ef0
       10555000	      1054	8000529c	012f9293	slli	x5,x31,0x12	 x31:0x00000000  x5=0x00000000
       10565000	      1055	800052a0	0173e633	or	x12,x7,x23	  x7:0x00000001 x23:0xffffffff x12=0xffffffff
       10575000	      1056	800052a4	5ec40a93	addi	x21,x8,1516	  x8:0x80009fc4 x21=0x8000a5b0
       10585000	      1057	800052a8	f3327613	andi	x12,x4,-205	  x4:0x00000001 x12=0x00000001
       10595000	      1058	800052ac	000a61b3	or	x3,x20,x0	 x20:0x80009ef0  x0:0x00000000  x3=0x80009ef0
       10605000	      1059	800052b0	00477a63	bgeu	x14,x4,800052c4	 x14:0xfff09ef0  x4:0x00000001
       10615000	      1060	00000000	00000013	addi	x0,x0,0	  x0:0x00000000
       10625000	      1061	800052c0	00000013	addi	x0,x0,0	  x0:0x00000000
       10635000	      1062	800052c4	0473dc63	bge	x7,x7,8000531c	  x7:0x00000001  x7:0x00000001
       10645000	      1063	00000000	00000013	addi	x0,x0,0	  x0:0x00000000
       10655000	      1064	80005318	00000013	addi	x0,x0,0	  x0:0x00000000
       10665000	      1065	8000531c	0110e3b3	or	x7,x1,x17	  x1:0x00000001 x17:0xf1d1af4d  x7=0xf1d1af4d
       10675000	      1066	80005320	050d6263	bltu	x26,x16,80005364	 x26:0xbf312f3c x16:0x0a525000
       10685000	      1067	80005324	02b0fc63	bgeu	x1,x11,8000535c	  x1:0x00000001 x11:0xffffffff
       10695000	      1068	80005328	41d1d093	srai	x1,x3,0x1d	  x3:0x80009ef0  x1=0xfffffffc
       10705000	      1069	8000532c	012b8663	beq	x23,x18,80005338	 x23:0xffffffff x18:0x0040004f
       10715000	      1070	80005330	cca89137	lui	x2,0xcca89	  x2=0xcca89000
       10725000	      1071	80005334	01d8e7b3	or	x15,x17,x29	 x17:0xf1d1af4d x29:0x000005a8 x15=0xf1d1afed
       10735000	      1072	80005338	7a436897	auipc	x17,0x7a436	 x17=0xfa43b334
       10745000	      1073	8000533c	9f0e2a93	slti	x21,x28,-1552	 x28:0xf1d1afc9 x21=0x00000001
       10755000	      1074	80005340	74ad7393	andi	x7,x26,1866	 x26:0xbf312f3c  x7=0x00000708
       10765000	      1075	80005344	00ff9c63	bne	x31,x15,8000535c	 x31:0x00000000 x15:0xf1d1afed
       10775000	      1076	00000000	00000013	addi	x0,x0,0	  x0:0x00000000
       10785000	      1077	80005358	00000013	addi	x0,x0,0	  x0:0x00000000
       10795000	      1078	8000535c	01a35333	srl	x6,x6,x26	  x6:0x00000000 x26:0xbf312f3c  x6=0x00000000
       10805000	      1079	80005360	41b60eb3	sub	x29,x12,x27	 x12:0x00000001 x27:0xfffffb19 x29=0x000004e8
       10815000	      1080	80005364	00bcc5b3	xor	x11,x25,x11	 x25:0xb0b9c0b4 x11:0xffffffff x11=0x4f463f4b
       10825000	      1081	80005368	005d54b3	srl	x9,x26,x5	 x26:0xbf312f3c  x5:0x00000000  x9=0xbf312f3c
       10835000	      1082	8000536c	07c66393	ori	x7,x12,124	 x12:0x00000001  x7=0x0000007d
       10845000	      1083	80005370	001befb3	or	x31,x23,x1	 x23:0xffffffff  x1:0xfffffffc x31=0xffffffff
       10855000	      1084	80005374	019060b3	or	x1,x0,x25	  x0:0x00000000 x25:0xb0b9c0b4  x1=0xb0b9c0b4
       10865000	      1085	80005378	01e01493	slli	x9,x0,0x1e	  x0:0x00000000  x9=0x00000000
       10875000	      1086	8000537c	41af86b3	sub	x13,x31,x26	 x31:0xffffffff x26:0xbf312f3c x13=0x40ced0c3
       10885000	      1087	80005380	00000013	addi	x0,x0,0	  x0:0x00000000
       10895000	      1088	80005384	d0b72393	slti	x7,x14,-757	 x14:0xfff09ef0  x7=0x00000001
       10905000	      1089	80005388	0173e833	or	x16,x7,x23	  x7:0x00000001 x23:0xffffffff x16=0xffffffff
       10915000	      1090	8000538c	02ff3d93	sltiu	x27,x30,47	 x30:0x00000000 x27=0x00000001
       10925000	      1091	80005390	01e6a0b3	slt	x1,x13,x30	 x13:0x40ced0c3 x30:0x00000000  x1=0x00000000
       10935000	      1092	80005394	40e6dd33	sra	x26,x13,x14	 x13:0x40ced0c3 x14:0xfff09ef0 x26=0x000040ce
       10945000	      1093	80005398	b934b013	sltiu	x0,x9,-1133	  x9:0x00000000
       10955000	      1094	8000539c	008a2233	slt	x4,x20,x8	 x20:0x80009ef0  x8:0x80009fc4  x4=0x00000001
       10965000	      1095	800053a0	40ced393	srai	x7,x29,0xc	 x29:0x000004e8  x7=0x00000000
       10975000	      1096	800053a4	00f38733	add	x14,x7,x15	  x7:0x00000000 x15:0xf1d1afed x14=0xf1d1afed
       10985000	      1097	800053a8	006a90b3	sll	x1,x21,x6	 x21:0x00000001  x6:0x00000000  x1=0x00000001
       10995000	      1098	800053ac	6539f793	andi	x15,x19,1619	 x19:0x000000ec x15=0x00000040
       11005000	      1099	800053b0	40770733	sub	x14,x14,x7	 x14:0xf1d1afed  x7:0x00000000 x14=0xf1d1afed
       11015000	      1100	800053b4	1e316993	ori	x19,x2,483	  x2:0xcca89000 x19=0xcca891e3
       11025000	      1101	800053b8	01595d33	srl	x26,x18,x21	 x18:0x0040004f x21:0x00000001 x26=0x00200027
       11035000	      1102	800053bc	41b5d633	sra	x12,x11,x27	 x11:0x4f463f4b x27:0x00000001 x12=0x27a31fa5
       11045000	      1103	800053c0	04ec8513	addi	x10,x25,78	 x25:0xb0b9c0b4 x10=0xb0b9c102
       11055000	      1104	800053c4	00000013	addi	x0,x0,0	  x0:0x00000000
       11065000	      1105	800053c8	66faf793	andi	x15,x21,1647	 x21:0x00000001 x15=0x00000001
       11075000	      1106	800053cc	00bb1d13	slli	x26,x22,0xb	 x22:0xef06e100 x26=0x37080000
       11085000	      1107	800053d0	e2dfa293	slti	x5,x31,-467	 x31:0xffffffff  x5=0x00000000
       11095000	      1108	800053d4	be3fbc13	sltiu	x24,x31,-1053	 x31:0xffffffff x24=0x00000000
       11105000	      1109	800053d8	016cb3b3	sltu	x7,x25,x22	 x25:0xb0b9c0b4 x22:0xef06e100  x7=0x00000001
       11115000	      1110	800053dc	00000013	addi	x0,x0,0	  x0:0x00000000
       11125000	      1111	800053e0	0245c463	blt	x11,x4,80005408	 x11:0x4f463f4b  x4:0x00000001
       11135000	      1112	800053e4	b66c8b93	addi	x23,x25,-1178	 x25:0xb0b9c0b4 x23=0xb0b9bc1a
       11145000	      1113	800053e8	4139da93	srai	x21,x19,0x13	 x19:0xcca891e3 x21=0xfffff995
       11155000	      1114	800053ec	401509b3	sub	x19,x10,x1	 x10:0xb0b9c102  x1:0x00000001 x19=0xb0b9c101
       11165000	      1115	800053f0	4582b593	sltiu	x11,x5,1112	  x5:0x00000000 x11=0x00000001
       11175000	      1116	800053f4	60b62593	slti	x11,x12,1547	 x12:0x27a31fa5 x11=0x00000000
       11185000	      1117	800053f8	016b9d33	sll	x26,x23,x22	 x23:0xb0b9bc1a x22:0xef06e100 x26=0xb0b9bc1a
       11195000	      1118	800053fc	01a582b3	add	x5,x11,x26	 x11:0x00000000 x26:0xb0b9bc1a  x5=0xb0b9bc1a
       11205000	      1119	80005400	00000013	addi	x0,x0,0	  x0:0x00000000
       11215000	      1120	80005404	003a5bb3	srl	x23,x20,x3	 x20:0x80009ef0  x3:0x80009ef0 x23=0x00008000
       11225000	      1121	80005408	0413d263	bge	x7,x1,8000544c	  x7:0x00000001  x1:0x00000001
       11235000	      1122	00000000	00000013	addi	x0,x0,0	  x0:0x00000000
       11245000	      1123	80005448	00000013	addi	x0,x0,0	  x0:0x00000000
       11255000	      1124	8000544c	00910e63	beq	x2,x9,80005468	  x2:0xcca89000  x9:0x00000000
       11265000	      1125	80005450	403b51b3	sra	x3,x22,x3	 x22:0xef06e100  x3:0x80009ef0  x3=0xffffef06
       11275000	      1126	80005454	35a8b913	sltiu	x18,x17,858	 x17:0xfa43b334 x18=0x00000000
       11285000	      1127	80005458	00b324b3	slt	x9,x6,x11	  x6:0x00000000 x11:0x00000000  x9=0x00000000
       11295000	      1128	8000545c	376fec37	lui	x24,0x376fe	 x24=0x376fe000
       11305000	      1129	80005460	00f61893	slli	x17,x12,0xf	 x12:0x27a31fa5 x17=0x8fd28000
       11315000	      1130	80005464	2d33c497	auipc	x9,0x2d33c	  x9=0xad341460
       11325000	      1131	80005468	d6e4c993	xori	x19,x9,-658	  x9:0xad341460 x19=0x52cbe90e
       11335000	      1132	8000546c	00f53933	sltu	x18,x10,x15	 x10:0xb0b9c102 x15:0x00000001 x18=0x00000000
       11345000	      1133	80005470	c1c57193	andi	x3,x10,-996	 x10:0xb0b9c102  x3=0xb0b9c000
       11355000	      1134	80005474	33d47a93	andi	x21,x8,829	  x8:0x80009fc4 x21=0x00000304
       11365000	      1135	80005478	0240e263	bltu	x1,x4,8000549c	  x1:0x00000001  x4:0x00000001
       11375000	      1136	8000547c	00899c13	slli	x24,x19,0x8	 x19:0x52cbe90e x24=0xcbe90e00
       11385000	      1137	80005480	009ad093	srli	x1,x21,0x9	 x21:0x00000304  x1=0x00000001
       11395000	      1138	80005484	410082b3	sub	x5,x1,x16	  x1:0x00000001 x16:0xffffffff  x5=0x00000002
       11405000	      1139	80005488	406101b3	sub	x3,x2,x6	  x2:0xcca89000  x6:0x00000000  x3=0xcca89000
       11415000	      1140	8000548c	0157fc33	and	x24,x15,x21	 x15:0x00000001 x21:0x00000304 x24=0x00000000
       11425000	      1141	80005490	40e30bb3	sub	x23,x6,x14	  x6:0x00000000 x14:0xf1d1afed x23=0x0e2e5013
       11435000	      1142	80005494	03b3e063	bltu	x7,x27,800054b4	  x7:0x00000001 x27:0x00000001
       11445000	      1143	80005498	04518663	beq	x3,x5,800054e4	  x3:0xcca89000  x5:0x00000002
       11455000	      1144	8000549c	0095ef33	or	x30,x11,x9	 x11:0x00000000  x9:0xad341460 x30=0xad341460
       11465000	      1145	800054a0	017f5b33	srl	x22,x30,x23	 x30:0xad341460 x23:0x0e2e5013 x22=0x000015a6
       11475000	      1146	800054a4	00cc5463	bge	x24,x12,800054ac	 x24:0x00000000 x12:0x27a31fa5
       11485000	      1147	800054a8	fb003613	sltiu	x12,x0,-80	  x0:0x00000000 x12=0x00000001
       11495000	      1148	800054ac	00ec2333	slt	x6,x24,x14	 x24:0x00000000 x14:0xf1d1afed  x6=0x00000000
       11505000	      1149	800054b0	00000013	addi	x0,x0,0	  x0:0x00000000
       11515000	      1150	800054b4	0028f933	and	x18,x17,x2	 x17:0x8fd28000  x2:0xcca89000 x18=0x8c808000
       11525000	      1151	800054b8	05d61263	bne	x12,x29,800054fc	 x12:0x00000001 x29:0x000004e8
       11535000	      1152	00000000	00000013	addi	x0,x0,0	  x0:0x00000000
       11545000	      1153	800054f8	00000013	addi	x0,x0,0	  x0:0x00000000
       11555000	      1154	800054fc	0100ab33	slt	x22,x1,x16	  x1:0x00000001 x16:0xffffffff x22=0x00000000
       11565000	      1155	80005500	059a4263	blt	x20,x25,80005544	 x20:0x80009ef0 x25:0xb0b9c0b4
       11575000	      1156	00000000	00000013	addi	x0,x0,0	  x0:0x00000000
       11585000	      1157	80005540	00000013	addi	x0,x0,0	  x0:0x00000000
       11595000	      1158	80005544	0151d293	srli	x5,x3,0x15	  x3:0xcca89000  x5=0x00000665
       11605000	      1159	80005548	2a714d93	xori	x27,x2,679	  x2:0xcca89000 x27=0xcca892a7
       11615000	      1160	8000554c	01b73233	sltu	x4,x14,x27	 x14:0xf1d1afed x27:0xcca892a7  x4=0x00000000
       11625000	      1161	80005550	01994d33	xor	x26,x18,x25	 x18:0x8c808000 x25:0xb0b9c0b4 x26=0x3c3940b4
       11635000	      1162	80005554	01244bb3	xor	x23,x8,x18	  x8:0x80009fc4 x18:0x8c808000 x23=0x0c801fc4
       11645000	      1163	80005558	01bf8233	add	x4,x31,x27	 x31:0xffffffff x27:0xcca892a7  x4=0xcca892a6
       11655000	      1164	8000555c	01d81913	slli	x18,x16,0x1d	 x16:0xffffffff x18=0xe0000000
       11665000	      1165	80005560	03856863	bltu	x10,x24,80005590	 x10:0xb0b9c102 x24:0x00000000
       11675000	      1166	80005564	01b5b333	sltu	x6,x11,x27	 x11:0x00000000 x27:0xcca892a7  x6=0x00000001
       11685000	      1167	80005568	66b4c0b7	lui	x1,0x66b4c	  x1=0x66b4c000
       11695000	      1168	8000556c	0005d863	bge	x11,x0,8000557c	 x11:0x00000000  x0:0x00000000
       11705000	      1169	00000000	00000013	addi	x0,x0,0	  x0:0x00000000
       11715000	      1170	80005578	00000013	addi	x0,x0,0	  x0:0x00000000
       11725000	      1171	8000557c	ee437493	andi	x9,x6,-284	  x6:0x00000001  x9=0x00000000
       11735000	      1172	80005580	e2d94513	xori	x10,x18,-467	 x18:0xe0000000 x10=0x1ffffe2d
       11745000	      1173	80005584	4100d893	srai	x17,x1,0x10	  x1:0x66b4c000 x17=0x000066b4
       11755000	      1174	80005588	00986663	bltu	x16,x9,80005594	 x16:0xffffffff  x9:0x00000000
       11765000	      1175	8000558c	c8a06c13	ori	x24,x0,-886	  x0:0x00000000 x24=0xfffffc8a
       11775000	      1176	80005590	00111bb3	sll	x23,x2,x1	  x2:0xcca89000  x1:0x66b4c000 x23=0xcca89000
       11785000	      1177	80005594	00402cb3	slt	x25,x0,x4	  x0:0x00000000  x4:0xcca892a6 x25=0x00000000
       11795000	      1178	80005598	0002d813	srli	x16,x5,0x0	  x5:0x00000665 x16=0x00000665
       11805000	      1179	8000559c	00baaeb3	slt	x29,x21,x11	 x21:0x00000304 x11:0x00000000 x29=0x00000000
       11815000	      1180	800055a0	b3f5c313	xori	x6,x11,-1217	 x11:0x00000000  x6=0xfffffb3f
       11825000	      1181	800055a4	004e4f33	xor	x30,x28,x4	 x28:0xf1d1afc9  x4:0xcca892a6 x30=0x3d793d6f
       11835000	      1182	800055a8	118f7c93	andi	x25,x30,280	 x30:0x3d793d6f x25=0x00000108
       11845000	      1183	800055ac	0581f263	bgeu	x3,x24,800055f0	  x3:0xcca89000 x24:0xfffffc8a
       11855000	      1184	800055b0	03ef5c63	bge	x30,x30,800055e8	 x30:0x3d793d6f x30:0x3d793d6f
       11865000	      1185	00000000	00000013	addi	x0,x0,0	  x0:0x00000000
       11875000	      1186	800055e4	00000013	addi	x0,x0,0	  x0:0x00000000
       11885000	      1187	800055e8	017c1f13	slli	x30,x24,0x17	 x24:0xfffffc8a x30=0x45000000
       11895000	      1188	800055ec	000a01b3	add	x3,x20,x0	 x20:0x80009ef0  x0:0x00000000  x3=0x80009ef0
       11905000	      1189	800055f0	41dfd113	srai	x2,x31,0x1d	 x31:0xffffffff  x2=0xffffffff
       11915000	      1190	800055f4	00b4c033	xor	x0,x9,x11	  x9:0x00000000 x11:0x00000000
       11925000	      1191	800055f8	4058d593	srai	x11,x17,0x5	 x17:0x000066b4 x11=0x00000335
       11935000	      1192	800055fc	b4a18913	addi	x18,x3,-1206	  x3:0x80009ef0 x18=0x80009a3a
       11945000	      1193	80005600	41a95193	srai	x3,x18,0x1a	 x18:0x80009a3a  x3=0xffffffe0
       11955000	      1194	80005604	17fbab13	slti	x22,x23,383	 x23:0xcca89000 x22=0x00000001
       11965000	      1195	80005608	41c6de93	srai	x29,x13,0x1c	 x13:0x40ced0c3 x29=0x00000004
       11975000	      1196	8000560c	01141e93	slli	x29,x8,0x11	  x8:0x80009fc4 x29=0x3f880000
       11985000	      1197	80005610	01715a63	bge	x2,x23,80005624	  x2:0xffffffff x23:0xcca89000
       11995000	      1198	00000000	00000013	addi	x0,x0,0	  x0:0x00000000
       12005000	      1199	80005620	00000013	addi	x0,x0,0	  x0:0x00000000
       12015000	      1200	80005624	0193ad33	slt	x26,x7,x25	  x7:0x00000001 x25:0x00000108 x26=0x00000001
       12025000	      1201	80005628	003f5033	srl	x0,x30,x3	 x30:0x45000000  x3:0xffffffe0
       12035000	      1202	8000562c	0f257c13	andi	x24,x10,242	 x10:0x1ffffe2d x24=0x00000020
       12045000	      1203	80005630	40d58733	sub	x14,x11,x13	 x11:0x00000335 x13:0x40ced0c3 x14=0xbf313272
       12055000	      1204	80005634	264c0613	addi	x12,x24,612	 x24:0x00000020 x12=0x00000284
       12065000	      1205	80005638	01eba0b3	slt	x1,x23,x30	 x23:0xcca89000 x30:0x45000000  x1=0x00000001
       12075000	      1206	8000563c	00000013	addi	x0,x0,0	  x0:0x00000000
       12085000	      1207	80005640	408d83b3	sub	x7,x27,x8	 x27:0xcca892a7  x8:0x80009fc4  x7=0x4ca7f2e3
       12095000	      1208	80005644	024d9263	bne	x27,x4,80005668	 x27:0xcca892a7  x4:0xcca892a6
       12105000	      1209	00000000	00000013	addi	x0,x0,0	  x0:0x00000000
       12115000	      1210	80005664	00000013	addi	x0,x0,0	  x0:0x00000000
       12125000	      1211	80005668	044b0263	beq	x22,x4,800056ac	 x22:0x00000001  x4:0xcca892a6
       12135000	      1212	8000566c	014d03b3	add	x7,x26,x20	 x26:0x00000001 x20:0x80009ef0  x7=0x80009ef1
       12145000	      1213	80005670	03a30263	beq	x6,x26,80005694	  x6:0xfffffb3f x26:0x00000001
       12155000	      1214	80005674	0429d063	bge	x19,x2,800056b4	 x19:0x52cbe90e  x2:0xffffffff
       12165000	      1215	00000000	00000013	addi	x0,x0,0	  x0:0x00000000
       12175000	      1216	800056b0	00000013	addi	x0,x0,0	  x0:0x00000000
       12185000	      1217	800056b4	000c9933	sll	x18,x25,x0	 x25:0x00000108  x0:0x00000000 x18=0x00000108
       12195000	      1218	800056b8	01e4d2b3	srl	x5,x9,x30	  x9:0x00000000 x30:0x45000000  x5=0x00000000
       12205000	      1219	800056bc	002d18b3	sll	x17,x26,x2	 x26:0x00000001  x2:0xffffffff x17=0x80000000
       12215000	      1220	800056c0	418180b3	sub	x1,x3,x24	  x3:0xffffffe0 x24:0x00000020  x1=0xffffffc0
       12225000	      1221	800056c4	96c6a113	slti	x2,x13,-1684	 x13:0x40ced0c3  x2=0x00000000
       12235000	      1222	800056c8	00d7b4b3	sltu	x9,x15,x13	 x15:0x00000001 x13:0x40ced0c3  x9=0x00000001
       12245000	      1223	800056cc	001d4833	xor	x16,x26,x1	 x26:0x00000001  x1:0xffffffc0 x16=0xffffffc1
       12255000	      1224	800056d0	001d5893	srli	x17,x26,0x1	 x26:0x00000001 x17=0x00000000
       12265000	      1225	800056d4	002c18b3	sll	x17,x24,x2	 x24:0x00000020  x2:0x00000000 x17=0x00000020
       12275000	      1226	800056d8	031fcc63	blt	x31,x17,80005710	 x31:0xffffffff x17:0x00000020
       12285000	      1227	00000000	00000013	addi	x0,x0,0	  x0:0x00000000
       12295000	      1228	8000570c	00000013	addi	x0,x0,0	  x0:0x00000000
       12305000	      1229	80005710	f5574593	xori	x11,x14,-171	 x14:0xbf313272 x11=0x40cecd27
       12315000	      1230	80005714	00f41813	slli	x16,x8,0xf	  x8:0x80009fc4 x16=0x4fe20000
       12325000	      1231	80005718	04517263	bgeu	x2,x5,8000575c	  x2:0x00000000  x5:0x00000000
       12335000	      1232	00000000	00000013	addi	x0,x0,0	  x0:0x00000000
       12345000	      1233	80005758	00000013	addi	x0,x0,0	  x0:0x00000000
       12355000	      1234	8000575c	012516b3	sll	x13,x10,x18	 x10:0x1ffffe2d x18:0x00000108 x13=0xfffe2d00
       12365000	      1235	80005760	03d96463	bltu	x18,x29,80005788	 x18:0x00000108 x29:0x3f880000
       12375000	      1236	00000000	00000013	addi	x0,x0,0	  x0:0x00000000
       12385000	      1237	80005784	00000013	addi	x0,x0,0	  x0:0x00000000
       12395000	      1238	80005788	52317b93	andi	x23,x2,1315	  x2:0x00000000 x23=0x00000000
       12405000	      1239	8000578c	409654b3	sra	x9,x12,x9	 x12:0x00000284  x9:0x00000001  x9=0x00000142
       12415000	      1240	80005790	1fc96b13	ori	x22,x18,508	 x18:0x00000108 x22=0x000001fc
       12425000	      1241	80005794	020f9063	bne	x31,x0,800057b4	 x31:0xffffffff  x0:0x00000000
       12435000	      1242	00000000	00000013	addi	x0,x0,0	  x0:0x00000000
       12445000	      1243	800057b0	00000013	addi	x0,x0,0	  x0:0x00000000
       12455000	      1244	800057b4	00779e63	bne	x15,x7,800057d0	 x15:0x00000001  x7:0x80009ef1
       12465000	      1245	00000000	00000013	addi	x0,x0,0	  x0:0x00000000
       12475000	      1246	800057cc	00000013	addi	x0,x0,0	  x0:0x00000000
       12485000	      1247	800057d0	010da7b3	slt	x15,x27,x16	 x27:0xcca892a7 x16:0x4fe20000 x15=0x00000001
       12495000	      1248	800057d4	41888033	sub	x0,x17,x24	 x17:0x00000020 x24:0x00000020
       12505000	      1249	800057d8	00ea82b3	add	x5,x21,x14	 x21:0x00000304 x14:0xbf313272  x5=0xbf313576
       12515000	      1250	800057dc	1d0b8013	addi	x0,x23,464	 x23:0x00000000
       12525000	      1251	800057e0	52f18193	addi	x3,x3,1327	  x3:0xffffffe0  x3=0x0000050f
       12535000	      1252	800057e4	008bd993	srli	x19,x23,0x8	 x23:0x00000000 x19=0x00000000
       12545000	      1253	800057e8	1fe11717	auipc	x14,0x1fe11	 x14=0x9fe167e4
       12555000	      1254	800057ec	618ce993	ori	x19,x25,1560	 x25:0x00000108 x19=0x00000718
       12565000	      1255	800057f0	013ae8b3	or	x17,x21,x19	 x21:0x00000304 x19:0x00000718 x17=0x0000071c
       12575000	      1256	800057f4	f9318293	addi	x5,x3,-109	  x3:0x0000050f  x5=0x000004a2
       12585000	      1257	800057f8	5e400913	addi	x18,x0,1508	  x0:0x00000000 x18=0x000005e4
       12595000	      1258	800057fc	00f2f6b3	and	x13,x5,x15	  x5:0x000004a2 x15:0x00000001 x13=0x00000000
       12605000	      1259	80005800	00453cb3	sltu	x25,x10,x4	 x10:0x1ffffe2d  x4:0xcca892a6 x25=0x00000001
       12615000	      1260	80005804	01dc2033	slt	x0,x24,x29	 x24:0x00000020 x29:0x3f880000
       12625000	      1261	80005808	11e40b17	auipc	x22,0x11e40	 x22=0x91e45804
       12635000	      1262	8000580c	92f28f13	addi	x30,x5,-1745	  x5:0x000004a2 x30=0xfffffdd1
       12645000	      1263	80005810	02edf263	bgeu	x27,x14,80005834	 x27:0xcca892a7 x14:0x9fe167e4
       12655000	      1264	00000000	00000013	addi	x0,x0,0	  x0:0x00000000
       12665000	      1265	80005830	00000013	addi	x0,x0,0	  x0:0x00000000
       12675000	      1266	80005834	413b8533	sub	x10,x23,x19	 x23:0x00000000 x19:0x00000718 x10=0xfffff8e8
       12685000	      1267	80005838	21d9fc13	andi	x24,x19,541	 x19:0x00000718 x24=0x00000218
       12695000	      1268	8000583c	41d95293	srai	x5,x18,0x1d	 x18:0x000005e4  x5=0x00000000
       12705000	      1269	80005840	01a0f4b3	and	x9,x1,x26	  x1:0xffffffc0 x26:0x00000001  x9=0x00000000
       12715000	      1270	80005844	02f0de63	bge	x1,x15,80005880	  x1:0xffffffc0 x15:0x00000001
       12725000	      1271	80005848	3805fd17	auipc	x26,0x3805f	 x26=0xb8064844
       12735000	      1272	8000584c	05e00263	beq	x0,x30,80005890	  x0:0x00000000 x30:0xfffffdd1
       12745000	      1273	80005850	051e8663	beq	x29,x17,8000589c	 x29:0x3f880000 x17:0x0000071c
       12755000	      1274	80005854	008ac2b3	xor	x5,x21,x8	 x21:0x00000304  x8:0x80009fc4  x5=0x80009cc0
       12765000	      1275	80005858	00199313	slli	x6,x19,0x1	 x19:0x00000718  x6=0x00000e30
       12775000	      1276	8000585c	36148c13	addi	x24,x9,865	  x9:0x00000000 x24=0x00000361
       12785000	      1277	80005860	f7950093	addi	x1,x10,-135	 x10:0xfffff8e8  x1=0xfffff861
       12795000	      1278	80005864	00cfe5b3	or	x11,x31,x12	 x31:0xffffffff x12:0x00000284 x11=0xffffffff
       12805000	      1279	80005868	5630a893	slti	x17,x1,1379	  x1:0xfffff861 x17=0x00000001
       12815000	      1280	8000586c	001b9833	sll	x16,x23,x1	 x23:0x00000000  x1:0xfffff861 x16=0x00000000
       12825000	      1281	80005870	e12f4c93	xori	x25,x30,-494	 x30:0xfffffdd1 x25=0x000003c3
       12835000	      1282	80005874	41478b33	sub	x22,x15,x20	 x15:0x00000001 x20:0x80009ef0 x22=0x7fff6111
       12845000	      1283	80005878	0072bb33	sltu	x22,x5,x7	  x5:0x80009cc0  x7:0x80009ef1 x22=0x00000001
       12855000	      1284	8000587c	eda5a313	slti	x6,x11,-294	 x11:0xffffffff  x6=0x00000000
       12865000	      1285	80005880	cc133393	sltiu	x7,x6,-831	  x6:0x00000000  x7=0x00000001
       12875000	      1286	80005884	d3c691b7	lui	x3,0xd3c69	  x3=0xd3c69000
       12885000	      1287	80005888	031e1a63	bne	x28,x17,800058bc	 x28:0xf1d1afc9 x17:0x00000001
       12895000	      1288	00000000	00000013	addi	x0,x0,0	  x0:0x00000000
       12905000	      1289	800058b8	00000013	addi	x0,x0,0	  x0:0x00000000
       12915000	      1290	800058bc	5caa33b7	lui	x7,0x5caa3	  x7=0x5caa3000
       12925000	      1291	800058c0	ef032913	slti	x18,x6,-272	  x6:0x00000000 x18=0x00000000
       12935000	      1292	800058c4	5912d717	auipc	x14,0x5912d	 x14=0xd91328c0
       12945000	      1293	800058c8	004a2783	lw	x15,4(x20)	 x20:0x80009ef0 x15=0x80001b4c PA:0x80009ef4
       12955000	      1294	800058cc	0148a833	slt	x16,x17,x20	 x17:0x00000001 x20:0x80009ef0 x16=0x00000000
       12965000	      1295	800058d0	00aad933	srl	x18,x21,x10	 x21:0x00000304 x10:0xfffff8e8 x18=0x00000003
       12975000	      1296	800058d4	005ad4b3	srl	x9,x21,x5	 x21:0x00000304  x5:0x80009cc0  x9=0x00000304
       12985000	      1297	800058d8	00327733	and	x14,x4,x3	  x4:0xcca892a6  x3:0xd3c69000 x14=0xc0809000
       12995000	      1298	800058dc	de99a813	slti	x16,x19,-535	 x19:0x00000718 x16=0x00000000
       13005000	      1299	800058e0	03ca0a13	addi	x20,x20,60	 x20:0x80009ef0 x20=0x80009f2c
       13015000	      1300	800058e4	410b82b3	sub	x5,x23,x16	 x23:0x00000000 x16:0x00000000  x5=0x00000000
       13025000	      1301	800058e8	c9b76d93	ori	x27,x14,-869	 x14:0xc0809000 x27=0xfffffc9b
       13035000	      1302	800058ec	00178813	addi	x16,x15,1	 x15:0x80001b4c x16=0x80001b4d
       13045000	      1303	800058f0	00080867	jalr	x16,x16,0	 x16:0x80001b4d x16=0x800058f0
       13055000	      1304	00000000	00000013	addi	x0,x0,0	  x0:0x00000000
       13065000	      1305	80001b4c	00000013	addi	x0,x0,0	  x0:0x00000000
       13075000	      1306	80001b50	001e9693	slli	x13,x29,0x1	 x29:0x3f880000 x13=0x7f100000
       13085000	      1307	80001b54	00c09093	slli	x1,x1,0xc	  x1:0xfffff861  x1=0xff861000
       13095000	      1308	80001b58	00000013	addi	x0,x0,0	  x0:0x00000000
       13105000	      1309	80001b5c	0057fa63	bgeu	x15,x5,80001b70	 x15:0x80001b4c  x5:0x00000000
       13115000	      1310	00000000	00000013	addi	x0,x0,0	  x0:0x00000000
       13125000	      1311	80001b6c	00000013	addi	x0,x0,0	  x0:0x00000000
       13135000	      1312	80001b70	009c5c13	srli	x24,x24,0x9	 x24:0x00000361 x24=0x00000001
       13145000	      1313	80001b74	005d9733	sll	x14,x27,x5	 x27:0xfffffc9b  x5:0x00000000 x14=0xfffffc9b
       13155000	      1314	80001b78	014994b3	sll	x9,x19,x20	 x19:0x00000718 x20:0x80009f2c  x9=0x00718000
       13165000	      1315	80001b7c	0d6bc637	lui	x12,0xd6bc	 x12=0x0d6bc000
       13175000	      1316	80001b80	01db6733	or	x14,x22,x29	 x22:0x00000001 x29:0x3f880000 x14=0x3f880001
       13185000	      1317	80001b84	2fba0f93	addi	x31,x20,763	 x20:0x80009f2c x31=0x8000a227
       13195000	      1318	80001b88	ba88c813	xori	x16,x17,-1112	 x17:0x00000001 x16=0xfffffba9
       13205000	      1319	80001b8c	01b72133	slt	x2,x14,x27	 x14:0x3f880001 x27:0xfffffc9b  x2=0x00000000
       13215000	      1320	80001b90	00fa5c63	bge	x20,x15,80001ba8	 x20:0x80009f2c x15:0x80001b4c
       13225000	      1321	00000000	00000013	addi	x0,x0,0	  x0:0x00000000
       13235000	      1322	80001ba4	00000013	addi	x0,x0,0	  x0:0x00000000
       13245000	      1323	80001ba8	411c0933	sub	x18,x24,x17	 x24:0x00000001 x17:0x00000001 x18=0x00000000
       13255000	      1324	80001bac	03715063	bge	x2,x23,80001bcc	  x2:0x00000000 x23:0x00000000
       13265000	      1325	00000000	00000013	addi	x0,x0,0	  x0:0x00000000
       13275000	      1326	80001bc8	00000013	addi	x0,x0,0	  x0:0x00000000
       13285000	      1327	80001bcc	f5f12d93	slti	x27,x2,-161	  x2:0x00000000 x27=0x00000000
       13295000	      1328	80001bd0	835ee237	lui	x4,0x835ee	  x4=0x835ee000
       13305000	      1329	80001bd4	02fc4463	blt	x24,x15,80001bfc	 x24:0x00000001 x15:0x80001b4c
       13315000	      1330	80001bd8	003e1713	slli	x14,x28,0x3	 x28:0xf1d1afc9 x14=0x8e8d7e48
       13325000	      1331	80001bdc	01b2b833	sltu	x16,x5,x27	  x5:0x00000000 x27:0x00000000 x16=0x00000000
       13335000	      1332	80001be0	00000013	addi	x0,x0,0	  x0:0x00000000
       13345000	      1333	80001be4	010556b3	srl	x13,x10,x16	 x10:0xfffff8e8 x16:0x00000000 x13=0xfffff8e8
       13355000	      1334	80001be8	01d8abb3	slt	x23,x17,x29	 x17:0x00000001 x29:0x3f880000 x23=0x00000001
       13365000	      1335	80001bec	ee506513	ori	x10,x0,-283	  x0:0x00000000 x10=0xfffffee5
       13375000	      1336	80001bf0	413605b3	sub	x11,x12,x19	 x12:0x0d6bc000 x19:0x00000718 x11=0x0d6bb8e8
       13385000	      1337	80001bf4	26efbb93	sltiu	x23,x31,622	 x31:0x8000a227 x23=0x00000000
       13395000	      1338	80001bf8	012873b3	and	x7,x16,x18	 x16:0x00000000 x18:0x00000000  x7=0x00000000
       13405000	      1339	80001bfc	000dfc63	bgeu	x27,x0,80001c14	 x27:0x00000000  x0:0x00000000
       13415000	      1340	00000000	00000013	addi	x0,x0,0	  x0:0x00000000
       13425000	      1341	80001c10	00000013	addi	x0,x0,0	  x0:0x00000000
       13435000	      1342	80001c14	002673b3	and	x7,x12,x2	 x12:0x0d6bc000  x2:0x00000000  x7=0x00000000
       13445000	      1343	80001c18	20caa393	slti	x7,x21,524	 x21:0x00000304  x7=0x00000000
       13455000	      1344	80001c1c	01da07b3	add	x15,x20,x29	 x20:0x80009f2c x29:0x3f880000 x15=0xbf889f2c
       13465000	      1345	80001c20	9809fb13	andi	x22,x19,-1664	 x19:0x00000718 x22=0x00000100
       13475000	      1346	80001c24	01549863	bne	x9,x21,80001c34	  x9:0x00718000 x21:0x00000304
       13485000	      1347	00000000	00000013	addi	x0,x0,0	  x0:0x00000000
       13495000	      1348	80001c30	00000013	addi	x0,x0,0	  x0:0x00000000
       13505000	      1349	80001c34	00e7e7b3	or	x15,x15,x14	 x15:0xbf889f2c x14:0x8e8d7e48 x15=0xbf8dff6c
       13515000	      1350	80001c38	00f5a7b3	slt	x15,x11,x15	 x11:0x0d6bb8e8 x15:0xbf8dff6c x15=0x00000000
       13525000	      1351	80001c3c	01de5bb3	srl	x23,x28,x29	 x28:0xf1d1afc9 x29:0x3f880000 x23=0xf1d1afc9
       13535000	      1352	80001c40	01e69133	sll	x2,x13,x30	 x13:0xfffff8e8 x30:0xfffffdd1  x2=0xf1d00000
       13545000	      1353	80001c44	01983933	sltu	x18,x16,x25	 x16:0x00000000 x25:0x000003c3 x18=0x00000001
       13555000	      1354	80001c48	a56c3493	sltiu	x9,x24,-1450	 x24:0x00000001  x9=0x00000001
       13565000	      1355	80001c4c	045c1863	bne	x24,x5,80001c9c	 x24:0x00000001  x5:0x00000000
       13575000	      1356	00000000	00000013	addi	x0,x0,0	  x0:0x00000000
       13585000	      1357	80001c98	00000013	addi	x0,x0,0	  x0:0x00000000
       13595000	      1358	80001c9c	0173eab3	or	x21,x7,x23	  x7:0x00000000 x23:0xf1d1afc9 x21=0xf1d1afc9
       13605000	      1359	80001ca0	00e5a8b3	slt	x17,x11,x14	 x11:0x0d6bb8e8 x14:0x8e8d7e48 x17=0x00000000
       13615000	      1360	80001ca4	00e3ebb3	or	x23,x7,x14	  x7:0x00000000 x14:0x8e8d7e48 x23=0x8e8d7e48
       13625000	      1361	80001ca8	41a65933	sra	x18,x12,x26	 x12:0x0d6bc000 x26:0xb8064844 x18=0x00d6bc00
       13635000	      1362	80001cac	01d778b3	and	x17,x14,x29	 x14:0x8e8d7e48 x29:0x3f880000 x17=0x0e880000
       13645000	      1363	80001cb0	cdb87037	lui	x0,0xcdb87	
       13655000	      1364	80001cb4	00961eb3	sll	x29,x12,x9	 x12:0x0d6bc000  x9:0x00000001 x29=0x1ad78000
       13665000	      1365	80001cb8	0387f663	bgeu	x15,x24,80001ce4	 x15:0x00000000 x24:0x00000001
       13675000	      1366	80001cbc	00000013	addi	x0,x0,0	  x0:0x00000000
       13685000	      1367	80001cc0	001cb933	sltu	x18,x25,x1	 x25:0x000003c3  x1:0xff861000 x18=0x00000001
       13695000	      1368	80001cc4	aba42993	slti	x19,x8,-1350	  x8:0x80009fc4 x19=0x00000001
       13705000	      1369	80001cc8	1a4e3c97	auipc	x25,0x1a4e3	 x25=0x9a4e4cc4
       13715000	      1370	80001ccc	e76ba937	lui	x18,0xe76ba	 x18=0xe76ba000
       13725000	      1371	80001cd0	01cefcb3	and	x25,x29,x28	 x29:0x1ad78000 x28:0xf1d1afc9 x25=0x10d18000
       13735000	      1372	80001cd4	8b0b6393	ori	x7,x22,-1872	 x22:0x00000100  x7=0xfffff9b0
       13745000	      1373	80001cd8	b4b8c993	xori	x19,x17,-1205	 x17:0x0e880000 x19=0xf177fb4b
       13755000	      1374	80001cdc	1f514313	xori	x6,x2,501	  x2:0xf1d00000  x6=0xf1d001f5
       13765000	      1375	80001ce0	8b94b093	sltiu	x1,x9,-1863	  x9:0x00000001  x1=0x00000001
       13775000	      1376	80001ce4	fc3f8493	addi	x9,x31,-61	 x31:0x8000a227  x9=0x8000a1ea
       13785000	      1377	80001ce8	01ed37b3	sltu	x15,x26,x30	 x26:0xb8064844 x30:0xfffffdd1 x15=0x00000001
       13795000	      1378	80001cec	41235b13	srai	x22,x6,0x12	  x6:0xf1d001f5 x22=0xfffffc74
       13805000	      1379	80001cf0	04147863	bgeu	x8,x1,80001d40	  x8:0x80009fc4  x1:0x00000001
       13815000	      1380	00000000	00000013	addi	x0,x0,0	  x0:0x00000000
       13825000	      1381	80001d3c	00000013	addi	x0,x0,0	  x0:0x00000000
       13835000	      1382	80001d40	87b76613	ori	x12,x14,-1925	 x14:0x8e8d7e48 x12=0xfffffe7b
       13845000	      1383	80001d44	40e650b3	sra	x1,x12,x14	 x12:0xfffffe7b x14:0x8e8d7e48  x1=0xfffffffe
       13855000	      1384	80001d48	03f11063	bne	x2,x31,80001d68	  x2:0xf1d00000 x31:0x8000a227
       13865000	      1385	00000000	00000013	addi	x0,x0,0	  x0:0x00000000
       13875000	      1386	80001d64	00000013	addi	x0,x0,0	  x0:0x00000000
       13885000	      1387	80001d68	003d2f33	slt	x30,x26,x3	 x26:0xb8064844  x3:0xd3c69000 x30=0x00000001
       13895000	      1388	80001d6c	d5303813	sltiu	x16,x0,-685	  x0:0x00000000 x16=0x00000001
       13905000	      1389	80001d70	000c6db3	or	x27,x24,x0	 x24:0x00000001  x0:0x00000000 x27=0x00000001
       13915000	      1390	80001d74	49813193	sltiu	x3,x2,1176	  x2:0xf1d00000  x3=0x00000000
       13925000	      1391	80001d78	00b8ce63	blt	x17,x11,80001d94	 x17:0x0e880000 x11:0x0d6bb8e8
       13935000	      1392	80001d7c	00f74863	blt	x14,x15,80001d8c	 x14:0x8e8d7e48 x15:0x00000001
       13945000	      1393	00000000	00000013	addi	x0,x0,0	  x0:0x00000000
       13955000	      1394	80001d88	00000013	addi	x0,x0,0	  x0:0x00000000
       13965000	      1395	80001d8c	01037a63	bgeu	x6,x16,80001da0	  x6:0xf1d001f5 x16:0x00000001
       13975000	      1396	00000000	00000013	addi	x0,x0,0	  x0:0x00000000
       13985000	      1397	80001d9c	00000013	addi	x0,x0,0	  x0:0x00000000
       13995000	      1398	80001da0	000a8933	add	x18,x21,x0	 x21:0xf1d1afc9  x0:0x00000000 x18=0xf1d1afc9
       14005000	      1399	80001da4	dd207d93	andi	x27,x0,-558	  x0:0x00000000 x27=0x00000000
       14015000	      1400	80001da8	018d8263	beq	x27,x24,80001dac	 x27:0x00000000 x24:0x00000001
       14025000	      1401	80001dac	00699c63	bne	x19,x6,80001dc4	 x19:0xf177fb4b  x6:0xf1d001f5
       14035000	      1402	00000000	00000013	addi	x0,x0,0	  x0:0x00000000
       14045000	      1403	80001dc0	00000013	addi	x0,x0,0	  x0:0x00000000
       14055000	      1404	80001dc4	40935613	srai	x12,x6,0x9	  x6:0xf1d001f5 x12=0xfff8e800
       14065000	      1405	80001dc8	a1c5ec93	ori	x25,x11,-1508	 x11:0x0d6bb8e8 x25=0xfffffafc
       14075000	      1406	80001dcc	01110db3	add	x27,x2,x17	  x2:0xf1d00000 x17:0x0e880000 x27=0x00580000
       14085000	      1407	80001dd0	e91e0093	addi	x1,x28,-367	 x28:0xf1d1afc9  x1=0xf1d1ae5a
       14095000	      1408	80001dd4	003956b3	srl	x13,x18,x3	 x18:0xf1d1afc9  x3:0x00000000 x13=0xf1d1afc9
       14105000	      1409	80001dd8	014f5593	srli	x11,x30,0x14	 x30:0x00000001 x11=0x00000000
       14115000	      1410	80001ddc	0118cab3	xor	x21,x17,x17	 x17:0x0e880000 x17:0x0e880000 x21=0x00000000
       14125000	      1411	80001de0	05b7f663	bgeu	x15,x27,80001e2c	 x15:0x00000001 x27:0x00580000
       14135000	      1412	80001de4	020dd863	bge	x27,x0,80001e14	 x27:0x00580000  x0:0x00000000
       14145000	      1413	00000000	00000013	addi	x0,x0,0	  x0:0x00000000
       14155000	      1414	80001e10	00000013	addi	x0,x0,0	  x0:0x00000000
       14165000	      1415	80001e14	211d0693	addi	x13,x26,529	 x26:0xb8064844 x13=0xb8064a55
       14175000	      1416	80001e18	40cbd513	srai	x10,x23,0xc	 x23:0x8e8d7e48 x10=0xfff8e8d7
       14185000	      1417	80001e1c	04e54863	blt	x10,x14,80001e6c	 x10:0xfff8e8d7 x14:0x8e8d7e48
       14195000	      1418	80001e20	00b9f263	bgeu	x19,x11,80001e24	 x19:0xf177fb4b x11:0x00000000
       14205000	      1419	00000000	00000013	addi	x0,x0,0	  x0:0x00000000
       14215000	      1420	80001e20	00000013	addi	x0,x0,0	  x0:0x00000000
       14225000	      1421	80001e24	01e67133	and	x2,x12,x30	 x12:0xfff8e800 x30:0x00000001  x2=0x00000000
       14235000	      1422	80001e28	01dc72b3	and	x5,x24,x29	 x24:0x00000001 x29:0x1ad78000  x5=0x00000000
       14245000	      1423	80001e2c	97cd2797	auipc	x15,0x97cd2	 x15=0x17cd3e28
       14255000	      1424	80001e30	00209e63	bne	x1,x2,80001e4c	  x1:0xf1d1ae5a  x2:0x00000000
       14265000	      1425	00000000	00000013	addi	x0,x0,0	  x0:0x00000000
       14275000	      1426	80001e48	00000013	addi	x0,x0,0	  x0:0x00000000
       14285000	      1427	80001e4c	99b7c013	xori	x0,x15,-1637	 x15:0x17cd3e28
       14295000	      1428	80001e50	018e76b3	and	x13,x28,x24	 x28:0xf1d1afc9 x24:0x00000001 x13=0x00000001
       14305000	      1429	80001e54	02414463	blt	x2,x4,80001e7c	  x2:0x00000000  x4:0x835ee000
       14315000	      1430	80001e58	2987c693	xori	x13,x15,664	 x15:0x17cd3e28 x13=0x17cd3cb0
       14325000	      1431	80001e5c	03e2c463	blt	x5,x30,80001e84	  x5:0x00000000 x30:0x00000001
       14335000	      1432	00000000	00000013	addi	x0,x0,0	  x0:0x00000000
       14345000	      1433	80001e80	00000013	addi	x0,x0,0	  x0:0x00000000
       14355000	      1434	80001e84	413083b3	sub	x7,x1,x19	  x1:0xf1d1ae5a x19:0xf177fb4b  x7=0x0059b30f
       14365000	      1435	80001e88	01c61eb3	sll	x29,x12,x28	 x12:0xfff8e800 x28:0xf1d1afc9 x29=0xf1d00000
       14375000	      1436	80001e8c	01f341b3	xor	x3,x6,x31	  x6:0xf1d001f5 x31:0x8000a227  x3=0x71d0a3d2
       14385000	      1437	80001e90	a0e68c13	addi	x24,x13,-1522	 x13:0x17cd3cb0 x24=0x17cd36be
       14395000	      1438	80001e94	00f0fcb3	and	x25,x1,x15	  x1:0xf1d1ae5a x15:0x17cd3e28 x25=0x11c12e08
       14405000	      1439	80001e98	789dc393	xori	x7,x27,1929	 x27:0x00580000  x7=0x00580789
       14415000	      1440	80001e9c	5e0ebb93	sltiu	x23,x29,1504	 x29:0xf1d00000 x23=0x00000000
       14425000	      1441	80001ea0	ff17b913	sltiu	x18,x15,-15	 x15:0x17cd3e28 x18=0x00000001
       14435000	      1442	80001ea4	0033e4b3	or	x9,x7,x3	  x7:0x00580789  x3:0x71d0a3d2  x9=0x71d8a7db
       14445000	      1443	80001ea8	004a2783	lw	x15,4(x20)	 x20:0x80009f2c x15=0x80005e00 PA:0x80009f30
       14455000	      1444	80001eac	41d05593	srai	x11,x0,0x1d	  x0:0x00000000 x11=0x00000000
       14465000	      1445	80001eb0	0095bbb3	sltu	x23,x11,x9	 x11:0x00000000  x9:0x71d8a7db x23=0x00000001
       14475000	      1446	80001eb4	030a0a13	addi	x20,x20,48	 x20:0x80009f2c x20=0x80009f5c
       14485000	      1447	80001eb8	c248bd97	auipc	x27,0xc248b	 x27=0x4248ceb4
       14495000	      1448	80001ebc	013d3b33	sltu	x22,x26,x19	 x26:0xb8064844 x19:0xf177fb4b x22=0x00000001
       14505000	      1449	80001ec0	00178893	addi	x17,x15,1	 x15:0x80005e00 x17=0x80005e01
       14515000	      1450	80001ec4	000888e7	jalr	x17,x17,0	 x17:0x80005e01 x17=0x80001ec4
       14525000	      1451	00000000	00000013	addi	x0,x0,0	  x0:0x00000000
       14535000	      1452	80005e00	00000013	addi	x0,x0,0	  x0:0x00000000
       14545000	      1453	80005e04	00000317	auipc	x6,0x0	  x6=0x80005e00
       14555000	      1454	80005e08	41c30313	addi	x6,x6,1052	  x6:0x80005e00  x6=0x8000621c
       14565000	      1455	80005e0c	68e6c137	lui	x2,0x68e6c	  x2=0x68e6c000
       14575000	      1456	80005e10	014d9493	slli	x9,x27,0x14	 x27:0x4248ceb4  x9=0xeb400000
       14585000	      1457	80005e14	56d43193	sltiu	x3,x8,1389	  x8:0x80009fc4  x3=0x00000000
       14595000	      1458	80005e18	40355233	sra	x4,x10,x3	 x10:0xfff8e8d7  x3:0x00000000  x4=0xfff8e8d7
       14605000	      1459	80005e1c	005bdbb3	srl	x23,x23,x5	 x23:0x00000001  x5:0x00000000 x23=0x00000001
       14615000	      1460	80005e20	6d5fc213	xori	x4,x31,1749	 x31:0x8000a227  x4=0x8000a4f2
       14625000	      1461	80005e24	fac30313	addi	x6,x6,-84	  x6:0x8000621c  x6=0x800061c8
       14635000	      1462	80005e28	01021c93	slli	x25,x4,0x10	  x4:0x8000a4f2 x25=0xa4f20000
       14645000	      1463	80005e2c	055307e7	jalr	x15,x6,85	  x6:0x800061c8 x15=0x80005e2c
       14655000	      1464	00000000	00000013	addi	x0,x0,0	  x0:0x00000000
       14665000	      1465	8000621c	00000013	addi	x0,x0,0	  x0:0x00000000
       14675000	      1466	80006220	01cd5bb3	srl	x23,x26,x28	 x26:0xb8064844 x28:0xf1d1afc9 x23=0x005c0324
       14685000	      1467	80006224	28d0c293	xori	x5,x1,653	  x1:0xf1d1ae5a  x5=0xf1d1acd7
       14695000	      1468	80006228	001c9033	sll	x0,x25,x1	 x25:0xa4f20000  x1:0xf1d1ae5a
       14705000	      1469	8000622c	0189db13	srli	x22,x19,0x18	 x19:0xf177fb4b x22=0x000000f1
       14715000	      1470	80006230	0128c263	blt	x17,x18,80006234	 x17:0x80001ec4 x18:0x00000001
       14725000	      1471	00000000	00000013	addi	x0,x0,0	  x0:0x00000000
       14735000	      1472	80006230	00000013	addi	x0,x0,0	  x0:0x00000000
       14745000	      1473	80006234	fd8a0a13	addi	x20,x20,-40	 x20:0x80009f5c x20=0x80009f34
       14755000	      1474	80006238	41645eb3	sra	x29,x8,x22	  x8:0x80009fc4 x22:0x000000f1 x29=0xffffc000
       14765000	      1475	8000623c	00fa2223	sw	x15,4(x20)	 x20:0x80009f34 x15:0x80005e2c PA:0x80009f38
       14775000	      1476	80006240	00000013	addi	x0,x0,0	  x0:0x00000000
       14785000	      1477	80006244	7c60cc93	xori	x25,x1,1990	  x1:0xf1d1ae5a x25=0xf1d1a99c
       14795000	      1478	80006248	8d5ec313	xori	x6,x29,-1835	 x29:0xffffc000  x6=0x000038d5
       14805000	      1479	8000624c	39c66293	ori	x5,x12,924	 x12:0xfff8e800  x5=0xfff8eb9c
       14815000	      1480	80006250	01a65193	srli	x3,x12,0x1a	 x12:0xfff8e800  x3=0x0000003f
       14825000	      1481	80006254	8a1dfb93	andi	x23,x27,-1887	 x27:0x4248ceb4 x23=0x4248c8a0
       14835000	      1482	80006258	20703d13	sltiu	x26,x0,519	  x0:0x00000000 x26=0x00000001
       14845000	      1483	8000625c	00da5b33	srl	x22,x20,x13	 x20:0x80009f34 x13:0x17cd3cb0 x22=0x00008000
       14855000	      1484	80006260	414d5033	sra	x0,x26,x20	 x26:0x00000001 x20:0x80009f34
       14865000	      1485	80006264	00a53533	sltu	x10,x10,x10	 x10:0xfff8e8d7 x10:0xfff8e8d7 x10=0x00000000
       14875000	      1486	80006268	0088fe63	bgeu	x17,x8,80006284	 x17:0x80001ec4  x8:0x80009fc4
       14885000	      1487	8000626c	1581e813	ori	x16,x3,344	  x3:0x0000003f x16=0x0000017f
       14895000	      1488	80006270	01efad33	slt	x26,x31,x30	 x31:0x8000a227 x30:0x00000001 x26=0x00000001
       14905000	      1489	80006274	01fe1c33	sll	x24,x28,x31	 x28:0xf1d1afc9 x31:0x8000a227 x24=0xe8d7e480
       14915000	      1490	80006278	00000013	addi	x0,x0,0	  x0:0x00000000
       14925000	      1491	8000627c	00661013	slli	x0,x12,0x6	 x12:0xfff8e800
       14935000	      1492	80006280	fde9fc17	auipc	x24,0xfde9f	 x24=0x7dea527c
       14945000	      1493	80006284	212b1e97	auipc	x29,0x212b1	 x29=0xa12b7280
       14955000	      1494	80006288	01b324b3	slt	x9,x6,x27	  x6:0x000038d5 x27:0x4248ceb4  x9=0x00000001
       14965000	      1495	8000628c	14368393	addi	x7,x13,323	 x13:0x17cd3cb0  x7=0x17cd3df3
       14975000	      1496	80006290	004a2783	lw	x15,4(x20)	 x20:0x80009f34 x15=0x80005e2c PA:0x80009f38
       14985000	      1497	80006294	087ee237	lui	x4,0x87ee	  x4=0x087ee000
       14995000	      1498	80006298	01771293	slli	x5,x14,0x17	 x14:0x8e8d7e48  x5=0x24000000
       15005000	      1499	8000629c	028a0a13	addi	x20,x20,40	 x20:0x80009f34 x20=0x80009f5c
       15015000	      1500	800062a0	006800b3	add	x1,x16,x6	 x16:0x0000017f  x6:0x000038d5  x1=0x00003a54
       15025000	      1501	800062a4	cd24b513	sltiu	x10,x9,-814	  x9:0x00000001 x10=0x00000001
       15035000	      1502	800062a8	41540f33	sub	x30,x8,x21	  x8:0x80009fc4 x21:0x00000000 x30=0x80009fc4
       15045000	      1503	800062ac	00ada8b3	slt	x17,x27,x10	 x27:0x4248ceb4 x10:0x00000001 x17=0x00000000
       15055000	      1504	800062b0	01df3533	sltu	x10,x30,x29	 x30:0x80009fc4 x29:0xa12b7280 x10=0x00000001
       15065000	      1505	800062b4	00178993	addi	x19,x15,1	 x15:0x80005e2c x19=0x80005e2d
       15075000	      1506	800062b8	000989e7	jalr	x19,x19,0	 x19:0x80005e2d x19=0x800062b8
       15085000	      1507	00000000	00000013	addi	x0,x0,0	  x0:0x00000000
       15095000	      1508	80005e2c	00000013	addi	x0,x0,0	  x0:0x00000000
       15105000	      1509	80005e30	66156613	ori	x12,x10,1633	 x10:0x00000001 x12=0x00000661
       15115000	      1510	80005e34	41535393	srai	x7,x6,0x15	  x6:0x000038d5  x7=0x00000000
       15125000	      1511	80005e38	ffffb217	auipc	x4,0xffffb	  x4=0x80000e34
       15135000	      1512	80005e3c	72420213	addi	x4,x4,1828	  x4:0x80000e34  x4=0x80001558
       15145000	      1513	80005e40	0d7b0837	lui	x16,0xd7b0	 x16=0x0d7b0000
       15155000	      1514	80005e44	13020213	addi	x4,x4,304	  x4:0x80001558  x4=0x80001688
       15165000	      1515	80005e48	0047d713	srli	x14,x15,0x4	 x15:0x80005e2c x14=0x080005e2
       15175000	      1516	80005e4c	61300113	addi	x2,x0,1555	  x0:0x00000000  x2=0x00000613
       15185000	      1517	80005e50	008ad713	srli	x14,x21,0x8	 x21:0x00000000 x14=0x00000000
       15195000	      1518	80005e54	003e4d33	xor	x26,x28,x3	 x28:0xf1d1afc9  x3:0x0000003f x26=0xf1d1aff6
       15205000	      1519	80005e58	ed0207e7	jalr	x15,x4,-304	  x4:0x80001688 x15=0x80005e58
       15215000	      1520	00000000	00000013	addi	x0,x0,0	  x0:0x00000000
       15225000	      1521	80001558	00000013	addi	x0,x0,0	  x0:0x00000000
       15235000	      1522	8000155c	01d24233	xor	x4,x4,x29	  x4:0x80001688 x29:0xa12b7280  x4=0x212b6408
       15245000	      1523	80001560	c7ed4993	xori	x19,x26,-898	 x26:0xf1d1aff6 x19=0x0e2e5388
       15255000	      1524	80001564	00d281b3	add	x3,x5,x13	  x5:0x24000000 x13:0x17cd3cb0  x3=0x3bcd3cb0
       15265000	      1525	80001568	01115c63	bge	x2,x17,80001580	  x2:0x00000613 x17:0x00000000
       15275000	      1526	00000000	00000013	addi	x0,x0,0	  x0:0x00000000
       15285000	      1527	8000157c	00000013	addi	x0,x0,0	  x0:0x00000000
       15295000	      1528	80001580	fd0a0a13	addi	x20,x20,-48	 x20:0x80009f5c x20=0x80009f2c
       15305000	      1529	80001584	40cd8033	sub	x0,x27,x12	 x27:0x4248ceb4 x12:0x00000661
       15315000	      1530	80001588	00fa2223	sw	x15,4(x20)	 x20:0x80009f2c x15:0x80005e58 PA:0x80009f30
       15325000	      1531	8000158c	0171c933	xor	x18,x3,x23	  x3:0x3bcd3cb0 x23:0x4248c8a0 x18=0x7985f410
       15335000	      1532	80001590	00007d17	auipc	x26,0x7	 x26=0x8000858c
       15345000	      1533	80001594	bb7d0d13	addi	x26,x26,-1097	 x26:0x8000858c x26=0x80008143
       15355000	      1534	80001598	019471b3	and	x3,x8,x25	  x8:0x80009fc4 x25:0xf1d1a99c  x3=0x80008984
       15365000	      1535	8000159c	002d17a3	sh	x2,15(x26)	 x26:0x80008143  x2:0x00000613 PA:0x80008152
       15375000	      1536	800015a0	010d0f03	lb	x30,16(x26)	 x26:0x80008143 x30=0x00000006 PA:0x80008153
       15385000	      1537	800015a4	007d5003	lhu	x0,7(x26)	 x26:0x80008143 PA:0x8000814a
       15395000	      1538	800015a8	fe7d0d23	sb	x7,-6(x26)	 x26:0x80008143  x7:0x00000000 PA:0x8000813d
       15405000	      1539	800015ac	013ee1b3	or	x3,x29,x19	 x29:0xa12b7280 x19:0x0e2e5388  x3=0xaf2f7388
       15415000	      1540	800015b0	41810f33	sub	x30,x2,x24	  x2:0x00000613 x24:0x7dea527c x30=0x8215b397
       15425000	      1541	800015b4	003867b3	or	x15,x16,x3	 x16:0x0d7b0000  x3:0xaf2f7388 x15=0xaf7f7388
       15435000	      1542	800015b8	ffad4603	lbu	x12,-6(x26)	 x26:0x80008143 x12=0x00000000 PA:0x8000813d
       15445000	      1543	800015bc	ff5d5203	lhu	x4,-11(x26)	 x26:0x80008143  x4=0x00005979 PA:0x80008138
       15455000	      1544	800015c0	00ad0b83	lb	x23,10(x26)	 x26:0x80008143 x23=0xffffffbe PA:0x8000814d
       15465000	      1545	800015c4	007244b3	xor	x9,x4,x7	  x4:0x00005979  x7:0x00000000  x9=0x00005979
       15475000	      1546	800015c8	006d0503	lb	x10,6(x26)	 x26:0x80008143 x10=0x0000005a PA:0x80008149
       15485000	      1547	800015cc	4086db13	srai	x22,x13,0x8	 x13:0x17cd3cb0 x22=0x0017cd3c
       15495000	      1548	800015d0	91197797	auipc	x15,0x91197	 x15=0x111985cc
       15505000	      1549	800015d4	008d03a3	sb	x8,7(x26)	 x26:0x80008143  x8:0x80009fc4 PA:0x8000814a
       15515000	      1550	800015d8	01519113	slli	x2,x3,0x15	  x3:0xaf2f7388  x2=0x71000000
       15525000	      1551	800015dc	00bd1c83	lh	x25,11(x26)	 x26:0x80008143 x25=0x00006ebb PA:0x8000814e
       15535000	      1552	800015e0	fb3fb693	sltiu	x13,x31,-77	 x31:0x8000a227 x13=0x00000001
       15545000	      1553	800015e4	4194de93	srai	x29,x9,0x19	  x9:0x00005979 x29=0x00000000
       15555000	      1554	800015e8	00bd0183	lb	x3,11(x26)	 x26:0x80008143  x3=0xffffffbb PA:0x8000814e
       15565000	      1555	800015ec	ff9d0903	lb	x18,-7(x26)	 x26:0x80008143 x18=0x00000007 PA:0x8000813c
       15575000	      1556	800015f0	4e68c313	xori	x6,x17,1254	 x17:0x00000000  x6=0x000004e6
       15585000	      1557	800015f4	01ed0423	sb	x30,8(x26)	 x26:0x80008143 x30:0x8215b397 PA:0x8000814b
       15595000	      1558	800015f8	002d0983	lb	x19,2(x26)	 x26:0x80008143 x19=0x0000004c PA:0x80008145
       15605000	      1559	800015fc	00fd5803	lhu	x16,15(x26)	 x26:0x80008143 x16=0x00000613 PA:0x80008152
       15615000	      1560	80001600	ffad0103	lb	x2,-6(x26)	 x26:0x80008143  x2=0x00000000 PA:0x8000813d
       15625000	      1561	80001604	7e37c813	xori	x16,x15,2019	 x15:0x111985cc x16=0x1119822f
       15635000	      1562	80001608	000d02a3	sb	x0,5(x26)	 x26:0x80008143  x0:0x00000000 PA:0x80008148
       15645000	      1563	8000160c	4084d893	srai	x17,x9,0x8	  x9:0x00005979 x17=0x00000059
       15655000	      1564	80001610	77ec8297	auipc	x5,0x77ec8	  x5=0xf7ec960c
       15665000	      1565	80001614	ffdd1103	lh	x2,-3(x26)	 x26:0x80008143  x2=0xffffbbba PA:0x80008140
       15675000	      1566	00000000	00000013	addi	x0,x0,0	  x0:0x00000000
       15685000	      1567	80001618	002d0023	sb	x2,0(x26)	 x26:0x80008143  x2:0xffffbbba PA:0x80008143
       15695000	      1568	8000161c	00bd4c03	lbu	x24,11(x26)	 x26:0x80008143 x24=0x000000bb PA:0x8000814e
       15705000	      1569	80001620	00292933	slt	x18,x18,x2	 x18:0x00000007  x2:0xffffbbba x18=0x00000000
       15715000	      1570	80001624	ff5d5d83	lhu	x27,-11(x26)	 x26:0x80008143 x27=0x00005979 PA:0x80008138
       15725000	      1571	80001628	ffdd0803	lb	x16,-3(x26)	 x26:0x80008143 x16=0xffffffba PA:0x80008140
       15735000	      1572	8000162c	01cd0823	sb	x28,16(x26)	 x26:0x80008143 x28:0xf1d1afc9 PA:0x80008153
       15745000	      1573	80001630	c91ea893	slti	x17,x29,-879	 x29:0x00000000 x17=0x00000000
       15755000	      1574	80001634	ff9d0f23	sb	x25,-2(x26)	 x26:0x80008143 x25:0x00006ebb PA:0x80008141
       15765000	      1575	80001638	ff6d0303	lb	x6,-10(x26)	 x26:0x80008143  x6=0x00000059 PA:0x80008139
       15775000	      1576	8000163c	00007697	auipc	x13,0x7	 x13=0x80008638
       15785000	      1577	80001640	0d568693	addi	x13,x13,213	 x13:0x80008638 x13=0x8000870d
       15795000	      1578	80001644	015688a3	sb	x21,17(x13)	 x13:0x8000870d x21:0x00000000 PA:0x8000871e
       15805000	      1579	80001648	19440113	addi	x2,x8,404	  x8:0x80009fc4  x2=0x8000a158
       15815000	      1580	8000164c	ff968d83	lb	x27,-7(x13)	 x13:0x8000870d x27=0x00000072 PA:0x80008706
       15825000	      1581	80001650	fd668523	sb	x22,-54(x13)	 x13:0x8000870d x22:0x0017cd3c PA:0x800086d7
       15835000	      1582	80001654	3e030813	addi	x16,x6,992	  x6:0x00000059 x16=0x00000439
       15845000	      1583	80001658	00b61193	slli	x3,x12,0xb	 x12:0x00000000  x3=0x00000000
       15855000	      1584	8000165c	01268f23	sb	x18,30(x13)	 x13:0x8000870d x18:0x00000000 PA:0x8000872b
       15865000	      1585	80001660	0c168083	lb	x1,193(x13)	 x13:0x8000870d  x1=0xffffffab PA:0x800087ce
       15875000	      1586	80001664	937c8313	addi	x6,x25,-1737	 x25:0x00006ebb  x6=0x000067f2
       15885000	      1587	80001668	617e4213	xori	x4,x28,1559	 x28:0xf1d1afc9  x4=0xf1d1a9de
       15895000	      1588	8000166c	f38699a3	sh	x24,-205(x13)	 x13:0x8000870d x24:0x000000bb PA:0x80008640
       15905000	      1589	80001670	fdc68283	lb	x5,-36(x13)	 x13:0x8000870d  x5=0xfffffff1 PA:0x800086e9
       15915000	      1590	80001674	00145e93	srli	x29,x8,0x1	  x8:0x80009fc4 x29=0x40004fe2
       15925000	      1591	80001678	0043dc93	srli	x25,x7,0x4	  x7:0x00000000 x25=0x00000000
       15935000	      1592	8000167c	f686c983	lbu	x19,-152(x13)	 x13:0x8000870d x19=0x00000047 PA:0x80008675
       15945000	      1593	80001680	014f30b3	sltu	x1,x30,x20	 x30:0x8215b397 x20:0x80009f2c  x1=0x00000000
       15955000	      1594	80001684	0ff699a3	sh	x31,243(x13)	 x13:0x8000870d x31:0x8000a227 PA:0x80008800
       15965000	      1595	80001688	f7d6d803	lhu	x16,-131(x13)	 x13:0x8000870d x16=0x0000fbb3 PA:0x8000868a
       15975000	      1596	8000168c	41a258b3	sra	x17,x4,x26	  x4:0xf1d1a9de x26:0x80008143 x17=0xfe3a353b
       15985000	      1597	80001690	01d38133	add	x2,x7,x29	  x7:0x00000000 x29:0x40004fe2  x2=0x40004fe2
       15995000	      1598	80001694	0256c103	lbu	x2,37(x13)	 x13:0x8000870d  x2=0x00000017 PA:0x80008732
       16005000	      1599	80001698	41a00233	sub	x4,x0,x26	  x0:0x00000000 x26:0x80008143  x4=0x7fff7ebd
       16015000	      1600	8000169c	40235393	srai	x7,x6,0x2	  x6:0x000067f2  x7=0x000019fc
       16025000	      1601	800016a0	00d04d33	xor	x26,x0,x13	  x0:0x00000000 x13:0x8000870d x26=0x8000870d
       16035000	      1602	800016a4	00cef5b3	and	x11,x29,x12	 x29:0x40004fe2 x12:0x00000000 x11=0x00000000
       16045000	      1603	800016a8	fb968d83	lb	x27,-71(x13)	 x13:0x8000870d x27=0x00000061 PA:0x800086c6
       16055000	      1604	800016ac	f676c283	lbu	x5,-153(x13)	 x13:0x8000870d  x5=0x00000040 PA:0x80008674
       16065000	      1605	800016b0	f8768803	lb	x16,-121(x13)	 x13:0x8000870d x16=0x00000018 PA:0x80008694
       16075000	      1606	800016b4	01c67f33	and	x30,x12,x28	 x12:0x00000000 x28:0xf1d1afc9 x30=0x00000000
       16085000	      1607	800016b8	21d15d97	auipc	x27,0x21d15	 x27=0xa1d166b4
       16095000	      1608	800016bc	01a2d2b3	srl	x5,x5,x26	  x5:0x00000040 x26:0x8000870d  x5=0x00000000
       16105000	      1609	800016c0	00000013	addi	x0,x0,0	  x0:0x00000000
       16115000	      1610	800016c4	0096f733	and	x14,x13,x9	 x13:0x8000870d  x9:0x00005979 x14=0x00000109
       16125000	      1611	800016c8	f3d68283	lb	x5,-195(x13)	 x13:0x8000870d  x5=0xffffffa7 PA:0x8000864a
       16135000	      1612	800016cc	0c468da3	sb	x4,219(x13)	 x13:0x8000870d  x4:0x7fff7ebd PA:0x800087e8
       16145000	      1613	800016d0	01c91d13	slli	x26,x18,0x1c	 x18:0x00000000 x26=0x00000000
       16155000	      1614	800016d4	00337033	and	x0,x6,x3	  x6:0x000067f2  x3:0x00000000
       16165000	      1615	800016d8	00d5b033	sltu	x0,x11,x13	 x11:0x00000000 x13:0x8000870d
       16175000	      1616	800016dc	794d7113	andi	x2,x26,1940	 x26:0x00000000  x2=0x00000000
       16185000	      1617	800016e0	f856d083	lhu	x1,-123(x13)	 x13:0x8000870d  x1=0x00008524 PA:0x80008692
       16195000	      1618	800016e4	00d5a7b3	slt	x15,x11,x13	 x11:0x00000000 x13:0x8000870d x15=0x00000000
       16205000	      1619	800016e8	0134d313	srli	x6,x9,0x13	  x9:0x00005979  x6=0x00000000
       16215000	      1620	800016ec	f8b68f83	lb	x31,-117(x13)	 x13:0x8000870d x31=0x0000004e PA:0x80008698
       16225000	      1621	800016f0	e6d86013	ori	x0,x16,-403	 x16:0x00000018
       16235000	      1622	800016f4	42620813	addi	x16,x4,1062	  x4:0x7fff7ebd x16=0x7fff82e3
       16245000	      1623	800016f8	9b547937	lui	x18,0x9b547	 x18=0x9b547000
       16255000	      1624	800016fc	007c9013	slli	x0,x25,0x7	 x25:0x00000000
       16265000	      1625	80001700	4db12013	slti	x0,x2,1243	  x2:0x00000000
       16275000	      1626	80001704	d29c0f93	addi	x31,x24,-727	 x24:0x000000bb x31=0xfffffde4
       16285000	      1627	80001708	41d55b93	srai	x23,x10,0x1d	 x10:0x0000005a x23=0x00000000
       16295000	      1628	8000170c	0083f8b3	and	x17,x7,x8	  x7:0x000019fc  x8:0x80009fc4 x17=0x000019c4
       16305000	      1629	80001710	00665e63	bge	x12,x6,8000172c	 x12:0x00000000  x6:0x00000000
       16315000	      1630	00000000	00000013	addi	x0,x0,0	  x0:0x00000000
       16325000	      1631	80001728	00000013	addi	x0,x0,0	  x0:0x00000000
       16335000	      1632	8000172c	40865d93	srai	x27,x12,0x8	 x12:0x00000000 x27=0x00000000
       16345000	      1633	80001730	71ab2613	slti	x12,x22,1818	 x22:0x0017cd3c x12=0x00000000
       16355000	      1634	80001734	6a00ec97	auipc	x25,0x6a00e	 x25=0xea00f730
       16365000	      1635	80001738	0867e113	ori	x2,x15,134	 x15:0x00000000  x2=0x00000086
       16375000	      1636	8000173c	5728bf97	auipc	x31,0x5728b	 x31=0xd728c738
       16385000	      1637	80001740	522e2113	slti	x2,x28,1314	 x28:0xf1d1afc9  x2=0x00000001
       16395000	      1638	80001744	00865463	bge	x12,x8,8000174c	 x12:0x00000000  x8:0x80009fc4
       16405000	      1639	00000000	00000013	addi	x0,x0,0	  x0:0x00000000
       16415000	      1640	80001748	00000013	addi	x0,x0,0	  x0:0x00000000
       16425000	      1641	8000174c	401984b3	sub	x9,x19,x1	 x19:0x00000047  x1:0x00008524  x9=0xffff7b23
       16435000	      1642	80001750	779fb693	sltiu	x13,x31,1913	 x31:0xd728c738 x13=0x00000000
       16445000	      1643	80001754	0387f863	bgeu	x15,x24,80001784	 x15:0x00000000 x24:0x000000bb
       16455000	      1644	80001758	72752717	auipc	x14,0x72752	 x14=0xf2753754
       16465000	      1645	8000175c	002b9ab3	sll	x21,x23,x2	 x23:0x00000000  x2:0x00000001 x21=0x00000000
       16475000	      1646	80001760	69cb8593	addi	x11,x23,1692	 x23:0x00000000 x11=0x0000069c
       16485000	      1647	80001764	02fcc063	blt	x25,x15,80001784	 x25:0xea00f730 x15:0x00000000
       16495000	      1648	00000000	00000013	addi	x0,x0,0	  x0:0x00000000
       16505000	      1649	80001780	00000013	addi	x0,x0,0	  x0:0x00000000
       16515000	      1650	80001784	011dcfb3	xor	x31,x27,x17	 x27:0x00000000 x17:0x000019c4 x31=0x000019c4
       16525000	      1651	80001788	4147d233	sra	x4,x15,x20	 x15:0x00000000 x20:0x80009f2c  x4=0x00000000
       16535000	      1652	8000178c	00cf11b3	sll	x3,x30,x12	 x30:0x00000000 x12:0x00000000  x3=0x00000000
       16545000	      1653	80001790	0feaf063	bgeu	x21,x30,80001870	 x21:0x00000000 x30:0x00000000
       16555000	      1654	00000000	00000013	addi	x0,x0,0	  x0:0x00000000
       16565000	      1655	8000186c	00000013	addi	x0,x0,0	  x0:0x00000000
       16575000	      1656	80001870	00c80233	add	x4,x16,x12	 x16:0x7fff82e3 x12:0x00000000  x4=0x7fff82e3
       16585000	      1657	80001874	0337d063	bge	x15,x19,80001894	 x15:0x00000000 x19:0x00000047
       16595000	      1658	80001878	0124b6b3	sltu	x13,x9,x18	  x9:0xffff7b23 x18:0x9b547000 x13=0x00000000
       16605000	      1659	8000187c	016a7333	and	x6,x20,x22	 x20:0x80009f2c x22:0x0017cd3c  x6=0x00008d2c
       16615000	      1660	80001880	1ef2f113	andi	x2,x5,495	  x5:0xffffffa7  x2=0x000001a7
       16625000	      1661	80001884	062e0bb7	lui	x23,0x62e0	 x23=0x062e0000
       16635000	      1662	80001888	00326c63	bltu	x4,x3,800018a0	  x4:0x7fff82e3  x3:0x00000000
       16645000	      1663	8000188c	9999bc13	sltiu	x24,x19,-1639	 x19:0x00000047 x24=0x00000001
       16655000	      1664	80001890	0072e1b3	or	x3,x5,x7	  x5:0xffffffa7  x7:0x000019fc  x3=0xffffffff
       16665000	      1665	80001894	05041863	bne	x8,x16,800018e4	  x8:0x80009fc4 x16:0x7fff82e3
       16675000	      1666	00000000	00000013	addi	x0,x0,0	  x0:0x00000000
       16685000	      1667	800018e0	00000013	addi	x0,x0,0	  x0:0x00000000
       16695000	      1668	800018e4	00000013	addi	x0,x0,0	  x0:0x00000000
       16705000	      1669	800018e8	003aa9b3	slt	x19,x21,x3	 x21:0x00000000  x3:0xffffffff x19=0x00000000
       16715000	      1670	800018ec	3af16b93	ori	x23,x2,943	  x2:0x000001a7 x23=0x000003af
       16725000	      1671	800018f0	40125113	srai	x2,x4,0x1	  x4:0x7fff82e3  x2=0x3fffc171
       16735000	      1672	800018f4	0000dc33	srl	x24,x1,x0	  x1:0x00008524  x0:0x00000000 x24=0x00008524
       16745000	      1673	800018f8	00000013	addi	x0,x0,0	  x0:0x00000000
       16755000	      1674	800018fc	010193b3	sll	x7,x3,x16	  x3:0xffffffff x16:0x7fff82e3  x7=0xfffffff8
       16765000	      1675	80001900	76697513	andi	x10,x18,1894	 x18:0x9b547000 x10=0x00000000
       16775000	      1676	80001904	9c6143b7	lui	x7,0x9c614	  x7=0x9c614000
       16785000	      1677	80001908	bfe8ee93	ori	x29,x17,-1026	 x17:0x000019c4 x29=0xfffffbfe
       16795000	      1678	8000190c	8bdbf713	andi	x14,x23,-1859	 x23:0x000003af x14=0x000000ad
       16805000	      1679	80001910	05b89463	bne	x17,x27,80001958	 x17:0x000019c4 x27:0x00000000
       16815000	      1680	00000000	00000013	addi	x0,x0,0	  x0:0x00000000
       16825000	      1681	80001954	00000013	addi	x0,x0,0	  x0:0x00000000
       16835000	      1682	80001958	014a1913	slli	x18,x20,0x14	 x20:0x80009f2c x18=0xf2c00000
       16845000	      1683	8000195c	01308f33	add	x30,x1,x19	  x1:0x00008524 x19:0x00000000 x30=0x00008524
       16855000	      1684	80001960	009b9c33	sll	x24,x23,x9	 x23:0x000003af  x9:0xffff7b23 x24=0x00001d78
       16865000	      1685	80001964	5b50e693	ori	x13,x1,1461	  x1:0x00008524 x13=0x000085b5
       16875000	      1686	80001968	3aba2637	lui	x12,0x3aba2	 x12=0x3aba2000
       16885000	      1687	8000196c	40335213	srai	x4,x6,0x3	  x6:0x00008d2c  x4=0x000011a5
       16895000	      1688	80001970	0194db33	srl	x22,x9,x25	  x9:0xffff7b23 x25:0xea00f730 x22=0x0000ffff
       16905000	      1689	80001974	00000013	addi	x0,x0,0	  x0:0x00000000
       16915000	      1690	80001978	04c91863	bne	x18,x12,800019c8	 x18:0xf2c00000 x12:0x3aba2000
       16925000	      1691	00000000	00000013	addi	x0,x0,0	  x0:0x00000000
       16935000	      1692	800019c4	00000013	addi	x0,x0,0	  x0:0x00000000
       16945000	      1693	800019c8	c7f6cd97	auipc	x27,0xc7f6c	 x27=0x47f6d9c4
       16955000	      1694	800019cc	02f94463	blt	x18,x15,800019f4	 x18:0xf2c00000 x15:0x00000000
       16965000	      1695	00000000	00000013	addi	x0,x0,0	  x0:0x00000000
       16975000	      1696	800019f0	00000013	addi	x0,x0,0	  x0:0x00000000
       16985000	      1697	800019f4	01ae1593	slli	x11,x28,0x1a	 x28:0xf1d1afc9 x11=0x24000000
       16995000	      1698	800019f8	4ffda493	slti	x9,x27,1279	 x27:0x47f6d9c4  x9=0x00000000
       17005000	      1699	800019fc	18f76b93	ori	x23,x14,399	 x14:0x000000ad x23=0x000001af
       17015000	      1700	80001a00	01229a63	bne	x5,x18,80001a14	  x5:0xffffffa7 x18:0xf2c00000
       17025000	      1701	00000000	00000013	addi	x0,x0,0	  x0:0x00000000
       17035000	      1702	80001a10	00000013	addi	x0,x0,0	  x0:0x00000000
       17045000	      1703	80001a14	014a6c33	or	x24,x20,x20	 x20:0x80009f2c x20:0x80009f2c x24=0x80009f2c
       17055000	      1704	80001a18	2566f793	andi	x15,x13,598	 x13:0x000085b5 x15=0x00000014
       17065000	      1705	80001a1c	35146f13	ori	x30,x8,849	  x8:0x80009fc4 x30=0x80009fd5
       17075000	      1706	80001a20	017394b3	sll	x9,x7,x23	  x7:0x9c614000 x23:0x000001af  x9=0xa0000000
       17085000	      1707	80001a24	16a02b13	slti	x22,x0,362	  x0:0x00000000 x22=0x00000001
       17095000	      1708	80001a28	0784d663	bge	x9,x24,80001a94	  x9:0xa0000000 x24:0x80009f2c
       17105000	      1709	00000000	00000013	addi	x0,x0,0	  x0:0x00000000
       17115000	      1710	80001a90	00000013	addi	x0,x0,0	  x0:0x00000000
       17125000	      1711	80001a94	03668663	beq	x13,x22,80001ac0	 x13:0x000085b5 x22:0x00000001
       17135000	      1712	80001a98	4c78fdb7	lui	x27,0x4c78f	 x27=0x4c78f000
       17145000	      1713	80001a9c	39646193	ori	x3,x8,918	  x8:0x80009fc4  x3=0x80009fd6
       17155000	      1714	80001aa0	a45f0997	auipc	x19,0xa45f0	 x19=0x245f1a9c
       17165000	      1715	80001aa4	00000013	addi	x0,x0,0	  x0:0x00000000
       17175000	      1716	80001aa8	010d4263	blt	x26,x16,80001aac	 x26:0x00000000 x16:0x7fff82e3
       17185000	      1717	00000000	00000013	addi	x0,x0,0	  x0:0x00000000
       17195000	      1718	80001aa8	00000013	addi	x0,x0,0	  x0:0x00000000
       17205000	      1719	80001aac	05929863	bne	x5,x25,80001afc	  x5:0xffffffa7 x25:0xea00f730
       17215000	      1720	00000000	00000013	addi	x0,x0,0	  x0:0x00000000
       17225000	      1721	80001af8	00000013	addi	x0,x0,0	  x0:0x00000000
       17235000	      1722	80001afc	4159da93	srai	x21,x19,0x15	 x19:0x245f1a9c x21=0x00000122
       17245000	      1723	80001b00	8978fe93	andi	x29,x17,-1897	 x17:0x000019c4 x29=0x00001884
       17255000	      1724	80001b04	69e0f213	andi	x4,x1,1694	  x1:0x00008524  x4=0x00000404
       17265000	      1725	80001b08	0013fe63	bgeu	x7,x1,80001b24	  x7:0x9c614000  x1:0x00008524
       17275000	      1726	00000000	00000013	addi	x0,x0,0	  x0:0x00000000
       17285000	      1727	80001b20	00000013	addi	x0,x0,0	  x0:0x00000000
       17295000	      1728	80001b24	5b6d8093	addi	x1,x27,1462	 x27:0x4c78f000  x1=0x4c78f5b6
       17305000	      1729	80001b28	0130ffb3	and	x31,x1,x19	  x1:0x4c78f5b6 x19:0x245f1a9c x31=0x04581094
       17315000	      1730	80001b2c	0086d513	srli	x10,x13,0x8	 x13:0x000085b5 x10=0x00000085
       17325000	      1731	80001b30	b7e98513	addi	x10,x19,-1154	 x19:0x245f1a9c x10=0x245f161a
       17335000	      1732	80001b34	013cc8b3	xor	x17,x25,x19	 x25:0xea00f730 x19:0x245f1a9c x17=0xce5fedac
       17345000	      1733	80001b38	41095893	srai	x17,x18,0x10	 x18:0xf2c00000 x17=0xfffff2c0
       17355000	      1734	80001b3c	00575d13	srli	x26,x14,0x5	 x14:0x000000ad x26=0x00000005
       17365000	      1735	80001b40	00ab7633	and	x12,x22,x10	 x22:0x00000001 x10:0x245f161a x12=0x00000000
       17375000	      1736	80001b44	5ea94713	xori	x14,x18,1514	 x18:0xf2c00000 x14=0xf2c005ea
       17385000	      1737	80001b48	00efabb3	slt	x23,x31,x14	 x31:0x04581094 x14:0xf2c005ea x23=0x00000000
       17395000	      1738	80001b4c	005027ef	jal	x15,80001b4c	 x15=0x80001b4c
       17405000	      1739	00000000	00000013	addi	x0,x0,0	  x0:0x00000000
       17415000	      1740	8000434c	00000013	addi	x0,x0,0	  x0:0x00000000
       17425000	      1741	80004350	efb6ce97	auipc	x29,0xefb6c	 x29=0x6fb7034c
       17435000	      1742	80004354	00791c63	bne	x18,x7,8000436c	 x18:0xf2c00000  x7:0x9c614000
       17445000	      1743	00000000	00000013	addi	x0,x0,0	  x0:0x00000000
       17455000	      1744	80004368	00000013	addi	x0,x0,0	  x0:0x00000000
       17465000	      1745	8000436c	fc4a0a13	addi	x20,x20,-60	 x20:0x80009f2c x20=0x80009ef0
       17475000	      1746	80004370	008ae4b3	or	x9,x21,x8	 x21:0x00000122  x8:0x80009fc4  x9=0x80009fe6
       17485000	      1747	80004374	00fa2223	sw	x15,4(x20)	 x20:0x80009ef0 x15:0x80001b4c PA:0x80009ef4
       17495000	      1748	80004378	0110ed33	or	x26,x1,x17	  x1:0x4c78f5b6 x17:0xfffff2c0 x26=0xfffff7f6
       17505000	      1749	8000437c	01fd43b3	xor	x7,x26,x31	 x26:0xfffff7f6 x31:0x04581094  x7=0xfba7e762
       17515000	      1750	80004380	00004117	auipc	x2,0x4	  x2=0x8000837c
       17525000	      1751	80004384	47910113	addi	x2,x2,1145	  x2:0x8000837c  x2=0x800087f5
       17535000	      1752	80004388	00000013	addi	x0,x0,0	  x0:0x00000000
       17545000	      1753	8000438c	b6d10523	sb	x13,-1174(x2)	  x2:0x800087f5 x13:0x000085b5 PA:0x8000835f
       17555000	      1754	80004390	13fa2313	slti	x6,x20,319	 x20:0x80009ef0  x6=0x00000001
       17565000	      1755	80004394	2e78f093	andi	x1,x17,743	 x17:0xfffff2c0  x1=0x000002c0
       17575000	      1756	80004398	8bb10823	sb	x27,-1872(x2)	  x2:0x800087f5 x27:0x4c78f000 PA:0x800080a5
       17585000	      1757	8000439c	997103a3	sb	x23,-1657(x2)	  x2:0x800087f5 x23:0x00000000 PA:0x8000817c
       17595000	      1758	800043a0	b8510e23	sb	x5,-1124(x2)	  x2:0x800087f5  x5:0xffffffa7 PA:0x80008391
       17605000	      1759	800043a4	bf410c03	lb	x24,-1036(x2)	  x2:0x800087f5 x24=0xffffffab PA:0x800083e9
       17615000	      1760	800043a8	b8b12583	lw	x11,-1141(x2)	  x2:0x800087f5 x11=0xa30160f0 PA:0x80008380
       17625000	      1761	800043ac	cae10983	lb	x19,-850(x2)	  x2:0x800087f5 x19=0x0000004c PA:0x800084a3
       17635000	      1762	800043b0	019a2533	slt	x10,x20,x25	 x20:0x80009ef0 x25:0xea00f730 x10=0x00000001
       17645000	      1763	800043b4	00000013	addi	x0,x0,0	  x0:0x00000000
       17655000	      1764	800043b8	a1e14883	lbu	x17,-1506(x2)	  x2:0x800087f5 x17=0x00000092 PA:0x80008213
       17665000	      1765	800043bc	01a69d33	sll	x26,x13,x26	 x13:0x000085b5 x26:0xfffff7f6 x26=0x6d400000
       17675000	      1766	800043c0	e7b10783	lb	x15,-389(x2)	  x2:0x800087f5 x15=0x0000003e PA:0x80008670
       17685000	      1767	800043c4	e45a8017	auipc	x0,0xe45a8	
       17695000	      1768	800043c8	570c8593	addi	x11,x25,1392	 x25:0xea00f730 x11=0xea00fca0
       17705000	      1769	800043cc	ad53b013	sltiu	x0,x7,-1323	  x7:0xfba7e762
       17715000	      1770	800043d0	8fa14f03	lbu	x30,-1798(x2)	  x2:0x800087f5 x30=0x000000a2 PA:0x800080ef
       17725000	      1771	800043d4	bda14603	lbu	x12,-1062(x2)	  x2:0x800087f5 x12=0x0000006b PA:0x800083cf
       17735000	      1772	800043d8	d4610303	lb	x6,-698(x2)	  x2:0x800087f5  x6=0x00000011 PA:0x8000853b
       17745000	      1773	00000000	00000013	addi	x0,x0,0	  x0:0x00000000
       17755000	      1774	800043dc	45a34537	lui	x10,0x45a34	 x10=0x45a34000
       17765000	      1775	800043e0	b4110303	lb	x6,-1215(x2)	  x2:0x800087f5  x6=0xffffff9e PA:0x80008336
       17775000	      1776	800043e4	8b210f83	lb	x31,-1870(x2)	  x2:0x800087f5 x31=0x00000020 PA:0x800080a7
       17785000	      1777	800043e8	00810223	sb	x8,4(x2)	  x2:0x800087f5  x8:0x80009fc4 PA:0x800087f9
       17795000	      1778	800043ec	fcd11583	lh	x11,-51(x2)	  x2:0x800087f5 x11=0x000070a6 PA:0x800087c2
       17805000	      1779	800043f0	418e5c93	srai	x25,x28,0x18	 x28:0xf1d1afc9 x25=0xfffffff1
       17815000	      1780	800043f4	7669f393	andi	x7,x19,1894	 x19:0x0000004c  x7=0x00000044
       17825000	      1781	800043f8	9f612ba3	sw	x22,-1545(x2)	  x2:0x800087f5 x22:0x00000001 PA:0x800081ec
       17835000	      1782	800043fc	41e607b3	sub	x15,x12,x30	 x12:0x0000006b x30:0x000000a2 x15=0xffffffc9
       17845000	      1783	80004400	016a1513	slli	x10,x20,0x16	 x20:0x80009ef0 x10=0xbc000000
       17855000	      1784	80004404	f6300d13	addi	x26,x0,-157	  x0:0x00000000 x26=0xffffff63
       17865000	      1785	80004408	ee712803	lw	x16,-281(x2)	  x2:0x800087f5 x16=0xd4008ffd PA:0x800086dc
       17875000	      1786	8000440c	a5e10c83	lb	x25,-1442(x2)	  x2:0x800087f5 x25=0xffffffa8 PA:0x80008253
       17885000	      1787	80004410	c3510283	lb	x5,-971(x2)	  x2:0x800087f5  x5=0x00000007 PA:0x8000842a
       17895000	      1788	80004414	76e67017	auipc	x0,0x76e67	
       17905000	      1789	80004418	40dc8533	sub	x10,x25,x13	 x25:0xffffffa8 x13:0x000085b5 x10=0xffff79f3
       17915000	      1790	8000441c	00d4d333	srl	x6,x9,x13	  x9:0x80009fe6 x13:0x000085b5  x6=0x00000400
       17925000	      1791	80004420	01789293	slli	x5,x17,0x17	 x17:0x00000092  x5=0x49000000
       17935000	      1792	80004424	004b55b3	srl	x11,x22,x4	 x22:0x00000001  x4:0x00000404 x11=0x00000000
       17945000	      1793	80004428	009cf3b3	and	x7,x25,x9	 x25:0xffffffa8  x9:0x80009fe6  x7=0x80009fa0
       17955000	      1794	8000442c	017ee1b3	or	x3,x29,x23	 x29:0x6fb7034c x23:0x00000000  x3=0x6fb7034c
       17965000	      1795	80004430	8a091d97	auipc	x27,0x8a091	 x27=0x0a09542c
       17975000	      1796	80004434	00eb54b3	srl	x9,x22,x14	 x22:0x00000001 x14:0xf2c005ea  x9=0x00000000
       17985000	      1797	80004438	acb10323	sb	x11,-1338(x2)	  x2:0x800087f5 x11:0x00000000 PA:0x800082bb
       17995000	      1798	8000443c	00005c17	auipc	x24,0x5	 x24=0x80009438
       18005000	      1799	80004440	954c0c13	addi	x24,x24,-1708	 x24:0x80009438 x24=0x80008d8c
       18015000	      1800	80004444	060c2503	lw	x10,96(x24)	 x24:0x80008d8c x10=0xf0e53b02 PA:0x80008dec
       18025000	      1801	80004448	01d95193	srli	x3,x18,0x1d	 x18:0xf2c00000  x3=0x00000007
       18035000	      1802	8000444c	f33c4883	lbu	x17,-205(x24)	 x24:0x80008d8c x17=0x000000fa PA:0x80008cbf
       18045000	      1803	80004450	cfb17893	andi	x17,x2,-773	  x2:0x800087f5 x17=0x800084f1
       18055000	      1804	80004454	fe3c4283	lbu	x5,-29(x24)	 x24:0x80008d8c  x5=0x00000015 PA:0x80008d6f
       18065000	      1805	80004458	013f1fb3	sll	x31,x30,x19	 x30:0x000000a2 x19:0x0000004c x31=0x000a2000
       18075000	      1806	8000445c	01de9313	slli	x6,x29,0x1d	 x29:0x6fb7034c  x6=0x80000000
       18085000	      1807	80004460	f3bc4083	lbu	x1,-197(x24)	 x24:0x80008d8c  x1=0x000000ee PA:0x80008cc7
       18095000	      1808	80004464	00000013	addi	x0,x0,0	  x0:0x00000000
       18105000	      1809	80004468	055c4f03	lbu	x30,85(x24)	 x24:0x80008d8c x30=0x0000000f PA:0x80008de1
       18115000	      1810	8000446c	f30c5d03	lhu	x26,-208(x24)	 x24:0x80008d8c x26=0x00005f93 PA:0x80008cbc
       18125000	      1811	80004470	40a40833	sub	x16,x8,x10	  x8:0x80009fc4 x10:0xf0e53b02 x16=0x8f1b64c2
       18135000	      1812	80004474	402fd6b3	sra	x13,x31,x2	 x31:0x000a2000  x2:0x800087f5 x13=0x00000000
       18145000	      1813	80004478	01b9ecb3	or	x25,x19,x27	 x19:0x0000004c x27:0x0a09542c x25=0x0a09546c
       18155000	      1814	8000447c	016c97b3	sll	x15,x25,x22	 x25:0x0a09546c x22:0x00000001 x15=0x1412a8d8
       18165000	      1815	80004480	5537ac93	slti	x25,x15,1363	 x15:0x1412a8d8 x25=0x00000000
       18175000	      1816	80004484	eefc40b7	lui	x1,0xeefc4	  x1=0xeefc4000
       18185000	      1817	80004488	01f884b3	add	x9,x17,x31	 x17:0x800084f1 x31:0x000a2000  x9=0x800aa4f1
       18195000	      1818	8000448c	00406233	or	x4,x0,x4	  x0:0x00000000  x4:0x00000404  x4=0x00000404
       18205000	      1819	80004490	fb4c0fa3	sb	x20,-65(x24)	 x24:0x80008d8c x20:0x80009ef0 PA:0x80008d4b
       18215000	      1820	80004494	120c3f13	sltiu	x30,x24,288	 x24:0x80008d8c x30=0x00000000
       18225000	      1821	80004498	3837b913	sltiu	x18,x15,899	 x15:0x1412a8d8 x18=0x00000000
       18235000	      1822	8000449c	41773613	sltiu	x12,x14,1047	 x14:0xf2c005ea x12=0x00000000
       18245000	      1823	800044a0	47a550b7	lui	x1,0x47a55	  x1=0x47a55000
       18255000	      1824	800044a4	d5336d13	ori	x26,x6,-685	  x6:0x80000000 x26=0xfffffd53
       18265000	      1825	800044a8	05cc5f83	lhu	x31,92(x24)	 x24:0x80008d8c x31=0x00008bab PA:0x80008de8
       18275000	      1826	800044ac	d2547993	andi	x19,x8,-731	  x8:0x80009fc4 x19=0x80009d04
       18285000	      1827	800044b0	09bc1e23	sh	x27,156(x24)	 x24:0x80008d8c x27:0x0a09542c PA:0x80008e28
       18295000	      1828	800044b4	01f3c4b3	xor	x9,x7,x31	  x7:0x80009fa0 x31:0x00008bab  x9=0x8000140b
       18305000	      1829	800044b8	f25c1f23	sh	x5,-194(x24)	 x24:0x80008d8c  x5:0x00000015 PA:0x80008cca
       18315000	      1830	800044bc	404ede93	srai	x29,x29,0x4	 x29:0x6fb7034c x29=0x06fb7034
       18325000	      1831	800044c0	0ddc05a3	sb	x29,203(x24)	 x24:0x80008d8c x29:0x06fb7034 PA:0x80008e57
       18335000	      1832	800044c4	f0cc1b03	lh	x22,-244(x24)	 x24:0x80008d8c x22=0xffffae2c PA:0x80008c98
       18345000	      1833	800044c8	f10e7e93	andi	x29,x28,-240	 x28:0xf1d1afc9 x29=0xf1d1af00
       18355000	      1834	800044cc	40af5533	sra	x10,x30,x10	 x30:0x00000000 x10:0xf0e53b02 x10=0x00000000
       18365000	      1835	800044d0	018c2f03	lw	x30,24(x24)	 x24:0x80008d8c x30=0x9e6bc2ba PA:0x80008da4
       18375000	      1836	800044d4	f33c0903	lb	x18,-205(x24)	 x24:0x80008d8c x18=0xfffffffa PA:0x80008cbf
       18385000	      1837	800044d8	40ffd613	srai	x12,x31,0xf	 x31:0x00008bab x12=0x00000001
       18395000	      1838	800044dc	041c0883	lb	x17,65(x24)	 x24:0x80008d8c x17=0xffffff83 PA:0x80008dcd
       18405000	      1839	800044e0	0fec0083	lb	x1,254(x24)	 x24:0x80008d8c  x1=0x0000005c PA:0x80008e8a
       18415000	      1840	800044e4	97ac7f93	andi	x31,x24,-1670	 x24:0x80008d8c x31=0x80008908
       18425000	      1841	800044e8	f22c0d03	lb	x26,-222(x24)	 x24:0x80008d8c x26=0x00000035 PA:0x80008cae
       18435000	      1842	800044ec	fbdc1c23	sh	x29,-72(x24)	 x24:0x80008d8c x29:0xf1d1af00 PA:0x80008d44
       18445000	      1843	800044f0	02ac4683	lbu	x13,42(x24)	 x24:0x80008d8c x13=0x00000020 PA:0x80008db6
       18455000	      1844	800044f4	0aac4903	lbu	x18,170(x24)	 x24:0x80008d8c x18=0x000000bc PA:0x80008e36
       18465000	      1845	800044f8	f48c03a3	sb	x8,-185(x24)	 x24:0x80008d8c  x8:0x80009fc4 PA:0x80008cd3
       18475000	      1846	800044fc	00004117	auipc	x2,0x4	  x2=0x800084f8
       18485000	      1847	80004500	cb210113	addi	x2,x2,-846	  x2:0x800084f8  x2=0x800081aa
       18495000	      1848	80004504	011bd1b3	srl	x3,x23,x17	 x23:0x00000000 x17:0xffffff83  x3=0x00000000
       18505000	      1849	80004508	31b80093	addi	x1,x16,795	 x16:0x8f1b64c2  x1=0x8f1b67dd
       18515000	      1850	8000450c	1917ae93	slti	x29,x15,401	 x15:0x1412a8d8 x29=0x00000000
       18525000	      1851	80004510	fd310003	lb	x0,-45(x2)	  x2:0x800081aa PA:0x8000817d
       18535000	      1852	80004514	39772813	slti	x16,x14,919	 x14:0xf2c005ea x16=0x00000001
       18545000	      1853	80004518	f3ee3fb7	lui	x31,0xf3ee3	 x31=0xf3ee3000
       18555000	      1854	8000451c	02610603	lb	x12,38(x2)	  x2:0x800081aa x12=0xffffff8e PA:0x800081d0
       18565000	      1855	80004520	0bdc0993	addi	x19,x24,189	 x24:0x80008d8c x19=0x80008e49
       18575000	      1856	80004524	ff811603	lh	x12,-8(x2)	  x2:0x800081aa x12=0x00000402 PA:0x800081a2
       18585000	      1857	80004528	40f785b3	sub	x11,x15,x15	 x15:0x1412a8d8 x15:0x1412a8d8 x11=0x00000000
       18595000	      1858	8000452c	00521493	slli	x9,x4,0x5	  x4:0x00000404  x9=0x00008080
       18605000	      1859	80004530	91c3f913	andi	x18,x7,-1764	  x7:0x80009fa0 x18=0x80009900
       18615000	      1860	80004534	73448713	addi	x14,x9,1844	  x9:0x00008080 x14=0x000087b4
       18625000	      1861	80004538	be344297	auipc	x5,0xbe344	  x5=0x3e348534
       18635000	      1862	8000453c	5c428b13	addi	x22,x5,1476	  x5:0x3e348534 x22=0x3e348af8
       18645000	      1863	80004540	f5953713	sltiu	x14,x10,-167	 x10:0x00000000 x14=0x00000001
       18655000	      1864	80004544	3cbfc393	xori	x7,x31,971	 x31:0xf3ee3000  x7=0xf3ee33cb
       18665000	      1865	80004548	016291b3	sll	x3,x5,x22	  x5:0x3e348534 x22:0x3e348af8  x3=0x34000000
       18675000	      1866	8000454c	fde10ba3	sb	x30,-41(x2)	  x2:0x800081aa x30:0x9e6bc2ba PA:0x80008181
       18685000	      1867	80004550	eb012d93	slti	x27,x2,-336	  x2:0x800081aa x27=0x00000001
       18695000	      1868	80004554	00eafdb3	and	x27,x21,x14	 x21:0x00000122 x14:0x00000001 x27=0x00000000
       18705000	      1869	80004558	01810fa3	sb	x24,31(x2)	  x2:0x800081aa x24:0x80008d8c PA:0x800081c9
       18715000	      1870	8000455c	ff710903	lb	x18,-9(x2)	  x2:0x800081aa x18=0x0000003d PA:0x800081a1
       18725000	      1871	80004560	e8b48713	addi	x14,x9,-373	  x9:0x00008080 x14=0x00007f0b
       18735000	      1872	80004564	fec10683	lb	x13,-20(x2)	  x2:0x800081aa x13=0x0000004a PA:0x80008196
       18745000	      1873	80004568	010217b3	sll	x15,x4,x16	  x4:0x00000404 x16:0x00000001 x15=0x00000808
       18755000	      1874	8000456c	03310b23	sb	x19,54(x2)	  x2:0x800081aa x19:0x80008e49 PA:0x800081e0
       18765000	      1875	80004570	fe911023	sh	x9,-32(x2)	  x2:0x800081aa  x9:0x00008080 PA:0x8000818a
       18775000	      1876	80004574	400adcb3	sra	x25,x21,x0	 x21:0x00000122  x0:0x00000000 x25=0x00000122
       18785000	      1877	80004578	00a482b3	add	x5,x9,x10	  x9:0x00008080 x10:0x00000000  x5=0x00008080
       18795000	      1878	8000457c	41ad5093	srai	x1,x26,0x1a	 x26:0x00000035  x1=0x00000000
       18805000	      1879	80004580	03b14c83	lbu	x25,59(x2)	  x2:0x800081aa x25=0x0000004f PA:0x800081e5
       18815000	      1880	80004584	fec14503	lbu	x10,-20(x2)	  x2:0x800081aa x10=0x0000004a PA:0x80008196
       18825000	      1881	80004588	50843693	sltiu	x13,x8,1288	  x8:0x80009fc4 x13=0x00000000
       18835000	      1882	8000458c	fe410ca3	sb	x4,-7(x2)	  x2:0x800081aa  x4:0x00000404 PA:0x800081a3
       18845000	      1883	80004590	01fc31b3	sltu	x3,x24,x31	 x24:0x80008d8c x31:0xf3ee3000  x3=0x00000001
       18855000	      1884	80004594	03514283	lbu	x5,53(x2)	  x2:0x800081aa  x5=0x000000f3 PA:0x800081df
       18865000	      1885	80004598	03310523	sb	x19,42(x2)	  x2:0x800081aa x19:0x80008e49 PA:0x800081d4
       18875000	      1886	8000459c	fed12123	sw	x13,-30(x2)	  x2:0x800081aa x13:0x00000000 PA:0x8000818c
       18885000	      1887	800045a0	00004b17	auipc	x22,0x4	 x22=0x8000859c
       18895000	      1888	800045a4	66fb0b13	addi	x22,x22,1647	 x22:0x8000859c x22=0x80008c0b
       18905000	      1889	800045a8	008b0a83	lb	x21,8(x22)	 x22:0x80008c0b x21=0x0000006b PA:0x80008c13
       18915000	      1890	800045ac	010578b3	and	x17,x10,x16	 x10:0x0000004a x16:0x00000001 x17=0x00000000
       18925000	      1891	800045b0	010643b3	xor	x7,x12,x16	 x12:0x00000402 x16:0x00000001  x7=0x00000403
       18935000	      1892	800045b4	00a0e3b3	or	x7,x1,x10	  x1:0x00000000 x10:0x0000004a  x7=0x0000004a
       18945000	      1893	800045b8	fe6b0e23	sb	x6,-4(x22)	 x22:0x80008c0b  x6:0x80000000 PA:0x80008c07
       18955000	      1894	800045bc	ff8b0a23	sb	x24,-12(x22)	 x22:0x80008c0b x24:0x80008d8c PA:0x80008bff
       18965000	      1895	800045c0	40f853b3	sra	x7,x16,x15	 x16:0x00000001 x15:0x00000808  x7=0x00000000
       18975000	      1896	800045c4	027b4f83	lbu	x31,39(x22)	 x22:0x80008c0b x31=0x000000d1 PA:0x80008c32
       18985000	      1897	800045c8	006b0ba3	sb	x6,23(x22)	 x22:0x80008c0b  x6:0x80000000 PA:0x80008c22
       18995000	      1898	800045cc	000b0f23	sb	x0,30(x22)	 x22:0x80008c0b  x0:0x00000000 PA:0x80008c29
       19005000	      1899	800045d0	022b0d23	sb	x2,58(x22)	 x22:0x80008c0b  x2:0x800081aa PA:0x80008c45
       19015000	      1900	800045d4	00aa9f13	slli	x30,x21,0xa	 x21:0x0000006b x30=0x0001ac00
       19025000	      1901	800045d8	00235db3	srl	x27,x6,x2	  x6:0x80000000  x2:0x800081aa x27=0x00200000
       19035000	      1902	800045dc	ffeb0703	lb	x14,-2(x22)	 x22:0x80008c0b x14=0xffffffc9 PA:0x80008c09
       19045000	      1903	800045e0	038b0ea3	sb	x24,61(x22)	 x22:0x80008c0b x24:0x80008d8c PA:0x80008c48
       19055000	      1904	800045e4	44af8f93	addi	x31,x31,1098	 x31:0x000000d1 x31=0x0000051b
       19065000	      1905	800045e8	0098d013	srli	x0,x17,0x9	 x17:0x00000000
       19075000	      1906	800045ec	02eb0683	lb	x13,46(x22)	 x22:0x80008c0b x13=0xffffffcb PA:0x80008c39
       19085000	      1907	800045f0	00541c33	sll	x24,x8,x5	  x8:0x80009fc4  x5:0x000000f3 x24=0xfe200000
       19095000	      1908	800045f4	ffeb0723	sb	x30,-18(x22)	 x22:0x80008c0b x30:0x0001ac00 PA:0x80008bf9
       19105000	      1909	800045f8	016727b3	slt	x15,x14,x22	 x14:0xffffffc9 x22:0x80008c0b x15=0x00000000
       19115000	      1910	800045fc	00000013	addi	x0,x0,0	  x0:0x00000000
       19125000	      1911	80004600	fe5b0083	lb	x1,-27(x22)	 x22:0x80008c0b  x1=0xffffffe9 PA:0x80008bf0
       19135000	      1912	80004604	004fdbb3	srl	x23,x31,x4	 x31:0x0000051b  x4:0x00000404 x23=0x00000051
       19145000	      1913	80004608	41d60c33	sub	x24,x12,x29	 x12:0x00000402 x29:0x00000000 x24=0x00000402
       19155000	      1914	8000460c	008b0f83	lb	x31,8(x22)	 x22:0x80008c0b x31=0x0000006b PA:0x80008c13
       19165000	      1915	80004610	008673b3	and	x7,x12,x8	 x12:0x00000402  x8:0x80009fc4  x7=0x00000400
       19175000	      1916	80004614	fe5b0203	lb	x4,-27(x22)	 x22:0x80008c0b  x4=0xffffffe9 PA:0x80008bf0
       19185000	      1917	80004618	01fb5c03	lhu	x24,31(x22)	 x22:0x80008c0b x24=0x0000b2c3 PA:0x80008c2a
       19195000	      1918	8000461c	fd4b03a3	sb	x20,-57(x22)	 x22:0x80008c0b x20:0x80009ef0 PA:0x80008bd2
       19205000	      1919	80004620	ffab4283	lbu	x5,-6(x22)	 x22:0x80008c0b  x5=0x0000003a PA:0x80008c05
       19215000	      1920	80004624	01f4d013	srli	x0,x9,0x1f	  x9:0x00008080
       19225000	      1921	80004628	00000013	addi	x0,x0,0	  x0:0x00000000
       19235000	      1922	8000462c	fecb10a3	sh	x12,-31(x22)	 x22:0x80008c0b x12:0x00000402 PA:0x80008bec
       19245000	      1923	80004630	fc2b4583	lbu	x11,-62(x22)	 x22:0x80008c0b x11=0x00000089 PA:0x80008bcd
       19255000	      1924	80004634	fe6b4503	lbu	x10,-26(x22)	 x22:0x80008c0b x10=0x00000072 PA:0x80008bf1
       19265000	      1925	80004638	009b04a3	sb	x9,9(x22)	 x22:0x80008c0b  x9:0x00008080 PA:0x80008c14
       19275000	      1926	8000463c	ff1b0d83	lb	x27,-15(x22)	 x22:0x80008c0b x27=0x0000002a PA:0x80008bfc
       19285000	      1927	80004640	fd6b0283	lb	x5,-42(x22)	 x22:0x80008c0b  x5=0x00000009 PA:0x80008be1
       19295000	      1928	80004644	028b0883	lb	x17,40(x22)	 x22:0x80008c0b x17=0x0000000e PA:0x80008c33
       19305000	      1929	80004648	a2e3eb93	ori	x23,x7,-1490	  x7:0x00000400 x23=0xfffffe2e
       19315000	      1930	8000464c	00ba1033	sll	x0,x20,x11	 x20:0x80009ef0 x11:0x00000089
       19325000	      1931	80004650	012034b3	sltu	x9,x0,x18	  x0:0x00000000 x18:0x0000003d  x9=0x00000001
       19335000	      1932	80004654	01e17633	and	x12,x2,x30	  x2:0x800081aa x30:0x0001ac00 x12=0x00008000
       19345000	      1933	80004658	035b4303	lbu	x6,53(x22)	 x22:0x80008c0b  x6=0x0000005f PA:0x80008c40
       19355000	      1934	8000465c	01361313	slli	x6,x12,0x13	 x12:0x00008000  x6=0x00000000
       19365000	      1935	80004660	8a33c493	xori	x9,x7,-1885	  x7:0x00000400  x9=0xfffffca3
       19375000	      1936	80004664	026b14a3	sh	x6,41(x22)	 x22:0x80008c0b  x6:0x00000000 PA:0x80008c34
       19385000	      1937	80004668	00004f97	auipc	x31,0x4	 x31=0x80008664
       19395000	      1938	8000466c	b7ef8f93	addi	x31,x31,-1154	 x31:0x80008664 x31=0x800081e2
       19405000	      1939	80004670	bbe16c17	auipc	x24,0xbbe16	 x24=0x3be1a66c
       19415000	      1940	80004674	ffbf8783	lb	x15,-5(x31)	 x31:0x800081e2 x15=0x00000053 PA:0x800081dd
       19425000	      1941	80004678	01b14f33	xor	x30,x2,x27	  x2:0x800081aa x27:0x0000002a x30=0x80008180
       19435000	      1942	8000467c	a31b8eb7	lui	x29,0xa31b8	 x29=0xa31b8000
       19445000	      1943	80004680	00000013	addi	x0,x0,0	  x0:0x00000000
       19455000	      1944	80004684	00555233	srl	x4,x10,x5	 x10:0x00000072  x5:0x00000009  x4=0x00000000
       19465000	      1945	80004688	407d00b3	sub	x1,x26,x7	 x26:0x00000035  x7:0x00000400  x1=0xfffffc35
       19475000	      1946	8000468c	014cf1b3	and	x3,x25,x20	 x25:0x0000004f x20:0x80009ef0  x3=0x00000040
       19485000	      1947	80004690	bd65a193	slti	x3,x11,-1066	 x11:0x00000089  x3=0x00000000
       19495000	      1948	80004694	fe2f8ca3	sb	x2,-7(x31)	 x31:0x800081e2  x2:0x800081aa PA:0x800081db
       19505000	      1949	80004698	66ceae93	slti	x29,x29,1644	 x29:0xa31b8000 x29=0x00000001
       19515000	      1950	8000469c	fe1f88a3	sb	x1,-15(x31)	 x31:0x800081e2  x1:0xfffffc35 PA:0x800081d3
       19525000	      1951	800046a0	004586b3	add	x13,x11,x4	 x11:0x00000089  x4:0x00000000 x13=0x00000089
       19535000	      1952	800046a4	ff1f8083	lb	x1,-15(x31)	 x31:0x800081e2  x1=0x00000035 PA:0x800081d3
       19545000	      1953	800046a8	008f9f03	lh	x30,8(x31)	 x31:0x800081e2 x30=0x00007e09 PA:0x800081ea
       19555000	      1954	800046ac	010fd503	lhu	x10,16(x31)	 x31:0x800081e2 x10=0x0000e483 PA:0x800081f2
       19565000	      1955	800046b0	00ffcb83	lbu	x23,15(x31)	 x31:0x800081e2 x23=0x0000006c PA:0x800081f1
       19575000	      1956	800046b4	a2c476b7	lui	x13,0xa2c47	 x13=0xa2c47000
       19585000	      1957	800046b8	01f7e233	or	x4,x15,x31	 x15:0x00000053 x31:0x800081e2  x4=0x800081f3
       19595000	      1958	800046bc	40bf5713	srai	x14,x30,0xb	 x30:0x00007e09 x14=0x0000000f
       19605000	      1959	800046c0	ff1f8c23	sb	x17,-8(x31)	 x31:0x800081e2 x17:0x0000000e PA:0x800081da
       19615000	      1960	800046c4	006f9003	lh	x0,6(x31)	 x31:0x800081e2 PA:0x800081e8
       19625000	      1961	800046c8	00efdd03	lhu	x26,14(x31)	 x31:0x800081e2 x26=0x00006c5c PA:0x800081f0
       19635000	      1962	800046cc	ff6f8583	lb	x11,-10(x31)	 x31:0x800081e2 x11=0x00000059 PA:0x800081d8
       19645000	      1963	800046d0	41d255b3	sra	x11,x4,x29	  x4:0x800081f3 x29:0x00000001 x11=0xc00040f9
       19655000	      1964	800046d4	ffcfd203	lhu	x4,-4(x31)	 x31:0x800081e2  x4=0x0000f3db PA:0x800081de
       19665000	      1965	800046d8	00c3ddb3	srl	x27,x7,x12	  x7:0x00000400 x12:0x00008000 x27=0x00000400
       19675000	      1966	800046dc	ffcf9603	lh	x12,-4(x31)	 x31:0x800081e2 x12=0xfffff3db PA:0x800081de
       19685000	      1967	00000000	00000013	addi	x0,x0,0	  x0:0x00000000
       19695000	      1968	800046e0	40ce5613	srai	x12,x28,0xc	 x28:0xf1d1afc9 x12=0xffff1d1a
       19705000	      1969	800046e4	9ed28613	addi	x12,x5,-1555	  x5:0x00000009 x12=0xfffff9f6
       19715000	      1970	800046e8	d98c4f13	xori	x30,x24,-616	 x24:0x3be1a66c x30=0xc41e5bf4
       19725000	      1971	800046ec	00e19d13	slli	x26,x3,0xe	  x3:0x00000000 x26=0x00000000
       19735000	      1972	800046f0	405756b3	sra	x13,x14,x5	 x14:0x0000000f  x5:0x00000009 x13=0x00000000
       19745000	      1973	800046f4	005f8423	sb	x5,8(x31)	 x31:0x800081e2  x5:0x00000009 PA:0x800081ea
       19755000	      1974	800046f8	00ff2cb3	slt	x25,x30,x15	 x30:0xc41e5bf4 x15:0x00000053 x25=0x00000001
       19765000	      1975	800046fc	fc6b3613	sltiu	x12,x22,-58	 x22:0x80008c0b x12=0x00000001
       19775000	      1976	80004700	002f9283	lh	x5,2(x31)	 x31:0x800081e2  x5=0x00004fee PA:0x800081e4
       19785000	      1977	80004704	006fc503	lbu	x10,6(x31)	 x31:0x800081e2 x10=0x00000058 PA:0x800081e8
       19795000	      1978	80004708	cbe13993	sltiu	x19,x2,-834	  x2:0x800081aa x19=0x00000001
       19805000	      1979	8000470c	00df8983	lb	x19,13(x31)	 x31:0x800081e2 x19=0x00000000 PA:0x800081ef
       19815000	      1980	80004710	01861c93	slli	x25,x12,0x18	 x12:0x00000001 x25=0x01000000
       19825000	      1981	80004714	00c8a0b3	slt	x1,x17,x12	 x17:0x0000000e x12:0x00000001  x1=0x00000000
       19835000	      1982	80004718	75554b93	xori	x23,x10,1877	 x10:0x00000058 x23=0x0000070d
       19845000	      1983	8000471c	01fc5a93	srli	x21,x24,0x1f	 x24:0x3be1a66c x21=0x00000000
       19855000	      1984	80004720	21087913	andi	x18,x16,528	 x16:0x00000001 x18=0x00000000
       19865000	      1985	80004724	002fd603	lhu	x12,2(x31)	 x31:0x800081e2 x12=0x00004fee PA:0x800081e4
       19875000	      1986	80004728	ff3fcc83	lbu	x25,-13(x31)	 x31:0x800081e2 x25=0x00000083 PA:0x800081d5
       19885000	      1987	8000472c	00004097	auipc	x1,0x4	  x1=0x80008728
       19895000	      1988	80004730	fad08093	addi	x1,x1,-83	  x1:0x80008728  x1=0x800086d5
       19905000	      1989	80004734	41505793	srai	x15,x0,0x15	  x0:0x00000000 x15=0x00000000
       19915000	      1990	80004738	010fe4b3	or	x9,x31,x16	 x31:0x800081e2 x16:0x00000001  x9=0x800081e3
       19925000	      1991	8000473c	00e348b3	xor	x17,x6,x14	  x6:0x00000000 x14:0x0000000f x17=0x0000000f
       19935000	      1992	80004740	fa3082a3	sb	x3,-91(x1)	  x1:0x800086d5  x3:0x00000000 PA:0x8000867a
       19945000	      1993	80004744	1222c613	xori	x12,x5,290	  x5:0x00004fee x12=0x00004ecc
       19955000	      1994	80004748	f450c383	lbu	x7,-187(x1)	  x1:0x800086d5  x7=0x000000c7 PA:0x8000861a
       19965000	      1995	8000474c	01c52733	slt	x14,x10,x28	 x10:0x00000058 x28:0xf1d1afc9 x14=0x00000000
       19975000	      1996	80004750	1bfa0337	lui	x6,0x1bfa0	  x6=0x1bfa0000
       19985000	      1997	80004754	ff209fa3	sh	x18,-1(x1)	  x1:0x800086d5 x18:0x00000000 PA:0x800086d4
       19995000	      1998	80004758	0f108283	lb	x5,241(x1)	  x1:0x800086d5  x5=0xffffffa4 PA:0x800087c6
       20005000	      1999	8000475c	02e09ba3	sh	x14,55(x1)	  x1:0x800086d5 x14:0x00000000 PA:0x8000870c
       20015000	      2000	80004760	f878ee93	ori	x29,x17,-121	 x17:0x0000000f x29=0xffffff8f
       20025000	      2001	80004764	f9d0d203	lhu	x4,-99(x1)	  x1:0x800086d5  x4=0x0000f229 PA:0x80008672
       20035000	      2002	80004768	fb808b03	lb	x22,-72(x1)	  x1:0x800086d5 x22=0x0000001f PA:0x8000868d
       20045000	      2003	8000476c	00509d03	lh	x26,5(x1)	  x1:0x800086d5 x26=0xffffd7a6 PA:0x800086da
       20055000	      2004	80004770	f6108b83	lb	x23,-159(x1)	  x1:0x800086d5 x23=0xffffff8c PA:0x80008636
       20065000	      2005	80004774	fea08b03	lb	x22,-22(x1)	  x1:0x800086d5 x22=0x00000006 PA:0x800086bf
       20075000	      2006	80004778	5ff22813	slti	x16,x4,1535	  x4:0x0000f229 x16=0x00000000
       20085000	      2007	8000477c	0fd0a3a3	sw	x29,231(x1)	  x1:0x800086d5 x29:0xffffff8f PA:0x800087bc
       20095000	      2008	80004780	f3908da3	sb	x25,-197(x1)	  x1:0x800086d5 x25:0x00000083 PA:0x80008610
       20105000	      2009	80004784	417f5713	srai	x14,x30,0x17	 x30:0xc41e5bf4 x14=0xffffff88
       20115000	      2010	80004788	0a00c183	lbu	x3,160(x1)	  x1:0x800086d5  x3=0x000000ec PA:0x80008775
       20125000	      2011	8000478c	f9b094a3	sh	x27,-119(x1)	  x1:0x800086d5 x27:0x00000400 PA:0x8000865e
       20135000	      2012	80004790	f270cd83	lbu	x27,-217(x1)	  x1:0x800086d5 x27=0x00000015 PA:0x800085fc
       20145000	      2013	80004794	0e50c483	lbu	x9,229(x1)	  x1:0x800086d5  x9=0x00000003 PA:0x800087ba
       20155000	      2014	80004798	07808923	sb	x24,114(x1)	  x1:0x800086d5 x24:0x3be1a66c PA:0x80008747
       20165000	      2015	8000479c	fe608823	sb	x6,-16(x1)	  x1:0x800086d5  x6:0x1bfa0000 PA:0x800086c5
       20175000	      2016	800047a0	05c08203	lb	x4,92(x1)	  x1:0x800086d5  x4=0xffffff94 PA:0x80008731
       20185000	      2017	800047a4	0c508883	lb	x17,197(x1)	  x1:0x800086d5 x17=0x0000004a PA:0x8000879a
       20195000	      2018	800047a8	f8508883	lb	x17,-123(x1)	  x1:0x800086d5 x17=0xffffffd9 PA:0x8000865a
       20205000	      2019	00000000	00000013	addi	x0,x0,0	  x0:0x00000000
       20215000	      2020	800047ac	f510d783	lhu	x15,-175(x1)	  x1:0x800086d5 x15=0x00008edf PA:0x80008626
       20225000	      2021	800047b0	06108ba3	sb	x1,119(x1)	  x1:0x800086d5  x1:0x800086d5 PA:0x8000874c
       20235000	      2022	800047b4	01301033	sll	x0,x0,x19	  x0:0x00000000 x19:0x00000000
       20245000	      2023	800047b8	00000013	addi	x0,x0,0	  x0:0x00000000
       20255000	      2024	800047bc	f7c0c903	lbu	x18,-132(x1)	  x1:0x800086d5 x18=0x000000d0 PA:0x80008651
       20265000	      2025	800047c0	00f62533	slt	x10,x12,x15	 x12:0x00004ecc x15:0x00008edf x10=0x00000001
       20275000	      2026	800047c4	01d08423	sb	x29,8(x1)	  x1:0x800086d5 x29:0xffffff8f PA:0x800086dd
       20285000	      2027	800047c8	e4d88f13	addi	x30,x17,-435	 x17:0xffffffd9 x30=0xfffffe26
       20295000	      2028	800047cc	0d40c503	lbu	x10,212(x1)	  x1:0x800086d5 x10=0x0000002c PA:0x800087a9
       20305000	      2029	800047d0	00004817	auipc	x16,0x4	 x16=0x800087cc
       20315000	      2030	800047d4	ff780813	addi	x16,x16,-9	 x16:0x800087cc x16=0x800087c3
       20325000	      2031	800047d8	00f84b33	xor	x22,x16,x15	 x16:0x800087c3 x15:0x00008edf x22=0x8000091c
       20335000	      2032	800047dc	00e80f03	lb	x30,14(x16)	 x16:0x800087c3 x30=0xffffff8c PA:0x800087d1
       20345000	      2033	800047e0	5752f893	andi	x17,x5,1397	  x5:0xffffffa4 x17=0x00000524
       20355000	      2034	800047e4	009eceb3	xor	x29,x29,x9	 x29:0xffffff8f  x9:0x00000003 x29=0xffffff8c
       20365000	      2035	800047e8	00e80303	lb	x6,14(x16)	 x16:0x800087c3  x6=0xffffff8c PA:0x800087d1
       20375000	      2036	800047ec	ff384c83	lbu	x25,-13(x16)	 x16:0x800087c3 x25=0x000000ea PA:0x800087b6
       20385000	      2037	800047f0	00ce1a93	slli	x21,x28,0xc	 x28:0xf1d1afc9 x21=0x1afc9000
       20395000	      2038	800047f4	ffd82983	lw	x19,-3(x16)	 x16:0x800087c3 x19=0x70a6f21d PA:0x800087c0
       20405000	      2039	800047f8	00000013	addi	x0,x0,0	  x0:0x00000000
       20415000	      2040	800047fc	00985d83	lhu	x27,9(x16)	 x16:0x800087c3 x27=0x0000499d PA:0x800087cc
       20425000	      2041	80004800	018813a3	sh	x24,7(x16)	 x16:0x800087c3 x24:0x3be1a66c PA:0x800087ca
       20435000	      2042	80004804	00084b03	lbu	x22,0(x16)	 x16:0x800087c3 x22=0x00000070 PA:0x800087c3
       20445000	      2043	80004808	01a51893	slli	x17,x10,0x1a	 x10:0x0000002c x17=0xb0000000
       20455000	      2044	8000480c	54f80713	addi	x14,x16,1359	 x16:0x800087c3 x14=0x80008d12
       20465000	      2045	80004810	013ab3b3	sltu	x7,x21,x19	 x21:0x1afc9000 x19:0x70a6f21d  x7=0x00000001
       20475000	      2046	80004814	01fabbb3	sltu	x23,x21,x31	 x21:0x1afc9000 x31:0x800081e2 x23=0x00000001
       20485000	      2047	80004818	ff680b23	sb	x22,-10(x16)	 x16:0x800087c3 x22:0x00000070 PA:0x800087b9
       20495000	      2048	8000481c	0112d393	srli	x7,x5,0x11	  x5:0xffffffa4  x7=0x00007fff
       20505000	      2049	80004820	ff780883	lb	x17,-9(x16)	 x16:0x800087c3 x17=0x00000003 PA:0x800087ba
       20515000	      2050	80004824	01280823	sb	x18,16(x16)	 x16:0x800087c3 x18:0x000000d0 PA:0x800087d3
       20525000	      2051	80004828	00beaab3	slt	x21,x29,x11	 x29:0xffffff8c x11:0xc00040f9 x21=0x00000000
       20535000	      2052	8000482c	05284863	blt	x16,x18,8000487c	 x16:0x800087c3 x18:0x000000d0
       20545000	      2053	00000000	00000013	addi	x0,x0,0	  x0:0x00000000
       20555000	      2054	80004878	00000013	addi	x0,x0,0	  x0:0x00000000
       20565000	      2055	8000487c	0091ceb3	xor	x29,x3,x9	  x3:0x000000ec  x9:0x00000003 x29=0x000000ef
       20575000	      2056	80004880	03ee6863	bltu	x28,x30,800048b0	 x28:0xf1d1afc9 x30:0xffffff8c
       20585000	      2057	00000000	00000013	addi	x0,x0,0	  x0:0x00000000
       20595000	      2058	800048ac	00000013	addi	x0,x0,0	  x0:0x00000000
       20605000	      2059	800048b0	d585ac13	slti	x24,x11,-680	 x11:0xc00040f9 x24=0x00000001
       20615000	      2060	800048b4	02e35c63	bge	x6,x14,800048ec	  x6:0xffffff8c x14:0x80008d12
       20625000	      2061	00000000	00000013	addi	x0,x0,0	  x0:0x00000000
       20635000	      2062	800048e8	00000013	addi	x0,x0,0	  x0:0x00000000
       20645000	      2063	800048ec	018d9993	slli	x19,x27,0x18	 x27:0x0000499d x19=0x9d000000
       20655000	      2064	800048f0	4712f893	andi	x17,x5,1137	  x5:0xffffffa4 x17=0x00000420
       20665000	      2065	800048f4	8d333c93	sltiu	x25,x6,-1837	  x6:0xffffff8c x25=0x00000000
       20675000	      2066	800048f8	00237f33	and	x30,x6,x2	  x6:0xffffff8c  x2:0x800081aa x30=0x80008188
       20685000	      2067	800048fc	51b2bc13	sltiu	x24,x5,1307	  x5:0xffffffa4 x24=0x00000000
       20695000	      2068	80004900	75c8b113	sltiu	x2,x17,1884	 x17:0x00000420  x2=0x00000001
       20705000	      2069	80004904	005925b3	slt	x11,x18,x5	 x18:0x000000d0  x5:0xffffffa4 x11=0x00000000
       20715000	      2070	80004908	00239d93	slli	x27,x7,0x2	  x7:0x00007fff x27=0x0001fffc
       20725000	      2071	8000490c	00000013	addi	x0,x0,0	  x0:0x00000000
       20735000	      2072	80004910	415ddf93	srai	x31,x27,0x15	 x27:0x0001fffc x31=0x00000000
       20745000	      2073	80004914	e2302593	slti	x11,x0,-477	  x0:0x00000000 x11=0x00000000
       20755000	      2074	80004918	01df9613	slli	x12,x31,0x1d	 x31:0x00000000 x12=0x00000000
       20765000	      2075	8000491c	3e620a93	addi	x21,x4,998	  x4:0xffffff94 x21=0x0000037a
       20775000	      2076	80004920	4076dc93	srai	x25,x13,0x7	 x13:0x00000000 x25=0x00000000
       20785000	      2077	80004924	0c7dce93	xori	x29,x27,199	 x27:0x0001fffc x29=0x0001ff3b
       20795000	      2078	80004928	035e1063	bne	x28,x21,80004948	 x28:0xf1d1afc9 x21:0x0000037a
       20805000	      2079	00000000	00000013	addi	x0,x0,0	  x0:0x00000000
       20815000	      2080	80004944	00000013	addi	x0,x0,0	  x0:0x00000000
       20825000	      2081	80004948	04f45063	bge	x8,x15,80004988	  x8:0x80009fc4 x15:0x00008edf
       20835000	      2082	8000494c	003b1733	sll	x14,x22,x3	 x22:0x00000070  x3:0x000000ec x14=0x00070000
       20845000	      2083	80004950	4427e137	lui	x2,0x4427e	  x2=0x4427e000
       20855000	      2084	80004954	d8f8cb93	xori	x23,x17,-625	 x17:0x00000420 x23=0xfffff9af
       20865000	      2085	80004958	02fedc63	bge	x29,x15,80004990	 x29:0x0001ff3b x15:0x00008edf
       20875000	      2086	00000000	00000013	addi	x0,x0,0	  x0:0x00000000
       20885000	      2087	8000498c	00000013	addi	x0,x0,0	  x0:0x00000000
       20895000	      2088	80004990	1e446293	ori	x5,x8,484	  x8:0x80009fc4  x5=0x80009fe4
       20905000	      2089	80004994	016340b3	xor	x1,x6,x22	  x6:0xffffff8c x22:0x00000070  x1=0xfffffffc
       20915000	      2090	80004998	3314b313	sltiu	x6,x9,817	  x9:0x00000003  x6=0x00000001
       20925000	      2091	8000499c	008ad663	bge	x21,x8,800049a8	 x21:0x0000037a  x8:0x80009fc4
       20935000	      2092	00000000	00000013	addi	x0,x0,0	  x0:0x00000000
       20945000	      2093	800049a4	00000013	addi	x0,x0,0	  x0:0x00000000
       20955000	      2094	800049a8	41125693	srai	x13,x4,0x11	  x4:0xffffff94 x13=0xffffffff
       20965000	      2095	800049ac	03c0f263	bgeu	x1,x28,800049d0	  x1:0xfffffffc x28:0xf1d1afc9
       20975000	      2096	00000000	00000013	addi	x0,x0,0	  x0:0x00000000
       20985000	      2097	800049cc	00000013	addi	x0,x0,0	  x0:0x00000000
       20995000	      2098	800049d0	f6b64c13	xori	x24,x12,-149	 x12:0x00000000 x24=0xffffff6b
       21005000	      2099	800049d4	020cec63	bltu	x25,x0,80004a0c	 x25:0x00000000  x0:0x00000000
       21015000	      2100	800049d8	95b64a93	xori	x21,x12,-1701	 x12:0x00000000 x21=0xfffff95b
       21025000	      2101	800049dc	00409c13	slli	x24,x1,0x4	  x1:0xfffffffc x24=0xffffffc0
       21035000	      2102	800049e0	002c9913	slli	x18,x25,0x2	 x25:0x00000000 x18=0x00000000
       21045000	      2103	800049e4	091e0d13	addi	x26,x28,145	 x28:0xf1d1afc9 x26=0xf1d1b05a
       21055000	      2104	800049e8	022d5463	bge	x26,x2,80004a10	 x26:0xf1d1b05a  x2:0x4427e000
       21065000	      2105	800049ec	adef2717	auipc	x14,0xadef2	 x14=0x2def69e8
       21075000	      2106	800049f0	00000013	addi	x0,x0,0	  x0:0x00000000
       21085000	      2107	800049f4	4182a593	slti	x11,x5,1048	  x5:0x80009fe4 x11=0x00000001
       21095000	      2108	800049f8	e582b493	sltiu	x9,x5,-424	  x5:0x80009fe4  x9=0x00000001
       21105000	      2109	800049fc	04820463	beq	x4,x8,80004a44	  x4:0xffffff94  x8:0x80009fc4
       21115000	      2110	80004a00	ac134113	xori	x2,x6,-1343	  x6:0x00000001  x2=0xfffffac0
       21125000	      2111	80004a04	00031293	slli	x5,x6,0x0	  x6:0x00000001  x5=0x00000001
       21135000	      2112	80004a08	67e972b7	lui	x5,0x67e97	  x5=0x67e97000
       21145000	      2113	80004a0c	013c93b3	sll	x7,x25,x19	 x25:0x00000000 x19:0x9d000000  x7=0x00000000
       21155000	      2114	80004a10	015ad2b3	srl	x5,x21,x21	 x21:0xfffff95b x21:0xfffff95b  x5=0x0000001f
       21165000	      2115	80004a14	0529f063	bgeu	x19,x18,80004a54	 x19:0x9d000000 x18:0x00000000
       21175000	      2116	00000000	00000013	addi	x0,x0,0	  x0:0x00000000
       21185000	      2117	80004a50	00000013	addi	x0,x0,0	  x0:0x00000000
       21195000	      2118	80004a54	5994cb13	xori	x22,x9,1433	  x9:0x00000001 x22=0x00000598
       21205000	      2119	80004a58	03e01263	bne	x0,x30,80004a7c	  x0:0x00000000 x30:0x80008188
       21215000	      2120	00000000	00000013	addi	x0,x0,0	  x0:0x00000000
       21225000	      2121	80004a78	00000013	addi	x0,x0,0	  x0:0x00000000
       21235000	      2122	80004a7c	000c4663	blt	x24,x0,80004a88	 x24:0xffffffc0  x0:0x00000000
       21245000	      2123	00000000	00000013	addi	x0,x0,0	  x0:0x00000000
       21255000	      2124	80004a84	00000013	addi	x0,x0,0	  x0:0x00000000
       21265000	      2125	80004a88	01964833	xor	x16,x12,x25	 x12:0x00000000 x25:0x00000000 x16=0x00000000
       21275000	      2126	80004a8c	49eea113	slti	x2,x29,1182	 x29:0x0001ff3b  x2=0x00000000
       21285000	      2127	80004a90	01127e63	bgeu	x4,x17,80004aac	  x4:0xffffff94 x17:0x00000420
       21295000	      2128	00000000	00000013	addi	x0,x0,0	  x0:0x00000000
       21305000	      2129	80004aa8	00000013	addi	x0,x0,0	  x0:0x00000000
       21315000	      2130	80004aac	26d3c013	xori	x0,x7,621	  x7:0x00000000
       21325000	      2131	80004ab0	04a30863	beq	x6,x10,80004b00	  x6:0x00000001 x10:0x0000002c
       21335000	      2132	80004ab4	019f3133	sltu	x2,x30,x25	 x30:0x80008188 x25:0x00000000  x2=0x00000000
       21345000	      2133	80004ab8	00b69f33	sll	x30,x13,x11	 x13:0xffffffff x11:0x00000001 x30=0xfffffffe
       21355000	      2134	80004abc	cfc16c13	ori	x24,x2,-772	  x2:0x00000000 x24=0xfffffcfc
       21365000	      2135	80004ac0	012193b3	sll	x7,x3,x18	  x3:0x000000ec x18:0x00000000  x7=0x000000ec
       21375000	      2136	80004ac4	01157733	and	x14,x10,x17	 x10:0x0000002c x17:0x00000420 x14=0x00000020
       21385000	      2137	80004ac8	0fd77093	andi	x1,x14,253	 x14:0x00000020  x1=0x00000020
       21395000	      2138	80004acc	b07c7297	auipc	x5,0xb07c7	  x5=0x307cbac8
       21405000	      2139	80004ad0	8e9d7f93	andi	x31,x26,-1815	 x26:0xf1d1b05a x31=0xf1d1b048
       21415000	      2140	80004ad4	00ec1813	slli	x16,x24,0xe	 x24:0xfffffcfc x16=0xff3f0000
       21425000	      2141	80004ad8	037c0263	beq	x24,x23,80004afc	 x24:0xfffffcfc x23:0xfffff9af
       21435000	      2142	80004adc	4940bd13	sltiu	x26,x1,1172	  x1:0x00000020 x26=0x00000001
       21445000	      2143	80004ae0	00000013	addi	x0,x0,0	  x0:0x00000000
       21455000	      2144	80004ae4	01f66333	or	x6,x12,x31	 x12:0x00000000 x31:0xf1d1b048  x6=0xf1d1b048
       21465000	      2145	80004ae8	039a4e63	blt	x20,x25,80004b24	 x20:0x80009ef0 x25:0x00000000
       21475000	      2146	00000000	00000013	addi	x0,x0,0	  x0:0x00000000
       21485000	      2147	80004b20	00000013	addi	x0,x0,0	  x0:0x00000000
       21495000	      2148	80004b24	0113beb3	sltu	x29,x7,x17	  x7:0x000000ec x17:0x00000420 x29=0x00000001
       21505000	      2149	80004b28	009f50b3	srl	x1,x30,x9	 x30:0xfffffffe  x9:0x00000001  x1=0x7fffffff
       21515000	      2150	80004b2c	02889463	bne	x17,x8,80004b54	 x17:0x00000420  x8:0x80009fc4
       21525000	      2151	00000000	00000013	addi	x0,x0,0	  x0:0x00000000
       21535000	      2152	80004b50	00000013	addi	x0,x0,0	  x0:0x00000000
       21545000	      2153	80004b54	41c35733	sra	x14,x6,x28	  x6:0xf1d1b048 x28:0xf1d1afc9 x14=0xfff8e8d8
       21555000	      2154	80004b58	f8110013	addi	x0,x2,-127	  x2:0x00000000
       21565000	      2155	80004b5c	03f17463	bgeu	x2,x31,80004b84	  x2:0x00000000 x31:0xf1d1b048
       21575000	      2156	80004b60	03464063	blt	x12,x20,80004b80	 x12:0x00000000 x20:0x80009ef0
       21585000	      2157	80004b64	00e37c63	bgeu	x6,x14,80004b7c	  x6:0xf1d1b048 x14:0xfff8e8d8
       21595000	      2158	80004b68	011dfdb3	and	x27,x27,x17	 x27:0x0001fffc x17:0x00000420 x27=0x00000420
       21605000	      2159	80004b6c	008bbb33	sltu	x22,x23,x8	 x23:0xfffff9af  x8:0x80009fc4 x22=0x00000000
       21615000	      2160	80004b70	a931c293	xori	x5,x3,-1389	  x3:0x000000ec  x5=0xfffffa7f
       21625000	      2161	80004b74	010bfd33	and	x26,x23,x16	 x23:0xfffff9af x16:0xff3f0000 x26=0xff3f0000
       21635000	      2162	80004b78	00dc91b3	sll	x3,x25,x13	 x25:0x00000000 x13:0xffffffff  x3=0x00000000
       21645000	      2163	80004b7c	013eafb3	slt	x31,x29,x19	 x29:0x00000001 x19:0x9d000000 x31=0x00000000
       21655000	      2164	80004b80	00000013	addi	x0,x0,0	  x0:0x00000000
       21665000	      2165	80004b84	019f0033	add	x0,x30,x25	 x30:0xfffffffe x25:0x00000000
       21675000	      2166	80004b88	010e3133	sltu	x2,x28,x16	 x28:0xf1d1afc9 x16:0xff3f0000  x2=0x00000001
       21685000	      2167	80004b8c	79f678b7	lui	x17,0x79f67	 x17=0x79f67000
       21695000	      2168	80004b90	0104d893	srli	x17,x9,0x10	  x9:0x00000001 x17=0x00000000
       21705000	      2169	80004b94	01c03cb3	sltu	x25,x0,x28	  x0:0x00000000 x28:0xf1d1afc9 x25=0x00000001
       21715000	      2170	80004b98	5da6e393	ori	x7,x13,1498	 x13:0xffffffff  x7=0xffffffff
       21725000	      2171	80004b9c	74654f13	xori	x30,x10,1862	 x10:0x0000002c x30=0x0000076a
       21735000	      2172	80004ba0	01d677b3	and	x15,x12,x29	 x12:0x00000000 x29:0x00000001 x15=0x00000000
       21745000	      2173	80004ba4	035f0463	beq	x30,x21,80004bcc	 x30:0x0000076a x21:0xfffff95b
       21755000	      2174	80004ba8	e93da193	slti	x3,x27,-365	 x27:0x00000420  x3=0x00000000
       21765000	      2175	80004bac	02cc5c63	bge	x24,x12,80004be4	 x24:0xfffffcfc x12:0x00000000
       21775000	      2176	80004bb0	67e4c013	xori	x0,x9,1662	  x9:0x00000001
       21785000	      2177	80004bb4	7bbcb713	sltiu	x14,x25,1979	 x25:0x00000001 x14=0x00000001
       21795000	      2178	80004bb8	015afcb3	and	x25,x21,x21	 x21:0xfffff95b x21:0xfffff95b x25=0xfffff95b
       21805000	      2179	80004bbc	007c5993	srli	x19,x24,0x7	 x24:0xfffffcfc x19=0x01fffff9
       21815000	      2180	80004bc0	01b8eab3	or	x21,x17,x27	 x17:0x00000000 x27:0x00000420 x21=0x00000420
       21825000	      2181	80004bc4	015843b3	xor	x7,x16,x21	 x16:0xff3f0000 x21:0x00000420  x7=0xff3f0420
       21835000	      2182	80004bc8	01d998b3	sll	x17,x19,x29	 x19:0x01fffff9 x29:0x00000001 x17=0x03fffff2
       21845000	      2183	80004bcc	39812713	slti	x14,x2,920	  x2:0x00000001 x14=0x00000001
       21855000	      2184	80004bd0	48ce7793	andi	x15,x28,1164	 x28:0xf1d1afc9 x15=0x00000488
       21865000	      2185	80004bd4	01dc0333	add	x6,x24,x29	 x24:0xfffffcfc x29:0x00000001  x6=0xfffffcfd
       21875000	      2186	80004bd8	00d15813	srli	x16,x2,0xd	  x2:0x00000001 x16=0x00000000
       21885000	      2187	80004bdc	8cf67113	andi	x2,x12,-1841	 x12:0x00000000  x2=0x00000000
       21895000	      2188	80004be0	00931213	slli	x4,x6,0x9	  x6:0xfffffcfd  x4=0xfff9fa00
       21905000	      2189	80004be4	01c630b3	sltu	x1,x12,x28	 x12:0x00000000 x28:0xf1d1afc9  x1=0x00000001
       21915000	      2190	80004be8	0155a1b3	slt	x3,x11,x21	 x11:0x00000001 x21:0x00000420  x3=0x00000001
       21925000	      2191	80004bec	67213c13	sltiu	x24,x2,1650	  x2:0x00000000 x24=0x00000001
       21935000	      2192	80004bf0	0075c733	xor	x14,x11,x7	 x11:0x00000001  x7:0xff3f0420 x14=0xff3f0421
       21945000	      2193	80004bf4	da45c593	xori	x11,x11,-604	 x11:0x00000001 x11=0xfffffda5
       21955000	      2194	80004bf8	0000bc33	sltu	x24,x1,x0	  x1:0x00000001  x0:0x00000000 x24=0x00000000
       21965000	      2195	80004bfc	028d9c63	bne	x27,x8,80004c34	 x27:0x00000420  x8:0x80009fc4
       21975000	      2196	00000000	00000013	addi	x0,x0,0	  x0:0x00000000
       21985000	      2197	80004c30	00000013	addi	x0,x0,0	  x0:0x00000000
       21995000	      2198	80004c34	05a34263	blt	x6,x26,80004c78	  x6:0xfffffcfd x26:0xff3f0000
       22005000	      2199	80004c38	518beb97	auipc	x23,0x518be	 x23=0xd18c2c34
       22015000	      2200	80004c3c	776f6593	ori	x11,x30,1910	 x30:0x0000076a x11=0x0000077e
       22025000	      2201	80004c40	40ef5db3	sra	x27,x30,x14	 x30:0x0000076a x14:0xff3f0421 x27=0x000003b5
       22035000	      2202	80004c44	01476ab3	or	x21,x14,x20	 x14:0xff3f0421 x20:0x80009ef0 x21=0xff3f9ef1
       22045000	      2203	80004c48	03afc863	blt	x31,x26,80004c78	 x31:0x00000000 x26:0xff3f0000
       22055000	      2204	80004c4c	36f0c613	xori	x12,x1,879	  x1:0x00000001 x12=0x0000036e
       22065000	      2205	80004c50	41b65f33	sra	x30,x12,x27	 x12:0x0000036e x27:0x000003b5 x30=0x00000000
       22075000	      2206	80004c54	048e7063	bgeu	x28,x8,80004c94	 x28:0xf1d1afc9  x8:0x80009fc4
       22085000	      2207	00000000	00000013	addi	x0,x0,0	  x0:0x00000000
       22095000	      2208	80004c90	00000013	addi	x0,x0,0	  x0:0x00000000
       22105000	      2209	80004c94	6af60813	addi	x16,x12,1711	 x12:0x0000036e x16=0x00000a1d
       22115000	      2210	80004c98	37347993	andi	x19,x8,883	  x8:0x80009fc4 x19=0x00000340
       22125000	      2211	80004c9c	012fd9b3	srl	x19,x31,x18	 x31:0x00000000 x18:0x00000000 x19=0x00000000
       22135000	      2212	80004ca0	0042af33	slt	x30,x5,x4	  x5:0xfffffa7f  x4:0xfff9fa00 x30=0x00000000
       22145000	      2213	80004ca4	04b28263	beq	x5,x11,80004ce8	  x5:0xfffffa7f x11:0x0000077e
       22155000	      2214	80004ca8	00e2db93	srli	x23,x5,0xe	  x5:0xfffffa7f x23=0x0003ffff
       22165000	      2215	80004cac	04b80463	beq	x16,x11,80004cf4	 x16:0x00000a1d x11:0x0000077e
       22175000	      2216	80004cb0	00a4b233	sltu	x4,x9,x10	  x9:0x00000001 x10:0x0000002c  x4=0x00000001
       22185000	      2217	80004cb4	00eafa63	bgeu	x21,x14,80004cc8	 x21:0xff3f9ef1 x14:0xff3f0421
       22195000	      2218	00000000	00000013	addi	x0,x0,0	  x0:0x00000000
       22205000	      2219	80004cc4	00000013	addi	x0,x0,0	  x0:0x00000000
       22215000	      2220	80004cc8	00039b33	sll	x22,x7,x0	  x7:0xff3f0420  x0:0x00000000 x22=0xff3f0420
       22225000	      2221	80004ccc	0266c463	blt	x13,x6,80004cf4	 x13:0xffffffff  x6:0xfffffcfd
       22235000	      2222	80004cd0	01268c63	beq	x13,x18,80004ce8	 x13:0xffffffff x18:0x00000000
       22245000	      2223	80004cd4	03ef9c63	bne	x31,x30,80004d0c	 x31:0x00000000 x30:0x00000000
       22255000	      2224	80004cd8	02128263	beq	x5,x1,80004cfc	  x5:0xfffffa7f  x1:0x00000001
       22265000	      2225	80004cdc	00e35f93	srli	x31,x6,0xe	  x6:0xfffffcfd x31=0x0003ffff
       22275000	      2226	80004ce0	008db033	sltu	x0,x27,x8	 x27:0x000003b5  x8:0x80009fc4
       22285000	      2227	80004ce4	01e11eb3	sll	x29,x2,x30	  x2:0x00000000 x30:0x00000000 x29=0x00000000
       22295000	      2228	80004ce8	00000013	addi	x0,x0,0	  x0:0x00000000
       22305000	      2229	80004cec	01995993	srli	x19,x18,0x19	 x18:0x00000000 x19=0x00000000
       22315000	      2230	80004cf0	10ebc193	xori	x3,x23,270	 x23:0x0003ffff  x3=0x0003fef1
       22325000	      2231	80004cf4	e49b0837	lui	x16,0xe49b0	 x16=0xe49b0000
       22335000	      2232	80004cf8	76748c13	addi	x24,x9,1895	  x9:0x00000001 x24=0x00000768
       22345000	      2233	80004cfc	00ef11b3	sll	x3,x30,x14	 x30:0x00000000 x14:0xff3f0421  x3=0x00000000
       22355000	      2234	80004d00	41315313	srai	x6,x2,0x13	  x2:0x00000000  x6=0x00000000
       22365000	      2235	80004d04	0100eab3	or	x21,x1,x16	  x1:0x00000001 x16:0xe49b0000 x21=0xe49b0001
       22375000	      2236	80004d08	41f65533	sra	x10,x12,x31	 x12:0x0000036e x31:0x0003ffff x10=0x00000000
       22385000	      2237	80004d0c	4112d5b3	sra	x11,x5,x17	  x5:0xfffffa7f x17:0x03fffff2 x11=0xffffffff
       22395000	      2238	80004d10	00468633	add	x12,x13,x4	 x13:0xffffffff  x4:0x00000001 x12=0x00000000
       22405000	      2239	80004d14	03088c63	beq	x17,x16,80004d4c	 x17:0x03fffff2 x16:0xe49b0000
       22415000	      2240	80004d18	0048f463	bgeu	x17,x4,80004d20	 x17:0x03fffff2  x4:0x00000001
       22425000	      2241	00000000	00000013	addi	x0,x0,0	  x0:0x00000000
       22435000	      2242	80004d1c	00000013	addi	x0,x0,0	  x0:0x00000000
       22445000	      2243	80004d20	0396e463	bltu	x13,x25,80004d48	 x13:0xffffffff x25:0xfffff95b
       22455000	      2244	80004d24	020b6263	bltu	x22,x0,80004d48	 x22:0xff3f0420  x0:0x00000000
       22465000	      2245	80004d28	4027d493	srai	x9,x15,0x2	 x15:0x00000488  x9=0x00000122
       22475000	      2246	80004d2c	03988463	beq	x17,x25,80004d54	 x17:0x03fffff2 x25:0xfffff95b
       22485000	      2247	80004d30	00643633	sltu	x12,x8,x6	  x8:0x80009fc4  x6:0x00000000 x12=0x00000000
       22495000	      2248	80004d34	00000013	addi	x0,x0,0	  x0:0x00000000
       22505000	      2249	80004d38	0042deb3	srl	x29,x5,x4	  x5:0xfffffa7f  x4:0x00000001 x29=0x7ffffd3f
       22515000	      2250	80004d3c	add22737	lui	x14,0xadd22	 x14=0xadd22000
       22525000	      2251	80004d40	841ccd17	auipc	x26,0x841cc	 x26=0x041d0d3c
       22535000	      2252	80004d44	00caa733	slt	x14,x21,x12	 x21:0xe49b0001 x12:0x00000000 x14=0x00000001
       22545000	      2253	80004d48	e7f3a693	slti	x13,x7,-385	  x7:0xff3f0420 x13=0x00000001
       22555000	      2254	80004d4c	048ee863	bltu	x29,x8,80004d9c	 x29:0x7ffffd3f  x8:0x80009fc4
       22565000	      2255	00000000	00000013	addi	x0,x0,0	  x0:0x00000000
       22575000	      2256	80004d98	00000013	addi	x0,x0,0	  x0:0x00000000
       22585000	      2257	80004d9c	085e4113	xori	x2,x28,133	 x28:0xf1d1afc9  x2=0xf1d1af4c
       22595000	      2258	80004da0	045f0063	beq	x30,x5,80004de0	 x30:0x00000000  x5:0xfffffa7f
       22605000	      2259	80004da4	0081fe63	bgeu	x3,x8,80004dc0	  x3:0x00000000  x8:0x80009fc4
       22615000	      2260	80004da8	00000013	addi	x0,x0,0	  x0:0x00000000
       22625000	      2261	80004dac	6b026497	auipc	x9,0x6b026	  x9=0xeb02ada8
       22635000	      2262	80004db0	b4540493	addi	x9,x8,-1211	  x8:0x80009fc4  x9=0x80009b09
       22645000	      2263	80004db4	009c11b3	sll	x3,x24,x9	 x24:0x00000768  x9:0x80009b09  x3=0x000ed000
       22655000	      2264	80004db8	4def4f93	xori	x31,x30,1246	 x30:0x00000000 x31=0x000004de
       22665000	      2265	80004dbc	0308ce63	blt	x17,x16,80004df8	 x17:0x03fffff2 x16:0xe49b0000
       22675000	      2266	80004dc0	e9c18f93	addi	x31,x3,-356	  x3:0x000ed000 x31=0x000ece9c
       22685000	      2267	80004dc4	04100863	beq	x0,x1,80004e14	  x0:0x00000000  x1:0x00000001
       22695000	      2268	80004dc8	03b57263	bgeu	x10,x27,80004dec	 x10:0x00000000 x27:0x000003b5
       22705000	      2269	80004dcc	41b65e93	srai	x29,x12,0x1b	 x12:0x00000000 x29=0x00000000
       22715000	      2270	80004dd0	00f23cb3	sltu	x25,x4,x15	  x4:0x00000001 x15:0x00000488 x25=0x00000001
       22725000	      2271	80004dd4	01bab8b3	sltu	x17,x21,x27	 x21:0xe49b0001 x27:0x000003b5 x17=0x00000000
       22735000	      2272	80004dd8	01f5e9b3	or	x19,x11,x31	 x11:0xffffffff x31:0x000ece9c x19=0xffffffff
       22745000	      2273	80004ddc	05305263	bge	x0,x19,80004e20	  x0:0x00000000 x19:0xffffffff
       22755000	      2274	00000000	00000013	addi	x0,x0,0	  x0:0x00000000
       22765000	      2275	80004e1c	00000013	addi	x0,x0,0	  x0:0x00000000
       22775000	      2276	80004e20	41cbd533	sra	x10,x23,x28	 x23:0x0003ffff x28:0xf1d1afc9 x10=0x000001ff
       22785000	      2277	80004e24	d24fb213	sltiu	x4,x31,-732	 x31:0x000ece9c  x4=0x00000001
       22795000	      2278	80004e28	01787c33	and	x24,x16,x23	 x16:0xe49b0000 x23:0x0003ffff x24=0x00030000
       22805000	      2279	80004e2c	fb023293	sltiu	x5,x4,-80	  x4:0x00000001  x5=0x00000001
       22815000	      2280	80004e30	8cb60a93	addi	x21,x12,-1845	 x12:0x00000000 x21=0xfffff8cb
       22825000	      2281	80004e34	006212b3	sll	x5,x4,x6	  x4:0x00000001  x6:0x00000000  x5=0x00000001
       22835000	      2282	80004e38	015f1b33	sll	x22,x30,x21	 x30:0x00000000 x21:0xfffff8cb x22=0x00000000
       22845000	      2283	80004e3c	42987813	andi	x16,x16,1065	 x16:0xe49b0000 x16=0x00000000
       22855000	      2284	80004e40	24eb5f37	lui	x30,0x24eb5	 x30=0x24eb5000
       22865000	      2285	80004e44	97b7ea93	ori	x21,x15,-1669	 x15:0x00000488 x21=0xfffffdfb
       22875000	      2286	80004e48	05d0e263	bltu	x1,x29,80004e8c	  x1:0x00000001 x29:0x00000000
       22885000	      2287	80004e4c	00e15613	srli	x12,x2,0xe	  x2:0xf1d1af4c x12=0x0003c746
       22895000	      2288	80004e50	f60e3e93	sltiu	x29,x28,-160	 x28:0xf1d1afc9 x29=0x00000001
       22905000	      2289	80004e54	030c5263	bge	x24,x16,80004e78	 x24:0x00030000 x16:0x00000000
       22915000	      2290	00000000	00000013	addi	x0,x0,0	  x0:0x00000000
       22925000	      2291	80004e74	00000013	addi	x0,x0,0	  x0:0x00000000
       22935000	      2292	80004e78	00afefb3	or	x31,x31,x10	 x31:0x000ece9c x10:0x000001ff x31=0x000ecfff
       22945000	      2293	80004e7c	03347463	bgeu	x8,x19,80004ea4	  x8:0x80009fc4 x19:0xffffffff
       22955000	      2294	80004e80	03579463	bne	x15,x21,80004ea8	 x15:0x00000488 x21:0xfffffdfb
       22965000	      2295	00000000	00000013	addi	x0,x0,0	  x0:0x00000000
       22975000	      2296	80004ea4	00000013	addi	x0,x0,0	  x0:0x00000000
       22985000	      2297	80004ea8	00ab0733	add	x14,x22,x10	 x22:0x00000000 x10:0x000001ff x14=0x000001ff
       22995000	      2298	80004eac	40f15533	sra	x10,x2,x15	  x2:0xf1d1af4c x15:0x00000488 x10=0xfff1d1af
       23005000	      2299	80004eb0	02648c63	beq	x9,x6,80004ee8	  x9:0x80009b09  x6:0x00000000
       23015000	      2300	80004eb4	00bf00b3	add	x1,x30,x11	 x30:0x24eb5000 x11:0xffffffff  x1=0x24eb4fff
       23025000	      2301	80004eb8	0293e463	bltu	x7,x9,80004ee0	  x7:0xff3f0420  x9:0x80009b09
       23035000	      2302	80004ebc	404607b3	sub	x15,x12,x4	 x12:0x0003c746  x4:0x00000001 x15=0x0003c745
       23045000	      2303	80004ec0	04bd1063	bne	x26,x11,80004f00	 x26:0x041d0d3c x11:0xffffffff
       23055000	      2304	00000000	00000013	addi	x0,x0,0	  x0:0x00000000
       23065000	      2305	80004efc	00000013	addi	x0,x0,0	  x0:0x00000000
       23075000	      2306	80004f00	411b5d13	srai	x26,x22,0x11	 x22:0x00000000 x26=0x00000000
       23085000	      2307	80004f04	5fc67217	auipc	x4,0x5fc67	  x4=0xdfc6bf00
       23095000	      2308	80004f08	012996b3	sll	x13,x19,x18	 x19:0xffffffff x18:0x00000000 x13=0xffffffff
       23105000	      2309	80004f0c	4087d493	srai	x9,x15,0x8	 x15:0x0003c745  x9=0x000003c7
       23115000	      2310	80004f10	412ed213	srai	x4,x29,0x12	 x29:0x00000001  x4=0x00000000
       23125000	      2311	80004f14	01499993	slli	x19,x19,0x14	 x19:0xffffffff x19=0xfff00000
       23135000	      2312	80004f18	01f547b3	xor	x15,x10,x31	 x10:0xfff1d1af x31:0x000ecfff x15=0xffff1e50
       23145000	      2313	80004f1c	40ed5f93	srai	x31,x26,0xe	 x26:0x00000000 x31=0x00000000
       23155000	      2314	80004f20	04e48063	beq	x9,x14,80004f60	  x9:0x000003c7 x14:0x000001ff
       23165000	      2315	80004f24	0181e033	or	x0,x3,x24	  x3:0x000ed000 x24:0x00030000
       23175000	      2316	80004f28	00936c63	bltu	x6,x9,80004f40	  x6:0x00000000  x9:0x000003c7
       23185000	      2317	00000000	00000013	addi	x0,x0,0	  x0:0x00000000
       23195000	      2318	80004f3c	00000013	addi	x0,x0,0	  x0:0x00000000
       23205000	      2319	80004f40	3f30ed17	auipc	x26,0x3f30e	 x26=0xbf312f3c
       23215000	      2320	80004f44	8d2d0817	auipc	x16,0x8d2d0	 x16=0x0d2d4f40
       23225000	      2321	80004f48	01fdfe63	bgeu	x27,x31,80004f64	 x27:0x000003b5 x31:0x00000000
       23235000	      2322	00000000	00000013	addi	x0,x0,0	  x0:0x00000000
       23245000	      2323	80004f60	00000013	addi	x0,x0,0	  x0:0x00000000
       23255000	      2324	80004f64	38442817	auipc	x16,0x38442	 x16=0xb8446f60
       23265000	      2325	80004f68	00bc6b33	or	x22,x24,x11	 x24:0x00030000 x11:0xffffffff x22=0xffffffff
       23275000	      2326	80004f6c	5afec793	xori	x15,x29,1455	 x29:0x00000001 x15=0x000005ae
       23285000	      2327	80004f70	5aea4593	xori	x11,x20,1454	 x20:0x80009ef0 x11=0x80009b5e
       23295000	      2328	80004f74	9be0a613	slti	x12,x1,-1602	  x1:0x24eb4fff x12=0x00000000
       23305000	      2329	80004f78	019ef0b3	and	x1,x29,x25	 x29:0x00000001 x25:0x00000001  x1=0x00000001
       23315000	      2330	80004f7c	0282fc63	bgeu	x5,x8,80004fb4	  x5:0x00000001  x8:0x80009fc4
       23325000	      2331	80004f80	95674313	xori	x6,x14,-1706	 x14:0x000001ff  x6=0xfffff8a9
       23335000	      2332	80004f84	c0396cb7	lui	x25,0xc0396	 x25=0xc0396000
       23345000	      2333	80004f88	11409463	bne	x1,x20,80005090	  x1:0x00000001 x20:0x80009ef0
       23355000	      2334	00000000	00000013	addi	x0,x0,0	  x0:0x00000000
       23365000	      2335	8000508c	00000013	addi	x0,x0,0	  x0:0x00000000
       23375000	      2336	80005090	00dbc1b3	xor	x3,x23,x13	 x23:0x0003ffff x13:0xffffffff  x3=0xfffc0000
       23385000	      2337	80005094	01fafdb3	and	x27,x21,x31	 x21:0xfffffdfb x31:0x00000000 x27=0x00000000
       23395000	      2338	80005098	95ea8493	addi	x9,x21,-1698	 x21:0xfffffdfb  x9=0xfffff759
       23405000	      2339	8000509c	5a88ce93	xori	x29,x17,1448	 x17:0x00000000 x29=0x000005a8
       23415000	      2340	800050a0	01831713	slli	x14,x6,0x18	  x6:0xfffff8a9 x14=0xa9000000
       23425000	      2341	800050a4	00f557b3	srl	x15,x10,x15	 x10:0xfff1d1af x15:0x000005ae x15=0x0003ffc7
       23435000	      2342	800050a8	00c63db3	sltu	x27,x12,x12	 x12:0x00000000 x12:0x00000000 x27=0x00000000
       23445000	      2343	800050ac	404a0fb3	sub	x31,x20,x4	 x20:0x80009ef0  x4:0x00000000 x31=0x80009ef0
       23455000	      2344	800050b0	006b6bb3	or	x23,x22,x6	 x22:0xffffffff  x6:0xfffff8a9 x23=0xffffffff
       23465000	      2345	800050b4	00805713	srli	x14,x0,0x8	  x0:0x00000000 x14=0x00000000
       23475000	      2346	800050b8	30b97c97	auipc	x25,0x30b97	 x25=0xb0b9c0b4
       23485000	      2347	800050bc	5b77e337	lui	x6,0x5b77e	  x6=0x5b77e000
       23495000	      2348	800050c0	014318b3	sll	x17,x6,x20	  x6:0x5b77e000 x20:0x80009ef0 x17=0xe0000000
       23505000	      2349	800050c4	4052dfb3	sra	x31,x5,x5	  x5:0x00000001  x5:0x00000001 x31=0x00000000
       23515000	      2350	800050c8	00080fb3	add	x31,x16,x0	 x16:0xb8446f60  x0:0x00000000 x31=0xb8446f60
       23525000	      2351	800050cc	00000013	addi	x0,x0,0	  x0:0x00000000
       23535000	      2352	800050d0	01b00463	beq	x0,x27,800050d8	  x0:0x00000000 x27:0x00000000
       23545000	      2353	00000000	00000013	addi	x0,x0,0	  x0:0x00000000
       23555000	      2354	800050d4	00000013	addi	x0,x0,0	  x0:0x00000000
       23565000	      2355	800050d8	40e95093	srai	x1,x18,0xe	 x18:0x00000000  x1=0x00000000
       23575000	      2356	800050dc	23a0e693	ori	x13,x1,570	  x1:0x00000000 x13=0x0000023a
       23585000	      2357	800050e0	41f9d2b3	sra	x5,x19,x31	 x19:0xfff00000 x31:0xb8446f60  x5=0xfff00000
       23595000	      2358	800050e4	5716c313	xori	x6,x13,1393	 x13:0x0000023a  x6=0x0000074b
       23605000	      2359	800050e8	004711b3	sll	x3,x14,x4	 x14:0x00000000  x4:0x00000000  x3=0x00000000
       23615000	      2360	800050ec	c03b0813	addi	x16,x22,-1021	 x22:0xffffffff x16=0xfffffc02
       23625000	      2361	800050f0	006239b3	sltu	x19,x4,x6	  x4:0x00000000  x6:0x0000074b x19=0x00000001
       23635000	      2362	800050f4	01f12833	slt	x16,x2,x31	  x2:0xf1d1af4c x31:0xb8446f60 x16=0x00000000
       23645000	      2363	800050f8	024f6c63	bltu	x30,x4,80005130	 x30:0x24eb5000  x4:0x00000000
       23655000	      2364	800050fc	04e21663	bne	x4,x14,80005148	  x4:0x00000000 x14:0x00000000
       23665000	      2365	80005100	031bc063	blt	x23,x17,80005120	 x23:0xffffffff x17:0xe0000000
       23675000	      2366	80005104	6f069b17	auipc	x22,0x6f069	 x22=0xef06e100
       23685000	      2367	80005108	8821c893	xori	x17,x3,-1918	  x3:0x00000000 x17=0xfffff882
       23695000	      2368	8000510c	01960333	add	x6,x12,x25	 x12:0x00000000 x25:0xb0b9c0b4  x6=0xb0b9c0b4
       23705000	      2369	80005110	4178dc13	srai	x24,x17,0x17	 x17:0xfffff882 x24=0xffffffff
       23715000	      2370	80005114	01fd9333	sll	x6,x27,x31	 x27:0x00000000 x31:0xb8446f60  x6=0x00000000
       23725000	      2371	80005118	01c61493	slli	x9,x12,0x1c	 x12:0x00000000  x9=0x00000000
       23735000	      2372	8000511c	b0544397	auipc	x7,0xb0544	  x7=0x30549118
       23745000	      2373	80005120	00189863	bne	x17,x1,80005130	 x17:0xfffff882  x1:0x00000000
       23755000	      2374	00000000	00000013	addi	x0,x0,0	  x0:0x00000000
       23765000	      2375	8000512c	00000013	addi	x0,x0,0	  x0:0x00000000
       23775000	      2376	80005130	012de8b3	or	x17,x27,x18	 x27:0x00000000 x18:0x00000000 x17=0x00000000
       23785000	      2377	80005134	00157f33	and	x30,x10,x1	 x10:0xfff1d1af  x1:0x00000000 x30=0x00000000
       23795000	      2378	80005138	48bcc493	xori	x9,x25,1163	 x25:0xb0b9c0b4  x9=0xb0b9c43f
       23805000	      2379	8000513c	0380f263	bgeu	x1,x24,80005160	  x1:0x00000000 x24:0xffffffff
       23815000	      2380	80005140	009173b3	and	x7,x2,x9	  x2:0xf1d1af4c  x9:0xb0b9c43f  x7=0xb091840c
       23825000	      2381	80005144	5b878793	addi	x15,x15,1464	 x15:0x0003ffc7 x15=0x0004057f
       23835000	      2382	80005148	4b142813	slti	x16,x8,1201	  x8:0x80009fc4 x16=0x00000001
       23845000	      2383	8000514c	04b6d463	bge	x13,x11,80005194	 x13:0x0000023a x11:0x80009b5e
       23855000	      2384	00000000	00000013	addi	x0,x0,0	  x0:0x00000000
       23865000	      2385	80005190	00000013	addi	x0,x0,0	  x0:0x00000000
       23875000	      2386	80005194	00caa4b3	slt	x9,x21,x12	 x21:0xfffffdfb x12:0x00000000  x9=0x00000001
       23885000	      2387	80005198	0431c863	blt	x3,x3,800051e8	  x3:0x00000000  x3:0x00000000
       23895000	      2388	8000519c	00d1b0b3	sltu	x1,x3,x13	  x3:0x00000000 x13:0x0000023a  x1=0x00000001
       23905000	      2389	800051a0	4e6bcd93	xori	x27,x23,1254	 x23:0xffffffff x27=0xfffffb19
       23915000	      2390	800051a4	41485393	srai	x7,x16,0x14	 x16:0x00000001  x7=0x00000000
       23925000	      2391	800051a8	0040e3b3	or	x7,x1,x4	  x1:0x00000001  x4:0x00000000  x7=0x00000001
       23935000	      2392	800051ac	6b514993	xori	x19,x2,1717	  x2:0xf1d1af4c x19=0xf1d1a9f9
       23945000	      2393	800051b0	40cdd6b3	sra	x13,x27,x12	 x27:0xfffffb19 x12:0x00000000 x13=0xfffffb19
       23955000	      2394	800051b4	5f20fc13	andi	x24,x1,1522	  x1:0x00000001 x24=0x00000000
       23965000	      2395	800051b8	0130c9b3	xor	x19,x1,x19	  x1:0x00000001 x19:0xf1d1a9f9 x19=0xf1d1a9f8
       23975000	      2396	800051bc	02d0f263	bgeu	x1,x13,800051e0	  x1:0x00000001 x13:0xfffffb19
       23985000	      2397	800051c0	03980263	beq	x16,x25,800051e4	 x16:0x00000001 x25:0xb0b9c0b4
       23995000	      2398	800051c4	4080d893	srai	x17,x1,0x8	  x1:0x00000001 x17=0x00000000
       24005000	      2399	800051c8	0a525837	lui	x16,0xa525	 x16=0x0a525000
       24015000	      2400	800051cc	04a3f863	bgeu	x7,x10,8000521c	  x7:0x00000001 x10:0xfff1d1af
       24025000	      2401	800051d0	40c08533	sub	x10,x1,x12	  x1:0x00000001 x12:0x00000000 x10=0x00000001
       24035000	      2402	800051d4	00c659b3	srl	x19,x12,x12	 x12:0x00000000 x12:0x00000000 x19=0x00000000
       24045000	      2403	800051d8	62f9a213	slti	x4,x19,1583	 x19:0x00000000  x4=0x00000001
       24055000	      2404	800051dc	0130b733	sltu	x14,x1,x19	  x1:0x00000001 x19:0x00000000 x14=0x00000000
       24065000	      2405	800051e0	004168b3	or	x17,x2,x4	  x2:0xf1d1af4c  x4:0x00000001 x17=0xf1d1af4d
       24075000	      2406	800051e4	00461713	slli	x14,x12,0x4	 x12:0x00000000 x14=0x00000000
       24085000	      2407	800051e8	007fafb3	slt	x31,x31,x7	 x31:0xb8446f60  x7:0x00000001 x31=0x00000001
       24095000	      2408	800051ec	4f378093	addi	x1,x15,1267	 x15:0x0004057f  x1=0x00040a72
       24105000	      2409	800051f0	0ec74993	xori	x19,x14,236	 x14:0x00000000 x19=0x000000ec
       24115000	      2410	800051f4	04c8f663	bgeu	x17,x12,80005240	 x17:0xf1d1af4d x12:0x00000000
       24125000	      2411	00000000	00000013	addi	x0,x0,0	  x0:0x00000000
       24135000	      2412	8000523c	00000013	addi	x0,x0,0	  x0:0x00000000
       24145000	      2413	80005240	07b290b7	lui	x1,0x7b29	  x1=0x07b29000
       24155000	      2414	80005244	01ebe5b3	or	x11,x23,x30	 x23:0xffffffff x30:0x00000000 x11=0xffffffff
       24165000	      2415	80005248	059a8063	beq	x21,x25,80005288	 x21:0xfffffdfb x25:0xb0b9c0b4
       24175000	      2416	8000524c	02258463	beq	x11,x2,80005274	 x11:0xffffffff  x2:0xf1d1af4c
       24185000	      2417	80005250	03421863	bne	x4,x20,80005280	  x4:0x00000001 x20:0x80009ef0
       24195000	      2418	00000000	00000013	addi	x0,x0,0	  x0:0x00000000
       24205000	      2419	8000527c	00000013	addi	x0,x0,0	  x0:0x00000000
       24215000	      2420	80005280	76e9a093	slti	x1,x19,1902	 x19:0x000000ec  x1=0x00000001
       24225000	      2421	80005284	00000013	addi	x0,x0,0	  x0:0x00000000
       24235000	      2422	80005288	40b05fb3	sra	x31,x0,x11	  x0:0x00000000 x11:0xffffffff x31=0x00000000
       24245000	      2423	8000528c	01e05533	srl	x10,x0,x30	  x0:0x00000000 x30:0x00000000 x10=0x00000000
       24255000	      2424	80005290	01fc9f93	slli	x31,x25,0x1f	 x25:0xb0b9c0b4 x31=0x00000000
       24265000	      2425	80005294	009a5913	srli	x18,x20,0x9	 x20:0x80009ef0 x18=0x0040004f
       24275000	      2426	80005298	0142e733	or	x14,x5,x20	  x5:0xfff00000 x20:0x80009ef0 x14=0xfff09ef0
       24285000	      2427	8000529c	012f9293	slli	x5,x31,0x12	 x31:0x00000000  x5=0x00000000
       24295000	      2428	800052a0	0173e633	or	x12,x7,x23	  x7:0x00000001 x23:0xffffffff x12=0xffffffff
       24305000	      2429	800052a4	5ec40a93	addi	x21,x8,1516	  x8:0x80009fc4 x21=0x8000a5b0
       24315000	      2430	800052a8	f3327613	andi	x12,x4,-205	  x4:0x00000001 x12=0x00000001
       24325000	      2431	800052ac	000a61b3	or	x3,x20,x0	 x20:0x80009ef0  x0:0x00000000  x3=0x80009ef0
       24335000	      2432	800052b0	00477a63	bgeu	x14,x4,800052c4	 x14:0xfff09ef0  x4:0x00000001
       24345000	      2433	00000000	00000013	addi	x0,x0,0	  x0:0x00000000
       24355000	      2434	800052c0	00000013	addi	x0,x0,0	  x0:0x00000000
       24365000	      2435	800052c4	0473dc63	bge	x7,x7,8000531c	  x7:0x00000001  x7:0x00000001
       24375000	      2436	00000000	00000013	addi	x0,x0,0	  x0:0x00000000
       24385000	      2437	80005318	00000013	addi	x0,x0,0	  x0:0x00000000
       24395000	      2438	8000531c	0110e3b3	or	x7,x1,x17	  x1:0x00000001 x17:0xf1d1af4d  x7=0xf1d1af4d
       24405000	      2439	80005320	050d6263	bltu	x26,x16,80005364	 x26:0xbf312f3c x16:0x0a525000
       24415000	      2440	80005324	02b0fc63	bgeu	x1,x11,8000535c	  x1:0x00000001 x11:0xffffffff
       24425000	      2441	80005328	41d1d093	srai	x1,x3,0x1d	  x3:0x80009ef0  x1=0xfffffffc
       24435000	      2442	8000532c	012b8663	beq	x23,x18,80005338	 x23:0xffffffff x18:0x0040004f
       24445000	      2443	80005330	cca89137	lui	x2,0xcca89	  x2=0xcca89000
       24455000	      2444	80005334	01d8e7b3	or	x15,x17,x29	 x17:0xf1d1af4d x29:0x000005a8 x15=0xf1d1afed
       24465000	      2445	80005338	7a436897	auipc	x17,0x7a436	 x17=0xfa43b334
       24475000	      2446	8000533c	9f0e2a93	slti	x21,x28,-1552	 x28:0xf1d1afc9 x21=0x00000001
       24485000	      2447	80005340	74ad7393	andi	x7,x26,1866	 x26:0xbf312f3c  x7=0x00000708
       24495000	      2448	80005344	00ff9c63	bne	x31,x15,8000535c	 x31:0x00000000 x15:0xf1d1afed
       24505000	      2449	00000000	00000013	addi	x0,x0,0	  x0:0x00000000
       24515000	      2450	80005358	00000013	addi	x0,x0,0	  x0:0x00000000
       24525000	      2451	8000535c	01a35333	srl	x6,x6,x26	  x6:0x00000000 x26:0xbf312f3c  x6=0x00000000
       24535000	      2452	80005360	41b60eb3	sub	x29,x12,x27	 x12:0x00000001 x27:0xfffffb19 x29=0x000004e8
       24545000	      2453	80005364	00bcc5b3	xor	x11,x25,x11	 x25:0xb0b9c0b4 x11:0xffffffff x11=0x4f463f4b
       24555000	      2454	80005368	005d54b3	srl	x9,x26,x5	 x26:0xbf312f3c  x5:0x00000000  x9=0xbf312f3c
       24565000	      2455	8000536c	07c66393	ori	x7,x12,124	 x12:0x00000001  x7=0x0000007d
       24575000	      2456	80005370	001befb3	or	x31,x23,x1	 x23:0xffffffff  x1:0xfffffffc x31=0xffffffff
       24585000	      2457	80005374	019060b3	or	x1,x0,x25	  x0:0x00000000 x25:0xb0b9c0b4  x1=0xb0b9c0b4
       24595000	      2458	80005378	01e01493	slli	x9,x0,0x1e	  x0:0x00000000  x9=0x00000000
       24605000	      2459	8000537c	41af86b3	sub	x13,x31,x26	 x31:0xffffffff x26:0xbf312f3c x13=0x40ced0c3
       24615000	      2460	80005380	00000013	addi	x0,x0,0	  x0:0x00000000
       24625000	      2461	80005384	d0b72393	slti	x7,x14,-757	 x14:0xfff09ef0  x7=0x00000001
       24635000	      2462	80005388	0173e833	or	x16,x7,x23	  x7:0x00000001 x23:0xffffffff x16=0xffffffff
       24645000	      2463	8000538c	02ff3d93	sltiu	x27,x30,47	 x30:0x00000000 x27=0x00000001
       24655000	      2464	80005390	01e6a0b3	slt	x1,x13,x30	 x13:0x40ced0c3 x30:0x00000000  x1=0x00000000
       24665000	      2465	80005394	40e6dd33	sra	x26,x13,x14	 x13:0x40ced0c3 x14:0xfff09ef0 x26=0x000040ce
       24675000	      2466	80005398	b934b013	sltiu	x0,x9,-1133	  x9:0x00000000
       24685000	      2467	8000539c	008a2233	slt	x4,x20,x8	 x20:0x80009ef0  x8:0x80009fc4  x4=0x00000001
       24695000	      2468	800053a0	40ced393	srai	x7,x29,0xc	 x29:0x000004e8  x7=0x00000000
       24705000	      2469	800053a4	00f38733	add	x14,x7,x15	  x7:0x00000000 x15:0xf1d1afed x14=0xf1d1afed
       24715000	      2470	800053a8	006a90b3	sll	x1,x21,x6	 x21:0x00000001  x6:0x00000000  x1=0x00000001
       24725000	      2471	800053ac	6539f793	andi	x15,x19,1619	 x19:0x000000ec x15=0x00000040
       24735000	      2472	800053b0	40770733	sub	x14,x14,x7	 x14:0xf1d1afed  x7:0x00000000 x14=0xf1d1afed
       24745000	      2473	800053b4	1e316993	ori	x19,x2,483	  x2:0xcca89000 x19=0xcca891e3
       24755000	      2474	800053b8	01595d33	srl	x26,x18,x21	 x18:0x0040004f x21:0x00000001 x26=0x00200027
       24765000	      2475	800053bc	41b5d633	sra	x12,x11,x27	 x11:0x4f463f4b x27:0x00000001 x12=0x27a31fa5
       24775000	      2476	800053c0	04ec8513	addi	x10,x25,78	 x25:0xb0b9c0b4 x10=0xb0b9c102
       24785000	      2477	800053c4	00000013	addi	x0,x0,0	  x0:0x00000000
       24795000	      2478	800053c8	66faf793	andi	x15,x21,1647	 x21:0x00000001 x15=0x00000001
       24805000	      2479	800053cc	00bb1d13	slli	x26,x22,0xb	 x22:0xef06e100 x26=0x37080000
       24815000	      2480	800053d0	e2dfa293	slti	x5,x31,-467	 x31:0xffffffff  x5=0x00000000
       24825000	      2481	800053d4	be3fbc13	sltiu	x24,x31,-1053	 x31:0xffffffff x24=0x00000000
       24835000	      2482	800053d8	016cb3b3	sltu	x7,x25,x22	 x25:0xb0b9c0b4 x22:0xef06e100  x7=0x00000001
       24845000	      2483	800053dc	00000013	addi	x0,x0,0	  x0:0x00000000
       24855000	      2484	800053e0	0245c463	blt	x11,x4,80005408	 x11:0x4f463f4b  x4:0x00000001
       24865000	      2485	800053e4	b66c8b93	addi	x23,x25,-1178	 x25:0xb0b9c0b4 x23=0xb0b9bc1a
       24875000	      2486	800053e8	4139da93	srai	x21,x19,0x13	 x19:0xcca891e3 x21=0xfffff995
       24885000	      2487	800053ec	401509b3	sub	x19,x10,x1	 x10:0xb0b9c102  x1:0x00000001 x19=0xb0b9c101
       24895000	      2488	800053f0	4582b593	sltiu	x11,x5,1112	  x5:0x00000000 x11=0x00000001
       24905000	      2489	800053f4	60b62593	slti	x11,x12,1547	 x12:0x27a31fa5 x11=0x00000000
       24915000	      2490	800053f8	016b9d33	sll	x26,x23,x22	 x23:0xb0b9bc1a x22:0xef06e100 x26=0xb0b9bc1a
       24925000	      2491	800053fc	01a582b3	add	x5,x11,x26	 x11:0x00000000 x26:0xb0b9bc1a  x5=0xb0b9bc1a
       24935000	      2492	80005400	00000013	addi	x0,x0,0	  x0:0x00000000
       24945000	      2493	80005404	003a5bb3	srl	x23,x20,x3	 x20:0x80009ef0  x3:0x80009ef0 x23=0x00008000
       24955000	      2494	80005408	0413d263	bge	x7,x1,8000544c	  x7:0x00000001  x1:0x00000001
       24965000	      2495	00000000	00000013	addi	x0,x0,0	  x0:0x00000000
       24975000	      2496	80005448	00000013	addi	x0,x0,0	  x0:0x00000000
       24985000	      2497	8000544c	00910e63	beq	x2,x9,80005468	  x2:0xcca89000  x9:0x00000000
       24995000	      2498	80005450	403b51b3	sra	x3,x22,x3	 x22:0xef06e100  x3:0x80009ef0  x3=0xffffef06
       25005000	      2499	80005454	35a8b913	sltiu	x18,x17,858	 x17:0xfa43b334 x18=0x00000000
       25015000	      2500	80005458	00b324b3	slt	x9,x6,x11	  x6:0x00000000 x11:0x00000000  x9=0x00000000
       25025000	      2501	8000545c	376fec37	lui	x24,0x376fe	 x24=0x376fe000
       25035000	      2502	80005460	00f61893	slli	x17,x12,0xf	 x12:0x27a31fa5 x17=0x8fd28000
       25045000	      2503	80005464	2d33c497	auipc	x9,0x2d33c	  x9=0xad341460
       25055000	      2504	80005468	d6e4c993	xori	x19,x9,-658	  x9:0xad341460 x19=0x52cbe90e
       25065000	      2505	8000546c	00f53933	sltu	x18,x10,x15	 x10:0xb0b9c102 x15:0x00000001 x18=0x00000000
       25075000	      2506	80005470	c1c57193	andi	x3,x10,-996	 x10:0xb0b9c102  x3=0xb0b9c000
       25085000	      2507	80005474	33d47a93	andi	x21,x8,829	  x8:0x80009fc4 x21=0x00000304
       25095000	      2508	80005478	0240e263	bltu	x1,x4,8000549c	  x1:0x00000001  x4:0x00000001
       25105000	      2509	8000547c	00899c13	slli	x24,x19,0x8	 x19:0x52cbe90e x24=0xcbe90e00
       25115000	      2510	80005480	009ad093	srli	x1,x21,0x9	 x21:0x00000304  x1=0x00000001
       25125000	      2511	80005484	410082b3	sub	x5,x1,x16	  x1:0x00000001 x16:0xffffffff  x5=0x00000002
       25135000	      2512	80005488	406101b3	sub	x3,x2,x6	  x2:0xcca89000  x6:0x00000000  x3=0xcca89000
       25145000	      2513	8000548c	0157fc33	and	x24,x15,x21	 x15:0x00000001 x21:0x00000304 x24=0x00000000
       25155000	      2514	80005490	40e30bb3	sub	x23,x6,x14	  x6:0x00000000 x14:0xf1d1afed x23=0x0e2e5013
       25165000	      2515	80005494	03b3e063	bltu	x7,x27,800054b4	  x7:0x00000001 x27:0x00000001
       25175000	      2516	80005498	04518663	beq	x3,x5,800054e4	  x3:0xcca89000  x5:0x00000002
       25185000	      2517	8000549c	0095ef33	or	x30,x11,x9	 x11:0x00000000  x9:0xad341460 x30=0xad341460
       25195000	      2518	800054a0	017f5b33	srl	x22,x30,x23	 x30:0xad341460 x23:0x0e2e5013 x22=0x000015a6
       25205000	      2519	800054a4	00cc5463	bge	x24,x12,800054ac	 x24:0x00000000 x12:0x27a31fa5
       25215000	      2520	800054a8	fb003613	sltiu	x12,x0,-80	  x0:0x00000000 x12=0x00000001
       25225000	      2521	800054ac	00ec2333	slt	x6,x24,x14	 x24:0x00000000 x14:0xf1d1afed  x6=0x00000000
       25235000	      2522	800054b0	00000013	addi	x0,x0,0	  x0:0x00000000
       25245000	      2523	800054b4	0028f933	and	x18,x17,x2	 x17:0x8fd28000  x2:0xcca89000 x18=0x8c808000
       25255000	      2524	800054b8	05d61263	bne	x12,x29,800054fc	 x12:0x00000001 x29:0x000004e8
       25265000	      2525	00000000	00000013	addi	x0,x0,0	  x0:0x00000000
       25275000	      2526	800054f8	00000013	addi	x0,x0,0	  x0:0x00000000
       25285000	      2527	800054fc	0100ab33	slt	x22,x1,x16	  x1:0x00000001 x16:0xffffffff x22=0x00000000
       25295000	      2528	80005500	059a4263	blt	x20,x25,80005544	 x20:0x80009ef0 x25:0xb0b9c0b4
       25305000	      2529	00000000	00000013	addi	x0,x0,0	  x0:0x00000000
       25315000	      2530	80005540	00000013	addi	x0,x0,0	  x0:0x00000000
       25325000	      2531	80005544	0151d293	srli	x5,x3,0x15	  x3:0xcca89000  x5=0x00000665
       25335000	      2532	80005548	2a714d93	xori	x27,x2,679	  x2:0xcca89000 x27=0xcca892a7
       25345000	      2533	8000554c	01b73233	sltu	x4,x14,x27	 x14:0xf1d1afed x27:0xcca892a7  x4=0x00000000
       25355000	      2534	80005550	01994d33	xor	x26,x18,x25	 x18:0x8c808000 x25:0xb0b9c0b4 x26=0x3c3940b4
       25365000	      2535	80005554	01244bb3	xor	x23,x8,x18	  x8:0x80009fc4 x18:0x8c808000 x23=0x0c801fc4
       25375000	      2536	80005558	01bf8233	add	x4,x31,x27	 x31:0xffffffff x27:0xcca892a7  x4=0xcca892a6
       25385000	      2537	8000555c	01d81913	slli	x18,x16,0x1d	 x16:0xffffffff x18=0xe0000000
       25395000	      2538	80005560	03856863	bltu	x10,x24,80005590	 x10:0xb0b9c102 x24:0x00000000
       25405000	      2539	80005564	01b5b333	sltu	x6,x11,x27	 x11:0x00000000 x27:0xcca892a7  x6=0x00000001
       25415000	      2540	80005568	66b4c0b7	lui	x1,0x66b4c	  x1=0x66b4c000
       25425000	      2541	8000556c	0005d863	bge	x11,x0,8000557c	 x11:0x00000000  x0:0x00000000
       25435000	      2542	00000000	00000013	addi	x0,x0,0	  x0:0x00000000
       25445000	      2543	80005578	00000013	addi	x0,x0,0	  x0:0x00000000
       25455000	      2544	8000557c	ee437493	andi	x9,x6,-284	  x6:0x00000001  x9=0x00000000
       25465000	      2545	80005580	e2d94513	xori	x10,x18,-467	 x18:0xe0000000 x10=0x1ffffe2d
       25475000	      2546	80005584	4100d893	srai	x17,x1,0x10	  x1:0x66b4c000 x17=0x000066b4
       25485000	      2547	80005588	00986663	bltu	x16,x9,80005594	 x16:0xffffffff  x9:0x00000000
       25495000	      2548	8000558c	c8a06c13	ori	x24,x0,-886	  x0:0x00000000 x24=0xfffffc8a
       25505000	      2549	80005590	00111bb3	sll	x23,x2,x1	  x2:0xcca89000  x1:0x66b4c000 x23=0xcca89000
       25515000	      2550	80005594	00402cb3	slt	x25,x0,x4	  x0:0x00000000  x4:0xcca892a6 x25=0x00000000
       25525000	      2551	80005598	0002d813	srli	x16,x5,0x0	  x5:0x00000665 x16=0x00000665
       25535000	      2552	8000559c	00baaeb3	slt	x29,x21,x11	 x21:0x00000304 x11:0x00000000 x29=0x00000000
       25545000	      2553	800055a0	b3f5c313	xori	x6,x11,-1217	 x11:0x00000000  x6=0xfffffb3f
       25555000	      2554	800055a4	004e4f33	xor	x30,x28,x4	 x28:0xf1d1afc9  x4:0xcca892a6 x30=0x3d793d6f
       25565000	      2555	800055a8	118f7c93	andi	x25,x30,280	 x30:0x3d793d6f x25=0x00000108
       25575000	      2556	800055ac	0581f263	bgeu	x3,x24,800055f0	  x3:0xcca89000 x24:0xfffffc8a
       25585000	      2557	800055b0	03ef5c63	bge	x30,x30,800055e8	 x30:0x3d793d6f x30:0x3d793d6f
       25595000	      2558	00000000	00000013	addi	x0,x0,0	  x0:0x00000000
       25605000	      2559	800055e4	00000013	addi	x0,x0,0	  x0:0x00000000
       25615000	      2560	800055e8	017c1f13	slli	x30,x24,0x17	 x24:0xfffffc8a x30=0x45000000
       25625000	      2561	800055ec	000a01b3	add	x3,x20,x0	 x20:0x80009ef0  x0:0x00000000  x3=0x80009ef0
       25635000	      2562	800055f0	41dfd113	srai	x2,x31,0x1d	 x31:0xffffffff  x2=0xffffffff
       25645000	      2563	800055f4	00b4c033	xor	x0,x9,x11	  x9:0x00000000 x11:0x00000000
       25655000	      2564	800055f8	4058d593	srai	x11,x17,0x5	 x17:0x000066b4 x11=0x00000335
       25665000	      2565	800055fc	b4a18913	addi	x18,x3,-1206	  x3:0x80009ef0 x18=0x80009a3a
       25675000	      2566	80005600	41a95193	srai	x3,x18,0x1a	 x18:0x80009a3a  x3=0xffffffe0
       25685000	      2567	80005604	17fbab13	slti	x22,x23,383	 x23:0xcca89000 x22=0x00000001
       25695000	      2568	80005608	41c6de93	srai	x29,x13,0x1c	 x13:0x40ced0c3 x29=0x00000004
       25705000	      2569	8000560c	01141e93	slli	x29,x8,0x11	  x8:0x80009fc4 x29=0x3f880000
       25715000	      2570	80005610	01715a63	bge	x2,x23,80005624	  x2:0xffffffff x23:0xcca89000
       25725000	      2571	00000000	00000013	addi	x0,x0,0	  x0:0x00000000
       25735000	      2572	80005620	00000013	addi	x0,x0,0	  x0:0x00000000
       25745000	      2573	80005624	0193ad33	slt	x26,x7,x25	  x7:0x00000001 x25:0x00000108 x26=0x00000001
       25755000	      2574	80005628	003f5033	srl	x0,x30,x3	 x30:0x45000000  x3:0xffffffe0
       25765000	      2575	8000562c	0f257c13	andi	x24,x10,242	 x10:0x1ffffe2d x24=0x00000020
       25775000	      2576	80005630	40d58733	sub	x14,x11,x13	 x11:0x00000335 x13:0x40ced0c3 x14=0xbf313272
       25785000	      2577	80005634	264c0613	addi	x12,x24,612	 x24:0x00000020 x12=0x00000284
       25795000	      2578	80005638	01eba0b3	slt	x1,x23,x30	 x23:0xcca89000 x30:0x45000000  x1=0x00000001
       25805000	      2579	8000563c	00000013	addi	x0,x0,0	  x0:0x00000000
       25815000	      2580	80005640	408d83b3	sub	x7,x27,x8	 x27:0xcca892a7  x8:0x80009fc4  x7=0x4ca7f2e3
       25825000	      2581	80005644	024d9263	bne	x27,x4,80005668	 x27:0xcca892a7  x4:0xcca892a6
       25835000	      2582	00000000	00000013	addi	x0,x0,0	  x0:0x00000000
       25845000	      2583	80005664	00000013	addi	x0,x0,0	  x0:0x00000000
       25855000	      2584	80005668	044b0263	beq	x22,x4,800056ac	 x22:0x00000001  x4:0xcca892a6
       25865000	      2585	8000566c	014d03b3	add	x7,x26,x20	 x26:0x00000001 x20:0x80009ef0  x7=0x80009ef1
       25875000	      2586	80005670	03a30263	beq	x6,x26,80005694	  x6:0xfffffb3f x26:0x00000001
       25885000	      2587	80005674	0429d063	bge	x19,x2,800056b4	 x19:0x52cbe90e  x2:0xffffffff
       25895000	      2588	00000000	00000013	addi	x0,x0,0	  x0:0x00000000
       25905000	      2589	800056b0	00000013	addi	x0,x0,0	  x0:0x00000000
       25915000	      2590	800056b4	000c9933	sll	x18,x25,x0	 x25:0x00000108  x0:0x00000000 x18=0x00000108
       25925000	      2591	800056b8	01e4d2b3	srl	x5,x9,x30	  x9:0x00000000 x30:0x45000000  x5=0x00000000
       25935000	      2592	800056bc	002d18b3	sll	x17,x26,x2	 x26:0x00000001  x2:0xffffffff x17=0x80000000
       25945000	      2593	800056c0	418180b3	sub	x1,x3,x24	  x3:0xffffffe0 x24:0x00000020  x1=0xffffffc0
       25955000	      2594	800056c4	96c6a113	slti	x2,x13,-1684	 x13:0x40ced0c3  x2=0x00000000
       25965000	      2595	800056c8	00d7b4b3	sltu	x9,x15,x13	 x15:0x00000001 x13:0x40ced0c3  x9=0x00000001
       25975000	      2596	800056cc	001d4833	xor	x16,x26,x1	 x26:0x00000001  x1:0xffffffc0 x16=0xffffffc1
       25985000	      2597	800056d0	001d5893	srli	x17,x26,0x1	 x26:0x00000001 x17=0x00000000
       25995000	      2598	800056d4	002c18b3	sll	x17,x24,x2	 x24:0x00000020  x2:0x00000000 x17=0x00000020
       26005000	      2599	800056d8	031fcc63	blt	x31,x17,80005710	 x31:0xffffffff x17:0x00000020
       26015000	      2600	00000000	00000013	addi	x0,x0,0	  x0:0x00000000
       26025000	      2601	8000570c	00000013	addi	x0,x0,0	  x0:0x00000000
       26035000	      2602	80005710	f5574593	xori	x11,x14,-171	 x14:0xbf313272 x11=0x40cecd27
       26045000	      2603	80005714	00f41813	slli	x16,x8,0xf	  x8:0x80009fc4 x16=0x4fe20000
       26055000	      2604	80005718	04517263	bgeu	x2,x5,8000575c	  x2:0x00000000  x5:0x00000000
       26065000	      2605	00000000	00000013	addi	x0,x0,0	  x0:0x00000000
       26075000	      2606	80005758	00000013	addi	x0,x0,0	  x0:0x00000000
       26085000	      2607	8000575c	012516b3	sll	x13,x10,x18	 x10:0x1ffffe2d x18:0x00000108 x13=0xfffe2d00
       26095000	      2608	80005760	03d96463	bltu	x18,x29,80005788	 x18:0x00000108 x29:0x3f880000
       26105000	      2609	00000000	00000013	addi	x0,x0,0	  x0:0x00000000
       26115000	      2610	80005784	00000013	addi	x0,x0,0	  x0:0x00000000
       26125000	      2611	80005788	52317b93	andi	x23,x2,1315	  x2:0x00000000 x23=0x00000000
       26135000	      2612	8000578c	409654b3	sra	x9,x12,x9	 x12:0x00000284  x9:0x00000001  x9=0x00000142
       26145000	      2613	80005790	1fc96b13	ori	x22,x18,508	 x18:0x00000108 x22=0x000001fc
       26155000	      2614	80005794	020f9063	bne	x31,x0,800057b4	 x31:0xffffffff  x0:0x00000000
       26165000	      2615	00000000	00000013	addi	x0,x0,0	  x0:0x00000000
       26175000	      2616	800057b0	00000013	addi	x0,x0,0	  x0:0x00000000
       26185000	      2617	800057b4	00779e63	bne	x15,x7,800057d0	 x15:0x00000001  x7:0x80009ef1
       26195000	      2618	00000000	00000013	addi	x0,x0,0	  x0:0x00000000
       26205000	      2619	800057cc	00000013	addi	x0,x0,0	  x0:0x00000000
       26215000	      2620	800057d0	010da7b3	slt	x15,x27,x16	 x27:0xcca892a7 x16:0x4fe20000 x15=0x00000001
       26225000	      2621	800057d4	41888033	sub	x0,x17,x24	 x17:0x00000020 x24:0x00000020
       26235000	      2622	800057d8	00ea82b3	add	x5,x21,x14	 x21:0x00000304 x14:0xbf313272  x5=0xbf313576
       26245000	      2623	800057dc	1d0b8013	addi	x0,x23,464	 x23:0x00000000
       26255000	      2624	800057e0	52f18193	addi	x3,x3,1327	  x3:0xffffffe0  x3=0x0000050f
       26265000	      2625	800057e4	008bd993	srli	x19,x23,0x8	 x23:0x00000000 x19=0x00000000
       26275000	      2626	800057e8	1fe11717	auipc	x14,0x1fe11	 x14=0x9fe167e4
       26285000	      2627	800057ec	618ce993	ori	x19,x25,1560	 x25:0x00000108 x19=0x00000718
       26295000	      2628	800057f0	013ae8b3	or	x17,x21,x19	 x21:0x00000304 x19:0x00000718 x17=0x0000071c
       26305000	      2629	800057f4	f9318293	addi	x5,x3,-109	  x3:0x0000050f  x5=0x000004a2
       26315000	      2630	800057f8	5e400913	addi	x18,x0,1508	  x0:0x00000000 x18=0x000005e4
       26325000	      2631	800057fc	00f2f6b3	and	x13,x5,x15	  x5:0x000004a2 x15:0x00000001 x13=0x00000000
       26335000	      2632	80005800	00453cb3	sltu	x25,x10,x4	 x10:0x1ffffe2d  x4:0xcca892a6 x25=0x00000001
       26345000	      2633	80005804	01dc2033	slt	x0,x24,x29	 x24:0x00000020 x29:0x3f880000
       26355000	      2634	80005808	11e40b17	auipc	x22,0x11e40	 x22=0x91e45804
       26365000	      2635	8000580c	92f28f13	addi	x30,x5,-1745	  x5:0x000004a2 x30=0xfffffdd1
       26375000	      2636	80005810	02edf263	bgeu	x27,x14,80005834	 x27:0xcca892a7 x14:0x9fe167e4
       26385000	      2637	00000000	00000013	addi	x0,x0,0	  x0:0x00000000
       26395000	      2638	80005830	00000013	addi	x0,x0,0	  x0:0x00000000
       26405000	      2639	80005834	413b8533	sub	x10,x23,x19	 x23:0x00000000 x19:0x00000718 x10=0xfffff8e8
       26415000	      2640	80005838	21d9fc13	andi	x24,x19,541	 x19:0x00000718 x24=0x00000218
       26425000	      2641	8000583c	41d95293	srai	x5,x18,0x1d	 x18:0x000005e4  x5=0x00000000
       26435000	      2642	80005840	01a0f4b3	and	x9,x1,x26	  x1:0xffffffc0 x26:0x00000001  x9=0x00000000
       26445000	      2643	80005844	02f0de63	bge	x1,x15,80005880	  x1:0xffffffc0 x15:0x00000001
       26455000	      2644	80005848	3805fd17	auipc	x26,0x3805f	 x26=0xb8064844
       26465000	      2645	8000584c	05e00263	beq	x0,x30,80005890	  x0:0x00000000 x30:0xfffffdd1
       26475000	      2646	80005850	051e8663	beq	x29,x17,8000589c	 x29:0x3f880000 x17:0x0000071c
       26485000	      2647	80005854	008ac2b3	xor	x5,x21,x8	 x21:0x00000304  x8:0x80009fc4  x5=0x80009cc0
       26495000	      2648	80005858	00199313	slli	x6,x19,0x1	 x19:0x00000718  x6=0x00000e30
       26505000	      2649	8000585c	36148c13	addi	x24,x9,865	  x9:0x00000000 x24=0x00000361
       26515000	      2650	80005860	f7950093	addi	x1,x10,-135	 x10:0xfffff8e8  x1=0xfffff861
       26525000	      2651	80005864	00cfe5b3	or	x11,x31,x12	 x31:0xffffffff x12:0x00000284 x11=0xffffffff
       26535000	      2652	80005868	5630a893	slti	x17,x1,1379	  x1:0xfffff861 x17=0x00000001
       26545000	      2653	8000586c	001b9833	sll	x16,x23,x1	 x23:0x00000000  x1:0xfffff861 x16=0x00000000
       26555000	      2654	80005870	e12f4c93	xori	x25,x30,-494	 x30:0xfffffdd1 x25=0x000003c3
       26565000	      2655	80005874	41478b33	sub	x22,x15,x20	 x15:0x00000001 x20:0x80009ef0 x22=0x7fff6111
       26575000	      2656	80005878	0072bb33	sltu	x22,x5,x7	  x5:0x80009cc0  x7:0x80009ef1 x22=0x00000001
       26585000	      2657	8000587c	eda5a313	slti	x6,x11,-294	 x11:0xffffffff  x6=0x00000000
       26595000	      2658	80005880	cc133393	sltiu	x7,x6,-831	  x6:0x00000000  x7=0x00000001
       26605000	      2659	80005884	d3c691b7	lui	x3,0xd3c69	  x3=0xd3c69000
       26615000	      2660	80005888	031e1a63	bne	x28,x17,800058bc	 x28:0xf1d1afc9 x17:0x00000001
       26625000	      2661	00000000	00000013	addi	x0,x0,0	  x0:0x00000000
       26635000	      2662	800058b8	00000013	addi	x0,x0,0	  x0:0x00000000
       26645000	      2663	800058bc	5caa33b7	lui	x7,0x5caa3	  x7=0x5caa3000
       26655000	      2664	800058c0	ef032913	slti	x18,x6,-272	  x6:0x00000000 x18=0x00000000
       26665000	      2665	800058c4	5912d717	auipc	x14,0x5912d	 x14=0xd91328c0
       26675000	      2666	800058c8	004a2783	lw	x15,4(x20)	 x20:0x80009ef0 x15=0x80001b4c PA:0x80009ef4
       26685000	      2667	800058cc	0148a833	slt	x16,x17,x20	 x17:0x00000001 x20:0x80009ef0 x16=0x00000000
       26695000	      2668	800058d0	00aad933	srl	x18,x21,x10	 x21:0x00000304 x10:0xfffff8e8 x18=0x00000003
       26705000	      2669	800058d4	005ad4b3	srl	x9,x21,x5	 x21:0x00000304  x5:0x80009cc0  x9=0x00000304
       26715000	      2670	800058d8	00327733	and	x14,x4,x3	  x4:0xcca892a6  x3:0xd3c69000 x14=0xc0809000
       26725000	      2671	800058dc	de99a813	slti	x16,x19,-535	 x19:0x00000718 x16=0x00000000
       26735000	      2672	800058e0	03ca0a13	addi	x20,x20,60	 x20:0x80009ef0 x20=0x80009f2c
       26745000	      2673	800058e4	410b82b3	sub	x5,x23,x16	 x23:0x00000000 x16:0x00000000  x5=0x00000000
       26755000	      2674	800058e8	c9b76d93	ori	x27,x14,-869	 x14:0xc0809000 x27=0xfffffc9b
       26765000	      2675	800058ec	00178813	addi	x16,x15,1	 x15:0x80001b4c x16=0x80001b4d
       26775000	      2676	800058f0	00080867	jalr	x16,x16,0	 x16:0x80001b4d x16=0x800058f0
       26785000	      2677	00000000	00000013	addi	x0,x0,0	  x0:0x00000000
       26795000	      2678	80001b4c	00000013	addi	x0,x0,0	  x0:0x00000000
       26805000	      2679	80001b50	001e9693	slli	x13,x29,0x1	 x29:0x3f880000 x13=0x7f100000
       26815000	      2680	80001b54	00c09093	slli	x1,x1,0xc	  x1:0xfffff861  x1=0xff861000
       26825000	      2681	80001b58	00000013	addi	x0,x0,0	  x0:0x00000000
       26835000	      2682	80001b5c	0057fa63	bgeu	x15,x5,80001b70	 x15:0x80001b4c  x5:0x00000000
       26845000	      2683	00000000	00000013	addi	x0,x0,0	  x0:0x00000000
       26855000	      2684	80001b6c	00000013	addi	x0,x0,0	  x0:0x00000000
       26865000	      2685	80001b70	009c5c13	srli	x24,x24,0x9	 x24:0x00000361 x24=0x00000001
       26875000	      2686	80001b74	005d9733	sll	x14,x27,x5	 x27:0xfffffc9b  x5:0x00000000 x14=0xfffffc9b
       26885000	      2687	80001b78	014994b3	sll	x9,x19,x20	 x19:0x00000718 x20:0x80009f2c  x9=0x00718000
       26895000	      2688	80001b7c	0d6bc637	lui	x12,0xd6bc	 x12=0x0d6bc000
       26905000	      2689	80001b80	01db6733	or	x14,x22,x29	 x22:0x00000001 x29:0x3f880000 x14=0x3f880001
       26915000	      2690	80001b84	2fba0f93	addi	x31,x20,763	 x20:0x80009f2c x31=0x8000a227
       26925000	      2691	80001b88	ba88c813	xori	x16,x17,-1112	 x17:0x00000001 x16=0xfffffba9
       26935000	      2692	80001b8c	01b72133	slt	x2,x14,x27	 x14:0x3f880001 x27:0xfffffc9b  x2=0x00000000
       26945000	      2693	80001b90	00fa5c63	bge	x20,x15,80001ba8	 x20:0x80009f2c x15:0x80001b4c
       26955000	      2694	00000000	00000013	addi	x0,x0,0	  x0:0x00000000
       26965000	      2695	80001ba4	00000013	addi	x0,x0,0	  x0:0x00000000
       26975000	      2696	80001ba8	411c0933	sub	x18,x24,x17	 x24:0x00000001 x17:0x00000001 x18=0x00000000
       26985000	      2697	80001bac	03715063	bge	x2,x23,80001bcc	  x2:0x00000000 x23:0x00000000
       26995000	      2698	00000000	00000013	addi	x0,x0,0	  x0:0x00000000
       27005000	      2699	80001bc8	00000013	addi	x0,x0,0	  x0:0x00000000
       27015000	      2700	80001bcc	f5f12d93	slti	x27,x2,-161	  x2:0x00000000 x27=0x00000000
       27025000	      2701	80001bd0	835ee237	lui	x4,0x835ee	  x4=0x835ee000
       27035000	      2702	80001bd4	02fc4463	blt	x24,x15,80001bfc	 x24:0x00000001 x15:0x80001b4c
       27045000	      2703	80001bd8	003e1713	slli	x14,x28,0x3	 x28:0xf1d1afc9 x14=0x8e8d7e48
       27055000	      2704	80001bdc	01b2b833	sltu	x16,x5,x27	  x5:0x00000000 x27:0x00000000 x16=0x00000000
       27065000	      2705	80001be0	00000013	addi	x0,x0,0	  x0:0x00000000
       27075000	      2706	80001be4	010556b3	srl	x13,x10,x16	 x10:0xfffff8e8 x16:0x00000000 x13=0xfffff8e8
       27085000	      2707	80001be8	01d8abb3	slt	x23,x17,x29	 x17:0x00000001 x29:0x3f880000 x23=0x00000001
       27095000	      2708	80001bec	ee506513	ori	x10,x0,-283	  x0:0x00000000 x10=0xfffffee5
       27105000	      2709	80001bf0	413605b3	sub	x11,x12,x19	 x12:0x0d6bc000 x19:0x00000718 x11=0x0d6bb8e8
       27115000	      2710	80001bf4	26efbb93	sltiu	x23,x31,622	 x31:0x8000a227 x23=0x00000000
       27125000	      2711	80001bf8	012873b3	and	x7,x16,x18	 x16:0x00000000 x18:0x00000000  x7=0x00000000
       27135000	      2712	80001bfc	000dfc63	bgeu	x27,x0,80001c14	 x27:0x00000000  x0:0x00000000
       27145000	      2713	00000000	00000013	addi	x0,x0,0	  x0:0x00000000
       27155000	      2714	80001c10	00000013	addi	x0,x0,0	  x0:0x00000000
       27165000	      2715	80001c14	002673b3	and	x7,x12,x2	 x12:0x0d6bc000  x2:0x00000000  x7=0x00000000
       27175000	      2716	80001c18	20caa393	slti	x7,x21,524	 x21:0x00000304  x7=0x00000000
       27185000	      2717	80001c1c	01da07b3	add	x15,x20,x29	 x20:0x80009f2c x29:0x3f880000 x15=0xbf889f2c
       27195000	      2718	80001c20	9809fb13	andi	x22,x19,-1664	 x19:0x00000718 x22=0x00000100
       27205000	      2719	80001c24	01549863	bne	x9,x21,80001c34	  x9:0x00718000 x21:0x00000304
       27215000	      2720	00000000	00000013	addi	x0,x0,0	  x0:0x00000000
       27225000	      2721	80001c30	00000013	addi	x0,x0,0	  x0:0x00000000
       27235000	      2722	80001c34	00e7e7b3	or	x15,x15,x14	 x15:0xbf889f2c x14:0x8e8d7e48 x15=0xbf8dff6c
       27245000	      2723	80001c38	00f5a7b3	slt	x15,x11,x15	 x11:0x0d6bb8e8 x15:0xbf8dff6c x15=0x00000000
       27255000	      2724	80001c3c	01de5bb3	srl	x23,x28,x29	 x28:0xf1d1afc9 x29:0x3f880000 x23=0xf1d1afc9
       27265000	      2725	80001c40	01e69133	sll	x2,x13,x30	 x13:0xfffff8e8 x30:0xfffffdd1  x2=0xf1d00000
       27275000	      2726	80001c44	01983933	sltu	x18,x16,x25	 x16:0x00000000 x25:0x000003c3 x18=0x00000001
       27285000	      2727	80001c48	a56c3493	sltiu	x9,x24,-1450	 x24:0x00000001  x9=0x00000001
       27295000	      2728	80001c4c	045c1863	bne	x24,x5,80001c9c	 x24:0x00000001  x5:0x00000000
       27305000	      2729	00000000	00000013	addi	x0,x0,0	  x0:0x00000000
       27315000	      2730	80001c98	00000013	addi	x0,x0,0	  x0:0x00000000
       27325000	      2731	80001c9c	0173eab3	or	x21,x7,x23	  x7:0x00000000 x23:0xf1d1afc9 x21=0xf1d1afc9
       27335000	      2732	80001ca0	00e5a8b3	slt	x17,x11,x14	 x11:0x0d6bb8e8 x14:0x8e8d7e48 x17=0x00000000
       27345000	      2733	80001ca4	00e3ebb3	or	x23,x7,x14	  x7:0x00000000 x14:0x8e8d7e48 x23=0x8e8d7e48
       27355000	      2734	80001ca8	41a65933	sra	x18,x12,x26	 x12:0x0d6bc000 x26:0xb8064844 x18=0x00d6bc00
       27365000	      2735	80001cac	01d778b3	and	x17,x14,x29	 x14:0x8e8d7e48 x29:0x3f880000 x17=0x0e880000
       27375000	      2736	80001cb0	cdb87037	lui	x0,0xcdb87	
       27385000	      2737	80001cb4	00961eb3	sll	x29,x12,x9	 x12:0x0d6bc000  x9:0x00000001 x29=0x1ad78000
       27395000	      2738	80001cb8	0387f663	bgeu	x15,x24,80001ce4	 x15:0x00000000 x24:0x00000001
       27405000	      2739	80001cbc	00000013	addi	x0,x0,0	  x0:0x00000000
       27415000	      2740	80001cc0	001cb933	sltu	x18,x25,x1	 x25:0x000003c3  x1:0xff861000 x18=0x00000001
       27425000	      2741	80001cc4	aba42993	slti	x19,x8,-1350	  x8:0x80009fc4 x19=0x00000001
       27435000	      2742	80001cc8	1a4e3c97	auipc	x25,0x1a4e3	 x25=0x9a4e4cc4
       27445000	      2743	80001ccc	e76ba937	lui	x18,0xe76ba	 x18=0xe76ba000
       27455000	      2744	80001cd0	01cefcb3	and	x25,x29,x28	 x29:0x1ad78000 x28:0xf1d1afc9 x25=0x10d18000
       27465000	      2745	80001cd4	8b0b6393	ori	x7,x22,-1872	 x22:0x00000100  x7=0xfffff9b0
       27475000	      2746	80001cd8	b4b8c993	xori	x19,x17,-1205	 x17:0x0e880000 x19=0xf177fb4b
       27485000	      2747	80001cdc	1f514313	xori	x6,x2,501	  x2:0xf1d00000  x6=0xf1d001f5
       27495000	      2748	80001ce0	8b94b093	sltiu	x1,x9,-1863	  x9:0x00000001  x1=0x00000001
       27505000	      2749	80001ce4	fc3f8493	addi	x9,x31,-61	 x31:0x8000a227  x9=0x8000a1ea
       27515000	      2750	80001ce8	01ed37b3	sltu	x15,x26,x30	 x26:0xb8064844 x30:0xfffffdd1 x15=0x00000001
       27525000	      2751	80001cec	41235b13	srai	x22,x6,0x12	  x6:0xf1d001f5 x22=0xfffffc74
       27535000	      2752	80001cf0	04147863	bgeu	x8,x1,80001d40	  x8:0x80009fc4  x1:0x00000001
       27545000	      2753	00000000	00000013	addi	x0,x0,0	  x0:0x00000000
       27555000	      2754	80001d3c	00000013	addi	x0,x0,0	  x0:0x00000000
       27565000	      2755	80001d40	87b76613	ori	x12,x14,-1925	 x14:0x8e8d7e48 x12=0xfffffe7b
       27575000	      2756	80001d44	40e650b3	sra	x1,x12,x14	 x12:0xfffffe7b x14:0x8e8d7e48  x1=0xfffffffe
       27585000	      2757	80001d48	03f11063	bne	x2,x31,80001d68	  x2:0xf1d00000 x31:0x8000a227
       27595000	      2758	00000000	00000013	addi	x0,x0,0	  x0:0x00000000
       27605000	      2759	80001d64	00000013	addi	x0,x0,0	  x0:0x00000000
       27615000	      2760	80001d68	003d2f33	slt	x30,x26,x3	 x26:0xb8064844  x3:0xd3c69000 x30=0x00000001
       27625000	      2761	80001d6c	d5303813	sltiu	x16,x0,-685	  x0:0x00000000 x16=0x00000001
       27635000	      2762	80001d70	000c6db3	or	x27,x24,x0	 x24:0x00000001  x0:0x00000000 x27=0x00000001
       27645000	      2763	80001d74	49813193	sltiu	x3,x2,1176	  x2:0xf1d00000  x3=0x00000000
       27655000	      2764	80001d78	00b8ce63	blt	x17,x11,80001d94	 x17:0x0e880000 x11:0x0d6bb8e8
       27665000	      2765	80001d7c	00f74863	blt	x14,x15,80001d8c	 x14:0x8e8d7e48 x15:0x00000001
       27675000	      2766	00000000	00000013	addi	x0,x0,0	  x0:0x00000000
       27685000	      2767	80001d88	00000013	addi	x0,x0,0	  x0:0x00000000
       27695000	      2768	80001d8c	01037a63	bgeu	x6,x16,80001da0	  x6:0xf1d001f5 x16:0x00000001
       27705000	      2769	00000000	00000013	addi	x0,x0,0	  x0:0x00000000
       27715000	      2770	80001d9c	00000013	addi	x0,x0,0	  x0:0x00000000
       27725000	      2771	80001da0	000a8933	add	x18,x21,x0	 x21:0xf1d1afc9  x0:0x00000000 x18=0xf1d1afc9
       27735000	      2772	80001da4	dd207d93	andi	x27,x0,-558	  x0:0x00000000 x27=0x00000000
       27745000	      2773	80001da8	018d8263	beq	x27,x24,80001dac	 x27:0x00000000 x24:0x00000001
       27755000	      2774	80001dac	00699c63	bne	x19,x6,80001dc4	 x19:0xf177fb4b  x6:0xf1d001f5
       27765000	      2775	00000000	00000013	addi	x0,x0,0	  x0:0x00000000
       27775000	      2776	80001dc0	00000013	addi	x0,x0,0	  x0:0x00000000
       27785000	      2777	80001dc4	40935613	srai	x12,x6,0x9	  x6:0xf1d001f5 x12=0xfff8e800
       27795000	      2778	80001dc8	a1c5ec93	ori	x25,x11,-1508	 x11:0x0d6bb8e8 x25=0xfffffafc
       27805000	      2779	80001dcc	01110db3	add	x27,x2,x17	  x2:0xf1d00000 x17:0x0e880000 x27=0x00580000
       27815000	      2780	80001dd0	e91e0093	addi	x1,x28,-367	 x28:0xf1d1afc9  x1=0xf1d1ae5a
       27825000	      2781	80001dd4	003956b3	srl	x13,x18,x3	 x18:0xf1d1afc9  x3:0x00000000 x13=0xf1d1afc9
       27835000	      2782	80001dd8	014f5593	srli	x11,x30,0x14	 x30:0x00000001 x11=0x00000000
       27845000	      2783	80001ddc	0118cab3	xor	x21,x17,x17	 x17:0x0e880000 x17:0x0e880000 x21=0x00000000
       27855000	      2784	80001de0	05b7f663	bgeu	x15,x27,80001e2c	 x15:0x00000001 x27:0x00580000
       27865000	      2785	80001de4	020dd863	bge	x27,x0,80001e14	 x27:0x00580000  x0:0x00000000
       27875000	      2786	00000000	00000013	addi	x0,x0,0	  x0:0x00000000
       27885000	      2787	80001e10	00000013	addi	x0,x0,0	  x0:0x00000000
       27895000	      2788	80001e14	211d0693	addi	x13,x26,529	 x26:0xb8064844 x13=0xb8064a55
       27905000	      2789	80001e18	40cbd513	srai	x10,x23,0xc	 x23:0x8e8d7e48 x10=0xfff8e8d7
       27915000	      2790	80001e1c	04e54863	blt	x10,x14,80001e6c	 x10:0xfff8e8d7 x14:0x8e8d7e48
       27925000	      2791	80001e20	00b9f263	bgeu	x19,x11,80001e24	 x19:0xf177fb4b x11:0x00000000
       27935000	      2792	00000000	00000013	addi	x0,x0,0	  x0:0x00000000
       27945000	      2793	80001e20	00000013	addi	x0,x0,0	  x0:0x00000000
       27955000	      2794	80001e24	01e67133	and	x2,x12,x30	 x12:0xfff8e800 x30:0x00000001  x2=0x00000000
       27965000	      2795	80001e28	01dc72b3	and	x5,x24,x29	 x24:0x00000001 x29:0x1ad78000  x5=0x00000000
       27975000	      2796	80001e2c	97cd2797	auipc	x15,0x97cd2	 x15=0x17cd3e28
       27985000	      2797	80001e30	00209e63	bne	x1,x2,80001e4c	  x1:0xf1d1ae5a  x2:0x00000000
       27995000	      2798	00000000	00000013	addi	x0,x0,0	  x0:0x00000000
       28005000	      2799	80001e48	00000013	addi	x0,x0,0	  x0:0x00000000
       28015000	      2800	80001e4c	99b7c013	xori	x0,x15,-1637	 x15:0x17cd3e28
       28025000	      2801	80001e50	018e76b3	and	x13,x28,x24	 x28:0xf1d1afc9 x24:0x00000001 x13=0x00000001
       28035000	      2802	80001e54	02414463	blt	x2,x4,80001e7c	  x2:0x00000000  x4:0x835ee000
       28045000	      2803	80001e58	2987c693	xori	x13,x15,664	 x15:0x17cd3e28 x13=0x17cd3cb0
       28055000	      2804	80001e5c	03e2c463	blt	x5,x30,80001e84	  x5:0x00000000 x30:0x00000001
       28065000	      2805	00000000	00000013	addi	x0,x0,0	  x0:0x00000000
       28075000	      2806	80001e80	00000013	addi	x0,x0,0	  x0:0x00000000
       28085000	      2807	80001e84	413083b3	sub	x7,x1,x19	  x1:0xf1d1ae5a x19:0xf177fb4b  x7=0x0059b30f
       28095000	      2808	80001e88	01c61eb3	sll	x29,x12,x28	 x12:0xfff8e800 x28:0xf1d1afc9 x29=0xf1d00000
       28105000	      2809	80001e8c	01f341b3	xor	x3,x6,x31	  x6:0xf1d001f5 x31:0x8000a227  x3=0x71d0a3d2
       28115000	      2810	80001e90	a0e68c13	addi	x24,x13,-1522	 x13:0x17cd3cb0 x24=0x17cd36be
       28125000	      2811	80001e94	00f0fcb3	and	x25,x1,x15	  x1:0xf1d1ae5a x15:0x17cd3e28 x25=0x11c12e08
       28135000	      2812	80001e98	789dc393	xori	x7,x27,1929	 x27:0x00580000  x7=0x00580789
       28145000	      2813	80001e9c	5e0ebb93	sltiu	x23,x29,1504	 x29:0xf1d00000 x23=0x00000000
       28155000	      2814	80001ea0	ff17b913	sltiu	x18,x15,-15	 x15:0x17cd3e28 x18=0x00000001
       28165000	      2815	80001ea4	0033e4b3	or	x9,x7,x3	  x7:0x00580789  x3:0x71d0a3d2  x9=0x71d8a7db
       28175000	      2816	80001ea8	004a2783	lw	x15,4(x20)	 x20:0x80009f2c x15=0x80005e58 PA:0x80009f30
       28185000	      2817	80001eac	41d05593	srai	x11,x0,0x1d	  x0:0x00000000 x11=0x00000000
       28195000	      2818	80001eb0	0095bbb3	sltu	x23,x11,x9	 x11:0x00000000  x9:0x71d8a7db x23=0x00000001
       28205000	      2819	80001eb4	030a0a13	addi	x20,x20,48	 x20:0x80009f2c x20=0x80009f5c
       28215000	      2820	80001eb8	c248bd97	auipc	x27,0xc248b	 x27=0x4248ceb4
       28225000	      2821	80001ebc	013d3b33	sltu	x22,x26,x19	 x26:0xb8064844 x19:0xf177fb4b x22=0x00000001
       28235000	      2822	80001ec0	00178893	addi	x17,x15,1	 x15:0x80005e58 x17=0x80005e59
       28245000	      2823	80001ec4	000888e7	jalr	x17,x17,0	 x17:0x80005e59 x17=0x80001ec4
       28255000	      2824	00000000	00000013	addi	x0,x0,0	  x0:0x00000000
       28265000	      2825	80005e58	00000013	addi	x0,x0,0	  x0:0x00000000
       28275000	      2826	80005e5c	00003117	auipc	x2,0x3	  x2=0x80008e58
       28285000	      2827	80005e60	de710113	addi	x2,x2,-537	  x2:0x80008e58  x2=0x80008c3f
       28295000	      2828	80005e64	fdf15783	lhu	x15,-33(x2)	  x2:0x80008c3f x15=0x00008a9e PA:0x80008c1e
       28305000	      2829	80005e68	02112ca3	sw	x1,57(x2)	  x2:0x80008c3f  x1:0xf1d1ae5a PA:0x80008c78
       28315000	      2830	80005e6c	02d10583	lb	x11,45(x2)	  x2:0x80008c3f x11=0x00000059 PA:0x80008c6c
       28325000	      2831	80005e70	01610f03	lb	x30,22(x2)	  x2:0x80008c3f x30=0xffffffc5 PA:0x80008c55
       28335000	      2832	80005e74	41f90ab3	sub	x21,x18,x31	 x18:0x00000001 x31:0x8000a227 x21=0x7fff5dda
       28345000	      2833	80005e78	fcf11783	lh	x15,-49(x2)	  x2:0x80008c3f x15=0xfffffaa6 PA:0x80008c0e
       28355000	      2834	80005e7c	fc0114a3	sh	x0,-55(x2)	  x2:0x80008c3f  x0:0x00000000 PA:0x80008c08
       28365000	      2835	80005e80	00000013	addi	x0,x0,0	  x0:0x00000000
       28375000	      2836	80005e84	d2c85ab7	lui	x21,0xd2c85	 x21=0xd2c85000
       28385000	      2837	80005e88	02010b03	lb	x22,32(x2)	  x2:0x80008c3f x22=0x0000002e PA:0x80008c5f
       28395000	      2838	80005e8c	41d60533	sub	x10,x12,x29	 x12:0xfff8e800 x29:0xf1d00000 x10=0x0e28e800
       28405000	      2839	80005e90	ff115c83	lhu	x25,-15(x2)	  x2:0x80008c3f x25=0x000009e1 PA:0x80008c30
       28415000	      2840	80005e94	41535813	srai	x16,x6,0x15	  x6:0xf1d001f5 x16=0xffffff8e
       28425000	      2841	80005e98	7f1a0593	addi	x11,x20,2033	 x20:0x80009f5c x11=0x8000a74d
       28435000	      2842	80005e9c	01f120a3	sw	x31,1(x2)	  x2:0x80008c3f x31:0x8000a227 PA:0x80008c40
       28445000	      2843	80005ea0	fc710503	lb	x10,-57(x2)	  x2:0x80008c3f x10=0xffffffce PA:0x80008c06
       28455000	      2844	80005ea4	009bf6b3	and	x13,x23,x9	 x23:0x00000001  x9:0x71d8a7db x13=0x00000001
       28465000	      2845	80005ea8	01513f33	sltu	x30,x2,x21	  x2:0x80008c3f x21:0xd2c85000 x30=0x00000001
       28475000	      2846	80005eac	03710a23	sb	x23,52(x2)	  x2:0x80008c3f x23:0x00000001 PA:0x80008c73
       28485000	      2847	80005eb0	03410423	sb	x20,40(x2)	  x2:0x80008c3f x20:0x80009f5c PA:0x80008c67
       28495000	      2848	80005eb4	fec10603	lb	x12,-20(x2)	  x2:0x80008c3f x12=0xffffffb2 PA:0x80008c2b
       28505000	      2849	80005eb8	03b11aa3	sh	x27,53(x2)	  x2:0x80008c3f x27:0x4248ceb4 PA:0x80008c74
       28515000	      2850	80005ebc	9d815d97	auipc	x27,0x9d815	 x27=0x1d81aeb8
       28525000	      2851	80005ec0	01989cb3	sll	x25,x17,x25	 x17:0x80001ec4 x25:0x000009e1 x25=0x00003d88
       28535000	      2852	80005ec4	03210f23	sb	x18,62(x2)	  x2:0x80008c3f x18:0x00000001 PA:0x80008c7d
       28545000	      2853	80005ec8	edfa7293	andi	x5,x20,-289	 x20:0x80009f5c  x5=0x80009e5c
       28555000	      2854	80005ecc	20017f13	andi	x30,x2,512	  x2:0x80008c3f x30=0x00000000
       28565000	      2855	80005ed0	400a04b3	sub	x9,x20,x0	 x20:0x80009f5c  x0:0x00000000  x9=0x80009f5c
       28575000	      2856	80005ed4	000623b3	slt	x7,x12,x0	 x12:0xffffffb2  x0:0x00000000  x7=0x00000001
       28585000	      2857	80005ed8	7498ab93	slti	x23,x17,1865	 x17:0x80001ec4 x23=0x00000001
       28595000	      2858	80005edc	519dee93	ori	x29,x27,1305	 x27:0x1d81aeb8 x29=0x1d81afb9
       28605000	      2859	80005ee0	00586f33	or	x30,x16,x5	 x16:0xffffff8e  x5:0x80009e5c x30=0xffffffde
       28615000	      2860	80005ee4	419054b3	sra	x9,x0,x25	  x0:0x00000000 x25:0x00003d88  x9=0x00000000
       28625000	      2861	80005ee8	01de1713	slli	x14,x28,0x1d	 x28:0xf1d1afc9 x14=0x20000000
       28635000	      2862	80005eec	416900b3	sub	x1,x18,x22	 x18:0x00000001 x22:0x0000002e  x1=0xffffffd3
       28645000	      2863	80005ef0	61db4013	xori	x0,x22,1565	 x22:0x0000002e
       28655000	      2864	80005ef4	40278b33	sub	x22,x15,x2	 x15:0xfffffaa6  x2:0x80008c3f x22=0x7fff6e67
       28665000	      2865	80005ef8	b2f48f97	auipc	x31,0xb2f48	 x31=0x32f4def4
       28675000	      2866	80005efc	00791093	slli	x1,x18,0x7	 x18:0x00000001  x1=0x00000080
       28685000	      2867	80005f00	00eadc63	bge	x21,x14,80005f18	 x21:0xd2c85000 x14:0x20000000
       28695000	      2868	80005f04	0049bbb3	sltu	x23,x19,x4	 x19:0xf177fb4b  x4:0x835ee000 x23=0x00000000
       28705000	      2869	80005f08	01cd1d13	slli	x26,x26,0x1c	 x26:0xb8064844 x26=0x40000000
       28715000	      2870	80005f0c	043ff063	bgeu	x31,x3,80005f4c	 x31:0x32f4def4  x3:0x71d0a3d2
       28725000	      2871	80005f10	64344793	xori	x15,x8,1603	  x8:0x80009fc4 x15=0x80009987
       28735000	      2872	80005f14	00000013	addi	x0,x0,0	  x0:0x00000000
       28745000	      2873	80005f18	014a9a63	bne	x21,x20,80005f2c	 x21:0xd2c85000 x20:0x80009f5c
       28755000	      2874	00000000	00000013	addi	x0,x0,0	  x0:0x00000000
       28765000	      2875	80005f28	00000013	addi	x0,x0,0	  x0:0x00000000
       28775000	      2876	80005f2c	24024013	xori	x0,x4,576	  x4:0x835ee000
       28785000	      2877	80005f30	b4672597	auipc	x11,0xb4672	 x11=0x34677f2c
       28795000	      2878	80005f34	03168e63	beq	x13,x17,80005f70	 x13:0x00000001 x17:0x80001ec4
       28805000	      2879	80005f38	23f63a93	sltiu	x21,x12,575	 x12:0xffffffb2 x21=0x00000000
       28815000	      2880	80005f3c	00000013	addi	x0,x0,0	  x0:0x00000000
       28825000	      2881	80005f40	f5d04c13	xori	x24,x0,-163	  x0:0x00000000 x24=0xffffff5d
       28835000	      2882	80005f44	02698a63	beq	x19,x6,80005f78	 x19:0xf177fb4b  x6:0xf1d001f5
       28845000	      2883	80005f48	40915833	sra	x16,x2,x9	  x2:0x80008c3f  x9:0x00000000 x16=0x80008c3f
       28855000	      2884	80005f4c	006264b3	or	x9,x4,x6	  x4:0x835ee000  x6:0xf1d001f5  x9=0xf3dee1f5
       28865000	      2885	80005f50	414dd633	sra	x12,x27,x20	 x27:0x1d81aeb8 x20:0x80009f5c x12=0x00000001
       28875000	      2886	80005f54	028dfe63	bgeu	x27,x8,80005f90	 x27:0x1d81aeb8  x8:0x80009fc4
       28885000	      2887	80005f58	03bc6663	bltu	x24,x27,80005f84	 x24:0xffffff5d x27:0x1d81aeb8
       28895000	      2888	80005f5c	37e8b013	sltiu	x0,x17,894	 x17:0x80001ec4
       28905000	      2889	80005f60	0007f033	and	x0,x15,x0	 x15:0x80009987  x0:0x00000000
       28915000	      2890	80005f64	017b1e63	bne	x22,x23,80005f80	 x22:0x7fff6e67 x23:0x00000000
       28925000	      2891	00000000	00000013	addi	x0,x0,0	  x0:0x00000000
       28935000	      2892	80005f7c	00000013	addi	x0,x0,0	  x0:0x00000000
       28945000	      2893	80005f80	3a388193	addi	x3,x17,931	 x17:0x80001ec4  x3=0x80002267
       28955000	      2894	80005f84	be292593	slti	x11,x18,-1054	 x18:0x00000001 x11=0x00000000
       28965000	      2895	80005f88	6c218613	addi	x12,x3,1730	  x3:0x80002267 x12=0x80002929
       28975000	      2896	80005f8c	c083e713	ori	x14,x7,-1016	  x7:0x00000001 x14=0xfffffc09
       28985000	      2897	80005f90	048fe463	bltu	x31,x8,80005fd8	 x31:0x32f4def4  x8:0x80009fc4
       28995000	      2898	00000000	00000013	addi	x0,x0,0	  x0:0x00000000
       29005000	      2899	80005fd4	00000013	addi	x0,x0,0	  x0:0x00000000
       29015000	      2900	80005fd8	82d33113	sltiu	x2,x6,-2003	  x6:0xf1d001f5  x2=0x00000001
       29025000	      2901	80005fdc	00dcdb13	srli	x22,x25,0xd	 x25:0x00003d88 x22=0x00000001
       29035000	      2902	80005fe0	00d04263	blt	x0,x13,80005fe4	  x0:0x00000000 x13:0x00000001
       29045000	      2903	00000000	00000013	addi	x0,x0,0	  x0:0x00000000
       29055000	      2904	80005fe0	00000013	addi	x0,x0,0	  x0:0x00000000
       29065000	      2905	80005fe4	01e39a93	slli	x21,x7,0x1e	  x7:0x00000001 x21=0x40000000
       29075000	      2906	80005fe8	41a05293	srai	x5,x0,0x1a	  x0:0x00000000  x5=0x00000000
       29085000	      2907	80005fec	00f5cf33	xor	x30,x11,x15	 x11:0x00000000 x15:0x80009987 x30=0x80009987
       29095000	      2908	80005ff0	40e1d3b3	sra	x7,x3,x14	  x3:0x80002267 x14:0xfffffc09  x7=0xffc00011
       29105000	      2909	80005ff4	40395613	srai	x12,x18,0x3	 x18:0x00000001 x12=0x00000000
       29115000	      2910	80005ff8	00cb6313	ori	x6,x22,12	 x22:0x00000001  x6=0x0000000d
       29125000	      2911	80005ffc	15bf7793	andi	x15,x30,347	 x30:0x80009987 x15=0x00000103
       29135000	      2912	80006000	1c2dcc93	xori	x25,x27,450	 x27:0x1d81aeb8 x25=0x1d81af7a
       29145000	      2913	80006004	cb8e2e93	slti	x29,x28,-840	 x28:0xf1d1afc9 x29=0x00000001
       29155000	      2914	80006008	01f91913	slli	x18,x18,0x1f	 x18:0x00000001 x18=0x80000000
       29165000	      2915	8000600c	01246133	or	x2,x8,x18	  x8:0x80009fc4 x18:0x80000000  x2=0x80009fc4
       29175000	      2916	80006010	00b5afb3	slt	x31,x11,x11	 x11:0x00000000 x11:0x00000000 x31=0x00000000
       29185000	      2917	80006014	01c4fcb3	and	x25,x9,x28	  x9:0xf3dee1f5 x28:0xf1d1afc9 x25=0xf1d0a1c1
       29195000	      2918	80006018	245c19b7	lui	x19,0x245c1	 x19=0x245c1000
       29205000	      2919	8000601c	0180d6b3	srl	x13,x1,x24	  x1:0x00000080 x24:0xffffff5d x13=0x00000000
       29215000	      2920	80006020	40335d93	srai	x27,x6,0x3	  x6:0x0000000d x27=0x00000001
       29225000	      2921	80006024	01c956b3	srl	x13,x18,x28	 x18:0x80000000 x28:0xf1d1afc9 x13=0x00400000
       29235000	      2922	80006028	1d647293	andi	x5,x8,470	  x8:0x80009fc4  x5=0x000001c4
       29245000	      2923	8000602c	aa993f17	auipc	x30,0xaa993	 x30=0x2a999028
       29255000	      2924	80006030	00f73933	sltu	x18,x14,x15	 x14:0xfffffc09 x15:0x00000103 x18=0x00000000
       29265000	      2925	80006034	0197b633	sltu	x12,x15,x25	 x15:0x00000103 x25:0xf1d0a1c1 x12=0x00000001
       29275000	      2926	80006038	54884613	xori	x12,x16,1352	 x16:0x80008c3f x12=0x80008977
       29285000	      2927	8000603c	01e856b3	srl	x13,x16,x30	 x16:0x80008c3f x30:0x2a999028 x13=0x0080008c
       29295000	      2928	80006040	01c6e633	or	x12,x13,x28	 x13:0x0080008c x28:0xf1d1afc9 x12=0xf1d1afcd
       29305000	      2929	80006044	009249b3	xor	x19,x4,x9	  x4:0x835ee000  x9:0xf3dee1f5 x19=0x708001f5
       29315000	      2930	80006048	00996833	or	x16,x18,x9	 x18:0x00000000  x9:0xf3dee1f5 x16=0xf3dee1f5
       29325000	      2931	8000604c	00e864b3	or	x9,x16,x14	 x16:0xf3dee1f5 x14:0xfffffc09  x9=0xfffffdfd
       29335000	      2932	80006050	01210663	beq	x2,x18,8000605c	  x2:0x80009fc4 x18:0x00000000
       29345000	      2933	80006054	0021f663	bgeu	x3,x2,80006060	  x3:0x80002267  x2:0x80009fc4
       29355000	      2934	80006058	00dcdd93	srli	x27,x25,0xd	 x25:0xf1d0a1c1 x27=0x00078e85
       29365000	      2935	8000605c	01b50233	add	x4,x10,x27	 x10:0xffffffce x27:0x00078e85  x4=0x00078e53
       29375000	      2936	80006060	798b3393	sltiu	x7,x22,1944	 x22:0x00000001  x7=0x00000001
       29385000	      2937	80006064	00cf9993	slli	x19,x31,0xc	 x31:0x00000000 x19=0x00000000
       29395000	      2938	80006068	0d7cb093	sltiu	x1,x25,215	 x25:0xf1d0a1c1  x1=0x00000000
       29405000	      2939	8000606c	01d86fb3	or	x31,x16,x29	 x16:0xf3dee1f5 x29:0x00000001 x31=0xf3dee1f5
       29415000	      2940	80006070	ea8a3613	sltiu	x12,x20,-344	 x20:0x80009f5c x12=0x00000001
       29425000	      2941	80006074	c803a097	auipc	x1,0xc803a	  x1=0x48040070
       29435000	      2942	80006078	01fce133	or	x2,x25,x31	 x25:0xf1d0a1c1 x31:0xf3dee1f5  x2=0xf3dee1f5
       29445000	      2943	8000607c	41655233	sra	x4,x10,x22	 x10:0xffffffce x22:0x00000001  x4=0xffffffe7
       29455000	      2944	80006080	025ac463	blt	x21,x5,800060a8	 x21:0x40000000  x5:0x000001c4
       29465000	      2945	80006084	033a7c63	bgeu	x20,x19,800060bc	 x20:0x80009f5c x19:0x00000000
       29475000	      2946	00000000	00000013	addi	x0,x0,0	  x0:0x00000000
       29485000	      2947	800060b8	00000013	addi	x0,x0,0	  x0:0x00000000
       29495000	      2948	800060bc	562e8593	addi	x11,x29,1378	 x29:0x00000001 x11=0x00000563
       29505000	      2949	800060c0	015a83b3	add	x7,x21,x21	 x21:0x40000000 x21:0x40000000  x7=0x80000000
       29515000	      2950	800060c4	81065817	auipc	x16,0x81065	 x16=0x0106b0c0
       29525000	      2951	800060c8	405a0533	sub	x10,x20,x5	 x20:0x80009f5c  x5:0x000001c4 x10=0x80009d98
       29535000	      2952	800060cc	40808eb3	sub	x29,x1,x8	  x1:0x48040070  x8:0x80009fc4 x29=0xc80360ac
       29545000	      2953	800060d0	f17ac293	xori	x5,x21,-233	 x21:0x40000000  x5=0xbfffff17
       29555000	      2954	800060d4	04a6e863	bltu	x13,x10,80006124	 x13:0x0080008c x10:0x80009d98
       29565000	      2955	00000000	00000013	addi	x0,x0,0	  x0:0x00000000
       29575000	      2956	80006120	00000013	addi	x0,x0,0	  x0:0x00000000
       29585000	      2957	80006124	0076d233	srl	x4,x13,x7	 x13:0x0080008c  x7:0x80000000  x4=0x0080008c
       29595000	      2958	80006128	03949663	bne	x9,x25,80006154	  x9:0xfffffdfd x25:0xf1d0a1c1
       29605000	      2959	00000000	00000013	addi	x0,x0,0	  x0:0x00000000
       29615000	      2960	80006150	00000013	addi	x0,x0,0	  x0:0x00000000
       29625000	      2961	80006154	03c7e263	bltu	x15,x28,80006178	 x15:0x00000103 x28:0xf1d1afc9
       29635000	      2962	00000000	00000013	addi	x0,x0,0	  x0:0x00000000
       29645000	      2963	80006174	00000013	addi	x0,x0,0	  x0:0x00000000
       29655000	      2964	80006178	01219793	slli	x15,x3,0x12	  x3:0x80002267 x15=0x899c0000
       29665000	      2965	8000617c	00731e63	bne	x6,x7,80006198	  x6:0x0000000d  x7:0x80000000
       29675000	      2966	00000000	00000013	addi	x0,x0,0	  x0:0x00000000
       29685000	      2967	80006194	00000013	addi	x0,x0,0	  x0:0x00000000
       29695000	      2968	80006198	00000013	addi	x0,x0,0	  x0:0x00000000
       29705000	      2969	8000619c	5f208113	addi	x2,x1,1522	  x1:0x48040070  x2=0x48040662
       29715000	      2970	800061a0	3645bd13	sltiu	x26,x11,868	 x11:0x00000563 x26=0x00000000
       29725000	      2971	800061a4	01d54cb3	xor	x25,x10,x29	 x10:0x80009d98 x29:0xc80360ac x25=0x4803fd34
       29735000	      2972	800061a8	02334863	blt	x6,x3,800061d8	  x6:0x0000000d  x3:0x80002267
       29745000	      2973	800061ac	017c9c93	slli	x25,x25,0x17	 x25:0x4803fd34 x25=0x9a000000
       29755000	      2974	800061b0	032b4463	blt	x22,x18,800061d8	 x22:0x00000001 x18:0x00000000
       29765000	      2975	800061b4	5439c913	xori	x18,x19,1347	 x19:0x00000000 x18=0x00000543
       29775000	      2976	800061b8	00000013	addi	x0,x0,0	  x0:0x00000000
       29785000	      2977	800061bc	00000013	addi	x0,x0,0	  x0:0x00000000
       29795000	      2978	800061c0	0a716493	ori	x9,x2,167	  x2:0x48040662  x9=0x480406e7
       29805000	      2979	800061c4	011ecf33	xor	x30,x29,x17	 x29:0xc80360ac x17:0x80001ec4 x30=0x48037e68
       29815000	      2980	800061c8	01a3fa63	bgeu	x7,x26,800061dc	  x7:0x80000000 x26:0x00000000
       29825000	      2981	00000000	00000013	addi	x0,x0,0	  x0:0x00000000
       29835000	      2982	800061d8	00000013	addi	x0,x0,0	  x0:0x00000000
       29845000	      2983	800061dc	18324d13	xori	x26,x4,387	  x4:0x0080008c x26=0x0080010f
       29855000	      2984	800061e0	002fbc33	sltu	x24,x31,x2	 x31:0xf3dee1f5  x2:0x48040662 x24=0x00000000
       29865000	      2985	800061e4	bcc46093	ori	x1,x8,-1076	  x8:0x80009fc4  x1=0xffffffcc
       29875000	      2986	800061e8	490a2713	slti	x14,x20,1168	 x20:0x80009f5c x14=0x00000001
       29885000	      2987	800061ec	a850cf37	lui	x30,0xa850c	 x30=0xa850c000
       29895000	      2988	800061f0	004a2783	lw	x15,4(x20)	 x20:0x80009f5c x15=0x800002c0 PA:0x80009f60
       29905000	      2989	800061f4	006f9833	sll	x16,x31,x6	 x31:0xf3dee1f5  x6:0x0000000d x16=0xdc3ea000
       29915000	      2990	800061f8	01bb5933	srl	x18,x22,x27	 x22:0x00000001 x27:0x00078e85 x18=0x00000000
       29925000	      2991	800061fc	d530b693	sltiu	x13,x1,-685	  x1:0xffffffcc x13=0x00000000
       29935000	      2992	80006200	016e3533	sltu	x10,x28,x22	 x28:0xf1d1afc9 x22:0x00000001 x10=0x00000000
       29945000	      2993	80006204	01464833	xor	x16,x12,x20	 x12:0x00000001 x20:0x80009f5c x16=0x80009f5d
       29955000	      2994	80006208	013f4533	xor	x10,x30,x19	 x30:0xa850c000 x19:0x00000000 x10=0xa850c000
       29965000	      2995	8000620c	005b9ab3	sll	x21,x23,x5	 x23:0x00000000  x5:0xbfffff17 x21=0x00000000
       29975000	      2996	80006210	028a0a13	addi	x20,x20,40	 x20:0x80009f5c x20=0x80009f84
       29985000	      2997	80006214	40858933	sub	x18,x11,x8	 x11:0x00000563  x8:0x80009fc4 x18=0x7fff659f
       29995000	      2998	80006218	00178793	addi	x15,x15,1	 x15:0x800002c0 x15=0x800002c1
       30005000	      2999	8000621c	000787e7	jalr	x15,x15,0	 x15:0x800002c1 x15=0x8000621c
       30015000	      3000	00000000	00000013	addi	x0,x0,0	  x0:0x00000000
       30025000	      3001	800002c0	00000013	addi	x0,x0,0	  x0:0x00000000
       30035000	      3002	800002c4	26ce4693	xori	x13,x28,620	 x28:0xf1d1afc9 x13=0xf1d1ada5
       30045000	      3003	800002c8	0184ca63	blt	x9,x24,800002dc	  x9:0x480406e7 x24:0x00000000
       30055000	      3004	800002cc	8799bd93	sltiu	x27,x19,-1927	 x19:0x00000000 x27=0x00000001
       30065000	      3005	800002d0	b2dc3f37	lui	x30,0xb2dc3	 x30=0xb2dc3000
       30075000	      3006	800002d4	03b86863	bltu	x16,x27,80000304	 x16:0x80009f5d x27:0x00000001
       30085000	      3007	800002d8	011e7463	bgeu	x28,x17,800002e0	 x28:0xf1d1afc9 x17:0x80001ec4
       30095000	      3008	00000000	00000013	addi	x0,x0,0	  x0:0x00000000
       30105000	      3009	800002dc	00000013	addi	x0,x0,0	  x0:0x00000000
       30115000	      3010	800002e0	00f357b3	srl	x15,x6,x15	  x6:0x0000000d x15:0x8000621c x15=0x00000000
       30125000	      3011	800002e4	017a34b3	sltu	x9,x20,x23	 x20:0x80009f84 x23:0x00000000  x9=0x00000000
       30135000	      3012	800002e8	000ef663	bgeu	x29,x0,800002f4	 x29:0xc80360ac  x0:0x00000000
       30145000	      3013	00000000	00000013	addi	x0,x0,0	  x0:0x00000000
       30155000	      3014	800002f0	00000013	addi	x0,x0,0	  x0:0x00000000
       30165000	      3015	800002f4	00000013	addi	x0,x0,0	  x0:0x00000000
       30175000	      3016	800002f8	419e54b3	sra	x9,x28,x25	 x28:0xf1d1afc9 x25:0x9a000000  x9=0xf1d1afc9
       30185000	      3017	800002fc	01d711b3	sll	x3,x14,x29	 x14:0x00000001 x29:0xc80360ac  x3=0x00001000
       30195000	      3018	80000300	012c6497	auipc	x9,0x12c6	  x9=0x812c62fc
       30205000	      3019	80000304	40c75533	sra	x10,x14,x12	 x14:0x00000001 x12:0x00000001 x10=0x00000000
       30215000	      3020	80000308	304c6517	auipc	x10,0x304c6	 x10=0xb04c6304
       30225000	      3021	8000030c	00000013	addi	x0,x0,0	  x0:0x00000000
       30235000	      3022	80000310	000d9013	slli	x0,x27,0x0	 x27:0x00000001
       30245000	      3023	80000314	00e342b3	xor	x5,x6,x14	  x6:0x0000000d x14:0x00000001  x5=0x0000000c
       30255000	      3024	80000318	7fdb72b7	lui	x5,0x7fdb7	  x5=0x7fdb7000
       30265000	      3025	8000031c	00315093	srli	x1,x2,0x3	  x2:0x48040662  x1=0x090080cc
       30275000	      3026	80000320	5cc0c813	xori	x16,x1,1484	  x1:0x090080cc x16=0x09008500
       30285000	      3027	80000324	20c98d97	auipc	x27,0x20c98	 x27=0xa0c98320
       30295000	      3028	80000328	00000013	addi	x0,x0,0	  x0:0x00000000
       30305000	      3029	8000032c	0112e133	or	x2,x5,x17	  x5:0x7fdb7000 x17:0x80001ec4  x2=0xffdb7ec4
       30315000	      3030	80000330	1f21ee97	auipc	x29,0x1f21e	 x29=0x9f21e32c
       30325000	      3031	80000334	015859b3	srl	x19,x16,x21	 x16:0x09008500 x21:0x00000000 x19=0x09008500
       30335000	      3032	80000338	003f52b3	srl	x5,x30,x3	 x30:0xb2dc3000  x3:0x00001000  x5=0xb2dc3000
       30345000	      3033	8000033c	4ae64b93	xori	x23,x12,1198	 x12:0x00000001 x23=0x000004af
       30355000	      3034	80000340	000cc3b3	xor	x7,x25,x0	 x25:0x9a000000  x0:0x00000000  x7=0x9a000000
       30365000	      3035	80000344	41528933	sub	x18,x5,x21	  x5:0xb2dc3000 x21:0x00000000 x18=0xb2dc3000
       30375000	      3036	80000348	40ed8d33	sub	x26,x27,x14	 x27:0xa0c98320 x14:0x00000001 x26=0xa0c9831f
       30385000	      3037	8000034c	00bb4133	xor	x2,x22,x11	 x22:0x00000001 x11:0x00000563  x2=0x00000562
       30395000	      3038	80000350	000efa63	bgeu	x29,x0,80000364	 x29:0x9f21e32c  x0:0x00000000
       30405000	      3039	00000000	00000013	addi	x0,x0,0	  x0:0x00000000
       30415000	      3040	80000360	00000013	addi	x0,x0,0	  x0:0x00000000
       30425000	      3041	80000364	00ab7cb3	and	x25,x22,x10	 x22:0x00000001 x10:0xb04c6304 x25=0x00000000
       30435000	      3042	80000368	00000013	addi	x0,x0,0	  x0:0x00000000
       30445000	      3043	8000036c	da4dc713	xori	x14,x27,-604	 x27:0xa0c98320 x14=0x5f367e84
       30455000	      3044	80000370	014306b3	add	x13,x6,x20	  x6:0x0000000d x20:0x80009f84 x13=0x80009f91
       30465000	      3045	80000374	02bc6e63	bltu	x24,x11,800003b0	 x24:0x00000000 x11:0x00000563
       30475000	      3046	00000000	00000013	addi	x0,x0,0	  x0:0x00000000
       30485000	      3047	800003ac	00000013	addi	x0,x0,0	  x0:0x00000000
       30495000	      3048	800003b0	8ce80b93	addi	x23,x16,-1842	 x16:0x09008500 x23=0x09007dce
       30505000	      3049	800003b4	01a0bab3	sltu	x21,x1,x26	  x1:0x090080cc x26:0xa0c9831f x21=0x00000001
       30515000	      3050	800003b8	00ddbc33	sltu	x24,x27,x13	 x27:0xa0c98320 x13:0x80009f91 x24=0x00000000
       30525000	      3051	800003bc	40db86b3	sub	x13,x23,x13	 x23:0x09007dce x13:0x80009f91 x13=0x88ffde3d
       30535000	      3052	800003c0	00acd933	srl	x18,x25,x10	 x25:0x00000000 x10:0xb04c6304 x18=0x00000000
       30545000	      3053	800003c4	05f77863	bgeu	x14,x31,80000414	 x14:0x5f367e84 x31:0xf3dee1f5
       30555000	      3054	800003c8	a8c15917	auipc	x18,0xa8c15	 x18=0x28c153c4
       30565000	      3055	800003cc	01183933	sltu	x18,x16,x17	 x16:0x09008500 x17:0x80001ec4 x18=0x00000001
       30575000	      3056	800003d0	c9e87593	andi	x11,x16,-866	 x16:0x09008500 x11=0x09008400
       30585000	      3057	800003d4	519d0613	addi	x12,x26,1305	 x26:0xa0c9831f x12=0xa0c98838
       30595000	      3058	800003d8	0106d833	srl	x16,x13,x16	 x13:0x88ffde3d x16:0x09008500 x16=0x88ffde3d
       30605000	      3059	800003dc	00c6d113	srli	x2,x13,0xc	 x13:0x88ffde3d  x2=0x00088ffd
       30615000	      3060	800003e0	41ef81b3	sub	x3,x31,x30	 x31:0xf3dee1f5 x30:0xb2dc3000  x3=0x4102b1f5
       30625000	      3061	800003e4	00e632b3	sltu	x5,x12,x14	 x12:0xa0c98838 x14:0x5f367e84  x5=0x00000000
       30635000	      3062	800003e8	40265333	sra	x6,x12,x2	 x12:0xa0c98838  x2:0x00088ffd  x6=0xfffffffd
       30645000	      3063	800003ec	c7d95617	auipc	x12,0xc7d95	 x12=0x47d953e8
       30655000	      3064	800003f0	01d1d8b3	srl	x17,x3,x29	  x3:0x4102b1f5 x29:0x9f21e32c x17=0x0004102b
       30665000	      3065	800003f4	41760833	sub	x16,x12,x23	 x12:0x47d953e8 x23:0x09007dce x16=0x3ed8d61a
       30675000	      3066	800003f8	403504b3	sub	x9,x10,x3	 x10:0xb04c6304  x3:0x4102b1f5  x9=0x6f49b10f
       30685000	      3067	800003fc	00000013	addi	x0,x0,0	  x0:0x00000000
       30695000	      3068	80000400	4098d293	srai	x5,x17,0x9	 x17:0x0004102b  x5=0x00000208
       30705000	      3069	80000404	ffbd6397	auipc	x7,0xffbd6	  x7=0x7fbd6400
       30715000	      3070	80000408	72e88d13	addi	x26,x17,1838	 x17:0x0004102b x26=0x00041759
       30725000	      3071	8000040c	4125dd33	sra	x26,x11,x18	 x11:0x09008400 x18:0x00000001 x26=0x04804200
       30735000	      3072	80000410	03f07c63	bgeu	x0,x31,80000448	  x0:0x00000000 x31:0xf3dee1f5
       30745000	      3073	80000414	00c761b3	or	x3,x14,x12	 x14:0x5f367e84 x12:0x47d953e8  x3=0x5fff7fec
       30755000	      3074	80000418	97ee6013	ori	x0,x28,-1666	 x28:0xf1d1afc9
       30765000	      3075	8000041c	01c89833	sll	x16,x17,x28	 x17:0x0004102b x28:0xf1d1afc9 x16=0x08205600
       30775000	      3076	80000420	0148f833	and	x16,x17,x20	 x17:0x0004102b x20:0x80009f84 x16=0x00001000
       30785000	      3077	80000424	9e18aa93	slti	x21,x17,-1567	 x17:0x0004102b x21=0x00000000
       30795000	      3078	80000428	41065733	sra	x14,x12,x16	 x12:0x47d953e8 x16:0x00001000 x14=0x47d953e8
       30805000	      3079	8000042c	df67e093	ori	x1,x15,-522	 x15:0x00000000  x1=0xfffffdf6
       30815000	      3080	80000430	00000013	addi	x0,x0,0	  x0:0x00000000
       30825000	      3081	80000434	08094697	auipc	x13,0x8094	 x13=0x88094430
       30835000	      3082	80000438	41be5793	srai	x15,x28,0x1b	 x28:0xf1d1afc9 x15=0xfffffffe
       30845000	      3083	8000043c	10630e93	addi	x29,x6,262	  x6:0xfffffffd x29=0x00000103
       30855000	      3084	80000440	016b0eb3	add	x29,x22,x22	 x22:0x00000001 x22:0x00000001 x29=0x00000002
       30865000	      3085	80000444	00000013	addi	x0,x0,0	  x0:0x00000000
       30875000	      3086	80000448	003c30b3	sltu	x1,x24,x3	 x24:0x00000000  x3:0x5fff7fec  x1=0x00000001
       30885000	      3087	8000044c	007ee6b3	or	x13,x29,x7	 x29:0x00000002  x7:0x7fbd6400 x13=0x7fbd6402
       30895000	      3088	80000450	f72ec093	xori	x1,x29,-142	 x29:0x00000002  x1=0xffffff70
       30905000	      3089	80000454	c4ecb0b7	lui	x1,0xc4ecb	  x1=0xc4ecb000
       30915000	      3090	80000458	7d92e593	ori	x11,x5,2009	  x5:0x00000208 x11=0x000007d9
       30925000	      3091	8000045c	407e5693	srai	x13,x28,0x7	 x28:0xf1d1afc9 x13=0xffe3a35f
       30935000	      3092	80000460	c57ec793	xori	x15,x29,-937	 x29:0x00000002 x15=0xfffffc55
       30945000	      3093	80000464	00a2afb3	slt	x31,x5,x10	  x5:0x00000208 x10:0xb04c6304 x31=0x00000000
       30955000	      3094	80000468	56aa2893	slti	x17,x20,1386	 x20:0x80009f84 x17=0x00000001
       30965000	      3095	8000046c	401f50b3	sra	x1,x30,x1	 x30:0xb2dc3000  x1:0xc4ecb000  x1=0xb2dc3000
       30975000	      3096	80000470	00d987b3	add	x15,x19,x13	 x19:0x09008500 x13:0xffe3a35f x15=0x08e4285f
       30985000	      3097	80000474	c6cc5d17	auipc	x26,0xc6cc5	 x26=0x46cc5470
       30995000	      3098	80000478	015f94b3	sll	x9,x31,x21	 x31:0x00000000 x21:0x00000000  x9=0x00000000
       31005000	      3099	8000047c	e9334613	xori	x12,x6,-365	  x6:0xfffffffd x12=0x0000016e
       31015000	      3100	80000480	cb330393	addi	x7,x6,-845	  x6:0xfffffffd  x7=0xfffffcb0
       31025000	      3101	80000484	d55df293	andi	x5,x27,-683	 x27:0xa0c98320  x5=0xa0c98100
       31035000	      3102	80000488	0061d4b3	srl	x9,x3,x6	  x3:0x5fff7fec  x6:0xfffffffd  x9=0x00000002
       31045000	      3103	8000048c	001f9a63	bne	x31,x1,800004a0	 x31:0x00000000  x1:0xb2dc3000
       31055000	      3104	00000000	00000013	addi	x0,x0,0	  x0:0x00000000
       31065000	      3105	8000049c	00000013	addi	x0,x0,0	  x0:0x00000000
       31075000	      3106	800004a0	00000013	addi	x0,x0,0	  x0:0x00000000
       31085000	      3107	800004a4	01ddf633	and	x12,x27,x29	 x27:0xa0c98320 x29:0x00000002 x12=0x00000000
       31095000	      3108	800004a8	d975a013	slti	x0,x11,-617	 x11:0x000007d9
       31105000	      3109	800004ac	00961393	slli	x7,x12,0x9	 x12:0x00000000  x7=0x00000000
       31115000	      3110	800004b0	42508513	addi	x10,x1,1061	  x1:0xb2dc3000 x10=0xb2dc3425
       31125000	      3111	800004b4	01adb033	sltu	x0,x27,x26	 x27:0xa0c98320 x26:0x46cc5470
       31135000	      3112	800004b8	00dcf633	and	x12,x25,x13	 x25:0x00000000 x13:0xffe3a35f x12=0x00000000
       31145000	      3113	800004bc	407d08b3	sub	x17,x26,x7	 x26:0x46cc5470  x7:0x00000000 x17=0x46cc5470
       31155000	      3114	800004c0	013d2933	slt	x18,x26,x19	 x26:0x46cc5470 x19:0x09008500 x18=0x00000000
       31165000	      3115	800004c4	2dda3137	lui	x2,0x2dda3	  x2=0x2dda3000
       31175000	      3116	800004c8	00000e17	auipc	x28,0x0	 x28=0x800004c4
       31185000	      3117	800004cc	00ce0e13	addi	x28,x28,12	 x28:0x800004c4 x28=0x800004d0
       31195000	      3118	800004d0	000e0067	jalr	x0,x28,0	 x28:0x800004d0
       31205000	      3119	00000000	00000013	addi	x0,x0,0	  x0:0x00000000
       31215000	      3120	800004d0	00000013	addi	x0,x0,0	  x0:0x00000000
       31225000	      3121	800004d4	00100193	addi	x3,x0,1	  x0:0x00000000  x3=0x00000001
       31235000	      3122	800004d8	00000073	ecall	
       31245000	      3123	800004dc	76580213	addi	x4,x16,1893	 x16:0x00001000  x4=0x00001765
