		Time			Cycle	PC		Insn	Decoded instruction	Register and memory contents
          65000	         5	80000004	00000293	addi	x5,x0,0	  x0:0x00000000  x5=0x00000000
          75000	         6	80000008	00000313	addi	x6,x0,0	  x0:0x00000000  x6=0x00000000
          85000	         7	8000000c	00628263	beq	x5,x6,80000010	  x5:0x00000000  x6:0x00000000
          95000	         8	00000000	00000013	addi	x0,x0,0	  x0:0x00000000
         105000	         9	8000000c	00000013	addi	x0,x0,0	  x0:0x00000000
         115000	        10	80000010	00000e17	auipc	x28,0x0	 x28=0x8000000c
         125000	        11	80000014	00ce0e13	addi	x28,x28,12	 x28:0x8000000c x28=0x80000018
         135000	        12	80000018	000e0067	jalr	x0,x28,0	 x28:0x80000018
         145000	        13	00000000	00000013	addi	x0,x0,0	  x0:0x00000000
         155000	        14	80000018	00000013	addi	x0,x0,0	  x0:0x00000000
         165000	        15	8000001c	400005b7	lui	x11,0x40000	 x11=0x40000000
         175000	        16	80000020	10058593	addi	x11,x11,256	 x11:0x40000000 x11=0x40000100
         185000	        17	80000024	00000013	addi	x0,x0,0	  x0:0x00000000
         195000	        18	80000028	0000af97	auipc	x31,0xa	 x31=0x8000a024
         205000	        19	8000002c	fa0f8f93	addi	x31,x31,-96	 x31:0x8000a024 x31=0x80009fc4
         215000	        20	80000030	00007597	auipc	x11,0x7	 x11=0x8000702c
         225000	        21	80000034	a9458593	addi	x11,x11,-1388	 x11:0x8000702c x11=0x80006ac0
         235000	        22	80000038	0005e593	ori	x11,x11,0	 x11:0x80006ac0 x11=0x80006ac0
         245000	        23	8000003c	00000013	addi	x0,x0,0	  x0:0x00000000
         255000	        24	80000040	00000597	auipc	x11,0x0	 x11=0x8000003c
         265000	        25	80000044	02058593	addi	x11,x11,32	 x11:0x8000003c x11=0x8000005c
         275000	        26	80000048	00000013	addi	x0,x0,0	  x0:0x00000000
         285000	        27	8000004c	00000013	addi	x0,x0,0	  x0:0x00000000
         295000	        28	80000050	000025b7	lui	x11,0x2	 x11=0x00002000
         305000	        29	80000054	80058593	addi	x11,x11,-2048	 x11:0x00002000 x11=0x00001800
         315000	        30	80000058	00000013	addi	x0,x0,0	  x0:0x00000000
         325000	        31	8000005c	00000013	addi	x0,x0,0	  x0:0x00000000
         335000	        32	80000060	00900013	addi	x0,x0,9	  x0:0x00000000
         345000	        33	80000064	4bb9b0b7	lui	x1,0x4bb9b	  x1=0x4bb9b000
         355000	        34	80000068	29b08093	addi	x1,x1,667	  x1:0x4bb9b000  x1=0x4bb9b29b
         365000	        35	8000006c	16805137	lui	x2,0x16805	  x2=0x16805000
         375000	        36	80000070	6a610113	addi	x2,x2,1702	  x2:0x16805000  x2=0x168056a6
         385000	        37	80000074	800001b7	lui	x3,0x80000	  x3=0x80000000
         395000	        38	80000078	80000237	lui	x4,0x80000	  x4=0x80000000
         405000	        39	8000007c	00000293	addi	x5,x0,0	  x0:0x00000000  x5=0x00000000
         415000	        40	80000080	9a1e0337	lui	x6,0x9a1e0	  x6=0x9a1e0000
         425000	        41	80000084	c8630313	addi	x6,x6,-890	  x6:0x9a1e0000  x6=0x9a1dfc86
         435000	        42	80000088	800003b7	lui	x7,0x80000	  x7=0x80000000
         445000	        43	8000008c	af0ec437	lui	x8,0xaf0ec	  x8=0xaf0ec000
         455000	        44	80000090	63f40413	addi	x8,x8,1599	  x8:0xaf0ec000  x8=0xaf0ec63f
         465000	        45	80000094	f7e7f4b7	lui	x9,0xf7e7f	  x9=0xf7e7f000
         475000	        46	80000098	a9548493	addi	x9,x9,-1387	  x9:0xf7e7f000  x9=0xf7e7ea95
         485000	        47	8000009c	ffd6e537	lui	x10,0xffd6e	 x10=0xffd6e000
         495000	        48	800000a0	ac850513	addi	x10,x10,-1336	 x10:0xffd6e000 x10=0xffd6dac8
         505000	        49	800000a4	800005b7	lui	x11,0x80000	 x11=0x80000000
         515000	        50	800000a8	00000613	addi	x12,x0,0	  x0:0x00000000 x12=0x00000000
         525000	        51	800000ac	00000693	addi	x13,x0,0	  x0:0x00000000 x13=0x00000000
         535000	        52	800000b0	00f00713	addi	x14,x0,15	  x0:0x00000000 x14=0x0000000f
         545000	        53	800000b4	00c00793	addi	x15,x0,12	  x0:0x00000000 x15=0x0000000c
         555000	        54	800000b8	12f96837	lui	x16,0x12f96	 x16=0x12f96000
         565000	        55	800000bc	54a80813	addi	x16,x16,1354	 x16:0x12f96000 x16=0x12f9654a
         575000	        56	800000c0	800008b7	lui	x17,0x80000	 x17=0x80000000
         585000	        57	800000c4	fffe6937	lui	x18,0xfffe6	 x18=0xfffe6000
         595000	        58	800000c8	86f90913	addi	x18,x18,-1937	 x18:0xfffe6000 x18=0xfffe586f
         605000	        59	800000cc	00000993	addi	x19,x0,0	  x0:0x00000000 x19=0x00000000
         615000	        60	800000d0	f02faa37	lui	x20,0xf02fa	 x20=0xf02fa000
         625000	        61	800000d4	5d1a0a13	addi	x20,x20,1489	 x20:0xf02fa000 x20=0xf02fa5d1
         635000	        62	800000d8	8225aab7	lui	x21,0x8225a	 x21=0x8225a000
         645000	        63	800000dc	c28a8a93	addi	x21,x21,-984	 x21:0x8225a000 x21=0x82259c28
         655000	        64	800000e0	00600b13	addi	x22,x0,6	  x0:0x00000000 x22=0x00000006
         665000	        65	800000e4	80000bb7	lui	x23,0x80000	 x23=0x80000000
         675000	        66	800000e8	80000c37	lui	x24,0x80000	 x24=0x80000000
         685000	        67	800000ec	8872dd37	lui	x26,0x8872d	 x26=0x8872d000
         695000	        68	800000f0	120d0d13	addi	x26,x26,288	 x26:0x8872d000 x26=0x8872d120
         705000	        69	800000f4	00f00d93	addi	x27,x0,15	  x0:0x00000000 x27=0x0000000f
         715000	        70	800000f8	00300e13	addi	x28,x0,3	  x0:0x00000000 x28=0x00000003
         725000	        71	800000fc	00000e93	addi	x29,x0,0	  x0:0x00000000 x29=0x00000000
         735000	        72	80000100	00000f13	addi	x30,x0,0	  x0:0x00000000 x30=0x00000000
         745000	        73	80000104	0000ac97	auipc	x25,0xa	 x25=0x8000a100
         755000	        74	80000108	e84c8c93	addi	x25,x25,-380	 x25:0x8000a100 x25=0x80009f84
         765000	        75	8000010c	af6a4713	xori	x14,x20,-1290	 x20:0xf02fa5d1 x14=0x0fd05f27
         775000	        76	80000110	40d65b13	srai	x22,x12,0xd	 x12:0x00000000 x22=0x00000000
         785000	        77	80000114	01251913	slli	x18,x10,0x12	 x10:0xffd6dac8 x18=0x6b200000
         795000	        78	80000118	08d5e593	ori	x11,x11,141	 x11:0x80000000 x11=0x8000008d
         805000	        79	8000011c	40710533	sub	x10,x2,x7	  x2:0x168056a6  x7:0x80000000 x10=0x968056a6
         815000	        80	80000120	7ea94017	auipc	x0,0x7ea94	
         825000	        81	80000124	7edf2793	slti	x15,x30,2029	 x30:0x00000000 x15=0x00000001
         835000	        82	80000128	02e85263	bge	x16,x14,8000014c	 x16:0x12f9654a x14:0x0fd05f27
         845000	        83	00000000	00000013	addi	x0,x0,0	  x0:0x00000000
         855000	        84	80000148	00000013	addi	x0,x0,0	  x0:0x00000000
         865000	        85	8000014c	40c20333	sub	x6,x4,x12	  x4:0x80000000 x12:0x00000000  x6=0x80000000
         875000	        86	80000150	01355c33	srl	x24,x10,x19	 x10:0x968056a6 x19:0x00000000 x24=0x968056a6
         885000	        87	80000154	01e4c433	xor	x8,x9,x30	  x9:0xf7e7ea95 x30:0x00000000  x8=0xf7e7ea95
         895000	        88	80000158	400085b3	sub	x11,x1,x0	  x1:0x4bb9b29b  x0:0x00000000 x11=0x4bb9b29b
         905000	        89	8000015c	0194fab3	and	x21,x9,x25	  x9:0xf7e7ea95 x25:0x80009f84 x21=0x80008a84
         915000	        90	80000160	013068b3	or	x17,x0,x19	  x0:0x00000000 x19:0x00000000 x17=0x00000000
         925000	        91	80000164	41415813	srai	x16,x2,0x14	  x2:0x168056a6 x16=0x00000168
         935000	        92	80000168	76a5e093	ori	x1,x11,1898	 x11:0x4bb9b29b  x1=0x4bb9b7fb
         945000	        93	8000016c	001d3233	sltu	x4,x26,x1	 x26:0x8872d120  x1:0x4bb9b7fb  x4=0x00000000
         955000	        94	80000170	01943133	sltu	x2,x8,x25	  x8:0xf7e7ea95 x25:0x80009f84  x2=0x00000000
         965000	        95	80000174	ddc98d93	addi	x27,x19,-548	 x19:0x00000000 x27=0xfffffddc
         975000	        96	80000178	02e25263	bge	x4,x14,8000019c	  x4:0x00000000 x14:0x0fd05f27
         985000	        97	8000017c	05faf463	bgeu	x21,x31,800001c4	 x21:0x80008a84 x31:0x80009fc4
         995000	        98	80000180	7802ab13	slti	x22,x5,1920	  x5:0x00000000 x22=0x00000001
        1005000	        99	80000184	50006613	ori	x12,x0,1280	  x0:0x00000000 x12=0x00000500
        1015000	       100	80000188	03c48263	beq	x9,x28,800001ac	  x9:0xf7e7ea95 x28:0x00000003
        1025000	       101	8000018c	6efe4993	xori	x19,x28,1775	 x28:0x00000003 x19=0x000006ec
        1035000	       102	80000190	1a890113	addi	x2,x18,424	 x18:0x6b200000  x2=0x6b2001a8
        1045000	       103	80000194	d3ed8413	addi	x8,x27,-706	 x27:0xfffffddc  x8=0xfffffb1a
        1055000	       104	80000198	9c6b2613	slti	x12,x22,-1594	 x22:0x00000001 x12=0x00000000
        1065000	       105	8000019c	0349d463	bge	x19,x20,800001c4	 x19:0x000006ec x20:0xf02fa5d1
        1075000	       106	00000000	00000013	addi	x0,x0,0	  x0:0x00000000
        1085000	       107	800001c0	00000013	addi	x0,x0,0	  x0:0x00000000
        1095000	       108	800001c4	0106e5b3	or	x11,x13,x16	 x13:0x00000000 x16:0x00000168 x11=0x00000168
        1105000	       109	800001c8	001f3ab3	sltu	x21,x30,x1	 x30:0x00000000  x1:0x4bb9b7fb x21=0x00000001
        1115000	       110	800001cc	00bcc633	xor	x12,x25,x11	 x25:0x80009f84 x11:0x00000168 x12=0x80009eec
        1125000	       111	800001d0	0852f2b7	lui	x5,0x852f	  x5=0x0852f000
        1135000	       112	800001d4	022e4a63	blt	x28,x2,80000208	 x28:0x00000003  x2:0x6b2001a8
        1145000	       113	00000000	00000013	addi	x0,x0,0	  x0:0x00000000
        1155000	       114	80000204	00000013	addi	x0,x0,0	  x0:0x00000000
        1165000	       115	80000208	009033b3	sltu	x7,x0,x9	  x0:0x00000000  x9:0xf7e7ea95  x7=0x00000001
        1175000	       116	8000020c	1e767db7	lui	x27,0x1e767	 x27=0x1e767000
        1185000	       117	80000210	019048b3	xor	x17,x0,x25	  x0:0x00000000 x25:0x80009f84 x17=0x80009f84
        1195000	       118	80000214	b8676913	ori	x18,x14,-1146	 x14:0x0fd05f27 x18=0xffffffa7
        1205000	       119	80000218	01c84e63	blt	x16,x28,80000234	 x16:0x00000168 x28:0x00000003
        1215000	       120	8000021c	414ed033	sra	x0,x29,x20	 x29:0x00000000 x20:0xf02fa5d1
        1225000	       121	80000220	f8f60a93	addi	x21,x12,-113	 x12:0x80009eec x21=0x80009e7b
        1235000	       122	80000224	00b4e133	or	x2,x9,x11	  x9:0xf7e7ea95 x11:0x00000168  x2=0xf7e7ebfd
        1245000	       123	80000228	41c9dab3	sra	x21,x19,x28	 x19:0x000006ec x28:0x00000003 x21=0x000000dd
        1255000	       124	8000022c	0003a5b3	slt	x11,x7,x0	  x7:0x00000001  x0:0x00000000 x11=0x00000000
        1265000	       125	80000230	00c03f33	sltu	x30,x0,x12	  x0:0x00000000 x12:0x80009eec x30=0x00000001
        1275000	       126	80000234	060216b7	lui	x13,0x6021	 x13=0x06021000
        1285000	       127	80000238	01b15263	bge	x2,x27,8000023c	  x2:0xf7e7ebfd x27:0x1e767000
        1295000	       128	8000023c	d9918293	addi	x5,x3,-615	  x3:0x80000000  x5=0x7ffffd99
        1305000	       129	80000240	e9bf4113	xori	x2,x30,-357	 x30:0x00000001  x2=0xfffffe9a
        1315000	       130	80000244	005bd013	srli	x0,x23,0x5	 x23:0x80000000
        1325000	       131	80000248	404bd993	srai	x19,x23,0x4	 x23:0x80000000 x19=0xf8000000
        1335000	       132	8000024c	006a9e63	bne	x21,x6,80000268	 x21:0x000000dd  x6:0x80000000
        1345000	       133	00000000	00000013	addi	x0,x0,0	  x0:0x00000000
        1355000	       134	80000264	00000013	addi	x0,x0,0	  x0:0x00000000
        1365000	       135	80000268	05739663	bne	x7,x23,800002b4	  x7:0x00000001 x23:0x80000000
        1375000	       136	00000000	00000013	addi	x0,x0,0	  x0:0x00000000
        1385000	       137	800002b0	00000013	addi	x0,x0,0	  x0:0x00000000
        1395000	       138	800002b4	00000013	addi	x0,x0,0	  x0:0x00000000
        1405000	       139	800002b8	024f0c63	beq	x30,x4,800002f0	 x30:0x00000001  x4:0x00000000
        1415000	       140	800002bc	01705433	srl	x8,x0,x23	  x0:0x00000000 x23:0x80000000  x8=0x00000000
        1425000	       141	800002c0	00ff14b3	sll	x9,x30,x15	 x30:0x00000001 x15:0x00000001  x9=0x00000002
        1435000	       142	800002c4	3d3f4e93	xori	x29,x30,979	 x30:0x00000001 x29=0x000003d2
        1445000	       143	800002c8	00dc61b3	or	x3,x24,x13	 x24:0x968056a6 x13:0x06021000  x3=0x968256a6
        1455000	       144	800002cc	36b87793	andi	x15,x16,875	 x16:0x00000168 x15=0x00000168
        1465000	       145	800002d0	00aea1b3	slt	x3,x29,x10	 x29:0x000003d2 x10:0x968056a6  x3=0x00000000
        1475000	       146	800002d4	9ffaaa13	slti	x20,x21,-1537	 x21:0x000000dd x20=0x00000000
        1485000	       147	800002d8	2d197813	andi	x16,x18,721	 x18:0xffffffa7 x16=0x00000281
        1495000	       148	800002dc	01431893	slli	x17,x6,0x14	  x6:0x80000000 x17=0x00000000
        1505000	       149	800002e0	01323d33	sltu	x26,x4,x19	  x4:0x00000000 x19:0xf8000000 x26=0x00000001
        1515000	       150	800002e4	03785663	bge	x16,x23,80000310	 x16:0x00000281 x23:0x80000000
        1525000	       151	00000000	00000013	addi	x0,x0,0	  x0:0x00000000
        1535000	       152	8000030c	00000013	addi	x0,x0,0	  x0:0x00000000
        1545000	       153	80000310	017d9bb3	sll	x23,x27,x23	 x27:0x1e767000 x23:0x80000000 x23=0x1e767000
        1555000	       154	80000314	0157c933	xor	x18,x15,x21	 x15:0x00000168 x21:0x000000dd x18=0x000001b5
        1565000	       155	80000318	42516193	ori	x3,x2,1061	  x2:0xfffffe9a  x3=0xfffffebf
        1575000	       156	8000031c	00bd3333	sltu	x6,x26,x11	 x26:0x00000001 x11:0x00000000  x6=0x00000000
        1585000	       157	80000320	035d1e63	bne	x26,x21,8000035c	 x26:0x00000001 x21:0x000000dd
        1595000	       158	00000000	00000013	addi	x0,x0,0	  x0:0x00000000
        1605000	       159	80000358	00000013	addi	x0,x0,0	  x0:0x00000000
        1615000	       160	8000035c	03c70c63	beq	x14,x28,80000394	 x14:0x0fd05f27 x28:0x00000003
        1625000	       161	80000360	42796bb7	lui	x23,0x42796	 x23=0x42796000
        1635000	       162	80000364	00e478b3	and	x17,x8,x14	  x8:0x00000000 x14:0x0fd05f27 x17=0x00000000
        1645000	       163	80000368	01f7de63	bge	x15,x31,80000384	 x15:0x00000168 x31:0x80009fc4
        1655000	       164	00000000	00000013	addi	x0,x0,0	  x0:0x00000000
        1665000	       165	80000380	00000013	addi	x0,x0,0	  x0:0x00000000
        1675000	       166	80000384	0047e533	or	x10,x15,x4	 x15:0x00000168  x4:0x00000000 x10=0x00000168
        1685000	       167	80000388	00bb2f33	slt	x30,x22,x11	 x22:0x00000001 x11:0x00000000 x30=0x00000000
        1695000	       168	8000038c	6fbb4b93	xori	x23,x22,1787	 x22:0x00000001 x23=0x000006fa
        1705000	       169	80000390	011b86b3	add	x13,x23,x17	 x23:0x000006fa x17:0x00000000 x13=0x000006fa
        1715000	       170	80000394	905f0813	addi	x16,x30,-1787	 x30:0x00000000 x16=0xfffff905
        1725000	       171	80000398	40e6ddb3	sra	x27,x13,x14	 x13:0x000006fa x14:0x0fd05f27 x27=0x0000000d
        1735000	       172	8000039c	05bf4663	blt	x30,x27,800003e8	 x30:0x00000000 x27:0x0000000d
        1745000	       173	00000000	00000013	addi	x0,x0,0	  x0:0x00000000
        1755000	       174	800003e4	00000013	addi	x0,x0,0	  x0:0x00000000
        1765000	       175	800003e8	01b24ab3	xor	x21,x4,x27	  x4:0x00000000 x27:0x0000000d x21=0x0000000d
        1775000	       176	800003ec	000920b3	slt	x1,x18,x0	 x18:0x000001b5  x0:0x00000000  x1=0x00000000
        1785000	       177	800003f0	f753e313	ori	x6,x7,-139	  x7:0x00000001  x6=0xffffff75
        1795000	       178	800003f4	01644eb3	xor	x29,x8,x22	  x8:0x00000000 x22:0x00000001 x29=0x00000001
        1805000	       179	800003f8	00c5ca63	blt	x11,x12,8000040c	 x11:0x00000000 x12:0x80009eec
        1815000	       180	800003fc	012670b3	and	x1,x12,x18	 x12:0x80009eec x18:0x000001b5  x1=0x000000a4
        1825000	       181	80000400	87658a13	addi	x20,x11,-1930	 x11:0x00000000 x20=0xfffff876
        1835000	       182	80000404	00000013	addi	x0,x0,0	  x0:0x00000000
        1845000	       183	80000408	00ba9433	sll	x8,x21,x11	 x21:0x0000000d x11:0x00000000  x8=0x0000000d
        1855000	       184	8000040c	41d583b3	sub	x7,x11,x29	 x11:0x00000000 x29:0x00000001  x7=0xffffffff
        1865000	       185	80000410	004da3b3	slt	x7,x27,x4	 x27:0x0000000d  x4:0x00000000  x7=0x00000000
        1875000	       186	80000414	02e0d663	bge	x1,x14,80000440	  x1:0x000000a4 x14:0x0fd05f27
        1885000	       187	80000418	40f38db3	sub	x27,x7,x15	  x7:0x00000000 x15:0x00000168 x27=0xfffffe98
        1895000	       188	8000041c	62a4ea93	ori	x21,x9,1578	  x9:0x00000002 x21=0x0000062a
        1905000	       189	80000420	00dc6633	or	x12,x24,x13	 x24:0x968056a6 x13:0x000006fa x12=0x968056fe
        1915000	       190	80000424	017de333	or	x6,x27,x23	 x27:0xfffffe98 x23:0x000006fa  x6=0xfffffefa
        1925000	       191	80000428	416dd0b3	sra	x1,x27,x22	 x27:0xfffffe98 x22:0x00000001  x1=0xffffff4c
        1935000	       192	8000042c	0173ddb3	srl	x27,x7,x23	  x7:0x00000000 x23:0x000006fa x27=0x00000000
        1945000	       193	80000430	415901b3	sub	x3,x18,x21	 x18:0x000001b5 x21:0x0000062a  x3=0xfffffb8b
        1955000	       194	80000434	00329593	slli	x11,x5,0x3	  x5:0x7ffffd99 x11=0xffffecc8
        1965000	       195	80000438	00cd1013	slli	x0,x26,0xc	 x26:0x00000001
        1975000	       196	8000043c	e78f6b13	ori	x22,x30,-392	 x30:0x00000000 x22=0xfffffe78
        1985000	       197	80000440	d71ae313	ori	x6,x21,-655	 x21:0x0000062a  x6=0xffffff7b
        1995000	       198	80000444	1a570513	addi	x10,x14,421	 x14:0x0fd05f27 x10=0x0fd060cc
        2005000	       199	80000448	00dfd4b3	srl	x9,x31,x13	 x31:0x80009fc4 x13:0x000006fa  x9=0x00000020
        2015000	       200	8000044c	016b5b33	srl	x22,x22,x22	 x22:0xfffffe78 x22:0xfffffe78 x22=0x000000ff
        2025000	       201	80000450	01d76e63	bltu	x14,x29,8000046c	 x14:0x0fd05f27 x29:0x00000001
        2035000	       202	80000454	02c1f263	bgeu	x3,x12,80000478	  x3:0xfffffb8b x12:0x968056fe
        2045000	       203	00000000	00000013	addi	x0,x0,0	  x0:0x00000000
        2055000	       204	80000474	00000013	addi	x0,x0,0	  x0:0x00000000
        2065000	       205	80000478	001c5a13	srli	x20,x24,0x1	 x24:0x968056a6 x20=0x4b402b53
        2075000	       206	8000047c	0013df13	srli	x30,x7,0x1	  x7:0x00000000 x30=0x00000000
        2085000	       207	80000480	408981b3	sub	x3,x19,x8	 x19:0xf8000000  x8:0x0000000d  x3=0xf7fffff3
        2095000	       208	80000484	0163cbb3	xor	x23,x7,x22	  x7:0x00000000 x22:0x000000ff x23=0x000000ff
        2105000	       209	80000488	325dea93	ori	x21,x27,805	 x27:0x00000000 x21=0x00000325
        2115000	       210	8000048c	018e62b3	or	x5,x28,x24	 x28:0x00000003 x24:0x968056a6  x5=0x968056a7
        2125000	       211	80000490	0683e463	bltu	x7,x8,800004f8	  x7:0x00000000  x8:0x0000000d
        2135000	       212	00000000	00000013	addi	x0,x0,0	  x0:0x00000000
        2145000	       213	800004f4	00000013	addi	x0,x0,0	  x0:0x00000000
        2155000	       214	800004f8	fccd4713	xori	x14,x26,-52	 x26:0x00000001 x14=0xffffffcd
        2165000	       215	800004fc	0028d463	bge	x17,x2,80000504	 x17:0x00000000  x2:0xfffffe9a
        2175000	       216	00000000	00000013	addi	x0,x0,0	  x0:0x00000000
        2185000	       217	80000500	00000013	addi	x0,x0,0	  x0:0x00000000
        2195000	       218	80000504	02e15a63	bge	x2,x14,80000538	  x2:0xfffffe9a x14:0xffffffcd
        2205000	       219	80000508	01c6aeb3	slt	x29,x13,x28	 x13:0x000006fa x28:0x00000003 x29=0x00000000
        2215000	       220	8000050c	01105913	srli	x18,x0,0x11	  x0:0x00000000 x18=0x00000000
        2225000	       221	80000510	41400a33	sub	x20,x0,x20	  x0:0x00000000 x20:0x4b402b53 x20=0xb4bfd4ad
        2235000	       222	80000514	41c0deb3	sra	x29,x1,x28	  x1:0xffffff4c x28:0x00000003 x29=0xffffffe9
        2245000	       223	80000518	058d7463	bgeu	x26,x24,80000560	 x26:0x00000001 x24:0x968056a6
        2255000	       224	8000051c	008a25b3	slt	x11,x20,x8	 x20:0xb4bfd4ad  x8:0x0000000d x11=0x00000001
        2265000	       225	80000520	1aaf9b37	lui	x22,0x1aaf9	 x22=0x1aaf9000
        2275000	       226	80000524	404b84b3	sub	x9,x23,x4	 x23:0x000000ff  x4:0x00000000  x9=0x000000ff
        2285000	       227	80000528	041ee863	bltu	x29,x1,80000578	 x29:0xffffffe9  x1:0xffffff4c
        2295000	       228	8000052c	00761213	slli	x4,x12,0x7	 x12:0x968056fe  x4=0x402b7f00
        2305000	       229	80000530	03e8e463	bltu	x17,x30,80000558	 x17:0x00000000 x30:0x00000000
        2315000	       230	80000534	7e5b43b7	lui	x7,0x7e5b4	  x7=0x7e5b4000
        2325000	       231	80000538	01eed0b3	srl	x1,x29,x30	 x29:0xffffffe9 x30:0x00000000  x1=0xffffffe9
        2335000	       232	8000053c	00aee4b3	or	x9,x29,x10	 x29:0xffffffe9 x10:0x0fd060cc  x9=0xffffffed
        2345000	       233	80000540	02504463	blt	x0,x5,80000568	  x0:0x00000000  x5:0x968056a7
        2355000	       234	80000544	04d59063	bne	x11,x13,80000584	 x11:0x00000001 x13:0x000006fa
        2365000	       235	00000000	00000013	addi	x0,x0,0	  x0:0x00000000
        2375000	       236	80000580	00000013	addi	x0,x0,0	  x0:0x00000000
        2385000	       237	80000584	d3c26313	ori	x6,x4,-708	  x4:0x402b7f00  x6=0xffffff3c
        2395000	       238	80000588	b477e413	ori	x8,x15,-1209	 x15:0x00000168  x8=0xfffffb6f
        2405000	       239	8000058c	8465bb13	sltiu	x22,x11,-1978	 x11:0x00000001 x22=0x00000001
        2415000	       240	80000590	3de44713	xori	x14,x8,990	  x8:0xfffffb6f x14=0xfffff8b1
        2425000	       241	80000594	cce80293	addi	x5,x16,-818	 x16:0xfffff905  x5=0xfffff5d3
        2435000	       242	80000598	001b5813	srli	x16,x22,0x1	 x22:0x00000001 x16=0x00000000
        2445000	       243	8000059c	0193f3b3	and	x7,x7,x25	  x7:0x7e5b4000 x25:0x80009f84  x7=0x00000000
        2455000	       244	800005a0	02575263	bge	x14,x5,800005c4	 x14:0xfffff8b1  x5:0xfffff5d3
        2465000	       245	00000000	00000013	addi	x0,x0,0	  x0:0x00000000
        2475000	       246	800005c0	00000013	addi	x0,x0,0	  x0:0x00000000
        2485000	       247	800005c4	8a63c813	xori	x16,x7,-1882	  x7:0x00000000 x16=0xfffff8a6
        2495000	       248	800005c8	00008117	auipc	x2,0x8	  x2=0x800085c4
        2505000	       249	800005cc	d9d10113	addi	x2,x2,-611	  x2:0x800085c4  x2=0x80008361
        2515000	       250	800005d0	015b0933	add	x18,x22,x21	 x22:0x00000001 x21:0x00000325 x18=0x00000326
        2525000	       251	800005d4	00f0c3b3	xor	x7,x1,x15	  x1:0xffffffe9 x15:0x00000168  x7=0xfffffe81
        2535000	       252	800005d8	41abdd13	srai	x26,x23,0x1a	 x23:0x000000ff x26=0x00000000
        2545000	       253	800005dc	00115483	lhu	x9,1(x2)	  x2:0x80008361  x9=0x00001819 PA:0x80008362
        2555000	       254	800005e0	ff214083	lbu	x1,-14(x2)	  x2:0x80008361  x1=0x00000008 PA:0x80008353
        2565000	       255	800005e4	0f93b413	sltiu	x8,x7,249	  x7:0xfffffe81  x8=0x00000000
        2575000	       256	800005e8	f9512ba3	sw	x21,-105(x2)	  x2:0x80008361 x21:0x00000325 PA:0x800082f8
        2585000	       257	800005ec	01b49793	slli	x15,x9,0x1b	  x9:0x00001819 x15=0xc8000000
        2595000	       258	800005f0	00000013	addi	x0,x0,0	  x0:0x00000000
        2605000	       259	800005f4	f7511703	lh	x14,-139(x2)	  x2:0x80008361 x14=0xffff8c8d PA:0x800082d6
        2615000	       260	800005f8	00fb7233	and	x4,x22,x15	 x22:0x00000001 x15:0xc8000000  x4=0x00000000
        2625000	       261	800005fc	fca10a23	sb	x10,-44(x2)	  x2:0x80008361 x10:0x0fd060cc PA:0x80008335
        2635000	       262	80000600	019ba0b3	slt	x1,x23,x25	 x23:0x000000ff x25:0x80009f84  x1=0x00000000
        2645000	       263	80000604	f9f12da3	sw	x31,-101(x2)	  x2:0x80008361 x31:0x80009fc4 PA:0x800082fc
        2655000	       264	80000608	411b07b3	sub	x15,x22,x17	 x22:0x00000001 x17:0x00000000 x15=0x00000001
        2665000	       265	8000060c	0041d933	srl	x18,x3,x4	  x3:0xf7fffff3  x4:0x00000000 x18=0xf7fffff3
        2675000	       266	80000610	009008b3	add	x17,x0,x9	  x0:0x00000000  x9:0x00001819 x17=0x00001819
        2685000	       267	80000614	003141b3	xor	x3,x2,x3	  x2:0x80008361  x3:0xf7fffff3  x3=0x77ff7c92
        2695000	       268	80000618	07014083	lbu	x1,112(x2)	  x2:0x80008361  x1=0x0000008a PA:0x800083d1
        2705000	       269	8000061c	f4010523	sb	x0,-182(x2)	  x2:0x80008361  x0:0x00000000 PA:0x800082ab
        2715000	       270	80000620	f4911503	lh	x10,-183(x2)	  x2:0x80008361 x10=0x00000061 PA:0x800082aa
        2725000	       271	80000624	f9a10a03	lb	x20,-102(x2)	  x2:0x80008361 x20=0x00000000 PA:0x800082fb
        2735000	       272	80000628	fb6112a3	sh	x22,-91(x2)	  x2:0x80008361 x22:0x00000001 PA:0x80008306
        2745000	       273	8000062c	01906ab3	or	x21,x0,x25	  x0:0x00000000 x25:0x80009f84 x21=0x80009f84
        2755000	       274	80000630	ebc6e213	ori	x4,x13,-324	 x13:0x000006fa  x4=0xfffffefe
        2765000	       275	80000634	f7114303	lbu	x6,-143(x2)	  x2:0x80008361  x6=0x00000089 PA:0x800082d2
        2775000	       276	80000638	fac10b83	lb	x23,-84(x2)	  x2:0x80008361 x23=0xffffffc6 PA:0x8000830d
        2785000	       277	8000063c	01a58f33	add	x30,x11,x26	 x11:0x00000001 x26:0x00000000 x30=0x00000001
        2795000	       278	80000640	d5a28593	addi	x11,x5,-678	  x5:0xfffff5d3 x11=0xfffff32d
        2805000	       279	80000644	fd712d83	lw	x27,-41(x2)	  x2:0x80008361 x27=0xf0f1f2f3 PA:0x80008338
        2815000	       280	80000648	f5e10903	lb	x18,-162(x2)	  x2:0x80008361 x18=0x00000074 PA:0x800082bf
        2825000	       281	8000064c	f9a10a03	lb	x20,-102(x2)	  x2:0x80008361 x20=0x00000000 PA:0x800082fb
        2835000	       282	80000650	01f51bb3	sll	x23,x10,x31	 x10:0x00000061 x31:0x80009fc4 x23=0x00000610
        2845000	       283	80000654	41d8d593	srai	x11,x17,0x1d	 x17:0x00001819 x11=0x00000000
        2855000	       284	80000658	08414e83	lbu	x29,132(x2)	  x2:0x80008361 x29=0x0000009e PA:0x800083e5
        2865000	       285	8000065c	07f10ea3	sb	x31,125(x2)	  x2:0x80008361 x31:0x80009fc4 PA:0x800083de
        2875000	       286	80000660	0de10483	lb	x9,222(x2)	  x2:0x80008361  x9=0xfffffff4 PA:0x8000843f
        2885000	       287	80000664	f8c14683	lbu	x13,-116(x2)	  x2:0x80008361 x13=0x000000a6 PA:0x800082ed
        2895000	       288	80000668	f5810883	lb	x17,-168(x2)	  x2:0x80008361 x17=0x00000072 PA:0x800082b9
        2905000	       289	8000066c	f2315783	lhu	x15,-221(x2)	  x2:0x80008361 x15=0x00003e3f PA:0x80008284
        2915000	       290	80000670	016f4c33	xor	x24,x30,x22	 x30:0x00000001 x22:0x00000001 x24=0x00000000
        2925000	       291	80000674	c58f6493	ori	x9,x30,-936	 x30:0x00000001  x9=0xfffffc59
        2935000	       292	80000678	0d410ea3	sb	x20,221(x2)	  x2:0x80008361 x20:0x00000000 PA:0x8000843e
        2945000	       293	8000067c	f6f14503	lbu	x10,-145(x2)	  x2:0x80008361 x10=0x0000008b PA:0x800082d0
        2955000	       294	80000680	011c4263	blt	x24,x17,80000684	 x24:0x00000000 x17:0x00000072
        2965000	       295	00000000	00000013	addi	x0,x0,0	  x0:0x00000000
        2975000	       296	80000680	00000013	addi	x0,x0,0	  x0:0x00000000
        2985000	       297	80000684	029ef263	bgeu	x29,x9,800006a8	 x29:0x0000009e  x9:0xfffffc59
        2995000	       298	80000688	b3210093	addi	x1,x2,-1230	  x2:0x80008361  x1=0x80007e93
        3005000	       299	8000068c	01ef0e63	beq	x30,x30,800006a8	 x30:0x00000001 x30:0x00000001
        3015000	       300	00000000	00000013	addi	x0,x0,0	  x0:0x00000000
        3025000	       301	800006a4	00000013	addi	x0,x0,0	  x0:0x00000000
        3035000	       302	800006a8	01353b33	sltu	x22,x10,x19	 x10:0x0000008b x19:0xf8000000 x22=0x00000001
        3045000	       303	800006ac	13f0f793	andi	x15,x1,319	  x1:0x80007e93 x15=0x00000013
        3055000	       304	800006b0	0ddb7613	andi	x12,x22,221	 x22:0x00000001 x12=0x00000001
        3065000	       305	800006b4	55543093	sltiu	x1,x8,1365	  x8:0x00000000  x1=0x00000001
        3075000	       306	800006b8	69efc317	auipc	x6,0x69efc	  x6=0xe9efc6b4
        3085000	       307	800006bc	f9898793	addi	x15,x19,-104	 x19:0xf8000000 x15=0xf7ffff98
        3095000	       308	800006c0	026f1263	bne	x30,x6,800006e4	 x30:0x00000001  x6:0xe9efc6b4
        3105000	       309	00000000	00000013	addi	x0,x0,0	  x0:0x00000000
        3115000	       310	800006e0	00000013	addi	x0,x0,0	  x0:0x00000000
        3125000	       311	800006e4	7ae80713	addi	x14,x16,1966	 x16:0xfffff8a6 x14=0x00000054
        3135000	       312	800006e8	82a50393	addi	x7,x10,-2006	 x10:0x0000008b  x7=0xfffff8b5
        3145000	       313	800006ec	013f1493	slli	x9,x30,0x13	 x30:0x00000001  x9=0x00080000
        3155000	       314	800006f0	0185f033	and	x0,x11,x24	 x11:0x00000000 x24:0x00000000
        3165000	       315	800006f4	41be06b3	sub	x13,x28,x27	 x28:0x00000003 x27:0xf0f1f2f3 x13=0x0f0e0d10
        3175000	       316	800006f8	0f45f063	bgeu	x11,x20,800007d8	 x11:0x00000000 x20:0x00000000
        3185000	       317	00000000	00000013	addi	x0,x0,0	  x0:0x00000000
        3195000	       318	800007d4	00000013	addi	x0,x0,0	  x0:0x00000000
        3205000	       319	800007d8	03400263	beq	x0,x20,800007fc	  x0:0x00000000 x20:0x00000000
        3215000	       320	00000000	00000013	addi	x0,x0,0	  x0:0x00000000
        3225000	       321	800007f8	00000013	addi	x0,x0,0	  x0:0x00000000
        3235000	       322	800007fc	01c75f33	srl	x30,x14,x28	 x14:0x00000054 x28:0x00000003 x30=0x0000000a
        3245000	       323	80000800	01524333	xor	x6,x4,x21	  x4:0xfffffefe x21:0x80009f84  x6=0x7fff617a
        3255000	       324	80000804	02e4e263	bltu	x9,x14,80000828	  x9:0x00080000 x14:0x00000054
        3265000	       325	80000808	0e712897	auipc	x17,0xe712	 x17=0x8e712804
        3275000	       326	8000080c	03bbd463	bge	x23,x27,80000834	 x23:0x00000610 x27:0xf0f1f2f3
        3285000	       327	00000000	00000013	addi	x0,x0,0	  x0:0x00000000
        3295000	       328	80000830	00000013	addi	x0,x0,0	  x0:0x00000000
        3305000	       329	80000834	009317b3	sll	x15,x6,x9	  x6:0x7fff617a  x9:0x00080000 x15=0x7fff617a
        3315000	       330	80000838	00000e17	auipc	x28,0x0	 x28=0x80000834
        3325000	       331	8000083c	00ce0e13	addi	x28,x28,12	 x28:0x80000834 x28=0x80000840
        3335000	       332	80000840	000e0067	jalr	x0,x28,0	 x28:0x80000840
        3345000	       333	00000000	00000013	addi	x0,x0,0	  x0:0x00000000
        3355000	       334	80000840	00000013	addi	x0,x0,0	  x0:0x00000000
        3365000	       335	80000844	00100193	addi	x3,x0,1	  x0:0x00000000  x3=0x00000001
        3375000	       336	80000848	00000073	ecall	
        3385000	       337	8000084c	40b58433	sub	x8,x11,x11	 x11:0x00000000 x11:0x00000000  x8=0x00000000
