		Time			Cycle	PC		Insn	Decoded instruction	Register and memory contents
          65000	         5	80000004	00000293	addi	x5,x0,0	  x0:0x00000000  x5=0x00000000
          75000	         6	80000008	00000313	addi	x6,x0,0	  x0:0x00000000  x6=0x00000000
          85000	         7	8000000c	00628263	beq	x5,x6,80000010	  x5:0x00000000  x6:0x00000000
          95000	         8	00000000	00000013	addi	x0,x0,0	  x0:0x00000000
         105000	         9	8000000c	00000013	addi	x0,x0,0	  x0:0x00000000
         115000	        10	80000010	00000717	auipc	x14,0x0	 x14=0x8000000c
         125000	        11	80000014	00c70713	addi	x14,x14,12	 x14:0x8000000c x14=0x80000018
         135000	        12	80000018	00070067	jalr	x0,x14,0	 x14:0x80000018
         145000	        13	00000000	00000013	addi	x0,x0,0	  x0:0x00000000
         155000	        14	80000018	00000013	addi	x0,x0,0	  x0:0x00000000
         165000	        15	8000001c	400002b7	lui	x5,0x40000	  x5=0x40000000
         175000	        16	80000020	10028293	addi	x5,x5,256	  x5:0x40000000  x5=0x40000100
         185000	        17	80000024	00000013	addi	x0,x0,0	  x0:0x00000000
         195000	        18	80000028	0000ac17	auipc	x24,0xa	 x24=0x8000a024
         205000	        19	8000002c	fa0c0c13	addi	x24,x24,-96	 x24:0x8000a024 x24=0x80009fc4
         215000	        20	80000030	00007297	auipc	x5,0x7	  x5=0x8000702c
         225000	        21	80000034	6d428293	addi	x5,x5,1748	  x5:0x8000702c  x5=0x80007700
         235000	        22	80000038	0012e293	ori	x5,x5,1	  x5:0x80007700  x5=0x80007701
         245000	        23	8000003c	00000013	addi	x0,x0,0	  x0:0x00000000
         255000	        24	80000040	00000297	auipc	x5,0x0	  x5=0x8000003c
         265000	        25	80000044	02028293	addi	x5,x5,32	  x5:0x8000003c  x5=0x8000005c
         275000	        26	80000048	00000013	addi	x0,x0,0	  x0:0x00000000
         285000	        27	8000004c	00000013	addi	x0,x0,0	  x0:0x00000000
         295000	        28	80000050	000022b7	lui	x5,0x2	  x5=0x00002000
         305000	        29	80000054	80028293	addi	x5,x5,-2048	  x5:0x00002000  x5=0x00001800
         315000	        30	80000058	00000013	addi	x0,x0,0	  x0:0x00000000
         325000	        31	8000005c	00000013	addi	x0,x0,0	  x0:0x00000000
         335000	        32	80000060	fa7fa037	lui	x0,0xfa7fa	
         345000	        33	80000064	b6f00013	addi	x0,x0,-1169	  x0:0x00000000
         355000	        34	80000068	00000093	addi	x1,x0,0	  x0:0x00000000  x1=0x00000000
         365000	        35	8000006c	00000113	addi	x2,x0,0	  x0:0x00000000  x2=0x00000000
         375000	        36	80000070	00c00193	addi	x3,x0,12	  x0:0x00000000  x3=0x0000000c
         385000	        37	80000074	12259237	lui	x4,0x12259	  x4=0x12259000
         395000	        38	80000078	2f620213	addi	x4,x4,758	  x4:0x12259000  x4=0x122592f6
         405000	        39	8000007c	800002b7	lui	x5,0x80000	  x5=0x80000000
         415000	        40	80000080	80000337	lui	x6,0x80000	  x6=0x80000000
         425000	        41	80000084	d0fd23b7	lui	x7,0xd0fd2	  x7=0xd0fd2000
         435000	        42	80000088	6b238393	addi	x7,x7,1714	  x7:0xd0fd2000  x7=0xd0fd26b2
         445000	        43	8000008c	f6a374b7	lui	x9,0xf6a37	  x9=0xf6a37000
         455000	        44	80000090	f7e48493	addi	x9,x9,-130	  x9:0xf6a37000  x9=0xf6a36f7e
         465000	        45	80000094	00c00513	addi	x10,x0,12	  x0:0x00000000 x10=0x0000000c
         475000	        46	80000098	fe00a5b7	lui	x11,0xfe00a	 x11=0xfe00a000
         485000	        47	8000009c	7be58593	addi	x11,x11,1982	 x11:0xfe00a000 x11=0xfe00a7be
         495000	        48	800000a0	80000637	lui	x12,0x80000	 x12=0x80000000
         505000	        49	800000a4	800006b7	lui	x13,0x80000	 x13=0x80000000
         515000	        50	800000a8	00700713	addi	x14,x0,7	  x0:0x00000000 x14=0x00000007
         525000	        51	800000ac	800007b7	lui	x15,0x80000	 x15=0x80000000
         535000	        52	800000b0	16df2837	lui	x16,0x16df2	 x16=0x16df2000
         545000	        53	800000b4	9c480813	addi	x16,x16,-1596	 x16:0x16df2000 x16=0x16df19c4
         555000	        54	800000b8	00000893	addi	x17,x0,0	  x0:0x00000000 x17=0x00000000
         565000	        55	800000bc	7fe5f937	lui	x18,0x7fe5f	 x18=0x7fe5f000
         575000	        56	800000c0	1a590913	addi	x18,x18,421	 x18:0x7fe5f000 x18=0x7fe5f1a5
         585000	        57	800000c4	f11359b7	lui	x19,0xf1135	 x19=0xf1135000
         595000	        58	800000c8	01398993	addi	x19,x19,19	 x19:0xf1135000 x19=0xf1135013
         605000	        59	800000cc	80000a37	lui	x20,0x80000	 x20=0x80000000
         615000	        60	800000d0	00000a93	addi	x21,x0,0	  x0:0x00000000 x21=0x00000000
         625000	        61	800000d4	5e22db37	lui	x22,0x5e22d	 x22=0x5e22d000
         635000	        62	800000d8	6aeb0b13	addi	x22,x22,1710	 x22:0x5e22d000 x22=0x5e22d6ae
         645000	        63	800000dc	d7980bb7	lui	x23,0xd7980	 x23=0xd7980000
         655000	        64	800000e0	4f8b8b93	addi	x23,x23,1272	 x23:0xd7980000 x23=0xd79804f8
         665000	        65	800000e4	bfdf4cb7	lui	x25,0xbfdf4	 x25=0xbfdf4000
         675000	        66	800000e8	320c8c93	addi	x25,x25,800	 x25:0xbfdf4000 x25=0xbfdf4320
         685000	        67	800000ec	fe43dd37	lui	x26,0xfe43d	 x26=0xfe43d000
         695000	        68	800000f0	643d0d13	addi	x26,x26,1603	 x26:0xfe43d000 x26=0xfe43d643
         705000	        69	800000f4	00000d93	addi	x27,x0,0	  x0:0x00000000 x27=0x00000000
         715000	        70	800000f8	80000e37	lui	x28,0x80000	 x28=0x80000000
         725000	        71	800000fc	80000eb7	lui	x29,0x80000	 x29=0x80000000
         735000	        72	80000100	25af2f37	lui	x30,0x25af2	 x30=0x25af2000
         745000	        73	80000104	ac8f0f13	addi	x30,x30,-1336	 x30:0x25af2000 x30=0x25af1ac8
         755000	        74	80000108	00000f93	addi	x31,x0,0	  x0:0x00000000 x31=0x00000000
         765000	        75	8000010c	0000a417	auipc	x8,0xa	  x8=0x8000a108
         775000	        76	80000110	e7c40413	addi	x8,x8,-388	  x8:0x8000a108  x8=0x80009f84
         785000	        77	80000114	00009117	auipc	x2,0x9	  x2=0x80009110
         795000	        78	80000118	81c10113	addi	x2,x2,-2020	  x2:0x80009110  x2=0x8000892c
         805000	        79	8000011c	0ed14d03	lbu	x26,237(x2)	  x2:0x8000892c x26=0x000000e9 PA:0x80008a19
         815000	        80	80000120	004f65b3	or	x11,x30,x4	 x30:0x25af1ac8  x4:0x122592f6 x11=0x37af9afe
         825000	        81	80000124	38b10b83	lb	x23,907(x2)	  x2:0x8000892c x23=0xffffffcb PA:0x80008cb7
         835000	        82	80000128	00d69933	sll	x18,x13,x13	 x13:0x80000000 x13:0x80000000 x18=0x80000000
         845000	        83	8000012c	cf4f36b7	lui	x13,0xcf4f3	 x13=0xcf4f3000
         855000	        84	80000130	01eb2a33	slt	x20,x22,x30	 x22:0x5e22d6ae x30:0x25af1ac8 x20=0x00000000
         865000	        85	80000134	9c8c0b13	addi	x22,x24,-1592	 x24:0x80009fc4 x22=0x8000998c
         875000	        86	80000138	01de43b3	xor	x7,x28,x29	 x28:0x80000000 x29:0x80000000  x7=0x00000000
         885000	        87	8000013c	0bb14d83	lbu	x27,187(x2)	  x2:0x8000892c x27=0x000000fa PA:0x800089e7
         895000	        88	80000140	7ccc2013	slti	x0,x24,1996	 x24:0x80009fc4
         905000	        89	80000144	00a4ad33	slt	x26,x9,x10	  x9:0xf6a36f7e x10:0x0000000c x26=0x00000001
         915000	        90	80000148	406dd393	srai	x7,x27,0x6	 x27:0x000000fa  x7=0x00000003
         925000	        91	8000014c	17d27b13	andi	x22,x4,381	  x4:0x122592f6 x22=0x00000074
         935000	        92	80000150	f5d72f13	slti	x30,x14,-163	 x14:0x00000007 x30=0x00000000
         945000	        93	80000154	18f14303	lbu	x6,399(x2)	  x2:0x8000892c  x6=0x000000cf PA:0x80008abb
         955000	        94	80000158	d24bb793	sltiu	x15,x23,-732	 x23:0xffffffcb x15=0x00000000
         965000	        95	8000015c	fb344513	xori	x10,x8,-77	  x8:0x80009f84 x10=0x7fff6037
         975000	        96	80000160	97d94d93	xori	x27,x18,-1667	 x18:0x80000000 x27=0x7ffff97d
         985000	        97	80000164	3e514183	lbu	x3,997(x2)	  x2:0x8000892c  x3=0x00000008 PA:0x80008d11
         995000	        98	80000168	19615f03	lhu	x30,406(x2)	  x2:0x8000892c x30=0x00002510 PA:0x80008ac2
        1005000	        99	8000016c	008ac033	xor	x0,x21,x8	 x21:0x00000000  x8:0x80009f84
        1015000	       100	80000170	006d0533	add	x10,x26,x6	 x26:0x00000001  x6:0x000000cf x10=0x000000d0
        1025000	       101	80000174	406ad893	srai	x17,x21,0x6	 x21:0x00000000 x17=0x00000000
        1035000	       102	80000178	00000013	addi	x0,x0,0	  x0:0x00000000
        1045000	       103	8000017c	012a9a13	slli	x20,x21,0x12	 x21:0x00000000 x20=0x00000000
        1055000	       104	80000180	00857c93	andi	x25,x10,8	 x10:0x000000d0 x25=0x00000000
        1065000	       105	80000184	003a14b3	sll	x9,x20,x3	 x20:0x00000000  x3:0x00000008  x9=0x00000000
        1075000	       106	80000188	002ca533	slt	x10,x25,x2	 x25:0x00000000  x2:0x8000892c x10=0x00000000
        1085000	       107	8000018c	ef68e193	ori	x3,x17,-266	 x17:0x00000000  x3=0xfffffef6
        1095000	       108	80000190	4cb14883	lbu	x17,1227(x2)	  x2:0x8000892c x17=0x00000049 PA:0x80008df7
        1105000	       109	80000194	57d14e03	lbu	x28,1405(x2)	  x2:0x8000892c x28=0x000000f9 PA:0x80008ea9
        1115000	       110	80000198	4fe88493	addi	x9,x17,1278	 x17:0x00000049  x9=0x00000547
        1125000	       111	8000019c	4aacf913	andi	x18,x25,1194	 x25:0x00000000 x18=0x00000000
        1135000	       112	800001a0	6c372993	slti	x19,x14,1731	 x14:0x00000007 x19=0x00000001
        1145000	       113	800001a4	49d10b23	sb	x29,1174(x2)	  x2:0x8000892c x29:0x80000000 PA:0x80008dc2
        1155000	       114	800001a8	2b214a03	lbu	x20,690(x2)	  x2:0x8000892c x20=0x00000071 PA:0x80008bde
        1165000	       115	800001ac	00009117	auipc	x2,0x9	  x2=0x800091a8
        1175000	       116	800001b0	84210113	addi	x2,x2,-1982	  x2:0x800091a8  x2=0x800089ea
        1185000	       117	800001b4	68118617	auipc	x12,0x68118	 x12=0xe81181b0
        1195000	       118	800001b8	ec612d83	lw	x27,-314(x2)	  x2:0x800089ea x27=0x2761d15f PA:0x800088b0
        1205000	       119	800001bc	01109b93	slli	x23,x1,0x11	  x1:0x00000000 x23=0x00000000
        1215000	       120	800001c0	878a36b7	lui	x13,0x878a3	 x13=0x878a3000
        1225000	       121	800001c4	011898b3	sll	x17,x17,x17	 x17:0x00000049 x17:0x00000049 x17=0x00009200
        1235000	       122	800001c8	400f0333	sub	x6,x30,x0	 x30:0x00002510  x0:0x00000000  x6=0x00002510
        1245000	       123	800001cc	00f6b0b3	sltu	x1,x13,x15	 x13:0x878a3000 x15:0x00000000  x1=0x00000000
        1255000	       124	800001d0	39b14a03	lbu	x20,923(x2)	  x2:0x800089ea x20=0x00000038 PA:0x80008d85
        1265000	       125	800001d4	5055fa37	lui	x20,0x5055f	 x20=0x5055f000
        1275000	       126	800001d8	40568eb3	sub	x29,x13,x5	 x13:0x878a3000  x5:0x80000000 x29=0x078a3000
        1285000	       127	800001dc	00ca5333	srl	x6,x20,x12	 x20:0x5055f000 x12:0xe81181b0  x6=0x00005055
        1295000	       128	800001e0	40f30cb3	sub	x25,x6,x15	  x6:0x00005055 x15:0x00000000 x25=0x00005055
        1305000	       129	800001e4	4063de33	sra	x28,x7,x6	  x7:0x00000003  x6:0x00005055 x28=0x00000000
        1315000	       130	800001e8	01df95b3	sll	x11,x31,x29	 x31:0x00000000 x29:0x078a3000 x11=0x00000000
        1325000	       131	800001ec	00000013	addi	x0,x0,0	  x0:0x00000000
        1335000	       132	800001f0	016cd893	srli	x17,x25,0x16	 x25:0x00005055 x17=0x00000000
        1345000	       133	800001f4	22314c83	lbu	x25,547(x2)	  x2:0x800089ea x25=0x00000058 PA:0x80008c0d
        1355000	       134	800001f8	c2698797	auipc	x15,0xc2698	 x15=0x426981f4
        1365000	       135	800001fc	015dd613	srli	x12,x27,0x15	 x27:0x2761d15f x12=0x0000013b
        1375000	       136	80000200	258c2f93	slti	x31,x24,600	 x24:0x80009fc4 x31=0x00000001
        1385000	       137	80000204	007ea533	slt	x10,x29,x7	 x29:0x078a3000  x7:0x00000003 x10=0x00000000
        1395000	       138	80000208	4ac10423	sb	x12,1192(x2)	  x2:0x800089ea x12:0x0000013b PA:0x80008e92
        1405000	       139	8000020c	41c8d233	sra	x4,x17,x28	 x17:0x00000000 x28:0x00000000  x4=0x00000000
        1415000	       140	80000210	0034af33	slt	x30,x9,x3	  x9:0x00000547  x3:0xfffffef6 x30=0x00000000
        1425000	       141	80000214	01249293	slli	x5,x9,0x12	  x9:0x00000547  x5=0x151c0000
        1435000	       142	80000218	f58ee817	auipc	x16,0xf58ee	 x16=0x758ee214
        1445000	       143	8000021c	ea9102a3	sb	x9,-347(x2)	  x2:0x800089ea  x9:0x00000547 PA:0x8000888f
        1455000	       144	80000220	00000013	addi	x0,x0,0	  x0:0x00000000
        1465000	       145	80000224	42410803	lb	x16,1060(x2)	  x2:0x800089ea x16=0xffffffe3 PA:0x80008e0e
        1475000	       146	80000228	00000013	addi	x0,x0,0	  x0:0x00000000
        1485000	       147	8000022c	207ae913	ori	x18,x21,519	 x21:0x00000000 x18=0x00000207
        1495000	       148	80000230	ea210683	lb	x13,-350(x2)	  x2:0x800089ea x13=0xffffffa8 PA:0x8000888c
        1505000	       149	80000234	000b5813	srli	x16,x22,0x0	 x22:0x00000074 x16=0x00000074
        1515000	       150	80000238	61eeb213	sltiu	x4,x29,1566	 x29:0x078a3000  x4=0x00000000
        1525000	       151	8000023c	07611303	lh	x6,118(x2)	  x2:0x800089ea  x6=0x00002527 PA:0x80008a60
        1535000	       152	80000240	01f112b3	sll	x5,x2,x31	  x2:0x800089ea x31:0x00000001  x5=0x000113d4
        1545000	       153	80000244	57e15383	lhu	x7,1406(x2)	  x2:0x800089ea  x7=0x00008f5b PA:0x80008f68
        1555000	       154	80000248	4f710223	sb	x23,1252(x2)	  x2:0x800089ea x23:0x00000000 PA:0x80008ece
        1565000	       155	8000024c	00009697	auipc	x13,0x9	 x13=0x80009248
        1575000	       156	80000250	d2e68693	addi	x13,x13,-722	 x13:0x80009248 x13=0x80008f76
        1585000	       157	80000254	00268483	lb	x9,2(x13)	 x13:0x80008f76  x9=0x0000000a PA:0x80008f78
        1595000	       158	80000258	00ac9b33	sll	x22,x25,x10	 x25:0x00000058 x10:0x00000000 x22=0x00000058
        1605000	       159	8000025c	fe369a23	sh	x3,-12(x13)	 x13:0x80008f76  x3:0xfffffef6 PA:0x80008f6a
        1615000	       160	80000260	0053da13	srli	x20,x7,0x5	  x7:0x00008f5b x20=0x0000047a
        1625000	       161	80000264	001683a3	sb	x1,7(x13)	 x13:0x80008f76  x1:0x00000000 PA:0x80008f7d
        1635000	       162	80000268	90e97e93	andi	x29,x18,-1778	 x18:0x00000207 x29=0x00000006
        1645000	       163	8000026c	b12f0513	addi	x10,x30,-1262	 x30:0x00000000 x10=0xfffffb12
        1655000	       164	80000270	00f68023	sb	x15,0(x13)	 x13:0x80008f76 x15:0x426981f4 PA:0x80008f76
        1665000	       165	80000274	01c681a3	sb	x28,3(x13)	 x13:0x80008f76 x28:0x00000000 PA:0x80008f79
        1675000	       166	80000278	0186a1b3	slt	x3,x13,x24	 x13:0x80008f76 x24:0x80009fc4  x3=0x00000001
        1685000	       167	8000027c	005a4b33	xor	x22,x20,x5	 x20:0x0000047a  x5:0x000113d4 x22=0x000117ae
        1695000	       168	80000280	41195193	srai	x3,x18,0x11	 x18:0x00000207  x3=0x00000000
        1705000	       169	80000284	01668723	sb	x22,14(x13)	 x13:0x80008f76 x22:0x000117ae PA:0x80008f84
        1715000	       170	80000288	01292eb3	slt	x29,x18,x18	 x18:0x00000207 x18:0x00000207 x29=0x00000000
        1725000	       171	8000028c	0136a523	sw	x19,10(x13)	 x13:0x80008f76 x19:0x00000001 PA:0x80008f80
        1735000	       172	80000290	fe369d23	sh	x3,-6(x13)	 x13:0x80008f76  x3:0x00000000 PA:0x80008f70
        1745000	       173	80000294	840b2b93	slti	x23,x22,-1984	 x22:0x000117ae x23=0x00000000
        1755000	       174	80000298	ff86ce83	lbu	x29,-8(x13)	 x13:0x80008f76 x29=0x000000a4 PA:0x80008f6e
        1765000	       175	8000029c	00768383	lb	x7,7(x13)	 x13:0x80008f76  x7=0x00000000 PA:0x80008f7d
        1775000	       176	800002a0	01d68023	sb	x29,0(x13)	 x13:0x80008f76 x29:0x000000a4 PA:0x80008f76
        1785000	       177	800002a4	00a68c83	lb	x25,10(x13)	 x13:0x80008f76 x25=0x00000001 PA:0x80008f80
        1795000	       178	800002a8	cbd8cb13	xori	x22,x17,-835	 x17:0x00000000 x22=0xfffffcbd
        1805000	       179	800002ac	feb68e23	sb	x11,-4(x13)	 x13:0x80008f76 x11:0x00000000 PA:0x80008f72
        1815000	       180	800002b0	018682a3	sb	x24,5(x13)	 x13:0x80008f76 x24:0x80009fc4 PA:0x80008f7b
        1825000	       181	800002b4	ff26aa83	lw	x21,-14(x13)	 x13:0x80008f76 x21=0xfef68f5b PA:0x80008f68
        1835000	       182	800002b8	01769423	sh	x23,8(x13)	 x13:0x80008f76 x23:0x00000000 PA:0x80008f7e
        1845000	       183	800002bc	0026a103	lw	x2,2(x13)	 x13:0x80008f76  x2=0xc4dc000a PA:0x80008f78
        1855000	       184	800002c0	ffe6db83	lhu	x23,-2(x13)	 x13:0x80008f76 x23=0x0000db1b PA:0x80008f74
        1865000	       185	800002c4	72b37f13	andi	x30,x6,1835	  x6:0x00002527 x30=0x00000523
        1875000	       186	800002c8	01269323	sh	x18,6(x13)	 x13:0x80008f76 x18:0x00000207 PA:0x80008f7c
        1885000	       187	800002cc	ff668583	lb	x11,-10(x13)	 x13:0x80008f76 x11=0x0000004a PA:0x80008f6c
        1895000	       188	800002d0	01a68223	sb	x26,4(x13)	 x13:0x80008f76 x26:0x00000001 PA:0x80008f7a
        1905000	       189	800002d4	001684a3	sb	x1,9(x13)	 x13:0x80008f76  x1:0x00000000 PA:0x80008f7f
        1915000	       190	800002d8	0026a503	lw	x10,2(x13)	 x13:0x80008f76 x10=0xc401000a PA:0x80008f78
        1925000	       191	800002dc	01ffd7b3	srl	x15,x31,x31	 x31:0x00000001 x31:0x00000001 x15=0x00000000
        1935000	       192	800002e0	ffa6de83	lhu	x29,-6(x13)	 x13:0x80008f76 x29=0x00000000 PA:0x80008f70
        1945000	       193	800002e4	00d6cf03	lbu	x30,13(x13)	 x13:0x80008f76 x30=0x00000000 PA:0x80008f83
        1955000	       194	800002e8	417e0bb3	sub	x23,x28,x23	 x28:0x00000000 x23:0x0000db1b x23=0xffff24e5
        1965000	       195	800002ec	00000013	addi	x0,x0,0	  x0:0x00000000
        1975000	       196	800002f0	4081d4b3	sra	x9,x3,x8	  x3:0x00000000  x8:0x80009f84  x9=0x00000000
        1985000	       197	800002f4	600f8f93	addi	x31,x31,1536	 x31:0x00000001 x31=0x00000601
        1995000	       198	800002f8	e3e3c513	xori	x10,x7,-450	  x7:0x00000000 x10=0xfffffe3e
        2005000	       199	800002fc	00765cb3	srl	x25,x12,x7	 x12:0x0000013b  x7:0x00000000 x25=0x0000013b
        2015000	       200	80000300	2e90ad93	slti	x27,x1,745	  x1:0x00000000 x27=0x00000001
        2025000	       201	80000304	0132f533	and	x10,x5,x19	  x5:0x000113d4 x19:0x00000001 x10=0x00000000
        2035000	       202	80000308	2cdc6093	ori	x1,x24,717	 x24:0x80009fc4  x1=0x80009fcd
        2045000	       203	8000030c	40d186b3	sub	x13,x3,x13	  x3:0x00000000 x13:0x80008f76 x13=0x7fff708a
        2055000	       204	80000310	01a61693	slli	x13,x12,0x1a	 x12:0x0000013b x13=0xec000000
        2065000	       205	80000314	01e96033	or	x0,x18,x30	 x18:0x00000207 x30:0x00000000
        2075000	       206	80000318	011bd233	srl	x4,x23,x17	 x23:0xffff24e5 x17:0x00000000  x4=0xffff24e5
        2085000	       207	8000031c	00600133	add	x2,x0,x6	  x0:0x00000000  x6:0x00002527  x2=0x00002527
        2095000	       208	80000320	01e26133	or	x2,x4,x30	  x4:0xffff24e5 x30:0x00000000  x2=0xffff24e5
        2105000	       209	80000324	ef9b1897	auipc	x17,0xef9b1	 x17=0x6f9b1320
        2115000	       210	80000328	01258fb3	add	x31,x11,x18	 x11:0x0000004a x18:0x00000207 x31=0x00000251
        2125000	       211	8000032c	56233d93	sltiu	x27,x6,1378	  x6:0x00002527 x27=0x00000000
        2135000	       212	80000330	00000013	addi	x0,x0,0	  x0:0x00000000
        2145000	       213	80000334	00295813	srli	x16,x18,0x2	 x18:0x00000207 x16=0x00000081
        2155000	       214	80000338	020f8063	beq	x31,x0,80000358	 x31:0x00000251  x0:0x00000000
        2165000	       215	8000033c	c1be4113	xori	x2,x28,-997	 x28:0x00000000  x2=0xfffffc1b
        2175000	       216	80000340	01f27233	and	x4,x4,x31	  x4:0xffff24e5 x31:0x00000251  x4=0x00000041
        2185000	       217	80000344	889a4993	xori	x19,x20,-1911	 x20:0x0000047a x19=0xfffffcf3
        2195000	       218	80000348	00758333	add	x6,x11,x7	 x11:0x0000004a  x7:0x00000000  x6=0x0000004a
        2205000	       219	8000034c	01c5b533	sltu	x10,x11,x28	 x11:0x0000004a x28:0x00000000 x10=0x00000000
        2215000	       220	80000350	00d53833	sltu	x16,x10,x13	 x10:0x00000000 x13:0xec000000 x16=0x00000001
        2225000	       221	80000354	01dbd693	srli	x13,x23,0x1d	 x23:0xffff24e5 x13=0x00000007
        2235000	       222	80000358	076b1663	bne	x22,x22,800003c4	 x22:0xfffffcbd x22:0xfffffcbd
        2245000	       223	8000035c	49eb3097	auipc	x1,0x49eb3	  x1=0xc9eb3358
        2255000	       224	80000360	00003597	auipc	x11,0x3	 x11=0x8000335c
        2265000	       225	80000364	c1458593	addi	x11,x11,-1004	 x11:0x8000335c x11=0x80002f70
        2275000	       226	80000368	51537d13	andi	x26,x6,1301	  x6:0x0000004a x26=0x00000000
        2285000	       227	8000036c	00eb1cb3	sll	x25,x22,x14	 x22:0xfffffcbd x14:0x00000007 x25=0xfffe5e80
        2295000	       228	80000370	8987a913	slti	x18,x15,-1896	 x15:0x00000000 x18=0x00000000
        2305000	       229	80000374	d7158593	addi	x11,x11,-655	 x11:0x80002f70 x11=0x80002ce1
        2315000	       230	80000378	01a39b33	sll	x22,x7,x26	  x7:0x00000000 x26:0x00000000 x22=0x00000000
        2325000	       231	8000037c	01da5db3	srl	x27,x20,x29	 x20:0x0000047a x29:0x00000000 x27=0x0000047a
        2335000	       232	80000380	290580e7	jalr	x1,x11,656	 x11:0x80002ce1  x1=0x80000380
        2345000	       233	00000000	00000013	addi	x0,x0,0	  x0:0x00000000
        2355000	       234	80002f70	00000013	addi	x0,x0,0	  x0:0x00000000
        2365000	       235	80002f74	0054e463	bltu	x9,x5,80002f7c	  x9:0x00000000  x5:0x000113d4
        2375000	       236	00000000	00000013	addi	x0,x0,0	  x0:0x00000000
        2385000	       237	80002f78	00000013	addi	x0,x0,0	  x0:0x00000000
        2395000	       238	80002f7c	fe840413	addi	x8,x8,-24	  x8:0x80009f84  x8=0x80009f6c
        2405000	       239	80002f80	aa658493	addi	x9,x11,-1370	 x11:0x80002ce1  x9=0x80002787
        2415000	       240	80002f84	00000013	addi	x0,x0,0	  x0:0x00000000
        2425000	       241	80002f88	4007ba93	sltiu	x21,x15,1024	 x15:0x00000000 x21=0x00000001
        2435000	       242	80002f8c	00142223	sw	x1,4(x8)	  x8:0x80009f6c  x1:0x80000380 PA:0x80009f70
        2445000	       243	80002f90	01429133	sll	x2,x5,x20	  x5:0x000113d4 x20:0x0000047a  x2=0x50000000
        2455000	       244	80002f94	00025663	bge	x4,x0,80002fa0	  x4:0x00000041  x0:0x00000000
        2465000	       245	00000000	00000013	addi	x0,x0,0	  x0:0x00000000
        2475000	       246	80002f9c	00000013	addi	x0,x0,0	  x0:0x00000000
        2485000	       247	80002fa0	00000013	addi	x0,x0,0	  x0:0x00000000
        2495000	       248	80002fa4	022cdc63	bge	x25,x2,80002fdc	 x25:0xfffe5e80  x2:0x50000000
        2505000	       249	80002fa8	01311263	bne	x2,x19,80002fac	  x2:0x50000000 x19:0xfffffcf3
        2515000	       250	00000000	00000013	addi	x0,x0,0	  x0:0x00000000
        2525000	       251	80002fa8	00000013	addi	x0,x0,0	  x0:0x00000000
        2535000	       252	80002fac	04d99863	bne	x19,x13,80002ffc	 x19:0xfffffcf3 x13:0x00000007
        2545000	       253	00000000	00000013	addi	x0,x0,0	  x0:0x00000000
        2555000	       254	80002ff8	00000013	addi	x0,x0,0	  x0:0x00000000
        2565000	       255	80002ffc	019e8933	add	x18,x29,x25	 x29:0x00000000 x25:0xfffe5e80 x18=0xfffe5e80
        2575000	       256	80003000	0085cdb3	xor	x27,x11,x8	 x11:0x80002ce1  x8:0x80009f6c x27=0x0000b38d
        2585000	       257	80003004	01bc0333	add	x6,x24,x27	 x24:0x80009fc4 x27:0x0000b38d  x6=0x80015351
        2595000	       258	80003008	9c203113	sltiu	x2,x0,-1598	  x0:0x00000000  x2=0x00000001
        2605000	       259	8000300c	00ba9b93	slli	x23,x21,0xb	 x21:0x00000001 x23=0x00000800
        2615000	       260	80003010	00e17bb3	and	x23,x2,x14	  x2:0x00000001 x14:0x00000007 x23=0x00000001
        2625000	       261	80003014	00601833	sll	x16,x0,x6	  x0:0x00000000  x6:0x80015351 x16=0x00000000
        2635000	       262	80003018	010782b3	add	x5,x15,x16	 x15:0x00000000 x16:0x00000000  x5=0x00000000
        2645000	       263	8000301c	0541f063	bgeu	x3,x20,8000305c	  x3:0x00000000 x20:0x0000047a
        2655000	       264	80003020	000b1c63	bne	x22,x0,80003038	 x22:0x00000000  x0:0x00000000
        2665000	       265	80003024	3ad24793	xori	x15,x4,941	  x4:0x00000041 x15=0x000003ec
        2675000	       266	80003028	001158b3	srl	x17,x2,x1	  x2:0x00000001  x1:0x80000380 x17=0x00000001
        2685000	       267	8000302c	017686b3	add	x13,x13,x23	 x13:0x00000007 x23:0x00000001 x13=0x00000008
        2695000	       268	80003030	013b1bb3	sll	x23,x22,x19	 x22:0x00000000 x19:0xfffffcf3 x23=0x00000000
        2705000	       269	80003034	8130ce13	xori	x28,x1,-2029	  x1:0x80000380 x28=0x7ffffb93
        2715000	       270	80003038	023dc263	blt	x27,x3,8000305c	 x27:0x0000b38d  x3:0x00000000
        2725000	       271	8000303c	038f7663	bgeu	x30,x24,80003068	 x30:0x00000000 x24:0x80009fc4
        2735000	       272	80003040	008fcf33	xor	x30,x31,x8	 x31:0x00000251  x8:0x80009f6c x30=0x80009d3d
        2745000	       273	80003044	57e27793	andi	x15,x4,1406	  x4:0x00000041 x15=0x00000040
        2755000	       274	80003048	00d3cc63	blt	x7,x13,80003060	  x7:0x00000000 x13:0x00000008
        2765000	       275	00000000	00000013	addi	x0,x0,0	  x0:0x00000000
        2775000	       276	8000305c	00000013	addi	x0,x0,0	  x0:0x00000000
        2785000	       277	80003060	0d96f317	auipc	x6,0xd96f	  x6=0x8d97205c
        2795000	       278	80003064	00d026b3	slt	x13,x0,x13	  x0:0x00000000 x13:0x00000008 x13=0x00000001
        2805000	       279	80003068	41470a33	sub	x20,x14,x20	 x14:0x00000007 x20:0x0000047a x20=0xfffffb8d
        2815000	       280	8000306c	63e66693	ori	x13,x12,1598	 x12:0x0000013b x13=0x0000073f
        2825000	       281	80003070	00476333	or	x6,x14,x4	 x14:0x00000007  x4:0x00000041  x6=0x00000047
        2835000	       282	80003074	428b3f13	sltiu	x30,x22,1064	 x22:0x00000000 x30=0x00000001
        2845000	       283	80003078	41e350b3	sra	x1,x6,x30	  x6:0x00000047 x30:0x00000001  x1=0x00000023
        2855000	       284	8000307c	b0428313	addi	x6,x5,-1276	  x5:0x00000000  x6=0xfffffb04
        2865000	       285	80003080	f6b485b7	lui	x11,0xf6b48	 x11=0xf6b48000
        2875000	       286	80003084	d8a33a93	sltiu	x21,x6,-630	  x6:0xfffffb04 x21=0x00000001
        2885000	       287	80003088	e86e2613	slti	x12,x28,-378	 x28:0x7ffffb93 x12=0x00000000
        2895000	       288	8000308c	00442083	lw	x1,4(x8)	  x8:0x80009f6c  x1=0x80000380 PA:0x80009f70
        2905000	       289	80003090	000d54b3	srl	x9,x26,x0	 x26:0x00000000  x0:0x00000000  x9=0x00000000
        2915000	       290	80003094	015b78b3	and	x17,x22,x21	 x22:0x00000000 x21:0x00000001 x17=0x00000000
        2925000	       291	80003098	00611e13	slli	x28,x2,0x6	  x2:0x00000001 x28=0x00000040
        2935000	       292	8000309c	01840413	addi	x8,x8,24	  x8:0x80009f6c  x8=0x80009f84
        2945000	       293	800030a0	01895793	srli	x15,x18,0x18	 x18:0xfffe5e80 x15=0x000000ff
        2955000	       294	800030a4	0116efb3	or	x31,x13,x17	 x13:0x0000073f x17:0x00000000 x31=0x0000073f
        2965000	       295	800030a8	01cad393	srli	x7,x21,0x1c	 x21:0x00000001  x7=0x00000000
        2975000	       296	800030ac	00108613	addi	x12,x1,1	  x1:0x80000380 x12=0x80000381
        2985000	       297	800030b0	00060667	jalr	x12,x12,0	 x12:0x80000381 x12=0x800030b0
        2995000	       298	00000000	00000013	addi	x0,x0,0	  x0:0x00000000
        3005000	       299	80000380	00000013	addi	x0,x0,0	  x0:0x00000000
        3015000	       300	80000384	bd378013	addi	x0,x15,-1069	 x15:0x000000ff
        3025000	       301	80000388	21b54cb7	lui	x25,0x21b54	 x25=0x21b54000
        3035000	       302	8000038c	9abfa617	auipc	x12,0x9abfa	 x12=0x1abfa388
        3045000	       303	80000390	012971b3	and	x3,x18,x18	 x18:0xfffe5e80 x18:0xfffe5e80  x3=0xfffe5e80
        3055000	       304	80000394	2d418e13	addi	x28,x3,724	  x3:0xfffe5e80 x28=0xfffe6154
        3065000	       305	80000398	01de0c63	beq	x28,x29,800003b0	 x28:0xfffe6154 x29:0x00000000
        3075000	       306	8000039c	96a72e13	slti	x28,x14,-1686	 x14:0x00000007 x28=0x00000000
        3085000	       307	800003a0	99218bb7	lui	x23,0x99218	 x23=0x99218000
        3095000	       308	800003a4	40618533	sub	x10,x3,x6	  x3:0xfffe5e80  x6:0xfffffb04 x10=0xfffe637c
        3105000	       309	800003a8	0022be33	sltu	x28,x5,x2	  x5:0x00000000  x2:0x00000001 x28=0x00000001
        3115000	       310	800003ac	01c20933	add	x18,x4,x28	  x4:0x00000041 x28:0x00000001 x18=0x00000042
        3125000	       311	800003b0	fd0efa13	andi	x20,x29,-48	 x29:0x00000000 x20=0x00000000
        3135000	       312	800003b4	01e4d813	srli	x16,x9,0x1e	  x9:0x00000000 x16=0x00000000
        3145000	       313	800003b8	0086f3b3	and	x7,x13,x8	 x13:0x0000073f  x8:0x80009f84  x7=0x00000704
        3155000	       314	800003bc	01bc4bb3	xor	x23,x24,x27	 x24:0x80009fc4 x27:0x0000b38d x23=0x80002c49
        3165000	       315	800003c0	4081d2b3	sra	x5,x3,x8	  x3:0xfffe5e80  x8:0x80009f84  x5=0xffffe5e8
        3175000	       316	800003c4	049a1663	bne	x20,x9,80000410	 x20:0x00000000  x9:0x00000000
        3185000	       317	800003c8	79cd0113	addi	x2,x26,1948	 x26:0x00000000  x2=0x0000079c
        3195000	       318	800003cc	00c025b3	slt	x11,x0,x12	  x0:0x00000000 x12:0x1abfa388 x11=0x00000001
        3205000	       319	800003d0	0052dcb3	srl	x25,x5,x5	  x5:0xffffe5e8  x5:0xffffe5e8 x25=0x00ffffe5
        3215000	       320	800003d4	faf92013	slti	x0,x18,-81	 x18:0x00000042
        3225000	       321	800003d8	00595e33	srl	x28,x18,x5	 x18:0x00000042  x5:0xffffe5e8 x28=0x00000000
        3235000	       322	800003dc	00829193	slli	x3,x5,0x8	  x5:0xffffe5e8  x3=0xffe5e800
        3245000	       323	800003e0	00000013	addi	x0,x0,0	  x0:0x00000000
        3255000	       324	800003e4	040d0463	beq	x26,x0,8000042c	 x26:0x00000000  x0:0x00000000
        3265000	       325	00000000	00000013	addi	x0,x0,0	  x0:0x00000000
        3275000	       326	80000428	00000013	addi	x0,x0,0	  x0:0x00000000
        3285000	       327	8000042c	01d4f233	and	x4,x9,x29	  x9:0x00000000 x29:0x00000000  x4=0x00000000
        3295000	       328	80000430	41e4d233	sra	x4,x9,x30	  x9:0x00000000 x30:0x00000001  x4=0x00000000
        3305000	       329	80000434	019e0db3	add	x27,x28,x25	 x28:0x00000000 x25:0x00ffffe5 x27=0x00ffffe5
        3315000	       330	80000438	01d92ab3	slt	x21,x18,x29	 x18:0x00000042 x29:0x00000000 x21=0x00000000
        3325000	       331	8000043c	9b131297	auipc	x5,0x9b131	  x5=0x1b131438
        3335000	       332	80000440	404a0133	sub	x2,x20,x4	 x20:0x00000000  x4:0x00000000  x2=0x00000000
        3345000	       333	80000444	4037dbb3	sra	x23,x15,x3	 x15:0x000000ff  x3:0xffe5e800 x23=0x000000ff
        3355000	       334	80000448	0124e333	or	x6,x9,x18	  x9:0x00000000 x18:0x00000042  x6=0x00000042
        3365000	       335	8000044c	3c59e593	ori	x11,x19,965	 x19:0xfffffcf3 x11=0xfffffff7
        3375000	       336	80000450	01396e63	bltu	x18,x19,8000046c	 x18:0x00000042 x19:0xfffffcf3
        3385000	       337	00000000	00000013	addi	x0,x0,0	  x0:0x00000000
        3395000	       338	80000468	00000013	addi	x0,x0,0	  x0:0x00000000
        3405000	       339	8000046c	40ff5b13	srai	x22,x30,0xf	 x30:0x00000001 x22=0x00000000
        3415000	       340	80000470	0086f8b3	and	x17,x13,x8	 x13:0x0000073f  x8:0x80009f84 x17=0x00000704
        3425000	       341	80000474	4138d293	srai	x5,x17,0x13	 x17:0x00000704  x5=0x00000000
        3435000	       342	80000478	cd4e3bb7	lui	x23,0xcd4e3	 x23=0xcd4e3000
        3445000	       343	8000047c	0028da33	srl	x20,x17,x2	 x17:0x00000704  x2:0x00000000 x20=0x00000704
        3455000	       344	80000480	77e8ba13	sltiu	x20,x17,1918	 x17:0x00000704 x20=0x00000001
        3465000	       345	80000484	0241dc63	bge	x3,x4,800004bc	  x3:0xffe5e800  x4:0x00000000
        3475000	       346	80000488	0043e4b3	or	x9,x7,x4	  x7:0x00000704  x4:0x00000000  x9=0x00000704
        3485000	       347	8000048c	05576663	bltu	x14,x21,800004d8	 x14:0x00000007 x21:0x00000000
        3495000	       348	80000490	00b2f863	bgeu	x5,x11,800004a0	  x5:0x00000000 x11:0xfffffff7
        3505000	       349	80000494	00000013	addi	x0,x0,0	  x0:0x00000000
        3515000	       350	80000498	00000013	addi	x0,x0,0	  x0:0x00000000
        3525000	       351	8000049c	67003593	sltiu	x11,x0,1648	  x0:0x00000000 x11=0x00000001
        3535000	       352	800004a0	00de1393	slli	x7,x28,0xd	 x28:0x00000000  x7=0x00000000
        3545000	       353	800004a4	f22d6e13	ori	x28,x26,-222	 x26:0x00000000 x28=0xffffff22
        3555000	       354	800004a8	0349f663	bgeu	x19,x20,800004d4	 x19:0xfffffcf3 x20:0x00000001
        3565000	       355	00000000	00000013	addi	x0,x0,0	  x0:0x00000000
        3575000	       356	800004d0	00000013	addi	x0,x0,0	  x0:0x00000000
        3585000	       357	800004d4	29882b93	slti	x23,x16,664	 x16:0x00000000 x23=0x00000001
        3595000	       358	800004d8	0158dd13	srli	x26,x17,0x15	 x17:0x00000704 x26=0x00000000
        3605000	       359	800004dc	017952b3	srl	x5,x18,x23	 x18:0x00000042 x23:0x00000001  x5=0x00000021
        3615000	       360	800004e0	85a66697	auipc	x13,0x85a66	 x13=0x05a664dc
        3625000	       361	800004e4	02e61c63	bne	x12,x14,8000051c	 x12:0x1abfa388 x14:0x00000007
        3635000	       362	00000000	00000013	addi	x0,x0,0	  x0:0x00000000
        3645000	       363	80000518	00000013	addi	x0,x0,0	  x0:0x00000000
        3655000	       364	8000051c	01616663	bltu	x2,x22,80000528	  x2:0x00000000 x22:0x00000000
        3665000	       365	80000520	00c981b3	add	x3,x19,x12	 x19:0xfffffcf3 x12:0x1abfa388  x3=0x1abfa07b
        3675000	       366	80000524	00b7fb33	and	x22,x15,x11	 x15:0x000000ff x11:0x00000001 x22=0x00000001
        3685000	       367	80000528	9d69c493	xori	x9,x19,-1578	 x19:0xfffffcf3  x9=0x00000525
        3695000	       368	8000052c	a372a593	slti	x11,x5,-1481	  x5:0x00000021 x11=0x00000000
        3705000	       369	80000530	048ef663	bgeu	x29,x8,8000057c	 x29:0x00000000  x8:0x80009f84
        3715000	       370	80000534	617fc913	xori	x18,x31,1559	 x31:0x0000073f x18=0x00000128
        3725000	       371	80000538	0149db13	srli	x22,x19,0x14	 x19:0xfffffcf3 x22=0x00000fff
        3735000	       372	8000053c	0188da13	srli	x20,x17,0x18	 x17:0x00000704 x20=0x00000000
        3745000	       373	80000540	010de663	bltu	x27,x16,8000054c	 x27:0x00ffffe5 x16:0x00000000
        3755000	       374	80000544	01ef1863	bne	x30,x30,80000554	 x30:0x00000001 x30:0x00000001
        3765000	       375	80000548	fafe7b93	andi	x23,x28,-81	 x28:0xffffff22 x23=0xffffff22
        3775000	       376	8000054c	016c5993	srli	x19,x24,0x16	 x24:0x80009fc4 x19=0x00000200
        3785000	       377	80000550	02c35263	bge	x6,x12,80000574	  x6:0x00000042 x12:0x1abfa388
        3795000	       378	80000554	70ae7993	andi	x19,x28,1802	 x28:0xffffff22 x19=0x00000702
        3805000	       379	80000558	40900ab3	sub	x21,x0,x9	  x0:0x00000000  x9:0x00000525 x21=0xfffffadb
        3815000	       380	8000055c	e2d0ea13	ori	x20,x1,-467	  x1:0x80000380 x20=0xffffffad
        3825000	       381	80000560	01569513	slli	x10,x13,0x15	 x13:0x05a664dc x10=0x9b800000
        3835000	       382	80000564	00b49863	bne	x9,x11,80000574	  x9:0x00000525 x11:0x00000000
        3845000	       383	00000000	00000013	addi	x0,x0,0	  x0:0x00000000
        3855000	       384	80000570	00000013	addi	x0,x0,0	  x0:0x00000000
        3865000	       385	80000574	00c4dfb3	srl	x31,x9,x12	  x9:0x00000525 x12:0x1abfa388 x31=0x00000005
        3875000	       386	80000578	40995593	srai	x11,x18,0x9	 x18:0x00000128 x11=0x00000000
        3885000	       387	8000057c	059a5863	bge	x20,x25,800005cc	 x20:0xffffffad x25:0x00ffffe5
        3895000	       388	80000580	05504263	blt	x0,x21,800005c4	  x0:0x00000000 x21:0xfffffadb
        3905000	       389	80000584	05a61063	bne	x12,x26,800005c4	 x12:0x1abfa388 x26:0x00000000
        3915000	       390	00000000	00000013	addi	x0,x0,0	  x0:0x00000000
        3925000	       391	800005c0	00000013	addi	x0,x0,0	  x0:0x00000000
        3935000	       392	800005c4	51d2c493	xori	x9,x5,1309	  x5:0x00000021  x9=0x0000053c
        3945000	       393	800005c8	9ecd3217	auipc	x4,0x9ecd3	  x4=0x1ecd35c4
        3955000	       394	800005cc	0112f333	and	x6,x5,x17	  x5:0x00000021 x17:0x00000704  x6=0x00000000
        3965000	       395	800005d0	10b95a37	lui	x20,0x10b95	 x20=0x10b95000
        3975000	       396	800005d4	01b8c8b3	xor	x17,x17,x27	 x17:0x00000704 x27:0x00ffffe5 x17=0x00fff8e1
        3985000	       397	800005d8	002ffc63	bgeu	x31,x2,800005f0	 x31:0x00000005  x2:0x00000000
        3995000	       398	00000000	00000013	addi	x0,x0,0	  x0:0x00000000
        4005000	       399	800005ec	00000013	addi	x0,x0,0	  x0:0x00000000
        4015000	       400	800005f0	00000013	addi	x0,x0,0	  x0:0x00000000
        4025000	       401	800005f4	41165333	sra	x6,x12,x17	 x12:0x1abfa388 x17:0x00fff8e1  x6=0x0d5fd1c4
        4035000	       402	800005f8	05ce7593	andi	x11,x28,92	 x28:0xffffff22 x11=0x00000000
        4045000	       403	800005fc	007273b3	and	x7,x4,x7	  x4:0x1ecd35c4  x7:0x00000000  x7=0x00000000
        4055000	       404	80000600	a4e87793	andi	x15,x16,-1458	 x16:0x00000000 x15=0x00000000
        4065000	       405	80000604	02f76263	bltu	x14,x15,80000628	 x14:0x00000007 x15:0x00000000
        4075000	       406	80000608	00fc2f33	slt	x30,x24,x15	 x24:0x80009fc4 x15:0x00000000 x30=0x00000001
        4085000	       407	8000060c	a618c993	xori	x19,x17,-1439	 x17:0x00fff8e1 x19=0xff000280
        4095000	       408	80000610	0123ecb3	or	x25,x7,x18	  x7:0x00000000 x18:0x00000128 x25=0x00000128
        4105000	       409	80000614	00a73eb3	sltu	x29,x14,x10	 x14:0x00000007 x10:0x9b800000 x29=0x00000001
        4115000	       410	80000618	022b8c63	beq	x23,x2,80000650	 x23:0xffffff22  x2:0x00000000
        4125000	       411	8000061c	94f68b13	addi	x22,x13,-1713	 x13:0x05a664dc x22=0x05a65e2b
        4135000	       412	80000620	00bb5cb3	srl	x25,x22,x11	 x22:0x05a65e2b x11:0x00000000 x25=0x05a65e2b
        4145000	       413	80000624	028f0e63	beq	x30,x8,80000660	 x30:0x00000001  x8:0x80009f84
        4155000	       414	80000628	056c7863	bgeu	x24,x22,80000678	 x24:0x80009fc4 x22:0x05a65e2b
        4165000	       415	00000000	00000013	addi	x0,x0,0	  x0:0x00000000
        4175000	       416	80000674	00000013	addi	x0,x0,0	  x0:0x00000000
        4185000	       417	80000678	0188e133	or	x2,x17,x24	 x17:0x00fff8e1 x24:0x80009fc4  x2=0x80ffffe5
        4195000	       418	8000067c	46614393	xori	x7,x2,1126	  x2:0x80ffffe5  x7=0x80fffb83
        4205000	       419	80000680	41dcd093	srai	x1,x25,0x1d	 x25:0x05a65e2b  x1=0x00000000
        4215000	       420	80000684	01f8db13	srli	x22,x17,0x1f	 x17:0x00fff8e1 x22=0x00000000
        4225000	       421	80000688	03971263	bne	x14,x25,800006ac	 x14:0x00000007 x25:0x05a65e2b
        4235000	       422	00000000	00000013	addi	x0,x0,0	  x0:0x00000000
        4245000	       423	800006a8	00000013	addi	x0,x0,0	  x0:0x00000000
        4255000	       424	800006ac	3e317313	andi	x6,x2,995	  x2:0x80ffffe5  x6=0x000003e1
        4265000	       425	800006b0	04fee663	bltu	x29,x15,800006fc	 x29:0x00000001 x15:0x00000000
        4275000	       426	800006b4	03a76063	bltu	x14,x26,800006d4	 x14:0x00000007 x26:0x00000000
        4285000	       427	800006b8	00cbb933	sltu	x18,x23,x12	 x23:0xffffff22 x12:0x1abfa388 x18=0x00000000
        4295000	       428	800006bc	050b6263	bltu	x22,x16,80000700	 x22:0x00000000 x16:0x00000000
        4305000	       429	800006c0	0169c6b3	xor	x13,x19,x22	 x19:0xff000280 x22:0x00000000 x13=0xff000280
        4315000	       430	800006c4	0114f933	and	x18,x9,x17	  x9:0x0000053c x17:0x00fff8e1 x18=0x00000020
        4325000	       431	800006c8	05ab9263	bne	x23,x26,8000070c	 x23:0xffffff22 x26:0x00000000
        4335000	       432	00000000	00000013	addi	x0,x0,0	  x0:0x00000000
        4345000	       433	80000708	00000013	addi	x0,x0,0	  x0:0x00000000
        4355000	       434	8000070c	01ad8663	beq	x27,x26,80000718	 x27:0x00ffffe5 x26:0x00000000
        4365000	       435	80000710	00218e33	add	x28,x3,x2	  x3:0x1abfa07b  x2:0x80ffffe5 x28=0x9bbfa060
        4375000	       436	80000714	01ff0e33	add	x28,x30,x31	 x30:0x00000001 x31:0x00000005 x28=0x00000006
        4385000	       437	80000718	407c5e93	srai	x29,x24,0x7	 x24:0x80009fc4 x29=0xff00013f
        4395000	       438	8000071c	02b95c63	bge	x18,x11,80000754	 x18:0x00000020 x11:0x00000000
        4405000	       439	00000000	00000013	addi	x0,x0,0	  x0:0x00000000
        4415000	       440	80000750	00000013	addi	x0,x0,0	  x0:0x00000000
        4425000	       441	80000754	01517233	and	x4,x2,x21	  x2:0x80ffffe5 x21:0xfffffadb  x4=0x80fffac1
        4435000	       442	80000758	01960533	add	x10,x12,x25	 x12:0x1abfa388 x25:0x05a65e2b x10=0x206601b3
        4445000	       443	8000075c	05e48263	beq	x9,x30,800007a0	  x9:0x0000053c x30:0x00000001
        4455000	       444	80000760	00118ab3	add	x21,x3,x1	  x3:0x1abfa07b  x1:0x00000000 x21=0x1abfa07b
        4465000	       445	80000764	00fd1913	slli	x18,x26,0xf	 x26:0x00000000 x18=0x00000000
        4475000	       446	80000768	05109463	bne	x1,x17,800007b0	  x1:0x00000000 x17:0x00fff8e1
        4485000	       447	00000000	00000013	addi	x0,x0,0	  x0:0x00000000
        4495000	       448	800007ac	00000013	addi	x0,x0,0	  x0:0x00000000
        4505000	       449	800007b0	0075df13	srli	x30,x11,0x7	 x11:0x00000000 x30=0x00000000
        4515000	       450	800007b4	047e7263	bgeu	x28,x7,800007f8	 x28:0x00000006  x7:0x80fffb83
        4525000	       451	800007b8	0111bfb3	sltu	x31,x3,x17	  x3:0x1abfa07b x17:0x00fff8e1 x31=0x00000000
        4535000	       452	800007bc	b930a817	auipc	x16,0xb930a	 x16=0x3930a7b8
        4545000	       453	800007c0	006ad533	srl	x10,x21,x6	 x21:0x1abfa07b  x6:0x000003e1 x10=0x0d5fd03d
        4555000	       454	800007c4	0076d3b3	srl	x7,x13,x7	 x13:0xff000280  x7:0x80fffb83  x7=0x1fe00050
        4565000	       455	800007c8	4016d113	srai	x2,x13,0x1	 x13:0xff000280  x2=0xff800140
        4575000	       456	800007cc	04f54063	blt	x10,x15,8000080c	 x10:0x0d5fd03d x15:0x00000000
        4585000	       457	800007d0	40a35833	sra	x16,x6,x10	  x6:0x000003e1 x10:0x0d5fd03d x16=0x00000000
        4595000	       458	800007d4	03fbc663	blt	x23,x31,80000800	 x23:0xffffff22 x31:0x00000000
        4605000	       459	00000000	00000013	addi	x0,x0,0	  x0:0x00000000
        4615000	       460	800007fc	00000013	addi	x0,x0,0	  x0:0x00000000
        4625000	       461	80000800	f36c73b7	lui	x7,0xf36c7	  x7=0xf36c7000
        4635000	       462	80000804	02421e63	bne	x4,x4,80000840	  x4:0x80fffac1  x4:0x80fffac1
        4645000	       463	80000808	00b548b3	xor	x17,x10,x11	 x10:0x0d5fd03d x11:0x00000000 x17=0x0d5fd03d
        4655000	       464	8000080c	01379863	bne	x15,x19,8000081c	 x15:0x00000000 x19:0xff000280
        4665000	       465	00000000	00000013	addi	x0,x0,0	  x0:0x00000000
        4675000	       466	80000818	00000013	addi	x0,x0,0	  x0:0x00000000
        4685000	       467	8000081c	004473b3	and	x7,x8,x4	  x8:0x80009f84  x4:0x80fffac1  x7=0x80009a80
        4695000	       468	80000820	411adf13	srai	x30,x21,0x11	 x21:0x1abfa07b x30=0x00000d5f
        4705000	       469	80000824	41d6d913	srai	x18,x13,0x1d	 x13:0xff000280 x18=0xffffffff
        4715000	       470	80000828	0083e233	or	x4,x7,x8	  x7:0x80009a80  x8:0x80009f84  x4=0x80009f84
        4725000	       471	8000082c	00942eb3	slt	x29,x8,x9	  x8:0x80009f84  x9:0x0000053c x29=0x00000001
        4735000	       472	80000830	07787863	bgeu	x16,x23,800008a0	 x16:0x00000000 x23:0xffffff22
        4745000	       473	80000834	00130133	add	x2,x6,x1	  x6:0x000003e1  x1:0x00000000  x2=0x000003e1
        4755000	       474	80000838	5fc2b193	sltiu	x3,x5,1532	  x5:0x00000021  x3=0x00000001
        4765000	       475	8000083c	075ad663	bge	x21,x21,800008a8	 x21:0x1abfa07b x21:0x1abfa07b
        4775000	       476	00000000	00000013	addi	x0,x0,0	  x0:0x00000000
        4785000	       477	800008a4	00000013	addi	x0,x0,0	  x0:0x00000000
        4795000	       478	800008a8	41075d93	srai	x27,x14,0x10	 x14:0x00000007 x27=0x00000000
        4805000	       479	800008ac	97480293	addi	x5,x16,-1676	 x16:0x00000000  x5=0xfffff974
        4815000	       480	800008b0	016116b3	sll	x13,x2,x22	  x2:0x000003e1 x22:0x00000000 x13=0x000003e1
        4825000	       481	800008b4	00000013	addi	x0,x0,0	  x0:0x00000000
        4835000	       482	800008b8	01f0f533	and	x10,x1,x31	  x1:0x00000000 x31:0x00000000 x10=0x00000000
        4845000	       483	800008bc	02fb9263	bne	x23,x15,800008e0	 x23:0xffffff22 x15:0x00000000
        4855000	       484	00000000	00000013	addi	x0,x0,0	  x0:0x00000000
        4865000	       485	800008dc	00000013	addi	x0,x0,0	  x0:0x00000000
        4875000	       486	800008e0	c0ec5617	auipc	x12,0xc0ec5	 x12=0x40ec58dc
        4885000	       487	800008e4	a654f593	andi	x11,x9,-1435	  x9:0x0000053c x11=0x00000024
        4895000	       488	800008e8	5eb77313	andi	x6,x14,1515	 x14:0x00000007  x6=0x00000003
        4905000	       489	800008ec	0171ffb3	and	x31,x3,x23	  x3:0x00000001 x23:0xffffff22 x31=0x00000000
        4915000	       490	800008f0	46052097	auipc	x1,0x46052	  x1=0xc60528ec
        4925000	       491	800008f4	01ae0d33	add	x26,x28,x26	 x28:0x00000006 x26:0x00000000 x26=0x00000006
        4935000	       492	800008f8	00fc5c93	srli	x25,x24,0xf	 x24:0x80009fc4 x25=0x00010001
        4945000	       493	800008fc	89407e13	andi	x28,x0,-1900	  x0:0x00000000 x28=0x00000000
        4955000	       494	80000900	40b90a33	sub	x20,x18,x11	 x18:0xffffffff x11:0x00000024 x20=0xffffffdb
        4965000	       495	80000904	402e8fb3	sub	x31,x29,x2	 x29:0x00000001  x2:0x000003e1 x31=0xfffffc20
        4975000	       496	80000908	00679813	slli	x16,x15,0x6	 x15:0x00000000 x16=0x00000000
        4985000	       497	8000090c	05ac9263	bne	x25,x26,80000950	 x25:0x00010001 x26:0x00000006
        4995000	       498	00000000	00000013	addi	x0,x0,0	  x0:0x00000000
        5005000	       499	8000094c	00000013	addi	x0,x0,0	  x0:0x00000000
        5015000	       500	80000950	02b0a393	slti	x7,x1,43	  x1:0xc60528ec  x7=0x00000001
        5025000	       501	80000954	01102f33	slt	x30,x0,x17	  x0:0x00000000 x17:0x0d5fd03d x30=0x00000001
        5035000	       502	80000958	41eb5833	sra	x16,x22,x30	 x22:0x00000000 x30:0x00000001 x16=0x00000000
        5045000	       503	8000095c	5fe90613	addi	x12,x18,1534	 x18:0xffffffff x12=0x000005fd
        5055000	       504	80000960	00000013	addi	x0,x0,0	  x0:0x00000000
        5065000	       505	80000964	01e49513	slli	x10,x9,0x1e	  x9:0x0000053c x10=0x00000000
        5075000	       506	80000968	01de7e33	and	x28,x28,x29	 x28:0x00000000 x29:0x00000001 x28=0x00000000
        5085000	       507	8000096c	006721b3	slt	x3,x14,x6	 x14:0x00000007  x6:0x00000003  x3=0x00000000
        5095000	       508	80000970	41bd85b3	sub	x11,x27,x27	 x27:0x00000000 x27:0x00000000 x11=0x00000000
        5105000	       509	80000974	001c7663	bgeu	x24,x1,80000980	 x24:0x80009fc4  x1:0xc60528ec
        5115000	       510	80000978	58813b13	sltiu	x22,x2,1416	  x2:0x000003e1 x22=0x00000001
        5125000	       511	8000097c	003febb3	or	x23,x31,x3	 x31:0xfffffc20  x3:0x00000000 x23=0xfffffc20
        5135000	       512	80000980	d6b0f893	andi	x17,x1,-661	  x1:0xc60528ec x17=0xc6052868
        5145000	       513	80000984	00000013	addi	x0,x0,0	  x0:0x00000000
        5155000	       514	80000988	01a2a7b3	slt	x15,x5,x26	  x5:0xfffff974 x26:0x00000006 x15=0x00000001
        5165000	       515	8000098c	1377b813	sltiu	x16,x15,311	 x15:0x00000001 x16=0x00000001
        5175000	       516	80000990	24c7c793	xori	x15,x15,588	 x15:0x00000001 x15=0x0000024d
        5185000	       517	80000994	caf96317	auipc	x6,0xcaf96	  x6=0x4af96990
        5195000	       518	80000998	03e34263	blt	x6,x30,800009bc	  x6:0x4af96990 x30:0x00000001
        5205000	       519	8000099c	02fa8063	beq	x21,x15,800009bc	 x21:0x1abfa07b x15:0x0000024d
        5215000	       520	800009a0	00e96033	or	x0,x18,x14	 x18:0xffffffff x14:0x00000007
        5225000	       521	800009a4	c3116613	ori	x12,x2,-975	  x2:0x000003e1 x12=0xfffffff1
        5235000	       522	800009a8	0056ea63	bltu	x13,x5,800009bc	 x13:0x000003e1  x5:0xfffff974
        5245000	       523	00000000	00000013	addi	x0,x0,0	  x0:0x00000000
        5255000	       524	800009b8	00000013	addi	x0,x0,0	  x0:0x00000000
        5265000	       525	800009bc	01a92cb3	slt	x25,x18,x26	 x18:0xffffffff x26:0x00000006 x25=0x00000001
        5275000	       526	800009c0	00000717	auipc	x14,0x0	 x14=0x800009bc
        5285000	       527	800009c4	00c70713	addi	x14,x14,12	 x14:0x800009bc x14=0x800009c8
        5295000	       528	800009c8	00070067	jalr	x0,x14,0	 x14:0x800009c8
        5305000	       529	00000000	00000013	addi	x0,x0,0	  x0:0x00000000
        5315000	       530	800009c8	00000013	addi	x0,x0,0	  x0:0x00000000
        5325000	       531	800009cc	00100193	addi	x3,x0,1	  x0:0x00000000  x3=0x00000001
        5335000	       532	800009d0	00000073	ecall	
        5345000	       533	800009d4	00e4adb3	slt	x27,x9,x14	  x9:0x0000053c x14:0x800009c8 x27=0x00000000
