		Time			Cycle	PC		Insn	Decoded instruction	Register and memory contents
          65000	         5	80000004	00000293	addi	x5,x0,0	  x0:0x00000000  x5=0x00000000
          75000	         6	80000008	00000313	addi	x6,x0,0	  x0:0x00000000  x6=0x00000000
          85000	         7	8000000c	00628263	beq	x5,x6,80000010	  x5:0x00000000  x6:0x00000000
          95000	         8	00000000	00000013	addi	x0,x0,0	  x0:0x00000000
         105000	         9	8000000c	00000013	addi	x0,x0,0	  x0:0x00000000
         115000	        10	80000010	00000f97	auipc	x31,0x0	 x31=0x8000000c
         125000	        11	80000014	00cf8f93	addi	x31,x31,12	 x31:0x8000000c x31=0x80000018
         135000	        12	80000018	000f8067	jalr	x0,x31,0	 x31:0x80000018
         145000	        13	00000000	00000013	addi	x0,x0,0	  x0:0x00000000
         155000	        14	80000018	00000013	addi	x0,x0,0	  x0:0x00000000
         165000	        15	8000001c	40000b37	lui	x22,0x40000	 x22=0x40000000
         175000	        16	80000020	100b0b13	addi	x22,x22,256	 x22:0x40000000 x22=0x40000100
         185000	        17	80000024	00000013	addi	x0,x0,0	  x0:0x00000000
         195000	        18	80000028	0000a597	auipc	x11,0xa	 x11=0x8000a024
         205000	        19	8000002c	fa058593	addi	x11,x11,-96	 x11:0x8000a024 x11=0x80009fc4
         215000	        20	80000030	00007b17	auipc	x22,0x7	 x22=0x8000702c
         225000	        21	80000034	cecb0b13	addi	x22,x22,-788	 x22:0x8000702c x22=0x80006d18
         235000	        22	80000038	000b6b13	ori	x22,x22,0	 x22:0x80006d18 x22=0x80006d18
         245000	        23	8000003c	00000013	addi	x0,x0,0	  x0:0x00000000
         255000	        24	80000040	00000b17	auipc	x22,0x0	 x22=0x8000003c
         265000	        25	80000044	020b0b13	addi	x22,x22,32	 x22:0x8000003c x22=0x8000005c
         275000	        26	80000048	00000013	addi	x0,x0,0	  x0:0x00000000
         285000	        27	8000004c	00000013	addi	x0,x0,0	  x0:0x00000000
         295000	        28	80000050	00002b37	lui	x22,0x2	 x22=0x00002000
         305000	        29	80000054	800b0b13	addi	x22,x22,-2048	 x22:0x00002000 x22=0x00001800
         315000	        30	80000058	00000013	addi	x0,x0,0	  x0:0x00000000
         325000	        31	8000005c	00000013	addi	x0,x0,0	  x0:0x00000000
         335000	        32	80000060	f0083037	lui	x0,0xf0083	
         345000	        33	80000064	82d00013	addi	x0,x0,-2003	  x0:0x00000000
         355000	        34	80000068	00000093	addi	x1,x0,0	  x0:0x00000000  x1=0x00000000
         365000	        35	8000006c	80000137	lui	x2,0x80000	  x2=0x80000000
         375000	        36	80000070	f1a3e1b7	lui	x3,0xf1a3e	  x3=0xf1a3e000
         385000	        37	80000074	b1f18193	addi	x3,x3,-1249	  x3:0xf1a3e000  x3=0xf1a3db1f
         395000	        38	80000078	00100213	addi	x4,x0,1	  x0:0x00000000  x4=0x00000001
         405000	        39	8000007c	00000313	addi	x6,x0,0	  x0:0x00000000  x6=0x00000000
         415000	        40	80000080	fdd183b7	lui	x7,0xfdd18	  x7=0xfdd18000
         425000	        41	80000084	11f38393	addi	x7,x7,287	  x7:0xfdd18000  x7=0xfdd1811f
         435000	        42	80000088	00800413	addi	x8,x0,8	  x0:0x00000000  x8=0x00000008
         445000	        43	8000008c	00000493	addi	x9,x0,0	  x0:0x00000000  x9=0x00000000
         455000	        44	80000090	f0cd3537	lui	x10,0xf0cd3	 x10=0xf0cd3000
         465000	        45	80000094	f6150513	addi	x10,x10,-159	 x10:0xf0cd3000 x10=0xf0cd2f61
         475000	        46	80000098	787fe637	lui	x12,0x787fe	 x12=0x787fe000
         485000	        47	8000009c	89e60613	addi	x12,x12,-1890	 x12:0x787fe000 x12=0x787fd89e
         495000	        48	800000a0	00d00693	addi	x13,x0,13	  x0:0x00000000 x13=0x0000000d
         505000	        49	800000a4	6ed2f737	lui	x14,0x6ed2f	 x14=0x6ed2f000
         515000	        50	800000a8	f1070713	addi	x14,x14,-240	 x14:0x6ed2f000 x14=0x6ed2ef10
         525000	        51	800000ac	fd1967b7	lui	x15,0xfd196	 x15=0xfd196000
         535000	        52	800000b0	7e778793	addi	x15,x15,2023	 x15:0xfd196000 x15=0xfd1967e7
         545000	        53	800000b4	f1499837	lui	x16,0xf1499	 x16=0xf1499000
         555000	        54	800000b8	3c080813	addi	x16,x16,960	 x16:0xf1499000 x16=0xf14993c0
         565000	        55	800000bc	f0ad08b7	lui	x17,0xf0ad0	 x17=0xf0ad0000
         575000	        56	800000c0	db788893	addi	x17,x17,-585	 x17:0xf0ad0000 x17=0xf0acfdb7
         585000	        57	800000c4	f6e00937	lui	x18,0xf6e00	 x18=0xf6e00000
         595000	        58	800000c8	09f90913	addi	x18,x18,159	 x18:0xf6e00000 x18=0xf6e0009f
         605000	        59	800000cc	61ef39b7	lui	x19,0x61ef3	 x19=0x61ef3000
         615000	        60	800000d0	ef798993	addi	x19,x19,-265	 x19:0x61ef3000 x19=0x61ef2ef7
         625000	        61	800000d4	74013a37	lui	x20,0x74013	 x20=0x74013000
         635000	        62	800000d8	76aa0a13	addi	x20,x20,1898	 x20:0x74013000 x20=0x7401376a
         645000	        63	800000dc	fa596ab7	lui	x21,0xfa596	 x21=0xfa596000
         655000	        64	800000e0	2afa8a93	addi	x21,x21,687	 x21:0xfa596000 x21=0xfa5962af
         665000	        65	800000e4	00500b13	addi	x22,x0,5	  x0:0x00000000 x22=0x00000005
         675000	        66	800000e8	00c00b93	addi	x23,x0,12	  x0:0x00000000 x23=0x0000000c
         685000	        67	800000ec	00000c13	addi	x24,x0,0	  x0:0x00000000 x24=0x00000000
         695000	        68	800000f0	00000c93	addi	x25,x0,0	  x0:0x00000000 x25=0x00000000
         705000	        69	800000f4	57b40d37	lui	x26,0x57b40	 x26=0x57b40000
         715000	        70	800000f8	d76d0d13	addi	x26,x26,-650	 x26:0x57b40000 x26=0x57b3fd76
         725000	        71	800000fc	00000d93	addi	x27,x0,0	  x0:0x00000000 x27=0x00000000
         735000	        72	80000100	80000e37	lui	x28,0x80000	 x28=0x80000000
         745000	        73	80000104	80000eb7	lui	x29,0x80000	 x29=0x80000000
         755000	        74	80000108	c2bc1f37	lui	x30,0xc2bc1	 x30=0xc2bc1000
         765000	        75	8000010c	552f0f13	addi	x30,x30,1362	 x30:0xc2bc1000 x30=0xc2bc1552
         775000	        76	80000110	f4cfefb7	lui	x31,0xf4cfe	 x31=0xf4cfe000
         785000	        77	80000114	e27f8f93	addi	x31,x31,-473	 x31:0xf4cfe000 x31=0xf4cfde27
         795000	        78	80000118	0000a297	auipc	x5,0xa	  x5=0x8000a114
         805000	        79	8000011c	e7028293	addi	x5,x5,-400	  x5:0x8000a114  x5=0x80009f84
         815000	        80	80000120	00008117	auipc	x2,0x8	  x2=0x8000811c
         825000	        81	80000124	4a610113	addi	x2,x2,1190	  x2:0x8000811c  x2=0x800085c2
         835000	        82	80000128	c4310603	lb	x12,-957(x2)	  x2:0x800085c2 x12=0x00000000 PA:0x80008205
         845000	        83	8000012c	00000013	addi	x0,x0,0	  x0:0x00000000
         855000	        84	80000130	00ae0b33	add	x22,x28,x10	 x28:0x80000000 x10:0xf0cd2f61 x22=0x70cd2f61
         865000	        85	80000134	f1510d83	lb	x27,-235(x2)	  x2:0x800085c2 x27=0x00000000 PA:0x800084d7
         875000	        86	80000138	40b800b3	sub	x1,x16,x11	 x16:0xf14993c0 x11:0x80009fc4  x1=0x7148f3fc
         885000	        87	8000013c	baa12203	lw	x4,-1110(x2)	  x2:0x800085c2  x4=0x00000000 PA:0x8000816c
         895000	        88	80000140	e8110483	lb	x9,-383(x2)	  x2:0x800085c2  x9=0x00000000 PA:0x80008443
         905000	        89	80000144	c9710703	lb	x14,-873(x2)	  x2:0x800085c2 x14=0x00000000 PA:0x80008259
         915000	        90	80000148	ede11303	lh	x6,-290(x2)	  x2:0x800085c2  x6=0x00000000 PA:0x800084a0
         925000	        91	8000014c	0178f933	and	x18,x17,x23	 x17:0xf0acfdb7 x23:0x0000000c x18=0x00000004
         935000	        92	80000150	1f714083	lbu	x1,503(x2)	  x2:0x800085c2  x1=0x00000000 PA:0x800087b9
         945000	        93	80000154	6ef1f913	andi	x18,x3,1775	  x3:0xf1a3db1f x18=0x0000020f
         955000	        94	80000158	ddb7a393	slti	x7,x15,-549	 x15:0xfd1967e7  x7=0x00000001
         965000	        95	8000015c	0182ecb3	or	x25,x5,x24	  x5:0x80009f84 x24:0x00000000 x25=0x80009f84
         975000	        96	80000160	21310ba3	sb	x19,535(x2)	  x2:0x800085c2 x19:0x61ef2ef7 PA:0x800087d9
         985000	        97	80000164	c6010083	lb	x1,-928(x2)	  x2:0x800085c2  x1=0x00000000 PA:0x80008222
         995000	        98	80000168	cf584013	xori	x0,x16,-779	 x16:0xf14993c0
        1005000	        99	8000016c	01f1a0b3	slt	x1,x3,x31	  x3:0xf1a3db1f x31:0xf4cfde27  x1=0x00000001
        1015000	       100	80000170	fd0109a3	sb	x16,-45(x2)	  x2:0x800085c2 x16:0xf14993c0 PA:0x80008595
        1025000	       101	80000174	ffe11503	lh	x10,-2(x2)	  x2:0x800085c2 x10=0x00000000 PA:0x800085c0
        1035000	       102	80000178	02110d03	lb	x26,33(x2)	  x2:0x800085c2 x26=0x00000000 PA:0x800085e3
        1045000	       103	8000017c	012a1213	slli	x4,x20,0x12	 x20:0x7401376a  x4=0xdda80000
        1055000	       104	80000180	1c711d23	sh	x7,474(x2)	  x2:0x800085c2  x7:0x00000001 PA:0x8000879c
        1065000	       105	80000184	01d8b233	sltu	x4,x17,x29	 x17:0xf0acfdb7 x29:0x80000000  x4=0x00000000
        1075000	       106	80000188	1db10fa3	sb	x27,479(x2)	  x2:0x800085c2 x27:0x00000000 PA:0x800087a1
        1085000	       107	8000018c	00000013	addi	x0,x0,0	  x0:0x00000000
        1095000	       108	80000190	01b25993	srli	x19,x4,0x1b	  x4:0x00000000 x19=0x00000000
        1105000	       109	80000194	d8310a83	lb	x21,-637(x2)	  x2:0x800085c2 x21=0x00000000 PA:0x80008345
        1115000	       110	80000198	c2411083	lh	x1,-988(x2)	  x2:0x800085c2  x1=0x00000000 PA:0x800081e6
        1125000	       111	8000019c	2cbd7213	andi	x4,x26,715	 x26:0x00000000  x4=0x00000000
        1135000	       112	800001a0	01c49db3	sll	x27,x9,x28	  x9:0x00000000 x28:0x80000000 x27=0x00000000
        1145000	       113	800001a4	0169e3b3	or	x7,x19,x22	 x19:0x00000000 x22:0x70cd2f61  x7=0x70cd2f61
        1155000	       114	800001a8	41e0d3b3	sra	x7,x1,x30	  x1:0x00000000 x30:0xc2bc1552  x7=0x00000000
        1165000	       115	800001ac	20d10c83	lb	x25,525(x2)	  x2:0x800085c2 x25=0x00000000 PA:0x800087cf
        1175000	       116	800001b0	013e6db3	or	x27,x28,x19	 x28:0x80000000 x19:0x00000000 x27=0x80000000
        1185000	       117	800001b4	002dc833	xor	x16,x27,x2	 x27:0x80000000  x2:0x800085c2 x16=0x000085c2
        1195000	       118	800001b8	ff13b013	sltiu	x0,x7,-15	  x7:0x00000000
        1205000	       119	800001bc	065104a3	sb	x5,105(x2)	  x2:0x800085c2  x5:0x80009f84 PA:0x8000862b
        1215000	       120	800001c0	fd711423	sh	x23,-56(x2)	  x2:0x800085c2 x23:0x0000000c PA:0x8000858a
        1225000	       121	800001c4	b5652013	slti	x0,x10,-1194	 x10:0x00000000
        1235000	       122	800001c8	e2f11f23	sh	x15,-450(x2)	  x2:0x800085c2 x15:0xfd1967e7 PA:0x80008400
        1245000	       123	800001cc	15b57b93	andi	x23,x10,347	 x10:0x00000000 x23=0x00000000
        1255000	       124	800001d0	00399a13	slli	x20,x19,0x3	 x19:0x00000000 x20=0x00000000
        1265000	       125	800001d4	8759a737	lui	x14,0x8759a	 x14=0x8759a000
        1275000	       126	800001d8	c4311623	sh	x3,-948(x2)	  x2:0x800085c2  x3:0xf1a3db1f PA:0x8000820e
        1285000	       127	800001dc	00009d17	auipc	x26,0x9	 x26=0x800091d8
        1295000	       128	800001e0	cc4d0d13	addi	x26,x26,-828	 x26:0x800091d8 x26=0x80008e9c
        1305000	       129	800001e4	ffad0da3	sb	x26,-5(x26)	 x26:0x80008e9c x26:0x80008e9c PA:0x80008e97
        1315000	       130	800001e8	47fa9197	auipc	x3,0x47fa9	  x3=0xc7fa91e4
        1325000	       131	800001ec	41e889b3	sub	x19,x17,x30	 x17:0xf0acfdb7 x30:0xc2bc1552 x19=0x2df0e865
        1335000	       132	800001f0	aaf0fc93	andi	x25,x1,-1361	  x1:0x00000000 x25=0x00000000
        1345000	       133	800001f4	ff2d4403	lbu	x8,-14(x26)	 x26:0x80008e9c  x8=0x00000000 PA:0x80008e8e
        1355000	       134	00000000	00000013	addi	x0,x0,0	  x0:0x00000000
        1365000	       135	800001f8	008969b3	or	x19,x18,x8	 x18:0x0000020f  x8:0x00000000 x19=0x0000020f
        1375000	       136	800001fc	cd028a93	addi	x21,x5,-816	  x5:0x80009f84 x21=0x80009c54
        1385000	       137	80000200	010d5603	lhu	x12,16(x26)	 x26:0x80008e9c x12=0x00000000 PA:0x80008eac
        1395000	       138	80000204	ff0d2e23	sw	x16,-4(x26)	 x26:0x80008e9c x16:0x000085c2 PA:0x80008e98
        1405000	       139	80000208	fe4d0ea3	sb	x4,-3(x26)	 x26:0x80008e9c  x4:0x00000000 PA:0x80008e99
        1415000	       140	8000020c	00fd4383	lbu	x7,15(x26)	 x26:0x80008e9c  x7=0x00000000 PA:0x80008eab
        1425000	       141	80000210	ff1d4903	lbu	x18,-15(x26)	 x26:0x80008e9c x18=0x00000000 PA:0x80008e8d
        1435000	       142	80000214	01a75b93	srli	x23,x14,0x1a	 x14:0x8759a000 x23=0x00000021
        1445000	       143	80000218	556f0913	addi	x18,x30,1366	 x30:0xc2bc1552 x18=0xc2bc1aa8
        1455000	       144	8000021c	014d3eb3	sltu	x29,x26,x20	 x26:0x80008e9c x20:0x00000000 x29=0x00000000
        1465000	       145	80000220	00f211b3	sll	x3,x4,x15	  x4:0x00000000 x15:0xfd1967e7  x3=0x00000000
        1475000	       146	80000224	2607ff13	andi	x30,x15,608	 x15:0xfd1967e7 x30=0x00000260
        1485000	       147	80000228	00000013	addi	x0,x0,0	  x0:0x00000000
        1495000	       148	8000022c	b2454e93	xori	x29,x10,-1244	 x10:0x00000000 x29=0xfffffb24
        1505000	       149	80000230	01805a33	srl	x20,x0,x24	  x0:0x00000000 x24:0x00000000 x20=0x00000000
        1515000	       150	80000234	01eea333	slt	x6,x29,x30	 x29:0xfffffb24 x30:0x00000260  x6=0x00000001
        1525000	       151	80000238	ff9d4703	lbu	x14,-7(x26)	 x26:0x80008e9c x14=0x00000000 PA:0x80008e95
        1535000	       152	8000023c	01bd1223	sh	x27,4(x26)	 x26:0x80008e9c x27:0x80000000 PA:0x80008ea0
        1545000	       153	80000240	00000013	addi	x0,x0,0	  x0:0x00000000
        1555000	       154	80000244	22a8ee13	ori	x28,x17,554	 x17:0xf0acfdb7 x28=0xf0acffbf
        1565000	       155	80000248	91f10813	addi	x16,x2,-1761	  x2:0x800085c2 x16=0x80007ee1
        1575000	       156	8000024c	787fa837	lui	x16,0x787fa	 x16=0x787fa000
        1585000	       157	80000250	010d5e03	lhu	x28,16(x26)	 x26:0x80008e9c x28=0x00000000 PA:0x80008eac
        1595000	       158	80000254	00009117	auipc	x2,0x9	  x2=0x80009250
        1605000	       159	80000258	b7010113	addi	x2,x2,-1168	  x2:0x80009250  x2=0x80008dc0
        1615000	       160	8000025c	00e11803	lh	x16,14(x2)	  x2:0x80008dc0 x16=0x00000000 PA:0x80008dce
        1625000	       161	00000000	00000013	addi	x0,x0,0	  x0:0x00000000
        1635000	       162	80000260	0107cdb3	xor	x27,x15,x16	 x15:0xfd1967e7 x16:0x00000000 x27=0xfd1967e7
        1645000	       163	80000264	ffb10e03	lb	x28,-5(x2)	  x2:0x80008dc0 x28=0x00000000 PA:0x80008dbb
        1655000	       164	80000268	015a43b3	xor	x7,x20,x21	 x20:0x00000000 x21:0x80009c54  x7=0x80009c54
        1665000	       165	8000026c	00b10603	lb	x12,11(x2)	  x2:0x80008dc0 x12=0x00000000 PA:0x80008dcb
        1675000	       166	80000270	2997a013	slti	x0,x15,665	 x15:0xfd1967e7
        1685000	       167	80000274	ff414383	lbu	x7,-12(x2)	  x2:0x80008dc0  x7=0x00000000 PA:0x80008db4
        1695000	       168	80000278	ffd10403	lb	x8,-3(x2)	  x2:0x80008dc0  x8=0x00000000 PA:0x80008dbd
        1705000	       169	8000027c	ff811e23	sh	x24,-4(x2)	  x2:0x80008dc0 x24:0x00000000 PA:0x80008dbc
        1715000	       170	80000280	001104a3	sb	x1,9(x2)	  x2:0x80008dc0  x1:0x00000000 PA:0x80008dc9
        1725000	       171	80000284	00000013	addi	x0,x0,0	  x0:0x00000000
        1735000	       172	80000288	41bb6097	auipc	x1,0x41bb6	  x1=0xc1bb6284
        1745000	       173	8000028c	ff614903	lbu	x18,-10(x2)	  x2:0x80008dc0 x18=0x00000000 PA:0x80008db6
        1755000	       174	80000290	49e3bb13	sltiu	x22,x7,1182	  x7:0x00000000 x22=0x00000001
        1765000	       175	80000294	00010a83	lb	x21,0(x2)	  x2:0x80008dc0 x21=0x00000000 PA:0x80008dc0
        1775000	       176	80000298	01042933	slt	x18,x8,x16	  x8:0x00000000 x16:0x00000000 x18=0x00000000
        1785000	       177	8000029c	ff310b23	sb	x19,-10(x2)	  x2:0x80008dc0 x19:0x0000020f PA:0x80008db6
        1795000	       178	800002a0	4740b897	auipc	x17,0x4740b	 x17=0xc740b29c
        1805000	       179	800002a4	006f5913	srli	x18,x30,0x6	 x30:0x00000260 x18=0x00000009
        1815000	       180	800002a8	00000013	addi	x0,x0,0	  x0:0x00000000
        1825000	       181	800002ac	00000013	addi	x0,x0,0	  x0:0x00000000
        1835000	       182	800002b0	00114a03	lbu	x20,1(x2)	  x2:0x80008dc0 x20=0x00000000 PA:0x80008dc1
        1845000	       183	800002b4	ff214f03	lbu	x30,-14(x2)	  x2:0x80008dc0 x30=0x00000000 PA:0x80008db2
        1855000	       184	00000000	00000013	addi	x0,x0,0	  x0:0x00000000
        1865000	       185	800002b8	8def4813	xori	x16,x30,-1826	 x30:0x00000000 x16=0xfffff8de
        1875000	       186	800002bc	b5df2513	slti	x10,x30,-1187	 x30:0x00000000 x10=0x00000000
        1885000	       187	800002c0	b9977893	andi	x17,x14,-1127	 x14:0x00000000 x17=0x00000000
        1895000	       188	800002c4	00614503	lbu	x10,6(x2)	  x2:0x80008dc0 x10=0x00000000 PA:0x80008dc6
        1905000	       189	00000000	00000013	addi	x0,x0,0	  x0:0x00000000
        1915000	       190	800002c8	41755433	sra	x8,x10,x23	 x10:0x00000000 x23:0x00000021  x8=0x00000000
        1925000	       191	800002cc	0012d213	srli	x4,x5,0x1	  x5:0x80009f84  x4=0x40004fc2
        1935000	       192	800002d0	01ba7233	and	x4,x20,x27	 x20:0x00000000 x27:0xfd1967e7  x4=0x00000000
        1945000	       193	800002d4	ffc14a03	lbu	x20,-4(x2)	  x2:0x80008dc0 x20=0x00000000 PA:0x80008dbc
        1955000	       194	800002d8	01d104a3	sb	x29,9(x2)	  x2:0x80008dc0 x29:0xfffffb24 PA:0x80008dc9
        1965000	       195	800002dc	dadf3e13	sltiu	x28,x30,-595	 x30:0x00000000 x28=0x00000001
        1975000	       196	800002e0	00415d03	lhu	x26,4(x2)	  x2:0x80008dc0 x26=0x00000000 PA:0x80008dc4
        1985000	       197	800002e4	fe411923	sh	x4,-14(x2)	  x2:0x80008dc0  x4:0x00000000 PA:0x80008db2
        1995000	       198	800002e8	01c3ae33	slt	x28,x7,x28	  x7:0x00000000 x28:0x00000001 x28=0x00000001
        2005000	       199	800002ec	01511423	sh	x21,8(x2)	  x2:0x80008dc0 x21:0x00000000 PA:0x80008dc8
        2015000	       200	800002f0	00010383	lb	x7,0(x2)	  x2:0x80008dc0  x7=0x00000000 PA:0x80008dc0
        2025000	       201	00000000	00000013	addi	x0,x0,0	  x0:0x00000000
        2035000	       202	800002f4	007f83b3	add	x7,x31,x7	 x31:0xf4cfde27  x7:0x00000000  x7=0xf4cfde27
        2045000	       203	800002f8	b06fbb17	auipc	x22,0xb06fb	 x22=0x306fb2f4
        2055000	       204	800002fc	8ed7f513	andi	x10,x15,-1811	 x15:0xfd1967e7 x10=0xfd1960e5
        2065000	       205	80000300	0193e933	or	x18,x7,x25	  x7:0xf4cfde27 x25:0x00000000 x18=0xf4cfde27
        2075000	       206	80000304	00da2db3	slt	x27,x20,x13	 x20:0x00000000 x13:0x0000000d x27=0x00000001
        2085000	       207	80000308	ff812823	sw	x24,-16(x2)	  x2:0x80008dc0 x24:0x00000000 PA:0x80008db0
        2095000	       208	8000030c	37f54d93	xori	x27,x10,895	 x10:0xfd1960e5 x27=0xfd19639a
        2105000	       209	80000310	00c12883	lw	x17,12(x2)	  x2:0x80008dc0 x17=0x00000000 PA:0x80008dcc
        2115000	       210	80000314	40115d33	sra	x26,x2,x1	  x2:0x80008dc0  x1:0xc1bb6284 x26=0xf80008dc
        2125000	       211	80000318	ffb14603	lbu	x12,-5(x2)	  x2:0x80008dc0 x12=0x00000000 PA:0x80008dbb
        2135000	       212	8000031c	00310e03	lb	x28,3(x2)	  x2:0x80008dc0 x28=0x00000000 PA:0x80008dc3
        2145000	       213	80000320	00009117	auipc	x2,0x9	  x2=0x8000931c
        2155000	       214	80000324	97810113	addi	x2,x2,-1672	  x2:0x8000931c  x2=0x80008c94
        2165000	       215	80000328	00000013	addi	x0,x0,0	  x0:0x00000000
        2175000	       216	8000032c	00795cb3	srl	x25,x18,x7	 x18:0xf4cfde27  x7:0xf4cfde27 x25=0x01e99fbc
        2185000	       217	80000330	2d75a817	auipc	x16,0x2d75a	 x16=0xad75a32c
        2195000	       218	80000334	00d10d03	lb	x26,13(x2)	  x2:0x80008c94 x26=0x00000000 PA:0x80008ca1
        2205000	       219	80000338	00714a03	lbu	x20,7(x2)	  x2:0x80008c94 x20=0x00000000 PA:0x80008c9b
        2215000	       220	8000033c	00110623	sb	x1,12(x2)	  x2:0x80008c94  x1:0xc1bb6284 PA:0x80008ca0
        2225000	       221	80000340	00493db3	sltu	x27,x18,x4	 x18:0xf4cfde27  x4:0x00000000 x27=0x00000000
        2235000	       222	80000344	1cd20793	addi	x15,x4,461	  x4:0x00000000 x15=0x000001cd
        2245000	       223	80000348	01d418b3	sll	x17,x8,x29	  x8:0x00000000 x29:0xfffffb24 x17=0x00000000
        2255000	       224	8000034c	97f1d797	auipc	x15,0x97f1d	 x15=0x17f1d348
        2265000	       225	80000350	412cde13	srai	x28,x25,0x12	 x25:0x01e99fbc x28=0x0000007a
        2275000	       226	80000354	01bd5633	srl	x12,x26,x27	 x26:0x00000000 x27:0x00000000 x12=0x00000000
        2285000	       227	80000358	0061c4b3	xor	x9,x3,x6	  x3:0x00000000  x6:0x00000001  x9=0x00000001
        2295000	       228	8000035c	00f106a3	sb	x15,13(x2)	  x2:0x80008c94 x15:0x17f1d348 PA:0x80008ca1
        2305000	       229	80000360	40478433	sub	x8,x15,x4	 x15:0x17f1d348  x4:0x00000000  x8=0x17f1d348
        2315000	       230	80000364	e0edcc13	xori	x24,x27,-498	 x27:0x00000000 x24=0xfffffe0e
        2325000	       231	80000368	9ae8e617	auipc	x12,0x9ae8e	 x12=0x1ae8e364
        2335000	       232	8000036c	fff10ba3	sb	x31,-9(x2)	  x2:0x80008c94 x31:0xf4cfde27 PA:0x80008c8b
        2345000	       233	80000370	006bcd33	xor	x26,x23,x6	 x23:0x00000021  x6:0x00000001 x26=0x00000020
        2355000	       234	80000374	014f2f33	slt	x30,x30,x20	 x30:0x00000000 x20:0x00000000 x30=0x00000000
        2365000	       235	80000378	ff710083	lb	x1,-9(x2)	  x2:0x80008c94  x1=0x00000027 PA:0x80008c8b
        2375000	       236	8000037c	1a4e0893	addi	x17,x28,420	 x28:0x0000007a x17=0x0000021e
        2385000	       237	80000380	00ad46b3	xor	x13,x26,x10	 x26:0x00000020 x10:0xfd1960e5 x13=0xfd1960c5
        2395000	       238	80000384	41fdd713	srai	x14,x27,0x1f	 x27:0x00000000 x14=0x00000000
        2405000	       239	80000388	7ba0fd13	andi	x26,x1,1978	  x1:0x00000027 x26=0x00000022
        2415000	       240	8000038c	40fd5cb3	sra	x25,x26,x15	 x26:0x00000022 x15:0x17f1d348 x25=0x00000000
        2425000	       241	80000390	ffa10183	lb	x3,-6(x2)	  x2:0x80008c94  x3=0x00000000 PA:0x80008c8e
        2435000	       242	80000394	ff614383	lbu	x7,-10(x2)	  x2:0x80008c94  x7=0x00000000 PA:0x80008c8a
        2445000	       243	80000398	00997ab3	and	x21,x18,x9	 x18:0xf4cfde27  x9:0x00000001 x21=0x00000001
        2455000	       244	8000039c	00aa8933	add	x18,x21,x10	 x21:0x00000001 x10:0xfd1960e5 x18=0xfd1960e6
        2465000	       245	800003a0	ff510783	lb	x15,-11(x2)	  x2:0x80008c94 x15=0x00000000 PA:0x80008c89
        2475000	       246	800003a4	0151da33	srl	x20,x3,x21	  x3:0x00000000 x21:0x00000001 x20=0x00000000
        2485000	       247	800003a8	01e3d533	srl	x10,x7,x30	  x7:0x00000000 x30:0x00000000 x10=0x00000000
        2495000	       248	800003ac	00e25db3	srl	x27,x4,x14	  x4:0x00000000 x14:0x00000000 x27=0x00000000
        2505000	       249	800003b0	41845f33	sra	x30,x8,x24	  x8:0x17f1d348 x24:0xfffffe0e x30=0x00005fc7
        2515000	       250	800003b4	007103b3	add	x7,x2,x7	  x2:0x80008c94  x7:0x00000000  x7=0x80008c94
        2525000	       251	800003b8	415a5313	srai	x6,x20,0x15	 x20:0x00000000  x6=0x00000000
        2535000	       252	800003bc	ffa10983	lb	x19,-6(x2)	  x2:0x80008c94 x19=0x00000000 PA:0x80008c8e
        2545000	       253	800003c0	002101a3	sb	x2,3(x2)	  x2:0x80008c94  x2:0x80008c94 PA:0x80008c97
        2555000	       254	800003c4	01112423	sw	x17,8(x2)	  x2:0x80008c94 x17:0x0000021e PA:0x80008c9c
        2565000	       255	800003c8	3b398d93	addi	x27,x19,947	 x19:0x00000000 x27=0x000003b3
        2575000	       256	800003cc	015fea33	or	x20,x31,x21	 x31:0xf4cfde27 x21:0x00000001 x20=0xf4cfde27
        2585000	       257	800003d0	fea10aa3	sb	x10,-11(x2)	  x2:0x80008c94 x10:0x00000000 PA:0x80008c89
        2595000	       258	800003d4	ff110923	sb	x17,-14(x2)	  x2:0x80008c94 x17:0x0000021e PA:0x80008c86
        2605000	       259	800003d8	449cff37	lui	x30,0x449cf	 x30=0x449cf000
        2615000	       260	800003dc	00c11893	slli	x17,x2,0xc	  x2:0x80008c94 x17=0x08c94000
        2625000	       261	800003e0	b2bead13	slti	x26,x29,-1237	 x29:0xfffffb24 x26=0x00000001
        2635000	       262	800003e4	01731ab3	sll	x21,x6,x23	  x6:0x00000000 x23:0x00000021 x21=0x00000000
        2645000	       263	800003e8	41495e13	srai	x28,x18,0x14	 x18:0xfd1960e6 x28=0xffffffd1
        2655000	       264	800003ec	00008a17	auipc	x20,0x8	 x20=0x800083e8
        2665000	       265	800003f0	5baa0a13	addi	x20,x20,1466	 x20:0x800083e8 x20=0x800089a2
        2675000	       266	800003f4	dd477813	andi	x16,x14,-556	 x14:0x00000000 x16=0x00000000
        2685000	       267	800003f8	060a1a83	lh	x21,96(x20)	 x20:0x800089a2 x21=0x00000000 PA:0x80008a02
        2695000	       268	800003fc	0071f7b3	and	x15,x3,x7	  x3:0x00000000  x7:0x80008c94 x15=0x00000000
        2705000	       269	80000400	405354b3	sra	x9,x6,x5	  x6:0x00000000  x5:0x80009f84  x9=0x00000000
        2715000	       270	80000404	0eba0683	lb	x13,235(x20)	 x20:0x800089a2 x13=0x00000000 PA:0x80008a8d
        2725000	       271	80000408	a7dac413	xori	x8,x21,-1411	 x21:0x00000000  x8=0xfffffa7d
        2735000	       272	8000040c	01bb9133	sll	x2,x23,x27	 x23:0x00000021 x27:0x000003b3  x2=0x01080000
        2745000	       273	80000410	0f3a0383	lb	x7,243(x20)	 x20:0x800089a2  x7=0x00000000 PA:0x80008a95
        2755000	       274	80000414	00000013	addi	x0,x0,0	  x0:0x00000000
        2765000	       275	80000418	00681433	sll	x8,x16,x6	 x16:0x00000000  x6:0x00000000  x8=0x00000000
        2775000	       276	8000041c	9588f217	auipc	x4,0x9588f	  x4=0x1588f418
        2785000	       277	80000420	01ca4b03	lbu	x22,28(x20)	 x20:0x800089a2 x22=0x00000000 PA:0x800089be
        2795000	       278	80000424	f07a0023	sb	x7,-256(x20)	 x20:0x800089a2  x7:0x00000000 PA:0x800088a2
        2805000	       279	80000428	06ba0183	lb	x3,107(x20)	 x20:0x800089a2  x3=0x00000000 PA:0x80008a0d
        2815000	       280	8000042c	03fa0e83	lb	x29,63(x20)	 x20:0x800089a2 x29=0x00000000 PA:0x800089e1
        2825000	       281	80000430	00760133	add	x2,x12,x7	 x12:0x1ae8e364  x7:0x00000000  x2=0x1ae8e364
        2835000	       282	80000434	f1ca5603	lhu	x12,-228(x20)	 x20:0x800089a2 x12=0x00000000 PA:0x800088be
        2845000	       283	80000438	00702333	slt	x6,x0,x7	  x0:0x00000000  x7:0x00000000  x6=0x00000000
        2855000	       284	8000043c	f70a1b83	lh	x23,-144(x20)	 x20:0x800089a2 x23=0x00000000 PA:0x80008912
        2865000	       285	80000440	f90a2523	sw	x16,-118(x20)	 x20:0x800089a2 x16:0x00000000 PA:0x8000892c
        2875000	       286	80000444	01ae5913	srli	x18,x28,0x1a	 x28:0xffffffd1 x18=0x0000003f
        2885000	       287	80000448	fc0a4303	lbu	x6,-64(x20)	 x20:0x800089a2  x6=0x00000000 PA:0x80008962
        2895000	       288	8000044c	00148033	add	x0,x9,x1	  x9:0x00000000  x1:0x00000027
        2905000	       289	80000450	008407b3	add	x15,x8,x8	  x8:0x00000000  x8:0x00000000 x15=0x00000000
        2915000	       290	80000454	009c0133	add	x2,x24,x9	 x24:0xfffffe0e  x9:0x00000000  x2=0xfffffe0e
        2925000	       291	80000458	014c7eb3	and	x29,x24,x20	 x24:0xfffffe0e x20:0x800089a2 x29=0x80008802
        2935000	       292	8000045c	0b1a0d83	lb	x27,177(x20)	 x20:0x800089a2 x27=0x00000000 PA:0x80008a53
        2945000	       293	80000460	63a82093	slti	x1,x16,1594	 x16:0x00000000  x1=0x00000001
        2955000	       294	80000464	01f28133	add	x2,x5,x31	  x5:0x80009f84 x31:0xf4cfde27  x2=0x74d07dab
        2965000	       295	80000468	d760f993	andi	x19,x1,-650	  x1:0x00000001 x19=0x00000000
        2975000	       296	8000046c	01923933	sltu	x18,x4,x25	  x4:0x1588f418 x25:0x00000000 x18=0x00000000
        2985000	       297	80000470	f82a0423	sb	x2,-120(x20)	 x20:0x800089a2  x2:0x74d07dab PA:0x8000892a
        2995000	       298	80000474	ff6a1623	sh	x22,-20(x20)	 x20:0x800089a2 x22:0x00000000 PA:0x8000898e
        3005000	       299	80000478	005a0903	lb	x18,5(x20)	 x20:0x800089a2 x18=0x00000000 PA:0x800089a7
        3015000	       300	8000047c	00000013	addi	x0,x0,0	  x0:0x00000000
        3025000	       301	80000480	0028c463	blt	x17,x2,80000488	 x17:0x08c94000  x2:0x74d07dab
        3035000	       302	00000000	00000013	addi	x0,x0,0	  x0:0x00000000
        3045000	       303	80000484	00000013	addi	x0,x0,0	  x0:0x00000000
        3055000	       304	80000488	0246fb13	andi	x22,x13,36	 x13:0x00000000 x22=0x00000000
        3065000	       305	8000048c	3b929737	lui	x14,0x3b929	 x14=0x3b929000
        3075000	       306	80000490	4154df33	sra	x30,x9,x21	  x9:0x00000000 x21:0x00000000 x30=0x00000000
        3085000	       307	80000494	41a7ae37	lui	x28,0x41a7a	 x28=0x41a7a000
        3095000	       308	80000498	00dd1533	sll	x10,x26,x13	 x26:0x00000001 x13:0x00000000 x10=0x00000001
        3105000	       309	8000049c	6e483d93	sltiu	x27,x16,1764	 x16:0x00000000 x27=0x00000001
        3115000	       310	800004a0	0590e263	bltu	x1,x25,800004e4	  x1:0x00000001 x25:0x00000000
        3125000	       311	800004a4	0106d313	srli	x6,x13,0x10	 x13:0x00000000  x6=0x00000000
        3135000	       312	800004a8	41375133	sra	x2,x14,x19	 x14:0x3b929000 x19:0x00000000  x2=0x3b929000
        3145000	       313	800004ac	011c4313	xori	x6,x24,17	 x24:0xfffffe0e  x6=0xfffffe1f
        3155000	       314	800004b0	03598a63	beq	x19,x21,800004e4	 x19:0x00000000 x21:0x00000000
        3165000	       315	00000000	00000013	addi	x0,x0,0	  x0:0x00000000
        3175000	       316	800004e0	00000013	addi	x0,x0,0	  x0:0x00000000
        3185000	       317	800004e4	01ee17b3	sll	x15,x28,x30	 x28:0x41a7a000 x30:0x00000000 x15=0x41a7a000
        3195000	       318	800004e8	02c09863	bne	x1,x12,80000518	  x1:0x00000001 x12:0x00000000
        3205000	       319	00000000	00000013	addi	x0,x0,0	  x0:0x00000000
        3215000	       320	80000514	00000013	addi	x0,x0,0	  x0:0x00000000
        3225000	       321	80000518	a2b9ce93	xori	x29,x19,-1493	 x19:0x00000000 x29=0xfffffa2b
        3235000	       322	8000051c	00000013	addi	x0,x0,0	  x0:0x00000000
        3245000	       323	80000520	6bf7eb13	ori	x22,x15,1727	 x15:0x41a7a000 x22=0x41a7a6bf
        3255000	       324	80000524	01a47033	and	x0,x8,x26	  x8:0x00000000 x26:0x00000001
        3265000	       325	80000528	4003d493	srai	x9,x7,0x0	  x7:0x00000000  x9=0x00000000
        3275000	       326	8000052c	033d8c63	beq	x27,x19,80000564	 x27:0x00000001 x19:0x00000000
        3285000	       327	80000530	118b2913	slti	x18,x22,280	 x22:0x41a7a6bf x18=0x00000000
        3295000	       328	80000534	000271b3	and	x3,x4,x0	  x4:0x1588f418  x0:0x00000000  x3=0x00000000
        3305000	       329	80000538	799a6113	ori	x2,x20,1945	 x20:0x800089a2  x2=0x80008fbb
        3315000	       330	8000053c	34967637	lui	x12,0x34967	 x12=0x34967000
        3325000	       331	80000540	00000013	addi	x0,x0,0	  x0:0x00000000
        3335000	       332	80000544	a8a93893	sltiu	x17,x18,-1398	 x18:0x00000000 x17=0x00000001
        3345000	       333	80000548	00499533	sll	x10,x19,x4	 x19:0x00000000  x4:0x1588f418 x10=0x00000000
        3355000	       334	8000054c	492d0413	addi	x8,x26,1170	 x26:0x00000001  x8=0x00000493
        3365000	       335	80000550	408603b3	sub	x7,x12,x8	 x12:0x34967000  x8:0x00000493  x7=0x34966b6d
        3375000	       336	80000554	9a5603b7	lui	x7,0x9a560	  x7=0x9a560000
        3385000	       337	80000558	006670b3	and	x1,x12,x6	 x12:0x34967000  x6:0xfffffe1f  x1=0x34967000
        3395000	       338	8000055c	306a3117	auipc	x2,0x306a3	  x2=0xb06a3558
        3405000	       339	80000560	2ba6c313	xori	x6,x13,698	 x13:0x00000000  x6=0x000002ba
        3415000	       340	80000564	35923613	sltiu	x12,x4,857	  x4:0x1588f418 x12=0x00000000
        3425000	       341	80000568	015bf833	and	x16,x23,x21	 x23:0x00000000 x21:0x00000000 x16=0x00000000
        3435000	       342	8000056c	8e0d7193	andi	x3,x26,-1824	 x26:0x00000001  x3=0x00000000
        3445000	       343	80000570	00000013	addi	x0,x0,0	  x0:0x00000000
        3455000	       344	80000574	00795ab3	srl	x21,x18,x7	 x18:0x00000000  x7:0x9a560000 x21=0x00000000
        3465000	       345	80000578	034bc663	blt	x23,x20,800005a4	 x23:0x00000000 x20:0x800089a2
        3475000	       346	8000057c	40770333	sub	x6,x14,x7	 x14:0x3b929000  x7:0x9a560000  x6=0xa13c9000
        3485000	       347	80000580	0548c063	blt	x17,x20,800005c0	 x17:0x00000001 x20:0x800089a2
        3495000	       348	80000584	0156d413	srli	x8,x13,0x15	 x13:0x00000000  x8=0x00000000
        3505000	       349	80000588	0083d1b3	srl	x3,x7,x8	  x7:0x9a560000  x8:0x00000000  x3=0x9a560000
        3515000	       350	8000058c	0151bab3	sltu	x21,x3,x21	  x3:0x9a560000 x21:0x00000000 x21=0x00000000
        3525000	       351	80000590	4181d713	srai	x14,x3,0x18	  x3:0x9a560000 x14=0xffffff9a
        3535000	       352	80000594	008daab3	slt	x21,x27,x8	 x27:0x00000001  x8:0x00000000 x21=0x00000000
        3545000	       353	80000598	702a0a93	addi	x21,x20,1794	 x20:0x800089a2 x21=0x800090a4
        3555000	       354	8000059c	0170d663	bge	x1,x23,800005a8	  x1:0x34967000 x23:0x00000000
        3565000	       355	00000000	00000013	addi	x0,x0,0	  x0:0x00000000
        3575000	       356	800005a4	00000013	addi	x0,x0,0	  x0:0x00000000
        3585000	       357	800005a8	40badc93	srai	x25,x21,0xb	 x21:0x800090a4 x25=0xfff00012
        3595000	       358	800005ac	010fd7b3	srl	x15,x31,x16	 x31:0xf4cfde27 x16:0x00000000 x15=0xf4cfde27
        3605000	       359	800005b0	a5707993	andi	x19,x0,-1449	  x0:0x00000000 x19=0x00000000
        3615000	       360	800005b4	0147cc33	xor	x24,x15,x20	 x15:0xf4cfde27 x20:0x800089a2 x24=0x74cf5785
        3625000	       361	800005b8	0553bd93	sltiu	x27,x7,85	  x7:0x9a560000 x27=0x00000000
        3635000	       362	800005bc	013bcbb3	xor	x23,x23,x19	 x23:0x00000000 x19:0x00000000 x23=0x00000000
        3645000	       363	800005c0	00e55493	srli	x9,x10,0xe	 x10:0x00000000  x9=0x00000000
        3655000	       364	800005c4	005e5193	srli	x3,x28,0x5	 x28:0x41a7a000  x3=0x020d3d00
        3665000	       365	800005c8	adba3613	sltiu	x12,x20,-1317	 x20:0x800089a2 x12=0x00000001
        3675000	       366	800005cc	01c2dab3	srl	x21,x5,x28	  x5:0x80009f84 x28:0x41a7a000 x21=0x80009f84
        3685000	       367	800005d0	554d8513	addi	x10,x27,1364	 x27:0x00000000 x10=0x00000554
        3695000	       368	800005d4	01f3d0b3	srl	x1,x7,x31	  x7:0x9a560000 x31:0xf4cfde27  x1=0x0134ac00
        3705000	       369	800005d8	41e9d913	srai	x18,x19,0x1e	 x19:0x00000000 x18=0x00000000
        3715000	       370	800005dc	2f308f13	addi	x30,x1,755	  x1:0x0134ac00 x30=0x0134aef3
        3725000	       371	800005e0	029c0c63	beq	x24,x9,80000618	 x24:0x74cf5785  x9:0x00000000
        3735000	       372	800005e4	0484c663	blt	x9,x8,80000630	  x9:0x00000000  x8:0x00000000
        3745000	       373	800005e8	007c6db3	or	x27,x24,x7	 x24:0x74cf5785  x7:0x9a560000 x27=0xfedf5785
        3755000	       374	800005ec	00349a33	sll	x20,x9,x3	  x9:0x00000000  x3:0x020d3d00 x20=0x00000000
        3765000	       375	800005f0	958a6117	auipc	x2,0x958a6	  x2=0x158a65ec
        3775000	       376	800005f4	405488b3	sub	x17,x9,x5	  x9:0x00000000  x5:0x80009f84 x17=0x7fff607c
        3785000	       377	800005f8	0041fbb3	and	x23,x3,x4	  x3:0x020d3d00  x4:0x1588f418 x23=0x00083400
        3795000	       378	800005fc	00d65b33	srl	x22,x12,x13	 x12:0x00000001 x13:0x00000000 x22=0x00000001
        3805000	       379	80000600	00841933	sll	x18,x8,x8	  x8:0x00000000  x8:0x00000000 x18=0x00000000
        3815000	       380	80000604	00000013	addi	x0,x0,0	  x0:0x00000000
        3825000	       381	80000608	411d5193	srai	x3,x26,0x11	 x26:0x00000001  x3=0x00000000
        3835000	       382	8000060c	045c0463	beq	x24,x5,80000654	 x24:0x74cf5785  x5:0x80009f84
        3845000	       383	80000610	409807b3	sub	x15,x16,x9	 x16:0x00000000  x9:0x00000000 x15=0x00000000
        3855000	       384	80000614	05271863	bne	x14,x18,80000664	 x14:0xffffff9a x18:0x00000000
        3865000	       385	00000000	00000013	addi	x0,x0,0	  x0:0x00000000
        3875000	       386	80000660	00000013	addi	x0,x0,0	  x0:0x00000000
        3885000	       387	80000664	4030d493	srai	x9,x1,0x3	  x1:0x0134ac00  x9=0x00269580
        3895000	       388	80000668	40348a33	sub	x20,x9,x3	  x9:0x00269580  x3:0x00000000 x20=0x00269580
        3905000	       389	8000066c	013aaa33	slt	x20,x21,x19	 x21:0x80009f84 x19:0x00000000 x20=0x00000001
        3915000	       390	80000670	01198a33	add	x20,x19,x17	 x19:0x00000000 x17:0x7fff607c x20=0x7fff607c
        3925000	       391	80000674	010ea7b3	slt	x15,x29,x16	 x29:0xfffffa2b x16:0x00000000 x15=0x00000001
        3935000	       392	80000678	01a15933	srl	x18,x2,x26	  x2:0x158a65ec x26:0x00000001 x18=0x0ac532f6
        3945000	       393	8000067c	0038e833	or	x16,x17,x3	 x17:0x7fff607c  x3:0x00000000 x16=0x7fff607c
        3955000	       394	80000680	89e3ae13	slti	x28,x7,-1890	  x7:0x9a560000 x28=0x00000001
        3965000	       395	80000684	ca747693	andi	x13,x8,-857	  x8:0x00000000 x13=0x00000000
        3975000	       396	80000688	0172b333	sltu	x6,x5,x23	  x5:0x80009f84 x23:0x00083400  x6=0x00000000
        3985000	       397	8000068c	af8be893	ori	x17,x23,-1288	 x23:0x00083400 x17=0xfffffef8
        3995000	       398	80000690	0018f0b3	and	x1,x17,x1	 x17:0xfffffef8  x1:0x0134ac00  x1=0x0134ac00
        4005000	       399	80000694	003f0e63	beq	x30,x3,800006b0	 x30:0x0134aef3  x3:0x00000000
        4015000	       400	80000698	019f9933	sll	x18,x31,x25	 x31:0xf4cfde27 x25:0xfff00012 x18=0x789c0000
        4025000	       401	8000069c	05b5c463	blt	x11,x27,800006e4	 x11:0x80009fc4 x27:0xfedf5785
        4035000	       402	00000000	00000013	addi	x0,x0,0	  x0:0x00000000
        4045000	       403	800006e0	00000013	addi	x0,x0,0	  x0:0x00000000
        4055000	       404	800006e4	02156c13	ori	x24,x10,33	 x10:0x00000554 x24=0x00000575
        4065000	       405	800006e8	00c34833	xor	x16,x6,x12	  x6:0x00000000 x12:0x00000001 x16=0x00000001
        4075000	       406	800006ec	04e37663	bgeu	x6,x14,80000738	  x6:0x00000000 x14:0xffffff9a
        4085000	       407	800006f0	00ac71b3	and	x3,x24,x10	 x24:0x00000575 x10:0x00000554  x3=0x00000554
        4095000	       408	800006f4	00ffdb13	srli	x22,x31,0xf	 x31:0xf4cfde27 x22=0x0001e99f
        4105000	       409	800006f8	000c2d33	slt	x26,x24,x0	 x24:0x00000575  x0:0x00000000 x26=0x00000000
        4115000	       410	800006fc	18633f13	sltiu	x30,x6,390	  x6:0x00000000 x30=0x00000001
        4125000	       411	80000700	7cc4e913	ori	x18,x9,1996	  x9:0x00269580 x18=0x002697cc
        4135000	       412	80000704	01e4d113	srli	x2,x9,0x1e	  x9:0x00269580  x2=0x00000000
        4145000	       413	80000708	00006e97	auipc	x29,0x6	 x29=0x80006704
        4155000	       414	8000070c	cd0e8e93	addi	x29,x29,-816	 x29:0x80006704 x29=0x800063d4
        4165000	       415	80000710	0176adb3	slt	x27,x13,x23	 x13:0x00000000 x23:0x00083400 x27=0x00000001
        4175000	       416	80000714	00aabab3	sltu	x21,x21,x10	 x21:0x80009f84 x10:0x00000554 x21=0x00000000
        4185000	       417	80000718	00e89c93	slli	x25,x17,0xe	 x17:0xfffffef8 x25=0xffbe0000
        4195000	       418	8000071c	004ba1b3	slt	x3,x23,x4	 x23:0x00083400  x4:0x1588f418  x3=0x00000001
        4205000	       419	80000720	26ce8e93	addi	x29,x29,620	 x29:0x800063d4 x29=0x80006640
        4215000	       420	80000724	0039a933	slt	x18,x19,x3	 x19:0x00000000  x3:0x00000001 x18=0x00000001
        4225000	       421	80000728	00d1fab3	and	x21,x3,x13	  x3:0x00000001 x13:0x00000000 x21=0x00000000
        4235000	       422	8000072c	d95e8367	jalr	x6,x29,-619	 x29:0x80006640  x6=0x8000072c
        4245000	       423	00000000	00000013	addi	x0,x0,0	  x0:0x00000000
        4255000	       424	800063d4	00000013	addi	x0,x0,0	  x0:0x00000000
        4265000	       425	800063d8	019b5a63	bge	x22,x25,800063ec	 x22:0x0001e99f x25:0xffbe0000
        4275000	       426	00000000	00000013	addi	x0,x0,0	  x0:0x00000000
        4285000	       427	800063e8	00000013	addi	x0,x0,0	  x0:0x00000000
        4295000	       428	800063ec	fec28293	addi	x5,x5,-20	  x5:0x80009f84  x5=0x80009f70
        4305000	       429	800063f0	01749033	sll	x0,x9,x23	  x9:0x00269580 x23:0x00083400
        4315000	       430	800063f4	00b09033	sll	x0,x1,x11	  x1:0x0134ac00 x11:0x80009fc4
        4325000	       431	800063f8	0062a223	sw	x6,4(x5)	  x5:0x80009f70  x6:0x8000072c PA:0x80009f74
        4335000	       432	800063fc	ad66a693	slti	x13,x13,-1322	 x13:0x00000000 x13=0x00000000
        4345000	       433	80006400	28000e93	addi	x29,x0,640	  x0:0x00000000 x29=0x00000280
        4355000	       434	80006404	876f2513	slti	x10,x30,-1930	 x30:0x00000001 x10=0x00000000
        4365000	       435	80006408	00003117	auipc	x2,0x3	  x2=0x80009404
        4375000	       436	8000640c	85410113	addi	x2,x2,-1964	  x2:0x80009404  x2=0x80008c58
        4385000	       437	80006410	6374c813	xori	x16,x9,1591	  x9:0x00269580 x16=0x002693b7
        4395000	       438	80006414	0109ea33	or	x20,x19,x16	 x19:0x00000000 x16:0x002693b7 x20=0x002693b7
        4405000	       439	80006418	f0610523	sb	x6,-246(x2)	  x2:0x80008c58  x6:0x8000072c PA:0x80008b62
        4415000	       440	8000641c	40afd893	srai	x17,x31,0xa	 x31:0xf4cfde27 x17=0xfffd33f7
        4425000	       441	80006420	01b11333	sll	x6,x2,x27	  x2:0x80008c58 x27:0x00000001  x6=0x000118b0
        4435000	       442	80006424	f6fb7793	andi	x15,x22,-145	 x22:0x0001e99f x15=0x0001e90f
        4445000	       443	80006428	fdb10da3	sb	x27,-37(x2)	  x2:0x80008c58 x27:0x00000001 PA:0x80008c33
        4455000	       444	8000642c	f3b14603	lbu	x12,-197(x2)	  x2:0x80008c58 x12=0x00000000 PA:0x80008b93
        4465000	       445	80006430	41bc04b3	sub	x9,x24,x27	 x24:0x00000575 x27:0x00000001  x9=0x00000574
        4475000	       446	80006434	f0810ca3	sb	x8,-231(x2)	  x2:0x80008c58  x8:0x00000000 PA:0x80008b71
        4485000	       447	80006438	0153f6b3	and	x13,x7,x21	  x7:0x9a560000 x21:0x00000000 x13=0x00000000
        4495000	       448	8000643c	ff611483	lh	x9,-10(x2)	  x2:0x80008c58  x9=0x00000000 PA:0x80008c4e
        4505000	       449	80006440	00fb40b3	xor	x1,x22,x15	 x22:0x0001e99f x15:0x0001e90f  x1=0x00000090
        4515000	       450	80006444	08210ca3	sb	x2,153(x2)	  x2:0x80008c58  x2:0x80008c58 PA:0x80008cf1
        4525000	       451	80006448	f1b10b83	lb	x23,-229(x2)	  x2:0x80008c58 x23=0x00000000 PA:0x80008b73
        4535000	       452	8000644c	40f75833	sra	x16,x14,x15	 x14:0xffffff9a x15:0x0001e90f x16=0xffffffff
        4545000	       453	80006450	0b010a03	lb	x20,176(x2)	  x2:0x80008c58 x20=0x00000000 PA:0x80008d08
        4555000	       454	80006454	004c1cb3	sll	x25,x24,x4	 x24:0x00000575  x4:0x1588f418 x25=0x75000000
        4565000	       455	80006458	40a7df13	srai	x30,x15,0xa	 x15:0x0001e90f x30=0x0000007a
        4575000	       456	8000645c	01612c23	sw	x22,24(x2)	  x2:0x80008c58 x22:0x0001e99f PA:0x80008c70
        4585000	       457	80006460	fb910e23	sb	x25,-68(x2)	  x2:0x80008c58 x25:0x75000000 PA:0x80008c14
        4595000	       458	80006464	f6012c23	sw	x0,-136(x2)	  x2:0x80008c58  x0:0x00000000 PA:0x80008bd0
        4605000	       459	80006468	00002717	auipc	x14,0x2	 x14=0x80008464
        4615000	       460	8000646c	05470713	addi	x14,x14,84	 x14:0x80008464 x14=0x800084b8
        4625000	       461	80006470	3fe94c93	xori	x25,x18,1022	 x18:0x00000001 x25=0x000003ff
        4635000	       462	80006474	2a671523	sh	x6,682(x14)	 x14:0x800084b8  x6:0x000118b0 PA:0x80008762
        4645000	       463	80006478	01be20b3	slt	x1,x28,x27	 x28:0x00000001 x27:0x00000001  x1=0x00000000
        4655000	       464	8000647c	32d70183	lb	x3,813(x14)	 x14:0x800084b8  x3=0x00000000 PA:0x800087e5
        4665000	       465	80006480	d51708a3	sb	x17,-687(x14)	 x14:0x800084b8 x17:0xfffd33f7 PA:0x80008209
        4675000	       466	80006484	403e8233	sub	x4,x29,x3	 x29:0x00000280  x3:0x00000000  x4=0x00000280
        4685000	       467	80006488	df871b03	lh	x22,-520(x14)	 x14:0x800084b8 x22=0x00000000 PA:0x800082b0
        4695000	       468	8000648c	4045d913	srai	x18,x11,0x4	 x11:0x80009fc4 x18=0xf80009fc
        4705000	       469	80006490	30671d03	lh	x26,774(x14)	 x14:0x800084b8 x26=0x00000000 PA:0x800087be
        4715000	       470	80006494	40228d33	sub	x26,x5,x2	  x5:0x80009f70  x2:0x80008c58 x26=0x00001318
        4725000	       471	80006498	33b36893	ori	x17,x6,827	  x6:0x000118b0 x17=0x00011bbb
        4735000	       472	8000649c	dfa74d83	lbu	x27,-518(x14)	 x14:0x800084b8 x27=0x00000000 PA:0x800082b2
        4745000	       473	800064a0	d2a70a03	lb	x20,-726(x14)	 x14:0x800084b8 x20=0x00000000 PA:0x800081e2
        4755000	       474	800064a4	c1970f03	lb	x30,-999(x14)	 x14:0x800084b8 x30=0x00000000 PA:0x800080d1
        4765000	       475	800064a8	2d630913	addi	x18,x6,726	  x6:0x000118b0 x18=0x00011b86
        4775000	       476	800064ac	01b34133	xor	x2,x6,x27	  x6:0x000118b0 x27:0x00000000  x2=0x000118b0
        4785000	       477	800064b0	e6c96f13	ori	x30,x18,-404	 x18:0x00011b86 x30=0xffffffee
        4795000	       478	800064b4	cda74683	lbu	x13,-806(x14)	 x14:0x800084b8 x13=0x00000000 PA:0x80008192
        4805000	       479	800064b8	02c87693	andi	x13,x16,44	 x16:0xffffffff x13=0x0000002c
        4815000	       480	800064bc	fc698993	addi	x19,x19,-58	 x19:0x00000000 x19=0xffffffc6
        4825000	       481	800064c0	e9071d03	lh	x26,-368(x14)	 x14:0x800084b8 x26=0x00000000 PA:0x80008348
        4835000	       482	800064c4	564e0013	addi	x0,x28,1380	 x28:0x00000001
        4845000	       483	800064c8	01232c33	slt	x24,x6,x18	  x6:0x000118b0 x18:0x00011b86 x24=0x00000001
        4855000	       484	800064cc	ef470aa3	sb	x20,-267(x14)	 x14:0x800084b8 x20:0x00000000 PA:0x800083ad
        4865000	       485	800064d0	41098333	sub	x6,x19,x16	 x19:0xffffffc6 x16:0xffffffff  x6=0xffffffc7
        4875000	       486	800064d4	ed570103	lb	x2,-299(x14)	 x14:0x800084b8  x2=0x00000000 PA:0x8000838d
        4885000	       487	800064d8	fab6fc13	andi	x24,x13,-85	 x13:0x0000002c x24=0x00000028
        4895000	       488	800064dc	e4c71503	lh	x10,-436(x14)	 x14:0x800084b8 x10=0x00000000 PA:0x80008304
        4905000	       489	800064e0	af3e7997	auipc	x19,0xaf3e7	 x19=0x2f3ed4dc
        4915000	       490	800064e4	16816793	ori	x15,x2,360	  x2:0x00000000 x15=0x00000168
        4925000	       491	800064e8	1b6700a3	sb	x22,417(x14)	 x14:0x800084b8 x22:0x00000000 PA:0x80008659
        4935000	       492	800064ec	f6b74783	lbu	x15,-149(x14)	 x14:0x800084b8 x15=0x00000000 PA:0x80008423
        4945000	       493	00000000	00000013	addi	x0,x0,0	  x0:0x00000000
        4955000	       494	800064f0	faf70a03	lb	x20,-81(x14)	 x14:0x800084b8 x20=0x00000000 PA:0x80008467
        4965000	       495	00000000	00000013	addi	x0,x0,0	  x0:0x00000000
        4975000	       496	800064f4	e3470b23	sb	x20,-458(x14)	 x14:0x800084b8 x20:0x00000000 PA:0x800082ee
        4985000	       497	800064f8	04070483	lb	x9,64(x14)	 x14:0x800084b8  x9=0x00000000 PA:0x800084f8
        4995000	       498	800064fc	ca6707a3	sb	x6,-849(x14)	 x14:0x800084b8  x6:0xffffffc7 PA:0x80008167
        5005000	       499	80006500	33471323	sh	x20,806(x14)	 x14:0x800084b8 x20:0x00000000 PA:0x800087de
        5015000	       500	80006504	410ad493	srai	x9,x21,0x10	 x21:0x00000000  x9=0x00000000
        5025000	       501	80006508	00793b33	sltu	x22,x18,x7	 x18:0x00011b86  x7:0x9a560000 x22=0x00000001
        5035000	       502	8000650c	9034e193	ori	x3,x9,-1789	  x9:0x00000000  x3=0xfffff903
        5045000	       503	80006510	03740063	beq	x8,x23,80006530	  x8:0x00000000 x23:0x00000000
        5055000	       504	00000000	00000013	addi	x0,x0,0	  x0:0x00000000
        5065000	       505	8000652c	00000013	addi	x0,x0,0	  x0:0x00000000
        5075000	       506	80006530	02c5e663	bltu	x11,x12,8000655c	 x11:0x80009fc4 x12:0x00000000
        5085000	       507	80006534	26b2ce13	xori	x28,x5,619	  x5:0x80009f70 x28=0x80009d1b
        5095000	       508	80006538	72684613	xori	x12,x16,1830	 x16:0xffffffff x12=0xfffff8d9
        5105000	       509	8000653c	41105813	srai	x16,x0,0x11	  x0:0x00000000 x16=0x00000000
        5115000	       510	80006540	01041c33	sll	x24,x8,x16	  x8:0x00000000 x16:0x00000000 x24=0x00000000
        5125000	       511	80006544	0121de63	bge	x3,x18,80006560	  x3:0xfffff903 x18:0x00011b86
        5135000	       512	80006548	02178663	beq	x15,x1,80006574	 x15:0x00000000  x1:0x00000000
        5145000	       513	00000000	00000013	addi	x0,x0,0	  x0:0x00000000
        5155000	       514	80006570	00000013	addi	x0,x0,0	  x0:0x00000000
        5165000	       515	80006574	0500e263	bltu	x1,x16,800065b8	  x1:0x00000000 x16:0x00000000
        5175000	       516	80006578	03fb0a63	beq	x22,x31,800065ac	 x22:0x00000001 x31:0xf4cfde27
        5185000	       517	8000657c	273b8493	addi	x9,x23,627	 x23:0x00000000  x9=0x00000273
        5195000	       518	80006580	40015333	sra	x6,x2,x0	  x2:0x00000000  x0:0x00000000  x6=0x00000000
        5205000	       519	80006584	0527e463	bltu	x15,x18,800065cc	 x15:0x00000000 x18:0x00011b86
        5215000	       520	00000000	00000013	addi	x0,x0,0	  x0:0x00000000
        5225000	       521	800065c8	00000013	addi	x0,x0,0	  x0:0x00000000
        5235000	       522	800065cc	003dfb33	and	x22,x27,x3	 x27:0x00000000  x3:0xfffff903 x22=0x00000000
        5245000	       523	800065d0	0103d4b3	srl	x9,x7,x16	  x7:0x9a560000 x16:0x00000000  x9=0x9a560000
        5255000	       524	800065d4	0596c063	blt	x13,x25,80006614	 x13:0x0000002c x25:0x000003ff
        5265000	       525	00000000	00000013	addi	x0,x0,0	  x0:0x00000000
        5275000	       526	80006610	00000013	addi	x0,x0,0	  x0:0x00000000
        5285000	       527	80006614	d1743093	sltiu	x1,x8,-745	  x8:0x00000000  x1=0x00000001
        5295000	       528	80006618	012bb0b3	sltu	x1,x23,x18	 x23:0x00000000 x18:0x00011b86  x1=0x00000001
        5305000	       529	8000661c	04a18063	beq	x3,x10,8000665c	  x3:0xfffff903 x10:0x00000000
        5315000	       530	80006620	01be5933	srl	x18,x28,x27	 x28:0x80009d1b x27:0x00000000 x18=0x80009d1b
        5325000	       531	80006624	9f776813	ori	x16,x14,-1545	 x14:0x800084b8 x16=0xfffffdff
        5335000	       532	80006628	ba940e93	addi	x29,x8,-1111	  x8:0x00000000 x29=0xfffffba9
        5345000	       533	8000662c	43be1b17	auipc	x22,0x43be1	 x22=0xc3be7628
        5355000	       534	80006630	3254ea93	ori	x21,x9,805	  x9:0x9a560000 x21=0x9a560325
        5365000	       535	80006634	01c06233	or	x4,x0,x28	  x0:0x00000000 x28:0x80009d1b  x4=0x80009d1b
        5375000	       536	80006638	0337c263	blt	x15,x19,8000665c	 x15:0x00000000 x19:0x2f3ed4dc
        5385000	       537	00000000	00000013	addi	x0,x0,0	  x0:0x00000000
        5395000	       538	80006658	00000013	addi	x0,x0,0	  x0:0x00000000
        5405000	       539	8000665c	008e1033	sll	x0,x28,x8	 x28:0x80009d1b  x8:0x00000000
        5415000	       540	80006660	00d50cb3	add	x25,x10,x13	 x10:0x00000000 x13:0x0000002c x25=0x0000002c
        5425000	       541	80006664	00000013	addi	x0,x0,0	  x0:0x00000000
        5435000	       542	80006668	04a5d063	bge	x11,x10,800066a8	 x11:0x80009fc4 x10:0x00000000
        5445000	       543	8000666c	036f9663	bne	x31,x22,80006698	 x31:0xf4cfde27 x22:0xc3be7628
        5455000	       544	00000000	00000013	addi	x0,x0,0	  x0:0x00000000
        5465000	       545	80006694	00000013	addi	x0,x0,0	  x0:0x00000000
        5475000	       546	80006698	054c9463	bne	x25,x20,800066e0	 x25:0x0000002c x20:0x00000000
        5485000	       547	00000000	00000013	addi	x0,x0,0	  x0:0x00000000
        5495000	       548	800066dc	00000013	addi	x0,x0,0	  x0:0x00000000
        5505000	       549	800066e0	4127dc93	srai	x25,x15,0x12	 x15:0x00000000 x25=0x00000000
        5515000	       550	800066e4	01ca74b3	and	x9,x20,x28	 x20:0x00000000 x28:0x80009d1b  x9=0x00000000
        5525000	       551	800066e8	013b10b3	sll	x1,x22,x19	 x22:0xc3be7628 x19:0x2f3ed4dc  x1=0x80000000
        5535000	       552	800066ec	33b78117	auipc	x2,0x33b78	  x2=0xb3b7e6e8
        5545000	       553	800066f0	7e868b13	addi	x22,x13,2024	 x13:0x0000002c x22=0x00000814
        5555000	       554	800066f4	01f48b33	add	x22,x9,x31	  x9:0x00000000 x31:0xf4cfde27 x22=0xf4cfde27
        5565000	       555	800066f8	01dce8b3	or	x17,x25,x29	 x25:0x00000000 x29:0xfffffba9 x17=0xfffffba9
        5575000	       556	800066fc	115e8c63	beq	x29,x21,80006814	 x29:0xfffffba9 x21:0x9a560325
        5585000	       557	80006700	01167233	and	x4,x12,x17	 x12:0xfffff8d9 x17:0xfffffba9  x4=0xfffff889
        5595000	       558	80006704	413204b3	sub	x9,x4,x19	  x4:0xfffff889 x19:0x2f3ed4dc  x9=0xd0c123ad
        5605000	       559	80006708	41fd0133	sub	x2,x26,x31	 x26:0x00000000 x31:0xf4cfde27  x2=0x0b3021d9
        5615000	       560	8000670c	c550cb93	xori	x23,x1,-939	  x1:0x80000000 x23=0x7ffffc55
        5625000	       561	80006710	01db5f13	srli	x30,x22,0x1d	 x22:0xf4cfde27 x30=0x00000007
        5635000	       562	80006714	11d3fe63	bgeu	x7,x29,80006830	  x7:0x9a560000 x29:0xfffffba9
        5645000	       563	80006718	01d6e4b3	or	x9,x13,x29	 x13:0x0000002c x29:0xfffffba9  x9=0xfffffbad
        5655000	       564	8000671c	00488c33	add	x24,x17,x4	 x17:0xfffffba9  x4:0xfffff889 x24=0xfffff432
        5665000	       565	80006720	01fec633	xor	x12,x29,x31	 x29:0xfffffba9 x31:0xf4cfde27 x12=0x0b30258e
        5675000	       566	80006724	10d1da63	bge	x3,x13,80006838	  x3:0xfffff903 x13:0x0000002c
        5685000	       567	80006728	0013d863	bge	x7,x1,80006738	  x7:0x9a560000  x1:0x80000000
        5695000	       568	00000000	00000013	addi	x0,x0,0	  x0:0x00000000
        5705000	       569	80006734	00000013	addi	x0,x0,0	  x0:0x00000000
        5715000	       570	80006738	118aea63	bltu	x21,x24,8000684c	 x21:0x9a560325 x24:0xfffff432
        5725000	       571	00000000	00000013	addi	x0,x0,0	  x0:0x00000000
        5735000	       572	80006848	00000013	addi	x0,x0,0	  x0:0x00000000
        5745000	       573	8000684c	00bb1d93	slli	x27,x22,0xb	 x22:0xf4cfde27 x27=0x7ef13800
        5755000	       574	80006850	fcb693b7	lui	x7,0xfcb69	  x7=0xfcb69000
        5765000	       575	80006854	4054d893	srai	x17,x9,0x5	  x9:0xfffffbad x17=0xffffffdd
        5775000	       576	80006858	02db7063	bgeu	x22,x13,80006878	 x22:0xf4cfde27 x13:0x0000002c
        5785000	       577	00000000	00000013	addi	x0,x0,0	  x0:0x00000000
        5795000	       578	80006874	00000013	addi	x0,x0,0	  x0:0x00000000
        5805000	       579	80006878	004f1513	slli	x10,x30,0x4	 x30:0x00000007 x10=0x00000070
        5815000	       580	8000687c	41465d33	sra	x26,x12,x20	 x12:0x0b30258e x20:0x00000000 x26=0x0b30258e
        5825000	       581	80006880	4fa74b17	auipc	x22,0x4fa74	 x22=0xcfa7a87c
        5835000	       582	80006884	54bc3117	auipc	x2,0x54bc3	  x2=0xd4bc9880
        5845000	       583	80006888	4035dcb3	sra	x25,x11,x3	 x11:0x80009fc4  x3:0xfffff903 x25=0xf00013f8
        5855000	       584	8000688c	01f21033	sll	x0,x4,x31	  x4:0xfffff889 x31:0xf4cfde27
        5865000	       585	80006890	212e3393	sltiu	x7,x28,530	 x28:0x80009d1b  x7=0x00000000
        5875000	       586	80006894	01593033	sltu	x0,x18,x21	 x18:0x80009d1b x21:0x9a560325
        5885000	       587	80006898	73c34993	xori	x19,x6,1852	  x6:0x00000000 x19=0x0000073c
        5895000	       588	8000689c	01bd39b3	sltu	x19,x26,x27	 x26:0x0b30258e x27:0x7ef13800 x19=0x00000001
        5905000	       589	800068a0	04f59263	bne	x11,x15,800068e4	 x11:0x80009fc4 x15:0x00000000
        5915000	       590	00000000	00000013	addi	x0,x0,0	  x0:0x00000000
        5925000	       591	800068e0	00000013	addi	x0,x0,0	  x0:0x00000000
        5935000	       592	800068e4	04c28663	beq	x5,x12,80006930	  x5:0x80009f70 x12:0x0b30258e
        5945000	       593	800068e8	00a14eb3	xor	x29,x2,x10	  x2:0xd4bc9880 x10:0x00000070 x29=0xd4bc98f0
        5955000	       594	800068ec	03cf9663	bne	x31,x28,80006918	 x31:0xf4cfde27 x28:0x80009d1b
        5965000	       595	00000000	00000013	addi	x0,x0,0	  x0:0x00000000
        5975000	       596	80006914	00000013	addi	x0,x0,0	  x0:0x00000000
        5985000	       597	80006918	00443633	sltu	x12,x8,x4	  x8:0x00000000  x4:0xfffff889 x12=0x00000001
        5995000	       598	8000691c	01ce0233	add	x4,x28,x28	 x28:0x80009d1b x28:0x80009d1b  x4=0x00013a36
        6005000	       599	80006920	015a3433	sltu	x8,x20,x21	 x20:0x00000000 x21:0x9a560325  x8=0x00000001
        6015000	       600	80006924	00271f33	sll	x30,x14,x2	 x14:0x800084b8  x2:0xd4bc9880 x30=0x800084b8
        6025000	       601	80006928	038c6663	bltu	x24,x24,80006954	 x24:0xfffff432 x24:0xfffff432
        6035000	       602	8000692c	01577533	and	x10,x14,x21	 x14:0x800084b8 x21:0x9a560325 x10=0x80000020
        6045000	       603	80006930	0053ebb3	or	x23,x7,x5	  x7:0x00000000  x5:0x80009f70 x23=0x80009f70
        6055000	       604	80006934	025ffa63	bgeu	x31,x5,80006968	 x31:0xf4cfde27  x5:0x80009f70
        6065000	       605	00000000	00000013	addi	x0,x0,0	  x0:0x00000000
        6075000	       606	80006964	00000013	addi	x0,x0,0	  x0:0x00000000
        6085000	       607	80006968	5d10c413	xori	x8,x1,1489	  x1:0x80000000  x8=0x800005d1
        6095000	       608	8000696c	00a78833	add	x16,x15,x10	 x15:0x00000000 x10:0x80000020 x16=0x80000020
        6105000	       609	80006970	048f6063	bltu	x30,x8,800069b0	 x30:0x800084b8  x8:0x800005d1
        6115000	       610	80006974	c5c27193	andi	x3,x4,-932	  x4:0x00013a36  x3=0x00013814
        6125000	       611	80006978	653c0d13	addi	x26,x24,1619	 x24:0xfffff432 x26=0xfffffa85
        6135000	       612	8000697c	01c8a133	slt	x2,x17,x28	 x17:0xffffffdd x28:0x80009d1b  x2=0x00000000
        6145000	       613	80006980	0086b7b3	sltu	x15,x13,x8	 x13:0x0000002c  x8:0x800005d1 x15=0x00000001
        6155000	       614	80006984	00a5fc63	bgeu	x11,x10,8000699c	 x11:0x80009fc4 x10:0x80000020
        6165000	       615	00000000	00000013	addi	x0,x0,0	  x0:0x00000000
        6175000	       616	80006998	00000013	addi	x0,x0,0	  x0:0x00000000
        6185000	       617	8000699c	00000013	addi	x0,x0,0	  x0:0x00000000
        6195000	       618	800069a0	0163dc63	bge	x7,x22,800069b8	  x7:0x00000000 x22:0xcfa7a87c
        6205000	       619	00000000	00000013	addi	x0,x0,0	  x0:0x00000000
        6215000	       620	800069b4	00000013	addi	x0,x0,0	  x0:0x00000000
        6225000	       621	800069b8	00f6bbb3	sltu	x23,x13,x15	 x13:0x0000002c x15:0x00000001 x23=0x00000000
        6235000	       622	800069bc	00311433	sll	x8,x2,x3	  x2:0x00000000  x3:0x00013814  x8=0x00000000
        6245000	       623	800069c0	02561e63	bne	x12,x5,800069fc	 x12:0x00000001  x5:0x80009f70
        6255000	       624	00000000	00000013	addi	x0,x0,0	  x0:0x00000000
        6265000	       625	800069f8	00000013	addi	x0,x0,0	  x0:0x00000000
        6275000	       626	800069fc	030fd663	bge	x31,x16,80006a28	 x31:0xf4cfde27 x16:0x80000020
        6285000	       627	00000000	00000013	addi	x0,x0,0	  x0:0x00000000
        6295000	       628	80006a24	00000013	addi	x0,x0,0	  x0:0x00000000
        6305000	       629	80006a28	009e5e93	srli	x29,x28,0x9	 x28:0x80009d1b x29=0x0040004e
        6315000	       630	80006a2c	02909263	bne	x1,x9,80006a50	  x1:0x80000000  x9:0xfffffbad
        6325000	       631	00000000	00000013	addi	x0,x0,0	  x0:0x00000000
        6335000	       632	80006a4c	00000013	addi	x0,x0,0	  x0:0x00000000
        6345000	       633	80006a50	01031a33	sll	x20,x6,x16	  x6:0x00000000 x16:0x80000020 x20=0x00000000
        6355000	       634	80006a54	006f07b3	add	x15,x30,x6	 x30:0x800084b8  x6:0x00000000 x15=0x800084b8
        6365000	       635	80006a58	1ddabc13	sltiu	x24,x21,477	 x21:0x9a560325 x24=0x00000000
        6375000	       636	80006a5c	004eee33	or	x28,x29,x4	 x29:0x0040004e  x4:0x00013a36 x28=0x00413a7e
        6385000	       637	80006a60	7a3f0a13	addi	x20,x30,1955	 x30:0x800084b8 x20=0x80008c5b
        6395000	       638	80006a64	41dfd493	srai	x9,x31,0x1d	 x31:0xf4cfde27  x9=0xffffffff
        6405000	       639	80006a68	01487c63	bgeu	x16,x20,80006a80	 x16:0x80000020 x20:0x80008c5b
        6415000	       640	80006a6c	015c1713	slli	x14,x24,0x15	 x24:0x00000000 x14=0x00000000
        6425000	       641	80006a70	004a1893	slli	x17,x20,0x4	 x20:0x80008c5b x17=0x0008c5b0
        6435000	       642	80006a74	01c9d213	srli	x4,x19,0x1c	 x19:0x00000001  x4=0x00000000
        6445000	       643	80006a78	ad356317	auipc	x6,0xad356	  x6=0x2d35ca74
        6455000	       644	80006a7c	04291463	bne	x18,x2,80006ac4	 x18:0x80009d1b  x2:0x00000000
        6465000	       645	00000000	00000013	addi	x0,x0,0	  x0:0x00000000
        6475000	       646	80006ac0	00000013	addi	x0,x0,0	  x0:0x00000000
        6485000	       647	80006ac4	01b7b733	sltu	x14,x15,x27	 x15:0x800084b8 x27:0x7ef13800 x14=0x00000000
        6495000	       648	80006ac8	7fd42c93	slti	x25,x8,2045	  x8:0x00000000 x25=0x00000001
        6505000	       649	80006acc	02dbf463	bgeu	x23,x13,80006af4	 x23:0x00000000 x13:0x0000002c
        6515000	       650	80006ad0	65e1c693	xori	x13,x3,1630	  x3:0x00013814 x13=0x00013e4a
        6525000	       651	80006ad4	01698ab3	add	x21,x19,x22	 x19:0x00000001 x22:0xcfa7a87c x21=0xcfa7a87d
        6535000	       652	80006ad8	fd7ca337	lui	x6,0xfd7ca	  x6=0xfd7ca000
        6545000	       653	80006adc	005a1193	slli	x3,x20,0x5	 x20:0x80008c5b  x3=0x00118b60
        6555000	       654	80006ae0	01356c33	or	x24,x10,x19	 x10:0x80000020 x19:0x00000001 x24=0x80000021
        6565000	       655	80006ae4	01d89e33	sll	x28,x17,x29	 x17:0x0008c5b0 x29:0x0040004e x28=0x316c0000
        6575000	       656	80006ae8	413881b3	sub	x3,x17,x19	 x17:0x0008c5b0 x19:0x00000001  x3=0x0008c5af
        6585000	       657	80006aec	b5c3ae93	slti	x29,x7,-1188	  x7:0x00000000 x29=0x00000000
        6595000	       658	80006af0	0543c063	blt	x7,x20,80006b30	  x7:0x00000000 x20:0x80008c5b
        6605000	       659	80006af4	00200c63	beq	x0,x2,80006b0c	  x0:0x00000000  x2:0x00000000
        6615000	       660	00000000	00000013	addi	x0,x0,0	  x0:0x00000000
        6625000	       661	80006b08	00000013	addi	x0,x0,0	  x0:0x00000000
        6635000	       662	80006b0c	3d46e993	ori	x19,x13,980	 x13:0x00013e4a x19=0x00013fde
        6645000	       663	80006b10	659ae713	ori	x14,x21,1625	 x21:0xcfa7a87d x14=0xcfa7ae7d
        6655000	       664	80006b14	009dbe33	sltu	x28,x27,x9	 x27:0x7ef13800  x9:0xffffffff x28=0x00000001
        6665000	       665	80006b18	5d3ca413	slti	x8,x25,1491	 x25:0x00000001  x8=0x00000001
        6675000	       666	80006b1c	bf2bba93	sltiu	x21,x23,-1038	 x23:0x00000000 x21=0x00000001
        6685000	       667	80006b20	0174b033	sltu	x0,x9,x23	  x9:0xffffffff x23:0x00000000
        6695000	       668	80006b24	01c69863	bne	x13,x28,80006b34	 x13:0x00013e4a x28:0x00000001
        6705000	       669	00000000	00000013	addi	x0,x0,0	  x0:0x00000000
        6715000	       670	80006b30	00000013	addi	x0,x0,0	  x0:0x00000000
        6725000	       671	80006b34	00b97933	and	x18,x18,x11	 x18:0x80009d1b x11:0x80009fc4 x18=0x80009d00
        6735000	       672	80006b38	adc48e13	addi	x28,x9,-1316	  x9:0xffffffff x28=0xfffffadb
        6745000	       673	80006b3c	01779493	slli	x9,x15,0x17	 x15:0x800084b8  x9=0x5c000000
        6755000	       674	80006b40	01296e33	or	x28,x18,x18	 x18:0x80009d00 x18:0x80009d00 x28=0x80009d00
        6765000	       675	80006b44	00f31e63	bne	x6,x15,80006b60	  x6:0xfd7ca000 x15:0x800084b8
        6775000	       676	00000000	00000013	addi	x0,x0,0	  x0:0x00000000
        6785000	       677	80006b5c	00000013	addi	x0,x0,0	  x0:0x00000000
        6795000	       678	80006b60	e7e97393	andi	x7,x18,-386	 x18:0x80009d00  x7=0x80009c00
        6805000	       679	80006b64	6105ad93	slti	x27,x11,1552	 x11:0x80009fc4 x27=0x00000001
        6815000	       680	80006b68	693da413	slti	x8,x27,1683	 x27:0x00000001  x8=0x00000001
        6825000	       681	80006b6c	00c5be33	sltu	x28,x11,x12	 x11:0x80009fc4 x12:0x00000001 x28=0x00000000
        6835000	       682	80006b70	410f8433	sub	x8,x31,x16	 x31:0xf4cfde27 x16:0x80000020  x8=0x74cfde07
        6845000	       683	80006b74	4145fe93	andi	x29,x11,1044	 x11:0x80009fc4 x29=0x00000404
        6855000	       684	80006b78	03be1a63	bne	x28,x27,80006bac	 x28:0x00000000 x27:0x00000001
        6865000	       685	00000000	00000013	addi	x0,x0,0	  x0:0x00000000
        6875000	       686	80006ba8	00000013	addi	x0,x0,0	  x0:0x00000000
        6885000	       687	80006bac	4cac2b93	slti	x23,x24,1226	 x24:0x80000021 x23=0x00000001
        6895000	       688	80006bb0	0446c063	blt	x13,x4,80006bf0	 x13:0x00013e4a  x4:0x00000000
        6905000	       689	80006bb4	00407033	and	x0,x0,x4	  x0:0x00000000  x4:0x00000000
        6915000	       690	80006bb8	01e35b33	srl	x22,x6,x30	  x6:0xfd7ca000 x30:0x800084b8 x22=0x000000fd
        6925000	       691	80006bbc	007d79b3	and	x19,x26,x7	 x26:0xfffffa85  x7:0x80009c00 x19=0x80009800
        6935000	       692	80006bc0	03528663	beq	x5,x21,80006bec	  x5:0x80009f70 x21:0x00000001
        6945000	       693	80006bc4	add7f217	auipc	x4,0xadd7f	  x4=0x2dd85bc0
        6955000	       694	80006bc8	00e8fc33	and	x24,x17,x14	 x17:0x0008c5b0 x14:0xcfa7ae7d x24=0x00008430
        6965000	       695	80006bcc	01d259b3	srl	x19,x4,x29	  x4:0x2dd85bc0 x29:0x00000404 x19=0x02dd85bc
        6975000	       696	80006bd0	01340db3	add	x27,x8,x19	  x8:0x74cfde07 x19:0x02dd85bc x27=0x77ad63c3
        6985000	       697	80006bd4	02784063	blt	x16,x7,80006bf4	 x16:0x80000020  x7:0x80009c00
        6995000	       698	00000000	00000013	addi	x0,x0,0	  x0:0x00000000
        7005000	       699	80006bf0	00000013	addi	x0,x0,0	  x0:0x00000000
        7015000	       700	80006bf4	02c39663	bne	x7,x12,80006c20	  x7:0x80009c00 x12:0x00000001
        7025000	       701	00000000	00000013	addi	x0,x0,0	  x0:0x00000000
        7035000	       702	80006c1c	00000013	addi	x0,x0,0	  x0:0x00000000
        7045000	       703	80006c20	41c88eb3	sub	x29,x17,x28	 x17:0x0008c5b0 x28:0x00000000 x29=0x0008c5b0
        7055000	       704	80006c24	003503b3	add	x7,x10,x3	 x10:0x80000020  x3:0x0008c5af  x7=0x8008c5cf
        7065000	       705	80006c28	020e1e63	bne	x28,x0,80006c64	 x28:0x00000000  x0:0x00000000
        7075000	       706	80006c2c	edcc4c13	xori	x24,x24,-292	 x24:0x00008430 x24=0xffff7aec
        7085000	       707	80006c30	be211497	auipc	x9,0xbe211	  x9=0x3e217c2c
        7095000	       708	80006c34	845a3c13	sltiu	x24,x20,-1979	 x20:0x80008c5b x24=0x00000001
        7105000	       709	80006c38	00645f13	srli	x30,x8,0x6	  x8:0x74cfde07 x30=0x01d33f78
        7115000	       710	80006c3c	9ae3ea13	ori	x20,x7,-1618	  x7:0x8008c5cf x20=0xfffffdef
        7125000	       711	80006c40	3f342117	auipc	x2,0x3f342	  x2=0xbf348c3c
        7135000	       712	80006c44	00a63f33	sltu	x30,x12,x10	 x12:0x00000001 x10:0x80000020 x30=0x00000001
        7145000	       713	80006c48	019011b3	sll	x3,x0,x25	  x0:0x00000000 x25:0x00000001  x3=0x00000000
        7155000	       714	80006c4c	01a63a33	sltu	x20,x12,x26	 x12:0x00000001 x26:0xfffffa85 x20=0x00000001
        7165000	       715	80006c50	03397663	bgeu	x18,x19,80006c7c	 x18:0x80009d00 x19:0x02dd85bc
        7175000	       716	00000000	00000013	addi	x0,x0,0	  x0:0x00000000
        7185000	       717	80006c78	00000013	addi	x0,x0,0	  x0:0x00000000
        7195000	       718	80006c7c	01e15c63	bge	x2,x30,80006c94	  x2:0xbf348c3c x30:0x00000001
        7205000	       719	80006c80	00b8f233	and	x4,x17,x11	 x17:0x0008c5b0 x11:0x80009fc4  x4=0x00008580
        7215000	       720	80006c84	113eec13	ori	x24,x29,275	 x29:0x0008c5b0 x24=0x0008c5b3
        7225000	       721	80006c88	013ab233	sltu	x4,x21,x19	 x21:0x00000001 x19:0x02dd85bc  x4=0x00000001
        7235000	       722	80006c8c	555c8b13	addi	x22,x25,1365	 x25:0x00000001 x22=0x00000556
        7245000	       723	80006c90	01718133	add	x2,x3,x23	  x3:0x00000000 x23:0x00000001  x2=0x00000001
        7255000	       724	80006c94	00f59d13	slli	x26,x11,0xf	 x11:0x80009fc4 x26=0x4fe20000
        7265000	       725	80006c98	01349bb3	sll	x23,x9,x19	  x9:0x3e217c2c x19:0x02dd85bc x23=0xc0000000
        7275000	       726	80006c9c	0c50eeb7	lui	x29,0xc50e	 x29=0x0c50e000
        7285000	       727	80006ca0	01aeb533	sltu	x10,x29,x26	 x29:0x0c50e000 x26:0x4fe20000 x10=0x00000001
        7295000	       728	80006ca4	419d0233	sub	x4,x26,x25	 x26:0x4fe20000 x25:0x00000001  x4=0x4fe1ffff
        7305000	       729	80006ca8	00000013	addi	x0,x0,0	  x0:0x00000000
        7315000	       730	80006cac	b0610e93	addi	x29,x2,-1274	  x2:0x00000001 x29=0xfffffb07
        7325000	       731	80006cb0	033a1863	bne	x20,x19,80006ce0	 x20:0x00000001 x19:0x02dd85bc
        7335000	       732	00000000	00000013	addi	x0,x0,0	  x0:0x00000000
        7345000	       733	80006cdc	00000013	addi	x0,x0,0	  x0:0x00000000
        7355000	       734	80006ce0	01c0adb3	slt	x27,x1,x28	  x1:0x80000000 x28:0x00000000 x27=0x00000001
        7365000	       735	80006ce4	ad7f3c13	sltiu	x24,x30,-1321	 x30:0x00000001 x24=0x00000001
        7375000	       736	80006ce8	0094dc93	srli	x25,x9,0x9	  x9:0x3e217c2c x25=0x001f10be
        7385000	       737	80006cec	48218c37	lui	x24,0x48218	 x24=0x48218000
        7395000	       738	80006cf0	0042a303	lw	x6,4(x5)	  x5:0x80009f70  x6=0x8000072c PA:0x80009f74
        7405000	       739	80006cf4	410c04b3	sub	x9,x24,x16	 x24:0x48218000 x16:0x80000020  x9=0xc8217fe0
        7415000	       740	80006cf8	00e1e833	or	x16,x3,x14	  x3:0x00000000 x14:0xcfa7ae7d x16=0xcfa7ae7d
        7425000	       741	80006cfc	01428293	addi	x5,x5,20	  x5:0x80009f70  x5=0x80009f84
        7435000	       742	80006d00	014a7f33	and	x30,x20,x20	 x20:0x00000001 x20:0x00000001 x30=0x00000001
        7445000	       743	80006d04	00030913	addi	x18,x6,0	  x6:0x8000072c x18=0x8000072c
        7455000	       744	80006d08	00090967	jalr	x18,x18,0	 x18:0x8000072c x18=0x80006d08
        7465000	       745	00000000	00000013	addi	x0,x0,0	  x0:0x00000000
        7475000	       746	8000072c	00000013	addi	x0,x0,0	  x0:0x00000000
        7485000	       747	80000730	00301db3	sll	x27,x0,x3	  x0:0x00000000  x3:0x00000000 x27=0x00000000
        7495000	       748	80000734	05240063	beq	x8,x18,80000774	  x8:0x74cfde07 x18:0x80006d08
        7505000	       749	80000738	40dcd693	srai	x13,x25,0xd	 x25:0x001f10be x13=0x000000f8
        7515000	       750	8000073c	d0eb3a13	sltiu	x20,x22,-754	 x22:0x00000556 x20=0x00000001
        7525000	       751	80000740	415f5c13	srai	x24,x30,0x15	 x30:0x00000001 x24=0x00000000
        7535000	       752	80000744	41510433	sub	x8,x2,x21	  x2:0x00000001 x21:0x00000001  x8=0x00000000
        7545000	       753	80000748	00631193	slli	x3,x6,0x6	  x6:0x8000072c  x3=0x0001cb00
        7555000	       754	8000074c	01cf0633	add	x12,x30,x28	 x30:0x00000001 x28:0x00000000 x12=0x00000001
        7565000	       755	80000750	c7145d37	lui	x26,0xc7145	 x26=0xc7145000
        7575000	       756	80000754	41fd5233	sra	x4,x26,x31	 x26:0xc7145000 x31:0xf4cfde27  x4=0xff8e28a0
        7585000	       757	80000758	00080e63	beq	x16,x0,80000774	 x16:0xcfa7ae7d  x0:0x00000000
        7595000	       758	8000075c	367c3a13	sltiu	x20,x24,871	 x24:0x00000000 x20=0x00000001
        7605000	       759	80000760	016e8233	add	x4,x29,x22	 x29:0xfffffb07 x22:0x00000556  x4=0x0000005d
        7615000	       760	80000764	0494c263	blt	x9,x9,800007a8	  x9:0xc8217fe0  x9:0xc8217fe0
        7625000	       761	80000768	00000013	addi	x0,x0,0	  x0:0x00000000
        7635000	       762	8000076c	00000013	addi	x0,x0,0	  x0:0x00000000
        7645000	       763	80000770	4038d113	srai	x2,x17,0x3	 x17:0x0008c5b0  x2=0x000118b6
        7655000	       764	80000774	02b3ea63	bltu	x7,x11,800007a8	  x7:0x8008c5cf x11:0x80009fc4
        7665000	       765	80000778	00e8f733	and	x14,x17,x14	 x17:0x0008c5b0 x14:0xcfa7ae7d x14=0x00008430
        7675000	       766	8000077c	fabba613	slti	x12,x23,-85	 x23:0xc0000000 x12=0x00000001
        7685000	       767	80000780	01755793	srli	x15,x10,0x17	 x10:0x00000001 x15=0x00000000
        7695000	       768	80000784	fea3f393	andi	x7,x7,-22	  x7:0x8008c5cf  x7=0x8008c5ca
        7705000	       769	80000788	3e9b9cb7	lui	x25,0x3e9b9	 x25=0x3e9b9000
        7715000	       770	8000078c	00e3bb33	sltu	x22,x7,x14	  x7:0x8008c5ca x14:0x00008430 x22=0x00000000
        7725000	       771	80000790	009c1d93	slli	x27,x24,0x9	 x24:0x00000000 x27=0x00000000
        7735000	       772	80000794	00dfa733	slt	x14,x31,x13	 x31:0xf4cfde27 x13:0x000000f8 x14=0x00000001
        7745000	       773	80000798	013a6f33	or	x30,x20,x19	 x20:0x00000001 x19:0x02dd85bc x30=0x02dd85bd
        7755000	       774	8000079c	04f3e263	bltu	x7,x15,800007e0	  x7:0x8008c5ca x15:0x00000000
        7765000	       775	800007a0	00081eb3	sll	x29,x16,x0	 x16:0xcfa7ae7d  x0:0x00000000 x29=0xcfa7ae7d
        7775000	       776	800007a4	0037a033	slt	x0,x15,x3	 x15:0x00000000  x3:0x0001cb00
        7785000	       777	800007a8	2553e693	ori	x13,x7,597	  x7:0x8008c5ca x13=0x8008c7df
        7795000	       778	800007ac	0028f463	bgeu	x17,x2,800007b4	 x17:0x0008c5b0  x2:0x000118b6
        7805000	       779	00000000	00000013	addi	x0,x0,0	  x0:0x00000000
        7815000	       780	800007b0	00000013	addi	x0,x0,0	  x0:0x00000000
        7825000	       781	800007b4	40058db3	sub	x27,x11,x0	 x11:0x80009fc4  x0:0x00000000 x27=0x80009fc4
        7835000	       782	800007b8	04814263	blt	x2,x8,800007fc	  x2:0x000118b6  x8:0x00000000
        7845000	       783	800007bc	00000013	addi	x0,x0,0	  x0:0x00000000
        7855000	       784	800007c0	00c99313	slli	x6,x19,0xc	 x19:0x02dd85bc  x6=0xd85bc000
        7865000	       785	800007c4	0517f063	bgeu	x15,x17,80000804	 x15:0x00000000 x17:0x0008c5b0
        7875000	       786	800007c8	00f2d0b3	srl	x1,x5,x15	  x5:0x80009f84 x15:0x00000000  x1=0x80009f84
        7885000	       787	800007cc	11166993	ori	x19,x12,273	 x12:0x00000001 x19=0x00000111
        7895000	       788	800007d0	016eb633	sltu	x12,x29,x22	 x29:0xcfa7ae7d x22:0x00000000 x12=0x00000000
        7905000	       789	800007d4	a3156613	ori	x12,x10,-1487	 x10:0x00000001 x12=0xfffffa31
        7915000	       790	800007d8	0d1f6793	ori	x15,x30,209	 x30:0x02dd85bd x15=0x02dd85fd
        7925000	       791	800007dc	04ca0663	beq	x20,x12,80000828	 x20:0x00000001 x12:0xfffffa31
        7935000	       792	800007e0	40fd5893	srai	x17,x26,0xf	 x26:0xc7145000 x17=0xffff8e28
        7945000	       793	800007e4	00b94017	auipc	x0,0xb94	
        7955000	       794	800007e8	41d15a13	srai	x20,x2,0x1d	  x2:0x000118b6 x20=0x00000000
        7965000	       795	800007ec	40f20eb3	sub	x29,x4,x15	  x4:0x0000005d x15:0x02dd85fd x29=0xfd227a60
        7975000	       796	800007f0	a899c913	xori	x18,x19,-1399	 x19:0x00000111 x18=0xfffffb98
        7985000	       797	800007f4	2a097d17	auipc	x26,0x2a097	 x26=0xaa0977f0
        7995000	       798	800007f8	41a80db3	sub	x27,x16,x26	 x16:0xcfa7ae7d x26:0xaa0977f0 x27=0x259e368d
        8005000	       799	800007fc	01df96b3	sll	x13,x31,x29	 x31:0xf4cfde27 x29:0xfd227a60 x13=0xf4cfde27
        8015000	       800	80000800	01eff663	bgeu	x31,x30,8000080c	 x31:0xf4cfde27 x30:0x02dd85bd
        8025000	       801	00000000	00000013	addi	x0,x0,0	  x0:0x00000000
        8035000	       802	80000808	00000013	addi	x0,x0,0	  x0:0x00000000
        8045000	       803	8000080c	02b18c63	beq	x3,x11,80000844	  x3:0x0001cb00 x11:0x80009fc4
        8055000	       804	80000810	032e7a63	bgeu	x28,x18,80000844	 x28:0x00000000 x18:0xfffffb98
        8065000	       805	80000814	dec76893	ori	x17,x14,-532	 x14:0x00000001 x17=0xfffffded
        8075000	       806	80000818	00808c33	add	x24,x1,x8	  x1:0x80009f84  x8:0x00000000 x24=0x80009f84
        8085000	       807	8000081c	a1dfe113	ori	x2,x31,-1507	 x31:0xf4cfde27  x2=0xfffffe3f
        8095000	       808	80000820	02707663	bgeu	x0,x7,8000084c	  x0:0x00000000  x7:0x8008c5ca
        8105000	       809	80000824	01c6c663	blt	x13,x28,80000830	 x13:0xf4cfde27 x28:0x00000000
        8115000	       810	00000000	00000013	addi	x0,x0,0	  x0:0x00000000
        8125000	       811	8000082c	00000013	addi	x0,x0,0	  x0:0x00000000
        8135000	       812	80000830	007dc7b3	xor	x15,x27,x7	 x27:0x259e368d  x7:0x8008c5ca x15=0xa596f347
        8145000	       813	80000834	005d7463	bgeu	x26,x5,8000083c	 x26:0xaa0977f0  x5:0x80009f84
        8155000	       814	00000000	00000013	addi	x0,x0,0	  x0:0x00000000
        8165000	       815	80000838	00000013	addi	x0,x0,0	  x0:0x00000000
        8175000	       816	8000083c	40d45c33	sra	x24,x8,x13	  x8:0x00000000 x13:0xf4cfde27 x24=0x00000000
        8185000	       817	80000840	4493e037	lui	x0,0x4493e	
        8195000	       818	80000844	a925b313	sltiu	x6,x11,-1390	 x11:0x80009fc4  x6=0x00000001
        8205000	       819	80000848	01956433	or	x8,x10,x25	 x10:0x00000001 x25:0x3e9b9000  x8=0x3e9b9001
        8215000	       820	8000084c	016d1513	slli	x10,x26,0x16	 x26:0xaa0977f0 x10=0xfc000000
        8225000	       821	80000850	00c06b33	or	x22,x0,x12	  x0:0x00000000 x12:0xfffffa31 x22=0xfffffa31
        8235000	       822	80000854	05120463	beq	x4,x17,8000089c	  x4:0x0000005d x17:0xfffffded
        8245000	       823	80000858	40d4dcb3	sra	x25,x9,x13	  x9:0xc8217fe0 x13:0xf4cfde27 x25=0xff9042ff
        8255000	       824	8000085c	b7afe813	ori	x16,x31,-1158	 x31:0xf4cfde27 x16=0xffffff7f
        8265000	       825	80000860	81b33413	sltiu	x8,x6,-2021	  x6:0x00000001  x8=0x00000001
        8275000	       826	80000864	01b4deb3	srl	x29,x9,x27	  x9:0xc8217fe0 x27:0x259e368d x29=0x0006410b
        8285000	       827	80000868	5dd88d93	addi	x27,x17,1501	 x17:0xfffffded x27=0x000003ca
        8295000	       828	8000086c	04744463	blt	x8,x7,800008b4	  x8:0x00000001  x7:0x8008c5ca
        8305000	       829	80000870	02c29263	bne	x5,x12,80000894	  x5:0x80009f84 x12:0xfffffa31
        8315000	       830	00000000	00000013	addi	x0,x0,0	  x0:0x00000000
        8325000	       831	80000890	00000013	addi	x0,x0,0	  x0:0x00000000
        8335000	       832	80000894	0162a033	slt	x0,x5,x22	  x5:0x80009f84 x22:0xfffffa31
        8345000	       833	80000898	01d1cbb3	xor	x23,x3,x29	  x3:0x0001cb00 x29:0x0006410b x23=0x00078a0b
        8355000	       834	8000089c	29b28793	addi	x15,x5,667	  x5:0x80009f84 x15=0x8000a21f
        8365000	       835	800008a0	ed608693	addi	x13,x1,-298	  x1:0x80009f84 x13=0x80009e5a
        8375000	       836	800008a4	015aaa33	slt	x20,x21,x21	 x21:0x00000001 x21:0x00000001 x20=0x00000000
        8385000	       837	800008a8	009813b3	sll	x7,x16,x9	 x16:0xffffff7f  x9:0xc8217fe0  x7=0xffffff7f
        8395000	       838	800008ac	4183d3b3	sra	x7,x7,x24	  x7:0xffffff7f x24:0x00000000  x7=0xffffff7f
        8405000	       839	800008b0	02648863	beq	x9,x6,800008e0	  x9:0xc8217fe0  x6:0x00000001
        8415000	       840	800008b4	20aefd93	andi	x27,x29,522	 x29:0x0006410b x27=0x0000000a
        8425000	       841	800008b8	51998b13	addi	x22,x19,1305	 x19:0x00000111 x22=0x0000062a
        8435000	       842	800008bc	04609063	bne	x1,x6,800008fc	  x1:0x80009f84  x6:0x00000001
        8445000	       843	00000000	00000013	addi	x0,x0,0	  x0:0x00000000
        8455000	       844	800008f8	00000013	addi	x0,x0,0	  x0:0x00000000
        8465000	       845	800008fc	00345b33	srl	x22,x8,x3	  x8:0x00000001  x3:0x0001cb00 x22=0x00000001
        8475000	       846	80000900	016680b3	add	x1,x13,x22	 x13:0x80009e5a x22:0x00000001  x1=0x80009e5b
        8485000	       847	80000904	005c0533	add	x10,x24,x5	 x24:0x00000000  x5:0x80009f84 x10=0x80009f84
        8495000	       848	80000908	9f52f813	andi	x16,x5,-1547	  x5:0x80009f84 x16=0x80009984
        8505000	       849	8000090c	05e26463	bltu	x4,x30,80000954	  x4:0x0000005d x30:0x02dd85bd
        8515000	       850	00000000	00000013	addi	x0,x0,0	  x0:0x00000000
        8525000	       851	80000950	00000013	addi	x0,x0,0	  x0:0x00000000
        8535000	       852	80000954	3f7bb513	sltiu	x10,x23,1015	 x23:0x00078a0b x10=0x00000000
        8545000	       853	80000958	c0a6fb93	andi	x23,x13,-1014	 x13:0x80009e5a x23=0x80009c0a
        8555000	       854	8000095c	02eb1c63	bne	x22,x14,80000994	 x22:0x00000001 x14:0x00000001
        8565000	       855	80000960	c68e8397	auipc	x7,0xc68e8	  x7=0x468e895c
        8575000	       856	80000964	0138f4b3	and	x9,x17,x19	 x17:0xfffffded x19:0x00000111  x9=0x00000101
        8585000	       857	80000968	015480b3	add	x1,x9,x21	  x9:0x00000101 x21:0x00000001  x1=0x00000102
        8595000	       858	8000096c	b80e8213	addi	x4,x29,-1152	 x29:0x0006410b  x4=0x00063c8b
        8605000	       859	80000970	40270f33	sub	x30,x14,x2	 x14:0x00000001  x2:0xfffffe3f x30=0x000001c2
        8615000	       860	80000974	17bd7313	andi	x6,x26,379	 x26:0xaa0977f0  x6=0x00000170
        8625000	       861	80000978	01f59113	slli	x2,x11,0x1f	 x11:0x80009fc4  x2=0x00000000
        8635000	       862	8000097c	40210d33	sub	x26,x2,x2	  x2:0x00000000  x2:0x00000000 x26=0x00000000
        8645000	       863	80000980	41045f33	sra	x30,x8,x16	  x8:0x00000001 x16:0x80009984 x30=0x00000000
        8655000	       864	80000984	01e430b3	sltu	x1,x8,x30	  x8:0x00000001 x30:0x00000000  x1=0x00000000
        8665000	       865	80000988	02339663	bne	x7,x3,800009b4	  x7:0x468e895c  x3:0x0001cb00
        8675000	       866	00000000	00000013	addi	x0,x0,0	  x0:0x00000000
        8685000	       867	800009b0	00000013	addi	x0,x0,0	  x0:0x00000000
        8695000	       868	800009b4	018f9633	sll	x12,x31,x24	 x31:0xf4cfde27 x24:0x00000000 x12=0xf4cfde27
        8705000	       869	800009b8	11ab8f17	auipc	x30,0x11ab8	 x30=0x91ab89b4
        8715000	       870	800009bc	a0668893	addi	x17,x13,-1530	 x13:0x80009e5a x17=0x80009860
        8725000	       871	800009c0	024ac663	blt	x21,x4,800009ec	 x21:0x00000001  x4:0x00063c8b
        8735000	       872	00000000	00000013	addi	x0,x0,0	  x0:0x00000000
        8745000	       873	800009e8	00000013	addi	x0,x0,0	  x0:0x00000000
        8755000	       874	800009ec	01071ab3	sll	x21,x14,x16	 x14:0x00000001 x16:0x80009984 x21=0x00000010
        8765000	       875	800009f0	01a4a8b3	slt	x17,x9,x26	  x9:0x00000101 x26:0x00000000 x17=0x00000000
        8775000	       876	800009f4	0592f263	bgeu	x5,x25,80000a38	  x5:0x80009f84 x25:0xff9042ff
        8785000	       877	800009f8	6de78f13	addi	x30,x15,1758	 x15:0x8000a21f x30=0x8000a8fd
        8795000	       878	800009fc	05d84063	blt	x16,x29,80000a3c	 x16:0x80009984 x29:0x0006410b
        8805000	       879	00000000	00000013	addi	x0,x0,0	  x0:0x00000000
        8815000	       880	80000a38	00000013	addi	x0,x0,0	  x0:0x00000000
        8825000	       881	80000a3c	02a49c63	bne	x9,x10,80000a74	  x9:0x00000101 x10:0x00000000
        8835000	       882	00000000	00000013	addi	x0,x0,0	  x0:0x00000000
        8845000	       883	80000a70	00000013	addi	x0,x0,0	  x0:0x00000000
        8855000	       884	80000a74	2a36c613	xori	x12,x13,675	 x13:0x80009e5a x12=0x80009cf9
        8865000	       885	80000a78	01cc06b3	add	x13,x24,x28	 x24:0x00000000 x28:0x00000000 x13=0x00000000
        8875000	       886	80000a7c	a03aa437	lui	x8,0xa03aa	  x8=0xa03aa000
        8885000	       887	80000a80	01911833	sll	x16,x2,x25	  x2:0x00000000 x25:0xff9042ff x16=0x00000000
        8895000	       888	80000a84	014a1f33	sll	x30,x20,x20	 x20:0x00000000 x20:0x00000000 x30=0x00000000
        8905000	       889	80000a88	e8832317	auipc	x6,0xe8832	  x6=0x68832a84
        8915000	       890	80000a8c	019b8e33	add	x28,x23,x25	 x23:0x80009c0a x25:0xff9042ff x28=0x7f90df09
        8925000	       891	80000a90	78038e17	auipc	x28,0x78038	 x28=0xf8038a8c
        8935000	       892	80000a94	b4b41817	auipc	x16,0xb4b41	 x16=0x34b41a90
        8945000	       893	80000a98	01665913	srli	x18,x12,0x16	 x12:0x80009cf9 x18=0x00000200
        8955000	       894	80000a9c	003efab3	and	x21,x29,x3	 x29:0x0006410b  x3:0x0001cb00 x21=0x00004100
        8965000	       895	80000aa0	ecd77693	andi	x13,x14,-307	 x14:0x00000001 x13=0x00000001
        8975000	       896	80000aa4	002a6233	or	x4,x20,x2	 x20:0x00000000  x2:0x00000000  x4=0x00000000
        8985000	       897	80000aa8	01266263	bltu	x12,x18,80000aac	 x12:0x80009cf9 x18:0x00000200
        8995000	       898	80000aac	0098abb3	slt	x23,x17,x9	 x17:0x00000000  x9:0x00000101 x23=0x00000001
        9005000	       899	80000ab0	01ec2033	slt	x0,x24,x30	 x24:0x00000000 x30:0x00000000
        9015000	       900	80000ab4	05809463	bne	x1,x24,80000afc	  x1:0x00000000 x24:0x00000000
        9025000	       901	80000ab8	04856663	bltu	x10,x8,80000b04	 x10:0x00000000  x8:0xa03aa000
        9035000	       902	00000000	00000013	addi	x0,x0,0	  x0:0x00000000
        9045000	       903	80000b00	00000013	addi	x0,x0,0	  x0:0x00000000
        9055000	       904	80000b04	69a1ee13	ori	x28,x3,1690	  x3:0x0001cb00 x28=0x0001cf9a
        9065000	       905	80000b08	003388b3	add	x17,x7,x3	  x7:0x468e895c  x3:0x0001cb00 x17=0x4690545c
        9075000	       906	80000b0c	01d83533	sltu	x10,x16,x29	 x16:0x34b41a90 x29:0x0006410b x10=0x00000000
        9085000	       907	80000b10	00000013	addi	x0,x0,0	  x0:0x00000000
        9095000	       908	80000b14	011e5eb3	srl	x29,x28,x17	 x28:0x0001cf9a x17:0x4690545c x29=0x00000000
        9105000	       909	80000b18	18150613	addi	x12,x10,385	 x10:0x00000000 x12=0x00000181
        9115000	       910	80000b1c	0130a9b3	slt	x19,x1,x19	  x1:0x00000000 x19:0x00000111 x19=0x00000001
        9125000	       911	80000b20	017b20b3	slt	x1,x22,x23	 x22:0x00000001 x23:0x00000001  x1=0x00000000
        9135000	       912	80000b24	01cdad33	slt	x26,x27,x28	 x27:0x0000000a x28:0x0001cf9a x26=0x00000001
        9145000	       913	80000b28	01f4edb3	or	x27,x9,x31	  x9:0x00000101 x31:0xf4cfde27 x27=0xf4cfdf27
        9155000	       914	80000b2c	02f3d663	bge	x7,x15,80000b58	  x7:0x468e895c x15:0x8000a21f
        9165000	       915	00000000	00000013	addi	x0,x0,0	  x0:0x00000000
        9175000	       916	80000b54	00000013	addi	x0,x0,0	  x0:0x00000000
        9185000	       917	80000b58	01e3b033	sltu	x0,x7,x30	  x7:0x468e895c x30:0x00000000
        9195000	       918	80000b5c	011f2db3	slt	x27,x30,x17	 x30:0x00000000 x17:0x4690545c x27=0x00000001
        9205000	       919	80000b60	009dc633	xor	x12,x27,x9	 x27:0x00000001  x9:0x00000101 x12=0x00000100
        9215000	       920	80000b64	41d2db13	srai	x22,x5,0x1d	  x5:0x80009f84 x22=0xfffffffc
        9225000	       921	80000b68	00596db3	or	x27,x18,x5	 x18:0x00000200  x5:0x80009f84 x27=0x80009f84
        9235000	       922	80000b6c	051f4063	blt	x30,x17,80000bac	 x30:0x00000000 x17:0x4690545c
        9245000	       923	00000000	00000013	addi	x0,x0,0	  x0:0x00000000
        9255000	       924	80000ba8	00000013	addi	x0,x0,0	  x0:0x00000000
        9265000	       925	80000bac	40f8d133	sra	x2,x17,x15	 x17:0x4690545c x15:0x8000a21f  x2=0x00000000
        9275000	       926	80000bb0	3ccaa793	slti	x15,x21,972	 x21:0x00004100 x15=0x00000000
        9285000	       927	80000bb4	aa689b17	auipc	x22,0xaa689	 x22=0x2a689bb0
        9295000	       928	80000bb8	05fbf863	bgeu	x23,x31,80000c08	 x23:0x00000001 x31:0xf4cfde27
        9305000	       929	80000bbc	0558d463	bge	x17,x21,80000c04	 x17:0x4690545c x21:0x00004100
        9315000	       930	00000000	00000013	addi	x0,x0,0	  x0:0x00000000
        9325000	       931	80000c00	00000013	addi	x0,x0,0	  x0:0x00000000
        9335000	       932	80000c04	0102dd93	srli	x27,x5,0x10	  x5:0x80009f84 x27=0x00008000
        9345000	       933	80000c08	007c4833	xor	x16,x24,x7	 x24:0x00000000  x7:0x468e895c x16=0x468e895c
        9355000	       934	80000c0c	02899663	bne	x19,x8,80000c38	 x19:0x00000001  x8:0xa03aa000
        9365000	       935	00000000	00000013	addi	x0,x0,0	  x0:0x00000000
        9375000	       936	80000c34	00000013	addi	x0,x0,0	  x0:0x00000000
        9385000	       937	80000c38	04021463	bne	x4,x0,80000c80	  x4:0x00000000  x0:0x00000000
        9395000	       938	80000c3c	042dc063	blt	x27,x2,80000c7c	 x27:0x00008000  x2:0x00000000
        9405000	       939	80000c40	46476a37	lui	x20,0x46476	 x20=0x46476000
        9415000	       940	80000c44	41695c33	sra	x24,x18,x22	 x18:0x00000200 x22:0x2a689bb0 x24=0x00000000
        9425000	       941	80000c48	417408b3	sub	x17,x8,x23	  x8:0xa03aa000 x23:0x00000001 x17=0xa03a9fff
        9435000	       942	80000c4c	0464d263	bge	x9,x6,80000c90	  x9:0x00000101  x6:0x68832a84
        9445000	       943	80000c50	0a727913	andi	x18,x4,167	  x4:0x00000000 x18=0x00000000
        9455000	       944	80000c54	27fa3613	sltiu	x12,x20,639	 x20:0x46476000 x12=0x00000000
        9465000	       945	80000c58	04034463	blt	x6,x0,80000ca0	  x6:0x68832a84  x0:0x00000000
        9475000	       946	80000c5c	99fd2013	slti	x0,x26,-1633	 x26:0x00000001
        9485000	       947	80000c60	050c5463	bge	x24,x16,80000ca8	 x24:0x00000000 x16:0x468e895c
        9495000	       948	80000c64	40b4d093	srai	x1,x9,0xb	  x9:0x00000101  x1=0x00000000
        9505000	       949	80000c68	02a44663	blt	x8,x10,80000c94	  x8:0xa03aa000 x10:0x00000000
        9515000	       950	00000000	00000013	addi	x0,x0,0	  x0:0x00000000
        9525000	       951	80000c90	00000013	addi	x0,x0,0	  x0:0x00000000
        9535000	       952	80000c94	05337113	andi	x2,x6,83	  x6:0x68832a84  x2=0x00000000
        9545000	       953	80000c98	0107d013	srli	x0,x15,0x10	 x15:0x00000000
        9555000	       954	80000c9c	40e50933	sub	x18,x10,x14	 x10:0x00000000 x14:0x00000001 x18=0xffffffff
        9565000	       955	80000ca0	4be96393	ori	x7,x18,1214	 x18:0xffffffff  x7=0xffffffff
        9575000	       956	80000ca4	05d60263	beq	x12,x29,80000ce8	 x12:0x00000000 x29:0x00000000
        9585000	       957	00000000	00000013	addi	x0,x0,0	  x0:0x00000000
        9595000	       958	80000ce4	00000013	addi	x0,x0,0	  x0:0x00000000
        9605000	       959	80000ce8	0339d863	bge	x19,x19,80000d18	 x19:0x00000001 x19:0x00000001
        9615000	       960	00000000	00000013	addi	x0,x0,0	  x0:0x00000000
        9625000	       961	80000d14	00000013	addi	x0,x0,0	  x0:0x00000000
        9635000	       962	80000d18	01549463	bne	x9,x21,80000d20	  x9:0x00000101 x21:0x00004100
        9645000	       963	00000000	00000013	addi	x0,x0,0	  x0:0x00000000
        9655000	       964	80000d1c	00000013	addi	x0,x0,0	  x0:0x00000000
        9665000	       965	80000d20	2501b197	auipc	x3,0x2501b	  x3=0xa501bd1c
        9675000	       966	80000d24	00ae3133	sltu	x2,x28,x10	 x28:0x0001cf9a x10:0x00000000  x2=0x00000000
        9685000	       967	80000d28	40505813	srai	x16,x0,0x5	  x0:0x00000000 x16=0x00000000
        9695000	       968	80000d2c	40860b33	sub	x22,x12,x8	 x12:0x00000000  x8:0xa03aa000 x22=0x5fc56000
        9705000	       969	80000d30	010809b3	add	x19,x16,x16	 x16:0x00000000 x16:0x00000000 x19=0x00000000
        9715000	       970	80000d34	372ab693	sltiu	x13,x21,882	 x21:0x00004100 x13=0x00000000
        9725000	       971	80000d38	00a99813	slli	x16,x19,0xa	 x19:0x00000000 x16=0x00000000
        9735000	       972	80000d3c	044b8663	beq	x23,x4,80000d88	 x23:0x00000001  x4:0x00000000
        9745000	       973	80000d40	418ad533	sra	x10,x21,x24	 x21:0x00004100 x24:0x00000000 x10=0x00004100
        9755000	       974	80000d44	01ef69b3	or	x19,x30,x30	 x30:0x00000000 x30:0x00000000 x19=0x00000000
        9765000	       975	80000d48	00489463	bne	x17,x4,80000d50	 x17:0xa03a9fff  x4:0x00000000
        9775000	       976	00000000	00000013	addi	x0,x0,0	  x0:0x00000000
        9785000	       977	80000d4c	00000013	addi	x0,x0,0	  x0:0x00000000
        9795000	       978	80000d50	017e5bb7	lui	x23,0x17e5	 x23=0x017e5000
        9805000	       979	80000d54	f7dac313	xori	x6,x21,-131	 x21:0x00004100  x6=0xffffbe7d
        9815000	       980	80000d58	01ced8b3	srl	x17,x29,x28	 x29:0x00000000 x28:0x0001cf9a x17=0x00000000
        9825000	       981	80000d5c	01a1f263	bgeu	x3,x26,80000d60	  x3:0xa501bd1c x26:0x00000001
        9835000	       982	00000000	00000013	addi	x0,x0,0	  x0:0x00000000
        9845000	       983	80000d5c	00000013	addi	x0,x0,0	  x0:0x00000000
        9855000	       984	80000d60	21192413	slti	x8,x18,529	 x18:0xffffffff  x8=0x00000001
        9865000	       985	80000d64	01ce9133	sll	x2,x29,x28	 x29:0x00000000 x28:0x0001cf9a  x2=0x00000000
        9875000	       986	80000d68	06351263	bne	x10,x3,80000dcc	 x10:0x00004100  x3:0xa501bd1c
        9885000	       987	00000000	00000013	addi	x0,x0,0	  x0:0x00000000
        9895000	       988	80000dc8	00000013	addi	x0,x0,0	  x0:0x00000000
        9905000	       989	80000dcc	00195433	srl	x8,x18,x1	 x18:0xffffffff  x1:0x00000000  x8=0xffffffff
        9915000	       990	80000dd0	01afb6b3	sltu	x13,x31,x26	 x31:0xf4cfde27 x26:0x00000001 x13=0x00000000
        9925000	       991	80000dd4	05261663	bne	x12,x18,80000e20	 x12:0x00000000 x18:0xffffffff
        9935000	       992	00000000	00000013	addi	x0,x0,0	  x0:0x00000000
        9945000	       993	80000e1c	00000013	addi	x0,x0,0	  x0:0x00000000
        9955000	       994	80000e20	04b0c463	blt	x1,x11,80000e68	  x1:0x00000000 x11:0x80009fc4
        9965000	       995	80000e24	e417e193	ori	x3,x15,-447	 x15:0x00000000  x3=0xfffffe41
        9975000	       996	80000e28	1583c713	xori	x14,x7,344	  x7:0xffffffff x14=0xfffffea7
        9985000	       997	80000e2c	8970c793	xori	x15,x1,-1897	  x1:0x00000000 x15=0xfffff897
        9995000	       998	80000e30	00209663	bne	x1,x2,80000e3c	  x1:0x00000000  x2:0x00000000
       10005000	       999	80000e34	02f8d663	bge	x17,x15,80000e60	 x17:0x00000000 x15:0xfffff897
       10015000	      1000	00000000	00000013	addi	x0,x0,0	  x0:0x00000000
       10025000	      1001	80000e5c	00000013	addi	x0,x0,0	  x0:0x00000000
       10035000	      1002	80000e60	0041d713	srli	x14,x3,0x4	  x3:0xfffffe41 x14=0x0fffffe4
       10045000	      1003	80000e64	01d08f33	add	x30,x1,x29	  x1:0x00000000 x29:0x00000000 x30=0x00000000
       10055000	      1004	80000e68	00000013	addi	x0,x0,0	  x0:0x00000000
       10065000	      1005	80000e6c	01cfddb3	srl	x27,x31,x28	 x31:0xf4cfde27 x28:0x0001cf9a x27=0x0000003d
       10075000	      1006	80000e70	00483f33	sltu	x30,x16,x4	 x16:0x00000000  x4:0x00000000 x30=0x00000000
       10085000	      1007	80000e74	004c7db3	and	x27,x24,x4	 x24:0x00000000  x4:0x00000000 x27=0x00000000
       10095000	      1008	80000e78	0191c433	xor	x8,x3,x25	  x3:0xfffffe41 x25:0xff9042ff  x8=0x006fbcbe
       10105000	      1009	80000e7c	01b81c13	slli	x24,x16,0x1b	 x16:0x00000000 x24=0x00000000
       10115000	      1010	80000e80	00488333	add	x6,x17,x4	 x17:0x00000000  x4:0x00000000  x6=0x00000000
       10125000	      1011	80000e84	007126b3	slt	x13,x2,x7	  x2:0x00000000  x7:0xffffffff x13=0x00000000
       10135000	      1012	80000e88	0116d663	bge	x13,x17,80000e94	 x13:0x00000000 x17:0x00000000
       10145000	      1013	00000000	00000013	addi	x0,x0,0	  x0:0x00000000
       10155000	      1014	80000e90	00000013	addi	x0,x0,0	  x0:0x00000000
       10165000	      1015	80000e94	0468c063	blt	x17,x6,80000ed4	 x17:0x00000000  x6:0x00000000
       10175000	      1016	80000e98	007df333	and	x6,x27,x7	 x27:0x00000000  x7:0xffffffff  x6=0x00000000
       10185000	      1017	80000e9c	4177d413	srai	x8,x15,0x17	 x15:0xfffff897  x8=0xffffffff
       10195000	      1018	80000ea0	00331693	slli	x13,x6,0x3	  x6:0x00000000 x13=0x00000000
       10205000	      1019	80000ea4	05405263	bge	x0,x20,80000ee8	  x0:0x00000000 x20:0x46476000
       10215000	      1020	80000ea8	41f15993	srai	x19,x2,0x1f	  x2:0x00000000 x19=0x00000000
       10225000	      1021	80000eac	00000013	addi	x0,x0,0	  x0:0x00000000
       10235000	      1022	80000eb0	41485733	sra	x14,x16,x20	 x16:0x00000000 x20:0x46476000 x14=0x00000000
       10245000	      1023	80000eb4	013dcd33	xor	x26,x27,x19	 x27:0x00000000 x19:0x00000000 x26=0x00000000
       10255000	      1024	80000eb8	008678b3	and	x17,x12,x8	 x12:0x00000000  x8:0xffffffff x17=0x00000000
       10265000	      1025	80000ebc	00238733	add	x14,x7,x2	  x7:0xffffffff  x2:0x00000000 x14=0xffffffff
       10275000	      1026	80000ec0	9860c097	auipc	x1,0x9860c	  x1=0x1860cebc
       10285000	      1027	80000ec4	01db9893	slli	x17,x23,0x1d	 x23:0x017e5000 x17=0x00000000
       10295000	      1028	80000ec8	000ff663	bgeu	x31,x0,80000ed4	 x31:0xf4cfde27  x0:0x00000000
       10305000	      1029	00000000	00000013	addi	x0,x0,0	  x0:0x00000000
       10315000	      1030	80000ed0	00000013	addi	x0,x0,0	  x0:0x00000000
       10325000	      1031	80000ed4	019eb0b3	sltu	x1,x29,x25	 x29:0x00000000 x25:0xff9042ff  x1=0x00000001
       10335000	      1032	80000ed8	00c81e93	slli	x29,x16,0xc	 x16:0x00000000 x29=0x00000000
       10345000	      1033	80000edc	05294c37	lui	x24,0x5294	 x24=0x05294000
       10355000	      1034	80000ee0	62134d13	xori	x26,x6,1569	  x6:0x00000000 x26=0x00000621
       10365000	      1035	80000ee4	052b8463	beq	x23,x18,80000f2c	 x23:0x017e5000 x18:0xffffffff
       10375000	      1036	80000ee8	b361f793	andi	x15,x3,-1226	  x3:0xfffffe41 x15=0xfffffa00
       10385000	      1037	80000eec	e3696a93	ori	x21,x18,-458	 x18:0xffffffff x21=0xffffffff
       10395000	      1038	80000ef0	0053db33	srl	x22,x7,x5	  x7:0xffffffff  x5:0x80009f84 x22=0x0fffffff
       10405000	      1039	80000ef4	01e99733	sll	x14,x19,x30	 x19:0x00000000 x30:0x00000000 x14=0x00000000
       10415000	      1040	80000ef8	02776a63	bltu	x14,x7,80000f2c	 x14:0x00000000  x7:0xffffffff
       10425000	      1041	00000000	00000013	addi	x0,x0,0	  x0:0x00000000
       10435000	      1042	80000f28	00000013	addi	x0,x0,0	  x0:0x00000000
       10445000	      1043	80000f2c	07236217	auipc	x4,0x7236	  x4=0x87236f28
       10455000	      1044	80000f30	0059adb3	slt	x27,x19,x5	 x19:0x00000000  x5:0x80009f84 x27=0x00000000
       10465000	      1045	80000f34	1d0ab1b7	lui	x3,0x1d0ab	  x3=0x1d0ab000
       10475000	      1046	80000f38	018da8b3	slt	x17,x27,x24	 x27:0x00000000 x24:0x05294000 x17=0x00000001
       10485000	      1047	80000f3c	000e6bb3	or	x23,x28,x0	 x28:0x0001cf9a  x0:0x00000000 x23=0x0001cf9a
       10495000	      1048	80000f40	01ee3833	sltu	x16,x28,x30	 x28:0x0001cf9a x30:0x00000000 x16=0x00000000
       10505000	      1049	80000f44	00000f97	auipc	x31,0x0	 x31=0x80000f40
       10515000	      1050	80000f48	00cf8f93	addi	x31,x31,12	 x31:0x80000f40 x31=0x80000f4c
       10525000	      1051	80000f4c	000f8067	jalr	x0,x31,0	 x31:0x80000f4c
       10535000	      1052	00000000	00000013	addi	x0,x0,0	  x0:0x00000000
       10545000	      1053	80000f4c	00000013	addi	x0,x0,0	  x0:0x00000000
       10555000	      1054	80000f50	00100193	addi	x3,x0,1	  x0:0x00000000  x3=0x00000001
       10565000	      1055	80000f54	00000073	ecall	
       10575000	      1056	80000f58	01dd1b33	sll	x22,x26,x29	 x26:0x00000621 x29:0x00000000 x22=0x00000621
