		Time			Cycle	PC		Insn	Decoded instruction	Register and memory contents
          65000	         5	80000004	00000293	addi	x5,x0,0	  x0:0x00000000  x5=0x00000000
          75000	         6	80000008	00000313	addi	x6,x0,0	  x0:0x00000000  x6=0x00000000
          85000	         7	8000000c	00628263	beq	x5,x6,80000010	  x5:0x00000000  x6:0x00000000
          95000	         8	00000000	00000013	addi	x0,x0,0	  x0:0x00000000
         105000	         9	8000000c	00000013	addi	x0,x0,0	  x0:0x00000000
         115000	        10	80000010	00000817	auipc	x16,0x0	 x16=0x8000000c
         125000	        11	80000014	00c80813	addi	x16,x16,12	 x16:0x8000000c x16=0x80000018
         135000	        12	80000018	00080067	jalr	x0,x16,0	 x16:0x80000018
         145000	        13	00000000	00000013	addi	x0,x0,0	  x0:0x00000000
         155000	        14	80000018	00000013	addi	x0,x0,0	  x0:0x00000000
         165000	        15	8000001c	40000a37	lui	x20,0x40000	 x20=0x40000000
         175000	        16	80000020	100a0a13	addi	x20,x20,256	 x20:0x40000000 x20=0x40000100
         185000	        17	80000024	00000013	addi	x0,x0,0	  x0:0x00000000
         195000	        18	80000028	0000af17	auipc	x30,0xa	 x30=0x8000a024
         205000	        19	8000002c	fa0f0f13	addi	x30,x30,-96	 x30:0x8000a024 x30=0x80009fc4
         215000	        20	80000030	00007a17	auipc	x20,0x7	 x20=0x8000702c
         225000	        21	80000034	a9ca0a13	addi	x20,x20,-1380	 x20:0x8000702c x20=0x80006ac8
         235000	        22	80000038	000a6a13	ori	x20,x20,0	 x20:0x80006ac8 x20=0x80006ac8
         245000	        23	8000003c	00000013	addi	x0,x0,0	  x0:0x00000000
         255000	        24	80000040	00000a17	auipc	x20,0x0	 x20=0x8000003c
         265000	        25	80000044	020a0a13	addi	x20,x20,32	 x20:0x8000003c x20=0x8000005c
         275000	        26	80000048	00000013	addi	x0,x0,0	  x0:0x00000000
         285000	        27	8000004c	00000013	addi	x0,x0,0	  x0:0x00000000
         295000	        28	80000050	00002a37	lui	x20,0x2	 x20=0x00002000
         305000	        29	80000054	800a0a13	addi	x20,x20,-2048	 x20:0x00002000 x20=0x00001800
         315000	        30	80000058	00000013	addi	x0,x0,0	  x0:0x00000000
         325000	        31	8000005c	00000013	addi	x0,x0,0	  x0:0x00000000
         335000	        32	80000060	eaf4b037	lui	x0,0xeaf4b	
         345000	        33	80000064	45d00013	addi	x0,x0,1117	  x0:0x00000000
         355000	        34	80000068	fc63d0b7	lui	x1,0xfc63d	  x1=0xfc63d000
         365000	        35	8000006c	e0608093	addi	x1,x1,-506	  x1:0xfc63d000  x1=0xfc63ce06
         375000	        36	80000070	80000137	lui	x2,0x80000	  x2=0x80000000
         385000	        37	80000074	00400193	addi	x3,x0,4	  x0:0x00000000  x3=0x00000004
         395000	        38	80000078	fb6de237	lui	x4,0xfb6de	  x4=0xfb6de000
         405000	        39	8000007c	83720213	addi	x4,x4,-1993	  x4:0xfb6de000  x4=0xfb6dd837
         415000	        40	80000080	f05802b7	lui	x5,0xf0580	  x5=0xf0580000
         425000	        41	80000084	4aa28293	addi	x5,x5,1194	  x5:0xf0580000  x5=0xf05804aa
         435000	        42	80000088	00400313	addi	x6,x0,4	  x0:0x00000000  x6=0x00000004
         445000	        43	8000008c	f0eb23b7	lui	x7,0xf0eb2	  x7=0xf0eb2000
         455000	        44	80000090	3b838393	addi	x7,x7,952	  x7:0xf0eb2000  x7=0xf0eb23b8
         465000	        45	80000094	f8d254b7	lui	x9,0xf8d25	  x9=0xf8d25000
         475000	        46	80000098	03448493	addi	x9,x9,52	  x9:0xf8d25000  x9=0xf8d25034
         485000	        47	8000009c	00000513	addi	x10,x0,0	  x0:0x00000000 x10=0x00000000
         495000	        48	800000a0	296d95b7	lui	x11,0x296d9	 x11=0x296d9000
         505000	        49	800000a4	d9858593	addi	x11,x11,-616	 x11:0x296d9000 x11=0x296d8d98
         515000	        50	800000a8	ca21b637	lui	x12,0xca21b	 x12=0xca21b000
         525000	        51	800000ac	a4260613	addi	x12,x12,-1470	 x12:0xca21b000 x12=0xca21aa42
         535000	        52	800000b0	f291c6b7	lui	x13,0xf291c	 x13=0xf291c000
         545000	        53	800000b4	5fb68693	addi	x13,x13,1531	 x13:0xf291c000 x13=0xf291c5fb
         555000	        54	800000b8	fdeb3737	lui	x14,0xfdeb3	 x14=0xfdeb3000
         565000	        55	800000bc	eb370713	addi	x14,x14,-333	 x14:0xfdeb3000 x14=0xfdeb2eb3
         575000	        56	800000c0	f0d597b7	lui	x15,0xf0d59	 x15=0xf0d59000
         585000	        57	800000c4	80178793	addi	x15,x15,-2047	 x15:0xf0d59000 x15=0xf0d58801
         595000	        58	800000c8	00400813	addi	x16,x0,4	  x0:0x00000000 x16=0x00000004
         605000	        59	800000cc	00a00893	addi	x17,x0,10	  x0:0x00000000 x17=0x0000000a
         615000	        60	800000d0	00b00913	addi	x18,x0,11	  x0:0x00000000 x18=0x0000000b
         625000	        61	800000d4	800009b7	lui	x19,0x80000	 x19=0x80000000
         635000	        62	800000d8	80000a37	lui	x20,0x80000	 x20=0x80000000
         645000	        63	800000dc	80000ab7	lui	x21,0x80000	 x21=0x80000000
         655000	        64	800000e0	00000b13	addi	x22,x0,0	  x0:0x00000000 x22=0x00000000
         665000	        65	800000e4	80000bb7	lui	x23,0x80000	 x23=0x80000000
         675000	        66	800000e8	80000c37	lui	x24,0x80000	 x24=0x80000000
         685000	        67	800000ec	fc73acb7	lui	x25,0xfc73a	 x25=0xfc73a000
         695000	        68	800000f0	35dc8c93	addi	x25,x25,861	 x25:0xfc73a000 x25=0xfc73a35d
         705000	        69	800000f4	68383d37	lui	x26,0x68383	 x26=0x68383000
         715000	        70	800000f8	d37d0d13	addi	x26,x26,-713	 x26:0x68383000 x26=0x68382d37
         725000	        71	800000fc	00000d93	addi	x27,x0,0	  x0:0x00000000 x27=0x00000000
         735000	        72	80000100	f44a9e37	lui	x28,0xf44a9	 x28=0xf44a9000
         745000	        73	80000104	d81e0e13	addi	x28,x28,-639	 x28:0xf44a9000 x28=0xf44a8d81
         755000	        74	80000108	80000eb7	lui	x29,0x80000	 x29=0x80000000
         765000	        75	8000010c	80000fb7	lui	x31,0x80000	 x31=0x80000000
         775000	        76	80000110	0000a417	auipc	x8,0xa	  x8=0x8000a10c
         785000	        77	80000114	e7840413	addi	x8,x8,-392	  x8:0x8000a10c  x8=0x80009f84
         795000	        78	80000118	00008b97	auipc	x23,0x8	 x23=0x80008114
         805000	        79	8000011c	4e2b8b93	addi	x23,x23,1250	 x23:0x80008114 x23=0x800085f6
         815000	        80	80000120	ff1bc183	lbu	x3,-15(x23)	 x23:0x800085f6  x3=0x0000009c PA:0x800085e7
         825000	        81	80000124	0083c8b3	xor	x17,x7,x8	  x7:0xf0eb23b8  x8:0x80009f84 x17=0x70ebbc3c
         835000	        82	80000128	00ab87a3	sb	x10,15(x23)	 x23:0x800085f6 x10:0x00000000 PA:0x80008605
         845000	        83	8000012c	002b81a3	sb	x2,3(x23)	 x23:0x800085f6  x2:0x80000000 PA:0x800085f9
         855000	        84	80000130	4128d393	srai	x7,x17,0x12	 x17:0x70ebbc3c  x7=0x00001c3a
         865000	        85	80000134	403d5193	srai	x3,x26,0x3	 x26:0x68382d37  x3=0x0d0705a6
         875000	        86	80000138	6f952993	slti	x19,x10,1785	 x10:0x00000000 x19=0x00000001
         885000	        87	8000013c	00cb82a3	sb	x12,5(x23)	 x23:0x800085f6 x12:0xca21aa42 PA:0x800085fb
         895000	        88	80000140	010716b3	sll	x13,x14,x16	 x14:0xfdeb2eb3 x16:0x00000004 x13=0xdeb2eb30
         905000	        89	80000144	01d7fe33	and	x28,x15,x29	 x15:0xf0d58801 x29:0x80000000 x28=0x80000000
         915000	        90	80000148	401b8eb3	sub	x29,x23,x1	 x23:0x800085f6  x1:0xfc63ce06 x29=0x839cb7f0
         925000	        91	8000014c	2aa72c93	slti	x25,x14,682	 x14:0xfdeb2eb3 x25=0x00000001
         935000	        92	80000150	008b85a3	sb	x8,11(x23)	 x23:0x800085f6  x8:0x80009f84 PA:0x80008601
         945000	        93	80000154	41e75913	srai	x18,x14,0x1e	 x14:0xfdeb2eb3 x18=0xffffffff
         955000	        94	80000158	002b9523	sh	x2,10(x23)	 x23:0x800085f6  x2:0x80000000 PA:0x80008600
         965000	        95	8000015c	4f764c17	auipc	x24,0x4f764	 x24=0xcf764158
         975000	        96	80000160	00e93533	sltu	x10,x18,x14	 x18:0xffffffff x14:0xfdeb2eb3 x10=0x00000000
         985000	        97	80000164	01b29193	slli	x3,x5,0x1b	  x5:0xf05804aa  x3=0x50000000
         995000	        98	80000168	00ad1033	sll	x0,x26,x10	 x26:0x68382d37 x10:0x00000000
        1005000	        99	8000016c	003bce83	lbu	x29,3(x23)	 x23:0x800085f6 x29=0x00000000 PA:0x800085f9
        1015000	       100	80000170	404cf393	andi	x7,x25,1028	 x25:0x00000001  x7=0x00000000
        1025000	       101	80000174	00fe7333	and	x6,x28,x15	 x28:0x80000000 x15:0xf0d58801  x6=0x80000000
        1035000	       102	80000178	ff7b8903	lb	x18,-9(x23)	 x23:0x800085f6 x18=0xffffffa6 PA:0x800085ed
        1045000	       103	8000017c	016cfa33	and	x20,x25,x22	 x25:0x00000001 x22:0x00000000 x20=0x00000000
        1055000	       104	80000180	006ba283	lw	x5,6(x23)	 x23:0x800085f6  x5=0xb4b5b6b7 PA:0x800085fc
        1065000	       105	80000184	009b8303	lb	x6,9(x23)	 x23:0x800085f6  x6=0xffffffb4 PA:0x800085ff
        1075000	       106	80000188	01b07733	and	x14,x0,x27	  x0:0x00000000 x27:0x00000000 x14=0x00000000
        1085000	       107	8000018c	00000013	addi	x0,x0,0	  x0:0x00000000
        1095000	       108	80000190	5c961097	auipc	x1,0x5c961	  x1=0xdc96118c
        1105000	       109	80000194	ffdb8883	lb	x17,-3(x23)	 x23:0x800085f6 x17=0xffffffa8 PA:0x800085f3
        1115000	       110	80000198	010bc503	lbu	x10,16(x23)	 x23:0x800085f6 x10=0x000000bd PA:0x80008606
        1125000	       111	8000019c	004bcd03	lbu	x26,4(x23)	 x23:0x800085f6 x26=0x000000b1 PA:0x800085fa
        1135000	       112	800001a0	86bb5597	auipc	x11,0x86bb5	 x11=0x06bb519c
        1145000	       113	800001a4	00fbca83	lbu	x21,15(x23)	 x23:0x800085f6 x21=0x00000000 PA:0x80008605
        1155000	       114	800001a8	ffeb8ca3	sb	x30,-7(x23)	 x23:0x800085f6 x30:0x80009fc4 PA:0x800085ef
        1165000	       115	800001ac	00abae83	lw	x29,10(x23)	 x23:0x800085f6 x29=0xb8b90000 PA:0x80008600
        1175000	       116	800001b0	4139d693	srai	x13,x19,0x13	 x19:0x00000001 x13=0x00000000
        1185000	       117	800001b4	ff4bd603	lhu	x12,-12(x23)	 x23:0x800085f6 x12=0x0000a0a1 PA:0x800085ea
        1195000	       118	800001b8	000b9503	lh	x10,0(x23)	 x23:0x800085f6 x10=0xffffacad PA:0x800085f6
        1205000	       119	800001bc	fe2b8c23	sb	x2,-8(x23)	 x23:0x800085f6  x2:0x80000000 PA:0x800085ee
        1215000	       120	800001c0	00000013	addi	x0,x0,0	  x0:0x00000000
        1225000	       121	800001c4	00000013	addi	x0,x0,0	  x0:0x00000000
        1235000	       122	800001c8	f10c6213	ori	x4,x24,-240	 x24:0xcf764158  x4=0xffffff58
        1245000	       123	800001cc	d88b1237	lui	x4,0xd88b1	  x4=0xd88b1000
        1255000	       124	800001d0	00cbe933	or	x18,x23,x12	 x23:0x800085f6 x12:0x0000a0a1 x18=0x8000a5f7
        1265000	       125	800001d4	0063b8b3	sltu	x17,x7,x6	  x7:0x00000000  x6:0xffffffb4 x17=0x00000001
        1275000	       126	800001d8	ff0bd283	lhu	x5,-16(x23)	 x23:0x800085f6  x5=0x00009c9d PA:0x800085e6
        1285000	       127	800001dc	00dbc203	lbu	x4,13(x23)	 x23:0x800085f6  x4=0x000000b8 PA:0x80008603
        1295000	       128	800001e0	000bcc83	lbu	x25,0(x23)	 x23:0x800085f6 x25=0x000000ad PA:0x800085f6
        1305000	       129	800001e4	00009a97	auipc	x21,0x9	 x21=0x800091e0
        1315000	       130	800001e8	8e1a8a93	addi	x21,x21,-1823	 x21:0x800091e0 x21=0x80008ac1
        1325000	       131	800001ec	01b1d993	srli	x19,x3,0x1b	  x3:0x50000000 x19=0x0000000a
        1335000	       132	800001f0	02ba9603	lh	x12,43(x21)	 x21:0x80008ac1 x12=0xffffd6d7 PA:0x80008aec
        1345000	       133	800001f4	fb01a293	slti	x5,x3,-80	  x3:0x50000000  x5=0x00000000
        1355000	       134	800001f8	fc7a93a3	sh	x7,-57(x21)	 x21:0x80008ac1  x7:0x00000000 PA:0x80008a88
        1365000	       135	800001fc	f5f72c93	slti	x25,x14,-161	 x14:0x00000000 x25=0x00000000
        1375000	       136	80000200	026a8583	lb	x11,38(x21)	 x21:0x80008ac1 x11=0xffffffcc PA:0x80008ae7
        1385000	       137	80000204	fc4ac083	lbu	x1,-60(x21)	 x21:0x80008ac1  x1=0x0000006e PA:0x80008a85
        1395000	       138	80000208	fe4a9da3	sh	x4,-5(x21)	 x21:0x80008ac1  x4:0x000000b8 PA:0x80008abc
        1405000	       139	8000020c	41990fb3	sub	x31,x18,x25	 x18:0x8000a5f7 x25:0x00000000 x31=0x8000a5f7
        1415000	       140	80000210	03baa983	lw	x19,59(x21)	 x21:0x80008ac1 x19=0xe4e5e6e7 PA:0x80008afc
        1425000	       141	80000214	fc2a93a3	sh	x2,-57(x21)	 x21:0x80008ac1  x2:0x80000000 PA:0x80008a88
        1435000	       142	80000218	fd2a8303	lb	x6,-46(x21)	 x21:0x80008ac1  x6=0x00000078 PA:0x80008a93
        1445000	       143	8000021c	00ed9e13	slli	x28,x27,0xe	 x27:0x00000000 x28=0x00000000
        1455000	       144	80000220	03aa8483	lb	x9,58(x21)	 x21:0x80008ac1  x9=0xffffffe0 PA:0x80008afb
        1465000	       145	80000224	01d14633	xor	x12,x2,x29	  x2:0x80000000 x29:0xb8b90000 x12=0x38b90000
        1475000	       146	80000228	ff8ace03	lbu	x28,-8(x21)	 x21:0x80008ac1 x28=0x000000a2 PA:0x80008ab9
        1485000	       147	8000022c	027a8823	sb	x7,48(x21)	 x21:0x80008ac1  x7:0x00000000 PA:0x80008af1
        1495000	       148	80000230	fd4a8523	sb	x20,-54(x21)	 x21:0x80008ac1 x20:0x00000000 PA:0x80008a8b
        1505000	       149	80000234	031a91a3	sh	x17,35(x21)	 x21:0x80008ac1 x17:0x00000001 PA:0x80008ae4
        1515000	       150	80000238	0159ee33	or	x28,x19,x21	 x19:0xe4e5e6e7 x21:0x80008ac1 x28=0xe4e5eee7
        1525000	       151	8000023c	fdaa9aa3	sh	x26,-43(x21)	 x21:0x80008ac1 x26:0x000000b1 PA:0x80008a96
        1535000	       152	80000240	fe0a8883	lb	x17,-32(x21)	 x21:0x80008ac1 x17=0xffffff8a PA:0x80008aa1
        1545000	       153	80000244	fd4ac283	lbu	x5,-44(x21)	 x21:0x80008ac1  x5=0x0000007e PA:0x80008a95
        1555000	       154	80000248	01ca8a23	sb	x28,20(x21)	 x21:0x80008ac1 x28:0xe4e5eee7 PA:0x80008ad5
        1565000	       155	8000024c	ff4a8c03	lb	x24,-12(x21)	 x21:0x80008ac1 x24=0xffffff9e PA:0x80008ab5
        1575000	       156	80000250	01f7e333	or	x6,x15,x31	 x15:0xf0d58801 x31:0x8000a5f7  x6=0xf0d5adf7
        1585000	       157	80000254	fdda8783	lb	x15,-35(x21)	 x21:0x80008ac1 x15=0xffffff85 PA:0x80008a9e
        1595000	       158	80000258	fc9a8523	sb	x9,-54(x21)	 x21:0x80008ac1  x9:0xffffffe0 PA:0x80008a8b
        1605000	       159	8000025c	006cd133	srl	x2,x25,x6	 x25:0x00000000  x6:0xf0d5adf7  x2=0x00000000
        1615000	       160	80000260	d4a88d13	addi	x26,x17,-694	 x17:0xffffff8a x26=0xfffffcd4
        1625000	       161	80000264	000070b3	and	x1,x0,x0	  x0:0x00000000  x0:0x00000000  x1=0x00000000
        1635000	       162	80000268	fcaa8583	lb	x11,-54(x21)	 x21:0x80008ac1 x11=0xffffffe0 PA:0x80008a8b
        1645000	       163	8000026c	fd5a8323	sb	x21,-58(x21)	 x21:0x80008ac1 x21:0x80008ac1 PA:0x80008a87
        1655000	       164	80000270	f1102b13	slti	x22,x0,-239	  x0:0x00000000 x22=0x00000000
        1665000	       165	80000274	fcfa9ca3	sh	x15,-39(x21)	 x21:0x80008ac1 x15:0xffffff85 PA:0x80008a9a
        1675000	       166	80000278	fc0a8d83	lb	x27,-64(x21)	 x21:0x80008ac1 x27=0x0000006a PA:0x80008a81
        1685000	       167	8000027c	001b37b3	sltu	x15,x22,x1	 x22:0x00000000  x1:0x00000000 x15=0x00000000
        1695000	       168	80000280	fcea8f23	sb	x14,-34(x21)	 x21:0x80008ac1 x14:0x00000000 PA:0x80008a9f
        1705000	       169	80000284	fc9ad283	lhu	x5,-55(x21)	 x21:0x80008ac1  x5=0x0000e071 PA:0x80008a8a
        1715000	       170	80000288	00748bb3	add	x23,x9,x7	  x9:0xffffffe0  x7:0x00000000 x23=0xffffffe0
        1725000	       171	8000028c	004da533	slt	x10,x27,x4	 x27:0x0000006a  x4:0x000000b8 x10=0x00000001
        1735000	       172	80000290	0046d5b3	srl	x11,x13,x4	 x13:0x00000000  x4:0x000000b8 x11=0x00000000
        1745000	       173	80000294	c9187493	andi	x9,x16,-879	 x16:0x00000004  x9=0x00000000
        1755000	       174	80000298	00b6a133	slt	x2,x13,x11	 x13:0x00000000 x11:0x00000000  x2=0x00000000
        1765000	       175	8000029c	021d9263	bne	x27,x1,800002c0	 x27:0x0000006a  x1:0x00000000
        1775000	       176	00000000	00000013	addi	x0,x0,0	  x0:0x00000000
        1785000	       177	800002bc	00000013	addi	x0,x0,0	  x0:0x00000000
        1795000	       178	800002c0	02ff9063	bne	x31,x15,800002e0	 x31:0x8000a5f7 x15:0x00000000
        1805000	       179	00000000	00000013	addi	x0,x0,0	  x0:0x00000000
        1815000	       180	800002dc	00000013	addi	x0,x0,0	  x0:0x00000000
        1825000	       181	800002e0	b0c70e13	addi	x28,x14,-1268	 x14:0x00000000 x28=0xfffffb0c
        1835000	       182	800002e4	408ed6b3	sra	x13,x29,x8	 x29:0xb8b90000  x8:0x80009f84 x13=0xfb8b9000
        1845000	       183	800002e8	00000013	addi	x0,x0,0	  x0:0x00000000
        1855000	       184	800002ec	297ce513	ori	x10,x25,663	 x25:0x00000000 x10=0x00000297
        1865000	       185	800002f0	0106e5b3	or	x11,x13,x16	 x13:0xfb8b9000 x16:0x00000004 x11=0xfb8b9004
        1875000	       186	800002f4	5273eb93	ori	x23,x7,1319	  x7:0x00000000 x23=0x00000527
        1885000	       187	800002f8	036e9463	bne	x29,x22,80000320	 x29:0xb8b90000 x22:0x00000000
        1895000	       188	00000000	00000013	addi	x0,x0,0	  x0:0x00000000
        1905000	       189	8000031c	00000013	addi	x0,x0,0	  x0:0x00000000
        1915000	       190	80000320	00449fb3	sll	x31,x9,x4	  x9:0x00000000  x4:0x000000b8 x31=0x00000000
        1925000	       191	80000324	00000013	addi	x0,x0,0	  x0:0x00000000
        1935000	       192	80000328	cc2c3c13	sltiu	x24,x24,-830	 x24:0xffffff9e x24=0x00000000
        1945000	       193	8000032c	07d8e663	bltu	x17,x29,80000398	 x17:0xffffff8a x29:0xb8b90000
        1955000	       194	80000330	05154c63	blt	x10,x17,80000388	 x10:0x00000297 x17:0xffffff8a
        1965000	       195	80000334	ac473393	sltiu	x7,x14,-1340	 x14:0x00000000  x7=0x00000001
        1975000	       196	80000338	41d50bb3	sub	x23,x10,x29	 x10:0x00000297 x29:0xb8b90000 x23=0x47470297
        1985000	       197	8000033c	ab044393	xori	x7,x8,-1360	  x8:0x80009f84  x7=0x7fff6534
        1995000	       198	80000340	01321313	slli	x6,x4,0x13	  x4:0x000000b8  x6=0x05c00000
        2005000	       199	80000344	00001797	auipc	x15,0x1	 x15=0x80001340
        2015000	       200	80000348	37078793	addi	x15,x15,880	 x15:0x80001340 x15=0x800016b0
        2025000	       201	8000034c	8cc5bb93	sltiu	x23,x11,-1844	 x11:0xfb8b9004 x23=0x00000001
        2035000	       202	80000350	00000013	addi	x0,x0,0	  x0:0x00000000
        2045000	       203	80000354	00cca933	slt	x18,x25,x12	 x25:0x00000000 x12:0x38b90000 x18=0x00000001
        2055000	       204	80000358	00d50233	add	x4,x10,x13	 x10:0x00000297 x13:0xfb8b9000  x4=0xfb8b9297
        2065000	       205	8000035c	2c078793	addi	x15,x15,704	 x15:0x800016b0 x15=0x80001970
        2075000	       206	80000360	007a4663	blt	x20,x7,8000036c	 x20:0x00000000  x7:0x7fff6534
        2085000	       207	00000000	00000013	addi	x0,x0,0	  x0:0x00000000
        2095000	       208	80000368	00000013	addi	x0,x0,0	  x0:0x00000000
        2105000	       209	8000036c	d4078ee7	jalr	x29,x15,-704	 x15:0x80001970 x29=0x8000036c
        2115000	       210	00000000	00000013	addi	x0,x0,0	  x0:0x00000000
        2125000	       211	800016b0	00000013	addi	x0,x0,0	  x0:0x00000000
        2135000	       212	800016b4	01a01013	slli	x0,x0,0x1a	  x0:0x00000000
        2145000	       213	800016b8	fc040413	addi	x8,x8,-64	  x8:0x80009f84  x8=0x80009f44
        2155000	       214	800016bc	01c7da33	srl	x20,x15,x28	 x15:0x80001970 x28:0xfffffb0c x20=0x00080001
        2165000	       215	800016c0	001f4233	xor	x4,x30,x1	 x30:0x80009fc4  x1:0x00000000  x4=0x80009fc4
        2175000	       216	800016c4	013ee733	or	x14,x29,x19	 x29:0x8000036c x19:0xe4e5e6e7 x14=0xe4e5e7ef
        2185000	       217	800016c8	01d42223	sw	x29,4(x8)	  x8:0x80009f44 x29:0x8000036c PA:0x80009f48
        2195000	       218	800016cc	01ca46b3	xor	x13,x20,x28	 x20:0x00080001 x28:0xfffffb0c x13=0xfff7fb0d
        2205000	       219	800016d0	00007117	auipc	x2,0x7	  x2=0x800086cc
        2215000	       220	800016d4	5b010113	addi	x2,x2,1456	  x2:0x800086cc  x2=0x80008c7c
        2225000	       221	800016d8	18914503	lbu	x10,393(x2)	  x2:0x80008c7c x10=0x000000ee PA:0x80008e05
        2235000	       222	800016dc	40045333	sra	x6,x8,x0	  x8:0x80009f44  x0:0x00000000  x6=0x80009f44
        2245000	       223	800016e0	d2611683	lh	x13,-730(x2)	  x2:0x80008c7c x13=0xffff8889 PA:0x800089a2
        2255000	       224	800016e4	fb714a83	lbu	x21,-73(x2)	  x2:0x80008c7c x21=0x00000018 PA:0x80008c33
        2265000	       225	800016e8	f8311123	sh	x3,-126(x2)	  x2:0x80008c7c  x3:0x50000000 PA:0x80008bfe
        2275000	       226	800016ec	41335233	sra	x4,x6,x19	  x6:0x80009f44 x19:0xe4e5e6e7  x4=0xff00013e
        2285000	       227	800016f0	c0910623	sb	x9,-1012(x2)	  x2:0x80008c7c  x9:0x00000000 PA:0x80008888
        2295000	       228	800016f4	20412903	lw	x18,516(x2)	  x2:0x80008c7c x18=0x68696a6b PA:0x80008e80
        2305000	       229	800016f8	310101a3	sb	x16,771(x2)	  x2:0x80008c7c x16:0x00000004 PA:0x80008f7f
        2315000	       230	800016fc	c3310683	lb	x13,-973(x2)	  x2:0x80008c7c x13=0xffffff94 PA:0x800088af
        2325000	       231	80001700	02b10e83	lb	x29,43(x2)	  x2:0x80008c7c x29=0xffffff8c PA:0x80008ca7
        2335000	       232	80001704	07411203	lh	x4,116(x2)	  x2:0x80008c7c  x4=0xffffdadb PA:0x80008cf0
        2345000	       233	80001708	1d3f0b13	addi	x22,x30,467	 x30:0x80009fc4 x22=0x8000a197
        2355000	       234	8000170c	aba38d93	addi	x27,x7,-1350	  x7:0x7fff6534 x27=0x7fff5fee
        2365000	       235	80001710	cd610823	sb	x22,-816(x2)	  x2:0x80008c7c x22:0x8000a197 PA:0x8000894c
        2375000	       236	80001714	dc411183	lh	x3,-572(x2)	  x2:0x80008c7c  x3=0x00002a2b PA:0x80008a40
        2385000	       237	80001718	ebfce893	ori	x17,x25,-321	 x25:0x00000000 x17=0xfffffebf
        2395000	       238	8000171c	5d592513	slti	x10,x18,1493	 x18:0x68696a6b x10=0x00000000
        2405000	       239	80001720	00106333	or	x6,x0,x1	  x0:0x00000000  x1:0x00000000  x6=0x00000000
        2415000	       240	80001724	1c211b83	lh	x23,450(x2)	  x2:0x80008c7c x23=0x00002425 PA:0x80008e3e
        2425000	       241	80001728	16a103a3	sb	x10,359(x2)	  x2:0x80008c7c x10:0x00000000 PA:0x80008de3
        2435000	       242	8000172c	018f0533	add	x10,x30,x24	 x30:0x80009fc4 x24:0x00000000 x10=0x80009fc4
        2445000	       243	80001730	0019e7b3	or	x15,x19,x1	 x19:0xe4e5e6e7  x1:0x00000000 x15=0xe4e5e6e7
        2455000	       244	80001734	edd11b23	sh	x29,-298(x2)	  x2:0x80008c7c x29:0xffffff8c PA:0x80008b52
        2465000	       245	80001738	e3c10383	lb	x7,-452(x2)	  x2:0x80008c7c  x7=0xffffffa3 PA:0x80008ab8
        2475000	       246	8000173c	f5c14383	lbu	x7,-164(x2)	  x2:0x80008c7c  x7=0x000000c3 PA:0x80008bd8
        2485000	       247	80001740	01775793	srli	x15,x14,0x17	 x14:0xe4e5e7ef x15=0x000001c9
        2495000	       248	80001744	08114983	lbu	x19,129(x2)	  x2:0x80008c7c x19=0x000000e6 PA:0x80008cfd
        2505000	       249	80001748	0054bd33	sltu	x26,x9,x5	  x9:0x00000000  x5:0x0000e071 x26=0x00000001
        2515000	       250	8000174c	1a3108a3	sb	x3,433(x2)	  x2:0x80008c7c  x3:0x00002a2b PA:0x80008e2d
        2525000	       251	80001750	1ed10503	lb	x10,493(x2)	  x2:0x80008c7c x10=0x00000052 PA:0x80008e69
        2535000	       252	80001754	e0c14203	lbu	x4,-500(x2)	  x2:0x80008c7c  x4=0x00000000 PA:0x80008a88
        2545000	       253	80001758	d9812703	lw	x14,-616(x2)	  x2:0x80008c7c x14=0xfcfdfeff PA:0x80008a14
        2555000	       254	8000175c	1c014e03	lbu	x28,448(x2)	  x2:0x80008c7c x28=0x00000027 PA:0x80008e3c
        2565000	       255	80001760	20114a83	lbu	x21,513(x2)	  x2:0x80008c7c x21=0x00000066 PA:0x80008e7d
        2575000	       256	80001764	e3f14603	lbu	x12,-449(x2)	  x2:0x80008c7c x12=0x000000a0 PA:0x80008abb
        2585000	       257	80001768	e7212e23	sw	x18,-388(x2)	  x2:0x80008c7c x18:0x68696a6b PA:0x80008af8
        2595000	       258	8000176c	56450993	addi	x19,x10,1380	 x10:0x00000052 x19=0x000005b6
        2605000	       259	80001770	00e6d733	srl	x14,x13,x14	 x13:0xffffff94 x14:0xfcfdfeff x14=0x00000001
        2615000	       260	80001774	c4a11683	lh	x13,-950(x2)	  x2:0x80008c7c x13=0xffffacad PA:0x800088c6
        2625000	       261	80001778	d0f14c83	lbu	x25,-753(x2)	  x2:0x80008c7c x25=0x00000070 PA:0x8000898b
        2635000	       262	8000177c	017f7ab3	and	x21,x30,x23	 x30:0x80009fc4 x23:0x00002425 x21=0x00000404
        2645000	       263	80001780	00c02633	slt	x12,x0,x12	  x0:0x00000000 x12:0x000000a0 x12=0x00000001
        2655000	       264	80001784	26411a83	lh	x21,612(x2)	  x2:0x80008c7c x21=0xffffcacb PA:0x80008ee0
        2665000	       265	80001788	01167a33	and	x20,x12,x17	 x12:0x00000001 x17:0xfffffebf x20=0x00000001
        2675000	       266	8000178c	e5b14583	lbu	x11,-421(x2)	  x2:0x80008c7c x11=0x000000bc PA:0x80008ad7
        2685000	       267	80001790	00007b97	auipc	x23,0x7	 x23=0x8000878c
        2695000	       268	80001794	e76b8b93	addi	x23,x23,-394	 x23:0x8000878c x23=0x80008602
        2705000	       269	80001798	03db8fa3	sb	x29,63(x23)	 x23:0x80008602 x29:0xffffff8c PA:0x80008641
        2715000	       270	8000179c	b3807897	auipc	x17,0xb3807	 x17=0x33808798
        2725000	       271	800017a0	f21b84a3	sb	x1,-215(x23)	 x23:0x80008602  x1:0x00000000 PA:0x8000852b
        2735000	       272	800017a4	99700993	addi	x19,x0,-1641	  x0:0x00000000 x19=0xfffff997
        2745000	       273	800017a8	efdd6137	lui	x2,0xefdd6	  x2=0xefdd6000
        2755000	       274	800017ac	b2ea4013	xori	x0,x20,-1234	 x20:0x00000001
        2765000	       275	800017b0	075b8083	lb	x1,117(x23)	 x23:0x80008602  x1=0x0000002c PA:0x80008677
        2775000	       276	800017b4	413a5d93	srai	x27,x20,0x13	 x20:0x00000001 x27=0x00000000
        2785000	       277	800017b8	b8bb9d23	sh	x11,-1126(x23)	 x23:0x80008602 x11:0x000000bc PA:0x8000819c
        2795000	       278	800017bc	00000013	addi	x0,x0,0	  x0:0x00000000
        2805000	       279	800017c0	b26b9703	lh	x14,-1242(x23)	 x23:0x80008602 x14=0xffffe2e3 PA:0x80008128
        2815000	       280	800017c4	016b2133	slt	x2,x22,x22	 x22:0x8000a197 x22:0x8000a197  x2=0x00000000
        2825000	       281	800017c8	b93b8083	lb	x1,-1133(x23)	 x23:0x80008602  x1=0x0000004e PA:0x80008195
        2835000	       282	800017cc	01777733	and	x14,x14,x23	 x14:0xffffe2e3 x23:0x80008602 x14=0x80008202
        2845000	       283	800017d0	644d4097	auipc	x1,0x644d4	  x1=0xe44d57cc
        2855000	       284	800017d4	b8fb9b23	sh	x15,-1130(x23)	 x23:0x80008602 x15:0x000001c9 PA:0x80008198
        2865000	       285	800017d8	daeba123	sw	x14,-606(x23)	 x23:0x80008602 x14:0x80008202 PA:0x800083a4
        2875000	       286	800017dc	c2bb88a3	sb	x11,-975(x23)	 x23:0x80008602 x11:0x000000bc PA:0x80008233
        2885000	       287	800017e0	f9c68113	addi	x2,x13,-100	 x13:0xffffacad  x2=0xffffac49
        2895000	       288	800017e4	e03b8083	lb	x1,-509(x23)	 x23:0x80008602  x1=0xffffffbe PA:0x80008405
        2905000	       289	800017e8	b0db8083	lb	x1,-1267(x23)	 x23:0x80008602  x1=0xffffffc4 PA:0x8000810f
        2915000	       290	800017ec	db0b9323	sh	x16,-602(x23)	 x23:0x80008602 x16:0x00000004 PA:0x800083a8
        2925000	       291	800017f0	dfdb8c03	lb	x24,-515(x23)	 x23:0x80008602 x24=0xffffffb4 PA:0x800083ff
        2935000	       292	800017f4	0149e4b3	or	x9,x19,x20	 x19:0xfffff997 x20:0x00000001  x9=0xfffff997
        2945000	       293	800017f8	01f28333	add	x6,x5,x31	  x5:0x0000e071 x31:0x00000000  x6=0x0000e071
        2955000	       294	800017fc	de457693	andi	x13,x10,-540	 x10:0x00000052 x13=0x00000040
        2965000	       295	80001800	017fce33	xor	x28,x31,x23	 x31:0x00000000 x23:0x80008602 x28=0x80008602
        2975000	       296	80001804	0b6b8903	lb	x18,182(x23)	 x23:0x80008602 x18=0x00000073 PA:0x800086b8
        2985000	       297	80001808	e5addcb7	lui	x25,0xe5add	 x25=0xe5add000
        2995000	       298	8000180c	ca4bd683	lhu	x13,-860(x23)	 x23:0x80008602 x13=0x00005c5d PA:0x800082a6
        3005000	       299	80001810	01c84233	xor	x4,x16,x28	 x16:0x00000004 x28:0x80008602  x4=0x80008606
        3015000	       300	80001814	eb2bdc03	lhu	x24,-334(x23)	 x23:0x80008602 x24=0x00006e6f PA:0x800084b4
        3025000	       301	80001818	e1549397	auipc	x7,0xe1549	  x7=0x6154a814
        3035000	       302	8000181c	c21b8923	sb	x1,-974(x23)	 x23:0x80008602  x1:0xffffffc4 PA:0x80008234
        3045000	       303	80001820	c28b9103	lh	x2,-984(x23)	 x23:0x80008602  x2=0xffffe0e1 PA:0x8000822a
        3055000	       304	80001824	f33b8983	lb	x19,-205(x23)	 x23:0x80008602 x19=0xffffffee PA:0x80008535
        3065000	       305	80001828	bfdbce83	lbu	x29,-1027(x23)	 x23:0x80008602 x29=0x000000b4 PA:0x800081ff
        3075000	       306	00000000	00000013	addi	x0,x0,0	  x0:0x00000000
        3085000	       307	8000182c	01de5b13	srli	x22,x28,0x1d	 x28:0x80008602 x22=0x00000004
        3095000	       308	80001830	11f38713	addi	x14,x7,287	  x7:0x6154a814 x14=0x6154a933
        3105000	       309	80001834	b82baa83	lw	x21,-1150(x23)	 x23:0x80008602 x21=0x3c3d3e3f PA:0x80008184
        3115000	       310	80001838	cb8b8283	lb	x5,-840(x23)	 x23:0x80008602  x5=0x00000071 PA:0x800082ba
        3125000	       311	8000183c	01ddd1b3	srl	x3,x27,x29	 x27:0x00000000 x29:0x000000b4  x3=0x00000000
        3135000	       312	80001840	e02baf83	lw	x31,-510(x23)	 x23:0x80008602 x31=0xbcbdbebf PA:0x80008404
        3145000	       313	80001844	40aa0333	sub	x6,x20,x10	 x20:0x00000001 x10:0x00000052  x6=0xffffffaf
        3155000	       314	80001848	bf138e93	addi	x29,x7,-1039	  x7:0x6154a814 x29=0x6154a405
        3165000	       315	8000184c	203bc283	lbu	x5,515(x23)	 x23:0x80008602  x5=0x000000be PA:0x80008805
        3175000	       316	80001850	c0cbd303	lhu	x6,-1012(x23)	 x23:0x80008602  x6=0x0000c4c5 PA:0x8000820e
        3185000	       317	80001854	070b8183	lb	x3,112(x23)	 x23:0x80008602  x3=0x00000029 PA:0x80008672
        3195000	       318	80001858	013028b3	slt	x17,x0,x19	  x0:0x00000000 x19:0xffffffee x17=0x00000000
        3205000	       319	8000185c	cffbcb03	lbu	x22,-769(x23)	 x23:0x80008602 x22=0x000000ba PA:0x80008301
        3215000	       320	80001860	a7bb9e23	sh	x27,-1412(x23)	 x23:0x80008602 x27:0x00000000 PA:0x8000807e
        3225000	       321	80001864	00000013	addi	x0,x0,0	  x0:0x00000000
        3235000	       322	80001868	00a37a33	and	x20,x6,x10	  x6:0x0000c4c5 x10:0x00000052 x20=0x00000040
        3245000	       323	8000186c	dbb13093	sltiu	x1,x2,-581	  x2:0xffffe0e1  x1=0x00000001
        3255000	       324	80001870	b84b9183	lh	x3,-1148(x23)	 x23:0x80008602  x3=0x00003c3d PA:0x80008186
        3265000	       325	80001874	00000013	addi	x0,x0,0	  x0:0x00000000
        3275000	       326	80001878	022b8aa3	sb	x2,53(x23)	 x23:0x80008602  x2:0xffffe0e1 PA:0x80008637
        3285000	       327	8000187c	00007d97	auipc	x27,0x7	 x27=0x80008878
        3295000	       328	80001880	cd6d8d93	addi	x27,x27,-810	 x27:0x80008878 x27=0x8000854e
        3305000	       329	80001884	007dce03	lbu	x28,7(x27)	 x27:0x8000854e x28=0x0000000e PA:0x80008555
        3315000	       330	80001888	006d2e33	slt	x28,x26,x6	 x26:0x00000001  x6:0x0000c4c5 x28=0x00000001
        3325000	       331	8000188c	00bd8e83	lb	x29,11(x27)	 x27:0x8000854e x29=0x00000012 PA:0x80008559
        3335000	       332	80001890	ff9d8703	lb	x14,-7(x27)	 x27:0x8000854e x14=0xfffffffc PA:0x80008547
        3345000	       333	80001894	01c8ee33	or	x28,x17,x28	 x17:0x00000000 x28:0x00000001 x28=0x00000001
        3355000	       334	80001898	40565913	srai	x18,x12,0x5	 x12:0x00000001 x18=0x00000000
        3365000	       335	8000189c	004f5d13	srli	x26,x30,0x4	 x30:0x80009fc4 x26=0x080009fc
        3375000	       336	800018a0	016f8633	add	x12,x31,x22	 x31:0xbcbdbebf x22:0x000000ba x12=0xbcbdbf79
        3385000	       337	800018a4	009dc203	lbu	x4,9(x27)	 x27:0x8000854e  x4=0x0000000c PA:0x80008557
        3395000	       338	800018a8	ffad9e83	lh	x29,-6(x27)	 x27:0x8000854e x29=0x00000203 PA:0x80008548
        3405000	       339	800018ac	ff1dcb03	lbu	x22,-15(x27)	 x27:0x8000854e x22=0x000000f4 PA:0x8000853f
        3415000	       340	800018b0	00fdc683	lbu	x13,15(x27)	 x27:0x8000854e x13=0x00000016 PA:0x8000855d
        3425000	       341	800018b4	ff2dda83	lhu	x21,-14(x27)	 x27:0x8000854e x21=0x0000fafb PA:0x80008540
        3435000	       342	800018b8	01e16cb3	or	x25,x2,x30	  x2:0xffffe0e1 x30:0x80009fc4 x25=0xffffffe5
        3445000	       343	800018bc	ff7d8823	sb	x23,-16(x27)	 x27:0x8000854e x23:0x80008602 PA:0x8000853e
        3455000	       344	800018c0	00bd8e03	lb	x28,11(x27)	 x27:0x8000854e x28=0x00000012 PA:0x80008559
        3465000	       345	800018c4	4189da93	srai	x21,x19,0x18	 x19:0xffffffee x21=0xffffffff
        3475000	       346	800018c8	ffedc903	lbu	x18,-2(x27)	 x27:0x8000854e x18=0x00000007 PA:0x8000854c
        3485000	       347	800018cc	0133eb33	or	x22,x7,x19	  x7:0x6154a814 x19:0xffffffee x22=0xfffffffe
        3495000	       348	800018d0	00000013	addi	x0,x0,0	  x0:0x00000000
        3505000	       349	800018d4	ff7d8b03	lb	x22,-9(x27)	 x27:0x8000854e x22=0xfffffffe PA:0x80008545
        3515000	       350	800018d8	ff7d8303	lb	x6,-9(x27)	 x27:0x8000854e  x6=0xfffffffe PA:0x80008545
        3525000	       351	800018dc	00000013	addi	x0,x0,0	  x0:0x00000000
        3535000	       352	800018e0	4133dc93	srai	x25,x7,0x13	  x7:0x6154a814 x25=0x00000c2a
        3545000	       353	800018e4	fa617593	andi	x11,x2,-90	  x2:0xffffe0e1 x11=0xffffe0a0
        3555000	       354	800018e8	002da503	lw	x10,2(x27)	 x27:0x8000854e x10=0x08090a0b PA:0x80008550
        3565000	       355	800018ec	057bf513	andi	x10,x23,87	 x23:0x80008602 x10=0x00000002
        3575000	       356	800018f0	fe3d8823	sb	x3,-16(x27)	 x27:0x8000854e  x3:0x00003c3d PA:0x8000853e
        3585000	       357	800018f4	01432bb3	slt	x23,x6,x20	  x6:0xfffffffe x20:0x00000040 x23=0x00000001
        3595000	       358	800018f8	40d55913	srai	x18,x10,0xd	 x10:0x00000002 x18=0x00000000
        3605000	       359	800018fc	ff1dc783	lbu	x15,-15(x27)	 x27:0x8000854e x15=0x000000f4 PA:0x8000853f
        3615000	       360	80001900	006dd283	lhu	x5,6(x27)	 x27:0x8000854e  x5=0x00000e0f PA:0x80008554
        3625000	       361	80001904	ff4dc383	lbu	x7,-12(x27)	 x27:0x8000854e  x7=0x000000f9 PA:0x80008542
        3635000	       362	80001908	00ad8d03	lb	x26,10(x27)	 x27:0x8000854e x26=0x00000013 PA:0x80008558
        3645000	       363	8000190c	008d8e03	lb	x28,8(x27)	 x27:0x8000854e x28=0x0000000d PA:0x80008556
        3655000	       364	80001910	00ac88b3	add	x17,x25,x10	 x25:0x00000c2a x10:0x00000002 x17=0x00000c2c
        3665000	       365	80001914	41ce0bb3	sub	x23,x28,x28	 x28:0x0000000d x28:0x0000000d x23=0x00000000
        3675000	       366	80001918	ffbdcb83	lbu	x23,-5(x27)	 x27:0x8000854e x23=0x00000002 PA:0x80008549
        3685000	       367	8000191c	014d9323	sh	x20,6(x27)	 x27:0x8000854e x20:0x00000040 PA:0x80008554
        3695000	       368	80001920	014b39b3	sltu	x19,x22,x20	 x22:0xfffffffe x20:0x00000040 x19=0x00000000
        3705000	       369	80001924	01359e93	slli	x29,x11,0x13	 x11:0xffffe0a0 x29=0x05000000
        3715000	       370	80001928	01cd84a3	sb	x28,9(x27)	 x27:0x8000854e x28:0x0000000d PA:0x80008557
        3725000	       371	8000192c	00bd8b03	lb	x22,11(x27)	 x27:0x8000854e x22=0x00000012 PA:0x80008559
        3735000	       372	80001930	007dca03	lbu	x20,7(x27)	 x27:0x8000854e x20=0x00000000 PA:0x80008555
        3745000	       373	80001934	00007097	auipc	x1,0x7	  x1=0x80008930
        3755000	       374	80001938	26208093	addi	x1,x1,610	  x1:0x80008930  x1=0x80008b92
        3765000	       375	8000193c	01a56633	or	x12,x10,x26	 x10:0x00000002 x26:0x00000013 x12=0x00000013
        3775000	       376	80001940	cbafae13	slti	x28,x31,-838	 x31:0xbcbdbebf x28=0x00000001
        3785000	       377	80001944	00e09e83	lh	x29,14(x1)	  x1:0x80008b92 x29=0xffff8a8b PA:0x80008ba0
        3795000	       378	80001948	fce0a323	sw	x14,-58(x1)	  x1:0x80008b92 x14:0xfffffffc PA:0x80008b58
        3805000	       379	8000194c	5c713213	sltiu	x4,x2,1479	  x2:0xffffe0e1  x4=0x00000000
        3815000	       380	80001950	4028d7b3	sra	x15,x17,x2	 x17:0x00000c2c  x2:0xffffe0e1 x15=0x00000616
        3825000	       381	80001954	ffd08823	sb	x29,-16(x1)	  x1:0x80008b92 x29:0xffff8a8b PA:0x80008b82
        3835000	       382	80001958	e4017a13	andi	x20,x2,-448	  x2:0xffffe0e1 x20=0xffffe040
        3845000	       383	8000195c	6eb3f493	andi	x9,x7,1771	  x7:0x000000f9  x9=0x000000e9
        3855000	       384	80001960	01a171b3	and	x3,x2,x26	  x2:0xffffe0e1 x26:0x00000013  x3=0x00000001
        3865000	       385	80001964	00723e33	sltu	x28,x4,x7	  x4:0x00000000  x7:0x000000f9 x28=0x00000001
        3875000	       386	80001968	b273a493	slti	x9,x7,-1241	  x7:0x000000f9  x9=0x00000000
        3885000	       387	8000196c	0320dc03	lhu	x24,50(x1)	  x1:0x80008b92 x24=0x0000aeaf PA:0x80008bc4
        3895000	       388	80001970	00000013	addi	x0,x0,0	  x0:0x00000000
        3905000	       389	80001974	fe008723	sb	x0,-18(x1)	  x1:0x80008b92  x0:0x00000000 PA:0x80008b80
        3915000	       390	80001978	fdc0ca03	lbu	x20,-36(x1)	  x1:0x80008b92 x20=0x00000055 PA:0x80008b6e
        3925000	       391	8000197c	418ed113	srai	x2,x29,0x18	 x29:0xffff8a8b  x2=0xffffffff
        3935000	       392	80001980	019e24b3	slt	x9,x28,x25	 x28:0x00000001 x25:0x00000c2a  x9=0x00000001
        3945000	       393	80001984	a076f493	andi	x9,x13,-1529	 x13:0x00000016  x9=0x00000006
        3955000	       394	80001988	01847733	and	x14,x8,x24	  x8:0x80009f44 x24:0x0000aeaf x14=0x00008e04
        3965000	       395	8000198c	416d5b33	sra	x22,x26,x22	 x26:0x00000013 x22:0x00000012 x22=0x00000000
        3975000	       396	80001990	00455913	srli	x18,x10,0x4	 x10:0x00000002 x18=0x00000000
        3985000	       397	80001994	fe5088a3	sb	x5,-15(x1)	  x1:0x80008b92  x5:0x00000e0f PA:0x80008b83
        3995000	       398	80001998	be0dbb13	sltiu	x22,x27,-1056	 x27:0x8000854e x22=0x00000001
        4005000	       399	8000199c	b88c0e37	lui	x28,0xb88c0	 x28=0xb88c0000
        4015000	       400	800019a0	01374d33	xor	x26,x14,x19	 x14:0x00008e04 x19:0x00000000 x26=0x00008e04
        4025000	       401	800019a4	9ceac993	xori	x19,x21,-1586	 x21:0xffffffff x19=0x00000631
        4035000	       402	800019a8	96740697	auipc	x13,0x96740	 x13=0x167419a4
        4045000	       403	800019ac	33e34893	xori	x17,x6,830	  x6:0xfffffffe x17=0xfffffcc0
        4055000	       404	800019b0	5f6e3997	auipc	x19,0x5f6e3	 x19=0xdf6e49ac
        4065000	       405	800019b4	00308e23	sb	x3,28(x1)	  x1:0x80008b92  x3:0x00000001 PA:0x80008bae
        4075000	       406	800019b8	00380fb3	add	x31,x16,x3	 x16:0x00000004  x3:0x00000001 x31=0x00000005
        4085000	       407	800019bc	009edfb3	srl	x31,x29,x9	 x29:0xffff8a8b  x9:0x00000006 x31=0x03fffe2a
        4095000	       408	800019c0	0180c283	lbu	x5,24(x1)	  x1:0x80008b92  x5=0x00000091 PA:0x80008baa
        4105000	       409	800019c4	232aa993	slti	x19,x21,562	 x21:0xffffffff x19=0x00000001
        4115000	       410	800019c8	4bfb8693	addi	x13,x23,1215	 x23:0x00000002 x13=0x000004c1
        4125000	       411	800019cc	01834333	xor	x6,x6,x24	  x6:0xfffffffe x24:0x0000aeaf  x6=0xffff5151
        4135000	       412	800019d0	fef08ba3	sb	x15,-9(x1)	  x1:0x80008b92 x15:0x00000616 PA:0x80008b89
        4145000	       413	800019d4	03208983	lb	x19,50(x1)	  x1:0x80008b92 x19=0xffffffaf PA:0x80008bc4
        4155000	       414	800019d8	fc109223	sh	x1,-60(x1)	  x1:0x80008b92  x1:0x80008b92 PA:0x80008b56
        4165000	       415	800019dc	b2def013	andi	x0,x29,-1235	 x29:0xffff8a8b
        4175000	       416	800019e0	ffd0ce03	lbu	x28,-3(x1)	  x1:0x80008b92 x28=0x00000074 PA:0x80008b8f
        4185000	       417	800019e4	00007117	auipc	x2,0x7	  x2=0x800089e0
        4195000	       418	800019e8	5cf10113	addi	x2,x2,1487	  x2:0x800089e0  x2=0x80008faf
        4205000	       419	800019ec	bce14083	lbu	x1,-1074(x2)	  x2:0x80008faf  x1=0x00000066 PA:0x80008b7d
        4215000	       420	800019f0	00ecd713	srli	x14,x25,0xe	 x25:0x00000c2a x14=0x00000000
        4225000	       421	800019f4	411750b3	sra	x1,x14,x17	 x14:0x00000000 x17:0xfffffcc0  x1=0x00000000
        4235000	       422	800019f8	bfc14d03	lbu	x26,-1028(x2)	  x2:0x80008faf x26=0x00000090 PA:0x80008bab
        4245000	       423	800019fc	a0f06a13	ori	x20,x0,-1521	  x0:0x00000000 x20=0xfffffa0f
        4255000	       424	80001a00	415d5933	sra	x18,x26,x21	 x26:0x00000090 x21:0xffffffff x18=0x00000000
        4265000	       425	80001a04	e0210783	lb	x15,-510(x2)	  x2:0x80008faf x15=0xffffff9a PA:0x80008db1
        4275000	       426	80001a08	9b3d3393	sltiu	x7,x26,-1613	 x26:0x00000090  x7=0x00000001
        4285000	       427	80001a0c	b5110583	lb	x11,-1199(x2)	  x2:0x80008faf x11=0xffffffeb PA:0x80008b00
        4295000	       428	00000000	00000013	addi	x0,x0,0	  x0:0x00000000
        4305000	       429	80001a10	01459b93	slli	x23,x11,0x14	 x11:0xffffffeb x23=0xfeb00000
        4315000	       430	80001a14	407bd293	srai	x5,x23,0x7	 x23:0xfeb00000  x5=0xfffd6000
        4325000	       431	80001a18	12184a13	xori	x20,x16,289	 x16:0x00000004 x20=0x00000125
        4335000	       432	80001a1c	be114203	lbu	x4,-1055(x2)	  x2:0x80008faf  x4=0x0000007b PA:0x80008b90
        4345000	       433	80001a20	ad110503	lb	x10,-1327(x2)	  x2:0x80008faf x10=0x0000006b PA:0x80008a80
        4355000	       434	80001a24	0120fc33	and	x24,x1,x18	  x1:0x00000000 x18:0x00000000 x24=0x00000000
        4365000	       435	80001a28	41d35d33	sra	x26,x6,x29	  x6:0xffff5151 x29:0xffff8a8b x26=0xffffffea
        4375000	       436	80001a2c	0136e3b3	or	x7,x13,x19	 x13:0x000004c1 x19:0xffffffaf  x7=0xffffffef
        4385000	       437	80001a30	f763fd13	andi	x26,x7,-138	  x7:0xffffffef x26=0xffffff66
        4395000	       438	80001a34	b2610003	lb	x0,-1242(x2)	  x2:0x80008faf PA:0x80008ad5
        4405000	       439	80001a38	c29d6f93	ori	x31,x26,-983	 x26:0xffffff66 x31=0xffffff6f
        4415000	       440	80001a3c	7a526013	ori	x0,x4,1957	  x4:0x0000007b
        4425000	       441	80001a40	00eced33	or	x26,x25,x14	 x25:0x00000c2a x14:0x00000000 x26=0x00000c2a
        4435000	       442	80001a44	76b13e13	sltiu	x28,x2,1899	  x2:0x80008faf x28=0x00000000
        4445000	       443	80001a48	b60117a3	sh	x0,-1169(x2)	  x2:0x80008faf  x0:0x00000000 PA:0x80008b1e
        4455000	       444	80001a4c	41a151b3	sra	x3,x2,x26	  x2:0x80008faf x26:0x00000c2a  x3=0xffe00023
        4465000	       445	80001a50	c5b13617	auipc	x12,0xc5b13	 x12=0x45b14a4c
        4475000	       446	80001a54	403f8d33	sub	x26,x31,x3	 x31:0xffffff6f  x3:0xffe00023 x26=0x001fff4c
        4485000	       447	80001a58	00000013	addi	x0,x0,0	  x0:0x00000000
        4495000	       448	80001a5c	89914c83	lbu	x25,-1895(x2)	  x2:0x80008faf x25=0x00000033 PA:0x80008848
        4505000	       449	80001a60	00000013	addi	x0,x0,0	  x0:0x00000000
        4515000	       450	80001a64	01ff89b3	add	x19,x31,x31	 x31:0xffffff6f x31:0xffffff6f x19=0xfffffede
        4525000	       451	80001a68	86d0f213	andi	x4,x1,-1939	  x1:0x00000000  x4=0x00000000
        4535000	       452	80001a6c	409489b3	sub	x19,x9,x9	  x9:0x00000006  x9:0x00000006 x19=0x00000000
        4545000	       453	80001a70	00425fb3	srl	x31,x4,x4	  x4:0x00000000  x4:0x00000000 x31=0x00000000
        4555000	       454	80001a74	41ba0db3	sub	x27,x20,x27	 x20:0x00000125 x27:0x8000854e x27=0x7fff7bd7
        4565000	       455	80001a78	419359b3	sra	x19,x6,x25	  x6:0xffff5151 x25:0x00000033 x19=0xffffffff
        4575000	       456	80001a7c	ce510a23	sb	x5,-780(x2)	  x2:0x80008faf  x5:0xfffd6000 PA:0x80008ca3
        4585000	       457	80001a80	fb710b23	sb	x23,-74(x2)	  x2:0x80008faf x23:0xfeb00000 PA:0x80008f65
        4595000	       458	80001a84	00007117	auipc	x2,0x7	  x2=0x80008a80
        4605000	       459	80001a88	3ae10113	addi	x2,x2,942	  x2:0x80008a80  x2=0x80008e2e
        4615000	       460	80001a8c	00661033	sll	x0,x12,x6	 x12:0x45b14a4c  x6:0xffff5151
        4625000	       461	80001a90	f760f393	andi	x7,x1,-138	  x1:0x00000000  x7=0x00000000
        4635000	       462	80001a94	015101a3	sb	x21,3(x2)	  x2:0x80008e2e x21:0xffffffff PA:0x80008e31
        4645000	       463	80001a98	9dd2b737	lui	x14,0x9dd2b	 x14=0x9dd2b000
        4655000	       464	80001a9c	22733c97	auipc	x25,0x22733	 x25=0xa2734a98
        4665000	       465	80001aa0	0034d693	srli	x13,x9,0x3	  x9:0x00000006 x13=0x00000000
        4675000	       466	80001aa4	5771c993	xori	x19,x3,1399	  x3:0xffe00023 x19=0xffe00554
        4685000	       467	80001aa8	019103a3	sb	x25,7(x2)	  x2:0x80008e2e x25:0xa2734a98 PA:0x80008e35
        4695000	       468	80001aac	0133d6b3	srl	x13,x7,x19	  x7:0x00000000 x19:0xffe00554 x13=0x00000000
        4705000	       469	80001ab0	01dc6eb3	or	x29,x24,x29	 x24:0x00000000 x29:0xffff8a8b x29=0xffff8a8b
        4715000	       470	80001ab4	ff810b83	lb	x23,-8(x2)	  x2:0x80008e2e x23=0x0000000d PA:0x80008e26
        4725000	       471	80001ab8	00110d83	lb	x27,1(x2)	  x2:0x80008e2e x27=0x00000014 PA:0x80008e2f
        4735000	       472	80001abc	ff510b03	lb	x22,-11(x2)	  x2:0x80008e2e x22=0x00000008 PA:0x80008e23
        4745000	       473	80001ac0	0041b3b3	sltu	x7,x3,x4	  x3:0xffe00023  x4:0x00000000  x7=0x00000000
        4755000	       474	80001ac4	005250b3	srl	x1,x4,x5	  x4:0x00000000  x5:0xfffd6000  x1=0x00000000
        4765000	       475	80001ac8	00f14a83	lbu	x21,15(x2)	  x2:0x80008e2e x21=0x00000026 PA:0x80008e3d
        4775000	       476	00000000	00000013	addi	x0,x0,0	  x0:0x00000000
        4785000	       477	80001acc	ff510083	lb	x1,-11(x2)	  x2:0x80008e2e  x1=0x00000008 PA:0x80008e23
        4795000	       478	80001ad0	29a4ad93	slti	x27,x9,666	  x9:0x00000006 x27=0x00000001
        4805000	       479	80001ad4	0151cfb3	xor	x31,x3,x21	  x3:0xffe00023 x21:0x00000026 x31=0xffe00005
        4815000	       480	80001ad8	405b8033	sub	x0,x23,x5	 x23:0x0000000d  x5:0xfffd6000
        4825000	       481	80001adc	00010383	lb	x7,0(x2)	  x2:0x80008e2e  x7=0x00000015 PA:0x80008e2e
        4835000	       482	80001ae0	eac6ac13	slti	x24,x13,-340	 x13:0x00000000 x24=0x00000000
        4845000	       483	80001ae4	40f708b3	sub	x17,x14,x15	 x14:0x9dd2b000 x15:0xffffff9a x17=0x9dd2b066
        4855000	       484	80001ae8	00000013	addi	x0,x0,0	  x0:0x00000000
        4865000	       485	80001aec	774aea13	ori	x20,x21,1908	 x21:0x00000026 x20=0x00000776
        4875000	       486	80001af0	00910383	lb	x7,9(x2)	  x2:0x80008e2e  x7=0x0000001c PA:0x80008e37
        4885000	       487	80001af4	00214f83	lbu	x31,2(x2)	  x2:0x80008e2e x31=0x0000001b PA:0x80008e30
        4895000	       488	80001af8	01cbadb3	slt	x27,x23,x28	 x23:0x0000000d x28:0x00000000 x27=0x00000000
        4905000	       489	80001afc	00c105a3	sb	x12,11(x2)	  x2:0x80008e2e x12:0x45b14a4c PA:0x80008e39
        4915000	       490	80001b00	0102d793	srli	x15,x5,0x10	  x5:0xfffd6000 x15=0x0000fffd
        4925000	       491	80001b04	ff710ea3	sb	x23,-3(x2)	  x2:0x80008e2e x23:0x0000000d PA:0x80008e2b
        4935000	       492	80001b08	01cd1633	sll	x12,x26,x28	 x26:0x001fff4c x28:0x00000000 x12=0x001fff4c
        4945000	       493	80001b0c	00259b93	slli	x23,x11,0x2	 x11:0xffffffeb x23=0xffffffac
        4955000	       494	80001b10	81e2bc93	sltiu	x25,x5,-2018	  x5:0xfffd6000 x25=0x00000001
        4965000	       495	80001b14	018a86b3	add	x13,x21,x24	 x21:0x00000026 x24:0x00000000 x13=0x00000026
        4975000	       496	80001b18	ff211e83	lh	x29,-14(x2)	  x2:0x80008e2e x29=0x00000a0b PA:0x80008e20
        4985000	       497	80001b1c	00657733	and	x14,x10,x6	 x10:0x0000006b  x6:0xffff5151 x14=0x00000041
        4995000	       498	80001b20	ffd10283	lb	x5,-3(x2)	  x2:0x80008e2e  x5=0x0000000d PA:0x80008e2b
        5005000	       499	80001b24	36a7b1b7	lui	x3,0x36a7b	  x3=0x36a7b000
        5015000	       500	80001b28	ffd14203	lbu	x4,-3(x2)	  x2:0x80008e2e  x4=0x0000000d PA:0x80008e2b
        5025000	       501	80001b2c	006a2db3	slt	x27,x20,x6	 x20:0x00000776  x6:0xffff5151 x27=0x00000000
        5035000	       502	80001b30	00114183	lbu	x3,1(x2)	  x2:0x80008e2e  x3=0x00000014 PA:0x80008e2f
        5045000	       503	80001b34	6a552c13	slti	x24,x10,1701	 x10:0x0000006b x24=0x00000001
        5055000	       504	80001b38	00114f83	lbu	x31,1(x2)	  x2:0x80008e2e x31=0x00000014 PA:0x80008e2f
        5065000	       505	80001b3c	00007d17	auipc	x26,0x7	 x26=0x80008b38
        5075000	       506	80001b40	a1fd0d13	addi	x26,x26,-1505	 x26:0x80008b38 x26=0x80008557
        5085000	       507	80001b44	fe5d0303	lb	x6,-27(x26)	 x26:0x80008557  x6=0xfffffff7 PA:0x8000853c
        5095000	       508	80001b48	fecd0503	lb	x10,-20(x26)	 x26:0x80008557 x10=0xfffffff8 PA:0x80008543
        5105000	       509	80001b4c	e9096c13	ori	x24,x18,-368	 x18:0x00000000 x24=0xfffffe90
        5115000	       510	80001b50	004979b3	and	x19,x18,x4	 x18:0x00000000  x4:0x0000000d x19=0x00000000
        5125000	       511	80001b54	01bafb33	and	x22,x21,x27	 x21:0x00000026 x27:0x00000000 x22=0x00000000
        5135000	       512	80001b58	034d1fa3	sh	x20,63(x26)	 x26:0x80008557 x20:0x00000776 PA:0x80008596
        5145000	       513	80001b5c	02ed0c03	lb	x24,46(x26)	 x26:0x80008557 x24=0x0000003e PA:0x80008585
        5155000	       514	80001b60	002d4183	lbu	x3,2(x26)	 x26:0x80008557  x3=0x00000012 PA:0x80008559
        5165000	       515	80001b64	021d2c03	lw	x24,33(x26)	 x26:0x80008557 x24=0x30313233 PA:0x80008578
        5175000	       516	80001b68	fe0d0483	lb	x9,-32(x26)	 x26:0x80008557  x9=0xffffffec PA:0x80008537
        5185000	       517	80001b6c	e7aa4697	auipc	x13,0xe7aa4	 x13=0x67aa5b68
        5195000	       518	80001b70	ffed0623	sb	x30,-20(x26)	 x26:0x80008557 x30:0x80009fc4 PA:0x80008543
        5205000	       519	80001b74	40e58633	sub	x12,x11,x14	 x11:0xffffffeb x14:0x00000041 x12=0xffffffaa
        5215000	       520	80001b78	018043b3	xor	x7,x0,x24	  x0:0x00000000 x24:0x30313233  x7=0x30313233
        5225000	       521	80001b7c	0057beb3	sltu	x29,x15,x5	 x15:0x0000fffd  x5:0x0000000d x29=0x00000000
        5235000	       522	80001b80	0119dab3	srl	x21,x19,x17	 x19:0x00000000 x17:0x9dd2b066 x21=0x00000000
        5245000	       523	80001b84	0035a633	slt	x12,x11,x3	 x11:0xffffffeb  x3:0x00000012 x12=0x00000001
        5255000	       524	80001b88	01bf39b3	sltu	x19,x30,x27	 x30:0x80009fc4 x27:0x00000000 x19=0x00000000
        5265000	       525	80001b8c	01df6b33	or	x22,x30,x29	 x30:0x80009fc4 x29:0x00000000 x22=0x80009fc4
        5275000	       526	80001b90	02fd5303	lhu	x6,47(x26)	 x26:0x80008557  x6=0x00003c3d PA:0x80008586
        5285000	       527	80001b94	02bd20a3	sw	x11,33(x26)	 x26:0x80008557 x11:0xffffffeb PA:0x80008578
        5295000	       528	80001b98	02dd2ea3	sw	x13,61(x26)	 x26:0x80008557 x13:0x67aa5b68 PA:0x80008594
        5305000	       529	80001b9c	00871513	slli	x10,x14,0x8	 x14:0x00000041 x10=0x00004100
        5315000	       530	80001ba0	00be2533	slt	x10,x28,x11	 x28:0x00000000 x11:0xffffffeb x10=0x00000000
        5325000	       531	80001ba4	038d4483	lbu	x9,56(x26)	 x26:0x80008557  x9=0x00000044 PA:0x8000858f
        5335000	       532	80001ba8	ff7d0723	sb	x23,-18(x26)	 x26:0x80008557 x23:0xffffffac PA:0x80008545
        5345000	       533	80001bac	fffd4d83	lbu	x27,-1(x26)	 x26:0x80008557 x27=0x0000000d PA:0x80008556
        5355000	       534	00000000	00000013	addi	x0,x0,0	  x0:0x00000000
        5365000	       535	80001bb0	01bcee33	or	x28,x25,x27	 x25:0x00000001 x27:0x0000000d x28=0x0000000d
        5375000	       536	80001bb4	00dea9b3	slt	x19,x29,x13	 x29:0x00000000 x13:0x67aa5b68 x19=0x00000001
        5385000	       537	80001bb8	025d0aa3	sb	x5,53(x26)	 x26:0x80008557  x5:0x0000000d PA:0x8000858c
        5395000	       538	80001bbc	3342c193	xori	x3,x5,820	  x5:0x0000000d  x3=0x00000339
        5405000	       539	80001bc0	01f78133	add	x2,x15,x31	 x15:0x0000fffd x31:0x00000014  x2=0x00010011
        5415000	       540	80001bc4	fc7d0623	sb	x7,-52(x26)	 x26:0x80008557  x7:0x30313233 PA:0x80008523
        5425000	       541	80001bc8	fdbd0fa3	sb	x27,-33(x26)	 x26:0x80008557 x27:0x0000000d PA:0x80008536
        5435000	       542	80001bcc	00007317	auipc	x6,0x7	  x6=0x80008bc8
        5445000	       543	80001bd0	2e430313	addi	x6,x6,740	  x6:0x80008bc8  x6=0x80008eac
        5455000	       544	80001bd4	7718f893	andi	x17,x17,1905	 x17:0x9dd2b066 x17=0x00000060
        5465000	       545	80001bd8	01bf52b3	srl	x5,x30,x27	 x30:0x80009fc4 x27:0x0000000d  x5=0x00040004
        5475000	       546	80001bdc	01d12db3	slt	x27,x2,x29	  x2:0x00010011 x29:0x00000000 x27=0x00000000
        5485000	       547	80001be0	bfc32a03	lw	x20,-1028(x6)	  x6:0x80008eac x20=0x90919293 PA:0x80008aa8
        5495000	       548	80001be4	d6f31223	sh	x15,-668(x6)	  x6:0x80008eac x15:0x0000fffd PA:0x80008c10
        5505000	       549	80001be8	a7330e03	lb	x28,-1421(x6)	  x6:0x80008eac x28=0x00000004 PA:0x8000891f
        5515000	       550	80001bec	c51cb613	sltiu	x12,x25,-943	 x25:0x00000001 x12=0x00000001
        5525000	       551	80001bf0	5830ac13	slti	x24,x1,1411	  x1:0x00000008 x24=0x00000001
        5535000	       552	80001bf4	96c31483	lh	x9,-1684(x6)	  x6:0x80008eac  x9=0x00000203 PA:0x80008818
        5545000	       553	80001bf8	40aad5b3	sra	x11,x21,x10	 x21:0x00000000 x10:0x00000000 x11=0x00000000
        5555000	       554	80001bfc	a3635503	lhu	x10,-1482(x6)	  x6:0x80008eac x10=0x0000c8c9 PA:0x800088e2
        5565000	       555	80001c00	ae297613	andi	x12,x18,-1310	 x18:0x00000000 x12=0x00000000
        5575000	       556	80001c04	00dd2533	slt	x10,x26,x13	 x26:0x80008557 x13:0x67aa5b68 x10=0x00000001
        5585000	       557	80001c08	e05301a3	sb	x5,-509(x6)	  x6:0x80008eac  x5:0x00040004 PA:0x80008caf
        5595000	       558	80001c0c	00551db3	sll	x27,x10,x5	 x10:0x00000001  x5:0x00040004 x27=0x00000010
        5605000	       559	80001c10	a9635b83	lhu	x23,-1386(x6)	  x6:0x80008eac x23=0x00002829 PA:0x80008942
        5615000	       560	80001c14	01f57a33	and	x20,x10,x31	 x10:0x00000001 x31:0x00000014 x20=0x00000000
        5625000	       561	80001c18	007c2fb3	slt	x31,x24,x7	 x24:0x00000001  x7:0x30313233 x31=0x00000001
        5635000	       562	80001c1c	fdb34c03	lbu	x24,-37(x6)	  x6:0x80008eac x24=0x0000006c PA:0x80008e87
        5645000	       563	80001c20	00330723	sb	x3,14(x6)	  x6:0x80008eac  x3:0x00000339 PA:0x80008eba
        5655000	       564	80001c24	dc230183	lb	x3,-574(x6)	  x6:0x80008eac  x3=0x00000055 PA:0x80008c6e
        5665000	       565	80001c28	f3d30a83	lb	x21,-195(x6)	  x6:0x80008eac x21=0xffffffd2 PA:0x80008de9
        5675000	       566	80001c2c	c9230a83	lb	x21,-878(x6)	  x6:0x80008eac x21=0x00000025 PA:0x80008b3e
        5685000	       567	80001c30	00007117	auipc	x2,0x7	  x2=0x80008c2c
        5695000	       568	80001c34	0d410113	addi	x2,x2,212	  x2:0x80008c2c  x2=0x80008d00
        5705000	       569	80001c38	0f215303	lhu	x6,242(x2)	  x2:0x80008d00  x6=0x0000d8d9 PA:0x80008df2
        5715000	       570	80001c3c	de554b93	xori	x23,x10,-539	 x10:0x00000001 x23=0xfffffde4
        5725000	       571	80001c40	00b4bc33	sltu	x24,x9,x11	  x9:0x00000203 x11:0x00000000 x24=0x00000000
        5735000	       572	80001c44	00000013	addi	x0,x0,0	  x0:0x00000000
        5745000	       573	80001c48	fa810623	sb	x8,-84(x2)	  x2:0x80008d00  x8:0x80009f44 PA:0x80008cac
        5755000	       574	80001c4c	04510503	lb	x10,69(x2)	  x2:0x80008d00 x10=0x0000002e PA:0x80008d45
        5765000	       575	80001c50	f3b105a3	sb	x27,-213(x2)	  x2:0x80008d00 x27:0x00000010 PA:0x80008c2b
        5775000	       576	80001c54	000bfd33	and	x26,x23,x0	 x23:0xfffffde4  x0:0x00000000 x26=0x00000000
        5785000	       577	80001c58	00012703	lw	x14,0(x2)	  x2:0x80008d00 x14=0xe8e9eaeb PA:0x80008d00
        5795000	       578	80001c5c	102c3697	auipc	x13,0x102c3	 x13=0x902c4c58
        5805000	       579	80001c60	f9314a03	lbu	x20,-109(x2)	  x2:0x80008d00 x20=0x00000078 PA:0x80008c93
        5815000	       580	80001c64	062104a3	sb	x2,105(x2)	  x2:0x80008d00  x2:0x80008d00 PA:0x80008d69
        5825000	       581	80001c68	009fe8b3	or	x17,x31,x9	 x31:0x00000001  x9:0x00000203 x17=0x00000203
        5835000	       582	80001c6c	fcf12a23	sw	x15,-44(x2)	  x2:0x80008d00 x15:0x0000fffd PA:0x80008cd4
        5845000	       583	80001c70	04010a03	lb	x20,64(x2)	  x2:0x80008d00 x20=0x0000002b PA:0x80008d40
        5855000	       584	80001c74	00d285b3	add	x11,x5,x13	  x5:0x00040004 x13:0x902c4c58 x11=0x90304c5c
        5865000	       585	80001c78	f5210023	sb	x18,-192(x2)	  x2:0x80008d00 x18:0x00000000 PA:0x80008c40
        5875000	       586	80001c7c	eac55597	auipc	x11,0xeac55	 x11=0x6ac56c78
        5885000	       587	80001c80	05110aa3	sb	x17,85(x2)	  x2:0x80008d00 x17:0x00000203 PA:0x80008d55
        5895000	       588	80001c84	402e04b3	sub	x9,x28,x2	 x28:0x00000004  x2:0x80008d00  x9=0x7fff7304
        5905000	       589	80001c88	01c87cb3	and	x25,x16,x28	 x16:0x00000004 x28:0x00000004 x25=0x00000004
        5915000	       590	80001c8c	002db7b3	sltu	x15,x27,x2	 x27:0x00000010  x2:0x80008d00 x15=0x00000001
        5925000	       591	80001c90	00a11993	slli	x19,x2,0xa	  x2:0x80008d00 x19=0x02340000
        5935000	       592	80001c94	c2bfc793	xori	x15,x31,-981	 x31:0x00000001 x15=0xfffffc2a
        5945000	       593	80001c98	c4954913	xori	x18,x10,-951	 x10:0x0000002e x18=0xfffffc67
        5955000	       594	80001c9c	b1b9c793	xori	x15,x19,-1253	 x19:0x02340000 x15=0xfdcbfb1b
        5965000	       595	80001ca0	09c14a83	lbu	x21,156(x2)	  x2:0x80008d00 x21=0x00000087 PA:0x80008d9c
        5975000	       596	80001ca4	f7f11b23	sh	x31,-138(x2)	  x2:0x80008d00 x31:0x00000001 PA:0x80008c76
        5985000	       597	80001ca8	0f814583	lbu	x11,248(x2)	  x2:0x80008d00 x11=0x000000e3 PA:0x80008df8
        5995000	       598	80001cac	007e94b3	sll	x9,x29,x7	 x29:0x00000000  x7:0x30313233  x9=0x00000000
        6005000	       599	80001cb0	26e84393	xori	x7,x16,622	 x16:0x00000004  x7=0x0000026a
        6015000	       600	80001cb4	f3a11383	lh	x7,-198(x2)	  x2:0x80008d00  x7=0x00002021 PA:0x80008c3a
        6025000	       601	80001cb8	083100a3	sb	x3,129(x2)	  x2:0x80008d00  x3:0x00000055 PA:0x80008d81
        6035000	       602	80001cbc	41285c33	sra	x24,x16,x18	 x16:0x00000004 x18:0xfffffc67 x24=0x00000000
        6045000	       603	80001cc0	f7514483	lbu	x9,-139(x2)	  x2:0x80008d00  x9=0x0000005e PA:0x80008c75
        6055000	       604	80001cc4	05d14c83	lbu	x25,93(x2)	  x2:0x80008d00 x25=0x00000046 PA:0x80008d5d
        6065000	       605	80001cc8	f4c10ca3	sb	x12,-167(x2)	  x2:0x80008d00 x12:0x00000000 PA:0x80008c59
        6075000	       606	80001ccc	f8410083	lb	x1,-124(x2)	  x2:0x80008d00  x1=0x0000006f PA:0x80008c84
        6085000	       607	80001cd0	013b5b93	srli	x23,x22,0x13	 x22:0x80009fc4 x23=0x00001000
        6095000	       608	80001cd4	08c11183	lh	x3,140(x2)	  x2:0x80008d00  x3=0x00007677 PA:0x80008d8c
        6105000	       609	80001cd8	0ee14a03	lbu	x20,238(x2)	  x2:0x80008d00 x20=0x000000d5 PA:0x80008dee
        6115000	       610	80001cdc	34a0c613	xori	x12,x1,842	  x1:0x0000006f x12=0x00000325
        6125000	       611	80001ce0	a8ce2a93	slti	x21,x28,-1396	 x28:0x00000004 x21=0x00000000
        6135000	       612	80001ce4	1b6c3e93	sltiu	x29,x24,438	 x24:0x00000000 x29=0x00000001
        6145000	       613	80001ce8	0d83f713	andi	x14,x7,216	  x7:0x00002021 x14=0x00000000
        6155000	       614	80001cec	014e9db3	sll	x27,x29,x20	 x29:0x00000001 x20:0x000000d5 x27=0x00200000
        6165000	       615	80001cf0	06815503	lhu	x10,104(x2)	  x2:0x80008d00 x10=0x00000053 PA:0x80008d68
        6175000	       616	80001cf4	0b114583	lbu	x11,177(x2)	  x2:0x80008d00 x11=0x0000009a PA:0x80008db1
        6185000	       617	80001cf8	01289793	slli	x15,x17,0x12	 x17:0x00000203 x15=0x080c0000
        6195000	       618	80001cfc	0cedf513	andi	x10,x27,206	 x27:0x00200000 x10=0x00000000
        6205000	       619	80001d00	fd812003	lw	x0,-40(x2)	  x2:0x80008d00 PA:0x80008cd8
        6215000	       620	80001d04	00007097	auipc	x1,0x7	  x1=0x80008d00
        6225000	       621	80001d08	ab208093	addi	x1,x1,-1358	  x1:0x80008d00  x1=0x800087b2
        6235000	       622	80001d0c	014f9013	slli	x0,x31,0x14	 x31:0x00000001
        6245000	       623	80001d10	f5708e23	sb	x23,-164(x1)	  x1:0x800087b2 x23:0x00001000 PA:0x8000870e
        6255000	       624	80001d14	03c0ca03	lbu	x20,60(x1)	  x1:0x800087b2 x20=0x000000a5 PA:0x800087ee
        6265000	       625	80001d18	04e0c383	lbu	x7,78(x1)	  x1:0x800087b2  x7=0x000000bb PA:0x80008800
        6275000	       626	00000000	00000013	addi	x0,x0,0	  x0:0x00000000
        6285000	       627	80001d1c	1a798493	addi	x9,x19,423	 x19:0x02340000  x9=0x023401a7
        6295000	       628	80001d20	fdb09323	sh	x27,-58(x1)	  x1:0x800087b2 x27:0x00200000 PA:0x80008778
        6305000	       629	80001d24	f63086a3	sb	x3,-147(x1)	  x1:0x800087b2  x3:0x00007677 PA:0x8000871f
        6315000	       630	80001d28	f810c103	lbu	x2,-127(x1)	  x1:0x800087b2  x2=0x000000e8 PA:0x80008733
        6325000	       631	80001d2c	28864313	xori	x6,x12,648	 x12:0x00000325  x6=0x000001ad
        6335000	       632	80001d30	e60aebb7	lui	x23,0xe60ae	 x23=0xe60ae000
        6345000	       633	80001d34	06408f83	lb	x31,100(x1)	  x1:0x800087b2 x31=0xffffffcd PA:0x80008816
        6355000	       634	80001d38	f1409423	sh	x20,-248(x1)	  x1:0x800087b2 x20:0x000000a5 PA:0x800086ba
        6365000	       635	80001d3c	01229113	slli	x2,x5,0x12	  x5:0x00040004  x2=0x00100000
        6375000	       636	80001d40	017083a3	sb	x23,7(x1)	  x1:0x800087b2 x23:0xe60ae000 PA:0x800087b9
        6385000	       637	80001d44	0430cf83	lbu	x31,67(x1)	  x1:0x800087b2 x31=0x000000ae PA:0x800087f5
        6395000	       638	80001d48	f8608123	sb	x6,-126(x1)	  x1:0x800087b2  x6:0x000001ad PA:0x80008734
        6405000	       639	80001d4c	70e03113	sltiu	x2,x0,1806	  x0:0x00000000  x2=0x00000001
        6415000	       640	80001d50	00d6fd33	and	x26,x13,x13	 x13:0x902c4c58 x13:0x902c4c58 x26=0x902c4c58
        6425000	       641	80001d54	01a85f93	srli	x31,x16,0x1a	 x16:0x00000004 x31=0x00000000
        6435000	       642	80001d58	011c2233	slt	x4,x24,x17	 x24:0x00000000 x17:0x00000203  x4=0x00000001
        6445000	       643	80001d5c	f9b08503	lb	x10,-101(x1)	  x1:0x800087b2 x10=0x00000006 PA:0x8000874d
        6455000	       644	80001d60	40905c93	srai	x25,x0,0x9	  x0:0x00000000 x25=0x00000000
        6465000	       645	80001d64	f8508ca3	sb	x5,-103(x1)	  x1:0x800087b2  x5:0x00040004 PA:0x8000874b
        6475000	       646	80001d68	ffe088a3	sb	x30,-15(x1)	  x1:0x800087b2 x30:0x80009fc4 PA:0x800087a3
        6485000	       647	80001d6c	f0a08903	lb	x18,-246(x1)	  x1:0x800087b2 x18=0x00000077 PA:0x800086bc
        6495000	       648	80001d70	fb008ba3	sb	x16,-73(x1)	  x1:0x800087b2 x16:0x00000004 PA:0x80008769
        6505000	       649	80001d74	f4d0cc83	lbu	x25,-179(x1)	  x1:0x800087b2 x25=0x000000b4 PA:0x800086ff
        6515000	       650	80001d78	f25084a3	sb	x5,-215(x1)	  x1:0x800087b2  x5:0x00040004 PA:0x800086db
        6525000	       651	80001d7c	0000cd83	lbu	x27,0(x1)	  x1:0x800087b2 x27=0x00000069 PA:0x800087b2
        6535000	       652	80001d80	fc508b23	sb	x5,-42(x1)	  x1:0x800087b2  x5:0x00040004 PA:0x80008788
        6545000	       653	80001d84	a4642e13	slti	x28,x8,-1466	  x8:0x80009f44 x28=0x00000001
        6555000	       654	80001d88	fbc09203	lh	x4,-68(x1)	  x1:0x800087b2  x4=0x00002425 PA:0x8000876e
        6565000	       655	80001d8c	fa50c503	lbu	x10,-91(x1)	  x1:0x800087b2 x10=0x0000000c PA:0x80008757
        6575000	       656	80001d90	f2708383	lb	x7,-217(x1)	  x1:0x800087b2  x7=0xffffff92 PA:0x800086d9
        6585000	       657	00000000	00000013	addi	x0,x0,0	  x0:0x00000000
        6595000	       658	80001d94	013382b3	add	x5,x7,x19	  x7:0xffffff92 x19:0x02340000  x5=0x0233ff92
        6605000	       659	80001d98	03184063	blt	x16,x17,80001db8	 x16:0x00000004 x17:0x00000203
        6615000	       660	00000000	00000013	addi	x0,x0,0	  x0:0x00000000
        6625000	       661	80001db4	00000013	addi	x0,x0,0	  x0:0x00000000
        6635000	       662	80001db8	016c7633	and	x12,x24,x22	 x24:0x00000000 x22:0x80009fc4 x12=0x00000000
        6645000	       663	80001dbc	01a8b633	sltu	x12,x17,x26	 x17:0x00000203 x26:0x902c4c58 x12=0x00000001
        6655000	       664	80001dc0	00a91fb3	sll	x31,x18,x10	 x18:0x00000077 x10:0x0000000c x31=0x00077000
        6665000	       665	80001dc4	7e6f4c93	xori	x25,x30,2022	 x30:0x80009fc4 x25=0x80009822
        6675000	       666	80001dc8	01a81263	bne	x16,x26,80001dcc	 x16:0x00000004 x26:0x902c4c58
        6685000	       667	00000000	00000013	addi	x0,x0,0	  x0:0x00000000
        6695000	       668	80001dc8	00000013	addi	x0,x0,0	  x0:0x00000000
        6705000	       669	80001dcc	01ac0263	beq	x24,x26,80001dd0	 x24:0x00000000 x26:0x902c4c58
        6715000	       670	80001dd0	40d65033	sra	x0,x12,x13	 x12:0x00000001 x13:0x902c4c58
        6725000	       671	80001dd4	01806133	or	x2,x0,x24	  x0:0x00000000 x24:0x00000000  x2=0x00000000
        6735000	       672	80001dd8	7c27f793	andi	x15,x15,1986	 x15:0x080c0000 x15=0x00000000
        6745000	       673	80001ddc	30ffc293	xori	x5,x31,783	 x31:0x00077000  x5=0x0007730f
        6755000	       674	80001de0	67c7c213	xori	x4,x15,1660	 x15:0x00000000  x4=0x0000067c
        6765000	       675	80001de4	00058533	add	x10,x11,x0	 x11:0x0000009a  x0:0x00000000 x10=0x0000009a
        6775000	       676	80001de8	01527663	bgeu	x4,x21,80001df4	  x4:0x0000067c x21:0x00000000
        6785000	       677	00000000	00000013	addi	x0,x0,0	  x0:0x00000000
        6795000	       678	80001df0	00000013	addi	x0,x0,0	  x0:0x00000000
        6805000	       679	80001df4	dc11c713	xori	x14,x3,-575	  x3:0x00007677 x14=0xffff8bb6
        6815000	       680	80001df8	01327c63	bgeu	x4,x19,80001e10	  x4:0x0000067c x19:0x02340000
        6825000	       681	80001dfc	0f02be93	sltiu	x29,x5,240	  x5:0x0007730f x29=0x00000000
        6835000	       682	80001e00	02356063	bltu	x10,x3,80001e20	 x10:0x0000009a  x3:0x00007677
        6845000	       683	00000000	00000013	addi	x0,x0,0	  x0:0x00000000
        6855000	       684	80001e1c	00000013	addi	x0,x0,0	  x0:0x00000000
        6865000	       685	80001e20	408dd013	srai	x0,x27,0x8	 x27:0x00000069
        6875000	       686	80001e24	000ca5b3	slt	x11,x25,x0	 x25:0x80009822  x0:0x00000000 x11=0x00000001
        6885000	       687	80001e28	02dc5e63	bge	x24,x13,80001e64	 x24:0x00000000 x13:0x902c4c58
        6895000	       688	00000000	00000013	addi	x0,x0,0	  x0:0x00000000
        6905000	       689	80001e60	00000013	addi	x0,x0,0	  x0:0x00000000
        6915000	       690	80001e64	256ac013	xori	x0,x21,598	 x21:0x00000000
        6925000	       691	80001e68	e7500e93	addi	x29,x0,-395	  x0:0x00000000 x29=0xfffffe75
        6935000	       692	80001e6c	04615863	bge	x2,x6,80001ebc	  x2:0x00000000  x6:0x000001ad
        6945000	       693	80001e70	00000013	addi	x0,x0,0	  x0:0x00000000
        6955000	       694	80001e74	018de463	bltu	x27,x24,80001e7c	 x27:0x00000069 x24:0x00000000
        6965000	       695	80001e78	01794663	blt	x18,x23,80001e84	 x18:0x00000077 x23:0xe60ae000
        6975000	       696	80001e7c	49a8a017	auipc	x0,0x49a8a	
        6985000	       697	80001e80	fda4b113	sltiu	x2,x9,-38	  x9:0x023401a7  x2=0x00000001
        6995000	       698	80001e84	79a0b393	sltiu	x7,x1,1946	  x1:0x800087b2  x7=0x00000000
        7005000	       699	80001e88	01020c63	beq	x4,x16,80001ea0	  x4:0x0000067c x16:0x00000004
        7015000	       700	80001e8c	049e0493	addi	x9,x28,73	 x28:0x00000001  x9=0x0000004a
        7025000	       701	80001e90	cdd37013	andi	x0,x6,-803	  x6:0x000001ad
        7035000	       702	80001e94	dd23b493	sltiu	x9,x7,-558	  x7:0x00000000  x9=0x00000001
        7045000	       703	80001e98	01e1d893	srli	x17,x3,0x1e	  x3:0x00007677 x17=0x00000000
        7055000	       704	80001e9c	772b3693	sltiu	x13,x22,1906	 x22:0x80009fc4 x13=0x00000000
        7065000	       705	80001ea0	019a1993	slli	x19,x20,0x19	 x20:0x000000a5 x19=0x4a000000
        7075000	       706	80001ea4	005ea8b3	slt	x17,x29,x5	 x29:0xfffffe75  x5:0x0007730f x17=0x00000001
        7085000	       707	80001ea8	01d7efb3	or	x31,x15,x29	 x15:0x00000000 x29:0xfffffe75 x31=0xfffffe75
        7095000	       708	80001eac	dd2e1217	auipc	x4,0xdd2e1	  x4=0x5d2e2ea8
        7105000	       709	80001eb0	01f8ca63	blt	x17,x31,80001ec4	 x17:0x00000001 x31:0xfffffe75
        7115000	       710	80001eb4	40d65913	srai	x18,x12,0xd	 x12:0x00000001 x18=0x00000000
        7125000	       711	80001eb8	40020733	sub	x14,x4,x0	  x4:0x5d2e2ea8  x0:0x00000000 x14=0x5d2e2ea8
        7135000	       712	80001ebc	005c5cb3	srl	x25,x24,x5	 x24:0x00000000  x5:0x0007730f x25=0x00000000
        7145000	       713	80001ec0	44ebe697	auipc	x13,0x44ebe	 x13=0xc4ebfebc
        7155000	       714	80001ec4	016209b3	add	x19,x4,x22	  x4:0x5d2e2ea8 x22:0x80009fc4 x19=0xdd2ece6c
        7165000	       715	80001ec8	003c1933	sll	x18,x24,x3	 x24:0x00000000  x3:0x00007677 x18=0x00000000
        7175000	       716	80001ecc	40f7d493	srai	x9,x15,0xf	 x15:0x00000000  x9=0x00000000
        7185000	       717	80001ed0	41afd793	srai	x15,x31,0x1a	 x31:0xfffffe75 x15=0xffffffff
        7195000	       718	80001ed4	00150eb3	add	x29,x10,x1	 x10:0x0000009a  x1:0x800087b2 x29=0x8000884c
        7205000	       719	80001ed8	31b10697	auipc	x13,0x31b10	 x13=0xb1b11ed4
        7215000	       720	80001edc	000171b3	and	x3,x2,x0	  x2:0x00000001  x0:0x00000000  x3=0x00000000
        7225000	       721	80001ee0	01527bb3	and	x23,x4,x21	  x4:0x5d2e2ea8 x21:0x00000000 x23=0x00000000
        7235000	       722	80001ee4	0050bd33	sltu	x26,x1,x5	  x1:0x800087b2  x5:0x0007730f x26=0x00000000
        7245000	       723	80001ee8	01f18663	beq	x3,x31,80001ef4	  x3:0x00000000 x31:0xfffffe75
        7255000	       724	80001eec	03f64463	blt	x12,x31,80001f14	 x12:0x00000001 x31:0xfffffe75
        7265000	       725	80001ef0	d917fe13	andi	x28,x15,-623	 x15:0xffffffff x28=0xfffffd91
        7275000	       726	80001ef4	0080deb3	srl	x29,x1,x8	  x1:0x800087b2  x8:0x80009f44 x29=0x0800087b
        7285000	       727	80001ef8	91573613	sltiu	x12,x14,-1771	 x14:0x5d2e2ea8 x12=0x00000001
        7295000	       728	80001efc	04af8663	beq	x31,x10,80001f48	 x31:0xfffffe75 x10:0x0000009a
        7305000	       729	80001f00	f289fa13	andi	x20,x19,-216	 x19:0xdd2ece6c x20=0xdd2ece28
        7315000	       730	80001f04	f9697593	andi	x11,x18,-106	 x18:0x00000000 x11=0x00000000
        7325000	       731	80001f08	02074c63	blt	x14,x0,80001f40	 x14:0x5d2e2ea8  x0:0x00000000
        7335000	       732	80001f0c	00d1f9b3	and	x19,x3,x13	  x3:0x00000000 x13:0xb1b11ed4 x19=0x00000000
        7345000	       733	80001f10	2d01fe93	andi	x29,x3,720	  x3:0x00000000 x29=0x00000000
        7355000	       734	80001f14	00d30c63	beq	x6,x13,80001f2c	  x6:0x000001ad x13:0xb1b11ed4
        7365000	       735	80001f18	7b46b713	sltiu	x14,x13,1972	 x13:0xb1b11ed4 x14=0x00000000
        7375000	       736	80001f1c	6ce90e93	addi	x29,x18,1742	 x18:0x00000000 x29=0x000006ce
        7385000	       737	80001f20	c1184b93	xori	x23,x16,-1007	 x16:0x00000004 x23=0xfffffc15
        7395000	       738	80001f24	01db8533	add	x10,x23,x29	 x23:0xfffffc15 x29:0x000006ce x10=0x000002e3
        7405000	       739	80001f28	01e8c5b3	xor	x11,x17,x30	 x17:0x00000001 x30:0x80009fc4 x11=0x80009fc5
        7415000	       740	80001f2c	015de533	or	x10,x27,x21	 x27:0x00000069 x21:0x00000000 x10=0x00000069
        7425000	       741	80001f30	00017e63	bgeu	x2,x0,80001f4c	  x2:0x00000001  x0:0x00000000
        7435000	       742	00000000	00000013	addi	x0,x0,0	  x0:0x00000000
        7445000	       743	80001f48	00000013	addi	x0,x0,0	  x0:0x00000000
        7455000	       744	80001f4c	a54f6bb7	lui	x23,0xa54f6	 x23=0xa54f6000
        7465000	       745	80001f50	4012dc93	srai	x25,x5,0x1	  x5:0x0007730f x25=0x0003b987
        7475000	       746	80001f54	03ddee63	bltu	x27,x29,80001f90	 x27:0x00000069 x29:0x000006ce
        7485000	       747	00000000	00000013	addi	x0,x0,0	  x0:0x00000000
        7495000	       748	80001f8c	00000013	addi	x0,x0,0	  x0:0x00000000
        7505000	       749	80001f90	00e9d3b3	srl	x7,x19,x14	 x19:0x00000000 x14:0x00000000  x7=0x00000000
        7515000	       750	80001f94	056bf663	bgeu	x23,x22,80001fe0	 x23:0xa54f6000 x22:0x80009fc4
        7525000	       751	00000000	00000013	addi	x0,x0,0	  x0:0x00000000
        7535000	       752	80001fdc	00000013	addi	x0,x0,0	  x0:0x00000000
        7545000	       753	80001fe0	adc22397	auipc	x7,0xadc22	  x7=0x2dc23fdc
        7555000	       754	80001fe4	00388463	beq	x17,x3,80001fec	 x17:0x00000001  x3:0x00000000
        7565000	       755	80001fe8	01f952b3	srl	x5,x18,x31	 x18:0x00000000 x31:0xfffffe75  x5=0x00000000
        7575000	       756	80001fec	016c4c63	blt	x24,x22,80002004	 x24:0x00000000 x22:0x80009fc4
        7585000	       757	80001ff0	0071ce63	blt	x3,x7,8000200c	  x3:0x00000000  x7:0x2dc23fdc
        7595000	       758	00000000	00000013	addi	x0,x0,0	  x0:0x00000000
        7605000	       759	80002008	00000013	addi	x0,x0,0	  x0:0x00000000
        7615000	       760	8000200c	008046b3	xor	x13,x0,x8	  x0:0x00000000  x8:0x80009f44 x13=0x80009f44
        7625000	       761	80002010	01365c33	srl	x24,x12,x19	 x12:0x00000001 x19:0x00000000 x24=0x00000001
        7635000	       762	80002014	4028dab3	sra	x21,x17,x2	 x17:0x00000001  x2:0x00000001 x21=0x00000000
        7645000	       763	80002018	00ce1c63	bne	x28,x12,80002030	 x28:0xfffffd91 x12:0x00000001
        7655000	       764	00000000	00000013	addi	x0,x0,0	  x0:0x00000000
        7665000	       765	8000202c	00000013	addi	x0,x0,0	  x0:0x00000000
        7675000	       766	80002030	412fd693	srai	x13,x31,0x12	 x31:0xfffffe75 x13=0xffffffff
        7685000	       767	80002034	6183cb37	lui	x22,0x6183c	 x22=0x6183c000
        7695000	       768	80002038	57ba8113	addi	x2,x21,1403	 x21:0x00000000  x2=0x0000057b
        7705000	       769	8000203c	26d1ea93	ori	x21,x3,621	  x3:0x00000000 x21=0x0000026d
        7715000	       770	80002040	00539293	slli	x5,x7,0x5	  x7:0x2dc23fdc  x5=0xb847fb80
        7725000	       771	80002044	6d79e613	ori	x12,x19,1751	 x19:0x00000000 x12=0x000006d7
        7735000	       772	80002048	0158e733	or	x14,x17,x21	 x17:0x00000001 x21:0x0000026d x14=0x0000026d
        7745000	       773	8000204c	762db513	sltiu	x10,x27,1890	 x27:0x00000069 x10=0x00000001
        7755000	       774	80002050	db77f613	andi	x12,x15,-585	 x15:0xffffffff x12=0xfffffdb7
        7765000	       775	80002054	005aca63	blt	x21,x5,80002068	 x21:0x0000026d  x5:0xb847fb80
        7775000	       776	80002058	0c1b3713	sltiu	x14,x22,193	 x22:0x6183c000 x14=0x00000000
        7785000	       777	8000205c	34846497	auipc	x9,0x34846	  x9=0xb4848058
        7795000	       778	80002060	018bae33	slt	x28,x23,x24	 x23:0xa54f6000 x24:0x00000001 x28=0x00000001
        7805000	       779	80002064	00000013	addi	x0,x0,0	  x0:0x00000000
        7815000	       780	80002068	bf4d2d13	slti	x26,x26,-1036	 x26:0x00000000 x26=0x00000000
        7825000	       781	8000206c	406b5913	srai	x18,x22,0x6	 x22:0x6183c000 x18=0x01860f00
        7835000	       782	80002070	00dd2eb3	slt	x29,x26,x13	 x26:0x00000000 x13:0xffffffff x29=0x00000000
        7845000	       783	80002074	01e8a4b3	slt	x9,x17,x30	 x17:0x00000001 x30:0x80009fc4  x9=0x00000000
        7855000	       784	80002078	48c7c017	auipc	x0,0x48c7c	
        7865000	       785	8000207c	40a88233	sub	x4,x17,x10	 x17:0x00000001 x10:0x00000001  x4=0x00000000
        7875000	       786	80002080	410c5c13	srai	x24,x24,0x10	 x24:0x00000001 x24=0x00000000
        7885000	       787	80002084	002298b3	sll	x17,x5,x2	  x5:0xb847fb80  x2:0x0000057b x17=0x00000000
        7895000	       788	80002088	0144f1b3	and	x3,x9,x20	  x9:0x00000000 x20:0xdd2ece28  x3=0x00000000
        7905000	       789	8000208c	57c66d37	lui	x26,0x57c66	 x26=0x57c66000
        7915000	       790	80002090	0071c933	xor	x18,x3,x7	  x3:0x00000000  x7:0x2dc23fdc x18=0x2dc23fdc
        7925000	       791	80002094	47967e93	andi	x29,x12,1145	 x12:0xfffffdb7 x29=0x00000431
        7935000	       792	80002098	00967133	and	x2,x12,x9	 x12:0xfffffdb7  x9:0x00000000  x2=0x00000000
        7945000	       793	8000209c	015501b3	add	x3,x10,x21	 x10:0x00000001 x21:0x0000026d  x3=0x0000026e
        7955000	       794	800020a0	01240733	add	x14,x8,x18	  x8:0x80009f44 x18:0x2dc23fdc x14=0xadc2df20
        7965000	       795	800020a4	41395e93	srai	x29,x18,0x13	 x18:0x2dc23fdc x29=0x000005b8
        7975000	       796	800020a8	0286f063	bgeu	x13,x8,800020c8	 x13:0xffffffff  x8:0x80009f44
        7985000	       797	00000000	00000013	addi	x0,x0,0	  x0:0x00000000
        7995000	       798	800020c4	00000013	addi	x0,x0,0	  x0:0x00000000
        8005000	       799	800020c8	0158f333	and	x6,x17,x21	 x17:0x00000000 x21:0x0000026d  x6=0x00000000
        8015000	       800	800020cc	01e99b33	sll	x22,x19,x30	 x19:0x00000000 x30:0x80009fc4 x22=0x00000000
        8025000	       801	800020d0	ec820113	addi	x2,x4,-312	  x4:0x00000000  x2=0xfffffec8
        8035000	       802	800020d4	02fa7263	bgeu	x20,x15,800020f8	 x20:0xdd2ece28 x15:0xffffffff
        8045000	       803	800020d8	05c00063	beq	x0,x28,80002118	  x0:0x00000000 x28:0x00000001
        8055000	       804	800020dc	50362893	slti	x17,x12,1283	 x12:0xfffffdb7 x17=0x00000001
        8065000	       805	800020e0	01b21b13	slli	x22,x4,0x1b	  x4:0x00000000 x22=0x00000000
        8075000	       806	800020e4	f3002313	slti	x6,x0,-208	  x0:0x00000000  x6=0x00000000
        8085000	       807	800020e8	01285913	srli	x18,x16,0x12	 x16:0x00000004 x18=0x00000000
        8095000	       808	800020ec	03c2fc63	bgeu	x5,x28,80002124	  x5:0xb847fb80 x28:0x00000001
        8105000	       809	00000000	00000013	addi	x0,x0,0	  x0:0x00000000
        8115000	       810	80002120	00000013	addi	x0,x0,0	  x0:0x00000000
        8125000	       811	80002124	014f6263	bltu	x30,x20,80002128	 x30:0x80009fc4 x20:0xdd2ece28
        8135000	       812	00000000	00000013	addi	x0,x0,0	  x0:0x00000000
        8145000	       813	80002124	00000013	addi	x0,x0,0	  x0:0x00000000
        8155000	       814	80002128	007fa933	slt	x18,x31,x7	 x31:0xfffffe75  x7:0x2dc23fdc x18=0x00000001
        8165000	       815	8000212c	00000013	addi	x0,x0,0	  x0:0x00000000
        8175000	       816	80002130	0021e233	or	x4,x3,x2	  x3:0x0000026e  x2:0xfffffec8  x4=0xfffffeee
        8185000	       817	80002134	b75c6b13	ori	x22,x24,-1163	 x24:0x00000000 x22=0xfffffb75
        8195000	       818	80002138	00237a33	and	x20,x6,x2	  x6:0x00000000  x2:0xfffffec8 x20=0x00000000
        8205000	       819	8000213c	011a5213	srli	x4,x20,0x11	 x20:0x00000000  x4=0x00000000
        8215000	       820	80002140	40e30cb3	sub	x25,x6,x14	  x6:0x00000000 x14:0xadc2df20 x25=0x523d20e0
        8225000	       821	80002144	30442d97	auipc	x27,0x30442	 x27=0xb0444140
        8235000	       822	80002148	441dc213	xori	x4,x27,1089	 x27:0xb0444140  x4=0xb0444501
        8245000	       823	8000214c	ce6da593	slti	x11,x27,-794	 x27:0xb0444140 x11=0x00000001
        8255000	       824	80002150	c5614513	xori	x10,x2,-938	  x2:0xfffffec8 x10=0x0000029e
        8265000	       825	80002154	2b5b4a93	xori	x21,x22,693	 x22:0xfffffb75 x21=0xfffff9c0
        8275000	       826	80002158	0112db13	srli	x22,x5,0x11	  x5:0xb847fb80 x22=0x00005c23
        8285000	       827	8000215c	00d76533	or	x10,x14,x13	 x14:0xadc2df20 x13:0xffffffff x10=0xffffffff
        8295000	       828	80002160	013a7c33	and	x24,x20,x19	 x20:0x00000000 x19:0x00000000 x24=0x00000000
        8305000	       829	80002164	016d6a63	bltu	x26,x22,80002178	 x26:0x57c66000 x22:0x00005c23
        8315000	       830	80002168	17496713	ori	x14,x18,372	 x18:0x00000001 x14=0x00000175
        8325000	       831	8000216c	f5ad2193	slti	x3,x26,-166	 x26:0x57c66000  x3=0x00000000
        8335000	       832	80002170	00bc1cb3	sll	x25,x24,x11	 x24:0x00000000 x11:0x00000001 x25=0x00000000
        8345000	       833	80002174	01d5c663	blt	x11,x29,80002180	 x11:0x00000001 x29:0x000005b8
        8355000	       834	00000000	00000013	addi	x0,x0,0	  x0:0x00000000
        8365000	       835	8000217c	00000013	addi	x0,x0,0	  x0:0x00000000
        8375000	       836	80002180	795a8c93	addi	x25,x21,1941	 x21:0xfffff9c0 x25=0x00000155
        8385000	       837	80002184	00c940b3	xor	x1,x18,x12	 x18:0x00000001 x12:0xfffffdb7  x1=0xfffffdb6
        8395000	       838	80002188	020b6e63	bltu	x22,x0,800021c4	 x22:0x00005c23  x0:0x00000000
        8405000	       839	8000218c	50de4a13	xori	x20,x28,1293	 x28:0x00000001 x20=0x0000050c
        8415000	       840	80002190	00f31633	sll	x12,x6,x15	  x6:0x00000000 x15:0xffffffff x12=0x00000000
        8425000	       841	80002194	565ebeb7	lui	x29,0x565eb	 x29=0x565eb000
        8435000	       842	80002198	01fe5b33	srl	x22,x28,x31	 x28:0x00000001 x31:0xfffffe75 x22=0x00000000
        8445000	       843	8000219c	03777e63	bgeu	x14,x23,800021d8	 x14:0x00000175 x23:0xa54f6000
        8455000	       844	800021a0	00eaf1b3	and	x3,x21,x14	 x21:0xfffff9c0 x14:0x00000175  x3=0x00000140
        8465000	       845	800021a4	00f7a133	slt	x2,x15,x15	 x15:0xffffffff x15:0xffffffff  x2=0x00000000
        8475000	       846	800021a8	00a15263	bge	x2,x10,800021ac	  x2:0x00000000 x10:0xffffffff
        8485000	       847	00000000	00000013	addi	x0,x0,0	  x0:0x00000000
        8495000	       848	800021a8	00000013	addi	x0,x0,0	  x0:0x00000000
        8505000	       849	800021ac	01903733	sltu	x14,x0,x25	  x0:0x00000000 x25:0x00000155 x14=0x00000001
        8515000	       850	800021b0	01438733	add	x14,x7,x20	  x7:0x2dc23fdc x20:0x0000050c x14=0x2dc244e8
        8525000	       851	800021b4	016674b3	and	x9,x12,x22	 x12:0x00000000 x22:0x00000000  x9=0x00000000
        8535000	       852	800021b8	0099a8b3	slt	x17,x19,x9	 x19:0x00000000  x9:0x00000000 x17=0x00000000
        8545000	       853	800021bc	b55c8e97	auipc	x29,0xb55c8	 x29=0x355ca1b8
        8555000	       854	800021c0	419dd713	srai	x14,x27,0x19	 x27:0xb0444140 x14=0xffffffd8
        8565000	       855	800021c4	36c86f93	ori	x31,x16,876	 x16:0x00000004 x31=0x0000036c
        8575000	       856	800021c8	d894cc13	xori	x24,x9,-631	  x9:0x00000000 x24=0xfffffd89
        8585000	       857	800021cc	00696933	or	x18,x18,x6	 x18:0x00000001  x6:0x00000000 x18=0x00000001
        8595000	       858	800021d0	00c3c2b3	xor	x5,x7,x12	  x7:0x2dc23fdc x12:0x00000000  x5=0x2dc23fdc
        8605000	       859	800021d4	011717b3	sll	x15,x14,x17	 x14:0xffffffd8 x17:0x00000000 x15=0xffffffd8
        8615000	       860	800021d8	0429fa13	andi	x20,x19,66	 x19:0x00000000 x20=0x00000000
        8625000	       861	800021dc	00a986b3	add	x13,x19,x10	 x19:0x00000000 x10:0xffffffff x13=0xffffffff
        8635000	       862	800021e0	bb115637	lui	x12,0xbb115	 x12=0xbb115000
        8645000	       863	800021e4	00101c63	bne	x0,x1,800021fc	  x0:0x00000000  x1:0xfffffdb6
        8655000	       864	00000000	00000013	addi	x0,x0,0	  x0:0x00000000
        8665000	       865	800021f8	00000013	addi	x0,x0,0	  x0:0x00000000
        8675000	       866	800021fc	b6afa797	auipc	x15,0xb6afa	 x15=0x36afc1f8
        8685000	       867	80002200	dd9bb393	sltiu	x7,x23,-551	 x23:0xa54f6000  x7=0x00000001
        8695000	       868	80002204	16c6c913	xori	x18,x13,364	 x13:0xffffffff x18=0xfffffe93
        8705000	       869	80002208	dd25e013	ori	x0,x11,-558	 x11:0x00000001
        8715000	       870	8000220c	00f7f663	bgeu	x15,x15,80002218	 x15:0x36afc1f8 x15:0x36afc1f8
        8725000	       871	00000000	00000013	addi	x0,x0,0	  x0:0x00000000
        8735000	       872	80002214	00000013	addi	x0,x0,0	  x0:0x00000000
        8745000	       873	80002218	41c2d093	srai	x1,x5,0x1c	  x5:0x2dc23fdc  x1=0x00000002
        8755000	       874	8000221c	25498b97	auipc	x23,0x25498	 x23=0xa549a218
        8765000	       875	80002220	006d79b3	and	x19,x26,x6	 x26:0x57c66000  x6:0x00000000 x19=0x00000000
        8775000	       876	80002224	00007b17	auipc	x22,0x7	 x22=0x80009220
        8785000	       877	80002228	b9ab0b13	addi	x22,x22,-1126	 x22:0x80009220 x22=0x80008dba
        8795000	       878	8000222c	406bdc33	sra	x24,x23,x6	 x23:0xa549a218  x6:0x00000000 x24=0xa549a218
        8805000	       879	80002230	55c7b693	sltiu	x13,x15,1372	 x15:0x36afc1f8 x13=0x00000000
        8815000	       880	80002234	2eb68713	addi	x14,x13,747	 x13:0x00000000 x14=0x000002eb
        8825000	       881	80002238	008b04a3	sb	x8,9(x22)	 x22:0x80008dba  x8:0x80009f44 PA:0x80008dc3
        8835000	       882	8000223c	005b0a83	lb	x21,5(x22)	 x22:0x80008dba x21=0xffffffa4 PA:0x80008dbf
        8845000	       883	80002240	006437b3	sltu	x15,x8,x6	  x8:0x80009f44  x6:0x00000000 x15=0x00000000
        8855000	       884	80002244	4d044313	xori	x6,x8,1232	  x8:0x80009f44  x6=0x80009b94
        8865000	       885	80002248	00db0103	lb	x2,13(x22)	 x22:0x80008dba  x2=0xffffffac PA:0x80008dc7
        8875000	       886	8000224c	00ab4c03	lbu	x24,10(x22)	 x22:0x80008dba x24=0x000000af PA:0x80008dc4
        8885000	       887	80002250	401f0733	sub	x14,x30,x1	 x30:0x80009fc4  x1:0x00000002 x14=0x80009fc2
        8895000	       888	80002254	fffb4503	lbu	x10,-1(x22)	 x22:0x80008dba x10=0x000000a2 PA:0x80008db9
        8905000	       889	80002258	006b0183	lb	x3,6(x22)	 x22:0x80008dba  x3=0xffffffab PA:0x80008dc0
        8915000	       890	8000225c	01eb0723	sb	x30,14(x22)	 x22:0x80008dba x30:0x80009fc4 PA:0x80008dc8
        8925000	       891	80002260	010b02a3	sb	x16,5(x22)	 x22:0x80008dba x16:0x00000004 PA:0x80008dbf
        8935000	       892	80002264	9a586513	ori	x10,x16,-1627	 x16:0x00000004 x10=0xfffff9a5
        8945000	       893	80002268	fffb4c83	lbu	x25,-1(x22)	 x22:0x80008dba x25=0x000000a2 PA:0x80008db9
        8955000	       894	8000226c	ff5b0083	lb	x1,-11(x22)	 x22:0x80008dba  x1=0xffffff94 PA:0x80008daf
        8965000	       895	80002270	00bbf8b3	and	x17,x23,x11	 x23:0xa549a218 x11:0x00000001 x17=0x00000000
        8975000	       896	80002274	ff8b5603	lhu	x12,-8(x22)	 x22:0x80008dba x12=0x00009899 PA:0x80008db2
        8985000	       897	80002278	0035dd93	srli	x27,x11,0x3	 x11:0x00000001 x27=0x00000000
        8995000	       898	8000227c	ff8b5783	lhu	x15,-8(x22)	 x22:0x80008dba x15=0x00009899 PA:0x80008db2
        9005000	       899	80002280	00ab07a3	sb	x10,15(x22)	 x22:0x80008dba x10:0xfffff9a5 PA:0x80008dc9
        9015000	       900	80002284	009b1523	sh	x9,10(x22)	 x22:0x80008dba  x9:0x00000000 PA:0x80008dc4
        9025000	       901	80002288	00eb1a83	lh	x21,14(x22)	 x22:0x80008dba x21=0xffffa5c4 PA:0x80008dc8
        9035000	       902	8000228c	018f6933	or	x18,x30,x24	 x30:0x80009fc4 x24:0x000000af x18=0x80009fef
        9045000	       903	80002290	42f57a93	andi	x21,x10,1071	 x10:0xfffff9a5 x21=0x00000025
        9055000	       904	80002294	de612f93	slti	x31,x2,-538	  x2:0xffffffac x31=0x00000000
        9065000	       905	80002298	40b5d093	srai	x1,x11,0xb	 x11:0x00000001  x1=0x00000000
        9075000	       906	8000229c	e8244793	xori	x15,x8,-382	  x8:0x80009f44 x15=0x7fff61c6
        9085000	       907	800022a0	ff2b4783	lbu	x15,-14(x22)	 x22:0x80008dba x15=0x00000097 PA:0x80008dac
        9095000	       908	800022a4	ff8b0f23	sb	x24,-2(x22)	 x22:0x80008dba x24:0x000000af PA:0x80008db8
        9105000	       909	800022a8	001b4d03	lbu	x26,1(x22)	 x22:0x80008dba x26=0x000000a0 PA:0x80008dbb
        9115000	       910	800022ac	00000013	addi	x0,x0,0	  x0:0x00000000
        9125000	       911	800022b0	007b0a83	lb	x21,7(x22)	 x22:0x80008dba x21=0xffffffaa PA:0x80008dc1
        9135000	       912	800022b4	ff6b2283	lw	x5,-10(x22)	 x22:0x80008dba  x5=0x98999a9b PA:0x80008db0
        9145000	       913	800022b8	001b2123	sw	x1,2(x22)	 x22:0x80008dba  x1:0x00000000 PA:0x80008dbc
        9155000	       914	800022bc	4139d313	srai	x6,x19,0x13	 x19:0x00000000  x6=0x00000000
        9165000	       915	800022c0	00305a33	srl	x20,x0,x3	  x0:0x00000000  x3:0xffffffab x20=0x00000000
        9175000	       916	800022c4	005b01a3	sb	x5,3(x22)	 x22:0x80008dba  x5:0x98999a9b PA:0x80008dbd
        9185000	       917	800022c8	fedb09a3	sb	x13,-13(x22)	 x22:0x80008dba x13:0x00000000 PA:0x80008dad
        9195000	       918	800022cc	009087b3	add	x15,x1,x9	  x1:0x00000000  x9:0x00000000 x15=0x00000000
        9205000	       919	800022d0	00006117	auipc	x2,0x6	  x2=0x800082cc
        9215000	       920	800022d4	fb510113	addi	x2,x2,-75	  x2:0x800082cc  x2=0x80008281
        9225000	       921	800022d8	41ba0fb3	sub	x31,x20,x27	 x20:0x00000000 x27:0x00000000 x31=0x00000000
        9235000	       922	800022dc	ec17ad93	slti	x27,x15,-319	 x15:0x00000000 x27=0x00000000
        9245000	       923	800022e0	0f214e83	lbu	x29,242(x2)	  x2:0x80008281 x29=0x00000028 PA:0x80008373
        9255000	       924	800022e4	f6110da3	sb	x1,-133(x2)	  x2:0x80008281  x1:0x00000000 PA:0x800081fc
        9265000	       925	800022e8	0f510c03	lb	x24,245(x2)	  x2:0x80008281 x24=0x0000002d PA:0x80008376
        9275000	       926	800022ec	68353c93	sltiu	x25,x10,1667	 x10:0xfffff9a5 x25=0x00000000
        9285000	       927	800022f0	41815c33	sra	x24,x2,x24	  x2:0x80008281 x24:0x0000002d x24=0xfffc0004
        9295000	       928	800022f4	f0610383	lb	x7,-250(x2)	  x2:0x80008281  x7=0x0000003c PA:0x80008187
        9305000	       929	800022f8	1df14713	xori	x14,x2,479	  x2:0x80008281 x14=0x8000835e
        9315000	       930	800022fc	01d476b3	and	x13,x8,x29	  x8:0x80009f44 x29:0x00000028 x13=0x00000000
        9325000	       931	80002300	000fd933	srl	x18,x31,x0	 x31:0x00000000  x0:0x00000000 x18=0x00000000
        9335000	       932	80002304	d1330613	addi	x12,x6,-749	  x6:0x00000000 x12=0xfffffd13
        9345000	       933	80002308	01300fb3	add	x31,x0,x19	  x0:0x00000000 x19:0x00000000 x31=0x00000000
        9355000	       934	8000230c	db5ee513	ori	x10,x29,-587	 x29:0x00000028 x10=0xfffffdbd
        9365000	       935	80002310	018b81b3	add	x3,x23,x24	 x23:0xa549a218 x24:0xfffc0004  x3=0xa545a21c
        9375000	       936	80002314	09b10f23	sb	x27,158(x2)	  x2:0x80008281 x27:0x00000000 PA:0x8000831f
        9385000	       937	80002318	0cb15f83	lhu	x31,203(x2)	  x2:0x80008281 x31=0x00000607 PA:0x8000834c
        9395000	       938	00000000	00000013	addi	x0,x0,0	  x0:0x00000000
        9405000	       939	8000231c	016f8b33	add	x22,x31,x22	 x31:0x00000607 x22:0x80008dba x22=0x800093c1
        9415000	       940	80002320	00d444b3	xor	x9,x8,x13	  x8:0x80009f44 x13:0x00000000  x9=0x80009f44
        9425000	       941	80002324	01379093	slli	x1,x15,0x13	 x15:0x00000000  x1=0x00000000
        9435000	       942	80002328	f1ad8293	addi	x5,x27,-230	 x27:0x00000000  x5=0xffffff1a
        9445000	       943	8000232c	01772933	slt	x18,x14,x23	 x14:0x8000835e x23:0xa549a218 x18=0x00000001
        9455000	       944	80002330	26728713	addi	x14,x5,615	  x5:0xffffff1a x14=0x00000181
        9465000	       945	80002334	f3214c03	lbu	x24,-206(x2)	  x2:0x80008281 x24=0x00000068 PA:0x800081b3
        9475000	       946	80002338	57b82493	slti	x9,x16,1403	 x16:0x00000004  x9=0x00000001
        9485000	       947	8000233c	fa810623	sb	x8,-84(x2)	  x2:0x80008281  x8:0x80009f44 PA:0x8000822d
        9495000	       948	80002340	61fd3597	auipc	x11,0x61fd3	 x11=0xe1fd533c
        9505000	       949	80002344	407b07b3	sub	x15,x22,x7	 x22:0x800093c1  x7:0x0000003c x15=0x80009385
        9515000	       950	80002348	07710423	sb	x23,104(x2)	  x2:0x80008281 x23:0xa549a218 PA:0x800082e9
        9525000	       951	8000234c	03410323	sb	x20,38(x2)	  x2:0x80008281 x20:0x00000000 PA:0x800082a7
        9535000	       952	80002350	08610483	lb	x9,134(x2)	  x2:0x80008281  x9=0xffffffbc PA:0x80008307
        9545000	       953	80002354	f9e14683	lbu	x13,-98(x2)	  x2:0x80008281 x13=0x000000d4 PA:0x8000821f
        9555000	       954	80002358	039104a3	sb	x25,41(x2)	  x2:0x80008281 x25:0x00000000 PA:0x800082aa
        9565000	       955	8000235c	1f174a13	xori	x20,x14,497	 x14:0x00000181 x20=0x00000070
        9575000	       956	80002360	fd0101a3	sb	x16,-61(x2)	  x2:0x80008281 x16:0x00000004 PA:0x80008244
        9585000	       957	80002364	41f60fb3	sub	x31,x12,x31	 x12:0xfffffd13 x31:0x00000607 x31=0xfffff70c
        9595000	       958	80002368	f7410d83	lb	x27,-140(x2)	  x2:0x80008281 x27=0xffffffae PA:0x800081f5
        9605000	       959	8000236c	00410a33	add	x20,x2,x4	  x2:0x80008281  x4:0xb0444501 x20=0x3044c782
        9615000	       960	80002370	03a10123	sb	x26,34(x2)	  x2:0x80008281 x26:0x000000a0 PA:0x800082a3
        9625000	       961	80002374	0070d8b3	srl	x17,x1,x7	  x1:0x00000000  x7:0x0000003c x17=0x00000000
        9635000	       962	80002378	04e10aa3	sb	x14,85(x2)	  x2:0x80008281 x14:0x00000181 PA:0x800082d6
        9645000	       963	8000237c	015910b3	sll	x1,x18,x21	 x18:0x00000001 x21:0xffffffaa  x1=0x00000400
        9655000	       964	80002380	0110bbb3	sltu	x23,x1,x17	  x1:0x00000400 x17:0x00000000 x23=0x00000000
        9665000	       965	80002384	00910883	lb	x17,9(x2)	  x2:0x80008281 x17=0x00000041 PA:0x8000828a
        9675000	       966	80002388	0e5d4c13	xori	x24,x26,229	 x26:0x000000a0 x24=0x00000045
        9685000	       967	8000238c	7b3c3893	sltiu	x17,x24,1971	 x24:0x00000045 x17=0x00000001
        9695000	       968	80002390	0f614b83	lbu	x23,246(x2)	  x2:0x80008281 x23=0x0000002c PA:0x80008377
        9705000	       969	80002394	00d5fc63	bgeu	x11,x13,800023ac	 x11:0xe1fd533c x13:0x000000d4
        9715000	       970	00000000	00000013	addi	x0,x0,0	  x0:0x00000000
        9725000	       971	800023a8	00000013	addi	x0,x0,0	  x0:0x00000000
        9735000	       972	800023ac	015e1fb3	sll	x31,x28,x21	 x28:0x00000001 x21:0xffffffaa x31=0x00000400
        9745000	       973	800023b0	024c9c63	bne	x25,x4,800023e8	 x25:0x00000000  x4:0xb0444501
        9755000	       974	00000000	00000013	addi	x0,x0,0	  x0:0x00000000
        9765000	       975	800023e4	00000013	addi	x0,x0,0	  x0:0x00000000
        9775000	       976	800023e8	02a0fe63	bgeu	x1,x10,80002424	  x1:0x00000400 x10:0xfffffdbd
        9785000	       977	800023ec	01f07a63	bgeu	x0,x31,80002400	  x0:0x00000000 x31:0x00000400
        9795000	       978	800023f0	002585b3	add	x11,x11,x2	 x11:0xe1fd533c  x2:0x80008281 x11=0x61fdd5bd
        9805000	       979	800023f4	04bc4063	blt	x24,x11,80002434	 x24:0x00000045 x11:0x61fdd5bd
        9815000	       980	00000000	00000013	addi	x0,x0,0	  x0:0x00000000
        9825000	       981	80002430	00000013	addi	x0,x0,0	  x0:0x00000000
        9835000	       982	80002434	01840e33	add	x28,x8,x24	  x8:0x80009f44 x24:0x00000045 x28=0x80009f89
        9845000	       983	80002438	00e60733	add	x14,x12,x14	 x12:0xfffffd13 x14:0x00000181 x14=0xfffffe94
        9855000	       984	8000243c	003812b3	sll	x5,x16,x3	 x16:0x00000004  x3:0xa545a21c  x5=0x40000000
        9865000	       985	80002440	02f14463	blt	x2,x15,80002468	  x2:0x80008281 x15:0x80009385
        9875000	       986	00000000	00000013	addi	x0,x0,0	  x0:0x00000000
        9885000	       987	80002464	00000013	addi	x0,x0,0	  x0:0x00000000
        9895000	       988	80002468	411b51b3	sra	x3,x22,x17	 x22:0x800093c1 x17:0x00000001  x3=0xc00049e0
        9905000	       989	8000246c	204a2013	slti	x0,x20,516	 x20:0x3044c782
        9915000	       990	80002470	008ff0b3	and	x1,x31,x8	 x31:0x00000400  x8:0x80009f44  x1=0x00000400
        9925000	       991	80002474	01510263	beq	x2,x21,80002478	  x2:0x80008281 x21:0xffffffaa
        9935000	       992	80002478	41055613	srai	x12,x10,0x10	 x10:0xfffffdbd x12=0xffffffff
        9945000	       993	8000247c	3e27f893	andi	x17,x15,994	 x15:0x80009385 x17=0x00000380
        9955000	       994	80002480	00c02a33	slt	x20,x0,x12	  x0:0x00000000 x12:0xffffffff x20=0x00000000
        9965000	       995	80002484	010cc933	xor	x18,x25,x16	 x25:0x00000000 x16:0x00000004 x18=0x00000004
        9975000	       996	80002488	033d4263	blt	x26,x19,800024ac	 x26:0x000000a0 x19:0x00000000
        9985000	       997	8000248c	01459993	slli	x19,x11,0x14	 x11:0x61fdd5bd x19=0x5bd00000
        9995000	       998	80002490	03cd1e63	bne	x26,x28,800024cc	 x26:0x000000a0 x28:0x80009f89
       10005000	       999	00000000	00000013	addi	x0,x0,0	  x0:0x00000000
       10015000	      1000	800024c8	00000013	addi	x0,x0,0	  x0:0x00000000
       10025000	      1001	800024cc	005a7133	and	x2,x20,x5	 x20:0x00000000  x5:0x40000000  x2=0x00000000
       10035000	      1002	800024d0	e1932337	lui	x6,0xe1932	  x6=0xe1932000
       10045000	      1003	800024d4	aab26313	ori	x6,x4,-1365	  x4:0xb0444501  x6=0xffffffab
       10055000	      1004	800024d8	010bea33	or	x20,x23,x16	 x23:0x0000002c x16:0x00000004 x20=0x0000002c
       10065000	      1005	800024dc	0170d293	srli	x5,x1,0x17	  x1:0x00000400  x5=0x00000000
       10075000	      1006	800024e0	40f30ab3	sub	x21,x6,x15	  x6:0xffffffab x15:0x80009385 x21=0x7fff6c26
       10085000	      1007	800024e4	fa59a517	auipc	x10,0xfa59a	 x10=0x7a59c4e0
       10095000	      1008	800024e8	010cccb3	xor	x25,x25,x16	 x25:0x00000000 x16:0x00000004 x25=0x00000004
       10105000	      1009	800024ec	03e4e063	bltu	x9,x30,8000250c	  x9:0xffffffbc x30:0x80009fc4
       10115000	      1010	800024f0	0071dc63	bge	x3,x7,80002508	  x3:0xc00049e0  x7:0x0000003c
       10125000	      1011	800024f4	018330b3	sltu	x1,x6,x24	  x6:0xffffffab x24:0x00000045  x1=0x00000000
       10135000	      1012	800024f8	00266fb3	or	x31,x12,x2	 x12:0xffffffff  x2:0x00000000 x31=0xffffffff
       10145000	      1013	800024fc	00f7d193	srli	x3,x15,0xf	 x15:0x80009385  x3=0x00010001
       10155000	      1014	80002500	e9d2b313	sltiu	x6,x5,-355	  x5:0x00000000  x6=0x00000001
       10165000	      1015	80002504	6b7c3213	sltiu	x4,x24,1719	 x24:0x00000045  x4=0x00000001
       10175000	      1016	80002508	5fa3f993	andi	x19,x7,1530	  x7:0x0000003c x19=0x00000038
       10185000	      1017	8000250c	00005ab3	srl	x21,x0,x0	  x0:0x00000000  x0:0x00000000 x21=0x00000000
       10195000	      1018	80002510	000b89b3	add	x19,x23,x0	 x23:0x0000002c  x0:0x00000000 x19=0x0000002c
       10205000	      1019	80002514	011631b3	sltu	x3,x12,x17	 x12:0xffffffff x17:0x00000380  x3=0x00000000
       10215000	      1020	80002518	008d0663	beq	x26,x8,80002524	 x26:0x000000a0  x8:0x80009f44
       10225000	      1021	8000251c	005c7c33	and	x24,x24,x5	 x24:0x00000045  x5:0x00000000 x24=0x00000000
       10235000	      1022	80002520	0104b1b3	sltu	x3,x9,x16	  x9:0xffffffbc x16:0x00000004  x3=0x00000000
       10245000	      1023	80002524	00f46663	bltu	x8,x15,80002530	  x8:0x80009f44 x15:0x80009385
       10255000	      1024	80002528	01a08c63	beq	x1,x26,80002540	  x1:0x00000000 x26:0x000000a0
       10265000	      1025	8000252c	6490b113	sltiu	x2,x1,1609	  x1:0x00000000  x2=0x00000001
       10275000	      1026	80002530	4145dd13	srai	x26,x11,0x14	 x11:0x61fdd5bd x26=0x0000061f
       10285000	      1027	80002534	03117c63	bgeu	x2,x17,8000256c	  x2:0x00000001 x17:0x00000380
       10295000	      1028	80002538	00d8ac33	slt	x24,x17,x13	 x17:0x00000380 x13:0x000000d4 x24=0x00000000
       10305000	      1029	8000253c	01ef6fb3	or	x31,x30,x30	 x30:0x80009fc4 x30:0x80009fc4 x31=0x80009fc4
       10315000	      1030	80002540	01975cb3	srl	x25,x14,x25	 x14:0xfffffe94 x25:0x00000004 x25=0x0fffffe9
       10325000	      1031	80002544	35af3a13	sltiu	x20,x30,858	 x30:0x80009fc4 x20=0x00000000
       10335000	      1032	80002548	62390e93	addi	x29,x18,1571	 x18:0x00000004 x29=0x00000627
       10345000	      1033	8000254c	2b337493	andi	x9,x6,691	  x6:0x00000001  x9=0x00000001
       10355000	      1034	80002550	00b609b3	add	x19,x12,x11	 x12:0xffffffff x11:0x61fdd5bd x19=0x61fdd5bc
       10365000	      1035	80002554	5c867a13	andi	x20,x12,1480	 x12:0xffffffff x20=0x000005c8
       10375000	      1036	80002558	41dedd33	sra	x26,x29,x29	 x29:0x00000627 x29:0x00000627 x26=0x0000000c
       10385000	      1037	8000255c	fc986293	ori	x5,x16,-55	 x16:0x00000004  x5=0xffffffcd
       10395000	      1038	80002560	0059c933	xor	x18,x19,x5	 x19:0x61fdd5bc  x5:0xffffffcd x18=0x9e022a71
       10405000	      1039	80002564	63e67213	andi	x4,x12,1598	 x12:0xffffffff  x4=0x0000063e
       10415000	      1040	80002568	05f51063	bne	x10,x31,800025a8	 x10:0x7a59c4e0 x31:0x80009fc4
       10425000	      1041	00000000	00000013	addi	x0,x0,0	  x0:0x00000000
       10435000	      1042	800025a4	00000013	addi	x0,x0,0	  x0:0x00000000
       10445000	      1043	800025a8	00008d33	add	x26,x1,x0	  x1:0x00000000  x0:0x00000000 x26=0x00000000
       10455000	      1044	800025ac	00ee3cb3	sltu	x25,x28,x14	 x28:0x80009f89 x14:0xfffffe94 x25=0x00000001
       10465000	      1045	800025b0	df56c193	xori	x3,x13,-523	 x13:0x000000d4  x3=0xfffffd21
       10475000	      1046	800025b4	002234b3	sltu	x9,x4,x2	  x4:0x0000063e  x2:0x00000001  x9=0x00000000
       10485000	      1047	800025b8	00000013	addi	x0,x0,0	  x0:0x00000000
       10495000	      1048	800025bc	415d5c13	srai	x24,x26,0x15	 x26:0x00000000 x24=0x00000000
       10505000	      1049	800025c0	03d6c063	blt	x13,x29,800025e0	 x13:0x000000d4 x29:0x00000627
       10515000	      1050	00000000	00000013	addi	x0,x0,0	  x0:0x00000000
       10525000	      1051	800025dc	00000013	addi	x0,x0,0	  x0:0x00000000
       10535000	      1052	800025e0	12a94213	xori	x4,x18,298	 x18:0x9e022a71  x4=0x9e022b5b
       10545000	      1053	800025e4	417d0533	sub	x10,x26,x23	 x26:0x00000000 x23:0x0000002c x10=0xffffffd4
       10555000	      1054	800025e8	01285c33	srl	x24,x16,x18	 x16:0x00000004 x18:0x9e022a71 x24=0x00000000
       10565000	      1055	800025ec	019b5ab3	srl	x21,x22,x25	 x22:0x800093c1 x25:0x00000001 x21=0x400049e0
       10575000	      1056	800025f0	03fc0e63	beq	x24,x31,8000262c	 x24:0x00000000 x31:0x80009fc4
       10585000	      1057	800025f4	0364d063	bge	x9,x22,80002614	  x9:0x00000000 x22:0x800093c1
       10595000	      1058	00000000	00000013	addi	x0,x0,0	  x0:0x00000000
       10605000	      1059	80002610	00000013	addi	x0,x0,0	  x0:0x00000000
       10615000	      1060	80002614	d91c6c93	ori	x25,x24,-623	 x24:0x00000000 x25=0xfffffd91
       10625000	      1061	80002618	00000013	addi	x0,x0,0	  x0:0x00000000
       10635000	      1062	8000261c	00c317b3	sll	x15,x6,x12	  x6:0x00000001 x12:0xffffffff x15=0x80000000
       10645000	      1063	80002620	02988e63	beq	x17,x9,8000265c	 x17:0x00000380  x9:0x00000000
       10655000	      1064	80002624	40e9d333	sra	x6,x19,x14	 x19:0x61fdd5bc x14:0xfffffe94  x6=0x0000061f
       10665000	      1065	80002628	0ceb4b93	xori	x23,x22,206	 x22:0x800093c1 x23=0x8000930f
       10675000	      1066	8000262c	004ee5b3	or	x11,x29,x4	 x29:0x00000627  x4:0x9e022b5b x11=0x9e022f7f
       10685000	      1067	80002630	405bde13	srai	x28,x23,0x5	 x23:0x8000930f x28=0xfc000498
       10695000	      1068	80002634	00c5deb3	srl	x29,x11,x12	 x11:0x9e022f7f x12:0xffffffff x29=0x00000001
       10705000	      1069	80002638	01ede663	bltu	x27,x30,80002644	 x27:0xffffffae x30:0x80009fc4
       10715000	      1070	8000263c	7f8e4b93	xori	x23,x28,2040	 x28:0xfc000498 x23=0xfc000360
       10725000	      1071	80002640	6caf3613	sltiu	x12,x30,1738	 x30:0x80009fc4 x12=0x00000000
       10735000	      1072	80002644	36f62b17	auipc	x22,0x36f62	 x22=0xb6f64640
       10745000	      1073	80002648	e8241d97	auipc	x27,0xe8241	 x27=0x68243644
       10755000	      1074	8000264c	02729c63	bne	x5,x7,80002684	  x5:0xffffffcd  x7:0x0000003c
       10765000	      1075	00000000	00000013	addi	x0,x0,0	  x0:0x00000000
       10775000	      1076	80002680	00000013	addi	x0,x0,0	  x0:0x00000000
       10785000	      1077	80002684	41915fb3	sra	x31,x2,x25	  x2:0x00000001 x25:0xfffffd91 x31=0x00000000
       10795000	      1078	80002688	03004e63	blt	x0,x16,800026c4	  x0:0x00000000 x16:0x00000004
       10805000	      1079	00000000	00000013	addi	x0,x0,0	  x0:0x00000000
       10815000	      1080	800026c0	00000013	addi	x0,x0,0	  x0:0x00000000
       10825000	      1081	800026c4	f9bc0f93	addi	x31,x24,-101	 x24:0x00000000 x31=0xffffff9b
       10835000	      1082	800026c8	80588393	addi	x7,x17,-2043	 x17:0x00000380  x7=0xfffffb85
       10845000	      1083	800026cc	00311a13	slli	x20,x2,0x3	  x2:0x00000001 x20=0x00000008
       10855000	      1084	800026d0	0024d8b3	srl	x17,x9,x2	  x9:0x00000000  x2:0x00000001 x17=0x00000000
       10865000	      1085	800026d4	40c4dd93	srai	x27,x9,0xc	  x9:0x00000000 x27=0x00000000
       10875000	      1086	800026d8	016b18b3	sll	x17,x22,x22	 x22:0xb6f64640 x22:0xb6f64640 x17=0xb6f64640
       10885000	      1087	800026dc	0053b4b3	sltu	x9,x7,x5	  x7:0xfffffb85  x5:0xffffffcd  x9=0x00000001
       10895000	      1088	800026e0	00db1a63	bne	x22,x13,800026f4	 x22:0xb6f64640 x13:0x000000d4
       10905000	      1089	00000000	00000013	addi	x0,x0,0	  x0:0x00000000
       10915000	      1090	800026f0	00000013	addi	x0,x0,0	  x0:0x00000000
       10925000	      1091	800026f4	403dd493	srai	x9,x27,0x3	 x27:0x00000000  x9=0x00000000
       10935000	      1092	800026f8	011508b3	add	x17,x10,x17	 x10:0xffffffd4 x17:0xb6f64640 x17=0xb6f64614
       10945000	      1093	800026fc	001be8b3	or	x17,x23,x1	 x23:0xfc000360  x1:0x00000000 x17=0xfc000360
       10955000	      1094	80002700	0168d593	srli	x11,x17,0x16	 x17:0xfc000360 x11=0x000003f0
       10965000	      1095	80002704	00b394b3	sll	x9,x7,x11	  x7:0xfffffb85 x11:0x000003f0  x9=0xfb850000
       10975000	      1096	80002708	7b524693	xori	x13,x4,1973	  x4:0x9e022b5b x13=0x9e022cee
       10985000	      1097	8000270c	86cf2993	slti	x19,x30,-1940	 x30:0x80009fc4 x19=0x00000001
       10995000	      1098	80002710	007b1613	slli	x12,x22,0x7	 x22:0xb6f64640 x12=0x7b232000
       11005000	      1099	80002714	f85eb113	sltiu	x2,x29,-123	 x29:0x00000001  x2=0x00000001
       11015000	      1100	80002718	366d3213	sltiu	x4,x26,870	 x26:0x00000000  x4=0x00000001
       11025000	      1101	8000271c	00cdfc33	and	x24,x27,x12	 x27:0x00000000 x12:0x7b232000 x24=0x00000000
       11035000	      1102	80002720	c7933293	sltiu	x5,x6,-903	  x6:0x0000061f  x5=0x00000001
       11045000	      1103	80002724	00105b93	srli	x23,x0,0x1	  x0:0x00000000 x23=0x00000000
       11055000	      1104	80002728	01ba1533	sll	x10,x20,x27	 x20:0x00000008 x27:0x00000000 x10=0x00000008
       11065000	      1105	8000272c	c0364fb7	lui	x31,0xc0364	 x31=0xc0364000
       11075000	      1106	80002730	019defb3	or	x31,x27,x25	 x27:0x00000000 x25:0xfffffd91 x31=0xfffffd91
       11085000	      1107	80002734	dd942613	slti	x12,x8,-551	  x8:0x80009f44 x12=0x00000001
       11095000	      1108	80002738	03b81463	bne	x16,x27,80002760	 x16:0x00000004 x27:0x00000000
       11105000	      1109	00000000	00000013	addi	x0,x0,0	  x0:0x00000000
       11115000	      1110	8000275c	00000013	addi	x0,x0,0	  x0:0x00000000
       11125000	      1111	80002760	006d0c63	beq	x26,x6,80002778	 x26:0x00000000  x6:0x0000061f
       11135000	      1112	80002764	018fb733	sltu	x14,x31,x24	 x31:0xfffffd91 x24:0x00000000 x14=0x00000000
       11145000	      1113	80002768	41540eb3	sub	x29,x8,x21	  x8:0x80009f44 x21:0x400049e0 x29=0x40005564
       11155000	      1114	8000276c	00191993	slli	x19,x18,0x1	 x18:0x9e022a71 x19=0x3c0454e2
       11165000	      1115	80002770	40405233	sra	x4,x0,x4	  x0:0x00000000  x4:0x00000001  x4=0x00000000
       11175000	      1116	80002774	41a45633	sra	x12,x8,x26	  x8:0x80009f44 x26:0x00000000 x12=0x80009f44
       11185000	      1117	80002778	01760ab3	add	x21,x12,x23	 x12:0x80009f44 x23:0x00000000 x21=0x80009f44
       11195000	      1118	8000277c	41325113	srai	x2,x4,0x13	  x4:0x00000000  x2=0x00000000
       11205000	      1119	80002780	4134da93	srai	x21,x9,0x13	  x9:0xfb850000 x21=0xffffff70
       11215000	      1120	80002784	bcb94513	xori	x10,x18,-1077	 x18:0x9e022a71 x10=0x61fdd1ba
       11225000	      1121	80002788	00cce4b3	or	x9,x25,x12	 x25:0xfffffd91 x12:0x80009f44  x9=0xffffffd5
       11235000	      1122	8000278c	01cdc263	blt	x27,x28,80002790	 x27:0x00000000 x28:0xfc000498
       11245000	      1123	80002790	007e44b3	xor	x9,x28,x7	 x28:0xfc000498  x7:0xfffffb85  x9=0x03ffff1d
       11255000	      1124	80002794	015cd9b3	srl	x19,x25,x21	 x25:0xfffffd91 x21:0xffffff70 x19=0x0000ffff
       11265000	      1125	80002798	40dbd193	srai	x3,x23,0xd	 x23:0x00000000  x3=0x00000000
       11275000	      1126	8000279c	01e518b3	sll	x17,x10,x30	 x10:0x61fdd1ba x30:0x80009fc4 x17=0x1fdd1ba0
       11285000	      1127	800027a0	00000013	addi	x0,x0,0	  x0:0x00000000
       11295000	      1128	800027a4	01dec0b3	xor	x1,x29,x29	 x29:0x40005564 x29:0x40005564  x1=0x00000000
       11305000	      1129	800027a8	55e00493	addi	x9,x0,1374	  x0:0x00000000  x9=0x0000055e
       11315000	      1130	800027ac	40dc5a13	srai	x20,x24,0xd	 x24:0x00000000 x20=0x00000000
       11325000	      1131	800027b0	0fe681b7	lui	x3,0xfe68	  x3=0x0fe68000
       11335000	      1132	800027b4	011352b3	srl	x5,x6,x17	  x6:0x0000061f x17:0x1fdd1ba0  x5=0x0000061f
       11345000	      1133	800027b8	b0238393	addi	x7,x7,-1278	  x7:0xfffffb85  x7=0xfffff687
       11355000	      1134	800027bc	e6a23a93	sltiu	x21,x4,-406	  x4:0x00000000 x21=0x00000001
       11365000	      1135	800027c0	01ed9663	bne	x27,x30,800027cc	 x27:0x00000000 x30:0x80009fc4
       11375000	      1136	00000000	00000013	addi	x0,x0,0	  x0:0x00000000
       11385000	      1137	800027c8	00000013	addi	x0,x0,0	  x0:0x00000000
       11395000	      1138	800027cc	e8348893	addi	x17,x9,-381	  x9:0x0000055e x17=0x000003e1
       11405000	      1139	800027d0	e03c1e97	auipc	x29,0xe03c1	 x29=0x603c37cc
       11415000	      1140	800027d4	013f0133	add	x2,x30,x19	 x30:0x80009fc4 x19:0x0000ffff  x2=0x80019fc3
       11425000	      1141	800027d8	848c8d13	addi	x26,x25,-1976	 x25:0xfffffd91 x26=0xfffff5d9
       11435000	      1142	800027dc	344efe37	lui	x28,0x344ef	 x28=0x344ef000
       11445000	      1143	800027e0	0344ee63	bltu	x9,x20,8000281c	  x9:0x0000055e x20:0x00000000
       11455000	      1144	800027e4	41225013	srai	x0,x4,0x12	  x4:0x00000000
       11465000	      1145	800027e8	01d89e93	slli	x29,x17,0x1d	 x17:0x000003e1 x29=0x20000000
       11475000	      1146	800027ec	40b0d333	sra	x6,x1,x11	  x1:0x00000000 x11:0x000003f0  x6=0x00000000
       11485000	      1147	800027f0	00dfcc63	blt	x31,x13,80002808	 x31:0xfffffd91 x13:0x9e022cee
       11495000	      1148	800027f4	07d7f713	andi	x14,x15,125	 x15:0x80000000 x14=0x00000000
       11505000	      1149	800027f8	40f2d993	srai	x19,x5,0xf	  x5:0x0000061f x19=0x00000000
       11515000	      1150	800027fc	a1f46493	ori	x9,x8,-1505	  x8:0x80009f44  x9=0xffffff5f
       11525000	      1151	80002800	0126f133	and	x2,x13,x18	 x13:0x9e022cee x18:0x9e022a71  x2=0x9e022860
       11535000	      1152	80002804	01270133	add	x2,x14,x18	 x14:0x00000000 x18:0x9e022a71  x2=0x9e022a71
       11545000	      1153	80002808	00ea5633	srl	x12,x20,x14	 x20:0x00000000 x14:0x00000000 x12=0x00000000
       11555000	      1154	8000280c	014a1b93	slli	x23,x20,0x14	 x20:0x00000000 x23=0x00000000
       11565000	      1155	80002810	37d8aa13	slti	x20,x17,893	 x17:0x000003e1 x20=0x00000000
       11575000	      1156	80002814	01699513	slli	x10,x19,0x16	 x19:0x00000000 x10=0x00000000
       11585000	      1157	80002818	4101d713	srai	x14,x3,0x10	  x3:0x0fe68000 x14=0x00000fe6
       11595000	      1158	8000281c	006e6db3	or	x27,x28,x6	 x28:0x344ef000  x6:0x00000000 x27=0x344ef000
       11605000	      1159	80002820	00828463	beq	x5,x8,80002828	  x5:0x0000061f  x8:0x80009f44
       11615000	      1160	80002824	015d71b3	and	x3,x26,x21	 x26:0xfffff5d9 x21:0x00000001  x3=0x00000001
       11625000	      1161	80002828	015b7463	bgeu	x22,x21,80002830	 x22:0xb6f64640 x21:0x00000001
       11635000	      1162	00000000	00000013	addi	x0,x0,0	  x0:0x00000000
       11645000	      1163	8000282c	00000013	addi	x0,x0,0	  x0:0x00000000
       11655000	      1164	80002830	ae1f0393	addi	x7,x30,-1311	 x30:0x80009fc4  x7=0x80009aa5
       11665000	      1165	80002834	b32cc337	lui	x6,0xb32cc	  x6=0xb32cc000
       11675000	      1166	80002838	00339eb3	sll	x29,x7,x3	  x7:0x80009aa5  x3:0x00000001 x29=0x0001354a
       11685000	      1167	8000283c	40d4d993	srai	x19,x9,0xd	  x9:0xffffff5f x19=0xffffffff
       11695000	      1168	80002840	36243613	sltiu	x12,x8,866	  x8:0x80009f44 x12=0x00000000
       11705000	      1169	80002844	00215933	srl	x18,x2,x2	  x2:0x9e022a71  x2:0x9e022a71 x18=0x00004f01
       11715000	      1170	80002848	0027e0b3	or	x1,x15,x2	 x15:0x80000000  x2:0x9e022a71  x1=0x9e022a71
       11725000	      1171	8000284c	0c3c6663	bltu	x24,x3,80002918	 x24:0x00000000  x3:0x00000001
       11735000	      1172	00000000	00000013	addi	x0,x0,0	  x0:0x00000000
       11745000	      1173	80002914	00000013	addi	x0,x0,0	  x0:0x00000000
       11755000	      1174	80002918	4151d013	srai	x0,x3,0x15	  x3:0x00000001
       11765000	      1175	8000291c	43c23c97	auipc	x25,0x43c23	 x25=0xc3c25918
       11775000	      1176	80002920	00000013	addi	x0,x0,0	  x0:0x00000000
       11785000	      1177	80002924	8bc20893	addi	x17,x4,-1860	  x4:0x00000000 x17=0xfffff8bc
       11795000	      1178	80002928	01e1e633	or	x12,x3,x30	  x3:0x00000001 x30:0x80009fc4 x12=0x80009fc5
       11805000	      1179	8000292c	010f10b3	sll	x1,x30,x16	 x30:0x80009fc4 x16:0x00000004  x1=0x0009fc40
       11815000	      1180	80002930	03ee1e63	bne	x28,x30,8000296c	 x28:0x344ef000 x30:0x80009fc4
       11825000	      1181	00000000	00000013	addi	x0,x0,0	  x0:0x00000000
       11835000	      1182	80002968	00000013	addi	x0,x0,0	  x0:0x00000000
       11845000	      1183	8000296c	00620eb3	add	x29,x4,x6	  x4:0x00000000  x6:0xb32cc000 x29=0xb32cc000
       11855000	      1184	80002970	00d74c63	blt	x14,x13,80002988	 x14:0x00000fe6 x13:0x9e022cee
       11865000	      1185	80002974	002747b3	xor	x15,x14,x2	 x14:0x00000fe6  x2:0x9e022a71 x15=0x9e022597
       11875000	      1186	80002978	02ca9e63	bne	x21,x12,800029b4	 x21:0x00000001 x12:0x80009fc5
       11885000	      1187	00000000	00000013	addi	x0,x0,0	  x0:0x00000000
       11895000	      1188	800029b0	00000013	addi	x0,x0,0	  x0:0x00000000
       11905000	      1189	800029b4	0063b933	sltu	x18,x7,x6	  x7:0x80009aa5  x6:0xb32cc000 x18=0x00000001
       11915000	      1190	800029b8	01a85313	srli	x6,x16,0x1a	 x16:0x00000004  x6=0x00000000
       11925000	      1191	800029bc	2ddcbb93	sltiu	x23,x25,733	 x25:0xc3c25918 x23=0x00000000
       11935000	      1192	800029c0	00fcf5b3	and	x11,x25,x15	 x25:0xc3c25918 x15:0x9e022597 x11=0x82020110
       11945000	      1193	800029c4	010b8eb3	add	x29,x23,x16	 x23:0x00000000 x16:0x00000004 x29=0x00000004
       11955000	      1194	800029c8	af61be13	sltiu	x28,x3,-1290	  x3:0x00000001 x28=0x00000001
       11965000	      1195	800029cc	01059293	slli	x5,x11,0x10	 x11:0x82020110  x5=0x01100000
       11975000	      1196	800029d0	021b0e63	beq	x22,x1,80002a0c	 x22:0xb6f64640  x1:0x0009fc40
       11985000	      1197	800029d4	68abc737	lui	x14,0x68abc	 x14=0x68abc000
       11995000	      1198	800029d8	01cd5e63	bge	x26,x28,800029f4	 x26:0xfffff5d9 x28:0x00000001
       12005000	      1199	800029dc	02970c63	beq	x14,x9,80002a14	 x14:0x68abc000  x9:0xffffff5f
       12015000	      1200	800029e0	0116dc63	bge	x13,x17,800029f8	 x13:0x9e022cee x17:0xfffff8bc
       12025000	      1201	800029e4	00203133	sltu	x2,x0,x2	  x0:0x00000000  x2:0x9e022a71  x2=0x00000001
       12035000	      1202	800029e8	00faa533	slt	x10,x21,x15	 x21:0x00000001 x15:0x9e022597 x10=0x00000000
       12045000	      1203	800029ec	00801463	bne	x0,x8,800029f4	  x0:0x00000000  x8:0x80009f44
       12055000	      1204	00000000	00000013	addi	x0,x0,0	  x0:0x00000000
       12065000	      1205	800029f0	00000013	addi	x0,x0,0	  x0:0x00000000
       12075000	      1206	800029f4	0025c463	blt	x11,x2,800029fc	 x11:0x82020110  x2:0x00000001
       12085000	      1207	00000000	00000013	addi	x0,x0,0	  x0:0x00000000
       12095000	      1208	800029f8	00000013	addi	x0,x0,0	  x0:0x00000000
       12105000	      1209	800029fc	00f1dd33	srl	x26,x3,x15	  x3:0x00000001 x15:0x9e022597 x26=0x00000000
       12115000	      1210	80002a00	00000013	addi	x0,x0,0	  x0:0x00000000
       12125000	      1211	80002a04	0140ca33	xor	x20,x1,x20	  x1:0x0009fc40 x20:0x00000000 x20=0x0009fc40
       12135000	      1212	80002a08	016bdfb3	srl	x31,x23,x22	 x23:0x00000000 x22:0xb6f64640 x31=0x00000000
       12145000	      1213	80002a0c	a1e82493	slti	x9,x16,-1506	 x16:0x00000004  x9=0x00000000
       12155000	      1214	80002a10	01891193	slli	x3,x18,0x18	 x18:0x00000001  x3=0x01000000
       12165000	      1215	80002a14	016cdd93	srli	x27,x25,0x16	 x25:0xc3c25918 x27=0x0000030f
       12175000	      1216	80002a18	0381fe63	bgeu	x3,x24,80002a54	  x3:0x01000000 x24:0x00000000
       12185000	      1217	00000000	00000013	addi	x0,x0,0	  x0:0x00000000
       12195000	      1218	80002a50	00000013	addi	x0,x0,0	  x0:0x00000000
       12205000	      1219	80002a54	05ac0063	beq	x24,x26,80002a94	 x24:0x00000000 x26:0x00000000
       12215000	      1220	00000000	00000013	addi	x0,x0,0	  x0:0x00000000
       12225000	      1221	80002a90	00000013	addi	x0,x0,0	  x0:0x00000000
       12235000	      1222	80002a94	001a1d33	sll	x26,x20,x1	 x20:0x0009fc40  x1:0x0009fc40 x26=0x0009fc40
       12245000	      1223	80002a98	563f0b13	addi	x22,x30,1379	 x30:0x80009fc4 x22=0x8000a527
       12255000	      1224	80002a9c	01179263	bne	x15,x17,80002aa0	 x15:0x9e022597 x17:0xfffff8bc
       12265000	      1225	00000000	00000013	addi	x0,x0,0	  x0:0x00000000
       12275000	      1226	80002a9c	00000013	addi	x0,x0,0	  x0:0x00000000
       12285000	      1227	80002aa0	404d0333	sub	x6,x26,x4	 x26:0x0009fc40  x4:0x00000000  x6=0x0009fc40
       12295000	      1228	80002aa4	01548463	beq	x9,x21,80002aac	  x9:0x00000000 x21:0x00000001
       12305000	      1229	80002aa8	020c6e63	bltu	x24,x0,80002ae4	 x24:0x00000000  x0:0x00000000
       12315000	      1230	80002aac	41815293	srai	x5,x2,0x18	  x2:0x00000001  x5=0x00000000
       12325000	      1231	80002ab0	00ad2d33	slt	x26,x26,x10	 x26:0x0009fc40 x10:0x00000000 x26=0x00000000
       12335000	      1232	80002ab4	05b2e863	bltu	x5,x27,80002b04	  x5:0x00000000 x27:0x0000030f
       12345000	      1233	00000000	00000013	addi	x0,x0,0	  x0:0x00000000
       12355000	      1234	80002b00	00000013	addi	x0,x0,0	  x0:0x00000000
       12365000	      1235	80002b04	007b9c13	slli	x24,x23,0x7	 x23:0x00000000 x24=0x00000000
       12375000	      1236	80002b08	410805b3	sub	x11,x16,x16	 x16:0x00000004 x16:0x00000004 x11=0x00000000
       12385000	      1237	80002b0c	01ddd513	srli	x10,x27,0x1d	 x27:0x0000030f x10=0x00000000
       12395000	      1238	80002b10	41520cb3	sub	x25,x4,x21	  x4:0x00000000 x21:0x00000001 x25=0xffffffff
       12405000	      1239	80002b14	00ec9c33	sll	x24,x25,x14	 x25:0xffffffff x14:0x68abc000 x24=0xffffffff
       12415000	      1240	80002b18	01ea1e93	slli	x29,x20,0x1e	 x20:0x0009fc40 x29=0x00000000
       12425000	      1241	80002b1c	4024d913	srai	x18,x9,0x2	  x9:0x00000000 x18=0x00000000
       12435000	      1242	80002b20	01415793	srli	x15,x2,0x14	  x2:0x00000001 x15=0x00000000
       12445000	      1243	80002b24	01aed8b3	srl	x17,x29,x26	 x29:0x00000000 x26:0x00000000 x17=0x00000000
       12455000	      1244	80002b28	03ccfe63	bgeu	x25,x28,80002b64	 x25:0xffffffff x28:0x00000001
       12465000	      1245	00000000	00000013	addi	x0,x0,0	  x0:0x00000000
       12475000	      1246	80002b60	00000013	addi	x0,x0,0	  x0:0x00000000
       12485000	      1247	80002b64	012f4db3	xor	x27,x30,x18	 x30:0x80009fc4 x18:0x00000000 x27=0x80009fc4
       12495000	      1248	80002b68	0047cb33	xor	x22,x15,x4	 x15:0x00000000  x4:0x00000000 x22=0x00000000
       12505000	      1249	80002b6c	e384c213	xori	x4,x9,-456	  x9:0x00000000  x4=0xfffffe38
       12515000	      1250	80002b70	0007dd93	srli	x27,x15,0x0	 x15:0x00000000 x27=0x00000000
       12525000	      1251	80002b74	00dbd5b3	srl	x11,x23,x13	 x23:0x00000000 x13:0x9e022cee x11=0x00000000
       12535000	      1252	80002b78	34e6e3b7	lui	x7,0x34e6e	  x7=0x34e6e000
       12545000	      1253	80002b7c	00179c63	bne	x15,x1,80002b94	 x15:0x00000000  x1:0x0009fc40
       12555000	      1254	00000000	00000013	addi	x0,x0,0	  x0:0x00000000
       12565000	      1255	80002b90	00000013	addi	x0,x0,0	  x0:0x00000000
       12575000	      1256	80002b94	9ba1fc93	andi	x25,x3,-1606	  x3:0x01000000 x25=0x01000000
       12585000	      1257	80002b98	95dc6293	ori	x5,x24,-1699	 x24:0xffffffff  x5=0xffffffff
       12595000	      1258	80002b9c	009b1e63	bne	x22,x9,80002bb8	 x22:0x00000000  x9:0x00000000
       12605000	      1259	80002ba0	01edc733	xor	x14,x27,x30	 x27:0x00000000 x30:0x80009fc4 x14=0x80009fc4
       12615000	      1260	80002ba4	00000013	addi	x0,x0,0	  x0:0x00000000
       12625000	      1261	80002ba8	00000013	addi	x0,x0,0	  x0:0x00000000
       12635000	      1262	80002bac	0092f663	bgeu	x5,x9,80002bb8	  x5:0xffffffff  x9:0x00000000
       12645000	      1263	00000000	00000013	addi	x0,x0,0	  x0:0x00000000
       12655000	      1264	80002bb4	00000013	addi	x0,x0,0	  x0:0x00000000
       12665000	      1265	80002bb8	00034a63	blt	x6,x0,80002bcc	  x6:0x0009fc40  x0:0x00000000
       12675000	      1266	80002bbc	00537c33	and	x24,x6,x5	  x6:0x0009fc40  x5:0xffffffff x24=0x0009fc40
       12685000	      1267	80002bc0	01a01663	bne	x0,x26,80002bcc	  x0:0x00000000 x26:0x00000000
       12695000	      1268	80002bc4	015c5c63	bge	x24,x21,80002bdc	 x24:0x0009fc40 x21:0x00000001
       12705000	      1269	00000000	00000013	addi	x0,x0,0	  x0:0x00000000
       12715000	      1270	80002bd8	00000013	addi	x0,x0,0	  x0:0x00000000
       12725000	      1271	80002bdc	e8963913	sltiu	x18,x12,-375	 x12:0x80009fc5 x18=0x00000001
       12735000	      1272	80002be0	b6838993	addi	x19,x7,-1176	  x7:0x34e6e000 x19=0x34e6db68
       12745000	      1273	80002be4	472c6193	ori	x3,x24,1138	 x24:0x0009fc40  x3=0x0009fc72
       12755000	      1274	80002be8	00000013	addi	x0,x0,0	  x0:0x00000000
       12765000	      1275	80002bec	756af713	andi	x14,x21,1878	 x21:0x00000001 x14=0x00000000
       12775000	      1276	80002bf0	012b5c63	bge	x22,x18,80002c08	 x22:0x00000000 x18:0x00000001
       12785000	      1277	80002bf4	00836463	bltu	x6,x8,80002bfc	  x6:0x0009fc40  x8:0x80009f44
       12795000	      1278	00000000	00000013	addi	x0,x0,0	  x0:0x00000000
       12805000	      1279	80002bf8	00000013	addi	x0,x0,0	  x0:0x00000000
       12815000	      1280	80002bfc	025c7c63	bgeu	x24,x5,80002c34	 x24:0x0009fc40  x5:0xffffffff
       12825000	      1281	80002c00	67c93c13	sltiu	x24,x18,1660	 x18:0x00000001 x24=0x00000001
       12835000	      1282	80002c04	01272a33	slt	x20,x14,x18	 x14:0x00000000 x18:0x00000001 x20=0x00000001
       12845000	      1283	80002c08	0008e033	or	x0,x17,x0	 x17:0x00000000  x0:0x00000000
       12855000	      1284	80002c0c	0256fe63	bgeu	x13,x5,80002c48	 x13:0x9e022cee  x5:0xffffffff
       12865000	      1285	80002c10	8cd36c93	ori	x25,x6,-1843	  x6:0x0009fc40 x25=0xfffffccd
       12875000	      1286	80002c14	00c88c63	beq	x17,x12,80002c2c	 x17:0x00000000 x12:0x80009fc5
       12885000	      1287	80002c18	12f3fa93	andi	x21,x7,303	  x7:0x34e6e000 x21=0x00000000
       12895000	      1288	80002c1c	0077c6b3	xor	x13,x15,x7	 x15:0x00000000  x7:0x34e6e000 x13=0x34e6e000
       12905000	      1289	80002c20	0308d063	bge	x17,x16,80002c40	 x17:0x00000000 x16:0x00000004
       12915000	      1290	80002c24	01ce4c33	xor	x24,x28,x28	 x28:0x00000001 x28:0x00000001 x24=0x00000000
       12925000	      1291	80002c28	6a266337	lui	x6,0x6a266	  x6=0x6a266000
       12935000	      1292	80002c2c	6feef013	andi	x0,x29,1790	 x29:0x00000000
       12945000	      1293	80002c30	caf0b313	sltiu	x6,x1,-849	  x1:0x0009fc40  x6=0x00000001
       12955000	      1294	80002c34	00fe7c33	and	x24,x28,x15	 x28:0x00000001 x15:0x00000000 x24=0x00000000
       12965000	      1295	80002c38	004c3133	sltu	x2,x24,x4	 x24:0x00000000  x4:0xfffffe38  x2=0x00000001
       12975000	      1296	80002c3c	04798063	beq	x19,x7,80002c7c	 x19:0x34e6db68  x7:0x34e6e000
       12985000	      1297	80002c40	02850263	beq	x10,x8,80002c64	 x10:0x00000000  x8:0x80009f44
       12995000	      1298	80002c44	0396fe63	bgeu	x13,x25,80002c80	 x13:0x34e6e000 x25:0xfffffccd
       13005000	      1299	80002c48	0100e233	or	x4,x1,x16	  x1:0x0009fc40 x16:0x00000004  x4=0x0009fc44
       13015000	      1300	80002c4c	01754d33	xor	x26,x10,x23	 x10:0x00000000 x23:0x00000000 x26=0x00000000
       13025000	      1301	80002c50	014dd593	srli	x11,x27,0x14	 x27:0x00000000 x11=0x00000000
       13035000	      1302	80002c54	a06ef593	andi	x11,x29,-1530	 x29:0x00000000 x11=0x00000000
       13045000	      1303	80002c58	00940b33	add	x22,x8,x9	  x8:0x80009f44  x9:0x00000000 x22=0x80009f44
       13055000	      1304	80002c5c	01345033	srl	x0,x8,x19	  x8:0x80009f44 x19:0x34e6db68
       13065000	      1305	80002c60	ff2a7013	andi	x0,x20,-14	 x20:0x00000001
       13075000	      1306	80002c64	006e4a63	blt	x28,x6,80002c78	 x28:0x00000001  x6:0x00000001
       13085000	      1307	80002c68	f60db193	sltiu	x3,x27,-160	 x27:0x00000000  x3=0x00000001
       13095000	      1308	80002c6c	0075f0b3	and	x1,x11,x7	 x11:0x00000000  x7:0x34e6e000  x1=0x00000000
       13105000	      1309	80002c70	103ffe13	andi	x28,x31,259	 x31:0x00000000 x28=0x00000000
       13115000	      1310	80002c74	a8c4a713	slti	x14,x9,-1396	  x9:0x00000000 x14=0x00000000
       13125000	      1311	80002c78	40e68eb3	sub	x29,x13,x14	 x13:0x34e6e000 x14:0x00000000 x29=0x34e6e000
       13135000	      1312	80002c7c	01f5d3b3	srl	x7,x11,x31	 x11:0x00000000 x31:0x00000000  x7=0x00000000
       13145000	      1313	80002c80	0059c263	blt	x19,x5,80002c84	 x19:0x34e6db68  x5:0xffffffff
       13155000	      1314	80002c84	cffe3b93	sltiu	x23,x28,-769	 x28:0x00000000 x23=0x00000001
       13165000	      1315	80002c88	40fedb93	srai	x23,x29,0xf	 x29:0x34e6e000 x23=0x000069cd
       13175000	      1316	80002c8c	01491c63	bne	x18,x20,80002ca4	 x18:0x00000001 x20:0x00000001
       13185000	      1317	80002c90	41510033	sub	x0,x2,x21	  x2:0x00000001 x21:0x00000000
       13195000	      1318	80002c94	019dfa63	bgeu	x27,x25,80002ca8	 x27:0x00000000 x25:0xfffffccd
       13205000	      1319	80002c98	d4798a93	addi	x21,x19,-697	 x19:0x34e6db68 x21=0x34e6d8af
       13215000	      1320	80002c9c	00956e63	bltu	x10,x9,80002cb8	 x10:0x00000000  x9:0x00000000
       13225000	      1321	80002ca0	005535b3	sltu	x11,x10,x5	 x10:0x00000000  x5:0xffffffff x11=0x00000001
       13235000	      1322	80002ca4	cc7be513	ori	x10,x23,-825	 x23:0x000069cd x10=0xfffffdcf
       13245000	      1323	80002ca8	17e14b93	xori	x23,x2,382	  x2:0x00000001 x23=0x0000017f
       13255000	      1324	80002cac	47808893	addi	x17,x1,1144	  x1:0x00000000 x17=0x00000478
       13265000	      1325	80002cb0	00495313	srli	x6,x18,0x4	 x18:0x00000001  x6=0x00000000
       13275000	      1326	80002cb4	40cf0633	sub	x12,x30,x12	 x30:0x80009fc4 x12:0x80009fc5 x12=0xffffffff
       13285000	      1327	80002cb8	00819d93	slli	x27,x3,0x8	  x3:0x00000001 x27=0x00000100
       13295000	      1328	80002cbc	00000013	addi	x0,x0,0	  x0:0x00000000
       13305000	      1329	80002cc0	05269863	bne	x13,x18,80002d10	 x13:0x34e6e000 x18:0x00000001
       13315000	      1330	00000000	00000013	addi	x0,x0,0	  x0:0x00000000
       13325000	      1331	80002d0c	00000013	addi	x0,x0,0	  x0:0x00000000
       13335000	      1332	80002d10	01cfd193	srli	x3,x31,0x1c	 x31:0x00000000  x3=0x00000000
       13345000	      1333	80002d14	00000013	addi	x0,x0,0	  x0:0x00000000
       13355000	      1334	80002d18	b2f02913	slti	x18,x0,-1233	  x0:0x00000000 x18=0x00000000
       13365000	      1335	80002d1c	00000013	addi	x0,x0,0	  x0:0x00000000
       13375000	      1336	80002d20	401fdd13	srai	x26,x31,0x1	 x31:0x00000000 x26=0x00000000
       13385000	      1337	80002d24	00e040b3	xor	x1,x0,x14	  x0:0x00000000 x14:0x00000000  x1=0x00000000
       13395000	      1338	80002d28	3b6a9597	auipc	x11,0x3b6a9	 x11=0xbb6abd24
       13405000	      1339	80002d2c	017bf533	and	x10,x23,x23	 x23:0x0000017f x23:0x0000017f x10=0x0000017f
       13415000	      1340	80002d30	0256dc63	bge	x13,x5,80002d68	 x13:0x34e6e000  x5:0xffffffff
       13425000	      1341	00000000	00000013	addi	x0,x0,0	  x0:0x00000000
       13435000	      1342	80002d64	00000013	addi	x0,x0,0	  x0:0x00000000
       13445000	      1343	80002d68	ea12a793	slti	x15,x5,-351	  x5:0xffffffff x15=0x00000000
       13455000	      1344	80002d6c	00000013	addi	x0,x0,0	  x0:0x00000000
       13465000	      1345	80002d70	88f3cd93	xori	x27,x7,-1905	  x7:0x00000000 x27=0xfffff88f
       13475000	      1346	80002d74	40e85d93	srai	x27,x16,0xe	 x16:0x00000004 x27=0x00000000
       13485000	      1347	80002d78	4d9bf337	lui	x6,0x4d9bf	  x6=0x4d9bf000
       13495000	      1348	80002d7c	00f0e663	bltu	x1,x15,80002d88	  x1:0x00000000 x15:0x00000000
       13505000	      1349	80002d80	015119b3	sll	x19,x2,x21	  x2:0x00000001 x21:0x34e6d8af x19=0x00008000
       13515000	      1350	80002d84	01fc3ab3	sltu	x21,x24,x31	 x24:0x00000000 x31:0x00000000 x21=0x00000000
       13525000	      1351	80002d88	01b29b33	sll	x22,x5,x27	  x5:0xffffffff x27:0x00000000 x22=0xffffffff
       13535000	      1352	80002d8c	01288cb3	add	x25,x17,x18	 x17:0x00000478 x18:0x00000000 x25=0x00000478
       13545000	      1353	80002d90	01df04b3	add	x9,x30,x29	 x30:0x80009fc4 x29:0x34e6e000  x9=0xb4e77fc4
       13555000	      1354	80002d94	074ac713	xori	x14,x21,116	 x21:0x00000000 x14=0x00000074
       13565000	      1355	80002d98	f7842c97	auipc	x25,0xf7842	 x25=0x77844d94
       13575000	      1356	80002d9c	41b5d233	sra	x4,x11,x27	 x11:0xbb6abd24 x27:0x00000000  x4=0xbb6abd24
       13585000	      1357	80002da0	97952493	slti	x9,x10,-1671	 x10:0x0000017f  x9=0x00000000
       13595000	      1358	80002da4	0e4c5063	bge	x24,x4,80002e84	 x24:0x00000000  x4:0xbb6abd24
       13605000	      1359	00000000	00000013	addi	x0,x0,0	  x0:0x00000000
       13615000	      1360	80002e80	00000013	addi	x0,x0,0	  x0:0x00000000
       13625000	      1361	80002e84	00000013	addi	x0,x0,0	  x0:0x00000000
       13635000	      1362	80002e88	df8ea513	slti	x10,x29,-520	 x29:0x34e6e000 x10=0x00000000
       13645000	      1363	80002e8c	892ea493	slti	x9,x29,-1902	 x29:0x34e6e000  x9=0x00000000
       13655000	      1364	80002e90	c1407d13	andi	x26,x0,-1004	  x0:0x00000000 x26=0x00000000
       13665000	      1365	80002e94	e63a6913	ori	x18,x20,-413	 x20:0x00000001 x18=0xfffffe63
       13675000	      1366	80002e98	256e2013	slti	x0,x28,598	 x28:0x00000000
       13685000	      1367	80002e9c	46068b13	addi	x22,x13,1120	 x13:0x34e6e000 x22=0x34e6e460
       13695000	      1368	80002ea0	9ddf6113	ori	x2,x30,-1571	 x30:0x80009fc4  x2=0xffffffdd
       13705000	      1369	80002ea4	41d38133	sub	x2,x7,x29	  x7:0x00000000 x29:0x34e6e000  x2=0xcb192000
       13715000	      1370	80002ea8	0102d7b3	srl	x15,x5,x16	  x5:0xffffffff x16:0x00000004 x15=0x0fffffff
       13725000	      1371	80002eac	4ca26237	lui	x4,0x4ca26	  x4=0x4ca26000
       13735000	      1372	80002eb0	dfdf5117	auipc	x2,0xdfdf5	  x2=0x5fdf7eac
       13745000	      1373	80002eb4	e71c4293	xori	x5,x24,-399	 x24:0x00000000  x5=0xfffffe71
       13755000	      1374	80002eb8	48793f93	sltiu	x31,x18,1159	 x18:0xfffffe63 x31=0x00000000
       13765000	      1375	80002ebc	00f39113	slli	x2,x7,0xf	  x7:0x00000000  x2=0x00000000
       13775000	      1376	80002ec0	004eccb3	xor	x25,x29,x4	 x29:0x34e6e000  x4:0x4ca26000 x25=0x78448000
       13785000	      1377	80002ec4	01d912b3	sll	x5,x18,x29	 x18:0xfffffe63 x29:0x34e6e000  x5=0xfffffe63
       13795000	      1378	80002ec8	04a11863	bne	x2,x10,80002f18	  x2:0x00000000 x10:0x00000000
       13805000	      1379	80002ecc	0375e263	bltu	x11,x23,80002ef0	 x11:0xbb6abd24 x23:0x0000017f
       13815000	      1380	80002ed0	01989663	bne	x17,x25,80002edc	 x17:0x00000478 x25:0x78448000
       13825000	      1381	00000000	00000013	addi	x0,x0,0	  x0:0x00000000
       13835000	      1382	80002ed8	00000013	addi	x0,x0,0	  x0:0x00000000
       13845000	      1383	80002edc	b2a5a513	slti	x10,x11,-1238	 x11:0xbb6abd24 x10=0x00000001
       13855000	      1384	80002ee0	8dc22d93	slti	x27,x4,-1828	  x4:0x4ca26000 x27=0x00000000
       13865000	      1385	80002ee4	6866b993	sltiu	x19,x13,1670	 x13:0x34e6e000 x19=0x00000000
       13875000	      1386	80002ee8	a1aee693	ori	x13,x29,-1510	 x29:0x34e6e000 x13=0xfffffa1a
       13885000	      1387	80002eec	01a69a33	sll	x20,x13,x26	 x13:0xfffffa1a x26:0x00000000 x20=0xfffffa1a
       13895000	      1388	80002ef0	016ecc63	blt	x29,x22,80002f08	 x29:0x34e6e000 x22:0x34e6e460
       13905000	      1389	00000000	00000013	addi	x0,x0,0	  x0:0x00000000
       13915000	      1390	80002f04	00000013	addi	x0,x0,0	  x0:0x00000000
       13925000	      1391	80002f08	3ae64937	lui	x18,0x3ae64	 x18=0x3ae64000
       13935000	      1392	80002f0c	1df191b7	lui	x3,0x1df19	  x3=0x1df19000
       13945000	      1393	80002f10	40af0bb3	sub	x23,x30,x10	 x30:0x80009fc4 x10:0x00000001 x23=0x80009fc3
       13955000	      1394	80002f14	01b89b33	sll	x22,x17,x27	 x17:0x00000478 x27:0x00000000 x22=0x00000478
       13965000	      1395	80002f18	00000013	addi	x0,x0,0	  x0:0x00000000
       13975000	      1396	80002f1c	60688613	addi	x12,x17,1542	 x17:0x00000478 x12=0x00000a7e
       13985000	      1397	80002f20	016a1463	bne	x20,x22,80002f28	 x20:0xfffffa1a x22:0x00000478
       13995000	      1398	00000000	00000013	addi	x0,x0,0	  x0:0x00000000
       14005000	      1399	80002f24	00000013	addi	x0,x0,0	  x0:0x00000000
       14015000	      1400	80002f28	012a6c63	bltu	x20,x18,80002f40	 x20:0xfffffa1a x18:0x3ae64000
       14025000	      1401	80002f2c	f29eb393	sltiu	x7,x29,-215	 x29:0x34e6e000  x7=0x00000001
       14035000	      1402	80002f30	012e5c33	srl	x24,x28,x18	 x28:0x00000000 x18:0x3ae64000 x24=0x00000000
       14045000	      1403	80002f34	0431f663	bgeu	x3,x3,80002f80	  x3:0x1df19000  x3:0x1df19000
       14055000	      1404	00000000	00000013	addi	x0,x0,0	  x0:0x00000000
       14065000	      1405	80002f7c	00000013	addi	x0,x0,0	  x0:0x00000000
       14075000	      1406	80002f80	00df9c63	bne	x31,x13,80002f98	 x31:0x00000000 x13:0xfffffa1a
       14085000	      1407	00000000	00000013	addi	x0,x0,0	  x0:0x00000000
       14095000	      1408	80002f94	00000013	addi	x0,x0,0	  x0:0x00000000
       14105000	      1409	80002f98	b2426313	ori	x6,x4,-1244	  x4:0x4ca26000  x6=0xfffffb24
       14115000	      1410	80002f9c	af5eba13	sltiu	x20,x29,-1291	 x29:0x34e6e000 x20=0x00000001
       14125000	      1411	80002fa0	0144f7b3	and	x15,x9,x20	  x9:0x00000000 x20:0x00000001 x15=0x00000000
       14135000	      1412	80002fa4	04c67063	bgeu	x12,x12,80002fe4	 x12:0x00000a7e x12:0x00000a7e
       14145000	      1413	00000000	00000013	addi	x0,x0,0	  x0:0x00000000
       14155000	      1414	80002fe0	00000013	addi	x0,x0,0	  x0:0x00000000
       14165000	      1415	80002fe4	0176f4b3	and	x9,x13,x23	 x13:0xfffffa1a x23:0x80009fc3  x9=0x80009a02
       14175000	      1416	80002fe8	00385213	srli	x4,x16,0x3	 x16:0x00000004  x4=0x00000000
       14185000	      1417	80002fec	5fe61237	lui	x4,0x5fe61	  x4=0x5fe61000
       14195000	      1418	80002ff0	03ba8463	beq	x21,x27,80003018	 x21:0x00000000 x27:0x00000000
       14205000	      1419	00000000	00000013	addi	x0,x0,0	  x0:0x00000000
       14215000	      1420	80003014	00000013	addi	x0,x0,0	  x0:0x00000000
       14225000	      1421	80003018	00340933	add	x18,x8,x3	  x8:0x80009f44  x3:0x1df19000 x18=0x9df22f44
       14235000	      1422	8000301c	009bc333	xor	x6,x23,x9	 x23:0x80009fc3  x9:0x80009a02  x6=0x000005c1
       14245000	      1423	80003020	2ed6b313	sltiu	x6,x13,749	 x13:0xfffffa1a  x6=0x00000000
       14255000	      1424	80003024	01b50263	beq	x10,x27,80003028	 x10:0x00000001 x27:0x00000000
       14265000	      1425	80003028	79a83113	sltiu	x2,x16,1946	 x16:0x00000004  x2=0x00000001
       14275000	      1426	8000302c	002d9eb3	sll	x29,x27,x2	 x27:0x00000000  x2:0x00000001 x29=0x00000000
       14285000	      1427	80003030	018cb7b3	sltu	x15,x25,x24	 x25:0x78448000 x24:0x00000000 x15=0x00000000
       14295000	      1428	80003034	00486633	or	x12,x16,x4	 x16:0x00000004  x4:0x5fe61000 x12=0x5fe61004
       14305000	      1429	80003038	00a847b3	xor	x15,x16,x10	 x16:0x00000004 x10:0x00000001 x15=0x00000005
       14315000	      1430	8000303c	0093b133	sltu	x2,x7,x9	  x7:0x00000001  x9:0x80009a02  x2=0x00000001
       14325000	      1431	80003040	4146dc93	srai	x25,x13,0x14	 x13:0xfffffa1a x25=0xffffffff
       14335000	      1432	80003044	ed920d13	addi	x26,x4,-295	  x4:0x5fe61000 x26=0x5fe60ed9
       14345000	      1433	80003048	413ed933	sra	x18,x29,x19	 x29:0x00000000 x19:0x00000000 x18=0x00000000
       14355000	      1434	8000304c	4976f113	andi	x2,x13,1175	 x13:0xfffffa1a  x2=0x00000012
       14365000	      1435	80003050	0023fd33	and	x26,x7,x2	  x7:0x00000001  x2:0x00000012 x26=0x00000000
       14375000	      1436	80003054	01df6663	bltu	x30,x29,80003060	 x30:0x80009fc4 x29:0x00000000
       14385000	      1437	80003058	00f167b3	or	x15,x2,x15	  x2:0x00000012 x15:0x00000005 x15=0x00000017
       14395000	      1438	8000305c	f1e5fc97	auipc	x25,0xf1e5f	 x25=0x71e62058
       14405000	      1439	80003060	0166fc33	and	x24,x13,x22	 x13:0xfffffa1a x22:0x00000478 x24=0x00000018
       14415000	      1440	80003064	007e2633	slt	x12,x28,x7	 x28:0x00000000  x7:0x00000001 x12=0x00000001
       14425000	      1441	80003068	00bc8a63	beq	x25,x11,8000307c	 x25:0x71e62058 x11:0xbb6abd24
       14435000	      1442	8000306c	ceeca613	slti	x12,x25,-786	 x25:0x71e62058 x12=0x00000000
       14445000	      1443	80003070	019c4663	blt	x24,x25,8000307c	 x24:0x00000018 x25:0x71e62058
       14455000	      1444	00000000	00000013	addi	x0,x0,0	  x0:0x00000000
       14465000	      1445	80003078	00000013	addi	x0,x0,0	  x0:0x00000000
       14475000	      1446	8000307c	013b6a33	or	x20,x22,x19	 x22:0x00000478 x19:0x00000000 x20=0x00000478
       14485000	      1447	80003080	0340fe63	bgeu	x1,x20,800030bc	  x1:0x00000000 x20:0x00000478
       14495000	      1448	80003084	004bdd33	srl	x26,x23,x4	 x23:0x80009fc3  x4:0x5fe61000 x26=0x80009fc3
       14505000	      1449	80003088	7d966113	ori	x2,x12,2009	 x12:0x00000000  x2=0x000007d9
       14515000	      1450	8000308c	6d7eb513	sltiu	x10,x29,1751	 x29:0x00000000 x10=0x00000001
       14525000	      1451	80003090	02bf4c63	blt	x30,x11,800030c8	 x30:0x80009fc4 x11:0xbb6abd24
       14535000	      1452	00000000	00000013	addi	x0,x0,0	  x0:0x00000000
       14545000	      1453	800030c4	00000013	addi	x0,x0,0	  x0:0x00000000
       14555000	      1454	800030c8	3a85c513	xori	x10,x11,936	 x11:0xbb6abd24 x10=0xbb6abe8c
       14565000	      1455	800030cc	416786b3	sub	x13,x15,x22	 x15:0x00000017 x22:0x00000478 x13=0xfffffb9f
       14575000	      1456	800030d0	794c7213	andi	x4,x24,1940	 x24:0x00000018  x4=0x00000010
       14585000	      1457	800030d4	41e05d13	srai	x26,x0,0x1e	  x0:0x00000000 x26=0x00000000
       14595000	      1458	800030d8	01f66033	or	x0,x12,x31	 x12:0x00000000 x31:0x00000000
       14605000	      1459	800030dc	058dd063	bge	x27,x24,8000311c	 x27:0x00000000 x24:0x00000018
       14615000	      1460	800030e0	01f2dc63	bge	x5,x31,800030f8	  x5:0xfffffe63 x31:0x00000000
       14625000	      1461	800030e4	ba98ac93	slti	x25,x17,-1111	 x17:0x00000478 x25=0x00000000
       14635000	      1462	800030e8	12357b13	andi	x22,x10,291	 x10:0xbb6abe8c x22=0x00000000
       14645000	      1463	800030ec	00bf9b93	slli	x23,x31,0xb	 x31:0x00000000 x23=0x00000000
       14655000	      1464	800030f0	89386e93	ori	x29,x16,-1901	 x16:0x00000004 x29=0xfffff897
       14665000	      1465	800030f4	01af60b3	or	x1,x30,x26	 x30:0x80009fc4 x26:0x00000000  x1=0x80009fc4
       14675000	      1466	800030f8	6437c913	xori	x18,x15,1603	 x15:0x00000017 x18=0x00000654
       14685000	      1467	800030fc	0114d663	bge	x9,x17,80003108	  x9:0x80009a02 x17:0x00000478
       14695000	      1468	80003100	40e084b3	sub	x9,x1,x14	  x1:0x80009fc4 x14:0x00000074  x9=0x80009f50
       14705000	      1469	80003104	0166eab3	or	x21,x13,x22	 x13:0xfffffb9f x22:0x00000000 x21=0xfffffb9f
       14715000	      1470	80003108	00c75393	srli	x7,x14,0xc	 x14:0x00000074  x7=0x00000000
       14725000	      1471	8000310c	4ca8a013	slti	x0,x17,1226	 x17:0x00000478
       14735000	      1472	80003110	0096d233	srl	x4,x13,x9	 x13:0xfffffb9f  x9:0x80009f50  x4=0x0000ffff
       14745000	      1473	80003114	01a39693	slli	x13,x7,0x1a	  x7:0x00000000 x13=0x00000000
       14755000	      1474	80003118	4d656693	ori	x13,x10,1238	 x10:0xbb6abe8c x13=0xbb6abede
       14765000	      1475	8000311c	018454b3	srl	x9,x8,x24	  x8:0x80009f44 x24:0x00000018  x9=0x00000080
       14775000	      1476	80003120	0234f063	bgeu	x9,x3,80003140	  x9:0x00000080  x3:0x1df19000
       14785000	      1477	80003124	016f4463	blt	x30,x22,8000312c	 x30:0x80009fc4 x22:0x00000000
       14795000	      1478	00000000	00000013	addi	x0,x0,0	  x0:0x00000000
       14805000	      1479	80003128	00000013	addi	x0,x0,0	  x0:0x00000000
       14815000	      1480	8000312c	05a21063	bne	x4,x26,8000316c	  x4:0x0000ffff x26:0x00000000
       14825000	      1481	00000000	00000013	addi	x0,x0,0	  x0:0x00000000
       14835000	      1482	80003168	00000013	addi	x0,x0,0	  x0:0x00000000
       14845000	      1483	8000316c	01be1e33	sll	x28,x28,x27	 x28:0x00000000 x27:0x00000000 x28=0x00000000
       14855000	      1484	80003170	01ad1a93	slli	x21,x26,0x1a	 x26:0x00000000 x21=0x00000000
       14865000	      1485	80003174	aacc8593	addi	x11,x25,-1364	 x25:0x00000000 x11=0xfffffaac
       14875000	      1486	80003178	0043d913	srli	x18,x7,0x4	  x7:0x00000000 x18=0x00000000
       14885000	      1487	8000317c	73014893	xori	x17,x2,1840	  x2:0x000007d9 x17=0x000000e9
       14895000	      1488	80003180	013c6e63	bltu	x24,x19,8000319c	 x24:0x00000018 x19:0x00000000
       14905000	      1489	80003184	0074cc63	blt	x9,x7,8000319c	  x9:0x00000080  x7:0x00000000
       14915000	      1490	80003188	0a43c293	xori	x5,x7,164	  x7:0x00000000  x5=0x000000a4
       14925000	      1491	8000318c	016f1033	sll	x0,x30,x22	 x30:0x80009fc4 x22:0x00000000
       14935000	      1492	80003190	00000013	addi	x0,x0,0	  x0:0x00000000
       14945000	      1493	80003194	000e9463	bne	x29,x0,8000319c	 x29:0xfffff897  x0:0x00000000
       14955000	      1494	00000000	00000013	addi	x0,x0,0	  x0:0x00000000
       14965000	      1495	80003198	00000013	addi	x0,x0,0	  x0:0x00000000
       14975000	      1496	8000319c	00fe9893	slli	x17,x29,0xf	 x29:0xfffff897 x17=0xfc4b8000
       14985000	      1497	800031a0	419b5713	srai	x14,x22,0x19	 x22:0x00000000 x14=0x00000000
       14995000	      1498	800031a4	4f820313	addi	x6,x4,1272	  x4:0x0000ffff  x6=0x000104f7
       15005000	      1499	800031a8	0336b213	sltiu	x4,x13,51	 x13:0xbb6abede  x4=0x00000000
       15015000	      1500	800031ac	01205f93	srli	x31,x0,0x12	  x0:0x00000000 x31=0x00000000
       15025000	      1501	800031b0	40ca54b3	sra	x9,x20,x12	 x20:0x00000478 x12:0x00000000  x9=0x00000478
       15035000	      1502	800031b4	017b1d13	slli	x26,x22,0x17	 x22:0x00000000 x26=0x00000000
       15045000	      1503	800031b8	00000013	addi	x0,x0,0	  x0:0x00000000
       15055000	      1504	800031bc	0035b7b3	sltu	x15,x11,x3	 x11:0xfffffaac  x3:0x1df19000 x15=0x00000000
       15065000	      1505	800031c0	011b9eb3	sll	x29,x23,x17	 x23:0x00000000 x17:0xfc4b8000 x29=0x00000000
       15075000	      1506	800031c4	00e51663	bne	x10,x14,800031d0	 x10:0xbb6abe8c x14:0x00000000
       15085000	      1507	00000000	00000013	addi	x0,x0,0	  x0:0x00000000
       15095000	      1508	800031cc	00000013	addi	x0,x0,0	  x0:0x00000000
       15105000	      1509	800031d0	02e5dc63	bge	x11,x14,80003208	 x11:0xfffffaac x14:0x00000000
       15115000	      1510	800031d4	4f33f313	andi	x6,x7,1267	  x7:0x00000000  x6=0x00000000
       15125000	      1511	800031d8	40ec5993	srai	x19,x24,0xe	 x24:0x00000018 x19=0x00000000
       15135000	      1512	800031dc	c2c76393	ori	x7,x14,-980	 x14:0x00000000  x7=0xfffffc2c
       15145000	      1513	800031e0	017f9663	bne	x31,x23,800031ec	 x31:0x00000000 x23:0x00000000
       15155000	      1514	800031e4	03aae463	bltu	x21,x26,8000320c	 x21:0x00000000 x26:0x00000000
       15165000	      1515	800031e8	00000013	addi	x0,x0,0	  x0:0x00000000
       15175000	      1516	800031ec	9fc18f93	addi	x31,x3,-1540	  x3:0x1df19000 x31=0x1df189fc
       15185000	      1517	800031f0	00b3bdb3	sltu	x27,x7,x11	  x7:0xfffffc2c x11:0xfffffaac x27=0x00000000
       15195000	      1518	800031f4	3cf83b93	sltiu	x23,x16,975	 x16:0x00000004 x23=0x00000001
       15205000	      1519	800031f8	001eb9b3	sltu	x19,x29,x1	 x29:0x00000000  x1:0x80009fc4 x19=0x00000001
       15215000	      1520	800031fc	0184ea63	bltu	x9,x24,80003210	  x9:0x00000478 x24:0x00000018
       15225000	      1521	80003200	00100bb3	add	x23,x0,x1	  x0:0x00000000  x1:0x80009fc4 x23=0x80009fc4
       15235000	      1522	80003204	4132d193	srai	x3,x5,0x13	  x5:0x000000a4  x3=0x00000000
       15245000	      1523	80003208	000a87b3	add	x15,x21,x0	 x21:0x00000000  x0:0x00000000 x15=0x00000000
       15255000	      1524	8000320c	00789663	bne	x17,x7,80003218	 x17:0xfc4b8000  x7:0xfffffc2c
       15265000	      1525	00000000	00000013	addi	x0,x0,0	  x0:0x00000000
       15275000	      1526	80003214	00000013	addi	x0,x0,0	  x0:0x00000000
       15285000	      1527	80003218	40c88cb3	sub	x25,x17,x12	 x17:0xfc4b8000 x12:0x00000000 x25=0xfc4b8000
       15295000	      1528	8000321c	40518eb3	sub	x29,x3,x5	  x3:0x00000000  x5:0x000000a4 x29=0xffffff5c
       15305000	      1529	80003220	01d4adb3	slt	x27,x9,x29	  x9:0x00000478 x29:0xffffff5c x27=0x00000000
       15315000	      1530	80003224	00511eb3	sll	x29,x2,x5	  x2:0x000007d9  x5:0x000000a4 x29=0x00007d90
       15325000	      1531	80003228	04a38863	beq	x7,x10,80003278	  x7:0xfffffc2c x10:0xbb6abe8c
       15335000	      1532	8000322c	41985c33	sra	x24,x16,x25	 x16:0x00000004 x25:0xfc4b8000 x24=0x00000004
       15345000	      1533	80003230	019007b3	add	x15,x0,x25	  x0:0x00000000 x25:0xfc4b8000 x15=0xfc4b8000
       15355000	      1534	80003234	bb21a537	lui	x10,0xbb21a	 x10=0xbb21a000
       15365000	      1535	80003238	a7296bb7	lui	x23,0xa7296	 x23=0xa7296000
       15375000	      1536	8000323c	6978ff93	andi	x31,x17,1687	 x17:0xfc4b8000 x31=0x00000000
       15385000	      1537	80003240	774f7513	andi	x10,x30,1908	 x30:0x80009fc4 x10=0x00000744
       15395000	      1538	80003244	003ead33	slt	x26,x29,x3	 x29:0x00007d90  x3:0x00000000 x26=0x00000000
       15405000	      1539	80003248	e1d06013	ori	x0,x0,-483	  x0:0x00000000
       15415000	      1540	8000324c	00121a33	sll	x20,x4,x1	  x4:0x00000000  x1:0x80009fc4 x20=0x00000000
       15425000	      1541	80003250	415f8333	sub	x6,x31,x21	 x31:0x00000000 x21:0x00000000  x6=0x00000000
       15435000	      1542	80003254	0283ee63	bltu	x7,x8,80003290	  x7:0xfffffc2c  x8:0x80009f44
       15445000	      1543	80003258	01701093	slli	x1,x0,0x17	  x0:0x00000000  x1=0x00000000
       15455000	      1544	8000325c	016f1c13	slli	x24,x30,0x16	 x30:0x80009fc4 x24=0xf1000000
       15465000	      1545	80003260	32497a93	andi	x21,x18,804	 x18:0x00000000 x21=0x00000000
       15475000	      1546	80003264	81c1f113	andi	x2,x3,-2020	  x3:0x00000000  x2=0x00000000
       15485000	      1547	80003268	03448e63	beq	x9,x20,800032a4	  x9:0x00000478 x20:0x00000000
       15495000	      1548	8000326c	010c17b3	sll	x15,x24,x16	 x24:0xf1000000 x16:0x00000004 x15=0x10000000
       15505000	      1549	80003270	01d3a133	slt	x2,x7,x29	  x7:0xfffffc2c x29:0x00007d90  x2=0x00000001
       15515000	      1550	80003274	0191f033	and	x0,x3,x25	  x3:0x00000000 x25:0xfc4b8000
       15525000	      1551	80003278	9e42ee93	ori	x29,x5,-1564	  x5:0x000000a4 x29=0xfffff9e4
       15535000	      1552	8000327c	01d140b3	xor	x1,x2,x29	  x2:0x00000001 x29:0xfffff9e4  x1=0xfffff9e5
       15545000	      1553	80003280	00000013	addi	x0,x0,0	  x0:0x00000000
       15555000	      1554	80003284	02dd1e63	bne	x26,x13,800032c0	 x26:0x00000000 x13:0xbb6abede
       15565000	      1555	00000000	00000013	addi	x0,x0,0	  x0:0x00000000
       15575000	      1556	800032bc	00000013	addi	x0,x0,0	  x0:0x00000000
       15585000	      1557	800032c0	02e90063	beq	x18,x14,800032e0	 x18:0x00000000 x14:0x00000000
       15595000	      1558	00000000	00000013	addi	x0,x0,0	  x0:0x00000000
       15605000	      1559	800032dc	00000013	addi	x0,x0,0	  x0:0x00000000
       15615000	      1560	800032e0	0195b133	sltu	x2,x11,x25	 x11:0xfffffaac x25:0xfc4b8000  x2=0x00000000
       15625000	      1561	800032e4	776ece93	xori	x29,x29,1910	 x29:0xfffff9e4 x29=0xfffffe92
       15635000	      1562	800032e8	00353933	sltu	x18,x10,x3	 x10:0x00000744  x3:0x00000000 x18=0x00000000
       15645000	      1563	800032ec	0192b9b3	sltu	x19,x5,x25	  x5:0x000000a4 x25:0xfc4b8000 x19=0x00000001
       15655000	      1564	800032f0	0064fab3	and	x21,x9,x6	  x9:0x00000478  x6:0x00000000 x21=0x00000000
       15665000	      1565	800032f4	00000013	addi	x0,x0,0	  x0:0x00000000
       15675000	      1566	800032f8	006e65b3	or	x11,x28,x6	 x28:0x00000000  x6:0x00000000 x11=0x00000000
       15685000	      1567	800032fc	00000013	addi	x0,x0,0	  x0:0x00000000
       15695000	      1568	80003300	00ed3033	sltu	x0,x26,x14	 x26:0x00000000 x14:0x00000000
       15705000	      1569	80003304	01b78263	beq	x15,x27,80003308	 x15:0x10000000 x27:0x00000000
       15715000	      1570	80003308	ee0fac93	slti	x25,x31,-288	 x31:0x00000000 x25=0x00000000
       15725000	      1571	8000330c	00000013	addi	x0,x0,0	  x0:0x00000000
       15735000	      1572	80003310	162e3e13	sltiu	x28,x28,354	 x28:0x00000000 x28=0x00000001
       15745000	      1573	80003314	0eb3b093	sltiu	x1,x7,235	  x7:0xfffffc2c  x1=0x00000000
       15755000	      1574	80003318	00151613	slli	x12,x10,0x1	 x10:0x00000744 x12=0x00000e88
       15765000	      1575	8000331c	016712b3	sll	x5,x14,x22	 x14:0x00000000 x22:0x00000000  x5=0x00000000
       15775000	      1576	80003320	00a39013	slli	x0,x7,0xa	  x7:0xfffffc2c
       15785000	      1577	80003324	40d401b3	sub	x3,x8,x13	  x8:0x80009f44 x13:0xbb6abede  x3=0xc495e066
       15795000	      1578	80003328	dbb27a93	andi	x21,x4,-581	  x4:0x00000000 x21=0x00000000
       15805000	      1579	8000332c	915b0613	addi	x12,x22,-1771	 x22:0x00000000 x12=0xfffff915
       15815000	      1580	80003330	016b9c63	bne	x23,x22,80003348	 x23:0xa7296000 x22:0x00000000
       15825000	      1581	00000000	00000013	addi	x0,x0,0	  x0:0x00000000
       15835000	      1582	80003344	00000013	addi	x0,x0,0	  x0:0x00000000
       15845000	      1583	80003348	02d8d063	bge	x17,x13,80003368	 x17:0xfc4b8000 x13:0xbb6abede
       15855000	      1584	00000000	00000013	addi	x0,x0,0	  x0:0x00000000
       15865000	      1585	80003364	00000013	addi	x0,x0,0	  x0:0x00000000
       15875000	      1586	80003368	01458c63	beq	x11,x20,80003380	 x11:0x00000000 x20:0x00000000
       15885000	      1587	00000000	00000013	addi	x0,x0,0	  x0:0x00000000
       15895000	      1588	8000337c	00000013	addi	x0,x0,0	  x0:0x00000000
       15905000	      1589	80003380	dc256b93	ori	x23,x10,-574	 x10:0x00000744 x23=0xffffffc6
       15915000	      1590	80003384	40085e13	srai	x28,x16,0x0	 x16:0x00000004 x28=0x00000004
       15925000	      1591	80003388	05a4c863	blt	x9,x26,800033d8	  x9:0x00000478 x26:0x00000000
       15935000	      1592	8000338c	01f89a13	slli	x20,x17,0x1f	 x17:0xfc4b8000 x20=0x00000000
       15945000	      1593	80003390	03b4fe63	bgeu	x9,x27,800033cc	  x9:0x00000478 x27:0x00000000
       15955000	      1594	00000000	00000013	addi	x0,x0,0	  x0:0x00000000
       15965000	      1595	800033c8	00000013	addi	x0,x0,0	  x0:0x00000000
       15975000	      1596	800033cc	00af1033	sll	x0,x30,x10	 x30:0x80009fc4 x10:0x00000744
       15985000	      1597	800033d0	00edde13	srli	x28,x27,0xe	 x27:0x00000000 x28=0x00000000
       15995000	      1598	800033d4	00000013	addi	x0,x0,0	  x0:0x00000000
       16005000	      1599	800033d8	01760633	add	x12,x12,x23	 x12:0xfffff915 x23:0xffffffc6 x12=0xfffff8db
       16015000	      1600	800033dc	4095de93	srai	x29,x11,0x9	 x11:0x00000000 x29=0x00000000
       16025000	      1601	800033e0	01c35333	srl	x6,x6,x28	  x6:0x00000000 x28:0x00000000  x6=0x00000000
       16035000	      1602	800033e4	0143cfb3	xor	x31,x7,x20	  x7:0xfffffc2c x20:0x00000000 x31=0xfffffc2c
       16045000	      1603	800033e8	92ef2093	slti	x1,x30,-1746	 x30:0x80009fc4  x1=0x00000001
       16055000	      1604	800033ec	007eec63	bltu	x29,x7,80003404	 x29:0x00000000  x7:0xfffffc2c
       16065000	      1605	00000000	00000013	addi	x0,x0,0	  x0:0x00000000
       16075000	      1606	80003400	00000013	addi	x0,x0,0	  x0:0x00000000
       16085000	      1607	80003404	02a57e63	bgeu	x10,x10,80003440	 x10:0x00000744 x10:0x00000744
       16095000	      1608	00000000	00000013	addi	x0,x0,0	  x0:0x00000000
       16105000	      1609	8000343c	00000013	addi	x0,x0,0	  x0:0x00000000
       16115000	      1610	80003440	1cd2ab93	slti	x23,x5,461	  x5:0x00000000 x23=0x00000001
       16125000	      1611	80003444	9fb6b713	sltiu	x14,x13,-1541	 x13:0xbb6abede x14=0x00000001
       16135000	      1612	80003448	003b09b3	add	x19,x22,x3	 x22:0x00000000  x3:0xc495e066 x19=0xc495e066
       16145000	      1613	8000344c	04f34063	blt	x6,x15,8000348c	  x6:0x00000000 x15:0x10000000
       16155000	      1614	00000000	00000013	addi	x0,x0,0	  x0:0x00000000
       16165000	      1615	80003488	00000013	addi	x0,x0,0	  x0:0x00000000
       16175000	      1616	8000348c	01ac5193	srli	x3,x24,0x1a	 x24:0xf1000000  x3=0x0000003c
       16185000	      1617	80003490	01c0ba33	sltu	x20,x1,x28	  x1:0x00000001 x28:0x00000000 x20=0x00000000
       16195000	      1618	80003494	00000013	addi	x0,x0,0	  x0:0x00000000
       16205000	      1619	80003498	f8647e93	andi	x29,x8,-122	  x8:0x80009f44 x29=0x80009f04
       16215000	      1620	8000349c	01fce663	bltu	x25,x31,800034a8	 x25:0x00000000 x31:0xfffffc2c
       16225000	      1621	00000000	00000013	addi	x0,x0,0	  x0:0x00000000
       16235000	      1622	800034a4	00000013	addi	x0,x0,0	  x0:0x00000000
       16245000	      1623	800034a8	6c3eb213	sltiu	x4,x29,1731	 x29:0x80009f04  x4=0x00000000
       16255000	      1624	800034ac	03f75c63	bge	x14,x31,800034e4	 x14:0x00000001 x31:0xfffffc2c
       16265000	      1625	00000000	00000013	addi	x0,x0,0	  x0:0x00000000
       16275000	      1626	800034e0	00000013	addi	x0,x0,0	  x0:0x00000000
       16285000	      1627	800034e4	bdd0a613	slti	x12,x1,-1059	  x1:0x00000001 x12=0x00000000
       16295000	      1628	800034e8	018f6a63	bltu	x30,x24,800034fc	 x30:0x80009fc4 x24:0xf1000000
       16305000	      1629	00000000	00000013	addi	x0,x0,0	  x0:0x00000000
       16315000	      1630	800034f8	00000013	addi	x0,x0,0	  x0:0x00000000
       16325000	      1631	800034fc	00b5c663	blt	x11,x11,80003508	 x11:0x00000000 x11:0x00000000
       16335000	      1632	80003500	00000013	addi	x0,x0,0	  x0:0x00000000
       16345000	      1633	80003504	00618633	add	x12,x3,x6	  x3:0x0000003c  x6:0x00000000 x12=0x0000003c
       16355000	      1634	80003508	e9ea16b7	lui	x13,0xe9ea1	 x13=0xe9ea1000
       16365000	      1635	8000350c	01a4fc63	bgeu	x9,x26,80003524	  x9:0x00000478 x26:0x00000000
       16375000	      1636	00000000	00000013	addi	x0,x0,0	  x0:0x00000000
       16385000	      1637	80003520	00000013	addi	x0,x0,0	  x0:0x00000000
       16395000	      1638	80003524	18e67313	andi	x6,x12,398	 x12:0x0000003c  x6=0x0000000c
       16405000	      1639	80003528	656afe93	andi	x29,x21,1622	 x21:0x00000000 x29=0x00000000
       16415000	      1640	8000352c	00c36c63	bltu	x6,x12,80003544	  x6:0x0000000c x12:0x0000003c
       16425000	      1641	00000000	00000013	addi	x0,x0,0	  x0:0x00000000
       16435000	      1642	80003540	00000013	addi	x0,x0,0	  x0:0x00000000
       16445000	      1643	80003544	6ec80997	auipc	x19,0x6ec80	 x19=0xeec83540
       16455000	      1644	80003548	610d6493	ori	x9,x26,1552	 x26:0x00000000  x9=0x00000610
       16465000	      1645	8000354c	f2ea8b17	auipc	x22,0xf2ea8	 x22=0x72eab548
       16475000	      1646	80003550	01549d33	sll	x26,x9,x21	  x9:0x00000610 x21:0x00000000 x26=0x00000610
       16485000	      1647	80003554	01d378b3	and	x17,x6,x29	  x6:0x0000000c x29:0x00000000 x17=0x00000000
       16495000	      1648	80003558	dd657b13	andi	x22,x10,-554	 x10:0x00000744 x22=0x00000544
       16505000	      1649	8000355c	ccb57393	andi	x7,x10,-821	 x10:0x00000744  x7=0x00000440
       16515000	      1650	80003560	5d737613	andi	x12,x6,1495	  x6:0x0000000c x12=0x00000004
       16525000	      1651	80003564	ab093b13	sltiu	x22,x18,-1360	 x18:0x00000000 x22=0x00000001
       16535000	      1652	80003568	01c11a63	bne	x2,x28,8000357c	  x2:0x00000000 x28:0x00000000
       16545000	      1653	8000356c	012bd593	srli	x11,x23,0x12	 x23:0x00000001 x11=0x00000000
       16555000	      1654	80003570	52a535b7	lui	x11,0x52a53	 x11=0x52a53000
       16565000	      1655	80003574	24f94293	xori	x5,x18,591	 x18:0x00000000  x5=0x0000024f
       16575000	      1656	80003578	00f4c233	xor	x4,x9,x15	  x9:0x00000610 x15:0x10000000  x4=0x10000610
       16585000	      1657	8000357c	009be2b3	or	x5,x23,x9	 x23:0x00000001  x9:0x00000610  x5=0x00000611
       16595000	      1658	80003580	98d1ab13	slti	x22,x3,-1651	  x3:0x0000003c x22=0x00000000
       16605000	      1659	80003584	01efda63	bge	x31,x30,80003598	 x31:0xfffffc2c x30:0x80009fc4
       16615000	      1660	00000000	00000013	addi	x0,x0,0	  x0:0x00000000
       16625000	      1661	80003594	00000013	addi	x0,x0,0	  x0:0x00000000
       16635000	      1662	80003598	00c0ffb3	and	x31,x1,x12	  x1:0x00000001 x12:0x00000004 x31=0x00000000
       16645000	      1663	8000359c	02de7063	bgeu	x28,x13,800035bc	 x28:0x00000000 x13:0xe9ea1000
       16655000	      1664	800035a0	00000013	addi	x0,x0,0	  x0:0x00000000
       16665000	      1665	800035a4	002ed6b3	srl	x13,x29,x2	 x29:0x00000000  x2:0x00000000 x13=0x00000000
       16675000	      1666	800035a8	013c5a93	srli	x21,x24,0x13	 x24:0xf1000000 x21=0x00001e20
       16685000	      1667	800035ac	00931663	bne	x6,x9,800035b8	  x6:0x0000000c  x9:0x00000610
       16695000	      1668	00000000	00000013	addi	x0,x0,0	  x0:0x00000000
       16705000	      1669	800035b4	00000013	addi	x0,x0,0	  x0:0x00000000
       16715000	      1670	800035b8	c187b913	sltiu	x18,x15,-1000	 x15:0x10000000 x18=0x00000001
       16725000	      1671	800035bc	016a9193	slli	x3,x21,0x16	 x21:0x00001e20  x3=0x88000000
       16735000	      1672	800035c0	01dd9d33	sll	x26,x27,x29	 x27:0x00000000 x29:0x00000000 x26=0x00000000
       16745000	      1673	800035c4	01377263	bgeu	x14,x19,800035c8	 x14:0x00000001 x19:0xeec83540
       16755000	      1674	800035c8	f0997037	lui	x0,0xf0997	
       16765000	      1675	800035cc	67b17093	andi	x1,x2,1659	  x2:0x00000000  x1=0x00000000
       16775000	      1676	800035d0	407d8ab3	sub	x21,x27,x7	 x27:0x00000000  x7:0x00000440 x21=0xfffffbc0
       16785000	      1677	800035d4	e3692513	slti	x10,x18,-458	 x18:0x00000001 x10=0x00000000
       16795000	      1678	800035d8	00c24a33	xor	x20,x4,x12	  x4:0x10000610 x12:0x00000004 x20=0x10000614
       16805000	      1679	800035dc	01508bb3	add	x23,x1,x21	  x1:0x00000000 x21:0xfffffbc0 x23=0xfffffbc0
       16815000	      1680	800035e0	00892bb3	slt	x23,x18,x8	 x18:0x00000001  x8:0x80009f44 x23=0x00000000
       16825000	      1681	800035e4	74ad4793	xori	x15,x26,1866	 x26:0x00000000 x15=0x0000074a
       16835000	      1682	800035e8	014c3ab3	sltu	x21,x24,x20	 x24:0xf1000000 x20:0x10000614 x21=0x00000000
       16845000	      1683	800035ec	400e00b3	sub	x1,x28,x0	 x28:0x00000000  x0:0x00000000  x1=0x00000000
       16855000	      1684	800035f0	01208c63	beq	x1,x18,80003608	  x1:0x00000000 x18:0x00000001
       16865000	      1685	800035f4	009a3fb3	sltu	x31,x20,x9	 x20:0x10000614  x9:0x00000610 x31=0x00000000
       16875000	      1686	800035f8	014b1293	slli	x5,x22,0x14	 x22:0x00000000  x5=0x00000000
       16885000	      1687	800035fc	0039a033	slt	x0,x19,x3	 x19:0xeec83540  x3:0x88000000
       16895000	      1688	80003600	c1b66093	ori	x1,x12,-997	 x12:0x00000004  x1=0xfffffc1f
       16905000	      1689	80003604	05fd4063	blt	x26,x31,80003644	 x26:0x00000000 x31:0x00000000
       16915000	      1690	80003608	00f5cc63	blt	x11,x15,80003620	 x11:0x52a53000 x15:0x0000074a
       16925000	      1691	8000360c	affdbe93	sltiu	x29,x27,-1281	 x27:0x00000000 x29=0x00000001
       16935000	      1692	80003610	00858a33	add	x20,x11,x8	 x11:0x52a53000  x8:0x80009f44 x20=0xd2a5cf44
       16945000	      1693	80003614	88902113	slti	x2,x0,-1911	  x0:0x00000000  x2=0x00000000
       16955000	      1694	80003618	ba201697	auipc	x13,0xba201	 x13=0x3a204614
       16965000	      1695	8000361c	00ff4333	xor	x6,x30,x15	 x30:0x80009fc4 x15:0x0000074a  x6=0x8000988e
       16975000	      1696	80003620	d21e3593	sltiu	x11,x28,-735	 x28:0x00000000 x11=0x00000001
       16985000	      1697	80003624	05989863	bne	x17,x25,80003674	 x17:0x00000000 x25:0x00000000
       16995000	      1698	80003628	01818a33	add	x20,x3,x24	  x3:0x88000000 x24:0xf1000000 x20=0x79000000
       17005000	      1699	8000362c	00b8a8b3	slt	x17,x17,x11	 x17:0x00000000 x11:0x00000001 x17=0x00000001
       17015000	      1700	80003630	0122fc63	bgeu	x5,x18,80003648	  x5:0x00000000 x18:0x00000001
       17025000	      1701	80003634	00e6e463	bltu	x13,x14,8000363c	 x13:0x3a204614 x14:0x00000001
       17035000	      1702	80003638	014df933	and	x18,x27,x20	 x27:0x00000000 x20:0x79000000 x18=0x00000000
       17045000	      1703	8000363c	00000013	addi	x0,x0,0	  x0:0x00000000
       17055000	      1704	80003640	558a7893	andi	x17,x20,1368	 x20:0x79000000 x17=0x00000000
       17065000	      1705	80003644	00afd793	srli	x15,x31,0xa	 x31:0x00000000 x15=0x00000000
       17075000	      1706	80003648	f20f2393	slti	x7,x30,-224	 x30:0x80009fc4  x7=0x00000001
       17085000	      1707	8000364c	022cfe63	bgeu	x25,x2,80003688	 x25:0x00000000  x2:0x00000000
       17095000	      1708	00000000	00000013	addi	x0,x0,0	  x0:0x00000000
       17105000	      1709	80003684	00000013	addi	x0,x0,0	  x0:0x00000000
       17115000	      1710	80003688	40e258b3	sra	x17,x4,x14	  x4:0x10000610 x14:0x00000001 x17=0x08000308
       17125000	      1711	8000368c	00cff4b3	and	x9,x31,x12	 x31:0x00000000 x12:0x00000004  x9=0x00000000
       17135000	      1712	80003690	01ef2bb3	slt	x23,x30,x30	 x30:0x80009fc4 x30:0x80009fc4 x23=0x00000000
       17145000	      1713	80003694	2056c013	xori	x0,x13,517	 x13:0x3a204614
       17155000	      1714	80003698	412901b3	sub	x3,x18,x18	 x18:0x00000000 x18:0x00000000  x3=0x00000000
       17165000	      1715	8000369c	c2f3b213	sltiu	x4,x7,-977	  x7:0x00000001  x4=0x00000001
       17175000	      1716	800036a0	78765d17	auipc	x26,0x78765	 x26=0xf876869c
       17185000	      1717	800036a4	019f1733	sll	x14,x30,x25	 x30:0x80009fc4 x25:0x00000000 x14=0x80009fc4
       17195000	      1718	800036a8	00878bb3	add	x23,x15,x8	 x15:0x00000000  x8:0x80009f44 x23=0x80009f44
       17205000	      1719	800036ac	01a77eb3	and	x29,x14,x26	 x14:0x80009fc4 x26:0xf876869c x29=0x80008684
       17215000	      1720	800036b0	010bc6b3	xor	x13,x23,x16	 x23:0x80009f44 x16:0x00000004 x13=0x80009f40
       17225000	      1721	800036b4	01776db3	or	x27,x14,x23	 x14:0x80009fc4 x23:0x80009f44 x27=0x80009fc4
       17235000	      1722	800036b8	00c75263	bge	x14,x12,800036bc	 x14:0x80009fc4 x12:0x00000004
       17245000	      1723	800036bc	0108d5b3	srl	x11,x17,x16	 x17:0x08000308 x16:0x00000004 x11=0x00800030
       17255000	      1724	800036c0	00807333	and	x6,x0,x8	  x0:0x00000000  x8:0x80009f44  x6=0x00000000
       17265000	      1725	800036c4	69eda093	slti	x1,x27,1694	 x27:0x80009fc4  x1=0x00000001
       17275000	      1726	800036c8	007b1463	bne	x22,x7,800036d0	 x22:0x00000000  x7:0x00000001
       17285000	      1727	00000000	00000013	addi	x0,x0,0	  x0:0x00000000
       17295000	      1728	800036cc	00000013	addi	x0,x0,0	  x0:0x00000000
       17305000	      1729	800036d0	4fd03b93	sltiu	x23,x0,1277	  x0:0x00000000 x23=0x00000001
       17315000	      1730	800036d4	01791113	slli	x2,x18,0x17	 x18:0x00000000  x2=0x00000000
       17325000	      1731	800036d8	6152bb13	sltiu	x22,x5,1557	  x5:0x00000000 x22=0x00000001
       17335000	      1732	800036dc	000ea933	slt	x18,x29,x0	 x29:0x80008684  x0:0x00000000 x18=0x00000001
       17345000	      1733	800036e0	01625733	srl	x14,x4,x22	  x4:0x00000001 x22:0x00000001 x14=0x00000000
       17355000	      1734	800036e4	08c998b7	lui	x17,0x8c99	 x17=0x08c99000
       17365000	      1735	800036e8	04cf4663	blt	x30,x12,80003734	 x30:0x80009fc4 x12:0x00000004
       17375000	      1736	00000000	00000013	addi	x0,x0,0	  x0:0x00000000
       17385000	      1737	80003730	00000013	addi	x0,x0,0	  x0:0x00000000
       17395000	      1738	80003734	ef788993	addi	x19,x17,-265	 x17:0x08c99000 x19=0x08c98ef7
       17405000	      1739	80003738	41ee5ab3	sra	x21,x28,x30	 x28:0x00000000 x30:0x80009fc4 x21=0x00000000
       17415000	      1740	8000373c	0f6ff717	auipc	x14,0xf6ff	 x14=0x8f702738
       17425000	      1741	80003740	6270ab37	lui	x22,0x6270a	 x22=0x6270a000
       17435000	      1742	80003744	019c77b3	and	x15,x24,x25	 x24:0xf1000000 x25:0x00000000 x15=0x00000000
       17445000	      1743	80003748	00e68933	add	x18,x13,x14	 x13:0x80009f40 x14:0x8f702738 x18=0x0f70c678
       17455000	      1744	8000374c	b062f013	andi	x0,x5,-1274	  x5:0x00000000
       17465000	      1745	80003750	403b5793	srai	x15,x22,0x3	 x22:0x6270a000 x15=0x0c4e1400
       17475000	      1746	80003754	0148d3b3	srl	x7,x17,x20	 x17:0x08c99000 x20:0x79000000  x7=0x08c99000
       17485000	      1747	80003758	01d03a33	sltu	x20,x0,x29	  x0:0x00000000 x29:0x80008684 x20=0x00000001
       17495000	      1748	8000375c	00d2ed33	or	x26,x5,x13	  x5:0x00000000 x13:0x80009f40 x26=0x80009f40
       17505000	      1749	80003760	00000013	addi	x0,x0,0	  x0:0x00000000
       17515000	      1750	80003764	2111ea93	ori	x21,x3,529	  x3:0x00000000 x21=0x00000211
       17525000	      1751	80003768	a1ca39b7	lui	x19,0xa1ca3	 x19=0xa1ca3000
       17535000	      1752	8000376c	023ddc63	bge	x27,x3,800037a4	 x27:0x80009fc4  x3:0x00000000
       17545000	      1753	80003770	199eab13	slti	x22,x29,409	 x29:0x80008684 x22=0x00000001
       17555000	      1754	80003774	01b54c63	blt	x10,x27,8000378c	 x10:0x00000000 x27:0x80009fc4
       17565000	      1755	80003778	00828663	beq	x5,x8,80003784	  x5:0x00000000  x8:0x80009f44
       17575000	      1756	8000377c	010d7233	and	x4,x26,x16	 x26:0x80009f40 x16:0x00000004  x4=0x00000000
       17585000	      1757	80003780	03545e63	bge	x8,x21,800037bc	  x8:0x80009f44 x21:0x00000211
       17595000	      1758	80003784	413d87b3	sub	x15,x27,x19	 x27:0x80009fc4 x19:0xa1ca3000 x15=0xde366fc4
       17605000	      1759	80003788	0195fcb3	and	x25,x11,x25	 x11:0x00800030 x25:0x00000000 x25=0x00000000
       17615000	      1760	8000378c	01bfd8b3	srl	x17,x31,x27	 x31:0x00000000 x27:0x80009fc4 x17=0x00000000
       17625000	      1761	80003790	34996c37	lui	x24,0x34996	 x24=0x34996000
       17635000	      1762	80003794	003ffc63	bgeu	x31,x3,800037ac	 x31:0x00000000  x3:0x00000000
       17645000	      1763	00000000	00000013	addi	x0,x0,0	  x0:0x00000000
       17655000	      1764	800037a8	00000013	addi	x0,x0,0	  x0:0x00000000
       17665000	      1765	800037ac	005ed8b3	srl	x17,x29,x5	 x29:0x80008684  x5:0x00000000 x17=0x80008684
       17675000	      1766	800037b0	009bd4b3	srl	x9,x23,x9	 x23:0x00000001  x9:0x00000000  x9=0x00000001
       17685000	      1767	800037b4	01159d33	sll	x26,x11,x17	 x11:0x00800030 x17:0x80008684 x26=0x08000300
       17695000	      1768	800037b8	9fab5537	lui	x10,0x9fab5	 x10=0x9fab5000
       17705000	      1769	800037bc	a612aa13	slti	x20,x5,-1439	  x5:0x00000000 x20=0x00000000
       17715000	      1770	800037c0	0000cc63	blt	x1,x0,800037d8	  x1:0x00000001  x0:0x00000000
       17725000	      1771	800037c4	00275713	srli	x14,x14,0x2	 x14:0x8f702738 x14=0x23dc09ce
       17735000	      1772	800037c8	00d18263	beq	x3,x13,800037cc	  x3:0x00000000 x13:0x80009f40
       17745000	      1773	800037cc	02d30263	beq	x6,x13,800037f0	  x6:0x00000000 x13:0x80009f40
       17755000	      1774	800037d0	01b01c63	bne	x0,x27,800037e8	  x0:0x00000000 x27:0x80009fc4
       17765000	      1775	00000000	00000013	addi	x0,x0,0	  x0:0x00000000
       17775000	      1776	800037e4	00000013	addi	x0,x0,0	  x0:0x00000000
       17785000	      1777	800037e8	be640713	addi	x14,x8,-1050	  x8:0x80009f44 x14=0x80009b2a
       17795000	      1778	800037ec	008d4663	blt	x26,x8,800037f8	 x26:0x08000300  x8:0x80009f44
       17805000	      1779	800037f0	04f6e063	bltu	x13,x15,80003830	 x13:0x80009f40 x15:0xde366fc4
       17815000	      1780	00000000	00000013	addi	x0,x0,0	  x0:0x00000000
       17825000	      1781	8000382c	00000013	addi	x0,x0,0	  x0:0x00000000
       17835000	      1782	80003830	00000013	addi	x0,x0,0	  x0:0x00000000
       17845000	      1783	80003834	00313333	sltu	x6,x2,x3	  x2:0x00000000  x3:0x00000000  x6=0x00000000
       17855000	      1784	80003838	00699333	sll	x6,x19,x6	 x19:0xa1ca3000  x6:0x00000000  x6=0xa1ca3000
       17865000	      1785	8000383c	9479bf97	auipc	x31,0x9479b	 x31=0x1479e838
       17875000	      1786	80003840	00a09463	bne	x1,x10,80003848	  x1:0x00000001 x10:0x9fab5000
       17885000	      1787	00000000	00000013	addi	x0,x0,0	  x0:0x00000000
       17895000	      1788	80003844	00000013	addi	x0,x0,0	  x0:0x00000000
       17905000	      1789	80003848	00c2da13	srli	x20,x5,0xc	  x5:0x00000000 x20=0x00000000
       17915000	      1790	8000384c	dd111397	auipc	x7,0xdd111	  x7=0x5d114848
       17925000	      1791	80003850	0302de63	bge	x5,x16,8000388c	  x5:0x00000000 x16:0x00000004
       17935000	      1792	80003854	87f4a313	slti	x6,x9,-1921	  x9:0x00000001  x6=0x00000000
       17945000	      1793	80003858	01155293	srli	x5,x10,0x11	 x10:0x9fab5000  x5=0x00004fd5
       17955000	      1794	8000385c	01306233	or	x4,x0,x19	  x0:0x00000000 x19:0xa1ca3000  x4=0xa1ca3000
       17965000	      1795	80003860	dddd6b13	ori	x22,x26,-547	 x26:0x08000300 x22=0xffffffdd
       17975000	      1796	80003864	00d30263	beq	x6,x13,80003868	  x6:0x00000000 x13:0x80009f40
       17985000	      1797	80003868	02d9fe63	bgeu	x19,x13,800038a4	 x19:0xa1ca3000 x13:0x80009f40
       17995000	      1798	00000000	00000013	addi	x0,x0,0	  x0:0x00000000
       18005000	      1799	800038a0	00000013	addi	x0,x0,0	  x0:0x00000000
       18015000	      1800	800038a4	00231663	bne	x6,x2,800038b0	  x6:0x00000000  x2:0x00000000
       18025000	      1801	800038a8	00366fb3	or	x31,x12,x3	 x12:0x00000004  x3:0x00000000 x31=0x00000004
       18035000	      1802	800038ac	000ddf93	srli	x31,x27,0x0	 x27:0x80009fc4 x31=0x80009fc4
       18045000	      1803	800038b0	408bd493	srai	x9,x23,0x8	 x23:0x00000001  x9=0x00000000
       18055000	      1804	800038b4	00926e63	bltu	x4,x9,800038d0	  x4:0xa1ca3000  x9:0x00000000
       18065000	      1805	800038b8	00000013	addi	x0,x0,0	  x0:0x00000000
       18075000	      1806	800038bc	00000013	addi	x0,x0,0	  x0:0x00000000
       18085000	      1807	800038c0	01461cb3	sll	x25,x12,x20	 x12:0x00000004 x20:0x00000000 x25=0x00000004
       18095000	      1808	800038c4	00710533	add	x10,x2,x7	  x2:0x00000000  x7:0x5d114848 x10=0x5d114848
       18105000	      1809	800038c8	41db8b33	sub	x22,x23,x29	 x23:0x00000001 x29:0x80008684 x22=0x7fff797d
       18115000	      1810	800038cc	40578c33	sub	x24,x15,x5	 x15:0xde366fc4  x5:0x00004fd5 x24=0xde361fef
       18125000	      1811	800038d0	017e1463	bne	x28,x23,800038d8	 x28:0x00000000 x23:0x00000001
       18135000	      1812	00000000	00000013	addi	x0,x0,0	  x0:0x00000000
       18145000	      1813	800038d4	00000013	addi	x0,x0,0	  x0:0x00000000
       18155000	      1814	800038d8	adb20693	addi	x13,x4,-1317	  x4:0xa1ca3000 x13=0xa1ca2adb
       18165000	      1815	800038dc	01941713	slli	x14,x8,0x19	  x8:0x80009f44 x14=0x88000000
       18175000	      1816	800038e0	41878233	sub	x4,x15,x24	 x15:0xde366fc4 x24:0xde361fef  x4=0x00004fd5
       18185000	      1817	800038e4	0442f663	bgeu	x5,x4,80003930	  x5:0x00004fd5  x4:0x00004fd5
       18195000	      1818	00000000	00000013	addi	x0,x0,0	  x0:0x00000000
       18205000	      1819	8000392c	00000013	addi	x0,x0,0	  x0:0x00000000
       18215000	      1820	80003930	03954063	blt	x10,x25,80003950	 x10:0x5d114848 x25:0x00000004
       18225000	      1821	80003934	01c45b13	srli	x22,x8,0x1c	  x8:0x80009f44 x22=0x00000008
       18235000	      1822	80003938	00737e63	bgeu	x6,x7,80003954	  x6:0x00000000  x7:0x5d114848
       18245000	      1823	8000393c	01df5533	srl	x10,x30,x29	 x30:0x80009fc4 x29:0x80008684 x10=0x080009fc
       18255000	      1824	80003940	00015e93	srli	x29,x2,0x0	  x2:0x00000000 x29=0x00000000
       18265000	      1825	80003944	df11bbb7	lui	x23,0xdf11b	 x23=0xdf11b000
       18275000	      1826	80003948	01e4cdb3	xor	x27,x9,x30	  x9:0x00000000 x30:0x80009fc4 x27=0x80009fc4
       18285000	      1827	8000394c	ffedca13	xori	x20,x27,-2	 x27:0x80009fc4 x20=0x7fff603a
       18295000	      1828	80003950	00000013	addi	x0,x0,0	  x0:0x00000000
       18305000	      1829	80003954	001d3fb3	sltu	x31,x26,x1	 x26:0x08000300  x1:0x00000001 x31=0x00000000
       18315000	      1830	80003958	00c10733	add	x14,x2,x12	  x2:0x00000000 x12:0x00000004 x14=0x00000004
       18325000	      1831	8000395c	41608db3	sub	x27,x1,x22	  x1:0x00000001 x22:0x00000008 x27=0xfffffff9
       18335000	      1832	80003960	3aea5ab7	lui	x21,0x3aea5	 x21=0x3aea5000
       18345000	      1833	80003964	03470263	beq	x14,x20,80003988	 x14:0x00000004 x20:0x7fff603a
       18355000	      1834	80003968	0012fa33	and	x20,x5,x1	  x5:0x00004fd5  x1:0x00000001 x20=0x00000001
       18365000	      1835	8000396c	01d27033	and	x0,x4,x29	  x4:0x00004fd5 x29:0x00000000
       18375000	      1836	80003970	6cf82913	slti	x18,x16,1743	 x16:0x00000004 x18=0x00000001
       18385000	      1837	80003974	04651063	bne	x10,x6,800039b4	 x10:0x080009fc  x6:0x00000000
       18395000	      1838	00000000	00000013	addi	x0,x0,0	  x0:0x00000000
       18405000	      1839	800039b0	00000013	addi	x0,x0,0	  x0:0x00000000
       18415000	      1840	800039b4	00b25913	srli	x18,x4,0xb	  x4:0x00004fd5 x18=0x00000009
       18425000	      1841	800039b8	01d11693	slli	x13,x2,0x1d	  x2:0x00000000 x13=0x00000000
       18435000	      1842	800039bc	039c7e63	bgeu	x24,x25,800039f8	 x24:0xde361fef x25:0x00000004
       18445000	      1843	00000000	00000013	addi	x0,x0,0	  x0:0x00000000
       18455000	      1844	800039f4	00000013	addi	x0,x0,0	  x0:0x00000000
       18465000	      1845	800039f8	a1197713	andi	x14,x18,-1519	 x18:0x00000009 x14=0x00000001
       18475000	      1846	800039fc	4149dab3	sra	x21,x19,x20	 x19:0xa1ca3000 x20:0x00000001 x21=0xd0e51800
       18485000	      1847	80003a00	00c95493	srli	x9,x18,0xc	 x18:0x00000009  x9=0x00000000
       18495000	      1848	80003a04	899afe13	andi	x28,x21,-1895	 x21:0xd0e51800 x28=0xd0e51800
       18505000	      1849	80003a08	02937e63	bgeu	x6,x9,80003a44	  x6:0x00000000  x9:0x00000000
       18515000	      1850	00000000	00000013	addi	x0,x0,0	  x0:0x00000000
       18525000	      1851	80003a40	00000013	addi	x0,x0,0	  x0:0x00000000
       18535000	      1852	80003a44	01183b33	sltu	x22,x16,x17	 x16:0x00000004 x17:0x80008684 x22=0x00000001
       18545000	      1853	80003a48	010fe9b3	or	x19,x31,x16	 x31:0x00000000 x16:0x00000004 x19=0x00000004
       18555000	      1854	80003a4c	05579863	bne	x15,x21,80003a9c	 x15:0xde366fc4 x21:0xd0e51800
       18565000	      1855	00000000	00000013	addi	x0,x0,0	  x0:0x00000000
       18575000	      1856	80003a98	00000013	addi	x0,x0,0	  x0:0x00000000
       18585000	      1857	80003a9c	01ed9193	slli	x3,x27,0x1e	 x27:0xfffffff9  x3=0x40000000
       18595000	      1858	80003aa0	00f71bb3	sll	x23,x14,x15	 x14:0x00000001 x15:0xde366fc4 x23=0x00000010
       18605000	      1859	80003aa4	00c3b533	sltu	x10,x7,x12	  x7:0x5d114848 x12:0x00000004 x10=0x00000000
       18615000	      1860	80003aa8	00fffc63	bgeu	x31,x15,80003ac0	 x31:0x00000000 x15:0xde366fc4
       18625000	      1861	80003aac	41835713	srai	x14,x6,0x18	  x6:0x00000000 x14=0x00000000
       18635000	      1862	80003ab0	0129dbb3	srl	x23,x19,x18	 x19:0x00000004 x18:0x00000009 x23=0x00000000
       18645000	      1863	80003ab4	40a05233	sra	x4,x0,x10	  x0:0x00000000 x10:0x00000000  x4=0x00000000
       18655000	      1864	80003ab8	0000ed33	or	x26,x1,x0	  x1:0x00000001  x0:0x00000000 x26=0x00000001
       18665000	      1865	80003abc	01335d33	srl	x26,x6,x19	  x6:0x00000000 x19:0x00000004 x26=0x00000000
       18675000	      1866	80003ac0	005f9e93	slli	x29,x31,0x5	 x31:0x00000000 x29=0x00000000
       18685000	      1867	80003ac4	b275fa13	andi	x20,x11,-1241	 x11:0x00800030 x20=0x00800020
       18695000	      1868	80003ac8	01f65733	srl	x14,x12,x31	 x12:0x00000004 x31:0x00000000 x14=0x00000004
       18705000	      1869	80003acc	362eb713	sltiu	x14,x29,866	 x29:0x00000000 x14=0x00000001
       18715000	      1870	80003ad0	00000013	addi	x0,x0,0	  x0:0x00000000
       18725000	      1871	80003ad4	7d0a4a17	auipc	x20,0x7d0a4	 x20=0xfd0a7ad0
       18735000	      1872	80003ad8	01f3d113	srli	x2,x7,0x1f	  x7:0x5d114848  x2=0x00000000
       18745000	      1873	80003adc	0078b333	sltu	x6,x17,x7	 x17:0x80008684  x7:0x5d114848  x6=0x00000000
       18755000	      1874	80003ae0	00c45b33	srl	x22,x8,x12	  x8:0x80009f44 x12:0x00000004 x22=0x080009f4
       18765000	      1875	80003ae4	0119ce33	xor	x28,x19,x17	 x19:0x00000004 x17:0x80008684 x28=0x80008680
       18775000	      1876	80003ae8	01ff09b3	add	x19,x30,x31	 x30:0x80009fc4 x31:0x00000000 x19=0x80009fc4
       18785000	      1877	80003aec	7e84cc13	xori	x24,x9,2024	  x9:0x00000000 x24=0x000007e8
       18795000	      1878	80003af0	06990863	beq	x18,x9,80003b60	 x18:0x00000009  x9:0x00000000
       18805000	      1879	80003af4	01f6fb33	and	x22,x13,x31	 x13:0x00000000 x31:0x00000000 x22=0x00000000
       18815000	      1880	80003af8	20348593	addi	x11,x9,515	  x9:0x00000000 x11=0x00000203
       18825000	      1881	80003afc	96237693	andi	x13,x6,-1694	  x6:0x00000000 x13=0x00000000
       18835000	      1882	80003b00	05f65063	bge	x12,x31,80003b40	 x12:0x00000004 x31:0x00000000
       18845000	      1883	00000000	00000013	addi	x0,x0,0	  x0:0x00000000
       18855000	      1884	80003b3c	00000013	addi	x0,x0,0	  x0:0x00000000
       18865000	      1885	80003b40	01d3d633	srl	x12,x7,x29	  x7:0x5d114848 x29:0x00000000 x12=0x5d114848
       18875000	      1886	80003b44	01bdd493	srli	x9,x27,0x1b	 x27:0xfffffff9  x9=0x0000001f
       18885000	      1887	80003b48	019e9b93	slli	x23,x29,0x19	 x29:0x00000000 x23=0x00000000
       18895000	      1888	80003b4c	01b09c63	bne	x1,x27,80003b64	  x1:0x00000001 x27:0xfffffff9
       18905000	      1889	00000000	00000013	addi	x0,x0,0	  x0:0x00000000
       18915000	      1890	80003b60	00000013	addi	x0,x0,0	  x0:0x00000000
       18925000	      1891	80003b64	01f95993	srli	x19,x18,0x1f	 x18:0x00000009 x19=0x00000000
       18935000	      1892	80003b68	b1560993	addi	x19,x12,-1259	 x12:0x5d114848 x19=0x5d11435d
       18945000	      1893	80003b6c	d37a4a13	xori	x20,x20,-713	 x20:0xfd0a7ad0 x20=0x02f587e7
       18955000	      1894	80003b70	6ca68013	addi	x0,x13,1738	 x13:0x00000000
       18965000	      1895	80003b74	002270b3	and	x1,x4,x2	  x4:0x00000000  x2:0x00000000  x1=0x00000000
       18975000	      1896	80003b78	02ecce63	blt	x25,x14,80003bb4	 x25:0x00000004 x14:0x00000001
       18985000	      1897	80003b7c	41bada13	srai	x20,x21,0x1b	 x21:0xd0e51800 x20=0xfffffffa
       18995000	      1898	80003b80	57dd4893	xori	x17,x26,1405	 x26:0x00000000 x17=0x0000057d
       19005000	      1899	80003b84	01b3e633	or	x12,x7,x27	  x7:0x5d114848 x27:0xfffffff9 x12=0xfffffff9
       19015000	      1900	80003b88	01b6d993	srli	x19,x13,0x1b	 x13:0x00000000 x19=0x00000000
       19025000	      1901	80003b8c	00000013	addi	x0,x0,0	  x0:0x00000000
       19035000	      1902	80003b90	40bb5e93	srai	x29,x22,0xb	 x22:0x00000000 x29=0x00000000
       19045000	      1903	80003b94	00000013	addi	x0,x0,0	  x0:0x00000000
       19055000	      1904	80003b98	00000013	addi	x0,x0,0	  x0:0x00000000
       19065000	      1905	80003b9c	01baaab3	slt	x21,x21,x27	 x21:0xd0e51800 x27:0xfffffff9 x21=0x00000001
       19075000	      1906	80003ba0	c63d0a13	addi	x20,x26,-925	 x26:0x00000000 x20=0xfffffc63
       19085000	      1907	80003ba4	1dc6f493	andi	x9,x13,476	 x13:0x00000000  x9=0x00000000
       19095000	      1908	80003ba8	cec1c893	xori	x17,x3,-788	  x3:0x40000000 x17=0xbffffcec
       19105000	      1909	80003bac	01239d33	sll	x26,x7,x18	  x7:0x5d114848 x18:0x00000009 x26=0x22909000
       19115000	      1910	80003bb0	0023edb3	or	x27,x7,x2	  x7:0x5d114848  x2:0x00000000 x27=0x5d114848
       19125000	      1911	80003bb4	000bd133	srl	x2,x23,x0	 x23:0x00000000  x0:0x00000000  x2=0x00000000
       19135000	      1912	80003bb8	020fd263	bge	x31,x0,80003bdc	 x31:0x00000000  x0:0x00000000
       19145000	      1913	00000000	00000013	addi	x0,x0,0	  x0:0x00000000
       19155000	      1914	80003bd8	00000013	addi	x0,x0,0	  x0:0x00000000
       19165000	      1915	80003bdc	ede76e93	ori	x29,x14,-290	 x14:0x00000001 x29=0xfffffedf
       19175000	      1916	80003be0	0073ceb3	xor	x29,x7,x7	  x7:0x5d114848  x7:0x5d114848 x29=0x00000000
       19185000	      1917	80003be4	01846fb3	or	x31,x8,x24	  x8:0x80009f44 x24:0x000007e8 x31=0x80009fec
       19195000	      1918	80003be8	03b04063	blt	x0,x27,80003c08	  x0:0x00000000 x27:0x5d114848
       19205000	      1919	00000000	00000013	addi	x0,x0,0	  x0:0x00000000
       19215000	      1920	80003c04	00000013	addi	x0,x0,0	  x0:0x00000000
       19225000	      1921	80003c08	40ec52b3	sra	x5,x24,x14	 x24:0x000007e8 x14:0x00000001  x5=0x000003f4
       19235000	      1922	80003c0c	028cc463	blt	x25,x8,80003c34	 x25:0x00000004  x8:0x80009f44
       19245000	      1923	80003c10	00aad113	srli	x2,x21,0xa	 x21:0x00000001  x2=0x00000000
       19255000	      1924	80003c14	01b6e663	bltu	x13,x27,80003c20	 x13:0x00000000 x27:0x5d114848
       19265000	      1925	00000000	00000013	addi	x0,x0,0	  x0:0x00000000
       19275000	      1926	80003c1c	00000013	addi	x0,x0,0	  x0:0x00000000
       19285000	      1927	80003c20	f9066013	ori	x0,x12,-112	 x12:0xfffffff9
       19295000	      1928	80003c24	01606a33	or	x20,x0,x22	  x0:0x00000000 x22:0x00000000 x20=0x00000000
       19305000	      1929	80003c28	01a46033	or	x0,x8,x26	  x8:0x80009f44 x26:0x22909000
       19315000	      1930	80003c2c	1a83b293	sltiu	x5,x7,424	  x7:0x5d114848  x5=0x00000000
       19325000	      1931	80003c30	016de5b3	or	x11,x27,x22	 x27:0x5d114848 x22:0x00000000 x11=0x5d114848
       19335000	      1932	80003c34	032f4e63	blt	x30,x18,80003c70	 x30:0x80009fc4 x18:0x00000009
       19345000	      1933	00000000	00000013	addi	x0,x0,0	  x0:0x00000000
       19355000	      1934	80003c6c	00000013	addi	x0,x0,0	  x0:0x00000000
       19365000	      1935	80003c70	01162033	slt	x0,x12,x17	 x12:0xfffffff9 x17:0xbffffcec
       19375000	      1936	80003c74	41fb5d33	sra	x26,x22,x31	 x22:0x00000000 x31:0x80009fec x26=0x00000000
       19385000	      1937	80003c78	019b4663	blt	x22,x25,80003c84	 x22:0x00000000 x25:0x00000004
       19395000	      1938	00000000	00000013	addi	x0,x0,0	  x0:0x00000000
       19405000	      1939	80003c80	00000013	addi	x0,x0,0	  x0:0x00000000
       19415000	      1940	80003c84	00c99733	sll	x14,x19,x12	 x19:0x00000000 x12:0xfffffff9 x14=0x00000000
       19425000	      1941	80003c88	40c45b33	sra	x22,x8,x12	  x8:0x80009f44 x12:0xfffffff9 x22=0xffffffc0
       19435000	      1942	80003c8c	212500b7	lui	x1,0x21250	  x1=0x21250000
       19445000	      1943	80003c90	4019d0b3	sra	x1,x19,x1	 x19:0x00000000  x1:0x21250000  x1=0x00000000
       19455000	      1944	80003c94	f030b113	sltiu	x2,x1,-253	  x1:0x00000000  x2=0x00000001
       19465000	      1945	80003c98	5e7c4f93	xori	x31,x24,1511	 x24:0x000007e8 x31=0x0000020f
       19475000	      1946	80003c9c	001292b3	sll	x5,x5,x1	  x5:0x00000000  x1:0x00000000  x5=0x00000000
       19485000	      1947	80003ca0	00442e83	lw	x29,4(x8)	  x8:0x80009f44 x29=0x8000036c PA:0x80009f48
       19495000	      1948	80003ca4	01c91c33	sll	x24,x18,x28	 x18:0x00000009 x28:0x80008680 x24=0x00000009
       19505000	      1949	80003ca8	018ef133	and	x2,x29,x24	 x29:0x8000036c x24:0x00000009  x2=0x00000008
       19515000	      1950	80003cac	04040413	addi	x8,x8,64	  x8:0x80009f44  x8=0x80009f84
       19525000	      1951	80003cb0	416a8733	sub	x14,x21,x22	 x21:0x00000001 x22:0xffffffc0 x14=0x00000041
       19535000	      1952	80003cb4	001e8913	addi	x18,x29,1	 x29:0x8000036c x18=0x8000036d
       19545000	      1953	80003cb8	00090967	jalr	x18,x18,0	 x18:0x8000036d x18=0x80003cb8
       19555000	      1954	00000000	00000013	addi	x0,x0,0	  x0:0x00000000
       19565000	      1955	8000036c	00000013	addi	x0,x0,0	  x0:0x00000000
       19575000	      1956	80000370	015e1033	sll	x0,x28,x21	 x28:0x80008680 x21:0x00000001
       19585000	      1957	80000374	03a90263	beq	x18,x26,80000398	 x18:0x80003cb8 x26:0x00000000
       19595000	      1958	80000378	37deeb93	ori	x23,x29,893	 x29:0x8000036c x23=0x8000037d
       19605000	      1959	8000037c	000b4db3	xor	x27,x22,x0	 x22:0xffffffc0  x0:0x00000000 x27=0xffffffc0
       19615000	      1960	80000380	7133aa93	slti	x21,x7,1811	  x7:0x5d114848 x21=0x00000000
       19625000	      1961	80000384	0c6f3293	sltiu	x5,x30,198	 x30:0x80009fc4  x5=0x00000000
       19635000	      1962	80000388	59b80713	addi	x14,x16,1435	 x16:0x00000004 x14=0x0000059f
       19645000	      1963	8000038c	01dba633	slt	x12,x23,x29	 x23:0x8000037d x29:0x8000036c x12=0x00000000
       19655000	      1964	80000390	05090663	beq	x18,x16,800003dc	 x18:0x80003cb8 x16:0x00000004
       19665000	      1965	80000394	00969a13	slli	x20,x13,0x9	 x13:0x00000000 x20=0x00000000
       19675000	      1966	80000398	01847663	bgeu	x8,x24,800003a4	  x8:0x80009f84 x24:0x00000009
       19685000	      1967	00000000	00000013	addi	x0,x0,0	  x0:0x00000000
       19695000	      1968	800003a0	00000013	addi	x0,x0,0	  x0:0x00000000
       19705000	      1969	800003a4	0170fc33	and	x24,x1,x23	  x1:0x00000000 x23:0x8000037d x24=0x00000000
       19715000	      1970	800003a8	f515a693	slti	x13,x11,-175	 x11:0x5d114848 x13=0x00000000
       19725000	      1971	800003ac	a8152a93	slti	x21,x10,-1407	 x10:0x00000000 x21=0x00000000
       19735000	      1972	800003b0	01a034b3	sltu	x9,x0,x26	  x0:0x00000000 x26:0x00000000  x9=0x00000000
       19745000	      1973	800003b4	01d897b3	sll	x15,x17,x29	 x17:0xbffffcec x29:0x8000036c x15=0xffcec000
       19755000	      1974	800003b8	4164d493	srai	x9,x9,0x16	  x9:0x00000000  x9=0x00000000
       19765000	      1975	800003bc	01410863	beq	x2,x20,800003cc	  x2:0x00000008 x20:0x00000000
       19775000	      1976	800003c0	0476d263	bge	x13,x7,80000404	 x13:0x00000000  x7:0x5d114848
       19785000	      1977	800003c4	40b907b3	sub	x15,x18,x11	 x18:0x80003cb8 x11:0x5d114848 x15=0x22eef470
       19795000	      1978	800003c8	4d658113	addi	x2,x11,1238	 x11:0x5d114848  x2=0x5d114d1e
       19805000	      1979	800003cc	41c35493	srai	x9,x6,0x1c	  x6:0x00000000  x9=0x00000000
       19815000	      1980	800003d0	01cd9133	sll	x2,x27,x28	 x27:0xffffffc0 x28:0x80008680  x2=0xffffffc0
       19825000	      1981	800003d4	004e5263	bge	x28,x4,800003d8	 x28:0x80008680  x4:0x00000000
       19835000	      1982	800003d8	011af633	and	x12,x21,x17	 x21:0x00000000 x17:0xbffffcec x12=0x00000000
       19845000	      1983	800003dc	0009ed33	or	x26,x19,x0	 x19:0x00000000  x0:0x00000000 x26=0x00000000
       19855000	      1984	800003e0	02f9c463	blt	x19,x15,80000408	 x19:0x00000000 x15:0x22eef470
       19865000	      1985	00000000	00000013	addi	x0,x0,0	  x0:0x00000000
       19875000	      1986	80000404	00000013	addi	x0,x0,0	  x0:0x00000000
       19885000	      1987	80000408	01929863	bne	x5,x25,80000418	  x5:0x00000000 x25:0x00000004
       19895000	      1988	00000000	00000013	addi	x0,x0,0	  x0:0x00000000
       19905000	      1989	80000414	00000013	addi	x0,x0,0	  x0:0x00000000
       19915000	      1990	80000418	feda2713	slti	x14,x20,-19	 x20:0x00000000 x14=0x00000000
       19925000	      1991	8000041c	fb980093	addi	x1,x16,-71	 x16:0x00000004  x1=0xffffffbd
       19935000	      1992	80000420	02b7f663	bgeu	x15,x11,8000044c	 x15:0x22eef470 x11:0x5d114848
       19945000	      1993	80000424	004c3a33	sltu	x20,x24,x4	 x24:0x00000000  x4:0x00000000 x20=0x00000000
       19955000	      1994	80000428	02791c63	bne	x18,x7,80000460	 x18:0x80003cb8  x7:0x5d114848
       19965000	      1995	00000000	00000013	addi	x0,x0,0	  x0:0x00000000
       19975000	      1996	8000045c	00000013	addi	x0,x0,0	  x0:0x00000000
       19985000	      1997	80000460	4076d593	srai	x11,x13,0x7	 x13:0x00000000 x11=0x00000000
       19995000	      1998	80000464	b5efc717	auipc	x14,0xb5efc	 x14=0x35efc460
       20005000	      1999	80000468	25fcc493	xori	x9,x25,607	 x25:0x00000004  x9=0x0000025b
       20015000	      2000	8000046c	03edc863	blt	x27,x30,8000049c	 x27:0xffffffc0 x30:0x80009fc4
       20025000	      2001	80000470	a283e497	auipc	x9,0xa283e	  x9=0x2283e46c
       20035000	      2002	80000474	003b6633	or	x12,x22,x3	 x22:0xffffffc0  x3:0x40000000 x12=0xffffffc0
       20045000	      2003	80000478	01eb9993	slli	x19,x23,0x1e	 x23:0x8000037d x19=0x40000000
       20055000	      2004	8000047c	6649ecb7	lui	x25,0x6649e	 x25=0x6649e000
       20065000	      2005	80000480	00000013	addi	x0,x0,0	  x0:0x00000000
       20075000	      2006	80000484	0199afb3	slt	x31,x19,x25	 x19:0x40000000 x25:0x6649e000 x31=0x00000001
       20085000	      2007	80000488	00000013	addi	x0,x0,0	  x0:0x00000000
       20095000	      2008	8000048c	01278633	add	x12,x15,x18	 x15:0x22eef470 x18:0x80003cb8 x12=0xa2ef3128
       20105000	      2009	80000490	12f94993	xori	x19,x18,303	 x18:0x80003cb8 x19=0x80003d97
       20115000	      2010	80000494	96c20e93	addi	x29,x4,-1684	  x4:0x00000000 x29=0xfffff96c
       20125000	      2011	80000498	001dd733	srl	x14,x27,x1	 x27:0xffffffc0  x1:0xffffffbd x14=0x00000007
       20135000	      2012	8000049c	f9abe213	ori	x4,x23,-102	 x23:0x8000037d  x4=0xffffffff
       20145000	      2013	800004a0	a97df213	andi	x4,x27,-1385	 x27:0xffffffc0  x4=0xfffffa80
       20155000	      2014	800004a4	027a6463	bltu	x20,x7,800004cc	 x20:0x00000000  x7:0x5d114848
       20165000	      2015	00000000	00000013	addi	x0,x0,0	  x0:0x00000000
       20175000	      2016	800004c8	00000013	addi	x0,x0,0	  x0:0x00000000
       20185000	      2017	800004cc	00e51f93	slli	x31,x10,0xe	 x10:0x00000000 x31=0x00000000
       20195000	      2018	800004d0	c8107993	andi	x19,x0,-895	  x0:0x00000000 x19=0x00000000
       20205000	      2019	800004d4	03908663	beq	x1,x25,80000500	  x1:0xffffffbd x25:0x6649e000
       20215000	      2020	800004d8	41c28fb3	sub	x31,x5,x28	  x5:0x00000000 x28:0x80008680 x31=0x7fff7980
       20225000	      2021	800004dc	974fb593	sltiu	x11,x31,-1676	 x31:0x7fff7980 x11=0x00000001
       20235000	      2022	800004e0	6d1b4113	xori	x2,x22,1745	 x22:0xffffffc0  x2=0xfffff911
       20245000	      2023	800004e4	018eb7b3	sltu	x15,x29,x24	 x29:0xfffff96c x24:0x00000000 x15=0x00000000
       20255000	      2024	800004e8	d5aa1d37	lui	x26,0xd5aa1	 x26=0xd5aa1000
       20265000	      2025	800004ec	404b0533	sub	x10,x22,x4	 x22:0xffffffc0  x4:0xfffffa80 x10=0x00000540
       20275000	      2026	800004f0	8bf96c13	ori	x24,x18,-1857	 x18:0x80003cb8 x24=0xfffffcbf
       20285000	      2027	800004f4	d02f3637	lui	x12,0xd02f3	 x12=0xd02f3000
       20295000	      2028	800004f8	02d17e63	bgeu	x2,x13,80000534	  x2:0xfffff911 x13:0x00000000
       20305000	      2029	00000000	00000013	addi	x0,x0,0	  x0:0x00000000
       20315000	      2030	80000530	00000013	addi	x0,x0,0	  x0:0x00000000
       20325000	      2031	80000534	01ed0233	add	x4,x26,x30	 x26:0xd5aa1000 x30:0x80009fc4  x4=0x55aaafc4
       20335000	      2032	80000538	40aa5913	srai	x18,x20,0xa	 x20:0x00000000 x18=0x00000000
       20345000	      2033	8000053c	89536d93	ori	x27,x6,-1899	  x6:0x00000000 x27=0xfffff895
       20355000	      2034	80000540	00fb89b3	add	x19,x23,x15	 x23:0x8000037d x15:0x00000000 x19=0x8000037d
       20365000	      2035	80000544	00000013	addi	x0,x0,0	  x0:0x00000000
       20375000	      2036	80000548	01af9c33	sll	x24,x31,x26	 x31:0x7fff7980 x26:0xd5aa1000 x24=0x7fff7980
       20385000	      2037	8000054c	00050863	beq	x10,x0,8000055c	 x10:0x00000540  x0:0x00000000
       20395000	      2038	80000550	51f22593	slti	x11,x4,1311	  x4:0x55aaafc4 x11=0x00000000
       20405000	      2039	80000554	01a6de93	srli	x29,x13,0x1a	 x13:0x00000000 x29=0x00000000
       20415000	      2040	80000558	de724e93	xori	x29,x4,-537	  x4:0x55aaafc4 x29=0xaa555223
       20425000	      2041	8000055c	001e2d33	slt	x26,x28,x1	 x28:0x80008680  x1:0xffffffbd x26=0x00000001
       20435000	      2042	80000560	00a6d3b3	srl	x7,x13,x10	 x13:0x00000000 x10:0x00000540  x7=0x00000000
       20445000	      2043	80000564	2bd2ea13	ori	x20,x5,701	  x5:0x00000000 x20=0x000002bd
       20455000	      2044	80000568	2061fc13	andi	x24,x3,518	  x3:0x40000000 x24=0x00000000
       20465000	      2045	8000056c	31fe2c13	slti	x24,x28,799	 x28:0x80008680 x24=0x00000001
       20475000	      2046	80000570	00528463	beq	x5,x5,80000578	  x5:0x00000000  x5:0x00000000
       20485000	      2047	00000000	00000013	addi	x0,x0,0	  x0:0x00000000
       20495000	      2048	80000574	00000013	addi	x0,x0,0	  x0:0x00000000
       20505000	      2049	80000578	00000013	addi	x0,x0,0	  x0:0x00000000
       20515000	      2050	8000057c	404fd6b3	sra	x13,x31,x4	 x31:0x7fff7980  x4:0x55aaafc4 x13=0x07fff798
       20525000	      2051	80000580	41448fb3	sub	x31,x9,x20	  x9:0x2283e46c x20:0x000002bd x31=0x2283e1af
       20535000	      2052	80000584	5561a997	auipc	x19,0x5561a	 x19=0xd561a580
       20545000	      2053	80000588	401b5cb3	sra	x25,x22,x1	 x22:0xffffffc0  x1:0xffffffbd x25=0xffffffff
       20555000	      2054	8000058c	0106da33	srl	x20,x13,x16	 x13:0x07fff798 x16:0x00000004 x20=0x007fff79
       20565000	      2055	80000590	00528e33	add	x28,x5,x5	  x5:0x00000000  x5:0x00000000 x28=0x00000000
       20575000	      2056	80000594	01bfd533	srl	x10,x31,x27	 x31:0x2283e1af x27:0xfffff895 x10=0x00000114
       20585000	      2057	80000598	00d66133	or	x2,x12,x13	 x12:0xd02f3000 x13:0x07fff798  x2=0xd7fff798
       20595000	      2058	8000059c	01fadf93	srli	x31,x21,0x1f	 x21:0x00000000 x31=0x00000000
       20605000	      2059	800005a0	74b32717	auipc	x14,0x74b32	 x14=0xf4b3259c
       20615000	      2060	800005a4	001e0cb3	add	x25,x28,x1	 x28:0x00000000  x1:0xffffffbd x25=0xffffffbd
       20625000	      2061	800005a8	5554fb93	andi	x23,x9,1365	  x9:0x2283e46c x23=0x00000444
       20635000	      2062	800005ac	729e8c93	addi	x25,x29,1833	 x29:0xaa555223 x25=0xaa55594c
       20645000	      2063	800005b0	00451cb3	sll	x25,x10,x4	 x10:0x00000114  x4:0x55aaafc4 x25=0x00001140
       20655000	      2064	800005b4	747f8d13	addi	x26,x31,1863	 x31:0x00000000 x26=0x00000747
       20665000	      2065	800005b8	04a4f863	bgeu	x9,x10,80000608	  x9:0x2283e46c x10:0x00000114
       20675000	      2066	00000000	00000013	addi	x0,x0,0	  x0:0x00000000
       20685000	      2067	80000604	00000013	addi	x0,x0,0	  x0:0x00000000
       20695000	      2068	80000608	02007463	bgeu	x0,x0,80000630	  x0:0x00000000  x0:0x00000000
       20705000	      2069	00000000	00000013	addi	x0,x0,0	  x0:0x00000000
       20715000	      2070	8000062c	00000013	addi	x0,x0,0	  x0:0x00000000
       20725000	      2071	80000630	023df263	bgeu	x27,x3,80000654	 x27:0xfffff895  x3:0x40000000
       20735000	      2072	00000000	00000013	addi	x0,x0,0	  x0:0x00000000
       20745000	      2073	80000650	00000013	addi	x0,x0,0	  x0:0x00000000
       20755000	      2074	80000654	00081d93	slli	x27,x16,0x0	 x16:0x00000004 x27=0x00000004
       20765000	      2075	80000658	01a6b233	sltu	x4,x13,x26	 x13:0x07fff798 x26:0x00000747  x4=0x00000000
       20775000	      2076	8000065c	4dadbc97	auipc	x25,0x4dadb	 x25=0xcdadb658
       20785000	      2077	80000660	cb0a1237	lui	x4,0xcb0a1	  x4=0xcb0a1000
       20795000	      2078	80000664	04c8d063	bge	x17,x12,800006a4	 x17:0xbffffcec x12:0xd02f3000
       20805000	      2079	80000668	015da733	slt	x14,x27,x21	 x27:0x00000004 x21:0x00000000 x14=0x00000000
       20815000	      2080	8000066c	03077663	bgeu	x14,x16,80000698	 x14:0x00000000 x16:0x00000004
       20825000	      2081	80000670	406cdb93	srai	x23,x25,0x6	 x25:0xcdadb658 x23=0xff36b6d9
       20835000	      2082	80000674	01e7b6b3	sltu	x13,x15,x30	 x15:0x00000000 x30:0x80009fc4 x13=0x00000001
       20845000	      2083	80000678	b1847693	andi	x13,x8,-1256	  x8:0x80009f84 x13=0x80009b00
       20855000	      2084	8000067c	02f49863	bne	x9,x15,800006ac	  x9:0x2283e46c x15:0x00000000
       20865000	      2085	00000000	00000013	addi	x0,x0,0	  x0:0x00000000
       20875000	      2086	800006a8	00000013	addi	x0,x0,0	  x0:0x00000000
       20885000	      2087	800006ac	232e2593	slti	x11,x28,562	 x28:0x00000000 x11=0x00000001
       20895000	      2088	800006b0	00c31263	bne	x6,x12,800006b4	  x6:0x00000000 x12:0xd02f3000
       20905000	      2089	00000000	00000013	addi	x0,x0,0	  x0:0x00000000
       20915000	      2090	800006b0	00000013	addi	x0,x0,0	  x0:0x00000000
       20925000	      2091	800006b4	010605b3	add	x11,x12,x16	 x12:0xd02f3000 x16:0x00000004 x11=0xd02f3004
       20935000	      2092	800006b8	00b51613	slli	x12,x10,0xb	 x10:0x00000114 x12=0x0008a000
       20945000	      2093	800006bc	0040b333	sltu	x6,x1,x4	  x1:0xffffffbd  x4:0xcb0a1000  x6=0x00000000
       20955000	      2094	800006c0	01f8bbb3	sltu	x23,x17,x31	 x17:0xbffffcec x31:0x00000000 x23=0x00000000
       20965000	      2095	800006c4	00f91133	sll	x2,x18,x15	 x18:0x00000000 x15:0x00000000  x2=0x00000000
       20975000	      2096	800006c8	5d21f737	lui	x14,0x5d21f	 x14=0x5d21f000
       20985000	      2097	800006cc	42170a93	addi	x21,x14,1057	 x14:0x5d21f000 x21=0x5d21f421
       20995000	      2098	800006d0	40f65d93	srai	x27,x12,0xf	 x12:0x0008a000 x27=0x00000011
       21005000	      2099	800006d4	00e87ab3	and	x21,x16,x14	 x16:0x00000004 x14:0x5d21f000 x21=0x00000000
       21015000	      2100	800006d8	0168a4b3	slt	x9,x17,x22	 x17:0xbffffcec x22:0xffffffc0  x9=0x00000001
       21025000	      2101	800006dc	01fad193	srli	x3,x21,0x1f	 x21:0x00000000  x3=0x00000000
       21035000	      2102	800006e0	d2ee3213	sltiu	x4,x28,-722	 x28:0x00000000  x4=0x00000001
       21045000	      2103	800006e4	0455d663	bge	x11,x5,80000730	 x11:0xd02f3004  x5:0x00000000
       21055000	      2104	800006e8	e405a293	slti	x5,x11,-448	 x11:0xd02f3004  x5=0x00000001
       21065000	      2105	800006ec	050c9e63	bne	x25,x16,80000748	 x25:0xcdadb658 x16:0x00000004
       21075000	      2106	00000000	00000013	addi	x0,x0,0	  x0:0x00000000
       21085000	      2107	80000744	00000013	addi	x0,x0,0	  x0:0x00000000
       21095000	      2108	80000748	01d869b3	or	x19,x16,x29	 x16:0x00000004 x29:0xaa555223 x19=0xaa555227
       21105000	      2109	8000074c	00000817	auipc	x16,0x0	 x16=0x80000748
       21115000	      2110	80000750	00c80813	addi	x16,x16,12	 x16:0x80000748 x16=0x80000754
       21125000	      2111	80000754	00080067	jalr	x0,x16,0	 x16:0x80000754
       21135000	      2112	00000000	00000013	addi	x0,x0,0	  x0:0x00000000
       21145000	      2113	80000754	00000013	addi	x0,x0,0	  x0:0x00000000
       21155000	      2114	80000758	00100193	addi	x3,x0,1	  x0:0x00000000  x3=0x00000001
       21165000	      2115	8000075c	00000073	ecall	
       21175000	      2116	80000760	0022e263	bltu	x5,x2,80000764	  x5:0x00000001  x2:0x00000000
