		Time			Cycle	PC		Insn	Decoded instruction	Register and memory contents
          65000	         5	80000004	00000293	addi	x5,x0,0	  x0:0x00000000  x5=0x00000000
          75000	         6	80000008	00000313	addi	x6,x0,0	  x0:0x00000000  x6=0x00000000
          85000	         7	8000000c	00628263	beq	x5,x6,80000010	  x5:0x00000000  x6:0x00000000
          95000	         8	00000000	00000013	addi	x0,x0,0	  x0:0x00000000
         105000	         9	8000000c	00000013	addi	x0,x0,0	  x0:0x00000000
         115000	        10	80000010	00000817	auipc	x16,0x0	 x16=0x8000000c
         125000	        11	80000014	00c80813	addi	x16,x16,12	 x16:0x8000000c x16=0x80000018
         135000	        12	80000018	00080067	jalr	x0,x16,0	 x16:0x80000018
         145000	        13	00000000	00000013	addi	x0,x0,0	  x0:0x00000000
         155000	        14	80000018	00000013	addi	x0,x0,0	  x0:0x00000000
         165000	        15	8000001c	40000cb7	lui	x25,0x40000	 x25=0x40000000
         175000	        16	80000020	100c8c93	addi	x25,x25,256	 x25:0x40000000 x25=0x40000100
         185000	        17	80000024	00000013	addi	x0,x0,0	  x0:0x00000000
         195000	        18	80000028	0000ab17	auipc	x22,0xa	 x22=0x8000a024
         205000	        19	8000002c	fa0b0b13	addi	x22,x22,-96	 x22:0x8000a024 x22=0x80009fc4
         215000	        20	80000030	00007c97	auipc	x25,0x7	 x25=0x8000702c
         225000	        21	80000034	d44c8c93	addi	x25,x25,-700	 x25:0x8000702c x25=0x80006d70
         235000	        22	80000038	000cec93	ori	x25,x25,0	 x25:0x80006d70 x25=0x80006d70
         245000	        23	8000003c	00000013	addi	x0,x0,0	  x0:0x00000000
         255000	        24	80000040	00000c97	auipc	x25,0x0	 x25=0x8000003c
         265000	        25	80000044	020c8c93	addi	x25,x25,32	 x25:0x8000003c x25=0x8000005c
         275000	        26	80000048	00000013	addi	x0,x0,0	  x0:0x00000000
         285000	        27	8000004c	00000013	addi	x0,x0,0	  x0:0x00000000
         295000	        28	80000050	00002cb7	lui	x25,0x2	 x25=0x00002000
         305000	        29	80000054	800c8c93	addi	x25,x25,-2048	 x25:0x00002000 x25=0x00001800
         315000	        30	80000058	00000013	addi	x0,x0,0	  x0:0x00000000
         325000	        31	8000005c	00000013	addi	x0,x0,0	  x0:0x00000000
         335000	        32	80000060	790c1037	lui	x0,0x790c1	
         345000	        33	80000064	c4e00013	addi	x0,x0,-946	  x0:0x00000000
         355000	        34	80000068	00a00093	addi	x1,x0,10	  x0:0x00000000  x1=0x0000000a
         365000	        35	8000006c	fddb9137	lui	x2,0xfddb9	  x2=0xfddb9000
         375000	        36	80000070	41d10113	addi	x2,x2,1053	  x2:0xfddb9000  x2=0xfddb941d
         385000	        37	80000074	1c7461b7	lui	x3,0x1c746	  x3=0x1c746000
         395000	        38	80000078	2ae18193	addi	x3,x3,686	  x3:0x1c746000  x3=0x1c7462ae
         405000	        39	8000007c	00f00213	addi	x4,x0,15	  x0:0x00000000  x4=0x0000000f
         415000	        40	80000080	00000293	addi	x5,x0,0	  x0:0x00000000  x5=0x00000000
         425000	        41	80000084	74379337	lui	x6,0x74379	  x6=0x74379000
         435000	        42	80000088	65530313	addi	x6,x6,1621	  x6:0x74379000  x6=0x74379655
         445000	        43	8000008c	f06c53b7	lui	x7,0xf06c5	  x7=0xf06c5000
         455000	        44	80000090	eb038393	addi	x7,x7,-336	  x7:0xf06c5000  x7=0xf06c4eb0
         465000	        45	80000094	f5257437	lui	x8,0xf5257	  x8=0xf5257000
         475000	        46	80000098	e3040413	addi	x8,x8,-464	  x8:0xf5257000  x8=0xf5256e30
         485000	        47	8000009c	743bb4b7	lui	x9,0x743bb	  x9=0x743bb000
         495000	        48	800000a0	a8f48493	addi	x9,x9,-1393	  x9:0x743bb000  x9=0x743baa8f
         505000	        49	800000a4	00800513	addi	x10,x0,8	  x0:0x00000000 x10=0x00000008
         515000	        50	800000a8	fdb5b5b7	lui	x11,0xfdb5b	 x11=0xfdb5b000
         525000	        51	800000ac	04758593	addi	x11,x11,71	 x11:0xfdb5b000 x11=0xfdb5b047
         535000	        52	800000b0	00f00613	addi	x12,x0,15	  x0:0x00000000 x12=0x0000000f
         545000	        53	800000b4	00200693	addi	x13,x0,2	  x0:0x00000000 x13=0x00000002
         555000	        54	800000b8	00000713	addi	x14,x0,0	  x0:0x00000000 x14=0x00000000
         565000	        55	800000bc	79dea7b7	lui	x15,0x79dea	 x15=0x79dea000
         575000	        56	800000c0	a5378793	addi	x15,x15,-1453	 x15:0x79dea000 x15=0x79de9a53
         585000	        57	800000c4	00000813	addi	x16,x0,0	  x0:0x00000000 x16=0x00000000
         595000	        58	800000c8	3f1798b7	lui	x17,0x3f179	 x17=0x3f179000
         605000	        59	800000cc	12b88893	addi	x17,x17,299	 x17:0x3f179000 x17=0x3f17912b
         615000	        60	800000d0	00600913	addi	x18,x0,6	  x0:0x00000000 x18=0x00000006
         625000	        61	800000d4	939fd9b7	lui	x19,0x939fd	 x19=0x939fd000
         635000	        62	800000d8	0cf98993	addi	x19,x19,207	 x19:0x939fd000 x19=0x939fd0cf
         645000	        63	800000dc	00000a13	addi	x20,x0,0	  x0:0x00000000 x20=0x00000000
         655000	        64	800000e0	00000a93	addi	x21,x0,0	  x0:0x00000000 x21=0x00000000
         665000	        65	800000e4	f4d1abb7	lui	x23,0xf4d1a	 x23=0xf4d1a000
         675000	        66	800000e8	0a7b8b93	addi	x23,x23,167	 x23:0xf4d1a000 x23=0xf4d1a0a7
         685000	        67	800000ec	00d59c37	lui	x24,0xd59	 x24=0x00d59000
         695000	        68	800000f0	dbac0c13	addi	x24,x24,-582	 x24:0x00d59000 x24=0x00d58dba
         705000	        69	800000f4	80000cb7	lui	x25,0x80000	 x25=0x80000000
         715000	        70	800000f8	00f00d13	addi	x26,x0,15	  x0:0x00000000 x26=0x0000000f
         725000	        71	800000fc	00000d93	addi	x27,x0,0	  x0:0x00000000 x27=0x00000000
         735000	        72	80000100	00200e13	addi	x28,x0,2	  x0:0x00000000 x28=0x00000002
         745000	        73	80000104	00000e93	addi	x29,x0,0	  x0:0x00000000 x29=0x00000000
         755000	        74	80000108	0c6a9fb7	lui	x31,0xc6a9	 x31=0x0c6a9000
         765000	        75	8000010c	2a6f8f93	addi	x31,x31,678	 x31:0x0c6a9000 x31=0x0c6a92a6
         775000	        76	80000110	0000af17	auipc	x30,0xa	 x30=0x8000a10c
         785000	        77	80000114	e78f0f13	addi	x30,x30,-392	 x30:0x8000a10c x30=0x80009f84
         795000	        78	80000118	00009e97	auipc	x29,0x9	 x29=0x80009114
         805000	        79	8000011c	8d5e8e93	addi	x29,x29,-1835	 x29:0x80009114 x29=0x800089e9
         815000	        80	80000120	16fecc03	lbu	x24,367(x29)	 x29:0x800089e9 x24=0x00000000 PA:0x80008b58
         825000	        81	80000124	18ce8f23	sb	x12,414(x29)	 x29:0x800089e9 x12:0x0000000f PA:0x80008b87
         835000	        82	80000128	00b20033	add	x0,x4,x11	  x4:0x0000000f x11:0xfdb5b047
         845000	        83	8000012c	00000013	addi	x0,x0,0	  x0:0x00000000
         855000	        84	80000130	3b9e8523	sb	x25,938(x29)	 x29:0x800089e9 x25:0x80000000 PA:0x80008d93
         865000	        85	80000134	f95ed503	lhu	x10,-107(x29)	 x29:0x800089e9 x10=0x00000000 PA:0x8000897e
         875000	        86	80000138	0140de33	srl	x28,x1,x20	  x1:0x0000000a x20:0x00000000 x28=0x0000000a
         885000	        87	8000013c	39bec083	lbu	x1,923(x29)	 x29:0x800089e9  x1=0x00000000 PA:0x80008d84
         895000	        88	80000140	89a96213	ori	x4,x18,-1894	 x18:0x00000006  x4=0xfffff89e
         905000	        89	80000144	56de84a3	sb	x13,1385(x29)	 x29:0x800089e9 x13:0x00000002 PA:0x80008f52
         915000	        90	80000148	ea4eff93	andi	x31,x29,-348	 x29:0x800089e9 x31=0x800088a0
         925000	        91	8000014c	00589033	sll	x0,x17,x5	 x17:0x3f17912b  x5:0x00000000
         935000	        92	80000150	eefeaa03	lw	x20,-273(x29)	 x29:0x800089e9 x20=0x00000000 PA:0x800088d8
         945000	        93	80000154	136e8703	lb	x14,310(x29)	 x29:0x800089e9 x14=0x00000000 PA:0x80008b1f
         955000	        94	80000158	162ec083	lbu	x1,354(x29)	 x29:0x800089e9  x1=0x00000000 PA:0x80008b4b
         965000	        95	8000015c	227e8ea3	sb	x7,573(x29)	 x29:0x800089e9  x7:0xf06c4eb0 PA:0x80008c26
         975000	        96	80000160	369e8c03	lb	x24,873(x29)	 x29:0x800089e9 x24=0x00000000 PA:0x80008d52
         985000	        97	80000164	01e52fb3	slt	x31,x10,x30	 x10:0x00000000 x30:0x80009f84 x31=0x00000000
         995000	        98	80000168	259ea1a3	sw	x25,579(x29)	 x29:0x800089e9 x25:0x80000000 PA:0x80008c2c
        1005000	        99	8000016c	00d3e133	or	x2,x7,x13	  x7:0xf06c4eb0 x13:0x00000002  x2=0xf06c4eb2
        1015000	       100	80000170	b6198513	addi	x10,x19,-1183	 x19:0x939fd0cf x10=0x939fcc30
        1025000	       101	80000174	00000013	addi	x0,x0,0	  x0:0x00000000
        1035000	       102	80000178	3f9e86a3	sb	x25,1005(x29)	 x29:0x800089e9 x25:0x80000000 PA:0x80008dd6
        1045000	       103	8000017c	442ff513	andi	x10,x31,1090	 x31:0x00000000 x10=0x00000000
        1055000	       104	80000180	ae458317	auipc	x6,0xae458	  x6=0x2e45817c
        1065000	       105	80000184	00000013	addi	x0,x0,0	  x0:0x00000000
        1075000	       106	80000188	01119b93	slli	x23,x3,0x11	  x3:0x1c7462ae x23=0xc55c0000
        1085000	       107	8000018c	4006d093	srai	x1,x13,0x0	 x13:0x00000002  x1=0x00000002
        1095000	       108	80000190	00f594b3	sll	x9,x11,x15	 x11:0xfdb5b047 x15:0x79de9a53  x9=0x82380000
        1105000	       109	80000194	01fc67b3	or	x15,x24,x31	 x24:0x00000000 x31:0x00000000 x15=0x00000000
        1115000	       110	80000198	ff2ec203	lbu	x4,-14(x29)	 x29:0x800089e9  x4=0x00000000 PA:0x800089db
        1125000	       111	8000019c	94b72c13	slti	x24,x14,-1717	 x14:0x00000000 x24=0x00000000
        1135000	       112	800001a0	934a7c17	auipc	x24,0x934a7	 x24=0x134a719c
        1145000	       113	800001a4	70804513	xori	x10,x0,1800	  x0:0x00000000 x10=0x00000708
        1155000	       114	800001a8	1ececa83	lbu	x21,492(x29)	 x29:0x800089e9 x21=0x00000000 PA:0x80008bd5
        1165000	       115	800001ac	006fc8b3	xor	x17,x31,x6	 x31:0x00000000  x6:0x2e45817c x17=0x2e45817c
        1175000	       116	800001b0	0caea1a3	sw	x10,195(x29)	 x29:0x800089e9 x10:0x00000708 PA:0x80008aac
        1185000	       117	800001b4	002ff333	and	x6,x31,x2	 x31:0x00000000  x2:0xf06c4eb2  x6=0x00000000
        1195000	       118	800001b8	496e84a3	sb	x22,1161(x29)	 x29:0x800089e9 x22:0x80009fc4 PA:0x80008e72
        1205000	       119	800001bc	6ff72593	slti	x11,x14,1791	 x14:0x00000000 x11=0x00000001
        1215000	       120	800001c0	480e6593	ori	x11,x28,1152	 x28:0x0000000a x11=0x0000048a
        1225000	       121	800001c4	e3fec883	lbu	x17,-449(x29)	 x29:0x800089e9 x17=0x00000000 PA:0x80008828
        1235000	       122	800001c8	7d00b593	sltiu	x11,x1,2000	  x1:0x00000002 x11=0x00000001
        1245000	       123	800001cc	007c5ab3	srl	x21,x24,x7	 x24:0x134a719c  x7:0xf06c4eb0 x21=0x0000134a
        1255000	       124	800001d0	0b6ec983	lbu	x19,182(x29)	 x29:0x800089e9 x19=0x00000000 PA:0x80008a9f
        1265000	       125	00000000	00000013	addi	x0,x0,0	  x0:0x00000000
        1275000	       126	800001d4	00399893	slli	x17,x19,0x3	 x19:0x00000000 x17=0x00000000
        1285000	       127	800001d8	493ed503	lhu	x10,1171(x29)	 x29:0x800089e9 x10=0x00000000 PA:0x80008e7c
        1295000	       128	800001dc	1bde8223	sb	x29,420(x29)	 x29:0x800089e9 x29:0x800089e9 PA:0x80008b8d
        1305000	       129	800001e0	01ad41b3	xor	x3,x26,x26	 x26:0x0000000f x26:0x0000000f  x3=0x00000000
        1315000	       130	800001e4	0063dd33	srl	x26,x7,x6	  x7:0xf06c4eb0  x6:0x00000000 x26=0xf06c4eb0
        1325000	       131	800001e8	38ce9ba3	sh	x12,919(x29)	 x29:0x800089e9 x12:0x0000000f PA:0x80008d80
        1335000	       132	800001ec	00008217	auipc	x4,0x8	  x4=0x800081e8
        1345000	       133	800001f0	7cc20213	addi	x4,x4,1996	  x4:0x800081e8  x4=0x800089b4
        1355000	       134	800001f4	2de47993	andi	x19,x8,734	  x8:0xf5256e30 x19=0x00000210
        1365000	       135	800001f8	38c6fe13	andi	x28,x13,908	 x13:0x00000002 x28=0x00000000
        1375000	       136	800001fc	fd920b83	lb	x23,-39(x4)	  x4:0x800089b4 x23=0x00000000 PA:0x8000898d
        1385000	       137	80000200	01b24c03	lbu	x24,27(x4)	  x4:0x800089b4 x24=0x00000000 PA:0x800089cf
        1395000	       138	80000204	00715533	srl	x10,x2,x7	  x2:0xf06c4eb2  x7:0xf06c4eb0 x10=0x0000f06c
        1405000	       139	80000208	018830b3	sltu	x1,x16,x24	 x16:0x00000000 x24:0x00000000  x1=0x00000000
        1415000	       140	8000020c	408a09b3	sub	x19,x20,x8	 x20:0x00000000  x8:0xf5256e30 x19=0x0ada91d0
        1425000	       141	80000210	fcd20503	lb	x10,-51(x4)	  x4:0x800089b4 x10=0x00000000 PA:0x80008981
        1435000	       142	80000214	01b10333	add	x6,x2,x27	  x2:0xf06c4eb2 x27:0x00000000  x6=0xf06c4eb2
        1445000	       143	80000218	fc924403	lbu	x8,-55(x4)	  x4:0x800089b4  x8=0x00000000 PA:0x8000897d
        1455000	       144	8000021c	411f8033	sub	x0,x31,x17	 x31:0x00000000 x17:0x00000000
        1465000	       145	80000220	93ac0e13	addi	x28,x24,-1734	 x24:0x00000000 x28=0xfffff93a
        1475000	       146	80000224	ffb20e03	lb	x28,-5(x4)	  x4:0x800089b4 x28=0x00000000 PA:0x800089af
        1485000	       147	80000228	00d20783	lb	x15,13(x4)	  x4:0x800089b4 x15=0x00000000 PA:0x800089c1
        1495000	       148	8000022c	40235913	srai	x18,x6,0x2	  x6:0xf06c4eb2 x18=0xfc1b13ac
        1505000	       149	80000230	83fe6b97	auipc	x23,0x83fe6	 x23=0x03fe622c
        1515000	       150	80000234	76fb4413	xori	x8,x22,1903	 x22:0x80009fc4  x8=0x800098ab
        1525000	       151	80000238	01422583	lw	x11,20(x4)	  x4:0x800089b4 x11=0x00000000 PA:0x800089c8
        1535000	       152	8000023c	fef24603	lbu	x12,-17(x4)	  x4:0x800089b4 x12=0x00000000 PA:0x800089a3
        1545000	       153	80000240	0164ceb3	xor	x29,x9,x22	  x9:0x82380000 x22:0x80009fc4 x29=0x02389fc4
        1555000	       154	80000244	862782b7	lui	x5,0x86278	  x5=0x86278000
        1565000	       155	80000248	00559c33	sll	x24,x11,x5	 x11:0x00000000  x5:0x86278000 x24=0x00000000
        1575000	       156	8000024c	01679433	sll	x8,x15,x22	 x15:0x00000000 x22:0x80009fc4  x8=0x00000000
        1585000	       157	80000250	00021d83	lh	x27,0(x4)	  x4:0x800089b4 x27=0x00000000 PA:0x800089b4
        1595000	       158	80000254	ffd20e83	lb	x29,-3(x4)	  x4:0x800089b4 x29=0x00000000 PA:0x800089b1
        1605000	       159	80000258	0168cfb3	xor	x31,x17,x22	 x17:0x00000000 x22:0x80009fc4 x31=0x80009fc4
        1615000	       160	8000025c	0015aa33	slt	x20,x11,x1	 x11:0x00000000  x1:0x00000000 x20=0x00000000
        1625000	       161	80000260	ffa24c03	lbu	x24,-6(x4)	  x4:0x800089b4 x24=0x00000000 PA:0x800089ae
        1635000	       162	80000264	01d0e8b3	or	x17,x1,x29	  x1:0x00000000 x29:0x00000000 x17=0x00000000
        1645000	       163	80000268	01f69bb3	sll	x23,x13,x31	 x13:0x00000002 x31:0x80009fc4 x23=0x00000020
        1655000	       164	8000026c	019ea433	slt	x8,x29,x25	 x29:0x00000000 x25:0x80000000  x8=0x00000000
        1665000	       165	80000270	b6f3a697	auipc	x13,0xb6f3a	 x13=0x36f3a26c
        1675000	       166	80000274	fc220403	lb	x8,-62(x4)	  x4:0x800089b4  x8=0x00000000 PA:0x80008976
        1685000	       167	80000278	d87970b7	lui	x1,0xd8797	  x1=0xd8797000
        1695000	       168	8000027c	cf9de793	ori	x15,x27,-775	 x27:0x00000000 x15=0xfffffcf9
        1705000	       169	80000280	009cfcb3	and	x25,x25,x9	 x25:0x80000000  x9:0x82380000 x25=0x80000000
        1715000	       170	80000284	40d15d93	srai	x27,x2,0xd	  x2:0xf06c4eb2 x27=0xffff8362
        1725000	       171	80000288	ff3205a3	sb	x19,-21(x4)	  x4:0x800089b4 x19:0x0ada91d0 PA:0x8000899f
        1735000	       172	8000028c	01910333	add	x6,x2,x25	  x2:0xf06c4eb2 x25:0x80000000  x6=0x706c4eb2
        1745000	       173	80000290	01c25683	lhu	x13,28(x4)	  x4:0x800089b4 x13=0x00000000 PA:0x800089d0
        1755000	       174	80000294	00009117	auipc	x2,0x9	  x2=0x80009290
        1765000	       175	80000298	b2110113	addi	x2,x2,-1247	  x2:0x80009290  x2=0x80008db1
        1775000	       176	8000029c	010dbe33	sltu	x28,x27,x16	 x27:0xffff8362 x16:0x00000000 x28=0x00000000
        1785000	       177	800002a0	9254c697	auipc	x13,0x9254c	 x13=0x1254c29c
        1795000	       178	800002a4	006dc633	xor	x12,x27,x6	 x27:0xffff8362  x6:0x706c4eb2 x12=0x8f93cdd0
        1805000	       179	800002a8	00d14883	lbu	x17,13(x2)	  x2:0x80008db1 x17=0x00000000 PA:0x80008dbe
        1815000	       180	00000000	00000013	addi	x0,x0,0	  x0:0x00000000
        1825000	       181	800002ac	01137933	and	x18,x6,x17	  x6:0x706c4eb2 x17:0x00000000 x18=0x00000000
        1835000	       182	800002b0	97287c13	andi	x24,x16,-1678	 x16:0x00000000 x24=0x00000000
        1845000	       183	800002b4	01cb21b3	slt	x3,x22,x28	 x22:0x80009fc4 x28:0x00000000  x3=0x00000001
        1855000	       184	800002b8	40e45393	srai	x7,x8,0xe	  x8:0x00000000  x7=0x00000000
        1865000	       185	800002bc	1b366db7	lui	x27,0x1b366	 x27=0x1b366000
        1875000	       186	800002c0	012cd4b3	srl	x9,x25,x18	 x25:0x80000000 x18:0x00000000  x9=0x80000000
        1885000	       187	800002c4	00e1fc33	and	x24,x3,x14	  x3:0x00000001 x14:0x00000000 x24=0x00000000
        1895000	       188	800002c8	80b9e893	ori	x17,x19,-2037	 x19:0x0ada91d0 x17=0xfffff9db
        1905000	       189	800002cc	fe014c83	lbu	x25,-32(x2)	  x2:0x80008db1 x25=0x00000000 PA:0x80008d91
        1915000	       190	00000000	00000013	addi	x0,x0,0	  x0:0x00000000
        1925000	       191	800002d0	00bcfbb3	and	x23,x25,x11	 x25:0x00000000 x11:0x00000000 x23=0x00000000
        1935000	       192	800002d4	01cac233	xor	x4,x21,x28	 x21:0x0000134a x28:0x00000000  x4=0x0000134a
        1945000	       193	800002d8	003005b3	add	x11,x0,x3	  x0:0x00000000  x3:0x00000001 x11=0x00000001
        1955000	       194	800002dc	62308993	addi	x19,x1,1571	  x1:0xd8797000 x19=0xd8797623
        1965000	       195	800002e0	ffe114a3	sh	x30,-23(x2)	  x2:0x80008db1 x30:0x80009f84 PA:0x80008d9a
        1975000	       196	800002e4	f7be6d93	ori	x27,x28,-133	 x28:0x00000000 x27=0xffffff7b
        1985000	       197	800002e8	01d10a23	sb	x29,20(x2)	  x2:0x80008db1 x29:0x00000000 PA:0x80008dc5
        1995000	       198	800002ec	01014283	lbu	x5,16(x2)	  x2:0x80008db1  x5=0x00000000 PA:0x80008dc1
        2005000	       199	800002f0	6a7d3413	sltiu	x8,x26,1703	 x26:0xf06c4eb0  x8=0x00000000
        2015000	       200	800002f4	01d14c03	lbu	x24,29(x2)	  x2:0x80008db1 x24=0x00000000 PA:0x80008dce
        2025000	       201	800002f8	4169db93	srai	x23,x19,0x16	 x19:0xd8797623 x23=0xffffff61
        2035000	       202	800002fc	0054f2b3	and	x5,x9,x5	  x9:0x80000000  x5:0x00000000  x5=0x00000000
        2045000	       203	80000300	ffd14183	lbu	x3,-3(x2)	  x2:0x80008db1  x3=0x00000000 PA:0x80008dae
        2055000	       204	80000304	01814603	lbu	x12,24(x2)	  x2:0x80008db1 x12=0x00000000 PA:0x80008dc9
        2065000	       205	80000308	00120233	add	x4,x4,x1	  x4:0x0000134a  x1:0xd8797000  x4=0xd879834a
        2075000	       206	8000030c	01315a83	lhu	x21,19(x2)	  x2:0x80008db1 x21=0x00000000 PA:0x80008dc4
        2085000	       207	80000310	01151e33	sll	x28,x10,x17	 x10:0x00000000 x17:0xfffff9db x28=0x00000000
        2095000	       208	80000314	00000013	addi	x0,x0,0	  x0:0x00000000
        2105000	       209	80000318	00000013	addi	x0,x0,0	  x0:0x00000000
        2115000	       210	8000031c	415ad413	srai	x8,x21,0x15	 x21:0x00000000  x8=0x00000000
        2125000	       211	80000320	ffd14e83	lbu	x29,-3(x2)	  x2:0x80008db1 x29=0x00000000 PA:0x80008dae
        2135000	       212	80000324	00009597	auipc	x11,0x9	 x11=0x80009320
        2145000	       213	80000328	c7158593	addi	x11,x11,-911	 x11:0x80009320 x11=0x80008f91
        2155000	       214	8000032c	01e58483	lb	x9,30(x11)	 x11:0x80008f91  x9=0x00000000 PA:0x80008faf
        2165000	       215	80000330	0375c503	lbu	x10,55(x11)	 x11:0x80008f91 x10=0x00000000 PA:0x80008fc8
        2175000	       216	80000334	ff35c003	lbu	x0,-13(x11)	 x11:0x80008f91 PA:0x80008f84
        2185000	       217	80000338	fe559703	lh	x14,-27(x11)	 x11:0x80008f91 x14=0x00000000 PA:0x80008f76
        2195000	       218	8000033c	f26f6d93	ori	x27,x30,-218	 x30:0x80009f84 x27=0xffffffa6
        2205000	       219	80000340	01c5c903	lbu	x18,28(x11)	 x11:0x80008f91 x18=0x00000000 PA:0x80008fad
        2215000	       220	80000344	00000013	addi	x0,x0,0	  x0:0x00000000
        2225000	       221	80000348	02e5c603	lbu	x12,46(x11)	 x11:0x80008f91 x12=0x00000000 PA:0x80008fbf
        2235000	       222	8000034c	01ea0db3	add	x27,x20,x30	 x20:0x00000000 x30:0x80009f84 x27=0x80009f84
        2245000	       223	80000350	0165cf83	lbu	x31,22(x11)	 x11:0x80008f91 x31=0x00000000 PA:0x80008fa7
        2255000	       224	80000354	400d5d93	srai	x27,x26,0x0	 x26:0xf06c4eb0 x27=0xf06c4eb0
        2265000	       225	80000358	fe359403	lh	x8,-29(x11)	 x11:0x80008f91  x8=0x00000000 PA:0x80008f74
        2275000	       226	8000035c	03458623	sb	x20,44(x11)	 x11:0x80008f91 x20:0x00000000 PA:0x80008fbd
        2285000	       227	80000360	00058923	sb	x0,18(x11)	 x11:0x80008f91  x0:0x00000000 PA:0x80008fa3
        2295000	       228	80000364	fc359483	lh	x9,-61(x11)	 x11:0x80008f91  x9=0x00000000 PA:0x80008f54
        2305000	       229	80000368	0145d533	srl	x10,x11,x20	 x11:0x80008f91 x20:0x00000000 x10=0x80008f91
        2315000	       230	8000036c	ff05c883	lbu	x17,-16(x11)	 x11:0x80008f91 x17=0x00000000 PA:0x80008f81
        2325000	       231	80000370	89dc64b7	lui	x9,0x89dc6	  x9=0x89dc6000
        2335000	       232	80000374	fc758a03	lb	x20,-57(x11)	 x11:0x80008f91 x20=0x00000000 PA:0x80008f58
        2345000	       233	80000378	007fe133	or	x2,x31,x7	 x31:0x00000000  x7:0x00000000  x2=0x00000000
        2355000	       234	8000037c	01054333	xor	x6,x10,x16	 x10:0x80008f91 x16:0x00000000  x6=0x80008f91
        2365000	       235	80000380	0176dfb3	srl	x31,x13,x23	 x13:0x1254c29c x23:0xffffff61 x31=0x092a614e
        2375000	       236	80000384	fc258c83	lb	x25,-62(x11)	 x11:0x80008f91 x25=0x00000000 PA:0x80008f53
        2385000	       237	80000388	00000013	addi	x0,x0,0	  x0:0x00000000
        2395000	       238	8000038c	021587a3	sb	x1,47(x11)	 x11:0x80008f91  x1:0xd8797000 PA:0x80008fc0
        2405000	       239	80000390	fdd58483	lb	x9,-35(x11)	 x11:0x80008f91  x9=0x00000000 PA:0x80008f6e
        2415000	       240	80000394	00aefdb3	and	x27,x29,x10	 x29:0x00000000 x10:0x80008f91 x27=0x00000000
        2425000	       241	80000398	294cfe13	andi	x28,x25,660	 x25:0x00000000 x28=0x00000000
        2435000	       242	8000039c	02b5c383	lbu	x7,43(x11)	 x11:0x80008f91  x7=0x00000000 PA:0x80008fbc
        2445000	       243	800003a0	fc258123	sb	x2,-62(x11)	 x11:0x80008f91  x2:0x00000000 PA:0x80008f53
        2455000	       244	800003a4	fea5c383	lbu	x7,-22(x11)	 x11:0x80008f91  x7=0x00000000 PA:0x80008f7b
        2465000	       245	800003a8	02c58d03	lb	x26,44(x11)	 x11:0x80008f91 x26=0x00000000 PA:0x80008fbd
        2475000	       246	800003ac	4010de13	srai	x28,x1,0x1	  x1:0xd8797000 x28=0xec3cb800
        2485000	       247	800003b0	02d58423	sb	x13,40(x11)	 x11:0x80008f91 x13:0x1254c29c PA:0x80008fb9
        2495000	       248	800003b4	00008797	auipc	x15,0x8	 x15=0x800083b0
        2505000	       249	800003b8	55278793	addi	x15,x15,1362	 x15:0x800083b0 x15=0x80008902
        2515000	       250	800003bc	fcf78903	lb	x18,-49(x15)	 x15:0x80008902 x18=0x00000000 PA:0x800088d1
        2525000	       251	800003c0	89176f93	ori	x31,x14,-1903	 x14:0x00000000 x31=0xfffff891
        2535000	       252	800003c4	fd07c683	lbu	x13,-48(x15)	 x15:0x80008902 x13=0x00000000 PA:0x800088d2
        2545000	       253	800003c8	00000013	addi	x0,x0,0	  x0:0x00000000
        2555000	       254	800003cc	0130a333	slt	x6,x1,x19	  x1:0xd8797000 x19:0xd8797623  x6=0x00000001
        2565000	       255	800003d0	a0cd3c13	sltiu	x24,x26,-1524	 x26:0x00000000 x24=0x00000001
        2575000	       256	800003d4	b9172213	slti	x4,x14,-1135	 x14:0x00000000  x4=0x00000000
        2585000	       257	800003d8	03578323	sb	x21,38(x15)	 x15:0x80008902 x21:0x00000000 PA:0x80008928
        2595000	       258	800003dc	d0b13d93	sltiu	x27,x2,-757	  x2:0x00000000 x27=0x00000001
        2605000	       259	800003e0	0043b933	sltu	x18,x7,x4	  x7:0x00000000  x4:0x00000000 x18=0x00000000
        2615000	       260	800003e4	00f9de33	srl	x28,x19,x15	 x19:0xd8797623 x15:0x80008902 x28=0x361e5d88
        2625000	       261	800003e8	01a79e83	lh	x29,26(x15)	 x15:0x80008902 x29=0x00000000 PA:0x8000891c
        2635000	       262	800003ec	01880133	add	x2,x16,x24	 x16:0x00000000 x24:0x00000001  x2=0x00000001
        2645000	       263	800003f0	9738a493	slti	x9,x17,-1677	 x17:0x00000000  x9=0x00000000
        2655000	       264	800003f4	00b105b3	add	x11,x2,x11	  x2:0x00000001 x11:0x80008f91 x11=0x80008f92
        2665000	       265	800003f8	0102beb3	sltu	x29,x5,x16	  x5:0x00000000 x16:0x00000000 x29=0x00000000
        2675000	       266	800003fc	00000013	addi	x0,x0,0	  x0:0x00000000
        2685000	       267	80000400	6f91cd93	xori	x27,x3,1785	  x3:0x00000000 x27=0x000006f9
        2695000	       268	80000404	01a196b3	sll	x13,x3,x26	  x3:0x00000000 x26:0x00000000 x13=0x00000000
        2705000	       269	80000408	fd2782a3	sb	x18,-59(x15)	 x15:0x80008902 x18:0x00000000 PA:0x800088c7
        2715000	       270	8000040c	68ce4d13	xori	x26,x28,1676	 x28:0x361e5d88 x26=0x361e5b04
        2725000	       271	80000410	ff978883	lb	x17,-7(x15)	 x15:0x80008902 x17=0x00000000 PA:0x800088fb
        2735000	       272	00000000	00000013	addi	x0,x0,0	  x0:0x00000000
        2745000	       273	80000414	03178503	lb	x10,49(x15)	 x15:0x80008902 x10=0x00000000 PA:0x80008933
        2755000	       274	80000418	00000013	addi	x0,x0,0	  x0:0x00000000
        2765000	       275	8000041c	40ded933	sra	x18,x29,x13	 x29:0x00000000 x13:0x00000000 x18=0x00000000
        2775000	       276	80000420	0177c683	lbu	x13,23(x15)	 x15:0x80008902 x13=0x00000000 PA:0x80008919
        2785000	       277	80000424	00000013	addi	x0,x0,0	  x0:0x00000000
        2795000	       278	80000428	998ac093	xori	x1,x21,-1640	 x21:0x00000000  x1=0xfffff998
        2805000	       279	8000042c	015a1633	sll	x12,x20,x21	 x20:0x00000000 x21:0x00000000 x12=0x00000000
        2815000	       280	80000430	035eb493	sltiu	x9,x29,53	 x29:0x00000000  x9=0x00000001
        2825000	       281	80000434	008b45b3	xor	x11,x22,x8	 x22:0x80009fc4  x8:0x00000000 x11=0x80009fc4
        2835000	       282	80000438	0157a723	sw	x21,14(x15)	 x15:0x80008902 x21:0x00000000 PA:0x80008910
        2845000	       283	8000043c	01678f23	sb	x22,30(x15)	 x15:0x80008902 x22:0x80009fc4 PA:0x80008920
        2855000	       284	80000440	00008f97	auipc	x31,0x8	 x31=0x8000843c
        2865000	       285	80000444	33df8f93	addi	x31,x31,829	 x31:0x8000843c x31=0x80008779
        2875000	       286	80000448	0173de93	srli	x29,x7,0x17	  x7:0x00000000 x29=0x00000000
        2885000	       287	8000044c	033f8003	lb	x0,51(x31)	 x31:0x80008779 PA:0x800087ac
        2895000	       288	80000450	0019ecb3	or	x25,x19,x1	 x19:0xd8797623  x1:0xfffff998 x25=0xffffffbb
        2905000	       289	80000454	024fcb83	lbu	x23,36(x31)	 x31:0x80008779 x23=0x00000000 PA:0x8000879d
        2915000	       290	80000458	00315cb3	srl	x25,x2,x3	  x2:0x00000001  x3:0x00000000 x25=0x00000001
        2925000	       291	8000045c	4db5a893	slti	x17,x11,1243	 x11:0x80009fc4 x17=0x00000001
        2935000	       292	80000460	018c0a33	add	x20,x24,x24	 x24:0x00000001 x24:0x00000001 x20=0x00000002
        2945000	       293	80000464	012f8c83	lb	x25,18(x31)	 x31:0x80008779 x25=0x00000000 PA:0x8000878b
        2955000	       294	80000468	41890233	sub	x4,x18,x24	 x18:0x00000000 x24:0x00000001  x4=0xffffffff
        2965000	       295	8000046c	41cad613	srai	x12,x21,0x1c	 x21:0x00000000 x12=0x00000000
        2975000	       296	80000470	9cc9f713	andi	x14,x19,-1588	 x19:0xd8797623 x14=0xd8797000
        2985000	       297	80000474	41d8d993	srai	x19,x17,0x1d	 x17:0x00000001 x19=0x00000000
        2995000	       298	80000478	fe2fa5a3	sw	x2,-21(x31)	 x31:0x80008779  x2:0x00000001 PA:0x80008764
        3005000	       299	8000047c	ff1fc183	lbu	x3,-15(x31)	 x31:0x80008779  x3=0x00000000 PA:0x8000876a
        3015000	       300	80000480	ff6fcd03	lbu	x26,-10(x31)	 x31:0x80008779 x26=0x00000000 PA:0x8000876f
        3025000	       301	80000484	007231b3	sltu	x3,x4,x7	  x4:0xffffffff  x7:0x00000000  x3=0x00000000
        3035000	       302	80000488	012fc483	lbu	x9,18(x31)	 x31:0x80008779  x9=0x00000000 PA:0x8000878b
        3045000	       303	8000048c	033f9c83	lh	x25,51(x31)	 x31:0x80008779 x25=0x00000000 PA:0x800087ac
        3055000	       304	80000490	012f8e03	lb	x28,18(x31)	 x31:0x80008779 x28=0x00000000 PA:0x8000878b
        3065000	       305	80000494	fecf8e03	lb	x28,-20(x31)	 x31:0x80008779 x28=0x00000000 PA:0x80008765
        3075000	       306	80000498	b4969c97	auipc	x25,0xb4969	 x25=0x34969494
        3085000	       307	8000049c	02bf8883	lb	x17,43(x31)	 x31:0x80008779 x17=0x00000000 PA:0x800087a4
        3095000	       308	800004a0	009bcd33	xor	x26,x23,x9	 x23:0x00000000  x9:0x00000000 x26=0x00000000
        3105000	       309	800004a4	03cf8023	sb	x28,32(x31)	 x31:0x80008779 x28:0x00000000 PA:0x80008799
        3115000	       310	800004a8	402080b3	sub	x1,x1,x2	  x1:0xfffff998  x2:0x00000001  x1=0xfffff997
        3125000	       311	800004ac	000862b3	or	x5,x16,x0	 x16:0x00000000  x0:0x00000000  x5=0x00000000
        3135000	       312	800004b0	7e786ab7	lui	x21,0x7e786	 x21=0x7e786000
        3145000	       313	800004b4	00a3f863	bgeu	x7,x10,800004c4	  x7:0x00000000 x10:0x00000000
        3155000	       314	00000000	00000013	addi	x0,x0,0	  x0:0x00000000
        3165000	       315	800004c0	00000013	addi	x0,x0,0	  x0:0x00000000
        3175000	       316	800004c4	88e7f717	auipc	x14,0x88e7f	 x14=0x08e7f4c0
        3185000	       317	800004c8	238cb093	sltiu	x1,x25,568	 x25:0x34969494  x1=0x00000000
        3195000	       318	800004cc	00695893	srli	x17,x18,0x6	 x18:0x00000000 x17=0x00000000
        3205000	       319	800004d0	05b84863	blt	x16,x27,80000520	 x16:0x00000000 x27:0x000006f9
        3215000	       320	00000000	00000013	addi	x0,x0,0	  x0:0x00000000
        3225000	       321	8000051c	00000013	addi	x0,x0,0	  x0:0x00000000
        3235000	       322	80000520	006e02b3	add	x5,x28,x6	 x28:0x00000000  x6:0x00000001  x5=0x00000001
        3245000	       323	80000524	002ee7b3	or	x15,x29,x2	 x29:0x00000000  x2:0x00000001 x15=0x00000001
        3255000	       324	80000528	001603b3	add	x7,x12,x1	 x12:0x00000000  x1:0x00000000  x7=0x00000000
        3265000	       325	8000052c	5d0af193	andi	x3,x21,1488	 x21:0x7e786000  x3=0x00000000
        3275000	       326	80000530	c25cf093	andi	x1,x25,-987	 x25:0x34969494  x1=0x34969404
        3285000	       327	80000534	6eb62ab7	lui	x21,0x6eb62	 x21=0x6eb62000
        3295000	       328	80000538	01571463	bne	x14,x21,80000540	 x14:0x08e7f4c0 x21:0x6eb62000
        3305000	       329	00000000	00000013	addi	x0,x0,0	  x0:0x00000000
        3315000	       330	8000053c	00000013	addi	x0,x0,0	  x0:0x00000000
        3325000	       331	80000540	00f7d733	srl	x14,x15,x15	 x15:0x00000001 x15:0x00000001 x14=0x00000000
        3335000	       332	80000544	003a5a63	bge	x20,x3,80000558	 x20:0x00000002  x3:0x00000000
        3345000	       333	00000000	00000013	addi	x0,x0,0	  x0:0x00000000
        3355000	       334	80000554	00000013	addi	x0,x0,0	  x0:0x00000000
        3365000	       335	80000558	41b78fb3	sub	x31,x15,x27	 x15:0x00000001 x27:0x000006f9 x31=0xfffff908
        3375000	       336	8000055c	8d73ac93	slti	x25,x7,-1833	  x7:0x00000000 x25=0x00000000
        3385000	       337	80000560	001370b3	and	x1,x6,x1	  x6:0x00000001  x1:0x34969404  x1=0x00000000
        3395000	       338	80000564	03f2e263	bltu	x5,x31,80000588	  x5:0x00000001 x31:0xfffff908
        3405000	       339	00000000	00000013	addi	x0,x0,0	  x0:0x00000000
        3415000	       340	80000584	00000013	addi	x0,x0,0	  x0:0x00000000
        3425000	       341	80000588	01c53db3	sltu	x27,x10,x28	 x10:0x00000000 x28:0x00000000 x27=0x00000000
        3435000	       342	8000058c	44c20093	addi	x1,x4,1100	  x4:0xffffffff  x1=0x0000044b
        3445000	       343	80000590	013196b3	sll	x13,x3,x19	  x3:0x00000000 x19:0x00000000 x13=0x00000000
        3455000	       344	80000594	017c5693	srli	x13,x24,0x17	 x24:0x00000001 x13=0x00000000
        3465000	       345	80000598	00dffa63	bgeu	x31,x13,800005ac	 x31:0xfffff908 x13:0x00000000
        3475000	       346	00000000	00000013	addi	x0,x0,0	  x0:0x00000000
        3485000	       347	800005a8	00000013	addi	x0,x0,0	  x0:0x00000000
        3495000	       348	800005ac	06609717	auipc	x14,0x6609	 x14=0x866095a8
        3505000	       349	800005b0	021e1c63	bne	x28,x1,800005e8	 x28:0x00000000  x1:0x0000044b
        3515000	       350	00000000	00000013	addi	x0,x0,0	  x0:0x00000000
        3525000	       351	800005e4	00000013	addi	x0,x0,0	  x0:0x00000000
        3535000	       352	800005e8	01856463	bltu	x10,x24,800005f0	 x10:0x00000000 x24:0x00000001
        3545000	       353	00000000	00000013	addi	x0,x0,0	  x0:0x00000000
        3555000	       354	800005ec	00000013	addi	x0,x0,0	  x0:0x00000000
        3565000	       355	800005f0	029f8863	beq	x31,x9,80000620	 x31:0xfffff908  x9:0x00000000
        3575000	       356	800005f4	d8640f93	addi	x31,x8,-634	  x8:0x00000000 x31=0xfffffd86
        3585000	       357	800005f8	f18a8d13	addi	x26,x21,-232	 x21:0x6eb62000 x26=0x6eb61f18
        3595000	       358	800005fc	00c0cd33	xor	x26,x1,x12	  x1:0x0000044b x12:0x00000000 x26=0x0000044b
        3605000	       359	80000600	00000013	addi	x0,x0,0	  x0:0x00000000
        3615000	       360	80000604	55103f93	sltiu	x31,x0,1361	  x0:0x00000000 x31=0x00000001
        3625000	       361	80000608	40ec87b3	sub	x15,x25,x14	 x25:0x00000000 x14:0x866095a8 x15=0x799f6a58
        3635000	       362	8000060c	00bef463	bgeu	x29,x11,80000614	 x29:0x00000000 x11:0x80009fc4
        3645000	       363	80000610	01f3dd93	srli	x27,x7,0x1f	  x7:0x00000000 x27=0x00000000
        3655000	       364	80000614	fd920193	addi	x3,x4,-39	  x4:0xffffffff  x3=0xffffffd8
        3665000	       365	80000618	f5030417	auipc	x8,0xf5030	  x8=0x75030614
        3675000	       366	8000061c	00885c13	srli	x24,x16,0x8	 x16:0x00000000 x24=0x00000000
        3685000	       367	80000620	22656613	ori	x12,x10,550	 x10:0x00000000 x12=0x00000226
        3695000	       368	80000624	408989b3	sub	x19,x19,x8	 x19:0x00000000  x8:0x75030614 x19=0x8afcf9ec
        3705000	       369	80000628	018db8b3	sltu	x17,x27,x24	 x27:0x00000000 x24:0x00000000 x17=0x00000000
        3715000	       370	8000062c	000e5993	srli	x19,x28,0x0	 x28:0x00000000 x19=0x00000000
        3725000	       371	80000630	00d5d893	srli	x17,x11,0xd	 x11:0x80009fc4 x17=0x00040004
        3735000	       372	80000634	41028db3	sub	x27,x5,x16	  x5:0x00000001 x16:0x00000000 x27=0x00000001
        3745000	       373	80000638	00a09033	sll	x0,x1,x10	  x1:0x0000044b x10:0x00000000
        3755000	       374	8000063c	8c724c93	xori	x25,x4,-1849	  x4:0xffffffff x25=0x00000738
        3765000	       375	80000640	04ba7263	bgeu	x20,x11,80000684	 x20:0x00000002 x11:0x80009fc4
        3775000	       376	80000644	02050663	beq	x10,x0,80000670	 x10:0x00000000  x0:0x00000000
        3785000	       377	00000000	00000013	addi	x0,x0,0	  x0:0x00000000
        3795000	       378	8000066c	00000013	addi	x0,x0,0	  x0:0x00000000
        3805000	       379	80000670	017119b3	sll	x19,x2,x23	  x2:0x00000001 x23:0x00000000 x19=0x00000001
        3815000	       380	80000674	03407663	bgeu	x0,x20,800006a0	  x0:0x00000000 x20:0x00000002
        3825000	       381	80000678	005c5ab3	srl	x21,x24,x5	 x24:0x00000000  x5:0x00000001 x21=0x00000000
        3835000	       382	8000067c	018be333	or	x6,x23,x24	 x23:0x00000000 x24:0x00000000  x6=0x00000000
        3845000	       383	80000680	01f55e33	srl	x28,x10,x31	 x10:0x00000000 x31:0x00000001 x28=0x00000000
        3855000	       384	80000684	40e48533	sub	x10,x9,x14	  x9:0x00000000 x14:0x866095a8 x10=0x799f6a58
        3865000	       385	80000688	47e1bd93	sltiu	x27,x3,1150	  x3:0xffffffd8 x27=0x00000000
        3875000	       386	8000068c	42a52393	slti	x7,x10,1066	 x10:0x799f6a58  x7=0x00000000
        3885000	       387	80000690	01ea5693	srli	x13,x20,0x1e	 x20:0x00000002 x13=0x00000000
        3895000	       388	80000694	009cd663	bge	x25,x9,800006a0	 x25:0x00000738  x9:0x00000000
        3905000	       389	00000000	00000013	addi	x0,x0,0	  x0:0x00000000
        3915000	       390	8000069c	00000013	addi	x0,x0,0	  x0:0x00000000
        3925000	       391	800006a0	010ed913	srli	x18,x29,0x10	 x29:0x00000000 x18=0x00000000
        3935000	       392	800006a4	40945533	sra	x10,x8,x9	  x8:0x75030614  x9:0x00000000 x10=0x75030614
        3945000	       393	800006a8	0035da63	bge	x11,x3,800006bc	 x11:0x80009fc4  x3:0xffffffd8
        3955000	       394	800006ac	01eaabb3	slt	x23,x21,x30	 x21:0x00000000 x30:0x80009f84 x23=0x00000000
        3965000	       395	800006b0	019572b3	and	x5,x10,x25	 x10:0x75030614 x25:0x00000738  x5=0x00000610
        3975000	       396	800006b4	897f8413	addi	x8,x31,-1897	 x31:0x00000001  x8=0xfffff898
        3985000	       397	800006b8	0104e9b3	or	x19,x9,x16	  x9:0x00000000 x16:0x00000000 x19=0x00000000
        3995000	       398	800006bc	a26317b7	lui	x15,0xa2631	 x15=0xa2631000
        4005000	       399	800006c0	00a0dc63	bge	x1,x10,800006d8	  x1:0x0000044b x10:0x75030614
        4015000	       400	800006c4	de8bb9b7	lui	x19,0xde8bb	 x19=0xde8bb000
        4025000	       401	800006c8	5fbd0513	addi	x10,x26,1531	 x26:0x0000044b x10=0x00000a46
        4035000	       402	800006cc	0109f633	and	x12,x19,x16	 x19:0xde8bb000 x16:0x00000000 x12=0x00000000
        4045000	       403	800006d0	05eb7063	bgeu	x22,x30,80000710	 x22:0x80009fc4 x30:0x80009f84
        4055000	       404	00000000	00000013	addi	x0,x0,0	  x0:0x00000000
        4065000	       405	8000070c	00000013	addi	x0,x0,0	  x0:0x00000000
        4075000	       406	80000710	01b1f7b3	and	x15,x3,x27	  x3:0xffffffd8 x27:0x00000000 x15=0x00000000
        4085000	       407	80000714	013758b3	srl	x17,x14,x19	 x14:0x866095a8 x19:0xde8bb000 x17=0x866095a8
        4095000	       408	80000718	00c4a633	slt	x12,x9,x12	  x9:0x00000000 x12:0x00000000 x12=0x00000000
        4105000	       409	8000071c	05f04863	blt	x0,x31,8000076c	  x0:0x00000000 x31:0x00000001
        4115000	       410	00000000	00000013	addi	x0,x0,0	  x0:0x00000000
        4125000	       411	80000768	00000013	addi	x0,x0,0	  x0:0x00000000
        4135000	       412	8000076c	1889b8b7	lui	x17,0x1889b	 x17=0x1889b000
        4145000	       413	80000770	11182c13	slti	x24,x16,273	 x16:0x00000000 x24=0x00000001
        4155000	       414	80000774	dabffc13	andi	x24,x31,-597	 x31:0x00000001 x24=0x00000001
        4165000	       415	80000778	a0dc7393	andi	x7,x24,-1523	 x24:0x00000001  x7=0x00000001
        4175000	       416	8000077c	00996733	or	x14,x18,x9	 x18:0x00000000  x9:0x00000000 x14=0x00000000
        4185000	       417	80000780	db766213	ori	x4,x12,-585	 x12:0x00000000  x4=0xfffffdb7
        4195000	       418	80000784	0114ba33	sltu	x20,x9,x17	  x9:0x00000000 x17:0x1889b000 x20=0x00000001
        4205000	       419	80000788	005d82b3	add	x5,x27,x5	 x27:0x00000000  x5:0x00000610  x5=0x00000610
        4215000	       420	8000078c	000d5c33	srl	x24,x26,x0	 x26:0x0000044b  x0:0x00000000 x24=0x0000044b
        4225000	       421	80000790	403cde13	srai	x28,x25,0x3	 x25:0x00000738 x28=0x000000e7
        4235000	       422	80000794	03f90e63	beq	x18,x31,800007d0	 x18:0x00000000 x31:0x00000001
        4245000	       423	80000798	b9c5fc13	andi	x24,x11,-1124	 x11:0x80009fc4 x24=0x80009b84
        4255000	       424	8000079c	05b66063	bltu	x12,x27,800007dc	 x12:0x00000000 x27:0x00000000
        4265000	       425	800007a0	02c5fc63	bgeu	x11,x12,800007d8	 x11:0x80009fc4 x12:0x00000000
        4275000	       426	00000000	00000013	addi	x0,x0,0	  x0:0x00000000
        4285000	       427	800007d4	00000013	addi	x0,x0,0	  x0:0x00000000
        4295000	       428	800007d8	01c89f93	slli	x31,x17,0x1c	 x17:0x1889b000 x31=0x00000000
        4305000	       429	800007dc	0066b593	sltiu	x11,x13,6	 x13:0x00000000 x11=0x00000001
        4315000	       430	800007e0	90216193	ori	x3,x2,-1790	  x2:0x00000001  x3=0xfffff903
        4325000	       431	800007e4	41b05733	sra	x14,x0,x27	  x0:0x00000000 x27:0x00000000 x14=0x00000000
        4335000	       432	800007e8	01db10b3	sll	x1,x22,x29	 x22:0x80009fc4 x29:0x00000000  x1=0x80009fc4
        4345000	       433	800007ec	392c2a13	slti	x20,x24,914	 x24:0x80009b84 x20=0x00000001
        4355000	       434	800007f0	47144d13	xori	x26,x8,1137	  x8:0xfffff898 x26=0xfffffce9
        4365000	       435	800007f4	0080fa63	bgeu	x1,x8,80000808	  x1:0x80009fc4  x8:0xfffff898
        4375000	       436	800007f8	00000013	addi	x0,x0,0	  x0:0x00000000
        4385000	       437	800007fc	4161d113	srai	x2,x3,0x16	  x3:0xfffff903  x2=0xffffffff
        4395000	       438	80000800	6ccdfa13	andi	x20,x27,1740	 x27:0x00000000 x20=0x00000000
        4405000	       439	80000804	587aca93	xori	x21,x21,1415	 x21:0x00000000 x21=0x00000587
        4415000	       440	80000808	01599293	slli	x5,x19,0x15	 x19:0xde8bb000  x5=0x00000000
        4425000	       441	8000080c	04fb7663	bgeu	x22,x15,80000858	 x22:0x80009fc4 x15:0x00000000
        4435000	       442	00000000	00000013	addi	x0,x0,0	  x0:0x00000000
        4445000	       443	80000854	00000013	addi	x0,x0,0	  x0:0x00000000
        4455000	       444	80000858	05387263	bgeu	x16,x19,8000089c	 x16:0x00000000 x19:0xde8bb000
        4465000	       445	8000085c	2595a393	slti	x7,x11,601	 x11:0x00000001  x7=0x00000001
        4475000	       446	80000860	006a1863	bne	x20,x6,80000870	 x20:0x00000000  x6:0x00000000
        4485000	       447	80000864	00b2d913	srli	x18,x5,0xb	  x5:0x00000000 x18=0x00000000
        4495000	       448	80000868	41c50533	sub	x10,x10,x28	 x10:0x00000a46 x28:0x000000e7 x10=0x0000095f
        4505000	       449	8000086c	016281b3	add	x3,x5,x22	  x5:0x00000000 x22:0x80009fc4  x3=0x80009fc4
        4515000	       450	80000870	01cf6d33	or	x26,x30,x28	 x30:0x80009f84 x28:0x000000e7 x26=0x80009fe7
        4525000	       451	80000874	8b32c537	lui	x10,0x8b32c	 x10=0x8b32c000
        4535000	       452	80000878	0111c2b3	xor	x5,x3,x17	  x3:0x80009fc4 x17:0x1889b000  x5=0x98892fc4
        4545000	       453	8000087c	03ab8e63	beq	x23,x26,800008b8	 x23:0x00000000 x26:0x80009fe7
        4555000	       454	80000880	0458f863	bgeu	x17,x5,800008d0	 x17:0x1889b000  x5:0x98892fc4
        4565000	       455	80000884	000c6d33	or	x26,x24,x0	 x24:0x80009b84  x0:0x00000000 x26=0x80009b84
        4575000	       456	80000888	00e35a13	srli	x20,x6,0xe	  x6:0x00000000 x20=0x00000000
        4585000	       457	8000088c	c157ba93	sltiu	x21,x15,-1003	 x15:0x00000000 x21=0x00000001
        4595000	       458	80000890	01259463	bne	x11,x18,80000898	 x11:0x00000001 x18:0x00000000
        4605000	       459	00000000	00000013	addi	x0,x0,0	  x0:0x00000000
        4615000	       460	80000894	00000013	addi	x0,x0,0	  x0:0x00000000
        4625000	       461	80000898	56356d13	ori	x26,x10,1379	 x10:0x8b32c000 x26=0x8b32c563
        4635000	       462	8000089c	00000013	addi	x0,x0,0	  x0:0x00000000
        4645000	       463	800008a0	01ab1e13	slli	x28,x22,0x1a	 x22:0x80009fc4 x28=0x10000000
        4655000	       464	800008a4	c9b80113	addi	x2,x16,-869	 x16:0x00000000  x2=0xfffffc9b
        4665000	       465	800008a8	028f6263	bltu	x30,x8,800008cc	 x30:0x80009f84  x8:0xfffff898
        4675000	       466	00000000	00000013	addi	x0,x0,0	  x0:0x00000000
        4685000	       467	800008c8	00000013	addi	x0,x0,0	  x0:0x00000000
        4695000	       468	800008cc	16d62413	slti	x8,x12,365	 x12:0x00000000  x8=0x00000001
        4705000	       469	800008d0	04e45063	bge	x8,x14,80000910	  x8:0x00000001 x14:0x00000000
        4715000	       470	00000000	00000013	addi	x0,x0,0	  x0:0x00000000
        4725000	       471	8000090c	00000013	addi	x0,x0,0	  x0:0x00000000
        4735000	       472	80000910	00d10033	add	x0,x2,x13	  x2:0xfffffc9b x13:0x00000000
        4745000	       473	80000914	017588b3	add	x17,x11,x23	 x11:0x00000001 x23:0x00000000 x17=0x00000001
        4755000	       474	80000918	00879c13	slli	x24,x15,0x8	 x15:0x00000000 x24=0x00000000
        4765000	       475	8000091c	008dd893	srli	x17,x27,0x8	 x27:0x00000000 x17=0x00000000
        4775000	       476	80000920	00445a63	bge	x8,x4,80000934	  x8:0x00000001  x4:0xfffffdb7
        4785000	       477	00000000	00000013	addi	x0,x0,0	  x0:0x00000000
        4795000	       478	80000930	00000013	addi	x0,x0,0	  x0:0x00000000
        4805000	       479	80000934	0080ca33	xor	x20,x1,x8	  x1:0x80009fc4  x8:0x00000001 x20=0x80009fc5
        4815000	       480	80000938	049ce863	bltu	x25,x9,80000988	 x25:0x00000738  x9:0x00000000
        4825000	       481	8000093c	04b6d663	bge	x13,x11,80000988	 x13:0x00000000 x11:0x00000001
        4835000	       482	80000940	c7512d13	slti	x26,x2,-907	  x2:0xfffffc9b x26=0x00000000
        4845000	       483	80000944	412f5d33	sra	x26,x30,x18	 x30:0x80009f84 x18:0x00000000 x26=0x80009f84
        4855000	       484	80000948	41c085b3	sub	x11,x1,x28	  x1:0x80009fc4 x28:0x10000000 x11=0x70009fc4
        4865000	       485	8000094c	ae422517	auipc	x10,0xae422	 x10=0x2e422948
        4875000	       486	80000950	00470cb3	add	x25,x14,x4	 x14:0x00000000  x4:0xfffffdb7 x25=0xfffffdb7
        4885000	       487	80000954	f8ecff93	andi	x31,x25,-114	 x25:0xfffffdb7 x31=0xfffffd86
        4895000	       488	80000958	0fe01137	lui	x2,0xfe01	  x2=0x0fe01000
        4905000	       489	8000095c	00c48463	beq	x9,x12,80000964	  x9:0x00000000 x12:0x00000000
        4915000	       490	00000000	00000013	addi	x0,x0,0	  x0:0x00000000
        4925000	       491	80000960	00000013	addi	x0,x0,0	  x0:0x00000000
        4935000	       492	80000964	0103e533	or	x10,x7,x16	  x7:0x00000001 x16:0x00000000 x10=0x00000001
        4945000	       493	80000968	0166bab3	sltu	x21,x13,x22	 x13:0x00000000 x22:0x80009fc4 x21=0x00000001
        4955000	       494	8000096c	00000013	addi	x0,x0,0	  x0:0x00000000
        4965000	       495	80000970	bc7f0393	addi	x7,x30,-1081	 x30:0x80009f84  x7=0x80009b4b
        4975000	       496	80000974	00095393	srli	x7,x18,0x0	 x18:0x00000000  x7=0x00000000
        4985000	       497	80000978	01c14733	xor	x14,x2,x28	  x2:0x0fe01000 x28:0x10000000 x14=0x1fe01000
        4995000	       498	8000097c	04936063	bltu	x6,x9,800009bc	  x6:0x00000000  x9:0x00000000
        5005000	       499	80000980	0097e5b3	or	x11,x15,x9	 x15:0x00000000  x9:0x00000000 x11=0x00000000
        5015000	       500	80000984	008d8663	beq	x27,x8,80000990	 x27:0x00000000  x8:0x00000001
        5025000	       501	80000988	00796463	bltu	x18,x7,80000990	 x18:0x00000000  x7:0x00000000
        5035000	       502	8000098c	01a39a13	slli	x20,x7,0x1a	  x7:0x00000000 x20=0x00000000
        5045000	       503	80000990	00000013	addi	x0,x0,0	  x0:0x00000000
        5055000	       504	80000994	0192fa63	bgeu	x5,x25,800009a8	  x5:0x98892fc4 x25:0xfffffdb7
        5065000	       505	80000998	41f55113	srai	x2,x10,0x1f	 x10:0x00000001  x2=0x00000000
        5075000	       506	8000099c	014d9463	bne	x27,x20,800009a4	 x27:0x00000000 x20:0x00000000
        5085000	       507	800009a0	0061fc33	and	x24,x3,x6	  x3:0x80009fc4  x6:0x00000000 x24=0x00000000
        5095000	       508	800009a4	015c56b3	srl	x13,x24,x21	 x24:0x00000000 x21:0x00000001 x13=0x00000000
        5105000	       509	800009a8	027c5e63	bge	x24,x7,800009e4	 x24:0x00000000  x7:0x00000000
        5115000	       510	00000000	00000013	addi	x0,x0,0	  x0:0x00000000
        5125000	       511	800009e0	00000013	addi	x0,x0,0	  x0:0x00000000
        5135000	       512	800009e4	cbdf7393	andi	x7,x30,-835	 x30:0x80009f84  x7=0x80009c84
        5145000	       513	800009e8	000e94b3	sll	x9,x29,x0	 x29:0x00000000  x0:0x00000000  x9=0x00000000
        5155000	       514	800009ec	03aa1863	bne	x20,x26,80000a1c	 x20:0x00000000 x26:0x80009f84
        5165000	       515	00000000	00000013	addi	x0,x0,0	  x0:0x00000000
        5175000	       516	80000a18	00000013	addi	x0,x0,0	  x0:0x00000000
        5185000	       517	80000a1c	f8276513	ori	x10,x14,-126	 x14:0x1fe01000 x10=0xffffff82
        5195000	       518	80000a20	3a344db7	lui	x27,0x3a344	 x27=0x3a344000
        5205000	       519	80000a24	01d6b9b3	sltu	x19,x13,x29	 x13:0x00000000 x29:0x00000000 x19=0x00000000
        5215000	       520	80000a28	081c0e93	addi	x29,x24,129	 x24:0x00000000 x29=0x00000081
        5225000	       521	80000a2c	00e35413	srli	x8,x6,0xe	  x6:0x00000000  x8=0x00000000
        5235000	       522	80000a30	047a5863	bge	x20,x7,80000a80	 x20:0x00000000  x7:0x80009c84
        5245000	       523	00000000	00000013	addi	x0,x0,0	  x0:0x00000000
        5255000	       524	80000a7c	00000013	addi	x0,x0,0	  x0:0x00000000
        5265000	       525	80000a80	00d12533	slt	x10,x2,x13	  x2:0x00000000 x13:0x00000000 x10=0x00000000
        5275000	       526	80000a84	80a86337	lui	x6,0x80a86	  x6=0x80a86000
        5285000	       527	80000a88	c215ec13	ori	x24,x11,-991	 x11:0x00000000 x24=0xfffffc21
        5295000	       528	80000a8c	40d6da13	srai	x20,x13,0xd	 x13:0x00000000 x20=0x00000000
        5305000	       529	80000a90	00305463	bge	x0,x3,80000a98	  x0:0x00000000  x3:0x80009fc4
        5315000	       530	00000000	00000013	addi	x0,x0,0	  x0:0x00000000
        5325000	       531	80000a94	00000013	addi	x0,x0,0	  x0:0x00000000
        5335000	       532	80000a98	013a9a63	bne	x21,x19,80000aac	 x21:0x00000001 x19:0x00000000
        5345000	       533	00000000	00000013	addi	x0,x0,0	  x0:0x00000000
        5355000	       534	80000aa8	00000013	addi	x0,x0,0	  x0:0x00000000
        5365000	       535	80000aac	00167463	bgeu	x12,x1,80000ab4	 x12:0x00000000  x1:0x80009fc4
        5375000	       536	80000ab0	41805b93	srai	x23,x0,0x18	  x0:0x00000000 x23=0x00000000
        5385000	       537	80000ab4	023a9463	bne	x21,x3,80000adc	 x21:0x00000001  x3:0x80009fc4
        5395000	       538	00000000	00000013	addi	x0,x0,0	  x0:0x00000000
        5405000	       539	80000ad8	00000013	addi	x0,x0,0	  x0:0x00000000
        5415000	       540	80000adc	016b6933	or	x18,x22,x22	 x22:0x80009fc4 x22:0x80009fc4 x18=0x80009fc4
        5425000	       541	80000ae0	f7eef293	andi	x5,x29,-130	 x29:0x00000081  x5=0x00000000
        5435000	       542	80000ae4	010e1693	slli	x13,x28,0x10	 x28:0x10000000 x13=0x00000000
        5445000	       543	80000ae8	036a5663	bge	x20,x22,80000b14	 x20:0x00000000 x22:0x80009fc4
        5455000	       544	00000000	00000013	addi	x0,x0,0	  x0:0x00000000
        5465000	       545	80000b10	00000013	addi	x0,x0,0	  x0:0x00000000
        5475000	       546	80000b14	019a5393	srli	x7,x20,0x19	 x20:0x00000000  x7=0x00000000
        5485000	       547	80000b18	071b4a63	blt	x22,x17,80000b8c	 x22:0x80009fc4 x17:0x00000000
        5495000	       548	00000000	00000013	addi	x0,x0,0	  x0:0x00000000
        5505000	       549	80000b88	00000013	addi	x0,x0,0	  x0:0x00000000
        5515000	       550	80000b8c	017a9633	sll	x12,x21,x23	 x21:0x00000001 x23:0x00000000 x12=0x00000001
        5525000	       551	80000b90	0053fc33	and	x24,x7,x5	  x7:0x00000000  x5:0x00000000 x24=0x00000000
        5535000	       552	80000b94	04aff063	bgeu	x31,x10,80000bd4	 x31:0xfffffd86 x10:0x00000000
        5545000	       553	00000000	00000013	addi	x0,x0,0	  x0:0x00000000
        5555000	       554	80000bd0	00000013	addi	x0,x0,0	  x0:0x00000000
        5565000	       555	80000bd4	016e36b3	sltu	x13,x28,x22	 x28:0x10000000 x22:0x80009fc4 x13=0x00000001
        5575000	       556	80000bd8	00b1c0b3	xor	x1,x3,x11	  x3:0x80009fc4 x11:0x00000000  x1=0x80009fc4
        5585000	       557	80000bdc	027d6a63	bltu	x26,x7,80000c10	 x26:0x80009f84  x7:0x00000000
        5595000	       558	80000be0	00adb6b3	sltu	x13,x27,x10	 x27:0x3a344000 x10:0x00000000 x13=0x00000000
        5605000	       559	80000be4	416452b3	sra	x5,x8,x22	  x8:0x00000000 x22:0x80009fc4  x5=0x00000000
        5615000	       560	80000be8	01fa6a63	bltu	x20,x31,80000bfc	 x20:0x00000000 x31:0xfffffd86
        5625000	       561	00000000	00000013	addi	x0,x0,0	  x0:0x00000000
        5635000	       562	80000bf8	00000013	addi	x0,x0,0	  x0:0x00000000
        5645000	       563	80000bfc	cbb70193	addi	x3,x14,-837	 x14:0x1fe01000  x3=0x1fe00cbb
        5655000	       564	80000c00	000f1413	slli	x8,x30,0x0	 x30:0x80009f84  x8=0x80009f84
        5665000	       565	80000c04	03519663	bne	x3,x21,80000c30	  x3:0x1fe00cbb x21:0x00000001
        5675000	       566	00000000	00000013	addi	x0,x0,0	  x0:0x00000000
        5685000	       567	80000c2c	00000013	addi	x0,x0,0	  x0:0x00000000
        5695000	       568	80000c30	0030d1b3	srl	x3,x1,x3	  x1:0x80009fc4  x3:0x1fe00cbb  x3=0x00000010
        5705000	       569	80000c34	019ec7b3	xor	x15,x29,x25	 x29:0x00000081 x25:0xfffffdb7 x15=0xfffffd36
        5715000	       570	80000c38	00950033	add	x0,x10,x9	 x10:0x00000000  x9:0x00000000
        5725000	       571	80000c3c	9d492693	slti	x13,x18,-1580	 x18:0x80009fc4 x13=0x00000001
        5735000	       572	80000c40	70f90c13	addi	x24,x18,1807	 x18:0x80009fc4 x24=0x8000a6d3
        5745000	       573	80000c44	cf1ebc93	sltiu	x25,x29,-783	 x29:0x00000081 x25=0x00000001
        5755000	       574	80000c48	002818b3	sll	x17,x16,x2	 x16:0x00000000  x2:0x00000000 x17=0x00000000
        5765000	       575	80000c4c	a14cc913	xori	x18,x25,-1516	 x25:0x00000001 x18=0xfffffa15
        5775000	       576	80000c50	00004e97	auipc	x29,0x4	 x29=0x80004c4c
        5785000	       577	80000c54	f24e8e93	addi	x29,x29,-220	 x29:0x80004c4c x29=0x80004b70
        5795000	       578	80000c58	00c940b3	xor	x1,x18,x12	 x18:0xfffffa15 x12:0x00000001  x1=0xfffffa14
        5805000	       579	80000c5c	00000013	addi	x0,x0,0	  x0:0x00000000
        5815000	       580	80000c60	0695de17	auipc	x28,0x695d	 x28=0x8695dc5c
        5825000	       581	80000c64	38ae8e93	addi	x29,x29,906	 x29:0x80004b70 x29=0x80004efa
        5835000	       582	80000c68	007b9233	sll	x4,x23,x7	 x23:0x00000000  x7:0x00000000  x4=0x00000000
        5845000	       583	80000c6c	012889b3	add	x19,x17,x18	 x17:0x00000000 x18:0xfffffa15 x19=0xfffffa15
        5855000	       584	80000c70	01c44663	blt	x8,x28,80000c7c	  x8:0x80009f84 x28:0x8695dc5c
        5865000	       585	00000000	00000013	addi	x0,x0,0	  x0:0x00000000
        5875000	       586	80000c78	00000013	addi	x0,x0,0	  x0:0x00000000
        5885000	       587	80000c7c	c76e8de7	jalr	x27,x29,-906	 x29:0x80004efa x27=0x80000c7c
        5895000	       588	00000000	00000013	addi	x0,x0,0	  x0:0x00000000
        5905000	       589	80004b70	00000013	addi	x0,x0,0	  x0:0x00000000
        5915000	       590	80004b74	01515133	srl	x2,x2,x21	  x2:0x00000000 x21:0x00000001  x2=0x00000000
        5925000	       591	80004b78	41ee8e33	sub	x28,x29,x30	 x29:0x80004efa x30:0x80009f84 x28=0xffffaf76
        5935000	       592	80004b7c	00c85e13	srli	x28,x16,0xc	 x16:0x00000000 x28=0x00000000
        5945000	       593	80004b80	ff4f0f13	addi	x30,x30,-12	 x30:0x80009f84 x30=0x80009f78
        5955000	       594	80004b84	837214b7	lui	x9,0x83721	  x9=0x83721000
        5965000	       595	80004b88	01bf2223	sw	x27,4(x30)	 x30:0x80009f78 x27:0x80000c7c PA:0x80009f7c
        5975000	       596	80004b8c	007b2133	slt	x2,x22,x7	 x22:0x80009fc4  x7:0x00000000  x2=0x00000001
        5985000	       597	80004b90	0018f933	and	x18,x17,x1	 x17:0x00000000  x1:0xfffffa14 x18=0x00000000
        5995000	       598	80004b94	0132f8b3	and	x17,x5,x19	  x5:0x00000000 x19:0xfffffa15 x17=0x00000000
        6005000	       599	80004b98	41130433	sub	x8,x6,x17	  x6:0x80a86000 x17:0x00000000  x8=0x80a86000
        6015000	       600	80004b9c	00239c33	sll	x24,x7,x2	  x7:0x00000000  x2:0x00000001 x24=0x00000000
        6025000	       601	80004ba0	40905133	sra	x2,x0,x9	  x0:0x00000000  x9:0x83721000  x2=0x00000000
        6035000	       602	80004ba4	ffffca17	auipc	x20,0xffffc	 x20=0x80000ba0
        6045000	       603	80004ba8	5f0a0a13	addi	x20,x20,1520	 x20:0x80000ba0 x20=0x80001190
        6055000	       604	80004bac	01932633	slt	x12,x6,x25	  x6:0x80a86000 x25:0x00000001 x12=0x00000001
        6065000	       605	80004bb0	00c75db3	srl	x27,x14,x12	 x14:0x1fe01000 x12:0x00000001 x27=0x0ff00800
        6075000	       606	80004bb4	2b0a0a13	addi	x20,x20,688	 x20:0x80001190 x20=0x80001440
        6085000	       607	80004bb8	41fb8bb3	sub	x23,x23,x31	 x23:0x00000000 x31:0xfffffd86 x23=0x0000027a
        6095000	       608	80004bbc	8b658293	addi	x5,x11,-1866	 x11:0x00000000  x5=0xfffff8b6
        6105000	       609	80004bc0	71c38693	addi	x13,x7,1820	  x7:0x00000000 x13=0x0000071c
        6115000	       610	80004bc4	d51a0de7	jalr	x27,x20,-687	 x20:0x80001440 x27=0x80004bc4
        6125000	       611	00000000	00000013	addi	x0,x0,0	  x0:0x00000000
        6135000	       612	80001190	00000013	addi	x0,x0,0	  x0:0x00000000
        6145000	       613	80001194	00069b93	slli	x23,x13,0x0	 x13:0x0000071c x23=0x0000071c
        6155000	       614	80001198	d0f4f193	andi	x3,x9,-753	  x9:0x83721000  x3=0x83721000
        6165000	       615	8000119c	01c0c463	blt	x1,x28,800011a4	  x1:0xfffffa14 x28:0x00000000
        6175000	       616	00000000	00000013	addi	x0,x0,0	  x0:0x00000000
        6185000	       617	800011a0	00000013	addi	x0,x0,0	  x0:0x00000000
        6195000	       618	800011a4	fc0f0f13	addi	x30,x30,-64	 x30:0x80009f78 x30=0x80009f38
        6205000	       619	800011a8	01bf2223	sw	x27,4(x30)	 x30:0x80009f38 x27:0x80004bc4 PA:0x80009f3c
        6215000	       620	800011ac	00000013	addi	x0,x0,0	  x0:0x00000000
        6225000	       621	800011b0	00007797	auipc	x15,0x7	 x15=0x800081ac
        6235000	       622	800011b4	09f78793	addi	x15,x15,159	 x15:0x800081ac x15=0x8000824b
        6245000	       623	800011b8	00779583	lh	x11,7(x15)	 x15:0x8000824b x11=0x00000000 PA:0x80008252
        6255000	       624	800011bc	00e78523	sb	x14,10(x15)	 x15:0x8000824b x14:0x1fe01000 PA:0x80008255
        6265000	       625	800011c0	00d78b83	lb	x23,13(x15)	 x15:0x8000824b x23=0x00000000 PA:0x80008258
        6275000	       626	800011c4	fff79183	lh	x3,-1(x15)	 x15:0x8000824b  x3=0x00000000 PA:0x8000824a
        6285000	       627	800011c8	01078483	lb	x9,16(x15)	 x15:0x8000824b  x9=0x00000000 PA:0x8000825b
        6295000	       628	800011cc	ee436037	lui	x0,0xee436	
        6305000	       629	800011d0	00078523	sb	x0,10(x15)	 x15:0x8000824b  x0:0x00000000 PA:0x80008255
        6315000	       630	800011d4	f26ecb97	auipc	x23,0xf26ec	 x23=0x726ed1d0
        6325000	       631	800011d8	0077cd83	lbu	x27,7(x15)	 x15:0x8000824b x27=0x00000000 PA:0x80008252
        6335000	       632	800011dc	00d7d483	lhu	x9,13(x15)	 x15:0x8000824b  x9=0x00000000 PA:0x80008258
        6345000	       633	800011e0	00d7d203	lhu	x4,13(x15)	 x15:0x8000824b  x4=0x00000000 PA:0x80008258
        6355000	       634	800011e4	f5736913	ori	x18,x6,-169	  x6:0x80a86000 x18=0xffffff57
        6365000	       635	800011e8	0b1f7b93	andi	x23,x30,177	 x30:0x80009f38 x23=0x00000030
        6375000	       636	800011ec	00678583	lb	x11,6(x15)	 x15:0x8000824b x11=0x00000000 PA:0x80008251
        6385000	       637	800011f0	00278283	lb	x5,2(x15)	 x15:0x8000824b  x5=0x00000000 PA:0x8000824d
        6395000	       638	800011f4	ff178ba3	sb	x17,-9(x15)	 x15:0x8000824b x17:0x00000000 PA:0x80008242
        6405000	       639	800011f8	00f7d503	lhu	x10,15(x15)	 x15:0x8000824b x10=0x00000000 PA:0x8000825a
        6415000	       640	800011fc	c09a0b97	auipc	x23,0xc09a0	 x23=0x409a11f8
        6425000	       641	80001200	0d0cca97	auipc	x21,0xd0cc	 x21=0x8d0cd1fc
        6435000	       642	80001204	ff57dc03	lhu	x24,-11(x15)	 x15:0x8000824b x24=0x00000000 PA:0x80008240
        6445000	       643	80001208	00f100b3	add	x1,x2,x15	  x2:0x00000000 x15:0x8000824b  x1=0x8000824b
        6455000	       644	8000120c	015123b3	slt	x7,x2,x21	  x2:0x00000000 x21:0x8d0cd1fc  x7=0x00000000
        6465000	       645	80001210	c9fa4e13	xori	x28,x20,-865	 x20:0x80001440 x28=0x7fffe8df
        6475000	       646	80001214	00c7c403	lbu	x8,12(x15)	 x15:0x8000824b  x8=0x00000000 PA:0x80008257
        6485000	       647	80001218	0097a283	lw	x5,9(x15)	 x15:0x8000824b  x5=0x00000000 PA:0x80008254
        6495000	       648	8000121c	ff67c683	lbu	x13,-10(x15)	 x15:0x8000824b x13=0x00000000 PA:0x80008241
        6505000	       649	80001220	00678303	lb	x6,6(x15)	 x15:0x8000824b  x6=0x00000000 PA:0x80008251
        6515000	       650	80001224	0087c383	lbu	x7,8(x15)	 x15:0x8000824b  x7=0x00000000 PA:0x80008253
        6525000	       651	80001228	00e7c583	lbu	x11,14(x15)	 x15:0x8000824b x11=0x00000000 PA:0x80008259
        6535000	       652	8000122c	fe1789a3	sb	x1,-13(x15)	 x15:0x8000824b  x1:0x8000824b PA:0x8000823e
        6545000	       653	80001230	fe278ea3	sb	x2,-3(x15)	 x15:0x8000824b  x2:0x00000000 PA:0x80008248
        6555000	       654	80001234	faeec593	xori	x11,x29,-82	 x29:0x80004efa x11=0x7fffb154
        6565000	       655	80001238	d6ea2e13	slti	x28,x20,-658	 x20:0x80001440 x28=0x00000001
        6575000	       656	8000123c	74b8bf93	sltiu	x31,x17,1867	 x17:0x00000000 x31=0x00000001
        6585000	       657	80001240	ff47ca83	lbu	x21,-12(x15)	 x15:0x8000824b x21=0x00000000 PA:0x8000823f
        6595000	       658	80001244	00278f83	lb	x31,2(x15)	 x15:0x8000824b x31=0x00000000 PA:0x8000824d
        6605000	       659	80001248	624cbf93	sltiu	x31,x25,1572	 x25:0x00000001 x31=0x00000001
        6615000	       660	8000124c	011e3633	sltu	x12,x28,x17	 x28:0x00000001 x17:0x00000000 x12=0x00000000
        6625000	       661	80001250	00578323	sb	x5,6(x15)	 x15:0x8000824b  x5:0x00000000 PA:0x80008251
        6635000	       662	80001254	403bd733	sra	x14,x23,x3	 x23:0x409a11f8  x3:0x00000000 x14=0x409a11f8
        6645000	       663	80001258	8e552613	slti	x12,x10,-1819	 x10:0x00000000 x12=0x00000000
        6655000	       664	8000125c	0017a2a3	sw	x1,5(x15)	 x15:0x8000824b  x1:0x8000824b PA:0x80008250
        6665000	       665	80001260	ff27cf83	lbu	x31,-14(x15)	 x15:0x8000824b x31=0x00000000 PA:0x8000823d
        6675000	       666	80001264	05564063	blt	x12,x21,800012a4	 x12:0x00000000 x21:0x00000000
        6685000	       667	80001268	00000013	addi	x0,x0,0	  x0:0x00000000
        6695000	       668	8000126c	00000013	addi	x0,x0,0	  x0:0x00000000
        6705000	       669	80001270	38158997	auipc	x19,0x38158	 x19=0xb815926c
        6715000	       670	80001274	00000013	addi	x0,x0,0	  x0:0x00000000
        6725000	       671	80001278	005c78b3	and	x17,x24,x5	 x24:0x00000000  x5:0x00000000 x17=0x00000000
        6735000	       672	8000127c	02df4263	blt	x30,x13,800012a0	 x30:0x80009f38 x13:0x00000000
        6745000	       673	00000000	00000013	addi	x0,x0,0	  x0:0x00000000
        6755000	       674	8000129c	00000013	addi	x0,x0,0	  x0:0x00000000
        6765000	       675	800012a0	01702433	slt	x8,x0,x23	  x0:0x00000000 x23:0x409a11f8  x8=0x00000001
        6775000	       676	800012a4	412d5db3	sra	x27,x26,x18	 x26:0x80009f84 x18:0xffffff57 x27=0xffffff00
        6785000	       677	800012a8	06687e93	andi	x29,x16,102	 x16:0x00000000 x29=0x00000000
        6795000	       678	800012ac	012e8ab3	add	x21,x29,x18	 x29:0x00000000 x18:0xffffff57 x21=0xffffff57
        6805000	       679	800012b0	00ce5393	srli	x7,x28,0xc	 x28:0x00000001  x7=0x00000000
        6815000	       680	800012b4	f6dc8d93	addi	x27,x25,-147	 x25:0x00000001 x27=0xffffff6e
        6825000	       681	800012b8	39684513	xori	x10,x16,918	 x16:0x00000000 x10=0x00000396
        6835000	       682	800012bc	8b36b493	sltiu	x9,x13,-1869	 x13:0x00000000  x9=0x00000001
        6845000	       683	800012c0	000b67b3	or	x15,x22,x0	 x22:0x80009fc4  x0:0x00000000 x15=0x80009fc4
        6855000	       684	800012c4	03aa9863	bne	x21,x26,800012f4	 x21:0xffffff57 x26:0x80009f84
        6865000	       685	00000000	00000013	addi	x0,x0,0	  x0:0x00000000
        6875000	       686	800012f0	00000013	addi	x0,x0,0	  x0:0x00000000
        6885000	       687	800012f4	354d3393	sltiu	x7,x26,852	 x26:0x80009f84  x7=0x00000000
        6895000	       688	800012f8	00857863	bgeu	x10,x8,80001308	 x10:0x00000396  x8:0x00000001
        6905000	       689	00000000	00000013	addi	x0,x0,0	  x0:0x00000000
        6915000	       690	80001304	00000013	addi	x0,x0,0	  x0:0x00000000
        6925000	       691	80001308	42dfcc93	xori	x25,x31,1069	 x31:0x00000000 x25=0x0000042d
        6935000	       692	8000130c	02a8c263	blt	x17,x10,80001330	 x17:0x00000000 x10:0x00000396
        6945000	       693	00000000	00000013	addi	x0,x0,0	  x0:0x00000000
        6955000	       694	8000132c	00000013	addi	x0,x0,0	  x0:0x00000000
        6965000	       695	80001330	50a9bd13	sltiu	x26,x19,1290	 x19:0xb815926c x26=0x00000000
        6975000	       696	80001334	00c17733	and	x14,x2,x12	  x2:0x00000000 x12:0x00000000 x14=0x00000000
        6985000	       697	80001338	01a2ad33	slt	x26,x5,x26	  x5:0x00000000 x26:0x00000000 x26=0x00000000
        6995000	       698	8000133c	09e9f013	andi	x0,x19,158	 x19:0xb815926c
        7005000	       699	80001340	7ff46093	ori	x1,x8,2047	  x8:0x00000001  x1=0x000007ff
        7015000	       700	80001344	658cd517	auipc	x10,0x658cd	 x10=0xe58ce340
        7025000	       701	80001348	94bbf093	andi	x1,x23,-1717	 x23:0x409a11f8  x1=0x409a1148
        7035000	       702	8000134c	019d8eb3	add	x29,x27,x25	 x27:0xffffff6e x25:0x0000042d x29=0x0000039b
        7045000	       703	80001350	00d332b3	sltu	x5,x6,x13	  x6:0x00000000 x13:0x00000000  x5=0x00000000
        7055000	       704	80001354	02db1a63	bne	x22,x13,80001388	 x22:0x80009fc4 x13:0x00000000
        7065000	       705	00000000	00000013	addi	x0,x0,0	  x0:0x00000000
        7075000	       706	80001384	00000013	addi	x0,x0,0	  x0:0x00000000
        7085000	       707	80001388	004b5233	srl	x4,x22,x4	 x22:0x80009fc4  x4:0x00000000  x4=0x80009fc4
        7095000	       708	8000138c	04e75e63	bge	x14,x14,800013e8	 x14:0x00000000 x14:0x00000000
        7105000	       709	00000000	00000013	addi	x0,x0,0	  x0:0x00000000
        7115000	       710	800013e4	00000013	addi	x0,x0,0	  x0:0x00000000
        7125000	       711	800013e8	d56c0993	addi	x19,x24,-682	 x24:0x00000000 x19=0xfffffd56
        7135000	       712	800013ec	0102fe33	and	x28,x5,x16	  x5:0x00000000 x16:0x00000000 x28=0x00000000
        7145000	       713	800013f0	fec4efb7	lui	x31,0xfec4e	 x31=0xfec4e000
        7155000	       714	800013f4	004621b3	slt	x3,x12,x4	 x12:0x00000000  x4:0x80009fc4  x3=0x00000000
        7165000	       715	800013f8	20c42313	slti	x6,x8,524	  x8:0x00000001  x6=0x00000001
        7175000	       716	800013fc	055d51b7	lui	x3,0x55d5	  x3=0x055d5000
        7185000	       717	80001400	00657e63	bgeu	x10,x6,8000141c	 x10:0xe58ce340  x6:0x00000001
        7195000	       718	00000000	00000013	addi	x0,x0,0	  x0:0x00000000
        7205000	       719	80001418	00000013	addi	x0,x0,0	  x0:0x00000000
        7215000	       720	8000141c	d7370513	addi	x10,x14,-653	 x14:0x00000000 x10=0xfffffd73
        7225000	       721	80001420	01e45db3	srl	x27,x8,x30	  x8:0x00000001 x30:0x80009f38 x27=0x00000000
        7235000	       722	80001424	05098a13	addi	x20,x19,80	 x19:0xfffffd56 x20=0xfffffda6
        7245000	       723	80001428	40885293	srai	x5,x16,0x8	 x16:0x00000000  x5=0x00000000
        7255000	       724	8000142c	41355393	srai	x7,x10,0x13	 x10:0xfffffd73  x7=0xffffffff
        7265000	       725	80001430	abcb4193	xori	x3,x22,-1348	 x22:0x80009fc4  x3=0x7fff6578
        7275000	       726	80001434	0043fa63	bgeu	x7,x4,80001448	  x7:0xffffffff  x4:0x80009fc4
        7285000	       727	00000000	00000013	addi	x0,x0,0	  x0:0x00000000
        7295000	       728	80001444	00000013	addi	x0,x0,0	  x0:0x00000000
        7305000	       729	80001448	25b3b893	sltiu	x17,x7,603	  x7:0xffffffff x17=0x00000000
        7315000	       730	8000144c	00dbdf93	srli	x31,x23,0xd	 x23:0x409a11f8 x31=0x000204d0
        7325000	       731	80001450	5b7b6893	ori	x17,x22,1463	 x22:0x80009fc4 x17=0x80009ff7
        7335000	       732	80001454	014227b3	slt	x15,x4,x20	  x4:0x80009fc4 x20:0xfffffda6 x15=0x00000001
        7345000	       733	80001458	037a6463	bltu	x20,x23,80001480	 x20:0xfffffda6 x23:0x409a11f8
        7355000	       734	8000145c	503abc13	sltiu	x24,x21,1283	 x21:0xffffff57 x24=0x00000000
        7365000	       735	80001460	01a816b3	sll	x13,x16,x26	 x16:0x00000000 x26:0x00000000 x13=0x00000000
        7375000	       736	80001464	9365fc13	andi	x24,x11,-1738	 x11:0x7fffb154 x24=0x7fffb114
        7385000	       737	80001468	c2d68413	addi	x8,x13,-979	 x13:0x00000000  x8=0xfffffc2d
        7395000	       738	8000146c	02e31863	bne	x6,x14,8000149c	  x6:0x00000001 x14:0x00000000
        7405000	       739	00000000	00000013	addi	x0,x0,0	  x0:0x00000000
        7415000	       740	80001498	00000013	addi	x0,x0,0	  x0:0x00000000
        7425000	       741	8000149c	c83e0d93	addi	x27,x28,-893	 x28:0x00000000 x27=0xfffffc83
        7435000	       742	800014a0	41ac5133	sra	x2,x24,x26	 x24:0x7fffb114 x26:0x00000000  x2=0x7fffb114
        7445000	       743	800014a4	00860463	beq	x12,x8,800014ac	 x12:0x00000000  x8:0xfffffc2d
        7455000	       744	800014a8	1d6c3c93	sltiu	x25,x24,470	 x24:0x7fffb114 x25=0x00000000
        7465000	       745	800014ac	01bd1263	bne	x26,x27,800014b0	 x26:0x00000000 x27:0xfffffc83
        7475000	       746	00000000	00000013	addi	x0,x0,0	  x0:0x00000000
        7485000	       747	800014ac	00000013	addi	x0,x0,0	  x0:0x00000000
        7495000	       748	800014b0	3bb28013	addi	x0,x5,955	  x5:0x00000000
        7505000	       749	800014b4	00459ab3	sll	x21,x11,x4	 x11:0x7fffb154  x4:0x80009fc4 x21=0xfffb1540
        7515000	       750	800014b8	002cb3b3	sltu	x7,x25,x2	 x25:0x00000000  x2:0x7fffb114  x7=0x00000001
        7525000	       751	800014bc	79fae613	ori	x12,x21,1951	 x21:0xfffb1540 x12=0xfffb17df
        7535000	       752	800014c0	000cf033	and	x0,x25,x0	 x25:0x00000000  x0:0x00000000
        7545000	       753	800014c4	dcfd6a93	ori	x21,x26,-561	 x26:0x00000000 x21=0xfffffdcf
        7555000	       754	800014c8	01fd9c13	slli	x24,x27,0x1f	 x27:0xfffffc83 x24=0x80000000
        7565000	       755	800014cc	7bcfa213	slti	x4,x31,1980	 x31:0x000204d0  x4=0x00000000
        7575000	       756	800014d0	404f5113	srai	x2,x30,0x4	 x30:0x80009f38  x2=0xf80009f3
        7585000	       757	800014d4	00000013	addi	x0,x0,0	  x0:0x00000000
        7595000	       758	800014d8	005284b3	add	x9,x5,x5	  x5:0x00000000  x5:0x00000000  x9=0x00000000
        7605000	       759	800014dc	019ce3b3	or	x7,x25,x25	 x25:0x00000000 x25:0x00000000  x7=0x00000000
        7615000	       760	800014e0	40935493	srai	x9,x6,0x9	  x6:0x00000001  x9=0x00000000
        7625000	       761	800014e4	ec30f093	andi	x1,x1,-317	  x1:0x409a1148  x1=0x409a1040
        7635000	       762	800014e8	004de263	bltu	x27,x4,800014ec	 x27:0xfffffc83  x4:0x00000000
        7645000	       763	800014ec	002eba33	sltu	x20,x29,x2	 x29:0x0000039b  x2:0xf80009f3 x20=0x00000001
        7655000	       764	800014f0	02ec6c63	bltu	x24,x14,80001528	 x24:0x80000000 x14:0x00000000
        7665000	       765	800014f4	671a3793	sltiu	x15,x20,1649	 x20:0x00000001 x15=0x00000001
        7675000	       766	800014f8	01135a63	bge	x6,x17,8000150c	  x6:0x00000001 x17:0x80009ff7
        7685000	       767	00000000	00000013	addi	x0,x0,0	  x0:0x00000000
        7695000	       768	80001508	00000013	addi	x0,x0,0	  x0:0x00000000
        7705000	       769	8000150c	414b8d33	sub	x26,x23,x20	 x23:0x409a11f8 x20:0x00000001 x26=0x409a11f7
        7715000	       770	80001510	b996e793	ori	x15,x13,-1127	 x13:0x00000000 x15=0xfffffb99
        7725000	       771	80001514	026d5c63	bge	x26,x6,8000154c	 x26:0x409a11f7  x6:0x00000001
        7735000	       772	00000000	00000013	addi	x0,x0,0	  x0:0x00000000
        7745000	       773	80001548	00000013	addi	x0,x0,0	  x0:0x00000000
        7755000	       774	8000154c	3bc2e0b7	lui	x1,0x3bc2e	  x1=0x3bc2e000
        7765000	       775	80001550	41b4dd93	srai	x27,x9,0x1b	  x9:0x00000000 x27=0x00000000
        7775000	       776	80001554	40db5893	srai	x17,x22,0xd	 x22:0x80009fc4 x17=0xfffc0004
        7785000	       777	80001558	00bf9e33	sll	x28,x31,x11	 x31:0x000204d0 x11:0x7fffb154 x28=0x4d000000
        7795000	       778	8000155c	f7ab6493	ori	x9,x22,-134	 x22:0x80009fc4  x9=0xfffffffe
        7805000	       779	80001560	038e7263	bgeu	x28,x24,80001584	 x28:0x4d000000 x24:0x80000000
        7815000	       780	80001564	00d34db3	xor	x27,x6,x13	  x6:0x00000001 x13:0x00000000 x27=0x00000001
        7825000	       781	80001568	01a29913	slli	x18,x5,0x1a	  x5:0x00000000 x18=0x00000000
        7835000	       782	8000156c	001046b3	xor	x13,x0,x1	  x0:0x00000000  x1:0x3bc2e000 x13=0x3bc2e000
        7845000	       783	80001570	01ce9ab3	sll	x21,x29,x28	 x29:0x0000039b x28:0x4d000000 x21=0x0000039b
        7855000	       784	80001574	0001ce63	blt	x3,x0,80001590	  x3:0x7fff6578  x0:0x00000000
        7865000	       785	80001578	6d4eaa93	slti	x21,x29,1748	 x29:0x0000039b x21=0x00000001
        7875000	       786	8000157c	00360fb3	add	x31,x12,x3	 x12:0xfffb17df  x3:0x7fff6578 x31=0x7ffa7d57
        7885000	       787	80001580	0109b433	sltu	x8,x19,x16	 x19:0xfffffd56 x16:0x00000000  x8=0x00000000
        7895000	       788	80001584	00265593	srli	x11,x12,0x2	 x12:0xfffb17df x11=0x3ffec5f7
        7905000	       789	80001588	0143c413	xori	x8,x7,20	  x7:0x00000000  x8=0x00000014
        7915000	       790	8000158c	02af8663	beq	x31,x10,800015b8	 x31:0x7ffa7d57 x10:0xfffffd73
        7925000	       791	80001590	d245a493	slti	x9,x11,-732	 x11:0x3ffec5f7  x9=0x00000000
        7935000	       792	80001594	010dd893	srli	x17,x27,0x10	 x27:0x00000001 x17=0x00000000
        7945000	       793	80001598	01e21c63	bne	x4,x30,800015b0	  x4:0x00000000 x30:0x80009f38
        7955000	       794	00000000	00000013	addi	x0,x0,0	  x0:0x00000000
        7965000	       795	800015ac	00000013	addi	x0,x0,0	  x0:0x00000000
        7975000	       796	800015b0	0fe77663	bgeu	x14,x30,8000169c	 x14:0x00000000 x30:0x80009f38
        7985000	       797	800015b4	01b44433	xor	x8,x8,x27	  x8:0x00000014 x27:0x00000001  x8=0x00000015
        7995000	       798	800015b8	010bcab3	xor	x21,x23,x16	 x23:0x409a11f8 x16:0x00000000 x21=0x409a11f8
        8005000	       799	800015bc	00007617	auipc	x12,0x7	 x12=0x800085b8
        8015000	       800	800015c0	31360613	addi	x12,x12,787	 x12:0x800085b8 x12=0x800088cb
        8025000	       801	800015c4	04f54493	xori	x9,x10,79	 x10:0xfffffd73  x9=0xfffffd3c
        8035000	       802	800015c8	ff760c83	lb	x25,-9(x12)	 x12:0x800088cb x25=0x00000000 PA:0x800088c2
        8045000	       803	800015cc	00d64e03	lbu	x28,13(x12)	 x12:0x800088cb x28=0x00000000 PA:0x800088d8
        8055000	       804	800015d0	ff664c83	lbu	x25,-10(x12)	 x12:0x800088cb x25=0x00000000 PA:0x800088c1
        8065000	       805	800015d4	ff560083	lb	x1,-11(x12)	 x12:0x800088cb  x1=0x00000000 PA:0x800088c0
        8075000	       806	800015d8	00660403	lb	x8,6(x12)	 x12:0x800088cb  x8=0x00000000 PA:0x800088d1
        8085000	       807	800015dc	fe1619a3	sh	x1,-13(x12)	 x12:0x800088cb  x1:0x00000000 PA:0x800088be
        8095000	       808	800015e0	cf6c1eb7	lui	x29,0xcf6c1	 x29=0xcf6c1000
        8105000	       809	800015e4	01f41d13	slli	x26,x8,0x1f	  x8:0x00000000 x26=0x00000000
        8115000	       810	800015e8	009ec3b3	xor	x7,x29,x9	 x29:0xcf6c1000  x9:0xfffffd3c  x7=0x3093ed3c
        8125000	       811	800015ec	001044b3	xor	x9,x0,x1	  x0:0x00000000  x1:0x00000000  x9=0x00000000
        8135000	       812	800015f0	40b9d913	srai	x18,x19,0xb	 x19:0xfffffd56 x18=0xffffffff
        8145000	       813	800015f4	01cbafb3	slt	x31,x23,x28	 x23:0x409a11f8 x28:0x00000000 x31=0x00000000
        8155000	       814	800015f8	ff760c23	sb	x23,-8(x12)	 x12:0x800088cb x23:0x409a11f8 PA:0x800088c3
        8165000	       815	800015fc	39a28917	auipc	x18,0x39a28	 x18=0xb9a295f8
        8175000	       816	80001600	fe860b23	sb	x8,-10(x12)	 x12:0x800088cb  x8:0x00000000 PA:0x800088c1
        8185000	       817	80001604	ffa60c03	lb	x24,-6(x12)	 x12:0x800088cb x24=0x00000000 PA:0x800088c5
        8195000	       818	80001608	26e33913	sltiu	x18,x6,622	  x6:0x00000001 x18=0x00000001
        8205000	       819	8000160c	018d69b3	or	x19,x26,x24	 x26:0x00000000 x24:0x00000000 x19=0x00000000
        8215000	       820	80001610	00860303	lb	x6,8(x12)	 x12:0x800088cb  x6=0x00000000 PA:0x800088d3
        8225000	       821	80001614	00964403	lbu	x8,9(x12)	 x12:0x800088cb  x8=0x00000000 PA:0x800088d4
        8235000	       822	80001618	8116b313	sltiu	x6,x13,-2031	 x13:0x3bc2e000  x6=0x00000001
        8245000	       823	8000161c	28fcb713	sltiu	x14,x25,655	 x25:0x00000000 x14=0x00000001
        8255000	       824	80001620	d86c04b7	lui	x9,0xd86c0	  x9=0xd86c0000
        8265000	       825	80001624	41aadc33	sra	x24,x21,x26	 x21:0x409a11f8 x26:0x00000000 x24=0x409a11f8
        8275000	       826	80001628	00df07b3	add	x15,x30,x13	 x30:0x80009f38 x13:0x3bc2e000 x15=0xbbc37f38
        8285000	       827	8000162c	41345db3	sra	x27,x8,x19	  x8:0x00000000 x19:0x00000000 x27=0x00000000
        8295000	       828	80001630	ff860d03	lb	x26,-8(x12)	 x12:0x800088cb x26=0xfffffff8 PA:0x800088c3
        8305000	       829	80001634	ffb65103	lhu	x2,-5(x12)	 x12:0x800088cb  x2=0x00000000 PA:0x800088c6
        8315000	       830	80001638	41458e33	sub	x28,x11,x20	 x11:0x3ffec5f7 x20:0x00000001 x28=0x3ffec5f6
        8325000	       831	8000163c	01196733	or	x14,x18,x17	 x18:0x00000001 x17:0x00000000 x14=0x00000001
        8335000	       832	80001640	ffe60003	lb	x0,-2(x12)	 x12:0x800088cb PA:0x800088c9
        8345000	       833	80001644	00c600a3	sb	x12,1(x12)	 x12:0x800088cb x12:0x800088cb PA:0x800088cc
        8355000	       834	80001648	016616a3	sh	x22,13(x12)	 x12:0x800088cb x22:0x80009fc4 PA:0x800088d8
        8365000	       835	8000164c	00660e03	lb	x28,6(x12)	 x12:0x800088cb x28=0x00000000 PA:0x800088d1
        8375000	       836	80001650	ffa60823	sb	x26,-16(x12)	 x12:0x800088cb x26:0xfffffff8 PA:0x800088bb
        8385000	       837	80001654	00d65f83	lhu	x31,13(x12)	 x12:0x800088cb x31=0x00009fc4 PA:0x800088d8
        8395000	       838	80001658	78573913	sltiu	x18,x14,1925	 x14:0x00000001 x18=0x00000001
        8405000	       839	8000165c	00f65203	lhu	x4,15(x12)	 x12:0x800088cb  x4=0x00000000 PA:0x800088da
        8415000	       840	80001660	00060023	sb	x0,0(x12)	 x12:0x800088cb  x0:0x00000000 PA:0x800088cb
        8425000	       841	80001664	005b5393	srli	x7,x22,0x5	 x22:0x80009fc4  x7=0x040004fe
        8435000	       842	80001668	ff464c03	lbu	x24,-12(x12)	 x12:0x800088cb x24=0x00000000 PA:0x800088bf
        8445000	       843	8000166c	017547b3	xor	x15,x10,x23	 x10:0xfffffd73 x23:0x409a11f8 x15=0xbf65ec8b
        8455000	       844	80001670	ee4c2193	slti	x3,x24,-284	 x24:0x00000000  x3=0x00000000
        8465000	       845	80001674	40ecdcb3	sra	x25,x25,x14	 x25:0x00000000 x14:0x00000001 x25=0x00000000
        8475000	       846	80001678	01a6b733	sltu	x14,x13,x26	 x13:0x3bc2e000 x26:0xfffffff8 x14=0x00000001
        8485000	       847	8000167c	e79fa293	slti	x5,x31,-391	 x31:0x00009fc4  x5=0x00000000
        8495000	       848	80001680	ff664103	lbu	x2,-10(x12)	 x12:0x800088cb  x2=0x00000000 PA:0x800088c1
        8505000	       849	80001684	01b9f233	and	x4,x19,x27	 x19:0x00000000 x27:0x00000000  x4=0x00000000
        8515000	       850	80001688	ff460303	lb	x6,-12(x12)	 x12:0x800088cb  x6=0x00000000 PA:0x800088bf
        8525000	       851	8000168c	cffc2f93	slti	x31,x24,-769	 x24:0x00000000 x31=0x00000000
        8535000	       852	80001690	006e8033	add	x0,x29,x6	 x29:0xcf6c1000  x6:0x00000000
        8545000	       853	80001694	c74cff93	andi	x31,x25,-908	 x25:0x00000000 x31=0x00000000
        8555000	       854	80001698	00d6d733	srl	x14,x13,x13	 x13:0x3bc2e000 x13:0x3bc2e000 x14=0x3bc2e000
        8565000	       855	8000169c	03bf9863	bne	x31,x27,800016cc	 x31:0x00000000 x27:0x00000000
        8575000	       856	800016a0	016b4263	blt	x22,x22,800016a4	 x22:0x80009fc4 x22:0x80009fc4
        8585000	       857	800016a4	00e5d463	bge	x11,x14,800016ac	 x11:0x3ffec5f7 x14:0x3bc2e000
        8595000	       858	00000000	00000013	addi	x0,x0,0	  x0:0x00000000
        8605000	       859	800016a8	00000013	addi	x0,x0,0	  x0:0x00000000
        8615000	       860	800016ac	017ca0b3	slt	x1,x25,x23	 x25:0x00000000 x23:0x409a11f8  x1=0x00000001
        8625000	       861	800016b0	009c8863	beq	x25,x9,800016c0	 x25:0x00000000  x9:0xd86c0000
        8635000	       862	800016b4	00b5e263	bltu	x11,x11,800016b8	 x11:0x3ffec5f7 x11:0x3ffec5f7
        8645000	       863	800016b8	01121233	sll	x4,x4,x17	  x4:0x00000000 x17:0x00000000  x4=0x00000000
        8655000	       864	800016bc	60102c13	slti	x24,x0,1537	  x0:0x00000000 x24=0x00000001
        8665000	       865	800016c0	03a6ca63	blt	x13,x26,800016f4	 x13:0x3bc2e000 x26:0xfffffff8
        8675000	       866	800016c4	058fe863	bltu	x31,x24,80001714	 x31:0x00000000 x24:0x00000001
        8685000	       867	00000000	00000013	addi	x0,x0,0	  x0:0x00000000
        8695000	       868	80001710	00000013	addi	x0,x0,0	  x0:0x00000000
        8705000	       869	80001714	02ae8263	beq	x29,x10,80001738	 x29:0xcf6c1000 x10:0xfffffd73
        8715000	       870	80001718	4089dc13	srai	x24,x19,0x8	 x19:0x00000000 x24=0x00000000
        8725000	       871	8000171c	7b03ca13	xori	x20,x7,1968	  x7:0x040004fe x20=0x0400034e
        8735000	       872	80001720	0197a6b3	slt	x13,x15,x25	 x15:0xbf65ec8b x25:0x00000000 x13=0x00000001
        8745000	       873	80001724	02959a63	bne	x11,x9,80001758	 x11:0x3ffec5f7  x9:0xd86c0000
        8755000	       874	00000000	00000013	addi	x0,x0,0	  x0:0x00000000
        8765000	       875	80001754	00000013	addi	x0,x0,0	  x0:0x00000000
        8775000	       876	80001758	01652133	slt	x2,x10,x22	 x10:0xfffffd73 x22:0x80009fc4  x2=0x00000000
        8785000	       877	8000175c	01f397b3	sll	x15,x7,x31	  x7:0x040004fe x31:0x00000000 x15=0x040004fe
        8795000	       878	80001760	00000013	addi	x0,x0,0	  x0:0x00000000
        8805000	       879	80001764	bbde1717	auipc	x14,0xbbde1	 x14=0x3bde2760
        8815000	       880	80001768	00000013	addi	x0,x0,0	  x0:0x00000000
        8825000	       881	8000176c	01913933	sltu	x18,x2,x25	  x2:0x00000000 x25:0x00000000 x18=0x00000000
        8835000	       882	80001770	00b8d593	srli	x11,x17,0xb	 x17:0x00000000 x11=0x00000000
        8845000	       883	80001774	03c84c63	blt	x16,x28,800017ac	 x16:0x00000000 x28:0x00000000
        8855000	       884	80001778	6c9cee93	ori	x29,x25,1737	 x25:0x00000000 x29=0x000006c9
        8865000	       885	8000177c	072c0093	addi	x1,x24,114	 x24:0x00000000  x1=0x00000072
        8875000	       886	80001780	0150e3b3	or	x7,x1,x21	  x1:0x00000072 x21:0x409a11f8  x7=0x409a11fa
        8885000	       887	80001784	41935893	srai	x17,x6,0x19	  x6:0x00000000 x17=0x00000000
        8895000	       888	80001788	0139db93	srli	x23,x19,0x13	 x19:0x00000000 x23=0x00000000
        8905000	       889	8000178c	0c59aa93	slti	x21,x19,197	 x19:0x00000000 x21=0x00000001
        8915000	       890	80001790	00c3b633	sltu	x12,x7,x12	  x7:0x409a11fa x12:0x800088cb x12=0x00000001
        8925000	       891	80001794	40428ab3	sub	x21,x5,x4	  x5:0x00000000  x4:0x00000000 x21=0x00000000
        8935000	       892	80001798	0024d8b3	srl	x17,x9,x2	  x9:0xd86c0000  x2:0x00000000 x17=0xd86c0000
        8945000	       893	8000179c	c2204793	xori	x15,x0,-990	  x0:0x00000000 x15=0xfffffc22
        8955000	       894	800017a0	01dc4663	blt	x24,x29,800017ac	 x24:0x00000000 x29:0x000006c9
        8965000	       895	00000000	00000013	addi	x0,x0,0	  x0:0x00000000
        8975000	       896	800017a8	00000013	addi	x0,x0,0	  x0:0x00000000
        8985000	       897	800017ac	0086cd33	xor	x26,x13,x8	 x13:0x00000001  x8:0x00000000 x26=0x00000001
        8995000	       898	800017b0	004f2d83	lw	x27,4(x30)	 x30:0x80009f38 x27=0x80004bc4 PA:0x80009f3c
        9005000	       899	800017b4	0051e133	or	x2,x3,x5	  x3:0x00000000  x5:0x00000000  x2=0x00000000
        9015000	       900	800017b8	40bd51b3	sra	x3,x26,x11	 x26:0x00000001 x11:0x00000000  x3=0x00000001
        9025000	       901	800017bc	040f0f13	addi	x30,x30,64	 x30:0x80009f38 x30=0x80009f78
        9035000	       902	800017c0	01975113	srli	x2,x14,0x19	 x14:0x3bde2760  x2=0x0000001d
        9045000	       903	800017c4	000d8393	addi	x7,x27,0	 x27:0x80004bc4  x7=0x80004bc4
        9055000	       904	800017c8	000383e7	jalr	x7,x7,0	  x7:0x80004bc4  x7=0x800017c8
        9065000	       905	00000000	00000013	addi	x0,x0,0	  x0:0x00000000
        9075000	       906	80004bc4	00000013	addi	x0,x0,0	  x0:0x00000000
        9085000	       907	80004bc8	ffffc317	auipc	x6,0xffffc	  x6=0x80000bc4
        9095000	       908	80004bcc	53c30313	addi	x6,x6,1340	  x6:0x80000bc4  x6=0x80001100
        9105000	       909	80004bd0	919bf193	andi	x3,x23,-1767	 x23:0x00000000  x3=0x00000000
        9115000	       910	80004bd4	01e29d13	slli	x26,x5,0x1e	  x5:0x00000000 x26=0x00000000
        9125000	       911	80004bd8	4064da93	srai	x21,x9,0x6	  x9:0xd86c0000 x21=0xff61b000
        9135000	       912	80004bdc	01f58433	add	x8,x11,x31	 x11:0x00000000 x31:0x00000000  x8=0x00000000
        9145000	       913	80004be0	414901b3	sub	x3,x18,x20	 x18:0x00000000 x20:0x0400034e  x3=0xfbfffcb2
        9155000	       914	80004be4	b48ac913	xori	x18,x21,-1208	 x21:0xff61b000 x18=0x009e4b48
        9165000	       915	80004be8	eba30313	addi	x6,x6,-326	  x6:0x80001100  x6=0x80000fba
        9175000	       916	80004bec	00018ab3	add	x21,x3,x0	  x3:0xfbfffcb2  x0:0x00000000 x21=0xfbfffcb2
        9185000	       917	80004bf0	01105e13	srli	x28,x0,0x11	  x0:0x00000000 x28=0x00000000
        9195000	       918	80004bf4	106a1cb7	lui	x25,0x106a1	 x25=0x106a1000
        9205000	       919	80004bf8	14630de7	jalr	x27,x6,326	  x6:0x80000fba x27=0x80004bf8
        9215000	       920	00000000	00000013	addi	x0,x0,0	  x0:0x00000000
        9225000	       921	80001100	00000013	addi	x0,x0,0	  x0:0x00000000
        9235000	       922	80001104	01f3d263	bge	x7,x31,80001108	  x7:0x800017c8 x31:0x00000000
        9245000	       923	80001108	fc4f0f13	addi	x30,x30,-60	 x30:0x80009f78 x30=0x80009f3c
        9255000	       924	8000110c	005a5793	srli	x15,x20,0x5	 x20:0x0400034e x15=0x0020001a
        9265000	       925	80001110	003409b3	add	x19,x8,x3	  x8:0x00000000  x3:0xfbfffcb2 x19=0xfbfffcb2
        9275000	       926	80001114	00000013	addi	x0,x0,0	  x0:0x00000000
        9285000	       927	80001118	01bf2223	sw	x27,4(x30)	 x30:0x80009f3c x27:0x80004bf8 PA:0x80009f40
        9295000	       928	8000111c	00000013	addi	x0,x0,0	  x0:0x00000000
        9305000	       929	80001120	3bf28997	auipc	x19,0x3bf28	 x19=0xbbf2911c
        9315000	       930	80001124	024a6c63	bltu	x20,x4,8000115c	 x20:0x0400034e  x4:0x00000000
        9325000	       931	80001128	01d6e033	or	x0,x13,x29	 x13:0x00000001 x29:0x000006c9
        9335000	       932	8000112c	f8b6c793	xori	x15,x13,-117	 x13:0x00000001 x15=0xffffff8a
        9345000	       933	80001130	692b7893	andi	x17,x22,1682	 x22:0x80009fc4 x17=0x00000680
        9355000	       934	80001134	417884b3	sub	x9,x17,x23	 x17:0x00000680 x23:0x00000000  x9=0x00000680
        9365000	       935	80001138	021cdc63	bge	x25,x1,80001170	 x25:0x106a1000  x1:0x00000072
        9375000	       936	00000000	00000013	addi	x0,x0,0	  x0:0x00000000
        9385000	       937	8000116c	00000013	addi	x0,x0,0	  x0:0x00000000
        9395000	       938	80001170	41ef8bb3	sub	x23,x31,x30	 x31:0x00000000 x30:0x80009f3c x23=0x7fff60c4
        9405000	       939	80001174	004f2d83	lw	x27,4(x30)	 x30:0x80009f3c x27=0x80004bf8 PA:0x80009f40
        9415000	       940	80001178	69a43717	auipc	x14,0x69a43	 x14=0xe9a44174
        9425000	       941	8000117c	0149d3b3	srl	x7,x19,x20	 x19:0xbbf2911c x20:0x0400034e  x7=0x0002efca
        9435000	       942	80001180	03cf0f13	addi	x30,x30,60	 x30:0x80009f3c x30=0x80009f78
        9445000	       943	80001184	7d3c0213	addi	x4,x24,2003	 x24:0x00000000  x4=0x000007d3
        9455000	       944	80001188	01a47033	and	x0,x8,x26	  x8:0x00000000 x26:0x00000000
        9465000	       945	8000118c	000d8413	addi	x8,x27,0	 x27:0x80004bf8  x8=0x80004bf8
        9475000	       946	80001190	00040467	jalr	x8,x8,0	  x8:0x80004bf8  x8=0x80001190
        9485000	       947	00000000	00000013	addi	x0,x0,0	  x0:0x00000000
        9495000	       948	80004bf8	00000013	addi	x0,x0,0	  x0:0x00000000
        9505000	       949	80004bfc	00004897	auipc	x17,0x4	 x17=0x80008bf8
        9515000	       950	80004c00	81488893	addi	x17,x17,-2028	 x17:0x80008bf8 x17=0x8000840c
        9525000	       951	80004c04	019700b3	add	x1,x14,x25	 x14:0xe9a44174 x25:0x106a1000  x1=0xfa0e5174
        9535000	       952	80004c08	d188a703	lw	x14,-744(x17)	 x17:0x8000840c x14=0x00000000 PA:0x80008124
        9545000	       953	80004c0c	6c07fa13	andi	x20,x15,1728	 x15:0xffffff8a x20=0x00000680
        9555000	       954	80004c10	17289903	lh	x18,370(x17)	 x17:0x8000840c x18=0x00000000 PA:0x8000857e
        9565000	       955	80004c14	00eade93	srli	x29,x21,0xe	 x21:0xfbfffcb2 x29=0x0003efff
        9575000	       956	80004c18	403b5693	srai	x13,x22,0x3	 x22:0x80009fc4 x13=0xf00013f8
        9585000	       957	80004c1c	c98b6913	ori	x18,x22,-872	 x22:0x80009fc4 x18=0xffffffdc
        9595000	       958	80004c20	01eef7b3	and	x15,x29,x30	 x29:0x0003efff x30:0x80009f78 x15=0x00008f78
        9605000	       959	80004c24	2c988703	lb	x14,713(x17)	 x17:0x8000840c x14=0x00000000 PA:0x800086d5
        9615000	       960	80004c28	0126edb3	or	x27,x13,x18	 x13:0xf00013f8 x18:0xffffffdc x27=0xfffffffc
        9625000	       961	80004c2c	8c57cd93	xori	x27,x15,-1851	 x15:0x00008f78 x27=0xffff77bd
        9635000	       962	80004c30	011ff333	and	x6,x31,x17	 x31:0x00000000 x17:0x8000840c  x6=0x00000000
        9645000	       963	80004c34	01c2f5b3	and	x11,x5,x28	  x5:0x00000000 x28:0x00000000 x11=0x00000000
        9655000	       964	80004c38	0958aa23	sw	x21,148(x17)	 x17:0x8000840c x21:0xfbfffcb2 PA:0x800084a0
        9665000	       965	80004c3c	dde11bb7	lui	x23,0xdde11	 x23=0xdde11000
        9675000	       966	80004c40	cac14593	xori	x11,x2,-852	  x2:0x0000001d x11=0xfffffcb1
        9685000	       967	80004c44	3be88e23	sb	x30,956(x17)	 x17:0x8000840c x30:0x80009f78 PA:0x800087c8
        9695000	       968	80004c48	24888da3	sb	x8,603(x17)	 x17:0x8000840c  x8:0x80001190 PA:0x80008667
        9705000	       969	80004c4c	fd88de83	lhu	x29,-40(x17)	 x17:0x8000840c x29=0x00000000 PA:0x800083e4
        9715000	       970	80004c50	03688c03	lb	x24,54(x17)	 x17:0x8000840c x24=0x00000000 PA:0x80008442
        9725000	       971	80004c54	01500db3	add	x27,x0,x21	  x0:0x00000000 x21:0xfbfffcb2 x27=0xfbfffcb2
        9735000	       972	80004c58	fc289323	sh	x2,-58(x17)	 x17:0x8000840c  x2:0x0000001d PA:0x800083d2
        9745000	       973	80004c5c	f698c103	lbu	x2,-151(x17)	 x17:0x8000840c  x2=0x00000000 PA:0x80008375
        9755000	       974	80004c60	01aa5733	srl	x14,x20,x26	 x20:0x00000680 x26:0x00000000 x14=0x00000680
        9765000	       975	80004c64	1348c303	lbu	x6,308(x17)	 x17:0x8000840c  x6=0x00000000 PA:0x80008540
        9775000	       976	80004c68	0177a1b3	slt	x3,x15,x23	 x15:0x00008f78 x23:0xdde11000  x3=0x00000000
        9785000	       977	80004c6c	c4288ba3	sb	x2,-937(x17)	 x17:0x8000840c  x2:0x00000000 PA:0x80008063
        9795000	       978	80004c70	f8388da3	sb	x3,-101(x17)	 x17:0x8000840c  x3:0x00000000 PA:0x800083a7
        9805000	       979	80004c74	00004d17	auipc	x26,0x4	 x26=0x80008c70
        9815000	       980	80004c78	1f2d0d13	addi	x26,x26,498	 x26:0x80008c70 x26=0x80008e62
        9825000	       981	80004c7c	010f21b3	slt	x3,x30,x16	 x30:0x80009f78 x16:0x00000000  x3=0x00000001
        9835000	       982	80004c80	4cdcf793	andi	x15,x25,1229	 x25:0x106a1000 x15=0x00000000
        9845000	       983	80004c84	405b51b3	sra	x3,x22,x5	 x22:0x80009fc4  x5:0x00000000  x3=0x80009fc4
        9855000	       984	80004c88	409784b3	sub	x9,x15,x9	 x15:0x00000000  x9:0x00000680  x9=0xfffff980
        9865000	       985	80004c8c	0052fe33	and	x28,x5,x5	  x5:0x00000000  x5:0x00000000 x28=0x00000000
        9875000	       986	80004c90	00e8a733	slt	x14,x17,x14	 x17:0x8000840c x14:0x00000680 x14=0x00000001
        9885000	       987	80004c94	4b1eea37	lui	x20,0x4b1ee	 x20=0x4b1ee000
        9895000	       988	80004c98	0092abb3	slt	x23,x5,x9	  x5:0x00000000  x9:0xfffff980 x23=0x00000000
        9905000	       989	80004c9c	7d4ce213	ori	x4,x25,2004	 x25:0x106a1000  x4=0x106a17d4
        9915000	       990	80004ca0	e3cd0da3	sb	x28,-453(x26)	 x26:0x80008e62 x28:0x00000000 PA:0x80008c9d
        9925000	       991	80004ca4	b05d4e03	lbu	x28,-1275(x26)	 x26:0x80008e62 x28=0x00000000 PA:0x80008967
        9935000	       992	80004ca8	bb0d0383	lb	x7,-1104(x26)	 x26:0x80008e62  x7=0x00000000 PA:0x80008a12
        9945000	       993	80004cac	048d1583	lh	x11,72(x26)	 x26:0x80008e62 x11=0x00000000 PA:0x80008eaa
        9955000	       994	80004cb0	01dc69b3	or	x19,x24,x29	 x24:0x00000000 x29:0x00000000 x19=0x00000000
        9965000	       995	80004cb4	d55d4083	lbu	x1,-683(x26)	 x26:0x80008e62  x1=0x00000000 PA:0x80008bb7
        9975000	       996	80004cb8	ac5cc993	xori	x19,x25,-1339	 x25:0x106a1000 x19=0xef95eac5
        9985000	       997	80004cbc	416d0033	sub	x0,x26,x22	 x26:0x80008e62 x22:0x80009fc4
        9995000	       998	80004cc0	00e7e133	or	x2,x15,x14	 x15:0x00000000 x14:0x00000001  x2=0x00000001
       10005000	       999	80004cc4	f0cd0523	sb	x12,-246(x26)	 x26:0x80008e62 x12:0x00000001 PA:0x80008d6c
       10015000	      1000	80004cc8	01f1fbb3	and	x23,x3,x31	  x3:0x80009fc4 x31:0x00000000 x23=0x00000000
       10025000	      1001	80004ccc	a097c413	xori	x8,x15,-1527	 x15:0x00000000  x8=0xfffffa09
       10035000	      1002	80004cd0	21b62437	lui	x8,0x21b62	  x8=0x21b62000
       10045000	      1003	80004cd4	035d0a03	lb	x20,53(x26)	 x26:0x80008e62 x20=0x00000000 PA:0x80008e97
       10055000	      1004	80004cd8	019f32b3	sltu	x5,x30,x25	 x30:0x80009f78 x25:0x106a1000  x5=0x00000000
       10065000	      1005	80004cdc	d25d4083	lbu	x1,-731(x26)	 x26:0x80008e62  x1=0x0000000f PA:0x80008b87
       10075000	      1006	80004ce0	0149b433	sltu	x8,x19,x20	 x19:0xef95eac5 x20:0x00000000  x8=0x00000000
       10085000	      1007	80004ce4	019613b3	sll	x7,x12,x25	 x12:0x00000001 x25:0x106a1000  x7=0x00000001
       10095000	      1008	80004ce8	0a0d5e83	lhu	x29,160(x26)	 x26:0x80008e62 x29=0x00000000 PA:0x80008f02
       10105000	      1009	80004cec	c55d0583	lb	x11,-939(x26)	 x26:0x80008e62 x11=0x00000000 PA:0x80008ab7
       10115000	      1010	80004cf0	c79d0c83	lb	x25,-903(x26)	 x26:0x80008e62 x25=0x00000000 PA:0x80008adb
       10125000	      1011	80004cf4	ad4d00a3	sb	x20,-1343(x26)	 x26:0x80008e62 x20:0x00000000 PA:0x80008923
       10135000	      1012	80004cf8	d7ad5983	lhu	x19,-646(x26)	 x26:0x80008e62 x19=0x00000000 PA:0x80008bdc
       10145000	      1013	80004cfc	00dcb0b3	sltu	x1,x25,x13	 x25:0x00000000 x13:0xf00013f8  x1=0x00000001
       10155000	      1014	80004d00	00b39933	sll	x18,x7,x11	  x7:0x00000001 x11:0x00000000 x18=0x00000001
       10165000	      1015	80004d04	015ea6b3	slt	x13,x29,x21	 x29:0x00000000 x21:0xfbfffcb2 x13=0x00000000
       10175000	      1016	80004d08	404c59b3	sra	x19,x24,x4	 x24:0x00000000  x4:0x106a17d4 x19=0x00000000
       10185000	      1017	80004d0c	005dbc33	sltu	x24,x27,x5	 x27:0xfbfffcb2  x5:0x00000000 x24=0x00000000
       10195000	      1018	80004d10	00000013	addi	x0,x0,0	  x0:0x00000000
       10205000	      1019	80004d14	57fa7a97	auipc	x21,0x57fa7	 x21=0xd7fabd10
       10215000	      1020	80004d18	00a24c33	xor	x24,x4,x10	  x4:0x106a17d4 x10:0xfffffd73 x24=0xef95eaa7
       10225000	      1021	80004d1c	bf0d5703	lhu	x14,-1040(x26)	 x26:0x80008e62 x14=0x00000000 PA:0x80008a52
       10235000	      1022	80004d20	e9a92913	slti	x18,x18,-358	 x18:0x00000001 x18=0x00000000
       10245000	      1023	80004d24	031d4703	lbu	x14,49(x26)	 x26:0x80008e62 x14=0x00000000 PA:0x80008e93
       10255000	      1024	80004d28	0f9d04a3	sb	x25,233(x26)	 x26:0x80008e62 x25:0x00000000 PA:0x80008f4b
       10265000	      1025	80004d2c	015eb433	sltu	x8,x29,x21	 x29:0x00000000 x21:0xd7fabd10  x8=0x00000001
       10275000	      1026	80004d30	0056dc93	srli	x25,x13,0x5	 x13:0x00000000 x25=0x00000000
       10285000	      1027	80004d34	f87d1b23	sh	x7,-106(x26)	 x26:0x80008e62  x7:0x00000001 PA:0x80008df8
       10295000	      1028	80004d38	00004697	auipc	x13,0x4	 x13=0x80008d34
       10305000	      1029	80004d3c	fb068693	addi	x13,x13,-80	 x13:0x80008d34 x13=0x80008ce4
       10315000	      1030	80004d40	0147e4b3	or	x9,x15,x20	 x15:0x00000000 x20:0x00000000  x9=0x00000000
       10325000	      1031	80004d44	056c4193	xori	x3,x24,86	 x24:0xef95eaa7  x3=0xef95eaf1
       10335000	      1032	80004d48	0f66de83	lhu	x29,246(x13)	 x13:0x80008ce4 x29=0x00000000 PA:0x80008dda
       10345000	      1033	80004d4c	92d1fc13	andi	x24,x3,-1747	  x3:0xef95eaf1 x24=0xef95e821
       10355000	      1034	80004d50	3096a023	sw	x9,768(x13)	 x13:0x80008ce4  x9:0x00000000 PA:0x80008fe4
       10365000	      1035	80004d54	b4d6cc83	lbu	x25,-1203(x13)	 x13:0x80008ce4 x25=0x00000000 PA:0x80008831
       10375000	      1036	80004d58	1ef6c003	lbu	x0,495(x13)	 x13:0x80008ce4 PA:0x80008ed3
       10385000	      1037	80004d5c	b4269a03	lh	x20,-1214(x13)	 x13:0x80008ce4 x20=0x00000000 PA:0x80008826
       10395000	      1038	80004d60	0100dfb3	srl	x31,x1,x16	  x1:0x00000001 x16:0x00000000 x31=0x00000001
       10405000	      1039	80004d64	0b2e1e17	auipc	x28,0xb2e1	 x28=0x8b2e5d60
       10415000	      1040	80004d68	0097c733	xor	x14,x15,x9	 x15:0x00000000  x9:0x00000000 x14=0x00000000
       10425000	      1041	80004d6c	019f1f93	slli	x31,x30,0x19	 x30:0x80009f78 x31=0xf0000000
       10435000	      1042	80004d70	12b69123	sh	x11,290(x13)	 x13:0x80008ce4 x11:0x00000000 PA:0x80008e06
       10445000	      1043	80004d74	d796c583	lbu	x11,-647(x13)	 x13:0x80008ce4 x11=0x00000000 PA:0x80008a5d
       10455000	      1044	80004d78	000293b3	sll	x7,x5,x0	  x5:0x00000000  x0:0x00000000  x7=0x00000000
       10465000	      1045	80004d7c	259e0713	addi	x14,x28,601	 x28:0x8b2e5d60 x14=0x8b2e5fb9
       10475000	      1046	80004d80	4a1fbc17	auipc	x24,0x4a1fb	 x24=0xca1ffd7c
       10485000	      1047	80004d84	2366d503	lhu	x10,566(x13)	 x13:0x80008ce4 x10=0x00000000 PA:0x80008f1a
       10495000	      1048	80004d88	00000013	addi	x0,x0,0	  x0:0x00000000
       10505000	      1049	80004d8c	00000013	addi	x0,x0,0	  x0:0x00000000
       10515000	      1050	80004d90	3fd22713	slti	x14,x4,1021	  x4:0x106a17d4 x14=0x00000000
       10525000	      1051	80004d94	dda44113	xori	x2,x8,-550	  x8:0x00000001  x2=0xfffffddb
       10535000	      1052	80004d98	d6b68003	lb	x0,-661(x13)	 x13:0x80008ce4 PA:0x80008a4f
       10545000	      1053	80004d9c	268a7513	andi	x10,x20,616	 x20:0x00000000 x10=0x00000000
       10555000	      1054	80004da0	bed684a3	sb	x13,-1047(x13)	 x13:0x80008ce4 x13:0x80008ce4 PA:0x800088cd
       10565000	      1055	80004da4	0112f5b3	and	x11,x5,x17	  x5:0x00000000 x17:0x8000840c x11=0x00000000
       10575000	      1056	80004da8	77d9ce93	xori	x29,x19,1917	 x19:0x00000000 x29=0x0000077d
       10585000	      1057	80004dac	001b5633	srl	x12,x22,x1	 x22:0x80009fc4  x1:0x00000001 x12=0x40004fe2
       10595000	      1058	80004db0	2586ad83	lw	x27,600(x13)	 x13:0x80008ce4 x27=0x00000000 PA:0x80008f3c
       10605000	      1059	80004db4	0004d113	srli	x2,x9,0x0	  x9:0x00000000  x2=0x00000000
       10615000	      1060	80004db8	e7768123	sb	x23,-414(x13)	 x13:0x80008ce4 x23:0x00000000 PA:0x80008b46
       10625000	      1061	80004dbc	b716c603	lbu	x12,-1167(x13)	 x13:0x80008ce4 x12=0x00000000 PA:0x80008855
       10635000	      1062	80004dc0	00000013	addi	x0,x0,0	  x0:0x00000000
       10645000	      1063	80004dc4	16c68b83	lb	x23,364(x13)	 x13:0x80008ce4 x23=0x00000000 PA:0x80008e50
       10655000	      1064	80004dc8	74f74137	lui	x2,0x74f74	  x2=0x74f74000
       10665000	      1065	80004dcc	01fa1ab3	sll	x21,x20,x31	 x20:0x00000000 x31:0xf0000000 x21=0x00000000
       10675000	      1066	80004dd0	01df4bb3	xor	x23,x30,x29	 x30:0x80009f78 x29:0x0000077d x23=0x80009805
       10685000	      1067	80004dd4	017e2fb3	slt	x31,x28,x23	 x28:0x8b2e5d60 x23:0x80009805 x31=0x00000000
       10695000	      1068	80004dd8	2cd68ea3	sb	x13,733(x13)	 x13:0x80008ce4 x13:0x80008ce4 PA:0x80008fc1
       10705000	      1069	80004ddc	00b20333	add	x6,x4,x11	  x4:0x106a17d4 x11:0x00000000  x6=0x106a17d4
       10715000	      1070	80004de0	0f469783	lh	x15,244(x13)	 x13:0x80008ce4 x15=0x00000000 PA:0x80008dd8
       10725000	      1071	80004de4	27669283	lh	x5,630(x13)	 x13:0x80008ce4  x5=0x00000000 PA:0x80008f5a
       10735000	      1072	80004de8	cf968023	sb	x25,-800(x13)	 x13:0x80008ce4 x25:0x00000000 PA:0x800089c4
       10745000	      1073	80004dec	9544aa93	slti	x21,x9,-1708	  x9:0x00000000 x21=0x00000000
       10755000	      1074	80004df0	e8068503	lb	x10,-384(x13)	 x13:0x80008ce4 x10=0x00000000 PA:0x80008b64
       10765000	      1075	80004df4	c26b2a17	auipc	x20,0xc26b2	 x20=0x426b6df0
       10775000	      1076	80004df8	09d6ce03	lbu	x28,157(x13)	 x13:0x80008ce4 x28=0x00000000 PA:0x80008d81
       10785000	      1077	80004dfc	dfd68ca3	sb	x29,-519(x13)	 x13:0x80008ce4 x29:0x0000077d PA:0x80008add
       10795000	      1078	80004e00	cb70f993	andi	x19,x1,-841	  x1:0x00000001 x19=0x00000001
       10805000	      1079	80004e04	0ed69b23	sh	x13,246(x13)	 x13:0x80008ce4 x13:0x80008ce4 PA:0x80008dda
       10815000	      1080	80004e08	dee68e23	sb	x14,-516(x13)	 x13:0x80008ce4 x14:0x00000000 PA:0x80008ae0
       10825000	      1081	80004e0c	69a88337	lui	x6,0x69a88	  x6=0x69a88000
       10835000	      1082	80004e10	26469223	sh	x4,612(x13)	 x13:0x80008ce4  x4:0x106a17d4 PA:0x80008f48
       10845000	      1083	80004e14	00321e93	slli	x29,x4,0x3	  x4:0x106a17d4 x29=0x8350bea0
       10855000	      1084	80004e18	c2768103	lb	x2,-985(x13)	 x13:0x80008ce4  x2=0x00000000 PA:0x8000890b
       10865000	      1085	80004e1c	00004b97	auipc	x23,0x4	 x23=0x80008e18
       10875000	      1086	80004e20	f6fb8b93	addi	x23,x23,-145	 x23:0x80008e18 x23=0x80008d87
       10885000	      1087	80004e24	00000013	addi	x0,x0,0	  x0:0x00000000
       10895000	      1088	80004e28	410a8133	sub	x2,x21,x16	 x21:0x00000000 x16:0x00000000  x2=0x00000000
       10905000	      1089	80004e2c	f2abc583	lbu	x11,-214(x23)	 x23:0x80008d87 x11=0x00000000 PA:0x80008cb1
       10915000	      1090	80004e30	09abce83	lbu	x29,154(x23)	 x23:0x80008d87 x29=0x00000000 PA:0x80008e21
       10925000	      1091	80004e34	07fb90a3	sh	x31,97(x23)	 x23:0x80008d87 x31:0x00000000 PA:0x80008de8
       10935000	      1092	80004e38	059b9da3	sh	x25,91(x23)	 x23:0x80008d87 x25:0x00000000 PA:0x80008de2
       10945000	      1093	80004e3c	001140b3	xor	x1,x2,x1	  x2:0x00000000  x1:0x00000001  x1=0x00000001
       10955000	      1094	80004e40	01132ab3	slt	x21,x6,x17	  x6:0x69a88000 x17:0x8000840c x21=0x00000000
       10965000	      1095	80004e44	f99b8123	sb	x25,-126(x23)	 x23:0x80008d87 x25:0x00000000 PA:0x80008d09
       10975000	      1096	80004e48	f77b8223	sb	x23,-156(x23)	 x23:0x80008d87 x23:0x80008d87 PA:0x80008ceb
       10985000	      1097	80004e4c	015e51b3	srl	x3,x28,x21	 x28:0x00000000 x21:0x00000000  x3=0x00000000
       10995000	      1098	80004e50	01056433	or	x8,x10,x16	 x10:0x00000000 x16:0x00000000  x8=0x00000000
       11005000	      1099	80004e54	f39b9c03	lh	x24,-199(x23)	 x23:0x80008d87 x24=0x00000000 PA:0x80008cc0
       11015000	      1100	80004e58	f5ab8783	lb	x15,-166(x23)	 x23:0x80008d87 x15=0x00000000 PA:0x80008ce1
       11025000	      1101	80004e5c	067bda03	lhu	x20,103(x23)	 x23:0x80008d87 x20=0x00000000 PA:0x80008dee
       11035000	      1102	80004e60	004f85b3	add	x11,x31,x4	 x31:0x00000000  x4:0x106a17d4 x11=0x106a17d4
       11045000	      1103	80004e64	0012c233	xor	x4,x5,x1	  x5:0x00000000  x1:0x00000001  x4=0x00000001
       11055000	      1104	80004e68	08e32f93	slti	x31,x6,142	  x6:0x69a88000 x31=0x00000000
       11065000	      1105	80004e6c	00000013	addi	x0,x0,0	  x0:0x00000000
       11075000	      1106	80004e70	01fe62b3	or	x5,x28,x31	 x28:0x00000000 x31:0x00000000  x5=0x00000000
       11085000	      1107	80004e74	0beb9fa3	sh	x30,191(x23)	 x23:0x80008d87 x30:0x80009f78 PA:0x80008e46
       11095000	      1108	80004e78	f42b8b23	sb	x2,-170(x23)	 x23:0x80008d87  x2:0x00000000 PA:0x80008cdd
       11105000	      1109	80004e7c	f1cb8c03	lb	x24,-228(x23)	 x23:0x80008d87 x24=0x00000000 PA:0x80008ca3
       11115000	      1110	80004e80	01793233	sltu	x4,x18,x23	 x18:0x00000000 x23:0x80008d87  x4=0x00000001
       11125000	      1111	80004e84	f37b8783	lb	x15,-201(x23)	 x23:0x80008d87 x15=0x00000000 PA:0x80008cbe
       11135000	      1112	80004e88	401a5413	srai	x8,x20,0x1	 x20:0x00000000  x8=0x00000000
       11145000	      1113	80004e8c	034b8e83	lb	x29,52(x23)	 x23:0x80008d87 x29=0x00000000 PA:0x80008dbb
       11155000	      1114	80004e90	01100233	add	x4,x0,x17	  x0:0x00000000 x17:0x8000840c  x4=0x8000840c
       11165000	      1115	80004e94	ea798993	addi	x19,x19,-345	 x19:0x00000001 x19=0xfffffea8
       11175000	      1116	80004e98	0efb8583	lb	x11,239(x23)	 x23:0x80008d87 x11=0x00000000 PA:0x80008e76
       11185000	      1117	80004e9c	4101d4b3	sra	x9,x3,x16	  x3:0x00000000 x16:0x00000000  x9=0x00000000
       11195000	      1118	80004ea0	042bc283	lbu	x5,66(x23)	 x23:0x80008d87  x5=0x00000000 PA:0x80008dc9
       11205000	      1119	80004ea4	0cbbda03	lhu	x20,203(x23)	 x23:0x80008d87 x20=0x00000000 PA:0x80008e52
       11215000	      1120	80004ea8	412f5233	sra	x4,x30,x18	 x30:0x80009f78 x18:0x00000000  x4=0x80009f78
       11225000	      1121	80004eac	00b02333	slt	x6,x0,x11	  x0:0x00000000 x11:0x00000000  x6=0x00000000
       11235000	      1122	80004eb0	1540f493	andi	x9,x1,340	  x1:0x00000001  x9=0x00000000
       11245000	      1123	80004eb4	401b57b3	sra	x15,x22,x1	 x22:0x80009fc4  x1:0x00000001 x15=0xc0004fe2
       11255000	      1124	80004eb8	e5232793	slti	x15,x6,-430	  x6:0x00000000 x15=0x00000000
       11265000	      1125	80004ebc	36c74e37	lui	x28,0x36c74	 x28=0x36c74000
       11275000	      1126	80004ec0	c6e08f97	auipc	x31,0xc6e08	 x31=0x46e0cebc
       11285000	      1127	80004ec4	f2eb8983	lb	x19,-210(x23)	 x23:0x80008d87 x19=0x00000000 PA:0x80008cb5
       11295000	      1128	80004ec8	018333b3	sltu	x7,x6,x24	  x6:0x00000000 x24:0x00000000  x7=0x00000000
       11305000	      1129	80004ecc	0cfbd183	lhu	x3,207(x23)	 x23:0x80008d87  x3=0x00000000 PA:0x80008e56
       11315000	      1130	80004ed0	05d33593	sltiu	x11,x6,93	  x6:0x00000000 x11=0x00000001
       11325000	      1131	80004ed4	01dc32b3	sltu	x5,x24,x29	 x24:0x00000000 x29:0x00000000  x5=0x00000000
       11335000	      1132	80004ed8	2a6ff593	andi	x11,x31,678	 x31:0x46e0cebc x11=0x000002a4
       11345000	      1133	80004edc	685abd13	sltiu	x26,x21,1669	 x21:0x00000000 x26=0x00000001
       11355000	      1134	80004ee0	0b8b8883	lb	x17,184(x23)	 x23:0x80008d87 x17=0x00000000 PA:0x80008e3f
       11365000	      1135	80004ee4	0a7ba8a3	sw	x7,177(x23)	 x23:0x80008d87  x7:0x00000000 PA:0x80008e38
       11375000	      1136	80004ee8	f7fb8e83	lb	x29,-129(x23)	 x23:0x80008d87 x29=0x00000000 PA:0x80008d06
       11385000	      1137	80004eec	068b8d03	lb	x26,104(x23)	 x23:0x80008d87 x26=0x00000000 PA:0x80008def
       11395000	      1138	80004ef0	d2c88993	addi	x19,x17,-724	 x17:0x00000000 x19=0xfffffd2c
       11405000	      1139	80004ef4	ea976497	auipc	x9,0xea976	  x9=0x6a97aef0
       11415000	      1140	80004ef8	f13b8623	sb	x19,-244(x23)	 x23:0x80008d87 x19:0xfffffd2c PA:0x80008c93
       11425000	      1141	80004efc	f48b8983	lb	x19,-184(x23)	 x23:0x80008d87 x19=0x00000000 PA:0x80008ccf
       11435000	      1142	80004f00	00003317	auipc	x6,0x3	  x6=0x80007efc
       11445000	      1143	80004f04	4fa30313	addi	x6,x6,1274	  x6:0x80007efc  x6=0x800083f6
       11455000	      1144	80004f08	416e8233	sub	x4,x29,x22	 x29:0x00000000 x22:0x80009fc4  x4=0x7fff603c
       11465000	      1145	80004f0c	1a730583	lb	x11,423(x6)	  x6:0x800083f6 x11=0x00000000 PA:0x8000859d
       11475000	      1146	80004f10	ee830ea3	sb	x8,-259(x6)	  x6:0x800083f6  x8:0x00000000 PA:0x800082f3
       11485000	      1147	80004f14	ca830223	sb	x8,-860(x6)	  x6:0x800083f6  x8:0x00000000 PA:0x8000809a
       11495000	      1148	80004f18	39c31883	lh	x17,924(x6)	  x6:0x800083f6 x17=0x00000000 PA:0x80008792
       11505000	      1149	80004f1c	38a30ba3	sb	x10,919(x6)	  x6:0x800083f6 x10:0x00000000 PA:0x8000878d
       11515000	      1150	80004f20	0bf31b23	sh	x31,182(x6)	  x6:0x800083f6 x31:0x46e0cebc PA:0x800084ac
       11525000	      1151	80004f24	014ece33	xor	x28,x29,x20	 x29:0x00000000 x20:0x00000000 x28=0x00000000
       11535000	      1152	80004f28	41ac8633	sub	x12,x25,x26	 x25:0x00000000 x26:0x00000000 x12=0x00000000
       11545000	      1153	80004f2c	2d730683	lb	x13,727(x6)	  x6:0x800083f6 x13=0x00000000 PA:0x800086cd
       11555000	      1154	00000000	00000013	addi	x0,x0,0	  x0:0x00000000
       11565000	      1155	80004f30	c8d30a83	lb	x21,-883(x6)	  x6:0x800083f6 x21=0x00000000 PA:0x80008083
       11575000	      1156	80004f34	01cde0b3	or	x1,x27,x28	 x27:0x00000000 x28:0x00000000  x1=0x00000000
       11585000	      1157	80004f38	1ef34603	lbu	x12,495(x6)	  x6:0x800083f6 x12=0x00000000 PA:0x800085e5
       11595000	      1158	80004f3c	24d31c23	sh	x13,600(x6)	  x6:0x800083f6 x13:0x00000000 PA:0x8000864e
       11605000	      1159	80004f40	fe435d83	lhu	x27,-28(x6)	  x6:0x800083f6 x27=0x00000000 PA:0x800083da
       11615000	      1160	80004f44	8c3c9497	auipc	x9,0x8c3c9	  x9=0x0c3cdf40
       11625000	      1161	80004f48	40b25793	srai	x15,x4,0xb	  x4:0x7fff603c x15=0x000fffec
       11635000	      1162	80004f4c	27835683	lhu	x13,632(x6)	  x6:0x800083f6 x13=0x00000000 PA:0x8000866e
       11645000	      1163	80004f50	d7d31323	sh	x29,-666(x6)	  x6:0x800083f6 x29:0x00000000 PA:0x8000815c
       11655000	      1164	80004f54	3a330903	lb	x18,931(x6)	  x6:0x800083f6 x18=0x00000000 PA:0x80008799
       11665000	      1165	80004f58	002cd3b3	srl	x7,x25,x2	 x25:0x00000000  x2:0x00000000  x7=0x00000000
       11675000	      1166	80004f5c	ea830b83	lb	x23,-344(x6)	  x6:0x800083f6 x23=0x00000000 PA:0x8000829e
       11685000	      1167	80004f60	6732b097	auipc	x1,0x6732b	  x1=0xe732ff5c
       11695000	      1168	80004f64	40848733	sub	x14,x9,x8	  x9:0x0c3cdf40  x8:0x00000000 x14=0x0c3cdf40
       11705000	      1169	80004f68	d3632603	lw	x12,-714(x6)	  x6:0x800083f6 x12=0x00000000 PA:0x8000812c
       11715000	      1170	80004f6c	eea31623	sh	x10,-276(x6)	  x6:0x800083f6 x10:0x00000000 PA:0x800082e2
       11725000	      1171	80004f70	3ee35f83	lhu	x31,1006(x6)	  x6:0x800083f6 x31=0x00000000 PA:0x800087e4
       11735000	      1172	80004f74	41a75013	srai	x0,x14,0x1a	 x14:0x0c3cdf40
       11745000	      1173	80004f78	e0c31e83	lh	x29,-500(x6)	  x6:0x800083f6 x29=0x00000000 PA:0x80008202
       11755000	      1174	80004f7c	0b530003	lb	x0,181(x6)	  x6:0x800083f6 PA:0x800084ab
       11765000	      1175	80004f80	eed31c23	sh	x13,-264(x6)	  x6:0x800083f6 x13:0x00000000 PA:0x800082ee
       11775000	      1176	80004f84	2d031223	sh	x16,708(x6)	  x6:0x800083f6 x16:0x00000000 PA:0x800086ba
       11785000	      1177	80004f88	dba30a83	lb	x21,-582(x6)	  x6:0x800083f6 x21=0x00000000 PA:0x800081b0
       11795000	      1178	80004f8c	c6434903	lbu	x18,-924(x6)	  x6:0x800083f6 x18=0x00000000 PA:0x8000805a
       11805000	      1179	80004f90	951988b7	lui	x17,0x95198	 x17=0x95198000
       11815000	      1180	80004f94	ce334d83	lbu	x27,-797(x6)	  x6:0x800083f6 x27=0x00000000 PA:0x800080d9
       11825000	      1181	80004f98	0e435903	lhu	x18,228(x6)	  x6:0x800083f6 x18=0x00000000 PA:0x800084da
       11835000	      1182	80004f9c	00235483	lhu	x9,2(x6)	  x6:0x800083f6  x9=0x00000000 PA:0x800083f8
       11845000	      1183	80004fa0	40c808b3	sub	x17,x16,x12	 x16:0x00000000 x12:0x00000000 x17=0x00000000
       11855000	      1184	80004fa4	0bc31e23	sh	x28,188(x6)	  x6:0x800083f6 x28:0x00000000 PA:0x800084b2
       11865000	      1185	80004fa8	f46307a3	sb	x6,-177(x6)	  x6:0x800083f6  x6:0x800083f6 PA:0x80008345
       11875000	      1186	80004fac	0f030f23	sb	x16,254(x6)	  x6:0x800083f6 x16:0x00000000 PA:0x800084f4
       11885000	      1187	80004fb0	00004497	auipc	x9,0x4	  x9=0x80008fac
       11895000	      1188	80004fb4	be948493	addi	x9,x9,-1047	  x9:0x80008fac  x9=0x80008b95
       11905000	      1189	80004fb8	dfc4c303	lbu	x6,-516(x9)	  x9:0x80008b95  x6=0x00000000 PA:0x80008991
       11915000	      1190	80004fbc	002c8733	add	x14,x25,x2	 x25:0x00000000  x2:0x00000000 x14=0x00000000
       11925000	      1191	80004fc0	2a8496a3	sh	x8,685(x9)	  x9:0x80008b95  x8:0x00000000 PA:0x80008e42
       11935000	      1192	80004fc4	ee14c303	lbu	x6,-287(x9)	  x9:0x80008b95  x6=0x00000000 PA:0x80008a76
       11945000	      1193	00000000	00000013	addi	x0,x0,0	  x0:0x00000000
       11955000	      1194	80004fc8	003367b3	or	x15,x6,x3	  x6:0x00000000  x3:0x00000000 x15=0x00000000
       11965000	      1195	80004fcc	9b846013	ori	x0,x8,-1608	  x8:0x00000000
       11975000	      1196	80004fd0	00000013	addi	x0,x0,0	  x0:0x00000000
       11985000	      1197	80004fd4	3a44c083	lbu	x1,932(x9)	  x9:0x80008b95  x1=0x00000000 PA:0x80008f39
       11995000	      1198	80004fd8	408256b3	sra	x13,x4,x8	  x4:0x7fff603c  x8:0x00000000 x13=0x7fff603c
       12005000	      1199	80004fdc	f1b49903	lh	x18,-229(x9)	  x9:0x80008b95 x18=0x00000000 PA:0x80008ab0
       12015000	      1200	80004fe0	db948583	lb	x11,-583(x9)	  x9:0x80008b95 x11=0x00000000 PA:0x8000894e
       12025000	      1201	80004fe4	1604c883	lbu	x17,352(x9)	  x9:0x80008b95 x17=0x00000000 PA:0x80008cf5
       12035000	      1202	80004fe8	7f7b2b93	slti	x23,x22,2039	 x22:0x80009fc4 x23=0x00000001
       12045000	      1203	80004fec	ed5481a3	sb	x21,-317(x9)	  x9:0x80008b95 x21:0x00000000 PA:0x80008a58
       12055000	      1204	80004ff0	43e48283	lb	x5,1086(x9)	  x9:0x80008b95  x5=0x00000000 PA:0x80008fd3
       12065000	      1205	80004ff4	21a56eb7	lui	x29,0x21a56	 x29=0x21a56000
       12075000	      1206	80004ff8	9cc7fe17	auipc	x28,0x9cc7f	 x28=0x1cc83ff4
       12085000	      1207	80004ffc	f734c783	lbu	x15,-141(x9)	  x9:0x80008b95 x15=0x00000000 PA:0x80008b08
       12095000	      1208	80005000	41608233	sub	x4,x1,x22	  x1:0x00000000 x22:0x80009fc4  x4=0x7fff603c
       12105000	      1209	80005004	0b949a83	lh	x21,185(x9)	  x9:0x80008b95 x21=0x00000000 PA:0x80008c4e
       12115000	      1210	80005008	3184ca83	lbu	x21,792(x9)	  x9:0x80008b95 x21=0x00000000 PA:0x80008ead
       12125000	      1211	8000500c	01cb4fb3	xor	x31,x22,x28	 x22:0x80009fc4 x28:0x1cc83ff4 x31=0x9cc8a030
       12135000	      1212	80005010	5fd9f893	andi	x17,x19,1533	 x19:0x00000000 x17=0x00000000
       12145000	      1213	80005014	22548a23	sb	x5,564(x9)	  x9:0x80008b95  x5:0x00000000 PA:0x80008dc9
       12155000	      1214	80005018	06a48323	sb	x10,102(x9)	  x9:0x80008b95 x10:0x00000000 PA:0x80008bfb
       12165000	      1215	8000501c	8fe9f393	andi	x7,x19,-1794	 x19:0x00000000  x7=0x00000000
       12175000	      1216	80005020	209e90b7	lui	x1,0x209e9	  x1=0x209e9000
       12185000	      1217	80005024	16d49703	lh	x14,365(x9)	  x9:0x80008b95 x14=0x00000000 PA:0x80008d02
       12195000	      1218	80005028	30948983	lb	x19,777(x9)	  x9:0x80008b95 x19=0x00000000 PA:0x80008e9e
       12205000	      1219	8000502c	e234a3a3	sw	x3,-473(x9)	  x9:0x80008b95  x3:0x00000000 PA:0x800089bc
       12215000	      1220	80005030	2cf496a3	sh	x15,717(x9)	  x9:0x80008b95 x15:0x00000000 PA:0x80008e62
       12225000	      1221	80005034	05848f23	sb	x24,94(x9)	  x9:0x80008b95 x24:0x00000000 PA:0x80008bf3
       12235000	      1222	80005038	0fd56e13	ori	x28,x10,253	 x10:0x00000000 x28=0x000000fd
       12245000	      1223	8000503c	13948303	lb	x6,313(x9)	  x9:0x80008b95  x6=0x00000000 PA:0x80008cce
       12255000	      1224	80005040	100b8c17	auipc	x24,0x100b8	 x24=0x900bd03c
       12265000	      1225	80005044	41eddfb3	sra	x31,x27,x30	 x27:0x00000000 x30:0x80009f78 x31=0x00000000
       12275000	      1226	80005048	cf34c083	lbu	x1,-781(x9)	  x9:0x80008b95  x1=0x00000000 PA:0x80008888
       12285000	      1227	8000504c	11f4d703	lhu	x14,287(x9)	  x9:0x80008b95 x14=0x00000000 PA:0x80008cb4
       12295000	      1228	80005050	005fc3b3	xor	x7,x31,x5	 x31:0x00000000  x5:0x00000000  x7=0x00000000
       12305000	      1229	80005054	1f149103	lh	x2,497(x9)	  x9:0x80008b95  x2=0x00000000 PA:0x80008d86
       12315000	      1230	80005058	00003e17	auipc	x28,0x3	 x28=0x80008054
       12325000	      1231	8000505c	23ce0e13	addi	x28,x28,572	 x28:0x80008054 x28=0x80008290
       12335000	      1232	80005060	094e0ea3	sb	x20,157(x28)	 x28:0x80008290 x20:0x00000000 PA:0x8000832d
       12345000	      1233	80005064	903d3713	sltiu	x14,x26,-1789	 x26:0x00000000 x14=0x00000001
       12355000	      1234	80005068	f94e2503	lw	x10,-108(x28)	 x28:0x80008290 x10=0x00000000 PA:0x80008224
       12365000	      1235	8000506c	00f162b3	or	x5,x2,x15	  x2:0x00000000 x15:0x00000000  x5=0x00000000
       12375000	      1236	80005070	fbce5403	lhu	x8,-68(x28)	 x28:0x80008290  x8=0x00000000 PA:0x8000824c
       12385000	      1237	80005074	40afd033	sra	x0,x31,x10	 x31:0x00000000 x10:0x00000000
       12395000	      1238	80005078	f9ae5103	lhu	x2,-102(x28)	 x28:0x80008290  x2=0x00000000 PA:0x8000822a
       12405000	      1239	8000507c	41d0d3b3	sra	x7,x1,x29	  x1:0x00000000 x29:0x21a56000  x7=0x00000000
       12415000	      1240	80005080	008606b3	add	x13,x12,x8	 x12:0x00000000  x8:0x00000000 x13=0x00000000
       12425000	      1241	80005084	04b68413	addi	x8,x13,75	 x13:0x00000000  x8=0x0000004b
       12435000	      1242	80005088	63df6293	ori	x5,x30,1597	 x30:0x80009f78  x5=0x80009f7d
       12445000	      1243	8000508c	0e5e0d03	lb	x26,229(x28)	 x28:0x80008290 x26=0x00000000 PA:0x80008375
       12455000	      1244	80005090	092e1a03	lh	x20,146(x28)	 x28:0x80008290 x20=0x00000000 PA:0x80008322
       12465000	      1245	80005094	ffbe0783	lb	x15,-5(x28)	 x28:0x80008290 x15=0x00000000 PA:0x8000828b
       12475000	      1246	80005098	09ae07a3	sb	x26,143(x28)	 x28:0x80008290 x26:0x00000000 PA:0x8000831f
       12485000	      1247	8000509c	02fe4583	lbu	x11,47(x28)	 x28:0x80008290 x11=0x00000000 PA:0x800082bf
       12495000	      1248	800050a0	68f36313	ori	x6,x6,1679	  x6:0x00000000  x6=0x0000068f
       12505000	      1249	800050a4	412cdc93	srai	x25,x25,0x12	 x25:0x00000000 x25=0x00000000
       12515000	      1250	800050a8	fd1e4983	lbu	x19,-47(x28)	 x28:0x80008290 x19=0x00000000 PA:0x80008261
       12525000	      1251	800050ac	0146d613	srli	x12,x13,0x14	 x13:0x00000000 x12=0x00000000
       12535000	      1252	800050b0	0ede0703	lb	x14,237(x28)	 x28:0x80008290 x14=0x00000000 PA:0x8000837d
       12545000	      1253	800050b4	00fe4083	lbu	x1,15(x28)	 x28:0x80008290  x1=0x00000000 PA:0x8000829f
       12555000	      1254	800050b8	011f52b3	srl	x5,x30,x17	 x30:0x80009f78 x17:0x00000000  x5=0x80009f78
       12565000	      1255	800050bc	087e4683	lbu	x13,135(x28)	 x28:0x80008290 x13=0x00000000 PA:0x80008317
       12575000	      1256	800050c0	f7ae0fa3	sb	x26,-129(x28)	 x28:0x80008290 x26:0x00000000 PA:0x8000820f
       12585000	      1257	800050c4	00efd333	srl	x6,x31,x14	 x31:0x00000000 x14:0x00000000  x6=0x00000000
       12595000	      1258	800050c8	cc924413	xori	x8,x4,-823	  x4:0x7fff603c  x8=0x80009cf5
       12605000	      1259	800050cc	ffae02a3	sb	x26,-27(x28)	 x28:0x80008290 x26:0x00000000 PA:0x80008275
       12615000	      1260	800050d0	410d8c33	sub	x24,x27,x16	 x27:0x00000000 x16:0x00000000 x24=0x00000000
       12625000	      1261	800050d4	fb4e03a3	sb	x20,-89(x28)	 x28:0x80008290 x20:0x00000000 PA:0x80008237
       12635000	      1262	800050d8	f6ee1d03	lh	x26,-146(x28)	 x28:0x80008290 x26=0x00000000 PA:0x800081fe
       12645000	      1263	800050dc	41020733	sub	x14,x4,x16	  x4:0x7fff603c x16:0x00000000 x14=0x7fff603c
       12655000	      1264	800050e0	01bae3b3	or	x7,x21,x27	 x21:0x00000000 x27:0x00000000  x7=0x00000000
       12665000	      1265	800050e4	fb0e0623	sb	x16,-84(x28)	 x28:0x80008290 x16:0x00000000 PA:0x8000823c
       12675000	      1266	800050e8	00f10733	add	x14,x2,x15	  x2:0x00000000 x15:0x00000000 x14=0x00000000
       12685000	      1267	800050ec	0a9e4283	lbu	x5,169(x28)	 x28:0x80008290  x5=0x00000000 PA:0x80008339
       12695000	      1268	800050f0	06de0b83	lb	x23,109(x28)	 x28:0x80008290 x23=0x00000000 PA:0x800082fd
       12705000	      1269	800050f4	05ae5d03	lhu	x26,90(x28)	 x28:0x80008290 x26=0x00000000 PA:0x800082ea
       12715000	      1270	800050f8	057e0783	lb	x15,87(x28)	 x28:0x80008290 x15=0x00000000 PA:0x800082e7
       12725000	      1271	800050fc	00004117	auipc	x2,0x4	  x2=0x800090f8
       12735000	      1272	80005100	9f110113	addi	x2,x2,-1551	  x2:0x800090f8  x2=0x80008ae9
       12745000	      1273	80005104	fc2110a3	sh	x2,-63(x2)	  x2:0x80008ae9  x2:0x80008ae9 PA:0x80008aaa
       12755000	      1274	80005108	01d346b3	xor	x13,x6,x29	  x6:0x00000000 x29:0x21a56000 x13=0x21a56000
       12765000	      1275	8000510c	10a4ad13	slti	x26,x9,266	  x9:0x80008b95 x26=0x00000001
       12775000	      1276	80005110	41190a33	sub	x20,x18,x17	 x18:0x00000000 x17:0x00000000 x20=0x00000000
       12785000	      1277	80005114	418ddc13	srai	x24,x27,0x18	 x27:0x00000000 x24=0x00000000
       12795000	      1278	80005118	418e0633	sub	x12,x28,x24	 x28:0x80008290 x24:0x00000000 x12=0x80008290
       12805000	      1279	8000511c	081b8cb7	lui	x25,0x81b8	 x25=0x081b8000
       12815000	      1280	80005120	57aee493	ori	x9,x29,1402	 x29:0x21a56000  x9=0x21a5657a
       12825000	      1281	80005124	0c62b8b7	lui	x17,0xc62b	 x17=0x0c62b000
       12835000	      1282	80005128	03814583	lbu	x11,56(x2)	  x2:0x80008ae9 x11=0x00000000 PA:0x80008b21
       12845000	      1283	8000512c	fd911183	lh	x3,-39(x2)	  x2:0x80008ae9  x3=0x00000000 PA:0x80008ac2
       12855000	      1284	80005130	005112a3	sh	x5,5(x2)	  x2:0x80008ae9  x5:0x00000000 PA:0x80008aee
       12865000	      1285	80005134	fe510323	sb	x5,-26(x2)	  x2:0x80008ae9  x5:0x00000000 PA:0x80008acf
       12875000	      1286	80005138	017fefb3	or	x31,x31,x23	 x31:0x00000000 x23:0x00000000 x31=0x00000000
       12885000	      1287	8000513c	405fd193	srai	x3,x31,0x5	 x31:0x00000000  x3=0x00000000
       12895000	      1288	80005140	01202eb3	slt	x29,x0,x18	  x0:0x00000000 x18:0x00000000 x29=0x00000000
       12905000	      1289	80005144	01f45e33	srl	x28,x8,x31	  x8:0x80009cf5 x31:0x00000000 x28=0x80009cf5
       12915000	      1290	80005148	03110c03	lb	x24,49(x2)	  x2:0x80008ae9 x24=0x00000000 PA:0x80008b1a
       12925000	      1291	8000514c	ff614f83	lbu	x31,-10(x2)	  x2:0x80008ae9 x31=0x00000000 PA:0x80008adf
       12935000	      1292	80005150	02e10b23	sb	x14,54(x2)	  x2:0x80008ae9 x14:0x00000000 PA:0x80008b1f
       12945000	      1293	80005154	00000013	addi	x0,x0,0	  x0:0x00000000
       12955000	      1294	80005158	029121a3	sw	x9,35(x2)	  x2:0x80008ae9  x9:0x21a5657a PA:0x80008b0c
       12965000	      1295	8000515c	00e13eb3	sltu	x29,x2,x14	  x2:0x80008ae9 x14:0x00000000 x29=0x00000000
       12975000	      1296	80005160	40325bb3	sra	x23,x4,x3	  x4:0x7fff603c  x3:0x00000000 x23=0x7fff603c
       12985000	      1297	80005164	b6a78e93	addi	x29,x15,-1174	 x15:0x00000000 x29=0xfffffb6a
       12995000	      1298	80005168	009edd13	srli	x26,x29,0x9	 x29:0xfffffb6a x26=0x007ffffd
       13005000	      1299	8000516c	fdf10c23	sb	x31,-40(x2)	  x2:0x80008ae9 x31:0x00000000 PA:0x80008ac1
       13015000	      1300	80005170	01b6c9b3	xor	x19,x13,x27	 x13:0x21a56000 x27:0x00000000 x19=0x21a56000
       13025000	      1301	80005174	02e10083	lb	x1,46(x2)	  x2:0x80008ae9  x1=0x00000000 PA:0x80008b17
       13035000	      1302	80005178	00610383	lb	x7,6(x2)	  x2:0x80008ae9  x7=0x00000000 PA:0x80008aef
       13045000	      1303	8000517c	00a65c93	srli	x25,x12,0xa	 x12:0x80008290 x25=0x00200020
       13055000	      1304	80005180	01590633	add	x12,x18,x21	 x18:0x00000000 x21:0x00000000 x12=0x00000000
       13065000	      1305	80005184	003950b3	srl	x1,x18,x3	 x18:0x00000000  x3:0x00000000  x1=0x00000000
       13075000	      1306	80005188	017131b3	sltu	x3,x2,x23	  x2:0x80008ae9 x23:0x7fff603c  x3=0x00000000
       13085000	      1307	8000518c	03887a13	andi	x20,x16,56	 x16:0x00000000 x20=0x00000000
       13095000	      1308	80005190	016caab3	slt	x21,x25,x22	 x25:0x00200020 x22:0x80009fc4 x21=0x00000000
       13105000	      1309	80005194	00ade633	or	x12,x27,x10	 x27:0x00000000 x10:0x00000000 x12=0x00000000
       13115000	      1310	80005198	014123a3	sw	x20,7(x2)	  x2:0x80008ae9 x20:0x00000000 PA:0x80008af0
       13125000	      1311	8000519c	00000013	addi	x0,x0,0	  x0:0x00000000
       13135000	      1312	800051a0	fe310723	sb	x3,-18(x2)	  x2:0x80008ae9  x3:0x00000000 PA:0x80008ad7
       13145000	      1313	800051a4	00004117	auipc	x2,0x4	  x2=0x800091a0
       13155000	      1314	800051a8	c1810113	addi	x2,x2,-1000	  x2:0x800091a0  x2=0x80008db8
       13165000	      1315	800051ac	fe811003	lh	x0,-24(x2)	  x2:0x80008db8 PA:0x80008da0
       13175000	      1316	800051b0	ff711423	sh	x23,-24(x2)	  x2:0x80008db8 x23:0x7fff603c PA:0x80008da0
       13185000	      1317	800051b4	a24ebc93	sltiu	x25,x29,-1500	 x29:0xfffffb6a x25=0x00000000
       13195000	      1318	800051b8	fd011983	lh	x19,-48(x2)	  x2:0x80008db8 x19=0x00000000 PA:0x80008d88
       13205000	      1319	800051bc	07736493	ori	x9,x6,119	  x6:0x00000000  x9=0x00000077
       13215000	      1320	800051c0	401d5a33	sra	x20,x26,x1	 x26:0x007ffffd  x1:0x00000000 x20=0x007ffffd
       13225000	      1321	800051c4	00402ab3	slt	x21,x0,x4	  x0:0x00000000  x4:0x7fff603c x21=0x00000001
       13235000	      1322	800051c8	ff610383	lb	x7,-10(x2)	  x2:0x80008db8  x7=0x00000000 PA:0x80008dae
       13245000	      1323	800051cc	01f10a83	lb	x21,31(x2)	  x2:0x80008db8 x21=0x00000000 PA:0x80008dd7
       13255000	      1324	800051d0	00810f23	sb	x8,30(x2)	  x2:0x80008db8  x8:0x80009cf5 PA:0x80008dd6
       13265000	      1325	800051d4	002d5f93	srli	x31,x26,0x2	 x26:0x007ffffd x31=0x001fffff
       13275000	      1326	800051d8	406b5533	sra	x10,x22,x6	 x22:0x80009fc4  x6:0x00000000 x10=0x80009fc4
       13285000	      1327	800051dc	fc214403	lbu	x8,-62(x2)	  x2:0x80008db8  x8=0x00000000 PA:0x80008d7a
       13295000	      1328	800051e0	41288333	sub	x6,x17,x18	 x17:0x0c62b000 x18:0x00000000  x6=0x0c62b000
       13305000	      1329	800051e4	ffe11b83	lh	x23,-2(x2)	  x2:0x80008db8 x23=0x00000000 PA:0x80008db6
       13315000	      1330	800051e8	f48158b7	lui	x17,0xf4815	 x17=0xf4815000
       13325000	      1331	800051ec	415783b3	sub	x7,x15,x21	 x15:0x00000000 x21:0x00000000  x7=0x00000000
       13335000	      1332	800051f0	02412d03	lw	x26,36(x2)	  x2:0x80008db8 x26=0x00000000 PA:0x80008ddc
       13345000	      1333	800051f4	fde15d03	lhu	x26,-34(x2)	  x2:0x80008db8 x26=0x00000000 PA:0x80008d96
       13355000	      1334	800051f8	01c2f2b3	and	x5,x5,x28	  x5:0x00000000 x28:0x80009cf5  x5=0x00000000
       13365000	      1335	800051fc	fcd10c83	lb	x25,-51(x2)	  x2:0x80008db8 x25=0x00000000 PA:0x80008d85
       13375000	      1336	80005200	018d4a33	xor	x20,x26,x24	 x26:0x00000000 x24:0x00000000 x20=0x00000000
       13385000	      1337	80005204	417f0033	sub	x0,x30,x23	 x30:0x80009f78 x23:0x00000000
       13395000	      1338	80005208	00b14303	lbu	x6,11(x2)	  x2:0x80008db8  x6=0x00000000 PA:0x80008dc3
       13405000	      1339	8000520c	00a3d433	srl	x8,x7,x10	  x7:0x00000000 x10:0x80009fc4  x8=0x00000000
       13415000	      1340	80005210	16c67393	andi	x7,x12,364	 x12:0x00000000  x7=0x00000000
       13425000	      1341	80005214	017ad313	srli	x6,x21,0x17	 x21:0x00000000  x6=0x00000000
       13435000	      1342	80005218	02a15403	lhu	x8,42(x2)	  x2:0x80008db8  x8=0x00000000 PA:0x80008de2
       13445000	      1343	8000521c	40fcd933	sra	x18,x25,x15	 x25:0x00000000 x15:0x00000000 x18=0x00000000
       13455000	      1344	80005220	00441713	slli	x14,x8,0x4	  x8:0x00000000 x14=0x00000000
       13465000	      1345	80005224	b1a82b93	slti	x23,x16,-1254	 x16:0x00000000 x23=0x00000000
       13475000	      1346	80005228	00250333	add	x6,x10,x2	 x10:0x80009fc4  x2:0x80008db8  x6=0x00012d7c
       13485000	      1347	8000522c	02b11923	sh	x11,50(x2)	  x2:0x80008db8 x11:0x00000000 PA:0x80008dea
       13495000	      1348	80005230	013f4c33	xor	x24,x30,x19	 x30:0x80009f78 x19:0x00000000 x24=0x80009f78
       13505000	      1349	80005234	ff710683	lb	x13,-9(x2)	  x2:0x80008db8 x13=0x00000000 PA:0x80008daf
       13515000	      1350	80005238	c1b3c7b7	lui	x15,0xc1b3c	 x15=0xc1b3c000
       13525000	      1351	8000523c	00c733b3	sltu	x7,x14,x12	 x14:0x00000000 x12:0x00000000  x7=0x00000000
       13535000	      1352	80005240	fd010ba3	sb	x16,-41(x2)	  x2:0x80008db8 x16:0x00000000 PA:0x80008d8f
       13545000	      1353	80005244	fdb12e23	sw	x27,-36(x2)	  x2:0x80008db8 x27:0x00000000 PA:0x80008d94
       13555000	      1354	80005248	02610183	lb	x3,38(x2)	  x2:0x80008db8  x3=0x00000000 PA:0x80008dde
       13565000	      1355	8000524c	007ddcb3	srl	x25,x27,x7	 x27:0x00000000  x7:0x00000000 x25=0x00000000
       13575000	      1356	80005250	0193ddb3	srl	x27,x7,x25	  x7:0x00000000 x25:0x00000000 x27=0x00000000
       13585000	      1357	80005254	fdc11823	sh	x28,-48(x2)	  x2:0x80008db8 x28:0x80009cf5 PA:0x80008d88
       13595000	      1358	80005258	00003517	auipc	x10,0x3	 x10=0x80008254
       13605000	      1359	8000525c	7c750513	addi	x10,x10,1991	 x10:0x80008254 x10=0x80008a1b
       13615000	      1360	80005260	e3b54103	lbu	x2,-453(x10)	 x10:0x80008a1b  x2=0x00000000 PA:0x80008856
       13625000	      1361	80005264	f3550223	sb	x21,-220(x10)	 x10:0x80008a1b x21:0x00000000 PA:0x8000893f
       13635000	      1362	80005268	ebf55483	lhu	x9,-321(x10)	 x10:0x80008a1b  x9=0x00000000 PA:0x800088da
       13645000	      1363	8000526c	3d650c03	lb	x24,982(x10)	 x10:0x80008a1b x24=0x00000000 PA:0x80008df1
       13655000	      1364	80005270	fbc50aa3	sb	x28,-75(x10)	 x10:0x80008a1b x28:0x80009cf5 PA:0x800089d0
       13665000	      1365	80005274	0e952003	lw	x0,233(x10)	 x10:0x80008a1b PA:0x80008b04
       13675000	      1366	80005278	3d926793	ori	x15,x4,985	  x4:0x7fff603c x15=0x7fff63fd
       13685000	      1367	8000527c	40455633	sra	x12,x10,x4	 x10:0x80008a1b  x4:0x7fff603c x12=0xfffffff8
       13695000	      1368	80005280	40b05bb3	sra	x23,x0,x11	  x0:0x00000000 x11:0x00000000 x23=0x00000000
       13705000	      1369	80005284	16e50f23	sb	x14,382(x10)	 x10:0x80008a1b x14:0x00000000 PA:0x80008b99
       13715000	      1370	80005288	4dcf4f93	xori	x31,x30,1244	 x30:0x80009f78 x31=0x80009ba4
       13725000	      1371	8000528c	00545593	srli	x11,x8,0x5	  x8:0x00000000 x11=0x00000000
       13735000	      1372	80005290	5b254d03	lbu	x26,1458(x10)	 x10:0x80008a1b x26=0x00000000 PA:0x80008fcd
       13745000	      1373	80005294	00300ab3	add	x21,x0,x3	  x0:0x00000000  x3:0x00000000 x21=0x00000000
       13755000	      1374	80005298	e34ef893	andi	x17,x29,-460	 x29:0xfffffb6a x17=0xfffffa20
       13765000	      1375	8000529c	4ab51e03	lh	x28,1195(x10)	 x10:0x80008a1b x28=0x00000000 PA:0x80008ec6
       13775000	      1376	800052a0	30e54c03	lbu	x24,782(x10)	 x10:0x80008a1b x24=0x00000000 PA:0x80008d29
       13785000	      1377	800052a4	aece6e13	ori	x28,x28,-1300	 x28:0x00000000 x28=0xfffffaec
       13795000	      1378	800052a8	f9950723	sb	x25,-114(x10)	 x10:0x80008a1b x25:0x00000000 PA:0x800089a9
       13805000	      1379	800052ac	0031dd33	srl	x26,x3,x3	  x3:0x00000000  x3:0x00000000 x26=0x00000000
       13815000	      1380	800052b0	e5250c23	sb	x18,-424(x10)	 x10:0x80008a1b x18:0x00000000 PA:0x80008873
       13825000	      1381	800052b4	f4750483	lb	x9,-185(x10)	 x10:0x80008a1b  x9=0x00000000 PA:0x80008962
       13835000	      1382	800052b8	2c351983	lh	x19,707(x10)	 x10:0x80008a1b x19=0x00000000 PA:0x80008cde
       13845000	      1383	00000000	00000013	addi	x0,x0,0	  x0:0x00000000
       13855000	      1384	800052bc	9e198293	addi	x5,x19,-1567	 x19:0x00000000  x5=0xfffff9e1
       13865000	      1385	800052c0	01335333	srl	x6,x6,x19	  x6:0x00012d7c x19:0x00000000  x6=0x00012d7c
       13875000	      1386	800052c4	8486c3b7	lui	x7,0x8486c	  x7=0x8486c000
       13885000	      1387	800052c8	0030c733	xor	x14,x1,x3	  x1:0x00000000  x3:0x00000000 x14=0x00000000
       13895000	      1388	800052cc	c8371e17	auipc	x28,0xc8371	 x28=0x483762c8
       13905000	      1389	800052d0	00f53c33	sltu	x24,x10,x15	 x10:0x80008a1b x15:0x7fff63fd x24=0x00000000
       13915000	      1390	800052d4	00000013	addi	x0,x0,0	  x0:0x00000000
       13925000	      1391	800052d8	2f054703	lbu	x14,752(x10)	 x10:0x80008a1b x14=0x00000000 PA:0x80008d0b
       13935000	      1392	800052dc	00a23bb3	sltu	x23,x4,x10	  x4:0x7fff603c x10:0x80008a1b x23=0x00000001
       13945000	      1393	800052e0	f4150203	lb	x4,-191(x10)	 x10:0x80008a1b  x4=0x00000000 PA:0x8000895c
       13955000	      1394	800052e4	41f387b3	sub	x15,x7,x31	  x7:0x8486c000 x31:0x80009ba4 x15=0x0486245c
       13965000	      1395	800052e8	00170433	add	x8,x14,x1	 x14:0x00000000  x1:0x00000000  x8=0x00000000
       13975000	      1396	800052ec	21955183	lhu	x3,537(x10)	 x10:0x80008a1b  x3=0x00000000 PA:0x80008c34
       13985000	      1397	800052f0	7eb54493	xori	x9,x10,2027	 x10:0x80008a1b  x9=0x80008df0
       13995000	      1398	800052f4	31f510a3	sh	x31,769(x10)	 x10:0x80008a1b x31:0x80009ba4 PA:0x80008d1c
       14005000	      1399	800052f8	f1f51c03	lh	x24,-225(x10)	 x10:0x80008a1b x24=0x00000000 PA:0x8000893a
       14015000	      1400	800052fc	00003517	auipc	x10,0x3	 x10=0x800082f8
       14025000	      1401	80005300	49050513	addi	x10,x10,1168	 x10:0x800082f8 x10=0x80008788
       14035000	      1402	80005304	40f95013	srai	x0,x18,0xf	 x18:0x00000000
       14045000	      1403	80005308	ff455c83	lhu	x25,-12(x10)	 x10:0x80008788 x25=0x00000000 PA:0x8000877c
       14055000	      1404	8000530c	934460b7	lui	x1,0x93446	  x1=0x93446000
       14065000	      1405	80005310	3a928d37	lui	x26,0x3a928	 x26=0x3a928000
       14075000	      1406	80005314	c394b113	sltiu	x2,x9,-967	  x9:0x80008df0  x2=0x00000001
       14085000	      1407	80005318	01b16fb3	or	x31,x2,x27	  x2:0x00000001 x27:0x00000000 x31=0x00000001
       14095000	      1408	8000531c	03850ea3	sb	x24,61(x10)	 x10:0x80008788 x24:0x00000000 PA:0x800087c5
       14105000	      1409	80005320	00b50b23	sb	x11,22(x10)	 x10:0x80008788 x11:0x00000000 PA:0x8000879e
       14115000	      1410	80005324	02e50c03	lb	x24,46(x10)	 x10:0x80008788 x24=0x00000000 PA:0x800087b6
       14125000	      1411	80005328	00954b83	lbu	x23,9(x10)	 x10:0x80008788 x23=0x00000000 PA:0x80008791
       14135000	      1412	8000532c	57a1fe93	andi	x29,x3,1402	  x3:0x00000000 x29=0x00000000
       14145000	      1413	80005330	00430eb3	add	x29,x6,x4	  x6:0x00012d7c  x4:0x00000000 x29=0x00012d7c
       14155000	      1414	80005334	ff054283	lbu	x5,-16(x10)	 x10:0x80008788  x5=0x00000000 PA:0x80008778
       14165000	      1415	80005338	01654683	lbu	x13,22(x10)	 x10:0x80008788 x13=0x00000000 PA:0x8000879e
       14175000	      1416	8000533c	6d94a793	slti	x15,x9,1753	  x9:0x80008df0 x15=0x00000001
       14185000	      1417	80005340	fe651f83	lh	x31,-26(x10)	 x10:0x80008788 x31=0x00000000 PA:0x8000876e
       14195000	      1418	80005344	fea54483	lbu	x9,-22(x10)	 x10:0x80008788  x9=0x00000000 PA:0x80008772
       14205000	      1419	80005348	00facfb3	xor	x31,x21,x15	 x21:0x00000000 x15:0x00000001 x31=0x00000001
       14215000	      1420	8000534c	fc3504a3	sb	x3,-55(x10)	 x10:0x80008788  x3:0x00000000 PA:0x80008751
       14225000	      1421	80005350	01ada333	slt	x6,x27,x26	 x27:0x00000000 x26:0x3a928000  x6=0x00000001
       14235000	      1422	80005354	fd150083	lb	x1,-47(x10)	 x10:0x80008788  x1=0x00000000 PA:0x80008759
       14245000	      1423	80005358	d3dd8c37	lui	x24,0xd3dd8	 x24=0xd3dd8000
       14255000	      1424	8000535c	01b50aa3	sb	x27,21(x10)	 x10:0x80008788 x27:0x00000000 PA:0x8000879d
       14265000	      1425	80005360	40dcd213	srai	x4,x25,0xd	 x25:0x00000000  x4=0x00000000
       14275000	      1426	80005364	00051b83	lh	x23,0(x10)	 x10:0x80008788 x23=0x00000000 PA:0x80008788
       14285000	      1427	80005368	40b754b3	sra	x9,x14,x11	 x14:0x00000000 x11:0x00000000  x9=0x00000000
       14295000	      1428	8000536c	ffb50323	sb	x27,-26(x10)	 x10:0x80008788 x27:0x00000000 PA:0x8000876e
       14305000	      1429	80005370	b5ddef93	ori	x31,x27,-1187	 x27:0x00000000 x31=0xfffffb5d
       14315000	      1430	80005374	003b7933	and	x18,x22,x3	 x22:0x80009fc4  x3:0x00000000 x18=0x00000000
       14325000	      1431	80005378	04751023	sh	x7,64(x10)	 x10:0x80008788  x7:0x8486c000 PA:0x800087c8
       14335000	      1432	8000537c	ff152623	sw	x17,-20(x10)	 x10:0x80008788 x17:0xfffffa20 PA:0x80008774
       14345000	      1433	80005380	001f26b3	slt	x13,x30,x1	 x30:0x80009f78  x1:0x00000000 x13=0x00000001
       14355000	      1434	80005384	01dfde33	srl	x28,x31,x29	 x31:0xfffffb5d x29:0x00012d7c x28=0x0000000f
       14365000	      1435	80005388	fc9501a3	sb	x9,-61(x10)	 x10:0x80008788  x9:0x00000000 PA:0x8000874b
       14375000	      1436	8000538c	02655b83	lhu	x23,38(x10)	 x10:0x80008788 x23=0x00000000 PA:0x800087ae
       14385000	      1437	00000000	00000013	addi	x0,x0,0	  x0:0x00000000
       14395000	      1438	80005390	01754d03	lbu	x26,23(x10)	 x10:0x80008788 x26=0x00000000 PA:0x8000879f
       14405000	      1439	80005394	6a5f4c17	auipc	x24,0x6a5f4	 x24=0xea5f9390
       14415000	      1440	80005398	fcb50083	lb	x1,-53(x10)	 x10:0x80008788  x1=0x00000000 PA:0x80008753
       14425000	      1441	8000539c	00a54003	lbu	x0,10(x10)	 x10:0x80008788 PA:0x80008792
       14435000	      1442	800053a0	fd455083	lhu	x1,-44(x10)	 x10:0x80008788  x1=0x00000000 PA:0x8000875c
       14445000	      1443	800053a4	fc851a03	lh	x20,-56(x10)	 x10:0x80008788 x20=0x00000000 PA:0x80008750
       14455000	      1444	800053a8	04252023	sw	x2,64(x10)	 x10:0x80008788  x2:0x00000001 PA:0x800087c8
       14465000	      1445	800053ac	03781063	bne	x16,x23,800053cc	 x16:0x00000000 x23:0x00000000
       14475000	      1446	800053b0	49cd6417	auipc	x8,0x49cd6	  x8=0xc9cdb3ac
       14485000	      1447	800053b4	fa6a2437	lui	x8,0xfa6a2	  x8=0xfa6a2000
       14495000	      1448	800053b8	02184663	blt	x16,x1,800053e4	 x16:0x00000000  x1:0x00000000
       14505000	      1449	800053bc	01376933	or	x18,x14,x19	 x14:0x00000000 x19:0x00000000 x18=0x00000000
       14515000	      1450	800053c0	f5933d13	sltiu	x26,x6,-167	  x6:0x00000001 x26=0x00000001
       14525000	      1451	800053c4	01e85c93	srli	x25,x16,0x1e	 x16:0x00000000 x25=0x00000000
       14535000	      1452	800053c8	0aae7a93	andi	x21,x28,170	 x28:0x0000000f x21=0x0000000a
       14545000	      1453	800053cc	c58226b7	lui	x13,0xc5822	 x13=0xc5822000
       14555000	      1454	800053d0	02f69c63	bne	x13,x15,80005408	 x13:0xc5822000 x15:0x00000001
       14565000	      1455	00000000	00000013	addi	x0,x0,0	  x0:0x00000000
       14575000	      1456	80005404	00000013	addi	x0,x0,0	  x0:0x00000000
       14585000	      1457	80005408	00d61a93	slli	x21,x12,0xd	 x12:0xfffffff8 x21=0xffff0000
       14595000	      1458	8000540c	002952b3	srl	x5,x18,x2	 x18:0x00000000  x2:0x00000001  x5=0x00000000
       14605000	      1459	80005410	00b5d933	srl	x18,x11,x11	 x11:0x00000000 x11:0x00000000 x18=0x00000000
       14615000	      1460	80005414	175ba037	lui	x0,0x175ba	
       14625000	      1461	80005418	a0938797	auipc	x15,0xa0938	 x15=0x2093d414
       14635000	      1462	8000541c	00ac4c33	xor	x24,x24,x10	 x24:0xea5f9390 x10:0x80008788 x24=0x6a5f1418
       14645000	      1463	80005420	05960663	beq	x12,x25,8000546c	 x12:0xfffffff8 x25:0x00000000
       14655000	      1464	80005424	026ef063	bgeu	x29,x6,80005444	 x29:0x00012d7c  x6:0x00000001
       14665000	      1465	00000000	00000013	addi	x0,x0,0	  x0:0x00000000
       14675000	      1466	80005440	00000013	addi	x0,x0,0	  x0:0x00000000
       14685000	      1467	80005444	e3b86c97	auipc	x25,0xe3b86	 x25=0x63b8b440
       14695000	      1468	80005448	05b0f863	bgeu	x1,x27,80005498	  x1:0x00000000 x27:0x00000000
       14705000	      1469	00000000	00000013	addi	x0,x0,0	  x0:0x00000000
       14715000	      1470	80005494	00000013	addi	x0,x0,0	  x0:0x00000000
       14725000	      1471	80005498	011b3bb3	sltu	x23,x22,x17	 x22:0x80009fc4 x17:0xfffffa20 x23=0x00000001
       14735000	      1472	8000549c	01c00ab3	add	x21,x0,x28	  x0:0x00000000 x28:0x0000000f x21=0x0000000f
       14745000	      1473	800054a0	07226c63	bltu	x4,x18,80005518	  x4:0x00000000 x18:0x00000000
       14755000	      1474	800054a4	00000013	addi	x0,x0,0	  x0:0x00000000
       14765000	      1475	800054a8	034b7863	bgeu	x22,x20,800054d8	 x22:0x80009fc4 x20:0x00000000
       14775000	      1476	00000000	00000013	addi	x0,x0,0	  x0:0x00000000
       14785000	      1477	800054d4	00000013	addi	x0,x0,0	  x0:0x00000000
       14795000	      1478	800054d8	7a960c13	addi	x24,x12,1961	 x12:0xfffffff8 x24=0x000007a1
       14805000	      1479	800054dc	008475b3	and	x11,x8,x8	  x8:0xfa6a2000  x8:0xfa6a2000 x11=0xfa6a2000
       14815000	      1480	800054e0	018dd1b3	srl	x3,x27,x24	 x27:0x00000000 x24:0x000007a1  x3=0x00000000
       14825000	      1481	800054e4	01309c93	slli	x25,x1,0x13	  x1:0x00000000 x25=0x00000000
       14835000	      1482	800054e8	00300c33	add	x24,x0,x3	  x0:0x00000000  x3:0x00000000 x24=0x00000000
       14845000	      1483	800054ec	41f98033	sub	x0,x19,x31	 x19:0x00000000 x31:0xfffffb5d
       14855000	      1484	800054f0	0167a5b3	slt	x11,x15,x22	 x15:0x2093d414 x22:0x80009fc4 x11=0x00000000
       14865000	      1485	800054f4	d02b7213	andi	x4,x22,-766	 x22:0x80009fc4  x4=0x80009d00
       14875000	      1486	800054f8	9e765c97	auipc	x25,0x9e765	 x25=0x1e76a4f4
       14885000	      1487	800054fc	d365b093	sltiu	x1,x11,-714	 x11:0x00000000  x1=0x00000001
       14895000	      1488	80005500	0083c133	xor	x2,x7,x8	  x7:0x8486c000  x8:0xfa6a2000  x2=0x7eece000
       14905000	      1489	80005504	f05fedef	jal	x27,80005504	 x27=0x80005504
       14915000	      1490	00000000	00000013	addi	x0,x0,0	  x0:0x00000000
       14925000	      1491	80004404	00000013	addi	x0,x0,0	  x0:0x00000000
       14935000	      1492	80004408	b5dac693	xori	x13,x21,-1187	 x21:0x0000000f x13=0xfffffb52
       14945000	      1493	8000440c	fd8f0f13	addi	x30,x30,-40	 x30:0x80009f78 x30=0x80009f50
       14955000	      1494	80004410	bd7b3293	sltiu	x5,x22,-1065	 x22:0x80009fc4  x5=0x00000001
       14965000	      1495	80004414	01f3beb3	sltu	x29,x7,x31	  x7:0x8486c000 x31:0xfffffb5d x29=0x00000001
       14975000	      1496	80004418	0a653e17	auipc	x28,0xa653	 x28=0x8a657414
       14985000	      1497	8000441c	01bf2223	sw	x27,4(x30)	 x30:0x80009f50 x27:0x80005504 PA:0x80009f54
       14995000	      1498	80004420	00000013	addi	x0,x0,0	  x0:0x00000000
       15005000	      1499	80004424	005b1fb3	sll	x31,x22,x5	 x22:0x80009fc4  x5:0x00000001 x31=0x00013f88
       15015000	      1500	80004428	94f84013	xori	x0,x16,-1713	 x16:0x00000000
       15025000	      1501	8000442c	00a63533	sltu	x10,x12,x10	 x12:0xfffffff8 x10:0x80008788 x10=0x00000000
       15035000	      1502	80004430	01564863	blt	x12,x21,80004440	 x12:0xfffffff8 x21:0x0000000f
       15045000	      1503	00000000	00000013	addi	x0,x0,0	  x0:0x00000000
       15055000	      1504	8000443c	00000013	addi	x0,x0,0	  x0:0x00000000
       15065000	      1505	80004440	3a6c0d37	lui	x26,0x3a6c0	 x26=0x3a6c0000
       15075000	      1506	80004444	01767cb3	and	x25,x12,x23	 x12:0xfffffff8 x23:0x00000001 x25=0x00000000
       15085000	      1507	80004448	202c6797	auipc	x15,0x202c6	 x15=0xa02ca444
       15095000	      1508	8000444c	004f2d83	lw	x27,4(x30)	 x30:0x80009f50 x27=0x80005504 PA:0x80009f54
       15105000	      1509	80004450	0d106093	ori	x1,x0,209	  x0:0x00000000  x1=0x000000d1
       15115000	      1510	80004454	00b80cb3	add	x25,x16,x11	 x16:0x00000000 x11:0x00000000 x25=0x00000000
       15125000	      1511	80004458	031ec013	xori	x0,x29,49	 x29:0x00000001
       15135000	      1512	8000445c	3703b317	auipc	x6,0x3703b	  x6=0xb703f458
       15145000	      1513	80004460	028f0f13	addi	x30,x30,40	 x30:0x80009f50 x30=0x80009f78
       15155000	      1514	80004464	dd5ff493	andi	x9,x31,-555	 x31:0x00013f88  x9=0x00013d80
       15165000	      1515	80004468	135803b7	lui	x7,0x13580	  x7=0x13580000
       15175000	      1516	8000446c	001d8093	addi	x1,x27,1	 x27:0x80005504  x1=0x80005505
       15185000	      1517	80004470	000080e7	jalr	x1,x1,0	  x1:0x80005505  x1=0x80004470
       15195000	      1518	00000000	00000013	addi	x0,x0,0	  x0:0x00000000
       15205000	      1519	80005504	00000013	addi	x0,x0,0	  x0:0x00000000
       15215000	      1520	80005508	011b9f93	slli	x31,x23,0x11	 x23:0x00000001 x31=0x00020000
       15225000	      1521	8000550c	014e6c33	or	x24,x28,x20	 x28:0x8a657414 x20:0x00000000 x24=0x8a657414
       15235000	      1522	80005510	5b360497	auipc	x9,0x5b360	  x9=0xdb36550c
       15245000	      1523	80005514	a7796213	ori	x4,x18,-1417	 x18:0x00000000  x4=0xfffffa77
       15255000	      1524	80005518	5795ee17	auipc	x28,0x5795e	 x28=0xd7963514
       15265000	      1525	8000551c	c3eb2913	slti	x18,x22,-962	 x22:0x80009fc4 x18=0x00000001
       15275000	      1526	80005520	411a5013	srai	x0,x20,0x11	 x20:0x00000000
       15285000	      1527	80005524	006b8db3	add	x27,x23,x6	 x23:0x00000001  x6:0xb703f458 x27=0xb703f459
       15295000	      1528	80005528	6340f113	andi	x2,x1,1588	  x1:0x80004470  x2=0x00000430
       15305000	      1529	8000552c	048ec463	blt	x29,x8,80005574	 x29:0x00000001  x8:0xfa6a2000
       15315000	      1530	80005530	02ca8c63	beq	x21,x12,80005568	 x21:0x0000000f x12:0xfffffff8
       15325000	      1531	80005534	0041a9b3	slt	x19,x3,x4	  x3:0x00000000  x4:0xfffffa77 x19=0x00000000
       15335000	      1532	80005538	01565c63	bge	x12,x21,80005550	 x12:0xfffffff8 x21:0x0000000f
       15345000	      1533	8000553c	805474b7	lui	x9,0x80547	  x9=0x80547000
       15355000	      1534	80005540	0016a033	slt	x0,x13,x1	 x13:0xfffffb52  x1:0x80004470
       15365000	      1535	80005544	c9019d17	auipc	x26,0xc9019	 x26=0x4901e540
       15375000	      1536	80005548	009b6c33	or	x24,x22,x9	 x22:0x80009fc4  x9:0x80547000 x24=0x8054ffc4
       15385000	      1537	8000554c	fbf73913	sltiu	x18,x14,-65	 x14:0x00000000 x18=0x00000001
       15395000	      1538	80005550	010385b3	add	x11,x7,x16	  x7:0x13580000 x16:0x00000000 x11=0x13580000
       15405000	      1539	80005554	7bcc3d13	sltiu	x26,x24,1980	 x24:0x8054ffc4 x26=0x00000000
       15415000	      1540	80005558	6b0a8793	addi	x15,x21,1712	 x21:0x0000000f x15=0x000006bf
       15425000	      1541	8000555c	01c095b3	sll	x11,x1,x28	  x1:0x80004470 x28:0xd7963514 x11=0x47000000
       15435000	      1542	80005560	b4e9e113	ori	x2,x19,-1202	 x19:0x00000000  x2=0xfffffb4e
       15445000	      1543	80005564	009622b3	slt	x5,x12,x9	 x12:0xfffffff8  x9:0x80547000  x5=0x00000000
       15455000	      1544	80005568	8aa9a293	slti	x5,x19,-1878	 x19:0x00000000  x5=0x00000000
       15465000	      1545	8000556c	12e75597	auipc	x11,0x12e75	 x11=0x92e7a568
       15475000	      1546	80005570	4aae2137	lui	x2,0x4aae2	  x2=0x4aae2000
       15485000	      1547	80005574	00529a33	sll	x20,x5,x5	  x5:0x00000000  x5:0x00000000 x20=0x00000000
       15495000	      1548	80005578	2754e993	ori	x19,x9,629	  x9:0x80547000 x19=0x80547275
       15505000	      1549	8000557c	4117dfb3	sra	x31,x15,x17	 x15:0x000006bf x17:0xfffffa20 x31=0x000006bf
       15515000	      1550	80005580	2e6e7993	andi	x19,x28,742	 x28:0xd7963514 x19=0x00000004
       15525000	      1551	80005584	06242513	slti	x10,x8,98	  x8:0xfa6a2000 x10=0x00000001
       15535000	      1552	80005588	176c7c13	andi	x24,x24,374	 x24:0x8054ffc4 x24=0x00000144
       15545000	      1553	8000558c	0174c263	blt	x9,x23,80005590	  x9:0x80547000 x23:0x00000001
       15555000	      1554	00000000	00000013	addi	x0,x0,0	  x0:0x00000000
       15565000	      1555	8000558c	00000013	addi	x0,x0,0	  x0:0x00000000
       15575000	      1556	80005590	00000013	addi	x0,x0,0	  x0:0x00000000
       15585000	      1557	80005594	0124ba33	sltu	x20,x9,x18	  x9:0x80547000 x18:0x00000001 x20=0x00000000
       15595000	      1558	80005598	00385c33	srl	x24,x16,x3	 x16:0x00000000  x3:0x00000000 x24=0x00000000
       15605000	      1559	8000559c	05947263	bgeu	x8,x25,800055e0	  x8:0xfa6a2000 x25:0x00000000
       15615000	      1560	00000000	00000013	addi	x0,x0,0	  x0:0x00000000
       15625000	      1561	800055dc	00000013	addi	x0,x0,0	  x0:0x00000000
       15635000	      1562	800055e0	fab82a13	slti	x20,x16,-85	 x16:0x00000000 x20=0x00000000
       15645000	      1563	800055e4	0068da63	bge	x17,x6,800055f8	 x17:0xfffffa20  x6:0xb703f458
       15655000	      1564	00000000	00000013	addi	x0,x0,0	  x0:0x00000000
       15665000	      1565	800055f4	00000013	addi	x0,x0,0	  x0:0x00000000
       15675000	      1566	800055f8	03ddd263	bge	x27,x29,8000561c	 x27:0xb703f459 x29:0x00000001
       15685000	      1567	800055fc	00f53ab3	sltu	x21,x10,x15	 x10:0x00000001 x15:0x000006bf x21=0x00000001
       15695000	      1568	80005600	fa5b0393	addi	x7,x22,-91	 x22:0x80009fc4  x7=0x80009f69
       15705000	      1569	80005604	04cd0063	beq	x26,x12,80005644	 x26:0x00000000 x12:0xfffffff8
       15715000	      1570	80005608	01900a63	beq	x0,x25,8000561c	  x0:0x00000000 x25:0x00000000
       15725000	      1571	00000000	00000013	addi	x0,x0,0	  x0:0x00000000
       15735000	      1572	80005618	00000013	addi	x0,x0,0	  x0:0x00000000
       15745000	      1573	8000561c	0020dcb3	srl	x25,x1,x2	  x1:0x80004470  x2:0x4aae2000 x25=0x80004470
       15755000	      1574	80005620	6aca6a93	ori	x21,x20,1708	 x20:0x00000000 x21=0x000006ac
       15765000	      1575	80005624	fea78a93	addi	x21,x15,-22	 x15:0x000006bf x21=0x000006a9
       15775000	      1576	80005628	01dc4ab3	xor	x21,x24,x29	 x24:0x00000000 x29:0x00000001 x21=0x00000001
       15785000	      1577	8000562c	04b30263	beq	x6,x11,80005670	  x6:0xb703f458 x11:0x92e7a568
       15795000	      1578	80005630	01b66bb3	or	x23,x12,x27	 x12:0xfffffff8 x27:0xb703f459 x23=0xfffffff9
       15805000	      1579	80005634	03f3d463	bge	x7,x31,8000565c	  x7:0x80009f69 x31:0x000006bf
       15815000	      1580	80005638	016a9c13	slli	x24,x21,0x16	 x21:0x00000001 x24=0x00400000
       15825000	      1581	8000563c	01e79013	slli	x0,x15,0x1e	 x15:0x000006bf
       15835000	      1582	80005640	010ca6b3	slt	x13,x25,x16	 x25:0x80004470 x16:0x00000000 x13=0x00000001
       15845000	      1583	80005644	014f4863	blt	x30,x20,80005654	 x30:0x80009f78 x20:0x00000000
       15855000	      1584	00000000	00000013	addi	x0,x0,0	  x0:0x00000000
       15865000	      1585	80005650	00000013	addi	x0,x0,0	  x0:0x00000000
       15875000	      1586	80005654	71304693	xori	x13,x0,1811	  x0:0x00000000 x13=0x00000713
       15885000	      1587	80005658	bdf39c37	lui	x24,0xbdf39	 x24=0xbdf39000
       15895000	      1588	8000565c	048a8263	beq	x21,x8,800056a0	 x21:0x00000001  x8:0xfa6a2000
       15905000	      1589	80005660	01be9eb3	sll	x29,x29,x27	 x29:0x00000001 x27:0xb703f459 x29=0x02000000
       15915000	      1590	80005664	a3564793	xori	x15,x12,-1483	 x12:0xfffffff8 x15=0x000005cd
       15925000	      1591	80005668	07064293	xori	x5,x12,112	 x12:0xfffffff8  x5=0xffffff88
       15935000	      1592	8000566c	d345f413	andi	x8,x11,-716	 x11:0x92e7a568  x8=0x92e7a520
       15945000	      1593	80005670	b04f7a97	auipc	x21,0xb04f7	 x21=0x304fc66c
       15955000	      1594	80005674	b428ac93	slti	x25,x17,-1214	 x17:0xfffffa20 x25=0x00000001
       15965000	      1595	80005678	01775e13	srli	x28,x14,0x17	 x14:0x00000000 x28=0x00000000
       15975000	      1596	8000567c	0065e733	or	x14,x11,x6	 x11:0x92e7a568  x6:0xb703f458 x14=0xb7e7f578
       15985000	      1597	80005680	053af063	bgeu	x21,x19,800056c0	 x21:0x304fc66c x19:0x00000004
       15995000	      1598	00000000	00000013	addi	x0,x0,0	  x0:0x00000000
       16005000	      1599	800056bc	00000013	addi	x0,x0,0	  x0:0x00000000
       16015000	      1600	800056c0	003ab033	sltu	x0,x21,x3	 x21:0x304fc66c  x3:0x00000000
       16025000	      1601	800056c4	00c047b3	xor	x15,x0,x12	  x0:0x00000000 x12:0xfffffff8 x15=0xfffffff8
       16035000	      1602	800056c8	012cf333	and	x6,x25,x18	 x25:0x00000001 x18:0x00000001  x6=0x00000001
       16045000	      1603	800056cc	009e7333	and	x6,x28,x9	 x28:0x00000000  x9:0x80547000  x6=0x00000000
       16055000	      1604	800056d0	01fe4a63	blt	x28,x31,800056e4	 x28:0x00000000 x31:0x000006bf
       16065000	      1605	00000000	00000013	addi	x0,x0,0	  x0:0x00000000
       16075000	      1606	800056e0	00000013	addi	x0,x0,0	  x0:0x00000000
       16085000	      1607	800056e4	02d7e463	bltu	x15,x13,8000570c	 x15:0xfffffff8 x13:0x00000713
       16095000	      1608	800056e8	00000013	addi	x0,x0,0	  x0:0x00000000
       16105000	      1609	800056ec	4122d893	srai	x17,x5,0x12	  x5:0xffffff88 x17=0xffffffff
       16115000	      1610	800056f0	00000013	addi	x0,x0,0	  x0:0x00000000
       16125000	      1611	800056f4	a35e3d13	sltiu	x26,x28,-1483	 x28:0x00000000 x26=0x00000001
       16135000	      1612	800056f8	418fdc33	sra	x24,x31,x24	 x31:0x000006bf x24:0xbdf39000 x24=0x000006bf
       16145000	      1613	800056fc	001ed093	srli	x1,x29,0x1	 x29:0x02000000  x1=0x01000000
       16155000	      1614	80005700	007aca33	xor	x20,x21,x7	 x21:0x304fc66c  x7:0x80009f69 x20=0xb04f5905
       16165000	      1615	80005704	01c36433	or	x8,x6,x28	  x6:0x00000000 x28:0x00000000  x8=0x00000000
       16175000	      1616	80005708	01d0d713	srli	x14,x1,0x1d	  x1:0x01000000 x14=0x00000000
       16185000	      1617	8000570c	03100063	beq	x0,x17,8000572c	  x0:0x00000000 x17:0xffffffff
       16195000	      1618	80005710	00000013	addi	x0,x0,0	  x0:0x00000000
       16205000	      1619	80005714	75affd13	andi	x26,x31,1882	 x31:0x000006bf x26=0x0000061a
       16215000	      1620	80005718	84068393	addi	x7,x13,-1984	 x13:0x00000713  x7=0xffffff53
       16225000	      1621	8000571c	00000013	addi	x0,x0,0	  x0:0x00000000
       16235000	      1622	80005720	01d84863	blt	x16,x29,80005730	 x16:0x00000000 x29:0x02000000
       16245000	      1623	00000000	00000013	addi	x0,x0,0	  x0:0x00000000
       16255000	      1624	8000572c	00000013	addi	x0,x0,0	  x0:0x00000000
       16265000	      1625	80005730	000ea0b3	slt	x1,x29,x0	 x29:0x02000000  x0:0x00000000  x1=0x00000000
       16275000	      1626	80005734	00000013	addi	x0,x0,0	  x0:0x00000000
       16285000	      1627	80005738	0515c663	blt	x11,x17,80005784	 x11:0x92e7a568 x17:0xffffffff
       16295000	      1628	00000000	00000013	addi	x0,x0,0	  x0:0x00000000
       16305000	      1629	80005780	00000013	addi	x0,x0,0	  x0:0x00000000
       16315000	      1630	80005784	0083d3b3	srl	x7,x7,x8	  x7:0xffffff53  x8:0x00000000  x7=0xffffff53
       16325000	      1631	80005788	8e170b93	addi	x23,x14,-1823	 x14:0x00000000 x23=0xfffff8e1
       16335000	      1632	8000578c	6e9cfa93	andi	x21,x25,1769	 x25:0x00000001 x21=0x00000001
       16345000	      1633	80005790	7ac73b93	sltiu	x23,x14,1964	 x14:0x00000000 x23=0x00000001
       16355000	      1634	80005794	861b3393	sltiu	x7,x22,-1951	 x22:0x80009fc4  x7=0x00000001
       16365000	      1635	80005798	0306ee63	bltu	x13,x16,800057d4	 x13:0x00000713 x16:0x00000000
       16375000	      1636	8000579c	712aaa37	lui	x20,0x712aa	 x20=0x712aa000
       16385000	      1637	800057a0	058af663	bgeu	x21,x24,800057ec	 x21:0x00000001 x24:0x000006bf
       16395000	      1638	800057a4	026dc063	blt	x27,x6,800057c4	 x27:0xb703f459  x6:0x00000000
       16405000	      1639	00000000	00000013	addi	x0,x0,0	  x0:0x00000000
       16415000	      1640	800057c0	00000013	addi	x0,x0,0	  x0:0x00000000
       16425000	      1641	800057c4	f8a7fc13	andi	x24,x15,-118	 x15:0xfffffff8 x24=0xffffff88
       16435000	      1642	800057c8	003f80b3	add	x1,x31,x3	 x31:0x000006bf  x3:0x00000000  x1=0x000006bf
       16445000	      1643	800057cc	43247513	andi	x10,x8,1074	  x8:0x00000000 x10=0x00000000
       16455000	      1644	800057d0	01120633	add	x12,x4,x17	  x4:0xfffffa77 x17:0xffffffff x12=0xfffffa76
       16465000	      1645	800057d4	01fb4733	xor	x14,x22,x31	 x22:0x80009fc4 x31:0x000006bf x14=0x8000997b
       16475000	      1646	800057d8	01f425b3	slt	x11,x8,x31	  x8:0x00000000 x31:0x000006bf x11=0x00000001
       16485000	      1647	800057dc	012388b3	add	x17,x7,x18	  x7:0x00000001 x18:0x00000001 x17=0x00000002
       16495000	      1648	800057e0	03c7d263	bge	x15,x28,80005804	 x15:0xfffffff8 x28:0x00000000
       16505000	      1649	800057e4	01c325b3	slt	x11,x6,x28	  x6:0x00000000 x28:0x00000000 x11=0x00000000
       16515000	      1650	800057e8	01eece33	xor	x28,x29,x30	 x29:0x02000000 x30:0x80009f78 x28=0x82009f78
       16525000	      1651	800057ec	0084fcb3	and	x25,x9,x8	  x9:0x80547000  x8:0x00000000 x25=0x00000000
       16535000	      1652	800057f0	8f47fd93	andi	x27,x15,-1804	 x15:0xfffffff8 x27=0xfffff8f0
       16545000	      1653	800057f4	01e406b3	add	x13,x8,x30	  x8:0x00000000 x30:0x80009f78 x13=0x80009f78
       16555000	      1654	800057f8	40505fb3	sra	x31,x0,x5	  x0:0x00000000  x5:0xffffff88 x31=0x00000000
       16565000	      1655	800057fc	1ad36e13	ori	x28,x6,429	  x6:0x00000000 x28=0x000001ad
       16575000	      1656	80005800	03344663	blt	x8,x19,8000582c	  x8:0x00000000 x19:0x00000004
       16585000	      1657	00000000	00000013	addi	x0,x0,0	  x0:0x00000000
       16595000	      1658	80005828	00000013	addi	x0,x0,0	  x0:0x00000000
       16605000	      1659	8000582c	04c99263	bne	x19,x12,80005870	 x19:0x00000004 x12:0xfffffa76
       16615000	      1660	00000000	00000013	addi	x0,x0,0	  x0:0x00000000
       16625000	      1661	8000586c	00000013	addi	x0,x0,0	  x0:0x00000000
       16635000	      1662	80005870	415fde13	srai	x28,x31,0x15	 x31:0x00000000 x28=0x00000000
       16645000	      1663	80005874	4113d193	srai	x3,x7,0x11	  x7:0x00000001  x3=0x00000000
       16655000	      1664	80005878	05b0c663	blt	x1,x27,800058c4	  x1:0x000006bf x27:0xfffff8f0
       16665000	      1665	8000587c	01d89713	slli	x14,x17,0x1d	 x17:0x00000002 x14=0x40000000
       16675000	      1666	80005880	a291ce13	xori	x28,x3,-1495	  x3:0x00000000 x28=0xfffffa29
       16685000	      1667	80005884	d9248293	addi	x5,x9,-622	  x9:0x80547000  x5=0x80546d92
       16695000	      1668	80005888	00000013	addi	x0,x0,0	  x0:0x00000000
       16705000	      1669	8000588c	056e4063	blt	x28,x22,800058cc	 x28:0xfffffa29 x22:0x80009fc4
       16715000	      1670	80005890	4d183a17	auipc	x20,0x4d183	 x20=0xcd18888c
       16725000	      1671	80005894	01bee263	bltu	x29,x27,80005898	 x29:0x02000000 x27:0xfffff8f0
       16735000	      1672	00000000	00000013	addi	x0,x0,0	  x0:0x00000000
       16745000	      1673	80005894	00000013	addi	x0,x0,0	  x0:0x00000000
       16755000	      1674	80005898	5e57fd13	andi	x26,x15,1509	 x15:0xfffffff8 x26=0x000005e0
       16765000	      1675	8000589c	dc076e13	ori	x28,x14,-576	 x14:0x40000000 x28=0xfffffdc0
       16775000	      1676	800058a0	0072e533	or	x10,x5,x7	  x5:0x80546d92  x7:0x00000001 x10=0x80546d93
       16785000	      1677	800058a4	01001613	slli	x12,x0,0x10	  x0:0x00000000 x12=0x00000000
       16795000	      1678	800058a8	01570533	add	x10,x14,x21	 x14:0x40000000 x21:0x00000001 x10=0x40000001
       16805000	      1679	800058ac	b4a7fb93	andi	x23,x15,-1206	 x15:0xfffffff8 x23=0xfffffb48
       16815000	      1680	800058b0	89f17293	andi	x5,x2,-1889	  x2:0x4aae2000  x5=0x4aae2000
       16825000	      1681	800058b4	40990cb3	sub	x25,x18,x9	 x18:0x00000001  x9:0x80547000 x25=0x7fab9001
       16835000	      1682	800058b8	e7d32213	slti	x4,x6,-387	  x6:0x00000000  x4=0x00000000
       16845000	      1683	800058bc	41fc5ab3	sra	x21,x24,x31	 x24:0xffffff88 x31:0x00000000 x21=0xffffff88
       16855000	      1684	800058c0	01f5a3b3	slt	x7,x11,x31	 x11:0x00000000 x31:0x00000000  x7=0x00000000
       16865000	      1685	800058c4	0269cc63	blt	x19,x6,800058fc	 x19:0x00000004  x6:0x00000000
       16875000	      1686	800058c8	cd6ba593	slti	x11,x23,-810	 x23:0xfffffb48 x11=0x00000001
       16885000	      1687	800058cc	00000013	addi	x0,x0,0	  x0:0x00000000
       16895000	      1688	800058d0	94855cb7	lui	x25,0x94855	 x25=0x94855000
       16905000	      1689	800058d4	40818cb3	sub	x25,x3,x8	  x3:0x00000000  x8:0x00000000 x25=0x00000000
       16915000	      1690	800058d8	0850b517	auipc	x10,0x850b	 x10=0x885108d4
       16925000	      1691	800058dc	409f5bb3	sra	x23,x30,x9	 x30:0x80009f78  x9:0x80547000 x23=0x80009f78
       16935000	      1692	800058e0	0131fa63	bgeu	x3,x19,800058f4	  x3:0x00000000 x19:0x00000004
       16945000	      1693	800058e4	01e91e63	bne	x18,x30,80005900	 x18:0x00000001 x30:0x80009f78
       16955000	      1694	00000000	00000013	addi	x0,x0,0	  x0:0x00000000
       16965000	      1695	800058fc	00000013	addi	x0,x0,0	  x0:0x00000000
       16975000	      1696	80005900	1a02c317	auipc	x6,0x1a02c	  x6=0x9a0318fc
       16985000	      1697	80005904	41ba58b3	sra	x17,x20,x27	 x20:0xcd18888c x27:0xfffff8f0 x17=0xffffcd18
       16995000	      1698	80005908	41945b93	srai	x23,x8,0x19	  x8:0x00000000 x23=0x00000000
       17005000	      1699	8000590c	054a1263	bne	x20,x20,80005950	 x20:0xcd18888c x20:0xcd18888c
       17015000	      1700	80005910	02e80263	beq	x16,x14,80005934	 x16:0x00000000 x14:0x40000000
       17025000	      1701	80005914	035ae063	bltu	x21,x21,80005934	 x21:0xffffff88 x21:0xffffff88
       17035000	      1702	80005918	40900233	sub	x4,x0,x9	  x0:0x00000000  x9:0x80547000  x4=0x7fab9000
       17045000	      1703	8000591c	04716663	bltu	x2,x7,80005968	  x2:0x4aae2000  x7:0x00000000
       17055000	      1704	80005920	4078df93	srai	x31,x17,0x7	 x17:0xffffcd18 x31=0xffffff9a
       17065000	      1705	80005924	012c1413	slli	x8,x24,0x12	 x24:0xffffff88  x8=0xfe200000
       17075000	      1706	80005928	01e95d93	srli	x27,x18,0x1e	 x18:0x00000001 x27=0x00000000
       17085000	      1707	8000592c	04307263	bgeu	x0,x3,80005970	  x0:0x00000000  x3:0x00000000
       17095000	      1708	00000000	00000013	addi	x0,x0,0	  x0:0x00000000
       17105000	      1709	8000596c	00000013	addi	x0,x0,0	  x0:0x00000000
       17115000	      1710	80005970	f198e013	ori	x0,x17,-231	 x17:0xffffcd18
       17125000	      1711	80005974	03311c63	bne	x2,x19,800059ac	  x2:0x4aae2000 x19:0x00000004
       17135000	      1712	00000000	00000013	addi	x0,x0,0	  x0:0x00000000
       17145000	      1713	800059a8	00000013	addi	x0,x0,0	  x0:0x00000000
       17155000	      1714	800059ac	ea5a0893	addi	x17,x20,-347	 x20:0xcd18888c x17=0xcd188731
       17165000	      1715	800059b0	5deae493	ori	x9,x21,1502	 x21:0xffffff88  x9=0xffffffde
       17175000	      1716	800059b4	405b5513	srai	x10,x22,0x5	 x22:0x80009fc4 x10=0xfc0004fe
       17185000	      1717	800059b8	400e8333	sub	x6,x29,x0	 x29:0x02000000  x0:0x00000000  x6=0x02000000
       17195000	      1718	800059bc	41f98fb3	sub	x31,x19,x31	 x19:0x00000004 x31:0xffffff9a x31=0x0000006a
       17205000	      1719	800059c0	000dc4b3	xor	x9,x27,x0	 x27:0x00000000  x0:0x00000000  x9=0x00000000
       17215000	      1720	800059c4	83acd497	auipc	x9,0x83acd	  x9=0x03ad29c0
       17225000	      1721	800059c8	6fbef113	andi	x2,x29,1787	 x29:0x02000000  x2=0x00000000
       17235000	      1722	800059cc	01f7f863	bgeu	x15,x31,800059dc	 x15:0xfffffff8 x31:0x0000006a
       17245000	      1723	00000000	00000013	addi	x0,x0,0	  x0:0x00000000
       17255000	      1724	800059d8	00000013	addi	x0,x0,0	  x0:0x00000000
       17265000	      1725	800059dc	016f1fb3	sll	x31,x30,x22	 x30:0x80009f78 x22:0x80009fc4 x31=0x0009f780
       17275000	      1726	800059e0	d35cb093	sltiu	x1,x25,-715	 x25:0x00000000  x1=0x00000001
       17285000	      1727	800059e4	00000013	addi	x0,x0,0	  x0:0x00000000
       17295000	      1728	800059e8	056d0263	beq	x26,x22,80005a2c	 x26:0x000005e0 x22:0x80009fc4
       17305000	      1729	800059ec	01045413	srli	x8,x8,0x10	  x8:0xfe200000  x8=0x0000fe20
       17315000	      1730	800059f0	01ea22b3	slt	x5,x20,x30	 x20:0xcd18888c x30:0x80009f78  x5=0x00000000
       17325000	      1731	800059f4	041d4663	blt	x26,x1,80005a40	 x26:0x000005e0  x1:0x00000001
       17335000	      1732	800059f8	00d06d33	or	x26,x0,x13	  x0:0x00000000 x13:0x80009f78 x26=0x80009f78
       17345000	      1733	800059fc	02577063	bgeu	x14,x5,80005a1c	 x14:0x40000000  x5:0x00000000
       17355000	      1734	00000000	00000013	addi	x0,x0,0	  x0:0x00000000
       17365000	      1735	80005a18	00000013	addi	x0,x0,0	  x0:0x00000000
       17375000	      1736	80005a1c	01577133	and	x2,x14,x21	 x14:0x40000000 x21:0xffffff88  x2=0x40000000
       17385000	      1737	80005a20	35f3a413	slti	x8,x7,863	  x7:0x00000000  x8=0x00000001
       17395000	      1738	80005a24	407d8bb3	sub	x23,x27,x7	 x27:0x00000000  x7:0x00000000 x23=0x00000000
       17405000	      1739	80005a28	ac59d617	auipc	x12,0xac59d	 x12=0x2c5a2a24
       17415000	      1740	80005a2c	01b39c63	bne	x7,x27,80005a44	  x7:0x00000000 x27:0x00000000
       17425000	      1741	80005a30	c924f793	andi	x15,x9,-878	  x9:0x03ad29c0 x15=0x03ad2880
       17435000	      1742	80005a34	80fa4513	xori	x10,x20,-2033	 x20:0xcd18888c x10=0x32e77083
       17445000	      1743	80005a38	40e4dc33	sra	x24,x9,x14	  x9:0x03ad29c0 x14:0x40000000 x24=0x03ad29c0
       17455000	      1744	80005a3c	554ab713	sltiu	x14,x21,1364	 x21:0xffffff88 x14=0x00000000
       17465000	      1745	80005a40	036ad117	auipc	x2,0x36ad	  x2=0x836b2a3c
       17475000	      1746	80005a44	010f9893	slli	x17,x31,0x10	 x31:0x0009f780 x17=0xf7800000
       17485000	      1747	80005a48	84efe713	ori	x14,x31,-1970	 x31:0x0009f780 x14=0xffffffce
       17495000	      1748	80005a4c	0f86cd93	xori	x27,x13,248	 x13:0x80009f78 x27=0x80009f80
       17505000	      1749	80005a50	00db9613	slli	x12,x23,0xd	 x23:0x00000000 x12=0x00000000
       17515000	      1750	80005a54	c3270693	addi	x13,x14,-974	 x14:0xffffffce x13=0xfffffc00
       17525000	      1751	80005a58	028f1263	bne	x30,x8,80005a7c	 x30:0x80009f78  x8:0x00000001
       17535000	      1752	00000000	00000013	addi	x0,x0,0	  x0:0x00000000
       17545000	      1753	80005a78	00000013	addi	x0,x0,0	  x0:0x00000000
       17555000	      1754	80005a7c	019b07b3	add	x15,x22,x25	 x22:0x80009fc4 x25:0x00000000 x15=0x80009fc4
       17565000	      1755	80005a80	a704eb93	ori	x23,x9,-1424	  x9:0x03ad29c0 x23=0xfffffbf0
       17575000	      1756	80005a84	52878a13	addi	x20,x15,1320	 x15:0x80009fc4 x20=0x8000a4ec
       17585000	      1757	80005a88	4cf171b7	lui	x3,0x4cf17	  x3=0x4cf17000
       17595000	      1758	80005a8c	011cda63	bge	x25,x17,80005aa0	 x25:0x00000000 x17:0xf7800000
       17605000	      1759	00000000	00000013	addi	x0,x0,0	  x0:0x00000000
       17615000	      1760	80005a9c	00000013	addi	x0,x0,0	  x0:0x00000000
       17625000	      1761	80005aa0	04570263	beq	x14,x5,80005ae4	 x14:0xffffffce  x5:0x00000000
       17635000	      1762	80005aa4	006576b3	and	x13,x10,x6	 x10:0x32e77083  x6:0x02000000 x13=0x02000000
       17645000	      1763	80005aa8	01589313	slli	x6,x17,0x15	 x17:0xf7800000  x6=0x00000000
       17655000	      1764	80005aac	054f4463	blt	x30,x20,80005af4	 x30:0x80009f78 x20:0x8000a4ec
       17665000	      1765	00000000	00000013	addi	x0,x0,0	  x0:0x00000000
       17675000	      1766	80005af0	00000013	addi	x0,x0,0	  x0:0x00000000
       17685000	      1767	80005af4	036e8063	beq	x29,x22,80005b14	 x29:0x02000000 x22:0x80009fc4
       17695000	      1768	80005af8	000f38b3	sltu	x17,x30,x0	 x30:0x80009f78  x0:0x00000000 x17=0x00000000
       17705000	      1769	80005afc	808588b7	lui	x17,0x80858	 x17=0x80858000
       17715000	      1770	80005b00	01271913	slli	x18,x14,0x12	 x14:0xffffffce x18=0xff380000
       17725000	      1771	80005b04	01460933	add	x18,x12,x20	 x12:0x00000000 x20:0x8000a4ec x18=0x8000a4ec
       17735000	      1772	80005b08	00000013	addi	x0,x0,0	  x0:0x00000000
       17745000	      1773	80005b0c	41910cb3	sub	x25,x2,x25	  x2:0x836b2a3c x25:0x00000000 x25=0x836b2a3c
       17755000	      1774	80005b10	0048c863	blt	x17,x4,80005b20	 x17:0x80858000  x4:0x7fab9000
       17765000	      1775	00000000	00000013	addi	x0,x0,0	  x0:0x00000000
       17775000	      1776	80005b1c	00000013	addi	x0,x0,0	  x0:0x00000000
       17785000	      1777	80005b20	01d8feb3	and	x29,x17,x29	 x17:0x80858000 x29:0x02000000 x29=0x00000000
       17795000	      1778	80005b24	414ad713	srai	x14,x21,0x14	 x21:0xffffff88 x14=0xffffffff
       17805000	      1779	80005b28	00d51633	sll	x12,x10,x13	 x10:0x32e77083 x13:0x02000000 x12=0x32e77083
       17815000	      1780	80005b2c	013ede93	srli	x29,x29,0x13	 x29:0x00000000 x29=0x00000000
       17825000	      1781	80005b30	1f7eb113	sltiu	x2,x29,503	 x29:0x00000000  x2=0x00000001
       17835000	      1782	80005b34	01f042b3	xor	x5,x0,x31	  x0:0x00000000 x31:0x0009f780  x5=0x0009f780
       17845000	      1783	80005b38	61a06d13	ori	x26,x0,1562	  x0:0x00000000 x26=0x0000061a
       17855000	      1784	80005b3c	0185e033	or	x0,x11,x24	 x11:0x00000001 x24:0x03ad29c0
       17865000	      1785	80005b40	03d44063	blt	x8,x29,80005b60	  x8:0x00000001 x29:0x00000000
       17875000	      1786	80005b44	053d6263	bltu	x26,x19,80005b88	 x26:0x0000061a x19:0x00000004
       17885000	      1787	80005b48	67ef52b7	lui	x5,0x67ef5	  x5=0x67ef5000
       17895000	      1788	80005b4c	15dbf197	auipc	x3,0x15dbf	  x3=0x95dc4b48
       17905000	      1789	80005b50	003141b3	xor	x3,x2,x3	  x2:0x00000001  x3:0x95dc4b48  x3=0x95dc4b49
       17915000	      1790	80005b54	01f48863	beq	x9,x31,80005b64	  x9:0x03ad29c0 x31:0x0009f780
       17925000	      1791	80005b58	00be7333	and	x6,x28,x11	 x28:0xfffffdc0 x11:0x00000001  x6=0x00000000
       17935000	      1792	80005b5c	004d4463	blt	x26,x4,80005b64	 x26:0x0000061a  x4:0x7fab9000
       17945000	      1793	00000000	00000013	addi	x0,x0,0	  x0:0x00000000
       17955000	      1794	80005b60	00000013	addi	x0,x0,0	  x0:0x00000000
       17965000	      1795	80005b64	00a43db3	sltu	x27,x8,x10	  x8:0x00000001 x10:0x32e77083 x27=0x00000001
       17975000	      1796	80005b68	01521793	slli	x15,x4,0x15	  x4:0x7fab9000 x15=0x00000000
       17985000	      1797	80005b6c	0147a0b3	slt	x1,x15,x20	 x15:0x00000000 x20:0x8000a4ec  x1=0x00000000
       17995000	      1798	80005b70	01332db3	slt	x27,x6,x19	  x6:0x00000000 x19:0x00000004 x27=0x00000001
       18005000	      1799	80005b74	c349b117	auipc	x2,0xc349b	  x2=0x434a0b70
       18015000	      1800	80005b78	034de663	bltu	x27,x20,80005ba4	 x27:0x00000001 x20:0x8000a4ec
       18025000	      1801	00000000	00000013	addi	x0,x0,0	  x0:0x00000000
       18035000	      1802	80005ba0	00000013	addi	x0,x0,0	  x0:0x00000000
       18045000	      1803	80005ba4	00f8f5b3	and	x11,x17,x15	 x17:0x80858000 x15:0x00000000 x11=0x00000000
       18055000	      1804	80005ba8	01e46933	or	x18,x8,x30	  x8:0x00000001 x30:0x80009f78 x18=0x80009f79
       18065000	      1805	80005bac	b2a77197	auipc	x3,0xb2a77	  x3=0x32a7cba8
       18075000	      1806	80005bb0	04ead663	bge	x21,x14,80005bfc	 x21:0xffffff88 x14:0xffffffff
       18085000	      1807	80005bb4	0e890293	addi	x5,x18,232	 x18:0x80009f79  x5=0x8000a061
       18095000	      1808	80005bb8	0e7625b7	lui	x11,0xe762	 x11=0x0e762000
       18105000	      1809	80005bbc	018fb533	sltu	x10,x31,x24	 x31:0x0009f780 x24:0x03ad29c0 x10=0x00000001
       18115000	      1810	80005bc0	014bf5b3	and	x11,x23,x20	 x23:0xfffffbf0 x20:0x8000a4ec x11=0x8000a0e0
       18125000	      1811	80005bc4	4071da93	srai	x21,x3,0x7	  x3:0x32a7cba8 x21=0x00654f97
       18135000	      1812	80005bc8	07f74263	blt	x14,x31,80005c2c	 x14:0xffffffff x31:0x0009f780
       18145000	      1813	00000000	00000013	addi	x0,x0,0	  x0:0x00000000
       18155000	      1814	80005c28	00000013	addi	x0,x0,0	  x0:0x00000000
       18165000	      1815	80005c2c	881d3713	sltiu	x14,x26,-1919	 x26:0x0000061a x14=0x00000001
       18175000	      1816	80005c30	06a4f497	auipc	x9,0x6a4f	  x9=0x86a54c2c
       18185000	      1817	80005c34	00e29233	sll	x4,x5,x14	  x5:0x8000a061 x14:0x00000001  x4=0x000140c2
       18195000	      1818	80005c38	64bd4c97	auipc	x25,0x64bd4	 x25=0xe4bd9c34
       18205000	      1819	80005c3c	01d111b3	sll	x3,x2,x29	  x2:0x434a0b70 x29:0x00000000  x3=0x434a0b70
       18215000	      1820	80005c40	02694263	blt	x18,x6,80005c64	 x18:0x80009f79  x6:0x00000000
       18225000	      1821	00000000	00000013	addi	x0,x0,0	  x0:0x00000000
       18235000	      1822	80005c60	00000013	addi	x0,x0,0	  x0:0x00000000
       18245000	      1823	80005c64	2f48a713	slti	x14,x17,756	 x17:0x80858000 x14=0x00000001
       18255000	      1824	80005c68	413f0bb3	sub	x23,x30,x19	 x30:0x80009f78 x19:0x00000004 x23=0x80009f74
       18265000	      1825	80005c6c	01a29a63	bne	x5,x26,80005c80	  x5:0x8000a061 x26:0x0000061a
       18275000	      1826	00000000	00000013	addi	x0,x0,0	  x0:0x00000000
       18285000	      1827	80005c7c	00000013	addi	x0,x0,0	  x0:0x00000000
       18295000	      1828	80005c80	78e8aa93	slti	x21,x17,1934	 x17:0x80858000 x21=0x00000001
       18305000	      1829	80005c84	03f2f463	bgeu	x5,x31,80005cac	  x5:0x8000a061 x31:0x0009f780
       18315000	      1830	00000000	00000013	addi	x0,x0,0	  x0:0x00000000
       18325000	      1831	80005ca8	00000013	addi	x0,x0,0	  x0:0x00000000
       18335000	      1832	80005cac	01973633	sltu	x12,x14,x25	 x14:0x00000001 x25:0xe4bd9c34 x12=0x00000001
       18345000	      1833	80005cb0	0082ec63	bltu	x5,x8,80005cc8	  x5:0x8000a061  x8:0x00000001
       18355000	      1834	80005cb4	40a006b3	sub	x13,x0,x10	  x0:0x00000000 x10:0x00000001 x13=0xffffffff
       18365000	      1835	80005cb8	0318e863	bltu	x17,x17,80005ce8	 x17:0x80858000 x17:0x80858000
       18375000	      1836	80005cbc	012d11b3	sll	x3,x26,x18	 x26:0x0000061a x18:0x80009f79  x3=0x34000000
       18385000	      1837	80005cc0	052f7663	bgeu	x30,x18,80005d0c	 x30:0x80009f78 x18:0x80009f79
       18395000	      1838	80005cc4	008848b3	xor	x17,x16,x8	 x16:0x00000000  x8:0x00000001 x17=0x00000001
       18405000	      1839	80005cc8	51c74c93	xori	x25,x14,1308	 x14:0x00000001 x25=0x0000051d
       18415000	      1840	80005ccc	03728463	beq	x5,x23,80005cf4	  x5:0x8000a061 x23:0x80009f74
       18425000	      1841	80005cd0	0487c063	blt	x15,x8,80005d10	 x15:0x00000000  x8:0x00000001
       18435000	      1842	00000000	00000013	addi	x0,x0,0	  x0:0x00000000
       18445000	      1843	80005d0c	00000013	addi	x0,x0,0	  x0:0x00000000
       18455000	      1844	80005d10	1a053c93	sltiu	x25,x10,416	 x10:0x00000001 x25=0x00000001
       18465000	      1845	80005d14	6dc3c517	auipc	x10,0x6dc3c	 x10=0xedc41d10
       18475000	      1846	80005d18	0484e863	bltu	x9,x8,80005d68	  x9:0x86a54c2c  x8:0x00000001
       18485000	      1847	80005d1c	f35b6913	ori	x18,x22,-203	 x22:0x80009fc4 x18=0xfffffff5
       18495000	      1848	80005d20	c2e518b7	lui	x17,0xc2e51	 x17=0xc2e51000
       18505000	      1849	80005d24	9b280997	auipc	x19,0x9b280	 x19=0x1b285d20
       18515000	      1850	80005d28	00446933	or	x18,x8,x4	  x8:0x00000001  x4:0x000140c2 x18=0x000140c3
       18525000	      1851	80005d2c	14bdb1b7	lui	x3,0x14bdb	  x3=0x14bdb000
       18535000	      1852	80005d30	bde98413	addi	x8,x19,-1058	 x19:0x1b285d20  x8=0x1b2858fe
       18545000	      1853	80005d34	41635213	srai	x4,x6,0x16	  x6:0x00000000  x4=0x00000000
       18555000	      1854	80005d38	2c08fe13	andi	x28,x17,704	 x17:0xc2e51000 x28=0x00000000
       18565000	      1855	80005d3c	00d1cbb3	xor	x23,x3,x13	  x3:0x14bdb000 x13:0xffffffff x23=0xeb424fff
       18575000	      1856	80005d40	6cb04d37	lui	x26,0x6cb04	 x26=0x6cb04000
       18585000	      1857	80005d44	3b60f793	andi	x15,x1,950	  x1:0x00000000 x15=0x00000000
       18595000	      1858	80005d48	5496c717	auipc	x14,0x5496c	 x14=0xd4971d44
       18605000	      1859	80005d4c	031e8c63	beq	x29,x17,80005d84	 x29:0x00000000 x17:0xc2e51000
       18615000	      1860	80005d50	41cf85b3	sub	x11,x31,x28	 x31:0x0009f780 x28:0x00000000 x11=0x0009f780
       18625000	      1861	80005d54	0028c1b3	xor	x3,x17,x2	 x17:0xc2e51000  x2:0x434a0b70  x3=0x81af1b70
       18635000	      1862	80005d58	4020deb3	sra	x29,x1,x2	  x1:0x00000000  x2:0x434a0b70 x29=0x00000000
       18645000	      1863	80005d5c	014a9c33	sll	x24,x21,x20	 x21:0x00000001 x20:0x8000a4ec x24=0x00001000
       18655000	      1864	80005d60	417bd493	srai	x9,x23,0x17	 x23:0xeb424fff  x9=0xffffffd6
       18665000	      1865	80005d64	04d44263	blt	x8,x13,80005da8	  x8:0x1b2858fe x13:0xffffffff
       18675000	      1866	80005d68	013360b3	or	x1,x6,x19	  x6:0x00000000 x19:0x1b285d20  x1=0x1b285d20
       18685000	      1867	80005d6c	00e916b3	sll	x13,x18,x14	 x18:0x000140c3 x14:0xd4971d44 x13=0x00140c30
       18695000	      1868	80005d70	ff922d13	slti	x26,x4,-7	  x4:0x00000000 x26=0x00000000
       18705000	      1869	80005d74	00689ab3	sll	x21,x17,x6	 x17:0xc2e51000  x6:0x00000000 x21=0xc2e51000
       18715000	      1870	80005d78	01aa6933	or	x18,x20,x26	 x20:0x8000a4ec x26:0x00000000 x18=0x8000a4ec
       18725000	      1871	80005d7c	18969317	auipc	x6,0x18969	  x6=0x9896ed78
       18735000	      1872	80005d80	09953e93	sltiu	x29,x10,153	 x10:0xedc41d10 x29=0x00000000
       18745000	      1873	80005d84	00837e33	and	x28,x6,x8	  x6:0x9896ed78  x8:0x1b2858fe x28=0x18004878
       18755000	      1874	80005d88	00ae7fb3	and	x31,x28,x10	 x28:0x18004878 x10:0xedc41d10 x31=0x08000810
       18765000	      1875	80005d8c	02ac5063	bge	x24,x10,80005dac	 x24:0x00001000 x10:0xedc41d10
       18775000	      1876	00000000	00000013	addi	x0,x0,0	  x0:0x00000000
       18785000	      1877	80005da8	00000013	addi	x0,x0,0	  x0:0x00000000
       18795000	      1878	80005dac	0a719917	auipc	x18,0xa719	 x18=0x8a71eda8
       18805000	      1879	80005db0	4ad64613	xori	x12,x12,1197	 x12:0x00000001 x12=0x000004ac
       18815000	      1880	80005db4	004d1333	sll	x6,x26,x4	 x26:0x00000000  x4:0x00000000  x6=0x00000000
       18825000	      1881	80005db8	00000013	addi	x0,x0,0	  x0:0x00000000
       18835000	      1882	80005dbc	7d6fe793	ori	x15,x31,2006	 x31:0x08000810 x15=0x08000fd6
       18845000	      1883	80005dc0	a3d9ce93	xori	x29,x19,-1475	 x19:0x1b285d20 x29=0xe4d7a71d
       18855000	      1884	80005dc4	ee5af513	andi	x10,x21,-283	 x21:0xc2e51000 x10=0xc2e51000
       18865000	      1885	80005dc8	4d58ef97	auipc	x31,0x4d58e	 x31=0xcd593dc4
       18875000	      1886	80005dcc	001f1863	bne	x30,x1,80005ddc	 x30:0x80009f78  x1:0x1b285d20
       18885000	      1887	00000000	00000013	addi	x0,x0,0	  x0:0x00000000
       18895000	      1888	80005dd8	00000013	addi	x0,x0,0	  x0:0x00000000
       18905000	      1889	80005ddc	c39b4217	auipc	x4,0xc39b4	  x4=0x439b9dd8
       18915000	      1890	80005de0	b75e2693	slti	x13,x28,-1163	 x28:0x18004878 x13=0x00000000
       18925000	      1891	80005de4	002893b3	sll	x7,x17,x2	 x17:0xc2e51000  x2:0x434a0b70  x7=0x10000000
       18935000	      1892	80005de8	015f9233	sll	x4,x31,x21	 x31:0xcd593dc4 x21:0xc2e51000  x4=0xcd593dc4
       18945000	      1893	80005dec	03598063	beq	x19,x21,80005e0c	 x19:0x1b285d20 x21:0xc2e51000
       18955000	      1894	80005df0	00115493	srli	x9,x2,0x1	  x2:0x434a0b70  x9=0x21a505b8
       18965000	      1895	80005df4	10d0b693	sltiu	x13,x1,269	  x1:0x1b285d20 x13=0x00000000
       18975000	      1896	80005df8	0180d133	srl	x2,x1,x24	  x1:0x1b285d20 x24:0x00001000  x2=0x1b285d20
       18985000	      1897	80005dfc	03ef5663	bge	x30,x30,80005e28	 x30:0x80009f78 x30:0x80009f78
       18995000	      1898	00000000	00000013	addi	x0,x0,0	  x0:0x00000000
       19005000	      1899	80005e24	00000013	addi	x0,x0,0	  x0:0x00000000
       19015000	      1900	80005e28	0ee23393	sltiu	x7,x4,238	  x4:0xcd593dc4  x7=0x00000000
       19025000	      1901	80005e2c	00abd733	srl	x14,x23,x10	 x23:0xeb424fff x10:0xc2e51000 x14=0xeb424fff
       19035000	      1902	80005e30	b16eb893	sltiu	x17,x29,-1258	 x29:0xe4d7a71d x17=0x00000001
       19045000	      1903	80005e34	01895fb3	srl	x31,x18,x24	 x18:0x8a71eda8 x24:0x00001000 x31=0x8a71eda8
       19055000	      1904	80005e38	29a82c13	slti	x24,x16,666	 x16:0x00000000 x24=0x00000001
       19065000	      1905	80005e3c	400203b3	sub	x7,x4,x0	  x4:0xcd593dc4  x0:0x00000000  x7=0xcd593dc4
       19075000	      1906	80005e40	f25b7e93	andi	x29,x22,-219	 x22:0x80009fc4 x29=0x80009f04
       19085000	      1907	80005e44	5f3271b7	lui	x3,0x5f327	  x3=0x5f327000
       19095000	      1908	80005e48	01a5e2b3	or	x5,x11,x26	 x11:0x0009f780 x26:0x00000000  x5=0x0009f780
       19105000	      1909	80005e4c	0143d913	srli	x18,x7,0x14	  x7:0xcd593dc4 x18=0x00000cd5
       19115000	      1910	80005e50	05330663	beq	x6,x19,80005e9c	  x6:0x00000000 x19:0x1b285d20
       19125000	      1911	80005e54	017e9a13	slli	x20,x29,0x17	 x29:0x80009f04 x20=0x82000000
       19135000	      1912	80005e58	10737413	andi	x8,x6,263	  x6:0x00000000  x8=0x00000000
       19145000	      1913	80005e5c	41275733	sra	x14,x14,x18	 x14:0xeb424fff x18:0x00000cd5 x14=0xffffff5a
       19155000	      1914	80005e60	93d4e693	ori	x13,x9,-1731	  x9:0x21a505b8 x13=0xfffffdbd
       19165000	      1915	80005e64	01bb35b3	sltu	x11,x22,x27	 x22:0x80009fc4 x27:0x00000001 x11=0x00000000
       19175000	      1916	80005e68	06c54617	auipc	x12,0x6c54	 x12=0x86c59e64
       19185000	      1917	80005e6c	00650233	add	x4,x10,x6	 x10:0xc2e51000  x6:0x00000000  x4=0xc2e51000
       19195000	      1918	80005e70	0127ca63	blt	x15,x18,80005e84	 x15:0x08000fd6 x18:0x00000cd5
       19205000	      1919	80005e74	60528c13	addi	x24,x5,1541	  x5:0x0009f780 x24=0x0009fd85
       19215000	      1920	80005e78	b53ad497	auipc	x9,0xb53ad	  x9=0x353b2e74
       19225000	      1921	80005e7c	415add33	sra	x26,x21,x21	 x21:0xc2e51000 x21:0xc2e51000 x26=0xc2e51000
       19235000	      1922	80005e80	40715e33	sra	x28,x2,x7	  x2:0x1b285d20  x7:0xcd593dc4 x28=0x01b285d2
       19245000	      1923	80005e84	00000013	addi	x0,x0,0	  x0:0x00000000
       19255000	      1924	80005e88	04f1c663	blt	x3,x15,80005ed4	  x3:0x5f327000 x15:0x08000fd6
       19265000	      1925	80005e8c	01bb1313	slli	x6,x22,0x1b	 x22:0x80009fc4  x6=0x20000000
       19275000	      1926	80005e90	00968133	add	x2,x13,x9	 x13:0xfffffdbd  x9:0x353b2e74  x2=0x353b2c31
       19285000	      1927	80005e94	011c28b3	slt	x17,x24,x17	 x24:0x0009fd85 x17:0x00000001 x17=0x00000000
       19295000	      1928	80005e98	03906263	bltu	x0,x25,80005ebc	  x0:0x00000000 x25:0x00000001
       19305000	      1929	00000000	00000013	addi	x0,x0,0	  x0:0x00000000
       19315000	      1930	80005eb8	00000013	addi	x0,x0,0	  x0:0x00000000
       19325000	      1931	80005ebc	01cc6633	or	x12,x24,x28	 x24:0x0009fd85 x28:0x01b285d2 x12=0x01bbfdd7
       19335000	      1932	80005ec0	00390463	beq	x18,x3,80005ec8	 x18:0x00000cd5  x3:0x5f327000
       19345000	      1933	80005ec4	020e5663	bge	x28,x0,80005ef0	 x28:0x01b285d2  x0:0x00000000
       19355000	      1934	00000000	00000013	addi	x0,x0,0	  x0:0x00000000
       19365000	      1935	80005eec	00000013	addi	x0,x0,0	  x0:0x00000000
       19375000	      1936	80005ef0	04341263	bne	x8,x3,80005f34	  x8:0x00000000  x3:0x5f327000
       19385000	      1937	00000000	00000013	addi	x0,x0,0	  x0:0x00000000
       19395000	      1938	80005f30	00000013	addi	x0,x0,0	  x0:0x00000000
       19405000	      1939	80005f34	015eca33	xor	x20,x29,x21	 x29:0x80009f04 x21:0xc2e51000 x20=0x42e58f04
       19415000	      1940	80005f38	00cf2ab3	slt	x21,x30,x12	 x30:0x80009f78 x12:0x01bbfdd7 x21=0x00000001
       19425000	      1941	80005f3c	015a77b3	and	x15,x20,x21	 x20:0x42e58f04 x21:0x00000001 x15=0x00000000
       19435000	      1942	80005f40	00f25113	srli	x2,x4,0xf	  x4:0xc2e51000  x2=0x000185ca
       19445000	      1943	80005f44	00000013	addi	x0,x0,0	  x0:0x00000000
       19455000	      1944	80005f48	0115f3b3	and	x7,x11,x17	 x11:0x00000000 x17:0x00000000  x7=0x00000000
       19465000	      1945	80005f4c	7c2bb593	sltiu	x11,x23,1986	 x23:0xeb424fff x11=0x00000000
       19475000	      1946	80005f50	00529893	slli	x17,x5,0x5	  x5:0x0009f780 x17=0x013ef000
       19485000	      1947	80005f54	f8eee913	ori	x18,x29,-114	 x29:0x80009f04 x18=0xffffff8e
       19495000	      1948	80005f58	000b5e93	srli	x29,x22,0x0	 x22:0x80009fc4 x29=0x80009fc4
       19505000	      1949	80005f5c	01861293	slli	x5,x12,0x18	 x12:0x01bbfdd7  x5=0xd7000000
       19515000	      1950	80005f60	b9346a93	ori	x21,x8,-1133	  x8:0x00000000 x21=0xfffffb93
       19525000	      1951	80005f64	00d539b3	sltu	x19,x10,x13	 x10:0xc2e51000 x13:0xfffffdbd x19=0x00000001
       19535000	      1952	80005f68	78325b97	auipc	x23,0x78325	 x23=0xf832af64
       19545000	      1953	80005f6c	00748c33	add	x24,x9,x7	  x9:0x353b2e74  x7:0x00000000 x24=0x353b2e74
       19555000	      1954	80005f70	0004e7b3	or	x15,x9,x0	  x9:0x353b2e74  x0:0x00000000 x15=0x353b2e74
       19565000	      1955	80005f74	00539c33	sll	x24,x7,x5	  x7:0x00000000  x5:0xd7000000 x24=0x00000000
       19575000	      1956	80005f78	0317e463	bltu	x15,x17,80005fa0	 x15:0x353b2e74 x17:0x013ef000
       19585000	      1957	80005f7c	0143e333	or	x6,x7,x20	  x7:0x00000000 x20:0x42e58f04  x6=0x42e58f04
       19595000	      1958	80005f80	01330a33	add	x20,x6,x19	  x6:0x42e58f04 x19:0x00000001 x20=0x42e58f05
       19605000	      1959	80005f84	002b7a63	bgeu	x22,x2,80005f98	 x22:0x80009fc4  x2:0x000185ca
       19615000	      1960	00000000	00000013	addi	x0,x0,0	  x0:0x00000000
       19625000	      1961	80005f94	00000013	addi	x0,x0,0	  x0:0x00000000
       19635000	      1962	80005f98	0417e063	bltu	x15,x1,80005fd8	 x15:0x353b2e74  x1:0x1b285d20
       19645000	      1963	80005f9c	01461933	sll	x18,x12,x20	 x12:0x01bbfdd7 x20:0x42e58f05 x18=0x377fbae0
       19655000	      1964	80005fa0	2e20ee13	ori	x28,x1,738	  x1:0x1b285d20 x28=0x1b285fe2
       19665000	      1965	80005fa4	2344be13	sltiu	x28,x9,564	  x9:0x353b2e74 x28=0x00000000
       19675000	      1966	80005fa8	00721863	bne	x4,x7,80005fb8	  x4:0xc2e51000  x7:0x00000000
       19685000	      1967	00000000	00000013	addi	x0,x0,0	  x0:0x00000000
       19695000	      1968	80005fb4	00000013	addi	x0,x0,0	  x0:0x00000000
       19705000	      1969	80005fb8	002c5893	srli	x17,x24,0x2	 x24:0x00000000 x17=0x00000000
       19715000	      1970	80005fbc	008ed263	bge	x29,x8,80005fc0	 x29:0x80009fc4  x8:0x00000000
       19725000	      1971	80005fc0	006c6333	or	x6,x24,x6	 x24:0x00000000  x6:0x42e58f04  x6=0x42e58f04
       19735000	      1972	80005fc4	01ceefb3	or	x31,x29,x28	 x29:0x80009fc4 x28:0x00000000 x31=0x80009fc4
       19745000	      1973	80005fc8	3b29cc93	xori	x25,x19,946	 x19:0x00000001 x25=0x000003b3
       19755000	      1974	80005fcc	cc0aed13	ori	x26,x21,-832	 x21:0xfffffb93 x26=0xffffffd3
       19765000	      1975	80005fd0	41e05fb3	sra	x31,x0,x30	  x0:0x00000000 x30:0x80009f78 x31=0x00000000
       19775000	      1976	80005fd4	00e42033	slt	x0,x8,x14	  x8:0x00000000 x14:0xffffff5a
       19785000	      1977	80005fd8	bddbed13	ori	x26,x23,-1059	 x23:0xf832af64 x26=0xfffffffd
       19795000	      1978	80005fdc	00c0c033	xor	x0,x1,x12	  x1:0x1b285d20 x12:0x01bbfdd7
       19805000	      1979	80005fe0	6d1b4e93	xori	x29,x22,1745	 x22:0x80009fc4 x29=0x80009915
       19815000	      1980	80005fe4	01b7adb3	slt	x27,x15,x27	 x15:0x353b2e74 x27:0x00000001 x27=0x00000000
       19825000	      1981	80005fe8	00450c33	add	x24,x10,x4	 x10:0xc2e51000  x4:0xc2e51000 x24=0x85ca2000
       19835000	      1982	80005fec	a312c413	xori	x8,x5,-1487	  x5:0xd7000000  x8=0x28fffa31
       19845000	      1983	80005ff0	008964b3	or	x9,x18,x8	 x18:0x377fbae0  x8:0x28fffa31  x9=0x3ffffaf1
       19855000	      1984	80005ff4	00bda6b3	slt	x13,x27,x11	 x27:0x00000000 x11:0x00000000 x13=0x00000000
       19865000	      1985	80005ff8	00436c33	or	x24,x6,x4	  x6:0x42e58f04  x4:0xc2e51000 x24=0xc2e59f04
       19875000	      1986	80005ffc	051b4263	blt	x22,x17,80006040	 x22:0x80009fc4 x17:0x00000000
       19885000	      1987	00000000	00000013	addi	x0,x0,0	  x0:0x00000000
       19895000	      1988	8000603c	00000013	addi	x0,x0,0	  x0:0x00000000
       19905000	      1989	80006040	412ed793	srai	x15,x29,0x12	 x29:0x80009915 x15=0xffffe000
       19915000	      1990	80006044	cecf7c93	andi	x25,x30,-788	 x30:0x80009f78 x25=0x80009c68
       19925000	      1991	80006048	a5017713	andi	x14,x2,-1456	  x2:0x000185ca x14=0x00018040
       19935000	      1992	8000604c	017f1113	slli	x2,x30,0x17	 x30:0x80009f78  x2=0xbc000000
       19945000	      1993	80006050	019b6db3	or	x27,x22,x25	 x22:0x80009fc4 x25:0x80009c68 x27=0x80009fec
       19955000	      1994	80006054	83854597	auipc	x11,0x83854	 x11=0x0385a050
       19965000	      1995	80006058	043cf063	bgeu	x25,x3,80006098	 x25:0x80009c68  x3:0x5f327000
       19975000	      1996	00000000	00000013	addi	x0,x0,0	  x0:0x00000000
       19985000	      1997	80006094	00000013	addi	x0,x0,0	  x0:0x00000000
       19995000	      1998	80006098	c8f92c37	lui	x24,0xc8f92	 x24=0xc8f92000
       20005000	      1999	8000609c	008c9993	slli	x19,x25,0x8	 x25:0x80009c68 x19=0x009c6800
       20015000	      2000	800060a0	00000013	addi	x0,x0,0	  x0:0x00000000
       20025000	      2001	800060a4	031f9c63	bne	x31,x17,800060dc	 x31:0x00000000 x17:0x00000000
       20035000	      2002	800060a8	414f5893	srai	x17,x30,0x14	 x30:0x80009f78 x17=0xfffff800
       20045000	      2003	800060ac	00000013	addi	x0,x0,0	  x0:0x00000000
       20055000	      2004	800060b0	010cd0b3	srl	x1,x25,x16	 x25:0x80009c68 x16:0x00000000  x1=0x80009c68
       20065000	      2005	800060b4	3668af93	slti	x31,x17,870	 x17:0xfffff800 x31=0x00000001
       20075000	      2006	800060b8	05b79663	bne	x15,x27,80006104	 x15:0xffffe000 x27:0x80009fec
       20085000	      2007	00000000	00000013	addi	x0,x0,0	  x0:0x00000000
       20095000	      2008	80006100	00000013	addi	x0,x0,0	  x0:0x00000000
       20105000	      2009	80006104	7f0f2913	slti	x18,x30,2032	 x30:0x80009f78 x18=0x00000001
       20115000	      2010	80006108	01b17463	bgeu	x2,x27,80006110	  x2:0xbc000000 x27:0x80009fec
       20125000	      2011	00000000	00000013	addi	x0,x0,0	  x0:0x00000000
       20135000	      2012	8000610c	00000013	addi	x0,x0,0	  x0:0x00000000
       20145000	      2013	80006110	01741fb3	sll	x31,x8,x23	  x8:0x28fffa31 x23:0xf832af64 x31=0x8fffa310
       20155000	      2014	80006114	ad7d9937	lui	x18,0xad7d9	 x18=0xad7d9000
       20165000	      2015	80006118	c39a2413	slti	x8,x20,-967	 x20:0x42e58f05  x8=0x00000000
       20175000	      2016	8000611c	01fea6b3	slt	x13,x29,x31	 x29:0x80009915 x31:0x8fffa310 x13=0x00000001
       20185000	      2017	80006120	05e76663	bltu	x14,x30,8000616c	 x14:0x00018040 x30:0x80009f78
       20195000	      2018	00000000	00000013	addi	x0,x0,0	  x0:0x00000000
       20205000	      2019	80006168	00000013	addi	x0,x0,0	  x0:0x00000000
       20215000	      2020	8000616c	2afdf093	andi	x1,x27,687	 x27:0x80009fec  x1=0x000002ac
       20225000	      2021	80006170	03df8063	beq	x31,x29,80006190	 x31:0x8fffa310 x29:0x80009915
       20235000	      2022	80006174	002c5913	srli	x18,x24,0x2	 x24:0xc8f92000 x18=0x323e4800
       20245000	      2023	80006178	00edcfb3	xor	x31,x27,x14	 x27:0x80009fec x14:0x00018040 x31=0x80011fac
       20255000	      2024	8000617c	00722933	slt	x18,x4,x7	  x4:0xc2e51000  x7:0x00000000 x18=0x00000001
       20265000	      2025	80006180	4017d1b3	sra	x3,x15,x1	 x15:0xffffe000  x1:0x000002ac  x3=0xfffffffe
       20275000	      2026	80006184	036b9e63	bne	x23,x22,800061c0	 x23:0xf832af64 x22:0x80009fc4
       20285000	      2027	00000000	00000013	addi	x0,x0,0	  x0:0x00000000
       20295000	      2028	800061bc	00000013	addi	x0,x0,0	  x0:0x00000000
       20305000	      2029	800061c0	058a1263	bne	x20,x24,80006204	 x20:0x42e58f05 x24:0xc8f92000
       20315000	      2030	00000000	00000013	addi	x0,x0,0	  x0:0x00000000
       20325000	      2031	80006200	00000013	addi	x0,x0,0	  x0:0x00000000
       20335000	      2032	80006204	03a81263	bne	x16,x26,80006228	 x16:0x00000000 x26:0xfffffffd
       20345000	      2033	00000000	00000013	addi	x0,x0,0	  x0:0x00000000
       20355000	      2034	80006224	00000013	addi	x0,x0,0	  x0:0x00000000
       20365000	      2035	80006228	01f93633	sltu	x12,x18,x31	 x18:0x00000001 x31:0x80011fac x12=0x00000001
       20375000	      2036	8000622c	00478133	add	x2,x15,x4	 x15:0xffffe000  x4:0xc2e51000  x2=0xc2e4f000
       20385000	      2037	80006230	02857463	bgeu	x10,x8,80006258	 x10:0xc2e51000  x8:0x00000000
       20395000	      2038	00000000	00000013	addi	x0,x0,0	  x0:0x00000000
       20405000	      2039	80006254	00000013	addi	x0,x0,0	  x0:0x00000000
       20415000	      2040	80006258	45e20037	lui	x0,0x45e20	
       20425000	      2041	8000625c	0599a213	slti	x4,x19,89	 x19:0x009c6800  x4=0x00000000
       20435000	      2042	80006260	011d1a33	sll	x20,x26,x17	 x26:0xfffffffd x17:0xfffff800 x20=0xfffffffd
       20445000	      2043	80006264	85821797	auipc	x15,0x85821	 x15=0x05827260
       20455000	      2044	80006268	05529063	bne	x5,x21,800062a8	  x5:0xd7000000 x21:0xfffffb93
       20465000	      2045	00000000	00000013	addi	x0,x0,0	  x0:0x00000000
       20475000	      2046	800062a4	00000013	addi	x0,x0,0	  x0:0x00000000
       20485000	      2047	800062a8	02ca4063	blt	x20,x12,800062c8	 x20:0xfffffffd x12:0x00000001
       20495000	      2048	00000000	00000013	addi	x0,x0,0	  x0:0x00000000
       20505000	      2049	800062c4	00000013	addi	x0,x0,0	  x0:0x00000000
       20515000	      2050	800062c8	40825c33	sra	x24,x4,x8	  x4:0x00000000  x8:0x00000000 x24=0x00000000
       20525000	      2051	800062cc	00766a63	bltu	x12,x7,800062e0	 x12:0x00000001  x7:0x00000000
       20535000	      2052	800062d0	01225db3	srl	x27,x4,x18	  x4:0x00000000 x18:0x00000001 x27=0x00000000
       20545000	      2053	800062d4	08a0fc97	auipc	x25,0x8a0f	 x25=0x88a152d0
       20555000	      2054	800062d8	05fb7863	bgeu	x22,x31,80006328	 x22:0x80009fc4 x31:0x80011fac
       20565000	      2055	800062dc	00eb0d33	add	x26,x22,x14	 x22:0x80009fc4 x14:0x00018040 x26=0x80022004
       20575000	      2056	800062e0	cd924b93	xori	x23,x4,-807	  x4:0x00000000 x23=0xfffffcd9
       20585000	      2057	800062e4	00000013	addi	x0,x0,0	  x0:0x00000000
       20595000	      2058	800062e8	0203c063	blt	x7,x0,80006308	  x7:0x00000000  x0:0x00000000
       20605000	      2059	800062ec	f3b56e13	ori	x28,x10,-197	 x10:0xc2e51000 x28=0xffffff3b
       20615000	      2060	800062f0	ba439237	lui	x4,0xba439	  x4=0xba439000
       20625000	      2061	800062f4	fb697513	andi	x10,x18,-74	 x18:0x00000001 x10=0x00000000
       20635000	      2062	800062f8	81d52393	slti	x7,x10,-2019	 x10:0x00000000  x7=0x00000000
       20645000	      2063	800062fc	4026d9b3	sra	x19,x13,x2	 x13:0x00000001  x2:0xc2e4f000 x19=0x00000001
       20655000	      2064	80006300	003f9893	slli	x17,x31,0x3	 x31:0x80011fac x17=0x0008fd60
       20665000	      2065	80006304	27915e97	auipc	x29,0x27915	 x29=0xa791b300
       20675000	      2066	80006308	41f3de13	srai	x28,x7,0x1f	  x7:0x00000000 x28=0x00000000
       20685000	      2067	8000630c	fb582297	auipc	x5,0xfb582	  x5=0x7b588308
       20695000	      2068	80006310	4074d733	sra	x14,x9,x7	  x9:0x3ffffaf1  x7:0x00000000 x14=0x3ffffaf1
       20705000	      2069	80006314	010a2cb3	slt	x25,x20,x16	 x20:0xfffffffd x16:0x00000000 x25=0x00000001
       20715000	      2070	80006318	019043b3	xor	x7,x0,x25	  x0:0x00000000 x25:0x00000001  x7=0x00000001
       20725000	      2071	8000631c	51f3b013	sltiu	x0,x7,1311	  x7:0x00000001
       20735000	      2072	80006320	01448d33	add	x26,x9,x20	  x9:0x3ffffaf1 x20:0xfffffffd x26=0x3ffffaee
       20745000	      2073	80006324	97007793	andi	x15,x0,-1680	  x0:0x00000000 x15=0x00000000
       20755000	      2074	80006328	014a98b3	sll	x17,x21,x20	 x21:0xfffffb93 x20:0xfffffffd x17=0x60000000
       20765000	      2075	8000632c	01fa5c93	srli	x25,x20,0x1f	 x20:0xfffffffd x25=0x00000001
       20775000	      2076	80006330	00c133b3	sltu	x7,x2,x12	  x2:0xc2e4f000 x12:0x00000001  x7=0x00000000
       20785000	      2077	80006334	43e20213	addi	x4,x4,1086	  x4:0xba439000  x4=0xba43943e
       20795000	      2078	80006338	055b5663	bge	x22,x21,80006384	 x22:0x80009fc4 x21:0xfffffb93
       20805000	      2079	8000633c	03f4ee63	bltu	x9,x31,80006378	  x9:0x3ffffaf1 x31:0x80011fac
       20815000	      2080	00000000	00000013	addi	x0,x0,0	  x0:0x00000000
       20825000	      2081	80006374	00000013	addi	x0,x0,0	  x0:0x00000000
       20835000	      2082	80006378	ddf08c93	addi	x25,x1,-545	  x1:0x000002ac x25=0x0000008b
       20845000	      2083	8000637c	405b01b3	sub	x3,x22,x5	 x22:0x80009fc4  x5:0x7b588308  x3=0x04a81cbc
       20855000	      2084	80006380	40e45513	srai	x10,x8,0xe	  x8:0x00000000 x10=0x00000000
       20865000	      2085	80006384	000314b3	sll	x9,x6,x0	  x6:0x42e58f04  x0:0x00000000  x9=0x42e58f04
       20875000	      2086	80006388	b6da6593	ori	x11,x20,-1171	 x20:0xfffffffd x11=0xfffffffd
       20885000	      2087	8000638c	00a81263	bne	x16,x10,80006390	 x16:0x00000000 x10:0x00000000
       20895000	      2088	80006390	015389b3	add	x19,x7,x21	  x7:0x00000000 x21:0xfffffb93 x19=0xfffffb93
       20905000	      2089	80006394	180dfe93	andi	x29,x27,384	 x27:0x00000000 x29=0x00000000
       20915000	      2090	80006398	2f574d93	xori	x27,x14,757	 x14:0x3ffffaf1 x27=0x3ffff804
       20925000	      2091	8000639c	2e9d6197	auipc	x3,0x2e9d6	  x3=0xae9dc398
       20935000	      2092	800063a0	14904917	auipc	x18,0x14904	 x18=0x9490a39c
       20945000	      2093	800063a4	00c485b3	add	x11,x9,x12	  x9:0x42e58f04 x12:0x00000001 x11=0x42e58f05
       20955000	      2094	800063a8	01b0f5b3	and	x11,x1,x27	  x1:0x000002ac x27:0x3ffff804 x11=0x00000004
       20965000	      2095	800063ac	41f405b3	sub	x11,x8,x31	  x8:0x00000000 x31:0x80011fac x11=0x7ffee054
       20975000	      2096	800063b0	3422e693	ori	x13,x5,834	  x5:0x7b588308 x13=0x7b58834a
       20985000	      2097	800063b4	00165033	srl	x0,x12,x1	 x12:0x00000001  x1:0x000002ac
       20995000	      2098	800063b8	d98c2a13	slti	x20,x24,-616	 x24:0x00000000 x20=0x00000000
       21005000	      2099	800063bc	04ef5663	bge	x30,x14,80006408	 x30:0x80009f78 x14:0x3ffffaf1
       21015000	      2100	800063c0	01d09593	slli	x11,x1,0x1d	  x1:0x000002ac x11=0x80000000
       21025000	      2101	800063c4	34460093	addi	x1,x12,836	 x12:0x00000001  x1=0x00000345
       21035000	      2102	800063c8	27ffcb93	xori	x23,x31,639	 x31:0x80011fac x23=0x80011dd3
       21045000	      2103	800063cc	400cdc93	srai	x25,x25,0x0	 x25:0x0000008b x25=0x0000008b
       21055000	      2104	800063d0	99702c93	slti	x25,x0,-1641	  x0:0x00000000 x25=0x00000000
       21065000	      2105	800063d4	ba9a6313	ori	x6,x20,-1111	 x20:0x00000000  x6=0xfffffba9
       21075000	      2106	800063d8	01817863	bgeu	x2,x24,800063e8	  x2:0xc2e4f000 x24:0x00000000
       21085000	      2107	00000000	00000013	addi	x0,x0,0	  x0:0x00000000
       21095000	      2108	800063e4	00000013	addi	x0,x0,0	  x0:0x00000000
       21105000	      2109	800063e8	b90eda17	auipc	x20,0xb90ed	 x20=0x390f33e4
       21115000	      2110	800063ec	00965f93	srli	x31,x12,0x9	 x12:0x00000001 x31=0x00000000
       21125000	      2111	800063f0	fcba4693	xori	x13,x20,-53	 x20:0x390f33e4 x13=0xc6f0cc2f
       21135000	      2112	800063f4	a1584613	xori	x12,x16,-1515	 x16:0x00000000 x12=0xfffffa15
       21145000	      2113	800063f8	6d02e697	auipc	x13,0x6d02e	 x13=0xed0343f4
       21155000	      2114	800063fc	0899a413	slti	x8,x19,137	 x19:0xfffffb93  x8=0x00000001
       21165000	      2115	80006400	0170ed33	or	x26,x1,x23	  x1:0x00000345 x23:0x80011dd3 x26=0x80011fd7
       21175000	      2116	80006404	00c83633	sltu	x12,x16,x12	 x16:0x00000000 x12:0xfffffa15 x12=0x00000001
       21185000	      2117	80006408	016b11b3	sll	x3,x22,x22	 x22:0x80009fc4 x22:0x80009fc4  x3=0x0009fc40
       21195000	      2118	8000640c	01d60463	beq	x12,x29,80006414	 x12:0x00000001 x29:0x00000000
       21205000	      2119	80006410	f7433393	sltiu	x7,x6,-140	  x6:0xfffffba9  x7=0x00000001
       21215000	      2120	80006414	051d1263	bne	x26,x17,80006458	 x26:0x80011fd7 x17:0x60000000
       21225000	      2121	00000000	00000013	addi	x0,x0,0	  x0:0x00000000
       21235000	      2122	80006454	00000013	addi	x0,x0,0	  x0:0x00000000
       21245000	      2123	80006458	41088db3	sub	x27,x17,x16	 x17:0x60000000 x16:0x00000000 x27=0x60000000
       21255000	      2124	8000645c	2a98b393	sltiu	x7,x17,681	 x17:0x60000000  x7=0x00000000
       21265000	      2125	80006460	b62c9517	auipc	x10,0xb62c9	 x10=0x362cf45c
       21275000	      2126	80006464	00000013	addi	x0,x0,0	  x0:0x00000000
       21285000	      2127	80006468	04e45463	bge	x8,x14,800064b0	  x8:0x00000001 x14:0x3ffffaf1
       21295000	      2128	8000646c	7967bd93	sltiu	x27,x15,1942	 x15:0x00000000 x27=0x00000001
       21305000	      2129	80006470	8d4caa17	auipc	x20,0x8d4ca	 x20=0x0d4d046c
       21315000	      2130	80006474	01a5b4b3	sltu	x9,x11,x26	 x11:0x80000000 x26:0x80011fd7  x9=0x00000001
       21325000	      2131	80006478	026a7263	bgeu	x20,x6,8000649c	 x20:0x0d4d046c  x6:0xfffffba9
       21335000	      2132	8000647c	004c86b3	add	x13,x25,x4	 x25:0x00000000  x4:0xba43943e x13=0xba43943e
       21345000	      2133	80006480	04d9e263	bltu	x19,x13,800064c4	 x19:0xfffffb93 x13:0xba43943e
       21355000	      2134	80006484	004f8e63	beq	x31,x4,800064a0	 x31:0x00000000  x4:0xba43943e
       21365000	      2135	80006488	fddf0013	addi	x0,x30,-35	 x30:0x80009f78
       21375000	      2136	8000648c	01a1dc13	srli	x24,x3,0x1a	  x3:0x0009fc40 x24=0x00000000
       21385000	      2137	80006490	65e28693	addi	x13,x5,1630	  x5:0x7b588308 x13=0x7b588966
       21395000	      2138	80006494	0036d9b3	srl	x19,x13,x3	 x13:0x7b588966  x3:0x0009fc40 x19=0x7b588966
       21405000	      2139	80006498	03555863	bge	x10,x21,800064c8	 x10:0x362cf45c x21:0xfffffb93
       21415000	      2140	00000000	00000013	addi	x0,x0,0	  x0:0x00000000
       21425000	      2141	800064c4	00000013	addi	x0,x0,0	  x0:0x00000000
       21435000	      2142	800064c8	0028e7b3	or	x15,x17,x2	 x17:0x60000000  x2:0xc2e4f000 x15=0xe2e4f000
       21445000	      2143	800064cc	00a9b933	sltu	x18,x19,x10	 x19:0x7b588966 x10:0x362cf45c x18=0x00000000
       21455000	      2144	800064d0	41b501b3	sub	x3,x10,x27	 x10:0x362cf45c x27:0x00000001  x3=0x362cf45b
       21465000	      2145	800064d4	058ec063	blt	x29,x24,80006514	 x29:0x00000000 x24:0x00000000
       21475000	      2146	800064d8	01fb1e13	slli	x28,x22,0x1f	 x22:0x80009fc4 x28=0x00000000
       21485000	      2147	800064dc	02524663	blt	x4,x5,80006508	  x4:0xba43943e  x5:0x7b588308
       21495000	      2148	00000000	00000013	addi	x0,x0,0	  x0:0x00000000
       21505000	      2149	80006504	00000013	addi	x0,x0,0	  x0:0x00000000
       21515000	      2150	80006508	01fad633	srl	x12,x21,x31	 x21:0xfffffb93 x31:0x00000000 x12=0xfffffb93
       21525000	      2151	8000650c	01a24e63	blt	x4,x26,80006528	  x4:0xba43943e x26:0x80011fd7
       21535000	      2152	80006510	63ff6a93	ori	x21,x30,1599	 x30:0x80009f78 x21=0x80009f7f
       21545000	      2153	80006514	c99faa13	slti	x20,x31,-871	 x31:0x00000000 x20=0x00000000
       21555000	      2154	80006518	007eb533	sltu	x10,x29,x7	 x29:0x00000000  x7:0x00000000 x10=0x00000000
       21565000	      2155	8000651c	00a262b3	or	x5,x4,x10	  x4:0xba43943e x10:0x00000000  x5=0xba43943e
       21575000	      2156	80006520	02454c63	blt	x10,x4,80006558	 x10:0x00000000  x4:0xba43943e
       21585000	      2157	80006524	409bd613	srai	x12,x23,0x9	 x23:0x80011dd3 x12=0xffc0008e
       21595000	      2158	80006528	400ed713	srai	x14,x29,0x0	 x29:0x00000000 x14=0x00000000
       21605000	      2159	8000652c	01555313	srli	x6,x10,0x15	 x10:0x00000000  x6=0x00000000
       21615000	      2160	80006530	00f4f8b3	and	x17,x9,x15	  x9:0x00000001 x15:0xe2e4f000 x17=0x00000000
       21625000	      2161	80006534	00851f93	slli	x31,x10,0x8	 x10:0x00000000 x31=0x00000000
       21635000	      2162	80006538	0453d063	bge	x7,x5,80006578	  x7:0x00000000  x5:0xba43943e
       21645000	      2163	00000000	00000013	addi	x0,x0,0	  x0:0x00000000
       21655000	      2164	80006574	00000013	addi	x0,x0,0	  x0:0x00000000
       21665000	      2165	80006578	41895533	sra	x10,x18,x24	 x18:0x00000000 x24:0x00000000 x10=0x00000000
       21675000	      2166	8000657c	03635463	bge	x6,x22,800065a4	  x6:0x00000000 x22:0x80009fc4
       21685000	      2167	00000000	00000013	addi	x0,x0,0	  x0:0x00000000
       21695000	      2168	800065a0	00000013	addi	x0,x0,0	  x0:0x00000000
       21705000	      2169	800065a4	01ee9893	slli	x17,x29,0x1e	 x29:0x00000000 x17=0x00000000
       21715000	      2170	800065a8	03280263	beq	x16,x18,800065cc	 x16:0x00000000 x18:0x00000000
       21725000	      2171	00000000	00000013	addi	x0,x0,0	  x0:0x00000000
       21735000	      2172	800065c8	00000013	addi	x0,x0,0	  x0:0x00000000
       21745000	      2173	800065cc	b3fb8d93	addi	x27,x23,-1217	 x23:0x80011dd3 x27=0x80011912
       21755000	      2174	800065d0	01ecddb3	srl	x27,x25,x30	 x25:0x00000000 x30:0x80009f78 x27=0x00000000
       21765000	      2175	800065d4	01839033	sll	x0,x7,x24	  x7:0x00000000 x24:0x00000000
       21775000	      2176	800065d8	0f559a63	bne	x11,x21,800066cc	 x11:0x80000000 x21:0x80009f7f
       21785000	      2177	00000000	00000013	addi	x0,x0,0	  x0:0x00000000
       21795000	      2178	800066c8	00000013	addi	x0,x0,0	  x0:0x00000000
       21805000	      2179	800066cc	66973a13	sltiu	x20,x14,1641	 x14:0x00000000 x20=0x00000001
       21815000	      2180	800066d0	00ac0c63	beq	x24,x10,800066e8	 x24:0x00000000 x10:0x00000000
       21825000	      2181	00000000	00000013	addi	x0,x0,0	  x0:0x00000000
       21835000	      2182	800066e4	00000013	addi	x0,x0,0	  x0:0x00000000
       21845000	      2183	800066e8	00000013	addi	x0,x0,0	  x0:0x00000000
       21855000	      2184	800066ec	1dec4e93	xori	x29,x24,478	 x24:0x00000000 x29=0x000001de
       21865000	      2185	800066f0	02c8c063	blt	x17,x12,80006710	 x17:0x00000000 x12:0xffc0008e
       21875000	      2186	800066f4	0071c533	xor	x10,x3,x7	  x3:0x362cf45b  x7:0x00000000 x10=0x362cf45b
       21885000	      2187	800066f8	f1400f93	addi	x31,x0,-236	  x0:0x00000000 x31=0xffffff14
       21895000	      2188	800066fc	19073013	sltiu	x0,x14,400	 x14:0x00000000
       21905000	      2189	80006700	0067bc33	sltu	x24,x15,x6	 x15:0xe2e4f000  x6:0x00000000 x24=0x00000000
       21915000	      2190	80006704	016b99b3	sll	x19,x23,x22	 x23:0x80011dd3 x22:0x80009fc4 x19=0x0011dd30
       21925000	      2191	80006708	01af4733	xor	x14,x30,x26	 x30:0x80009f78 x26:0x80011fd7 x14=0x000180af
       21935000	      2192	8000670c	05d94263	blt	x18,x29,80006750	 x18:0x00000000 x29:0x000001de
       21945000	      2193	00000000	00000013	addi	x0,x0,0	  x0:0x00000000
       21955000	      2194	8000674c	00000013	addi	x0,x0,0	  x0:0x00000000
       21965000	      2195	80006750	02186263	bltu	x16,x1,80006774	 x16:0x00000000  x1:0x00000345
       21975000	      2196	00000000	00000013	addi	x0,x0,0	  x0:0x00000000
       21985000	      2197	80006770	00000013	addi	x0,x0,0	  x0:0x00000000
       21995000	      2198	80006774	000bb8b3	sltu	x17,x23,x0	 x23:0x80011dd3  x0:0x00000000 x17=0x00000000
       22005000	      2199	80006778	2275e013	ori	x0,x11,551	 x11:0x80000000
       22015000	      2200	8000677c	00d67a33	and	x20,x12,x13	 x12:0xffc0008e x13:0x7b588966 x20=0x7b400006
       22025000	      2201	80006780	410e5a33	sra	x20,x28,x16	 x28:0x00000000 x16:0x00000000 x20=0x00000000
       22035000	      2202	80006784	00692213	slti	x4,x18,6	 x18:0x00000000  x4=0x00000001
       22045000	      2203	80006788	0fbc7713	andi	x14,x24,251	 x24:0x00000000 x14=0x00000000
       22055000	      2204	8000678c	8517d3b7	lui	x7,0x8517d	  x7=0x8517d000
       22065000	      2205	80006790	2f682517	auipc	x10,0x2f682	 x10=0xaf68878c
       22075000	      2206	80006794	03ee7263	bgeu	x28,x30,800067b8	 x28:0x00000000 x30:0x80009f78
       22085000	      2207	80006798	005c4fb3	xor	x31,x24,x5	 x24:0x00000000  x5:0xba43943e x31=0xba43943e
       22095000	      2208	8000679c	00b66133	or	x2,x12,x11	 x12:0xffc0008e x11:0x80000000  x2=0xffc0008e
       22105000	      2209	800067a0	55f08513	addi	x10,x1,1375	  x1:0x00000345 x10=0x000008a4
       22115000	      2210	800067a4	01c9a2b3	slt	x5,x19,x28	 x19:0x0011dd30 x28:0x00000000  x5=0x00000000
       22125000	      2211	800067a8	0181c133	xor	x2,x3,x24	  x3:0x362cf45b x24:0x00000000  x2=0x362cf45b
       22135000	      2212	800067ac	002d9863	bne	x27,x2,800067bc	 x27:0x00000000  x2:0x362cf45b
       22145000	      2213	00000000	00000013	addi	x0,x0,0	  x0:0x00000000
       22155000	      2214	800067b8	00000013	addi	x0,x0,0	  x0:0x00000000
       22165000	      2215	800067bc	01bb3cb3	sltu	x25,x22,x27	 x22:0x80009fc4 x27:0x00000000 x25=0x00000000
       22175000	      2216	800067c0	01c94fb3	xor	x31,x18,x28	 x18:0x00000000 x28:0x00000000 x31=0x00000000
       22185000	      2217	800067c4	01f772b3	and	x5,x14,x31	 x14:0x00000000 x31:0x00000000  x5=0x00000000
       22195000	      2218	800067c8	40aeda93	srai	x21,x29,0xa	 x29:0x000001de x21=0x00000000
       22205000	      2219	800067cc	1029b513	sltiu	x10,x19,258	 x19:0x0011dd30 x10=0x00000000
       22215000	      2220	800067d0	01bd7333	and	x6,x26,x27	 x26:0x80011fd7 x27:0x00000000  x6=0x00000000
       22225000	      2221	800067d4	00809913	slli	x18,x1,0x8	  x1:0x00000345 x18=0x00034500
       22235000	      2222	800067d8	014fdc33	srl	x24,x31,x20	 x31:0x00000000 x20:0x00000000 x24=0x00000000
       22245000	      2223	800067dc	001bdd33	srl	x26,x23,x1	 x23:0x80011dd3  x1:0x00000345 x26=0x040008ee
       22255000	      2224	800067e0	bba76f97	auipc	x31,0xbba76	 x31=0x3ba7c7dc
       22265000	      2225	800067e4	4152db93	srai	x23,x5,0x15	  x5:0x00000000 x23=0x00000000
       22275000	      2226	800067e8	0553d263	bge	x7,x21,8000682c	  x7:0x8517d000 x21:0x00000000
       22285000	      2227	800067ec	31d43a93	sltiu	x21,x8,797	  x8:0x00000001 x21=0x00000001
       22295000	      2228	800067f0	0afcad93	slti	x27,x25,175	 x25:0x00000000 x27=0x00000001
       22305000	      2229	800067f4	074a8d97	auipc	x27,0x74a8	 x27=0x874ae7f0
       22315000	      2230	800067f8	00964863	blt	x12,x9,80006808	 x12:0xffc0008e  x9:0x00000001
       22325000	      2231	00000000	00000013	addi	x0,x0,0	  x0:0x00000000
       22335000	      2232	80006804	00000013	addi	x0,x0,0	  x0:0x00000000
       22345000	      2233	80006808	044d1663	bne	x26,x4,80006854	 x26:0x040008ee  x4:0x00000001
       22355000	      2234	00000000	00000013	addi	x0,x0,0	  x0:0x00000000
       22365000	      2235	80006850	00000013	addi	x0,x0,0	  x0:0x00000000
       22375000	      2236	80006854	00000013	addi	x0,x0,0	  x0:0x00000000
       22385000	      2237	80006858	00835313	srli	x6,x6,0x8	  x6:0x00000000  x6=0x00000000
       22395000	      2238	8000685c	01409263	bne	x1,x20,80006860	  x1:0x00000345 x20:0x00000000
       22405000	      2239	00000000	00000013	addi	x0,x0,0	  x0:0x00000000
       22415000	      2240	8000685c	00000013	addi	x0,x0,0	  x0:0x00000000
       22425000	      2241	80006860	046ff263	bgeu	x31,x6,800068a4	 x31:0x3ba7c7dc  x6:0x00000000
       22435000	      2242	00000000	00000013	addi	x0,x0,0	  x0:0x00000000
       22445000	      2243	800068a0	00000013	addi	x0,x0,0	  x0:0x00000000
       22455000	      2244	800068a4	4831a893	slti	x17,x3,1155	  x3:0x362cf45b x17=0x00000000
       22465000	      2245	800068a8	40e98e33	sub	x28,x19,x14	 x19:0x0011dd30 x14:0x00000000 x28=0x0011dd30
       22475000	      2246	800068ac	00edf3b3	and	x7,x27,x14	 x27:0x874ae7f0 x14:0x00000000  x7=0x00000000
       22485000	      2247	800068b0	4147d393	srai	x7,x15,0x14	 x15:0xe2e4f000  x7=0xfffffe2e
       22495000	      2248	800068b4	411b5933	sra	x18,x22,x17	 x22:0x80009fc4 x17:0x00000000 x18=0x80009fc4
       22505000	      2249	800068b8	00c4bfb3	sltu	x31,x9,x12	  x9:0x00000001 x12:0xffc0008e x31=0x00000001
       22515000	      2250	800068bc	d5e0e793	ori	x15,x1,-674	  x1:0x00000345 x15=0xffffff5f
       22525000	      2251	800068c0	a0d2bd93	sltiu	x27,x5,-1523	  x5:0x00000000 x27=0x00000001
       22535000	      2252	800068c4	01befc63	bgeu	x29,x27,800068dc	 x29:0x000001de x27:0x00000001
       22545000	      2253	00000000	00000013	addi	x0,x0,0	  x0:0x00000000
       22555000	      2254	800068d8	00000013	addi	x0,x0,0	  x0:0x00000000
       22565000	      2255	800068dc	041e6663	bltu	x28,x1,80006928	 x28:0x0011dd30  x1:0x00000345
       22575000	      2256	800068e0	41eb0cb3	sub	x25,x22,x30	 x22:0x80009fc4 x30:0x80009f78 x25=0x0000004c
       22585000	      2257	800068e4	02dd4663	blt	x26,x13,80006910	 x26:0x040008ee x13:0x7b588966
       22595000	      2258	00000000	00000013	addi	x0,x0,0	  x0:0x00000000
       22605000	      2259	8000690c	00000013	addi	x0,x0,0	  x0:0x00000000
       22615000	      2260	80006910	017a0433	add	x8,x20,x23	 x20:0x00000000 x23:0x00000000  x8=0x00000000
       22625000	      2261	80006914	40da0733	sub	x14,x20,x13	 x20:0x00000000 x13:0x7b588966 x14=0x84a7769a
       22635000	      2262	80006918	01ece733	or	x14,x25,x30	 x25:0x0000004c x30:0x80009f78 x14=0x80009f7c
       22645000	      2263	8000691c	901f6e13	ori	x28,x30,-1791	 x30:0x80009f78 x28=0xffffff79
       22655000	      2264	80006920	6976a137	lui	x2,0x6976a	  x2=0x6976a000
       22665000	      2265	80006924	03a64263	blt	x12,x26,80006948	 x12:0xffc0008e x26:0x040008ee
       22675000	      2266	00000000	00000013	addi	x0,x0,0	  x0:0x00000000
       22685000	      2267	80006944	00000013	addi	x0,x0,0	  x0:0x00000000
       22695000	      2268	80006948	04afd263	bge	x31,x10,8000698c	 x31:0x00000001 x10:0x00000000
       22705000	      2269	00000000	00000013	addi	x0,x0,0	  x0:0x00000000
       22715000	      2270	80006988	00000013	addi	x0,x0,0	  x0:0x00000000
       22725000	      2271	8000698c	04691863	bne	x18,x6,800069dc	 x18:0x80009fc4  x6:0x00000000
       22735000	      2272	00000000	00000013	addi	x0,x0,0	  x0:0x00000000
       22745000	      2273	800069d8	00000013	addi	x0,x0,0	  x0:0x00000000
       22755000	      2274	800069dc	02f8e263	bltu	x17,x15,80006a00	 x17:0x00000000 x15:0xffffff5f
       22765000	      2275	00000000	00000013	addi	x0,x0,0	  x0:0x00000000
       22775000	      2276	800069fc	00000013	addi	x0,x0,0	  x0:0x00000000
       22785000	      2277	80006a00	007cc933	xor	x18,x25,x7	 x25:0x0000004c  x7:0xfffffe2e x18=0xfffffe62
       22795000	      2278	80006a04	0151f0b3	and	x1,x3,x21	  x3:0x362cf45b x21:0x00000001  x1=0x00000001
       22805000	      2279	80006a08	8bcc7d93	andi	x27,x24,-1860	 x24:0x00000000 x27=0x00000000
       22815000	      2280	80006a0c	011c72b3	and	x5,x24,x17	 x24:0x00000000 x17:0x00000000  x5=0x00000000
       22825000	      2281	80006a10	01420333	add	x6,x4,x20	  x4:0x00000001 x20:0x00000000  x6=0x00000001
       22835000	      2282	80006a14	05379063	bne	x15,x19,80006a54	 x15:0xffffff5f x19:0x0011dd30
       22845000	      2283	00000000	00000013	addi	x0,x0,0	  x0:0x00000000
       22855000	      2284	80006a50	00000013	addi	x0,x0,0	  x0:0x00000000
       22865000	      2285	80006a54	16792393	slti	x7,x18,359	 x18:0xfffffe62  x7=0x00000001
       22875000	      2286	80006a58	00e588b3	add	x17,x11,x14	 x11:0x80000000 x14:0x80009f7c x17=0x00009f7c
       22885000	      2287	80006a5c	05d14663	blt	x2,x29,80006aa8	  x2:0x6976a000 x29:0x000001de
       22895000	      2288	80006a60	000e9c13	slli	x24,x29,0x0	 x29:0x000001de x24=0x000001de
       22905000	      2289	80006a64	00277233	and	x4,x14,x2	 x14:0x80009f7c  x2:0x6976a000  x4=0x00008000
       22915000	      2290	80006a68	03e14863	blt	x2,x30,80006a98	  x2:0x6976a000 x30:0x80009f78
       22925000	      2291	80006a6c	01545a63	bge	x8,x21,80006a80	  x8:0x00000000 x21:0x00000001
       22935000	      2292	80006a70	01e09193	slli	x3,x1,0x1e	  x1:0x00000001  x3=0x40000000
       22945000	      2293	80006a74	01ba50b3	srl	x1,x20,x27	 x20:0x00000000 x27:0x00000000  x1=0x00000000
       22955000	      2294	80006a78	7ee6fd93	andi	x27,x13,2030	 x13:0x7b588966 x27=0x00000166
       22965000	      2295	80006a7c	113d6213	ori	x4,x26,275	 x26:0x040008ee  x4=0x040009ff
       22975000	      2296	80006a80	01699113	slli	x2,x19,0x16	 x19:0x0011dd30  x2=0x4c000000
       22985000	      2297	80006a84	00844133	xor	x2,x8,x8	  x8:0x00000000  x8:0x00000000  x2=0x00000000
       22995000	      2298	80006a88	01d2adb3	slt	x27,x5,x29	  x5:0x00000000 x29:0x000001de x27=0x00000001
       23005000	      2299	80006a8c	01bf01b3	add	x3,x30,x27	 x30:0x80009f78 x27:0x00000001  x3=0x80009f79
       23015000	      2300	80006a90	055ad063	bge	x21,x21,80006ad0	 x21:0x00000001 x21:0x00000001
       23025000	      2301	00000000	00000013	addi	x0,x0,0	  x0:0x00000000
       23035000	      2302	80006acc	00000013	addi	x0,x0,0	  x0:0x00000000
       23045000	      2303	80006ad0	be126793	ori	x15,x4,-1055	  x4:0x040009ff x15=0xfffffbff
       23055000	      2304	80006ad4	000d78b3	and	x17,x26,x0	 x26:0x040008ee  x0:0x00000000 x17=0x00000000
       23065000	      2305	80006ad8	38714fb7	lui	x31,0x38714	 x31=0x38714000
       23075000	      2306	80006adc	009d8e63	beq	x27,x9,80006af8	 x27:0x00000001  x9:0x00000001
       23085000	      2307	00000000	00000013	addi	x0,x0,0	  x0:0x00000000
       23095000	      2308	80006af4	00000013	addi	x0,x0,0	  x0:0x00000000
       23105000	      2309	80006af8	bf3c2237	lui	x4,0xbf3c2	  x4=0xbf3c2000
       23115000	      2310	80006afc	009a5b93	srli	x23,x20,0x9	 x20:0x00000000 x23=0x00000000
       23125000	      2311	80006b00	406554b3	sra	x9,x10,x6	 x10:0x00000000  x6:0x00000001  x9=0x00000000
       23135000	      2312	80006b04	01a79463	bne	x15,x26,80006b0c	 x15:0xfffffbff x26:0x040008ee
       23145000	      2313	00000000	00000013	addi	x0,x0,0	  x0:0x00000000
       23155000	      2314	80006b08	00000013	addi	x0,x0,0	  x0:0x00000000
       23165000	      2315	80006b0c	04d07663	bgeu	x0,x13,80006b58	  x0:0x00000000 x13:0x7b588966
       23175000	      2316	80006b10	012a9933	sll	x18,x21,x18	 x21:0x00000001 x18:0xfffffe62 x18=0x00000004
       23185000	      2317	80006b14	01fb5bb3	srl	x23,x22,x31	 x22:0x80009fc4 x31:0x38714000 x23=0x80009fc4
       23195000	      2318	80006b18	40375633	sra	x12,x14,x3	 x14:0x80009f7c  x3:0x80009f79 x12=0xffffffc0
       23205000	      2319	80006b1c	0011a6b3	slt	x13,x3,x1	  x3:0x80009f79  x1:0x00000000 x13=0x00000001
       23215000	      2320	80006b20	01f961b3	or	x3,x18,x31	 x18:0x00000004 x31:0x38714000  x3=0x38714004
       23225000	      2321	80006b24	05815263	bge	x2,x24,80006b68	  x2:0x00000000 x24:0x000001de
       23235000	      2322	80006b28	011f4733	xor	x14,x30,x17	 x30:0x80009f78 x17:0x00000000 x14=0x80009f78
       23245000	      2323	80006b2c	016ec263	blt	x29,x22,80006b30	 x29:0x000001de x22:0x80009fc4
       23255000	      2324	80006b30	40fa8c33	sub	x24,x21,x15	 x21:0x00000001 x15:0xfffffbff x24=0x00000402
       23265000	      2325	80006b34	19a5ad13	slti	x26,x11,410	 x11:0x80000000 x26=0x00000001
       23275000	      2326	80006b38	0022c4b3	xor	x9,x5,x2	  x5:0x00000000  x2:0x00000000  x9=0x00000000
       23285000	      2327	80006b3c	00c02bb3	slt	x23,x0,x12	  x0:0x00000000 x12:0xffffffc0 x23=0x00000000
       23295000	      2328	80006b40	03510663	beq	x2,x21,80006b6c	  x2:0x00000000 x21:0x00000001
       23305000	      2329	80006b44	014b8863	beq	x23,x20,80006b54	 x23:0x00000000 x20:0x00000000
       23315000	      2330	00000000	00000013	addi	x0,x0,0	  x0:0x00000000
       23325000	      2331	80006b50	00000013	addi	x0,x0,0	  x0:0x00000000
       23335000	      2332	80006b54	93990993	addi	x19,x18,-1735	 x18:0x00000004 x19=0xfffff93d
       23345000	      2333	80006b58	01884033	xor	x0,x16,x24	 x16:0x00000000 x24:0x00000402
       23355000	      2334	80006b5c	00705c63	bge	x0,x7,80006b74	  x0:0x00000000  x7:0x00000001
       23365000	      2335	80006b60	9e174213	xori	x4,x14,-1567	 x14:0x80009f78  x4=0x7fff6699
       23375000	      2336	80006b64	a10008b7	lui	x17,0xa1000	 x17=0xa1000000
       23385000	      2337	80006b68	00255333	srl	x6,x10,x2	 x10:0x00000000  x2:0x00000000  x6=0x00000000
       23395000	      2338	80006b6c	65a56793	ori	x15,x10,1626	 x10:0x00000000 x15=0x0000065a
       23405000	      2339	80006b70	e00a8193	addi	x3,x21,-512	 x21:0x00000001  x3=0xfffffe01
       23415000	      2340	80006b74	001f0633	add	x12,x30,x1	 x30:0x80009f78  x1:0x00000000 x12=0x80009f78
       23425000	      2341	80006b78	77cb8193	addi	x3,x23,1916	 x23:0x00000000  x3=0x0000077c
       23435000	      2342	80006b7c	05b89263	bne	x17,x27,80006bc0	 x17:0xa1000000 x27:0x00000001
       23445000	      2343	00000000	00000013	addi	x0,x0,0	  x0:0x00000000
       23455000	      2344	80006bbc	00000013	addi	x0,x0,0	  x0:0x00000000
       23465000	      2345	80006bc0	d0ac3613	sltiu	x12,x24,-758	 x24:0x00000402 x12=0x00000001
       23475000	      2346	80006bc4	00bbe933	or	x18,x23,x11	 x23:0x00000000 x11:0x80000000 x18=0x80000000
       23485000	      2347	80006bc8	41105733	sra	x14,x0,x17	  x0:0x00000000 x17:0xa1000000 x14=0x00000000
       23495000	      2348	80006bcc	158aec37	lui	x24,0x158ae	 x24=0x158ae000
       23505000	      2349	80006bd0	00000013	addi	x0,x0,0	  x0:0x00000000
       23515000	      2350	80006bd4	04059663	bne	x11,x0,80006c20	 x11:0x80000000  x0:0x00000000
       23525000	      2351	00000000	00000013	addi	x0,x0,0	  x0:0x00000000
       23535000	      2352	80006c1c	00000013	addi	x0,x0,0	  x0:0x00000000
       23545000	      2353	80006c20	02e94863	blt	x18,x14,80006c50	 x18:0x80000000 x14:0x00000000
       23555000	      2354	00000000	00000013	addi	x0,x0,0	  x0:0x00000000
       23565000	      2355	80006c4c	00000013	addi	x0,x0,0	  x0:0x00000000
       23575000	      2356	80006c50	035be463	bltu	x23,x21,80006c78	 x23:0x00000000 x21:0x00000001
       23585000	      2357	00000000	00000013	addi	x0,x0,0	  x0:0x00000000
       23595000	      2358	80006c74	00000013	addi	x0,x0,0	  x0:0x00000000
       23605000	      2359	80006c78	01794733	xor	x14,x18,x23	 x18:0x80000000 x23:0x00000000 x14=0x80000000
       23615000	      2360	80006c7c	004f2d83	lw	x27,4(x30)	 x30:0x80009f78 x27=0x80000c7c PA:0x80009f7c
       23625000	      2361	80006c80	414f5a13	srai	x20,x30,0x14	 x30:0x80009f78 x20=0xfffff800
       23635000	      2362	80006c84	009e5eb3	srl	x29,x28,x9	 x28:0xffffff79  x9:0x00000000 x29=0xffffff79
       23645000	      2363	80006c88	40ed5533	sra	x10,x26,x14	 x26:0x00000001 x14:0x80000000 x10=0x00000001
       23655000	      2364	80006c8c	01afa333	slt	x6,x31,x26	 x31:0x38714000 x26:0x00000001  x6=0x00000000
       23665000	      2365	80006c90	00cf0f13	addi	x30,x30,12	 x30:0x80009f78 x30=0x80009f84
       23675000	      2366	80006c94	0b06d297	auipc	x5,0xb06d	  x5=0x8b073c90
       23685000	      2367	80006c98	0001fbb3	and	x23,x3,x0	  x3:0x0000077c  x0:0x00000000 x23=0x00000000
       23695000	      2368	80006c9c	412d86b3	sub	x13,x27,x18	 x27:0x80000c7c x18:0x80000000 x13=0x00000c7c
       23705000	      2369	80006ca0	001d8393	addi	x7,x27,1	 x27:0x80000c7c  x7=0x80000c7d
       23715000	      2370	80006ca4	000383e7	jalr	x7,x7,0	  x7:0x80000c7d  x7=0x80006ca4
       23725000	      2371	00000000	00000013	addi	x0,x0,0	  x0:0x00000000
       23735000	      2372	80000c7c	00000013	addi	x0,x0,0	  x0:0x00000000
       23745000	      2373	80000c80	406f0233	sub	x4,x30,x6	 x30:0x80009f84  x6:0x00000000  x4=0x80009f84
       23755000	      2374	80000c84	01255793	srli	x15,x10,0x12	 x10:0x00000001 x15=0x00000000
       23765000	      2375	80000c88	00cfee63	bltu	x31,x12,80000ca4	 x31:0x38714000 x12:0x00000001
       23775000	      2376	80000c8c	01275993	srli	x19,x14,0x12	 x14:0x80000000 x19=0x00002000
       23785000	      2377	80000c90	b7a99337	lui	x6,0xb7a99	  x6=0xb7a99000
       23795000	      2378	80000c94	67e56413	ori	x8,x10,1662	 x10:0x00000001  x8=0x0000067f
       23805000	      2379	80000c98	7ad57b93	andi	x23,x10,1965	 x10:0x00000001 x23=0x00000001
       23815000	      2380	80000c9c	41af8a33	sub	x20,x31,x26	 x31:0x38714000 x26:0x00000001 x20=0x38713fff
       23825000	      2381	80000ca0	00c31463	bne	x6,x12,80000ca8	  x6:0xb7a99000 x12:0x00000001
       23835000	      2382	00000000	00000013	addi	x0,x0,0	  x0:0x00000000
       23845000	      2383	80000ca4	00000013	addi	x0,x0,0	  x0:0x00000000
       23855000	      2384	80000ca8	01a2f863	bgeu	x5,x26,80000cb8	  x5:0x8b073c90 x26:0x00000001
       23865000	      2385	00000000	00000013	addi	x0,x0,0	  x0:0x00000000
       23875000	      2386	80000cb4	00000013	addi	x0,x0,0	  x0:0x00000000
       23885000	      2387	80000cb8	03025e63	bge	x4,x16,80000cf4	  x4:0x80009f84 x16:0x00000000
       23895000	      2388	80000cbc	058dd863	bge	x27,x24,80000d0c	 x27:0x80000c7c x24:0x158ae000
       23905000	      2389	80000cc0	01109a13	slli	x20,x1,0x11	  x1:0x00000000 x20=0x00000000
       23915000	      2390	80000cc4	01afd393	srli	x7,x31,0x1a	 x31:0x38714000  x7=0x0000000e
       23925000	      2391	80000cc8	00f9e433	or	x8,x19,x15	 x19:0x00002000 x15:0x00000000  x8=0x00002000
       23935000	      2392	80000ccc	69143413	sltiu	x8,x8,1681	  x8:0x00002000  x8=0x00000000
       23945000	      2393	80000cd0	3cd36a93	ori	x21,x6,973	  x6:0xb7a99000 x21=0xb7a993cd
       23955000	      2394	80000cd4	f091fd93	andi	x27,x3,-247	  x3:0x0000077c x27=0x00000708
       23965000	      2395	80000cd8	01b7f663	bgeu	x15,x27,80000ce4	 x15:0x00000000 x27:0x00000708
       23975000	      2396	80000cdc	00210033	add	x0,x2,x2	  x2:0x00000000  x2:0x00000000
       23985000	      2397	80000ce0	01ef7a33	and	x20,x30,x30	 x30:0x80009f84 x30:0x80009f84 x20=0x80009f84
       23995000	      2398	80000ce4	00b8b933	sltu	x18,x17,x11	 x17:0xa1000000 x11:0x80000000 x18=0x00000000
       24005000	      2399	80000ce8	01e0e463	bltu	x1,x30,80000cf0	  x1:0x00000000 x30:0x80009f84
       24015000	      2400	00000000	00000013	addi	x0,x0,0	  x0:0x00000000
       24025000	      2401	80000cec	00000013	addi	x0,x0,0	  x0:0x00000000
       24035000	      2402	80000cf0	40285a13	srai	x20,x16,0x2	 x16:0x00000000 x20=0x00000000
       24045000	      2403	80000cf4	e2b74513	xori	x10,x14,-469	 x14:0x80000000 x10=0x7ffffe2b
       24055000	      2404	80000cf8	8600cb93	xori	x23,x1,-1952	  x1:0x00000000 x23=0xfffff860
       24065000	      2405	80000cfc	c7e88593	addi	x11,x17,-898	 x17:0xa1000000 x11=0xa0fffc7e
       24075000	      2406	80000d00	0121b133	sltu	x2,x3,x18	  x3:0x0000077c x18:0x00000000  x2=0x00000000
       24085000	      2407	80000d04	00a68a63	beq	x13,x10,80000d18	 x13:0x00000c7c x10:0x7ffffe2b
       24095000	      2408	80000d08	035df463	bgeu	x27,x21,80000d30	 x27:0x00000708 x21:0xb7a993cd
       24105000	      2409	80000d0c	b006ed93	ori	x27,x13,-1280	 x13:0x00000c7c x27=0xffffff7c
       24115000	      2410	80000d10	01d21933	sll	x18,x4,x29	  x4:0x80009f84 x29:0xffffff79 x18=0x08000000
       24125000	      2411	80000d14	056d0063	beq	x26,x22,80000d54	 x26:0x00000001 x22:0x80009fc4
       24135000	      2412	80000d18	02c1f263	bgeu	x3,x12,80000d3c	  x3:0x0000077c x12:0x00000001
       24145000	      2413	00000000	00000013	addi	x0,x0,0	  x0:0x00000000
       24155000	      2414	80000d38	00000013	addi	x0,x0,0	  x0:0x00000000
       24165000	      2415	80000d3c	00739eb3	sll	x29,x7,x7	  x7:0x0000000e  x7:0x0000000e x29=0x00038000
       24175000	      2416	80000d40	ce920e13	addi	x28,x4,-791	  x4:0x80009f84 x28=0x80009c6d
       24185000	      2417	80000d44	017a3533	sltu	x10,x20,x23	 x20:0x00000000 x23:0xfffff860 x10=0x00000001
       24195000	      2418	80000d48	41455013	srai	x0,x10,0x14	 x10:0x00000001
       24205000	      2419	80000d4c	000acd33	xor	x26,x21,x0	 x21:0xb7a993cd  x0:0x00000000 x26=0xb7a993cd
       24215000	      2420	80000d50	0300c663	blt	x1,x16,80000d7c	  x1:0x00000000 x16:0x00000000
       24225000	      2421	80000d54	e80ba013	slti	x0,x23,-384	 x23:0xfffff860
       24235000	      2422	80000d58	e13e2493	slti	x9,x28,-493	 x28:0x80009c6d  x9=0x00000001
       24245000	      2423	80000d5c	400a5c93	srai	x25,x20,0x0	 x20:0x00000000 x25=0x00000000
       24255000	      2424	80000d60	02ebc663	blt	x23,x14,80000d8c	 x23:0xfffff860 x14:0x80000000
       24265000	      2425	80000d64	665d7e93	andi	x29,x26,1637	 x26:0xb7a993cd x29=0x00000245
       24275000	      2426	80000d68	22214a93	xori	x21,x2,546	  x2:0x00000000 x21=0x00000222
       24285000	      2427	80000d6c	01ee1463	bne	x28,x30,80000d74	 x28:0x80009c6d x30:0x80009f84
       24295000	      2428	00000000	00000013	addi	x0,x0,0	  x0:0x00000000
       24305000	      2429	80000d70	00000013	addi	x0,x0,0	  x0:0x00000000
       24315000	      2430	80000d74	ccaebc13	sltiu	x24,x29,-822	 x29:0x00000245 x24=0x00000001
       24325000	      2431	80000d78	011d4863	blt	x26,x17,80000d88	 x26:0xb7a993cd x17:0xa1000000
       24335000	      2432	80000d7c	058e1863	bne	x28,x24,80000dcc	 x28:0x80009c6d x24:0x00000001
       24345000	      2433	00000000	00000013	addi	x0,x0,0	  x0:0x00000000
       24355000	      2434	80000dc8	00000013	addi	x0,x0,0	  x0:0x00000000
       24365000	      2435	80000dcc	5660bb93	sltiu	x23,x1,1382	  x1:0x00000000 x23=0x00000001
       24375000	      2436	80000dd0	01a556b3	srl	x13,x10,x26	 x10:0x00000001 x26:0xb7a993cd x13=0x00000000
       24385000	      2437	80000dd4	007ad613	srli	x12,x21,0x7	 x21:0x00000222 x12=0x00000004
       24395000	      2438	80000dd8	008d1193	slli	x3,x26,0x8	 x26:0xb7a993cd  x3=0xa993cd00
       24405000	      2439	80000ddc	01fbf4b3	and	x9,x23,x31	 x23:0x00000001 x31:0x38714000  x9=0x00000000
       24415000	      2440	80000de0	01914a63	blt	x2,x25,80000df4	  x2:0x00000000 x25:0x00000000
       24425000	      2441	80000de4	01495e93	srli	x29,x18,0x14	 x18:0x08000000 x29=0x00000080
       24435000	      2442	80000de8	401f85b3	sub	x11,x31,x1	 x31:0x38714000  x1:0x00000000 x11=0x38714000
       24445000	      2443	80000dec	01b53133	sltu	x2,x10,x27	 x10:0x00000001 x27:0xffffff7c  x2=0x00000001
       24455000	      2444	80000df0	7a544393	xori	x7,x8,1957	  x8:0x00000000  x7=0x000007a5
       24465000	      2445	80000df4	014f1233	sll	x4,x30,x20	 x30:0x80009f84 x20:0x00000000  x4=0x80009f84
       24475000	      2446	80000df8	01f21113	slli	x2,x4,0x1f	  x4:0x80009f84  x2=0x00000000
       24485000	      2447	80000dfc	01d69713	slli	x14,x13,0x1d	 x13:0x00000000 x14=0x00000000
       24495000	      2448	80000e00	05cbc663	blt	x23,x28,80000e4c	 x23:0x00000001 x28:0x80009c6d
       24505000	      2449	80000e04	1502a713	slti	x14,x5,336	  x5:0x8b073c90 x14=0x00000001
       24515000	      2450	80000e08	01104733	xor	x14,x0,x17	  x0:0x00000000 x17:0xa1000000 x14=0xa1000000
       24525000	      2451	80000e0c	016f73b3	and	x7,x30,x22	 x30:0x80009f84 x22:0x80009fc4  x7=0x80009f84
       24535000	      2452	80000e10	01575693	srli	x13,x14,0x15	 x14:0xa1000000 x13=0x00000508
       24545000	      2453	80000e14	01d03fb3	sltu	x31,x0,x29	  x0:0x00000000 x29:0x00000080 x31=0x00000001
       24555000	      2454	80000e18	cb9fb313	sltiu	x6,x31,-839	 x31:0x00000001  x6=0x00000001
       24565000	      2455	80000e1c	6ddd7793	andi	x15,x26,1757	 x26:0xb7a993cd x15=0x000002cd
       24575000	      2456	80000e20	414d0133	sub	x2,x26,x20	 x26:0xb7a993cd x20:0x00000000  x2=0xb7a993cd
       24585000	      2457	80000e24	042a0263	beq	x20,x2,80000e68	 x20:0x00000000  x2:0xb7a993cd
       24595000	      2458	80000e28	0085ec33	or	x24,x11,x8	 x11:0x38714000  x8:0x00000000 x24=0x38714000
       24605000	      2459	80000e2c	007dde33	srl	x28,x27,x7	 x27:0xffffff7c  x7:0x80009f84 x28=0x0ffffff7
       24615000	      2460	80000e30	94e10a93	addi	x21,x2,-1714	  x2:0xb7a993cd x21=0xb7a98d1b
       24625000	      2461	80000e34	29f2e093	ori	x1,x5,671	  x5:0x8b073c90  x1=0x8b073e9f
       24635000	      2462	80000e38	5d0d8a93	addi	x21,x27,1488	 x27:0xffffff7c x21=0x0000054c
       24645000	      2463	80000e3c	01c9ce63	blt	x19,x28,80000e58	 x19:0x00002000 x28:0x0ffffff7
       24655000	      2464	00000000	00000013	addi	x0,x0,0	  x0:0x00000000
       24665000	      2465	80000e54	00000013	addi	x0,x0,0	  x0:0x00000000
       24675000	      2466	80000e58	ebc4c6b7	lui	x13,0xebc4c	 x13=0xebc4c000
       24685000	      2467	80000e5c	01569b93	slli	x23,x13,0x15	 x13:0xebc4c000 x23=0x00000000
       24695000	      2468	80000e60	04c4e063	bltu	x9,x12,80000ea0	  x9:0x00000000 x12:0x00000004
       24705000	      2469	00000000	00000013	addi	x0,x0,0	  x0:0x00000000
       24715000	      2470	80000e9c	00000013	addi	x0,x0,0	  x0:0x00000000
       24725000	      2471	80000ea0	006c0463	beq	x24,x6,80000ea8	 x24:0x38714000  x6:0x00000001
       24735000	      2472	80000ea4	01d8f1b3	and	x3,x17,x29	 x17:0xa1000000 x29:0x00000080  x3=0x00000000
       24745000	      2473	80000ea8	01128663	beq	x5,x17,80000eb4	  x5:0x8b073c90 x17:0xa1000000
       24755000	      2474	80000eac	00ca1e63	bne	x20,x12,80000ec8	 x20:0x00000000 x12:0x00000004
       24765000	      2475	00000000	00000013	addi	x0,x0,0	  x0:0x00000000
       24775000	      2476	80000ec4	00000013	addi	x0,x0,0	  x0:0x00000000
       24785000	      2477	80000ec8	013d55b3	srl	x11,x26,x19	 x26:0xb7a993cd x19:0x00002000 x11=0xb7a993cd
       24795000	      2478	80000ecc	0536f063	bgeu	x13,x19,80000f0c	 x13:0xebc4c000 x19:0x00002000
       24805000	      2479	00000000	00000013	addi	x0,x0,0	  x0:0x00000000
       24815000	      2480	80000f08	00000013	addi	x0,x0,0	  x0:0x00000000
       24825000	      2481	80000f0c	01711c93	slli	x25,x2,0x17	  x2:0xb7a993cd x25=0xe6800000
       24835000	      2482	80000f10	f9448093	addi	x1,x9,-108	  x9:0x00000000  x1=0xffffff94
       24845000	      2483	80000f14	58ff4613	xori	x12,x30,1423	 x30:0x80009f84 x12=0x80009a0b
       24855000	      2484	80000f18	8d3a6b93	ori	x23,x20,-1837	 x20:0x00000000 x23=0xfffff8d3
       24865000	      2485	80000f1c	51b95a17	auipc	x20,0x51b95	 x20=0xd1b95f18
       24875000	      2486	80000f20	03d31663	bne	x6,x29,80000f4c	  x6:0x00000001 x29:0x00000080
       24885000	      2487	00000000	00000013	addi	x0,x0,0	  x0:0x00000000
       24895000	      2488	80000f48	00000013	addi	x0,x0,0	  x0:0x00000000
       24905000	      2489	80000f4c	007eba33	sltu	x20,x29,x7	 x29:0x00000080  x7:0x80009f84 x20=0x00000001
       24915000	      2490	80000f50	0032fdb3	and	x27,x5,x3	  x5:0x8b073c90  x3:0x00000000 x27=0x00000000
       24925000	      2491	80000f54	409ddd33	sra	x26,x27,x9	 x27:0x00000000  x9:0x00000000 x26=0x00000000
       24935000	      2492	80000f58	65706217	auipc	x4,0x65706	  x4=0xe5706f54
       24945000	      2493	80000f5c	410f8533	sub	x10,x31,x16	 x31:0x00000001 x16:0x00000000 x10=0x00000001
       24955000	      2494	80000f60	405a0933	sub	x18,x20,x5	 x20:0x00000001  x5:0x8b073c90 x18=0x74f8c371
       24965000	      2495	80000f64	305e6237	lui	x4,0x305e6	  x4=0x305e6000
       24975000	      2496	80000f68	cb582c93	slti	x25,x16,-843	 x16:0x00000000 x25=0x00000000
       24985000	      2497	80000f6c	61016a93	ori	x21,x2,1552	  x2:0xb7a993cd x21=0xb7a997dd
       24995000	      2498	80000f70	02dbcc63	blt	x23,x13,80000fa8	 x23:0xfffff8d3 x13:0xebc4c000
       25005000	      2499	80000f74	00c4d433	srl	x8,x9,x12	  x9:0x00000000 x12:0x80009a0b  x8=0x00000000
       25015000	      2500	80000f78	014bc9b3	xor	x19,x23,x20	 x23:0xfffff8d3 x20:0x00000001 x19=0xfffff8d2
       25025000	      2501	80000f7c	01511613	slli	x12,x2,0x15	  x2:0xb7a993cd x12=0x79a00000
       25035000	      2502	80000f80	0f82fa93	andi	x21,x5,248	  x5:0x8b073c90 x21=0x00000090
       25045000	      2503	80000f84	13124493	xori	x9,x4,305	  x4:0x305e6000  x9=0x305e6131
       25055000	      2504	80000f88	00433133	sltu	x2,x6,x4	  x6:0x00000001  x4:0x305e6000  x2=0x00000001
       25065000	      2505	80000f8c	018c5863	bge	x24,x24,80000f9c	 x24:0x38714000 x24:0x38714000
       25075000	      2506	00000000	00000013	addi	x0,x0,0	  x0:0x00000000
       25085000	      2507	80000f98	00000013	addi	x0,x0,0	  x0:0x00000000
       25095000	      2508	80000f9c	00d7e933	or	x18,x15,x13	 x15:0x000002cd x13:0xebc4c000 x18=0xebc4c2cd
       25105000	      2509	80000fa0	f6b7a513	slti	x10,x15,-149	 x15:0x000002cd x10=0x00000000
       25115000	      2510	80000fa4	4199da33	sra	x20,x19,x25	 x19:0xfffff8d2 x25:0x00000000 x20=0xfffff8d2
       25125000	      2511	80000fa8	b4cf2513	slti	x10,x30,-1204	 x30:0x80009f84 x10=0x00000001
       25135000	      2512	80000fac	011006b3	add	x13,x0,x17	  x0:0x00000000 x17:0xa1000000 x13=0xa1000000
       25145000	      2513	80000fb0	0207ea63	bltu	x15,x0,80000fe4	 x15:0x000002cd  x0:0x00000000
       25155000	      2514	80000fb4	0ec87513	andi	x10,x16,236	 x16:0x00000000 x10=0x00000000
       25165000	      2515	80000fb8	000a1e93	slli	x29,x20,0x0	 x20:0xfffff8d2 x29=0xfffff8d2
       25175000	      2516	80000fbc	015096b3	sll	x13,x1,x21	  x1:0xffffff94 x21:0x00000090 x13=0xff940000
       25185000	      2517	80000fc0	01341c13	slli	x24,x8,0x13	  x8:0x00000000 x24=0x00000000
       25195000	      2518	80000fc4	013e9313	slli	x6,x29,0x13	 x29:0xfffff8d2  x6=0xc6900000
       25205000	      2519	80000fc8	b7006693	ori	x13,x0,-1168	  x0:0x00000000 x13=0xfffffb70
       25215000	      2520	80000fcc	96acaf93	slti	x31,x25,-1686	 x25:0x00000000 x31=0x00000000
       25225000	      2521	80000fd0	017d5633	srl	x12,x26,x23	 x26:0x00000000 x23:0xfffff8d3 x12=0x00000000
       25235000	      2522	80000fd4	007992b3	sll	x5,x19,x7	 x19:0xfffff8d2  x7:0x80009f84  x5=0xffff8d20
       25245000	      2523	80000fd8	3caac317	auipc	x6,0x3caac	  x6=0xbcaacfd4
       25255000	      2524	80000fdc	c5aeed13	ori	x26,x29,-934	 x29:0xfffff8d2 x26=0xfffffcda
       25265000	      2525	80000fe0	0550e863	bltu	x1,x21,80001030	  x1:0xffffff94 x21:0x00000090
       25275000	      2526	80000fe4	0070dc63	bge	x1,x7,80000ffc	  x1:0xffffff94  x7:0x80009f84
       25285000	      2527	00000000	00000013	addi	x0,x0,0	  x0:0x00000000
       25295000	      2528	80000ff8	00000013	addi	x0,x0,0	  x0:0x00000000
       25305000	      2529	80000ffc	00049893	slli	x17,x9,0x0	  x9:0x305e6131 x17=0x305e6131
       25315000	      2530	80001000	00c20133	add	x2,x4,x12	  x4:0x305e6000 x12:0x00000000  x2=0x305e6000
       25325000	      2531	80001004	028e8463	beq	x29,x8,8000102c	 x29:0xfffff8d2  x8:0x00000000
       25335000	      2532	80001008	013cc5b3	xor	x11,x25,x19	 x25:0x00000000 x19:0xfffff8d2 x11=0xfffff8d2
       25345000	      2533	8000100c	03ff9e63	bne	x31,x31,80001048	 x31:0x00000000 x31:0x00000000
       25355000	      2534	80001010	00000013	addi	x0,x0,0	  x0:0x00000000
       25365000	      2535	80001014	018f8433	add	x8,x31,x24	 x31:0x00000000 x24:0x00000000  x8=0x00000000
       25375000	      2536	80001018	05446263	bltu	x8,x20,8000105c	  x8:0x00000000 x20:0xfffff8d2
       25385000	      2537	00000000	00000013	addi	x0,x0,0	  x0:0x00000000
       25395000	      2538	80001058	00000013	addi	x0,x0,0	  x0:0x00000000
       25405000	      2539	8000105c	4102de13	srai	x28,x5,0x10	  x5:0xffff8d20 x28=0xffffffff
       25415000	      2540	80001060	799ac437	lui	x8,0x799ac	  x8=0x799ac000
       25425000	      2541	80001064	8c442e93	slti	x29,x8,-1852	  x8:0x799ac000 x29=0x00000000
       25435000	      2542	80001068	04b0e063	bltu	x1,x11,800010a8	  x1:0xffffff94 x11:0xfffff8d2
       25445000	      2543	8000106c	018cba33	sltu	x20,x25,x24	 x25:0x00000000 x24:0x00000000 x20=0x00000000
       25455000	      2544	80001070	00631293	slli	x5,x6,0x6	  x6:0xbcaacfd4  x5=0x2ab3f500
       25465000	      2545	80001074	00298a63	beq	x19,x2,80001088	 x19:0xfffff8d2  x2:0x305e6000
       25475000	      2546	80001078	18077217	auipc	x4,0x18077	  x4=0x98078074
       25485000	      2547	8000107c	02d57263	bgeu	x10,x13,800010a0	 x10:0x00000000 x13:0xfffffb70
       25495000	      2548	80001080	00000013	addi	x0,x0,0	  x0:0x00000000
       25505000	      2549	80001084	6d87a193	slti	x3,x15,1752	 x15:0x000002cd  x3=0x00000001
       25515000	      2550	80001088	011d9a63	bne	x27,x17,8000109c	 x27:0x00000000 x17:0x305e6131
       25525000	      2551	00000000	00000013	addi	x0,x0,0	  x0:0x00000000
       25535000	      2552	80001098	00000013	addi	x0,x0,0	  x0:0x00000000
       25545000	      2553	8000109c	01319bb3	sll	x23,x3,x19	  x3:0x00000001 x19:0xfffff8d2 x23=0x00040000
       25555000	      2554	800010a0	8b512637	lui	x12,0x8b512	 x12=0x8b512000
       25565000	      2555	800010a4	41b15ab3	sra	x21,x2,x27	  x2:0x305e6000 x27:0x00000000 x21=0x305e6000
       25575000	      2556	800010a8	00565e13	srli	x28,x12,0x5	 x12:0x8b512000 x28=0x045a8900
       25585000	      2557	800010ac	e1e93993	sltiu	x19,x18,-482	 x18:0xebc4c2cd x19=0x00000001
       25595000	      2558	800010b0	337a29b7	lui	x19,0x337a2	 x19=0x337a2000
       25605000	      2559	800010b4	0180dc33	srl	x24,x1,x24	  x1:0xffffff94 x24:0x00000000 x24=0xffffff94
       25615000	      2560	800010b8	41b957b3	sra	x15,x18,x27	 x18:0xebc4c2cd x27:0x00000000 x15=0xebc4c2cd
       25625000	      2561	800010bc	4abaf693	andi	x13,x21,1195	 x21:0x305e6000 x13=0x00000000
       25635000	      2562	800010c0	83cd4793	xori	x15,x26,-1988	 x26:0xfffffcda x15=0x000004e6
       25645000	      2563	800010c4	40a006b3	sub	x13,x0,x10	  x0:0x00000000 x10:0x00000000 x13=0x00000000
       25655000	      2564	800010c8	74520797	auipc	x15,0x74520	 x15=0xf45210c4
       25665000	      2565	800010cc	02519063	bne	x3,x5,800010ec	  x3:0x00000001  x5:0x2ab3f500
       25675000	      2566	00000000	00000013	addi	x0,x0,0	  x0:0x00000000
       25685000	      2567	800010e8	00000013	addi	x0,x0,0	  x0:0x00000000
       25695000	      2568	800010ec	b54f0a97	auipc	x21,0xb54f0	 x21=0x354f10e8
       25705000	      2569	800010f0	00000817	auipc	x16,0x0	 x16=0x800010ec
       25715000	      2570	800010f4	00c80813	addi	x16,x16,12	 x16:0x800010ec x16=0x800010f8
       25725000	      2571	800010f8	00080067	jalr	x0,x16,0	 x16:0x800010f8
       25735000	      2572	00000000	00000013	addi	x0,x0,0	  x0:0x00000000
       25745000	      2573	800010f8	00000013	addi	x0,x0,0	  x0:0x00000000
       25755000	      2574	800010fc	00100193	addi	x3,x0,1	  x0:0x00000000  x3=0x00000001
       25765000	      2575	80001100	00000073	ecall	
       25775000	      2576	80001104	01f3d263	bge	x7,x31,80001108	  x7:0x80009f84 x31:0x00000000
