		Time			Cycle	PC		Insn	Decoded instruction	Register and memory contents
          65000	         5	80000004	00000293	addi	x5,x0,0	  x0:0x00000000  x5=0x00000000
          75000	         6	80000008	00000313	addi	x6,x0,0	  x0:0x00000000  x6=0x00000000
          85000	         7	8000000c	00628263	beq	x5,x6,80000010	  x5:0x00000000  x6:0x00000000
          95000	         8	00000000	00000013	addi	x0,x0,0	  x0:0x00000000
         105000	         9	8000000c	00000013	addi	x0,x0,0	  x0:0x00000000
         115000	        10	80000010	00000117	auipc	x2,0x0	  x2=0x8000000c
         125000	        11	80000014	00c10113	addi	x2,x2,12	  x2:0x8000000c  x2=0x80000018
         135000	        12	80000018	00010067	jalr	x0,x2,0	  x2:0x80000018
         145000	        13	00000000	00000013	addi	x0,x0,0	  x0:0x00000000
         155000	        14	80000018	00000013	addi	x0,x0,0	  x0:0x00000000
         165000	        15	8000001c	40000937	lui	x18,0x40000	 x18=0x40000000
         175000	        16	80000020	10090913	addi	x18,x18,256	 x18:0x40000000 x18=0x40000100
         185000	        17	80000024	00000013	addi	x0,x0,0	  x0:0x00000000
         195000	        18	80000028	0000a997	auipc	x19,0xa	 x19=0x8000a024
         205000	        19	8000002c	fa098993	addi	x19,x19,-96	 x19:0x8000a024 x19=0x80009fc4
         215000	        20	80000030	00007917	auipc	x18,0x7	 x18=0x8000702c
         225000	        21	80000034	c3490913	addi	x18,x18,-972	 x18:0x8000702c x18=0x80006c60
         235000	        22	80000038	00096913	ori	x18,x18,0	 x18:0x80006c60 x18=0x80006c60
         245000	        23	8000003c	00000013	addi	x0,x0,0	  x0:0x00000000
         255000	        24	80000040	00000917	auipc	x18,0x0	 x18=0x8000003c
         265000	        25	80000044	02090913	addi	x18,x18,32	 x18:0x8000003c x18=0x8000005c
         275000	        26	80000048	00000013	addi	x0,x0,0	  x0:0x00000000
         285000	        27	8000004c	00000013	addi	x0,x0,0	  x0:0x00000000
         295000	        28	80000050	00002937	lui	x18,0x2	 x18=0x00002000
         305000	        29	80000054	80090913	addi	x18,x18,-2048	 x18:0x00002000 x18=0x00001800
         315000	        30	80000058	00000013	addi	x0,x0,0	  x0:0x00000000
         325000	        31	8000005c	00000013	addi	x0,x0,0	  x0:0x00000000
         335000	        32	80000060	c40dc037	lui	x0,0xc40dc	
         345000	        33	80000064	ccf00013	addi	x0,x0,-817	  x0:0x00000000
         355000	        34	80000068	800000b7	lui	x1,0x80000	  x1=0x80000000
         365000	        35	8000006c	0f7ef137	lui	x2,0xf7ef	  x2=0x0f7ef000
         375000	        36	80000070	02710113	addi	x2,x2,39	  x2:0x0f7ef000  x2=0x0f7ef027
         385000	        37	80000074	feefc1b7	lui	x3,0xfeefc	  x3=0xfeefc000
         395000	        38	80000078	64a18193	addi	x3,x3,1610	  x3:0xfeefc000  x3=0xfeefc64a
         405000	        39	8000007c	80000237	lui	x4,0x80000	  x4=0x80000000
         415000	        40	80000080	f76a62b7	lui	x5,0xf76a6	  x5=0xf76a6000
         425000	        41	80000084	9b728293	addi	x5,x5,-1609	  x5:0xf76a6000  x5=0xf76a59b7
         435000	        42	80000088	00100313	addi	x6,x0,1	  x0:0x00000000  x6=0x00000001
         445000	        43	8000008c	800003b7	lui	x7,0x80000	  x7=0x80000000
         455000	        44	80000090	f3f87437	lui	x8,0xf3f87	  x8=0xf3f87000
         465000	        45	80000094	3d040413	addi	x8,x8,976	  x8:0xf3f87000  x8=0xf3f873d0
         475000	        46	80000098	800004b7	lui	x9,0x80000	  x9=0x80000000
         485000	        47	8000009c	00900513	addi	x10,x0,9	  x0:0x00000000 x10=0x00000009
         495000	        48	800000a0	00a00593	addi	x11,x0,10	  x0:0x00000000 x11=0x0000000a
         505000	        49	800000a4	00600613	addi	x12,x0,6	  x0:0x00000000 x12=0x00000006
         515000	        50	800000a8	fd31c6b7	lui	x13,0xfd31c	 x13=0xfd31c000
         525000	        51	800000ac	6c968693	addi	x13,x13,1737	 x13:0xfd31c000 x13=0xfd31c6c9
         535000	        52	800000b0	9a951737	lui	x14,0x9a951	 x14=0x9a951000
         545000	        53	800000b4	c0c70713	addi	x14,x14,-1012	 x14:0x9a951000 x14=0x9a950c0c
         555000	        54	800000b8	00800793	addi	x15,x0,8	  x0:0x00000000 x15=0x00000008
         565000	        55	800000bc	80000837	lui	x16,0x80000	 x16=0x80000000
         575000	        56	800000c0	00200893	addi	x17,x0,2	  x0:0x00000000 x17=0x00000002
         585000	        57	800000c4	00000913	addi	x18,x0,0	  x0:0x00000000 x18=0x00000000
         595000	        58	800000c8	00000a13	addi	x20,x0,0	  x0:0x00000000 x20=0x00000000
         605000	        59	800000cc	fbeffab7	lui	x21,0xfbeff	 x21=0xfbeff000
         615000	        60	800000d0	7d2a8a93	addi	x21,x21,2002	 x21:0xfbeff000 x21=0xfbeff7d2
         625000	        61	800000d4	f4c17b37	lui	x22,0xf4c17	 x22=0xf4c17000
         635000	        62	800000d8	942b0b13	addi	x22,x22,-1726	 x22:0xf4c17000 x22=0xf4c16942
         645000	        63	800000dc	00000b93	addi	x23,x0,0	  x0:0x00000000 x23=0x00000000
         655000	        64	800000e0	faca9c37	lui	x24,0xfaca9	 x24=0xfaca9000
         665000	        65	800000e4	f60c0c13	addi	x24,x24,-160	 x24:0xfaca9000 x24=0xfaca8f60
         675000	        66	800000e8	80000cb7	lui	x25,0x80000	 x25=0x80000000
         685000	        67	800000ec	00000d13	addi	x26,x0,0	  x0:0x00000000 x26=0x00000000
         695000	        68	800000f0	f1371db7	lui	x27,0xf1371	 x27=0xf1371000
         705000	        69	800000f4	ab0d8d93	addi	x27,x27,-1360	 x27:0xf1371000 x27=0xf1370ab0
         715000	        70	800000f8	ab1f2e37	lui	x28,0xab1f2	 x28=0xab1f2000
         725000	        71	800000fc	9f3e0e13	addi	x28,x28,-1549	 x28:0xab1f2000 x28=0xab1f19f3
         735000	        72	80000100	00200e93	addi	x29,x0,2	  x0:0x00000000 x29=0x00000002
         745000	        73	80000104	00700f93	addi	x31,x0,7	  x0:0x00000000 x31=0x00000007
         755000	        74	80000108	0000af17	auipc	x30,0xa	 x30=0x8000a104
         765000	        75	8000010c	e80f0f13	addi	x30,x30,-384	 x30:0x8000a104 x30=0x80009f84
         775000	        76	80000110	00009697	auipc	x13,0x9	 x13=0x8000910c
         785000	        77	80000114	c2868693	addi	x13,x13,-984	 x13:0x8000910c x13=0x80008d34
         795000	        78	80000118	26637b93	andi	x23,x6,614	  x6:0x00000001 x23=0x00000000
         805000	        79	8000011c	02c68d23	sb	x12,58(x13)	 x13:0x80008d34 x12:0x00000006 PA:0x80008d6e
         815000	        80	80000120	0000a2b3	slt	x5,x1,x0	  x1:0x80000000  x0:0x00000000  x5=0x00000001
         825000	        81	80000124	f6e68b23	sb	x14,-138(x13)	 x13:0x80008d34 x14:0x9a950c0c PA:0x80008caa
         835000	        82	80000128	01d7b033	sltu	x0,x15,x29	 x15:0x00000008 x29:0x00000002
         845000	        83	8000012c	f7b69723	sh	x27,-146(x13)	 x13:0x80008d34 x27:0xf1370ab0 PA:0x80008ca2
         855000	        84	80000130	fcd68483	lb	x9,-51(x13)	 x13:0x80008d34  x9=0xffffffea PA:0x80008d01
         865000	        85	80000134	04d6c483	lbu	x9,77(x13)	 x13:0x80008d34  x9=0x0000006a PA:0x80008d81
         875000	        86	80000138	f0568823	sb	x5,-240(x13)	 x13:0x80008d34  x5:0x00000001 PA:0x80008c44
         885000	        87	8000013c	07d6cb03	lbu	x22,125(x13)	 x13:0x80008d34 x22=0x0000009a PA:0x80008db1
         895000	        88	80000140	0996c203	lbu	x4,153(x13)	 x13:0x80008d34  x4=0x000000b6 PA:0x80008dcd
         905000	        89	80000144	0130eeb3	or	x29,x1,x19	  x1:0x80000000 x19:0x80009fc4 x29=0x80009fc4
         915000	        90	80000148	0d76ac23	sw	x23,216(x13)	 x13:0x80008d34 x23:0x00000000 PA:0x80008e0c
         925000	        91	8000014c	04c6a903	lw	x18,76(x13)	 x13:0x80008d34 x18=0x68696a6b PA:0x80008d80
         935000	        92	80000150	cfbff013	andi	x0,x31,-773	 x31:0x00000007
         945000	        93	80000154	0dd680a3	sb	x29,193(x13)	 x13:0x80008d34 x29:0x80009fc4 PA:0x80008df5
         955000	        94	80000158	d19a6513	ori	x10,x20,-743	 x20:0x00000000 x10=0xfffffd19
         965000	        95	8000015c	f2a684a3	sb	x10,-215(x13)	 x13:0x80008d34 x10:0xfffffd19 PA:0x80008c5d
         975000	        96	80000160	0bd6cb03	lbu	x22,189(x13)	 x13:0x80008d34 x22=0x000000da PA:0x80008df1
         985000	        97	80000164	f006c203	lbu	x4,-256(x13)	 x13:0x80008d34  x4=0x0000001f PA:0x80008c34
         995000	        98	80000168	0164d413	srli	x8,x9,0x16	  x9:0x0000006a  x8=0x00000000
        1005000	        99	8000016c	0386c483	lbu	x9,56(x13)	 x13:0x80008d34  x9=0x00000057 PA:0x80008d6c
        1015000	       100	00000000	00000013	addi	x0,x0,0	  x0:0x00000000
        1025000	       101	80000170	f6968123	sb	x9,-158(x13)	 x13:0x80008d34  x9:0x00000057 PA:0x80008c96
        1035000	       102	80000174	19bfa593	slti	x11,x31,411	 x31:0x00000007 x11=0x00000001
        1045000	       103	80000178	02268783	lb	x15,34(x13)	 x13:0x80008d34 x15=0x0000003d PA:0x80008d56
        1055000	       104	8000017c	f246a283	lw	x5,-220(x13)	 x13:0x80008d34  x5=0x40414243 PA:0x80008c58
        1065000	       105	80000180	0d96c703	lbu	x14,217(x13)	 x13:0x80008d34 x14=0x00000000 PA:0x80008e0d
        1075000	       106	80000184	34734493	xori	x9,x6,839	  x6:0x00000001  x9=0x00000346
        1085000	       107	80000188	f5c69883	lh	x17,-164(x13)	 x13:0x80008d34 x17=0x00007a7b PA:0x80008c90
        1095000	       108	8000018c	00fa83b3	add	x7,x21,x15	 x21:0xfbeff7d2 x15:0x0000003d  x7=0xfbeff80f
        1105000	       109	80000190	f6269303	lh	x6,-158(x13)	 x13:0x80008d34  x6=0x00007c57 PA:0x80008c96
        1115000	       110	80000194	fce69403	lh	x8,-50(x13)	 x13:0x80008d34  x8=0xffffe8e9 PA:0x80008d02
        1125000	       111	80000198	0a66c883	lbu	x17,166(x13)	 x13:0x80008d34 x17=0x000000c1 PA:0x80008dda
        1135000	       112	8000019c	01a68583	lb	x11,26(x13)	 x13:0x80008d34 x11=0x00000035 PA:0x80008d4e
        1145000	       113	800001a0	06768383	lb	x7,103(x13)	 x13:0x80008d34  x7=0xffffff80 PA:0x80008d9b
        1155000	       114	800001a4	0d868a03	lb	x20,216(x13)	 x13:0x80008d34 x20=0x00000000 PA:0x80008e0c
        1165000	       115	00000000	00000013	addi	x0,x0,0	  x0:0x00000000
        1175000	       116	800001a8	01469f23	sh	x20,30(x13)	 x13:0x80008d34 x20:0x00000000 PA:0x80008d52
        1185000	       117	800001ac	00009697	auipc	x13,0x9	 x13=0x800091a8
        1195000	       118	800001b0	8a668693	addi	x13,x13,-1882	 x13:0x800091a8 x13=0x80008a4e
        1205000	       119	800001b4	02f6c503	lbu	x10,47(x13)	 x13:0x80008a4e x10=0x00000066 PA:0x80008a7d
        1215000	       120	800001b8	fe969923	sh	x9,-14(x13)	 x13:0x80008a4e  x9:0x00000346 PA:0x80008a40
        1225000	       121	800001bc	008eedb3	or	x27,x29,x8	 x29:0x80009fc4  x8:0xffffe8e9 x27=0xffffffed
        1235000	       122	800001c0	017b6233	or	x4,x22,x23	 x22:0x000000da x23:0x00000000  x4=0x000000da
        1245000	       123	800001c4	00b09293	slli	x5,x1,0xb	  x1:0x80000000  x5=0x00000000
        1255000	       124	800001c8	01757033	and	x0,x10,x23	 x10:0x00000066 x23:0x00000000
        1265000	       125	800001cc	02d86d13	ori	x26,x16,45	 x16:0x80000000 x26=0x8000002d
        1275000	       126	800001d0	999d67b7	lui	x15,0x999d6	 x15=0x999d6000
        1285000	       127	800001d4	00797033	and	x0,x18,x7	 x18:0x68696a6b  x7:0xffffff80
        1295000	       128	800001d8	00e68803	lb	x16,14(x13)	 x13:0x80008a4e x16=0x00000047 PA:0x80008a5c
        1305000	       129	800001dc	00268ca3	sb	x2,25(x13)	 x13:0x80008a4e  x2:0x0f7ef027 PA:0x80008a67
        1315000	       130	800001e0	3d2aee13	ori	x28,x21,978	 x21:0xfbeff7d2 x28=0xfbeff7d2
        1325000	       131	800001e4	fc76c183	lbu	x3,-57(x13)	 x13:0x80008a4e  x3=0x000000fe PA:0x80008a15
        1335000	       132	800001e8	fd26cd83	lbu	x27,-46(x13)	 x13:0x80008a4e x27=0x0000000b PA:0x80008a20
        1345000	       133	800001ec	9704fe13	andi	x28,x9,-1680	  x9:0x00000346 x28=0x00000140
        1355000	       134	800001f0	53ae8d13	addi	x26,x29,1338	 x29:0x80009fc4 x26=0x8000a4fe
        1365000	       135	800001f4	012685a3	sb	x18,11(x13)	 x13:0x80008a4e x18:0x68696a6b PA:0x80008a59
        1375000	       136	800001f8	fee681a3	sb	x14,-29(x13)	 x13:0x80008a4e x14:0x00000000 PA:0x80008a31
        1385000	       137	800001fc	01c6d603	lhu	x12,28(x13)	 x13:0x80008a4e x12=0x00005051 PA:0x80008a6a
        1395000	       138	00000000	00000013	addi	x0,x0,0	  x0:0x00000000
        1405000	       139	80000200	5de64613	xori	x12,x12,1502	 x12:0x00005051 x12=0x0000558f
        1415000	       140	80000204	006378b3	and	x17,x6,x6	  x6:0x00007c57  x6:0x00007c57 x17=0x00007c57
        1425000	       141	80000208	01854b33	xor	x22,x10,x24	 x10:0x00000066 x24:0xfaca8f60 x22=0xfaca8f06
        1435000	       142	8000020c	9d8b8293	addi	x5,x23,-1576	 x23:0x00000000  x5=0xfffff9d8
        1445000	       143	80000210	001dcc33	xor	x24,x27,x1	 x27:0x0000000b  x1:0x80000000 x24=0x8000000b
        1455000	       144	80000214	01f162b3	or	x5,x2,x31	  x2:0x0f7ef027 x31:0x00000007  x5=0x0f7ef027
        1465000	       145	80000218	ff56cc03	lbu	x24,-11(x13)	 x13:0x80008a4e x24=0x00000028 PA:0x80008a43
        1475000	       146	8000021c	0286cf83	lbu	x31,40(x13)	 x13:0x80008a4e x31=0x0000005d PA:0x80008a76
        1485000	       147	80000220	03068623	sb	x16,44(x13)	 x13:0x80008a4e x16:0x00000047 PA:0x80008a7a
        1495000	       148	80000224	00000013	addi	x0,x0,0	  x0:0x00000000
        1505000	       149	80000228	00e28bb3	add	x23,x5,x14	  x5:0x0f7ef027 x14:0x00000000 x23=0x0f7ef027
        1515000	       150	8000022c	00e302b3	add	x5,x6,x14	  x6:0x00007c57 x14:0x00000000  x5=0x00007c57
        1525000	       151	80000230	8efcb413	sltiu	x8,x25,-1809	 x25:0x80000000  x8=0x00000001
        1535000	       152	80000234	008bf333	and	x6,x23,x8	 x23:0x0f7ef027  x8:0x00000001  x6=0x00000001
        1545000	       153	80000238	a6f00513	addi	x10,x0,-1425	  x0:0x00000000 x10=0xfffffa6f
        1555000	       154	8000023c	01c68ea3	sb	x28,29(x13)	 x13:0x80008a4e x28:0x00000140 PA:0x80008a6b
        1565000	       155	80000240	005c5eb3	srl	x29,x24,x5	 x24:0x00000028  x5:0x00007c57 x29=0x00000000
        1575000	       156	80000244	fd568703	lb	x14,-43(x13)	 x13:0x80008a4e x14=0x00000008 PA:0x80008a23
        1585000	       157	80000248	019af433	and	x8,x21,x25	 x21:0xfbeff7d2 x25:0x80000000  x8=0x80000000
        1595000	       158	8000024c	00db6db3	or	x27,x22,x13	 x22:0xfaca8f06 x13:0x80008a4e x27=0xfaca8f4e
        1605000	       159	80000250	04b20393	addi	x7,x4,75	  x4:0x000000da  x7=0x00000125
        1615000	       160	80000254	fd26c403	lbu	x8,-46(x13)	 x13:0x80008a4e  x8=0x0000000b PA:0x80008a20
        1625000	       161	80000258	01a68ba3	sb	x26,23(x13)	 x13:0x80008a4e x26:0x8000a4fe PA:0x80008a65
        1635000	       162	8000025c	fd468ea3	sb	x20,-35(x13)	 x13:0x80008a4e x20:0x00000000 PA:0x80008a2b
        1645000	       163	80000260	95df0293	addi	x5,x30,-1699	 x30:0x80009f84  x5=0x800098e1
        1655000	       164	80000264	02869e83	lh	x29,40(x13)	 x13:0x80008a4e x29=0x00005c5d PA:0x80008a76
        1665000	       165	80000268	9a9ca193	slti	x3,x25,-1623	 x25:0x80000000  x3=0x00000001
        1675000	       166	8000026c	fc469303	lh	x6,-60(x13)	 x13:0x80008a4e  x6=0xfffff8f9 PA:0x80008a12
        1685000	       167	80000270	00000013	addi	x0,x0,0	  x0:0x00000000
        1695000	       168	80000274	029ce863	bltu	x25,x9,800002a4	 x25:0x80000000  x9:0x00000346
        1705000	       169	80000278	032c8e63	beq	x25,x18,800002b4	 x25:0x80000000 x18:0x68696a6b
        1715000	       170	8000027c	49683197	auipc	x3,0x49683	  x3=0xc9683278
        1725000	       171	80000280	34fada17	auipc	x20,0x34fad	 x20=0xb4fad27c
        1735000	       172	80000284	00ee3ab3	sltu	x21,x28,x14	 x28:0x00000140 x14:0x00000008 x21=0x00000000
        1745000	       173	80000288	03814463	blt	x2,x24,800002b0	  x2:0x0f7ef027 x24:0x00000028
        1755000	       174	8000028c	05ae9463	bne	x29,x26,800002d4	 x29:0x00005c5d x26:0x8000a4fe
        1765000	       175	00000000	00000013	addi	x0,x0,0	  x0:0x00000000
        1775000	       176	800002d0	00000013	addi	x0,x0,0	  x0:0x00000000
        1785000	       177	800002d4	00d08263	beq	x1,x13,800002d8	  x1:0x80000000 x13:0x80008a4e
        1795000	       178	800002d8	003dc633	xor	x12,x27,x3	 x27:0xfaca8f4e  x3:0xc9683278 x12=0x33a2bd36
        1805000	       179	800002dc	00000013	addi	x0,x0,0	  x0:0x00000000
        1815000	       180	800002e0	f4fefe13	andi	x28,x29,-177	 x29:0x00005c5d x28=0x00005c4d
        1825000	       181	800002e4	a2fd2d93	slti	x27,x26,-1489	 x26:0x8000a4fe x27=0x00000001
        1835000	       182	800002e8	029fec63	bltu	x31,x9,80000320	 x31:0x0000005d  x9:0x00000346
        1845000	       183	00000000	00000013	addi	x0,x0,0	  x0:0x00000000
        1855000	       184	8000031c	00000013	addi	x0,x0,0	  x0:0x00000000
        1865000	       185	80000320	00d583b3	add	x7,x11,x13	 x11:0x00000035 x13:0x80008a4e  x7=0x80008a83
        1875000	       186	80000324	b592a713	slti	x14,x5,-1191	  x5:0x800098e1 x14=0x00000001
        1885000	       187	80000328	00c0f733	and	x14,x1,x12	  x1:0x80000000 x12:0x33a2bd36 x14=0x00000000
        1895000	       188	8000032c	00e2cc33	xor	x24,x5,x14	  x5:0x800098e1 x14:0x00000000 x24=0x800098e1
        1905000	       189	80000330	05154063	blt	x10,x17,80000370	 x10:0xfffffa6f x17:0x00007c57
        1915000	       190	00000000	00000013	addi	x0,x0,0	  x0:0x00000000
        1925000	       191	8000036c	00000013	addi	x0,x0,0	  x0:0x00000000
        1935000	       192	80000370	4cab4413	xori	x8,x22,1226	 x22:0xfaca8f06  x8=0xfaca8bcc
        1945000	       193	80000374	00dede13	srli	x28,x29,0xd	 x29:0x00005c5d x28=0x00000002
        1955000	       194	80000378	018eec63	bltu	x29,x24,80000390	 x29:0x00005c5d x24:0x800098e1
        1965000	       195	00000000	00000013	addi	x0,x0,0	  x0:0x00000000
        1975000	       196	8000038c	00000013	addi	x0,x0,0	  x0:0x00000000
        1985000	       197	80000390	59f286b7	lui	x13,0x59f28	 x13=0x59f28000
        1995000	       198	80000394	00e17863	bgeu	x2,x14,800003a4	  x2:0x0f7ef027 x14:0x00000000
        2005000	       199	00000000	00000013	addi	x0,x0,0	  x0:0x00000000
        2015000	       200	800003a0	00000013	addi	x0,x0,0	  x0:0x00000000
        2025000	       201	800003a4	01bb1033	sll	x0,x22,x27	 x22:0xfaca8f06 x27:0x00000001
        2035000	       202	800003a8	018b1d13	slli	x26,x22,0x18	 x22:0xfaca8f06 x26=0x06000000
        2045000	       203	800003ac	41330393	addi	x7,x6,1043	  x6:0xfffff8f9  x7=0xfffffd0c
        2055000	       204	800003b0	00d21ab3	sll	x21,x4,x13	  x4:0x000000da x13:0x59f28000 x21=0x000000da
        2065000	       205	800003b4	01b39cb3	sll	x25,x7,x27	  x7:0xfffffd0c x27:0x00000001 x25=0xfffffa18
        2075000	       206	800003b8	fadafe17	auipc	x28,0xfadaf	 x28=0x7adaf3b4
        2085000	       207	800003bc	00e9d663	bge	x19,x14,800003c8	 x19:0x80009fc4 x14:0x00000000
        2095000	       208	800003c0	413ad813	srai	x16,x21,0x13	 x21:0x000000da x16=0x00000000
        2105000	       209	800003c4	0e01b893	sltiu	x17,x3,224	  x3:0xc9683278 x17=0x00000000
        2115000	       210	800003c8	01cf78b3	and	x17,x30,x28	 x30:0x80009f84 x28:0x7adaf3b4 x17=0x00009384
        2125000	       211	800003cc	014a4c63	blt	x20,x20,800003e4	 x20:0xb4fad27c x20:0xb4fad27c
        2135000	       212	800003d0	41750eb3	sub	x29,x10,x23	 x10:0xfffffa6f x23:0x0f7ef027 x29=0xf0810a48
        2145000	       213	800003d4	67e9c613	xori	x12,x19,1662	 x19:0x80009fc4 x12=0x800099ba
        2155000	       214	800003d8	00df1fb3	sll	x31,x30,x13	 x30:0x80009f84 x13:0x59f28000 x31=0x80009f84
        2165000	       215	800003dc	00000013	addi	x0,x0,0	  x0:0x00000000
        2175000	       216	800003e0	00039c93	slli	x25,x7,0x0	  x7:0xfffffd0c x25=0xfffffd0c
        2185000	       217	800003e4	011f1593	slli	x11,x30,0x11	 x30:0x80009f84 x11=0x3f080000
        2195000	       218	800003e8	407e5233	sra	x4,x28,x7	 x28:0x7adaf3b4  x7:0xfffffd0c  x4=0x0007adaf
        2205000	       219	800003ec	40588633	sub	x12,x17,x5	 x17:0x00009384  x5:0x800098e1 x12=0x7ffffaa3
        2215000	       220	800003f0	0122c033	xor	x0,x5,x18	  x5:0x800098e1 x18:0x68696a6b
        2225000	       221	800003f4	00cc50b3	srl	x1,x24,x12	 x24:0x800098e1 x12:0x7ffffaa3  x1=0x1000131c
        2235000	       222	800003f8	0021fb33	and	x22,x3,x2	  x3:0xc9683278  x2:0x0f7ef027 x22=0x09683020
        2245000	       223	800003fc	016c0663	beq	x24,x22,80000408	 x24:0x800098e1 x22:0x09683020
        2255000	       224	80000400	01969b33	sll	x22,x13,x25	 x13:0x59f28000 x25:0xfffffd0c x22=0x28000000
        2265000	       225	80000404	0193fa63	bgeu	x7,x25,80000418	  x7:0xfffffd0c x25:0xfffffd0c
        2275000	       226	00000000	00000013	addi	x0,x0,0	  x0:0x00000000
        2285000	       227	80000414	00000013	addi	x0,x0,0	  x0:0x00000000
        2295000	       228	80000418	9c9e4713	xori	x14,x28,-1591	 x28:0x7adaf3b4 x14=0x85250a7d
        2305000	       229	8000041c	40015033	sra	x0,x2,x0	  x2:0x0f7ef027  x0:0x00000000
        2315000	       230	80000420	0cade593	ori	x11,x27,202	 x27:0x00000001 x11=0x000000cb
        2325000	       231	80000424	41ad8fb3	sub	x31,x27,x26	 x27:0x00000001 x26:0x06000000 x31=0xfa000001
        2335000	       232	80000428	49f7b893	sltiu	x17,x15,1183	 x15:0x999d6000 x17=0x00000000
        2345000	       233	8000042c	00894263	blt	x18,x8,80000430	 x18:0x68696a6b  x8:0xfaca8bcc
        2355000	       234	80000430	79220337	lui	x6,0x79220	  x6=0x79220000
        2365000	       235	80000434	00989c93	slli	x25,x17,0x9	 x17:0x00000000 x25=0x00000000
        2375000	       236	80000438	04a5fa63	bgeu	x11,x10,8000048c	 x11:0x000000cb x10:0xfffffa6f
        2385000	       237	8000043c	07c58863	beq	x11,x28,800004ac	 x11:0x000000cb x28:0x7adaf3b4
        2395000	       238	80000440	00d1d533	srl	x10,x3,x13	  x3:0xc9683278 x13:0x59f28000 x10=0xc9683278
        2405000	       239	80000444	40a553b3	sra	x7,x10,x10	 x10:0xc9683278 x10:0xc9683278  x7=0xffffffc9
        2415000	       240	80000448	89423fb7	lui	x31,0x89423	 x31=0x89423000
        2425000	       241	8000044c	5c9fcc93	xori	x25,x31,1481	 x31:0x89423000 x25=0x894235c9
        2435000	       242	80000450	41495bb3	sra	x23,x18,x20	 x18:0x68696a6b x20:0xb4fad27c x23=0x00000006
        2445000	       243	80000454	4a1c6393	ori	x7,x24,1185	 x24:0x800098e1  x7=0x80009ce1
        2455000	       244	80000458	dbd1e793	ori	x15,x3,-579	  x3:0xc9683278 x15=0xfffffffd
        2465000	       245	8000045c	04a36c63	bltu	x6,x10,800004b4	  x6:0x79220000 x10:0xc9683278
        2475000	       246	00000000	00000013	addi	x0,x0,0	  x0:0x00000000
        2485000	       247	800004b0	00000013	addi	x0,x0,0	  x0:0x00000000
        2495000	       248	800004b4	8e60b793	sltiu	x15,x1,-1818	  x1:0x1000131c x15=0x00000001
        2505000	       249	800004b8	01c75863	bge	x14,x28,800004c8	 x14:0x85250a7d x28:0x7adaf3b4
        2515000	       250	800004bc	d75b7213	andi	x4,x22,-651	 x22:0x28000000  x4=0x28000000
        2525000	       251	800004c0	00935433	srl	x8,x6,x9	  x6:0x79220000  x9:0x00000346  x8=0x01e48800
        2535000	       252	800004c4	01751333	sll	x6,x10,x23	 x10:0xc9683278 x23:0x00000006  x6=0x5a0c9e00
        2545000	       253	800004c8	01c22d33	slt	x26,x4,x28	  x4:0x28000000 x28:0x7adaf3b4 x26=0x00000001
        2555000	       254	800004cc	3bbe7537	lui	x10,0x3bbe7	 x10=0x3bbe7000
        2565000	       255	800004d0	010ed793	srli	x15,x29,0x10	 x29:0xf0810a48 x15=0x0000f081
        2575000	       256	800004d4	03ead263	bge	x21,x30,800004f8	 x21:0x000000da x30:0x80009f84
        2585000	       257	00000000	00000013	addi	x0,x0,0	  x0:0x00000000
        2595000	       258	800004f4	00000013	addi	x0,x0,0	  x0:0x00000000
        2605000	       259	800004f8	012462b3	or	x5,x8,x18	  x8:0x01e48800 x18:0x68696a6b  x5=0x69edea6b
        2615000	       260	800004fc	01de4033	xor	x0,x28,x29	 x28:0x7adaf3b4 x29:0xf0810a48
        2625000	       261	80000500	00945193	srli	x3,x8,0x9	  x8:0x01e48800  x3=0x0000f244
        2635000	       262	80000504	98b80917	auipc	x18,0x98b80	 x18=0x18b80500
        2645000	       263	80000508	05cbe463	bltu	x23,x28,80000550	 x23:0x00000006 x28:0x7adaf3b4
        2655000	       264	00000000	00000013	addi	x0,x0,0	  x0:0x00000000
        2665000	       265	8000054c	00000013	addi	x0,x0,0	  x0:0x00000000
        2675000	       266	80000550	41035693	srai	x13,x6,0x10	  x6:0x5a0c9e00 x13=0x00005a0c
        2685000	       267	80000554	00fad313	srli	x6,x21,0xf	 x21:0x000000da  x6=0x00000000
        2695000	       268	80000558	41208a33	sub	x20,x1,x18	  x1:0x1000131c x18:0x18b80500 x20=0xf7480e1c
        2705000	       269	8000055c	01bb68b3	or	x17,x22,x27	 x22:0x28000000 x27:0x00000001 x17=0x28000001
        2715000	       270	80000560	01575663	bge	x14,x21,8000056c	 x14:0x85250a7d x21:0x000000da
        2725000	       271	80000564	051be663	bltu	x23,x17,800005b0	 x23:0x00000006 x17:0x28000001
        2735000	       272	00000000	00000013	addi	x0,x0,0	  x0:0x00000000
        2745000	       273	800005ac	00000013	addi	x0,x0,0	  x0:0x00000000
        2755000	       274	800005b0	41f85ab3	sra	x21,x16,x31	 x16:0x00000000 x31:0x89423000 x21=0x00000000
        2765000	       275	800005b4	016beb33	or	x22,x23,x22	 x23:0x00000006 x22:0x28000000 x22=0x28000006
        2775000	       276	800005b8	af843193	sltiu	x3,x8,-1288	  x8:0x01e48800  x3=0x00000001
        2785000	       277	800005bc	00000013	addi	x0,x0,0	  x0:0x00000000
        2795000	       278	800005c0	f309aa17	auipc	x20,0xf309a	 x20=0x7309a5bc
        2805000	       279	800005c4	007f0fb3	add	x31,x30,x7	 x30:0x80009f84  x7:0x80009ce1 x31=0x00013c65
        2815000	       280	800005c8	3edfec17	auipc	x24,0x3edfe	 x24=0xbedfe5c4
        2825000	       281	800005cc	00d74bb3	xor	x23,x14,x13	 x14:0x85250a7d x13:0x00005a0c x23=0x85255071
        2835000	       282	800005d0	01f88863	beq	x17,x31,800005e0	 x17:0x28000001 x31:0x00013c65
        2845000	       283	800005d4	9334a313	slti	x6,x9,-1741	  x9:0x00000346  x6=0x00000000
        2855000	       284	800005d8	401806b3	sub	x13,x16,x1	 x16:0x00000000  x1:0x1000131c x13=0xefffece4
        2865000	       285	800005dc	27eb1c97	auipc	x25,0x27eb1	 x25=0xa7eb15d8
        2875000	       286	800005e0	4198d3b3	sra	x7,x17,x25	 x17:0x28000001 x25:0xa7eb15d8  x7=0x00000028
        2885000	       287	800005e4	01800663	beq	x0,x24,800005f0	  x0:0x00000000 x24:0xbedfe5c4
        2895000	       288	800005e8	004ac233	xor	x4,x21,x4	 x21:0x00000000  x4:0x28000000  x4=0x28000000
        2905000	       289	800005ec	01757733	and	x14,x10,x23	 x10:0x3bbe7000 x23:0x85255071 x14=0x01245000
        2915000	       290	800005f0	406d5f93	srai	x31,x26,0x6	 x26:0x00000001 x31=0x00000000
        2925000	       291	800005f4	00000013	addi	x0,x0,0	  x0:0x00000000
        2935000	       292	800005f8	058ce063	bltu	x25,x24,80000638	 x25:0xa7eb15d8 x24:0xbedfe5c4
        2945000	       293	00000000	00000013	addi	x0,x0,0	  x0:0x00000000
        2955000	       294	80000634	00000013	addi	x0,x0,0	  x0:0x00000000
        2965000	       295	80000638	03c99063	bne	x19,x28,80000658	 x19:0x80009fc4 x28:0x7adaf3b4
        2975000	       296	00000000	00000013	addi	x0,x0,0	  x0:0x00000000
        2985000	       297	80000654	00000013	addi	x0,x0,0	  x0:0x00000000
        2995000	       298	80000658	01eb4c63	blt	x22,x30,80000670	 x22:0x28000006 x30:0x80009f84
        3005000	       299	8000065c	41f5a0b7	lui	x1,0x41f5a	  x1=0x41f5a000
        3015000	       300	80000660	12094813	xori	x16,x18,288	 x18:0x18b80500 x16=0x18b80420
        3025000	       301	80000664	02e9da63	bge	x19,x14,80000698	 x19:0x80009fc4 x14:0x01245000
        3035000	       302	80000668	c6640f93	addi	x31,x8,-922	  x8:0x01e48800 x31=0x01e48466
        3045000	       303	8000066c	01c78633	add	x12,x15,x28	 x15:0x0000f081 x28:0x7adaf3b4 x12=0x7adbe435
        3055000	       304	80000670	41a48cb3	sub	x25,x9,x26	  x9:0x00000346 x26:0x00000001 x25=0x00000345
        3065000	       305	80000674	00000013	addi	x0,x0,0	  x0:0x00000000
        3075000	       306	80000678	01af5393	srli	x7,x30,0x1a	 x30:0x80009f84  x7=0x00000020
        3085000	       307	8000067c	01645493	srli	x9,x8,0x16	  x8:0x01e48800  x9=0x00000007
        3095000	       308	80000680	01bfdb13	srli	x22,x31,0x1b	 x31:0x01e48466 x22=0x00000000
        3105000	       309	80000684	00138ab3	add	x21,x7,x1	  x7:0x00000020  x1:0x41f5a000 x21=0x41f5a020
        3115000	       310	80000688	00000013	addi	x0,x0,0	  x0:0x00000000
        3125000	       311	8000068c	00588263	beq	x17,x5,80000690	 x17:0x28000001  x5:0x69edea6b
        3135000	       312	80000690	f6076893	ori	x17,x14,-160	 x14:0x01245000 x17=0xffffff60
        3145000	       313	80000694	005e8bb3	add	x23,x29,x5	 x29:0xf0810a48  x5:0x69edea6b x23=0x5a6ef4b3
        3155000	       314	80000698	007e9413	slli	x8,x29,0x7	 x29:0xf0810a48  x8=0x40852400
        3165000	       315	8000069c	33917c13	andi	x24,x2,825	  x2:0x0f7ef027 x24=0x00000021
        3175000	       316	800006a0	41e88033	sub	x0,x17,x30	 x17:0xffffff60 x30:0x80009f84
        3185000	       317	800006a4	a43cc713	xori	x14,x25,-1469	 x25:0x00000345 x14=0xfffff906
        3195000	       318	800006a8	014addb3	srl	x27,x21,x20	 x21:0x41f5a020 x20:0x7309a5bc x27=0x00000004
        3205000	       319	800006ac	01111e97	auipc	x29,0x1111	 x29=0x811116a8
        3215000	       320	800006b0	01640c63	beq	x8,x22,800006c8	  x8:0x40852400 x22:0x00000000
        3225000	       321	800006b4	014241b3	xor	x3,x4,x20	  x4:0x28000000 x20:0x7309a5bc  x3=0x5b09a5bc
        3235000	       322	800006b8	00000013	addi	x0,x0,0	  x0:0x00000000
        3245000	       323	800006bc	03e48c63	beq	x9,x30,800006f4	  x9:0x00000007 x30:0x80009f84
        3255000	       324	800006c0	01e55313	srli	x6,x10,0x1e	 x10:0x3bbe7000  x6=0x00000000
        3265000	       325	800006c4	413b5b33	sra	x22,x22,x19	 x22:0x00000000 x19:0x80009fc4 x22=0x00000000
        3275000	       326	800006c8	00aa7cb3	and	x25,x20,x10	 x20:0x7309a5bc x10:0x3bbe7000 x25=0x33082000
        3285000	       327	800006cc	0105e2b3	or	x5,x11,x16	 x11:0x000000cb x16:0x18b80420  x5=0x18b804eb
        3295000	       328	800006d0	03938a63	beq	x7,x25,80000704	  x7:0x00000020 x25:0x33082000
        3305000	       329	800006d4	ff92a913	slti	x18,x5,-7	  x5:0x18b804eb x18=0x00000000
        3315000	       330	800006d8	012d0b33	add	x22,x26,x18	 x26:0x00000001 x18:0x00000000 x22=0x00000001
        3325000	       331	800006dc	d64b3e13	sltiu	x28,x22,-668	 x22:0x00000001 x28=0x00000001
        3335000	       332	800006e0	01b5eb33	or	x22,x11,x27	 x11:0x000000cb x27:0x00000004 x22=0x000000cf
        3345000	       333	800006e4	c4446713	ori	x14,x8,-956	  x8:0x40852400 x14=0xfffffc44
        3355000	       334	800006e8	4102deb3	sra	x29,x5,x16	  x5:0x18b804eb x16:0x18b80420 x29=0x18b804eb
        3365000	       335	800006ec	03460463	beq	x12,x20,80000714	 x12:0x7adbe435 x20:0x7309a5bc
        3375000	       336	800006f0	004e1c33	sll	x24,x28,x4	 x28:0x00000001  x4:0x28000000 x24=0x00000001
        3385000	       337	800006f4	0269c063	blt	x19,x6,80000714	 x19:0x80009fc4  x6:0x00000000
        3395000	       338	00000000	00000013	addi	x0,x0,0	  x0:0x00000000
        3405000	       339	80000710	00000013	addi	x0,x0,0	  x0:0x00000000
        3415000	       340	80000714	00363d33	sltu	x26,x12,x3	 x12:0x7adbe435  x3:0x5b09a5bc x26=0x00000000
        3425000	       341	80000718	00e880b3	add	x1,x17,x14	 x17:0xffffff60 x14:0xfffffc44  x1=0xfffffba4
        3435000	       342	8000071c	003e60b3	or	x1,x28,x3	 x28:0x00000001  x3:0x5b09a5bc  x1=0x5b09a5bd
        3445000	       343	80000720	00291513	slli	x10,x18,0x2	 x18:0x00000000 x10=0x00000000
        3455000	       344	80000724	02a1ca63	blt	x3,x10,80000758	  x3:0x5b09a5bc x10:0x00000000
        3465000	       345	80000728	403c5e33	sra	x28,x24,x3	 x24:0x00000001  x3:0x5b09a5bc x28=0x00000000
        3475000	       346	8000072c	00f8eb33	or	x22,x17,x15	 x17:0xffffff60 x15:0x0000f081 x22=0xffffffe1
        3485000	       347	80000730	00a05b33	srl	x22,x0,x10	  x0:0x00000000 x10:0x00000000 x22=0x00000000
        3495000	       348	80000734	01870833	add	x16,x14,x24	 x14:0xfffffc44 x24:0x00000001 x16=0xfffffc45
        3505000	       349	80000738	01d79b93	slli	x23,x15,0x1d	 x15:0x0000f081 x23=0x20000000
        3515000	       350	8000073c	01fb8833	add	x16,x23,x31	 x23:0x20000000 x31:0x01e48466 x16=0x21e48466
        3525000	       351	80000740	40665933	sra	x18,x12,x6	 x12:0x7adbe435  x6:0x00000000 x18=0x7adbe435
        3535000	       352	80000744	005ebd33	sltu	x26,x29,x5	 x29:0x18b804eb  x5:0x18b804eb x26=0x00000000
        3545000	       353	80000748	00cee2b3	or	x5,x29,x12	 x29:0x18b804eb x12:0x7adbe435  x5=0x7afbe4ff
        3555000	       354	8000074c	0139da13	srli	x20,x19,0x13	 x19:0x80009fc4 x20=0x00001000
        3565000	       355	80000750	01e105b3	add	x11,x2,x30	  x2:0x0f7ef027 x30:0x80009f84 x11=0x8f7f8fab
        3575000	       356	80000754	01b05263	bge	x0,x27,80000758	  x0:0x00000000 x27:0x00000004
        3585000	       357	80000758	00c48db3	add	x27,x9,x12	  x9:0x00000007 x12:0x7adbe435 x27=0x7adbe43c
        3595000	       358	8000075c	00008797	auipc	x15,0x8	 x15=0x80008758
        3605000	       359	80000760	f9a78793	addi	x15,x15,-102	 x15:0x80008758 x15=0x800086f2
        3615000	       360	80000764	01a7a3b3	slt	x7,x15,x26	 x15:0x800086f2 x26:0x00000000  x7=0x00000001
        3625000	       361	80000768	03578403	lb	x8,53(x15)	 x15:0x800086f2  x8=0xffffffdc PA:0x80008727
        3635000	       362	8000076c	01821533	sll	x10,x4,x24	  x4:0x28000000 x24:0x00000001 x10=0x50000000
        3645000	       363	80000770	a520a013	slti	x0,x1,-1454	  x1:0x5b09a5bd
        3655000	       364	80000774	fe078903	lb	x18,-32(x15)	 x15:0x800086f2 x18=0xffffff89 PA:0x800086d2
        3665000	       365	80000778	01878c83	lb	x25,24(x15)	 x15:0x800086f2 x25=0xffffffc1 PA:0x8000870a
        3675000	       366	8000077c	ff27cb03	lbu	x22,-14(x15)	 x15:0x800086f2 x22=0x0000009f PA:0x800086e4
        3685000	       367	80000780	00c913b3	sll	x7,x18,x12	 x18:0xffffff89 x12:0x7adbe435  x7=0xf1200000
        3695000	       368	80000784	00d34333	xor	x6,x6,x13	  x6:0x00000000 x13:0xefffece4  x6=0xefffece4
        3705000	       369	80000788	41ddd233	sra	x4,x27,x29	 x27:0x7adbe43c x29:0x18b804eb  x4=0x000f5b7c
        3715000	       370	8000078c	01fa5493	srli	x9,x20,0x1f	 x20:0x00001000  x9=0x00000000
        3725000	       371	80000790	00e78823	sb	x14,16(x15)	 x15:0x800086f2 x14:0xfffffc44 PA:0x80008702
        3735000	       372	80000794	4089d833	sra	x16,x19,x8	 x19:0x80009fc4  x8:0xffffffdc x16=0xfffffff8
        3745000	       373	80000798	ff578a83	lb	x21,-11(x15)	 x15:0x800086f2 x21=0xffffff9c PA:0x800086e7
        3755000	       374	8000079c	01878c23	sb	x24,24(x15)	 x15:0x800086f2 x24:0x00000001 PA:0x8000870a
        3765000	       375	800007a0	02c7db03	lhu	x22,44(x15)	 x15:0x800086f2 x22=0x0000d4d5 PA:0x8000871e
        3775000	       376	800007a4	00d192b3	sll	x5,x3,x13	  x3:0x5b09a5bc x13:0xefffece4  x5=0xb09a5bc0
        3785000	       377	800007a8	fe47c603	lbu	x12,-28(x15)	 x15:0x800086f2 x12=0x0000008d PA:0x800086d6
        3795000	       378	800007ac	fef7c703	lbu	x14,-17(x15)	 x15:0x800086f2 x14=0x0000009a PA:0x800086e1
        3805000	       379	800007b0	01c3ea33	or	x20,x7,x28	  x7:0xf1200000 x28:0x00000000 x20=0xf1200000
        3815000	       380	800007b4	fc178283	lb	x5,-63(x15)	 x15:0x800086f2  x5=0x00000068 PA:0x800086b3
        3825000	       381	800007b8	40745a93	srai	x21,x8,0x7	  x8:0xffffffdc x21=0xffffffff
        3835000	       382	800007bc	ff67cb03	lbu	x22,-10(x15)	 x15:0x800086f2 x22=0x000000a3 PA:0x800086e8
        3845000	       383	800007c0	0194c1b3	xor	x3,x9,x25	  x9:0x00000000 x25:0xffffffc1  x3=0xffffffc1
        3855000	       384	800007c4	01311c33	sll	x24,x2,x19	  x2:0x0f7ef027 x19:0x80009fc4 x24=0xf7ef0270
        3865000	       385	800007c8	01ab5e33	srl	x28,x22,x26	 x22:0x000000a3 x26:0x00000000 x28=0x000000a3
        3875000	       386	800007cc	fef7c283	lbu	x5,-17(x15)	 x15:0x800086f2  x5=0x0000009a PA:0x800086e1
        3885000	       387	800007d0	0139f8b3	and	x17,x19,x19	 x19:0x80009fc4 x19:0x80009fc4 x17=0x80009fc4
        3895000	       388	800007d4	494fa093	slti	x1,x31,1172	 x31:0x01e48466  x1=0x00000000
        3905000	       389	800007d8	ff87c603	lbu	x12,-8(x15)	 x15:0x800086f2 x12=0x000000a1 PA:0x800086ea
        3915000	       390	800007dc	00f7c503	lbu	x10,15(x15)	 x15:0x800086f2 x10=0x000000ba PA:0x80008701
        3925000	       391	800007e0	0117c703	lbu	x14,17(x15)	 x15:0x800086f2 x14=0x000000b8 PA:0x80008703
        3935000	       392	800007e4	002782a3	sb	x2,5(x15)	 x15:0x800086f2  x2:0x0f7ef027 PA:0x800086f7
        3945000	       393	800007e8	40010ab3	sub	x21,x2,x0	  x2:0x0f7ef027  x0:0x00000000 x21=0x0f7ef027
        3955000	       394	800007ec	02c79403	lh	x8,44(x15)	 x15:0x800086f2  x8=0xffffd4d5 PA:0x8000871e
        3965000	       395	800007f0	ff57c903	lbu	x18,-11(x15)	 x15:0x800086f2 x18=0x0000009c PA:0x800086e7
        3975000	       396	800007f4	001c71b3	and	x3,x24,x1	 x24:0xf7ef0270  x1:0x00000000  x3=0x00000000
        3985000	       397	800007f8	15fcb037	lui	x0,0x15fcb	
        3995000	       398	800007fc	fd3785a3	sb	x19,-53(x15)	 x15:0x800086f2 x19:0x80009fc4 PA:0x800086bd
        4005000	       399	80000800	015dd8b3	srl	x17,x27,x21	 x27:0x7adbe43c x21:0x0f7ef027 x17=0x00f5b7c8
        4015000	       400	80000804	01ad50b3	srl	x1,x26,x26	 x26:0x00000000 x26:0x00000000  x1=0x00000000
        4025000	       401	80000808	fc77ce83	lbu	x29,-57(x15)	 x15:0x800086f2 x29=0x00000072 PA:0x800086b9
        4035000	       402	8000080c	fcd7c703	lbu	x14,-51(x15)	 x15:0x800086f2 x14=0x00000074 PA:0x800086bf
        4045000	       403	80000810	cc8a7b13	andi	x22,x20,-824	 x20:0xf1200000 x22=0xf1200000
        4055000	       404	80000814	fd87cf83	lbu	x31,-40(x15)	 x15:0x800086f2 x31=0x00000081 PA:0x800086ca
        4065000	       405	80000818	00000013	addi	x0,x0,0	  x0:0x00000000
        4075000	       406	8000081c	01181633	sll	x12,x16,x17	 x16:0xfffffff8 x17:0x00f5b7c8 x12=0xfffff800
        4085000	       407	80000820	0397c403	lbu	x8,57(x15)	 x15:0x800086f2  x8=0x000000e0 PA:0x8000872b
        4095000	       408	80000824	03278583	lb	x11,50(x15)	 x15:0x800086f2 x11=0xffffffdf PA:0x80008724
        4105000	       409	80000828	00764db3	xor	x27,x12,x7	 x12:0xfffff800  x7:0xf1200000 x27=0x0edff800
        4115000	       410	8000082c	03a780a3	sb	x26,33(x15)	 x15:0x800086f2 x26:0x00000000 PA:0x80008713
        4125000	       411	80000830	00000013	addi	x0,x0,0	  x0:0x00000000
        4135000	       412	80000834	011fe2b3	or	x5,x31,x17	 x31:0x00000081 x17:0x00f5b7c8  x5=0x00f5b7c9
        4145000	       413	80000838	e48dfa93	andi	x21,x27,-440	 x27:0x0edff800 x21=0x0edff800
        4155000	       414	8000083c	03279063	bne	x15,x18,8000085c	 x15:0x800086f2 x18:0x0000009c
        4165000	       415	00000000	00000013	addi	x0,x0,0	  x0:0x00000000
        4175000	       416	80000858	00000013	addi	x0,x0,0	  x0:0x00000000
        4185000	       417	8000085c	00dc9d13	slli	x26,x25,0xd	 x25:0xffffffc1 x26=0xfff82000
        4195000	       418	80000860	49b87d93	andi	x27,x16,1179	 x16:0xfffffff8 x27=0x00000498
        4205000	       419	80000864	e2a0a093	slti	x1,x1,-470	  x1:0x00000000  x1=0x00000000
        4215000	       420	80000868	015dd533	srl	x10,x27,x21	 x27:0x00000498 x21:0x0edff800 x10=0x00000498
        4225000	       421	8000086c	fa638813	addi	x16,x7,-90	  x7:0xf1200000 x16=0xf11fffa6
        4235000	       422	80000870	1e6a0393	addi	x7,x20,486	 x20:0xf1200000  x7=0xf12001e6
        4245000	       423	80000874	03d06863	bltu	x0,x29,800008a4	  x0:0x00000000 x29:0x00000072
        4255000	       424	00000000	00000013	addi	x0,x0,0	  x0:0x00000000
        4265000	       425	800008a0	00000013	addi	x0,x0,0	  x0:0x00000000
        4275000	       426	800008a4	00df16b3	sll	x13,x30,x13	 x30:0x80009f84 x13:0xefffece4 x13=0x0009f840
        4285000	       427	800008a8	4fd37d13	andi	x26,x6,1277	  x6:0xefffece4 x26=0x000004e4
        4295000	       428	800008ac	13302a97	auipc	x21,0x13302	 x21=0x933028a8
        4305000	       429	800008b0	41fed333	sra	x6,x29,x31	 x29:0x00000072 x31:0x00000081  x6=0x00000039
        4315000	       430	800008b4	00e2b0b3	sltu	x1,x5,x14	  x5:0x00f5b7c9 x14:0x00000074  x1=0x00000000
        4325000	       431	800008b8	0a062d93	slti	x27,x12,160	 x12:0xfffff800 x27=0x00000001
        4335000	       432	800008bc	01255e13	srli	x28,x10,0x12	 x10:0x00000498 x28=0x00000000
        4345000	       433	800008c0	03574063	blt	x14,x21,800008e0	 x14:0x00000074 x21:0x933028a8
        4355000	       434	800008c4	4a72e693	ori	x13,x5,1191	  x5:0x00f5b7c9 x13=0x00f5b7ef
        4365000	       435	800008c8	34e03093	sltiu	x1,x0,846	  x0:0x00000000  x1=0x00000001
        4375000	       436	800008cc	01385663	bge	x16,x19,800008d8	 x16:0xf11fffa6 x19:0x80009fc4
        4385000	       437	00000000	00000013	addi	x0,x0,0	  x0:0x00000000
        4395000	       438	800008d4	00000013	addi	x0,x0,0	  x0:0x00000000
        4405000	       439	800008d8	03b17263	bgeu	x2,x27,800008fc	  x2:0x0f7ef027 x27:0x00000001
        4415000	       440	00000000	00000013	addi	x0,x0,0	  x0:0x00000000
        4425000	       441	800008f8	00000013	addi	x0,x0,0	  x0:0x00000000
        4435000	       442	800008fc	d9d06d13	ori	x26,x0,-611	  x0:0x00000000 x26=0xfffffd9d
        4445000	       443	80000900	0038d313	srli	x6,x17,0x3	 x17:0x00f5b7c8  x6=0x001eb6f9
        4455000	       444	80000904	2345fc13	andi	x24,x11,564	 x11:0xffffffdf x24=0x00000214
        4465000	       445	80000908	69f4b513	sltiu	x10,x9,1695	  x9:0x00000000 x10=0x00000001
        4475000	       446	8000090c	2179a493	slti	x9,x19,535	 x19:0x80009fc4  x9=0x00000001
        4485000	       447	80000910	018b2933	slt	x18,x22,x24	 x22:0xf1200000 x24:0x00000214 x18=0x00000001
        4495000	       448	80000914	59568d97	auipc	x27,0x59568	 x27=0xd9568910
        4505000	       449	80000918	020e4463	blt	x28,x0,80000940	 x28:0x00000000  x0:0x00000000
        4515000	       450	8000091c	40530233	sub	x4,x6,x5	  x6:0x001eb6f9  x5:0x00f5b7c9  x4=0xff28ff30
        4525000	       451	80000920	030be093	ori	x1,x23,48	 x23:0x20000000  x1=0x20000030
        4535000	       452	80000924	00000013	addi	x0,x0,0	  x0:0x00000000
        4545000	       453	80000928	0315ea63	bltu	x11,x17,8000095c	 x11:0xffffffdf x17:0x00f5b7c8
        4555000	       454	8000092c	04249063	bne	x9,x2,8000096c	  x9:0x00000001  x2:0x0f7ef027
        4565000	       455	00000000	00000013	addi	x0,x0,0	  x0:0x00000000
        4575000	       456	80000968	00000013	addi	x0,x0,0	  x0:0x00000000
        4585000	       457	8000096c	01872733	slt	x14,x14,x24	 x14:0x00000074 x24:0x00000214 x14=0x00000001
        4595000	       458	80000970	407084b3	sub	x9,x1,x7	  x1:0x20000030  x7:0xf12001e6  x9=0x2edffe4a
        4605000	       459	80000974	00678263	beq	x15,x6,80000978	 x15:0x800086f2  x6:0x001eb6f9
        4615000	       460	80000978	0056e833	or	x16,x13,x5	 x13:0x00f5b7ef  x5:0x00f5b7c9 x16=0x00f5b7ef
        4625000	       461	8000097c	00000117	auipc	x2,0x0	  x2=0x80000978
        4635000	       462	80000980	00c10113	addi	x2,x2,12	  x2:0x80000978  x2=0x80000984
        4645000	       463	80000984	00010067	jalr	x0,x2,0	  x2:0x80000984
        4655000	       464	00000000	00000013	addi	x0,x0,0	  x0:0x00000000
        4665000	       465	80000984	00000013	addi	x0,x0,0	  x0:0x00000000
        4675000	       466	80000988	00100193	addi	x3,x0,1	  x0:0x00000000  x3=0x00000001
        4685000	       467	8000098c	00000073	ecall	
        4695000	       468	80000990	fe4f0f13	addi	x30,x30,-28	 x30:0x80009f84 x30=0x80009f68
