		Time			Cycle	PC		Insn	Decoded instruction	Register and memory contents
          65000	         5	80000004	00000293	addi	x5,x0,0	  x0:0x00000000  x5=0x00000000
          75000	         6	80000008	00000313	addi	x6,x0,0	  x0:0x00000000  x6=0x00000000
          85000	         7	8000000c	00628263	beq	x5,x6,80000010	  x5:0x00000000  x6:0x00000000
          95000	         8	00000000	00000013	addi	x0,x0,0	  x0:0x00000000
         105000	         9	8000000c	00000013	addi	x0,x0,0	  x0:0x00000000
         115000	        10	80000010	00000c97	auipc	x25,0x0	 x25=0x8000000c
         125000	        11	80000014	00cc8c93	addi	x25,x25,12	 x25:0x8000000c x25=0x80000018
         135000	        12	80000018	000c8067	jalr	x0,x25,0	 x25:0x80000018
         145000	        13	00000000	00000013	addi	x0,x0,0	  x0:0x00000000
         155000	        14	80000018	00000013	addi	x0,x0,0	  x0:0x00000000
         165000	        15	8000001c	40000437	lui	x8,0x40000	  x8=0x40000000
         175000	        16	80000020	10040413	addi	x8,x8,256	  x8:0x40000000  x8=0x40000100
         185000	        17	80000024	00000013	addi	x0,x0,0	  x0:0x00000000
         195000	        18	80000028	0000a997	auipc	x19,0xa	 x19=0x8000a024
         205000	        19	8000002c	fa098993	addi	x19,x19,-96	 x19:0x8000a024 x19=0x80009fc4
         215000	        20	80000030	00007417	auipc	x8,0x7	  x8=0x8000702c
         225000	        21	80000034	bbc40413	addi	x8,x8,-1092	  x8:0x8000702c  x8=0x80006be8
         235000	        22	80000038	00046413	ori	x8,x8,0	  x8:0x80006be8  x8=0x80006be8
         245000	        23	8000003c	00000013	addi	x0,x0,0	  x0:0x00000000
         255000	        24	80000040	00000417	auipc	x8,0x0	  x8=0x8000003c
         265000	        25	80000044	02040413	addi	x8,x8,32	  x8:0x8000003c  x8=0x8000005c
         275000	        26	80000048	00000013	addi	x0,x0,0	  x0:0x00000000
         285000	        27	8000004c	00000013	addi	x0,x0,0	  x0:0x00000000
         295000	        28	80000050	00002437	lui	x8,0x2	  x8=0x00002000
         305000	        29	80000054	80040413	addi	x8,x8,-2048	  x8:0x00002000  x8=0x00001800
         315000	        30	80000058	00000013	addi	x0,x0,0	  x0:0x00000000
         325000	        31	8000005c	00000013	addi	x0,x0,0	  x0:0x00000000
         335000	        32	80000060	f79ad037	lui	x0,0xf79ad	
         345000	        33	80000064	b9800013	addi	x0,x0,-1128	  x0:0x00000000
         355000	        34	80000068	800000b7	lui	x1,0x80000	  x1=0x80000000
         365000	        35	8000006c	80000137	lui	x2,0x80000	  x2=0x80000000
         375000	        36	80000070	00000193	addi	x3,x0,0	  x0:0x00000000  x3=0x00000000
         385000	        37	80000074	f5346237	lui	x4,0xf5346	  x4=0xf5346000
         395000	        38	80000078	48a20213	addi	x4,x4,1162	  x4:0xf5346000  x4=0xf534648a
         405000	        39	8000007c	00000293	addi	x5,x0,0	  x0:0x00000000  x5=0x00000000
         415000	        40	80000080	80000337	lui	x6,0x80000	  x6=0x80000000
         425000	        41	80000084	faf913b7	lui	x7,0xfaf91	  x7=0xfaf91000
         435000	        42	80000088	da938393	addi	x7,x7,-599	  x7:0xfaf91000  x7=0xfaf90da9
         445000	        43	8000008c	19da2437	lui	x8,0x19da2	  x8=0x19da2000
         455000	        44	80000090	51d40413	addi	x8,x8,1309	  x8:0x19da2000  x8=0x19da251d
         465000	        45	80000094	800004b7	lui	x9,0x80000	  x9=0x80000000
         475000	        46	80000098	80000537	lui	x10,0x80000	 x10=0x80000000
         485000	        47	8000009c	00b00593	addi	x11,x0,11	  x0:0x00000000 x11=0x0000000b
         495000	        48	800000a0	00a00613	addi	x12,x0,10	  x0:0x00000000 x12=0x0000000a
         505000	        49	800000a4	00100693	addi	x13,x0,1	  x0:0x00000000 x13=0x00000001
         515000	        50	800000a8	f6402737	lui	x14,0xf6402	 x14=0xf6402000
         525000	        51	800000ac	32b70713	addi	x14,x14,811	 x14:0xf6402000 x14=0xf640232b
         535000	        52	800000b0	00c00793	addi	x15,x0,12	  x0:0x00000000 x15=0x0000000c
         545000	        53	800000b4	c66f9837	lui	x16,0xc66f9	 x16=0xc66f9000
         555000	        54	800000b8	2b580813	addi	x16,x16,693	 x16:0xc66f9000 x16=0xc66f92b5
         565000	        55	800000bc	3bc7e8b7	lui	x17,0x3bc7e	 x17=0x3bc7e000
         575000	        56	800000c0	b5988893	addi	x17,x17,-1191	 x17:0x3bc7e000 x17=0x3bc7db59
         585000	        57	800000c4	00c00a13	addi	x20,x0,12	  x0:0x00000000 x20=0x0000000c
         595000	        58	800000c8	f3567ab7	lui	x21,0xf3567	 x21=0xf3567000
         605000	        59	800000cc	dc5a8a93	addi	x21,x21,-571	 x21:0xf3567000 x21=0xf3566dc5
         615000	        60	800000d0	f8b64b37	lui	x22,0xf8b64	 x22=0xf8b64000
         625000	        61	800000d4	1c8b0b13	addi	x22,x22,456	 x22:0xf8b64000 x22=0xf8b641c8
         635000	        62	800000d8	b9a47bb7	lui	x23,0xb9a47	 x23=0xb9a47000
         645000	        63	800000dc	d99b8b93	addi	x23,x23,-615	 x23:0xb9a47000 x23=0xb9a46d99
         655000	        64	800000e0	10089c37	lui	x24,0x10089	 x24=0x10089000
         665000	        65	800000e4	69dc0c13	addi	x24,x24,1693	 x24:0x10089000 x24=0x1008969d
         675000	        66	800000e8	fe6c5cb7	lui	x25,0xfe6c5	 x25=0xfe6c5000
         685000	        67	800000ec	581c8c93	addi	x25,x25,1409	 x25:0xfe6c5000 x25=0xfe6c5581
         695000	        68	800000f0	f02cdd37	lui	x26,0xf02cd	 x26=0xf02cd000
         705000	        69	800000f4	4e6d0d13	addi	x26,x26,1254	 x26:0xf02cd000 x26=0xf02cd4e6
         715000	        70	800000f8	fea33db7	lui	x27,0xfea33	 x27=0xfea33000
         725000	        71	800000fc	478d8d93	addi	x27,x27,1144	 x27:0xfea33000 x27=0xfea33478
         735000	        72	80000100	00000e13	addi	x28,x0,0	  x0:0x00000000 x28=0x00000000
         745000	        73	80000104	00000e93	addi	x29,x0,0	  x0:0x00000000 x29=0x00000000
         755000	        74	80000108	94ea6f37	lui	x30,0x94ea6	 x30=0x94ea6000
         765000	        75	8000010c	370f0f13	addi	x30,x30,880	 x30:0x94ea6000 x30=0x94ea6370
         775000	        76	80000110	80000fb7	lui	x31,0x80000	 x31=0x80000000
         785000	        77	80000114	0000a917	auipc	x18,0xa	 x18=0x8000a110
         795000	        78	80000118	e7490913	addi	x18,x18,-396	 x18:0x8000a110 x18=0x80009f84
         805000	        79	8000011c	00008117	auipc	x2,0x8	  x2=0x80008118
         815000	        80	80000120	41310113	addi	x2,x2,1043	  x2:0x80008118  x2=0x8000852b
         825000	        81	80000124	ff410d23	sb	x20,-6(x2)	  x2:0x8000852b x20:0x0000000c PA:0x80008525
         835000	        82	80000128	00aa9293	slli	x5,x21,0xa	 x21:0xf3566dc5  x5=0x59b71400
         845000	        83	8000012c	ffb11183	lh	x3,-5(x2)	  x2:0x8000852b  x3=0x00007ef7 PA:0x80008526
         855000	        84	80000130	4843e097	auipc	x1,0x4843e	  x1=0xc843e12c
         865000	        85	80000134	001ad8b3	srl	x17,x21,x1	 x21:0xf3566dc5  x1:0xc843e12c x17=0x000f3566
         875000	        86	80000138	00f29713	slli	x14,x5,0xf	  x5:0x59b71400 x14=0x8a000000
         885000	        87	8000013c	ffc11ba3	sh	x28,-9(x2)	  x2:0x8000852b x28:0x00000000 PA:0x80008522
         895000	        88	80000140	64150613	addi	x12,x10,1601	 x10:0x80000000 x12=0x80000641
         905000	        89	80000144	b7603d93	sltiu	x27,x0,-1162	  x0:0x00000000 x27=0x00000001
         915000	        90	80000148	00a10283	lb	x5,10(x2)	  x2:0x8000852b  x5=0xfffffff6 PA:0x80008535
         925000	        91	8000014c	ffe10403	lb	x8,-2(x2)	  x2:0x8000852b  x8=0xffffff85 PA:0x80008529
         935000	        92	80000150	ab124817	auipc	x16,0xab124	 x16=0x2b12414c
         945000	        93	80000154	008adab3	srl	x21,x21,x8	 x21:0xf3566dc5  x8:0xffffff85 x21=0x079ab36e
         955000	        94	80000158	01c10523	sb	x28,10(x2)	  x2:0x8000852b x28:0x00000000 PA:0x80008535
         965000	        95	8000015c	f886c313	xori	x6,x13,-120	 x13:0x00000001  x6=0xffffff89
         975000	        96	80000160	00214e03	lbu	x28,2(x2)	  x2:0x8000852b x28=0x00000087 PA:0x8000852d
         985000	        97	80000164	41138b33	sub	x22,x7,x17	  x7:0xfaf90da9 x17:0x000f3566 x22=0xfae9d843
         995000	        98	80000168	00d66533	or	x10,x12,x13	 x12:0x80000641 x13:0x00000001 x10=0x80000641
        1005000	        99	8000016c	7927fc13	andi	x24,x15,1938	 x15:0x0000000c x24=0x00000000
        1015000	       100	80000170	00000013	addi	x0,x0,0	  x0:0x00000000
        1025000	       101	80000174	ff111203	lh	x4,-15(x2)	  x2:0x8000852b  x4=0x00007ac5 PA:0x8000851c
        1035000	       102	80000178	003107a3	sb	x3,15(x2)	  x2:0x8000852b  x3:0x00007ef7 PA:0x8000853a
        1045000	       103	8000017c	ff110583	lb	x11,-15(x2)	  x2:0x8000852b x11=0xffffffc5 PA:0x8000851c
        1055000	       104	80000180	ff5108a3	sb	x21,-15(x2)	  x2:0x8000852b x21:0x079ab36e PA:0x8000851c
        1065000	       105	80000184	00353733	sltu	x14,x10,x3	 x10:0x80000641  x3:0x00007ef7 x14=0x00000000
        1075000	       106	80000188	013112a3	sh	x19,5(x2)	  x2:0x8000852b x19:0x80009fc4 PA:0x80008530
        1085000	       107	8000018c	ff810183	lb	x3,-8(x2)	  x2:0x8000852b  x3=0x00000000 PA:0x80008523
        1095000	       108	80000190	012d7c33	and	x24,x26,x18	 x26:0xf02cd4e6 x18:0x80009f84 x24=0x80009484
        1105000	       109	80000194	00505833	srl	x16,x0,x5	  x0:0x00000000  x5:0xfffffff6 x16=0x00000000
        1115000	       110	80000198	0094c8b3	xor	x17,x9,x9	  x9:0x80000000  x9:0x80000000 x17=0x00000000
        1125000	       111	8000019c	ff211ea3	sh	x18,-3(x2)	  x2:0x8000852b x18:0x80009f84 PA:0x80008528
        1135000	       112	800001a0	00a498b3	sll	x17,x9,x10	  x9:0x80000000 x10:0x80000641 x17=0x00000000
        1145000	       113	800001a4	007c40b3	xor	x1,x24,x7	 x24:0x80009484  x7:0xfaf90da9  x1=0x7af9992d
        1155000	       114	800001a8	01623433	sltu	x8,x4,x22	  x4:0x00007ac5 x22:0xfae9d843  x8=0x00000001
        1165000	       115	800001ac	00711003	lh	x0,7(x2)	  x2:0x8000852b PA:0x80008532
        1175000	       116	800001b0	0119c033	xor	x0,x19,x17	 x19:0x80009fc4 x17:0x00000000
        1185000	       117	800001b4	3c710193	addi	x3,x2,967	  x2:0x8000852b  x3=0x800088f2
        1195000	       118	800001b8	eff20393	addi	x7,x4,-257	  x4:0x00007ac5  x7=0x000079c4
        1205000	       119	800001bc	4093d5b3	sra	x11,x7,x9	  x7:0x000079c4  x9:0x80000000 x11=0x000079c4
        1215000	       120	800001c0	53317793	andi	x15,x2,1331	  x2:0x8000852b x15=0x00000523
        1225000	       121	800001c4	ff515c03	lhu	x24,-11(x2)	  x2:0x8000852b x24=0x00009794 PA:0x80008520
        1235000	       122	800001c8	ff110783	lb	x15,-15(x2)	  x2:0x8000852b x15=0x0000006e PA:0x8000851c
        1245000	       123	800001cc	ff810b23	sb	x24,-10(x2)	  x2:0x8000852b x24:0x00009794 PA:0x80008521
        1255000	       124	800001d0	00a10783	lb	x15,10(x2)	  x2:0x8000852b x15=0x00000000 PA:0x80008535
        1265000	       125	800001d4	ff115d03	lhu	x26,-15(x2)	  x2:0x8000852b x26=0x00007a6e PA:0x8000851c
        1275000	       126	800001d8	01958633	add	x12,x11,x25	 x11:0x000079c4 x25:0xfe6c5581 x12=0xfe6ccf45
        1285000	       127	800001dc	ffd10c03	lb	x24,-3(x2)	  x2:0x8000852b x24=0xffffff84 PA:0x80008528
        1295000	       128	800001e0	0135c033	xor	x0,x11,x19	 x11:0x000079c4 x19:0x80009fc4
        1305000	       129	800001e4	01e1d463	bge	x3,x30,800001ec	  x3:0x800088f2 x30:0x94ea6370
        1315000	       130	800001e8	01c95233	srl	x4,x18,x28	 x18:0x80009f84 x28:0x00000087  x4=0x0100013f
        1325000	       131	800001ec	d5e64393	xori	x7,x12,-674	 x12:0xfe6ccf45  x7=0x0193321b
        1335000	       132	800001f0	01d39093	slli	x1,x7,0x1d	  x7:0x0193321b  x1=0x60000000
        1345000	       133	800001f4	40b85733	sra	x14,x16,x11	 x16:0x00000000 x11:0x000079c4 x14=0x00000000
        1355000	       134	800001f8	00ca57b3	srl	x15,x20,x12	 x20:0x0000000c x12:0xfe6ccf45 x15=0x00000000
        1365000	       135	800001fc	e6eaaa13	slti	x20,x21,-402	 x21:0x079ab36e x20=0x00000000
        1375000	       136	80000200	00aa2d33	slt	x26,x20,x10	 x20:0x00000000 x10:0x80000641 x26=0x00000000
        1385000	       137	80000204	0107cfb3	xor	x31,x15,x16	 x15:0x00000000 x16:0x00000000 x31=0x00000000
        1395000	       138	80000208	04c86063	bltu	x16,x12,80000248	 x16:0x00000000 x12:0xfe6ccf45
        1405000	       139	00000000	00000013	addi	x0,x0,0	  x0:0x00000000
        1415000	       140	80000244	00000013	addi	x0,x0,0	  x0:0x00000000
        1425000	       141	80000248	40488233	sub	x4,x17,x4	 x17:0x00000000  x4:0x0100013f  x4=0xfefffec1
        1435000	       142	8000024c	012adbb3	srl	x23,x21,x18	 x21:0x079ab36e x18:0x80009f84 x23=0x0079ab36
        1445000	       143	80000250	4047d433	sra	x8,x15,x4	 x15:0x00000000  x4:0xfefffec1  x8=0x00000000
        1455000	       144	80000254	00d23db3	sltu	x27,x4,x13	  x4:0xfefffec1 x13:0x00000001 x27=0x00000000
        1465000	       145	80000258	0010f263	bgeu	x1,x1,8000025c	  x1:0x60000000  x1:0x60000000
        1475000	       146	00000000	00000013	addi	x0,x0,0	  x0:0x00000000
        1485000	       147	80000258	00000013	addi	x0,x0,0	  x0:0x00000000
        1495000	       148	8000025c	4ef5ed13	ori	x26,x11,1263	 x11:0x000079c4 x26=0x00007def
        1505000	       149	80000260	011600b3	add	x1,x12,x17	 x12:0xfe6ccf45 x17:0x00000000  x1=0xfe6ccf45
        1515000	       150	80000264	0d601263	bne	x0,x22,80000328	  x0:0x00000000 x22:0xfae9d843
        1525000	       151	00000000	00000013	addi	x0,x0,0	  x0:0x00000000
        1535000	       152	80000324	00000013	addi	x0,x0,0	  x0:0x00000000
        1545000	       153	80000328	01b3dbb3	srl	x23,x7,x27	  x7:0x0193321b x27:0x00000000 x23=0x0193321b
        1555000	       154	8000032c	05937263	bgeu	x6,x25,80000370	  x6:0xffffff89 x25:0xfe6c5581
        1565000	       155	00000000	00000013	addi	x0,x0,0	  x0:0x00000000
        1575000	       156	8000036c	00000013	addi	x0,x0,0	  x0:0x00000000
        1585000	       157	80000370	009fd263	bge	x31,x9,80000374	 x31:0x00000000  x9:0x80000000
        1595000	       158	00000000	00000013	addi	x0,x0,0	  x0:0x00000000
        1605000	       159	80000370	00000013	addi	x0,x0,0	  x0:0x00000000
        1615000	       160	80000374	7e5c8c13	addi	x24,x25,2021	 x25:0xfe6c5581 x24=0xfe6c5d66
        1625000	       161	80000378	72714493	xori	x9,x2,1831	  x2:0x8000852b  x9=0x8000820c
        1635000	       162	8000037c	f91d0d13	addi	x26,x26,-111	 x26:0x00007def x26=0x00007d80
        1645000	       163	80000380	00537c63	bgeu	x6,x5,80000398	  x6:0xffffff89  x5:0xfffffff6
        1655000	       164	80000384	00000013	addi	x0,x0,0	  x0:0x00000000
        1665000	       165	80000388	00509613	slli	x12,x1,0x5	  x1:0xfe6ccf45 x12=0xcd99e8a0
        1675000	       166	8000038c	ccbba393	slti	x7,x23,-821	 x23:0x0193321b  x7=0x00000000
        1685000	       167	80000390	417fd693	srai	x13,x31,0x17	 x31:0x00000000 x13=0x00000000
        1695000	       168	80000394	1f8f7737	lui	x14,0x1f8f7	 x14=0x1f8f7000
        1705000	       169	80000398	015f7a63	bgeu	x30,x21,800003ac	 x30:0x94ea6370 x21:0x079ab36e
        1715000	       170	00000000	00000013	addi	x0,x0,0	  x0:0x00000000
        1725000	       171	800003a8	00000013	addi	x0,x0,0	  x0:0x00000000
        1735000	       172	800003ac	01b602b3	add	x5,x12,x27	 x12:0xcd99e8a0 x27:0x00000000  x5=0xcd99e8a0
        1745000	       173	800003b0	2f98aa93	slti	x21,x17,761	 x17:0x00000000 x21=0x00000001
        1755000	       174	800003b4	c8fd2493	slti	x9,x26,-881	 x26:0x00007d80  x9=0x00000000
        1765000	       175	800003b8	01ea6233	or	x4,x20,x30	 x20:0x00000000 x30:0x94ea6370  x4=0x94ea6370
        1775000	       176	800003bc	41508e33	sub	x28,x1,x21	  x1:0xfe6ccf45 x21:0x00000001 x28=0xfe6ccf44
        1785000	       177	800003c0	0145d263	bge	x11,x20,800003c4	 x11:0x000079c4 x20:0x00000000
        1795000	       178	00000000	00000013	addi	x0,x0,0	  x0:0x00000000
        1805000	       179	800003c0	00000013	addi	x0,x0,0	  x0:0x00000000
        1815000	       180	800003c4	4108de93	srai	x29,x17,0x10	 x17:0x00000000 x29=0x00000000
        1825000	       181	800003c8	00d57033	and	x0,x10,x13	 x10:0x80000641 x13:0x00000000
        1835000	       182	800003cc	6091d8b7	lui	x17,0x6091d	 x17=0x6091d000
        1845000	       183	800003d0	6bb3b213	sltiu	x4,x7,1723	  x7:0x00000000  x4=0x00000001
        1855000	       184	800003d4	03686263	bltu	x16,x22,800003f8	 x16:0x00000000 x22:0xfae9d843
        1865000	       185	00000000	00000013	addi	x0,x0,0	  x0:0x00000000
        1875000	       186	800003f4	00000013	addi	x0,x0,0	  x0:0x00000000
        1885000	       187	800003f8	9d697413	andi	x8,x18,-1578	 x18:0x80009f84  x8=0x80009984
        1895000	       188	800003fc	01cb1bb3	sll	x23,x22,x28	 x22:0xfae9d843 x28:0xfe6ccf44 x23=0xae9d8430
        1905000	       189	80000400	ebcf0e93	addi	x29,x30,-324	 x30:0x94ea6370 x29=0x94ea622c
        1915000	       190	80000404	05d24463	blt	x4,x29,8000044c	  x4:0x00000001 x29:0x94ea622c
        1925000	       191	80000408	00000013	addi	x0,x0,0	  x0:0x00000000
        1935000	       192	8000040c	ad4bb293	sltiu	x5,x23,-1324	 x23:0xae9d8430  x5=0x00000001
        1945000	       193	80000410	407b8b33	sub	x22,x23,x7	 x23:0xae9d8430  x7:0x00000000 x22=0xae9d8430
        1955000	       194	80000414	01171863	bne	x14,x17,80000424	 x14:0x1f8f7000 x17:0x6091d000
        1965000	       195	00000000	00000013	addi	x0,x0,0	  x0:0x00000000
        1975000	       196	80000420	00000013	addi	x0,x0,0	  x0:0x00000000
        1985000	       197	80000424	03f69a63	bne	x13,x31,80000458	 x13:0x00000000 x31:0x00000000
        1995000	       198	80000428	0132f133	and	x2,x5,x19	  x5:0x00000001 x19:0x80009fc4  x2=0x00000000
        2005000	       199	8000042c	00ac1593	slli	x11,x24,0xa	 x24:0xfe6c5d66 x11=0xb1759800
        2015000	       200	80000430	41fe52b3	sra	x5,x28,x31	 x28:0xfe6ccf44 x31:0x00000000  x5=0xfe6ccf44
        2025000	       201	80000434	03f21a63	bne	x4,x31,80000468	  x4:0x00000001 x31:0x00000000
        2035000	       202	00000000	00000013	addi	x0,x0,0	  x0:0x00000000
        2045000	       203	80000464	00000013	addi	x0,x0,0	  x0:0x00000000
        2055000	       204	80000468	0163d833	srl	x16,x7,x22	  x7:0x00000000 x22:0xae9d8430 x16=0x00000000
        2065000	       205	8000046c	01af11b3	sll	x3,x30,x26	 x30:0x94ea6370 x26:0x00007d80  x3=0x94ea6370
        2075000	       206	80000470	01b32db3	slt	x27,x6,x27	  x6:0xffffff89 x27:0x00000000 x27=0x00000001
        2085000	       207	80000474	04507863	bgeu	x0,x5,800004c4	  x0:0x00000000  x5:0xfe6ccf44
        2095000	       208	80000478	05aa1663	bne	x20,x26,800004c4	 x20:0x00000000 x26:0x00007d80
        2105000	       209	00000000	00000013	addi	x0,x0,0	  x0:0x00000000
        2115000	       210	800004c0	00000013	addi	x0,x0,0	  x0:0x00000000
        2125000	       211	800004c4	01041c13	slli	x24,x8,0x10	  x8:0x80009984 x24=0x99840000
        2135000	       212	800004c8	70dc2393	slti	x7,x24,1805	 x24:0x99840000  x7=0x00000001
        2145000	       213	800004cc	5d816b13	ori	x22,x2,1496	  x2:0x00000000 x22=0x000005d8
        2155000	       214	800004d0	01875d33	srl	x26,x14,x24	 x14:0x1f8f7000 x24:0x99840000 x26=0x1f8f7000
        2165000	       215	800004d4	40c2d5b3	sra	x11,x5,x12	  x5:0xfe6ccf44 x12:0xcd99e8a0 x11=0xfe6ccf44
        2175000	       216	800004d8	011bb093	sltiu	x1,x23,17	 x23:0xae9d8430  x1=0x00000000
        2185000	       217	800004dc	00558b33	add	x22,x11,x5	 x11:0xfe6ccf44  x5:0xfe6ccf44 x22=0xfcd99e88
        2195000	       218	800004e0	01894833	xor	x16,x18,x24	 x18:0x80009f84 x24:0x99840000 x16=0x19849f84
        2205000	       219	800004e4	4c808013	addi	x0,x1,1224	  x1:0x00000000
        2215000	       220	800004e8	002243b3	xor	x7,x4,x2	  x4:0x00000001  x2:0x00000000  x7=0x00000001
        2225000	       221	800004ec	41f5d893	srai	x17,x11,0x1f	 x11:0xfe6ccf44 x17=0xffffffff
        2235000	       222	800004f0	4177d633	sra	x12,x15,x23	 x15:0x00000000 x23:0xae9d8430 x12=0x00000000
        2245000	       223	800004f4	051d1463	bne	x26,x17,8000053c	 x26:0x1f8f7000 x17:0xffffffff
        2255000	       224	00000000	00000013	addi	x0,x0,0	  x0:0x00000000
        2265000	       225	80000538	00000013	addi	x0,x0,0	  x0:0x00000000
        2275000	       226	8000053c	005b5333	srl	x6,x22,x5	 x22:0xfcd99e88  x5:0xfe6ccf44  x6=0x0fcd99e8
        2285000	       227	80000540	00bf1333	sll	x6,x30,x11	 x30:0x94ea6370 x11:0xfe6ccf44  x6=0x4ea63700
        2295000	       228	80000544	01473d33	sltu	x26,x14,x20	 x14:0x1f8f7000 x20:0x00000000 x26=0x00000000
        2305000	       229	80000548	00691e33	sll	x28,x18,x6	 x18:0x80009f84  x6:0x4ea63700 x28=0x80009f84
        2315000	       230	8000054c	037d0263	beq	x26,x23,80000570	 x26:0x00000000 x23:0xae9d8430
        2325000	       231	80000550	3239f393	andi	x7,x19,803	 x19:0x80009fc4  x7=0x00000300
        2335000	       232	80000554	d8074e13	xori	x28,x14,-640	 x14:0x1f8f7000 x28=0xe0708d80
        2345000	       233	80000558	000b1793	slli	x15,x22,0x0	 x22:0xfcd99e88 x15=0xfcd99e88
        2355000	       234	8000055c	c19da513	slti	x10,x27,-999	 x27:0x00000001 x10=0x00000000
        2365000	       235	80000560	b0a2f0b7	lui	x1,0xb0a2f	  x1=0xb0a2f000
        2375000	       236	80000564	066b4463	blt	x22,x6,800005cc	 x22:0xfcd99e88  x6:0x4ea63700
        2385000	       237	00000000	00000013	addi	x0,x0,0	  x0:0x00000000
        2395000	       238	800005c8	00000013	addi	x0,x0,0	  x0:0x00000000
        2405000	       239	800005cc	00b15113	srli	x2,x2,0xb	  x2:0x00000000  x2=0x00000000
        2415000	       240	800005d0	00b545b3	xor	x11,x10,x11	 x10:0x00000000 x11:0xfe6ccf44 x11=0xfe6ccf44
        2425000	       241	800005d4	0091b233	sltu	x4,x3,x9	  x3:0x94ea6370  x9:0x00000000  x4=0x00000000
        2435000	       242	800005d8	0151feb3	and	x29,x3,x21	  x3:0x94ea6370 x21:0x00000001 x29=0x00000000
        2445000	       243	800005dc	04cf4663	blt	x30,x12,80000628	 x30:0x94ea6370 x12:0x00000000
        2455000	       244	00000000	00000013	addi	x0,x0,0	  x0:0x00000000
        2465000	       245	80000624	00000013	addi	x0,x0,0	  x0:0x00000000
        2475000	       246	80000628	c1ff8393	addi	x7,x31,-993	 x31:0x00000000  x7=0xfffffc1f
        2485000	       247	8000062c	740bf393	andi	x7,x23,1856	 x23:0xae9d8430  x7=0x00000400
        2495000	       248	80000630	0159ae33	slt	x28,x19,x21	 x19:0x80009fc4 x21:0x00000001 x28=0x00000001
        2505000	       249	80000634	01cf1e33	sll	x28,x30,x28	 x30:0x94ea6370 x28:0x00000001 x28=0x29d4c6e0
        2515000	       250	80000638	05fa7263	bgeu	x20,x31,8000067c	 x20:0x00000000 x31:0x00000000
        2525000	       251	00000000	00000013	addi	x0,x0,0	  x0:0x00000000
        2535000	       252	80000678	00000013	addi	x0,x0,0	  x0:0x00000000
        2545000	       253	8000067c	4107d433	sra	x8,x15,x16	 x15:0xfcd99e88 x16:0x19849f84  x8=0xffcd99e8
        2555000	       254	80000680	01199eb3	sll	x29,x19,x17	 x19:0x80009fc4 x17:0xffffffff x29=0x00000000
        2565000	       255	80000684	006c67b3	or	x15,x24,x6	 x24:0x99840000  x6:0x4ea63700 x15=0xdfa63700
        2575000	       256	80000688	017fd863	bge	x31,x23,80000698	 x31:0x00000000 x23:0xae9d8430
        2585000	       257	00000000	00000013	addi	x0,x0,0	  x0:0x00000000
        2595000	       258	80000694	00000013	addi	x0,x0,0	  x0:0x00000000
        2605000	       259	80000698	00a5e533	or	x10,x11,x10	 x11:0xfe6ccf44 x10:0x00000000 x10=0xfe6ccf44
        2615000	       260	8000069c	002645b3	xor	x11,x12,x2	 x12:0x00000000  x2:0x00000000 x11=0x00000000
        2625000	       261	800006a0	004e41b3	xor	x3,x28,x4	 x28:0x29d4c6e0  x4:0x00000000  x3=0x29d4c6e0
        2635000	       262	800006a4	044ec263	blt	x29,x4,800006e8	 x29:0x00000000  x4:0x00000000
        2645000	       263	800006a8	95f9fa93	andi	x21,x19,-1697	 x19:0x80009fc4 x21=0x80009944
        2655000	       264	800006ac	5cb83e93	sltiu	x29,x16,1483	 x16:0x19849f84 x29=0x00000000
        2665000	       265	800006b0	01189013	slli	x0,x17,0x11	 x17:0xffffffff
        2675000	       266	800006b4	ce876f13	ori	x30,x14,-792	 x14:0x1f8f7000 x30=0xfffffce8
        2685000	       267	800006b8	a7dcf013	andi	x0,x25,-1411	 x25:0xfe6c5581
        2695000	       268	800006bc	0076a0b3	slt	x1,x13,x7	 x13:0x00000000  x7:0x00000400  x1=0x00000001
        2705000	       269	800006c0	74749417	auipc	x8,0x74749	  x8=0xf47496bc
        2715000	       270	800006c4	4184de93	srai	x29,x9,0x18	  x9:0x00000000 x29=0x00000000
        2725000	       271	800006c8	03db7a63	bgeu	x22,x29,800006fc	 x22:0xfcd99e88 x29:0x00000000
        2735000	       272	00000000	00000013	addi	x0,x0,0	  x0:0x00000000
        2745000	       273	800006f8	00000013	addi	x0,x0,0	  x0:0x00000000
        2755000	       274	800006fc	daf91e97	auipc	x29,0xdaf91	 x29=0x5af916f8
        2765000	       275	80000700	00000013	addi	x0,x0,0	  x0:0x00000000
        2775000	       276	80000704	02a49a63	bne	x9,x10,80000738	  x9:0x00000000 x10:0xfe6ccf44
        2785000	       277	00000000	00000013	addi	x0,x0,0	  x0:0x00000000
        2795000	       278	80000734	00000013	addi	x0,x0,0	  x0:0x00000000
        2805000	       279	80000738	00ff9a33	sll	x20,x31,x15	 x31:0x00000000 x15:0xdfa63700 x20=0x00000000
        2815000	       280	8000073c	f8943f13	sltiu	x30,x8,-119	  x8:0xf47496bc x30=0x00000001
        2825000	       281	80000740	003214b3	sll	x9,x4,x3	  x4:0x00000000  x3:0x29d4c6e0  x9=0x00000000
        2835000	       282	80000744	018f5293	srli	x5,x30,0x18	 x30:0x00000001  x5=0x00000000
        2845000	       283	80000748	00f84733	xor	x14,x16,x15	 x16:0x19849f84 x15:0xdfa63700 x14=0xc622a884
        2855000	       284	8000074c	01349293	slli	x5,x9,0x13	  x9:0x00000000  x5=0x00000000
        2865000	       285	80000750	98680793	addi	x15,x16,-1658	 x16:0x19849f84 x15=0x1984990a
        2875000	       286	80000754	011bc6b3	xor	x13,x23,x17	 x23:0xae9d8430 x17:0xffffffff x13=0x51627bcf
        2885000	       287	80000758	004baf93	slti	x31,x23,4	 x23:0xae9d8430 x31=0x00000001
        2895000	       288	8000075c	01a85f13	srli	x30,x16,0x1a	 x16:0x19849f84 x30=0x00000006
        2905000	       289	80000760	64087393	andi	x7,x16,1600	 x16:0x19849f84  x7=0x00000600
        2915000	       290	80000764	01bb7233	and	x4,x22,x27	 x22:0xfcd99e88 x27:0x00000001  x4=0x00000000
        2925000	       291	80000768	01601733	sll	x14,x0,x22	  x0:0x00000000 x22:0xfcd99e88 x14=0x00000000
        2935000	       292	8000076c	0561c663	blt	x3,x22,800007b8	  x3:0x29d4c6e0 x22:0xfcd99e88
        2945000	       293	80000770	01e44633	xor	x12,x8,x30	  x8:0xf47496bc x30:0x00000006 x12=0xf47496ba
        2955000	       294	80000774	03b85e63	bge	x16,x27,800007b0	 x16:0x19849f84 x27:0x00000001
        2965000	       295	00000000	00000013	addi	x0,x0,0	  x0:0x00000000
        2975000	       296	800007ac	00000013	addi	x0,x0,0	  x0:0x00000000
        2985000	       297	800007b0	011de263	bltu	x27,x17,800007b4	 x27:0x00000001 x17:0xffffffff
        2995000	       298	00000000	00000013	addi	x0,x0,0	  x0:0x00000000
        3005000	       299	800007b0	00000013	addi	x0,x0,0	  x0:0x00000000
        3015000	       300	800007b4	419c5e13	srai	x28,x24,0x19	 x24:0x99840000 x28=0xffffffcc
        3025000	       301	800007b8	05140263	beq	x8,x17,800007fc	  x8:0xf47496bc x17:0xffffffff
        3035000	       302	800007bc	54fb5037	lui	x0,0x54fb5	
        3045000	       303	800007c0	00000013	addi	x0,x0,0	  x0:0x00000000
        3055000	       304	800007c4	c050e813	ori	x16,x1,-1019	  x1:0x00000001 x16=0xfffffc05
        3065000	       305	800007c8	00c564b3	or	x9,x10,x12	 x10:0xfe6ccf44 x12:0xf47496ba  x9=0xfe7cdffe
        3075000	       306	800007cc	00d37c63	bgeu	x6,x13,800007e4	  x6:0x4ea63700 x13:0x51627bcf
        3085000	       307	800007d0	0109dfb3	srl	x31,x19,x16	 x19:0x80009fc4 x16:0xfffffc05 x31=0x040004fe
        3095000	       308	800007d4	0d2c8a63	beq	x25,x18,800008a8	 x25:0xfe6c5581 x18:0x80009f84
        3105000	       309	800007d8	133e2093	slti	x1,x28,307	 x28:0xffffffcc  x1=0x00000001
        3115000	       310	800007dc	cf52a893	slti	x17,x5,-779	  x5:0x00000000 x17=0x00000000
        3125000	       311	800007e0	97a97eb7	lui	x29,0x97a97	 x29=0x97a97000
        3135000	       312	800007e4	00019713	slli	x14,x3,0x0	  x3:0x29d4c6e0 x14=0x29d4c6e0
        3145000	       313	800007e8	00000013	addi	x0,x0,0	  x0:0x00000000
        3155000	       314	800007ec	7c122337	lui	x6,0x7c122	  x6=0x7c122000
        3165000	       315	800007f0	00b11d13	slli	x26,x2,0xb	  x2:0x00000000 x26=0x00000000
        3175000	       316	800007f4	31fcfa37	lui	x20,0x31fcf	 x20=0x31fcf000
        3185000	       317	800007f8	4154dab3	sra	x21,x9,x21	  x9:0xfe7cdffe x21:0x80009944 x21=0xffe7cdff
        3195000	       318	800007fc	08b77c63	bgeu	x14,x11,80000894	 x14:0x29d4c6e0 x11:0x00000000
        3205000	       319	00000000	00000013	addi	x0,x0,0	  x0:0x00000000
        3215000	       320	80000890	00000013	addi	x0,x0,0	  x0:0x00000000
        3225000	       321	80000894	00e6d413	srli	x8,x13,0xe	 x13:0x51627bcf  x8=0x00014589
        3235000	       322	80000898	bf5d4897	auipc	x17,0xbf5d4	 x17=0x3f5d4894
        3245000	       323	8000089c	40a6c513	xori	x10,x13,1034	 x13:0x51627bcf x10=0x51627fc5
        3255000	       324	800008a0	41d8eb13	ori	x22,x17,1053	 x17:0x3f5d4894 x22=0x3f5d4c9d
        3265000	       325	800008a4	0012afb3	slt	x31,x5,x1	  x5:0x00000000  x1:0x00000001 x31=0x00000001
        3275000	       326	800008a8	015a8463	beq	x21,x21,800008b0	 x21:0xffe7cdff x21:0xffe7cdff
        3285000	       327	00000000	00000013	addi	x0,x0,0	  x0:0x00000000
        3295000	       328	800008ac	00000013	addi	x0,x0,0	  x0:0x00000000
        3305000	       329	800008b0	00000013	addi	x0,x0,0	  x0:0x00000000
        3315000	       330	800008b4	017033b3	sltu	x7,x0,x23	  x0:0x00000000 x23:0xae9d8430  x7=0x00000001
        3325000	       331	800008b8	0175ec63	bltu	x11,x23,800008d0	 x11:0x00000000 x23:0xae9d8430
        3335000	       332	00000000	00000013	addi	x0,x0,0	  x0:0x00000000
        3345000	       333	800008cc	00000013	addi	x0,x0,0	  x0:0x00000000
        3355000	       334	800008d0	00201033	sll	x0,x0,x2	  x0:0x00000000  x2:0x00000000
        3365000	       335	800008d4	011b9fb3	sll	x31,x23,x17	 x23:0xae9d8430 x17:0x3f5d4894 x31=0x43000000
        3375000	       336	800008d8	40d80233	sub	x4,x16,x13	 x16:0xfffffc05 x13:0x51627bcf  x4=0xae9d8036
        3385000	       337	800008dc	054a9663	bne	x21,x20,80000928	 x21:0xffe7cdff x20:0x31fcf000
        3395000	       338	00000000	00000013	addi	x0,x0,0	  x0:0x00000000
        3405000	       339	80000924	00000013	addi	x0,x0,0	  x0:0x00000000
        3415000	       340	80000928	00527733	and	x14,x4,x5	  x4:0xae9d8036  x5:0x00000000 x14=0x00000000
        3425000	       341	8000092c	017a7ab3	and	x21,x20,x23	 x20:0x31fcf000 x23:0xae9d8430 x21=0x209c8000
        3435000	       342	80000930	ad20e893	ori	x17,x1,-1326	  x1:0x00000001 x17=0xfffffad3
        3445000	       343	80000934	00f07233	and	x4,x0,x15	  x0:0x00000000 x15:0x1984990a  x4=0x00000000
        3455000	       344	80000938	01cbdc63	bge	x23,x28,80000950	 x23:0xae9d8430 x28:0xffffffcc
        3465000	       345	8000093c	02f06263	bltu	x0,x15,80000960	  x0:0x00000000 x15:0x1984990a
        3475000	       346	00000000	00000013	addi	x0,x0,0	  x0:0x00000000
        3485000	       347	8000095c	00000013	addi	x0,x0,0	  x0:0x00000000
        3495000	       348	80000960	00a160b3	or	x1,x2,x10	  x2:0x00000000 x10:0x51627fc5  x1=0x51627fc5
        3505000	       349	80000964	014dd263	bge	x27,x20,80000968	 x27:0x00000001 x20:0x31fcf000
        3515000	       350	80000968	01fa7833	and	x16,x20,x31	 x20:0x31fcf000 x31:0x43000000 x16=0x01000000
        3525000	       351	8000096c	408bd813	srai	x16,x23,0x8	 x23:0xae9d8430 x16=0xffae9d84
        3535000	       352	80000970	2396a813	slti	x16,x13,569	 x13:0x51627bcf x16=0x00000000
        3545000	       353	80000974	e0bfc093	xori	x1,x31,-501	 x31:0x43000000  x1=0xbcfffe0b
        3555000	       354	80000978	41cd8db3	sub	x27,x27,x28	 x27:0x00000001 x28:0xffffffcc x27=0x00000035
        3565000	       355	8000097c	00d04eb3	xor	x29,x0,x13	  x0:0x00000000 x13:0x51627bcf x29=0x51627bcf
        3575000	       356	80000980	40705513	srai	x10,x0,0x7	  x0:0x00000000 x10=0x00000000
        3585000	       357	80000984	00760a63	beq	x12,x7,80000998	 x12:0xf47496ba  x7:0x00000001
        3595000	       358	80000988	40710bb3	sub	x23,x2,x7	  x2:0x00000000  x7:0x00000001 x23=0xffffffff
        3605000	       359	8000098c	041c4063	blt	x24,x1,800009cc	 x24:0x99840000  x1:0xbcfffe0b
        3615000	       360	00000000	00000013	addi	x0,x0,0	  x0:0x00000000
        3625000	       361	800009c8	00000013	addi	x0,x0,0	  x0:0x00000000
        3635000	       362	800009cc	01ab1ab3	sll	x21,x22,x26	 x22:0x3f5d4c9d x26:0x00000000 x21=0x3f5d4c9d
        3645000	       363	800009d0	ba2b3213	sltiu	x4,x22,-1118	 x22:0x3f5d4c9d  x4=0x00000001
        3655000	       364	800009d4	01c474b3	and	x9,x8,x28	  x8:0x00014589 x28:0xffffffcc  x9=0x00014588
        3665000	       365	800009d8	01071263	bne	x14,x16,800009dc	 x14:0x00000000 x16:0x00000000
        3675000	       366	800009dc	0131e2b3	or	x5,x3,x19	  x3:0x29d4c6e0 x19:0x80009fc4  x5=0xa9d4dfe4
        3685000	       367	800009e0	20bc8513	addi	x10,x25,523	 x25:0xfe6c5581 x10=0xfe6c578c
        3695000	       368	800009e4	cbffa213	slti	x4,x31,-833	 x31:0x43000000  x4=0x00000000
        3705000	       369	800009e8	a7fc2f93	slti	x31,x24,-1409	 x24:0x99840000 x31=0x00000001
        3715000	       370	800009ec	01d67533	and	x10,x12,x29	 x12:0xf47496ba x29:0x51627bcf x10=0x5060128a
        3725000	       371	800009f0	00088333	add	x6,x17,x0	 x17:0xfffffad3  x0:0x00000000  x6=0xfffffad3
        3735000	       372	800009f4	00059863	bne	x11,x0,80000a04	 x11:0x00000000  x0:0x00000000
        3745000	       373	800009f8	010d1663	bne	x26,x16,80000a04	 x26:0x00000000 x16:0x00000000
        3755000	       374	800009fc	00735463	bge	x6,x7,80000a04	  x6:0xfffffad3  x7:0x00000001
        3765000	       375	80000a00	51d4b893	sltiu	x17,x9,1309	  x9:0x00014588 x17=0x00000000
        3775000	       376	80000a04	a447fa93	andi	x21,x15,-1468	 x15:0x1984990a x21=0x19849800
        3785000	       377	80000a08	00000c97	auipc	x25,0x0	 x25=0x80000a04
        3795000	       378	80000a0c	00cc8c93	addi	x25,x25,12	 x25:0x80000a04 x25=0x80000a10
        3805000	       379	80000a10	000c8067	jalr	x0,x25,0	 x25:0x80000a10
        3815000	       380	00000000	00000013	addi	x0,x0,0	  x0:0x00000000
        3825000	       381	80000a10	00000013	addi	x0,x0,0	  x0:0x00000000
        3835000	       382	80000a14	00100193	addi	x3,x0,1	  x0:0x00000000  x3=0x00000001
        3845000	       383	80000a18	00000073	ecall	
        3855000	       384	80000a1c	fc490913	addi	x18,x18,-60	 x18:0x80009f84 x18=0x80009f48
