		Time			Cycle	PC		Insn	Decoded instruction	Register and memory contents
          65000	         5	80000004	00000293	addi	x5,x0,0	  x0:0x00000000  x5=0x00000000
          75000	         6	80000008	00000313	addi	x6,x0,0	  x0:0x00000000  x6=0x00000000
          85000	         7	8000000c	00628263	beq	x5,x6,80000010	  x5:0x00000000  x6:0x00000000
          95000	         8	00000000	00000013	addi	x0,x0,0	  x0:0x00000000
         105000	         9	8000000c	00000013	addi	x0,x0,0	  x0:0x00000000
         115000	        10	80000010	00000b17	auipc	x22,0x0	 x22=0x8000000c
         125000	        11	80000014	00cb0b13	addi	x22,x22,12	 x22:0x8000000c x22=0x80000018
         135000	        12	80000018	000b0067	jalr	x0,x22,0	 x22:0x80000018
         145000	        13	00000000	00000013	addi	x0,x0,0	  x0:0x00000000
         155000	        14	80000018	00000013	addi	x0,x0,0	  x0:0x00000000
         165000	        15	8000001c	40000ab7	lui	x21,0x40000	 x21=0x40000000
         175000	        16	80000020	100a8a93	addi	x21,x21,256	 x21:0x40000000 x21=0x40000100
         185000	        17	80000024	00000013	addi	x0,x0,0	  x0:0x00000000
         195000	        18	80000028	0000a497	auipc	x9,0xa	  x9=0x8000a024
         205000	        19	8000002c	fa048493	addi	x9,x9,-96	  x9:0x8000a024  x9=0x80009fc4
         215000	        20	80000030	00007a97	auipc	x21,0x7	 x21=0x8000702c
         225000	        21	80000034	3c4a8a93	addi	x21,x21,964	 x21:0x8000702c x21=0x800073f0
         235000	        22	80000038	001aea93	ori	x21,x21,1	 x21:0x800073f0 x21=0x800073f1
         245000	        23	8000003c	00000013	addi	x0,x0,0	  x0:0x00000000
         255000	        24	80000040	00000a97	auipc	x21,0x0	 x21=0x8000003c
         265000	        25	80000044	020a8a93	addi	x21,x21,32	 x21:0x8000003c x21=0x8000005c
         275000	        26	80000048	00000013	addi	x0,x0,0	  x0:0x00000000
         285000	        27	8000004c	00000013	addi	x0,x0,0	  x0:0x00000000
         295000	        28	80000050	00002ab7	lui	x21,0x2	 x21=0x00002000
         305000	        29	80000054	800a8a93	addi	x21,x21,-2048	 x21:0x00002000 x21=0x00001800
         315000	        30	80000058	00000013	addi	x0,x0,0	  x0:0x00000000
         325000	        31	8000005c	00000013	addi	x0,x0,0	  x0:0x00000000
         335000	        32	80000060	00500013	addi	x0,x0,5	  x0:0x00000000
         345000	        33	80000064	5439e0b7	lui	x1,0x5439e	  x1=0x5439e000
         355000	        34	80000068	1e608093	addi	x1,x1,486	  x1:0x5439e000  x1=0x5439e1e6
         365000	        35	8000006c	f3428137	lui	x2,0xf3428	  x2=0xf3428000
         375000	        36	80000070	c2610113	addi	x2,x2,-986	  x2:0xf3428000  x2=0xf3427c26
         385000	        37	80000074	800001b7	lui	x3,0x80000	  x3=0x80000000
         395000	        38	80000078	00600213	addi	x4,x0,6	  x0:0x00000000  x4=0x00000006
         405000	        39	8000007c	c2cda2b7	lui	x5,0xc2cda	  x5=0xc2cda000
         415000	        40	80000080	be928293	addi	x5,x5,-1047	  x5:0xc2cda000  x5=0xc2cd9be9
         425000	        41	80000084	80000337	lui	x6,0x80000	  x6=0x80000000
         435000	        42	80000088	fa32b3b7	lui	x7,0xfa32b	  x7=0xfa32b000
         445000	        43	8000008c	6be38393	addi	x7,x7,1726	  x7:0xfa32b000  x7=0xfa32b6be
         455000	        44	80000090	00000413	addi	x8,x0,0	  x0:0x00000000  x8=0x00000000
         465000	        45	80000094	f80e4537	lui	x10,0xf80e4	 x10=0xf80e4000
         475000	        46	80000098	45450513	addi	x10,x10,1108	 x10:0xf80e4000 x10=0xf80e4454
         485000	        47	8000009c	00f00593	addi	x11,x0,15	  x0:0x00000000 x11=0x0000000f
         495000	        48	800000a0	80000637	lui	x12,0x80000	 x12=0x80000000
         505000	        49	800000a4	00000693	addi	x13,x0,0	  x0:0x00000000 x13=0x00000000
         515000	        50	800000a8	77e17737	lui	x14,0x77e17	 x14=0x77e17000
         525000	        51	800000ac	f8c70713	addi	x14,x14,-116	 x14:0x77e17000 x14=0x77e16f8c
         535000	        52	800000b0	00000793	addi	x15,x0,0	  x0:0x00000000 x15=0x00000000
         545000	        53	800000b4	00e00813	addi	x16,x0,14	  x0:0x00000000 x16=0x0000000e
         555000	        54	800000b8	fa34a8b7	lui	x17,0xfa34a	 x17=0xfa34a000
         565000	        55	800000bc	22188893	addi	x17,x17,545	 x17:0xfa34a000 x17=0xfa34a221
         575000	        56	800000c0	00000913	addi	x18,x0,0	  x0:0x00000000 x18=0x00000000
         585000	        57	800000c4	00000993	addi	x19,x0,0	  x0:0x00000000 x19=0x00000000
         595000	        58	800000c8	00b00a13	addi	x20,x0,11	  x0:0x00000000 x20=0x0000000b
         605000	        59	800000cc	9fdb2ab7	lui	x21,0x9fdb2	 x21=0x9fdb2000
         615000	        60	800000d0	02fa8a93	addi	x21,x21,47	 x21:0x9fdb2000 x21=0x9fdb202f
         625000	        61	800000d4	98cd0b37	lui	x22,0x98cd0	 x22=0x98cd0000
         635000	        62	800000d8	9dab0b13	addi	x22,x22,-1574	 x22:0x98cd0000 x22=0x98ccf9da
         645000	        63	800000dc	72822bb7	lui	x23,0x72822	 x23=0x72822000
         655000	        64	800000e0	f01b8b93	addi	x23,x23,-255	 x23:0x72822000 x23=0x72821f01
         665000	        65	800000e4	80000c37	lui	x24,0x80000	 x24=0x80000000
         675000	        66	800000e8	7a398cb7	lui	x25,0x7a398	 x25=0x7a398000
         685000	        67	800000ec	08bc8c93	addi	x25,x25,139	 x25:0x7a398000 x25=0x7a39808b
         695000	        68	800000f0	00000d13	addi	x26,x0,0	  x0:0x00000000 x26=0x00000000
         705000	        69	800000f4	00e00d93	addi	x27,x0,14	  x0:0x00000000 x27=0x0000000e
         715000	        70	800000f8	80000e37	lui	x28,0x80000	 x28=0x80000000
         725000	        71	800000fc	00e00e93	addi	x29,x0,14	  x0:0x00000000 x29=0x0000000e
         735000	        72	80000100	fdb29fb7	lui	x31,0xfdb29	 x31=0xfdb29000
         745000	        73	80000104	1ccf8f93	addi	x31,x31,460	 x31:0xfdb29000 x31=0xfdb291cc
         755000	        74	80000108	0000af17	auipc	x30,0xa	 x30=0x8000a104
         765000	        75	8000010c	e80f0f13	addi	x30,x30,-384	 x30:0x8000a104 x30=0x80009f84
         775000	        76	80000110	00000013	addi	x0,x0,0	  x0:0x00000000
         785000	        77	80000114	00458a33	add	x20,x11,x4	 x11:0x0000000f  x4:0x00000006 x20=0x00000015
         795000	        78	80000118	01239a93	slli	x21,x7,0x12	  x7:0xfa32b6be x21=0xdaf80000
         805000	        79	8000011c	00d30663	beq	x6,x13,80000128	  x6:0x80000000 x13:0x00000000
         815000	        80	80000120	01d50833	add	x16,x10,x29	 x10:0xf80e4454 x29:0x0000000e x16=0xf80e4462
         825000	        81	80000124	010ce5b3	or	x11,x25,x16	 x25:0x7a39808b x16:0xf80e4462 x11=0xfa3fc4eb
         835000	        82	80000128	03bb6a63	bltu	x22,x27,8000015c	 x22:0x98ccf9da x27:0x0000000e
         845000	        83	8000012c	41a08d33	sub	x26,x1,x26	  x1:0x5439e1e6 x26:0x00000000 x26=0x5439e1e6
         855000	        84	80000130	5b1cc913	xori	x18,x25,1457	 x25:0x7a39808b x18=0x7a39853a
         865000	        85	80000134	0145d9b3	srl	x19,x11,x20	 x11:0xfa3fc4eb x20:0x00000015 x19=0x000007d1
         875000	        86	80000138	01a31593	slli	x11,x6,0x1a	  x6:0x80000000 x11=0x00000000
         885000	        87	8000013c	006a2213	slti	x4,x20,6	 x20:0x00000015  x4=0x00000000
         895000	        88	80000140	00000013	addi	x0,x0,0	  x0:0x00000000
         905000	        89	80000144	008cf933	and	x18,x25,x8	 x25:0x7a39808b  x8:0x00000000 x18=0x00000000
         915000	        90	80000148	40b98d33	sub	x26,x19,x11	 x19:0x000007d1 x11:0x00000000 x26=0x000007d1
         925000	        91	8000014c	019d9113	slli	x2,x27,0x19	 x27:0x0000000e  x2=0x1c000000
         935000	        92	80000150	4108d013	srai	x0,x17,0x10	 x17:0xfa34a221
         945000	        93	80000154	00000013	addi	x0,x0,0	  x0:0x00000000
         955000	        94	80000158	009de7b3	or	x15,x27,x9	 x27:0x0000000e  x9:0x80009fc4 x15=0x80009fce
         965000	        95	8000015c	80fe0e13	addi	x28,x28,-2033	 x28:0x80000000 x28=0x7ffff80f
         975000	        96	80000160	a2c24713	xori	x14,x4,-1492	  x4:0x00000000 x14=0xfffffa2c
         985000	        97	80000164	001dd533	srl	x10,x27,x1	 x27:0x0000000e  x1:0x5439e1e6 x10=0x00000000
         995000	        98	80000168	010a9193	slli	x3,x21,0x10	 x21:0xdaf80000  x3=0x00000000
        1005000	        99	8000016c	038c6263	bltu	x24,x24,80000190	 x24:0x80000000 x24:0x80000000
        1015000	       100	80000170	01c4c0b3	xor	x1,x9,x28	  x9:0x80009fc4 x28:0x7ffff80f  x1=0xffff67cb
        1025000	       101	80000174	211e6293	ori	x5,x28,529	 x28:0x7ffff80f  x5=0x7ffffa1f
        1035000	       102	80000178	03260263	beq	x12,x18,8000019c	 x12:0x80000000 x18:0x00000000
        1045000	       103	8000017c	a62fdeb7	lui	x29,0xa62fd	 x29=0xa62fd000
        1055000	       104	80000180	01d5c913	xori	x18,x11,29	 x11:0x00000000 x18=0x0000001d
        1065000	       105	80000184	0c1aeb93	ori	x23,x21,193	 x21:0xdaf80000 x23=0xdaf800c1
        1075000	       106	80000188	f4be3113	sltiu	x2,x28,-181	 x28:0x7ffff80f  x2=0x00000001
        1085000	       107	8000018c	003e91b3	sll	x3,x29,x3	 x29:0xa62fd000  x3:0x00000000  x3=0xa62fd000
        1095000	       108	80000190	476df637	lui	x12,0x476df	 x12=0x476df000
        1105000	       109	80000194	019406b3	add	x13,x8,x25	  x8:0x00000000 x25:0x7a39808b x13=0x7a39808b
        1115000	       110	80000198	41e759b3	sra	x19,x14,x30	 x14:0xfffffa2c x30:0x80009f84 x19=0xffffffa2
        1125000	       111	8000019c	08c6d063	bge	x13,x12,8000021c	 x13:0x7a39808b x12:0x476df000
        1135000	       112	00000000	00000013	addi	x0,x0,0	  x0:0x00000000
        1145000	       113	80000218	00000013	addi	x0,x0,0	  x0:0x00000000
        1155000	       114	8000021c	0357c863	blt	x15,x21,8000024c	 x15:0x80009fce x21:0xdaf80000
        1165000	       115	00000000	00000013	addi	x0,x0,0	  x0:0x00000000
        1175000	       116	80000248	00000013	addi	x0,x0,0	  x0:0x00000000
        1185000	       117	8000024c	00579713	slli	x14,x15,0x5	 x15:0x80009fce x14=0x0013f9c0
        1195000	       118	80000250	01e31993	slli	x19,x6,0x1e	  x6:0x80000000 x19=0x00000000
        1205000	       119	80000254	00667863	bgeu	x12,x6,80000264	 x12:0x476df000  x6:0x80000000
        1215000	       120	80000258	576a0113	addi	x2,x20,1398	 x20:0x00000015  x2=0x0000058b
        1225000	       121	8000025c	05107663	bgeu	x0,x17,800002a8	  x0:0x00000000 x17:0xfa34a221
        1235000	       122	80000260	00d55f93	srli	x31,x10,0xd	 x10:0x00000000 x31=0x00000000
        1245000	       123	80000264	00cd60b3	or	x1,x26,x12	 x26:0x000007d1 x12:0x476df000  x1=0x476df7d1
        1255000	       124	80000268	f07473b7	lui	x7,0xf0747	  x7=0xf0747000
        1265000	       125	8000026c	03586e63	bltu	x16,x21,800002a8	 x16:0xf80e4462 x21:0xdaf80000
        1275000	       126	80000270	00000013	addi	x0,x0,0	  x0:0x00000000
        1285000	       127	80000274	66650a93	addi	x21,x10,1638	 x10:0x00000000 x21=0x00000666
        1295000	       128	80000278	00c89663	bne	x17,x12,80000284	 x17:0xfa34a221 x12:0x476df000
        1305000	       129	00000000	00000013	addi	x0,x0,0	  x0:0x00000000
        1315000	       130	80000280	00000013	addi	x0,x0,0	  x0:0x00000000
        1325000	       131	80000284	1c417d13	andi	x26,x2,452	  x2:0x0000058b x26=0x00000180
        1335000	       132	80000288	0bbe19b7	lui	x19,0xbbe1	 x19=0x0bbe1000
        1345000	       133	8000028c	429b7a13	andi	x20,x22,1065	 x22:0x98ccf9da x20=0x00000008
        1355000	       134	80000290	68ff4913	xori	x18,x30,1679	 x30:0x80009f84 x18=0x8000990b
        1365000	       135	80000294	00ad6c63	bltu	x26,x10,800002ac	 x26:0x00000180 x10:0x00000000
        1375000	       136	80000298	00000013	addi	x0,x0,0	  x0:0x00000000
        1385000	       137	8000029c	00d077b3	and	x15,x0,x13	  x0:0x00000000 x13:0x7a39808b x15=0x00000000
        1395000	       138	800002a0	a5450e93	addi	x29,x10,-1452	 x10:0x00000000 x29=0xfffffa54
        1405000	       139	800002a4	3d063313	sltiu	x6,x12,976	 x12:0x476df000  x6=0x00000000
        1415000	       140	800002a8	000e3e33	sltu	x28,x28,x0	 x28:0x7ffff80f  x0:0x00000000 x28=0x00000000
        1425000	       141	800002ac	00ed5e63	bge	x26,x14,800002c8	 x26:0x00000180 x14:0x0013f9c0
        1435000	       142	800002b0	b7d72413	slti	x8,x14,-1155	 x14:0x0013f9c0  x8=0x00000000
        1445000	       143	800002b4	00000013	addi	x0,x0,0	  x0:0x00000000
        1455000	       144	800002b8	00ffa0b3	slt	x1,x31,x15	 x31:0x00000000 x15:0x00000000  x1=0x00000000
        1465000	       145	800002bc	e238cf93	xori	x31,x17,-477	 x17:0xfa34a221 x31=0x05cb5c02
        1475000	       146	800002c0	d2fa6a13	ori	x20,x20,-721	 x20:0x00000008 x20=0xfffffd2f
        1485000	       147	800002c4	008ef6b3	and	x13,x29,x8	 x29:0xfffffa54  x8:0x00000000 x13=0x00000000
        1495000	       148	800002c8	cf997193	andi	x3,x18,-775	 x18:0x8000990b  x3=0x80009809
        1505000	       149	800002cc	40db8433	sub	x8,x23,x13	 x23:0xdaf800c1 x13:0x00000000  x8=0xdaf800c1
        1515000	       150	800002d0	00eb6663	bltu	x22,x14,800002dc	 x22:0x98ccf9da x14:0x0013f9c0
        1525000	       151	800002d4	00fb7933	and	x18,x22,x15	 x22:0x98ccf9da x15:0x00000000 x18=0x00000000
        1535000	       152	800002d8	88970793	addi	x15,x14,-1911	 x14:0x0013f9c0 x15=0x0013f249
        1545000	       153	800002dc	01205a93	srli	x21,x0,0x12	  x0:0x00000000 x21=0x00000000
        1555000	       154	800002e0	01b89a93	slli	x21,x17,0x1b	 x17:0xfa34a221 x21=0x08000000
        1565000	       155	800002e4	4093d293	srai	x5,x7,0x9	  x7:0xf0747000  x5=0xfff83a38
        1575000	       156	800002e8	ac2fb713	sltiu	x14,x31,-1342	 x31:0x05cb5c02 x14=0x00000001
        1585000	       157	800002ec	04029863	bne	x5,x0,8000033c	  x5:0xfff83a38  x0:0x00000000
        1595000	       158	00000000	00000013	addi	x0,x0,0	  x0:0x00000000
        1605000	       159	80000338	00000013	addi	x0,x0,0	  x0:0x00000000
        1615000	       160	8000033c	05edf063	bgeu	x27,x30,8000037c	 x27:0x0000000e x30:0x80009f84
        1625000	       161	80000340	77cbba93	sltiu	x21,x23,1916	 x23:0xdaf800c1 x21=0x00000000
        1635000	       162	80000344	01291093	slli	x1,x18,0x12	 x18:0x00000000  x1=0x00000000
        1645000	       163	80000348	00079333	sll	x6,x15,x0	 x15:0x0013f249  x0:0x00000000  x6=0x0013f249
        1655000	       164	8000034c	007ad613	srli	x12,x21,0x7	 x21:0x00000000 x12=0x00000000
        1665000	       165	80000350	01065213	srli	x4,x12,0x10	 x12:0x00000000  x4=0x00000000
        1675000	       166	80000354	00000013	addi	x0,x0,0	  x0:0x00000000
        1685000	       167	80000358	3bb62a93	slti	x21,x12,955	 x12:0x00000000 x21=0x00000001
        1695000	       168	8000035c	00000013	addi	x0,x0,0	  x0:0x00000000
        1705000	       169	80000360	417a86b3	sub	x13,x21,x23	 x21:0x00000001 x23:0xdaf800c1 x13=0x2507ff40
        1715000	       170	80000364	b1f74993	xori	x19,x14,-1249	 x14:0x00000001 x19=0xfffffb1e
        1725000	       171	80000368	004438b3	sltu	x17,x8,x4	  x8:0xdaf800c1  x4:0x00000000 x17=0x00000000
        1735000	       172	8000036c	01513eb3	sltu	x29,x2,x21	  x2:0x0000058b x21:0x00000001 x29=0x00000000
        1745000	       173	80000370	00327c63	bgeu	x4,x3,80000388	  x4:0x00000000  x3:0x80009809
        1755000	       174	80000374	a1f12893	slti	x17,x2,-1505	  x2:0x0000058b x17=0x00000000
        1765000	       175	80000378	00000013	addi	x0,x0,0	  x0:0x00000000
        1775000	       176	8000037c	8c803993	sltiu	x19,x0,-1848	  x0:0x00000000 x19=0x00000001
        1785000	       177	80000380	01f3fbb3	and	x23,x7,x31	  x7:0xf0747000 x31:0x05cb5c02 x23=0x00405000
        1795000	       178	80000384	00087663	bgeu	x16,x0,80000390	 x16:0xf80e4462  x0:0x00000000
        1805000	       179	00000000	00000013	addi	x0,x0,0	  x0:0x00000000
        1815000	       180	8000038c	00000013	addi	x0,x0,0	  x0:0x00000000
        1825000	       181	80000390	9146c517	auipc	x10,0x9146c	 x10=0x1146c38c
        1835000	       182	80000394	40b0dbb3	sra	x23,x1,x11	  x1:0x00000000 x11:0x00000000 x23=0x00000000
        1845000	       183	80000398	84f22a93	slti	x21,x4,-1969	  x4:0x00000000 x21=0x00000000
        1855000	       184	8000039c	00479793	slli	x15,x15,0x4	 x15:0x0013f249 x15=0x013f2490
        1865000	       185	800003a0	01845693	srli	x13,x8,0x18	  x8:0xdaf800c1 x13=0x000000da
        1875000	       186	800003a4	00320c63	beq	x4,x3,800003bc	  x4:0x00000000  x3:0x80009809
        1885000	       187	800003a8	dc6c3793	sltiu	x15,x24,-570	 x24:0x80000000 x15=0x00000001
        1895000	       188	800003ac	400755b3	sra	x11,x14,x0	 x14:0x00000001  x0:0x00000000 x11=0x00000001
        1905000	       189	800003b0	00000013	addi	x0,x0,0	  x0:0x00000000
        1915000	       190	800003b4	01827e63	bgeu	x4,x24,800003d0	  x4:0x00000000 x24:0x80000000
        1925000	       191	800003b8	0262ec63	bltu	x5,x6,800003f0	  x5:0xfff83a38  x6:0x0013f249
        1935000	       192	800003bc	2f948393	addi	x7,x9,761	  x9:0x80009fc4  x7=0x8000a2bd
        1945000	       193	800003c0	404a5393	srai	x7,x20,0x4	 x20:0xfffffd2f  x7=0xffffffd2
        1955000	       194	800003c4	04dc0463	beq	x24,x13,8000040c	 x24:0x80000000 x13:0x000000da
        1965000	       195	800003c8	01ab98b3	sll	x17,x23,x26	 x23:0x00000000 x26:0x00000180 x17=0x00000000
        1975000	       196	800003cc	03b37863	bgeu	x6,x27,800003fc	  x6:0x0013f249 x27:0x0000000e
        1985000	       197	00000000	00000013	addi	x0,x0,0	  x0:0x00000000
        1995000	       198	800003f8	00000013	addi	x0,x0,0	  x0:0x00000000
        2005000	       199	800003fc	03beec63	bltu	x29,x27,80000434	 x29:0x00000000 x27:0x0000000e
        2015000	       200	00000000	00000013	addi	x0,x0,0	  x0:0x00000000
        2025000	       201	80000430	00000013	addi	x0,x0,0	  x0:0x00000000
        2035000	       202	80000434	0f00ee63	bltu	x1,x16,80000530	  x1:0x00000000 x16:0xf80e4462
        2045000	       203	00000000	00000013	addi	x0,x0,0	  x0:0x00000000
        2055000	       204	8000052c	00000013	addi	x0,x0,0	  x0:0x00000000
        2065000	       205	80000530	000da933	slt	x18,x27,x0	 x27:0x0000000e  x0:0x00000000 x18=0x00000000
        2075000	       206	80000534	8dc5c413	xori	x8,x11,-1828	 x11:0x00000001  x8=0xfffff8dd
        2085000	       207	80000538	00dd72b3	and	x5,x26,x13	 x26:0x00000180 x13:0x000000da  x5=0x00000080
        2095000	       208	8000053c	6498b313	sltiu	x6,x17,1609	 x17:0x00000000  x6=0x00000001
        2105000	       209	80000540	e105c713	xori	x14,x11,-496	 x11:0x00000001 x14=0xfffffe11
        2115000	       210	80000544	00000b17	auipc	x22,0x0	 x22=0x80000540
        2125000	       211	80000548	00cb0b13	addi	x22,x22,12	 x22:0x80000540 x22=0x8000054c
        2135000	       212	8000054c	000b0067	jalr	x0,x22,0	 x22:0x8000054c
        2145000	       213	00000000	00000013	addi	x0,x0,0	  x0:0x00000000
        2155000	       214	8000054c	00000013	addi	x0,x0,0	  x0:0x00000000
        2165000	       215	80000550	00100193	addi	x3,x0,1	  x0:0x00000000  x3=0x00000001
        2175000	       216	80000554	00000073	ecall	
        2185000	       217	80000558	ff0f0f13	addi	x30,x30,-16	 x30:0x80009f84 x30=0x80009f74
