		Time			Cycle	PC		Insn	Decoded instruction	Register and memory contents
          65000	         5	80000004	00000293	addi	x5,x0,0	  x0:0x00000000  x5=0x00000000
          75000	         6	80000008	00000313	addi	x6,x0,0	  x0:0x00000000  x6=0x00000000
          85000	         7	8000000c	00628263	beq	x5,x6,80000010	  x5:0x00000000  x6:0x00000000
          95000	         8	00000000	00000013	addi	x0,x0,0	  x0:0x00000000
         105000	         9	8000000c	00000013	addi	x0,x0,0	  x0:0x00000000
         115000	        10	80000010	00000e17	auipc	x28,0x0	 x28=0x8000000c
         125000	        11	80000014	00ce0e13	addi	x28,x28,12	 x28:0x8000000c x28=0x80000018
         135000	        12	80000018	000e0067	jalr	x0,x28,0	 x28:0x80000018
         145000	        13	00000000	00000013	addi	x0,x0,0	  x0:0x00000000
         155000	        14	80000018	00000013	addi	x0,x0,0	  x0:0x00000000
         165000	        15	8000001c	400003b7	lui	x7,0x40000	  x7=0x40000000
         175000	        16	80000020	10038393	addi	x7,x7,256	  x7:0x40000000  x7=0x40000100
         185000	        17	80000024	00000013	addi	x0,x0,0	  x0:0x00000000
         195000	        18	80000028	0000a897	auipc	x17,0xa	 x17=0x8000a024
         205000	        19	8000002c	fa088893	addi	x17,x17,-96	 x17:0x8000a024 x17=0x80009fc4
         215000	        20	80000030	00007397	auipc	x7,0x7	  x7=0x8000702c
         225000	        21	80000034	4f438393	addi	x7,x7,1268	  x7:0x8000702c  x7=0x80007520
         235000	        22	80000038	0013e393	ori	x7,x7,1	  x7:0x80007520  x7=0x80007521
         245000	        23	8000003c	00000013	addi	x0,x0,0	  x0:0x00000000
         255000	        24	80000040	00000397	auipc	x7,0x0	  x7=0x8000003c
         265000	        25	80000044	02038393	addi	x7,x7,32	  x7:0x8000003c  x7=0x8000005c
         275000	        26	80000048	00000013	addi	x0,x0,0	  x0:0x00000000
         285000	        27	8000004c	00000013	addi	x0,x0,0	  x0:0x00000000
         295000	        28	80000050	000023b7	lui	x7,0x2	  x7=0x00002000
         305000	        29	80000054	80038393	addi	x7,x7,-2048	  x7:0x00002000  x7=0x00001800
         315000	        30	80000058	00000013	addi	x0,x0,0	  x0:0x00000000
         325000	        31	8000005c	00000013	addi	x0,x0,0	  x0:0x00000000
         335000	        32	80000060	00900013	addi	x0,x0,9	  x0:0x00000000
         345000	        33	80000064	800000b7	lui	x1,0x80000	  x1=0x80000000
         355000	        34	80000068	80000137	lui	x2,0x80000	  x2=0x80000000
         365000	        35	8000006c	800001b7	lui	x3,0x80000	  x3=0x80000000
         375000	        36	80000070	00c00213	addi	x4,x0,12	  x0:0x00000000  x4=0x0000000c
         385000	        37	80000074	77a7f2b7	lui	x5,0x77a7f	  x5=0x77a7f000
         395000	        38	80000078	59028293	addi	x5,x5,1424	  x5:0x77a7f000  x5=0x77a7f590
         405000	        39	8000007c	00a00313	addi	x6,x0,10	  x0:0x00000000  x6=0x0000000a
         415000	        40	80000080	7bba23b7	lui	x7,0x7bba2	  x7=0x7bba2000
         425000	        41	80000084	d0538393	addi	x7,x7,-763	  x7:0x7bba2000  x7=0x7bba1d05
         435000	        42	80000088	9c62c437	lui	x8,0x9c62c	  x8=0x9c62c000
         445000	        43	8000008c	9a740413	addi	x8,x8,-1625	  x8:0x9c62c000  x8=0x9c62b9a7
         455000	        44	80000090	d62974b7	lui	x9,0xd6297	  x9=0xd6297000
         465000	        45	80000094	46b48493	addi	x9,x9,1131	  x9:0xd6297000  x9=0xd629746b
         475000	        46	80000098	f7e09537	lui	x10,0xf7e09	 x10=0xf7e09000
         485000	        47	8000009c	46550513	addi	x10,x10,1125	 x10:0xf7e09000 x10=0xf7e09465
         495000	        48	800000a0	24bd45b7	lui	x11,0x24bd4	 x11=0x24bd4000
         505000	        49	800000a4	71f58593	addi	x11,x11,1823	 x11:0x24bd4000 x11=0x24bd471f
         515000	        50	800000a8	e301f637	lui	x12,0xe301f	 x12=0xe301f000
         525000	        51	800000ac	3ef60613	addi	x12,x12,1007	 x12:0xe301f000 x12=0xe301f3ef
         535000	        52	800000b0	800006b7	lui	x13,0x80000	 x13=0x80000000
         545000	        53	800000b4	fd347737	lui	x14,0xfd347	 x14=0xfd347000
         555000	        54	800000b8	0c370713	addi	x14,x14,195	 x14:0xfd347000 x14=0xfd3470c3
         565000	        55	800000bc	00000793	addi	x15,x0,0	  x0:0x00000000 x15=0x00000000
         575000	        56	800000c0	1181c837	lui	x16,0x1181c	 x16=0x1181c000
         585000	        57	800000c4	34280813	addi	x16,x16,834	 x16:0x1181c000 x16=0x1181c342
         595000	        58	800000c8	403c2937	lui	x18,0x403c2	 x18=0x403c2000
         605000	        59	800000cc	ecb90913	addi	x18,x18,-309	 x18:0x403c2000 x18=0x403c1ecb
         615000	        60	800000d0	00b00993	addi	x19,x0,11	  x0:0x00000000 x19=0x0000000b
         625000	        61	800000d4	d07c8ab7	lui	x21,0xd07c8	 x21=0xd07c8000
         635000	        62	800000d8	363a8a93	addi	x21,x21,867	 x21:0xd07c8000 x21=0xd07c8363
         645000	        63	800000dc	00c00b13	addi	x22,x0,12	  x0:0x00000000 x22=0x0000000c
         655000	        64	800000e0	00400b93	addi	x23,x0,4	  x0:0x00000000 x23=0x00000004
         665000	        65	800000e4	00900c13	addi	x24,x0,9	  x0:0x00000000 x24=0x00000009
         675000	        66	800000e8	80000cb7	lui	x25,0x80000	 x25=0x80000000
         685000	        67	800000ec	00000d13	addi	x26,x0,0	  x0:0x00000000 x26=0x00000000
         695000	        68	800000f0	80000db7	lui	x27,0x80000	 x27=0x80000000
         705000	        69	800000f4	00d00e13	addi	x28,x0,13	  x0:0x00000000 x28=0x0000000d
         715000	        70	800000f8	00300e93	addi	x29,x0,3	  x0:0x00000000 x29=0x00000003
         725000	        71	800000fc	5f18df37	lui	x30,0x5f18d	 x30=0x5f18d000
         735000	        72	80000100	af4f0f13	addi	x30,x30,-1292	 x30:0x5f18d000 x30=0x5f18caf4
         745000	        73	80000104	ca8fafb7	lui	x31,0xca8fa	 x31=0xca8fa000
         755000	        74	80000108	228f8f93	addi	x31,x31,552	 x31:0xca8fa000 x31=0xca8fa228
         765000	        75	8000010c	0000aa17	auipc	x20,0xa	 x20=0x8000a108
         775000	        76	80000110	e7ca0a13	addi	x20,x20,-388	 x20:0x8000a108 x20=0x80009f84
         785000	        77	80000114	7b302f93	slti	x31,x0,1971	  x0:0x00000000 x31=0x00000001
         795000	        78	80000118	41325693	srai	x13,x4,0x13	  x4:0x0000000c x13=0x00000000
         805000	        79	8000011c	01e31f93	slli	x31,x6,0x1e	  x6:0x0000000a x31=0x80000000
         815000	        80	80000120	9b89af17	auipc	x30,0x9b89a	 x30=0x1b89a11c
         825000	        81	80000124	00006797	auipc	x15,0x6	 x15=0x80006120
         835000	        82	80000128	86078793	addi	x15,x15,-1952	 x15:0x80006120 x15=0x80005980
         845000	        83	8000012c	00000013	addi	x0,x0,0	  x0:0x00000000
         855000	        84	80000130	01ce3eb3	sltu	x29,x28,x28	 x28:0x0000000d x28:0x0000000d x29=0x00000000
         865000	        85	80000134	1ed78793	addi	x15,x15,493	 x15:0x80005980 x15=0x80005b6d
         875000	        86	80000138	3fbf2293	slti	x5,x30,1019	 x30:0x1b89a11c  x5=0x00000000
         885000	        87	8000013c	e13789e7	jalr	x19,x15,-493	 x15:0x80005b6d x19=0x8000013c
         895000	        88	00000000	00000013	addi	x0,x0,0	  x0:0x00000000
         905000	        89	80005980	00000013	addi	x0,x0,0	  x0:0x00000000
         915000	        90	80005984	fc0a0a13	addi	x20,x20,-64	 x20:0x80009f84 x20=0x80009f44
         925000	        91	80005988	00ed9c13	slli	x24,x27,0xe	 x27:0x80000000 x24=0x00000000
         935000	        92	8000598c	013a2223	sw	x19,4(x20)	 x20:0x80009f44 x19:0x8000013c PA:0x80009f48
         945000	        93	80005990	00000013	addi	x0,x0,0	  x0:0x00000000
         955000	        94	80005994	be552f13	slti	x30,x10,-1051	 x10:0xf7e09465 x30=0x00000001
         965000	        95	80005998	6201a413	slti	x8,x3,1568	  x3:0x80000000  x8=0x00000001
         975000	        96	8000599c	00003097	auipc	x1,0x3	  x1=0x80008998
         985000	        97	800059a0	be908093	addi	x1,x1,-1047	  x1:0x80008998  x1=0x80008581
         995000	        98	800059a4	aacf1137	lui	x2,0xaacf1	  x2=0xaacf1000
        1005000	        99	800059a8	00000013	addi	x0,x0,0	  x0:0x00000000
        1015000	       100	800059ac	ca234337	lui	x6,0xca234	  x6=0xca234000
        1025000	       101	800059b0	0111c5b3	xor	x11,x3,x17	  x3:0x80000000 x17:0x80009fc4 x11=0x00009fc4
        1035000	       102	800059b4	768dce93	xori	x29,x27,1896	 x27:0x80000000 x29=0x80000768
        1045000	       103	800059b8	40f85d33	sra	x26,x16,x15	 x16:0x1181c342 x15:0x80005b6d x26=0x00008c0e
        1055000	       104	800059bc	00ef9113	slli	x2,x31,0xe	 x31:0x80000000  x2=0x00000000
        1065000	       105	800059c0	3d85fe93	andi	x29,x11,984	 x11:0x00009fc4 x29=0x000003c0
        1075000	       106	800059c4	783acd13	xori	x26,x21,1923	 x21:0xd07c8363 x26=0xd07c84e0
        1085000	       107	800059c8	419fdb13	srai	x22,x31,0x19	 x31:0x80000000 x22=0xffffffc0
        1095000	       108	800059cc	3f576f13	ori	x30,x14,1013	 x14:0xfd3470c3 x30=0xfd3473f7
        1105000	       109	800059d0	0093cc33	xor	x24,x7,x9	  x7:0x7bba1d05  x9:0xd629746b x24=0xad93696e
        1115000	       110	800059d4	ff40cf83	lbu	x31,-12(x1)	  x1:0x80008581 x31=0x00000087 PA:0x80008575
        1125000	       111	800059d8	0060db33	srl	x22,x1,x6	  x1:0x80008581  x6:0xca234000 x22=0x80008581
        1135000	       112	800059dc	415ad393	srai	x7,x21,0x15	 x21:0xd07c8363  x7=0xfffffe83
        1145000	       113	800059e0	fe008b03	lb	x22,-32(x1)	  x1:0x80008581 x22=0x0000002d PA:0x80008561
        1155000	       114	800059e4	49236717	auipc	x14,0x49236	 x14=0xc923b9e0
        1165000	       115	800059e8	00408523	sb	x4,10(x1)	  x1:0x80008581  x4:0x0000000c PA:0x8000858b
        1175000	       116	800059ec	fcf09d03	lh	x26,-49(x1)	  x1:0x80008581 x26=0xfffff3b4 PA:0x80008550
        1185000	       117	800059f0	ea21f493	andi	x9,x3,-350	  x3:0x80000000  x9=0x80000000
        1195000	       118	800059f4	fdc080a3	sb	x28,-63(x1)	  x1:0x80008581 x28:0x0000000d PA:0x80008542
        1205000	       119	800059f8	fc208703	lb	x14,-62(x1)	  x1:0x80008581 x14=0xffffffc7 PA:0x80008543
        1215000	       120	800059fc	4114a393	slti	x7,x9,1041	  x9:0x80000000  x7=0x00000001
        1225000	       121	80005a00	00f5d593	srli	x11,x11,0xf	 x11:0x00009fc4 x11=0x00000001
        1235000	       122	80005a04	26c83c13	sltiu	x24,x16,620	 x16:0x1181c342 x24=0x00000000
        1245000	       123	80005a08	0bc64913	xori	x18,x12,188	 x12:0xe301f3ef x18=0xe301f353
        1255000	       124	80005a0c	00c08223	sb	x12,4(x1)	  x1:0x80008581 x12:0xe301f3ef PA:0x80008585
        1265000	       125	80005a10	01cb07b3	add	x15,x22,x28	 x22:0x0000002d x28:0x0000000d x15=0x0000003a
        1275000	       126	80005a14	fdd09683	lh	x13,-35(x1)	  x1:0x80008581 x13=0x00004b52 PA:0x8000855e
        1285000	       127	80005a18	0050dd03	lhu	x26,5(x1)	  x1:0x80008581 x26=0x0000e8ea PA:0x80008586
        1295000	       128	00000000	00000013	addi	x0,x0,0	  x0:0x00000000
        1305000	       129	80005a1c	01a098a3	sh	x26,17(x1)	  x1:0x80008581 x26:0x0000e8ea PA:0x80008592
        1315000	       130	80005a20	41f17f93	andi	x31,x2,1055	  x2:0x00000000 x31=0x00000000
        1325000	       131	80005a24	015c0333	add	x6,x24,x21	 x24:0x00000000 x21:0xd07c8363  x6=0xd07c8363
        1335000	       132	80005a28	00b686b3	add	x13,x13,x11	 x13:0x00004b52 x11:0x00000001 x13=0x00004b53
        1345000	       133	80005a2c	00fd0ab3	add	x21,x26,x15	 x26:0x0000e8ea x15:0x0000003a x21=0x0000e924
        1355000	       134	80005a30	ff408983	lb	x19,-12(x1)	  x1:0x80008581 x19=0xffffff87 PA:0x80008575
        1365000	       135	80005a34	ffe08503	lb	x10,-2(x1)	  x1:0x80008581 x10=0xffffffc1 PA:0x8000857f
        1375000	       136	80005a38	01e0c283	lbu	x5,30(x1)	  x1:0x80008581  x5=0x00000071 PA:0x8000859f
        1385000	       137	80005a3c	6197c413	xori	x8,x15,1561	 x15:0x0000003a  x8=0x00000623
        1395000	       138	80005a40	00e9a033	slt	x0,x19,x14	 x19:0xffffff87 x14:0xffffffc7
        1405000	       139	80005a44	41e781b3	sub	x3,x15,x30	 x15:0x0000003a x30:0xfd3473f7  x3=0x02cb8c43
        1415000	       140	80005a48	f6537b13	andi	x22,x6,-155	  x6:0xd07c8363 x22=0xd07c8361
        1425000	       141	80005a4c	fd708ba3	sb	x23,-41(x1)	  x1:0x80008581 x23:0x00000004 PA:0x80008558
        1435000	       142	80005a50	ff50d403	lhu	x8,-11(x1)	  x1:0x80008581  x8=0x0000d845 PA:0x80008576
        1445000	       143	80005a54	0170cd03	lbu	x26,23(x1)	  x1:0x80008581 x26=0x00000035 PA:0x80008598
        1455000	       144	80005a58	4a17eb13	ori	x22,x15,1185	 x15:0x0000003a x22=0x000004bb
        1465000	       145	80005a5c	03e08723	sb	x30,46(x1)	  x1:0x80008581 x30:0xfd3473f7 PA:0x800085af
        1475000	       146	80005a60	ce4ba917	auipc	x18,0xce4ba	 x18=0x4e4bfa5c
        1485000	       147	80005a64	026f1c63	bne	x30,x6,80005a9c	 x30:0xfd3473f7  x6:0xd07c8363
        1495000	       148	00000000	00000013	addi	x0,x0,0	  x0:0x00000000
        1505000	       149	80005a98	00000013	addi	x0,x0,0	  x0:0x00000000
        1515000	       150	80005a9c	0434c663	blt	x9,x3,80005ae8	  x9:0x80000000  x3:0x02cb8c43
        1525000	       151	00000000	00000013	addi	x0,x0,0	  x0:0x00000000
        1535000	       152	80005ae4	00000013	addi	x0,x0,0	  x0:0x00000000
        1545000	       153	80005ae8	fd8dbd13	sltiu	x26,x27,-40	 x27:0x80000000 x26=0x00000001
        1555000	       154	80005aec	01477033	and	x0,x14,x20	 x14:0xffffffc7 x20:0x80009f44
        1565000	       155	80005af0	975b0697	auipc	x13,0x975b0	 x13=0x175b5aec
        1575000	       156	80005af4	ba3ea293	slti	x5,x29,-1117	 x29:0x000003c0  x5=0x00000000
        1585000	       157	80005af8	344a8c93	addi	x25,x21,836	 x21:0x0000e924 x25=0x0000ec68
        1595000	       158	80005afc	00e59293	slli	x5,x11,0xe	 x11:0x00000001  x5=0x00004000
        1605000	       159	80005b00	41e35713	srai	x14,x6,0x1e	  x6:0xd07c8363 x14=0xffffffff
        1615000	       160	80005b04	3a7d7313	andi	x6,x26,935	 x26:0x00000001  x6=0x00000001
        1625000	       161	80005b08	8f6af137	lui	x2,0x8f6af	  x2=0x8f6af000
        1635000	       162	80005b0c	84350797	auipc	x15,0x84350	 x15=0x04355b08
        1645000	       163	80005b10	40965813	srai	x16,x12,0x9	 x12:0xe301f3ef x16=0xfff180f9
        1655000	       164	80005b14	f8c02c13	slti	x24,x0,-116	  x0:0x00000000 x24=0x00000000
        1665000	       165	80005b18	0166f863	bgeu	x13,x22,80005b28	 x13:0x175b5aec x22:0x000004bb
        1675000	       166	00000000	00000013	addi	x0,x0,0	  x0:0x00000000
        1685000	       167	80005b24	00000013	addi	x0,x0,0	  x0:0x00000000
        1695000	       168	80005b28	05eec663	blt	x29,x30,80005b74	 x29:0x000003c0 x30:0xfd3473f7
        1705000	       169	80005b2c	01138a63	beq	x7,x17,80005b40	  x7:0x00000001 x17:0x80009fc4
        1715000	       170	80005b30	04dc6063	bltu	x24,x13,80005b70	 x24:0x00000000 x13:0x175b5aec
        1725000	       171	00000000	00000013	addi	x0,x0,0	  x0:0x00000000
        1735000	       172	80005b6c	00000013	addi	x0,x0,0	  x0:0x00000000
        1745000	       173	80005b70	01a637b3	sltu	x15,x12,x26	 x12:0xe301f3ef x26:0x00000001 x15=0x00000000
        1755000	       174	80005b74	416fdd33	sra	x26,x31,x22	 x31:0x00000000 x22:0x000004bb x26=0x00000000
        1765000	       175	80005b78	4029d113	srai	x2,x19,0x2	 x19:0xffffff87  x2=0xffffffe1
        1775000	       176	80005b7c	05736663	bltu	x6,x23,80005bc8	  x6:0x00000001 x23:0x00000004
        1785000	       177	00000000	00000013	addi	x0,x0,0	  x0:0x00000000
        1795000	       178	80005bc4	00000013	addi	x0,x0,0	  x0:0x00000000
        1805000	       179	80005bc8	005de6b3	or	x13,x27,x5	 x27:0x80000000  x5:0x00004000 x13=0x80004000
        1815000	       180	80005bcc	00f16033	or	x0,x2,x15	  x2:0xffffffe1 x15:0x00000000
        1825000	       181	80005bd0	000fc2b3	xor	x5,x31,x0	 x31:0x00000000  x0:0x00000000  x5=0x00000000
        1835000	       182	80005bd4	00ad1793	slli	x15,x26,0xa	 x26:0x00000000 x15=0x00000000
        1845000	       183	80005bd8	05cdc663	blt	x27,x28,80005c24	 x27:0x80000000 x28:0x0000000d
        1855000	       184	00000000	00000013	addi	x0,x0,0	  x0:0x00000000
        1865000	       185	80005c20	00000013	addi	x0,x0,0	  x0:0x00000000
        1875000	       186	80005c24	03710863	beq	x2,x23,80005c54	  x2:0xffffffe1 x23:0x00000004
        1885000	       187	80005c28	025eda63	bge	x29,x5,80005c5c	 x29:0x000003c0  x5:0x00000000
        1895000	       188	00000000	00000013	addi	x0,x0,0	  x0:0x00000000
        1905000	       189	80005c58	00000013	addi	x0,x0,0	  x0:0x00000000
        1915000	       190	80005c5c	00011a63	bne	x2,x0,80005c70	  x2:0xffffffe1  x0:0x00000000
        1925000	       191	00000000	00000013	addi	x0,x0,0	  x0:0x00000000
        1935000	       192	80005c6c	00000013	addi	x0,x0,0	  x0:0x00000000
        1945000	       193	80005c70	02474063	blt	x14,x4,80005c90	 x14:0xffffffff  x4:0x0000000c
        1955000	       194	00000000	00000013	addi	x0,x0,0	  x0:0x00000000
        1965000	       195	80005c8c	00000013	addi	x0,x0,0	  x0:0x00000000
        1975000	       196	80005c90	00000013	addi	x0,x0,0	  x0:0x00000000
        1985000	       197	80005c94	4071d113	srai	x2,x3,0x7	  x3:0x02cb8c43  x2=0x00059718
        1995000	       198	80005c98	b94b0c93	addi	x25,x22,-1132	 x22:0x000004bb x25=0x0000004f
        2005000	       199	80005c9c	00000013	addi	x0,x0,0	  x0:0x00000000
        2015000	       200	80005ca0	3eebed97	auipc	x27,0x3eebe	 x27=0xbeec3c9c
        2025000	       201	80005ca4	01dc6933	or	x18,x24,x29	 x24:0x00000000 x29:0x000003c0 x18=0x000003c0
        2035000	       202	80005ca8	04566663	bltu	x12,x5,80005cf4	 x12:0xe301f3ef  x5:0x00000000
        2045000	       203	80005cac	4130d693	srai	x13,x1,0x13	  x1:0x80008581 x13=0xfffff000
        2055000	       204	80005cb0	01af62b3	or	x5,x30,x26	 x30:0xfd3473f7 x26:0x00000000  x5=0xfd3473f7
        2065000	       205	80005cb4	0049d593	srli	x11,x19,0x4	 x19:0xffffff87 x11=0x0ffffff8
        2075000	       206	80005cb8	01034fb3	xor	x31,x6,x16	  x6:0x00000001 x16:0xfff180f9 x31=0xfff180f8
        2085000	       207	80005cbc	ddae0113	addi	x2,x28,-550	 x28:0x0000000d  x2=0xfffffde7
        2095000	       208	80005cc0	0074d413	srli	x8,x9,0x7	  x9:0x80000000  x8=0x01000000
        2105000	       209	80005cc4	e03bf9b7	lui	x19,0xe03bf	 x19=0xe03bf000
        2115000	       210	80005cc8	0b110193	addi	x3,x2,177	  x2:0xfffffde7  x3=0xfffffe98
        2125000	       211	80005ccc	00000013	addi	x0,x0,0	  x0:0x00000000
        2135000	       212	80005cd0	03395863	bge	x18,x19,80005d00	 x18:0x000003c0 x19:0xe03bf000
        2145000	       213	00000000	00000013	addi	x0,x0,0	  x0:0x00000000
        2155000	       214	80005cfc	00000013	addi	x0,x0,0	  x0:0x00000000
        2165000	       215	80005d00	27387917	auipc	x18,0x27387	 x18=0xa738ccfc
        2175000	       216	80005d04	d9d22813	slti	x16,x4,-611	  x4:0x0000000c x16=0x00000000
        2185000	       217	80005d08	011a9013	slli	x0,x21,0x11	 x21:0x0000e924
        2195000	       218	80005d0c	4002d493	srai	x9,x5,0x0	  x5:0xfd3473f7  x9=0xfd3473f7
        2205000	       219	80005d10	406f5733	sra	x14,x30,x6	 x30:0xfd3473f7  x6:0x00000001 x14=0xfe9a39fb
        2215000	       220	80005d14	41855413	srai	x8,x10,0x18	 x10:0xffffffc1  x8=0xffffffff
        2225000	       221	80005d18	0039e663	bltu	x19,x3,80005d24	 x19:0xe03bf000  x3:0xfffffe98
        2235000	       222	00000000	00000013	addi	x0,x0,0	  x0:0x00000000
        2245000	       223	80005d20	00000013	addi	x0,x0,0	  x0:0x00000000
        2255000	       224	80005d24	413b5493	srai	x9,x22,0x13	 x22:0x000004bb  x9=0x00000000
        2265000	       225	80005d28	008cd263	bge	x25,x8,80005d2c	 x25:0x0000004f  x8:0xffffffff
        2275000	       226	00000000	00000013	addi	x0,x0,0	  x0:0x00000000
        2285000	       227	80005d28	00000013	addi	x0,x0,0	  x0:0x00000000
        2295000	       228	80005d2c	00df5433	srl	x8,x30,x13	 x30:0xfd3473f7 x13:0xfffff000  x8=0xfd3473f7
        2305000	       229	80005d30	9dc6bd93	sltiu	x27,x13,-1572	 x13:0xfffff000 x27=0x00000001
        2315000	       230	80005d34	724cbdb7	lui	x27,0x724cb	 x27=0x724cb000
        2325000	       231	80005d38	41ff5cb3	sra	x25,x30,x31	 x30:0xfd3473f7 x31:0xfff180f8 x25=0xfffffffd
        2335000	       232	80005d3c	88d06d93	ori	x27,x0,-1907	  x0:0x00000000 x27=0xfffff88d
        2345000	       233	80005d40	04add263	bge	x27,x10,80005d84	 x27:0xfffff88d x10:0xffffffc1
        2355000	       234	80005d44	00000013	addi	x0,x0,0	  x0:0x00000000
        2365000	       235	80005d48	04031063	bne	x6,x0,80005d88	  x6:0x00000001  x0:0x00000000
        2375000	       236	00000000	00000013	addi	x0,x0,0	  x0:0x00000000
        2385000	       237	80005d84	00000013	addi	x0,x0,0	  x0:0x00000000
        2395000	       238	80005d88	010f1c33	sll	x24,x30,x16	 x30:0xfd3473f7 x16:0x00000000 x24=0xfd3473f7
        2405000	       239	80005d8c	dc945c17	auipc	x24,0xdc945	 x24=0x5c94ad88
        2415000	       240	80005d90	4151db33	sra	x22,x3,x21	  x3:0xfffffe98 x21:0x0000e924 x22=0xffffffe9
        2425000	       241	80005d94	8032ab93	slti	x23,x5,-2045	  x5:0xfd3473f7 x23=0x00000001
        2435000	       242	80005d98	f5498d17	auipc	x26,0xf5498	 x26=0x7549dd94
        2445000	       243	80005d9c	7f2e4913	xori	x18,x28,2034	 x28:0x0000000d x18=0x000007ff
        2455000	       244	80005da0	00337433	and	x8,x6,x3	  x6:0x00000001  x3:0xfffffe98  x8=0x00000000
        2465000	       245	80005da4	0049f833	and	x16,x19,x4	 x19:0xe03bf000  x4:0x0000000c x16=0x00000000
        2475000	       246	80005da8	db530c13	addi	x24,x6,-587	  x6:0x00000001 x24=0xfffffdb6
        2485000	       247	80005dac	010289b3	add	x19,x5,x16	  x5:0xfd3473f7 x16:0x00000000 x19=0xfd3473f7
        2495000	       248	80005db0	01525413	srli	x8,x4,0x15	  x4:0x0000000c  x8=0x00000000
        2505000	       249	80005db4	00b3ac33	slt	x24,x7,x11	  x7:0x00000001 x11:0x0ffffff8 x24=0x00000001
        2515000	       250	80005db8	00621663	bne	x4,x6,80005dc4	  x4:0x0000000c  x6:0x00000001
        2525000	       251	00000000	00000013	addi	x0,x0,0	  x0:0x00000000
        2535000	       252	80005dc0	00000013	addi	x0,x0,0	  x0:0x00000000
        2545000	       253	80005dc4	01062833	slt	x16,x12,x16	 x12:0xe301f3ef x16:0x00000000 x16=0x00000001
        2555000	       254	80005dc8	004a2983	lw	x19,4(x20)	 x20:0x80009f44 x19=0x8000013c PA:0x80009f48
        2565000	       255	80005dcc	0140a033	slt	x0,x1,x20	  x1:0x80008581 x20:0x80009f44
        2575000	       256	80005dd0	00e746b3	xor	x13,x14,x14	 x14:0xfe9a39fb x14:0xfe9a39fb x13=0x00000000
        2585000	       257	80005dd4	ca0a7793	andi	x15,x20,-864	 x20:0x80009f44 x15=0x80009c00
        2595000	       258	80005dd8	40f4d693	srai	x13,x9,0xf	  x9:0x00000000 x13=0x00000000
        2605000	       259	80005ddc	25ca42b7	lui	x5,0x25ca4	  x5=0x25ca4000
        2615000	       260	80005de0	040a0a13	addi	x20,x20,64	 x20:0x80009f44 x20=0x80009f84
        2625000	       261	80005de4	d2d64c13	xori	x24,x12,-723	 x12:0xe301f3ef x24=0x1cfe0ec2
        2635000	       262	80005de8	41ebd513	srai	x10,x23,0x1e	 x23:0x00000001 x10=0x00000000
        2645000	       263	80005dec	c97f7e93	andi	x29,x30,-873	 x30:0xfd3473f7 x29=0xfd347097
        2655000	       264	80005df0	00198193	addi	x3,x19,1	 x19:0x8000013c  x3=0x8000013d
        2665000	       265	80005df4	000181e7	jalr	x3,x3,0	  x3:0x8000013d  x3=0x80005df4
        2675000	       266	00000000	00000013	addi	x0,x0,0	  x0:0x00000000
        2685000	       267	8000013c	00000013	addi	x0,x0,0	  x0:0x00000000
        2695000	       268	80000140	00009e97	auipc	x29,0x9	 x29=0x8000913c
        2705000	       269	80000144	acee8e93	addi	x29,x29,-1330	 x29:0x8000913c x29=0x80008c0a
        2715000	       270	80000148	010e5493	srli	x9,x28,0x10	 x28:0x0000000d  x9=0x00000000
        2725000	       271	8000014c	009ecd03	lbu	x26,9(x29)	 x29:0x80008c0a x26=0x0000005d PA:0x80008c13
        2735000	       272	80000150	a81aa913	slti	x18,x21,-1407	 x21:0x0000e924 x18=0x00000000
        2745000	       273	80000154	00000013	addi	x0,x0,0	  x0:0x00000000
        2755000	       274	80000158	ff1ec103	lbu	x2,-15(x29)	 x29:0x80008c0a  x2=0x00000023 PA:0x80008bfb
        2765000	       275	8000015c	00000013	addi	x0,x0,0	  x0:0x00000000
        2775000	       276	80000160	007ecf83	lbu	x31,7(x29)	 x29:0x80008c0a x31=0x0000004e PA:0x80008c11
        2785000	       277	80000164	ff9ec183	lbu	x3,-7(x29)	 x29:0x80008c0a  x3=0x000000f8 PA:0x80008c03
        2795000	       278	80000168	ffee8003	lb	x0,-2(x29)	 x29:0x80008c0a PA:0x80008c08
        2805000	       279	8000016c	003e8823	sb	x3,16(x29)	 x29:0x80008c0a  x3:0x000000f8 PA:0x80008c1a
        2815000	       280	80000170	007e8403	lb	x8,7(x29)	 x29:0x80008c0a  x8=0x0000004e PA:0x80008c11
        2825000	       281	80000174	ffee9903	lh	x18,-2(x29)	 x29:0x80008c0a x18=0x00002b4b PA:0x80008c08
        2835000	       282	80000178	007e9823	sh	x7,16(x29)	 x29:0x80008c0a  x7:0x00000001 PA:0x80008c1a
        2845000	       283	8000017c	00d872b3	and	x5,x16,x13	 x16:0x00000001 x13:0x00000000  x5=0x00000000
        2855000	       284	80000180	4060c013	xori	x0,x1,1030	  x1:0x80008581
        2865000	       285	80000184	8dc5c993	xori	x19,x11,-1828	 x11:0x0ffffff8 x19=0xf0000724
        2875000	       286	80000188	00f82433	slt	x8,x16,x15	 x16:0x00000001 x15:0x80009c00  x8=0x00000000
        2885000	       287	8000018c	ffae9103	lh	x2,-6(x29)	 x29:0x80008c0a  x2=0xffff91c2 PA:0x80008c04
        2895000	       288	80000190	00002033	slt	x0,x0,x0	  x0:0x00000000  x0:0x00000000
        2905000	       289	80000194	00bec683	lbu	x13,11(x29)	 x29:0x80008c0a x13=0x0000000a PA:0x80008c15
        2915000	       290	80000198	41efd833	sra	x16,x31,x30	 x31:0x0000004e x30:0xfd3473f7 x16=0x00000000
        2925000	       291	8000019c	ff7e8f83	lb	x31,-9(x29)	 x29:0x80008c0a x31=0xffffffbb PA:0x80008c01
        2935000	       292	800001a0	ffae8da3	sb	x26,-5(x29)	 x29:0x80008c0a x26:0x0000005d PA:0x80008c05
        2945000	       293	800001a4	010e85a3	sb	x16,11(x29)	 x29:0x80008c0a x16:0x00000000 PA:0x80008c15
        2955000	       294	800001a8	00219f93	slli	x31,x3,0x2	  x3:0x000000f8 x31=0x000003e0
        2965000	       295	800001ac	00e08cb3	add	x25,x1,x14	  x1:0x80008581 x14:0xfe9a39fb x25=0x7e9abf7c
        2975000	       296	800001b0	0013b1b3	sltu	x3,x7,x1	  x7:0x00000001  x1:0x80008581  x3=0x00000001
        2985000	       297	800001b4	0055d233	srl	x4,x11,x5	 x11:0x0ffffff8  x5:0x00000000  x4=0x0ffffff8
        2995000	       298	800001b8	ff4ed103	lhu	x2,-12(x29)	 x29:0x80008c0a  x2=0x0000308d PA:0x80008bfe
        3005000	       299	800001bc	003ecf03	lbu	x30,3(x29)	 x29:0x80008c0a x30=0x0000001a PA:0x80008c0d
        3015000	       300	800001c0	ff4e8b03	lb	x22,-12(x29)	 x29:0x80008c0a x22=0xffffff8d PA:0x80008bfe
        3025000	       301	800001c4	00ee9903	lh	x18,14(x29)	 x29:0x80008c0a x18=0xffffd49a PA:0x80008c18
        3035000	       302	800001c8	993d55b7	lui	x11,0x993d5	 x11=0x993d5000
        3045000	       303	800001cc	000d52b3	srl	x5,x26,x0	 x26:0x0000005d  x0:0x00000000  x5=0x0000005d
        3055000	       304	800001d0	002e9c83	lh	x25,2(x29)	 x29:0x80008c0a x25=0x00001ae4 PA:0x80008c0c
        3065000	       305	800001d4	0098d133	srl	x2,x17,x9	 x17:0x80009fc4  x9:0x00000000  x2=0x80009fc4
        3075000	       306	800001d8	008394b3	sll	x9,x7,x8	  x7:0x00000001  x8:0x00000000  x9=0x00000001
        3085000	       307	800001dc	012f8233	add	x4,x31,x18	 x31:0x000003e0 x18:0xffffd49a  x4=0xffffd87a
        3095000	       308	800001e0	fe4e8aa3	sb	x4,-11(x29)	 x29:0x80008c0a  x4:0xffffd87a PA:0x80008bff
        3105000	       309	800001e4	fede8da3	sb	x13,-5(x29)	 x29:0x80008c0a x13:0x0000000a PA:0x80008c05
        3115000	       310	800001e8	00bd1413	slli	x8,x26,0xb	 x26:0x0000005d  x8=0x0002e800
        3125000	       311	800001ec	c5106813	ori	x16,x0,-943	  x0:0x00000000 x16=0xfffffc51
        3135000	       312	800001f0	ec0c6013	ori	x0,x24,-320	 x24:0x1cfe0ec2
        3145000	       313	800001f4	238f4b13	xori	x22,x30,568	 x30:0x0000001a x22=0x00000222
        3155000	       314	800001f8	40ebd3b3	sra	x7,x23,x14	 x23:0x00000001 x14:0xfe9a39fb  x7=0x00000000
        3165000	       315	800001fc	ff2ea183	lw	x3,-14(x29)	 x29:0x80008c0a  x3=0x7a8d1e38 PA:0x80008bfc
        3175000	       316	80000200	94b9b593	sltiu	x11,x19,-1717	 x19:0xf0000724 x11=0x00000001
        3185000	       317	80000204	da51ab17	auipc	x22,0xda51a	 x22=0x5a51a200
        3195000	       318	80000208	3e470093	addi	x1,x14,996	 x14:0xfe9a39fb  x1=0xfe9a3ddf
        3205000	       319	8000020c	000ecc03	lbu	x24,0(x29)	 x29:0x80008c0a x24=0x00000062 PA:0x80008c0a
        3215000	       320	80000210	2b7a9617	auipc	x12,0x2b7a9	 x12=0xab7a920c
        3225000	       321	80000214	00c355b3	srl	x11,x6,x12	  x6:0x00000001 x12:0xab7a920c x11=0x00000000
        3235000	       322	80000218	00000013	addi	x0,x0,0	  x0:0x00000000
        3245000	       323	8000021c	41ea0533	sub	x10,x20,x30	 x20:0x80009f84 x30:0x0000001a x10=0x80009f6a
        3255000	       324	80000220	3d044913	xori	x18,x8,976	  x8:0x0002e800 x18=0x0002ebd0
        3265000	       325	80000224	01c9b9b3	sltu	x19,x19,x28	 x19:0xf0000724 x28:0x0000000d x19=0x00000000
        3275000	       326	80000228	048afa63	bgeu	x21,x8,8000027c	 x21:0x0000e924  x8:0x0002e800
        3285000	       327	8000022c	407f5293	srai	x5,x30,0x7	 x30:0x0000001a  x5=0x00000000
        3295000	       328	80000230	00003497	auipc	x9,0x3	  x9=0x8000322c
        3305000	       329	80000234	3c448493	addi	x9,x9,964	  x9:0x8000322c  x9=0x800035f0
        3315000	       330	80000238	8aaa8513	addi	x10,x21,-1878	 x21:0x0000e924 x10=0x0000e1ce
        3325000	       331	8000023c	12d48493	addi	x9,x9,301	  x9:0x800035f0  x9=0x8000371d
        3335000	       332	80000240	01fadb93	srli	x23,x21,0x1f	 x21:0x0000e924 x23=0x00000000
        3345000	       333	80000244	484c7793	andi	x15,x24,1156	 x24:0x00000062 x15=0x00000000
        3355000	       334	80000248	b3cc3013	sltiu	x0,x24,-1220	 x24:0x00000062
        3365000	       335	8000024c	014dd463	bge	x27,x20,80000254	 x27:0xfffff88d x20:0x80009f84
        3375000	       336	00000000	00000013	addi	x0,x0,0	  x0:0x00000000
        3385000	       337	80000250	00000013	addi	x0,x0,0	  x0:0x00000000
        3395000	       338	80000254	ed4489e7	jalr	x19,x9,-300	  x9:0x8000371d x19=0x80000254
        3405000	       339	00000000	00000013	addi	x0,x0,0	  x0:0x00000000
        3415000	       340	800035f0	00000013	addi	x0,x0,0	  x0:0x00000000
        3425000	       341	800035f4	fe4a0a13	addi	x20,x20,-28	 x20:0x80009f84 x20=0x80009f68
        3435000	       342	800035f8	015cd693	srli	x13,x25,0x15	 x25:0x00001ae4 x13=0x00000000
        3445000	       343	800035fc	013a2223	sw	x19,4(x20)	 x20:0x80009f68 x19:0x80000254 PA:0x80009f6c
        3455000	       344	80003600	01410833	add	x16,x2,x20	  x2:0x80009fc4 x20:0x80009f68 x16=0x00013f2c
        3465000	       345	80003604	009b5713	srli	x14,x22,0x9	 x22:0x5a51a200 x14=0x002d28d1
        3475000	       346	80003608	7c3cef13	ori	x30,x25,1987	 x25:0x00001ae4 x30=0x00001fe7
        3485000	       347	8000360c	251c7cb7	lui	x25,0x251c7	 x25=0x251c7000
        3495000	       348	80003610	00002317	auipc	x6,0x2	  x6=0x8000560c
        3505000	       349	80003614	7e830313	addi	x6,x6,2024	  x6:0x8000560c  x6=0x80005df4
        3515000	       350	80003618	0038d213	srli	x4,x17,0x3	 x17:0x80009fc4  x4=0x100013f8
        3525000	       351	8000361c	9052f013	andi	x0,x5,-1787	  x5:0x00000000
        3535000	       352	80003620	e4930313	addi	x6,x6,-439	  x6:0x80005df4  x6=0x80005c3d
        3545000	       353	80003624	40d685b3	sub	x11,x13,x13	 x13:0x00000000 x13:0x00000000 x11=0x00000000
        3555000	       354	80003628	01789933	sll	x18,x17,x23	 x17:0x80009fc4 x23:0x00000000 x18=0x80009fc4
        3565000	       355	8000362c	1b8309e7	jalr	x19,x6,440	  x6:0x80005c3d x19=0x8000362c
        3575000	       356	00000000	00000013	addi	x0,x0,0	  x0:0x00000000
        3585000	       357	80005df4	00000013	addi	x0,x0,0	  x0:0x00000000
        3595000	       358	80005df8	417e5293	srai	x5,x28,0x17	 x28:0x0000000d  x5=0x00000000
        3605000	       359	80005dfc	012af463	bgeu	x21,x18,80005e04	 x21:0x0000e924 x18:0x80009fc4
        3615000	       360	80005e00	40bfd613	srai	x12,x31,0xb	 x31:0x000003e0 x12=0x00000000
        3625000	       361	80005e04	fc4a0a13	addi	x20,x20,-60	 x20:0x80009f68 x20=0x80009f2c
        3635000	       362	80005e08	baaba837	lui	x16,0xbaaba	 x16=0xbaaba000
        3645000	       363	80005e0c	1c98bb93	sltiu	x23,x17,457	 x17:0x80009fc4 x23=0x00000000
        3655000	       364	80005e10	013a2223	sw	x19,4(x20)	 x20:0x80009f2c x19:0x8000362c PA:0x80009f30
        3665000	       365	80005e14	68f52393	slti	x7,x10,1679	 x10:0x0000e1ce  x7=0x00000000
        3675000	       366	80005e18	c91dfc13	andi	x24,x27,-879	 x27:0xfffff88d x24=0xfffff881
        3685000	       367	80005e1c	002a63b3	or	x7,x20,x2	 x20:0x80009f2c  x2:0x80009fc4  x7=0x80009fec
        3695000	       368	80005e20	00d786b3	add	x13,x15,x13	 x15:0x00000000 x13:0x00000000 x13=0x00000000
        3705000	       369	80005e24	00003117	auipc	x2,0x3	  x2=0x80008e20
        3715000	       370	80005e28	e6310113	addi	x2,x2,-413	  x2:0x80008e20  x2=0x80008c83
        3725000	       371	80005e2c	01b200b3	add	x1,x4,x27	  x4:0x100013f8 x27:0xfffff88d  x1=0x10000c85
        3735000	       372	80005e30	67a56793	ori	x15,x10,1658	 x10:0x0000e1ce x15=0x0000e7fe
        3745000	       373	80005e34	f1f10183	lb	x3,-225(x2)	  x2:0x80008c83  x3=0x00000039 PA:0x80008ba2
        3755000	       374	80005e38	09e10303	lb	x6,158(x2)	  x2:0x80008c83  x6=0xffffffe2 PA:0x80008d21
        3765000	       375	80005e3c	01a05793	srli	x15,x0,0x1a	  x0:0x00000000 x15=0x00000000
        3775000	       376	80005e40	fef10b83	lb	x23,-17(x2)	  x2:0x80008c83 x23=0x00000003 PA:0x80008c72
        3785000	       377	80005e44	f1e10483	lb	x9,-226(x2)	  x2:0x80008c83  x9=0x00000054 PA:0x80008ba1
        3795000	       378	80005e48	f2115483	lhu	x9,-223(x2)	  x2:0x80008c83  x9=0x0000bedf PA:0x80008ba4
        3805000	       379	00000000	00000013	addi	x0,x0,0	  x0:0x00000000
        3815000	       380	80005e4c	009bd3b3	srl	x7,x23,x9	 x23:0x00000003  x9:0x0000bedf  x7=0x00000000
        3825000	       381	80005e50	fab10f23	sb	x11,-66(x2)	  x2:0x80008c83 x11:0x00000000 PA:0x80008c41
        3835000	       382	80005e54	0c610b23	sb	x6,214(x2)	  x2:0x80008c83  x6:0xffffffe2 PA:0x80008d59
        3845000	       383	80005e58	90230913	addi	x18,x6,-1790	  x6:0xffffffe2 x18=0xfffff8e4
        3855000	       384	80005e5c	40eed1b3	sra	x3,x29,x14	 x29:0x80008c0a x14:0x002d28d1  x3=0xffffc000
        3865000	       385	80005e60	f0a11ba3	sh	x10,-233(x2)	  x2:0x80008c83 x10:0x0000e1ce PA:0x80008b9a
        3875000	       386	80005e64	f0a115a3	sh	x10,-245(x2)	  x2:0x80008c83 x10:0x0000e1ce PA:0x80008b8e
        3885000	       387	80005e68	01d14683	lbu	x13,29(x2)	  x2:0x80008c83 x13=0x0000007f PA:0x80008ca0
        3895000	       388	80005e6c	06210e23	sb	x2,124(x2)	  x2:0x80008c83  x2:0x80008c83 PA:0x80008cff
        3905000	       389	80005e70	001670b3	and	x1,x12,x1	 x12:0x00000000  x1:0x10000c85  x1=0x00000000
        3915000	       390	80005e74	01f102b3	add	x5,x2,x31	  x2:0x80008c83 x31:0x000003e0  x5=0x80009063
        3925000	       391	80005e78	017ce5b3	or	x11,x25,x23	 x25:0x251c7000 x23:0x00000003 x11=0x251c7003
        3935000	       392	80005e7c	0125e633	or	x12,x11,x18	 x11:0x251c7003 x18:0xfffff8e4 x12=0xfffff8e7
        3945000	       393	80005e80	08910f83	lb	x31,137(x2)	  x2:0x80008c83 x31=0xffffffc1 PA:0x80008d0c
        3955000	       394	80005e84	f1114703	lbu	x14,-239(x2)	  x2:0x80008c83 x14=0x000000b7 PA:0x80008b94
        3965000	       395	80005e88	f9315d03	lhu	x26,-109(x2)	  x2:0x80008c83 x26=0x000086a8 PA:0x80008c16
        3975000	       396	80005e8c	f9210903	lb	x18,-110(x2)	  x2:0x80008c83 x18=0x00000000 PA:0x80008c15
        3985000	       397	80005e90	f6510923	sb	x5,-142(x2)	  x2:0x80008c83  x5:0x80009063 PA:0x80008bf5
        3995000	       398	80005e94	e8014093	xori	x1,x2,-384	  x2:0x80008c83  x1=0x7fff7203
        4005000	       399	80005e98	01410d23	sb	x20,26(x2)	  x2:0x80008c83 x20:0x80009f2c PA:0x80008c9d
        4015000	       400	80005e9c	410384b3	sub	x9,x7,x16	  x7:0x00000000 x16:0xbaaba000  x9=0x45546000
        4025000	       401	80005ea0	00cf6d33	or	x26,x30,x12	 x30:0x00001fe7 x12:0xfffff8e7 x26=0xffffffe7
        4035000	       402	80005ea4	5e90f693	andi	x13,x1,1513	  x1:0x7fff7203 x13=0x00000001
        4045000	       403	80005ea8	0d710903	lb	x18,215(x2)	  x2:0x80008c83 x18=0x00000043 PA:0x80008d5a
        4055000	       404	80005eac	0c010183	lb	x3,192(x2)	  x2:0x80008c83  x3=0xffffff98 PA:0x80008d43
        4065000	       405	80005eb0	02b14b03	lbu	x22,43(x2)	  x2:0x80008c83 x22=0x00000066 PA:0x80008cae
        4075000	       406	80005eb4	f2711e83	lh	x29,-217(x2)	  x2:0x80008c83 x29=0x000061de PA:0x80008baa
        4085000	       407	80005eb8	f6a14903	lbu	x18,-150(x2)	  x2:0x80008c83 x18=0x000000f1 PA:0x80008bed
        4095000	       408	80005ebc	0094eb33	or	x22,x9,x9	  x9:0x45546000  x9:0x45546000 x22=0x45546000
        4105000	       409	80005ec0	7753c393	xori	x7,x7,1909	  x7:0x00000000  x7=0x00000775
        4115000	       410	80005ec4	ecafb513	sltiu	x10,x31,-310	 x31:0xffffffc1 x10=0x00000000
        4125000	       411	80005ec8	f4410d83	lb	x27,-188(x2)	  x2:0x80008c83 x27=0x00000049 PA:0x80008bc7
        4135000	       412	80005ecc	05ea6293	ori	x5,x20,94	 x20:0x80009f2c  x5=0x80009f7e
        4145000	       413	80005ed0	00009e93	slli	x29,x1,0x0	  x1:0x7fff7203 x29=0x7fff7203
        4155000	       414	80005ed4	0e311003	lh	x0,227(x2)	  x2:0x80008c83 PA:0x80008d66
        4165000	       415	80005ed8	0c210003	lb	x0,194(x2)	  x2:0x80008c83 PA:0x80008d45
        4175000	       416	80005edc	01796db3	or	x27,x18,x23	 x18:0x000000f1 x23:0x00000003 x27=0x000000f3
        4185000	       417	80005ee0	00556333	or	x6,x10,x5	 x10:0x00000000  x5:0x80009f7e  x6=0x80009f7e
        4195000	       418	80005ee4	0a711583	lh	x11,167(x2)	  x2:0x80008c83 x11=0xffffb2b3 PA:0x80008d2a
        4205000	       419	80005ee8	00fad993	srli	x19,x21,0xf	 x21:0x0000e924 x19=0x00000001
        4215000	       420	80005eec	41db5eb3	sra	x29,x22,x29	 x22:0x45546000 x29:0x7fff7203 x29=0x08aa8c00
        4225000	       421	80005ef0	f7111e83	lh	x29,-143(x2)	  x2:0x80008c83 x29=0x000063fa PA:0x80008bf4
        4235000	       422	80005ef4	00003117	auipc	x2,0x3	  x2=0x80008ef0
        4245000	       423	80005ef8	e9510113	addi	x2,x2,-363	  x2:0x80008ef0  x2=0x80008d85
        4255000	       424	80005efc	e4c90613	addi	x12,x18,-436	 x18:0x000000f1 x12=0xffffff3d
        4265000	       425	80005f00	00000013	addi	x0,x0,0	  x0:0x00000000
        4275000	       426	80005f04	ff414203	lbu	x4,-12(x2)	  x2:0x80008d85  x4=0x00000093 PA:0x80008d79
        4285000	       427	80005f08	0d5e2293	slti	x5,x28,213	 x28:0x0000000d  x5=0x00000001
        4295000	       428	80005f0c	00000013	addi	x0,x0,0	  x0:0x00000000
        4305000	       429	80005f10	386e3913	sltiu	x18,x28,902	 x28:0x0000000d x18=0x00000001
        4315000	       430	80005f14	ffe10503	lb	x10,-2(x2)	  x2:0x80008d85 x10=0x00000054 PA:0x80008d83
        4325000	       431	80005f18	ffa14583	lbu	x11,-6(x2)	  x2:0x80008d85 x11=0x00000078 PA:0x80008d7f
        4335000	       432	80005f1c	ffc14083	lbu	x1,-4(x2)	  x2:0x80008d85  x1=0x000000b3 PA:0x80008d81
        4345000	       433	80005f20	010107a3	sb	x16,15(x2)	  x2:0x80008d85 x16:0xbaaba000 PA:0x80008d94
        4355000	       434	80005f24	00010483	lb	x9,0(x2)	  x2:0x80008d85  x9=0x0000005e PA:0x80008d85
        4365000	       435	80005f28	00da1333	sll	x6,x20,x13	 x20:0x80009f2c x13:0x00000001  x6=0x00013e58
        4375000	       436	80005f2c	ffc10403	lb	x8,-4(x2)	  x2:0x80008d85  x8=0xffffffb3 PA:0x80008d81
        4385000	       437	80005f30	393d8f13	addi	x30,x27,915	 x27:0x000000f3 x30=0x00000486
        4395000	       438	80005f34	01b10523	sb	x27,10(x2)	  x2:0x80008d85 x27:0x000000f3 PA:0x80008d8f
        4405000	       439	80005f38	b378a593	slti	x11,x17,-1225	 x17:0x80009fc4 x11=0x00000001
        4415000	       440	80005f3c	01110623	sb	x17,12(x2)	  x2:0x80008d85 x17:0x80009fc4 PA:0x80008d91
        4425000	       441	80005f40	ff510fa3	sb	x21,-1(x2)	  x2:0x80008d85 x21:0x0000e924 PA:0x80008d84
        4435000	       442	80005f44	00e25713	srli	x14,x4,0xe	  x4:0x00000093 x14=0x00000000
        4445000	       443	80005f48	01a607b3	add	x15,x12,x26	 x12:0xffffff3d x26:0xffffffe7 x15=0xffffff24
        4455000	       444	80005f4c	41878233	sub	x4,x15,x24	 x15:0xffffff24 x24:0xfffff881  x4=0x000006a3
        4465000	       445	80005f50	00010223	sb	x0,4(x2)	  x2:0x80008d85  x0:0x00000000 PA:0x80008d89
        4475000	       446	80005f54	00a10483	lb	x9,10(x2)	  x2:0x80008d85  x9=0xfffffff3 PA:0x80008d8f
        4485000	       447	80005f58	01a471b3	and	x3,x8,x26	  x8:0xffffffb3 x26:0xffffffe7  x3=0xffffffa3
        4495000	       448	80005f5c	ffa14a83	lbu	x21,-6(x2)	  x2:0x80008d85 x21=0x00000078 PA:0x80008d7f
        4505000	       449	80005f60	fe611ea3	sh	x6,-3(x2)	  x2:0x80008d85  x6:0x00013e58 PA:0x80008d82
        4515000	       450	80005f64	01e10823	sb	x30,16(x2)	  x2:0x80008d85 x30:0x00000486 PA:0x80008d95
        4525000	       451	80005f68	ffc10603	lb	x12,-4(x2)	  x2:0x80008d85 x12=0xffffffb3 PA:0x80008d81
        4535000	       452	80005f6c	4464c037	lui	x0,0x4464c	
        4545000	       453	80005f70	00d15f03	lhu	x30,13(x2)	  x2:0x80008d85 x30=0x00009e6e PA:0x80008d92
        4555000	       454	80005f74	00414d83	lbu	x27,4(x2)	  x2:0x80008d85 x27=0x00000000 PA:0x80008d89
        4565000	       455	80005f78	00310003	lb	x0,3(x2)	  x2:0x80008d85 PA:0x80008d88
        4575000	       456	80005f7c	01f51093	slli	x1,x10,0x1f	 x10:0x00000054  x1=0x00000000
        4585000	       457	80005f80	ff010803	lb	x16,-16(x2)	  x2:0x80008d85 x16=0xffffff8d PA:0x80008d75
        4595000	       458	80005f84	ffa14803	lbu	x16,-6(x2)	  x2:0x80008d85 x16=0x00000078 PA:0x80008d7f
        4605000	       459	80005f88	00000013	addi	x0,x0,0	  x0:0x00000000
        4615000	       460	80005f8c	01c839b3	sltu	x19,x16,x28	 x16:0x00000078 x28:0x0000000d x19=0x00000000
        4625000	       461	80005f90	43396093	ori	x1,x18,1075	 x18:0x00000001  x1=0x00000433
        4635000	       462	80005f94	00bbb2b3	sltu	x5,x23,x11	 x23:0x00000003 x11:0x00000001  x5=0x00000000
        4645000	       463	80005f98	ffe10983	lb	x19,-2(x2)	  x2:0x80008d85 x19=0x0000003e PA:0x80008d83
        4655000	       464	80005f9c	009b66b3	or	x13,x22,x9	 x22:0x45546000  x9:0xfffffff3 x13=0xfffffff3
        4665000	       465	80005fa0	00e14683	lbu	x13,14(x2)	  x2:0x80008d85 x13=0x0000009e PA:0x80008d93
        4675000	       466	80005fa4	00000013	addi	x0,x0,0	  x0:0x00000000
        4685000	       467	80005fa8	00310223	sb	x3,4(x2)	  x2:0x80008d85  x3:0xffffffa3 PA:0x80008d89
        4695000	       468	80005fac	00614083	lbu	x1,6(x2)	  x2:0x80008d85  x1=0x000000ea PA:0x80008d8b
        4705000	       469	80005fb0	fe610b23	sb	x6,-10(x2)	  x2:0x80008d85  x6:0x00013e58 PA:0x80008d7b
        4715000	       470	80005fb4	00e10423	sb	x14,8(x2)	  x2:0x80008d85 x14:0x00000000 PA:0x80008d8d
        4725000	       471	80005fb8	00000013	addi	x0,x0,0	  x0:0x00000000
        4735000	       472	80005fbc	00000013	addi	x0,x0,0	  x0:0x00000000
        4745000	       473	80005fc0	d4b64293	xori	x5,x12,-693	 x12:0xffffffb3  x5=0x000002f8
        4755000	       474	80005fc4	5df14693	xori	x13,x2,1503	  x2:0x80008d85 x13=0x8000885a
        4765000	       475	80005fc8	00c8f233	and	x4,x17,x12	 x17:0x80009fc4 x12:0xffffffb3  x4=0x80009f80
        4775000	       476	80005fcc	0193ad33	slt	x26,x7,x25	  x7:0x00000775 x25:0x251c7000 x26=0x00000001
        4785000	       477	80005fd0	00542cb3	slt	x25,x8,x5	  x8:0xffffffb3  x5:0x000002f8 x25=0x00000001
        4795000	       478	80005fd4	c8706393	ori	x7,x0,-889	  x0:0x00000000  x7=0xfffffc87
        4805000	       479	80005fd8	022dea63	bltu	x27,x2,8000600c	 x27:0x00000000  x2:0x80008d85
        4815000	       480	00000000	00000013	addi	x0,x0,0	  x0:0x00000000
        4825000	       481	80006008	00000013	addi	x0,x0,0	  x0:0x00000000
        4835000	       482	8000600c	37d0b593	sltiu	x11,x1,893	  x1:0x000000ea x11=0x00000001
        4845000	       483	80006010	00000013	addi	x0,x0,0	  x0:0x00000000
        4855000	       484	80006014	037a1063	bne	x20,x23,80006034	 x20:0x80009f2c x23:0x00000003
        4865000	       485	00000000	00000013	addi	x0,x0,0	  x0:0x00000000
        4875000	       486	80006030	00000013	addi	x0,x0,0	  x0:0x00000000
        4885000	       487	80006034	01f86cb3	or	x25,x16,x31	 x16:0x00000078 x31:0xffffffc1 x25=0xfffffff9
        4895000	       488	80006038	006f03b3	add	x7,x30,x6	 x30:0x00009e6e  x6:0x00013e58  x7=0x0001dcc6
        4905000	       489	8000603c	181a0b13	addi	x22,x20,385	 x20:0x80009f2c x22=0x8000a0ad
        4915000	       490	80006040	37be4337	lui	x6,0x37be4	  x6=0x37be4000
        4925000	       491	80006044	412d82b3	sub	x5,x27,x18	 x27:0x00000000 x18:0x00000001  x5=0xffffffff
        4935000	       492	80006048	4105d0b3	sra	x1,x11,x16	 x11:0x00000001 x16:0x00000078  x1=0x00000000
        4945000	       493	8000604c	dfc7c393	xori	x7,x15,-516	 x15:0xffffff24  x7=0x000002d8
        4955000	       494	80006050	00c4d633	srl	x12,x9,x12	  x9:0xfffffff3 x12:0xffffffb3 x12=0x00001fff
        4965000	       495	80006054	018e5313	srli	x6,x28,0x18	 x28:0x0000000d  x6=0x00000000
        4975000	       496	80006058	278a6313	ori	x6,x20,632	 x20:0x80009f2c  x6=0x80009f7c
        4985000	       497	8000605c	0085b4b3	sltu	x9,x11,x8	 x11:0x00000001  x8:0xffffffb3  x9=0x00000001
        4995000	       498	80006060	01086133	or	x2,x16,x16	 x16:0x00000078 x16:0x00000078  x2=0x00000078
        5005000	       499	80006064	39d86793	ori	x15,x16,925	 x16:0x00000078 x15=0x000003fd
        5015000	       500	80006068	00e39133	sll	x2,x7,x14	  x7:0x000002d8 x14:0x00000000  x2=0x000002d8
        5025000	       501	8000606c	0052d713	srli	x14,x5,0x5	  x5:0xffffffff x14=0x07ffffff
        5035000	       502	80006070	01806833	or	x16,x0,x24	  x0:0x00000000 x24:0xfffff881 x16=0xfffff881
        5045000	       503	80006074	03d45663	bge	x8,x29,800060a0	  x8:0xffffffb3 x29:0x000063fa
        5055000	       504	80006078	01f91fb3	sll	x31,x18,x31	 x18:0x00000001 x31:0xffffffc1 x31=0x00000002
        5065000	       505	8000607c	005d1613	slli	x12,x26,0x5	 x26:0x00000001 x12=0x00000020
        5075000	       506	80006080	02805263	bge	x0,x8,800060a4	  x0:0x00000000  x8:0xffffffb3
        5085000	       507	00000000	00000013	addi	x0,x0,0	  x0:0x00000000
        5095000	       508	800060a0	00000013	addi	x0,x0,0	  x0:0x00000000
        5105000	       509	800060a4	00ecf0b3	and	x1,x25,x14	 x25:0xfffffff9 x14:0x07ffffff  x1=0x07fffff9
        5115000	       510	800060a8	7324e993	ori	x19,x9,1842	  x9:0x00000001 x19=0x00000733
        5125000	       511	800060ac	04314263	blt	x2,x3,800060f0	  x2:0x000002d8  x3:0xffffffa3
        5135000	       512	800060b0	04fe9063	bne	x29,x15,800060f0	 x29:0x000063fa x15:0x000003fd
        5145000	       513	00000000	00000013	addi	x0,x0,0	  x0:0x00000000
        5155000	       514	800060ec	00000013	addi	x0,x0,0	  x0:0x00000000
        5165000	       515	800060f0	0584e463	bltu	x9,x24,80006138	  x9:0x00000001 x24:0xfffff881
        5175000	       516	00000000	00000013	addi	x0,x0,0	  x0:0x00000000
        5185000	       517	80006134	00000013	addi	x0,x0,0	  x0:0x00000000
        5195000	       518	80006138	032b6263	bltu	x22,x18,8000615c	 x22:0x8000a0ad x18:0x00000001
        5205000	       519	8000613c	01fcd393	srli	x7,x25,0x1f	 x25:0xfffffff9  x7=0x00000001
        5215000	       520	80006140	044b9863	bne	x23,x4,80006190	 x23:0x00000003  x4:0x80009f80
        5225000	       521	00000000	00000013	addi	x0,x0,0	  x0:0x00000000
        5235000	       522	8000618c	00000013	addi	x0,x0,0	  x0:0x00000000
        5245000	       523	80006190	00f20e63	beq	x4,x15,800061ac	  x4:0x80009f80 x15:0x000003fd
        5255000	       524	80006194	3d776413	ori	x8,x14,983	 x14:0x07ffffff  x8=0x07ffffff
        5265000	       525	80006198	efa32117	auipc	x2,0xefa32	  x2=0x6fa38194
        5275000	       526	8000619c	4078d9b3	sra	x19,x17,x7	 x17:0x80009fc4  x7:0x00000001 x19=0xc0004fe2
        5285000	       527	800061a0	0550e463	bltu	x1,x21,800061e8	  x1:0x07fffff9 x21:0x00000078
        5295000	       528	800061a4	02c9c863	blt	x19,x12,800061d4	 x19:0xc0004fe2 x12:0x00000020
        5305000	       529	00000000	00000013	addi	x0,x0,0	  x0:0x00000000
        5315000	       530	800061d0	00000013	addi	x0,x0,0	  x0:0x00000000
        5325000	       531	800061d4	02d2fe63	bgeu	x5,x13,80006210	  x5:0xffffffff x13:0x8000885a
        5335000	       532	00000000	00000013	addi	x0,x0,0	  x0:0x00000000
        5345000	       533	8000620c	00000013	addi	x0,x0,0	  x0:0x00000000
        5355000	       534	80006210	02bf0063	beq	x30,x11,80006230	 x30:0x00009e6e x11:0x00000001
        5365000	       535	80006214	007ad093	srli	x1,x21,0x7	 x21:0x00000078  x1=0x00000000
        5375000	       536	80006218	0a30c917	auipc	x18,0xa30c	 x18=0x8a312214
        5385000	       537	8000621c	012dea63	bltu	x27,x18,80006230	 x27:0x00000000 x18:0x8a312214
        5395000	       538	00000000	00000013	addi	x0,x0,0	  x0:0x00000000
        5405000	       539	8000622c	00000013	addi	x0,x0,0	  x0:0x00000000
        5415000	       540	80006230	00c11393	slli	x7,x2,0xc	  x2:0x6fa38194  x7=0x38194000
        5425000	       541	80006234	02234c63	blt	x6,x2,8000626c	  x6:0x80009f7c  x2:0x6fa38194
        5435000	       542	00000000	00000013	addi	x0,x0,0	  x0:0x00000000
        5445000	       543	80006268	00000013	addi	x0,x0,0	  x0:0x00000000
        5455000	       544	8000626c	01ba6833	or	x16,x20,x27	 x20:0x80009f2c x27:0x00000000 x16=0x80009f2c
        5465000	       545	80006270	017e8bb3	add	x23,x29,x23	 x29:0x000063fa x23:0x00000003 x23=0x000063fd
        5475000	       546	80006274	41a25d93	srai	x27,x4,0x1a	  x4:0x80009f80 x27=0xffffffe0
        5485000	       547	80006278	002fa9b3	slt	x19,x31,x2	 x31:0x00000002  x2:0x6fa38194 x19=0x00000001
        5495000	       548	8000627c	018d4fb3	xor	x31,x26,x24	 x26:0x00000001 x24:0xfffff881 x31=0xfffff880
        5505000	       549	80006280	018af733	and	x14,x21,x24	 x21:0x00000078 x24:0xfffff881 x14=0x00000000
        5515000	       550	80006284	0027b733	sltu	x14,x15,x2	 x15:0x000003fd  x2:0x6fa38194 x14=0x00000001
        5525000	       551	80006288	037aa293	slti	x5,x21,55	 x21:0x00000078  x5=0x00000000
        5535000	       552	8000628c	e213ed93	ori	x27,x7,-479	  x7:0x38194000 x27=0xfffffe21
        5545000	       553	80006290	ab94f213	andi	x4,x9,-1351	  x9:0x00000001  x4=0x00000001
        5555000	       554	80006294	01e9c933	xor	x18,x19,x30	 x19:0x00000001 x30:0x00009e6e x18=0x00009e6f
        5565000	       555	80006298	131fbc93	sltiu	x25,x31,305	 x31:0xfffff880 x25=0x00000000
        5575000	       556	8000629c	0059dc93	srli	x25,x19,0x5	 x19:0x00000001 x25=0x00000000
        5585000	       557	800062a0	40b95e93	srai	x29,x18,0xb	 x18:0x00009e6f x29=0x00000013
        5595000	       558	800062a4	40a45193	srai	x3,x8,0xa	  x8:0x07ffffff  x3=0x0001ffff
        5605000	       559	800062a8	011a21b3	slt	x3,x20,x17	 x20:0x80009f2c x17:0x80009fc4  x3=0x00000001
        5615000	       560	800062ac	003a0a63	beq	x20,x3,800062c0	 x20:0x80009f2c  x3:0x00000001
        5625000	       561	800062b0	00000013	addi	x0,x0,0	  x0:0x00000000
        5635000	       562	800062b4	73a3a393	slti	x7,x7,1850	  x7:0x38194000  x7=0x00000000
        5645000	       563	800062b8	0001d863	bge	x3,x0,800062c8	  x3:0x00000001  x0:0x00000000
        5655000	       564	00000000	00000013	addi	x0,x0,0	  x0:0x00000000
        5665000	       565	800062c4	00000013	addi	x0,x0,0	  x0:0x00000000
        5675000	       566	800062c8	0083a233	slt	x4,x7,x8	  x7:0x00000000  x8:0x07ffffff  x4=0x00000001
        5685000	       567	800062cc	419c5733	sra	x14,x24,x25	 x24:0xfffff881 x25:0x00000000 x14=0xfffff881
        5695000	       568	800062d0	0080e9b3	or	x19,x1,x8	  x1:0x00000000  x8:0x07ffffff x19=0x07ffffff
        5705000	       569	800062d4	001e1b33	sll	x22,x28,x1	 x28:0x0000000d  x1:0x00000000 x22=0x0000000d
        5715000	       570	800062d8	00fa7533	and	x10,x20,x15	 x20:0x80009f2c x15:0x000003fd x10=0x0000032c
        5725000	       571	800062dc	11f94863	blt	x18,x31,800063ec	 x18:0x00009e6f x31:0xfffff880
        5735000	       572	800062e0	101be863	bltu	x23,x1,800063f0	 x23:0x000063fd  x1:0x00000000
        5745000	       573	800062e4	001f20b3	slt	x1,x30,x1	 x30:0x00009e6e  x1:0x00000000  x1=0x00000000
        5755000	       574	800062e8	00eb2333	slt	x6,x22,x14	 x22:0x0000000d x14:0xfffff881  x6=0x00000000
        5765000	       575	800062ec	001d4333	xor	x6,x26,x1	 x26:0x00000001  x1:0x00000000  x6=0x00000001
        5775000	       576	800062f0	0192eb33	or	x22,x5,x25	  x5:0x00000000 x25:0x00000000 x22=0x00000000
        5785000	       577	800062f4	01659db3	sll	x27,x11,x22	 x11:0x00000001 x22:0x00000000 x27=0x00000001
        5795000	       578	800062f8	38140c37	lui	x24,0x38140	 x24=0x38140000
        5805000	       579	800062fc	007b1113	slli	x2,x22,0x7	 x22:0x00000000  x2=0x00000000
        5815000	       580	80006300	0f2a56b7	lui	x13,0xf2a5	 x13=0x0f2a5000
        5825000	       581	80006304	88d18293	addi	x5,x3,-1907	  x3:0x00000001  x5=0xfffff88e
        5835000	       582	80006308	00002117	auipc	x2,0x2	  x2=0x80008304
        5845000	       583	8000630c	04c10113	addi	x2,x2,76	  x2:0x80008304  x2=0x80008350
        5855000	       584	80006310	00000013	addi	x0,x0,0	  x0:0x00000000
        5865000	       585	80006314	f1a10283	lb	x5,-230(x2)	  x2:0x80008350  x5=0xffffff9d PA:0x8000826a
        5875000	       586	80006318	fca15703	lhu	x14,-54(x2)	  x2:0x80008350 x14=0x00005bdd PA:0x8000831a
        5885000	       587	8000631c	01e34533	xor	x10,x6,x30	  x6:0x00000001 x30:0x00009e6e x10=0x00009e6f
        5895000	       588	80006320	01cd87b3	add	x15,x27,x28	 x27:0x00000001 x28:0x0000000d x15=0x0000000e
        5905000	       589	80006324	f2114e83	lbu	x29,-223(x2)	  x2:0x80008350 x29=0x00000015 PA:0x80008271
        5915000	       590	80006328	f8f10f23	sb	x15,-98(x2)	  x2:0x80008350 x15:0x0000000e PA:0x800082ee
        5925000	       591	8000632c	0023d393	srli	x7,x7,0x2	  x7:0x00000000  x7=0x00000000
        5935000	       592	80006330	f8e10d83	lb	x27,-114(x2)	  x2:0x80008350 x27=0x0000003d PA:0x800082de
        5945000	       593	80006334	41275493	srai	x9,x14,0x12	 x14:0x00005bdd  x9=0x00000000
        5955000	       594	80006338	00000013	addi	x0,x0,0	  x0:0x00000000
        5965000	       595	8000633c	414bd793	srai	x15,x23,0x14	 x23:0x000063fd x15=0x00000000
        5975000	       596	80006340	04d10c83	lb	x25,77(x2)	  x2:0x80008350 x25=0x00000010 PA:0x8000839d
        5985000	       597	80006344	f7811f23	sh	x24,-130(x2)	  x2:0x80008350 x24:0x38140000 PA:0x800082ce
        5995000	       598	80006348	f9a10483	lb	x9,-102(x2)	  x2:0x80008350  x9=0xffffffa6 PA:0x800082ea
        6005000	       599	00000000	00000013	addi	x0,x0,0	  x0:0x00000000
        6015000	       600	8000634c	06914403	lbu	x8,105(x2)	  x2:0x80008350  x8=0x0000003a PA:0x800083b9
        6025000	       601	80006350	00000013	addi	x0,x0,0	  x0:0x00000000
        6035000	       602	80006354	f15108a3	sb	x21,-239(x2)	  x2:0x80008350 x21:0x00000078 PA:0x80008261
        6045000	       603	80006358	0086f6b3	and	x13,x13,x8	 x13:0x0f2a5000  x8:0x0000003a x13=0x00000000
        6055000	       604	8000635c	37870b13	addi	x22,x14,888	 x14:0x00005bdd x22=0x00005f55
        6065000	       605	80006360	0c215a83	lhu	x21,194(x2)	  x2:0x80008350 x21=0x00007299 PA:0x80008412
        6075000	       606	80006364	0b416493	ori	x9,x2,180	  x2:0x80008350  x9=0x800083f4
        6085000	       607	80006368	05410aa3	sb	x20,85(x2)	  x2:0x80008350 x20:0x80009f2c PA:0x800083a5
        6095000	       608	8000636c	019c2c33	slt	x24,x24,x25	 x24:0x38140000 x25:0x00000010 x24=0x00000000
        6105000	       609	80006370	fe914203	lbu	x4,-23(x2)	  x2:0x80008350  x4=0x000000f7 PA:0x80008339
        6115000	       610	80006374	0cc10623	sb	x12,204(x2)	  x2:0x80008350 x12:0x00000020 PA:0x8000841c
        6125000	       611	80006378	0fc104a3	sb	x28,233(x2)	  x2:0x80008350 x28:0x0000000d PA:0x80008439
        6135000	       612	8000637c	01510d03	lb	x26,21(x2)	  x2:0x80008350 x26=0x00000052 PA:0x80008365
        6145000	       613	80006380	013ba033	slt	x0,x23,x19	 x23:0x000063fd x19:0x07ffffff
        6155000	       614	80006384	f5a10ba3	sb	x26,-169(x2)	  x2:0x80008350 x26:0x00000052 PA:0x800082a7
        6165000	       615	80006388	fdd14b03	lbu	x22,-35(x2)	  x2:0x80008350 x22=0x00000096 PA:0x8000832d
        6175000	       616	8000638c	40d00fb3	sub	x31,x0,x13	  x0:0x00000000 x13:0x00000000 x31=0x00000000
        6185000	       617	80006390	0d714903	lbu	x18,215(x2)	  x2:0x80008350 x18=0x0000007b PA:0x80008427
        6195000	       618	80006394	06a10fa3	sb	x10,127(x2)	  x2:0x80008350 x10:0x00009e6f PA:0x800083cf
        6205000	       619	80006398	fed104a3	sb	x13,-23(x2)	  x2:0x80008350 x13:0x00000000 PA:0x80008339
        6215000	       620	8000639c	f9610183	lb	x3,-106(x2)	  x2:0x80008350  x3=0xffffffcf PA:0x800082e6
        6225000	       621	800063a0	002f5b33	srl	x22,x30,x2	 x30:0x00009e6e  x2:0x80008350 x22=0x00000000
        6235000	       622	800063a4	005102a3	sb	x5,5(x2)	  x2:0x80008350  x5:0xffffff9d PA:0x80008355
        6245000	       623	800063a8	00c79813	slli	x16,x15,0xc	 x15:0x00000000 x16=0x00000000
        6255000	       624	800063ac	01712823	sw	x23,16(x2)	  x2:0x80008350 x23:0x000063fd PA:0x80008360
        6265000	       625	800063b0	02d14283	lbu	x5,45(x2)	  x2:0x80008350  x5=0x000000a3 PA:0x8000837d
        6275000	       626	800063b4	0a810ba3	sb	x8,183(x2)	  x2:0x80008350  x8:0x0000003a PA:0x80008407
        6285000	       627	800063b8	411f5033	sra	x0,x30,x17	 x30:0x00009e6e x17:0x80009fc4
        6295000	       628	800063bc	1630af13	slti	x30,x1,355	  x1:0x00000000 x30=0x00000001
        6305000	       629	800063c0	41765f33	sra	x30,x12,x23	 x12:0x00000020 x23:0x000063fd x30=0x00000000
        6315000	       630	800063c4	fdb14b83	lbu	x23,-37(x2)	  x2:0x80008350 x23=0x00000048 PA:0x8000832b
        6325000	       631	800063c8	dd152713	slti	x14,x10,-559	 x10:0x00009e6f x14=0x00000000
        6335000	       632	800063cc	044103a3	sb	x4,71(x2)	  x2:0x80008350  x4:0x000000f7 PA:0x80008397
        6345000	       633	800063d0	003c5d33	srl	x26,x24,x3	 x24:0x00000000  x3:0xffffffcf x26=0x00000000
        6355000	       634	800063d4	4dfaac97	auipc	x25,0x4dfaa	 x25=0xcdfb03d0
        6365000	       635	800063d8	00164433	xor	x8,x12,x1	 x12:0x00000020  x1:0x00000000  x8=0x00000020
        6375000	       636	800063dc	00a04c33	xor	x24,x0,x10	  x0:0x00000000 x10:0x00009e6f x24=0x00009e6f
        6385000	       637	800063e0	00fcb5b3	sltu	x11,x25,x15	 x25:0xcdfb03d0 x15:0x00000000 x11=0x00000000
        6395000	       638	800063e4	00000013	addi	x0,x0,0	  x0:0x00000000
        6405000	       639	800063e8	008c0c33	add	x24,x24,x8	 x24:0x00009e6f  x8:0x00000020 x24=0x00009e8f
        6415000	       640	800063ec	00cf06b3	add	x13,x30,x12	 x30:0x00000000 x12:0x00000020 x13=0x00000020
        6425000	       641	800063f0	013c6fb3	or	x31,x24,x19	 x24:0x00009e8f x19:0x07ffffff x31=0x07ffffff
        6435000	       642	800063f4	1ba84397	auipc	x7,0x1ba84	  x7=0x9ba8a3f0
        6445000	       643	800063f8	01a9dfb3	srl	x31,x19,x26	 x19:0x07ffffff x26:0x00000000 x31=0x07ffffff
        6455000	       644	800063fc	03df2293	slti	x5,x30,61	 x30:0x00000000  x5=0x00000001
        6465000	       645	80006400	cf3eceb7	lui	x29,0xcf3ec	 x29=0xcf3ec000
        6475000	       646	80006404	205fcb13	xori	x22,x31,517	 x31:0x07ffffff x22=0x07fffdfa
        6485000	       647	80006408	0106a933	slt	x18,x13,x16	 x13:0x00000020 x16:0x00000000 x18=0x00000000
        6495000	       648	8000640c	de21e493	ori	x9,x3,-542	  x3:0xffffffcf  x9=0xffffffef
        6505000	       649	80006410	020e9063	bne	x29,x0,80006430	 x29:0xcf3ec000  x0:0x00000000
        6515000	       650	00000000	00000013	addi	x0,x0,0	  x0:0x00000000
        6525000	       651	8000642c	00000013	addi	x0,x0,0	  x0:0x00000000
        6535000	       652	80006430	01a5a633	slt	x12,x11,x26	 x11:0x00000000 x26:0x00000000 x12=0x00000000
        6545000	       653	80006434	03a69a63	bne	x13,x26,80006468	 x13:0x00000020 x26:0x00000000
        6555000	       654	00000000	00000013	addi	x0,x0,0	  x0:0x00000000
        6565000	       655	80006464	00000013	addi	x0,x0,0	  x0:0x00000000
        6575000	       656	80006468	00127bb3	and	x23,x4,x1	  x4:0x000000f7  x1:0x00000000 x23=0x00000000
        6585000	       657	8000646c	00b9c833	xor	x16,x19,x11	 x19:0x07ffffff x11:0x00000000 x16=0x07ffffff
        6595000	       658	80006470	016f0c33	add	x24,x30,x22	 x30:0x00000000 x22:0x07fffdfa x24=0x07fffdfa
        6605000	       659	80006474	b71c7513	andi	x10,x24,-1167	 x24:0x07fffdfa x10=0x07fff970
        6615000	       660	80006478	027ffe63	bgeu	x31,x7,800064b4	 x31:0x07ffffff  x7:0x9ba8a3f0
        6625000	       661	8000647c	011f4a63	blt	x30,x17,80006490	 x30:0x00000000 x17:0x80009fc4
        6635000	       662	80006480	f809f013	andi	x0,x19,-128	 x19:0x07ffffff
        6645000	       663	80006484	8f140013	addi	x0,x8,-1807	  x8:0x00000020
        6655000	       664	80006488	41b15233	sra	x4,x2,x27	  x2:0x80008350 x27:0x0000003d  x4=0xfffffffc
        6665000	       665	8000648c	1c1c7213	andi	x4,x24,449	 x24:0x07fffdfa  x4=0x000001c0
        6675000	       666	80006490	00528933	add	x18,x5,x5	  x5:0x00000001  x5:0x00000001 x18=0x00000002
        6685000	       667	80006494	00e4fc63	bgeu	x9,x14,800064ac	  x9:0xffffffef x14:0x00000000
        6695000	       668	00000000	00000013	addi	x0,x0,0	  x0:0x00000000
        6705000	       669	800064a8	00000013	addi	x0,x0,0	  x0:0x00000000
        6715000	       670	800064ac	00c551b3	srl	x3,x10,x12	 x10:0x07fff970 x12:0x00000000  x3=0x07fff970
        6725000	       671	800064b0	01fc7133	and	x2,x24,x31	 x24:0x07fffdfa x31:0x07ffffff  x2=0x07fffdfa
        6735000	       672	800064b4	e097a493	slti	x9,x15,-503	 x15:0x00000000  x9=0x00000000
        6745000	       673	800064b8	0548c863	blt	x17,x20,80006508	 x17:0x80009fc4 x20:0x80009f2c
        6755000	       674	800064bc	00479133	sll	x2,x15,x4	 x15:0x00000000  x4:0x000001c0  x2=0x00000000
        6765000	       675	800064c0	03729663	bne	x5,x23,800064ec	  x5:0x00000001 x23:0x00000000
        6775000	       676	00000000	00000013	addi	x0,x0,0	  x0:0x00000000
        6785000	       677	800064e8	00000013	addi	x0,x0,0	  x0:0x00000000
        6795000	       678	800064ec	4046dcb3	sra	x25,x13,x4	 x13:0x00000020  x4:0x000001c0 x25=0x00000020
        6805000	       679	800064f0	8f10b813	sltiu	x16,x1,-1807	  x1:0x00000000 x16=0x00000001
        6815000	       680	800064f4	d5dce693	ori	x13,x25,-675	 x25:0x00000020 x13=0xfffffd7d
        6825000	       681	800064f8	00000013	addi	x0,x0,0	  x0:0x00000000
        6835000	       682	800064fc	0064d5b3	srl	x11,x9,x6	  x9:0x00000000  x6:0x00000001 x11=0x00000000
        6845000	       683	80006500	01326863	bltu	x4,x19,80006510	  x4:0x000001c0 x19:0x07ffffff
        6855000	       684	00000000	00000013	addi	x0,x0,0	  x0:0x00000000
        6865000	       685	8000650c	00000013	addi	x0,x0,0	  x0:0x00000000
        6875000	       686	80006510	be5c8f93	addi	x31,x25,-1051	 x25:0x00000020 x31=0xfffffc05
        6885000	       687	80006514	03f27863	bgeu	x4,x31,80006544	  x4:0x000001c0 x31:0xfffffc05
        6895000	       688	80006518	5ba41817	auipc	x16,0x5ba41	 x16=0xdba47514
        6905000	       689	8000651c	00023633	sltu	x12,x4,x0	  x4:0x000001c0  x0:0x00000000 x12=0x00000000
        6915000	       690	80006520	00aa6733	or	x14,x20,x10	 x20:0x80009f2c x10:0x07fff970 x14=0x87ffff7c
        6925000	       691	80006524	41795f93	srai	x31,x18,0x17	 x18:0x00000002 x31=0x00000000
        6935000	       692	80006528	01acfab3	and	x21,x25,x26	 x25:0x00000020 x26:0x00000000 x21=0x00000000
        6945000	       693	8000652c	67562513	slti	x10,x12,1653	 x12:0x00000000 x10=0x00000001
        6955000	       694	80006530	05949063	bne	x9,x25,80006570	  x9:0x00000000 x25:0x00000020
        6965000	       695	00000000	00000013	addi	x0,x0,0	  x0:0x00000000
        6975000	       696	8000656c	00000013	addi	x0,x0,0	  x0:0x00000000
        6985000	       697	80006570	00d1f5b3	and	x11,x3,x13	  x3:0x07fff970 x13:0xfffffd7d x11=0x07fff970
        6995000	       698	80006574	0168f133	and	x2,x17,x22	 x17:0x80009fc4 x22:0x07fffdfa  x2=0x00009dc0
        7005000	       699	80006578	01e57533	and	x10,x10,x30	 x10:0x00000001 x30:0x00000000 x10=0x00000000
        7015000	       700	8000657c	410e8eb3	sub	x29,x29,x16	 x29:0xcf3ec000 x16:0xdba47514 x29=0xf39a4aec
        7025000	       701	80006580	a37c3513	sltiu	x10,x24,-1481	 x24:0x07fffdfa x10=0x00000001
        7035000	       702	80006584	01636263	bltu	x6,x22,80006588	  x6:0x00000001 x22:0x07fffdfa
        7045000	       703	00000000	00000013	addi	x0,x0,0	  x0:0x00000000
        7055000	       704	80006584	00000013	addi	x0,x0,0	  x0:0x00000000
        7065000	       705	80006588	a9392f93	slti	x31,x18,-1389	 x18:0x00000002 x31=0x00000000
        7075000	       706	8000658c	01354733	xor	x14,x10,x19	 x10:0x00000001 x19:0x07ffffff x14=0x07fffffe
        7085000	       707	80006590	20143393	sltiu	x7,x8,513	  x8:0x00000020  x7=0x00000001
        7095000	       708	80006594	14c0d817	auipc	x16,0x14c0d	 x16=0x94c13590
        7105000	       709	80006598	02a16e63	bltu	x2,x10,800065d4	  x2:0x00009dc0 x10:0x00000001
        7115000	       710	8000659c	00fe10b3	sll	x1,x28,x15	 x28:0x0000000d x15:0x00000000  x1=0x0000000d
        7125000	       711	800065a0	01691463	bne	x18,x22,800065a8	 x18:0x00000002 x22:0x07fffdfa
        7135000	       712	00000000	00000013	addi	x0,x0,0	  x0:0x00000000
        7145000	       713	800065a4	00000013	addi	x0,x0,0	  x0:0x00000000
        7155000	       714	800065a8	0191fe63	bgeu	x3,x25,800065c4	  x3:0x07fff970 x25:0x00000020
        7165000	       715	00000000	00000013	addi	x0,x0,0	  x0:0x00000000
        7175000	       716	800065c0	00000013	addi	x0,x0,0	  x0:0x00000000
        7185000	       717	800065c4	00000013	addi	x0,x0,0	  x0:0x00000000
        7195000	       718	800065c8	03587263	bgeu	x16,x21,800065ec	 x16:0x94c13590 x21:0x00000000
        7205000	       719	00000000	00000013	addi	x0,x0,0	  x0:0x00000000
        7215000	       720	800065e8	00000013	addi	x0,x0,0	  x0:0x00000000
        7225000	       721	800065ec	0043e533	or	x10,x7,x4	  x7:0x00000001  x4:0x000001c0 x10=0x000001c1
        7235000	       722	800065f0	03650e63	beq	x10,x22,8000662c	 x10:0x000001c1 x22:0x07fffdfa
        7245000	       723	800065f4	41b70eb3	sub	x29,x14,x27	 x14:0x07fffffe x27:0x0000003d x29=0x07ffffc1
        7255000	       724	800065f8	401cd913	srai	x18,x25,0x1	 x25:0x00000020 x18=0x00000010
        7265000	       725	800065fc	00000013	addi	x0,x0,0	  x0:0x00000000
        7275000	       726	80006600	a13d4f13	xori	x30,x26,-1517	 x26:0x00000000 x30=0xfffffa13
        7285000	       727	80006604	040b8863	beq	x23,x0,80006654	 x23:0x00000000  x0:0x00000000
        7295000	       728	00000000	00000013	addi	x0,x0,0	  x0:0x00000000
        7305000	       729	80006650	00000013	addi	x0,x0,0	  x0:0x00000000
        7315000	       730	80006654	0164fc63	bgeu	x9,x22,8000666c	  x9:0x00000000 x22:0x07fffdfa
        7325000	       731	80006658	0143fb33	and	x22,x7,x20	  x7:0x00000001 x20:0x80009f2c x22=0x00000000
        7335000	       732	8000665c	43a5fb93	andi	x23,x11,1082	 x11:0x07fff970 x23=0x00000030
        7345000	       733	80006660	02786a63	bltu	x16,x7,80006694	 x16:0x94c13590  x7:0x00000001
        7355000	       734	80006664	0544d263	bge	x9,x20,800066a8	  x9:0x00000000 x20:0x80009f2c
        7365000	       735	00000000	00000013	addi	x0,x0,0	  x0:0x00000000
        7375000	       736	800066a4	00000013	addi	x0,x0,0	  x0:0x00000000
        7385000	       737	800066a8	015e8e93	addi	x29,x29,21	 x29:0x07ffffc1 x29=0x07ffffd6
        7395000	       738	800066ac	01111f33	sll	x30,x2,x17	  x2:0x00009dc0 x17:0x80009fc4 x30=0x0009dc00
        7405000	       739	800066b0	8934c717	auipc	x14,0x8934c	 x14=0x093526ac
        7415000	       740	800066b4	00000013	addi	x0,x0,0	  x0:0x00000000
        7425000	       741	800066b8	007abdb3	sltu	x27,x21,x7	 x21:0x00000000  x7:0x00000001 x27=0x00000001
        7435000	       742	800066bc	41008333	sub	x6,x1,x16	  x1:0x0000000d x16:0x94c13590  x6=0x6b3eca7d
        7445000	       743	800066c0	01840233	add	x4,x8,x24	  x8:0x00000020 x24:0x07fffdfa  x4=0x07fffe1a
        7455000	       744	800066c4	00263833	sltu	x16,x12,x2	 x12:0x00000000  x2:0x00009dc0 x16=0x00000001
        7465000	       745	800066c8	ffb48237	lui	x4,0xffb48	  x4=0xffb48000
        7475000	       746	800066cc	6bd4c393	xori	x7,x9,1725	  x9:0x00000000  x7=0x000006bd
        7485000	       747	800066d0	409adfb3	sra	x31,x21,x9	 x21:0x00000000  x9:0x00000000 x31=0x00000000
        7495000	       748	800066d4	a2826917	auipc	x18,0xa2826	 x18=0x2282c6d0
        7505000	       749	800066d8	00669293	slli	x5,x13,0x6	 x13:0xfffffd7d  x5=0xffff5f40
        7515000	       750	800066dc	00c01513	slli	x10,x0,0xc	  x0:0x00000000 x10=0x00000000
        7525000	       751	800066e0	005e7eb3	and	x29,x28,x5	 x28:0x0000000d  x5:0xffff5f40 x29=0x00000000
        7535000	       752	800066e4	033a0863	beq	x20,x19,80006714	 x20:0x80009f2c x19:0x07ffffff
        7545000	       753	800066e8	b6554613	xori	x12,x10,-1179	 x10:0x00000000 x12=0xfffffb65
        7555000	       754	800066ec	01a3d793	srli	x15,x7,0x1a	  x7:0x000006bd x15=0x00000000
        7565000	       755	800066f0	41f607b3	sub	x15,x12,x31	 x12:0xfffffb65 x31:0x00000000 x15=0xfffffb65
        7575000	       756	800066f4	4bd3e413	ori	x8,x7,1213	  x7:0x000006bd  x8=0x000006bd
        7585000	       757	800066f8	d7293313	sltiu	x6,x18,-654	 x18:0x2282c6d0  x6=0x00000001
        7595000	       758	800066fc	01828733	add	x14,x5,x24	  x5:0xffff5f40 x24:0x07fffdfa x14=0x07ff5d3a
        7605000	       759	80006700	00c595b3	sll	x11,x11,x12	 x11:0x07fff970 x12:0xfffffb65 x11=0xffff2e00
        7615000	       760	80006704	00000013	addi	x0,x0,0	  x0:0x00000000
        7625000	       761	80006708	00034b33	xor	x22,x6,x0	  x6:0x00000001  x0:0x00000000 x22=0x00000001
        7635000	       762	8000670c	a83221b7	lui	x3,0xa8322	  x3=0xa8322000
        7645000	       763	80006710	0348ec63	bltu	x17,x20,80006748	 x17:0x80009fc4 x20:0x80009f2c
        7655000	       764	80006714	01189f13	slli	x30,x17,0x11	 x17:0x80009fc4 x30=0x3f880000
        7665000	       765	80006718	01918433	add	x8,x3,x25	  x3:0xa8322000 x25:0x00000020  x8=0xa8322020
        7675000	       766	8000671c	1202f313	andi	x6,x5,288	  x5:0xffff5f40  x6=0x00000100
        7685000	       767	80006720	1e252e93	slti	x29,x10,482	 x10:0x00000000 x29=0x00000001
        7695000	       768	80006724	0138f133	and	x2,x17,x19	 x17:0x80009fc4 x19:0x07ffffff  x2=0x00009fc4
        7705000	       769	80006728	0559e463	bltu	x19,x21,80006770	 x19:0x07ffffff x21:0x00000000
        7715000	       770	8000672c	09da2493	slti	x9,x20,157	 x20:0x80009f2c  x9=0x00000001
        7725000	       771	80006730	019b1eb3	sll	x29,x22,x25	 x22:0x00000001 x25:0x00000020 x29=0x00000001
        7735000	       772	80006734	ef446f13	ori	x30,x8,-268	  x8:0xa8322020 x30=0xfffffef4
        7745000	       773	80006738	01629113	slli	x2,x5,0x16	  x5:0xffff5f40  x2=0xd0000000
        7755000	       774	8000673c	40b1d193	srai	x3,x3,0xb	  x3:0xa8322000  x3=0xfff50644
        7765000	       775	80006740	0190d0b3	srl	x1,x1,x25	  x1:0x0000000d x25:0x00000020  x1=0x0000000d
        7775000	       776	80006744	03d55a63	bge	x10,x29,80006778	 x10:0x00000000 x29:0x00000001
        7785000	       777	80006748	01c36cb3	or	x25,x6,x28	  x6:0x00000100 x28:0x0000000d x25=0x0000010d
        7795000	       778	8000674c	c0cb0813	addi	x16,x22,-1012	 x22:0x00000001 x16=0xfffffc0d
        7805000	       779	80006750	04279263	bne	x15,x2,80006794	 x15:0xfffffb65  x2:0xd0000000
        7815000	       780	00000000	00000013	addi	x0,x0,0	  x0:0x00000000
        7825000	       781	80006790	00000013	addi	x0,x0,0	  x0:0x00000000
        7835000	       782	80006794	00dc9033	sll	x0,x25,x13	 x25:0x0000010d x13:0xfffffd7d
        7845000	       783	80006798	be1ac693	xori	x13,x21,-1055	 x21:0x00000000 x13=0xfffffbe1
        7855000	       784	8000679c	6a356613	ori	x12,x10,1699	 x10:0x00000000 x12=0x000006a3
        7865000	       785	800067a0	f3d76b93	ori	x23,x14,-195	 x14:0x07ff5d3a x23=0xffffff3f
        7875000	       786	800067a4	02f45063	bge	x8,x15,800067c4	  x8:0xa8322020 x15:0xfffffb65
        7885000	       787	800067a8	01931ab3	sll	x21,x6,x25	  x6:0x00000100 x25:0x0000010d x21=0x00200000
        7895000	       788	800067ac	025de263	bltu	x27,x5,800067d0	 x27:0x00000001  x5:0xffff5f40
        7905000	       789	00000000	00000013	addi	x0,x0,0	  x0:0x00000000
        7915000	       790	800067cc	00000013	addi	x0,x0,0	  x0:0x00000000
        7925000	       791	800067d0	014f57b3	srl	x15,x30,x20	 x30:0xfffffef4 x20:0x80009f2c x15=0x000fffff
        7935000	       792	800067d4	605dcd17	auipc	x26,0x605dc	 x26=0xe05e27d0
        7945000	       793	800067d8	8505b913	sltiu	x18,x11,-1968	 x11:0xffff2e00 x18=0x00000001
        7955000	       794	800067dc	0037d133	srl	x2,x15,x3	 x15:0x000fffff  x3:0xfff50644  x2=0x0000ffff
        7965000	       795	800067e0	2f571eb7	lui	x29,0x2f571	 x29=0x2f571000
        7975000	       796	800067e4	06758063	beq	x11,x7,80006844	 x11:0xffff2e00  x7:0x000006bd
        7985000	       797	800067e8	02c0cc93	xori	x25,x1,44	  x1:0x0000000d x25=0x00000021
        7995000	       798	800067ec	9e5eea93	ori	x21,x29,-1563	 x29:0x2f571000 x21=0xfffff9e5
        8005000	       799	800067f0	012153b3	srl	x7,x2,x18	  x2:0x0000ffff x18:0x00000001  x7=0x00007fff
        8015000	       800	800067f4	b254eb93	ori	x23,x9,-1243	  x9:0x00000001 x23=0xfffffb25
        8025000	       801	800067f8	003431b3	sltu	x3,x8,x3	  x8:0xa8322020  x3:0xfff50644  x3=0x00000001
        8035000	       802	800067fc	00c6d393	srli	x7,x13,0xc	 x13:0xfffffbe1  x7=0x000fffff
        8045000	       803	80006800	4199d613	srai	x12,x19,0x19	 x19:0x07ffffff x12=0x00000003
        8055000	       804	80006804	416c03b3	sub	x7,x24,x22	 x24:0x07fffdfa x22:0x00000001  x7=0x07fffdf9
        8065000	       805	80006808	01911b13	slli	x22,x2,0x19	  x2:0x0000ffff x22=0xfe000000
        8075000	       806	8000680c	01674433	xor	x8,x14,x22	 x14:0x07ff5d3a x22:0xfe000000  x8=0xf9ff5d3a
        8085000	       807	80006810	01473fb3	sltu	x31,x14,x20	 x14:0x07ff5d3a x20:0x80009f2c x31=0x00000001
        8095000	       808	80006814	014eceb3	xor	x29,x29,x20	 x29:0x2f571000 x20:0x80009f2c x29=0xaf578f2c
        8105000	       809	80006818	8b02b513	sltiu	x10,x5,-1872	  x5:0xffff5f40 x10=0x00000001
        8115000	       810	8000681c	412c5593	srai	x11,x24,0x12	 x24:0x07fffdfa x11=0x000001ff
        8125000	       811	80006820	00000013	addi	x0,x0,0	  x0:0x00000000
        8135000	       812	80006824	ffffd097	auipc	x1,0xffffd	  x1=0x80003820
        8145000	       813	80006828	e6008093	addi	x1,x1,-416	  x1:0x80003820  x1=0x80003680
        8155000	       814	8000682c	002a74b3	and	x9,x20,x2	 x20:0x80009f2c  x2:0x0000ffff  x9=0x00009f2c
        8165000	       815	80006830	ff308093	addi	x1,x1,-13	  x1:0x80003680  x1=0x80003673
        8175000	       816	80006834	688d0293	addi	x5,x26,1672	 x26:0xe05e27d0  x5=0xe05e2e58
        8185000	       817	80006838	009b1f13	slli	x30,x22,0x9	 x22:0xfe000000 x30=0x00000000
        8195000	       818	8000683c	7626e693	ori	x13,x13,1890	 x13:0xfffffbe1 x13=0xffffffe3
        8205000	       819	80006840	00e089e7	jalr	x19,x1,14	  x1:0x80003673 x19=0x80006840
        8215000	       820	00000000	00000013	addi	x0,x0,0	  x0:0x00000000
        8225000	       821	80003680	00000013	addi	x0,x0,0	  x0:0x00000000
        8235000	       822	80003684	01b61433	sll	x8,x12,x27	 x12:0x00000003 x27:0x00000001  x8=0x00000006
        8245000	       823	80003688	fd0a0a13	addi	x20,x20,-48	 x20:0x80009f2c x20=0x80009efc
        8255000	       824	8000368c	41d18833	sub	x16,x3,x29	  x3:0x00000001 x29:0xaf578f2c x16=0x50a870d5
        8265000	       825	80003690	013a2223	sw	x19,4(x20)	 x20:0x80009efc x19:0x80006840 PA:0x80009f00
        8275000	       826	80003694	c464a413	slti	x8,x9,-954	  x9:0x00009f2c  x8=0x00000000
        8285000	       827	80003698	22fa3493	sltiu	x9,x20,559	 x20:0x80009efc  x9=0x00000000
        8295000	       828	8000369c	40c40cb3	sub	x25,x8,x12	  x8:0x00000000 x12:0x00000003 x25=0xfffffffd
        8305000	       829	800036a0	503f6a93	ori	x21,x30,1283	 x30:0x00000000 x21=0x00000503
        8315000	       830	800036a4	4b6a8113	addi	x2,x21,1206	 x21:0x00000503  x2=0x000009b9
        8325000	       831	800036a8	00005117	auipc	x2,0x5	  x2=0x800086a4
        8335000	       832	800036ac	ec110113	addi	x2,x2,-319	  x2:0x800086a4  x2=0x80008565
        8345000	       833	800036b0	fcdb8713	addi	x14,x23,-51	 x23:0xfffffb25 x14=0xfffffaf2
        8355000	       834	800036b4	fd710c23	sb	x23,-40(x2)	  x2:0x80008565 x23:0xfffffb25 PA:0x8000853d
        8365000	       835	800036b8	004251b3	srl	x3,x4,x4	  x4:0xffb48000  x4:0xffb48000  x3=0xffb48000
        8375000	       836	800036bc	b6074097	auipc	x1,0xb6074	  x1=0x360776b8
        8385000	       837	800036c0	03b10623	sb	x27,44(x2)	  x2:0x80008565 x27:0x00000001 PA:0x80008591
        8395000	       838	800036c4	402bd713	srai	x14,x23,0x2	 x23:0xfffffb25 x14=0xfffffec9
        8405000	       839	800036c8	de5eeab7	lui	x21,0xde5ee	 x21=0xde5ee000
        8415000	       840	800036cc	01a353b3	srl	x7,x6,x26	  x6:0x00000100 x26:0xe05e27d0  x7=0x00000000
        8425000	       841	800036d0	015103a3	sb	x21,7(x2)	  x2:0x80008565 x21:0xde5ee000 PA:0x8000856c
        8435000	       842	800036d4	010db533	sltu	x10,x27,x16	 x27:0x00000001 x16:0x50a870d5 x10=0x00000001
        8445000	       843	800036d8	e467ed13	ori	x26,x15,-442	 x15:0x000fffff x26=0xffffffff
        8455000	       844	800036dc	fd110b03	lb	x22,-47(x2)	  x2:0x80008565 x22=0xfffffffc PA:0x80008536
        8465000	       845	800036e0	fe614603	lbu	x12,-26(x2)	  x2:0x80008565 x12=0x00000025 PA:0x8000854b
        8475000	       846	800036e4	ff114003	lbu	x0,-15(x2)	  x2:0x80008565 PA:0x80008556
        8485000	       847	800036e8	fd2102a3	sb	x18,-59(x2)	  x2:0x80008565 x18:0x00000001 PA:0x8000852a
        8495000	       848	800036ec	019a5c93	srli	x25,x20,0x19	 x20:0x80009efc x25=0x00000040
        8505000	       849	800036f0	00fec533	xor	x10,x29,x15	 x29:0xaf578f2c x15:0x000fffff x10=0xaf5870d3
        8515000	       850	800036f4	00b12f83	lw	x31,11(x2)	  x2:0x80008565 x31=0x6042b6a8 PA:0x80008570
        8525000	       851	800036f8	a20acf13	xori	x30,x21,-1504	 x21:0xde5ee000 x30=0x21a11a20
        8535000	       852	800036fc	0730e7b7	lui	x15,0x730e	 x15=0x0730e000
        8545000	       853	80003700	ffb14983	lbu	x19,-5(x2)	  x2:0x80008565 x19=0x00000077 PA:0x80008560
        8555000	       854	80003704	ff911603	lh	x12,-7(x2)	  x2:0x80008565 x12=0x00004b52 PA:0x8000855e
        8565000	       855	80003708	fd911a83	lh	x21,-39(x2)	  x2:0x80008565 x21=0xffffc5ee PA:0x8000853e
        8575000	       856	8000370c	fdc10e23	sb	x28,-36(x2)	  x2:0x80008565 x28:0x0000000d PA:0x80008541
        8585000	       857	80003710	02011da3	sh	x0,59(x2)	  x2:0x80008565  x0:0x00000000 PA:0x800085a0
        8595000	       858	80003714	fd014b03	lbu	x22,-48(x2)	  x2:0x80008565 x22=0x000000f1 PA:0x80008535
        8605000	       859	80003718	40f45cb3	sra	x25,x8,x15	  x8:0x00000000 x15:0x0730e000 x25=0x00000000
        8615000	       860	8000371c	003543b3	xor	x7,x10,x3	 x10:0xaf5870d3  x3:0xffb48000  x7=0x50ecf0d3
        8625000	       861	80003720	e56ff493	andi	x9,x31,-426	 x31:0x6042b6a8  x9=0x6042b600
        8635000	       862	80003724	fe711283	lh	x5,-25(x2)	  x2:0x80008565  x5=0xffffc78f PA:0x8000854c
        8645000	       863	80003728	40b55413	srai	x8,x10,0xb	 x10:0xaf5870d3  x8=0xfff5eb0e
        8655000	       864	8000372c	96db13b7	lui	x7,0x96db1	  x7=0x96db1000
        8665000	       865	80003730	0126c2b3	xor	x5,x13,x18	 x13:0xffffffe3 x18:0x00000001  x5=0xffffffe2
        8675000	       866	80003734	01cdbeb3	sltu	x29,x27,x28	 x27:0x00000001 x28:0x0000000d x29=0x00000001
        8685000	       867	80003738	00110303	lb	x6,1(x2)	  x2:0x80008565  x6=0xffffff88 PA:0x80008566
        8695000	       868	8000373c	fc712e83	lw	x29,-57(x2)	  x2:0x80008565 x29=0xcf394e6d PA:0x8000852c
        8705000	       869	80003740	00910403	lb	x8,9(x2)	  x2:0x80008565  x8=0xffffffe7 PA:0x8000856e
        8715000	       870	00000000	00000013	addi	x0,x0,0	  x0:0x00000000
        8725000	       871	80003744	fc810ea3	sb	x8,-35(x2)	  x2:0x80008565  x8:0xffffffe7 PA:0x80008542
        8735000	       872	80003748	fd414783	lbu	x15,-44(x2)	  x2:0x80008565 x15=0x0000004f PA:0x80008539
        8745000	       873	8000374c	fe515b83	lhu	x23,-27(x2)	  x2:0x80008565 x23=0x00002579 PA:0x8000854a
        8755000	       874	80003750	fca14583	lbu	x11,-54(x2)	  x2:0x80008565 x11=0x000000cf PA:0x8000852f
        8765000	       875	80003754	00000013	addi	x0,x0,0	  x0:0x00000000
        8775000	       876	80003758	fc5105a3	sb	x5,-53(x2)	  x2:0x80008565  x5:0xffffffe2 PA:0x80008530
        8785000	       877	8000375c	ffe111a3	sh	x30,-29(x2)	  x2:0x80008565 x30:0x21a11a20 PA:0x80008548
        8795000	       878	80003760	68d1d737	lui	x14,0x68d1d	 x14=0x68d1d000
        8805000	       879	80003764	00000013	addi	x0,x0,0	  x0:0x00000000
        8815000	       880	80003768	fd310d23	sb	x19,-38(x2)	  x2:0x80008565 x19:0x00000077 PA:0x8000853f
        8825000	       881	8000376c	12d9b213	sltiu	x4,x19,301	 x19:0x00000077  x4=0x00000001
        8835000	       882	80003770	00985613	srli	x12,x16,0x9	 x16:0x50a870d5 x12=0x00285438
        8845000	       883	80003774	01cfdcb3	srl	x25,x31,x28	 x31:0x6042b6a8 x28:0x0000000d x25=0x00030215
        8855000	       884	80003778	7a38ec93	ori	x25,x17,1955	 x17:0x80009fc4 x25=0x80009fe7
        8865000	       885	8000377c	e4752913	slti	x18,x10,-441	 x10:0xaf5870d3 x18=0x00000001
        8875000	       886	80003780	035104a3	sb	x21,41(x2)	  x2:0x80008565 x21:0xffffc5ee PA:0x8000858e
        8885000	       887	80003784	d9c48413	addi	x8,x9,-612	  x9:0x6042b600  x8=0x6042b39c
        8895000	       888	80003788	236ab613	sltiu	x12,x21,566	 x21:0xffffc5ee x12=0x00000000
        8905000	       889	8000378c	00715383	lhu	x7,7(x2)	  x2:0x80008565  x7=0x0000d200 PA:0x8000856c
        8915000	       890	80003790	01c10aa3	sb	x28,21(x2)	  x2:0x80008565 x28:0x0000000d PA:0x8000857a
        8925000	       891	80003794	fd614e83	lbu	x29,-42(x2)	  x2:0x80008565 x29=0x00000074 PA:0x8000853b
        8935000	       892	80003798	00005117	auipc	x2,0x5	  x2=0x80008794
        8945000	       893	8000379c	8c510113	addi	x2,x2,-1851	  x2:0x80008794  x2=0x80008059
        8955000	       894	800037a0	63610023	sb	x22,1568(x2)	  x2:0x80008059 x22:0x000000f1 PA:0x80008679
        8965000	       895	800037a4	00610e83	lb	x29,6(x2)	  x2:0x80008059 x29=0xffffffa3 PA:0x8000805f
        8975000	       896	800037a8	72d121a3	sw	x13,1827(x2)	  x2:0x80008059 x13:0xffffffe3 PA:0x8000877c
        8985000	       897	800037ac	acc1ed13	ori	x26,x3,-1332	  x3:0xffb48000 x26=0xfffffacc
        8995000	       898	800037b0	53d11483	lh	x9,1341(x2)	  x2:0x80008059  x9=0x00004e8d PA:0x80008596
        9005000	       899	800037b4	415fdc93	srai	x25,x31,0x15	 x31:0x6042b6a8 x25=0x00000302
        9015000	       900	800037b8	44a14f83	lbu	x31,1098(x2)	  x2:0x80008059 x31=0x000000e9 PA:0x800084a3
        9025000	       901	800037bc	944df213	andi	x4,x27,-1724	 x27:0x00000001  x4=0x00000000
        9035000	       902	800037c0	01611f93	slli	x31,x2,0x16	  x2:0x80008059 x31=0x16400000
        9045000	       903	800037c4	97fe7593	andi	x11,x28,-1665	 x28:0x0000000d x11=0x0000000d
        9055000	       904	800037c8	003cbf33	sltu	x30,x25,x3	 x25:0x00000302  x3:0xffb48000 x30=0x00000001
        9065000	       905	800037cc	602c7413	andi	x8,x24,1538	 x24:0x07fffdfa  x8=0x00000402
        9075000	       906	800037d0	404482b3	sub	x5,x9,x4	  x9:0x00004e8d  x4:0x00000000  x5=0x00004e8d
        9085000	       907	800037d4	000aecb3	or	x25,x21,x0	 x21:0xffffc5ee  x0:0x00000000 x25=0xffffc5ee
        9095000	       908	800037d8	9aa80813	addi	x16,x16,-1622	 x16:0x50a870d5 x16=0x50a86a7f
        9105000	       909	800037dc	36b14183	lbu	x3,875(x2)	  x2:0x80008059  x3=0x00000080 PA:0x800083c4
        9115000	       910	800037e0	1ab119a3	sh	x11,435(x2)	  x2:0x80008059 x11:0x0000000d PA:0x8000820c
        9125000	       911	800037e4	2fc11fa3	sh	x28,767(x2)	  x2:0x80008059 x28:0x0000000d PA:0x80008358
        9135000	       912	800037e8	bcc32b13	slti	x22,x6,-1076	  x6:0xffffff88 x22=0x00000000
        9145000	       913	800037ec	40ef8833	sub	x16,x31,x14	 x31:0x16400000 x14:0x68d1d000 x16=0xad6e3000
        9155000	       914	800037f0	16210523	sb	x2,362(x2)	  x2:0x80008059  x2:0x80008059 PA:0x800081c3
        9165000	       915	800037f4	0064d193	srli	x3,x9,0x6	  x9:0x00004e8d  x3=0x0000013a
        9175000	       916	800037f8	00000013	addi	x0,x0,0	  x0:0x00000000
        9185000	       917	800037fc	40825e93	srai	x29,x4,0x8	  x4:0x00000000 x29=0x00000000
        9195000	       918	80003800	01671db3	sll	x27,x14,x22	 x14:0x68d1d000 x22:0x00000000 x27=0x68d1d000
        9205000	       919	80003804	19614b03	lbu	x22,406(x2)	  x2:0x80008059 x22=0x000000dd PA:0x800081ef
        9215000	       920	80003808	644acc93	xori	x25,x21,1604	 x21:0xffffc5ee x25=0xffffc3aa
        9225000	       921	8000380c	0191deb3	srl	x29,x3,x25	  x3:0x0000013a x25:0xffffc3aa x29=0x00000000
        9235000	       922	80003810	64210423	sb	x2,1608(x2)	  x2:0x80008059  x2:0x80008059 PA:0x800086a1
        9245000	       923	80003814	15814383	lbu	x7,344(x2)	  x2:0x80008059  x7=0x000000cf PA:0x800081b1
        9255000	       924	80003818	62211ea3	sh	x2,1597(x2)	  x2:0x80008059  x2:0x80008059 PA:0x80008696
        9265000	       925	8000381c	42712903	lw	x18,1063(x2)	  x2:0x80008059 x18=0x9b91ae42 PA:0x80008480
        9275000	       926	80003820	005db733	sltu	x14,x27,x5	 x27:0x68d1d000  x5:0x00004e8d x14=0x00000000
        9285000	       927	80003824	00970633	add	x12,x14,x9	 x14:0x00000000  x9:0x00004e8d x12=0x00004e8d
        9295000	       928	80003828	015e4733	xor	x14,x28,x21	 x28:0x0000000d x21:0xffffc5ee x14=0xffffc5e3
        9305000	       929	8000382c	0003feb3	and	x29,x7,x0	  x7:0x000000cf  x0:0x00000000 x29=0x00000000
        9315000	       930	80003830	0e0baf37	lui	x30,0xe0ba	 x30=0x0e0ba000
        9325000	       931	80003834	4077b5b7	lui	x11,0x4077b	 x11=0x4077b000
        9335000	       932	80003838	5d115403	lhu	x8,1489(x2)	  x2:0x80008059  x8=0x0000907d PA:0x8000862a
        9345000	       933	8000383c	29911c83	lh	x25,665(x2)	  x2:0x80008059 x25=0x00000ee4 PA:0x800082f2
        9355000	       934	80003840	01cbd6b3	srl	x13,x23,x28	 x23:0x00002579 x28:0x0000000d x13=0x00000001
        9365000	       935	80003844	01a3fd33	and	x26,x7,x26	  x7:0x000000cf x26:0xfffffacc x26=0x000000cc
        9375000	       936	80003848	015a0eb3	add	x29,x20,x21	 x20:0x80009efc x21:0xffffc5ee x29=0x800064ea
        9385000	       937	8000384c	6b911fa3	sh	x25,1727(x2)	  x2:0x80008059 x25:0x00000ee4 PA:0x80008718
        9395000	       938	80003850	65910aa3	sb	x25,1621(x2)	  x2:0x80008059 x25:0x00000ee4 PA:0x800086ae
        9405000	       939	80003854	28410e83	lb	x29,644(x2)	  x2:0x80008059 x29=0x00000024 PA:0x800082dd
        9415000	       940	80003858	e916ee93	ori	x29,x13,-367	 x13:0x00000001 x29=0xfffffe91
        9425000	       941	8000385c	52a14503	lbu	x10,1322(x2)	  x2:0x80008059 x10=0x00000069 PA:0x80008583
        9435000	       942	80003860	00005397	auipc	x7,0x5	  x7=0x8000885c
        9445000	       943	80003864	c1a38393	addi	x7,x7,-998	  x7:0x8000885c  x7=0x80008476
        9455000	       944	80003868	007387a3	sb	x7,15(x7)	  x7:0x80008476  x7:0x80008476 PA:0x80008485
        9465000	       945	8000386c	003141b3	xor	x3,x2,x3	  x2:0x80008059  x3:0x0000013a  x3=0x80008163
        9475000	       946	80003870	008b9ab3	sll	x21,x23,x8	 x23:0x00002579  x8:0x0000907d x21=0x20000000
        9485000	       947	80003874	ffe3a583	lw	x11,-2(x7)	  x7:0x80008476 x11=0xb0914da1 PA:0x80008474
        9495000	       948	80003878	8fe74237	lui	x4,0x8fe74	  x4=0x8fe74000
        9505000	       949	8000387c	bec2ac13	slti	x24,x5,-1044	  x5:0x00004e8d x24=0x00000000
        9515000	       950	80003880	5fb98693	addi	x13,x19,1531	 x19:0x00000077 x13=0x00000672
        9525000	       951	80003884	0173b633	sltu	x12,x7,x23	  x7:0x80008476 x23:0x00002579 x12=0x00000000
        9535000	       952	80003888	00138223	sb	x1,4(x7)	  x7:0x80008476  x1:0x360776b8 PA:0x8000847a
        9545000	       953	8000388c	01b44533	xor	x10,x8,x27	  x8:0x0000907d x27:0x68d1d000 x10=0x68d1407d
        9555000	       954	80003890	1c2aa593	slti	x11,x21,450	 x21:0x20000000 x11=0x00000000
        9565000	       955	80003894	00a7b9b3	sltu	x19,x15,x10	 x15:0x0000004f x10:0x68d1407d x19=0x00000001
        9575000	       956	80003898	443b4313	xori	x6,x22,1091	 x22:0x000000dd  x6=0x0000049e
        9585000	       957	8000389c	9bbccf97	auipc	x31,0x9bbcc	 x31=0x1bbcf898
        9595000	       958	800038a0	ff53cd03	lbu	x26,-11(x7)	  x7:0x80008476 x26=0x00000095 PA:0x8000846b
        9605000	       959	800038a4	01687233	and	x4,x16,x22	 x16:0xad6e3000 x22:0x000000dd  x4=0x00000000
        9615000	       960	800038a8	863a2e93	slti	x29,x20,-1949	 x20:0x80009efc x29=0x00000001
        9625000	       961	800038ac	195b4d17	auipc	x26,0x195b4	 x26=0x995b78a8
        9635000	       962	800038b0	fb9c8293	addi	x5,x25,-71	 x25:0x00000ee4  x5=0x00000e9d
        9645000	       963	800038b4	01939623	sh	x25,12(x7)	  x7:0x80008476 x25:0x00000ee4 PA:0x80008482
        9655000	       964	800038b8	013385a3	sb	x19,11(x7)	  x7:0x80008476 x19:0x00000001 PA:0x80008481
        9665000	       965	800038bc	0093c283	lbu	x5,9(x7)	  x7:0x80008476  x5=0x00000050 PA:0x8000847f
        9675000	       966	800038c0	66c14a93	xori	x21,x2,1644	  x2:0x80008059 x21=0x80008635
        9685000	       967	800038c4	00738683	lb	x13,7(x7)	  x7:0x80008476 x13=0xffffffbf PA:0x8000847d
        9695000	       968	800038c8	eea22b13	slti	x22,x4,-278	  x4:0x00000000 x22=0x00000000
        9705000	       969	800038cc	f38b3313	sltiu	x6,x22,-200	 x22:0x00000000  x6=0x00000001
        9715000	       970	800038d0	ff03d183	lhu	x3,-16(x7)	  x7:0x80008476  x3=0x0000439f PA:0x80008466
        9725000	       971	00000000	00000013	addi	x0,x0,0	  x0:0x00000000
        9735000	       972	800038d4	01f18b33	add	x22,x3,x31	  x3:0x0000439f x31:0x1bbcf898 x22=0x1bbd3c37
        9745000	       973	800038d8	ffd3cc03	lbu	x24,-3(x7)	  x7:0x80008476 x24=0x00000096 PA:0x80008473
        9755000	       974	800038dc	01eae5b3	or	x11,x21,x30	 x21:0x80008635 x30:0x0e0ba000 x11=0x8e0ba635
        9765000	       975	800038e0	00039283	lh	x5,0(x7)	  x7:0x80008476  x5=0xffffb091 PA:0x80008476
        9775000	       976	800038e4	0093a723	sw	x9,14(x7)	  x7:0x80008476  x9:0x00004e8d PA:0x80008484
        9785000	       977	800038e8	00005997	auipc	x19,0x5	 x19=0x800088e4
        9795000	       978	800038ec	28598993	addi	x19,x19,645	 x19:0x800088e4 x19=0x80008b69
        9805000	       979	800038f0	eac1c813	xori	x16,x3,-340	  x3:0x0000439f x16=0xffffbd33
        9815000	       980	800038f4	44799203	lh	x4,1095(x19)	 x19:0x80008b69  x4=0x000006b4 PA:0x80008fb0
        9825000	       981	800038f8	6b638b93	addi	x23,x7,1718	  x7:0x80008476 x23=0x80008b2c
        9835000	       982	800038fc	008290b3	sll	x1,x5,x8	  x5:0xffffb091  x8:0x0000907d  x1=0x20000000
        9845000	       983	80003900	0c599f03	lh	x30,197(x19)	 x19:0x80008b69 x30=0xffffdbb0 PA:0x80008c2e
        9855000	       984	00000000	00000013	addi	x0,x0,0	  x0:0x00000000
        9865000	       985	80003904	d0ff4717	auipc	x14,0xd0ff4	 x14=0x50ff7900
        9875000	       986	80003908	26d986a3	sb	x13,621(x19)	 x19:0x80008b69 x13:0xffffffbf PA:0x80008dd6
        9885000	       987	8000390c	9f97b013	sltiu	x0,x15,-1543	 x15:0x0000004f
        9895000	       988	80003910	01f5df33	srl	x30,x11,x31	 x11:0x8e0ba635 x31:0x1bbcf898 x30=0x0000008e
        9905000	       989	80003914	40368c33	sub	x24,x13,x3	 x13:0xffffffbf  x3:0x0000439f x24=0xffffbc20
        9915000	       990	80003918	01869c93	slli	x25,x13,0x18	 x13:0xffffffbf x25=0xbf000000
        9925000	       991	8000391c	de998b23	sb	x9,-522(x19)	 x19:0x80008b69  x9:0x00004e8d PA:0x8000895f
        9935000	       992	80003920	01965013	srli	x0,x12,0x19	 x12:0x00000000
        9945000	       993	80003924	44e98d83	lb	x27,1102(x19)	 x19:0x80008b69 x27=0xffffffaf PA:0x80008fb7
        9955000	       994	80003928	41610433	sub	x8,x2,x22	  x2:0x80008059 x22:0x1bbd3c37  x8=0x64434422
        9965000	       995	8000392c	0c098703	lb	x14,192(x19)	 x19:0x80008b69 x14=0xffffffe6 PA:0x80008c29
        9975000	       996	80003930	4199dc13	srai	x24,x19,0x19	 x19:0x80008b69 x24=0xffffffc0
        9985000	       997	80003934	cf89c583	lbu	x11,-776(x19)	 x19:0x80008b69 x11=0x0000006b PA:0x80008861
        9995000	       998	80003938	ca04fb13	andi	x22,x9,-864	  x9:0x00004e8d x22=0x00004c80
       10005000	       999	8000393c	144aa693	slti	x13,x21,324	 x21:0x80008635 x13=0x00000001
       10015000	      1000	80003940	0131b733	sltu	x14,x3,x19	  x3:0x0000439f x19:0x80008b69 x14=0x00000001
       10025000	      1001	80003944	403e5bb3	sra	x23,x28,x3	 x28:0x0000000d  x3:0x0000439f x23=0x00000000
       10035000	      1002	80003948	6295f837	lui	x16,0x6295f	 x16=0x6295f000
       10045000	      1003	8000394c	23b998a3	sh	x27,561(x19)	 x19:0x80008b69 x27:0xffffffaf PA:0x80008d9a
       10055000	      1004	80003950	0161e2b3	or	x5,x3,x22	  x3:0x0000439f x22:0x00004c80  x5=0x00004f9f
       10065000	      1005	80003954	00c37f33	and	x30,x6,x12	  x6:0x00000001 x12:0x00000000 x30=0x00000000
       10075000	      1006	80003958	13e59db7	lui	x27,0x13e59	 x27=0x13e59000
       10085000	      1007	8000395c	0b148c97	auipc	x25,0xb148	 x25=0x8b14b958
       10095000	      1008	80003960	00ee4233	xor	x4,x28,x14	 x28:0x0000000d x14:0x00000001  x4=0x0000000c
       10105000	      1009	80003964	e4698483	lb	x9,-442(x19)	 x19:0x80008b69  x9=0x00000064 PA:0x800089af
       10115000	      1010	80003968	405fd813	srai	x16,x31,0x5	 x31:0x1bbcf898 x16=0x00dde7c4
       10125000	      1011	8000396c	d389c483	lbu	x9,-712(x19)	 x19:0x80008b69  x9=0x000000c9 PA:0x800088a1
       10135000	      1012	80003970	014574b3	and	x9,x10,x20	 x10:0x68d1407d x20:0x80009efc  x9=0x0000007c
       10145000	      1013	80003974	3689cd83	lbu	x27,872(x19)	 x19:0x80008b69 x27=0x0000000c PA:0x80008ed1
       10155000	      1014	80003978	00435913	srli	x18,x6,0x4	  x6:0x00000001 x18=0x00000000
       10165000	      1015	8000397c	13f98023	sb	x31,288(x19)	 x19:0x80008b69 x31:0x1bbcf898 PA:0x80008c89
       10175000	      1016	80003980	00005f97	auipc	x31,0x5	 x31=0x8000897c
       10185000	      1017	80003984	c44f8f93	addi	x31,x31,-956	 x31:0x8000897c x31=0x800085c0
       10195000	      1018	80003988	1eee8513	addi	x10,x29,494	 x29:0x00000001 x10=0x000001ef
       10205000	      1019	8000398c	204fa023	sw	x4,512(x31)	 x31:0x800085c0  x4:0x0000000c PA:0x800087c0
       10215000	      1020	80003990	229fce83	lbu	x29,553(x31)	 x31:0x800085c0 x29=0x00000035 PA:0x800087e9
       10225000	      1021	80003994	f46f8ba3	sb	x6,-169(x31)	 x31:0x800085c0  x6:0x00000001 PA:0x80008517
       10235000	      1022	80003998	00bdccb3	xor	x25,x27,x11	 x27:0x0000000c x11:0x0000006b x25=0x00000067
       10245000	      1023	8000399c	0109c4b3	xor	x9,x19,x16	 x19:0x80008b69 x16:0x00dde7c4  x9=0x80dd6cad
       10255000	      1024	800039a0	12ce6913	ori	x18,x28,300	 x28:0x0000000d x18=0x0000012d
       10265000	      1025	800039a4	0130dd13	srli	x26,x1,0x13	  x1:0x20000000 x26=0x00000400
       10275000	      1026	800039a8	d2ffc703	lbu	x14,-721(x31)	 x31:0x800085c0 x14=0x00000020 PA:0x800082ef
       10285000	      1027	800039ac	e21f9023	sh	x1,-480(x31)	 x31:0x800085c0  x1:0x20000000 PA:0x800083e0
       10295000	      1028	800039b0	01e2b7b3	sltu	x15,x5,x30	  x5:0x00004f9f x30:0x00000000 x15=0x00000000
       10305000	      1029	800039b4	108f8423	sb	x8,264(x31)	 x31:0x800085c0  x8:0x64434422 PA:0x800086c8
       10315000	      1030	800039b8	00000013	addi	x0,x0,0	  x0:0x00000000
       10325000	      1031	800039bc	17c33813	sltiu	x16,x6,380	  x6:0x00000001 x16=0x00000001
       10335000	      1032	800039c0	00765d33	srl	x26,x12,x7	 x12:0x00000000  x7:0x80008476 x26=0x00000000
       10345000	      1033	800039c4	01945033	srl	x0,x8,x25	  x8:0x64434422 x25:0x00000067
       10355000	      1034	800039c8	44a40f13	addi	x30,x8,1098	  x8:0x64434422 x30=0x6443486c
       10365000	      1035	800039cc	0fffc483	lbu	x9,255(x31)	 x31:0x800085c0  x9=0x000000e4 PA:0x800086bf
       10375000	      1036	800039d0	40315393	srai	x7,x2,0x3	  x2:0x80008059  x7=0xf000100b
       10385000	      1037	800039d4	d8df8723	sb	x13,-626(x31)	 x31:0x800085c0 x13:0x00000001 PA:0x8000834e
       10395000	      1038	800039d8	e77f8b23	sb	x23,-394(x31)	 x31:0x800085c0 x23:0x00000000 PA:0x80008436
       10405000	      1039	800039dc	169fc483	lbu	x9,361(x31)	 x31:0x800085c0  x9=0x000000d7 PA:0x80008729
       10415000	      1040	800039e0	dfefa423	sw	x30,-536(x31)	 x31:0x800085c0 x30:0x6443486c PA:0x800083a8
       10425000	      1041	800039e4	c82f8223	sb	x2,-892(x31)	 x31:0x800085c0  x2:0x80008059 PA:0x80008244
       10435000	      1042	800039e8	01321293	slli	x5,x4,0x13	  x4:0x0000000c  x5=0x00600000
       10445000	      1043	800039ec	c04fa623	sw	x4,-1012(x31)	 x31:0x800085c0  x4:0x0000000c PA:0x800081cc
       10455000	      1044	800039f0	01abbc33	sltu	x24,x23,x26	 x23:0x00000000 x26:0x00000000 x24=0x00000000
       10465000	      1045	800039f4	a9bf8583	lb	x11,-1381(x31)	 x31:0x800085c0 x11=0x00000021 PA:0x8000805b
       10475000	      1046	800039f8	04afc903	lbu	x18,74(x31)	 x31:0x800085c0 x18=0x00000064 PA:0x8000860a
       10485000	      1047	800039fc	4c61b613	sltiu	x12,x3,1222	  x3:0x0000439f x12=0x00000000
       10495000	      1048	80003a00	4d47aa93	slti	x21,x15,1236	 x15:0x00000000 x21=0x00000001
       10505000	      1049	80003a04	34744397	auipc	x7,0x34744	  x7=0xb4747a00
       10515000	      1050	80003a08	006f8523	sb	x6,10(x31)	 x31:0x800085c0  x6:0x00000001 PA:0x800085ca
       10525000	      1051	80003a0c	075fcc03	lbu	x24,117(x31)	 x31:0x800085c0 x24=0x00000026 PA:0x80008635
       10535000	      1052	80003a10	00737833	and	x16,x6,x7	  x6:0x00000001  x7:0xb4747a00 x16=0x00000000
       10545000	      1053	80003a14	abafcf03	lbu	x30,-1350(x31)	 x31:0x800085c0 x30=0x0000009e PA:0x8000807a
       10555000	      1054	80003a18	db9f8aa3	sb	x25,-587(x31)	 x31:0x800085c0 x25:0x00000067 PA:0x80008375
       10565000	      1055	80003a1c	401002b3	sub	x5,x0,x1	  x0:0x00000000  x1:0x20000000  x5=0xe0000000
       10575000	      1056	80003a20	d67fce83	lbu	x29,-665(x31)	 x31:0x800085c0 x29=0x000000a5 PA:0x80008327
       10585000	      1057	80003a24	009f99b3	sll	x19,x31,x9	 x31:0x800085c0  x9:0x000000d7 x19=0xe0000000
       10595000	      1058	80003a28	00000013	addi	x0,x0,0	  x0:0x00000000
       10605000	      1059	80003a2c	065f8003	lb	x0,101(x31)	 x31:0x800085c0 PA:0x80008625
       10615000	      1060	80003a30	bf0f8383	lb	x7,-1040(x31)	 x31:0x800085c0  x7=0xffffffdb PA:0x800081b0
       10625000	      1061	80003a34	00004417	auipc	x8,0x4	  x8=0x80007a30
       10635000	      1062	80003a38	67f40413	addi	x8,x8,1663	  x8:0x80007a30  x8=0x800080af
       10645000	      1063	80003a3c	01d8bfb3	sltu	x31,x17,x29	 x17:0x80009fc4 x29:0x000000a5 x31=0x00000000
       10655000	      1064	80003a40	017864b3	or	x9,x16,x23	 x16:0x00000000 x23:0x00000000  x9=0x00000000
       10665000	      1065	80003a44	00307f33	and	x30,x0,x3	  x0:0x00000000  x3:0x0000439f x30=0x00000000
       10675000	      1066	80003a48	01040323	sb	x16,6(x8)	  x8:0x800080af x16:0x00000000 PA:0x800080b5
       10685000	      1067	80003a4c	ffd44083	lbu	x1,-3(x8)	  x8:0x800080af  x1=0x00000091 PA:0x800080ac
       10695000	      1068	80003a50	01040603	lb	x12,16(x8)	  x8:0x800080af x12=0xffffffa3 PA:0x800080bf
       10705000	      1069	80003a54	00384b33	xor	x22,x16,x3	 x16:0x00000000  x3:0x0000439f x22=0x0000439f
       10715000	      1070	80003a58	f1c14393	xori	x7,x2,-228	  x2:0x80008059  x7=0x7fff7f45
       10725000	      1071	80003a5c	4037df93	srai	x31,x15,0x3	 x15:0x00000000 x31=0x00000000
       10735000	      1072	80003a60	17878a93	addi	x21,x15,376	 x15:0x00000000 x21=0x00000178
       10745000	      1073	80003a64	fff44803	lbu	x16,-1(x8)	  x8:0x800080af x16=0x000000ba PA:0x800080ae
       10755000	      1074	80003a68	ff941da3	sh	x25,-5(x8)	  x8:0x800080af x25:0x00000067 PA:0x800080aa
       10765000	      1075	80003a6c	01135713	srli	x14,x6,0x11	  x6:0x00000001 x14=0x00000000
       10775000	      1076	80003a70	e7ef2237	lui	x4,0xe7ef2	  x4=0xe7ef2000
       10785000	      1077	80003a74	410856b3	sra	x13,x16,x16	 x16:0x000000ba x16:0x000000ba x13=0x00000000
       10795000	      1078	80003a78	fff40683	lb	x13,-1(x8)	  x8:0x800080af x13=0xffffffba PA:0x800080ae
       10805000	      1079	80003a7c	899fbd93	sltiu	x27,x31,-1895	 x31:0x00000000 x27=0x00000001
       10815000	      1080	80003a80	01940723	sb	x25,14(x8)	  x8:0x800080af x25:0x00000067 PA:0x800080bd
       10825000	      1081	80003a84	ff040183	lb	x3,-16(x8)	  x8:0x800080af  x3=0xffffffb2 PA:0x8000809f
       10835000	      1082	80003a88	00740a83	lb	x21,7(x8)	  x8:0x800080af x21=0xffffffa5 PA:0x800080b6
       10845000	      1083	00000000	00000013	addi	x0,x0,0	  x0:0x00000000
       10855000	      1084	80003a8c	ff540b83	lb	x23,-11(x8)	  x8:0x800080af x23=0xfffffff6 PA:0x800080a4
       10865000	      1085	80003a90	00005517	auipc	x10,0x5	 x10=0x80008a8c
       10875000	      1086	80003a94	e8650513	addi	x10,x10,-378	 x10:0x80008a8c x10=0x80008912
       10885000	      1087	80003a98	01b9ffb3	and	x31,x19,x27	 x19:0xe0000000 x27:0x00000001 x31=0x00000000
       10895000	      1088	80003a9c	06d508a3	sb	x13,113(x10)	 x10:0x80008912 x13:0xffffffba PA:0x80008983
       10905000	      1089	80003aa0	34408d93	addi	x27,x1,836	  x1:0x00000091 x27=0x000003d5
       10915000	      1090	80003aa4	f5050403	lb	x8,-176(x10)	 x10:0x80008912  x8=0xffffffeb PA:0x80008862
       10925000	      1091	80003aa8	f7a50023	sb	x26,-160(x10)	 x10:0x80008912 x26:0x00000000 PA:0x80008872
       10935000	      1092	80003aac	005e29b3	slt	x19,x28,x5	 x28:0x0000000d  x5:0xe0000000 x19=0x00000000
       10945000	      1093	80003ab0	6f9cee97	auipc	x29,0x6f9ce	 x29=0xef9d1aac
       10955000	      1094	80003ab4	013506a3	sb	x19,13(x10)	 x10:0x80008912 x19:0x00000000 PA:0x8000891f
       10965000	      1095	80003ab8	0165f233	and	x4,x11,x22	 x11:0x00000021 x22:0x0000439f  x4=0x00000001
       10975000	      1096	80003abc	0e251a23	sh	x2,244(x10)	 x10:0x80008912  x2:0x80008059 PA:0x80008a06
       10985000	      1097	80003ac0	f7251a83	lh	x21,-142(x10)	 x10:0x80008912 x21=0xffffdbab PA:0x80008884
       10995000	      1098	80003ac4	02f50083	lb	x1,47(x10)	 x10:0x80008912  x1=0x00000066 PA:0x80008941
       11005000	      1099	80003ac8	009a1a93	slli	x21,x20,0x9	 x20:0x80009efc x21=0x013df800
       11015000	      1100	80003acc	04351e23	sh	x3,92(x10)	 x10:0x80008912  x3:0xffffffb2 PA:0x8000896e
       11025000	      1101	80003ad0	1b9df593	andi	x11,x27,441	 x27:0x000003d5 x11=0x00000191
       11035000	      1102	80003ad4	f6b54683	lbu	x13,-149(x10)	 x10:0x80008912 x13=0x000000e8 PA:0x8000887d
       11045000	      1103	80003ad8	1dcf2d93	slti	x27,x30,476	 x30:0x00000000 x27=0x00000001
       11055000	      1104	80003adc	06e50703	lb	x14,110(x10)	 x10:0x80008912 x14=0x0000006d PA:0x80008980
       11065000	      1105	80003ae0	f7f54083	lbu	x1,-129(x10)	 x10:0x80008912  x1=0x000000dd PA:0x80008891
       11075000	      1106	80003ae4	05651f83	lh	x31,86(x10)	 x10:0x80008912 x31=0x00004b3b PA:0x80008968
       11085000	      1107	80003ae8	0edf7113	andi	x2,x30,237	 x30:0x00000000  x2=0x00000000
       11095000	      1108	80003aec	f308a993	slti	x19,x17,-208	 x17:0x80009fc4 x19=0x00000001
       11105000	      1109	80003af0	09554983	lbu	x19,149(x10)	 x10:0x80008912 x19=0x00000008 PA:0x800089a7
       11115000	      1110	80003af4	00f61093	slli	x1,x12,0xf	 x12:0xffffffa3  x1=0xffd18000
       11125000	      1111	80003af8	04c55683	lhu	x13,76(x10)	 x10:0x80008912 x13=0x00008d5c PA:0x8000895e
       11135000	      1112	80003afc	f6550303	lb	x6,-155(x10)	 x10:0x80008912  x6=0xffffff97 PA:0x80008877
       11145000	      1113	80003b00	f4e50f03	lb	x30,-178(x10)	 x10:0x80008912 x30=0xffffffda PA:0x80008860
       11155000	      1114	80003b04	02c54083	lbu	x1,44(x10)	 x10:0x80008912  x1=0x0000006f PA:0x8000893e
       11165000	      1115	80003b08	04251b83	lh	x23,66(x10)	 x10:0x80008912 x23=0xffff8e40 PA:0x80008954
       11175000	      1116	80003b0c	0148a333	slt	x6,x17,x20	 x17:0x80009fc4 x20:0x80009efc  x6=0x00000000
       11185000	      1117	80003b10	efb14a97	auipc	x21,0xefb14	 x21=0x6fb17b0c
       11195000	      1118	80003b14	0c950083	lb	x1,201(x10)	 x10:0x80008912  x1=0x00000078 PA:0x800089db
       11205000	      1119	80003b18	07f50c03	lb	x24,127(x10)	 x10:0x80008912 x24=0x00000071 PA:0x80008991
       11215000	      1120	80003b1c	01951723	sh	x25,14(x10)	 x10:0x80008912 x25:0x00000067 PA:0x80008920
       11225000	      1121	80003b20	00005117	auipc	x2,0x5	  x2=0x80008b1c
       11235000	      1122	80003b24	a1a10113	addi	x2,x2,-1510	  x2:0x80008b1c  x2=0x80008536
       11245000	      1123	80003b28	ba20b093	sltiu	x1,x1,-1118	  x1:0x00000078  x1=0x00000001
       11255000	      1124	80003b2c	ff810703	lb	x14,-8(x2)	  x2:0x80008536 x14=0x00000039 PA:0x8000852e
       11265000	      1125	80003b30	014bc933	xor	x18,x23,x20	 x23:0xffff8e40 x20:0x80009efc x18=0x7fff10bc
       11275000	      1126	80003b34	01412523	sw	x20,10(x2)	  x2:0x80008536 x20:0x80009efc PA:0x80008540
       11285000	      1127	80003b38	01714c83	lbu	x25,23(x2)	  x2:0x80008536 x25=0x000000c7 PA:0x8000854d
       11295000	      1128	80003b3c	fef101a3	sb	x15,-29(x2)	  x2:0x80008536 x15:0x00000000 PA:0x80008519
       11305000	      1129	80003b40	ff012923	sw	x16,-14(x2)	  x2:0x80008536 x16:0x000000ba PA:0x80008528
       11315000	      1130	80003b44	0059bbb3	sltu	x23,x19,x5	 x19:0x00000008  x5:0xe0000000 x23=0x00000001
       11325000	      1131	80003b48	562bf593	andi	x11,x23,1378	 x23:0x00000001 x11=0x00000000
       11335000	      1132	80003b4c	02012d23	sw	x0,58(x2)	  x2:0x80008536  x0:0x00000000 PA:0x80008570
       11345000	      1133	80003b50	ed2eef97	auipc	x31,0xed2ee	 x31=0x6d2f1b4c
       11355000	      1134	80003b54	03610c83	lb	x25,54(x2)	  x2:0x80008536 x25=0x00000000 PA:0x8000856c
       11365000	      1135	80003b58	fe510b03	lb	x22,-27(x2)	  x2:0x80008536 x22=0xffffffd8 PA:0x8000851b
       11375000	      1136	80003b5c	02f10003	lb	x0,47(x2)	  x2:0x80008536 PA:0x80008565
       11385000	      1137	80003b60	fc9105a3	sb	x9,-53(x2)	  x2:0x80008536  x9:0x00000000 PA:0x80008501
       11395000	      1138	80003b64	00071313	slli	x6,x14,0x0	 x14:0x00000039  x6=0x00000039
       11405000	      1139	80003b68	fe910d83	lb	x27,-23(x2)	  x2:0x80008536 x27=0xffffffb3 PA:0x8000851f
       11415000	      1140	80003b6c	fdab4e93	xori	x29,x22,-38	 x22:0xffffffd8 x29=0x00000002
       11425000	      1141	80003b70	47bd7413	andi	x8,x26,1147	 x26:0x00000000  x8=0x00000000
       11435000	      1142	80003b74	005108a3	sb	x5,17(x2)	  x2:0x80008536  x5:0xe0000000 PA:0x80008547
       11445000	      1143	80003b78	00114c83	lbu	x25,1(x2)	  x2:0x80008536 x25=0x0000000b PA:0x80008537
       11455000	      1144	80003b7c	00000013	addi	x0,x0,0	  x0:0x00000000
       11465000	      1145	80003b80	fd611803	lh	x16,-42(x2)	  x2:0x80008536 x16=0xffffd2a9 PA:0x8000850c
       11475000	      1146	80003b84	01c10283	lb	x5,28(x2)	  x2:0x80008536  x5=0xffffff96 PA:0x80008552
       11485000	      1147	80003b88	00000013	addi	x0,x0,0	  x0:0x00000000
       11495000	      1148	80003b8c	93438393	addi	x7,x7,-1740	  x7:0x7fff7f45  x7=0x7fff7879
       11505000	      1149	80003b90	01feaab3	slt	x21,x29,x31	 x29:0x00000002 x31:0x6d2f1b4c x21=0x00000001
       11515000	      1150	80003b94	01a43d13	sltiu	x26,x8,26	  x8:0x00000000 x26=0x00000001
       11525000	      1151	80003b98	b17cbb93	sltiu	x23,x25,-1257	 x25:0x0000000b x23=0x00000001
       11535000	      1152	80003b9c	fd415783	lhu	x15,-44(x2)	  x2:0x80008536 x15=0x0000f491 PA:0x8000850a
       11545000	      1153	80003ba0	01cb9633	sll	x12,x23,x28	 x23:0x00000001 x28:0x0000000d x12=0x00002000
       11555000	      1154	80003ba4	fda12e83	lw	x29,-38(x2)	  x2:0x80008536 x29=0x7c094932 PA:0x80008510
       11565000	      1155	80003ba8	02e14083	lbu	x1,46(x2)	  x2:0x80008536  x1=0x0000003c PA:0x80008564
       11575000	      1156	80003bac	00005117	auipc	x2,0x5	  x2=0x80008ba8
       11585000	      1157	80003bb0	35b10113	addi	x2,x2,859	  x2:0x80008ba8  x2=0x80008f03
       11595000	      1158	80003bb4	04010683	lb	x13,64(x2)	  x2:0x80008f03 x13=0xffffffb5 PA:0x80008f43
       11605000	      1159	80003bb8	03110803	lb	x16,49(x2)	  x2:0x80008f03 x16=0xffffffc1 PA:0x80008f34
       11615000	      1160	80003bbc	02210d23	sb	x2,58(x2)	  x2:0x80008f03  x2:0x80008f03 PA:0x80008f3d
       11625000	      1161	80003bc0	fc9108a3	sb	x9,-47(x2)	  x2:0x80008f03  x9:0x00000000 PA:0x80008ed4
       11635000	      1162	80003bc4	01810983	lb	x19,24(x2)	  x2:0x80008f03 x19=0x0000006a PA:0x80008f1b
       11645000	      1163	80003bc8	2c6f3d93	sltiu	x27,x30,710	 x30:0xffffffda x27=0x00000000
       11655000	      1164	80003bcc	01b14203	lbu	x4,27(x2)	  x2:0x80008f03  x4=0x000000a7 PA:0x80008f1e
       11665000	      1165	80003bd0	591f7313	andi	x6,x30,1425	 x30:0xffffffda  x6=0x00000590
       11675000	      1166	80003bd4	01014283	lbu	x5,16(x2)	  x2:0x80008f03  x5=0x0000004c PA:0x80008f13
       11685000	      1167	80003bd8	01fb5313	srli	x6,x22,0x1f	 x22:0xffffffd8  x6=0x00000001
       11695000	      1168	80003bdc	bd517093	andi	x1,x2,-1067	  x2:0x80008f03  x1=0x80008b01
       11705000	      1169	80003be0	fe711203	lh	x4,-25(x2)	  x2:0x80008f03  x4=0xffffc09b PA:0x80008eea
       11715000	      1170	80003be4	039115a3	sh	x25,43(x2)	  x2:0x80008f03 x25:0x0000000b PA:0x80008f2e
       11725000	      1171	80003be8	005c11b3	sll	x3,x24,x5	 x24:0x00000071  x5:0x0000004c  x3=0x00071000
       11735000	      1172	80003bec	014422b3	slt	x5,x8,x20	  x8:0x00000000 x20:0x80009efc  x5=0x00000000
       11745000	      1173	80003bf0	00c120a3	sw	x12,1(x2)	  x2:0x80008f03 x12:0x00002000 PA:0x80008f04
       11755000	      1174	80003bf4	00cf5b13	srli	x22,x30,0xc	 x30:0xffffffda x22=0x000fffff
       11765000	      1175	80003bf8	000dd533	srl	x10,x27,x0	 x27:0x00000000  x0:0x00000000 x10=0x00000000
       11775000	      1176	80003bfc	412453b3	sra	x7,x8,x18	  x8:0x00000000 x18:0x7fff10bc  x7=0x00000000
       11785000	      1177	80003c00	2b264d37	lui	x26,0x2b264	 x26=0x2b264000
       11795000	      1178	80003c04	71a5e513	ori	x10,x11,1818	 x11:0x00000000 x10=0x0000071a
       11805000	      1179	80003c08	0174afb3	slt	x31,x9,x23	  x9:0x00000000 x23:0x00000001 x31=0x00000001
       11815000	      1180	80003c0c	fd814a83	lbu	x21,-40(x2)	  x2:0x80008f03 x21=0x00000014 PA:0x80008edb
       11825000	      1181	80003c10	6def3d93	sltiu	x27,x30,1758	 x30:0xffffffda x27=0x00000000
       11835000	      1182	80003c14	ff610503	lb	x10,-10(x2)	  x2:0x80008f03 x10=0x00000028 PA:0x80008ef9
       11845000	      1183	80003c18	00004497	auipc	x9,0x4	  x9=0x80007c14
       11855000	      1184	80003c1c	63c48493	addi	x9,x9,1596	  x9:0x80007c14  x9=0x80008250
       11865000	      1185	80003c20	4166d3b3	sra	x7,x13,x22	 x13:0xffffffb5 x22:0x000fffff  x7=0xffffffff
       11875000	      1186	80003c24	60fc2237	lui	x4,0x60fc2	  x4=0x60fc2000
       11885000	      1187	80003c28	017d1293	slli	x5,x26,0x17	 x26:0x2b264000  x5=0x00000000
       11895000	      1188	80003c2c	e001e113	ori	x2,x3,-512	  x3:0x00071000  x2=0xfffffe00
       11905000	      1189	80003c30	a5e50c93	addi	x25,x10,-1442	 x10:0x00000028 x25=0xfffffa86
       11915000	      1190	80003c34	b0676597	auipc	x11,0xb0676	 x11=0x30679c30
       11925000	      1191	80003c38	00808bb3	add	x23,x1,x8	  x1:0x80008b01  x8:0x00000000 x23=0x80008b01
       11935000	      1192	80003c3c	0784ad03	lw	x26,120(x9)	  x9:0x80008250 x26=0x2979a3e6 PA:0x800082c8
       11945000	      1193	80003c40	fbb48783	lb	x15,-69(x9)	  x9:0x80008250 x15=0x00000020 PA:0x8000820b
       11955000	      1194	80003c44	009fd433	srl	x8,x31,x9	 x31:0x00000001  x9:0x80008250  x8=0x00000000
       11965000	      1195	80003c48	aaccb537	lui	x10,0xaaccb	 x10=0xaaccb000
       11975000	      1196	80003c4c	07a49a83	lh	x21,122(x9)	  x9:0x80008250 x21=0x00002979 PA:0x800082ca
       11985000	      1197	80003c50	00a013b3	sll	x7,x0,x10	  x0:0x00000000 x10:0xaaccb000  x7=0x00000000
       11995000	      1198	80003c54	011dceb3	xor	x29,x27,x17	 x27:0x00000000 x17:0x80009fc4 x29=0x80009fc4
       12005000	      1199	80003c58	fee4c583	lbu	x11,-18(x9)	  x9:0x80008250 x11=0x000000d8 PA:0x8000823e
       12015000	      1200	80003c5c	01dc65b3	or	x11,x24,x29	 x24:0x00000071 x29:0x80009fc4 x11=0x80009ff5
       12025000	      1201	80003c60	f5e4d503	lhu	x10,-162(x9)	  x9:0x80008250 x10=0x0000c9df PA:0x800081ae
       12035000	      1202	80003c64	f0348c03	lb	x24,-253(x9)	  x9:0x80008250 x24=0x0000006e PA:0x80008153
       12045000	      1203	80003c68	f1c48ea3	sb	x28,-227(x9)	  x9:0x80008250 x28:0x0000000d PA:0x8000816d
       12055000	      1204	80003c6c	23562613	slti	x12,x12,565	 x12:0x00002000 x12=0x00000000
       12065000	      1205	80003c70	fee4dd83	lhu	x27,-18(x9)	  x9:0x80008250 x27=0x000062d8 PA:0x8000823e
       12075000	      1206	80003c74	01a740b3	xor	x1,x14,x26	 x14:0x00000039 x26:0x2979a3e6  x1=0x2979a3df
       12085000	      1207	80003c78	41eb5d13	srai	x26,x22,0x1e	 x22:0x000fffff x26=0x00000000
       12095000	      1208	80003c7c	01dc4f33	xor	x30,x24,x29	 x24:0x0000006e x29:0x80009fc4 x30=0x80009faa
       12105000	      1209	80003c80	bec93f93	sltiu	x31,x18,-1044	 x18:0x7fff10bc x31=0x00000001
       12115000	      1210	80003c84	40775593	srai	x11,x14,0x7	 x14:0x00000039 x11=0x00000000
       12125000	      1211	80003c88	fe548183	lb	x3,-27(x9)	  x9:0x80008250  x3=0xffffff95 PA:0x80008235
       12135000	      1212	80003c8c	0e04af83	lw	x31,224(x9)	  x9:0x80008250 x31=0x5144d284 PA:0x80008330
       12145000	      1213	80003c90	46be5337	lui	x6,0x46be5	  x6=0x46be5000
       12155000	      1214	80003c94	f7849b83	lh	x23,-136(x9)	  x9:0x80008250 x23=0x0000250b PA:0x800081c8
       12165000	      1215	80003c98	04748d83	lb	x27,71(x9)	  x9:0x80008250 x27=0xffffff94 PA:0x80008297
       12175000	      1216	80003c9c	010ada93	srli	x21,x21,0x10	 x21:0x00002979 x21=0x00000000
       12185000	      1217	80003ca0	fd64da83	lhu	x21,-42(x9)	  x9:0x80008250 x21=0x0000a13d PA:0x80008226
       12195000	      1218	80003ca4	09148183	lb	x3,145(x9)	  x9:0x80008250  x3=0xffffffbc PA:0x800082e1
       12205000	      1219	80003ca8	20fbb713	sltiu	x14,x23,527	 x23:0x0000250b x14=0x00000000
       12215000	      1220	80003cac	f7b48183	lb	x3,-133(x9)	  x9:0x80008250  x3=0xffffff97 PA:0x800081cb
       12225000	      1221	80003cb0	00ccf833	and	x16,x25,x12	 x25:0xfffffa86 x12:0x00000000 x16=0x00000000
       12235000	      1222	80003cb4	ce5eb813	sltiu	x16,x29,-795	 x29:0x80009fc4 x16=0x00000001
       12245000	      1223	80003cb8	a8263397	auipc	x7,0xa8263	  x7=0x28266cb4
       12255000	      1224	80003cbc	05d3f093	andi	x1,x7,93	  x7:0x28266cb4  x1=0x00000014
       12265000	      1225	80003cc0	f5448903	lb	x18,-172(x9)	  x9:0x80008250 x18=0x00000003 PA:0x800081a4
       12275000	      1226	80003cc4	00682c33	slt	x24,x16,x6	 x16:0x00000001  x6:0x46be5000 x24=0x00000001
       12285000	      1227	80003cc8	00000013	addi	x0,x0,0	  x0:0x00000000
       12295000	      1228	80003ccc	05a49a83	lh	x21,90(x9)	  x9:0x80008250 x21=0x00001c0d PA:0x800082aa
       12305000	      1229	80003cd0	0d34cd83	lbu	x27,211(x9)	  x9:0x80008250 x27=0x000000ad PA:0x80008323
       12315000	      1230	80003cd4	fc348223	sb	x3,-60(x9)	  x9:0x80008250  x3:0xffffff97 PA:0x80008214
       12325000	      1231	80003cd8	41e303b3	sub	x7,x6,x30	  x6:0x46be5000 x30:0x80009faa  x7=0xc6bdb056
       12335000	      1232	80003cdc	0b54c183	lbu	x3,181(x9)	  x9:0x80008250  x3=0x000000d0 PA:0x80008305
       12345000	      1233	80003ce0	0579c717	auipc	x14,0x579c	 x14=0x8579fcdc
       12355000	      1234	80003ce4	01a676b3	and	x13,x12,x26	 x12:0x00000000 x26:0x00000000 x13=0x00000000
       12365000	      1235	80003ce8	f334c683	lbu	x13,-205(x9)	  x9:0x80008250 x13=0x00000047 PA:0x80008183
       12375000	      1236	80003cec	01f06eb3	or	x29,x0,x31	  x0:0x00000000 x31:0x5144d284 x29=0x5144d284
       12385000	      1237	80003cf0	00a0f863	bgeu	x1,x10,80003d00	  x1:0x00000014 x10:0x0000c9df
       12395000	      1238	80003cf4	9bc96a93	ori	x21,x18,-1604	 x18:0x00000003 x21=0xfffff9bf
       12405000	      1239	80003cf8	2b5693b7	lui	x7,0x2b569	  x7=0x2b569000
       12415000	      1240	80003cfc	012513b3	sll	x7,x10,x18	 x10:0x0000c9df x18:0x00000003  x7=0x00064ef8
       12425000	      1241	80003d00	1b2d0e93	addi	x29,x26,434	 x26:0x00000000 x29=0x000001b2
       12435000	      1242	80003d04	bd66b913	sltiu	x18,x13,-1066	 x13:0x00000047 x18=0x00000001
       12445000	      1243	80003d08	048f1663	bne	x30,x8,80003d54	 x30:0x80009faa  x8:0x00000000
       12455000	      1244	00000000	00000013	addi	x0,x0,0	  x0:0x00000000
       12465000	      1245	80003d50	00000013	addi	x0,x0,0	  x0:0x00000000
       12475000	      1246	80003d54	0573f063	bgeu	x7,x23,80003d94	  x7:0x00064ef8 x23:0x0000250b
       12485000	      1247	00000000	00000013	addi	x0,x0,0	  x0:0x00000000
       12495000	      1248	80003d90	00000013	addi	x0,x0,0	  x0:0x00000000
       12505000	      1249	80003d94	538dfc93	andi	x25,x27,1336	 x27:0x000000ad x25=0x00000028
       12515000	      1250	80003d98	41898933	sub	x18,x19,x24	 x19:0x0000006a x24:0x00000001 x18=0x00000069
       12525000	      1251	80003d9c	000b4bb3	xor	x23,x22,x0	 x22:0x000fffff  x0:0x00000000 x23=0x000fffff
       12535000	      1252	80003da0	023f4063	blt	x30,x3,80003dc0	 x30:0x80009faa  x3:0x000000d0
       12545000	      1253	00000000	00000013	addi	x0,x0,0	  x0:0x00000000
       12555000	      1254	80003dbc	00000013	addi	x0,x0,0	  x0:0x00000000
       12565000	      1255	80003dc0	03765e63	bge	x12,x23,80003dfc	 x12:0x00000000 x23:0x000fffff
       12575000	      1256	80003dc4	407551b3	sra	x3,x10,x7	 x10:0x0000c9df  x7:0x00064ef8  x3=0x00000000
       12585000	      1257	80003dc8	eb748293	addi	x5,x9,-329	  x9:0x80008250  x5=0x80008107
       12595000	      1258	80003dcc	013c9c33	sll	x24,x25,x19	 x25:0x00000028 x19:0x0000006a x24=0x0000a000
       12605000	      1259	80003dd0	01ce8263	beq	x29,x28,80003dd4	 x29:0x000001b2 x28:0x0000000d
       12615000	      1260	80003dd4	00a95113	srli	x2,x18,0xa	 x18:0x00000069  x2=0x00000000
       12625000	      1261	80003dd8	22650513	addi	x10,x10,550	 x10:0x0000c9df x10=0x0000cc05
       12635000	      1262	80003ddc	007ad493	srli	x9,x21,0x7	 x21:0xfffff9bf  x9=0x01fffff3
       12645000	      1263	80003de0	0121dd93	srli	x27,x3,0x12	  x3:0x00000000 x27=0x00000000
       12655000	      1264	80003de4	d3168d13	addi	x26,x13,-719	 x13:0x00000047 x26=0xfffffd78
       12665000	      1265	80003de8	00aee5b3	or	x11,x29,x10	 x29:0x000001b2 x10:0x0000cc05 x11=0x0000cdb7
       12675000	      1266	80003dec	027df063	bgeu	x27,x7,80003e0c	 x27:0x00000000  x7:0x00064ef8
       12685000	      1267	80003df0	01dc85b3	add	x11,x25,x29	 x25:0x00000028 x29:0x000001b2 x11=0x000001da
       12695000	      1268	80003df4	b7528d93	addi	x27,x5,-1163	  x5:0x80008107 x27=0x80007c7c
       12705000	      1269	80003df8	402e5b33	sra	x22,x28,x2	 x28:0x0000000d  x2:0x00000000 x22=0x0000000d
       12715000	      1270	80003dfc	fe08b113	sltiu	x2,x17,-32	 x17:0x80009fc4  x2=0x00000001
       12725000	      1271	80003e00	00000013	addi	x0,x0,0	  x0:0x00000000
       12735000	      1272	80003e04	fb44ad93	slti	x27,x9,-76	  x9:0x01fffff3 x27=0x00000000
       12745000	      1273	80003e08	00e4b933	sltu	x18,x9,x14	  x9:0x01fffff3 x14:0x8579fcdc x18=0x00000001
       12755000	      1274	80003e0c	00d81b13	slli	x22,x16,0xd	 x16:0x00000001 x22=0x00002000
       12765000	      1275	80003e10	05a6d863	bge	x13,x26,80003e60	 x13:0x00000047 x26:0xfffffd78
       12775000	      1276	00000000	00000013	addi	x0,x0,0	  x0:0x00000000
       12785000	      1277	80003e5c	00000013	addi	x0,x0,0	  x0:0x00000000
       12795000	      1278	80003e60	008f5793	srli	x15,x30,0x8	 x30:0x80009faa x15=0x0080009f
       12805000	      1279	80003e64	af9b1c37	lui	x24,0xaf9b1	 x24=0xaf9b1000
       12815000	      1280	80003e68	01bde6b3	or	x13,x27,x27	 x27:0x00000000 x27:0x00000000 x13=0x00000000
       12825000	      1281	80003e6c	df86c193	xori	x3,x13,-520	 x13:0x00000000  x3=0xfffffdf8
       12835000	      1282	80003e70	024c8c63	beq	x25,x4,80003ea8	 x25:0x00000028  x4:0x60fc2000
       12845000	      1283	80003e74	008fcd33	xor	x26,x31,x8	 x31:0x5144d284  x8:0x00000000 x26=0x5144d284
       12855000	      1284	80003e78	a2ef0017	auipc	x0,0xa2ef0	
       12865000	      1285	80003e7c	b69a9997	auipc	x19,0xb69a9	 x19=0x369ace78
       12875000	      1286	80003e80	f679c593	xori	x11,x19,-153	 x19:0x369ace78 x11=0xc965311f
       12885000	      1287	80003e84	00000013	addi	x0,x0,0	  x0:0x00000000
       12895000	      1288	80003e88	8b6dc213	xori	x4,x27,-1866	 x27:0x00000000  x4=0xfffff8b6
       12905000	      1289	80003e8c	4142ddb3	sra	x27,x5,x20	  x5:0x80008107 x20:0x80009efc x27=0xfffffff8
       12915000	      1290	80003e90	6fd52393	slti	x7,x10,1789	 x10:0x0000cc05  x7=0x00000000
       12925000	      1291	80003e94	00091293	slli	x5,x18,0x0	 x18:0x00000001  x5=0x00000001
       12935000	      1292	80003e98	00248463	beq	x9,x2,80003ea0	  x9:0x01fffff3  x2:0x00000001
       12945000	      1293	80003e9c	019d4933	xor	x18,x26,x25	 x26:0x5144d284 x25:0x00000028 x18=0x5144d2ac
       12955000	      1294	80003ea0	0340e863	bltu	x1,x20,80003ed0	  x1:0x00000014 x20:0x80009efc
       12965000	      1295	00000000	00000013	addi	x0,x0,0	  x0:0x00000000
       12975000	      1296	80003ecc	00000013	addi	x0,x0,0	  x0:0x00000000
       12985000	      1297	80003ed0	011fb9b3	sltu	x19,x31,x17	 x31:0x5144d284 x17:0x80009fc4 x19=0x00000001
       12995000	      1298	80003ed4	02f56e63	bltu	x10,x15,80003f10	 x10:0x0000cc05 x15:0x0080009f
       13005000	      1299	00000000	00000013	addi	x0,x0,0	  x0:0x00000000
       13015000	      1300	80003f0c	00000013	addi	x0,x0,0	  x0:0x00000000
       13025000	      1301	80003f10	1efcda97	auipc	x21,0x1efcd	 x21=0x9efd0f0c
       13035000	      1302	80003f14	014b19b3	sll	x19,x22,x20	 x22:0x00002000 x20:0x80009efc x19=0x00000000
       13045000	      1303	80003f18	fc853937	lui	x18,0xfc853	 x18=0xfc853000
       13055000	      1304	80003f1c	428b8493	addi	x9,x23,1064	 x23:0x000fffff  x9=0x00100427
       13065000	      1305	80003f20	9ce68237	lui	x4,0x9ce68	  x4=0x9ce68000
       13075000	      1306	80003f24	06984d13	xori	x26,x16,105	 x16:0x00000001 x26=0x00000068
       13085000	      1307	80003f28	00000013	addi	x0,x0,0	  x0:0x00000000
       13095000	      1308	80003f2c	01ae70b3	and	x1,x28,x26	 x28:0x0000000d x26:0x00000068  x1=0x00000008
       13105000	      1309	80003f30	40085913	srai	x18,x16,0x0	 x16:0x00000001 x18=0x00000001
       13115000	      1310	80003f34	4179dcb3	sra	x25,x19,x23	 x19:0x00000000 x23:0x000fffff x25=0x00000000
       13125000	      1311	80003f38	03ca0863	beq	x20,x28,80003f68	 x20:0x80009efc x28:0x0000000d
       13135000	      1312	80003f3c	01f8ad33	slt	x26,x17,x31	 x17:0x80009fc4 x31:0x5144d284 x26=0x00000001
       13145000	      1313	80003f40	00a2b6b3	sltu	x13,x5,x10	  x5:0x00000001 x10:0x0000cc05 x13=0x00000001
       13155000	      1314	80003f44	8208db37	lui	x22,0x8208d	 x22=0x8208d000
       13165000	      1315	80003f48	4a98dd97	auipc	x27,0x4a98d	 x27=0xca990f44
       13175000	      1316	80003f4c	edb96c13	ori	x24,x18,-293	 x18:0x00000001 x24=0xfffffedb
       13185000	      1317	80003f50	0148d863	bge	x17,x20,80003f60	 x17:0x80009fc4 x20:0x80009efc
       13195000	      1318	00000000	00000013	addi	x0,x0,0	  x0:0x00000000
       13205000	      1319	80003f5c	00000013	addi	x0,x0,0	  x0:0x00000000
       13215000	      1320	80003f60	fe592717	auipc	x14,0xfe592	 x14=0x7e595f5c
       13225000	      1321	80003f64	000c5e93	srli	x29,x24,0x0	 x24:0xfffffedb x29=0xfffffedb
       13235000	      1322	80003f68	00101413	slli	x8,x0,0x1	  x0:0x00000000  x8=0x00000000
       13245000	      1323	80003f6c	00e94863	blt	x18,x14,80003f7c	 x18:0x00000001 x14:0x7e595f5c
       13255000	      1324	00000000	00000013	addi	x0,x0,0	  x0:0x00000000
       13265000	      1325	80003f78	00000013	addi	x0,x0,0	  x0:0x00000000
       13275000	      1326	80003f7c	419902b3	sub	x5,x18,x25	 x18:0x00000001 x25:0x00000000  x5=0x00000001
       13285000	      1327	80003f80	0185b4b3	sltu	x9,x11,x24	 x11:0xc965311f x24:0xfffffedb  x9=0x00000001
       13295000	      1328	80003f84	219bc193	xori	x3,x23,537	 x23:0x000fffff  x3=0x000ffde6
       13305000	      1329	80003f88	40c35413	srai	x8,x6,0xc	  x6:0x46be5000  x8=0x00046be5
       13315000	      1330	80003f8c	00fb5c13	srli	x24,x22,0xf	 x22:0x8208d000 x24=0x00010411
       13325000	      1331	80003f90	018736b3	sltu	x13,x14,x24	 x14:0x7e595f5c x24:0x00010411 x13=0x00000000
       13335000	      1332	80003f94	02cb1663	bne	x22,x12,80003fc0	 x22:0x8208d000 x12:0x00000000
       13345000	      1333	00000000	00000013	addi	x0,x0,0	  x0:0x00000000
       13355000	      1334	80003fbc	00000013	addi	x0,x0,0	  x0:0x00000000
       13365000	      1335	80003fc0	015d4263	blt	x26,x21,80003fc4	 x26:0x00000001 x21:0x9efd0f0c
       13375000	      1336	80003fc4	00e01213	slli	x4,x0,0xe	  x0:0x00000000  x4=0x00000000
       13385000	      1337	80003fc8	019cb033	sltu	x0,x25,x25	 x25:0x00000000 x25:0x00000000
       13395000	      1338	80003fcc	04f49063	bne	x9,x15,8000400c	  x9:0x00000001 x15:0x0080009f
       13405000	      1339	00000000	00000013	addi	x0,x0,0	  x0:0x00000000
       13415000	      1340	80004008	00000013	addi	x0,x0,0	  x0:0x00000000
       13425000	      1341	8000400c	417400b3	sub	x1,x8,x23	  x8:0x00046be5 x23:0x000fffff  x1=0xfff46be6
       13435000	      1342	80004010	02651e63	bne	x10,x6,8000404c	 x10:0x0000cc05  x6:0x46be5000
       13445000	      1343	00000000	00000013	addi	x0,x0,0	  x0:0x00000000
       13455000	      1344	80004048	00000013	addi	x0,x0,0	  x0:0x00000000
       13465000	      1345	8000404c	00389a93	slli	x21,x17,0x3	 x17:0x80009fc4 x21=0x0004fe20
       13475000	      1346	80004050	01ace463	bltu	x25,x26,80004058	 x25:0x00000000 x26:0x00000001
       13485000	      1347	00000000	00000013	addi	x0,x0,0	  x0:0x00000000
       13495000	      1348	80004054	00000013	addi	x0,x0,0	  x0:0x00000000
       13505000	      1349	80004058	00930233	add	x4,x6,x9	  x6:0x46be5000  x9:0x00000001  x4=0x46be5001
       13515000	      1350	8000405c	4033d533	sra	x10,x7,x3	  x7:0x00000000  x3:0x000ffde6 x10=0x00000000
       13525000	      1351	80004060	0113cab3	xor	x21,x7,x17	  x7:0x00000000 x17:0x80009fc4 x21=0x80009fc4
       13535000	      1352	80004064	d6932293	slti	x5,x6,-663	  x6:0x46be5000  x5=0x00000000
       13545000	      1353	80004068	05ee6263	bltu	x28,x30,800040ac	 x28:0x0000000d x30:0x80009faa
       13555000	      1354	00000000	00000013	addi	x0,x0,0	  x0:0x00000000
       13565000	      1355	800040a8	00000013	addi	x0,x0,0	  x0:0x00000000
       13575000	      1356	800040ac	031b6c63	bltu	x22,x17,800040e4	 x22:0x8208d000 x17:0x80009fc4
       13585000	      1357	800040b0	014de263	bltu	x27,x20,800040b4	 x27:0xca990f44 x20:0x80009efc
       13595000	      1358	800040b4	ab5281b7	lui	x3,0xab528	  x3=0xab528000
       13605000	      1359	800040b8	055d9063	bne	x27,x21,800040f8	 x27:0xca990f44 x21:0x80009fc4
       13615000	      1360	00000000	00000013	addi	x0,x0,0	  x0:0x00000000
       13625000	      1361	800040f4	00000013	addi	x0,x0,0	  x0:0x00000000
       13635000	      1362	800040f8	41060db3	sub	x27,x12,x16	 x12:0x00000000 x16:0x00000001 x27=0xffffffff
       13645000	      1363	800040fc	d0c2b913	sltiu	x18,x5,-756	  x5:0x00000000 x18=0x00000001
       13655000	      1364	80004100	4064d813	srai	x16,x9,0x6	  x9:0x00000001 x16=0x00000000
       13665000	      1365	80004104	f0e97093	andi	x1,x18,-242	 x18:0x00000001  x1=0x00000000
       13675000	      1366	80004108	f4dd8c93	addi	x25,x27,-179	 x27:0xffffffff x25=0xffffff4c
       13685000	      1367	8000410c	ca323b13	sltiu	x22,x4,-861	  x4:0x46be5001 x22=0x00000001
       13695000	      1368	80004110	001a7263	bgeu	x20,x1,80004114	 x20:0x80009efc  x1:0x00000000
       13705000	      1369	00000000	00000013	addi	x0,x0,0	  x0:0x00000000
       13715000	      1370	80004110	00000013	addi	x0,x0,0	  x0:0x00000000
       13725000	      1371	80004114	00add393	srli	x7,x27,0xa	 x27:0xffffffff  x7=0x003fffff
       13735000	      1372	80004118	00f59293	slli	x5,x11,0xf	 x11:0xc965311f  x5=0x988f8000
       13745000	      1373	8000411c	01d9e433	or	x8,x19,x29	 x19:0x00000000 x29:0xfffffedb  x8=0xfffffedb
       13755000	      1374	80004120	010b21b3	slt	x3,x22,x16	 x22:0x00000001 x16:0x00000000  x3=0x00000000
       13765000	      1375	80004124	c7897997	auipc	x19,0xc7897	 x19=0x4789b120
       13775000	      1376	80004128	00599b33	sll	x22,x19,x5	 x19:0x4789b120  x5:0x988f8000 x22=0x4789b120
       13785000	      1377	8000412c	ae278b13	addi	x22,x15,-1310	 x15:0x0080009f x22=0x007ffb81
       13795000	      1378	80004130	40f15f33	sra	x30,x2,x15	  x2:0x00000001 x15:0x0080009f x30=0x00000000
       13805000	      1379	80004134	0109d6b3	srl	x13,x19,x16	 x19:0x4789b120 x16:0x00000000 x13=0x4789b120
       13815000	      1380	80004138	007aecb3	or	x25,x21,x7	 x21:0x80009fc4  x7:0x003fffff x25=0x803fffff
       13825000	      1381	8000413c	01ab34b3	sltu	x9,x22,x26	 x22:0x007ffb81 x26:0x00000001  x9=0x00000000
       13835000	      1382	80004140	41d65813	srai	x16,x12,0x1d	 x12:0x00000000 x16=0x00000000
       13845000	      1383	80004144	00000013	addi	x0,x0,0	  x0:0x00000000
       13855000	      1384	80004148	01798c63	beq	x19,x23,80004160	 x19:0x4789b120 x23:0x000fffff
       13865000	      1385	8000414c	b8f0a193	slti	x3,x1,-1137	  x1:0x00000000  x3=0x00000000
       13875000	      1386	80004150	41b05293	srai	x5,x0,0x1b	  x0:0x00000000  x5=0x00000000
       13885000	      1387	80004154	01737b33	and	x22,x6,x23	  x6:0x46be5000 x23:0x000fffff x22=0x000e5000
       13895000	      1388	80004158	004f9c93	slli	x25,x31,0x4	 x31:0x5144d284 x25=0x144d2840
       13905000	      1389	8000415c	419f5913	srai	x18,x30,0x19	 x30:0x00000000 x18=0x00000000
       13915000	      1390	80004160	740029ef	jal	x19,80004160	 x19=0x80004160
       13925000	      1391	00000000	00000013	addi	x0,x0,0	  x0:0x00000000
       13935000	      1392	8000689c	00000013	addi	x0,x0,0	  x0:0x00000000
       13945000	      1393	800068a0	0116eeb3	or	x29,x13,x17	 x13:0x4789b120 x17:0x80009fc4 x29=0xc789bfe4
       13955000	      1394	800068a4	feca0a13	addi	x20,x20,-20	 x20:0x80009efc x20=0x80009ee8
       13965000	      1395	800068a8	41120fb3	sub	x31,x4,x17	  x4:0x46be5001 x17:0x80009fc4 x31=0xc6bdb03d
       13975000	      1396	800068ac	1af67013	andi	x0,x12,431	 x12:0x00000000
       13985000	      1397	800068b0	6915ff13	andi	x30,x11,1681	 x11:0xc965311f x30=0x00000011
       13995000	      1398	800068b4	013a2223	sw	x19,4(x20)	 x20:0x80009ee8 x19:0x80004160 PA:0x80009eec
       14005000	      1399	800068b8	008854b3	srl	x9,x16,x8	 x16:0x00000000  x8:0xfffffedb  x9=0x00000000
       14015000	      1400	800068bc	02eae663	bltu	x21,x14,800068e8	 x21:0x80009fc4 x14:0x7e595f5c
       14025000	      1401	800068c0	41085c13	srai	x24,x16,0x10	 x16:0x00000000 x24=0x00000000
       14035000	      1402	800068c4	40798033	sub	x0,x19,x7	 x19:0x80004160  x7:0x003fffff
       14045000	      1403	800068c8	002fe6b3	or	x13,x31,x2	 x31:0xc6bdb03d  x2:0x00000001 x13=0xc6bdb03d
       14055000	      1404	800068cc	cba56713	ori	x14,x10,-838	 x10:0x00000000 x14=0xfffffcba
       14065000	      1405	800068d0	00000013	addi	x0,x0,0	  x0:0x00000000
       14075000	      1406	800068d4	010e6cb3	or	x25,x28,x16	 x28:0x0000000d x16:0x00000000 x25=0x0000000d
       14085000	      1407	800068d8	00ba1013	slli	x0,x20,0xb	 x20:0x80009ee8
       14095000	      1408	800068dc	4064d713	srai	x14,x9,0x6	  x9:0x00000000 x14=0x00000000
       14105000	      1409	800068e0	4007d4b3	sra	x9,x15,x0	 x15:0x0080009f  x0:0x00000000  x9=0x0080009f
       14115000	      1410	800068e4	0176ebb3	or	x23,x13,x23	 x13:0xc6bdb03d x23:0x000fffff x23=0xc6bfffff
       14125000	      1411	800068e8	e31fe9ef	jal	x19,800068e8	 x19=0x800068e8
       14135000	      1412	00000000	00000013	addi	x0,x0,0	  x0:0x00000000
       14145000	      1413	80005714	00000013	addi	x0,x0,0	  x0:0x00000000
       14155000	      1414	80005718	0071e333	or	x6,x3,x7	  x3:0x00000000  x7:0x003fffff  x6=0x003fffff
       14165000	      1415	8000571c	0135d263	bge	x11,x19,80005720	 x11:0xc965311f x19:0x800068e8
       14175000	      1416	00000000	00000013	addi	x0,x0,0	  x0:0x00000000
       14185000	      1417	8000571c	00000013	addi	x0,x0,0	  x0:0x00000000
       14195000	      1418	80005720	fc4a0a13	addi	x20,x20,-60	 x20:0x80009ee8 x20=0x80009eac
       14205000	      1419	80005724	41dc84b3	sub	x9,x25,x29	 x25:0x0000000d x29:0xc789bfe4  x9=0x38764029
       14215000	      1420	80005728	6d796613	ori	x12,x18,1751	 x18:0x00000000 x12=0x000006d7
       14225000	      1421	8000572c	013a2223	sw	x19,4(x20)	 x20:0x80009eac x19:0x800068e8 PA:0x80009eb0
       14235000	      1422	80005730	46173593	sltiu	x11,x14,1121	 x14:0x00000000 x11=0x00000001
       14245000	      1423	80005734	010813b3	sll	x7,x16,x16	 x16:0x00000000 x16:0x00000000  x7=0x00000000
       14255000	      1424	80005738	d02f4db7	lui	x27,0xd02f4	 x27=0xd02f4000
       14265000	      1425	8000573c	00b0c1b3	xor	x3,x1,x11	  x1:0x00000000 x11:0x00000001  x3=0x00000001
       14275000	      1426	80005740	41bc0eb3	sub	x29,x24,x27	 x24:0x00000000 x27:0xd02f4000 x29=0x2fd0c000
       14285000	      1427	80005744	37590917	auipc	x18,0x37590	 x18=0xb7595740
       14295000	      1428	80005748	01476533	or	x10,x14,x20	 x14:0x00000000 x20:0x80009eac x10=0x80009eac
       14305000	      1429	8000574c	7032cd13	xori	x26,x5,1795	  x5:0x00000000 x26=0x00000703
       14315000	      1430	80005750	138009ef	jal	x19,80005750	 x19=0x80005750
       14325000	      1431	00000000	00000013	addi	x0,x0,0	  x0:0x00000000
       14335000	      1432	80005884	00000013	addi	x0,x0,0	  x0:0x00000000
       14345000	      1433	80005888	01217263	bgeu	x2,x18,8000588c	  x2:0x00000001 x18:0xb7595740
       14355000	      1434	8000588c	fe4a0a13	addi	x20,x20,-28	 x20:0x80009eac x20=0x80009e90
       14365000	      1435	80005890	014ebdb3	sltu	x27,x29,x20	 x29:0x2fd0c000 x20:0x80009e90 x27=0x00000001
       14375000	      1436	80005894	4026dab3	sra	x21,x13,x2	 x13:0xc6bdb03d  x2:0x00000001 x21=0xe35ed81e
       14385000	      1437	80005898	01231813	slli	x16,x6,0x12	  x6:0x003fffff x16=0xfffc0000
       14395000	      1438	8000589c	ebb96917	auipc	x18,0xebb96	 x18=0x6bb9b898
       14405000	      1439	800058a0	4173dc33	sra	x24,x7,x23	  x7:0x00000000 x23:0xc6bfffff x24=0x00000000
       14415000	      1440	800058a4	e480f613	andi	x12,x1,-440	  x1:0x00000000 x12=0x00000000
       14425000	      1441	800058a8	011c1d93	slli	x27,x24,0x11	 x24:0x00000000 x27=0x00000000
       14435000	      1442	800058ac	c47ecb13	xori	x22,x29,-953	 x29:0x2fd0c000 x22=0xd02f3c47
       14445000	      1443	800058b0	013a2223	sw	x19,4(x20)	 x20:0x80009e90 x19:0x80005750 PA:0x80009e94
       14455000	      1444	800058b4	c8014e93	xori	x29,x2,-896	  x2:0x00000001 x29=0xfffffc81
       14465000	      1445	800058b8	05b9d463	bge	x19,x27,80005900	 x19:0x80005750 x27:0x00000000
       14475000	      1446	800058bc	ee81c393	xori	x7,x3,-280	  x3:0x00000001  x7=0xfffffee9
       14485000	      1447	800058c0	001ed293	srli	x5,x29,0x1	 x29:0xfffffc81  x5=0x7ffffe40
       14495000	      1448	800058c4	e5ca9137	lui	x2,0xe5ca9	  x2=0xe5ca9000
       14505000	      1449	800058c8	2f180693	addi	x13,x16,753	 x16:0xfffc0000 x13=0xfffc02f1
       14515000	      1450	800058cc	01909413	slli	x8,x1,0x19	  x1:0x00000000  x8=0x00000000
       14525000	      1451	800058d0	41dedb13	srai	x22,x29,0x1d	 x29:0xfffffc81 x22=0xffffffff
       14535000	      1452	800058d4	415ad913	srai	x18,x21,0x15	 x21:0xe35ed81e x18=0xffffff1a
       14545000	      1453	800058d8	00c953b3	srl	x7,x18,x12	 x18:0xffffff1a x12:0x00000000  x7=0xffffff1a
       14555000	      1454	800058dc	011dabb3	slt	x23,x27,x17	 x27:0x00000000 x17:0x80009fc4 x23=0x00000000
       14565000	      1455	800058e0	01e29313	slli	x6,x5,0x1e	  x5:0x7ffffe40  x6=0x00000000
       14575000	      1456	800058e4	0082bab3	sltu	x21,x5,x8	  x5:0x7ffffe40  x8:0x00000000 x21=0x00000000
       14585000	      1457	800058e8	019c9533	sll	x10,x25,x25	 x25:0x0000000d x25:0x0000000d x10=0x0001a000
       14595000	      1458	800058ec	01da05b3	add	x11,x20,x29	 x20:0x80009e90 x29:0xfffffc81 x11=0x80009b11
       14605000	      1459	800058f0	017cc4b3	xor	x9,x25,x23	 x25:0x0000000d x23:0x00000000  x9=0x0000000d
       14615000	      1460	800058f4	c2ba0b13	addi	x22,x20,-981	 x20:0x80009e90 x22=0x80009abb
       14625000	      1461	800058f8	fca62913	slti	x18,x12,-54	 x12:0x00000000 x18=0x00000000
       14635000	      1462	800058fc	0035a633	slt	x12,x11,x3	 x11:0x80009b11  x3:0x00000001 x12=0x00000001
       14645000	      1463	80005900	7846d537	lui	x10,0x7846d	 x10=0x7846d000
       14655000	      1464	80005904	41f4d513	srai	x10,x9,0x1f	  x9:0x0000000d x10=0x00000000
       14665000	      1465	80005908	01df5113	srli	x2,x30,0x1d	 x30:0x00000011  x2=0x00000000
       14675000	      1466	8000590c	002b2633	slt	x12,x22,x2	 x22:0x80009abb  x2:0x00000000 x12=0x00000001
       14685000	      1467	80005910	00f37cb3	and	x25,x6,x15	  x6:0x00000000 x15:0x0080009f x25=0x00000000
       14695000	      1468	80005914	40c75093	srai	x1,x14,0xc	 x14:0x00000000  x1=0x00000000
       14705000	      1469	80005918	652f7c13	andi	x24,x30,1618	 x30:0x00000011 x24=0x00000010
       14715000	      1470	8000591c	234d8b13	addi	x22,x27,564	 x27:0x00000000 x22=0x00000234
       14725000	      1471	80005920	eb082d13	slti	x26,x16,-336	 x16:0xfffc0000 x26=0x00000001
       14735000	      1472	80005924	01c38633	add	x12,x7,x28	  x7:0xffffff1a x28:0x0000000d x12=0xffffff27
       14745000	      1473	80005928	c4205837	lui	x16,0xc4205	 x16=0xc4205000
       14755000	      1474	8000592c	405d0db7	lui	x27,0x405d0	 x27=0x405d0000
       14765000	      1475	80005930	0110fd33	and	x26,x1,x17	  x1:0x00000000 x17:0x80009fc4 x26=0x00000000
       14775000	      1476	80005934	01b385b3	add	x11,x7,x27	  x7:0xffffff1a x27:0x405d0000 x11=0x405cff1a
       14785000	      1477	80005938	5b322913	slti	x18,x4,1459	  x4:0x46be5001 x18=0x00000000
       14795000	      1478	8000593c	4144d933	sra	x18,x9,x20	  x9:0x0000000d x20:0x80009e90 x18=0x00000000
       14805000	      1479	80005940	00bd7e63	bgeu	x26,x11,8000595c	 x26:0x00000000 x11:0x405cff1a
       14815000	      1480	80005944	017f1033	sll	x0,x30,x23	 x30:0x00000011 x23:0x00000000
       14825000	      1481	80005948	d0253d93	sltiu	x27,x10,-766	 x10:0x00000000 x27=0x00000001
       14835000	      1482	8000594c	01851eb3	sll	x29,x10,x24	 x10:0x00000000 x24:0x00000010 x29=0x00000000
       14845000	      1483	80005950	03078c13	addi	x24,x15,48	 x15:0x0080009f x24=0x008000cf
       14855000	      1484	80005954	7556ad13	slti	x26,x13,1877	 x13:0xfffc02f1 x26=0x00000001
       14865000	      1485	80005958	0076dfb3	srl	x31,x13,x7	 x13:0xfffc02f1  x7:0xffffff1a x31=0x0000003f
       14875000	      1486	8000595c	01204733	xor	x14,x0,x18	  x0:0x00000000 x18:0x00000000 x14=0x00000000
       14885000	      1487	80005960	dba9ea97	auipc	x21,0xdba9e	 x21=0x5baa395c
       14895000	      1488	80005964	004a2983	lw	x19,4(x20)	 x20:0x80009e90 x19=0x80005750 PA:0x80009e94
       14905000	      1489	80005968	6a0cd297	auipc	x5,0x6a0cd	  x5=0xea0d2964
       14915000	      1490	8000596c	010a1913	slli	x18,x20,0x10	 x20:0x80009e90 x18=0x9e900000
       14925000	      1491	80005970	33cb8693	addi	x13,x23,828	 x23:0x00000000 x13=0x0000033c
       14935000	      1492	80005974	01ca0a13	addi	x20,x20,28	 x20:0x80009e90 x20=0x80009eac
       14945000	      1493	80005978	01eb45b3	xor	x11,x22,x30	 x22:0x00000234 x30:0x00000011 x11=0x00000225
       14955000	      1494	8000597c	00198d93	addi	x27,x19,1	 x19:0x80005750 x27=0x80005751
       14965000	      1495	80005980	000d8de7	jalr	x27,x27,0	 x27:0x80005751 x27=0x80005980
       14975000	      1496	00000000	00000013	addi	x0,x0,0	  x0:0x00000000
       14985000	      1497	80005750	00000013	addi	x0,x0,0	  x0:0x00000000
       14995000	      1498	80005754	01925bb3	srl	x23,x4,x25	  x4:0x46be5001 x25:0x00000000 x23=0x46be5001
       15005000	      1499	80005758	26f68713	addi	x14,x13,623	 x13:0x0000033c x14=0x000005ab
       15015000	      1500	8000575c	412b8f33	sub	x30,x23,x18	 x23:0x46be5001 x18:0x9e900000 x30=0xa82e5001
       15025000	      1501	80005760	f6910593	addi	x11,x2,-151	  x2:0x00000000 x11=0xffffff69
       15035000	      1502	80005764	00000013	addi	x0,x0,0	  x0:0x00000000
       15045000	      1503	80005768	e25fd9ef	jal	x19,80005768	 x19=0x80005768
       15055000	      1504	00000000	00000013	addi	x0,x0,0	  x0:0x00000000
       15065000	      1505	80003588	00000013	addi	x0,x0,0	  x0:0x00000000
       15075000	      1506	8000358c	41fdddb3	sra	x27,x27,x31	 x27:0x80005980 x31:0x0000003f x27=0xffffffff
       15085000	      1507	80003590	00001463	bne	x0,x0,80003598	  x0:0x00000000  x0:0x00000000
       15095000	      1508	80003594	00295193	srli	x3,x18,0x2	 x18:0x9e900000  x3=0x27a40000
       15105000	      1509	80003598	ff8a0a13	addi	x20,x20,-8	 x20:0x80009eac x20=0x80009ea4
       15115000	      1510	8000359c	013a2223	sw	x19,4(x20)	 x20:0x80009ea4 x19:0x80005768 PA:0x80009ea8
       15125000	      1511	800035a0	050e6c13	ori	x24,x28,80	 x28:0x0000000d x24=0x0000005d
       15135000	      1512	800035a4	01e4d493	srli	x9,x9,0x1e	  x9:0x0000000d  x9=0x00000000
       15145000	      1513	800035a8	623ea693	slti	x13,x29,1571	 x29:0x00000000 x13=0x00000001
       15155000	      1514	800035ac	d6cd4293	xori	x5,x26,-660	 x26:0x00000001  x5=0xfffffd6d
       15165000	      1515	800035b0	014ec463	blt	x29,x20,800035b8	 x29:0x00000000 x20:0x80009ea4
       15175000	      1516	800035b4	60e4b993	sltiu	x19,x9,1550	  x9:0x00000000 x19=0x00000001
       15185000	      1517	800035b8	295a7e93	andi	x29,x20,661	 x20:0x80009ea4 x29=0x00000284
       15195000	      1518	800035bc	401a5593	srai	x11,x20,0x1	 x20:0x80009ea4 x11=0xc0004f52
       15205000	      1519	800035c0	0ebe2693	slti	x13,x28,235	 x28:0x0000000d x13=0x00000001
       15215000	      1520	800035c4	00d05913	srli	x18,x0,0xd	  x0:0x00000000 x18=0x00000000
       15225000	      1521	800035c8	41a08bb3	sub	x23,x1,x26	  x1:0x00000000 x26:0x00000001 x23=0xffffffff
       15235000	      1522	800035cc	14a03cb7	lui	x25,0x14a03	 x25=0x14a03000
       15245000	      1523	800035d0	004a2983	lw	x19,4(x20)	 x20:0x80009ea4 x19=0x80005768 PA:0x80009ea8
       15255000	      1524	800035d4	01841533	sll	x10,x8,x24	  x8:0x00000000 x24:0x0000005d x10=0x00000000
       15265000	      1525	800035d8	01da21b3	slt	x3,x20,x29	 x20:0x80009ea4 x29:0x00000284  x3=0x00000001
       15275000	      1526	800035dc	41aa06b3	sub	x13,x20,x26	 x20:0x80009ea4 x26:0x00000001 x13=0x80009ea3
       15285000	      1527	800035e0	008a0a13	addi	x20,x20,8	 x20:0x80009ea4 x20=0x80009eac
       15295000	      1528	800035e4	7b226d97	auipc	x27,0x7b226	 x27=0xfb2295e0
       15305000	      1529	800035e8	414a5493	srai	x9,x20,0x14	 x20:0x80009eac  x9=0xfffff800
       15315000	      1530	800035ec	00098a93	addi	x21,x19,0	 x19:0x80005768 x21=0x80005768
       15325000	      1531	800035f0	000a8ae7	jalr	x21,x21,0	 x21:0x80005768 x21=0x800035f0
       15335000	      1532	00000000	00000013	addi	x0,x0,0	  x0:0x00000000
       15345000	      1533	80005768	00000013	addi	x0,x0,0	  x0:0x00000000
       15355000	      1534	8000576c	59932917	auipc	x18,0x59932	 x18=0xd9937768
       15365000	      1535	80005770	7612c013	xori	x0,x5,1889	  x5:0xfffffd6d
       15375000	      1536	80005774	40570633	sub	x12,x14,x5	 x14:0x000005ab  x5:0xfffffd6d x12=0x0000083e
       15385000	      1537	80005778	002806b3	add	x13,x16,x2	 x16:0xc4205000  x2:0x00000000 x13=0xc4205000
       15395000	      1538	8000577c	408e0b33	sub	x22,x28,x8	 x28:0x0000000d  x8:0x00000000 x22=0x0000000d
       15405000	      1539	80005780	5b15b337	lui	x6,0x5b15b	  x6=0x5b15b000
       15415000	      1540	80005784	00632bb3	slt	x23,x6,x6	  x6:0x5b15b000  x6:0x5b15b000 x23=0x00000000
       15425000	      1541	80005788	0197db13	srli	x22,x15,0x19	 x15:0x0080009f x22=0x00000000
       15435000	      1542	8000578c	01f88cb3	add	x25,x17,x31	 x17:0x80009fc4 x31:0x0000003f x25=0x8000a003
       15445000	      1543	80005790	01d45a93	srli	x21,x8,0x1d	  x8:0x00000000 x21=0x00000000
       15455000	      1544	80005794	c6cfd9ef	jal	x19,80005794	 x19=0x80005794
       15465000	      1545	00000000	00000013	addi	x0,x0,0	  x0:0x00000000
       15475000	      1546	80002bfc	00000013	addi	x0,x0,0	  x0:0x00000000
       15485000	      1547	80002c00	00824463	blt	x4,x8,80002c08	  x4:0x46be5001  x8:0x00000000
       15495000	      1548	80002c04	01bb4f33	xor	x30,x22,x27	 x22:0x00000000 x27:0xfb2295e0 x30=0xfb2295e0
       15505000	      1549	80002c08	fd8a0a13	addi	x20,x20,-40	 x20:0x80009eac x20=0x80009e84
       15515000	      1550	80002c0c	4164d2b3	sra	x5,x9,x22	  x9:0xfffff800 x22:0x00000000  x5=0xfffff800
       15525000	      1551	80002c10	013a2223	sw	x19,4(x20)	 x20:0x80009e84 x19:0x80005794 PA:0x80009e88
       15535000	      1552	80002c14	00000013	addi	x0,x0,0	  x0:0x00000000
       15545000	      1553	80002c18	01ae5113	srli	x2,x28,0x1a	 x28:0x0000000d  x2=0x00000000
       15555000	      1554	80002c1c	00006117	auipc	x2,0x6	  x2=0x80008c18
       15565000	      1555	80002c20	99610113	addi	x2,x2,-1642	  x2:0x80008c18  x2=0x800085ae
       15575000	      1556	80002c24	008d91b3	sll	x3,x27,x8	 x27:0xfb2295e0  x8:0x00000000  x3=0xfb2295e0
       15585000	      1557	80002c28	59185337	lui	x6,0x59185	  x6=0x59185000
       15595000	      1558	80002c2c	f4c10803	lb	x16,-180(x2)	  x2:0x800085ae x16=0x0000002b PA:0x800084fa
       15605000	      1559	80002c30	2fee3d13	sltiu	x26,x28,766	 x28:0x0000000d x26=0x00000001
       15615000	      1560	80002c34	41acf313	andi	x6,x25,1050	 x25:0x8000a003  x6=0x00000002
       15625000	      1561	80002c38	01641593	slli	x11,x8,0x16	  x8:0x00000000 x11=0x00000000
       15635000	      1562	80002c3c	f9c14203	lbu	x4,-100(x2)	  x2:0x800085ae  x4=0x00000079 PA:0x8000854a
       15645000	      1563	80002c40	403754b3	sra	x9,x14,x3	 x14:0x000005ab  x3:0xfb2295e0  x9=0x000005ab
       15655000	      1564	80002c44	fd711623	sh	x23,-52(x2)	  x2:0x800085ae x23:0x00000000 PA:0x8000857a
       15665000	      1565	80002c48	679cbf97	auipc	x31,0x679cb	 x31=0xe79cdc44
       15675000	      1566	80002c4c	fa510283	lb	x5,-91(x2)	  x2:0x800085ae  x5=0x00000027 PA:0x80008553
       15685000	      1567	80002c50	40be5633	sra	x12,x28,x11	 x28:0x0000000d x11:0x00000000 x12=0x0000000d
       15695000	      1568	80002c54	40505213	srai	x4,x0,0x5	  x0:0x00000000  x4=0x00000000
       15705000	      1569	80002c58	01116633	or	x12,x2,x17	  x2:0x800085ae x17:0x80009fc4 x12=0x80009fee
       15715000	      1570	80002c5c	402c8cb3	sub	x25,x25,x2	 x25:0x8000a003  x2:0x800085ae x25=0x00001a55
       15725000	      1571	80002c60	012fefb3	or	x31,x31,x18	 x31:0xe79cdc44 x18:0xd9937768 x31=0xff9fff6c
       15735000	      1572	80002c64	4203f193	andi	x3,x7,1056	  x7:0xffffff1a  x3=0x00000400
       15745000	      1573	80002c68	f9011e23	sh	x16,-100(x2)	  x2:0x800085ae x16:0x0000002b PA:0x8000854a
       15755000	      1574	80002c6c	f7d11723	sh	x29,-146(x2)	  x2:0x800085ae x29:0x00000284 PA:0x8000851c
       15765000	      1575	80002c70	e2243013	sltiu	x0,x8,-478	  x8:0x00000000
       15775000	      1576	80002c74	01585b33	srl	x22,x16,x21	 x16:0x0000002b x21:0x00000000 x22=0x0000002b
       15785000	      1577	80002c78	00375933	srl	x18,x14,x3	 x14:0x000005ab  x3:0x00000400 x18=0x000005ab
       15795000	      1578	80002c7c	fdc57313	andi	x6,x10,-36	 x10:0x00000000  x6=0x00000000
       15805000	      1579	80002c80	0036fab3	and	x21,x13,x3	 x13:0xc4205000  x3:0x00000400 x21=0x00000000
       15815000	      1580	80002c84	3123b493	sltiu	x9,x7,786	  x7:0xffffff1a  x9=0x00000000
       15825000	      1581	80002c88	014b49b3	xor	x19,x22,x20	 x22:0x0000002b x20:0x80009e84 x19=0x80009eaf
       15835000	      1582	80002c8c	115a9b17	auipc	x22,0x115a9	 x22=0x915abc88
       15845000	      1583	80002c90	04314303	lbu	x6,67(x2)	  x2:0x800085ae  x6=0x000000d8 PA:0x800085f1
       15855000	      1584	80002c94	37b74e93	xori	x29,x14,891	 x14:0x000005ab x29=0x000006d0
       15865000	      1585	80002c98	0c810303	lb	x6,200(x2)	  x2:0x800085ae  x6=0x0000000f PA:0x80008676
       15875000	      1586	80002c9c	46aa31b7	lui	x3,0x46aa3	  x3=0x46aa3000
       15885000	      1587	80002ca0	fa415183	lhu	x3,-92(x2)	  x2:0x800085ae  x3=0x00002796 PA:0x80008552
       15895000	      1588	80002ca4	03811683	lh	x13,56(x2)	  x2:0x800085ae x13=0x0000076e PA:0x800085e6
       15905000	      1589	80002ca8	71f3b593	sltiu	x11,x7,1823	  x7:0xffffff1a x11=0x00000000
       15915000	      1590	80002cac	ff712b23	sw	x23,-10(x2)	  x2:0x800085ae x23:0x00000000 PA:0x800085a4
       15925000	      1591	80002cb0	1b243413	sltiu	x8,x8,434	  x8:0x00000000  x8=0x00000001
       15935000	      1592	80002cb4	faf8be93	sltiu	x29,x17,-81	 x17:0x80009fc4 x29=0x00000001
       15945000	      1593	80002cb8	f8914783	lbu	x15,-119(x2)	  x2:0x800085ae x15=0x0000000b PA:0x80008537
       15955000	      1594	80002cbc	01a597b3	sll	x15,x11,x26	 x11:0x00000000 x26:0x00000001 x15=0x00000000
       15965000	      1595	80002cc0	03e11b03	lh	x22,62(x2)	  x2:0x800085ae x22=0x0000780c PA:0x800085ec
       15975000	      1596	80002cc4	01475293	srli	x5,x14,0x14	 x14:0x000005ab  x5=0x00000000
       15985000	      1597	80002cc8	10a47337	lui	x6,0x10a47	  x6=0x10a47000
       15995000	      1598	80002ccc	d8de8693	addi	x13,x29,-627	 x29:0x00000001 x13=0xfffffd8e
       16005000	      1599	80002cd0	7dae1837	lui	x16,0x7dae1	 x16=0x7dae1000
       16015000	      1600	80002cd4	1e014813	xori	x16,x2,480	  x2:0x800085ae x16=0x8000844e
       16025000	      1601	80002cd8	03c89263	bne	x17,x28,80002cfc	 x17:0x80009fc4 x28:0x0000000d
       16035000	      1602	00000000	00000013	addi	x0,x0,0	  x0:0x00000000
       16045000	      1603	80002cf8	00000013	addi	x0,x0,0	  x0:0x00000000
       16055000	      1604	80002cfc	3c671997	auipc	x19,0x3c671	 x19=0xbc673cf8
       16065000	      1605	80002d00	41968eb3	sub	x29,x13,x25	 x13:0xfffffd8e x25:0x00001a55 x29=0xffffe339
       16075000	      1606	80002d04	006fb733	sltu	x14,x31,x6	 x31:0xff9fff6c  x6:0x10a47000 x14=0x00000000
       16085000	      1607	80002d08	0308e063	bltu	x17,x16,80002d28	 x17:0x80009fc4 x16:0x8000844e
       16095000	      1608	80002d0c	7f61e013	ori	x0,x3,2038	  x3:0x00002796
       16105000	      1609	80002d10	0220c463	blt	x1,x2,80002d38	  x1:0x00000000  x2:0x800085ae
       16115000	      1610	80002d14	02cee463	bltu	x29,x12,80002d3c	 x29:0xffffe339 x12:0x80009fee
       16125000	      1611	80002d18	00d13833	sltu	x16,x2,x13	  x2:0x800085ae x13:0xfffffd8e x16=0x00000001
       16135000	      1612	80002d1c	00fc47b3	xor	x15,x24,x15	 x24:0x0000005d x15:0x00000000 x15=0x0000005d
       16145000	      1613	80002d20	00e62ab3	slt	x21,x12,x14	 x12:0x80009fee x14:0x00000000 x21=0x00000001
       16155000	      1614	80002d24	60604a93	xori	x21,x0,1542	  x0:0x00000000 x21=0x00000606
       16165000	      1615	80002d28	b092af93	slti	x31,x5,-1271	  x5:0x00000000 x31=0x00000000
       16175000	      1616	80002d2c	004fb733	sltu	x14,x31,x4	 x31:0x00000000  x4:0x00000000 x14=0x00000000
       16185000	      1617	80002d30	03420a63	beq	x4,x20,80002d64	  x4:0x00000000 x20:0x80009e84
       16195000	      1618	80002d34	b905b013	sltiu	x0,x11,-1136	 x11:0x00000000
       16205000	      1619	80002d38	ab17e693	ori	x13,x15,-1359	 x15:0x0000005d x13=0xfffffafd
       16215000	      1620	80002d3c	000b7e63	bgeu	x22,x0,80002d58	 x22:0x0000780c  x0:0x00000000
       16225000	      1621	00000000	00000013	addi	x0,x0,0	  x0:0x00000000
       16235000	      1622	80002d54	00000013	addi	x0,x0,0	  x0:0x00000000
       16245000	      1623	80002d58	00ad8433	add	x8,x27,x10	 x27:0xfb2295e0 x10:0x00000000  x8=0xfb2295e0
       16255000	      1624	80002d5c	40ec5393	srai	x7,x24,0xe	 x24:0x0000005d  x7=0x00000000
       16265000	      1625	80002d60	007bc663	blt	x23,x7,80002d6c	 x23:0x00000000  x7:0x00000000
       16275000	      1626	80002d64	053c9863	bne	x25,x19,80002db4	 x25:0x00001a55 x19:0xbc673cf8
       16285000	      1627	00000000	00000013	addi	x0,x0,0	  x0:0x00000000
       16295000	      1628	80002db0	00000013	addi	x0,x0,0	  x0:0x00000000
       16305000	      1629	80002db4	418a54b3	sra	x9,x20,x24	 x20:0x80009e84 x24:0x0000005d  x9=0xfffffffc
       16315000	      1630	80002db8	400a0533	sub	x10,x20,x0	 x20:0x80009e84  x0:0x00000000 x10=0x80009e84
       16325000	      1631	80002dbc	018f04b3	add	x9,x30,x24	 x30:0xfb2295e0 x24:0x0000005d  x9=0xfb22963d
       16335000	      1632	80002dc0	40e88033	sub	x0,x17,x14	 x17:0x80009fc4 x14:0x00000000
       16345000	      1633	80002dc4	a8547493	andi	x9,x8,-1403	  x8:0xfb2295e0  x9=0xfb229080
       16355000	      1634	80002dc8	411b0c33	sub	x24,x22,x17	 x22:0x0000780c x17:0x80009fc4 x24=0x7fffd848
       16365000	      1635	80002dcc	003a9263	bne	x21,x3,80002dd0	 x21:0x00000606  x3:0x00002796
       16375000	      1636	00000000	00000013	addi	x0,x0,0	  x0:0x00000000
       16385000	      1637	80002dcc	00000013	addi	x0,x0,0	  x0:0x00000000
       16395000	      1638	80002dd0	0290f863	bgeu	x1,x9,80002e00	  x1:0x00000000  x9:0xfb229080
       16405000	      1639	80002dd4	01bd5713	srli	x14,x26,0x1b	 x26:0x00000001 x14=0x00000000
       16415000	      1640	80002dd8	0010ad33	slt	x26,x1,x1	  x1:0x00000000  x1:0x00000000 x26=0x00000000
       16425000	      1641	80002ddc	0321f063	bgeu	x3,x18,80002dfc	  x3:0x00002796 x18:0x000005ab
       16435000	      1642	00000000	00000013	addi	x0,x0,0	  x0:0x00000000
       16445000	      1643	80002df8	00000013	addi	x0,x0,0	  x0:0x00000000
       16455000	      1644	80002dfc	b5749217	auipc	x4,0xb5749	  x4=0x3574bdf8
       16465000	      1645	80002e00	008d5b93	srli	x23,x26,0x8	 x26:0x00000000 x23=0x00000000
       16475000	      1646	80002e04	008682b3	add	x5,x13,x8	 x13:0xfffffafd  x8:0xfb2295e0  x5=0xfb2290dd
       16485000	      1647	80002e08	01fa9ab3	sll	x21,x21,x31	 x21:0x00000606 x31:0x00000000 x21=0x00000606
       16495000	      1648	80002e0c	210b4213	xori	x4,x22,528	 x22:0x0000780c  x4=0x00007a1c
       16505000	      1649	80002e10	9f5f8613	addi	x12,x31,-1547	 x31:0x00000000 x12=0xfffff9f5
       16515000	      1650	80002e14	007ec733	xor	x14,x29,x7	 x29:0xffffe339  x7:0x00000000 x14=0xffffe339
       16525000	      1651	80002e18	01f0fab3	and	x21,x1,x31	  x1:0x00000000 x31:0x00000000 x21=0x00000000
       16535000	      1652	80002e1c	02e18a63	beq	x3,x14,80002e50	  x3:0x00002796 x14:0xffffe339
       16545000	      1653	80002e20	047e7863	bgeu	x28,x7,80002e70	 x28:0x0000000d  x7:0x00000000
       16555000	      1654	00000000	00000013	addi	x0,x0,0	  x0:0x00000000
       16565000	      1655	80002e6c	00000013	addi	x0,x0,0	  x0:0x00000000
       16575000	      1656	80002e70	b80f8293	addi	x5,x31,-1152	 x31:0x00000000  x5=0xfffffb80
       16585000	      1657	80002e74	05759063	bne	x11,x23,80002eb4	 x11:0x00000000 x23:0x00000000
       16595000	      1658	80002e78	007c5633	srl	x12,x24,x7	 x24:0x7fffd848  x7:0x00000000 x12=0x7fffd848
       16605000	      1659	80002e7c	0188b9b3	sltu	x19,x17,x24	 x17:0x80009fc4 x24:0x7fffd848 x19=0x00000000
       16615000	      1660	80002e80	01c064b3	or	x9,x0,x28	  x0:0x00000000 x28:0x0000000d  x9=0x0000000d
       16625000	      1661	80002e84	01427033	and	x0,x4,x20	  x4:0x00007a1c x20:0x80009e84
       16635000	      1662	80002e88	0147f3b3	and	x7,x15,x20	 x15:0x0000005d x20:0x80009e84  x7=0x00000004
       16645000	      1663	80002e8c	1a49f413	andi	x8,x19,420	 x19:0x00000000  x8=0x00000000
       16655000	      1664	80002e90	006e9e93	slli	x29,x29,0x6	 x29:0xffffe339 x29=0xfff8ce40
       16665000	      1665	80002e94	00b38733	add	x14,x7,x11	  x7:0x00000004 x11:0x00000000 x14=0x00000004
       16675000	      1666	80002e98	00631913	slli	x18,x6,0x6	  x6:0x10a47000 x18=0x291c0000
       16685000	      1667	80002e9c	4eb1f217	auipc	x4,0x4eb1f	  x4=0xceb21e98
       16695000	      1668	80002ea0	02699663	bne	x19,x6,80002ecc	 x19:0x00000000  x6:0x10a47000
       16705000	      1669	00000000	00000013	addi	x0,x0,0	  x0:0x00000000
       16715000	      1670	80002ec8	00000013	addi	x0,x0,0	  x0:0x00000000
       16725000	      1671	80002ecc	0168fa63	bgeu	x17,x22,80002ee0	 x17:0x80009fc4 x22:0x0000780c
       16735000	      1672	00000000	00000013	addi	x0,x0,0	  x0:0x00000000
       16745000	      1673	80002edc	00000013	addi	x0,x0,0	  x0:0x00000000
       16755000	      1674	80002ee0	418c8ab3	sub	x21,x25,x24	 x25:0x00001a55 x24:0x7fffd848 x21=0x8000420d
       16765000	      1675	80002ee4	0daff463	bgeu	x31,x26,80002fac	 x31:0x00000000 x26:0x00000000
       16775000	      1676	00000000	00000013	addi	x0,x0,0	  x0:0x00000000
       16785000	      1677	80002fa8	00000013	addi	x0,x0,0	  x0:0x00000000
       16795000	      1678	80002fac	fcfc8297	auipc	x5,0xfcfc8	  x5=0x7cfcafa8
       16805000	      1679	80002fb0	afa55237	lui	x4,0xafa55	  x4=0xafa55000
       16815000	      1680	80002fb4	01e80733	add	x14,x16,x30	 x16:0x00000001 x30:0xfb2295e0 x14=0xfb2295e1
       16825000	      1681	80002fb8	e5816613	ori	x12,x2,-424	  x2:0x800085ae x12=0xfffffffe
       16835000	      1682	80002fbc	938efa93	andi	x21,x29,-1736	 x29:0xfff8ce40 x21=0xfff8c800
       16845000	      1683	80002fc0	e3c8f513	andi	x10,x17,-452	 x17:0x80009fc4 x10=0x80009e04
       16855000	      1684	80002fc4	4032d393	srai	x7,x5,0x3	  x5:0x7cfcafa8  x7=0x0f9f95f5
       16865000	      1685	80002fc8	013b1263	bne	x22,x19,80002fcc	 x22:0x0000780c x19:0x00000000
       16875000	      1686	00000000	00000013	addi	x0,x0,0	  x0:0x00000000
       16885000	      1687	80002fc8	00000013	addi	x0,x0,0	  x0:0x00000000
       16895000	      1688	80002fcc	0160c933	xor	x18,x1,x22	  x1:0x00000000 x22:0x0000780c x18=0x0000780c
       16905000	      1689	80002fd0	00f00fb3	add	x31,x0,x15	  x0:0x00000000 x15:0x0000005d x31=0x0000005d
       16915000	      1690	80002fd4	021f7063	bgeu	x30,x1,80002ff4	 x30:0xfb2295e0  x1:0x00000000
       16925000	      1691	00000000	00000013	addi	x0,x0,0	  x0:0x00000000
       16935000	      1692	80002ff0	00000013	addi	x0,x0,0	  x0:0x00000000
       16945000	      1693	80002ff4	00000013	addi	x0,x0,0	  x0:0x00000000
       16955000	      1694	80002ff8	bb4ae793	ori	x15,x21,-1100	 x21:0xfff8c800 x15=0xfffffbb4
       16965000	      1695	80002ffc	05a70063	beq	x14,x26,8000303c	 x14:0xfb2295e1 x26:0x00000000
       16975000	      1696	80003000	03316e63	bltu	x2,x19,8000303c	  x2:0x800085ae x19:0x00000000
       16985000	      1697	80003004	0f829e63	bne	x5,x24,80003100	  x5:0x7cfcafa8 x24:0x7fffd848
       16995000	      1698	00000000	00000013	addi	x0,x0,0	  x0:0x00000000
       17005000	      1699	800030fc	00000013	addi	x0,x0,0	  x0:0x00000000
       17015000	      1700	80003100	00d542b3	xor	x5,x10,x13	 x10:0x80009e04 x13:0xfffffafd  x5=0x7fff64f9
       17025000	      1701	80003104	7e836993	ori	x19,x6,2024	  x6:0x10a47000 x19=0x10a477e8
       17035000	      1702	80003108	40228eb3	sub	x29,x5,x2	  x5:0x7fff64f9  x2:0x800085ae x29=0xfffedf4b
       17045000	      1703	8000310c	007e5b13	srli	x22,x28,0x7	 x28:0x0000000d x22=0x00000000
       17055000	      1704	80003110	40790533	sub	x10,x18,x7	 x18:0x0000780c  x7:0x0f9f95f5 x10=0xf060e217
       17065000	      1705	80003114	400d5713	srai	x14,x26,0x0	 x26:0x00000000 x14=0x00000000
       17075000	      1706	80003118	019b7ab3	and	x21,x22,x25	 x22:0x00000000 x25:0x00001a55 x21=0x00000000
       17085000	      1707	8000311c	01c64c63	blt	x12,x28,80003134	 x12:0xfffffffe x28:0x0000000d
       17095000	      1708	00000000	00000013	addi	x0,x0,0	  x0:0x00000000
       17105000	      1709	80003130	00000013	addi	x0,x0,0	  x0:0x00000000
       17115000	      1710	80003134	a8be2f93	slti	x31,x28,-1397	 x28:0x0000000d x31=0x00000000
       17125000	      1711	80003138	00259993	slli	x19,x11,0x2	 x11:0x00000000 x19=0x00000000
       17135000	      1712	8000313c	02874a63	blt	x14,x8,80003170	 x14:0x00000000  x8:0x00000000
       17145000	      1713	80003140	e32eb093	sltiu	x1,x29,-462	 x29:0xfffedf4b  x1=0x00000001
       17155000	      1714	80003144	00f8dc13	srli	x24,x17,0xf	 x17:0x80009fc4 x24=0x00010001
       17165000	      1715	80003148	0122e5b3	or	x11,x5,x18	  x5:0x7fff64f9 x18:0x0000780c x11=0x7fff7cfd
       17175000	      1716	8000314c	009cfb33	and	x22,x25,x9	 x25:0x00001a55  x9:0x0000000d x22=0x00000005
       17185000	      1717	80003150	01d51533	sll	x10,x10,x29	 x10:0xf060e217 x29:0xfffedf4b x10=0x0710b800
       17195000	      1718	80003154	40f45913	srai	x18,x8,0xf	  x8:0x00000000 x18=0x00000000
       17205000	      1719	80003158	40de55b3	sra	x11,x28,x13	 x28:0x0000000d x13:0xfffffafd x11=0x00000000
       17215000	      1720	8000315c	8c380793	addi	x15,x16,-1853	 x16:0x00000001 x15=0xfffff8c4
       17225000	      1721	80003160	00000013	addi	x0,x0,0	  x0:0x00000000
       17235000	      1722	80003164	004384b3	add	x9,x7,x4	  x7:0x0f9f95f5  x4:0xafa55000  x9=0xbf44e5f5
       17245000	      1723	80003168	41228eb3	sub	x29,x5,x18	  x5:0x7fff64f9 x18:0x00000000 x29=0x7fff64f9
       17255000	      1724	8000316c	0124c033	xor	x0,x9,x18	  x9:0xbf44e5f5 x18:0x00000000
       17265000	      1725	80003170	04c5e263	bltu	x11,x12,800031b4	 x11:0x00000000 x12:0xfffffffe
       17275000	      1726	00000000	00000013	addi	x0,x0,0	  x0:0x00000000
       17285000	      1727	800031b0	00000013	addi	x0,x0,0	  x0:0x00000000
       17295000	      1728	800031b4	8f553f37	lui	x30,0x8f553	 x30=0x8f553000
       17305000	      1729	800031b8	803c4f93	xori	x31,x24,-2045	 x24:0x00010001 x31=0xfffef802
       17315000	      1730	800031bc	01bfee63	bltu	x31,x27,800031d8	 x31:0xfffef802 x27:0xfb2295e0
       17325000	      1731	800031c0	00000013	addi	x0,x0,0	  x0:0x00000000
       17335000	      1732	800031c4	01d24263	blt	x4,x29,800031c8	  x4:0xafa55000 x29:0x7fff64f9
       17345000	      1733	00000000	00000013	addi	x0,x0,0	  x0:0x00000000
       17355000	      1734	800031c4	00000013	addi	x0,x0,0	  x0:0x00000000
       17365000	      1735	800031c8	9d1f3293	sltiu	x5,x30,-1583	 x30:0x8f553000  x5=0x00000001
       17375000	      1736	800031cc	00f70033	add	x0,x14,x15	 x14:0x00000000 x15:0xfffff8c4
       17385000	      1737	800031d0	01edd033	srl	x0,x27,x30	 x27:0xfb2295e0 x30:0x8f553000
       17395000	      1738	800031d4	01e8b333	sltu	x6,x17,x30	 x17:0x80009fc4 x30:0x8f553000  x6=0x00000001
       17405000	      1739	800031d8	5c58ef17	auipc	x30,0x5c58e	 x30=0xdc5911d4
       17415000	      1740	800031dc	2f90cc93	xori	x25,x1,761	  x1:0x00000001 x25=0x000002f8
       17425000	      1741	800031e0	40f3dd93	srai	x27,x7,0xf	  x7:0x0f9f95f5 x27=0x00001f3f
       17435000	      1742	800031e4	01fa1133	sll	x2,x20,x31	 x20:0x80009e84 x31:0xfffef802  x2=0x00027a10
       17445000	      1743	800031e8	c49ef317	auipc	x6,0xc49ef	  x6=0x449f21e4
       17455000	      1744	800031ec	699a2493	slti	x9,x20,1689	 x20:0x80009e84  x9=0x00000001
       17465000	      1745	800031f0	3d360b93	addi	x23,x12,979	 x12:0xfffffffe x23=0x000003d1
       17475000	      1746	800031f4	05f2d263	bge	x5,x31,80003238	  x5:0x00000001 x31:0xfffef802
       17485000	      1747	00000000	00000013	addi	x0,x0,0	  x0:0x00000000
       17495000	      1748	80003234	00000013	addi	x0,x0,0	  x0:0x00000000
       17505000	      1749	80003238	41b7dd33	sra	x26,x15,x27	 x15:0xfffff8c4 x27:0x00001f3f x26=0xffffffff
       17515000	      1750	8000323c	015fc463	blt	x31,x21,80003244	 x31:0xfffef802 x21:0x00000000
       17525000	      1751	00000000	00000013	addi	x0,x0,0	  x0:0x00000000
       17535000	      1752	80003240	00000013	addi	x0,x0,0	  x0:0x00000000
       17545000	      1753	80003244	40990bb3	sub	x23,x18,x9	 x18:0x00000000  x9:0x00000001 x23=0xffffffff
       17555000	      1754	80003248	40da0533	sub	x10,x20,x13	 x20:0x80009e84 x13:0xfffffafd x10=0x8000a387
       17565000	      1755	8000324c	411dea97	auipc	x21,0x411de	 x21=0xc11e1248
       17575000	      1756	80003250	00e52933	slt	x18,x10,x14	 x10:0x8000a387 x14:0x00000000 x18=0x00000001
       17585000	      1757	80003254	01aeeab3	or	x21,x29,x26	 x29:0x7fff64f9 x26:0xffffffff x21=0xffffffff
       17595000	      1758	80003258	3c7d0513	addi	x10,x26,967	 x26:0xffffffff x10=0x000003c6
       17605000	      1759	8000325c	01f402b3	add	x5,x8,x31	  x8:0x00000000 x31:0xfffef802  x5=0xfffef802
       17615000	      1760	80003260	076ab993	sltiu	x19,x21,118	 x21:0xffffffff x19=0x00000000
       17625000	      1761	80003264	409c00b3	sub	x1,x24,x9	 x24:0x00010001  x9:0x00000001  x1=0x00010000
       17635000	      1762	80003268	01e4ad33	slt	x26,x9,x30	  x9:0x00000001 x30:0xdc5911d4 x26=0x00000000
       17645000	      1763	8000326c	05284863	blt	x16,x18,800032bc	 x16:0x00000001 x18:0x00000001
       17655000	      1764	80003270	4059d233	sra	x4,x19,x5	 x19:0x00000000  x5:0xfffef802  x4=0x00000000
       17665000	      1765	80003274	00a82c33	slt	x24,x16,x10	 x16:0x00000001 x10:0x000003c6 x24=0x00000001
       17675000	      1766	80003278	92c84393	xori	x7,x16,-1748	 x16:0x00000001  x7=0xfffff92d
       17685000	      1767	8000327c	00ecce63	blt	x25,x14,80003298	 x25:0x000002f8 x14:0x00000000
       17695000	      1768	80003280	018b6833	or	x16,x22,x24	 x22:0x00000005 x24:0x00000001 x16=0x00000005
       17705000	      1769	80003284	33768f97	auipc	x31,0x33768	 x31=0xb376b280
       17715000	      1770	80003288	00324333	xor	x6,x4,x3	  x4:0x00000000  x3:0x00002796  x6=0x00002796
       17725000	      1771	8000328c	0d3e2f13	slti	x30,x28,211	 x28:0x0000000d x30=0x00000001
       17735000	      1772	80003290	4023d833	sra	x16,x7,x2	  x7:0xfffff92d  x2:0x00027a10 x16=0xffffffff
       17745000	      1773	80003294	03d98463	beq	x19,x29,800032bc	 x19:0x00000000 x29:0x7fff64f9
       17755000	      1774	80003298	00cd9633	sll	x12,x27,x12	 x27:0x00001f3f x12:0xfffffffe x12=0xc0000000
       17765000	      1775	8000329c	010c89b3	add	x19,x25,x16	 x25:0x000002f8 x16:0xffffffff x19=0x000002f7
       17775000	      1776	800032a0	00000013	addi	x0,x0,0	  x0:0x00000000
       17785000	      1777	800032a4	02805463	bge	x0,x8,800032cc	  x0:0x00000000  x8:0x00000000
       17795000	      1778	00000000	00000013	addi	x0,x0,0	  x0:0x00000000
       17805000	      1779	800032c8	00000013	addi	x0,x0,0	  x0:0x00000000
       17815000	      1780	800032cc	022c4463	blt	x24,x2,800032f4	 x24:0x00000001  x2:0x00027a10
       17825000	      1781	00000000	00000013	addi	x0,x0,0	  x0:0x00000000
       17835000	      1782	800032f0	00000013	addi	x0,x0,0	  x0:0x00000000
       17845000	      1783	800032f4	cae13537	lui	x10,0xcae13	 x10=0xcae13000
       17855000	      1784	800032f8	41568333	sub	x6,x13,x21	 x13:0xfffffafd x21:0xffffffff  x6=0xfffffafe
       17865000	      1785	800032fc	fe4d6c93	ori	x25,x26,-28	 x26:0x00000000 x25=0xffffffe4
       17875000	      1786	80003300	01d84bb3	xor	x23,x16,x29	 x16:0xffffffff x29:0x7fff64f9 x23=0x80009b06
       17885000	      1787	80003304	01629f13	slli	x30,x5,0x16	  x5:0xfffef802 x30=0x00800000
       17895000	      1788	80003308	414901b3	sub	x3,x18,x20	 x18:0x00000001 x20:0x80009e84  x3=0x7fff617d
       17905000	      1789	8000330c	dc4e2913	slti	x18,x28,-572	 x28:0x0000000d x18=0x00000000
       17915000	      1790	80003310	29d0a913	slti	x18,x1,669	  x1:0x00010000 x18=0x00000000
       17925000	      1791	80003314	96db0a93	addi	x21,x22,-1683	 x22:0x00000005 x21=0xfffff972
       17935000	      1792	80003318	402a5733	sra	x14,x20,x2	 x20:0x80009e84  x2:0x00027a10 x14=0xffff8000
       17945000	      1793	8000331c	00561ab3	sll	x21,x12,x5	 x12:0xc0000000  x5:0xfffef802 x21=0x00000000
       17955000	      1794	80003320	046cf063	bgeu	x25,x6,80003360	 x25:0xffffffe4  x6:0xfffffafe
       17965000	      1795	00000000	00000013	addi	x0,x0,0	  x0:0x00000000
       17975000	      1796	8000335c	00000013	addi	x0,x0,0	  x0:0x00000000
       17985000	      1797	80003360	40285933	sra	x18,x16,x2	 x16:0xffffffff  x2:0x00027a10 x18=0xffffffff
       17995000	      1798	80003364	05451263	bne	x10,x20,800033a8	 x10:0xcae13000 x20:0x80009e84
       18005000	      1799	00000000	00000013	addi	x0,x0,0	  x0:0x00000000
       18015000	      1800	800033a4	00000013	addi	x0,x0,0	  x0:0x00000000
       18025000	      1801	800033a8	00a722b3	slt	x5,x14,x10	 x14:0xffff8000 x10:0xcae13000  x5=0x00000000
       18035000	      1802	800033ac	019e22b3	slt	x5,x28,x25	 x28:0x0000000d x25:0xffffffe4  x5=0x00000000
       18045000	      1803	800033b0	011a7933	and	x18,x20,x17	 x20:0x80009e84 x17:0x80009fc4 x18=0x80009e84
       18055000	      1804	800033b4	00000013	addi	x0,x0,0	  x0:0x00000000
       18065000	      1805	800033b8	02884863	blt	x16,x8,800033e8	 x16:0xffffffff  x8:0x00000000
       18075000	      1806	00000000	00000013	addi	x0,x0,0	  x0:0x00000000
       18085000	      1807	800033e4	00000013	addi	x0,x0,0	  x0:0x00000000
       18095000	      1808	800033e8	002e5133	srl	x2,x28,x2	 x28:0x0000000d  x2:0x00027a10  x2=0x00000000
       18105000	      1809	800033ec	00f91c13	slli	x24,x18,0xf	 x18:0x80009e84 x24=0x4f420000
       18115000	      1810	800033f0	cc31fd37	lui	x26,0xcc31f	 x26=0xcc31f000
       18125000	      1811	800033f4	c1a26717	auipc	x14,0xc1a26	 x14=0x41a293f0
       18135000	      1812	800033f8	e136dcb7	lui	x25,0xe136d	 x25=0xe136d000
       18145000	      1813	800033fc	41d956b3	sra	x13,x18,x29	 x18:0x80009e84 x29:0x7fff64f9 x13=0xffffffc0
       18155000	      1814	80003400	00d6dfb3	srl	x31,x13,x13	 x13:0xffffffc0 x13:0xffffffc0 x31=0xffffffc0
       18165000	      1815	80003404	0010e6b3	or	x13,x1,x1	  x1:0x00010000  x1:0x00010000 x13=0x00010000
       18175000	      1816	80003408	0087a433	slt	x8,x15,x8	 x15:0xfffff8c4  x8:0x00000000  x8=0x00000001
       18185000	      1817	8000340c	009e7233	and	x4,x28,x9	 x28:0x0000000d  x9:0x00000001  x4=0x00000001
       18195000	      1818	80003410	044ff863	bgeu	x31,x4,80003460	 x31:0xffffffc0  x4:0x00000001
       18205000	      1819	00000000	00000013	addi	x0,x0,0	  x0:0x00000000
       18215000	      1820	8000345c	00000013	addi	x0,x0,0	  x0:0x00000000
       18225000	      1821	80003460	40505213	srai	x4,x0,0x5	  x0:0x00000000  x4=0x00000000
       18235000	      1822	80003464	5ebf6c93	ori	x25,x30,1515	 x30:0x00800000 x25=0x008005eb
       18245000	      1823	80003468	f5ea0c37	lui	x24,0xf5ea0	 x24=0xf5ea0000
       18255000	      1824	8000346c	009ec4b3	xor	x9,x29,x9	 x29:0x7fff64f9  x9:0x00000001  x9=0x7fff64f8
       18265000	      1825	80003470	00000013	addi	x0,x0,0	  x0:0x00000000
       18275000	      1826	80003474	0045ac33	slt	x24,x11,x4	 x11:0x00000000  x4:0x00000000 x24=0x00000000
       18285000	      1827	80003478	01a6d1b3	srl	x3,x13,x26	 x13:0x00010000 x26:0xcc31f000  x3=0x00010000
       18295000	      1828	8000347c	01fa9d33	sll	x26,x21,x31	 x21:0x00000000 x31:0xffffffc0 x26=0x00000000
       18305000	      1829	80003480	0101f263	bgeu	x3,x16,80003484	  x3:0x00010000 x16:0xffffffff
       18315000	      1830	80003484	253fbd93	sltiu	x27,x31,595	 x31:0xffffffc0 x27=0x00000000
       18325000	      1831	80003488	03bede63	bge	x29,x27,800034c4	 x29:0x7fff64f9 x27:0x00000000
       18335000	      1832	00000000	00000013	addi	x0,x0,0	  x0:0x00000000
       18345000	      1833	800034c0	00000013	addi	x0,x0,0	  x0:0x00000000
       18355000	      1834	800034c4	01fe1513	slli	x10,x28,0x1f	 x28:0x0000000d x10=0x80000000
       18365000	      1835	800034c8	e9b44913	xori	x18,x8,-357	  x8:0x00000001 x18=0xfffffe9a
       18375000	      1836	800034cc	02418463	beq	x3,x4,800034f4	  x3:0x00010000  x4:0x00000000
       18385000	      1837	800034d0	ed68a293	slti	x5,x17,-298	 x17:0x80009fc4  x5=0x00000001
       18395000	      1838	800034d4	06017a93	andi	x21,x2,96	  x2:0x00000000 x21=0x00000000
       18405000	      1839	800034d8	88726513	ori	x10,x4,-1913	  x4:0x00000000 x10=0xfffff887
       18415000	      1840	800034dc	003f9f93	slli	x31,x31,0x3	 x31:0xffffffc0 x31=0xfffffe00
       18425000	      1841	800034e0	018d9b13	slli	x22,x27,0x18	 x27:0x00000000 x22=0x00000000
       18435000	      1842	800034e4	208de513	ori	x10,x27,520	 x27:0x00000000 x10=0x00000208
       18445000	      1843	800034e8	016f5913	srli	x18,x30,0x16	 x30:0x00800000 x18=0x00000002
       18455000	      1844	800034ec	7fea6113	ori	x2,x20,2046	 x20:0x80009e84  x2=0x80009ffe
       18465000	      1845	800034f0	8485c213	xori	x4,x11,-1976	 x11:0x00000000  x4=0xfffff848
       18475000	      1846	800034f4	40b551b3	sra	x3,x10,x11	 x10:0x00000208 x11:0x00000000  x3=0x00000208
       18485000	      1847	800034f8	5a1c3b93	sltiu	x23,x24,1441	 x24:0x00000000 x23=0x00000001
       18495000	      1848	800034fc	00000013	addi	x0,x0,0	  x0:0x00000000
       18505000	      1849	80003500	00000013	addi	x0,x0,0	  x0:0x00000000
       18515000	      1850	80003504	4bbd3693	sltiu	x13,x26,1211	 x26:0x00000000 x13=0x00000001
       18525000	      1851	80003508	008b47b3	xor	x15,x22,x8	 x22:0x00000000  x8:0x00000001 x15=0x00000001
       18535000	      1852	8000350c	01741413	slli	x8,x8,0x17	  x8:0x00000001  x8=0x00800000
       18545000	      1853	80003510	98f0e593	ori	x11,x1,-1649	  x1:0x00010000 x11=0xfffff98f
       18555000	      1854	80003514	0073c533	xor	x10,x7,x7	  x7:0xfffff92d  x7:0xfffff92d x10=0x00000000
       18565000	      1855	80003518	03ebca63	blt	x23,x30,8000354c	 x23:0x00000001 x30:0x00800000
       18575000	      1856	00000000	00000013	addi	x0,x0,0	  x0:0x00000000
       18585000	      1857	80003548	00000013	addi	x0,x0,0	  x0:0x00000000
       18595000	      1858	8000354c	001c1e63	bne	x24,x1,80003568	 x24:0x00000000  x1:0x00010000
       18605000	      1859	00000000	00000013	addi	x0,x0,0	  x0:0x00000000
       18615000	      1860	80003564	00000013	addi	x0,x0,0	  x0:0x00000000
       18625000	      1861	80003568	393dc393	xori	x7,x27,915	 x27:0x00000000  x7=0x00000393
       18635000	      1862	8000356c	003925b3	slt	x11,x18,x3	 x18:0x00000002  x3:0x00000208 x11=0x00000001
       18645000	      1863	80003570	01a6f7b3	and	x15,x13,x26	 x13:0x00000001 x26:0x00000000 x15=0x00000000
       18655000	      1864	80003574	90c43613	sltiu	x12,x8,-1780	  x8:0x00800000 x12=0x00000001
       18665000	      1865	80003578	004a2983	lw	x19,4(x20)	 x20:0x80009e84 x19=0x80005794 PA:0x80009e88
       18675000	      1866	8000357c	028a0a13	addi	x20,x20,40	 x20:0x80009e84 x20=0x80009eac
       18685000	      1867	80003580	00000013	addi	x0,x0,0	  x0:0x00000000
       18695000	      1868	80003584	00198b13	addi	x22,x19,1	 x19:0x80005794 x22=0x80005795
       18705000	      1869	80003588	000b0b67	jalr	x22,x22,0	 x22:0x80005795 x22=0x80003588
       18715000	      1870	00000000	00000013	addi	x0,x0,0	  x0:0x00000000
       18725000	      1871	80005794	00000013	addi	x0,x0,0	  x0:0x00000000
       18735000	      1872	80005798	89e82213	slti	x4,x16,-1890	 x16:0xffffffff  x4=0x00000000
       18745000	      1873	8000579c	01ba0263	beq	x20,x27,800057a0	 x20:0x80009eac x27:0x00000000
       18755000	      1874	800057a0	001c5863	bge	x24,x1,800057b0	 x24:0x00000000  x1:0x00010000
       18765000	      1875	800057a4	e46c4537	lui	x10,0xe46c4	 x10=0xe46c4000
       18775000	      1876	800057a8	01c7d813	srli	x16,x15,0x1c	 x15:0x00000000 x16=0x00000000
       18785000	      1877	800057ac	04404063	blt	x0,x4,800057ec	  x0:0x00000000  x4:0x00000000
       18795000	      1878	800057b0	40695d93	srai	x27,x18,0x6	 x18:0x00000002 x27=0x00000000
       18805000	      1879	800057b4	41cadfb3	sra	x31,x21,x28	 x21:0x00000000 x28:0x0000000d x31=0x00000000
       18815000	      1880	800057b8	0095dc63	bge	x11,x9,800057d0	 x11:0x00000001  x9:0x7fff64f8
       18825000	      1881	800057bc	417be313	ori	x6,x23,1047	 x23:0x00000001  x6=0x00000417
       18835000	      1882	800057c0	9b972b93	slti	x23,x14,-1607	 x14:0x41a293f0 x23=0x00000000
       18845000	      1883	800057c4	1f4c6813	ori	x16,x24,500	 x24:0x00000000 x16=0x000001f4
       18855000	      1884	800057c8	01f46833	or	x16,x8,x31	  x8:0x00800000 x31:0x00000000 x16=0x00800000
       18865000	      1885	800057cc	4069e793	ori	x15,x19,1030	 x19:0x80005794 x15=0x80005796
       18875000	      1886	800057d0	05f95263	bge	x18,x31,80005814	 x18:0x00000002 x31:0x00000000
       18885000	      1887	00000000	00000013	addi	x0,x0,0	  x0:0x00000000
       18895000	      1888	80005810	00000013	addi	x0,x0,0	  x0:0x00000000
       18905000	      1889	80005814	0405d263	bge	x11,x0,80005858	 x11:0x00000001  x0:0x00000000
       18915000	      1890	00000000	00000013	addi	x0,x0,0	  x0:0x00000000
       18925000	      1891	80005854	00000013	addi	x0,x0,0	  x0:0x00000000
       18935000	      1892	80005858	00d4d393	srli	x7,x9,0xd	  x9:0x7fff64f8  x7=0x0003fffb
       18945000	      1893	8000585c	007d5d13	srli	x26,x26,0x7	 x26:0x00000000 x26=0x00000000
       18955000	      1894	80005860	004a2983	lw	x19,4(x20)	 x20:0x80009eac x19=0x800068e8 PA:0x80009eb0
       18965000	      1895	80005864	fdde1217	auipc	x4,0xfdde1	  x4=0x7dde6860
       18975000	      1896	80005868	017ddd33	srl	x26,x27,x23	 x27:0x00000000 x23:0x00000000 x26=0x00000000
       18985000	      1897	8000586c	03ca0a13	addi	x20,x20,60	 x20:0x80009eac x20=0x80009ee8
       18995000	      1898	80005870	00f3e5b3	or	x11,x7,x15	  x7:0x0003fffb x15:0x80005796 x11=0x8003ffff
       19005000	      1899	80005874	a57cb693	sltiu	x13,x25,-1449	 x25:0x008005eb x13=0x00000001
       19015000	      1900	80005878	aa097293	andi	x5,x18,-1376	 x18:0x00000002  x5=0x00000000
       19025000	      1901	8000587c	40d2df13	srai	x30,x5,0xd	  x5:0x00000000 x30=0x00000000
       19035000	      1902	80005880	00098593	addi	x11,x19,0	 x19:0x800068e8 x11=0x800068e8
       19045000	      1903	80005884	000585e7	jalr	x11,x11,0	 x11:0x800068e8 x11=0x80005884
       19055000	      1904	00000000	00000013	addi	x0,x0,0	  x0:0x00000000
       19065000	      1905	800068e8	00000013	addi	x0,x0,0	  x0:0x00000000
       19075000	      1906	800068ec	00002a97	auipc	x21,0x2	 x21=0x800088e8
       19085000	      1907	800068f0	076a8a93	addi	x21,x21,118	 x21:0x800088e8 x21=0x8000895e
       19095000	      1908	800068f4	477a8c83	lb	x25,1143(x21)	 x21:0x8000895e x25=0x0000007e PA:0x80008dd5
       19105000	      1909	800068f8	608ad003	lhu	x0,1544(x21)	 x21:0x8000895e PA:0x80008f66
       19115000	      1910	800068fc	fb6aab83	lw	x23,-74(x21)	 x21:0x8000895e x23=0xfa670b25 PA:0x80008914
       19125000	      1911	80006900	3c9a8b23	sb	x9,982(x21)	 x21:0x8000895e  x9:0x7fff64f8 PA:0x80008d34
       19135000	      1912	80006904	5035e413	ori	x8,x11,1283	 x11:0x80005884  x8=0x80005d87
       19145000	      1913	80006908	366a85a3	sb	x6,875(x21)	 x21:0x8000895e  x6:0x00000417 PA:0x80008cc9
       19155000	      1914	8000690c	3dd1a913	slti	x18,x3,989	  x3:0x00000208 x18=0x00000001
       19165000	      1915	80006910	4bfac103	lbu	x2,1215(x21)	 x21:0x8000895e  x2=0x00000075 PA:0x80008e1d
       19175000	      1916	80006914	598ac503	lbu	x10,1432(x21)	 x21:0x8000895e x10=0x000000a9 PA:0x80008ef6
       19185000	      1917	80006918	41c456b3	sra	x13,x8,x28	  x8:0x80005d87 x28:0x0000000d x13=0xfffc0002
       19195000	      1918	8000691c	66da8083	lb	x1,1645(x21)	 x21:0x8000895e  x1=0x00000001 PA:0x80008fcb
       19205000	      1919	80006920	429a8603	lb	x12,1065(x21)	 x21:0x8000895e x12=0xfffffff3 PA:0x80008d87
       19215000	      1920	80006924	0029f413	andi	x8,x19,2	 x19:0x800068e8  x8=0x00000000
       19225000	      1921	80006928	40d0d393	srai	x7,x1,0xd	  x1:0x00000001  x7=0x00000000
       19235000	      1922	8000692c	3dbac283	lbu	x5,987(x21)	 x21:0x8000895e  x5=0x00000024 PA:0x80008d39
       19245000	      1923	80006930	2ffacd03	lbu	x26,767(x21)	 x21:0x8000895e x26=0x0000005c PA:0x80008c5d
       19255000	      1924	80006934	01efbf33	sltu	x30,x31,x30	 x31:0x00000000 x30:0x00000000 x30=0x00000000
       19265000	      1925	80006938	015c9793	slli	x15,x25,0x15	 x25:0x0000007e x15=0x0fc00000
       19275000	      1926	8000693c	49ca8f03	lb	x30,1180(x21)	 x21:0x8000895e x30=0x00000042 PA:0x80008dfa
       19285000	      1927	80006940	f4aa9183	lh	x3,-182(x21)	 x21:0x8000895e  x3=0xfffffca2 PA:0x800088a8
       19295000	      1928	00000000	00000013	addi	x0,x0,0	  x0:0x00000000
       19305000	      1929	80006944	1a3615b7	lui	x11,0x1a361	 x11=0x1a361000
       19315000	      1930	80006948	4168d793	srai	x15,x17,0x16	 x17:0x80009fc4 x15=0xfffffe00
       19325000	      1931	8000694c	0b7a8c83	lb	x25,183(x21)	 x21:0x8000895e x25=0xffffff9a PA:0x80008a15
       19335000	      1932	80006950	52dac983	lbu	x19,1325(x21)	 x21:0x8000895e x19=0x000000c0 PA:0x80008e8b
       19345000	      1933	80006954	01b19693	slli	x13,x3,0x1b	  x3:0xfffffca2 x13=0x10000000
       19355000	      1934	80006958	f32a8da3	sb	x18,-197(x21)	 x21:0x8000895e x18:0x00000001 PA:0x80008899
       19365000	      1935	8000695c	01680333	add	x6,x16,x22	 x16:0x00800000 x22:0x80003588  x6=0x80803588
       19375000	      1936	80006960	839ba313	slti	x6,x23,-1991	 x23:0xfa670b25  x6=0x00000001
       19385000	      1937	80006964	1f1ac783	lbu	x15,497(x21)	 x21:0x8000895e x15=0x0000003c PA:0x80008b4f
       19395000	      1938	80006968	009457b3	srl	x15,x8,x9	  x8:0x00000000  x9:0x7fff64f8 x15=0x00000000
       19405000	      1939	8000696c	639acc83	lbu	x25,1593(x21)	 x21:0x8000895e x25=0x000000a4 PA:0x80008f97
       19415000	      1940	80006970	8c118813	addi	x16,x3,-1855	  x3:0xfffffca2 x16=0xfffff563
       19425000	      1941	80006974	3baacf83	lbu	x31,954(x21)	 x21:0x8000895e x31=0x0000000d PA:0x80008d18
       19435000	      1942	80006978	b7a43713	sltiu	x14,x8,-1158	  x8:0x00000000 x14=0x00000001
       19445000	      1943	8000697c	00603533	sltu	x10,x0,x6	  x0:0x00000000  x6:0x00000001 x10=0x00000001
       19455000	      1944	80006980	4e2ad283	lhu	x5,1250(x21)	 x21:0x8000895e  x5=0x0000e5c9 PA:0x80008e40
       19465000	      1945	80006984	01251813	slli	x16,x10,0x12	 x10:0x00000001 x16=0x00040000
       19475000	      1946	80006988	fd1a8ba3	sb	x17,-41(x21)	 x21:0x8000895e x17:0x80009fc4 PA:0x80008935
       19485000	      1947	8000698c	3d2a9f03	lh	x30,978(x21)	 x21:0x8000895e x30=0xffffc067 PA:0x80008d30
       19495000	      1948	80006990	409a5613	srai	x12,x20,0x9	 x20:0x80009ee8 x12=0xffc0004f
       19505000	      1949	80006994	c96bfd93	andi	x27,x23,-874	 x23:0xfa670b25 x27=0xfa670804
       19515000	      1950	80006998	04c7f863	bgeu	x15,x12,800069e8	 x15:0x00000000 x12:0xffc0004f
       19525000	      1951	8000699c	00059093	slli	x1,x11,0x0	 x11:0x1a361000  x1=0x1a361000
       19535000	      1952	800069a0	00e46cb3	or	x25,x8,x14	  x8:0x00000000 x14:0x00000001 x25=0x00000001
       19545000	      1953	800069a4	f0462193	slti	x3,x12,-252	 x12:0xffc0004f  x3=0x00000001
       19555000	      1954	800069a8	69e2cc93	xori	x25,x5,1694	  x5:0x0000e5c9 x25=0x0000e357
       19565000	      1955	800069ac	00854663	blt	x10,x8,800069b8	 x10:0x00000001  x8:0x00000000
       19575000	      1956	800069b0	00966a63	bltu	x12,x9,800069c4	 x12:0xffc0004f  x9:0x7fff64f8
       19585000	      1957	800069b4	40625233	sra	x4,x4,x6	  x4:0x7dde6860  x6:0x00000001  x4=0x3eef3430
       19595000	      1958	800069b8	023d4e63	blt	x26,x3,800069f4	 x26:0x0000005c  x3:0x00000001
       19605000	      1959	800069bc	40685413	srai	x8,x16,0x6	 x16:0x00040000  x8=0x00001000
       19615000	      1960	800069c0	41d2db93	srai	x23,x5,0x1d	  x5:0x0000e5c9 x23=0x00000000
       19625000	      1961	800069c4	4167db13	srai	x22,x15,0x16	 x15:0x00000000 x22=0x00000000
       19635000	      1962	800069c8	014e9c33	sll	x24,x29,x20	 x29:0x7fff64f9 x20:0x80009ee8 x24=0xff64f900
       19645000	      1963	800069cc	00000013	addi	x0,x0,0	  x0:0x00000000
       19655000	      1964	800069d0	40c484b3	sub	x9,x9,x12	  x9:0x7fff64f8 x12:0xffc0004f  x9=0x803f64a9
       19665000	      1965	800069d4	0508ef93	ori	x31,x17,80	 x17:0x80009fc4 x31=0x80009fd4
       19675000	      1966	800069d8	1ead5297	auipc	x5,0x1ead5	  x5=0x9eadb9d4
       19685000	      1967	800069dc	025cc063	blt	x25,x5,800069fc	 x25:0x0000e357  x5:0x9eadb9d4
       19695000	      1968	800069e0	928fe293	ori	x5,x31,-1752	 x31:0x80009fd4  x5=0xfffffffc
       19705000	      1969	800069e4	032a4a63	blt	x20,x18,80006a18	 x20:0x80009ee8 x18:0x00000001
       19715000	      1970	00000000	00000013	addi	x0,x0,0	  x0:0x00000000
       19725000	      1971	80006a14	00000013	addi	x0,x0,0	  x0:0x00000000
       19735000	      1972	80006a18	0125a9b3	slt	x19,x11,x18	 x11:0x1a361000 x18:0x00000001 x19=0x00000000
       19745000	      1973	80006a1c	00539213	slli	x4,x7,0x5	  x7:0x00000000  x4=0x00000000
       19755000	      1974	80006a20	c1f23813	sltiu	x16,x4,-993	  x4:0x00000000 x16=0x00000001
       19765000	      1975	80006a24	016cc863	blt	x25,x22,80006a34	 x25:0x0000e357 x22:0x00000000
       19775000	      1976	80006a28	01391313	slli	x6,x18,0x13	 x18:0x00000001  x6=0x00080000
       19785000	      1977	80006a2c	01cc8c63	beq	x25,x28,80006a44	 x25:0x0000e357 x28:0x0000000d
       19795000	      1978	80006a30	416ed833	sra	x16,x29,x22	 x29:0x7fff64f9 x22:0x00000000 x16=0x7fff64f9
       19805000	      1979	80006a34	00142993	slti	x19,x8,1	  x8:0x00001000 x19=0x00000000
       19815000	      1980	80006a38	01c11db3	sll	x27,x2,x28	  x2:0x00000075 x28:0x0000000d x27=0x000ea000
       19825000	      1981	80006a3c	4d82c313	xori	x6,x5,1240	  x5:0xfffffffc  x6=0xfffffb24
       19835000	      1982	80006a40	03f77a63	bgeu	x14,x31,80006a74	 x14:0x00000001 x31:0x80009fd4
       19845000	      1983	80006a44	012d5c93	srli	x25,x26,0x12	 x26:0x0000005c x25=0x00000000
       19855000	      1984	80006a48	ab331737	lui	x14,0xab331	 x14=0xab331000
       19865000	      1985	80006a4c	7fdb1637	lui	x12,0x7fdb1	 x12=0x7fdb1000
       19875000	      1986	80006a50	00000013	addi	x0,x0,0	  x0:0x00000000
       19885000	      1987	80006a54	4014deb3	sra	x29,x9,x1	  x9:0x803f64a9  x1:0x1a361000 x29=0x803f64a9
       19895000	      1988	80006a58	037bea63	bltu	x23,x23,80006a8c	 x23:0x00000000 x23:0x00000000
       19905000	      1989	80006a5c	00000013	addi	x0,x0,0	  x0:0x00000000
       19915000	      1990	80006a60	016bf533	and	x10,x23,x22	 x23:0x00000000 x22:0x00000000 x10=0x00000000
       19925000	      1991	80006a64	010062b3	or	x5,x0,x16	  x0:0x00000000 x16:0x7fff64f9  x5=0x7fff64f9
       19935000	      1992	80006a68	2f28cc93	xori	x25,x17,754	 x17:0x80009fc4 x25=0x80009d36
       19945000	      1993	80006a6c	10b98d93	addi	x27,x19,267	 x19:0x00000000 x27=0x0000010b
       19955000	      1994	80006a70	ceed6393	ori	x7,x26,-786	 x26:0x0000005c  x7=0xfffffcfe
       19965000	      1995	80006a74	0175e433	or	x8,x11,x23	 x11:0x1a361000 x23:0x00000000  x8=0x1a361000
       19975000	      1996	80006a78	0061af33	slt	x30,x3,x6	  x3:0x00000001  x6:0xfffffb24 x30=0x00000000
       19985000	      1997	80006a7c	02c71863	bne	x14,x12,80006aac	 x14:0xab331000 x12:0x7fdb1000
       19995000	      1998	00000000	00000013	addi	x0,x0,0	  x0:0x00000000
       20005000	      1999	80006aa8	00000013	addi	x0,x0,0	  x0:0x00000000
       20015000	      2000	80006aac	017a2333	slt	x6,x20,x23	 x20:0x80009ee8 x23:0x00000000  x6=0x00000001
       20025000	      2001	80006ab0	02c73f93	sltiu	x31,x14,44	 x14:0xab331000 x31=0x00000000
       20035000	      2002	80006ab4	150d4413	xori	x8,x26,336	 x26:0x0000005c  x8=0x0000010c
       20045000	      2003	80006ab8	00000013	addi	x0,x0,0	  x0:0x00000000
       20055000	      2004	80006abc	412a5a93	srai	x21,x20,0x12	 x20:0x80009ee8 x21=0xffffe000
       20065000	      2005	80006ac0	407e52b3	sra	x5,x28,x7	 x28:0x0000000d  x7:0xfffffcfe  x5=0x00000000
       20075000	      2006	80006ac4	00830c63	beq	x6,x8,80006adc	  x6:0x00000001  x8:0x0000010c
       20085000	      2007	80006ac8	00319813	slli	x16,x3,0x3	  x3:0x00000001 x16=0x00000008
       20095000	      2008	80006acc	d1de6393	ori	x7,x28,-739	 x28:0x0000000d  x7=0xfffffd1d
       20105000	      2009	80006ad0	018cbdb3	sltu	x27,x25,x24	 x25:0x80009d36 x24:0xff64f900 x27=0x00000001
       20115000	      2010	80006ad4	004f94b3	sll	x9,x31,x4	 x31:0x00000000  x4:0x00000000  x9=0x00000000
       20125000	      2011	80006ad8	0044c833	xor	x16,x9,x4	  x9:0x00000000  x4:0x00000000 x16=0x00000000
       20135000	      2012	80006adc	a537cf93	xori	x31,x15,-1453	 x15:0x00000000 x31=0xfffffa53
       20145000	      2013	80006ae0	01afe3b3	or	x7,x31,x26	 x31:0xfffffa53 x26:0x0000005c  x7=0xfffffa5f
       20155000	      2014	80006ae4	411a7693	andi	x13,x20,1041	 x20:0x80009ee8 x13=0x00000400
       20165000	      2015	80006ae8	02ff0863	beq	x30,x15,80006b18	 x30:0x00000000 x15:0x00000000
       20175000	      2016	00000000	00000013	addi	x0,x0,0	  x0:0x00000000
       20185000	      2017	80006b14	00000013	addi	x0,x0,0	  x0:0x00000000
       20195000	      2018	80006b18	007281b3	add	x3,x5,x7	  x5:0x00000000  x7:0xfffffa5f  x3=0xfffffa5f
       20205000	      2019	80006b1c	3ad46d13	ori	x26,x8,941	  x8:0x0000010c x26=0x000003ad
       20215000	      2020	80006b20	00764133	xor	x2,x12,x7	 x12:0x7fdb1000  x7:0xfffffa5f  x2=0x8024ea5f
       20225000	      2021	80006b24	dea53593	sltiu	x11,x10,-534	 x10:0x00000000 x11=0x00000001
       20235000	      2022	80006b28	01643233	sltu	x4,x8,x22	  x8:0x0000010c x22:0x00000000  x4=0x00000000
       20245000	      2023	80006b2c	012b72b3	and	x5,x22,x18	 x22:0x00000000 x18:0x00000001  x5=0x00000000
       20255000	      2024	80006b30	019d5263	bge	x26,x25,80006b34	 x26:0x000003ad x25:0x80009d36
       20265000	      2025	00000000	00000013	addi	x0,x0,0	  x0:0x00000000
       20275000	      2026	80006b30	00000013	addi	x0,x0,0	  x0:0x00000000
       20285000	      2027	80006b34	003f1493	slli	x9,x30,0x3	 x30:0x00000000  x9=0x00000000
       20295000	      2028	80006b38	8c226993	ori	x19,x4,-1854	  x4:0x00000000 x19=0xfffff8c2
       20305000	      2029	80006b3c	7c690493	addi	x9,x18,1990	 x18:0x00000001  x9=0x000007c7
       20315000	      2030	80006b40	40865013	srai	x0,x12,0x8	 x12:0x7fdb1000
       20325000	      2031	80006b44	0976ff97	auipc	x31,0x976f	 x31=0x89775b40
       20335000	      2032	80006b48	01936433	or	x8,x6,x25	  x6:0x00000001 x25:0x80009d36  x8=0x80009d37
       20345000	      2033	80006b4c	41ed52b3	sra	x5,x26,x30	 x26:0x000003ad x30:0x00000000  x5=0x000003ad
       20355000	      2034	80006b50	01475493	srli	x9,x14,0x14	 x14:0xab331000  x9=0x00000ab3
       20365000	      2035	80006b54	00bd72b3	and	x5,x26,x11	 x26:0x000003ad x11:0x00000001  x5=0x00000001
       20375000	      2036	80006b58	40b4b913	sltiu	x18,x9,1035	  x9:0x00000ab3 x18=0x00000000
       20385000	      2037	80006b5c	0028ff33	and	x30,x17,x2	 x17:0x80009fc4  x2:0x8024ea5f x30=0x80008a44
       20395000	      2038	80006b60	0001a933	slt	x18,x3,x0	  x3:0xfffffa5f  x0:0x00000000 x18=0x00000001
       20405000	      2039	80006b64	40f58633	sub	x12,x11,x15	 x11:0x00000001 x15:0x00000000 x12=0x00000001
       20415000	      2040	80006b68	00f91863	bne	x18,x15,80006b78	 x18:0x00000001 x15:0x00000000
       20425000	      2041	00000000	00000013	addi	x0,x0,0	  x0:0x00000000
       20435000	      2042	80006b74	00000013	addi	x0,x0,0	  x0:0x00000000
       20445000	      2043	80006b78	a9798d13	addi	x26,x19,-1385	 x19:0xfffff8c2 x26=0xfffff359
       20455000	      2044	80006b7c	00d66263	bltu	x12,x13,80006b80	 x12:0x00000001 x13:0x00000400
       20465000	      2045	00000000	00000013	addi	x0,x0,0	  x0:0x00000000
       20475000	      2046	80006b7c	00000013	addi	x0,x0,0	  x0:0x00000000
       20485000	      2047	80006b80	1a476b13	ori	x22,x14,420	 x14:0xab331000 x22=0xab3311a4
       20495000	      2048	80006b84	00d6a333	slt	x6,x13,x13	 x13:0x00000400 x13:0x00000400  x6=0x00000000
       20505000	      2049	80006b88	015ab333	sltu	x6,x21,x21	 x21:0xffffe000 x21:0xffffe000  x6=0x00000000
       20515000	      2050	80006b8c	004a2983	lw	x19,4(x20)	 x20:0x80009ee8 x19=0x80004160 PA:0x80009eec
       20525000	      2051	80006b90	01e6d2b3	srl	x5,x13,x30	 x13:0x00000400 x30:0x80008a44  x5=0x00000040
       20535000	      2052	80006b94	01321933	sll	x18,x4,x19	  x4:0x00000000 x19:0x80004160 x18=0x00000000
       20545000	      2053	80006b98	014a0a13	addi	x20,x20,20	 x20:0x80009ee8 x20=0x80009efc
       20555000	      2054	80006b9c	00f582b3	add	x5,x11,x15	 x11:0x00000001 x15:0x00000000  x5=0x00000001
       20565000	      2055	80006ba0	00df31b3	sltu	x3,x30,x13	 x30:0x80008a44 x13:0x00000400  x3=0x00000000
       20575000	      2056	80006ba4	004d9193	slli	x3,x27,0x4	 x27:0x00000001  x3=0x00000010
       20585000	      2057	80006ba8	0d688813	addi	x16,x17,214	 x17:0x80009fc4 x16=0x8000a09a
       20595000	      2058	80006bac	00198793	addi	x15,x19,1	 x19:0x80004160 x15=0x80004161
       20605000	      2059	80006bb0	000787e7	jalr	x15,x15,0	 x15:0x80004161 x15=0x80006bb0
       20615000	      2060	00000000	00000013	addi	x0,x0,0	  x0:0x00000000
       20625000	      2061	80004160	00000013	addi	x0,x0,0	  x0:0x00000000
       20635000	      2062	80004164	02238263	beq	x7,x2,80004188	  x7:0xfffffa5f  x2:0x8024ea5f
       20645000	      2063	80004168	0017d013	srli	x0,x15,0x1	 x15:0x80006bb0
       20655000	      2064	8000416c	020c0e63	beq	x24,x0,800041a8	 x24:0xff64f900  x0:0x00000000
       20665000	      2065	80004170	87e64213	xori	x4,x12,-1922	 x12:0x00000001  x4=0xfffff87f
       20675000	      2066	80004174	013e64b3	or	x9,x28,x19	 x28:0x0000000d x19:0x80004160  x9=0x8000416d
       20685000	      2067	80004178	355d49b7	lui	x19,0x355d4	 x19=0x355d4000
       20695000	      2068	8000417c	41640f33	sub	x30,x8,x22	  x8:0x80009d37 x22:0xab3311a4 x30=0xd4cd8b93
       20705000	      2069	80004180	40950333	sub	x6,x10,x9	 x10:0x00000000  x9:0x8000416d  x6=0x7fffbe93
       20715000	      2070	80004184	00c39cb3	sll	x25,x7,x12	  x7:0xfffffa5f x12:0x00000001 x25=0xfffff4be
       20725000	      2071	80004188	01011413	slli	x8,x2,0x10	  x2:0x8024ea5f  x8=0xea5f0000
       20735000	      2072	8000418c	00000013	addi	x0,x0,0	  x0:0x00000000
       20745000	      2073	80004190	00f71663	bne	x14,x15,8000419c	 x14:0xab331000 x15:0x80006bb0
       20755000	      2074	00000000	00000013	addi	x0,x0,0	  x0:0x00000000
       20765000	      2075	80004198	00000013	addi	x0,x0,0	  x0:0x00000000
       20775000	      2076	8000419c	001e9493	slli	x9,x29,0x1	 x29:0x803f64a9  x9=0x007ec952
       20785000	      2077	800041a0	9f28cb93	xori	x23,x17,-1550	 x17:0x80009fc4 x23=0x7fff6636
       20795000	      2078	800041a4	004ec933	xor	x18,x29,x4	 x29:0x803f64a9  x4:0xfffff87f x18=0x7fc09cd6
       20805000	      2079	800041a8	01ac1863	bne	x24,x26,800041b8	 x24:0xff64f900 x26:0xfffff359
       20815000	      2080	00000000	00000013	addi	x0,x0,0	  x0:0x00000000
       20825000	      2081	800041b4	00000013	addi	x0,x0,0	  x0:0x00000000
       20835000	      2082	800041b8	00ea9193	slli	x3,x21,0xe	 x21:0xffffe000  x3=0xf8000000
       20845000	      2083	800041bc	41b6df93	srai	x31,x13,0x1b	 x13:0x00000400 x31=0x00000000
       20855000	      2084	800041c0	b3437593	andi	x11,x6,-1228	  x6:0x7fffbe93 x11=0x7fffba10
       20865000	      2085	800041c4	00900bb3	add	x23,x0,x9	  x0:0x00000000  x9:0x007ec952 x23=0x007ec952
       20875000	      2086	800041c8	002e5333	srl	x6,x28,x2	 x28:0x0000000d  x2:0x8024ea5f  x6=0x00000000
       20885000	      2087	800041cc	40ec5213	srai	x4,x24,0xe	 x24:0xff64f900  x4=0xfffffd93
       20895000	      2088	800041d0	016b05b3	add	x11,x22,x22	 x22:0xab3311a4 x22:0xab3311a4 x11=0x56662348
       20905000	      2089	800041d4	0064d433	srl	x8,x9,x6	  x9:0x007ec952  x6:0x00000000  x8=0x007ec952
       20915000	      2090	800041d8	ec50ef37	lui	x30,0xec50e	 x30=0xec50e000
       20925000	      2091	800041dc	5dd12b93	slti	x23,x2,1501	  x2:0x8024ea5f x23=0x00000001
       20935000	      2092	800041e0	02157863	bgeu	x10,x1,80004210	 x10:0x00000000  x1:0x1a361000
       20945000	      2093	800041e4	f1e9b617	auipc	x12,0xf1e9b	 x12=0x71e9f1e0
       20955000	      2094	800041e8	01841833	sll	x16,x8,x24	  x8:0x007ec952 x24:0xff64f900 x16=0x007ec952
       20965000	      2095	800041ec	3e4f6c13	ori	x24,x30,996	 x30:0xec50e000 x24=0xec50e3e4
       20975000	      2096	800041f0	01a89f13	slli	x30,x17,0x1a	 x17:0x80009fc4 x30=0x10000000
       20985000	      2097	800041f4	02115063	bge	x2,x1,80004214	  x2:0x8024ea5f  x1:0x1a361000
       20995000	      2098	800041f8	000ebfb3	sltu	x31,x29,x0	 x29:0x803f64a9  x0:0x00000000 x31=0x00000000
       21005000	      2099	800041fc	417fd693	srai	x13,x31,0x17	 x31:0x00000000 x13=0x00000000
       21015000	      2100	80004200	053c0063	beq	x24,x19,80004240	 x24:0xec50e3e4 x19:0x355d4000
       21025000	      2101	80004204	00296fb3	or	x31,x18,x2	 x18:0x7fc09cd6  x2:0x8024ea5f x31=0xffe4fedf
       21035000	      2102	80004208	404309b3	sub	x19,x6,x4	  x6:0x00000000  x4:0xfffffd93 x19=0x0000026d
       21045000	      2103	8000420c	1815f493	andi	x9,x11,385	 x11:0x56662348  x9=0x00000100
       21055000	      2104	80004210	01441033	sll	x0,x8,x20	  x8:0x007ec952 x20:0x80009efc
       21065000	      2105	80004214	007b9513	slli	x10,x23,0x7	 x23:0x00000001 x10=0x00000080
       21075000	      2106	80004218	00b51293	slli	x5,x10,0xb	 x10:0x00000080  x5=0x00040000
       21085000	      2107	8000421c	f5a50593	addi	x11,x10,-166	 x10:0x00000080 x11=0xffffffda
       21095000	      2108	80004220	00129f33	sll	x30,x5,x1	  x5:0x00040000  x1:0x1a361000 x30=0x00040000
       21105000	      2109	80004224	02a08863	beq	x1,x10,80004254	  x1:0x1a361000 x10:0x00000080
       21115000	      2110	80004228	c3b2ce93	xori	x29,x5,-965	  x5:0x00040000 x29=0xfffbfc3b
       21125000	      2111	8000422c	0380ec63	bltu	x1,x24,80004264	  x1:0x1a361000 x24:0xec50e3e4
       21135000	      2112	00000000	00000013	addi	x0,x0,0	  x0:0x00000000
       21145000	      2113	80004260	00000013	addi	x0,x0,0	  x0:0x00000000
       21155000	      2114	80004264	e4242a93	slti	x21,x8,-446	  x8:0x007ec952 x21=0x00000000
       21165000	      2115	80004268	8946cb13	xori	x22,x13,-1900	 x13:0x00000000 x22=0xfffff894
       21175000	      2116	8000426c	1f614813	xori	x16,x2,502	  x2:0x8024ea5f x16=0x8024eba9
       21185000	      2117	80004270	4172d813	srai	x16,x5,0x17	  x5:0x00040000 x16=0x00000000
       21195000	      2118	80004274	00655663	bge	x10,x6,80004280	 x10:0x00000080  x6:0x00000000
       21205000	      2119	00000000	00000013	addi	x0,x0,0	  x0:0x00000000
       21215000	      2120	8000427c	00000013	addi	x0,x0,0	  x0:0x00000000
       21225000	      2121	80004280	ad310013	addi	x0,x2,-1325	  x2:0x8024ea5f
       21235000	      2122	80004284	010be7b3	or	x15,x23,x16	 x23:0x00000001 x16:0x00000000 x15=0x00000001
       21245000	      2123	80004288	00859b33	sll	x22,x11,x8	 x11:0xffffffda  x8:0x007ec952 x22=0xff680000
       21255000	      2124	8000428c	00794c13	xori	x24,x18,7	 x18:0x7fc09cd6 x24=0x7fc09cd1
       21265000	      2125	80004290	b158fb13	andi	x22,x17,-1259	 x17:0x80009fc4 x22=0x80009b04
       21275000	      2126	80004294	0045ce63	blt	x11,x4,800042b0	 x11:0xffffffda  x4:0xfffffd93
       21285000	      2127	80004298	1927ff97	auipc	x31,0x1927f	 x31=0x99283294
       21295000	      2128	8000429c	00330233	add	x4,x6,x3	  x6:0x00000000  x3:0xf8000000  x4=0xf8000000
       21305000	      2129	800042a0	b9918d13	addi	x26,x3,-1127	  x3:0xf8000000 x26=0xf7fffb99
       21315000	      2130	800042a4	00a85f33	srl	x30,x16,x10	 x16:0x00000000 x10:0x00000080 x30=0x00000000
       21325000	      2131	800042a8	014a5f93	srli	x31,x20,0x14	 x20:0x80009efc x31=0x00000800
       21335000	      2132	800042ac	45f2e013	ori	x0,x5,1119	  x5:0x00040000
       21345000	      2133	800042b0	407d8bb3	sub	x23,x27,x7	 x27:0x00000001  x7:0xfffffa5f x23=0x000005a2
       21355000	      2134	800042b4	00ac9fb3	sll	x31,x25,x10	 x25:0xfffff4be x10:0x00000080 x31=0xfffff4be
       21365000	      2135	800042b8	417e82b3	sub	x5,x29,x23	 x29:0xfffbfc3b x23:0x000005a2  x5=0xfffbf699
       21375000	      2136	800042bc	409fd613	srai	x12,x31,0x9	 x31:0xfffff4be x12=0xfffffffa
       21385000	      2137	800042c0	b3b4d4b7	lui	x9,0xb3b4d	  x9=0xb3b4d000
       21395000	      2138	800042c4	7c6f2193	slti	x3,x30,1990	 x30:0x00000000  x3=0x00000001
       21405000	      2139	800042c8	6b13e693	ori	x13,x7,1713	  x7:0xfffffa5f x13=0xfffffeff
       21415000	      2140	800042cc	037f7063	bgeu	x30,x23,800042ec	 x30:0x00000000 x23:0x000005a2
       21425000	      2141	800042d0	01b64433	xor	x8,x12,x27	 x12:0xfffffffa x27:0x00000001  x8=0xfffffffb
       21435000	      2142	800042d4	41835f13	srai	x30,x6,0x18	  x6:0x00000000 x30=0x00000000
       21445000	      2143	800042d8	00d61a63	bne	x12,x13,800042ec	 x12:0xfffffffa x13:0xfffffeff
       21455000	      2144	00000000	00000013	addi	x0,x0,0	  x0:0x00000000
       21465000	      2145	800042e8	00000013	addi	x0,x0,0	  x0:0x00000000
       21475000	      2146	800042ec	02c47663	bgeu	x8,x12,80004318	  x8:0xfffffffb x12:0xfffffffa
       21485000	      2147	00000000	00000013	addi	x0,x0,0	  x0:0x00000000
       21495000	      2148	80004314	00000013	addi	x0,x0,0	  x0:0x00000000
       21505000	      2149	80004318	332fe413	ori	x8,x31,818	 x31:0xfffff4be  x8=0xfffff7be
       21515000	      2150	8000431c	00832033	slt	x0,x6,x8	  x6:0x00000000  x8:0xfffff7be
       21525000	      2151	80004320	40765833	sra	x16,x12,x7	 x12:0xfffffffa  x7:0xfffffa5f x16=0xffffffff
       21535000	      2152	80004324	01ff33b3	sltu	x7,x30,x31	 x30:0x00000000 x31:0xfffff4be  x7=0x00000001
       21545000	      2153	80004328	780a2b93	slti	x23,x20,1920	 x20:0x80009efc x23=0x00000001
       21555000	      2154	8000432c	402bdd13	srai	x26,x23,0x2	 x23:0x00000001 x26=0x00000000
       21565000	      2155	80004330	41c45a93	srai	x21,x8,0x1c	  x8:0xfffff7be x21=0xffffffff
       21575000	      2156	80004334	41620bb3	sub	x23,x4,x22	  x4:0xf8000000 x22:0x80009b04 x23=0x77ff64fc
       21585000	      2157	80004338	412d5f93	srai	x31,x26,0x12	 x26:0x00000000 x31=0x00000000
       21595000	      2158	8000433c	022bc863	blt	x23,x2,8000436c	 x23:0x77ff64fc  x2:0x8024ea5f
       21605000	      2159	80004340	00000013	addi	x0,x0,0	  x0:0x00000000
       21615000	      2160	80004344	4a96e817	auipc	x16,0x4a96e	 x16=0xca972340
       21625000	      2161	80004348	00588533	add	x10,x17,x5	 x17:0x80009fc4  x5:0xfffbf699 x10=0x7ffc965d
       21635000	      2162	8000434c	0502c063	blt	x5,x16,8000438c	  x5:0xfffbf699 x16:0xca972340
       21645000	      2163	80004350	00000013	addi	x0,x0,0	  x0:0x00000000
       21655000	      2164	80004354	760c0417	auipc	x8,0x760c0	  x8=0xf60c4350
       21665000	      2165	80004358	01d66533	or	x10,x12,x29	 x12:0xfffffffa x29:0xfffbfc3b x10=0xfffffffb
       21675000	      2166	8000435c	01d46433	or	x8,x8,x29	  x8:0xf60c4350 x29:0xfffbfc3b  x8=0xffffff7b
       21685000	      2167	80004360	03dc7463	bgeu	x24,x29,80004388	 x24:0x7fc09cd1 x29:0xfffbfc3b
       21695000	      2168	80004364	a2ac4d13	xori	x26,x24,-1494	 x24:0x7fc09cd1 x26=0x803f66fb
       21705000	      2169	80004368	bc34fd13	andi	x26,x9,-1085	  x9:0xb3b4d000 x26=0xb3b4d000
       21715000	      2170	8000436c	0484e863	bltu	x9,x8,800043bc	  x9:0xb3b4d000  x8:0xffffff7b
       21725000	      2171	00000000	00000013	addi	x0,x0,0	  x0:0x00000000
       21735000	      2172	800043b8	00000013	addi	x0,x0,0	  x0:0x00000000
       21745000	      2173	800043bc	c91b5b97	auipc	x23,0xc91b5	 x23=0x491b93b8
       21755000	      2174	800043c0	00f68533	add	x10,x13,x15	 x13:0xfffffeff x15:0x00000001 x10=0xffffff00
       21765000	      2175	800043c4	015afe63	bgeu	x21,x21,800043e0	 x21:0xffffffff x21:0xffffffff
       21775000	      2176	00000000	00000013	addi	x0,x0,0	  x0:0x00000000
       21785000	      2177	800043dc	00000013	addi	x0,x0,0	  x0:0x00000000
       21795000	      2178	800043e0	3a998293	addi	x5,x19,937	 x19:0x0000026d  x5=0x00000616
       21805000	      2179	800043e4	be58ae93	slti	x29,x17,-1051	 x17:0x80009fc4 x29=0x00000001
       21815000	      2180	800043e8	41635933	sra	x18,x6,x22	  x6:0x00000000 x22:0x80009b04 x18=0x00000000
       21825000	      2181	800043ec	41f1d9b3	sra	x19,x3,x31	  x3:0x00000001 x31:0x00000000 x19=0x00000001
       21835000	      2182	800043f0	00000013	addi	x0,x0,0	  x0:0x00000000
       21845000	      2183	800043f4	401edc93	srai	x25,x29,0x1	 x29:0x00000001 x25=0x00000000
       21855000	      2184	800043f8	00e20a63	beq	x4,x14,8000440c	  x4:0xf8000000 x14:0xab331000
       21865000	      2185	800043fc	01391093	slli	x1,x18,0x13	 x18:0x00000000  x1=0x00000000
       21875000	      2186	80004400	53abb013	sltiu	x0,x23,1338	 x23:0x491b93b8
       21885000	      2187	80004404	18045497	auipc	x9,0x18045	  x9=0x98049400
       21895000	      2188	80004408	03b9ee63	bltu	x19,x27,80004444	 x19:0x00000001 x27:0x00000001
       21905000	      2189	8000440c	01e05bb3	srl	x23,x0,x30	  x0:0x00000000 x30:0x00000000 x23=0x00000000
       21915000	      2190	80004410	e29f0117	auipc	x2,0xe29f0	  x2=0x629f440c
       21925000	      2191	80004414	05826663	bltu	x4,x24,80004460	  x4:0xf8000000 x24:0x7fc09cd1
       21935000	      2192	80004418	007869b3	or	x19,x16,x7	 x16:0xca972340  x7:0x00000001 x19=0xca972341
       21945000	      2193	8000441c	013d2f33	slt	x30,x26,x19	 x26:0xb3b4d000 x19:0xca972341 x30=0x00000001
       21955000	      2194	80004420	017587b3	add	x15,x11,x23	 x11:0xffffffda x23:0x00000000 x15=0xffffffda
       21965000	      2195	80004424	00089b33	sll	x22,x17,x0	 x17:0x80009fc4  x0:0x00000000 x22=0x80009fc4
       21975000	      2196	80004428	76f64413	xori	x8,x12,1903	 x12:0xfffffffa  x8=0xfffff895
       21985000	      2197	8000442c	40afd7b3	sra	x15,x31,x10	 x31:0x00000000 x10:0xffffff00 x15=0x00000000
       21995000	      2198	80004430	99bd0517	auipc	x10,0x99bd0	 x10=0x19bd442c
       22005000	      2199	80004434	6d57f613	andi	x12,x15,1749	 x15:0x00000000 x12=0x00000000
       22015000	      2200	80004438	01786133	or	x2,x16,x23	 x16:0xca972340 x23:0x00000000  x2=0xca972340
       22025000	      2201	8000443c	f787f497	auipc	x9,0xf787f	  x9=0x77883438
       22035000	      2202	80004440	03658063	beq	x11,x22,80004460	 x11:0xffffffda x22:0x80009fc4
       22045000	      2203	80004444	41cc0ab3	sub	x21,x24,x28	 x24:0x7fc09cd1 x28:0x0000000d x21=0x7fc09cc4
       22055000	      2204	80004448	011c99b3	sll	x19,x25,x17	 x25:0x00000000 x17:0x80009fc4 x19=0x00000000
       22065000	      2205	8000444c	dfda4a93	xori	x21,x20,-515	 x20:0x80009efc x21=0x7fff6301
       22075000	      2206	80004450	035e7863	bgeu	x28,x21,80004480	 x28:0x0000000d x21:0x7fff6301
       22085000	      2207	80004454	41e75833	sra	x16,x14,x30	 x14:0xab331000 x30:0x00000001 x16=0xd5998800
       22095000	      2208	80004458	4b3a7c13	andi	x24,x20,1203	 x20:0x80009efc x24=0x000004b0
       22105000	      2209	8000445c	8360c593	xori	x11,x1,-1994	  x1:0x00000000 x11=0xfffff836
       22115000	      2210	80004460	05467063	bgeu	x12,x20,800044a0	 x12:0x00000000 x20:0x80009efc
       22125000	      2211	80004464	004e1863	bne	x28,x4,80004474	 x28:0x0000000d  x4:0xf8000000
       22135000	      2212	00000000	00000013	addi	x0,x0,0	  x0:0x00000000
       22145000	      2213	80004470	00000013	addi	x0,x0,0	  x0:0x00000000
       22155000	      2214	80004474	f0cb7713	andi	x14,x22,-244	 x22:0x80009fc4 x14=0x80009f04
       22165000	      2215	80004478	0141c863	blt	x3,x20,80004488	  x3:0x00000001 x20:0x80009efc
       22175000	      2216	8000447c	004f3d33	sltu	x26,x30,x4	 x30:0x00000001  x4:0xf8000000 x26=0x00000001
       22185000	      2217	80004480	4985f213	andi	x4,x11,1176	 x11:0xfffff836  x4=0x00000010
       22195000	      2218	80004484	00e5d133	srl	x2,x11,x14	 x11:0xfffff836 x14:0x80009f04  x2=0x0fffff83
       22205000	      2219	80004488	40045633	sra	x12,x8,x0	  x8:0xfffff895  x0:0x00000000 x12=0xfffff895
       22215000	      2220	8000448c	0000aeb3	slt	x29,x1,x0	  x1:0x00000000  x0:0x00000000 x29=0x00000000
       22225000	      2221	80004490	708ce617	auipc	x12,0x708ce	 x12=0xf08d248c
       22235000	      2222	80004494	653d6593	ori	x11,x26,1619	 x26:0x00000001 x11=0x00000653
       22245000	      2223	80004498	57358313	addi	x6,x11,1395	 x11:0x00000653  x6=0x00000bc6
       22255000	      2224	8000449c	018557b3	srl	x15,x10,x24	 x10:0x19bd442c x24:0x000004b0 x15=0x000019bd
       22265000	      2225	800044a0	00c51593	slli	x11,x10,0xc	 x10:0x19bd442c x11=0xd442c000
       22275000	      2226	800044a4	01aa6663	bltu	x20,x26,800044b0	 x20:0x80009efc x26:0x00000001
       22285000	      2227	800044a8	dcd0df17	auipc	x30,0xdcd0d	 x30=0x5cd114a4
       22295000	      2228	800044ac	013b6463	bltu	x22,x19,800044b4	 x22:0x80009fc4 x19:0x00000000
       22305000	      2229	800044b0	707c2613	slti	x12,x24,1799	 x24:0x000004b0 x12=0x00000001
       22315000	      2230	800044b4	014524b3	slt	x9,x10,x20	 x10:0x19bd442c x20:0x80009efc  x9=0x00000000
       22325000	      2231	800044b8	02b88663	beq	x17,x11,800044e4	 x17:0x80009fc4 x11:0xd442c000
       22335000	      2232	800044bc	00474263	blt	x14,x4,800044c0	 x14:0x80009f04  x4:0x00000010
       22345000	      2233	00000000	00000013	addi	x0,x0,0	  x0:0x00000000
       22355000	      2234	800044bc	00000013	addi	x0,x0,0	  x0:0x00000000
       22365000	      2235	800044c0	0119c633	xor	x12,x19,x17	 x19:0x00000000 x17:0x80009fc4 x12=0x80009fc4
       22375000	      2236	800044c4	00000013	addi	x0,x0,0	  x0:0x00000000
       22385000	      2237	800044c8	0016f263	bgeu	x13,x1,800044cc	 x13:0xfffffeff  x1:0x00000000
       22395000	      2238	00000000	00000013	addi	x0,x0,0	  x0:0x00000000
       22405000	      2239	800044c8	00000013	addi	x0,x0,0	  x0:0x00000000
       22415000	      2240	800044cc	01ffb133	sltu	x2,x31,x31	 x31:0x00000000 x31:0x00000000  x2=0x00000000
       22425000	      2241	800044d0	006103b3	add	x7,x2,x6	  x2:0x00000000  x6:0x00000bc6  x7=0x00000bc6
       22435000	      2242	800044d4	011cf463	bgeu	x25,x17,800044dc	 x25:0x00000000 x17:0x80009fc4
       22445000	      2243	800044d8	02234263	blt	x6,x2,800044fc	  x6:0x00000bc6  x2:0x00000000
       22455000	      2244	800044dc	004a5293	srli	x5,x20,0x4	 x20:0x80009efc  x5=0x080009ef
       22465000	      2245	800044e0	00f5c633	xor	x12,x11,x15	 x11:0xd442c000 x15:0x000019bd x12=0xd442d9bd
       22475000	      2246	800044e4	01f16663	bltu	x2,x31,800044f0	  x2:0x00000000 x31:0x00000000
       22485000	      2247	800044e8	40794a93	xori	x21,x18,1031	 x18:0x00000000 x21=0x00000407
       22495000	      2248	800044ec	00b54fb3	xor	x31,x10,x11	 x10:0x19bd442c x11:0xd442c000 x31=0xcdff842c
       22505000	      2249	800044f0	05259063	bne	x11,x18,80004530	 x11:0xd442c000 x18:0x00000000
       22515000	      2250	00000000	00000013	addi	x0,x0,0	  x0:0x00000000
       22525000	      2251	8000452c	00000013	addi	x0,x0,0	  x0:0x00000000
       22535000	      2252	80004530	0306f063	bgeu	x13,x16,80004550	 x13:0xfffffeff x16:0xd5998800
       22545000	      2253	00000000	00000013	addi	x0,x0,0	  x0:0x00000000
       22555000	      2254	8000454c	00000013	addi	x0,x0,0	  x0:0x00000000
       22565000	      2255	80004550	015451b3	srl	x3,x8,x21	  x8:0xfffff895 x21:0x00000407  x3=0x01fffff1
       22575000	      2256	80004554	00e9ceb3	xor	x29,x19,x14	 x19:0x00000000 x14:0x80009f04 x29=0x80009f04
       22585000	      2257	80004558	00000013	addi	x0,x0,0	  x0:0x00000000
       22595000	      2258	8000455c	002c89b3	add	x19,x25,x2	 x25:0x00000000  x2:0x00000000 x19=0x00000000
       22605000	      2259	80004560	99cee193	ori	x3,x29,-1636	 x29:0x80009f04  x3=0xffffff9c
       22615000	      2260	80004564	01d31863	bne	x6,x29,80004574	  x6:0x00000bc6 x29:0x80009f04
       22625000	      2261	00000000	00000013	addi	x0,x0,0	  x0:0x00000000
       22635000	      2262	80004570	00000013	addi	x0,x0,0	  x0:0x00000000
       22645000	      2263	80004574	04967663	bgeu	x12,x9,800045c0	 x12:0xd442d9bd  x9:0x00000000
       22655000	      2264	00000000	00000013	addi	x0,x0,0	  x0:0x00000000
       22665000	      2265	800045bc	00000013	addi	x0,x0,0	  x0:0x00000000
       22675000	      2266	800045c0	01db8663	beq	x23,x29,800045cc	 x23:0x00000000 x29:0x80009f04
       22685000	      2267	800045c4	01ac54b3	srl	x9,x24,x26	 x24:0x000004b0 x26:0x00000001  x9=0x00000258
       22695000	      2268	800045c8	e80b7f93	andi	x31,x22,-384	 x22:0x80009fc4 x31=0x80009e80
       22705000	      2269	800045cc	0144df13	srli	x30,x9,0x14	  x9:0x00000258 x30=0x00000000
       22715000	      2270	800045d0	001a9bb3	sll	x23,x21,x1	 x21:0x00000407  x1:0x00000000 x23=0x00000407
       22725000	      2271	800045d4	cd604b93	xori	x23,x0,-810	  x0:0x00000000 x23=0xfffffcd6
       22735000	      2272	800045d8	401a8233	sub	x4,x21,x1	 x21:0x00000407  x1:0x00000000  x4=0x00000407
       22745000	      2273	800045dc	024b1863	bne	x22,x4,8000460c	 x22:0x80009fc4  x4:0x00000407
       22755000	      2274	00000000	00000013	addi	x0,x0,0	  x0:0x00000000
       22765000	      2275	80004608	00000013	addi	x0,x0,0	  x0:0x00000000
       22775000	      2276	8000460c	058a5063	bge	x20,x24,8000464c	 x20:0x80009efc x24:0x000004b0
       22785000	      2277	80004610	454b3313	sltiu	x6,x22,1108	 x22:0x80009fc4  x6=0x00000000
       22795000	      2278	80004614	404d5c13	srai	x24,x26,0x4	 x26:0x00000001 x24=0x00000000
       22805000	      2279	80004618	41cf53b3	sra	x7,x30,x28	 x30:0x00000000 x28:0x0000000d  x7=0x00000000
       22815000	      2280	8000461c	df0aa213	slti	x4,x21,-528	 x21:0x00000407  x4=0x00000000
       22825000	      2281	80004620	00000013	addi	x0,x0,0	  x0:0x00000000
       22835000	      2282	80004624	729d3b13	sltiu	x22,x26,1833	 x26:0x00000001 x22=0x00000001
       22845000	      2283	80004628	01a27933	and	x18,x4,x26	  x4:0x00000000 x26:0x00000001 x18=0x00000000
       22855000	      2284	8000462c	01565eb3	srl	x29,x12,x21	 x12:0xd442d9bd x21:0x00000407 x29=0x01a885b3
       22865000	      2285	80004630	03e41063	bne	x8,x30,80004650	  x8:0xfffff895 x30:0x00000000
       22875000	      2286	00000000	00000013	addi	x0,x0,0	  x0:0x00000000
       22885000	      2287	8000464c	00000013	addi	x0,x0,0	  x0:0x00000000
       22895000	      2288	80004650	015c3bb3	sltu	x23,x24,x21	 x24:0x00000000 x21:0x00000407 x23=0x00000001
       22905000	      2289	80004654	1d414b13	xori	x22,x2,468	  x2:0x00000000 x22=0x000001d4
       22915000	      2290	80004658	41b35513	srai	x10,x6,0x1b	  x6:0x00000000 x10=0x00000000
       22925000	      2291	8000465c	00ef5663	bge	x30,x14,80004668	 x30:0x00000000 x14:0x80009f04
       22935000	      2292	00000000	00000013	addi	x0,x0,0	  x0:0x00000000
       22945000	      2293	80004664	00000013	addi	x0,x0,0	  x0:0x00000000
       22955000	      2294	80004668	0084c1b3	xor	x3,x9,x8	  x9:0x00000258  x8:0xfffff895  x3=0xfffffacd
       22965000	      2295	8000466c	03b4d263	bge	x9,x27,80004690	  x9:0x00000258 x27:0x00000001
       22975000	      2296	00000000	00000013	addi	x0,x0,0	  x0:0x00000000
       22985000	      2297	8000468c	00000013	addi	x0,x0,0	  x0:0x00000000
       22995000	      2298	80004690	05ab7863	bgeu	x22,x26,800046e0	 x22:0x000001d4 x26:0x00000001
       23005000	      2299	00000000	00000013	addi	x0,x0,0	  x0:0x00000000
       23015000	      2300	800046dc	00000013	addi	x0,x0,0	  x0:0x00000000
       23025000	      2301	800046e0	01f1d093	srli	x1,x3,0x1f	  x3:0xfffffacd  x1=0x00000001
       23035000	      2302	800046e4	00000013	addi	x0,x0,0	  x0:0x00000000
       23045000	      2303	800046e8	d3ea3813	sltiu	x16,x20,-706	 x20:0x80009efc x16=0x00000001
       23055000	      2304	800046ec	01d1b2b3	sltu	x5,x3,x29	  x3:0xfffffacd x29:0x01a885b3  x5=0x00000000
       23065000	      2305	800046f0	002016b3	sll	x13,x0,x2	  x0:0x00000000  x2:0x00000000 x13=0x00000000
       23075000	      2306	800046f4	3da7e613	ori	x12,x15,986	 x15:0x000019bd x12=0x00001bff
       23085000	      2307	800046f8	03df6e63	bltu	x30,x29,80004734	 x30:0x00000000 x29:0x01a885b3
       23095000	      2308	00000000	00000013	addi	x0,x0,0	  x0:0x00000000
       23105000	      2309	80004730	00000013	addi	x0,x0,0	  x0:0x00000000
       23115000	      2310	80004734	016e9713	slli	x14,x29,0x16	 x29:0x01a885b3 x14=0x6cc00000
       23125000	      2311	80004738	04b40263	beq	x8,x11,8000477c	  x8:0xfffff895 x11:0xd442c000
       23135000	      2312	8000473c	01d966b3	or	x13,x18,x29	 x18:0x00000000 x29:0x01a885b3 x13=0x01a885b3
       23145000	      2313	80004740	013f0c33	add	x24,x30,x19	 x30:0x00000000 x19:0x00000000 x24=0x00000000
       23155000	      2314	80004744	fafd0593	addi	x11,x26,-81	 x26:0x00000001 x11=0xffffffb0
       23165000	      2315	80004748	f5ff2813	slti	x16,x30,-161	 x30:0x00000000 x16=0x00000000
       23175000	      2316	8000474c	02efcc63	blt	x31,x14,80004784	 x31:0x80009e80 x14:0x6cc00000
       23185000	      2317	00000000	00000013	addi	x0,x0,0	  x0:0x00000000
       23195000	      2318	80004780	00000013	addi	x0,x0,0	  x0:0x00000000
       23205000	      2319	80004784	01b3ecb3	or	x25,x7,x27	  x7:0x00000000 x27:0x00000001 x25=0x00000001
       23215000	      2320	80004788	551ae613	ori	x12,x21,1361	 x21:0x00000407 x12=0x00000557
       23225000	      2321	8000478c	007e6f33	or	x30,x28,x7	 x28:0x0000000d  x7:0x00000000 x30=0x0000000d
       23235000	      2322	80004790	035cec63	bltu	x25,x21,800047c8	 x25:0x00000001 x21:0x00000407
       23245000	      2323	00000000	00000013	addi	x0,x0,0	  x0:0x00000000
       23255000	      2324	800047c4	00000013	addi	x0,x0,0	  x0:0x00000000
       23265000	      2325	800047c8	40fd09b3	sub	x19,x26,x15	 x26:0x00000001 x15:0x000019bd x19=0xffffe644
       23275000	      2326	800047cc	01221f13	slli	x30,x4,0x12	  x4:0x00000000 x30=0x00000000
       23285000	      2327	800047d0	7b7fa793	slti	x15,x31,1975	 x31:0x80009e80 x15=0x00000001
       23295000	      2328	800047d4	05e5c863	blt	x11,x30,80004824	 x11:0xffffffb0 x30:0x00000000
       23305000	      2329	00000000	00000013	addi	x0,x0,0	  x0:0x00000000
       23315000	      2330	80004820	00000013	addi	x0,x0,0	  x0:0x00000000
       23325000	      2331	80004824	226f2013	slti	x0,x30,550	 x30:0x00000000
       23335000	      2332	80004828	011b1733	sll	x14,x22,x17	 x22:0x000001d4 x17:0x80009fc4 x14=0x00001d40
       23345000	      2333	8000482c	019021b3	slt	x3,x0,x25	  x0:0x00000000 x25:0x00000001  x3=0x00000001
       23355000	      2334	80004830	016b83b3	add	x7,x23,x22	 x23:0x00000001 x22:0x000001d4  x7=0x000001d5
       23365000	      2335	80004834	ce774a93	xori	x21,x14,-793	 x14:0x00001d40 x21=0xffffe1a7
       23375000	      2336	80004838	00f91f33	sll	x30,x18,x15	 x18:0x00000000 x15:0x00000001 x30=0x00000000
       23385000	      2337	8000483c	02f99663	bne	x19,x15,80004868	 x19:0xffffe644 x15:0x00000001
       23395000	      2338	00000000	00000013	addi	x0,x0,0	  x0:0x00000000
       23405000	      2339	80004864	00000013	addi	x0,x0,0	  x0:0x00000000
       23415000	      2340	80004868	cbadc093	xori	x1,x27,-838	 x27:0x00000001  x1=0xfffffcbb
       23425000	      2341	8000486c	01db5c13	srli	x24,x22,0x1d	 x22:0x000001d4 x24=0x00000000
       23435000	      2342	80004870	00000013	addi	x0,x0,0	  x0:0x00000000
       23445000	      2343	80004874	00000013	addi	x0,x0,0	  x0:0x00000000
       23455000	      2344	80004878	ae636393	ori	x7,x6,-1306	  x6:0x00000000  x7=0xfffffae6
       23465000	      2345	8000487c	40f254b3	sra	x9,x4,x15	  x4:0x00000000 x15:0x00000001  x9=0x00000000
       23475000	      2346	80004880	0a6bd263	bge	x23,x6,80004924	 x23:0x00000001  x6:0x00000000
       23485000	      2347	00000000	00000013	addi	x0,x0,0	  x0:0x00000000
       23495000	      2348	80004920	00000013	addi	x0,x0,0	  x0:0x00000000
       23505000	      2349	80004924	0e297737	lui	x14,0xe297	 x14=0x0e297000
       23515000	      2350	80004928	41468b33	sub	x22,x13,x20	 x13:0x01a885b3 x20:0x80009efc x22=0x81a7e6b7
       23525000	      2351	8000492c	001f3d33	sltu	x26,x30,x1	 x30:0x00000000  x1:0xfffffcbb x26=0x00000001
       23535000	      2352	80004930	d54e3193	sltiu	x3,x28,-684	 x28:0x0000000d  x3=0x00000001
       23545000	      2353	80004934	6a7931b7	lui	x3,0x6a793	  x3=0x6a793000
       23555000	      2354	80004938	019e9333	sll	x6,x29,x25	 x29:0x01a885b3 x25:0x00000001  x6=0x03510b66
       23565000	      2355	8000493c	00dbcdb3	xor	x27,x23,x13	 x23:0x00000001 x13:0x01a885b3 x27=0x01a885b2
       23575000	      2356	80004940	03e79463	bne	x15,x30,80004968	 x15:0x00000001 x30:0x00000000
       23585000	      2357	00000000	00000013	addi	x0,x0,0	  x0:0x00000000
       23595000	      2358	80004964	00000013	addi	x0,x0,0	  x0:0x00000000
       23605000	      2359	80004968	41f95613	srai	x12,x18,0x1f	 x18:0x00000000 x12=0x00000000
       23615000	      2360	8000496c	01141533	sll	x10,x8,x17	  x8:0xfffff895 x17:0x80009fc4 x10=0xffff8950
       23625000	      2361	80004970	0149d2b3	srl	x5,x19,x20	 x19:0xffffe644 x20:0x80009efc  x5=0x0000000f
       23635000	      2362	80004974	02008e63	beq	x1,x0,800049b0	  x1:0xfffffcbb  x0:0x00000000
       23645000	      2363	80004978	0042dc13	srli	x24,x5,0x4	  x5:0x0000000f x24=0x00000000
       23655000	      2364	8000497c	382ee593	ori	x11,x29,898	 x29:0x01a885b3 x11=0x01a887b3
       23665000	      2365	80004980	4050d793	srai	x15,x1,0x5	  x1:0xfffffcbb x15=0xffffffe5
       23675000	      2366	80004984	01737463	bgeu	x6,x23,8000498c	  x6:0x03510b66 x23:0x00000001
       23685000	      2367	00000000	00000013	addi	x0,x0,0	  x0:0x00000000
       23695000	      2368	80004988	00000013	addi	x0,x0,0	  x0:0x00000000
       23705000	      2369	8000498c	01aa8cb3	add	x25,x21,x26	 x21:0xffffe1a7 x26:0x00000001 x25=0xffffe1a8
       23715000	      2370	80004990	00000013	addi	x0,x0,0	  x0:0x00000000
       23725000	      2371	80004994	05008863	beq	x1,x16,800049e4	  x1:0xfffffcbb x16:0x00000000
       23735000	      2372	80004998	abcdcbb7	lui	x23,0xabcdc	 x23=0xabcdc000
       23745000	      2373	8000499c	7d2cb197	auipc	x3,0x7d2cb	  x3=0xfd2cf998
       23755000	      2374	800049a0	00000013	addi	x0,x0,0	  x0:0x00000000
       23765000	      2375	800049a4	01c332b3	sltu	x5,x6,x28	  x6:0x03510b66 x28:0x0000000d  x5=0x00000000
       23775000	      2376	800049a8	0384d263	bge	x9,x24,800049cc	  x9:0x00000000 x24:0x00000000
       23785000	      2377	00000000	00000013	addi	x0,x0,0	  x0:0x00000000
       23795000	      2378	800049c8	00000013	addi	x0,x0,0	  x0:0x00000000
       23805000	      2379	800049cc	01298fb3	add	x31,x19,x18	 x19:0xffffe644 x18:0x00000000 x31=0xffffe644
       23815000	      2380	800049d0	41e180b3	sub	x1,x3,x30	  x3:0xfd2cf998 x30:0x00000000  x1=0xfd2cf998
       23825000	      2381	800049d4	03cd0c63	beq	x26,x28,80004a0c	 x26:0x00000001 x28:0x0000000d
       23835000	      2382	800049d8	012ef263	bgeu	x29,x18,800049dc	 x29:0x01a885b3 x18:0x00000000
       23845000	      2383	00000000	00000013	addi	x0,x0,0	  x0:0x00000000
       23855000	      2384	800049d8	00000013	addi	x0,x0,0	  x0:0x00000000
       23865000	      2385	800049dc	d16045b7	lui	x11,0xd1604	 x11=0xd1604000
       23875000	      2386	800049e0	00347e63	bgeu	x8,x3,800049fc	  x8:0xfffff895  x3:0xfd2cf998
       23885000	      2387	00000000	00000013	addi	x0,x0,0	  x0:0x00000000
       23895000	      2388	800049f8	00000013	addi	x0,x0,0	  x0:0x00000000
       23905000	      2389	800049fc	c21e7393	andi	x7,x28,-991	 x28:0x0000000d  x7=0x00000001
       23915000	      2390	80004a00	c1f64b93	xori	x23,x12,-993	 x12:0x00000000 x23=0xfffffc1f
       23925000	      2391	80004a04	57ddc493	xori	x9,x27,1405	 x27:0x01a885b2  x9=0x01a880cf
       23935000	      2392	80004a08	03204c63	blt	x0,x18,80004a40	  x0:0x00000000 x18:0x00000000
       23945000	      2393	80004a0c	010594b3	sll	x9,x11,x16	 x11:0xd1604000 x16:0x00000000  x9=0xd1604000
       23955000	      2394	80004a10	00c42033	slt	x0,x8,x12	  x8:0xfffff895 x12:0x00000000
       23965000	      2395	80004a14	01cb9863	bne	x23,x28,80004a24	 x23:0xfffffc1f x28:0x0000000d
       23975000	      2396	00000000	00000013	addi	x0,x0,0	  x0:0x00000000
       23985000	      2397	80004a20	00000013	addi	x0,x0,0	  x0:0x00000000
       23995000	      2398	80004a24	1a16b693	sltiu	x13,x13,417	 x13:0x01a885b3 x13=0x00000000
       24005000	      2399	80004a28	008709b3	add	x19,x14,x8	 x14:0x0e297000  x8:0xfffff895 x19=0x0e296895
       24015000	      2400	80004a2c	018ff663	bgeu	x31,x24,80004a38	 x31:0xffffe644 x24:0x00000000
       24025000	      2401	00000000	00000013	addi	x0,x0,0	  x0:0x00000000
       24035000	      2402	80004a34	00000013	addi	x0,x0,0	  x0:0x00000000
       24045000	      2403	80004a38	007ca933	slt	x18,x25,x7	 x25:0xffffe1a8  x7:0x00000001 x18=0x00000001
       24055000	      2404	80004a3c	c64c6097	auipc	x1,0xc64c6	  x1=0x464caa38
       24065000	      2405	80004a40	01d42c33	slt	x24,x8,x29	  x8:0xfffff895 x29:0x01a885b3 x24=0x00000001
       24075000	      2406	80004a44	01d19693	slli	x13,x3,0x1d	  x3:0xfd2cf998 x13=0x00000000
       24085000	      2407	80004a48	019cfcb3	and	x25,x25,x25	 x25:0xffffe1a8 x25:0xffffe1a8 x25=0xffffe1a8
       24095000	      2408	80004a4c	0339f263	bgeu	x19,x19,80004a70	 x19:0x0e296895 x19:0x0e296895
       24105000	      2409	00000000	00000013	addi	x0,x0,0	  x0:0x00000000
       24115000	      2410	80004a6c	00000013	addi	x0,x0,0	  x0:0x00000000
       24125000	      2411	80004a70	00b49463	bne	x9,x11,80004a78	  x9:0xd1604000 x11:0xd1604000
       24135000	      2412	80004a74	0b80c713	xori	x14,x1,184	  x1:0x464caa38 x14=0x464caa80
       24145000	      2413	80004a78	b02cb213	sltiu	x4,x25,-1278	 x25:0xffffe1a8  x4=0x00000001
       24155000	      2414	80004a7c	008ce733	or	x14,x25,x8	 x25:0xffffe1a8  x8:0xfffff895 x14=0xfffff9bd
       24165000	      2415	80004a80	417f84b3	sub	x9,x31,x23	 x31:0xffffe644 x23:0xfffffc1f  x9=0xffffea25
       24175000	      2416	80004a84	059a7663	bgeu	x20,x25,80004ad0	 x20:0x80009efc x25:0xffffe1a8
       24185000	      2417	80004a88	01af5733	srl	x14,x30,x26	 x30:0x00000000 x26:0x00000001 x14=0x00000000
       24195000	      2418	80004a8c	029dfe63	bgeu	x27,x9,80004ac8	 x27:0x01a885b2  x9:0xffffea25
       24205000	      2419	80004a90	cd094093	xori	x1,x18,-816	 x18:0x00000001  x1=0xfffffcd1
       24215000	      2420	80004a94	01801833	sll	x16,x0,x24	  x0:0x00000000 x24:0x00000001 x16=0x00000000
       24225000	      2421	80004a98	aba53393	sltiu	x7,x10,-1350	 x10:0xffff8950  x7=0x00000001
       24235000	      2422	80004a9c	0002e463	bltu	x5,x0,80004aa4	  x5:0x00000000  x0:0x00000000
       24245000	      2423	80004aa0	02971e63	bne	x14,x9,80004adc	 x14:0x00000000  x9:0xffffea25
       24255000	      2424	00000000	00000013	addi	x0,x0,0	  x0:0x00000000
       24265000	      2425	80004ad8	00000013	addi	x0,x0,0	  x0:0x00000000
       24275000	      2426	80004adc	01db5a63	bge	x22,x29,80004af0	 x22:0x81a7e6b7 x29:0x01a885b3
       24285000	      2427	80004ae0	418a5b93	srai	x23,x20,0x18	 x20:0x80009efc x23=0xffffff80
       24295000	      2428	80004ae4	00000013	addi	x0,x0,0	  x0:0x00000000
       24305000	      2429	80004ae8	ac91e393	ori	x7,x3,-1335	  x3:0xfd2cf998  x7=0xfffffbd9
       24315000	      2430	80004aec	41975db3	sra	x27,x14,x25	 x14:0x00000000 x25:0xffffe1a8 x27=0x00000000
       24325000	      2431	80004af0	2fe526b7	lui	x13,0x2fe52	 x13=0x2fe52000
       24335000	      2432	80004af4	0030c463	blt	x1,x3,80004afc	  x1:0xfffffcd1  x3:0xfd2cf998
       24345000	      2433	80004af8	01cf1263	bne	x30,x28,80004afc	 x30:0x00000000 x28:0x0000000d
       24355000	      2434	00000000	00000013	addi	x0,x0,0	  x0:0x00000000
       24365000	      2435	80004af8	00000013	addi	x0,x0,0	  x0:0x00000000
       24375000	      2436	80004afc	30bf4493	xori	x9,x30,779	 x30:0x00000000  x9=0x0000030b
       24385000	      2437	80004b00	0174a533	slt	x10,x9,x23	  x9:0x0000030b x23:0xffffff80 x10=0x00000000
       24395000	      2438	80004b04	58c73c93	sltiu	x25,x14,1420	 x14:0x00000000 x25=0x00000001
       24405000	      2439	80004b08	4c76f737	lui	x14,0x4c76f	 x14=0x4c76f000
       24415000	      2440	80004b0c	00841fb3	sll	x31,x8,x8	  x8:0xfffff895  x8:0xfffff895 x31=0x12a00000
       24425000	      2441	80004b10	03690063	beq	x18,x22,80004b30	 x18:0x00000001 x22:0x81a7e6b7
       24435000	      2442	80004b14	8c5759b7	lui	x19,0x8c575	 x19=0x8c575000
       24445000	      2443	80004b18	09fd2693	slti	x13,x26,159	 x26:0x00000001 x13=0x00000001
       24455000	      2444	80004b1c	01561663	bne	x12,x21,80004b28	 x12:0x00000000 x21:0xffffe1a7
       24465000	      2445	00000000	00000013	addi	x0,x0,0	  x0:0x00000000
       24475000	      2446	80004b24	00000013	addi	x0,x0,0	  x0:0x00000000
       24485000	      2447	80004b28	dab28493	addi	x9,x5,-597	  x5:0x00000000  x9=0xfffffdab
       24495000	      2448	80004b2c	00000013	addi	x0,x0,0	  x0:0x00000000
       24505000	      2449	80004b30	41f28f33	sub	x30,x5,x31	  x5:0x00000000 x31:0x12a00000 x30=0xed600000
       24515000	      2450	80004b34	029a9c63	bne	x21,x9,80004b6c	 x21:0xffffe1a7  x9:0xfffffdab
       24525000	      2451	00000000	00000013	addi	x0,x0,0	  x0:0x00000000
       24535000	      2452	80004b68	00000013	addi	x0,x0,0	  x0:0x00000000
       24545000	      2453	80004b6c	039b5e63	bge	x22,x25,80004ba8	 x22:0x81a7e6b7 x25:0x00000001
       24555000	      2454	80004b70	01f6df93	srli	x31,x13,0x1f	 x13:0x00000001 x31=0x00000000
       24565000	      2455	80004b74	40e053b3	sra	x7,x0,x14	  x0:0x00000000 x14:0x4c76f000  x7=0x00000000
       24575000	      2456	80004b78	41c22393	slti	x7,x4,1052	  x4:0x00000001  x7=0x00000001
       24585000	      2457	80004b7c	0591f063	bgeu	x3,x25,80004bbc	  x3:0xfd2cf998 x25:0x00000001
       24595000	      2458	00000000	00000013	addi	x0,x0,0	  x0:0x00000000
       24605000	      2459	80004bb8	00000013	addi	x0,x0,0	  x0:0x00000000
       24615000	      2460	80004bbc	76808613	addi	x12,x1,1896	  x1:0xfffffcd1 x12=0x00000439
       24625000	      2461	80004bc0	01eefcb3	and	x25,x29,x30	 x29:0x01a885b3 x30:0xed600000 x25=0x01200000
       24635000	      2462	80004bc4	c5444b93	xori	x23,x8,-940	  x8:0xfffff895 x23=0x000004c1
       24645000	      2463	80004bc8	fdb40213	addi	x4,x8,-37	  x8:0xfffff895  x4=0xfffff870
       24655000	      2464	80004bcc	000b9913	slli	x18,x23,0x0	 x23:0x000004c1 x18=0x000004c1
       24665000	      2465	80004bd0	0190aab3	slt	x21,x1,x25	  x1:0xfffffcd1 x25:0x01200000 x21=0x00000001
       24675000	      2466	80004bd4	61724513	xori	x10,x4,1559	  x4:0xfffff870 x10=0xfffffe67
       24685000	      2467	80004bd8	01f89093	slli	x1,x17,0x1f	 x17:0x80009fc4  x1=0x00000000
       24695000	      2468	80004bdc	00fae0b3	or	x1,x21,x15	 x21:0x00000001 x15:0xffffffe5  x1=0xffffffe5
       24705000	      2469	80004be0	007a1713	slli	x14,x20,0x7	 x20:0x80009efc x14=0x004f7e00
       24715000	      2470	80004be4	01fa9e63	bne	x21,x31,80004c00	 x21:0x00000001 x31:0x00000000
       24725000	      2471	00000000	00000013	addi	x0,x0,0	  x0:0x00000000
       24735000	      2472	80004bfc	00000013	addi	x0,x0,0	  x0:0x00000000
       24745000	      2473	80004c00	000696b3	sll	x13,x13,x0	 x13:0x00000001  x0:0x00000000 x13=0x00000001
       24755000	      2474	80004c04	00ae8633	add	x12,x29,x10	 x29:0x01a885b3 x10:0xfffffe67 x12=0x01a8841a
       24765000	      2475	80004c08	012adb33	srl	x22,x21,x18	 x21:0x00000001 x18:0x000004c1 x22=0x00000000
       24775000	      2476	80004c0c	054f9863	bne	x31,x20,80004c5c	 x31:0x00000000 x20:0x80009efc
       24785000	      2477	00000000	00000013	addi	x0,x0,0	  x0:0x00000000
       24795000	      2478	80004c58	00000013	addi	x0,x0,0	  x0:0x00000000
       24805000	      2479	80004c5c	00b09663	bne	x1,x11,80004c68	  x1:0xffffffe5 x11:0xd1604000
       24815000	      2480	00000000	00000013	addi	x0,x0,0	  x0:0x00000000
       24825000	      2481	80004c64	00000013	addi	x0,x0,0	  x0:0x00000000
       24835000	      2482	80004c68	81fa2113	slti	x2,x20,-2017	 x20:0x80009efc  x2=0x00000001
       24845000	      2483	80004c6c	14d4b213	sltiu	x4,x9,333	  x9:0xfffffdab  x4=0x00000000
       24855000	      2484	80004c70	0215f863	bgeu	x11,x1,80004ca0	 x11:0xd1604000  x1:0xffffffe5
       24865000	      2485	80004c74	00832433	slt	x8,x6,x8	  x6:0x03510b66  x8:0xfffff895  x8=0x00000000
       24875000	      2486	80004c78	84e27c13	andi	x24,x4,-1970	  x4:0x00000000 x24=0x00000000
       24885000	      2487	80004c7c	01cd4ab3	xor	x21,x26,x28	 x26:0x00000001 x28:0x0000000d x21=0x0000000c
       24895000	      2488	80004c80	d8724c13	xori	x24,x4,-633	  x4:0x00000000 x24=0xfffffd87
       24905000	      2489	80004c84	5ded6613	ori	x12,x26,1502	 x26:0x00000001 x12=0x000005df
       24915000	      2490	80004c88	415f51b3	sra	x3,x30,x21	 x30:0xed600000 x21:0x0000000c  x3=0xfffed600
       24925000	      2491	80004c8c	03644c63	blt	x8,x22,80004cc4	  x8:0x00000000 x22:0x00000000
       24935000	      2492	80004c90	05779063	bne	x15,x23,80004cd0	 x15:0xffffffe5 x23:0x000004c1
       24945000	      2493	00000000	00000013	addi	x0,x0,0	  x0:0x00000000
       24955000	      2494	80004ccc	00000013	addi	x0,x0,0	  x0:0x00000000
       24965000	      2495	80004cd0	0089e1b3	or	x3,x19,x8	 x19:0x8c575000  x8:0x00000000  x3=0x8c575000
       24975000	      2496	80004cd4	ee0ded13	ori	x26,x27,-288	 x27:0x00000000 x26=0xfffffee0
       24985000	      2497	80004cd8	b2f82013	slti	x0,x16,-1233	 x16:0x00000000
       24995000	      2498	80004cdc	40af5913	srai	x18,x30,0xa	 x30:0xed600000 x18=0xfffb5800
       25005000	      2499	80004ce0	003e9533	sll	x10,x29,x3	 x29:0x01a885b3  x3:0x8c575000 x10=0x01a885b3
       25015000	      2500	80004ce4	00ce5913	srli	x18,x28,0xc	 x28:0x0000000d x18=0x00000000
       25025000	      2501	80004ce8	b3e1fc93	andi	x25,x3,-1218	  x3:0x8c575000 x25=0x8c575000
       25035000	      2502	80004cec	01e1d613	srli	x12,x3,0x1e	  x3:0x8c575000 x12=0x00000002
       25045000	      2503	80004cf0	01b2f333	and	x6,x5,x27	  x5:0x00000000 x27:0x00000000  x6=0x00000000
       25055000	      2504	80004cf4	50763693	sltiu	x13,x12,1287	 x12:0x00000002 x13=0x00000001
       25065000	      2505	80004cf8	0492f063	bgeu	x5,x9,80004d38	  x5:0x00000000  x9:0xfffffdab
       25075000	      2506	80004cfc	01311bb3	sll	x23,x2,x19	  x2:0x00000001 x19:0x8c575000 x23=0x00000001
       25085000	      2507	80004d00	707b8413	addi	x8,x23,1799	 x23:0x00000001  x8=0x00000708
       25095000	      2508	80004d04	00583ab3	sltu	x21,x16,x5	 x16:0x00000000  x5:0x00000000 x21=0x00000000
       25105000	      2509	80004d08	02d7de63	bge	x15,x13,80004d44	 x15:0xffffffe5 x13:0x00000001
       25115000	      2510	80004d0c	04d77063	bgeu	x14,x13,80004d4c	 x14:0x004f7e00 x13:0x00000001
       25125000	      2511	00000000	00000013	addi	x0,x0,0	  x0:0x00000000
       25135000	      2512	80004d48	00000013	addi	x0,x0,0	  x0:0x00000000
       25145000	      2513	80004d4c	e32c2713	slti	x14,x24,-462	 x24:0xfffffd87 x14=0x00000001
       25155000	      2514	80004d50	00e80233	add	x4,x16,x14	 x16:0x00000000 x14:0x00000001  x4=0x00000001
       25165000	      2515	80004d54	00cd2cb3	slt	x25,x26,x12	 x26:0xfffffee0 x12:0x00000002 x25=0x00000001
       25175000	      2516	80004d58	fd0cd997	auipc	x19,0xfd0cd	 x19=0x7d0d1d54
       25185000	      2517	80004d5c	01985463	bge	x16,x25,80004d64	 x16:0x00000000 x25:0x00000001
       25195000	      2518	80004d60	013e1613	slli	x12,x28,0x13	 x28:0x0000000d x12=0x00680000
       25205000	      2519	80004d64	0057cb33	xor	x22,x15,x5	 x15:0xffffffe5  x5:0x00000000 x22=0xffffffe5
       25215000	      2520	80004d68	098b5437	lui	x8,0x98b5	  x8=0x098b5000
       25225000	      2521	80004d6c	005c6db3	or	x27,x24,x5	 x24:0xfffffd87  x5:0x00000000 x27=0xfffffd87
       25235000	      2522	80004d70	016b5b13	srli	x22,x22,0x16	 x22:0xffffffe5 x22=0x000003ff
       25245000	      2523	80004d74	0091d863	bge	x3,x9,80004d84	  x3:0x8c575000  x9:0xfffffdab
       25255000	      2524	80004d78	02f95663	bge	x18,x15,80004da4	 x18:0x00000000 x15:0xffffffe5
       25265000	      2525	00000000	00000013	addi	x0,x0,0	  x0:0x00000000
       25275000	      2526	80004da0	00000013	addi	x0,x0,0	  x0:0x00000000
       25285000	      2527	80004da4	41335393	srai	x7,x6,0x13	  x6:0x00000000  x7=0x00000000
       25295000	      2528	80004da8	ba4fb297	auipc	x5,0xba4fb	  x5=0x3a4ffda4
       25305000	      2529	80004dac	000ff3b3	and	x7,x31,x0	 x31:0x00000000  x0:0x00000000  x7=0x00000000
       25315000	      2530	80004db0	05346663	bltu	x8,x19,80004dfc	  x8:0x098b5000 x19:0x7d0d1d54
       25325000	      2531	00000000	00000013	addi	x0,x0,0	  x0:0x00000000
       25335000	      2532	80004df8	00000013	addi	x0,x0,0	  x0:0x00000000
       25345000	      2533	80004dfc	fa23f013	andi	x0,x7,-94	  x7:0x00000000
       25355000	      2534	80004e00	01ddf463	bgeu	x27,x29,80004e08	 x27:0xfffffd87 x29:0x01a885b3
       25365000	      2535	00000000	00000013	addi	x0,x0,0	  x0:0x00000000
       25375000	      2536	80004e04	00000013	addi	x0,x0,0	  x0:0x00000000
       25385000	      2537	80004e08	2331a813	slti	x16,x3,563	  x3:0x8c575000 x16=0x00000001
       25395000	      2538	80004e0c	41098333	sub	x6,x19,x16	 x19:0x7d0d1d54 x16:0x00000001  x6=0x7d0d1d53
       25405000	      2539	80004e10	01c586b3	add	x13,x11,x28	 x11:0xd1604000 x28:0x0000000d x13=0xd160400d
       25415000	      2540	80004e14	1a49b613	sltiu	x12,x19,420	 x19:0x7d0d1d54 x12=0x00000000
       25425000	      2541	80004e18	f502c393	xori	x7,x5,-176	  x5:0x3a4ffda4  x7=0xc5b002f4
       25435000	      2542	80004e1c	00935863	bge	x6,x9,80004e2c	  x6:0x7d0d1d53  x9:0xfffffdab
       25445000	      2543	00000000	00000013	addi	x0,x0,0	  x0:0x00000000
       25455000	      2544	80004e28	00000013	addi	x0,x0,0	  x0:0x00000000
       25465000	      2545	80004e2c	0319e263	bltu	x19,x17,80004e50	 x19:0x7d0d1d54 x17:0x80009fc4
       25475000	      2546	00000000	00000013	addi	x0,x0,0	  x0:0x00000000
       25485000	      2547	80004e4c	00000013	addi	x0,x0,0	  x0:0x00000000
       25495000	      2548	80004e50	584b2913	slti	x18,x22,1412	 x22:0x000003ff x18=0x00000001
       25505000	      2549	80004e54	40885ab3	sra	x21,x16,x8	 x16:0x00000001  x8:0x098b5000 x21=0x00000001
       25515000	      2550	80004e58	6efbbf93	sltiu	x31,x23,1775	 x23:0x00000001 x31=0x00000001
       25525000	      2551	80004e5c	015741b3	xor	x3,x14,x21	 x14:0x00000001 x21:0x00000001  x3=0x00000000
       25535000	      2552	80004e60	410886b3	sub	x13,x17,x16	 x17:0x80009fc4 x16:0x00000001 x13=0x80009fc3
       25545000	      2553	80004e64	01abde63	bge	x23,x26,80004e80	 x23:0x00000001 x26:0xfffffee0
       25555000	      2554	00000000	00000013	addi	x0,x0,0	  x0:0x00000000
       25565000	      2555	80004e7c	00000013	addi	x0,x0,0	  x0:0x00000000
       25575000	      2556	80004e80	00d9a0b3	slt	x1,x19,x13	 x19:0x7d0d1d54 x13:0x80009fc3  x1=0x00000000
       25585000	      2557	80004e84	00b0a233	slt	x4,x1,x11	  x1:0x00000000 x11:0xd1604000  x4=0x00000000
       25595000	      2558	80004e88	00b1f863	bgeu	x3,x11,80004e98	  x3:0x00000000 x11:0xd1604000
       25605000	      2559	80004e8c	f15f6c13	ori	x24,x30,-235	 x30:0xed600000 x24=0xffffff15
       25615000	      2560	80004e90	02887e63	bgeu	x16,x8,80004ecc	 x16:0x00000001  x8:0x098b5000
       25625000	      2561	80004e94	018bdb93	srli	x23,x23,0x18	 x23:0x00000001 x23=0x00000000
       25635000	      2562	80004e98	00687663	bgeu	x16,x6,80004ea4	 x16:0x00000001  x6:0x7d0d1d53
       25645000	      2563	80004e9c	6cd3f637	lui	x12,0x6cd3f	 x12=0x6cd3f000
       25655000	      2564	80004ea0	031d9863	bne	x27,x17,80004ed0	 x27:0xfffffd87 x17:0x80009fc4
       25665000	      2565	00000000	00000013	addi	x0,x0,0	  x0:0x00000000
       25675000	      2566	80004ecc	00000013	addi	x0,x0,0	  x0:0x00000000
       25685000	      2567	80004ed0	7addcab7	lui	x21,0x7addc	 x21=0x7addc000
       25695000	      2568	80004ed4	01ed1393	slli	x7,x26,0x1e	 x26:0xfffffee0  x7=0x00000000
       25705000	      2569	80004ed8	4121d133	sra	x2,x3,x18	  x3:0x00000000 x18:0x00000001  x2=0x00000000
       25715000	      2570	80004edc	01cc3bb3	sltu	x23,x24,x28	 x24:0xffffff15 x28:0x0000000d x23=0x00000000
       25725000	      2571	80004ee0	2746cf17	auipc	x30,0x2746c	 x30=0xa7470edc
       25735000	      2572	80004ee4	02939463	bne	x7,x9,80004f0c	  x7:0x00000000  x9:0xfffffdab
       25745000	      2573	00000000	00000013	addi	x0,x0,0	  x0:0x00000000
       25755000	      2574	80004f08	00000013	addi	x0,x0,0	  x0:0x00000000
       25765000	      2575	80004f0c	01874663	blt	x14,x24,80004f18	 x14:0x00000001 x24:0xffffff15
       25775000	      2576	80004f10	c687c113	xori	x2,x15,-920	 x15:0xffffffe5  x2=0x0000038d
       25785000	      2577	80004f14	0065c9b3	xor	x19,x11,x6	 x11:0xd1604000  x6:0x7d0d1d53 x19=0xac6d5d53
       25795000	      2578	80004f18	e8632097	auipc	x1,0xe8632	  x1=0x68636f14
       25805000	      2579	80004f1c	41c38b33	sub	x22,x7,x28	  x7:0x00000000 x28:0x0000000d x22=0xfffffff3
       25815000	      2580	80004f20	56a50b93	addi	x23,x10,1386	 x10:0x01a885b3 x23=0x01a88b1d
       25825000	      2581	80004f24	fa57e193	ori	x3,x15,-91	 x15:0xffffffe5  x3=0xffffffe5
       25835000	      2582	80004f28	07079463	bne	x15,x16,80004f90	 x15:0xffffffe5 x16:0x00000001
       25845000	      2583	00000000	00000013	addi	x0,x0,0	  x0:0x00000000
       25855000	      2584	80004f8c	00000013	addi	x0,x0,0	  x0:0x00000000
       25865000	      2585	80004f90	40425b13	srai	x22,x4,0x4	  x4:0x00000000 x22=0x00000000
       25875000	      2586	80004f94	407685b3	sub	x11,x13,x7	 x13:0x80009fc3  x7:0x00000000 x11=0x80009fc3
       25885000	      2587	80004f98	026e4863	blt	x28,x6,80004fc8	 x28:0x0000000d  x6:0x7d0d1d53
       25895000	      2588	00000000	00000013	addi	x0,x0,0	  x0:0x00000000
       25905000	      2589	80004fc4	00000013	addi	x0,x0,0	  x0:0x00000000
       25915000	      2590	80004fc8	7249a393	slti	x7,x19,1828	 x19:0xac6d5d53  x7=0x00000001
       25925000	      2591	80004fcc	0101e2b3	or	x5,x3,x16	  x3:0xffffffe5 x16:0x00000001  x5=0xffffffe5
       25935000	      2592	80004fd0	c7a423b7	lui	x7,0xc7a42	  x7=0xc7a42000
       25945000	      2593	80004fd4	04b24063	blt	x4,x11,80005014	  x4:0x00000000 x11:0x80009fc3
       25955000	      2594	80004fd8	018cc4b3	xor	x9,x25,x24	 x25:0x00000001 x24:0xffffff15  x9=0xffffff14
       25965000	      2595	80004fdc	00cabcb3	sltu	x25,x21,x12	 x21:0x7addc000 x12:0x6cd3f000 x25=0x00000000
       25975000	      2596	80004fe0	00981813	slli	x16,x16,0x9	 x16:0x00000001 x16=0x00000200
       25985000	      2597	80004fe4	40aa8bb3	sub	x23,x21,x10	 x21:0x7addc000 x10:0x01a885b3 x23=0x79353a4d
       25995000	      2598	80004fe8	00a55193	srli	x3,x10,0xa	 x10:0x01a885b3  x3=0x00006a21
       26005000	      2599	80004fec	4198dfb3	sra	x31,x17,x25	 x17:0x80009fc4 x25:0x00000000 x31=0x80009fc4
       26015000	      2600	80004ff0	011e24b3	slt	x9,x28,x17	 x28:0x0000000d x17:0x80009fc4  x9=0x00000000
       26025000	      2601	80004ff4	0126fe63	bgeu	x13,x18,80005010	 x13:0x80009fc3 x18:0x00000001
       26035000	      2602	00000000	00000013	addi	x0,x0,0	  x0:0x00000000
       26045000	      2603	8000500c	00000013	addi	x0,x0,0	  x0:0x00000000
       26055000	      2604	80005010	00da5263	bge	x20,x13,80005014	 x20:0x80009efc x13:0x80009fc3
       26065000	      2605	80005014	01231cb3	sll	x25,x6,x18	  x6:0x7d0d1d53 x18:0x00000001 x25=0xfa1a3aa6
       26075000	      2606	80005018	409b0eb3	sub	x29,x22,x9	 x22:0x00000000  x9:0x00000000 x29=0x00000000
       26085000	      2607	8000501c	01c69d33	sll	x26,x13,x28	 x13:0x80009fc3 x28:0x0000000d x26=0x13f86000
       26095000	      2608	80005020	0184a6b3	slt	x13,x9,x24	  x9:0x00000000 x24:0xffffff15 x13=0x00000000
       26105000	      2609	80005024	40085533	sra	x10,x16,x0	 x16:0x00000200  x0:0x00000000 x10=0x00000200
       26115000	      2610	80005028	05ab0063	beq	x22,x26,80005068	 x22:0x00000000 x26:0x13f86000
       26125000	      2611	8000502c	411e5f13	srai	x30,x28,0x11	 x28:0x0000000d x30=0x00000000
       26135000	      2612	80005030	04fce063	bltu	x25,x15,80005070	 x25:0xfa1a3aa6 x15:0xffffffe5
       26145000	      2613	00000000	00000013	addi	x0,x0,0	  x0:0x00000000
       26155000	      2614	8000506c	00000013	addi	x0,x0,0	  x0:0x00000000
       26165000	      2615	80005070	016082b3	add	x5,x1,x22	  x1:0x68636f14 x22:0x00000000  x5=0x68636f14
       26175000	      2616	80005074	00e35933	srl	x18,x6,x14	  x6:0x7d0d1d53 x14:0x00000001 x18=0x3e868ea9
       26185000	      2617	80005078	207d4013	xori	x0,x26,519	 x26:0x13f86000
       26195000	      2618	8000507c	01f22c33	slt	x24,x4,x31	  x4:0x00000000 x31:0x80009fc4 x24=0x00000000
       26205000	      2619	80005080	415955b3	sra	x11,x18,x21	 x18:0x3e868ea9 x21:0x7addc000 x11=0x3e868ea9
       26215000	      2620	80005084	63bcf697	auipc	x13,0x63bcf	 x13=0xe3bd4080
       26225000	      2621	80005088	00b5e463	bltu	x11,x11,80005090	 x11:0x3e868ea9 x11:0x3e868ea9
       26235000	      2622	8000508c	ebcb6b93	ori	x23,x22,-324	 x22:0x00000000 x23=0xfffffebc
       26245000	      2623	80005090	01a9e733	or	x14,x19,x26	 x19:0xac6d5d53 x26:0x13f86000 x14=0xbffd7d53
       26255000	      2624	80005094	40825433	sra	x8,x4,x8	  x4:0x00000000  x8:0x098b5000  x8=0x00000000
       26265000	      2625	80005098	03898063	beq	x19,x24,800050b8	 x19:0xac6d5d53 x24:0x00000000
       26275000	      2626	8000509c	05afa593	slti	x11,x31,90	 x31:0x80009fc4 x11=0x00000001
       26285000	      2627	800050a0	4f01e813	ori	x16,x3,1264	  x3:0x00006a21 x16=0x00006ef1
       26295000	      2628	800050a4	0000f433	and	x8,x1,x0	  x1:0x68636f14  x0:0x00000000  x8=0x00000000
       26305000	      2629	800050a8	030f0663	beq	x30,x16,800050d4	 x30:0x00000000 x16:0x00006ef1
       26315000	      2630	800050ac	8f032093	slti	x1,x6,-1808	  x6:0x7d0d1d53  x1=0x00000000
       26325000	      2631	800050b0	4167dd93	srai	x27,x15,0x16	 x15:0xffffffe5 x27=0xffffffff
       26335000	      2632	800050b4	01871233	sll	x4,x14,x24	 x14:0xbffd7d53 x24:0x00000000  x4=0xbffd7d53
       26345000	      2633	800050b8	a3084713	xori	x14,x16,-1488	 x16:0x00006ef1 x14=0xffff94c1
       26355000	      2634	800050bc	41745b93	srai	x23,x8,0x17	  x8:0x00000000 x23=0x00000000
       26365000	      2635	800050c0	1c923193	sltiu	x3,x4,457	  x4:0xbffd7d53  x3=0x00000000
       26375000	      2636	800050c4	00f69463	bne	x13,x15,800050cc	 x13:0xe3bd4080 x15:0xffffffe5
       26385000	      2637	00000000	00000013	addi	x0,x0,0	  x0:0x00000000
       26395000	      2638	800050c8	00000013	addi	x0,x0,0	  x0:0x00000000
       26405000	      2639	800050cc	00144ab3	xor	x21,x8,x1	  x8:0x00000000  x1:0x00000000 x21=0x00000000
       26415000	      2640	800050d0	00e7a5b3	slt	x11,x15,x14	 x15:0xffffffe5 x14:0xffff94c1 x11=0x00000000
       26425000	      2641	800050d4	626dcb93	xori	x23,x27,1574	 x27:0xffffffff x23=0xfffff9d9
       26435000	      2642	800050d8	008ad863	bge	x21,x8,800050e8	 x21:0x00000000  x8:0x00000000
       26445000	      2643	00000000	00000013	addi	x0,x0,0	  x0:0x00000000
       26455000	      2644	800050e4	00000013	addi	x0,x0,0	  x0:0x00000000
       26465000	      2645	800050e8	01b2f533	and	x10,x5,x27	  x5:0x68636f14 x27:0xffffffff x10=0x68636f14
       26475000	      2646	800050ec	e350cc13	xori	x24,x1,-459	  x1:0x00000000 x24=0xfffffe35
       26485000	      2647	800050f0	01e74233	xor	x4,x14,x30	 x14:0xffff94c1 x30:0x00000000  x4=0xffff94c1
       26495000	      2648	800050f4	068a3013	sltiu	x0,x20,104	 x20:0x80009efc
       26505000	      2649	800050f8	003cbdb3	sltu	x27,x25,x3	 x25:0xfa1a3aa6  x3:0x00000000 x27=0x00000000
       26515000	      2650	800050fc	00e41f93	slli	x31,x8,0xe	  x8:0x00000000 x31=0x00000000
       26525000	      2651	80005100	58503293	sltiu	x5,x0,1413	  x0:0x00000000  x5=0x00000001
       26535000	      2652	80005104	9a4a5f97	auipc	x31,0x9a4a5	 x31=0x1a4aa100
       26545000	      2653	80005108	015655b3	srl	x11,x12,x21	 x12:0x6cd3f000 x21:0x00000000 x11=0x6cd3f000
       26555000	      2654	8000510c	01922eb3	slt	x29,x4,x25	  x4:0xffff94c1 x25:0xfa1a3aa6 x29=0x00000000
       26565000	      2655	80005110	40a65213	srai	x4,x12,0xa	 x12:0x6cd3f000  x4=0x001b34fc
       26575000	      2656	80005114	01a9a0b3	slt	x1,x19,x26	 x19:0xac6d5d53 x26:0x13f86000  x1=0x00000001
       26585000	      2657	80005118	3b926a93	ori	x21,x4,953	  x4:0x001b34fc x21=0x001b37fd
       26595000	      2658	8000511c	00644663	blt	x8,x6,80005128	  x8:0x00000000  x6:0x7d0d1d53
       26605000	      2659	00000000	00000013	addi	x0,x0,0	  x0:0x00000000
       26615000	      2660	80005124	00000013	addi	x0,x0,0	  x0:0x00000000
       26625000	      2661	80005128	ccbf0d13	addi	x26,x30,-821	 x30:0x00000000 x26=0xfffffccb
       26635000	      2662	8000512c	0067cc33	xor	x24,x15,x6	 x15:0xffffffe5  x6:0x7d0d1d53 x24=0x82f2e2b6
       26645000	      2663	80005130	00adc333	xor	x6,x27,x10	 x27:0x00000000 x10:0x68636f14  x6=0x68636f14
       26655000	      2664	80005134	004870b3	and	x1,x16,x4	 x16:0x00006ef1  x4:0x001b34fc  x1=0x000024f0
       26665000	      2665	80005138	75f42293	slti	x5,x8,1887	  x8:0x00000000  x5=0x00000001
       26675000	      2666	8000513c	6f66c313	xori	x6,x13,1782	 x13:0xe3bd4080  x6=0xe3bd4676
       26685000	      2667	80005140	002f6133	or	x2,x30,x2	 x30:0x00000000  x2:0x0000038d  x2=0x0000038d
       26695000	      2668	80005144	031cc063	blt	x25,x17,80005164	 x25:0xfa1a3aa6 x17:0x80009fc4
       26705000	      2669	80005148	01f20eb3	add	x29,x4,x31	  x4:0x001b34fc x31:0x1a4aa100 x29=0x1a65d5fc
       26715000	      2670	8000514c	bf7dcd93	xori	x27,x27,-1033	 x27:0x00000000 x27=0xfffffbf7
       26725000	      2671	80005150	023a4c63	blt	x20,x3,80005188	 x20:0x80009efc  x3:0x00000000
       26735000	      2672	00000000	00000013	addi	x0,x0,0	  x0:0x00000000
       26745000	      2673	80005184	00000013	addi	x0,x0,0	  x0:0x00000000
       26755000	      2674	80005188	e6ba0413	addi	x8,x20,-405	 x20:0x80009efc  x8=0x80009d67
       26765000	      2675	8000518c	40ea8333	sub	x6,x21,x14	 x21:0x001b37fd x14:0xffff94c1  x6=0x001ba33c
       26775000	      2676	80005190	40725013	srai	x0,x4,0x7	  x4:0x001b34fc
       26785000	      2677	80005194	96b02a93	slti	x21,x0,-1685	  x0:0x00000000 x21=0x00000000
       26795000	      2678	80005198	00aed663	bge	x29,x10,800051a4	 x29:0x1a65d5fc x10:0x68636f14
       26805000	      2679	8000519c	1cfef217	auipc	x4,0x1cfef	  x4=0x9cff4198
       26815000	      2680	800051a0	03b45863	bge	x8,x27,800051d0	  x8:0x80009d67 x27:0xfffffbf7
       26825000	      2681	800051a4	402cd9b3	sra	x19,x25,x2	 x25:0xfa1a3aa6  x2:0x0000038d x19=0xffffd0d1
       26835000	      2682	800051a8	416d5533	sra	x10,x26,x22	 x26:0xfffffccb x22:0x00000000 x10=0xfffffccb
       26845000	      2683	800051ac	053b8863	beq	x23,x19,800051fc	 x23:0xfffff9d9 x19:0xffffd0d1
       26855000	      2684	800051b0	01973333	sltu	x6,x14,x25	 x14:0xffff94c1 x25:0xfa1a3aa6  x6=0x00000000
       26865000	      2685	800051b4	7f9f8913	addi	x18,x31,2041	 x31:0x1a4aa100 x18=0x1a4aa8f9
       26875000	      2686	800051b8	68754913	xori	x18,x10,1671	 x10:0xfffffccb x18=0xfffffa4c
       26885000	      2687	800051bc	04b01063	bne	x0,x11,800051fc	  x0:0x00000000 x11:0x6cd3f000
       26895000	      2688	00000000	00000013	addi	x0,x0,0	  x0:0x00000000
       26905000	      2689	800051f8	00000013	addi	x0,x0,0	  x0:0x00000000
       26915000	      2690	800051fc	c2b82c93	slti	x25,x16,-981	 x16:0x00006ef1 x25=0x00000000
       26925000	      2691	80005200	8248c913	xori	x18,x17,-2012	 x17:0x80009fc4 x18=0x7fff67e0
       26935000	      2692	80005204	007bd933	srl	x18,x23,x7	 x23:0xfffff9d9  x7:0xc7a42000 x18=0xfffff9d9
       26945000	      2693	80005208	012ff263	bgeu	x31,x18,8000520c	 x31:0x1a4aa100 x18:0xfffff9d9
       26955000	      2694	8000520c	020d5263	bge	x26,x0,80005230	 x26:0xfffffccb  x0:0x00000000
       26965000	      2695	80005210	01793cb3	sltu	x25,x18,x23	 x18:0xfffff9d9 x23:0xfffff9d9 x25=0x00000000
       26975000	      2696	80005214	401a5613	srai	x12,x20,0x1	 x20:0x80009efc x12=0xc0004f7e
       26985000	      2697	80005218	04766063	bltu	x12,x7,80005258	 x12:0xc0004f7e  x7:0xc7a42000
       26995000	      2698	00000000	00000013	addi	x0,x0,0	  x0:0x00000000
       27005000	      2699	80005254	00000013	addi	x0,x0,0	  x0:0x00000000
       27015000	      2700	80005258	50e52413	slti	x8,x10,1294	 x10:0xfffffccb  x8=0x00000001
       27025000	      2701	8000525c	01850833	add	x16,x10,x24	 x10:0xfffffccb x24:0x82f2e2b6 x16=0x82f2df81
       27035000	      2702	80005260	02985863	bge	x16,x9,80005290	 x16:0x82f2df81  x9:0x00000000
       27045000	      2703	80005264	0592e663	bltu	x5,x25,800052b0	  x5:0x00000001 x25:0x00000000
       27055000	      2704	80005268	769da793	slti	x15,x27,1897	 x27:0xfffffbf7 x15=0x00000001
       27065000	      2705	8000526c	01289f13	slli	x30,x17,0x12	 x17:0x80009fc4 x30=0x7f100000
       27075000	      2706	80005270	005493b3	sll	x7,x9,x5	  x9:0x00000000  x5:0x00000001  x7=0x00000000
       27085000	      2707	80005274	011e15b3	sll	x11,x28,x17	 x28:0x0000000d x17:0x80009fc4 x11=0x000000d0
       27095000	      2708	80005278	011bd663	bge	x23,x17,80005284	 x23:0xfffff9d9 x17:0x80009fc4
       27105000	      2709	00000000	00000013	addi	x0,x0,0	  x0:0x00000000
       27115000	      2710	80005280	00000013	addi	x0,x0,0	  x0:0x00000000
       27125000	      2711	80005284	00261613	slli	x12,x12,0x2	 x12:0xc0004f7e x12=0x00013df8
       27135000	      2712	80005288	05278063	beq	x15,x18,800052c8	 x15:0x00000001 x18:0xfffff9d9
       27145000	      2713	8000528c	03f75e63	bge	x14,x31,800052c8	 x14:0xffff94c1 x31:0x1a4aa100
       27155000	      2714	80005290	15588d93	addi	x27,x17,341	 x17:0x80009fc4 x27=0x8000a119
       27165000	      2715	80005294	29128593	addi	x11,x5,657	  x5:0x00000001 x11=0x00000292
       27175000	      2716	80005298	cd8e1c17	auipc	x24,0xcd8e1	 x24=0x4d8e6294
       27185000	      2717	8000529c	01229193	slli	x3,x5,0x12	  x5:0x00000001  x3=0x00040000
       27195000	      2718	800052a0	01cc77b3	and	x15,x24,x28	 x24:0x4d8e6294 x28:0x0000000d x15=0x00000004
       27205000	      2719	800052a4	404985b3	sub	x11,x19,x4	 x19:0xffffd0d1  x4:0x9cff4198 x11=0x63008f39
       27215000	      2720	800052a8	0030e0b3	or	x1,x1,x3	  x1:0x000024f0  x3:0x00040000  x1=0x000424f0
       27225000	      2721	800052ac	efba4613	xori	x12,x20,-261	 x20:0x80009efc x12=0x7fff6007
       27235000	      2722	800052b0	b4aa2993	slti	x19,x20,-1206	 x20:0x80009efc x19=0x00000001
       27245000	      2723	800052b4	3c20f417	auipc	x8,0x3c20f	  x8=0xbc2142b0
       27255000	      2724	800052b8	010b07b3	add	x15,x22,x16	 x22:0x00000000 x16:0x82f2df81 x15=0x82f2df81
       27265000	      2725	800052bc	00000013	addi	x0,x0,0	  x0:0x00000000
       27275000	      2726	800052c0	f6418493	addi	x9,x3,-156	  x3:0x00040000  x9=0x0003ff64
       27285000	      2727	800052c4	01060233	add	x4,x12,x16	 x12:0x7fff6007 x16:0x82f2df81  x4=0x02f23f88
       27295000	      2728	800052c8	0104d1b3	srl	x3,x9,x16	  x9:0x0003ff64 x16:0x82f2df81  x3=0x0001ffb2
       27305000	      2729	800052cc	e6bd3093	sltiu	x1,x26,-405	 x26:0xfffffccb  x1=0x00000001
       27315000	      2730	800052d0	e0734693	xori	x13,x6,-505	  x6:0x00000000 x13=0xfffffe07
       27325000	      2731	800052d4	402ed093	srai	x1,x29,0x2	 x29:0x1a65d5fc  x1=0x0699757f
       27335000	      2732	800052d8	e08aeb13	ori	x22,x21,-504	 x21:0x00000000 x22=0xfffffe08
       27345000	      2733	800052dc	012d5213	srli	x4,x26,0x12	 x26:0xfffffccb  x4=0x00003fff
       27355000	      2734	800052e0	011a5d33	srl	x26,x20,x17	 x20:0x80009efc x17:0x80009fc4 x26=0x080009ef
       27365000	      2735	800052e4	00104463	blt	x0,x1,800052ec	  x0:0x00000000  x1:0x0699757f
       27375000	      2736	00000000	00000013	addi	x0,x0,0	  x0:0x00000000
       27385000	      2737	800052e8	00000013	addi	x0,x0,0	  x0:0x00000000
       27395000	      2738	800052ec	015d1ab3	sll	x21,x26,x21	 x26:0x080009ef x21:0x00000000 x21=0x080009ef
       27405000	      2739	800052f0	40e95733	sra	x14,x18,x14	 x18:0xfffff9d9 x14:0xffff94c1 x14=0xfffffcec
       27415000	      2740	800052f4	000ca733	slt	x14,x25,x0	 x25:0x00000000  x0:0x00000000 x14=0x00000000
       27425000	      2741	800052f8	f5f47993	andi	x19,x8,-161	  x8:0xbc2142b0 x19=0xbc214210
       27435000	      2742	800052fc	00000013	addi	x0,x0,0	  x0:0x00000000
       27445000	      2743	80005300	00a534b3	sltu	x9,x10,x10	 x10:0xfffffccb x10:0xfffffccb  x9=0x00000000
       27455000	      2744	80005304	0036d413	srli	x8,x13,0x3	 x13:0xfffffe07  x8=0x1fffffc0
       27465000	      2745	80005308	03807463	bgeu	x0,x24,80005330	  x0:0x00000000 x24:0x4d8e6294
       27475000	      2746	8000530c	9aea7d13	andi	x26,x20,-1618	 x20:0x80009efc x26=0x800098ac
       27485000	      2747	80005310	02cee863	bltu	x29,x12,80005340	 x29:0x1a65d5fc x12:0x7fff6007
       27495000	      2748	00000000	00000013	addi	x0,x0,0	  x0:0x00000000
       27505000	      2749	8000533c	00000013	addi	x0,x0,0	  x0:0x00000000
       27515000	      2750	80005340	90190417	auipc	x8,0x90190	  x8=0x1019533c
       27525000	      2751	80005344	01693033	sltu	x0,x18,x22	 x18:0xfffff9d9 x22:0xfffffe08
       27535000	      2752	80005348	00000013	addi	x0,x0,0	  x0:0x00000000
       27545000	      2753	8000534c	3400a4b7	lui	x9,0x3400a	  x9=0x3400a000
       27555000	      2754	80005350	016bc2b3	xor	x5,x23,x22	 x23:0xfffff9d9 x22:0xfffffe08  x5=0x000007d1
       27565000	      2755	80005354	004d1b13	slli	x22,x26,0x4	 x26:0x800098ac x22=0x00098ac0
       27575000	      2756	80005358	003c72b3	and	x5,x24,x3	 x24:0x4d8e6294  x3:0x0001ffb2  x5=0x00006290
       27585000	      2757	8000535c	4152d093	srai	x1,x5,0x15	  x5:0x00006290  x1=0x00000000
       27595000	      2758	80005360	02c2e063	bltu	x5,x12,80005380	  x5:0x00006290 x12:0x7fff6007
       27605000	      2759	00000000	00000013	addi	x0,x0,0	  x0:0x00000000
       27615000	      2760	8000537c	00000013	addi	x0,x0,0	  x0:0x00000000
       27625000	      2761	80005380	0058df33	srl	x30,x17,x5	 x17:0x80009fc4  x5:0x00006290 x30=0x00008000
       27635000	      2762	80005384	c7a43393	sltiu	x7,x8,-902	  x8:0x1019533c  x7=0x00000001
       27645000	      2763	80005388	04980063	beq	x16,x9,800053c8	 x16:0x82f2df81  x9:0x3400a000
       27655000	      2764	8000538c	e6e0c337	lui	x6,0xe6e0c	  x6=0xe6e0c000
       27665000	      2765	80005390	011a59b3	srl	x19,x20,x17	 x20:0x80009efc x17:0x80009fc4 x19=0x080009ef
       27675000	      2766	80005394	4087df93	srai	x31,x15,0x8	 x15:0x82f2df81 x31=0xff82f2df
       27685000	      2767	80005398	0064e0b3	or	x1,x9,x6	  x9:0x3400a000  x6:0xe6e0c000  x1=0xf6e0e000
       27695000	      2768	8000539c	00960a63	beq	x12,x9,800053b0	 x12:0x7fff6007  x9:0x3400a000
       27705000	      2769	800053a0	a296cc17	auipc	x24,0xa296c	 x24=0x2297139c
       27715000	      2770	800053a4	01175f33	srl	x30,x14,x17	 x14:0x00000000 x17:0x80009fc4 x30=0x00000000
       27725000	      2771	800053a8	416bd713	srai	x14,x23,0x16	 x23:0xfffff9d9 x14=0xffffffff
       27735000	      2772	800053ac	01b3b733	sltu	x14,x7,x27	  x7:0x00000001 x27:0x8000a119 x14=0x00000001
       27745000	      2773	800053b0	01564263	blt	x12,x21,800053b4	 x12:0x7fff6007 x21:0x080009ef
       27755000	      2774	800053b4	01d8bfb3	sltu	x31,x17,x29	 x17:0x80009fc4 x29:0x1a65d5fc x31=0x00000000
       27765000	      2775	800053b8	018641b3	xor	x3,x12,x24	 x12:0x7fff6007 x24:0x2297139c  x3=0x5d68739b
       27775000	      2776	800053bc	fd004413	xori	x8,x0,-48	  x0:0x00000000  x8=0xffffffd0
       27785000	      2777	800053c0	00a01663	bne	x0,x10,800053cc	  x0:0x00000000 x10:0xfffffccb
       27795000	      2778	00000000	00000013	addi	x0,x0,0	  x0:0x00000000
       27805000	      2779	800053c8	00000013	addi	x0,x0,0	  x0:0x00000000
       27815000	      2780	800053cc	00cf9e63	bne	x31,x12,800053e8	 x31:0x00000000 x12:0x7fff6007
       27825000	      2781	00000000	00000013	addi	x0,x0,0	  x0:0x00000000
       27835000	      2782	800053e4	00000013	addi	x0,x0,0	  x0:0x00000000
       27845000	      2783	800053e8	02486c63	bltu	x16,x4,80005420	 x16:0x82f2df81  x4:0x00003fff
       27855000	      2784	800053ec	01a66fb3	or	x31,x12,x26	 x12:0x7fff6007 x26:0x800098ac x31=0xfffff8af
       27865000	      2785	800053f0	fdcd0b13	addi	x22,x26,-36	 x26:0x800098ac x22=0x80009888
       27875000	      2786	800053f4	40d7d593	srai	x11,x15,0xd	 x15:0x82f2df81 x11=0xfffc1796
       27885000	      2787	800053f8	00252533	slt	x10,x10,x2	 x10:0xfffffccb  x2:0x0000038d x10=0x00000001
       27895000	      2788	800053fc	007589b3	add	x19,x11,x7	 x11:0xfffc1796  x7:0x00000001 x19=0xfffc1797
       27905000	      2789	80005400	00dd2f33	slt	x30,x26,x13	 x26:0x800098ac x13:0xfffffe07 x30=0x00000001
       27915000	      2790	80005404	019a91b3	sll	x3,x21,x25	 x21:0x080009ef x25:0x00000000  x3=0x080009ef
       27925000	      2791	80005408	014ec663	blt	x29,x20,80005414	 x29:0x1a65d5fc x20:0x80009efc
       27935000	      2792	8000540c	5a351b97	auipc	x23,0x5a351	 x23=0xda356408
       27945000	      2793	80005410	00deac33	slt	x24,x29,x13	 x29:0x1a65d5fc x13:0xfffffe07 x24=0x00000000
       27955000	      2794	80005414	d09c0cb7	lui	x25,0xd09c0	 x25=0xd09c0000
       27965000	      2795	80005418	18e07213	andi	x4,x0,398	  x0:0x00000000  x4=0x00000000
       27975000	      2796	8000541c	033a5463	bge	x20,x19,80005444	 x20:0x80009efc x19:0xfffc1797
       27985000	      2797	80005420	fe9f6217	auipc	x4,0xfe9f6	  x4=0x7e9fb41c
       27995000	      2798	80005424	663e7793	andi	x15,x28,1635	 x28:0x0000000d x15=0x00000001
       28005000	      2799	80005428	0519c063	blt	x19,x17,80005468	 x19:0xfffc1797 x17:0x80009fc4
       28015000	      2800	8000542c	401c5093	srai	x1,x24,0x1	 x24:0x00000000  x1=0x00000000
       28025000	      2801	80005430	01676263	bltu	x14,x22,80005434	 x14:0x00000001 x22:0x80009888
       28035000	      2802	00000000	00000013	addi	x0,x0,0	  x0:0x00000000
       28045000	      2803	80005430	00000013	addi	x0,x0,0	  x0:0x00000000
       28055000	      2804	80005434	000c4463	blt	x24,x0,8000543c	 x24:0x00000000  x0:0x00000000
       28065000	      2805	80005438	fafc8793	addi	x15,x25,-81	 x25:0xd09c0000 x15=0xd09bffaf
       28075000	      2806	8000543c	2f875eb7	lui	x29,0x2f875	 x29=0x2f875000
       28085000	      2807	80005440	00000013	addi	x0,x0,0	  x0:0x00000000
       28095000	      2808	80005444	9a3a0837	lui	x16,0x9a3a0	 x16=0x9a3a0000
       28105000	      2809	80005448	03d64c63	blt	x12,x29,80005480	 x12:0x7fff6007 x29:0x2f875000
       28115000	      2810	8000544c	00d2a033	slt	x0,x5,x13	  x5:0x00006290 x13:0xfffffe07
       28125000	      2811	80005450	21e68f93	addi	x31,x13,542	 x13:0xfffffe07 x31=0x00000025
       28135000	      2812	80005454	b120b997	auipc	x19,0xb120b	 x19=0x31210450
       28145000	      2813	80005458	00bb1613	slli	x12,x22,0xb	 x22:0x80009888 x12=0x04c44000
       28155000	      2814	8000545c	006d4b33	xor	x22,x26,x6	 x26:0x800098ac  x6:0xe6e0c000 x22=0x66e058ac
       28165000	      2815	80005460	000c9313	slli	x6,x25,0x0	 x25:0xd09c0000  x6=0xd09c0000
       28175000	      2816	80005464	41215d13	srai	x26,x2,0x12	  x2:0x0000038d x26=0x00000000
       28185000	      2817	80005468	01ddafb3	slt	x31,x27,x29	 x27:0x8000a119 x29:0x2f875000 x31=0x00000001
       28195000	      2818	8000546c	00a5d863	bge	x11,x10,8000547c	 x11:0xfffc1796 x10:0x00000001
       28205000	      2819	80005470	01990033	add	x0,x18,x25	 x18:0xfffff9d9 x25:0xd09c0000
       28215000	      2820	80005474	00f10d33	add	x26,x2,x15	  x2:0x0000038d x15:0xd09bffaf x26=0xd09c033c
       28225000	      2821	80005478	03b4c263	blt	x9,x27,8000549c	  x9:0x3400a000 x27:0x8000a119
       28235000	      2822	8000547c	6f537813	andi	x16,x6,1781	  x6:0xd09c0000 x16=0x00000000
       28245000	      2823	80005480	01439633	sll	x12,x7,x20	  x7:0x00000001 x20:0x80009efc x12=0x10000000
       28255000	      2824	80005484	00c7b733	sltu	x14,x15,x12	 x15:0xd09bffaf x12:0x10000000 x14=0x00000000
       28265000	      2825	80005488	01fc1713	slli	x14,x24,0x1f	 x24:0x00000000 x14=0x00000000
       28275000	      2826	8000548c	02698663	beq	x19,x6,800054b8	 x19:0x31210450  x6:0xd09c0000
       28285000	      2827	80005490	02214e63	blt	x2,x2,800054cc	  x2:0x0000038d  x2:0x0000038d
       28295000	      2828	80005494	0070c933	xor	x18,x1,x7	  x1:0x00000000  x7:0x00000001 x18=0x00000001
       28305000	      2829	80005498	1161ac93	slti	x25,x3,278	  x3:0x080009ef x25=0x00000000
       28315000	      2830	8000549c	01b98863	beq	x19,x27,800054ac	 x19:0x31210450 x27:0x8000a119
       28325000	      2831	800054a0	01314433	xor	x8,x2,x19	  x2:0x0000038d x19:0x31210450  x8=0x312107dd
       28335000	      2832	800054a4	d46355b7	lui	x11,0xd4635	 x11=0xd4635000
       28345000	      2833	800054a8	02bf5e63	bge	x30,x11,800054e4	 x30:0x00000001 x11:0xd4635000
       28355000	      2834	00000000	00000013	addi	x0,x0,0	  x0:0x00000000
       28365000	      2835	800054e0	00000013	addi	x0,x0,0	  x0:0x00000000
       28375000	      2836	800054e4	002e16b3	sll	x13,x28,x2	 x28:0x0000000d  x2:0x0000038d x13=0x0001a000
       28385000	      2837	800054e8	011173b3	and	x7,x2,x17	  x2:0x0000038d x17:0x80009fc4  x7=0x00000384
       28395000	      2838	800054ec	00000013	addi	x0,x0,0	  x0:0x00000000
       28405000	      2839	800054f0	c2b57c13	andi	x24,x10,-981	 x10:0x00000001 x24=0x00000001
       28415000	      2840	800054f4	00d28d33	add	x26,x5,x13	  x5:0x00006290 x13:0x0001a000 x26=0x00020290
       28425000	      2841	800054f8	4154d593	srai	x11,x9,0x15	  x9:0x3400a000 x11=0x000001a0
       28435000	      2842	800054fc	00000013	addi	x0,x0,0	  x0:0x00000000
       28445000	      2843	80005500	14f5f193	andi	x3,x11,335	 x11:0x000001a0  x3=0x00000100
       28455000	      2844	80005504	01df7233	and	x4,x30,x29	 x30:0x00000001 x29:0x2f875000  x4=0x00000000
       28465000	      2845	80005508	01fd34b3	sltu	x9,x26,x31	 x26:0x00020290 x31:0x00000001  x9=0x00000000
       28475000	      2846	8000550c	00ed5bb3	srl	x23,x26,x14	 x26:0x00020290 x14:0x00000000 x23=0x00020290
       28485000	      2847	80005510	02037263	bgeu	x6,x0,80005534	  x6:0xd09c0000  x0:0x00000000
       28495000	      2848	00000000	00000013	addi	x0,x0,0	  x0:0x00000000
       28505000	      2849	80005530	00000013	addi	x0,x0,0	  x0:0x00000000
       28515000	      2850	80005534	41785813	srai	x16,x16,0x17	 x16:0x00000000 x16=0x00000000
       28525000	      2851	80005538	0a119463	bne	x3,x1,800055e0	  x3:0x00000100  x1:0x00000000
       28535000	      2852	00000000	00000013	addi	x0,x0,0	  x0:0x00000000
       28545000	      2853	800055dc	00000013	addi	x0,x0,0	  x0:0x00000000
       28555000	      2854	800055e0	05c9f863	bgeu	x19,x28,80005630	 x19:0x31210450 x28:0x0000000d
       28565000	      2855	00000000	00000013	addi	x0,x0,0	  x0:0x00000000
       28575000	      2856	8000562c	00000013	addi	x0,x0,0	  x0:0x00000000
       28585000	      2857	80005630	01793f33	sltu	x30,x18,x23	 x18:0x00000001 x23:0x00020290 x30=0x00000001
       28595000	      2858	80005634	f049a513	slti	x10,x19,-252	 x19:0x31210450 x10=0x00000000
       28605000	      2859	80005638	343d2513	slti	x10,x26,835	 x26:0x00020290 x10=0x00000000
       28615000	      2860	8000563c	00575d13	srli	x26,x14,0x5	 x14:0x00000000 x26=0x00000000
       28625000	      2861	80005640	02edfc63	bgeu	x27,x14,80005678	 x27:0x8000a119 x14:0x00000000
       28635000	      2862	00000000	00000013	addi	x0,x0,0	  x0:0x00000000
       28645000	      2863	80005674	00000013	addi	x0,x0,0	  x0:0x00000000
       28655000	      2864	80005678	ba3804b7	lui	x9,0xba380	  x9=0xba380000
       28665000	      2865	8000567c	04935663	bge	x6,x9,800056c8	  x6:0xd09c0000  x9:0xba380000
       28675000	      2866	00000000	00000013	addi	x0,x0,0	  x0:0x00000000
       28685000	      2867	800056c4	00000013	addi	x0,x0,0	  x0:0x00000000
       28695000	      2868	800056c8	009d4fb3	xor	x31,x26,x9	 x26:0x00000000  x9:0xba380000 x31=0xba380000
       28705000	      2869	800056cc	013a89b3	add	x19,x21,x19	 x21:0x080009ef x19:0x31210450 x19=0x39210e3f
       28715000	      2870	800056d0	0090d013	srli	x0,x1,0x9	  x1:0x00000000
       28725000	      2871	800056d4	0041a833	slt	x16,x3,x4	  x3:0x00000100  x4:0x00000000 x16=0x00000000
       28735000	      2872	800056d8	001b25b3	slt	x11,x22,x1	 x22:0x66e058ac  x1:0x00000000 x11=0x00000000
       28745000	      2873	800056dc	000ee463	bltu	x29,x0,800056e4	 x29:0x2f875000  x0:0x00000000
       28755000	      2874	800056e0	0167c9b3	xor	x19,x15,x22	 x15:0xd09bffaf x22:0x66e058ac x19=0xb67ba703
       28765000	      2875	800056e4	7df3e593	ori	x11,x7,2015	  x7:0x00000384 x11=0x000007df
       28775000	      2876	800056e8	01d65d33	srl	x26,x12,x29	 x12:0x10000000 x29:0x2f875000 x26=0x10000000
       28785000	      2877	800056ec	01ef7263	bgeu	x30,x30,800056f0	 x30:0x00000001 x30:0x00000001
       28795000	      2878	00000000	00000013	addi	x0,x0,0	  x0:0x00000000
       28805000	      2879	800056ec	00000013	addi	x0,x0,0	  x0:0x00000000
       28815000	      2880	800056f0	77caaf97	auipc	x31,0x77caa	 x31=0xf7caf6ec
       28825000	      2881	800056f4	004a2983	lw	x19,4(x20)	 x20:0x80009efc x19=0x80006840 PA:0x80009f00
       28835000	      2882	800056f8	00440db3	add	x27,x8,x4	  x8:0x312107dd  x4:0x00000000 x27=0x312107dd
       28845000	      2883	800056fc	030a0a13	addi	x20,x20,48	 x20:0x80009efc x20=0x80009f2c
       28855000	      2884	80005700	01079d13	slli	x26,x15,0x10	 x15:0xd09bffaf x26=0xffaf0000
       28865000	      2885	80005704	faeeb693	sltiu	x13,x29,-82	 x29:0x2f875000 x13=0x00000001
       28875000	      2886	80005708	bdd26c13	ori	x24,x4,-1059	  x4:0x00000000 x24=0xfffffbdd
       28885000	      2887	8000570c	016ce5b3	or	x11,x25,x22	 x25:0x00000000 x22:0x66e058ac x11=0x66e058ac
       28895000	      2888	80005710	00098a93	addi	x21,x19,0	 x19:0x80006840 x21=0x80006840
       28905000	      2889	80005714	000a8ae7	jalr	x21,x21,0	 x21:0x80006840 x21=0x80005714
       28915000	      2890	00000000	00000013	addi	x0,x0,0	  x0:0x00000000
       28925000	      2891	80006840	00000013	addi	x0,x0,0	  x0:0x00000000
       28935000	      2892	80006844	00000013	addi	x0,x0,0	  x0:0x00000000
       28945000	      2893	80006848	00000013	addi	x0,x0,0	  x0:0x00000000
       28955000	      2894	8000684c	00da5813	srli	x16,x20,0xd	 x20:0x80009f2c x16=0x00040004
       28965000	      2895	80006850	00eb4e63	blt	x22,x14,8000686c	 x22:0x66e058ac x14:0x00000000
       28975000	      2896	80006854	00e61b13	slli	x22,x12,0xe	 x12:0x10000000 x22=0x00000000
       28985000	      2897	80006858	388abd93	sltiu	x27,x21,904	 x21:0x80005714 x27=0x00000000
       28995000	      2898	8000685c	0064f863	bgeu	x9,x6,8000686c	  x9:0xba380000  x6:0xd09c0000
       29005000	      2899	80006860	6b86e913	ori	x18,x13,1720	 x13:0x00000001 x18=0x000006b9
       29015000	      2900	80006864	091c3913	sltiu	x18,x24,145	 x24:0xfffffbdd x18=0x00000000
       29025000	      2901	80006868	e9abc493	xori	x9,x23,-358	 x23:0x00020290  x9=0xfffdfc0a
       29035000	      2902	8000686c	84e62217	auipc	x4,0x84e62	  x4=0x04e68868
       29045000	      2903	80006870	01625a93	srli	x21,x4,0x16	  x4:0x04e68868 x21=0x00000013
       29055000	      2904	80006874	004a2983	lw	x19,4(x20)	 x20:0x80009f2c x19=0x8000362c PA:0x80009f30
       29065000	      2905	80006878	5608bc13	sltiu	x24,x17,1376	 x17:0x80009fc4 x24=0x00000000
       29075000	      2906	8000687c	41dbd4b3	sra	x9,x23,x29	 x23:0x00020290 x29:0x2f875000  x9=0x00020290
       29085000	      2907	80006880	01ade033	or	x0,x27,x26	 x27:0x00000000 x26:0xffaf0000
       29095000	      2908	80006884	833ffa93	andi	x21,x31,-1997	 x31:0xf7caf6ec x21=0xf7caf020
       29105000	      2909	80006888	03ca0a13	addi	x20,x20,60	 x20:0x80009f2c x20=0x80009f68
       29115000	      2910	8000688c	700dec37	lui	x24,0x700de	 x24=0x700de000
       29125000	      2911	80006890	015f91b3	sll	x3,x31,x21	 x31:0xf7caf6ec x21:0xf7caf020  x3=0xf7caf6ec
       29135000	      2912	80006894	4044d933	sra	x18,x9,x4	  x9:0x00020290  x4:0x04e68868 x18=0x00000202
       29145000	      2913	80006898	00098e93	addi	x29,x19,0	 x19:0x8000362c x29=0x8000362c
       29155000	      2914	8000689c	000e8ee7	jalr	x29,x29,0	 x29:0x8000362c x29=0x8000689c
       29165000	      2915	00000000	00000013	addi	x0,x0,0	  x0:0x00000000
       29175000	      2916	8000362c	00000013	addi	x0,x0,0	  x0:0x00000000
       29185000	      2917	80003630	025df263	bgeu	x27,x5,80003654	 x27:0x00000000  x5:0x00006290
       29195000	      2918	80003634	00f10533	add	x10,x2,x15	  x2:0x0000038d x15:0xd09bffaf x10=0xd09c033c
       29205000	      2919	80003638	012cde63	bge	x25,x18,80003654	 x25:0x00000000 x18:0x00000202
       29215000	      2920	8000363c	fabaed93	ori	x27,x21,-85	 x21:0xf7caf020 x27=0xffffffab
       29225000	      2921	80003640	0145f4b3	and	x9,x11,x20	 x11:0x66e058ac x20:0x80009f68  x9=0x00001828
       29235000	      2922	80003644	008c4c33	xor	x24,x24,x8	 x24:0x700de000  x8:0x312107dd x24=0x412ce7dd
       29245000	      2923	80003648	40275c93	srai	x25,x14,0x2	 x14:0x00000000 x25=0x00000000
       29255000	      2924	8000364c	0050f463	bgeu	x1,x5,80003654	  x1:0x00000000  x5:0x00006290
       29265000	      2925	80003650	01591313	slli	x6,x18,0x15	 x18:0x00000202  x6=0x40400000
       29275000	      2926	80003654	00bf2d33	slt	x26,x30,x11	 x30:0x00000001 x11:0x66e058ac x26=0x00000001
       29285000	      2927	80003658	0c5c5037	lui	x0,0xc5c5	
       29295000	      2928	8000365c	004a2983	lw	x19,4(x20)	 x20:0x80009f68 x19=0x80000254 PA:0x80009f6c
       29305000	      2929	80003660	001f0433	add	x8,x30,x1	 x30:0x00000001  x1:0x00000000  x8=0x00000001
       29315000	      2930	80003664	012d2cb3	slt	x25,x26,x18	 x26:0x00000001 x18:0x00000202 x25=0x00000001
       29325000	      2931	80003668	0023b1b3	sltu	x3,x7,x2	  x7:0x00000384  x2:0x0000038d  x3=0x00000001
       29335000	      2932	8000366c	01d0e3b3	or	x7,x1,x29	  x1:0x00000000 x29:0x8000689c  x7=0x8000689c
       29345000	      2933	80003670	00000013	addi	x0,x0,0	  x0:0x00000000
       29355000	      2934	80003674	01ca0a13	addi	x20,x20,28	 x20:0x80009f68 x20=0x80009f84
       29365000	      2935	80003678	414d07b3	sub	x15,x26,x20	 x26:0x00000001 x20:0x80009f84 x15=0x7fff607d
       29375000	      2936	8000367c	00198593	addi	x11,x19,1	 x19:0x80000254 x11=0x80000255
       29385000	      2937	80003680	000585e7	jalr	x11,x11,0	 x11:0x80000255 x11=0x80003680
       29395000	      2938	00000000	00000013	addi	x0,x0,0	  x0:0x00000000
       29405000	      2939	80000254	00000013	addi	x0,x0,0	  x0:0x00000000
       29415000	      2940	80000258	00e3ec63	bltu	x7,x14,80000270	  x7:0x8000689c x14:0x00000000
       29425000	      2941	8000025c	40b15613	srai	x12,x2,0xb	  x2:0x0000038d x12=0x00000000
       29435000	      2942	80000260	01c1eeb3	or	x29,x3,x28	  x3:0x00000001 x28:0x0000000d x29=0x0000000d
       29445000	      2943	80000264	8800c013	xori	x0,x1,-1920	  x1:0x00000000
       29455000	      2944	80000268	6661f013	andi	x0,x3,1638	  x3:0x00000001
       29465000	      2945	8000026c	01c31f93	slli	x31,x6,0x1c	  x6:0x40400000 x31=0x00000000
       29475000	      2946	80000270	eab16e93	ori	x29,x2,-341	  x2:0x0000038d x29=0xffffffaf
       29485000	      2947	80000274	5c301937	lui	x18,0x5c301	 x18=0x5c301000
       29495000	      2948	80000278	01789c13	slli	x24,x17,0x17	 x17:0x80009fc4 x24=0xe2000000
       29505000	      2949	8000027c	00147463	bgeu	x8,x1,80000284	  x8:0x00000001  x1:0x00000000
       29515000	      2950	00000000	00000013	addi	x0,x0,0	  x0:0x00000000
       29525000	      2951	80000280	00000013	addi	x0,x0,0	  x0:0x00000000
       29535000	      2952	80000284	016b1933	sll	x18,x22,x22	 x22:0x00000000 x22:0x00000000 x18=0x00000000
       29545000	      2953	80000288	00000e17	auipc	x28,0x0	 x28=0x80000284
       29555000	      2954	8000028c	00ce0e13	addi	x28,x28,12	 x28:0x80000284 x28=0x80000290
       29565000	      2955	80000290	000e0067	jalr	x0,x28,0	 x28:0x80000290
       29575000	      2956	00000000	00000013	addi	x0,x0,0	  x0:0x00000000
       29585000	      2957	80000290	00000013	addi	x0,x0,0	  x0:0x00000000
       29595000	      2958	80000294	00100193	addi	x3,x0,1	  x0:0x00000000  x3=0x00000001
       29605000	      2959	80000298	00000073	ecall	
       29615000	      2960	8000029c	69a63137	lui	x2,0x69a63	  x2=0x69a63000
