		Time			Cycle	PC		Insn	Decoded instruction	Register and memory contents
          65000	         5	80000004	00000293	addi	x5,x0,0	  x0:0x00000000  x5=0x00000000
          75000	         6	80000008	00000313	addi	x6,x0,0	  x0:0x00000000  x6=0x00000000
          85000	         7	8000000c	00628263	beq	x5,x6,80000010	  x5:0x00000000  x6:0x00000000
          95000	         8	00000000	00000013	addi	x0,x0,0	  x0:0x00000000
         105000	         9	8000000c	00000013	addi	x0,x0,0	  x0:0x00000000
         115000	        10	80000010	00000097	auipc	x1,0x0	  x1=0x8000000c
         125000	        11	80000014	00c08093	addi	x1,x1,12	  x1:0x8000000c  x1=0x80000018
         135000	        12	80000018	00008067	jalr	x0,x1,0	  x1:0x80000018
         145000	        13	00000000	00000013	addi	x0,x0,0	  x0:0x00000000
         155000	        14	80000018	00000013	addi	x0,x0,0	  x0:0x00000000
         165000	        15	8000001c	40000cb7	lui	x25,0x40000	 x25=0x40000000
         175000	        16	80000020	100c8c93	addi	x25,x25,256	 x25:0x40000000 x25=0x40000100
         185000	        17	80000024	00000013	addi	x0,x0,0	  x0:0x00000000
         195000	        18	80000028	0000ab17	auipc	x22,0xa	 x22=0x8000a024
         205000	        19	8000002c	fa0b0b13	addi	x22,x22,-96	 x22:0x8000a024 x22=0x80009fc4
         215000	        20	80000030	00007c97	auipc	x25,0x7	 x25=0x8000702c
         225000	        21	80000034	c70c8c93	addi	x25,x25,-912	 x25:0x8000702c x25=0x80006c9c
         235000	        22	80000038	000cec93	ori	x25,x25,0	 x25:0x80006c9c x25=0x80006c9c
         245000	        23	8000003c	00000013	addi	x0,x0,0	  x0:0x00000000
         255000	        24	80000040	00000c97	auipc	x25,0x0	 x25=0x8000003c
         265000	        25	80000044	020c8c93	addi	x25,x25,32	 x25:0x8000003c x25=0x8000005c
         275000	        26	80000048	00000013	addi	x0,x0,0	  x0:0x00000000
         285000	        27	8000004c	00000013	addi	x0,x0,0	  x0:0x00000000
         295000	        28	80000050	00002cb7	lui	x25,0x2	 x25=0x00002000
         305000	        29	80000054	800c8c93	addi	x25,x25,-2048	 x25:0x00002000 x25=0x00001800
         315000	        30	80000058	00000013	addi	x0,x0,0	  x0:0x00000000
         325000	        31	8000005c	00000013	addi	x0,x0,0	  x0:0x00000000
         335000	        32	80000060	a75c0037	lui	x0,0xa75c0	
         345000	        33	80000064	28700013	addi	x0,x0,647	  x0:0x00000000
         355000	        34	80000068	fed450b7	lui	x1,0xfed45	  x1=0xfed45000
         365000	        35	8000006c	5e508093	addi	x1,x1,1509	  x1:0xfed45000  x1=0xfed455e5
         375000	        36	80000070	00800113	addi	x2,x0,8	  x0:0x00000000  x2=0x00000008
         385000	        37	80000074	6fa501b7	lui	x3,0x6fa50	  x3=0x6fa50000
         395000	        38	80000078	0c818193	addi	x3,x3,200	  x3:0x6fa50000  x3=0x6fa500c8
         405000	        39	8000007c	ce16f237	lui	x4,0xce16f	  x4=0xce16f000
         415000	        40	80000080	ea620213	addi	x4,x4,-346	  x4:0xce16f000  x4=0xce16eea6
         425000	        41	80000084	00500293	addi	x5,x0,5	  x0:0x00000000  x5=0x00000005
         435000	        42	80000088	e117c337	lui	x6,0xe117c	  x6=0xe117c000
         445000	        43	8000008c	68930313	addi	x6,x6,1673	  x6:0xe117c000  x6=0xe117c689
         455000	        44	80000090	800003b7	lui	x7,0x80000	  x7=0x80000000
         465000	        45	80000094	00000413	addi	x8,x0,0	  x0:0x00000000  x8=0x00000000
         475000	        46	80000098	ff9e74b7	lui	x9,0xff9e7	  x9=0xff9e7000
         485000	        47	8000009c	bd848493	addi	x9,x9,-1064	  x9:0xff9e7000  x9=0xff9e6bd8
         495000	        48	800000a0	fd42e537	lui	x10,0xfd42e	 x10=0xfd42e000
         505000	        49	800000a4	3d350513	addi	x10,x10,979	 x10:0xfd42e000 x10=0xfd42e3d3
         515000	        50	800000a8	800005b7	lui	x11,0x80000	 x11=0x80000000
         525000	        51	800000ac	f98ec637	lui	x12,0xf98ec	 x12=0xf98ec000
         535000	        52	800000b0	ce660613	addi	x12,x12,-794	 x12:0xf98ec000 x12=0xf98ebce6
         545000	        53	800000b4	00e00693	addi	x13,x0,14	  x0:0x00000000 x13=0x0000000e
         555000	        54	800000b8	80000737	lui	x14,0x80000	 x14=0x80000000
         565000	        55	800000bc	800007b7	lui	x15,0x80000	 x15=0x80000000
         575000	        56	800000c0	f1532837	lui	x16,0xf1532	 x16=0xf1532000
         585000	        57	800000c4	6e180813	addi	x16,x16,1761	 x16:0xf1532000 x16=0xf15326e1
         595000	        58	800000c8	98f568b7	lui	x17,0x98f56	 x17=0x98f56000
         605000	        59	800000cc	a8188893	addi	x17,x17,-1407	 x17:0x98f56000 x17=0x98f55a81
         615000	        60	800000d0	80000937	lui	x18,0x80000	 x18=0x80000000
         625000	        61	800000d4	00000993	addi	x19,x0,0	  x0:0x00000000 x19=0x00000000
         635000	        62	800000d8	c3f00a37	lui	x20,0xc3f00	 x20=0xc3f00000
         645000	        63	800000dc	1b4a0a13	addi	x20,x20,436	 x20:0xc3f00000 x20=0xc3f001b4
         655000	        64	800000e0	fd255ab7	lui	x21,0xfd255	 x21=0xfd255000
         665000	        65	800000e4	81ea8a93	addi	x21,x21,-2018	 x21:0xfd255000 x21=0xfd25481e
         675000	        66	800000e8	f7116bb7	lui	x23,0xf7116	 x23=0xf7116000
         685000	        67	800000ec	cfab8b93	addi	x23,x23,-774	 x23:0xf7116000 x23=0xf7115cfa
         695000	        68	800000f0	00000c13	addi	x24,x0,0	  x0:0x00000000 x24=0x00000000
         705000	        69	800000f4	f85b6cb7	lui	x25,0xf85b6	 x25=0xf85b6000
         715000	        70	800000f8	708c8c93	addi	x25,x25,1800	 x25:0xf85b6000 x25=0xf85b6708
         725000	        71	800000fc	80000db7	lui	x27,0x80000	 x27=0x80000000
         735000	        72	80000100	f2d7ee37	lui	x28,0xf2d7e	 x28=0xf2d7e000
         745000	        73	80000104	79ae0e13	addi	x28,x28,1946	 x28:0xf2d7e000 x28=0xf2d7e79a
         755000	        74	80000108	00c00e93	addi	x29,x0,12	  x0:0x00000000 x29=0x0000000c
         765000	        75	8000010c	fa72ef37	lui	x30,0xfa72e	 x30=0xfa72e000
         775000	        76	80000110	b04f0f13	addi	x30,x30,-1276	 x30:0xfa72e000 x30=0xfa72db04
         785000	        77	80000114	fc6d3fb7	lui	x31,0xfc6d3	 x31=0xfc6d3000
         795000	        78	80000118	e31f8f93	addi	x31,x31,-463	 x31:0xfc6d3000 x31=0xfc6d2e31
         805000	        79	8000011c	0000ad17	auipc	x26,0xa	 x26=0x8000a118
         815000	        80	80000120	e6cd0d13	addi	x26,x26,-404	 x26:0x8000a118 x26=0x80009f84
         825000	        81	80000124	00008317	auipc	x6,0x8	  x6=0x80008120
         835000	        82	80000128	22030313	addi	x6,x6,544	  x6:0x80008120  x6=0x80008340
         845000	        83	8000012c	00000013	addi	x0,x0,0	  x0:0x00000000
         855000	        84	80000130	417c4e17	auipc	x28,0x417c4	 x28=0xc17c412c
         865000	        85	80000134	0049dc13	srli	x24,x19,0x4	 x19:0x00000000 x24=0x00000000
         875000	        86	80000138	0065a033	slt	x0,x11,x6	 x11:0x80000000  x6:0x80008340
         885000	        87	8000013c	004b5c13	srli	x24,x22,0x4	 x22:0x80009fc4 x24=0x080009fc
         895000	        88	80000140	04330583	lb	x11,67(x6)	  x6:0x80008340 x11=0xffffffdc PA:0x80008383
         905000	        89	80000144	019c65b3	or	x11,x24,x25	 x24:0x080009fc x25:0xf85b6708 x11=0xf85b6ffc
         915000	        90	80000148	00130033	add	x0,x6,x1	  x6:0x80008340  x1:0xfed455e5
         925000	        91	8000014c	fd732823	sw	x23,-48(x6)	  x6:0x80008340 x23:0xf7115cfa PA:0x80008310
         935000	        92	80000150	bc9c7993	andi	x19,x24,-1079	 x24:0x080009fc x19=0x080009c8
         945000	        93	80000154	006bdf33	srl	x30,x23,x6	 x23:0xf7115cfa  x6:0x80008340 x30=0xf7115cfa
         955000	        94	80000158	008d14b3	sll	x9,x26,x8	 x26:0x80009f84  x8:0x00000000  x9=0x80009f84
         965000	        95	8000015c	0f530ba3	sb	x21,247(x6)	  x6:0x80008340 x21:0xfd25481e PA:0x80008437
         975000	        96	80000160	f4134f03	lbu	x30,-191(x6)	  x6:0x80008340 x30=0x000000bf PA:0x80008281
         985000	        97	80000164	00e31023	sh	x14,0(x6)	  x6:0x80008340 x14:0x80000000 PA:0x80008340
         995000	        98	80000168	0102bfb3	sltu	x31,x5,x16	  x5:0x00000005 x16:0xf15326e1 x31=0x00000001
        1005000	        99	8000016c	ae0d2b93	slti	x23,x26,-1312	 x26:0x80009f84 x23=0x00000001
        1015000	       100	80000170	00bc67b3	or	x15,x24,x11	 x24:0x080009fc x11:0xf85b6ffc x15=0xf85b6ffc
        1025000	       101	80000174	03334003	lbu	x0,51(x6)	  x6:0x80008340 PA:0x80008373
        1035000	       102	80000178	f6635f03	lhu	x30,-154(x6)	  x6:0x80008340 x30=0x0000b951 PA:0x800082a6
        1045000	       103	8000017c	00f5c2b3	xor	x5,x11,x15	 x11:0xf85b6ffc x15:0xf85b6ffc  x5=0x00000000
        1055000	       104	80000180	f8830003	lb	x0,-120(x6)	  x6:0x80008340 PA:0x800082c8
        1065000	       105	80000184	08a30783	lb	x15,138(x6)	  x6:0x80008340 x15=0x00000030 PA:0x800083ca
        1075000	       106	80000188	5c072693	slti	x13,x14,1472	 x14:0x80000000 x13=0x00000001
        1085000	       107	8000018c	fe930503	lb	x10,-23(x6)	  x6:0x80008340 x10=0xffffffa3 PA:0x80008329
        1095000	       108	80000190	007f1713	slli	x14,x30,0x7	 x30:0x0000b951 x14=0x005ca880
        1105000	       109	80000194	00000013	addi	x0,x0,0	  x0:0x00000000
        1115000	       110	80000198	00000013	addi	x0,x0,0	  x0:0x00000000
        1125000	       111	8000019c	0775e063	bltu	x11,x23,800001fc	 x11:0xf85b6ffc x23:0x00000001
        1135000	       112	800001a0	01d7d313	srli	x6,x15,0x1d	 x15:0x00000030  x6=0x00000000
        1145000	       113	800001a4	00004e97	auipc	x29,0x4	 x29=0x800041a0
        1155000	       114	800001a8	d88e8e93	addi	x29,x29,-632	 x29:0x800041a0 x29=0x80003f28
        1165000	       115	800001ac	28343913	sltiu	x18,x8,643	  x8:0x00000000 x18=0x00000001
        1175000	       116	800001b0	00000013	addi	x0,x0,0	  x0:0x00000000
        1185000	       117	800001b4	01cf77b3	and	x15,x30,x28	 x30:0x0000b951 x28:0xc17c412c x15=0x00000100
        1195000	       118	800001b8	0011f333	and	x6,x3,x1	  x3:0x6fa500c8  x1:0xfed455e5  x6=0x6e8400c0
        1205000	       119	800001bc	401ad033	sra	x0,x21,x1	 x21:0xfd25481e  x1:0xfed455e5
        1215000	       120	800001c0	6577e797	auipc	x15,0x6577e	 x15=0xe577e1bc
        1225000	       121	800001c4	3c1e8e93	addi	x29,x29,961	 x29:0x80003f28 x29=0x800042e9
        1235000	       122	800001c8	01a09a93	slli	x21,x1,0x1a	  x1:0xfed455e5 x21=0x94000000
        1245000	       123	800001cc	0188b433	sltu	x8,x17,x24	 x17:0x98f55a81 x24:0x080009fc  x8=0x00000000
        1255000	       124	800001d0	c40e84e7	jalr	x9,x29,-960	 x29:0x800042e9  x9=0x800001d0
        1265000	       125	00000000	00000013	addi	x0,x0,0	  x0:0x00000000
        1275000	       126	80003f28	00000013	addi	x0,x0,0	  x0:0x00000000
        1285000	       127	80003f2c	0a6f96b7	lui	x13,0xa6f9	 x13=0x0a6f9000
        1295000	       128	80003f30	41ffd633	sra	x12,x31,x31	 x31:0x00000001 x31:0x00000001 x12=0x00000000
        1305000	       129	80003f34	40be8033	sub	x0,x29,x11	 x29:0x800042e9 x11:0xf85b6ffc
        1315000	       130	80003f38	f784b193	sltiu	x3,x9,-136	  x9:0x800001d0  x3=0x00000001
        1325000	       131	80003f3c	01d4d463	bge	x9,x29,80003f44	  x9:0x800001d0 x29:0x800042e9
        1335000	       132	80003f40	000965b3	or	x11,x18,x0	 x18:0x00000001  x0:0x00000000 x11=0x00000001
        1345000	       133	80003f44	fccd0d13	addi	x26,x26,-52	 x26:0x80009f84 x26=0x80009f50
        1355000	       134	80003f48	009d2223	sw	x9,4(x26)	 x26:0x80009f50  x9:0x800001d0 PA:0x80009f54
        1365000	       135	80003f4c	bb7b3a93	sltiu	x21,x22,-1097	 x22:0x80009fc4 x21=0x00000001
        1375000	       136	80003f50	002d0233	add	x4,x26,x2	 x26:0x80009f50  x2:0x00000008  x4=0x80009f58
        1385000	       137	80003f54	00005117	auipc	x2,0x5	  x2=0x80008f50
        1395000	       138	80003f58	e1f10113	addi	x2,x2,-481	  x2:0x80008f50  x2=0x80008d6f
        1405000	       139	80003f5c	00c14183	lbu	x3,12(x2)	  x2:0x80008d6f  x3=0x00000091 PA:0x80008d7b
        1415000	       140	80003f60	a26f6813	ori	x16,x30,-1498	 x30:0x0000b951 x16=0xfffffb77
        1425000	       141	80003f64	01fb71b3	and	x3,x22,x31	 x22:0x80009fc4 x31:0x00000001  x3=0x00000000
        1435000	       142	80003f68	ffc14a03	lbu	x20,-4(x2)	  x2:0x80008d6f x20=0x0000007f PA:0x80008d6b
        1445000	       143	80003f6c	012b54b3	srl	x9,x22,x18	 x22:0x80009fc4 x18:0x00000001  x9=0x40004fe2
        1455000	       144	80003f70	417d5913	srai	x18,x26,0x17	 x26:0x80009f50 x18=0xffffff00
        1465000	       145	80003f74	012db8b3	sltu	x17,x27,x18	 x27:0x80000000 x18:0xffffff00 x17=0x00000001
        1475000	       146	80003f78	d841fcb7	lui	x25,0xd841f	 x25=0xd841f000
        1485000	       147	80003f7c	01dd9e93	slli	x29,x27,0x1d	 x27:0x80000000 x29=0x00000000
        1495000	       148	80003f80	cd4cba13	sltiu	x20,x25,-812	 x25:0xd841f000 x20=0x00000001
        1505000	       149	80003f84	011fedb3	or	x27,x31,x17	 x31:0x00000001 x17:0x00000001 x27=0x00000001
        1515000	       150	80003f88	0078f733	and	x14,x17,x7	 x17:0x00000001  x7:0x80000000 x14=0x00000000
        1525000	       151	80003f8c	0011efb3	or	x31,x3,x1	  x3:0x00000000  x1:0xfed455e5 x31=0xfed455e5
        1535000	       152	80003f90	00521893	slli	x17,x4,0x5	  x4:0x80009f58 x17=0x0013eb00
        1545000	       153	80003f94	fea10ba3	sb	x10,-9(x2)	  x2:0x80008d6f x10:0xffffffa3 PA:0x80008d66
        1555000	       154	80003f98	00e14f83	lbu	x31,14(x2)	  x2:0x80008d6f x31=0x00000098 PA:0x80008d7d
        1565000	       155	80003f9c	00945293	srli	x5,x8,0x9	  x8:0x00000000  x5=0x00000000
        1575000	       156	80003fa0	01345693	srli	x13,x8,0x13	  x8:0x00000000 x13=0x00000000
        1585000	       157	80003fa4	402006b3	sub	x13,x0,x2	  x0:0x00000000  x2:0x80008d6f x13=0x7fff7291
        1595000	       158	80003fa8	00000013	addi	x0,x0,0	  x0:0x00000000
        1605000	       159	80003fac	403f52b3	sra	x5,x30,x3	 x30:0x0000b951  x3:0x00000000  x5=0x0000b951
        1615000	       160	80003fb0	ff110d23	sb	x17,-6(x2)	  x2:0x80008d6f x17:0x0013eb00 PA:0x80008d69
        1625000	       161	80003fb4	41385493	srai	x9,x16,0x13	 x16:0xfffffb77  x9=0xffffffff
        1635000	       162	80003fb8	01b100a3	sb	x27,1(x2)	  x2:0x80008d6f x27:0x00000001 PA:0x80008d70
        1645000	       163	80003fbc	ffb11b83	lh	x23,-5(x2)	  x2:0x80008d6f x23=0x00007ff9 PA:0x80008d6a
        1655000	       164	80003fc0	409852b3	sra	x5,x16,x9	 x16:0xfffffb77  x9:0xffffffff  x5=0xffffffff
        1665000	       165	80003fc4	014255b3	srl	x11,x4,x20	  x4:0x80009f58 x20:0x00000001 x11=0x40004fac
        1675000	       166	80003fc8	00dc93b3	sll	x7,x25,x13	 x25:0xd841f000 x13:0x7fff7291  x7=0xe0000000
        1685000	       167	80003fcc	0022b9b3	sltu	x19,x5,x2	  x5:0xffffffff  x2:0x80008d6f x19=0x00000000
        1695000	       168	80003fd0	004808b3	add	x17,x16,x4	 x16:0xfffffb77  x4:0x80009f58 x17=0x80009acf
        1705000	       169	80003fd4	ffb10c23	sb	x27,-8(x2)	  x2:0x80008d6f x27:0x00000001 PA:0x80008d67
        1715000	       170	80003fd8	fe510c23	sb	x5,-8(x2)	  x2:0x80008d6f  x5:0xffffffff PA:0x80008d67
        1725000	       171	80003fdc	01dfa533	slt	x10,x31,x29	 x31:0x00000098 x29:0x00000000 x10=0x00000000
        1735000	       172	80003fe0	01688033	add	x0,x17,x22	 x17:0x80009acf x22:0x80009fc4
        1745000	       173	80003fe4	0181bbb3	sltu	x23,x3,x24	  x3:0x00000000 x24:0x080009fc x23=0x00000001
        1755000	       174	80003fe8	3ad02597	auipc	x11,0x3ad02	 x11=0xbad05fe4
        1765000	       175	80003fec	0088c333	xor	x6,x17,x8	 x17:0x80009acf  x8:0x00000000  x6=0x80009acf
        1775000	       176	80003ff0	016f8333	add	x6,x31,x22	 x31:0x00000098 x22:0x80009fc4  x6=0x8000a05c
        1785000	       177	80003ff4	ffe10203	lb	x4,-2(x2)	  x2:0x80008d6f  x4=0xffffffea PA:0x80008d6d
        1795000	       178	80003ff8	00005417	auipc	x8,0x5	  x8=0x80008ff4
        1805000	       179	80003ffc	ce240413	addi	x8,x8,-798	  x8:0x80008ff4  x8=0x80008cd6
        1815000	       180	80004000	40d5d193	srai	x3,x11,0xd	 x11:0xbad05fe4  x3=0xfffdd682
        1825000	       181	80004004	5e5bab93	slti	x23,x23,1509	 x23:0x00000001 x23=0x00000001
        1835000	       182	80004008	009a5eb3	srl	x29,x20,x9	 x20:0x00000001  x9:0xffffffff x29=0x00000000
        1845000	       183	8000400c	01a7be33	sltu	x28,x15,x26	 x15:0xe577e1bc x26:0x80009f50 x28=0x00000000
        1855000	       184	80004010	e49d9237	lui	x4,0xe49d9	  x4=0xe49d9000
        1865000	       185	80004014	fec44503	lbu	x10,-20(x8)	  x8:0x80008cd6 x10=0x0000008e PA:0x80008cc2
        1875000	       186	80004018	fe340283	lb	x5,-29(x8)	  x8:0x80008cd6  x5=0x00000038 PA:0x80008cb9
        1885000	       187	8000401c	00000013	addi	x0,x0,0	  x0:0x00000000
        1895000	       188	80004020	00c3b5b3	sltu	x11,x7,x12	  x7:0xe0000000 x12:0x00000000 x11=0x00000000
        1905000	       189	80004024	019125b3	slt	x11,x2,x25	  x2:0x80008d6f x25:0xd841f000 x11=0x00000001
        1915000	       190	80004028	01d41623	sh	x29,12(x8)	  x8:0x80008cd6 x29:0x00000000 PA:0x80008ce2
        1925000	       191	8000402c	00000013	addi	x0,x0,0	  x0:0x00000000
        1935000	       192	80004030	403782b3	sub	x5,x15,x3	 x15:0xe577e1bc  x3:0xfffdd682  x5=0xe57a0b3a
        1945000	       193	80004034	02340ea3	sb	x3,61(x8)	  x8:0x80008cd6  x3:0xfffdd682 PA:0x80008d13
        1955000	       194	80004038	417f8c33	sub	x24,x31,x23	 x31:0x00000098 x23:0x00000001 x24=0x00000097
        1965000	       195	8000403c	fc240da3	sb	x2,-37(x8)	  x8:0x80008cd6  x2:0x80008d6f PA:0x80008cb1
        1975000	       196	80004040	01226333	or	x6,x4,x18	  x4:0xe49d9000 x18:0xffffff00  x6=0xffffff00
        1985000	       197	80004044	00d81393	slli	x7,x16,0xd	 x16:0xfffffb77  x7=0xff6ee000
        1995000	       198	80004048	0048c333	xor	x6,x17,x4	 x17:0x80009acf  x4:0xe49d9000  x6=0x649d0acf
        2005000	       199	8000404c	ccff4c93	xori	x25,x30,-817	 x30:0x0000b951 x25=0xffff459e
        2015000	       200	80004050	3176c713	xori	x14,x13,791	 x13:0x7fff7291 x14=0x7fff7186
        2025000	       201	80004054	02e40e03	lb	x28,46(x8)	  x8:0x80008cd6 x28=0x00000006 PA:0x80008d04
        2035000	       202	80004058	02e40c03	lb	x24,46(x8)	  x8:0x80008cd6 x24=0x00000006 PA:0x80008d04
        2045000	       203	00000000	00000013	addi	x0,x0,0	  x0:0x00000000
        2055000	       204	8000405c	007c7c33	and	x24,x24,x7	 x24:0x00000006  x7:0xff6ee000 x24=0x00000000
        2065000	       205	80004060	01d8e733	or	x14,x17,x29	 x17:0x80009acf x29:0x00000000 x14=0x80009acf
        2075000	       206	80004064	41b4dd93	srai	x27,x9,0x1b	  x9:0xffffffff x27=0xffffffff
        2085000	       207	80004068	bdfbc513	xori	x10,x23,-1057	 x23:0x00000001 x10=0xfffffbde
        2095000	       208	8000406c	b0a32d93	slti	x27,x6,-1270	  x6:0x649d0acf x27=0x00000000
        2105000	       209	80004070	00c84233	xor	x4,x16,x12	 x16:0xfffffb77 x12:0x00000000  x4=0xfffffb77
        2115000	       210	80004074	fc740a83	lb	x21,-57(x8)	  x8:0x80008cd6 x21=0x0000007a PA:0x80008c9d
        2125000	       211	80004078	f1aeac13	slti	x24,x29,-230	 x29:0x00000000 x24=0x00000000
        2135000	       212	8000407c	460dc537	lui	x10,0x460dc	 x10=0x460dc000
        2145000	       213	80004080	01008eb3	add	x29,x1,x16	  x1:0xfed455e5 x16:0xfffffb77 x29=0xfed4515c
        2155000	       214	80004084	8846c397	auipc	x7,0x8846c	  x7=0x08470080
        2165000	       215	80004088	9ca33d93	sltiu	x27,x6,-1590	  x6:0x649d0acf x27=0x00000001
        2175000	       216	8000408c	00000013	addi	x0,x0,0	  x0:0x00000000
        2185000	       217	80004090	51561d97	auipc	x27,0x51561	 x27=0xd156508c
        2195000	       218	80004094	03744483	lbu	x9,55(x8)	  x8:0x80008cd6  x9=0x000000f1 PA:0x80008d0d
        2205000	       219	80004098	00140983	lb	x19,1(x8)	  x8:0x80008cd6 x19=0xffffffca PA:0x80008cd7
        2215000	       220	8000409c	4002df13	srai	x30,x5,0x0	  x5:0xe57a0b3a x30=0xe57a0b3a
        2225000	       221	800040a0	4189d2b3	sra	x5,x19,x24	 x19:0xffffffca x24:0x00000000  x5=0xffffffca
        2235000	       222	800040a4	00879e63	bne	x15,x8,800040c0	 x15:0xe577e1bc  x8:0x80008cd6
        2245000	       223	00000000	00000013	addi	x0,x0,0	  x0:0x00000000
        2255000	       224	800040bc	00000013	addi	x0,x0,0	  x0:0x00000000
        2265000	       225	800040c0	006fddb3	srl	x27,x31,x6	 x31:0x00000098  x6:0x649d0acf x27=0x00000000
        2275000	       226	800040c4	00e39433	sll	x8,x7,x14	  x7:0x08470080 x14:0x80009acf  x8=0x80400000
        2285000	       227	800040c8	a6a771b7	lui	x3,0xa6a77	  x3=0xa6a77000
        2295000	       228	800040cc	13711263	bne	x2,x23,800041f0	  x2:0x80008d6f x23:0x00000001
        2305000	       229	00000000	00000013	addi	x0,x0,0	  x0:0x00000000
        2315000	       230	800041ec	00000013	addi	x0,x0,0	  x0:0x00000000
        2325000	       231	800041f0	00ca6533	or	x10,x20,x12	 x20:0x00000001 x12:0x00000000 x10=0x00000001
        2335000	       232	800041f4	40eb5593	srai	x11,x22,0xe	 x22:0x80009fc4 x11=0xfffe0002
        2345000	       233	800041f8	019bd1b3	srl	x3,x23,x25	 x23:0x00000001 x25:0xffff459e  x3=0x00000000
        2355000	       234	800041fc	40a78933	sub	x18,x15,x10	 x15:0xe577e1bc x10:0x00000001 x18=0xe577e1bb
        2365000	       235	80004200	01cb5863	bge	x22,x28,80004210	 x22:0x80009fc4 x28:0x00000006
        2375000	       236	80004204	81c6e413	ori	x8,x13,-2020	 x13:0x7fff7291  x8=0xfffffa9d
        2385000	       237	80004208	4019d533	sra	x10,x19,x1	 x19:0xffffffca  x1:0xfed455e5 x10=0xfffffffe
        2395000	       238	8000420c	01d782b3	add	x5,x15,x29	 x15:0xe577e1bc x29:0xfed4515c  x5=0xe44c3318
        2405000	       239	80004210	01225533	srl	x10,x4,x18	  x4:0xfffffb77 x18:0xe577e1bb x10=0x0000001f
        2415000	       240	80004214	0138c7b3	xor	x15,x17,x19	 x17:0x80009acf x19:0xffffffca x15=0x7fff6505
        2425000	       241	80004218	00fbccb3	xor	x25,x23,x15	 x23:0x00000001 x15:0x7fff6505 x25=0x7fff6504
        2435000	       242	8000421c	41fa5f93	srai	x31,x20,0x1f	 x20:0x00000001 x31=0x00000000
        2445000	       243	80004220	03617663	bgeu	x2,x22,8000424c	  x2:0x80008d6f x22:0x80009fc4
        2455000	       244	80004224	d6ef0d93	addi	x27,x30,-658	 x30:0xe57a0b3a x27=0xe57a08a8
        2465000	       245	80004228	00095c33	srl	x24,x18,x0	 x18:0xe577e1bb  x0:0x00000000 x24=0xe577e1bb
        2475000	       246	8000422c	40b95033	sra	x0,x18,x11	 x18:0xe577e1bb x11:0xfffe0002
        2485000	       247	80004230	001ac3b3	xor	x7,x21,x1	 x21:0x0000007a  x1:0xfed455e5  x7=0xfed4559f
        2495000	       248	80004234	41cb0933	sub	x18,x22,x28	 x22:0x80009fc4 x28:0x00000006 x18=0x80009fbe
        2505000	       249	80004238	41f55cb3	sra	x25,x10,x31	 x10:0x0000001f x31:0x00000000 x25=0x0000001f
        2515000	       250	8000423c	41595f13	srai	x30,x18,0x15	 x18:0x80009fbe x30=0xfffffc00
        2525000	       251	80004240	04af9263	bne	x31,x10,80004284	 x31:0x00000000 x10:0x0000001f
        2535000	       252	00000000	00000013	addi	x0,x0,0	  x0:0x00000000
        2545000	       253	80004280	00000013	addi	x0,x0,0	  x0:0x00000000
        2555000	       254	80004284	00eda933	slt	x18,x27,x14	 x27:0xe57a08a8 x14:0x80009acf x18=0x00000000
        2565000	       255	80004288	00140833	add	x16,x8,x1	  x8:0xfffffa9d  x1:0xfed455e5 x16=0xfed45082
        2575000	       256	8000428c	d4d8b1b7	lui	x3,0xd4d8b	  x3=0xd4d8b000
        2585000	       257	80004290	b6a52597	auipc	x11,0xb6a52	 x11=0x36a5628c
        2595000	       258	80004294	012a5233	srl	x4,x20,x18	 x20:0x00000001 x18:0x00000000  x4=0x00000001
        2605000	       259	80004298	000458b3	srl	x17,x8,x0	  x8:0xfffffa9d  x0:0x00000000 x17=0xfffffa9d
        2615000	       260	8000429c	0018f433	and	x8,x17,x1	 x17:0xfffffa9d  x1:0xfed455e5  x8=0xfed45085
        2625000	       261	800042a0	b21f3d93	sltiu	x27,x30,-1247	 x30:0xfffffc00 x27=0x00000000
        2635000	       262	800042a4	00825a63	bge	x4,x8,800042b8	  x4:0x00000001  x8:0xfed45085
        2645000	       263	00000000	00000013	addi	x0,x0,0	  x0:0x00000000
        2655000	       264	800042b4	00000013	addi	x0,x0,0	  x0:0x00000000
        2665000	       265	800042b8	fb5b2a97	auipc	x21,0xfb5b2	 x21=0x7b5b62b4
        2675000	       266	800042bc	01b3a533	slt	x10,x7,x27	  x7:0xfed4559f x27:0x00000000 x10=0x00000001
        2685000	       267	800042c0	b895f993	andi	x19,x11,-1143	 x11:0x36a5628c x19=0x36a56288
        2695000	       268	800042c4	41875293	srai	x5,x14,0x18	 x14:0x80009acf  x5=0xffffff80
        2705000	       269	800042c8	01566c33	or	x24,x12,x21	 x12:0x00000000 x21:0x7b5b62b4 x24=0x7b5b62b4
        2715000	       270	800042cc	7e5d9c17	auipc	x24,0x7e5d9	 x24=0xfe5dd2c8
        2725000	       271	800042d0	00000013	addi	x0,x0,0	  x0:0x00000000
        2735000	       272	800042d4	00eefeb3	and	x29,x29,x14	 x29:0xfed4515c x14:0x80009acf x29=0x8000104c
        2745000	       273	800042d8	01177c63	bgeu	x14,x17,800042f0	 x14:0x80009acf x17:0xfffffa9d
        2755000	       274	800042dc	02441c63	bne	x8,x4,80004314	  x8:0xfed45085  x4:0x00000001
        2765000	       275	00000000	00000013	addi	x0,x0,0	  x0:0x00000000
        2775000	       276	80004310	00000013	addi	x0,x0,0	  x0:0x00000000
        2785000	       277	80004314	7c402237	lui	x4,0x7c402	  x4=0x7c402000
        2795000	       278	80004318	01974033	xor	x0,x14,x25	 x14:0x80009acf x25:0x0000001f
        2805000	       279	8000431c	0284c263	blt	x9,x8,80004340	  x9:0x000000f1  x8:0xfed45085
        2815000	       280	80004320	005a69b3	or	x19,x20,x5	 x20:0x00000001  x5:0xffffff80 x19=0xffffff81
        2825000	       281	80004324	00ba1ab3	sll	x21,x20,x11	 x20:0x00000001 x11:0x36a5628c x21=0x00001000
        2835000	       282	80004328	013b6263	bltu	x22,x19,8000432c	 x22:0x80009fc4 x19:0xffffff81
        2845000	       283	00000000	00000013	addi	x0,x0,0	  x0:0x00000000
        2855000	       284	80004328	00000013	addi	x0,x0,0	  x0:0x00000000
        2865000	       285	8000432c	05a88063	beq	x17,x26,8000436c	 x17:0xfffffa9d x26:0x80009f50
        2875000	       286	80004330	3583a137	lui	x2,0x3583a	  x2=0x3583a000
        2885000	       287	80004334	01f49fb3	sll	x31,x9,x31	  x9:0x000000f1 x31:0x00000000 x31=0x000000f1
        2895000	       288	80004338	0183e7b3	or	x15,x7,x24	  x7:0xfed4559f x24:0xfe5dd2c8 x15=0xfeddd7df
        2905000	       289	8000433c	005a7bb3	and	x23,x20,x5	 x20:0x00000001  x5:0xffffff80 x23=0x00000000
        2915000	       290	80004340	04bb0863	beq	x22,x11,80004390	 x22:0x80009fc4 x11:0x36a5628c
        2925000	       291	80004344	01799f13	slli	x30,x19,0x17	 x19:0xffffff81 x30=0xc0800000
        2935000	       292	80004348	689aaf93	slti	x31,x21,1673	 x21:0x00001000 x31=0x00000000
        2945000	       293	8000434c	009fdc63	bge	x31,x9,80004364	 x31:0x00000000  x9:0x000000f1
        2955000	       294	80004350	01802a33	slt	x20,x0,x24	  x0:0x00000000 x24:0xfe5dd2c8 x20=0x00000000
        2965000	       295	80004354	02e67863	bgeu	x12,x14,80004384	 x12:0x00000000 x14:0x80009acf
        2975000	       296	80004358	41cbdf33	sra	x30,x23,x28	 x23:0x00000000 x28:0x00000006 x30=0x00000000
        2985000	       297	8000435c	01867533	and	x10,x12,x24	 x12:0x00000000 x24:0xfe5dd2c8 x10=0x00000000
        2995000	       298	80004360	0195dd93	srli	x27,x11,0x19	 x11:0x36a5628c x27=0x0000001b
        3005000	       299	80004364	dcfe8017	auipc	x0,0xdcfe8	
        3015000	       300	80004368	6f75fb93	andi	x23,x11,1783	 x11:0x36a5628c x23=0x00000284
        3025000	       301	8000436c	4f145db7	lui	x27,0x4f145	 x27=0x4f145000
        3035000	       302	80004370	01719a63	bne	x3,x23,80004384	  x3:0xd4d8b000 x23:0x00000284
        3045000	       303	00000000	00000013	addi	x0,x0,0	  x0:0x00000000
        3055000	       304	80004380	00000013	addi	x0,x0,0	  x0:0x00000000
        3065000	       305	80004384	02eaf663	bgeu	x21,x14,800043b0	 x21:0x00001000 x14:0x80009acf
        3075000	       306	80004388	01350bb3	add	x23,x10,x19	 x10:0x00000000 x19:0xffffff81 x23=0xffffff81
        3085000	       307	8000438c	e3212b97	auipc	x23,0xe3212	 x23=0x63216388
        3095000	       308	80004390	010c4c33	xor	x24,x24,x16	 x24:0xfe5dd2c8 x16:0xfed45082 x24=0x0089824a
        3105000	       309	80004394	40b1de33	sra	x28,x3,x11	  x3:0xd4d8b000 x11:0x36a5628c x28=0xfffd4d8b
        3115000	       310	80004398	03887463	bgeu	x16,x24,800043c0	 x16:0xfed45082 x24:0x0089824a
        3125000	       311	00000000	00000013	addi	x0,x0,0	  x0:0x00000000
        3135000	       312	800043bc	00000013	addi	x0,x0,0	  x0:0x00000000
        3145000	       313	800043c0	0000c2b3	xor	x5,x1,x0	  x1:0xfed455e5  x0:0x00000000  x5=0xfed455e5
        3155000	       314	800043c4	05bf8863	beq	x31,x27,80004414	 x31:0x00000000 x27:0x4f145000
        3165000	       315	800043c8	05007263	bgeu	x0,x16,8000440c	  x0:0x00000000 x16:0xfed45082
        3175000	       316	800043cc	006a0863	beq	x20,x6,800043dc	 x20:0x00000000  x6:0x649d0acf
        3185000	       317	800043d0	29fed8b7	lui	x17,0x29fed	 x17=0x29fed000
        3195000	       318	800043d4	001b4233	xor	x4,x22,x1	 x22:0x80009fc4  x1:0xfed455e5  x4=0x7ed4ca21
        3205000	       319	800043d8	01d22733	slt	x14,x4,x29	  x4:0x7ed4ca21 x29:0x8000104c x14=0x00000000
        3215000	       320	800043dc	41125213	srai	x4,x4,0x11	  x4:0x7ed4ca21  x4=0x00003f6a
        3225000	       321	800043e0	7c50ce93	xori	x29,x1,1989	  x1:0xfed455e5 x29=0xfed45220
        3235000	       322	800043e4	01bbd133	srl	x2,x23,x27	 x23:0x63216388 x27:0x4f145000  x2=0x63216388
        3245000	       323	800043e8	41b55813	srai	x16,x10,0x1b	 x10:0x00000000 x16=0x00000000
        3255000	       324	800043ec	003d0db3	add	x27,x26,x3	 x26:0x80009f50  x3:0xd4d8b000 x27=0x54d94f50
        3265000	       325	800043f0	d59d0d93	addi	x27,x26,-679	 x26:0x80009f50 x27=0x80009ca9
        3275000	       326	800043f4	47704a93	xori	x21,x0,1143	  x0:0x00000000 x21=0x00000477
        3285000	       327	800043f8	4136d633	sra	x12,x13,x19	 x13:0x7fff7291 x19:0xffffff81 x12=0x3fffb948
        3295000	       328	800043fc	00f04033	xor	x0,x0,x15	  x0:0x00000000 x15:0xfeddd7df
        3305000	       329	80004400	74c76213	ori	x4,x14,1868	 x14:0x00000000  x4=0x0000074c
        3315000	       330	80004404	11df6493	ori	x9,x30,285	 x30:0x00000000  x9=0x0000011d
        3325000	       331	80004408	edb821b7	lui	x3,0xedb82	  x3=0xedb82000
        3335000	       332	8000440c	0050dc63	bge	x1,x5,80004424	  x1:0xfed455e5  x5:0xfed455e5
        3345000	       333	00000000	00000013	addi	x0,x0,0	  x0:0x00000000
        3355000	       334	80004420	00000013	addi	x0,x0,0	  x0:0x00000000
        3365000	       335	80004424	76159ab7	lui	x21,0x76159	 x21=0x76159000
        3375000	       336	80004428	01d59913	slli	x18,x11,0x1d	 x11:0x36a5628c x18=0x80000000
        3385000	       337	8000442c	89789337	lui	x6,0x89789	  x6=0x89789000
        3395000	       338	80004430	d6894113	xori	x2,x18,-664	 x18:0x80000000  x2=0x7ffffd68
        3405000	       339	80004434	016bc8b3	xor	x17,x23,x22	 x23:0x63216388 x22:0x80009fc4 x17=0xe321fc4c
        3415000	       340	80004438	000ce2b3	or	x5,x25,x0	 x25:0x0000001f  x0:0x00000000  x5=0x0000001f
        3425000	       341	8000443c	ea20c893	xori	x17,x1,-350	  x1:0xfed455e5 x17=0x012bab47
        3435000	       342	80004440	f39c9137	lui	x2,0xf39c9	  x2=0xf39c9000
        3445000	       343	80004444	00000013	addi	x0,x0,0	  x0:0x00000000
        3455000	       344	80004448	40050533	sub	x10,x10,x0	 x10:0x00000000  x0:0x00000000 x10=0x00000000
        3465000	       345	8000444c	0fa6c313	xori	x6,x13,250	 x13:0x7fff7291  x6=0x7fff726b
        3475000	       346	80004450	031b4c63	blt	x22,x17,80004488	 x22:0x80009fc4 x17:0x012bab47
        3485000	       347	00000000	00000013	addi	x0,x0,0	  x0:0x00000000
        3495000	       348	80004484	00000013	addi	x0,x0,0	  x0:0x00000000
        3505000	       349	80004488	0014d993	srli	x19,x9,0x1	  x9:0x0000011d x19=0x0000008e
        3515000	       350	8000448c	012599b3	sll	x19,x11,x18	 x11:0x36a5628c x18:0x80000000 x19=0x36a5628c
        3525000	       351	80004490	009df2b3	and	x5,x27,x9	 x27:0x80009ca9  x9:0x0000011d  x5=0x00000009
        3535000	       352	80004494	00ee4733	xor	x14,x28,x14	 x28:0xfffd4d8b x14:0x00000000 x14=0xfffd4d8b
        3545000	       353	80004498	005f8e63	beq	x31,x5,800044b4	 x31:0x00000000  x5:0x00000009
        3555000	       354	8000449c	8adcaf13	slti	x30,x25,-1875	 x25:0x0000001f x30=0x00000000
        3565000	       355	800044a0	01d298b3	sll	x17,x5,x29	  x5:0x00000009 x29:0xfed45220 x17=0x00000009
        3575000	       356	800044a4	d564c413	xori	x8,x9,-682	  x9:0x0000011d  x8=0xfffffc4b
        3585000	       357	800044a8	404d5793	srai	x15,x26,0x4	 x26:0x80009f50 x15=0xf80009f5
        3595000	       358	800044ac	033b9463	bne	x23,x19,800044d4	 x23:0x63216388 x19:0x36a5628c
        3605000	       359	00000000	00000013	addi	x0,x0,0	  x0:0x00000000
        3615000	       360	800044d0	00000013	addi	x0,x0,0	  x0:0x00000000
        3625000	       361	800044d4	408adfb3	sra	x31,x21,x8	 x21:0x76159000  x8:0xfffffc4b x31=0x000ec2b2
        3635000	       362	800044d8	00000013	addi	x0,x0,0	  x0:0x00000000
        3645000	       363	800044dc	018aeab3	or	x21,x21,x24	 x21:0x76159000 x24:0x0089824a x21=0x769d924a
        3655000	       364	800044e0	0232f263	bgeu	x5,x3,80004504	  x5:0x00000009  x3:0xedb82000
        3665000	       365	800044e4	001b6a63	bltu	x22,x1,800044f8	 x22:0x80009fc4  x1:0xfed455e5
        3675000	       366	00000000	00000013	addi	x0,x0,0	  x0:0x00000000
        3685000	       367	800044f4	00000013	addi	x0,x0,0	  x0:0x00000000
        3695000	       368	800044f8	22eac137	lui	x2,0x22eac	  x2=0x22eac000
        3705000	       369	800044fc	03d0c663	blt	x1,x29,80004528	  x1:0xfed455e5 x29:0xfed45220
        3715000	       370	80004500	e8984993	xori	x19,x16,-375	 x16:0x00000000 x19=0xfffffe89
        3725000	       371	80004504	01bc3cb3	sltu	x25,x24,x27	 x24:0x0089824a x27:0x80009ca9 x25=0x00000001
        3735000	       372	80004508	00434a63	blt	x6,x4,8000451c	  x6:0x7fff726b  x4:0x0000074c
        3745000	       373	8000450c	03ae5463	bge	x28,x26,80004534	 x28:0xfffd4d8b x26:0x80009f50
        3755000	       374	00000000	00000013	addi	x0,x0,0	  x0:0x00000000
        3765000	       375	80004530	00000013	addi	x0,x0,0	  x0:0x00000000
        3775000	       376	80004534	01661633	sll	x12,x12,x22	 x12:0x3fffb948 x22:0x80009fc4 x12=0xfffb9480
        3785000	       377	80004538	0024c1b3	xor	x3,x9,x2	  x9:0x0000011d  x2:0x22eac000  x3=0x22eac11d
        3795000	       378	8000453c	05bdf063	bgeu	x27,x27,8000457c	 x27:0x80009ca9 x27:0x80009ca9
        3805000	       379	00000000	00000013	addi	x0,x0,0	  x0:0x00000000
        3815000	       380	80004578	00000013	addi	x0,x0,0	  x0:0x00000000
        3825000	       381	8000457c	00b1b933	sltu	x18,x3,x11	  x3:0x22eac11d x11:0x36a5628c x18=0x00000001
        3835000	       382	80004580	818a5437	lui	x8,0x818a5	  x8=0x818a5000
        3845000	       383	80004584	01663033	sltu	x0,x12,x22	 x12:0xfffb9480 x22:0x80009fc4
        3855000	       384	80004588	01257fb3	and	x31,x10,x18	 x10:0x00000000 x18:0x00000001 x31=0x00000000
        3865000	       385	8000458c	017b7033	and	x0,x22,x23	 x22:0x80009fc4 x23:0x63216388
        3875000	       386	80004590	40a78cb3	sub	x25,x15,x10	 x15:0xf80009f5 x10:0x00000000 x25=0xf80009f5
        3885000	       387	80004594	0ec89663	bne	x17,x12,80004680	 x17:0x00000009 x12:0xfffb9480
        3895000	       388	00000000	00000013	addi	x0,x0,0	  x0:0x00000000
        3905000	       389	8000467c	00000013	addi	x0,x0,0	  x0:0x00000000
        3915000	       390	80004680	025cf463	bgeu	x25,x5,800046a8	 x25:0xf80009f5  x5:0x00000009
        3925000	       391	00000000	00000013	addi	x0,x0,0	  x0:0x00000000
        3935000	       392	800046a4	00000013	addi	x0,x0,0	  x0:0x00000000
        3945000	       393	800046a8	302f07b7	lui	x15,0x302f0	 x15=0x302f0000
        3955000	       394	800046ac	02ad9663	bne	x27,x10,800046d8	 x27:0x80009ca9 x10:0x00000000
        3965000	       395	00000000	00000013	addi	x0,x0,0	  x0:0x00000000
        3975000	       396	800046d4	00000013	addi	x0,x0,0	  x0:0x00000000
        3985000	       397	800046d8	00eb5ab3	srl	x21,x22,x14	 x22:0x80009fc4 x14:0xfffd4d8b x21=0x00100013
        3995000	       398	800046dc	ebef0993	addi	x19,x30,-322	 x30:0x00000000 x19=0xfffffebe
        4005000	       399	800046e0	40c0d913	srai	x18,x1,0xc	  x1:0xfed455e5 x18=0xffffed45
        4015000	       400	800046e4	90ec9ab7	lui	x21,0x90ec9	 x21=0x90ec9000
        4025000	       401	800046e8	014938b3	sltu	x17,x18,x20	 x18:0xffffed45 x20:0x00000000 x17=0x00000000
        4035000	       402	800046ec	6f267993	andi	x19,x12,1778	 x12:0xfffb9480 x19=0x00000480
        4045000	       403	800046f0	f9442e17	auipc	x28,0xf9442	 x28=0x794466ec
        4055000	       404	800046f4	01a85213	srli	x4,x16,0x1a	 x16:0x00000000  x4=0x00000000
        4065000	       405	800046f8	3c678a17	auipc	x20,0x3c678	 x20=0xbc67c6f4
        4075000	       406	800046fc	5e3b3a93	sltiu	x21,x22,1507	 x22:0x80009fc4 x21=0x00000000
        4085000	       407	80004700	00ac38b3	sltu	x17,x24,x10	 x24:0x0089824a x10:0x00000000 x17=0x00000000
        4095000	       408	80004704	00ad8db3	add	x27,x27,x10	 x27:0x80009ca9 x10:0x00000000 x27=0x80009ca9
        4105000	       409	80004708	013c1033	sll	x0,x24,x19	 x24:0x0089824a x19:0x00000480
        4115000	       410	8000470c	6fab3413	sltiu	x8,x22,1786	 x22:0x80009fc4  x8=0x00000000
        4125000	       411	80004710	032d6a63	bltu	x26,x18,80004744	 x26:0x80009f50 x18:0xffffed45
        4135000	       412	00000000	00000013	addi	x0,x0,0	  x0:0x00000000
        4145000	       413	80004740	00000013	addi	x0,x0,0	  x0:0x00000000
        4155000	       414	80004744	00000013	addi	x0,x0,0	  x0:0x00000000
        4165000	       415	80004748	01d63db3	sltu	x27,x12,x29	 x12:0xfffb9480 x29:0xfed45220 x27=0x00000000
        4175000	       416	8000474c	004eaab3	slt	x21,x29,x4	 x29:0xfed45220  x4:0x00000000 x21=0x00000001
        4185000	       417	80004750	014fffb3	and	x31,x31,x20	 x31:0x00000000 x20:0xbc67c6f4 x31=0x00000000
        4195000	       418	80004754	6b230413	addi	x8,x6,1714	  x6:0x7fff726b  x8=0x7fff791d
        4205000	       419	80004758	02249463	bne	x9,x2,80004780	  x9:0x0000011d  x2:0x22eac000
        4215000	       420	00000000	00000013	addi	x0,x0,0	  x0:0x00000000
        4225000	       421	8000477c	00000013	addi	x0,x0,0	  x0:0x00000000
        4235000	       422	80004780	04459063	bne	x11,x4,800047c0	 x11:0x36a5628c  x4:0x00000000
        4245000	       423	00000000	00000013	addi	x0,x0,0	  x0:0x00000000
        4255000	       424	800047bc	00000013	addi	x0,x0,0	  x0:0x00000000
        4265000	       425	800047c0	00000013	addi	x0,x0,0	  x0:0x00000000
        4275000	       426	800047c4	41b0d733	sra	x14,x1,x27	  x1:0xfed455e5 x27:0x00000000 x14=0xfed455e5
        4285000	       427	800047c8	0040d933	srl	x18,x1,x4	  x1:0xfed455e5  x4:0x00000000 x18=0xfed455e5
        4295000	       428	800047cc	010281b3	add	x3,x5,x16	  x5:0x00000009 x16:0x00000000  x3=0x00000009
        4305000	       429	800047d0	72258e97	auipc	x29,0x72258	 x29=0xf225c7cc
        4315000	       430	800047d4	01c70633	add	x12,x14,x28	 x14:0xfed455e5 x28:0x794466ec x12=0x7818bcd1
        4325000	       431	800047d8	919685b7	lui	x11,0x91968	 x11=0x91968000
        4335000	       432	800047dc	02dd5c63	bge	x26,x13,80004814	 x26:0x80009f50 x13:0x7fff7291
        4345000	       433	800047e0	9f56fe13	andi	x28,x13,-1547	 x13:0x7fff7291 x28=0x7fff7091
        4355000	       434	800047e4	01a15593	srli	x11,x2,0x1a	  x2:0x22eac000 x11=0x00000008
        4365000	       435	800047e8	a4f9b193	sltiu	x3,x19,-1457	 x19:0x00000480  x3=0x00000001
        4375000	       436	800047ec	04127e93	andi	x29,x4,65	  x4:0x00000000 x29=0x00000000
        4385000	       437	800047f0	013fecb3	or	x25,x31,x19	 x31:0x00000000 x19:0x00000480 x25=0x00000480
        4395000	       438	800047f4	00608c63	beq	x1,x6,8000480c	  x1:0xfed455e5  x6:0x7fff726b
        4405000	       439	800047f8	0075a2b3	slt	x5,x11,x7	 x11:0x00000008  x7:0xfed4559f  x5=0x00000000
        4415000	       440	800047fc	411d5213	srai	x4,x26,0x11	 x26:0x80009f50  x4=0xffffc000
        4425000	       441	80004800	400806b3	sub	x13,x16,x0	 x16:0x00000000  x0:0x00000000 x13=0x00000000
        4435000	       442	80004804	1984ff93	andi	x31,x9,408	  x9:0x0000011d x31=0x00000118
        4445000	       443	80004808	01521933	sll	x18,x4,x21	  x4:0xffffc000 x21:0x00000001 x18=0xffff8000
        4455000	       444	8000480c	e098cf93	xori	x31,x17,-503	 x17:0x00000000 x31=0xfffffe09
        4465000	       445	80004810	9ff5f993	andi	x19,x11,-1537	 x11:0x00000008 x19=0x00000008
        4475000	       446	80004814	03f61e63	bne	x12,x31,80004850	 x12:0x7818bcd1 x31:0xfffffe09
        4485000	       447	00000000	00000013	addi	x0,x0,0	  x0:0x00000000
        4495000	       448	8000484c	00000013	addi	x0,x0,0	  x0:0x00000000
        4505000	       449	80004850	0314c663	blt	x9,x17,8000487c	  x9:0x0000011d x17:0x00000000
        4515000	       450	80004854	419d0bb3	sub	x23,x26,x25	 x26:0x80009f50 x25:0x00000480 x23=0x80009ad0
        4525000	       451	80004858	414c5c33	sra	x24,x24,x20	 x24:0x0089824a x20:0xbc67c6f4 x24=0x00000008
        4535000	       452	8000485c	04447063	bgeu	x8,x4,8000489c	  x8:0x7fff791d  x4:0xffffc000
        4545000	       453	80004860	550a3217	auipc	x4,0x550a3	  x4=0xd50a785c
        4555000	       454	80004864	00745f93	srli	x31,x8,0x7	  x8:0x7fff791d x31=0x00fffef2
        4565000	       455	80004868	93eda517	auipc	x10,0x93eda	 x10=0x13ede864
        4575000	       456	8000486c	019015b3	sll	x11,x0,x25	  x0:0x00000000 x25:0x00000480 x11=0x00000000
        4585000	       457	80004870	02490263	beq	x18,x4,80004894	 x18:0xffff8000  x4:0xd50a785c
        4595000	       458	80004874	018b96b3	sll	x13,x23,x24	 x23:0x80009ad0 x24:0x00000008 x13=0x009ad000
        4605000	       459	80004878	04481263	bne	x16,x4,800048bc	 x16:0x00000000  x4:0xd50a785c
        4615000	       460	00000000	00000013	addi	x0,x0,0	  x0:0x00000000
        4625000	       461	800048b8	00000013	addi	x0,x0,0	  x0:0x00000000
        4635000	       462	800048bc	04da8063	beq	x21,x13,800048fc	 x21:0x00000001 x13:0x009ad000
        4645000	       463	800048c0	00000013	addi	x0,x0,0	  x0:0x00000000
        4655000	       464	800048c4	0c110813	addi	x16,x2,193	  x2:0x22eac000 x16=0x22eac0c1
        4665000	       465	800048c8	008ed493	srli	x9,x29,0x8	 x29:0x00000000  x9=0x00000000
        4675000	       466	800048cc	03524463	blt	x4,x21,800048f4	  x4:0xd50a785c x21:0x00000001
        4685000	       467	00000000	00000013	addi	x0,x0,0	  x0:0x00000000
        4695000	       468	800048f0	00000013	addi	x0,x0,0	  x0:0x00000000
        4705000	       469	800048f4	049cd463	bge	x25,x9,8000493c	 x25:0x00000480  x9:0x00000000
        4715000	       470	00000000	00000013	addi	x0,x0,0	  x0:0x00000000
        4725000	       471	80004938	00000013	addi	x0,x0,0	  x0:0x00000000
        4735000	       472	8000493c	02096c63	bltu	x18,x0,80004974	 x18:0xffff8000  x0:0x00000000
        4745000	       473	80004940	00000013	addi	x0,x0,0	  x0:0x00000000
        4755000	       474	80004944	89b37293	andi	x5,x6,-1893	  x6:0x7fff726b  x5=0x7fff700b
        4765000	       475	80004948	8142c4b7	lui	x9,0x8142c	  x9=0x8142c000
        4775000	       476	8000494c	01811333	sll	x6,x2,x24	  x2:0x22eac000 x24:0x00000008  x6=0xeac00000
        4785000	       477	80004950	01ff7db3	and	x27,x30,x31	 x30:0x00000000 x31:0x00fffef2 x27=0x00000000
        4795000	       478	80004954	9a9b2913	slti	x18,x22,-1623	 x22:0x80009fc4 x18=0x00000001
        4805000	       479	80004958	01cd5193	srli	x3,x26,0x1c	 x26:0x80009f50  x3=0x00000008
        4815000	       480	8000495c	73770a13	addi	x20,x14,1847	 x14:0xfed455e5 x20=0xfed45d1c
        4825000	       481	80004960	01651a63	bne	x10,x22,80004974	 x10:0x13ede864 x22:0x80009fc4
        4835000	       482	00000000	00000013	addi	x0,x0,0	  x0:0x00000000
        4845000	       483	80004970	00000013	addi	x0,x0,0	  x0:0x00000000
        4855000	       484	80004974	01068ab3	add	x21,x13,x16	 x13:0x009ad000 x16:0x22eac0c1 x21=0x238590c1
        4865000	       485	80004978	00f84bb3	xor	x23,x16,x15	 x16:0x22eac0c1 x15:0x302f0000 x23=0x12c5c0c1
        4875000	       486	8000497c	017a6733	or	x14,x20,x23	 x20:0xfed45d1c x23:0x12c5c0c1 x14=0xfed5dddd
        4885000	       487	80004980	3afa3d93	sltiu	x27,x20,943	 x20:0xfed45d1c x27=0x00000000
        4895000	       488	80004984	03526a63	bltu	x4,x21,800049b8	  x4:0xd50a785c x21:0x238590c1
        4905000	       489	80004988	00a1a6b3	slt	x13,x3,x10	  x3:0x00000008 x10:0x13ede864 x13=0x00000001
        4915000	       490	8000498c	01f747b3	xor	x15,x14,x31	 x14:0xfed5dddd x31:0x00fffef2 x15=0xfe2a232f
        4925000	       491	80004990	41f704b3	sub	x9,x14,x31	 x14:0xfed5dddd x31:0x00fffef2  x9=0xfdd5deeb
        4935000	       492	80004994	04388263	beq	x17,x3,800049d8	 x17:0x00000000  x3:0x00000008
        4945000	       493	80004998	4011d793	srai	x15,x3,0x1	  x3:0x00000008 x15=0x00000004
        4955000	       494	8000499c	01b7dd93	srli	x27,x15,0x1b	 x15:0x00000004 x27=0x00000000
        4965000	       495	800049a0	009ed293	srli	x5,x29,0x9	 x29:0x00000000  x5=0x00000000
        4975000	       496	800049a4	0060e033	or	x0,x1,x6	  x1:0xfed455e5  x6:0xeac00000
        4985000	       497	800049a8	8eaec193	xori	x3,x29,-1814	 x29:0x00000000  x3=0xfffff8ea
        4995000	       498	800049ac	012fde63	bge	x31,x18,800049c8	 x31:0x00fffef2 x18:0x00000001
        5005000	       499	00000000	00000013	addi	x0,x0,0	  x0:0x00000000
        5015000	       500	800049c4	00000013	addi	x0,x0,0	  x0:0x00000000
        5025000	       501	800049c8	5c37f637	lui	x12,0x5c37f	 x12=0x5c37f000
        5035000	       502	800049cc	46b1c413	xori	x8,x3,1131	  x3:0xfffff8ea  x8=0xfffffc81
        5045000	       503	800049d0	01009f93	slli	x31,x1,0x10	  x1:0xfed455e5 x31=0x55e50000
        5055000	       504	800049d4	01b478b3	and	x17,x8,x27	  x8:0xfffffc81 x27:0x00000000 x17=0x00000000
        5065000	       505	800049d8	006b5413	srli	x8,x22,0x6	 x22:0x80009fc4  x8=0x0200027f
        5075000	       506	800049dc	01fd0f33	add	x30,x26,x31	 x26:0x80009f50 x31:0x55e50000 x30=0xd5e59f50
        5085000	       507	800049e0	b1013793	sltiu	x15,x2,-1264	  x2:0x22eac000 x15=0x00000001
        5095000	       508	800049e4	006db3b3	sltu	x7,x27,x6	 x27:0x00000000  x6:0xeac00000  x7=0x00000001
        5105000	       509	800049e8	00e71413	slli	x8,x14,0xe	 x14:0xfed5dddd  x8=0x77774000
        5115000	       510	800049ec	7a456e13	ori	x28,x10,1956	 x10:0x13ede864 x28=0x13edefe4
        5125000	       511	800049f0	2f2afc17	auipc	x24,0x2f2af	 x24=0xaf2b39ec
        5135000	       512	800049f4	01938833	add	x16,x7,x25	  x7:0x00000001 x25:0x00000480 x16=0x00000481
        5145000	       513	800049f8	c52d2393	slti	x7,x26,-942	 x26:0x80009f50  x7=0x00000001
        5155000	       514	800049fc	49f47713	andi	x14,x8,1183	  x8:0x77774000 x14=0x00000000
        5165000	       515	80004a00	d0370a13	addi	x20,x14,-765	 x14:0x00000000 x20=0xfffffd03
        5175000	       516	80004a04	00f6b5b3	sltu	x11,x13,x15	 x13:0x00000001 x15:0x00000001 x11=0x00000000
        5185000	       517	80004a08	0194a1b3	slt	x3,x9,x25	  x9:0xfdd5deeb x25:0x00000480  x3=0x00000001
        5195000	       518	80004a0c	008a55b3	srl	x11,x20,x8	 x20:0xfffffd03  x8:0x77774000 x11=0xfffffd03
        5205000	       519	80004a10	05ec9863	bne	x25,x30,80004a60	 x25:0x00000480 x30:0xd5e59f50
        5215000	       520	00000000	00000013	addi	x0,x0,0	  x0:0x00000000
        5225000	       521	80004a5c	00000013	addi	x0,x0,0	  x0:0x00000000
        5235000	       522	80004a60	03f15a63	bge	x2,x31,80004a94	  x2:0x22eac000 x31:0x55e50000
        5245000	       523	80004a64	2f981a17	auipc	x20,0x2f981	 x20=0xaf985a60
        5255000	       524	80004a68	0617deb7	lui	x29,0x617d	 x29=0x0617d000
        5265000	       525	80004a6c	006719b3	sll	x19,x14,x6	 x14:0x00000000  x6:0xeac00000 x19=0x00000000
        5275000	       526	80004a70	00931ab3	sll	x21,x6,x9	  x6:0xeac00000  x9:0xfdd5deeb x21=0x00000000
        5285000	       527	80004a74	005107b3	add	x15,x2,x5	  x2:0x22eac000  x5:0x00000000 x15=0x22eac000
        5295000	       528	80004a78	41a7d433	sra	x8,x15,x26	 x15:0x22eac000 x26:0x80009f50  x8=0x000022ea
        5305000	       529	80004a7c	00000013	addi	x0,x0,0	  x0:0x00000000
        5315000	       530	80004a80	41155f13	srai	x30,x10,0x11	 x10:0x13ede864 x30=0x000009f6
        5325000	       531	80004a84	df87b593	sltiu	x11,x15,-520	 x15:0x22eac000 x11=0x00000001
        5335000	       532	80004a88	e51c3f93	sltiu	x31,x24,-431	 x24:0xaf2b39ec x31=0x00000001
        5345000	       533	80004a8c	01481863	bne	x16,x20,80004a9c	 x16:0x00000481 x20:0xaf985a60
        5355000	       534	00000000	00000013	addi	x0,x0,0	  x0:0x00000000
        5365000	       535	80004a98	00000013	addi	x0,x0,0	  x0:0x00000000
        5375000	       536	80004a9c	00f49393	slli	x7,x9,0xf	  x9:0xfdd5deeb  x7=0xef758000
        5385000	       537	80004aa0	33527017	auipc	x0,0x33527	
        5395000	       538	80004aa4	0022ceb3	xor	x29,x5,x2	  x5:0x00000000  x2:0x22eac000 x29=0x22eac000
        5405000	       539	80004aa8	97e36593	ori	x11,x6,-1666	  x6:0xeac00000 x11=0xfffff97e
        5415000	       540	80004aac	c109c893	xori	x17,x19,-1008	 x19:0x00000000 x17=0xfffffc10
        5425000	       541	80004ab0	766a7793	andi	x15,x20,1894	 x20:0xaf985a60 x15=0x00000260
        5435000	       542	80004ab4	01dde7b3	or	x15,x27,x29	 x27:0x00000000 x29:0x22eac000 x15=0x22eac000
        5445000	       543	80004ab8	00bc5eb3	srl	x29,x24,x11	 x24:0xaf2b39ec x11:0xfffff97e x29=0x00000002
        5455000	       544	80004abc	01670533	add	x10,x14,x22	 x14:0x00000000 x22:0x80009fc4 x10=0x80009fc4
        5465000	       545	80004ac0	96af4113	xori	x2,x30,-1686	 x30:0x000009f6  x2=0xfffff09c
        5475000	       546	80004ac4	033e6c63	bltu	x28,x19,80004afc	 x28:0x13edefe4 x19:0x00000000
        5485000	       547	80004ac8	0004de33	srl	x28,x9,x0	  x9:0xfdd5deeb  x0:0x00000000 x28=0xfdd5deeb
        5495000	       548	80004acc	e3c46113	ori	x2,x8,-452	  x8:0x000022ea  x2=0xfffffefe
        5505000	       549	80004ad0	e3e92a13	slti	x20,x18,-450	 x18:0x00000001 x20=0x00000000
        5515000	       550	80004ad4	007b1a63	bne	x22,x7,80004ae8	 x22:0x80009fc4  x7:0xef758000
        5525000	       551	00000000	00000013	addi	x0,x0,0	  x0:0x00000000
        5535000	       552	80004ae4	00000013	addi	x0,x0,0	  x0:0x00000000
        5545000	       553	80004ae8	00a71533	sll	x10,x14,x10	 x14:0x00000000 x10:0x80009fc4 x10=0x00000000
        5555000	       554	80004aec	01c90a63	beq	x18,x28,80004b00	 x18:0x00000001 x28:0xfdd5deeb
        5565000	       555	80004af0	40c9b713	sltiu	x14,x19,1036	 x19:0x00000000 x14=0x00000001
        5575000	       556	80004af4	6bc0e513	ori	x10,x1,1724	  x1:0xfed455e5 x10=0xfed457fd
        5585000	       557	80004af8	013261b3	or	x3,x4,x19	  x4:0xd50a785c x19:0x00000000  x3=0xd50a785c
        5595000	       558	80004afc	016cd263	bge	x25,x22,80004b00	 x25:0x00000480 x22:0x80009fc4
        5605000	       559	00000000	00000013	addi	x0,x0,0	  x0:0x00000000
        5615000	       560	80004afc	00000013	addi	x0,x0,0	  x0:0x00000000
        5625000	       561	80004b00	01e8a833	slt	x16,x17,x30	 x17:0xfffffc10 x30:0x000009f6 x16=0x00000001
        5635000	       562	80004b04	56c00c93	addi	x25,x0,1388	  x0:0x00000000 x25=0x0000056c
        5645000	       563	80004b08	019b55b3	srl	x11,x22,x25	 x22:0x80009fc4 x25:0x0000056c x11=0x00080009
        5655000	       564	80004b0c	01699993	slli	x19,x19,0x16	 x19:0x00000000 x19=0x00000000
        5665000	       565	80004b10	00000013	addi	x0,x0,0	  x0:0x00000000
        5675000	       566	80004b14	417c0333	sub	x6,x24,x23	 x24:0xaf2b39ec x23:0x12c5c0c1  x6=0x9c65792b
        5685000	       567	80004b18	004d2483	lw	x9,4(x26)	 x26:0x80009f50  x9=0x800001d0 PA:0x80009f54
        5695000	       568	80004b1c	034d0d13	addi	x26,x26,52	 x26:0x80009f50 x26=0x80009f84
        5705000	       569	80004b20	00bda9b3	slt	x19,x27,x11	 x27:0x00000000 x11:0x00080009 x19=0x00000001
        5715000	       570	80004b24	4a667393	andi	x7,x12,1190	 x12:0x5c37f000  x7=0x00000000
        5725000	       571	80004b28	9f209597	auipc	x11,0x9f209	 x11=0x1f20db24
        5735000	       572	80004b2c	527c3713	sltiu	x14,x24,1319	 x24:0xaf2b39ec x14=0x00000000
        5745000	       573	80004b30	00601f33	sll	x30,x0,x6	  x0:0x00000000  x6:0x9c65792b x30=0x00000000
        5755000	       574	80004b34	00148a13	addi	x20,x9,1	  x9:0x800001d0 x20=0x800001d1
        5765000	       575	80004b38	000a0a67	jalr	x20,x20,0	 x20:0x800001d1 x20=0x80004b38
        5775000	       576	00000000	00000013	addi	x0,x0,0	  x0:0x00000000
        5785000	       577	800001d0	00000013	addi	x0,x0,0	  x0:0x00000000
        5795000	       578	800001d4	406b8a33	sub	x20,x23,x6	 x23:0x12c5c0c1  x6:0x9c65792b x20=0x76604796
        5805000	       579	800001d8	31fd7137	lui	x2,0x31fd7	  x2=0x31fd7000
        5815000	       580	800001dc	4c180c93	addi	x25,x16,1217	 x16:0x00000001 x25=0x000004c2
        5825000	       581	800001e0	005c3c33	sltu	x24,x24,x5	 x24:0xaf2b39ec  x5:0x00000000 x24=0x00000000
        5835000	       582	800001e4	75ecf117	auipc	x2,0x75ecf	  x2=0xf5ecf1e0
        5845000	       583	800001e8	769bf237	lui	x4,0x769bf	  x4=0x769bf000
        5855000	       584	800001ec	022eda63	bge	x29,x2,80000220	 x29:0x00000002  x2:0xf5ecf1e0
        5865000	       585	00000000	00000013	addi	x0,x0,0	  x0:0x00000000
        5875000	       586	8000021c	00000013	addi	x0,x0,0	  x0:0x00000000
        5885000	       587	80000220	010093b3	sll	x7,x1,x16	  x1:0xfed455e5 x16:0x00000001  x7=0xfda8abca
        5895000	       588	80000224	00000097	auipc	x1,0x0	  x1=0x80000220
        5905000	       589	80000228	00c08093	addi	x1,x1,12	  x1:0x80000220  x1=0x8000022c
        5915000	       590	8000022c	00008067	jalr	x0,x1,0	  x1:0x8000022c
        5925000	       591	00000000	00000013	addi	x0,x0,0	  x0:0x00000000
        5935000	       592	8000022c	00000013	addi	x0,x0,0	  x0:0x00000000
        5945000	       593	80000230	00100193	addi	x3,x0,1	  x0:0x00000000  x3=0x00000001
        5955000	       594	80000234	00000073	ecall	
        5965000	       595	80000238	002caa33	slt	x20,x25,x2	 x25:0x000004c2  x2:0xf5ecf1e0 x20=0x00000000
