		Time			Cycle	PC		Insn	Decoded instruction	Register and memory contents
          65000	         5	80000004	00000293	addi	x5,x0,0	  x0:0x00000000  x5=0x00000000
          75000	         6	80000008	00000313	addi	x6,x0,0	  x0:0x00000000  x6=0x00000000
          85000	         7	8000000c	00628263	beq	x5,x6,80000010	  x5:0x00000000  x6:0x00000000
          95000	         8	00000000	00000013	addi	x0,x0,0	  x0:0x00000000
         105000	         9	8000000c	00000013	addi	x0,x0,0	  x0:0x00000000
         115000	        10	80000010	00000617	auipc	x12,0x0	 x12=0x8000000c
         125000	        11	80000014	00c60613	addi	x12,x12,12	 x12:0x8000000c x12=0x80000018
         135000	        12	80000018	00060067	jalr	x0,x12,0	 x12:0x80000018
         145000	        13	00000000	00000013	addi	x0,x0,0	  x0:0x00000000
         155000	        14	80000018	00000013	addi	x0,x0,0	  x0:0x00000000
         165000	        15	8000001c	40000a37	lui	x20,0x40000	 x20=0x40000000
         175000	        16	80000020	100a0a13	addi	x20,x20,256	 x20:0x40000000 x20=0x40000100
         185000	        17	80000024	00000013	addi	x0,x0,0	  x0:0x00000000
         195000	        18	80000028	0000a817	auipc	x16,0xa	 x16=0x8000a024
         205000	        19	8000002c	fa080813	addi	x16,x16,-96	 x16:0x8000a024 x16=0x80009fc4
         215000	        20	80000030	00007a17	auipc	x20,0x7	 x20=0x8000702c
         225000	        21	80000034	464a0a13	addi	x20,x20,1124	 x20:0x8000702c x20=0x80007490
         235000	        22	80000038	001a6a13	ori	x20,x20,1	 x20:0x80007490 x20=0x80007491
         245000	        23	8000003c	00000013	addi	x0,x0,0	  x0:0x00000000
         255000	        24	80000040	00000a17	auipc	x20,0x0	 x20=0x8000003c
         265000	        25	80000044	020a0a13	addi	x20,x20,32	 x20:0x8000003c x20=0x8000005c
         275000	        26	80000048	00000013	addi	x0,x0,0	  x0:0x00000000
         285000	        27	8000004c	00000013	addi	x0,x0,0	  x0:0x00000000
         295000	        28	80000050	00002a37	lui	x20,0x2	 x20=0x00002000
         305000	        29	80000054	800a0a13	addi	x20,x20,-2048	 x20:0x00002000 x20=0x00001800
         315000	        30	80000058	00000013	addi	x0,x0,0	  x0:0x00000000
         325000	        31	8000005c	00000013	addi	x0,x0,0	  x0:0x00000000
         335000	        32	80000060	5165a037	lui	x0,0x5165a	
         345000	        33	80000064	c8c00013	addi	x0,x0,-884	  x0:0x00000000
         355000	        34	80000068	800000b7	lui	x1,0x80000	  x1=0x80000000
         365000	        35	8000006c	00000113	addi	x2,x0,0	  x0:0x00000000  x2=0x00000000
         375000	        36	80000070	00000193	addi	x3,x0,0	  x0:0x00000000  x3=0x00000000
         385000	        37	80000074	00a00213	addi	x4,x0,10	  x0:0x00000000  x4=0x0000000a
         395000	        38	80000078	f13a22b7	lui	x5,0xf13a2	  x5=0xf13a2000
         405000	        39	8000007c	b0528293	addi	x5,x5,-1275	  x5:0xf13a2000  x5=0xf13a1b05
         415000	        40	80000080	00500313	addi	x6,x0,5	  x0:0x00000000  x6=0x00000005
         425000	        41	80000084	800003b7	lui	x7,0x80000	  x7=0x80000000
         435000	        42	80000088	6c7d5437	lui	x8,0x6c7d5	  x8=0x6c7d5000
         445000	        43	8000008c	4f840413	addi	x8,x8,1272	  x8:0x6c7d5000  x8=0x6c7d54f8
         455000	        44	80000090	2baa34b7	lui	x9,0x2baa3	  x9=0x2baa3000
         465000	        45	80000094	3d548493	addi	x9,x9,981	  x9:0x2baa3000  x9=0x2baa33d5
         475000	        46	80000098	800005b7	lui	x11,0x80000	 x11=0x80000000
         485000	        47	8000009c	80000637	lui	x12,0x80000	 x12=0x80000000
         495000	        48	800000a0	00000693	addi	x13,x0,0	  x0:0x00000000 x13=0x00000000
         505000	        49	800000a4	00300713	addi	x14,x0,3	  x0:0x00000000 x14=0x00000003
         515000	        50	800000a8	00200793	addi	x15,x0,2	  x0:0x00000000 x15=0x00000002
         525000	        51	800000ac	f9be38b7	lui	x17,0xf9be3	 x17=0xf9be3000
         535000	        52	800000b0	b0388893	addi	x17,x17,-1277	 x17:0xf9be3000 x17=0xf9be2b03
         545000	        53	800000b4	56f6b937	lui	x18,0x56f6b	 x18=0x56f6b000
         555000	        54	800000b8	86890913	addi	x18,x18,-1944	 x18:0x56f6b000 x18=0x56f6a868
         565000	        55	800000bc	00800993	addi	x19,x0,8	  x0:0x00000000 x19=0x00000008
         575000	        56	800000c0	80000a37	lui	x20,0x80000	 x20=0x80000000
         585000	        57	800000c4	fbdf3ab7	lui	x21,0xfbdf3	 x21=0xfbdf3000
         595000	        58	800000c8	a74a8a93	addi	x21,x21,-1420	 x21:0xfbdf3000 x21=0xfbdf2a74
         605000	        59	800000cc	ff3d0b37	lui	x22,0xff3d0	 x22=0xff3d0000
         615000	        60	800000d0	cc7b0b13	addi	x22,x22,-825	 x22:0xff3d0000 x22=0xff3cfcc7
         625000	        61	800000d4	80000bb7	lui	x23,0x80000	 x23=0x80000000
         635000	        62	800000d8	00000c13	addi	x24,x0,0	  x0:0x00000000 x24=0x00000000
         645000	        63	800000dc	dc9f9cb7	lui	x25,0xdc9f9	 x25=0xdc9f9000
         655000	        64	800000e0	655c8c93	addi	x25,x25,1621	 x25:0xdc9f9000 x25=0xdc9f9655
         665000	        65	800000e4	00000d13	addi	x26,x0,0	  x0:0x00000000 x26=0x00000000
         675000	        66	800000e8	00300d93	addi	x27,x0,3	  x0:0x00000000 x27=0x00000003
         685000	        67	800000ec	00600e13	addi	x28,x0,6	  x0:0x00000000 x28=0x00000006
         695000	        68	800000f0	00200e93	addi	x29,x0,2	  x0:0x00000000 x29=0x00000002
         705000	        69	800000f4	f2ec0f37	lui	x30,0xf2ec0	 x30=0xf2ec0000
         715000	        70	800000f8	4d2f0f13	addi	x30,x30,1234	 x30:0xf2ec0000 x30=0xf2ec04d2
         725000	        71	800000fc	ff87cfb7	lui	x31,0xff87c	 x31=0xff87c000
         735000	        72	80000100	609f8f93	addi	x31,x31,1545	 x31:0xff87c000 x31=0xff87c609
         745000	        73	80000104	0000a517	auipc	x10,0xa	 x10=0x8000a100
         755000	        74	80000108	e8450513	addi	x10,x10,-380	 x10:0x8000a100 x10=0x80009f84
         765000	        75	8000010c	00008097	auipc	x1,0x8	  x1=0x80008108
         775000	        76	80000110	5c508093	addi	x1,x1,1477	  x1:0x80008108  x1=0x800086cd
         785000	        77	80000114	01a2f5b3	and	x11,x5,x26	  x5:0xf13a1b05 x26:0x00000000 x11=0x00000000
         795000	        78	80000118	a7008e03	lb	x28,-1424(x1)	  x1:0x800086cd x28=0x0000005a PA:0x8000813d
         805000	        79	8000011c	006f02b3	add	x5,x30,x6	 x30:0xf2ec04d2  x6:0x00000005  x5=0xf2ec04d7
         815000	        80	80000120	0016beb3	sltu	x29,x13,x1	 x13:0x00000000  x1:0x800086cd x29=0x00000001
         825000	        81	80000124	004c5e13	srli	x28,x24,0x4	 x24:0x00000000 x28=0x00000000
         835000	        82	80000128	07e0c403	lbu	x8,126(x1)	  x1:0x800086cd  x8=0x000000bc PA:0x8000874b
         845000	        83	8000012c	00fb0c33	add	x24,x22,x15	 x22:0xff3cfcc7 x15:0x00000002 x24=0xff3cfcc9
         855000	        84	80000130	40fd5713	srai	x14,x26,0xf	 x26:0x00000000 x14=0x00000000
         865000	        85	80000134	00b4ec33	or	x24,x9,x11	  x9:0x2baa33d5 x11:0x00000000 x24=0x2baa33d5
         875000	        86	80000138	40a7d733	sra	x14,x15,x10	 x15:0x00000002 x10:0x80009f84 x14=0x00000000
         885000	        87	8000013c	ee909ea3	sh	x9,-259(x1)	  x1:0x800086cd  x9:0x2baa33d5 PA:0x800085ca
         895000	        88	80000140	61568113	addi	x2,x13,1557	 x13:0x00000000  x2=0x00000615
         905000	        89	80000144	fa2087a3	sb	x2,-81(x1)	  x1:0x800086cd  x2:0x00000615 PA:0x8000867c
         915000	        90	80000148	40a4dcb3	sra	x25,x9,x10	  x9:0x2baa33d5 x10:0x80009f84 x25=0x02baa33d
         925000	        91	8000014c	8010a393	slti	x7,x1,-2047	  x1:0x800086cd  x7=0x00000001
         935000	        92	80000150	006d39b3	sltu	x19,x26,x6	 x26:0x00000000  x6:0x00000005 x19=0x00000001
         945000	        93	80000154	f8509883	lh	x17,-123(x1)	  x1:0x800086cd x17=0xffff9055 PA:0x80008652
         955000	        94	80000158	40cb4693	xori	x13,x22,1036	 x22:0xff3cfcc7 x13=0xff3cf8cb
         965000	        95	8000015c	6fd63693	sltiu	x13,x12,1789	 x12:0x80000000 x13=0x00000000
         975000	        96	80000160	00000013	addi	x0,x0,0	  x0:0x00000000
         985000	        97	80000164	0a594e93	xori	x29,x18,165	 x18:0x56f6a868 x29=0x56f6a8cd
         995000	        98	80000168	d2208f83	lb	x31,-734(x1)	  x1:0x800086cd x31=0x0000005a PA:0x800083ef
        1005000	        99	8000016c	e6708c83	lb	x25,-409(x1)	  x1:0x800086cd x25=0x00000076 PA:0x80008534
        1015000	       100	80000170	82fabf13	sltiu	x30,x21,-2001	 x21:0xfbdf2a74 x30=0x00000001
        1025000	       101	80000174	0b508223	sb	x21,164(x1)	  x1:0x800086cd x21:0xfbdf2a74 PA:0x80008771
        1035000	       102	80000178	5d8e7217	auipc	x4,0x5d8e7	  x4=0xdd8e7174
        1045000	       103	8000017c	fce6a293	slti	x5,x13,-50	 x13:0x00000000  x5=0x00000000
        1055000	       104	80000180	00373c33	sltu	x24,x14,x3	 x14:0x00000000  x3:0x00000000 x24=0x00000000
        1065000	       105	80000184	0107bab3	sltu	x21,x15,x16	 x15:0x00000002 x16:0x80009fc4 x21=0x00000001
        1075000	       106	80000188	21d67b13	andi	x22,x12,541	 x12:0x80000000 x22=0x00000000
        1085000	       107	8000018c	0df0aa83	lw	x21,223(x1)	  x1:0x800086cd x21=0x2f6780a4 PA:0x800087ac
        1095000	       108	80000190	e438b113	sltiu	x2,x17,-445	 x17:0xffff9055  x2=0x00000001
        1105000	       109	80000194	00c45e17	auipc	x28,0xc45	 x28=0x80c45190
        1115000	       110	80000198	1b2aecb7	lui	x25,0x1b2ae	 x25=0x1b2ae000
        1125000	       111	8000019c	41ec89b3	sub	x19,x25,x30	 x25:0x1b2ae000 x30:0x00000001 x19=0x1b2adfff
        1135000	       112	800001a0	00f0b233	sltu	x4,x1,x15	  x1:0x800086cd x15:0x00000002  x4=0x00000000
        1145000	       113	800001a4	00ea1c93	slli	x25,x20,0xe	 x20:0x80000000 x25=0x00000000
        1155000	       114	800001a8	ef68a293	slti	x5,x17,-266	 x17:0xffff9055  x5=0x00000001
        1165000	       115	800001ac	a150c303	lbu	x6,-1515(x1)	  x1:0x800086cd  x6=0x000000f9 PA:0x800080e2
        1175000	       116	800001b0	00009a17	auipc	x20,0x9	 x20=0x800091ac
        1185000	       117	800001b4	c9da0a13	addi	x20,x20,-867	 x20:0x800091ac x20=0x80008e49
        1195000	       118	800001b8	013f5433	srl	x8,x30,x19	 x30:0x00000001 x19:0x1b2adfff  x8=0x00000000
        1205000	       119	800001bc	da0f6393	ori	x7,x30,-608	 x30:0x00000001  x7=0xfffffda1
        1215000	       120	800001c0	ff1a5303	lhu	x6,-15(x20)	 x20:0x80008e49  x6=0x00001393 PA:0x80008e3a
        1225000	       121	800001c4	ffea4483	lbu	x9,-2(x20)	 x20:0x80008e49  x9=0x000000e5 PA:0x80008e47
        1235000	       122	800001c8	006a11a3	sh	x6,3(x20)	 x20:0x80008e49  x6:0x00001393 PA:0x80008e4c
        1245000	       123	800001cc	00aa17a3	sh	x10,15(x20)	 x20:0x80008e49 x10:0x80009f84 PA:0x80008e58
        1255000	       124	800001d0	00da0f03	lb	x30,13(x20)	 x20:0x80008e49 x30=0x00000006 PA:0x80008e56
        1265000	       125	800001d4	ff1a0b03	lb	x22,-15(x20)	 x20:0x80008e49 x22=0xffffff93 PA:0x80008e3a
        1275000	       126	800001d8	40eb8133	sub	x2,x23,x14	 x23:0x80000000 x14:0x00000000  x2=0x80000000
        1285000	       127	800001dc	007a2f83	lw	x31,7(x20)	 x20:0x80008e49 x31=0xc4c5e3f4 PA:0x80008e50
        1295000	       128	800001e0	ffaa29a3	sw	x26,-13(x20)	 x20:0x80008e49 x26:0x00000000 PA:0x80008e3c
        1305000	       129	800001e4	00ca4d03	lbu	x26,12(x20)	 x20:0x80008e49 x26=0x000000ec PA:0x80008e55
        1315000	       130	800001e8	014dfd33	and	x26,x27,x20	 x27:0x00000003 x20:0x80008e49 x26=0x00000001
        1325000	       131	800001ec	007a4703	lbu	x14,7(x20)	 x20:0x80008e49 x14=0x000000f4 PA:0x80008e50
        1335000	       132	800001f0	008a0883	lb	x17,8(x20)	 x20:0x80008e49 x17=0xffffffe3 PA:0x80008e51
        1345000	       133	800001f4	01e322b3	slt	x5,x6,x30	  x6:0x00001393 x30:0x00000006  x5=0x00000000
        1355000	       134	800001f8	01d28433	add	x8,x5,x29	  x5:0x00000000 x29:0x56f6a8cd  x8=0x56f6a8cd
        1365000	       135	800001fc	00a6bab3	sltu	x21,x13,x10	 x13:0x00000000 x10:0x80009f84 x21=0x00000001
        1375000	       136	80000200	fffa2003	lw	x0,-1(x20)	 x20:0x80008e49 PA:0x80008e48
        1385000	       137	80000204	009a0403	lb	x8,9(x20)	 x20:0x80008e49  x8=0xffffffc5 PA:0x80008e52
        1395000	       138	80000208	007fcab3	xor	x21,x31,x7	 x31:0xc4c5e3f4  x7:0xfffffda1 x21=0x3b3a1e55
        1405000	       139	8000020c	00adf6b3	and	x13,x27,x10	 x27:0x00000003 x10:0x80009f84 x13=0x00000000
        1415000	       140	80000210	01121333	sll	x6,x4,x17	  x4:0x00000000 x17:0xffffffe3  x6=0x00000000
        1425000	       141	80000214	00ea4383	lbu	x7,14(x20)	 x20:0x80008e49  x7=0x000000b5 PA:0x80008e57
        1435000	       142	80000218	00da0623	sb	x13,12(x20)	 x20:0x80008e49 x13:0x00000000 PA:0x80008e55
        1445000	       143	8000021c	0701bf13	sltiu	x30,x3,112	  x3:0x00000000 x30=0x00000001
        1455000	       144	80000220	012131b3	sltu	x3,x2,x18	  x2:0x80000000 x18:0x56f6a868  x3=0x00000000
        1465000	       145	80000224	e9c0e493	ori	x9,x1,-356	  x1:0x800086cd  x9=0xfffffedd
        1475000	       146	80000228	da63a793	slti	x15,x7,-602	  x7:0x000000b5 x15=0x00000000
        1485000	       147	8000022c	ff5a0e83	lb	x29,-11(x20)	 x20:0x80008e49 x29=0x00000000 PA:0x80008e3e
        1495000	       148	80000230	892ffe13	andi	x28,x31,-1902	 x31:0xc4c5e3f4 x28=0xc4c5e090
        1505000	       149	80000234	00da0723	sb	x13,14(x20)	 x20:0x80008e49 x13:0x00000000 PA:0x80008e57
        1515000	       150	80000238	efaebdb7	lui	x27,0xefaeb	 x27=0xefaeb000
        1525000	       151	8000023c	4077d293	srai	x5,x15,0x7	 x15:0x00000000  x5=0x00000000
        1535000	       152	80000240	41bb5413	srai	x8,x22,0x1b	 x22:0xffffff93  x8=0xffffffff
        1545000	       153	80000244	ff1a0fa3	sb	x17,-1(x20)	 x20:0x80008e49 x17:0xffffffe3 PA:0x80008e48
        1555000	       154	80000248	f9103993	sltiu	x19,x0,-111	  x0:0x00000000 x19=0x00000001
        1565000	       155	8000024c	00aa27a3	sw	x10,15(x20)	 x20:0x80008e49 x10:0x80009f84 PA:0x80008e58
        1575000	       156	80000250	de271397	auipc	x7,0xde271	  x7=0x5e27124c
        1585000	       157	80000254	e25db0b7	lui	x1,0xe25db	  x1=0xe25db000
        1595000	       158	80000258	008a0f03	lb	x30,8(x20)	 x20:0x80008e49 x30=0xffffffe3 PA:0x80008e51
        1605000	       159	8000025c	00f3e7b3	or	x15,x7,x15	  x7:0x5e27124c x15:0x00000000 x15=0x5e27124c
        1615000	       160	80000260	ea46b193	sltiu	x3,x13,-348	 x13:0x00000000  x3=0x00000001
        1625000	       161	80000264	00950033	add	x0,x10,x9	 x10:0x80009f84  x9:0xfffffedd
        1635000	       162	80000268	ff1a0103	lb	x2,-15(x20)	 x20:0x80008e49  x2=0xffffff93 PA:0x80008e3a
        1645000	       163	8000026c	014bfeb3	and	x29,x23,x20	 x23:0x80000000 x20:0x80008e49 x29=0x80000000
        1655000	       164	80000270	ff9a1ca3	sh	x25,-7(x20)	 x20:0x80008e49 x25:0x00000000 PA:0x80008e42
        1665000	       165	80000274	00ca0723	sb	x12,14(x20)	 x20:0x80008e49 x12:0x80000000 PA:0x80008e57
        1675000	       166	80000278	ff4a0823	sb	x20,-16(x20)	 x20:0x80008e49 x20:0x80008e49 PA:0x80008e39
        1685000	       167	8000027c	009a4f03	lbu	x30,9(x20)	 x20:0x80008e49 x30=0x000000c5 PA:0x80008e52
        1695000	       168	00000000	00000013	addi	x0,x0,0	  x0:0x00000000
        1705000	       169	80000280	ffea4203	lbu	x4,-2(x20)	 x20:0x80008e49  x4=0x000000e5 PA:0x80008e47
        1715000	       170	80000284	ffea0483	lb	x9,-2(x20)	 x20:0x80008e49  x9=0xffffffe5 PA:0x80008e47
        1725000	       171	80000288	ff6a0823	sb	x22,-16(x20)	 x20:0x80008e49 x22:0xffffff93 PA:0x80008e39
        1735000	       172	8000028c	ffda5003	lhu	x0,-3(x20)	 x20:0x80008e49 PA:0x80008e46
        1745000	       173	80000290	ff9a0e23	sb	x25,-4(x20)	 x20:0x80008e49 x25:0x00000000 PA:0x80008e45
        1755000	       174	80000294	00345993	srli	x19,x8,0x3	  x8:0xffffffff x19=0x1fffffff
        1765000	       175	80000298	bb11ba93	sltiu	x21,x3,-1103	  x3:0x00000001 x21=0x00000001
        1775000	       176	8000029c	6c544e13	xori	x28,x8,1733	  x8:0xffffffff x28=0xfffff93a
        1785000	       177	800002a0	01cf51b3	srl	x3,x30,x28	 x30:0x000000c5 x28:0xfffff93a  x3=0x00000000
        1795000	       178	800002a4	1c1c4b93	xori	x23,x24,449	 x24:0x00000000 x23=0x000001c1
        1805000	       179	800002a8	41a4d293	srai	x5,x9,0x1a	  x9:0xffffffe5  x5=0xffffffff
        1815000	       180	800002ac	05877863	bgeu	x14,x24,800002fc	 x14:0x000000f4 x24:0x00000000
        1825000	       181	00000000	00000013	addi	x0,x0,0	  x0:0x00000000
        1835000	       182	800002f8	00000013	addi	x0,x0,0	  x0:0x00000000
        1845000	       183	800002fc	00528e33	add	x28,x5,x5	  x5:0xffffffff  x5:0xffffffff x28=0xfffffffe
        1855000	       184	80000300	1ec66897	auipc	x17,0x1ec66	 x17=0x9ec662fc
        1865000	       185	80000304	00000013	addi	x0,x0,0	  x0:0x00000000
        1875000	       186	80000308	8fa8c493	xori	x9,x17,-1798	 x17:0x9ec662fc  x9=0x61399a06
        1885000	       187	8000030c	41f3dd93	srai	x27,x7,0x1f	  x7:0x5e27124c x27=0x00000000
        1895000	       188	80000310	f4ae0493	addi	x9,x28,-182	 x28:0xfffffffe  x9=0xffffff48
        1905000	       189	80000314	00000013	addi	x0,x0,0	  x0:0x00000000
        1915000	       190	80000318	0144b933	sltu	x18,x9,x20	  x9:0xffffff48 x20:0x80008e49 x18=0x00000000
        1925000	       191	8000031c	00cb5493	srli	x9,x22,0xc	 x22:0xffffff93  x9=0x000fffff
        1935000	       192	80000320	00bedc63	bge	x29,x11,80000338	 x29:0x80000000 x11:0x00000000
        1945000	       193	80000324	016b7463	bgeu	x22,x22,8000032c	 x22:0xffffff93 x22:0xffffff93
        1955000	       194	00000000	00000013	addi	x0,x0,0	  x0:0x00000000
        1965000	       195	80000328	00000013	addi	x0,x0,0	  x0:0x00000000
        1975000	       196	8000032c	00ed94b3	sll	x9,x27,x14	 x27:0x00000000 x14:0x000000f4  x9=0x00000000
        1985000	       197	80000330	c6aca913	slti	x18,x25,-918	 x25:0x00000000 x18=0x00000000
        1995000	       198	80000334	fd2b3993	sltiu	x19,x22,-46	 x22:0xffffff93 x19=0x00000001
        2005000	       199	80000338	41f08233	sub	x4,x1,x31	  x1:0xe25db000 x31:0xc4c5e3f4  x4=0x1d97cc0c
        2015000	       200	8000033c	00b55593	srli	x11,x10,0xb	 x10:0x80009f84 x11=0x00100013
        2025000	       201	80000340	007f4c63	blt	x30,x7,80000358	 x30:0x000000c5  x7:0x5e27124c
        2035000	       202	00000000	00000013	addi	x0,x0,0	  x0:0x00000000
        2045000	       203	80000354	00000013	addi	x0,x0,0	  x0:0x00000000
        2055000	       204	80000358	334a50b7	lui	x1,0x334a5	  x1=0x334a5000
        2065000	       205	8000035c	058a6893	ori	x17,x20,88	 x20:0x80008e49 x17=0x80008e59
        2075000	       206	80000360	18612593	slti	x11,x2,390	  x2:0xffffff93 x11=0x00000001
        2085000	       207	80000364	c6d3ab13	slti	x22,x7,-915	  x7:0x5e27124c x22=0x00000000
        2095000	       208	80000368	00472433	slt	x8,x14,x4	 x14:0x000000f4  x4:0x1d97cc0c  x8=0x00000001
        2105000	       209	8000036c	003a6c33	or	x24,x20,x3	 x20:0x80008e49  x3:0x00000000 x24=0x80008e49
        2115000	       210	80000370	f69beb13	ori	x22,x23,-151	 x23:0x000001c1 x22=0xffffffe9
        2125000	       211	80000374	08cb4263	blt	x22,x12,800003f8	 x22:0xffffffe9 x12:0x80000000
        2135000	       212	80000378	00677cb3	and	x25,x14,x6	 x14:0x000000f4  x6:0x00000000 x25=0x00000000
        2145000	       213	8000037c	00000d17	auipc	x26,0x0	 x26=0x80000378
        2155000	       214	80000380	4a4d0d13	addi	x26,x26,1188	 x26:0x80000378 x26=0x8000081c
        2165000	       215	80000384	00aa7eb3	and	x29,x20,x10	 x20:0x80008e49 x10:0x80009f84 x29=0x80008e00
        2175000	       216	80000388	566ebe13	sltiu	x28,x29,1382	 x29:0x80008e00 x28=0x00000000
        2185000	       217	8000038c	179d0d13	addi	x26,x26,377	 x26:0x8000081c x26=0x80000995
        2195000	       218	80000390	01363fb3	sltu	x31,x12,x19	 x12:0x80000000 x19:0x00000001 x31=0x00000000
        2205000	       219	80000394	e6027913	andi	x18,x4,-416	  x4:0x1d97cc0c x18=0x1d97cc00
        2215000	       220	80000398	00eb1863	bne	x22,x14,800003a8	 x22:0xffffffe9 x14:0x000000f4
        2225000	       221	00000000	00000013	addi	x0,x0,0	  x0:0x00000000
        2235000	       222	800003a4	00000013	addi	x0,x0,0	  x0:0x00000000
        2245000	       223	800003a8	e88d0367	jalr	x6,x26,-376	 x26:0x80000995  x6=0x800003a8
        2255000	       224	00000000	00000013	addi	x0,x0,0	  x0:0x00000000
        2265000	       225	8000081c	00000013	addi	x0,x0,0	  x0:0x00000000
        2275000	       226	80000820	fdc50513	addi	x10,x10,-36	 x10:0x80009f84 x10=0x80009f60
        2285000	       227	80000824	3bb2fb37	lui	x22,0x3bb2f	 x22=0x3bb2f000
        2295000	       228	80000828	00652223	sw	x6,4(x10)	 x10:0x80009f60  x6:0x800003a8 PA:0x80009f64
        2305000	       229	8000082c	3d2eb193	sltiu	x3,x29,978	 x29:0x80008e00  x3=0x00000000
        2315000	       230	80000830	e81abf93	sltiu	x31,x21,-383	 x21:0x00000001 x31=0x00000001
        2325000	       231	80000834	00008a17	auipc	x20,0x8	 x20=0x80008830
        2335000	       232	80000838	905a0a13	addi	x20,x20,-1787	 x20:0x80008830 x20=0x80008135
        2345000	       233	8000083c	ffaa0f23	sb	x26,-2(x20)	 x20:0x80008135 x26:0x80000995 PA:0x80008133
        2355000	       234	80000840	b57ff993	andi	x19,x31,-1193	 x31:0x00000001 x19=0x00000001
        2365000	       235	80000844	fd1a1e83	lh	x29,-47(x20)	 x20:0x80008135 x29=0xffffbda3 PA:0x80008106
        2375000	       236	80000848	016265b3	or	x11,x4,x22	  x4:0x1d97cc0c x22:0x3bb2f000 x11=0x3fb7fc0c
        2385000	       237	8000084c	016a1e13	slli	x28,x20,0x16	 x20:0x80008135 x28=0x4d400000
        2395000	       238	80000850	fd7a0b23	sb	x23,-42(x20)	 x20:0x80008135 x23:0x000001c1 PA:0x8000810b
        2405000	       239	80000854	000cb4b3	sltu	x9,x25,x0	 x25:0x00000000  x0:0x00000000  x9=0x00000000
        2415000	       240	80000858	000a0623	sb	x0,12(x20)	 x20:0x80008135  x0:0x00000000 PA:0x80008141
        2425000	       241	8000085c	016dc133	xor	x2,x27,x22	 x27:0x00000000 x22:0x3bb2f000  x2=0x3bb2f000
        2435000	       242	80000860	41cb07b3	sub	x15,x22,x28	 x22:0x3bb2f000 x28:0x4d400000 x15=0xee72f000
        2445000	       243	80000864	9859d717	auipc	x14,0x9859d	 x14=0x1859d860
        2455000	       244	80000868	d930b193	sltiu	x3,x1,-621	  x1:0x334a5000  x3=0x00000001
        2465000	       245	8000086c	ffaa0283	lb	x5,-6(x20)	 x20:0x80008135  x5=0x0000005f PA:0x8000812f
        2475000	       246	80000870	00a5bd33	sltu	x26,x11,x10	 x11:0x3fb7fc0c x10:0x80009f60 x26=0x00000001
        2485000	       247	80000874	024a0d83	lb	x27,36(x20)	 x20:0x80008135 x27=0xffffffac PA:0x80008159
        2495000	       248	80000878	fdea0923	sb	x30,-46(x20)	 x20:0x80008135 x30:0x000000c5 PA:0x80008107
        2505000	       249	8000087c	06714b93	xori	x23,x2,103	  x2:0x3bb2f000 x23=0x3bb2f067
        2515000	       250	80000880	00000013	addi	x0,x0,0	  x0:0x00000000
        2525000	       251	80000884	009a0fa3	sb	x9,31(x20)	 x20:0x80008135  x9:0x00000000 PA:0x80008154
        2535000	       252	80000888	ffda0c03	lb	x24,-3(x20)	 x20:0x80008135 x24=0xfffffffb PA:0x80008132
        2545000	       253	8000088c	40e85e33	sra	x28,x16,x14	 x16:0x80009fc4 x14:0x1859d860 x28=0x80009fc4
        2555000	       254	80000890	feda2fa3	sw	x13,-1(x20)	 x20:0x80008135 x13:0x00000000 PA:0x80008134
        2565000	       255	80000894	fe1a4d83	lbu	x27,-31(x20)	 x20:0x80008135 x27=0x0000002e PA:0x80008116
        2575000	       256	80000898	00e19033	sll	x0,x3,x14	  x3:0x00000001 x14:0x1859d860
        2585000	       257	8000089c	ff2a0783	lb	x15,-14(x20)	 x20:0x80008135 x15=0x00000061 PA:0x80008127
        2595000	       258	00000000	00000013	addi	x0,x0,0	  x0:0x00000000
        2605000	       259	800008a0	fefa1983	lh	x19,-17(x20)	 x20:0x80008135 x19=0x00003348 PA:0x80008124
        2615000	       260	800008a4	00208033	add	x0,x1,x2	  x1:0x334a5000  x2:0x3bb2f000
        2625000	       261	800008a8	02ba07a3	sb	x11,47(x20)	 x20:0x80008135 x11:0x3fb7fc0c PA:0x80008164
        2635000	       262	800008ac	404cd313	srai	x6,x25,0x4	 x25:0x00000000  x6=0x00000000
        2645000	       263	800008b0	fe8a0223	sb	x8,-28(x20)	 x20:0x80008135  x8:0x00000001 PA:0x80008119
        2655000	       264	800008b4	8eef7d93	andi	x27,x30,-1810	 x30:0x000000c5 x27=0x000000c4
        2665000	       265	800008b8	0031ff33	and	x30,x3,x3	  x3:0x00000001  x3:0x00000001 x30=0x00000001
        2675000	       266	800008bc	0152cd13	xori	x26,x5,21	  x5:0x0000005f x26=0x0000004a
        2685000	       267	800008c0	011a0103	lb	x2,17(x20)	 x20:0x80008135  x2=0x00000074 PA:0x80008146
        2695000	       268	800008c4	fd0a15a3	sh	x16,-53(x20)	 x20:0x80008135 x16:0x80009fc4 PA:0x80008100
        2705000	       269	800008c8	00008d17	auipc	x26,0x8	 x26=0x800088c4
        2715000	       270	800008cc	81ed0d13	addi	x26,x26,-2018	 x26:0x800088c4 x26=0x800080e2
        2725000	       271	800008d0	00f54333	xor	x6,x10,x15	 x10:0x80009f60 x15:0x00000061  x6=0x80009f01
        2735000	       272	800008d4	01802233	slt	x4,x0,x24	  x0:0x00000000 x24:0xfffffffb  x4=0x00000000
        2745000	       273	800008d8	fdad2003	lw	x0,-38(x26)	 x26:0x800080e2 PA:0x800080bc
        2755000	       274	800008dc	fc8d5a03	lhu	x20,-56(x26)	 x26:0x800080e2 x20=0x0000da41 PA:0x800080aa
        2765000	       275	800008e0	fe0d1a83	lh	x21,-32(x26)	 x26:0x800080e2 x21=0x00007196 PA:0x800080c2
        2775000	       276	800008e4	036d2f03	lw	x30,54(x26)	 x26:0x800080e2 x30=0x8951015e PA:0x80008118
        2785000	       277	800008e8	008ef4b3	and	x9,x29,x8	 x29:0xffffbda3  x8:0x00000001  x9=0x00000001
        2795000	       278	800008ec	ff1d1923	sh	x17,-14(x26)	 x26:0x800080e2 x17:0x80008e59 PA:0x800080d4
        2805000	       279	800008f0	404dd893	srai	x17,x27,0x4	 x27:0x000000c4 x17=0x0000000c
        2815000	       280	800008f4	20228793	addi	x15,x5,514	  x5:0x0000005f x15=0x00000261
        2825000	       281	800008f8	01b64bb3	xor	x23,x12,x27	 x12:0x80000000 x27:0x000000c4 x23=0x800000c4
        2835000	       282	800008fc	01bbbf33	sltu	x30,x23,x27	 x23:0x800000c4 x27:0x000000c4 x30=0x00000000
        2845000	       283	80000900	00000013	addi	x0,x0,0	  x0:0x00000000
        2855000	       284	80000904	402ed393	srai	x7,x29,0x2	 x29:0xffffbda3  x7=0xffffef68
        2865000	       285	80000908	006d5303	lhu	x6,6(x26)	 x26:0x800080e2  x6=0x0000c6ec PA:0x800080e8
        2875000	       286	8000090c	40bdddb3	sra	x27,x27,x11	 x27:0x000000c4 x11:0x3fb7fc0c x27=0x00000000
        2885000	       287	80000910	002d9b13	slli	x22,x27,0x2	 x27:0x00000000 x22=0x00000000
        2895000	       288	80000914	fd8d1083	lh	x1,-40(x26)	 x26:0x800080e2  x1=0xffffaefb PA:0x800080ba
        2905000	       289	80000918	025d4383	lbu	x7,37(x26)	 x26:0x800080e2  x7=0x000000c5 PA:0x80008107
        2915000	       290	8000091c	032d5283	lhu	x5,50(x26)	 x26:0x800080e2  x5=0x0000de09 PA:0x80008114
        2925000	       291	00000000	00000013	addi	x0,x0,0	  x0:0x00000000
        2935000	       292	80000920	c0c28d93	addi	x27,x5,-1012	  x5:0x0000de09 x27=0x0000da15
        2945000	       293	80000924	007201b3	add	x3,x4,x7	  x4:0x00000000  x7:0x000000c5  x3=0x000000c5
        2955000	       294	80000928	007d0c03	lb	x24,7(x26)	 x26:0x800080e2 x24=0xffffffc6 PA:0x800080e9
        2965000	       295	8000092c	01501f13	slli	x30,x0,0x15	  x0:0x00000000 x30=0x00000000
        2975000	       296	80000930	95d24717	auipc	x14,0x95d24	 x14=0x15d2492c
        2985000	       297	80000934	00000013	addi	x0,x0,0	  x0:0x00000000
        2995000	       298	80000938	010d1b93	slli	x23,x26,0x10	 x26:0x800080e2 x23=0x80e20000
        3005000	       299	8000093c	03ad2323	sw	x26,38(x26)	 x26:0x800080e2 x26:0x800080e2 PA:0x80008108
        3015000	       300	80000940	01e167b3	or	x15,x2,x30	  x2:0x00000074 x30:0x00000000 x15=0x00000074
        3025000	       301	80000944	009d4403	lbu	x8,9(x26)	 x26:0x800080e2  x8=0x000000bd PA:0x800080eb
        3035000	       302	00000000	00000013	addi	x0,x0,0	  x0:0x00000000
        3045000	       303	80000948	408fdd93	srai	x27,x31,0x8	 x31:0x00000001 x27=0x00000000
        3055000	       304	8000094c	fc9c0213	addi	x4,x24,-55	 x24:0xffffffc6  x4=0xffffff8f
        3065000	       305	80000950	e8fd9f97	auipc	x31,0xe8fd9	 x31=0x68fd994c
        3075000	       306	80000954	fc1d0683	lb	x13,-63(x26)	 x26:0x800080e2 x13=0x00000024 PA:0x800080a3
        3085000	       307	80000958	02fd0103	lb	x2,47(x26)	 x26:0x800080e2  x2=0xffffffd6 PA:0x80008111
        3095000	       308	8000095c	40f85093	srai	x1,x16,0xf	 x16:0x80009fc4  x1=0xffff0001
        3105000	       309	80000960	01141a93	slli	x21,x8,0x11	  x8:0x000000bd x21=0x017a0000
        3115000	       310	80000964	40f80133	sub	x2,x16,x15	 x16:0x80009fc4 x15:0x00000074  x2=0x80009f50
        3125000	       311	80000968	106850b7	lui	x1,0x10685	  x1=0x10685000
        3135000	       312	8000096c	01bd0483	lb	x9,27(x26)	 x26:0x800080e2  x9=0xffffffc5 PA:0x800080fd
        3145000	       313	80000970	00508433	add	x8,x1,x5	  x1:0x10685000  x5:0x0000de09  x8=0x10692e09
        3155000	       314	80000974	fe7d4303	lbu	x6,-25(x26)	 x26:0x800080e2  x6=0x000000fe PA:0x800080c9
        3165000	       315	80000978	0047cdb3	xor	x27,x15,x4	 x15:0x00000074  x4:0xffffff8f x27=0xfffffffb
        3175000	       316	8000097c	018101b3	add	x3,x2,x24	  x2:0x80009f50 x24:0xffffffc6  x3=0x80009f16
        3185000	       317	80000980	fefd0ba3	sb	x15,-9(x26)	 x26:0x800080e2 x15:0x00000074 PA:0x800080d9
        3195000	       318	80000984	00008c97	auipc	x25,0x8	 x25=0x80008980
        3205000	       319	80000988	286c8c93	addi	x25,x25,646	 x25:0x80008980 x25=0x80008c06
        3215000	       320	8000098c	f58c8ca3	sb	x24,-167(x25)	 x25:0x80008c06 x24:0xffffffc6 PA:0x80008b5f
        3225000	       321	80000990	f80c8ea3	sb	x0,-99(x25)	 x25:0x80008c06  x0:0x00000000 PA:0x80008ba3
        3235000	       322	80000994	08fccf03	lbu	x30,143(x25)	 x25:0x80008c06 x30=0x00000002 PA:0x80008c95
        3245000	       323	80000998	0c0cd483	lhu	x9,192(x25)	 x25:0x80008c06  x9=0x0000baf9 PA:0x80008cc6
        3255000	       324	8000099c	00df4eb3	xor	x29,x30,x13	 x30:0x00000002 x13:0x00000024 x29=0x00000026
        3265000	       325	800009a0	03ecc483	lbu	x9,62(x25)	 x25:0x80008c06  x9=0x00000031 PA:0x80008c44
        3275000	       326	800009a4	0a0c9023	sh	x0,160(x25)	 x25:0x80008c06  x0:0x00000000 PA:0x80008ca6
        3285000	       327	800009a8	048c8783	lb	x15,72(x25)	 x25:0x80008c06 x15=0xfffffffb PA:0x80008c4e
        3295000	       328	800009ac	016aaab3	slt	x21,x21,x22	 x21:0x017a0000 x22:0x00000000 x21=0x00000000
        3305000	       329	800009b0	0aecc683	lbu	x13,174(x25)	 x25:0x80008c06 x13=0x000000f9 PA:0x80008cb4
        3315000	       330	800009b4	008cd433	srl	x8,x25,x8	 x25:0x80008c06  x8:0x10692e09  x8=0x00400046
        3325000	       331	800009b8	f3ac8a03	lb	x20,-198(x25)	 x25:0x80008c06 x20=0x00000029 PA:0x80008b40
        3335000	       332	800009bc	f6ac9903	lh	x18,-150(x25)	 x25:0x80008c06 x18=0xffff9ff6 PA:0x80008b70
        3345000	       333	800009c0	00cf5f93	srli	x31,x30,0xc	 x30:0x00000002 x31=0x00000000
        3355000	       334	800009c4	fdbc85a3	sb	x27,-53(x25)	 x25:0x80008c06 x27:0xfffffffb PA:0x80008bd1
        3365000	       335	800009c8	01391293	slli	x5,x18,0x13	 x18:0xffff9ff6  x5=0xffb00000
        3375000	       336	800009cc	0cbcce03	lbu	x28,203(x25)	 x25:0x80008c06 x28=0x000000fd PA:0x80008cd1
        3385000	       337	800009d0	02bc8703	lb	x14,43(x25)	 x25:0x80008c06 x14=0xffffffc9 PA:0x80008c31
        3395000	       338	800009d4	04cc82a3	sb	x12,69(x25)	 x25:0x80008c06 x12:0x80000000 PA:0x80008c4b
        3405000	       339	800009d8	093c8ba3	sb	x19,151(x25)	 x25:0x80008c06 x19:0x00003348 PA:0x80008c9d
        3415000	       340	800009dc	fbec8e03	lb	x28,-66(x25)	 x25:0x80008c06 x28=0xffffff98 PA:0x80008bc4
        3425000	       341	800009e0	05fcc703	lbu	x14,95(x25)	 x25:0x80008c06 x14=0x0000008b PA:0x80008c65
        3435000	       342	800009e4	015a1013	slli	x0,x20,0x15	 x20:0x00000029
        3445000	       343	800009e8	002a1c33	sll	x24,x20,x2	 x20:0x00000029  x2:0x80009f50 x24=0x00290000
        3455000	       344	800009ec	00d75013	srli	x0,x14,0xd	 x14:0x0000008b
        3465000	       345	800009f0	f66cc683	lbu	x13,-154(x25)	 x25:0x80008c06 x13=0x000000f9 PA:0x80008b6c
        3475000	       346	800009f4	0ffc8d83	lb	x27,255(x25)	 x25:0x80008c06 x27=0x00000061 PA:0x80008d05
        3485000	       347	00000000	00000013	addi	x0,x0,0	  x0:0x00000000
        3495000	       348	800009f8	ffbc85a3	sb	x27,-21(x25)	 x25:0x80008c06 x27:0x00000061 PA:0x80008bf1
        3505000	       349	800009fc	f8617413	andi	x8,x2,-122	  x2:0x80009f50  x8=0x80009f00
        3515000	       350	80000a00	7a1d8e93	addi	x29,x27,1953	 x27:0x00000061 x29=0x00000802
        3525000	       351	80000a04	f09c84a3	sb	x9,-247(x25)	 x25:0x80008c06  x9:0x00000031 PA:0x80008b0f
        3535000	       352	80000a08	f2bb0113	addi	x2,x22,-213	 x22:0x00000000  x2=0xffffff2b
        3545000	       353	80000a0c	fb8c9303	lh	x6,-72(x25)	 x25:0x80008c06  x6=0x000050fb PA:0x80008bbe
        3555000	       354	80000a10	f1acc183	lbu	x3,-230(x25)	 x25:0x80008c06  x3=0x000000c6 PA:0x80008b20
        3565000	       355	80000a14	0f1c8b03	lb	x22,241(x25)	 x25:0x80008c06 x22=0x00000068 PA:0x80008cf7
        3575000	       356	80000a18	f55ccd83	lbu	x27,-171(x25)	 x25:0x80008c06 x27=0x00000093 PA:0x80008b5b
        3585000	       357	80000a1c	f9d10d93	addi	x27,x2,-99	  x2:0xffffff2b x27=0xfffffec8
        3595000	       358	80000a20	016aa3b3	slt	x7,x21,x22	 x21:0x00000000 x22:0x00000068  x7=0x00000001
        3605000	       359	80000a24	0e9c8883	lb	x17,233(x25)	 x25:0x80008c06 x17=0xffffffff PA:0x80008cef
        3615000	       360	80000a28	f5fc8a23	sb	x31,-172(x25)	 x25:0x80008c06 x31:0x00000000 PA:0x80008b5a
        3625000	       361	80000a2c	00008917	auipc	x18,0x8	 x18=0x80008a28
        3635000	       362	80000a30	e7b90913	addi	x18,x18,-389	 x18:0x80008a28 x18=0x800088a3
        3645000	       363	80000a34	00990023	sb	x9,0(x18)	 x18:0x800088a3  x9:0x00000031 PA:0x800088a3
        3655000	       364	80000a38	9703b393	sltiu	x7,x7,-1680	  x7:0x00000001  x7=0x00000001
        3665000	       365	80000a3c	00590723	sb	x5,14(x18)	 x18:0x800088a3  x5:0xffb00000 PA:0x800088b1
        3675000	       366	80000a40	01955c33	srl	x24,x10,x25	 x10:0x80009f60 x25:0x80008c06 x24=0x0200027d
        3685000	       367	80000a44	01235c13	srli	x24,x6,0x12	  x6:0x000050fb x24=0x00000000
        3695000	       368	80000a48	007e38b3	sltu	x17,x28,x7	 x28:0xffffff98  x7:0x00000001 x17=0x00000000
        3705000	       369	80000a4c	fe290923	sb	x2,-14(x18)	 x18:0x800088a3  x2:0xffffff2b PA:0x80008895
        3715000	       370	80000a50	01c633b3	sltu	x7,x12,x28	 x12:0x80000000 x28:0xffffff98  x7=0x00000001
        3725000	       371	80000a54	4154d0b3	sra	x1,x9,x21	  x9:0x00000031 x21:0x00000000  x1=0x00000031
        3735000	       372	80000a58	40395093	srai	x1,x18,0x3	 x18:0x800088a3  x1=0xf0001114
        3745000	       373	80000a5c	ff491ba3	sh	x20,-9(x18)	 x18:0x800088a3 x20:0x00000029 PA:0x8000889a
        3755000	       374	80000a60	00d90823	sb	x13,16(x18)	 x18:0x800088a3 x13:0x000000f9 PA:0x800088b3
        3765000	       375	80000a64	00290123	sb	x2,2(x18)	 x18:0x800088a3  x2:0xffffff2b PA:0x800088a5
        3775000	       376	80000a68	ff694403	lbu	x8,-10(x18)	 x18:0x800088a3  x8=0x0000006b PA:0x80008899
        3785000	       377	80000a6c	ff894003	lbu	x0,-8(x18)	 x18:0x800088a3 PA:0x8000889b
        3795000	       378	80000a70	f0102c13	slti	x24,x0,-255	  x0:0x00000000 x24=0x00000000
        3805000	       379	80000a74	0137b233	sltu	x4,x15,x19	 x15:0xfffffffb x19:0x00003348  x4=0x00000000
        3815000	       380	80000a78	ff790b03	lb	x22,-9(x18)	 x18:0x800088a3 x22=0x00000029 PA:0x8000889a
        3825000	       381	00000000	00000013	addi	x0,x0,0	  x0:0x00000000
        3835000	       382	80000a7c	ff690f83	lb	x31,-10(x18)	 x18:0x800088a3 x31=0x0000006b PA:0x80008899
        3845000	       383	80000a80	019e8133	add	x2,x29,x25	 x29:0x00000802 x25:0x80008c06  x2=0x80009408
        3855000	       384	80000a84	00694783	lbu	x15,6(x18)	 x18:0x800088a3 x15=0x00000031 PA:0x800088a9
        3865000	       385	80000a88	ff690103	lb	x2,-10(x18)	 x18:0x800088a3  x2=0x0000006b PA:0x80008899
        3875000	       386	80000a8c	fb8da297	auipc	x5,0xfb8da	  x5=0x7b8daa88
        3885000	       387	80000a90	401406b3	sub	x13,x8,x1	  x8:0x0000006b  x1:0xf0001114 x13=0x0fffef57
        3895000	       388	80000a94	2ae3c293	xori	x5,x7,686	  x7:0x00000001  x5=0x000002af
        3905000	       389	80000a98	00d94303	lbu	x6,13(x18)	 x18:0x800088a3  x6=0x00000032 PA:0x800088b0
        3915000	       390	80000a9c	ffe90403	lb	x8,-2(x18)	 x18:0x800088a3  x8=0x00000044 PA:0x800088a1
        3925000	       391	80000aa0	8c376893	ori	x17,x14,-1853	 x14:0x0000008b x17=0xfffff8cb
        3935000	       392	80000aa4	00d95483	lhu	x9,13(x18)	 x18:0x800088a3  x9=0x00000032 PA:0x800088b0
        3945000	       393	80000aa8	01d1dcb3	srl	x25,x3,x29	  x3:0x000000c6 x29:0x00000802 x25=0x00000031
        3955000	       394	80000aac	00d7ee33	or	x28,x15,x13	 x15:0x00000031 x13:0x0fffef57 x28=0x0fffef77
        3965000	       395	80000ab0	6550ca13	xori	x20,x1,1621	  x1:0xf0001114 x20=0xf0001741
        3975000	       396	80000ab4	015d0b33	add	x22,x26,x21	 x26:0x800080e2 x21:0x00000000 x22=0x800080e2
        3985000	       397	80000ab8	04dc8463	beq	x25,x13,80000b00	 x25:0x00000031 x13:0x0fffef57
        3995000	       398	80000abc	03a99463	bne	x19,x26,80000ae4	 x19:0x00003348 x26:0x800080e2
        4005000	       399	00000000	00000013	addi	x0,x0,0	  x0:0x00000000
        4015000	       400	80000ae0	00000013	addi	x0,x0,0	  x0:0x00000000
        4025000	       401	80000ae4	02a25863	bge	x4,x10,80000b14	  x4:0x00000000 x10:0x80009f60
        4035000	       402	00000000	00000013	addi	x0,x0,0	  x0:0x00000000
        4045000	       403	80000b10	00000013	addi	x0,x0,0	  x0:0x00000000
        4055000	       404	80000b14	02254c63	blt	x10,x2,80000b4c	 x10:0x80009f60  x2:0x0000006b
        4065000	       405	00000000	00000013	addi	x0,x0,0	  x0:0x00000000
        4075000	       406	80000b48	00000013	addi	x0,x0,0	  x0:0x00000000
        4085000	       407	80000b4c	d887ba93	sltiu	x21,x15,-632	 x15:0x00000031 x21=0x00000001
        4095000	       408	80000b50	0098de93	srli	x29,x17,0x9	 x17:0xfffff8cb x29=0x007ffffc
        4105000	       409	80000b54	411788b3	sub	x17,x15,x17	 x15:0x00000031 x17:0xfffff8cb x17=0x00000766
        4115000	       410	80000b58	00ff1c63	bne	x30,x15,80000b70	 x30:0x00000002 x15:0x00000031
        4125000	       411	00000000	00000013	addi	x0,x0,0	  x0:0x00000000
        4135000	       412	80000b6c	00000013	addi	x0,x0,0	  x0:0x00000000
        4145000	       413	80000b70	082ce263	bltu	x25,x2,80000bf4	 x25:0x00000031  x2:0x0000006b
        4155000	       414	00000000	00000013	addi	x0,x0,0	  x0:0x00000000
        4165000	       415	80000bf0	00000013	addi	x0,x0,0	  x0:0x00000000
        4175000	       416	80000bf4	0002c233	xor	x4,x5,x0	  x5:0x000002af  x0:0x00000000  x4=0x000002af
        4185000	       417	80000bf8	015a9e13	slli	x28,x21,0x15	 x21:0x00000001 x28=0x00200000
        4195000	       418	80000bfc	015fb6b3	sltu	x13,x31,x21	 x31:0x0000006b x21:0x00000001 x13=0x00000000
        4205000	       419	80000c00	00044033	xor	x0,x8,x0	  x8:0x00000044  x0:0x00000000
        4215000	       420	80000c04	01b01d13	slli	x26,x0,0x1b	  x0:0x00000000 x26=0x00000000
        4225000	       421	80000c08	04dd8663	beq	x27,x13,80000c54	 x27:0xfffffec8 x13:0x00000000
        4235000	       422	80000c0c	000b7cb3	and	x25,x22,x0	 x22:0x800080e2  x0:0x00000000 x25=0x00000000
        4245000	       423	80000c10	00000013	addi	x0,x0,0	  x0:0x00000000
        4255000	       424	80000c14	009156b3	srl	x13,x2,x9	  x2:0x0000006b  x9:0x00000032 x13=0x00000000
        4265000	       425	80000c18	01e0feb3	and	x29,x1,x30	  x1:0xf0001114 x30:0x00000002 x29=0x00000000
        4275000	       426	80000c1c	01a61e63	bne	x12,x26,80000c38	 x12:0x80000000 x26:0x00000000
        4285000	       427	00000000	00000013	addi	x0,x0,0	  x0:0x00000000
        4295000	       428	80000c34	00000013	addi	x0,x0,0	  x0:0x00000000
        4305000	       429	80000c38	048ff463	bgeu	x31,x8,80000c80	 x31:0x0000006b  x8:0x00000044
        4315000	       430	00000000	00000013	addi	x0,x0,0	  x0:0x00000000
        4325000	       431	80000c7c	00000013	addi	x0,x0,0	  x0:0x00000000
        4335000	       432	80000c80	40a3d093	srai	x1,x7,0xa	  x7:0x00000001  x1=0x00000000
        4345000	       433	80000c84	c6d74a93	xori	x21,x14,-915	 x14:0x0000008b x21=0xfffffce6
        4355000	       434	80000c88	017818b3	sll	x17,x16,x23	 x16:0x80009fc4 x23:0x80e20000 x17=0x80009fc4
        4365000	       435	80000c8c	0f5e0463	beq	x28,x21,80000d74	 x28:0x00200000 x21:0xfffffce6
        4375000	       436	80000c90	41375a33	sra	x20,x14,x19	 x14:0x0000008b x19:0x00003348 x20=0x00000000
        4385000	       437	80000c94	0071c433	xor	x8,x3,x7	  x3:0x000000c6  x7:0x00000001  x8=0x000000c7
        4395000	       438	80000c98	01f81f33	sll	x30,x16,x31	 x16:0x80009fc4 x31:0x0000006b x30=0x04fe2000
        4405000	       439	80000c9c	18130693	addi	x13,x6,385	  x6:0x00000032 x13=0x000001b3
        4415000	       440	80000ca0	0dadfc63	bgeu	x27,x26,80000d78	 x27:0xfffffec8 x26:0x00000000
        4425000	       441	00000000	00000013	addi	x0,x0,0	  x0:0x00000000
        4435000	       442	80000d74	00000013	addi	x0,x0,0	  x0:0x00000000
        4445000	       443	80000d78	4e1d4093	xori	x1,x26,1249	 x26:0x00000000  x1=0x000004e1
        4455000	       444	80000d7c	012740b3	xor	x1,x14,x18	 x14:0x0000008b x18:0x800088a3  x1=0x80008828
        4465000	       445	80000d80	416b0e33	sub	x28,x22,x22	 x22:0x800080e2 x22:0x800080e2 x28=0x00000000
        4475000	       446	80000d84	044cc863	blt	x25,x4,80000dd4	 x25:0x00000000  x4:0x000002af
        4485000	       447	00000000	00000013	addi	x0,x0,0	  x0:0x00000000
        4495000	       448	80000dd0	00000013	addi	x0,x0,0	  x0:0x00000000
        4505000	       449	80000dd4	04e99463	bne	x19,x14,80000e1c	 x19:0x00003348 x14:0x0000008b
        4515000	       450	00000000	00000013	addi	x0,x0,0	  x0:0x00000000
        4525000	       451	80000e18	00000013	addi	x0,x0,0	  x0:0x00000000
        4535000	       452	80000e1c	011e5093	srli	x1,x28,0x11	 x28:0x00000000  x1=0x00000000
        4545000	       453	80000e20	4042dcb3	sra	x25,x5,x4	  x5:0x000002af  x4:0x000002af x25=0x00000000
        4555000	       454	80000e24	00000013	addi	x0,x0,0	  x0:0x00000000
        4565000	       455	80000e28	01310a33	add	x20,x2,x19	  x2:0x0000006b x19:0x00003348 x20=0x000033b3
        4575000	       456	80000e2c	00de5013	srli	x0,x28,0xd	 x28:0x00000000
        4585000	       457	80000e30	00000013	addi	x0,x0,0	  x0:0x00000000
        4595000	       458	80000e34	d83d7193	andi	x3,x26,-637	 x26:0x00000000  x3=0x00000000
        4605000	       459	80000e38	41bb0033	sub	x0,x22,x27	 x22:0x800080e2 x27:0xfffffec8
        4615000	       460	80000e3c	00aff2b3	and	x5,x31,x10	 x31:0x0000006b x10:0x80009f60  x5=0x00000060
        4625000	       461	80000e40	4d616413	ori	x8,x2,1238	  x2:0x0000006b  x8=0x000004ff
        4635000	       462	80000e44	38f5f493	andi	x9,x11,911	 x11:0x3fb7fc0c  x9=0x0000000c
        4645000	       463	80000e48	00479a33	sll	x20,x15,x4	 x15:0x00000031  x4:0x000002af x20=0x00188000
        4655000	       464	80000e4c	01e541b3	xor	x3,x10,x30	 x10:0x80009f60 x30:0x04fe2000  x3=0x84febf60
        4665000	       465	80000e50	010ffa33	and	x20,x31,x16	 x31:0x0000006b x16:0x80009fc4 x20=0x00000040
        4675000	       466	80000e54	034c8863	beq	x25,x20,80000e84	 x25:0x00000000 x20:0x00000040
        4685000	       467	80000e58	01bf07b3	add	x15,x30,x27	 x30:0x04fe2000 x27:0xfffffec8 x15=0x04fe1ec8
        4695000	       468	80000e5c	011472b3	and	x5,x8,x17	  x8:0x000004ff x17:0x80009fc4  x5=0x000004c4
        4705000	       469	80000e60	638f4437	lui	x8,0x638f4	  x8=0x638f4000
        4715000	       470	80000e64	40ae5313	srai	x6,x28,0xa	 x28:0x00000000  x6=0x00000000
        4725000	       471	80000e68	00d3cc63	blt	x7,x13,80000e80	  x7:0x00000001 x13:0x000001b3
        4735000	       472	00000000	00000013	addi	x0,x0,0	  x0:0x00000000
        4745000	       473	80000e7c	00000013	addi	x0,x0,0	  x0:0x00000000
        4755000	       474	80000e80	0145de93	srli	x29,x11,0x14	 x11:0x3fb7fc0c x29=0x000003fb
        4765000	       475	80000e84	01b74f33	xor	x30,x14,x27	 x14:0x0000008b x27:0xfffffec8 x30=0xfffffe43
        4775000	       476	80000e88	01418663	beq	x3,x20,80000e94	  x3:0x84febf60 x20:0x00000040
        4785000	       477	80000e8c	6b106713	ori	x14,x0,1713	  x0:0x00000000 x14=0x000006b1
        4795000	       478	80000e90	00924133	xor	x2,x4,x9	  x4:0x000002af  x9:0x0000000c  x2=0x000002a3
        4805000	       479	80000e94	a69ba413	slti	x8,x23,-1431	 x23:0x80e20000  x8=0x00000001
        4815000	       480	80000e98	03778a63	beq	x15,x23,80000ecc	 x15:0x04fe1ec8 x23:0x80e20000
        4825000	       481	80000e9c	8dcf9c97	auipc	x25,0x8dcf9	 x25=0x0dcf9e98
        4835000	       482	80000ea0	7fae8a93	addi	x21,x29,2042	 x29:0x000003fb x21=0x00000bf5
        4845000	       483	80000ea4	01b95e63	bge	x18,x27,80000ec0	 x18:0x800088a3 x27:0xfffffec8
        4855000	       484	80000ea8	01de5313	srli	x6,x28,0x1d	 x28:0x00000000  x6=0x00000000
        4865000	       485	80000eac	0191c863	blt	x3,x25,80000ebc	  x3:0x84febf60 x25:0x0dcf9e98
        4875000	       486	00000000	00000013	addi	x0,x0,0	  x0:0x00000000
        4885000	       487	80000eb8	00000013	addi	x0,x0,0	  x0:0x00000000
        4895000	       488	80000ebc	17e83f97	auipc	x31,0x17e83	 x31=0x97e83eb8
        4905000	       489	80000ec0	1b076f13	ori	x30,x14,432	 x14:0x000006b1 x30=0x000007b1
        4915000	       490	80000ec4	01fdf4b3	and	x9,x27,x31	 x27:0xfffffec8 x31:0x97e83eb8  x9=0x97e83e88
        4925000	       491	80000ec8	013e1693	slli	x13,x28,0x13	 x28:0x00000000 x13=0x00000000
        4935000	       492	80000ecc	01ad5e93	srli	x29,x26,0x1a	 x26:0x00000000 x29=0x00000000
        4945000	       493	80000ed0	02bbd863	bge	x23,x11,80000f00	 x23:0x80e20000 x11:0x3fb7fc0c
        4955000	       494	80000ed4	e2d7eb13	ori	x22,x15,-467	 x15:0x04fe1ec8 x22=0xfffffeed
        4965000	       495	80000ed8	00297a63	bgeu	x18,x2,80000eec	 x18:0x800088a3  x2:0x000002a3
        4975000	       496	00000000	00000013	addi	x0,x0,0	  x0:0x00000000
        4985000	       497	80000ee8	00000013	addi	x0,x0,0	  x0:0x00000000
        4995000	       498	80000eec	052c9463	bne	x25,x18,80000f34	 x25:0x0dcf9e98 x18:0x800088a3
        5005000	       499	00000000	00000013	addi	x0,x0,0	  x0:0x00000000
        5015000	       500	80000f30	00000013	addi	x0,x0,0	  x0:0x00000000
        5025000	       501	80000f34	014323b3	slt	x7,x6,x20	  x6:0x00000000 x20:0x00000040  x7=0x00000001
        5035000	       502	80000f38	690f0cb7	lui	x25,0x690f0	 x25=0x690f0000
        5045000	       503	80000f3c	0d07f413	andi	x8,x15,208	 x15:0x04fe1ec8  x8=0x000000c0
        5055000	       504	80000f40	011197b3	sll	x15,x3,x17	  x3:0x84febf60 x17:0x80009fc4 x15=0x4febf600
        5065000	       505	80000f44	40c00bb3	sub	x23,x0,x12	  x0:0x00000000 x12:0x80000000 x23=0x80000000
        5075000	       506	80000f48	01117033	and	x0,x2,x17	  x2:0x000002a3 x17:0x80009fc4
        5085000	       507	80000f4c	0071c7b3	xor	x15,x3,x7	  x3:0x84febf60  x7:0x00000001 x15=0x84febf61
        5095000	       508	80000f50	0193fab3	and	x21,x7,x25	  x7:0x00000001 x25:0x690f0000 x21=0x00000000
        5105000	       509	80000f54	01ba7933	and	x18,x20,x27	 x20:0x00000040 x27:0xfffffec8 x18=0x00000040
        5115000	       510	80000f58	cc880213	addi	x4,x16,-824	 x16:0x80009fc4  x4=0x80009c8c
        5125000	       511	80000f5c	00000013	addi	x0,x0,0	  x0:0x00000000
        5135000	       512	80000f60	02da6863	bltu	x20,x13,80000f90	 x20:0x00000040 x13:0x00000000
        5145000	       513	80000f64	018e9013	slli	x0,x29,0x18	 x29:0x00000000
        5155000	       514	80000f68	018a5b93	srli	x23,x20,0x18	 x20:0x00000040 x23=0x00000000
        5165000	       515	80000f6c	00959eb3	sll	x29,x11,x9	 x11:0x3fb7fc0c  x9:0x97e83e88 x29=0xb7fc0c00
        5175000	       516	80000f70	05357463	bgeu	x10,x19,80000fb8	 x10:0x80009f60 x19:0x00003348
        5185000	       517	00000000	00000013	addi	x0,x0,0	  x0:0x00000000
        5195000	       518	80000fb4	00000013	addi	x0,x0,0	  x0:0x00000000
        5205000	       519	80000fb8	405756b3	sra	x13,x14,x5	 x14:0x000006b1  x5:0x000004c4 x13=0x0000006b
        5215000	       520	80000fbc	40845393	srai	x7,x8,0x8	  x8:0x000000c0  x7=0x00000000
        5225000	       521	80000fc0	41f6d313	srai	x6,x13,0x1f	 x13:0x0000006b  x6=0x00000000
        5235000	       522	80000fc4	40828333	sub	x6,x5,x8	  x5:0x000004c4  x8:0x000000c0  x6=0x00000404
        5245000	       523	80000fc8	c0962d93	slti	x27,x12,-1015	 x12:0x80000000 x27=0x00000001
        5255000	       524	80000fcc	401e50b3	sra	x1,x28,x1	 x28:0x00000000  x1:0x00000000  x1=0x00000000
        5265000	       525	80000fd0	007c86b3	add	x13,x25,x7	 x25:0x690f0000  x7:0x00000000 x13=0x690f0000
        5275000	       526	80000fd4	eb43ce13	xori	x28,x7,-332	  x7:0x00000000 x28=0xfffffeb4
        5285000	       527	80000fd8	407d5193	srai	x3,x26,0x7	 x26:0x00000000  x3=0x00000000
        5295000	       528	80000fdc	02724863	blt	x4,x7,8000100c	  x4:0x80009c8c  x7:0x00000000
        5305000	       529	00000000	00000013	addi	x0,x0,0	  x0:0x00000000
        5315000	       530	80001008	00000013	addi	x0,x0,0	  x0:0x00000000
        5325000	       531	8000100c	00308cb3	add	x25,x1,x3	  x1:0x00000000  x3:0x00000000 x25=0x00000000
        5335000	       532	80001010	4045df93	srai	x31,x11,0x4	 x11:0x3fb7fc0c x31=0x03fb7fc0
        5345000	       533	80001014	9ba3b913	sltiu	x18,x7,-1606	  x7:0x00000000 x18=0x00000001
        5355000	       534	80001018	0361c863	blt	x3,x22,80001048	  x3:0x00000000 x22:0xfffffeed
        5365000	       535	8000101c	008480b3	add	x1,x9,x8	  x9:0x97e83e88  x8:0x000000c0  x1=0x97e83f48
        5375000	       536	80001020	02a09863	bne	x1,x10,80001050	  x1:0x97e83f48 x10:0x80009f60
        5385000	       537	00000000	00000013	addi	x0,x0,0	  x0:0x00000000
        5395000	       538	8000104c	00000013	addi	x0,x0,0	  x0:0x00000000
        5405000	       539	80001050	f5450113	addi	x2,x10,-172	 x10:0x80009f60  x2=0x80009eb4
        5415000	       540	80001054	01776933	or	x18,x14,x23	 x14:0x000006b1 x23:0x00000000 x18=0x000006b1
        5425000	       541	80001058	412a5213	srai	x4,x20,0x12	 x20:0x00000040  x4=0x00000000
        5435000	       542	8000105c	b8ac6f13	ori	x30,x24,-1142	 x24:0x00000000 x30=0xfffffb8a
        5445000	       543	80001060	0379ea63	bltu	x19,x23,80001094	 x19:0x00003348 x23:0x00000000
        5455000	       544	80001064	2697be13	sltiu	x28,x15,617	 x15:0x84febf61 x28=0x00000000
        5465000	       545	80001068	2c178713	addi	x14,x15,705	 x15:0x84febf61 x14=0x84fec222
        5475000	       546	8000106c	9d9547b7	lui	x15,0x9d954	 x15=0x9d954000
        5485000	       547	80001070	01a63ab3	sltu	x21,x12,x26	 x12:0x80000000 x26:0x00000000 x21=0x00000000
        5495000	       548	80001074	01e908b3	add	x17,x18,x30	 x18:0x000006b1 x30:0xfffffb8a x17=0x0000023b
        5505000	       549	80001078	4de64693	xori	x13,x12,1246	 x12:0x80000000 x13=0x800004de
        5515000	       550	8000107c	003f2033	slt	x0,x30,x3	 x30:0xfffffb8a  x3:0x00000000
        5525000	       551	80001080	408907b3	sub	x15,x18,x8	 x18:0x000006b1  x8:0x000000c0 x15=0x000005f1
        5535000	       552	80001084	00ef7033	and	x0,x30,x14	 x30:0xfffffb8a x14:0x84fec222
        5545000	       553	80001088	00520863	beq	x4,x5,80001098	  x4:0x00000000  x5:0x000004c4
        5555000	       554	8000108c	00000013	addi	x0,x0,0	  x0:0x00000000
        5565000	       555	80001090	40c0de13	srai	x28,x1,0xc	  x1:0x97e83f48 x28=0xfff97e83
        5575000	       556	80001094	019dfa63	bgeu	x27,x25,800010a8	 x27:0x00000001 x25:0x00000000
        5585000	       557	00000000	00000013	addi	x0,x0,0	  x0:0x00000000
        5595000	       558	800010a4	00000013	addi	x0,x0,0	  x0:0x00000000
        5605000	       559	800010a8	0042a7b3	slt	x15,x5,x4	  x5:0x000004c4  x4:0x00000000 x15=0x00000000
        5615000	       560	800010ac	40d18c93	addi	x25,x3,1037	  x3:0x00000000 x25=0x0000040d
        5625000	       561	800010b0	00000013	addi	x0,x0,0	  x0:0x00000000
        5635000	       562	800010b4	12426313	ori	x6,x4,292	  x4:0x00000000  x6=0x00000124
        5645000	       563	800010b8	00efa4b3	slt	x9,x31,x14	 x31:0x03fb7fc0 x14:0x84fec222  x9=0x00000000
        5655000	       564	800010bc	40530f33	sub	x30,x6,x5	  x6:0x00000124  x5:0x000004c4 x30=0xfffffc60
        5665000	       565	800010c0	41ca5eb3	sra	x29,x20,x28	 x20:0x00000040 x28:0xfff97e83 x29=0x00000008
        5675000	       566	800010c4	204e3193	sltiu	x3,x28,516	 x28:0xfff97e83  x3=0x00000000
        5685000	       567	800010c8	01f68733	add	x14,x13,x31	 x13:0x800004de x31:0x03fb7fc0 x14=0x83fb849e
        5695000	       568	800010cc	00555e63	bge	x10,x5,800010e8	 x10:0x80009f60  x5:0x000004c4
        5705000	       569	800010d0	00000013	addi	x0,x0,0	  x0:0x00000000
        5715000	       570	800010d4	00645293	srli	x5,x8,0x6	  x8:0x000000c0  x5=0x00000003
        5725000	       571	800010d8	8b624693	xori	x13,x4,-1866	  x4:0x00000000 x13=0xfffff8b6
        5735000	       572	800010dc	03c6e663	bltu	x13,x28,80001108	 x13:0xfffff8b6 x28:0xfff97e83
        5745000	       573	800010e0	41cb52b3	sra	x5,x22,x28	 x22:0xfffffeed x28:0xfff97e83  x5=0xffffffdd
        5755000	       574	800010e4	40440db3	sub	x27,x8,x4	  x8:0x000000c0  x4:0x00000000 x27=0x000000c0
        5765000	       575	800010e8	64b63993	sltiu	x19,x12,1611	 x12:0x80000000 x19=0x00000000
        5775000	       576	800010ec	03e87263	bgeu	x16,x30,80001110	 x16:0x80009fc4 x30:0xfffffc60
        5785000	       577	800010f0	23c62437	lui	x8,0x23c62	  x8=0x23c62000
        5795000	       578	800010f4	00c227b3	slt	x15,x4,x12	  x4:0x00000000 x12:0x80000000 x15=0x00000000
        5805000	       579	800010f8	0041bab3	sltu	x21,x3,x4	  x3:0x00000000  x4:0x00000000 x21=0x00000000
        5815000	       580	800010fc	000c98b3	sll	x17,x25,x0	 x25:0x0000040d  x0:0x00000000 x17=0x0000040d
        5825000	       581	80001100	d276c493	xori	x9,x13,-729	 x13:0xfffff8b6  x9=0x00000591
        5835000	       582	80001104	00000013	addi	x0,x0,0	  x0:0x00000000
        5845000	       583	80001108	31777f93	andi	x31,x14,791	 x14:0x83fb849e x31=0x00000016
        5855000	       584	8000110c	8935fd13	andi	x26,x11,-1901	 x11:0x3fb7fc0c x26=0x3fb7f800
        5865000	       585	80001110	055e6463	bltu	x28,x21,80001158	 x28:0xfff97e83 x21:0x00000000
        5875000	       586	80001114	79fe3f13	sltiu	x30,x28,1951	 x28:0xfff97e83 x30=0x00000000
        5885000	       587	80001118	01195c93	srli	x25,x18,0x11	 x18:0x000006b1 x25=0x00000000
        5895000	       588	8000111c	04bf7463	bgeu	x30,x11,80001164	 x30:0x00000000 x11:0x3fb7fc0c
        5905000	       589	80001120	40e0dcb3	sra	x25,x1,x14	  x1:0x97e83f48 x14:0x83fb849e x25=0xfffffffe
        5915000	       590	80001124	3a5a3713	sltiu	x14,x20,933	 x20:0x00000040 x14=0x00000001
        5925000	       591	80001128	01f6fb33	and	x22,x13,x31	 x13:0xfffff8b6 x31:0x00000016 x22=0x00000016
        5935000	       592	8000112c	40995333	sra	x6,x18,x9	 x18:0x000006b1  x9:0x00000591  x6=0x00000000
        5945000	       593	80001130	006f0663	beq	x30,x6,8000113c	 x30:0x00000000  x6:0x00000000
        5955000	       594	00000000	00000013	addi	x0,x0,0	  x0:0x00000000
        5965000	       595	80001138	00000013	addi	x0,x0,0	  x0:0x00000000
        5975000	       596	8000113c	01d3abb3	slt	x23,x7,x29	  x7:0x00000000 x29:0x00000008 x23=0x00000001
        5985000	       597	80001140	0355cc63	blt	x11,x21,80001178	 x11:0x3fb7fc0c x21:0x00000000
        5995000	       598	80001144	01b71913	slli	x18,x14,0x1b	 x14:0x00000001 x18=0x08000000
        6005000	       599	80001148	40b85133	sra	x2,x16,x11	 x16:0x80009fc4 x11:0x3fb7fc0c  x2=0xfff80009
        6015000	       600	8000114c	8db97113	andi	x2,x18,-1829	 x18:0x08000000  x2=0x08000000
        6025000	       601	80001150	011d9c33	sll	x24,x27,x17	 x27:0x000000c0 x17:0x0000040d x24=0x00180000
        6035000	       602	80001154	00000013	addi	x0,x0,0	  x0:0x00000000
        6045000	       603	80001158	d7263213	sltiu	x4,x12,-654	 x12:0x80000000  x4=0x00000001
        6055000	       604	8000115c	019a0db3	add	x27,x20,x25	 x20:0x00000040 x25:0xfffffffe x27=0x0000003e
        6065000	       605	80001160	00db5193	srli	x3,x22,0xd	 x22:0x00000016  x3=0x00000000
        6075000	       606	80001164	00d29a13	slli	x20,x5,0xd	  x5:0xffffffdd x20=0xfffba000
        6085000	       607	80001168	aad06893	ori	x17,x0,-1363	  x0:0x00000000 x17=0xfffffaad
        6095000	       608	8000116c	0100c133	xor	x2,x1,x16	  x1:0x97e83f48 x16:0x80009fc4  x2=0x17e8a08c
        6105000	       609	80001170	00832cb3	slt	x25,x6,x8	  x6:0x00000000  x8:0x23c62000 x25=0x00000001
        6115000	       610	80001174	00000013	addi	x0,x0,0	  x0:0x00000000
        6125000	       611	80001178	564b6713	ori	x14,x22,1380	 x22:0x00000016 x14=0x00000576
        6135000	       612	8000117c	0384da63	bge	x9,x24,800011b0	  x9:0x00000591 x24:0x00180000
        6145000	       613	80001180	6d755f37	lui	x30,0x6d755	 x30=0x6d755000
        6155000	       614	80001184	a7c97b13	andi	x22,x18,-1412	 x18:0x08000000 x22=0x08000000
        6165000	       615	80001188	00000013	addi	x0,x0,0	  x0:0x00000000
        6175000	       616	8000118c	013923b3	slt	x7,x18,x19	 x18:0x08000000 x19:0x00000000  x7=0x00000000
        6185000	       617	80001190	012b8433	add	x8,x23,x18	 x23:0x00000001 x18:0x08000000  x8=0x08000001
        6195000	       618	80001194	02b37863	bgeu	x6,x11,800011c4	  x6:0x00000000 x11:0x3fb7fc0c
        6205000	       619	80001198	aada7a13	andi	x20,x20,-1363	 x20:0xfffba000 x20=0xfffba000
        6215000	       620	8000119c	017b8f33	add	x30,x23,x23	 x23:0x00000001 x23:0x00000001 x30=0x00000002
        6225000	       621	800011a0	03d61863	bne	x12,x29,800011d0	 x12:0x80000000 x29:0x00000008
        6235000	       622	00000000	00000013	addi	x0,x0,0	  x0:0x00000000
        6245000	       623	800011cc	00000013	addi	x0,x0,0	  x0:0x00000000
        6255000	       624	800011d0	00379e93	slli	x29,x15,0x3	 x15:0x00000000 x29=0x00000000
        6265000	       625	800011d4	01d6bdb3	sltu	x27,x13,x29	 x13:0xfffff8b6 x29:0x00000000 x27=0x00000000
        6275000	       626	800011d8	42290413	addi	x8,x18,1058	 x18:0x08000000  x8=0x08000422
        6285000	       627	800011dc	f47ac313	xori	x6,x21,-185	 x21:0x00000000  x6=0xffffff47
        6295000	       628	800011e0	01bfb7b3	sltu	x15,x31,x27	 x31:0x00000016 x27:0x00000000 x15=0x00000000
        6305000	       629	800011e4	7fac8a93	addi	x21,x25,2042	 x25:0x00000001 x21=0x000007fb
        6315000	       630	800011e8	4e033493	sltiu	x9,x6,1248	  x6:0xffffff47  x9=0x00000000
        6325000	       631	800011ec	05d69263	bne	x13,x29,80001230	 x13:0xfffff8b6 x29:0x00000000
        6335000	       632	00000000	00000013	addi	x0,x0,0	  x0:0x00000000
        6345000	       633	8000122c	00000013	addi	x0,x0,0	  x0:0x00000000
        6355000	       634	80001230	00556e63	bltu	x10,x5,8000124c	 x10:0x80009f60  x5:0xffffffdd
        6365000	       635	00000000	00000013	addi	x0,x0,0	  x0:0x00000000
        6375000	       636	80001248	00000013	addi	x0,x0,0	  x0:0x00000000
        6385000	       637	8000124c	018e0fb3	add	x31,x28,x24	 x28:0xfff97e83 x24:0x00180000 x31=0x00117e83
        6395000	       638	80001250	b1e56193	ori	x3,x10,-1250	 x10:0x80009f60  x3=0xffffff7e
        6405000	       639	80001254	01bee9b3	or	x19,x29,x27	 x29:0x00000000 x27:0x00000000 x19=0x00000000
        6415000	       640	80001258	01adda93	srli	x21,x27,0x1a	 x27:0x00000000 x21=0x00000000
        6425000	       641	8000125c	018ebcb3	sltu	x25,x29,x24	 x29:0x00000000 x24:0x00180000 x25=0x00000001
        6435000	       642	80001260	01fb7463	bgeu	x22,x31,80001268	 x22:0x08000000 x31:0x00117e83
        6445000	       643	00000000	00000013	addi	x0,x0,0	  x0:0x00000000
        6455000	       644	80001264	00000013	addi	x0,x0,0	  x0:0x00000000
        6465000	       645	80001268	45b4ec93	ori	x25,x9,1115	  x9:0x00000000 x25=0x0000045b
        6475000	       646	8000126c	014e4663	blt	x28,x20,80001278	 x28:0xfff97e83 x20:0xfffba000
        6485000	       647	00000000	00000013	addi	x0,x0,0	  x0:0x00000000
        6495000	       648	80001274	00000013	addi	x0,x0,0	  x0:0x00000000
        6505000	       649	80001278	00e65c63	bge	x12,x14,80001290	 x12:0x80000000 x14:0x00000576
        6515000	       650	8000127c	00439b13	slli	x22,x7,0x4	  x7:0x00000000 x22=0x00000000
        6525000	       651	80001280	af354997	auipc	x19,0xaf354	 x19=0x2f35527c
        6535000	       652	80001284	00b7c8b3	xor	x17,x15,x11	 x15:0x00000000 x11:0x3fb7fc0c x17=0x3fb7fc0c
        6545000	       653	80001288	01b71193	slli	x3,x14,0x1b	 x14:0x00000576  x3=0xb0000000
        6555000	       654	8000128c	00ef81b3	add	x3,x31,x14	 x31:0x00117e83 x14:0x00000576  x3=0x001183f9
        6565000	       655	80001290	bab8bfb7	lui	x31,0xbab8b	 x31=0xbab8b000
        6575000	       656	80001294	04091863	bne	x18,x0,800012e4	 x18:0x08000000  x0:0x00000000
        6585000	       657	00000000	00000013	addi	x0,x0,0	  x0:0x00000000
        6595000	       658	800012e0	00000013	addi	x0,x0,0	  x0:0x00000000
        6605000	       659	800012e4	01ecc6b3	xor	x13,x25,x30	 x25:0x0000045b x30:0x00000002 x13=0x00000459
        6615000	       660	800012e8	0080a7b3	slt	x15,x1,x8	  x1:0x97e83f48  x8:0x08000422 x15=0x00000001
        6625000	       661	800012ec	028c0863	beq	x24,x8,8000131c	 x24:0x00180000  x8:0x08000422
        6635000	       662	800012f0	41b4dab3	sra	x21,x9,x27	  x9:0x00000000 x27:0x00000000 x21=0x00000000
        6645000	       663	800012f4	01c23133	sltu	x2,x4,x28	  x4:0x00000001 x28:0xfff97e83  x2=0x00000001
        6655000	       664	800012f8	00149fb3	sll	x31,x9,x1	  x9:0x00000000  x1:0x97e83f48 x31=0x00000000
        6665000	       665	800012fc	00000013	addi	x0,x0,0	  x0:0x00000000
        6675000	       666	80001300	01c0bf33	sltu	x30,x1,x28	  x1:0x97e83f48 x28:0xfff97e83 x30=0x00000001
        6685000	       667	80001304	00d7fb33	and	x22,x15,x13	 x15:0x00000001 x13:0x00000459 x22=0x00000001
        6695000	       668	80001308	018b5eb3	srl	x29,x22,x24	 x22:0x00000001 x24:0x00180000 x29=0x00000001
        6705000	       669	8000130c	000171b3	and	x3,x2,x0	  x2:0x00000001  x0:0x00000000  x3=0x00000000
        6715000	       670	80001310	404b0c33	sub	x24,x22,x4	 x22:0x00000001  x4:0x00000001 x24=0x00000000
        6725000	       671	80001314	9c764717	auipc	x14,0x9c764	 x14=0x1c765310
        6735000	       672	80001318	0915a313	slti	x6,x11,145	 x11:0x3fb7fc0c  x6=0x00000000
        6745000	       673	8000131c	001e1133	sll	x2,x28,x1	 x28:0xfff97e83  x1:0x97e83f48  x2=0xf97e8300
        6755000	       674	80001320	4095de13	srai	x28,x11,0x9	 x11:0x3fb7fc0c x28=0x001fdbfe
        6765000	       675	80001324	a7e60093	addi	x1,x12,-1410	 x12:0x80000000  x1=0x7ffffa7e
        6775000	       676	80001328	415fdab3	sra	x21,x31,x21	 x31:0x00000000 x21:0x00000000 x21=0x00000000
        6785000	       677	8000132c	418750b3	sra	x1,x14,x24	 x14:0x1c765310 x24:0x00000000  x1=0x1c765310
        6795000	       678	80001330	002dcb33	xor	x22,x27,x2	 x27:0x00000000  x2:0xf97e8300 x22=0xf97e8300
        6805000	       679	80001334	40868fb3	sub	x31,x13,x8	 x13:0x00000459  x8:0x08000422 x31=0xf8000037
        6815000	       680	80001338	0093fcb3	and	x25,x7,x9	  x7:0x00000000  x9:0x00000000 x25=0x00000000
        6825000	       681	8000133c	00635193	srli	x3,x6,0x6	  x6:0x00000000  x3=0x00000000
        6835000	       682	80001340	01cf6cb3	or	x25,x30,x28	 x30:0x00000001 x28:0x001fdbfe x25=0x001fdbff
        6845000	       683	80001344	04d65463	bge	x12,x13,8000138c	 x12:0x80000000 x13:0x00000459
        6855000	       684	80001348	41175433	sra	x8,x14,x17	 x14:0x1c765310 x17:0x3fb7fc0c  x8=0x0001c765
        6865000	       685	8000134c	ea656ab7	lui	x21,0xea656	 x21=0xea656000
        6875000	       686	80001350	cf258b97	auipc	x23,0xcf258	 x23=0x4f25934c
        6885000	       687	80001354	04ed4463	blt	x26,x14,8000139c	 x26:0x3fb7f800 x14:0x1c765310
        6895000	       688	80001358	30f52d17	auipc	x26,0x30f52	 x26=0xb0f53354
        6905000	       689	8000135c	9282e193	ori	x3,x5,-1752	  x5:0xffffffdd  x3=0xfffffffd
        6915000	       690	80001360	4008d013	srai	x0,x17,0x0	 x17:0x3fb7fc0c
        6925000	       691	80001364	02258a63	beq	x11,x2,80001398	 x11:0x3fb7fc0c  x2:0xf97e8300
        6935000	       692	80001368	00fef2b3	and	x5,x29,x15	 x29:0x00000001 x15:0x00000001  x5=0x00000001
        6945000	       693	8000136c	03cf5863	bge	x30,x28,8000139c	 x30:0x00000001 x28:0x001fdbfe
        6955000	       694	80001370	2ecbcd97	auipc	x27,0x2ecbc	 x27=0xaecbd36c
        6965000	       695	80001374	010557b3	srl	x15,x10,x16	 x10:0x80009f60 x16:0x80009fc4 x15=0x080009f6
        6975000	       696	80001378	5c756f17	auipc	x30,0x5c756	 x30=0xdc757374
        6985000	       697	8000137c	4097d013	srai	x0,x15,0x9	 x15:0x080009f6
        6995000	       698	80001380	05218463	beq	x3,x18,800013c8	  x3:0xfffffffd x18:0x08000000
        7005000	       699	80001384	aecb3f93	sltiu	x31,x22,-1300	 x22:0xf97e8300 x31=0x00000001
        7015000	       700	80001388	04ed0663	beq	x26,x14,800013d4	 x26:0xb0f53354 x14:0x1c765310
        7025000	       701	8000138c	41b802b3	sub	x5,x16,x27	 x16:0x80009fc4 x27:0xaecbd36c  x5=0xd134cc58
        7035000	       702	80001390	089a4393	xori	x7,x20,137	 x20:0xfffba000  x7=0xfffba089
        7045000	       703	80001394	01ebda13	srli	x20,x23,0x1e	 x23:0x4f25934c x20=0x00000001
        7055000	       704	80001398	01bd6b33	or	x22,x26,x27	 x26:0xb0f53354 x27:0xaecbd36c x22=0xbefff37c
        7065000	       705	8000139c	f38b3193	sltiu	x3,x22,-200	 x22:0xbefff37c  x3=0x00000001
        7075000	       706	800013a0	00000013	addi	x0,x0,0	  x0:0x00000000
        7085000	       707	800013a4	401d5f13	srai	x30,x26,0x1	 x26:0xb0f53354 x30=0xd87a99aa
        7095000	       708	800013a8	41d505b3	sub	x11,x10,x29	 x10:0x80009f60 x29:0x00000001 x11=0x80009f5f
        7105000	       709	800013ac	00da0033	add	x0,x20,x13	 x20:0x00000001 x13:0x00000459
        7115000	       710	800013b0	c4827393	andi	x7,x4,-952	  x4:0x00000001  x7=0x00000000
        7125000	       711	800013b4	01ea7ab3	and	x21,x20,x30	 x20:0x00000001 x30:0xd87a99aa x21=0x00000000
        7135000	       712	800013b8	1b302e93	slti	x29,x0,435	  x0:0x00000000 x29=0x00000001
        7145000	       713	800013bc	0168ca63	blt	x17,x22,800013d0	 x17:0x3fb7fc0c x22:0xbefff37c
        7155000	       714	800013c0	01711b13	slli	x22,x2,0x17	  x2:0xf97e8300 x22=0x80000000
        7165000	       715	800013c4	02d4e263	bltu	x9,x13,800013e8	  x9:0x00000000 x13:0x00000459
        7175000	       716	00000000	00000013	addi	x0,x0,0	  x0:0x00000000
        7185000	       717	800013e4	00000013	addi	x0,x0,0	  x0:0x00000000
        7195000	       718	800013e8	03685263	bge	x16,x22,8000140c	 x16:0x80009fc4 x22:0x80000000
        7205000	       719	00000000	00000013	addi	x0,x0,0	  x0:0x00000000
        7215000	       720	80001408	00000013	addi	x0,x0,0	  x0:0x00000000
        7225000	       721	8000140c	019d5a93	srli	x21,x26,0x19	 x26:0xb0f53354 x21=0x00000058
        7235000	       722	80001410	00000013	addi	x0,x0,0	  x0:0x00000000
        7245000	       723	80001414	9997a093	slti	x1,x15,-1639	 x15:0x080009f6  x1=0x00000000
        7255000	       724	80001418	35a02913	slti	x18,x0,858	  x0:0x00000000 x18=0x00000001
        7265000	       725	8000141c	01a9f233	and	x4,x19,x26	 x19:0x2f35527c x26:0xb0f53354  x4=0x20351254
        7275000	       726	80001420	03755a63	bge	x10,x23,80001454	 x10:0x80009f60 x23:0x4f25934c
        7285000	       727	80001424	04e79663	bne	x15,x14,80001470	 x15:0x080009f6 x14:0x1c765310
        7295000	       728	00000000	00000013	addi	x0,x0,0	  x0:0x00000000
        7305000	       729	8000146c	00000013	addi	x0,x0,0	  x0:0x00000000
        7315000	       730	80001470	01700a63	beq	x0,x23,80001484	  x0:0x00000000 x23:0x4f25934c
        7325000	       731	80001474	40f05293	srai	x5,x0,0xf	  x0:0x00000000  x5=0x00000000
        7335000	       732	80001478	9a287493	andi	x9,x16,-1630	 x16:0x80009fc4  x9=0x80009980
        7345000	       733	8000147c	40425413	srai	x8,x4,0x4	  x4:0x20351254  x8=0x02035125
        7355000	       734	80001480	00d28bb3	add	x23,x5,x13	  x5:0x00000000 x13:0x00000459 x23=0x00000459
        7365000	       735	80001484	00df6c63	bltu	x30,x13,8000149c	 x30:0xd87a99aa x13:0x00000459
        7375000	       736	80001488	011c8863	beq	x25,x17,80001498	 x25:0x001fdbff x17:0x3fb7fc0c
        7385000	       737	8000148c	016a23b3	slt	x7,x20,x22	 x20:0x00000001 x22:0x80000000  x7=0x00000000
        7395000	       738	80001490	064f1063	bne	x30,x4,800014f0	 x30:0xd87a99aa  x4:0x20351254
        7405000	       739	00000000	00000013	addi	x0,x0,0	  x0:0x00000000
        7415000	       740	800014ec	00000013	addi	x0,x0,0	  x0:0x00000000
        7425000	       741	800014f0	00d86033	or	x0,x16,x13	 x16:0x80009fc4 x13:0x00000459
        7435000	       742	800014f4	00561e33	sll	x28,x12,x5	 x12:0x80000000  x5:0x00000000 x28=0x80000000
        7445000	       743	800014f8	03f82793	slti	x15,x16,63	 x16:0x80009fc4 x15=0x00000001
        7455000	       744	800014fc	010876b3	and	x13,x16,x16	 x16:0x80009fc4 x16:0x80009fc4 x13=0x80009fc4
        7465000	       745	80001500	00da1b33	sll	x22,x20,x13	 x20:0x00000001 x13:0x80009fc4 x22=0x00000010
        7475000	       746	80001504	aadee713	ori	x14,x29,-1363	 x29:0x00000001 x14=0xfffffaad
        7485000	       747	80001508	412bde93	srai	x29,x23,0x12	 x23:0x00000459 x29=0x00000000
        7495000	       748	8000150c	0d53a993	slti	x19,x7,213	  x7:0x00000000 x19=0x00000001
        7505000	       749	80001510	01914233	xor	x4,x2,x25	  x2:0xf97e8300 x25:0x001fdbff  x4=0xf96158ff
        7515000	       750	80001514	00000013	addi	x0,x0,0	  x0:0x00000000
        7525000	       751	80001518	0135dd13	srli	x26,x11,0x13	 x11:0x80009f5f x26=0x00001000
        7535000	       752	8000151c	00272fb3	slt	x31,x14,x2	 x14:0xfffffaad  x2:0xf97e8300 x31=0x00000000
        7545000	       753	80001520	e90a3e93	sltiu	x29,x20,-368	 x20:0x00000001 x29=0x00000001
        7555000	       754	80001524	722e6d93	ori	x27,x28,1826	 x28:0x80000000 x27=0x80000722
        7565000	       755	80001528	01825013	srli	x0,x4,0x18	  x4:0xf96158ff
        7575000	       756	8000152c	01f4f7b3	and	x15,x9,x31	  x9:0x80009980 x31:0x00000000 x15=0x00000000
        7585000	       757	80001530	401fda93	srai	x21,x31,0x1	 x31:0x00000000 x21=0x00000000
        7595000	       758	80001534	01f31013	slli	x0,x6,0x1f	  x6:0x00000000
        7605000	       759	80001538	2cc58437	lui	x8,0x2cc58	  x8=0x2cc58000
        7615000	       760	8000153c	41bc82b3	sub	x5,x25,x27	 x25:0x001fdbff x27:0x80000722  x5=0x801fd4dd
        7625000	       761	80001540	402150b3	sra	x1,x2,x2	  x2:0xf97e8300  x2:0xf97e8300  x1=0xf97e8300
        7635000	       762	80001544	41f25093	srai	x1,x4,0x1f	  x4:0xf96158ff  x1=0xffffffff
        7645000	       763	80001548	00000013	addi	x0,x0,0	  x0:0x00000000
        7655000	       764	8000154c	41d087b3	sub	x15,x1,x29	  x1:0xffffffff x29:0x00000001 x15=0xfffffffe
        7665000	       765	80001550	04f37463	bgeu	x6,x15,80001598	  x6:0x00000000 x15:0xfffffffe
        7675000	       766	80001554	010abdb3	sltu	x27,x21,x16	 x21:0x00000000 x16:0x80009fc4 x27=0x00000001
        7685000	       767	80001558	a66e0493	addi	x9,x28,-1434	 x28:0x80000000  x9=0x7ffffa66
        7695000	       768	8000155c	00af6c63	bltu	x30,x10,80001574	 x30:0xd87a99aa x10:0x80009f60
        7705000	       769	80001560	007902b3	add	x5,x18,x7	 x18:0x00000001  x7:0x00000000  x5=0x00000001
        7715000	       770	80001564	01d814b3	sll	x9,x16,x29	 x16:0x80009fc4 x29:0x00000001  x9=0x00013f88
        7725000	       771	80001568	00c99d33	sll	x26,x19,x12	 x19:0x00000001 x12:0x80000000 x26=0x00000001
        7735000	       772	8000156c	a50db193	sltiu	x3,x27,-1456	 x27:0x00000001  x3=0x00000001
        7745000	       773	80001570	e7a54e97	auipc	x29,0xe7a54	 x29=0x67a5556c
        7755000	       774	80001574	00333f33	sltu	x30,x6,x3	  x6:0x00000000  x3:0x00000001 x30=0x00000001
        7765000	       775	80001578	a8410c13	addi	x24,x2,-1404	  x2:0xf97e8300 x24=0xf97e7d84
        7775000	       776	8000157c	9afd8917	auipc	x18,0x9afd8	 x18=0x1afd9578
        7785000	       777	80001580	00000013	addi	x0,x0,0	  x0:0x00000000
        7795000	       778	80001584	00a05293	srli	x5,x0,0xa	  x0:0x00000000  x5=0x00000000
        7805000	       779	80001588	001fe2b3	or	x5,x31,x1	 x31:0x00000000  x1:0xffffffff  x5=0xffffffff
        7815000	       780	8000158c	79f74e13	xori	x28,x14,1951	 x14:0xfffffaad x28=0xfffffd32
        7825000	       781	80001590	00bfc463	blt	x31,x11,80001598	 x31:0x00000000 x11:0x80009f5f
        7835000	       782	80001594	bbef0197	auipc	x3,0xbbef0	  x3=0x3bef1590
        7845000	       783	80001598	70d1ad93	slti	x27,x3,1805	  x3:0x3bef1590 x27=0x00000000
        7855000	       784	8000159c	0173dc63	bge	x7,x23,800015b4	  x7:0x00000000 x23:0x00000459
        7865000	       785	800015a0	00000013	addi	x0,x0,0	  x0:0x00000000
        7875000	       786	800015a4	031f7a63	bgeu	x30,x17,800015d8	 x30:0x00000001 x17:0x3fb7fc0c
        7885000	       787	800015a8	0268f663	bgeu	x17,x6,800015d4	 x17:0x3fb7fc0c  x6:0x00000000
        7895000	       788	00000000	00000013	addi	x0,x0,0	  x0:0x00000000
        7905000	       789	800015d0	00000013	addi	x0,x0,0	  x0:0x00000000
        7915000	       790	800015d4	88bff493	andi	x9,x31,-1909	 x31:0x00000000  x9=0x00000000
        7925000	       791	800015d8	009dc033	xor	x0,x27,x9	 x27:0x00000000  x9:0x00000000
        7935000	       792	800015dc	40f00e33	sub	x28,x0,x15	  x0:0x00000000 x15:0xfffffffe x28=0x00000002
        7945000	       793	800015e0	f93d7c13	andi	x24,x26,-109	 x26:0x00000001 x24=0x00000001
        7955000	       794	800015e4	05adf463	bgeu	x27,x26,8000162c	 x27:0x00000000 x26:0x00000001
        7965000	       795	800015e8	34367793	andi	x15,x12,835	 x12:0x80000000 x15=0x00000000
        7975000	       796	800015ec	03f3c863	blt	x7,x31,8000161c	  x7:0x00000000 x31:0x00000000
        7985000	       797	800015f0	007946b3	xor	x13,x18,x7	 x18:0x1afd9578  x7:0x00000000 x13=0x1afd9578
        7995000	       798	800015f4	000bdf13	srli	x30,x23,0x0	 x23:0x00000459 x30=0x00000459
        8005000	       799	800015f8	01b3c6b3	xor	x13,x7,x27	  x7:0x00000000 x27:0x00000000 x13=0x00000000
        8015000	       800	800015fc	0086d4b3	srl	x9,x13,x8	 x13:0x00000000  x8:0x2cc58000  x9=0x00000000
        8025000	       801	80001600	405bdcb3	sra	x25,x23,x5	 x23:0x00000459  x5:0xffffffff x25=0x00000000
        8035000	       802	80001604	94dd8a93	addi	x21,x27,-1715	 x27:0x00000000 x21=0xfffff94d
        8045000	       803	80001608	008969b3	or	x19,x18,x8	 x18:0x1afd9578  x8:0x2cc58000 x19=0x3efd9578
        8055000	       804	8000160c	03b1e263	bltu	x3,x27,80001630	  x3:0x3bef1590 x27:0x00000000
        8065000	       805	80001610	02f88863	beq	x17,x15,80001640	 x17:0x3fb7fc0c x15:0x00000000
        8075000	       806	80001614	4c8b2213	slti	x4,x22,1224	 x22:0x00000010  x4=0x00000001
        8085000	       807	80001618	08d209b7	lui	x19,0x8d20	 x19=0x08d20000
        8095000	       808	8000161c	ead23413	sltiu	x8,x4,-339	  x4:0x00000001  x8=0x00000001
        8105000	       809	80001620	4c15ac37	lui	x24,0x4c15a	 x24=0x4c15a000
        8115000	       810	80001624	037dc263	blt	x27,x23,80001648	 x27:0x00000000 x23:0x00000459
        8125000	       811	00000000	00000013	addi	x0,x0,0	  x0:0x00000000
        8135000	       812	80001644	00000013	addi	x0,x0,0	  x0:0x00000000
        8145000	       813	80001648	400f8d33	sub	x26,x31,x0	 x31:0x00000000  x0:0x00000000 x26=0x00000000
        8155000	       814	8000164c	40bc0cb3	sub	x25,x24,x11	 x24:0x4c15a000 x11:0x80009f5f x25=0xcc1500a1
        8165000	       815	80001650	00bef0b3	and	x1,x29,x11	 x29:0x67a5556c x11:0x80009f5f  x1=0x0000154c
        8175000	       816	80001654	00c0efb3	or	x31,x1,x12	  x1:0x0000154c x12:0x80000000 x31=0x8000154c
        8185000	       817	80001658	416454b3	sra	x9,x8,x22	  x8:0x00000001 x22:0x00000010  x9=0x00000000
        8195000	       818	8000165c	41825e93	srai	x29,x4,0x18	  x4:0x00000001 x29=0x00000000
        8205000	       819	80001660	4c73bb93	sltiu	x23,x7,1223	  x7:0x00000000 x23=0x00000001
        8215000	       820	80001664	50d7eb13	ori	x22,x15,1293	 x15:0x00000000 x22=0x0000050d
        8225000	       821	80001668	01ab5e13	srli	x28,x22,0x1a	 x22:0x0000050d x28=0x00000000
        8235000	       822	8000166c	4e273493	sltiu	x9,x14,1250	 x14:0xfffffaad  x9=0x00000000
        8245000	       823	80001670	00000013	addi	x0,x0,0	  x0:0x00000000
        8255000	       824	80001674	dd962f13	slti	x30,x12,-551	 x12:0x80000000 x30=0x00000001
        8265000	       825	80001678	013bde93	srli	x29,x23,0x13	 x23:0x00000001 x29=0x00000000
        8275000	       826	8000167c	027cf863	bgeu	x25,x7,800016ac	 x25:0xcc1500a1  x7:0x00000000
        8285000	       827	00000000	00000013	addi	x0,x0,0	  x0:0x00000000
        8295000	       828	800016a8	00000013	addi	x0,x0,0	  x0:0x00000000
        8305000	       829	800016ac	6796b097	auipc	x1,0x6796b	  x1=0xe796c6a8
        8315000	       830	800016b0	5ddd6113	ori	x2,x26,1501	 x26:0x00000000  x2=0x000005dd
        8325000	       831	800016b4	90b82a13	slti	x20,x16,-1781	 x16:0x80009fc4 x20=0x00000001
        8335000	       832	800016b8	006e84b3	add	x9,x29,x6	 x29:0x00000000  x6:0x00000000  x9=0x00000000
        8345000	       833	800016bc	00546c63	bltu	x8,x5,800016d4	  x8:0x00000001  x5:0xffffffff
        8355000	       834	00000000	00000013	addi	x0,x0,0	  x0:0x00000000
        8365000	       835	800016d0	00000013	addi	x0,x0,0	  x0:0x00000000
        8375000	       836	800016d4	90588b93	addi	x23,x17,-1787	 x17:0x3fb7fc0c x23=0x3fb7f511
        8385000	       837	800016d8	f2c96413	ori	x8,x18,-212	 x18:0x1afd9578  x8=0xffffff7c
        8395000	       838	800016dc	01ee3a33	sltu	x20,x28,x30	 x28:0x00000000 x30:0x00000001 x20=0x00000001
        8405000	       839	800016e0	c291a213	slti	x4,x3,-983	  x3:0x3bef1590  x4=0x00000000
        8415000	       840	800016e4	01644c63	blt	x8,x22,800016fc	  x8:0xffffff7c x22:0x0000050d
        8425000	       841	00000000	00000013	addi	x0,x0,0	  x0:0x00000000
        8435000	       842	800016f8	00000013	addi	x0,x0,0	  x0:0x00000000
        8445000	       843	800016fc	05648463	beq	x9,x22,80001744	  x9:0x00000000 x22:0x0000050d
        8455000	       844	80001700	03c6ec63	bltu	x13,x28,80001738	 x13:0x00000000 x28:0x00000000
        8465000	       845	80001704	01a5d2b3	srl	x5,x11,x26	 x11:0x80009f5f x26:0x00000000  x5=0x80009f5f
        8475000	       846	80001708	009c9033	sll	x0,x25,x9	 x25:0xcc1500a1  x9:0x00000000
        8485000	       847	8000170c	012eacb3	slt	x25,x29,x18	 x29:0x00000000 x18:0x1afd9578 x25=0x00000001
        8495000	       848	80001710	026c9863	bne	x25,x6,80001740	 x25:0x00000001  x6:0x00000000
        8505000	       849	00000000	00000013	addi	x0,x0,0	  x0:0x00000000
        8515000	       850	8000173c	00000013	addi	x0,x0,0	  x0:0x00000000
        8525000	       851	80001740	f6c90a93	addi	x21,x18,-148	 x18:0x1afd9578 x21=0x1afd94e4
        8535000	       852	80001744	005d1f33	sll	x30,x26,x5	 x26:0x00000000  x5:0x80009f5f x30=0x00000000
        8545000	       853	80001748	00699863	bne	x19,x6,80001758	 x19:0x08d20000  x6:0x00000000
        8555000	       854	00000000	00000013	addi	x0,x0,0	  x0:0x00000000
        8565000	       855	80001754	00000013	addi	x0,x0,0	  x0:0x00000000
        8575000	       856	80001758	c8768a13	addi	x20,x13,-889	 x13:0x00000000 x20=0xfffffc87
        8585000	       857	8000175c	00452303	lw	x6,4(x10)	 x10:0x80009f60  x6=0x800003a8 PA:0x80009f64
        8595000	       858	80001760	49900297	auipc	x5,0x49900	  x5=0xc990175c
        8605000	       859	80001764	01f99b33	sll	x22,x19,x31	 x19:0x08d20000 x31:0x8000154c x22=0x20000000
        8615000	       860	80001768	02450513	addi	x10,x10,36	 x10:0x80009f60 x10=0x80009f84
        8625000	       861	8000176c	f5f0cd93	xori	x27,x1,-161	  x1:0xe796c6a8 x27=0x186939f7
        8635000	       862	80001770	00000013	addi	x0,x0,0	  x0:0x00000000
        8645000	       863	80001774	960c7e13	andi	x28,x24,-1696	 x24:0x4c15a000 x28=0x4c15a000
        8655000	       864	80001778	00030193	addi	x3,x6,0	  x6:0x800003a8  x3=0x800003a8
        8665000	       865	8000177c	000181e7	jalr	x3,x3,0	  x3:0x800003a8  x3=0x8000177c
        8675000	       866	00000000	00000013	addi	x0,x0,0	  x0:0x00000000
        8685000	       867	800003a8	00000013	addi	x0,x0,0	  x0:0x00000000
        8695000	       868	800003ac	40fcdf93	srai	x31,x25,0xf	 x25:0x00000001 x31=0x00000000
        8705000	       869	800003b0	1b864113	xori	x2,x12,440	 x12:0x80000000  x2=0x800001b8
        8715000	       870	800003b4	7ceb7a37	lui	x20,0x7ceb7	 x20=0x7ceb7000
        8725000	       871	800003b8	01a85233	srl	x4,x16,x26	 x16:0x80009fc4 x26:0x00000000  x4=0x80009fc4
        8735000	       872	800003bc	00671693	slli	x13,x14,0x6	 x14:0xfffffaad x13=0xfffeab40
        8745000	       873	800003c0	0172c733	xor	x14,x5,x23	  x5:0xc990175c x23:0x3fb7f511 x14=0xf627e24d
        8755000	       874	800003c4	daaff993	andi	x19,x31,-598	 x31:0x00000000 x19=0x00000000
        8765000	       875	800003c8	03cd5a63	bge	x26,x28,800003fc	 x26:0x00000000 x28:0x4c15a000
        8775000	       876	800003cc	9512c293	xori	x5,x5,-1711	  x5:0xc990175c  x5=0x366fee0d
        8785000	       877	800003d0	01cfd663	bge	x31,x28,800003dc	 x31:0x00000000 x28:0x4c15a000
        8795000	       878	800003d4	f313c013	xori	x0,x7,-207	  x7:0x00000000
        8805000	       879	800003d8	00bdd233	srl	x4,x27,x11	 x27:0x186939f7 x11:0x80009f5f  x4=0x00000000
        8815000	       880	800003dc	03835263	bge	x6,x24,80000400	  x6:0x800003a8 x24:0x4c15a000
        8825000	       881	800003e0	7004cb17	auipc	x22,0x7004c	 x22=0xf004c3dc
        8835000	       882	800003e4	018d9863	bne	x27,x24,800003f4	 x27:0x186939f7 x24:0x4c15a000
        8845000	       883	00000000	00000013	addi	x0,x0,0	  x0:0x00000000
        8855000	       884	800003f0	00000013	addi	x0,x0,0	  x0:0x00000000
        8865000	       885	800003f4	04ea4863	blt	x20,x14,80000444	 x20:0x7ceb7000 x14:0xf627e24d
        8875000	       886	800003f8	00682433	slt	x8,x16,x6	 x16:0x80009fc4  x6:0x800003a8  x8=0x00000000
        8885000	       887	800003fc	4180db13	srai	x22,x1,0x18	  x1:0xe796c6a8 x22=0xffffffe7
        8895000	       888	80000400	00c00663	beq	x0,x12,8000040c	  x0:0x00000000 x12:0x80000000
        8905000	       889	80000404	01350e33	add	x28,x10,x19	 x10:0x80009f84 x19:0x00000000 x28=0x80009f84
        8915000	       890	80000408	00fd9263	bne	x27,x15,8000040c	 x27:0x186939f7 x15:0x00000000
        8925000	       891	00000000	00000013	addi	x0,x0,0	  x0:0x00000000
        8935000	       892	80000408	00000013	addi	x0,x0,0	  x0:0x00000000
        8945000	       893	8000040c	01a08c33	add	x24,x1,x26	  x1:0xe796c6a8 x26:0x00000000 x24=0xe796c6a8
        8955000	       894	80000410	044dd663	bge	x27,x4,8000045c	 x27:0x186939f7  x4:0x00000000
        8965000	       895	00000000	00000013	addi	x0,x0,0	  x0:0x00000000
        8975000	       896	80000458	00000013	addi	x0,x0,0	  x0:0x00000000
        8985000	       897	8000045c	cb4b8f13	addi	x30,x23,-844	 x23:0x3fb7f511 x30=0x3fb7f1c5
        8995000	       898	80000460	001334b3	sltu	x9,x6,x1	  x6:0x800003a8  x1:0xe796c6a8  x9=0x00000001
        9005000	       899	80000464	00b8d293	srli	x5,x17,0xb	 x17:0x3fb7fc0c  x5=0x0007f6ff
        9015000	       900	80000468	34eae093	ori	x1,x21,846	 x21:0x1afd94e4  x1=0x1afd97ee
        9025000	       901	8000046c	e3f78093	addi	x1,x15,-449	 x15:0x00000000  x1=0xfffffe3f
        9035000	       902	80000470	0051f933	and	x18,x3,x5	  x3:0x8000177c  x5:0x0007f6ff x18=0x0000167c
        9045000	       903	80000474	00000013	addi	x0,x0,0	  x0:0x00000000
        9055000	       904	80000478	40f50cb3	sub	x25,x10,x15	 x10:0x80009f84 x15:0x00000000 x25=0x80009f84
        9065000	       905	8000047c	2bb92d13	slti	x26,x18,699	 x18:0x0000167c x26=0x00000000
        9075000	       906	80000480	00c49263	bne	x9,x12,80000484	  x9:0x00000001 x12:0x80000000
        9085000	       907	00000000	00000013	addi	x0,x0,0	  x0:0x00000000
        9095000	       908	80000480	00000013	addi	x0,x0,0	  x0:0x00000000
        9105000	       909	80000484	5affeeb7	lui	x29,0x5affe	 x29=0x5affe000
        9115000	       910	80000488	403185b3	sub	x11,x3,x3	  x3:0x8000177c  x3:0x8000177c x11=0x00000000
        9125000	       911	8000048c	011d8cb3	add	x25,x27,x17	 x27:0x186939f7 x17:0x3fb7fc0c x25=0x58213603
        9135000	       912	80000490	0069eb33	or	x22,x19,x6	 x19:0x00000000  x6:0x800003a8 x22=0x800003a8
        9145000	       913	80000494	9f848013	addi	x0,x9,-1544	  x9:0x00000001
        9155000	       914	80000498	016f01b3	add	x3,x30,x22	 x30:0x3fb7f1c5 x22:0x800003a8  x3=0xbfb7f56d
        9165000	       915	8000049c	40680b33	sub	x22,x16,x6	 x16:0x80009fc4  x6:0x800003a8 x22=0x00009c1c
        9175000	       916	800004a0	037a6063	bltu	x20,x23,800004c0	 x20:0x7ceb7000 x23:0x3fb7f511
        9185000	       917	800004a4	0835e913	ori	x18,x11,131	 x11:0x00000000 x18=0x00000083
        9195000	       918	800004a8	01d174b3	and	x9,x2,x29	  x2:0x800001b8 x29:0x5affe000  x9=0x00000000
        9205000	       919	800004ac	fb0a6297	auipc	x5,0xfb0a6	  x5=0x7b0a64a8
        9215000	       920	800004b0	017be4b3	or	x9,x23,x23	 x23:0x3fb7f511 x23:0x3fb7f511  x9=0x3fb7f511
        9225000	       921	800004b4	4045d213	srai	x4,x11,0x4	 x11:0x00000000  x4=0x00000000
        9235000	       922	800004b8	64ec7997	auipc	x19,0x64ec7	 x19=0xe4ec74b4
        9245000	       923	800004bc	81032313	slti	x6,x6,-2032	  x6:0x800003a8  x6=0x00000001
        9255000	       924	800004c0	01b99fb3	sll	x31,x19,x27	 x19:0xe4ec74b4 x27:0x186939f7 x31=0x5a000000
        9265000	       925	800004c4	00000013	addi	x0,x0,0	  x0:0x00000000
        9275000	       926	800004c8	00bebc33	sltu	x24,x29,x11	 x29:0x5affe000 x11:0x00000000 x24=0x00000000
        9285000	       927	800004cc	018dd393	srli	x7,x27,0x18	 x27:0x186939f7  x7=0x00000018
        9295000	       928	800004d0	054ef263	bgeu	x29,x20,80000514	 x29:0x5affe000 x20:0x7ceb7000
        9305000	       929	800004d4	9c9ba393	slti	x7,x23,-1591	 x23:0x3fb7f511  x7=0x00000000
        9315000	       930	800004d8	00d16fb3	or	x31,x2,x13	  x2:0x800001b8 x13:0xfffeab40 x31=0xfffeabf8
        9325000	       931	800004dc	01969a13	slli	x20,x13,0x19	 x13:0xfffeab40 x20=0x80000000
        9335000	       932	800004e0	5a194313	xori	x6,x18,1441	 x18:0x00000083  x6=0x00000522
        9345000	       933	800004e4	00d2cfb3	xor	x31,x5,x13	  x5:0x7b0a64a8 x13:0xfffeab40 x31=0x84f4cfe8
        9355000	       934	800004e8	8cfa8093	addi	x1,x21,-1841	 x21:0x1afd94e4  x1=0x1afd8db3
        9365000	       935	800004ec	0d27ce13	xori	x28,x15,210	 x15:0x00000000 x28=0x000000d2
        9375000	       936	800004f0	01d6da33	srl	x20,x13,x29	 x13:0xfffeab40 x29:0x5affe000 x20=0xfffeab40
        9385000	       937	800004f4	40ab03b3	sub	x7,x22,x10	 x22:0x00009c1c x10:0x80009f84  x7=0x7ffffc98
        9395000	       938	800004f8	cef22293	slti	x5,x4,-785	  x4:0x00000000  x5=0x00000000
        9405000	       939	800004fc	29faeb13	ori	x22,x21,671	 x21:0x1afd94e4 x22=0x1afd96ff
        9415000	       940	80000500	00bd42b3	xor	x5,x26,x11	 x26:0x00000000 x11:0x00000000  x5=0x00000000
        9425000	       941	80000504	00fd9313	slli	x6,x27,0xf	 x27:0x186939f7  x6=0x9cfb8000
        9435000	       942	80000508	00902eb3	slt	x29,x0,x9	  x0:0x00000000  x9:0x3fb7f511 x29=0x00000001
        9445000	       943	8000050c	d31c0893	addi	x17,x24,-719	 x24:0x00000000 x17=0xfffffd31
        9455000	       944	80000510	002fdf13	srli	x30,x31,0x2	 x31:0x84f4cfe8 x30=0x213d33fa
        9465000	       945	80000514	17892197	auipc	x3,0x17892	  x3=0x97892510
        9475000	       946	80000518	407b56b3	sra	x13,x22,x7	 x22:0x1afd96ff  x7:0x7ffffc98 x13=0x0000001a
        9485000	       947	8000051c	01182ab3	slt	x21,x16,x17	 x16:0x80009fc4 x17:0xfffffd31 x21=0x00000001
        9495000	       948	80000520	007b9c93	slli	x25,x23,0x7	 x23:0x3fb7f511 x25=0xdbfa8880
        9505000	       949	80000524	00239f13	slli	x30,x7,0x2	  x7:0x7ffffc98 x30=0xfffff260
        9515000	       950	80000528	38987e13	andi	x28,x16,905	 x16:0x80009fc4 x28=0x00000380
        9525000	       951	8000052c	9d28ee93	ori	x29,x17,-1582	 x17:0xfffffd31 x29=0xfffffdf3
        9535000	       952	80000530	40c50733	sub	x14,x10,x12	 x10:0x80009f84 x12:0x80000000 x14=0x00009f84
        9545000	       953	80000534	01317f33	and	x30,x2,x19	  x2:0x800001b8 x19:0xe4ec74b4 x30=0x800000b0
        9555000	       954	80000538	2fc95897	auipc	x17,0x2fc95	 x17=0xafc95534
        9565000	       955	8000053c	012645b3	xor	x11,x12,x18	 x12:0x80000000 x18:0x00000083 x11=0x80000083
        9575000	       956	80000540	0020fc33	and	x24,x1,x2	  x1:0x1afd8db3  x2:0x800001b8 x24=0x000001b0
        9585000	       957	80000544	0c66ef17	auipc	x30,0xc66e	 x30=0x8c66e540
        9595000	       958	80000548	5d6de993	ori	x19,x27,1494	 x27:0x186939f7 x19=0x18693df7
        9605000	       959	8000054c	029d5463	bge	x26,x9,80000574	 x26:0x00000000  x9:0x3fb7f511
        9615000	       960	80000550	000b78b3	and	x17,x22,x0	 x22:0x1afd96ff  x0:0x00000000 x17=0x00000000
        9625000	       961	80000554	00029993	slli	x19,x5,0x0	  x5:0x00000000 x19=0x00000000
        9635000	       962	80000558	718df793	andi	x15,x27,1816	 x27:0x186939f7 x15=0x00000110
        9645000	       963	8000055c	038dfa63	bgeu	x27,x24,80000590	 x27:0x186939f7 x24:0x000001b0
        9655000	       964	00000000	00000013	addi	x0,x0,0	  x0:0x00000000
        9665000	       965	8000058c	00000013	addi	x0,x0,0	  x0:0x00000000
        9675000	       966	80000590	5d846493	ori	x9,x8,1496	  x8:0x00000000  x9=0x000005d8
        9685000	       967	80000594	01a37bb3	and	x23,x6,x26	  x6:0x9cfb8000 x26:0x00000000 x23=0x00000000
        9695000	       968	80000598	00b747b3	xor	x15,x14,x11	 x14:0x00009f84 x11:0x80000083 x15=0x80009f07
        9705000	       969	8000059c	654a4d93	xori	x27,x20,1620	 x20:0xfffeab40 x27=0xfffead14
        9715000	       970	800005a0	04898863	beq	x19,x8,800005f0	 x19:0x00000000  x8:0x00000000
        9725000	       971	00000000	00000013	addi	x0,x0,0	  x0:0x00000000
        9735000	       972	800005ec	00000013	addi	x0,x0,0	  x0:0x00000000
        9745000	       973	800005f0	00d66e33	or	x28,x12,x13	 x12:0x80000000 x13:0x0000001a x28=0x8000001a
        9755000	       974	800005f4	00ac7433	and	x8,x24,x10	 x24:0x000001b0 x10:0x80009f84  x8=0x00000180
        9765000	       975	800005f8	00901a33	sll	x20,x0,x9	  x0:0x00000000  x9:0x000005d8 x20=0x00000000
        9775000	       976	800005fc	03e25463	bge	x4,x30,80000624	  x4:0x00000000 x30:0x8c66e540
        9785000	       977	00000000	00000013	addi	x0,x0,0	  x0:0x00000000
        9795000	       978	80000620	00000013	addi	x0,x0,0	  x0:0x00000000
        9805000	       979	80000624	baea6393	ori	x7,x20,-1106	 x20:0x00000000  x7=0xfffffbae
        9815000	       980	80000628	69876013	ori	x0,x14,1688	 x14:0x00009f84
        9825000	       981	8000062c	00165f33	srl	x30,x12,x1	 x12:0x80000000  x1:0x1afd8db3 x30=0x00001000
        9835000	       982	80000630	003fed33	or	x26,x31,x3	 x31:0x84f4cfe8  x3:0x97892510 x26=0x97fdeff8
        9845000	       983	80000634	214e3193	sltiu	x3,x28,532	 x28:0x8000001a  x3=0x00000000
        9855000	       984	80000638	01cf27b3	slt	x15,x30,x28	 x30:0x00001000 x28:0x8000001a x15=0x00000000
        9865000	       985	8000063c	00077333	and	x6,x14,x0	 x14:0x00009f84  x0:0x00000000  x6=0x00000000
        9875000	       986	80000640	00d51693	slli	x13,x10,0xd	 x10:0x80009f84 x13=0x13f08000
        9885000	       987	80000644	0222e213	ori	x4,x5,34	  x5:0x00000000  x4=0x00000022
        9895000	       988	80000648	01bfd593	srli	x11,x31,0x1b	 x31:0x84f4cfe8 x11=0x00000010
        9905000	       989	8000064c	00000013	addi	x0,x0,0	  x0:0x00000000
        9915000	       990	80000650	66dce993	ori	x19,x25,1645	 x25:0xdbfa8880 x19=0xdbfa8eed
        9925000	       991	80000654	0010f433	and	x8,x1,x1	  x1:0x1afd8db3  x1:0x1afd8db3  x8=0x1afd8db3
        9935000	       992	80000658	0115ee63	bltu	x11,x17,80000674	 x11:0x00000010 x17:0x00000000
        9945000	       993	8000065c	a12b2b93	slti	x23,x22,-1518	 x22:0x1afd96ff x23=0x00000000
        9955000	       994	80000660	00fa4463	blt	x20,x15,80000668	 x20:0x00000000 x15:0x00000000
        9965000	       995	80000664	013a9d33	sll	x26,x21,x19	 x21:0x00000001 x19:0xdbfa8eed x26=0x00002000
        9975000	       996	80000668	41630c33	sub	x24,x6,x22	  x6:0x00000000 x22:0x1afd96ff x24=0xe5026901
        9985000	       997	8000066c	01a79333	sll	x6,x15,x26	 x15:0x00000000 x26:0x00002000  x6=0x00000000
        9995000	       998	80000670	04e56263	bltu	x10,x14,800006b4	 x10:0x80009f84 x14:0x00009f84
       10005000	       999	80000674	00c3bc33	sltu	x24,x7,x12	  x7:0xfffffbae x12:0x80000000 x24=0x00000000
       10015000	      1000	80000678	056f7863	bgeu	x30,x22,800006c8	 x30:0x00001000 x22:0x1afd96ff
       10025000	      1001	8000067c	046b6863	bltu	x22,x6,800006cc	 x22:0x1afd96ff  x6:0x00000000
       10035000	      1002	80000680	00000013	addi	x0,x0,0	  x0:0x00000000
       10045000	      1003	80000684	06323b93	sltiu	x23,x4,99	  x4:0x00000022 x23=0x00000001
       10055000	      1004	80000688	264afb13	andi	x22,x21,612	 x21:0x00000001 x22=0x00000000
       10065000	      1005	8000068c	40c0ddb3	sra	x27,x1,x12	  x1:0x1afd8db3 x12:0x80000000 x27=0x1afd8db3
       10075000	      1006	80000690	01a62cb3	slt	x25,x12,x26	 x12:0x80000000 x26:0x00002000 x25=0x00000001
       10085000	      1007	80000694	01374cb3	xor	x25,x14,x19	 x14:0x00009f84 x19:0xdbfa8eed x25=0xdbfa1169
       10095000	      1008	80000698	2d7ce717	auipc	x14,0x2d7ce	 x14=0xad7ce694
       10105000	      1009	8000069c	40db5a33	sra	x20,x22,x13	 x22:0x00000000 x13:0x13f08000 x20=0x00000000
       10115000	      1010	800006a0	019745b3	xor	x11,x14,x25	 x14:0xad7ce694 x25:0xdbfa1169 x11=0x7686f7fd
       10125000	      1011	800006a4	e940f213	andi	x4,x1,-364	  x1:0x1afd8db3  x4=0x1afd8c90
       10135000	      1012	800006a8	032e8063	beq	x29,x18,800006c8	 x29:0xfffffdf3 x18:0x00000083
       10145000	      1013	800006ac	00bab8b3	sltu	x17,x21,x11	 x21:0x00000001 x11:0x7686f7fd x17=0x00000001
       10155000	      1014	800006b0	00000013	addi	x0,x0,0	  x0:0x00000000
       10165000	      1015	800006b4	ec25fa93	andi	x21,x11,-318	 x11:0x7686f7fd x21=0x7686f6c0
       10175000	      1016	800006b8	01baeb33	or	x22,x21,x27	 x21:0x7686f6c0 x27:0x1afd8db3 x22=0x7efffff3
       10185000	      1017	800006bc	00ae1c13	slli	x24,x28,0xa	 x28:0x8000001a x24=0x00006800
       10195000	      1018	800006c0	00000013	addi	x0,x0,0	  x0:0x00000000
       10205000	      1019	800006c4	03eaec63	bltu	x21,x30,800006fc	 x21:0x7686f6c0 x30:0x00001000
       10215000	      1020	800006c8	003a5c63	bge	x20,x3,800006e0	 x20:0x00000000  x3:0x00000000
       10225000	      1021	00000000	00000013	addi	x0,x0,0	  x0:0x00000000
       10235000	      1022	800006dc	00000013	addi	x0,x0,0	  x0:0x00000000
       10245000	      1023	800006e0	00540b33	add	x22,x8,x5	  x8:0x1afd8db3  x5:0x00000000 x22=0x1afd8db3
       10255000	      1024	800006e4	01f5a933	slt	x18,x11,x31	 x11:0x7686f7fd x31:0x84f4cfe8 x18=0x00000000
       10265000	      1025	800006e8	00d91e93	slli	x29,x18,0xd	 x18:0x00000000 x29=0x00000000
       10275000	      1026	800006ec	9fb6af93	slti	x31,x13,-1541	 x13:0x13f08000 x31=0x00000000
       10285000	      1027	800006f0	40d25eb3	sra	x29,x4,x13	  x4:0x1afd8c90 x13:0x13f08000 x29=0x1afd8c90
       10295000	      1028	800006f4	2bc08913	addi	x18,x1,700	  x1:0x1afd8db3 x18=0x1afd906f
       10305000	      1029	800006f8	00639593	slli	x11,x7,0x6	  x7:0xfffffbae x11=0xfffeeb80
       10315000	      1030	800006fc	342da297	auipc	x5,0x342da	  x5=0xb42da6f8
       10325000	      1031	80000700	01651d13	slli	x26,x10,0x16	 x10:0x80009f84 x26=0xe1000000
       10335000	      1032	80000704	4047d6b3	sra	x13,x15,x4	 x15:0x00000000  x4:0x1afd8c90 x13=0x00000000
       10345000	      1033	80000708	40cb5b13	srai	x22,x22,0xc	 x22:0x1afd8db3 x22=0x0001afd8
       10355000	      1034	8000070c	cec70013	addi	x0,x14,-788	 x14:0xad7ce694
       10365000	      1035	80000710	1d314e13	xori	x28,x2,467	  x2:0x800001b8 x28=0x8000006b
       10375000	      1036	80000714	017ed313	srli	x6,x29,0x17	 x29:0x1afd8c90  x6=0x00000035
       10385000	      1037	80000718	02eb1a63	bne	x22,x14,8000074c	 x22:0x0001afd8 x14:0xad7ce694
       10395000	      1038	00000000	00000013	addi	x0,x0,0	  x0:0x00000000
       10405000	      1039	80000748	00000013	addi	x0,x0,0	  x0:0x00000000
       10415000	      1040	8000074c	cbd5d417	auipc	x8,0xcbd5d	  x8=0x4bd5d748
       10425000	      1041	80000750	dd58f493	andi	x9,x17,-555	 x17:0x00000001  x9=0x00000001
       10435000	      1042	80000754	01beffb3	and	x31,x29,x27	 x29:0x1afd8c90 x27:0x1afd8db3 x31=0x1afd8c90
       10445000	      1043	80000758	49288717	auipc	x14,0x49288	 x14=0xc9288754
       10455000	      1044	8000075c	68330c93	addi	x25,x6,1667	  x6:0x00000035 x25=0x000006b8
       10465000	      1045	80000760	00000013	addi	x0,x0,0	  x0:0x00000000
       10475000	      1046	80000764	00000897	auipc	x17,0x0	 x17=0x80000760
       10485000	      1047	80000768	0bc88893	addi	x17,x17,188	 x17:0x80000760 x17=0x8000081c
       10495000	      1048	8000076c	18b88893	addi	x17,x17,395	 x17:0x8000081c x17=0x800009a7
       10505000	      1049	80000770	007b19b3	sll	x19,x22,x7	 x22:0x0001afd8  x7:0xfffffbae x19=0x6bf60000
       10515000	      1050	80000774	009bd463	bge	x23,x9,8000077c	 x23:0x00000001  x9:0x00000001
       10525000	      1051	00000000	00000013	addi	x0,x0,0	  x0:0x00000000
       10535000	      1052	80000778	00000013	addi	x0,x0,0	  x0:0x00000000
       10545000	      1053	8000077c	e7688367	jalr	x6,x17,-394	 x17:0x800009a7  x6=0x8000077c
       10555000	      1054	00000000	00000013	addi	x0,x0,0	  x0:0x00000000
       10565000	      1055	8000081c	00000013	addi	x0,x0,0	  x0:0x00000000
       10575000	      1056	80000820	fdc50513	addi	x10,x10,-36	 x10:0x80009f84 x10=0x80009f60
       10585000	      1057	80000824	3bb2fb37	lui	x22,0x3bb2f	 x22=0x3bb2f000
       10595000	      1058	80000828	00652223	sw	x6,4(x10)	 x10:0x80009f60  x6:0x8000077c PA:0x80009f64
       10605000	      1059	8000082c	3d2eb193	sltiu	x3,x29,978	 x29:0x1afd8c90  x3=0x00000000
       10615000	      1060	80000830	e81abf93	sltiu	x31,x21,-383	 x21:0x7686f6c0 x31=0x00000001
       10625000	      1061	80000834	00008a17	auipc	x20,0x8	 x20=0x80008830
       10635000	      1062	80000838	905a0a13	addi	x20,x20,-1787	 x20:0x80008830 x20=0x80008135
       10645000	      1063	8000083c	ffaa0f23	sb	x26,-2(x20)	 x20:0x80008135 x26:0xe1000000 PA:0x80008133
       10655000	      1064	80000840	b57ff993	andi	x19,x31,-1193	 x31:0x00000001 x19=0x00000001
       10665000	      1065	80000844	fd1a1e83	lh	x29,-47(x20)	 x20:0x80008135 x29=0xffffc5a3 PA:0x80008106
       10675000	      1066	80000848	016265b3	or	x11,x4,x22	  x4:0x1afd8c90 x22:0x3bb2f000 x11=0x3bfffc90
       10685000	      1067	8000084c	016a1e13	slli	x28,x20,0x16	 x20:0x80008135 x28=0x4d400000
       10695000	      1068	80000850	fd7a0b23	sb	x23,-42(x20)	 x20:0x80008135 x23:0x00000001 PA:0x8000810b
       10705000	      1069	80000854	000cb4b3	sltu	x9,x25,x0	 x25:0x000006b8  x0:0x00000000  x9=0x00000000
       10715000	      1070	80000858	000a0623	sb	x0,12(x20)	 x20:0x80008135  x0:0x00000000 PA:0x80008141
       10725000	      1071	8000085c	016dc133	xor	x2,x27,x22	 x27:0x1afd8db3 x22:0x3bb2f000  x2=0x214f7db3
       10735000	      1072	80000860	41cb07b3	sub	x15,x22,x28	 x22:0x3bb2f000 x28:0x4d400000 x15=0xee72f000
       10745000	      1073	80000864	9859d717	auipc	x14,0x9859d	 x14=0x1859d860
       10755000	      1074	80000868	d930b193	sltiu	x3,x1,-621	  x1:0x1afd8db3  x3=0x00000001
       10765000	      1075	8000086c	ffaa0283	lb	x5,-6(x20)	 x20:0x80008135  x5=0x0000005f PA:0x8000812f
       10775000	      1076	80000870	00a5bd33	sltu	x26,x11,x10	 x11:0x3bfffc90 x10:0x80009f60 x26=0x00000001
       10785000	      1077	80000874	024a0d83	lb	x27,36(x20)	 x20:0x80008135 x27=0xffffffac PA:0x80008159
       10795000	      1078	80000878	fdea0923	sb	x30,-46(x20)	 x20:0x80008135 x30:0x00001000 PA:0x80008107
       10805000	      1079	8000087c	06714b93	xori	x23,x2,103	  x2:0x214f7db3 x23=0x214f7dd4
       10815000	      1080	80000880	00000013	addi	x0,x0,0	  x0:0x00000000
       10825000	      1081	80000884	009a0fa3	sb	x9,31(x20)	 x20:0x80008135  x9:0x00000000 PA:0x80008154
       10835000	      1082	80000888	ffda0c03	lb	x24,-3(x20)	 x20:0x80008135 x24=0xfffffffb PA:0x80008132
       10845000	      1083	8000088c	40e85e33	sra	x28,x16,x14	 x16:0x80009fc4 x14:0x1859d860 x28=0x80009fc4
       10855000	      1084	80000890	feda2fa3	sw	x13,-1(x20)	 x20:0x80008135 x13:0x00000000 PA:0x80008134
       10865000	      1085	80000894	fe1a4d83	lbu	x27,-31(x20)	 x20:0x80008135 x27=0x0000002e PA:0x80008116
       10875000	      1086	80000898	00e19033	sll	x0,x3,x14	  x3:0x00000001 x14:0x1859d860
       10885000	      1087	8000089c	ff2a0783	lb	x15,-14(x20)	 x20:0x80008135 x15=0x00000061 PA:0x80008127
       10895000	      1088	00000000	00000013	addi	x0,x0,0	  x0:0x00000000
       10905000	      1089	800008a0	fefa1983	lh	x19,-17(x20)	 x20:0x80008135 x19=0x00003348 PA:0x80008124
       10915000	      1090	800008a4	00208033	add	x0,x1,x2	  x1:0x1afd8db3  x2:0x214f7db3
       10925000	      1091	800008a8	02ba07a3	sb	x11,47(x20)	 x20:0x80008135 x11:0x3bfffc90 PA:0x80008164
       10935000	      1092	800008ac	404cd313	srai	x6,x25,0x4	 x25:0x000006b8  x6=0x0000006b
       10945000	      1093	800008b0	fe8a0223	sb	x8,-28(x20)	 x20:0x80008135  x8:0x4bd5d748 PA:0x80008119
       10955000	      1094	800008b4	8eef7d93	andi	x27,x30,-1810	 x30:0x00001000 x27=0x00001000
       10965000	      1095	800008b8	0031ff33	and	x30,x3,x3	  x3:0x00000001  x3:0x00000001 x30=0x00000001
       10975000	      1096	800008bc	0152cd13	xori	x26,x5,21	  x5:0x0000005f x26=0x0000004a
       10985000	      1097	800008c0	011a0103	lb	x2,17(x20)	 x20:0x80008135  x2=0x00000074 PA:0x80008146
       10995000	      1098	800008c4	fd0a15a3	sh	x16,-53(x20)	 x20:0x80008135 x16:0x80009fc4 PA:0x80008100
       11005000	      1099	800008c8	00008d17	auipc	x26,0x8	 x26=0x800088c4
       11015000	      1100	800008cc	81ed0d13	addi	x26,x26,-2018	 x26:0x800088c4 x26=0x800080e2
       11025000	      1101	800008d0	00f54333	xor	x6,x10,x15	 x10:0x80009f60 x15:0x00000061  x6=0x80009f01
       11035000	      1102	800008d4	01802233	slt	x4,x0,x24	  x0:0x00000000 x24:0xfffffffb  x4=0x00000000
       11045000	      1103	800008d8	fdad2003	lw	x0,-38(x26)	 x26:0x800080e2 PA:0x800080bc
       11055000	      1104	800008dc	fc8d5a03	lhu	x20,-56(x26)	 x26:0x800080e2 x20=0x0000da41 PA:0x800080aa
       11065000	      1105	800008e0	fe0d1a83	lh	x21,-32(x26)	 x26:0x800080e2 x21=0x00007196 PA:0x800080c2
       11075000	      1106	800008e4	036d2f03	lw	x30,54(x26)	 x26:0x800080e2 x30=0x8951485e PA:0x80008118
       11085000	      1107	800008e8	008ef4b3	and	x9,x29,x8	 x29:0xffffc5a3  x8:0x4bd5d748  x9=0x4bd5c500
       11095000	      1108	800008ec	ff1d1923	sh	x17,-14(x26)	 x26:0x800080e2 x17:0x800009a7 PA:0x800080d4
       11105000	      1109	800008f0	404dd893	srai	x17,x27,0x4	 x27:0x00001000 x17=0x00000100
       11115000	      1110	800008f4	20228793	addi	x15,x5,514	  x5:0x0000005f x15=0x00000261
       11125000	      1111	800008f8	01b64bb3	xor	x23,x12,x27	 x12:0x80000000 x27:0x00001000 x23=0x80001000
       11135000	      1112	800008fc	01bbbf33	sltu	x30,x23,x27	 x23:0x80001000 x27:0x00001000 x30=0x00000000
       11145000	      1113	80000900	00000013	addi	x0,x0,0	  x0:0x00000000
       11155000	      1114	80000904	402ed393	srai	x7,x29,0x2	 x29:0xffffc5a3  x7=0xfffff168
       11165000	      1115	80000908	006d5303	lhu	x6,6(x26)	 x26:0x800080e2  x6=0x0000c6ec PA:0x800080e8
       11175000	      1116	8000090c	40bdddb3	sra	x27,x27,x11	 x27:0x00001000 x11:0x3bfffc90 x27=0x00000000
       11185000	      1117	80000910	002d9b13	slli	x22,x27,0x2	 x27:0x00000000 x22=0x00000000
       11195000	      1118	80000914	fd8d1083	lh	x1,-40(x26)	 x26:0x800080e2  x1=0xffffaefb PA:0x800080ba
       11205000	      1119	80000918	025d4383	lbu	x7,37(x26)	 x26:0x800080e2  x7=0x00000000 PA:0x80008107
       11215000	      1120	8000091c	032d5283	lhu	x5,50(x26)	 x26:0x800080e2  x5=0x0000de09 PA:0x80008114
       11225000	      1121	00000000	00000013	addi	x0,x0,0	  x0:0x00000000
       11235000	      1122	80000920	c0c28d93	addi	x27,x5,-1012	  x5:0x0000de09 x27=0x0000da15
       11245000	      1123	80000924	007201b3	add	x3,x4,x7	  x4:0x00000000  x7:0x00000000  x3=0x00000000
       11255000	      1124	80000928	007d0c03	lb	x24,7(x26)	 x26:0x800080e2 x24=0xffffffc6 PA:0x800080e9
       11265000	      1125	8000092c	01501f13	slli	x30,x0,0x15	  x0:0x00000000 x30=0x00000000
       11275000	      1126	80000930	95d24717	auipc	x14,0x95d24	 x14=0x15d2492c
       11285000	      1127	80000934	00000013	addi	x0,x0,0	  x0:0x00000000
       11295000	      1128	80000938	010d1b93	slli	x23,x26,0x10	 x26:0x800080e2 x23=0x80e20000
       11305000	      1129	8000093c	03ad2323	sw	x26,38(x26)	 x26:0x800080e2 x26:0x800080e2 PA:0x80008108
       11315000	      1130	80000940	01e167b3	or	x15,x2,x30	  x2:0x00000074 x30:0x00000000 x15=0x00000074
       11325000	      1131	80000944	009d4403	lbu	x8,9(x26)	 x26:0x800080e2  x8=0x000000bd PA:0x800080eb
       11335000	      1132	00000000	00000013	addi	x0,x0,0	  x0:0x00000000
       11345000	      1133	80000948	408fdd93	srai	x27,x31,0x8	 x31:0x00000001 x27=0x00000000
       11355000	      1134	8000094c	fc9c0213	addi	x4,x24,-55	 x24:0xffffffc6  x4=0xffffff8f
       11365000	      1135	80000950	e8fd9f97	auipc	x31,0xe8fd9	 x31=0x68fd994c
       11375000	      1136	80000954	fc1d0683	lb	x13,-63(x26)	 x26:0x800080e2 x13=0x00000024 PA:0x800080a3
       11385000	      1137	80000958	02fd0103	lb	x2,47(x26)	 x26:0x800080e2  x2=0xffffffd6 PA:0x80008111
       11395000	      1138	8000095c	40f85093	srai	x1,x16,0xf	 x16:0x80009fc4  x1=0xffff0001
       11405000	      1139	80000960	01141a93	slli	x21,x8,0x11	  x8:0x000000bd x21=0x017a0000
       11415000	      1140	80000964	40f80133	sub	x2,x16,x15	 x16:0x80009fc4 x15:0x00000074  x2=0x80009f50
       11425000	      1141	80000968	106850b7	lui	x1,0x10685	  x1=0x10685000
       11435000	      1142	8000096c	01bd0483	lb	x9,27(x26)	 x26:0x800080e2  x9=0xffffffc5 PA:0x800080fd
       11445000	      1143	80000970	00508433	add	x8,x1,x5	  x1:0x10685000  x5:0x0000de09  x8=0x10692e09
       11455000	      1144	80000974	fe7d4303	lbu	x6,-25(x26)	 x26:0x800080e2  x6=0x000000fe PA:0x800080c9
       11465000	      1145	80000978	0047cdb3	xor	x27,x15,x4	 x15:0x00000074  x4:0xffffff8f x27=0xfffffffb
       11475000	      1146	8000097c	018101b3	add	x3,x2,x24	  x2:0x80009f50 x24:0xffffffc6  x3=0x80009f16
       11485000	      1147	80000980	fefd0ba3	sb	x15,-9(x26)	 x26:0x800080e2 x15:0x00000074 PA:0x800080d9
       11495000	      1148	80000984	00008c97	auipc	x25,0x8	 x25=0x80008980
       11505000	      1149	80000988	286c8c93	addi	x25,x25,646	 x25:0x80008980 x25=0x80008c06
       11515000	      1150	8000098c	f58c8ca3	sb	x24,-167(x25)	 x25:0x80008c06 x24:0xffffffc6 PA:0x80008b5f
       11525000	      1151	80000990	f80c8ea3	sb	x0,-99(x25)	 x25:0x80008c06  x0:0x00000000 PA:0x80008ba3
       11535000	      1152	80000994	08fccf03	lbu	x30,143(x25)	 x25:0x80008c06 x30=0x00000002 PA:0x80008c95
       11545000	      1153	80000998	0c0cd483	lhu	x9,192(x25)	 x25:0x80008c06  x9=0x0000baf9 PA:0x80008cc6
       11555000	      1154	8000099c	00df4eb3	xor	x29,x30,x13	 x30:0x00000002 x13:0x00000024 x29=0x00000026
       11565000	      1155	800009a0	03ecc483	lbu	x9,62(x25)	 x25:0x80008c06  x9=0x00000031 PA:0x80008c44
       11575000	      1156	800009a4	0a0c9023	sh	x0,160(x25)	 x25:0x80008c06  x0:0x00000000 PA:0x80008ca6
       11585000	      1157	800009a8	048c8783	lb	x15,72(x25)	 x25:0x80008c06 x15=0xfffffffb PA:0x80008c4e
       11595000	      1158	800009ac	016aaab3	slt	x21,x21,x22	 x21:0x017a0000 x22:0x00000000 x21=0x00000000
       11605000	      1159	800009b0	0aecc683	lbu	x13,174(x25)	 x25:0x80008c06 x13=0x000000f9 PA:0x80008cb4
       11615000	      1160	800009b4	008cd433	srl	x8,x25,x8	 x25:0x80008c06  x8:0x10692e09  x8=0x00400046
       11625000	      1161	800009b8	f3ac8a03	lb	x20,-198(x25)	 x25:0x80008c06 x20=0x00000029 PA:0x80008b40
       11635000	      1162	800009bc	f6ac9903	lh	x18,-150(x25)	 x25:0x80008c06 x18=0xffff9ff6 PA:0x80008b70
       11645000	      1163	800009c0	00cf5f93	srli	x31,x30,0xc	 x30:0x00000002 x31=0x00000000
       11655000	      1164	800009c4	fdbc85a3	sb	x27,-53(x25)	 x25:0x80008c06 x27:0xfffffffb PA:0x80008bd1
       11665000	      1165	800009c8	01391293	slli	x5,x18,0x13	 x18:0xffff9ff6  x5=0xffb00000
       11675000	      1166	800009cc	0cbcce03	lbu	x28,203(x25)	 x25:0x80008c06 x28=0x000000fd PA:0x80008cd1
       11685000	      1167	800009d0	02bc8703	lb	x14,43(x25)	 x25:0x80008c06 x14=0xffffffc9 PA:0x80008c31
       11695000	      1168	800009d4	04cc82a3	sb	x12,69(x25)	 x25:0x80008c06 x12:0x80000000 PA:0x80008c4b
       11705000	      1169	800009d8	093c8ba3	sb	x19,151(x25)	 x25:0x80008c06 x19:0x00003348 PA:0x80008c9d
       11715000	      1170	800009dc	fbec8e03	lb	x28,-66(x25)	 x25:0x80008c06 x28=0xffffff98 PA:0x80008bc4
       11725000	      1171	800009e0	05fcc703	lbu	x14,95(x25)	 x25:0x80008c06 x14=0x0000008b PA:0x80008c65
       11735000	      1172	800009e4	015a1013	slli	x0,x20,0x15	 x20:0x00000029
       11745000	      1173	800009e8	002a1c33	sll	x24,x20,x2	 x20:0x00000029  x2:0x80009f50 x24=0x00290000
       11755000	      1174	800009ec	00d75013	srli	x0,x14,0xd	 x14:0x0000008b
       11765000	      1175	800009f0	f66cc683	lbu	x13,-154(x25)	 x25:0x80008c06 x13=0x000000f9 PA:0x80008b6c
       11775000	      1176	800009f4	0ffc8d83	lb	x27,255(x25)	 x25:0x80008c06 x27=0x00000061 PA:0x80008d05
       11785000	      1177	00000000	00000013	addi	x0,x0,0	  x0:0x00000000
       11795000	      1178	800009f8	ffbc85a3	sb	x27,-21(x25)	 x25:0x80008c06 x27:0x00000061 PA:0x80008bf1
       11805000	      1179	800009fc	f8617413	andi	x8,x2,-122	  x2:0x80009f50  x8=0x80009f00
       11815000	      1180	80000a00	7a1d8e93	addi	x29,x27,1953	 x27:0x00000061 x29=0x00000802
       11825000	      1181	80000a04	f09c84a3	sb	x9,-247(x25)	 x25:0x80008c06  x9:0x00000031 PA:0x80008b0f
       11835000	      1182	80000a08	f2bb0113	addi	x2,x22,-213	 x22:0x00000000  x2=0xffffff2b
       11845000	      1183	80000a0c	fb8c9303	lh	x6,-72(x25)	 x25:0x80008c06  x6=0x000050fb PA:0x80008bbe
       11855000	      1184	80000a10	f1acc183	lbu	x3,-230(x25)	 x25:0x80008c06  x3=0x000000c6 PA:0x80008b20
       11865000	      1185	80000a14	0f1c8b03	lb	x22,241(x25)	 x25:0x80008c06 x22=0x00000068 PA:0x80008cf7
       11875000	      1186	80000a18	f55ccd83	lbu	x27,-171(x25)	 x25:0x80008c06 x27=0x00000093 PA:0x80008b5b
       11885000	      1187	80000a1c	f9d10d93	addi	x27,x2,-99	  x2:0xffffff2b x27=0xfffffec8
       11895000	      1188	80000a20	016aa3b3	slt	x7,x21,x22	 x21:0x00000000 x22:0x00000068  x7=0x00000001
       11905000	      1189	80000a24	0e9c8883	lb	x17,233(x25)	 x25:0x80008c06 x17=0xffffffff PA:0x80008cef
       11915000	      1190	80000a28	f5fc8a23	sb	x31,-172(x25)	 x25:0x80008c06 x31:0x00000000 PA:0x80008b5a
       11925000	      1191	80000a2c	00008917	auipc	x18,0x8	 x18=0x80008a28
       11935000	      1192	80000a30	e7b90913	addi	x18,x18,-389	 x18:0x80008a28 x18=0x800088a3
       11945000	      1193	80000a34	00990023	sb	x9,0(x18)	 x18:0x800088a3  x9:0x00000031 PA:0x800088a3
       11955000	      1194	80000a38	9703b393	sltiu	x7,x7,-1680	  x7:0x00000001  x7=0x00000001
       11965000	      1195	80000a3c	00590723	sb	x5,14(x18)	 x18:0x800088a3  x5:0xffb00000 PA:0x800088b1
       11975000	      1196	80000a40	01955c33	srl	x24,x10,x25	 x10:0x80009f60 x25:0x80008c06 x24=0x0200027d
       11985000	      1197	80000a44	01235c13	srli	x24,x6,0x12	  x6:0x000050fb x24=0x00000000
       11995000	      1198	80000a48	007e38b3	sltu	x17,x28,x7	 x28:0xffffff98  x7:0x00000001 x17=0x00000000
       12005000	      1199	80000a4c	fe290923	sb	x2,-14(x18)	 x18:0x800088a3  x2:0xffffff2b PA:0x80008895
       12015000	      1200	80000a50	01c633b3	sltu	x7,x12,x28	 x12:0x80000000 x28:0xffffff98  x7=0x00000001
       12025000	      1201	80000a54	4154d0b3	sra	x1,x9,x21	  x9:0x00000031 x21:0x00000000  x1=0x00000031
       12035000	      1202	80000a58	40395093	srai	x1,x18,0x3	 x18:0x800088a3  x1=0xf0001114
       12045000	      1203	80000a5c	ff491ba3	sh	x20,-9(x18)	 x18:0x800088a3 x20:0x00000029 PA:0x8000889a
       12055000	      1204	80000a60	00d90823	sb	x13,16(x18)	 x18:0x800088a3 x13:0x000000f9 PA:0x800088b3
       12065000	      1205	80000a64	00290123	sb	x2,2(x18)	 x18:0x800088a3  x2:0xffffff2b PA:0x800088a5
       12075000	      1206	80000a68	ff694403	lbu	x8,-10(x18)	 x18:0x800088a3  x8=0x0000006b PA:0x80008899
       12085000	      1207	80000a6c	ff894003	lbu	x0,-8(x18)	 x18:0x800088a3 PA:0x8000889b
       12095000	      1208	80000a70	f0102c13	slti	x24,x0,-255	  x0:0x00000000 x24=0x00000000
       12105000	      1209	80000a74	0137b233	sltu	x4,x15,x19	 x15:0xfffffffb x19:0x00003348  x4=0x00000000
       12115000	      1210	80000a78	ff790b03	lb	x22,-9(x18)	 x18:0x800088a3 x22=0x00000029 PA:0x8000889a
       12125000	      1211	00000000	00000013	addi	x0,x0,0	  x0:0x00000000
       12135000	      1212	80000a7c	ff690f83	lb	x31,-10(x18)	 x18:0x800088a3 x31=0x0000006b PA:0x80008899
       12145000	      1213	80000a80	019e8133	add	x2,x29,x25	 x29:0x00000802 x25:0x80008c06  x2=0x80009408
       12155000	      1214	80000a84	00694783	lbu	x15,6(x18)	 x18:0x800088a3 x15=0x00000031 PA:0x800088a9
       12165000	      1215	80000a88	ff690103	lb	x2,-10(x18)	 x18:0x800088a3  x2=0x0000006b PA:0x80008899
       12175000	      1216	80000a8c	fb8da297	auipc	x5,0xfb8da	  x5=0x7b8daa88
       12185000	      1217	80000a90	401406b3	sub	x13,x8,x1	  x8:0x0000006b  x1:0xf0001114 x13=0x0fffef57
       12195000	      1218	80000a94	2ae3c293	xori	x5,x7,686	  x7:0x00000001  x5=0x000002af
       12205000	      1219	80000a98	00d94303	lbu	x6,13(x18)	 x18:0x800088a3  x6=0x00000032 PA:0x800088b0
       12215000	      1220	80000a9c	ffe90403	lb	x8,-2(x18)	 x18:0x800088a3  x8=0x00000044 PA:0x800088a1
       12225000	      1221	80000aa0	8c376893	ori	x17,x14,-1853	 x14:0x0000008b x17=0xfffff8cb
       12235000	      1222	80000aa4	00d95483	lhu	x9,13(x18)	 x18:0x800088a3  x9=0x00000032 PA:0x800088b0
       12245000	      1223	80000aa8	01d1dcb3	srl	x25,x3,x29	  x3:0x000000c6 x29:0x00000802 x25=0x00000031
       12255000	      1224	80000aac	00d7ee33	or	x28,x15,x13	 x15:0x00000031 x13:0x0fffef57 x28=0x0fffef77
       12265000	      1225	80000ab0	6550ca13	xori	x20,x1,1621	  x1:0xf0001114 x20=0xf0001741
       12275000	      1226	80000ab4	015d0b33	add	x22,x26,x21	 x26:0x800080e2 x21:0x00000000 x22=0x800080e2
       12285000	      1227	80000ab8	04dc8463	beq	x25,x13,80000b00	 x25:0x00000031 x13:0x0fffef57
       12295000	      1228	80000abc	03a99463	bne	x19,x26,80000ae4	 x19:0x00003348 x26:0x800080e2
       12305000	      1229	00000000	00000013	addi	x0,x0,0	  x0:0x00000000
       12315000	      1230	80000ae0	00000013	addi	x0,x0,0	  x0:0x00000000
       12325000	      1231	80000ae4	02a25863	bge	x4,x10,80000b14	  x4:0x00000000 x10:0x80009f60
       12335000	      1232	00000000	00000013	addi	x0,x0,0	  x0:0x00000000
       12345000	      1233	80000b10	00000013	addi	x0,x0,0	  x0:0x00000000
       12355000	      1234	80000b14	02254c63	blt	x10,x2,80000b4c	 x10:0x80009f60  x2:0x0000006b
       12365000	      1235	00000000	00000013	addi	x0,x0,0	  x0:0x00000000
       12375000	      1236	80000b48	00000013	addi	x0,x0,0	  x0:0x00000000
       12385000	      1237	80000b4c	d887ba93	sltiu	x21,x15,-632	 x15:0x00000031 x21=0x00000001
       12395000	      1238	80000b50	0098de93	srli	x29,x17,0x9	 x17:0xfffff8cb x29=0x007ffffc
       12405000	      1239	80000b54	411788b3	sub	x17,x15,x17	 x15:0x00000031 x17:0xfffff8cb x17=0x00000766
       12415000	      1240	80000b58	00ff1c63	bne	x30,x15,80000b70	 x30:0x00000002 x15:0x00000031
       12425000	      1241	00000000	00000013	addi	x0,x0,0	  x0:0x00000000
       12435000	      1242	80000b6c	00000013	addi	x0,x0,0	  x0:0x00000000
       12445000	      1243	80000b70	082ce263	bltu	x25,x2,80000bf4	 x25:0x00000031  x2:0x0000006b
       12455000	      1244	00000000	00000013	addi	x0,x0,0	  x0:0x00000000
       12465000	      1245	80000bf0	00000013	addi	x0,x0,0	  x0:0x00000000
       12475000	      1246	80000bf4	0002c233	xor	x4,x5,x0	  x5:0x000002af  x0:0x00000000  x4=0x000002af
       12485000	      1247	80000bf8	015a9e13	slli	x28,x21,0x15	 x21:0x00000001 x28=0x00200000
       12495000	      1248	80000bfc	015fb6b3	sltu	x13,x31,x21	 x31:0x0000006b x21:0x00000001 x13=0x00000000
       12505000	      1249	80000c00	00044033	xor	x0,x8,x0	  x8:0x00000044  x0:0x00000000
       12515000	      1250	80000c04	01b01d13	slli	x26,x0,0x1b	  x0:0x00000000 x26=0x00000000
       12525000	      1251	80000c08	04dd8663	beq	x27,x13,80000c54	 x27:0xfffffec8 x13:0x00000000
       12535000	      1252	80000c0c	000b7cb3	and	x25,x22,x0	 x22:0x800080e2  x0:0x00000000 x25=0x00000000
       12545000	      1253	80000c10	00000013	addi	x0,x0,0	  x0:0x00000000
       12555000	      1254	80000c14	009156b3	srl	x13,x2,x9	  x2:0x0000006b  x9:0x00000032 x13=0x00000000
       12565000	      1255	80000c18	01e0feb3	and	x29,x1,x30	  x1:0xf0001114 x30:0x00000002 x29=0x00000000
       12575000	      1256	80000c1c	01a61e63	bne	x12,x26,80000c38	 x12:0x80000000 x26:0x00000000
       12585000	      1257	00000000	00000013	addi	x0,x0,0	  x0:0x00000000
       12595000	      1258	80000c34	00000013	addi	x0,x0,0	  x0:0x00000000
       12605000	      1259	80000c38	048ff463	bgeu	x31,x8,80000c80	 x31:0x0000006b  x8:0x00000044
       12615000	      1260	00000000	00000013	addi	x0,x0,0	  x0:0x00000000
       12625000	      1261	80000c7c	00000013	addi	x0,x0,0	  x0:0x00000000
       12635000	      1262	80000c80	40a3d093	srai	x1,x7,0xa	  x7:0x00000001  x1=0x00000000
       12645000	      1263	80000c84	c6d74a93	xori	x21,x14,-915	 x14:0x0000008b x21=0xfffffce6
       12655000	      1264	80000c88	017818b3	sll	x17,x16,x23	 x16:0x80009fc4 x23:0x80e20000 x17=0x80009fc4
       12665000	      1265	80000c8c	0f5e0463	beq	x28,x21,80000d74	 x28:0x00200000 x21:0xfffffce6
       12675000	      1266	80000c90	41375a33	sra	x20,x14,x19	 x14:0x0000008b x19:0x00003348 x20=0x00000000
       12685000	      1267	80000c94	0071c433	xor	x8,x3,x7	  x3:0x000000c6  x7:0x00000001  x8=0x000000c7
       12695000	      1268	80000c98	01f81f33	sll	x30,x16,x31	 x16:0x80009fc4 x31:0x0000006b x30=0x04fe2000
       12705000	      1269	80000c9c	18130693	addi	x13,x6,385	  x6:0x00000032 x13=0x000001b3
       12715000	      1270	80000ca0	0dadfc63	bgeu	x27,x26,80000d78	 x27:0xfffffec8 x26:0x00000000
       12725000	      1271	00000000	00000013	addi	x0,x0,0	  x0:0x00000000
       12735000	      1272	80000d74	00000013	addi	x0,x0,0	  x0:0x00000000
       12745000	      1273	80000d78	4e1d4093	xori	x1,x26,1249	 x26:0x00000000  x1=0x000004e1
       12755000	      1274	80000d7c	012740b3	xor	x1,x14,x18	 x14:0x0000008b x18:0x800088a3  x1=0x80008828
       12765000	      1275	80000d80	416b0e33	sub	x28,x22,x22	 x22:0x800080e2 x22:0x800080e2 x28=0x00000000
       12775000	      1276	80000d84	044cc863	blt	x25,x4,80000dd4	 x25:0x00000000  x4:0x000002af
       12785000	      1277	00000000	00000013	addi	x0,x0,0	  x0:0x00000000
       12795000	      1278	80000dd0	00000013	addi	x0,x0,0	  x0:0x00000000
       12805000	      1279	80000dd4	04e99463	bne	x19,x14,80000e1c	 x19:0x00003348 x14:0x0000008b
       12815000	      1280	00000000	00000013	addi	x0,x0,0	  x0:0x00000000
       12825000	      1281	80000e18	00000013	addi	x0,x0,0	  x0:0x00000000
       12835000	      1282	80000e1c	011e5093	srli	x1,x28,0x11	 x28:0x00000000  x1=0x00000000
       12845000	      1283	80000e20	4042dcb3	sra	x25,x5,x4	  x5:0x000002af  x4:0x000002af x25=0x00000000
       12855000	      1284	80000e24	00000013	addi	x0,x0,0	  x0:0x00000000
       12865000	      1285	80000e28	01310a33	add	x20,x2,x19	  x2:0x0000006b x19:0x00003348 x20=0x000033b3
       12875000	      1286	80000e2c	00de5013	srli	x0,x28,0xd	 x28:0x00000000
       12885000	      1287	80000e30	00000013	addi	x0,x0,0	  x0:0x00000000
       12895000	      1288	80000e34	d83d7193	andi	x3,x26,-637	 x26:0x00000000  x3=0x00000000
       12905000	      1289	80000e38	41bb0033	sub	x0,x22,x27	 x22:0x800080e2 x27:0xfffffec8
       12915000	      1290	80000e3c	00aff2b3	and	x5,x31,x10	 x31:0x0000006b x10:0x80009f60  x5=0x00000060
       12925000	      1291	80000e40	4d616413	ori	x8,x2,1238	  x2:0x0000006b  x8=0x000004ff
       12935000	      1292	80000e44	38f5f493	andi	x9,x11,911	 x11:0x3bfffc90  x9=0x00000080
       12945000	      1293	80000e48	00479a33	sll	x20,x15,x4	 x15:0x00000031  x4:0x000002af x20=0x00188000
       12955000	      1294	80000e4c	01e541b3	xor	x3,x10,x30	 x10:0x80009f60 x30:0x04fe2000  x3=0x84febf60
       12965000	      1295	80000e50	010ffa33	and	x20,x31,x16	 x31:0x0000006b x16:0x80009fc4 x20=0x00000040
       12975000	      1296	80000e54	034c8863	beq	x25,x20,80000e84	 x25:0x00000000 x20:0x00000040
       12985000	      1297	80000e58	01bf07b3	add	x15,x30,x27	 x30:0x04fe2000 x27:0xfffffec8 x15=0x04fe1ec8
       12995000	      1298	80000e5c	011472b3	and	x5,x8,x17	  x8:0x000004ff x17:0x80009fc4  x5=0x000004c4
       13005000	      1299	80000e60	638f4437	lui	x8,0x638f4	  x8=0x638f4000
       13015000	      1300	80000e64	40ae5313	srai	x6,x28,0xa	 x28:0x00000000  x6=0x00000000
       13025000	      1301	80000e68	00d3cc63	blt	x7,x13,80000e80	  x7:0x00000001 x13:0x000001b3
       13035000	      1302	00000000	00000013	addi	x0,x0,0	  x0:0x00000000
       13045000	      1303	80000e7c	00000013	addi	x0,x0,0	  x0:0x00000000
       13055000	      1304	80000e80	0145de93	srli	x29,x11,0x14	 x11:0x3bfffc90 x29=0x000003bf
       13065000	      1305	80000e84	01b74f33	xor	x30,x14,x27	 x14:0x0000008b x27:0xfffffec8 x30=0xfffffe43
       13075000	      1306	80000e88	01418663	beq	x3,x20,80000e94	  x3:0x84febf60 x20:0x00000040
       13085000	      1307	80000e8c	6b106713	ori	x14,x0,1713	  x0:0x00000000 x14=0x000006b1
       13095000	      1308	80000e90	00924133	xor	x2,x4,x9	  x4:0x000002af  x9:0x00000080  x2=0x0000022f
       13105000	      1309	80000e94	a69ba413	slti	x8,x23,-1431	 x23:0x80e20000  x8=0x00000001
       13115000	      1310	80000e98	03778a63	beq	x15,x23,80000ecc	 x15:0x04fe1ec8 x23:0x80e20000
       13125000	      1311	80000e9c	8dcf9c97	auipc	x25,0x8dcf9	 x25=0x0dcf9e98
       13135000	      1312	80000ea0	7fae8a93	addi	x21,x29,2042	 x29:0x000003bf x21=0x00000bb9
       13145000	      1313	80000ea4	01b95e63	bge	x18,x27,80000ec0	 x18:0x800088a3 x27:0xfffffec8
       13155000	      1314	80000ea8	01de5313	srli	x6,x28,0x1d	 x28:0x00000000  x6=0x00000000
       13165000	      1315	80000eac	0191c863	blt	x3,x25,80000ebc	  x3:0x84febf60 x25:0x0dcf9e98
       13175000	      1316	00000000	00000013	addi	x0,x0,0	  x0:0x00000000
       13185000	      1317	80000eb8	00000013	addi	x0,x0,0	  x0:0x00000000
       13195000	      1318	80000ebc	17e83f97	auipc	x31,0x17e83	 x31=0x97e83eb8
       13205000	      1319	80000ec0	1b076f13	ori	x30,x14,432	 x14:0x000006b1 x30=0x000007b1
       13215000	      1320	80000ec4	01fdf4b3	and	x9,x27,x31	 x27:0xfffffec8 x31:0x97e83eb8  x9=0x97e83e88
       13225000	      1321	80000ec8	013e1693	slli	x13,x28,0x13	 x28:0x00000000 x13=0x00000000
       13235000	      1322	80000ecc	01ad5e93	srli	x29,x26,0x1a	 x26:0x00000000 x29=0x00000000
       13245000	      1323	80000ed0	02bbd863	bge	x23,x11,80000f00	 x23:0x80e20000 x11:0x3bfffc90
       13255000	      1324	80000ed4	e2d7eb13	ori	x22,x15,-467	 x15:0x04fe1ec8 x22=0xfffffeed
       13265000	      1325	80000ed8	00297a63	bgeu	x18,x2,80000eec	 x18:0x800088a3  x2:0x0000022f
       13275000	      1326	00000000	00000013	addi	x0,x0,0	  x0:0x00000000
       13285000	      1327	80000ee8	00000013	addi	x0,x0,0	  x0:0x00000000
       13295000	      1328	80000eec	052c9463	bne	x25,x18,80000f34	 x25:0x0dcf9e98 x18:0x800088a3
       13305000	      1329	00000000	00000013	addi	x0,x0,0	  x0:0x00000000
       13315000	      1330	80000f30	00000013	addi	x0,x0,0	  x0:0x00000000
       13325000	      1331	80000f34	014323b3	slt	x7,x6,x20	  x6:0x00000000 x20:0x00000040  x7=0x00000001
       13335000	      1332	80000f38	690f0cb7	lui	x25,0x690f0	 x25=0x690f0000
       13345000	      1333	80000f3c	0d07f413	andi	x8,x15,208	 x15:0x04fe1ec8  x8=0x000000c0
       13355000	      1334	80000f40	011197b3	sll	x15,x3,x17	  x3:0x84febf60 x17:0x80009fc4 x15=0x4febf600
       13365000	      1335	80000f44	40c00bb3	sub	x23,x0,x12	  x0:0x00000000 x12:0x80000000 x23=0x80000000
       13375000	      1336	80000f48	01117033	and	x0,x2,x17	  x2:0x0000022f x17:0x80009fc4
       13385000	      1337	80000f4c	0071c7b3	xor	x15,x3,x7	  x3:0x84febf60  x7:0x00000001 x15=0x84febf61
       13395000	      1338	80000f50	0193fab3	and	x21,x7,x25	  x7:0x00000001 x25:0x690f0000 x21=0x00000000
       13405000	      1339	80000f54	01ba7933	and	x18,x20,x27	 x20:0x00000040 x27:0xfffffec8 x18=0x00000040
       13415000	      1340	80000f58	cc880213	addi	x4,x16,-824	 x16:0x80009fc4  x4=0x80009c8c
       13425000	      1341	80000f5c	00000013	addi	x0,x0,0	  x0:0x00000000
       13435000	      1342	80000f60	02da6863	bltu	x20,x13,80000f90	 x20:0x00000040 x13:0x00000000
       13445000	      1343	80000f64	018e9013	slli	x0,x29,0x18	 x29:0x00000000
       13455000	      1344	80000f68	018a5b93	srli	x23,x20,0x18	 x20:0x00000040 x23=0x00000000
       13465000	      1345	80000f6c	00959eb3	sll	x29,x11,x9	 x11:0x3bfffc90  x9:0x97e83e88 x29=0xfffc9000
       13475000	      1346	80000f70	05357463	bgeu	x10,x19,80000fb8	 x10:0x80009f60 x19:0x00003348
       13485000	      1347	00000000	00000013	addi	x0,x0,0	  x0:0x00000000
       13495000	      1348	80000fb4	00000013	addi	x0,x0,0	  x0:0x00000000
       13505000	      1349	80000fb8	405756b3	sra	x13,x14,x5	 x14:0x000006b1  x5:0x000004c4 x13=0x0000006b
       13515000	      1350	80000fbc	40845393	srai	x7,x8,0x8	  x8:0x000000c0  x7=0x00000000
       13525000	      1351	80000fc0	41f6d313	srai	x6,x13,0x1f	 x13:0x0000006b  x6=0x00000000
       13535000	      1352	80000fc4	40828333	sub	x6,x5,x8	  x5:0x000004c4  x8:0x000000c0  x6=0x00000404
       13545000	      1353	80000fc8	c0962d93	slti	x27,x12,-1015	 x12:0x80000000 x27=0x00000001
       13555000	      1354	80000fcc	401e50b3	sra	x1,x28,x1	 x28:0x00000000  x1:0x00000000  x1=0x00000000
       13565000	      1355	80000fd0	007c86b3	add	x13,x25,x7	 x25:0x690f0000  x7:0x00000000 x13=0x690f0000
       13575000	      1356	80000fd4	eb43ce13	xori	x28,x7,-332	  x7:0x00000000 x28=0xfffffeb4
       13585000	      1357	80000fd8	407d5193	srai	x3,x26,0x7	 x26:0x00000000  x3=0x00000000
       13595000	      1358	80000fdc	02724863	blt	x4,x7,8000100c	  x4:0x80009c8c  x7:0x00000000
       13605000	      1359	00000000	00000013	addi	x0,x0,0	  x0:0x00000000
       13615000	      1360	80001008	00000013	addi	x0,x0,0	  x0:0x00000000
       13625000	      1361	8000100c	00308cb3	add	x25,x1,x3	  x1:0x00000000  x3:0x00000000 x25=0x00000000
       13635000	      1362	80001010	4045df93	srai	x31,x11,0x4	 x11:0x3bfffc90 x31=0x03bfffc9
       13645000	      1363	80001014	9ba3b913	sltiu	x18,x7,-1606	  x7:0x00000000 x18=0x00000001
       13655000	      1364	80001018	0361c863	blt	x3,x22,80001048	  x3:0x00000000 x22:0xfffffeed
       13665000	      1365	8000101c	008480b3	add	x1,x9,x8	  x9:0x97e83e88  x8:0x000000c0  x1=0x97e83f48
       13675000	      1366	80001020	02a09863	bne	x1,x10,80001050	  x1:0x97e83f48 x10:0x80009f60
       13685000	      1367	00000000	00000013	addi	x0,x0,0	  x0:0x00000000
       13695000	      1368	8000104c	00000013	addi	x0,x0,0	  x0:0x00000000
       13705000	      1369	80001050	f5450113	addi	x2,x10,-172	 x10:0x80009f60  x2=0x80009eb4
       13715000	      1370	80001054	01776933	or	x18,x14,x23	 x14:0x000006b1 x23:0x00000000 x18=0x000006b1
       13725000	      1371	80001058	412a5213	srai	x4,x20,0x12	 x20:0x00000040  x4=0x00000000
       13735000	      1372	8000105c	b8ac6f13	ori	x30,x24,-1142	 x24:0x00000000 x30=0xfffffb8a
       13745000	      1373	80001060	0379ea63	bltu	x19,x23,80001094	 x19:0x00003348 x23:0x00000000
       13755000	      1374	80001064	2697be13	sltiu	x28,x15,617	 x15:0x84febf61 x28=0x00000000
       13765000	      1375	80001068	2c178713	addi	x14,x15,705	 x15:0x84febf61 x14=0x84fec222
       13775000	      1376	8000106c	9d9547b7	lui	x15,0x9d954	 x15=0x9d954000
       13785000	      1377	80001070	01a63ab3	sltu	x21,x12,x26	 x12:0x80000000 x26:0x00000000 x21=0x00000000
       13795000	      1378	80001074	01e908b3	add	x17,x18,x30	 x18:0x000006b1 x30:0xfffffb8a x17=0x0000023b
       13805000	      1379	80001078	4de64693	xori	x13,x12,1246	 x12:0x80000000 x13=0x800004de
       13815000	      1380	8000107c	003f2033	slt	x0,x30,x3	 x30:0xfffffb8a  x3:0x00000000
       13825000	      1381	80001080	408907b3	sub	x15,x18,x8	 x18:0x000006b1  x8:0x000000c0 x15=0x000005f1
       13835000	      1382	80001084	00ef7033	and	x0,x30,x14	 x30:0xfffffb8a x14:0x84fec222
       13845000	      1383	80001088	00520863	beq	x4,x5,80001098	  x4:0x00000000  x5:0x000004c4
       13855000	      1384	8000108c	00000013	addi	x0,x0,0	  x0:0x00000000
       13865000	      1385	80001090	40c0de13	srai	x28,x1,0xc	  x1:0x97e83f48 x28=0xfff97e83
       13875000	      1386	80001094	019dfa63	bgeu	x27,x25,800010a8	 x27:0x00000001 x25:0x00000000
       13885000	      1387	00000000	00000013	addi	x0,x0,0	  x0:0x00000000
       13895000	      1388	800010a4	00000013	addi	x0,x0,0	  x0:0x00000000
       13905000	      1389	800010a8	0042a7b3	slt	x15,x5,x4	  x5:0x000004c4  x4:0x00000000 x15=0x00000000
       13915000	      1390	800010ac	40d18c93	addi	x25,x3,1037	  x3:0x00000000 x25=0x0000040d
       13925000	      1391	800010b0	00000013	addi	x0,x0,0	  x0:0x00000000
       13935000	      1392	800010b4	12426313	ori	x6,x4,292	  x4:0x00000000  x6=0x00000124
       13945000	      1393	800010b8	00efa4b3	slt	x9,x31,x14	 x31:0x03bfffc9 x14:0x84fec222  x9=0x00000000
       13955000	      1394	800010bc	40530f33	sub	x30,x6,x5	  x6:0x00000124  x5:0x000004c4 x30=0xfffffc60
       13965000	      1395	800010c0	41ca5eb3	sra	x29,x20,x28	 x20:0x00000040 x28:0xfff97e83 x29=0x00000008
       13975000	      1396	800010c4	204e3193	sltiu	x3,x28,516	 x28:0xfff97e83  x3=0x00000000
       13985000	      1397	800010c8	01f68733	add	x14,x13,x31	 x13:0x800004de x31:0x03bfffc9 x14=0x83c004a7
       13995000	      1398	800010cc	00555e63	bge	x10,x5,800010e8	 x10:0x80009f60  x5:0x000004c4
       14005000	      1399	800010d0	00000013	addi	x0,x0,0	  x0:0x00000000
       14015000	      1400	800010d4	00645293	srli	x5,x8,0x6	  x8:0x000000c0  x5=0x00000003
       14025000	      1401	800010d8	8b624693	xori	x13,x4,-1866	  x4:0x00000000 x13=0xfffff8b6
       14035000	      1402	800010dc	03c6e663	bltu	x13,x28,80001108	 x13:0xfffff8b6 x28:0xfff97e83
       14045000	      1403	800010e0	41cb52b3	sra	x5,x22,x28	 x22:0xfffffeed x28:0xfff97e83  x5=0xffffffdd
       14055000	      1404	800010e4	40440db3	sub	x27,x8,x4	  x8:0x000000c0  x4:0x00000000 x27=0x000000c0
       14065000	      1405	800010e8	64b63993	sltiu	x19,x12,1611	 x12:0x80000000 x19=0x00000000
       14075000	      1406	800010ec	03e87263	bgeu	x16,x30,80001110	 x16:0x80009fc4 x30:0xfffffc60
       14085000	      1407	800010f0	23c62437	lui	x8,0x23c62	  x8=0x23c62000
       14095000	      1408	800010f4	00c227b3	slt	x15,x4,x12	  x4:0x00000000 x12:0x80000000 x15=0x00000000
       14105000	      1409	800010f8	0041bab3	sltu	x21,x3,x4	  x3:0x00000000  x4:0x00000000 x21=0x00000000
       14115000	      1410	800010fc	000c98b3	sll	x17,x25,x0	 x25:0x0000040d  x0:0x00000000 x17=0x0000040d
       14125000	      1411	80001100	d276c493	xori	x9,x13,-729	 x13:0xfffff8b6  x9=0x00000591
       14135000	      1412	80001104	00000013	addi	x0,x0,0	  x0:0x00000000
       14145000	      1413	80001108	31777f93	andi	x31,x14,791	 x14:0x83c004a7 x31=0x00000007
       14155000	      1414	8000110c	8935fd13	andi	x26,x11,-1901	 x11:0x3bfffc90 x26=0x3bfff890
       14165000	      1415	80001110	055e6463	bltu	x28,x21,80001158	 x28:0xfff97e83 x21:0x00000000
       14175000	      1416	80001114	79fe3f13	sltiu	x30,x28,1951	 x28:0xfff97e83 x30=0x00000000
       14185000	      1417	80001118	01195c93	srli	x25,x18,0x11	 x18:0x000006b1 x25=0x00000000
       14195000	      1418	8000111c	04bf7463	bgeu	x30,x11,80001164	 x30:0x00000000 x11:0x3bfffc90
       14205000	      1419	80001120	40e0dcb3	sra	x25,x1,x14	  x1:0x97e83f48 x14:0x83c004a7 x25=0xff2fd07e
       14215000	      1420	80001124	3a5a3713	sltiu	x14,x20,933	 x20:0x00000040 x14=0x00000001
       14225000	      1421	80001128	01f6fb33	and	x22,x13,x31	 x13:0xfffff8b6 x31:0x00000007 x22=0x00000006
       14235000	      1422	8000112c	40995333	sra	x6,x18,x9	 x18:0x000006b1  x9:0x00000591  x6=0x00000000
       14245000	      1423	80001130	006f0663	beq	x30,x6,8000113c	 x30:0x00000000  x6:0x00000000
       14255000	      1424	00000000	00000013	addi	x0,x0,0	  x0:0x00000000
       14265000	      1425	80001138	00000013	addi	x0,x0,0	  x0:0x00000000
       14275000	      1426	8000113c	01d3abb3	slt	x23,x7,x29	  x7:0x00000000 x29:0x00000008 x23=0x00000001
       14285000	      1427	80001140	0355cc63	blt	x11,x21,80001178	 x11:0x3bfffc90 x21:0x00000000
       14295000	      1428	80001144	01b71913	slli	x18,x14,0x1b	 x14:0x00000001 x18=0x08000000
       14305000	      1429	80001148	40b85133	sra	x2,x16,x11	 x16:0x80009fc4 x11:0x3bfffc90  x2=0xffff8000
       14315000	      1430	8000114c	8db97113	andi	x2,x18,-1829	 x18:0x08000000  x2=0x08000000
       14325000	      1431	80001150	011d9c33	sll	x24,x27,x17	 x27:0x000000c0 x17:0x0000040d x24=0x00180000
       14335000	      1432	80001154	00000013	addi	x0,x0,0	  x0:0x00000000
       14345000	      1433	80001158	d7263213	sltiu	x4,x12,-654	 x12:0x80000000  x4=0x00000001
       14355000	      1434	8000115c	019a0db3	add	x27,x20,x25	 x20:0x00000040 x25:0xff2fd07e x27=0xff2fd0be
       14365000	      1435	80001160	00db5193	srli	x3,x22,0xd	 x22:0x00000006  x3=0x00000000
       14375000	      1436	80001164	00d29a13	slli	x20,x5,0xd	  x5:0xffffffdd x20=0xfffba000
       14385000	      1437	80001168	aad06893	ori	x17,x0,-1363	  x0:0x00000000 x17=0xfffffaad
       14395000	      1438	8000116c	0100c133	xor	x2,x1,x16	  x1:0x97e83f48 x16:0x80009fc4  x2=0x17e8a08c
       14405000	      1439	80001170	00832cb3	slt	x25,x6,x8	  x6:0x00000000  x8:0x23c62000 x25=0x00000001
       14415000	      1440	80001174	00000013	addi	x0,x0,0	  x0:0x00000000
       14425000	      1441	80001178	564b6713	ori	x14,x22,1380	 x22:0x00000006 x14=0x00000566
       14435000	      1442	8000117c	0384da63	bge	x9,x24,800011b0	  x9:0x00000591 x24:0x00180000
       14445000	      1443	80001180	6d755f37	lui	x30,0x6d755	 x30=0x6d755000
       14455000	      1444	80001184	a7c97b13	andi	x22,x18,-1412	 x18:0x08000000 x22=0x08000000
       14465000	      1445	80001188	00000013	addi	x0,x0,0	  x0:0x00000000
       14475000	      1446	8000118c	013923b3	slt	x7,x18,x19	 x18:0x08000000 x19:0x00000000  x7=0x00000000
       14485000	      1447	80001190	012b8433	add	x8,x23,x18	 x23:0x00000001 x18:0x08000000  x8=0x08000001
       14495000	      1448	80001194	02b37863	bgeu	x6,x11,800011c4	  x6:0x00000000 x11:0x3bfffc90
       14505000	      1449	80001198	aada7a13	andi	x20,x20,-1363	 x20:0xfffba000 x20=0xfffba000
       14515000	      1450	8000119c	017b8f33	add	x30,x23,x23	 x23:0x00000001 x23:0x00000001 x30=0x00000002
       14525000	      1451	800011a0	03d61863	bne	x12,x29,800011d0	 x12:0x80000000 x29:0x00000008
       14535000	      1452	00000000	00000013	addi	x0,x0,0	  x0:0x00000000
       14545000	      1453	800011cc	00000013	addi	x0,x0,0	  x0:0x00000000
       14555000	      1454	800011d0	00379e93	slli	x29,x15,0x3	 x15:0x00000000 x29=0x00000000
       14565000	      1455	800011d4	01d6bdb3	sltu	x27,x13,x29	 x13:0xfffff8b6 x29:0x00000000 x27=0x00000000
       14575000	      1456	800011d8	42290413	addi	x8,x18,1058	 x18:0x08000000  x8=0x08000422
       14585000	      1457	800011dc	f47ac313	xori	x6,x21,-185	 x21:0x00000000  x6=0xffffff47
       14595000	      1458	800011e0	01bfb7b3	sltu	x15,x31,x27	 x31:0x00000007 x27:0x00000000 x15=0x00000000
       14605000	      1459	800011e4	7fac8a93	addi	x21,x25,2042	 x25:0x00000001 x21=0x000007fb
       14615000	      1460	800011e8	4e033493	sltiu	x9,x6,1248	  x6:0xffffff47  x9=0x00000000
       14625000	      1461	800011ec	05d69263	bne	x13,x29,80001230	 x13:0xfffff8b6 x29:0x00000000
       14635000	      1462	00000000	00000013	addi	x0,x0,0	  x0:0x00000000
       14645000	      1463	8000122c	00000013	addi	x0,x0,0	  x0:0x00000000
       14655000	      1464	80001230	00556e63	bltu	x10,x5,8000124c	 x10:0x80009f60  x5:0xffffffdd
       14665000	      1465	00000000	00000013	addi	x0,x0,0	  x0:0x00000000
       14675000	      1466	80001248	00000013	addi	x0,x0,0	  x0:0x00000000
       14685000	      1467	8000124c	018e0fb3	add	x31,x28,x24	 x28:0xfff97e83 x24:0x00180000 x31=0x00117e83
       14695000	      1468	80001250	b1e56193	ori	x3,x10,-1250	 x10:0x80009f60  x3=0xffffff7e
       14705000	      1469	80001254	01bee9b3	or	x19,x29,x27	 x29:0x00000000 x27:0x00000000 x19=0x00000000
       14715000	      1470	80001258	01adda93	srli	x21,x27,0x1a	 x27:0x00000000 x21=0x00000000
       14725000	      1471	8000125c	018ebcb3	sltu	x25,x29,x24	 x29:0x00000000 x24:0x00180000 x25=0x00000001
       14735000	      1472	80001260	01fb7463	bgeu	x22,x31,80001268	 x22:0x08000000 x31:0x00117e83
       14745000	      1473	00000000	00000013	addi	x0,x0,0	  x0:0x00000000
       14755000	      1474	80001264	00000013	addi	x0,x0,0	  x0:0x00000000
       14765000	      1475	80001268	45b4ec93	ori	x25,x9,1115	  x9:0x00000000 x25=0x0000045b
       14775000	      1476	8000126c	014e4663	blt	x28,x20,80001278	 x28:0xfff97e83 x20:0xfffba000
       14785000	      1477	00000000	00000013	addi	x0,x0,0	  x0:0x00000000
       14795000	      1478	80001274	00000013	addi	x0,x0,0	  x0:0x00000000
       14805000	      1479	80001278	00e65c63	bge	x12,x14,80001290	 x12:0x80000000 x14:0x00000566
       14815000	      1480	8000127c	00439b13	slli	x22,x7,0x4	  x7:0x00000000 x22=0x00000000
       14825000	      1481	80001280	af354997	auipc	x19,0xaf354	 x19=0x2f35527c
       14835000	      1482	80001284	00b7c8b3	xor	x17,x15,x11	 x15:0x00000000 x11:0x3bfffc90 x17=0x3bfffc90
       14845000	      1483	80001288	01b71193	slli	x3,x14,0x1b	 x14:0x00000566  x3=0x30000000
       14855000	      1484	8000128c	00ef81b3	add	x3,x31,x14	 x31:0x00117e83 x14:0x00000566  x3=0x001183e9
       14865000	      1485	80001290	bab8bfb7	lui	x31,0xbab8b	 x31=0xbab8b000
       14875000	      1486	80001294	04091863	bne	x18,x0,800012e4	 x18:0x08000000  x0:0x00000000
       14885000	      1487	00000000	00000013	addi	x0,x0,0	  x0:0x00000000
       14895000	      1488	800012e0	00000013	addi	x0,x0,0	  x0:0x00000000
       14905000	      1489	800012e4	01ecc6b3	xor	x13,x25,x30	 x25:0x0000045b x30:0x00000002 x13=0x00000459
       14915000	      1490	800012e8	0080a7b3	slt	x15,x1,x8	  x1:0x97e83f48  x8:0x08000422 x15=0x00000001
       14925000	      1491	800012ec	028c0863	beq	x24,x8,8000131c	 x24:0x00180000  x8:0x08000422
       14935000	      1492	800012f0	41b4dab3	sra	x21,x9,x27	  x9:0x00000000 x27:0x00000000 x21=0x00000000
       14945000	      1493	800012f4	01c23133	sltu	x2,x4,x28	  x4:0x00000001 x28:0xfff97e83  x2=0x00000001
       14955000	      1494	800012f8	00149fb3	sll	x31,x9,x1	  x9:0x00000000  x1:0x97e83f48 x31=0x00000000
       14965000	      1495	800012fc	00000013	addi	x0,x0,0	  x0:0x00000000
       14975000	      1496	80001300	01c0bf33	sltu	x30,x1,x28	  x1:0x97e83f48 x28:0xfff97e83 x30=0x00000001
       14985000	      1497	80001304	00d7fb33	and	x22,x15,x13	 x15:0x00000001 x13:0x00000459 x22=0x00000001
       14995000	      1498	80001308	018b5eb3	srl	x29,x22,x24	 x22:0x00000001 x24:0x00180000 x29=0x00000001
       15005000	      1499	8000130c	000171b3	and	x3,x2,x0	  x2:0x00000001  x0:0x00000000  x3=0x00000000
       15015000	      1500	80001310	404b0c33	sub	x24,x22,x4	 x22:0x00000001  x4:0x00000001 x24=0x00000000
       15025000	      1501	80001314	9c764717	auipc	x14,0x9c764	 x14=0x1c765310
       15035000	      1502	80001318	0915a313	slti	x6,x11,145	 x11:0x3bfffc90  x6=0x00000000
       15045000	      1503	8000131c	001e1133	sll	x2,x28,x1	 x28:0xfff97e83  x1:0x97e83f48  x2=0xf97e8300
       15055000	      1504	80001320	4095de13	srai	x28,x11,0x9	 x11:0x3bfffc90 x28=0x001dfffe
       15065000	      1505	80001324	a7e60093	addi	x1,x12,-1410	 x12:0x80000000  x1=0x7ffffa7e
       15075000	      1506	80001328	415fdab3	sra	x21,x31,x21	 x31:0x00000000 x21:0x00000000 x21=0x00000000
       15085000	      1507	8000132c	418750b3	sra	x1,x14,x24	 x14:0x1c765310 x24:0x00000000  x1=0x1c765310
       15095000	      1508	80001330	002dcb33	xor	x22,x27,x2	 x27:0x00000000  x2:0xf97e8300 x22=0xf97e8300
       15105000	      1509	80001334	40868fb3	sub	x31,x13,x8	 x13:0x00000459  x8:0x08000422 x31=0xf8000037
       15115000	      1510	80001338	0093fcb3	and	x25,x7,x9	  x7:0x00000000  x9:0x00000000 x25=0x00000000
       15125000	      1511	8000133c	00635193	srli	x3,x6,0x6	  x6:0x00000000  x3=0x00000000
       15135000	      1512	80001340	01cf6cb3	or	x25,x30,x28	 x30:0x00000001 x28:0x001dfffe x25=0x001dffff
       15145000	      1513	80001344	04d65463	bge	x12,x13,8000138c	 x12:0x80000000 x13:0x00000459
       15155000	      1514	80001348	41175433	sra	x8,x14,x17	 x14:0x1c765310 x17:0x3bfffc90  x8=0x00001c76
       15165000	      1515	8000134c	ea656ab7	lui	x21,0xea656	 x21=0xea656000
       15175000	      1516	80001350	cf258b97	auipc	x23,0xcf258	 x23=0x4f25934c
       15185000	      1517	80001354	04ed4463	blt	x26,x14,8000139c	 x26:0x3bfff890 x14:0x1c765310
       15195000	      1518	80001358	30f52d17	auipc	x26,0x30f52	 x26=0xb0f53354
       15205000	      1519	8000135c	9282e193	ori	x3,x5,-1752	  x5:0xffffffdd  x3=0xfffffffd
       15215000	      1520	80001360	4008d013	srai	x0,x17,0x0	 x17:0x3bfffc90
       15225000	      1521	80001364	02258a63	beq	x11,x2,80001398	 x11:0x3bfffc90  x2:0xf97e8300
       15235000	      1522	80001368	00fef2b3	and	x5,x29,x15	 x29:0x00000001 x15:0x00000001  x5=0x00000001
       15245000	      1523	8000136c	03cf5863	bge	x30,x28,8000139c	 x30:0x00000001 x28:0x001dfffe
       15255000	      1524	80001370	2ecbcd97	auipc	x27,0x2ecbc	 x27=0xaecbd36c
       15265000	      1525	80001374	010557b3	srl	x15,x10,x16	 x10:0x80009f60 x16:0x80009fc4 x15=0x080009f6
       15275000	      1526	80001378	5c756f17	auipc	x30,0x5c756	 x30=0xdc757374
       15285000	      1527	8000137c	4097d013	srai	x0,x15,0x9	 x15:0x080009f6
       15295000	      1528	80001380	05218463	beq	x3,x18,800013c8	  x3:0xfffffffd x18:0x08000000
       15305000	      1529	80001384	aecb3f93	sltiu	x31,x22,-1300	 x22:0xf97e8300 x31=0x00000001
       15315000	      1530	80001388	04ed0663	beq	x26,x14,800013d4	 x26:0xb0f53354 x14:0x1c765310
       15325000	      1531	8000138c	41b802b3	sub	x5,x16,x27	 x16:0x80009fc4 x27:0xaecbd36c  x5=0xd134cc58
       15335000	      1532	80001390	089a4393	xori	x7,x20,137	 x20:0xfffba000  x7=0xfffba089
       15345000	      1533	80001394	01ebda13	srli	x20,x23,0x1e	 x23:0x4f25934c x20=0x00000001
       15355000	      1534	80001398	01bd6b33	or	x22,x26,x27	 x26:0xb0f53354 x27:0xaecbd36c x22=0xbefff37c
       15365000	      1535	8000139c	f38b3193	sltiu	x3,x22,-200	 x22:0xbefff37c  x3=0x00000001
       15375000	      1536	800013a0	00000013	addi	x0,x0,0	  x0:0x00000000
       15385000	      1537	800013a4	401d5f13	srai	x30,x26,0x1	 x26:0xb0f53354 x30=0xd87a99aa
       15395000	      1538	800013a8	41d505b3	sub	x11,x10,x29	 x10:0x80009f60 x29:0x00000001 x11=0x80009f5f
       15405000	      1539	800013ac	00da0033	add	x0,x20,x13	 x20:0x00000001 x13:0x00000459
       15415000	      1540	800013b0	c4827393	andi	x7,x4,-952	  x4:0x00000001  x7=0x00000000
       15425000	      1541	800013b4	01ea7ab3	and	x21,x20,x30	 x20:0x00000001 x30:0xd87a99aa x21=0x00000000
       15435000	      1542	800013b8	1b302e93	slti	x29,x0,435	  x0:0x00000000 x29=0x00000001
       15445000	      1543	800013bc	0168ca63	blt	x17,x22,800013d0	 x17:0x3bfffc90 x22:0xbefff37c
       15455000	      1544	800013c0	01711b13	slli	x22,x2,0x17	  x2:0xf97e8300 x22=0x80000000
       15465000	      1545	800013c4	02d4e263	bltu	x9,x13,800013e8	  x9:0x00000000 x13:0x00000459
       15475000	      1546	00000000	00000013	addi	x0,x0,0	  x0:0x00000000
       15485000	      1547	800013e4	00000013	addi	x0,x0,0	  x0:0x00000000
       15495000	      1548	800013e8	03685263	bge	x16,x22,8000140c	 x16:0x80009fc4 x22:0x80000000
       15505000	      1549	00000000	00000013	addi	x0,x0,0	  x0:0x00000000
       15515000	      1550	80001408	00000013	addi	x0,x0,0	  x0:0x00000000
       15525000	      1551	8000140c	019d5a93	srli	x21,x26,0x19	 x26:0xb0f53354 x21=0x00000058
       15535000	      1552	80001410	00000013	addi	x0,x0,0	  x0:0x00000000
       15545000	      1553	80001414	9997a093	slti	x1,x15,-1639	 x15:0x080009f6  x1=0x00000000
       15555000	      1554	80001418	35a02913	slti	x18,x0,858	  x0:0x00000000 x18=0x00000001
       15565000	      1555	8000141c	01a9f233	and	x4,x19,x26	 x19:0x2f35527c x26:0xb0f53354  x4=0x20351254
       15575000	      1556	80001420	03755a63	bge	x10,x23,80001454	 x10:0x80009f60 x23:0x4f25934c
       15585000	      1557	80001424	04e79663	bne	x15,x14,80001470	 x15:0x080009f6 x14:0x1c765310
       15595000	      1558	00000000	00000013	addi	x0,x0,0	  x0:0x00000000
       15605000	      1559	8000146c	00000013	addi	x0,x0,0	  x0:0x00000000
       15615000	      1560	80001470	01700a63	beq	x0,x23,80001484	  x0:0x00000000 x23:0x4f25934c
       15625000	      1561	80001474	40f05293	srai	x5,x0,0xf	  x0:0x00000000  x5=0x00000000
       15635000	      1562	80001478	9a287493	andi	x9,x16,-1630	 x16:0x80009fc4  x9=0x80009980
       15645000	      1563	8000147c	40425413	srai	x8,x4,0x4	  x4:0x20351254  x8=0x02035125
       15655000	      1564	80001480	00d28bb3	add	x23,x5,x13	  x5:0x00000000 x13:0x00000459 x23=0x00000459
       15665000	      1565	80001484	00df6c63	bltu	x30,x13,8000149c	 x30:0xd87a99aa x13:0x00000459
       15675000	      1566	80001488	011c8863	beq	x25,x17,80001498	 x25:0x001dffff x17:0x3bfffc90
       15685000	      1567	8000148c	016a23b3	slt	x7,x20,x22	 x20:0x00000001 x22:0x80000000  x7=0x00000000
       15695000	      1568	80001490	064f1063	bne	x30,x4,800014f0	 x30:0xd87a99aa  x4:0x20351254
       15705000	      1569	00000000	00000013	addi	x0,x0,0	  x0:0x00000000
       15715000	      1570	800014ec	00000013	addi	x0,x0,0	  x0:0x00000000
       15725000	      1571	800014f0	00d86033	or	x0,x16,x13	 x16:0x80009fc4 x13:0x00000459
       15735000	      1572	800014f4	00561e33	sll	x28,x12,x5	 x12:0x80000000  x5:0x00000000 x28=0x80000000
       15745000	      1573	800014f8	03f82793	slti	x15,x16,63	 x16:0x80009fc4 x15=0x00000001
       15755000	      1574	800014fc	010876b3	and	x13,x16,x16	 x16:0x80009fc4 x16:0x80009fc4 x13=0x80009fc4
       15765000	      1575	80001500	00da1b33	sll	x22,x20,x13	 x20:0x00000001 x13:0x80009fc4 x22=0x00000010
       15775000	      1576	80001504	aadee713	ori	x14,x29,-1363	 x29:0x00000001 x14=0xfffffaad
       15785000	      1577	80001508	412bde93	srai	x29,x23,0x12	 x23:0x00000459 x29=0x00000000
       15795000	      1578	8000150c	0d53a993	slti	x19,x7,213	  x7:0x00000000 x19=0x00000001
       15805000	      1579	80001510	01914233	xor	x4,x2,x25	  x2:0xf97e8300 x25:0x001dffff  x4=0xf9637cff
       15815000	      1580	80001514	00000013	addi	x0,x0,0	  x0:0x00000000
       15825000	      1581	80001518	0135dd13	srli	x26,x11,0x13	 x11:0x80009f5f x26=0x00001000
       15835000	      1582	8000151c	00272fb3	slt	x31,x14,x2	 x14:0xfffffaad  x2:0xf97e8300 x31=0x00000000
       15845000	      1583	80001520	e90a3e93	sltiu	x29,x20,-368	 x20:0x00000001 x29=0x00000001
       15855000	      1584	80001524	722e6d93	ori	x27,x28,1826	 x28:0x80000000 x27=0x80000722
       15865000	      1585	80001528	01825013	srli	x0,x4,0x18	  x4:0xf9637cff
       15875000	      1586	8000152c	01f4f7b3	and	x15,x9,x31	  x9:0x80009980 x31:0x00000000 x15=0x00000000
       15885000	      1587	80001530	401fda93	srai	x21,x31,0x1	 x31:0x00000000 x21=0x00000000
       15895000	      1588	80001534	01f31013	slli	x0,x6,0x1f	  x6:0x00000000
       15905000	      1589	80001538	2cc58437	lui	x8,0x2cc58	  x8=0x2cc58000
       15915000	      1590	8000153c	41bc82b3	sub	x5,x25,x27	 x25:0x001dffff x27:0x80000722  x5=0x801df8dd
       15925000	      1591	80001540	402150b3	sra	x1,x2,x2	  x2:0xf97e8300  x2:0xf97e8300  x1=0xf97e8300
       15935000	      1592	80001544	41f25093	srai	x1,x4,0x1f	  x4:0xf9637cff  x1=0xffffffff
       15945000	      1593	80001548	00000013	addi	x0,x0,0	  x0:0x00000000
       15955000	      1594	8000154c	41d087b3	sub	x15,x1,x29	  x1:0xffffffff x29:0x00000001 x15=0xfffffffe
       15965000	      1595	80001550	04f37463	bgeu	x6,x15,80001598	  x6:0x00000000 x15:0xfffffffe
       15975000	      1596	80001554	010abdb3	sltu	x27,x21,x16	 x21:0x00000000 x16:0x80009fc4 x27=0x00000001
       15985000	      1597	80001558	a66e0493	addi	x9,x28,-1434	 x28:0x80000000  x9=0x7ffffa66
       15995000	      1598	8000155c	00af6c63	bltu	x30,x10,80001574	 x30:0xd87a99aa x10:0x80009f60
       16005000	      1599	80001560	007902b3	add	x5,x18,x7	 x18:0x00000001  x7:0x00000000  x5=0x00000001
       16015000	      1600	80001564	01d814b3	sll	x9,x16,x29	 x16:0x80009fc4 x29:0x00000001  x9=0x00013f88
       16025000	      1601	80001568	00c99d33	sll	x26,x19,x12	 x19:0x00000001 x12:0x80000000 x26=0x00000001
       16035000	      1602	8000156c	a50db193	sltiu	x3,x27,-1456	 x27:0x00000001  x3=0x00000001
       16045000	      1603	80001570	e7a54e97	auipc	x29,0xe7a54	 x29=0x67a5556c
       16055000	      1604	80001574	00333f33	sltu	x30,x6,x3	  x6:0x00000000  x3:0x00000001 x30=0x00000001
       16065000	      1605	80001578	a8410c13	addi	x24,x2,-1404	  x2:0xf97e8300 x24=0xf97e7d84
       16075000	      1606	8000157c	9afd8917	auipc	x18,0x9afd8	 x18=0x1afd9578
       16085000	      1607	80001580	00000013	addi	x0,x0,0	  x0:0x00000000
       16095000	      1608	80001584	00a05293	srli	x5,x0,0xa	  x0:0x00000000  x5=0x00000000
       16105000	      1609	80001588	001fe2b3	or	x5,x31,x1	 x31:0x00000000  x1:0xffffffff  x5=0xffffffff
       16115000	      1610	8000158c	79f74e13	xori	x28,x14,1951	 x14:0xfffffaad x28=0xfffffd32
       16125000	      1611	80001590	00bfc463	blt	x31,x11,80001598	 x31:0x00000000 x11:0x80009f5f
       16135000	      1612	80001594	bbef0197	auipc	x3,0xbbef0	  x3=0x3bef1590
       16145000	      1613	80001598	70d1ad93	slti	x27,x3,1805	  x3:0x3bef1590 x27=0x00000000
       16155000	      1614	8000159c	0173dc63	bge	x7,x23,800015b4	  x7:0x00000000 x23:0x00000459
       16165000	      1615	800015a0	00000013	addi	x0,x0,0	  x0:0x00000000
       16175000	      1616	800015a4	031f7a63	bgeu	x30,x17,800015d8	 x30:0x00000001 x17:0x3bfffc90
       16185000	      1617	800015a8	0268f663	bgeu	x17,x6,800015d4	 x17:0x3bfffc90  x6:0x00000000
       16195000	      1618	00000000	00000013	addi	x0,x0,0	  x0:0x00000000
       16205000	      1619	800015d0	00000013	addi	x0,x0,0	  x0:0x00000000
       16215000	      1620	800015d4	88bff493	andi	x9,x31,-1909	 x31:0x00000000  x9=0x00000000
       16225000	      1621	800015d8	009dc033	xor	x0,x27,x9	 x27:0x00000000  x9:0x00000000
       16235000	      1622	800015dc	40f00e33	sub	x28,x0,x15	  x0:0x00000000 x15:0xfffffffe x28=0x00000002
       16245000	      1623	800015e0	f93d7c13	andi	x24,x26,-109	 x26:0x00000001 x24=0x00000001
       16255000	      1624	800015e4	05adf463	bgeu	x27,x26,8000162c	 x27:0x00000000 x26:0x00000001
       16265000	      1625	800015e8	34367793	andi	x15,x12,835	 x12:0x80000000 x15=0x00000000
       16275000	      1626	800015ec	03f3c863	blt	x7,x31,8000161c	  x7:0x00000000 x31:0x00000000
       16285000	      1627	800015f0	007946b3	xor	x13,x18,x7	 x18:0x1afd9578  x7:0x00000000 x13=0x1afd9578
       16295000	      1628	800015f4	000bdf13	srli	x30,x23,0x0	 x23:0x00000459 x30=0x00000459
       16305000	      1629	800015f8	01b3c6b3	xor	x13,x7,x27	  x7:0x00000000 x27:0x00000000 x13=0x00000000
       16315000	      1630	800015fc	0086d4b3	srl	x9,x13,x8	 x13:0x00000000  x8:0x2cc58000  x9=0x00000000
       16325000	      1631	80001600	405bdcb3	sra	x25,x23,x5	 x23:0x00000459  x5:0xffffffff x25=0x00000000
       16335000	      1632	80001604	94dd8a93	addi	x21,x27,-1715	 x27:0x00000000 x21=0xfffff94d
       16345000	      1633	80001608	008969b3	or	x19,x18,x8	 x18:0x1afd9578  x8:0x2cc58000 x19=0x3efd9578
       16355000	      1634	8000160c	03b1e263	bltu	x3,x27,80001630	  x3:0x3bef1590 x27:0x00000000
       16365000	      1635	80001610	02f88863	beq	x17,x15,80001640	 x17:0x3bfffc90 x15:0x00000000
       16375000	      1636	80001614	4c8b2213	slti	x4,x22,1224	 x22:0x00000010  x4=0x00000001
       16385000	      1637	80001618	08d209b7	lui	x19,0x8d20	 x19=0x08d20000
       16395000	      1638	8000161c	ead23413	sltiu	x8,x4,-339	  x4:0x00000001  x8=0x00000001
       16405000	      1639	80001620	4c15ac37	lui	x24,0x4c15a	 x24=0x4c15a000
       16415000	      1640	80001624	037dc263	blt	x27,x23,80001648	 x27:0x00000000 x23:0x00000459
       16425000	      1641	00000000	00000013	addi	x0,x0,0	  x0:0x00000000
       16435000	      1642	80001644	00000013	addi	x0,x0,0	  x0:0x00000000
       16445000	      1643	80001648	400f8d33	sub	x26,x31,x0	 x31:0x00000000  x0:0x00000000 x26=0x00000000
       16455000	      1644	8000164c	40bc0cb3	sub	x25,x24,x11	 x24:0x4c15a000 x11:0x80009f5f x25=0xcc1500a1
       16465000	      1645	80001650	00bef0b3	and	x1,x29,x11	 x29:0x67a5556c x11:0x80009f5f  x1=0x0000154c
       16475000	      1646	80001654	00c0efb3	or	x31,x1,x12	  x1:0x0000154c x12:0x80000000 x31=0x8000154c
       16485000	      1647	80001658	416454b3	sra	x9,x8,x22	  x8:0x00000001 x22:0x00000010  x9=0x00000000
       16495000	      1648	8000165c	41825e93	srai	x29,x4,0x18	  x4:0x00000001 x29=0x00000000
       16505000	      1649	80001660	4c73bb93	sltiu	x23,x7,1223	  x7:0x00000000 x23=0x00000001
       16515000	      1650	80001664	50d7eb13	ori	x22,x15,1293	 x15:0x00000000 x22=0x0000050d
       16525000	      1651	80001668	01ab5e13	srli	x28,x22,0x1a	 x22:0x0000050d x28=0x00000000
       16535000	      1652	8000166c	4e273493	sltiu	x9,x14,1250	 x14:0xfffffaad  x9=0x00000000
       16545000	      1653	80001670	00000013	addi	x0,x0,0	  x0:0x00000000
       16555000	      1654	80001674	dd962f13	slti	x30,x12,-551	 x12:0x80000000 x30=0x00000001
       16565000	      1655	80001678	013bde93	srli	x29,x23,0x13	 x23:0x00000001 x29=0x00000000
       16575000	      1656	8000167c	027cf863	bgeu	x25,x7,800016ac	 x25:0xcc1500a1  x7:0x00000000
       16585000	      1657	00000000	00000013	addi	x0,x0,0	  x0:0x00000000
       16595000	      1658	800016a8	00000013	addi	x0,x0,0	  x0:0x00000000
       16605000	      1659	800016ac	6796b097	auipc	x1,0x6796b	  x1=0xe796c6a8
       16615000	      1660	800016b0	5ddd6113	ori	x2,x26,1501	 x26:0x00000000  x2=0x000005dd
       16625000	      1661	800016b4	90b82a13	slti	x20,x16,-1781	 x16:0x80009fc4 x20=0x00000001
       16635000	      1662	800016b8	006e84b3	add	x9,x29,x6	 x29:0x00000000  x6:0x00000000  x9=0x00000000
       16645000	      1663	800016bc	00546c63	bltu	x8,x5,800016d4	  x8:0x00000001  x5:0xffffffff
       16655000	      1664	00000000	00000013	addi	x0,x0,0	  x0:0x00000000
       16665000	      1665	800016d0	00000013	addi	x0,x0,0	  x0:0x00000000
       16675000	      1666	800016d4	90588b93	addi	x23,x17,-1787	 x17:0x3bfffc90 x23=0x3bfff595
       16685000	      1667	800016d8	f2c96413	ori	x8,x18,-212	 x18:0x1afd9578  x8=0xffffff7c
       16695000	      1668	800016dc	01ee3a33	sltu	x20,x28,x30	 x28:0x00000000 x30:0x00000001 x20=0x00000001
       16705000	      1669	800016e0	c291a213	slti	x4,x3,-983	  x3:0x3bef1590  x4=0x00000000
       16715000	      1670	800016e4	01644c63	blt	x8,x22,800016fc	  x8:0xffffff7c x22:0x0000050d
       16725000	      1671	00000000	00000013	addi	x0,x0,0	  x0:0x00000000
       16735000	      1672	800016f8	00000013	addi	x0,x0,0	  x0:0x00000000
       16745000	      1673	800016fc	05648463	beq	x9,x22,80001744	  x9:0x00000000 x22:0x0000050d
       16755000	      1674	80001700	03c6ec63	bltu	x13,x28,80001738	 x13:0x00000000 x28:0x00000000
       16765000	      1675	80001704	01a5d2b3	srl	x5,x11,x26	 x11:0x80009f5f x26:0x00000000  x5=0x80009f5f
       16775000	      1676	80001708	009c9033	sll	x0,x25,x9	 x25:0xcc1500a1  x9:0x00000000
       16785000	      1677	8000170c	012eacb3	slt	x25,x29,x18	 x29:0x00000000 x18:0x1afd9578 x25=0x00000001
       16795000	      1678	80001710	026c9863	bne	x25,x6,80001740	 x25:0x00000001  x6:0x00000000
       16805000	      1679	00000000	00000013	addi	x0,x0,0	  x0:0x00000000
       16815000	      1680	8000173c	00000013	addi	x0,x0,0	  x0:0x00000000
       16825000	      1681	80001740	f6c90a93	addi	x21,x18,-148	 x18:0x1afd9578 x21=0x1afd94e4
       16835000	      1682	80001744	005d1f33	sll	x30,x26,x5	 x26:0x00000000  x5:0x80009f5f x30=0x00000000
       16845000	      1683	80001748	00699863	bne	x19,x6,80001758	 x19:0x08d20000  x6:0x00000000
       16855000	      1684	00000000	00000013	addi	x0,x0,0	  x0:0x00000000
       16865000	      1685	80001754	00000013	addi	x0,x0,0	  x0:0x00000000
       16875000	      1686	80001758	c8768a13	addi	x20,x13,-889	 x13:0x00000000 x20=0xfffffc87
       16885000	      1687	8000175c	00452303	lw	x6,4(x10)	 x10:0x80009f60  x6=0x8000077c PA:0x80009f64
       16895000	      1688	80001760	49900297	auipc	x5,0x49900	  x5=0xc990175c
       16905000	      1689	80001764	01f99b33	sll	x22,x19,x31	 x19:0x08d20000 x31:0x8000154c x22=0x20000000
       16915000	      1690	80001768	02450513	addi	x10,x10,36	 x10:0x80009f60 x10=0x80009f84
       16925000	      1691	8000176c	f5f0cd93	xori	x27,x1,-161	  x1:0xe796c6a8 x27=0x186939f7
       16935000	      1692	80001770	00000013	addi	x0,x0,0	  x0:0x00000000
       16945000	      1693	80001774	960c7e13	andi	x28,x24,-1696	 x24:0x4c15a000 x28=0x4c15a000
       16955000	      1694	80001778	00030193	addi	x3,x6,0	  x6:0x8000077c  x3=0x8000077c
       16965000	      1695	8000177c	000181e7	jalr	x3,x3,0	  x3:0x8000077c  x3=0x8000177c
       16975000	      1696	00000000	00000013	addi	x0,x0,0	  x0:0x00000000
       16985000	      1697	8000077c	00000013	addi	x0,x0,0	  x0:0x00000000
       16995000	      1698	80000780	0172e2b3	or	x5,x5,x23	  x5:0xc990175c x23:0x3bfff595  x5=0xfbfff7dd
       17005000	      1699	80000784	0170b2b3	sltu	x5,x1,x23	  x1:0xe796c6a8 x23:0x3bfff595  x5=0x00000000
       17015000	      1700	80000788	018d43b3	xor	x7,x26,x24	 x26:0x00000000 x24:0x4c15a000  x7=0x4c15a000
       17025000	      1701	8000078c	008c8463	beq	x25,x8,80000794	 x25:0x00000001  x8:0xffffff7c
       17035000	      1702	80000790	1ded0937	lui	x18,0x1ded0	 x18=0x1ded0000
       17045000	      1703	80000794	01b14c33	xor	x24,x2,x27	  x2:0x000005dd x27:0x186939f7 x24=0x18693c2a
       17055000	      1704	80000798	c6eeea13	ori	x20,x29,-914	 x29:0x00000000 x20=0xfffffc6e
       17065000	      1705	8000079c	b6b53593	sltiu	x11,x10,-1173	 x10:0x80009f84 x11=0x00000001
       17075000	      1706	800007a0	9da1a493	slti	x9,x3,-1574	  x3:0x8000177c  x9=0x00000001
       17085000	      1707	800007a4	00003697	auipc	x13,0x3	 x13=0x800037a0
       17095000	      1708	800007a8	25868693	addi	x13,x13,600	 x13:0x800037a0 x13=0x800039f8
       17105000	      1709	800007ac	019d6f33	or	x30,x26,x25	 x26:0x00000000 x25:0x00000001 x30=0x00000001
       17115000	      1710	800007b0	b70aea93	ori	x21,x21,-1168	 x21:0x1afd94e4 x21=0xfffffff4
       17125000	      1711	800007b4	d5f68693	addi	x13,x13,-673	 x13:0x800039f8 x13=0x80003757
       17135000	      1712	800007b8	01695393	srli	x7,x18,0x16	 x18:0x1ded0000  x7=0x00000077
       17145000	      1713	800007bc	01a263b3	or	x7,x4,x26	  x4:0x00000000 x26:0x00000000  x7=0x00000000
       17155000	      1714	800007c0	0059ce33	xor	x28,x19,x5	 x19:0x08d20000  x5:0x00000000 x28=0x08d20000
       17165000	      1715	800007c4	9fa50037	lui	x0,0x9fa50	
       17175000	      1716	800007c8	01f1f663	bgeu	x3,x31,800007d4	  x3:0x8000177c x31:0x8000154c
       17185000	      1717	00000000	00000013	addi	x0,x0,0	  x0:0x00000000
       17195000	      1718	800007d0	00000013	addi	x0,x0,0	  x0:0x00000000
       17205000	      1719	800007d4	2a268367	jalr	x6,x13,674	 x13:0x80003757  x6=0x800007d4
       17215000	      1720	00000000	00000013	addi	x0,x0,0	  x0:0x00000000
       17225000	      1721	800039f8	00000013	addi	x0,x0,0	  x0:0x00000000
       17235000	      1722	800039fc	9e352db7	lui	x27,0x9e352	 x27=0x9e352000
       17245000	      1723	80003a00	007954b3	srl	x9,x18,x7	 x18:0x1ded0000  x7:0x00000000  x9=0x1ded0000
       17255000	      1724	80003a04	fe450513	addi	x10,x10,-28	 x10:0x80009f84 x10=0x80009f68
       17265000	      1725	80003a08	097f0c93	addi	x25,x30,151	 x30:0x00000001 x25=0x00000098
       17275000	      1726	80003a0c	00ced2b3	srl	x5,x29,x12	 x29:0x00000000 x12:0x80000000  x5=0x00000000
       17285000	      1727	80003a10	40695eb3	sra	x29,x18,x6	 x18:0x1ded0000  x6:0x800007d4 x29=0x000001de
       17295000	      1728	80003a14	c7ec8197	auipc	x3,0xc7ec8	  x3=0x47ecba10
       17305000	      1729	80003a18	0135ec33	or	x24,x11,x19	 x11:0x00000001 x19:0x08d20000 x24=0x08d20001
       17315000	      1730	80003a1c	00652223	sw	x6,4(x10)	 x10:0x80009f68  x6:0x800007d4 PA:0x80009f6c
       17325000	      1731	80003a20	013917b3	sll	x15,x18,x19	 x18:0x1ded0000 x19:0x08d20000 x15=0x1ded0000
       17335000	      1732	80003a24	4d1af093	andi	x1,x21,1233	 x21:0xfffffff4  x1=0x000004d0
       17345000	      1733	80003a28	75be8793	addi	x15,x29,1883	 x29:0x000001de x15=0x00000939
       17355000	      1734	80003a2c	01d51463	bne	x10,x29,80003a34	 x10:0x80009f68 x29:0x000001de
       17365000	      1735	00000000	00000013	addi	x0,x0,0	  x0:0x00000000
       17375000	      1736	80003a30	00000013	addi	x0,x0,0	  x0:0x00000000
       17385000	      1737	80003a34	41b98333	sub	x6,x19,x27	 x19:0x08d20000 x27:0x9e352000  x6=0x6a9ce000
       17395000	      1738	80003a38	01c1e863	bltu	x3,x28,80003a48	  x3:0x47ecba10 x28:0x08d20000
       17405000	      1739	80003a3c	00404863	blt	x0,x4,80003a4c	  x0:0x00000000  x4:0x00000000
       17415000	      1740	80003a40	00000013	addi	x0,x0,0	  x0:0x00000000
       17425000	      1741	80003a44	03dc6263	bltu	x24,x29,80003a68	 x24:0x08d20001 x29:0x000001de
       17435000	      1742	80003a48	0019af33	slt	x30,x19,x1	 x19:0x08d20000  x1:0x000004d0 x30=0x00000000
       17445000	      1743	80003a4c	4026d2b3	sra	x5,x13,x2	 x13:0x80003757  x2:0x000005dd  x5=0xfffffffc
       17455000	      1744	80003a50	01b5f463	bgeu	x11,x27,80003a58	 x11:0x00000001 x27:0x9e352000
       17465000	      1745	80003a54	00c0f1b3	and	x3,x1,x12	  x1:0x000004d0 x12:0x80000000  x3=0x00000000
       17475000	      1746	80003a58	01d70bb3	add	x23,x14,x29	 x14:0xfffffaad x29:0x000001de x23=0xfffffc8b
       17485000	      1747	80003a5c	019a29b3	slt	x19,x20,x25	 x20:0xfffffc6e x25:0x00000098 x19=0x00000001
       17495000	      1748	80003a60	0a590213	addi	x4,x18,165	 x18:0x1ded0000  x4=0x1ded00a5
       17505000	      1749	80003a64	00145493	srli	x9,x8,0x1	  x8:0xffffff7c  x9=0x7fffffbe
       17515000	      1750	80003a68	0180d193	srli	x3,x1,0x18	  x1:0x000004d0  x3=0x00000000
       17525000	      1751	80003a6c	c7687b93	andi	x23,x16,-906	 x16:0x80009fc4 x23=0x80009c44
       17535000	      1752	80003a70	f95b35b7	lui	x11,0xf95b3	 x11=0xf95b3000
       17545000	      1753	80003a74	c49d0993	addi	x19,x26,-951	 x26:0x00000000 x19=0xfffffc49
       17555000	      1754	80003a78	40828ab3	sub	x21,x5,x8	  x5:0xfffffffc  x8:0xffffff7c x21=0x00000080
       17565000	      1755	80003a7c	059dd663	bge	x27,x25,80003ac8	 x27:0x9e352000 x25:0x00000098
       17575000	      1756	80003a80	018c2c33	slt	x24,x24,x24	 x24:0x08d20001 x24:0x08d20001 x24=0x00000000
       17585000	      1757	80003a84	dd566693	ori	x13,x12,-555	 x12:0x80000000 x13=0xfffffdd5
       17595000	      1758	80003a88	005fd433	srl	x8,x31,x5	 x31:0x8000154c  x5:0xfffffffc  x8=0x00000008
       17605000	      1759	80003a8c	1f1bb097	auipc	x1,0x1f1bb	  x1=0x9f1bea88
       17615000	      1760	80003a90	026a4063	blt	x20,x6,80003ab0	 x20:0xfffffc6e  x6:0x6a9ce000
       17625000	      1761	00000000	00000013	addi	x0,x0,0	  x0:0x00000000
       17635000	      1762	80003aac	00000013	addi	x0,x0,0	  x0:0x00000000
       17645000	      1763	80003ab0	00321c93	slli	x25,x4,0x3	  x4:0x1ded00a5 x25=0xef680528
       17655000	      1764	80003ab4	e0d26a93	ori	x21,x4,-499	  x4:0x1ded00a5 x21=0xfffffead
       17665000	      1765	80003ab8	90b90917	auipc	x18,0x90b90	 x18=0x10b93ab4
       17675000	      1766	80003abc	41e153b3	sra	x7,x2,x30	  x2:0x000005dd x30:0x00000000  x7=0x000005dd
       17685000	      1767	80003ac0	00f607b3	add	x15,x12,x15	 x12:0x80000000 x15:0x00000939 x15=0x80000939
       17695000	      1768	80003ac4	00ac9f93	slli	x31,x25,0xa	 x25:0xef680528 x31=0xa014a000
       17705000	      1769	80003ac8	007e5b33	srl	x22,x28,x7	 x28:0x08d20000  x7:0x000005dd x22=0x00000000
       17715000	      1770	80003acc	008b6463	bltu	x22,x8,80003ad4	 x22:0x00000000  x8:0x00000008
       17725000	      1771	00000000	00000013	addi	x0,x0,0	  x0:0x00000000
       17735000	      1772	80003ad0	00000013	addi	x0,x0,0	  x0:0x00000000
       17745000	      1773	80003ad4	d89aff13	andi	x30,x21,-631	 x21:0xfffffead x30=0xfffffc89
       17755000	      1774	80003ad8	01face63	blt	x21,x31,80003af4	 x21:0xfffffead x31:0xa014a000
       17765000	      1775	80003adc	005aa8b3	slt	x17,x21,x5	 x21:0xfffffead  x5:0xfffffffc x17=0x00000001
       17775000	      1776	80003ae0	01dc1d33	sll	x26,x24,x29	 x24:0x00000000 x29:0x000001de x26=0x00000000
       17785000	      1777	80003ae4	002cf463	bgeu	x25,x2,80003aec	 x25:0xef680528  x2:0x000005dd
       17795000	      1778	00000000	00000013	addi	x0,x0,0	  x0:0x00000000
       17805000	      1779	80003ae8	00000013	addi	x0,x0,0	  x0:0x00000000
       17815000	      1780	80003aec	001367b3	or	x15,x6,x1	  x6:0x6a9ce000  x1:0x9f1bea88 x15=0xff9fea88
       17825000	      1781	80003af0	65e98a13	addi	x20,x19,1630	 x19:0xfffffc49 x20=0x000002a7
       17835000	      1782	80003af4	02070863	beq	x14,x0,80003b24	 x14:0xfffffaad  x0:0x00000000
       17845000	      1783	80003af8	107e6293	ori	x5,x28,263	 x28:0x08d20000  x5=0x08d20107
       17855000	      1784	80003afc	41518933	sub	x18,x3,x21	  x3:0x00000000 x21:0xfffffead x18=0x00000153
       17865000	      1785	80003b00	0129fbb3	and	x23,x19,x18	 x19:0xfffffc49 x18:0x00000153 x23=0x00000041
       17875000	      1786	80003b04	04248263	beq	x9,x2,80003b48	  x9:0x7fffffbe  x2:0x000005dd
       17885000	      1787	80003b08	41bd06b3	sub	x13,x26,x27	 x26:0x00000000 x27:0x9e352000 x13=0x61cae000
       17895000	      1788	80003b0c	df9d3b93	sltiu	x23,x26,-519	 x26:0x00000000 x23=0x00000001
       17905000	      1789	80003b10	00fdf333	and	x6,x27,x15	 x27:0x9e352000 x15:0xff9fea88  x6=0x9e152000
       17915000	      1790	80003b14	2ce56c93	ori	x25,x10,718	 x10:0x80009f68 x25=0x80009fee
       17925000	      1791	80003b18	017f8cb3	add	x25,x31,x23	 x31:0xa014a000 x23:0x00000001 x25=0xa014a001
       17935000	      1792	80003b1c	00000013	addi	x0,x0,0	  x0:0x00000000
       17945000	      1793	80003b20	4eb1e193	ori	x3,x3,1259	  x3:0x00000000  x3=0x000004eb
       17955000	      1794	80003b24	02367463	bgeu	x12,x3,80003b4c	 x12:0x80000000  x3:0x000004eb
       17965000	      1795	00000000	00000013	addi	x0,x0,0	  x0:0x00000000
       17975000	      1796	80003b48	00000013	addi	x0,x0,0	  x0:0x00000000
       17985000	      1797	80003b4c	40c70733	sub	x14,x14,x12	 x14:0xfffffaad x12:0x80000000 x14=0x7ffffaad
       17995000	      1798	80003b50	0011b7b3	sltu	x15,x3,x1	  x3:0x000004eb  x1:0x9f1bea88 x15=0x00000001
       18005000	      1799	80003b54	41bedeb3	sra	x29,x29,x27	 x29:0x000001de x27:0x9e352000 x29=0x000001de
       18015000	      1800	80003b58	b84b0313	addi	x6,x22,-1148	 x22:0x00000000  x6=0xfffffb84
       18025000	      1801	80003b5c	6306c693	xori	x13,x13,1584	 x13:0x61cae000 x13=0x61cae630
       18035000	      1802	80003b60	404a5a33	sra	x20,x20,x4	 x20:0x000002a7  x4:0x1ded00a5 x20=0x00000015
       18045000	      1803	80003b64	610c8d93	addi	x27,x25,1552	 x25:0xa014a001 x27=0xa014a611
       18055000	      1804	80003b68	034fd263	bge	x31,x20,80003b8c	 x31:0xa014a000 x20:0x00000015
       18065000	      1805	80003b6c	2d5cda17	auipc	x20,0x2d5cd	 x20=0xad5d0b68
       18075000	      1806	80003b70	00a67e33	and	x28,x12,x10	 x12:0x80000000 x10:0x80009f68 x28=0x80000000
       18085000	      1807	80003b74	008afc63	bgeu	x21,x8,80003b8c	 x21:0xfffffead  x8:0x00000008
       18095000	      1808	00000000	00000013	addi	x0,x0,0	  x0:0x00000000
       18105000	      1809	80003b88	00000013	addi	x0,x0,0	  x0:0x00000000
       18115000	      1810	80003b8c	00e45f33	srl	x30,x8,x14	  x8:0x00000008 x14:0x7ffffaad x30=0x00000000
       18125000	      1811	80003b90	00452303	lw	x6,4(x10)	 x10:0x80009f68  x6=0x800007d4 PA:0x80009f6c
       18135000	      1812	80003b94	01c50513	addi	x10,x10,28	 x10:0x80009f68 x10=0x80009f84
       18145000	      1813	80003b98	0048dd33	srl	x26,x17,x4	 x17:0x00000001  x4:0x1ded00a5 x26=0x00000000
       18155000	      1814	80003b9c	a9f54093	xori	x1,x10,-1377	 x10:0x80009f84  x1=0x7fff651b
       18165000	      1815	80003ba0	40ed0eb3	sub	x29,x26,x14	 x26:0x00000000 x14:0x7ffffaad x29=0x80000553
       18175000	      1816	80003ba4	00251593	slli	x11,x10,0x2	 x10:0x80009f84 x11=0x00027e10
       18185000	      1817	80003ba8	01c918b3	sll	x17,x18,x28	 x18:0x00000153 x28:0x80000000 x17=0x00000153
       18195000	      1818	80003bac	00030f13	addi	x30,x6,0	  x6:0x800007d4 x30=0x800007d4
       18205000	      1819	80003bb0	000f0f67	jalr	x30,x30,0	 x30:0x800007d4 x30=0x80003bb0
       18215000	      1820	00000000	00000013	addi	x0,x0,0	  x0:0x00000000
       18225000	      1821	800007d4	00000013	addi	x0,x0,0	  x0:0x00000000
       18235000	      1822	800007d8	016894b3	sll	x9,x17,x22	 x17:0x00000153 x22:0x00000000  x9=0x00000153
       18245000	      1823	800007dc	0176d293	srli	x5,x13,0x17	 x13:0x61cae630  x5=0x000000c3
       18255000	      1824	800007e0	00e46a33	or	x20,x8,x14	  x8:0x00000008 x14:0x7ffffaad x20=0x7ffffaad
       18265000	      1825	800007e4	01721863	bne	x4,x23,800007f4	  x4:0x1ded00a5 x23:0x00000001
       18275000	      1826	00000000	00000013	addi	x0,x0,0	  x0:0x00000000
       18285000	      1827	800007f0	00000013	addi	x0,x0,0	  x0:0x00000000
       18295000	      1828	800007f4	4055de93	srai	x29,x11,0x5	 x11:0x00027e10 x29=0x000013f0
       18305000	      1829	800007f8	000d06b3	add	x13,x26,x0	 x26:0x00000000  x0:0x00000000 x13=0x00000000
       18315000	      1830	800007fc	003c6663	bltu	x24,x3,80000808	 x24:0x00000000  x3:0x000004eb
       18325000	      1831	00000000	00000013	addi	x0,x0,0	  x0:0x00000000
       18335000	      1832	80000804	00000013	addi	x0,x0,0	  x0:0x00000000
       18345000	      1833	80000808	006316b3	sll	x13,x6,x6	  x6:0x800007d4  x6:0x800007d4 x13=0x7d400000
       18355000	      1834	8000080c	00000617	auipc	x12,0x0	 x12=0x80000808
       18365000	      1835	80000810	00c60613	addi	x12,x12,12	 x12:0x80000808 x12=0x80000814
       18375000	      1836	80000814	00060067	jalr	x0,x12,0	 x12:0x80000814
       18385000	      1837	00000000	00000013	addi	x0,x0,0	  x0:0x00000000
       18395000	      1838	80000814	00000013	addi	x0,x0,0	  x0:0x00000000
       18405000	      1839	80000818	00100193	addi	x3,x0,1	  x0:0x00000000  x3=0x00000001
       18415000	      1840	8000081c	00000073	ecall	
       18425000	      1841	80000820	fdc50513	addi	x10,x10,-36	 x10:0x80009f84 x10=0x80009f60
