		Time			Cycle	PC		Insn	Decoded instruction	Register and memory contents
          65000	         5	80000004	00000293	addi	x5,x0,0	  x0:0x00000000  x5=0x00000000
          75000	         6	80000008	00000313	addi	x6,x0,0	  x0:0x00000000  x6=0x00000000
          85000	         7	8000000c	00628263	beq	x5,x6,80000010	  x5:0x00000000  x6:0x00000000
          95000	         8	00000000	00000013	addi	x0,x0,0	  x0:0x00000000
         105000	         9	8000000c	00000013	addi	x0,x0,0	  x0:0x00000000
         115000	        10	80000010	00000597	auipc	x11,0x0	 x11=0x8000000c
         125000	        11	80000014	00c58593	addi	x11,x11,12	 x11:0x8000000c x11=0x80000018
         135000	        12	80000018	00058067	jalr	x0,x11,0	 x11:0x80000018
         145000	        13	00000000	00000013	addi	x0,x0,0	  x0:0x00000000
         155000	        14	80000018	00000013	addi	x0,x0,0	  x0:0x00000000
         165000	        15	8000001c	40000337	lui	x6,0x40000	  x6=0x40000000
         175000	        16	80000020	10030313	addi	x6,x6,256	  x6:0x40000000  x6=0x40000100
         185000	        17	80000024	00000013	addi	x0,x0,0	  x0:0x00000000
         195000	        18	80000028	0000a817	auipc	x16,0xa	 x16=0x8000a024
         205000	        19	8000002c	fa080813	addi	x16,x16,-96	 x16:0x8000a024 x16=0x80009fc4
         215000	        20	80000030	00007317	auipc	x6,0x7	  x6=0x8000702c
         225000	        21	80000034	a3c30313	addi	x6,x6,-1476	  x6:0x8000702c  x6=0x80006a68
         235000	        22	80000038	00036313	ori	x6,x6,0	  x6:0x80006a68  x6=0x80006a68
         245000	        23	8000003c	00000013	addi	x0,x0,0	  x0:0x00000000
         255000	        24	80000040	00000317	auipc	x6,0x0	  x6=0x8000003c
         265000	        25	80000044	02030313	addi	x6,x6,32	  x6:0x8000003c  x6=0x8000005c
         275000	        26	80000048	00000013	addi	x0,x0,0	  x0:0x00000000
         285000	        27	8000004c	00000013	addi	x0,x0,0	  x0:0x00000000
         295000	        28	80000050	00002337	lui	x6,0x2	  x6=0x00002000
         305000	        29	80000054	80030313	addi	x6,x6,-2048	  x6:0x00002000  x6=0x00001800
         315000	        30	80000058	00000013	addi	x0,x0,0	  x0:0x00000000
         325000	        31	8000005c	00000013	addi	x0,x0,0	  x0:0x00000000
         335000	        32	80000060	ac303037	lui	x0,0xac303	
         345000	        33	80000064	25500013	addi	x0,x0,597	  x0:0x00000000
         355000	        34	80000068	00000093	addi	x1,x0,0	  x0:0x00000000  x1=0x00000000
         365000	        35	8000006c	00000113	addi	x2,x0,0	  x0:0x00000000  x2=0x00000000
         375000	        36	80000070	00400193	addi	x3,x0,4	  x0:0x00000000  x3=0x00000004
         385000	        37	80000074	80000237	lui	x4,0x80000	  x4=0x80000000
         395000	        38	80000078	00000293	addi	x5,x0,0	  x0:0x00000000  x5=0x00000000
         405000	        39	8000007c	a72c6337	lui	x6,0xa72c6	  x6=0xa72c6000
         415000	        40	80000080	11730313	addi	x6,x6,279	  x6:0xa72c6000  x6=0xa72c6117
         425000	        41	80000084	fce3e3b7	lui	x7,0xfce3e	  x7=0xfce3e000
         435000	        42	80000088	50038393	addi	x7,x7,1280	  x7:0xfce3e000  x7=0xfce3e500
         445000	        43	8000008c	00800413	addi	x8,x0,8	  x0:0x00000000  x8=0x00000008
         455000	        44	80000090	00000493	addi	x9,x0,0	  x0:0x00000000  x9=0x00000000
         465000	        45	80000094	80000537	lui	x10,0x80000	 x10=0x80000000
         475000	        46	80000098	00000593	addi	x11,x0,0	  x0:0x00000000 x11=0x00000000
         485000	        47	8000009c	00b00613	addi	x12,x0,11	  x0:0x00000000 x12=0x0000000b
         495000	        48	800000a0	c25876b7	lui	x13,0xc2587	 x13=0xc2587000
         505000	        49	800000a4	9b768693	addi	x13,x13,-1609	 x13:0xc2587000 x13=0xc25869b7
         515000	        50	800000a8	00000713	addi	x14,x0,0	  x0:0x00000000 x14=0x00000000
         525000	        51	800000ac	f06007b7	lui	x15,0xf0600	 x15=0xf0600000
         535000	        52	800000b0	f1378793	addi	x15,x15,-237	 x15:0xf0600000 x15=0xf05fff13
         545000	        53	800000b4	800008b7	lui	x17,0x80000	 x17=0x80000000
         555000	        54	800000b8	fa069937	lui	x18,0xfa069	 x18=0xfa069000
         565000	        55	800000bc	89890913	addi	x18,x18,-1896	 x18:0xfa069000 x18=0xfa068898
         575000	        56	800000c0	800009b7	lui	x19,0x80000	 x19=0x80000000
         585000	        57	800000c4	00000a93	addi	x21,x0,0	  x0:0x00000000 x21=0x00000000
         595000	        58	800000c8	00000b13	addi	x22,x0,0	  x0:0x00000000 x22=0x00000000
         605000	        59	800000cc	00a00b93	addi	x23,x0,10	  x0:0x00000000 x23=0x0000000a
         615000	        60	800000d0	80000c37	lui	x24,0x80000	 x24=0x80000000
         625000	        61	800000d4	80000cb7	lui	x25,0x80000	 x25=0x80000000
         635000	        62	800000d8	00000d13	addi	x26,x0,0	  x0:0x00000000 x26=0x00000000
         645000	        63	800000dc	80000db7	lui	x27,0x80000	 x27=0x80000000
         655000	        64	800000e0	80000e37	lui	x28,0x80000	 x28=0x80000000
         665000	        65	800000e4	80000eb7	lui	x29,0x80000	 x29=0x80000000
         675000	        66	800000e8	00300f13	addi	x30,x0,3	  x0:0x00000000 x30=0x00000003
         685000	        67	800000ec	00100f93	addi	x31,x0,1	  x0:0x00000000 x31=0x00000001
         695000	        68	800000f0	0000aa17	auipc	x20,0xa	 x20=0x8000a0ec
         705000	        69	800000f4	e98a0a13	addi	x20,x20,-360	 x20:0x8000a0ec x20=0x80009f84
         715000	        70	800000f8	00008b97	auipc	x23,0x8	 x23=0x800080f4
         725000	        71	800000fc	4cab8b93	addi	x23,x23,1226	 x23:0x800080f4 x23=0x800085be
         735000	        72	80000100	fdaba403	lw	x8,-38(x23)	 x23:0x800085be  x8=0x50515253 PA:0x80008598
         745000	        73	80000104	01a90cb3	add	x25,x18,x26	 x18:0xfa068898 x26:0x00000000 x25=0xfa068898
         755000	        74	80000108	00000013	addi	x0,x0,0	  x0:0x00000000
         765000	        75	8000010c	006a1533	sll	x10,x20,x6	 x20:0x80009f84  x6:0xa72c6117 x10=0xc2000000
         775000	        76	80000110	020b82a3	sb	x0,37(x23)	 x23:0x800085be  x0:0x00000000 PA:0x800085e3
         785000	        77	80000114	03abc503	lbu	x10,58(x23)	 x23:0x800085be x10=0x000000b3 PA:0x800085f8
         795000	        78	80000118	018b8323	sb	x24,6(x23)	 x23:0x800085be x24:0x80000000 PA:0x800085c4
         805000	        79	8000011c	40968db3	sub	x27,x13,x9	 x13:0xc25869b7  x9:0x00000000 x27=0xc25869b7
         815000	        80	80000120	411b89b3	sub	x19,x23,x17	 x23:0x800085be x17:0x80000000 x19=0x000085be
         825000	        81	80000124	b5e7bd93	sltiu	x27,x15,-1186	 x15:0xf05fff13 x27=0x00000001
         835000	        82	80000128	0193da93	srli	x21,x7,0x19	  x7:0xfce3e500 x21=0x0000007e
         845000	        83	8000012c	005b9023	sh	x5,0(x23)	 x23:0x800085be  x5:0x00000000 PA:0x800085be
         855000	        84	80000130	025b8303	lb	x6,37(x23)	 x23:0x800085be  x6=0x00000000 PA:0x800085e3
         865000	        85	80000134	00cb85a3	sb	x12,11(x23)	 x23:0x800085be x12:0x0000000b PA:0x800085c9
         875000	        86	80000138	008feb33	or	x22,x31,x8	 x31:0x00000001  x8:0x50515253 x22=0x50515253
         885000	        87	8000013c	0021df13	srli	x30,x3,0x2	  x3:0x00000004 x30=0x00000001
         895000	        88	80000140	ff4b8ea3	sb	x20,-3(x23)	 x23:0x800085be x20:0x80009f84 PA:0x800085bb
         905000	        89	80000144	019be633	or	x12,x23,x25	 x23:0x800085be x25:0xfa068898 x12=0xfa068dbe
         915000	        90	80000148	44aeb497	auipc	x9,0x44aeb	  x9=0xc4aeb144
         925000	        91	8000014c	ad818213	addi	x4,x3,-1320	  x3:0x00000004  x4=0xfffffadc
         935000	        92	80000150	fc9bcd83	lbu	x27,-55(x23)	 x23:0x800085be x27=0x0000003c PA:0x80008587
         945000	        93	80000154	53d24417	auipc	x8,0x53d24	  x8=0xd3d24150
         955000	        94	80000158	01f92633	slt	x12,x18,x31	 x18:0xfa068898 x31:0x00000001 x12=0x00000001
         965000	        95	8000015c	410f0b33	sub	x22,x30,x16	 x30:0x00000001 x16:0x80009fc4 x22=0x7fff603d
         975000	        96	80000160	01b338b3	sltu	x17,x6,x27	  x6:0x00000000 x27:0x0000003c x17=0x00000001
         985000	        97	80000164	f83a52b7	lui	x5,0xf83a5	  x5=0xf83a5000
         995000	        98	80000168	d473fe93	andi	x29,x7,-697	  x7:0xfce3e500 x29=0xfce3e500
        1005000	        99	8000016c	936ece93	xori	x29,x29,-1738	 x29:0xfce3e500 x29=0x031c1c36
        1015000	       100	80000170	00e08db3	add	x27,x1,x14	  x1:0x00000000 x14:0x00000000 x27=0x00000000
        1025000	       101	80000174	009b8883	lb	x17,9(x23)	 x23:0x800085be x17=0x0000007c PA:0x800085c7
        1035000	       102	80000178	01c42f33	slt	x30,x8,x28	  x8:0xd3d24150 x28:0x80000000 x30=0x00000000
        1045000	       103	8000017c	01c796b3	sll	x13,x15,x28	 x15:0xf05fff13 x28:0x80000000 x13=0xf05fff13
        1055000	       104	80000180	01b6cd33	xor	x26,x13,x27	 x13:0xf05fff13 x27:0x00000000 x26=0xf05fff13
        1065000	       105	80000184	2db94613	xori	x12,x18,731	 x18:0xfa068898 x12=0xfa068a43
        1075000	       106	80000188	8cd94313	xori	x6,x18,-1843	 x18:0xfa068898  x6=0x05f97055
        1085000	       107	8000018c	00000013	addi	x0,x0,0	  x0:0x00000000
        1095000	       108	80000190	fcebdb03	lhu	x22,-50(x23)	 x23:0x800085be x22=0x00004647 PA:0x8000858c
        1105000	       109	80000194	028b9023	sh	x8,32(x23)	 x23:0x800085be  x8:0xd3d24150 PA:0x800085de
        1115000	       110	80000198	00000013	addi	x0,x0,0	  x0:0x00000000
        1125000	       111	8000019c	fd9b8783	lb	x15,-39(x23)	 x23:0x800085be x15=0x0000004c PA:0x80008597
        1135000	       112	800001a0	00008d17	auipc	x26,0x8	 x26=0x8000819c
        1145000	       113	800001a4	f51d0d13	addi	x26,x26,-175	 x26:0x8000819c x26=0x800080ed
        1155000	       114	800001a8	086d0023	sb	x6,128(x26)	 x26:0x800080ed  x6:0x05f97055 PA:0x8000816d
        1165000	       115	800001ac	01a19733	sll	x14,x3,x26	  x3:0x00000004 x26:0x800080ed x14=0x00008000
        1175000	       116	800001b0	093d0823	sb	x19,144(x26)	 x26:0x800080ed x19:0x000085be PA:0x8000817d
        1185000	       117	800001b4	00000013	addi	x0,x0,0	  x0:0x00000000
        1195000	       118	800001b8	047d0103	lb	x2,71(x26)	 x26:0x800080ed  x2=0xffffffef PA:0x80008134
        1205000	       119	800001bc	00cf29b3	slt	x19,x30,x12	 x30:0x00000000 x12:0xfa068a43 x19=0x00000000
        1215000	       120	800001c0	f6dd0f83	lb	x31,-147(x26)	 x26:0x800080ed x31=0x00000011 PA:0x8000805a
        1225000	       121	800001c4	01c5f7b3	and	x15,x11,x28	 x11:0x00000000 x28:0x80000000 x15=0x00000000
        1235000	       122	800001c8	40f451b3	sra	x3,x8,x15	  x8:0xd3d24150 x15:0x00000000  x3=0xd3d24150
        1245000	       123	800001cc	01ab64b3	or	x9,x22,x26	 x22:0x00004647 x26:0x800080ed  x9=0x8000c6ef
        1255000	       124	800001d0	f82d4003	lbu	x0,-126(x26)	 x26:0x800080ed PA:0x8000806f
        1265000	       125	800001d4	06ad0483	lb	x9,106(x26)	 x26:0x800080ed  x9=0x0000000c PA:0x80008157
        1275000	       126	800001d8	01022033	slt	x0,x4,x16	  x4:0xfffffadc x16:0x80009fc4
        1285000	       127	800001dc	d6313893	sltiu	x17,x2,-669	  x2:0xffffffef x17=0x00000000
        1295000	       128	800001e0	074d4783	lbu	x15,116(x26)	 x26:0x800080ed x15=0x0000001a PA:0x80008161
        1305000	       129	800001e4	01820033	add	x0,x4,x24	  x4:0xfffffadc x24:0x80000000
        1315000	       130	800001e8	00000013	addi	x0,x0,0	  x0:0x00000000
        1325000	       131	800001ec	0c7d4c83	lbu	x25,199(x26)	 x26:0x800080ed x25=0x0000006f PA:0x800081b4
        1335000	       132	800001f0	00aeaab3	slt	x21,x29,x10	 x29:0x031c1c36 x10:0x000000b3 x21=0x00000000
        1345000	       133	800001f4	41090eb3	sub	x29,x18,x16	 x18:0xfa068898 x16:0x80009fc4 x29=0x7a05e8d4
        1355000	       134	800001f8	06ad4b03	lbu	x22,106(x26)	 x26:0x800080ed x22=0x0000000c PA:0x80008157
        1365000	       135	800001fc	010dbfb3	sltu	x31,x27,x16	 x27:0x00000000 x16:0x80009fc4 x31=0x00000001
        1375000	       136	80000200	f9fd1b83	lh	x23,-97(x26)	 x26:0x800080ed x23=0x00004647 PA:0x8000808c
        1385000	       137	80000204	415880b3	sub	x1,x17,x21	 x17:0x00000000 x21:0x00000000  x1=0x00000000
        1395000	       138	80000208	09cd0723	sb	x28,142(x26)	 x26:0x800080ed x28:0x80000000 PA:0x8000817b
        1405000	       139	8000020c	011d81b3	add	x3,x27,x17	 x27:0x00000000 x17:0x00000000  x3=0x00000000
        1415000	       140	80000210	069d5a83	lhu	x21,105(x26)	 x26:0x800080ed x21=0x00000c0d PA:0x80008156
        1425000	       141	80000214	fe2d0283	lb	x5,-30(x26)	 x26:0x800080ed  x5=0xffffff84 PA:0x800080cf
        1435000	       142	80000218	00c4bcb3	sltu	x25,x9,x12	  x9:0x0000000c x12:0xfa068a43 x25=0x00000001
        1445000	       143	8000021c	0163df13	srli	x30,x7,0x16	  x7:0xfce3e500 x30=0x000003f3
        1455000	       144	80000220	0a3d0e03	lb	x28,163(x26)	 x26:0x800080ed x28=0x0000004b PA:0x80008190
        1465000	       145	80000224	04350c97	auipc	x25,0x4350	 x25=0x84350220
        1475000	       146	80000228	1cf1f113	andi	x2,x3,463	  x3:0x00000000  x2=0x00000000
        1485000	       147	8000022c	0add1f03	lh	x30,173(x26)	 x26:0x800080ed x30=0x00005051 PA:0x8000819a
        1495000	       148	80000230	dd4e9fb7	lui	x31,0xdd4e9	 x31=0xdd4e9000
        1505000	       149	80000234	00f2e0b3	or	x1,x5,x15	  x5:0xffffff84 x15:0x0000001a  x1=0xffffff9e
        1515000	       150	80000238	600ca413	slti	x8,x25,1536	 x25:0x84350220  x8=0x00000001
        1525000	       151	8000023c	0f3d0483	lb	x9,243(x26)	 x26:0x800080ed  x9=0xffffff9b PA:0x800081e0
        1535000	       152	80000240	0b6d4e83	lbu	x29,182(x26)	 x26:0x800080ed x29=0x00000058 PA:0x800081a3
        1545000	       153	80000244	00009117	auipc	x2,0x9	  x2=0x80009240
        1555000	       154	80000248	97410113	addi	x2,x2,-1676	  x2:0x80009240  x2=0x80008bb4
        1565000	       155	8000024c	ff111d23	sh	x17,-6(x2)	  x2:0x80008bb4 x17:0x00000000 PA:0x80008bae
        1575000	       156	80000250	ffa15f83	lhu	x31,-6(x2)	  x2:0x80008bb4 x31=0x00000000 PA:0x80008bae
        1585000	       157	80000254	00614f03	lbu	x30,6(x2)	  x2:0x80008bb4 x30=0x000000a1 PA:0x80008bba
        1595000	       158	80000258	5df0cd13	xori	x26,x1,1503	  x1:0xffffff9e x26=0xfffffa41
        1605000	       159	8000025c	5e3fe9b7	lui	x19,0x5e3fe	 x19=0x5e3fe000
        1615000	       160	80000260	6381a393	slti	x7,x3,1592	  x3:0x00000000  x7=0x00000001
        1625000	       161	80000264	00dece33	xor	x28,x29,x13	 x29:0x00000058 x13:0xf05fff13 x28=0xf05fff4b
        1635000	       162	80000268	0189bbb3	sltu	x23,x19,x24	 x19:0x5e3fe000 x24:0x80000000 x23=0x00000001
        1645000	       163	8000026c	ff510da3	sb	x21,-5(x2)	  x2:0x80008bb4 x21:0x00000c0d PA:0x80008baf
        1655000	       164	80000270	00812423	sw	x8,8(x2)	  x2:0x80008bb4  x8:0x00000001 PA:0x80008bbc
        1665000	       165	80000274	8b6d8293	addi	x5,x27,-1866	 x27:0x00000000  x5=0xfffff8b6
        1675000	       166	80000278	01d103a3	sb	x29,7(x2)	  x2:0x80008bb4 x29:0x00000058 PA:0x80008bbb
        1685000	       167	8000027c	41f05693	srai	x13,x0,0x1f	  x0:0x00000000 x13=0x00000000
        1695000	       168	80000280	34608237	lui	x4,0x34608	  x4=0x34608000
        1705000	       169	80000284	fe110fa3	sb	x1,-1(x2)	  x2:0x80008bb4  x1:0xffffff9e PA:0x80008bb3
        1715000	       170	80000288	ff310ba3	sb	x19,-9(x2)	  x2:0x80008bb4 x19:0x5e3fe000 PA:0x80008bab
        1725000	       171	8000028c	ff610603	lb	x12,-10(x2)	  x2:0x80008bb4 x12=0xffffff91 PA:0x80008baa
        1735000	       172	80000290	41388fb3	sub	x31,x17,x19	 x17:0x00000000 x19:0x5e3fe000 x31=0xa1c02000
        1745000	       173	80000294	00190c33	add	x24,x18,x1	 x18:0xfa068898  x1:0xffffff9e x24=0xfa068836
        1755000	       174	80000298	e3446c13	ori	x24,x8,-460	  x8:0x00000001 x24=0xfffffe35
        1765000	       175	8000029c	ff611903	lh	x18,-10(x2)	  x2:0x80008bb4 x18=0x00000091 PA:0x80008baa
        1775000	       176	800002a0	00610f03	lb	x30,6(x2)	  x2:0x80008bb4 x30=0xffffffa1 PA:0x80008bba
        1785000	       177	800002a4	00f14d03	lbu	x26,15(x2)	  x2:0x80008bb4 x26=0x000000a8 PA:0x80008bc3
        1795000	       178	800002a8	fef12e23	sw	x15,-4(x2)	  x2:0x80008bb4 x15:0x0000001a PA:0x80008bb0
        1805000	       179	800002ac	01412823	sw	x20,16(x2)	  x2:0x80008bb4 x20:0x80009f84 PA:0x80008bc4
        1815000	       180	800002b0	91da4b13	xori	x22,x20,-1763	 x20:0x80009f84 x22=0x7fff6699
        1825000	       181	800002b4	01015c03	lhu	x24,16(x2)	  x2:0x80008bb4 x24=0x00009f84 PA:0x80008bc4
        1835000	       182	800002b8	00114a83	lbu	x21,1(x2)	  x2:0x80008bb4 x21=0x0000009e PA:0x80008bb5
        1845000	       183	800002bc	4021deb3	sra	x29,x3,x2	  x3:0x00000000  x2:0x80008bb4 x29=0x00000000
        1855000	       184	800002c0	40d55f93	srai	x31,x10,0xd	 x10:0x000000b3 x31=0x00000000
        1865000	       185	800002c4	ff215e83	lhu	x29,-14(x2)	  x2:0x80008bb4 x29=0x00008c8d PA:0x80008ba6
        1875000	       186	800002c8	ff110383	lb	x7,-15(x2)	  x2:0x80008bb4  x7=0xffffff8e PA:0x80008ba5
        1885000	       187	800002cc	01910623	sb	x25,12(x2)	  x2:0x80008bb4 x25:0x84350220 PA:0x80008bc0
        1895000	       188	800002d0	d979ff93	andi	x31,x19,-617	 x19:0x5e3fe000 x31=0x5e3fe000
        1905000	       189	800002d4	effe0193	addi	x3,x28,-257	 x28:0xf05fff4b  x3=0xf05ffe4a
        1915000	       190	800002d8	ff214a83	lbu	x21,-14(x2)	  x2:0x80008bb4 x21=0x0000008d PA:0x80008ba6
        1925000	       191	800002dc	c7de6c13	ori	x24,x28,-899	 x28:0xf05fff4b x24=0xffffff7f
        1935000	       192	800002e0	00f14d83	lbu	x27,15(x2)	  x2:0x80008bb4 x27=0x000000a8 PA:0x80008bc3
        1945000	       193	00000000	00000013	addi	x0,x0,0	  x0:0x00000000
        1955000	       194	800002e4	e1bb91b7	lui	x3,0xe1bb9	  x3=0xe1bb9000
        1965000	       195	800002e8	00e15203	lhu	x4,14(x2)	  x2:0x80008bb4  x4=0x0000a8a9 PA:0x80008bc2
        1975000	       196	800002ec	ff012c03	lw	x24,-16(x2)	  x2:0x80008bb4 x24=0x8c8d8e8f PA:0x80008ba4
        1985000	       197	800002f0	01f36bb3	or	x23,x6,x31	  x6:0x05f97055 x31:0x5e3fe000 x23=0x5ffff055
        1995000	       198	800002f4	407f5513	srai	x10,x30,0x7	 x30:0xffffffa1 x10=0xffffffff
        2005000	       199	800002f8	40200eb3	sub	x29,x0,x2	  x0:0x00000000  x2:0x80008bb4 x29=0x7fff744c
        2015000	       200	800002fc	008f5cb3	srl	x25,x30,x8	 x30:0xffffffa1  x8:0x00000001 x25=0x7fffffd0
        2025000	       201	80000300	01d322b3	slt	x5,x6,x29	  x6:0x05f97055 x29:0x7fff744c  x5=0x00000001
        2035000	       202	80000304	ff910183	lb	x3,-7(x2)	  x2:0x80008bb4  x3=0xffffff96 PA:0x80008bad
        2045000	       203	80000308	9fba6e13	ori	x28,x20,-1541	 x20:0x80009f84 x28=0xffffffff
        2055000	       204	8000030c	01311123	sh	x19,2(x2)	  x2:0x80008bb4 x19:0x5e3fe000 PA:0x80008bb6
        2065000	       205	80000310	00614a83	lbu	x21,6(x2)	  x2:0x80008bb4 x21=0x000000a1 PA:0x80008bba
        2075000	       206	80000314	41905933	sra	x18,x0,x25	  x0:0x00000000 x25:0x7fffffd0 x18=0x00000000
        2085000	       207	80000318	00a58533	add	x10,x11,x10	 x11:0x00000000 x10:0xffffffff x10=0xffffffff
        2095000	       208	8000031c	013e5bb3	srl	x23,x28,x19	 x28:0xffffffff x19:0x5e3fe000 x23=0xffffffff
        2105000	       209	80000320	018106a3	sb	x24,13(x2)	  x2:0x80008bb4 x24:0x8c8d8e8f PA:0x80008bc1
        2115000	       210	80000324	ff310d03	lb	x26,-13(x2)	  x2:0x80008bb4 x26=0xffffff8c PA:0x80008ba7
        2125000	       211	80000328	00015703	lhu	x14,0(x2)	  x2:0x80008bb4 x14=0x00009e9f PA:0x80008bb4
        2135000	       212	00000000	00000013	addi	x0,x0,0	  x0:0x00000000
        2145000	       213	8000032c	00272033	slt	x0,x14,x2	 x14:0x00009e9f  x2:0x80008bb4
        2155000	       214	80000330	02027c63	bgeu	x4,x0,80000368	  x4:0x0000a8a9  x0:0x00000000
        2165000	       215	00000000	00000013	addi	x0,x0,0	  x0:0x00000000
        2175000	       216	80000364	00000013	addi	x0,x0,0	  x0:0x00000000
        2185000	       217	80000368	0066a2b3	slt	x5,x13,x6	 x13:0x00000000  x6:0x05f97055  x5=0x00000001
        2195000	       218	8000036c	04c71063	bne	x14,x12,800003ac	 x14:0x00009e9f x12:0xffffff91
        2205000	       219	00000000	00000013	addi	x0,x0,0	  x0:0x00000000
        2215000	       220	800003a8	00000013	addi	x0,x0,0	  x0:0x00000000
        2225000	       221	800003ac	00b55293	srli	x5,x10,0xb	 x10:0xffffffff  x5=0x001fffff
        2235000	       222	800003b0	02195263	bge	x18,x1,800003d4	 x18:0x00000000  x1:0xffffff9e
        2245000	       223	00000000	00000013	addi	x0,x0,0	  x0:0x00000000
        2255000	       224	800003d0	00000013	addi	x0,x0,0	  x0:0x00000000
        2265000	       225	800003d4	05a90263	beq	x18,x26,80000418	 x18:0x00000000 x26:0xffffff8c
        2275000	       226	800003d8	04a2fc63	bgeu	x5,x10,80000430	  x5:0x001fffff x10:0xffffffff
        2285000	       227	800003dc	f6436d13	ori	x26,x6,-156	  x6:0x05f97055 x26=0xffffff75
        2295000	       228	800003e0	00002197	auipc	x3,0x2	  x3=0x800023dc
        2305000	       229	800003e4	11418193	addi	x3,x3,276	  x3:0x800023dc  x3=0x800024f0
        2315000	       230	800003e8	6b119d17	auipc	x26,0x6b119	 x26=0xeb1193e4
        2325000	       231	800003ec	a95eab97	auipc	x23,0xa95ea	 x23=0x295ea3e8
        2335000	       232	800003f0	40935bb3	sra	x23,x6,x9	  x6:0x05f97055  x9:0xffffff9b x23=0x00000000
        2345000	       233	800003f4	0183bb33	sltu	x22,x7,x24	  x7:0xffffff8e x24:0x8c8d8e8f x22=0x00000000
        2355000	       234	800003f8	e69ea337	lui	x6,0xe69ea	  x6=0xe69ea000
        2365000	       235	800003fc	40cadfb3	sra	x31,x21,x12	 x21:0x000000a1 x12:0xffffff91 x31=0x00000000
        2375000	       236	80000400	27718193	addi	x3,x3,631	  x3:0x800024f0  x3=0x80002767
        2385000	       237	80000404	006ec233	xor	x4,x29,x6	 x29:0x7fff744c  x6:0xe69ea000  x4=0x9961d44c
        2395000	       238	80000408	00fb9f93	slli	x31,x23,0xf	 x23:0x00000000 x31=0x00000000
        2405000	       239	8000040c	fcc3e513	ori	x10,x7,-52	  x7:0xffffff8e x10=0xffffffce
        2415000	       240	80000410	01e632b3	sltu	x5,x12,x30	 x12:0xffffff91 x30:0xffffffa1  x5=0x00000001
        2425000	       241	80000414	d8a183e7	jalr	x7,x3,-630	  x3:0x80002767  x7=0x80000414
        2435000	       242	00000000	00000013	addi	x0,x0,0	  x0:0x00000000
        2445000	       243	800024f0	00000013	addi	x0,x0,0	  x0:0x00000000
        2455000	       244	800024f4	018c2c33	slt	x24,x24,x24	 x24:0x8c8d8e8f x24:0x8c8d8e8f x24=0x00000000
        2465000	       245	800024f8	8458a493	slti	x9,x17,-1979	 x17:0x00000000  x9=0x00000000
        2475000	       246	800024fc	01714933	xor	x18,x2,x23	  x2:0x80008bb4 x23:0x00000000 x18=0x80008bb4
        2485000	       247	80002500	fcca0a13	addi	x20,x20,-52	 x20:0x80009f84 x20=0x80009f50
        2495000	       248	80002504	40efd213	srai	x4,x31,0xe	 x31:0x00000000  x4=0x00000000
        2505000	       249	80002508	007a2223	sw	x7,4(x20)	 x20:0x80009f50  x7:0x80000414 PA:0x80009f54
        2515000	       250	8000250c	0005fab3	and	x21,x11,x0	 x11:0x00000000  x0:0x00000000 x21=0x00000000
        2525000	       251	80002510	01eb2ab3	slt	x21,x22,x30	 x22:0x00000000 x30:0xffffffa1 x21=0x00000000
        2535000	       252	80002514	00006117	auipc	x2,0x6	  x2=0x80008510
        2545000	       253	80002518	1c610113	addi	x2,x2,454	  x2:0x80008510  x2=0x800086d6
        2555000	       254	8000251c	ff215203	lhu	x4,-14(x2)	  x2:0x800086d6  x4=0x00008283 PA:0x800086c8
        2565000	       255	80002520	970d7313	andi	x6,x26,-1680	 x26:0xeb1193e4  x6=0xeb119160
        2575000	       256	80002524	fe710aa3	sb	x7,-11(x2)	  x2:0x800086d6  x7:0x80000414 PA:0x800086cb
        2585000	       257	80002528	000d1d13	slli	x26,x26,0x0	 x26:0xeb1193e4 x26=0xeb1193e4
        2595000	       258	8000252c	ff114083	lbu	x1,-15(x2)	  x2:0x800086d6  x1=0x0000007c PA:0x800086c7
        2605000	       259	80002530	007071b3	and	x3,x0,x7	  x0:0x00000000  x7:0x80000414  x3=0x00000000
        2615000	       260	80002534	ff711f23	sh	x23,-2(x2)	  x2:0x800086d6 x23:0x00000000 PA:0x800086d4
        2625000	       261	80002538	ff815383	lhu	x7,-8(x2)	  x2:0x800086d6  x7=0x00008485 PA:0x800086ce
        2635000	       262	8000253c	005ed793	srli	x15,x29,0x5	 x29:0x7fff744c x15=0x03fffba2
        2645000	       263	80002540	fe811923	sh	x8,-14(x2)	  x2:0x800086d6  x8:0x00000001 PA:0x800086c8
        2655000	       264	80002544	005fd333	srl	x6,x31,x5	 x31:0x00000000  x5:0x00000001  x6=0x00000000
        2665000	       265	80002548	002e5693	srli	x13,x28,0x2	 x28:0xffffffff x13=0x3fffffff
        2675000	       266	8000254c	f0f0d997	auipc	x19,0xf0f0d	 x19=0x70f0f548
        2685000	       267	80002550	01b666b3	or	x13,x12,x27	 x12:0xffffff91 x27:0x000000a8 x13=0xffffffb9
        2695000	       268	80002554	ff415403	lhu	x8,-12(x2)	  x2:0x800086d6  x8=0x00001481 PA:0x800086ca
        2705000	       269	80002558	01b12523	sw	x27,10(x2)	  x2:0x800086d6 x27:0x000000a8 PA:0x800086e0
        2715000	       270	8000255c	20866693	ori	x13,x12,520	 x12:0xffffff91 x13=0xffffff99
        2725000	       271	80002560	01758c33	add	x24,x11,x23	 x11:0x00000000 x23:0x00000000 x24=0x00000000
        2735000	       272	80002564	00d14383	lbu	x7,13(x2)	  x2:0x800086d6  x7=0x00000000 PA:0x800086e3
        2745000	       273	80002568	01f104a3	sb	x31,9(x2)	  x2:0x800086d6 x31:0x00000000 PA:0x800086df
        2755000	       274	8000256c	ec49f793	andi	x15,x19,-316	 x19:0x70f0f548 x15=0x70f0f440
        2765000	       275	80002570	40435f33	sra	x30,x6,x4	  x6:0x00000000  x4:0x00008283 x30=0x00000000
        2775000	       276	80002574	018104a3	sb	x24,9(x2)	  x2:0x800086d6 x24:0x00000000 PA:0x800086df
        2785000	       277	80002578	008ad6b3	srl	x13,x21,x8	 x21:0x00000000  x8:0x00001481 x13=0x00000000
        2795000	       278	8000257c	01014903	lbu	x18,16(x2)	  x2:0x800086d6 x18=0x0000009d PA:0x800086e6
        2805000	       279	80002580	77ff0d93	addi	x27,x30,1919	 x30:0x00000000 x27=0x0000077f
        2815000	       280	80002584	ff410303	lb	x6,-12(x2)	  x2:0x800086d6  x6=0xffffff81 PA:0x800086ca
        2825000	       281	80002588	3933b993	sltiu	x19,x7,915	  x7:0x00000000 x19=0x00000001
        2835000	       282	8000258c	ffb11e23	sh	x27,-4(x2)	  x2:0x800086d6 x27:0x0000077f PA:0x800086d2
        2845000	       283	80002590	4087d493	srai	x9,x15,0x8	 x15:0x70f0f440  x9=0x0070f0f4
        2855000	       284	80002594	fec10ca3	sb	x12,-7(x2)	  x2:0x800086d6 x12:0xffffff91 PA:0x800086cf
        2865000	       285	80002598	00285633	srl	x12,x16,x2	 x16:0x80009fc4  x2:0x800086d6 x12=0x00000200
        2875000	       286	8000259c	fff14d03	lbu	x26,-1(x2)	  x2:0x800086d6 x26=0x00000000 PA:0x800086d5
        2885000	       287	800025a0	00d14903	lbu	x18,13(x2)	  x2:0x800086d6 x18=0x00000000 PA:0x800086e3
        2895000	       288	800025a4	feb10aa3	sb	x11,-11(x2)	  x2:0x800086d6 x11:0x00000000 PA:0x800086cb
        2905000	       289	800025a8	00514b03	lbu	x22,5(x2)	  x2:0x800086d6 x22=0x00000090 PA:0x800086db
        2915000	       290	800025ac	012cd733	srl	x14,x25,x18	 x25:0x7fffffd0 x18:0x00000000 x14=0x7fffffd0
        2925000	       291	800025b0	ff514403	lbu	x8,-11(x2)	  x2:0x800086d6  x8=0x00000000 PA:0x800086cb
        2935000	       292	800025b4	015d5233	srl	x4,x26,x21	 x26:0x00000000 x21:0x00000000  x4=0x00000000
        2945000	       293	800025b8	ff214f83	lbu	x31,-14(x2)	  x2:0x800086d6 x31=0x00000001 PA:0x800086c8
        2955000	       294	800025bc	016106a3	sb	x22,13(x2)	  x2:0x800086d6 x22:0x00000090 PA:0x800086e3
        2965000	       295	800025c0	012b1093	slli	x1,x22,0x12	 x22:0x00000090  x1=0x02400000
        2975000	       296	800025c4	00f10623	sb	x15,12(x2)	  x2:0x800086d6 x15:0x70f0f440 PA:0x800086e2
        2985000	       297	800025c8	00006717	auipc	x14,0x6	 x14=0x800085c4
        2995000	       298	800025cc	56370713	addi	x14,x14,1379	 x14:0x800085c4 x14=0x80008b27
        3005000	       299	800025d0	41fe8f33	sub	x30,x29,x31	 x29:0x7fff744c x31:0x00000001 x30=0x7fff744b
        3015000	       300	800025d4	00c74903	lbu	x18,12(x14)	 x14:0x80008b27 x18=0x00000018 PA:0x80008b33
        3025000	       301	800025d8	41900b33	sub	x22,x0,x25	  x0:0x00000000 x25:0x7fffffd0 x22=0x80000030
        3035000	       302	800025dc	0108a433	slt	x8,x17,x16	 x17:0x00000000 x16:0x80009fc4  x8=0x00000000
        3045000	       303	800025e0	fd975c03	lhu	x24,-39(x14)	 x14:0x80008b27 x24=0x0000eaeb PA:0x80008b00
        3055000	       304	800025e4	008cbcb3	sltu	x25,x25,x8	 x25:0x7fffffd0  x8:0x00000000 x25=0x00000000
        3065000	       305	800025e8	f5c70783	lb	x15,-164(x14)	 x14:0x80008b27 x15=0x00000068 PA:0x80008a83
        3075000	       306	800025ec	4159d013	srai	x0,x19,0x15	 x19:0x00000001
        3085000	       307	800025f0	c2527d93	andi	x27,x4,-987	  x4:0x00000000 x27=0x00000000
        3095000	       308	800025f4	00e95eb3	srl	x29,x18,x14	 x18:0x00000018 x14:0x80008b27 x29=0x00000000
        3105000	       309	800025f8	5a16b9b7	lui	x19,0x5a16b	 x19=0x5a16b000
        3115000	       310	800025fc	f7974683	lbu	x13,-135(x14)	 x14:0x80008b27 x13=0x0000008b PA:0x80008aa0
        3125000	       311	80002600	012df0b3	and	x1,x27,x18	 x27:0x00000000 x18:0x00000018  x1=0x00000000
        3135000	       312	80002604	41a3d413	srai	x8,x7,0x1a	  x7:0x00000000  x8=0x00000000
        3145000	       313	80002608	a2fc8917	auipc	x18,0xa2fc8	 x18=0x22fca604
        3155000	       314	8000260c	eaa5acb7	lui	x25,0xeaa5a	 x25=0xeaa5a000
        3165000	       315	80002610	41635d93	srai	x27,x6,0x16	  x6:0xffffff81 x27=0xffffffff
        3175000	       316	80002614	f6c71ea3	sh	x12,-131(x14)	 x14:0x80008b27 x12:0x00000200 PA:0x80008aa4
        3185000	       317	80002618	0b575483	lhu	x9,181(x14)	 x14:0x80008b27  x9=0x0000c6c7 PA:0x80008bdc
        3195000	       318	8000261c	07e709a3	sb	x30,115(x14)	 x14:0x80008b27 x30:0x7fff744b PA:0x80008b9a
        3205000	       319	80002620	00973333	sltu	x6,x14,x9	 x14:0x80008b27  x9:0x0000c6c7  x6=0x00000000
        3215000	       320	80002624	1d838cb7	lui	x25,0x1d838	 x25=0x1d838000
        3225000	       321	80002628	7c82b897	auipc	x17,0x7c82b	 x17=0xfc82d624
        3235000	       322	8000262c	87f64d13	xori	x26,x12,-1921	 x12:0x00000200 x26=0xfffffa7f
        3245000	       323	80002630	fd371b03	lh	x22,-45(x14)	 x14:0x80008b27 x22=0xffffe0e1 PA:0x80008afa
        3255000	       324	80002634	6942ef13	ori	x30,x5,1684	  x5:0x00000001 x30=0x00000695
        3265000	       325	80002638	00a75d13	srli	x26,x14,0xa	 x14:0x80008b27 x26=0x00200022
        3275000	       326	8000263c	fa770723	sb	x7,-82(x14)	 x14:0x80008b27  x7:0x00000000 PA:0x80008ad5
        3285000	       327	80002640	5b857293	andi	x5,x10,1464	 x10:0xffffffce  x5=0x00000588
        3295000	       328	80002644	015aa133	slt	x2,x21,x21	 x21:0x00000000 x21:0x00000000  x2=0x00000000
        3305000	       329	80002648	40450bb3	sub	x23,x10,x4	 x10:0xffffffce  x4:0x00000000 x23=0xffffffce
        3315000	       330	8000264c	1167c337	lui	x6,0x1167c	  x6=0x1167c000
        3325000	       331	80002650	0181f4b3	and	x9,x3,x24	  x3:0x00000000 x24:0x0000eaeb  x9=0x00000000
        3335000	       332	80002654	000a30b3	sltu	x1,x20,x0	 x20:0x80009f50  x0:0x00000000  x1=0x00000000
        3345000	       333	80002658	646efd13	andi	x26,x29,1606	 x29:0x00000000 x26=0x00000000
        3355000	       334	8000265c	00870423	sb	x8,8(x14)	 x14:0x80008b27  x8:0x00000000 PA:0x80008b2f
        3365000	       335	80002660	01831433	sll	x8,x6,x24	  x6:0x1167c000 x24:0x0000eaeb  x8=0x3e000000
        3375000	       336	80002664	00000013	addi	x0,x0,0	  x0:0x00000000
        3385000	       337	80002668	f9171183	lh	x3,-111(x14)	 x14:0x80008b27  x3=0xffffa2a3 PA:0x80008ab8
        3395000	       338	8000266c	00006117	auipc	x2,0x6	  x2=0x80008668
        3405000	       339	80002670	11110113	addi	x2,x2,273	  x2:0x80008668  x2=0x80008779
        3415000	       340	80002674	e3c9ca93	xori	x21,x19,-452	 x19:0x5a16b000 x21=0xa5e94e3c
        3425000	       341	80002678	470f4913	xori	x18,x30,1136	 x30:0x00000695 x18=0x000002e5
        3435000	       342	8000267c	f8410383	lb	x7,-124(x2)	  x2:0x80008779  x7=0xffffffb6 PA:0x800086fd
        3445000	       343	80002680	b6014c83	lbu	x25,-1184(x2)	  x2:0x80008779 x25=0x00000092 PA:0x800082d9
        3455000	       344	80002684	40b25033	sra	x0,x4,x11	  x4:0x00000000 x11:0x00000000
        3465000	       345	80002688	93b12c83	lw	x25,-1733(x2)	  x2:0x80008779 x25=0x6c6d6e6f PA:0x800080b4
        3475000	       346	8000268c	01a84cb3	xor	x25,x16,x26	 x16:0x80009fc4 x26:0x00000000 x25=0x80009fc4
        3485000	       347	80002690	01c10023	sb	x28,0(x2)	  x2:0x80008779 x28:0xffffffff PA:0x80008779
        3495000	       348	80002694	b57108a3	sb	x23,-1199(x2)	  x2:0x80008779 x23:0xffffffce PA:0x800082ca
        3505000	       349	80002698	f3d121a3	sw	x29,-221(x2)	  x2:0x80008779 x29:0x00000000 PA:0x8000869c
        3515000	       350	8000269c	9bb10223	sb	x27,-1628(x2)	  x2:0x80008779 x27:0xffffffff PA:0x8000811d
        3525000	       351	800026a0	de910d03	lb	x26,-535(x2)	  x2:0x80008779 x26=0x00000019 PA:0x80008562
        3535000	       352	800026a4	4df00737	lui	x14,0x4df00	 x14=0x4df00000
        3545000	       353	800026a8	00000013	addi	x0,x0,0	  x0:0x00000000
        3555000	       354	800026ac	6980cf13	xori	x30,x1,1688	  x1:0x00000000 x30=0x00000698
        3565000	       355	800026b0	4faa0c37	lui	x24,0x4faa0	 x24=0x4faa0000
        3575000	       356	800026b4	e3b116a3	sh	x27,-467(x2)	  x2:0x80008779 x27:0xffffffff PA:0x800085a6
        3585000	       357	800026b8	dfa14d03	lbu	x26,-518(x2)	  x2:0x80008779 x26=0x00000028 PA:0x80008573
        3595000	       358	800026bc	fce14703	lbu	x14,-50(x2)	  x2:0x80008779 x14=0x000000fc PA:0x80008747
        3605000	       359	800026c0	97911003	lh	x0,-1671(x2)	  x2:0x80008779 PA:0x800080f2
        3615000	       360	800026c4	4101df33	sra	x30,x3,x16	  x3:0xffffa2a3 x16:0x80009fc4 x30=0xfffffa2a
        3625000	       361	800026c8	0155af33	slt	x30,x11,x21	 x11:0x00000000 x21:0xa5e94e3c x30=0x00000000
        3635000	       362	800026cc	eb510923	sb	x21,-334(x2)	  x2:0x80008779 x21:0xa5e94e3c PA:0x8000862b
        3645000	       363	800026d0	00a463b3	or	x7,x8,x10	  x8:0x3e000000 x10:0xffffffce  x7=0xffffffce
        3655000	       364	800026d4	941102a3	sb	x1,-1723(x2)	  x2:0x80008779  x1:0x00000000 PA:0x800080be
        3665000	       365	800026d8	405e4413	xori	x8,x28,1029	 x28:0xffffffff  x8=0xfffffbfa
        3675000	       366	800026dc	fce64b13	xori	x22,x12,-50	 x12:0x00000200 x22=0xfffffdce
        3685000	       367	800026e0	07f14303	lbu	x6,127(x2)	  x2:0x80008779  x6=0x000000b3 PA:0x800087f8
        3695000	       368	800026e4	009a7e33	and	x28,x20,x9	 x20:0x80009f50  x9:0x00000000 x28=0x00000000
        3705000	       369	800026e8	ba314603	lbu	x12,-1117(x2)	  x2:0x80008779 x12=0x000000d7 PA:0x8000831c
        3715000	       370	800026ec	4061de93	srai	x29,x3,0x6	  x3:0xffffa2a3 x29=0xfffffe8a
        3725000	       371	800026f0	f5114603	lbu	x12,-175(x2)	  x2:0x80008779 x12=0x00000081 PA:0x800086ca
        3735000	       372	800026f4	f6910423	sb	x9,-152(x2)	  x2:0x80008779  x9:0x00000000 PA:0x800086e1
        3745000	       373	800026f8	00134f33	xor	x30,x6,x1	  x6:0x000000b3  x1:0x00000000 x30=0x000000b3
        3755000	       374	800026fc	ff010c23	sb	x16,-8(x2)	  x2:0x80008779 x16:0x80009fc4 PA:0x80008771
        3765000	       375	80002700	b5214c83	lbu	x25,-1198(x2)	  x2:0x80008779 x25=0x00000080 PA:0x800082cb
        3775000	       376	80002704	d5b22893	slti	x17,x4,-677	  x4:0x00000000 x17=0x00000000
        3785000	       377	80002708	01533fb3	sltu	x31,x6,x21	  x6:0x000000b3 x21:0xa5e94e3c x31=0x00000001
        3795000	       378	8000270c	e40bf313	andi	x6,x23,-448	 x23:0xffffffce  x6=0xfffffe40
        3805000	       379	80002710	7bef4c13	xori	x24,x30,1982	 x30:0x000000b3 x24=0x0000070d
        3815000	       380	80002714	db310f83	lb	x31,-589(x2)	  x2:0x80008779 x31=0xffffffe7 PA:0x8000852c
        3825000	       381	80002718	4027d633	sra	x12,x15,x2	 x15:0x00000068  x2:0x80008779 x12=0x00000000
        3835000	       382	8000271c	00637633	and	x12,x6,x6	  x6:0xfffffe40  x6:0xfffffe40 x12=0xfffffe40
        3845000	       383	80002720	7907bf13	sltiu	x30,x15,1936	 x15:0x00000068 x30=0x00000001
        3855000	       384	80002724	8c1107a3	sb	x1,-1841(x2)	  x2:0x80008779  x1:0x00000000 PA:0x80008048
        3865000	       385	80002728	41ee86b3	sub	x13,x29,x30	 x29:0xfffffe8a x30:0x00000001 x13=0xfffffe89
        3875000	       386	8000272c	f6d14d03	lbu	x26,-147(x2)	  x2:0x80008779 x26=0x0000009d PA:0x800086e6
        3885000	       387	80002730	946118a3	sh	x6,-1711(x2)	  x2:0x80008779  x6:0xfffffe40 PA:0x800080ca
        3895000	       388	80002734	01a2c333	xor	x6,x5,x26	  x5:0x00000588 x26:0x0000009d  x6=0x00000515
        3905000	       389	80002738	00f10a23	sb	x15,20(x2)	  x2:0x80008779 x15:0x00000068 PA:0x8000878d
        3915000	       390	8000273c	c6211ea3	sh	x2,-899(x2)	  x2:0x80008779  x2:0x80008779 PA:0x800083f6
        3925000	       391	80002740	cd711da3	sh	x23,-805(x2)	  x2:0x80008779 x23:0xffffffce PA:0x80008454
        3935000	       392	80002744	411f82b3	sub	x5,x31,x17	 x31:0xffffffe7 x17:0x00000000  x5=0xffffffe7
        3945000	       393	80002748	01402533	slt	x10,x0,x20	  x0:0x00000000 x20:0x80009f50 x10=0x00000000
        3955000	       394	8000274c	94b14e83	lbu	x29,-1717(x2)	  x2:0x80008779 x29=0x0000007f PA:0x800080c4
        3965000	       395	80002750	e3511f03	lh	x30,-459(x2)	  x2:0x80008779 x30=0x00006465 PA:0x800085ae
        3975000	       396	80002754	00006317	auipc	x6,0x6	  x6=0x80008750
        3985000	       397	80002758	e0e30313	addi	x6,x6,-498	  x6:0x80008750  x6=0x8000855e
        3995000	       398	8000275c	0d834e03	lbu	x28,216(x6)	  x6:0x8000855e x28=0x000000ed PA:0x80008636
        4005000	       399	80002760	90c0e193	ori	x3,x1,-1780	  x1:0x00000000  x3=0xfffff90c
        4015000	       400	80002764	fbc34e83	lbu	x29,-68(x6)	  x6:0x8000855e x29=0x000000d1 PA:0x8000851a
        4025000	       401	80002768	018c16b3	sll	x13,x24,x24	 x24:0x0000070d x24:0x0000070d x13=0x00e1a000
        4035000	       402	8000276c	0a330d03	lb	x26,163(x6)	  x6:0x8000855e x26=0xffffffba PA:0x80008601
        4045000	       403	80002770	f0030aa3	sb	x0,-235(x6)	  x6:0x8000855e  x0:0x00000000 PA:0x80008473
        4055000	       404	80002774	007907b3	add	x15,x18,x7	 x18:0x000002e5  x7:0xffffffce x15=0x000002b3
        4065000	       405	80002778	ffc35903	lhu	x18,-4(x6)	  x6:0x8000855e x18=0x00001011 PA:0x8000855a
        4075000	       406	8000277c	418f5b33	sra	x22,x30,x24	 x30:0x00006465 x24:0x0000070d x22=0x00000003
        4085000	       407	80002780	09130d03	lb	x26,145(x6)	  x6:0x8000855e x26=0xffffffa4 PA:0x800085ef
        4095000	       408	80002784	04e30523	sb	x14,74(x6)	  x6:0x8000855e x14:0x000000fc PA:0x800085a8
        4105000	       409	80002788	01920133	add	x2,x4,x25	  x4:0x00000000 x25:0x00000080  x2=0x00000080
        4115000	       410	8000278c	aa3eeb37	lui	x22,0xaa3ee	 x22=0xaa3ee000
        4125000	       411	80002790	fe730e03	lb	x28,-25(x6)	  x6:0x8000855e x28=0xfffffffe PA:0x80008545
        4135000	       412	80002794	00652fb3	slt	x31,x10,x6	 x10:0x00000000  x6:0x8000855e x31=0x00000000
        4145000	       413	80002798	00000013	addi	x0,x0,0	  x0:0x00000000
        4155000	       414	8000279c	fafab237	lui	x4,0xfafab	  x4=0xfafab000
        4165000	       415	800027a0	0a230aa3	sb	x2,181(x6)	  x6:0x8000855e  x2:0x00000080 PA:0x80008613
        4175000	       416	800027a4	73cd6213	ori	x4,x26,1852	 x26:0xffffffa4  x4=0xffffffbc
        4185000	       417	800027a8	007a30b3	sltu	x1,x20,x7	 x20:0x80009f50  x7:0xffffffce  x1=0x00000001
        4195000	       418	800027ac	97097893	andi	x17,x18,-1680	 x18:0x00001011 x17=0x00001010
        4205000	       419	800027b0	00bccb33	xor	x22,x25,x11	 x25:0x00000080 x11:0x00000000 x22=0x00000080
        4215000	       420	800027b4	00e302a3	sb	x14,5(x6)	  x6:0x8000855e x14:0x000000fc PA:0x80008563
        4225000	       421	800027b8	fb330283	lb	x5,-77(x6)	  x6:0x8000855e  x5=0xffffffca PA:0x80008511
        4235000	       422	800027bc	01a749b3	xor	x19,x14,x26	 x14:0x000000fc x26:0xffffffa4 x19=0xffffff58
        4245000	       423	800027c0	1b4f37b7	lui	x15,0x1b4f3	 x15=0x1b4f3000
        4255000	       424	800027c4	40c45733	sra	x14,x8,x12	  x8:0xfffffbfa x12:0xfffffe40 x14=0xfffffbfa
        4265000	       425	800027c8	010a1233	sll	x4,x20,x16	 x20:0x80009f50 x16:0x80009fc4  x4=0x0009f500
        4275000	       426	800027cc	f5531723	sh	x21,-178(x6)	  x6:0x8000855e x21:0xa5e94e3c PA:0x800084ac
        4285000	       427	800027d0	4009dc33	sra	x24,x19,x0	 x19:0xffffff58  x0:0x00000000 x24=0xffffff58
        4295000	       428	800027d4	f3630b83	lb	x23,-202(x6)	  x6:0x8000855e x23=0x0000004f PA:0x80008494
        4305000	       429	800027d8	f0930883	lb	x17,-247(x6)	  x6:0x8000855e x17=0x0000001c PA:0x80008467
        4315000	       430	800027dc	f9035383	lhu	x7,-112(x6)	  x6:0x8000855e  x7=0x0000a4a5 PA:0x800084ee
        4325000	       431	800027e0	49bd4d93	xori	x27,x26,1179	 x26:0xffffffa4 x27=0xfffffb3f
        4335000	       432	800027e4	fcd34e83	lbu	x29,-51(x6)	  x6:0x8000855e x29=0x000000e0 PA:0x8000852b
        4345000	       433	800027e8	833f4013	xori	x0,x30,-1997	 x30:0x00006465
        4355000	       434	800027ec	41098533	sub	x10,x19,x16	 x19:0xffffff58 x16:0x80009fc4 x10=0x7fff5f94
        4365000	       435	800027f0	004ef933	and	x18,x29,x4	 x29:0x000000e0  x4:0x0009f500 x18=0x00000000
        4375000	       436	800027f4	f80304a3	sb	x0,-119(x6)	  x6:0x8000855e  x0:0x00000000 PA:0x800084e7
        4385000	       437	800027f8	01bdde33	srl	x28,x27,x27	 x27:0xfffffb3f x27:0xfffffb3f x28=0x00000001
        4395000	       438	800027fc	01624633	xor	x12,x4,x22	  x4:0x0009f500 x22:0x00000080 x12=0x0009f580
        4405000	       439	80002800	0693a897	auipc	x17,0x693a	 x17=0x8693c7fc
        4415000	       440	80002804	09630b03	lb	x22,150(x6)	  x6:0x8000855e x22=0xffffffaf PA:0x800085f4
        4425000	       441	80002808	00006497	auipc	x9,0x6	  x9=0x80008804
        4435000	       442	8000280c	b7148493	addi	x9,x9,-1167	  x9:0x80008804  x9=0x80008375
        4445000	       443	80002810	01148903	lb	x18,17(x9)	  x9:0x80008375 x18=0x0000003d PA:0x80008386
        4455000	       444	80002814	00a48983	lb	x19,10(x9)	  x9:0x80008375 x19=0x00000034 PA:0x8000837f
        4465000	       445	80002818	02b48ca3	sb	x11,57(x9)	  x9:0x80008375 x11:0x00000000 PA:0x800083ae
        4475000	       446	8000281c	53f47313	andi	x6,x8,1343	  x8:0xfffffbfa  x6=0x0000013a
        4485000	       447	80002820	4957e713	ori	x14,x15,1173	 x15:0x1b4f3000 x14=0x1b4f3495
        4495000	       448	80002824	ffb4d703	lhu	x14,-5(x9)	  x9:0x80008375 x14=0x00002a2b PA:0x80008370
        4505000	       449	80002828	feb485a3	sb	x11,-21(x9)	  x9:0x80008375 x11:0x00000000 PA:0x80008360
        4515000	       450	8000282c	00281133	sll	x2,x16,x2	 x16:0x80009fc4  x2:0x00000080  x2=0x80009fc4
        4525000	       451	80002830	00748223	sb	x7,4(x9)	  x9:0x80008375  x7:0x0000a4a5 PA:0x80008379
        4535000	       452	80002834	01c8d533	srl	x10,x17,x28	 x17:0x8693c7fc x28:0x00000001 x10=0x4349e3fe
        4545000	       453	80002838	0094cb03	lbu	x22,9(x9)	  x9:0x80008375 x22=0x00000035 PA:0x8000837e
        4555000	       454	8000283c	01b48fa3	sb	x27,31(x9)	  x9:0x80008375 x27:0xfffffb3f PA:0x80008394
        4565000	       455	80002840	9612ff13	andi	x30,x5,-1695	  x5:0xffffffca x30=0xfffff940
        4575000	       456	80002844	041c9f97	auipc	x31,0x41c9	 x31=0x841cb840
        4585000	       457	80002848	fdd483a3	sb	x29,-57(x9)	  x9:0x80008375 x29:0x000000e0 PA:0x8000833c
        4595000	       458	8000284c	ffd4d503	lhu	x10,-3(x9)	  x9:0x80008375 x10=0x00002829 PA:0x80008372
        4605000	       459	80002850	01b840b3	xor	x1,x16,x27	 x16:0x80009fc4 x27:0xfffffb3f  x1=0x7fff64fb
        4615000	       460	80002854	fe548303	lb	x6,-27(x9)	  x9:0x80008375  x6=0x00000011 PA:0x8000835a
        4625000	       461	80002858	015e98b3	sll	x17,x29,x21	 x29:0x000000e0 x21:0xa5e94e3c x17=0x00000000
        4635000	       462	8000285c	01461633	sll	x12,x12,x20	 x12:0x0009f580 x20:0x80009f50 x12=0xf5800000
        4645000	       463	80002860	2092c293	xori	x5,x5,521	  x5:0xffffffca  x5=0xfffffdc3
        4655000	       464	80002864	00d86533	or	x10,x16,x13	 x16:0x80009fc4 x13:0x00e1a000 x10=0x80e1bfc4
        4665000	       465	80002868	01b75d93	srli	x27,x14,0x1b	 x14:0x00002a2b x27=0x00000000
        4675000	       466	8000286c	0182c933	xor	x18,x5,x24	  x5:0xfffffdc3 x24:0xffffff58 x18=0x0000029b
        4685000	       467	80002870	ffb49ea3	sh	x27,-3(x9)	  x9:0x80008375 x27:0x00000000 PA:0x80008372
        4695000	       468	80002874	9b09ec13	ori	x24,x19,-1616	 x19:0x00000034 x24=0xfffff9b4
        4705000	       469	80002878	417bdab3	sra	x21,x23,x23	 x23:0x0000004f x23:0x0000004f x21=0x00000000
        4715000	       470	8000287c	0124f433	and	x8,x9,x18	  x9:0x80008375 x18:0x0000029b  x8=0x00000211
        4725000	       471	80002880	126b8a93	addi	x21,x23,294	 x23:0x0000004f x21=0x00000175
        4735000	       472	80002884	00348723	sb	x3,14(x9)	  x9:0x80008375  x3:0xfffff90c PA:0x80008383
        4745000	       473	80002888	003caf33	slt	x30,x25,x3	 x25:0x00000080  x3:0xfffff90c x30=0x00000000
        4755000	       474	8000288c	60057113	andi	x2,x10,1536	 x10:0x80e1bfc4  x2=0x00000600
        4765000	       475	80002890	03c4c083	lbu	x1,60(x9)	  x9:0x80008375  x1=0x0000006a PA:0x800083b1
        4775000	       476	80002894	00060933	add	x18,x12,x0	 x12:0xf5800000  x0:0x00000000 x18=0xf5800000
        4785000	       477	80002898	00440533	add	x10,x8,x4	  x8:0x00000211  x4:0x0009f500 x10=0x0009f711
        4795000	       478	8000289c	1261e093	ori	x1,x3,294	  x3:0xfffff90c  x1=0xfffff92e
        4805000	       479	800028a0	019323b3	slt	x7,x6,x25	  x6:0x00000011 x25:0x00000080  x7=0x00000001
        4815000	       480	800028a4	021496a3	sh	x1,45(x9)	  x9:0x80008375  x1:0xfffff92e PA:0x800083a2
        4825000	       481	800028a8	00a500b3	add	x1,x10,x10	 x10:0x0009f711 x10:0x0009f711  x1=0x0013ee22
        4835000	       482	800028ac	00262d33	slt	x26,x12,x2	 x12:0xf5800000  x2:0x00000600 x26=0x00000001
        4845000	       483	800028b0	fd1497a3	sh	x17,-49(x9)	  x9:0x80008375 x17:0x00000000 PA:0x80008344
        4855000	       484	800028b4	01b488a3	sb	x27,17(x9)	  x9:0x80008375 x27:0x00000000 PA:0x80008386
        4865000	       485	800028b8	40aa09b3	sub	x19,x20,x10	 x20:0x80009f50 x10:0x0009f711 x19=0x7ff6a83f
        4875000	       486	800028bc	fd14d503	lhu	x10,-47(x9)	  x9:0x80008375 x10=0x0000fcfd PA:0x80008346
        4885000	       487	800028c0	537e0893	addi	x17,x28,1335	 x28:0x00000001 x17=0x00000538
        4895000	       488	800028c4	96bbbc13	sltiu	x24,x23,-1685	 x23:0x0000004f x24=0x00000001
        4905000	       489	800028c8	fc248503	lb	x10,-62(x9)	  x9:0x80008375 x10=0xffffffec PA:0x80008337
        4915000	       490	800028cc	41f70eb3	sub	x29,x14,x31	 x14:0x00002a2b x31:0x841cb840 x29=0x7be371eb
        4925000	       491	800028d0	00f9e0b3	or	x1,x19,x15	 x19:0x7ff6a83f x15:0x1b4f3000  x1=0x7fffb83f
        4935000	       492	800028d4	ffe48d83	lb	x27,-2(x9)	  x9:0x80008375 x27=0x00000000 PA:0x80008373
        4945000	       493	800028d8	01afec63	bltu	x31,x26,800028f0	 x31:0x841cb840 x26:0x00000001
        4955000	       494	800028dc	4066ddb3	sra	x27,x13,x6	 x13:0x00e1a000  x6:0x00000011 x27=0x00000070
        4965000	       495	800028e0	a87a6c13	ori	x24,x20,-1401	 x20:0x80009f50 x24=0xffffffd7
        4975000	       496	800028e4	b84f3893	sltiu	x17,x30,-1148	 x30:0x00000000 x17=0x00000001
        4985000	       497	800028e8	3d102697	auipc	x13,0x3d102	 x13=0xbd1048e4
        4995000	       498	800028ec	673f3e93	sltiu	x29,x30,1651	 x30:0x00000000 x29=0x00000001
        5005000	       499	800028f0	0120e1b3	or	x3,x1,x18	  x1:0x7fffb83f x18:0xf5800000  x3=0xffffb83f
        5015000	       500	800028f4	f9804993	xori	x19,x0,-104	  x0:0x00000000 x19=0xffffff98
        5025000	       501	800028f8	8ac12193	slti	x3,x2,-1876	  x2:0x00000600  x3=0x00000000
        5035000	       502	800028fc	4173d933	sra	x18,x7,x23	  x7:0x00000001 x23:0x0000004f x18=0x00000000
        5045000	       503	80002900	00d1dc33	srl	x24,x3,x13	  x3:0x00000000 x13:0xbd1048e4 x24=0x00000000
        5055000	       504	80002904	00451433	sll	x8,x10,x4	 x10:0xffffffec  x4:0x0009f500  x8=0xffffffec
        5065000	       505	80002908	016d7863	bgeu	x26,x22,80002918	 x26:0x00000001 x22:0x00000035
        5075000	       506	8000290c	414b56b3	sra	x13,x22,x20	 x22:0x00000035 x20:0x80009f50 x13=0x00000000
        5085000	       507	80002910	00115e63	bge	x2,x1,8000292c	  x2:0x00000600  x1:0x7fffb83f
        5095000	       508	80002914	0057dd33	srl	x26,x15,x5	 x15:0x1b4f3000  x5:0xfffffdc3 x26=0x0369e600
        5105000	       509	80002918	00000013	addi	x0,x0,0	  x0:0x00000000
        5115000	       510	8000291c	01f36133	or	x2,x6,x31	  x6:0x00000011 x31:0x841cb840  x2=0x841cb851
        5125000	       511	80002920	1350f713	andi	x14,x1,309	  x1:0x7fffb83f x14=0x00000035
        5135000	       512	80002924	038e5063	bge	x28,x24,80002944	 x28:0x00000001 x24:0x00000000
        5145000	       513	00000000	00000013	addi	x0,x0,0	  x0:0x00000000
        5155000	       514	80002940	00000013	addi	x0,x0,0	  x0:0x00000000
        5165000	       515	80002944	2ded2f37	lui	x30,0x2ded2	 x30=0x2ded2000
        5175000	       516	80002948	8cd67b93	andi	x23,x12,-1843	 x12:0xf5800000 x23=0xf5800000
        5185000	       517	8000294c	01d2f4b3	and	x9,x5,x29	  x5:0xfffffdc3 x29:0x00000001  x9=0x00000001
        5195000	       518	80002950	58d0a313	slti	x6,x1,1421	  x1:0x7fffb83f  x6=0x00000000
        5205000	       519	80002954	00000013	addi	x0,x0,0	  x0:0x00000000
        5215000	       520	80002958	058cf263	bgeu	x25,x24,8000299c	 x25:0x00000080 x24:0x00000000
        5225000	       521	00000000	00000013	addi	x0,x0,0	  x0:0x00000000
        5235000	       522	80002998	00000013	addi	x0,x0,0	  x0:0x00000000
        5245000	       523	8000299c	0115e8b3	or	x17,x11,x17	 x11:0x00000000 x17:0x00000001 x17=0x00000001
        5255000	       524	800029a0	01a31e63	bne	x6,x26,800029bc	  x6:0x00000000 x26:0x0369e600
        5265000	       525	00000000	00000013	addi	x0,x0,0	  x0:0x00000000
        5275000	       526	800029b8	00000013	addi	x0,x0,0	  x0:0x00000000
        5285000	       527	800029bc	40f9d013	srai	x0,x19,0xf	 x19:0xffffff98
        5295000	       528	800029c0	070d5a63	bge	x26,x16,80002a34	 x26:0x0369e600 x16:0x80009fc4
        5305000	       529	00000000	00000013	addi	x0,x0,0	  x0:0x00000000
        5315000	       530	80002a30	00000013	addi	x0,x0,0	  x0:0x00000000
        5325000	       531	80002a34	961d2c37	lui	x24,0x961d2	 x24=0x961d2000
        5335000	       532	80002a38	a3530a97	auipc	x21,0xa3530	 x21=0x23532a34
        5345000	       533	80002a3c	014fd993	srli	x19,x31,0x14	 x31:0x841cb840 x19=0x00000841
        5355000	       534	80002a40	419e5bb3	sra	x23,x28,x25	 x28:0x00000001 x25:0x00000080 x23=0x00000001
        5365000	       535	80002a44	032e0863	beq	x28,x18,80002a74	 x28:0x00000001 x18:0x00000000
        5375000	       536	80002a48	893d0f13	addi	x30,x26,-1901	 x26:0x0369e600 x30=0x0369de93
        5385000	       537	80002a4c	000b6033	or	x0,x22,x0	 x22:0x00000035  x0:0x00000000
        5395000	       538	80002a50	6576b793	sltiu	x15,x13,1623	 x13:0x00000000 x15=0x00000001
        5405000	       539	80002a54	0351da63	bge	x3,x21,80002a88	  x3:0x00000000 x21:0x23532a34
        5415000	       540	80002a58	25468693	addi	x13,x13,596	 x13:0x00000000 x13=0x00000254
        5425000	       541	80002a5c	01457c63	bgeu	x10,x20,80002a74	 x10:0xffffffec x20:0x80009f50
        5435000	       542	00000000	00000013	addi	x0,x0,0	  x0:0x00000000
        5445000	       543	80002a70	00000013	addi	x0,x0,0	  x0:0x00000000
        5455000	       544	80002a74	05165463	bge	x12,x17,80002abc	 x12:0xf5800000 x17:0x00000001
        5465000	       545	80002a78	019ee0b3	or	x1,x29,x25	 x29:0x00000001 x25:0x00000080  x1=0x00000081
        5475000	       546	80002a7c	004fadb3	slt	x27,x31,x4	 x31:0x841cb840  x4:0x0009f500 x27=0x00000001
        5485000	       547	80002a80	05f75863	bge	x14,x31,80002ad0	 x14:0x00000035 x31:0x841cb840
        5495000	       548	00000000	00000013	addi	x0,x0,0	  x0:0x00000000
        5505000	       549	80002acc	00000013	addi	x0,x0,0	  x0:0x00000000
        5515000	       550	80002ad0	0087bcb3	sltu	x25,x15,x8	 x15:0x00000001  x8:0xffffffec x25=0x00000001
        5525000	       551	80002ad4	01edda63	bge	x27,x30,80002ae8	 x27:0x00000001 x30:0x0369de93
        5535000	       552	80002ad8	0031ccb3	xor	x25,x3,x3	  x3:0x00000000  x3:0x00000000 x25=0x00000000
        5545000	       553	80002adc	02180e63	beq	x16,x1,80002b18	 x16:0x80009fc4  x1:0x00000081
        5555000	       554	80002ae0	0178c233	xor	x4,x17,x23	 x17:0x00000001 x23:0x00000001  x4=0x00000000
        5565000	       555	80002ae4	41c5dc33	sra	x24,x11,x28	 x11:0x00000000 x28:0x00000001 x24=0x00000000
        5575000	       556	80002ae8	ab976b93	ori	x23,x14,-1351	 x14:0x00000035 x23=0xfffffabd
        5585000	       557	80002aec	00ea82b3	add	x5,x21,x14	 x21:0x23532a34 x14:0x00000035  x5=0x23532a69
        5595000	       558	80002af0	41da0c33	sub	x24,x20,x29	 x20:0x80009f50 x29:0x00000001 x24=0x80009f4f
        5605000	       559	80002af4	0067d233	srl	x4,x15,x6	 x15:0x00000001  x6:0x00000000  x4=0x00000001
        5615000	       560	80002af8	01cc9263	bne	x25,x28,80002afc	 x25:0x00000000 x28:0x00000001
        5625000	       561	00000000	00000013	addi	x0,x0,0	  x0:0x00000000
        5635000	       562	80002af8	00000013	addi	x0,x0,0	  x0:0x00000000
        5645000	       563	80002afc	0f4f3bb7	lui	x23,0xf4f3	 x23=0x0f4f3000
        5655000	       564	80002b00	002b9793	slli	x15,x23,0x2	 x23:0x0f4f3000 x15=0x3d3cc000
        5665000	       565	80002b04	023b1663	bne	x22,x3,80002b30	 x22:0x00000035  x3:0x00000000
        5675000	       566	00000000	00000013	addi	x0,x0,0	  x0:0x00000000
        5685000	       567	80002b2c	00000013	addi	x0,x0,0	  x0:0x00000000
        5695000	       568	80002b30	010e48b3	xor	x17,x28,x16	 x28:0x00000001 x16:0x80009fc4 x17=0x80009fc5
        5705000	       569	80002b34	018b5113	srli	x2,x22,0x18	 x22:0x00000035  x2=0x00000000
        5715000	       570	80002b38	01ec3233	sltu	x4,x24,x30	 x24:0x80009f4f x30:0x0369de93  x4=0x00000000
        5725000	       571	80002b3c	01f71bb3	sll	x23,x14,x31	 x14:0x00000035 x31:0x841cb840 x23=0x00000035
        5735000	       572	80002b40	01ba23b3	slt	x7,x20,x27	 x20:0x80009f50 x27:0x00000001  x7=0x00000001
        5745000	       573	80002b44	0192a733	slt	x14,x5,x25	  x5:0x23532a69 x25:0x00000000 x14=0x00000000
        5755000	       574	80002b48	00dbefb3	or	x31,x23,x13	 x23:0x00000035 x13:0x00000254 x31=0x00000275
        5765000	       575	80002b4c	038a7863	bgeu	x20,x24,80002b7c	 x20:0x80009f50 x24:0x80009f4f
        5775000	       576	00000000	00000013	addi	x0,x0,0	  x0:0x00000000
        5785000	       577	80002b78	00000013	addi	x0,x0,0	  x0:0x00000000
        5795000	       578	80002b7c	00e62c33	slt	x24,x12,x14	 x12:0xf5800000 x14:0x00000000 x24=0x00000001
        5805000	       579	80002b80	01759933	sll	x18,x11,x23	 x11:0x00000000 x23:0x00000035 x18=0x00000000
        5815000	       580	80002b84	00000013	addi	x0,x0,0	  x0:0x00000000
        5825000	       581	80002b88	00f934b3	sltu	x9,x18,x15	 x18:0x00000000 x15:0x3d3cc000  x9=0x00000001
        5835000	       582	80002b8c	0098f0b3	and	x1,x17,x9	 x17:0x80009fc5  x9:0x00000001  x1=0x00000001
        5845000	       583	80002b90	00011393	slli	x7,x2,0x0	  x2:0x00000000  x7=0x00000000
        5855000	       584	80002b94	0135f333	and	x6,x11,x19	 x11:0x00000000 x19:0x00000841  x6=0x00000000
        5865000	       585	80002b98	0007f9b3	and	x19,x15,x0	 x15:0x3d3cc000  x0:0x00000000 x19=0x00000000
        5875000	       586	80002b9c	d4f5f293	andi	x5,x11,-689	 x11:0x00000000  x5=0x00000000
        5885000	       587	80002ba0	038d0c63	beq	x26,x24,80002bd8	 x26:0x0369e600 x24:0x00000001
        5895000	       588	80002ba4	61fd6793	ori	x15,x26,1567	 x26:0x0369e600 x15=0x0369e61f
        5905000	       589	80002ba8	00119c93	slli	x25,x3,0x1	  x3:0x00000000 x25=0x00000000
        5915000	       590	80002bac	3435de17	auipc	x28,0x3435d	 x28=0xb435fba8
        5925000	       591	80002bb0	4127d033	sra	x0,x15,x18	 x15:0x0369e61f x18:0x00000000
        5935000	       592	80002bb4	01b44e63	blt	x8,x27,80002bd0	  x8:0xffffffec x27:0x00000001
        5945000	       593	00000000	00000013	addi	x0,x0,0	  x0:0x00000000
        5955000	       594	80002bcc	00000013	addi	x0,x0,0	  x0:0x00000000
        5965000	       595	80002bd0	01dc1413	slli	x8,x24,0x1d	 x24:0x00000001  x8=0x20000000
        5975000	       596	80002bd4	02cbd263	bge	x23,x12,80002bf8	 x23:0x00000035 x12:0xf5800000
        5985000	       597	00000000	00000013	addi	x0,x0,0	  x0:0x00000000
        5995000	       598	80002bf4	00000013	addi	x0,x0,0	  x0:0x00000000
        6005000	       599	80002bf8	010e5713	srli	x14,x28,0x10	 x28:0xb435fba8 x14=0x0000b435
        6015000	       600	80002bfc	00aa6ab3	or	x21,x20,x10	 x20:0x80009f50 x10:0xffffffec x21=0xfffffffc
        6025000	       601	80002c00	e3f04b17	auipc	x22,0xe3f04	 x22=0x63f06bfc
        6035000	       602	80002c04	f7574f13	xori	x30,x14,-139	 x14:0x0000b435 x30=0xffff4b40
        6045000	       603	80002c08	0059fc63	bgeu	x19,x5,80002c20	 x19:0x00000000  x5:0x00000000
        6055000	       604	00000000	00000013	addi	x0,x0,0	  x0:0x00000000
        6065000	       605	80002c1c	00000013	addi	x0,x0,0	  x0:0x00000000
        6075000	       606	80002c20	c23cb313	sltiu	x6,x25,-989	 x25:0x00000000  x6=0x00000001
        6085000	       607	80002c24	00000013	addi	x0,x0,0	  x0:0x00000000
        6095000	       608	80002c28	4b609237	lui	x4,0x4b609	  x4=0x4b609000
        6105000	       609	80002c2c	414388b3	sub	x17,x7,x20	  x7:0x00000000 x20:0x80009f50 x17=0x7fff60b0
        6115000	       610	80002c30	00b00933	add	x18,x0,x11	  x0:0x00000000 x11:0x00000000 x18=0x00000000
        6125000	       611	80002c34	00f39033	sll	x0,x7,x15	  x7:0x00000000 x15:0x0369e61f
        6135000	       612	80002c38	58556c13	ori	x24,x10,1413	 x10:0xffffffec x24=0xffffffed
        6145000	       613	80002c3c	00029333	sll	x6,x5,x0	  x5:0x00000000  x0:0x00000000  x6=0x00000000
        6155000	       614	80002c40	3afecc13	xori	x24,x29,943	 x29:0x00000001 x24=0x000003ae
        6165000	       615	80002c44	00f65733	srl	x14,x12,x15	 x12:0xf5800000 x15:0x0369e61f x14=0x00000001
        6175000	       616	80002c48	9db24d13	xori	x26,x4,-1573	  x4:0x4b609000 x26=0xb49f69db
        6185000	       617	80002c4c	04448863	beq	x9,x4,80002c9c	  x9:0x00000001  x4:0x4b609000
        6195000	       618	80002c50	05ab7263	bgeu	x22,x26,80002c94	 x22:0x63f06bfc x26:0xb49f69db
        6205000	       619	80002c54	7f63e317	auipc	x6,0x7f63e	  x6=0xff640c50
        6215000	       620	80002c58	0031fc63	bgeu	x3,x3,80002c70	  x3:0x00000000  x3:0x00000000
        6225000	       621	00000000	00000013	addi	x0,x0,0	  x0:0x00000000
        6235000	       622	80002c6c	00000013	addi	x0,x0,0	  x0:0x00000000
        6245000	       623	80002c70	013d5733	srl	x14,x26,x19	 x26:0xb49f69db x19:0x00000000 x14=0xb49f69db
        6255000	       624	80002c74	049f1063	bne	x30,x9,80002cb4	 x30:0xffff4b40  x9:0x00000001
        6265000	       625	00000000	00000013	addi	x0,x0,0	  x0:0x00000000
        6275000	       626	80002cb0	00000013	addi	x0,x0,0	  x0:0x00000000
        6285000	       627	80002cb4	016e1213	slli	x4,x28,0x16	 x28:0xb435fba8  x4=0xea000000
        6295000	       628	80002cb8	023c9863	bne	x25,x3,80002ce8	 x25:0x00000000  x3:0x00000000
        6305000	       629	80002cbc	00e38533	add	x10,x7,x14	  x7:0x00000000 x14:0xb49f69db x10=0xb49f69db
        6315000	       630	80002cc0	10384e37	lui	x28,0x10384	 x28=0x10384000
        6325000	       631	80002cc4	a3b22113	slti	x2,x4,-1477	  x4:0xea000000  x2=0x00000001
        6335000	       632	80002cc8	14144db7	lui	x27,0x14144	 x27=0x14144000
        6345000	       633	80002ccc	049ac663	blt	x21,x9,80002d18	 x21:0xfffffffc  x9:0x00000001
        6355000	       634	00000000	00000013	addi	x0,x0,0	  x0:0x00000000
        6365000	       635	80002d14	00000013	addi	x0,x0,0	  x0:0x00000000
        6375000	       636	80002d18	a3f5ce93	xori	x29,x11,-1473	 x11:0x00000000 x29=0xfffffa3f
        6385000	       637	80002d1c	00022b33	slt	x22,x4,x0	  x4:0xea000000  x0:0x00000000 x22=0x00000001
        6395000	       638	80002d20	01fa6fb3	or	x31,x20,x31	 x20:0x80009f50 x31:0x00000275 x31=0x80009f75
        6405000	       639	80002d24	00528033	add	x0,x5,x5	  x5:0x00000000  x5:0x00000000
        6415000	       640	80002d28	8b0e6993	ori	x19,x28,-1872	 x28:0x10384000 x19=0xfffff8b0
        6425000	       641	80002d2c	5c6473b7	lui	x7,0x5c647	  x7=0x5c647000
        6435000	       642	80002d30	00000013	addi	x0,x0,0	  x0:0x00000000
        6445000	       643	80002d34	4097db93	srai	x23,x15,0x9	 x15:0x0369e61f x23=0x0001b4f3
        6455000	       644	80002d38	001892b7	lui	x5,0x189	  x5=0x00189000
        6465000	       645	80002d3c	02691063	bne	x18,x6,80002d5c	 x18:0x00000000  x6:0xff640c50
        6475000	       646	00000000	00000013	addi	x0,x0,0	  x0:0x00000000
        6485000	       647	80002d58	00000013	addi	x0,x0,0	  x0:0x00000000
        6495000	       648	80002d5c	41715913	srai	x18,x2,0x17	  x2:0x00000001 x18=0x00000000
        6505000	       649	80002d60	00c10133	add	x2,x2,x12	  x2:0x00000001 x12:0xf5800000  x2=0xf5800001
        6515000	       650	80002d64	00485933	srl	x18,x16,x4	 x16:0x80009fc4  x4:0xea000000 x18=0x80009fc4
        6525000	       651	80002d68	42cfee13	ori	x28,x31,1068	 x31:0x80009f75 x28=0x80009f7d
        6535000	       652	80002d6c	01fa90b3	sll	x1,x21,x31	 x21:0xfffffffc x31:0x80009f75  x1=0xff800000
        6545000	       653	80002d70	00be6263	bltu	x28,x11,80002d74	 x28:0x80009f7d x11:0x00000000
        6555000	       654	80002d74	dcf97993	andi	x19,x18,-561	 x18:0x80009fc4 x19=0x80009dc4
        6565000	       655	80002d78	0006bdb3	sltu	x27,x13,x0	 x13:0x00000254  x0:0x00000000 x27=0x00000000
        6575000	       656	80002d7c	013f76b3	and	x13,x30,x19	 x30:0xffff4b40 x19:0x80009dc4 x13=0x80000940
        6585000	       657	80002d80	022fe063	bltu	x31,x2,80002da0	 x31:0x80009f75  x2:0xf5800001
        6595000	       658	00000000	00000013	addi	x0,x0,0	  x0:0x00000000
        6605000	       659	80002d9c	00000013	addi	x0,x0,0	  x0:0x00000000
        6615000	       660	80002da0	41758033	sub	x0,x11,x23	 x11:0x00000000 x23:0x0001b4f3
        6625000	       661	80002da4	0024deb3	srl	x29,x9,x2	  x9:0x00000001  x2:0xf5800001 x29=0x00000000
        6635000	       662	80002da8	4d5e7a93	andi	x21,x28,1237	 x28:0x80009f7d x21=0x00000455
        6645000	       663	80002dac	00c14663	blt	x2,x12,80002db8	  x2:0xf5800001 x12:0xf5800000
        6655000	       664	80002db0	40475733	sra	x14,x14,x4	 x14:0xb49f69db  x4:0xea000000 x14=0xb49f69db
        6665000	       665	80002db4	5eda7d93	andi	x27,x20,1517	 x20:0x80009f50 x27=0x00000540
        6675000	       666	80002db8	00225cb3	srl	x25,x4,x2	  x4:0xea000000  x2:0xf5800001 x25=0x75000000
        6685000	       667	80002dbc	04d0d263	bge	x1,x13,80002e00	  x1:0xff800000 x13:0x80000940
        6695000	       668	00000000	00000013	addi	x0,x0,0	  x0:0x00000000
        6705000	       669	80002dfc	00000013	addi	x0,x0,0	  x0:0x00000000
        6715000	       670	80002e00	009eac33	slt	x24,x29,x9	 x29:0x00000000  x9:0x00000001 x24=0x00000001
        6725000	       671	80002e04	00ededb3	or	x27,x27,x14	 x27:0x00000540 x14:0xb49f69db x27=0xb49f6ddb
        6735000	       672	80002e08	00000013	addi	x0,x0,0	  x0:0x00000000
        6745000	       673	80002e0c	7df8e513	ori	x10,x17,2015	 x17:0x7fff60b0 x10=0x7fff67ff
        6755000	       674	80002e10	1b8b8413	addi	x8,x23,440	 x23:0x0001b4f3  x8=0x0001b6ab
        6765000	       675	80002e14	006e03b3	add	x7,x28,x6	 x28:0x80009f7d  x6:0xff640c50  x7=0x7f64abcd
        6775000	       676	80002e18	402fdd13	srai	x26,x31,0x2	 x31:0x80009f75 x26=0xe00027dd
        6785000	       677	80002e1c	01780db3	add	x27,x16,x23	 x16:0x80009fc4 x23:0x0001b4f3 x27=0x800254b7
        6795000	       678	80002e20	18d38713	addi	x14,x7,397	  x7:0x7f64abcd x14=0x7f64ad5a
        6805000	       679	80002e24	0036abb3	slt	x23,x13,x3	 x13:0x80000940  x3:0x00000000 x23=0x00000001
        6815000	       680	80002e28	62f694b7	lui	x9,0x62f69	  x9=0x62f69000
        6825000	       681	80002e2c	01974e63	blt	x14,x25,80002e48	 x14:0x7f64ad5a x25:0x75000000
        6835000	       682	80002e30	41dc5913	srai	x18,x24,0x1d	 x24:0x00000001 x18=0x00000000
        6845000	       683	80002e34	5c102913	slti	x18,x0,1473	  x0:0x00000000 x18=0x00000001
        6855000	       684	80002e38	03dada63	bge	x21,x29,80002e6c	 x21:0x00000455 x29:0x00000000
        6865000	       685	00000000	00000013	addi	x0,x0,0	  x0:0x00000000
        6875000	       686	80002e68	00000013	addi	x0,x0,0	  x0:0x00000000
        6885000	       687	80002e6c	044e5063	bge	x28,x4,80002eac	 x28:0x80009f7d  x4:0xea000000
        6895000	       688	80002e70	4d1cc493	xori	x9,x25,1233	 x25:0x75000000  x9=0x750004d1
        6905000	       689	80002e74	0319d263	bge	x19,x17,80002e98	 x19:0x80009dc4 x17:0x7fff60b0
        6915000	       690	80002e78	6e9a3f93	sltiu	x31,x20,1769	 x20:0x80009f50 x31=0x00000000
        6925000	       691	80002e7c	dabc2113	slti	x2,x24,-597	 x24:0x00000001  x2=0x00000000
        6935000	       692	80002e80	00696eb3	or	x29,x18,x6	 x18:0x00000001  x6:0xff640c50 x29=0xff640c51
        6945000	       693	80002e84	9de15917	auipc	x18,0x9de15	 x18=0x1de17e80
        6955000	       694	80002e88	f84c90b7	lui	x1,0xf84c9	  x1=0xf84c9000
        6965000	       695	80002e8c	0195d793	srli	x15,x11,0x19	 x11:0x00000000 x15=0x00000000
        6975000	       696	80002e90	001c9033	sll	x0,x25,x1	 x25:0x75000000  x1:0xf84c9000
        6985000	       697	80002e94	21a70b97	auipc	x23,0x21a70	 x23=0xa1a72e90
        6995000	       698	80002e98	046ef463	bgeu	x29,x6,80002ee0	 x29:0xff640c51  x6:0xff640c50
        7005000	       699	00000000	00000013	addi	x0,x0,0	  x0:0x00000000
        7015000	       700	80002edc	00000013	addi	x0,x0,0	  x0:0x00000000
        7025000	       701	80002ee0	010414b3	sll	x9,x8,x16	  x8:0x0001b6ab x16:0x80009fc4  x9=0x001b6ab0
        7035000	       702	80002ee4	015a3033	sltu	x0,x20,x21	 x20:0x80009f50 x21:0x00000455
        7045000	       703	80002ee8	40b95433	sra	x8,x18,x11	 x18:0x1de17e80 x11:0x00000000  x8=0x1de17e80
        7055000	       704	80002eec	289be713	ori	x14,x23,649	 x23:0xa1a72e90 x14=0xa1a72e99
        7065000	       705	80002ef0	00c98bb3	add	x23,x19,x12	 x19:0x80009dc4 x12:0xf5800000 x23=0x75809dc4
        7075000	       706	80002ef4	40d35b13	srai	x22,x6,0xd	  x6:0xff640c50 x22=0xfffffb20
        7085000	       707	80002ef8	01279313	slli	x6,x15,0x12	 x15:0x00000000  x6=0x00000000
        7095000	       708	80002efc	00509663	bne	x1,x5,80002f08	  x1:0xf84c9000  x5:0x00189000
        7105000	       709	00000000	00000013	addi	x0,x0,0	  x0:0x00000000
        7115000	       710	80002f04	00000013	addi	x0,x0,0	  x0:0x00000000
        7125000	       711	80002f08	2acb7b93	andi	x23,x22,684	 x22:0xfffffb20 x23=0x00000220
        7135000	       712	80002f0c	9df8a717	auipc	x14,0x9df8a	 x14=0x1df8cf08
        7145000	       713	80002f10	56660717	auipc	x14,0x56660	 x14=0xd6662f0c
        7155000	       714	80002f14	00c58c63	beq	x11,x12,80002f2c	 x11:0x00000000 x12:0xf5800000
        7165000	       715	80002f18	41e15eb3	sra	x29,x2,x30	  x2:0x00000000 x30:0xffff4b40 x29=0x00000000
        7175000	       716	80002f1c	018974b3	and	x9,x18,x24	 x18:0x1de17e80 x24:0x00000001  x9=0x00000000
        7185000	       717	80002f20	00005db3	srl	x27,x0,x0	  x0:0x00000000  x0:0x00000000 x27=0x00000000
        7195000	       718	80002f24	40f1d9b3	sra	x19,x3,x15	  x3:0x00000000 x15:0x00000000 x19=0x00000000
        7205000	       719	80002f28	faf60193	addi	x3,x12,-81	 x12:0xf5800000  x3=0xf57fffaf
        7215000	       720	80002f2c	4071d313	srai	x6,x3,0x7	  x3:0xf57fffaf  x6=0xffeaffff
        7225000	       721	80002f30	014b1263	bne	x22,x20,80002f34	 x22:0xfffffb20 x20:0x80009f50
        7235000	       722	00000000	00000013	addi	x0,x0,0	  x0:0x00000000
        7245000	       723	80002f30	00000013	addi	x0,x0,0	  x0:0x00000000
        7255000	       724	80002f34	40d25db3	sra	x27,x4,x13	  x4:0xea000000 x13:0x80000940 x27=0xea000000
        7265000	       725	80002f38	01714e63	blt	x2,x23,80002f54	  x2:0x00000000 x23:0x00000220
        7275000	       726	00000000	00000013	addi	x0,x0,0	  x0:0x00000000
        7285000	       727	80002f50	00000013	addi	x0,x0,0	  x0:0x00000000
        7295000	       728	80002f54	67752993	slti	x19,x10,1655	 x10:0x7fff67ff x19=0x00000000
        7305000	       729	80002f58	0151feb3	and	x29,x3,x21	  x3:0xf57fffaf x21:0x00000455 x29=0x00000405
        7315000	       730	80002f5c	01888863	beq	x17,x24,80002f6c	 x17:0x7fff60b0 x24:0x00000001
        7325000	       731	80002f60	bdce9b17	auipc	x22,0xbdce9	 x22=0x3dcebf5c
        7335000	       732	80002f64	00877b33	and	x22,x14,x8	 x14:0xd6662f0c  x8:0x1de17e80 x22=0x14602e00
        7345000	       733	80002f68	70bc8337	lui	x6,0x70bc8	  x6=0x70bc8000
        7355000	       734	80002f6c	400e8d33	sub	x26,x29,x0	 x29:0x00000405  x0:0x00000000 x26=0x00000405
        7365000	       735	80002f70	4d60f893	andi	x17,x1,1238	  x1:0xf84c9000 x17=0x00000000
        7375000	       736	80002f74	bc543713	sltiu	x14,x8,-1083	  x8:0x1de17e80 x14=0x00000001
        7385000	       737	80002f78	00aa8c33	add	x24,x21,x10	 x21:0x00000455 x10:0x7fff67ff x24=0x7fff6c54
        7395000	       738	80002f7c	2e032e13	slti	x28,x6,736	  x6:0x70bc8000 x28=0x00000000
        7405000	       739	80002f80	010a5613	srli	x12,x20,0x10	 x20:0x80009f50 x12=0x00008000
        7415000	       740	80002f84	01ae0e63	beq	x28,x26,80002fa0	 x28:0x00000000 x26:0x00000405
        7425000	       741	80002f88	018f77b3	and	x15,x30,x24	 x30:0xffff4b40 x24:0x7fff6c54 x15=0x7fff4840
        7435000	       742	80002f8c	24feac93	slti	x25,x29,591	 x29:0x00000405 x25=0x00000000
        7445000	       743	80002f90	03ed6863	bltu	x26,x30,80002fc0	 x26:0x00000405 x30:0xffff4b40
        7455000	       744	00000000	00000013	addi	x0,x0,0	  x0:0x00000000
        7465000	       745	80002fbc	00000013	addi	x0,x0,0	  x0:0x00000000
        7475000	       746	80002fc0	40ab86b3	sub	x13,x23,x10	 x23:0x00000220 x10:0x7fff67ff x13=0x80009a21
        7485000	       747	80002fc4	02758263	beq	x11,x7,80002fe8	 x11:0x00000000  x7:0x7f64abcd
        7495000	       748	80002fc8	bddf2e13	slti	x28,x30,-1059	 x30:0xffff4b40 x28=0x00000001
        7505000	       749	80002fcc	00be1933	sll	x18,x28,x11	 x28:0x00000001 x11:0x00000000 x18=0x00000001
        7515000	       750	80002fd0	00ae7263	bgeu	x28,x10,80002fd4	 x28:0x00000001 x10:0x7fff67ff
        7525000	       751	80002fd4	016e0e63	beq	x28,x22,80002ff0	 x28:0x00000001 x22:0x14602e00
        7535000	       752	80002fd8	41455b93	srai	x23,x10,0x14	 x10:0x7fff67ff x23=0x000007ff
        7545000	       753	80002fdc	6a54c113	xori	x2,x9,1701	  x9:0x00000000  x2=0x000006a5
        7555000	       754	80002fe0	014408b3	add	x17,x8,x20	  x8:0x1de17e80 x20:0x80009f50 x17=0x9de21dd0
        7565000	       755	80002fe4	015d5f33	srl	x30,x26,x21	 x26:0x00000405 x21:0x00000455 x30=0x00000000
        7575000	       756	80002fe8	c7090193	addi	x3,x18,-912	 x18:0x00000001  x3=0xfffffc71
        7585000	       757	80002fec	01da6fb3	or	x31,x20,x29	 x20:0x80009f50 x29:0x00000405 x31=0x80009f55
        7595000	       758	80002ff0	01bbcf33	xor	x30,x23,x27	 x23:0x000007ff x27:0xea000000 x30=0xea0007ff
        7605000	       759	80002ff4	c64e6c37	lui	x24,0xc64e6	 x24=0xc64e6000
        7615000	       760	80002ff8	19c2bf13	sltiu	x30,x5,412	  x5:0x00189000 x30=0x00000000
        7625000	       761	80002ffc	00650bb3	add	x23,x10,x6	 x10:0x7fff67ff  x6:0x70bc8000 x23=0xf0bbe7ff
        7635000	       762	80003000	01d2d6b3	srl	x13,x5,x29	  x5:0x00189000 x29:0x00000405 x13=0x0000c480
        7645000	       763	80003004	02440e63	beq	x8,x4,80003040	  x8:0x1de17e80  x4:0xea000000
        7655000	       764	80003008	01c79d33	sll	x26,x15,x28	 x15:0x7fff4840 x28:0x00000001 x26=0xfffe9080
        7665000	       765	8000300c	891dae13	slti	x28,x27,-1903	 x27:0xea000000 x28=0x00000001
        7675000	       766	80003010	038f5863	bge	x30,x24,80003040	 x30:0x00000000 x24:0xc64e6000
        7685000	       767	00000000	00000013	addi	x0,x0,0	  x0:0x00000000
        7695000	       768	8000303c	00000013	addi	x0,x0,0	  x0:0x00000000
        7705000	       769	80003040	000e4e33	xor	x28,x28,x0	 x28:0x00000001  x0:0x00000000 x28=0x00000001
        7715000	       770	80003044	00979693	slli	x13,x15,0x9	 x15:0x7fff4840 x13=0xfe908000
        7725000	       771	80003048	05dbe663	bltu	x23,x29,80003094	 x23:0xf0bbe7ff x29:0x00000405
        7735000	       772	8000304c	7acbc497	auipc	x9,0x7acbc	  x9=0xfacbf048
        7745000	       773	80003050	00c74e63	blt	x14,x12,8000306c	 x14:0x00000001 x12:0x00008000
        7755000	       774	00000000	00000013	addi	x0,x0,0	  x0:0x00000000
        7765000	       775	80003068	00000013	addi	x0,x0,0	  x0:0x00000000
        7775000	       776	8000306c	b74e0e93	addi	x29,x28,-1164	 x28:0x00000001 x29=0xfffffb75
        7785000	       777	80003070	c9ac6b13	ori	x22,x24,-870	 x24:0xc64e6000 x22=0xfffffc9a
        7795000	       778	80003074	000cee63	bltu	x25,x0,80003090	 x25:0x00000000  x0:0x00000000
        7805000	       779	80003078	02535863	bge	x6,x5,800030a8	  x6:0x70bc8000  x5:0x00189000
        7815000	       780	00000000	00000013	addi	x0,x0,0	  x0:0x00000000
        7825000	       781	800030a4	00000013	addi	x0,x0,0	  x0:0x00000000
        7835000	       782	800030a8	02f41063	bne	x8,x15,800030c8	  x8:0x1de17e80 x15:0x7fff4840
        7845000	       783	00000000	00000013	addi	x0,x0,0	  x0:0x00000000
        7855000	       784	800030c4	00000013	addi	x0,x0,0	  x0:0x00000000
        7865000	       785	800030c8	3c3e7013	andi	x0,x28,963	 x28:0x00000001
        7875000	       786	800030cc	00006f97	auipc	x31,0x6	 x31=0x800090c8
        7885000	       787	800030d0	c73f8f93	addi	x31,x31,-909	 x31:0x800090c8 x31=0x80008d3b
        7895000	       788	800030d4	0b0fcb03	lbu	x22,176(x31)	 x31:0x80008d3b x22=0x000000d0 PA:0x80008deb
        7905000	       789	800030d8	4862c293	xori	x5,x5,1158	  x5:0x00189000  x5=0x00189486
        7915000	       790	800030dc	ffcf8283	lb	x5,-4(x31)	 x31:0x80008d3b  x5=0x0000001c PA:0x80008d37
        7925000	       791	800030e0	01bf8b83	lb	x23,27(x31)	 x31:0x80008d3b x23=0x0000003d PA:0x80008d56
        7935000	       792	800030e4	05af8383	lb	x7,90(x31)	 x31:0x80008d3b  x7=0x0000007e PA:0x80008d95
        7945000	       793	800030e8	f0ff8523	sb	x15,-246(x31)	 x31:0x80008d3b x15:0x7fff4840 PA:0x80008c45
        7955000	       794	800030ec	01dfaa83	lw	x21,29(x31)	 x31:0x80008d3b x21=0x40414243 PA:0x80008d58
        7965000	       795	800030f0	090f9aa3	sh	x16,149(x31)	 x31:0x80008d3b x16:0x80009fc4 PA:0x80008dd0
        7975000	       796	800030f4	0c2fcf03	lbu	x30,194(x31)	 x31:0x80008d3b x30=0x000000e6 PA:0x80008dfd
        7985000	       797	00000000	00000013	addi	x0,x0,0	  x0:0x00000000
        7995000	       798	800030f8	015f78b3	and	x17,x30,x21	 x30:0x000000e6 x21:0x40414243 x17=0x00000042
        8005000	       799	800030fc	010f92a3	sh	x16,5(x31)	 x31:0x80008d3b x16:0x80009fc4 PA:0x80008d40
        8015000	       800	80003100	f08fcd83	lbu	x27,-248(x31)	 x31:0x80008d3b x27=0x00000028 PA:0x80008c43
        8025000	       801	80003104	00da1713	slli	x14,x20,0xd	 x20:0x80009f50 x14=0x13ea0000
        8035000	       802	80003108	f5ef8023	sb	x30,-192(x31)	 x31:0x80008d3b x30:0x000000e6 PA:0x80008c7b
        8045000	       803	8000310c	6aaeb693	sltiu	x13,x29,1706	 x29:0xfffffb75 x13=0x00000000
        8055000	       804	80003110	071fc683	lbu	x13,113(x31)	 x31:0x80008d3b x13=0x00000097 PA:0x80008dac
        8065000	       805	80003114	f14f8703	lb	x14,-236(x31)	 x31:0x80008d3b x14=0x00000034 PA:0x80008c4f
        8075000	       806	80003118	01bbdd33	srl	x26,x23,x27	 x23:0x0000003d x27:0x00000028 x26=0x00000000
        8085000	       807	8000311c	f9cf8683	lb	x13,-100(x31)	 x31:0x80008d3b x13=0xffffffbc PA:0x80008cd7
        8095000	       808	00000000	00000013	addi	x0,x0,0	  x0:0x00000000
        8105000	       809	80003120	fadf8e03	lb	x28,-83(x31)	 x31:0x80008d3b x28=0xffffffd3 PA:0x80008ce8
        8115000	       810	80003124	024f8ea3	sb	x4,61(x31)	 x31:0x80008d3b  x4:0xea000000 PA:0x80008d78
        8125000	       811	80003128	00865e33	srl	x28,x12,x8	 x12:0x00008000  x8:0x1de17e80 x28=0x00008000
        8135000	       812	8000312c	003223b3	slt	x7,x4,x3	  x4:0xea000000  x3:0xfffffc71  x7=0x00000001
        8145000	       813	80003130	9d01b293	sltiu	x5,x3,-1584	  x3:0xfffffc71  x5=0x00000000
        8155000	       814	80003134	07ef8283	lb	x5,126(x31)	 x31:0x80008d3b  x5=0xffffffa2 PA:0x80008db9
        8165000	       815	80003138	0edf8503	lb	x10,237(x31)	 x31:0x80008d3b x10=0x00000013 PA:0x80008e28
        8175000	       816	8000313c	695f3713	sltiu	x14,x30,1685	 x30:0x000000e6 x14=0x00000001
        8185000	       817	80003140	8792f013	andi	x0,x5,-1927	  x5:0xffffffa2
        8195000	       818	80003144	c7173117	auipc	x2,0xc7173	  x2=0x47176140
        8205000	       819	80003148	008fc183	lbu	x3,8(x31)	 x31:0x80008d3b  x3=0x00000028 PA:0x80008d43
        8215000	       820	8000314c	010fb133	sltu	x2,x31,x16	 x31:0x80008d3b x16:0x80009fc4  x2=0x00000001
        8225000	       821	80003150	00000013	addi	x0,x0,0	  x0:0x00000000
        8235000	       822	80003154	002c9c63	bne	x25,x2,8000316c	 x25:0x00000000  x2:0x00000001
        8245000	       823	00000000	00000013	addi	x0,x0,0	  x0:0x00000000
        8255000	       824	80003168	00000013	addi	x0,x0,0	  x0:0x00000000
        8265000	       825	8000316c	007203b3	add	x7,x4,x7	  x4:0xea000000  x7:0x00000001  x7=0xea000001
        8275000	       826	80003170	00000013	addi	x0,x0,0	  x0:0x00000000
        8285000	       827	80003174	b537e997	auipc	x19,0xb537e	 x19=0x35381170
        8295000	       828	80003178	e874cd93	xori	x27,x9,-377	  x9:0xfacbf048 x27=0x05340ecf
        8305000	       829	8000317c	5f8a2f37	lui	x30,0x5f8a2	 x30=0x5f8a2000
        8315000	       830	80003180	0031cfb3	xor	x31,x3,x3	  x3:0x00000028  x3:0x00000028 x31=0x00000000
        8325000	       831	80003184	04f45863	bge	x8,x15,800031d4	  x8:0x1de17e80 x15:0x7fff4840
        8335000	       832	80003188	011707b3	add	x15,x14,x17	 x14:0x00000001 x17:0x00000042 x15=0x00000043
        8345000	       833	8000318c	4000d113	srai	x2,x1,0x0	  x1:0xf84c9000  x2=0xf84c9000
        8355000	       834	80003190	34bf0913	addi	x18,x30,843	 x30:0x5f8a2000 x18=0x5f8a234b
        8365000	       835	80003194	01fdc263	blt	x27,x31,80003198	 x27:0x05340ecf x31:0x00000000
        8375000	       836	80003198	b0d84793	xori	x15,x16,-1267	 x16:0x80009fc4 x15=0x7fff64c9
        8385000	       837	8000319c	0081d2b3	srl	x5,x3,x8	  x3:0x00000028  x8:0x1de17e80  x5=0x00000028
        8395000	       838	800031a0	0211ca63	blt	x3,x1,800031d4	  x3:0x00000028  x1:0xf84c9000
        8405000	       839	800031a4	016d9613	slli	x12,x27,0x16	 x27:0x05340ecf x12=0xb3c00000
        8415000	       840	800031a8	01e1abb3	slt	x23,x3,x30	  x3:0x00000028 x30:0x5f8a2000 x23=0x00000001
        8425000	       841	800031ac	fa9a6c13	ori	x24,x20,-87	 x20:0x80009f50 x24=0xfffffff9
        8435000	       842	800031b0	40490cb3	sub	x25,x18,x4	 x18:0x5f8a234b  x4:0xea000000 x25=0x758a234b
        8445000	       843	800031b4	015d57b3	srl	x15,x26,x21	 x26:0x00000000 x21:0x40414243 x15=0x00000000
        8455000	       844	800031b8	01faa733	slt	x14,x21,x31	 x21:0x40414243 x31:0x00000000 x14=0x00000000
        8465000	       845	800031bc	02308a63	beq	x1,x3,800031f0	  x1:0xf84c9000  x3:0x00000028
        8475000	       846	800031c0	63b17993	andi	x19,x2,1595	  x2:0xf84c9000 x19=0x00000000
        8485000	       847	800031c4	00a5e7b3	or	x15,x11,x10	 x11:0x00000000 x10:0x00000013 x15=0x00000013
        8495000	       848	800031c8	4114dc33	sra	x24,x9,x17	  x9:0xfacbf048 x17:0x00000042 x24=0xfeb2fc12
        8505000	       849	800031cc	01a63933	sltu	x18,x12,x26	 x12:0xb3c00000 x26:0x00000000 x18=0x00000000
        8515000	       850	800031d0	019e5c13	srli	x24,x28,0x19	 x28:0x00008000 x24=0x00000000
        8525000	       851	800031d4	e8fd0097	auipc	x1,0xe8fd0	  x1=0x68fd31d0
        8535000	       852	800031d8	001de933	or	x18,x27,x1	 x27:0x05340ecf  x1:0x68fd31d0 x18=0x6dfd3fdf
        8545000	       853	800031dc	05478463	beq	x15,x20,80003224	 x15:0x00000013 x20:0x80009f50
        8555000	       854	800031e0	0042a033	slt	x0,x5,x4	  x5:0x00000028  x4:0xea000000
        8565000	       855	800031e4	9c8be9b7	lui	x19,0x9c8be	 x19=0x9c8be000
        8575000	       856	800031e8	4fb46693	ori	x13,x8,1275	  x8:0x1de17e80 x13=0x1de17efb
        8585000	       857	800031ec	86b27613	andi	x12,x4,-1941	  x4:0xea000000 x12=0xea000000
        8595000	       858	800031f0	d87c7e13	andi	x28,x24,-633	 x24:0x00000000 x28=0x00000000
        8605000	       859	800031f4	01d71493	slli	x9,x14,0x1d	 x14:0x00000000  x9=0x00000000
        8615000	       860	800031f8	e5728213	addi	x4,x5,-425	  x5:0x00000028  x4=0xfffffe7f
        8625000	       861	800031fc	017a2933	slt	x18,x20,x23	 x20:0x80009f50 x23:0x00000001 x18=0x00000001
        8635000	       862	80003200	0033d663	bge	x7,x3,8000320c	  x7:0xea000001  x3:0x00000028
        8645000	       863	80003204	01de4db3	xor	x27,x28,x29	 x28:0x00000000 x29:0xfffffb75 x27=0xfffffb75
        8655000	       864	80003208	41fe0ab3	sub	x21,x28,x31	 x28:0x00000000 x31:0x00000000 x21=0x00000000
        8665000	       865	8000320c	00dcca63	blt	x25,x13,80003220	 x25:0x758a234b x13:0x1de17efb
        8675000	       866	80003210	00d6feb3	and	x29,x13,x13	 x13:0x1de17efb x13:0x1de17efb x29=0x1de17efb
        8685000	       867	80003214	01d5a033	slt	x0,x11,x29	 x11:0x00000000 x29:0x1de17efb
        8695000	       868	80003218	bb060f97	auipc	x31,0xbb060	 x31=0x3b063214
        8705000	       869	8000321c	41c0dd13	srai	x26,x1,0x1c	  x1:0x68fd31d0 x26=0x00000006
        8715000	       870	80003220	02c49663	bne	x9,x12,8000324c	  x9:0x00000000 x12:0xea000000
        8725000	       871	00000000	00000013	addi	x0,x0,0	  x0:0x00000000
        8735000	       872	80003248	00000013	addi	x0,x0,0	  x0:0x00000000
        8745000	       873	8000324c	0c71ec93	ori	x25,x3,199	  x3:0x00000028 x25=0x000000ef
        8755000	       874	80003250	3e77c713	xori	x14,x15,999	 x15:0x00000013 x14=0x000003f4
        8765000	       875	80003254	007fad33	slt	x26,x31,x7	 x31:0x3b063214  x7:0xea000001 x26=0x00000000
        8775000	       876	80003258	c8532693	slti	x13,x6,-891	  x6:0x70bc8000 x13=0x00000000
        8785000	       877	8000325c	00e01e93	slli	x29,x0,0xe	  x0:0x00000000 x29=0x00000000
        8795000	       878	80003260	4f9d6e93	ori	x29,x26,1273	 x26:0x00000000 x29=0x000004f9
        8805000	       879	80003264	015579b3	and	x19,x10,x21	 x10:0x00000013 x21:0x00000000 x19=0x00000000
        8815000	       880	80003268	033d7663	bgeu	x26,x19,80003294	 x26:0x00000000 x19:0x00000000
        8825000	       881	00000000	00000013	addi	x0,x0,0	  x0:0x00000000
        8835000	       882	80003290	00000013	addi	x0,x0,0	  x0:0x00000000
        8845000	       883	80003294	00a56bb3	or	x23,x10,x10	 x10:0x00000013 x10:0x00000013 x23=0x00000013
        8855000	       884	80003298	0024aeb3	slt	x29,x9,x2	  x9:0x00000000  x2:0xf84c9000 x29=0x00000000
        8865000	       885	8000329c	fc588313	addi	x6,x17,-59	 x17:0x00000042  x6=0x00000007
        8875000	       886	800032a0	1d54e393	ori	x7,x9,469	  x9:0x00000000  x7=0x000001d5
        8885000	       887	800032a4	01c2d093	srli	x1,x5,0x1c	  x5:0x00000028  x1=0x00000000
        8895000	       888	800032a8	01c55fb3	srl	x31,x10,x28	 x10:0x00000013 x28:0x00000000 x31=0x00000013
        8905000	       889	800032ac	9c987293	andi	x5,x16,-1591	 x16:0x80009fc4  x5=0x800099c0
        8915000	       890	800032b0	402000b3	sub	x1,x0,x2	  x0:0x00000000  x2:0xf84c9000  x1=0x07b37000
        8925000	       891	800032b4	005f3db3	sltu	x27,x30,x5	 x30:0x5f8a2000  x5:0x800099c0 x27=0x00000001
        8935000	       892	800032b8	01da5033	srl	x0,x20,x29	 x20:0x80009f50 x29:0x00000000
        8945000	       893	800032bc	01c0e313	ori	x6,x1,28	  x1:0x07b37000  x6=0x07b3701c
        8955000	       894	800032c0	40ba5f93	srai	x31,x20,0xb	 x20:0x80009f50 x31=0xfff00013
        8965000	       895	800032c4	04197663	bgeu	x18,x1,80003310	 x18:0x00000001  x1:0x07b37000
        8975000	       896	800032c8	006502b3	add	x5,x10,x6	 x10:0x00000013  x6:0x07b3701c  x5=0x07b3702f
        8985000	       897	800032cc	04997863	bgeu	x18,x9,8000331c	 x18:0x00000001  x9:0x00000000
        8995000	       898	00000000	00000013	addi	x0,x0,0	  x0:0x00000000
        9005000	       899	80003318	00000013	addi	x0,x0,0	  x0:0x00000000
        9015000	       900	8000331c	4157d913	srai	x18,x15,0x15	 x15:0x00000013 x18=0x00000000
        9025000	       901	80003320	00c24863	blt	x4,x12,80003330	  x4:0xfffffe7f x12:0xea000000
        9035000	       902	80003324	01f3a0b3	slt	x1,x7,x31	  x7:0x000001d5 x31:0xfff00013  x1=0x00000000
        9045000	       903	80003328	e7d6a193	slti	x3,x13,-387	 x13:0x00000000  x3=0x00000000
        9055000	       904	8000332c	00b3e263	bltu	x7,x11,80003330	  x7:0x000001d5 x11:0x00000000
        9065000	       905	80003330	00c980b3	add	x1,x19,x12	 x19:0x00000000 x12:0xea000000  x1=0xea000000
        9075000	       906	80003334	00738e63	beq	x7,x7,80003350	  x7:0x000001d5  x7:0x000001d5
        9085000	       907	00000000	00000013	addi	x0,x0,0	  x0:0x00000000
        9095000	       908	8000334c	00000013	addi	x0,x0,0	  x0:0x00000000
        9105000	       909	80003350	01d75b13	srli	x22,x14,0x1d	 x14:0x000003f4 x22=0x00000000
        9115000	       910	80003354	035b1063	bne	x22,x21,80003374	 x22:0x00000000 x21:0x00000000
        9125000	       911	80003358	01599413	slli	x8,x19,0x15	 x19:0x00000000  x8=0x00000000
        9135000	       912	8000335c	02f77263	bgeu	x14,x15,80003380	 x14:0x000003f4 x15:0x00000013
        9145000	       913	00000000	00000013	addi	x0,x0,0	  x0:0x00000000
        9155000	       914	8000337c	00000013	addi	x0,x0,0	  x0:0x00000000
        9165000	       915	80003380	ba734913	xori	x18,x6,-1113	  x6:0x07b3701c x18=0xf84c8bbb
        9175000	       916	80003384	416bde13	srai	x28,x23,0x16	 x23:0x00000013 x28=0x00000000
        9185000	       917	80003388	01df4333	xor	x6,x30,x29	 x30:0x5f8a2000 x29:0x00000000  x6=0x5f8a2000
        9195000	       918	8000338c	f4003f17	auipc	x30,0xf4003	 x30=0x74006388
        9205000	       919	80003390	05f0c263	blt	x1,x31,800033d4	  x1:0xea000000 x31:0xfff00013
        9215000	       920	00000000	00000013	addi	x0,x0,0	  x0:0x00000000
        9225000	       921	800033d0	00000013	addi	x0,x0,0	  x0:0x00000000
        9235000	       922	800033d4	41c20ab3	sub	x21,x4,x28	  x4:0xfffffe7f x28:0x00000000 x21=0xfffffe7f
        9245000	       923	800033d8	000003b3	add	x7,x0,x0	  x0:0x00000000  x0:0x00000000  x7=0x00000000
        9255000	       924	800033dc	0500c063	blt	x1,x16,8000341c	  x1:0xea000000 x16:0x80009fc4
        9265000	       925	800033e0	0487d263	bge	x15,x8,80003424	 x15:0x00000013  x8:0x00000000
        9275000	       926	00000000	00000013	addi	x0,x0,0	  x0:0x00000000
        9285000	       927	80003420	00000013	addi	x0,x0,0	  x0:0x00000000
        9295000	       928	80003424	007e08b3	add	x17,x28,x7	 x28:0x00000000  x7:0x00000000 x17=0x00000000
        9305000	       929	80003428	9d875337	lui	x6,0x9d875	  x6=0x9d875000
        9315000	       930	8000342c	404c5d13	srai	x26,x24,0x4	 x24:0x00000000 x26=0x00000000
        9325000	       931	80003430	013e5f13	srli	x30,x28,0x13	 x28:0x00000000 x30=0x00000000
        9335000	       932	80003434	01885d93	srli	x27,x16,0x18	 x16:0x80009fc4 x27=0x00000080
        9345000	       933	80003438	00cb1863	bne	x22,x12,80003448	 x22:0x00000000 x12:0xea000000
        9355000	       934	00000000	00000013	addi	x0,x0,0	  x0:0x00000000
        9365000	       935	80003444	00000013	addi	x0,x0,0	  x0:0x00000000
        9375000	       936	80003448	03aaf863	bgeu	x21,x26,80003478	 x21:0xfffffe7f x26:0x00000000
        9385000	       937	00000000	00000013	addi	x0,x0,0	  x0:0x00000000
        9395000	       938	80003474	00000013	addi	x0,x0,0	  x0:0x00000000
        9405000	       939	80003478	53253f93	sltiu	x31,x10,1330	 x10:0x00000013 x31=0x00000001
        9415000	       940	8000347c	1e98ee93	ori	x29,x17,489	 x17:0x00000000 x29=0x000001e9
        9425000	       941	80003480	4087d493	srai	x9,x15,0x8	 x15:0x00000013  x9=0x00000000
        9435000	       942	80003484	45d02093	slti	x1,x0,1117	  x0:0x00000000  x1=0x00000001
        9445000	       943	80003488	a7689e97	auipc	x29,0xa7689	 x29=0x2768c484
        9455000	       944	8000348c	01403e33	sltu	x28,x0,x20	  x0:0x00000000 x20:0x80009f50 x28=0x00000001
        9465000	       945	80003490	0145b533	sltu	x10,x11,x20	 x11:0x00000000 x20:0x80009f50 x10=0x00000001
        9475000	       946	80003494	d3e1a293	slti	x5,x3,-706	  x3:0x00000000  x5=0x00000000
        9485000	       947	80003498	4163deb3	sra	x29,x7,x22	  x7:0x00000000 x22:0x00000000 x29=0x00000000
        9495000	       948	8000349c	03688663	beq	x17,x22,800034c8	 x17:0x00000000 x22:0x00000000
        9505000	       949	00000000	00000013	addi	x0,x0,0	  x0:0x00000000
        9515000	       950	800034c4	00000013	addi	x0,x0,0	  x0:0x00000000
        9525000	       951	800034c8	b6c60013	addi	x0,x12,-1172	 x12:0xea000000
        9535000	       952	800034cc	01fbbf33	sltu	x30,x23,x31	 x23:0x00000013 x31:0x00000001 x30=0x00000000
        9545000	       953	800034d0	0454d863	bge	x9,x5,80003520	  x9:0x00000000  x5:0x00000000
        9555000	       954	00000000	00000013	addi	x0,x0,0	  x0:0x00000000
        9565000	       955	8000351c	00000013	addi	x0,x0,0	  x0:0x00000000
        9575000	       956	80003520	00641533	sll	x10,x8,x6	  x8:0x00000000  x6:0x9d875000 x10=0x00000000
        9585000	       957	80003524	db920317	auipc	x6,0xdb920	  x6=0x5b923520
        9595000	       958	80003528	01371e63	bne	x14,x19,80003544	 x14:0x000003f4 x19:0x00000000
        9605000	       959	00000000	00000013	addi	x0,x0,0	  x0:0x00000000
        9615000	       960	80003540	00000013	addi	x0,x0,0	  x0:0x00000000
        9625000	       961	80003544	00eaadb3	slt	x27,x21,x14	 x21:0xfffffe7f x14:0x000003f4 x27=0x00000001
        9635000	       962	80003548	4121d293	srai	x5,x3,0x12	  x3:0x00000000  x5=0x00000000
        9645000	       963	8000354c	419ab693	sltiu	x13,x21,1049	 x21:0xfffffe7f x13=0x00000000
        9655000	       964	80003550	03b3da63	bge	x7,x27,80003584	  x7:0x00000000 x27:0x00000001
        9665000	       965	80003554	00122e33	slt	x28,x4,x1	  x4:0xfffffe7f  x1:0x00000001 x28=0x00000001
        9675000	       966	80003558	41a25193	srai	x3,x4,0x1a	  x4:0xfffffe7f  x3=0xffffffff
        9685000	       967	8000355c	9baf4b37	lui	x22,0x9baf4	 x22=0x9baf4000
        9695000	       968	80003560	005e5cb3	srl	x25,x28,x5	 x28:0x00000001  x5:0x00000000 x25=0x00000001
        9705000	       969	80003564	00000013	addi	x0,x0,0	  x0:0x00000000
        9715000	       970	80003568	00cb0663	beq	x22,x12,80003574	 x22:0x9baf4000 x12:0xea000000
        9725000	       971	8000356c	9854b113	sltiu	x2,x9,-1659	  x9:0x00000000  x2=0x00000001
        9735000	       972	80003570	04486eb7	lui	x29,0x4486	 x29=0x04486000
        9745000	       973	80003574	036cde63	bge	x25,x22,800035b0	 x25:0x00000001 x22:0x9baf4000
        9755000	       974	00000000	00000013	addi	x0,x0,0	  x0:0x00000000
        9765000	       975	800035ac	00000013	addi	x0,x0,0	  x0:0x00000000
        9775000	       976	800035b0	00c74e63	blt	x14,x12,800035cc	 x14:0x000003f4 x12:0xea000000
        9785000	       977	800035b4	4085d013	srai	x0,x11,0x8	 x11:0x00000000
        9795000	       978	800035b8	40640d33	sub	x26,x8,x6	  x8:0x00000000  x6:0x5b923520 x26=0xa46dcae0
        9805000	       979	800035bc	02739063	bne	x7,x7,800035dc	  x7:0x00000000  x7:0x00000000
        9815000	       980	800035c0	60beb993	sltiu	x19,x29,1547	 x29:0x04486000 x19=0x00000000
        9825000	       981	800035c4	03a19263	bne	x3,x26,800035e8	  x3:0xffffffff x26:0xa46dcae0
        9835000	       982	00000000	00000013	addi	x0,x0,0	  x0:0x00000000
        9845000	       983	800035e4	00000013	addi	x0,x0,0	  x0:0x00000000
        9855000	       984	800035e8	4e26be93	sltiu	x29,x13,1250	 x13:0x00000000 x29=0x00000001
        9865000	       985	800035ec	18654b93	xori	x23,x10,390	 x10:0x00000000 x23=0x00000186
        9875000	       986	800035f0	01844533	xor	x10,x8,x24	  x8:0x00000000 x24:0x00000000 x10=0x00000000
        9885000	       987	800035f4	043ad663	bge	x21,x3,80003640	 x21:0xfffffe7f  x3:0xffffffff
        9895000	       988	800035f8	401edb93	srai	x23,x29,0x1	 x29:0x00000001 x23=0x00000000
        9905000	       989	800035fc	00afdc33	srl	x24,x31,x10	 x31:0x00000001 x10:0x00000000 x24=0x00000001
        9915000	       990	80003600	008fe413	ori	x8,x31,8	 x31:0x00000001  x8=0x00000009
        9925000	       991	80003604	01a8ac33	slt	x24,x17,x26	 x17:0x00000000 x26:0xa46dcae0 x24=0x00000000
        9935000	       992	80003608	0064d393	srli	x7,x9,0x6	  x9:0x00000000  x7=0x00000000
        9945000	       993	8000360c	00059b93	slli	x23,x11,0x0	 x11:0x00000000 x23=0x00000000
        9955000	       994	80003610	41ba5bb3	sra	x23,x20,x27	 x20:0x80009f50 x27:0x00000001 x23=0xc0004fa8
        9965000	       995	80003614	404c5db3	sra	x27,x24,x4	 x24:0x00000000  x4:0xfffffe7f x27=0x00000000
        9975000	       996	80003618	009a3933	sltu	x18,x20,x9	 x20:0x80009f50  x9:0x00000000 x18=0x00000000
        9985000	       997	8000361c	00733bb3	sltu	x23,x6,x7	  x6:0x5b923520  x7:0x00000000 x23=0x00000000
        9995000	       998	80003620	41c90933	sub	x18,x18,x28	 x18:0x00000000 x28:0x00000001 x18=0xffffffff
       10005000	       999	80003624	005d66b3	or	x13,x26,x5	 x26:0xa46dcae0  x5:0x00000000 x13=0xa46dcae0
       10015000	      1000	80003628	0175f3b3	and	x7,x11,x23	 x11:0x00000000 x23:0x00000000  x7=0x00000000
       10025000	      1001	8000362c	01551fb3	sll	x31,x10,x21	 x10:0x00000000 x21:0xfffffe7f x31=0x00000000
       10035000	      1002	80003630	0099e863	bltu	x19,x9,80003640	 x19:0x00000000  x9:0x00000000
       10045000	      1003	80003634	00dc0663	beq	x24,x13,80003640	 x24:0x00000000 x13:0xa46dcae0
       10055000	      1004	80003638	015b7a63	bgeu	x22,x21,8000364c	 x22:0x9baf4000 x21:0xfffffe7f
       10065000	      1005	8000363c	3df58d93	addi	x27,x11,991	 x11:0x00000000 x27=0x000003df
       10075000	      1006	80003640	012ed233	srl	x4,x29,x18	 x29:0x00000001 x18:0xffffffff  x4=0x00000000
       10085000	      1007	80003644	02184063	blt	x16,x1,80003664	 x16:0x80009fc4  x1:0x00000001
       10095000	      1008	00000000	00000013	addi	x0,x0,0	  x0:0x00000000
       10105000	      1009	80003660	00000013	addi	x0,x0,0	  x0:0x00000000
       10115000	      1010	80003664	01299d13	slli	x26,x19,0x12	 x19:0x00000000 x26=0x00000000
       10125000	      1011	80003668	419dde33	sra	x28,x27,x25	 x27:0x000003df x25:0x00000001 x28=0x000001ef
       10135000	      1012	8000366c	00a88e63	beq	x17,x10,80003688	 x17:0x00000000 x10:0x00000000
       10145000	      1013	00000000	00000013	addi	x0,x0,0	  x0:0x00000000
       10155000	      1014	80003684	00000013	addi	x0,x0,0	  x0:0x00000000
       10165000	      1015	80003688	001b4e63	blt	x22,x1,800036a4	 x22:0x9baf4000  x1:0x00000001
       10175000	      1016	00000000	00000013	addi	x0,x0,0	  x0:0x00000000
       10185000	      1017	800036a0	00000013	addi	x0,x0,0	  x0:0x00000000
       10195000	      1018	800036a4	018d06b3	add	x13,x26,x24	 x26:0x00000000 x24:0x00000000 x13=0x00000000
       10205000	      1019	800036a8	00fd1e13	slli	x28,x26,0xf	 x26:0x00000000 x28=0x00000000
       10215000	      1020	800036ac	cd76b913	sltiu	x18,x13,-809	 x13:0x00000000 x18=0x00000001
       10225000	      1021	800036b0	0319fa63	bgeu	x19,x17,800036e4	 x19:0x00000000 x17:0x00000000
       10235000	      1022	00000000	00000013	addi	x0,x0,0	  x0:0x00000000
       10245000	      1023	800036e0	00000013	addi	x0,x0,0	  x0:0x00000000
       10255000	      1024	800036e4	00b5af33	slt	x30,x11,x11	 x11:0x00000000 x11:0x00000000 x30=0x00000000
       10265000	      1025	800036e8	fbe0a093	slti	x1,x1,-66	  x1:0x00000001  x1=0x00000000
       10275000	      1026	800036ec	01fc5533	srl	x10,x24,x31	 x24:0x00000000 x31:0x00000000 x10=0x00000000
       10285000	      1027	800036f0	01258263	beq	x11,x18,800036f4	 x11:0x00000000 x18:0x00000001
       10295000	      1028	800036f4	1ee04613	xori	x12,x0,494	  x0:0x00000000 x12=0x000001ee
       10305000	      1029	800036f8	9a2e0d93	addi	x27,x28,-1630	 x28:0x00000000 x27=0xfffff9a2
       10315000	      1030	800036fc	00000013	addi	x0,x0,0	  x0:0x00000000
       10325000	      1031	80003700	004a2383	lw	x7,4(x20)	 x20:0x80009f50  x7=0x80000414 PA:0x80009f54
       10335000	      1032	80003704	01ec5ab3	srl	x21,x24,x30	 x24:0x00000000 x30:0x00000000 x21=0x00000000
       10345000	      1033	80003708	73e20013	addi	x0,x4,1854	  x4:0x00000000
       10355000	      1034	8000370c	4160d233	sra	x4,x1,x22	  x1:0x00000000 x22:0x9baf4000  x4=0x00000000
       10365000	      1035	80003710	010ea533	slt	x10,x29,x16	 x29:0x00000001 x16:0x80009fc4 x10=0x00000000
       10375000	      1036	80003714	034a0a13	addi	x20,x20,52	 x20:0x80009f50 x20=0x80009f84
       10385000	      1037	80003718	00f5fab3	and	x21,x11,x15	 x11:0x00000000 x15:0x00000013 x21=0x00000000
       10395000	      1038	8000371c	00e51993	slli	x19,x10,0xe	 x10:0x00000000 x19=0x00000000
       10405000	      1039	80003720	adfe2e13	slti	x28,x28,-1313	 x28:0x00000000 x28=0x00000000
       10415000	      1040	80003724	6dcad637	lui	x12,0x6dcad	 x12=0x6dcad000
       10425000	      1041	80003728	00038613	addi	x12,x7,0	  x7:0x80000414 x12=0x80000414
       10435000	      1042	8000372c	00060667	jalr	x12,x12,0	 x12:0x80000414 x12=0x8000372c
       10445000	      1043	00000000	00000013	addi	x0,x0,0	  x0:0x00000000
       10455000	      1044	80000414	00000013	addi	x0,x0,0	  x0:0x00000000
       10465000	      1045	80000418	40e484b3	sub	x9,x9,x14	  x9:0x00000000 x14:0x000003f4  x9=0xfffffc0c
       10475000	      1046	8000041c	01c42933	slt	x18,x8,x28	  x8:0x00000009 x28:0x00000000 x18=0x00000000
       10485000	      1047	80000420	00000013	addi	x0,x0,0	  x0:0x00000000
       10495000	      1048	80000424	cfcccd93	xori	x27,x25,-772	 x25:0x00000001 x27=0xfffffcfd
       10505000	      1049	80000428	05e19863	bne	x3,x30,80000478	  x3:0xffffffff x30:0x00000000
       10515000	      1050	00000000	00000013	addi	x0,x0,0	  x0:0x00000000
       10525000	      1051	80000474	00000013	addi	x0,x0,0	  x0:0x00000000
       10535000	      1052	80000478	019f93b3	sll	x7,x31,x25	 x31:0x00000000 x25:0x00000001  x7=0x00000000
       10545000	      1053	8000047c	be171037	lui	x0,0xbe171	
       10555000	      1054	80000480	0132dbb3	srl	x23,x5,x19	  x5:0x00000000 x19:0x00000000 x23=0x00000000
       10565000	      1055	80000484	11fa2d13	slti	x26,x20,287	 x20:0x80009f84 x26=0x00000001
       10575000	      1056	80000488	03841463	bne	x8,x24,800004b0	  x8:0x00000009 x24:0x00000000
       10585000	      1057	00000000	00000013	addi	x0,x0,0	  x0:0x00000000
       10595000	      1058	800004ac	00000013	addi	x0,x0,0	  x0:0x00000000
       10605000	      1059	800004b0	c4d0e693	ori	x13,x1,-947	  x1:0x00000000 x13=0xfffffc4d
       10615000	      1060	800004b4	64bca293	slti	x5,x25,1611	 x25:0x00000001  x5=0x00000001
       10625000	      1061	800004b8	01ab1eb3	sll	x29,x22,x26	 x22:0x9baf4000 x26:0x00000001 x29=0x375e8000
       10635000	      1062	800004bc	02b29c63	bne	x5,x11,800004f4	  x5:0x00000001 x11:0x00000000
       10645000	      1063	00000000	00000013	addi	x0,x0,0	  x0:0x00000000
       10655000	      1064	800004f0	00000013	addi	x0,x0,0	  x0:0x00000000
       10665000	      1065	800004f4	013c3e33	sltu	x28,x24,x19	 x24:0x00000000 x19:0x00000000 x28=0x00000000
       10675000	      1066	800004f8	02ee6863	bltu	x28,x14,80000528	 x28:0x00000000 x14:0x000003f4
       10685000	      1067	00000000	00000013	addi	x0,x0,0	  x0:0x00000000
       10695000	      1068	80000524	00000013	addi	x0,x0,0	  x0:0x00000000
       10705000	      1069	80000528	00000013	addi	x0,x0,0	  x0:0x00000000
       10715000	      1070	8000052c	01328633	add	x12,x5,x19	  x5:0x00000001 x19:0x00000000 x12=0x00000001
       10725000	      1071	80000530	40ee82b3	sub	x5,x29,x14	 x29:0x375e8000 x14:0x000003f4  x5=0x375e7c0c
       10735000	      1072	80000534	001790b3	sll	x1,x15,x1	 x15:0x00000013  x1:0x00000000  x1=0x00000013
       10745000	      1073	80000538	010b17b3	sll	x15,x22,x16	 x22:0x9baf4000 x16:0x80009fc4 x15=0xbaf40000
       10755000	      1074	8000053c	a3decf93	xori	x31,x29,-1475	 x29:0x375e8000 x31=0xc8a17a3d
       10765000	      1075	80000540	42710693	addi	x13,x2,1063	  x2:0x00000001 x13=0x00000428
       10775000	      1076	80000544	404e5f93	srai	x31,x28,0x4	 x28:0x00000000 x31=0x00000000
       10785000	      1077	80000548	078f0c13	addi	x24,x30,120	 x30:0x00000000 x24=0x00000078
       10795000	      1078	8000054c	01487eb3	and	x29,x16,x20	 x16:0x80009fc4 x20:0x80009f84 x29=0x80009f84
       10805000	      1079	80000550	64f14993	xori	x19,x2,1615	  x2:0x00000001 x19=0x0000064e
       10815000	      1080	80000554	416cd1b3	sra	x3,x25,x22	 x25:0x00000001 x22:0x9baf4000  x3=0x00000001
       10825000	      1081	80000558	bd2c2a93	slti	x21,x24,-1070	 x24:0x00000078 x21=0x00000000
       10835000	      1082	8000055c	31d76013	ori	x0,x14,797	 x14:0x000003f4
       10845000	      1083	80000560	01f93033	sltu	x0,x18,x31	 x18:0x00000000 x31:0x00000000
       10855000	      1084	80000564	00b8de63	bge	x17,x11,80000580	 x17:0x00000000 x11:0x00000000
       10865000	      1085	00000000	00000013	addi	x0,x0,0	  x0:0x00000000
       10875000	      1086	8000057c	00000013	addi	x0,x0,0	  x0:0x00000000
       10885000	      1087	80000580	01939413	slli	x8,x7,0x19	  x7:0x00000000  x8=0x00000000
       10895000	      1088	80000584	41fa5f93	srai	x31,x20,0x1f	 x20:0x80009f84 x31=0xffffffff
       10905000	      1089	80000588	03811263	bne	x2,x24,800005ac	  x2:0x00000001 x24:0x00000078
       10915000	      1090	00000000	00000013	addi	x0,x0,0	  x0:0x00000000
       10925000	      1091	800005a8	00000013	addi	x0,x0,0	  x0:0x00000000
       10935000	      1092	800005ac	01071ab3	sll	x21,x14,x16	 x14:0x000003f4 x16:0x80009fc4 x21=0x00003f40
       10945000	      1093	800005b0	001da433	slt	x8,x27,x1	 x27:0xfffffcfd  x1:0x00000013  x8=0x00000001
       10955000	      1094	800005b4	01ac9613	slli	x12,x25,0x1a	 x25:0x00000001 x12=0x04000000
       10965000	      1095	800005b8	02110063	beq	x2,x1,800005d8	  x2:0x00000001  x1:0x00000013
       10975000	      1096	800005bc	4144d313	srai	x6,x9,0x14	  x9:0xfffffc0c  x6=0xffffffff
       10985000	      1097	800005c0	01b7d263	bge	x15,x27,800005c4	 x15:0xbaf40000 x27:0xfffffcfd
       10995000	      1098	800005c4	0118d313	srli	x6,x17,0x11	 x17:0x00000000  x6=0x00000000
       11005000	      1099	800005c8	02e4f263	bgeu	x9,x14,800005ec	  x9:0xfffffc0c x14:0x000003f4
       11015000	      1100	00000000	00000013	addi	x0,x0,0	  x0:0x00000000
       11025000	      1101	800005e8	00000013	addi	x0,x0,0	  x0:0x00000000
       11035000	      1102	800005ec	004c5b93	srli	x23,x24,0x4	 x24:0x00000078 x23=0x00000007
       11045000	      1103	800005f0	76840f13	addi	x30,x8,1896	  x8:0x00000001 x30=0x00000769
       11055000	      1104	800005f4	002e77b3	and	x15,x28,x2	 x28:0x00000000  x2:0x00000001 x15=0x00000000
       11065000	      1105	800005f8	00ed6b33	or	x22,x26,x14	 x26:0x00000001 x14:0x000003f4 x22=0x000003f5
       11075000	      1106	800005fc	47b68413	addi	x8,x13,1147	 x13:0x00000428  x8=0x000008a3
       11085000	      1107	80000600	023c5663	bge	x24,x3,8000062c	 x24:0x00000078  x3:0x00000001
       11095000	      1108	00000000	00000013	addi	x0,x0,0	  x0:0x00000000
       11105000	      1109	80000628	00000013	addi	x0,x0,0	  x0:0x00000000
       11115000	      1110	8000062c	40c6d2b3	sra	x5,x13,x12	 x13:0x00000428 x12:0x04000000  x5=0x00000428
       11125000	      1111	80000630	d43ff313	andi	x6,x31,-701	 x31:0xffffffff  x6=0xfffffd43
       11135000	      1112	80000634	0033de33	srl	x28,x7,x3	  x7:0x00000000  x3:0x00000001 x28=0x00000000
       11145000	      1113	80000638	00cd7e63	bgeu	x26,x12,80000654	 x26:0x00000001 x12:0x04000000
       11155000	      1114	8000063c	a784f613	andi	x12,x9,-1416	  x9:0xfffffc0c x12=0xfffff808
       11165000	      1115	80000640	01a436b3	sltu	x13,x8,x26	  x8:0x000008a3 x26:0x00000001 x13=0x00000000
       11175000	      1116	80000644	40510933	sub	x18,x2,x5	  x2:0x00000001  x5:0x00000428 x18=0xfffffbd9
       11185000	      1117	80000648	0131c2b3	xor	x5,x3,x19	  x3:0x00000001 x19:0x0000064e  x5=0x0000064f
       11195000	      1118	8000064c	328b3193	sltiu	x3,x22,808	 x22:0x000003f5  x3=0x00000000
       11205000	      1119	80000650	00e3a233	slt	x4,x7,x14	  x7:0x00000000 x14:0x000003f4  x4=0x00000001
       11215000	      1120	80000654	025b1c63	bne	x22,x5,8000068c	 x22:0x000003f5  x5:0x0000064f
       11225000	      1121	00000000	00000013	addi	x0,x0,0	  x0:0x00000000
       11235000	      1122	80000688	00000013	addi	x0,x0,0	  x0:0x00000000
       11245000	      1123	8000068c	00000013	addi	x0,x0,0	  x0:0x00000000
       11255000	      1124	80000690	015a9193	slli	x3,x21,0x15	 x21:0x00003f40  x3=0xe8000000
       11265000	      1125	80000694	40960633	sub	x12,x12,x9	 x12:0xfffff808  x9:0xfffffc0c x12=0xfffffbfc
       11275000	      1126	80000698	004497b3	sll	x15,x9,x4	  x9:0xfffffc0c  x4:0x00000001 x15=0xfffff818
       11285000	      1127	8000069c	0337ce37	lui	x28,0x337c	 x28=0x0337c000
       11295000	      1128	800006a0	008ec1b3	xor	x3,x29,x8	 x29:0x80009f84  x8:0x000008a3  x3=0x80009727
       11305000	      1129	800006a4	92258913	addi	x18,x11,-1758	 x11:0x00000000 x18=0xfffff922
       11315000	      1130	800006a8	00e91bb3	sll	x23,x18,x14	 x18:0xfffff922 x14:0x000003f4 x23=0x92200000
       11325000	      1131	800006ac	01927233	and	x4,x4,x25	  x4:0x00000001 x25:0x00000001  x4=0x00000001
       11335000	      1132	800006b0	00000013	addi	x0,x0,0	  x0:0x00000000
       11345000	      1133	800006b4	41780933	sub	x18,x16,x23	 x16:0x80009fc4 x23:0x92200000 x18=0xede09fc4
       11355000	      1134	800006b8	dc9b3637	lui	x12,0xdc9b3	 x12=0xdc9b3000
       11365000	      1135	800006bc	be156397	auipc	x7,0xbe156	  x7=0x3e1566b8
       11375000	      1136	800006c0	019ee7b3	or	x15,x29,x25	 x29:0x80009f84 x25:0x00000001 x15=0x80009f85
       11385000	      1137	800006c4	04de5063	bge	x28,x13,80000704	 x28:0x0337c000 x13:0x00000000
       11395000	      1138	00000000	00000013	addi	x0,x0,0	  x0:0x00000000
       11405000	      1139	80000700	00000013	addi	x0,x0,0	  x0:0x00000000
       11415000	      1140	80000704	007197b3	sll	x15,x3,x7	  x3:0x80009727  x7:0x3e1566b8 x15=0x27000000
       11425000	      1141	80000708	011bc0b3	xor	x1,x23,x17	 x23:0x92200000 x17:0x00000000  x1=0x92200000
       11435000	      1142	8000070c	06e07663	bgeu	x0,x14,80000778	  x0:0x00000000 x14:0x000003f4
       11445000	      1143	80000710	01417e33	and	x28,x2,x20	  x2:0x00000001 x20:0x80009f84 x28=0x00000000
       11455000	      1144	80000714	06e98a63	beq	x19,x14,80000788	 x19:0x0000064e x14:0x000003f4
       11465000	      1145	80000718	0427de63	bge	x15,x2,80000774	 x15:0x27000000  x2:0x00000001
       11475000	      1146	00000000	00000013	addi	x0,x0,0	  x0:0x00000000
       11485000	      1147	80000770	00000013	addi	x0,x0,0	  x0:0x00000000
       11495000	      1148	80000774	01f164b3	or	x9,x2,x31	  x2:0x00000001 x31:0xffffffff  x9=0xffffffff
       11505000	      1149	80000778	05ed6863	bltu	x26,x30,800007c8	 x26:0x00000001 x30:0x00000769
       11515000	      1150	00000000	00000013	addi	x0,x0,0	  x0:0x00000000
       11525000	      1151	800007c4	00000013	addi	x0,x0,0	  x0:0x00000000
       11535000	      1152	800007c8	0046dcb3	srl	x25,x13,x4	 x13:0x00000000  x4:0x00000001 x25=0x00000000
       11545000	      1153	800007cc	413b0333	sub	x6,x22,x19	 x22:0x000003f5 x19:0x0000064e  x6=0xfffffda7
       11555000	      1154	800007d0	dd8ea337	lui	x6,0xdd8ea	  x6=0xdd8ea000
       11565000	      1155	800007d4	b67db913	sltiu	x18,x27,-1177	 x27:0xfffffcfd x18=0x00000000
       11575000	      1156	800007d8	36058f93	addi	x31,x11,864	 x11:0x00000000 x31=0x00000360
       11585000	      1157	800007dc	0146e663	bltu	x13,x20,800007e8	 x13:0x00000000 x20:0x80009f84
       11595000	      1158	00000000	00000013	addi	x0,x0,0	  x0:0x00000000
       11605000	      1159	800007e4	00000013	addi	x0,x0,0	  x0:0x00000000
       11615000	      1160	800007e8	9db58937	lui	x18,0x9db58	 x18=0x9db58000
       11625000	      1161	800007ec	40055b93	srai	x23,x10,0x0	 x10:0x00000000 x23=0x00000000
       11635000	      1162	800007f0	00f15093	srli	x1,x2,0xf	  x2:0x00000001  x1=0x00000000
       11645000	      1163	800007f4	033adc63	bge	x21,x19,8000082c	 x21:0x00003f40 x19:0x0000064e
       11655000	      1164	00000000	00000013	addi	x0,x0,0	  x0:0x00000000
       11665000	      1165	80000828	00000013	addi	x0,x0,0	  x0:0x00000000
       11675000	      1166	8000082c	41750433	sub	x8,x10,x23	 x10:0x00000000 x23:0x00000000  x8=0x00000000
       11685000	      1167	80000830	404050b3	sra	x1,x0,x4	  x0:0x00000000  x4:0x00000001  x1=0x00000000
       11695000	      1168	80000834	02bf6e63	bltu	x30,x11,80000870	 x30:0x00000769 x11:0x00000000
       11705000	      1169	80000838	01b12ab3	slt	x21,x2,x27	  x2:0x00000001 x27:0xfffffcfd x21=0x00000000
       11715000	      1170	8000083c	e32556b7	lui	x13,0xe3255	 x13=0xe3255000
       11725000	      1171	80000840	73a7f3b7	lui	x7,0x73a7f	  x7=0x73a7f000
       11735000	      1172	80000844	5057e137	lui	x2,0x5057e	  x2=0x5057e000
       11745000	      1173	80000848	142bb913	sltiu	x18,x23,322	 x23:0x00000000 x18=0x00000001
       11755000	      1174	8000084c	01c18d33	add	x26,x3,x28	  x3:0x80009727 x28:0x00000000 x26=0x80009727
       11765000	      1175	80000850	0262c263	blt	x5,x6,80000874	  x5:0x0000064f  x6:0xdd8ea000
       11775000	      1176	80000854	019543b3	xor	x7,x10,x25	 x10:0x00000000 x25:0x00000000  x7=0x00000000
       11785000	      1177	80000858	88911c17	auipc	x24,0x88911	 x24=0x08911854
       11795000	      1178	8000085c	06e7e797	auipc	x15,0x6e7e	 x15=0x86e7e858
       11805000	      1179	80000860	0308cc63	blt	x17,x16,80000898	 x17:0x00000000 x16:0x80009fc4
       11815000	      1180	80000864	05f66663	bltu	x12,x31,800008b0	 x12:0xdc9b3000 x31:0x00000360
       11825000	      1181	80000868	00f95d33	srl	x26,x18,x15	 x18:0x00000001 x15:0x86e7e858 x26=0x00000000
       11835000	      1182	8000086c	018e2933	slt	x18,x28,x24	 x28:0x00000000 x24:0x08911854 x18=0x00000001
       11845000	      1183	80000870	058a6063	bltu	x20,x24,800008b0	 x20:0x80009f84 x24:0x08911854
       11855000	      1184	80000874	41e55213	srai	x4,x10,0x1e	 x10:0x00000000  x4=0x00000000
       11865000	      1185	80000878	003183b3	add	x7,x3,x3	  x3:0x80009727  x3:0x80009727  x7=0x00012e4e
       11875000	      1186	8000087c	40ca0fb3	sub	x31,x20,x12	 x20:0x80009f84 x12:0xdc9b3000 x31=0xa3656f84
       11885000	      1187	80000880	00a234b3	sltu	x9,x4,x10	  x4:0x00000000 x10:0x00000000  x9=0x00000000
       11895000	      1188	80000884	003391b3	sll	x3,x7,x3	  x7:0x00012e4e  x3:0x80009727  x3=0x00972700
       11905000	      1189	80000888	01478db3	add	x27,x15,x20	 x15:0x86e7e858 x20:0x80009f84 x27=0x06e887dc
       11915000	      1190	8000088c	bc5a6293	ori	x5,x20,-1083	 x20:0x80009f84  x5=0xffffffc5
       11925000	      1191	80000890	bdbe2793	slti	x15,x28,-1061	 x28:0x00000000 x15=0x00000000
       11935000	      1192	80000894	00a0f333	and	x6,x1,x10	  x1:0x00000000 x10:0x00000000  x6=0x00000000
       11945000	      1193	80000898	200046b7	lui	x13,0x20004	 x13=0x20004000
       11955000	      1194	8000089c	039f6463	bltu	x30,x25,800008c4	 x30:0x00000769 x25:0x00000000
       11965000	      1195	800008a0	02f19663	bne	x3,x15,800008cc	  x3:0x00972700 x15:0x00000000
       11975000	      1196	00000000	00000013	addi	x0,x0,0	  x0:0x00000000
       11985000	      1197	800008c8	00000013	addi	x0,x0,0	  x0:0x00000000
       11995000	      1198	800008cc	b108ca93	xori	x21,x17,-1264	 x17:0x00000000 x21=0xfffffb10
       12005000	      1199	800008d0	01998533	add	x10,x19,x25	 x19:0x0000064e x25:0x00000000 x10=0x0000064e
       12015000	      1200	800008d4	ac23bf93	sltiu	x31,x7,-1342	  x7:0x00012e4e x31=0x00000001
       12025000	      1201	800008d8	00000013	addi	x0,x0,0	  x0:0x00000000
       12035000	      1202	800008dc	2921cb13	xori	x22,x3,658	  x3:0x00972700 x22=0x00972592
       12045000	      1203	800008e0	010147b3	xor	x15,x2,x16	  x2:0x5057e000 x16:0x80009fc4 x15=0xd0577fc4
       12055000	      1204	800008e4	b01c8c93	addi	x25,x25,-1279	 x25:0x00000000 x25=0xfffffb01
       12065000	      1205	800008e8	08194663	blt	x18,x1,80000974	 x18:0x00000001  x1:0x00000000
       12075000	      1206	800008ec	40e90933	sub	x18,x18,x14	 x18:0x00000001 x14:0x000003f4 x18=0xfffffc0d
       12085000	      1207	800008f0	016b87b3	add	x15,x23,x22	 x23:0x00000000 x22:0x00972592 x15=0x00972592
       12095000	      1208	800008f4	b47fb693	sltiu	x13,x31,-1209	 x31:0x00000001 x13=0x00000001
       12105000	      1209	800008f8	00a48033	add	x0,x9,x10	  x9:0x00000000 x10:0x0000064e
       12115000	      1210	800008fc	abd08d93	addi	x27,x1,-1347	  x1:0x00000000 x27=0xfffffabd
       12125000	      1211	80000900	0083efb3	or	x31,x7,x8	  x7:0x00012e4e  x8:0x00000000 x31=0x00012e4e
       12135000	      1212	80000904	94dc6a93	ori	x21,x24,-1715	 x24:0x08911854 x21=0xfffff95d
       12145000	      1213	80000908	84006517	auipc	x10,0x84006	 x10=0x04006904
       12155000	      1214	8000090c	3cbfbd93	sltiu	x27,x31,971	 x31:0x00012e4e x27=0x00000000
       12165000	      1215	80000910	6081b113	sltiu	x2,x3,1544	  x3:0x00972700  x2=0x00000000
       12175000	      1216	80000914	0767de63	bge	x15,x22,80000990	 x15:0x00972592 x22:0x00972592
       12185000	      1217	00000000	00000013	addi	x0,x0,0	  x0:0x00000000
       12195000	      1218	8000098c	00000013	addi	x0,x0,0	  x0:0x00000000
       12205000	      1219	80000990	00e337b3	sltu	x15,x6,x14	  x6:0x00000000 x14:0x000003f4 x15=0x00000001
       12215000	      1220	80000994	3a2dbc13	sltiu	x24,x27,930	 x27:0x00000000 x24=0x00000001
       12225000	      1221	80000998	6a236c93	ori	x25,x6,1698	  x6:0x00000000 x25=0x000006a2
       12235000	      1222	8000099c	5618b7b7	lui	x15,0x5618b	 x15=0x5618b000
       12245000	      1223	800009a0	007e5933	srl	x18,x28,x7	 x28:0x00000000  x7:0x00012e4e x18=0x00000000
       12255000	      1224	800009a4	0013e033	or	x0,x7,x1	  x7:0x00012e4e  x1:0x00000000
       12265000	      1225	800009a8	bf0aab97	auipc	x23,0xbf0aa	 x23=0x3f0aa9a4
       12275000	      1226	800009ac	70f40613	addi	x12,x8,1807	  x8:0x00000000 x12=0x0000070f
       12285000	      1227	800009b0	01eb5c33	srl	x24,x22,x30	 x22:0x00972592 x30:0x00000769 x24=0x00004b92
       12295000	      1228	800009b4	007eae33	slt	x28,x29,x7	 x29:0x80009f84  x7:0x00012e4e x28=0x00000001
       12305000	      1229	800009b8	be908493	addi	x9,x1,-1047	  x1:0x00000000  x9=0xfffffbe9
       12315000	      1230	800009bc	00000013	addi	x0,x0,0	  x0:0x00000000
       12325000	      1231	800009c0	00a5c663	blt	x11,x10,800009cc	 x11:0x00000000 x10:0x04006904
       12335000	      1232	00000000	00000013	addi	x0,x0,0	  x0:0x00000000
       12345000	      1233	800009c8	00000013	addi	x0,x0,0	  x0:0x00000000
       12355000	      1234	800009cc	01611033	sll	x0,x2,x22	  x2:0x00000000 x22:0x00972592
       12365000	      1235	800009d0	00000013	addi	x0,x0,0	  x0:0x00000000
       12375000	      1236	800009d4	409f86b3	sub	x13,x31,x9	 x31:0x00012e4e  x9:0xfffffbe9 x13=0x00013265
       12385000	      1237	800009d8	db420113	addi	x2,x4,-588	  x4:0x00000000  x2=0xfffffdb4
       12395000	      1238	800009dc	008cc7b3	xor	x15,x25,x8	 x25:0x000006a2  x8:0x00000000 x15=0x000006a2
       12405000	      1239	800009e0	001f48b3	xor	x17,x30,x1	 x30:0x00000769  x1:0x00000000 x17=0x00000769
       12415000	      1240	800009e4	01603233	sltu	x4,x0,x22	  x0:0x00000000 x22:0x00972592  x4=0x00000001
       12425000	      1241	800009e8	002ce733	or	x14,x25,x2	 x25:0x000006a2  x2:0xfffffdb4 x14=0xffffffb6
       12435000	      1242	800009ec	407a5f33	sra	x30,x20,x7	 x20:0x80009f84  x7:0x00012e4e x30=0xfffe0002
       12445000	      1243	800009f0	0018d093	srli	x1,x17,0x1	 x17:0x00000769  x1=0x000003b4
       12455000	      1244	800009f4	014d5ab3	srl	x21,x26,x20	 x26:0x00000000 x20:0x80009f84 x21=0x00000000
       12465000	      1245	800009f8	02180063	beq	x16,x1,80000a18	 x16:0x80009fc4  x1:0x000003b4
       12475000	      1246	800009fc	00000013	addi	x0,x0,0	  x0:0x00000000
       12485000	      1247	80000a00	4112dd33	sra	x26,x5,x17	  x5:0xffffffc5 x17:0x00000769 x26=0xffffffff
       12495000	      1248	80000a04	00000013	addi	x0,x0,0	  x0:0x00000000
       12505000	      1249	80000a08	a7b76e93	ori	x29,x14,-1413	 x14:0xffffffb6 x29=0xffffffff
       12515000	      1250	80000a0c	73c1cc93	xori	x25,x3,1852	  x3:0x00972700 x25=0x0097203c
       12525000	      1251	80000a10	013b4ab3	xor	x21,x22,x19	 x22:0x00972592 x19:0x0000064e x21=0x009723dc
       12535000	      1252	80000a14	c2c49397	auipc	x7,0xc2c49	  x7=0x42c49a10
       12545000	      1253	80000a18	00f131b3	sltu	x3,x2,x15	  x2:0xfffffdb4 x15:0x000006a2  x3=0x00000000
       12555000	      1254	80000a1c	031acc63	blt	x21,x17,80000a54	 x21:0x009723dc x17:0x00000769
       12565000	      1255	80000a20	03698863	beq	x19,x22,80000a50	 x19:0x0000064e x22:0x00972592
       12575000	      1256	80000a24	54bbb537	lui	x10,0x54bbb	 x10=0x54bbb000
       12585000	      1257	80000a28	40aad893	srai	x17,x21,0xa	 x21:0x009723dc x17=0x000025c8
       12595000	      1258	80000a2c	74c86493	ori	x9,x16,1868	 x16:0x80009fc4  x9=0x80009fcc
       12605000	      1259	80000a30	96dda893	slti	x17,x27,-1683	 x27:0x00000000 x17=0x00000000
       12615000	      1260	80000a34	40080fb3	sub	x31,x16,x0	 x16:0x80009fc4  x0:0x00000000 x31=0x80009fc4
       12625000	      1261	80000a38	bf8c9c17	auipc	x24,0xbf8c9	 x24=0x3f8c9a34
       12635000	      1262	80000a3c	00e7beb3	sltu	x29,x15,x14	 x15:0x000006a2 x14:0xffffffb6 x29=0x00000001
       12645000	      1263	80000a40	01b5f4b3	and	x9,x11,x27	 x11:0x00000000 x27:0x00000000  x9=0x00000000
       12655000	      1264	80000a44	010f5cb3	srl	x25,x30,x16	 x30:0xfffe0002 x16:0x80009fc4 x25=0x0fffe000
       12665000	      1265	80000a48	00d64e63	blt	x12,x13,80000a64	 x12:0x0000070f x13:0x00013265
       12675000	      1266	00000000	00000013	addi	x0,x0,0	  x0:0x00000000
       12685000	      1267	80000a60	00000013	addi	x0,x0,0	  x0:0x00000000
       12695000	      1268	80000a64	003688b3	add	x17,x13,x3	 x13:0x00013265  x3:0x00000000 x17=0x00013265
       12705000	      1269	80000a68	00000597	auipc	x11,0x0	 x11=0x80000a64
       12715000	      1270	80000a6c	00c58593	addi	x11,x11,12	 x11:0x80000a64 x11=0x80000a70
       12725000	      1271	80000a70	00058067	jalr	x0,x11,0	 x11:0x80000a70
       12735000	      1272	00000000	00000013	addi	x0,x0,0	  x0:0x00000000
       12745000	      1273	80000a70	00000013	addi	x0,x0,0	  x0:0x00000000
       12755000	      1274	80000a74	00100193	addi	x3,x0,1	  x0:0x00000000  x3=0x00000001
       12765000	      1275	80000a78	00000073	ecall	
       12775000	      1276	80000a7c	00e832b3	sltu	x5,x16,x14	 x16:0x80009fc4 x14:0xffffffb6  x5=0x00000001
