		Time			Cycle	PC		Insn	Decoded instruction	Register and memory contents
          65000	         5	80000004	00000293	addi	x5,x0,0	  x0:0x00000000  x5=0x00000000
          75000	         6	80000008	00000313	addi	x6,x0,0	  x0:0x00000000  x6=0x00000000
          85000	         7	8000000c	00628263	beq	x5,x6,80000010	  x5:0x00000000  x6:0x00000000
          95000	         8	00000000	00000013	addi	x0,x0,0	  x0:0x00000000
         105000	         9	8000000c	00000013	addi	x0,x0,0	  x0:0x00000000
         115000	        10	80000010	00000497	auipc	x9,0x0	  x9=0x8000000c
         125000	        11	80000014	00c48493	addi	x9,x9,12	  x9:0x8000000c  x9=0x80000018
         135000	        12	80000018	00048067	jalr	x0,x9,0	  x9:0x80000018
         145000	        13	00000000	00000013	addi	x0,x0,0	  x0:0x00000000
         155000	        14	80000018	00000013	addi	x0,x0,0	  x0:0x00000000
         165000	        15	8000001c	40000737	lui	x14,0x40000	 x14=0x40000000
         175000	        16	80000020	10070713	addi	x14,x14,256	 x14:0x40000000 x14=0x40000100
         185000	        17	80000024	00000013	addi	x0,x0,0	  x0:0x00000000
         195000	        18	80000028	0000a597	auipc	x11,0xa	 x11=0x8000a024
         205000	        19	8000002c	fa058593	addi	x11,x11,-96	 x11:0x8000a024 x11=0x80009fc4
         215000	        20	80000030	00007717	auipc	x14,0x7	 x14=0x8000702c
         225000	        21	80000034	aa070713	addi	x14,x14,-1376	 x14:0x8000702c x14=0x80006acc
         235000	        22	80000038	00076713	ori	x14,x14,0	 x14:0x80006acc x14=0x80006acc
         245000	        23	8000003c	00000013	addi	x0,x0,0	  x0:0x00000000
         255000	        24	80000040	00000717	auipc	x14,0x0	 x14=0x8000003c
         265000	        25	80000044	02070713	addi	x14,x14,32	 x14:0x8000003c x14=0x8000005c
         275000	        26	80000048	00000013	addi	x0,x0,0	  x0:0x00000000
         285000	        27	8000004c	00000013	addi	x0,x0,0	  x0:0x00000000
         295000	        28	80000050	00002737	lui	x14,0x2	 x14=0x00002000
         305000	        29	80000054	80070713	addi	x14,x14,-2048	 x14:0x00002000 x14=0x00001800
         315000	        30	80000058	00000013	addi	x0,x0,0	  x0:0x00000000
         325000	        31	8000005c	00000013	addi	x0,x0,0	  x0:0x00000000
         335000	        32	80000060	c1833037	lui	x0,0xc1833	
         345000	        33	80000064	03000013	addi	x0,x0,48	  x0:0x00000000
         355000	        34	80000068	bfd380b7	lui	x1,0xbfd38	  x1=0xbfd38000
         365000	        35	8000006c	b4108093	addi	x1,x1,-1215	  x1:0xbfd38000  x1=0xbfd37b41
         375000	        36	80000070	00000113	addi	x2,x0,0	  x0:0x00000000  x2=0x00000000
         385000	        37	80000074	800001b7	lui	x3,0x80000	  x3=0x80000000
         395000	        38	80000078	f11a0237	lui	x4,0xf11a0	  x4=0xf11a0000
         405000	        39	8000007c	b3d20213	addi	x4,x4,-1219	  x4:0xf11a0000  x4=0xf119fb3d
         415000	        40	80000080	800002b7	lui	x5,0x80000	  x5=0x80000000
         425000	        41	80000084	fd454337	lui	x6,0xfd454	  x6=0xfd454000
         435000	        42	80000088	f3630313	addi	x6,x6,-202	  x6:0xfd454000  x6=0xfd453f36
         445000	        43	8000008c	00a00393	addi	x7,x0,10	  x0:0x00000000  x7=0x0000000a
         455000	        44	80000090	4b8ed437	lui	x8,0x4b8ed	  x8=0x4b8ed000
         465000	        45	80000094	b8a40413	addi	x8,x8,-1142	  x8:0x4b8ed000  x8=0x4b8ecb8a
         475000	        46	80000098	00c00493	addi	x9,x0,12	  x0:0x00000000  x9=0x0000000c
         485000	        47	8000009c	6eb5c537	lui	x10,0x6eb5c	 x10=0x6eb5c000
         495000	        48	800000a0	84a50513	addi	x10,x10,-1974	 x10:0x6eb5c000 x10=0x6eb5b84a
         505000	        49	800000a4	1f87f637	lui	x12,0x1f87f	 x12=0x1f87f000
         515000	        50	800000a8	7d760613	addi	x12,x12,2007	 x12:0x1f87f000 x12=0x1f87f7d7
         525000	        51	800000ac	00000693	addi	x13,x0,0	  x0:0x00000000 x13=0x00000000
         535000	        52	800000b0	00e00713	addi	x14,x0,14	  x0:0x00000000 x14=0x0000000e
         545000	        53	800000b4	f650c837	lui	x16,0xf650c	 x16=0xf650c000
         555000	        54	800000b8	9fd80813	addi	x16,x16,-1539	 x16:0xf650c000 x16=0xf650b9fd
         565000	        55	800000bc	800008b7	lui	x17,0x80000	 x17=0x80000000
         575000	        56	800000c0	e299e937	lui	x18,0xe299e	 x18=0xe299e000
         585000	        57	800000c4	37b90913	addi	x18,x18,891	 x18:0xe299e000 x18=0xe299e37b
         595000	        58	800000c8	00000993	addi	x19,x0,0	  x0:0x00000000 x19=0x00000000
         605000	        59	800000cc	00e00a13	addi	x20,x0,14	  x0:0x00000000 x20=0x0000000e
         615000	        60	800000d0	00000a93	addi	x21,x0,0	  x0:0x00000000 x21=0x00000000
         625000	        61	800000d4	fd2a0b37	lui	x22,0xfd2a0	 x22=0xfd2a0000
         635000	        62	800000d8	043b0b13	addi	x22,x22,67	 x22:0xfd2a0000 x22=0xfd2a0043
         645000	        63	800000dc	80000bb7	lui	x23,0x80000	 x23=0x80000000
         655000	        64	800000e0	80000c37	lui	x24,0x80000	 x24=0x80000000
         665000	        65	800000e4	80000cb7	lui	x25,0x80000	 x25=0x80000000
         675000	        66	800000e8	80000d37	lui	x26,0x80000	 x26=0x80000000
         685000	        67	800000ec	ffb84db7	lui	x27,0xffb84	 x27=0xffb84000
         695000	        68	800000f0	3ead8d93	addi	x27,x27,1002	 x27:0xffb84000 x27=0xffb843ea
         705000	        69	800000f4	00000e13	addi	x28,x0,0	  x0:0x00000000 x28=0x00000000
         715000	        70	800000f8	32da6eb7	lui	x29,0x32da6	 x29=0x32da6000
         725000	        71	800000fc	fd5e8e93	addi	x29,x29,-43	 x29:0x32da6000 x29=0x32da5fd5
         735000	        72	80000100	80000f37	lui	x30,0x80000	 x30=0x80000000
         745000	        73	80000104	feecbfb7	lui	x31,0xfeecb	 x31=0xfeecb000
         755000	        74	80000108	d27f8f93	addi	x31,x31,-729	 x31:0xfeecb000 x31=0xfeecad27
         765000	        75	8000010c	0000a797	auipc	x15,0xa	 x15=0x8000a108
         775000	        76	80000110	e7c78793	addi	x15,x15,-388	 x15:0x8000a108 x15=0x80009f84
         785000	        77	80000114	00008117	auipc	x2,0x8	  x2=0x80008110
         795000	        78	80000118	02a10113	addi	x2,x2,42	  x2:0x80008110  x2=0x8000813a
         805000	        79	8000011c	51512523	sw	x21,1290(x2)	  x2:0x8000813a x21:0x00000000 PA:0x80008644
         815000	        80	80000120	00cb9e13	slli	x28,x23,0xc	 x23:0x80000000 x28=0x00000000
         825000	        81	80000124	32614d03	lbu	x26,806(x2)	  x2:0x8000813a x26=0x00000038 PA:0x80008460
         835000	        82	80000128	6afa7893	andi	x17,x20,1711	 x20:0x0000000e x17=0x0000000e
         845000	        83	8000012c	16f10f03	lb	x30,367(x2)	  x2:0x8000813a x30=0xffffffe2 PA:0x800082a9
         855000	        84	80000130	41255633	sra	x12,x10,x18	 x10:0x6eb5b84a x18:0xe299e37b x12=0x0000000d
         865000	        85	80000134	f9310ca3	sb	x19,-103(x2)	  x2:0x8000813a x19:0x00000000 PA:0x800080d3
         875000	        86	80000138	00fa3b33	sltu	x22,x20,x15	 x20:0x0000000e x15:0x80009f84 x22=0x00000001
         885000	        87	8000013c	466b4237	lui	x4,0x466b4	  x4=0x466b4000
         895000	        88	80000140	00a01533	sll	x10,x0,x10	  x0:0x00000000 x10:0x6eb5b84a x10=0x00000000
         905000	        89	80000144	87902c13	slti	x24,x0,-1927	  x0:0x00000000 x24=0x00000000
         915000	        90	80000148	0c914183	lbu	x3,201(x2)	  x2:0x8000813a  x3=0x000000a3 PA:0x80008203
         925000	        91	8000014c	37d100a3	sb	x29,865(x2)	  x2:0x8000813a x29:0x32da5fd5 PA:0x8000849b
         935000	        92	80000150	02110983	lb	x19,33(x2)	  x2:0x8000813a x19=0xffffffaf PA:0x8000815b
         945000	        93	00000000	00000013	addi	x0,x0,0	  x0:0x00000000
         955000	        94	80000154	53310c23	sb	x19,1336(x2)	  x2:0x8000813a x19:0xffffffaf PA:0x80008672
         965000	        95	80000158	e59f2313	slti	x6,x30,-423	 x30:0xffffffe2  x6=0x00000000
         975000	        96	8000015c	27310083	lb	x1,627(x2)	  x2:0x8000813a  x1=0xffffff91 PA:0x800083ad
         985000	        97	80000160	00635713	srli	x14,x6,0x6	  x6:0x00000000 x14=0x00000000
         995000	        98	80000164	201cef13	ori	x30,x25,513	 x25:0x80000000 x30=0x80000201
        1005000	        99	80000168	68b11123	sh	x11,1666(x2)	  x2:0x8000813a x11:0x80009fc4 PA:0x800087bc
        1015000	       100	8000016c	014523b3	slt	x7,x10,x20	 x10:0x00000000 x20:0x0000000e  x7=0x00000001
        1025000	       101	80000170	02998f93	addi	x31,x19,41	 x19:0xffffffaf x31=0xffffffd8
        1035000	       102	80000174	26614803	lbu	x16,614(x2)	  x2:0x8000813a x16=0x000000ce PA:0x800083a0
        1045000	       103	00000000	00000013	addi	x0,x0,0	  x0:0x00000000
        1055000	       104	80000178	ff014b83	lbu	x23,-16(x2)	  x2:0x8000813a x23=0x000000e8 PA:0x8000812a
        1065000	       105	8000017c	1c610fa3	sb	x6,479(x2)	  x2:0x8000813a  x6:0x00000000 PA:0x80008319
        1075000	       106	80000180	5bf107a3	sb	x31,1455(x2)	  x2:0x8000813a x31:0xffffffd8 PA:0x800086e9
        1085000	       107	80000184	4eee8237	lui	x4,0x4eee8	  x4=0x4eee8000
        1095000	       108	80000188	40895013	srai	x0,x18,0x8	 x18:0xe299e37b
        1105000	       109	8000018c	14d10003	lb	x0,333(x2)	  x2:0x8000813a PA:0x80008287
        1115000	       110	80000190	00871eb3	sll	x29,x14,x8	 x14:0x00000000  x8:0x4b8ecb8a x29=0x00000000
        1125000	       111	80000194	00000013	addi	x0,x0,0	  x0:0x00000000
        1135000	       112	80000198	36114b03	lbu	x22,865(x2)	  x2:0x8000813a x22=0x000000d5 PA:0x8000849b
        1145000	       113	8000019c	484101a3	sb	x4,1155(x2)	  x2:0x8000813a  x4:0x4eee8000 PA:0x800085bd
        1155000	       114	800001a0	0d614183	lbu	x3,214(x2)	  x2:0x8000813a  x3=0x000000c7 PA:0x80008210
        1165000	       115	800001a4	6a143b93	sltiu	x23,x8,1697	  x8:0x4b8ecb8a x23=0x00000000
        1175000	       116	800001a8	42714b03	lbu	x22,1063(x2)	  x2:0x8000813a x22=0x000000b3 PA:0x80008561
        1185000	       117	00000000	00000013	addi	x0,x0,0	  x0:0x00000000
        1195000	       118	800001ac	009b1013	slli	x0,x22,0x9	 x22:0x000000b3
        1205000	       119	800001b0	00000013	addi	x0,x0,0	  x0:0x00000000
        1215000	       120	800001b4	09612683	lw	x13,150(x2)	  x2:0x8000813a x13=0xf1ecf88e PA:0x800081d0
        1225000	       121	800001b8	015131b3	sltu	x3,x2,x21	  x2:0x8000813a x21:0x00000000  x3=0x00000000
        1235000	       122	800001bc	f5d10703	lb	x14,-163(x2)	  x2:0x8000813a x14=0xffffffdf PA:0x80008097
        1245000	       123	800001c0	58714a03	lbu	x20,1415(x2)	  x2:0x8000813a x20=0x000000d7 PA:0x800086c1
        1255000	       124	800001c4	00008117	auipc	x2,0x8	  x2=0x800081c0
        1265000	       125	800001c8	06210113	addi	x2,x2,98	  x2:0x800081c0  x2=0x80008222
        1275000	       126	800001cc	217f2d93	slti	x27,x30,535	 x30:0x80000201 x27=0x00000001
        1285000	       127	800001d0	00eed393	srli	x7,x29,0xe	 x29:0x00000000  x7=0x00000000
        1295000	       128	800001d4	00d742b3	xor	x5,x14,x13	 x14:0xffffffdf x13:0xf1ecf88e  x5=0x0e130751
        1305000	       129	800001d8	ffd14e83	lbu	x29,-3(x2)	  x2:0x80008222 x29=0x00000054 PA:0x8000821f
        1315000	       130	800001dc	00f10d83	lb	x27,15(x2)	  x2:0x80008222 x27=0x00000076 PA:0x80008231
        1325000	       131	800001e0	00f10703	lb	x14,15(x2)	  x2:0x80008222 x14=0x00000076 PA:0x80008231
        1335000	       132	00000000	00000013	addi	x0,x0,0	  x0:0x00000000
        1345000	       133	800001e4	88877513	andi	x10,x14,-1912	 x14:0x00000076 x10=0x00000000
        1355000	       134	800001e8	0064dd33	srl	x26,x9,x6	  x9:0x0000000c  x6:0x00000000 x26=0x0000000c
        1365000	       135	800001ec	fe410a23	sb	x4,-12(x2)	  x2:0x80008222  x4:0x4eee8000 PA:0x80008216
        1375000	       136	800001f0	214b4b17	auipc	x22,0x214b4	 x22=0xa14b41ec
        1385000	       137	800001f4	4189d833	sra	x16,x19,x24	 x19:0xffffffaf x24:0x00000000 x16=0xffffffaf
        1395000	       138	800001f8	418f5d33	sra	x26,x30,x24	 x30:0x80000201 x24:0x00000000 x26=0x80000201
        1405000	       139	800001fc	ff914983	lbu	x19,-7(x2)	  x2:0x80008222 x19=0x0000003a PA:0x8000821b
        1415000	       140	80000200	01d4a533	slt	x10,x9,x29	  x9:0x0000000c x29:0x00000054 x10=0x00000001
        1425000	       141	80000204	a385e813	ori	x16,x11,-1480	 x11:0x80009fc4 x16=0xfffffffc
        1435000	       142	80000208	58b96e93	ori	x29,x18,1419	 x18:0xe299e37b x29=0xe299e7fb
        1445000	       143	8000020c	ff810983	lb	x19,-8(x2)	  x2:0x80008222 x19=0xffffffc9 PA:0x8000821a
        1455000	       144	80000210	ff910a23	sb	x25,-12(x2)	  x2:0x80008222 x25:0x80000000 PA:0x80008216
        1465000	       145	80000214	01d518b3	sll	x17,x10,x29	 x10:0x00000001 x29:0xe299e7fb x17=0x08000000
        1475000	       146	80000218	00011b03	lh	x22,0(x2)	  x2:0x80008222 x22=0xffffa7fd PA:0x80008222
        1485000	       147	8000021c	10c30913	addi	x18,x6,268	  x6:0x00000000 x18=0x0000010c
        1495000	       148	80000220	6e6df893	andi	x17,x27,1766	 x27:0x00000076 x17=0x00000066
        1505000	       149	80000224	01014c83	lbu	x25,16(x2)	  x2:0x80008222 x25=0x0000002c PA:0x80008232
        1515000	       150	80000228	008799b3	sll	x19,x15,x8	 x15:0x80009f84  x8:0x4b8ecb8a x19=0x027e1000
        1525000	       151	8000022c	12747893	andi	x17,x8,295	  x8:0x4b8ecb8a x17=0x00000102
        1535000	       152	80000230	fe911e23	sh	x9,-4(x2)	  x2:0x80008222  x9:0x0000000c PA:0x8000821e
        1545000	       153	80000234	5e2a1bb7	lui	x23,0x5e2a1	 x23=0x5e2a1000
        1555000	       154	80000238	00c15c13	srli	x24,x2,0xc	  x2:0x80008222 x24=0x00080008
        1565000	       155	8000023c	bf8a5917	auipc	x18,0xbf8a5	 x18=0x3f8a5238
        1575000	       156	80000240	012a3a93	sltiu	x21,x20,18	 x20:0x000000d7 x21=0x00000000
        1585000	       157	80000244	00930f33	add	x30,x6,x9	  x6:0x00000000  x9:0x0000000c x30=0x0000000c
        1595000	       158	80000248	5de51917	auipc	x18,0x5de51	 x18=0xdde51244
        1605000	       159	8000024c	013bf333	and	x6,x23,x19	 x23:0x5e2a1000 x19:0x027e1000  x6=0x022a1000
        1615000	       160	80000250	25153c93	sltiu	x25,x10,593	 x10:0x00000001 x25=0x00000001
        1625000	       161	80000254	35180513	addi	x10,x16,849	 x16:0xfffffffc x10=0x0000034d
        1635000	       162	80000258	01725913	srli	x18,x4,0x17	  x4:0x4eee8000 x18=0x0000009d
        1645000	       163	8000025c	0188ef33	or	x30,x17,x24	 x17:0x00000102 x24:0x00080008 x30=0x0008010a
        1655000	       164	80000260	0081e733	or	x14,x3,x8	  x3:0x00000000  x8:0x4b8ecb8a x14=0x4b8ecb8a
        1665000	       165	80000264	01e04833	xor	x16,x0,x30	  x0:0x00000000 x30:0x0008010a x16=0x0008010a
        1675000	       166	80000268	00910503	lb	x10,9(x2)	  x2:0x80008222 x10=0xffffffb1 PA:0x8000822b
        1685000	       167	8000026c	00008517	auipc	x10,0x8	 x10=0x80008268
        1695000	       168	80000270	69850513	addi	x10,x10,1688	 x10:0x80008268 x10=0x80008900
        1705000	       169	80000274	01c98833	add	x16,x19,x28	 x19:0x027e1000 x28:0x00000000 x16=0x027e1000
        1715000	       170	80000278	f94e4013	xori	x0,x28,-108	 x28:0x00000000
        1725000	       171	8000027c	ff654d83	lbu	x27,-10(x10)	 x10:0x80008900 x27=0x000000f7 PA:0x800088f6
        1735000	       172	80000280	0085ffb3	and	x31,x11,x8	 x11:0x80009fc4  x8:0x4b8ecb8a x31=0x00008b80
        1745000	       173	80000284	0199ad33	slt	x26,x19,x25	 x19:0x027e1000 x25:0x00000001 x26=0x00000000
        1755000	       174	80000288	40a5d633	sra	x12,x11,x10	 x11:0x80009fc4 x10:0x80008900 x12=0x80009fc4
        1765000	       175	8000028c	00754083	lbu	x1,7(x10)	 x10:0x80008900  x1=0x00000056 PA:0x80008907
        1775000	       176	80000290	d4bbc413	xori	x8,x23,-693	 x23:0x5e2a1000  x8=0xa1d5ed4b
        1785000	       177	80000294	00000013	addi	x0,x0,0	  x0:0x00000000
        1795000	       178	80000298	00650a03	lb	x20,6(x10)	 x10:0x80008900 x20=0x0000003d PA:0x80008906
        1805000	       179	8000029c	010b7033	and	x0,x22,x16	 x22:0xffffa7fd x16:0x027e1000
        1815000	       180	800002a0	cca9ad13	slti	x26,x19,-822	 x19:0x027e1000 x26=0x00000000
        1825000	       181	800002a4	00c55b03	lhu	x22,12(x10)	 x10:0x80008900 x22=0x0000919a PA:0x8000890c
        1835000	       182	800002a8	00d59db3	sll	x27,x11,x13	 x11:0x80009fc4 x13:0xf1ecf88e x27=0x27f10000
        1845000	       183	800002ac	0060e333	or	x6,x1,x6	  x1:0x00000056  x6:0x022a1000  x6=0x022a1056
        1855000	       184	800002b0	ff851383	lh	x7,-8(x10)	 x10:0x80008900  x7=0xffffd1b3 PA:0x800088f8
        1865000	       185	00000000	00000013	addi	x0,x0,0	  x0:0x00000000
        1875000	       186	800002b4	1a75b093	sltiu	x1,x11,423	 x11:0x80009fc4  x1=0x00000000
        1885000	       187	800002b8	765c4893	xori	x17,x24,1893	 x24:0x00080008 x17=0x0008076d
        1895000	       188	800002bc	87a1fb13	andi	x22,x3,-1926	  x3:0x00000000 x22=0x00000000
        1905000	       189	800002c0	015f89b3	add	x19,x31,x21	 x31:0x00008b80 x21:0x00000000 x19=0x00008b80
        1915000	       190	800002c4	40c55393	srai	x7,x10,0xc	 x10:0x80008900  x7=0xfff80008
        1925000	       191	800002c8	0119db33	srl	x22,x19,x17	 x19:0x00008b80 x17:0x0008076d x22=0x00000004
        1935000	       192	800002cc	00d12133	slt	x2,x2,x13	  x2:0x80008222 x13:0xf1ecf88e  x2=0x00000001
        1945000	       193	800002d0	06a94a93	xori	x21,x18,106	 x18:0x0000009d x21=0x000000f7
        1955000	       194	800002d4	417ddc33	sra	x24,x27,x23	 x27:0x27f10000 x23:0x5e2a1000 x24=0x27f10000
        1965000	       195	800002d8	01f59c33	sll	x24,x11,x31	 x11:0x80009fc4 x31:0x00008b80 x24=0x80009fc4
        1975000	       196	800002dc	ff754c03	lbu	x24,-9(x10)	 x10:0x80008900 x24=0x000000a1 PA:0x800088f7
        1985000	       197	800002e0	ff550883	lb	x17,-11(x10)	 x10:0x80008900 x17=0xffffffce PA:0x800088f5
        1995000	       198	800002e4	00b85133	srl	x2,x16,x11	 x16:0x027e1000 x11:0x80009fc4  x2=0x0027e100
        2005000	       199	800002e8	ff154803	lbu	x16,-15(x10)	 x10:0x80008900 x16=0x000000fb PA:0x800088f1
        2015000	       200	800002ec	01e16eb3	or	x29,x2,x30	  x2:0x0027e100 x30:0x0008010a x29=0x002fe10a
        2025000	       201	800002f0	feb50ca3	sb	x11,-7(x10)	 x10:0x80008900 x11:0x80009fc4 PA:0x800088f9
        2035000	       202	800002f4	fea50da3	sb	x10,-5(x10)	 x10:0x80008900 x10:0x80008900 PA:0x800088fb
        2045000	       203	800002f8	ff150003	lb	x0,-15(x10)	 x10:0x80008900 PA:0x800088f1
        2055000	       204	800002fc	00008117	auipc	x2,0x8	  x2=0x800082f8
        2065000	       205	80000300	57110113	addi	x2,x2,1393	  x2:0x800082f8  x2=0x80008869
        2075000	       206	80000304	73c14c83	lbu	x25,1852(x2)	  x2:0x80008869 x25=0x00000001 PA:0x80008fa5
        2085000	       207	80000308	3a614b83	lbu	x23,934(x2)	  x2:0x80008869 x23=0x000000f0 PA:0x80008c0f
        2095000	       208	8000030c	14010d83	lb	x27,320(x2)	  x2:0x80008869 x27=0x0000004d PA:0x800089a9
        2105000	       209	80000310	27911303	lh	x6,633(x2)	  x2:0x80008869  x6=0x00000aac PA:0x80008ae2
        2115000	       210	80000314	54e14283	lbu	x5,1358(x2)	  x2:0x80008869  x5=0x000000ba PA:0x80008db7
        2125000	       211	80000318	2e010f03	lb	x30,736(x2)	  x2:0x80008869 x30=0xffffffbe PA:0x80008b49
        2135000	       212	8000031c	02915683	lhu	x13,41(x2)	  x2:0x80008869 x13=0x000030c9 PA:0x80008892
        2145000	       213	80000320	ff810683	lb	x13,-8(x2)	  x2:0x80008869 x13=0x0000003b PA:0x80008861
        2155000	       214	80000324	30714383	lbu	x7,775(x2)	  x2:0x80008869  x7=0x000000fe PA:0x80008b70
        2165000	       215	80000328	03114203	lbu	x4,49(x2)	  x2:0x80008869  x4=0x00000058 PA:0x8000889a
        2175000	       216	8000032c	57111ea3	sh	x17,1405(x2)	  x2:0x80008869 x17:0xffffffce PA:0x80008de6
        2185000	       217	80000330	17310aa3	sb	x19,373(x2)	  x2:0x80008869 x19:0x00008b80 PA:0x800089de
        2195000	       218	80000334	41488833	sub	x16,x17,x20	 x17:0xffffffce x20:0x0000003d x16=0xffffff91
        2205000	       219	80000338	3ac14083	lbu	x1,940(x2)	  x2:0x80008869  x1=0x000000dd PA:0x80008c15
        2215000	       220	8000033c	3eb10da3	sb	x11,1019(x2)	  x2:0x80008869 x11:0x80009fc4 PA:0x80008c64
        2225000	       221	80000340	4ca14c83	lbu	x25,1226(x2)	  x2:0x80008869 x25=0x000000a5 PA:0x80008d33
        2235000	       222	80000344	008c4cb3	xor	x25,x24,x8	 x24:0x000000a1  x8:0xa1d5ed4b x25=0xa1d5edea
        2245000	       223	80000348	0150e533	or	x10,x1,x21	  x1:0x000000dd x21:0x000000f7 x10=0x000000ff
        2255000	       224	8000034c	33d105a3	sb	x29,811(x2)	  x2:0x80008869 x29:0x002fe10a PA:0x80008b94
        2265000	       225	80000350	45d15883	lhu	x17,1117(x2)	  x2:0x80008869 x17=0x00000ce6 PA:0x80008cc6
        2275000	       226	80000354	01271f13	slli	x30,x14,0x12	 x14:0x4b8ecb8a x30=0x2e280000
        2285000	       227	80000358	3f710503	lb	x10,1015(x2)	  x2:0x80008869 x10=0x00000071 PA:0x80008c60
        2295000	       228	8000035c	01659c13	slli	x24,x11,0x16	 x11:0x80009fc4 x24=0xf1000000
        2305000	       229	80000360	2e315b83	lhu	x23,739(x2)	  x2:0x80008869 x23=0x0000580a PA:0x80008b4c
        2315000	       230	80000364	40440bb3	sub	x23,x8,x4	  x8:0xa1d5ed4b  x4:0x00000058 x23=0xa1d5ecf3
        2325000	       231	80000368	01fa00b3	add	x1,x20,x31	 x20:0x0000003d x31:0x00008b80  x1=0x00008bbd
        2335000	       232	8000036c	011f5833	srl	x16,x30,x17	 x30:0x2e280000 x17:0x00000ce6 x16=0x00b8a000
        2345000	       233	80000370	0a514f03	lbu	x30,165(x2)	  x2:0x80008869 x30=0x0000007e PA:0x8000890e
        2355000	       234	80000374	6e1106a3	sb	x1,1773(x2)	  x2:0x80008869  x1:0x00008bbd PA:0x80008f56
        2365000	       235	80000378	007fefb3	or	x31,x31,x7	 x31:0x00008b80  x7:0x000000fe x31=0x00008bfe
        2375000	       236	8000037c	26e115a3	sh	x14,619(x2)	  x2:0x80008869 x14:0x4b8ecb8a PA:0x80008ad4
        2385000	       237	80000380	18410ea3	sb	x4,413(x2)	  x2:0x80008869  x4:0x00000058 PA:0x80008a06
        2395000	       238	80000384	6a014283	lbu	x5,1696(x2)	  x2:0x80008869  x5=0x0000000c PA:0x80008f09
        2405000	       239	80000388	054129a3	sw	x20,83(x2)	  x2:0x80008869 x20:0x0000003d PA:0x800088bc
        2415000	       240	8000038c	253113a3	sh	x19,583(x2)	  x2:0x80008869 x19:0x00008b80 PA:0x80008ab0
        2425000	       241	80000390	2db10223	sb	x27,708(x2)	  x2:0x80008869 x27:0x0000004d PA:0x80008b2d
        2435000	       242	80000394	01166033	or	x0,x12,x17	 x12:0x80009fc4 x17:0x00000ce6
        2445000	       243	80000398	41070cb3	sub	x25,x14,x16	 x14:0x4b8ecb8a x16:0x00b8a000 x25=0x4ad62b8a
        2455000	       244	8000039c	5ca10723	sb	x10,1486(x2)	  x2:0x80008869 x10:0x00000071 PA:0x80008e37
        2465000	       245	800003a0	42010d83	lb	x27,1056(x2)	  x2:0x80008869 x27=0xffffffc6 PA:0x80008c89
        2475000	       246	800003a4	4c915303	lhu	x6,1225(x2)	  x2:0x80008869  x6=0x0000a502 PA:0x80008d32
        2485000	       247	800003a8	00008117	auipc	x2,0x8	  x2=0x800083a4
        2495000	       248	800003ac	3ae10113	addi	x2,x2,942	  x2:0x800083a4  x2=0x80008752
        2505000	       249	800003b0	00b89993	slli	x19,x17,0xb	 x17:0x00000ce6 x19=0x00673000
        2515000	       250	800003b4	feb10603	lb	x12,-21(x2)	  x2:0x80008752 x12=0x0000006c PA:0x8000873d
        2525000	       251	800003b8	411eda13	srai	x20,x29,0x11	 x29:0x002fe10a x20=0x00000017
        2535000	       252	800003bc	ff215b03	lhu	x22,-14(x2)	  x2:0x80008752 x22=0x000098de PA:0x80008744
        2545000	       253	800003c0	00014b83	lbu	x23,0(x2)	  x2:0x80008752 x23=0x0000001c PA:0x80008752
        2555000	       254	800003c4	02610123	sb	x6,34(x2)	  x2:0x80008752  x6:0x0000a502 PA:0x80008774
        2565000	       255	800003c8	02510503	lb	x10,37(x2)	  x2:0x80008752 x10=0xffffffa3 PA:0x80008777
        2575000	       256	800003cc	a1dd8913	addi	x18,x27,-1507	 x27:0xffffffc6 x18=0xfffff9e3
        2585000	       257	800003d0	03811003	lh	x0,56(x2)	  x2:0x80008752 PA:0x8000878a
        2595000	       258	800003d4	fed14283	lbu	x5,-19(x2)	  x2:0x80008752  x5=0x0000000a PA:0x8000873f
        2605000	       259	800003d8	fe415b03	lhu	x22,-28(x2)	  x2:0x80008752 x22=0x00001cbf PA:0x80008736
        2615000	       260	800003dc	0083fbb3	and	x23,x7,x8	  x7:0x000000fe  x8:0xa1d5ed4b x23=0x0000004a
        2625000	       261	800003e0	00b4d8b3	srl	x17,x9,x11	  x9:0x0000000c x11:0x80009fc4 x17=0x00000000
        2635000	       262	800003e4	be640317	auipc	x6,0xbe640	  x6=0x3e6403e0
        2645000	       263	800003e8	02212723	sw	x2,46(x2)	  x2:0x80008752  x2:0x80008752 PA:0x80008780
        2655000	       264	800003ec	fd510b83	lb	x23,-43(x2)	  x2:0x80008752 x23=0x00000034 PA:0x80008727
        2665000	       265	800003f0	40930633	sub	x12,x6,x9	  x6:0x3e6403e0  x9:0x0000000c x12=0x3e6403d4
        2675000	       266	800003f4	fe811e03	lh	x28,-24(x2)	  x2:0x80008752 x28=0xffff85b3 PA:0x8000873a
        2685000	       267	800003f8	fe314203	lbu	x4,-29(x2)	  x2:0x80008752  x4=0x0000007b PA:0x80008735
        2695000	       268	800003fc	fec15203	lhu	x4,-20(x2)	  x2:0x80008752  x4=0x00000a24 PA:0x8000873e
        2705000	       269	80000400	a25dc813	xori	x16,x27,-1499	 x27:0xffffffc6 x16=0x000005e3
        2715000	       270	80000404	0a497393	andi	x7,x18,164	 x18:0xfffff9e3  x7=0x000000a0
        2725000	       271	80000408	01789ab3	sll	x21,x17,x23	 x17:0x00000000 x23:0x00000034 x21=0x00000000
        2735000	       272	8000040c	00b7a0b3	slt	x1,x15,x11	 x15:0x80009f84 x11:0x80009fc4  x1=0x00000001
        2745000	       273	80000410	7f024613	xori	x12,x4,2032	  x4:0x00000a24 x12=0x00000dd4
        2755000	       274	80000414	fcc11403	lh	x8,-52(x2)	  x2:0x80008752  x8=0x00003918 PA:0x8000871e
        2765000	       275	80000418	005105a3	sb	x5,11(x2)	  x2:0x80008752  x5:0x0000000a PA:0x8000875d
        2775000	       276	8000041c	03a12903	lw	x18,58(x2)	  x2:0x80008752 x18=0x21364849 PA:0x8000878c
        2785000	       277	80000420	02410203	lb	x4,36(x2)	  x2:0x80008752  x4=0x00000021 PA:0x80008776
        2795000	       278	80000424	00000013	addi	x0,x0,0	  x0:0x00000000
        2805000	       279	80000428	fd811703	lh	x14,-40(x2)	  x2:0x80008752 x14=0x00005ce2 PA:0x8000872a
        2815000	       280	8000042c	03011083	lh	x1,48(x2)	  x2:0x80008752  x1=0xffff8000 PA:0x80008782
        2825000	       281	80000430	01c11283	lh	x5,28(x2)	  x2:0x80008752  x5=0x0000737f PA:0x8000876e
        2835000	       282	80000434	00314b83	lbu	x23,3(x2)	  x2:0x80008752 x23=0x00000011 PA:0x80008755
        2845000	       283	80000438	00008097	auipc	x1,0x8	  x1=0x80008434
        2855000	       284	8000043c	1fd08093	addi	x1,x1,509	  x1:0x80008434  x1=0x80008631
        2865000	       285	80000440	27d468b7	lui	x17,0x27d46	 x17=0x27d46000
        2875000	       286	80000444	003ddb93	srli	x23,x27,0x3	 x27:0xffffffc6 x23=0x1ffffff8
        2885000	       287	80000448	03308f23	sb	x19,62(x1)	  x1:0x80008631 x19:0x00673000 PA:0x8000866f
        2895000	       288	8000044c	df0db693	sltiu	x13,x27,-528	 x27:0xffffffc6 x13=0x00000000
        2905000	       289	80000450	0070a1a3	sw	x7,3(x1)	  x1:0x80008631  x7:0x000000a0 PA:0x80008634
        2915000	       290	80000454	fe5087a3	sb	x5,-17(x1)	  x1:0x80008631  x5:0x0000737f PA:0x80008620
        2925000	       291	80000458	03909e03	lh	x28,57(x1)	  x1:0x80008631 x28=0x000014de PA:0x8000866a
        2935000	       292	8000045c	05036113	ori	x2,x6,80	  x6:0x3e6403e0  x2=0x3e6403f0
        2945000	       293	80000460	fc50c403	lbu	x8,-59(x1)	  x1:0x80008631  x8=0x000000c4 PA:0x800085f6
        2955000	       294	80000464	01d0c283	lbu	x5,29(x1)	  x1:0x80008631  x5=0x0000001b PA:0x8000864e
        2965000	       295	80000468	01099c13	slli	x24,x19,0x10	 x19:0x00673000 x24=0x30000000
        2975000	       296	8000046c	bb963813	sltiu	x16,x12,-1095	 x12:0x00000dd4 x16=0x00000001
        2985000	       297	80000470	fc709803	lh	x16,-57(x1)	  x1:0x80008631 x16=0x000037e2 PA:0x800085f8
        2995000	       298	80000474	00d69b13	slli	x22,x13,0xd	 x13:0x00000000 x22=0x00000000
        3005000	       299	80000478	fc10c383	lbu	x7,-63(x1)	  x1:0x80008631  x7=0x00000095 PA:0x800085f2
        3015000	       300	8000047c	fec0c003	lbu	x0,-20(x1)	  x1:0x80008631 PA:0x8000861d
        3025000	       301	80000480	00000013	addi	x0,x0,0	  x0:0x00000000
        3035000	       302	80000484	01208303	lb	x6,18(x1)	  x1:0x80008631  x6=0x0000000a PA:0x80008643
        3045000	       303	80000488	01408923	sb	x20,18(x1)	  x1:0x80008631 x20:0x00000017 PA:0x80008643
        3055000	       304	8000048c	00308323	sb	x3,6(x1)	  x1:0x80008631  x3:0x00000000 PA:0x80008637
        3065000	       305	80000490	feb090a3	sh	x11,-31(x1)	  x1:0x80008631 x11:0x80009fc4 PA:0x80008612
        3075000	       306	80000494	4197d613	srai	x12,x15,0x19	 x15:0x80009f84 x12=0xffffffc0
        3085000	       307	80000498	00e80eb3	add	x29,x16,x14	 x16:0x000037e2 x14:0x00005ce2 x29=0x000094c4
        3095000	       308	8000049c	00721d33	sll	x26,x4,x7	  x4:0x00000021  x7:0x00000095 x26=0x04200000
        3105000	       309	800004a0	d9735737	lui	x14,0xd9735	 x14=0xd9735000
        3115000	       310	800004a4	00789f33	sll	x30,x17,x7	 x17:0x27d46000  x7:0x00000095 x30=0x00000000
        3125000	       311	800004a8	00408cb3	add	x25,x1,x4	  x1:0x80008631  x4:0x00000021 x25=0x80008652
        3135000	       312	800004ac	01da1833	sll	x16,x20,x29	 x20:0x00000017 x29:0x000094c4 x16=0x00000170
        3145000	       313	800004b0	fe608603	lb	x12,-26(x1)	  x1:0x80008631 x12=0xffffffdd PA:0x80008617
        3155000	       314	800004b4	0060cc83	lbu	x25,6(x1)	  x1:0x80008631 x25=0x00000000 PA:0x80008637
        3165000	       315	800004b8	01398233	add	x4,x19,x19	 x19:0x00673000 x19:0x00673000  x4=0x00ce6000
        3175000	       316	800004bc	01d5b833	sltu	x16,x11,x29	 x11:0x80009fc4 x29:0x000094c4 x16=0x00000000
        3185000	       317	800004c0	012e9313	slli	x6,x29,0x12	 x29:0x000094c4  x6=0x53100000
        3195000	       318	800004c4	fce08d03	lb	x26,-50(x1)	  x1:0x80008631 x26=0xfffffff3 PA:0x800085ff
        3205000	       319	800004c8	fca08623	sb	x10,-52(x1)	  x1:0x80008631 x10:0xffffffa3 PA:0x800085fd
        3215000	       320	800004cc	fc208283	lb	x5,-62(x1)	  x1:0x80008631  x5=0xffffff81 PA:0x800085f3
        3225000	       321	800004d0	758e3193	sltiu	x3,x28,1880	 x28:0x000014de  x3=0x00000000
        3235000	       322	800004d4	00a49a93	slli	x21,x9,0xa	  x9:0x0000000c x21=0x00003000
        3245000	       323	800004d8	0170a003	lw	x0,23(x1)	  x1:0x80008631 PA:0x80008648
        3255000	       324	800004dc	fe509503	lh	x10,-27(x1)	  x1:0x80008631 x10=0xffffdd9b PA:0x80008616
        3265000	       325	800004e0	ff50dd03	lhu	x26,-11(x1)	  x1:0x80008631 x26=0x0000884f PA:0x80008626
        3275000	       326	800004e4	002b19b3	sll	x19,x22,x2	 x22:0x00000000  x2:0x3e6403f0 x19=0x00000000
        3285000	       327	800004e8	fc208603	lb	x12,-62(x1)	  x1:0x80008631 x12=0xffffff81 PA:0x800085f3
        3295000	       328	800004ec	00000013	addi	x0,x0,0	  x0:0x00000000
        3305000	       329	800004f0	1cc4cdb7	lui	x27,0x1cc4c	 x27=0x1cc4c000
        3315000	       330	800004f4	01d626b3	slt	x13,x12,x29	 x12:0xffffff81 x29:0x000094c4 x13=0x00000001
        3325000	       331	800004f8	0182c433	xor	x8,x5,x24	  x5:0xffffff81 x24:0x30000000  x8=0xcfffff81
        3335000	       332	800004fc	ffb08f03	lb	x30,-5(x1)	  x1:0x80008631 x30=0x00000059 PA:0x8000862c
        3345000	       333	80000500	00d09803	lh	x16,13(x1)	  x1:0x80008631 x16=0xffffc546 PA:0x8000863e
        3355000	       334	80000504	d0220893	addi	x17,x4,-766	  x4:0x00ce6000 x17=0x00ce5d02
        3365000	       335	80000508	01804333	xor	x6,x0,x24	  x0:0x00000000 x24:0x30000000  x6=0x30000000
        3375000	       336	8000050c	fff08003	lb	x0,-1(x1)	  x1:0x80008631 PA:0x80008630
        3385000	       337	80000510	00008397	auipc	x7,0x8	  x7=0x8000850c
        3395000	       338	80000514	55938393	addi	x7,x7,1369	  x7:0x8000850c  x7=0x80008a65
        3405000	       339	80000518	e520af13	slti	x30,x1,-430	  x1:0x80008631 x30=0x00000001
        3415000	       340	8000051c	fed388a3	sb	x13,-15(x7)	  x7:0x80008a65 x13:0x00000001 PA:0x80008a56
        3425000	       341	80000520	28873893	sltiu	x17,x14,648	 x14:0xd9735000 x17=0x00000000
        3435000	       342	80000524	01a0ecb3	or	x25,x1,x26	  x1:0x80008631 x26:0x0000884f x25=0x80008e7f
        3445000	       343	80000528	ff939d83	lh	x27,-7(x7)	  x7:0x80008a65 x27=0x000059f1 PA:0x80008a5e
        3455000	       344	8000052c	01038e83	lb	x29,16(x7)	  x7:0x80008a65 x29=0x00000052 PA:0x80008a75
        3465000	       345	80000530	ff83cb83	lbu	x23,-8(x7)	  x7:0x80008a65 x23=0x00000018 PA:0x80008a5d
        3475000	       346	80000534	00eb5f13	srli	x30,x22,0xe	 x22:0x00000000 x30=0x00000000
        3485000	       347	80000538	01785c93	srli	x25,x16,0x17	 x16:0xffffc546 x25=0x000001ff
        3495000	       348	8000053c	ff23c283	lbu	x5,-14(x7)	  x7:0x80008a65  x5=0x00000098 PA:0x80008a57
        3505000	       349	80000540	41e0dd93	srai	x27,x1,0x1e	  x1:0x80008631 x27=0xfffffffe
        3515000	       350	80000544	4c5f3113	sltiu	x2,x30,1221	 x30:0x00000000  x2=0x00000001
        3525000	       351	80000548	01638323	sb	x22,6(x7)	  x7:0x80008a65 x22:0x00000000 PA:0x80008a6b
        3535000	       352	8000054c	3a0dab37	lui	x22,0x3a0da	 x22=0x3a0da000
        3545000	       353	80000550	01c9a133	slt	x2,x19,x28	 x19:0x00000000 x28:0x000014de  x2=0x00000001
        3555000	       354	80000554	0053d983	lhu	x19,5(x7)	  x7:0x80008a65 x19=0x000000b6 PA:0x80008a6a
        3565000	       355	80000558	000079b3	and	x19,x0,x0	  x0:0x00000000  x0:0x00000000 x19=0x00000000
        3575000	       356	8000055c	fe138ba3	sb	x1,-9(x7)	  x7:0x80008a65  x1:0x80008631 PA:0x80008a5c
        3585000	       357	80000560	00138203	lb	x4,1(x7)	  x7:0x80008a65  x4=0x00000054 PA:0x80008a66
        3595000	       358	80000564	2941abb7	lui	x23,0x2941a	 x23=0x2941a000
        3605000	       359	80000568	d328fd93	andi	x27,x17,-718	 x17:0x00000000 x27=0x00000000
        3615000	       360	8000056c	0079ad33	slt	x26,x19,x7	 x19:0x00000000  x7:0x80008a65 x26=0x00000000
        3625000	       361	80000570	417ad013	srai	x0,x21,0x17	 x21:0x00003000
        3635000	       362	80000574	0003c003	lbu	x0,0(x7)	  x7:0x80008a65 PA:0x80008a65
        3645000	       363	80000578	40b1deb3	sra	x29,x3,x11	  x3:0x00000000 x11:0x80009fc4 x29=0x00000000
        3655000	       364	8000057c	41fad0b3	sra	x1,x21,x31	 x21:0x00003000 x31:0x00008bfe  x1=0x00000000
        3665000	       365	80000580	ff13d983	lhu	x19,-15(x7)	  x7:0x80008a65 x19=0x00009801 PA:0x80008a56
        3675000	       366	80000584	0091cbb3	xor	x23,x3,x9	  x3:0x00000000  x9:0x0000000c x23=0x0000000c
        3685000	       367	80000588	e24bc993	xori	x19,x23,-476	 x23:0x0000000c x19=0xfffffe28
        3695000	       368	8000058c	ff038e03	lb	x28,-16(x7)	  x7:0x80008a65 x28=0xffffff97 PA:0x80008a55
        3705000	       369	80000590	01d34333	xor	x6,x6,x29	  x6:0x30000000 x29:0x00000000  x6=0x30000000
        3715000	       370	80000594	f0dba913	slti	x18,x23,-243	 x23:0x0000000c x18=0x00000000
        3725000	       371	80000598	0105d8b3	srl	x17,x11,x16	 x11:0x80009fc4 x16:0xffffc546 x17=0x0200027f
        3735000	       372	8000059c	0173a1a3	sw	x23,3(x7)	  x7:0x80008a65 x23:0x0000000c PA:0x80008a68
        3745000	       373	800005a0	46ad0693	addi	x13,x26,1130	 x26:0x00000000 x13=0x0000046a
        3755000	       374	800005a4	ff238203	lb	x4,-14(x7)	  x7:0x80008a65  x4=0xffffff98 PA:0x80008a57
        3765000	       375	800005a8	00008517	auipc	x10,0x8	 x10=0x800085a4
        3775000	       376	800005ac	b5d50513	addi	x10,x10,-1187	 x10:0x800085a4 x10=0x80008101
        3785000	       377	800005b0	09a50723	sb	x26,142(x10)	 x10:0x80008101 x26:0x00000000 PA:0x8000818f
        3795000	       378	800005b4	e031d697	auipc	x13,0xe031d	 x13=0x6031d5b0
        3805000	       379	800005b8	58050223	sb	x0,1412(x10)	 x10:0x80008101  x0:0x00000000 PA:0x80008685
        3815000	       380	800005bc	dcecc913	xori	x18,x25,-562	 x25:0x000001ff x18=0xfffffc31
        3825000	       381	800005c0	fbf54d83	lbu	x27,-65(x10)	 x10:0x80008101 x27=0x000000f5 PA:0x800080c0
        3835000	       382	800005c4	5b454103	lbu	x2,1460(x10)	 x10:0x80008101  x2=0x0000002b PA:0x800086b5
        3845000	       383	800005c8	6866e993	ori	x19,x13,1670	 x13:0x6031d5b0 x19=0x6031d7b6
        3855000	       384	800005cc	4fc2f193	andi	x3,x5,1276	  x5:0x00000098  x3=0x00000098
        3865000	       385	800005d0	01d51183	lh	x3,29(x10)	 x10:0x80008101  x3=0xffff9e01 PA:0x8000811e
        3875000	       386	800005d4	2b554903	lbu	x18,693(x10)	 x10:0x80008101 x18=0x000000e3 PA:0x800083b6
        3885000	       387	800005d8	35d54903	lbu	x18,861(x10)	 x10:0x80008101 x18=0x00000054 PA:0x8000845e
        3895000	       388	800005dc	1ce51ea3	sh	x14,477(x10)	 x10:0x80008101 x14:0xd9735000 PA:0x800082de
        3905000	       389	800005e0	20355c03	lhu	x24,515(x10)	 x10:0x80008101 x24=0x0000464b PA:0x80008304
        3915000	       390	800005e4	43c50d83	lb	x27,1084(x10)	 x10:0x80008101 x27=0x00000006 PA:0x8000853d
        3925000	       391	800005e8	412052b3	sra	x5,x0,x18	  x0:0x00000000 x18:0x00000054  x5=0x00000000
        3935000	       392	800005ec	04950fa3	sb	x9,95(x10)	 x10:0x80008101  x9:0x0000000c PA:0x80008160
        3945000	       393	800005f0	40efd613	srai	x12,x31,0xe	 x31:0x00008bfe x12=0x00000002
        3955000	       394	800005f4	10054403	lbu	x8,256(x10)	 x10:0x80008101  x8=0x0000002b PA:0x80008201
        3965000	       395	00000000	00000013	addi	x0,x0,0	  x0:0x00000000
        3975000	       396	800005f8	01a45c13	srli	x24,x8,0x1a	  x8:0x0000002b x24=0x00000000
        3985000	       397	800005fc	a122ab93	slti	x23,x5,-1518	  x5:0x00000000 x23=0x00000000
        3995000	       398	80000600	000733b3	sltu	x7,x14,x0	 x14:0xd9735000  x0:0x00000000  x7=0x00000000
        4005000	       399	80000604	01719eb3	sll	x29,x3,x23	  x3:0xffff9e01 x23:0x00000000 x29=0xffff9e01
        4015000	       400	80000608	6e842b17	auipc	x22,0x6e842	 x22=0xee842604
        4025000	       401	8000060c	1f850303	lb	x6,504(x10)	 x10:0x80008101  x6=0xfffffff8 PA:0x800082f9
        4035000	       402	80000610	0058bd33	sltu	x26,x17,x5	 x17:0x0200027f  x5:0x00000000 x26=0x00000000
        4045000	       403	80000614	40295133	sra	x2,x18,x2	 x18:0x00000054  x2:0x0000002b  x2=0x00000000
        4055000	       404	80000618	56550f23	sb	x5,1406(x10)	 x10:0x80008101  x5:0x00000000 PA:0x8000867f
        4065000	       405	8000061c	05e3c663	blt	x7,x30,80000668	  x7:0x00000000 x30:0x00000000
        4075000	       406	80000620	c1e2f413	andi	x8,x5,-994	  x5:0x00000000  x8=0x00000000
        4085000	       407	80000624	2a7cff13	andi	x30,x25,679	 x25:0x000001ff x30=0x000000a7
        4095000	       408	80000628	50bbe093	ori	x1,x23,1291	 x23:0x00000000  x1=0x0000050b
        4105000	       409	8000062c	01139b33	sll	x22,x7,x17	  x7:0x00000000 x17:0x0200027f x22=0x00000000
        4115000	       410	80000630	401b5e33	sra	x28,x22,x1	 x22:0x00000000  x1:0x0000050b x28=0x00000000
        4125000	       411	80000634	00ae2833	slt	x16,x28,x10	 x28:0x00000000 x10:0x80008101 x16=0x00000000
        4135000	       412	80000638	41b50cb3	sub	x25,x10,x27	 x10:0x80008101 x27:0x00000006 x25=0x800080fb
        4145000	       413	8000063c	001c5d33	srl	x26,x24,x1	 x24:0x00000000  x1:0x0000050b x26=0x00000000
        4155000	       414	80000640	4b8ef013	andi	x0,x29,1208	 x29:0xffff9e01
        4165000	       415	80000644	010642b3	xor	x5,x12,x16	 x12:0x00000002 x16:0x00000000  x5=0x00000002
        4175000	       416	80000648	40355b33	sra	x22,x10,x3	 x10:0x80008101  x3:0xffff9e01 x22=0xc0004080
        4185000	       417	8000064c	41dd5893	srai	x17,x26,0x1d	 x26:0x00000000 x17=0x00000000
        4195000	       418	80000650	03ad4663	blt	x26,x26,8000067c	 x26:0x00000000 x26:0x00000000
        4205000	       419	80000654	d66e4f13	xori	x30,x28,-666	 x28:0x00000000 x30=0xfffffd66
        4215000	       420	80000658	01194933	xor	x18,x18,x17	 x18:0x00000054 x17:0x00000000 x18=0x00000054
        4225000	       421	8000065c	00229b33	sll	x22,x5,x2	  x5:0x00000002  x2:0x00000000 x22=0x00000002
        4235000	       422	80000660	00f171b3	and	x3,x2,x15	  x2:0x00000000 x15:0x80009f84  x3=0x00000000
        4245000	       423	80000664	01f71233	sll	x4,x14,x31	 x14:0xd9735000 x31:0x00008bfe  x4=0x00000000
        4255000	       424	80000668	41f38eb3	sub	x29,x7,x31	  x7:0x00000000 x31:0x00008bfe x29=0xffff7402
        4265000	       425	8000066c	004a63b3	or	x7,x20,x4	 x20:0x00000017  x4:0x00000000  x7=0x00000017
        4275000	       426	80000670	49851bb7	lui	x23,0x49851	 x23=0x49851000
        4285000	       427	80000674	006b5233	srl	x4,x22,x6	 x22:0x00000002  x6:0xfffffff8  x4=0x00000000
        4295000	       428	80000678	00000013	addi	x0,x0,0	  x0:0x00000000
        4305000	       429	8000067c	00000013	addi	x0,x0,0	  x0:0x00000000
        4315000	       430	80000680	8276fa93	andi	x21,x13,-2009	 x13:0x6031d5b0 x21=0x6031d020
        4325000	       431	80000684	7f68d717	auipc	x14,0x7f68d	 x14=0xff68d680
        4335000	       432	80000688	c218e993	ori	x19,x17,-991	 x17:0x00000000 x19=0xfffffc21
        4345000	       433	8000068c	03205a63	bge	x0,x18,800006c0	  x0:0x00000000 x18:0x00000054
        4355000	       434	80000690	01e90a33	add	x20,x18,x30	 x18:0x00000054 x30:0xfffffd66 x20=0xfffffdba
        4365000	       435	80000694	00f49933	sll	x18,x9,x15	  x9:0x0000000c x15:0x80009f84 x18=0x000000c0
        4375000	       436	80000698	01ffdd93	srli	x27,x31,0x1f	 x31:0x00008bfe x27=0x00000000
        4385000	       437	8000069c	02b0f263	bgeu	x1,x11,800006c0	  x1:0x0000050b x11:0x80009fc4
        4395000	       438	800006a0	0589e663	bltu	x19,x24,800006ec	 x19:0xfffffc21 x24:0x00000000
        4405000	       439	800006a4	00000013	addi	x0,x0,0	  x0:0x00000000
        4415000	       440	800006a8	01055133	srl	x2,x10,x16	 x10:0x80008101 x16:0x00000000  x2=0x80008101
        4425000	       441	800006ac	00965f33	srl	x30,x12,x9	 x12:0x00000002  x9:0x0000000c x30=0x00000000
        4435000	       442	800006b0	e8f80213	addi	x4,x16,-369	 x16:0x00000000  x4=0xfffffe8f
        4445000	       443	800006b4	41535093	srai	x1,x6,0x15	  x6:0xfffffff8  x1=0xffffffff
        4455000	       444	800006b8	8da96c13	ori	x24,x18,-1830	 x18:0x000000c0 x24=0xfffff8da
        4465000	       445	800006bc	00b78663	beq	x15,x11,800006c8	 x15:0x80009f84 x11:0x80009fc4
        4475000	       446	800006c0	40a28a33	sub	x20,x5,x10	  x5:0x00000002 x10:0x80008101 x20=0x7fff7f01
        4485000	       447	800006c4	0066cb33	xor	x22,x13,x6	 x13:0x6031d5b0  x6:0xfffffff8 x22=0x9fce2a48
        4495000	       448	800006c8	4008d933	sra	x18,x17,x0	 x17:0x00000000  x0:0x00000000 x18=0x00000000
        4505000	       449	800006cc	012a6633	or	x12,x20,x18	 x20:0x7fff7f01 x18:0x00000000 x12=0x7fff7f01
        4515000	       450	800006d0	d53b5fb7	lui	x31,0xd53b5	 x31=0xd53b5000
        4525000	       451	800006d4	40f300b3	sub	x1,x6,x15	  x6:0xfffffff8 x15:0x80009f84  x1=0x7fff6074
        4535000	       452	800006d8	d647e093	ori	x1,x15,-668	 x15:0x80009f84  x1=0xffffffe4
        4545000	       453	800006dc	00ae98b3	sll	x17,x29,x10	 x29:0xffff7402 x10:0x80008101 x17=0xfffee804
        4555000	       454	800006e0	00000013	addi	x0,x0,0	  x0:0x00000000
        4565000	       455	800006e4	00000013	addi	x0,x0,0	  x0:0x00000000
        4575000	       456	800006e8	d4acfb13	andi	x22,x25,-694	 x25:0x800080fb x22=0x8000804a
        4585000	       457	800006ec	ec608993	addi	x19,x1,-314	  x1:0xffffffe4 x19=0xfffffeaa
        4595000	       458	800006f0	00b9e433	or	x8,x19,x11	 x19:0xfffffeaa x11:0x80009fc4  x8=0xffffffee
        4605000	       459	800006f4	a2282f13	slti	x30,x16,-1502	 x16:0x00000000 x30=0x00000000
        4615000	       460	800006f8	00769e13	slli	x28,x13,0x7	 x13:0x6031d5b0 x28=0x18ead800
        4625000	       461	800006fc	8d18fd93	andi	x27,x17,-1839	 x17:0xfffee804 x27=0xfffee800
        4635000	       462	80000700	0245f263	bgeu	x11,x4,80000724	 x11:0x80009fc4  x4:0xfffffe8f
        4645000	       463	80000704	00289613	slli	x12,x17,0x2	 x17:0xfffee804 x12=0xfffba010
        4655000	       464	80000708	e593b413	sltiu	x8,x7,-423	  x7:0x00000017  x8=0x00000001
        4665000	       465	8000070c	412e5193	srai	x3,x28,0x12	 x28:0x18ead800  x3=0x0000063a
        4675000	       466	80000710	00b7acb3	slt	x25,x15,x11	 x15:0x80009f84 x11:0x80009fc4 x25=0x00000001
        4685000	       467	80000714	03e89a63	bne	x17,x30,80000748	 x17:0xfffee804 x30:0x00000000
        4695000	       468	00000000	00000013	addi	x0,x0,0	  x0:0x00000000
        4705000	       469	80000744	00000013	addi	x0,x0,0	  x0:0x00000000
        4715000	       470	80000748	05756263	bltu	x10,x23,8000078c	 x10:0x80008101 x23:0x49851000
        4725000	       471	8000074c	658c0a13	addi	x20,x24,1624	 x24:0xfffff8da x20=0xffffff32
        4735000	       472	80000750	a0d3c293	xori	x5,x7,-1523	  x7:0x00000017  x5=0xfffffa1a
        4745000	       473	80000754	bcfd6e13	ori	x28,x26,-1073	 x26:0x00000000 x28=0xfffffbcf
        4755000	       474	80000758	01e45c63	bge	x8,x30,80000770	  x8:0x00000001 x30:0x00000000
        4765000	       475	00000000	00000013	addi	x0,x0,0	  x0:0x00000000
        4775000	       476	8000076c	00000013	addi	x0,x0,0	  x0:0x00000000
        4785000	       477	80000770	00f999b3	sll	x19,x19,x15	 x19:0xfffffeaa x15:0x80009f84 x19=0xffffeaa0
        4795000	       478	80000774	0aaaea93	ori	x21,x21,170	 x21:0x6031d020 x21=0x6031d0aa
        4805000	       479	80000778	e3e9ea97	auipc	x21,0xe3e9e	 x21=0x63e9e774
        4815000	       480	8000077c	01f51433	sll	x8,x10,x31	 x10:0x80008101 x31:0xd53b5000  x8=0x80008101
        4825000	       481	80000780	0151dd93	srli	x27,x3,0x15	  x3:0x0000063a x27=0x00000000
        4835000	       482	80000784	04d97263	bgeu	x18,x13,800007c8	 x18:0x00000000 x13:0x6031d5b0
        4845000	       483	80000788	012046b3	xor	x13,x0,x18	  x0:0x00000000 x18:0x00000000 x13=0x00000000
        4855000	       484	8000078c	058c9863	bne	x25,x24,800007dc	 x25:0x00000001 x24:0xfffff8da
        4865000	       485	00000000	00000013	addi	x0,x0,0	  x0:0x00000000
        4875000	       486	800007d8	00000013	addi	x0,x0,0	  x0:0x00000000
        4885000	       487	800007dc	01961833	sll	x16,x12,x25	 x12:0xfffba010 x25:0x00000001 x16=0xfff74020
        4895000	       488	800007e0	3f49b093	sltiu	x1,x19,1012	 x19:0xffffeaa0  x1=0x00000000
        4905000	       489	800007e4	b90fea93	ori	x21,x31,-1136	 x31:0xd53b5000 x21=0xfffffb90
        4915000	       490	800007e8	4155d193	srai	x3,x11,0x15	 x11:0x80009fc4  x3=0xfffffc00
        4925000	       491	800007ec	007a0263	beq	x20,x7,800007f0	 x20:0xffffff32  x7:0x00000017
        4935000	       492	800007f0	e7540693	addi	x13,x8,-395	  x8:0x80008101 x13=0x80007f76
        4945000	       493	800007f4	02c9f663	bgeu	x19,x12,80000820	 x19:0xffffeaa0 x12:0xfffba010
        4955000	       494	00000000	00000013	addi	x0,x0,0	  x0:0x00000000
        4965000	       495	8000081c	00000013	addi	x0,x0,0	  x0:0x00000000
        4975000	       496	80000820	0a816993	ori	x19,x2,168	  x2:0x80008101 x19=0x800081a9
        4985000	       497	80000824	be13be93	sltiu	x29,x7,-1055	  x7:0x00000017 x29=0x00000001
        4995000	       498	80000828	00871c33	sll	x24,x14,x8	 x14:0xff68d680  x8:0x80008101 x24=0xfed1ad00
        5005000	       499	8000082c	0e09f293	andi	x5,x19,224	 x19:0x800081a9  x5=0x000000a0
        5015000	       500	80000830	60748993	addi	x19,x9,1543	  x9:0x0000000c x19=0x00000613
        5025000	       501	80000834	49c10e13	addi	x28,x2,1180	  x2:0x80008101 x28=0x8000859d
        5035000	       502	80000838	b5c90f37	lui	x30,0xb5c90	 x30=0xb5c90000
        5045000	       503	8000083c	03004663	blt	x0,x16,80000868	  x0:0x00000000 x16:0xfff74020
        5055000	       504	80000840	03d0fc63	bgeu	x1,x29,80000878	  x1:0x00000000 x29:0x00000001
        5065000	       505	80000844	00000013	addi	x0,x0,0	  x0:0x00000000
        5075000	       506	80000848	22087a13	andi	x20,x16,544	 x16:0xfff74020 x20=0x00000020
        5085000	       507	8000084c	01925393	srli	x7,x4,0x19	  x4:0xfffffe8f  x7=0x0000007f
        5095000	       508	80000850	01e60e33	add	x28,x12,x30	 x12:0xfffba010 x30:0xb5c90000 x28=0xb5c4a010
        5105000	       509	80000854	410b5c33	sra	x24,x22,x16	 x22:0x8000804a x16:0xfff74020 x24=0x8000804a
        5115000	       510	80000858	03ea4863	blt	x20,x30,80000888	 x20:0x00000020 x30:0xb5c90000
        5125000	       511	8000085c	01f01313	slli	x6,x0,0x1f	  x0:0x00000000  x6=0x00000000
        5135000	       512	80000860	2114a713	slti	x14,x9,529	  x9:0x0000000c x14=0x00000001
        5145000	       513	80000864	0077ebb3	or	x23,x15,x7	 x15:0x80009f84  x7:0x0000007f x23=0x80009fff
        5155000	       514	80000868	01a19f13	slli	x30,x3,0x1a	  x3:0xfffffc00 x30=0x00000000
        5165000	       515	8000086c	00e45f13	srli	x30,x8,0xe	  x8:0x80008101 x30=0x00020002
        5175000	       516	80000870	009141b3	xor	x3,x2,x9	  x2:0x80008101  x9:0x0000000c  x3=0x8000810d
        5185000	       517	80000874	6b73e293	ori	x5,x7,1719	  x7:0x0000007f  x5=0x000006ff
        5195000	       518	80000878	abc82237	lui	x4,0xabc82	  x4=0xabc82000
        5205000	       519	8000087c	9c6f4b93	xori	x23,x30,-1594	 x30:0x00020002 x23=0xfffdf9c4
        5215000	       520	80000880	f96e58b7	lui	x17,0xf96e5	 x17=0xf96e5000
        5225000	       521	80000884	a27dfe93	andi	x29,x27,-1497	 x27:0x00000000 x29=0x00000000
        5235000	       522	80000888	00910233	add	x4,x2,x9	  x2:0x80008101  x9:0x0000000c  x4=0x8000810d
        5245000	       523	8000088c	00000013	addi	x0,x0,0	  x0:0x00000000
        5255000	       524	80000890	01594e63	blt	x18,x21,800008ac	 x18:0x00000000 x21:0xfffffb90
        5265000	       525	80000894	0005d713	srli	x14,x11,0x0	 x11:0x80009fc4 x14=0x80009fc4
        5275000	       526	80000898	019ad913	srli	x18,x21,0x19	 x21:0xfffffb90 x18=0x0000007f
        5285000	       527	8000089c	18f66713	ori	x14,x12,399	 x12:0xfffba010 x14=0xfffba19f
        5295000	       528	800008a0	d3ef1537	lui	x10,0xd3ef1	 x10=0xd3ef1000
        5305000	       529	800008a4	411e8db3	sub	x27,x29,x17	 x29:0x00000000 x17:0xf96e5000 x27=0x0691b000
        5315000	       530	800008a8	01ed02b3	add	x5,x26,x30	 x26:0x00000000 x30:0x00020002  x5=0x00020002
        5325000	       531	800008ac	024e4663	blt	x28,x4,800008d8	 x28:0xb5c4a010  x4:0x8000810d
        5335000	       532	800008b0	87b2fa13	andi	x20,x5,-1925	  x5:0x00020002 x20=0x00020002
        5345000	       533	800008b4	0168ebb3	or	x23,x17,x22	 x17:0xf96e5000 x22:0x8000804a x23=0xf96ed04a
        5355000	       534	800008b8	01f71d93	slli	x27,x14,0x1f	 x14:0xfffba19f x27=0x80000000
        5365000	       535	800008bc	002c2233	slt	x4,x24,x2	 x24:0x8000804a  x2:0x80008101  x4=0x00000001
        5375000	       536	800008c0	40775eb3	sra	x29,x14,x7	 x14:0xfffba19f  x7:0x0000007f x29=0xffffffff
        5385000	       537	800008c4	e3267b93	andi	x23,x12,-462	 x12:0xfffba010 x23=0xfffba010
        5395000	       538	800008c8	d6b47b93	andi	x23,x8,-661	  x8:0x80008101 x23=0x80008101
        5405000	       539	800008cc	0c0d2213	slti	x4,x26,192	 x26:0x00000000  x4=0x00000001
        5415000	       540	800008d0	05cd6863	bltu	x26,x28,80000920	 x26:0x00000000 x28:0xb5c4a010
        5425000	       541	00000000	00000013	addi	x0,x0,0	  x0:0x00000000
        5435000	       542	8000091c	00000013	addi	x0,x0,0	  x0:0x00000000
        5445000	       543	80000920	004cea33	or	x20,x25,x4	 x25:0x00000001  x4:0x00000001 x20=0x00000001
        5455000	       544	80000924	00f64313	xori	x6,x12,15	 x12:0xfffba010  x6=0xfffba01f
        5465000	       545	80000928	073d7463	bgeu	x26,x19,80000990	 x26:0x00000000 x19:0x00000613
        5475000	       546	8000092c	015bec33	or	x24,x23,x21	 x23:0x80008101 x21:0xfffffb90 x24=0xfffffb91
        5485000	       547	80000930	eca44f93	xori	x31,x8,-310	  x8:0x80008101 x31=0x7fff7fcb
        5495000	       548	80000934	c7ffe993	ori	x19,x31,-897	 x31:0x7fff7fcb x19=0xffffffff
        5505000	       549	80000938	bce24f93	xori	x31,x4,-1074	  x4:0x00000001 x31=0xfffffbcf
        5515000	       550	8000093c	010312b3	sll	x5,x6,x16	  x6:0xfffba01f x16:0xfff74020  x5=0xfffba01f
        5525000	       551	80000940	7e28f113	andi	x2,x17,2018	 x17:0xf96e5000  x2=0x00000000
        5535000	       552	80000944	03107f13	andi	x30,x0,49	  x0:0x00000000 x30=0x00000000
        5545000	       553	80000948	00005b17	auipc	x22,0x5	 x22=0x80005944
        5555000	       554	8000094c	6dcb0b13	addi	x22,x22,1756	 x22:0x80005944 x22=0x80006020
        5565000	       555	80000950	267b0b13	addi	x22,x22,615	 x22:0x80006020 x22=0x80006287
        5575000	       556	80000954	002a5113	srli	x2,x20,0x2	 x20:0x00000001  x2=0x00000000
        5585000	       557	80000958	004adeb3	srl	x29,x21,x4	 x21:0xfffffb90  x4:0x00000001 x29=0x7ffffdc8
        5595000	       558	8000095c	00c76463	bltu	x14,x12,80000964	 x14:0xfffba19f x12:0xfffba010
        5605000	       559	80000960	41888433	sub	x8,x17,x24	 x17:0xf96e5000 x24:0xfffffb91  x8=0xf96e546f
        5615000	       560	80000964	d99b0a67	jalr	x20,x22,-615	 x22:0x80006287 x20=0x80000964
        5625000	       561	00000000	00000013	addi	x0,x0,0	  x0:0x00000000
        5635000	       562	80006020	00000013	addi	x0,x0,0	  x0:0x00000000
        5645000	       563	80006024	01df62b3	or	x5,x30,x29	 x30:0x00000000 x29:0x7ffffdc8  x5=0x7ffffdc8
        5655000	       564	80006028	00df9263	bne	x31,x13,8000602c	 x31:0xfffffbcf x13:0x80007f76
        5665000	       565	00000000	00000013	addi	x0,x0,0	  x0:0x00000000
        5675000	       566	80006028	00000013	addi	x0,x0,0	  x0:0x00000000
        5685000	       567	8000602c	fd078793	addi	x15,x15,-48	 x15:0x80009f84 x15=0x80009f54
        5695000	       568	80006030	0147a223	sw	x20,4(x15)	 x15:0x80009f54 x20:0x80000964 PA:0x80009f58
        5705000	       569	80006034	0144c3b3	xor	x7,x9,x20	  x9:0x0000000c x20:0x80000964  x7=0x80000968
        5715000	       570	80006038	7aceffb7	lui	x31,0x7acef	 x31=0x7acef000
        5725000	       571	8000603c	ea7ffb13	andi	x22,x31,-345	 x31:0x7acef000 x22=0x7acef000
        5735000	       572	80006040	00001e17	auipc	x28,0x1	 x28=0x8000703c
        5745000	       573	80006044	88ce0e13	addi	x28,x28,-1908	 x28:0x8000703c x28=0x800068c8
        5755000	       574	80006048	00841c13	slli	x24,x8,0x8	  x8:0xf96e546f x24=0x6e546f00
        5765000	       575	8000604c	19fe0e13	addi	x28,x28,415	 x28:0x800068c8 x28=0x80006a67
        5775000	       576	80006050	440d0817	auipc	x16,0x440d0	 x16=0xc40d604c
        5785000	       577	80006054	0b83fb13	andi	x22,x7,184	  x7:0x80000968 x22=0x00000028
        5795000	       578	80006058	7a6072b7	lui	x5,0x7a607	  x5=0x7a607000
        5805000	       579	8000605c	00f89a13	slli	x20,x17,0xf	 x17:0xf96e5000 x20=0x28000000
        5815000	       580	80006060	00ba6a63	bltu	x20,x11,80006074	 x20:0x28000000 x11:0x80009fc4
        5825000	       581	00000000	00000013	addi	x0,x0,0	  x0:0x00000000
        5835000	       582	80006070	00000013	addi	x0,x0,0	  x0:0x00000000
        5845000	       583	80006074	e61e0a67	jalr	x20,x28,-415	 x28:0x80006a67 x20=0x80006074
        5855000	       584	00000000	00000013	addi	x0,x0,0	  x0:0x00000000
        5865000	       585	800068c8	00000013	addi	x0,x0,0	  x0:0x00000000
        5875000	       586	800068cc	d98abf93	sltiu	x31,x21,-616	 x21:0xfffffb90 x31=0x00000001
        5885000	       587	800068d0	3f524b13	xori	x22,x4,1013	  x4:0x00000001 x22=0x000003f4
        5895000	       588	800068d4	ce0046b7	lui	x13,0xce004	 x13=0xce004000
        5905000	       589	800068d8	fd878793	addi	x15,x15,-40	 x15:0x80009f54 x15=0x80009f2c
        5915000	       590	800068dc	0147a223	sw	x20,4(x15)	 x15:0x80009f2c x20:0x80006074 PA:0x80009f30
        5925000	       591	800068e0	0074f433	and	x8,x9,x7	  x9:0x0000000c  x7:0x80000968  x8=0x00000008
        5935000	       592	800068e4	19660c93	addi	x25,x12,406	 x12:0xfffba010 x25=0xfffba1a6
        5945000	       593	800068e8	01a61d93	slli	x27,x12,0x1a	 x12:0xfffba010 x27=0x40000000
        5955000	       594	800068ec	41458c33	sub	x24,x11,x20	 x11:0x80009fc4 x20:0x80006074 x24=0x00003f50
        5965000	       595	800068f0	00336933	or	x18,x6,x3	  x6:0xfffba01f  x3:0x8000810d x18=0xfffba11f
        5975000	       596	800068f4	008b4a63	blt	x22,x8,80006908	 x22:0x000003f4  x8:0x00000008
        5985000	       597	800068f8	3888a693	slti	x13,x17,904	 x17:0xf96e5000 x13=0x00000001
        5995000	       598	800068fc	5ffd2d13	slti	x26,x26,1535	 x26:0x00000000 x26=0x00000001
        6005000	       599	80006900	00000013	addi	x0,x0,0	  x0:0x00000000
        6015000	       600	80006904	004bd863	bge	x23,x4,80006914	 x23:0x80008101  x4:0x00000001
        6025000	       601	80006908	d21f0193	addi	x3,x30,-735	 x30:0x00000000  x3=0xfffffd21
        6035000	       602	8000690c	01ee9d13	slli	x26,x29,0x1e	 x29:0x7ffffdc8 x26=0x00000000
        6045000	       603	80006910	41ded213	srai	x4,x29,0x1d	 x29:0x7ffffdc8  x4=0x00000003
        6055000	       604	80006914	05bee863	bltu	x29,x27,80006964	 x29:0x7ffffdc8 x27:0x40000000
        6065000	       605	80006918	d096d917	auipc	x18,0xd096d	 x18=0x50973914
        6075000	       606	8000691c	00174233	xor	x4,x14,x1	 x14:0xfffba19f  x1:0x00000000  x4=0xfffba19f
        6085000	       607	80006920	0f1e0713	addi	x14,x28,241	 x28:0x80006a67 x14=0x80006b58
        6095000	       608	80006924	00c81533	sll	x10,x16,x12	 x16:0xc40d604c x12:0xfffba010 x10=0x604c0000
        6105000	       609	80006928	044e9463	bne	x29,x4,80006970	 x29:0x7ffffdc8  x4:0xfffba19f
        6115000	       610	00000000	00000013	addi	x0,x0,0	  x0:0x00000000
        6125000	       611	8000696c	00000013	addi	x0,x0,0	  x0:0x00000000
        6135000	       612	80006970	004619b3	sll	x19,x12,x4	 x12:0xfffba010  x4:0xfffba19f x19=0x00000000
        6145000	       613	80006974	3ff86c93	ori	x25,x16,1023	 x16:0xc40d604c x25=0xc40d63ff
        6155000	       614	80006978	00bf9e93	slli	x29,x31,0xb	 x31:0x00000001 x29=0x00000800
        6165000	       615	8000697c	003f1c33	sll	x24,x30,x3	 x30:0x00000000  x3:0xfffffd21 x24=0x00000000
        6175000	       616	80006980	00fe7833	and	x16,x28,x15	 x28:0x80006a67 x15:0x80009f2c x16=0x80000a24
        6185000	       617	80006984	65e1c013	xori	x0,x3,1630	  x3:0xfffffd21
        6195000	       618	80006988	40d451b3	sra	x3,x8,x13	  x8:0x00000008 x13:0x00000001  x3=0x00000004
        6205000	       619	8000698c	d7903f37	lui	x30,0xd7903	 x30=0xd7903000
        6215000	       620	80006990	ba0dd3b7	lui	x7,0xba0dd	  x7=0xba0dd000
        6225000	       621	80006994	0047aa03	lw	x20,4(x15)	 x15:0x80009f2c x20=0x80006074 PA:0x80009f30
        6235000	       622	80006998	00000013	addi	x0,x0,0	  x0:0x00000000
        6245000	       623	8000699c	003671b3	and	x3,x12,x3	 x12:0xfffba010  x3:0x00000004  x3=0x00000000
        6255000	       624	800069a0	00364433	xor	x8,x12,x3	 x12:0xfffba010  x3:0x00000000  x8=0xfffba010
        6265000	       625	800069a4	28122b93	slti	x23,x4,641	  x4:0xfffba19f x23=0x00000001
        6275000	       626	800069a8	02878793	addi	x15,x15,40	 x15:0x80009f2c x15=0x80009f54
        6285000	       627	800069ac	40ae0133	sub	x2,x28,x10	 x28:0x80006a67 x10:0x604c0000  x2=0x1fb46a67
        6295000	       628	800069b0	406406b3	sub	x13,x8,x6	  x8:0xfffba010  x6:0xfffba01f x13=0xfffffff1
        6305000	       629	800069b4	00e25233	srl	x4,x4,x14	  x4:0xfffba19f x14:0x80006b58  x4=0x000000ff
        6315000	       630	800069b8	001a0393	addi	x7,x20,1	 x20:0x80006074  x7=0x80006075
        6325000	       631	800069bc	000383e7	jalr	x7,x7,0	  x7:0x80006075  x7=0x800069bc
        6335000	       632	00000000	00000013	addi	x0,x0,0	  x0:0x00000000
        6345000	       633	80006074	00000013	addi	x0,x0,0	  x0:0x00000000
        6355000	       634	80006078	c4a08e93	addi	x29,x1,-950	  x1:0x00000000 x29=0xfffffc4a
        6365000	       635	8000607c	ffffd217	auipc	x4,0xffffd	  x4=0x80003078
        6375000	       636	80006080	1c420213	addi	x4,x4,452	  x4:0x80003078  x4=0x8000323c
        6385000	       637	80006084	29a20213	addi	x4,x4,666	  x4:0x8000323c  x4=0x800034d6
        6395000	       638	80006088	00df53b3	srl	x7,x30,x13	 x30:0xd7903000 x13:0xfffffff1  x7=0x00006bc8
        6405000	       639	8000608c	00dd4863	blt	x26,x13,8000609c	 x26:0x00000000 x13:0xfffffff1
        6415000	       640	80006090	00773cb3	sltu	x25,x14,x7	 x14:0x80006b58  x7:0x00006bc8 x25=0x00000000
        6425000	       641	80006094	0a7c2a13	slti	x20,x24,167	 x24:0x00000000 x20=0x00000001
        6435000	       642	80006098	00000013	addi	x0,x0,0	  x0:0x00000000
        6445000	       643	8000609c	d6620a67	jalr	x20,x4,-666	  x4:0x800034d6 x20=0x8000609c
        6455000	       644	00000000	00000013	addi	x0,x0,0	  x0:0x00000000
        6465000	       645	8000323c	00000013	addi	x0,x0,0	  x0:0x00000000
        6475000	       646	80003240	ff878793	addi	x15,x15,-8	 x15:0x80009f54 x15=0x80009f4c
        6485000	       647	80003244	0147a223	sw	x20,4(x15)	 x15:0x80009f4c x20:0x8000609c PA:0x80009f50
        6495000	       648	80003248	0066c6b3	xor	x13,x13,x6	 x13:0xfffffff1  x6:0xfffba01f x13=0x00045fee
        6505000	       649	8000324c	2d38e013	ori	x0,x17,723	 x17:0xf96e5000
        6515000	       650	80003250	00000013	addi	x0,x0,0	  x0:0x00000000
        6525000	       651	80003254	308a8b37	lui	x22,0x308a8	 x22=0x308a8000
        6535000	       652	80003258	00006f17	auipc	x30,0x6	 x30=0x80009254
        6545000	       653	8000325c	8e4f0f13	addi	x30,x30,-1820	 x30:0x80009254 x30=0x80008b38
        6555000	       654	80003260	ffcf2283	lw	x5,-4(x30)	 x30:0x80008b38  x5=0xb2dc774b PA:0x80008b34
        6565000	       655	80003264	fe7f0aa3	sb	x7,-11(x30)	 x30:0x80008b38  x7:0x00006bc8 PA:0x80008b2d
        6575000	       656	80003268	ff5f0803	lb	x16,-11(x30)	 x30:0x80008b38 x16=0xffffffc8 PA:0x80008b2d
        6585000	       657	8000326c	201fbd97	auipc	x27,0x201fb	 x27=0xa01fe268
        6595000	       658	80003270	b2da0f93	addi	x31,x20,-1235	 x20:0x8000609c x31=0x80005bc9
        6605000	       659	80003274	32af7537	lui	x10,0x32af7	 x10=0x32af7000
        6615000	       660	80003278	ff4f0aa3	sb	x20,-11(x30)	 x30:0x80008b38 x20:0x8000609c PA:0x80008b2d
        6625000	       661	8000327c	006f6233	or	x4,x30,x6	 x30:0x80008b38  x6:0xfffba01f  x4=0xfffbab3f
        6635000	       662	80003280	015e1313	slli	x6,x28,0x15	 x28:0x80006a67  x6=0x4ce00000
        6645000	       663	80003284	00df0c03	lb	x24,13(x30)	 x30:0x80008b38 x24=0x0000001e PA:0x80008b45
        6655000	       664	80003288	01af1423	sh	x26,8(x30)	 x30:0x80008b38 x26:0x00000000 PA:0x80008b40
        6665000	       665	8000328c	8cb8d3b7	lui	x7,0x8cb8d	  x7=0x8cb8d000
        6675000	       666	80003290	ffef4703	lbu	x14,-2(x30)	 x30:0x80008b38 x14=0x000000dc PA:0x80008b36
        6685000	       667	80003294	00ff4c03	lbu	x24,15(x30)	 x30:0x80008b38 x24=0x00000074 PA:0x80008b47
        6695000	       668	80003298	529eb293	sltiu	x5,x29,1321	 x29:0xfffffc4a  x5=0x00000000
        6705000	       669	8000329c	8608fe37	lui	x28,0x8608f	 x28=0x8608f000
        6715000	       670	800032a0	00ef0723	sb	x14,14(x30)	 x30:0x80008b38 x14:0x000000dc PA:0x80008b46
        6725000	       671	800032a4	40258fb3	sub	x31,x11,x2	 x11:0x80009fc4  x2:0x1fb46a67 x31=0x604c355d
        6735000	       672	800032a8	7b093237	lui	x4,0x7b093	  x4=0x7b093000
        6745000	       673	800032ac	010f4d83	lbu	x27,16(x30)	 x30:0x80008b38 x27=0x00000074 PA:0x80008b48
        6755000	       674	800032b0	010acbb3	xor	x23,x21,x16	 x21:0xfffffb90 x16:0xffffffc8 x23=0x00000458
        6765000	       675	800032b4	010f0123	sb	x16,2(x30)	 x30:0x80008b38 x16:0xffffffc8 PA:0x80008b3a
        6775000	       676	800032b8	00a25a33	srl	x20,x4,x10	  x4:0x7b093000 x10:0x32af7000 x20=0x7b093000
        6785000	       677	800032bc	00000013	addi	x0,x0,0	  x0:0x00000000
        6795000	       678	800032c0	ff4f0d83	lb	x27,-12(x30)	 x30:0x80008b38 x27=0x00000023 PA:0x80008b2c
        6805000	       679	800032c4	004f5083	lhu	x1,4(x30)	 x30:0x80008b38  x1=0x0000ef9b PA:0x80008b3c
        6815000	       680	800032c8	ffef4403	lbu	x8,-2(x30)	 x30:0x80008b38  x8=0x000000dc PA:0x80008b36
        6825000	       681	800032cc	ff3f0823	sb	x19,-16(x30)	 x30:0x80008b38 x19:0x00000000 PA:0x80008b28
        6835000	       682	800032d0	0074c3b3	xor	x7,x9,x7	  x9:0x0000000c  x7:0x8cb8d000  x7=0x8cb8d00c
        6845000	       683	800032d4	4141d513	srai	x10,x3,0x14	  x3:0x00000000 x10=0x00000000
        6855000	       684	800032d8	40a7d513	srai	x10,x15,0xa	 x15:0x80009f4c x10=0xffe00027
        6865000	       685	800032dc	48314913	xori	x18,x2,1155	  x2:0x1fb46a67 x18=0x1fb46ee4
        6875000	       686	800032e0	ff4f1c23	sh	x20,-8(x30)	 x30:0x80008b38 x20:0x7b093000 PA:0x80008b30
        6885000	       687	800032e4	00000013	addi	x0,x0,0	  x0:0x00000000
        6895000	       688	800032e8	1649ac93	slti	x25,x19,356	 x19:0x00000000 x25=0x00000001
        6905000	       689	800032ec	005f0e03	lb	x28,5(x30)	 x30:0x80008b38 x28=0xffffffef PA:0x80008b3d
        6915000	       690	800032f0	00f1d6b3	srl	x13,x3,x15	  x3:0x00000000 x15:0x80009f4c x13=0x00000000
        6925000	       691	800032f4	b1180d93	addi	x27,x16,-1263	 x16:0xffffffc8 x27=0xfffffad9
        6935000	       692	800032f8	ffef09a3	sb	x30,-13(x30)	 x30:0x80008b38 x30:0x80008b38 PA:0x80008b2b
        6945000	       693	800032fc	ff1f0e83	lb	x29,-15(x30)	 x30:0x80008b38 x29=0x0000002e PA:0x80008b29
        6955000	       694	80003300	00834ab3	xor	x21,x6,x8	  x6:0x4ce00000  x8:0x000000dc x21=0x4ce000dc
        6965000	       695	80003304	013ae033	or	x0,x21,x19	 x21:0x4ce000dc x19:0x00000000
        6975000	       696	80003308	3e118b13	addi	x22,x3,993	  x3:0x00000000 x22=0x000003e1
        6985000	       697	8000330c	01d09233	sll	x4,x1,x29	  x1:0x0000ef9b x29:0x0000002e  x4=0x3be6c000
        6995000	       698	80003310	ffef4983	lbu	x19,-2(x30)	 x30:0x80008b38 x19=0x000000dc PA:0x80008b36
        7005000	       699	80003314	00005117	auipc	x2,0x5	  x2=0x80008310
        7015000	       700	80003318	00610113	addi	x2,x2,6	  x2:0x80008310  x2=0x80008316
        7025000	       701	8000331c	0d910c03	lb	x24,217(x2)	  x2:0x80008316 x24=0xffffffba PA:0x800083ef
        7035000	       702	80003320	ff411623	sh	x20,-20(x2)	  x2:0x80008316 x20:0x7b093000 PA:0x80008302
        7045000	       703	80003324	00f15393	srli	x7,x2,0xf	  x2:0x80008316  x7=0x00010001
        7055000	       704	80003328	00f10983	lb	x19,15(x2)	  x2:0x80008316 x19=0x00000005 PA:0x80008325
        7065000	       705	8000332c	f72108a3	sb	x18,-143(x2)	  x2:0x80008316 x18:0x1fb46ee4 PA:0x80008287
        7075000	       706	80003330	f1910c03	lb	x24,-231(x2)	  x2:0x80008316 x24=0x00000029 PA:0x8000822f
        7085000	       707	80003334	0e014c83	lbu	x25,224(x2)	  x2:0x80008316 x25=0x000000b3 PA:0x800083f6
        7095000	       708	80003338	fc214083	lbu	x1,-62(x2)	  x2:0x80008316  x1=0x00000088 PA:0x800082d8
        7105000	       709	8000333c	002c6633	or	x12,x24,x2	 x24:0x00000029  x2:0x80008316 x12=0x8000833f
        7115000	       710	80003340	a2f95a97	auipc	x21,0xa2f95	 x21=0x22f9833c
        7125000	       711	80003344	00000013	addi	x0,x0,0	  x0:0x00000000
        7135000	       712	80003348	fff10aa3	sb	x31,-11(x2)	  x2:0x80008316 x31:0x604c355d PA:0x8000830b
        7145000	       713	8000334c	fb212803	lw	x16,-78(x2)	  x2:0x80008316 x16=0x3211843d PA:0x800082c8
        7155000	       714	80003350	f3714183	lbu	x3,-201(x2)	  x2:0x80008316  x3=0x000000d5 PA:0x8000824d
        7165000	       715	80003354	f4f10c23	sb	x15,-168(x2)	  x2:0x80008316 x15:0x80009f4c PA:0x8000826e
        7175000	       716	80003358	026108a3	sb	x6,49(x2)	  x2:0x80008316  x6:0x4ce00000 PA:0x80008347
        7185000	       717	8000335c	0f110e03	lb	x28,241(x2)	  x2:0x80008316 x28=0xffffffcd PA:0x80008407
        7195000	       718	80003360	07010fa3	sb	x16,127(x2)	  x2:0x80008316 x16:0x3211843d PA:0x80008395
        7205000	       719	80003364	fa510603	lb	x12,-91(x2)	  x2:0x80008316 x12=0xffffffdc PA:0x800082bb
        7215000	       720	80003368	07b14083	lbu	x1,123(x2)	  x2:0x80008316  x1=0x0000000a PA:0x80008391
        7225000	       721	8000336c	05f10883	lb	x17,95(x2)	  x2:0x80008316 x17=0xffffffe9 PA:0x80008375
        7235000	       722	80003370	fe610ea3	sb	x6,-3(x2)	  x2:0x80008316  x6:0x4ce00000 PA:0x80008313
        7245000	       723	80003374	fdf10083	lb	x1,-33(x2)	  x2:0x80008316  x1=0xffffff89 PA:0x800082f5
        7255000	       724	80003378	0d712723	sw	x23,206(x2)	  x2:0x80008316 x23:0x00000458 PA:0x800083e4
        7265000	       725	8000337c	00ebd933	srl	x18,x23,x14	 x23:0x00000458 x14:0x000000dc x18=0x00000000
        7275000	       726	80003380	00951933	sll	x18,x10,x9	 x10:0xffe00027  x9:0x0000000c x18=0x00027000
        7285000	       727	80003384	00c98633	add	x12,x19,x12	 x19:0x00000005 x12:0xffffffdc x12=0xffffffe1
        7295000	       728	80003388	06010ca3	sb	x0,121(x2)	  x2:0x80008316  x0:0x00000000 PA:0x8000838f
        7305000	       729	8000338c	006b8033	add	x0,x23,x6	 x23:0x00000458  x6:0x4ce00000
        7315000	       730	80003390	0c510203	lb	x4,197(x2)	  x2:0x80008316  x4=0x0000002c PA:0x800083db
        7325000	       731	80003394	408e8e33	sub	x28,x29,x8	 x29:0x0000002e  x8:0x000000dc x28=0xffffff52
        7335000	       732	80003398	06211e03	lh	x28,98(x2)	  x2:0x80008316 x28=0xffff9a89 PA:0x80008378
        7345000	       733	8000339c	001ff9b3	and	x19,x31,x1	 x31:0x604c355d  x1:0xffffff89 x19=0x604c3509
        7355000	       734	800033a0	090101a3	sb	x16,131(x2)	  x2:0x80008316 x16:0x3211843d PA:0x80008399
        7365000	       735	800033a4	0fb72093	slti	x1,x14,251	 x14:0x000000dc  x1=0x00000001
        7375000	       736	800033a8	bdf04397	auipc	x7,0xbdf04	  x7=0x3df073a4
        7385000	       737	800033ac	fe211703	lh	x14,-30(x2)	  x2:0x80008316 x14=0xfffff8ae PA:0x800082f8
        7395000	       738	800033b0	f3614603	lbu	x12,-202(x2)	  x2:0x80008316 x12=0x000000dd PA:0x8000824c
        7405000	       739	800033b4	0d710003	lb	x0,215(x2)	  x2:0x80008316 PA:0x800083ed
        7415000	       740	800033b8	ff2102a3	sb	x18,-27(x2)	  x2:0x80008316 x18:0x00027000 PA:0x800082fb
        7425000	       741	800033bc	10011703	lh	x14,256(x2)	  x2:0x80008316 x14=0xffffadfa PA:0x80008416
        7435000	       742	800033c0	00006117	auipc	x2,0x6	  x2=0x800093bc
        7445000	       743	800033c4	96910113	addi	x2,x2,-1687	  x2:0x800093bc  x2=0x80008d25
        7455000	       744	800033c8	f1810b23	sb	x24,-234(x2)	  x2:0x80008d25 x24:0x00000029 PA:0x80008c3b
        7465000	       745	800033cc	07f12803	lw	x16,127(x2)	  x2:0x80008d25 x16=0x806b180f PA:0x80008da4
        7475000	       746	800033d0	06114e83	lbu	x29,97(x2)	  x2:0x80008d25 x29=0x000000c3 PA:0x80008d86
        7485000	       747	800033d4	f5210f03	lb	x30,-174(x2)	  x2:0x80008d25 x30=0xfffffff1 PA:0x80008c77
        7495000	       748	800033d8	f6210e03	lb	x28,-158(x2)	  x2:0x80008d25 x28=0x00000007 PA:0x80008c87
        7505000	       749	800033dc	fa3104a3	sb	x3,-87(x2)	  x2:0x80008d25  x3:0x000000d5 PA:0x80008cce
        7515000	       750	800033e0	01836d33	or	x26,x6,x24	  x6:0x4ce00000 x24:0x00000029 x26=0x4ce00029
        7525000	       751	800033e4	0109b733	sltu	x14,x19,x16	 x19:0x604c3509 x16:0x806b180f x14=0x00000001
        7535000	       752	800033e8	0b414b83	lbu	x23,180(x2)	  x2:0x80008d25 x23=0x0000009c PA:0x80008dd9
        7545000	       753	800033ec	018acab3	xor	x21,x21,x24	 x21:0x22f9833c x24:0x00000029 x21=0x22f98315
        7555000	       754	800033f0	0e2108a3	sb	x2,241(x2)	  x2:0x80008d25  x2:0x80008d25 PA:0x80008e16
        7565000	       755	800033f4	02410b23	sb	x4,54(x2)	  x2:0x80008d25  x4:0x0000002c PA:0x80008d5b
        7575000	       756	800033f8	f1511183	lh	x3,-235(x2)	  x2:0x80008d25  x3=0x0000296c PA:0x80008c3a
        7585000	       757	800033fc	00000013	addi	x0,x0,0	  x0:0x00000000
        7595000	       758	80003400	41a1d193	srai	x3,x3,0x1a	  x3:0x0000296c  x3=0x00000000
        7605000	       759	80003404	f6610c03	lb	x24,-154(x2)	  x2:0x80008d25 x24=0x00000064 PA:0x80008c8b
        7615000	       760	80003408	0d910183	lb	x3,217(x2)	  x2:0x80008d25  x3=0xffffffbb PA:0x80008dfe
        7625000	       761	8000340c	00658d33	add	x26,x11,x6	 x11:0x80009fc4  x6:0x4ce00000 x26=0xcce09fc4
        7635000	       762	80003410	02515683	lhu	x13,37(x2)	  x2:0x80008d25 x13=0x00002048 PA:0x80008d4a
        7645000	       763	80003414	063119a3	sh	x3,115(x2)	  x2:0x80008d25  x3:0xffffffbb PA:0x80008d98
        7655000	       764	80003418	f9714003	lbu	x0,-105(x2)	  x2:0x80008d25 PA:0x80008cbc
        7665000	       765	8000341c	04d15e83	lhu	x29,77(x2)	  x2:0x80008d25 x29=0x0000721c PA:0x80008d72
        7675000	       766	80003420	01804033	xor	x0,x0,x24	  x0:0x00000000 x24:0x00000064
        7685000	       767	80003424	402b5bb3	sra	x23,x22,x2	 x22:0x000003e1  x2:0x80008d25 x23=0x0000001f
        7695000	       768	80003428	0e610c03	lb	x24,230(x2)	  x2:0x80008d25 x24=0x00000065 PA:0x80008e0b
        7705000	       769	8000342c	00000013	addi	x0,x0,0	  x0:0x00000000
        7715000	       770	80003430	01810303	lb	x6,24(x2)	  x2:0x80008d25  x6=0xffffffff PA:0x80008d3d
        7725000	       771	80003434	0dc113a3	sh	x28,199(x2)	  x2:0x80008d25 x28:0x00000007 PA:0x80008dec
        7735000	       772	80003438	06e14503	lbu	x10,110(x2)	  x2:0x80008d25 x10=0x0000005d PA:0x80008d93
        7745000	       773	8000343c	c3b07093	andi	x1,x0,-965	  x0:0x00000000  x1=0x00000000
        7755000	       774	80003440	4123ddb3	sra	x27,x7,x18	  x7:0x3df073a4 x18:0x00027000 x27=0x3df073a4
        7765000	       775	80003444	f5c14b83	lbu	x23,-164(x2)	  x2:0x80008d25 x23=0x000000b2 PA:0x80008c81
        7775000	       776	80003448	fc610303	lb	x6,-58(x2)	  x2:0x80008d25  x6=0x00000027 PA:0x80008ceb
        7785000	       777	8000344c	3ba2fa93	andi	x21,x5,954	  x5:0x00000000 x21=0x00000000
        7795000	       778	80003450	0b4115a3	sh	x20,171(x2)	  x2:0x80008d25 x20:0x7b093000 PA:0x80008dd0
        7805000	       779	80003454	00000013	addi	x0,x0,0	  x0:0x00000000
        7815000	       780	80003458	01119fb3	sll	x31,x3,x17	  x3:0xffffffbb x17:0xffffffe9 x31=0xffff7600
        7825000	       781	8000345c	a1c8e613	ori	x12,x17,-1508	 x17:0xffffffe9 x12=0xfffffffd
        7835000	       782	80003460	04470f93	addi	x31,x14,68	 x14:0x00000001 x31=0x00000045
        7845000	       783	80003464	416fd093	srai	x1,x31,0x16	 x31:0x00000045  x1=0x00000000
        7855000	       784	80003468	0a9101a3	sb	x9,163(x2)	  x2:0x80008d25  x9:0x0000000c PA:0x80008dc8
        7865000	       785	8000346c	f5810983	lb	x19,-168(x2)	  x2:0x80008d25 x19=0x0000007c PA:0x80008c7d
        7875000	       786	80003470	6e7e5c37	lui	x24,0x6e7e5	 x24=0x6e7e5000
        7885000	       787	80003474	f9114383	lbu	x7,-111(x2)	  x2:0x80008d25  x7=0x000000e0 PA:0x80008cb6
        7895000	       788	80003478	00d282b3	add	x5,x5,x13	  x5:0x00000000 x13:0x00002048  x5=0x00002048
        7905000	       789	8000347c	0135f533	and	x10,x11,x19	 x11:0x80009fc4 x19:0x0000007c x10=0x00000044
        7915000	       790	80003480	00e50c33	add	x24,x10,x14	 x10:0x00000044 x14:0x00000001 x24=0x00000045
        7925000	       791	80003484	41fb5193	srai	x3,x22,0x1f	 x22:0x000003e1  x3=0x00000000
        7935000	       792	80003488	fe914d03	lbu	x26,-23(x2)	  x2:0x80008d25 x26=0x0000002a PA:0x80008d0e
        7945000	       793	8000348c	00f5a333	slt	x6,x11,x15	 x11:0x80009fc4 x15:0x80009f4c  x6=0x00000000
        7955000	       794	80003490	0f4103a3	sb	x20,231(x2)	  x2:0x80008d25 x20:0x7b093000 PA:0x80008e0c
        7965000	       795	80003494	00005117	auipc	x2,0x5	  x2=0x80008490
        7975000	       796	80003498	30b10113	addi	x2,x2,779	  x2:0x80008490  x2=0x8000879b
        7985000	       797	8000349c	5d0ce6b7	lui	x13,0x5d0ce	 x13=0x5d0ce000
        7995000	       798	800034a0	00d11883	lh	x17,13(x2)	  x2:0x8000879b x17=0xffff937e PA:0x800087a8
        8005000	       799	800034a4	f29109a3	sb	x9,-205(x2)	  x2:0x8000879b  x9:0x0000000c PA:0x800086ce
        8015000	       800	800034a8	40cfd833	sra	x16,x31,x12	 x31:0x00000045 x12:0xfffffffd x16=0x00000000
        8025000	       801	800034ac	00480533	add	x10,x16,x4	 x16:0x00000000  x4:0x0000002c x10=0x0000002c
        8035000	       802	800034b0	f5c10223	sb	x28,-188(x2)	  x2:0x8000879b x28:0x00000007 PA:0x800086df
        8045000	       803	800034b4	5455f317	auipc	x6,0x5455f	  x6=0xd45624b0
        8055000	       804	800034b8	00514183	lbu	x3,5(x2)	  x2:0x8000879b  x3=0x00000037 PA:0x800087a0
        8065000	       805	800034bc	fd310a03	lb	x20,-45(x2)	  x2:0x8000879b x20=0x0000007f PA:0x8000876e
        8075000	       806	800034c0	4151d513	srai	x10,x3,0x15	  x3:0x00000037 x10=0x00000000
        8085000	       807	800034c4	f4612aa3	sw	x6,-171(x2)	  x2:0x8000879b  x6:0xd45624b0 PA:0x800086f0
        8095000	       808	800034c8	00810223	sb	x8,4(x2)	  x2:0x8000879b  x8:0x000000dc PA:0x8000879f
        8105000	       809	800034cc	6febcb93	xori	x23,x23,1790	 x23:0x000000b2 x23=0x0000064c
        8115000	       810	800034d0	01e14d03	lbu	x26,30(x2)	  x2:0x8000879b x26=0x0000008f PA:0x800087b9
        8125000	       811	800034d4	f7314403	lbu	x8,-141(x2)	  x2:0x8000879b  x8=0x000000e9 PA:0x8000870e
        8135000	       812	800034d8	f8311703	lh	x14,-125(x2)	  x2:0x8000879b x14=0x00003918 PA:0x8000871e
        8145000	       813	800034dc	f8810083	lb	x1,-120(x2)	  x2:0x8000879b  x1=0x00000003 PA:0x80008723
        8155000	       814	00000000	00000013	addi	x0,x0,0	  x0:0x00000000
        8165000	       815	800034e0	f8110703	lb	x14,-127(x2)	  x2:0x8000879b x14=0x0000003b PA:0x8000871c
        8175000	       816	800034e4	faf10e23	sb	x15,-68(x2)	  x2:0x8000879b x15:0x80009f4c PA:0x80008757
        8185000	       817	800034e8	fd610703	lb	x14,-42(x2)	  x2:0x8000879b x14=0xffffffc3 PA:0x80008771
        8195000	       818	800034ec	f5e10703	lb	x14,-162(x2)	  x2:0x8000879b x14=0x00000006 PA:0x800086f9
        8205000	       819	800034f0	f2d12d83	lw	x27,-211(x2)	  x2:0x8000879b x27=0x616e1e1c PA:0x800086c8
        8215000	       820	800034f4	fa412ea3	sw	x4,-67(x2)	  x2:0x8000879b  x4:0x0000002c PA:0x80008758
        8225000	       821	800034f8	340b7a93	andi	x21,x22,832	 x22:0x000003e1 x21=0x00000340
        8235000	       822	800034fc	00ce50b3	srl	x1,x28,x12	 x28:0x00000007 x12:0xfffffffd  x1=0x00000000
        8245000	       823	80003500	f0c14c83	lbu	x25,-244(x2)	  x2:0x8000879b x25=0x0000005c PA:0x800086a7
        8255000	       824	80003504	e2830093	addi	x1,x6,-472	  x6:0xd45624b0  x1=0xd45622d8
        8265000	       825	80003508	fdc14303	lbu	x6,-36(x2)	  x2:0x8000879b  x6=0x000000a3 PA:0x80008777
        8275000	       826	8000350c	06210703	lb	x14,98(x2)	  x2:0x8000879b x14=0xffffff8f PA:0x800087fd
        8285000	       827	00000000	00000013	addi	x0,x0,0	  x0:0x00000000
        8295000	       828	80003510	7e876913	ori	x18,x14,2024	 x14:0xffffff8f x18=0xffffffef
        8305000	       829	80003514	f0b11c83	lh	x25,-245(x2)	  x2:0x8000879b x25=0x00005c78 PA:0x800086a6
        8315000	       830	80003518	02010f83	lb	x31,32(x2)	  x2:0x8000879b x31=0xfffffff6 PA:0x800087bb
        8325000	       831	00000000	00000013	addi	x0,x0,0	  x0:0x00000000
        8335000	       832	8000351c	01f0fd33	and	x26,x1,x31	  x1:0xd45622d8 x31:0xfffffff6 x26=0xd45622d0
        8345000	       833	80003520	a8f99b97	auipc	x23,0xa8f99	 x23=0x28f9c51c
        8355000	       834	80003524	40795513	srai	x10,x18,0x7	 x18:0xffffffef x10=0xffffffff
        8365000	       835	80003528	f7410f83	lb	x31,-140(x2)	  x2:0x8000879b x31=0x00000005 PA:0x8000870f
        8375000	       836	8000352c	fd715803	lhu	x16,-41(x2)	  x2:0x8000879b x16=0x0000f75e PA:0x80008772
        8385000	       837	80003530	06d11083	lh	x1,109(x2)	  x2:0x8000879b  x1=0xffff9818 PA:0x80008808
        8395000	       838	00000000	00000013	addi	x0,x0,0	  x0:0x00000000
        8405000	       839	80003534	401ad193	srai	x3,x21,0x1	 x21:0x00000340  x3=0x000001a0
        8415000	       840	80003538	00e107a3	sb	x14,15(x2)	  x2:0x8000879b x14:0xffffff8f PA:0x800087aa
        8425000	       841	8000353c	fe315a03	lhu	x20,-29(x2)	  x2:0x8000879b x20=0x0000b466 PA:0x8000877e
        8435000	       842	80003540	41a000b3	sub	x1,x0,x26	  x0:0x00000000 x26:0xd45622d0  x1=0x2ba9dd30
        8445000	       843	80003544	f8510f03	lb	x30,-123(x2)	  x2:0x8000879b x30=0xfffffff5 PA:0x80008720
        8455000	       844	80003548	00005d17	auipc	x26,0x5	 x26=0x80008544
        8465000	       845	8000354c	dc8d0d13	addi	x26,x26,-568	 x26:0x80008544 x26=0x8000830c
        8475000	       846	80003550	01ed0203	lb	x4,30(x26)	 x26:0x8000830c  x4=0x0000003b PA:0x8000832a
        8485000	       847	80003554	00f11133	sll	x2,x2,x15	  x2:0x8000879b x15:0x80009f4c  x2=0x0879b000
        8495000	       848	80003558	fd2d04a3	sb	x18,-55(x26)	 x26:0x8000830c x18:0xffffffef PA:0x800082d5
        8505000	       849	8000355c	3d1bf113	andi	x2,x23,977	 x23:0x28f9c51c  x2=0x00000110
        8515000	       850	80003560	005d9393	slli	x7,x27,0x5	 x27:0x616e1e1c  x7=0x2dc3c380
        8525000	       851	80003564	00d15113	srli	x2,x2,0xd	  x2:0x00000110  x2=0x00000000
        8535000	       852	80003568	ff3d0423	sb	x19,-24(x26)	 x26:0x8000830c x19:0x0000007c PA:0x800082f4
        8545000	       853	8000356c	fe9d0603	lb	x12,-23(x26)	 x26:0x8000830c x12=0xffffff89 PA:0x800082f5
        8555000	       854	00000000	00000013	addi	x0,x0,0	  x0:0x00000000
        8565000	       855	80003570	62f60193	addi	x3,x12,1583	 x12:0xffffff89  x3=0x000005b8
        8575000	       856	80003574	018d2603	lw	x12,24(x26)	 x26:0x8000830c x12=0x8c8505f4 PA:0x80008324
        8585000	       857	80003578	4dce2937	lui	x18,0x4dce2	 x18=0x4dce2000
        8595000	       858	8000357c	00d1a633	slt	x12,x3,x13	  x3:0x000005b8 x13:0x5d0ce000 x12=0x00000001
        8605000	       859	80003580	fe8d05a3	sb	x8,-21(x26)	 x26:0x8000830c  x8:0x000000e9 PA:0x800082f7
        8615000	       860	80003584	5bbb2f13	slti	x30,x22,1467	 x22:0x000003e1 x30=0x00000001
        8625000	       861	80003588	006a06b3	add	x13,x20,x6	 x20:0x0000b466  x6:0x000000a3 x13=0x0000b509
        8635000	       862	8000358c	fcdd4e03	lbu	x28,-51(x26)	 x26:0x8000830c x28=0x0000005a PA:0x800082d9
        8645000	       863	80003590	0103e533	or	x10,x7,x16	  x7:0x2dc3c380 x16:0x0000f75e x10=0x2dc3f7de
        8655000	       864	80003594	e2aee9b7	lui	x19,0xe2aee	 x19=0xe2aee000
        8665000	       865	80003598	039d4b83	lbu	x23,57(x26)	 x26:0x8000830c x23=0x00000040 PA:0x80008345
        8675000	       866	8000359c	00dd9e33	sll	x28,x27,x13	 x27:0x616e1e1c x13:0x0000b509 x28=0xdc3c3800
        8685000	       867	800035a0	40095733	sra	x14,x18,x0	 x18:0x4dce2000  x0:0x00000000 x14=0x4dce2000
        8695000	       868	800035a4	03dd0a83	lb	x21,61(x26)	 x26:0x8000830c x21=0x00000003 PA:0x80008349
        8705000	       869	800035a8	411088b3	sub	x17,x1,x17	  x1:0x2ba9dd30 x17:0xffff937e x17=0x2baa49b2
        8715000	       870	800035ac	031d0e03	lb	x28,49(x26)	 x26:0x8000830c x28=0xffffffcd PA:0x8000833d
        8725000	       871	800035b0	b7d22f13	slti	x30,x4,-1155	  x4:0x0000003b x30=0x00000000
        8735000	       872	800035b4	00ed1c23	sh	x14,24(x26)	 x26:0x8000830c x14:0x4dce2000 PA:0x80008324
        8745000	       873	800035b8	fd1d2c23	sw	x17,-40(x26)	 x26:0x8000830c x17:0x2baa49b2 PA:0x800082e4
        8755000	       874	800035bc	012d3733	sltu	x14,x26,x18	 x26:0x8000830c x18:0x4dce2000 x14=0x00000000
        8765000	       875	800035c0	fe1d4f03	lbu	x30,-31(x26)	 x26:0x8000830c x30=0x000000e5 PA:0x800082ed
        8775000	       876	800035c4	00b6b3b3	sltu	x7,x13,x11	 x13:0x0000b509 x11:0x80009fc4  x7=0x00000001
        8785000	       877	800035c8	01119833	sll	x16,x3,x17	  x3:0x000005b8 x17:0x2baa49b2 x16=0x16e00000
        8795000	       878	800035cc	ff4d5183	lhu	x3,-12(x26)	 x26:0x8000830c  x3=0x00001092 PA:0x80008300
        8805000	       879	800035d0	00005d97	auipc	x27,0x5	 x27=0x800085cc
        8815000	       880	800035d4	c43d8d93	addi	x27,x27,-957	 x27:0x800085cc x27=0x8000820f
        8825000	       881	800035d8	ff9da083	lw	x1,-7(x27)	 x27:0x8000820f  x1=0x9ab13074 PA:0x80008208
        8835000	       882	800035dc	01fc7f33	and	x30,x24,x31	 x24:0x00000045 x31:0x00000005 x30=0x00000005
        8845000	       883	800035e0	fe0d8f23	sb	x0,-2(x27)	 x27:0x8000820f  x0:0x00000000 PA:0x8000820d
        8855000	       884	800035e4	7033aa13	slti	x20,x7,1795	  x7:0x00000001 x20=0x00000001
        8865000	       885	800035e8	0acff113	andi	x2,x31,172	 x31:0x00000005  x2=0x00000004
        8875000	       886	800035ec	fead8fa3	sb	x10,-1(x27)	 x27:0x8000820f x10:0x2dc3f7de PA:0x8000820e
        8885000	       887	800035f0	00fd8e83	lb	x29,15(x27)	 x27:0x8000820f x29=0x0000000c PA:0x8000821e
        8895000	       888	800035f4	00fdc603	lbu	x12,15(x27)	 x27:0x8000820f x12=0x0000000c PA:0x8000821e
        8905000	       889	800035f8	40dc0633	sub	x12,x24,x13	 x24:0x00000045 x13:0x0000b509 x12=0xffff4b3c
        8915000	       890	800035fc	cf3de013	ori	x0,x27,-781	 x27:0x8000820f
        8925000	       891	80003600	e24e3e13	sltiu	x28,x28,-476	 x28:0xffffffcd x28=0x00000000
        8935000	       892	80003604	007d8623	sb	x7,12(x27)	 x27:0x8000820f  x7:0x00000001 PA:0x8000821b
        8945000	       893	80003608	ff2d8823	sb	x18,-16(x27)	 x27:0x8000820f x18:0x4dce2000 PA:0x800081ff
        8955000	       894	8000360c	fecd8ba3	sb	x12,-9(x27)	 x27:0x8000820f x12:0xffff4b3c PA:0x80008206
        8965000	       895	80003610	010d8023	sb	x16,0(x27)	 x27:0x8000820f x16:0x16e00000 PA:0x8000820f
        8975000	       896	80003614	ff4dc183	lbu	x3,-12(x27)	 x27:0x8000820f  x3=0x000000a3 PA:0x80008203
        8985000	       897	80003618	000c7bb3	and	x23,x24,x0	 x24:0x00000045  x0:0x00000000 x23=0x00000000
        8995000	       898	8000361c	ff7dc703	lbu	x14,-9(x27)	 x27:0x8000820f x14=0x0000003c PA:0x80008206
        9005000	       899	00000000	00000013	addi	x0,x0,0	  x0:0x00000000
        9015000	       900	80003620	00e30133	add	x2,x6,x14	  x6:0x000000a3 x14:0x0000003c  x2=0x000000df
        9025000	       901	80003624	00190ab3	add	x21,x18,x1	 x18:0x4dce2000  x1:0x9ab13074 x21=0xe87f5074
        9035000	       902	80003628	63f20113	addi	x2,x4,1599	  x4:0x0000003b  x2=0x0000067a
        9045000	       903	8000362c	05ff3c93	sltiu	x25,x30,95	 x30:0x00000005 x25=0x00000001
        9055000	       904	80003630	01cd87a3	sb	x28,15(x27)	 x27:0x8000820f x28:0x00000000 PA:0x8000821e
        9065000	       905	80003634	007dce83	lbu	x29,7(x27)	 x27:0x8000820f x29=0x00000000 PA:0x80008216
        9075000	       906	80003638	00005117	auipc	x2,0x5	  x2=0x80008634
        9085000	       907	8000363c	da210113	addi	x2,x2,-606	  x2:0x80008634  x2=0x800083d6
        9095000	       908	80003640	0158f933	and	x18,x17,x21	 x17:0x2baa49b2 x21:0xe87f5074 x18=0x282a4030
        9105000	       909	80003644	efd87513	andi	x10,x16,-259	 x16:0x16e00000 x10=0x16e00000
        9115000	       910	80003648	00514a03	lbu	x20,5(x2)	  x2:0x800083d6 x20=0x0000002c PA:0x800083db
        9125000	       911	8000364c	83230893	addi	x17,x6,-1998	  x6:0x000000a3 x17=0xfffff8d5
        9135000	       912	80003650	00369ab3	sll	x21,x13,x3	 x13:0x0000b509  x3:0x000000a3 x21=0x0005a848
        9145000	       913	80003654	00e21893	slli	x17,x4,0xe	  x4:0x0000003b x17=0x000ec000
        9155000	       914	80003658	012eaa33	slt	x20,x29,x18	 x29:0x00000000 x18:0x282a4030 x20=0x00000001
        9165000	       915	8000365c	00914c03	lbu	x24,9(x2)	  x2:0x800083d6 x24=0x00000007 PA:0x800083df
        9175000	       916	80003660	406b5833	sra	x16,x22,x6	 x22:0x000003e1  x6:0x000000a3 x16=0x0000007c
        9185000	       917	80003664	ffc15d03	lhu	x26,-4(x2)	  x2:0x800083d6 x26=0x0000c24f PA:0x800083d2
        9195000	       918	80003668	41dfd0b3	sra	x1,x31,x29	 x31:0x00000005 x29:0x00000000  x1=0x00000005
        9205000	       919	8000366c	57497a93	andi	x21,x18,1396	 x18:0x282a4030 x21=0x00000030
        9215000	       920	80003670	00e81813	slli	x16,x16,0xe	 x16:0x0000007c x16=0x001f0000
        9225000	       921	80003674	00c95233	srl	x4,x18,x12	 x18:0x282a4030 x12:0xffff4b3c  x4=0x00000002
        9235000	       922	80003678	01b17b33	and	x22,x2,x27	  x2:0x800083d6 x27:0x8000820f x22=0x80008206
        9245000	       923	8000367c	ff415b03	lhu	x22,-12(x2)	  x2:0x800083d6 x22=0x0000ee8f PA:0x800083ca
        9255000	       924	80003680	012f21b3	slt	x3,x30,x18	 x30:0x00000005 x18:0x282a4030  x3=0x00000001
        9265000	       925	80003684	00b10323	sb	x11,6(x2)	  x2:0x800083d6 x11:0x80009fc4 PA:0x800083dc
        9275000	       926	80003688	01c105a3	sb	x28,11(x2)	  x2:0x800083d6 x28:0x00000000 PA:0x800083e1
        9285000	       927	8000368c	01e10223	sb	x30,4(x2)	  x2:0x800083d6 x30:0x00000005 PA:0x800083da
        9295000	       928	80003690	5a96ae17	auipc	x28,0x5a96a	 x28=0xda96d68c
        9305000	       929	80003694	ffa11f03	lh	x30,-6(x2)	  x2:0x800083d6 x30=0xffff9fe9 PA:0x800083d0
        9315000	       930	80003698	ff411e83	lh	x29,-12(x2)	  x2:0x800083d6 x29=0xffffee8f PA:0x800083ca
        9325000	       931	8000369c	00411283	lh	x5,4(x2)	  x2:0x800083d6  x5=0x00002c05 PA:0x800083da
        9335000	       932	800036a0	ffe11003	lh	x0,-2(x2)	  x2:0x800083d6 PA:0x800083d4
        9345000	       933	800036a4	41b45393	srai	x7,x8,0x1b	  x8:0x000000e9  x7=0x00000000
        9355000	       934	800036a8	ff910c23	sb	x25,-8(x2)	  x2:0x800083d6 x25:0x00000001 PA:0x800083ce
        9365000	       935	800036ac	00214e83	lbu	x29,2(x2)	  x2:0x800083d6 x29=0x0000009c PA:0x800083d8
        9375000	       936	800036b0	0187dd13	srli	x26,x15,0x18	 x15:0x80009f4c x26=0x00000080
        9385000	       937	800036b4	00b10f03	lb	x30,11(x2)	  x2:0x800083d6 x30=0x00000000 PA:0x800083e1
        9395000	       938	800036b8	016a29b3	slt	x19,x20,x22	 x20:0x00000001 x22:0x0000ee8f x19=0x00000001
        9405000	       939	800036bc	00514a83	lbu	x21,5(x2)	  x2:0x800083d6 x21=0x0000002c PA:0x800083db
        9415000	       940	800036c0	01611223	sh	x22,4(x2)	  x2:0x800083d6 x22:0x0000ee8f PA:0x800083da
        9425000	       941	800036c4	aa24de97	auipc	x29,0xaa24d	 x29=0x2a2506c0
        9435000	       942	800036c8	8af72a13	slti	x20,x14,-1873	 x14:0x0000003c x20=0x00000000
        9445000	       943	800036cc	0050f3b3	and	x7,x1,x5	  x1:0x00000005  x5:0x00002c05  x7=0x00000005
        9455000	       944	800036d0	00000013	addi	x0,x0,0	  x0:0x00000000
        9465000	       945	800036d4	00a15083	lhu	x1,10(x2)	  x2:0x800083d6  x1=0x000000e0 PA:0x800083e0
        9475000	       946	800036d8	00714403	lbu	x8,7(x2)	  x2:0x800083d6  x8=0x000000e6 PA:0x800083dd
        9485000	       947	800036dc	a3acbc13	sltiu	x24,x25,-1478	 x25:0x00000001 x24=0x00000001
        9495000	       948	800036e0	ff914803	lbu	x16,-7(x2)	  x2:0x800083d6 x16=0x00000045 PA:0x800083cf
        9505000	       949	800036e4	00f10c03	lb	x24,15(x2)	  x2:0x800083d6 x24=0x00000004 PA:0x800083e5
        9515000	       950	800036e8	00411823	sh	x4,16(x2)	  x2:0x800083d6  x4:0x00000002 PA:0x800083e6
        9525000	       951	800036ec	00000013	addi	x0,x0,0	  x0:0x00000000
        9535000	       952	800036f0	c0a7a217	auipc	x4,0xc0a7a	  x4=0x40a7d6ec
        9545000	       953	800036f4	fea12d23	sw	x10,-6(x2)	  x2:0x800083d6 x10:0x16e00000 PA:0x800083d0
        9555000	       954	800036f8	00005117	auipc	x2,0x5	  x2=0x800086f4
        9565000	       955	800036fc	3f810113	addi	x2,x2,1016	  x2:0x800086f4  x2=0x80008aec
        9575000	       956	80003700	d3710d23	sb	x23,-710(x2)	  x2:0x80008aec x23:0x00000000 PA:0x80008826
        9585000	       957	80003704	d9110023	sb	x17,-640(x2)	  x2:0x80008aec x17:0x000ec000 PA:0x8000886c
        9595000	       958	80003708	0163d433	srl	x8,x7,x22	  x7:0x00000005 x22:0x0000ee8f  x8=0x00000000
        9605000	       959	8000370c	fa21f413	andi	x8,x3,-94	  x3:0x00000001  x8=0x00000000
        9615000	       960	80003710	a1b52993	slti	x19,x10,-1509	 x10:0x16e00000 x19=0x00000000
        9625000	       961	80003714	ea910883	lb	x17,-343(x2)	  x2:0x80008aec x17=0xffffffe9 PA:0x80008995
        9635000	       962	80003718	fe310203	lb	x4,-29(x2)	  x2:0x80008aec  x4=0xffffffb8 PA:0x80008acf
        9645000	       963	8000371c	17b14503	lbu	x10,379(x2)	  x2:0x80008aec x10=0x000000c5 PA:0x80008c67
        9655000	       964	80003720	00ce5e33	srl	x28,x28,x12	 x28:0xda96d68c x12:0xffff4b3c x28=0x0000000d
        9665000	       965	80003724	01b87733	and	x14,x16,x27	 x16:0x00000045 x27:0x8000820f x14=0x00000005
        9675000	       966	80003728	01b4a8b3	slt	x17,x9,x27	  x9:0x0000000c x27:0x8000820f x17=0x00000000
        9685000	       967	8000372c	01d100a3	sb	x29,1(x2)	  x2:0x80008aec x29:0x2a2506c0 PA:0x80008aed
        9695000	       968	80003730	46a15f03	lhu	x30,1130(x2)	  x2:0x80008aec x30=0x0000e1bd PA:0x80008f56
        9705000	       969	80003734	45710f83	lb	x31,1111(x2)	  x2:0x80008aec x31=0x0000006e PA:0x80008f43
        9715000	       970	80003738	fce11f03	lh	x30,-50(x2)	  x2:0x80008aec x30=0x00004630 PA:0x80008aba
        9725000	       971	8000373c	b792feb7	lui	x29,0xb792f	 x29=0xb792f000
        9735000	       972	80003740	16015503	lhu	x10,352(x2)	  x2:0x80008aec x10=0x00006c49 PA:0x80008c4c
        9745000	       973	80003744	00e881b3	add	x3,x17,x14	 x17:0x00000000 x14:0x00000005  x3=0x00000005
        9755000	       974	80003748	dd2101a3	sb	x18,-573(x2)	  x2:0x80008aec x18:0x282a4030 PA:0x800088af
        9765000	       975	8000374c	01bf0033	add	x0,x30,x27	 x30:0x00004630 x27:0x8000820f
        9775000	       976	80003750	3c514083	lbu	x1,965(x2)	  x2:0x80008aec  x1=0x00000094 PA:0x80008eb1
        9785000	       977	80003754	23a11d83	lh	x27,570(x2)	  x2:0x80008aec x27=0x00003457 PA:0x80008d26
        9795000	       978	80003758	46111423	sh	x1,1128(x2)	  x2:0x80008aec  x1:0x00000094 PA:0x80008f54
        9805000	       979	8000375c	4e914703	lbu	x14,1257(x2)	  x2:0x80008aec x14=0x00000003 PA:0x80008fd5
        9815000	       980	80003760	1f0e0c93	addi	x25,x28,496	 x28:0x0000000d x25=0x000001fd
        9825000	       981	80003764	00a15293	srli	x5,x2,0xa	  x2:0x80008aec  x5=0x00200022
        9835000	       982	80003768	fe610ca3	sb	x6,-7(x2)	  x2:0x80008aec  x6:0x000000a3 PA:0x80008ae5
        9845000	       983	8000376c	a70143b7	lui	x7,0xa7014	  x7=0xa7014000
        9855000	       984	80003770	01f80cb3	add	x25,x16,x31	 x16:0x00000045 x31:0x0000006e x25=0x000000b3
        9865000	       985	80003774	4d314a83	lbu	x21,1235(x2)	  x2:0x80008aec x21=0x000000e5 PA:0x80008fbf
        9875000	       986	80003778	017b32b3	sltu	x5,x22,x23	 x22:0x0000ee8f x23:0x00000000  x5=0x00000000
        9885000	       987	8000377c	30e10d23	sb	x14,794(x2)	  x2:0x80008aec x14:0x00000003 PA:0x80008e06
        9895000	       988	80003780	010adc93	srli	x25,x21,0x10	 x21:0x000000e5 x25=0x00000000
        9905000	       989	80003784	017ad693	srli	x13,x21,0x17	 x21:0x000000e5 x13=0x00000000
        9915000	       990	80003788	bd2ee017	auipc	x0,0xbd2ee	
        9925000	       991	8000378c	005cc833	xor	x16,x25,x5	 x25:0x00000000  x5:0x00000000 x16=0x00000000
        9935000	       992	80003790	fea64e13	xori	x28,x12,-22	 x12:0xffff4b3c x28=0x0000b4d6
        9945000	       993	80003794	40f7d533	sra	x10,x15,x15	 x15:0x80009f4c x15:0x80009f4c x10=0xfff80009
        9955000	       994	80003798	3cb10c83	lb	x25,971(x2)	  x2:0x80008aec x25=0xffffff8d PA:0x80008eb7
        9965000	       995	00000000	00000013	addi	x0,x0,0	  x0:0x00000000
        9975000	       996	8000379c	2b9107a3	sb	x25,687(x2)	  x2:0x80008aec x25:0xffffff8d PA:0x80008d9b
        9985000	       997	800037a0	100103a3	sb	x0,263(x2)	  x2:0x80008aec  x0:0x00000000 PA:0x80008bf3
        9995000	       998	800037a4	c0128f93	addi	x31,x5,-1023	  x5:0x00000000 x31=0xfffffc01
       10005000	       999	800037a8	fd910a23	sb	x25,-44(x2)	  x2:0x80008aec x25:0xffffff8d PA:0x80008ac0
       10015000	      1000	800037ac	de610303	lb	x6,-538(x2)	  x2:0x80008aec  x6=0x00000069 PA:0x800088d2
       10025000	      1001	800037b0	00d21db3	sll	x27,x4,x13	  x4:0xffffffb8 x13:0x00000000 x27=0xffffffb8
       10035000	      1002	800037b4	584bb213	sltiu	x4,x23,1412	 x23:0x00000000  x4=0x00000001
       10045000	      1003	800037b8	d8710ba3	sb	x7,-617(x2)	  x2:0x80008aec  x7:0xa7014000 PA:0x80008883
       10055000	      1004	800037bc	26912023	sw	x9,608(x2)	  x2:0x80008aec  x9:0x0000000c PA:0x80008d4c
       10065000	      1005	800037c0	0123e933	or	x18,x7,x18	  x7:0xa7014000 x18:0x282a4030 x18=0xaf2b4030
       10075000	      1006	800037c4	1e334897	auipc	x17,0x1e334	 x17=0x9e3377c0
       10085000	      1007	800037c8	cacfe913	ori	x18,x31,-852	 x31:0xfffffc01 x18=0xfffffcad
       10095000	      1008	800037cc	01510203	lb	x4,21(x2)	  x2:0x80008aec  x4=0x0000004e PA:0x80008b01
       10105000	      1009	800037d0	f2b10e83	lb	x29,-213(x2)	  x2:0x80008aec x29=0xffffffb8 PA:0x80008a17
       10115000	      1010	800037d4	2f411c03	lh	x24,756(x2)	  x2:0x80008aec x24=0xfffff15a PA:0x80008de0
       10125000	      1011	800037d8	f54d0a37	lui	x20,0xf54d0	 x20=0xf54d0000
       10135000	      1012	800037dc	22d104a3	sb	x13,553(x2)	  x2:0x80008aec x13:0x00000000 PA:0x80008d15
       10145000	      1013	800037e0	13c107a3	sb	x28,303(x2)	  x2:0x80008aec x28:0x0000b4d6 PA:0x80008c1b
       10155000	      1014	800037e4	00bc9a63	bne	x25,x11,800037f8	 x25:0xffffff8d x11:0x80009fc4
       10165000	      1015	00000000	00000013	addi	x0,x0,0	  x0:0x00000000
       10175000	      1016	800037f4	00000013	addi	x0,x0,0	  x0:0x00000000
       10185000	      1017	800037f8	05db5863	bge	x22,x29,80003848	 x22:0x0000ee8f x29:0xffffffb8
       10195000	      1018	00000000	00000013	addi	x0,x0,0	  x0:0x00000000
       10205000	      1019	80003844	00000013	addi	x0,x0,0	  x0:0x00000000
       10215000	      1020	80003848	00c0ea63	bltu	x1,x12,8000385c	  x1:0x00000094 x12:0xffff4b3c
       10225000	      1021	00000000	00000013	addi	x0,x0,0	  x0:0x00000000
       10235000	      1022	80003858	00000013	addi	x0,x0,0	  x0:0x00000000
       10245000	      1023	8000385c	018d7033	and	x0,x26,x24	 x26:0x00000080 x24:0xfffff15a
       10255000	      1024	80003860	0106ec33	or	x24,x13,x16	 x13:0x00000000 x16:0x00000000 x24=0x00000000
       10265000	      1025	80003864	00315e63	bge	x2,x3,80003880	  x2:0x80008aec  x3:0x00000005
       10275000	      1026	80003868	d89cfe13	andi	x28,x25,-631	 x25:0xffffff8d x28=0xfffffd89
       10285000	      1027	8000386c	6f4b8413	addi	x8,x23,1780	 x23:0x00000000  x8=0x000006f4
       10295000	      1028	80003870	00000013	addi	x0,x0,0	  x0:0x00000000
       10305000	      1029	80003874	00f31d13	slli	x26,x6,0xf	  x6:0x00000069 x26=0x00348000
       10315000	      1030	80003878	001ef263	bgeu	x29,x1,8000387c	 x29:0xffffffb8  x1:0x00000094
       10325000	      1031	00000000	00000013	addi	x0,x0,0	  x0:0x00000000
       10335000	      1032	80003878	00000013	addi	x0,x0,0	  x0:0x00000000
       10345000	      1033	8000387c	4012d013	srai	x0,x5,0x1	  x5:0x00000000
       10355000	      1034	80003880	a8972193	slti	x3,x14,-1399	 x14:0x00000003  x3=0x00000000
       10365000	      1035	80003884	40fc5f93	srai	x31,x24,0xf	 x24:0x00000000 x31=0x00000000
       10375000	      1036	80003888	a52ffd13	andi	x26,x31,-1454	 x31:0x00000000 x26=0x00000000
       10385000	      1037	8000388c	41b60a33	sub	x20,x12,x27	 x12:0xffff4b3c x27:0xffffffb8 x20=0xffff4b84
       10395000	      1038	80003890	019f9e63	bne	x31,x25,800038ac	 x31:0x00000000 x25:0xffffff8d
       10405000	      1039	00000000	00000013	addi	x0,x0,0	  x0:0x00000000
       10415000	      1040	800038a8	00000013	addi	x0,x0,0	  x0:0x00000000
       10425000	      1041	800038ac	008533b3	sltu	x7,x10,x8	 x10:0xfff80009  x8:0x000006f4  x7=0x00000000
       10435000	      1042	800038b0	00ab1333	sll	x6,x22,x10	 x22:0x0000ee8f x10:0xfff80009  x6=0x01dd1e00
       10445000	      1043	800038b4	6c2de093	ori	x1,x27,1730	 x27:0xffffffb8  x1=0xfffffffa
       10455000	      1044	800038b8	3d71fe93	andi	x29,x3,983	  x3:0x00000000 x29=0x00000000
       10465000	      1045	800038bc	416a5393	srai	x7,x20,0x16	 x20:0xffff4b84  x7=0xffffffff
       10475000	      1046	800038c0	05f2f863	bgeu	x5,x31,80003910	  x5:0x00000000 x31:0x00000000
       10485000	      1047	00000000	00000013	addi	x0,x0,0	  x0:0x00000000
       10495000	      1048	8000390c	00000013	addi	x0,x0,0	  x0:0x00000000
       10505000	      1049	80003910	f8817d93	andi	x27,x2,-120	  x2:0x80008aec x27=0x80008a88
       10515000	      1050	80003914	98976093	ori	x1,x14,-1655	 x14:0x00000003  x1=0xfffff98b
       10525000	      1051	80003918	7ddb0413	addi	x8,x22,2013	 x22:0x0000ee8f  x8=0x0000f66c
       10535000	      1052	8000391c	006cdbb3	srl	x23,x25,x6	 x25:0xffffff8d  x6:0x01dd1e00 x23=0xffffff8d
       10545000	      1053	80003920	57b1e093	ori	x1,x3,1403	  x3:0x00000000  x1=0x0000057b
       10555000	      1054	80003924	0070c433	xor	x8,x1,x7	  x1:0x0000057b  x7:0xffffffff  x8=0xfffffa84
       10565000	      1055	80003928	042e9063	bne	x29,x2,80003968	 x29:0x00000000  x2:0x80008aec
       10575000	      1056	00000000	00000013	addi	x0,x0,0	  x0:0x00000000
       10585000	      1057	80003964	00000013	addi	x0,x0,0	  x0:0x00000000
       10595000	      1058	80003968	4e438d13	addi	x26,x7,1252	  x7:0xffffffff x26=0x000004e3
       10605000	      1059	8000396c	0280c063	blt	x1,x8,8000398c	  x1:0x0000057b  x8:0xfffffa84
       10615000	      1060	80003970	00487263	bgeu	x16,x4,80003974	 x16:0x00000000  x4:0x0000004e
       10625000	      1061	80003974	007fc0b3	xor	x1,x31,x7	 x31:0x00000000  x7:0xffffffff  x1=0xffffffff
       10635000	      1062	80003978	ad263913	sltiu	x18,x12,-1326	 x12:0xffff4b3c x18=0x00000001
       10645000	      1063	8000397c	01391893	slli	x17,x18,0x13	 x18:0x00000001 x17=0x00080000
       10655000	      1064	80003980	00f5f6b3	and	x13,x11,x15	 x11:0x80009fc4 x15:0x80009f4c x13=0x80009f44
       10665000	      1065	80003984	687f8613	addi	x12,x31,1671	 x31:0x00000000 x12=0x00000687
       10675000	      1066	80003988	0053d933	srl	x18,x7,x5	  x7:0xffffffff  x5:0x00000000 x18=0xffffffff
       10685000	      1067	8000398c	00600333	add	x6,x0,x6	  x0:0x00000000  x6:0x01dd1e00  x6=0x01dd1e00
       10695000	      1068	80003990	01aaee63	bltu	x21,x26,800039ac	 x21:0x000000e5 x26:0x000004e3
       10705000	      1069	00000000	00000013	addi	x0,x0,0	  x0:0x00000000
       10715000	      1070	800039a8	00000013	addi	x0,x0,0	  x0:0x00000000
       10725000	      1071	800039ac	f3e16eb7	lui	x29,0xf3e16	 x29=0xf3e16000
       10735000	      1072	800039b0	fa388293	addi	x5,x17,-93	 x17:0x00080000  x5=0x0007ffa3
       10745000	      1073	800039b4	00f08033	add	x0,x1,x15	  x1:0xffffffff x15:0x80009f4c
       10755000	      1074	800039b8	01c17e63	bgeu	x2,x28,800039d4	  x2:0x80008aec x28:0xfffffd89
       10765000	      1075	800039bc	01d00033	add	x0,x0,x29	  x0:0x00000000 x29:0xf3e16000
       10775000	      1076	800039c0	0054c933	xor	x18,x9,x5	  x9:0x0000000c  x5:0x0007ffa3 x18=0x0007ffaf
       10785000	      1077	800039c4	00000013	addi	x0,x0,0	  x0:0x00000000
       10795000	      1078	800039c8	03a34663	blt	x6,x26,800039f4	  x6:0x01dd1e00 x26:0x000004e3
       10805000	      1079	800039cc	00a006b3	add	x13,x0,x10	  x0:0x00000000 x10:0xfff80009 x13=0xfff80009
       10815000	      1080	800039d0	00b85fb3	srl	x31,x16,x11	 x16:0x00000000 x11:0x80009fc4 x31=0x00000000
       10825000	      1081	800039d4	0466f863	bgeu	x13,x6,80003a24	 x13:0xfff80009  x6:0x01dd1e00
       10835000	      1082	00000000	00000013	addi	x0,x0,0	  x0:0x00000000
       10845000	      1083	80003a20	00000013	addi	x0,x0,0	  x0:0x00000000
       10855000	      1084	80003a24	e91caf93	slti	x31,x25,-367	 x25:0xffffff8d x31=0x00000000
       10865000	      1085	80003a28	015b70b3	and	x1,x22,x21	 x22:0x0000ee8f x21:0x000000e5  x1=0x00000085
       10875000	      1086	80003a2c	008a6263	bltu	x20,x8,80003a30	 x20:0xffff4b84  x8:0xfffffa84
       10885000	      1087	00000000	00000013	addi	x0,x0,0	  x0:0x00000000
       10895000	      1088	80003a2c	00000013	addi	x0,x0,0	  x0:0x00000000
       10905000	      1089	80003a30	fdad8193	addi	x3,x27,-38	 x27:0x80008a88  x3=0x80008a62
       10915000	      1090	80003a34	018d0db3	add	x27,x26,x24	 x26:0x000004e3 x24:0x00000000 x27=0x000004e3
       10925000	      1091	80003a38	41b85933	sra	x18,x16,x27	 x16:0x00000000 x27:0x000004e3 x18=0x00000000
       10935000	      1092	80003a3c	a8916037	lui	x0,0xa8916	
       10945000	      1093	80003a40	41a38b33	sub	x22,x7,x26	  x7:0xffffffff x26:0x000004e3 x22=0xfffffb1c
       10955000	      1094	80003a44	95ee0513	addi	x10,x28,-1698	 x28:0xfffffd89 x10=0xfffff6e7
       10965000	      1095	80003a48	41a8de13	srai	x28,x17,0x1a	 x17:0x00080000 x28=0x00000000
       10975000	      1096	80003a4c	00000013	addi	x0,x0,0	  x0:0x00000000
       10985000	      1097	80003a50	41d0d293	srai	x5,x1,0x1d	  x1:0x00000085  x5=0x00000000
       10995000	      1098	80003a54	0164f3b3	and	x7,x9,x22	  x9:0x0000000c x22:0xfffffb1c  x7=0x0000000c
       11005000	      1099	80003a58	03f04a63	blt	x0,x31,80003a8c	  x0:0x00000000 x31:0x00000000
       11015000	      1100	80003a5c	1e1c3317	auipc	x6,0x1e1c3	  x6=0x9e1c6a58
       11025000	      1101	80003a60	013002b3	add	x5,x0,x19	  x0:0x00000000 x19:0x00000000  x5=0x00000000
       11035000	      1102	80003a64	0155e8b3	or	x17,x11,x21	 x11:0x80009fc4 x21:0x000000e5 x17=0x80009fe5
       11045000	      1103	80003a68	e92f6213	ori	x4,x30,-366	 x30:0x00004630  x4=0xfffffeb2
       11055000	      1104	80003a6c	0b7f0e13	addi	x28,x30,183	 x30:0x00004630 x28=0x000046e7
       11065000	      1105	80003a70	01db5a13	srli	x20,x22,0x1d	 x22:0xfffffb1c x20=0x00000007
       11075000	      1106	80003a74	4132d6b3	sra	x13,x5,x19	  x5:0x00000000 x19:0x00000000 x13=0x00000000
       11085000	      1107	80003a78	00fbeb33	or	x22,x23,x15	 x23:0xffffff8d x15:0x80009f4c x22=0xffffffcd
       11095000	      1108	80003a7c	00000013	addi	x0,x0,0	  x0:0x00000000
       11105000	      1109	80003a80	050d8863	beq	x27,x16,80003ad0	 x27:0x000004e3 x16:0x00000000
       11115000	      1110	80003a84	019fca63	blt	x31,x25,80003a98	 x31:0x00000000 x25:0xffffff8d
       11125000	      1111	80003a88	0155da93	srli	x21,x11,0x15	 x11:0x80009fc4 x21=0x00000400
       11135000	      1112	80003a8c	00dc60b3	or	x1,x24,x13	 x24:0x00000000 x13:0x00000000  x1=0x00000000
       11145000	      1113	80003a90	c6c3b613	sltiu	x12,x7,-916	  x7:0x0000000c x12=0x00000001
       11155000	      1114	80003a94	dce56713	ori	x14,x10,-562	 x10:0xfffff6e7 x14=0xffffffef
       11165000	      1115	80003a98	01f99633	sll	x12,x19,x31	 x19:0x00000000 x31:0x00000000 x12=0x00000000
       11175000	      1116	80003a9c	56dc7537	lui	x10,0x56dc7	 x10=0x56dc7000
       11185000	      1117	80003aa0	04134063	blt	x6,x1,80003ae0	  x6:0x9e1c6a58  x1:0x00000000
       11195000	      1118	00000000	00000013	addi	x0,x0,0	  x0:0x00000000
       11205000	      1119	80003adc	00000013	addi	x0,x0,0	  x0:0x00000000
       11215000	      1120	80003ae0	f7048113	addi	x2,x9,-144	  x9:0x0000000c  x2=0xffffff7c
       11225000	      1121	80003ae4	8d0c3f93	sltiu	x31,x24,-1840	 x24:0x00000000 x31=0x00000001
       11235000	      1122	80003ae8	01d7feb3	and	x29,x15,x29	 x15:0x80009f4c x29:0xf3e16000 x29=0x80000000
       11245000	      1123	80003aec	b20bc293	xori	x5,x23,-1248	 x23:0xffffff8d  x5=0x000004ad
       11255000	      1124	80003af0	97f18f93	addi	x31,x3,-1665	  x3:0x80008a62 x31=0x800083e1
       11265000	      1125	80003af4	1171a113	slti	x2,x3,279	  x3:0x80008a62  x2=0x00000001
       11275000	      1126	80003af8	78a7e713	ori	x14,x15,1930	 x15:0x80009f4c x14=0x80009fce
       11285000	      1127	80003afc	05550863	beq	x10,x21,80003b4c	 x10:0x56dc7000 x21:0x00000400
       11295000	      1128	80003b00	33f7ba13	sltiu	x20,x15,831	 x15:0x80009f4c x20=0x00000000
       11305000	      1129	80003b04	019989b3	add	x19,x19,x25	 x19:0x00000000 x25:0xffffff8d x19=0xffffff8d
       11315000	      1130	80003b08	69a00c93	addi	x25,x0,1690	  x0:0x00000000 x25=0x0000069a
       11325000	      1131	80003b0c	00451eb3	sll	x29,x10,x4	 x10:0x56dc7000  x4:0xfffffeb2 x29=0xc0000000
       11335000	      1132	80003b10	015ee433	or	x8,x29,x21	 x29:0xc0000000 x21:0x00000400  x8=0xc0000400
       11345000	      1133	80003b14	01fa4fb3	xor	x31,x20,x31	 x20:0x00000000 x31:0x800083e1 x31=0x800083e1
       11355000	      1134	80003b18	03b09663	bne	x1,x27,80003b44	  x1:0x00000000 x27:0x000004e3
       11365000	      1135	00000000	00000013	addi	x0,x0,0	  x0:0x00000000
       11375000	      1136	80003b40	00000013	addi	x0,x0,0	  x0:0x00000000
       11385000	      1137	80003b44	00e4c863	blt	x9,x14,80003b54	  x9:0x0000000c x14:0x80009fce
       11395000	      1138	80003b48	05305863	bge	x0,x19,80003b98	  x0:0x00000000 x19:0xffffff8d
       11405000	      1139	00000000	00000013	addi	x0,x0,0	  x0:0x00000000
       11415000	      1140	80003b94	00000013	addi	x0,x0,0	  x0:0x00000000
       11425000	      1141	80003b98	01604e63	blt	x0,x22,80003bb4	  x0:0x00000000 x22:0xffffffcd
       11435000	      1142	80003b9c	003e98b3	sll	x17,x29,x3	 x29:0xc0000000  x3:0x80008a62 x17=0x00000000
       11445000	      1143	80003ba0	a99fef13	ori	x30,x31,-1383	 x31:0x800083e1 x30=0xfffffbf9
       11455000	      1144	80003ba4	8fc1a913	slti	x18,x3,-1796	  x3:0x80008a62 x18=0x00000001
       11465000	      1145	80003ba8	0051ca63	blt	x3,x5,80003bbc	  x3:0x80008a62  x5:0x000004ad
       11475000	      1146	00000000	00000013	addi	x0,x0,0	  x0:0x00000000
       11485000	      1147	80003bb8	00000013	addi	x0,x0,0	  x0:0x00000000
       11495000	      1148	80003bbc	f84a8e93	addi	x29,x21,-124	 x21:0x00000400 x29=0x00000384
       11505000	      1149	80003bc0	00d57cb3	and	x25,x10,x13	 x10:0x56dc7000 x13:0x00000000 x25=0x00000000
       11515000	      1150	80003bc4	00826863	bltu	x4,x8,80003bd4	  x4:0xfffffeb2  x8:0xc0000400
       11525000	      1151	80003bc8	7900b393	sltiu	x7,x1,1936	  x1:0x00000000  x7=0x00000001
       11535000	      1152	80003bcc	007e6533	or	x10,x28,x7	 x28:0x000046e7  x7:0x00000001 x10=0x000046e7
       11545000	      1153	80003bd0	0486d863	bge	x13,x8,80003c20	 x13:0x00000000  x8:0xc0000400
       11555000	      1154	00000000	00000013	addi	x0,x0,0	  x0:0x00000000
       11565000	      1155	80003c1c	00000013	addi	x0,x0,0	  x0:0x00000000
       11575000	      1156	80003c20	fbcd2517	auipc	x10,0xfbcd2	 x10=0x7bcd5c1c
       11585000	      1157	80003c24	adc96e93	ori	x29,x18,-1316	 x18:0x00000001 x29=0xfffffadd
       11595000	      1158	80003c28	40890fb3	sub	x31,x18,x8	 x18:0x00000001  x8:0xc0000400 x31=0x3ffffc01
       11605000	      1159	80003c2c	01de12b3	sll	x5,x28,x29	 x28:0x000046e7 x29:0xfffffadd  x5=0xe0000000
       11615000	      1160	80003c30	00386133	or	x2,x16,x3	 x16:0x00000000  x3:0x80008a62  x2=0x80008a62
       11625000	      1161	80003c34	00000013	addi	x0,x0,0	  x0:0x00000000
       11635000	      1162	80003c38	13b94e93	xori	x29,x18,315	 x18:0x00000001 x29=0x0000013a
       11645000	      1163	80003c3c	02170063	beq	x14,x1,80003c5c	 x14:0x80009fce  x1:0x00000000
       11655000	      1164	80003c40	4fab8897	auipc	x17,0x4fab8	 x17=0xcfabbc3c
       11665000	      1165	80003c44	edaa3e13	sltiu	x28,x20,-294	 x20:0x00000000 x28=0x00000001
       11675000	      1166	80003c48	5bc63d93	sltiu	x27,x12,1468	 x12:0x00000000 x27=0x00000001
       11685000	      1167	80003c4c	077af993	andi	x19,x21,119	 x21:0x00000400 x19=0x00000000
       11695000	      1168	80003c50	e8bff513	andi	x10,x31,-373	 x31:0x3ffffc01 x10=0x3ffffc01
       11705000	      1169	80003c54	008eaab3	slt	x21,x29,x8	 x29:0x0000013a  x8:0xc0000400 x21=0x00000000
       11715000	      1170	80003c58	007f8263	beq	x31,x7,80003c5c	 x31:0x3ffffc01  x7:0x00000001
       11725000	      1171	80003c5c	2a6f2f13	slti	x30,x30,678	 x30:0xfffffbf9 x30=0x00000001
       11735000	      1172	80003c60	755e9c17	auipc	x24,0x755e9	 x24=0xf55ecc5c
       11745000	      1173	80003c64	05514463	blt	x2,x21,80003cac	  x2:0x80008a62 x21:0x00000000
       11755000	      1174	00000000	00000013	addi	x0,x0,0	  x0:0x00000000
       11765000	      1175	80003ca8	00000013	addi	x0,x0,0	  x0:0x00000000
       11775000	      1176	80003cac	02dad863	bge	x21,x13,80003cdc	 x21:0x00000000 x13:0x00000000
       11785000	      1177	00000000	00000013	addi	x0,x0,0	  x0:0x00000000
       11795000	      1178	80003cd8	00000013	addi	x0,x0,0	  x0:0x00000000
       11805000	      1179	80003cdc	00000013	addi	x0,x0,0	  x0:0x00000000
       11815000	      1180	80003ce0	41f05413	srai	x8,x0,0x1f	  x0:0x00000000  x8=0x00000000
       11825000	      1181	80003ce4	00d252b3	srl	x5,x4,x13	  x4:0xfffffeb2 x13:0x00000000  x5=0xfffffeb2
       11835000	      1182	80003ce8	018883b3	add	x7,x17,x24	 x17:0xcfabbc3c x24:0xf55ecc5c  x7=0xc50a8898
       11845000	      1183	80003cec	00b49033	sll	x0,x9,x11	  x9:0x0000000c x11:0x80009fc4
       11855000	      1184	80003cf0	01bab2b3	sltu	x5,x21,x27	 x21:0x00000000 x27:0x00000001  x5=0x00000001
       11865000	      1185	80003cf4	40d350b3	sra	x1,x6,x13	  x6:0x9e1c6a58 x13:0x00000000  x1=0x9e1c6a58
       11875000	      1186	80003cf8	01a54eb3	xor	x29,x10,x26	 x10:0x3ffffc01 x26:0x000004e3 x29=0x3ffff8e2
       11885000	      1187	80003cfc	04ed7863	bgeu	x26,x14,80003d4c	 x26:0x000004e3 x14:0x80009fce
       11895000	      1188	80003d00	010fda63	bge	x31,x16,80003d14	 x31:0x3ffffc01 x16:0x00000000
       11905000	      1189	00000000	00000013	addi	x0,x0,0	  x0:0x00000000
       11915000	      1190	80003d10	00000013	addi	x0,x0,0	  x0:0x00000000
       11925000	      1191	80003d14	01599113	slli	x2,x19,0x15	 x19:0x00000000  x2=0x00000000
       11935000	      1192	80003d18	01caf9b3	and	x19,x21,x28	 x21:0x00000000 x28:0x00000001 x19=0x00000000
       11945000	      1193	80003d1c	1b248e13	addi	x28,x9,434	  x9:0x0000000c x28=0x000001be
       11955000	      1194	80003d20	87753993	sltiu	x19,x10,-1929	 x10:0x3ffffc01 x19=0x00000001
       11965000	      1195	80003d24	794f2e93	slti	x29,x30,1940	 x30:0x00000001 x29=0x00000001
       11975000	      1196	80003d28	012d82b3	add	x5,x27,x18	 x27:0x00000001 x18:0x00000001  x5=0x00000002
       11985000	      1197	80003d2c	63bbff13	andi	x30,x23,1595	 x23:0xffffff8d x30=0x00000609
       11995000	      1198	80003d30	04a31863	bne	x6,x10,80003d80	  x6:0x9e1c6a58 x10:0x3ffffc01
       12005000	      1199	00000000	00000013	addi	x0,x0,0	  x0:0x00000000
       12015000	      1200	80003d7c	00000013	addi	x0,x0,0	  x0:0x00000000
       12025000	      1201	80003d80	0080beb3	sltu	x29,x1,x8	  x1:0x9e1c6a58  x8:0x00000000 x29=0x00000000
       12035000	      1202	80003d84	006debb3	or	x23,x27,x6	 x27:0x00000001  x6:0x9e1c6a58 x23=0x9e1c6a59
       12045000	      1203	80003d88	0143bb33	sltu	x22,x7,x20	  x7:0xc50a8898 x20:0x00000000 x22=0x00000000
       12055000	      1204	80003d8c	af090093	addi	x1,x18,-1296	 x18:0x00000001  x1=0xfffffaf1
       12065000	      1205	80003d90	4180d693	srai	x13,x1,0x18	  x1:0xfffffaf1 x13=0xffffffff
       12075000	      1206	80003d94	9475f713	andi	x14,x11,-1721	 x11:0x80009fc4 x14=0x80009944
       12085000	      1207	80003d98	0f235c63	bge	x6,x18,80003e90	  x6:0x9e1c6a58 x18:0x00000001
       12095000	      1208	80003d9c	004ed113	srli	x2,x29,0x4	 x29:0x00000000  x2=0x00000000
       12105000	      1209	80003da0	014300b3	add	x1,x6,x20	  x6:0x9e1c6a58 x20:0x00000000  x1=0x9e1c6a58
       12115000	      1210	80003da4	0194e3b3	or	x7,x9,x25	  x9:0x0000000c x25:0x00000000  x7=0x0000000c
       12125000	      1211	80003da8	0f5b6c63	bltu	x22,x21,80003ea0	 x22:0x00000000 x21:0x00000000
       12135000	      1212	80003dac	01cc5313	srli	x6,x24,0x1c	 x24:0xf55ecc5c  x6=0x0000000f
       12145000	      1213	80003db0	00000013	addi	x0,x0,0	  x0:0x00000000
       12155000	      1214	80003db4	01d29733	sll	x14,x5,x29	  x5:0x00000002 x29:0x00000000 x14=0x00000002
       12165000	      1215	80003db8	350dbf37	lui	x30,0x350db	 x30=0x350db000
       12175000	      1216	80003dbc	01854e33	xor	x28,x10,x24	 x10:0x3ffffc01 x24:0xf55ecc5c x28=0xcaa1305d
       12185000	      1217	80003dc0	00005b17	auipc	x22,0x5	 x22=0x80008dbc
       12195000	      1218	80003dc4	fe0b0b13	addi	x22,x22,-32	 x22:0x80008dbc x22=0x80008d9c
       12205000	      1219	80003dc8	b09b1723	sh	x9,-1266(x22)	 x22:0x80008d9c  x9:0x0000000c PA:0x800088aa
       12215000	      1220	80003dcc	0d4b5703	lhu	x14,212(x22)	 x22:0x80008d9c x14=0x0000eb06 PA:0x80008e70
       12225000	      1221	80003dd0	51da6193	ori	x3,x20,1309	 x20:0x00000000  x3=0x0000051d
       12235000	      1222	80003dd4	baeb0f23	sb	x14,-1090(x22)	 x22:0x80008d9c x14:0x0000eb06 PA:0x8000895a
       12245000	      1223	80003dd8	01ea9a33	sll	x20,x21,x30	 x21:0x00000000 x30:0x350db000 x20=0x00000000
       12255000	      1224	80003ddc	0166d093	srli	x1,x13,0x16	 x13:0xffffffff  x1=0x000003ff
       12265000	      1225	80003de0	001502b3	add	x5,x10,x1	 x10:0x3ffffc01  x1:0x000003ff  x5=0x40000000
       12275000	      1226	80003de4	008ba6b3	slt	x13,x23,x8	 x23:0x9e1c6a59  x8:0x00000000 x13=0x00000001
       12285000	      1227	80003de8	af3b1323	sh	x19,-1306(x22)	 x22:0x80008d9c x19:0x00000001 PA:0x80008882
       12295000	      1228	80003dec	00659393	slli	x7,x11,0x6	 x11:0x80009fc4  x7=0x0027f100
       12305000	      1229	80003df0	29a02293	slti	x5,x0,666	  x0:0x00000000  x5=0x00000001
       12315000	      1230	80003df4	f4144537	lui	x10,0xf4144	 x10=0xf4144000
       12325000	      1231	80003df8	de8b07a3	sb	x8,-529(x22)	 x22:0x80008d9c  x8:0x00000000 PA:0x80008b8b
       12335000	      1232	80003dfc	1edb4a03	lbu	x20,493(x22)	 x22:0x80008d9c x20=0x00000096 PA:0x80008f89
       12345000	      1233	80003e00	d2bb0c23	sb	x11,-712(x22)	 x22:0x80008d9c x11:0x80009fc4 PA:0x80008ad4
       12355000	      1234	80003e04	dc9b4103	lbu	x2,-567(x22)	 x22:0x80008d9c  x2=0x000000ca PA:0x80008b65
       12365000	      1235	80003e08	015cd413	srli	x8,x25,0x15	 x25:0x00000000  x8=0x00000000
       12375000	      1236	80003e0c	0167dd13	srli	x26,x15,0x16	 x15:0x80009f4c x26=0x00000200
       12385000	      1237	80003e10	c7eb0183	lb	x3,-898(x22)	 x22:0x80008d9c  x3=0x0000001d PA:0x80008a1a
       12395000	      1238	80003e14	c1db0723	sb	x29,-1010(x22)	 x22:0x80008d9c x29:0x00000000 PA:0x800089aa
       12405000	      1239	80003e18	f87b0383	lb	x7,-121(x22)	 x22:0x80008d9c  x7=0xffffffd3 PA:0x80008d23
       12415000	      1240	80003e1c	f71b4c83	lbu	x25,-143(x22)	 x22:0x80008d9c x25=0x0000008a PA:0x80008d0d
       12425000	      1241	80003e20	01da2133	slt	x2,x20,x29	 x20:0x00000096 x29:0x00000000  x2=0x00000000
       12435000	      1242	80003e24	017f2fb3	slt	x31,x30,x23	 x30:0x350db000 x23:0x9e1c6a59 x31=0x00000000
       12445000	      1243	80003e28	012f1313	slli	x6,x30,0x12	 x30:0x350db000  x6=0xc0000000
       12455000	      1244	80003e2c	c2bb0203	lb	x4,-981(x22)	 x22:0x80008d9c  x4=0xffffffe3 PA:0x800089c7
       12465000	      1245	80003e30	0d9b0823	sb	x25,208(x22)	 x22:0x80008d9c x25:0x0000008a PA:0x80008e6c
       12475000	      1246	80003e34	40910a33	sub	x20,x2,x9	  x2:0x00000000  x9:0x0000000c x20=0xfffffff4
       12485000	      1247	80003e38	01890733	add	x14,x18,x24	 x18:0x00000001 x24:0xf55ecc5c x14=0xf55ecc5d
       12495000	      1248	80003e3c	b68b00a3	sb	x8,-1183(x22)	 x22:0x80008d9c  x8:0x00000000 PA:0x800088fd
       12505000	      1249	80003e40	f83b0b83	lb	x23,-125(x22)	 x22:0x80008d9c x23=0x00000006 PA:0x80008d1f
       12515000	      1250	80003e44	ee9b0703	lb	x14,-279(x22)	 x22:0x80008d9c x14=0xffffffab PA:0x80008c85
       12525000	      1251	80003e48	c22b5903	lhu	x18,-990(x22)	 x22:0x80008d9c x18=0x000035f5 PA:0x800089be
       12535000	      1252	80003e4c	061b0d83	lb	x27,97(x22)	 x22:0x80008d9c x27=0x0000006b PA:0x80008dfd
       12545000	      1253	80003e50	01f838b3	sltu	x17,x16,x31	 x16:0x00000000 x31:0x00000000 x17=0x00000000
       12555000	      1254	80003e54	ecdb4183	lbu	x3,-307(x22)	 x22:0x80008d9c  x3=0x0000009a PA:0x80008c69
       12565000	      1255	80003e58	0012d6b3	srl	x13,x5,x1	  x5:0x00000001  x1:0x000003ff x13=0x00000000
       12575000	      1256	80003e5c	00d45a33	srl	x20,x8,x13	  x8:0x00000000 x13:0x00000000 x20=0x00000000
       12585000	      1257	80003e60	b46ddc17	auipc	x24,0xb46dd	 x24=0x346e0e5c
       12595000	      1258	80003e64	25ab03a3	sb	x26,583(x22)	 x22:0x80008d9c x26:0x00000200 PA:0x80008fe3
       12605000	      1259	80003e68	01ca0e33	add	x28,x20,x28	 x20:0x00000000 x28:0xcaa1305d x28=0xcaa1305d
       12615000	      1260	80003e6c	c891c513	xori	x10,x3,-887	  x3:0x0000009a x10=0xfffffc13
       12625000	      1261	80003e70	a55f9417	auipc	x8,0xa55f9	  x8=0x255fce6c
       12635000	      1262	80003e74	00000013	addi	x0,x0,0	  x0:0x00000000
       12645000	      1263	80003e78	bddab937	lui	x18,0xbddab	 x18=0xbddab000
       12655000	      1264	80003e7c	0a6b0203	lb	x4,166(x22)	 x22:0x80008d9c  x4=0xffffff84 PA:0x80008e42
       12665000	      1265	80003e80	0010ee33	or	x28,x1,x1	  x1:0x000003ff  x1:0x000003ff x28=0x000003ff
       12675000	      1266	80003e84	00000013	addi	x0,x0,0	  x0:0x00000000
       12685000	      1267	80003e88	227b4d83	lbu	x27,551(x22)	 x22:0x80008d9c x27=0x000000c8 PA:0x80008fc3
       12695000	      1268	80003e8c	0178d863	bge	x17,x23,80003e9c	 x17:0x00000000 x23:0x00000006
       12705000	      1269	80003e90	00255113	srli	x2,x10,0x2	 x10:0xfffffc13  x2=0x3fffff04
       12715000	      1270	80003e94	00e41133	sll	x2,x8,x14	  x8:0x255fce6c x14:0xffffffab  x2=0xfe736000
       12725000	      1271	80003e98	40fdd433	sra	x8,x27,x15	 x27:0x000000c8 x15:0x80009f4c  x8=0x00000000
       12735000	      1272	80003e9c	01b09d93	slli	x27,x1,0x1b	  x1:0x000003ff x27=0xf8000000
       12745000	      1273	80003ea0	01518f33	add	x30,x3,x21	  x3:0x0000009a x21:0x00000000 x30=0x0000009a
       12755000	      1274	80003ea4	008232b3	sltu	x5,x4,x8	  x4:0xffffff84  x8:0x00000000  x5=0x00000000
       12765000	      1275	80003ea8	03487863	bgeu	x16,x20,80003ed8	 x16:0x00000000 x20:0x00000000
       12775000	      1276	00000000	00000013	addi	x0,x0,0	  x0:0x00000000
       12785000	      1277	80003ed4	00000013	addi	x0,x0,0	  x0:0x00000000
       12795000	      1278	80003ed8	015fee63	bltu	x31,x21,80003ef4	 x31:0x00000000 x21:0x00000000
       12805000	      1279	80003edc	04204863	blt	x0,x2,80003f2c	  x0:0x00000000  x2:0xfe736000
       12815000	      1280	80003ee0	00e3a513	slti	x10,x7,14	  x7:0xffffffd3 x10=0x00000001
       12825000	      1281	80003ee4	282da213	slti	x4,x27,642	 x27:0xf8000000  x4=0x00000001
       12835000	      1282	80003ee8	8a562d13	slti	x26,x12,-1883	 x12:0x00000000 x26=0x00000000
       12845000	      1283	80003eec	03c5ca63	blt	x11,x28,80003f20	 x11:0x80009fc4 x28:0x000003ff
       12855000	      1284	00000000	00000013	addi	x0,x0,0	  x0:0x00000000
       12865000	      1285	80003f1c	00000013	addi	x0,x0,0	  x0:0x00000000
       12875000	      1286	80003f20	685d4c13	xori	x24,x26,1669	 x26:0x00000000 x24=0x00000685
       12885000	      1287	80003f24	01684263	blt	x16,x22,80003f28	 x16:0x00000000 x22:0x80008d9c
       12895000	      1288	80003f28	3c89ecb7	lui	x25,0x3c89e	 x25=0x3c89e000
       12905000	      1289	80003f2c	04950863	beq	x10,x9,80003f7c	 x10:0x00000001  x9:0x0000000c
       12915000	      1290	80003f30	f229a713	slti	x14,x19,-222	 x19:0x00000001 x14=0x00000000
       12925000	      1291	80003f34	03d87063	bgeu	x16,x29,80003f54	 x16:0x00000000 x29:0x00000000
       12935000	      1292	00000000	00000013	addi	x0,x0,0	  x0:0x00000000
       12945000	      1293	80003f50	00000013	addi	x0,x0,0	  x0:0x00000000
       12955000	      1294	80003f54	01221e63	bne	x4,x18,80003f70	  x4:0x00000001 x18:0xbddab000
       12965000	      1295	00000000	00000013	addi	x0,x0,0	  x0:0x00000000
       12975000	      1296	80003f6c	00000013	addi	x0,x0,0	  x0:0x00000000
       12985000	      1297	80003f70	028b6c63	bltu	x22,x8,80003fa8	 x22:0x80008d9c  x8:0x00000000
       12995000	      1298	80003f74	e90aad13	slti	x26,x21,-368	 x21:0x00000000 x26=0x00000000
       13005000	      1299	80003f78	02d5ca63	blt	x11,x13,80003fac	 x11:0x80009fc4 x13:0x00000000
       13015000	      1300	00000000	00000013	addi	x0,x0,0	  x0:0x00000000
       13025000	      1301	80003fa8	00000013	addi	x0,x0,0	  x0:0x00000000
       13035000	      1302	80003fac	007f4e63	blt	x30,x7,80003fc8	 x30:0x0000009a  x7:0xffffffd3
       13045000	      1303	80003fb0	023f9663	bne	x31,x3,80003fdc	 x31:0x00000000  x3:0x0000009a
       13055000	      1304	00000000	00000013	addi	x0,x0,0	  x0:0x00000000
       13065000	      1305	80003fd8	00000013	addi	x0,x0,0	  x0:0x00000000
       13075000	      1306	80003fdc	419c5633	sra	x12,x24,x25	 x24:0x00000685 x25:0x3c89e000 x12=0x00000685
       13085000	      1307	80003fe0	009cb933	sltu	x18,x25,x9	 x25:0x3c89e000  x9:0x0000000c x18=0x00000000
       13095000	      1308	80003fe4	00875f33	srl	x30,x14,x8	 x14:0x00000000  x8:0x00000000 x30=0x00000000
       13105000	      1309	80003fe8	ba46fd93	andi	x27,x13,-1116	 x13:0x00000000 x27=0x00000000
       13115000	      1310	80003fec	1a5eee93	ori	x29,x29,421	 x29:0x00000000 x29=0x000001a5
       13125000	      1311	80003ff0	018e5633	srl	x12,x28,x24	 x28:0x000003ff x24:0x00000685 x12=0x0000001f
       13135000	      1312	80003ff4	a2f3e093	ori	x1,x7,-1489	  x7:0xffffffd3  x1=0xffffffff
       13145000	      1313	80003ff8	01eb02b3	add	x5,x22,x30	 x22:0x80008d9c x30:0x00000000  x5=0x80008d9c
       13155000	      1314	80003ffc	0082a0b3	slt	x1,x5,x8	  x5:0x80008d9c  x8:0x00000000  x1=0x00000001
       13165000	      1315	80004000	00a33233	sltu	x4,x6,x10	  x6:0xc0000000 x10:0x00000001  x4=0x00000000
       13175000	      1316	80004004	eac2e813	ori	x16,x5,-340	  x5:0x80008d9c x16=0xffffffbc
       13185000	      1317	80004008	04b64863	blt	x12,x11,80004058	 x12:0x0000001f x11:0x80009fc4
       13195000	      1318	8000400c	01f64f33	xor	x30,x12,x31	 x12:0x0000001f x31:0x00000000 x30=0x0000001f
       13205000	      1319	80004010	053e6863	bltu	x28,x19,80004060	 x28:0x000003ff x19:0x00000001
       13215000	      1320	80004014	026e9c63	bne	x29,x6,8000404c	 x29:0x000001a5  x6:0xc0000000
       13225000	      1321	00000000	00000013	addi	x0,x0,0	  x0:0x00000000
       13235000	      1322	80004048	00000013	addi	x0,x0,0	  x0:0x00000000
       13245000	      1323	8000404c	7c1f8017	auipc	x0,0x7c1f8	
       13255000	      1324	80004050	40f453b3	sra	x7,x8,x15	  x8:0x00000000 x15:0x80009f4c  x7=0x00000000
       13265000	      1325	80004054	00000013	addi	x0,x0,0	  x0:0x00000000
       13275000	      1326	80004058	007a3fb3	sltu	x31,x20,x7	 x20:0x00000000  x7:0x00000000 x31=0x00000000
       13285000	      1327	8000405c	01b49193	slli	x3,x9,0x1b	  x9:0x0000000c  x3=0x60000000
       13295000	      1328	80004060	00000013	addi	x0,x0,0	  x0:0x00000000
       13305000	      1329	80004064	01d26863	bltu	x4,x29,80004074	  x4:0x00000000 x29:0x000001a5
       13315000	      1330	00000000	00000013	addi	x0,x0,0	  x0:0x00000000
       13325000	      1331	80004070	00000013	addi	x0,x0,0	  x0:0x00000000
       13335000	      1332	80004074	014a0533	add	x10,x20,x20	 x20:0x00000000 x20:0x00000000 x10=0x00000000
       13345000	      1333	80004078	00000013	addi	x0,x0,0	  x0:0x00000000
       13355000	      1334	8000407c	ef544b93	xori	x23,x8,-267	  x8:0x00000000 x23=0xfffffef5
       13365000	      1335	80004080	01bcdd13	srli	x26,x25,0x1b	 x25:0x3c89e000 x26=0x00000007
       13375000	      1336	80004084	018bb8b3	sltu	x17,x23,x24	 x23:0xfffffef5 x24:0x00000685 x17=0x00000000
       13385000	      1337	80004088	0031aeb3	slt	x29,x3,x3	  x3:0x60000000  x3:0x60000000 x29=0x00000000
       13395000	      1338	8000408c	00000013	addi	x0,x0,0	  x0:0x00000000
       13405000	      1339	80004090	00e48233	add	x4,x9,x14	  x9:0x0000000c x14:0x00000000  x4=0x0000000c
       13415000	      1340	80004094	00fa98b3	sll	x17,x21,x15	 x21:0x00000000 x15:0x80009f4c x17=0x00000000
       13425000	      1341	80004098	009fc6b3	xor	x13,x31,x9	 x31:0x00000000  x9:0x0000000c x13=0x0000000c
       13435000	      1342	8000409c	03186463	bltu	x16,x17,800040c4	 x16:0xffffffbc x17:0x00000000
       13445000	      1343	800040a0	8e032f13	slti	x30,x6,-1824	  x6:0xc0000000 x30=0x00000001
       13455000	      1344	800040a4	058a0063	beq	x20,x24,800040e4	 x20:0x00000000 x24:0x00000685
       13465000	      1345	800040a8	029dc863	blt	x27,x9,800040d8	 x27:0x00000000  x9:0x0000000c
       13475000	      1346	00000000	00000013	addi	x0,x0,0	  x0:0x00000000
       13485000	      1347	800040d4	00000013	addi	x0,x0,0	  x0:0x00000000
       13495000	      1348	800040d8	01b9ca63	blt	x19,x27,800040ec	 x19:0x00000001 x27:0x00000000
       13505000	      1349	800040dc	00d6ebb3	or	x23,x13,x13	 x13:0x0000000c x13:0x0000000c x23=0x0000000c
       13515000	      1350	800040e0	3ddb6313	ori	x6,x22,989	 x22:0x80008d9c  x6=0x80008fdd
       13525000	      1351	800040e4	41a50cb3	sub	x25,x10,x26	 x10:0x00000000 x26:0x00000007 x25=0xfffffff9
       13535000	      1352	800040e8	00fe1e93	slli	x29,x28,0xf	 x28:0x000003ff x29=0x01ff8000
       13545000	      1353	800040ec	249c3613	sltiu	x12,x24,585	 x24:0x00000685 x12=0x00000000
       13555000	      1354	800040f0	01b4c3b3	xor	x7,x9,x27	  x9:0x0000000c x27:0x00000000  x7=0x0000000c
       13565000	      1355	800040f4	008d1263	bne	x26,x8,800040f8	 x26:0x00000007  x8:0x00000000
       13575000	      1356	00000000	00000013	addi	x0,x0,0	  x0:0x00000000
       13585000	      1357	800040f4	00000013	addi	x0,x0,0	  x0:0x00000000
       13595000	      1358	800040f8	03200663	beq	x0,x18,80004124	  x0:0x00000000 x18:0x00000000
       13605000	      1359	00000000	00000013	addi	x0,x0,0	  x0:0x00000000
       13615000	      1360	80004120	00000013	addi	x0,x0,0	  x0:0x00000000
       13625000	      1361	80004124	001d1893	slli	x17,x26,0x1	 x26:0x00000007 x17=0x0000000e
       13635000	      1362	80004128	00924b33	xor	x22,x4,x9	  x4:0x0000000c  x9:0x0000000c x22=0x00000000
       13645000	      1363	8000412c	0092deb3	srl	x29,x5,x9	  x5:0x80008d9c  x9:0x0000000c x29=0x00080008
       13655000	      1364	80004130	01ecd9b3	srl	x19,x25,x30	 x25:0xfffffff9 x30:0x00000001 x19=0x7ffffffc
       13665000	      1365	80004134	016f68b3	or	x17,x30,x22	 x30:0x00000001 x22:0x00000000 x17=0x00000001
       13675000	      1366	80004138	035ad063	bge	x21,x21,80004158	 x21:0x00000000 x21:0x00000000
       13685000	      1367	00000000	00000013	addi	x0,x0,0	  x0:0x00000000
       13695000	      1368	80004154	00000013	addi	x0,x0,0	  x0:0x00000000
       13705000	      1369	80004158	40c5d913	srai	x18,x11,0xc	 x11:0x80009fc4 x18=0xfff80009
       13715000	      1370	8000415c	01be1833	sll	x16,x28,x27	 x28:0x000003ff x27:0x00000000 x16=0x000003ff
       13725000	      1371	80004160	01f348b3	xor	x17,x6,x31	  x6:0x80008fdd x31:0x00000000 x17=0x80008fdd
       13735000	      1372	80004164	41085333	sra	x6,x16,x16	 x16:0x000003ff x16:0x000003ff  x6=0x00000000
       13745000	      1373	80004168	0002c1b3	xor	x3,x5,x0	  x5:0x80008d9c  x0:0x00000000  x3=0x80008d9c
       13755000	      1374	8000416c	03c5d463	bge	x11,x28,80004194	 x11:0x80009fc4 x28:0x000003ff
       13765000	      1375	80004170	01271433	sll	x8,x14,x18	 x14:0x00000000 x18:0xfff80009  x8=0x00000000
       13775000	      1376	80004174	6f696837	lui	x16,0x6f696	 x16=0x6f696000
       13785000	      1377	80004178	26be3697	auipc	x13,0x26be3	 x13=0xa6be7174
       13795000	      1378	8000417c	41b45433	sra	x8,x8,x27	  x8:0x00000000 x27:0x00000000  x8=0x00000000
       13805000	      1379	80004180	40c3d513	srai	x10,x7,0xc	  x7:0x0000000c x10=0x00000000
       13815000	      1380	80004184	9c886e93	ori	x29,x16,-1592	 x16:0x6f696000 x29=0xfffff9c8
       13825000	      1381	80004188	40935293	srai	x5,x6,0x9	  x6:0x00000000  x5=0x00000000
       13835000	      1382	8000418c	416a8fb3	sub	x31,x21,x22	 x21:0x00000000 x22:0x00000000 x31=0x00000000
       13845000	      1383	80004190	038e0863	beq	x28,x24,800041c0	 x28:0x000003ff x24:0x00000685
       13855000	      1384	80004194	00000013	addi	x0,x0,0	  x0:0x00000000
       13865000	      1385	80004198	c24a3413	sltiu	x8,x20,-988	 x20:0x00000000  x8=0x00000001
       13875000	      1386	8000419c	01a5d213	srli	x4,x11,0x1a	 x11:0x80009fc4  x4=0x00000020
       13885000	      1387	800041a0	235b6d93	ori	x27,x22,565	 x22:0x00000000 x27=0x00000235
       13895000	      1388	800041a4	01444e63	blt	x8,x20,800041c0	  x8:0x00000001 x20:0x00000000
       13905000	      1389	800041a8	00f05833	srl	x16,x0,x15	  x0:0x00000000 x15:0x80009f4c x16=0x00000000
       13915000	      1390	800041ac	00b1d713	srli	x14,x3,0xb	  x3:0x80008d9c x14=0x00100011
       13925000	      1391	800041b0	a901c713	xori	x14,x3,-1392	  x3:0x80008d9c x14=0x7fff770c
       13935000	      1392	800041b4	00b39c33	sll	x24,x7,x11	  x7:0x0000000c x11:0x80009fc4 x24=0x000000c0
       13945000	      1393	800041b8	289bae93	slti	x29,x23,649	 x23:0x0000000c x29=0x00000001
       13955000	      1394	800041bc	01536863	bltu	x6,x21,800041cc	  x6:0x00000000 x21:0x00000000
       13965000	      1395	800041c0	41805e33	sra	x28,x0,x24	  x0:0x00000000 x24:0x000000c0 x28=0x00000000
       13975000	      1396	800041c4	40bb5f13	srai	x30,x22,0xb	 x22:0x00000000 x30=0x00000000
       13985000	      1397	800041c8	00000013	addi	x0,x0,0	  x0:0x00000000
       13995000	      1398	800041cc	00000013	addi	x0,x0,0	  x0:0x00000000
       14005000	      1399	800041d0	0153ef33	or	x30,x7,x21	  x7:0x0000000c x21:0x00000000 x30=0x0000000c
       14015000	      1400	800041d4	00000013	addi	x0,x0,0	  x0:0x00000000
       14025000	      1401	800041d8	00f98263	beq	x19,x15,800041dc	 x19:0x7ffffffc x15:0x80009f4c
       14035000	      1402	800041dc	00773393	sltiu	x7,x14,7	 x14:0x7fff770c  x7=0x00000000
       14045000	      1403	800041e0	00fe6733	or	x14,x28,x15	 x28:0x00000000 x15:0x80009f4c x14=0x80009f4c
       14055000	      1404	800041e4	01ed6633	or	x12,x26,x30	 x26:0x00000007 x30:0x0000000c x12=0x0000000f
       14065000	      1405	800041e8	01e3f233	and	x4,x7,x30	  x7:0x00000000 x30:0x0000000c  x4=0x00000000
       14075000	      1406	800041ec	41e45e13	srai	x28,x8,0x1e	  x8:0x00000001 x28=0x00000000
       14085000	      1407	800041f0	414f5e33	sra	x28,x30,x20	 x30:0x0000000c x20:0x00000000 x28=0x0000000c
       14095000	      1408	800041f4	014ed113	srli	x2,x29,0x14	 x29:0x00000001  x2=0x00000000
       14105000	      1409	800041f8	41fa5093	srai	x1,x20,0x1f	 x20:0x00000000  x1=0x00000000
       14115000	      1410	800041fc	02f1c063	blt	x3,x15,8000421c	  x3:0x80008d9c x15:0x80009f4c
       14125000	      1411	00000000	00000013	addi	x0,x0,0	  x0:0x00000000
       14135000	      1412	80004218	00000013	addi	x0,x0,0	  x0:0x00000000
       14145000	      1413	8000421c	5f04ae13	slti	x28,x9,1520	  x9:0x0000000c x28=0x00000001
       14155000	      1414	80004220	05fec863	blt	x29,x31,80004270	 x29:0x00000001 x31:0x00000000
       14165000	      1415	80004224	41fbddb3	sra	x27,x23,x31	 x23:0x0000000c x31:0x00000000 x27=0x0000000c
       14175000	      1416	80004228	00fa0733	add	x14,x20,x15	 x20:0x00000000 x15:0x80009f4c x14=0x80009f4c
       14185000	      1417	8000422c	7db93a17	auipc	x20,0x7db93	 x20=0xfdb97228
       14195000	      1418	80004230	01b249b3	xor	x19,x4,x27	  x4:0x00000000 x27:0x0000000c x19=0x0000000c
       14205000	      1419	80004234	412b8033	sub	x0,x23,x18	 x23:0x0000000c x18:0xfff80009
       14215000	      1420	80004238	418a0a33	sub	x20,x20,x24	 x20:0xfdb97228 x24:0x000000c0 x20=0xfdb97168
       14225000	      1421	8000423c	0158de63	bge	x17,x21,80004258	 x17:0x80008fdd x21:0x00000000
       14235000	      1422	80004240	cf128c13	addi	x24,x5,-783	  x5:0x00000000 x24=0xfffffcf1
       14245000	      1423	80004244	0548d863	bge	x17,x20,80004294	 x17:0x80008fdd x20:0xfdb97168
       14255000	      1424	80004248	016bde93	srli	x29,x23,0x16	 x23:0x0000000c x29=0x00000000
       14265000	      1425	8000424c	403d8ab3	sub	x21,x27,x3	 x27:0x0000000c  x3:0x80008d9c x21=0x7fff7270
       14275000	      1426	80004250	01cfda93	srli	x21,x31,0x1c	 x31:0x00000000 x21=0x00000000
       14285000	      1427	80004254	01a13eb3	sltu	x29,x2,x26	  x2:0x00000000 x26:0x00000007 x29=0x00000001
       14295000	      1428	80004258	f5693693	sltiu	x13,x18,-170	 x18:0xfff80009 x13=0x00000001
       14305000	      1429	8000425c	7572cd13	xori	x26,x5,1879	  x5:0x00000000 x26=0x00000757
       14315000	      1430	80004260	0a7fc813	xori	x16,x31,167	 x31:0x00000000 x16=0x000000a7
       14325000	      1431	80004264	01e46263	bltu	x8,x30,80004268	  x8:0x00000001 x30:0x0000000c
       14335000	      1432	00000000	00000013	addi	x0,x0,0	  x0:0x00000000
       14345000	      1433	80004264	00000013	addi	x0,x0,0	  x0:0x00000000
       14355000	      1434	80004268	00b3ecb3	or	x25,x7,x11	  x7:0x00000000 x11:0x80009fc4 x25=0x80009fc4
       14365000	      1435	8000426c	01fc8863	beq	x25,x31,8000427c	 x25:0x80009fc4 x31:0x00000000
       14375000	      1436	80004270	016570b3	and	x1,x10,x22	 x10:0x00000000 x22:0x00000000  x1=0x00000000
       14385000	      1437	80004274	00000013	addi	x0,x0,0	  x0:0x00000000
       14395000	      1438	80004278	00461093	slli	x1,x12,0x4	 x12:0x0000000f  x1=0x000000f0
       14405000	      1439	8000427c	3713e2b7	lui	x5,0x3713e	  x5=0x3713e000
       14415000	      1440	80004280	9ca5bb13	sltiu	x22,x11,-1590	 x11:0x80009fc4 x22=0x00000001
       14425000	      1441	80004284	74a38e13	addi	x28,x7,1866	  x7:0x00000000 x28=0x0000074a
       14435000	      1442	80004288	0115a9b3	slt	x19,x11,x17	 x11:0x80009fc4 x17:0x80008fdd x19=0x00000000
       14445000	      1443	8000428c	f33d2e93	slti	x29,x26,-205	 x26:0x00000757 x29=0x00000000
       14455000	      1444	80004290	00cc6a63	bltu	x24,x12,800042a4	 x24:0xfffffcf1 x12:0x0000000f
       14465000	      1445	80004294	0952e413	ori	x8,x5,149	  x5:0x3713e000  x8=0x3713e095
       14475000	      1446	80004298	0424c063	blt	x9,x2,800042d8	  x9:0x0000000c  x2:0x00000000
       14485000	      1447	8000429c	c2032db7	lui	x27,0xc2032	 x27=0xc2032000
       14495000	      1448	800042a0	00b74c33	xor	x24,x14,x11	 x14:0x80009f4c x11:0x80009fc4 x24=0x00000088
       14505000	      1449	800042a4	03906663	bltu	x0,x25,800042d0	  x0:0x00000000 x25:0x80009fc4
       14515000	      1450	00000000	00000013	addi	x0,x0,0	  x0:0x00000000
       14525000	      1451	800042cc	00000013	addi	x0,x0,0	  x0:0x00000000
       14535000	      1452	800042d0	01e8feb3	and	x29,x17,x30	 x17:0x80008fdd x30:0x0000000c x29=0x0000000c
       14545000	      1453	800042d4	403b8b33	sub	x22,x23,x3	 x23:0x0000000c  x3:0x80008d9c x22=0x7fff7270
       14555000	      1454	800042d8	014599b3	sll	x19,x11,x20	 x11:0x80009fc4 x20:0xfdb97168 x19=0x009fc400
       14565000	      1455	800042dc	000596b3	sll	x13,x11,x0	 x11:0x80009fc4  x0:0x00000000 x13=0x80009fc4
       14575000	      1456	800042e0	2995a993	slti	x19,x11,665	 x11:0x80009fc4 x19=0x00000001
       14585000	      1457	800042e4	41328233	sub	x4,x5,x19	  x5:0x3713e000 x19:0x00000001  x4=0x3713dfff
       14595000	      1458	800042e8	00bb4ab3	xor	x21,x22,x11	 x22:0x7fff7270 x11:0x80009fc4 x21=0xffffedb4
       14605000	      1459	800042ec	32cd6693	ori	x13,x26,812	 x26:0x00000757 x13=0x0000077f
       14615000	      1460	800042f0	696a7b93	andi	x23,x20,1686	 x20:0xfdb97168 x23=0x00000000
       14625000	      1461	800042f4	917c6713	ori	x14,x24,-1769	 x24:0x00000088 x14=0xfffff99f
       14635000	      1462	800042f8	49a67b93	andi	x23,x12,1178	 x12:0x0000000f x23=0x0000000a
       14645000	      1463	800042fc	049a6863	bltu	x20,x9,8000434c	 x20:0xfdb97168  x9:0x0000000c
       14655000	      1464	80004300	411409b3	sub	x19,x8,x17	  x8:0x3713e095 x17:0x80008fdd x19=0xb71350b8
       14665000	      1465	80004304	00a923b3	slt	x7,x18,x10	 x18:0xfff80009 x10:0x00000000  x7=0x00000001
       14675000	      1466	80004308	e8b6f113	andi	x2,x13,-373	 x13:0x0000077f  x2=0x0000060b
       14685000	      1467	8000430c	40dc5613	srai	x12,x24,0xd	 x24:0x00000088 x12=0x00000000
       14695000	      1468	80004310	001182b3	add	x5,x3,x1	  x3:0x80008d9c  x1:0x000000f0  x5=0x80008e8c
       14705000	      1469	80004314	02468a63	beq	x13,x4,80004348	 x13:0x0000077f  x4:0x3713dfff
       14715000	      1470	80004318	7109a093	slti	x1,x19,1808	 x19:0xb71350b8  x1=0x00000001
       14725000	      1471	8000431c	03ea9863	bne	x21,x30,8000434c	 x21:0xffffedb4 x30:0x0000000c
       14735000	      1472	00000000	00000013	addi	x0,x0,0	  x0:0x00000000
       14745000	      1473	80004348	00000013	addi	x0,x0,0	  x0:0x00000000
       14755000	      1474	8000434c	41965ab3	sra	x21,x12,x25	 x12:0x00000000 x25:0x80009fc4 x21=0x00000000
       14765000	      1475	80004350	88fe0313	addi	x6,x28,-1905	 x28:0x0000074a  x6=0xffffffd9
       14775000	      1476	80004354	0f783993	sltiu	x19,x16,247	 x16:0x000000a7 x19=0x00000001
       14785000	      1477	80004358	01627933	and	x18,x4,x22	  x4:0x3713dfff x22:0x7fff7270 x18=0x37135270
       14795000	      1478	8000435c	00a73b33	sltu	x22,x14,x10	 x14:0xfffff99f x10:0x00000000 x22=0x00000000
       14805000	      1479	80004360	002f5213	srli	x4,x30,0x2	 x30:0x0000000c  x4=0x00000003
       14815000	      1480	80004364	64b06093	ori	x1,x0,1611	  x0:0x00000000  x1=0x0000064b
       14825000	      1481	80004368	cef96693	ori	x13,x18,-785	 x18:0x37135270 x13=0xfffffeff
       14835000	      1482	8000436c	01c512b3	sll	x5,x10,x28	 x10:0x00000000 x28:0x0000074a  x5=0x00000000
       14845000	      1483	80004370	008d3933	sltu	x18,x26,x8	 x26:0x00000757  x8:0x3713e095 x18=0x00000001
       14855000	      1484	80004374	d1693997	auipc	x19,0xd1693	 x19=0x51697370
       14865000	      1485	80004378	01acf433	and	x8,x25,x26	 x25:0x80009fc4 x26:0x00000757  x8=0x00000744
       14875000	      1486	8000437c	01fc7b33	and	x22,x24,x31	 x24:0x00000088 x31:0x00000000 x22=0x00000000
       14885000	      1487	80004380	40fed013	srai	x0,x29,0xf	 x29:0x0000000c
       14895000	      1488	80004384	013d9cb3	sll	x25,x27,x19	 x27:0xc2032000 x19:0x51697370 x25=0x20000000
       14905000	      1489	80004388	000b9e13	slli	x28,x23,0x0	 x23:0x0000000a x28=0x0000000a
       14915000	      1490	8000438c	02cbdc63	bge	x23,x12,800043c4	 x23:0x0000000a x12:0x00000000
       14925000	      1491	00000000	00000013	addi	x0,x0,0	  x0:0x00000000
       14935000	      1492	800043c0	00000013	addi	x0,x0,0	  x0:0x00000000
       14945000	      1493	800043c4	eb58b413	sltiu	x8,x17,-331	 x17:0x80008fdd  x8=0x00000001
       14955000	      1494	800043c8	00000013	addi	x0,x0,0	  x0:0x00000000
       14965000	      1495	800043cc	41908333	sub	x6,x1,x25	  x1:0x0000064b x25:0x20000000  x6=0xe000064b
       14975000	      1496	800043d0	2c004e97	auipc	x29,0x2c004	 x29=0xac0083cc
       14985000	      1497	800043d4	00000013	addi	x0,x0,0	  x0:0x00000000
       14995000	      1498	800043d8	ee5c3513	sltiu	x10,x24,-283	 x24:0x00000088 x10=0x00000001
       15005000	      1499	800043dc	3b54ac93	slti	x25,x9,949	  x9:0x0000000c x25=0x00000001
       15015000	      1500	800043e0	01a89693	slli	x13,x17,0x1a	 x17:0x80008fdd x13=0x74000000
       15025000	      1501	800043e4	01ab78b3	and	x17,x22,x26	 x22:0x00000000 x26:0x00000757 x17=0x00000000
       15035000	      1502	800043e8	577a5997	auipc	x19,0x577a5	 x19=0xd77a93e4
       15045000	      1503	800043ec	002f48b3	xor	x17,x30,x2	 x30:0x0000000c  x2:0x0000060b x17=0x00000607
       15055000	      1504	800043f0	00fc30b3	sltu	x1,x24,x15	 x24:0x00000088 x15:0x80009f4c  x1=0x00000001
       15065000	      1505	800043f4	00e29b13	slli	x22,x5,0xe	  x5:0x00000000 x22=0x00000000
       15075000	      1506	800043f8	e56149b7	lui	x19,0xe5614	 x19=0xe5614000
       15085000	      1507	800043fc	982f0e17	auipc	x28,0x982f0	 x28=0x182f43f8
       15095000	      1508	80004400	017adc93	srli	x25,x21,0x17	 x21:0x00000000 x25=0x00000000
       15105000	      1509	80004404	00bfbd33	sltu	x26,x31,x11	 x31:0x00000000 x11:0x80009fc4 x26=0x00000001
       15115000	      1510	80004408	00c2a133	slt	x2,x5,x12	  x5:0x00000000 x12:0x00000000  x2=0x00000000
       15125000	      1511	8000440c	00000013	addi	x0,x0,0	  x0:0x00000000
       15135000	      1512	80004410	0149bab3	sltu	x21,x19,x20	 x19:0xe5614000 x20:0xfdb97168 x21=0x00000001
       15145000	      1513	80004414	00649393	slli	x7,x9,0x6	  x9:0x0000000c  x7=0x00000300
       15155000	      1514	80004418	419b5733	sra	x14,x22,x25	 x22:0x00000000 x25:0x00000000 x14=0x00000000
       15165000	      1515	8000441c	00adbd33	sltu	x26,x27,x10	 x27:0xc2032000 x10:0x00000001 x26=0x00000000
       15175000	      1516	80004420	0ed2d263	bge	x5,x13,80004504	  x5:0x00000000 x13:0x74000000
       15185000	      1517	80004424	00004a97	auipc	x21,0x4	 x21=0x80008420
       15195000	      1518	80004428	49aa8a93	addi	x21,x21,1178	 x21:0x80008420 x21=0x800088ba
       15205000	      1519	8000442c	01223c33	sltu	x24,x4,x18	  x4:0x00000003 x18:0x00000001 x24=0x00000000
       15215000	      1520	80004430	00000013	addi	x0,x0,0	  x0:0x00000000
       15225000	      1521	80004434	029a89a3	sb	x9,51(x21)	 x21:0x800088ba  x9:0x0000000c PA:0x800088ed
       15235000	      1522	80004438	fe8acf03	lbu	x30,-24(x21)	 x21:0x800088ba x30=0x00000053 PA:0x800088a2
       15245000	      1523	8000443c	03bac803	lbu	x16,59(x21)	 x21:0x800088ba x16=0x000000ce PA:0x800088f5
       15255000	      1524	80004440	41105513	srai	x10,x0,0x11	  x0:0x00000000 x10=0x00000000
       15265000	      1525	80004444	00ca9c23	sh	x12,24(x21)	 x21:0x800088ba x12:0x00000000 PA:0x800088d2
       15275000	      1526	80004448	e33e0213	addi	x4,x28,-461	 x28:0x182f43f8  x4=0x182f422b
       15285000	      1527	8000444c	0c997717	auipc	x14,0xc997	 x14=0x8c99b448
       15295000	      1528	80004450	79266093	ori	x1,x12,1938	 x12:0x00000000  x1=0x00000792
       15305000	      1529	80004454	02cad703	lhu	x14,44(x21)	 x21:0x800088ba x14=0x000017fe PA:0x800088e6
       15315000	      1530	80004458	00000013	addi	x0,x0,0	  x0:0x00000000
       15325000	      1531	8000445c	016961b3	or	x3,x18,x22	 x18:0x00000001 x22:0x00000000  x3=0x00000001
       15335000	      1532	80004460	00ea87a3	sb	x14,15(x21)	 x21:0x800088ba x14:0x000017fe PA:0x800088c9
       15345000	      1533	80004464	06d20c93	addi	x25,x4,109	  x4:0x182f422b x25=0x182f4298
       15355000	      1534	80004468	00aa8183	lb	x3,10(x21)	 x21:0x800088ba  x3=0xffffffdc PA:0x800088c4
       15365000	      1535	8000446c	460a3b13	sltiu	x22,x20,1120	 x20:0xfdb97168 x22=0x00000000
       15375000	      1536	80004470	fccad283	lhu	x5,-52(x21)	 x21:0x800088ba  x5=0x00006949 PA:0x80008886
       15385000	      1537	80004474	fcca9023	sh	x12,-64(x21)	 x21:0x800088ba x12:0x00000000 PA:0x8000887a
       15395000	      1538	80004478	01cad183	lhu	x3,28(x21)	 x21:0x800088ba  x3=0x00005da2 PA:0x800088d6
       15405000	      1539	8000447c	004a87a3	sb	x4,15(x21)	 x21:0x800088ba  x4:0x182f422b PA:0x800088c9
       15415000	      1540	80004480	e3f1f213	andi	x4,x3,-449	  x3:0x00005da2  x4=0x00005c22
       15425000	      1541	80004484	00bacd03	lbu	x26,11(x21)	 x21:0x800088ba x26=0x000000c3 PA:0x800088c5
       15435000	      1542	80004488	faebba13	sltiu	x20,x23,-82	 x23:0x0000000a x20=0x00000001
       15445000	      1543	8000448c	00506c33	or	x24,x0,x5	  x0:0x00000000  x5:0x00006949 x24=0x00006949
       15455000	      1544	80004490	01bdd6b3	srl	x13,x27,x27	 x27:0xc2032000 x27:0xc2032000 x13=0xc2032000
       15465000	      1545	80004494	025a8883	lb	x17,37(x21)	 x21:0x800088ba x17=0xfffffffc PA:0x800088df
       15475000	      1546	80004498	00cac883	lbu	x17,12(x21)	 x21:0x800088ba x17=0x000000a6 PA:0x800088c6
       15485000	      1547	8000449c	01f1a933	slt	x18,x3,x31	  x3:0x00005da2 x31:0x00000000 x18=0x00000000
       15495000	      1548	800044a0	000168b3	or	x17,x2,x0	  x2:0x00000000  x0:0x00000000 x17=0x00000000
       15505000	      1549	800044a4	0129cbb3	xor	x23,x19,x18	 x19:0xe5614000 x18:0x00000000 x23=0xe5614000
       15515000	      1550	800044a8	fc9a8f23	sb	x9,-34(x21)	 x21:0x800088ba  x9:0x0000000c PA:0x80008898
       15525000	      1551	800044ac	16cb3113	sltiu	x2,x22,364	 x22:0x00000000  x2=0x00000001
       15535000	      1552	800044b0	fe0a9b23	sh	x0,-10(x21)	 x21:0x800088ba  x0:0x00000000 PA:0x800088b0
       15545000	      1553	800044b4	fdda8383	lb	x7,-35(x21)	 x21:0x800088ba  x7=0x00000017 PA:0x80008897
       15555000	      1554	800044b8	01a11b13	slli	x22,x2,0x1a	  x2:0x00000001 x22=0x04000000
       15565000	      1555	800044bc	41bf0fb3	sub	x31,x30,x27	 x30:0x00000053 x27:0xc2032000 x31=0x3dfce053
       15575000	      1556	800044c0	0090b933	sltu	x18,x1,x9	  x1:0x00000792  x9:0x0000000c x18=0x00000000
       15585000	      1557	800044c4	0054f2b3	and	x5,x9,x5	  x9:0x0000000c  x5:0x00006949  x5=0x00000008
       15595000	      1558	800044c8	00000013	addi	x0,x0,0	  x0:0x00000000
       15605000	      1559	800044cc	032ac403	lbu	x8,50(x21)	 x21:0x800088ba  x8=0x000000aa PA:0x800088ec
       15615000	      1560	800044d0	40595db3	sra	x27,x18,x5	 x18:0x00000000  x5:0x00000008 x27=0x00000000
       15625000	      1561	800044d4	a530f013	andi	x0,x1,-1453	  x1:0x00000792
       15635000	      1562	800044d8	00aa6db3	or	x27,x20,x10	 x20:0x00000001 x10:0x00000000 x27=0x00000001
       15645000	      1563	800044dc	2e428d93	addi	x27,x5,740	  x5:0x00000008 x27=0x000002ec
       15655000	      1564	800044e0	01121c33	sll	x24,x4,x17	  x4:0x00005c22 x17:0x00000000 x24=0x00005c22
       15665000	      1565	800044e4	023ac383	lbu	x7,35(x21)	 x21:0x800088ba  x7=0x0000008f PA:0x800088dd
       15675000	      1566	800044e8	00d5a133	slt	x2,x11,x13	 x11:0x80009fc4 x13:0xc2032000  x2=0x00000001
       15685000	      1567	800044ec	fdfa8c03	lb	x24,-33(x21)	 x21:0x800088ba x24=0xffffff9b PA:0x80008899
       15695000	      1568	800044f0	00806133	or	x2,x0,x8	  x0:0x00000000  x8:0x000000aa  x2=0x000000aa
       15705000	      1569	800044f4	00000013	addi	x0,x0,0	  x0:0x00000000
       15715000	      1570	800044f8	ca61af13	slti	x30,x3,-858	  x3:0x00005da2 x30=0x00000000
       15725000	      1571	800044fc	a16bb393	sltiu	x7,x23,-1514	 x23:0xe5614000  x7=0x00000001
       15735000	      1572	80004500	409b0833	sub	x16,x22,x9	 x22:0x04000000  x9:0x0000000c x16=0x03fffff4
       15745000	      1573	80004504	01243a33	sltu	x20,x8,x18	  x8:0x000000aa x18:0x00000000 x20=0x00000000
       15755000	      1574	80004508	01673633	sltu	x12,x14,x22	 x14:0x000017fe x22:0x04000000 x12=0x00000001
       15765000	      1575	8000450c	01a79393	slli	x7,x15,0x1a	 x15:0x80009f4c  x7=0x30000000
       15775000	      1576	80004510	7535cc93	xori	x25,x11,1875	 x11:0x80009fc4 x25=0x80009897
       15785000	      1577	80004514	cc2f7e93	andi	x29,x30,-830	 x30:0x00000000 x29=0x00000000
       15795000	      1578	80004518	52aba717	auipc	x14,0x52aba	 x14=0xd2abe514
       15805000	      1579	8000451c	ee2eeb93	ori	x23,x29,-286	 x29:0x00000000 x23=0xfffffee2
       15815000	      1580	80004520	01cd7833	and	x16,x26,x28	 x26:0x000000c3 x28:0x182f43f8 x16=0x000000c0
       15825000	      1581	80004524	9a0b6113	ori	x2,x22,-1632	 x22:0x04000000  x2=0xfffff9a0
       15835000	      1582	80004528	5c9dc613	xori	x12,x27,1481	 x27:0x000002ec x12=0x00000725
       15845000	      1583	8000452c	417a5893	srai	x17,x20,0x17	 x20:0x00000000 x17=0x00000000
       15855000	      1584	80004530	0a0c8b93	addi	x23,x25,160	 x25:0x80009897 x23=0x80009937
       15865000	      1585	80004534	3d977513	andi	x10,x14,985	 x14:0xd2abe514 x10=0x00000110
       15875000	      1586	80004538	bf84b617	auipc	x12,0xbf84b	 x12=0x3f84f534
       15885000	      1587	8000453c	003fceb3	xor	x29,x31,x3	 x31:0x3dfce053  x3:0x00005da2 x29=0x3dfcbdf1
       15895000	      1588	80004540	03fee663	bltu	x29,x31,8000456c	 x29:0x3dfcbdf1 x31:0x3dfce053
       15905000	      1589	00000000	00000013	addi	x0,x0,0	  x0:0x00000000
       15915000	      1590	80004568	00000013	addi	x0,x0,0	  x0:0x00000000
       15925000	      1591	8000456c	41f65c93	srai	x25,x12,0x1f	 x12:0x3f84f534 x25=0x00000000
       15935000	      1592	80004570	00000013	addi	x0,x0,0	  x0:0x00000000
       15945000	      1593	80004574	e309e413	ori	x8,x19,-464	 x19:0xe5614000  x8=0xfffffe30
       15955000	      1594	80004578	007ce863	bltu	x25,x7,80004588	 x25:0x00000000  x7:0x30000000
       15965000	      1595	00000000	00000013	addi	x0,x0,0	  x0:0x00000000
       15975000	      1596	80004584	00000013	addi	x0,x0,0	  x0:0x00000000
       15985000	      1597	80004588	41765693	srai	x13,x12,0x17	 x12:0x3f84f534 x13=0x0000007f
       15995000	      1598	8000458c	007eee63	bltu	x29,x7,800045a8	 x29:0x3dfcbdf1  x7:0x30000000
       16005000	      1599	80004590	0c3e4e93	xori	x29,x28,195	 x28:0x182f43f8 x29=0x182f433b
       16015000	      1600	80004594	04b8e063	bltu	x17,x11,800045d4	 x17:0x00000000 x11:0x80009fc4
       16025000	      1601	00000000	00000013	addi	x0,x0,0	  x0:0x00000000
       16035000	      1602	800045d0	00000013	addi	x0,x0,0	  x0:0x00000000
       16045000	      1603	800045d4	027b7863	bgeu	x22,x7,80004604	 x22:0x04000000  x7:0x30000000
       16055000	      1604	800045d8	be8ec513	xori	x10,x29,-1048	 x29:0x182f433b x10=0xe7d0b8d3
       16065000	      1605	800045dc	01e55e33	srl	x28,x10,x30	 x10:0xe7d0b8d3 x30:0x00000000 x28=0xe7d0b8d3
       16075000	      1606	800045e0	41d8d913	srai	x18,x17,0x1d	 x17:0x00000000 x18=0x00000000
       16085000	      1607	800045e4	170f2f37	lui	x30,0x170f2	 x30=0x170f2000
       16095000	      1608	800045e8	01b3f233	and	x4,x7,x27	  x7:0x30000000 x27:0x000002ec  x4=0x00000000
       16105000	      1609	800045ec	01471333	sll	x6,x14,x20	 x14:0xd2abe514 x20:0x00000000  x6=0xd2abe514
       16115000	      1610	800045f0	022e6a63	bltu	x28,x2,80004624	 x28:0xe7d0b8d3  x2:0xfffff9a0
       16125000	      1611	00000000	00000013	addi	x0,x0,0	  x0:0x00000000
       16135000	      1612	80004620	00000013	addi	x0,x0,0	  x0:0x00000000
       16145000	      1613	80004624	013d1993	slli	x19,x26,0x13	 x26:0x000000c3 x19=0x06180000
       16155000	      1614	80004628	e236a893	slti	x17,x13,-477	 x13:0x0000007f x17=0x00000000
       16165000	      1615	8000462c	413f4d13	xori	x26,x30,1043	 x30:0x170f2000 x26=0x170f2413
       16175000	      1616	80004630	00000013	addi	x0,x0,0	  x0:0x00000000
       16185000	      1617	80004634	3ce686b7	lui	x13,0x3ce68	 x13=0x3ce68000
       16195000	      1618	80004638	00a960b3	or	x1,x18,x10	 x18:0x00000000 x10:0xe7d0b8d3  x1=0xe7d0b8d3
       16205000	      1619	8000463c	0118d513	srli	x10,x17,0x11	 x17:0x00000000 x10=0x00000000
       16215000	      1620	80004640	02988063	beq	x17,x9,80004660	 x17:0x00000000  x9:0x0000000c
       16225000	      1621	80004644	00299533	sll	x10,x19,x2	 x19:0x06180000  x2:0xfffff9a0 x10=0x06180000
       16235000	      1622	80004648	01269313	slli	x6,x13,0x12	 x13:0x3ce68000  x6=0x00000000
       16245000	      1623	8000464c	04128863	beq	x5,x1,8000469c	  x5:0x00000008  x1:0xe7d0b8d3
       16255000	      1624	80004650	8a008193	addi	x3,x1,-1888	  x1:0xe7d0b8d3  x3=0xe7d0b173
       16265000	      1625	80004654	00000013	addi	x0,x0,0	  x0:0x00000000
       16275000	      1626	80004658	016ae263	bltu	x21,x22,8000465c	 x21:0x800088ba x22:0x04000000
       16285000	      1627	8000465c	00e79c13	slli	x24,x15,0xe	 x15:0x80009f4c x24=0x27d30000
       16295000	      1628	80004660	01c9de63	bge	x19,x28,8000467c	 x19:0x06180000 x28:0xe7d0b8d3
       16305000	      1629	00000000	00000013	addi	x0,x0,0	  x0:0x00000000
       16315000	      1630	80004678	00000013	addi	x0,x0,0	  x0:0x00000000
       16325000	      1631	8000467c	04d94863	blt	x18,x13,800046cc	 x18:0x00000000 x13:0x3ce68000
       16335000	      1632	00000000	00000013	addi	x0,x0,0	  x0:0x00000000
       16345000	      1633	800046c8	00000013	addi	x0,x0,0	  x0:0x00000000
       16355000	      1634	800046cc	0149d913	srli	x18,x19,0x14	 x19:0x06180000 x18=0x00000061
       16365000	      1635	800046d0	3ebab693	sltiu	x13,x21,1003	 x21:0x800088ba x13=0x00000000
       16375000	      1636	800046d4	00bd5213	srli	x4,x26,0xb	 x26:0x170f2413  x4=0x0002e1e4
       16385000	      1637	800046d8	00c41e93	slli	x29,x8,0xc	  x8:0xfffffe30 x29=0xffe30000
       16395000	      1638	800046dc	dabb4893	xori	x17,x22,-597	 x22:0x04000000 x17=0xfbfffdab
       16405000	      1639	800046e0	b3cbd037	lui	x0,0xb3cbd	
       16415000	      1640	800046e4	00d2a233	slt	x4,x5,x13	  x5:0x00000008 x13:0x00000000  x4=0x00000000
       16425000	      1641	800046e8	00000013	addi	x0,x0,0	  x0:0x00000000
       16435000	      1642	800046ec	dc9aaa13	slti	x20,x21,-567	 x21:0x800088ba x20=0x00000001
       16445000	      1643	800046f0	033cdc63	bge	x25,x19,80004728	 x25:0x00000000 x19:0x06180000
       16455000	      1644	800046f4	40240fb3	sub	x31,x8,x2	  x8:0xfffffe30  x2:0xfffff9a0 x31=0x00000490
       16465000	      1645	800046f8	012eedb3	or	x27,x29,x18	 x29:0xffe30000 x18:0x00000061 x27=0xffe30061
       16475000	      1646	800046fc	00e48133	add	x2,x9,x14	  x9:0x0000000c x14:0xd2abe514  x2=0xd2abe520
       16485000	      1647	80004700	00c168b3	or	x17,x2,x12	  x2:0xd2abe520 x12:0x3f84f534 x17=0xffaff534
       16495000	      1648	80004704	40f283b3	sub	x7,x5,x15	  x5:0x00000008 x15:0x80009f4c  x7=0x7fff60bc
       16505000	      1649	80004708	41040b33	sub	x22,x8,x16	  x8:0xfffffe30 x16:0x000000c0 x22=0xfffffd70
       16515000	      1650	8000470c	00006933	or	x18,x0,x0	  x0:0x00000000  x0:0x00000000 x18=0x00000000
       16525000	      1651	80004710	0119e2b3	or	x5,x19,x17	 x19:0x06180000 x17:0xffaff534  x5=0xffbff534
       16535000	      1652	80004714	0164ab33	slt	x22,x9,x22	  x9:0x0000000c x22:0xfffffd70 x22=0x00000000
       16545000	      1653	80004718	00c80333	add	x6,x16,x12	 x16:0x000000c0 x12:0x3f84f534  x6=0x3f84f5f4
       16555000	      1654	8000471c	01930633	add	x12,x6,x25	  x6:0x3f84f5f4 x25:0x00000000 x12=0x3f84f5f4
       16565000	      1655	80004720	01d28e63	beq	x5,x29,8000473c	  x5:0xffbff534 x29:0xffe30000
       16575000	      1656	80004724	01475433	srl	x8,x14,x20	 x14:0xd2abe514 x20:0x00000001  x8=0x6955f28a
       16585000	      1657	80004728	035e6063	bltu	x28,x21,80004748	 x28:0xe7d0b8d3 x21:0x800088ba
       16595000	      1658	8000472c	019810b3	sll	x1,x16,x25	 x16:0x000000c0 x25:0x00000000  x1=0x000000c0
       16605000	      1659	80004730	015c13b3	sll	x7,x24,x21	 x24:0x27d30000 x21:0x800088ba  x7=0x00000000
       16615000	      1660	80004734	34136a93	ori	x21,x6,833	  x6:0x3f84f5f4 x21=0x3f84f7f5
       16625000	      1661	80004738	0e8d2f13	slti	x30,x26,232	 x26:0x170f2413 x30=0x00000000
       16635000	      1662	8000473c	0bf9eb13	ori	x22,x19,191	 x19:0x06180000 x22=0x061800bf
       16645000	      1663	80004740	95ac5437	lui	x8,0x95ac5	  x8=0x95ac5000
       16655000	      1664	80004744	02b7c663	blt	x15,x11,80004770	 x15:0x80009f4c x11:0x80009fc4
       16665000	      1665	00000000	00000013	addi	x0,x0,0	  x0:0x00000000
       16675000	      1666	8000476c	00000013	addi	x0,x0,0	  x0:0x00000000
       16685000	      1667	80004770	92082993	slti	x19,x16,-1760	 x16:0x000000c0 x19=0x00000000
       16695000	      1668	80004774	20584513	xori	x10,x16,517	 x16:0x000000c0 x10=0x000002c5
       16705000	      1669	80004778	01e13a33	sltu	x20,x2,x30	  x2:0xd2abe520 x30:0x00000000 x20=0x00000000
       16715000	      1670	8000477c	011c8f33	add	x30,x25,x17	 x25:0x00000000 x17:0xffaff534 x30=0xffaff534
       16725000	      1671	80004780	00000013	addi	x0,x0,0	  x0:0x00000000
       16735000	      1672	80004784	9d4a8137	lui	x2,0x9d4a8	  x2=0x9d4a8000
       16745000	      1673	80004788	0169f633	and	x12,x19,x22	 x19:0x00000000 x22:0x061800bf x12=0x00000000
       16755000	      1674	8000478c	4748c9b7	lui	x19,0x4748c	 x19=0x4748c000
       16765000	      1675	80004790	01939e93	slli	x29,x7,0x19	  x7:0x00000000 x29=0x00000000
       16775000	      1676	80004794	9543ea93	ori	x21,x7,-1708	  x7:0x00000000 x21=0xfffff954
       16785000	      1677	80004798	bb936b93	ori	x23,x6,-1095	  x6:0x3f84f5f4 x23=0xfffffffd
       16795000	      1678	8000479c	003c1833	sll	x16,x24,x3	 x24:0x27d30000  x3:0xe7d0b173 x16=0x00000000
       16805000	      1679	800047a0	bafd0737	lui	x14,0xbafd0	 x14=0xbafd0000
       16815000	      1680	800047a4	a75ab513	sltiu	x10,x21,-1419	 x21:0xfffff954 x10=0x00000001
       16825000	      1681	800047a8	40da0833	sub	x16,x20,x13	 x20:0x00000000 x13:0x00000000 x16=0x00000000
       16835000	      1682	800047ac	01dbd1b3	srl	x3,x23,x29	 x23:0xfffffffd x29:0x00000000  x3=0xfffffffd
       16845000	      1683	800047b0	00850e33	add	x28,x10,x8	 x10:0x00000001  x8:0x95ac5000 x28=0x95ac5001
       16855000	      1684	800047b4	01a97433	and	x8,x18,x26	 x18:0x00000000 x26:0x170f2413  x8=0x00000000
       16865000	      1685	800047b8	03f5dc63	bge	x11,x31,800047f0	 x11:0x80009fc4 x31:0x00000490
       16875000	      1686	800047bc	8f2ebd17	auipc	x26,0x8f2eb	 x26=0x0f2ef7b8
       16885000	      1687	800047c0	699f3293	sltiu	x5,x30,1689	 x30:0xffaff534  x5=0x00000000
       16895000	      1688	800047c4	012a4733	xor	x14,x20,x18	 x20:0x00000000 x18:0x00000000 x14=0x00000000
       16905000	      1689	800047c8	016fcfb3	xor	x31,x31,x22	 x31:0x00000490 x22:0x061800bf x31=0x0618042f
       16915000	      1690	800047cc	013df2b3	and	x5,x27,x19	 x27:0xffe30061 x19:0x4748c000  x5=0x47400000
       16925000	      1691	800047d0	058bd463	bge	x23,x24,80004818	 x23:0xfffffffd x24:0x27d30000
       16935000	      1692	800047d4	00000013	addi	x0,x0,0	  x0:0x00000000
       16945000	      1693	800047d8	00f19113	slli	x2,x3,0xf	  x3:0xfffffffd  x2=0xfffe8000
       16955000	      1694	800047dc	01535e63	bge	x6,x21,800047f8	  x6:0x3f84f5f4 x21:0xfffff954
       16965000	      1695	00000000	00000013	addi	x0,x0,0	  x0:0x00000000
       16975000	      1696	800047f4	00000013	addi	x0,x0,0	  x0:0x00000000
       16985000	      1697	800047f8	00b0e233	or	x4,x1,x11	  x1:0x000000c0 x11:0x80009fc4  x4=0x80009fc4
       16995000	      1698	800047fc	014d9ab3	sll	x21,x27,x20	 x27:0xffe30061 x20:0x00000000 x21=0xffe30061
       17005000	      1699	80004800	41885433	sra	x8,x16,x24	 x16:0x00000000 x24:0x27d30000  x8=0x00000000
       17015000	      1700	80004804	009193b3	sll	x7,x3,x9	  x3:0xfffffffd  x9:0x0000000c  x7=0xffffd000
       17025000	      1701	80004808	3ab52c93	slti	x25,x10,939	 x10:0x00000001 x25=0x00000001
       17035000	      1702	8000480c	0c0bc093	xori	x1,x23,192	 x23:0xfffffffd  x1=0xffffff3d
       17045000	      1703	80004810	00075e63	bge	x14,x0,8000482c	 x14:0x00000000  x0:0x00000000
       17055000	      1704	00000000	00000013	addi	x0,x0,0	  x0:0x00000000
       17065000	      1705	80004828	00000013	addi	x0,x0,0	  x0:0x00000000
       17075000	      1706	8000482c	00000013	addi	x0,x0,0	  x0:0x00000000
       17085000	      1707	80004830	01a90cb3	add	x25,x18,x26	 x18:0x00000000 x26:0x0f2ef7b8 x25=0x0f2ef7b8
       17095000	      1708	80004834	010d33b3	sltu	x7,x26,x16	 x26:0x0f2ef7b8 x16:0x00000000  x7=0x00000000
       17105000	      1709	80004838	0087d433	srl	x8,x15,x8	 x15:0x80009f4c  x8:0x00000000  x8=0x80009f4c
       17115000	      1710	8000483c	00000013	addi	x0,x0,0	  x0:0x00000000
       17125000	      1711	80004840	26d87213	andi	x4,x16,621	 x16:0x00000000  x4=0x00000000
       17135000	      1712	80004844	d1a8a613	slti	x12,x17,-742	 x17:0xffaff534 x12=0x00000001
       17145000	      1713	80004848	46f07513	andi	x10,x0,1135	  x0:0x00000000 x10=0x00000000
       17155000	      1714	8000484c	e170a113	slti	x2,x1,-489	  x1:0xffffff3d  x2=0x00000000
       17165000	      1715	80004850	003e68b3	or	x17,x28,x3	 x28:0x95ac5001  x3:0xfffffffd x17=0xfffffffd
       17175000	      1716	80004854	00a32bb3	slt	x23,x6,x10	  x6:0x3f84f5f4 x10:0x00000000 x23=0x00000000
       17185000	      1717	80004858	26018d13	addi	x26,x3,608	  x3:0xfffffffd x26=0x0000025d
       17195000	      1718	8000485c	00f20c33	add	x24,x4,x15	  x4:0x00000000 x15:0x80009f4c x24=0x80009f4c
       17205000	      1719	80004860	018e0863	beq	x28,x24,80004870	 x28:0x95ac5001 x24:0x80009f4c
       17215000	      1720	80004864	0192d013	srli	x0,x5,0x19	  x5:0x47400000
       17225000	      1721	80004868	41300133	sub	x2,x0,x19	  x0:0x00000000 x19:0x4748c000  x2=0xb8b74000
       17235000	      1722	8000486c	01116d33	or	x26,x2,x17	  x2:0xb8b74000 x17:0xfffffffd x26=0xfffffffd
       17245000	      1723	80004870	40c1d033	sra	x0,x3,x12	  x3:0xfffffffd x12:0x00000001
       17255000	      1724	80004874	5ad11a97	auipc	x21,0x5ad11	 x21=0xdad15870
       17265000	      1725	80004878	01b34863	blt	x6,x27,80004888	  x6:0x3f84f5f4 x27:0xffe30061
       17275000	      1726	8000487c	013dadb3	slt	x27,x27,x19	 x27:0xffe30061 x19:0x4748c000 x27=0x00000001
       17285000	      1727	80004880	02b10c63	beq	x2,x11,800048b8	  x2:0xb8b74000 x11:0x80009fc4
       17295000	      1728	80004884	00000013	addi	x0,x0,0	  x0:0x00000000
       17305000	      1729	80004888	ff63f993	andi	x19,x7,-10	  x7:0x00000000 x19=0x00000000
       17315000	      1730	8000488c	40d202b3	sub	x5,x4,x13	  x4:0x00000000 x13:0x00000000  x5=0x00000000
       17325000	      1731	80004890	04bd6863	bltu	x26,x11,800048e0	 x26:0xfffffffd x11:0x80009fc4
       17335000	      1732	80004894	9a7aac13	slti	x24,x21,-1625	 x21:0xdad15870 x24=0x00000001
       17345000	      1733	80004898	0367c063	blt	x15,x22,800048b8	 x15:0x80009f4c x22:0x061800bf
       17355000	      1734	00000000	00000013	addi	x0,x0,0	  x0:0x00000000
       17365000	      1735	800048b4	00000013	addi	x0,x0,0	  x0:0x00000000
       17375000	      1736	800048b8	01c19013	slli	x0,x3,0x1c	  x3:0xfffffffd
       17385000	      1737	800048bc	052a7063	bgeu	x20,x18,800048fc	 x20:0x00000000 x18:0x00000000
       17395000	      1738	00000000	00000013	addi	x0,x0,0	  x0:0x00000000
       17405000	      1739	800048f8	00000013	addi	x0,x0,0	  x0:0x00000000
       17415000	      1740	800048fc	01a323b3	slt	x7,x6,x26	  x6:0x3f84f5f4 x26:0xfffffffd  x7=0x00000000
       17425000	      1741	80004900	007a11b3	sll	x3,x20,x7	 x20:0x00000000  x7:0x00000000  x3=0x00000000
       17435000	      1742	80004904	0096b733	sltu	x14,x13,x9	 x13:0x00000000  x9:0x0000000c x14=0x00000001
       17445000	      1743	80004908	7c65e537	lui	x10,0x7c65e	 x10=0x7c65e000
       17455000	      1744	8000490c	03b64663	blt	x12,x27,80004938	 x12:0x00000001 x27:0x00000001
       17465000	      1745	80004910	4039d913	srai	x18,x19,0x3	 x19:0x00000000 x18=0x00000000
       17475000	      1746	80004914	92ecc697	auipc	x13,0x92ecc	 x13=0x12ed0910
       17485000	      1747	80004918	0001d293	srli	x5,x3,0x0	  x3:0x00000000  x5=0x00000000
       17495000	      1748	8000491c	038d7863	bgeu	x26,x24,8000494c	 x26:0xfffffffd x24:0x00000001
       17505000	      1749	00000000	00000013	addi	x0,x0,0	  x0:0x00000000
       17515000	      1750	80004948	00000013	addi	x0,x0,0	  x0:0x00000000
       17525000	      1751	8000494c	00d3ca63	blt	x7,x13,80004960	  x7:0x00000000 x13:0x12ed0910
       17535000	      1752	00000000	00000013	addi	x0,x0,0	  x0:0x00000000
       17545000	      1753	8000495c	00000013	addi	x0,x0,0	  x0:0x00000000
       17555000	      1754	80004960	a1972713	slti	x14,x14,-1511	 x14:0x00000001 x14=0x00000000
       17565000	      1755	80004964	008463b3	or	x7,x8,x8	  x8:0x80009f4c  x8:0x80009f4c  x7=0x80009f4c
       17575000	      1756	80004968	00000013	addi	x0,x0,0	  x0:0x00000000
       17585000	      1757	8000496c	6c5fb293	sltiu	x5,x31,1733	 x31:0x0618042f  x5=0x00000000
       17595000	      1758	80004970	056a4463	blt	x20,x22,800049b8	 x20:0x00000000 x22:0x061800bf
       17605000	      1759	00000000	00000013	addi	x0,x0,0	  x0:0x00000000
       17615000	      1760	800049b4	00000013	addi	x0,x0,0	  x0:0x00000000
       17625000	      1761	800049b8	f05b2913	slti	x18,x22,-251	 x22:0x061800bf x18=0x00000000
       17635000	      1762	800049bc	006fc2b3	xor	x5,x31,x6	 x31:0x0618042f  x6:0x3f84f5f4  x5=0x399cf1db
       17645000	      1763	800049c0	013efcb3	and	x25,x29,x19	 x29:0x00000000 x19:0x00000000 x25=0x00000000
       17655000	      1764	800049c4	03f58a63	beq	x11,x31,800049f8	 x11:0x80009fc4 x31:0x0618042f
       17665000	      1765	800049c8	00000013	addi	x0,x0,0	  x0:0x00000000
       17675000	      1766	800049cc	04f21863	bne	x4,x15,80004a1c	  x4:0x00000000 x15:0x80009f4c
       17685000	      1767	00000000	00000013	addi	x0,x0,0	  x0:0x00000000
       17695000	      1768	80004a18	00000013	addi	x0,x0,0	  x0:0x00000000
       17705000	      1769	80004a1c	40db0533	sub	x10,x22,x13	 x22:0x061800bf x13:0x12ed0910 x10=0xf32af7af
       17715000	      1770	80004a20	00def263	bgeu	x29,x13,80004a24	 x29:0x00000000 x13:0x12ed0910
       17725000	      1771	80004a24	0171a133	slt	x2,x3,x23	  x3:0x00000000 x23:0x00000000  x2=0x00000000
       17735000	      1772	80004a28	4139d0b3	sra	x1,x19,x19	 x19:0x00000000 x19:0x00000000  x1=0x00000000
       17745000	      1773	80004a2c	ce757697	auipc	x13,0xce757	 x13=0x4e75ba28
       17755000	      1774	80004a30	01e76a63	bltu	x14,x30,80004a44	 x14:0x00000000 x30:0xffaff534
       17765000	      1775	00000000	00000013	addi	x0,x0,0	  x0:0x00000000
       17775000	      1776	80004a40	00000013	addi	x0,x0,0	  x0:0x00000000
       17785000	      1777	80004a44	029e9863	bne	x29,x9,80004a74	 x29:0x00000000  x9:0x0000000c
       17795000	      1778	00000000	00000013	addi	x0,x0,0	  x0:0x00000000
       17805000	      1779	80004a70	00000013	addi	x0,x0,0	  x0:0x00000000
       17815000	      1780	80004a74	019be263	bltu	x23,x25,80004a78	 x23:0x00000000 x25:0x00000000
       17825000	      1781	80004a78	01ac3db3	sltu	x27,x24,x26	 x24:0x00000001 x26:0xfffffffd x27=0x00000001
       17835000	      1782	80004a7c	06635c63	bge	x6,x6,80004af4	  x6:0x3f84f5f4  x6:0x3f84f5f4
       17845000	      1783	00000000	00000013	addi	x0,x0,0	  x0:0x00000000
       17855000	      1784	80004af0	00000013	addi	x0,x0,0	  x0:0x00000000
       17865000	      1785	80004af4	9925f293	andi	x5,x11,-1646	 x11:0x80009fc4  x5=0x80009980
       17875000	      1786	80004af8	04c80863	beq	x16,x12,80004b48	 x16:0x00000000 x12:0x00000001
       17885000	      1787	80004afc	013dbe33	sltu	x28,x27,x19	 x27:0x00000001 x19:0x00000000 x28=0x00000000
       17895000	      1788	80004b00	033e6c63	bltu	x28,x19,80004b38	 x28:0x00000000 x19:0x00000000
       17905000	      1789	80004b04	6ac6a193	slti	x3,x13,1708	 x13:0x4e75ba28  x3=0x00000000
       17915000	      1790	80004b08	41d45c13	srai	x24,x8,0x1d	  x8:0x80009f4c x24=0xfffffffc
       17925000	      1791	80004b0c	016dfa63	bgeu	x27,x22,80004b20	 x27:0x00000001 x22:0x061800bf
       17935000	      1792	80004b10	00000013	addi	x0,x0,0	  x0:0x00000000
       17945000	      1793	80004b14	0400ef13	ori	x30,x1,64	  x1:0x00000000 x30=0x00000040
       17955000	      1794	80004b18	009ca3b3	slt	x7,x25,x9	 x25:0x00000000  x9:0x0000000c  x7=0x00000001
       17965000	      1795	80004b1c	00d7ee63	bltu	x15,x13,80004b38	 x15:0x80009f4c x13:0x4e75ba28
       17975000	      1796	80004b20	c8aaa413	slti	x8,x21,-886	 x21:0xdad15870  x8=0x00000001
       17985000	      1797	80004b24	025b4463	blt	x22,x5,80004b4c	 x22:0x061800bf  x5:0x80009980
       17995000	      1798	80004b28	005b1863	bne	x22,x5,80004b38	 x22:0x061800bf  x5:0x80009980
       18005000	      1799	00000000	00000013	addi	x0,x0,0	  x0:0x00000000
       18015000	      1800	80004b34	00000013	addi	x0,x0,0	  x0:0x00000000
       18025000	      1801	80004b38	0178ce63	blt	x17,x23,80004b54	 x17:0xfffffffd x23:0x00000000
       18035000	      1802	00000000	00000013	addi	x0,x0,0	  x0:0x00000000
       18045000	      1803	80004b50	00000013	addi	x0,x0,0	  x0:0x00000000
       18055000	      1804	80004b54	01ac6633	or	x12,x24,x26	 x24:0xfffffffc x26:0xfffffffd x12=0xfffffffd
       18065000	      1805	80004b58	3eb2b293	sltiu	x5,x5,1003	  x5:0x80009980  x5=0x00000000
       18075000	      1806	80004b5c	336fa693	slti	x13,x31,822	 x31:0x0618042f x13=0x00000000
       18085000	      1807	80004b60	0129c533	xor	x10,x19,x18	 x19:0x00000000 x18:0x00000000 x10=0x00000000
       18095000	      1808	80004b64	b9ec0297	auipc	x5,0xb9ec0	  x5=0x39ec4b60
       18105000	      1809	80004b68	01c86e33	or	x28,x16,x28	 x16:0x00000000 x28:0x00000000 x28=0x00000000
       18115000	      1810	80004b6c	a97d0a93	addi	x21,x26,-1385	 x26:0xfffffffd x21=0xfffffa94
       18125000	      1811	80004b70	05718063	beq	x3,x23,80004bb0	  x3:0x00000000 x23:0x00000000
       18135000	      1812	00000000	00000013	addi	x0,x0,0	  x0:0x00000000
       18145000	      1813	80004bac	00000013	addi	x0,x0,0	  x0:0x00000000
       18155000	      1814	80004bb0	01e69433	sll	x8,x13,x30	 x13:0x00000000 x30:0x00000040  x8=0x00000000
       18165000	      1815	80004bb4	60d7a413	slti	x8,x15,1549	 x15:0x80009f4c  x8=0x00000001
       18175000	      1816	80004bb8	0005d8b3	srl	x17,x11,x0	 x11:0x80009fc4  x0:0x00000000 x17=0x80009fc4
       18185000	      1817	80004bbc	00d19a13	slli	x20,x3,0xd	  x3:0x00000000 x20=0x00000000
       18195000	      1818	80004bc0	40d90fb3	sub	x31,x18,x13	 x18:0x00000000 x13:0x00000000 x31=0x00000000
       18205000	      1819	80004bc4	f433eb37	lui	x22,0xf433e	 x22=0xf433e000
       18215000	      1820	80004bc8	01795513	srli	x10,x18,0x17	 x18:0x00000000 x10=0x00000000
       18225000	      1821	80004bcc	001c63b3	or	x7,x24,x1	 x24:0xfffffffc  x1:0x00000000  x7=0xfffffffc
       18235000	      1822	80004bd0	00bb4863	blt	x22,x11,80004be0	 x22:0xf433e000 x11:0x80009fc4
       18245000	      1823	80004bd4	01eb1193	slli	x3,x22,0x1e	 x22:0xf433e000  x3=0x00000000
       18255000	      1824	80004bd8	01dfc533	xor	x10,x31,x29	 x31:0x00000000 x29:0x00000000 x10=0x00000000
       18265000	      1825	80004bdc	c0723d93	sltiu	x27,x4,-1017	  x4:0x00000000 x27=0x00000001
       18275000	      1826	80004be0	03225a63	bge	x4,x18,80004c14	  x4:0x00000000 x18:0x00000000
       18285000	      1827	00000000	00000013	addi	x0,x0,0	  x0:0x00000000
       18295000	      1828	80004c10	00000013	addi	x0,x0,0	  x0:0x00000000
       18305000	      1829	80004c14	019fb2b3	sltu	x5,x31,x25	 x31:0x00000000 x25:0x00000000  x5=0x00000000
       18315000	      1830	80004c18	00918133	add	x2,x3,x9	  x3:0x00000000  x9:0x0000000c  x2=0x0000000c
       18325000	      1831	80004c1c	00116933	or	x18,x2,x1	  x2:0x0000000c  x1:0x00000000 x18=0x0000000c
       18335000	      1832	80004c20	4116de33	sra	x28,x13,x17	 x13:0x00000000 x17:0x80009fc4 x28=0x00000000
       18345000	      1833	80004c24	b7224e93	xori	x29,x4,-1166	  x4:0x00000000 x29=0xfffffb72
       18355000	      1834	80004c28	016f6e63	bltu	x30,x22,80004c44	 x30:0x00000040 x22:0xf433e000
       18365000	      1835	00000000	00000013	addi	x0,x0,0	  x0:0x00000000
       18375000	      1836	80004c40	00000013	addi	x0,x0,0	  x0:0x00000000
       18385000	      1837	80004c44	d3a3adb7	lui	x27,0xd3a3a	 x27=0xd3a3a000
       18395000	      1838	80004c48	41970a33	sub	x20,x14,x25	 x14:0x00000000 x25:0x00000000 x20=0x00000000
       18405000	      1839	80004c4c	407d5193	srai	x3,x26,0x7	 x26:0xfffffffd  x3=0xffffffff
       18415000	      1840	80004c50	00000013	addi	x0,x0,0	  x0:0x00000000
       18425000	      1841	80004c54	711ccb93	xori	x23,x25,1809	 x25:0x00000000 x23=0x00000711
       18435000	      1842	80004c58	019a0f33	add	x30,x20,x25	 x20:0x00000000 x25:0x00000000 x30=0x00000000
       18445000	      1843	80004c5c	019d5263	bge	x26,x25,80004c60	 x26:0xfffffffd x25:0x00000000
       18455000	      1844	80004c60	00ff5633	srl	x12,x30,x15	 x30:0x00000000 x15:0x80009f4c x12=0x00000000
       18465000	      1845	80004c64	2331a193	slti	x3,x3,563	  x3:0xffffffff  x3=0x00000001
       18475000	      1846	80004c68	00e06a63	bltu	x0,x14,80004c7c	  x0:0x00000000 x14:0x00000000
       18485000	      1847	80004c6c	01399193	slli	x3,x19,0x13	 x19:0x00000000  x3=0x00000000
       18495000	      1848	80004c70	00e54533	xor	x10,x10,x14	 x10:0x00000000 x14:0x00000000 x10=0x00000000
       18505000	      1849	80004c74	40c48eb3	sub	x29,x9,x12	  x9:0x0000000c x12:0x00000000 x29=0x0000000c
       18515000	      1850	80004c78	00e47e63	bgeu	x8,x14,80004c94	  x8:0x00000001 x14:0x00000000
       18525000	      1851	00000000	00000013	addi	x0,x0,0	  x0:0x00000000
       18535000	      1852	80004c90	00000013	addi	x0,x0,0	  x0:0x00000000
       18545000	      1853	80004c94	15d62e93	slti	x29,x12,349	 x12:0x00000000 x29=0x00000001
       18555000	      1854	80004c98	46f6fa93	andi	x21,x13,1135	 x13:0x00000000 x21=0x00000000
       18565000	      1855	80004c9c	55dd6513	ori	x10,x26,1373	 x26:0xfffffffd x10=0xfffffffd
       18575000	      1856	80004ca0	02364663	blt	x12,x3,80004ccc	 x12:0x00000000  x3:0x00000000
       18585000	      1857	80004ca4	0009ee63	bltu	x19,x0,80004cc0	 x19:0x00000000  x0:0x00000000
       18595000	      1858	80004ca8	7b8ec013	xori	x0,x29,1976	 x29:0x00000001
       18605000	      1859	80004cac	333a2837	lui	x16,0x333a2	 x16=0x333a2000
       18615000	      1860	80004cb0	93470337	lui	x6,0x93470	  x6=0x93470000
       18625000	      1861	80004cb4	0102d033	srl	x0,x5,x16	  x5:0x00000000 x16:0x333a2000
       18635000	      1862	80004cb8	2df6cd13	xori	x26,x13,735	 x13:0x00000000 x26=0x000002df
       18645000	      1863	80004cbc	025f9c63	bne	x31,x5,80004cf4	 x31:0x00000000  x5:0x00000000
       18655000	      1864	80004cc0	41eed933	sra	x18,x29,x30	 x29:0x00000001 x30:0x00000000 x18=0x00000001
       18665000	      1865	80004cc4	02408063	beq	x1,x4,80004ce4	  x1:0x00000000  x4:0x00000000
       18675000	      1866	00000000	00000013	addi	x0,x0,0	  x0:0x00000000
       18685000	      1867	80004ce0	00000013	addi	x0,x0,0	  x0:0x00000000
       18695000	      1868	80004ce4	9299c817	auipc	x16,0x9299c	 x16=0x129a0ce0
       18705000	      1869	80004ce8	4010d233	sra	x4,x1,x1	  x1:0x00000000  x1:0x00000000  x4=0x00000000
       18715000	      1870	80004cec	01c1da13	srli	x20,x3,0x1c	  x3:0x00000000 x20=0x00000000
       18725000	      1871	80004cf0	0416f863	bgeu	x13,x1,80004d40	 x13:0x00000000  x1:0x00000000
       18735000	      1872	00000000	00000013	addi	x0,x0,0	  x0:0x00000000
       18745000	      1873	80004d3c	00000013	addi	x0,x0,0	  x0:0x00000000
       18755000	      1874	80004d40	41025ab3	sra	x21,x4,x16	  x4:0x00000000 x16:0x129a0ce0 x21=0x00000000
       18765000	      1875	80004d44	013c8863	beq	x25,x19,80004d54	 x25:0x00000000 x19:0x00000000
       18775000	      1876	00000000	00000013	addi	x0,x0,0	  x0:0x00000000
       18785000	      1877	80004d50	00000013	addi	x0,x0,0	  x0:0x00000000
       18795000	      1878	80004d54	01c47db3	and	x27,x8,x28	  x8:0x00000001 x28:0x00000000 x27=0x00000000
       18805000	      1879	80004d58	00c8cc63	blt	x17,x12,80004d70	 x17:0x80009fc4 x12:0x00000000
       18815000	      1880	00000000	00000013	addi	x0,x0,0	  x0:0x00000000
       18825000	      1881	80004d6c	00000013	addi	x0,x0,0	  x0:0x00000000
       18835000	      1882	80004d70	0357ea63	bltu	x15,x21,80004da4	 x15:0x80009f4c x21:0x00000000
       18845000	      1883	80004d74	012d2533	slt	x10,x26,x18	 x26:0x000002df x18:0x00000001 x10=0x00000000
       18855000	      1884	80004d78	00d48cb3	add	x25,x9,x13	  x9:0x0000000c x13:0x00000000 x25=0x0000000c
       18865000	      1885	80004d7c	00d60033	add	x0,x12,x13	 x12:0x00000000 x13:0x00000000
       18875000	      1886	80004d80	00c5f433	and	x8,x11,x12	 x11:0x80009fc4 x12:0x00000000  x8=0x00000000
       18885000	      1887	80004d84	40db5f33	sra	x30,x22,x13	 x22:0xf433e000 x13:0x00000000 x30=0xf433e000
       18895000	      1888	80004d88	01a9e3b3	or	x7,x19,x26	 x19:0x00000000 x26:0x000002df  x7=0x000002df
       18905000	      1889	80004d8c	0144a533	slt	x10,x9,x20	  x9:0x0000000c x20:0x00000000 x10=0x00000000
       18915000	      1890	80004d90	010a9e63	bne	x21,x16,80004dac	 x21:0x00000000 x16:0x129a0ce0
       18925000	      1891	00000000	00000013	addi	x0,x0,0	  x0:0x00000000
       18935000	      1892	80004da8	00000013	addi	x0,x0,0	  x0:0x00000000
       18945000	      1893	80004dac	052c0863	beq	x24,x18,80004dfc	 x24:0xfffffffc x18:0x00000001
       18955000	      1894	80004db0	00400e33	add	x28,x0,x4	  x0:0x00000000  x4:0x00000000 x28=0x00000000
       18965000	      1895	80004db4	0038f633	and	x12,x17,x3	 x17:0x80009fc4  x3:0x00000000 x12=0x00000000
       18975000	      1896	80004db8	00ae2b33	slt	x22,x28,x10	 x28:0x00000000 x10:0x00000000 x22=0x00000000
       18985000	      1897	80004dbc	000c43b3	xor	x7,x24,x0	 x24:0xfffffffc  x0:0x00000000  x7=0xfffffffc
       18995000	      1898	80004dc0	408a5d93	srai	x27,x20,0x8	 x20:0x00000000 x27=0x00000000
       19005000	      1899	80004dc4	a1110393	addi	x7,x2,-1519	  x2:0x0000000c  x7=0xfffffa1d
       19015000	      1900	80004dc8	00ee7a33	and	x20,x28,x14	 x28:0x00000000 x14:0x00000000 x20=0x00000000
       19025000	      1901	80004dcc	87ed3713	sltiu	x14,x26,-1922	 x26:0x000002df x14=0x00000001
       19035000	      1902	80004dd0	6335b513	sltiu	x10,x11,1587	 x11:0x80009fc4 x10=0x00000000
       19045000	      1903	80004dd4	0168aa33	slt	x20,x17,x22	 x17:0x80009fc4 x22:0x00000000 x20=0x00000001
       19055000	      1904	80004dd8	005f2a33	slt	x20,x30,x5	 x30:0xf433e000  x5:0x00000000 x20=0x00000001
       19065000	      1905	80004ddc	d88081b7	lui	x3,0xd8808	  x3=0xd8808000
       19075000	      1906	80004de0	03b34663	blt	x6,x27,80004e0c	  x6:0x93470000 x27:0x00000000
       19085000	      1907	00000000	00000013	addi	x0,x0,0	  x0:0x00000000
       19095000	      1908	80004e08	00000013	addi	x0,x0,0	  x0:0x00000000
       19105000	      1909	80004e0c	05c47063	bgeu	x8,x28,80004e4c	  x8:0x00000000 x28:0x00000000
       19115000	      1910	00000000	00000013	addi	x0,x0,0	  x0:0x00000000
       19125000	      1911	80004e48	00000013	addi	x0,x0,0	  x0:0x00000000
       19135000	      1912	80004e4c	0103e1b3	or	x3,x7,x16	  x7:0xfffffa1d x16:0x129a0ce0  x3=0xfffffefd
       19145000	      1913	80004e50	4bba6e93	ori	x29,x20,1211	 x20:0x00000001 x29=0x000004bb
       19155000	      1914	80004e54	05108063	beq	x1,x17,80004e94	  x1:0x00000000 x17:0x80009fc4
       19165000	      1915	80004e58	c5961db7	lui	x27,0xc5961	 x27=0xc5961000
       19175000	      1916	80004e5c	016ae133	or	x2,x21,x22	 x21:0x00000000 x22:0x00000000  x2=0x00000000
       19185000	      1917	80004e60	006f7233	and	x4,x30,x6	 x30:0xf433e000  x6:0x93470000  x4=0x90030000
       19195000	      1918	80004e64	e81b8717	auipc	x14,0xe81b8	 x14=0x681bce60
       19205000	      1919	80004e68	00fe5a93	srli	x21,x28,0xf	 x28:0x00000000 x21=0x00000000
       19215000	      1920	80004e6c	4183dbb3	sra	x23,x7,x24	  x7:0xfffffa1d x24:0xfffffffc x23=0xffffffff
       19225000	      1921	80004e70	62c37e37	lui	x28,0x62c37	 x28=0x62c37000
       19235000	      1922	80004e74	e0020693	addi	x13,x4,-512	  x4:0x90030000 x13=0x9002fe00
       19245000	      1923	80004e78	02cc6863	bltu	x24,x12,80004ea8	 x24:0xfffffffc x12:0x00000000
       19255000	      1924	80004e7c	116e4063	blt	x28,x22,80004f7c	 x28:0x62c37000 x22:0x00000000
       19265000	      1925	80004e80	02a68663	beq	x13,x10,80004eac	 x13:0x9002fe00 x10:0x00000000
       19275000	      1926	80004e84	03dad063	bge	x21,x29,80004ea4	 x21:0x00000000 x29:0x000004bb
       19285000	      1927	80004e88	e5eee213	ori	x4,x29,-418	 x29:0x000004bb  x4=0xfffffeff
       19295000	      1928	80004e8c	401d58b3	sra	x17,x26,x1	 x26:0x000002df  x1:0x00000000 x17=0x000002df
       19305000	      1929	80004e90	0fa65c63	bge	x12,x26,80004f88	 x12:0x00000000 x26:0x000002df
       19315000	      1930	80004e94	01c3a8b3	slt	x17,x7,x28	  x7:0xfffffa1d x28:0x62c37000 x17=0x00000001
       19325000	      1931	80004e98	230dbe93	sltiu	x29,x27,560	 x27:0xc5961000 x29=0x00000000
       19335000	      1932	80004e9c	033cc813	xori	x16,x25,51	 x25:0x0000000c x16=0x0000003f
       19345000	      1933	80004ea0	41b9db33	sra	x22,x19,x27	 x19:0x00000000 x27:0xc5961000 x22=0x00000000
       19355000	      1934	80004ea4	40035913	srai	x18,x6,0x0	  x6:0x93470000 x18=0x93470000
       19365000	      1935	80004ea8	0dc3ce63	blt	x7,x28,80004f84	  x7:0xfffffa1d x28:0x62c37000
       19375000	      1936	00000000	00000013	addi	x0,x0,0	  x0:0x00000000
       19385000	      1937	80004f80	00000013	addi	x0,x0,0	  x0:0x00000000
       19395000	      1938	80004f84	00580e33	add	x28,x16,x5	 x16:0x0000003f  x5:0x00000000 x28=0x0000003f
       19405000	      1939	80004f88	00dccbb3	xor	x23,x25,x13	 x25:0x0000000c x13:0x9002fe00 x23=0x9002fe0c
       19415000	      1940	80004f8c	043c1863	bne	x24,x3,80004fdc	 x24:0xfffffffc  x3:0xfffffefd
       19425000	      1941	00000000	00000013	addi	x0,x0,0	  x0:0x00000000
       19435000	      1942	80004fd8	00000013	addi	x0,x0,0	  x0:0x00000000
       19445000	      1943	80004fdc	01397863	bgeu	x18,x19,80004fec	 x18:0x93470000 x19:0x00000000
       19455000	      1944	00000000	00000013	addi	x0,x0,0	  x0:0x00000000
       19465000	      1945	80004fe8	00000013	addi	x0,x0,0	  x0:0x00000000
       19475000	      1946	80004fec	afe2f913	andi	x18,x5,-1282	  x5:0x00000000 x18=0x00000000
       19485000	      1947	80004ff0	0004cf33	xor	x30,x9,x0	  x9:0x0000000c  x0:0x00000000 x30=0x0000000c
       19495000	      1948	80004ff4	3dd42eb7	lui	x29,0x3dd42	 x29=0x3dd42000
       19505000	      1949	80004ff8	018ffe63	bgeu	x31,x24,80005014	 x31:0x00000000 x24:0xfffffffc
       19515000	      1950	80004ffc	01e68a63	beq	x13,x30,80005010	 x13:0x9002fe00 x30:0x0000000c
       19525000	      1951	80005000	0035cbb3	xor	x23,x11,x3	 x11:0x80009fc4  x3:0xfffffefd x23=0x7fff6139
       19535000	      1952	80005004	0082e1b3	or	x3,x5,x8	  x5:0x00000000  x8:0x00000000  x3=0x00000000
       19545000	      1953	80005008	41f201b3	sub	x3,x4,x31	  x4:0xfffffeff x31:0x00000000  x3=0xfffffeff
       19555000	      1954	8000500c	c838c393	xori	x7,x17,-893	 x17:0x00000001  x7=0xfffffc82
       19565000	      1955	80005010	8b2b6913	ori	x18,x22,-1870	 x22:0x00000000 x18=0xfffff8b2
       19575000	      1956	80005014	d9e63b93	sltiu	x23,x12,-610	 x12:0x00000000 x23=0x00000001
       19585000	      1957	80005018	019a6263	bltu	x20,x25,8000501c	 x20:0x00000001 x25:0x0000000c
       19595000	      1958	00000000	00000013	addi	x0,x0,0	  x0:0x00000000
       19605000	      1959	80005018	00000013	addi	x0,x0,0	  x0:0x00000000
       19615000	      1960	8000501c	01889f33	sll	x30,x17,x24	 x17:0x00000001 x24:0xfffffffc x30=0x10000000
       19625000	      1961	80005020	01b42a33	slt	x20,x8,x27	  x8:0x00000000 x27:0xc5961000 x20=0x00000000
       19635000	      1962	80005024	0157fe63	bgeu	x15,x21,80005040	 x15:0x80009f4c x21:0x00000000
       19645000	      1963	00000000	00000013	addi	x0,x0,0	  x0:0x00000000
       19655000	      1964	8000503c	00000013	addi	x0,x0,0	  x0:0x00000000
       19665000	      1965	80005040	005c8263	beq	x25,x5,80005044	 x25:0x0000000c  x5:0x00000000
       19675000	      1966	80005044	002e1b13	slli	x22,x28,0x2	 x28:0x0000003f x22=0x000000fc
       19685000	      1967	80005048	0032e333	or	x6,x5,x3	  x5:0x00000000  x3:0xfffffeff  x6=0xfffffeff
       19695000	      1968	8000504c	416e8db3	sub	x27,x29,x22	 x29:0x3dd42000 x22:0x000000fc x27=0x3dd41f04
       19705000	      1969	80005050	00480263	beq	x16,x4,80005054	 x16:0x0000003f  x4:0xfffffeff
       19715000	      1970	80005054	01cc2833	slt	x16,x24,x28	 x24:0xfffffffc x28:0x0000003f x16=0x00000001
       19725000	      1971	80005058	00000013	addi	x0,x0,0	  x0:0x00000000
       19735000	      1972	8000505c	01375a13	srli	x20,x14,0x13	 x14:0x681bce60 x20=0x00000d03
       19745000	      1973	80005060	05d3e863	bltu	x7,x29,800050b0	  x7:0xfffffc82 x29:0x3dd42000
       19755000	      1974	80005064	67deb693	sltiu	x13,x29,1661	 x29:0x3dd42000 x13=0x00000000
       19765000	      1975	80005068	0238cc63	blt	x17,x3,800050a0	 x17:0x00000001  x3:0xfffffeff
       19775000	      1976	8000506c	295d7397	auipc	x7,0x295d7	  x7=0xa95dc068
       19785000	      1977	80005070	d43d6a13	ori	x20,x26,-701	 x26:0x000002df x20=0xffffffdf
       19795000	      1978	80005074	00e7f0b3	and	x1,x15,x14	 x15:0x80009f4c x14:0x681bce60  x1=0x00008e40
       19805000	      1979	80005078	00381813	slli	x16,x16,0x3	 x16:0x00000001 x16=0x00000008
       19815000	      1980	8000507c	54021297	auipc	x5,0x54021	  x5=0xd4026078
       19825000	      1981	80005080	298a3e13	sltiu	x28,x20,664	 x20:0xffffffdf x28=0x00000000
       19835000	      1982	80005084	01dd3fb3	sltu	x31,x26,x29	 x26:0x000002df x29:0x3dd42000 x31=0x00000001
       19845000	      1983	80005088	05bf1863	bne	x30,x27,800050d8	 x30:0x10000000 x27:0x3dd41f04
       19855000	      1984	00000000	00000013	addi	x0,x0,0	  x0:0x00000000
       19865000	      1985	800050d4	00000013	addi	x0,x0,0	  x0:0x00000000
       19875000	      1986	800050d8	00491e63	bne	x18,x4,800050f4	 x18:0xfffff8b2  x4:0xfffffeff
       19885000	      1987	00000000	00000013	addi	x0,x0,0	  x0:0x00000000
       19895000	      1988	800050f0	00000013	addi	x0,x0,0	  x0:0x00000000
       19905000	      1989	800050f4	0077b6b3	sltu	x13,x15,x7	 x15:0x80009f4c  x7:0xa95dc068 x13=0x00000001
       19915000	      1990	800050f8	f4acff93	andi	x31,x25,-182	 x25:0x0000000c x31=0x00000008
       19925000	      1991	800050fc	3a0cf013	andi	x0,x25,928	 x25:0x0000000c
       19935000	      1992	80005100	006c4733	xor	x14,x24,x6	 x24:0xfffffffc  x6:0xfffffeff x14=0x00000103
       19945000	      1993	80005104	46723313	sltiu	x6,x4,1127	  x4:0xfffffeff  x6=0x00000000
       19955000	      1994	80005108	01ff10b3	sll	x1,x30,x31	 x30:0x10000000 x31:0x00000008  x1=0x00000000
       19965000	      1995	8000510c	f8df4993	xori	x19,x30,-115	 x30:0x10000000 x19=0xefffff8d
       19975000	      1996	80005110	013fdab3	srl	x21,x31,x19	 x31:0x00000008 x19:0xefffff8d x21=0x00000000
       19985000	      1997	80005114	04911863	bne	x2,x9,80005164	  x2:0x00000000  x9:0x0000000c
       19995000	      1998	00000000	00000013	addi	x0,x0,0	  x0:0x00000000
       20005000	      1999	80005160	00000013	addi	x0,x0,0	  x0:0x00000000
       20015000	      2000	80005164	01a1d213	srli	x4,x3,0x1a	  x3:0xfffffeff  x4=0x0000003f
       20025000	      2001	80005168	b852ab13	slti	x22,x5,-1147	  x5:0xd4026078 x22=0x00000001
       20035000	      2002	8000516c	e3e2a093	slti	x1,x5,-450	  x5:0xd4026078  x1=0x00000001
       20045000	      2003	80005170	00fa10b3	sll	x1,x20,x15	 x20:0xffffffdf x15:0x80009f4c  x1=0xfffdf000
       20055000	      2004	80005174	f720bc13	sltiu	x24,x1,-142	  x1:0xfffdf000 x24=0x00000001
       20065000	      2005	80005178	00169a93	slli	x21,x13,0x1	 x13:0x00000001 x21=0x00000002
       20075000	      2006	8000517c	ec2fc9b7	lui	x19,0xec2fc	 x19=0xec2fc000
       20085000	      2007	80005180	027f1663	bne	x30,x7,800051ac	 x30:0x10000000  x7:0xa95dc068
       20095000	      2008	00000000	00000013	addi	x0,x0,0	  x0:0x00000000
       20105000	      2009	800051a8	00000013	addi	x0,x0,0	  x0:0x00000000
       20115000	      2010	800051ac	531e5d97	auipc	x27,0x531e5	 x27=0xd31ea1a8
       20125000	      2011	800051b0	ac758d13	addi	x26,x11,-1337	 x11:0x80009fc4 x26=0x80009a8b
       20135000	      2012	800051b4	00cf9733	sll	x14,x31,x12	 x31:0x00000008 x12:0x00000000 x14=0x00000008
       20145000	      2013	800051b8	007d1213	slli	x4,x26,0x7	 x26:0x80009a8b  x4=0x004d4580
       20155000	      2014	800051bc	01ca5113	srli	x2,x20,0x1c	 x20:0xffffffdf  x2=0x0000000f
       20165000	      2015	800051c0	41648fb3	sub	x31,x9,x22	  x9:0x0000000c x22:0x00000001 x31=0x0000000b
       20175000	      2016	800051c4	d4688813	addi	x16,x17,-698	 x17:0x00000001 x16=0xfffffd47
       20185000	      2017	800051c8	2dca7313	andi	x6,x20,732	 x20:0xffffffdf  x6=0x000002dc
       20195000	      2018	800051cc	b445cdb7	lui	x27,0xb445c	 x27=0xb445c000
       20205000	      2019	800051d0	03241c63	bne	x8,x18,80005208	  x8:0x00000000 x18:0xfffff8b2
       20215000	      2020	00000000	00000013	addi	x0,x0,0	  x0:0x00000000
       20225000	      2021	80005204	00000013	addi	x0,x0,0	  x0:0x00000000
       20235000	      2022	80005208	019c5a63	bge	x24,x25,8000521c	 x24:0x00000001 x25:0x0000000c
       20245000	      2023	8000520c	85e10337	lui	x6,0x85e10	  x6=0x85e10000
       20255000	      2024	80005210	00ee8a63	beq	x29,x14,80005224	 x29:0x3dd42000 x14:0x00000008
       20265000	      2025	80005214	02301063	bne	x0,x3,80005234	  x0:0x00000000  x3:0xfffffeff
       20275000	      2026	00000000	00000013	addi	x0,x0,0	  x0:0x00000000
       20285000	      2027	80005230	00000013	addi	x0,x0,0	  x0:0x00000000
       20295000	      2028	80005234	01156863	bltu	x10,x17,80005244	 x10:0x00000000 x17:0x00000001
       20305000	      2029	00000000	00000013	addi	x0,x0,0	  x0:0x00000000
       20315000	      2030	80005240	00000013	addi	x0,x0,0	  x0:0x00000000
       20325000	      2031	80005244	01f85b93	srli	x23,x16,0x1f	 x16:0xfffffd47 x23=0x00000001
       20335000	      2032	80005248	408a5313	srai	x6,x20,0x8	 x20:0xffffffdf  x6=0xffffffff
       20345000	      2033	8000524c	00934bb3	xor	x23,x6,x9	  x6:0xffffffff  x9:0x0000000c x23=0xfffffff3
       20355000	      2034	80005250	010e8263	beq	x29,x16,80005254	 x29:0x3dd42000 x16:0xfffffd47
       20365000	      2035	80005254	004dcdb3	xor	x27,x27,x4	 x27:0xb445c000  x4:0x004d4580 x27=0xb4088580
       20375000	      2036	80005258	40bb0733	sub	x14,x22,x11	 x22:0x00000001 x11:0x80009fc4 x14=0x7fff603d
       20385000	      2037	8000525c	e020c093	xori	x1,x1,-510	  x1:0xfffdf000  x1=0x00020e02
       20395000	      2038	80005260	01836a63	bltu	x6,x24,80005274	  x6:0xffffffff x24:0x00000001
       20405000	      2039	80005264	0fc05c63	bge	x0,x28,8000535c	  x0:0x00000000 x28:0x00000000
       20415000	      2040	00000000	00000013	addi	x0,x0,0	  x0:0x00000000
       20425000	      2041	80005358	00000013	addi	x0,x0,0	  x0:0x00000000
       20435000	      2042	8000535c	00234e63	blt	x6,x2,80005378	  x6:0xffffffff  x2:0x0000000f
       20445000	      2043	00000000	00000013	addi	x0,x0,0	  x0:0x00000000
       20455000	      2044	80005374	00000013	addi	x0,x0,0	  x0:0x00000000
       20465000	      2045	80005378	01755f93	srli	x31,x10,0x17	 x10:0x00000000 x31=0x00000000
       20475000	      2046	8000537c	41090033	sub	x0,x18,x16	 x18:0xfffff8b2 x16:0xfffffd47
       20485000	      2047	80005380	01ca9cb3	sll	x25,x21,x28	 x21:0x00000002 x28:0x00000000 x25=0x00000002
       20495000	      2048	80005384	05a01463	bne	x0,x26,800053cc	  x0:0x00000000 x26:0x80009a8b
       20505000	      2049	00000000	00000013	addi	x0,x0,0	  x0:0x00000000
       20515000	      2050	800053c8	00000013	addi	x0,x0,0	  x0:0x00000000
       20525000	      2051	800053cc	00751c33	sll	x24,x10,x7	 x10:0x00000000  x7:0xa95dc068 x24=0x00000000
       20535000	      2052	800053d0	d02f7a17	auipc	x20,0xd02f7	 x20=0x502fc3cc
       20545000	      2053	800053d4	01d5e863	bltu	x11,x29,800053e4	 x11:0x80009fc4 x29:0x3dd42000
       20555000	      2054	800053d8	19fdf137	lui	x2,0x19fdf	  x2=0x19fdf000
       20565000	      2055	800053dc	017d5a93	srli	x21,x26,0x17	 x26:0x80009a8b x21=0x00000100
       20575000	      2056	800053e0	0040a333	slt	x6,x1,x4	  x1:0x00020e02  x4:0x004d4580  x6=0x00000001
       20585000	      2057	800053e4	02d76c63	bltu	x14,x13,8000541c	 x14:0x7fff603d x13:0x00000001
       20595000	      2058	800053e8	01964cb3	xor	x25,x12,x25	 x12:0x00000000 x25:0x00000002 x25=0x00000002
       20605000	      2059	800053ec	86c97c13	andi	x24,x18,-1940	 x18:0xfffff8b2 x24=0xfffff820
       20615000	      2060	800053f0	00a51fb3	sll	x31,x10,x10	 x10:0x00000000 x10:0x00000000 x31=0x00000000
       20625000	      2061	800053f4	41565093	srai	x1,x12,0x15	 x12:0x00000000  x1=0x00000000
       20635000	      2062	800053f8	01489263	bne	x17,x20,800053fc	 x17:0x00000001 x20:0x502fc3cc
       20645000	      2063	00000000	00000013	addi	x0,x0,0	  x0:0x00000000
       20655000	      2064	800053f8	00000013	addi	x0,x0,0	  x0:0x00000000
       20665000	      2065	800053fc	94a2ae93	slti	x29,x5,-1718	  x5:0xd4026078 x29=0x00000001
       20675000	      2066	80005400	40b7d713	srai	x14,x15,0xb	 x15:0x80009f4c x14=0xfff00013
       20685000	      2067	80005404	00d84733	xor	x14,x16,x13	 x16:0xfffffd47 x13:0x00000001 x14=0xfffffd46
       20695000	      2068	80005408	401a5f93	srai	x31,x20,0x1	 x20:0x502fc3cc x31=0x2817e1e6
       20705000	      2069	8000540c	01999413	slli	x8,x19,0x19	 x19:0xec2fc000  x8=0x00000000
       20715000	      2070	80005410	00352ab3	slt	x21,x10,x3	 x10:0x00000000  x3:0xfffffeff x21=0x00000000
       20725000	      2071	80005414	41c58333	sub	x6,x11,x28	 x11:0x80009fc4 x28:0x00000000  x6=0x80009fc4
       20735000	      2072	80005418	010f9613	slli	x12,x31,0x10	 x31:0x2817e1e6 x12=0xe1e60000
       20745000	      2073	8000541c	00000013	addi	x0,x0,0	  x0:0x00000000
       20755000	      2074	80005420	01d7a2b3	slt	x5,x15,x29	 x15:0x80009f4c x29:0x00000001  x5=0x00000001
       20765000	      2075	80005424	43478a93	addi	x21,x15,1076	 x15:0x80009f4c x21=0x8000a380
       20775000	      2076	80005428	417cda13	srai	x20,x25,0x17	 x25:0x00000002 x20=0x00000000
       20785000	      2077	8000542c	02218663	beq	x3,x2,80005458	  x3:0xfffffeff  x2:0x19fdf000
       20795000	      2078	80005430	021d5463	bge	x26,x1,80005458	 x26:0x80009a8b  x1:0x00000000
       20805000	      2079	80005434	00e6b6b3	sltu	x13,x13,x14	 x13:0x00000001 x14:0xfffffd46 x13=0x00000001
       20815000	      2080	80005438	41ab06b3	sub	x13,x22,x26	 x22:0x00000001 x26:0x80009a8b x13=0x7fff6576
       20825000	      2081	8000543c	00a41c63	bne	x8,x10,80005454	  x8:0x00000000 x10:0x00000000
       20835000	      2082	80005440	006021b3	slt	x3,x0,x6	  x0:0x00000000  x6:0x80009fc4  x3=0x00000000
       20845000	      2083	80005444	015fcf33	xor	x30,x31,x21	 x31:0x2817e1e6 x21:0x8000a380 x30=0xa8174266
       20855000	      2084	80005448	546c8b93	addi	x23,x25,1350	 x25:0x00000002 x23=0x00000548
       20865000	      2085	8000544c	01f50263	beq	x10,x31,80005450	 x10:0x00000000 x31:0x2817e1e6
       20875000	      2086	80005450	a5eaa013	slti	x0,x21,-1442	 x21:0x8000a380
       20885000	      2087	80005454	3c477293	andi	x5,x14,964	 x14:0xfffffd46  x5=0x00000144
       20895000	      2088	80005458	6b730f93	addi	x31,x6,1719	  x6:0x80009fc4 x31=0x8000a67b
       20905000	      2089	8000545c	01d1aab3	slt	x21,x3,x29	  x3:0x00000000 x29:0x00000001 x21=0x00000001
       20915000	      2090	80005460	0047aa03	lw	x20,4(x15)	 x15:0x80009f4c x20=0x8000609c PA:0x80009f50
       20925000	      2091	80005464	17993813	sltiu	x16,x18,377	 x18:0xfffff8b2 x16=0x00000000
       20935000	      2092	80005468	00878793	addi	x15,x15,8	 x15:0x80009f4c x15=0x80009f54
       20945000	      2093	8000546c	007d9eb3	sll	x29,x27,x7	 x27:0xb4088580  x7:0xa95dc068 x29=0x08858000
       20955000	      2094	80005470	01c14833	xor	x16,x2,x28	  x2:0x19fdf000 x28:0x00000000 x16=0x19fdf000
       20965000	      2095	80005474	00000013	addi	x0,x0,0	  x0:0x00000000
       20975000	      2096	80005478	0cc03393	sltiu	x7,x0,204	  x0:0x00000000  x7=0x00000001
       20985000	      2097	8000547c	4056de93	srai	x29,x13,0x5	 x13:0x7fff6576 x29=0x03fffb2b
       20995000	      2098	80005480	b3306213	ori	x4,x0,-1229	  x0:0x00000000  x4=0xfffffb33
       21005000	      2099	80005484	000a0f13	addi	x30,x20,0	 x20:0x8000609c x30=0x8000609c
       21015000	      2100	80005488	000f0f67	jalr	x30,x30,0	 x30:0x8000609c x30=0x80005488
       21025000	      2101	00000000	00000013	addi	x0,x0,0	  x0:0x00000000
       21035000	      2102	8000609c	00000013	addi	x0,x0,0	  x0:0x00000000
       21045000	      2103	800060a0	00001617	auipc	x12,0x1	 x12=0x8000709c
       21055000	      2104	800060a4	82c60613	addi	x12,x12,-2004	 x12:0x8000709c x12=0x800068c8
       21065000	      2105	800060a8	418d5393	srai	x7,x26,0x18	 x26:0x80009a8b  x7=0xffffff80
       21075000	      2106	800060ac	41ae0933	sub	x18,x28,x26	 x28:0x00000000 x26:0x80009a8b x18=0x7fff6575
       21085000	      2107	800060b0	40578bb3	sub	x23,x15,x5	 x15:0x80009f54  x5:0x00000144 x23=0x80009e10
       21095000	      2108	800060b4	00f78d33	add	x26,x15,x15	 x15:0x80009f54 x15:0x80009f54 x26=0x00013ea8
       21105000	      2109	800060b8	003f76b3	and	x13,x30,x3	 x30:0x80005488  x3:0x00000000 x13=0x00000000
       21115000	      2110	800060bc	013ff3b3	and	x7,x31,x19	 x31:0x8000a67b x19:0xec2fc000  x7=0x80008000
       21125000	      2111	800060c0	0b7dc513	xori	x10,x27,183	 x27:0xb4088580 x10=0xb4088537
       21135000	      2112	800060c4	1e660613	addi	x12,x12,486	 x12:0x800068c8 x12=0x80006aae
       21145000	      2113	800060c8	4067de93	srai	x29,x15,0x6	 x15:0x80009f54 x29=0xfe00027d
       21155000	      2114	800060cc	f569f193	andi	x3,x19,-170	 x19:0xec2fc000  x3=0xec2fc000
       21165000	      2115	800060d0	e1a60a67	jalr	x20,x12,-486	 x12:0x80006aae x20=0x800060d0
       21175000	      2116	00000000	00000013	addi	x0,x0,0	  x0:0x00000000
       21185000	      2117	800068c8	00000013	addi	x0,x0,0	  x0:0x00000000
       21195000	      2118	800068cc	d98abf93	sltiu	x31,x21,-616	 x21:0x00000001 x31=0x00000001
       21205000	      2119	800068d0	3f524b13	xori	x22,x4,1013	  x4:0xfffffb33 x22=0xfffff8c6
       21215000	      2120	800068d4	ce0046b7	lui	x13,0xce004	 x13=0xce004000
       21225000	      2121	800068d8	fd878793	addi	x15,x15,-40	 x15:0x80009f54 x15=0x80009f2c
       21235000	      2122	800068dc	0147a223	sw	x20,4(x15)	 x15:0x80009f2c x20:0x800060d0 PA:0x80009f30
       21245000	      2123	800068e0	0074f433	and	x8,x9,x7	  x9:0x0000000c  x7:0x80008000  x8=0x00000000
       21255000	      2124	800068e4	19660c93	addi	x25,x12,406	 x12:0x80006aae x25=0x80006c44
       21265000	      2125	800068e8	01a61d93	slli	x27,x12,0x1a	 x12:0x80006aae x27=0xb8000000
       21275000	      2126	800068ec	41458c33	sub	x24,x11,x20	 x11:0x80009fc4 x20:0x800060d0 x24=0x00003ef4
       21285000	      2127	800068f0	00336933	or	x18,x6,x3	  x6:0x80009fc4  x3:0xec2fc000 x18=0xec2fdfc4
       21295000	      2128	800068f4	008b4a63	blt	x22,x8,80006908	 x22:0xfffff8c6  x8:0x00000000
       21305000	      2129	00000000	00000013	addi	x0,x0,0	  x0:0x00000000
       21315000	      2130	80006904	00000013	addi	x0,x0,0	  x0:0x00000000
       21325000	      2131	80006908	d21f0193	addi	x3,x30,-735	 x30:0x80005488  x3=0x800051a9
       21335000	      2132	8000690c	01ee9d13	slli	x26,x29,0x1e	 x29:0xfe00027d x26=0x40000000
       21345000	      2133	80006910	41ded213	srai	x4,x29,0x1d	 x29:0xfe00027d  x4=0xffffffff
       21355000	      2134	80006914	05bee863	bltu	x29,x27,80006964	 x29:0xfe00027d x27:0xb8000000
       21365000	      2135	80006918	d096d917	auipc	x18,0xd096d	 x18=0x50973914
       21375000	      2136	8000691c	00174233	xor	x4,x14,x1	 x14:0xfffffd46  x1:0x00000000  x4=0xfffffd46
       21385000	      2137	80006920	0f1e0713	addi	x14,x28,241	 x28:0x00000000 x14=0x000000f1
       21395000	      2138	80006924	00c81533	sll	x10,x16,x12	 x16:0x19fdf000 x12:0x80006aae x10=0x7c000000
       21405000	      2139	80006928	044e9463	bne	x29,x4,80006970	 x29:0xfe00027d  x4:0xfffffd46
       21415000	      2140	00000000	00000013	addi	x0,x0,0	  x0:0x00000000
       21425000	      2141	8000696c	00000013	addi	x0,x0,0	  x0:0x00000000
       21435000	      2142	80006970	004619b3	sll	x19,x12,x4	 x12:0x80006aae  x4:0xfffffd46 x19=0x001aab80
       21445000	      2143	80006974	3ff86c93	ori	x25,x16,1023	 x16:0x19fdf000 x25=0x19fdf3ff
       21455000	      2144	80006978	00bf9e93	slli	x29,x31,0xb	 x31:0x00000001 x29=0x00000800
       21465000	      2145	8000697c	003f1c33	sll	x24,x30,x3	 x30:0x80005488  x3:0x800051a9 x24=0x00a91000
       21475000	      2146	80006980	00fe7833	and	x16,x28,x15	 x28:0x00000000 x15:0x80009f2c x16=0x00000000
       21485000	      2147	80006984	65e1c013	xori	x0,x3,1630	  x3:0x800051a9
       21495000	      2148	80006988	40d451b3	sra	x3,x8,x13	  x8:0x00000000 x13:0xce004000  x3=0x00000000
       21505000	      2149	8000698c	d7903f37	lui	x30,0xd7903	 x30=0xd7903000
       21515000	      2150	80006990	ba0dd3b7	lui	x7,0xba0dd	  x7=0xba0dd000
       21525000	      2151	80006994	0047aa03	lw	x20,4(x15)	 x15:0x80009f2c x20=0x800060d0 PA:0x80009f30
       21535000	      2152	80006998	00000013	addi	x0,x0,0	  x0:0x00000000
       21545000	      2153	8000699c	003671b3	and	x3,x12,x3	 x12:0x80006aae  x3:0x00000000  x3=0x00000000
       21555000	      2154	800069a0	00364433	xor	x8,x12,x3	 x12:0x80006aae  x3:0x00000000  x8=0x80006aae
       21565000	      2155	800069a4	28122b93	slti	x23,x4,641	  x4:0xfffffd46 x23=0x00000001
       21575000	      2156	800069a8	02878793	addi	x15,x15,40	 x15:0x80009f2c x15=0x80009f54
       21585000	      2157	800069ac	40ae0133	sub	x2,x28,x10	 x28:0x00000000 x10:0x7c000000  x2=0x84000000
       21595000	      2158	800069b0	406406b3	sub	x13,x8,x6	  x8:0x80006aae  x6:0x80009fc4 x13=0xffffcaea
       21605000	      2159	800069b4	00e25233	srl	x4,x4,x14	  x4:0xfffffd46 x14:0x000000f1  x4=0x00007fff
       21615000	      2160	800069b8	001a0393	addi	x7,x20,1	 x20:0x800060d0  x7=0x800060d1
       21625000	      2161	800069bc	000383e7	jalr	x7,x7,0	  x7:0x800060d1  x7=0x800069bc
       21635000	      2162	00000000	00000013	addi	x0,x0,0	  x0:0x00000000
       21645000	      2163	800060d0	00000013	addi	x0,x0,0	  x0:0x00000000
       21655000	      2164	800060d4	3dec3113	sltiu	x2,x24,990	 x24:0x00a91000  x2=0x00000000
       21665000	      2165	800060d8	0339c863	blt	x19,x19,80006108	 x19:0x001aab80 x19:0x001aab80
       21675000	      2166	800060dc	04bb8663	beq	x23,x11,80006128	 x23:0x00000001 x11:0x80009fc4
       21685000	      2167	800060e0	014a6f33	or	x30,x20,x20	 x20:0x800060d0 x20:0x800060d0 x30=0x800060d0
       21695000	      2168	800060e4	abf0b713	sltiu	x14,x1,-1345	  x1:0x00000000 x14=0x00000001
       21705000	      2169	800060e8	01c44433	xor	x8,x8,x28	  x8:0x80006aae x28:0x00000000  x8=0x80006aae
       21715000	      2170	800060ec	41c1df93	srai	x31,x3,0x1c	  x3:0x00000000 x31=0x00000000
       21725000	      2171	800060f0	0546e863	bltu	x13,x20,80006140	 x13:0xffffcaea x20:0x800060d0
       21735000	      2172	800060f4	0358fc63	bgeu	x17,x21,8000612c	 x17:0x00000001 x21:0x00000001
       21745000	      2173	00000000	00000013	addi	x0,x0,0	  x0:0x00000000
       21755000	      2174	80006128	00000013	addi	x0,x0,0	  x0:0x00000000
       21765000	      2175	8000612c	6873fc17	auipc	x24,0x6873f	 x24=0xe8745128
       21775000	      2176	80006130	0102cfb3	xor	x31,x5,x16	  x5:0x00000144 x16:0x00000000 x31=0x00000144
       21785000	      2177	80006134	04429463	bne	x5,x4,8000617c	  x5:0x00000144  x4:0x00007fff
       21795000	      2178	00000000	00000013	addi	x0,x0,0	  x0:0x00000000
       21805000	      2179	80006178	00000013	addi	x0,x0,0	  x0:0x00000000
       21815000	      2180	8000617c	00af1993	slli	x19,x30,0xa	 x30:0x800060d0 x19=0x01834000
       21825000	      2181	80006180	0043bdb3	sltu	x27,x7,x4	  x7:0x800069bc  x4:0x00007fff x27=0x00000000
       21835000	      2182	80006184	6cf28337	lui	x6,0x6cf28	  x6=0x6cf28000
       21845000	      2183	80006188	00b410b3	sll	x1,x8,x11	  x8:0x80006aae x11:0x80009fc4  x1=0x0006aae0
       21855000	      2184	8000618c	01071e63	bne	x14,x16,800061a8	 x14:0x00000001 x16:0x00000000
       21865000	      2185	00000000	00000013	addi	x0,x0,0	  x0:0x00000000
       21875000	      2186	800061a4	00000013	addi	x0,x0,0	  x0:0x00000000
       21885000	      2187	800061a8	af60ff93	andi	x31,x1,-1290	  x1:0x0006aae0 x31=0x0006aae0
       21895000	      2188	800061ac	1ae4c093	xori	x1,x9,430	  x9:0x0000000c  x1=0x000001a2
       21905000	      2189	800061b0	01e6e263	bltu	x13,x30,800061b4	 x13:0xffffcaea x30:0x800060d0
       21915000	      2190	800061b4	02d8c463	blt	x17,x13,800061dc	 x17:0x00000001 x13:0xffffcaea
       21925000	      2191	800061b8	00019463	bne	x3,x0,800061c0	  x3:0x00000000  x0:0x00000000
       21935000	      2192	800061bc	1edacb93	xori	x23,x21,493	 x21:0x00000001 x23=0x000001ec
       21945000	      2193	800061c0	ab30ac93	slti	x25,x1,-1357	  x1:0x000001a2 x25=0x00000000
       21955000	      2194	800061c4	0367c463	blt	x15,x22,800061ec	 x15:0x80009f54 x22:0xfffff8c6
       21965000	      2195	00000000	00000013	addi	x0,x0,0	  x0:0x00000000
       21975000	      2196	800061e8	00000013	addi	x0,x0,0	  x0:0x00000000
       21985000	      2197	800061ec	9a556d93	ori	x27,x10,-1627	 x10:0x7c000000 x27=0xfffff9a5
       21995000	      2198	800061f0	746bf237	lui	x4,0x746bf	  x4=0x746bf000
       22005000	      2199	800061f4	00661cb3	sll	x25,x12,x6	 x12:0x80006aae  x6:0x6cf28000 x25=0x80006aae
       22015000	      2200	800061f8	9322c613	xori	x12,x5,-1742	  x5:0x00000144 x12=0xfffff876
       22025000	      2201	800061fc	00249bb3	sll	x23,x9,x2	  x9:0x0000000c  x2:0x00000000 x23=0x0000000c
       22035000	      2202	80006200	dba22893	slti	x17,x4,-582	  x4:0x746bf000 x17=0x00000000
       22045000	      2203	80006204	038a0213	addi	x4,x20,56	 x20:0x800060d0  x4=0x80006108
       22055000	      2204	80006208	5265a613	slti	x12,x11,1318	 x11:0x80009fc4 x12=0x00000001
       22065000	      2205	8000620c	0047aa03	lw	x20,4(x15)	 x15:0x80009f54 x20=0x80000964 PA:0x80009f58
       22075000	      2206	80006210	00223fb3	sltu	x31,x4,x2	  x4:0x80006108  x2:0x00000000 x31=0x00000000
       22085000	      2207	80006214	03078793	addi	x15,x15,48	 x15:0x80009f54 x15=0x80009f84
       22095000	      2208	80006218	4012df93	srai	x31,x5,0x1	  x5:0x00000144 x31=0x000000a2
       22105000	      2209	8000621c	3e950393	addi	x7,x10,1001	 x10:0x7c000000  x7=0x7c0003e9
       22115000	      2210	80006220	001a0a13	addi	x20,x20,1	 x20:0x80000964 x20=0x80000965
       22125000	      2211	80006224	000a0a67	jalr	x20,x20,0	 x20:0x80000965 x20=0x80006224
       22135000	      2212	00000000	00000013	addi	x0,x0,0	  x0:0x00000000
       22145000	      2213	80000964	00000013	addi	x0,x0,0	  x0:0x00000000
       22155000	      2214	80000968	02320863	beq	x4,x3,80000998	  x4:0x80006108  x3:0x00000000
       22165000	      2215	8000096c	ed5bea93	ori	x21,x23,-299	 x23:0x0000000c x21=0xfffffedd
       22175000	      2216	80000970	717e0937	lui	x18,0x717e0	 x18=0x717e0000
       22185000	      2217	80000974	1d402f13	slti	x30,x0,468	  x0:0x00000000 x30=0x00000001
       22195000	      2218	80000978	0106ec33	or	x24,x13,x16	 x13:0xffffcaea x16:0x00000000 x24=0xffffcaea
       22205000	      2219	8000097c	ff588013	addi	x0,x17,-11	 x17:0x00000000
       22215000	      2220	80000980	00f6f033	and	x0,x13,x15	 x13:0xffffcaea x15:0x80009f84
       22225000	      2221	80000984	038e7a63	bgeu	x28,x24,800009b8	 x28:0x00000000 x24:0xffffcaea
       22235000	      2222	80000988	013036b3	sltu	x13,x0,x19	  x0:0x00000000 x19:0x01834000 x13=0x00000001
       22245000	      2223	8000098c	f73cef13	ori	x30,x25,-141	 x25:0x80006aae x30=0xffffffff
       22255000	      2224	80000990	02a24663	blt	x4,x10,800009bc	  x4:0x80006108 x10:0x7c000000
       22265000	      2225	00000000	00000013	addi	x0,x0,0	  x0:0x00000000
       22275000	      2226	800009b8	00000013	addi	x0,x0,0	  x0:0x00000000
       22285000	      2227	800009bc	00d04663	blt	x0,x13,800009c8	  x0:0x00000000 x13:0x00000001
       22295000	      2228	00000000	00000013	addi	x0,x0,0	  x0:0x00000000
       22305000	      2229	800009c4	00000013	addi	x0,x0,0	  x0:0x00000000
       22315000	      2230	800009c8	033a7c63	bgeu	x20,x19,80000a00	 x20:0x80006224 x19:0x01834000
       22325000	      2231	00000000	00000013	addi	x0,x0,0	  x0:0x00000000
       22335000	      2232	800009fc	00000013	addi	x0,x0,0	  x0:0x00000000
       22345000	      2233	80000a00	41fed3b3	sra	x7,x29,x31	 x29:0x00000800 x31:0x000000a2  x7=0x00000200
       22355000	      2234	80000a04	01c55b93	srli	x23,x10,0x1c	 x10:0x7c000000 x23=0x00000007
       22365000	      2235	80000a08	7b76fe93	andi	x29,x13,1975	 x13:0x00000001 x29=0x00000001
       22375000	      2236	80000a0c	00509413	slli	x8,x1,0x5	  x1:0x000001a2  x8=0x00003440
       22385000	      2237	80000a10	b54d7d37	lui	x26,0xb54d7	 x26=0xb54d7000
       22395000	      2238	80000a14	01b8e1b3	or	x3,x17,x27	 x17:0x00000000 x27:0xfffff9a5  x3=0xfffff9a5
       22405000	      2239	80000a18	41e95c13	srai	x24,x18,0x1e	 x18:0x717e0000 x24=0x00000001
       22415000	      2240	80000a1c	03ea1263	bne	x20,x30,80000a40	 x20:0x80006224 x30:0xffffffff
       22425000	      2241	00000000	00000013	addi	x0,x0,0	  x0:0x00000000
       22435000	      2242	80000a3c	00000013	addi	x0,x0,0	  x0:0x00000000
       22445000	      2243	80000a40	41d85eb3	sra	x29,x16,x29	 x16:0x00000000 x29:0x00000001 x29=0x00000000
       22455000	      2244	80000a44	02f59263	bne	x11,x15,80000a68	 x11:0x80009fc4 x15:0x80009f84
       22465000	      2245	00000000	00000013	addi	x0,x0,0	  x0:0x00000000
       22475000	      2246	80000a64	00000013	addi	x0,x0,0	  x0:0x00000000
       22485000	      2247	80000a68	4294bc93	sltiu	x25,x9,1065	  x9:0x0000000c x25=0x00000001
       22495000	      2248	80000a6c	00000013	addi	x0,x0,0	  x0:0x00000000
       22505000	      2249	80000a70	0437e263	bltu	x15,x3,80000ab4	 x15:0x80009f84  x3:0xfffff9a5
       22515000	      2250	00000000	00000013	addi	x0,x0,0	  x0:0x00000000
       22525000	      2251	80000ab0	00000013	addi	x0,x0,0	  x0:0x00000000
       22535000	      2252	80000ab4	004a1eb3	sll	x29,x20,x4	 x20:0x80006224  x4:0x80006108 x29=0x00622400
       22545000	      2253	80000ab8	155bc513	xori	x10,x23,341	 x23:0x00000007 x10=0x00000152
       22555000	      2254	80000abc	01b24bb3	xor	x23,x4,x27	  x4:0x80006108 x27:0xfffff9a5 x23=0x7fff98ad
       22565000	      2255	80000ac0	05ce0663	beq	x28,x28,80000b0c	 x28:0x00000000 x28:0x00000000
       22575000	      2256	00000000	00000013	addi	x0,x0,0	  x0:0x00000000
       22585000	      2257	80000b08	00000013	addi	x0,x0,0	  x0:0x00000000
       22595000	      2258	80000b0c	41640fb3	sub	x31,x8,x22	  x8:0x00003440 x22:0xfffff8c6 x31=0x00003b7a
       22605000	      2259	80000b10	4027dd93	srai	x27,x15,0x2	 x15:0x80009f84 x27=0xe00027e1
       22615000	      2260	80000b14	02e05663	bge	x0,x14,80000b40	  x0:0x00000000 x14:0x00000001
       22625000	      2261	80000b18	00675993	srli	x19,x14,0x6	 x14:0x00000001 x19=0x00000000
       22635000	      2262	80000b1c	01a401b3	add	x3,x8,x26	  x8:0x00003440 x26:0xb54d7000  x3=0xb54da440
       22645000	      2263	80000b20	0a4c6c13	ori	x24,x24,164	 x24:0x00000001 x24=0x000000a5
       22655000	      2264	80000b24	660cbc93	sltiu	x25,x25,1632	 x25:0x00000001 x25=0x00000001
       22665000	      2265	80000b28	23d57a13	andi	x20,x10,573	 x10:0x00000152 x20=0x00000010
       22675000	      2266	80000b2c	02398663	beq	x19,x3,80000b58	 x19:0x00000000  x3:0xb54da440
       22685000	      2267	80000b30	01f66c13	ori	x24,x12,31	 x12:0x00000001 x24=0x0000001f
       22695000	      2268	80000b34	01d87533	and	x10,x16,x29	 x16:0x00000000 x29:0x00622400 x10=0x00000000
       22705000	      2269	80000b38	00ac3eb3	sltu	x29,x24,x10	 x24:0x0000001f x10:0x00000000 x29=0x00000000
       22715000	      2270	80000b3c	41fed133	sra	x2,x29,x31	 x29:0x00000000 x31:0x00003b7a  x2=0x00000000
       22725000	      2271	80000b40	00000013	addi	x0,x0,0	  x0:0x00000000
       22735000	      2272	80000b44	005f43b3	xor	x7,x30,x5	 x30:0xffffffff  x5:0x00000144  x7=0xfffffebb
       22745000	      2273	80000b48	407d5a93	srai	x21,x26,0x7	 x26:0xb54d7000 x21=0xff6a9ae0
       22755000	      2274	80000b4c	41edddb3	sra	x27,x27,x30	 x27:0xe00027e1 x30:0xffffffff x27=0xffffffff
       22765000	      2275	80000b50	06eed263	bge	x29,x14,80000bb4	 x29:0x00000000 x14:0x00000001
       22775000	      2276	80000b54	07114063	blt	x2,x17,80000bb4	  x2:0x00000000 x17:0x00000000
       22785000	      2277	80000b58	2f5e2cb7	lui	x25,0x2f5e2	 x25=0x2f5e2000
       22795000	      2278	80000b5c	7263e613	ori	x12,x7,1830	  x7:0xfffffebb x12=0xffffffbf
       22805000	      2279	80000b60	01fada93	srli	x21,x21,0x1f	 x21:0xff6a9ae0 x21=0x00000001
       22815000	      2280	80000b64	06ba0263	beq	x20,x11,80000bc8	 x20:0x00000010 x11:0x80009fc4
       22825000	      2281	80000b68	06520463	beq	x4,x5,80000bd0	  x4:0x80006108  x5:0x00000144
       22835000	      2282	80000b6c	00001117	auipc	x2,0x1	  x2=0x80001b68
       22845000	      2283	80000b70	03010113	addi	x2,x2,48	  x2:0x80001b68  x2=0x80001b98
       22855000	      2284	80000b74	7c95ae93	slti	x29,x11,1993	 x11:0x80009fc4 x29=0x00000001
       22865000	      2285	80000b78	588ea093	slti	x1,x29,1416	 x29:0x00000001  x1=0x00000001
       22875000	      2286	80000b7c	23f91017	auipc	x0,0x23f91	
       22885000	      2287	80000b80	40715613	srai	x12,x2,0x7	  x2:0x80001b98 x12=0xff000037
       22895000	      2288	80000b84	41ff8933	sub	x18,x31,x31	 x31:0x00003b7a x31:0x00003b7a x18=0x00000000
       22905000	      2289	80000b88	40fbd933	sra	x18,x23,x15	 x23:0x7fff98ad x15:0x80009f84 x18=0x07fff98a
       22915000	      2290	80000b8c	01aa0c33	add	x24,x20,x26	 x20:0x00000010 x26:0xb54d7000 x24=0xb54d7010
       22925000	      2291	80000b90	cfd10113	addi	x2,x2,-771	  x2:0x80001b98  x2=0x80001895
       22935000	      2292	80000b94	00027333	and	x6,x4,x0	  x4:0x80006108  x0:0x00000000  x6=0x00000000
       22945000	      2293	80000b98	30410a67	jalr	x20,x2,772	  x2:0x80001895 x20=0x80000b98
       22955000	      2294	00000000	00000013	addi	x0,x0,0	  x0:0x00000000
       22965000	      2295	80001b98	00000013	addi	x0,x0,0	  x0:0x00000000
       22975000	      2296	80001b9c	00f77263	bgeu	x14,x15,80001ba0	 x14:0x00000001 x15:0x80009f84
       22985000	      2297	80001ba0	fd478793	addi	x15,x15,-44	 x15:0x80009f84 x15=0x80009f58
       22995000	      2298	80001ba4	000b1993	slli	x19,x22,0x0	 x22:0xfffff8c6 x19=0xfffff8c6
       23005000	      2299	80001ba8	b90e0093	addi	x1,x28,-1136	 x28:0x00000000  x1=0xfffffb90
       23015000	      2300	80001bac	0147a223	sw	x20,4(x15)	 x15:0x80009f58 x20:0x80000b98 PA:0x80009f5c
       23025000	      2301	80001bb0	003d1e33	sll	x28,x26,x3	 x26:0xb54d7000  x3:0xb54da440 x28=0xb54d7000
       23035000	      2302	80001bb4	00007c97	auipc	x25,0x7	 x25=0x80008bb0
       23045000	      2303	80001bb8	147c8c93	addi	x25,x25,327	 x25:0x80008bb0 x25=0x80008cf7
       23055000	      2304	80001bbc	01ec8723	sb	x30,14(x25)	 x25:0x80008cf7 x30:0xffffffff PA:0x80008d05
       23065000	      2305	80001bc0	ff0c99a3	sh	x16,-13(x25)	 x25:0x80008cf7 x16:0x00000000 PA:0x80008cea
       23075000	      2306	80001bc4	008c8c03	lb	x24,8(x25)	 x25:0x80008cf7 x24=0x0000001f PA:0x80008cff
       23085000	      2307	80001bc8	a6946a93	ori	x21,x8,-1431	  x8:0x00003440 x21=0xfffffe69
       23095000	      2308	80001bcc	ff4cc683	lbu	x13,-12(x25)	 x25:0x80008cf7 x13=0x00000000 PA:0x80008ceb
       23105000	      2309	80001bd0	001ccf03	lbu	x30,1(x25)	 x25:0x80008cf7 x30=0x000000c2 PA:0x80008cf8
       23115000	      2310	80001bd4	00712533	slt	x10,x2,x7	  x2:0x80001895  x7:0xfffffebb x10=0x00000001
       23125000	      2311	80001bd8	0098f333	and	x6,x17,x9	 x17:0x00000000  x9:0x0000000c  x6=0x00000000
       23135000	      2312	80001bdc	ff7cd203	lhu	x4,-9(x25)	 x25:0x80008cf7  x4=0x00008c15 PA:0x80008cee
       23145000	      2313	80001be0	ff1ca883	lw	x17,-15(x25)	 x25:0x80008cf7 x17=0x0000bba6 PA:0x80008ce8
       23155000	      2314	80001be4	ff0c8d03	lb	x26,-16(x25)	 x25:0x80008cf7 x26=0xfffffff2 PA:0x80008ce7
       23165000	      2315	00000000	00000013	addi	x0,x0,0	  x0:0x00000000
       23175000	      2316	80001be8	01fd69b3	or	x19,x26,x31	 x26:0xfffffff2 x31:0x00003b7a x19=0xfffffffa
       23185000	      2317	80001bec	014ad913	srli	x18,x21,0x14	 x21:0xfffffe69 x18=0x00000fff
       23195000	      2318	80001bf0	014809b3	add	x19,x16,x20	 x16:0x00000000 x20:0x80000b98 x19=0x80000b98
       23205000	      2319	80001bf4	ffec89a3	sb	x30,-13(x25)	 x25:0x80008cf7 x30:0x000000c2 PA:0x80008cea
       23215000	      2320	80001bf8	41c482b3	sub	x5,x9,x28	  x9:0x0000000c x28:0xb54d7000  x5=0x4ab2900c
       23225000	      2321	80001bfc	01ff1d93	slli	x27,x30,0x1f	 x30:0x000000c2 x27=0x00000000
       23235000	      2322	80001c00	ff4cc683	lbu	x13,-12(x25)	 x25:0x80008cf7 x13=0x00000000 PA:0x80008ceb
       23245000	      2323	00000000	00000013	addi	x0,x0,0	  x0:0x00000000
       23255000	      2324	80001c04	fd76aa93	slti	x21,x13,-41	 x13:0x00000000 x21=0x00000000
       23265000	      2325	80001c08	ff6caca3	sw	x22,-7(x25)	 x25:0x80008cf7 x22:0xfffff8c6 PA:0x80008cf0
       23275000	      2326	80001c0c	010c8703	lb	x14,16(x25)	 x25:0x80008cf7 x14=0x00000065 PA:0x80008d07
       23285000	      2327	80001c10	fe6ca8a3	sw	x6,-15(x25)	 x25:0x80008cf7  x6:0x00000000 PA:0x80008ce8
       23295000	      2328	80001c14	006c8503	lb	x10,6(x25)	 x25:0x80008cf7 x10=0x0000000f PA:0x80008cfd
       23305000	      2329	80001c18	ffaccf03	lbu	x30,-6(x25)	 x25:0x80008cf7 x30=0x000000f8 PA:0x80008cf1
       23315000	      2330	80001c1c	fefc8a23	sb	x15,-12(x25)	 x25:0x80008cf7 x15:0x80009f58 PA:0x80008ceb
       23325000	      2331	80001c20	ff2ccc03	lbu	x24,-14(x25)	 x25:0x80008cf7 x24=0x00000000 PA:0x80008ce9
       23335000	      2332	80001c24	a2b8ee93	ori	x29,x17,-1493	 x17:0x0000bba6 x29=0xfffffbaf
       23345000	      2333	80001c28	ffdca683	lw	x13,-3(x25)	 x25:0x80008cf7 x13=0xf02b876a PA:0x80008cf4
       23355000	      2334	80001c2c	ff0cc683	lbu	x13,-16(x25)	 x25:0x80008cf7 x13=0x000000f2 PA:0x80008ce7
       23365000	      2335	80001c30	ff6c8c03	lb	x24,-10(x25)	 x25:0x80008cf7 x24=0x0000007b PA:0x80008ced
       23375000	      2336	80001c34	00904d33	xor	x26,x0,x9	  x0:0x00000000  x9:0x0000000c x26=0x0000000c
       23385000	      2337	80001c38	fd40dc37	lui	x24,0xfd40d	 x24=0xfd40d000
       23395000	      2338	80001c3c	40d58f33	sub	x30,x11,x13	 x11:0x80009fc4 x13:0x000000f2 x30=0x80009ed2
       23405000	      2339	80001c40	ff1caf03	lw	x30,-15(x25)	 x25:0x80008cf7 x30=0x58000000 PA:0x80008ce8
       23415000	      2340	80001c44	ff8cc003	lbu	x0,-8(x25)	 x25:0x80008cf7 PA:0x80008cef
       23425000	      2341	80001c48	00007f17	auipc	x30,0x7	 x30=0x80008c44
       23435000	      2342	80001c4c	aecf0f13	addi	x30,x30,-1300	 x30:0x80008c44 x30=0x80008730
       23445000	      2343	80001c50	016b0b33	add	x22,x22,x22	 x22:0xfffff8c6 x22:0xfffff8c6 x22=0xfffff18c
       23455000	      2344	80001c54	00d3d233	srl	x4,x7,x13	  x7:0xfffffebb x13:0x000000f2  x4=0x00003fff
       23465000	      2345	80001c58	f5ff0b03	lb	x22,-161(x30)	 x30:0x80008730 x22=0x00000011 PA:0x8000868f
       23475000	      2346	80001c5c	b6cf1523	sh	x12,-1174(x30)	 x30:0x80008730 x12:0xff000037 PA:0x8000829a
       23485000	      2347	80001c60	b08f1c83	lh	x25,-1272(x30)	 x30:0x80008730 x25=0x000033a2 PA:0x80008238
       23495000	      2348	80001c64	e4bf2423	sw	x11,-440(x30)	 x30:0x80008730 x11:0x80009fc4 PA:0x80008578
       23505000	      2349	80001c68	00cabcb3	sltu	x25,x21,x12	 x21:0x00000000 x12:0xff000037 x25=0x00000001
       23515000	      2350	80001c6c	ccff1823	sh	x15,-816(x30)	 x30:0x80008730 x15:0x80009f58 PA:0x80008400
       23525000	      2351	80001c70	01b75913	srli	x18,x14,0x1b	 x14:0x00000065 x18=0x00000000
       23535000	      2352	80001c74	01dc2d33	slt	x26,x24,x29	 x24:0xfd40d000 x29:0xfffffbaf x26=0x00000001
       23545000	      2353	80001c78	a83f0283	lb	x5,-1405(x30)	 x30:0x80008730  x5=0x00000038 PA:0x800081b3
       23555000	      2354	80001c7c	00fb3b33	sltu	x22,x22,x15	 x22:0x00000011 x15:0x80009f58 x22=0x00000001
       23565000	      2355	80001c80	00395bb3	srl	x23,x18,x3	 x18:0x00000000  x3:0xb54da440 x23=0x00000000
       23575000	      2356	80001c84	00747833	and	x16,x8,x7	  x8:0x00003440  x7:0xfffffebb x16=0x00003400
       23585000	      2357	80001c88	00000013	addi	x0,x0,0	  x0:0x00000000
       23595000	      2358	80001c8c	e71f08a3	sb	x17,-399(x30)	 x30:0x80008730 x17:0x0000bba6 PA:0x800085a1
       23605000	      2359	80001c90	0a6f4183	lbu	x3,166(x30)	 x30:0x80008730  x3=0x000000d2 PA:0x800087d6
       23615000	      2360	80001c94	408b5233	sra	x4,x22,x8	 x22:0x00000001  x8:0x00003440  x4=0x00000001
       23625000	      2361	80001c98	004393b3	sll	x7,x7,x4	  x7:0xfffffebb  x4:0x00000001  x7=0xfffffd76
       23635000	      2362	80001c9c	fd6f06a3	sb	x22,-51(x30)	 x30:0x80008730 x22:0x00000001 PA:0x800086fd
       23645000	      2363	80001ca0	0c6f4c83	lbu	x25,198(x30)	 x30:0x80008730 x25=0x00000078 PA:0x800087f6
       23655000	      2364	80001ca4	01777bb3	and	x23,x14,x23	 x14:0x00000065 x23:0x00000000 x23=0x00000000
       23665000	      2365	80001ca8	d30fc113	xori	x2,x31,-720	 x31:0x00003b7a  x2=0xffffc64a
       23675000	      2366	80001cac	e2453093	sltiu	x1,x10,-476	 x10:0x0000000f  x1=0x00000001
       23685000	      2367	80001cb0	b01f0d03	lb	x26,-1279(x30)	 x30:0x80008730 x26=0x00000076 PA:0x80008231
       23695000	      2368	80001cb4	f6af1b23	sh	x10,-138(x30)	 x30:0x80008730 x10:0x0000000f PA:0x800086a6
       23705000	      2369	80001cb8	016b3bb3	sltu	x23,x22,x22	 x22:0x00000001 x22:0x00000001 x23=0x00000000
       23715000	      2370	80001cbc	01e8be33	sltu	x28,x17,x30	 x17:0x0000bba6 x30:0x80008730 x28=0x00000001
       23725000	      2371	80001cc0	977f4983	lbu	x19,-1673(x30)	 x30:0x80008730 x19=0x0000007b PA:0x800080a7
       23735000	      2372	80001cc4	01409033	sll	x0,x1,x20	  x1:0x00000001 x20:0x80000b98
       23745000	      2373	80001cc8	989f0d23	sb	x9,-1638(x30)	 x30:0x80008730  x9:0x0000000c PA:0x800080ca
       23755000	      2374	80001ccc	070f2b03	lw	x22,112(x30)	 x30:0x80008730 x22=0xf29ce637 PA:0x800087a0
       23765000	      2375	80001cd0	00000013	addi	x0,x0,0	  x0:0x00000000
       23775000	      2376	80001cd4	39e43c17	auipc	x24,0x39e43	 x24=0xb9e44cd0
       23785000	      2377	80001cd8	00146333	or	x6,x8,x1	  x8:0x00003440  x1:0x00000001  x6=0x00003441
       23795000	      2378	80001cdc	0119f633	and	x12,x19,x17	 x19:0x0000007b x17:0x0000bba6 x12=0x00000022
       23805000	      2379	80001ce0	e8c13197	auipc	x3,0xe8c13	  x3=0x68c14cdc
       23815000	      2380	80001ce4	00df69b3	or	x19,x30,x13	 x30:0x80008730 x13:0x000000f2 x19=0x800087f2
       23825000	      2381	80001ce8	a14f5803	lhu	x16,-1516(x30)	 x30:0x80008730 x16=0x0000f92e PA:0x80008144
       23835000	      2382	80001cec	4178d133	sra	x2,x17,x23	 x17:0x0000bba6 x23:0x00000000  x2=0x0000bba6
       23845000	      2383	80001cf0	adef1f83	lh	x31,-1314(x30)	 x30:0x80008730 x31=0x000000de PA:0x8000820e
       23855000	      2384	80001cf4	d34f2d03	lw	x26,-716(x30)	 x30:0x80008730 x26=0x1cf95d60 PA:0x80008464
       23865000	      2385	80001cf8	d53f4883	lbu	x17,-685(x30)	 x30:0x80008730 x17=0x0000008e PA:0x80008483
       23875000	      2386	80001cfc	f62f09a3	sb	x2,-141(x30)	 x30:0x80008730  x2:0x0000bba6 PA:0x800086a3
       23885000	      2387	80001d00	f90f0fa3	sb	x16,-97(x30)	 x30:0x80008730 x16:0x0000f92e PA:0x800086cf
       23895000	      2388	80001d04	b3ef0683	lb	x13,-1218(x30)	 x30:0x80008730 x13=0x0000004c PA:0x8000826e
       23905000	      2389	00000000	00000013	addi	x0,x0,0	  x0:0x00000000
       23915000	      2390	80001d08	b2df0a03	lb	x20,-1235(x30)	 x30:0x80008730 x20=0xffffff90 PA:0x8000825d
       23925000	      2391	80001d0c	a76f0323	sb	x22,-1434(x30)	 x30:0x80008730 x22:0xf29ce637 PA:0x80008196
       23935000	      2392	80001d10	075c2c13	slti	x24,x24,117	 x24:0xb9e44cd0 x24=0x00000001
       23945000	      2393	80001d14	ee1fe297	auipc	x5,0xee1fe	  x5=0x6e1ffd10
       23955000	      2394	80001d18	97ff0883	lb	x17,-1665(x30)	 x30:0x80008730 x17=0xffffffc1 PA:0x800080af
       23965000	      2395	80001d1c	f6ff0803	lb	x16,-145(x30)	 x30:0x80008730 x16=0x00000021 PA:0x8000869f
       23975000	      2396	80001d20	00007117	auipc	x2,0x7	  x2=0x80008d1c
       23985000	      2397	80001d24	b1610113	addi	x2,x2,-1258	  x2:0x80008d1c  x2=0x80008832
       23995000	      2398	80001d28	08e11b23	sh	x14,150(x2)	  x2:0x80008832 x14:0x00000065 PA:0x800088c8
       24005000	      2399	80001d2c	e5978613	addi	x12,x15,-423	 x15:0x80009f58 x12=0x80009db1
       24015000	      2400	80001d30	01e8beb3	sltu	x29,x17,x30	 x17:0xffffffc1 x30:0x80008730 x29=0x00000000
       24025000	      2401	80001d34	00000013	addi	x0,x0,0	  x0:0x00000000
       24035000	      2402	80001d38	0f912323	sw	x25,230(x2)	  x2:0x80008832 x25:0x00000078 PA:0x80008918
       24045000	      2403	80001d3c	01aea533	slt	x10,x29,x26	 x29:0x00000000 x26:0x1cf95d60 x10=0x00000001
       24055000	      2404	80001d40	029109a3	sb	x9,51(x2)	  x2:0x80008832  x9:0x0000000c PA:0x80008865
       24065000	      2405	80001d44	ffb10303	lb	x6,-5(x2)	  x2:0x80008832  x6=0x00000010 PA:0x8000882d
       24075000	      2406	80001d48	01e0d2b3	srl	x5,x1,x30	  x1:0x00000001 x30:0x80008730  x5=0x00000000
       24085000	      2407	80001d4c	27d90a97	auipc	x21,0x27d90	 x21=0xa7d91d48
       24095000	      2408	80001d50	4147dbb3	sra	x23,x15,x20	 x15:0x80009f58 x20:0xffffff90 x23=0xffff8000
       24105000	      2409	80001d54	06014403	lbu	x8,96(x2)	  x2:0x80008832  x8=0x000000c9 PA:0x80008892
       24115000	      2410	80001d58	0e514683	lbu	x13,229(x2)	  x2:0x80008832 x13=0x00000097 PA:0x80008917
       24125000	      2411	80001d5c	fff14003	lbu	x0,-1(x2)	  x2:0x80008832 PA:0x80008831
       24135000	      2412	80001d60	0f6108a3	sb	x22,241(x2)	  x2:0x80008832 x22:0xf29ce637 PA:0x80008923
       24145000	      2413	80001d64	08f11b23	sh	x15,150(x2)	  x2:0x80008832 x15:0x80009f58 PA:0x800088c8
       24155000	      2414	80001d68	06912123	sw	x9,98(x2)	  x2:0x80008832  x9:0x0000000c PA:0x80008894
       24165000	      2415	80001d6c	00f76a33	or	x20,x14,x15	 x14:0x00000065 x15:0x80009f58 x20=0x80009f7d
       24175000	      2416	80001d70	00b792b3	sll	x5,x15,x11	 x15:0x80009f58 x11:0x80009fc4  x5=0x0009f580
       24185000	      2417	80001d74	06711523	sh	x7,106(x2)	  x2:0x80008832  x7:0xfffffd76 PA:0x8000889c
       24195000	      2418	80001d78	2650b293	sltiu	x5,x1,613	  x1:0x00000001  x5=0x00000001
       24205000	      2419	80001d7c	41cd5333	sra	x6,x26,x28	 x26:0x1cf95d60 x28:0x00000001  x6=0x0e7caeb0
       24215000	      2420	80001d80	f785c713	xori	x14,x11,-136	 x11:0x80009fc4 x14=0x7fff60bc
       24225000	      2421	80001d84	93f44e17	auipc	x28,0x93f44	 x28=0x13f45d80
       24235000	      2422	80001d88	403902b3	sub	x5,x18,x3	 x18:0x00000000  x3:0x68c14cdc  x5=0x973eb324
       24245000	      2423	80001d8c	07f14a03	lbu	x20,127(x2)	  x2:0x80008832 x20=0x00000000 PA:0x800088b1
       24255000	      2424	80001d90	0b111e23	sh	x17,188(x2)	  x2:0x80008832 x17:0xffffffc1 PA:0x800088ee
       24265000	      2425	80001d94	fff14b83	lbu	x23,-1(x2)	  x2:0x80008832 x23=0x00000062 PA:0x80008831
       24275000	      2426	80001d98	01a10683	lb	x13,26(x2)	  x2:0x80008832 x13=0xffffffa0 PA:0x8000884c
       24285000	      2427	80001d9c	0a510a83	lb	x21,165(x2)	  x2:0x80008832 x21=0x0000005d PA:0x800088d7
       24295000	      2428	80001da0	0d010983	lb	x19,208(x2)	  x2:0x80008832 x19=0xffffffc6 PA:0x80008902
       24305000	      2429	80001da4	05610423	sb	x22,72(x2)	  x2:0x80008832 x22:0xf29ce637 PA:0x8000887a
       24315000	      2430	80001da8	097107a3	sb	x23,143(x2)	  x2:0x80008832 x23:0x00000062 PA:0x800088c1
       24325000	      2431	80001dac	00006517	auipc	x10,0x6	 x10=0x80007da8
       24335000	      2432	80001db0	7c250513	addi	x10,x10,1986	 x10:0x80007da8 x10=0x8000856a
       24345000	      2433	80001db4	01af33b3	sltu	x7,x30,x26	 x30:0x80008730 x26:0x1cf95d60  x7=0x00000000
       24355000	      2434	80001db8	5b217b13	andi	x22,x2,1458	  x2:0x80008832 x22=0x00000032
       24365000	      2435	80001dbc	fe450a23	sb	x4,-12(x10)	 x10:0x8000856a  x4:0x00000001 PA:0x8000855e
       24375000	      2436	80001dc0	003a5e33	srl	x28,x20,x3	 x20:0x00000000  x3:0x68c14cdc x28=0x00000000
       24385000	      2437	80001dc4	01225e93	srli	x29,x4,0x12	  x4:0x00000001 x29=0x00000000
       24395000	      2438	80001dc8	01020833	add	x16,x4,x16	  x4:0x00000001 x16:0x00000021 x16=0x00000022
       24405000	      2439	80001dcc	01054f03	lbu	x30,16(x10)	 x10:0x8000856a x30=0x00000000 PA:0x8000857a
       24415000	      2440	80001dd0	ecc40693	addi	x13,x8,-308	  x8:0x000000c9 x13=0xffffff95
       24425000	      2441	80001dd4	00151423	sh	x1,8(x10)	 x10:0x8000856a  x1:0x00000001 PA:0x80008572
       24435000	      2442	80001dd8	00451b83	lh	x23,4(x10)	 x10:0x8000856a x23=0xffffaaed PA:0x8000856e
       24445000	      2443	80001ddc	ff950d03	lb	x26,-7(x10)	 x10:0x8000856a x26=0x00000079 PA:0x80008563
       24455000	      2444	80001de0	00f50b83	lb	x23,15(x10)	 x10:0x8000856a x23=0xffffff9f PA:0x80008579
       24465000	      2445	80001de4	00d6ec33	or	x24,x13,x13	 x13:0xffffff95 x13:0xffffff95 x24=0xffffff95
       24475000	      2446	80001de8	00e55303	lhu	x6,14(x10)	 x10:0x8000856a  x6=0x00009fc4 PA:0x80008578
       24485000	      2447	80001dec	40798033	sub	x0,x19,x7	 x19:0xffffffc6  x7:0x00000000
       24495000	      2448	80001df0	ff951a23	sh	x25,-12(x10)	 x10:0x8000856a x25:0x00000078 PA:0x8000855e
       24505000	      2449	80001df4	2199ca93	xori	x21,x19,537	 x19:0xffffffc6 x21=0xfffffddf
       24515000	      2450	80001df8	00350423	sb	x3,8(x10)	 x10:0x8000856a  x3:0x68c14cdc PA:0x80008572
       24525000	      2451	80001dfc	002096b3	sll	x13,x1,x2	  x1:0x00000001  x2:0x80008832 x13=0x00040000
       24535000	      2452	80001e00	ff5508a3	sb	x21,-15(x10)	 x10:0x8000856a x21:0xfffffddf PA:0x8000855b
       24545000	      2453	80001e04	e2c22713	slti	x14,x4,-468	  x4:0x00000001 x14=0x00000000
       24555000	      2454	80001e08	03988a93	addi	x21,x17,57	 x17:0xffffffc1 x21=0xfffffffa
       24565000	      2455	80001e0c	d7104337	lui	x6,0xd7104	  x6=0xd7104000
       24575000	      2456	80001e10	00b50e83	lb	x29,11(x10)	 x10:0x8000856a x29=0x00000060 PA:0x80008575
       24585000	      2457	80001e14	ff5509a3	sb	x21,-13(x10)	 x10:0x8000856a x21:0xfffffffa PA:0x8000855d
       24595000	      2458	80001e18	fff50a03	lb	x20,-1(x10)	 x10:0x8000856a x20=0x0000002f PA:0x80008569
       24605000	      2459	80001e1c	00854683	lbu	x13,8(x10)	 x10:0x8000856a x13=0x000000dc PA:0x80008572
       24615000	      2460	80001e20	013f5c93	srli	x25,x30,0x13	 x30:0x00000000 x25=0x00000000
       24625000	      2461	80001e24	00885d93	srli	x27,x16,0x8	 x16:0x00000022 x27=0x00000000
       24635000	      2462	80001e28	ffb54183	lbu	x3,-5(x10)	 x10:0x8000856a  x3=0x00000092 PA:0x80008565
       24645000	      2463	80001e2c	00255083	lhu	x1,2(x10)	 x10:0x8000856a  x1=0x00008083 PA:0x8000856c
       24655000	      2464	80001e30	00752523	sw	x7,10(x10)	 x10:0x8000856a  x7:0x00000000 PA:0x80008574
       24665000	      2465	80001e34	0002d213	srli	x4,x5,0x0	  x5:0x973eb324  x4=0x973eb324
       24675000	      2466	80001e38	01aae333	or	x6,x21,x26	 x21:0xfffffffa x26:0x00000079  x6=0xfffffffb
       24685000	      2467	80001e3c	40f40a33	sub	x20,x8,x15	  x8:0x000000c9 x15:0x80009f58 x20=0x7fff6171
       24695000	      2468	80001e40	015703b3	add	x7,x14,x21	 x14:0x00000000 x21:0xfffffffa  x7=0xfffffffa
       24705000	      2469	80001e44	bdb48613	addi	x12,x9,-1061	  x9:0x0000000c x12=0xfffffbe7
       24715000	      2470	80001e48	fea50da3	sb	x10,-5(x10)	 x10:0x8000856a x10:0x8000856a PA:0x80008565
       24725000	      2471	80001e4c	00850523	sb	x8,10(x10)	 x10:0x8000856a  x8:0x000000c9 PA:0x80008574
       24735000	      2472	80001e50	00d50123	sb	x13,2(x10)	 x10:0x8000856a x13:0x000000dc PA:0x8000856c
       24745000	      2473	80001e54	00954603	lbu	x12,9(x10)	 x10:0x8000856a x12=0x00000000 PA:0x80008573
       24755000	      2474	80001e58	c697cb93	xori	x23,x15,-919	 x15:0x80009f58 x23=0x7fff6331
       24765000	      2475	80001e5c	00650823	sb	x6,16(x10)	 x10:0x8000856a  x6:0xfffffffb PA:0x8000857a
       24775000	      2476	80001e60	41075213	srai	x4,x14,0x10	 x14:0x00000000  x4=0x00000000
       24785000	      2477	80001e64	fe951c23	sh	x9,-8(x10)	 x10:0x8000856a  x9:0x0000000c PA:0x80008562
       24795000	      2478	80001e68	00855883	lhu	x17,8(x10)	 x10:0x8000856a x17=0x000000dc PA:0x80008572
       24805000	      2479	80001e6c	0d496a13	ori	x20,x18,212	 x18:0x00000000 x20=0x000000d4
       24815000	      2480	80001e70	000fe833	or	x16,x31,x0	 x31:0x000000de  x0:0x00000000 x16=0x000000de
       24825000	      2481	80001e74	ff350d03	lb	x26,-13(x10)	 x10:0x8000856a x26=0xfffffffa PA:0x8000855d
       24835000	      2482	80001e78	ffd54c83	lbu	x25,-3(x10)	 x10:0x8000856a x25=0x000000d9 PA:0x80008567
       24845000	      2483	80001e7c	002fe333	or	x6,x31,x2	 x31:0x000000de  x2:0x80008832  x6=0x800088fe
       24855000	      2484	80001e80	052e8b13	addi	x22,x29,82	 x29:0x00000060 x22=0x000000b2
       24865000	      2485	80001e84	00220c33	add	x24,x4,x2	  x4:0x00000000  x2:0x80008832 x24=0x80008832
       24875000	      2486	80001e88	018f1033	sll	x0,x30,x24	 x30:0x00000000 x24:0x80008832
       24885000	      2487	80001e8c	ff554303	lbu	x6,-11(x10)	 x10:0x8000856a  x6=0x00000000 PA:0x8000855f
       24895000	      2488	80001e90	00006197	auipc	x3,0x6	  x3=0x80007e8c
       24905000	      2489	80001e94	20618193	addi	x3,x3,518	  x3:0x80007e8c  x3=0x80008092
       24915000	      2490	80001e98	89d0ea13	ori	x20,x1,-1891	  x1:0x00008083 x20=0xfffff89f
       24925000	      2491	80001e9c	0161d683	lhu	x13,22(x3)	  x3:0x80008092 x13=0x0000a7ec PA:0x800080a8
       24935000	      2492	80001ea0	fc01a123	sw	x0,-62(x3)	  x3:0x80008092  x0:0x00000000 PA:0x80008054
       24945000	      2493	80001ea4	fda18723	sb	x26,-50(x3)	  x3:0x80008092 x26:0xfffffffa PA:0x80008060
       24955000	      2494	80001ea8	01f49013	slli	x0,x9,0x1f	  x9:0x0000000c
       24965000	      2495	80001eac	e6940813	addi	x16,x8,-407	  x8:0x000000c9 x16=0xffffff32
       24975000	      2496	80001eb0	fda1a083	lw	x1,-38(x3)	  x3:0x80008092  x1=0x117cbe91 PA:0x8000806c
       24985000	      2497	80001eb4	00e79bb3	sll	x23,x15,x14	 x15:0x80009f58 x14:0x00000000 x23=0x80009f58
       24995000	      2498	80001eb8	fd619f03	lh	x30,-42(x3)	  x3:0x80008092 x30=0xffff90f0 PA:0x80008068
       25005000	      2499	80001ebc	01959433	sll	x8,x11,x25	 x11:0x80009fc4 x25:0x000000d9  x8=0x88000000
       25015000	      2500	80001ec0	41d5dc93	srai	x25,x11,0x1d	 x11:0x80009fc4 x25=0xfffffffc
       25025000	      2501	80001ec4	00531d33	sll	x26,x6,x5	  x6:0x00000000  x5:0x973eb324 x26=0x00000000
       25035000	      2502	80001ec8	01ff5e93	srli	x29,x30,0x1f	 x30:0xffff90f0 x29=0x00000001
       25045000	      2503	80001ecc	0371cc83	lbu	x25,55(x3)	  x3:0x80008092 x25=0x0000002b PA:0x800080c9
       25055000	      2504	80001ed0	01f3e833	or	x16,x7,x31	  x7:0xfffffffa x31:0x000000de x16=0xfffffffe
       25065000	      2505	80001ed4	021189a3	sb	x1,51(x3)	  x3:0x80008092  x1:0x117cbe91 PA:0x800080c5
       25075000	      2506	80001ed8	fe619323	sh	x6,-26(x3)	  x3:0x80008092  x6:0x00000000 PA:0x80008078
       25085000	      2507	80001edc	fd4186a3	sb	x20,-51(x3)	  x3:0x80008092 x20:0xfffff89f PA:0x8000805f
       25095000	      2508	80001ee0	01e8a8b3	slt	x17,x17,x30	 x17:0x000000dc x30:0xffff90f0 x17=0x00000000
       25105000	      2509	80001ee4	0071d693	srli	x13,x3,0x7	  x3:0x80008092 x13=0x01000101
       25115000	      2510	80001ee8	fe219e83	lh	x29,-30(x3)	  x3:0x80008092 x29=0xfffff978 PA:0x80008074
       25125000	      2511	80001eec	fe8189a3	sb	x8,-13(x3)	  x3:0x80008092  x8:0x88000000 PA:0x80008085
       25135000	      2512	80001ef0	00d5c033	xor	x0,x11,x13	 x11:0x80009fc4 x13:0x01000101
       25145000	      2513	80001ef4	03918283	lb	x5,57(x3)	  x3:0x80008092  x5=0xfffffff9 PA:0x800080cb
       25155000	      2514	80001ef8	622e6e13	ori	x28,x28,1570	 x28:0x00000000 x28=0x00000622
       25165000	      2515	80001efc	6e6e3693	sltiu	x13,x28,1766	 x28:0x00000622 x13=0x00000001
       25175000	      2516	80001f00	401e82b3	sub	x5,x29,x1	 x29:0xfffff978  x1:0x117cbe91  x5=0xee833ae7
       25185000	      2517	80001f04	0011b233	sltu	x4,x3,x1	  x3:0x80008092  x1:0x117cbe91  x4=0x00000000
       25195000	      2518	80001f08	025eb613	sltiu	x12,x29,37	 x29:0xfffff978 x12=0x00000000
       25205000	      2519	80001f0c	01d41a33	sll	x20,x8,x29	  x8:0x88000000 x29:0xfffff978 x20=0x00000000
       25215000	      2520	80001f10	f5c1ea93	ori	x21,x3,-164	  x3:0x80008092 x21=0xffffffde
       25225000	      2521	80001f14	ec903c93	sltiu	x25,x0,-311	  x0:0x00000000 x25=0x00000001
       25235000	      2522	80001f18	00b19423	sh	x11,8(x3)	  x3:0x80008092 x11:0x80009fc4 PA:0x8000809a
       25245000	      2523	80001f1c	010ddcb3	srl	x25,x27,x16	 x27:0x00000000 x16:0xfffffffe x25=0x00000000
       25255000	      2524	80001f20	55cbc213	xori	x4,x23,1372	 x23:0x80009f58  x4=0x80009a04
       25265000	      2525	80001f24	017e7533	and	x10,x28,x23	 x28:0x00000622 x23:0x80009f58 x10=0x00000600
       25275000	      2526	80001f28	0018df33	srl	x30,x17,x1	 x17:0x00000000  x1:0x117cbe91 x30=0x00000000
       25285000	      2527	80001f2c	fd41ce83	lbu	x29,-44(x3)	  x3:0x80008092 x29=0x00000011 PA:0x80008066
       25295000	      2528	80001f30	40990533	sub	x10,x18,x9	 x18:0x00000000  x9:0x0000000c x10=0xfffffff4
       25305000	      2529	80001f34	41055093	srai	x1,x10,0x10	 x10:0xfffffff4  x1=0xffffffff
       25315000	      2530	80001f38	e1f02b13	slti	x22,x0,-481	  x0:0x00000000 x22=0x00000000
       25325000	      2531	80001f3c	ff21cb03	lbu	x22,-14(x3)	  x3:0x80008092 x22=0x000000c3 PA:0x80008084
       25335000	      2532	80001f40	00a49eb3	sll	x29,x9,x10	  x9:0x0000000c x10:0xfffffff4 x29=0x00c00000
       25345000	      2533	80001f44	af6ac713	xori	x14,x21,-1290	 x21:0xffffffde x14=0x00000528
       25355000	      2534	80001f48	01b5a333	slt	x6,x11,x27	 x11:0x80009fc4 x27:0x00000000  x6=0x00000001
       25365000	      2535	80001f4c	fc119823	sh	x1,-48(x3)	  x3:0x80008092  x1:0xffffffff PA:0x80008062
       25375000	      2536	80001f50	00e778b3	and	x17,x14,x14	 x14:0x00000528 x14:0x00000528 x17=0x00000528
       25385000	      2537	80001f54	04296663	bltu	x18,x2,80001fa0	 x18:0x00000000  x2:0x80008832
       25395000	      2538	00000000	00000013	addi	x0,x0,0	  x0:0x00000000
       25405000	      2539	80001f9c	00000013	addi	x0,x0,0	  x0:0x00000000
       25415000	      2540	80001fa0	01b12733	slt	x14,x2,x27	  x2:0x80008832 x27:0x00000000 x14=0x00000001
       25425000	      2541	80001fa4	7d402413	slti	x8,x0,2004	  x0:0x00000000  x8=0x00000001
       25435000	      2542	80001fa8	20d29137	lui	x2,0x20d29	  x2=0x20d29000
       25445000	      2543	80001fac	10300393	addi	x7,x0,259	  x0:0x00000000  x7=0x00000103
       25455000	      2544	80001fb0	04731063	bne	x6,x7,80001ff0	  x6:0x00000001  x7:0x00000103
       25465000	      2545	00000000	00000013	addi	x0,x0,0	  x0:0x00000000
       25475000	      2546	80001fec	00000013	addi	x0,x0,0	  x0:0x00000000
       25485000	      2547	80001ff0	02181063	bne	x16,x1,80002010	 x16:0xfffffffe  x1:0xffffffff
       25495000	      2548	00000000	00000013	addi	x0,x0,0	  x0:0x00000000
       25505000	      2549	8000200c	00000013	addi	x0,x0,0	  x0:0x00000000
       25515000	      2550	80002010	00359e63	bne	x11,x3,8000202c	 x11:0x80009fc4  x3:0x80008092
       25525000	      2551	00000000	00000013	addi	x0,x0,0	  x0:0x00000000
       25535000	      2552	80002028	00000013	addi	x0,x0,0	  x0:0x00000000
       25545000	      2553	8000202c	e9dd3d13	sltiu	x26,x26,-355	 x26:0x00000000 x26=0x00000001
       25555000	      2554	80002030	947ee617	auipc	x12,0x947ee	 x12=0x147f002c
       25565000	      2555	80002034	0185f663	bgeu	x11,x24,80002040	 x11:0x80009fc4 x24:0x80008832
       25575000	      2556	00000000	00000013	addi	x0,x0,0	  x0:0x00000000
       25585000	      2557	8000203c	00000013	addi	x0,x0,0	  x0:0x00000000
       25595000	      2558	80002040	01881433	sll	x8,x16,x24	 x16:0xfffffffe x24:0x80008832  x8=0xfff80000
       25605000	      2559	80002044	002b9c63	bne	x23,x2,8000205c	 x23:0x80009f58  x2:0x20d29000
       25615000	      2560	00000000	00000013	addi	x0,x0,0	  x0:0x00000000
       25625000	      2561	80002058	00000013	addi	x0,x0,0	  x0:0x00000000
       25635000	      2562	8000205c	019770b3	and	x1,x14,x25	 x14:0x00000001 x25:0x00000000  x1=0x00000000
       25645000	      2563	80002060	011a79b3	and	x19,x20,x17	 x20:0x00000000 x17:0x00000528 x19=0x00000000
       25655000	      2564	80002064	0104b233	sltu	x4,x9,x16	  x9:0x0000000c x16:0xfffffffe  x4=0x00000001
       25665000	      2565	80002068	faa9ae17	auipc	x28,0xfaa9a	 x28=0x7aa9c064
       25675000	      2566	8000206c	008d82b3	add	x5,x27,x8	 x27:0x00000000  x8:0xfff80000  x5=0xfff80000
       25685000	      2567	80002070	003be3b3	or	x7,x23,x3	 x23:0x80009f58  x3:0x80008092  x7=0x80009fda
       25695000	      2568	80002074	05d36463	bltu	x6,x29,800020bc	  x6:0x00000001 x29:0x00c00000
       25705000	      2569	00000000	00000013	addi	x0,x0,0	  x0:0x00000000
       25715000	      2570	800020b8	00000013	addi	x0,x0,0	  x0:0x00000000
       25725000	      2571	800020bc	005298b3	sll	x17,x5,x5	  x5:0xfff80000  x5:0xfff80000 x17=0xfff80000
       25735000	      2572	800020c0	eef42813	slti	x16,x8,-273	  x8:0xfff80000 x16=0x00000001
       25745000	      2573	800020c4	01821633	sll	x12,x4,x24	  x4:0x00000001 x24:0x80008832 x12=0x00040000
       25755000	      2574	800020c8	89caec13	ori	x24,x21,-1892	 x21:0xffffffde x24=0xffffffde
       25765000	      2575	800020cc	01f8c433	xor	x8,x17,x31	 x17:0xfff80000 x31:0x000000de  x8=0xfff800de
       25775000	      2576	800020d0	053e4863	blt	x28,x19,80002120	 x28:0x7aa9c064 x19:0x00000000
       25785000	      2577	800020d4	00e9d213	srli	x4,x19,0xe	 x19:0x00000000  x4=0x00000000
       25795000	      2578	800020d8	0164d663	bge	x9,x22,800020e4	  x9:0x0000000c x22:0x000000c3
       25805000	      2579	800020dc	05075263	bge	x14,x16,80002120	 x14:0x00000001 x16:0x00000001
       25815000	      2580	00000000	00000013	addi	x0,x0,0	  x0:0x00000000
       25825000	      2581	8000211c	00000013	addi	x0,x0,0	  x0:0x00000000
       25835000	      2582	80002120	00fe23b3	slt	x7,x28,x15	 x28:0x7aa9c064 x15:0x80009f58  x7=0x00000000
       25845000	      2583	80002124	000fdf13	srli	x30,x31,0x0	 x31:0x000000de x30=0x000000de
       25855000	      2584	80002128	01bc7613	andi	x12,x24,27	 x24:0xffffffde x12=0x0000001a
       25865000	      2585	8000212c	33551ab7	lui	x21,0x33551	 x21=0x33551000
       25875000	      2586	80002130	ef8e3293	sltiu	x5,x28,-264	 x28:0x7aa9c064  x5=0x00000001
       25885000	      2587	80002134	5311f513	andi	x10,x3,1329	  x3:0x80008092 x10=0x00000010
       25895000	      2588	80002138	02a68a63	beq	x13,x10,8000216c	 x13:0x00000001 x10:0x00000010
       25905000	      2589	8000213c	41a3d433	sra	x8,x7,x26	  x7:0x00000000 x26:0x00000001  x8=0x00000000
       25915000	      2590	80002140	00059893	slli	x17,x11,0x0	 x11:0x80009fc4 x17=0x80009fc4
       25925000	      2591	80002144	5d1cc913	xori	x18,x25,1489	 x25:0x00000000 x18=0x000005d1
       25935000	      2592	80002148	9cf43013	sltiu	x0,x8,-1585	  x8:0x00000000
       25945000	      2593	8000214c	017e5013	srli	x0,x28,0x17	 x28:0x7aa9c064
       25955000	      2594	80002150	00f5eb33	or	x22,x11,x15	 x11:0x80009fc4 x15:0x80009f58 x22=0x80009fdc
       25965000	      2595	80002154	b3620517	auipc	x10,0xb3620	 x10=0x33622150
       25975000	      2596	80002158	02e9c063	blt	x19,x14,80002178	 x19:0x00000000 x14:0x00000001
       25985000	      2597	00000000	00000013	addi	x0,x0,0	  x0:0x00000000
       25995000	      2598	80002174	00000013	addi	x0,x0,0	  x0:0x00000000
       26005000	      2599	80002178	57f4cd13	xori	x26,x9,1407	  x9:0x0000000c x26=0x00000573
       26015000	      2600	8000217c	04434063	blt	x6,x4,800021bc	  x6:0x00000001  x4:0x00000000
       26025000	      2601	80002180	12326f13	ori	x30,x4,291	  x4:0x00000000 x30=0x00000123
       26035000	      2602	80002184	41028233	sub	x4,x5,x16	  x5:0x00000001 x16:0x00000001  x4=0x00000000
       26045000	      2603	80002188	4149dd93	srai	x27,x19,0x14	 x19:0x00000000 x27=0x00000000
       26055000	      2604	8000218c	b2f0a717	auipc	x14,0xb2f0a	 x14=0x32f0c188
       26065000	      2605	80002190	c101ecb7	lui	x25,0xc101e	 x25=0xc101e000
       26075000	      2606	80002194	02511263	bne	x2,x5,800021b8	  x2:0x20d29000  x5:0x00000001
       26085000	      2607	00000000	00000013	addi	x0,x0,0	  x0:0x00000000
       26095000	      2608	800021b4	00000013	addi	x0,x0,0	  x0:0x00000000
       26105000	      2609	800021b8	001c2bb3	slt	x23,x24,x1	 x24:0xffffffde  x1:0x00000000 x23=0x00000001
       26115000	      2610	800021bc	017dc133	xor	x2,x27,x23	 x27:0x00000000 x23:0x00000001  x2=0x00000001
       26125000	      2611	800021c0	00000013	addi	x0,x0,0	  x0:0x00000000
       26135000	      2612	800021c4	01165c63	bge	x12,x17,800021dc	 x12:0x0000001a x17:0x80009fc4
       26145000	      2613	00000000	00000013	addi	x0,x0,0	  x0:0x00000000
       26155000	      2614	800021d8	00000013	addi	x0,x0,0	  x0:0x00000000
       26165000	      2615	800021dc	01a3d093	srli	x1,x7,0x1a	  x7:0x00000000  x1=0x00000000
       26175000	      2616	800021e0	0ebb9263	bne	x23,x11,800022c4	 x23:0x00000001 x11:0x80009fc4
       26185000	      2617	00000000	00000013	addi	x0,x0,0	  x0:0x00000000
       26195000	      2618	800022c0	00000013	addi	x0,x0,0	  x0:0x00000000
       26205000	      2619	800022c4	00801663	bne	x0,x8,800022d0	  x0:0x00000000  x8:0x00000000
       26215000	      2620	800022c8	01194ab3	xor	x21,x18,x17	 x18:0x000005d1 x17:0x80009fc4 x21=0x80009a15
       26225000	      2621	800022cc	04b30863	beq	x6,x11,8000231c	  x6:0x00000001 x11:0x80009fc4
       26235000	      2622	800022d0	9a2ca2b7	lui	x5,0x9a2ca	  x5=0x9a2ca000
       26245000	      2623	800022d4	d00b8d13	addi	x26,x23,-768	 x23:0x00000001 x26=0xfffffd01
       26255000	      2624	800022d8	05b35263	bge	x6,x27,8000231c	  x6:0x00000001 x27:0x00000000
       26265000	      2625	00000000	00000013	addi	x0,x0,0	  x0:0x00000000
       26275000	      2626	80002318	00000013	addi	x0,x0,0	  x0:0x00000000
       26285000	      2627	8000231c	02741063	bne	x8,x7,8000233c	  x8:0x00000000  x7:0x00000000
       26295000	      2628	80002320	00986e63	bltu	x16,x9,8000233c	 x16:0x00000001  x9:0x0000000c
       26305000	      2629	00000000	00000013	addi	x0,x0,0	  x0:0x00000000
       26315000	      2630	80002338	00000013	addi	x0,x0,0	  x0:0x00000000
       26325000	      2631	8000233c	009e0033	add	x0,x28,x9	 x28:0x7aa9c064  x9:0x0000000c
       26335000	      2632	80002340	e9466b93	ori	x23,x12,-364	 x12:0x0000001a x23=0xfffffe9e
       26345000	      2633	80002344	00832a33	slt	x20,x6,x8	  x6:0x00000001  x8:0x00000000 x20=0x00000000
       26355000	      2634	80002348	73820c93	addi	x25,x4,1848	  x4:0x00000000 x25=0x00000738
       26365000	      2635	8000234c	33c12013	slti	x0,x2,828	  x2:0x00000001
       26375000	      2636	80002350	0438f663	bgeu	x17,x3,8000239c	 x17:0x80009fc4  x3:0x80008092
       26385000	      2637	00000000	00000013	addi	x0,x0,0	  x0:0x00000000
       26395000	      2638	80002398	00000013	addi	x0,x0,0	  x0:0x00000000
       26405000	      2639	8000239c	4984c913	xori	x18,x9,1176	  x9:0x0000000c x18=0x00000494
       26415000	      2640	800023a0	beb63393	sltiu	x7,x12,-1045	 x12:0x0000001a  x7=0x00000001
       26425000	      2641	800023a4	030f7663	bgeu	x30,x16,800023d0	 x30:0x00000123 x16:0x00000001
       26435000	      2642	00000000	00000013	addi	x0,x0,0	  x0:0x00000000
       26445000	      2643	800023cc	00000013	addi	x0,x0,0	  x0:0x00000000
       26455000	      2644	800023d0	6732ed13	ori	x26,x5,1651	  x5:0x9a2ca000 x26=0x9a2ca673
       26465000	      2645	800023d4	ee8c3e13	sltiu	x28,x24,-280	 x24:0xffffffde x28=0x00000000
       26475000	      2646	800023d8	0de57893	andi	x17,x10,222	 x10:0x33622150 x17=0x00000050
       26485000	      2647	800023dc	41d3de33	sra	x28,x7,x29	  x7:0x00000001 x29:0x00c00000 x28=0x00000001
       26495000	      2648	800023e0	41d0d613	srai	x12,x1,0x1d	  x1:0x00000000 x12=0x00000000
       26505000	      2649	800023e4	a38dca93	xori	x21,x27,-1480	 x27:0x00000000 x21=0xfffffa38
       26515000	      2650	800023e8	01795233	srl	x4,x18,x23	 x18:0x00000494 x23:0xfffffe9e  x4=0x00000000
       26525000	      2651	800023ec	f7de2993	slti	x19,x28,-131	 x28:0x00000001 x19=0x00000000
       26535000	      2652	800023f0	006c9663	bne	x25,x6,800023fc	 x25:0x00000738  x6:0x00000001
       26545000	      2653	00000000	00000013	addi	x0,x0,0	  x0:0x00000000
       26555000	      2654	800023f8	00000013	addi	x0,x0,0	  x0:0x00000000
       26565000	      2655	800023fc	61eefa93	andi	x21,x29,1566	 x29:0x00c00000 x21=0x00000000
       26575000	      2656	80002400	53dcb513	sltiu	x10,x25,1341	 x25:0x00000738 x10=0x00000000
       26585000	      2657	80002404	00a09933	sll	x18,x1,x10	  x1:0x00000000 x10:0x00000000 x18=0x00000000
       26595000	      2658	80002408	00000013	addi	x0,x0,0	  x0:0x00000000
       26605000	      2659	8000240c	00455f93	srli	x31,x10,0x4	 x10:0x00000000 x31=0x00000000
       26615000	      2660	80002410	4184de13	srai	x28,x9,0x18	  x9:0x0000000c x28=0x00000000
       26625000	      2661	80002414	042ec463	blt	x29,x2,8000245c	 x29:0x00c00000  x2:0x00000001
       26635000	      2662	80002418	04501263	bne	x0,x5,8000245c	  x0:0x00000000  x5:0x9a2ca000
       26645000	      2663	00000000	00000013	addi	x0,x0,0	  x0:0x00000000
       26655000	      2664	80002458	00000013	addi	x0,x0,0	  x0:0x00000000
       26665000	      2665	8000245c	02649063	bne	x9,x6,8000247c	  x9:0x0000000c  x6:0x00000001
       26675000	      2666	00000000	00000013	addi	x0,x0,0	  x0:0x00000000
       26685000	      2667	80002478	00000013	addi	x0,x0,0	  x0:0x00000000
       26695000	      2668	8000247c	61d2a093	slti	x1,x5,1565	  x5:0x9a2ca000  x1=0x00000001
       26705000	      2669	80002480	01408fb3	add	x31,x1,x20	  x1:0x00000001 x20:0x00000000 x31=0x00000001
       26715000	      2670	80002484	0286f863	bgeu	x13,x8,800024b4	 x13:0x00000001  x8:0x00000000
       26725000	      2671	00000000	00000013	addi	x0,x0,0	  x0:0x00000000
       26735000	      2672	800024b0	00000013	addi	x0,x0,0	  x0:0x00000000
       26745000	      2673	800024b4	0045b233	sltu	x4,x11,x4	 x11:0x80009fc4  x4:0x00000000  x4=0x00000000
       26755000	      2674	800024b8	01676eb3	or	x29,x14,x22	 x14:0x32f0c188 x22:0x80009fdc x29=0xb2f0dfdc
       26765000	      2675	800024bc	03a1ea63	bltu	x3,x26,800024f0	  x3:0x80008092 x26:0x9a2ca673
       26775000	      2676	00000000	00000013	addi	x0,x0,0	  x0:0x00000000
       26785000	      2677	800024ec	00000013	addi	x0,x0,0	  x0:0x00000000
       26795000	      2678	800024f0	01632433	slt	x8,x6,x22	  x6:0x00000001 x22:0x80009fdc  x8=0x00000000
       26805000	      2679	800024f4	bf11e413	ori	x8,x3,-1039	  x3:0x80008092  x8=0xfffffbf3
       26815000	      2680	800024f8	0141a433	slt	x8,x3,x20	  x3:0x80008092 x20:0x00000000  x8=0x00000001
       26825000	      2681	800024fc	00fadbb3	srl	x23,x21,x15	 x21:0x00000000 x15:0x80009f58 x23=0x00000000
       26835000	      2682	80002500	00f65993	srli	x19,x12,0xf	 x12:0x00000000 x19=0x00000000
       26845000	      2683	80002504	01fec863	blt	x29,x31,80002514	 x29:0xb2f0dfdc x31:0x00000001
       26855000	      2684	00000000	00000013	addi	x0,x0,0	  x0:0x00000000
       26865000	      2685	80002510	00000013	addi	x0,x0,0	  x0:0x00000000
       26875000	      2686	80002514	417103b3	sub	x7,x2,x23	  x2:0x00000001 x23:0x00000000  x7=0x00000001
       26885000	      2687	80002518	a3296093	ori	x1,x18,-1486	 x18:0x00000000  x1=0xfffffa32
       26895000	      2688	8000251c	00e75093	srli	x1,x14,0xe	 x14:0x32f0c188  x1=0x0000cbc3
       26905000	      2689	80002520	40e85d93	srai	x27,x16,0xe	 x16:0x00000001 x27=0x00000000
       26915000	      2690	80002524	00000013	addi	x0,x0,0	  x0:0x00000000
       26925000	      2691	80002528	02ee4a63	blt	x28,x14,8000255c	 x28:0x00000000 x14:0x32f0c188
       26935000	      2692	00000000	00000013	addi	x0,x0,0	  x0:0x00000000
       26945000	      2693	80002558	00000013	addi	x0,x0,0	  x0:0x00000000
       26955000	      2694	8000255c	01d5d413	srli	x8,x11,0x1d	 x11:0x80009fc4  x8=0x00000004
       26965000	      2695	80002560	00139e63	bne	x7,x1,8000257c	  x7:0x00000001  x1:0x0000cbc3
       26975000	      2696	00000000	00000013	addi	x0,x0,0	  x0:0x00000000
       26985000	      2697	80002578	00000013	addi	x0,x0,0	  x0:0x00000000
       26995000	      2698	8000257c	00ad5c63	bge	x26,x10,80002594	 x26:0x9a2ca673 x10:0x00000000
       27005000	      2699	80002580	2734c113	xori	x2,x9,627	  x9:0x0000000c  x2=0x0000027f
       27015000	      2700	80002584	03b06a63	bltu	x0,x27,800025b8	  x0:0x00000000 x27:0x00000000
       27025000	      2701	80002588	014aef33	or	x30,x21,x20	 x21:0x00000000 x20:0x00000000 x30=0x00000000
       27035000	      2702	8000258c	4a24c713	xori	x14,x9,1186	  x9:0x0000000c x14=0x000004ae
       27045000	      2703	80002590	419b0633	sub	x12,x22,x25	 x22:0x80009fdc x25:0x00000738 x12=0x800098a4
       27055000	      2704	80002594	d0d40993	addi	x19,x8,-755	  x8:0x00000004 x19=0xfffffd11
       27065000	      2705	80002598	5a767c93	andi	x25,x12,1447	 x12:0x800098a4 x25=0x000000a4
       27075000	      2706	8000259c	01e75333	srl	x6,x14,x30	 x14:0x000004ae x30:0x00000000  x6=0x000004ae
       27085000	      2707	800025a0	01ece433	or	x8,x25,x30	 x25:0x000000a4 x30:0x00000000  x8=0x000000a4
       27095000	      2708	800025a4	5e608213	addi	x4,x1,1510	  x1:0x0000cbc3  x4=0x0000d1a9
       27105000	      2709	800025a8	0cd08d13	addi	x26,x1,205	  x1:0x0000cbc3 x26=0x0000cc90
       27115000	      2710	800025ac	013e4cb3	xor	x25,x28,x19	 x28:0x00000000 x19:0xfffffd11 x25=0xfffffd11
       27125000	      2711	800025b0	001c8133	add	x2,x25,x1	 x25:0xfffffd11  x1:0x0000cbc3  x2=0x0000c8d4
       27135000	      2712	800025b4	406b5733	sra	x14,x22,x6	 x22:0x80009fdc  x6:0x000004ae x14=0xfffe0002
       27145000	      2713	800025b8	31e1ad93	slti	x27,x3,798	  x3:0x80008092 x27=0x00000001
       27155000	      2714	800025bc	016676b3	and	x13,x12,x22	 x12:0x800098a4 x22:0x80009fdc x13=0x80009884
       27165000	      2715	800025c0	03f36863	bltu	x6,x31,800025f0	  x6:0x000004ae x31:0x00000001
       27175000	      2716	800025c4	33fec513	xori	x10,x29,831	 x29:0xb2f0dfdc x10=0xb2f0dce3
       27185000	      2717	800025c8	058a7263	bgeu	x20,x24,8000260c	 x20:0x00000000 x24:0xffffffde
       27195000	      2718	800025cc	251ced93	ori	x27,x25,593	 x25:0xfffffd11 x27=0xffffff51
       27205000	      2719	800025d0	00cc2d33	slt	x26,x24,x12	 x24:0xffffffde x12:0x800098a4 x26=0x00000000
       27215000	      2720	800025d4	15830e93	addi	x29,x6,344	  x6:0x000004ae x29=0x00000606
       27225000	      2721	800025d8	04b9c663	blt	x19,x11,80002624	 x19:0xfffffd11 x11:0x80009fc4
       27235000	      2722	800025dc	4121d313	srai	x6,x3,0x12	  x3:0x80008092  x6=0xffffe000
       27245000	      2723	800025e0	38ec6013	ori	x0,x24,910	 x24:0xffffffde
       27255000	      2724	800025e4	013f9fb3	sll	x31,x31,x19	 x31:0x00000001 x19:0xfffffd11 x31=0x00020000
       27265000	      2725	800025e8	f0444913	xori	x18,x8,-252	  x8:0x000000a4 x18=0xffffffa0
       27275000	      2726	800025ec	01199933	sll	x18,x19,x17	 x19:0xfffffd11 x17:0x00000050 x18=0xfd110000
       27285000	      2727	800025f0	c8700993	addi	x19,x0,-889	  x0:0x00000000 x19=0xfffffc87
       27295000	      2728	800025f4	41815513	srai	x10,x2,0x18	  x2:0x0000c8d4 x10=0x00000000
       27305000	      2729	800025f8	d54c0213	addi	x4,x24,-684	 x24:0xffffffde  x4=0xfffffd32
       27315000	      2730	800025fc	aa196913	ori	x18,x18,-1375	 x18:0xfd110000 x18=0xfffffaa1
       27325000	      2731	80002600	361eac13	slti	x24,x29,865	 x29:0x00000606 x24=0x00000000
       27335000	      2732	80002604	01298833	add	x16,x19,x18	 x19:0xfffffc87 x18:0xfffffaa1 x16=0xfffff728
       27345000	      2733	80002608	3bc52993	slti	x19,x10,956	 x10:0x00000000 x19=0x00000001
       27355000	      2734	8000260c	e30c7317	auipc	x6,0xe30c7	  x6=0x630c9608
       27365000	      2735	80002610	41b10b33	sub	x22,x2,x27	  x2:0x0000c8d4 x27:0xffffff51 x22=0x0000c983
       27375000	      2736	80002614	4178db33	sra	x22,x17,x23	 x17:0x00000050 x23:0x00000000 x22=0x00000050
       27385000	      2737	80002618	01e60c63	beq	x12,x30,80002630	 x12:0x800098a4 x30:0x00000000
       27395000	      2738	8000261c	00000013	addi	x0,x0,0	  x0:0x00000000
       27405000	      2739	80002620	df317a13	andi	x20,x2,-525	  x2:0x0000c8d4 x20=0x0000c8d0
       27415000	      2740	80002624	002add97	auipc	x27,0x2ad	 x27=0x802af620
       27425000	      2741	80002628	0059d663	bge	x19,x5,80002634	 x19:0x00000001  x5:0x9a2ca000
       27435000	      2742	00000000	00000013	addi	x0,x0,0	  x0:0x00000000
       27445000	      2743	80002630	00000013	addi	x0,x0,0	  x0:0x00000000
       27455000	      2744	80002634	024ffa63	bgeu	x31,x4,80002668	 x31:0x00020000  x4:0xfffffd32
       27465000	      2745	80002638	017fc1b3	xor	x3,x31,x23	 x31:0x00020000 x23:0x00000000  x3=0x00020000
       27475000	      2746	8000263c	361b4b93	xori	x23,x22,865	 x22:0x00000050 x23=0x00000331
       27485000	      2747	80002640	0014b833	sltu	x16,x9,x1	  x9:0x0000000c  x1:0x0000cbc3 x16=0x00000001
       27495000	      2748	80002644	0028cf33	xor	x30,x17,x2	 x17:0x00000050  x2:0x0000c8d4 x30=0x0000c884
       27505000	      2749	80002648	0129f433	and	x8,x19,x18	 x19:0x00000001 x18:0xfffffaa1  x8=0x00000001
       27515000	      2750	8000264c	404cd0b3	sra	x1,x25,x4	 x25:0xfffffd11  x4:0xfffffd32  x1=0xffffffff
       27525000	      2751	80002650	b73fb193	sltiu	x3,x31,-1165	 x31:0x00020000  x3=0x00000001
       27535000	      2752	80002654	00000013	addi	x0,x0,0	  x0:0x00000000
       27545000	      2753	80002658	01086433	or	x8,x16,x16	 x16:0x00000001 x16:0x00000001  x8=0x00000001
       27555000	      2754	8000265c	054b0863	beq	x22,x20,800026ac	 x22:0x00000050 x20:0x0000c8d0
       27565000	      2755	80002660	223d3b93	sltiu	x23,x26,547	 x26:0x00000000 x23=0x00000001
       27575000	      2756	80002664	01019b13	slli	x22,x3,0x10	  x3:0x00000001 x22=0x00010000
       27585000	      2757	80002668	9d876a97	auipc	x21,0x9d876	 x21=0x1d878664
       27595000	      2758	8000266c	40145993	srai	x19,x8,0x1	  x8:0x00000001 x19=0x00000000
       27605000	      2759	80002670	47ee0e13	addi	x28,x28,1150	 x28:0x00000000 x28=0x0000047e
       27615000	      2760	80002674	40003617	auipc	x12,0x40003	 x12=0xc0005670
       27625000	      2761	80002678	cb0fa413	slti	x8,x31,-848	 x31:0x00020000  x8=0x00000000
       27635000	      2762	8000267c	6b7e3f13	sltiu	x30,x28,1719	 x28:0x0000047e x30=0x00000001
       27645000	      2763	80002680	0003f433	and	x8,x7,x0	  x7:0x00000001  x0:0x00000000  x8=0x00000000
       27655000	      2764	80002684	05bf0663	beq	x30,x27,800026d0	 x30:0x00000001 x27:0x802af620
       27665000	      2765	80002688	031f5a63	bge	x30,x17,800026bc	 x30:0x00000001 x17:0x00000050
       27675000	      2766	8000268c	01c01413	slli	x8,x0,0x1c	  x0:0x00000000  x8=0x00000000
       27685000	      2767	80002690	db427e93	andi	x29,x4,-588	  x4:0xfffffd32 x29=0xfffffd30
       27695000	      2768	80002694	3e78ab13	slti	x22,x17,999	 x17:0x00000050 x22=0x00000001
       27705000	      2769	80002698	01389933	sll	x18,x17,x19	 x17:0x00000050 x19:0x00000000 x18=0x00000050
       27715000	      2770	8000269c	0031d6b3	srl	x13,x3,x3	  x3:0x00000001  x3:0x00000001 x13=0x00000000
       27725000	      2771	800026a0	01a85313	srli	x6,x16,0x1a	 x16:0x00000001  x6=0x00000000
       27735000	      2772	800026a4	00b5d633	srl	x12,x11,x11	 x11:0x80009fc4 x11:0x80009fc4 x12=0x080009fc
       27745000	      2773	800026a8	89dba113	slti	x2,x23,-1891	 x23:0x00000001  x2=0x00000000
       27755000	      2774	800026ac	402f5f13	srai	x30,x30,0x2	 x30:0x00000001 x30=0x00000000
       27765000	      2775	800026b0	03c9cc63	blt	x19,x28,800026e8	 x19:0x00000000 x28:0x0000047e
       27775000	      2776	00000000	00000013	addi	x0,x0,0	  x0:0x00000000
       27785000	      2777	800026e4	00000013	addi	x0,x0,0	  x0:0x00000000
       27795000	      2778	800026e8	41b0de13	srai	x28,x1,0x1b	  x1:0xffffffff x28=0xffffffff
       27805000	      2779	800026ec	03211063	bne	x2,x18,8000270c	  x2:0x00000000 x18:0x00000050
       27815000	      2780	00000000	00000013	addi	x0,x0,0	  x0:0x00000000
       27825000	      2781	80002708	00000013	addi	x0,x0,0	  x0:0x00000000
       27835000	      2782	8000270c	41eddd13	srai	x26,x27,0x1e	 x27:0x802af620 x26=0xfffffffe
       27845000	      2783	80002710	00165e63	bge	x12,x1,8000272c	 x12:0x080009fc  x1:0xffffffff
       27855000	      2784	00000000	00000013	addi	x0,x0,0	  x0:0x00000000
       27865000	      2785	80002728	00000013	addi	x0,x0,0	  x0:0x00000000
       27875000	      2786	8000272c	01a4c933	xor	x18,x9,x26	  x9:0x0000000c x26:0xfffffffe x18=0xfffffff2
       27885000	      2787	80002730	01779313	slli	x6,x15,0x17	 x15:0x80009f58  x6=0xac000000
       27895000	      2788	80002734	4243a017	auipc	x0,0x4243a	
       27905000	      2789	80002738	41db5113	srai	x2,x22,0x1d	 x22:0x00000001  x2=0x00000000
       27915000	      2790	8000273c	00043233	sltu	x4,x8,x0	  x8:0x00000000  x0:0x00000000  x4=0x00000000
       27925000	      2791	80002740	5a0a3337	lui	x6,0x5a0a3	  x6=0x5a0a3000
       27935000	      2792	80002744	009a5a13	srli	x20,x20,0x9	 x20:0x0000c8d0 x20=0x00000064
       27945000	      2793	80002748	28a2c693	xori	x13,x5,650	  x5:0x9a2ca000 x13=0x9a2ca28a
       27955000	      2794	8000274c	0145f333	and	x6,x11,x20	 x11:0x80009fc4 x20:0x00000064  x6=0x00000044
       27965000	      2795	80002750	41105133	sra	x2,x0,x17	  x0:0x00000000 x17:0x00000050  x2=0x00000000
       27975000	      2796	80002754	2f933213	sltiu	x4,x6,761	  x6:0x00000044  x4=0x00000001
       27985000	      2797	80002758	05f87263	bgeu	x16,x31,8000279c	 x16:0x00000001 x31:0x00020000
       27995000	      2798	8000275c	1e93b813	sltiu	x16,x7,489	  x7:0x00000001 x16=0x00000001
       28005000	      2799	80002760	01b6ff33	and	x30,x13,x27	 x13:0x9a2ca28a x27:0x802af620 x30=0x8028a200
       28015000	      2800	80002764	6ec0f413	andi	x8,x1,1772	  x1:0xffffffff  x8=0x000006ec
       28025000	      2801	80002768	00000013	addi	x0,x0,0	  x0:0x00000000
       28035000	      2802	8000276c	010b1e63	bne	x22,x16,80002788	 x22:0x00000001 x16:0x00000001
       28045000	      2803	80002770	032a9663	bne	x21,x18,8000279c	 x21:0x1d878664 x18:0xfffffff2
       28055000	      2804	00000000	00000013	addi	x0,x0,0	  x0:0x00000000
       28065000	      2805	80002798	00000013	addi	x0,x0,0	  x0:0x00000000
       28075000	      2806	8000279c	05ace063	bltu	x25,x26,800027dc	 x25:0xfffffd11 x26:0xfffffffe
       28085000	      2807	00000000	00000013	addi	x0,x0,0	  x0:0x00000000
       28095000	      2808	800027d8	00000013	addi	x0,x0,0	  x0:0x00000000
       28105000	      2809	800027dc	01e64e33	xor	x28,x12,x30	 x12:0x080009fc x30:0x8028a200 x28=0x8828abfc
       28115000	      2810	800027e0	6c536113	ori	x2,x6,1733	  x6:0x00000044  x2=0x000006c5
       28125000	      2811	800027e4	003acc33	xor	x24,x21,x3	 x21:0x1d878664  x3:0x00000001 x24=0x1d878665
       28135000	      2812	800027e8	00785e13	srli	x28,x16,0x7	 x16:0x00000001 x28=0x00000000
       28145000	      2813	800027ec	f20f0513	addi	x10,x30,-224	 x30:0x8028a200 x10=0x8028a120
       28155000	      2814	800027f0	01bbd513	srli	x10,x23,0x1b	 x23:0x00000001 x10=0x00000000
       28165000	      2815	800027f4	00741d93	slli	x27,x8,0x7	  x8:0x000006ec x27=0x00037600
       28175000	      2816	800027f8	0185a6b3	slt	x13,x11,x24	 x11:0x80009fc4 x24:0x1d878665 x13=0x00000001
       28185000	      2817	800027fc	4fe08a13	addi	x20,x1,1278	  x1:0xffffffff x20=0x000004fd
       28195000	      2818	80002800	02349063	bne	x9,x3,80002820	  x9:0x0000000c  x3:0x00000001
       28205000	      2819	00000000	00000013	addi	x0,x0,0	  x0:0x00000000
       28215000	      2820	8000281c	00000013	addi	x0,x0,0	  x0:0x00000000
       28225000	      2821	80002820	03e66063	bltu	x12,x30,80002840	 x12:0x080009fc x30:0x8028a200
       28235000	      2822	00000000	00000013	addi	x0,x0,0	  x0:0x00000000
       28245000	      2823	8000283c	00000013	addi	x0,x0,0	  x0:0x00000000
       28255000	      2824	80002840	de83fa13	andi	x20,x7,-536	  x7:0x00000001 x20=0x00000000
       28265000	      2825	80002844	00000013	addi	x0,x0,0	  x0:0x00000000
       28275000	      2826	80002848	00247c33	and	x24,x8,x2	  x8:0x000006ec  x2:0x000006c5 x24=0x000006c4
       28285000	      2827	8000284c	41750533	sub	x10,x10,x23	 x10:0x00000000 x23:0x00000001 x10=0xffffffff
       28295000	      2828	80002850	c8367fb7	lui	x31,0xc8367	 x31=0xc8367000
       28305000	      2829	80002854	00180663	beq	x16,x1,80002860	 x16:0x00000001  x1:0xffffffff
       28315000	      2830	80002858	e8332d97	auipc	x27,0xe8332	 x27=0x68334854
       28325000	      2831	8000285c	018cb2b3	sltu	x5,x25,x24	 x25:0xfffffd11 x24:0x000006c4  x5=0x00000000
       28335000	      2832	80002860	02b86063	bltu	x16,x11,80002880	 x16:0x00000001 x11:0x80009fc4
       28345000	      2833	00000000	00000013	addi	x0,x0,0	  x0:0x00000000
       28355000	      2834	8000287c	00000013	addi	x0,x0,0	  x0:0x00000000
       28365000	      2835	80002880	00f59c93	slli	x25,x11,0xf	 x11:0x80009fc4 x25=0x4fe20000
       28375000	      2836	80002884	00f39e13	slli	x28,x7,0xf	  x7:0x00000001 x28=0x00008000
       28385000	      2837	80002888	72807d13	andi	x26,x0,1832	  x0:0x00000000 x26=0x00000000
       28395000	      2838	8000288c	7a89f413	andi	x8,x19,1960	 x19:0x00000000  x8=0x00000000
       28405000	      2839	80002890	01d65633	srl	x12,x12,x29	 x12:0x080009fc x29:0xfffffd30 x12=0x00000800
       28415000	      2840	80002894	01f6ec63	bltu	x13,x31,800028ac	 x13:0x00000001 x31:0xc8367000
       28425000	      2841	00000000	00000013	addi	x0,x0,0	  x0:0x00000000
       28435000	      2842	800028a8	00000013	addi	x0,x0,0	  x0:0x00000000
       28445000	      2843	800028ac	015e1a93	slli	x21,x28,0x15	 x28:0x00008000 x21=0x00000000
       28455000	      2844	800028b0	2d9eefb7	lui	x31,0x2d9ee	 x31=0x2d9ee000
       28465000	      2845	800028b4	00351193	slli	x3,x10,0x3	 x10:0xffffffff  x3=0xfffffff8
       28475000	      2846	800028b8	00e52bb3	slt	x23,x10,x14	 x10:0xffffffff x14:0xfffe0002 x23=0x00000000
       28485000	      2847	800028bc	046dc063	blt	x27,x6,800028fc	 x27:0x68334854  x6:0x00000044
       28495000	      2848	800028c0	01477433	and	x8,x14,x20	 x14:0xfffe0002 x20:0x00000000  x8=0x00000000
       28505000	      2849	800028c4	bc201017	auipc	x0,0xbc201	
       28515000	      2850	800028c8	00000013	addi	x0,x0,0	  x0:0x00000000
       28525000	      2851	800028cc	01639eb3	sll	x29,x7,x22	  x7:0x00000001 x22:0x00000001 x29=0x00000002
       28535000	      2852	800028d0	41eedcb3	sra	x25,x29,x30	 x29:0x00000002 x30:0x8028a200 x25=0x00000002
       28545000	      2853	800028d4	03e60063	beq	x12,x30,800028f4	 x12:0x00000800 x30:0x8028a200
       28555000	      2854	800028d8	00000013	addi	x0,x0,0	  x0:0x00000000
       28565000	      2855	800028dc	00ce8533	add	x10,x29,x12	 x29:0x00000002 x12:0x00000800 x10=0x00000802
       28575000	      2856	800028e0	01f29993	slli	x19,x5,0x1f	  x5:0x00000000 x19=0x00000000
       28585000	      2857	800028e4	5fb1ddb7	lui	x27,0x5fb1d	 x27=0x5fb1d000
       28595000	      2858	800028e8	003e9633	sll	x12,x29,x3	 x29:0x00000002  x3:0xfffffff8 x12=0x02000000
       28605000	      2859	800028ec	012df2b3	and	x5,x27,x18	 x27:0x5fb1d000 x18:0xfffffff2  x5=0x5fb1d000
       28615000	      2860	800028f0	018ffe63	bgeu	x31,x24,8000290c	 x31:0x2d9ee000 x24:0x000006c4
       28625000	      2861	00000000	00000013	addi	x0,x0,0	  x0:0x00000000
       28635000	      2862	80002908	00000013	addi	x0,x0,0	  x0:0x00000000
       28645000	      2863	8000290c	00000013	addi	x0,x0,0	  x0:0x00000000
       28655000	      2864	80002910	0549e263	bltu	x19,x20,80002954	 x19:0x00000000 x20:0x00000000
       28665000	      2865	80002914	01548433	add	x8,x9,x21	  x9:0x0000000c x21:0x00000000  x8=0x0000000c
       28675000	      2866	80002918	00000013	addi	x0,x0,0	  x0:0x00000000
       28685000	      2867	8000291c	40bbd093	srai	x1,x23,0xb	 x23:0x00000000  x1=0x00000000
       28695000	      2868	80002920	0201d063	bge	x3,x0,80002940	  x3:0xfffffff8  x0:0x00000000
       28705000	      2869	80002924	0081e3b3	or	x7,x3,x8	  x3:0xfffffff8  x8:0x0000000c  x7=0xfffffffc
       28715000	      2870	80002928	00c69e63	bne	x13,x12,80002944	 x13:0x00000001 x12:0x02000000
       28725000	      2871	00000000	00000013	addi	x0,x0,0	  x0:0x00000000
       28735000	      2872	80002940	00000013	addi	x0,x0,0	  x0:0x00000000
       28745000	      2873	80002944	00c7da33	srl	x20,x15,x12	 x15:0x80009f58 x12:0x02000000 x20=0x80009f58
       28755000	      2874	80002948	0107b533	sltu	x10,x15,x16	 x15:0x80009f58 x16:0x00000001 x10=0x00000000
       28765000	      2875	8000294c	01606733	or	x14,x0,x22	  x0:0x00000000 x22:0x00000001 x14=0x00000001
       28775000	      2876	80002950	7b64f693	andi	x13,x9,1974	  x9:0x0000000c x13=0x00000004
       28785000	      2877	80002954	00405393	srli	x7,x0,0x4	  x0:0x00000000  x7=0x00000000
       28795000	      2878	80002958	4102d813	srai	x16,x5,0x10	  x5:0x5fb1d000 x16=0x00005fb1
       28805000	      2879	8000295c	24a03993	sltiu	x19,x0,586	  x0:0x00000000 x19=0x00000001
       28815000	      2880	80002960	02967c63	bgeu	x12,x9,80002998	 x12:0x02000000  x9:0x0000000c
       28825000	      2881	00000000	00000013	addi	x0,x0,0	  x0:0x00000000
       28835000	      2882	80002994	00000013	addi	x0,x0,0	  x0:0x00000000
       28845000	      2883	80002998	be303437	lui	x8,0xbe303	  x8=0xbe303000
       28855000	      2884	8000299c	00000013	addi	x0,x0,0	  x0:0x00000000
       28865000	      2885	800029a0	98480513	addi	x10,x16,-1660	 x16:0x00005fb1 x10=0x00005935
       28875000	      2886	800029a4	05b9f663	bgeu	x19,x27,800029f0	 x19:0x00000001 x27:0x5fb1d000
       28885000	      2887	800029a8	01089a13	slli	x20,x17,0x10	 x17:0x00000050 x20=0x00500000
       28895000	      2888	800029ac	0122b933	sltu	x18,x5,x18	  x5:0x5fb1d000 x18:0xfffffff2 x18=0x00000001
       28905000	      2889	800029b0	d0da26b7	lui	x13,0xd0da2	 x13=0xd0da2000
       28915000	      2890	800029b4	01adf633	and	x12,x27,x26	 x27:0x5fb1d000 x26:0x00000000 x12=0x00000000
       28925000	      2891	800029b8	00000013	addi	x0,x0,0	  x0:0x00000000
       28935000	      2892	800029bc	048cc263	blt	x25,x8,80002a00	 x25:0x00000002  x8:0xbe303000
       28945000	      2893	800029c0	00000013	addi	x0,x0,0	  x0:0x00000000
       28955000	      2894	800029c4	003c8663	beq	x25,x3,800029d0	 x25:0x00000002  x3:0xfffffff8
       28965000	      2895	800029c8	41648b33	sub	x22,x9,x22	  x9:0x0000000c x22:0x00000001 x22=0x0000000b
       28975000	      2896	800029cc	0149ee63	bltu	x19,x20,800029e8	 x19:0x00000001 x20:0x00500000
       28985000	      2897	00000000	00000013	addi	x0,x0,0	  x0:0x00000000
       28995000	      2898	800029e4	00000013	addi	x0,x0,0	  x0:0x00000000
       29005000	      2899	800029e8	40678cb3	sub	x25,x15,x6	 x15:0x80009f58  x6:0x00000044 x25=0x80009f14
       29015000	      2900	800029ec	01364ab3	xor	x21,x12,x19	 x12:0x00000000 x19:0x00000001 x21=0x00000001
       29025000	      2901	800029f0	0056e233	or	x4,x13,x5	 x13:0xd0da2000  x5:0x5fb1d000  x4=0xdffbf000
       29035000	      2902	800029f4	40eedc13	srai	x24,x29,0xe	 x29:0x00000002 x24=0x00000000
       29045000	      2903	800029f8	40300033	sub	x0,x0,x3	  x0:0x00000000  x3:0xfffffff8
       29055000	      2904	800029fc	4102d993	srai	x19,x5,0x10	  x5:0x5fb1d000 x19=0x00005fb1
       29065000	      2905	80002a00	b2487f13	andi	x30,x16,-1244	 x16:0x00005fb1 x30=0x00005b20
       29075000	      2906	80002a04	0187be33	sltu	x28,x15,x24	 x15:0x80009f58 x24:0x00000000 x28=0x00000000
       29085000	      2907	80002a08	407851b3	sra	x3,x16,x7	 x16:0x00005fb1  x7:0x00000000  x3=0x00005fb1
       29095000	      2908	80002a0c	8b563c13	sltiu	x24,x12,-1867	 x12:0x00000000 x24=0x00000001
       29105000	      2909	80002a10	720a0613	addi	x12,x20,1824	 x20:0x00500000 x12=0x00500720
       29115000	      2910	80002a14	00b370b3	and	x1,x6,x11	  x6:0x00000044 x11:0x80009fc4  x1=0x00000044
       29125000	      2911	80002a18	40725913	srai	x18,x4,0x7	  x4:0xdffbf000 x18=0xffbff7e0
       29135000	      2912	80002a1c	010d2333	slt	x6,x26,x16	 x26:0x00000000 x16:0x00005fb1  x6=0x00000001
       29145000	      2913	80002a20	0263da63	bge	x7,x6,80002a54	  x7:0x00000000  x6:0x00000001
       29155000	      2914	80002a24	051b5063	bge	x22,x17,80002a64	 x22:0x0000000b x17:0x00000050
       29165000	      2915	80002a28	01048bb3	add	x23,x9,x16	  x9:0x0000000c x16:0x00005fb1 x23=0x00005fbd
       29175000	      2916	80002a2c	fe862e93	slti	x29,x12,-24	 x12:0x00500720 x29=0x00000000
       29185000	      2917	80002a30	402d8fb3	sub	x31,x27,x2	 x27:0x5fb1d000  x2:0x000006c5 x31=0x5fb1c93b
       29195000	      2918	80002a34	00563133	sltu	x2,x12,x5	 x12:0x00500720  x5:0x5fb1d000  x2=0x00000001
       29205000	      2919	80002a38	007d4733	xor	x14,x26,x7	 x26:0x00000000  x7:0x00000000 x14=0x00000000
       29215000	      2920	80002a3c	00b79233	sll	x4,x15,x11	 x15:0x80009f58 x11:0x80009fc4  x4=0x0009f580
       29225000	      2921	80002a40	01e739b3	sltu	x19,x14,x30	 x14:0x00000000 x30:0x00005b20 x19=0x00000001
       29235000	      2922	80002a44	41bb0ab3	sub	x21,x22,x27	 x22:0x0000000b x27:0x5fb1d000 x21=0xa04e300b
       29245000	      2923	80002a48	04987863	bgeu	x16,x9,80002a98	 x16:0x00005fb1  x9:0x0000000c
       29255000	      2924	00000000	00000013	addi	x0,x0,0	  x0:0x00000000
       29265000	      2925	80002a94	00000013	addi	x0,x0,0	  x0:0x00000000
       29275000	      2926	80002a98	00d0beb3	sltu	x29,x1,x13	  x1:0x00000044 x13:0xd0da2000 x29=0x00000001
       29285000	      2927	80002a9c	0166b533	sltu	x10,x13,x22	 x13:0xd0da2000 x22:0x0000000b x10=0x00000000
       29295000	      2928	80002aa0	ec68c613	xori	x12,x17,-314	 x17:0x00000050 x12=0xfffffe96
       29305000	      2929	80002aa4	bcc03313	sltiu	x6,x0,-1076	  x0:0x00000000  x6=0x00000001
       29315000	      2930	80002aa8	0ee46f13	ori	x30,x8,238	  x8:0xbe303000 x30=0xbe3030ee
       29325000	      2931	80002aac	05826463	bltu	x4,x24,80002af4	  x4:0x0009f580 x24:0x00000001
       29335000	      2932	80002ab0	01849813	slli	x16,x9,0x18	  x9:0x0000000c x16=0x0c000000
       29345000	      2933	80002ab4	04e1f663	bgeu	x3,x14,80002b00	  x3:0x00005fb1 x14:0x00000000
       29355000	      2934	00000000	00000013	addi	x0,x0,0	  x0:0x00000000
       29365000	      2935	80002afc	00000013	addi	x0,x0,0	  x0:0x00000000
       29375000	      2936	80002b00	00000013	addi	x0,x0,0	  x0:0x00000000
       29385000	      2937	80002b04	84e4e937	lui	x18,0x84e4e	 x18=0x84e4e000
       29395000	      2938	80002b08	01efe133	or	x2,x31,x30	 x31:0x5fb1c93b x30:0xbe3030ee  x2=0xffb1f9ff
       29405000	      2939	80002b0c	0214fc63	bgeu	x9,x1,80002b44	  x9:0x0000000c  x1:0x00000044
       29415000	      2940	80002b10	d60fa913	slti	x18,x31,-672	 x31:0x5fb1c93b x18=0x00000000
       29425000	      2941	80002b14	5d3f8713	addi	x14,x31,1491	 x31:0x5fb1c93b x14=0x5fb1cf0e
       29435000	      2942	80002b18	05418063	beq	x3,x20,80002b58	  x3:0x00005fb1 x20:0x00500000
       29445000	      2943	80002b1c	0450f263	bgeu	x1,x5,80002b60	  x1:0x00000044  x5:0x5fb1d000
       29455000	      2944	80002b20	d21be313	ori	x6,x23,-735	 x23:0x00005fbd  x6=0xffffffbd
       29465000	      2945	80002b24	9463ab93	slti	x23,x7,-1722	  x7:0x00000000 x23=0x00000000
       29475000	      2946	80002b28	01d8b633	sltu	x12,x17,x29	 x17:0x00000050 x29:0x00000001 x12=0x00000000
       29485000	      2947	80002b2c	00c88b33	add	x22,x17,x12	 x17:0x00000050 x12:0x00000000 x22=0x00000050
       29495000	      2948	80002b30	6c024993	xori	x19,x4,1728	  x4:0x0009f580 x19=0x0009f340
       29505000	      2949	80002b34	05c58063	beq	x11,x28,80002b74	 x11:0x80009fc4 x28:0x00000000
       29515000	      2950	80002b38	01e52e33	slt	x28,x10,x30	 x10:0x00000000 x30:0xbe3030ee x28=0x00000000
       29525000	      2951	80002b3c	004b58b3	srl	x17,x22,x4	 x22:0x00000050  x4:0x0009f580 x17=0x00000050
       29535000	      2952	80002b40	401d58b3	sra	x17,x26,x1	 x26:0x00000000  x1:0x00000044 x17=0x00000000
       29545000	      2953	80002b44	8b3d4213	xori	x4,x26,-1869	 x26:0x00000000  x4=0xfffff8b3
       29555000	      2954	80002b48	869e8e93	addi	x29,x29,-1943	 x29:0x00000001 x29=0xfffff86a
       29565000	      2955	80002b4c	00000013	addi	x0,x0,0	  x0:0x00000000
       29575000	      2956	80002b50	02915663	bge	x2,x9,80002b7c	  x2:0xffb1f9ff  x9:0x0000000c
       29585000	      2957	80002b54	00e8fcb3	and	x25,x17,x14	 x17:0x00000000 x14:0x5fb1cf0e x25=0x00000000
       29595000	      2958	80002b58	01804633	xor	x12,x0,x24	  x0:0x00000000 x24:0x00000001 x12=0x00000001
       29605000	      2959	80002b5c	00cd0db3	add	x27,x26,x12	 x26:0x00000000 x12:0x00000001 x27=0x00000001
       29615000	      2960	80002b60	00077bb3	and	x23,x14,x0	 x14:0x5fb1cf0e  x0:0x00000000 x23=0x00000000
       29625000	      2961	80002b64	00deaeb3	slt	x29,x29,x13	 x29:0xfffff86a x13:0xd0da2000 x29=0x00000000
       29635000	      2962	80002b68	017ddeb3	srl	x29,x27,x23	 x27:0x00000001 x23:0x00000000 x29=0x00000001
       29645000	      2963	80002b6c	0297da63	bge	x15,x9,80002ba0	 x15:0x80009f58  x9:0x0000000c
       29655000	      2964	80002b70	019618b3	sll	x17,x12,x25	 x12:0x00000001 x25:0x00000000 x17=0x00000001
       29665000	      2965	80002b74	454ec097	auipc	x1,0x454ec	  x1=0xc54eeb70
       29675000	      2966	80002b78	40968233	sub	x4,x13,x9	 x13:0xd0da2000  x9:0x0000000c  x4=0xd0da1ff4
       29685000	      2967	80002b7c	01dc5013	srli	x0,x24,0x1d	 x24:0x00000001
       29695000	      2968	80002b80	01abb933	sltu	x18,x23,x26	 x23:0x00000000 x26:0x00000000 x18=0x00000000
       29705000	      2969	80002b84	344bc113	xori	x2,x23,836	 x23:0x00000000  x2=0x00000344
       29715000	      2970	80002b88	a5499c17	auipc	x24,0xa5499	 x24=0x2549bb84
       29725000	      2971	80002b8c	05b3f863	bgeu	x7,x27,80002bdc	  x7:0x00000000 x27:0x00000001
       29735000	      2972	80002b90	00be9213	slli	x4,x29,0xb	 x29:0x00000001  x4=0x00000800
       29745000	      2973	80002b94	eb528a13	addi	x20,x5,-331	  x5:0x5fb1d000 x20=0x5fb1ceb5
       29755000	      2974	80002b98	50c07b93	andi	x23,x0,1292	  x0:0x00000000 x23=0x00000000
       29765000	      2975	80002b9c	dc08ba93	sltiu	x21,x17,-576	 x17:0x00000001 x21=0x00000001
       29775000	      2976	80002ba0	2edaa293	slti	x5,x21,749	 x21:0x00000001  x5=0x00000001
       29785000	      2977	80002ba4	01dc90b3	sll	x1,x25,x29	 x25:0x00000000 x29:0x00000001  x1=0x00000000
       29795000	      2978	80002ba8	41de02b3	sub	x5,x28,x29	 x28:0x00000000 x29:0x00000001  x5=0xffffffff
       29805000	      2979	80002bac	01e77ab3	and	x21,x14,x30	 x14:0x5fb1cf0e x30:0xbe3030ee x21=0x1e30000e
       29815000	      2980	80002bb0	1bf77193	andi	x3,x14,447	 x14:0x5fb1cf0e  x3=0x0000010e
       29825000	      2981	80002bb4	816bc537	lui	x10,0x816bc	 x10=0x816bc000
       29835000	      2982	80002bb8	01df9e63	bne	x31,x29,80002bd4	 x31:0x5fb1c93b x29:0x00000001
       29845000	      2983	00000000	00000013	addi	x0,x0,0	  x0:0x00000000
       29855000	      2984	80002bd0	00000013	addi	x0,x0,0	  x0:0x00000000
       29865000	      2985	80002bd4	a619cd13	xori	x26,x19,-1439	 x19:0x0009f340 x26=0xfff60921
       29875000	      2986	80002bd8	32b92293	slti	x5,x18,811	 x18:0x00000000  x5=0x00000001
       29885000	      2987	80002bdc	017272b3	and	x5,x4,x23	  x4:0x00000800 x23:0x00000000  x5=0x00000000
       29895000	      2988	80002be0	01f551b3	srl	x3,x10,x31	 x10:0x816bc000 x31:0x5fb1c93b  x3=0x00000010
       29905000	      2989	80002be4	00000013	addi	x0,x0,0	  x0:0x00000000
       29915000	      2990	80002be8	01335693	srli	x13,x6,0x13	  x6:0xffffffbd x13=0x00001fff
       29925000	      2991	80002bec	00047b33	and	x22,x8,x0	  x8:0xbe303000  x0:0x00000000 x22=0x00000000
       29935000	      2992	80002bf0	86544413	xori	x8,x8,-1947	  x8:0xbe303000  x8=0x41cfc865
       29945000	      2993	80002bf4	01b37663	bgeu	x6,x27,80002c00	  x6:0xffffffbd x27:0x00000001
       29955000	      2994	00000000	00000013	addi	x0,x0,0	  x0:0x00000000
       29965000	      2995	80002bfc	00000013	addi	x0,x0,0	  x0:0x00000000
       29975000	      2996	80002c00	03bb9063	bne	x23,x27,80002c20	 x23:0x00000000 x27:0x00000001
       29985000	      2997	00000000	00000013	addi	x0,x0,0	  x0:0x00000000
       29995000	      2998	80002c1c	00000013	addi	x0,x0,0	  x0:0x00000000
       30005000	      2999	80002c20	4185d393	srai	x7,x11,0x18	 x11:0x80009fc4  x7=0xffffff80
       30015000	      3000	80002c24	93f9fe13	andi	x28,x19,-1729	 x19:0x0009f340 x28=0x0009f100
       30025000	      3001	80002c28	2e30bd13	sltiu	x26,x1,739	  x1:0x00000000 x26=0x00000001
       30035000	      3002	80002c2c	02d1ca63	blt	x3,x13,80002c60	  x3:0x00000010 x13:0x00001fff
       30045000	      3003	00000000	00000013	addi	x0,x0,0	  x0:0x00000000
       30055000	      3004	80002c5c	00000013	addi	x0,x0,0	  x0:0x00000000
       30065000	      3005	80002c60	41b403b3	sub	x7,x8,x27	  x8:0x41cfc865 x27:0x00000001  x7=0x41cfc864
       30075000	      3006	80002c64	008a9f13	slli	x30,x21,0x8	 x21:0x1e30000e x30=0x30000e00
       30085000	      3007	80002c68	0013d713	srli	x14,x7,0x1	  x7:0x41cfc864 x14=0x20e7e432
       30095000	      3008	80002c6c	03484063	blt	x16,x20,80002c8c	 x16:0x0c000000 x20:0x5fb1ceb5
       30105000	      3009	00000000	00000013	addi	x0,x0,0	  x0:0x00000000
       30115000	      3010	80002c88	00000013	addi	x0,x0,0	  x0:0x00000000
       30125000	      3011	80002c8c	00000013	addi	x0,x0,0	  x0:0x00000000
       30135000	      3012	80002c90	4023db13	srai	x22,x7,0x2	  x7:0x41cfc864 x22=0x1073f219
       30145000	      3013	80002c94	44bf3d13	sltiu	x26,x30,1099	 x30:0x30000e00 x26=0x00000000
       30155000	      3014	80002c98	000c0333	add	x6,x24,x0	 x24:0x2549bb84  x0:0x00000000  x6=0x2549bb84
       30165000	      3015	80002c9c	1d69e713	ori	x14,x19,470	 x19:0x0009f340 x14=0x0009f3d6
       30175000	      3016	80002ca0	006b4d33	xor	x26,x22,x6	 x22:0x1073f219  x6:0x2549bb84 x26=0x353a499d
       30185000	      3017	80002ca4	009f66b3	or	x13,x30,x9	 x30:0x30000e00  x9:0x0000000c x13=0x30000e0c
       30195000	      3018	80002ca8	00bd0933	add	x18,x26,x11	 x26:0x353a499d x11:0x80009fc4 x18=0xb53ae961
       30205000	      3019	80002cac	29a63993	sltiu	x19,x12,666	 x12:0x00000001 x19=0x00000001
       30215000	      3020	80002cb0	5bc1d737	lui	x14,0x5bc1d	 x14=0x5bc1d000
       30225000	      3021	80002cb4	025aa693	slti	x13,x21,37	 x21:0x1e30000e x13=0x00000000
       30235000	      3022	80002cb8	f6b13513	sltiu	x10,x2,-149	  x2:0x00000344 x10=0x00000001
       30245000	      3023	80002cbc	05329263	bne	x5,x19,80002d00	  x5:0x00000000 x19:0x00000001
       30255000	      3024	00000000	00000013	addi	x0,x0,0	  x0:0x00000000
       30265000	      3025	80002cfc	00000013	addi	x0,x0,0	  x0:0x00000000
       30275000	      3026	80002d00	01191bb3	sll	x23,x18,x17	 x18:0xb53ae961 x17:0x00000001 x23=0x6a75d2c2
       30285000	      3027	80002d04	01637e63	bgeu	x6,x22,80002d20	  x6:0x2549bb84 x22:0x1073f219
       30295000	      3028	00000000	00000013	addi	x0,x0,0	  x0:0x00000000
       30305000	      3029	80002d1c	00000013	addi	x0,x0,0	  x0:0x00000000
       30315000	      3030	80002d20	01eec233	xor	x4,x29,x30	 x29:0x00000001 x30:0x30000e00  x4=0x30000e01
       30325000	      3031	80002d24	41cd03b3	sub	x7,x26,x28	 x26:0x353a499d x28:0x0009f100  x7=0x3530589d
       30335000	      3032	80002d28	05277263	bgeu	x14,x18,80002d6c	 x14:0x5bc1d000 x18:0xb53ae961
       30345000	      3033	80002d2c	d2734993	xori	x19,x6,-729	  x6:0x2549bb84 x19=0xdab646a3
       30355000	      3034	80002d30	0046b1b3	sltu	x3,x13,x4	 x13:0x00000000  x4:0x30000e01  x3=0x00000001
       30365000	      3035	80002d34	d77c8f93	addi	x31,x25,-649	 x25:0x00000000 x31=0xfffffd77
       30375000	      3036	80002d38	7e9a0193	addi	x3,x20,2025	 x20:0x5fb1ceb5  x3=0x5fb1d69e
       30385000	      3037	80002d3c	0070f9b3	and	x19,x1,x7	  x1:0x00000000  x7:0x3530589d x19=0x00000000
       30395000	      3038	80002d40	013330b3	sltu	x1,x6,x19	  x6:0x2549bb84 x19:0x00000000  x1=0x00000000
       30405000	      3039	80002d44	24743813	sltiu	x16,x8,583	  x8:0x41cfc865 x16=0x00000000
       30415000	      3040	80002d48	002dba33	sltu	x20,x27,x2	 x27:0x00000001  x2:0x00000344 x20=0x00000001
       30425000	      3041	80002d4c	03d84063	blt	x16,x29,80002d6c	 x16:0x00000000 x29:0x00000001
       30435000	      3042	00000000	00000013	addi	x0,x0,0	  x0:0x00000000
       30445000	      3043	80002d68	00000013	addi	x0,x0,0	  x0:0x00000000
       30455000	      3044	80002d6c	0195d233	srl	x4,x11,x25	 x11:0x80009fc4 x25:0x00000000  x4=0x80009fc4
       30465000	      3045	80002d70	fd5c7037	lui	x0,0xfd5c7	
       30475000	      3046	80002d74	00000013	addi	x0,x0,0	  x0:0x00000000
       30485000	      3047	80002d78	01b6dfb3	srl	x31,x13,x27	 x13:0x00000000 x27:0x00000001 x31=0x00000000
       30495000	      3048	80002d7c	dc650813	addi	x16,x10,-570	 x10:0x00000001 x16=0xfffffdc7
       30505000	      3049	80002d80	008fc933	xor	x18,x31,x8	 x31:0x00000000  x8:0x41cfc865 x18=0x41cfc865
       30515000	      3050	80002d84	0047aa03	lw	x20,4(x15)	 x15:0x80009f58 x20=0x80000b98 PA:0x80009f5c
       30525000	      3051	80002d88	0ce68613	addi	x12,x13,206	 x13:0x00000000 x12=0x000000ce
       30535000	      3052	80002d8c	02c78793	addi	x15,x15,44	 x15:0x80009f58 x15=0x80009f84
       30545000	      3053	80002d90	5a8b2c13	slti	x24,x22,1448	 x22:0x1073f219 x24=0x00000000
       30555000	      3054	80002d94	00000013	addi	x0,x0,0	  x0:0x00000000
       30565000	      3055	80002d98	00b8d713	srli	x14,x17,0xb	 x17:0x00000001 x14=0x00000000
       30575000	      3056	80002d9c	000a0613	addi	x12,x20,0	 x20:0x80000b98 x12=0x80000b98
       30585000	      3057	80002da0	00060667	jalr	x12,x12,0	 x12:0x80000b98 x12=0x80002da0
       30595000	      3058	00000000	00000013	addi	x0,x0,0	  x0:0x00000000
       30605000	      3059	80000b98	00000013	addi	x0,x0,0	  x0:0x00000000
       30615000	      3060	80000b9c	1d194893	xori	x17,x18,465	 x18:0x41cfc865 x17=0x41cfc9b4
       30625000	      3061	80000ba0	01f4f3b3	and	x7,x9,x31	  x9:0x0000000c x31:0x00000000  x7=0x00000000
       30635000	      3062	80000ba4	41755633	sra	x12,x10,x23	 x10:0x00000001 x23:0x6a75d2c2 x12=0x00000000
       30645000	      3063	80000ba8	03d68663	beq	x13,x29,80000bd4	 x13:0x00000000 x29:0x00000001
       30655000	      3064	80000bac	41bb0733	sub	x14,x22,x27	 x22:0x1073f219 x27:0x00000001 x14=0x1073f218
       30665000	      3065	80000bb0	002c7833	and	x16,x24,x2	 x24:0x00000000  x2:0x00000344 x16=0x00000000
       30675000	      3066	80000bb4	02a2d663	bge	x5,x10,80000be0	  x5:0x00000000 x10:0x00000001
       30685000	      3067	80000bb8	6e404293	xori	x5,x0,1764	  x0:0x00000000  x5=0x000006e4
       30695000	      3068	80000bbc	05334263	blt	x6,x19,80000c00	  x6:0x2549bb84 x19:0x00000000
       30705000	      3069	80000bc0	00001e33	sll	x28,x0,x0	  x0:0x00000000  x0:0x00000000 x28=0x00000000
       30715000	      3070	80000bc4	01361313	slli	x6,x12,0x13	 x12:0x00000000  x6=0x00000000
       30725000	      3071	80000bc8	092b7913	andi	x18,x22,146	 x22:0x1073f219 x18=0x00000010
       30735000	      3072	80000bcc	01d42233	slt	x4,x8,x29	  x8:0x41cfc865 x29:0x00000001  x4=0x00000000
       30745000	      3073	80000bd0	408f5a33	sra	x20,x30,x8	 x30:0x30000e00  x8:0x41cfc865 x20=0x01800070
       30755000	      3074	80000bd4	028c1663	bne	x24,x8,80000c00	 x24:0x00000000  x8:0x41cfc865
       30765000	      3075	00000000	00000013	addi	x0,x0,0	  x0:0x00000000
       30775000	      3076	80000bfc	00000013	addi	x0,x0,0	  x0:0x00000000
       30785000	      3077	80000c00	03218263	beq	x3,x18,80000c24	  x3:0x5fb1d69e x18:0x00000010
       30795000	      3078	80000c04	99b7cfb7	lui	x31,0x99b7c	 x31=0x99b7c000
       30805000	      3079	80000c08	00767ab3	and	x21,x12,x7	 x12:0x00000000  x7:0x00000000 x21=0x00000000
       30815000	      3080	80000c0c	4166dc13	srai	x24,x13,0x16	 x13:0x00000000 x24=0x00000000
       30825000	      3081	80000c10	014b5193	srli	x3,x22,0x14	 x22:0x1073f219  x3=0x00000107
       30835000	      3082	80000c14	51c43293	sltiu	x5,x8,1308	  x8:0x41cfc865  x5=0x00000000
       30845000	      3083	80000c18	28728c37	lui	x24,0x28728	 x24=0x28728000
       30855000	      3084	80000c1c	41290ab3	sub	x21,x18,x18	 x18:0x00000010 x18:0x00000010 x21=0x00000000
       30865000	      3085	80000c20	015d9833	sll	x16,x27,x21	 x27:0x00000001 x21:0x00000000 x16=0x00000001
       30875000	      3086	80000c24	01856db3	or	x27,x10,x24	 x10:0x00000001 x24:0x28728000 x27=0x28728001
       30885000	      3087	80000c28	41264213	xori	x4,x12,1042	 x12:0x00000000  x4=0x00000412
       30895000	      3088	80000c2c	00e57eb3	and	x29,x10,x14	 x10:0x00000001 x14:0x1073f218 x29=0x00000000
       30905000	      3089	80000c30	41085d93	srai	x27,x16,0x10	 x16:0x00000001 x27=0x00000000
       30915000	      3090	80000c34	02dbd263	bge	x23,x13,80000c58	 x23:0x6a75d2c2 x13:0x00000000
       30925000	      3091	00000000	00000013	addi	x0,x0,0	  x0:0x00000000
       30935000	      3092	80000c54	00000013	addi	x0,x0,0	  x0:0x00000000
       30945000	      3093	80000c58	00000013	addi	x0,x0,0	  x0:0x00000000
       30955000	      3094	80000c5c	04bb7263	bgeu	x22,x11,80000ca0	 x22:0x1073f219 x11:0x80009fc4
       30965000	      3095	80000c60	04f37663	bgeu	x6,x15,80000cac	  x6:0x00000000 x15:0x80009f84
       30975000	      3096	80000c64	011be9b3	or	x19,x23,x17	 x23:0x6a75d2c2 x17:0x41cfc9b4 x19=0x6bffdbf6
       30985000	      3097	80000c68	d03a3213	sltiu	x4,x20,-765	 x20:0x01800070  x4=0x00000001
       30995000	      3098	80000c6c	5672f713	andi	x14,x5,1383	  x5:0x00000000 x14=0x00000000
       31005000	      3099	80000c70	328c3d93	sltiu	x27,x24,808	 x24:0x28728000 x27=0x00000000
       31015000	      3100	80000c74	003621b3	slt	x3,x12,x3	 x12:0x00000000  x3:0x00000107  x3=0x00000001
       31025000	      3101	80000c78	02bf1663	bne	x30,x11,80000ca4	 x30:0x30000e00 x11:0x80009fc4
       31035000	      3102	00000000	00000013	addi	x0,x0,0	  x0:0x00000000
       31045000	      3103	80000ca0	00000013	addi	x0,x0,0	  x0:0x00000000
       31055000	      3104	80000ca4	407458b3	sra	x17,x8,x7	  x8:0x41cfc865  x7:0x00000000 x17=0x41cfc865
       31065000	      3105	80000ca8	b067ba93	sltiu	x21,x15,-1274	 x15:0x80009f84 x21=0x00000001
       31075000	      3106	80000cac	2b470d37	lui	x26,0x2b470	 x26=0x2b470000
       31085000	      3107	80000cb0	01425c93	srli	x25,x4,0x14	  x4:0x00000001 x25=0x00000000
       31095000	      3108	80000cb4	00b5f1b3	and	x3,x11,x11	 x11:0x80009fc4 x11:0x80009fc4  x3=0x80009fc4
       31105000	      3109	80000cb8	01b58db3	add	x27,x11,x27	 x11:0x80009fc4 x27:0x00000000 x27=0x80009fc4
       31115000	      3110	80000cbc	40fb5093	srai	x1,x22,0xf	 x22:0x1073f219  x1=0x000020e7
       31125000	      3111	80000cc0	02661263	bne	x12,x6,80000ce4	 x12:0x00000000  x6:0x00000000
       31135000	      3112	80000cc4	3cf8fb37	lui	x22,0x3cf8f	 x22=0x3cf8f000
       31145000	      3113	80000cc8	f9888f13	addi	x30,x17,-104	 x17:0x41cfc865 x30=0x41cfc7fd
       31155000	      3114	80000ccc	00980c63	beq	x16,x9,80000ce4	 x16:0x00000001  x9:0x0000000c
       31165000	      3115	80000cd0	0328d663	bge	x17,x18,80000cfc	 x17:0x41cfc865 x18:0x00000010
       31175000	      3116	00000000	00000013	addi	x0,x0,0	  x0:0x00000000
       31185000	      3117	80000cf8	00000013	addi	x0,x0,0	  x0:0x00000000
       31195000	      3118	80000cfc	011ecfb3	xor	x31,x29,x17	 x29:0x00000000 x17:0x41cfc865 x31=0x41cfc865
       31205000	      3119	80000d00	00359f93	slli	x31,x11,0x3	 x11:0x80009fc4 x31=0x0004fe20
       31215000	      3120	80000d04	04569863	bne	x13,x5,80000d54	 x13:0x00000000  x5:0x00000000
       31225000	      3121	80000d08	00231e63	bne	x6,x2,80000d24	  x6:0x00000000  x2:0x00000344
       31235000	      3122	00000000	00000013	addi	x0,x0,0	  x0:0x00000000
       31245000	      3123	80000d20	00000013	addi	x0,x0,0	  x0:0x00000000
       31255000	      3124	80000d24	05389663	bne	x17,x19,80000d70	 x17:0x41cfc865 x19:0x6bffdbf6
       31265000	      3125	00000000	00000013	addi	x0,x0,0	  x0:0x00000000
       31275000	      3126	80000d6c	00000013	addi	x0,x0,0	  x0:0x00000000
       31285000	      3127	80000d70	00000013	addi	x0,x0,0	  x0:0x00000000
       31295000	      3128	80000d74	839a7f93	andi	x31,x20,-1991	 x20:0x01800070 x31=0x01800030
       31305000	      3129	80000d78	41598533	sub	x10,x19,x21	 x19:0x6bffdbf6 x21:0x00000001 x10=0x6bffdbf5
       31315000	      3130	80000d7c	00000013	addi	x0,x0,0	  x0:0x00000000
       31325000	      3131	80000d80	004b96b3	sll	x13,x23,x4	 x23:0x6a75d2c2  x4:0x00000001 x13=0xd4eba584
       31335000	      3132	80000d84	002c7263	bgeu	x24,x2,80000d88	 x24:0x28728000  x2:0x00000344
       31345000	      3133	00000000	00000013	addi	x0,x0,0	  x0:0x00000000
       31355000	      3134	80000d84	00000013	addi	x0,x0,0	  x0:0x00000000
       31365000	      3135	80000d88	dca9a437	lui	x8,0xdca9a	  x8=0xdca9a000
       31375000	      3136	80000d8c	04c1f263	bgeu	x3,x12,80000dd0	  x3:0x80009fc4 x12:0x00000000
       31385000	      3137	00000000	00000013	addi	x0,x0,0	  x0:0x00000000
       31395000	      3138	80000dcc	00000013	addi	x0,x0,0	  x0:0x00000000
       31405000	      3139	80000dd0	0320d263	bge	x1,x18,80000df4	  x1:0x000020e7 x18:0x00000010
       31415000	      3140	00000000	00000013	addi	x0,x0,0	  x0:0x00000000
       31425000	      3141	80000df0	00000013	addi	x0,x0,0	  x0:0x00000000
       31435000	      3142	80000df4	0172a9b3	slt	x19,x5,x23	  x5:0x00000000 x23:0x6a75d2c2 x19=0x00000001
       31445000	      3143	80000df8	40fb5433	sra	x8,x22,x15	 x22:0x3cf8f000 x15:0x80009f84  x8=0x03cf8f00
       31455000	      3144	80000dfc	019c4b33	xor	x22,x24,x25	 x24:0x28728000 x25:0x00000000 x22=0x28728000
       31465000	      3145	80000e00	02bd8c63	beq	x27,x11,80000e38	 x27:0x80009fc4 x11:0x80009fc4
       31475000	      3146	00000000	00000013	addi	x0,x0,0	  x0:0x00000000
       31485000	      3147	80000e34	00000013	addi	x0,x0,0	  x0:0x00000000
       31495000	      3148	80000e38	015bc9b3	xor	x19,x23,x21	 x23:0x6a75d2c2 x21:0x00000001 x19=0x6a75d2c3
       31505000	      3149	80000e3c	012dca33	xor	x20,x27,x18	 x27:0x80009fc4 x18:0x00000010 x20=0x80009fd4
       31515000	      3150	80000e40	01f37e63	bgeu	x6,x31,80000e5c	  x6:0x00000000 x31:0x01800030
       31525000	      3151	80000e44	00798333	add	x6,x19,x7	 x19:0x6a75d2c3  x7:0x00000000  x6=0x6a75d2c3
       31535000	      3152	80000e48	03f4cc63	blt	x9,x31,80000e80	  x9:0x0000000c x31:0x01800030
       31545000	      3153	00000000	00000013	addi	x0,x0,0	  x0:0x00000000
       31555000	      3154	80000e7c	00000013	addi	x0,x0,0	  x0:0x00000000
       31565000	      3155	80000e80	01294eb3	xor	x29,x18,x18	 x18:0x00000010 x18:0x00000010 x29=0x00000000
       31575000	      3156	80000e84	01d43533	sltu	x10,x8,x29	  x8:0x03cf8f00 x29:0x00000000 x10=0x00000000
       31585000	      3157	80000e88	5563fd13	andi	x26,x7,1366	  x7:0x00000000 x26=0x00000000
       31595000	      3158	80000e8c	01bf80b3	add	x1,x31,x27	 x31:0x01800030 x27:0x80009fc4  x1=0x81809ff4
       31605000	      3159	80000e90	041e1263	bne	x28,x1,80000ed4	 x28:0x00000000  x1:0x81809ff4
       31615000	      3160	00000000	00000013	addi	x0,x0,0	  x0:0x00000000
       31625000	      3161	80000ed0	00000013	addi	x0,x0,0	  x0:0x00000000
       31635000	      3162	80000ed4	502c1097	auipc	x1,0x502c1	  x1=0xd02c1ed0
       31645000	      3163	80000ed8	be5c7e93	andi	x29,x24,-1051	 x24:0x28728000 x29=0x28728000
       31655000	      3164	80000edc	00b42d33	slt	x26,x8,x11	  x8:0x03cf8f00 x11:0x80009fc4 x26=0x00000000
       31665000	      3165	80000ee0	662fa193	slti	x3,x31,1634	 x31:0x01800030  x3=0x00000000
       31675000	      3166	80000ee4	01805733	srl	x14,x0,x24	  x0:0x00000000 x24:0x28728000 x14=0x00000000
       31685000	      3167	80000ee8	402a5b33	sra	x22,x20,x2	 x20:0x80009fd4  x2:0x00000344 x22=0xf80009fd
       31695000	      3168	80000eec	0359e663	bltu	x19,x21,80000f18	 x19:0x6a75d2c3 x21:0x00000001
       31705000	      3169	80000ef0	7456a413	slti	x8,x13,1861	 x13:0xd4eba584  x8=0x00000001
       31715000	      3170	80000ef4	00687333	and	x6,x16,x6	 x16:0x00000001  x6:0x6a75d2c3  x6=0x00000001
       31725000	      3171	80000ef8	198b6b93	ori	x23,x22,408	 x22:0xf80009fd x23=0xf80009fd
       31735000	      3172	80000efc	406dd033	sra	x0,x27,x6	 x27:0x80009fc4  x6:0x00000001
       31745000	      3173	80000f00	ee476c97	auipc	x25,0xee476	 x25=0x6e476efc
       31755000	      3174	80000f04	290b8913	addi	x18,x23,656	 x23:0xf80009fd x18=0xf8000c8d
       31765000	      3175	80000f08	019e1693	slli	x13,x28,0x19	 x28:0x00000000 x13=0x00000000
       31775000	      3176	80000f0c	00015d33	srl	x26,x2,x0	  x2:0x00000344  x0:0x00000000 x26=0x00000344
       31785000	      3177	80000f10	4154de33	sra	x28,x9,x21	  x9:0x0000000c x21:0x00000001 x28=0x00000006
       31795000	      3178	80000f14	0523f663	bgeu	x7,x18,80000f60	  x7:0x00000000 x18:0xf8000c8d
       31805000	      3179	80000f18	40d55633	sra	x12,x10,x13	 x10:0x00000000 x13:0x00000000 x12=0x00000000
       31815000	      3180	80000f1c	75cb6293	ori	x5,x22,1884	 x22:0xf80009fd  x5=0xf8000ffd
       31825000	      3181	80000f20	024b0263	beq	x22,x4,80000f44	 x22:0xf80009fd  x4:0x00000001
       31835000	      3182	80000f24	7a4a4193	xori	x3,x20,1956	 x20:0x80009fd4  x3=0x80009870
       31845000	      3183	80000f28	01174f33	xor	x30,x14,x17	 x14:0x00000000 x17:0x41cfc865 x30=0x41cfc865
       31855000	      3184	80000f2c	dba0ac13	slti	x24,x1,-582	  x1:0xd02c1ed0 x24=0x00000001
       31865000	      3185	80000f30	038b1263	bne	x22,x24,80000f54	 x22:0xf80009fd x24:0x00000001
       31875000	      3186	00000000	00000013	addi	x0,x0,0	  x0:0x00000000
       31885000	      3187	80000f50	00000013	addi	x0,x0,0	  x0:0x00000000
       31895000	      3188	80000f54	00408863	beq	x1,x4,80000f64	  x1:0xd02c1ed0  x4:0x00000001
       31905000	      3189	80000f58	00000013	addi	x0,x0,0	  x0:0x00000000
       31915000	      3190	80000f5c	00675a93	srli	x21,x14,0x6	 x14:0x00000000 x21=0x00000000
       31925000	      3191	80000f60	404e83b3	sub	x7,x29,x4	 x29:0x28728000  x4:0x00000001  x7=0x28727fff
       31935000	      3192	80000f64	05cdf863	bgeu	x27,x28,80000fb4	 x27:0x80009fc4 x28:0x00000006
       31945000	      3193	00000000	00000013	addi	x0,x0,0	  x0:0x00000000
       31955000	      3194	80000fb0	00000013	addi	x0,x0,0	  x0:0x00000000
       31965000	      3195	80000fb4	d9e58193	addi	x3,x11,-610	 x11:0x80009fc4  x3=0x80009d62
       31975000	      3196	80000fb8	5cb0beb7	lui	x29,0x5cb0b	 x29=0x5cb0b000
       31985000	      3197	80000fbc	00000013	addi	x0,x0,0	  x0:0x00000000
       31995000	      3198	80000fc0	02fef863	bgeu	x29,x15,80000ff0	 x29:0x5cb0b000 x15:0x80009f84
       32005000	      3199	80000fc4	0100de33	srl	x28,x1,x16	  x1:0xd02c1ed0 x16:0x00000001 x28=0x68160f68
       32015000	      3200	80000fc8	000aeab3	or	x21,x21,x0	 x21:0x00000000  x0:0x00000000 x21=0x00000000
       32025000	      3201	80000fcc	ef383e13	sltiu	x28,x16,-269	 x16:0x00000001 x28=0x00000001
       32035000	      3202	80000fd0	01926e33	or	x28,x4,x25	  x4:0x00000001 x25:0x6e476efc x28=0x6e476efd
       32045000	      3203	80000fd4	4022d2b3	sra	x5,x5,x2	  x5:0xf8000ffd  x2:0x00000344  x5=0xff8000ff
       32055000	      3204	80000fd8	0079bb33	sltu	x22,x19,x7	 x19:0x6a75d2c3  x7:0x28727fff x22=0x00000000
       32065000	      3205	80000fdc	b3e6bf13	sltiu	x30,x13,-1218	 x13:0x00000000 x30=0x00000001
       32075000	      3206	80000fe0	4b228693	addi	x13,x5,1202	  x5:0xff8000ff x13=0xff8005b1
       32085000	      3207	80000fe4	7427b817	auipc	x16,0x7427b	 x16=0xf427bfe0
       32095000	      3208	80000fe8	41e7ddb3	sra	x27,x15,x30	 x15:0x80009f84 x30:0x00000001 x27=0xc0004fc2
       32105000	      3209	80000fec	017c00b3	add	x1,x24,x23	 x24:0x00000001 x23:0xf80009fd  x1=0xf80009fe
       32115000	      3210	80000ff0	a8d24193	xori	x3,x4,-1395	  x4:0x00000001  x3=0xfffffa8c
       32125000	      3211	80000ff4	011e63b3	or	x7,x28,x17	 x28:0x6e476efd x17:0x41cfc865  x7=0x6fcfeefd
       32135000	      3212	80000ff8	417d5293	srai	x5,x26,0x17	 x26:0x00000344  x5=0x00000000
       32145000	      3213	80000ffc	033d0a63	beq	x26,x19,80001030	 x26:0x00000344 x19:0x6a75d2c3
       32155000	      3214	80001000	40fadf93	srai	x31,x21,0xf	 x21:0x00000000 x31=0x00000000
       32165000	      3215	80001004	9f42f113	andi	x2,x5,-1548	  x5:0x00000000  x2=0x00000000
       32175000	      3216	80001008	80f63113	sltiu	x2,x12,-2033	 x12:0x00000000  x2=0x00000001
       32185000	      3217	8000100c	009a0ab3	add	x21,x20,x9	 x20:0x80009fd4  x9:0x0000000c x21=0x80009fe0
       32195000	      3218	80001010	0165f133	and	x2,x11,x22	 x11:0x80009fc4 x22:0x00000000  x2=0x00000000
       32205000	      3219	80001014	01d6dd13	srli	x26,x13,0x1d	 x13:0xff8005b1 x26=0x00000007
       32215000	      3220	80001018	00275f93	srli	x31,x14,0x2	 x14:0x00000000 x31=0x00000000
       32225000	      3221	8000101c	00042633	slt	x12,x8,x0	  x8:0x00000001  x0:0x00000000 x12=0x00000000
       32235000	      3222	80001020	2bf6ea93	ori	x21,x13,703	 x13:0xff8005b1 x21=0xff8007bf
       32245000	      3223	80001024	b9f6ff93	andi	x31,x13,-1121	 x13:0xff8005b1 x31=0xff800191
       32255000	      3224	80001028	01390f33	add	x30,x18,x19	 x18:0xf8000c8d x19:0x6a75d2c3 x30=0x6275df50
       32265000	      3225	8000102c	9b646413	ori	x8,x8,-1610	  x8:0x00000001  x8=0xfffff9b7
       32275000	      3226	80001030	157d2bb7	lui	x23,0x157d2	 x23=0x157d2000
       32285000	      3227	80001034	41a55db3	sra	x27,x10,x26	 x10:0x00000000 x26:0x00000007 x27=0x00000000
       32295000	      3228	80001038	00000013	addi	x0,x0,0	  x0:0x00000000
       32305000	      3229	8000103c	00a7f533	and	x10,x15,x10	 x15:0x80009f84 x10:0x00000000 x10=0x00000000
       32315000	      3230	80001040	010b2e33	slt	x28,x22,x16	 x22:0x00000000 x16:0xf427bfe0 x28=0x00000000
       32325000	      3231	80001044	0027b233	sltu	x4,x15,x2	 x15:0x80009f84  x2:0x00000000  x4=0x00000000
       32335000	      3232	80001048	407b5513	srai	x10,x22,0x7	 x22:0x00000000 x10=0x00000000
       32345000	      3233	8000104c	01f11713	slli	x14,x2,0x1f	  x2:0x00000000 x14=0x00000000
       32355000	      3234	80001050	00ba0233	add	x4,x20,x11	 x20:0x80009fd4 x11:0x80009fc4  x4=0x00013f98
       32365000	      3235	80001054	02e6f663	bgeu	x13,x14,80001080	 x13:0xff8005b1 x14:0x00000000
       32375000	      3236	00000000	00000013	addi	x0,x0,0	  x0:0x00000000
       32385000	      3237	8000107c	00000013	addi	x0,x0,0	  x0:0x00000000
       32395000	      3238	80001080	414a0233	sub	x4,x20,x20	 x20:0x80009fd4 x20:0x80009fd4  x4=0x00000000
       32405000	      3239	80001084	04e1c863	blt	x3,x14,800010d4	  x3:0xfffffa8c x14:0x00000000
       32415000	      3240	00000000	00000013	addi	x0,x0,0	  x0:0x00000000
       32425000	      3241	800010d0	00000013	addi	x0,x0,0	  x0:0x00000000
       32435000	      3242	800010d4	7f8de113	ori	x2,x27,2040	 x27:0x00000000  x2=0x000007f8
       32445000	      3243	800010d8	0178e663	bltu	x17,x23,800010e4	 x17:0x41cfc865 x23:0x157d2000
       32455000	      3244	800010dc	45d91f17	auipc	x30,0x45d91	 x30=0xc5d920d8
       32465000	      3245	800010e0	006c1233	sll	x4,x24,x6	 x24:0x00000001  x6:0x00000001  x4=0x00000002
       32475000	      3246	800010e4	00000013	addi	x0,x0,0	  x0:0x00000000
       32485000	      3247	800010e8	58d38e93	addi	x29,x7,1421	  x7:0x6fcfeefd x29=0x6fcff48a
       32495000	      3248	800010ec	40235013	srai	x0,x6,0x2	  x6:0x00000001
       32505000	      3249	800010f0	02ad7a63	bgeu	x26,x10,80001124	 x26:0x00000007 x10:0x00000000
       32515000	      3250	00000000	00000013	addi	x0,x0,0	  x0:0x00000000
       32525000	      3251	80001120	00000013	addi	x0,x0,0	  x0:0x00000000
       32535000	      3252	80001124	03bb0a63	beq	x22,x27,80001158	 x22:0x00000000 x27:0x00000000
       32545000	      3253	00000000	00000013	addi	x0,x0,0	  x0:0x00000000
       32555000	      3254	80001154	00000013	addi	x0,x0,0	  x0:0x00000000
       32565000	      3255	80001158	001e1863	bne	x28,x1,80001168	 x28:0x00000000  x1:0xf80009fe
       32575000	      3256	00000000	00000013	addi	x0,x0,0	  x0:0x00000000
       32585000	      3257	80001164	00000013	addi	x0,x0,0	  x0:0x00000000
       32595000	      3258	80001168	51f37c13	andi	x24,x6,1311	  x6:0x00000001 x24=0x00000001
       32605000	      3259	8000116c	043ef263	bgeu	x29,x3,800011b0	 x29:0x6fcff48a  x3:0xfffffa8c
       32615000	      3260	80001170	7885ed93	ori	x27,x11,1928	 x11:0x80009fc4 x27=0x80009fcc
       32625000	      3261	80001174	00000013	addi	x0,x0,0	  x0:0x00000000
       32635000	      3262	80001178	002450b3	srl	x1,x8,x2	  x8:0xfffff9b7  x2:0x000007f8  x1=0x000000ff
       32645000	      3263	8000117c	a61aba13	sltiu	x20,x21,-1439	 x21:0xff8007bf x20=0x00000001
       32655000	      3264	80001180	001f9cb3	sll	x25,x31,x1	 x31:0xff800191  x1:0x000000ff x25=0x80000000
       32665000	      3265	80001184	036b1263	bne	x22,x22,800011a8	 x22:0x00000000 x22:0x00000000
       32675000	      3266	80001188	01c68cb3	add	x25,x13,x28	 x13:0xff8005b1 x28:0x00000000 x25=0xff8005b1
       32685000	      3267	8000118c	68ea4213	xori	x4,x20,1678	 x20:0x00000001  x4=0x0000068f
       32695000	      3268	80001190	2711f193	andi	x3,x3,625	  x3:0xfffffa8c  x3=0x00000200
       32705000	      3269	80001194	00fe22b3	slt	x5,x28,x15	 x28:0x00000000 x15:0x80009f84  x5=0x00000000
       32715000	      3270	80001198	90493393	sltiu	x7,x18,-1788	 x18:0xf8000c8d  x7=0x00000001
       32725000	      3271	8000119c	02e38863	beq	x7,x14,800011cc	  x7:0x00000001 x14:0x00000000
       32735000	      3272	800011a0	aff0f193	andi	x3,x1,-1281	  x1:0x000000ff  x3=0x000000ff
       32745000	      3273	800011a4	01f59633	sll	x12,x11,x31	 x11:0x80009fc4 x31:0xff800191 x12=0x3f880000
       32755000	      3274	800011a8	013e6db3	or	x27,x28,x19	 x28:0x00000000 x19:0x6a75d2c3 x27=0x6a75d2c3
       32765000	      3275	800011ac	00c288b3	add	x17,x5,x12	  x5:0x00000000 x12:0x3f880000 x17=0x3f880000
       32775000	      3276	800011b0	d2cf4297	auipc	x5,0xd2cf4	  x5=0x52cf51ac
       32785000	      3277	800011b4	00ae8533	add	x10,x29,x10	 x29:0x6fcff48a x10:0x00000000 x10=0x6fcff48a
       32795000	      3278	800011b8	409b02b3	sub	x5,x22,x9	 x22:0x00000000  x9:0x0000000c  x5=0xfffffff4
       32805000	      3279	800011bc	31854293	xori	x5,x10,792	 x10:0x6fcff48a  x5=0x6fcff792
       32815000	      3280	800011c0	010c7863	bgeu	x24,x16,800011d0	 x24:0x00000001 x16:0xf427bfe0
       32825000	      3281	800011c4	001fff33	and	x30,x31,x1	 x31:0xff800191  x1:0x000000ff x30=0x00000091
       32835000	      3282	800011c8	41aa8333	sub	x6,x21,x26	 x21:0xff8007bf x26:0x00000007  x6=0xff8007b8
       32845000	      3283	800011cc	5ce6bd93	sltiu	x27,x13,1486	 x13:0xff8005b1 x27=0x00000000
       32855000	      3284	800011d0	28aed537	lui	x10,0x28aed	 x10=0x28aed000
       32865000	      3285	800011d4	010d9033	sll	x0,x27,x16	 x27:0x00000000 x16:0xf427bfe0
       32875000	      3286	800011d8	823e0b97	auipc	x23,0x823e0	 x23=0x023e11d4
       32885000	      3287	800011dc	0084aeb3	slt	x29,x9,x8	  x9:0x0000000c  x8:0xfffff9b7 x29=0x00000000
       32895000	      3288	800011e0	6d98fb93	andi	x23,x17,1753	 x17:0x3f880000 x23=0x00000000
       32905000	      3289	800011e4	41c70133	sub	x2,x14,x28	 x14:0x00000000 x28:0x00000000  x2=0x00000000
       32915000	      3290	800011e8	0180e9b3	or	x19,x1,x24	  x1:0x000000ff x24:0x00000001 x19=0x000000ff
       32925000	      3291	800011ec	bf453f13	sltiu	x30,x10,-1036	 x10:0x28aed000 x30=0x00000001
       32935000	      3292	800011f0	d2560b97	auipc	x23,0xd2560	 x23=0x525611ec
       32945000	      3293	800011f4	af454093	xori	x1,x10,-1292	 x10:0x28aed000  x1=0xd7512af4
       32955000	      3294	800011f8	00f89cb3	sll	x25,x17,x15	 x17:0x3f880000 x15:0x80009f84 x25=0xf8800000
       32965000	      3295	800011fc	01e6fe63	bgeu	x13,x30,80001218	 x13:0xff8005b1 x30:0x00000001
       32975000	      3296	00000000	00000013	addi	x0,x0,0	  x0:0x00000000
       32985000	      3297	80001214	00000013	addi	x0,x0,0	  x0:0x00000000
       32995000	      3298	80001218	05ccc263	blt	x25,x28,8000125c	 x25:0xf8800000 x28:0x00000000
       33005000	      3299	00000000	00000013	addi	x0,x0,0	  x0:0x00000000
       33015000	      3300	80001258	00000013	addi	x0,x0,0	  x0:0x00000000
       33025000	      3301	8000125c	0081fa33	and	x20,x3,x8	  x3:0x000000ff  x8:0xfffff9b7 x20=0x000000b7
       33035000	      3302	80001260	01af0e33	add	x28,x30,x26	 x30:0x00000001 x26:0x00000007 x28=0x00000008
       33045000	      3303	80001264	02af9663	bne	x31,x10,80001290	 x31:0xff800191 x10:0x28aed000
       33055000	      3304	00000000	00000013	addi	x0,x0,0	  x0:0x00000000
       33065000	      3305	8000128c	00000013	addi	x0,x0,0	  x0:0x00000000
       33075000	      3306	80001290	01bb8863	beq	x23,x27,800012a0	 x23:0x525611ec x27:0x00000000
       33085000	      3307	80001294	00f5b3b3	sltu	x7,x11,x15	 x11:0x80009fc4 x15:0x80009f84  x7=0x00000000
       33095000	      3308	80001298	417fd393	srai	x7,x31,0x17	 x31:0xff800191  x7=0xffffffff
       33105000	      3309	8000129c	c6393893	sltiu	x17,x18,-925	 x18:0xf8000c8d x17=0x00000001
       33115000	      3310	800012a0	10f74c93	xori	x25,x14,271	 x14:0x00000000 x25=0x0000010f
       33125000	      3311	800012a4	401083b3	sub	x7,x1,x1	  x1:0xd7512af4  x1:0xd7512af4  x7=0x00000000
       33135000	      3312	800012a8	0104b733	sltu	x14,x9,x16	  x9:0x0000000c x16:0xf427bfe0 x14=0x00000001
       33145000	      3313	800012ac	4015d233	sra	x4,x11,x1	 x11:0x80009fc4  x1:0xd7512af4  x4=0xfffff800
       33155000	      3314	800012b0	51848513	addi	x10,x9,1304	  x9:0x0000000c x10=0x00000524
       33165000	      3315	800012b4	00d132b3	sltu	x5,x2,x13	  x2:0x00000000 x13:0xff8005b1  x5=0x00000001
       33175000	      3316	800012b8	0089d833	srl	x16,x19,x8	 x19:0x000000ff  x8:0xfffff9b7 x16=0x00000000
       33185000	      3317	800012bc	03971263	bne	x14,x25,800012e0	 x14:0x00000001 x25:0x0000010f
       33195000	      3318	00000000	00000013	addi	x0,x0,0	  x0:0x00000000
       33205000	      3319	800012dc	00000013	addi	x0,x0,0	  x0:0x00000000
       33215000	      3320	800012e0	0093f1b3	and	x3,x7,x9	  x7:0x00000000  x9:0x0000000c  x3=0x00000000
       33225000	      3321	800012e4	01e81e63	bne	x16,x30,80001300	 x16:0x00000000 x30:0x00000001
       33235000	      3322	00000000	00000013	addi	x0,x0,0	  x0:0x00000000
       33245000	      3323	800012fc	00000013	addi	x0,x0,0	  x0:0x00000000
       33255000	      3324	80001300	00f3e9b3	or	x19,x7,x15	  x7:0x00000000 x15:0x80009f84 x19=0x80009f84
       33265000	      3325	80001304	0121e1b3	or	x3,x3,x18	  x3:0x00000000 x18:0xf8000c8d  x3=0xf8000c8d
       33275000	      3326	80001308	eab08e17	auipc	x28,0xeab08	 x28=0x6ab09304
       33285000	      3327	8000130c	02134663	blt	x6,x1,80001338	  x6:0xff8007b8  x1:0xd7512af4
       33295000	      3328	80001310	01cff9b3	and	x19,x31,x28	 x31:0xff800191 x28:0x6ab09304 x19=0x6a800100
       33305000	      3329	80001314	007ca133	slt	x2,x25,x7	 x25:0x0000010f  x7:0x00000000  x2=0x00000000
       33315000	      3330	80001318	5c924293	xori	x5,x4,1481	  x4:0xfffff800  x5=0xfffffdc9
       33325000	      3331	8000131c	01ddc133	xor	x2,x27,x29	 x27:0x00000000 x29:0x00000000  x2=0x00000000
       33335000	      3332	80001320	57277413	andi	x8,x14,1394	 x14:0x00000001  x8=0x00000000
       33345000	      3333	80001324	41320eb3	sub	x29,x4,x19	  x4:0xfffff800 x19:0x6a800100 x29=0x957ff700
       33355000	      3334	80001328	ba780213	addi	x4,x16,-1113	 x16:0x00000000  x4=0xfffffba7
       33365000	      3335	8000132c	4185df13	srai	x30,x11,0x18	 x11:0x80009fc4 x30=0xffffff80
       33375000	      3336	80001330	01395a13	srli	x20,x18,0x13	 x18:0xf8000c8d x20=0x00001f00
       33385000	      3337	80001334	00f673b3	and	x7,x12,x15	 x12:0x3f880000 x15:0x80009f84  x7=0x00000000
       33395000	      3338	80001338	0171dbb3	srl	x23,x3,x23	  x3:0xf8000c8d x23:0x525611ec x23=0x000f8000
       33405000	      3339	8000133c	704dbf13	sltiu	x30,x27,1796	 x27:0x00000000 x30=0x00000001
       33415000	      3340	80001340	00ce7fb3	and	x31,x28,x12	 x28:0x6ab09304 x12:0x3f880000 x31=0x2a800000
       33425000	      3341	80001344	022f8263	beq	x31,x2,80001368	 x31:0x2a800000  x2:0x00000000
       33435000	      3342	80001348	01a78e63	beq	x15,x26,80001364	 x15:0x80009f84 x26:0x00000007
       33445000	      3343	8000134c	010c7433	and	x8,x24,x16	 x24:0x00000001 x16:0x00000000  x8=0x00000000
       33455000	      3344	80001350	b736b993	sltiu	x19,x13,-1165	 x13:0xff8005b1 x19=0x00000001
       33465000	      3345	80001354	15900313	addi	x6,x0,345	  x0:0x00000000  x6=0x00000159
       33475000	      3346	80001358	412b0cb3	sub	x25,x22,x18	 x22:0x00000000 x18:0xf8000c8d x25=0x07fff373
       33485000	      3347	8000135c	016d92b3	sll	x5,x27,x22	 x27:0x00000000 x22:0x00000000  x5=0x00000000
       33495000	      3348	80001360	0078d433	srl	x8,x17,x7	 x17:0x00000001  x7:0x00000000  x8=0x00000001
       33505000	      3349	80001364	042dc863	blt	x27,x2,800013b4	 x27:0x00000000  x2:0x00000000
       33515000	      3350	80001368	571fce93	xori	x29,x31,1393	 x31:0x2a800000 x29=0x2a800571
       33525000	      3351	8000136c	034f8c63	beq	x31,x20,800013a4	 x31:0x2a800000 x20:0x00001f00
       33535000	      3352	80001370	0110d0b3	srl	x1,x1,x17	  x1:0xd7512af4 x17:0x00000001  x1=0x6ba8957a
       33545000	      3353	80001374	4107d313	srai	x6,x15,0x10	 x15:0x80009f84  x6=0xffff8000
       33555000	      3354	80001378	c28c4993	xori	x19,x24,-984	 x24:0x00000001 x19=0xfffffc29
       33565000	      3355	8000137c	41225833	sra	x16,x4,x18	  x4:0xfffffba7 x18:0xf8000c8d x16=0xffffffff
       33575000	      3356	80001380	eebc6813	ori	x16,x24,-277	 x24:0x00000001 x16=0xfffffeeb
       33585000	      3357	80001384	013cd013	srli	x0,x25,0x13	 x25:0x07fff373
       33595000	      3358	80001388	00ec1d13	slli	x26,x24,0xe	 x24:0x00000001 x26=0x00004000
       33605000	      3359	8000138c	019093b3	sll	x7,x1,x25	  x1:0x6ba8957a x25:0x07fff373  x7=0xabd00000
       33615000	      3360	80001390	01c792b3	sll	x5,x15,x28	 x15:0x80009f84 x28:0x6ab09304  x5=0x0009f840
       33625000	      3361	80001394	00709f33	sll	x30,x1,x7	  x1:0x6ba8957a  x7:0xabd00000 x30=0x6ba8957a
       33635000	      3362	80001398	01f35893	srli	x17,x6,0x1f	  x6:0xffff8000 x17=0x00000001
       33645000	      3363	8000139c	0148a8b3	slt	x17,x17,x20	 x17:0x00000001 x20:0x00001f00 x17=0x00000001
       33655000	      3364	800013a0	00400433	add	x8,x0,x4	  x0:0x00000000  x4:0xfffffba7  x8=0xfffffba7
       33665000	      3365	800013a4	f1842113	slti	x2,x8,-232	  x8:0xfffffba7  x2=0x00000001
       33675000	      3366	800013a8	00a458b3	srl	x17,x8,x10	  x8:0xfffffba7 x10:0x00000524 x17=0x0fffffba
       33685000	      3367	800013ac	00000013	addi	x0,x0,0	  x0:0x00000000
       33695000	      3368	800013b0	2a04ba13	sltiu	x20,x9,672	  x9:0x0000000c x20=0x00000001
       33705000	      3369	800013b4	05518663	beq	x3,x21,80001400	  x3:0xf8000c8d x21:0xff8007bf
       33715000	      3370	800013b8	004bd233	srl	x4,x23,x4	 x23:0x000f8000  x4:0xfffffba7  x4=0x00001f00
       33725000	      3371	800013bc	01048c33	add	x24,x9,x16	  x9:0x0000000c x16:0xfffffeeb x24=0xfffffef7
       33735000	      3372	800013c0	fb11f317	auipc	x6,0xfb11f	  x6=0x7b1203bc
       33745000	      3373	800013c4	02f3f863	bgeu	x7,x15,800013f4	  x7:0xabd00000 x15:0x80009f84
       33755000	      3374	00000000	00000013	addi	x0,x0,0	  x0:0x00000000
       33765000	      3375	800013f0	00000013	addi	x0,x0,0	  x0:0x00000000
       33775000	      3376	800013f4	08f62893	slti	x17,x12,143	 x12:0x3f880000 x17=0x00000000
       33785000	      3377	800013f8	01764263	blt	x12,x23,800013fc	 x12:0x3f880000 x23:0x000f8000
       33795000	      3378	800013fc	0244fa63	bgeu	x9,x4,80001430	  x9:0x0000000c  x4:0x00001f00
       33805000	      3379	80001400	d9ceae97	auipc	x29,0xd9cea	 x29=0x59ceb3fc
       33815000	      3380	80001404	00e69c93	slli	x25,x13,0xe	 x13:0xff8005b1 x25=0x016c4000
       33825000	      3381	80001408	40438f33	sub	x30,x7,x4	  x7:0xabd00000  x4:0x00001f00 x30=0xabcfe100
       33835000	      3382	8000140c	00630c33	add	x24,x6,x6	  x6:0x7b1203bc  x6:0x7b1203bc x24=0xf6240778
       33845000	      3383	80001410	00c23833	sltu	x16,x4,x12	  x4:0x00001f00 x12:0x3f880000 x16=0x00000001
       33855000	      3384	80001414	f7855717	auipc	x14,0xf7855	 x14=0x77856410
       33865000	      3385	80001418	013e2a17	auipc	x20,0x13e2	 x20=0x813e3414
       33875000	      3386	8000141c	03900a63	beq	x0,x25,80001450	  x0:0x00000000 x25:0x016c4000
       33885000	      3387	80001420	405b58b3	sra	x17,x22,x5	 x22:0x00000000  x5:0x0009f840 x17=0x00000000
       33895000	      3388	80001424	00c300b3	add	x1,x6,x12	  x6:0x7b1203bc x12:0x3f880000  x1=0xba9a03bc
       33905000	      3389	80001428	018adcb3	srl	x25,x21,x24	 x21:0xff8007bf x24:0xf6240778 x25=0x000000ff
       33915000	      3390	8000142c	40375713	srai	x14,x14,0x3	 x14:0x77856410 x14=0x0ef0ac82
       33925000	      3391	80001430	41ad8eb3	sub	x29,x27,x26	 x27:0x00000000 x26:0x00004000 x29=0xffffc000
       33935000	      3392	80001434	027f9663	bne	x31,x7,80001460	 x31:0x2a800000  x7:0xabd00000
       33945000	      3393	00000000	00000013	addi	x0,x0,0	  x0:0x00000000
       33955000	      3394	8000145c	00000013	addi	x0,x0,0	  x0:0x00000000
       33965000	      3395	80001460	418dd0b3	sra	x1,x27,x24	 x27:0x00000000 x24:0xf6240778  x1=0x00000000
       33975000	      3396	80001464	05220663	beq	x4,x18,800014b0	  x4:0x00001f00 x18:0xf8000c8d
       33985000	      3397	80001468	01788833	add	x16,x17,x23	 x17:0x00000000 x23:0x000f8000 x16=0x000f8000
       33995000	      3398	8000146c	24e78993	addi	x19,x15,590	 x15:0x80009f84 x19=0x8000a1d2
       34005000	      3399	80001470	01cded33	or	x26,x27,x28	 x27:0x00000000 x28:0x6ab09304 x26=0x6ab09304
       34015000	      3400	80001474	00000013	addi	x0,x0,0	  x0:0x00000000
       34025000	      3401	80001478	01d0a733	slt	x14,x1,x29	  x1:0x00000000 x29:0xffffc000 x14=0x00000000
       34035000	      3402	8000147c	01276c33	or	x24,x14,x18	 x14:0x00000000 x18:0xf8000c8d x24=0xf8000c8d
       34045000	      3403	80001480	d4bc0c17	auipc	x24,0xd4bc0	 x24=0x54bc147c
       34055000	      3404	80001484	0060bab3	sltu	x21,x1,x6	  x1:0x00000000  x6:0x7b1203bc x21=0x00000001
       34065000	      3405	80001488	013d0433	add	x8,x26,x19	 x26:0x6ab09304 x19:0x8000a1d2  x8=0xeab134d6
       34075000	      3406	8000148c	9dc88b93	addi	x23,x17,-1572	 x17:0x00000000 x23=0xfffff9dc
       34085000	      3407	80001490	00488633	add	x12,x17,x4	 x17:0x00000000  x4:0x00001f00 x12=0x00001f00
       34095000	      3408	80001494	023c0263	beq	x24,x3,800014b8	 x24:0x54bc147c  x3:0xf8000c8d
       34105000	      3409	80001498	037df663	bgeu	x27,x23,800014c4	 x27:0x00000000 x23:0xfffff9dc
       34115000	      3410	8000149c	41115913	srai	x18,x2,0x11	  x2:0x00000001 x18=0x00000000
       34125000	      3411	800014a0	02f5e663	bltu	x11,x15,800014cc	 x11:0x80009fc4 x15:0x80009f84
       34135000	      3412	800014a4	01db6e63	bltu	x22,x29,800014c0	 x22:0x00000000 x29:0xffffc000
       34145000	      3413	00000000	00000013	addi	x0,x0,0	  x0:0x00000000
       34155000	      3414	800014bc	00000013	addi	x0,x0,0	  x0:0x00000000
       34165000	      3415	800014c0	40998033	sub	x0,x19,x9	 x19:0x8000a1d2  x9:0x0000000c
       34175000	      3416	800014c4	04797263	bgeu	x18,x7,80001508	 x18:0x00000000  x7:0xabd00000
       34185000	      3417	800014c8	033e5c63	bge	x28,x19,80001500	 x28:0x6ab09304 x19:0x8000a1d2
       34195000	      3418	00000000	00000013	addi	x0,x0,0	  x0:0x00000000
       34205000	      3419	800014fc	00000013	addi	x0,x0,0	  x0:0x00000000
       34215000	      3420	80001500	051ae263	bltu	x21,x17,80001544	 x21:0x00000001 x17:0x00000000
       34225000	      3421	80001504	02f86263	bltu	x16,x15,80001528	 x16:0x000f8000 x15:0x80009f84
       34235000	      3422	00000000	00000013	addi	x0,x0,0	  x0:0x00000000
       34245000	      3423	80001524	00000013	addi	x0,x0,0	  x0:0x00000000
       34255000	      3424	80001528	03a88c63	beq	x17,x26,80001560	 x17:0x00000000 x26:0x6ab09304
       34265000	      3425	8000152c	e09df393	andi	x7,x27,-503	 x27:0x00000000  x7=0x00000000
       34275000	      3426	80001530	02228663	beq	x5,x2,8000155c	  x5:0x0009f840  x2:0x00000001
       34285000	      3427	80001534	01bf96b3	sll	x13,x31,x27	 x31:0x2a800000 x27:0x00000000 x13=0x2a800000
       34295000	      3428	80001538	40395e93	srai	x29,x18,0x3	 x18:0x00000000 x29=0x00000000
       34305000	      3429	8000153c	004a9b93	slli	x23,x21,0x4	 x21:0x00000001 x23=0x00000010
       34315000	      3430	80001540	eb9b8a13	addi	x20,x23,-327	 x23:0x00000010 x20=0xfffffec9
       34325000	      3431	80001544	407bdbb3	sra	x23,x23,x7	 x23:0x00000010  x7:0x00000000 x23=0x00000010
       34335000	      3432	80001548	012ff863	bgeu	x31,x18,80001558	 x31:0x2a800000 x18:0x00000000
       34345000	      3433	00000000	00000013	addi	x0,x0,0	  x0:0x00000000
       34355000	      3434	80001554	00000013	addi	x0,x0,0	  x0:0x00000000
       34365000	      3435	80001558	01b01a13	slli	x20,x0,0x1b	  x0:0x00000000 x20=0x00000000
       34375000	      3436	8000155c	01c7dc33	srl	x24,x15,x28	 x15:0x80009f84 x28:0x6ab09304 x24=0x080009f8
       34385000	      3437	80001560	cec7e6b7	lui	x13,0xcec7e	 x13=0xcec7e000
       34395000	      3438	80001564	4060d993	srai	x19,x1,0x6	  x1:0x00000000 x19=0x00000000
       34405000	      3439	80001568	c3bfed93	ori	x27,x31,-965	 x31:0x2a800000 x27=0xfffffc3b
       34415000	      3440	8000156c	0165e233	or	x4,x11,x22	 x11:0x80009fc4 x22:0x00000000  x4=0x80009fc4
       34425000	      3441	80001570	009e5393	srli	x7,x28,0x9	 x28:0x6ab09304  x7=0x00355849
       34435000	      3442	80001574	c3a7b313	sltiu	x6,x15,-966	 x15:0x80009f84  x6=0x00000001
       34445000	      3443	80001578	9e53ee93	ori	x29,x7,-1563	  x7:0x00355849 x29=0xfffff9ed
       34455000	      3444	8000157c	01f26513	ori	x10,x4,31	  x4:0x80009fc4 x10=0x80009fdf
       34465000	      3445	80001580	0123f663	bgeu	x7,x18,8000158c	  x7:0x00355849 x18:0x00000000
       34475000	      3446	00000000	00000013	addi	x0,x0,0	  x0:0x00000000
       34485000	      3447	80001588	00000013	addi	x0,x0,0	  x0:0x00000000
       34495000	      3448	8000158c	41450ab3	sub	x21,x10,x20	 x10:0x80009fdf x20:0x00000000 x21=0x80009fdf
       34505000	      3449	80001590	00f69a13	slli	x20,x13,0xf	 x13:0xcec7e000 x20=0xf0000000
       34515000	      3450	80001594	01f59113	slli	x2,x11,0x1f	 x11:0x80009fc4  x2=0x00000000
       34525000	      3451	80001598	749b4013	xori	x0,x22,1865	 x22:0x00000000
       34535000	      3452	8000159c	018b9833	sll	x16,x23,x24	 x23:0x00000010 x24:0x080009f8 x16=0x10000000
       34545000	      3453	800015a0	00399433	sll	x8,x19,x3	 x19:0x00000000  x3:0xf8000c8d  x8=0x00000000
       34555000	      3454	800015a4	01521133	sll	x2,x4,x21	  x4:0x80009fc4 x21:0x80009fdf  x2=0x00000000
       34565000	      3455	800015a8	01168c63	beq	x13,x17,800015c0	 x13:0xcec7e000 x17:0x00000000
       34575000	      3456	800015ac	0112ceb3	xor	x29,x5,x17	  x5:0x0009f840 x17:0x00000000 x29=0x0009f840
       34585000	      3457	800015b0	024ce263	bltu	x25,x4,800015d4	 x25:0x000000ff  x4:0x80009fc4
       34595000	      3458	00000000	00000013	addi	x0,x0,0	  x0:0x00000000
       34605000	      3459	800015d0	00000013	addi	x0,x0,0	  x0:0x00000000
       34615000	      3460	800015d4	0067b0b3	sltu	x1,x15,x6	 x15:0x80009f84  x6:0x00000001  x1=0x00000000
       34625000	      3461	800015d8	01f39a33	sll	x20,x7,x31	  x7:0x00355849 x31:0x2a800000 x20=0x00355849
       34635000	      3462	800015dc	969d0193	addi	x3,x26,-1687	 x26:0x6ab09304  x3=0x6ab08c6d
       34645000	      3463	800015e0	0060e2b3	or	x5,x1,x6	  x1:0x00000000  x6:0x00000001  x5=0x00000001
       34655000	      3464	800015e4	41e70ab3	sub	x21,x14,x30	 x14:0x00000000 x30:0xabcfe100 x21=0x54301f00
       34665000	      3465	800015e8	01497c33	and	x24,x18,x20	 x18:0x00000000 x20:0x00355849 x24=0x00000000
       34675000	      3466	800015ec	247c2013	slti	x0,x24,583	 x24:0x00000000
       34685000	      3467	800015f0	00263a33	sltu	x20,x12,x2	 x12:0x00001f00  x2:0x00000000 x20=0x00000000
       34695000	      3468	800015f4	a5c58837	lui	x16,0xa5c58	 x16=0xa5c58000
       34705000	      3469	800015f8	c1276b93	ori	x23,x14,-1006	 x14:0x00000000 x23=0xfffffc12
       34715000	      3470	800015fc	0186ea33	or	x20,x13,x24	 x13:0xcec7e000 x24:0x00000000 x20=0xcec7e000
       34725000	      3471	80001600	41945db3	sra	x27,x8,x25	  x8:0x00000000 x25:0x000000ff x27=0x00000000
       34735000	      3472	80001604	31ac6993	ori	x19,x24,794	 x24:0x00000000 x19=0x0000031a
       34745000	      3473	80001608	04b35263	bge	x6,x11,8000164c	  x6:0x00000001 x11:0x80009fc4
       34755000	      3474	00000000	00000013	addi	x0,x0,0	  x0:0x00000000
       34765000	      3475	80001648	00000013	addi	x0,x0,0	  x0:0x00000000
       34775000	      3476	8000164c	c1dc6213	ori	x4,x24,-995	 x24:0x00000000  x4=0xfffffc1d
       34785000	      3477	80001650	01603cb3	sltu	x25,x0,x22	  x0:0x00000000 x22:0x00000000 x25=0x00000000
       34795000	      3478	80001654	01688fb3	add	x31,x17,x22	 x17:0x00000000 x22:0x00000000 x31=0x00000000
       34805000	      3479	80001658	4009d8b3	sra	x17,x19,x0	 x19:0x0000031a  x0:0x00000000 x17=0x0000031a
       34815000	      3480	8000165c	03f18863	beq	x3,x31,8000168c	  x3:0x6ab08c6d x31:0x00000000
       34825000	      3481	80001660	409b5933	sra	x18,x22,x9	 x22:0x00000000  x9:0x0000000c x18=0x00000000
       34835000	      3482	80001664	00000013	addi	x0,x0,0	  x0:0x00000000
       34845000	      3483	80001668	028c0663	beq	x24,x8,80001694	 x24:0x00000000  x8:0x00000000
       34855000	      3484	00000000	00000013	addi	x0,x0,0	  x0:0x00000000
       34865000	      3485	80001690	00000013	addi	x0,x0,0	  x0:0x00000000
       34875000	      3486	80001694	7f7a6013	ori	x0,x20,2039	 x20:0xcec7e000
       34885000	      3487	80001698	00f39f33	sll	x30,x7,x15	  x7:0x00355849 x15:0x80009f84 x30=0x03558490
       34895000	      3488	8000169c	d6fc2413	slti	x8,x24,-657	 x24:0x00000000  x8=0x00000000
       34905000	      3489	800016a0	bb784a13	xori	x20,x16,-1097	 x16:0xa5c58000 x20=0x5a3a7bb7
       34915000	      3490	800016a4	4a348217	auipc	x4,0x4a348	  x4=0xca3496a0
       34925000	      3491	800016a8	449c4693	xori	x13,x24,1097	 x24:0x00000000 x13=0x00000449
       34935000	      3492	800016ac	01e980b3	add	x1,x19,x30	 x19:0x0000031a x30:0x03558490  x1=0x035587aa
       34945000	      3493	800016b0	62fd6813	ori	x16,x26,1583	 x26:0x6ab09304 x16=0x6ab0972f
       34955000	      3494	800016b4	03ad8a63	beq	x27,x26,800016e8	 x27:0x00000000 x26:0x6ab09304
       34965000	      3495	800016b8	00811a93	slli	x21,x2,0x8	  x2:0x00000000 x21=0x00000000
       34975000	      3496	800016bc	41f7d833	sra	x16,x15,x31	 x15:0x80009f84 x31:0x00000000 x16=0x80009f84
       34985000	      3497	800016c0	4f3c4713	xori	x14,x24,1267	 x24:0x00000000 x14=0x000004f3
       34995000	      3498	800016c4	0036a8b3	slt	x17,x13,x3	 x13:0x00000449  x3:0x6ab08c6d x17=0x00000001
       35005000	      3499	800016c8	03b45263	bge	x8,x27,800016ec	  x8:0x00000000 x27:0x00000000
       35015000	      3500	00000000	00000013	addi	x0,x0,0	  x0:0x00000000
       35025000	      3501	800016e8	00000013	addi	x0,x0,0	  x0:0x00000000
       35035000	      3502	800016ec	0024be33	sltu	x28,x9,x2	  x9:0x0000000c  x2:0x00000000 x28=0x00000000
       35045000	      3503	800016f0	00000497	auipc	x9,0x0	  x9=0x800016ec
       35055000	      3504	800016f4	00c48493	addi	x9,x9,12	  x9:0x800016ec  x9=0x800016f8
       35065000	      3505	800016f8	00048067	jalr	x0,x9,0	  x9:0x800016f8
       35075000	      3506	00000000	00000013	addi	x0,x0,0	  x0:0x00000000
       35085000	      3507	800016f8	00000013	addi	x0,x0,0	  x0:0x00000000
       35095000	      3508	800016fc	00100193	addi	x3,x0,1	  x0:0x00000000  x3=0x00000001
       35105000	      3509	80001700	00000073	ecall	
       35115000	      3510	80001704	fc078793	addi	x15,x15,-64	 x15:0x80009f84 x15=0x80009f44
