		Time			Cycle	PC		Insn	Decoded instruction	Register and memory contents
          65000	         5	80000004	00000293	addi	x5,x0,0	  x0:0x00000000  x5=0x00000000
          75000	         6	80000008	00000313	addi	x6,x0,0	  x0:0x00000000  x6=0x00000000
          85000	         7	8000000c	00628263	beq	x5,x6,80000010	  x5:0x00000000  x6:0x00000000
          95000	         8	00000000	00000013	addi	x0,x0,0	  x0:0x00000000
         105000	         9	8000000c	00000013	addi	x0,x0,0	  x0:0x00000000
         115000	        10	80000010	00000717	auipc	x14,0x0	 x14=0x8000000c
         125000	        11	80000014	00c70713	addi	x14,x14,12	 x14:0x8000000c x14=0x80000018
         135000	        12	80000018	00070067	jalr	x0,x14,0	 x14:0x80000018
         145000	        13	00000000	00000013	addi	x0,x0,0	  x0:0x00000000
         155000	        14	80000018	00000013	addi	x0,x0,0	  x0:0x00000000
         165000	        15	8000001c	400003b7	lui	x7,0x40000	  x7=0x40000000
         175000	        16	80000020	10038393	addi	x7,x7,256	  x7:0x40000000  x7=0x40000100
         185000	        17	80000024	00000013	addi	x0,x0,0	  x0:0x00000000
         195000	        18	80000028	0000ac97	auipc	x25,0xa	 x25=0x8000a024
         205000	        19	8000002c	fa0c8c93	addi	x25,x25,-96	 x25:0x8000a024 x25=0x80009fc4
         215000	        20	80000030	00007397	auipc	x7,0x7	  x7=0x8000702c
         225000	        21	80000034	d3038393	addi	x7,x7,-720	  x7:0x8000702c  x7=0x80006d5c
         235000	        22	80000038	0003e393	ori	x7,x7,0	  x7:0x80006d5c  x7=0x80006d5c
         245000	        23	8000003c	00000013	addi	x0,x0,0	  x0:0x00000000
         255000	        24	80000040	00000397	auipc	x7,0x0	  x7=0x8000003c
         265000	        25	80000044	02038393	addi	x7,x7,32	  x7:0x8000003c  x7=0x8000005c
         275000	        26	80000048	00000013	addi	x0,x0,0	  x0:0x00000000
         285000	        27	8000004c	00000013	addi	x0,x0,0	  x0:0x00000000
         295000	        28	80000050	000023b7	lui	x7,0x2	  x7=0x00002000
         305000	        29	80000054	80038393	addi	x7,x7,-2048	  x7:0x00002000  x7=0x00001800
         315000	        30	80000058	00000013	addi	x0,x0,0	  x0:0x00000000
         325000	        31	8000005c	00000013	addi	x0,x0,0	  x0:0x00000000
         335000	        32	80000060	f5a36037	lui	x0,0xf5a36	
         345000	        33	80000064	52000013	addi	x0,x0,1312	  x0:0x00000000
         355000	        34	80000068	800000b7	lui	x1,0x80000	  x1=0x80000000
         365000	        35	8000006c	00700193	addi	x3,x0,7	  x0:0x00000000  x3=0x00000007
         375000	        36	80000070	f4962237	lui	x4,0xf4962	  x4=0xf4962000
         385000	        37	80000074	04520213	addi	x4,x4,69	  x4:0xf4962000  x4=0xf4962045
         395000	        38	80000078	942882b7	lui	x5,0x94288	  x5=0x94288000
         405000	        39	8000007c	be928293	addi	x5,x5,-1047	  x5:0x94288000  x5=0x94287be9
         415000	        40	80000080	d54c9337	lui	x6,0xd54c9	  x6=0xd54c9000
         425000	        41	80000084	7b930313	addi	x6,x6,1977	  x6:0xd54c9000  x6=0xd54c97b9
         435000	        42	80000088	00000393	addi	x7,x0,0	  x0:0x00000000  x7=0x00000000
         445000	        43	8000008c	00700413	addi	x8,x0,7	  x0:0x00000000  x8=0x00000007
         455000	        44	80000090	f8dba4b7	lui	x9,0xf8dba	  x9=0xf8dba000
         465000	        45	80000094	fb148493	addi	x9,x9,-79	  x9:0xf8dba000  x9=0xf8db9fb1
         475000	        46	80000098	80000537	lui	x10,0x80000	 x10=0x80000000
         485000	        47	8000009c	00d00593	addi	x11,x0,13	  x0:0x00000000 x11=0x0000000d
         495000	        48	800000a0	00a00613	addi	x12,x0,10	  x0:0x00000000 x12=0x0000000a
         505000	        49	800000a4	800006b7	lui	x13,0x80000	 x13=0x80000000
         515000	        50	800000a8	baa44737	lui	x14,0xbaa44	 x14=0xbaa44000
         525000	        51	800000ac	b7870713	addi	x14,x14,-1160	 x14:0xbaa44000 x14=0xbaa43b78
         535000	        52	800000b0	00f00793	addi	x15,x0,15	  x0:0x00000000 x15=0x0000000f
         545000	        53	800000b4	00000813	addi	x16,x0,0	  x0:0x00000000 x16=0x00000000
         555000	        54	800000b8	00000893	addi	x17,x0,0	  x0:0x00000000 x17=0x00000000
         565000	        55	800000bc	00e00913	addi	x18,x0,14	  x0:0x00000000 x18=0x0000000e
         575000	        56	800000c0	26e049b7	lui	x19,0x26e04	 x19=0x26e04000
         585000	        57	800000c4	ebb98993	addi	x19,x19,-325	 x19:0x26e04000 x19=0x26e03ebb
         595000	        58	800000c8	fa700a37	lui	x20,0xfa700	 x20=0xfa700000
         605000	        59	800000cc	2e0a0a13	addi	x20,x20,736	 x20:0xfa700000 x20=0xfa7002e0
         615000	        60	800000d0	00000a93	addi	x21,x0,0	  x0:0x00000000 x21=0x00000000
         625000	        61	800000d4	ff5d8b37	lui	x22,0xff5d8	 x22=0xff5d8000
         635000	        62	800000d8	ae1b0b13	addi	x22,x22,-1311	 x22:0xff5d8000 x22=0xff5d7ae1
         645000	        63	800000dc	00200b93	addi	x23,x0,2	  x0:0x00000000 x23=0x00000002
         655000	        64	800000e0	00b00c13	addi	x24,x0,11	  x0:0x00000000 x24=0x0000000b
         665000	        65	800000e4	80000d37	lui	x26,0x80000	 x26=0x80000000
         675000	        66	800000e8	00700d93	addi	x27,x0,7	  x0:0x00000000 x27=0x00000007
         685000	        67	800000ec	fe793e37	lui	x28,0xfe793	 x28=0xfe793000
         695000	        68	800000f0	c17e0e13	addi	x28,x28,-1001	 x28:0xfe793000 x28=0xfe792c17
         705000	        69	800000f4	00400e93	addi	x29,x0,4	  x0:0x00000000 x29=0x00000004
         715000	        70	800000f8	f1750f37	lui	x30,0xf1750	 x30=0xf1750000
         725000	        71	800000fc	74df0f13	addi	x30,x30,1869	 x30:0xf1750000 x30=0xf175074d
         735000	        72	80000100	00000f93	addi	x31,x0,0	  x0:0x00000000 x31=0x00000000
         745000	        73	80000104	0000a117	auipc	x2,0xa	  x2=0x8000a100
         755000	        74	80000108	e8410113	addi	x2,x2,-380	  x2:0x8000a100  x2=0x80009f84
         765000	        75	8000010c	00008a17	auipc	x20,0x8	 x20=0x80008108
         775000	        76	80000110	28fa0a13	addi	x20,x20,655	 x20:0x80008108 x20=0x80008397
         785000	        77	80000114	01a03433	sltu	x8,x0,x26	  x0:0x00000000 x26:0x80000000  x8=0x00000001
         795000	        78	80000118	02ca0123	sb	x12,34(x20)	 x20:0x80008397 x12:0x0000000a PA:0x800083b9
         805000	        79	8000011c	037a1003	lh	x0,55(x20)	 x20:0x80008397 PA:0x800083ce
         815000	        80	80000120	01570c33	add	x24,x14,x21	 x14:0xbaa43b78 x21:0x00000000 x24=0xbaa43b78
         825000	        81	80000124	3f577013	andi	x0,x14,1013	 x14:0xbaa43b78
         835000	        82	80000128	031a0b83	lb	x23,49(x20)	 x20:0x80008397 x23=0x00000000 PA:0x800083c8
         845000	        83	8000012c	fc1a4583	lbu	x11,-63(x20)	 x20:0x80008397 x11=0x00000000 PA:0x80008358
         855000	        84	80000130	01005c13	srli	x24,x0,0x10	  x0:0x00000000 x24=0x00000000
         865000	        85	80000134	0141a033	slt	x0,x3,x20	  x3:0x00000007 x20:0x80008397
         875000	        86	80000138	01ac69b3	or	x19,x24,x26	 x24:0x00000000 x26:0x80000000 x19=0x80000000
         885000	        87	8000013c	00dc39b3	sltu	x19,x24,x13	 x24:0x00000000 x13:0x80000000 x19=0x00000001
         895000	        88	80000140	01e87d33	and	x26,x16,x30	 x16:0x00000000 x30:0xf175074d x26=0x00000000
         905000	        89	80000144	008a08a3	sb	x8,17(x20)	 x20:0x80008397  x8:0x00000001 PA:0x800083a8
         915000	        90	80000148	b1a40c13	addi	x24,x8,-1254	  x8:0x00000001 x24=0xfffffb1b
         925000	        91	8000014c	013c4833	xor	x16,x24,x19	 x24:0xfffffb1b x19:0x00000001 x16=0xfffffb1a
         935000	        92	80000150	03fa1803	lh	x16,63(x20)	 x20:0x80008397 x16=0x00000000 PA:0x800083d6
         945000	        93	80000154	02aa4803	lbu	x16,42(x20)	 x20:0x80008397 x16=0x00000000 PA:0x800083c1
         955000	        94	80000158	fe3a1803	lh	x16,-29(x20)	 x20:0x80008397 x16=0x00000000 PA:0x8000837a
         965000	        95	8000015c	002a4603	lbu	x12,2(x20)	 x20:0x80008397 x12=0x00000000 PA:0x80008399
         975000	        96	80000160	00a9bf33	sltu	x30,x19,x10	 x19:0x00000001 x10:0x80000000 x30=0x00000001
         985000	        97	80000164	fb2ee793	ori	x15,x29,-78	 x29:0x00000004 x15=0xffffffb6
         995000	        98	80000168	fe7a6793	ori	x15,x20,-25	 x20:0x80008397 x15=0xfffffff7
        1005000	        99	8000016c	002a4b03	lbu	x22,2(x20)	 x20:0x80008397 x22=0x00000000 PA:0x80008399
        1015000	       100	80000170	00cc1433	sll	x8,x24,x12	 x24:0xfffffb1b x12:0x00000000  x8=0xfffffb1b
        1025000	       101	80000174	ff6a4503	lbu	x10,-10(x20)	 x20:0x80008397 x10=0x00000000 PA:0x8000838d
        1035000	       102	80000178	ff8a28a3	sw	x24,-15(x20)	 x20:0x80008397 x24:0xfffffb1b PA:0x80008388
        1045000	       103	8000017c	ff7a0d03	lb	x26,-9(x20)	 x20:0x80008397 x26=0x00000000 PA:0x8000838e
        1055000	       104	80000180	fe8a0183	lb	x3,-24(x20)	 x20:0x80008397  x3=0x00000000 PA:0x8000837f
        1065000	       105	80000184	03aa4503	lbu	x10,58(x20)	 x20:0x80008397 x10=0x00000000 PA:0x800083d1
        1075000	       106	80000188	fc0a00a3	sb	x0,-63(x20)	 x20:0x80008397  x0:0x00000000 PA:0x80008358
        1085000	       107	8000018c	fcaa4503	lbu	x10,-54(x20)	 x20:0x80008397 x10=0x00000000 PA:0x80008361
        1095000	       108	80000190	006fd933	srl	x18,x31,x6	 x31:0x00000000  x6:0xd54c97b9 x18=0x00000000
        1105000	       109	80000194	039a0003	lb	x0,57(x20)	 x20:0x80008397 PA:0x800083d0
        1115000	       110	80000198	0189f533	and	x10,x19,x24	 x19:0x00000001 x24:0xfffffb1b x10=0x00000001
        1125000	       111	8000019c	03fa20a3	sw	x31,33(x20)	 x20:0x80008397 x31:0x00000000 PA:0x800083b8
        1135000	       112	800001a0	401b5213	srai	x4,x22,0x1	 x22:0x00000000  x4=0x00000000
        1145000	       113	800001a4	92182193	slti	x3,x16,-1759	 x16:0x00000000  x3=0x00000000
        1155000	       114	800001a8	46394493	xori	x9,x18,1123	 x18:0x00000000  x9=0x00000463
        1165000	       115	800001ac	02ba1583	lh	x11,43(x20)	 x20:0x80008397 x11=0x00000000 PA:0x800083c2
        1175000	       116	800001b0	011a5303	lhu	x6,17(x20)	 x20:0x80008397  x6=0x00000001 PA:0x800083a8
        1185000	       117	800001b4	01423c33	sltu	x24,x4,x20	  x4:0x00000000 x20:0x80008397 x24=0x00000001
        1195000	       118	800001b8	00d0dc13	srli	x24,x1,0xd	  x1:0x80000000 x24=0x00040000
        1205000	       119	800001bc	00fa19a3	sh	x15,19(x20)	 x20:0x80008397 x15:0xfffffff7 PA:0x800083aa
        1215000	       120	800001c0	ff2a4503	lbu	x10,-14(x20)	 x20:0x80008397 x10=0x000000fb PA:0x80008389
        1225000	       121	800001c4	027a0fa3	sb	x7,63(x20)	 x20:0x80008397  x7:0x00000000 PA:0x800083d6
        1235000	       122	800001c8	030a13a3	sh	x16,39(x20)	 x20:0x80008397 x16:0x00000000 PA:0x800083be
        1245000	       123	800001cc	fdfa18a3	sh	x31,-47(x20)	 x20:0x80008397 x31:0x00000000 PA:0x80008368
        1255000	       124	800001d0	006a0883	lb	x17,6(x20)	 x20:0x80008397 x17=0x00000000 PA:0x8000839d
        1265000	       125	800001d4	015ad513	srli	x10,x21,0x15	 x21:0x00000000 x10=0x00000000
        1275000	       126	800001d8	8755cd93	xori	x27,x11,-1931	 x11:0x00000000 x27=0xfffff875
        1285000	       127	800001dc	0166c3b3	xor	x7,x13,x22	 x13:0x80000000 x22:0x00000000  x7=0x80000000
        1295000	       128	800001e0	039a1883	lh	x17,57(x20)	 x20:0x80008397 x17=0x00000000 PA:0x800083d0
        1305000	       129	800001e4	038a4383	lbu	x7,56(x20)	 x20:0x80008397  x7=0x00000000 PA:0x800083cf
        1315000	       130	800001e8	00008c17	auipc	x24,0x8	 x24=0x800081e4
        1325000	       131	800001ec	282c0c13	addi	x24,x24,642	 x24:0x800081e4 x24=0x80008466
        1335000	       132	800001f0	00cc4f03	lbu	x30,12(x24)	 x24:0x80008466 x30=0x00000000 PA:0x80008472
        1345000	       133	800001f4	ffbc0e83	lb	x29,-5(x24)	 x24:0x80008466 x29=0x00000000 PA:0x80008461
        1355000	       134	800001f8	40a95033	sra	x0,x18,x10	 x18:0x00000000 x10:0x00000000
        1365000	       135	800001fc	fb0c0423	sb	x16,-88(x24)	 x24:0x80008466 x16:0x00000000 PA:0x8000840e
        1375000	       136	80000200	41e509b3	sub	x19,x10,x30	 x10:0x00000000 x30:0x00000000 x19=0x00000000
        1385000	       137	80000204	014542b3	xor	x5,x10,x20	 x10:0x00000000 x20:0x80008397  x5=0x80008397
        1395000	       138	80000208	f62c0683	lb	x13,-158(x24)	 x24:0x80008466 x13=0x00000000 PA:0x800083c8
        1405000	       139	8000020c	f02c0523	sb	x2,-246(x24)	 x24:0x80008466  x2:0x80009f84 PA:0x80008370
        1415000	       140	80000210	0ebc0783	lb	x15,235(x24)	 x24:0x80008466 x15=0x00000000 PA:0x80008551
        1425000	       141	80000214	01ba9833	sll	x16,x21,x27	 x21:0x00000000 x27:0xfffff875 x16=0x00000000
        1435000	       142	80000218	0a1c0a23	sb	x1,180(x24)	 x24:0x80008466  x1:0x80000000 PA:0x8000851a
        1445000	       143	8000021c	de1933b7	lui	x7,0xde193	  x7=0xde193000
        1455000	       144	80000220	ff9c08a3	sb	x25,-15(x24)	 x24:0x80008466 x25:0x80009fc4 PA:0x80008457
        1465000	       145	80000224	f7cc0a03	lb	x20,-132(x24)	 x24:0x80008466 x20=0x00000000 PA:0x800083e2
        1475000	       146	00000000	00000013	addi	x0,x0,0	  x0:0x00000000
        1485000	       147	80000228	ff406193	ori	x3,x0,-12	  x0:0x00000000  x3=0xfffffff4
        1495000	       148	8000022c	00cac233	xor	x4,x21,x12	 x21:0x00000000 x12:0x00000000  x4=0x00000000
        1505000	       149	80000230	4021ddb3	sra	x27,x3,x2	  x3:0xfffffff4  x2:0x80009f84 x27=0xffffffff
        1515000	       150	80000234	fe0c1d23	sh	x0,-6(x24)	 x24:0x80008466  x0:0x00000000 PA:0x80008460
        1525000	       151	80000238	4f418593	addi	x11,x3,1268	  x3:0xfffffff4 x11=0x000004e8
        1535000	       152	8000023c	08cc5d03	lhu	x26,140(x24)	 x24:0x80008466 x26=0x00000000 PA:0x800084f2
        1545000	       153	80000240	f0bc0f23	sb	x11,-226(x24)	 x24:0x80008466 x11:0x000004e8 PA:0x80008384
        1555000	       154	80000244	407d0633	sub	x12,x26,x7	 x26:0x00000000  x7:0xde193000 x12=0x21e6d000
        1565000	       155	80000248	00161513	slli	x10,x12,0x1	 x12:0x21e6d000 x10=0x43cda000
        1575000	       156	8000024c	fa3c0383	lb	x7,-93(x24)	 x24:0x80008466  x7=0x00000000 PA:0x80008409
        1585000	       157	80000250	40e98833	sub	x16,x19,x14	 x19:0x00000000 x14:0xbaa43b78 x16=0x455bc488
        1595000	       158	80000254	00805493	srli	x9,x0,0x8	  x0:0x00000000  x9=0x00000000
        1605000	       159	80000258	f1dc0583	lb	x11,-227(x24)	 x24:0x80008466 x11=0x00000000 PA:0x80008383
        1615000	       160	8000025c	00120633	add	x12,x4,x1	  x4:0x00000000  x1:0x80000000 x12=0x80000000
        1625000	       161	80000260	fb2c2b23	sw	x18,-74(x24)	 x24:0x80008466 x18:0x00000000 PA:0x8000841c
        1635000	       162	80000264	00008497	auipc	x9,0x8	  x9=0x80008260
        1645000	       163	80000268	18748493	addi	x9,x9,391	  x9:0x80008260  x9=0x800083e7
        1655000	       164	8000026c	f8948403	lb	x8,-119(x9)	  x9:0x800083e7  x8=0xffffff84 PA:0x80008370
        1665000	       165	80000270	28c4c183	lbu	x3,652(x9)	  x9:0x800083e7  x3=0x00000000 PA:0x80008673
        1675000	       166	80000274	e56493a3	sh	x22,-441(x9)	  x9:0x800083e7 x22:0x00000000 PA:0x8000822e
        1685000	       167	80000278	55dda513	slti	x10,x27,1373	 x27:0xffffffff x10=0x00000001
        1695000	       168	8000027c	40300eb3	sub	x29,x0,x3	  x0:0x00000000  x3:0x00000000 x29=0x00000000
        1705000	       169	80000280	12ec0037	lui	x0,0x12ec0	
        1715000	       170	80000284	8cba1297	auipc	x5,0x8cba1	  x5=0x0cba1280
        1725000	       171	80000288	01c0c833	xor	x16,x1,x28	  x1:0x80000000 x28:0xfe792c17 x16=0x7e792c17
        1735000	       172	8000028c	f82491a3	sh	x2,-125(x9)	  x9:0x800083e7  x2:0x80009f84 PA:0x8000836a
        1745000	       173	80000290	01ef96b3	sll	x13,x31,x30	 x31:0x00000000 x30:0x00000000 x13=0x00000000
        1755000	       174	80000294	13848503	lb	x10,312(x9)	  x9:0x800083e7 x10=0x00000000 PA:0x8000851f
        1765000	       175	80000298	d66483a3	sb	x6,-665(x9)	  x9:0x800083e7  x6:0x00000001 PA:0x8000814e
        1775000	       176	8000029c	42b4df83	lhu	x31,1067(x9)	  x9:0x800083e7 x31=0x00000000 PA:0x80008812
        1785000	       177	800002a0	008c5633	srl	x12,x24,x8	 x24:0x80008466  x8:0xffffff84 x12=0x08000846
        1795000	       178	800002a4	0164c383	lbu	x7,22(x9)	  x9:0x800083e7  x7=0x00000000 PA:0x800083fd
        1805000	       179	800002a8	2c648aa3	sb	x6,725(x9)	  x9:0x800083e7  x6:0x00000001 PA:0x800086bc
        1815000	       180	800002ac	007981b3	add	x3,x19,x7	 x19:0x00000000  x7:0x00000000  x3=0x00000000
        1825000	       181	800002b0	e8d48e03	lb	x28,-371(x9)	  x9:0x800083e7 x28=0x00000000 PA:0x80008274
        1835000	       182	800002b4	53abe993	ori	x19,x23,1338	 x23:0x00000000 x19=0x0000053a
        1845000	       183	800002b8	2257ca93	xori	x21,x15,549	 x15:0x00000000 x21=0x00000225
        1855000	       184	800002bc	16348503	lb	x10,355(x9)	  x9:0x800083e7 x10=0x00000000 PA:0x8000854a
        1865000	       185	800002c0	2a14c283	lbu	x5,673(x9)	  x9:0x800083e7  x5=0x00000000 PA:0x80008688
        1875000	       186	800002c4	130bf793	andi	x15,x23,304	 x23:0x00000000 x15=0x00000000
        1885000	       187	800002c8	6fb2a693	slti	x13,x5,1787	  x5:0x00000000 x13=0x00000001
        1895000	       188	800002cc	d3748323	sb	x23,-730(x9)	  x9:0x800083e7 x23:0x00000000 PA:0x8000810d
        1905000	       189	800002d0	01825933	srl	x18,x4,x24	  x4:0x00000000 x24:0x80008466 x18=0x00000000
        1915000	       190	800002d4	002b5833	srl	x16,x22,x2	 x22:0x00000000  x2:0x80009f84 x16=0x00000000
        1925000	       191	800002d8	002448b3	xor	x17,x8,x2	  x8:0xffffff84  x2:0x80009f84 x17=0x7fff6000
        1935000	       192	800002dc	cc348603	lb	x12,-829(x9)	  x9:0x800083e7 x12=0x00000000 PA:0x800080aa
        1945000	       193	800002e0	f4148a03	lb	x20,-191(x9)	  x9:0x800083e7 x20=0x00000000 PA:0x80008328
        1955000	       194	800002e4	35949783	lh	x15,857(x9)	  x9:0x800083e7 x15=0x00000000 PA:0x80008740
        1965000	       195	800002e8	10748b83	lb	x23,263(x9)	  x9:0x800083e7 x23=0x00000000 PA:0x800084ee
        1975000	       196	800002ec	4116d0b3	sra	x1,x13,x17	 x13:0x00000001 x17:0x7fff6000  x1=0x00000001
        1985000	       197	800002f0	fe648b23	sb	x6,-10(x9)	  x9:0x800083e7  x6:0x00000001 PA:0x800083dd
        1995000	       198	800002f4	00000013	addi	x0,x0,0	  x0:0x00000000
        2005000	       199	800002f8	38ef73b7	lui	x7,0x38ef7	  x7=0x38ef7000
        2015000	       200	800002fc	6610f093	andi	x1,x1,1633	  x1:0x00000001  x1=0x00000001
        2025000	       201	80000300	47c0b013	sltiu	x0,x1,1148	  x1:0x00000001
        2035000	       202	80000304	dba48fa3	sb	x26,-577(x9)	  x9:0x800083e7 x26:0x00000000 PA:0x800081a6
        2045000	       203	80000308	ffc490a3	sh	x28,-31(x9)	  x9:0x800083e7 x28:0x00000000 PA:0x800083c8
        2055000	       204	8000030c	e2b49003	lh	x0,-469(x9)	  x9:0x800083e7 PA:0x80008212
        2065000	       205	80000310	41618933	sub	x18,x3,x22	  x3:0x00000000 x22:0x00000000 x18=0x00000000
        2075000	       206	80000314	0176ff33	and	x30,x13,x23	 x13:0x00000001 x23:0x00000000 x30=0x00000000
        2085000	       207	80000318	00e749b3	xor	x19,x14,x14	 x14:0xbaa43b78 x14:0xbaa43b78 x19=0x00000000
        2095000	       208	8000031c	21248003	lb	x0,530(x9)	  x9:0x800083e7 PA:0x800085f9
        2105000	       209	80000320	01431293	slli	x5,x6,0x14	  x6:0x00000001  x5=0x00100000
        2115000	       210	80000324	0171c7b3	xor	x15,x3,x23	  x3:0x00000000 x23:0x00000000 x15=0x00000000
        2125000	       211	80000328	4024cf03	lbu	x30,1026(x9)	  x9:0x800083e7 x30=0x00000000 PA:0x800087e9
        2135000	       212	8000032c	16848683	lb	x13,360(x9)	  x9:0x800083e7 x13=0x00000000 PA:0x8000854f
        2145000	       213	80000330	d9d4ce03	lbu	x28,-611(x9)	  x9:0x800083e7 x28=0x00000000 PA:0x80008184
        2155000	       214	80000334	0398f463	bgeu	x17,x25,8000035c	 x17:0x7fff6000 x25:0x80009fc4
        2165000	       215	80000338	01e67633	and	x12,x12,x30	 x12:0x00000000 x30:0x00000000 x12=0x00000000
        2175000	       216	8000033c	01d4d813	srli	x16,x9,0x1d	  x9:0x800083e7 x16=0x00000004
        2185000	       217	80000340	951a6913	ori	x18,x20,-1711	 x20:0x00000000 x18=0xfffff951
        2195000	       218	80000344	0190a6b3	slt	x13,x1,x25	  x1:0x00000001 x25:0x80009fc4 x13=0x00000000
        2205000	       219	80000348	0018d433	srl	x8,x17,x1	 x17:0x7fff6000  x1:0x00000001  x8=0x3fffb000
        2215000	       220	8000034c	01979c13	slli	x24,x15,0x19	 x15:0x00000000 x24=0x00000000
        2225000	       221	80000350	015e9213	slli	x4,x29,0x15	 x29:0x00000000  x4=0x00000000
        2235000	       222	80000354	f3f46593	ori	x11,x8,-193	  x8:0x3fffb000 x11=0xffffff3f
        2245000	       223	80000358	00624d33	xor	x26,x4,x6	  x4:0x00000000  x6:0x00000001 x26=0x00000001
        2255000	       224	8000035c	79a3e993	ori	x19,x7,1946	  x7:0x38ef7000 x19=0x38ef779a
        2265000	       225	80000360	035c1e63	bne	x24,x21,8000039c	 x24:0x00000000 x21:0x00000225
        2275000	       226	00000000	00000013	addi	x0,x0,0	  x0:0x00000000
        2285000	       227	80000398	00000013	addi	x0,x0,0	  x0:0x00000000
        2295000	       228	8000039c	000b37b3	sltu	x15,x22,x0	 x22:0x00000000  x0:0x00000000 x15=0x00000000
        2305000	       229	800003a0	01af1863	bne	x30,x26,800003b0	 x30:0x00000000 x26:0x00000001
        2315000	       230	00000000	00000013	addi	x0,x0,0	  x0:0x00000000
        2325000	       231	800003ac	00000013	addi	x0,x0,0	  x0:0x00000000
        2335000	       232	800003b0	2b3fbe13	sltiu	x28,x31,691	 x31:0x00000000 x28=0x00000001
        2345000	       233	800003b4	04b50463	beq	x10,x11,800003fc	 x10:0x00000000 x11:0xffffff3f
        2355000	       234	800003b8	04b78463	beq	x15,x11,80000400	 x15:0x00000000 x11:0xffffff3f
        2365000	       235	800003bc	0063ce63	blt	x7,x6,800003d8	  x7:0x38ef7000  x6:0x00000001
        2375000	       236	800003c0	41c2de13	srai	x28,x5,0x1c	  x5:0x00100000 x28=0x00000000
        2385000	       237	800003c4	05775263	bge	x14,x23,80000408	 x14:0xbaa43b78 x23:0x00000000
        2395000	       238	800003c8	0008a333	slt	x6,x17,x0	 x17:0x7fff6000  x0:0x00000000  x6=0x00000000
        2405000	       239	800003cc	01b33d33	sltu	x26,x6,x27	  x6:0x00000000 x27:0xffffffff x26=0x00000001
        2415000	       240	800003d0	000f4e63	blt	x30,x0,800003ec	 x30:0x00000000  x0:0x00000000
        2425000	       241	800003d4	009e9993	slli	x19,x29,0x9	 x29:0x00000000 x19=0x00000000
        2435000	       242	800003d8	00f65a93	srli	x21,x12,0xf	 x12:0x00000000 x21=0x00000000
        2445000	       243	800003dc	0194ca63	blt	x9,x25,800003f0	  x9:0x800083e7 x25:0x80009fc4
        2455000	       244	00000000	00000013	addi	x0,x0,0	  x0:0x00000000
        2465000	       245	800003ec	00000013	addi	x0,x0,0	  x0:0x00000000
        2475000	       246	800003f0	40f9df93	srai	x31,x19,0xf	 x19:0x00000000 x31=0x00000000
        2485000	       247	800003f4	0027cfb3	xor	x31,x15,x2	 x15:0x00000000  x2:0x80009f84 x31=0x80009f84
        2495000	       248	800003f8	0324c863	blt	x9,x18,80000428	  x9:0x800083e7 x18:0xfffff951
        2505000	       249	00000000	00000013	addi	x0,x0,0	  x0:0x00000000
        2515000	       250	80000424	00000013	addi	x0,x0,0	  x0:0x00000000
        2525000	       251	80000428	013d0a33	add	x20,x26,x19	 x26:0x00000001 x19:0x00000000 x20=0x00000001
        2535000	       252	8000042c	41a85b13	srai	x22,x16,0x1a	 x16:0x00000004 x22=0x00000000
        2545000	       253	80000430	012ab433	sltu	x8,x21,x18	 x21:0x00000000 x18:0xfffff951  x8=0x00000001
        2555000	       254	80000434	40ed06b3	sub	x13,x26,x14	 x26:0x00000001 x14:0xbaa43b78 x13=0x455bc489
        2565000	       255	80000438	019d9e13	slli	x28,x27,0x19	 x27:0xffffffff x28=0xfe000000
        2575000	       256	8000043c	009b6233	or	x4,x22,x9	 x22:0x00000000  x9:0x800083e7  x4=0x800083e7
        2585000	       257	80000440	01a17b33	and	x22,x2,x26	  x2:0x80009f84 x26:0x00000001 x22=0x00000000
        2595000	       258	80000444	b5d8a413	slti	x8,x17,-1187	 x17:0x7fff6000  x8=0x00000000
        2605000	       259	80000448	018b2533	slt	x10,x22,x24	 x22:0x00000000 x24:0x00000000 x10=0x00000000
        2615000	       260	8000044c	00a01e63	bne	x0,x10,80000468	  x0:0x00000000 x10:0x00000000
        2625000	       261	80000450	00fe9863	bne	x29,x15,80000460	 x29:0x00000000 x15:0x00000000
        2635000	       262	80000454	4cc66813	ori	x16,x12,1228	 x12:0x00000000 x16=0x000004cc
        2645000	       263	80000458	41b451b3	sra	x3,x8,x27	  x8:0x00000000 x27:0xffffffff  x3=0x00000000
        2655000	       264	8000045c	414dd613	srai	x12,x27,0x14	 x27:0xffffffff x12=0xffffffff
        2665000	       265	80000460	f30b3593	sltiu	x11,x22,-208	 x22:0x00000000 x11=0x00000001
        2675000	       266	80000464	02189263	bne	x17,x1,80000488	 x17:0x7fff6000  x1:0x00000001
        2685000	       267	00000000	00000013	addi	x0,x0,0	  x0:0x00000000
        2695000	       268	80000484	00000013	addi	x0,x0,0	  x0:0x00000000
        2705000	       269	80000488	00dda9b3	slt	x19,x27,x13	 x27:0xffffffff x13:0x455bc489 x19=0x00000001
        2715000	       270	8000048c	4855dfb7	lui	x31,0x4855d	 x31=0x4855d000
        2725000	       271	80000490	01d556b3	srl	x13,x10,x29	 x10:0x00000000 x29:0x00000000 x13=0x00000000
        2735000	       272	80000494	00180eb3	add	x29,x16,x1	 x16:0x000004cc  x1:0x00000001 x29=0x000004cd
        2745000	       273	80000498	41778333	sub	x6,x15,x23	 x15:0x00000000 x23:0x00000000  x6=0x00000000
        2755000	       274	8000049c	8ea77093	andi	x1,x14,-1814	 x14:0xbaa43b78  x1=0xbaa43868
        2765000	       275	800004a0	011533b3	sltu	x7,x10,x17	 x10:0x00000000 x17:0x7fff6000  x7=0x00000001
        2775000	       276	800004a4	00374c33	xor	x24,x14,x3	 x14:0xbaa43b78  x3:0x00000000 x24=0xbaa43b78
        2785000	       277	800004a8	41f38eb3	sub	x29,x7,x31	  x7:0x00000001 x31:0x4855d000 x29=0xb7aa3001
        2795000	       278	800004ac	00e3f1b3	and	x3,x7,x14	  x7:0x00000001 x14:0xbaa43b78  x3=0x00000000
        2805000	       279	800004b0	54cb2393	slti	x7,x22,1356	 x22:0x00000000  x7=0x00000001
        2815000	       280	800004b4	009117b3	sll	x15,x2,x9	  x2:0x80009f84  x9:0x800083e7 x15=0x004fc200
        2825000	       281	800004b8	00000013	addi	x0,x0,0	  x0:0x00000000
        2835000	       282	800004bc	40c4d0b3	sra	x1,x9,x12	  x9:0x800083e7 x12:0xffffffff  x1=0xffffffff
        2845000	       283	800004c0	00a02d33	slt	x26,x0,x10	  x0:0x00000000 x10:0x00000000 x26=0x00000000
        2855000	       284	800004c4	021b0a63	beq	x22,x1,800004f8	 x22:0x00000000  x1:0xffffffff
        2865000	       285	800004c8	012eaeb3	slt	x29,x29,x18	 x29:0xb7aa3001 x18:0xfffff951 x29=0x00000001
        2875000	       286	800004cc	e8366a93	ori	x21,x12,-381	 x12:0xffffffff x21=0xffffffff
        2885000	       287	800004d0	a68bff13	andi	x30,x23,-1432	 x23:0x00000000 x30=0x00000000
        2895000	       288	800004d4	05d1d863	bge	x3,x29,80000524	  x3:0x00000000 x29:0x00000001
        2905000	       289	800004d8	2a5a0b13	addi	x22,x20,677	 x20:0x00000001 x22=0x000002a6
        2915000	       290	800004dc	a871cd93	xori	x27,x3,-1401	  x3:0x00000000 x27=0xfffffa87
        2925000	       291	800004e0	d7afb193	sltiu	x3,x31,-646	 x31:0x4855d000  x3=0x00000001
        2935000	       292	800004e4	77493913	sltiu	x18,x18,1908	 x18:0xfffff951 x18=0x00000000
        2945000	       293	800004e8	001924b3	slt	x9,x18,x1	 x18:0x00000000  x1:0xffffffff  x9=0x00000000
        2955000	       294	800004ec	00000013	addi	x0,x0,0	  x0:0x00000000
        2965000	       295	800004f0	02e34463	blt	x6,x14,80000518	  x6:0x00000000 x14:0xbaa43b78
        2975000	       296	800004f4	00246f33	or	x30,x8,x2	  x8:0x00000000  x2:0x80009f84 x30=0x80009f84
        2985000	       297	800004f8	01cb4eb3	xor	x29,x22,x28	 x22:0x000002a6 x28:0xfe000000 x29=0xfe0002a6
        2995000	       298	800004fc	b0f1e7b7	lui	x15,0xb0f1e	 x15=0xb0f1e000
        3005000	       299	80000500	407e5613	srai	x12,x28,0x7	 x28:0xfe000000 x12=0xfffc0000
        3015000	       300	80000504	01809a93	slli	x21,x1,0x18	  x1:0xffffffff x21=0xff000000
        3025000	       301	80000508	009a7e63	bgeu	x20,x9,80000524	 x20:0x00000001  x9:0x00000000
        3035000	       302	00000000	00000013	addi	x0,x0,0	  x0:0x00000000
        3045000	       303	80000520	00000013	addi	x0,x0,0	  x0:0x00000000
        3055000	       304	80000524	4106ddb3	sra	x27,x13,x16	 x13:0x00000000 x16:0x000004cc x27=0x00000000
        3065000	       305	80000528	03d2c063	blt	x5,x29,80000548	  x5:0x00100000 x29:0xfe0002a6
        3075000	       306	8000052c	cb923313	sltiu	x6,x4,-839	  x4:0x800083e7  x6=0x00000001
        3085000	       307	80000530	01708db3	add	x27,x1,x23	  x1:0xffffffff x23:0x00000000 x27=0xffffffff
        3095000	       308	80000534	00c776b3	and	x13,x14,x12	 x14:0xbaa43b78 x12:0xfffc0000 x13=0xbaa40000
        3105000	       309	80000538	00a0e263	bltu	x1,x10,8000053c	  x1:0xffffffff x10:0x00000000
        3115000	       310	8000053c	01340433	add	x8,x8,x19	  x8:0x00000000 x19:0x00000001  x8=0x00000001
        3125000	       311	80000540	00c96333	or	x6,x18,x12	 x18:0x00000000 x12:0xfffc0000  x6=0xfffc0000
        3135000	       312	80000544	01353033	sltu	x0,x10,x19	 x10:0x00000000 x19:0x00000001
        3145000	       313	80000548	00845463	bge	x8,x8,80000550	  x8:0x00000001  x8:0x00000001
        3155000	       314	00000000	00000013	addi	x0,x0,0	  x0:0x00000000
        3165000	       315	8000054c	00000013	addi	x0,x0,0	  x0:0x00000000
        3175000	       316	80000550	00089c33	sll	x24,x17,x0	 x17:0x7fff6000  x0:0x00000000 x24=0x7fff6000
        3185000	       317	80000554	0162b3b3	sltu	x7,x5,x22	  x5:0x00100000 x22:0x000002a6  x7=0x00000000
        3195000	       318	80000558	bd7b3893	sltiu	x17,x22,-1065	 x22:0x000002a6 x17=0x00000001
        3205000	       319	8000055c	00851033	sll	x0,x10,x8	 x10:0x00000000  x8:0x00000001
        3215000	       320	80000560	b3544613	xori	x12,x8,-1227	  x8:0x00000001 x12=0xfffffb34
        3225000	       321	80000564	67990193	addi	x3,x18,1657	 x18:0x00000000  x3=0x00000679
        3235000	       322	80000568	0beb0013	addi	x0,x22,190	 x22:0x000002a6
        3245000	       323	8000056c	01477c33	and	x24,x14,x20	 x14:0xbaa43b78 x20:0x00000001 x24=0x00000000
        3255000	       324	80000570	01079263	bne	x15,x16,80000574	 x15:0xb0f1e000 x16:0x000004cc
        3265000	       325	00000000	00000013	addi	x0,x0,0	  x0:0x00000000
        3275000	       326	80000570	00000013	addi	x0,x0,0	  x0:0x00000000
        3285000	       327	80000574	019e1db3	sll	x27,x28,x25	 x28:0xfe000000 x25:0x80009fc4 x27=0xe0000000
        3295000	       328	80000578	e98bad13	slti	x26,x23,-360	 x23:0x00000000 x26=0x00000000
        3305000	       329	8000057c	fd9af893	andi	x17,x21,-39	 x21:0xff000000 x17=0xff000000
        3315000	       330	80000580	00000013	addi	x0,x0,0	  x0:0x00000000
        3325000	       331	80000584	02599063	bne	x19,x5,800005a4	 x19:0x00000001  x5:0x00100000
        3335000	       332	00000000	00000013	addi	x0,x0,0	  x0:0x00000000
        3345000	       333	800005a0	00000013	addi	x0,x0,0	  x0:0x00000000
        3355000	       334	800005a4	92d71417	auipc	x8,0x92d71	  x8=0x12d715a0
        3365000	       335	800005a8	01f78db3	add	x27,x15,x31	 x15:0xb0f1e000 x31:0x4855d000 x27=0xf947b000
        3375000	       336	800005ac	ec90bd93	sltiu	x27,x1,-311	  x1:0xffffffff x27=0x00000000
        3385000	       337	800005b0	41445f93	srai	x31,x8,0x14	  x8:0x12d715a0 x31=0x0000012d
        3395000	       338	800005b4	01930db3	add	x27,x6,x25	  x6:0xfffc0000 x25:0x80009fc4 x27=0x7ffc9fc4
        3405000	       339	800005b8	0132c863	blt	x5,x19,800005c8	  x5:0x00100000 x19:0x00000001
        3415000	       340	800005bc	00f61463	bne	x12,x15,800005c4	 x12:0xfffffb34 x15:0xb0f1e000
        3425000	       341	00000000	00000013	addi	x0,x0,0	  x0:0x00000000
        3435000	       342	800005c0	00000013	addi	x0,x0,0	  x0:0x00000000
        3445000	       343	800005c4	00000013	addi	x0,x0,0	  x0:0x00000000
        3455000	       344	800005c8	046b9463	bne	x23,x6,80000610	 x23:0x00000000  x6:0xfffc0000
        3465000	       345	00000000	00000013	addi	x0,x0,0	  x0:0x00000000
        3475000	       346	8000060c	00000013	addi	x0,x0,0	  x0:0x00000000
        3485000	       347	80000610	409cd5b3	sra	x11,x25,x9	 x25:0x80009fc4  x9:0x00000000 x11=0x80009fc4
        3495000	       348	80000614	00685533	srl	x10,x16,x6	 x16:0x000004cc  x6:0xfffc0000 x10=0x000004cc
        3505000	       349	80000618	6f47a513	slti	x10,x15,1780	 x15:0xb0f1e000 x10=0x00000001
        3515000	       350	8000061c	01ce7db3	and	x27,x28,x28	 x28:0xfe000000 x28:0xfe000000 x27=0xfe000000
        3525000	       351	80000620	146db613	sltiu	x12,x27,326	 x27:0xfe000000 x12=0x00000000
        3535000	       352	80000624	01871633	sll	x12,x14,x24	 x14:0xbaa43b78 x24:0x00000000 x12=0xbaa43b78
        3545000	       353	80000628	bf1ae513	ori	x10,x21,-1039	 x21:0xff000000 x10=0xfffffbf1
        3555000	       354	8000062c	412cd833	sra	x16,x25,x18	 x25:0x80009fc4 x18:0x00000000 x16=0x80009fc4
        3565000	       355	80000630	409c84b3	sub	x9,x25,x9	 x25:0x80009fc4  x9:0x00000000  x9=0x80009fc4
        3575000	       356	80000634	ad890a13	addi	x20,x18,-1320	 x18:0x00000000 x20=0xfffffad8
        3585000	       357	80000638	41e9d233	sra	x4,x19,x30	 x19:0x00000001 x30:0x80009f84  x4=0x00000000
        3595000	       358	8000063c	0065f663	bgeu	x11,x6,80000648	 x11:0x80009fc4  x6:0xfffc0000
        3605000	       359	80000640	3e737813	andi	x16,x6,999	  x6:0xfffc0000 x16=0x00000000
        3615000	       360	80000644	00700a63	beq	x0,x7,80000658	  x0:0x00000000  x7:0x00000000
        3625000	       361	00000000	00000013	addi	x0,x0,0	  x0:0x00000000
        3635000	       362	80000654	00000013	addi	x0,x0,0	  x0:0x00000000
        3645000	       363	80000658	59a94093	xori	x1,x18,1434	 x18:0x00000000  x1=0x0000059a
        3655000	       364	8000065c	01158e63	beq	x11,x17,80000678	 x11:0x80009fc4 x17:0xff000000
        3665000	       365	80000660	039e8263	beq	x29,x25,80000684	 x29:0xfe0002a6 x25:0x80009fc4
        3675000	       366	80000664	0f2a6793	ori	x15,x20,242	 x20:0xfffffad8 x15=0xfffffafa
        3685000	       367	80000668	01ad1993	slli	x19,x26,0x1a	 x26:0x00000000 x19=0x00000000
        3695000	       368	8000066c	0152a8b3	slt	x17,x5,x21	  x5:0x00100000 x21:0xff000000 x17=0x00000000
        3705000	       369	80000670	02481063	bne	x16,x4,80000690	 x16:0x00000000  x4:0x00000000
        3715000	       370	80000674	03eb9a63	bne	x23,x30,800006a8	 x23:0x00000000 x30:0x80009f84
        3725000	       371	00000000	00000013	addi	x0,x0,0	  x0:0x00000000
        3735000	       372	800006a4	00000013	addi	x0,x0,0	  x0:0x00000000
        3745000	       373	800006a8	02707463	bgeu	x0,x7,800006d0	  x0:0x00000000  x7:0x00000000
        3755000	       374	00000000	00000013	addi	x0,x0,0	  x0:0x00000000
        3765000	       375	800006cc	00000013	addi	x0,x0,0	  x0:0x00000000
        3775000	       376	800006d0	0b1e7513	andi	x10,x28,177	 x28:0xfe000000 x10=0x00000000
        3785000	       377	800006d4	01145433	srl	x8,x8,x17	  x8:0x12d715a0 x17:0x00000000  x8=0x12d715a0
        3795000	       378	800006d8	035e0463	beq	x28,x21,80000700	 x28:0xfe000000 x21:0xff000000
        3805000	       379	800006dc	0086dbb3	srl	x23,x13,x8	 x13:0xbaa40000  x8:0x12d715a0 x23=0xbaa40000
        3815000	       380	800006e0	0069a7b3	slt	x15,x19,x6	 x19:0x00000000  x6:0xfffc0000 x15=0x00000000
        3825000	       381	800006e4	007194b3	sll	x9,x3,x7	  x3:0x00000679  x7:0x00000000  x9=0x00000679
        3835000	       382	800006e8	96c60637	lui	x12,0x96c60	 x12=0x96c60000
        3845000	       383	800006ec	01d8ce63	blt	x17,x29,80000708	 x17:0x00000000 x29:0xfe0002a6
        3855000	       384	800006f0	00dabfb3	sltu	x31,x21,x13	 x21:0xff000000 x13:0xbaa40000 x31=0x00000000
        3865000	       385	800006f4	41ba0833	sub	x16,x20,x27	 x20:0xfffffad8 x27:0xfe000000 x16=0x01fffad8
        3875000	       386	800006f8	00b5f533	and	x10,x11,x11	 x11:0x80009fc4 x11:0x80009fc4 x10=0x80009fc4
        3885000	       387	800006fc	4133da13	srai	x20,x7,0x13	  x7:0x00000000 x20=0x00000000
        3895000	       388	80000700	04b49863	bne	x9,x11,80000750	  x9:0x00000679 x11:0x80009fc4
        3905000	       389	00000000	00000013	addi	x0,x0,0	  x0:0x00000000
        3915000	       390	8000074c	00000013	addi	x0,x0,0	  x0:0x00000000
        3925000	       391	80000750	7ce40313	addi	x6,x8,1998	  x8:0x12d715a0  x6=0x12d71d6e
        3935000	       392	80000754	11063d13	sltiu	x26,x12,272	 x12:0x96c60000 x26=0x00000000
        3945000	       393	80000758	0270d463	bge	x1,x7,80000780	  x1:0x0000059a  x7:0x00000000
        3955000	       394	00000000	00000013	addi	x0,x0,0	  x0:0x00000000
        3965000	       395	8000077c	00000013	addi	x0,x0,0	  x0:0x00000000
        3975000	       396	80000780	004ef8b3	and	x17,x29,x4	 x29:0xfe0002a6  x4:0x00000000 x17=0x00000000
        3985000	       397	80000784	01fe8b33	add	x22,x29,x31	 x29:0xfe0002a6 x31:0x00000000 x22=0xfe0002a6
        3995000	       398	80000788	00585413	srli	x8,x16,0x5	 x16:0x01fffad8  x8=0x000fffd6
        4005000	       399	8000078c	01f6efb3	or	x31,x13,x31	 x13:0xbaa40000 x31:0x00000000 x31=0xbaa40000
        4015000	       400	80000790	00429e63	bne	x5,x4,800007ac	  x5:0x00100000  x4:0x00000000
        4025000	       401	00000000	00000013	addi	x0,x0,0	  x0:0x00000000
        4035000	       402	800007a8	00000013	addi	x0,x0,0	  x0:0x00000000
        4045000	       403	800007ac	0c551097	auipc	x1,0xc551	  x1=0x8c5517a8
        4055000	       404	800007b0	00000013	addi	x0,x0,0	  x0:0x00000000
        4065000	       405	800007b4	005b1e63	bne	x22,x5,800007d0	 x22:0xfe0002a6  x5:0x00100000
        4075000	       406	00000000	00000013	addi	x0,x0,0	  x0:0x00000000
        4085000	       407	800007cc	00000013	addi	x0,x0,0	  x0:0x00000000
        4095000	       408	800007d0	d8b4fa13	andi	x20,x9,-629	  x9:0x00000679 x20=0x00000409
        4105000	       409	800007d4	006c2d33	slt	x26,x24,x6	 x24:0x00000000  x6:0x12d71d6e x26=0x00000001
        4115000	       410	800007d8	40f5d033	sra	x0,x11,x15	 x11:0x80009fc4 x15:0x00000000
        4125000	       411	800007dc	fb9c8597	auipc	x11,0xfb9c8	 x11=0x7b9c87d8
        4135000	       412	800007e0	c8fb3613	sltiu	x12,x22,-881	 x22:0xfe0002a6 x12=0x00000001
        4145000	       413	800007e4	03117863	bgeu	x2,x17,80000814	  x2:0x80009f84 x17:0x00000000
        4155000	       414	00000000	00000013	addi	x0,x0,0	  x0:0x00000000
        4165000	       415	80000810	00000013	addi	x0,x0,0	  x0:0x00000000
        4175000	       416	80000814	0184ed33	or	x26,x9,x24	  x9:0x00000679 x24:0x00000000 x26=0x00000679
        4185000	       417	80000818	00d739b3	sltu	x19,x14,x13	 x14:0xbaa43b78 x13:0xbaa40000 x19=0x00000000
        4195000	       418	8000081c	005b6333	or	x6,x22,x5	 x22:0xfe0002a6  x5:0x00100000  x6=0xfe1002a6
        4205000	       419	80000820	01971093	slli	x1,x14,0x19	 x14:0xbaa43b78  x1=0xf0000000
        4215000	       420	80000824	00cffa33	and	x20,x31,x12	 x31:0xbaa40000 x12:0x00000001 x20=0x00000000
        4225000	       421	80000828	10a0e463	bltu	x1,x10,80000930	  x1:0xf0000000 x10:0x80009fc4
        4235000	       422	8000082c	00215e33	srl	x28,x2,x2	  x2:0x80009f84  x2:0x80009f84 x28=0x080009f8
        4245000	       423	80000830	0227c463	blt	x15,x2,80000858	 x15:0x00000000  x2:0x80009f84
        4255000	       424	80000834	00689d13	slli	x26,x17,0x6	 x17:0x00000000 x26=0x00000000
        4265000	       425	80000838	0051d993	srli	x19,x3,0x5	  x3:0x00000679 x19=0x00000033
        4275000	       426	8000083c	0f2b6a63	bltu	x22,x18,80000930	 x22:0xfe0002a6 x18:0x00000000
        4285000	       427	80000840	108cc063	blt	x25,x8,80000940	 x25:0x80009fc4  x8:0x000fffd6
        4295000	       428	00000000	00000013	addi	x0,x0,0	  x0:0x00000000
        4305000	       429	8000093c	00000013	addi	x0,x0,0	  x0:0x00000000
        4315000	       430	80000940	d950f013	andi	x0,x1,-619	  x1:0xf0000000
        4325000	       431	80000944	fe8f6093	ori	x1,x30,-24	 x30:0x80009f84  x1=0xffffffec
        4335000	       432	80000948	24a12c13	slti	x24,x2,586	  x2:0x80009f84 x24=0x00000001
        4345000	       433	8000094c	00dd1393	slli	x7,x26,0xd	 x26:0x00000000  x7=0x00000000
        4355000	       434	80000950	01a318b3	sll	x17,x6,x26	  x6:0xfe1002a6 x26:0x00000000 x17=0xfe1002a6
        4365000	       435	80000954	d0a06313	ori	x6,x0,-758	  x0:0x00000000  x6=0xfffffd0a
        4375000	       436	80000958	bfa9b893	sltiu	x17,x19,-1030	 x19:0x00000033 x17=0x00000001
        4385000	       437	8000095c	01ffb5b3	sltu	x11,x31,x31	 x31:0xbaa40000 x31:0xbaa40000 x11=0x00000000
        4395000	       438	80000960	010876b3	and	x13,x16,x16	 x16:0x01fffad8 x16:0x01fffad8 x13=0x01fffad8
        4405000	       439	80000964	009e4433	xor	x8,x28,x9	 x28:0x080009f8  x9:0x00000679  x8=0x08000f81
        4415000	       440	80000968	a266b693	sltiu	x13,x13,-1498	 x13:0x01fffad8 x13=0x00000001
        4425000	       441	8000096c	54a34193	xori	x3,x6,1354	  x6:0xfffffd0a  x3=0xfffff840
        4435000	       442	80000970	5396f637	lui	x12,0x5396f	 x12=0x5396f000
        4445000	       443	80000974	00b86d33	or	x26,x16,x11	 x16:0x01fffad8 x11:0x00000000 x26=0x01fffad8
        4455000	       444	80000978	000f81b3	add	x3,x31,x0	 x31:0xbaa40000  x0:0x00000000  x3=0xbaa40000
        4465000	       445	8000097c	000f6d33	or	x26,x30,x0	 x30:0x80009f84  x0:0x00000000 x26=0x80009f84
        4475000	       446	80000980	00000013	addi	x0,x0,0	  x0:0x00000000
        4485000	       447	80000984	017c9633	sll	x12,x25,x23	 x25:0x80009fc4 x23:0xbaa40000 x12=0x80009fc4
        4495000	       448	80000988	00461863	bne	x12,x4,80000998	 x12:0x80009fc4  x4:0x00000000
        4505000	       449	00000000	00000013	addi	x0,x0,0	  x0:0x00000000
        4515000	       450	80000994	00000013	addi	x0,x0,0	  x0:0x00000000
        4525000	       451	80000998	c0d6ea37	lui	x20,0xc0d6e	 x20=0xc0d6e000
        4535000	       452	8000099c	2ef0c093	xori	x1,x1,751	  x1:0xffffffec  x1=0xfffffd03
        4545000	       453	800009a0	006780b3	add	x1,x15,x6	 x15:0x00000000  x6:0xfffffd0a  x1=0xfffffd0a
        4555000	       454	800009a4	4182d8b3	sra	x17,x5,x24	  x5:0x00100000 x24:0x00000001 x17=0x00080000
        4565000	       455	800009a8	594dfe93	andi	x29,x27,1428	 x27:0xfe000000 x29=0x00000000
        4575000	       456	800009ac	ec63cd13	xori	x26,x7,-314	  x7:0x00000000 x26=0xfffffec6
        4585000	       457	800009b0	415f08b3	sub	x17,x30,x21	 x30:0x80009f84 x21:0xff000000 x17=0x81009f84
        4595000	       458	800009b4	efee7a93	andi	x21,x28,-258	 x28:0x080009f8 x21=0x080008f8
        4605000	       459	800009b8	410100b3	sub	x1,x2,x16	  x2:0x80009f84 x16:0x01fffad8  x1=0x7e00a4ac
        4615000	       460	800009bc	40db04b3	sub	x9,x22,x13	 x22:0xfe0002a6 x13:0x00000001  x9=0xfe0002a5
        4625000	       461	800009c0	02c7d063	bge	x15,x12,800009e0	 x15:0x00000000 x12:0x80009fc4
        4635000	       462	00000000	00000013	addi	x0,x0,0	  x0:0x00000000
        4645000	       463	800009dc	00000013	addi	x0,x0,0	  x0:0x00000000
        4655000	       464	800009e0	f1bfb313	sltiu	x6,x31,-229	 x31:0xbaa40000  x6=0x00000001
        4665000	       465	800009e4	02fb8263	beq	x23,x15,80000a08	 x23:0xbaa40000 x15:0x00000000
        4675000	       466	800009e8	041f8663	beq	x31,x1,80000a34	 x31:0xbaa40000  x1:0x7e00a4ac
        4685000	       467	800009ec	d1243a13	sltiu	x20,x8,-750	  x8:0x08000f81 x20=0x00000001
        4695000	       468	800009f0	023fe263	bltu	x31,x3,80000a14	 x31:0xbaa40000  x3:0xbaa40000
        4705000	       469	800009f4	41d3d193	srai	x3,x7,0x1d	  x7:0x00000000  x3=0x00000000
        4715000	       470	800009f8	acc30613	addi	x12,x6,-1332	  x6:0x00000001 x12=0xfffffacd
        4725000	       471	800009fc	40ac83b3	sub	x7,x25,x10	 x25:0x80009fc4 x10:0x80009fc4  x7=0x00000000
        4735000	       472	80000a00	00005f93	srli	x31,x0,0x0	  x0:0x00000000 x31=0x00000000
        4745000	       473	80000a04	004b1463	bne	x22,x4,80000a0c	 x22:0xfe0002a6  x4:0x00000000
        4755000	       474	00000000	00000013	addi	x0,x0,0	  x0:0x00000000
        4765000	       475	80000a08	00000013	addi	x0,x0,0	  x0:0x00000000
        4775000	       476	80000a0c	41f6dfb3	sra	x31,x13,x31	 x13:0x00000001 x31:0x00000000 x31=0x00000001
        4785000	       477	80000a10	402887b3	sub	x15,x17,x2	 x17:0x81009f84  x2:0x80009f84 x15=0x01000000
        4795000	       478	80000a14	039dd263	bge	x27,x25,80000a38	 x27:0xfe000000 x25:0x80009fc4
        4805000	       479	00000000	00000013	addi	x0,x0,0	  x0:0x00000000
        4815000	       480	80000a34	00000013	addi	x0,x0,0	  x0:0x00000000
        4825000	       481	80000a38	01bd1463	bne	x26,x27,80000a40	 x26:0xfffffec6 x27:0xfe000000
        4835000	       482	00000000	00000013	addi	x0,x0,0	  x0:0x00000000
        4845000	       483	80000a3c	00000013	addi	x0,x0,0	  x0:0x00000000
        4855000	       484	80000a40	013c5b33	srl	x22,x24,x19	 x24:0x00000001 x19:0x00000033 x22=0x00000000
        4865000	       485	80000a44	416a8c33	sub	x24,x21,x22	 x21:0x080008f8 x22:0x00000000 x24=0x080008f8
        4875000	       486	80000a48	5a927593	andi	x11,x4,1449	  x4:0x00000000 x11=0x00000000
        4885000	       487	80000a4c	00008597	auipc	x11,0x8	 x11=0x80008a48
        4895000	       488	80000a50	ec858593	addi	x11,x11,-312	 x11:0x80008a48 x11=0x80008910
        4905000	       489	80000a54	06c5a683	lw	x13,108(x11)	 x11:0x80008910 x13=0x00000000 PA:0x8000897c
        4915000	       490	00000000	00000013	addi	x0,x0,0	  x0:0x00000000
        4925000	       491	80000a58	fcd58b03	lb	x22,-51(x11)	 x11:0x80008910 x22=0x00000000 PA:0x800088dd
        4935000	       492	80000a5c	008f9c13	slli	x24,x31,0x8	 x31:0x00000001 x24=0x00000100
        4945000	       493	80000a60	0225df83	lhu	x31,34(x11)	 x11:0x80008910 x31=0x00000000 PA:0x80008932
        4955000	       494	80000a64	0105a303	lw	x6,16(x11)	 x11:0x80008910  x6=0x00000000 PA:0x80008920
        4965000	       495	80000a68	0775cd83	lbu	x27,119(x11)	 x11:0x80008910 x27=0x00000000 PA:0x80008987
        4975000	       496	80000a6c	01cea0b3	slt	x1,x29,x28	 x29:0x00000000 x28:0x080009f8  x1=0x00000001
        4985000	       497	80000a70	40f50a33	sub	x20,x10,x15	 x10:0x80009fc4 x15:0x01000000 x20=0x7f009fc4
        4995000	       498	80000a74	00000013	addi	x0,x0,0	  x0:0x00000000
        5005000	       499	80000a78	002e5d13	srli	x26,x28,0x2	 x28:0x080009f8 x26=0x0200027e
        5015000	       500	80000a7c	7cf30993	addi	x19,x6,1999	  x6:0x00000000 x19=0x000007cf
        5025000	       501	80000a80	76681537	lui	x10,0x76681	 x10=0x76681000
        5035000	       502	80000a84	f6658da3	sb	x6,-133(x11)	 x11:0x80008910  x6:0x00000000 PA:0x8000888b
        5045000	       503	80000a88	0b458883	lb	x17,180(x11)	 x11:0x80008910 x17=0x00000000 PA:0x800089c4
        5055000	       504	80000a8c	05d5c803	lbu	x16,93(x11)	 x11:0x80008910 x16=0x00000000 PA:0x8000896d
        5065000	       505	80000a90	01f29d93	slli	x27,x5,0x1f	  x5:0x00100000 x27=0x00000000
        5075000	       506	80000a94	000839b3	sltu	x19,x16,x0	 x16:0x00000000  x0:0x00000000 x19=0x00000000
        5085000	       507	80000a98	f9d58983	lb	x19,-99(x11)	 x11:0x80008910 x19=0x00000000 PA:0x800088ad
        5095000	       508	80000a9c	0035c283	lbu	x5,3(x11)	 x11:0x80008910  x5=0x00000000 PA:0x80008913
        5105000	       509	80000aa0	aa3d8c13	addi	x24,x27,-1373	 x27:0x00000000 x24=0xfffffaa3
        5115000	       510	80000aa4	0033a333	slt	x6,x7,x3	  x7:0x00000000  x3:0x00000000  x6=0x00000000
        5125000	       511	80000aa8	0985ab83	lw	x23,152(x11)	 x11:0x80008910 x23=0x00000000 PA:0x800089a8
        5135000	       512	80000aac	00015a33	srl	x20,x2,x0	  x2:0x80009f84  x0:0x00000000 x20=0x80009f84
        5145000	       513	80000ab0	07958e83	lb	x29,121(x11)	 x11:0x80008910 x29=0x00000000 PA:0x80008989
        5155000	       514	80000ab4	86560993	addi	x19,x12,-1947	 x12:0xfffffacd x19=0xfffff332
        5165000	       515	80000ab8	01661893	slli	x17,x12,0x16	 x12:0xfffffacd x17=0xb3400000
        5175000	       516	80000abc	fc458c03	lb	x24,-60(x11)	 x11:0x80008910 x24=0x00000000 PA:0x800088d4
        5185000	       517	80000ac0	0ff5c303	lbu	x6,255(x11)	 x11:0x80008910  x6=0x00000000 PA:0x80008a0f
        5195000	       518	80000ac4	05edbe13	sltiu	x28,x27,94	 x27:0x00000000 x28=0x00000001
        5205000	       519	80000ac8	00b81b13	slli	x22,x16,0xb	 x16:0x00000000 x22=0x00000000
        5215000	       520	80000acc	40f806b3	sub	x13,x16,x15	 x16:0x00000000 x15:0x01000000 x13=0xff000000
        5225000	       521	80000ad0	f6a5cc03	lbu	x24,-150(x11)	 x11:0x80008910 x24=0x00000000 PA:0x8000887a
        5235000	       522	80000ad4	00c7e3b3	or	x7,x15,x12	 x15:0x01000000 x12:0xfffffacd  x7=0xfffffacd
        5245000	       523	80000ad8	0c9583a3	sb	x9,199(x11)	 x11:0x80008910  x9:0xfe0002a5 PA:0x800089d7
        5255000	       524	80000adc	f265c403	lbu	x8,-218(x11)	 x11:0x80008910  x8=0x00000000 PA:0x80008836
        5265000	       525	80000ae0	f6958003	lb	x0,-151(x11)	 x11:0x80008910 PA:0x80008879
        5275000	       526	80000ae4	0175ca83	lbu	x21,23(x11)	 x11:0x80008910 x21=0x00000000 PA:0x80008927
        5285000	       527	80000ae8	4309d4b7	lui	x9,0x4309d	  x9=0x4309d000
        5295000	       528	80000aec	01669433	sll	x8,x13,x22	 x13:0xff000000 x22:0x00000000  x8=0xff000000
        5305000	       529	80000af0	00142633	slt	x12,x8,x1	  x8:0xff000000  x1:0x00000001 x12=0x00000001
        5315000	       530	80000af4	09f5cf83	lbu	x31,159(x11)	 x11:0x80008910 x31=0x00000000 PA:0x800089af
        5325000	       531	80000af8	01439d93	slli	x27,x7,0x14	  x7:0xfffffacd x27=0xacd00000
        5335000	       532	80000afc	0d358b83	lb	x23,211(x11)	 x11:0x80008910 x23=0x00000000 PA:0x800089e3
        5345000	       533	80000b00	fcc5d083	lhu	x1,-52(x11)	 x11:0x80008910  x1=0x00000000 PA:0x800088dc
        5355000	       534	80000b04	4077db33	sra	x22,x15,x7	 x15:0x01000000  x7:0xfffffacd x22=0x00000800
        5365000	       535	80000b08	fc05a803	lw	x16,-64(x11)	 x11:0x80008910 x16=0x00000000 PA:0x800088d0
        5375000	       536	80000b0c	0082a4b3	slt	x9,x5,x8	  x5:0x00000000  x8:0xff000000  x9=0x00000000
        5385000	       537	80000b10	f955cf03	lbu	x30,-107(x11)	 x11:0x80008910 x30=0x00000000 PA:0x800088a5
        5395000	       538	80000b14	40255633	sra	x12,x10,x2	 x10:0x76681000  x2:0x80009f84 x12=0x07668100
        5405000	       539	80000b18	0ed59623	sh	x13,236(x11)	 x11:0x80008910 x13:0xff000000 PA:0x800089fc
        5415000	       540	80000b1c	7c598513	addi	x10,x19,1989	 x19:0xfffff332 x10=0xfffffaf7
        5425000	       541	80000b20	ca1d2b13	slti	x22,x26,-863	 x26:0x0200027e x22=0x00000000
        5435000	       542	80000b24	96f54213	xori	x4,x10,-1681	 x10:0xfffffaf7  x4=0x00000398
        5445000	       543	80000b28	404c84b3	sub	x9,x25,x4	 x25:0x80009fc4  x4:0x00000398  x9=0x80009c2c
        5455000	       544	80000b2c	03738463	beq	x7,x23,80000b54	  x7:0xfffffacd x23:0x00000000
        5465000	       545	80000b30	004e5b33	srl	x22,x28,x4	 x28:0x00000001  x4:0x00000398 x22=0x00000000
        5475000	       546	80000b34	011fa2b3	slt	x5,x31,x17	 x31:0x00000000 x17:0xb3400000  x5=0x00000000
        5485000	       547	80000b38	041b5863	bge	x22,x1,80000b88	 x22:0x00000000  x1:0x00000000
        5495000	       548	00000000	00000013	addi	x0,x0,0	  x0:0x00000000
        5505000	       549	80000b84	00000013	addi	x0,x0,0	  x0:0x00000000
        5515000	       550	80000b88	37f5e313	ori	x6,x11,895	 x11:0x80008910  x6=0x80008b7f
        5525000	       551	80000b8c	03c99463	bne	x19,x28,80000bb4	 x19:0xfffff332 x28:0x00000001
        5535000	       552	00000000	00000013	addi	x0,x0,0	  x0:0x00000000
        5545000	       553	80000bb0	00000013	addi	x0,x0,0	  x0:0x00000000
        5555000	       554	80000bb4	902dd197	auipc	x3,0x902dd	  x3=0x102ddbb0
        5565000	       555	80000bb8	013be863	bltu	x23,x19,80000bc8	 x23:0x00000000 x19:0xfffff332
        5575000	       556	00000000	00000013	addi	x0,x0,0	  x0:0x00000000
        5585000	       557	80000bc4	00000013	addi	x0,x0,0	  x0:0x00000000
        5595000	       558	80000bc8	ae6ca613	slti	x12,x25,-1306	 x25:0x80009fc4 x12=0x00000001
        5605000	       559	80000bcc	4f0dc593	xori	x11,x27,1264	 x27:0xacd00000 x11=0xacd004f0
        5615000	       560	80000bd0	01f693b3	sll	x7,x13,x31	 x13:0xff000000 x31:0x00000000  x7=0xff000000
        5625000	       561	80000bd4	004cedb3	or	x27,x25,x4	 x25:0x80009fc4  x4:0x00000398 x27=0x80009fdc
        5635000	       562	80000bd8	00ee46b3	xor	x13,x28,x14	 x28:0x00000001 x14:0xbaa43b78 x13=0xbaa43b79
        5645000	       563	80000bdc	fff5e913	ori	x18,x11,-1	 x11:0xacd004f0 x18=0xffffffff
        5655000	       564	80000be0	01e81233	sll	x4,x16,x30	 x16:0x00000000 x30:0x00000000  x4=0x00000000
        5665000	       565	80000be4	52f76e93	ori	x29,x14,1327	 x14:0xbaa43b78 x29=0xbaa43f7f
        5675000	       566	80000be8	0167cab3	xor	x21,x15,x22	 x15:0x01000000 x22:0x00000000 x21=0x01000000
        5685000	       567	80000bec	030e1863	bne	x28,x16,80000c1c	 x28:0x00000001 x16:0x00000000
        5695000	       568	00000000	00000013	addi	x0,x0,0	  x0:0x00000000
        5705000	       569	80000c18	00000013	addi	x0,x0,0	  x0:0x00000000
        5715000	       570	80000c1c	01ee1e13	slli	x28,x28,0x1e	 x28:0x00000001 x28=0x40000000
        5725000	       571	80000c20	05f46863	bltu	x8,x31,80000c70	  x8:0xff000000 x31:0x00000000
        5735000	       572	80000c24	414ddab3	sra	x21,x27,x20	 x27:0x80009fdc x20:0x80009f84 x21=0xf80009fd
        5745000	       573	80000c28	40db5933	sra	x18,x22,x13	 x22:0x00000000 x13:0xbaa43b79 x18=0x00000000
        5755000	       574	80000c2c	13b85a17	auipc	x20,0x13b85	 x20=0x93b85c28
        5765000	       575	80000c30	6efb8993	addi	x19,x23,1775	 x23:0x00000000 x19=0x000006ef
        5775000	       576	80000c34	00979e63	bne	x15,x9,80000c50	 x15:0x01000000  x9:0x80009c2c
        5785000	       577	00000000	00000013	addi	x0,x0,0	  x0:0x00000000
        5795000	       578	80000c4c	00000013	addi	x0,x0,0	  x0:0x00000000
        5805000	       579	80000c50	2dd8fe13	andi	x28,x17,733	 x17:0xb3400000 x28=0x00000000
        5815000	       580	80000c54	016708b3	add	x17,x14,x22	 x14:0xbaa43b78 x22:0x00000000 x17=0xbaa43b78
        5825000	       581	80000c58	00672ab3	slt	x21,x14,x6	 x14:0xbaa43b78  x6:0x80008b7f x21=0x00000000
        5835000	       582	80000c5c	56d46993	ori	x19,x8,1389	  x8:0xff000000 x19=0xff00056d
        5845000	       583	80000c60	40a15b13	srai	x22,x2,0xa	  x2:0x80009f84 x22=0xffe00027
        5855000	       584	80000c64	018a9d33	sll	x26,x21,x24	 x21:0x00000000 x24:0x00000000 x26=0x00000000
        5865000	       585	80000c68	bf6e3593	sltiu	x11,x28,-1034	 x28:0x00000000 x11=0x00000001
        5875000	       586	80000c6c	c9088e93	addi	x29,x17,-880	 x17:0xbaa43b78 x29=0xbaa43808
        5885000	       587	80000c70	231c0093	addi	x1,x24,561	 x24:0x00000000  x1=0x00000231
        5895000	       588	80000c74	0005cd33	xor	x26,x11,x0	 x11:0x00000001  x0:0x00000000 x26=0x00000001
        5905000	       589	80000c78	d2cc3a13	sltiu	x20,x24,-724	 x24:0x00000000 x20=0x00000001
        5915000	       590	80000c7c	00f8c8b3	xor	x17,x17,x15	 x17:0xbaa43b78 x15:0x01000000 x17=0xbba43b78
        5925000	       591	80000c80	02bc6263	bltu	x24,x11,80000ca4	 x24:0x00000000 x11:0x00000001
        5935000	       592	00000000	00000013	addi	x0,x0,0	  x0:0x00000000
        5945000	       593	80000ca0	00000013	addi	x0,x0,0	  x0:0x00000000
        5955000	       594	80000ca4	40c6d493	srai	x9,x13,0xc	 x13:0xbaa43b79  x9=0xfffbaa43
        5965000	       595	80000ca8	b838dd17	auipc	x26,0xb838d	 x26=0x3838dca4
        5975000	       596	80000cac	00c57333	and	x6,x10,x12	 x10:0xfffffaf7 x12:0x00000001  x6=0x00000001
        5985000	       597	80000cb0	03281063	bne	x16,x18,80000cd0	 x16:0x00000000 x18:0x00000000
        5995000	       598	80000cb4	54a50d93	addi	x27,x10,1354	 x10:0xfffffaf7 x27=0x00000041
        6005000	       599	80000cb8	04a95663	bge	x18,x10,80000d04	 x18:0x00000000 x10:0xfffffaf7
        6015000	       600	00000000	00000013	addi	x0,x0,0	  x0:0x00000000
        6025000	       601	80000d00	00000013	addi	x0,x0,0	  x0:0x00000000
        6035000	       602	80000d04	01dc1393	slli	x7,x24,0x1d	 x24:0x00000000  x7=0x00000000
        6045000	       603	80000d08	01ccaa33	slt	x20,x25,x28	 x25:0x80009fc4 x28:0x00000000 x20=0x00000001
        6055000	       604	80000d0c	413785b3	sub	x11,x15,x19	 x15:0x01000000 x19:0xff00056d x11=0x01fffa93
        6065000	       605	80000d10	59847393	andi	x7,x8,1432	  x8:0xff000000  x7=0x00000000
        6075000	       606	80000d14	0110de63	bge	x1,x17,80000d30	  x1:0x00000231 x17:0xbba43b78
        6085000	       607	00000000	00000013	addi	x0,x0,0	  x0:0x00000000
        6095000	       608	80000d2c	00000013	addi	x0,x0,0	  x0:0x00000000
        6105000	       609	80000d30	013aea33	or	x20,x21,x19	 x21:0x00000000 x19:0xff00056d x20=0xff00056d
        6115000	       610	80000d34	00ac3433	sltu	x8,x24,x10	 x24:0x00000000 x10:0xfffffaf7  x8=0x00000001
        6125000	       611	80000d38	00aec033	xor	x0,x29,x10	 x29:0xbaa43808 x10:0xfffffaf7
        6135000	       612	80000d3c	01ea6e63	bltu	x20,x30,80000d58	 x20:0xff00056d x30:0x00000000
        6145000	       613	80000d40	99b48813	addi	x16,x9,-1637	  x9:0xfffbaa43 x16=0xfffba3de
        6155000	       614	80000d44	018dbe33	sltu	x28,x27,x24	 x27:0x00000041 x24:0x00000000 x28=0x00000000
        6165000	       615	80000d48	668d8093	addi	x1,x27,1640	 x27:0x00000041  x1=0x000006a9
        6175000	       616	80000d4c	001e9bb3	sll	x23,x29,x1	 x29:0xbaa43808  x1:0x000006a9 x23=0x48701000
        6185000	       617	80000d50	03d38263	beq	x7,x29,80000d74	  x7:0x00000000 x29:0xbaa43808
        6195000	       618	80000d54	00000013	addi	x0,x0,0	  x0:0x00000000
        6205000	       619	80000d58	9cc04497	auipc	x9,0x9cc04	  x9=0x1cc04d54
        6215000	       620	80000d5c	018303b3	add	x7,x6,x24	  x6:0x00000001 x24:0x00000000  x7=0x00000001
        6225000	       621	80000d60	003a00b3	add	x1,x20,x3	 x20:0xff00056d  x3:0x102ddbb0  x1=0x0f2de11d
        6235000	       622	80000d64	004089b3	add	x19,x1,x4	  x1:0x0f2de11d  x4:0x00000000 x19=0x0f2de11d
        6245000	       623	80000d68	bba6be93	sltiu	x29,x13,-1094	 x13:0xbaa43b79 x29=0x00000001
        6255000	       624	80000d6c	01120a33	add	x20,x4,x17	  x4:0x00000000 x17:0xbba43b78 x20=0xbba43b78
        6265000	       625	80000d70	0036da33	srl	x20,x13,x3	 x13:0xbaa43b79  x3:0x102ddbb0 x20=0x0000baa4
        6275000	       626	80000d74	01156a33	or	x20,x10,x17	 x10:0xfffffaf7 x17:0xbba43b78 x20=0xfffffbff
        6285000	       627	80000d78	02ae1263	bne	x28,x10,80000d9c	 x28:0x00000000 x10:0xfffffaf7
        6295000	       628	00000000	00000013	addi	x0,x0,0	  x0:0x00000000
        6305000	       629	80000d98	00000013	addi	x0,x0,0	  x0:0x00000000
        6315000	       630	80000d9c	00321833	sll	x16,x4,x3	  x4:0x00000000  x3:0x102ddbb0 x16=0x00000000
        6325000	       631	80000da0	058d7063	bgeu	x26,x24,80000de0	 x26:0x3838dca4 x24:0x00000000
        6335000	       632	00000000	00000013	addi	x0,x0,0	  x0:0x00000000
        6345000	       633	80000ddc	00000013	addi	x0,x0,0	  x0:0x00000000
        6355000	       634	80000de0	412e5d33	sra	x26,x28,x18	 x28:0x00000000 x18:0x00000000 x26=0x00000000
        6365000	       635	80000de4	2c69f213	andi	x4,x19,710	 x19:0x0f2de11d  x4=0x00000004
        6375000	       636	80000de8	50d92e13	slti	x28,x18,1293	 x18:0x00000000 x28=0x00000001
        6385000	       637	80000dec	1a17d797	auipc	x15,0x1a17d	 x15=0x9a17dde8
        6395000	       638	80000df0	042de863	bltu	x27,x2,80000e40	 x27:0x00000041  x2:0x80009f84
        6405000	       639	00000000	00000013	addi	x0,x0,0	  x0:0x00000000
        6415000	       640	80000e3c	00000013	addi	x0,x0,0	  x0:0x00000000
        6425000	       641	80000e40	0c5f0d13	addi	x26,x30,197	 x30:0x00000000 x26=0x000000c5
        6435000	       642	80000e44	013af863	bgeu	x21,x19,80000e54	 x21:0x00000000 x19:0x0f2de11d
        6445000	       643	80000e48	e1924393	xori	x7,x4,-487	  x4:0x00000004  x7=0xfffffe1d
        6455000	       644	80000e4c	03451863	bne	x10,x20,80000e7c	 x10:0xfffffaf7 x20:0xfffffbff
        6465000	       645	00000000	00000013	addi	x0,x0,0	  x0:0x00000000
        6475000	       646	80000e78	00000013	addi	x0,x0,0	  x0:0x00000000
        6485000	       647	80000e7c	db340013	addi	x0,x8,-589	  x8:0x00000001
        6495000	       648	80000e80	00000013	addi	x0,x0,0	  x0:0x00000000
        6505000	       649	80000e84	c13b2b93	slti	x23,x22,-1005	 x22:0xffe00027 x23=0x00000001
        6515000	       650	80000e88	2cd8cf13	xori	x30,x17,717	 x17:0xbba43b78 x30=0xbba439b5
        6525000	       651	80000e8c	0177dd33	srl	x26,x15,x23	 x15:0x9a17dde8 x23:0x00000001 x26=0x4d0beef4
        6535000	       652	80000e90	3a97e513	ori	x10,x15,937	 x15:0x9a17dde8 x10=0x9a17dfe9
        6545000	       653	80000e94	00898db3	add	x27,x19,x8	 x19:0x0f2de11d  x8:0x00000001 x27=0x0f2de11e
        6555000	       654	80000e98	41585b93	srai	x23,x16,0x15	 x16:0x00000000 x23=0x00000000
        6565000	       655	80000e9c	0038b333	sltu	x6,x17,x3	 x17:0xbba43b78  x3:0x102ddbb0  x6=0x00000000
        6575000	       656	80000ea0	017dd633	srl	x12,x27,x23	 x27:0x0f2de11e x23:0x00000000 x12=0x0f2de11e
        6585000	       657	80000ea4	0f3a2b37	lui	x22,0xf3a2	 x22=0x0f3a2000
        6595000	       658	80000ea8	00a4d1b3	srl	x3,x9,x10	  x9:0x1cc04d54 x10:0x9a17dfe9  x3=0x000e6026
        6605000	       659	80000eac	5328b513	sltiu	x10,x17,1330	 x17:0xbba43b78 x10=0x00000000
        6615000	       660	80000eb0	017df633	and	x12,x27,x23	 x27:0x0f2de11e x23:0x00000000 x12=0x00000000
        6625000	       661	80000eb4	41188db3	sub	x27,x17,x17	 x17:0xbba43b78 x17:0xbba43b78 x27=0x00000000
        6635000	       662	80000eb8	41085033	sra	x0,x16,x16	 x16:0x00000000 x16:0x00000000
        6645000	       663	80000ebc	07dc1c63	bne	x24,x29,80000f34	 x24:0x00000000 x29:0x00000001
        6655000	       664	00000000	00000013	addi	x0,x0,0	  x0:0x00000000
        6665000	       665	80000f30	00000013	addi	x0,x0,0	  x0:0x00000000
        6675000	       666	80000f34	9c9c6393	ori	x7,x24,-1591	 x24:0x00000000  x7=0xfffff9c9
        6685000	       667	80000f38	58cf0637	lui	x12,0x58cf0	 x12=0x58cf0000
        6695000	       668	80000f3c	04269863	bne	x13,x2,80000f8c	 x13:0xbaa43b79  x2:0x80009f84
        6705000	       669	00000000	00000013	addi	x0,x0,0	  x0:0x00000000
        6715000	       670	80000f88	00000013	addi	x0,x0,0	  x0:0x00000000
        6725000	       671	80000f8c	05f61863	bne	x12,x31,80000fdc	 x12:0x58cf0000 x31:0x00000000
        6735000	       672	00000000	00000013	addi	x0,x0,0	  x0:0x00000000
        6745000	       673	80000fd8	00000013	addi	x0,x0,0	  x0:0x00000000
        6755000	       674	80000fdc	41125d93	srai	x27,x4,0x11	  x4:0x00000004 x27=0x00000000
        6765000	       675	80000fe0	01a0a6b3	slt	x13,x1,x26	  x1:0x0f2de11d x26:0x4d0beef4 x13=0x00000001
        6775000	       676	80000fe4	013cd313	srli	x6,x25,0x13	 x25:0x80009fc4  x6=0x00001000
        6785000	       677	80000fe8	00000717	auipc	x14,0x0	 x14=0x80000fe4
        6795000	       678	80000fec	00c70713	addi	x14,x14,12	 x14:0x80000fe4 x14=0x80000ff0
        6805000	       679	80000ff0	00070067	jalr	x0,x14,0	 x14:0x80000ff0
        6815000	       680	00000000	00000013	addi	x0,x0,0	  x0:0x00000000
        6825000	       681	80000ff0	00000013	addi	x0,x0,0	  x0:0x00000000
        6835000	       682	80000ff4	00100193	addi	x3,x0,1	  x0:0x00000000  x3=0x00000001
        6845000	       683	80000ff8	00000073	ecall	
        6855000	       684	80000ffc	01a7c463	blt	x15,x26,80001004	 x15:0x9a17dde8 x26:0x4d0beef4
