		Time			Cycle	PC		Insn	Decoded instruction	Register and memory contents
          65000	         5	80000004	00000293	addi	x5,x0,0	  x0:0x00000000  x5=0x00000000
          75000	         6	80000008	00000313	addi	x6,x0,0	  x0:0x00000000  x6=0x00000000
          85000	         7	8000000c	00628263	beq	x5,x6,80000010	  x5:0x00000000  x6:0x00000000
          95000	         8	00000000	00000013	addi	x0,x0,0	  x0:0x00000000
         105000	         9	8000000c	00000013	addi	x0,x0,0	  x0:0x00000000
         115000	        10	80000010	00000397	auipc	x7,0x0	  x7=0x8000000c
         125000	        11	80000014	00c38393	addi	x7,x7,12	  x7:0x8000000c  x7=0x80000018
         135000	        12	80000018	00038067	jalr	x0,x7,0	  x7:0x80000018
         145000	        13	00000000	00000013	addi	x0,x0,0	  x0:0x00000000
         155000	        14	80000018	00000013	addi	x0,x0,0	  x0:0x00000000
         165000	        15	8000001c	40000137	lui	x2,0x40000	  x2=0x40000000
         175000	        16	80000020	10010113	addi	x2,x2,256	  x2:0x40000000  x2=0x40000100
         185000	        17	80000024	00000013	addi	x0,x0,0	  x0:0x00000000
         195000	        18	80000028	0000a597	auipc	x11,0xa	 x11=0x8000a024
         205000	        19	8000002c	fa058593	addi	x11,x11,-96	 x11:0x8000a024 x11=0x80009fc4
         215000	        20	80000030	00007117	auipc	x2,0x7	  x2=0x8000702c
         225000	        21	80000034	61410113	addi	x2,x2,1556	  x2:0x8000702c  x2=0x80007640
         235000	        22	80000038	00116113	ori	x2,x2,1	  x2:0x80007640  x2=0x80007641
         245000	        23	8000003c	00000013	addi	x0,x0,0	  x0:0x00000000
         255000	        24	80000040	00000117	auipc	x2,0x0	  x2=0x8000003c
         265000	        25	80000044	02010113	addi	x2,x2,32	  x2:0x8000003c  x2=0x8000005c
         275000	        26	80000048	00000013	addi	x0,x0,0	  x0:0x00000000
         285000	        27	8000004c	00000013	addi	x0,x0,0	  x0:0x00000000
         295000	        28	80000050	00002137	lui	x2,0x2	  x2=0x00002000
         305000	        29	80000054	80010113	addi	x2,x2,-2048	  x2:0x00002000  x2=0x00001800
         315000	        30	80000058	00000013	addi	x0,x0,0	  x0:0x00000000
         325000	        31	8000005c	00000013	addi	x0,x0,0	  x0:0x00000000
         335000	        32	80000060	f3493037	lui	x0,0xf3493	
         345000	        33	80000064	f5700013	addi	x0,x0,-169	  x0:0x00000000
         355000	        34	80000068	800000b7	lui	x1,0x80000	  x1=0x80000000
         365000	        35	8000006c	f8917137	lui	x2,0xf8917	  x2=0xf8917000
         375000	        36	80000070	cc310113	addi	x2,x2,-829	  x2:0xf8917000  x2=0xf8916cc3
         385000	        37	80000074	192de1b7	lui	x3,0x192de	  x3=0x192de000
         395000	        38	80000078	82d18193	addi	x3,x3,-2003	  x3:0x192de000  x3=0x192dd82d
         405000	        39	8000007c	80000237	lui	x4,0x80000	  x4=0x80000000
         415000	        40	80000080	00f00293	addi	x5,x0,15	  x0:0x00000000  x5=0x0000000f
         425000	        41	80000084	00000313	addi	x6,x0,0	  x0:0x00000000  x6=0x00000000
         435000	        42	80000088	ff1053b7	lui	x7,0xff105	  x7=0xff105000
         445000	        43	8000008c	90838393	addi	x7,x7,-1784	  x7:0xff105000  x7=0xff104908
         455000	        44	80000090	00d00413	addi	x8,x0,13	  x0:0x00000000  x8=0x0000000d
         465000	        45	80000094	00d00493	addi	x9,x0,13	  x0:0x00000000  x9=0x0000000d
         475000	        46	80000098	3724a537	lui	x10,0x3724a	 x10=0x3724a000
         485000	        47	8000009c	63050513	addi	x10,x10,1584	 x10:0x3724a000 x10=0x3724a630
         495000	        48	800000a0	f27b9637	lui	x12,0xf27b9	 x12=0xf27b9000
         505000	        49	800000a4	d8e60613	addi	x12,x12,-626	 x12:0xf27b9000 x12=0xf27b8d8e
         515000	        50	800000a8	f8f716b7	lui	x13,0xf8f71	 x13=0xf8f71000
         525000	        51	800000ac	95e68693	addi	x13,x13,-1698	 x13:0xf8f71000 x13=0xf8f7095e
         535000	        52	800000b0	00000713	addi	x14,x0,0	  x0:0x00000000 x14=0x00000000
         545000	        53	800000b4	ac3097b7	lui	x15,0xac309	 x15=0xac309000
         555000	        54	800000b8	24878793	addi	x15,x15,584	 x15:0xac309000 x15=0xac309248
         565000	        55	800000bc	00300813	addi	x16,x0,3	  x0:0x00000000 x16=0x00000003
         575000	        56	800000c0	800008b7	lui	x17,0x80000	 x17=0x80000000
         585000	        57	800000c4	80000937	lui	x18,0x80000	 x18=0x80000000
         595000	        58	800000c8	00f00993	addi	x19,x0,15	  x0:0x00000000 x19=0x0000000f
         605000	        59	800000cc	467bfa37	lui	x20,0x467bf	 x20=0x467bf000
         615000	        60	800000d0	7efa0a13	addi	x20,x20,2031	 x20:0x467bf000 x20=0x467bf7ef
         625000	        61	800000d4	00a00a93	addi	x21,x0,10	  x0:0x00000000 x21=0x0000000a
         635000	        62	800000d8	00000b13	addi	x22,x0,0	  x0:0x00000000 x22=0x00000000
         645000	        63	800000dc	80000bb7	lui	x23,0x80000	 x23=0x80000000
         655000	        64	800000e0	80000c37	lui	x24,0x80000	 x24=0x80000000
         665000	        65	800000e4	fd891cb7	lui	x25,0xfd891	 x25=0xfd891000
         675000	        66	800000e8	a2cc8c93	addi	x25,x25,-1492	 x25:0xfd891000 x25=0xfd890a2c
         685000	        67	800000ec	a70e2d37	lui	x26,0xa70e2	 x26=0xa70e2000
         695000	        68	800000f0	e6dd0d13	addi	x26,x26,-403	 x26:0xa70e2000 x26=0xa70e1e6d
         705000	        69	800000f4	e180fdb7	lui	x27,0xe180f	 x27=0xe180f000
         715000	        70	800000f8	3a7d8d93	addi	x27,x27,935	 x27:0xe180f000 x27=0xe180f3a7
         725000	        71	800000fc	00000e13	addi	x28,x0,0	  x0:0x00000000 x28=0x00000000
         735000	        72	80000100	00600e93	addi	x29,x0,6	  x0:0x00000000 x29=0x00000006
         745000	        73	80000104	00000f93	addi	x31,x0,0	  x0:0x00000000 x31=0x00000000
         755000	        74	80000108	0000af17	auipc	x30,0xa	 x30=0x8000a104
         765000	        75	8000010c	e80f0f13	addi	x30,x30,-384	 x30:0x8000a104 x30=0x80009f84
         775000	        76	80000110	00004f97	auipc	x31,0x4	 x31=0x8000410c
         785000	        77	80000114	7a4f8f93	addi	x31,x31,1956	 x31:0x8000410c x31=0x800048b0
         795000	        78	80000118	002647b3	xor	x15,x12,x2	 x12:0xf27b8d8e  x2:0xf8916cc3 x15=0x0aeae14d
         805000	        79	8000011c	8289a993	slti	x19,x19,-2008	 x19:0x0000000f x19=0x00000000
         815000	        80	80000120	fcbf8f93	addi	x31,x31,-53	 x31:0x800048b0 x31=0x8000487b
         825000	        81	80000124	57cdf913	andi	x18,x27,1404	 x27:0xe180f3a7 x18=0x00000124
         835000	        82	80000128	1cc73693	sltiu	x13,x14,460	 x14:0x00000000 x13=0x00000001
         845000	        83	8000012c	00ea4a63	blt	x20,x14,80000140	 x20:0x467bf7ef x14:0x00000000
         855000	        84	80000130	01035033	srl	x0,x6,x16	  x6:0x00000000 x16:0x00000003
         865000	        85	80000134	84447413	andi	x8,x8,-1980	  x8:0x0000000d  x8=0x00000004
         875000	        86	80000138	0045fcb3	and	x25,x11,x4	 x11:0x80009fc4  x4:0x80000000 x25=0x80000000
         885000	        87	8000013c	41508133	sub	x2,x1,x21	  x1:0x80000000 x21:0x0000000a  x2=0x7ffffff6
         895000	        88	80000140	036f8367	jalr	x6,x31,54	 x31:0x8000487b  x6=0x80000140
         905000	        89	00000000	00000013	addi	x0,x0,0	  x0:0x00000000
         915000	        90	800048b0	00000013	addi	x0,x0,0	  x0:0x00000000
         925000	        91	800048b4	6b512c97	auipc	x25,0x6b512	 x25=0xeb5168b0
         935000	        92	800048b8	01c3fa63	bgeu	x7,x28,800048cc	  x7:0xff104908 x28:0x00000000
         945000	        93	00000000	00000013	addi	x0,x0,0	  x0:0x00000000
         955000	        94	800048c8	00000013	addi	x0,x0,0	  x0:0x00000000
         965000	        95	800048cc	ff8f0f13	addi	x30,x30,-8	 x30:0x80009f84 x30=0x80009f7c
         975000	        96	800048d0	006f2223	sw	x6,4(x30)	 x30:0x80009f7c  x6:0x80000140 PA:0x80009f80
         985000	        97	800048d4	5aea7e13	andi	x28,x20,1454	 x20:0x467bf7ef x28=0x000005ae
         995000	        98	800048d8	0059f9b3	and	x19,x19,x5	 x19:0x00000000  x5:0x0000000f x19=0x00000000
        1005000	        99	800048dc	0047b933	sltu	x18,x15,x4	 x15:0x0aeae14d  x4:0x80000000 x18=0x00000001
        1015000	       100	800048e0	003cd813	srli	x16,x25,0x3	 x25:0xeb5168b0 x16=0x1d6a2d16
        1025000	       101	800048e4	40585c93	srai	x25,x16,0x5	 x16:0x1d6a2d16 x25=0x00eb5168
        1035000	       102	800048e8	01bc40b3	xor	x1,x24,x27	 x24:0x80000000 x27:0xe180f3a7  x1=0x6180f3a7
        1045000	       103	800048ec	41b80ab3	sub	x21,x16,x27	 x16:0x1d6a2d16 x27:0xe180f3a7 x21=0x3be9396f
        1055000	       104	800048f0	00f559b3	srl	x19,x10,x15	 x10:0x3724a630 x15:0x0aeae14d x19=0x0001b925
        1065000	       105	800048f4	0191beb3	sltu	x29,x3,x25	  x3:0x192dd82d x25:0x00eb5168 x29=0x00000000
        1075000	       106	800048f8	89a7f113	andi	x2,x15,-1894	 x15:0x0aeae14d  x2=0x0aeae008
        1085000	       107	800048fc	02669663	bne	x13,x6,80004928	 x13:0x00000001  x6:0x80000140
        1095000	       108	00000000	00000013	addi	x0,x0,0	  x0:0x00000000
        1105000	       109	80004924	00000013	addi	x0,x0,0	  x0:0x00000000
        1115000	       110	80004928	001b4663	blt	x22,x1,80004934	 x22:0x00000000  x1:0x6180f3a7
        1125000	       111	00000000	00000013	addi	x0,x0,0	  x0:0x00000000
        1135000	       112	80004930	00000013	addi	x0,x0,0	  x0:0x00000000
        1145000	       113	80004934	967c4893	xori	x17,x24,-1689	 x24:0x80000000 x17=0x7ffff967
        1155000	       114	80004938	02c7ca63	blt	x15,x12,8000496c	 x15:0x0aeae14d x12:0xf27b8d8e
        1165000	       115	8000493c	4b5c3b13	sltiu	x22,x24,1205	 x24:0x80000000 x22=0x00000000
        1175000	       116	80004940	01a24833	xor	x16,x4,x26	  x4:0x80000000 x26:0xa70e1e6d x16=0x270e1e6d
        1185000	       117	80004944	b7156417	auipc	x8,0xb7156	  x8=0x3715a940
        1195000	       118	80004948	0120b317	auipc	x6,0x120b	  x6=0x8120f944
        1205000	       119	8000494c	05fa6863	bltu	x20,x31,8000499c	 x20:0x467bf7ef x31:0x8000487b
        1215000	       120	00000000	00000013	addi	x0,x0,0	  x0:0x00000000
        1225000	       121	80004998	00000013	addi	x0,x0,0	  x0:0x00000000
        1235000	       122	8000499c	05c34863	blt	x6,x28,800049ec	  x6:0x8120f944 x28:0x000005ae
        1245000	       123	00000000	00000013	addi	x0,x0,0	  x0:0x00000000
        1255000	       124	800049e8	00000013	addi	x0,x0,0	  x0:0x00000000
        1265000	       125	800049ec	007f9e13	slli	x28,x31,0x7	 x31:0x8000487b x28=0x00243d80
        1275000	       126	800049f0	00150d33	add	x26,x10,x1	 x10:0x3724a630  x1:0x6180f3a7 x26=0x98a599d7
        1285000	       127	800049f4	bd94b513	sltiu	x10,x9,-1063	  x9:0x0000000d x10=0x00000001
        1295000	       128	800049f8	01ee41b3	xor	x3,x28,x30	 x28:0x00243d80 x30:0x80009f7c  x3=0x8024a2fc
        1305000	       129	800049fc	dc349e17	auipc	x28,0xdc349	 x28=0x5c34d9f8
        1315000	       130	80004a00	797daa93	slti	x21,x27,1943	 x27:0xe180f3a7 x21=0x00000001
        1325000	       131	80004a04	00cc1213	slli	x4,x24,0xc	 x24:0x80000000  x4=0x00000000
        1335000	       132	80004a08	01edfc63	bgeu	x27,x30,80004a20	 x27:0xe180f3a7 x30:0x80009f7c
        1345000	       133	00000000	00000013	addi	x0,x0,0	  x0:0x00000000
        1355000	       134	80004a1c	00000013	addi	x0,x0,0	  x0:0x00000000
        1365000	       135	80004a20	004d6463	bltu	x26,x4,80004a28	 x26:0x98a599d7  x4:0x00000000
        1375000	       136	80004a24	bdf4c113	xori	x2,x9,-1057	  x9:0x0000000d  x2=0xfffffbd2
        1385000	       137	80004a28	ef963493	sltiu	x9,x12,-263	 x12:0xf27b8d8e  x9=0x00000001
        1395000	       138	80004a2c	000c5233	srl	x4,x24,x0	 x24:0x80000000  x0:0x00000000  x4=0x80000000
        1405000	       139	80004a30	00727663	bgeu	x4,x7,80004a3c	  x4:0x80000000  x7:0xff104908
        1415000	       140	80004a34	f333c093	xori	x1,x7,-205	  x7:0xff104908  x1=0x00efb63b
        1425000	       141	80004a38	013cf663	bgeu	x25,x19,80004a44	 x25:0x00eb5168 x19:0x0001b925
        1435000	       142	00000000	00000013	addi	x0,x0,0	  x0:0x00000000
        1445000	       143	80004a40	00000013	addi	x0,x0,0	  x0:0x00000000
        1455000	       144	80004a44	5ad18913	addi	x18,x3,1453	  x3:0x8024a2fc x18=0x8024a8a9
        1465000	       145	80004a48	41c25133	sra	x2,x4,x28	  x4:0x80000000 x28:0x5c34d9f8  x2=0xffffff80
        1475000	       146	80004a4c	01251a13	slli	x20,x10,0x12	 x10:0x00000001 x20=0x00040000
        1485000	       147	80004a50	01520a63	beq	x4,x21,80004a64	  x4:0x80000000 x21:0x00000001
        1495000	       148	80004a54	00000013	addi	x0,x0,0	  x0:0x00000000
        1505000	       149	80004a58	413c5db3	sra	x27,x24,x19	 x24:0x80000000 x19:0x0001b925 x27=0xfc000000
        1515000	       150	80004a5c	0165f463	bgeu	x11,x22,80004a64	 x11:0x80009fc4 x22:0x00000000
        1525000	       151	00000000	00000013	addi	x0,x0,0	  x0:0x00000000
        1535000	       152	80004a60	00000013	addi	x0,x0,0	  x0:0x00000000
        1545000	       153	80004a64	008e06b3	add	x13,x28,x8	 x28:0x5c34d9f8  x8:0x3715a940 x13=0x934a8338
        1555000	       154	80004a68	009a8db3	add	x27,x21,x9	 x21:0x00000001  x9:0x00000001 x27=0x00000002
        1565000	       155	80004a6c	01c2d013	srli	x0,x5,0x1c	  x5:0x0000000f
        1575000	       156	80004a70	0198ea33	or	x20,x17,x25	 x17:0x7ffff967 x25:0x00eb5168 x20=0x7ffff96f
        1585000	       157	80004a74	400c89b3	sub	x19,x25,x0	 x25:0x00eb5168  x0:0x00000000 x19=0x00eb5168
        1595000	       158	80004a78	d3e77913	andi	x18,x14,-706	 x14:0x00000000 x18=0x00000000
        1605000	       159	80004a7c	00000013	addi	x0,x0,0	  x0:0x00000000
        1615000	       160	80004a80	004f2303	lw	x6,4(x30)	 x30:0x80009f7c  x6=0x80000140 PA:0x80009f80
        1625000	       161	80004a84	97ccc413	xori	x8,x25,-1668	 x25:0x00eb5168  x8=0xff14a814
        1635000	       162	80004a88	008f0f13	addi	x30,x30,8	 x30:0x80009f7c x30=0x80009f84
        1645000	       163	80004a8c	00fd5cb3	srl	x25,x26,x15	 x26:0x98a599d7 x15:0x0aeae14d x25=0x0004c52c
        1655000	       164	80004a90	00030a13	addi	x20,x6,0	  x6:0x80000140 x20=0x80000140
        1665000	       165	80004a94	000a0a67	jalr	x20,x20,0	 x20:0x80000140 x20=0x80004a94
        1675000	       166	00000000	00000013	addi	x0,x0,0	  x0:0x00000000
        1685000	       167	80000140	00000013	addi	x0,x0,0	  x0:0x00000000
        1695000	       168	80000144	00005317	auipc	x6,0x5	  x6=0x80005140
        1705000	       169	80000148	50830313	addi	x6,x6,1288	  x6:0x80005140  x6=0x80005648
        1715000	       170	8000014c	409a5033	sra	x0,x20,x9	 x20:0x80004a94  x9:0x00000001
        1725000	       171	80000150	01fe5e13	srli	x28,x28,0x1f	 x28:0x5c34d9f8 x28=0x00000000
        1735000	       172	80000154	010847b3	xor	x15,x16,x16	 x16:0x270e1e6d x16:0x270e1e6d x15=0x00000000
        1745000	       173	80000158	41da0bb3	sub	x23,x20,x29	 x20:0x80004a94 x29:0x00000000 x23=0x80004a94
        1755000	       174	8000015c	00699193	slli	x3,x19,0x6	 x19:0x00eb5168  x3=0x3ad45a00
        1765000	       175	80000160	0f330313	addi	x6,x6,243	  x6:0x80005648  x6=0x8000573b
        1775000	       176	80000164	01390533	add	x10,x18,x19	 x18:0x00000000 x19:0x00eb5168 x10=0x00eb5168
        1785000	       177	80000168	f0d30367	jalr	x6,x6,-243	  x6:0x8000573b  x6=0x80000168
        1795000	       178	00000000	00000013	addi	x0,x0,0	  x0:0x00000000
        1805000	       179	80005648	00000013	addi	x0,x0,0	  x0:0x00000000
        1815000	       180	8000564c	7c3e3c13	sltiu	x24,x28,1987	 x28:0x00000000 x24=0x00000001
        1825000	       181	80005650	61f04d37	lui	x26,0x61f04	 x26=0x61f04000
        1835000	       182	80005654	b84a8d93	addi	x27,x21,-1148	 x21:0x00000001 x27=0xfffffb85
        1845000	       183	80005658	fe0f0f13	addi	x30,x30,-32	 x30:0x80009f84 x30=0x80009f64
        1855000	       184	8000565c	60483213	sltiu	x4,x16,1540	 x16:0x270e1e6d  x4=0x00000000
        1865000	       185	80005660	006f2223	sw	x6,4(x30)	 x30:0x80009f64  x6:0x80000168 PA:0x80009f68
        1875000	       186	80005664	01119893	slli	x17,x3,0x11	  x3:0x3ad45a00 x17=0xb4000000
        1885000	       187	80005668	52e94c13	xori	x24,x18,1326	 x18:0x00000000 x24=0x0000052e
        1895000	       188	8000566c	01be0db3	add	x27,x28,x27	 x28:0x00000000 x27:0xfffffb85 x27=0xfffffb85
        1905000	       189	80005670	01b35513	srli	x10,x6,0x1b	  x6:0x80000168 x10=0x00000010
        1915000	       190	80005674	ab904e13	xori	x28,x0,-1351	  x0:0x00000000 x28=0xfffffab9
        1925000	       191	80005678	f00b6813	ori	x16,x22,-256	 x22:0x00000000 x16=0xffffff00
        1935000	       192	8000567c	fffff217	auipc	x4,0xfffff	  x4=0x80004678
        1945000	       193	80005680	dec20213	addi	x4,x4,-532	  x4:0x80004678  x4=0x80004464
        1955000	       194	80005684	00000013	addi	x0,x0,0	  x0:0x00000000
        1965000	       195	80005688	01a6a733	slt	x14,x13,x26	 x13:0x934a8338 x26:0x61f04000 x14=0x00000001
        1975000	       196	8000568c	2b720213	addi	x4,x4,695	  x4:0x80004464  x4=0x8000471b
        1985000	       197	80005690	41dbda33	sra	x20,x23,x29	 x23:0x80004a94 x29:0x00000000 x20=0x80004a94
        1995000	       198	80005694	71822d37	lui	x26,0x71822	 x26=0x71822000
        2005000	       199	80005698	d4920367	jalr	x6,x4,-695	  x4:0x8000471b  x6=0x80005698
        2015000	       200	00000000	00000013	addi	x0,x0,0	  x0:0x00000000
        2025000	       201	80004464	00000013	addi	x0,x0,0	  x0:0x00000000
        2035000	       202	80004468	fdcf0f13	addi	x30,x30,-36	 x30:0x80009f64 x30=0x80009f40
        2045000	       203	8000446c	01f119b3	sll	x19,x2,x31	  x2:0xffffff80 x31:0x8000487b x19=0x00000000
        2055000	       204	80004470	006f2223	sw	x6,4(x30)	 x30:0x80009f40  x6:0x80005698 PA:0x80009f44
        2065000	       205	80004474	5dd12b13	slti	x22,x2,1501	  x2:0xffffff80 x22=0x00000001
        2075000	       206	80004478	9761c693	xori	x13,x3,-1674	  x3:0x3ad45a00 x13=0xc52ba376
        2085000	       207	8000447c	00a70bb3	add	x23,x14,x10	 x14:0x00000001 x10:0x00000010 x23=0x00000011
        2095000	       208	80004480	b29ec913	xori	x18,x29,-1239	 x29:0x00000000 x18=0xfffffb29
        2105000	       209	80004484	00c41d13	slli	x26,x8,0xc	  x8:0xff14a814 x26=0x4a814000
        2115000	       210	80004488	01474833	xor	x16,x14,x20	 x14:0x00000001 x20:0x80004a94 x16=0x80004a95
        2125000	       211	8000448c	bcda3993	sltiu	x19,x20,-1075	 x20:0x80004a94 x19=0x00000001
        2135000	       212	80004490	0180ce33	xor	x28,x1,x24	  x1:0x00efb63b x24:0x0000052e x28=0x00efb315
        2145000	       213	80004494	0184ccb3	xor	x25,x9,x24	  x9:0x00000001 x24:0x0000052e x25=0x0000052f
        2155000	       214	80004498	02f1e063	bltu	x3,x15,800044b8	  x3:0x3ad45a00 x15:0x00000000
        2165000	       215	8000449c	01d99913	slli	x18,x19,0x1d	 x19:0x00000001 x18=0x20000000
        2175000	       216	800044a0	01d89933	sll	x18,x17,x29	 x17:0xb4000000 x29:0x00000000 x18=0xb4000000
        2185000	       217	800044a4	40398833	sub	x16,x19,x3	 x19:0x00000001  x3:0x3ad45a00 x16=0xc52ba601
        2195000	       218	800044a8	04470263	beq	x14,x4,800044ec	 x14:0x00000001  x4:0x8000471b
        2205000	       219	800044ac	02fe1a63	bne	x28,x15,800044e0	 x28:0x00efb315 x15:0x00000000
        2215000	       220	00000000	00000013	addi	x0,x0,0	  x0:0x00000000
        2225000	       221	800044dc	00000013	addi	x0,x0,0	  x0:0x00000000
        2235000	       222	800044e0	0452c663	blt	x5,x5,8000452c	  x5:0x0000000f  x5:0x0000000f
        2245000	       223	800044e4	40d55733	sra	x14,x10,x13	 x10:0x00000010 x13:0xc52ba376 x14=0x00000000
        2255000	       224	800044e8	41bdd893	srai	x17,x27,0x1b	 x27:0xfffffb85 x17=0xffffffff
        2265000	       225	800044ec	03340a63	beq	x8,x19,80004520	  x8:0xff14a814 x19:0x00000001
        2275000	       226	800044f0	00115493	srli	x9,x2,0x1	  x2:0xffffff80  x9=0x7fffffc0
        2285000	       227	800044f4	d28e6e93	ori	x29,x28,-728	 x28:0x00efb315 x29=0xffffff3d
        2295000	       228	800044f8	005f28b3	slt	x17,x30,x5	 x30:0x80009f40  x5:0x0000000f x17=0x00000001
        2305000	       229	800044fc	02228463	beq	x5,x2,80004524	  x5:0x0000000f  x2:0xffffff80
        2315000	       230	80004500	01abf0b3	and	x1,x23,x26	 x23:0x00000011 x26:0x4a814000  x1=0x00000000
        2325000	       231	80004504	02876863	bltu	x14,x8,80004534	 x14:0x00000000  x8:0xff14a814
        2335000	       232	00000000	00000013	addi	x0,x0,0	  x0:0x00000000
        2345000	       233	80004530	00000013	addi	x0,x0,0	  x0:0x00000000
        2355000	       234	80004534	01889933	sll	x18,x17,x24	 x17:0x00000001 x24:0x0000052e x18=0x00004000
        2365000	       235	80004538	23eb6313	ori	x6,x22,574	 x22:0x00000001  x6=0x0000023f
        2375000	       236	8000453c	00ba2033	slt	x0,x20,x11	 x20:0x80004a94 x11:0x80009fc4
        2385000	       237	80004540	4032dd93	srai	x27,x5,0x3	  x5:0x0000000f x27=0x00000001
        2395000	       238	80004544	00be8663	beq	x29,x11,80004550	 x29:0xffffff3d x11:0x80009fc4
        2405000	       239	80004548	00af2b33	slt	x22,x30,x10	 x30:0x80009f40 x10:0x00000010 x22=0x00000001
        2415000	       240	8000454c	e1c62b93	slti	x23,x12,-484	 x12:0xf27b8d8e x23=0x00000001
        2425000	       241	80004550	544c5d17	auipc	x26,0x544c5	 x26=0xd44c954c
        2435000	       242	80004554	010cd413	srli	x8,x25,0x10	 x25:0x0000052f  x8=0x00000000
        2445000	       243	80004558	7f1de0b7	lui	x1,0x7f1de	  x1=0x7f1de000
        2455000	       244	8000455c	00000013	addi	x0,x0,0	  x0:0x00000000
        2465000	       245	80004560	00daa633	slt	x12,x21,x13	 x21:0x00000001 x13:0xc52ba376 x12=0x00000000
        2475000	       246	80004564	00c62033	slt	x0,x12,x12	 x12:0x00000000 x12:0x00000000
        2485000	       247	80004568	00000013	addi	x0,x0,0	  x0:0x00000000
        2495000	       248	8000456c	05c47063	bgeu	x8,x28,800045ac	  x8:0x00000000 x28:0x00efb315
        2505000	       249	80004570	018712b3	sll	x5,x14,x24	 x14:0x00000000 x24:0x0000052e  x5=0x00000000
        2515000	       250	80004574	01cb1193	slli	x3,x22,0x1c	 x22:0x00000001  x3=0x10000000
        2525000	       251	80004578	011d9933	sll	x18,x27,x17	 x27:0x00000001 x17:0x00000001 x18=0x00000002
        2535000	       252	8000457c	9abd4e93	xori	x29,x26,-1621	 x26:0xd44c954c x29=0x2bb36ce7
        2545000	       253	80004580	02ab7a63	bgeu	x22,x10,800045b4	 x22:0x00000001 x10:0x00000010
        2555000	       254	80004584	01c782b3	add	x5,x15,x28	 x15:0x00000000 x28:0x00efb315  x5=0x00efb315
        2565000	       255	80004588	41445713	srai	x14,x8,0x14	  x8:0x00000000 x14=0x00000000
        2575000	       256	8000458c	0041dc63	bge	x3,x4,800045a4	  x3:0x10000000  x4:0x8000471b
        2585000	       257	00000000	00000013	addi	x0,x0,0	  x0:0x00000000
        2595000	       258	800045a0	00000013	addi	x0,x0,0	  x0:0x00000000
        2605000	       259	800045a4	00b47733	and	x14,x8,x11	  x8:0x00000000 x11:0x80009fc4 x14=0x00000000
        2615000	       260	800045a8	5ca1c013	xori	x0,x3,1482	  x3:0x10000000
        2625000	       261	800045ac	01935c93	srli	x25,x6,0x19	  x6:0x0000023f x25=0x00000000
        2635000	       262	800045b0	01cc4e33	xor	x28,x24,x28	 x24:0x0000052e x28:0x00efb315 x28=0x00efb63b
        2645000	       263	800045b4	dc478213	addi	x4,x15,-572	 x15:0x00000000  x4=0xfffffdc4
        2655000	       264	800045b8	01943d13	sltiu	x26,x8,25	  x8:0x00000000 x26=0x00000001
        2665000	       265	800045bc	014b1713	slli	x14,x22,0x14	 x22:0x00000001 x14=0x00100000
        2675000	       266	800045c0	00418bb3	add	x23,x3,x4	  x3:0x10000000  x4:0xfffffdc4 x23=0x0ffffdc4
        2685000	       267	800045c4	0117a8b3	slt	x17,x15,x17	 x15:0x00000000 x17:0x00000001 x17=0x00000001
        2695000	       268	800045c8	00c6e263	bltu	x13,x12,800045cc	 x13:0xc52ba376 x12:0x00000000
        2705000	       269	800045cc	00656ab3	or	x21,x10,x6	 x10:0x00000010  x6:0x0000023f x21=0x0000023f
        2715000	       270	800045d0	01525033	srl	x0,x4,x21	  x4:0xfffffdc4 x21:0x0000023f
        2725000	       271	800045d4	058f0863	beq	x30,x24,80004624	 x30:0x80009f40 x24:0x0000052e
        2735000	       272	800045d8	00000013	addi	x0,x0,0	  x0:0x00000000
        2745000	       273	800045dc	40e1df93	srai	x31,x3,0xe	  x3:0x10000000 x31=0x00004000
        2755000	       274	800045e0	581aca93	xori	x21,x21,1409	 x21:0x0000023f x21=0x000007be
        2765000	       275	800045e4	01fd2db3	slt	x27,x26,x31	 x26:0x00000001 x31:0x00004000 x27=0x00000001
        2775000	       276	800045e8	414182b3	sub	x5,x3,x20	  x3:0x10000000 x20:0x80004a94  x5=0x8fffb56c
        2785000	       277	800045ec	59e1a613	slti	x12,x3,1438	  x3:0x10000000 x12=0x00000000
        2795000	       278	800045f0	02694463	blt	x18,x6,80004618	 x18:0x00000002  x6:0x0000023f
        2805000	       279	00000000	00000013	addi	x0,x0,0	  x0:0x00000000
        2815000	       280	80004614	00000013	addi	x0,x0,0	  x0:0x00000000
        2825000	       281	80004618	01d0c1b3	xor	x3,x1,x29	  x1:0x7f1de000 x29:0x2bb36ce7  x3=0x54ae8ce7
        2835000	       282	8000461c	41565ab3	sra	x21,x12,x21	 x12:0x00000000 x21:0x000007be x21=0x00000000
        2845000	       283	80004620	00958e33	add	x28,x11,x9	 x11:0x80009fc4  x9:0x7fffffc0 x28=0x00009f84
        2855000	       284	80004624	03958263	beq	x11,x25,80004648	 x11:0x80009fc4 x25:0x00000000
        2865000	       285	80004628	004b9833	sll	x16,x23,x4	 x23:0x0ffffdc4  x4:0xfffffdc4 x16=0xffffdc40
        2875000	       286	8000462c	51642c13	slti	x24,x8,1302	  x8:0x00000000 x24=0x00000001
        2885000	       287	80004630	00b8ca33	xor	x20,x17,x11	 x17:0x00000001 x11:0x80009fc4 x20=0x80009fc5
        2895000	       288	80004634	016824b3	slt	x9,x16,x22	 x16:0xffffdc40 x22:0x00000001  x9=0x00000001
        2905000	       289	80004638	01570033	add	x0,x14,x21	 x14:0x00100000 x21:0x00000000
        2915000	       290	8000463c	03f7ff93	andi	x31,x15,63	 x15:0x00000000 x31=0x00000000
        2925000	       291	80004640	ed5ec413	xori	x8,x29,-299	 x29:0x2bb36ce7  x8=0xd44c9232
        2935000	       292	80004644	4019d693	srai	x13,x19,0x1	 x19:0x00000001 x13=0x00000000
        2945000	       293	80004648	00de5333	srl	x6,x28,x13	 x28:0x00009f84 x13:0x00000000  x6=0x00009f84
        2955000	       294	8000464c	0086acb3	slt	x25,x13,x8	 x13:0x00000000  x8:0xd44c9232 x25=0x00000000
        2965000	       295	80004650	387af9b7	lui	x19,0x387af	 x19=0x387af000
        2975000	       296	80004654	004f11b3	sll	x3,x30,x4	 x30:0x80009f40  x4:0xfffffdc4  x3=0x0009f400
        2985000	       297	80004658	04627663	bgeu	x4,x6,800046a4	  x4:0xfffffdc4  x6:0x00009f84
        2995000	       298	00000000	00000013	addi	x0,x0,0	  x0:0x00000000
        3005000	       299	800046a0	00000013	addi	x0,x0,0	  x0:0x00000000
        3015000	       300	800046a4	11edc863	blt	x27,x30,800047b4	 x27:0x00000001 x30:0x80009f40
        3025000	       301	800046a8	7a1814b7	lui	x9,0x7a181	  x9=0x7a181000
        3035000	       302	800046ac	40efd7b3	sra	x15,x31,x14	 x31:0x00000000 x14:0x00100000 x15=0x00000000
        3045000	       303	800046b0	009adc33	srl	x24,x21,x9	 x21:0x00000000  x9:0x7a181000 x24=0x00000000
        3055000	       304	800046b4	f58e4293	xori	x5,x28,-168	 x28:0x00009f84  x5=0xffff60dc
        3065000	       305	800046b8	65f34893	xori	x17,x6,1631	  x6:0x00009f84 x17=0x000099db
        3075000	       306	800046bc	0f24e263	bltu	x9,x18,800047a0	  x9:0x7a181000 x18:0x00000002
        3085000	       307	800046c0	10357c93	andi	x25,x10,259	 x10:0x00000010 x25=0x00000000
        3095000	       308	800046c4	b61cfa13	andi	x20,x25,-1183	 x25:0x00000000 x20=0x00000000
        3105000	       309	800046c8	40d88a33	sub	x20,x17,x13	 x17:0x000099db x13:0x00000000 x20=0x000099db
        3115000	       310	800046cc	00e7c663	blt	x15,x14,800046d8	 x15:0x00000000 x14:0x00100000
        3125000	       311	00000000	00000013	addi	x0,x0,0	  x0:0x00000000
        3135000	       312	800046d4	00000013	addi	x0,x0,0	  x0:0x00000000
        3145000	       313	800046d8	40f65993	srai	x19,x12,0xf	 x12:0x00000000 x19=0x00000000
        3155000	       314	800046dc	00004c97	auipc	x25,0x4	 x25=0x800086d8
        3165000	       315	800046e0	34cc8c93	addi	x25,x25,844	 x25:0x800086d8 x25=0x80008a24
        3175000	       316	800046e4	404e5e13	srai	x28,x28,0x4	 x28:0x00009f84 x28=0x000009f8
        3185000	       317	800046e8	ffdc86a3	sb	x29,-19(x25)	 x25:0x80008a24 x29:0x2bb36ce7 PA:0x80008a11
        3195000	       318	800046ec	fc6cd603	lhu	x12,-58(x25)	 x25:0x80008a24 x12=0x0000d0d1 PA:0x800089ea
        3205000	       319	800046f0	589fa213	slti	x4,x31,1417	 x31:0x00000000  x4=0x00000001
        3215000	       320	800046f4	824988b7	lui	x17,0x82498	 x17=0x82498000
        3225000	       321	800046f8	003c8fa3	sb	x3,31(x25)	 x25:0x80008a24  x3:0x0009f400 PA:0x80008a43
        3235000	       322	800046fc	01bcc283	lbu	x5,27(x25)	 x25:0x80008a24  x5=0x00000024 PA:0x80008a3f
        3245000	       323	80004700	0147c933	xor	x18,x15,x20	 x15:0x00000000 x20:0x000099db x18=0x000099db
        3255000	       324	80004704	013c8483	lb	x9,19(x25)	 x25:0x80008a24  x9=0x0000001c PA:0x80008a37
        3265000	       325	80004708	b2f30813	addi	x16,x6,-1233	  x6:0x00009f84 x16=0x00009ab3
        3275000	       326	8000470c	fc0c8503	lb	x10,-64(x25)	 x25:0x80008a24 x10=0xffffffcf PA:0x800089e4
        3285000	       327	80004710	019ccb83	lbu	x23,25(x25)	 x25:0x80008a24 x23=0x00000026 PA:0x80008a3d
        3295000	       328	80004714	016c8fa3	sb	x22,31(x25)	 x25:0x80008a24 x22:0x00000001 PA:0x80008a43
        3305000	       329	80004718	028c9083	lh	x1,40(x25)	 x25:0x80008a24  x1=0x00003637 PA:0x80008a4c
        3315000	       330	8000471c	97b6be13	sltiu	x28,x13,-1669	 x13:0x00000000 x28=0x00000001
        3325000	       331	80004720	fd6cc683	lbu	x13,-42(x25)	 x25:0x80008a24 x13=0x000000e1 PA:0x800089fa
        3335000	       332	80004724	ff5cc503	lbu	x10,-11(x25)	 x25:0x80008a24 x10=0x00000002 PA:0x80008a19
        3345000	       333	80004728	0098adb3	slt	x27,x17,x9	 x17:0x82498000  x9:0x0000001c x27=0x00000001
        3355000	       334	8000472c	01f6bc33	sltu	x24,x13,x31	 x13:0x000000e1 x31:0x00000000 x24=0x00000000
        3365000	       335	80004730	003c80a3	sb	x3,1(x25)	 x25:0x80008a24  x3:0x0009f400 PA:0x80008a25
        3375000	       336	80004734	41630b33	sub	x22,x6,x22	  x6:0x00009f84 x22:0x00000001 x22=0x00009f83
        3385000	       337	80004738	fcac8d03	lb	x26,-54(x25)	 x25:0x80008a24 x26=0xffffffd5 PA:0x800089ee
        3395000	       338	8000473c	01bc9323	sh	x27,6(x25)	 x25:0x80008a24 x27:0x00000001 PA:0x80008a2a
        3405000	       339	80004740	019c8e83	lb	x29,25(x25)	 x25:0x80008a24 x29=0x00000026 PA:0x80008a3d
        3415000	       340	80004744	00000013	addi	x0,x0,0	  x0:0x00000000
        3425000	       341	80004748	fe4cae83	lw	x29,-28(x25)	 x25:0x80008a24 x29=0xf0f1f2f3 PA:0x80008a08
        3435000	       342	00000000	00000013	addi	x0,x0,0	  x0:0x00000000
        3445000	       343	8000474c	007e9933	sll	x18,x29,x7	 x29:0xf0f1f2f3  x7:0xff104908 x18=0xf1f2f300
        3455000	       344	80004750	414de793	ori	x15,x27,1044	 x27:0x00000001 x15=0x00000415
        3465000	       345	80004754	fe1c9e23	sh	x1,-4(x25)	 x25:0x80008a24  x1:0x00003637 PA:0x80008a20
        3475000	       346	80004758	fdbc82a3	sb	x27,-59(x25)	 x25:0x80008a24 x27:0x00000001 PA:0x800089e9
        3485000	       347	8000475c	00fcc703	lbu	x14,15(x25)	 x25:0x80008a24 x14=0x00000018 PA:0x80008a33
        3495000	       348	80004760	029cce83	lbu	x29,41(x25)	 x25:0x80008a24 x29=0x00000036 PA:0x80008a4d
        3505000	       349	80004764	00ec8d23	sb	x14,26(x25)	 x25:0x80008a24 x14:0x00000018 PA:0x80008a3e
        3515000	       350	80004768	004c9723	sh	x4,14(x25)	 x25:0x80008a24  x4:0x00000001 PA:0x80008a32
        3525000	       351	8000476c	fd1c8f83	lb	x31,-47(x25)	 x25:0x80008a24 x31=0xffffffde PA:0x800089f5
        3535000	       352	80004770	fc1cc183	lbu	x3,-63(x25)	 x25:0x80008a24  x3=0x000000ce PA:0x800089e5
        3545000	       353	80004774	00ffae33	slt	x28,x31,x15	 x31:0xffffffde x15:0x00000415 x28=0x00000001
        3555000	       354	80004778	41e28433	sub	x8,x5,x30	  x5:0x00000024 x30:0x80009f40  x8=0x7fff60e4
        3565000	       355	8000477c	00fc9723	sh	x15,14(x25)	 x25:0x80008a24 x15:0x00000415 PA:0x80008a32
        3575000	       356	80004780	017c8523	sb	x23,10(x25)	 x25:0x80008a24 x23:0x00000026 PA:0x80008a2e
        3585000	       357	80004784	0111deb3	srl	x29,x3,x17	  x3:0x000000ce x17:0x82498000 x29=0x000000ce
        3595000	       358	80004788	fcac8803	lb	x16,-54(x25)	 x25:0x80008a24 x16=0xffffffd5 PA:0x800089ee
        3605000	       359	8000478c	fd9c8883	lb	x17,-39(x25)	 x25:0x80008a24 x17=0xffffffe6 PA:0x800089fd
        3615000	       360	00000000	00000013	addi	x0,x0,0	  x0:0x00000000
        3625000	       361	80004790	0038deb3	srl	x29,x17,x3	 x17:0xffffffe6  x3:0x000000ce x29=0x0003ffff
        3635000	       362	80004794	015cc803	lbu	x16,21(x25)	 x25:0x80008a24 x16=0x00000022 PA:0x80008a39
        3645000	       363	80004798	006c9883	lh	x17,6(x25)	 x25:0x80008a24 x17=0x00000001 PA:0x80008a2a
        3655000	       364	00000000	00000013	addi	x0,x0,0	  x0:0x00000000
        3665000	       365	8000479c	01195d13	srli	x26,x18,0x11	 x18:0xf1f2f300 x26=0x000078f9
        3675000	       366	800047a0	6b9928b7	lui	x17,0x6b992	 x17=0x6b992000
        3685000	       367	800047a4	014f07b3	add	x15,x30,x20	 x30:0x80009f40 x20:0x000099db x15=0x8001391b
        3695000	       368	800047a8	186d7e93	andi	x29,x26,390	 x26:0x000078f9 x29=0x00000080
        3705000	       369	800047ac	f058b193	sltiu	x3,x17,-251	 x17:0x6b992000  x3=0x00000001
        3715000	       370	800047b0	04f09063	bne	x1,x15,800047f0	  x1:0x00003637 x15:0x8001391b
        3725000	       371	00000000	00000013	addi	x0,x0,0	  x0:0x00000000
        3735000	       372	800047ec	00000013	addi	x0,x0,0	  x0:0x00000000
        3745000	       373	800047f0	00c85c63	bge	x16,x12,80004808	 x16:0x00000022 x12:0x0000d0d1
        3755000	       374	800047f4	00715263	bge	x2,x7,800047f8	  x2:0xffffff80  x7:0xff104908
        3765000	       375	00000000	00000013	addi	x0,x0,0	  x0:0x00000000
        3775000	       376	800047f4	00000013	addi	x0,x0,0	  x0:0x00000000
        3785000	       377	800047f8	016a5933	srl	x18,x20,x22	 x20:0x000099db x22:0x00009f83 x18=0x0000133b
        3795000	       378	800047fc	e375bf93	sltiu	x31,x11,-457	 x11:0x80009fc4 x31=0x00000001
        3805000	       379	80004800	5982cb93	xori	x23,x5,1432	  x5:0x00000024 x23=0x000005bc
        3815000	       380	80004804	40b55e33	sra	x28,x10,x11	 x10:0x00000002 x11:0x80009fc4 x28=0x00000000
        3825000	       381	80004808	00269b13	slli	x22,x13,0x2	 x13:0x000000e1 x22=0x00000384
        3835000	       382	8000480c	f87fec93	ori	x25,x31,-121	 x31:0x00000001 x25=0xffffff87
        3845000	       383	80004810	6ff1b537	lui	x10,0x6ff1b	 x10=0x6ff1b000
        3855000	       384	80004814	56a8a413	slti	x8,x17,1386	 x17:0x6b992000  x8=0x00000000
        3865000	       385	80004818	010e1613	slli	x12,x28,0x10	 x28:0x00000000 x12=0x00000000
        3875000	       386	8000481c	00eed993	srli	x19,x29,0xe	 x29:0x00000080 x19=0x00000000
        3885000	       387	80004820	8e873093	sltiu	x1,x14,-1816	 x14:0x00000018  x1=0x00000001
        3895000	       388	80004824	004f2303	lw	x6,4(x30)	 x30:0x80009f40  x6=0x80005698 PA:0x80009f44
        3905000	       389	80004828	024f0f13	addi	x30,x30,36	 x30:0x80009f40 x30=0x80009f64
        3915000	       390	8000482c	01b6cdb3	xor	x27,x13,x27	 x13:0x000000e1 x27:0x00000001 x27=0x000000e0
        3925000	       391	80004830	00030d13	addi	x26,x6,0	  x6:0x80005698 x26=0x80005698
        3935000	       392	80004834	000d0d67	jalr	x26,x26,0	 x26:0x80005698 x26=0x80004834
        3945000	       393	00000000	00000013	addi	x0,x0,0	  x0:0x00000000
        3955000	       394	80005698	00000013	addi	x0,x0,0	  x0:0x00000000
        3965000	       395	8000569c	00003817	auipc	x16,0x3	 x16=0x80008698
        3975000	       396	800056a0	a1680813	addi	x16,x16,-1514	 x16:0x80008698 x16=0x800080ae
        3985000	       397	800056a4	40e65e93	srai	x29,x12,0xe	 x12:0x00000000 x29=0x00000000
        3995000	       398	800056a8	01084c83	lbu	x25,16(x16)	 x16:0x800080ae x25=0x00000075 PA:0x800080be
        4005000	       399	00000000	00000013	addi	x0,x0,0	  x0:0x00000000
        4015000	       400	800056ac	01905193	srli	x3,x0,0x19	  x0:0x00000000  x3=0x00000000
        4025000	       401	800056b0	ff180183	lb	x3,-15(x16)	 x16:0x800080ae  x3=0x00000054 PA:0x8000809f
        4035000	       402	800056b4	00a82003	lw	x0,10(x16)	 x16:0x800080ae PA:0x800080b8
        4045000	       403	800056b8	ff484d83	lbu	x27,-12(x16)	 x16:0x800080ae x27=0x00000059 PA:0x800080a2
        4055000	       404	800056bc	91f3d9b7	lui	x19,0x91f3d	 x19=0x91f3d000
        4065000	       405	800056c0	405f8133	sub	x2,x31,x5	 x31:0x00000001  x5:0x00000024  x2=0xffffffdd
        4075000	       406	800056c4	00085883	lhu	x17,0(x16)	 x16:0x800080ae x17=0x00006465 PA:0x800080ae
        4085000	       407	800056c8	00b80283	lb	x5,11(x16)	 x16:0x800080ae  x5=0x00000072 PA:0x800080b9
        4095000	       408	800056cc	aff07093	andi	x1,x0,-1281	  x0:0x00000000  x1=0x00000000
        4105000	       409	800056d0	40b65bb3	sra	x23,x12,x11	 x12:0x00000000 x11:0x80009fc4 x23=0x00000000
        4115000	       410	800056d4	ff984403	lbu	x8,-7(x16)	 x16:0x800080ae  x8=0x0000005c PA:0x800080a7
        4125000	       411	800056d8	01e81223	sh	x30,4(x16)	 x16:0x800080ae x30:0x80009f64 PA:0x800080b2
        4135000	       412	800056dc	00e81a03	lh	x20,14(x16)	 x16:0x800080ae x20=0x00007677 PA:0x800080bc
        4145000	       413	00000000	00000013	addi	x0,x0,0	  x0:0x00000000
        4155000	       414	800056e0	01445c33	srl	x24,x8,x20	  x8:0x0000005c x20:0x00007677 x24=0x00000000
        4165000	       415	800056e4	e7b13313	sltiu	x6,x2,-389	  x2:0xffffffdd  x6=0x00000000
        4175000	       416	800056e8	00a81323	sh	x10,6(x16)	 x16:0x800080ae x10:0x6ff1b000 PA:0x800080b4
        4185000	       417	800056ec	f43b4a13	xori	x20,x22,-189	 x22:0x00000384 x20=0xfffffcc7
        4195000	       418	800056f0	ffd84b83	lbu	x23,-3(x16)	 x16:0x800080ae x23=0x00000060 PA:0x800080ab
        4205000	       419	800056f4	ff180f23	sb	x17,-2(x16)	 x16:0x800080ae x17:0x00006465 PA:0x800080ac
        4215000	       420	800056f8	00faa7b3	slt	x15,x21,x15	 x21:0x00000000 x15:0x8001391b x15=0x00000000
        4225000	       421	800056fc	d4e82493	slti	x9,x16,-690	 x16:0x800080ae  x9=0x00000001
        4235000	       422	80005700	ff380203	lb	x4,-13(x16)	 x16:0x800080ae  x4=0x0000005a PA:0x800080a1
        4245000	       423	80005704	00280483	lb	x9,2(x16)	 x16:0x800080ae  x9=0x0000006b PA:0x800080b0
        4255000	       424	80005708	001bda93	srli	x21,x23,0x1	 x23:0x00000060 x21=0x00000030
        4265000	       425	8000570c	00f84d83	lbu	x27,15(x16)	 x16:0x800080ae x27=0x00000076 PA:0x800080bd
        4275000	       426	80005710	ff384083	lbu	x1,-13(x16)	 x16:0x800080ae  x1=0x0000005a PA:0x800080a1
        4285000	       427	80005714	26920193	addi	x3,x4,617	  x4:0x0000005a  x3=0x000002c3
        4295000	       428	80005718	ad7f4b93	xori	x23,x30,-1321	 x30:0x80009f64 x23=0x7fff65b3
        4305000	       429	8000571c	ff382f23	sw	x19,-2(x16)	 x16:0x800080ae x19:0x91f3d000 PA:0x800080ac
        4315000	       430	80005720	00381523	sh	x3,10(x16)	 x16:0x800080ae  x3:0x000002c3 PA:0x800080b8
        4325000	       431	80005724	00580783	lb	x15,5(x16)	 x16:0x800080ae x15=0xffffff9f PA:0x800080b3
        4335000	       432	80005728	40a75913	srai	x18,x14,0xa	 x14:0x00000018 x18=0x00000000
        4345000	       433	8000572c	017cbe33	sltu	x28,x25,x23	 x25:0x00000075 x23:0x7fff65b3 x28=0x00000001
        4355000	       434	80005730	00a80603	lb	x12,10(x16)	 x16:0x800080ae x12=0xffffffc3 PA:0x800080b8
        4365000	       435	80005734	feb80e23	sb	x11,-4(x16)	 x16:0x800080ae x11:0x80009fc4 PA:0x800080aa
        4375000	       436	80005738	00f80e83	lb	x29,15(x16)	 x16:0x800080ae x29=0x00000076 PA:0x800080bd
        4385000	       437	8000573c	01182523	sw	x17,10(x16)	 x16:0x800080ae x17:0x00006465 PA:0x800080b8
        4395000	       438	80005740	00980883	lb	x17,9(x16)	 x16:0x800080ae x17=0x0000006c PA:0x800080b7
        4405000	       439	80005744	00681a03	lh	x20,6(x16)	 x16:0x800080ae x20=0xffffb000 PA:0x800080b4
        4415000	       440	80005748	59bf2e13	slti	x28,x30,1435	 x30:0x80009f64 x28=0x00000001
        4425000	       441	8000574c	fe580da3	sb	x5,-5(x16)	 x16:0x800080ae  x5:0x00000072 PA:0x800080a9
        4435000	       442	80005750	ff885483	lhu	x9,-8(x16)	 x16:0x800080ae  x9=0x00005c5d PA:0x800080a6
        4445000	       443	80005754	6a68f893	andi	x17,x17,1702	 x17:0x0000006c x17=0x00000024
        4455000	       444	80005758	00f84483	lbu	x9,15(x16)	 x16:0x800080ae  x9=0x00000076 PA:0x800080bd
        4465000	       445	8000575c	6a6f6293	ori	x5,x30,1702	 x30:0x80009f64  x5=0x80009fe6
        4475000	       446	80005760	412c8333	sub	x6,x25,x18	 x25:0x00000075 x18:0x00000000  x6=0x00000075
        4485000	       447	80005764	ceffc913	xori	x18,x31,-785	 x31:0x00000001 x18=0xfffffcee
        4495000	       448	80005768	ff481303	lh	x6,-12(x16)	 x16:0x800080ae  x6=0x00005859 PA:0x800080a2
        4505000	       449	8000576c	00e85683	lhu	x13,14(x16)	 x16:0x800080ae x13=0x00007677 PA:0x800080bc
        4515000	       450	80005770	00003e17	auipc	x28,0x3	 x28=0x8000876c
        4525000	       451	80005774	182e0e13	addi	x28,x28,386	 x28:0x8000876c x28=0x800088ee
        4535000	       452	80005778	01c126b3	slt	x13,x2,x28	  x2:0xffffffdd x28:0x800088ee x13=0x00000000
        4545000	       453	8000577c	3ae82c17	auipc	x24,0x3ae82	 x24=0xbae87778
        4555000	       454	80005780	037e0fa3	sb	x23,63(x28)	 x28:0x800088ee x23:0x7fff65b3 PA:0x8000892d
        4565000	       455	80005784	a2fc6793	ori	x15,x24,-1489	 x24:0xbae87778 x15=0xffffff7f
        4575000	       456	80005788	01568b33	add	x22,x13,x21	 x13:0x00000000 x21:0x00000030 x22=0x00000030
        4585000	       457	8000578c	009c5eb3	srl	x29,x24,x9	 x24:0xbae87778  x9:0x00000076 x29=0x000002eb
        4595000	       458	80005790	e53e4313	xori	x6,x28,-429	 x28:0x800088ee  x6=0x7fff76bd
        4605000	       459	80005794	01ee09a3	sb	x30,19(x28)	 x28:0x800088ee x30:0x80009f64 PA:0x80008901
        4615000	       460	80005798	c0d4c913	xori	x18,x9,-1011	  x9:0x00000076 x18=0xfffffc7b
        4625000	       461	8000579c	0fde0b83	lb	x23,253(x28)	 x28:0x800088ee x23=0xffffffd0 PA:0x800089eb
        4635000	       462	800057a0	028e0803	lb	x16,40(x28)	 x28:0x800088ee x16=0xfffffffd PA:0x80008916
        4645000	       463	800057a4	00e1ad33	slt	x26,x3,x14	  x3:0x000002c3 x14:0x00000018 x26=0x00000000
        4655000	       464	800057a8	0b9e0da3	sb	x25,187(x28)	 x28:0x800088ee x25:0x00000075 PA:0x800089a9
        4665000	       465	800057ac	c2f90893	addi	x17,x18,-977	 x18:0xfffffc7b x17=0xfffff8aa
        4675000	       466	800057b0	0a9e0823	sb	x9,176(x28)	 x28:0x800088ee  x9:0x00000076 PA:0x8000899e
        4685000	       467	800057b4	005420b3	slt	x1,x8,x5	  x8:0x0000005c  x5:0x80009fe6  x1=0x00000000
        4695000	       468	800057b8	00e81cb3	sll	x25,x16,x14	 x16:0xfffffffd x14:0x00000018 x25=0xfd000000
        4705000	       469	800057bc	0ece1083	lh	x1,236(x28)	 x28:0x800088ee  x1=0xffffc0c1 PA:0x800089da
        4715000	       470	800057c0	0bee5b83	lhu	x23,190(x28)	 x28:0x800088ee x23=0x00009697 PA:0x800089ac
        4725000	       471	800057c4	053e05a3	sb	x19,75(x28)	 x28:0x800088ee x19:0x91f3d000 PA:0x80008939
        4735000	       472	800057c8	012d1513	slli	x10,x26,0x12	 x26:0x00000000 x10=0x00000000
        4745000	       473	800057cc	f2a3ed13	ori	x26,x7,-214	  x7:0xff104908 x26=0xffffff2a
        4755000	       474	800057d0	f9ee1523	sh	x30,-118(x28)	 x28:0x800088ee x30:0x80009f64 PA:0x80008878
        4765000	       475	800057d4	57848f97	auipc	x31,0x57848	 x31=0xd784d7d0
        4775000	       476	800057d8	0ffe0483	lb	x9,255(x28)	 x28:0x800088ee  x9=0xffffffd6 PA:0x800089ed
        4785000	       477	800057dc	fe0e1a83	lh	x21,-32(x28)	 x28:0x800088ee x21=0xffffb4b5 PA:0x800088ce
        4795000	       478	800057e0	f3ee1083	lh	x1,-194(x28)	 x28:0x800088ee  x1=0x00001617 PA:0x8000882c
        4805000	       479	800057e4	0185c0b3	xor	x1,x11,x24	 x11:0x80009fc4 x24:0xbae87778  x1=0x3ae8e8bc
        4815000	       480	800057e8	00e7dd93	srli	x27,x15,0xe	 x15:0xffffff7f x27=0x0003ffff
        4825000	       481	800057ec	00547bb3	and	x23,x8,x5	  x8:0x0000005c  x5:0x80009fe6 x23=0x00000044
        4835000	       482	800057f0	00000013	addi	x0,x0,0	  x0:0x00000000
        4845000	       483	800057f4	fe1e0b03	lb	x22,-31(x28)	 x28:0x800088ee x22=0xffffffb4 PA:0x800088cf
        4855000	       484	800057f8	0a4e1223	sh	x4,164(x28)	 x28:0x800088ee  x4:0x0000005a PA:0x80008992
        4865000	       485	800057fc	770f0bb7	lui	x23,0x770f0	 x23=0x770f0000
        4875000	       486	80005800	00e636b3	sltu	x13,x12,x14	 x12:0xffffffc3 x14:0x00000018 x13=0x00000000
        4885000	       487	80005804	015704b3	add	x9,x14,x21	 x14:0x00000018 x21:0xffffb4b5  x9=0xffffb4cd
        4895000	       488	80005808	477aa293	slti	x5,x21,1143	 x21:0xffffb4b5  x5=0x00000001
        4905000	       489	8000580c	f88e00a3	sb	x8,-127(x28)	 x28:0x800088ee  x8:0x0000005c PA:0x8000886f
        4915000	       490	80005810	09ce1223	sh	x28,132(x28)	 x28:0x800088ee x28:0x800088ee PA:0x80008972
        4925000	       491	80005814	0f1e03a3	sb	x17,231(x28)	 x28:0x800088ee x17:0xfffff8aa PA:0x800089d5
        4935000	       492	80005818	01af67b3	or	x15,x30,x26	 x30:0x80009f64 x26:0xffffff2a x15=0xffffff6e
        4945000	       493	8000581c	06ae2b03	lw	x22,106(x28)	 x28:0x800088ee x22=0x40414243 PA:0x80008958
        4955000	       494	80005820	00003c97	auipc	x25,0x3	 x25=0x8000881c
        4965000	       495	80005824	1acc8c93	addi	x25,x25,428	 x25:0x8000881c x25=0x800089c8
        4975000	       496	80005828	fbdcc183	lbu	x3,-67(x25)	 x25:0x800089c8  x3=0x0000006e PA:0x80008985
        4985000	       497	8000582c	d200ed13	ori	x26,x1,-736	  x1:0x3ae8e8bc x26=0xfffffdbc
        4995000	       498	80005830	01b27833	and	x16,x4,x27	  x4:0x0000005a x27:0x0003ffff x16=0x0000005a
        5005000	       499	80005834	014ad993	srli	x19,x21,0x14	 x21:0xffffb4b5 x19=0x00000fff
        5015000	       500	80005838	48caba93	sltiu	x21,x21,1164	 x21:0xffffb4b5 x21=0x00000000
        5025000	       501	8000583c	b374c493	xori	x9,x9,-1225	  x9:0xffffb4cd  x9=0x00004ffa
        5035000	       502	80005840	7ecbe2b7	lui	x5,0x7ecbe	  x5=0x7ecbe000
        5045000	       503	80005844	007efbb3	and	x23,x29,x7	 x29:0x000002eb  x7:0xff104908 x23=0x00000008
        5055000	       504	80005848	f3ec9f23	sh	x30,-194(x25)	 x25:0x800089c8 x30:0x80009f64 PA:0x80008906
        5065000	       505	8000584c	41d88133	sub	x2,x17,x29	 x17:0xfffff8aa x29:0x000002eb  x2=0xfffff5bf
        5075000	       506	80005850	41c38133	sub	x2,x7,x28	  x7:0xff104908 x28:0x800088ee  x2=0x7f0fc01a
        5085000	       507	80005854	de00ea17	auipc	x20,0xde00e	 x20=0x5e013850
        5095000	       508	80005858	f53c9f23	sh	x19,-162(x25)	 x25:0x800089c8 x19:0x00000fff PA:0x80008926
        5105000	       509	8000585c	5806ed93	ori	x27,x13,1408	 x13:0x00000000 x27=0x00000580
        5115000	       510	80005860	052c9b83	lh	x23,82(x25)	 x25:0x800089c8 x23=0x00000001 PA:0x80008a1a
        5125000	       511	00000000	00000013	addi	x0,x0,0	  x0:0x00000000
        5135000	       512	80005864	037ccf83	lbu	x31,55(x25)	 x25:0x800089c8 x31=0x000000e4 PA:0x800089ff
        5145000	       513	80005868	0132e7b3	or	x15,x5,x19	  x5:0x7ecbe000 x19:0x00000fff x15=0x7ecbefff
        5155000	       514	8000586c	080c9883	lh	x17,128(x25)	 x25:0x800089c8 x17=0x00003233 PA:0x80008a48
        5165000	       515	80005870	000dc0b3	xor	x1,x27,x0	 x27:0x00000580  x0:0x00000000  x1=0x00000580
        5175000	       516	80005874	01c42533	slt	x10,x8,x28	  x8:0x0000005c x28:0x800088ee x10=0x00000000
        5185000	       517	80005878	9d71c0b7	lui	x1,0x9d71c	  x1=0x9d71c000
        5195000	       518	8000587c	01b6a533	slt	x10,x13,x27	 x13:0x00000000 x27:0x00000580 x10=0x00000001
        5205000	       519	80005880	ff9ccd83	lbu	x27,-7(x25)	 x25:0x800089c8 x27=0x000000aa PA:0x800089c1
        5215000	       520	80005884	f05c8483	lb	x9,-251(x25)	 x25:0x800089c8  x9=0xffffffb6 PA:0x800088cd
        5225000	       521	80005888	f39c8ca3	sb	x25,-199(x25)	 x25:0x800089c8 x25:0x800089c8 PA:0x80008901
        5235000	       522	8000588c	c90e5097	auipc	x1,0xc90e5	  x1=0x490ea888
        5245000	       523	80005890	011dcfb3	xor	x31,x27,x17	 x27:0x000000aa x17:0x00003233 x31=0x00003299
        5255000	       524	80005894	da5af713	andi	x14,x21,-603	 x21:0x00000000 x14=0x00000000
        5265000	       525	80005898	00b01733	sll	x14,x0,x11	  x0:0x00000000 x11:0x80009fc4 x14=0x00000000
        5275000	       526	8000589c	00a07533	and	x10,x0,x10	  x0:0x00000000 x10:0x00000001 x10=0x00000000
        5285000	       527	800058a0	fcbc8183	lb	x3,-53(x25)	 x25:0x800089c8  x3=0x00000000 PA:0x80008993
        5295000	       528	800058a4	005f5d93	srli	x27,x30,0x5	 x30:0x80009f64 x27=0x040004fb
        5305000	       529	800058a8	0161a833	slt	x16,x3,x22	  x3:0x00000000 x22:0x40414243 x16=0x00000001
        5315000	       530	800058ac	13f17693	andi	x13,x2,319	  x2:0x7f0fc01a x13=0x0000001a
        5325000	       531	800058b0	f83c8fa3	sb	x3,-97(x25)	 x25:0x800089c8  x3:0x00000000 PA:0x80008967
        5335000	       532	800058b4	fb9cc183	lbu	x3,-71(x25)	 x25:0x800089c8  x3=0x0000006a PA:0x80008981
        5345000	       533	800058b8	092cdc03	lhu	x24,146(x25)	 x25:0x800089c8 x24=0x00004041 PA:0x80008a5a
        5355000	       534	00000000	00000013	addi	x0,x0,0	  x0:0x00000000
        5365000	       535	800058bc	018ea533	slt	x10,x29,x24	 x29:0x000002eb x24:0x00004041 x10=0x00000001
        5375000	       536	800058c0	00fa14b3	sll	x9,x20,x15	 x20:0x5e013850 x15:0x7ecbefff  x9=0x00000000
        5385000	       537	800058c4	123abc13	sltiu	x24,x21,291	 x21:0x00000000 x24=0x00000001
        5395000	       538	800058c8	017036b3	sltu	x13,x0,x23	  x0:0x00000000 x23:0x00000001 x13=0x00000001
        5405000	       539	800058cc	fb0c9403	lh	x8,-80(x25)	 x25:0x800089c8  x8=0x00006263 PA:0x80008978
        5415000	       540	800058d0	00003117	auipc	x2,0x3	  x2=0x800088cc
        5425000	       541	800058d4	a6110113	addi	x2,x2,-1439	  x2:0x800088cc  x2=0x8000832d
        5435000	       542	800058d8	013f92b3	sll	x5,x31,x19	 x31:0x00003299 x19:0x00000fff  x5=0x80000000
        5445000	       543	800058dc	ff210a83	lb	x21,-14(x2)	  x2:0x8000832d x21=0xffffffd4 PA:0x8000831f
        5455000	       544	800058e0	f6cd2213	slti	x4,x26,-148	 x26:0xfffffdbc  x4=0x00000001
        5465000	       545	800058e4	78393b13	sltiu	x22,x18,1923	 x18:0xfffffc7b x22=0x00000000
        5475000	       546	800058e8	01c10123	sb	x28,2(x2)	  x2:0x8000832d x28:0x800088ee PA:0x8000832f
        5485000	       547	800058ec	00b11683	lh	x13,11(x2)	  x2:0x8000832d x13=0xfffff2f3 PA:0x80008338
        5495000	       548	800058f0	00c14a83	lbu	x21,12(x2)	  x2:0x8000832d x21=0x000000f2 PA:0x80008339
        5505000	       549	800058f4	00b10623	sb	x11,12(x2)	  x2:0x8000832d x11:0x80009fc4 PA:0x80008339
        5515000	       550	800058f8	000b1013	slli	x0,x22,0x0	 x22:0x00000000
        5525000	       551	800058fc	01010603	lb	x12,16(x2)	  x2:0x8000832d x12=0xfffffff6 PA:0x8000833d
        5535000	       552	80005900	ff210903	lb	x18,-14(x2)	  x2:0x8000832d x18=0xffffffd4 PA:0x8000831f
        5545000	       553	80005904	40e7ddb3	sra	x27,x15,x14	 x15:0x7ecbefff x14:0x00000000 x27=0x7ecbefff
        5555000	       554	80005908	0118c933	xor	x18,x17,x17	 x17:0x00003233 x17:0x00003233 x18=0x00000000
        5565000	       555	8000590c	01b8d213	srli	x4,x17,0x1b	 x17:0x00003233  x4=0x00000000
        5575000	       556	80005910	04984f93	xori	x31,x16,73	 x16:0x00000001 x31=0x00000048
        5585000	       557	80005914	013226b3	slt	x13,x4,x19	  x4:0x00000000 x19:0x00000fff x13=0x00000001
        5595000	       558	80005918	41dbdb13	srai	x22,x23,0x1d	 x23:0x00000001 x22=0x00000000
        5605000	       559	8000591c	58c58413	addi	x8,x11,1420	 x11:0x80009fc4  x8=0x8000a550
        5615000	       560	80005920	00e10403	lb	x8,14(x2)	  x2:0x8000832d  x8=0xfffffff0 PA:0x8000833b
        5625000	       561	80005924	00314d83	lbu	x27,3(x2)	  x2:0x8000832d x27=0x000000eb PA:0x80008330
        5635000	       562	80005928	fed12fa3	sw	x13,-1(x2)	  x2:0x8000832d x13:0x00000001 PA:0x8000832c
        5645000	       563	8000592c	8f226317	auipc	x6,0x8f226	  x6=0x0f22b928
        5655000	       564	80005930	002114a3	sh	x2,9(x2)	  x2:0x8000832d  x2:0x8000832d PA:0x80008336
        5665000	       565	80005934	010aabb3	slt	x23,x21,x16	 x21:0x000000f2 x16:0x00000001 x23=0x00000000
        5675000	       566	80005938	ff912fa3	sw	x25,-1(x2)	  x2:0x8000832d x25:0x800089c8 PA:0x8000832c
        5685000	       567	8000593c	00814283	lbu	x5,8(x2)	  x2:0x8000832d  x5=0x000000ee PA:0x80008335
        5695000	       568	80005940	00000013	addi	x0,x0,0	  x0:0x00000000
        5705000	       569	80005944	40d00db3	sub	x27,x0,x13	  x0:0x00000000 x13:0x00000001 x27=0xffffffff
        5715000	       570	80005948	00a2fc33	and	x24,x5,x10	  x5:0x000000ee x10:0x00000001 x24=0x00000000
        5725000	       571	8000594c	00014403	lbu	x8,0(x2)	  x2:0x8000832d  x8=0x00000089 PA:0x8000832d
        5735000	       572	80005950	fe410fa3	sb	x4,-1(x2)	  x2:0x8000832d  x4:0x00000000 PA:0x8000832c
        5745000	       573	80005954	ff514b03	lbu	x22,-11(x2)	  x2:0x8000832d x22=0x000000d9 PA:0x80008322
        5755000	       574	80005958	004a8833	add	x16,x21,x4	 x21:0x000000f2  x4:0x00000000 x16=0x000000f2
        5765000	       575	8000595c	01759a33	sll	x20,x11,x23	 x11:0x80009fc4 x23:0x00000000 x20=0x80009fc4
        5775000	       576	80005960	ffc10a83	lb	x21,-4(x2)	  x2:0x8000832d x21=0xffffffe2 PA:0x80008329
        5785000	       577	80005964	ff115983	lhu	x19,-15(x2)	  x2:0x8000832d x19=0x0000d4d5 PA:0x8000831e
        5795000	       578	80005968	ff515183	lhu	x3,-11(x2)	  x2:0x8000832d  x3=0x0000d8d9 PA:0x80008322
        5805000	       579	8000596c	00710323	sb	x7,6(x2)	  x2:0x8000832d  x7:0xff104908 PA:0x80008333
        5815000	       580	80005970	404654b3	sra	x9,x12,x4	 x12:0xfffffff6  x4:0x00000000  x9=0xfffffff6
        5825000	       581	80005974	ff915483	lhu	x9,-7(x2)	  x2:0x8000832d  x9=0x0000dcdd PA:0x80008326
        5835000	       582	80005978	0087b2b3	sltu	x5,x15,x8	 x15:0x7ecbefff  x8:0x00000089  x5=0x00000000
        5845000	       583	8000597c	99d1b813	sltiu	x16,x3,-1635	  x3:0x0000d8d9 x16=0x00000001
        5855000	       584	80005980	00910c03	lb	x24,9(x2)	  x2:0x8000832d x24=0x0000002d PA:0x80008336
        5865000	       585	80005984	0066ba33	sltu	x20,x13,x6	 x13:0x00000001  x6:0x0f22b928 x20=0x00000001
        5875000	       586	80005988	ffd10a23	sb	x29,-12(x2)	  x2:0x8000832d x29:0x000002eb PA:0x80008321
        5885000	       587	8000598c	9a64fa13	andi	x20,x9,-1626	  x9:0x0000dcdd x20=0x0000d884
        5895000	       588	80005990	00e10783	lb	x15,14(x2)	  x2:0x8000832d x15=0xfffffff0 PA:0x8000833b
        5905000	       589	80005994	ff410ba3	sb	x20,-9(x2)	  x2:0x8000832d x20:0x0000d884 PA:0x80008324
        5915000	       590	80005998	3767a893	slti	x17,x15,886	 x15:0xfffffff0 x17=0x00000001
        5925000	       591	8000599c	ffb12403	lw	x8,-5(x2)	  x2:0x8000832d  x8=0xe0e1e2e3 PA:0x80008328
        5935000	       592	800059a0	00003a17	auipc	x20,0x3	 x20=0x8000899c
        5945000	       593	800059a4	811a0a13	addi	x20,x20,-2031	 x20:0x8000899c x20=0x800081ad
        5955000	       594	800059a8	004a21a3	sw	x4,3(x20)	 x20:0x800081ad  x4:0x00000000 PA:0x800081b0
        5965000	       595	800059ac	2be7a013	slti	x0,x15,702	 x15:0xfffffff0
        5975000	       596	800059b0	b9d77137	lui	x2,0xb9d77	  x2=0xb9d77000
        5985000	       597	800059b4	7bee3813	sltiu	x16,x28,1982	 x28:0x800088ee x16=0x00000000
        5995000	       598	800059b8	ff9a0083	lb	x1,-7(x20)	 x20:0x800081ad  x1=0x0000005d PA:0x800081a6
        6005000	       599	800059bc	00aa0483	lb	x9,10(x20)	 x20:0x800081ad  x9=0x0000006c PA:0x800081b7
        6015000	       600	800059c0	ffca4603	lbu	x12,-4(x20)	 x20:0x800081ad x12=0x00000062 PA:0x800081a9
        6025000	       601	800059c4	01adb693	sltiu	x13,x27,26	 x27:0xffffffff x13=0x00000000
        6035000	       602	800059c8	ff5a0ea3	sb	x21,-3(x20)	 x20:0x800081ad x21:0xffffffe2 PA:0x800081aa
        6045000	       603	800059cc	00aa0483	lb	x9,10(x20)	 x20:0x800081ad  x9=0x0000006c PA:0x800081b7
        6055000	       604	800059d0	00ca0e03	lb	x28,12(x20)	 x20:0x800081ad x28=0x00000072 PA:0x800081b9
        6065000	       605	800059d4	72b82237	lui	x4,0x72b82	  x4=0x72b82000
        6075000	       606	800059d8	404da093	slti	x1,x27,1028	 x27:0xffffffff  x1=0x00000001
        6085000	       607	800059dc	00744eb3	xor	x29,x8,x7	  x8:0xe0e1e2e3  x7:0xff104908 x29=0x1ff1abeb
        6095000	       608	800059e0	4107db33	sra	x22,x15,x16	 x15:0xfffffff0 x16:0x00000000 x22=0xfffffff0
        6105000	       609	800059e4	ffea0783	lb	x15,-2(x20)	 x20:0x800081ad x15=0x00000060 PA:0x800081ab
        6115000	       610	800059e8	003a5b03	lhu	x22,3(x20)	 x20:0x800081ad x22=0x00000000 PA:0x800081b0
        6125000	       611	800059ec	00947fb3	and	x31,x8,x9	  x8:0xe0e1e2e3  x9:0x0000006c x31=0x00000060
        6135000	       612	800059f0	00000013	addi	x0,x0,0	  x0:0x00000000
        6145000	       613	800059f4	c50e0b13	addi	x22,x28,-944	 x28:0x00000072 x22=0xfffffcc2
        6155000	       614	800059f8	011abeb3	sltu	x29,x21,x17	 x21:0xffffffe2 x17:0x00000001 x29=0x00000000
        6165000	       615	800059fc	fe6a0aa3	sb	x6,-11(x20)	 x20:0x800081ad  x6:0x0f22b928 PA:0x800081a2
        6175000	       616	80005a00	008d3133	sltu	x2,x26,x8	 x26:0xfffffdbc  x8:0xe0e1e2e3  x2=0x00000000
        6185000	       617	80005a04	007300b3	add	x1,x6,x7	  x6:0x0f22b928  x7:0xff104908  x1=0x0e330230
        6195000	       618	80005a08	de1b0193	addi	x3,x22,-543	 x22:0xfffffcc2  x3=0xfffffaa3
        6205000	       619	80005a0c	dd3eae97	auipc	x29,0xdd3ea	 x29=0x5d3efa08
        6215000	       620	80005a10	01c59413	slli	x8,x11,0x1c	 x11:0x80009fc4  x8=0x40000000
        6225000	       621	80005a14	0087ca63	blt	x15,x8,80005a28	 x15:0x00000060  x8:0x40000000
        6235000	       622	00000000	00000013	addi	x0,x0,0	  x0:0x00000000
        6245000	       623	80005a24	00000013	addi	x0,x0,0	  x0:0x00000000
        6255000	       624	80005a28	01963633	sltu	x12,x12,x25	 x12:0x00000062 x25:0x800089c8 x12=0x00000001
        6265000	       625	80005a2c	cc673e37	lui	x28,0xcc673	 x28=0xcc673000
        6275000	       626	80005a30	94e90237	lui	x4,0x94e90	  x4=0x94e90000
        6285000	       627	80005a34	01718cb3	add	x25,x3,x23	  x3:0xfffffaa3 x23:0x00000000 x25=0xfffffaa3
        6295000	       628	80005a38	6ce40213	addi	x4,x8,1742	  x8:0x40000000  x4=0x400006ce
        6305000	       629	80005a3c	d2707513	andi	x10,x0,-729	  x0:0x00000000 x10=0x00000000
        6315000	       630	80005a40	411e8933	sub	x18,x29,x17	 x29:0x5d3efa08 x17:0x00000001 x18=0x5d3efa07
        6325000	       631	80005a44	9bbd4517	auipc	x10,0x9bbd4	 x10=0x1bbd9a40
        6335000	       632	80005a48	01d14bb3	xor	x23,x2,x29	  x2:0x00000000 x29:0x5d3efa08 x23=0x5d3efa08
        6345000	       633	80005a4c	0088ee63	bltu	x17,x8,80005a68	 x17:0x00000001  x8:0x40000000
        6355000	       634	00000000	00000013	addi	x0,x0,0	  x0:0x00000000
        6365000	       635	80005a64	00000013	addi	x0,x0,0	  x0:0x00000000
        6375000	       636	80005a68	03d95463	bge	x18,x29,80005a90	 x18:0x5d3efa07 x29:0x5d3efa08
        6385000	       637	80005a6c	41bed513	srai	x10,x29,0x1b	 x29:0x5d3efa08 x10=0x0000000b
        6395000	       638	80005a70	b3450693	addi	x13,x10,-1228	 x10:0x0000000b x13=0xfffffb3f
        6405000	       639	80005a74	0139ffb3	and	x31,x19,x19	 x19:0x0000d4d5 x19:0x0000d4d5 x31=0x0000d4d5
        6415000	       640	80005a78	404489b3	sub	x19,x9,x4	  x9:0x0000006c  x4:0x400006ce x19=0xbffff99e
        6425000	       641	80005a7c	000cabb3	slt	x23,x25,x0	 x25:0xfffffaa3  x0:0x00000000 x23=0x00000001
        6435000	       642	80005a80	00000013	addi	x0,x0,0	  x0:0x00000000
        6445000	       643	80005a84	40c30233	sub	x4,x6,x12	  x6:0x0f22b928 x12:0x00000001  x4=0x0f22b927
        6455000	       644	80005a88	06d85c63	bge	x16,x13,80005b00	 x16:0x00000000 x13:0xfffffb3f
        6465000	       645	00000000	00000013	addi	x0,x0,0	  x0:0x00000000
        6475000	       646	80005afc	00000013	addi	x0,x0,0	  x0:0x00000000
        6485000	       647	80005b00	00408ab3	add	x21,x1,x4	  x1:0x0e330230  x4:0x0f22b927 x21=0x1d55bb57
        6495000	       648	80005b04	e026bb93	sltiu	x23,x13,-510	 x13:0xfffffb3f x23=0x00000001
        6505000	       649	80005b08	003147b3	xor	x15,x2,x3	  x2:0x00000000  x3:0xfffffaa3 x15=0xfffffaa3
        6515000	       650	80005b0c	8225fb93	andi	x23,x11,-2014	 x11:0x80009fc4 x23=0x80009800
        6525000	       651	80005b10	41ea8433	sub	x8,x21,x30	 x21:0x1d55bb57 x30:0x80009f64  x8=0x9d551bf3
        6535000	       652	80005b14	c4da6c13	ori	x24,x20,-947	 x20:0x800081ad x24=0xfffffded
        6545000	       653	80005b18	0104b4b3	sltu	x9,x9,x16	  x9:0x0000006c x16:0x00000000  x9=0x00000000
        6555000	       654	80005b1c	00961b93	slli	x23,x12,0x9	 x12:0x00000001 x23=0x00000200
        6565000	       655	80005b20	0139c333	xor	x6,x19,x19	 x19:0xbffff99e x19:0xbffff99e  x6=0x00000000
        6575000	       656	80005b24	c017f937	lui	x18,0xc017f	 x18=0xc017f000
        6585000	       657	80005b28	03916e63	bltu	x2,x25,80005b64	  x2:0x00000000 x25:0xfffffaa3
        6595000	       658	00000000	00000013	addi	x0,x0,0	  x0:0x00000000
        6605000	       659	80005b60	00000013	addi	x0,x0,0	  x0:0x00000000
        6615000	       660	80005b64	018add93	srli	x27,x21,0x18	 x21:0x1d55bb57 x27=0x0000001d
        6625000	       661	80005b68	401457b3	sra	x15,x8,x1	  x8:0x9d551bf3  x1:0x0e330230 x15=0xffff9d55
        6635000	       662	80005b6c	03926663	bltu	x4,x25,80005b98	  x4:0x0f22b927 x25:0xfffffaa3
        6645000	       663	00000000	00000013	addi	x0,x0,0	  x0:0x00000000
        6655000	       664	80005b94	00000013	addi	x0,x0,0	  x0:0x00000000
        6665000	       665	80005b98	0087f863	bgeu	x15,x8,80005ba8	 x15:0xffff9d55  x8:0x9d551bf3
        6675000	       666	00000000	00000013	addi	x0,x0,0	  x0:0x00000000
        6685000	       667	80005ba4	00000013	addi	x0,x0,0	  x0:0x00000000
        6695000	       668	80005ba8	0059f9b3	and	x19,x19,x5	 x19:0xbffff99e  x5:0x00000000 x19=0x00000000
        6705000	       669	80005bac	0017bab3	sltu	x21,x15,x1	 x15:0xffff9d55  x1:0x0e330230 x21=0x00000000
        6715000	       670	80005bb0	423e1537	lui	x10,0x423e1	 x10=0x423e1000
        6725000	       671	80005bb4	0024aab3	slt	x21,x9,x2	  x9:0x00000000  x2:0x00000000 x21=0x00000000
        6735000	       672	80005bb8	cd070113	addi	x2,x14,-816	 x14:0x00000000  x2=0xfffffcd0
        6745000	       673	80005bbc	6b1cc193	xori	x3,x25,1713	 x25:0xfffffaa3  x3=0xfffffc12
        6755000	       674	80005bc0	01635a13	srli	x20,x6,0x16	  x6:0x00000000 x20=0x00000000
        6765000	       675	80005bc4	31e7f793	andi	x15,x15,798	 x15:0xffff9d55 x15=0x00000114
        6775000	       676	80005bc8	00ca7e63	bgeu	x20,x12,80005be4	 x20:0x00000000 x12:0x00000001
        6785000	       677	80005bcc	0c658e13	addi	x28,x11,198	 x11:0x80009fc4 x28=0x8000a08a
        6795000	       678	80005bd0	0069d1b3	srl	x3,x19,x6	 x19:0x00000000  x6:0x00000000  x3=0x00000000
        6805000	       679	80005bd4	00e87863	bgeu	x16,x14,80005be4	 x16:0x00000000 x14:0x00000000
        6815000	       680	00000000	00000013	addi	x0,x0,0	  x0:0x00000000
        6825000	       681	80005be0	00000013	addi	x0,x0,0	  x0:0x00000000
        6835000	       682	80005be4	00000013	addi	x0,x0,0	  x0:0x00000000
        6845000	       683	80005be8	40105033	sra	x0,x0,x1	  x0:0x00000000  x1:0x0e330230
        6855000	       684	80005bec	00121633	sll	x12,x4,x1	  x4:0x0f22b927  x1:0x0e330230 x12=0xb9270000
        6865000	       685	80005bf0	02081263	bne	x16,x0,80005c14	 x16:0x00000000  x0:0x00000000
        6875000	       686	80005bf4	00a65e63	bge	x12,x10,80005c10	 x12:0xb9270000 x10:0x423e1000
        6885000	       687	80005bf8	01f08cb3	add	x25,x1,x31	  x1:0x0e330230 x31:0x0000d4d5 x25=0x0e33d705
        6895000	       688	80005bfc	6ab8ebb7	lui	x23,0x6ab8e	 x23=0x6ab8e000
        6905000	       689	80005c00	0121f0b3	and	x1,x3,x18	  x3:0x00000000 x18:0xc017f000  x1=0x00000000
        6915000	       690	80005c04	00000c63	beq	x0,x0,80005c1c	  x0:0x00000000  x0:0x00000000
        6925000	       691	00000000	00000013	addi	x0,x0,0	  x0:0x00000000
        6935000	       692	80005c18	00000013	addi	x0,x0,0	  x0:0x00000000
        6945000	       693	80005c1c	013d44b3	xor	x9,x26,x19	 x26:0xfffffdbc x19:0x00000000  x9=0xfffffdbc
        6955000	       694	80005c20	8c078513	addi	x10,x15,-1856	 x15:0x00000114 x10=0xfffff9d4
        6965000	       695	80005c24	01501013	slli	x0,x0,0x15	  x0:0x00000000
        6975000	       696	80005c28	0081a133	slt	x2,x3,x8	  x3:0x00000000  x8:0x9d551bf3  x2=0x00000000
        6985000	       697	80005c2c	0162f733	and	x14,x5,x22	  x5:0x00000000 x22:0xfffffcc2 x14=0x00000000
        6995000	       698	80005c30	2a0c0e93	addi	x29,x24,672	 x24:0xfffffded x29=0x0000008d
        7005000	       699	80005c34	03716463	bltu	x2,x23,80005c5c	  x2:0x00000000 x23:0x6ab8e000
        7015000	       700	00000000	00000013	addi	x0,x0,0	  x0:0x00000000
        7025000	       701	80005c58	00000013	addi	x0,x0,0	  x0:0x00000000
        7035000	       702	80005c5c	047b7263	bgeu	x22,x7,80005ca0	 x22:0xfffffcc2  x7:0xff104908
        7045000	       703	00000000	00000013	addi	x0,x0,0	  x0:0x00000000
        7055000	       704	80005c9c	00000013	addi	x0,x0,0	  x0:0x00000000
        7065000	       705	80005ca0	019af7b3	and	x15,x21,x25	 x21:0x00000000 x25:0x0e33d705 x15=0x00000000
        7075000	       706	80005ca4	03ff0463	beq	x30,x31,80005ccc	 x30:0x80009f64 x31:0x0000d4d5
        7085000	       707	80005ca8	00bc28b3	slt	x17,x24,x11	 x24:0xfffffded x11:0x80009fc4 x17=0x00000000
        7095000	       708	80005cac	00cd5f93	srli	x31,x26,0xc	 x26:0xfffffdbc x31=0x000fffff
        7105000	       709	80005cb0	015b2fb3	slt	x31,x22,x21	 x22:0xfffffcc2 x21:0x00000000 x31=0x00000001
        7115000	       710	80005cb4	0084f2b3	and	x5,x9,x8	  x9:0xfffffdbc  x8:0x9d551bf3  x5=0x9d5519b0
        7125000	       711	80005cb8	405481b3	sub	x3,x9,x5	  x9:0xfffffdbc  x5:0x9d5519b0  x3=0x62aae40c
        7135000	       712	80005cbc	4030deb3	sra	x29,x1,x3	  x1:0x00000000  x3:0x62aae40c x29=0x00000000
        7145000	       713	80005cc0	01ab4c63	blt	x22,x26,80005cd8	 x22:0xfffffcc2 x26:0xfffffdbc
        7155000	       714	00000000	00000013	addi	x0,x0,0	  x0:0x00000000
        7165000	       715	80005cd4	00000013	addi	x0,x0,0	  x0:0x00000000
        7175000	       716	80005cd8	023f5a63	bge	x30,x3,80005d0c	 x30:0x80009f64  x3:0x62aae40c
        7185000	       717	80005cdc	403789b3	sub	x19,x15,x3	 x15:0x00000000  x3:0x62aae40c x19=0x9d551bf4
        7195000	       718	80005ce0	37a08a13	addi	x20,x1,890	  x1:0x00000000 x20=0x0000037a
        7205000	       719	80005ce4	0075bc33	sltu	x24,x11,x7	 x11:0x80009fc4  x7:0xff104908 x24=0x00000001
        7215000	       720	80005ce8	00aef1b3	and	x3,x29,x10	 x29:0x00000000 x10:0xfffff9d4  x3=0x00000000
        7225000	       721	80005cec	00125033	srl	x0,x4,x1	  x4:0x0f22b927  x1:0x00000000
        7235000	       722	80005cf0	fc616213	ori	x4,x2,-58	  x2:0x00000000  x4=0xffffffc6
        7245000	       723	80005cf4	01784933	xor	x18,x16,x23	 x16:0x00000000 x23:0x6ab8e000 x18=0x6ab8e000
        7255000	       724	80005cf8	00ff0533	add	x10,x30,x15	 x30:0x80009f64 x15:0x00000000 x10=0x80009f64
        7265000	       725	80005cfc	cc95a693	slti	x13,x11,-823	 x11:0x80009fc4 x13=0x00000001
        7275000	       726	80005d00	0026f463	bgeu	x13,x2,80005d08	 x13:0x00000001  x2:0x00000000
        7285000	       727	00000000	00000013	addi	x0,x0,0	  x0:0x00000000
        7295000	       728	80005d04	00000013	addi	x0,x0,0	  x0:0x00000000
        7305000	       729	80005d08	d91fe36f	jal	x6,80005d08	  x6=0x80005d08
        7315000	       730	00000000	00000013	addi	x0,x0,0	  x0:0x00000000
        7325000	       731	80004a94	00000013	addi	x0,x0,0	  x0:0x00000000
        7335000	       732	80004a98	4a8a7f93	andi	x31,x20,1192	 x20:0x0000037a x31=0x00000028
        7345000	       733	80004a9c	ff0f0f13	addi	x30,x30,-16	 x30:0x80009f64 x30=0x80009f54
        7355000	       734	80004aa0	00675c93	srli	x25,x14,0x6	 x14:0x00000000 x25=0x00000000
        7365000	       735	80004aa4	aeff3117	auipc	x2,0xaeff3	  x2=0x2eff7aa0
        7375000	       736	80004aa8	41fcdeb3	sra	x29,x25,x31	 x25:0x00000000 x31:0x00000028 x29=0x00000000
        7385000	       737	80004aac	4077ddb3	sra	x27,x15,x7	 x15:0x00000000  x7:0xff104908 x27=0x00000000
        7395000	       738	80004ab0	006ad993	srli	x19,x21,0x6	 x21:0x00000000 x19=0x00000000
        7405000	       739	80004ab4	006f2223	sw	x6,4(x30)	 x30:0x80009f54  x6:0x80005d08 PA:0x80009f58
        7415000	       740	80004ab8	40be56b3	sra	x13,x28,x11	 x28:0x8000a08a x11:0x80009fc4 x13=0xf8000a08
        7425000	       741	80004abc	00e48fb3	add	x31,x9,x14	  x9:0xfffffdbc x14:0x00000000 x31=0xfffffdbc
        7435000	       742	80004ac0	00004117	auipc	x2,0x4	  x2=0x80008abc
        7445000	       743	80004ac4	8b610113	addi	x2,x2,-1866	  x2:0x80008abc  x2=0x80008372
        7455000	       744	80004ac8	ffb14c83	lbu	x25,-5(x2)	  x2:0x80008372 x25=0x00000026 PA:0x8000836d
        7465000	       745	80004acc	01a103a3	sb	x26,7(x2)	  x2:0x80008372 x26:0xfffffdbc PA:0x80008379
        7475000	       746	80004ad0	00e1d933	srl	x18,x3,x14	  x3:0x00000000 x14:0x00000000 x18=0x00000000
        7485000	       747	80004ad4	6664ed13	ori	x26,x9,1638	  x9:0xfffffdbc x26=0xfffffffe
        7495000	       748	80004ad8	40820c33	sub	x24,x4,x8	  x4:0xffffffc6  x8:0x9d551bf3 x24=0x62aae3d3
        7505000	       749	80004adc	00a10703	lb	x14,10(x2)	  x2:0x80008372 x14=0x00000037 PA:0x8000837c
        7515000	       750	80004ae0	6150c493	xori	x9,x1,1557	  x1:0x00000000  x9=0x00000615
        7525000	       751	80004ae4	014df633	and	x12,x27,x20	 x27:0x00000000 x20:0x0000037a x12=0x00000000
        7535000	       752	80004ae8	01346033	or	x0,x8,x19	  x8:0x9d551bf3 x19:0x00000000
        7545000	       753	80004aec	00310e83	lb	x29,3(x2)	  x2:0x80008372 x29=0x0000002e PA:0x80008375
        7555000	       754	80004af0	00fe3333	sltu	x6,x28,x15	 x28:0x8000a08a x15:0x00000000  x6=0x00000000
        7565000	       755	80004af4	40ce5233	sra	x4,x28,x12	 x28:0x8000a08a x12:0x00000000  x4=0x8000a08a
        7575000	       756	80004af8	017ea0b3	slt	x1,x29,x23	 x29:0x0000002e x23:0x6ab8e000  x1=0x00000001
        7585000	       757	80004afc	00714603	lbu	x12,7(x2)	  x2:0x80008372 x12=0x000000bc PA:0x80008379
        7595000	       758	80004b00	015104a3	sb	x21,9(x2)	  x2:0x80008372 x21:0x00000000 PA:0x8000837b
        7605000	       759	80004b04	f62e4f93	xori	x31,x28,-158	 x28:0x8000a08a x31=0x7fff5fe8
        7615000	       760	80004b08	e2f5e093	ori	x1,x11,-465	 x11:0x80009fc4  x1=0xffffffef
        7625000	       761	80004b0c	004e1313	slli	x6,x28,0x4	 x28:0x8000a08a  x6=0x000a08a0
        7635000	       762	80004b10	c8d06913	ori	x18,x0,-883	  x0:0x00000000 x18=0xfffffc8d
        7645000	       763	80004b14	00000013	addi	x0,x0,0	  x0:0x00000000
        7655000	       764	80004b18	00314b03	lbu	x22,3(x2)	  x2:0x80008372 x22=0x0000002e PA:0x80008375
        7665000	       765	80004b1c	001a1cb3	sll	x25,x20,x1	 x20:0x0000037a  x1:0xffffffef x25=0x01bd0000
        7675000	       766	80004b20	019500b3	add	x1,x10,x25	 x10:0x80009f64 x25:0x01bd0000  x1=0x81bd9f64
        7685000	       767	80004b24	ff7108a3	sb	x23,-15(x2)	  x2:0x80008372 x23:0x6ab8e000 PA:0x80008363
        7695000	       768	80004b28	cd643a13	sltiu	x20,x8,-810	  x8:0x9d551bf3 x20=0x00000001
        7705000	       769	80004b2c	0140dab3	srl	x21,x1,x20	  x1:0x81bd9f64 x20:0x00000001 x21=0x40decfb2
        7715000	       770	80004b30	00112523	sw	x1,10(x2)	  x2:0x80008372  x1:0x81bd9f64 PA:0x8000837c
        7725000	       771	80004b34	01011b03	lh	x22,16(x2)	  x2:0x80008372 x22=0x00003839 PA:0x80008382
        7735000	       772	80004b38	01a430b3	sltu	x1,x8,x26	  x8:0x9d551bf3 x26:0xfffffffe  x1=0x00000001
        7745000	       773	80004b3c	01db1c13	slli	x24,x22,0x1d	 x22:0x00003839 x24=0x20000000
        7755000	       774	80004b40	40815433	sra	x8,x2,x8	  x2:0x80008372  x8:0x9d551bf3  x8=0xfffff000
        7765000	       775	80004b44	0061e733	or	x14,x3,x6	  x3:0x00000000  x6:0x000a08a0 x14=0x000a08a0
        7775000	       776	80004b48	ff614b03	lbu	x22,-10(x2)	  x2:0x80008372 x22=0x00000023 PA:0x80008368
        7785000	       777	80004b4c	ffb10d23	sb	x27,-6(x2)	  x2:0x80008372 x27:0x00000000 PA:0x8000836c
        7795000	       778	80004b50	40568b33	sub	x22,x13,x5	 x13:0xf8000a08  x5:0x9d5519b0 x22=0x5aaaf058
        7805000	       779	80004b54	007a6333	or	x6,x20,x7	 x20:0x00000001  x7:0xff104908  x6=0xff104909
        7815000	       780	80004b58	ff914483	lbu	x9,-7(x2)	  x2:0x80008372  x9=0x00000020 PA:0x8000836b
        7825000	       781	80004b5c	fed109a3	sb	x13,-13(x2)	  x2:0x80008372 x13:0xf8000a08 PA:0x80008365
        7835000	       782	80004b60	01740033	add	x0,x8,x23	  x8:0xfffff000 x23:0x6ab8e000
        7845000	       783	80004b64	00610b03	lb	x22,6(x2)	  x2:0x80008372 x22=0x00000033 PA:0x80008378
        7855000	       784	80004b68	00d10723	sb	x13,14(x2)	  x2:0x80008372 x13:0xf8000a08 PA:0x80008380
        7865000	       785	80004b6c	00003217	auipc	x4,0x3	  x4=0x80007b68
        7875000	       786	80004b70	59c20213	addi	x4,x4,1436	  x4:0x80007b68  x4=0x80008104
        7885000	       787	80004b74	6c808813	addi	x16,x1,1736	  x1:0x00000001 x16=0x000006c9
        7895000	       788	80004b78	010ffd33	and	x26,x31,x16	 x31:0x7fff5fe8 x16:0x000006c9 x26=0x000006c8
        7905000	       789	80004b7c	00555893	srli	x17,x10,0x5	 x10:0x80009f64 x17=0x040004fb
        7915000	       790	80004b80	01f10d33	add	x26,x2,x31	  x2:0x80008372 x31:0x7fff5fe8 x26=0xffffe35a
        7925000	       791	80004b84	01022603	lw	x12,16(x4)	  x4:0x80008104 x12=0xcccdcecf PA:0x80008114
        7935000	       792	80004b88	40b18433	sub	x8,x3,x11	  x3:0x00000000 x11:0x80009fc4  x8=0x7fff603c
        7945000	       793	80004b8c	01872db3	slt	x27,x14,x24	 x14:0x000a08a0 x24:0x20000000 x27=0x00000001
        7955000	       794	80004b90	00225a03	lhu	x20,2(x4)	  x4:0x80008104 x20=0x0000bcbd PA:0x80008106
        7965000	       795	80004b94	8a624d93	xori	x27,x4,-1882	  x4:0x80008104 x27=0x7fff79a2
        7975000	       796	80004b98	76564293	xori	x5,x12,1893	 x12:0xcccdcecf  x5=0xcccdc9aa
        7985000	       797	80004b9c	00ba24b3	slt	x9,x20,x11	 x20:0x0000bcbd x11:0x80009fc4  x9=0x00000000
        7995000	       798	80004ba0	00f24783	lbu	x15,15(x4)	  x4:0x80008104 x15=0x000000c8 PA:0x80008113
        8005000	       799	00000000	00000013	addi	x0,x0,0	  x0:0x00000000
        8015000	       800	80004ba4	38fea493	slti	x9,x29,911	 x29:0x0000002e  x9=0x00000001
        8025000	       801	80004ba8	01165fb3	srl	x31,x12,x17	 x12:0xcccdcecf x17:0x040004fb x31=0x00000019
        8035000	       802	80004bac	00fb7833	and	x16,x22,x15	 x22:0x00000033 x15:0x000000c8 x16=0x00000000
        8045000	       803	80004bb0	01119613	slli	x12,x3,0x11	  x3:0x00000000 x12=0x00000000
        8055000	       804	80004bb4	fe221c23	sh	x2,-8(x4)	  x4:0x80008104  x2:0x80008372 PA:0x800080fc
        8065000	       805	80004bb8	ffb24683	lbu	x13,-5(x4)	  x4:0x80008104 x13=0x000000b4 PA:0x800080ff
        8075000	       806	80004bbc	ffa21d83	lh	x27,-6(x4)	  x4:0x80008104 x27=0xffffb4b5 PA:0x800080fe
        8085000	       807	80004bc0	00024483	lbu	x9,0(x4)	  x4:0x80008104  x9=0x000000bf PA:0x80008104
        8095000	       808	80004bc4	002a1713	slli	x14,x20,0x2	 x20:0x0000bcbd x14=0x0002f2f4
        8105000	       809	80004bc8	00921023	sh	x9,0(x4)	  x4:0x80008104  x9:0x000000bf PA:0x80008104
        8115000	       810	80004bcc	b6723413	sltiu	x8,x4,-1177	  x4:0x80008104  x8=0x00000001
        8125000	       811	80004bd0	ff320283	lb	x5,-13(x4)	  x4:0x80008104  x5=0xffffffac PA:0x800080f7
        8135000	       812	80004bd4	08d6ab97	auipc	x23,0x8d6a	 x23=0x88d6ebd0
        8145000	       813	80004bd8	016c7a33	and	x20,x24,x22	 x24:0x20000000 x22:0x00000033 x20=0x00000000
        8155000	       814	80004bdc	c9a22497	auipc	x9,0xc9a22	  x9=0x49a26bd8
        8165000	       815	80004be0	01d860b3	or	x1,x16,x29	 x16:0x00000000 x29:0x0000002e  x1=0x0000002e
        8175000	       816	80004be4	aad32093	slti	x1,x6,-1363	  x6:0xff104909  x1=0x00000001
        8185000	       817	80004be8	00b20983	lb	x19,11(x4)	  x4:0x80008104 x19=0xffffffc4 PA:0x8000810f
        8195000	       818	80004bec	01ac6133	or	x2,x24,x26	 x24:0x20000000 x26:0xffffe35a  x2=0xffffe35a
        8205000	       819	80004bf0	004efa33	and	x20,x29,x4	 x29:0x0000002e  x4:0x80008104 x20=0x00000004
        8215000	       820	80004bf4	46e84113	xori	x2,x16,1134	 x16:0x00000000  x2=0x0000046e
        8225000	       821	80004bf8	01a08233	add	x4,x1,x26	  x1:0x00000001 x26:0xffffe35a  x4=0xffffe35b
        8235000	       822	80004bfc	00f3c733	xor	x14,x7,x15	  x7:0xff104908 x15:0x000000c8 x14=0xff1049c0
        8245000	       823	80004c00	d580ea13	ori	x20,x1,-680	  x1:0x00000001 x20=0xfffffd59
        8255000	       824	80004c04	02607463	bgeu	x0,x6,80004c2c	  x0:0x00000000  x6:0xff104909
        8265000	       825	80004c08	52ff0693	addi	x13,x30,1327	 x30:0x80009f54 x13=0x8000a483
        8275000	       826	80004c0c	00483db3	sltu	x27,x16,x4	 x16:0x00000000  x4:0xffffe35b x27=0x00000001
        8285000	       827	80004c10	0032d263	bge	x5,x3,80004c14	  x5:0xffffffac  x3:0x00000000
        8295000	       828	80004c14	41170d33	sub	x26,x14,x17	 x14:0xff1049c0 x17:0x040004fb x26=0xfb1044c5
        8305000	       829	80004c18	0090d1b3	srl	x3,x1,x9	  x1:0x00000001  x9:0x49a26bd8  x3=0x00000000
        8315000	       830	80004c1c	01cf9913	slli	x18,x31,0x1c	 x31:0x00000019 x18=0x90000000
        8325000	       831	80004c20	40f8dcb3	sra	x25,x17,x15	 x17:0x040004fb x15:0x000000c8 x25=0x00040004
        8335000	       832	80004c24	0276e263	bltu	x13,x7,80004c48	 x13:0x8000a483  x7:0xff104908
        8345000	       833	00000000	00000013	addi	x0,x0,0	  x0:0x00000000
        8355000	       834	80004c44	00000013	addi	x0,x0,0	  x0:0x00000000
        8365000	       835	80004c48	01770663	beq	x14,x23,80004c54	 x14:0xff1049c0 x23:0x88d6ebd0
        8375000	       836	80004c4c	001c68b3	or	x17,x24,x1	 x24:0x20000000  x1:0x00000001 x17=0x20000001
        8385000	       837	80004c50	00ccea63	bltu	x25,x12,80004c64	 x25:0x00040004 x12:0x00000000
        8395000	       838	80004c54	00b16eb3	or	x29,x2,x11	  x2:0x0000046e x11:0x80009fc4 x29=0x80009fee
        8405000	       839	80004c58	c58edb97	auipc	x23,0xc58ed	 x23=0x458f1c54
        8415000	       840	80004c5c	00000013	addi	x0,x0,0	  x0:0x00000000
        8425000	       841	80004c60	010f1e13	slli	x28,x30,0x10	 x30:0x80009f54 x28=0x9f540000
        8435000	       842	80004c64	0166a4b3	slt	x9,x13,x22	 x13:0x8000a483 x22:0x00000033  x9=0x00000001
        8445000	       843	80004c68	41eede93	srai	x29,x29,0x1e	 x29:0x80009fee x29=0xfffffffe
        8455000	       844	80004c6c	0109eb33	or	x22,x19,x16	 x19:0xffffffc4 x16:0x00000000 x22=0xffffffc4
        8465000	       845	80004c70	0c10ee17	auipc	x28,0xc10e	 x28=0x8c112c6c
        8475000	       846	80004c74	920aefb7	lui	x31,0x920ae	 x31=0x920ae000
        8485000	       847	80004c78	4037dd33	sra	x26,x15,x3	 x15:0x000000c8  x3:0x00000000 x26=0x000000c8
        8495000	       848	80004c7c	042cd863	bge	x25,x2,80004ccc	 x25:0x00040004  x2:0x0000046e
        8505000	       849	00000000	00000013	addi	x0,x0,0	  x0:0x00000000
        8515000	       850	80004cc8	00000013	addi	x0,x0,0	  x0:0x00000000
        8525000	       851	80004ccc	006b1033	sll	x0,x22,x6	 x22:0xffffffc4  x6:0xff104909
        8535000	       852	80004cd0	4050dc33	sra	x24,x1,x5	  x1:0x00000001  x5:0xffffffac x24=0x00000000
        8545000	       853	80004cd4	011d4933	xor	x18,x26,x17	 x26:0x000000c8 x17:0x20000001 x18=0x200000c9
        8555000	       854	80004cd8	00946d33	or	x26,x8,x9	  x8:0x00000001  x9:0x00000001 x26=0x00000001
        8565000	       855	80004cdc	01146e63	bltu	x8,x17,80004cf8	  x8:0x00000001 x17:0x20000001
        8575000	       856	00000000	00000013	addi	x0,x0,0	  x0:0x00000000
        8585000	       857	80004cf4	00000013	addi	x0,x0,0	  x0:0x00000000
        8595000	       858	80004cf8	00286a63	bltu	x16,x2,80004d0c	 x16:0x00000000  x2:0x0000046e
        8605000	       859	00000000	00000013	addi	x0,x0,0	  x0:0x00000000
        8615000	       860	80004d08	00000013	addi	x0,x0,0	  x0:0x00000000
        8625000	       861	80004d0c	004af233	and	x4,x21,x4	 x21:0x40decfb2  x4:0xffffe35b  x4=0x40dec312
        8635000	       862	80004d10	e7cd2613	slti	x12,x26,-388	 x26:0x00000001 x12=0x00000000
        8645000	       863	80004d14	83924c13	xori	x24,x4,-1991	  x4:0x40dec312 x24=0xbf213b2b
        8655000	       864	80004d18	03dd5c63	bge	x26,x29,80004d50	 x26:0x00000001 x29:0xfffffffe
        8665000	       865	00000000	00000013	addi	x0,x0,0	  x0:0x00000000
        8675000	       866	80004d4c	00000013	addi	x0,x0,0	  x0:0x00000000
        8685000	       867	80004d50	f20aa897	auipc	x17,0xf20aa	 x17=0x720aed4c
        8695000	       868	80004d54	410cd7b3	sra	x15,x25,x16	 x25:0x00040004 x16:0x00000000 x15=0x00040004
        8705000	       869	80004d58	01aaa933	slt	x18,x21,x26	 x21:0x40decfb2 x26:0x00000001 x18=0x00000000
        8715000	       870	80004d5c	1aacb9b7	lui	x19,0x1aacb	 x19=0x1aacb000
        8725000	       871	80004d60	d7274297	auipc	x5,0xd7274	  x5=0x57278d5c
        8735000	       872	80004d64	035d4063	blt	x26,x21,80004d84	 x26:0x00000001 x21:0x40decfb2
        8745000	       873	00000000	00000013	addi	x0,x0,0	  x0:0x00000000
        8755000	       874	80004d80	00000013	addi	x0,x0,0	  x0:0x00000000
        8765000	       875	80004d84	d75d6093	ori	x1,x26,-651	 x26:0x00000001  x1=0xfffffd75
        8775000	       876	80004d88	4c52b213	sltiu	x4,x5,1221	  x5:0x57278d5c  x4=0x00000000
        8785000	       877	80004d8c	01b18ab3	add	x21,x3,x27	  x3:0x00000000 x27:0x00000001 x21=0x00000001
        8795000	       878	80004d90	41a98233	sub	x4,x19,x26	 x19:0x1aacb000 x26:0x00000001  x4=0x1aacafff
        8805000	       879	80004d94	02a46263	bltu	x8,x10,80004db8	  x8:0x00000001 x10:0x80009f64
        8815000	       880	00000000	00000013	addi	x0,x0,0	  x0:0x00000000
        8825000	       881	80004db4	00000013	addi	x0,x0,0	  x0:0x00000000
        8835000	       882	80004db8	87235017	auipc	x0,0x87235	
        8845000	       883	80004dbc	0088df93	srli	x31,x17,0x8	 x17:0x720aed4c x31=0x00720aed
        8855000	       884	80004dc0	40cc56b3	sra	x13,x24,x12	 x24:0xbf213b2b x12:0x00000000 x13=0xbf213b2b
        8865000	       885	80004dc4	9534ca13	xori	x20,x9,-1709	  x9:0x00000001 x20=0xfffff952
        8875000	       886	80004dc8	6b9a8e13	addi	x28,x21,1721	 x21:0x00000001 x28=0x000006ba
        8885000	       887	80004dcc	03e19c63	bne	x3,x30,80004e04	  x3:0x00000000 x30:0x80009f54
        8895000	       888	00000000	00000013	addi	x0,x0,0	  x0:0x00000000
        8905000	       889	80004e00	00000013	addi	x0,x0,0	  x0:0x00000000
        8915000	       890	80004e04	0187bbb3	sltu	x23,x15,x24	 x15:0x00040004 x24:0xbf213b2b x23=0x00000001
        8925000	       891	80004e08	00000013	addi	x0,x0,0	  x0:0x00000000
        8935000	       892	80004e0c	41825933	sra	x18,x4,x24	  x4:0x1aacafff x24:0xbf213b2b x18=0x00035595
        8945000	       893	80004e10	0095c863	blt	x11,x9,80004e20	 x11:0x80009fc4  x9:0x00000001
        8955000	       894	00000000	00000013	addi	x0,x0,0	  x0:0x00000000
        8965000	       895	80004e1c	00000013	addi	x0,x0,0	  x0:0x00000000
        8975000	       896	80004e20	019304b3	add	x9,x6,x25	  x6:0xff104909 x25:0x00040004  x9=0xff14490d
        8985000	       897	80004e24	e9622d37	lui	x26,0xe9622	 x26=0xe9622000
        8995000	       898	80004e28	d63aaa13	slti	x20,x21,-669	 x21:0x00000001 x20=0x00000000
        9005000	       899	80004e2c	0018f233	and	x4,x17,x1	 x17:0x720aed4c  x1:0xfffffd75  x4=0x720aed44
        9015000	       900	80004e30	20042e93	slti	x29,x8,512	  x8:0x00000001 x29=0x00000001
        9025000	       901	80004e34	00aa6eb3	or	x29,x20,x10	 x20:0x00000000 x10:0x80009f64 x29=0x80009f64
        9035000	       902	80004e38	05a78e63	beq	x15,x26,80004e94	 x15:0x00040004 x26:0xe9622000
        9045000	       903	80004e3c	00d394b3	sll	x9,x7,x13	  x7:0xff104908 x13:0xbf213b2b  x9=0x82484000
        9055000	       904	80004e40	00000013	addi	x0,x0,0	  x0:0x00000000
        9065000	       905	80004e44	96e87213	andi	x4,x16,-1682	 x16:0x00000000  x4=0x00000000
        9075000	       906	80004e48	00d0aab3	slt	x21,x1,x13	  x1:0xfffffd75 x13:0xbf213b2b x21=0x00000000
        9085000	       907	80004e4c	04b1fa63	bgeu	x3,x11,80004ea0	  x3:0x00000000 x11:0x80009fc4
        9095000	       908	80004e50	6f06b4b7	lui	x9,0x6f06b	  x9=0x6f06b000
        9105000	       909	80004e54	01acb2b3	sltu	x5,x25,x26	 x25:0x00040004 x26:0xe9622000  x5=0x00000001
        9115000	       910	80004e58	00952ab3	slt	x21,x10,x9	 x10:0x80009f64  x9:0x6f06b000 x21=0x00000001
        9125000	       911	80004e5c	077fd463	bge	x31,x23,80004ec4	 x31:0x00720aed x23:0x00000001
        9135000	       912	00000000	00000013	addi	x0,x0,0	  x0:0x00000000
        9145000	       913	80004ec0	00000013	addi	x0,x0,0	  x0:0x00000000
        9155000	       914	80004ec4	003d9933	sll	x18,x27,x3	 x27:0x00000001  x3:0x00000000 x18=0x00000001
        9165000	       915	80004ec8	01756e33	or	x28,x10,x23	 x10:0x80009f64 x23:0x00000001 x28=0x80009f65
        9175000	       916	80004ecc	01ea7d93	andi	x27,x20,30	 x20:0x00000000 x27=0x00000000
        9185000	       917	80004ed0	034b5c63	bge	x22,x20,80004f08	 x22:0xffffffc4 x20:0x00000000
        9195000	       918	80004ed4	08817713	andi	x14,x2,136	  x2:0x0000046e x14=0x00000008
        9205000	       919	80004ed8	c28afd13	andi	x26,x21,-984	 x21:0x00000001 x26=0x00000000
        9215000	       920	80004edc	013d6663	bltu	x26,x19,80004ee8	 x26:0x00000000 x19:0x1aacb000
        9225000	       921	00000000	00000013	addi	x0,x0,0	  x0:0x00000000
        9235000	       922	80004ee4	00000013	addi	x0,x0,0	  x0:0x00000000
        9245000	       923	80004ee8	01553eb3	sltu	x29,x10,x21	 x10:0x80009f64 x21:0x00000001 x29=0x00000000
        9255000	       924	80004eec	cee32a93	slti	x21,x6,-786	  x6:0xff104909 x21=0x00000001
        9265000	       925	80004ef0	40f05d93	srai	x27,x0,0xf	  x0:0x00000000 x27=0x00000000
        9275000	       926	80004ef4	01285233	srl	x4,x16,x18	 x16:0x00000000 x18:0x00000001  x4=0x00000000
        9285000	       927	80004ef8	008f4a63	blt	x30,x8,80004f0c	 x30:0x80009f54  x8:0x00000001
        9295000	       928	00000000	00000013	addi	x0,x0,0	  x0:0x00000000
        9305000	       929	80004f08	00000013	addi	x0,x0,0	  x0:0x00000000
        9315000	       930	80004f0c	01cc5663	bge	x24,x28,80004f18	 x24:0xbf213b2b x28:0x80009f65
        9325000	       931	00000000	00000013	addi	x0,x0,0	  x0:0x00000000
        9335000	       932	80004f14	00000013	addi	x0,x0,0	  x0:0x00000000
        9345000	       933	80004f18	01a0ce63	blt	x1,x26,80004f34	  x1:0xfffffd75 x26:0x00000000
        9355000	       934	00000000	00000013	addi	x0,x0,0	  x0:0x00000000
        9365000	       935	80004f30	00000013	addi	x0,x0,0	  x0:0x00000000
        9375000	       936	80004f34	00032633	slt	x12,x6,x0	  x6:0xff104909  x0:0x00000000 x12=0x00000001
        9385000	       937	80004f38	41fc5a93	srai	x21,x24,0x1f	 x24:0xbf213b2b x21=0xffffffff
        9395000	       938	80004f3c	00000013	addi	x0,x0,0	  x0:0x00000000
        9405000	       939	80004f40	0273c693	xori	x13,x7,39	  x7:0xff104908 x13=0xff10492f
        9415000	       940	80004f44	00905c63	bge	x0,x9,80004f5c	  x0:0x00000000  x9:0x6f06b000
        9425000	       941	80004f48	00dbd513	srli	x10,x23,0xd	 x23:0x00000001 x10=0x00000000
        9435000	       942	80004f4c	009cfc63	bgeu	x25,x9,80004f64	 x25:0x00040004  x9:0x6f06b000
        9445000	       943	80004f50	009ffcb3	and	x25,x31,x9	 x31:0x00720aed  x9:0x6f06b000 x25=0x00020000
        9455000	       944	80004f54	00a10463	beq	x2,x10,80004f5c	  x2:0x0000046e x10:0x00000000
        9465000	       945	80004f58	05eff663	bgeu	x31,x30,80004fa4	 x31:0x00720aed x30:0x80009f54
        9475000	       946	80004f5c	008bd233	srl	x4,x23,x8	 x23:0x00000001  x8:0x00000001  x4=0x00000000
        9485000	       947	80004f60	0101f733	and	x14,x3,x16	  x3:0x00000000 x16:0x00000000 x14=0x00000000
        9495000	       948	80004f64	0108ce13	xori	x28,x17,16	 x17:0x720aed4c x28=0x720aed5c
        9505000	       949	80004f68	a50d7f93	andi	x31,x26,-1456	 x26:0x00000000 x31=0x00000000
        9515000	       950	80004f6c	3e067f93	andi	x31,x12,992	 x12:0x00000001 x31=0x00000000
        9525000	       951	80004f70	002cb9b3	sltu	x19,x25,x2	 x25:0x00020000  x2:0x0000046e x19=0x00000000
        9535000	       952	80004f74	e40941b7	lui	x3,0xe4094	  x3=0xe4094000
        9545000	       953	80004f78	40ae5c33	sra	x24,x28,x10	 x28:0x720aed5c x10:0x00000000 x24=0x720aed5c
        9555000	       954	80004f7c	721da1b7	lui	x3,0x721da	  x3=0x721da000
        9565000	       955	80004f80	9ebe8213	addi	x4,x29,-1557	 x29:0x00000000  x4=0xfffff9eb
        9575000	       956	80004f84	00db1613	slli	x12,x22,0xd	 x22:0xffffffc4 x12=0xfff88000
        9585000	       957	80004f88	00a3b533	sltu	x10,x7,x10	  x7:0xff104908 x10:0x00000000 x10=0x00000000
        9595000	       958	80004f8c	01e3e8b3	or	x17,x7,x30	  x7:0xff104908 x30:0x80009f54 x17=0xff10df5c
        9605000	       959	80004f90	41feddb3	sra	x27,x29,x31	 x29:0x00000000 x31:0x00000000 x27=0x00000000
        9615000	       960	80004f94	005b87b3	add	x15,x23,x5	 x23:0x00000001  x5:0x00000001 x15=0x00000002
        9625000	       961	80004f98	405ad493	srai	x9,x21,0x5	 x21:0xffffffff  x9=0xffffffff
        9635000	       962	80004f9c	03320c63	beq	x4,x19,80004fd4	  x4:0xfffff9eb x19:0x00000000
        9645000	       963	80004fa0	0392fc63	bgeu	x5,x25,80004fd8	  x5:0x00000001 x25:0x00020000
        9655000	       964	80004fa4	51a86d13	ori	x26,x16,1306	 x16:0x00000000 x26=0x0000051a
        9665000	       965	80004fa8	03060663	beq	x12,x16,80004fd4	 x12:0xfff88000 x16:0x00000000
        9675000	       966	80004fac	4007d0b3	sra	x1,x15,x0	 x15:0x00000002  x0:0x00000000  x1=0x00000002
        9685000	       967	80004fb0	4100dd13	srai	x26,x1,0x10	  x1:0x00000002 x26=0x00000000
        9695000	       968	80004fb4	01a8d413	srli	x8,x17,0x1a	 x17:0xff10df5c  x8=0x0000003f
        9705000	       969	80004fb8	00675433	srl	x8,x14,x6	 x14:0x00000000  x6:0xff104909  x8=0x00000000
        9715000	       970	80004fbc	01f93ab3	sltu	x21,x18,x31	 x18:0x00000001 x31:0x00000000 x21=0x00000000
        9725000	       971	80004fc0	03470063	beq	x14,x20,80004fe0	 x14:0x00000000 x20:0x00000000
        9735000	       972	00000000	00000013	addi	x0,x0,0	  x0:0x00000000
        9745000	       973	80004fdc	00000013	addi	x0,x0,0	  x0:0x00000000
        9755000	       974	80004fe0	01a61233	sll	x4,x12,x26	 x12:0xfff88000 x26:0x00000000  x4=0xfff88000
        9765000	       975	80004fe4	406752b3	sra	x5,x14,x6	 x14:0x00000000  x6:0xff104909  x5=0x00000000
        9775000	       976	80004fe8	400959b3	sra	x19,x18,x0	 x18:0x00000001  x0:0x00000000 x19=0x00000001
        9785000	       977	80004fec	01ddf633	and	x12,x27,x29	 x27:0x00000000 x29:0x00000000 x12=0x00000000
        9795000	       978	80004ff0	77658a13	addi	x20,x11,1910	 x11:0x80009fc4 x20=0x8000a73a
        9805000	       979	80004ff4	0003c263	blt	x7,x0,80004ff8	  x7:0xff104908  x0:0x00000000
        9815000	       980	00000000	00000013	addi	x0,x0,0	  x0:0x00000000
        9825000	       981	80004ff4	00000013	addi	x0,x0,0	  x0:0x00000000
        9835000	       982	80004ff8	010bf233	and	x4,x23,x16	 x23:0x00000001 x16:0x00000000  x4=0x00000000
        9845000	       983	80004ffc	03239663	bne	x7,x18,80005028	  x7:0xff104908 x18:0x00000001
        9855000	       984	00000000	00000013	addi	x0,x0,0	  x0:0x00000000
        9865000	       985	80005024	00000013	addi	x0,x0,0	  x0:0x00000000
        9875000	       986	80005028	ae3ca913	slti	x18,x25,-1309	 x25:0x00020000 x18=0x00000000
        9885000	       987	8000502c	01c2d793	srli	x15,x5,0x1c	  x5:0x00000000 x15=0x00000000
        9895000	       988	80005030	012bd1b3	srl	x3,x23,x18	 x23:0x00000001 x18:0x00000000  x3=0x00000001
        9905000	       989	80005034	00990d33	add	x26,x18,x9	 x18:0x00000000  x9:0xffffffff x26=0xffffffff
        9915000	       990	80005038	003017b3	sll	x15,x0,x3	  x0:0x00000000  x3:0x00000001 x15=0x00000000
        9925000	       991	8000503c	01e142b3	xor	x5,x2,x30	  x2:0x0000046e x30:0x80009f54  x5=0x80009b3a
        9935000	       992	80005040	4feef913	andi	x18,x29,1278	 x29:0x00000000 x18=0x00000000
        9945000	       993	80005044	0237fc63	bgeu	x15,x3,8000507c	 x15:0x00000000  x3:0x00000001
        9955000	       994	80005048	71508c17	auipc	x24,0x71508	 x24=0xf150d044
        9965000	       995	8000504c	03c31c63	bne	x6,x28,80005084	  x6:0xff104909 x28:0x720aed5c
        9975000	       996	00000000	00000013	addi	x0,x0,0	  x0:0x00000000
        9985000	       997	80005080	00000013	addi	x0,x0,0	  x0:0x00000000
        9995000	       998	80005084	01dc1833	sll	x16,x24,x29	 x24:0xf150d044 x29:0x00000000 x16=0xf150d044
       10005000	       999	80005088	03aa8263	beq	x21,x26,800050ac	 x21:0x00000000 x26:0xffffffff
       10015000	      1000	8000508c	005b98b3	sll	x17,x23,x5	 x23:0x00000001  x5:0x80009b3a x17=0x04000000
       10025000	      1001	80005090	008d7c63	bgeu	x26,x8,800050a8	 x26:0xffffffff  x8:0x00000000
       10035000	      1002	00000000	00000013	addi	x0,x0,0	  x0:0x00000000
       10045000	      1003	800050a4	00000013	addi	x0,x0,0	  x0:0x00000000
       10055000	      1004	800050a8	00779e33	sll	x28,x15,x7	 x15:0x00000000  x7:0xff104908 x28=0x00000000
       10065000	      1005	800050ac	00c28263	beq	x5,x12,800050b0	  x5:0x80009b3a x12:0x00000000
       10075000	      1006	800050b0	b7e1aa93	slti	x21,x3,-1154	  x3:0x00000001 x21=0x00000000
       10085000	      1007	800050b4	84c0ca17	auipc	x20,0x84c0c	 x20=0x04c110b0
       10095000	      1008	800050b8	0130e6b3	or	x13,x1,x19	  x1:0x00000002 x19:0x00000001 x13=0x00000003
       10105000	      1009	800050bc	0000da63	bge	x1,x0,800050d0	  x1:0x00000002  x0:0x00000000
       10115000	      1010	00000000	00000013	addi	x0,x0,0	  x0:0x00000000
       10125000	      1011	800050cc	00000013	addi	x0,x0,0	  x0:0x00000000
       10135000	      1012	800050d0	d8f19517	auipc	x10,0xd8f19	 x10=0x58f1e0cc
       10145000	      1013	800050d4	00d1dc13	srli	x24,x3,0xd	  x3:0x00000001 x24=0x00000000
       10155000	      1014	800050d8	0f6edb37	lui	x22,0xf6ed	 x22=0x0f6ed000
       10165000	      1015	800050dc	01063833	sltu	x16,x12,x16	 x12:0x00000000 x16:0xf150d044 x16=0x00000001
       10175000	      1016	800050e0	4140dab3	sra	x21,x1,x20	  x1:0x00000002 x20:0x04c110b0 x21=0x00000000
       10185000	      1017	800050e4	6e8d0a93	addi	x21,x26,1768	 x26:0xffffffff x21=0x000006e7
       10195000	      1018	800050e8	0140d613	srli	x12,x1,0x14	  x1:0x00000002 x12=0x00000000
       10205000	      1019	800050ec	0361e263	bltu	x3,x22,80005110	  x3:0x00000001 x22:0x0f6ed000
       10215000	      1020	00000000	00000013	addi	x0,x0,0	  x0:0x00000000
       10225000	      1021	8000510c	00000013	addi	x0,x0,0	  x0:0x00000000
       10235000	      1022	80005110	db05fd13	andi	x26,x11,-592	 x11:0x80009fc4 x26=0x80009d80
       10245000	      1023	80005114	006c1837	lui	x16,0x6c1	 x16=0x006c1000
       10255000	      1024	80005118	033c0663	beq	x24,x19,80005144	 x24:0x00000000 x19:0x00000001
       10265000	      1025	8000511c	00ea1c33	sll	x24,x20,x14	 x20:0x04c110b0 x14:0x00000000 x24=0x04c110b0
       10275000	      1026	80005120	01ec4b33	xor	x22,x24,x30	 x24:0x04c110b0 x30:0x80009f54 x22=0x84c18fe4
       10285000	      1027	80005124	5bf68693	addi	x13,x13,1471	 x13:0x00000003 x13=0x000005c2
       10295000	      1028	80005128	002bd233	srl	x4,x23,x2	 x23:0x00000001  x2:0x0000046e  x4=0x00000000
       10305000	      1029	8000512c	1042b893	sltiu	x17,x5,260	  x5:0x80009b3a x17=0x00000000
       10315000	      1030	80005130	b72a7417	auipc	x8,0xb72a7	  x8=0x372ac12c
       10325000	      1031	80005134	08d6c093	xori	x1,x13,141	 x13:0x000005c2  x1=0x0000054f
       10335000	      1032	80005138	00f05c93	srli	x25,x0,0xf	  x0:0x00000000 x25=0x00000000
       10345000	      1033	8000513c	01329b13	slli	x22,x5,0x13	  x5:0x80009b3a x22=0xd9d00000
       10355000	      1034	80005140	8eebbc93	sltiu	x25,x23,-1810	 x23:0x00000001 x25=0x00000001
       10365000	      1035	80005144	013f1d33	sll	x26,x30,x19	 x30:0x80009f54 x19:0x00000001 x26=0x00013ea8
       10375000	      1036	80005148	00e9dd33	srl	x26,x19,x14	 x19:0x00000001 x14:0x00000000 x26=0x00000001
       10385000	      1037	8000514c	206a6a13	ori	x20,x20,518	 x20:0x04c110b0 x20=0x04c112b6
       10395000	      1038	80005150	008b7633	and	x12,x22,x8	 x22:0xd9d00000  x8:0x372ac12c x12=0x11000000
       10405000	      1039	80005154	02f5d663	bge	x11,x15,80005180	 x11:0x80009fc4 x15:0x00000000
       10415000	      1040	80005158	03559063	bne	x11,x21,80005178	 x11:0x80009fc4 x21:0x000006e7
       10425000	      1041	00000000	00000013	addi	x0,x0,0	  x0:0x00000000
       10435000	      1042	80005174	00000013	addi	x0,x0,0	  x0:0x00000000
       10445000	      1043	80005178	009b7663	bgeu	x22,x9,80005184	 x22:0xd9d00000  x9:0xffffffff
       10455000	      1044	8000517c	012751b3	srl	x3,x14,x18	 x14:0x00000000 x18:0x00000000  x3=0x00000000
       10465000	      1045	80005180	60376c93	ori	x25,x14,1539	 x14:0x00000000 x25=0x00000603
       10475000	      1046	80005184	01af3db3	sltu	x27,x30,x26	 x30:0x80009f54 x26:0x00000001 x27=0x00000000
       10485000	      1047	80005188	00cc19b3	sll	x19,x24,x12	 x24:0x04c110b0 x12:0x11000000 x19=0x04c110b0
       10495000	      1048	8000518c	1f3add17	auipc	x26,0x1f3ad	 x26=0x9f3b2188
       10505000	      1049	80005190	004f2303	lw	x6,4(x30)	 x30:0x80009f54  x6=0x80005d08 PA:0x80009f58
       10515000	      1050	80005194	010a9493	slli	x9,x21,0x10	 x21:0x000006e7  x9=0x06e70000
       10525000	      1051	80005198	010f0f13	addi	x30,x30,16	 x30:0x80009f54 x30=0x80009f64
       10535000	      1052	8000519c	002ef1b3	and	x3,x29,x2	 x29:0x00000000  x2:0x0000046e  x3=0x00000000
       10545000	      1053	800051a0	00130c93	addi	x25,x6,1	  x6:0x80005d08 x25=0x80005d09
       10555000	      1054	800051a4	000c8ce7	jalr	x25,x25,0	 x25:0x80005d09 x25=0x800051a4
       10565000	      1055	00000000	00000013	addi	x0,x0,0	  x0:0x00000000
       10575000	      1056	80005d08	00000013	addi	x0,x0,0	  x0:0x00000000
       10585000	      1057	80005d0c	016a5733	srl	x14,x20,x22	 x20:0x04c112b6 x22:0xd9d00000 x14=0x04c112b6
       10595000	      1058	80005d10	00b6f7b3	and	x15,x13,x11	 x13:0x000005c2 x11:0x80009fc4 x15=0x000005c0
       10605000	      1059	80005d14	4085d293	srai	x5,x11,0x8	 x11:0x80009fc4  x5=0xff80009f
       10615000	      1060	80005d18	4f7b6713	ori	x14,x22,1271	 x22:0xd9d00000 x14=0xd9d004f7
       10625000	      1061	80005d1c	01aa8b33	add	x22,x21,x26	 x21:0x000006e7 x26:0x9f3b2188 x22=0x9f3b286f
       10635000	      1062	80005d20	71fd2eb7	lui	x29,0x71fd2	 x29=0x71fd2000
       10645000	      1063	80005d24	b9376d93	ori	x27,x14,-1133	 x14:0xd9d004f7 x27=0xfffffff7
       10655000	      1064	80005d28	012196b3	sll	x13,x3,x18	  x3:0x00000000 x18:0x00000000 x13=0x00000000
       10665000	      1065	80005d2c	013b40b3	xor	x1,x22,x19	 x22:0x9f3b286f x19:0x04c110b0  x1=0x9bfa38df
       10675000	      1066	80005d30	0011c733	xor	x14,x3,x1	  x3:0x00000000  x1:0x9bfa38df x14=0x9bfa38df
       10685000	      1067	80005d34	0001b533	sltu	x10,x3,x0	  x3:0x00000000  x0:0x00000000 x10=0x00000000
       10695000	      1068	80005d38	f22c0f93	addi	x31,x24,-222	 x24:0x04c110b0 x31=0x04c10fd2
       10705000	      1069	80005d3c	00000013	addi	x0,x0,0	  x0:0x00000000
       10715000	      1070	80005d40	0114c633	xor	x12,x9,x17	  x9:0x06e70000 x17:0x00000000 x12=0x06e70000
       10725000	      1071	80005d44	c94ac793	xori	x15,x21,-876	 x21:0x000006e7 x15=0xfffffa73
       10735000	      1072	80005d48	d043b997	auipc	x19,0xd043b	 x19=0x50440d44
       10745000	      1073	80005d4c	0180e233	or	x4,x1,x24	  x1:0x9bfa38df x24:0x04c110b0  x4=0x9ffb38ff
       10755000	      1074	80005d50	806b0513	addi	x10,x22,-2042	 x22:0x9f3b286f x10=0x9f3b2075
       10765000	      1075	80005d54	017f4733	xor	x14,x30,x23	 x30:0x80009f64 x23:0x00000001 x14=0x80009f65
       10775000	      1076	80005d58	402dd633	sra	x12,x27,x2	 x27:0xfffffff7  x2:0x0000046e x12=0xffffffff
       10785000	      1077	80005d5c	01725b13	srli	x22,x4,0x17	  x4:0x9ffb38ff x22=0x0000013f
       10795000	      1078	80005d60	850f7a13	andi	x20,x30,-1968	 x30:0x80009f64 x20=0x80009840
       10805000	      1079	80005d64	e905e497	auipc	x9,0xe905e	  x9=0x69063d60
       10815000	      1080	80005d68	f23b3a37	lui	x20,0xf23b3	 x20=0xf23b3000
       10825000	      1081	80005d6c	007eb9b3	sltu	x19,x29,x7	 x29:0x71fd2000  x7:0xff104908 x19=0x00000001
       10835000	      1082	80005d70	01cf0463	beq	x30,x28,80005d78	 x30:0x80009f64 x28:0x00000000
       10845000	      1083	80005d74	00000013	addi	x0,x0,0	  x0:0x00000000
       10855000	      1084	80005d78	009f2b33	slt	x22,x30,x9	 x30:0x80009f64  x9:0x69063d60 x22=0x00000001
       10865000	      1085	80005d7c	01f0f2b3	and	x5,x1,x31	  x1:0x9bfa38df x31:0x04c10fd2  x5=0x00c008d2
       10875000	      1086	80005d80	007f5013	srli	x0,x30,0x7	 x30:0x80009f64
       10885000	      1087	80005d84	4105dc93	srai	x25,x11,0x10	 x11:0x80009fc4 x25=0xffff8000
       10895000	      1088	80005d88	0185fa63	bgeu	x11,x24,80005d9c	 x11:0x80009fc4 x24:0x04c110b0
       10905000	      1089	00000000	00000013	addi	x0,x0,0	  x0:0x00000000
       10915000	      1090	80005d98	00000013	addi	x0,x0,0	  x0:0x00000000
       10925000	      1091	80005d9c	01b109b3	add	x19,x2,x27	  x2:0x0000046e x27:0xfffffff7 x19=0x00000465
       10935000	      1092	80005da0	0167ca63	blt	x15,x22,80005db4	 x15:0xfffffa73 x22:0x00000001
       10945000	      1093	00000000	00000013	addi	x0,x0,0	  x0:0x00000000
       10955000	      1094	80005db0	00000013	addi	x0,x0,0	  x0:0x00000000
       10965000	      1095	80005db4	0061aeb3	slt	x29,x3,x6	  x3:0x00000000  x6:0x80005d08 x29=0x00000000
       10975000	      1096	80005db8	ba969917	auipc	x18,0xba969	 x18=0x3a96edb4
       10985000	      1097	80005dbc	01f4bd33	sltu	x26,x9,x31	  x9:0x69063d60 x31:0x04c10fd2 x26=0x00000000
       10995000	      1098	80005dc0	00f3d933	srl	x18,x7,x15	  x7:0xff104908 x15:0xfffffa73 x18=0x00001fe2
       11005000	      1099	80005dc4	0025b1b3	sltu	x3,x11,x2	 x11:0x80009fc4  x2:0x0000046e  x3=0x00000000
       11015000	      1100	80005dc8	0171ecb3	or	x25,x3,x23	  x3:0x00000000 x23:0x00000001 x25=0x00000001
       11025000	      1101	80005dcc	01d10c63	beq	x2,x29,80005de4	  x2:0x0000046e x29:0x00000000
       11035000	      1102	80005dd0	00c02db3	slt	x27,x0,x12	  x0:0x00000000 x12:0xffffffff x27=0x00000000
       11045000	      1103	80005dd4	00b5f863	bgeu	x11,x11,80005de4	 x11:0x80009fc4 x11:0x80009fc4
       11055000	      1104	00000000	00000013	addi	x0,x0,0	  x0:0x00000000
       11065000	      1105	80005de0	00000013	addi	x0,x0,0	  x0:0x00000000
       11075000	      1106	80005de4	0020f863	bgeu	x1,x2,80005df4	  x1:0x9bfa38df  x2:0x0000046e
       11085000	      1107	00000000	00000013	addi	x0,x0,0	  x0:0x00000000
       11095000	      1108	80005df0	00000013	addi	x0,x0,0	  x0:0x00000000
       11105000	      1109	80005df4	0301c063	blt	x3,x16,80005e14	  x3:0x00000000 x16:0x006c1000
       11115000	      1110	00000000	00000013	addi	x0,x0,0	  x0:0x00000000
       11125000	      1111	80005e10	00000013	addi	x0,x0,0	  x0:0x00000000
       11135000	      1112	80005e14	00124e63	blt	x4,x1,80005e30	  x4:0x9ffb38ff  x1:0x9bfa38df
       11145000	      1113	80005e18	04d0c663	blt	x1,x13,80005e64	  x1:0x9bfa38df x13:0x00000000
       11155000	      1114	00000000	00000013	addi	x0,x0,0	  x0:0x00000000
       11165000	      1115	80005e60	00000013	addi	x0,x0,0	  x0:0x00000000
       11175000	      1116	80005e64	fe11d797	auipc	x15,0xfe11d	 x15=0x7e122e60
       11185000	      1117	80005e68	0016dd13	srli	x26,x13,0x1	 x13:0x00000000 x26=0x00000000
       11195000	      1118	80005e6c	41ca8333	sub	x6,x21,x28	 x21:0x000006e7 x28:0x00000000  x6=0x000006e7
       11205000	      1119	80005e70	50eddb37	lui	x22,0x50edd	 x22=0x50edd000
       11215000	      1120	80005e74	008ddeb3	srl	x29,x27,x8	 x27:0x00000000  x8:0x372ac12c x29=0x00000000
       11225000	      1121	80005e78	40d08733	sub	x14,x1,x13	  x1:0x9bfa38df x13:0x00000000 x14=0x9bfa38df
       11235000	      1122	80005e7c	012bdfb3	srl	x31,x23,x18	 x23:0x00000001 x18:0x00001fe2 x31=0x00000000
       11245000	      1123	80005e80	00bd9013	slli	x0,x27,0xb	 x27:0x00000000
       11255000	      1124	80005e84	00c32d33	slt	x26,x6,x12	  x6:0x000006e7 x12:0xffffffff x26=0x00000000
       11265000	      1125	80005e88	011f3db3	sltu	x27,x30,x17	 x30:0x80009f64 x17:0x00000000 x27=0x00000000
       11275000	      1126	80005e8c	00bf9a33	sll	x20,x31,x11	 x31:0x00000000 x11:0x80009fc4 x20=0x00000000
       11285000	      1127	80005e90	352b3313	sltiu	x6,x22,850	 x22:0x50edd000  x6=0x00000000
       11295000	      1128	80005e94	013ed733	srl	x14,x29,x19	 x29:0x00000000 x19:0x00000465 x14=0x00000000
       11305000	      1129	80005e98	1449aa13	slti	x20,x19,324	 x19:0x00000465 x20=0x00000000
       11315000	      1130	80005e9c	00e51433	sll	x8,x10,x14	 x10:0x9f3b2075 x14:0x00000000  x8=0x9f3b2075
       11325000	      1131	80005ea0	00294733	xor	x14,x18,x2	 x18:0x00001fe2  x2:0x0000046e x14=0x00001b8c
       11335000	      1132	80005ea4	01077263	bgeu	x14,x16,80005ea8	 x14:0x00001b8c x16:0x006c1000
       11345000	      1133	80005ea8	01a9d893	srli	x17,x19,0x1a	 x19:0x00000465 x17=0x00000000
       11355000	      1134	80005eac	00db7c63	bgeu	x22,x13,80005ec4	 x22:0x50edd000 x13:0x00000000
       11365000	      1135	00000000	00000013	addi	x0,x0,0	  x0:0x00000000
       11375000	      1136	80005ec0	00000013	addi	x0,x0,0	  x0:0x00000000
       11385000	      1137	80005ec4	00548e63	beq	x9,x5,80005ee0	  x9:0x69063d60  x5:0x00c008d2
       11395000	      1138	80005ec8	40d05b13	srai	x22,x0,0xd	  x0:0x00000000 x22=0x00000000
       11405000	      1139	80005ecc	00860833	add	x16,x12,x8	 x12:0xffffffff  x8:0x9f3b2075 x16=0x9f3b2074
       11415000	      1140	80005ed0	40388633	sub	x12,x17,x3	 x17:0x00000000  x3:0x00000000 x12=0x00000000
       11425000	      1141	80005ed4	035c0e63	beq	x24,x21,80005f10	 x24:0x04c110b0 x21:0x000006e7
       11435000	      1142	80005ed8	0169fdb3	and	x27,x19,x22	 x19:0x00000465 x22:0x00000000 x27=0x00000000
       11445000	      1143	80005edc	bec04313	xori	x6,x0,-1044	  x0:0x00000000  x6=0xfffffbec
       11455000	      1144	80005ee0	40235193	srai	x3,x6,0x2	  x6:0xfffffbec  x3=0xfffffefb
       11465000	      1145	80005ee4	01f31c63	bne	x6,x31,80005efc	  x6:0xfffffbec x31:0x00000000
       11475000	      1146	00000000	00000013	addi	x0,x0,0	  x0:0x00000000
       11485000	      1147	80005ef8	00000013	addi	x0,x0,0	  x0:0x00000000
       11495000	      1148	80005efc	1f23fb13	andi	x22,x7,498	  x7:0xff104908 x22=0x00000100
       11505000	      1149	80005f00	40ba8d33	sub	x26,x21,x11	 x21:0x000006e7 x11:0x80009fc4 x26=0x7fff6723
       11515000	      1150	80005f04	01bd0e63	beq	x26,x27,80005f20	 x26:0x7fff6723 x27:0x00000000
       11525000	      1151	80005f08	00000013	addi	x0,x0,0	  x0:0x00000000
       11535000	      1152	80005f0c	5a6a2d13	slti	x26,x20,1446	 x20:0x00000000 x26=0x00000001
       11545000	      1153	80005f10	01ec9f93	slli	x31,x25,0x1e	 x25:0x00000001 x31=0x40000000
       11555000	      1154	80005f14	0115edb3	or	x27,x11,x17	 x11:0x80009fc4 x17:0x00000000 x27=0x80009fc4
       11565000	      1155	80005f18	a2bec413	xori	x8,x29,-1493	 x29:0x00000000  x8=0xfffffa2b
       11575000	      1156	80005f1c	0075dc63	bge	x11,x7,80005f34	 x11:0x80009fc4  x7:0xff104908
       11585000	      1157	80005f20	9c6d2f93	slti	x31,x26,-1594	 x26:0x00000001 x31=0x00000000
       11595000	      1158	80005f24	af356c93	ori	x25,x10,-1293	 x10:0x9f3b2075 x25=0xfffffaf7
       11605000	      1159	80005f28	e99dec13	ori	x24,x27,-359	 x27:0x80009fc4 x24=0xffffffdd
       11615000	      1160	80005f2c	61322013	slti	x0,x4,1555	  x4:0x9ffb38ff
       11625000	      1161	80005f30	31e2b693	sltiu	x13,x5,798	  x5:0x00c008d2 x13=0x00000000
       11635000	      1162	80005f34	0121c133	xor	x2,x3,x18	  x3:0xfffffefb x18:0x00001fe2  x2=0xffffe119
       11645000	      1163	80005f38	003690b3	sll	x1,x13,x3	 x13:0x00000000  x3:0xfffffefb  x1=0x00000000
       11655000	      1164	80005f3c	01beb4b3	sltu	x9,x29,x27	 x29:0x00000000 x27:0x80009fc4  x9=0x00000001
       11665000	      1165	80005f40	00f691b3	sll	x3,x13,x15	 x13:0x00000000 x15:0x7e122e60  x3=0x00000000
       11675000	      1166	80005f44	f5e0d317	auipc	x6,0xf5e0d	  x6=0x75e12f40
       11685000	      1167	80005f48	b7004b13	xori	x22,x0,-1168	  x0:0x00000000 x22=0xfffffb70
       11695000	      1168	80005f4c	00b22233	slt	x4,x4,x11	  x4:0x9ffb38ff x11:0x80009fc4  x4=0x00000000
       11705000	      1169	80005f50	41775433	sra	x8,x14,x23	 x14:0x00001b8c x23:0x00000001  x8=0x00000dc6
       11715000	      1170	80005f54	02ecf263	bgeu	x25,x14,80005f78	 x25:0xfffffaf7 x14:0x00001b8c
       11725000	      1171	00000000	00000013	addi	x0,x0,0	  x0:0x00000000
       11735000	      1172	80005f74	00000013	addi	x0,x0,0	  x0:0x00000000
       11745000	      1173	80005f78	40e48133	sub	x2,x9,x14	  x9:0x00000001 x14:0x00001b8c  x2=0xffffe475
       11755000	      1174	80005f7c	8c18be97	auipc	x29,0x8c18b	 x29=0x0c190f78
       11765000	      1175	80005f80	0952a213	slti	x4,x5,149	  x5:0x00c008d2  x4=0x00000000
       11775000	      1176	80005f84	01563eb3	sltu	x29,x12,x21	 x12:0x00000000 x21:0x000006e7 x29=0x00000001
       11785000	      1177	80005f88	019b0cb3	add	x25,x22,x25	 x22:0xfffffb70 x25:0xfffffaf7 x25=0xfffff667
       11795000	      1178	80005f8c	01651293	slli	x5,x10,0x16	 x10:0x9f3b2075  x5=0x1d400000
       11805000	      1179	80005f90	019abfb3	sltu	x31,x21,x25	 x21:0x000006e7 x25:0xfffff667 x31=0x00000001
       11815000	      1180	80005f94	01eaf533	and	x10,x21,x30	 x21:0x000006e7 x30:0x80009f64 x10=0x00000664
       11825000	      1181	80005f98	41bcda93	srai	x21,x25,0x1b	 x25:0xfffff667 x21=0xffffffff
       11835000	      1182	80005f9c	01de9793	slli	x15,x29,0x1d	 x29:0x00000001 x15=0x20000000
       11845000	      1183	80005fa0	4f586313	ori	x6,x16,1269	 x16:0x9f3b2074  x6=0x9f3b24f5
       11855000	      1184	80005fa4	d0268097	auipc	x1,0xd0268	  x1=0x5026dfa0
       11865000	      1185	80005fa8	02df8a63	beq	x31,x13,80005fdc	 x31:0x00000001 x13:0x00000000
       11875000	      1186	80005fac	014187b3	add	x15,x3,x20	  x3:0x00000000 x20:0x00000000 x15=0x00000000
       11885000	      1187	80005fb0	03f46e63	bltu	x8,x31,80005fec	  x8:0x00000dc6 x31:0x00000001
       11895000	      1188	80005fb4	0155de33	srl	x28,x11,x21	 x11:0x80009fc4 x21:0xffffffff x28=0x00000001
       11905000	      1189	80005fb8	04f40263	beq	x8,x15,80005ffc	  x8:0x00000dc6 x15:0x00000000
       11915000	      1190	80005fbc	025e6663	bltu	x28,x5,80005fe8	 x28:0x00000001  x5:0x1d400000
       11925000	      1191	00000000	00000013	addi	x0,x0,0	  x0:0x00000000
       11935000	      1192	80005fe4	00000013	addi	x0,x0,0	  x0:0x00000000
       11945000	      1193	80005fe8	01c9c863	blt	x19,x28,80005ff8	 x19:0x00000465 x28:0x00000001
       11955000	      1194	80005fec	4140d213	srai	x4,x1,0x14	  x1:0x5026dfa0  x4=0x00000502
       11965000	      1195	80005ff0	e69ac693	xori	x13,x21,-407	 x21:0xffffffff x13=0x00000196
       11975000	      1196	80005ff4	9c678613	addi	x12,x15,-1594	 x15:0x00000000 x12=0xfffff9c6
       11985000	      1197	80005ff8	b70636b7	lui	x13,0xb7063	 x13=0xb7063000
       11995000	      1198	80005ffc	297cc113	xori	x2,x25,663	 x25:0xfffff667  x2=0xfffff4f0
       12005000	      1199	80006000	00000013	addi	x0,x0,0	  x0:0x00000000
       12015000	      1200	80006004	e4b6d0b7	lui	x1,0xe4b6d	  x1=0xe4b6d000
       12025000	      1201	80006008	00236a63	bltu	x6,x2,8000601c	  x6:0x9f3b24f5  x2:0xfffff4f0
       12035000	      1202	00000000	00000013	addi	x0,x0,0	  x0:0x00000000
       12045000	      1203	80006018	00000013	addi	x0,x0,0	  x0:0x00000000
       12055000	      1204	8000601c	4696c993	xori	x19,x13,1129	 x13:0xb7063000 x19=0xb7063469
       12065000	      1205	80006020	0053deb3	srl	x29,x7,x5	  x7:0xff104908  x5:0x1d400000 x29=0xff104908
       12075000	      1206	80006024	016f7433	and	x8,x30,x22	 x30:0x80009f64 x22:0xfffffb70  x8=0x80009b60
       12085000	      1207	80006028	7f823a93	sltiu	x21,x4,2040	  x4:0x00000502 x21=0x00000001
       12095000	      1208	8000602c	ad97a093	slti	x1,x15,-1319	 x15:0x00000000  x1=0x00000000
       12105000	      1209	80006030	41b75493	srai	x9,x14,0x1b	 x14:0x00001b8c  x9=0x00000000
       12115000	      1210	80006034	04a91463	bne	x18,x10,8000607c	 x18:0x00001fe2 x10:0x00000664
       12125000	      1211	00000000	00000013	addi	x0,x0,0	  x0:0x00000000
       12135000	      1212	80006078	00000013	addi	x0,x0,0	  x0:0x00000000
       12145000	      1213	8000607c	310ff737	lui	x14,0x310ff	 x14=0x310ff000
       12155000	      1214	80006080	00d31d93	slli	x27,x6,0xd	  x6:0x9f3b24f5 x27=0x649ea000
       12165000	      1215	80006084	00ef3933	sltu	x18,x30,x14	 x30:0x80009f64 x14:0x310ff000 x18=0x00000000
       12175000	      1216	80006088	010421b3	slt	x3,x8,x16	  x8:0x80009b60 x16:0x9f3b2074  x3=0x00000001
       12185000	      1217	8000608c	01708c33	add	x24,x1,x23	  x1:0x00000000 x23:0x00000001 x24=0x00000001
       12195000	      1218	80006090	010b19b3	sll	x19,x22,x16	 x22:0xfffffb70 x16:0x9f3b2074 x19=0xb7000000
       12205000	      1219	80006094	01bd5793	srli	x15,x26,0x1b	 x26:0x00000001 x15=0x00000000
       12215000	      1220	80006098	0078fe63	bgeu	x17,x7,800060b4	 x17:0x00000000  x7:0xff104908
       12225000	      1221	8000609c	5ba2e893	ori	x17,x5,1466	  x5:0x1d400000 x17=0x1d4005ba
       12235000	      1222	800060a0	01b3de13	srli	x28,x7,0x1b	  x7:0xff104908 x28=0x0000001f
       12245000	      1223	800060a4	41994a13	xori	x20,x18,1049	 x18:0x00000000 x20=0x00000419
       12255000	      1224	800060a8	01dc2033	slt	x0,x24,x29	 x24:0x00000001 x29:0xff104908
       12265000	      1225	800060ac	0111a633	slt	x12,x3,x17	  x3:0x00000001 x17:0x1d4005ba x12=0x00000001
       12275000	      1226	800060b0	024f7c63	bgeu	x30,x4,800060e8	 x30:0x80009f64  x4:0x00000502
       12285000	      1227	00000000	00000013	addi	x0,x0,0	  x0:0x00000000
       12295000	      1228	800060e4	00000013	addi	x0,x0,0	  x0:0x00000000
       12305000	      1229	800060e8	00ca5113	srli	x2,x20,0xc	 x20:0x00000419  x2=0x00000000
       12315000	      1230	800060ec	022a8463	beq	x21,x2,80006114	 x21:0x00000001  x2:0x00000000
       12325000	      1231	800060f0	6bd3ac93	slti	x25,x7,1725	  x7:0xff104908 x25=0x00000001
       12335000	      1232	800060f4	01de7e63	bgeu	x28,x29,80006110	 x28:0x0000001f x29:0xff104908
       12345000	      1233	800060f8	027c4463	blt	x24,x7,80006120	 x24:0x00000001  x7:0xff104908
       12355000	      1234	800060fc	bf927413	andi	x8,x4,-1031	  x4:0x00000502  x8=0x00000100
       12365000	      1235	80006100	0022fd33	and	x26,x5,x2	  x5:0x1d400000  x2:0x00000000 x26=0x00000000
       12375000	      1236	80006104	00c89863	bne	x17,x12,80006114	 x17:0x1d4005ba x12:0x00000001
       12385000	      1237	00000000	00000013	addi	x0,x0,0	  x0:0x00000000
       12395000	      1238	80006110	00000013	addi	x0,x0,0	  x0:0x00000000
       12405000	      1239	80006114	01a96e63	bltu	x18,x26,80006130	 x18:0x00000000 x26:0x00000000
       12415000	      1240	80006118	1f398713	addi	x14,x19,499	 x19:0xb7000000 x14=0xb70001f3
       12425000	      1241	8000611c	0034a1b3	slt	x3,x9,x3	  x9:0x00000000  x3:0x00000001  x3=0x00000001
       12435000	      1242	80006120	00ca6ab3	or	x21,x20,x12	 x20:0x00000419 x12:0x00000001 x21=0x00000419
       12445000	      1243	80006124	22ed2913	slti	x18,x26,558	 x26:0x00000000 x18=0x00000001
       12455000	      1244	80006128	010029b3	slt	x19,x0,x16	  x0:0x00000000 x16:0x9f3b2074 x19=0x00000000
       12465000	      1245	8000612c	8ccf4b93	xori	x23,x30,-1844	 x30:0x80009f64 x23=0x7fff67a8
       12475000	      1246	80006130	fb556d93	ori	x27,x10,-75	 x10:0x00000664 x27=0xfffffff5
       12485000	      1247	80006134	03826263	bltu	x4,x24,80006158	  x4:0x00000502 x24:0x00000001
       12495000	      1248	80006138	05454463	blt	x10,x20,80006180	 x10:0x00000664 x20:0x00000419
       12505000	      1249	8000613c	03771663	bne	x14,x23,80006168	 x14:0xb70001f3 x23:0x7fff67a8
       12515000	      1250	00000000	00000013	addi	x0,x0,0	  x0:0x00000000
       12525000	      1251	80006164	00000013	addi	x0,x0,0	  x0:0x00000000
       12535000	      1252	80006168	b9b13b93	sltiu	x23,x2,-1125	  x2:0x00000000 x23=0x00000001
       12545000	      1253	8000616c	00115013	srli	x0,x2,0x1	  x2:0x00000000
       12555000	      1254	80006170	0136ac33	slt	x24,x13,x19	 x13:0xb7063000 x19:0x00000000 x24=0x00000001
       12565000	      1255	80006174	4006d433	sra	x8,x13,x0	 x13:0xb7063000  x0:0x00000000  x8=0xb7063000
       12575000	      1256	80006178	badfba93	sltiu	x21,x31,-1107	 x31:0x00000001 x21=0x00000001
       12585000	      1257	8000617c	001efb33	and	x22,x29,x1	 x29:0xff104908  x1:0x00000000 x22=0x00000000
       12595000	      1258	80006180	3d078a93	addi	x21,x15,976	 x15:0x00000000 x21=0x000003d0
       12605000	      1259	80006184	00d07c33	and	x24,x0,x13	  x0:0x00000000 x13:0xb7063000 x24=0x00000000
       12615000	      1260	80006188	00000013	addi	x0,x0,0	  x0:0x00000000
       12625000	      1261	8000618c	440d6793	ori	x15,x26,1088	 x26:0x00000000 x15=0x00000440
       12635000	      1262	80006190	41975d33	sra	x26,x14,x25	 x14:0xb70001f3 x25:0x00000001 x26=0xdb8000f9
       12645000	      1263	80006194	3ad7c817	auipc	x16,0x3ad7c	 x16=0xbad82190
       12655000	      1264	80006198	0044f033	and	x0,x9,x4	  x9:0x00000000  x4:0x00000502
       12665000	      1265	8000619c	f59ed197	auipc	x3,0xf59ed	  x3=0x759f3198
       12675000	      1266	800061a0	6aa34a13	xori	x20,x6,1706	  x6:0x9f3b24f5 x20=0x9f3b225f
       12685000	      1267	800061a4	00f40263	beq	x8,x15,800061a8	  x8:0xb7063000 x15:0x00000440
       12695000	      1268	800061a8	014b9793	slli	x15,x23,0x14	 x23:0x00000001 x15=0x00100000
       12705000	      1269	800061ac	00a73433	sltu	x8,x14,x10	 x14:0xb70001f3 x10:0x00000664  x8=0x00000000
       12715000	      1270	800061b0	01187033	and	x0,x16,x17	 x16:0xbad82190 x17:0x1d4005ba
       12725000	      1271	800061b4	2b3fb493	sltiu	x9,x31,691	 x31:0x00000001  x9=0x00000001
       12735000	      1272	800061b8	56126713	ori	x14,x4,1377	  x4:0x00000502 x14=0x00000563
       12745000	      1273	800061bc	ad7da117	auipc	x2,0xad7da	  x2=0x2d7e01b8
       12755000	      1274	800061c0	016e6663	bltu	x28,x22,800061cc	 x28:0x0000001f x22:0x00000000
       12765000	      1275	800061c4	40cb5e93	srai	x29,x22,0xc	 x22:0x00000000 x29=0x00000000
       12775000	      1276	800061c8	056fec63	bltu	x31,x22,80006220	 x31:0x00000001 x22:0x00000000
       12785000	      1277	800061cc	06a15463	bge	x2,x10,80006234	  x2:0x2d7e01b8 x10:0x00000664
       12795000	      1278	00000000	00000013	addi	x0,x0,0	  x0:0x00000000
       12805000	      1279	80006230	00000013	addi	x0,x0,0	  x0:0x00000000
       12815000	      1280	80006234	01869d93	slli	x27,x13,0x18	 x13:0xb7063000 x27=0x00000000
       12825000	      1281	80006238	01fe3433	sltu	x8,x28,x31	 x28:0x0000001f x31:0x00000001  x8=0x00000000
       12835000	      1282	8000623c	05de9663	bne	x29,x29,80006288	 x29:0x00000000 x29:0x00000000
       12845000	      1283	80006240	00000013	addi	x0,x0,0	  x0:0x00000000
       12855000	      1284	80006244	010c9db3	sll	x27,x25,x16	 x25:0x00000001 x16:0xbad82190 x27=0x00010000
       12865000	      1285	80006248	92276813	ori	x16,x14,-1758	 x14:0x00000563 x16=0xfffffd63
       12875000	      1286	8000624c	bfb74817	auipc	x16,0xbfb74	 x16=0x3fb7a248
       12885000	      1287	80006250	5e7ca693	slti	x13,x25,1511	 x25:0x00000001 x13=0x00000001
       12895000	      1288	80006254	00e84263	blt	x16,x14,80006258	 x16:0x3fb7a248 x14:0x00000563
       12905000	      1289	80006258	01c65e33	srl	x28,x12,x28	 x12:0x00000001 x28:0x0000001f x28=0x00000000
       12915000	      1290	8000625c	5a9cf913	andi	x18,x25,1449	 x25:0x00000001 x18=0x00000001
       12925000	      1291	80006260	00000013	addi	x0,x0,0	  x0:0x00000000
       12935000	      1292	80006264	00d202b3	add	x5,x4,x13	  x4:0x00000502 x13:0x00000001  x5=0x00000503
       12945000	      1293	80006268	0164da13	srli	x20,x9,0x16	  x9:0x00000001 x20=0x00000000
       12955000	      1294	8000626c	41a18733	sub	x14,x3,x26	  x3:0x759f3198 x26:0xdb8000f9 x14=0x9a1f309f
       12965000	      1295	80006270	01c6ec63	bltu	x13,x28,80006288	 x13:0x00000001 x28:0x00000000
       12975000	      1296	80006274	56637913	andi	x18,x6,1382	  x6:0x9f3b24f5 x18=0x00000464
       12985000	      1297	80006278	183da293	slti	x5,x27,387	 x27:0x00010000  x5=0x00000000
       12995000	      1298	8000627c	0076d113	srli	x2,x13,0x7	 x13:0x00000001  x2=0x00000000
       13005000	      1299	80006280	000f6e63	bltu	x30,x0,8000629c	 x30:0x80009f64  x0:0x00000000
       13015000	      1300	80006284	000ac2b3	xor	x5,x21,x0	 x21:0x000003d0  x0:0x00000000  x5=0x000003d0
       13025000	      1301	80006288	00000013	addi	x0,x0,0	  x0:0x00000000
       13035000	      1302	8000628c	05e0f263	bgeu	x1,x30,800062d0	  x1:0x00000000 x30:0x80009f64
       13045000	      1303	80006290	034aea63	bltu	x21,x20,800062c4	 x21:0x000003d0 x20:0x00000000
       13055000	      1304	80006294	28044513	xori	x10,x8,640	  x8:0x00000000 x10=0x00000280
       13065000	      1305	80006298	52bc8413	addi	x8,x25,1323	 x25:0x00000001  x8=0x0000052c
       13075000	      1306	8000629c	00075c63	bge	x14,x0,800062b4	 x14:0x9a1f309f  x0:0x00000000
       13085000	      1307	800062a0	00d90e63	beq	x18,x13,800062bc	 x18:0x00000464 x13:0x00000001
       13095000	      1308	800062a4	02bb9e63	bne	x23,x11,800062e0	 x23:0x00000001 x11:0x80009fc4
       13105000	      1309	00000000	00000013	addi	x0,x0,0	  x0:0x00000000
       13115000	      1310	800062dc	00000013	addi	x0,x0,0	  x0:0x00000000
       13125000	      1311	800062e0	0027d863	bge	x15,x2,800062f0	 x15:0x00100000  x2:0x00000000
       13135000	      1312	00000000	00000013	addi	x0,x0,0	  x0:0x00000000
       13145000	      1313	800062ec	00000013	addi	x0,x0,0	  x0:0x00000000
       13155000	      1314	800062f0	003b5c13	srli	x24,x22,0x3	 x22:0x00000000 x24=0x00000000
       13165000	      1315	800062f4	6c197b93	andi	x23,x18,1729	 x18:0x00000464 x23=0x00000440
       13175000	      1316	800062f8	9f5e6093	ori	x1,x28,-1547	 x28:0x00000000  x1=0xfffff9f5
       13185000	      1317	800062fc	28ca7813	andi	x16,x20,652	 x20:0x00000000 x16=0x00000000
       13195000	      1318	80006300	2cf84d93	xori	x27,x16,719	 x16:0x00000000 x27=0x000002cf
       13205000	      1319	80006304	02c4d063	bge	x9,x12,80006324	  x9:0x00000001 x12:0x00000001
       13215000	      1320	00000000	00000013	addi	x0,x0,0	  x0:0x00000000
       13225000	      1321	80006320	00000013	addi	x0,x0,0	  x0:0x00000000
       13235000	      1322	80006324	406fd293	srai	x5,x31,0x6	 x31:0x00000001  x5=0x00000000
       13245000	      1323	80006328	003494b3	sll	x9,x9,x3	  x9:0x00000001  x3:0x759f3198  x9=0x01000000
       13255000	      1324	8000632c	b6e0f613	andi	x12,x1,-1170	  x1:0xfffff9f5 x12=0xfffff964
       13265000	      1325	80006330	00dcda33	srl	x20,x25,x13	 x25:0x00000001 x13:0x00000001 x20=0x00000000
       13275000	      1326	80006334	541e4313	xori	x6,x28,1345	 x28:0x00000000  x6=0x00000541
       13285000	      1327	80006338	00558b33	add	x22,x11,x5	 x11:0x80009fc4  x5:0x00000000 x22=0x80009fc4
       13295000	      1328	8000633c	00089613	slli	x12,x17,0x0	 x17:0x1d4005ba x12=0x1d4005ba
       13305000	      1329	80006340	a7dd7c13	andi	x24,x26,-1411	 x26:0xdb8000f9 x24=0xdb800079
       13315000	      1330	80006344	000c5833	srl	x16,x24,x0	 x24:0xdb800079  x0:0x00000000 x16=0xdb800079
       13325000	      1331	80006348	00c74033	xor	x0,x14,x12	 x14:0x9a1f309f x12:0x1d4005ba
       13335000	      1332	8000634c	01f11993	slli	x19,x2,0x1f	  x2:0x00000000 x19=0x00000000
       13345000	      1333	80006350	01b18463	beq	x3,x27,80006358	  x3:0x759f3198 x27:0x000002cf
       13355000	      1334	80006354	1d992413	slti	x8,x18,473	 x18:0x00000464  x8=0x00000000
       13365000	      1335	80006358	41d95133	sra	x2,x18,x29	 x18:0x00000464 x29:0x00000000  x2=0x00000464
       13375000	      1336	8000635c	01851263	bne	x10,x24,80006360	 x10:0x00000280 x24:0xdb800079
       13385000	      1337	00000000	00000013	addi	x0,x0,0	  x0:0x00000000
       13395000	      1338	8000635c	00000013	addi	x0,x0,0	  x0:0x00000000
       13405000	      1339	80006360	41a00ab3	sub	x21,x0,x26	  x0:0x00000000 x26:0xdb8000f9 x21=0x247fff07
       13415000	      1340	80006364	003cdb13	srli	x22,x25,0x3	 x25:0x00000001 x22=0x00000000
       13425000	      1341	80006368	01ca9d93	slli	x27,x21,0x1c	 x21:0x247fff07 x27=0x70000000
       13435000	      1342	8000636c	79a8cc13	xori	x24,x17,1946	 x17:0x1d4005ba x24=0x1d400220
       13445000	      1343	80006370	00949cb3	sll	x25,x9,x9	  x9:0x01000000  x9:0x01000000 x25=0x01000000
       13455000	      1344	80006374	00bc61b3	or	x3,x24,x11	 x24:0x1d400220 x11:0x80009fc4  x3=0x9d409fe4
       13465000	      1345	80006378	015e8bb3	add	x23,x29,x21	 x29:0x00000000 x21:0x247fff07 x23=0x247fff07
       13475000	      1346	8000637c	01c26833	or	x16,x4,x28	  x4:0x00000502 x28:0x00000000 x16=0x00000502
       13485000	      1347	80006380	d2922e13	slti	x28,x4,-727	  x4:0x00000502 x28=0x00000000
       13495000	      1348	80006384	01621433	sll	x8,x4,x22	  x4:0x00000502 x22:0x00000000  x8=0x00000502
       13505000	      1349	80006388	00e05793	srli	x15,x0,0xe	  x0:0x00000000 x15=0x00000000
       13515000	      1350	8000638c	acd56793	ori	x15,x10,-1331	 x10:0x00000280 x15=0xfffffacd
       13525000	      1351	80006390	a76ebe17	auipc	x28,0xa76eb	 x28=0x276f138c
       13535000	      1352	80006394	41555cb3	sra	x25,x10,x21	 x10:0x00000280 x21:0x247fff07 x25=0x00000005
       13545000	      1353	80006398	5e8d6e13	ori	x28,x26,1512	 x26:0xdb8000f9 x28=0xdb8005f9
       13555000	      1354	8000639c	64d11917	auipc	x18,0x64d11	 x18=0xe4d17398
       13565000	      1355	800063a0	01021863	bne	x4,x16,800063b0	  x4:0x00000502 x16:0x00000502
       13575000	      1356	800063a4	2093a513	slti	x10,x7,521	  x7:0xff104908 x10=0x00000001
       13585000	      1357	800063a8	008b10b3	sll	x1,x22,x8	 x22:0x00000000  x8:0x00000502  x1=0x00000000
       13595000	      1358	800063ac	f1202f93	slti	x31,x0,-238	  x0:0x00000000 x31=0x00000000
       13605000	      1359	800063b0	40ea0233	sub	x4,x20,x14	 x20:0x00000000 x14:0x9a1f309f  x4=0x65e0cf61
       13615000	      1360	800063b4	03e67063	bgeu	x12,x30,800063d4	 x12:0x1d4005ba x30:0x80009f64
       13625000	      1361	800063b8	7ae5c193	xori	x3,x11,1966	 x11:0x80009fc4  x3=0x8000986a
       13635000	      1362	800063bc	0255f463	bgeu	x11,x5,800063e4	 x11:0x80009fc4  x5:0x00000000
       13645000	      1363	00000000	00000013	addi	x0,x0,0	  x0:0x00000000
       13655000	      1364	800063e0	00000013	addi	x0,x0,0	  x0:0x00000000
       13665000	      1365	800063e4	045d5263	bge	x26,x5,80006428	 x26:0xdb8000f9  x5:0x00000000
       13675000	      1366	800063e8	0016cfb3	xor	x31,x13,x1	 x13:0x00000001  x1:0x00000000 x31=0x00000001
       13685000	      1367	800063ec	40f3d713	srai	x14,x7,0xf	  x7:0xff104908 x14=0xfffffe20
       13695000	      1368	800063f0	0120cbb3	xor	x23,x1,x18	  x1:0x00000000 x18:0xe4d17398 x23=0xe4d17398
       13705000	      1369	800063f4	0062a733	slt	x14,x5,x6	  x5:0x00000000  x6:0x00000541 x14=0x00000001
       13715000	      1370	800063f8	03670263	beq	x14,x22,8000641c	 x14:0x00000001 x22:0x00000000
       13725000	      1371	800063fc	ec0df413	andi	x8,x27,-320	 x27:0x70000000  x8=0x70000000
       13735000	      1372	80006400	004c1c63	bne	x24,x4,80006418	 x24:0x1d400220  x4:0x65e0cf61
       13745000	      1373	00000000	00000013	addi	x0,x0,0	  x0:0x00000000
       13755000	      1374	80006414	00000013	addi	x0,x0,0	  x0:0x00000000
       13765000	      1375	80006418	01299913	slli	x18,x19,0x12	 x19:0x00000000 x18=0x00000000
       13775000	      1376	8000641c	a8702117	auipc	x2,0xa8702	  x2=0x28708418
       13785000	      1377	80006420	41b88bb3	sub	x23,x17,x27	 x17:0x1d4005ba x27:0x70000000 x23=0xad4005ba
       13795000	      1378	80006424	75617093	andi	x1,x2,1878	  x2:0x28708418  x1=0x00000410
       13805000	      1379	80006428	f88bb093	sltiu	x1,x23,-120	 x23:0xad4005ba  x1=0x00000001
       13815000	      1380	8000642c	1fa68a93	addi	x21,x13,506	 x13:0x00000001 x21=0x000001fb
       13825000	      1381	80006430	bb64ef93	ori	x31,x9,-1098	  x9:0x01000000 x31=0xfffffbb6
       13835000	      1382	80006434	a97a2d93	slti	x27,x20,-1385	 x20:0x00000000 x27=0x00000000
       13845000	      1383	80006438	03236063	bltu	x6,x18,80006458	  x6:0x00000541 x18:0x00000000
       13855000	      1384	8000643c	010efe63	bgeu	x29,x16,80006458	 x29:0x00000000 x16:0x00000502
       13865000	      1385	80006440	37453793	sltiu	x15,x10,884	 x10:0x00000001 x15=0x00000001
       13875000	      1386	80006444	006a90b3	sll	x1,x21,x6	 x21:0x000001fb  x6:0x00000541  x1=0x000003f6
       13885000	      1387	80006448	00f6dd13	srli	x26,x13,0xf	 x13:0x00000001 x26=0x00000000
       13895000	      1388	8000644c	71972313	slti	x6,x14,1817	 x14:0x00000001  x6=0x00000001
       13905000	      1389	80006450	01e69463	bne	x13,x30,80006458	 x13:0x00000001 x30:0x80009f64
       13915000	      1390	00000000	00000013	addi	x0,x0,0	  x0:0x00000000
       13925000	      1391	80006454	00000013	addi	x0,x0,0	  x0:0x00000000
       13935000	      1392	80006458	008f2133	slt	x2,x30,x8	 x30:0x80009f64  x8:0x70000000  x2=0x00000001
       13945000	      1393	8000645c	93b52693	slti	x13,x10,-1733	 x10:0x00000001 x13=0x00000000
       13955000	      1394	80006460	004f2303	lw	x6,4(x30)	 x30:0x80009f64  x6=0x80000168 PA:0x80009f68
       13965000	      1395	80006464	00d13a33	sltu	x20,x2,x13	  x2:0x00000001 x13:0x00000000 x20=0x00000000
       13975000	      1396	80006468	41955793	srai	x15,x10,0x19	 x10:0x00000001 x15=0x00000000
       13985000	      1397	8000646c	020f0f13	addi	x30,x30,32	 x30:0x80009f64 x30=0x80009f84
       13995000	      1398	80006470	015b5133	srl	x2,x22,x21	 x22:0x00000000 x21:0x000001fb  x2=0x00000000
       14005000	      1399	80006474	5c48ca93	xori	x21,x17,1476	 x17:0x1d4005ba x21=0x1d40007e
       14015000	      1400	80006478	00130713	addi	x14,x6,1	  x6:0x80000168 x14=0x80000169
       14025000	      1401	8000647c	00070767	jalr	x14,x14,0	 x14:0x80000169 x14=0x8000647c
       14035000	      1402	00000000	00000013	addi	x0,x0,0	  x0:0x00000000
       14045000	      1403	80000168	00000013	addi	x0,x0,0	  x0:0x00000000
       14055000	      1404	8000016c	00008117	auipc	x2,0x8	  x2=0x80008168
       14065000	      1405	80000170	37310113	addi	x2,x2,883	  x2:0x80008168  x2=0x800084db
       14075000	      1406	80000174	ff314e03	lbu	x28,-13(x2)	  x2:0x800084db x28=0x00000085 PA:0x800084ce
       14085000	      1407	80000178	00fccab3	xor	x21,x25,x15	 x25:0x00000005 x15:0x00000000 x21=0x00000005
       14095000	      1408	8000017c	00e2b4b3	sltu	x9,x5,x14	  x5:0x00000000 x14:0x8000647c  x9=0x00000001
       14105000	      1409	80000180	529ae937	lui	x18,0x529ae	 x18=0x529ae000
       14115000	      1410	80000184	40dcd893	srai	x17,x25,0xd	 x25:0x00000005 x17=0x00000000
       14125000	      1411	80000188	fff15c03	lhu	x24,-1(x2)	  x2:0x800084db x24=0x00009091 PA:0x800084da
       14135000	      1412	8000018c	01c10223	sb	x28,4(x2)	  x2:0x800084db x28:0x00000085 PA:0x800084df
       14145000	      1413	80000190	0040cb33	xor	x22,x1,x4	  x1:0x000003f6  x4:0x65e0cf61 x22=0x65e0cc97
       14155000	      1414	80000194	fe7128a3	sw	x7,-15(x2)	  x2:0x800084db  x7:0xff104908 PA:0x800084cc
       14165000	      1415	80000198	ffd12803	lw	x16,-3(x2)	  x2:0x800084db x16=0x90919293 PA:0x800084d8
       14175000	      1416	8000019c	de648d93	addi	x27,x9,-538	  x9:0x00000001 x27=0xfffffde7
       14185000	      1417	800001a0	00571433	sll	x8,x14,x5	 x14:0x8000647c  x5:0x00000000  x8=0x8000647c
       14195000	      1418	800001a4	01687a33	and	x20,x16,x22	 x16:0x90919293 x22:0x65e0cc97 x20=0x00808093
       14205000	      1419	800001a8	0121beb3	sltu	x29,x3,x18	  x3:0x8000986a x18:0x529ae000 x29=0x00000000
       14215000	      1420	800001ac	01010d83	lb	x27,16(x2)	  x2:0x800084db x27=0xffffffa0 PA:0x800084eb
       14225000	      1421	800001b0	ffa14903	lbu	x18,-6(x2)	  x2:0x800084db x18=0x0000008e PA:0x800084d5
       14235000	      1422	800001b4	05ce8fb7	lui	x31,0x5ce8	 x31=0x05ce8000
       14245000	      1423	800001b8	fff10603	lb	x12,-1(x2)	  x2:0x800084db x12=0xffffff91 PA:0x800084da
       14255000	      1424	800001bc	012ca1b3	slt	x3,x25,x18	 x25:0x00000005 x18:0x0000008e  x3=0x00000001
       14265000	      1425	800001c0	216da813	slti	x16,x27,534	 x27:0xffffffa0 x16=0x00000001
       14275000	      1426	800001c4	001801b3	add	x3,x16,x1	 x16:0x00000001  x1:0x000003f6  x3=0x000003f7
       14285000	      1427	800001c8	ffe10183	lb	x3,-2(x2)	  x2:0x800084db  x3=0xffffff92 PA:0x800084d9
       14295000	      1428	800001cc	41c45293	srai	x5,x8,0x1c	  x8:0x8000647c  x5=0xfffffff8
       14305000	      1429	800001d0	00403c13	sltiu	x24,x0,4	  x0:0x00000000 x24=0x00000001
       14315000	      1430	800001d4	414cd293	srai	x5,x25,0x14	 x25:0x00000005  x5=0x00000000
       14325000	      1431	800001d8	ff714f83	lbu	x31,-9(x2)	  x2:0x800084db x31=0x00000089 PA:0x800084d2
       14335000	      1432	800001dc	7aeccd93	xori	x27,x25,1966	 x25:0x00000005 x27=0x000007ab
       14345000	      1433	800001e0	00000013	addi	x0,x0,0	  x0:0x00000000
       14355000	      1434	800001e4	ff414e83	lbu	x29,-12(x2)	  x2:0x800084db x29=0x000000ff PA:0x800084cf
       14365000	      1435	800001e8	01ef0733	add	x14,x30,x30	 x30:0x80009f84 x30:0x80009f84 x14=0x00013f08
       14375000	      1436	800001ec	feb119a3	sh	x11,-13(x2)	  x2:0x800084db x11:0x80009fc4 PA:0x800084ce
       14385000	      1437	800001f0	00e10423	sb	x14,8(x2)	  x2:0x800084db x14:0x00013f08 PA:0x800084e3
       14395000	      1438	800001f4	00000013	addi	x0,x0,0	  x0:0x00000000
       14405000	      1439	800001f8	40e7d2b3	sra	x5,x15,x14	 x15:0x00000000 x14:0x00013f08  x5=0x00000000
       14415000	      1440	800001fc	ff411ea3	sh	x20,-3(x2)	  x2:0x800084db x20:0x00808093 PA:0x800084d8
       14425000	      1441	80000200	00c71233	sll	x4,x14,x12	 x14:0x00013f08 x12:0xffffff91  x4=0x7e100000
       14435000	      1442	80000204	00ca6733	or	x14,x20,x12	 x20:0x00808093 x12:0xffffff91 x14=0xffffff93
       14445000	      1443	80000208	fff11803	lh	x16,-1(x2)	  x2:0x800084db x16=0xffff9091 PA:0x800084da
       14455000	      1444	8000020c	0194f8b3	and	x17,x9,x25	  x9:0x00000001 x25:0x00000005 x17=0x00000001
       14465000	      1445	80000210	00f14483	lbu	x9,15(x2)	  x2:0x800084db  x9=0x000000a1 PA:0x800084ea
       14475000	      1446	80000214	1130ce37	lui	x28,0x1130c	 x28=0x1130c000
       14485000	      1447	80000218	011131b3	sltu	x3,x2,x17	  x2:0x800084db x17:0x00000001  x3=0x00000000
       14495000	      1448	8000021c	05ff5063	bge	x30,x31,8000025c	 x30:0x80009f84 x31:0x00000089
       14505000	      1449	80000220	00b4f1b3	and	x3,x9,x11	  x9:0x000000a1 x11:0x80009fc4  x3=0x00000080
       14515000	      1450	80000224	01259a13	slli	x20,x11,0x12	 x11:0x80009fc4 x20=0x7f100000
       14525000	      1451	80000228	4077d7b3	sra	x15,x15,x7	 x15:0x00000000  x7:0xff104908 x15=0x00000000
       14535000	      1452	8000022c	00005097	auipc	x1,0x5	  x1=0x80005228
       14545000	      1453	80000230	42008093	addi	x1,x1,1056	  x1:0x80005228  x1=0x80005648
       14555000	      1454	80000234	e6e5fc13	andi	x24,x11,-402	 x11:0x80009fc4 x24=0x80009e44
       14565000	      1455	80000238	00000013	addi	x0,x0,0	  x0:0x00000000
       14575000	      1456	8000023c	c3408093	addi	x1,x1,-972	  x1:0x80005648  x1=0x8000527c
       14585000	      1457	80000240	011e2333	slt	x6,x28,x17	 x28:0x1130c000 x17:0x00000001  x6=0x00000000
       14595000	      1458	80000244	018c3033	sltu	x0,x24,x24	 x24:0x80009e44 x24:0x80009e44
       14605000	      1459	80000248	01a38863	beq	x7,x26,80000258	  x7:0xff104908 x26:0x00000000
       14615000	      1460	8000024c	e30fba93	sltiu	x21,x31,-464	 x31:0x00000089 x21=0x00000001
       14625000	      1461	80000250	c2624c93	xori	x25,x4,-986	  x4:0x7e100000 x25=0x81effc26
       14635000	      1462	80000254	01b09e13	slli	x28,x1,0x1b	  x1:0x8000527c x28=0xe0000000
       14645000	      1463	80000258	3cc08367	jalr	x6,x1,972	  x1:0x8000527c  x6=0x80000258
       14655000	      1464	00000000	00000013	addi	x0,x0,0	  x0:0x00000000
       14665000	      1465	80005648	00000013	addi	x0,x0,0	  x0:0x00000000
       14675000	      1466	8000564c	7c3e3c13	sltiu	x24,x28,1987	 x28:0xe0000000 x24=0x00000000
       14685000	      1467	80005650	61f04d37	lui	x26,0x61f04	 x26=0x61f04000
       14695000	      1468	80005654	b84a8d93	addi	x27,x21,-1148	 x21:0x00000001 x27=0xfffffb85
       14705000	      1469	80005658	fe0f0f13	addi	x30,x30,-32	 x30:0x80009f84 x30=0x80009f64
       14715000	      1470	8000565c	60483213	sltiu	x4,x16,1540	 x16:0xffff9091  x4=0x00000000
       14725000	      1471	80005660	006f2223	sw	x6,4(x30)	 x30:0x80009f64  x6:0x80000258 PA:0x80009f68
       14735000	      1472	80005664	01119893	slli	x17,x3,0x11	  x3:0x00000080 x17=0x01000000
       14745000	      1473	80005668	52e94c13	xori	x24,x18,1326	 x18:0x0000008e x24=0x000005a0
       14755000	      1474	8000566c	01be0db3	add	x27,x28,x27	 x28:0xe0000000 x27:0xfffffb85 x27=0xdffffb85
       14765000	      1475	80005670	01b35513	srli	x10,x6,0x1b	  x6:0x80000258 x10=0x00000010
       14775000	      1476	80005674	ab904e13	xori	x28,x0,-1351	  x0:0x00000000 x28=0xfffffab9
       14785000	      1477	80005678	f00b6813	ori	x16,x22,-256	 x22:0x65e0cc97 x16=0xffffff97
       14795000	      1478	8000567c	fffff217	auipc	x4,0xfffff	  x4=0x80004678
       14805000	      1479	80005680	dec20213	addi	x4,x4,-532	  x4:0x80004678  x4=0x80004464
       14815000	      1480	80005684	00000013	addi	x0,x0,0	  x0:0x00000000
       14825000	      1481	80005688	01a6a733	slt	x14,x13,x26	 x13:0x00000000 x26:0x61f04000 x14=0x00000001
       14835000	      1482	8000568c	2b720213	addi	x4,x4,695	  x4:0x80004464  x4=0x8000471b
       14845000	      1483	80005690	41dbda33	sra	x20,x23,x29	 x23:0xad4005ba x29:0x000000ff x20=0xffffffff
       14855000	      1484	80005694	71822d37	lui	x26,0x71822	 x26=0x71822000
       14865000	      1485	80005698	d4920367	jalr	x6,x4,-695	  x4:0x8000471b  x6=0x80005698
       14875000	      1486	00000000	00000013	addi	x0,x0,0	  x0:0x00000000
       14885000	      1487	80004464	00000013	addi	x0,x0,0	  x0:0x00000000
       14895000	      1488	80004468	fdcf0f13	addi	x30,x30,-36	 x30:0x80009f64 x30=0x80009f40
       14905000	      1489	8000446c	01f119b3	sll	x19,x2,x31	  x2:0x800084db x31:0x00000089 x19=0x0109b600
       14915000	      1490	80004470	006f2223	sw	x6,4(x30)	 x30:0x80009f40  x6:0x80005698 PA:0x80009f44
       14925000	      1491	80004474	5dd12b13	slti	x22,x2,1501	  x2:0x800084db x22=0x00000001
       14935000	      1492	80004478	9761c693	xori	x13,x3,-1674	  x3:0x00000080 x13=0xfffff9f6
       14945000	      1493	8000447c	00a70bb3	add	x23,x14,x10	 x14:0x00000001 x10:0x00000010 x23=0x00000011
       14955000	      1494	80004480	b29ec913	xori	x18,x29,-1239	 x29:0x000000ff x18=0xfffffbd6
       14965000	      1495	80004484	00c41d13	slli	x26,x8,0xc	  x8:0x8000647c x26=0x0647c000
       14975000	      1496	80004488	01474833	xor	x16,x14,x20	 x14:0x00000001 x20:0xffffffff x16=0xfffffffe
       14985000	      1497	8000448c	bcda3993	sltiu	x19,x20,-1075	 x20:0xffffffff x19=0x00000000
       14995000	      1498	80004490	0180ce33	xor	x28,x1,x24	  x1:0x8000527c x24:0x000005a0 x28=0x800057dc
       15005000	      1499	80004494	0184ccb3	xor	x25,x9,x24	  x9:0x000000a1 x24:0x000005a0 x25=0x00000501
       15015000	      1500	80004498	02f1e063	bltu	x3,x15,800044b8	  x3:0x00000080 x15:0x00000000
       15025000	      1501	8000449c	01d99913	slli	x18,x19,0x1d	 x19:0x00000000 x18=0x00000000
       15035000	      1502	800044a0	01d89933	sll	x18,x17,x29	 x17:0x01000000 x29:0x000000ff x18=0x00000000
       15045000	      1503	800044a4	40398833	sub	x16,x19,x3	 x19:0x00000000  x3:0x00000080 x16=0xffffff80
       15055000	      1504	800044a8	04470263	beq	x14,x4,800044ec	 x14:0x00000001  x4:0x8000471b
       15065000	      1505	800044ac	02fe1a63	bne	x28,x15,800044e0	 x28:0x800057dc x15:0x00000000
       15075000	      1506	00000000	00000013	addi	x0,x0,0	  x0:0x00000000
       15085000	      1507	800044dc	00000013	addi	x0,x0,0	  x0:0x00000000
       15095000	      1508	800044e0	0452c663	blt	x5,x5,8000452c	  x5:0x00000000  x5:0x00000000
       15105000	      1509	800044e4	40d55733	sra	x14,x10,x13	 x10:0x00000010 x13:0xfffff9f6 x14=0x00000000
       15115000	      1510	800044e8	41bdd893	srai	x17,x27,0x1b	 x27:0xdffffb85 x17=0xfffffffb
       15125000	      1511	800044ec	03340a63	beq	x8,x19,80004520	  x8:0x8000647c x19:0x00000000
       15135000	      1512	800044f0	00115493	srli	x9,x2,0x1	  x2:0x800084db  x9=0x4000426d
       15145000	      1513	800044f4	d28e6e93	ori	x29,x28,-728	 x28:0x800057dc x29=0xfffffffc
       15155000	      1514	800044f8	005f28b3	slt	x17,x30,x5	 x30:0x80009f40  x5:0x00000000 x17=0x00000001
       15165000	      1515	800044fc	02228463	beq	x5,x2,80004524	  x5:0x00000000  x2:0x800084db
       15175000	      1516	80004500	01abf0b3	and	x1,x23,x26	 x23:0x00000011 x26:0x0647c000  x1=0x00000000
       15185000	      1517	80004504	02876863	bltu	x14,x8,80004534	 x14:0x00000000  x8:0x8000647c
       15195000	      1518	00000000	00000013	addi	x0,x0,0	  x0:0x00000000
       15205000	      1519	80004530	00000013	addi	x0,x0,0	  x0:0x00000000
       15215000	      1520	80004534	01889933	sll	x18,x17,x24	 x17:0x00000001 x24:0x000005a0 x18=0x00000001
       15225000	      1521	80004538	23eb6313	ori	x6,x22,574	 x22:0x00000001  x6=0x0000023f
       15235000	      1522	8000453c	00ba2033	slt	x0,x20,x11	 x20:0xffffffff x11:0x80009fc4
       15245000	      1523	80004540	4032dd93	srai	x27,x5,0x3	  x5:0x00000000 x27=0x00000000
       15255000	      1524	80004544	00be8663	beq	x29,x11,80004550	 x29:0xfffffffc x11:0x80009fc4
       15265000	      1525	80004548	00af2b33	slt	x22,x30,x10	 x30:0x80009f40 x10:0x00000010 x22=0x00000001
       15275000	      1526	8000454c	e1c62b93	slti	x23,x12,-484	 x12:0xffffff91 x23=0x00000000
       15285000	      1527	80004550	544c5d17	auipc	x26,0x544c5	 x26=0xd44c954c
       15295000	      1528	80004554	010cd413	srli	x8,x25,0x10	 x25:0x00000501  x8=0x00000000
       15305000	      1529	80004558	7f1de0b7	lui	x1,0x7f1de	  x1=0x7f1de000
       15315000	      1530	8000455c	00000013	addi	x0,x0,0	  x0:0x00000000
       15325000	      1531	80004560	00daa633	slt	x12,x21,x13	 x21:0x00000001 x13:0xfffff9f6 x12=0x00000000
       15335000	      1532	80004564	00c62033	slt	x0,x12,x12	 x12:0x00000000 x12:0x00000000
       15345000	      1533	80004568	00000013	addi	x0,x0,0	  x0:0x00000000
       15355000	      1534	8000456c	05c47063	bgeu	x8,x28,800045ac	  x8:0x00000000 x28:0x800057dc
       15365000	      1535	80004570	018712b3	sll	x5,x14,x24	 x14:0x00000000 x24:0x000005a0  x5=0x00000000
       15375000	      1536	80004574	01cb1193	slli	x3,x22,0x1c	 x22:0x00000001  x3=0x10000000
       15385000	      1537	80004578	011d9933	sll	x18,x27,x17	 x27:0x00000000 x17:0x00000001 x18=0x00000000
       15395000	      1538	8000457c	9abd4e93	xori	x29,x26,-1621	 x26:0xd44c954c x29=0x2bb36ce7
       15405000	      1539	80004580	02ab7a63	bgeu	x22,x10,800045b4	 x22:0x00000001 x10:0x00000010
       15415000	      1540	80004584	01c782b3	add	x5,x15,x28	 x15:0x00000000 x28:0x800057dc  x5=0x800057dc
       15425000	      1541	80004588	41445713	srai	x14,x8,0x14	  x8:0x00000000 x14=0x00000000
       15435000	      1542	8000458c	0041dc63	bge	x3,x4,800045a4	  x3:0x10000000  x4:0x8000471b
       15445000	      1543	00000000	00000013	addi	x0,x0,0	  x0:0x00000000
       15455000	      1544	800045a0	00000013	addi	x0,x0,0	  x0:0x00000000
       15465000	      1545	800045a4	00b47733	and	x14,x8,x11	  x8:0x00000000 x11:0x80009fc4 x14=0x00000000
       15475000	      1546	800045a8	5ca1c013	xori	x0,x3,1482	  x3:0x10000000
       15485000	      1547	800045ac	01935c93	srli	x25,x6,0x19	  x6:0x0000023f x25=0x00000000
       15495000	      1548	800045b0	01cc4e33	xor	x28,x24,x28	 x24:0x000005a0 x28:0x800057dc x28=0x8000527c
       15505000	      1549	800045b4	dc478213	addi	x4,x15,-572	 x15:0x00000000  x4=0xfffffdc4
       15515000	      1550	800045b8	01943d13	sltiu	x26,x8,25	  x8:0x00000000 x26=0x00000001
       15525000	      1551	800045bc	014b1713	slli	x14,x22,0x14	 x22:0x00000001 x14=0x00100000
       15535000	      1552	800045c0	00418bb3	add	x23,x3,x4	  x3:0x10000000  x4:0xfffffdc4 x23=0x0ffffdc4
       15545000	      1553	800045c4	0117a8b3	slt	x17,x15,x17	 x15:0x00000000 x17:0x00000001 x17=0x00000001
       15555000	      1554	800045c8	00c6e263	bltu	x13,x12,800045cc	 x13:0xfffff9f6 x12:0x00000000
       15565000	      1555	800045cc	00656ab3	or	x21,x10,x6	 x10:0x00000010  x6:0x0000023f x21=0x0000023f
       15575000	      1556	800045d0	01525033	srl	x0,x4,x21	  x4:0xfffffdc4 x21:0x0000023f
       15585000	      1557	800045d4	058f0863	beq	x30,x24,80004624	 x30:0x80009f40 x24:0x000005a0
       15595000	      1558	800045d8	00000013	addi	x0,x0,0	  x0:0x00000000
       15605000	      1559	800045dc	40e1df93	srai	x31,x3,0xe	  x3:0x10000000 x31=0x00004000
       15615000	      1560	800045e0	581aca93	xori	x21,x21,1409	 x21:0x0000023f x21=0x000007be
       15625000	      1561	800045e4	01fd2db3	slt	x27,x26,x31	 x26:0x00000001 x31:0x00004000 x27=0x00000001
       15635000	      1562	800045e8	414182b3	sub	x5,x3,x20	  x3:0x10000000 x20:0xffffffff  x5=0x10000001
       15645000	      1563	800045ec	59e1a613	slti	x12,x3,1438	  x3:0x10000000 x12=0x00000000
       15655000	      1564	800045f0	02694463	blt	x18,x6,80004618	 x18:0x00000000  x6:0x0000023f
       15665000	      1565	00000000	00000013	addi	x0,x0,0	  x0:0x00000000
       15675000	      1566	80004614	00000013	addi	x0,x0,0	  x0:0x00000000
       15685000	      1567	80004618	01d0c1b3	xor	x3,x1,x29	  x1:0x7f1de000 x29:0x2bb36ce7  x3=0x54ae8ce7
       15695000	      1568	8000461c	41565ab3	sra	x21,x12,x21	 x12:0x00000000 x21:0x000007be x21=0x00000000
       15705000	      1569	80004620	00958e33	add	x28,x11,x9	 x11:0x80009fc4  x9:0x4000426d x28=0xc000e231
       15715000	      1570	80004624	03958263	beq	x11,x25,80004648	 x11:0x80009fc4 x25:0x00000000
       15725000	      1571	80004628	004b9833	sll	x16,x23,x4	 x23:0x0ffffdc4  x4:0xfffffdc4 x16=0xffffdc40
       15735000	      1572	8000462c	51642c13	slti	x24,x8,1302	  x8:0x00000000 x24=0x00000001
       15745000	      1573	80004630	00b8ca33	xor	x20,x17,x11	 x17:0x00000001 x11:0x80009fc4 x20=0x80009fc5
       15755000	      1574	80004634	016824b3	slt	x9,x16,x22	 x16:0xffffdc40 x22:0x00000001  x9=0x00000001
       15765000	      1575	80004638	01570033	add	x0,x14,x21	 x14:0x00100000 x21:0x00000000
       15775000	      1576	8000463c	03f7ff93	andi	x31,x15,63	 x15:0x00000000 x31=0x00000000
       15785000	      1577	80004640	ed5ec413	xori	x8,x29,-299	 x29:0x2bb36ce7  x8=0xd44c9232
       15795000	      1578	80004644	4019d693	srai	x13,x19,0x1	 x19:0x00000000 x13=0x00000000
       15805000	      1579	80004648	00de5333	srl	x6,x28,x13	 x28:0xc000e231 x13:0x00000000  x6=0xc000e231
       15815000	      1580	8000464c	0086acb3	slt	x25,x13,x8	 x13:0x00000000  x8:0xd44c9232 x25=0x00000000
       15825000	      1581	80004650	387af9b7	lui	x19,0x387af	 x19=0x387af000
       15835000	      1582	80004654	004f11b3	sll	x3,x30,x4	 x30:0x80009f40  x4:0xfffffdc4  x3=0x0009f400
       15845000	      1583	80004658	04627663	bgeu	x4,x6,800046a4	  x4:0xfffffdc4  x6:0xc000e231
       15855000	      1584	00000000	00000013	addi	x0,x0,0	  x0:0x00000000
       15865000	      1585	800046a0	00000013	addi	x0,x0,0	  x0:0x00000000
       15875000	      1586	800046a4	11edc863	blt	x27,x30,800047b4	 x27:0x00000001 x30:0x80009f40
       15885000	      1587	800046a8	7a1814b7	lui	x9,0x7a181	  x9=0x7a181000
       15895000	      1588	800046ac	40efd7b3	sra	x15,x31,x14	 x31:0x00000000 x14:0x00100000 x15=0x00000000
       15905000	      1589	800046b0	009adc33	srl	x24,x21,x9	 x21:0x00000000  x9:0x7a181000 x24=0x00000000
       15915000	      1590	800046b4	f58e4293	xori	x5,x28,-168	 x28:0xc000e231  x5=0x3fff1d69
       15925000	      1591	800046b8	65f34893	xori	x17,x6,1631	  x6:0xc000e231 x17=0xc000e46e
       15935000	      1592	800046bc	0f24e263	bltu	x9,x18,800047a0	  x9:0x7a181000 x18:0x00000000
       15945000	      1593	800046c0	10357c93	andi	x25,x10,259	 x10:0x00000010 x25=0x00000000
       15955000	      1594	800046c4	b61cfa13	andi	x20,x25,-1183	 x25:0x00000000 x20=0x00000000
       15965000	      1595	800046c8	40d88a33	sub	x20,x17,x13	 x17:0xc000e46e x13:0x00000000 x20=0xc000e46e
       15975000	      1596	800046cc	00e7c663	blt	x15,x14,800046d8	 x15:0x00000000 x14:0x00100000
       15985000	      1597	00000000	00000013	addi	x0,x0,0	  x0:0x00000000
       15995000	      1598	800046d4	00000013	addi	x0,x0,0	  x0:0x00000000
       16005000	      1599	800046d8	40f65993	srai	x19,x12,0xf	 x12:0x00000000 x19=0x00000000
       16015000	      1600	800046dc	00004c97	auipc	x25,0x4	 x25=0x800086d8
       16025000	      1601	800046e0	34cc8c93	addi	x25,x25,844	 x25:0x800086d8 x25=0x80008a24
       16035000	      1602	800046e4	404e5e13	srai	x28,x28,0x4	 x28:0xc000e231 x28=0xfc000e23
       16045000	      1603	800046e8	ffdc86a3	sb	x29,-19(x25)	 x25:0x80008a24 x29:0x2bb36ce7 PA:0x80008a11
       16055000	      1604	800046ec	fc6cd603	lhu	x12,-58(x25)	 x25:0x80008a24 x12=0x0000d0d1 PA:0x800089ea
       16065000	      1605	800046f0	589fa213	slti	x4,x31,1417	 x31:0x00000000  x4=0x00000001
       16075000	      1606	800046f4	824988b7	lui	x17,0x82498	 x17=0x82498000
       16085000	      1607	800046f8	003c8fa3	sb	x3,31(x25)	 x25:0x80008a24  x3:0x0009f400 PA:0x80008a43
       16095000	      1608	800046fc	01bcc283	lbu	x5,27(x25)	 x25:0x80008a24  x5=0x00000024 PA:0x80008a3f
       16105000	      1609	80004700	0147c933	xor	x18,x15,x20	 x15:0x00000000 x20:0xc000e46e x18=0xc000e46e
       16115000	      1610	80004704	013c8483	lb	x9,19(x25)	 x25:0x80008a24  x9=0x0000001c PA:0x80008a37
       16125000	      1611	80004708	b2f30813	addi	x16,x6,-1233	  x6:0xc000e231 x16=0xc000dd60
       16135000	      1612	8000470c	fc0c8503	lb	x10,-64(x25)	 x25:0x80008a24 x10=0xffffffcf PA:0x800089e4
       16145000	      1613	80004710	019ccb83	lbu	x23,25(x25)	 x25:0x80008a24 x23=0x00000026 PA:0x80008a3d
       16155000	      1614	80004714	016c8fa3	sb	x22,31(x25)	 x25:0x80008a24 x22:0x00000001 PA:0x80008a43
       16165000	      1615	80004718	028c9083	lh	x1,40(x25)	 x25:0x80008a24  x1=0x00003637 PA:0x80008a4c
       16175000	      1616	8000471c	97b6be13	sltiu	x28,x13,-1669	 x13:0x00000000 x28=0x00000001
       16185000	      1617	80004720	fd6cc683	lbu	x13,-42(x25)	 x25:0x80008a24 x13=0x000000e1 PA:0x800089fa
       16195000	      1618	80004724	ff5cc503	lbu	x10,-11(x25)	 x25:0x80008a24 x10=0x00000002 PA:0x80008a19
       16205000	      1619	80004728	0098adb3	slt	x27,x17,x9	 x17:0x82498000  x9:0x0000001c x27=0x00000001
       16215000	      1620	8000472c	01f6bc33	sltu	x24,x13,x31	 x13:0x000000e1 x31:0x00000000 x24=0x00000000
       16225000	      1621	80004730	003c80a3	sb	x3,1(x25)	 x25:0x80008a24  x3:0x0009f400 PA:0x80008a25
       16235000	      1622	80004734	41630b33	sub	x22,x6,x22	  x6:0xc000e231 x22:0x00000001 x22=0xc000e230
       16245000	      1623	80004738	fcac8d03	lb	x26,-54(x25)	 x25:0x80008a24 x26=0xffffffd5 PA:0x800089ee
       16255000	      1624	8000473c	01bc9323	sh	x27,6(x25)	 x25:0x80008a24 x27:0x00000001 PA:0x80008a2a
       16265000	      1625	80004740	019c8e83	lb	x29,25(x25)	 x25:0x80008a24 x29=0x00000026 PA:0x80008a3d
       16275000	      1626	80004744	00000013	addi	x0,x0,0	  x0:0x00000000
       16285000	      1627	80004748	fe4cae83	lw	x29,-28(x25)	 x25:0x80008a24 x29=0xf0f1f2f3 PA:0x80008a08
       16295000	      1628	00000000	00000013	addi	x0,x0,0	  x0:0x00000000
       16305000	      1629	8000474c	007e9933	sll	x18,x29,x7	 x29:0xf0f1f2f3  x7:0xff104908 x18=0xf1f2f300
       16315000	      1630	80004750	414de793	ori	x15,x27,1044	 x27:0x00000001 x15=0x00000415
       16325000	      1631	80004754	fe1c9e23	sh	x1,-4(x25)	 x25:0x80008a24  x1:0x00003637 PA:0x80008a20
       16335000	      1632	80004758	fdbc82a3	sb	x27,-59(x25)	 x25:0x80008a24 x27:0x00000001 PA:0x800089e9
       16345000	      1633	8000475c	00fcc703	lbu	x14,15(x25)	 x25:0x80008a24 x14=0x00000004 PA:0x80008a33
       16355000	      1634	80004760	029cce83	lbu	x29,41(x25)	 x25:0x80008a24 x29=0x00000036 PA:0x80008a4d
       16365000	      1635	80004764	00ec8d23	sb	x14,26(x25)	 x25:0x80008a24 x14:0x00000004 PA:0x80008a3e
       16375000	      1636	80004768	004c9723	sh	x4,14(x25)	 x25:0x80008a24  x4:0x00000001 PA:0x80008a32
       16385000	      1637	8000476c	fd1c8f83	lb	x31,-47(x25)	 x25:0x80008a24 x31=0xffffffde PA:0x800089f5
       16395000	      1638	80004770	fc1cc183	lbu	x3,-63(x25)	 x25:0x80008a24  x3=0x000000ce PA:0x800089e5
       16405000	      1639	80004774	00ffae33	slt	x28,x31,x15	 x31:0xffffffde x15:0x00000415 x28=0x00000001
       16415000	      1640	80004778	41e28433	sub	x8,x5,x30	  x5:0x00000024 x30:0x80009f40  x8=0x7fff60e4
       16425000	      1641	8000477c	00fc9723	sh	x15,14(x25)	 x25:0x80008a24 x15:0x00000415 PA:0x80008a32
       16435000	      1642	80004780	017c8523	sb	x23,10(x25)	 x25:0x80008a24 x23:0x00000026 PA:0x80008a2e
       16445000	      1643	80004784	0111deb3	srl	x29,x3,x17	  x3:0x000000ce x17:0x82498000 x29=0x000000ce
       16455000	      1644	80004788	fcac8803	lb	x16,-54(x25)	 x25:0x80008a24 x16=0xffffffd5 PA:0x800089ee
       16465000	      1645	8000478c	fd9c8883	lb	x17,-39(x25)	 x25:0x80008a24 x17=0xffffffe6 PA:0x800089fd
       16475000	      1646	00000000	00000013	addi	x0,x0,0	  x0:0x00000000
       16485000	      1647	80004790	0038deb3	srl	x29,x17,x3	 x17:0xffffffe6  x3:0x000000ce x29=0x0003ffff
       16495000	      1648	80004794	015cc803	lbu	x16,21(x25)	 x25:0x80008a24 x16=0x00000022 PA:0x80008a39
       16505000	      1649	80004798	006c9883	lh	x17,6(x25)	 x25:0x80008a24 x17=0x00000001 PA:0x80008a2a
       16515000	      1650	00000000	00000013	addi	x0,x0,0	  x0:0x00000000
       16525000	      1651	8000479c	01195d13	srli	x26,x18,0x11	 x18:0xf1f2f300 x26=0x000078f9
       16535000	      1652	800047a0	6b9928b7	lui	x17,0x6b992	 x17=0x6b992000
       16545000	      1653	800047a4	014f07b3	add	x15,x30,x20	 x30:0x80009f40 x20:0xc000e46e x15=0x400183ae
       16555000	      1654	800047a8	186d7e93	andi	x29,x26,390	 x26:0x000078f9 x29=0x00000080
       16565000	      1655	800047ac	f058b193	sltiu	x3,x17,-251	 x17:0x6b992000  x3=0x00000001
       16575000	      1656	800047b0	04f09063	bne	x1,x15,800047f0	  x1:0x00003637 x15:0x400183ae
       16585000	      1657	00000000	00000013	addi	x0,x0,0	  x0:0x00000000
       16595000	      1658	800047ec	00000013	addi	x0,x0,0	  x0:0x00000000
       16605000	      1659	800047f0	00c85c63	bge	x16,x12,80004808	 x16:0x00000022 x12:0x0000d0d1
       16615000	      1660	800047f4	00715263	bge	x2,x7,800047f8	  x2:0x800084db  x7:0xff104908
       16625000	      1661	800047f8	016a5933	srl	x18,x20,x22	 x20:0xc000e46e x22:0xc000e230 x18=0x0000c000
       16635000	      1662	800047fc	e375bf93	sltiu	x31,x11,-457	 x11:0x80009fc4 x31=0x00000001
       16645000	      1663	80004800	5982cb93	xori	x23,x5,1432	  x5:0x00000024 x23=0x000005bc
       16655000	      1664	80004804	40b55e33	sra	x28,x10,x11	 x10:0x00000002 x11:0x80009fc4 x28=0x00000000
       16665000	      1665	80004808	00269b13	slli	x22,x13,0x2	 x13:0x000000e1 x22=0x00000384
       16675000	      1666	8000480c	f87fec93	ori	x25,x31,-121	 x31:0x00000001 x25=0xffffff87
       16685000	      1667	80004810	6ff1b537	lui	x10,0x6ff1b	 x10=0x6ff1b000
       16695000	      1668	80004814	56a8a413	slti	x8,x17,1386	 x17:0x6b992000  x8=0x00000000
       16705000	      1669	80004818	010e1613	slli	x12,x28,0x10	 x28:0x00000000 x12=0x00000000
       16715000	      1670	8000481c	00eed993	srli	x19,x29,0xe	 x29:0x00000080 x19=0x00000000
       16725000	      1671	80004820	8e873093	sltiu	x1,x14,-1816	 x14:0x00000004  x1=0x00000001
       16735000	      1672	80004824	004f2303	lw	x6,4(x30)	 x30:0x80009f40  x6=0x80005698 PA:0x80009f44
       16745000	      1673	80004828	024f0f13	addi	x30,x30,36	 x30:0x80009f40 x30=0x80009f64
       16755000	      1674	8000482c	01b6cdb3	xor	x27,x13,x27	 x13:0x000000e1 x27:0x00000001 x27=0x000000e0
       16765000	      1675	80004830	00030d13	addi	x26,x6,0	  x6:0x80005698 x26=0x80005698
       16775000	      1676	80004834	000d0d67	jalr	x26,x26,0	 x26:0x80005698 x26=0x80004834
       16785000	      1677	00000000	00000013	addi	x0,x0,0	  x0:0x00000000
       16795000	      1678	80005698	00000013	addi	x0,x0,0	  x0:0x00000000
       16805000	      1679	8000569c	00003817	auipc	x16,0x3	 x16=0x80008698
       16815000	      1680	800056a0	a1680813	addi	x16,x16,-1514	 x16:0x80008698 x16=0x800080ae
       16825000	      1681	800056a4	40e65e93	srai	x29,x12,0xe	 x12:0x00000000 x29=0x00000000
       16835000	      1682	800056a8	01084c83	lbu	x25,16(x16)	 x16:0x800080ae x25=0x00000075 PA:0x800080be
       16845000	      1683	00000000	00000013	addi	x0,x0,0	  x0:0x00000000
       16855000	      1684	800056ac	01905193	srli	x3,x0,0x19	  x0:0x00000000  x3=0x00000000
       16865000	      1685	800056b0	ff180183	lb	x3,-15(x16)	 x16:0x800080ae  x3=0x00000054 PA:0x8000809f
       16875000	      1686	800056b4	00a82003	lw	x0,10(x16)	 x16:0x800080ae PA:0x800080b8
       16885000	      1687	800056b8	ff484d83	lbu	x27,-12(x16)	 x16:0x800080ae x27=0x00000059 PA:0x800080a2
       16895000	      1688	800056bc	91f3d9b7	lui	x19,0x91f3d	 x19=0x91f3d000
       16905000	      1689	800056c0	405f8133	sub	x2,x31,x5	 x31:0x00000001  x5:0x00000024  x2=0xffffffdd
       16915000	      1690	800056c4	00085883	lhu	x17,0(x16)	 x16:0x800080ae x17=0x000091f3 PA:0x800080ae
       16925000	      1691	800056c8	00b80283	lb	x5,11(x16)	 x16:0x800080ae  x5=0x00000064 PA:0x800080b9
       16935000	      1692	800056cc	aff07093	andi	x1,x0,-1281	  x0:0x00000000  x1=0x00000000
       16945000	      1693	800056d0	40b65bb3	sra	x23,x12,x11	 x12:0x00000000 x11:0x80009fc4 x23=0x00000000
       16955000	      1694	800056d4	ff984403	lbu	x8,-7(x16)	 x16:0x800080ae  x8=0x0000005c PA:0x800080a7
       16965000	      1695	800056d8	01e81223	sh	x30,4(x16)	 x16:0x800080ae x30:0x80009f64 PA:0x800080b2
       16975000	      1696	800056dc	00e81a03	lh	x20,14(x16)	 x16:0x800080ae x20=0x00007677 PA:0x800080bc
       16985000	      1697	00000000	00000013	addi	x0,x0,0	  x0:0x00000000
       16995000	      1698	800056e0	01445c33	srl	x24,x8,x20	  x8:0x0000005c x20:0x00007677 x24=0x00000000
       17005000	      1699	800056e4	e7b13313	sltiu	x6,x2,-389	  x2:0xffffffdd  x6=0x00000000
       17015000	      1700	800056e8	00a81323	sh	x10,6(x16)	 x16:0x800080ae x10:0x6ff1b000 PA:0x800080b4
       17025000	      1701	800056ec	f43b4a13	xori	x20,x22,-189	 x22:0x00000384 x20=0xfffffcc7
       17035000	      1702	800056f0	ffd84b83	lbu	x23,-3(x16)	 x16:0x800080ae x23=0x00000060 PA:0x800080ab
       17045000	      1703	800056f4	ff180f23	sb	x17,-2(x16)	 x16:0x800080ae x17:0x000091f3 PA:0x800080ac
       17055000	      1704	800056f8	00faa7b3	slt	x15,x21,x15	 x21:0x00000000 x15:0x400183ae x15=0x00000001
       17065000	      1705	800056fc	d4e82493	slti	x9,x16,-690	 x16:0x800080ae  x9=0x00000001
       17075000	      1706	80005700	ff380203	lb	x4,-13(x16)	 x16:0x800080ae  x4=0x0000005a PA:0x800080a1
       17085000	      1707	80005704	00280483	lb	x9,2(x16)	 x16:0x800080ae  x9=0x0000006b PA:0x800080b0
       17095000	      1708	80005708	001bda93	srli	x21,x23,0x1	 x23:0x00000060 x21=0x00000030
       17105000	      1709	8000570c	00f84d83	lbu	x27,15(x16)	 x16:0x800080ae x27=0x00000076 PA:0x800080bd
       17115000	      1710	80005710	ff384083	lbu	x1,-13(x16)	 x16:0x800080ae  x1=0x0000005a PA:0x800080a1
       17125000	      1711	80005714	26920193	addi	x3,x4,617	  x4:0x0000005a  x3=0x000002c3
       17135000	      1712	80005718	ad7f4b93	xori	x23,x30,-1321	 x30:0x80009f64 x23=0x7fff65b3
       17145000	      1713	8000571c	ff382f23	sw	x19,-2(x16)	 x16:0x800080ae x19:0x91f3d000 PA:0x800080ac
       17155000	      1714	80005720	00381523	sh	x3,10(x16)	 x16:0x800080ae  x3:0x000002c3 PA:0x800080b8
       17165000	      1715	80005724	00580783	lb	x15,5(x16)	 x16:0x800080ae x15=0xffffff9f PA:0x800080b3
       17175000	      1716	80005728	40a75913	srai	x18,x14,0xa	 x14:0x00000004 x18=0x00000000
       17185000	      1717	8000572c	017cbe33	sltu	x28,x25,x23	 x25:0x00000075 x23:0x7fff65b3 x28=0x00000001
       17195000	      1718	80005730	00a80603	lb	x12,10(x16)	 x16:0x800080ae x12=0xffffffc3 PA:0x800080b8
       17205000	      1719	80005734	feb80e23	sb	x11,-4(x16)	 x16:0x800080ae x11:0x80009fc4 PA:0x800080aa
       17215000	      1720	80005738	00f80e83	lb	x29,15(x16)	 x16:0x800080ae x29=0x00000076 PA:0x800080bd
       17225000	      1721	8000573c	01182523	sw	x17,10(x16)	 x16:0x800080ae x17:0x000091f3 PA:0x800080b8
       17235000	      1722	80005740	00980883	lb	x17,9(x16)	 x16:0x800080ae x17=0x0000006c PA:0x800080b7
       17245000	      1723	80005744	00681a03	lh	x20,6(x16)	 x16:0x800080ae x20=0xffffb000 PA:0x800080b4
       17255000	      1724	80005748	59bf2e13	slti	x28,x30,1435	 x30:0x80009f64 x28=0x00000001
       17265000	      1725	8000574c	fe580da3	sb	x5,-5(x16)	 x16:0x800080ae  x5:0x00000064 PA:0x800080a9
       17275000	      1726	80005750	ff885483	lhu	x9,-8(x16)	 x16:0x800080ae  x9=0x00005c5d PA:0x800080a6
       17285000	      1727	80005754	6a68f893	andi	x17,x17,1702	 x17:0x0000006c x17=0x00000024
       17295000	      1728	80005758	00f84483	lbu	x9,15(x16)	 x16:0x800080ae  x9=0x00000076 PA:0x800080bd
       17305000	      1729	8000575c	6a6f6293	ori	x5,x30,1702	 x30:0x80009f64  x5=0x80009fe6
       17315000	      1730	80005760	412c8333	sub	x6,x25,x18	 x25:0x00000075 x18:0x00000000  x6=0x00000075
       17325000	      1731	80005764	ceffc913	xori	x18,x31,-785	 x31:0x00000001 x18=0xfffffcee
       17335000	      1732	80005768	ff481303	lh	x6,-12(x16)	 x16:0x800080ae  x6=0x00005859 PA:0x800080a2
       17345000	      1733	8000576c	00e85683	lhu	x13,14(x16)	 x16:0x800080ae x13=0x00007677 PA:0x800080bc
       17355000	      1734	80005770	00003e17	auipc	x28,0x3	 x28=0x8000876c
       17365000	      1735	80005774	182e0e13	addi	x28,x28,386	 x28:0x8000876c x28=0x800088ee
       17375000	      1736	80005778	01c126b3	slt	x13,x2,x28	  x2:0xffffffdd x28:0x800088ee x13=0x00000000
       17385000	      1737	8000577c	3ae82c17	auipc	x24,0x3ae82	 x24=0xbae87778
       17395000	      1738	80005780	037e0fa3	sb	x23,63(x28)	 x28:0x800088ee x23:0x7fff65b3 PA:0x8000892d
       17405000	      1739	80005784	a2fc6793	ori	x15,x24,-1489	 x24:0xbae87778 x15=0xffffff7f
       17415000	      1740	80005788	01568b33	add	x22,x13,x21	 x13:0x00000000 x21:0x00000030 x22=0x00000030
       17425000	      1741	8000578c	009c5eb3	srl	x29,x24,x9	 x24:0xbae87778  x9:0x00000076 x29=0x000002eb
       17435000	      1742	80005790	e53e4313	xori	x6,x28,-429	 x28:0x800088ee  x6=0x7fff76bd
       17445000	      1743	80005794	01ee09a3	sb	x30,19(x28)	 x28:0x800088ee x30:0x80009f64 PA:0x80008901
       17455000	      1744	80005798	c0d4c913	xori	x18,x9,-1011	  x9:0x00000076 x18=0xfffffc7b
       17465000	      1745	8000579c	0fde0b83	lb	x23,253(x28)	 x28:0x800088ee x23=0xffffffd0 PA:0x800089eb
       17475000	      1746	800057a0	028e0803	lb	x16,40(x28)	 x28:0x800088ee x16=0xfffffffd PA:0x80008916
       17485000	      1747	800057a4	00e1ad33	slt	x26,x3,x14	  x3:0x000002c3 x14:0x00000004 x26=0x00000000
       17495000	      1748	800057a8	0b9e0da3	sb	x25,187(x28)	 x28:0x800088ee x25:0x00000075 PA:0x800089a9
       17505000	      1749	800057ac	c2f90893	addi	x17,x18,-977	 x18:0xfffffc7b x17=0xfffff8aa
       17515000	      1750	800057b0	0a9e0823	sb	x9,176(x28)	 x28:0x800088ee  x9:0x00000076 PA:0x8000899e
       17525000	      1751	800057b4	005420b3	slt	x1,x8,x5	  x8:0x0000005c  x5:0x80009fe6  x1=0x00000000
       17535000	      1752	800057b8	00e81cb3	sll	x25,x16,x14	 x16:0xfffffffd x14:0x00000004 x25=0xffffffd0
       17545000	      1753	800057bc	0ece1083	lh	x1,236(x28)	 x28:0x800088ee  x1=0xffffc0c1 PA:0x800089da
       17555000	      1754	800057c0	0bee5b83	lhu	x23,190(x28)	 x28:0x800088ee x23=0x00009697 PA:0x800089ac
       17565000	      1755	800057c4	053e05a3	sb	x19,75(x28)	 x28:0x800088ee x19:0x91f3d000 PA:0x80008939
       17575000	      1756	800057c8	012d1513	slli	x10,x26,0x12	 x26:0x00000000 x10=0x00000000
       17585000	      1757	800057cc	f2a3ed13	ori	x26,x7,-214	  x7:0xff104908 x26=0xffffff2a
       17595000	      1758	800057d0	f9ee1523	sh	x30,-118(x28)	 x28:0x800088ee x30:0x80009f64 PA:0x80008878
       17605000	      1759	800057d4	57848f97	auipc	x31,0x57848	 x31=0xd784d7d0
       17615000	      1760	800057d8	0ffe0483	lb	x9,255(x28)	 x28:0x800088ee  x9=0xffffffd6 PA:0x800089ed
       17625000	      1761	800057dc	fe0e1a83	lh	x21,-32(x28)	 x28:0x800088ee x21=0xffffb4b5 PA:0x800088ce
       17635000	      1762	800057e0	f3ee1083	lh	x1,-194(x28)	 x28:0x800088ee  x1=0x00001617 PA:0x8000882c
       17645000	      1763	800057e4	0185c0b3	xor	x1,x11,x24	 x11:0x80009fc4 x24:0xbae87778  x1=0x3ae8e8bc
       17655000	      1764	800057e8	00e7dd93	srli	x27,x15,0xe	 x15:0xffffff7f x27=0x0003ffff
       17665000	      1765	800057ec	00547bb3	and	x23,x8,x5	  x8:0x0000005c  x5:0x80009fe6 x23=0x00000044
       17675000	      1766	800057f0	00000013	addi	x0,x0,0	  x0:0x00000000
       17685000	      1767	800057f4	fe1e0b03	lb	x22,-31(x28)	 x28:0x800088ee x22=0xffffffb4 PA:0x800088cf
       17695000	      1768	800057f8	0a4e1223	sh	x4,164(x28)	 x28:0x800088ee  x4:0x0000005a PA:0x80008992
       17705000	      1769	800057fc	770f0bb7	lui	x23,0x770f0	 x23=0x770f0000
       17715000	      1770	80005800	00e636b3	sltu	x13,x12,x14	 x12:0xffffffc3 x14:0x00000004 x13=0x00000000
       17725000	      1771	80005804	015704b3	add	x9,x14,x21	 x14:0x00000004 x21:0xffffb4b5  x9=0xffffb4b9
       17735000	      1772	80005808	477aa293	slti	x5,x21,1143	 x21:0xffffb4b5  x5=0x00000001
       17745000	      1773	8000580c	f88e00a3	sb	x8,-127(x28)	 x28:0x800088ee  x8:0x0000005c PA:0x8000886f
       17755000	      1774	80005810	09ce1223	sh	x28,132(x28)	 x28:0x800088ee x28:0x800088ee PA:0x80008972
       17765000	      1775	80005814	0f1e03a3	sb	x17,231(x28)	 x28:0x800088ee x17:0xfffff8aa PA:0x800089d5
       17775000	      1776	80005818	01af67b3	or	x15,x30,x26	 x30:0x80009f64 x26:0xffffff2a x15=0xffffff6e
       17785000	      1777	8000581c	06ae2b03	lw	x22,106(x28)	 x28:0x800088ee x22=0x40414243 PA:0x80008958
       17795000	      1778	80005820	00003c97	auipc	x25,0x3	 x25=0x8000881c
       17805000	      1779	80005824	1acc8c93	addi	x25,x25,428	 x25:0x8000881c x25=0x800089c8
       17815000	      1780	80005828	fbdcc183	lbu	x3,-67(x25)	 x25:0x800089c8  x3=0x0000006e PA:0x80008985
       17825000	      1781	8000582c	d200ed13	ori	x26,x1,-736	  x1:0x3ae8e8bc x26=0xfffffdbc
       17835000	      1782	80005830	01b27833	and	x16,x4,x27	  x4:0x0000005a x27:0x0003ffff x16=0x0000005a
       17845000	      1783	80005834	014ad993	srli	x19,x21,0x14	 x21:0xffffb4b5 x19=0x00000fff
       17855000	      1784	80005838	48caba93	sltiu	x21,x21,1164	 x21:0xffffb4b5 x21=0x00000000
       17865000	      1785	8000583c	b374c493	xori	x9,x9,-1225	  x9:0xffffb4b9  x9=0x00004f8e
       17875000	      1786	80005840	7ecbe2b7	lui	x5,0x7ecbe	  x5=0x7ecbe000
       17885000	      1787	80005844	007efbb3	and	x23,x29,x7	 x29:0x000002eb  x7:0xff104908 x23=0x00000008
       17895000	      1788	80005848	f3ec9f23	sh	x30,-194(x25)	 x25:0x800089c8 x30:0x80009f64 PA:0x80008906
       17905000	      1789	8000584c	41d88133	sub	x2,x17,x29	 x17:0xfffff8aa x29:0x000002eb  x2=0xfffff5bf
       17915000	      1790	80005850	41c38133	sub	x2,x7,x28	  x7:0xff104908 x28:0x800088ee  x2=0x7f0fc01a
       17925000	      1791	80005854	de00ea17	auipc	x20,0xde00e	 x20=0x5e013850
       17935000	      1792	80005858	f53c9f23	sh	x19,-162(x25)	 x25:0x800089c8 x19:0x00000fff PA:0x80008926
       17945000	      1793	8000585c	5806ed93	ori	x27,x13,1408	 x13:0x00000000 x27=0x00000580
       17955000	      1794	80005860	052c9b83	lh	x23,82(x25)	 x25:0x800089c8 x23=0x00000001 PA:0x80008a1a
       17965000	      1795	00000000	00000013	addi	x0,x0,0	  x0:0x00000000
       17975000	      1796	80005864	037ccf83	lbu	x31,55(x25)	 x25:0x800089c8 x31=0x000000e4 PA:0x800089ff
       17985000	      1797	80005868	0132e7b3	or	x15,x5,x19	  x5:0x7ecbe000 x19:0x00000fff x15=0x7ecbefff
       17995000	      1798	8000586c	080c9883	lh	x17,128(x25)	 x25:0x800089c8 x17=0x00003233 PA:0x80008a48
       18005000	      1799	80005870	000dc0b3	xor	x1,x27,x0	 x27:0x00000580  x0:0x00000000  x1=0x00000580
       18015000	      1800	80005874	01c42533	slt	x10,x8,x28	  x8:0x0000005c x28:0x800088ee x10=0x00000000
       18025000	      1801	80005878	9d71c0b7	lui	x1,0x9d71c	  x1=0x9d71c000
       18035000	      1802	8000587c	01b6a533	slt	x10,x13,x27	 x13:0x00000000 x27:0x00000580 x10=0x00000001
       18045000	      1803	80005880	ff9ccd83	lbu	x27,-7(x25)	 x25:0x800089c8 x27=0x000000aa PA:0x800089c1
       18055000	      1804	80005884	f05c8483	lb	x9,-251(x25)	 x25:0x800089c8  x9=0xffffffb6 PA:0x800088cd
       18065000	      1805	80005888	f39c8ca3	sb	x25,-199(x25)	 x25:0x800089c8 x25:0x800089c8 PA:0x80008901
       18075000	      1806	8000588c	c90e5097	auipc	x1,0xc90e5	  x1=0x490ea888
       18085000	      1807	80005890	011dcfb3	xor	x31,x27,x17	 x27:0x000000aa x17:0x00003233 x31=0x00003299
       18095000	      1808	80005894	da5af713	andi	x14,x21,-603	 x21:0x00000000 x14=0x00000000
       18105000	      1809	80005898	00b01733	sll	x14,x0,x11	  x0:0x00000000 x11:0x80009fc4 x14=0x00000000
       18115000	      1810	8000589c	00a07533	and	x10,x0,x10	  x0:0x00000000 x10:0x00000001 x10=0x00000000
       18125000	      1811	800058a0	fcbc8183	lb	x3,-53(x25)	 x25:0x800089c8  x3=0x00000000 PA:0x80008993
       18135000	      1812	800058a4	005f5d93	srli	x27,x30,0x5	 x30:0x80009f64 x27=0x040004fb
       18145000	      1813	800058a8	0161a833	slt	x16,x3,x22	  x3:0x00000000 x22:0x40414243 x16=0x00000001
       18155000	      1814	800058ac	13f17693	andi	x13,x2,319	  x2:0x7f0fc01a x13=0x0000001a
       18165000	      1815	800058b0	f83c8fa3	sb	x3,-97(x25)	 x25:0x800089c8  x3:0x00000000 PA:0x80008967
       18175000	      1816	800058b4	fb9cc183	lbu	x3,-71(x25)	 x25:0x800089c8  x3=0x0000006a PA:0x80008981
       18185000	      1817	800058b8	092cdc03	lhu	x24,146(x25)	 x25:0x800089c8 x24=0x00004041 PA:0x80008a5a
       18195000	      1818	00000000	00000013	addi	x0,x0,0	  x0:0x00000000
       18205000	      1819	800058bc	018ea533	slt	x10,x29,x24	 x29:0x000002eb x24:0x00004041 x10=0x00000001
       18215000	      1820	800058c0	00fa14b3	sll	x9,x20,x15	 x20:0x5e013850 x15:0x7ecbefff  x9=0x00000000
       18225000	      1821	800058c4	123abc13	sltiu	x24,x21,291	 x21:0x00000000 x24=0x00000001
       18235000	      1822	800058c8	017036b3	sltu	x13,x0,x23	  x0:0x00000000 x23:0x00000001 x13=0x00000001
       18245000	      1823	800058cc	fb0c9403	lh	x8,-80(x25)	 x25:0x800089c8  x8=0x00006263 PA:0x80008978
       18255000	      1824	800058d0	00003117	auipc	x2,0x3	  x2=0x800088cc
       18265000	      1825	800058d4	a6110113	addi	x2,x2,-1439	  x2:0x800088cc  x2=0x8000832d
       18275000	      1826	800058d8	013f92b3	sll	x5,x31,x19	 x31:0x00003299 x19:0x00000fff  x5=0x80000000
       18285000	      1827	800058dc	ff210a83	lb	x21,-14(x2)	  x2:0x8000832d x21=0xffffffd4 PA:0x8000831f
       18295000	      1828	800058e0	f6cd2213	slti	x4,x26,-148	 x26:0xfffffdbc  x4=0x00000001
       18305000	      1829	800058e4	78393b13	sltiu	x22,x18,1923	 x18:0xfffffc7b x22=0x00000000
       18315000	      1830	800058e8	01c10123	sb	x28,2(x2)	  x2:0x8000832d x28:0x800088ee PA:0x8000832f
       18325000	      1831	800058ec	00b11683	lh	x13,11(x2)	  x2:0x8000832d x13=0xffffc4f3 PA:0x80008338
       18335000	      1832	800058f0	00c14a83	lbu	x21,12(x2)	  x2:0x8000832d x21=0x000000c4 PA:0x80008339
       18345000	      1833	800058f4	00b10623	sb	x11,12(x2)	  x2:0x8000832d x11:0x80009fc4 PA:0x80008339
       18355000	      1834	800058f8	000b1013	slli	x0,x22,0x0	 x22:0x00000000
       18365000	      1835	800058fc	01010603	lb	x12,16(x2)	  x2:0x8000832d x12=0xfffffff6 PA:0x8000833d
       18375000	      1836	80005900	ff210903	lb	x18,-14(x2)	  x2:0x8000832d x18=0xffffffd4 PA:0x8000831f
       18385000	      1837	80005904	40e7ddb3	sra	x27,x15,x14	 x15:0x7ecbefff x14:0x00000000 x27=0x7ecbefff
       18395000	      1838	80005908	0118c933	xor	x18,x17,x17	 x17:0x00003233 x17:0x00003233 x18=0x00000000
       18405000	      1839	8000590c	01b8d213	srli	x4,x17,0x1b	 x17:0x00003233  x4=0x00000000
       18415000	      1840	80005910	04984f93	xori	x31,x16,73	 x16:0x00000001 x31=0x00000048
       18425000	      1841	80005914	013226b3	slt	x13,x4,x19	  x4:0x00000000 x19:0x00000fff x13=0x00000001
       18435000	      1842	80005918	41dbdb13	srai	x22,x23,0x1d	 x23:0x00000001 x22=0x00000000
       18445000	      1843	8000591c	58c58413	addi	x8,x11,1420	 x11:0x80009fc4  x8=0x8000a550
       18455000	      1844	80005920	00e10403	lb	x8,14(x2)	  x2:0x8000832d  x8=0xfffffff0 PA:0x8000833b
       18465000	      1845	80005924	00314d83	lbu	x27,3(x2)	  x2:0x8000832d x27=0x000000eb PA:0x80008330
       18475000	      1846	80005928	fed12fa3	sw	x13,-1(x2)	  x2:0x8000832d x13:0x00000001 PA:0x8000832c
       18485000	      1847	8000592c	8f226317	auipc	x6,0x8f226	  x6=0x0f22b928
       18495000	      1848	80005930	002114a3	sh	x2,9(x2)	  x2:0x8000832d  x2:0x8000832d PA:0x80008336
       18505000	      1849	80005934	010aabb3	slt	x23,x21,x16	 x21:0x000000c4 x16:0x00000001 x23=0x00000000
       18515000	      1850	80005938	ff912fa3	sw	x25,-1(x2)	  x2:0x8000832d x25:0x800089c8 PA:0x8000832c
       18525000	      1851	8000593c	00814283	lbu	x5,8(x2)	  x2:0x8000832d  x5=0x000000ee PA:0x80008335
       18535000	      1852	80005940	00000013	addi	x0,x0,0	  x0:0x00000000
       18545000	      1853	80005944	40d00db3	sub	x27,x0,x13	  x0:0x00000000 x13:0x00000001 x27=0xffffffff
       18555000	      1854	80005948	00a2fc33	and	x24,x5,x10	  x5:0x000000ee x10:0x00000001 x24=0x00000000
       18565000	      1855	8000594c	00014403	lbu	x8,0(x2)	  x2:0x8000832d  x8=0x00000089 PA:0x8000832d
       18575000	      1856	80005950	fe410fa3	sb	x4,-1(x2)	  x2:0x8000832d  x4:0x00000000 PA:0x8000832c
       18585000	      1857	80005954	ff514b03	lbu	x22,-11(x2)	  x2:0x8000832d x22=0x000000d9 PA:0x80008322
       18595000	      1858	80005958	004a8833	add	x16,x21,x4	 x21:0x000000c4  x4:0x00000000 x16=0x000000c4
       18605000	      1859	8000595c	01759a33	sll	x20,x11,x23	 x11:0x80009fc4 x23:0x00000000 x20=0x80009fc4
       18615000	      1860	80005960	ffc10a83	lb	x21,-4(x2)	  x2:0x8000832d x21=0xffffffe2 PA:0x80008329
       18625000	      1861	80005964	ff115983	lhu	x19,-15(x2)	  x2:0x8000832d x19=0x0000d4d5 PA:0x8000831e
       18635000	      1862	80005968	ff515183	lhu	x3,-11(x2)	  x2:0x8000832d  x3=0x0000d8d9 PA:0x80008322
       18645000	      1863	8000596c	00710323	sb	x7,6(x2)	  x2:0x8000832d  x7:0xff104908 PA:0x80008333
       18655000	      1864	80005970	404654b3	sra	x9,x12,x4	 x12:0xfffffff6  x4:0x00000000  x9=0xfffffff6
       18665000	      1865	80005974	ff915483	lhu	x9,-7(x2)	  x2:0x8000832d  x9=0x0000dcdd PA:0x80008326
       18675000	      1866	80005978	0087b2b3	sltu	x5,x15,x8	 x15:0x7ecbefff  x8:0x00000089  x5=0x00000000
       18685000	      1867	8000597c	99d1b813	sltiu	x16,x3,-1635	  x3:0x0000d8d9 x16=0x00000001
       18695000	      1868	80005980	00910c03	lb	x24,9(x2)	  x2:0x8000832d x24=0x0000002d PA:0x80008336
       18705000	      1869	80005984	0066ba33	sltu	x20,x13,x6	 x13:0x00000001  x6:0x0f22b928 x20=0x00000001
       18715000	      1870	80005988	ffd10a23	sb	x29,-12(x2)	  x2:0x8000832d x29:0x000002eb PA:0x80008321
       18725000	      1871	8000598c	9a64fa13	andi	x20,x9,-1626	  x9:0x0000dcdd x20=0x0000d884
       18735000	      1872	80005990	00e10783	lb	x15,14(x2)	  x2:0x8000832d x15=0xfffffff0 PA:0x8000833b
       18745000	      1873	80005994	ff410ba3	sb	x20,-9(x2)	  x2:0x8000832d x20:0x0000d884 PA:0x80008324
       18755000	      1874	80005998	3767a893	slti	x17,x15,886	 x15:0xfffffff0 x17=0x00000001
       18765000	      1875	8000599c	ffb12403	lw	x8,-5(x2)	  x2:0x8000832d  x8=0xe0e1e2e3 PA:0x80008328
       18775000	      1876	800059a0	00003a17	auipc	x20,0x3	 x20=0x8000899c
       18785000	      1877	800059a4	811a0a13	addi	x20,x20,-2031	 x20:0x8000899c x20=0x800081ad
       18795000	      1878	800059a8	004a21a3	sw	x4,3(x20)	 x20:0x800081ad  x4:0x00000000 PA:0x800081b0
       18805000	      1879	800059ac	2be7a013	slti	x0,x15,702	 x15:0xfffffff0
       18815000	      1880	800059b0	b9d77137	lui	x2,0xb9d77	  x2=0xb9d77000
       18825000	      1881	800059b4	7bee3813	sltiu	x16,x28,1982	 x28:0x800088ee x16=0x00000000
       18835000	      1882	800059b8	ff9a0083	lb	x1,-7(x20)	 x20:0x800081ad  x1=0x0000005d PA:0x800081a6
       18845000	      1883	800059bc	00aa0483	lb	x9,10(x20)	 x20:0x800081ad  x9=0x0000006c PA:0x800081b7
       18855000	      1884	800059c0	ffca4603	lbu	x12,-4(x20)	 x20:0x800081ad x12=0x00000062 PA:0x800081a9
       18865000	      1885	800059c4	01adb693	sltiu	x13,x27,26	 x27:0xffffffff x13=0x00000000
       18875000	      1886	800059c8	ff5a0ea3	sb	x21,-3(x20)	 x20:0x800081ad x21:0xffffffe2 PA:0x800081aa
       18885000	      1887	800059cc	00aa0483	lb	x9,10(x20)	 x20:0x800081ad  x9=0x0000006c PA:0x800081b7
       18895000	      1888	800059d0	00ca0e03	lb	x28,12(x20)	 x20:0x800081ad x28=0x00000072 PA:0x800081b9
       18905000	      1889	800059d4	72b82237	lui	x4,0x72b82	  x4=0x72b82000
       18915000	      1890	800059d8	404da093	slti	x1,x27,1028	 x27:0xffffffff  x1=0x00000001
       18925000	      1891	800059dc	00744eb3	xor	x29,x8,x7	  x8:0xe0e1e2e3  x7:0xff104908 x29=0x1ff1abeb
       18935000	      1892	800059e0	4107db33	sra	x22,x15,x16	 x15:0xfffffff0 x16:0x00000000 x22=0xfffffff0
       18945000	      1893	800059e4	ffea0783	lb	x15,-2(x20)	 x20:0x800081ad x15=0x00000060 PA:0x800081ab
       18955000	      1894	800059e8	003a5b03	lhu	x22,3(x20)	 x20:0x800081ad x22=0x00000000 PA:0x800081b0
       18965000	      1895	800059ec	00947fb3	and	x31,x8,x9	  x8:0xe0e1e2e3  x9:0x0000006c x31=0x00000060
       18975000	      1896	800059f0	00000013	addi	x0,x0,0	  x0:0x00000000
       18985000	      1897	800059f4	c50e0b13	addi	x22,x28,-944	 x28:0x00000072 x22=0xfffffcc2
       18995000	      1898	800059f8	011abeb3	sltu	x29,x21,x17	 x21:0xffffffe2 x17:0x00000001 x29=0x00000000
       19005000	      1899	800059fc	fe6a0aa3	sb	x6,-11(x20)	 x20:0x800081ad  x6:0x0f22b928 PA:0x800081a2
       19015000	      1900	80005a00	008d3133	sltu	x2,x26,x8	 x26:0xfffffdbc  x8:0xe0e1e2e3  x2=0x00000000
       19025000	      1901	80005a04	007300b3	add	x1,x6,x7	  x6:0x0f22b928  x7:0xff104908  x1=0x0e330230
       19035000	      1902	80005a08	de1b0193	addi	x3,x22,-543	 x22:0xfffffcc2  x3=0xfffffaa3
       19045000	      1903	80005a0c	dd3eae97	auipc	x29,0xdd3ea	 x29=0x5d3efa08
       19055000	      1904	80005a10	01c59413	slli	x8,x11,0x1c	 x11:0x80009fc4  x8=0x40000000
       19065000	      1905	80005a14	0087ca63	blt	x15,x8,80005a28	 x15:0x00000060  x8:0x40000000
       19075000	      1906	00000000	00000013	addi	x0,x0,0	  x0:0x00000000
       19085000	      1907	80005a24	00000013	addi	x0,x0,0	  x0:0x00000000
       19095000	      1908	80005a28	01963633	sltu	x12,x12,x25	 x12:0x00000062 x25:0x800089c8 x12=0x00000001
       19105000	      1909	80005a2c	cc673e37	lui	x28,0xcc673	 x28=0xcc673000
       19115000	      1910	80005a30	94e90237	lui	x4,0x94e90	  x4=0x94e90000
       19125000	      1911	80005a34	01718cb3	add	x25,x3,x23	  x3:0xfffffaa3 x23:0x00000000 x25=0xfffffaa3
       19135000	      1912	80005a38	6ce40213	addi	x4,x8,1742	  x8:0x40000000  x4=0x400006ce
       19145000	      1913	80005a3c	d2707513	andi	x10,x0,-729	  x0:0x00000000 x10=0x00000000
       19155000	      1914	80005a40	411e8933	sub	x18,x29,x17	 x29:0x5d3efa08 x17:0x00000001 x18=0x5d3efa07
       19165000	      1915	80005a44	9bbd4517	auipc	x10,0x9bbd4	 x10=0x1bbd9a40
       19175000	      1916	80005a48	01d14bb3	xor	x23,x2,x29	  x2:0x00000000 x29:0x5d3efa08 x23=0x5d3efa08
       19185000	      1917	80005a4c	0088ee63	bltu	x17,x8,80005a68	 x17:0x00000001  x8:0x40000000
       19195000	      1918	00000000	00000013	addi	x0,x0,0	  x0:0x00000000
       19205000	      1919	80005a64	00000013	addi	x0,x0,0	  x0:0x00000000
       19215000	      1920	80005a68	03d95463	bge	x18,x29,80005a90	 x18:0x5d3efa07 x29:0x5d3efa08
       19225000	      1921	80005a6c	41bed513	srai	x10,x29,0x1b	 x29:0x5d3efa08 x10=0x0000000b
       19235000	      1922	80005a70	b3450693	addi	x13,x10,-1228	 x10:0x0000000b x13=0xfffffb3f
       19245000	      1923	80005a74	0139ffb3	and	x31,x19,x19	 x19:0x0000d4d5 x19:0x0000d4d5 x31=0x0000d4d5
       19255000	      1924	80005a78	404489b3	sub	x19,x9,x4	  x9:0x0000006c  x4:0x400006ce x19=0xbffff99e
       19265000	      1925	80005a7c	000cabb3	slt	x23,x25,x0	 x25:0xfffffaa3  x0:0x00000000 x23=0x00000001
       19275000	      1926	80005a80	00000013	addi	x0,x0,0	  x0:0x00000000
       19285000	      1927	80005a84	40c30233	sub	x4,x6,x12	  x6:0x0f22b928 x12:0x00000001  x4=0x0f22b927
       19295000	      1928	80005a88	06d85c63	bge	x16,x13,80005b00	 x16:0x00000000 x13:0xfffffb3f
       19305000	      1929	00000000	00000013	addi	x0,x0,0	  x0:0x00000000
       19315000	      1930	80005afc	00000013	addi	x0,x0,0	  x0:0x00000000
       19325000	      1931	80005b00	00408ab3	add	x21,x1,x4	  x1:0x0e330230  x4:0x0f22b927 x21=0x1d55bb57
       19335000	      1932	80005b04	e026bb93	sltiu	x23,x13,-510	 x13:0xfffffb3f x23=0x00000001
       19345000	      1933	80005b08	003147b3	xor	x15,x2,x3	  x2:0x00000000  x3:0xfffffaa3 x15=0xfffffaa3
       19355000	      1934	80005b0c	8225fb93	andi	x23,x11,-2014	 x11:0x80009fc4 x23=0x80009800
       19365000	      1935	80005b10	41ea8433	sub	x8,x21,x30	 x21:0x1d55bb57 x30:0x80009f64  x8=0x9d551bf3
       19375000	      1936	80005b14	c4da6c13	ori	x24,x20,-947	 x20:0x800081ad x24=0xfffffded
       19385000	      1937	80005b18	0104b4b3	sltu	x9,x9,x16	  x9:0x0000006c x16:0x00000000  x9=0x00000000
       19395000	      1938	80005b1c	00961b93	slli	x23,x12,0x9	 x12:0x00000001 x23=0x00000200
       19405000	      1939	80005b20	0139c333	xor	x6,x19,x19	 x19:0xbffff99e x19:0xbffff99e  x6=0x00000000
       19415000	      1940	80005b24	c017f937	lui	x18,0xc017f	 x18=0xc017f000
       19425000	      1941	80005b28	03916e63	bltu	x2,x25,80005b64	  x2:0x00000000 x25:0xfffffaa3
       19435000	      1942	00000000	00000013	addi	x0,x0,0	  x0:0x00000000
       19445000	      1943	80005b60	00000013	addi	x0,x0,0	  x0:0x00000000
       19455000	      1944	80005b64	018add93	srli	x27,x21,0x18	 x21:0x1d55bb57 x27=0x0000001d
       19465000	      1945	80005b68	401457b3	sra	x15,x8,x1	  x8:0x9d551bf3  x1:0x0e330230 x15=0xffff9d55
       19475000	      1946	80005b6c	03926663	bltu	x4,x25,80005b98	  x4:0x0f22b927 x25:0xfffffaa3
       19485000	      1947	00000000	00000013	addi	x0,x0,0	  x0:0x00000000
       19495000	      1948	80005b94	00000013	addi	x0,x0,0	  x0:0x00000000
       19505000	      1949	80005b98	0087f863	bgeu	x15,x8,80005ba8	 x15:0xffff9d55  x8:0x9d551bf3
       19515000	      1950	00000000	00000013	addi	x0,x0,0	  x0:0x00000000
       19525000	      1951	80005ba4	00000013	addi	x0,x0,0	  x0:0x00000000
       19535000	      1952	80005ba8	0059f9b3	and	x19,x19,x5	 x19:0xbffff99e  x5:0x00000000 x19=0x00000000
       19545000	      1953	80005bac	0017bab3	sltu	x21,x15,x1	 x15:0xffff9d55  x1:0x0e330230 x21=0x00000000
       19555000	      1954	80005bb0	423e1537	lui	x10,0x423e1	 x10=0x423e1000
       19565000	      1955	80005bb4	0024aab3	slt	x21,x9,x2	  x9:0x00000000  x2:0x00000000 x21=0x00000000
       19575000	      1956	80005bb8	cd070113	addi	x2,x14,-816	 x14:0x00000000  x2=0xfffffcd0
       19585000	      1957	80005bbc	6b1cc193	xori	x3,x25,1713	 x25:0xfffffaa3  x3=0xfffffc12
       19595000	      1958	80005bc0	01635a13	srli	x20,x6,0x16	  x6:0x00000000 x20=0x00000000
       19605000	      1959	80005bc4	31e7f793	andi	x15,x15,798	 x15:0xffff9d55 x15=0x00000114
       19615000	      1960	80005bc8	00ca7e63	bgeu	x20,x12,80005be4	 x20:0x00000000 x12:0x00000001
       19625000	      1961	80005bcc	0c658e13	addi	x28,x11,198	 x11:0x80009fc4 x28=0x8000a08a
       19635000	      1962	80005bd0	0069d1b3	srl	x3,x19,x6	 x19:0x00000000  x6:0x00000000  x3=0x00000000
       19645000	      1963	80005bd4	00e87863	bgeu	x16,x14,80005be4	 x16:0x00000000 x14:0x00000000
       19655000	      1964	00000000	00000013	addi	x0,x0,0	  x0:0x00000000
       19665000	      1965	80005be0	00000013	addi	x0,x0,0	  x0:0x00000000
       19675000	      1966	80005be4	00000013	addi	x0,x0,0	  x0:0x00000000
       19685000	      1967	80005be8	40105033	sra	x0,x0,x1	  x0:0x00000000  x1:0x0e330230
       19695000	      1968	80005bec	00121633	sll	x12,x4,x1	  x4:0x0f22b927  x1:0x0e330230 x12=0xb9270000
       19705000	      1969	80005bf0	02081263	bne	x16,x0,80005c14	 x16:0x00000000  x0:0x00000000
       19715000	      1970	80005bf4	00a65e63	bge	x12,x10,80005c10	 x12:0xb9270000 x10:0x423e1000
       19725000	      1971	80005bf8	01f08cb3	add	x25,x1,x31	  x1:0x0e330230 x31:0x0000d4d5 x25=0x0e33d705
       19735000	      1972	80005bfc	6ab8ebb7	lui	x23,0x6ab8e	 x23=0x6ab8e000
       19745000	      1973	80005c00	0121f0b3	and	x1,x3,x18	  x3:0x00000000 x18:0xc017f000  x1=0x00000000
       19755000	      1974	80005c04	00000c63	beq	x0,x0,80005c1c	  x0:0x00000000  x0:0x00000000
       19765000	      1975	00000000	00000013	addi	x0,x0,0	  x0:0x00000000
       19775000	      1976	80005c18	00000013	addi	x0,x0,0	  x0:0x00000000
       19785000	      1977	80005c1c	013d44b3	xor	x9,x26,x19	 x26:0xfffffdbc x19:0x00000000  x9=0xfffffdbc
       19795000	      1978	80005c20	8c078513	addi	x10,x15,-1856	 x15:0x00000114 x10=0xfffff9d4
       19805000	      1979	80005c24	01501013	slli	x0,x0,0x15	  x0:0x00000000
       19815000	      1980	80005c28	0081a133	slt	x2,x3,x8	  x3:0x00000000  x8:0x9d551bf3  x2=0x00000000
       19825000	      1981	80005c2c	0162f733	and	x14,x5,x22	  x5:0x00000000 x22:0xfffffcc2 x14=0x00000000
       19835000	      1982	80005c30	2a0c0e93	addi	x29,x24,672	 x24:0xfffffded x29=0x0000008d
       19845000	      1983	80005c34	03716463	bltu	x2,x23,80005c5c	  x2:0x00000000 x23:0x6ab8e000
       19855000	      1984	00000000	00000013	addi	x0,x0,0	  x0:0x00000000
       19865000	      1985	80005c58	00000013	addi	x0,x0,0	  x0:0x00000000
       19875000	      1986	80005c5c	047b7263	bgeu	x22,x7,80005ca0	 x22:0xfffffcc2  x7:0xff104908
       19885000	      1987	00000000	00000013	addi	x0,x0,0	  x0:0x00000000
       19895000	      1988	80005c9c	00000013	addi	x0,x0,0	  x0:0x00000000
       19905000	      1989	80005ca0	019af7b3	and	x15,x21,x25	 x21:0x00000000 x25:0x0e33d705 x15=0x00000000
       19915000	      1990	80005ca4	03ff0463	beq	x30,x31,80005ccc	 x30:0x80009f64 x31:0x0000d4d5
       19925000	      1991	80005ca8	00bc28b3	slt	x17,x24,x11	 x24:0xfffffded x11:0x80009fc4 x17=0x00000000
       19935000	      1992	80005cac	00cd5f93	srli	x31,x26,0xc	 x26:0xfffffdbc x31=0x000fffff
       19945000	      1993	80005cb0	015b2fb3	slt	x31,x22,x21	 x22:0xfffffcc2 x21:0x00000000 x31=0x00000001
       19955000	      1994	80005cb4	0084f2b3	and	x5,x9,x8	  x9:0xfffffdbc  x8:0x9d551bf3  x5=0x9d5519b0
       19965000	      1995	80005cb8	405481b3	sub	x3,x9,x5	  x9:0xfffffdbc  x5:0x9d5519b0  x3=0x62aae40c
       19975000	      1996	80005cbc	4030deb3	sra	x29,x1,x3	  x1:0x00000000  x3:0x62aae40c x29=0x00000000
       19985000	      1997	80005cc0	01ab4c63	blt	x22,x26,80005cd8	 x22:0xfffffcc2 x26:0xfffffdbc
       19995000	      1998	00000000	00000013	addi	x0,x0,0	  x0:0x00000000
       20005000	      1999	80005cd4	00000013	addi	x0,x0,0	  x0:0x00000000
       20015000	      2000	80005cd8	023f5a63	bge	x30,x3,80005d0c	 x30:0x80009f64  x3:0x62aae40c
       20025000	      2001	80005cdc	403789b3	sub	x19,x15,x3	 x15:0x00000000  x3:0x62aae40c x19=0x9d551bf4
       20035000	      2002	80005ce0	37a08a13	addi	x20,x1,890	  x1:0x00000000 x20=0x0000037a
       20045000	      2003	80005ce4	0075bc33	sltu	x24,x11,x7	 x11:0x80009fc4  x7:0xff104908 x24=0x00000001
       20055000	      2004	80005ce8	00aef1b3	and	x3,x29,x10	 x29:0x00000000 x10:0xfffff9d4  x3=0x00000000
       20065000	      2005	80005cec	00125033	srl	x0,x4,x1	  x4:0x0f22b927  x1:0x00000000
       20075000	      2006	80005cf0	fc616213	ori	x4,x2,-58	  x2:0x00000000  x4=0xffffffc6
       20085000	      2007	80005cf4	01784933	xor	x18,x16,x23	 x16:0x00000000 x23:0x6ab8e000 x18=0x6ab8e000
       20095000	      2008	80005cf8	00ff0533	add	x10,x30,x15	 x30:0x80009f64 x15:0x00000000 x10=0x80009f64
       20105000	      2009	80005cfc	cc95a693	slti	x13,x11,-823	 x11:0x80009fc4 x13=0x00000001
       20115000	      2010	80005d00	0026f463	bgeu	x13,x2,80005d08	 x13:0x00000001  x2:0x00000000
       20125000	      2011	00000000	00000013	addi	x0,x0,0	  x0:0x00000000
       20135000	      2012	80005d04	00000013	addi	x0,x0,0	  x0:0x00000000
       20145000	      2013	80005d08	d91fe36f	jal	x6,80005d08	  x6=0x80005d08
       20155000	      2014	00000000	00000013	addi	x0,x0,0	  x0:0x00000000
       20165000	      2015	80004a94	00000013	addi	x0,x0,0	  x0:0x00000000
       20175000	      2016	80004a98	4a8a7f93	andi	x31,x20,1192	 x20:0x0000037a x31=0x00000028
       20185000	      2017	80004a9c	ff0f0f13	addi	x30,x30,-16	 x30:0x80009f64 x30=0x80009f54
       20195000	      2018	80004aa0	00675c93	srli	x25,x14,0x6	 x14:0x00000000 x25=0x00000000
       20205000	      2019	80004aa4	aeff3117	auipc	x2,0xaeff3	  x2=0x2eff7aa0
       20215000	      2020	80004aa8	41fcdeb3	sra	x29,x25,x31	 x25:0x00000000 x31:0x00000028 x29=0x00000000
       20225000	      2021	80004aac	4077ddb3	sra	x27,x15,x7	 x15:0x00000000  x7:0xff104908 x27=0x00000000
       20235000	      2022	80004ab0	006ad993	srli	x19,x21,0x6	 x21:0x00000000 x19=0x00000000
       20245000	      2023	80004ab4	006f2223	sw	x6,4(x30)	 x30:0x80009f54  x6:0x80005d08 PA:0x80009f58
       20255000	      2024	80004ab8	40be56b3	sra	x13,x28,x11	 x28:0x8000a08a x11:0x80009fc4 x13=0xf8000a08
       20265000	      2025	80004abc	00e48fb3	add	x31,x9,x14	  x9:0xfffffdbc x14:0x00000000 x31=0xfffffdbc
       20275000	      2026	80004ac0	00004117	auipc	x2,0x4	  x2=0x80008abc
       20285000	      2027	80004ac4	8b610113	addi	x2,x2,-1866	  x2:0x80008abc  x2=0x80008372
       20295000	      2028	80004ac8	ffb14c83	lbu	x25,-5(x2)	  x2:0x80008372 x25=0x00000026 PA:0x8000836d
       20305000	      2029	80004acc	01a103a3	sb	x26,7(x2)	  x2:0x80008372 x26:0xfffffdbc PA:0x80008379
       20315000	      2030	80004ad0	00e1d933	srl	x18,x3,x14	  x3:0x00000000 x14:0x00000000 x18=0x00000000
       20325000	      2031	80004ad4	6664ed13	ori	x26,x9,1638	  x9:0xfffffdbc x26=0xfffffffe
       20335000	      2032	80004ad8	40820c33	sub	x24,x4,x8	  x4:0xffffffc6  x8:0x9d551bf3 x24=0x62aae3d3
       20345000	      2033	80004adc	00a10703	lb	x14,10(x2)	  x2:0x80008372 x14=0x00000064 PA:0x8000837c
       20355000	      2034	80004ae0	6150c493	xori	x9,x1,1557	  x1:0x00000000  x9=0x00000615
       20365000	      2035	80004ae4	014df633	and	x12,x27,x20	 x27:0x00000000 x20:0x0000037a x12=0x00000000
       20375000	      2036	80004ae8	01346033	or	x0,x8,x19	  x8:0x9d551bf3 x19:0x00000000
       20385000	      2037	80004aec	00310e83	lb	x29,3(x2)	  x2:0x80008372 x29=0x0000002e PA:0x80008375
       20395000	      2038	80004af0	00fe3333	sltu	x6,x28,x15	 x28:0x8000a08a x15:0x00000000  x6=0x00000000
       20405000	      2039	80004af4	40ce5233	sra	x4,x28,x12	 x28:0x8000a08a x12:0x00000000  x4=0x8000a08a
       20415000	      2040	80004af8	017ea0b3	slt	x1,x29,x23	 x29:0x0000002e x23:0x6ab8e000  x1=0x00000001
       20425000	      2041	80004afc	00714603	lbu	x12,7(x2)	  x2:0x80008372 x12=0x000000bc PA:0x80008379
       20435000	      2042	80004b00	015104a3	sb	x21,9(x2)	  x2:0x80008372 x21:0x00000000 PA:0x8000837b
       20445000	      2043	80004b04	f62e4f93	xori	x31,x28,-158	 x28:0x8000a08a x31=0x7fff5fe8
       20455000	      2044	80004b08	e2f5e093	ori	x1,x11,-465	 x11:0x80009fc4  x1=0xffffffef
       20465000	      2045	80004b0c	004e1313	slli	x6,x28,0x4	 x28:0x8000a08a  x6=0x000a08a0
       20475000	      2046	80004b10	c8d06913	ori	x18,x0,-883	  x0:0x00000000 x18=0xfffffc8d
       20485000	      2047	80004b14	00000013	addi	x0,x0,0	  x0:0x00000000
       20495000	      2048	80004b18	00314b03	lbu	x22,3(x2)	  x2:0x80008372 x22=0x0000002e PA:0x80008375
       20505000	      2049	80004b1c	001a1cb3	sll	x25,x20,x1	 x20:0x0000037a  x1:0xffffffef x25=0x01bd0000
       20515000	      2050	80004b20	019500b3	add	x1,x10,x25	 x10:0x80009f64 x25:0x01bd0000  x1=0x81bd9f64
       20525000	      2051	80004b24	ff7108a3	sb	x23,-15(x2)	  x2:0x80008372 x23:0x6ab8e000 PA:0x80008363
       20535000	      2052	80004b28	cd643a13	sltiu	x20,x8,-810	  x8:0x9d551bf3 x20=0x00000001
       20545000	      2053	80004b2c	0140dab3	srl	x21,x1,x20	  x1:0x81bd9f64 x20:0x00000001 x21=0x40decfb2
       20555000	      2054	80004b30	00112523	sw	x1,10(x2)	  x2:0x80008372  x1:0x81bd9f64 PA:0x8000837c
       20565000	      2055	80004b34	01011b03	lh	x22,16(x2)	  x2:0x80008372 x22=0x00003839 PA:0x80008382
       20575000	      2056	80004b38	01a430b3	sltu	x1,x8,x26	  x8:0x9d551bf3 x26:0xfffffffe  x1=0x00000001
       20585000	      2057	80004b3c	01db1c13	slli	x24,x22,0x1d	 x22:0x00003839 x24=0x20000000
       20595000	      2058	80004b40	40815433	sra	x8,x2,x8	  x2:0x80008372  x8:0x9d551bf3  x8=0xfffff000
       20605000	      2059	80004b44	0061e733	or	x14,x3,x6	  x3:0x00000000  x6:0x000a08a0 x14=0x000a08a0
       20615000	      2060	80004b48	ff614b03	lbu	x22,-10(x2)	  x2:0x80008372 x22=0x00000023 PA:0x80008368
       20625000	      2061	80004b4c	ffb10d23	sb	x27,-6(x2)	  x2:0x80008372 x27:0x00000000 PA:0x8000836c
       20635000	      2062	80004b50	40568b33	sub	x22,x13,x5	 x13:0xf8000a08  x5:0x9d5519b0 x22=0x5aaaf058
       20645000	      2063	80004b54	007a6333	or	x6,x20,x7	 x20:0x00000001  x7:0xff104908  x6=0xff104909
       20655000	      2064	80004b58	ff914483	lbu	x9,-7(x2)	  x2:0x80008372  x9=0x00000020 PA:0x8000836b
       20665000	      2065	80004b5c	fed109a3	sb	x13,-13(x2)	  x2:0x80008372 x13:0xf8000a08 PA:0x80008365
       20675000	      2066	80004b60	01740033	add	x0,x8,x23	  x8:0xfffff000 x23:0x6ab8e000
       20685000	      2067	80004b64	00610b03	lb	x22,6(x2)	  x2:0x80008372 x22=0x00000033 PA:0x80008378
       20695000	      2068	80004b68	00d10723	sb	x13,14(x2)	  x2:0x80008372 x13:0xf8000a08 PA:0x80008380
       20705000	      2069	80004b6c	00003217	auipc	x4,0x3	  x4=0x80007b68
       20715000	      2070	80004b70	59c20213	addi	x4,x4,1436	  x4:0x80007b68  x4=0x80008104
       20725000	      2071	80004b74	6c808813	addi	x16,x1,1736	  x1:0x00000001 x16=0x000006c9
       20735000	      2072	80004b78	010ffd33	and	x26,x31,x16	 x31:0x7fff5fe8 x16:0x000006c9 x26=0x000006c8
       20745000	      2073	80004b7c	00555893	srli	x17,x10,0x5	 x10:0x80009f64 x17=0x040004fb
       20755000	      2074	80004b80	01f10d33	add	x26,x2,x31	  x2:0x80008372 x31:0x7fff5fe8 x26=0xffffe35a
       20765000	      2075	80004b84	01022603	lw	x12,16(x4)	  x4:0x80008104 x12=0xcccdcecf PA:0x80008114
       20775000	      2076	80004b88	40b18433	sub	x8,x3,x11	  x3:0x00000000 x11:0x80009fc4  x8=0x7fff603c
       20785000	      2077	80004b8c	01872db3	slt	x27,x14,x24	 x14:0x000a08a0 x24:0x20000000 x27=0x00000001
       20795000	      2078	80004b90	00225a03	lhu	x20,2(x4)	  x4:0x80008104 x20=0x0000bcbd PA:0x80008106
       20805000	      2079	80004b94	8a624d93	xori	x27,x4,-1882	  x4:0x80008104 x27=0x7fff79a2
       20815000	      2080	80004b98	76564293	xori	x5,x12,1893	 x12:0xcccdcecf  x5=0xcccdc9aa
       20825000	      2081	80004b9c	00ba24b3	slt	x9,x20,x11	 x20:0x0000bcbd x11:0x80009fc4  x9=0x00000000
       20835000	      2082	80004ba0	00f24783	lbu	x15,15(x4)	  x4:0x80008104 x15=0x000000c8 PA:0x80008113
       20845000	      2083	00000000	00000013	addi	x0,x0,0	  x0:0x00000000
       20855000	      2084	80004ba4	38fea493	slti	x9,x29,911	 x29:0x0000002e  x9=0x00000001
       20865000	      2085	80004ba8	01165fb3	srl	x31,x12,x17	 x12:0xcccdcecf x17:0x040004fb x31=0x00000019
       20875000	      2086	80004bac	00fb7833	and	x16,x22,x15	 x22:0x00000033 x15:0x000000c8 x16=0x00000000
       20885000	      2087	80004bb0	01119613	slli	x12,x3,0x11	  x3:0x00000000 x12=0x00000000
       20895000	      2088	80004bb4	fe221c23	sh	x2,-8(x4)	  x4:0x80008104  x2:0x80008372 PA:0x800080fc
       20905000	      2089	80004bb8	ffb24683	lbu	x13,-5(x4)	  x4:0x80008104 x13=0x000000b4 PA:0x800080ff
       20915000	      2090	80004bbc	ffa21d83	lh	x27,-6(x4)	  x4:0x80008104 x27=0xffffb4b5 PA:0x800080fe
       20925000	      2091	80004bc0	00024483	lbu	x9,0(x4)	  x4:0x80008104  x9=0x000000bf PA:0x80008104
       20935000	      2092	80004bc4	002a1713	slli	x14,x20,0x2	 x20:0x0000bcbd x14=0x0002f2f4
       20945000	      2093	80004bc8	00921023	sh	x9,0(x4)	  x4:0x80008104  x9:0x000000bf PA:0x80008104
       20955000	      2094	80004bcc	b6723413	sltiu	x8,x4,-1177	  x4:0x80008104  x8=0x00000001
       20965000	      2095	80004bd0	ff320283	lb	x5,-13(x4)	  x4:0x80008104  x5=0xffffffac PA:0x800080f7
       20975000	      2096	80004bd4	08d6ab97	auipc	x23,0x8d6a	 x23=0x88d6ebd0
       20985000	      2097	80004bd8	016c7a33	and	x20,x24,x22	 x24:0x20000000 x22:0x00000033 x20=0x00000000
       20995000	      2098	80004bdc	c9a22497	auipc	x9,0xc9a22	  x9=0x49a26bd8
       21005000	      2099	80004be0	01d860b3	or	x1,x16,x29	 x16:0x00000000 x29:0x0000002e  x1=0x0000002e
       21015000	      2100	80004be4	aad32093	slti	x1,x6,-1363	  x6:0xff104909  x1=0x00000001
       21025000	      2101	80004be8	00b20983	lb	x19,11(x4)	  x4:0x80008104 x19=0xffffffc4 PA:0x8000810f
       21035000	      2102	80004bec	01ac6133	or	x2,x24,x26	 x24:0x20000000 x26:0xffffe35a  x2=0xffffe35a
       21045000	      2103	80004bf0	004efa33	and	x20,x29,x4	 x29:0x0000002e  x4:0x80008104 x20=0x00000004
       21055000	      2104	80004bf4	46e84113	xori	x2,x16,1134	 x16:0x00000000  x2=0x0000046e
       21065000	      2105	80004bf8	01a08233	add	x4,x1,x26	  x1:0x00000001 x26:0xffffe35a  x4=0xffffe35b
       21075000	      2106	80004bfc	00f3c733	xor	x14,x7,x15	  x7:0xff104908 x15:0x000000c8 x14=0xff1049c0
       21085000	      2107	80004c00	d580ea13	ori	x20,x1,-680	  x1:0x00000001 x20=0xfffffd59
       21095000	      2108	80004c04	02607463	bgeu	x0,x6,80004c2c	  x0:0x00000000  x6:0xff104909
       21105000	      2109	80004c08	52ff0693	addi	x13,x30,1327	 x30:0x80009f54 x13=0x8000a483
       21115000	      2110	80004c0c	00483db3	sltu	x27,x16,x4	 x16:0x00000000  x4:0xffffe35b x27=0x00000001
       21125000	      2111	80004c10	0032d263	bge	x5,x3,80004c14	  x5:0xffffffac  x3:0x00000000
       21135000	      2112	80004c14	41170d33	sub	x26,x14,x17	 x14:0xff1049c0 x17:0x040004fb x26=0xfb1044c5
       21145000	      2113	80004c18	0090d1b3	srl	x3,x1,x9	  x1:0x00000001  x9:0x49a26bd8  x3=0x00000000
       21155000	      2114	80004c1c	01cf9913	slli	x18,x31,0x1c	 x31:0x00000019 x18=0x90000000
       21165000	      2115	80004c20	40f8dcb3	sra	x25,x17,x15	 x17:0x040004fb x15:0x000000c8 x25=0x00040004
       21175000	      2116	80004c24	0276e263	bltu	x13,x7,80004c48	 x13:0x8000a483  x7:0xff104908
       21185000	      2117	00000000	00000013	addi	x0,x0,0	  x0:0x00000000
       21195000	      2118	80004c44	00000013	addi	x0,x0,0	  x0:0x00000000
       21205000	      2119	80004c48	01770663	beq	x14,x23,80004c54	 x14:0xff1049c0 x23:0x88d6ebd0
       21215000	      2120	80004c4c	001c68b3	or	x17,x24,x1	 x24:0x20000000  x1:0x00000001 x17=0x20000001
       21225000	      2121	80004c50	00ccea63	bltu	x25,x12,80004c64	 x25:0x00040004 x12:0x00000000
       21235000	      2122	80004c54	00b16eb3	or	x29,x2,x11	  x2:0x0000046e x11:0x80009fc4 x29=0x80009fee
       21245000	      2123	80004c58	c58edb97	auipc	x23,0xc58ed	 x23=0x458f1c54
       21255000	      2124	80004c5c	00000013	addi	x0,x0,0	  x0:0x00000000
       21265000	      2125	80004c60	010f1e13	slli	x28,x30,0x10	 x30:0x80009f54 x28=0x9f540000
       21275000	      2126	80004c64	0166a4b3	slt	x9,x13,x22	 x13:0x8000a483 x22:0x00000033  x9=0x00000001
       21285000	      2127	80004c68	41eede93	srai	x29,x29,0x1e	 x29:0x80009fee x29=0xfffffffe
       21295000	      2128	80004c6c	0109eb33	or	x22,x19,x16	 x19:0xffffffc4 x16:0x00000000 x22=0xffffffc4
       21305000	      2129	80004c70	0c10ee17	auipc	x28,0xc10e	 x28=0x8c112c6c
       21315000	      2130	80004c74	920aefb7	lui	x31,0x920ae	 x31=0x920ae000
       21325000	      2131	80004c78	4037dd33	sra	x26,x15,x3	 x15:0x000000c8  x3:0x00000000 x26=0x000000c8
       21335000	      2132	80004c7c	042cd863	bge	x25,x2,80004ccc	 x25:0x00040004  x2:0x0000046e
       21345000	      2133	00000000	00000013	addi	x0,x0,0	  x0:0x00000000
       21355000	      2134	80004cc8	00000013	addi	x0,x0,0	  x0:0x00000000
       21365000	      2135	80004ccc	006b1033	sll	x0,x22,x6	 x22:0xffffffc4  x6:0xff104909
       21375000	      2136	80004cd0	4050dc33	sra	x24,x1,x5	  x1:0x00000001  x5:0xffffffac x24=0x00000000
       21385000	      2137	80004cd4	011d4933	xor	x18,x26,x17	 x26:0x000000c8 x17:0x20000001 x18=0x200000c9
       21395000	      2138	80004cd8	00946d33	or	x26,x8,x9	  x8:0x00000001  x9:0x00000001 x26=0x00000001
       21405000	      2139	80004cdc	01146e63	bltu	x8,x17,80004cf8	  x8:0x00000001 x17:0x20000001
       21415000	      2140	00000000	00000013	addi	x0,x0,0	  x0:0x00000000
       21425000	      2141	80004cf4	00000013	addi	x0,x0,0	  x0:0x00000000
       21435000	      2142	80004cf8	00286a63	bltu	x16,x2,80004d0c	 x16:0x00000000  x2:0x0000046e
       21445000	      2143	00000000	00000013	addi	x0,x0,0	  x0:0x00000000
       21455000	      2144	80004d08	00000013	addi	x0,x0,0	  x0:0x00000000
       21465000	      2145	80004d0c	004af233	and	x4,x21,x4	 x21:0x40decfb2  x4:0xffffe35b  x4=0x40dec312
       21475000	      2146	80004d10	e7cd2613	slti	x12,x26,-388	 x26:0x00000001 x12=0x00000000
       21485000	      2147	80004d14	83924c13	xori	x24,x4,-1991	  x4:0x40dec312 x24=0xbf213b2b
       21495000	      2148	80004d18	03dd5c63	bge	x26,x29,80004d50	 x26:0x00000001 x29:0xfffffffe
       21505000	      2149	00000000	00000013	addi	x0,x0,0	  x0:0x00000000
       21515000	      2150	80004d4c	00000013	addi	x0,x0,0	  x0:0x00000000
       21525000	      2151	80004d50	f20aa897	auipc	x17,0xf20aa	 x17=0x720aed4c
       21535000	      2152	80004d54	410cd7b3	sra	x15,x25,x16	 x25:0x00040004 x16:0x00000000 x15=0x00040004
       21545000	      2153	80004d58	01aaa933	slt	x18,x21,x26	 x21:0x40decfb2 x26:0x00000001 x18=0x00000000
       21555000	      2154	80004d5c	1aacb9b7	lui	x19,0x1aacb	 x19=0x1aacb000
       21565000	      2155	80004d60	d7274297	auipc	x5,0xd7274	  x5=0x57278d5c
       21575000	      2156	80004d64	035d4063	blt	x26,x21,80004d84	 x26:0x00000001 x21:0x40decfb2
       21585000	      2157	00000000	00000013	addi	x0,x0,0	  x0:0x00000000
       21595000	      2158	80004d80	00000013	addi	x0,x0,0	  x0:0x00000000
       21605000	      2159	80004d84	d75d6093	ori	x1,x26,-651	 x26:0x00000001  x1=0xfffffd75
       21615000	      2160	80004d88	4c52b213	sltiu	x4,x5,1221	  x5:0x57278d5c  x4=0x00000000
       21625000	      2161	80004d8c	01b18ab3	add	x21,x3,x27	  x3:0x00000000 x27:0x00000001 x21=0x00000001
       21635000	      2162	80004d90	41a98233	sub	x4,x19,x26	 x19:0x1aacb000 x26:0x00000001  x4=0x1aacafff
       21645000	      2163	80004d94	02a46263	bltu	x8,x10,80004db8	  x8:0x00000001 x10:0x80009f64
       21655000	      2164	00000000	00000013	addi	x0,x0,0	  x0:0x00000000
       21665000	      2165	80004db4	00000013	addi	x0,x0,0	  x0:0x00000000
       21675000	      2166	80004db8	87235017	auipc	x0,0x87235	
       21685000	      2167	80004dbc	0088df93	srli	x31,x17,0x8	 x17:0x720aed4c x31=0x00720aed
       21695000	      2168	80004dc0	40cc56b3	sra	x13,x24,x12	 x24:0xbf213b2b x12:0x00000000 x13=0xbf213b2b
       21705000	      2169	80004dc4	9534ca13	xori	x20,x9,-1709	  x9:0x00000001 x20=0xfffff952
       21715000	      2170	80004dc8	6b9a8e13	addi	x28,x21,1721	 x21:0x00000001 x28=0x000006ba
       21725000	      2171	80004dcc	03e19c63	bne	x3,x30,80004e04	  x3:0x00000000 x30:0x80009f54
       21735000	      2172	00000000	00000013	addi	x0,x0,0	  x0:0x00000000
       21745000	      2173	80004e00	00000013	addi	x0,x0,0	  x0:0x00000000
       21755000	      2174	80004e04	0187bbb3	sltu	x23,x15,x24	 x15:0x00040004 x24:0xbf213b2b x23=0x00000001
       21765000	      2175	80004e08	00000013	addi	x0,x0,0	  x0:0x00000000
       21775000	      2176	80004e0c	41825933	sra	x18,x4,x24	  x4:0x1aacafff x24:0xbf213b2b x18=0x00035595
       21785000	      2177	80004e10	0095c863	blt	x11,x9,80004e20	 x11:0x80009fc4  x9:0x00000001
       21795000	      2178	00000000	00000013	addi	x0,x0,0	  x0:0x00000000
       21805000	      2179	80004e1c	00000013	addi	x0,x0,0	  x0:0x00000000
       21815000	      2180	80004e20	019304b3	add	x9,x6,x25	  x6:0xff104909 x25:0x00040004  x9=0xff14490d
       21825000	      2181	80004e24	e9622d37	lui	x26,0xe9622	 x26=0xe9622000
       21835000	      2182	80004e28	d63aaa13	slti	x20,x21,-669	 x21:0x00000001 x20=0x00000000
       21845000	      2183	80004e2c	0018f233	and	x4,x17,x1	 x17:0x720aed4c  x1:0xfffffd75  x4=0x720aed44
       21855000	      2184	80004e30	20042e93	slti	x29,x8,512	  x8:0x00000001 x29=0x00000001
       21865000	      2185	80004e34	00aa6eb3	or	x29,x20,x10	 x20:0x00000000 x10:0x80009f64 x29=0x80009f64
       21875000	      2186	80004e38	05a78e63	beq	x15,x26,80004e94	 x15:0x00040004 x26:0xe9622000
       21885000	      2187	80004e3c	00d394b3	sll	x9,x7,x13	  x7:0xff104908 x13:0xbf213b2b  x9=0x82484000
       21895000	      2188	80004e40	00000013	addi	x0,x0,0	  x0:0x00000000
       21905000	      2189	80004e44	96e87213	andi	x4,x16,-1682	 x16:0x00000000  x4=0x00000000
       21915000	      2190	80004e48	00d0aab3	slt	x21,x1,x13	  x1:0xfffffd75 x13:0xbf213b2b x21=0x00000000
       21925000	      2191	80004e4c	04b1fa63	bgeu	x3,x11,80004ea0	  x3:0x00000000 x11:0x80009fc4
       21935000	      2192	80004e50	6f06b4b7	lui	x9,0x6f06b	  x9=0x6f06b000
       21945000	      2193	80004e54	01acb2b3	sltu	x5,x25,x26	 x25:0x00040004 x26:0xe9622000  x5=0x00000001
       21955000	      2194	80004e58	00952ab3	slt	x21,x10,x9	 x10:0x80009f64  x9:0x6f06b000 x21=0x00000001
       21965000	      2195	80004e5c	077fd463	bge	x31,x23,80004ec4	 x31:0x00720aed x23:0x00000001
       21975000	      2196	00000000	00000013	addi	x0,x0,0	  x0:0x00000000
       21985000	      2197	80004ec0	00000013	addi	x0,x0,0	  x0:0x00000000
       21995000	      2198	80004ec4	003d9933	sll	x18,x27,x3	 x27:0x00000001  x3:0x00000000 x18=0x00000001
       22005000	      2199	80004ec8	01756e33	or	x28,x10,x23	 x10:0x80009f64 x23:0x00000001 x28=0x80009f65
       22015000	      2200	80004ecc	01ea7d93	andi	x27,x20,30	 x20:0x00000000 x27=0x00000000
       22025000	      2201	80004ed0	034b5c63	bge	x22,x20,80004f08	 x22:0xffffffc4 x20:0x00000000
       22035000	      2202	80004ed4	08817713	andi	x14,x2,136	  x2:0x0000046e x14=0x00000008
       22045000	      2203	80004ed8	c28afd13	andi	x26,x21,-984	 x21:0x00000001 x26=0x00000000
       22055000	      2204	80004edc	013d6663	bltu	x26,x19,80004ee8	 x26:0x00000000 x19:0x1aacb000
       22065000	      2205	00000000	00000013	addi	x0,x0,0	  x0:0x00000000
       22075000	      2206	80004ee4	00000013	addi	x0,x0,0	  x0:0x00000000
       22085000	      2207	80004ee8	01553eb3	sltu	x29,x10,x21	 x10:0x80009f64 x21:0x00000001 x29=0x00000000
       22095000	      2208	80004eec	cee32a93	slti	x21,x6,-786	  x6:0xff104909 x21=0x00000001
       22105000	      2209	80004ef0	40f05d93	srai	x27,x0,0xf	  x0:0x00000000 x27=0x00000000
       22115000	      2210	80004ef4	01285233	srl	x4,x16,x18	 x16:0x00000000 x18:0x00000001  x4=0x00000000
       22125000	      2211	80004ef8	008f4a63	blt	x30,x8,80004f0c	 x30:0x80009f54  x8:0x00000001
       22135000	      2212	00000000	00000013	addi	x0,x0,0	  x0:0x00000000
       22145000	      2213	80004f08	00000013	addi	x0,x0,0	  x0:0x00000000
       22155000	      2214	80004f0c	01cc5663	bge	x24,x28,80004f18	 x24:0xbf213b2b x28:0x80009f65
       22165000	      2215	00000000	00000013	addi	x0,x0,0	  x0:0x00000000
       22175000	      2216	80004f14	00000013	addi	x0,x0,0	  x0:0x00000000
       22185000	      2217	80004f18	01a0ce63	blt	x1,x26,80004f34	  x1:0xfffffd75 x26:0x00000000
       22195000	      2218	00000000	00000013	addi	x0,x0,0	  x0:0x00000000
       22205000	      2219	80004f30	00000013	addi	x0,x0,0	  x0:0x00000000
       22215000	      2220	80004f34	00032633	slt	x12,x6,x0	  x6:0xff104909  x0:0x00000000 x12=0x00000001
       22225000	      2221	80004f38	41fc5a93	srai	x21,x24,0x1f	 x24:0xbf213b2b x21=0xffffffff
       22235000	      2222	80004f3c	00000013	addi	x0,x0,0	  x0:0x00000000
       22245000	      2223	80004f40	0273c693	xori	x13,x7,39	  x7:0xff104908 x13=0xff10492f
       22255000	      2224	80004f44	00905c63	bge	x0,x9,80004f5c	  x0:0x00000000  x9:0x6f06b000
       22265000	      2225	80004f48	00dbd513	srli	x10,x23,0xd	 x23:0x00000001 x10=0x00000000
       22275000	      2226	80004f4c	009cfc63	bgeu	x25,x9,80004f64	 x25:0x00040004  x9:0x6f06b000
       22285000	      2227	80004f50	009ffcb3	and	x25,x31,x9	 x31:0x00720aed  x9:0x6f06b000 x25=0x00020000
       22295000	      2228	80004f54	00a10463	beq	x2,x10,80004f5c	  x2:0x0000046e x10:0x00000000
       22305000	      2229	80004f58	05eff663	bgeu	x31,x30,80004fa4	 x31:0x00720aed x30:0x80009f54
       22315000	      2230	80004f5c	008bd233	srl	x4,x23,x8	 x23:0x00000001  x8:0x00000001  x4=0x00000000
       22325000	      2231	80004f60	0101f733	and	x14,x3,x16	  x3:0x00000000 x16:0x00000000 x14=0x00000000
       22335000	      2232	80004f64	0108ce13	xori	x28,x17,16	 x17:0x720aed4c x28=0x720aed5c
       22345000	      2233	80004f68	a50d7f93	andi	x31,x26,-1456	 x26:0x00000000 x31=0x00000000
       22355000	      2234	80004f6c	3e067f93	andi	x31,x12,992	 x12:0x00000001 x31=0x00000000
       22365000	      2235	80004f70	002cb9b3	sltu	x19,x25,x2	 x25:0x00020000  x2:0x0000046e x19=0x00000000
       22375000	      2236	80004f74	e40941b7	lui	x3,0xe4094	  x3=0xe4094000
       22385000	      2237	80004f78	40ae5c33	sra	x24,x28,x10	 x28:0x720aed5c x10:0x00000000 x24=0x720aed5c
       22395000	      2238	80004f7c	721da1b7	lui	x3,0x721da	  x3=0x721da000
       22405000	      2239	80004f80	9ebe8213	addi	x4,x29,-1557	 x29:0x00000000  x4=0xfffff9eb
       22415000	      2240	80004f84	00db1613	slli	x12,x22,0xd	 x22:0xffffffc4 x12=0xfff88000
       22425000	      2241	80004f88	00a3b533	sltu	x10,x7,x10	  x7:0xff104908 x10:0x00000000 x10=0x00000000
       22435000	      2242	80004f8c	01e3e8b3	or	x17,x7,x30	  x7:0xff104908 x30:0x80009f54 x17=0xff10df5c
       22445000	      2243	80004f90	41feddb3	sra	x27,x29,x31	 x29:0x00000000 x31:0x00000000 x27=0x00000000
       22455000	      2244	80004f94	005b87b3	add	x15,x23,x5	 x23:0x00000001  x5:0x00000001 x15=0x00000002
       22465000	      2245	80004f98	405ad493	srai	x9,x21,0x5	 x21:0xffffffff  x9=0xffffffff
       22475000	      2246	80004f9c	03320c63	beq	x4,x19,80004fd4	  x4:0xfffff9eb x19:0x00000000
       22485000	      2247	80004fa0	0392fc63	bgeu	x5,x25,80004fd8	  x5:0x00000001 x25:0x00020000
       22495000	      2248	80004fa4	51a86d13	ori	x26,x16,1306	 x16:0x00000000 x26=0x0000051a
       22505000	      2249	80004fa8	03060663	beq	x12,x16,80004fd4	 x12:0xfff88000 x16:0x00000000
       22515000	      2250	80004fac	4007d0b3	sra	x1,x15,x0	 x15:0x00000002  x0:0x00000000  x1=0x00000002
       22525000	      2251	80004fb0	4100dd13	srai	x26,x1,0x10	  x1:0x00000002 x26=0x00000000
       22535000	      2252	80004fb4	01a8d413	srli	x8,x17,0x1a	 x17:0xff10df5c  x8=0x0000003f
       22545000	      2253	80004fb8	00675433	srl	x8,x14,x6	 x14:0x00000000  x6:0xff104909  x8=0x00000000
       22555000	      2254	80004fbc	01f93ab3	sltu	x21,x18,x31	 x18:0x00000001 x31:0x00000000 x21=0x00000000
       22565000	      2255	80004fc0	03470063	beq	x14,x20,80004fe0	 x14:0x00000000 x20:0x00000000
       22575000	      2256	00000000	00000013	addi	x0,x0,0	  x0:0x00000000
       22585000	      2257	80004fdc	00000013	addi	x0,x0,0	  x0:0x00000000
       22595000	      2258	80004fe0	01a61233	sll	x4,x12,x26	 x12:0xfff88000 x26:0x00000000  x4=0xfff88000
       22605000	      2259	80004fe4	406752b3	sra	x5,x14,x6	 x14:0x00000000  x6:0xff104909  x5=0x00000000
       22615000	      2260	80004fe8	400959b3	sra	x19,x18,x0	 x18:0x00000001  x0:0x00000000 x19=0x00000001
       22625000	      2261	80004fec	01ddf633	and	x12,x27,x29	 x27:0x00000000 x29:0x00000000 x12=0x00000000
       22635000	      2262	80004ff0	77658a13	addi	x20,x11,1910	 x11:0x80009fc4 x20=0x8000a73a
       22645000	      2263	80004ff4	0003c263	blt	x7,x0,80004ff8	  x7:0xff104908  x0:0x00000000
       22655000	      2264	00000000	00000013	addi	x0,x0,0	  x0:0x00000000
       22665000	      2265	80004ff4	00000013	addi	x0,x0,0	  x0:0x00000000
       22675000	      2266	80004ff8	010bf233	and	x4,x23,x16	 x23:0x00000001 x16:0x00000000  x4=0x00000000
       22685000	      2267	80004ffc	03239663	bne	x7,x18,80005028	  x7:0xff104908 x18:0x00000001
       22695000	      2268	00000000	00000013	addi	x0,x0,0	  x0:0x00000000
       22705000	      2269	80005024	00000013	addi	x0,x0,0	  x0:0x00000000
       22715000	      2270	80005028	ae3ca913	slti	x18,x25,-1309	 x25:0x00020000 x18=0x00000000
       22725000	      2271	8000502c	01c2d793	srli	x15,x5,0x1c	  x5:0x00000000 x15=0x00000000
       22735000	      2272	80005030	012bd1b3	srl	x3,x23,x18	 x23:0x00000001 x18:0x00000000  x3=0x00000001
       22745000	      2273	80005034	00990d33	add	x26,x18,x9	 x18:0x00000000  x9:0xffffffff x26=0xffffffff
       22755000	      2274	80005038	003017b3	sll	x15,x0,x3	  x0:0x00000000  x3:0x00000001 x15=0x00000000
       22765000	      2275	8000503c	01e142b3	xor	x5,x2,x30	  x2:0x0000046e x30:0x80009f54  x5=0x80009b3a
       22775000	      2276	80005040	4feef913	andi	x18,x29,1278	 x29:0x00000000 x18=0x00000000
       22785000	      2277	80005044	0237fc63	bgeu	x15,x3,8000507c	 x15:0x00000000  x3:0x00000001
       22795000	      2278	80005048	71508c17	auipc	x24,0x71508	 x24=0xf150d044
       22805000	      2279	8000504c	03c31c63	bne	x6,x28,80005084	  x6:0xff104909 x28:0x720aed5c
       22815000	      2280	00000000	00000013	addi	x0,x0,0	  x0:0x00000000
       22825000	      2281	80005080	00000013	addi	x0,x0,0	  x0:0x00000000
       22835000	      2282	80005084	01dc1833	sll	x16,x24,x29	 x24:0xf150d044 x29:0x00000000 x16=0xf150d044
       22845000	      2283	80005088	03aa8263	beq	x21,x26,800050ac	 x21:0x00000000 x26:0xffffffff
       22855000	      2284	8000508c	005b98b3	sll	x17,x23,x5	 x23:0x00000001  x5:0x80009b3a x17=0x04000000
       22865000	      2285	80005090	008d7c63	bgeu	x26,x8,800050a8	 x26:0xffffffff  x8:0x00000000
       22875000	      2286	00000000	00000013	addi	x0,x0,0	  x0:0x00000000
       22885000	      2287	800050a4	00000013	addi	x0,x0,0	  x0:0x00000000
       22895000	      2288	800050a8	00779e33	sll	x28,x15,x7	 x15:0x00000000  x7:0xff104908 x28=0x00000000
       22905000	      2289	800050ac	00c28263	beq	x5,x12,800050b0	  x5:0x80009b3a x12:0x00000000
       22915000	      2290	800050b0	b7e1aa93	slti	x21,x3,-1154	  x3:0x00000001 x21=0x00000000
       22925000	      2291	800050b4	84c0ca17	auipc	x20,0x84c0c	 x20=0x04c110b0
       22935000	      2292	800050b8	0130e6b3	or	x13,x1,x19	  x1:0x00000002 x19:0x00000001 x13=0x00000003
       22945000	      2293	800050bc	0000da63	bge	x1,x0,800050d0	  x1:0x00000002  x0:0x00000000
       22955000	      2294	00000000	00000013	addi	x0,x0,0	  x0:0x00000000
       22965000	      2295	800050cc	00000013	addi	x0,x0,0	  x0:0x00000000
       22975000	      2296	800050d0	d8f19517	auipc	x10,0xd8f19	 x10=0x58f1e0cc
       22985000	      2297	800050d4	00d1dc13	srli	x24,x3,0xd	  x3:0x00000001 x24=0x00000000
       22995000	      2298	800050d8	0f6edb37	lui	x22,0xf6ed	 x22=0x0f6ed000
       23005000	      2299	800050dc	01063833	sltu	x16,x12,x16	 x12:0x00000000 x16:0xf150d044 x16=0x00000001
       23015000	      2300	800050e0	4140dab3	sra	x21,x1,x20	  x1:0x00000002 x20:0x04c110b0 x21=0x00000000
       23025000	      2301	800050e4	6e8d0a93	addi	x21,x26,1768	 x26:0xffffffff x21=0x000006e7
       23035000	      2302	800050e8	0140d613	srli	x12,x1,0x14	  x1:0x00000002 x12=0x00000000
       23045000	      2303	800050ec	0361e263	bltu	x3,x22,80005110	  x3:0x00000001 x22:0x0f6ed000
       23055000	      2304	00000000	00000013	addi	x0,x0,0	  x0:0x00000000
       23065000	      2305	8000510c	00000013	addi	x0,x0,0	  x0:0x00000000
       23075000	      2306	80005110	db05fd13	andi	x26,x11,-592	 x11:0x80009fc4 x26=0x80009d80
       23085000	      2307	80005114	006c1837	lui	x16,0x6c1	 x16=0x006c1000
       23095000	      2308	80005118	033c0663	beq	x24,x19,80005144	 x24:0x00000000 x19:0x00000001
       23105000	      2309	8000511c	00ea1c33	sll	x24,x20,x14	 x20:0x04c110b0 x14:0x00000000 x24=0x04c110b0
       23115000	      2310	80005120	01ec4b33	xor	x22,x24,x30	 x24:0x04c110b0 x30:0x80009f54 x22=0x84c18fe4
       23125000	      2311	80005124	5bf68693	addi	x13,x13,1471	 x13:0x00000003 x13=0x000005c2
       23135000	      2312	80005128	002bd233	srl	x4,x23,x2	 x23:0x00000001  x2:0x0000046e  x4=0x00000000
       23145000	      2313	8000512c	1042b893	sltiu	x17,x5,260	  x5:0x80009b3a x17=0x00000000
       23155000	      2314	80005130	b72a7417	auipc	x8,0xb72a7	  x8=0x372ac12c
       23165000	      2315	80005134	08d6c093	xori	x1,x13,141	 x13:0x000005c2  x1=0x0000054f
       23175000	      2316	80005138	00f05c93	srli	x25,x0,0xf	  x0:0x00000000 x25=0x00000000
       23185000	      2317	8000513c	01329b13	slli	x22,x5,0x13	  x5:0x80009b3a x22=0xd9d00000
       23195000	      2318	80005140	8eebbc93	sltiu	x25,x23,-1810	 x23:0x00000001 x25=0x00000001
       23205000	      2319	80005144	013f1d33	sll	x26,x30,x19	 x30:0x80009f54 x19:0x00000001 x26=0x00013ea8
       23215000	      2320	80005148	00e9dd33	srl	x26,x19,x14	 x19:0x00000001 x14:0x00000000 x26=0x00000001
       23225000	      2321	8000514c	206a6a13	ori	x20,x20,518	 x20:0x04c110b0 x20=0x04c112b6
       23235000	      2322	80005150	008b7633	and	x12,x22,x8	 x22:0xd9d00000  x8:0x372ac12c x12=0x11000000
       23245000	      2323	80005154	02f5d663	bge	x11,x15,80005180	 x11:0x80009fc4 x15:0x00000000
       23255000	      2324	80005158	03559063	bne	x11,x21,80005178	 x11:0x80009fc4 x21:0x000006e7
       23265000	      2325	00000000	00000013	addi	x0,x0,0	  x0:0x00000000
       23275000	      2326	80005174	00000013	addi	x0,x0,0	  x0:0x00000000
       23285000	      2327	80005178	009b7663	bgeu	x22,x9,80005184	 x22:0xd9d00000  x9:0xffffffff
       23295000	      2328	8000517c	012751b3	srl	x3,x14,x18	 x14:0x00000000 x18:0x00000000  x3=0x00000000
       23305000	      2329	80005180	60376c93	ori	x25,x14,1539	 x14:0x00000000 x25=0x00000603
       23315000	      2330	80005184	01af3db3	sltu	x27,x30,x26	 x30:0x80009f54 x26:0x00000001 x27=0x00000000
       23325000	      2331	80005188	00cc19b3	sll	x19,x24,x12	 x24:0x04c110b0 x12:0x11000000 x19=0x04c110b0
       23335000	      2332	8000518c	1f3add17	auipc	x26,0x1f3ad	 x26=0x9f3b2188
       23345000	      2333	80005190	004f2303	lw	x6,4(x30)	 x30:0x80009f54  x6=0x80005d08 PA:0x80009f58
       23355000	      2334	80005194	010a9493	slli	x9,x21,0x10	 x21:0x000006e7  x9=0x06e70000
       23365000	      2335	80005198	010f0f13	addi	x30,x30,16	 x30:0x80009f54 x30=0x80009f64
       23375000	      2336	8000519c	002ef1b3	and	x3,x29,x2	 x29:0x00000000  x2:0x0000046e  x3=0x00000000
       23385000	      2337	800051a0	00130c93	addi	x25,x6,1	  x6:0x80005d08 x25=0x80005d09
       23395000	      2338	800051a4	000c8ce7	jalr	x25,x25,0	 x25:0x80005d09 x25=0x800051a4
       23405000	      2339	00000000	00000013	addi	x0,x0,0	  x0:0x00000000
       23415000	      2340	80005d08	00000013	addi	x0,x0,0	  x0:0x00000000
       23425000	      2341	80005d0c	016a5733	srl	x14,x20,x22	 x20:0x04c112b6 x22:0xd9d00000 x14=0x04c112b6
       23435000	      2342	80005d10	00b6f7b3	and	x15,x13,x11	 x13:0x000005c2 x11:0x80009fc4 x15=0x000005c0
       23445000	      2343	80005d14	4085d293	srai	x5,x11,0x8	 x11:0x80009fc4  x5=0xff80009f
       23455000	      2344	80005d18	4f7b6713	ori	x14,x22,1271	 x22:0xd9d00000 x14=0xd9d004f7
       23465000	      2345	80005d1c	01aa8b33	add	x22,x21,x26	 x21:0x000006e7 x26:0x9f3b2188 x22=0x9f3b286f
       23475000	      2346	80005d20	71fd2eb7	lui	x29,0x71fd2	 x29=0x71fd2000
       23485000	      2347	80005d24	b9376d93	ori	x27,x14,-1133	 x14:0xd9d004f7 x27=0xfffffff7
       23495000	      2348	80005d28	012196b3	sll	x13,x3,x18	  x3:0x00000000 x18:0x00000000 x13=0x00000000
       23505000	      2349	80005d2c	013b40b3	xor	x1,x22,x19	 x22:0x9f3b286f x19:0x04c110b0  x1=0x9bfa38df
       23515000	      2350	80005d30	0011c733	xor	x14,x3,x1	  x3:0x00000000  x1:0x9bfa38df x14=0x9bfa38df
       23525000	      2351	80005d34	0001b533	sltu	x10,x3,x0	  x3:0x00000000  x0:0x00000000 x10=0x00000000
       23535000	      2352	80005d38	f22c0f93	addi	x31,x24,-222	 x24:0x04c110b0 x31=0x04c10fd2
       23545000	      2353	80005d3c	00000013	addi	x0,x0,0	  x0:0x00000000
       23555000	      2354	80005d40	0114c633	xor	x12,x9,x17	  x9:0x06e70000 x17:0x00000000 x12=0x06e70000
       23565000	      2355	80005d44	c94ac793	xori	x15,x21,-876	 x21:0x000006e7 x15=0xfffffa73
       23575000	      2356	80005d48	d043b997	auipc	x19,0xd043b	 x19=0x50440d44
       23585000	      2357	80005d4c	0180e233	or	x4,x1,x24	  x1:0x9bfa38df x24:0x04c110b0  x4=0x9ffb38ff
       23595000	      2358	80005d50	806b0513	addi	x10,x22,-2042	 x22:0x9f3b286f x10=0x9f3b2075
       23605000	      2359	80005d54	017f4733	xor	x14,x30,x23	 x30:0x80009f64 x23:0x00000001 x14=0x80009f65
       23615000	      2360	80005d58	402dd633	sra	x12,x27,x2	 x27:0xfffffff7  x2:0x0000046e x12=0xffffffff
       23625000	      2361	80005d5c	01725b13	srli	x22,x4,0x17	  x4:0x9ffb38ff x22=0x0000013f
       23635000	      2362	80005d60	850f7a13	andi	x20,x30,-1968	 x30:0x80009f64 x20=0x80009840
       23645000	      2363	80005d64	e905e497	auipc	x9,0xe905e	  x9=0x69063d60
       23655000	      2364	80005d68	f23b3a37	lui	x20,0xf23b3	 x20=0xf23b3000
       23665000	      2365	80005d6c	007eb9b3	sltu	x19,x29,x7	 x29:0x71fd2000  x7:0xff104908 x19=0x00000001
       23675000	      2366	80005d70	01cf0463	beq	x30,x28,80005d78	 x30:0x80009f64 x28:0x00000000
       23685000	      2367	80005d74	00000013	addi	x0,x0,0	  x0:0x00000000
       23695000	      2368	80005d78	009f2b33	slt	x22,x30,x9	 x30:0x80009f64  x9:0x69063d60 x22=0x00000001
       23705000	      2369	80005d7c	01f0f2b3	and	x5,x1,x31	  x1:0x9bfa38df x31:0x04c10fd2  x5=0x00c008d2
       23715000	      2370	80005d80	007f5013	srli	x0,x30,0x7	 x30:0x80009f64
       23725000	      2371	80005d84	4105dc93	srai	x25,x11,0x10	 x11:0x80009fc4 x25=0xffff8000
       23735000	      2372	80005d88	0185fa63	bgeu	x11,x24,80005d9c	 x11:0x80009fc4 x24:0x04c110b0
       23745000	      2373	00000000	00000013	addi	x0,x0,0	  x0:0x00000000
       23755000	      2374	80005d98	00000013	addi	x0,x0,0	  x0:0x00000000
       23765000	      2375	80005d9c	01b109b3	add	x19,x2,x27	  x2:0x0000046e x27:0xfffffff7 x19=0x00000465
       23775000	      2376	80005da0	0167ca63	blt	x15,x22,80005db4	 x15:0xfffffa73 x22:0x00000001
       23785000	      2377	00000000	00000013	addi	x0,x0,0	  x0:0x00000000
       23795000	      2378	80005db0	00000013	addi	x0,x0,0	  x0:0x00000000
       23805000	      2379	80005db4	0061aeb3	slt	x29,x3,x6	  x3:0x00000000  x6:0x80005d08 x29=0x00000000
       23815000	      2380	80005db8	ba969917	auipc	x18,0xba969	 x18=0x3a96edb4
       23825000	      2381	80005dbc	01f4bd33	sltu	x26,x9,x31	  x9:0x69063d60 x31:0x04c10fd2 x26=0x00000000
       23835000	      2382	80005dc0	00f3d933	srl	x18,x7,x15	  x7:0xff104908 x15:0xfffffa73 x18=0x00001fe2
       23845000	      2383	80005dc4	0025b1b3	sltu	x3,x11,x2	 x11:0x80009fc4  x2:0x0000046e  x3=0x00000000
       23855000	      2384	80005dc8	0171ecb3	or	x25,x3,x23	  x3:0x00000000 x23:0x00000001 x25=0x00000001
       23865000	      2385	80005dcc	01d10c63	beq	x2,x29,80005de4	  x2:0x0000046e x29:0x00000000
       23875000	      2386	80005dd0	00c02db3	slt	x27,x0,x12	  x0:0x00000000 x12:0xffffffff x27=0x00000000
       23885000	      2387	80005dd4	00b5f863	bgeu	x11,x11,80005de4	 x11:0x80009fc4 x11:0x80009fc4
       23895000	      2388	00000000	00000013	addi	x0,x0,0	  x0:0x00000000
       23905000	      2389	80005de0	00000013	addi	x0,x0,0	  x0:0x00000000
       23915000	      2390	80005de4	0020f863	bgeu	x1,x2,80005df4	  x1:0x9bfa38df  x2:0x0000046e
       23925000	      2391	00000000	00000013	addi	x0,x0,0	  x0:0x00000000
       23935000	      2392	80005df0	00000013	addi	x0,x0,0	  x0:0x00000000
       23945000	      2393	80005df4	0301c063	blt	x3,x16,80005e14	  x3:0x00000000 x16:0x006c1000
       23955000	      2394	00000000	00000013	addi	x0,x0,0	  x0:0x00000000
       23965000	      2395	80005e10	00000013	addi	x0,x0,0	  x0:0x00000000
       23975000	      2396	80005e14	00124e63	blt	x4,x1,80005e30	  x4:0x9ffb38ff  x1:0x9bfa38df
       23985000	      2397	80005e18	04d0c663	blt	x1,x13,80005e64	  x1:0x9bfa38df x13:0x00000000
       23995000	      2398	00000000	00000013	addi	x0,x0,0	  x0:0x00000000
       24005000	      2399	80005e60	00000013	addi	x0,x0,0	  x0:0x00000000
       24015000	      2400	80005e64	fe11d797	auipc	x15,0xfe11d	 x15=0x7e122e60
       24025000	      2401	80005e68	0016dd13	srli	x26,x13,0x1	 x13:0x00000000 x26=0x00000000
       24035000	      2402	80005e6c	41ca8333	sub	x6,x21,x28	 x21:0x000006e7 x28:0x00000000  x6=0x000006e7
       24045000	      2403	80005e70	50eddb37	lui	x22,0x50edd	 x22=0x50edd000
       24055000	      2404	80005e74	008ddeb3	srl	x29,x27,x8	 x27:0x00000000  x8:0x372ac12c x29=0x00000000
       24065000	      2405	80005e78	40d08733	sub	x14,x1,x13	  x1:0x9bfa38df x13:0x00000000 x14=0x9bfa38df
       24075000	      2406	80005e7c	012bdfb3	srl	x31,x23,x18	 x23:0x00000001 x18:0x00001fe2 x31=0x00000000
       24085000	      2407	80005e80	00bd9013	slli	x0,x27,0xb	 x27:0x00000000
       24095000	      2408	80005e84	00c32d33	slt	x26,x6,x12	  x6:0x000006e7 x12:0xffffffff x26=0x00000000
       24105000	      2409	80005e88	011f3db3	sltu	x27,x30,x17	 x30:0x80009f64 x17:0x00000000 x27=0x00000000
       24115000	      2410	80005e8c	00bf9a33	sll	x20,x31,x11	 x31:0x00000000 x11:0x80009fc4 x20=0x00000000
       24125000	      2411	80005e90	352b3313	sltiu	x6,x22,850	 x22:0x50edd000  x6=0x00000000
       24135000	      2412	80005e94	013ed733	srl	x14,x29,x19	 x29:0x00000000 x19:0x00000465 x14=0x00000000
       24145000	      2413	80005e98	1449aa13	slti	x20,x19,324	 x19:0x00000465 x20=0x00000000
       24155000	      2414	80005e9c	00e51433	sll	x8,x10,x14	 x10:0x9f3b2075 x14:0x00000000  x8=0x9f3b2075
       24165000	      2415	80005ea0	00294733	xor	x14,x18,x2	 x18:0x00001fe2  x2:0x0000046e x14=0x00001b8c
       24175000	      2416	80005ea4	01077263	bgeu	x14,x16,80005ea8	 x14:0x00001b8c x16:0x006c1000
       24185000	      2417	80005ea8	01a9d893	srli	x17,x19,0x1a	 x19:0x00000465 x17=0x00000000
       24195000	      2418	80005eac	00db7c63	bgeu	x22,x13,80005ec4	 x22:0x50edd000 x13:0x00000000
       24205000	      2419	00000000	00000013	addi	x0,x0,0	  x0:0x00000000
       24215000	      2420	80005ec0	00000013	addi	x0,x0,0	  x0:0x00000000
       24225000	      2421	80005ec4	00548e63	beq	x9,x5,80005ee0	  x9:0x69063d60  x5:0x00c008d2
       24235000	      2422	80005ec8	40d05b13	srai	x22,x0,0xd	  x0:0x00000000 x22=0x00000000
       24245000	      2423	80005ecc	00860833	add	x16,x12,x8	 x12:0xffffffff  x8:0x9f3b2075 x16=0x9f3b2074
       24255000	      2424	80005ed0	40388633	sub	x12,x17,x3	 x17:0x00000000  x3:0x00000000 x12=0x00000000
       24265000	      2425	80005ed4	035c0e63	beq	x24,x21,80005f10	 x24:0x04c110b0 x21:0x000006e7
       24275000	      2426	80005ed8	0169fdb3	and	x27,x19,x22	 x19:0x00000465 x22:0x00000000 x27=0x00000000
       24285000	      2427	80005edc	bec04313	xori	x6,x0,-1044	  x0:0x00000000  x6=0xfffffbec
       24295000	      2428	80005ee0	40235193	srai	x3,x6,0x2	  x6:0xfffffbec  x3=0xfffffefb
       24305000	      2429	80005ee4	01f31c63	bne	x6,x31,80005efc	  x6:0xfffffbec x31:0x00000000
       24315000	      2430	00000000	00000013	addi	x0,x0,0	  x0:0x00000000
       24325000	      2431	80005ef8	00000013	addi	x0,x0,0	  x0:0x00000000
       24335000	      2432	80005efc	1f23fb13	andi	x22,x7,498	  x7:0xff104908 x22=0x00000100
       24345000	      2433	80005f00	40ba8d33	sub	x26,x21,x11	 x21:0x000006e7 x11:0x80009fc4 x26=0x7fff6723
       24355000	      2434	80005f04	01bd0e63	beq	x26,x27,80005f20	 x26:0x7fff6723 x27:0x00000000
       24365000	      2435	80005f08	00000013	addi	x0,x0,0	  x0:0x00000000
       24375000	      2436	80005f0c	5a6a2d13	slti	x26,x20,1446	 x20:0x00000000 x26=0x00000001
       24385000	      2437	80005f10	01ec9f93	slli	x31,x25,0x1e	 x25:0x00000001 x31=0x40000000
       24395000	      2438	80005f14	0115edb3	or	x27,x11,x17	 x11:0x80009fc4 x17:0x00000000 x27=0x80009fc4
       24405000	      2439	80005f18	a2bec413	xori	x8,x29,-1493	 x29:0x00000000  x8=0xfffffa2b
       24415000	      2440	80005f1c	0075dc63	bge	x11,x7,80005f34	 x11:0x80009fc4  x7:0xff104908
       24425000	      2441	80005f20	9c6d2f93	slti	x31,x26,-1594	 x26:0x00000001 x31=0x00000000
       24435000	      2442	80005f24	af356c93	ori	x25,x10,-1293	 x10:0x9f3b2075 x25=0xfffffaf7
       24445000	      2443	80005f28	e99dec13	ori	x24,x27,-359	 x27:0x80009fc4 x24=0xffffffdd
       24455000	      2444	80005f2c	61322013	slti	x0,x4,1555	  x4:0x9ffb38ff
       24465000	      2445	80005f30	31e2b693	sltiu	x13,x5,798	  x5:0x00c008d2 x13=0x00000000
       24475000	      2446	80005f34	0121c133	xor	x2,x3,x18	  x3:0xfffffefb x18:0x00001fe2  x2=0xffffe119
       24485000	      2447	80005f38	003690b3	sll	x1,x13,x3	 x13:0x00000000  x3:0xfffffefb  x1=0x00000000
       24495000	      2448	80005f3c	01beb4b3	sltu	x9,x29,x27	 x29:0x00000000 x27:0x80009fc4  x9=0x00000001
       24505000	      2449	80005f40	00f691b3	sll	x3,x13,x15	 x13:0x00000000 x15:0x7e122e60  x3=0x00000000
       24515000	      2450	80005f44	f5e0d317	auipc	x6,0xf5e0d	  x6=0x75e12f40
       24525000	      2451	80005f48	b7004b13	xori	x22,x0,-1168	  x0:0x00000000 x22=0xfffffb70
       24535000	      2452	80005f4c	00b22233	slt	x4,x4,x11	  x4:0x9ffb38ff x11:0x80009fc4  x4=0x00000000
       24545000	      2453	80005f50	41775433	sra	x8,x14,x23	 x14:0x00001b8c x23:0x00000001  x8=0x00000dc6
       24555000	      2454	80005f54	02ecf263	bgeu	x25,x14,80005f78	 x25:0xfffffaf7 x14:0x00001b8c
       24565000	      2455	00000000	00000013	addi	x0,x0,0	  x0:0x00000000
       24575000	      2456	80005f74	00000013	addi	x0,x0,0	  x0:0x00000000
       24585000	      2457	80005f78	40e48133	sub	x2,x9,x14	  x9:0x00000001 x14:0x00001b8c  x2=0xffffe475
       24595000	      2458	80005f7c	8c18be97	auipc	x29,0x8c18b	 x29=0x0c190f78
       24605000	      2459	80005f80	0952a213	slti	x4,x5,149	  x5:0x00c008d2  x4=0x00000000
       24615000	      2460	80005f84	01563eb3	sltu	x29,x12,x21	 x12:0x00000000 x21:0x000006e7 x29=0x00000001
       24625000	      2461	80005f88	019b0cb3	add	x25,x22,x25	 x22:0xfffffb70 x25:0xfffffaf7 x25=0xfffff667
       24635000	      2462	80005f8c	01651293	slli	x5,x10,0x16	 x10:0x9f3b2075  x5=0x1d400000
       24645000	      2463	80005f90	019abfb3	sltu	x31,x21,x25	 x21:0x000006e7 x25:0xfffff667 x31=0x00000001
       24655000	      2464	80005f94	01eaf533	and	x10,x21,x30	 x21:0x000006e7 x30:0x80009f64 x10=0x00000664
       24665000	      2465	80005f98	41bcda93	srai	x21,x25,0x1b	 x25:0xfffff667 x21=0xffffffff
       24675000	      2466	80005f9c	01de9793	slli	x15,x29,0x1d	 x29:0x00000001 x15=0x20000000
       24685000	      2467	80005fa0	4f586313	ori	x6,x16,1269	 x16:0x9f3b2074  x6=0x9f3b24f5
       24695000	      2468	80005fa4	d0268097	auipc	x1,0xd0268	  x1=0x5026dfa0
       24705000	      2469	80005fa8	02df8a63	beq	x31,x13,80005fdc	 x31:0x00000001 x13:0x00000000
       24715000	      2470	80005fac	014187b3	add	x15,x3,x20	  x3:0x00000000 x20:0x00000000 x15=0x00000000
       24725000	      2471	80005fb0	03f46e63	bltu	x8,x31,80005fec	  x8:0x00000dc6 x31:0x00000001
       24735000	      2472	80005fb4	0155de33	srl	x28,x11,x21	 x11:0x80009fc4 x21:0xffffffff x28=0x00000001
       24745000	      2473	80005fb8	04f40263	beq	x8,x15,80005ffc	  x8:0x00000dc6 x15:0x00000000
       24755000	      2474	80005fbc	025e6663	bltu	x28,x5,80005fe8	 x28:0x00000001  x5:0x1d400000
       24765000	      2475	00000000	00000013	addi	x0,x0,0	  x0:0x00000000
       24775000	      2476	80005fe4	00000013	addi	x0,x0,0	  x0:0x00000000
       24785000	      2477	80005fe8	01c9c863	blt	x19,x28,80005ff8	 x19:0x00000465 x28:0x00000001
       24795000	      2478	80005fec	4140d213	srai	x4,x1,0x14	  x1:0x5026dfa0  x4=0x00000502
       24805000	      2479	80005ff0	e69ac693	xori	x13,x21,-407	 x21:0xffffffff x13=0x00000196
       24815000	      2480	80005ff4	9c678613	addi	x12,x15,-1594	 x15:0x00000000 x12=0xfffff9c6
       24825000	      2481	80005ff8	b70636b7	lui	x13,0xb7063	 x13=0xb7063000
       24835000	      2482	80005ffc	297cc113	xori	x2,x25,663	 x25:0xfffff667  x2=0xfffff4f0
       24845000	      2483	80006000	00000013	addi	x0,x0,0	  x0:0x00000000
       24855000	      2484	80006004	e4b6d0b7	lui	x1,0xe4b6d	  x1=0xe4b6d000
       24865000	      2485	80006008	00236a63	bltu	x6,x2,8000601c	  x6:0x9f3b24f5  x2:0xfffff4f0
       24875000	      2486	00000000	00000013	addi	x0,x0,0	  x0:0x00000000
       24885000	      2487	80006018	00000013	addi	x0,x0,0	  x0:0x00000000
       24895000	      2488	8000601c	4696c993	xori	x19,x13,1129	 x13:0xb7063000 x19=0xb7063469
       24905000	      2489	80006020	0053deb3	srl	x29,x7,x5	  x7:0xff104908  x5:0x1d400000 x29=0xff104908
       24915000	      2490	80006024	016f7433	and	x8,x30,x22	 x30:0x80009f64 x22:0xfffffb70  x8=0x80009b60
       24925000	      2491	80006028	7f823a93	sltiu	x21,x4,2040	  x4:0x00000502 x21=0x00000001
       24935000	      2492	8000602c	ad97a093	slti	x1,x15,-1319	 x15:0x00000000  x1=0x00000000
       24945000	      2493	80006030	41b75493	srai	x9,x14,0x1b	 x14:0x00001b8c  x9=0x00000000
       24955000	      2494	80006034	04a91463	bne	x18,x10,8000607c	 x18:0x00001fe2 x10:0x00000664
       24965000	      2495	00000000	00000013	addi	x0,x0,0	  x0:0x00000000
       24975000	      2496	80006078	00000013	addi	x0,x0,0	  x0:0x00000000
       24985000	      2497	8000607c	310ff737	lui	x14,0x310ff	 x14=0x310ff000
       24995000	      2498	80006080	00d31d93	slli	x27,x6,0xd	  x6:0x9f3b24f5 x27=0x649ea000
       25005000	      2499	80006084	00ef3933	sltu	x18,x30,x14	 x30:0x80009f64 x14:0x310ff000 x18=0x00000000
       25015000	      2500	80006088	010421b3	slt	x3,x8,x16	  x8:0x80009b60 x16:0x9f3b2074  x3=0x00000001
       25025000	      2501	8000608c	01708c33	add	x24,x1,x23	  x1:0x00000000 x23:0x00000001 x24=0x00000001
       25035000	      2502	80006090	010b19b3	sll	x19,x22,x16	 x22:0xfffffb70 x16:0x9f3b2074 x19=0xb7000000
       25045000	      2503	80006094	01bd5793	srli	x15,x26,0x1b	 x26:0x00000001 x15=0x00000000
       25055000	      2504	80006098	0078fe63	bgeu	x17,x7,800060b4	 x17:0x00000000  x7:0xff104908
       25065000	      2505	8000609c	5ba2e893	ori	x17,x5,1466	  x5:0x1d400000 x17=0x1d4005ba
       25075000	      2506	800060a0	01b3de13	srli	x28,x7,0x1b	  x7:0xff104908 x28=0x0000001f
       25085000	      2507	800060a4	41994a13	xori	x20,x18,1049	 x18:0x00000000 x20=0x00000419
       25095000	      2508	800060a8	01dc2033	slt	x0,x24,x29	 x24:0x00000001 x29:0xff104908
       25105000	      2509	800060ac	0111a633	slt	x12,x3,x17	  x3:0x00000001 x17:0x1d4005ba x12=0x00000001
       25115000	      2510	800060b0	024f7c63	bgeu	x30,x4,800060e8	 x30:0x80009f64  x4:0x00000502
       25125000	      2511	00000000	00000013	addi	x0,x0,0	  x0:0x00000000
       25135000	      2512	800060e4	00000013	addi	x0,x0,0	  x0:0x00000000
       25145000	      2513	800060e8	00ca5113	srli	x2,x20,0xc	 x20:0x00000419  x2=0x00000000
       25155000	      2514	800060ec	022a8463	beq	x21,x2,80006114	 x21:0x00000001  x2:0x00000000
       25165000	      2515	800060f0	6bd3ac93	slti	x25,x7,1725	  x7:0xff104908 x25=0x00000001
       25175000	      2516	800060f4	01de7e63	bgeu	x28,x29,80006110	 x28:0x0000001f x29:0xff104908
       25185000	      2517	800060f8	027c4463	blt	x24,x7,80006120	 x24:0x00000001  x7:0xff104908
       25195000	      2518	800060fc	bf927413	andi	x8,x4,-1031	  x4:0x00000502  x8=0x00000100
       25205000	      2519	80006100	0022fd33	and	x26,x5,x2	  x5:0x1d400000  x2:0x00000000 x26=0x00000000
       25215000	      2520	80006104	00c89863	bne	x17,x12,80006114	 x17:0x1d4005ba x12:0x00000001
       25225000	      2521	00000000	00000013	addi	x0,x0,0	  x0:0x00000000
       25235000	      2522	80006110	00000013	addi	x0,x0,0	  x0:0x00000000
       25245000	      2523	80006114	01a96e63	bltu	x18,x26,80006130	 x18:0x00000000 x26:0x00000000
       25255000	      2524	80006118	1f398713	addi	x14,x19,499	 x19:0xb7000000 x14=0xb70001f3
       25265000	      2525	8000611c	0034a1b3	slt	x3,x9,x3	  x9:0x00000000  x3:0x00000001  x3=0x00000001
       25275000	      2526	80006120	00ca6ab3	or	x21,x20,x12	 x20:0x00000419 x12:0x00000001 x21=0x00000419
       25285000	      2527	80006124	22ed2913	slti	x18,x26,558	 x26:0x00000000 x18=0x00000001
       25295000	      2528	80006128	010029b3	slt	x19,x0,x16	  x0:0x00000000 x16:0x9f3b2074 x19=0x00000000
       25305000	      2529	8000612c	8ccf4b93	xori	x23,x30,-1844	 x30:0x80009f64 x23=0x7fff67a8
       25315000	      2530	80006130	fb556d93	ori	x27,x10,-75	 x10:0x00000664 x27=0xfffffff5
       25325000	      2531	80006134	03826263	bltu	x4,x24,80006158	  x4:0x00000502 x24:0x00000001
       25335000	      2532	80006138	05454463	blt	x10,x20,80006180	 x10:0x00000664 x20:0x00000419
       25345000	      2533	8000613c	03771663	bne	x14,x23,80006168	 x14:0xb70001f3 x23:0x7fff67a8
       25355000	      2534	00000000	00000013	addi	x0,x0,0	  x0:0x00000000
       25365000	      2535	80006164	00000013	addi	x0,x0,0	  x0:0x00000000
       25375000	      2536	80006168	b9b13b93	sltiu	x23,x2,-1125	  x2:0x00000000 x23=0x00000001
       25385000	      2537	8000616c	00115013	srli	x0,x2,0x1	  x2:0x00000000
       25395000	      2538	80006170	0136ac33	slt	x24,x13,x19	 x13:0xb7063000 x19:0x00000000 x24=0x00000001
       25405000	      2539	80006174	4006d433	sra	x8,x13,x0	 x13:0xb7063000  x0:0x00000000  x8=0xb7063000
       25415000	      2540	80006178	badfba93	sltiu	x21,x31,-1107	 x31:0x00000001 x21=0x00000001
       25425000	      2541	8000617c	001efb33	and	x22,x29,x1	 x29:0xff104908  x1:0x00000000 x22=0x00000000
       25435000	      2542	80006180	3d078a93	addi	x21,x15,976	 x15:0x00000000 x21=0x000003d0
       25445000	      2543	80006184	00d07c33	and	x24,x0,x13	  x0:0x00000000 x13:0xb7063000 x24=0x00000000
       25455000	      2544	80006188	00000013	addi	x0,x0,0	  x0:0x00000000
       25465000	      2545	8000618c	440d6793	ori	x15,x26,1088	 x26:0x00000000 x15=0x00000440
       25475000	      2546	80006190	41975d33	sra	x26,x14,x25	 x14:0xb70001f3 x25:0x00000001 x26=0xdb8000f9
       25485000	      2547	80006194	3ad7c817	auipc	x16,0x3ad7c	 x16=0xbad82190
       25495000	      2548	80006198	0044f033	and	x0,x9,x4	  x9:0x00000000  x4:0x00000502
       25505000	      2549	8000619c	f59ed197	auipc	x3,0xf59ed	  x3=0x759f3198
       25515000	      2550	800061a0	6aa34a13	xori	x20,x6,1706	  x6:0x9f3b24f5 x20=0x9f3b225f
       25525000	      2551	800061a4	00f40263	beq	x8,x15,800061a8	  x8:0xb7063000 x15:0x00000440
       25535000	      2552	800061a8	014b9793	slli	x15,x23,0x14	 x23:0x00000001 x15=0x00100000
       25545000	      2553	800061ac	00a73433	sltu	x8,x14,x10	 x14:0xb70001f3 x10:0x00000664  x8=0x00000000
       25555000	      2554	800061b0	01187033	and	x0,x16,x17	 x16:0xbad82190 x17:0x1d4005ba
       25565000	      2555	800061b4	2b3fb493	sltiu	x9,x31,691	 x31:0x00000001  x9=0x00000001
       25575000	      2556	800061b8	56126713	ori	x14,x4,1377	  x4:0x00000502 x14=0x00000563
       25585000	      2557	800061bc	ad7da117	auipc	x2,0xad7da	  x2=0x2d7e01b8
       25595000	      2558	800061c0	016e6663	bltu	x28,x22,800061cc	 x28:0x0000001f x22:0x00000000
       25605000	      2559	800061c4	40cb5e93	srai	x29,x22,0xc	 x22:0x00000000 x29=0x00000000
       25615000	      2560	800061c8	056fec63	bltu	x31,x22,80006220	 x31:0x00000001 x22:0x00000000
       25625000	      2561	800061cc	06a15463	bge	x2,x10,80006234	  x2:0x2d7e01b8 x10:0x00000664
       25635000	      2562	00000000	00000013	addi	x0,x0,0	  x0:0x00000000
       25645000	      2563	80006230	00000013	addi	x0,x0,0	  x0:0x00000000
       25655000	      2564	80006234	01869d93	slli	x27,x13,0x18	 x13:0xb7063000 x27=0x00000000
       25665000	      2565	80006238	01fe3433	sltu	x8,x28,x31	 x28:0x0000001f x31:0x00000001  x8=0x00000000
       25675000	      2566	8000623c	05de9663	bne	x29,x29,80006288	 x29:0x00000000 x29:0x00000000
       25685000	      2567	80006240	00000013	addi	x0,x0,0	  x0:0x00000000
       25695000	      2568	80006244	010c9db3	sll	x27,x25,x16	 x25:0x00000001 x16:0xbad82190 x27=0x00010000
       25705000	      2569	80006248	92276813	ori	x16,x14,-1758	 x14:0x00000563 x16=0xfffffd63
       25715000	      2570	8000624c	bfb74817	auipc	x16,0xbfb74	 x16=0x3fb7a248
       25725000	      2571	80006250	5e7ca693	slti	x13,x25,1511	 x25:0x00000001 x13=0x00000001
       25735000	      2572	80006254	00e84263	blt	x16,x14,80006258	 x16:0x3fb7a248 x14:0x00000563
       25745000	      2573	80006258	01c65e33	srl	x28,x12,x28	 x12:0x00000001 x28:0x0000001f x28=0x00000000
       25755000	      2574	8000625c	5a9cf913	andi	x18,x25,1449	 x25:0x00000001 x18=0x00000001
       25765000	      2575	80006260	00000013	addi	x0,x0,0	  x0:0x00000000
       25775000	      2576	80006264	00d202b3	add	x5,x4,x13	  x4:0x00000502 x13:0x00000001  x5=0x00000503
       25785000	      2577	80006268	0164da13	srli	x20,x9,0x16	  x9:0x00000001 x20=0x00000000
       25795000	      2578	8000626c	41a18733	sub	x14,x3,x26	  x3:0x759f3198 x26:0xdb8000f9 x14=0x9a1f309f
       25805000	      2579	80006270	01c6ec63	bltu	x13,x28,80006288	 x13:0x00000001 x28:0x00000000
       25815000	      2580	80006274	56637913	andi	x18,x6,1382	  x6:0x9f3b24f5 x18=0x00000464
       25825000	      2581	80006278	183da293	slti	x5,x27,387	 x27:0x00010000  x5=0x00000000
       25835000	      2582	8000627c	0076d113	srli	x2,x13,0x7	 x13:0x00000001  x2=0x00000000
       25845000	      2583	80006280	000f6e63	bltu	x30,x0,8000629c	 x30:0x80009f64  x0:0x00000000
       25855000	      2584	80006284	000ac2b3	xor	x5,x21,x0	 x21:0x000003d0  x0:0x00000000  x5=0x000003d0
       25865000	      2585	80006288	00000013	addi	x0,x0,0	  x0:0x00000000
       25875000	      2586	8000628c	05e0f263	bgeu	x1,x30,800062d0	  x1:0x00000000 x30:0x80009f64
       25885000	      2587	80006290	034aea63	bltu	x21,x20,800062c4	 x21:0x000003d0 x20:0x00000000
       25895000	      2588	80006294	28044513	xori	x10,x8,640	  x8:0x00000000 x10=0x00000280
       25905000	      2589	80006298	52bc8413	addi	x8,x25,1323	 x25:0x00000001  x8=0x0000052c
       25915000	      2590	8000629c	00075c63	bge	x14,x0,800062b4	 x14:0x9a1f309f  x0:0x00000000
       25925000	      2591	800062a0	00d90e63	beq	x18,x13,800062bc	 x18:0x00000464 x13:0x00000001
       25935000	      2592	800062a4	02bb9e63	bne	x23,x11,800062e0	 x23:0x00000001 x11:0x80009fc4
       25945000	      2593	00000000	00000013	addi	x0,x0,0	  x0:0x00000000
       25955000	      2594	800062dc	00000013	addi	x0,x0,0	  x0:0x00000000
       25965000	      2595	800062e0	0027d863	bge	x15,x2,800062f0	 x15:0x00100000  x2:0x00000000
       25975000	      2596	00000000	00000013	addi	x0,x0,0	  x0:0x00000000
       25985000	      2597	800062ec	00000013	addi	x0,x0,0	  x0:0x00000000
       25995000	      2598	800062f0	003b5c13	srli	x24,x22,0x3	 x22:0x00000000 x24=0x00000000
       26005000	      2599	800062f4	6c197b93	andi	x23,x18,1729	 x18:0x00000464 x23=0x00000440
       26015000	      2600	800062f8	9f5e6093	ori	x1,x28,-1547	 x28:0x00000000  x1=0xfffff9f5
       26025000	      2601	800062fc	28ca7813	andi	x16,x20,652	 x20:0x00000000 x16=0x00000000
       26035000	      2602	80006300	2cf84d93	xori	x27,x16,719	 x16:0x00000000 x27=0x000002cf
       26045000	      2603	80006304	02c4d063	bge	x9,x12,80006324	  x9:0x00000001 x12:0x00000001
       26055000	      2604	00000000	00000013	addi	x0,x0,0	  x0:0x00000000
       26065000	      2605	80006320	00000013	addi	x0,x0,0	  x0:0x00000000
       26075000	      2606	80006324	406fd293	srai	x5,x31,0x6	 x31:0x00000001  x5=0x00000000
       26085000	      2607	80006328	003494b3	sll	x9,x9,x3	  x9:0x00000001  x3:0x759f3198  x9=0x01000000
       26095000	      2608	8000632c	b6e0f613	andi	x12,x1,-1170	  x1:0xfffff9f5 x12=0xfffff964
       26105000	      2609	80006330	00dcda33	srl	x20,x25,x13	 x25:0x00000001 x13:0x00000001 x20=0x00000000
       26115000	      2610	80006334	541e4313	xori	x6,x28,1345	 x28:0x00000000  x6=0x00000541
       26125000	      2611	80006338	00558b33	add	x22,x11,x5	 x11:0x80009fc4  x5:0x00000000 x22=0x80009fc4
       26135000	      2612	8000633c	00089613	slli	x12,x17,0x0	 x17:0x1d4005ba x12=0x1d4005ba
       26145000	      2613	80006340	a7dd7c13	andi	x24,x26,-1411	 x26:0xdb8000f9 x24=0xdb800079
       26155000	      2614	80006344	000c5833	srl	x16,x24,x0	 x24:0xdb800079  x0:0x00000000 x16=0xdb800079
       26165000	      2615	80006348	00c74033	xor	x0,x14,x12	 x14:0x9a1f309f x12:0x1d4005ba
       26175000	      2616	8000634c	01f11993	slli	x19,x2,0x1f	  x2:0x00000000 x19=0x00000000
       26185000	      2617	80006350	01b18463	beq	x3,x27,80006358	  x3:0x759f3198 x27:0x000002cf
       26195000	      2618	80006354	1d992413	slti	x8,x18,473	 x18:0x00000464  x8=0x00000000
       26205000	      2619	80006358	41d95133	sra	x2,x18,x29	 x18:0x00000464 x29:0x00000000  x2=0x00000464
       26215000	      2620	8000635c	01851263	bne	x10,x24,80006360	 x10:0x00000280 x24:0xdb800079
       26225000	      2621	00000000	00000013	addi	x0,x0,0	  x0:0x00000000
       26235000	      2622	8000635c	00000013	addi	x0,x0,0	  x0:0x00000000
       26245000	      2623	80006360	41a00ab3	sub	x21,x0,x26	  x0:0x00000000 x26:0xdb8000f9 x21=0x247fff07
       26255000	      2624	80006364	003cdb13	srli	x22,x25,0x3	 x25:0x00000001 x22=0x00000000
       26265000	      2625	80006368	01ca9d93	slli	x27,x21,0x1c	 x21:0x247fff07 x27=0x70000000
       26275000	      2626	8000636c	79a8cc13	xori	x24,x17,1946	 x17:0x1d4005ba x24=0x1d400220
       26285000	      2627	80006370	00949cb3	sll	x25,x9,x9	  x9:0x01000000  x9:0x01000000 x25=0x01000000
       26295000	      2628	80006374	00bc61b3	or	x3,x24,x11	 x24:0x1d400220 x11:0x80009fc4  x3=0x9d409fe4
       26305000	      2629	80006378	015e8bb3	add	x23,x29,x21	 x29:0x00000000 x21:0x247fff07 x23=0x247fff07
       26315000	      2630	8000637c	01c26833	or	x16,x4,x28	  x4:0x00000502 x28:0x00000000 x16=0x00000502
       26325000	      2631	80006380	d2922e13	slti	x28,x4,-727	  x4:0x00000502 x28=0x00000000
       26335000	      2632	80006384	01621433	sll	x8,x4,x22	  x4:0x00000502 x22:0x00000000  x8=0x00000502
       26345000	      2633	80006388	00e05793	srli	x15,x0,0xe	  x0:0x00000000 x15=0x00000000
       26355000	      2634	8000638c	acd56793	ori	x15,x10,-1331	 x10:0x00000280 x15=0xfffffacd
       26365000	      2635	80006390	a76ebe17	auipc	x28,0xa76eb	 x28=0x276f138c
       26375000	      2636	80006394	41555cb3	sra	x25,x10,x21	 x10:0x00000280 x21:0x247fff07 x25=0x00000005
       26385000	      2637	80006398	5e8d6e13	ori	x28,x26,1512	 x26:0xdb8000f9 x28=0xdb8005f9
       26395000	      2638	8000639c	64d11917	auipc	x18,0x64d11	 x18=0xe4d17398
       26405000	      2639	800063a0	01021863	bne	x4,x16,800063b0	  x4:0x00000502 x16:0x00000502
       26415000	      2640	800063a4	2093a513	slti	x10,x7,521	  x7:0xff104908 x10=0x00000001
       26425000	      2641	800063a8	008b10b3	sll	x1,x22,x8	 x22:0x00000000  x8:0x00000502  x1=0x00000000
       26435000	      2642	800063ac	f1202f93	slti	x31,x0,-238	  x0:0x00000000 x31=0x00000000
       26445000	      2643	800063b0	40ea0233	sub	x4,x20,x14	 x20:0x00000000 x14:0x9a1f309f  x4=0x65e0cf61
       26455000	      2644	800063b4	03e67063	bgeu	x12,x30,800063d4	 x12:0x1d4005ba x30:0x80009f64
       26465000	      2645	800063b8	7ae5c193	xori	x3,x11,1966	 x11:0x80009fc4  x3=0x8000986a
       26475000	      2646	800063bc	0255f463	bgeu	x11,x5,800063e4	 x11:0x80009fc4  x5:0x00000000
       26485000	      2647	00000000	00000013	addi	x0,x0,0	  x0:0x00000000
       26495000	      2648	800063e0	00000013	addi	x0,x0,0	  x0:0x00000000
       26505000	      2649	800063e4	045d5263	bge	x26,x5,80006428	 x26:0xdb8000f9  x5:0x00000000
       26515000	      2650	800063e8	0016cfb3	xor	x31,x13,x1	 x13:0x00000001  x1:0x00000000 x31=0x00000001
       26525000	      2651	800063ec	40f3d713	srai	x14,x7,0xf	  x7:0xff104908 x14=0xfffffe20
       26535000	      2652	800063f0	0120cbb3	xor	x23,x1,x18	  x1:0x00000000 x18:0xe4d17398 x23=0xe4d17398
       26545000	      2653	800063f4	0062a733	slt	x14,x5,x6	  x5:0x00000000  x6:0x00000541 x14=0x00000001
       26555000	      2654	800063f8	03670263	beq	x14,x22,8000641c	 x14:0x00000001 x22:0x00000000
       26565000	      2655	800063fc	ec0df413	andi	x8,x27,-320	 x27:0x70000000  x8=0x70000000
       26575000	      2656	80006400	004c1c63	bne	x24,x4,80006418	 x24:0x1d400220  x4:0x65e0cf61
       26585000	      2657	00000000	00000013	addi	x0,x0,0	  x0:0x00000000
       26595000	      2658	80006414	00000013	addi	x0,x0,0	  x0:0x00000000
       26605000	      2659	80006418	01299913	slli	x18,x19,0x12	 x19:0x00000000 x18=0x00000000
       26615000	      2660	8000641c	a8702117	auipc	x2,0xa8702	  x2=0x28708418
       26625000	      2661	80006420	41b88bb3	sub	x23,x17,x27	 x17:0x1d4005ba x27:0x70000000 x23=0xad4005ba
       26635000	      2662	80006424	75617093	andi	x1,x2,1878	  x2:0x28708418  x1=0x00000410
       26645000	      2663	80006428	f88bb093	sltiu	x1,x23,-120	 x23:0xad4005ba  x1=0x00000001
       26655000	      2664	8000642c	1fa68a93	addi	x21,x13,506	 x13:0x00000001 x21=0x000001fb
       26665000	      2665	80006430	bb64ef93	ori	x31,x9,-1098	  x9:0x01000000 x31=0xfffffbb6
       26675000	      2666	80006434	a97a2d93	slti	x27,x20,-1385	 x20:0x00000000 x27=0x00000000
       26685000	      2667	80006438	03236063	bltu	x6,x18,80006458	  x6:0x00000541 x18:0x00000000
       26695000	      2668	8000643c	010efe63	bgeu	x29,x16,80006458	 x29:0x00000000 x16:0x00000502
       26705000	      2669	80006440	37453793	sltiu	x15,x10,884	 x10:0x00000001 x15=0x00000001
       26715000	      2670	80006444	006a90b3	sll	x1,x21,x6	 x21:0x000001fb  x6:0x00000541  x1=0x000003f6
       26725000	      2671	80006448	00f6dd13	srli	x26,x13,0xf	 x13:0x00000001 x26=0x00000000
       26735000	      2672	8000644c	71972313	slti	x6,x14,1817	 x14:0x00000001  x6=0x00000001
       26745000	      2673	80006450	01e69463	bne	x13,x30,80006458	 x13:0x00000001 x30:0x80009f64
       26755000	      2674	00000000	00000013	addi	x0,x0,0	  x0:0x00000000
       26765000	      2675	80006454	00000013	addi	x0,x0,0	  x0:0x00000000
       26775000	      2676	80006458	008f2133	slt	x2,x30,x8	 x30:0x80009f64  x8:0x70000000  x2=0x00000001
       26785000	      2677	8000645c	93b52693	slti	x13,x10,-1733	 x10:0x00000001 x13=0x00000000
       26795000	      2678	80006460	004f2303	lw	x6,4(x30)	 x30:0x80009f64  x6=0x80000258 PA:0x80009f68
       26805000	      2679	80006464	00d13a33	sltu	x20,x2,x13	  x2:0x00000001 x13:0x00000000 x20=0x00000000
       26815000	      2680	80006468	41955793	srai	x15,x10,0x19	 x10:0x00000001 x15=0x00000000
       26825000	      2681	8000646c	020f0f13	addi	x30,x30,32	 x30:0x80009f64 x30=0x80009f84
       26835000	      2682	80006470	015b5133	srl	x2,x22,x21	 x22:0x00000000 x21:0x000001fb  x2=0x00000000
       26845000	      2683	80006474	5c48ca93	xori	x21,x17,1476	 x17:0x1d4005ba x21=0x1d40007e
       26855000	      2684	80006478	00130713	addi	x14,x6,1	  x6:0x80000258 x14=0x80000259
       26865000	      2685	8000647c	00070767	jalr	x14,x14,0	 x14:0x80000259 x14=0x8000647c
       26875000	      2686	00000000	00000013	addi	x0,x0,0	  x0:0x00000000
       26885000	      2687	80000258	00000013	addi	x0,x0,0	  x0:0x00000000
       26895000	      2688	8000025c	415100b3	sub	x1,x2,x21	  x2:0x00000000 x21:0x1d40007e  x1=0xe2bfff82
       26905000	      2689	80000260	008cb033	sltu	x0,x25,x8	 x25:0x00000005  x8:0x70000000
       26915000	      2690	80000264	2e543b13	sltiu	x22,x8,741	  x8:0x70000000 x22=0x00000000
       26925000	      2691	80000268	00615693	srli	x13,x2,0x6	  x2:0x00000000 x13=0x00000000
       26935000	      2692	8000026c	01714db3	xor	x27,x2,x23	  x2:0x00000000 x23:0xad4005ba x27=0xad4005ba
       26945000	      2693	80000270	0036c733	xor	x14,x13,x3	 x13:0x00000000  x3:0x8000986a x14=0x8000986a
       26955000	      2694	80000274	4023dc93	srai	x25,x7,0x2	  x7:0xff104908 x25=0xffc41242
       26965000	      2695	80000278	77b72313	slti	x6,x14,1915	 x14:0x8000986a  x6=0x00000001
       26975000	      2696	8000027c	a83a4513	xori	x10,x20,-1405	 x20:0x00000000 x10=0xfffffa83
       26985000	      2697	80000280	3179ae93	slti	x29,x19,791	 x19:0x00000000 x29=0x00000001
       26995000	      2698	80000284	009d2bb3	slt	x23,x26,x9	 x26:0x00000000  x9:0x01000000 x23=0x00000001
       27005000	      2699	80000288	0030b7b3	sltu	x15,x1,x3	  x1:0xe2bfff82  x3:0x8000986a x15=0x00000000
       27015000	      2700	8000028c	03497a63	bgeu	x18,x20,800002c0	 x18:0x00000000 x20:0x00000000
       27025000	      2701	00000000	00000013	addi	x0,x0,0	  x0:0x00000000
       27035000	      2702	800002bc	00000013	addi	x0,x0,0	  x0:0x00000000
       27045000	      2703	800002c0	009be533	or	x10,x23,x9	 x23:0x00000001  x9:0x01000000 x10=0x01000001
       27055000	      2704	800002c4	3026a913	slti	x18,x13,770	 x13:0x00000000 x18=0x00000001
       27065000	      2705	800002c8	0400fa93	andi	x21,x1,64	  x1:0xe2bfff82 x21=0x00000000
       27075000	      2706	800002cc	0132d313	srli	x6,x5,0x13	  x5:0x00000000  x6=0x00000000
       27085000	      2707	800002d0	15ff2617	auipc	x12,0x15ff2	 x12=0x95ff22cc
       27095000	      2708	800002d4	008f5463	bge	x30,x8,800002dc	 x30:0x80009f84  x8:0x70000000
       27105000	      2709	800002d8	01017633	and	x12,x2,x16	  x2:0x00000000 x16:0x00000502 x12=0x00000000
       27115000	      2710	800002dc	8cefba13	sltiu	x20,x31,-1842	 x31:0xfffffbb6 x20=0x00000000
       27125000	      2711	800002e0	eab64213	xori	x4,x12,-341	 x12:0x00000000  x4=0xfffffeab
       27135000	      2712	800002e4	008b9a93	slli	x21,x23,0x8	 x23:0x00000001 x21=0x00000100
       27145000	      2713	800002e8	018ed313	srli	x6,x29,0x18	 x29:0x00000001  x6=0x00000000
       27155000	      2714	800002ec	00000397	auipc	x7,0x0	  x7=0x800002e8
       27165000	      2715	800002f0	00c38393	addi	x7,x7,12	  x7:0x800002e8  x7=0x800002f4
       27175000	      2716	800002f4	00038067	jalr	x0,x7,0	  x7:0x800002f4
       27185000	      2717	00000000	00000013	addi	x0,x0,0	  x0:0x00000000
       27195000	      2718	800002f4	00000013	addi	x0,x0,0	  x0:0x00000000
       27205000	      2719	800002f8	00100193	addi	x3,x0,1	  x0:0x00000000  x3=0x00000001
       27215000	      2720	800002fc	00000073	ecall	
       27225000	      2721	80000300	fd0f0f13	addi	x30,x30,-48	 x30:0x80009f84 x30=0x80009f54
