		Time			Cycle	PC		Insn	Decoded instruction	Register and memory contents
          65000	         5	80000004	00000293	addi	x5,x0,0	  x0:0x00000000  x5=0x00000000
          75000	         6	80000008	00000313	addi	x6,x0,0	  x0:0x00000000  x6=0x00000000
          85000	         7	8000000c	00628263	beq	x5,x6,80000010	  x5:0x00000000  x6:0x00000000
          95000	         8	00000000	00000013	addi	x0,x0,0	  x0:0x00000000
         105000	         9	8000000c	00000013	addi	x0,x0,0	  x0:0x00000000
         115000	        10	80000010	00000417	auipc	x8,0x0	  x8=0x8000000c
         125000	        11	80000014	00c40413	addi	x8,x8,12	  x8:0x8000000c  x8=0x80000018
         135000	        12	80000018	00040067	jalr	x0,x8,0	  x8:0x80000018
         145000	        13	00000000	00000013	addi	x0,x0,0	  x0:0x00000000
         155000	        14	80000018	00000013	addi	x0,x0,0	  x0:0x00000000
         165000	        15	8000001c	40000637	lui	x12,0x40000	 x12=0x40000000
         175000	        16	80000020	10060613	addi	x12,x12,256	 x12:0x40000000 x12=0x40000100
         185000	        17	80000024	00000013	addi	x0,x0,0	  x0:0x00000000
         195000	        18	80000028	0000aa17	auipc	x20,0xa	 x20=0x8000a024
         205000	        19	8000002c	fa0a0a13	addi	x20,x20,-96	 x20:0x8000a024 x20=0x80009fc4
         215000	        20	80000030	00007617	auipc	x12,0x7	 x12=0x8000702c
         225000	        21	80000034	bb860613	addi	x12,x12,-1096	 x12:0x8000702c x12=0x80006be4
         235000	        22	80000038	00066613	ori	x12,x12,0	 x12:0x80006be4 x12=0x80006be4
         245000	        23	8000003c	00000013	addi	x0,x0,0	  x0:0x00000000
         255000	        24	80000040	00000617	auipc	x12,0x0	 x12=0x8000003c
         265000	        25	80000044	02060613	addi	x12,x12,32	 x12:0x8000003c x12=0x8000005c
         275000	        26	80000048	00000013	addi	x0,x0,0	  x0:0x00000000
         285000	        27	8000004c	00000013	addi	x0,x0,0	  x0:0x00000000
         295000	        28	80000050	00002637	lui	x12,0x2	 x12=0x00002000
         305000	        29	80000054	80060613	addi	x12,x12,-2048	 x12:0x00002000 x12=0x00001800
         315000	        30	80000058	00000013	addi	x0,x0,0	  x0:0x00000000
         325000	        31	8000005c	00000013	addi	x0,x0,0	  x0:0x00000000
         335000	        32	80000060	00000013	addi	x0,x0,0	  x0:0x00000000
         345000	        33	80000064	800000b7	lui	x1,0x80000	  x1=0x80000000
         355000	        34	80000068	80000137	lui	x2,0x80000	  x2=0x80000000
         365000	        35	8000006c	00000193	addi	x3,x0,0	  x0:0x00000000  x3=0x00000000
         375000	        36	80000070	00e00213	addi	x4,x0,14	  x0:0x00000000  x4=0x0000000e
         385000	        37	80000074	00900293	addi	x5,x0,9	  x0:0x00000000  x5=0x00000009
         395000	        38	80000078	f7418337	lui	x6,0xf7418	  x6=0xf7418000
         405000	        39	8000007c	bfb30313	addi	x6,x6,-1029	  x6:0xf7418000  x6=0xf7417bfb
         415000	        40	80000080	800003b7	lui	x7,0x80000	  x7=0x80000000
         425000	        41	80000084	f7eab437	lui	x8,0xf7eab	  x8=0xf7eab000
         435000	        42	80000088	73540413	addi	x8,x8,1845	  x8:0xf7eab000  x8=0xf7eab735
         445000	        43	8000008c	800004b7	lui	x9,0x80000	  x9=0x80000000
         455000	        44	80000090	00000513	addi	x10,x0,0	  x0:0x00000000 x10=0x00000000
         465000	        45	80000094	00000593	addi	x11,x0,0	  x0:0x00000000 x11=0x00000000
         475000	        46	80000098	00000613	addi	x12,x0,0	  x0:0x00000000 x12=0x00000000
         485000	        47	8000009c	00000693	addi	x13,x0,0	  x0:0x00000000 x13=0x00000000
         495000	        48	800000a0	ff829737	lui	x14,0xff829	 x14=0xff829000
         505000	        49	800000a4	ad470713	addi	x14,x14,-1324	 x14:0xff829000 x14=0xff828ad4
         515000	        50	800000a8	00000793	addi	x15,x0,0	  x0:0x00000000 x15=0x00000000
         525000	        51	800000ac	f5f64837	lui	x16,0xf5f64	 x16=0xf5f64000
         535000	        52	800000b0	7f980813	addi	x16,x16,2041	 x16:0xf5f64000 x16=0xf5f647f9
         545000	        53	800000b4	feb8d8b7	lui	x17,0xfeb8d	 x17=0xfeb8d000
         555000	        54	800000b8	a3988893	addi	x17,x17,-1479	 x17:0xfeb8d000 x17=0xfeb8ca39
         565000	        55	800000bc	e91e69b7	lui	x19,0xe91e6	 x19=0xe91e6000
         575000	        56	800000c0	50498993	addi	x19,x19,1284	 x19:0xe91e6000 x19=0xe91e6504
         585000	        57	800000c4	00400a93	addi	x21,x0,4	  x0:0x00000000 x21=0x00000004
         595000	        58	800000c8	00400b13	addi	x22,x0,4	  x0:0x00000000 x22=0x00000004
         605000	        59	800000cc	f7601bb7	lui	x23,0xf7601	 x23=0xf7601000
         615000	        60	800000d0	b38b8b93	addi	x23,x23,-1224	 x23:0xf7601000 x23=0xf7600b38
         625000	        61	800000d4	00d00c13	addi	x24,x0,13	  x0:0x00000000 x24=0x0000000d
         635000	        62	800000d8	27d7bcb7	lui	x25,0x27d7b	 x25=0x27d7b000
         645000	        63	800000dc	87ac8c93	addi	x25,x25,-1926	 x25:0x27d7b000 x25=0x27d7a87a
         655000	        64	800000e0	00000d13	addi	x26,x0,0	  x0:0x00000000 x26=0x00000000
         665000	        65	800000e4	fb344db7	lui	x27,0xfb344	 x27=0xfb344000
         675000	        66	800000e8	dfcd8d93	addi	x27,x27,-516	 x27:0xfb344000 x27=0xfb343dfc
         685000	        67	800000ec	00700e13	addi	x28,x0,7	  x0:0x00000000 x28=0x00000007
         695000	        68	800000f0	00000e93	addi	x29,x0,0	  x0:0x00000000 x29=0x00000000
         705000	        69	800000f4	00000f13	addi	x30,x0,0	  x0:0x00000000 x30=0x00000000
         715000	        70	800000f8	00400f93	addi	x31,x0,4	  x0:0x00000000 x31=0x00000004
         725000	        71	800000fc	0000a917	auipc	x18,0xa	 x18=0x8000a0f8
         735000	        72	80000100	e8c90913	addi	x18,x18,-372	 x18:0x8000a0f8 x18=0x80009f84
         745000	        73	80000104	00009f17	auipc	x30,0x9	 x30=0x80009100
         755000	        74	80000108	849f0f13	addi	x30,x30,-1975	 x30:0x80009100 x30=0x80008949
         765000	        75	8000010c	018488b3	add	x17,x9,x24	  x9:0x80000000 x24:0x0000000d x17=0x8000000d
         775000	        76	80000110	cb033813	sltiu	x16,x6,-848	  x6:0xf7417bfb x16=0x00000001
         785000	        77	80000114	018f12a3	sh	x24,5(x30)	 x30:0x80008949 x24:0x0000000d PA:0x8000894e
         795000	        78	80000118	feef1fa3	sh	x14,-1(x30)	 x30:0x80008949 x14:0xff828ad4 PA:0x80008948
         805000	        79	8000011c	ffcf0603	lb	x12,-4(x30)	 x30:0x80008949 x12=0x0000002e PA:0x80008945
         815000	        80	80000120	40f1d9b3	sra	x19,x3,x15	  x3:0x00000000 x15:0x00000000 x19=0x00000000
         825000	        81	80000124	8d3c4c13	xori	x24,x24,-1837	 x24:0x0000000d x24=0xfffff8de
         835000	        82	80000128	41a90633	sub	x12,x18,x26	 x18:0x80009f84 x26:0x00000000 x12=0x80009f84
         845000	        83	8000012c	ff4f0703	lb	x14,-12(x30)	 x30:0x80008949 x14=0x00000026 PA:0x8000893d
         855000	        84	80000130	ff4f0303	lb	x6,-12(x30)	 x30:0x80008949  x6=0x00000026 PA:0x8000893d
         865000	        85	80000134	ff1f0f23	sb	x17,-2(x30)	 x30:0x80008949 x17:0x8000000d PA:0x80008947
         875000	        86	80000138	ff6f0703	lb	x14,-10(x30)	 x30:0x80008949 x14=0x00000024 PA:0x8000893f
         885000	        87	8000013c	ff0f4183	lbu	x3,-16(x30)	 x30:0x80008949  x3=0x00000022 PA:0x80008939
         895000	        88	80000140	67a3c193	xori	x3,x7,1658	  x7:0x80000000  x3=0x8000067a
         905000	        89	80000144	ffff0aa3	sb	x31,-11(x30)	 x30:0x80008949 x31:0x00000004 PA:0x8000893e
         915000	        90	80000148	01763e37	lui	x28,0x1763	 x28=0x01763000
         925000	        91	8000014c	01ddd7b3	srl	x15,x27,x29	 x27:0xfb343dfc x29:0x00000000 x15=0xfb343dfc
         935000	        92	80000150	ffdf1183	lh	x3,-3(x30)	 x30:0x80008949  x3=0x00000d2d PA:0x80008946
         945000	        93	80000154	01e3fbb3	and	x23,x7,x30	  x7:0x80000000 x30:0x80008949 x23=0x80000000
         955000	        94	80000158	4004d6b3	sra	x13,x9,x0	  x9:0x80000000  x0:0x00000000 x13=0x80000000
         965000	        95	8000015c	ff4f4583	lbu	x11,-12(x30)	 x30:0x80008949 x11=0x00000026 PA:0x8000893d
         975000	        96	80000160	004f4483	lbu	x9,4(x30)	 x30:0x80008949  x9=0x00000036 PA:0x8000894d
         985000	        97	80000164	fda64813	xori	x16,x12,-38	 x12:0x80009f84 x16=0x7fff605e
         995000	        98	80000168	ff4f4c03	lbu	x24,-12(x30)	 x30:0x80008949 x24=0x00000026 PA:0x8000893d
        1005000	        99	8000016c	010dcdb3	xor	x27,x27,x16	 x27:0xfb343dfc x16:0x7fff605e x27=0x84cb5da2
        1015000	       100	80000170	003ae6b3	or	x13,x21,x3	 x21:0x00000004  x3:0x00000d2d x13=0x00000d2d
        1025000	       101	80000174	017f02a3	sb	x23,5(x30)	 x30:0x80008949 x23:0x80000000 PA:0x8000894e
        1035000	       102	80000178	41f6d793	srai	x15,x13,0x1f	 x13:0x00000d2d x15=0x00000000
        1045000	       103	8000017c	ffef0b23	sb	x30,-10(x30)	 x30:0x80008949 x30:0x80008949 PA:0x8000893f
        1055000	       104	80000180	7d6f43b7	lui	x7,0x7d6f4	  x7=0x7d6f4000
        1065000	       105	80000184	004e8e33	add	x28,x29,x4	 x29:0x00000000  x4:0x0000000e x28=0x0000000e
        1075000	       106	80000188	fe2f08a3	sb	x2,-15(x30)	 x30:0x80008949  x2:0x80000000 PA:0x8000893a
        1085000	       107	8000018c	ffef0483	lb	x9,-2(x30)	 x30:0x80008949  x9=0x0000000d PA:0x80008947
        1095000	       108	80000190	fecf29a3	sw	x12,-13(x30)	 x30:0x80008949 x12:0x80009f84 PA:0x8000893c
        1105000	       109	80000194	0143cc33	xor	x24,x7,x20	  x7:0x7d6f4000 x20:0x80009fc4 x24=0xfd6fdfc4
        1115000	       110	80000198	febf0d23	sb	x11,-6(x30)	 x30:0x80008949 x11:0x00000026 PA:0x80008943
        1125000	       111	8000019c	001f4d03	lbu	x26,1(x30)	 x30:0x80008949 x26=0x00000031 PA:0x8000894a
        1135000	       112	800001a0	fe4f0a23	sb	x4,-12(x30)	 x30:0x80008949  x4:0x0000000e PA:0x8000893d
        1145000	       113	800001a4	005f1d03	lh	x26,5(x30)	 x30:0x80008949 x26=0x00000000 PA:0x8000894e
        1155000	       114	800001a8	6c932fb7	lui	x31,0x6c932	 x31=0x6c932000
        1165000	       115	800001ac	004f4083	lbu	x1,4(x30)	 x30:0x80008949  x1=0x00000036 PA:0x8000894d
        1175000	       116	800001b0	fecf0f23	sb	x12,-2(x30)	 x30:0x80008949 x12:0x80009f84 PA:0x80008947
        1185000	       117	800001b4	ffaf0603	lb	x12,-6(x30)	 x30:0x80008949 x12=0x00000026 PA:0x80008943
        1195000	       118	800001b8	00009c97	auipc	x25,0x9	 x25=0x800091b4
        1205000	       119	800001bc	ca6c8c93	addi	x25,x25,-858	 x25:0x800091b4 x25=0x80008e5a
        1215000	       120	800001c0	0cdb6697	auipc	x13,0xcdb6	 x13=0x8cdb61bc
        1225000	       121	800001c4	f9ac9a83	lh	x21,-102(x25)	 x25:0x80008e5a x21=0xffffdedf PA:0x80008df4
        1235000	       122	800001c8	00039f93	slli	x31,x7,0x0	  x7:0x7d6f4000 x31=0x7d6f4000
        1245000	       123	800001cc	b9532393	slti	x7,x6,-1131	  x6:0x00000026  x7=0x00000000
        1255000	       124	800001d0	413eddb3	sra	x27,x29,x19	 x29:0x00000000 x19:0x00000000 x27=0x00000000
        1265000	       125	800001d4	ff0c8c03	lb	x24,-16(x25)	 x25:0x80008e5a x24=0x00000031 PA:0x80008e4a
        1275000	       126	800001d8	01440d33	add	x26,x8,x20	  x8:0xf7eab735 x20:0x80009fc4 x26=0x77eb56f9
        1285000	       127	800001dc	8e36e493	ori	x9,x13,-1821	 x13:0x8cdb61bc  x9=0xfffff9ff
        1295000	       128	800001e0	f53c8f83	lb	x31,-173(x25)	 x25:0x80008e5a x31=0xffffff96 PA:0x80008dad
        1305000	       129	800001e4	fe8c8b83	lb	x23,-24(x25)	 x25:0x80008e5a x23=0x00000029 PA:0x80008e42
        1315000	       130	800001e8	f44c86a3	sb	x4,-179(x25)	 x25:0x80008e5a  x4:0x0000000e PA:0x80008da7
        1325000	       131	800001ec	0f6ca483	lw	x9,246(x25)	 x25:0x80008e5a  x9=0x38393a3b PA:0x80008f50
        1335000	       132	800001f0	0d3c8a23	sb	x19,212(x25)	 x25:0x80008e5a x19:0x00000000 PA:0x80008f2e
        1345000	       133	800001f4	0067cbb3	xor	x23,x15,x6	 x15:0x00000000  x6:0x00000026 x23=0x00000026
        1355000	       134	800001f8	00000013	addi	x0,x0,0	  x0:0x00000000
        1365000	       135	800001fc	73485a97	auipc	x21,0x73485	 x21=0xf34851f8
        1375000	       136	80000200	fd5cc383	lbu	x7,-43(x25)	 x25:0x80008e5a  x7=0x00000014 PA:0x80008e2f
        1385000	       137	80000204	f70c82a3	sb	x16,-155(x25)	 x25:0x80008e5a x16:0x7fff605e PA:0x80008dbf
        1395000	       138	80000208	01d01113	slli	x2,x0,0x1d	  x0:0x00000000  x2=0x00000000
        1405000	       139	8000020c	40f80b33	sub	x22,x16,x15	 x16:0x7fff605e x15:0x00000000 x22=0x7fff605e
        1415000	       140	80000210	14da8613	addi	x12,x21,333	 x21:0xf34851f8 x12=0xf3485345
        1425000	       141	80000214	00000013	addi	x0,x0,0	  x0:0x00000000
        1435000	       142	80000218	04bc8ea3	sb	x11,93(x25)	 x25:0x80008e5a x11:0x00000026 PA:0x80008eb7
        1445000	       143	8000021c	09bcc583	lbu	x11,155(x25)	 x25:0x80008e5a x11=0x000000de PA:0x80008ef5
        1455000	       144	80000220	fc3c9923	sh	x3,-46(x25)	 x25:0x80008e5a  x3:0x00000d2d PA:0x80008e2c
        1465000	       145	80000224	00c755b3	srl	x11,x14,x12	 x14:0x00000024 x12:0xf3485345 x11=0x00000001
        1475000	       146	80000228	088c8b83	lb	x23,136(x25)	 x25:0x80008e5a x23=0xffffffc9 PA:0x80008ee2
        1485000	       147	8000022c	00c75fb3	srl	x31,x14,x12	 x14:0x00000024 x12:0xf3485345 x31=0x00000001
        1495000	       148	80000230	031cc883	lbu	x17,49(x25)	 x25:0x80008e5a x17=0x00000070 PA:0x80008e8b
        1505000	       149	80000234	404fd093	srai	x1,x31,0x4	 x31:0x00000001  x1=0x00000000
        1515000	       150	80000238	00151193	slli	x3,x10,0x1	 x10:0x00000000  x3=0x00000000
        1525000	       151	8000023c	0b0cde03	lhu	x28,176(x25)	 x25:0x80008e5a x28=0x0000f0f1 PA:0x80008f0a
        1535000	       152	80000240	f3ec8b83	lb	x23,-194(x25)	 x25:0x80008e5a x23=0xffffff83 PA:0x80008d98
        1545000	       153	80000244	019d9833	sll	x16,x27,x25	 x27:0x00000000 x25:0x80008e5a x16=0x00000000
        1555000	       154	80000248	fc6cd483	lhu	x9,-58(x25)	 x25:0x80008e5a  x9=0x00000a0b PA:0x80008e20
        1565000	       155	8000024c	002082b3	add	x5,x1,x2	  x1:0x00000000  x2:0x00000000  x5=0x00000000
        1575000	       156	80000250	051c8183	lb	x3,81(x25)	 x25:0x80008e5a  x3=0xffffff90 PA:0x80008eab
        1585000	       157	80000254	0027e0b3	or	x1,x15,x2	 x15:0x00000000  x2:0x00000000  x1=0x00000000
        1595000	       158	80000258	00e15693	srli	x13,x2,0xe	  x2:0x00000000 x13=0x00000000
        1605000	       159	8000025c	00b4d393	srli	x7,x9,0xb	  x9:0x00000a0b  x7=0x00000001
        1615000	       160	80000260	9bb84813	xori	x16,x16,-1605	 x16:0x00000000 x16=0xfffff9bb
        1625000	       161	80000264	0f9cc483	lbu	x9,249(x25)	 x25:0x80008e5a  x9=0x00000038 PA:0x80008f53
        1635000	       162	80000268	00008117	auipc	x2,0x8	  x2=0x80008264
        1645000	       163	8000026c	54b10113	addi	x2,x2,1355	  x2:0x80008264  x2=0x800087af
        1655000	       164	80000270	c6014003	lbu	x0,-928(x2)	  x2:0x800087af PA:0x8000840f
        1665000	       165	80000274	9a2b0693	addi	x13,x22,-1630	 x22:0x7fff605e x13=0x7fff5a00
        1675000	       166	80000278	e1d10483	lb	x9,-483(x2)	  x2:0x800087af  x9=0xffffff87 PA:0x800085cc
        1685000	       167	8000027c	01e39033	sll	x0,x7,x30	  x7:0x00000001 x30:0x80008949
        1695000	       168	80000280	83af1097	auipc	x1,0x83af1	  x1=0x03af127c
        1705000	       169	80000284	402187b3	sub	x15,x3,x2	  x3:0xffffff90  x2:0x800087af x15=0x7fff77e1
        1715000	       170	80000288	fc010d83	lb	x27,-64(x2)	  x2:0x800087af x27=0x00000024 PA:0x8000876f
        1725000	       171	8000028c	a9610d03	lb	x26,-1386(x2)	  x2:0x800087af x26=0xfffffffe PA:0x80008245
        1735000	       172	80000290	8af11aa3	sh	x15,-1867(x2)	  x2:0x800087af x15:0x7fff77e1 PA:0x80008064
        1745000	       173	80000294	f6ad0093	addi	x1,x26,-150	 x26:0xfffffffe  x1=0xffffff68
        1755000	       174	80000298	0071e7b3	or	x15,x3,x7	  x3:0xffffff90  x7:0x00000001 x15=0xffffff91
        1765000	       175	8000029c	00ba0233	add	x4,x20,x11	 x20:0x80009fc4 x11:0x00000001  x4=0x80009fc5
        1775000	       176	800002a0	01614d03	lbu	x26,22(x2)	  x2:0x800087af x26=0x0000007e PA:0x800087c5
        1785000	       177	800002a4	ce810c03	lb	x24,-792(x2)	  x2:0x800087af x24=0x0000004c PA:0x80008497
        1795000	       178	800002a8	00729813	slli	x16,x5,0x7	  x5:0x00000000 x16=0x00000000
        1805000	       179	800002ac	a0110383	lb	x7,-1535(x2)	  x2:0x800087af  x7=0x0000006b PA:0x800081b0
        1815000	       180	800002b0	418459b3	sra	x19,x8,x24	  x8:0xf7eab735 x24:0x0000004c x19=0xffff7eab
        1825000	       181	800002b4	00678333	add	x6,x15,x6	 x15:0xffffff91  x6:0x00000026  x6=0xffffffb7
        1835000	       182	800002b8	75722813	slti	x16,x4,1879	  x4:0x80009fc5 x16=0x00000001
        1845000	       183	800002bc	00cbedb3	or	x27,x23,x12	 x23:0xffffff83 x12:0xf3485345 x27=0xffffffc7
        1855000	       184	800002c0	011a9cb3	sll	x25,x21,x17	 x21:0xf34851f8 x17:0x00000070 x25=0x51f80000
        1865000	       185	800002c4	2442bd97	auipc	x27,0x2442b	 x27=0xa442b2c0
        1875000	       186	800002c8	41305313	srai	x6,x0,0x13	  x0:0x00000000  x6=0x00000000
        1885000	       187	800002cc	7dc90897	auipc	x17,0x7dc90	 x17=0xfdc902c8
        1895000	       188	800002d0	d2412ea3	sw	x4,-707(x2)	  x2:0x800087af  x4:0x80009fc5 PA:0x800084ec
        1905000	       189	800002d4	b27fc313	xori	x6,x31,-1241	 x31:0x00000001  x6=0xfffffb26
        1915000	       190	800002d8	009d1833	sll	x16,x26,x9	 x26:0x0000007e  x9:0xffffff87 x16=0x00003f00
        1925000	       191	800002dc	c7310c83	lb	x25,-909(x2)	  x2:0x800087af x25=0xffffffd9 PA:0x80008422
        1935000	       192	800002e0	00000013	addi	x0,x0,0	  x0:0x00000000
        1945000	       193	800002e4	402f84b3	sub	x9,x31,x2	 x31:0x00000001  x2:0x800087af  x9=0x7fff7852
        1955000	       194	800002e8	af610923	sb	x22,-1294(x2)	  x2:0x800087af x22:0x7fff605e PA:0x800082a1
        1965000	       195	800002ec	a6e14703	lbu	x14,-1426(x2)	  x2:0x800087af x14=0x000000d6 PA:0x8000821d
        1975000	       196	800002f0	c1f14983	lbu	x19,-993(x2)	  x2:0x800087af x19=0x00000085 PA:0x800083ce
        1985000	       197	800002f4	002087b3	add	x15,x1,x2	  x1:0xffffff68  x2:0x800087af x15=0x80008717
        1995000	       198	800002f8	01db8333	add	x6,x23,x29	 x23:0xffffff83 x29:0x00000000  x6=0xffffff83
        2005000	       199	800002fc	ae514e03	lbu	x28,-1307(x2)	  x2:0x800087af x28=0x0000004f PA:0x80008294
        2015000	       200	80000300	a2311f83	lh	x31,-1501(x2)	  x2:0x800087af x31=0xffff8889 PA:0x800081d2
        2025000	       201	80000304	a3410a83	lb	x21,-1484(x2)	  x2:0x800087af x21=0xffffff98 PA:0x800081e3
        2035000	       202	80000308	00e89193	slli	x3,x17,0xe	 x17:0xfdc902c8  x3=0x40b20000
        2045000	       203	8000030c	0127afb3	slt	x31,x15,x18	 x15:0x80008717 x18:0x80009f84 x31=0x00000001
        2055000	       204	80000310	04715283	lhu	x5,71(x2)	  x2:0x800087af  x5=0x0000acad PA:0x800087f6
        2065000	       205	80000314	01699633	sll	x12,x19,x22	 x19:0x00000085 x22:0x7fff605e x12=0x40000000
        2075000	       206	80000318	e400c093	xori	x1,x1,-448	  x1:0xffffff68  x1=0x00000128
        2085000	       207	8000031c	417ed793	srai	x15,x29,0x17	 x29:0x00000000 x15=0x00000000
        2095000	       208	80000320	bb1ff513	andi	x10,x31,-1103	 x31:0x00000001 x10=0x00000001
        2105000	       209	80000324	9ad14703	lbu	x14,-1619(x2)	  x2:0x800087af x14=0x00000017 PA:0x8000815c
        2115000	       210	80000328	ddc14603	lbu	x12,-548(x2)	  x2:0x800087af x12=0x00000040 PA:0x8000858b
        2125000	       211	8000032c	90512603	lw	x12,-1787(x2)	  x2:0x800087af x12=0x6c6d6e6f PA:0x800080b4
        2135000	       212	80000330	00009817	auipc	x16,0x9	 x16=0x8000932c
        2145000	       213	80000334	ca880813	addi	x16,x16,-856	 x16:0x8000932c x16=0x80008fd4
        2155000	       214	80000338	00485503	lhu	x10,4(x16)	 x16:0x80008fd4 x10=0x0000c2c3 PA:0x80008fd8
        2165000	       215	8000033c	01e704b3	add	x9,x14,x30	 x14:0x00000017 x30:0x80008949  x9=0x80008960
        2175000	       216	80000340	01a99513	slli	x10,x19,0x1a	 x19:0x00000085 x10=0x14000000
        2185000	       217	80000344	00d85593	srli	x11,x16,0xd	 x16:0x80008fd4 x11=0x00040004
        2195000	       218	80000348	fdc85f83	lhu	x31,-36(x16)	 x16:0x80008fd4 x31=0x00009a9b PA:0x80008fb0
        2205000	       219	8000034c	01cce6b3	or	x13,x25,x28	 x25:0xffffffd9 x28:0x0000004f x13=0xffffffdf
        2215000	       220	80000350	ff382423	sw	x19,-24(x16)	 x16:0x80008fd4 x19:0x00000085 PA:0x80008fbc
        2225000	       221	80000354	b1e7b193	sltiu	x3,x15,-1250	 x15:0x00000000  x3=0x00000001
        2235000	       222	80000358	90f8f993	andi	x19,x17,-1777	 x17:0xfdc902c8 x19=0xfdc90008
        2245000	       223	8000035c	00685603	lhu	x12,6(x16)	 x16:0x80008fd4 x12=0x0000c0c1 PA:0x80008fda
        2255000	       224	80000360	fe485c83	lhu	x25,-28(x16)	 x16:0x80008fd4 x25=0x0000a2a3 PA:0x80008fb8
        2265000	       225	80000364	01569693	slli	x13,x13,0x15	 x13:0xffffffdf x13=0xfbe00000
        2275000	       226	80000368	00d84e83	lbu	x29,13(x16)	 x16:0x80008fd4 x29=0x000000ca PA:0x80008fe1
        2285000	       227	8000036c	fdc85b83	lhu	x23,-36(x16)	 x16:0x80008fd4 x23=0x00009a9b PA:0x80008fb0
        2295000	       228	80000370	00a81923	sh	x10,18(x16)	 x16:0x80008fd4 x10:0x14000000 PA:0x80008fe6
        2305000	       229	80000374	412fdcb3	sra	x25,x31,x18	 x31:0x00009a9b x18:0x80009f84 x25=0x000009a9
        2315000	       230	80000378	ffe80b23	sb	x30,-10(x16)	 x16:0x80008fd4 x30:0x80008949 PA:0x80008fca
        2325000	       231	8000037c	fe680ea3	sb	x6,-3(x16)	 x16:0x80008fd4  x6:0xffffff83 PA:0x80008fd1
        2335000	       232	80000380	fe980a83	lb	x21,-23(x16)	 x16:0x80008fd4 x21=0x00000000 PA:0x80008fbd
        2345000	       233	80000384	00a65693	srli	x13,x12,0xa	 x12:0x0000c0c1 x13=0x00000030
        2355000	       234	80000388	41858fb3	sub	x31,x11,x24	 x11:0x00040004 x24:0x0000004c x31=0x0003ffb8
        2365000	       235	8000038c	fc880ba3	sb	x8,-41(x16)	 x16:0x80008fd4  x8:0xf7eab735 PA:0x80008fab
        2375000	       236	80000390	fc8809a3	sb	x8,-45(x16)	 x16:0x80008fd4  x8:0xf7eab735 PA:0x80008fa7
        2385000	       237	80000394	004eddb3	srl	x27,x29,x4	 x29:0x000000ca  x4:0x80009fc5 x27=0x00000006
        2395000	       238	80000398	010a3333	sltu	x6,x20,x16	 x20:0x80009fc4 x16:0x80008fd4  x6=0x00000000
        2405000	       239	8000039c	01ebc733	xor	x14,x23,x30	 x23:0x00009a9b x30:0x80008949 x14=0x800013d2
        2415000	       240	800003a0	e4bbac97	auipc	x25,0xe4bba	 x25=0x64bba39c
        2425000	       241	800003a4	ff885f03	lhu	x30,-8(x16)	 x16:0x80008fd4 x30=0x0000b6b7 PA:0x80008fcc
        2435000	       242	800003a8	412e0c33	sub	x24,x28,x18	 x28:0x0000004f x18:0x80009f84 x24=0x7fff60cb
        2445000	       243	800003ac	00e807a3	sb	x14,15(x16)	 x16:0x80008fd4 x14:0x800013d2 PA:0x80008fe3
        2455000	       244	800003b0	41c68033	sub	x0,x13,x28	 x13:0x00000030 x28:0x0000004f
        2465000	       245	800003b4	fe180703	lb	x14,-31(x16)	 x16:0x80008fd4 x14=0xffffff9e PA:0x80008fb5
        2475000	       246	800003b8	01f45233	srl	x4,x8,x31	  x8:0xf7eab735 x31:0x0003ffb8  x4=0x000000f7
        2485000	       247	800003bc	ffa84b03	lbu	x22,-6(x16)	 x16:0x80008fd4 x22=0x000000b5 PA:0x80008fce
        2495000	       248	800003c0	419583b3	sub	x7,x11,x25	 x11:0x00040004 x25:0x64bba39c  x7=0x9b485c68
        2505000	       249	800003c4	ff784d03	lbu	x26,-9(x16)	 x16:0x80008fd4 x26=0x000000b0 PA:0x80008fcb
        2515000	       250	800003c8	ff082883	lw	x17,-16(x16)	 x16:0x80008fd4 x17=0xacadaeaf PA:0x80008fc4
        2525000	       251	800003cc	06b97193	andi	x3,x18,107	 x18:0x80009f84  x3=0x00000000
        2535000	       252	800003d0	01080b03	lb	x22,16(x16)	 x16:0x80008fd4 x22=0xffffffcf PA:0x80008fe4
        2545000	       253	800003d4	0180d093	srli	x1,x1,0x18	  x1:0x00000128  x1=0x00000000
        2555000	       254	800003d8	fcb80283	lb	x5,-53(x16)	 x16:0x80008fd4  x5=0xffffff84 PA:0x80008f9f
        2565000	       255	800003dc	00e395b3	sll	x11,x7,x14	  x7:0x9b485c68 x14:0xffffff9e x11=0x00000000
        2575000	       256	800003e0	fda80fa3	sb	x26,-33(x16)	 x16:0x80008fd4 x26:0x000000b0 PA:0x80008fb3
        2585000	       257	800003e4	40898233	sub	x4,x19,x8	 x19:0xfdc90008  x8:0xf7eab735  x4=0x05de48d3
        2595000	       258	800003e8	fd082e83	lw	x29,-48(x16)	 x16:0x80008fd4 x29=0x358d8e8f PA:0x80008fa4
        2605000	       259	800003ec	4011d4b3	sra	x9,x3,x1	  x3:0x00000000  x1:0x00000000  x9=0x00000000
        2615000	       260	800003f0	9826bf17	auipc	x30,0x9826b	 x30=0x1826b3ec
        2625000	       261	800003f4	fd480ea3	sb	x20,-35(x16)	 x16:0x80008fd4 x20:0x80009fc4 PA:0x80008fb1
        2635000	       262	800003f8	fe980103	lb	x2,-23(x16)	 x16:0x80008fd4  x2=0x00000000 PA:0x80008fbd
        2645000	       263	800003fc	00c801a3	sb	x12,3(x16)	 x16:0x80008fd4 x12:0x0000c0c1 PA:0x80008fd7
        2655000	       264	80000400	3ebd6d37	lui	x26,0x3ebd6	 x26=0x3ebd6000
        2665000	       265	80000404	fc0803a3	sb	x0,-57(x16)	 x16:0x80008fd4  x0:0x00000000 PA:0x80008f9b
        2675000	       266	80000408	c1f63513	sltiu	x10,x12,-993	 x12:0x0000c0c1 x10=0x00000001
        2685000	       267	8000040c	ff584d03	lbu	x26,-11(x16)	 x16:0x80008fd4 x26=0x000000b2 PA:0x80008fc9
        2695000	       268	80000410	f6617613	andi	x12,x2,-154	  x2:0x00000000 x12=0x00000000
        2705000	       269	80000414	fc984c83	lbu	x25,-55(x16)	 x16:0x80008fd4 x25=0x00000086 PA:0x80008f9d
        2715000	       270	80000418	fca808a3	sb	x10,-47(x16)	 x16:0x80008fd4 x10:0x00000001 PA:0x80008fa5
        2725000	       271	8000041c	00009117	auipc	x2,0x9	  x2=0x80009418
        2735000	       272	80000420	86a10113	addi	x2,x2,-1942	  x2:0x80009418  x2=0x80008c82
        2745000	       273	80000424	03114e03	lbu	x28,49(x2)	  x2:0x80008c82 x28=0x00000098 PA:0x80008cb3
        2755000	       274	80000428	d6918eb7	lui	x29,0xd6918	 x29=0xd6918000
        2765000	       275	8000042c	03610683	lb	x13,54(x2)	  x2:0x80008c82 x13=0xffffffa3 PA:0x80008cb8
        2775000	       276	80000430	277ce513	ori	x10,x25,631	 x25:0x00000086 x10=0x000002f7
        2785000	       277	80000434	fca10423	sb	x10,-56(x2)	  x2:0x80008c82 x10:0x000002f7 PA:0x80008c4a
        2795000	       278	80000438	01e92833	slt	x16,x18,x30	 x18:0x80009f84 x30:0x1826b3ec x16=0x00000001
        2805000	       279	8000043c	01bf6633	or	x12,x30,x27	 x30:0x1826b3ec x27:0x00000006 x12=0x1826b3ee
        2815000	       280	80000440	036100a3	sb	x22,33(x2)	  x2:0x80008c82 x22:0xffffffcf PA:0x80008ca3
        2825000	       281	80000444	cdc5a393	slti	x7,x11,-804	 x11:0x00000000  x7=0x00000000
        2835000	       282	80000448	ff411283	lh	x5,-12(x2)	  x2:0x80008c82  x5=0x00005c5d PA:0x80008c76
        2845000	       283	8000044c	377d7b93	andi	x23,x26,887	 x26:0x000000b2 x23=0x00000032
        2855000	       284	80000450	00911723	sh	x9,14(x2)	  x2:0x80008c82  x9:0x00000000 PA:0x80008c90
        2865000	       285	80000454	4125dd13	srai	x26,x11,0x12	 x11:0x00000000 x26=0x00000000
        2875000	       286	80000458	40cf0733	sub	x14,x30,x12	 x30:0x1826b3ec x12:0x1826b3ee x14=0xfffffffe
        2885000	       287	8000045c	00000013	addi	x0,x0,0	  x0:0x00000000
        2895000	       288	80000460	0167d993	srli	x19,x15,0x16	 x15:0x00000000 x19=0x00000000
        2905000	       289	80000464	fe714783	lbu	x15,-25(x2)	  x2:0x80008c82 x15=0x00000052 PA:0x80008c69
        2915000	       290	80000468	ff011783	lh	x15,-16(x2)	  x2:0x80008c82 x15=0x00005859 PA:0x80008c72
        2925000	       291	8000046c	a8a16f13	ori	x30,x2,-1398	  x2:0x80008c82 x30=0xfffffe8a
        2935000	       292	80000470	02114603	lbu	x12,33(x2)	  x2:0x80008c82 x12=0x000000cf PA:0x80008ca3
        2945000	       293	80000474	00310f03	lb	x30,3(x2)	  x2:0x80008c82 x30=0x0000006e PA:0x80008c85
        2955000	       294	80000478	00840eb3	add	x29,x8,x8	  x8:0xf7eab735  x8:0xf7eab735 x29=0xefd56e6a
        2965000	       295	8000047c	00409b13	slli	x22,x1,0x4	  x1:0x00000000 x22=0x00000000
        2975000	       296	80000480	019e0d33	add	x26,x28,x25	 x28:0x00000098 x25:0x00000086 x26=0x0000011e
        2985000	       297	80000484	fcc101a3	sb	x12,-61(x2)	  x2:0x80008c82 x12:0x000000cf PA:0x80008c45
        2995000	       298	80000488	05810023	sb	x24,64(x2)	  x2:0x80008c82 x24:0x7fff60cb PA:0x80008cc2
        3005000	       299	8000048c	009208b3	add	x17,x4,x9	  x4:0x05de48d3  x9:0x00000000 x17=0x05de48d3
        3015000	       300	80000490	01d8a7b3	slt	x15,x17,x29	 x17:0x05de48d3 x29:0xefd56e6a x15=0x00000000
        3025000	       301	80000494	403607b3	sub	x15,x12,x3	 x12:0x000000cf  x3:0x00000000 x15=0x000000cf
        3035000	       302	80000498	41898533	sub	x10,x19,x24	 x19:0x00000000 x24:0x7fff60cb x10=0x80009f35
        3045000	       303	8000049c	01249ab3	sll	x21,x9,x18	  x9:0x00000000 x18:0x80009f84 x21=0x00000000
        3055000	       304	800004a0	fda100a3	sb	x26,-63(x2)	  x2:0x80008c82 x26:0x0000011e PA:0x80008c43
        3065000	       305	800004a4	01fd5733	srl	x14,x26,x31	 x26:0x0000011e x31:0x0003ffb8 x14=0x00000000
        3075000	       306	800004a8	e4d52013	slti	x0,x10,-435	 x10:0x80009f35
        3085000	       307	800004ac	01f6d3b3	srl	x7,x13,x31	 x13:0xffffffa3 x31:0x0003ffb8  x7=0x000000ff
        3095000	       308	800004b0	ff111d23	sh	x17,-6(x2)	  x2:0x80008c82 x17:0x05de48d3 PA:0x80008c7c
        3105000	       309	800004b4	00888e33	add	x28,x17,x8	 x17:0x05de48d3  x8:0xf7eab735 x28=0xfdc90008
        3115000	       310	800004b8	fc414d03	lbu	x26,-60(x2)	  x2:0x80008c82 x26=0x0000002d PA:0x80008c46
        3125000	       311	800004bc	02c11683	lh	x13,44(x2)	  x2:0x80008c82 x13=0xffff9495 PA:0x80008cae
        3135000	       312	800004c0	02510a83	lb	x21,37(x2)	  x2:0x80008c82 x21=0xffffff8c PA:0x80008ca7
        3145000	       313	800004c4	01fd74b3	and	x9,x26,x31	 x26:0x0000002d x31:0x0003ffb8  x9=0x00000028
        3155000	       314	800004c8	01e14f83	lbu	x31,30(x2)	  x2:0x80008c82 x31=0x0000008b PA:0x80008ca0
        3165000	       315	800004cc	fc710383	lb	x7,-57(x2)	  x2:0x80008c82  x7=0x00000032 PA:0x80008c49
        3175000	       316	800004d0	0101d493	srli	x9,x3,0x10	  x3:0x00000000  x9=0x00000000
        3185000	       317	800004d4	01f36633	or	x12,x6,x31	  x6:0x00000000 x31:0x0000008b x12=0x0000008b
        3195000	       318	800004d8	40895bb3	sra	x23,x18,x8	 x18:0x80009f84  x8:0xf7eab735 x23=0xfffffc00
        3205000	       319	800004dc	03b10283	lb	x5,59(x2)	  x2:0x80008c82  x5=0xffffffa6 PA:0x80008cbd
        3215000	       320	800004e0	6b734513	xori	x10,x6,1719	  x6:0x00000000 x10=0x000006b7
        3225000	       321	800004e4	fd911123	sh	x25,-62(x2)	  x2:0x80008c82 x25:0x00000086 PA:0x80008c44
        3235000	       322	800004e8	00008c97	auipc	x25,0x8	 x25=0x800084e4
        3245000	       323	800004ec	482c8c93	addi	x25,x25,1154	 x25:0x800084e4 x25=0x80008966
        3255000	       324	800004f0	085c8583	lb	x11,133(x25)	 x25:0x80008966 x11=0xffffffd0 PA:0x800089eb
        3265000	       325	800004f4	cc848db7	lui	x27,0xcc848	 x27=0xcc848000
        3275000	       326	800004f8	f74c9c23	sh	x20,-136(x25)	 x25:0x80008966 x20:0x80009fc4 PA:0x800088de
        3285000	       327	800004fc	01bbdd93	srli	x27,x23,0x1b	 x23:0xfffffc00 x27=0x0000001f
        3295000	       328	80000500	4156d533	sra	x10,x13,x21	 x13:0xffff9495 x21:0xffffff8c x10=0xfffffff9
        3305000	       329	80000504	01ac8883	lb	x17,26(x25)	 x25:0x80008966 x17=0x0000006b PA:0x80008980
        3315000	       330	80000508	016c5d33	srl	x26,x24,x22	 x24:0x7fff60cb x22:0x00000000 x26=0x7fff60cb
        3325000	       331	8000050c	33547c13	andi	x24,x8,821	  x8:0xf7eab735 x24=0x00000335
        3335000	       332	80000510	f59c8703	lb	x14,-167(x25)	 x25:0x80008966 x14=0xffffffa4 PA:0x800088bf
        3345000	       333	80000514	008cd213	srli	x4,x25,0x8	 x25:0x80008966  x4=0x00800089
        3355000	       334	80000518	a92ec393	xori	x7,x29,-1390	 x29:0xefd56e6a  x7=0x102a94f8
        3365000	       335	8000051c	025cc583	lbu	x11,37(x25)	 x25:0x80008966 x11=0x00000070 PA:0x8000898b
        3375000	       336	80000520	026cc203	lbu	x4,38(x25)	 x25:0x80008966  x4=0x00000077 PA:0x8000898c
        3385000	       337	80000524	f6dc8b03	lb	x22,-147(x25)	 x25:0x80008966 x22=0xffffffb8 PA:0x800088d3
        3395000	       338	80000528	034c8ba3	sb	x20,55(x25)	 x25:0x80008966 x20:0x80009fc4 PA:0x8000899d
        3405000	       339	8000052c	013609b3	add	x19,x12,x19	 x12:0x0000008b x19:0x00000000 x19=0x0000008b
        3415000	       340	80000530	01727533	and	x10,x4,x23	  x4:0x00000077 x23:0xfffffc00 x10=0x00000000
        3425000	       341	80000534	01c4c633	xor	x12,x9,x28	  x9:0x00000000 x28:0xfdc90008 x12=0xfdc90008
        3435000	       342	80000538	00000013	addi	x0,x0,0	  x0:0x00000000
        3445000	       343	8000053c	f02cd583	lhu	x11,-254(x25)	 x25:0x80008966 x11=0x00005253 PA:0x80008868
        3455000	       344	00000000	00000013	addi	x0,x0,0	  x0:0x00000000
        3465000	       345	80000540	00b77e33	and	x28,x14,x11	 x14:0xffffffa4 x11:0x00005253 x28=0x00005200
        3475000	       346	80000544	3042a293	slti	x5,x5,772	  x5:0xffffffa6  x5=0x00000001
        3485000	       347	80000548	f9f5af93	slti	x31,x11,-97	 x11:0x00005253 x31=0x00000000
        3495000	       348	8000054c	f52cc983	lbu	x19,-174(x25)	 x25:0x80008966 x19=0x000000a3 PA:0x800088b8
        3505000	       349	80000550	0fac9783	lh	x15,250(x25)	 x25:0x80008966 x15=0x00004a4b PA:0x80008a60
        3515000	       350	80000554	003cc083	lbu	x1,3(x25)	 x25:0x80008966  x1=0x00000052 PA:0x80008969
        3525000	       351	80000558	3cd5c393	xori	x7,x11,973	 x11:0x00005253  x7=0x0000519e
        3535000	       352	8000055c	ffcc8e23	sb	x28,-4(x25)	 x25:0x80008966 x28:0x00005200 PA:0x80008962
        3545000	       353	80000560	fc1ccc03	lbu	x24,-63(x25)	 x25:0x80008966 x24=0x0000000c PA:0x80008927
        3555000	       354	80000564	0e7ccd83	lbu	x27,231(x25)	 x25:0x80008966 x27=0x00000036 PA:0x80008a4d
        3565000	       355	80000568	06dc8003	lb	x0,109(x25)	 x25:0x80008966 PA:0x800089d3
        3575000	       356	8000056c	f3bc9d23	sh	x27,-198(x25)	 x25:0x80008966 x27:0x00000036 PA:0x800088a0
        3585000	       357	80000570	0ad93093	sltiu	x1,x18,173	 x18:0x80009f84  x1=0x00000000
        3595000	       358	80000574	00dc8123	sb	x13,2(x25)	 x25:0x80008966 x13:0xffff9495 PA:0x80008968
        3605000	       359	80000578	01241a93	slli	x21,x8,0x12	  x8:0xf7eab735 x21=0xdcd40000
        3615000	       360	8000057c	013a5833	srl	x16,x20,x19	 x20:0x80009fc4 x19:0x000000a3 x16=0x100013f8
        3625000	       361	80000580	ff9c8603	lb	x12,-7(x25)	 x25:0x80008966 x12=0x00000044 PA:0x8000895f
        3635000	       362	80000584	01979e93	slli	x29,x15,0x19	 x15:0x00004a4b x29=0x96000000
        3645000	       363	80000588	0cdc8103	lb	x2,205(x25)	 x25:0x80008966  x2=0x00000018 PA:0x80008a33
        3655000	       364	8000058c	fa0b0193	addi	x3,x22,-96	 x22:0xffffffb8  x3=0xffffff58
        3665000	       365	80000590	f0ec8aa3	sb	x14,-235(x25)	 x25:0x80008966 x14:0xffffffa4 PA:0x8000887b
        3675000	       366	80000594	ff0c9203	lh	x4,-16(x25)	 x25:0x80008966  x4=0x00003c3d PA:0x80008956
        3685000	       367	80000598	01c36333	or	x6,x6,x28	  x6:0x00000000 x28:0x00005200  x6=0x00005200
        3695000	       368	8000059c	01d08633	add	x12,x1,x29	  x1:0x00000000 x29:0x96000000 x12=0x96000000
        3705000	       369	800005a0	f32c88a3	sb	x18,-207(x25)	 x25:0x80008966 x18:0x80009f84 PA:0x80008897
        3715000	       370	800005a4	f8bc8ea3	sb	x11,-99(x25)	 x25:0x80008966 x11:0x00005253 PA:0x80008903
        3725000	       371	800005a8	0190a133	slt	x2,x1,x25	  x1:0x00000000 x25:0x80008966  x2=0x00000000
        3735000	       372	800005ac	084c8283	lb	x5,132(x25)	 x25:0x80008966  x5=0xffffffd1 PA:0x800089ea
        3745000	       373	800005b0	03acc283	lbu	x5,58(x25)	 x25:0x80008966  x5=0x0000008b PA:0x800089a0
        3755000	       374	00000000	00000013	addi	x0,x0,0	  x0:0x00000000
        3765000	       375	800005b4	fe5c88a3	sb	x5,-15(x25)	 x25:0x80008966  x5:0x0000008b PA:0x80008957
        3775000	       376	800005b8	c1f07013	andi	x0,x0,-993	  x0:0x00000000
        3785000	       377	800005bc	f36cad03	lw	x26,-202(x25)	 x25:0x80008966 x26=0x84858687 PA:0x8000889c
        3795000	       378	800005c0	f58cc583	lbu	x11,-168(x25)	 x25:0x80008966 x11=0x000000a5 PA:0x800088be
        3805000	       379	800005c4	fbfc8e03	lb	x28,-65(x25)	 x25:0x80008966 x28=0x0000000e PA:0x80008925
        3815000	       380	800005c8	00008117	auipc	x2,0x8	  x2=0x800085c4
        3825000	       381	800005cc	2f710113	addi	x2,x2,759	  x2:0x800085c4  x2=0x800088bb
        3835000	       382	800005d0	02314083	lbu	x1,35(x2)	  x2:0x800088bb  x1=0x000000c4 PA:0x800088de
        3845000	       383	800005d4	01714e83	lbu	x29,23(x2)	  x2:0x800088bb x29=0x000000b9 PA:0x800088d2
        3855000	       384	800005d8	70f3e893	ori	x17,x7,1807	  x7:0x0000519e x17=0x0000579f
        3865000	       385	800005dc	00a69a93	slli	x21,x13,0xa	 x13:0xffff9495 x21=0xfe525400
        3875000	       386	800005e0	fed10d23	sb	x13,-6(x2)	  x2:0x800088bb x13:0xffff9495 PA:0x800088b5
        3885000	       387	800005e4	00000013	addi	x0,x0,0	  x0:0x00000000
        3895000	       388	800005e8	01c10383	lb	x7,28(x2)	  x2:0x800088bb  x7=0xffffffbc PA:0x800088d7
        3905000	       389	800005ec	ff014e03	lbu	x28,-16(x2)	  x2:0x800088bb x28=0x00000090 PA:0x800088ab
        3915000	       390	800005f0	01810b83	lb	x23,24(x2)	  x2:0x800088bb x23=0xffffffb8 PA:0x800088d3
        3925000	       391	800005f4	03814983	lbu	x19,56(x2)	  x2:0x800088bb x19=0x000000d8 PA:0x800088f3
        3935000	       392	800005f8	a0b07193	andi	x3,x0,-1525	  x0:0x00000000  x3=0x00000000
        3945000	       393	800005fc	01814383	lbu	x7,24(x2)	  x2:0x800088bb  x7=0x000000b8 PA:0x800088d3
        3955000	       394	80000600	40ff0e33	sub	x28,x30,x15	 x30:0x0000006e x15:0x00004a4b x28=0xffffb623
        3965000	       395	80000604	01010e83	lb	x29,16(x2)	  x2:0x800088bb x29=0xffffffb0 PA:0x800088cb
        3975000	       396	00000000	00000013	addi	x0,x0,0	  x0:0x00000000
        3985000	       397	80000608	01d6c2b3	xor	x5,x13,x29	 x13:0xffff9495 x29:0xffffffb0  x5=0x00006b25
        3995000	       398	8000060c	02f11b03	lh	x22,47(x2)	  x2:0x800088bb x22=0xffffd0d1 PA:0x800088ea
        4005000	       399	80000610	01810803	lb	x16,24(x2)	  x2:0x800088bb x16=0xffffffb8 PA:0x800088d3
        4015000	       400	80000614	ff414783	lbu	x15,-12(x2)	  x2:0x800088bb x15=0x00000094 PA:0x800088af
        4025000	       401	80000618	01ee1093	slli	x1,x28,0x1e	 x28:0xffffb623  x1=0xc0000000
        4035000	       402	8000061c	008107a3	sb	x8,15(x2)	  x2:0x800088bb  x8:0xf7eab735 PA:0x800088ca
        4045000	       403	80000620	018c3793	sltiu	x15,x24,24	 x24:0x0000000c x15=0x00000001
        4055000	       404	80000624	8f348513	addi	x10,x9,-1805	  x9:0x00000000 x10=0xfffff8f3
        4065000	       405	80000628	009896b3	sll	x13,x17,x9	 x17:0x0000579f  x9:0x00000000 x13=0x0000579f
        4075000	       406	8000062c	02315f03	lhu	x30,35(x2)	  x2:0x800088bb x30=0x00009fc4 PA:0x800088de
        4085000	       407	80000630	02115603	lhu	x12,33(x2)	  x2:0x800088bb x12=0x0000c6c7 PA:0x800088dc
        4095000	       408	80000634	fd714703	lbu	x14,-41(x2)	  x2:0x800088bb x14=0x00000079 PA:0x80008892
        4105000	       409	80000638	ffd10623	sb	x29,-20(x2)	  x2:0x800088bb x29:0xffffffb0 PA:0x800088a7
        4115000	       410	8000063c	fdd10b23	sb	x29,-42(x2)	  x2:0x800088bb x29:0xffffffb0 PA:0x80008891
        4125000	       411	80000640	fda14483	lbu	x9,-38(x2)	  x2:0x800088bb  x9=0x0000007e PA:0x80008895
        4135000	       412	80000644	ff310b23	sb	x19,-10(x2)	  x2:0x800088bb x19:0x000000d8 PA:0x800088b1
        4145000	       413	80000648	01849633	sll	x12,x9,x24	  x9:0x0000007e x24:0x0000000c x12=0x0007e000
        4155000	       414	8000064c	01c14983	lbu	x19,28(x2)	  x2:0x800088bb x19=0x000000bc PA:0x800088d7
        4165000	       415	80000650	fde10883	lb	x17,-34(x2)	  x2:0x800088bb x17=0xffffff82 PA:0x80008899
        4175000	       416	80000654	01e10b23	sb	x30,22(x2)	  x2:0x800088bb x30:0x00009fc4 PA:0x800088d1
        4185000	       417	80000658	01850233	add	x4,x10,x24	 x10:0xfffff8f3 x24:0x0000000c  x4=0xfffff8ff
        4195000	       418	8000065c	6326e613	ori	x12,x13,1586	 x13:0x0000579f x12=0x000057bf
        4205000	       419	80000660	01e10283	lb	x5,30(x2)	  x2:0x800088bb  x5=0xffffffc2 PA:0x800088d9
        4215000	       420	80000664	00e8d7b3	srl	x15,x17,x14	 x17:0xffffff82 x14:0x00000079 x15=0x0000007f
        4225000	       421	80000668	60a96e93	ori	x29,x18,1546	 x18:0x80009f84 x29=0x80009f8e
        4235000	       422	8000066c	fdc10b83	lb	x23,-36(x2)	  x2:0x800088bb x23=0xffffff84 PA:0x80008897
        4245000	       423	80000670	00009597	auipc	x11,0x9	 x11=0x8000966c
        4255000	       424	80000674	81e58593	addi	x11,x11,-2018	 x11:0x8000966c x11=0x80008e8a
        4265000	       425	80000678	81033e93	sltiu	x29,x6,-2032	  x6:0x00005200 x29=0x00000001
        4275000	       426	8000067c	0cc58923	sb	x12,210(x11)	 x11:0x80008e8a x12:0x000057bf PA:0x80008f5c
        4285000	       427	80000680	f32580a3	sb	x18,-223(x11)	 x11:0x80008e8a x18:0x80009f84 PA:0x80008dab
        4295000	       428	80000684	01a25eb3	srl	x29,x4,x26	  x4:0xfffff8ff x26:0x84858687 x29=0x01fffff1
        4305000	       429	80000688	fcc58223	sb	x12,-60(x11)	 x11:0x80008e8a x12:0x000057bf PA:0x80008e4e
        4315000	       430	8000068c	41218d33	sub	x26,x3,x18	  x3:0x00000000 x18:0x80009f84 x26=0x7fff607c
        4325000	       431	80000690	fca59103	lh	x2,-54(x11)	 x11:0x80008e8a  x2=0x00003e3f PA:0x80008e54
        4335000	       432	80000694	018509b3	add	x19,x10,x24	 x10:0xfffff8f3 x24:0x0000000c x19=0xfffff8ff
        4345000	       433	80000698	09158a83	lb	x21,145(x11)	 x11:0x80008e8a x21=0x00000000 PA:0x80008f1b
        4355000	       434	8000069c	fbb59023	sh	x27,-96(x11)	 x11:0x80008e8a x27:0x00000036 PA:0x80008e2a
        4365000	       435	800006a0	fd95a123	sw	x25,-62(x11)	 x11:0x80008e8a x25:0x80008966 PA:0x80008e4c
        4375000	       436	800006a4	40e1d893	srai	x17,x3,0xe	  x3:0x00000000 x17=0x00000000
        4385000	       437	800006a8	010ea8b3	slt	x17,x29,x16	 x29:0x01fffff1 x16:0xffffffb8 x17=0x00000000
        4395000	       438	800006ac	82c36f93	ori	x31,x6,-2004	  x6:0x00005200 x31=0xfffffa2c
        4405000	       439	800006b0	90372b13	slti	x22,x14,-1789	 x14:0x00000079 x22=0x00000000
        4415000	       440	800006b4	0765d703	lhu	x14,118(x11)	 x11:0x80008e8a x14=0x0000eaeb PA:0x80008f00
        4425000	       441	800006b8	00d556b3	srl	x13,x10,x13	 x10:0xfffff8f3 x13:0x0000579f x13=0x00000001
        4435000	       442	800006bc	2eb63113	sltiu	x2,x12,747	 x12:0x000057bf  x2=0x00000000
        4445000	       443	800006c0	04b58703	lb	x14,75(x11)	 x11:0x80008e8a x14=0xffffffbe PA:0x80008ed5
        4455000	       444	800006c4	f0253a93	sltiu	x21,x10,-254	 x10:0xfffff8f3 x21=0x00000001
        4465000	       445	800006c8	f1a5c103	lbu	x2,-230(x11)	 x11:0x80008e8a  x2=0x0000008f PA:0x80008da4
        4475000	       446	800006cc	f4158b03	lb	x22,-191(x11)	 x11:0x80008e8a x22=0xffffffb0 PA:0x80008dcb
        4485000	       447	800006d0	f825d603	lhu	x12,-126(x11)	 x11:0x80008e8a x12=0x0000f6f7 PA:0x80008e0c
        4495000	       448	800006d4	fde58123	sb	x30,-62(x11)	 x11:0x80008e8a x30:0x00009fc4 PA:0x80008e4c
        4505000	       449	800006d8	f5b58ba3	sb	x27,-169(x11)	 x11:0x80008e8a x27:0x00000036 PA:0x80008de1
        4515000	       450	800006dc	08c58f03	lb	x30,140(x11)	 x11:0x80008e8a x30=0xfffffffd PA:0x80008f16
        4525000	       451	800006e0	0895cc83	lbu	x25,137(x11)	 x11:0x80008e8a x25=0x000000f8 PA:0x80008f13
        4535000	       452	800006e4	40ec00b3	sub	x1,x24,x14	 x24:0x0000000c x14:0xffffffbe  x1=0x0000004e
        4545000	       453	800006e8	c6683493	sltiu	x9,x16,-922	 x16:0xffffffb8  x9=0x00000000
        4555000	       454	800006ec	cc04c8b7	lui	x17,0xcc04c	 x17=0xcc04c000
        4565000	       455	800006f0	f6d5c183	lbu	x3,-147(x11)	 x11:0x80008e8a  x3=0x000000dc PA:0x80008df7
        4575000	       456	800006f4	d3822c93	slti	x25,x4,-712	  x4:0xfffff8ff x25=0x00000001
        4585000	       457	800006f8	0db58723	sb	x27,206(x11)	 x11:0x80008e8a x27:0x00000036 PA:0x80008f58
        4595000	       458	800006fc	40998733	sub	x14,x19,x9	 x19:0xfffff8ff  x9:0x00000000 x14=0xfffff8ff
        4605000	       459	80000700	f2e5de03	lhu	x28,-210(x11)	 x11:0x80008e8a x28=0x0000a2a3 PA:0x80008db8
        4615000	       460	80000704	ff65db03	lhu	x22,-10(x11)	 x11:0x80008e8a x22=0x00006a6b PA:0x80008e80
        4625000	       461	80000708	00008117	auipc	x2,0x8	  x2=0x80008704
        4635000	       462	8000070c	b9610113	addi	x2,x2,-1130	  x2:0x80008704  x2=0x8000829a
        4645000	       463	80000710	01983cb3	sltu	x25,x16,x25	 x16:0xffffffb8 x25:0x00000001 x25=0x00000000
        4655000	       464	80000714	01ec0533	add	x10,x24,x30	 x24:0x0000000c x30:0xfffffffd x10=0x00000009
        4665000	       465	80000718	40285cb3	sra	x25,x16,x2	 x16:0xffffffb8  x2:0x8000829a x25=0xffffffff
        4675000	       466	8000071c	44215383	lhu	x7,1090(x2)	  x2:0x8000829a  x7=0x00009697 PA:0x800086dc
        4685000	       467	00000000	00000013	addi	x0,x0,0	  x0:0x00000000
        4695000	       468	80000720	01239b33	sll	x22,x7,x18	  x7:0x00009697 x18:0x80009f84 x22=0x00096970
        4705000	       469	80000724	28d10003	lb	x0,653(x2)	  x2:0x8000829a PA:0x80008527
        4715000	       470	80000728	41a85893	srai	x17,x16,0x1a	 x16:0xffffffb8 x17=0xffffffff
        4725000	       471	8000072c	d6cb4d13	xori	x26,x22,-660	 x22:0x00096970 x26=0xfff6941c
        4735000	       472	80000730	ef910a83	lb	x21,-263(x2)	  x2:0x8000829a x21=0x00000048 PA:0x80008193
        4745000	       473	80000734	401004b3	sub	x9,x0,x1	  x0:0x00000000  x1:0x0000004e  x9=0xffffffb2
        4755000	       474	80000738	56010aa3	sb	x0,1397(x2)	  x2:0x8000829a  x0:0x00000000 PA:0x8000880f
        4765000	       475	8000073c	01443f33	sltu	x30,x8,x20	  x8:0xf7eab735 x20:0x80009fc4 x30=0x00000000
        4775000	       476	80000740	01b0b2b3	sltu	x5,x1,x27	  x1:0x0000004e x27:0x00000036  x5=0x00000000
        4785000	       477	80000744	00141b13	slli	x22,x8,0x1	  x8:0xf7eab735 x22=0xefd56e6a
        4795000	       478	80000748	419c55b3	sra	x11,x24,x25	 x24:0x0000000c x25:0xffffffff x11=0x00000000
        4805000	       479	8000074c	0ac108a3	sb	x12,177(x2)	  x2:0x8000829a x12:0x0000f6f7 PA:0x8000834b
        4815000	       480	80000750	00000013	addi	x0,x0,0	  x0:0x00000000
        4825000	       481	80000754	007d43b3	xor	x7,x26,x7	 x26:0xfff6941c  x7:0x00009697  x7=0xfff6028b
        4835000	       482	80000758	13614e03	lbu	x28,310(x2)	  x2:0x8000829a x28=0x0000008b PA:0x800083d0
        4845000	       483	8000075c	40ea5293	srai	x5,x20,0xe	 x20:0x80009fc4  x5=0xfffe0002
        4855000	       484	80000760	ea8101a3	sb	x8,-349(x2)	  x2:0x8000829a  x8:0xf7eab735 PA:0x8000813d
        4865000	       485	80000764	00111233	sll	x4,x2,x1	  x2:0x8000829a  x1:0x0000004e  x4=0x20a68000
        4875000	       486	80000768	48011283	lh	x5,1152(x2)	  x2:0x8000829a  x5=0xffffd0d1 PA:0x8000871a
        4885000	       487	8000076c	407e06b3	sub	x13,x28,x7	 x28:0x0000008b  x7:0xfff6028b x13=0x0009fe00
        4895000	       488	80000770	1878fb13	andi	x22,x17,391	 x17:0xffffffff x22=0x00000187
        4905000	       489	80000774	017892b3	sll	x5,x17,x23	 x17:0xffffffff x23:0xffffff84  x5=0xfffffff0
        4915000	       490	80000778	b6cb9e97	auipc	x29,0xb6cb9	 x29=0x36cb9774
        4925000	       491	8000077c	38584513	xori	x10,x16,901	 x16:0xffffffb8 x10=0xfffffc3d
        4935000	       492	80000780	41df8ab3	sub	x21,x31,x29	 x31:0xfffffa2c x29:0x36cb9774 x21=0xc93462b8
        4945000	       493	80000784	20b2e297	auipc	x5,0x20b2e	  x5=0xa0b2e780
        4955000	       494	80000788	1b7107a3	sb	x23,431(x2)	  x2:0x8000829a x23:0xffffff84 PA:0x80008449
        4965000	       495	8000078c	0180cb33	xor	x22,x1,x24	  x1:0x0000004e x24:0x0000000c x22=0x00000042
        4975000	       496	80000790	4c815d83	lhu	x27,1224(x2)	  x2:0x8000829a x27=0x00001819 PA:0x80008762
        4985000	       497	80000794	00008497	auipc	x9,0x8	  x9=0x80008790
        4995000	       498	80000798	49448493	addi	x9,x9,1172	  x9:0x80008790  x9=0x80008c24
        5005000	       499	8000079c	01948123	sb	x25,2(x9)	  x9:0x80008c24 x25:0xffffffff PA:0x80008c26
        5015000	       500	800007a0	00eeae33	slt	x28,x29,x14	 x29:0x36cb9774 x14:0xfffff8ff x28=0x00000000
        5025000	       501	800007a4	ff6488a3	sb	x22,-15(x9)	  x9:0x80008c24 x22:0x00000042 PA:0x80008c15
        5035000	       502	800007a8	015f81b3	add	x3,x31,x21	 x31:0xfffffa2c x21:0xc93462b8  x3=0xc9345ce4
        5045000	       503	800007ac	6f6a8c93	addi	x25,x21,1782	 x21:0xc93462b8 x25=0xc93469ae
        5055000	       504	800007b0	41a85a93	srai	x21,x16,0x1a	 x16:0xffffffb8 x21=0xffffffff
        5065000	       505	800007b4	41458f33	sub	x30,x11,x20	 x11:0x00000000 x20:0x80009fc4 x30=0x7fff603c
        5075000	       506	800007b8	3a92ac13	slti	x24,x5,937	  x5:0xa0b2e780 x24=0x00000001
        5085000	       507	800007bc	ffe48983	lb	x19,-2(x9)	  x9:0x80008c24 x19=0x00000009 PA:0x80008c22
        5095000	       508	800007c0	a9e3e713	ori	x14,x7,-1378	  x7:0xfff6028b x14=0xfffffa9f
        5105000	       509	800007c4	00e69b13	slli	x22,x13,0xe	 x13:0x0009fe00 x22=0x7f800000
        5115000	       510	800007c8	80a82093	slti	x1,x16,-2038	 x16:0xffffffb8  x1=0x00000000
        5125000	       511	800007cc	01a8ae33	slt	x28,x17,x26	 x17:0xffffffff x26:0xfff6941c x28=0x00000000
        5135000	       512	800007d0	fe848823	sb	x8,-16(x9)	  x9:0x80008c24  x8:0xf7eab735 PA:0x80008c14
        5145000	       513	800007d4	ff948283	lb	x5,-7(x9)	  x9:0x80008c24  x5=0x00000006 PA:0x80008c1d
        5155000	       514	800007d8	00ac95b3	sll	x11,x25,x10	 x25:0xc93469ae x10:0xfffffc3d x11=0xc0000000
        5165000	       515	800007dc	00d48803	lb	x16,13(x9)	  x9:0x80008c24 x16=0x0000001a PA:0x80008c31
        5175000	       516	800007e0	00148503	lb	x10,1(x9)	  x9:0x80008c24 x10=0x0000000e PA:0x80008c25
        5185000	       517	800007e4	01072fb3	slt	x31,x14,x16	 x14:0xfffffa9f x16:0x0000001a x31=0x00000001
        5195000	       518	800007e8	00000013	addi	x0,x0,0	  x0:0x00000000
        5205000	       519	800007ec	0028eeb3	or	x29,x17,x2	 x17:0xffffffff  x2:0x8000829a x29=0xffffffff
        5215000	       520	800007f0	ff148503	lb	x10,-15(x9)	  x9:0x80008c24 x10=0x00000042 PA:0x80008c15
        5225000	       521	800007f4	ff849183	lh	x3,-8(x9)	  x9:0x80008c24  x3=0x00000607 PA:0x80008c1c
        5235000	       522	800007f8	00a4d283	lhu	x5,10(x9)	  x9:0x80008c24  x5=0x00001415 PA:0x80008c2e
        5245000	       523	800007fc	017486a3	sb	x23,13(x9)	  x9:0x80008c24 x23:0xffffff84 PA:0x80008c31
        5255000	       524	80000800	011247b3	xor	x15,x4,x17	  x4:0x20a68000 x17:0xffffffff x15=0xdf597fff
        5265000	       525	80000804	ff54c983	lbu	x19,-11(x9)	  x9:0x80008c24 x19=0x00000002 PA:0x80008c19
        5275000	       526	80000808	ad118293	addi	x5,x3,-1327	  x3:0x00000607  x5=0x000000d8
        5285000	       527	8000080c	ffd48503	lb	x10,-3(x9)	  x9:0x80008c24 x10=0x0000000a PA:0x80008c21
        5295000	       528	80000810	7670c613	xori	x12,x1,1895	  x1:0x00000000 x12=0x00000767
        5305000	       529	80000814	41f9d213	srai	x4,x19,0x1f	 x19:0x00000002  x4=0x00000000
        5315000	       530	80000818	00d4c183	lbu	x3,13(x9)	  x9:0x80008c24  x3=0x00000084 PA:0x80008c31
        5325000	       531	8000081c	41e98293	addi	x5,x19,1054	 x19:0x00000002  x5=0x00000420
        5335000	       532	80000820	e7f4a993	slti	x19,x9,-385	  x9:0x80008c24 x19=0x00000001
        5345000	       533	80000824	ff64d183	lhu	x3,-10(x9)	  x9:0x80008c24  x3=0x00000001 PA:0x80008c1a
        5355000	       534	80000828	00148d83	lb	x27,1(x9)	  x9:0x80008c24 x27=0x0000000e PA:0x80008c25
        5365000	       535	00000000	00000013	addi	x0,x0,0	  x0:0x00000000
        5375000	       536	8000082c	fcedbb93	sltiu	x23,x27,-50	 x27:0x0000000e x23=0x00000001
        5385000	       537	80000830	007b0733	add	x14,x22,x7	 x22:0x7f800000  x7:0xfff6028b x14=0x7f76028b
        5395000	       538	80000834	006678b3	and	x17,x12,x6	 x12:0x00000767  x6:0x00005200 x17=0x00000200
        5405000	       539	80000838	ff948aa3	sb	x25,-11(x9)	  x9:0x80008c24 x25:0xc93469ae PA:0x80008c19
        5415000	       540	8000083c	01f2a233	slt	x4,x5,x31	  x5:0x00000420 x31:0x00000001  x4=0x00000000
        5425000	       541	80000840	fe8489a3	sb	x8,-13(x9)	  x9:0x80008c24  x8:0xf7eab735 PA:0x80008c17
        5435000	       542	80000844	40455013	srai	x0,x10,0x4	 x10:0x0000000a
        5445000	       543	80000848	008e7263	bgeu	x28,x8,8000084c	 x28:0x00000000  x8:0xf7eab735
        5455000	       544	8000084c	00885d33	srl	x26,x16,x8	 x16:0x0000001a  x8:0xf7eab735 x26=0x00000000
        5465000	       545	80000850	0035f9b3	and	x19,x11,x3	 x11:0xc0000000  x3:0x00000001 x19=0x00000000
        5475000	       546	80000854	005f9eb3	sll	x29,x31,x5	 x31:0x00000001  x5:0x00000420 x29=0x00000001
        5485000	       547	80000858	ee904d13	xori	x26,x0,-279	  x0:0x00000000 x26=0xfffffee9
        5495000	       548	8000085c	01115533	srl	x10,x2,x17	  x2:0x8000829a x17:0x00000200 x10=0x8000829a
        5505000	       549	80000860	4146d233	sra	x4,x13,x20	 x13:0x0009fe00 x20:0x80009fc4  x4=0x00009fe0
        5515000	       550	80000864	007dd033	srl	x0,x27,x7	 x27:0x0000000e  x7:0xfff6028b
        5525000	       551	80000868	0510fe13	andi	x28,x1,81	  x1:0x00000000 x28=0x00000000
        5535000	       552	8000086c	005427b3	slt	x15,x8,x5	  x8:0xf7eab735  x5:0x00000420 x15=0x00000001
        5545000	       553	80000870	008903b3	add	x7,x18,x8	 x18:0x80009f84  x8:0xf7eab735  x7=0x77eb56b9
        5555000	       554	80000874	010f1213	slli	x4,x30,0x10	 x30:0x7fff603c  x4=0x603c0000
        5565000	       555	80000878	014c2633	slt	x12,x24,x20	 x24:0x00000001 x20:0x80009fc4 x12=0x00000000
        5575000	       556	8000087c	915a7c93	andi	x25,x20,-1771	 x20:0x80009fc4 x25=0x80009904
        5585000	       557	80000880	0206ca63	blt	x13,x0,800008b4	 x13:0x0009fe00  x0:0x00000000
        5595000	       558	80000884	03904e63	blt	x0,x25,800008c0	  x0:0x00000000 x25:0x80009904
        5605000	       559	80000888	00000013	addi	x0,x0,0	  x0:0x00000000
        5615000	       560	8000088c	3b24be93	sltiu	x29,x9,946	  x9:0x80008c24 x29=0x00000000
        5625000	       561	80000890	40a35b13	srai	x22,x6,0xa	  x6:0x00005200 x22=0x00000014
        5635000	       562	80000894	86bd4493	xori	x9,x26,-1941	 x26:0xfffffee9  x9=0x00000682
        5645000	       563	80000898	019f62b3	or	x5,x30,x25	 x30:0x7fff603c x25:0x80009904  x5=0xfffff93c
        5655000	       564	8000089c	01501313	slli	x6,x0,0x15	  x0:0x00000000  x6=0x00000000
        5665000	       565	800008a0	408e5493	srai	x9,x28,0x8	 x28:0x00000000  x9=0x00000000
        5675000	       566	800008a4	0076cfb3	xor	x31,x13,x7	 x13:0x0009fe00  x7:0x77eb56b9 x31=0x77e2a8b9
        5685000	       567	800008a8	0adcfa93	andi	x21,x25,173	 x25:0x80009904 x21=0x00000004
        5695000	       568	800008ac	03270863	beq	x14,x18,800008dc	 x14:0x7f76028b x18:0x80009f84
        5705000	       569	800008b0	7004fa97	auipc	x21,0x7004f	 x21=0xf004f8ac
        5715000	       570	800008b4	01b6fab3	and	x21,x13,x27	 x13:0x0009fe00 x27:0x0000000e x21=0x00000000
        5725000	       571	800008b8	014c3833	sltu	x16,x24,x20	 x24:0x00000001 x20:0x80009fc4 x16=0x00000001
        5735000	       572	800008bc	40c70233	sub	x4,x14,x12	 x14:0x7f76028b x12:0x00000000  x4=0x7f76028b
        5745000	       573	800008c0	6a6c7f13	andi	x30,x24,1702	 x24:0x00000001 x30=0x00000000
        5755000	       574	800008c4	02825663	bge	x4,x8,800008f0	  x4:0x7f76028b  x8:0xf7eab735
        5765000	       575	00000000	00000013	addi	x0,x0,0	  x0:0x00000000
        5775000	       576	800008ec	00000013	addi	x0,x0,0	  x0:0x00000000
        5785000	       577	800008f0	0008e463	bltu	x17,x0,800008f8	 x17:0x00000200  x0:0x00000000
        5795000	       578	800008f4	40ff5e33	sra	x28,x30,x15	 x30:0x00000000 x15:0x00000001 x28=0x00000000
        5805000	       579	800008f8	21bd3e17	auipc	x28,0x21bd3	 x28=0xa1bd38f4
        5815000	       580	800008fc	4106d793	srai	x15,x13,0x10	 x13:0x0009fe00 x15=0x00000009
        5825000	       581	80000900	402909b3	sub	x19,x18,x2	 x18:0x80009f84  x2:0x8000829a x19=0x00001cea
        5835000	       582	80000904	015c1613	slli	x12,x24,0x15	 x24:0x00000001 x12=0x00200000
        5845000	       583	80000908	055de863	bltu	x27,x21,80000958	 x27:0x0000000e x21:0x00000000
        5855000	       584	8000090c	2657ef93	ori	x31,x15,613	 x15:0x00000009 x31=0x0000026d
        5865000	       585	80000910	00000013	addi	x0,x0,0	  x0:0x00000000
        5875000	       586	80000914	419b5e33	sra	x28,x22,x25	 x22:0x00000014 x25:0x80009904 x28=0x00000001
        5885000	       587	80000918	0048dfb3	srl	x31,x17,x4	 x17:0x00000200  x4:0x7f76028b x31=0x00000000
        5895000	       588	8000091c	00dc4e63	blt	x24,x13,80000938	 x24:0x00000001 x13:0x0009fe00
        5905000	       589	00000000	00000013	addi	x0,x0,0	  x0:0x00000000
        5915000	       590	80000934	00000013	addi	x0,x0,0	  x0:0x00000000
        5925000	       591	80000938	00000013	addi	x0,x0,0	  x0:0x00000000
        5935000	       592	8000093c	0c5f9537	lui	x10,0xc5f9	 x10=0x0c5f9000
        5945000	       593	80000940	03554663	blt	x10,x21,8000096c	 x10:0x0c5f9000 x21:0x00000000
        5955000	       594	80000944	00000013	addi	x0,x0,0	  x0:0x00000000
        5965000	       595	80000948	4182df13	srai	x30,x5,0x18	  x5:0xfffff93c x30=0xffffffff
        5975000	       596	8000094c	4094de93	srai	x29,x9,0x9	  x9:0x00000000 x29=0x00000000
        5985000	       597	80000950	40eed013	srai	x0,x29,0xe	 x29:0x00000000
        5995000	       598	80000954	49094e37	lui	x28,0x49094	 x28=0x49094000
        6005000	       599	80000958	40078533	sub	x10,x15,x0	 x15:0x00000009  x0:0x00000000 x10=0x00000009
        6015000	       600	8000095c	e9df4993	xori	x19,x30,-355	 x30:0xffffffff x19=0x00000162
        6025000	       601	80000960	010d5233	srl	x4,x26,x16	 x26:0xfffffee9 x16:0x00000001  x4=0x7fffff74
        6035000	       602	80000964	40130c33	sub	x24,x6,x1	  x6:0x00000000  x1:0x00000000 x24=0x00000000
        6045000	       603	80000968	bb8b89b7	lui	x19,0xbb8b8	 x19=0xbb8b8000
        6055000	       604	8000096c	00654c33	xor	x24,x10,x6	 x10:0x00000009  x6:0x00000000 x24=0x00000009
        6065000	       605	80000970	0556c663	blt	x13,x21,800009bc	 x13:0x0009fe00 x21:0x00000000
        6075000	       606	80000974	66e4b293	sltiu	x5,x9,1646	  x9:0x00000000  x5=0x00000001
        6085000	       607	80000978	b5a67e93	andi	x29,x12,-1190	 x12:0x00200000 x29=0x00200000
        6095000	       608	8000097c	00000013	addi	x0,x0,0	  x0:0x00000000
        6105000	       609	80000980	843afb93	andi	x23,x21,-1981	 x21:0x00000000 x23=0x00000000
        6115000	       610	80000984	411d5c93	srai	x25,x26,0x11	 x26:0xfffffee9 x25=0xffffffff
        6125000	       611	80000988	05637663	bgeu	x6,x22,800009d4	  x6:0x00000000 x22:0x00000014
        6135000	       612	8000098c	40c95f93	srai	x31,x18,0xc	 x18:0x80009f84 x31=0xfff80009
        6145000	       613	80000990	0357da63	bge	x15,x21,800009c4	 x15:0x00000009 x21:0x00000000
        6155000	       614	00000000	00000013	addi	x0,x0,0	  x0:0x00000000
        6165000	       615	800009c0	00000013	addi	x0,x0,0	  x0:0x00000000
        6175000	       616	800009c4	00019333	sll	x6,x3,x0	  x3:0x00000001  x0:0x00000000  x6=0x00000001
        6185000	       617	800009c8	96006a93	ori	x21,x0,-1696	  x0:0x00000000 x21=0xfffff960
        6195000	       618	800009cc	95d83c13	sltiu	x24,x16,-1699	 x16:0x00000001 x24=0x00000001
        6205000	       619	800009d0	01415513	srli	x10,x2,0x14	  x2:0x8000829a x10=0x00000800
        6215000	       620	800009d4	019714b3	sll	x9,x14,x25	 x14:0x7f76028b x25:0xffffffff  x9=0x80000000
        6225000	       621	800009d8	f3252ab7	lui	x21,0xf3252	 x21=0xf3252000
        6235000	       622	800009dc	002bd693	srli	x13,x23,0x2	 x23:0x00000000 x13=0x00000000
        6245000	       623	800009e0	44058d93	addi	x27,x11,1088	 x11:0xc0000000 x27=0xc0000440
        6255000	       624	800009e4	1f0bf613	andi	x12,x23,496	 x23:0x00000000 x12=0x00000000
        6265000	       625	800009e8	01700b33	add	x22,x0,x23	  x0:0x00000000 x23:0x00000000 x22=0x00000000
        6275000	       626	800009ec	019b15b3	sll	x11,x22,x25	 x22:0x00000000 x25:0xffffffff x11=0x00000000
        6285000	       627	800009f0	2ca82893	slti	x17,x16,714	 x16:0x00000001 x17=0x00000001
        6295000	       628	800009f4	001b2ab3	slt	x21,x22,x1	 x22:0x00000000  x1:0x00000000 x21=0x00000000
        6305000	       629	800009f8	00d35b93	srli	x23,x6,0xd	  x6:0x00000001 x23=0x00000000
        6315000	       630	800009fc	402edb33	sra	x22,x29,x2	 x29:0x00200000  x2:0x8000829a x22=0x00000000
        6325000	       631	80000a00	40f38c33	sub	x24,x7,x15	  x7:0x77eb56b9 x15:0x00000009 x24=0x77eb56b0
        6335000	       632	80000a04	50b43213	sltiu	x4,x8,1291	  x8:0xf7eab735  x4=0x00000000
        6345000	       633	80000a08	8b4e4513	xori	x10,x28,-1868	 x28:0x49094000 x10=0xb6f6b8b4
        6355000	       634	80000a0c	01515463	bge	x2,x21,80000a14	  x2:0x8000829a x21:0x00000000
        6365000	       635	80000a10	409087b3	sub	x15,x1,x9	  x1:0x00000000  x9:0x80000000 x15=0x80000000
        6375000	       636	80000a14	c0f03693	sltiu	x13,x0,-1009	  x0:0x00000000 x13=0x00000001
        6385000	       637	80000a18	009d1313	slli	x6,x26,0x9	 x26:0xfffffee9  x6=0xfffdd200
        6395000	       638	80000a1c	039ccc63	blt	x25,x25,80000a54	 x25:0xffffffff x25:0xffffffff
        6405000	       639	80000a20	02f15063	bge	x2,x15,80000a40	  x2:0x8000829a x15:0x80000000
        6415000	       640	00000000	00000013	addi	x0,x0,0	  x0:0x00000000
        6425000	       641	80000a3c	00000013	addi	x0,x0,0	  x0:0x00000000
        6435000	       642	80000a40	0104ebb3	or	x23,x9,x16	  x9:0x80000000 x16:0x00000001 x23=0x80000001
        6445000	       643	80000a44	1bd12513	slti	x10,x2,445	  x2:0x8000829a x10=0x00000001
        6455000	       644	80000a48	b9512813	slti	x16,x2,-1131	  x2:0x8000829a x16=0x00000001
        6465000	       645	80000a4c	0169f833	and	x16,x19,x22	 x19:0xbb8b8000 x22:0x00000000 x16=0x00000000
        6475000	       646	80000a50	dcb9d2b7	lui	x5,0xdcb9d	  x5=0xdcb9d000
        6485000	       647	80000a54	16e2e093	ori	x1,x5,366	  x5:0xdcb9d000  x1=0xdcb9d16e
        6495000	       648	80000a58	05da6663	bltu	x20,x29,80000aa4	 x20:0x80009fc4 x29:0x00200000
        6505000	       649	80000a5c	30e187b7	lui	x15,0x30e18	 x15=0x30e18000
        6515000	       650	80000a60	c6c27193	andi	x3,x4,-916	  x4:0x00000000  x3=0x00000000
        6525000	       651	80000a64	01b91f33	sll	x30,x18,x27	 x18:0x80009f84 x27:0xc0000440 x30=0x80009f84
        6535000	       652	80000a68	006237b3	sltu	x15,x4,x6	  x4:0x00000000  x6:0xfffdd200 x15=0x00000001
        6545000	       653	80000a6c	01f38633	add	x12,x7,x31	  x7:0x77eb56b9 x31:0xfff80009 x12=0x77e356c2
        6555000	       654	80000a70	03ec9663	bne	x25,x30,80000a9c	 x25:0xffffffff x30:0x80009f84
        6565000	       655	00000000	00000013	addi	x0,x0,0	  x0:0x00000000
        6575000	       656	80000a98	00000013	addi	x0,x0,0	  x0:0x00000000
        6585000	       657	80000a9c	d8d0ebb7	lui	x23,0xd8d0e	 x23=0xd8d0e000
        6595000	       658	80000aa0	00439f93	slli	x31,x7,0x4	  x7:0x77eb56b9 x31=0x7eb56b90
        6605000	       659	80000aa4	0b2e4893	xori	x17,x28,178	 x28:0x49094000 x17=0x490940b2
        6615000	       660	80000aa8	35d8a393	slti	x7,x17,861	 x17:0x490940b2  x7=0x00000000
        6625000	       661	80000aac	019a5193	srli	x3,x20,0x19	 x20:0x80009fc4  x3=0x00000040
        6635000	       662	80000ab0	f1c0e313	ori	x6,x1,-228	  x1:0xdcb9d16e  x6=0xffffff7e
        6645000	       663	80000ab4	04898063	beq	x19,x8,80000af4	 x19:0xbb8b8000  x8:0xf7eab735
        6655000	       664	80000ab8	206bce17	auipc	x28,0x206bc	 x28=0xa06bcab4
        6665000	       665	80000abc	1729ff93	andi	x31,x19,370	 x19:0xbb8b8000 x31=0x00000000
        6675000	       666	80000ac0	05c45663	bge	x8,x28,80000b0c	  x8:0xf7eab735 x28:0xa06bcab4
        6685000	       667	00000000	00000013	addi	x0,x0,0	  x0:0x00000000
        6695000	       668	80000b08	00000013	addi	x0,x0,0	  x0:0x00000000
        6705000	       669	80000b0c	05039663	bne	x7,x16,80000b58	  x7:0x00000000 x16:0x00000000
        6715000	       670	80000b10	408c50b3	sra	x1,x24,x8	 x24:0x77eb56b0  x8:0xf7eab735  x1=0x000003bf
        6725000	       671	80000b14	012b43b3	xor	x7,x22,x18	 x22:0x00000000 x18:0x80009f84  x7=0x80009f84
        6735000	       672	80000b18	a8434593	xori	x11,x6,-1404	  x6:0xffffff7e x11=0x000005fa
        6745000	       673	80000b1c	01557233	and	x4,x10,x21	 x10:0x00000001 x21:0x00000000  x4=0x00000000
        6755000	       674	80000b20	015ed093	srli	x1,x29,0x15	 x29:0x00200000  x1=0x00000001
        6765000	       675	80000b24	00059333	sll	x6,x11,x0	 x11:0x000005fa  x0:0x00000000  x6=0x000005fa
        6775000	       676	80000b28	41fd5813	srai	x16,x26,0x1f	 x26:0xfffffee9 x16=0xffffffff
        6785000	       677	80000b2c	41a55733	sra	x14,x10,x26	 x10:0x00000001 x26:0xfffffee9 x14=0x00000000
        6795000	       678	80000b30	016799b3	sll	x19,x15,x22	 x15:0x00000001 x22:0x00000000 x19=0x00000001
        6805000	       679	80000b34	00666333	or	x6,x12,x6	 x12:0x77e356c2  x6:0x000005fa  x6=0x77e357fa
        6815000	       680	80000b38	df3b7893	andi	x17,x22,-525	 x22:0x00000000 x17=0x00000000
        6825000	       681	80000b3c	02e7da63	bge	x15,x14,80000b70	 x15:0x00000001 x14:0x00000000
        6835000	       682	00000000	00000013	addi	x0,x0,0	  x0:0x00000000
        6845000	       683	80000b6c	00000013	addi	x0,x0,0	  x0:0x00000000
        6855000	       684	80000b70	05300063	beq	x0,x19,80000bb0	  x0:0x00000000 x19:0x00000001
        6865000	       685	80000b74	00ef03b3	add	x7,x30,x14	 x30:0x80009f84 x14:0x00000000  x7=0x80009f84
        6875000	       686	80000b78	039b7663	bgeu	x22,x25,80000ba4	 x22:0x00000000 x25:0xffffffff
        6885000	       687	80000b7c	01db7463	bgeu	x22,x29,80000b84	 x22:0x00000000 x29:0x00200000
        6895000	       688	80000b80	9ddb28b7	lui	x17,0x9ddb2	 x17=0x9ddb2000
        6905000	       689	80000b84	40e1d1b3	sra	x3,x3,x14	  x3:0x00000040 x14:0x00000000  x3=0x00000040
        6915000	       690	80000b88	03086063	bltu	x16,x16,80000ba8	 x16:0xffffffff x16:0xffffffff
        6925000	       691	80000b8c	04b5f663	bgeu	x11,x11,80000bd8	 x11:0x000005fa x11:0x000005fa
        6935000	       692	00000000	00000013	addi	x0,x0,0	  x0:0x00000000
        6945000	       693	80000bd4	00000013	addi	x0,x0,0	  x0:0x00000000
        6955000	       694	80000bd8	a2a37213	andi	x4,x6,-1494	  x6:0x77e357fa  x4=0x77e3522a
        6965000	       695	80000bdc	010aabb3	slt	x23,x21,x16	 x21:0x00000000 x16:0xffffffff x23=0x00000000
        6975000	       696	80000be0	e305c293	xori	x5,x11,-464	 x11:0x000005fa  x5=0xfffffbca
        6985000	       697	80000be4	00c773b3	and	x7,x14,x12	 x14:0x00000000 x12:0x77e356c2  x7=0x00000000
        6995000	       698	80000be8	23082113	slti	x2,x16,560	 x16:0xffffffff  x2=0x00000001
        7005000	       699	80000bec	bd62f697	auipc	x13,0xbd62f	 x13=0x3d62fbe8
        7015000	       700	80000bf0	40588633	sub	x12,x17,x5	 x17:0x9ddb2000  x5:0xfffffbca x12=0x9ddb2436
        7025000	       701	80000bf4	024e5337	lui	x6,0x24e5	  x6=0x024e5000
        7035000	       702	80000bf8	01ebccb3	xor	x25,x23,x30	 x23:0x00000000 x30:0x80009f84 x25=0x80009f84
        7045000	       703	80000bfc	05b35663	bge	x6,x27,80000c48	  x6:0x024e5000 x27:0xc0000440
        7055000	       704	00000000	00000013	addi	x0,x0,0	  x0:0x00000000
        7065000	       705	80000c44	00000013	addi	x0,x0,0	  x0:0x00000000
        7075000	       706	80000c48	40de8db3	sub	x27,x29,x13	 x29:0x00200000 x13:0x3d62fbe8 x27=0xc2bd0418
        7085000	       707	80000c4c	000852b3	srl	x5,x16,x0	 x16:0xffffffff  x0:0x00000000  x5=0xffffffff
        7095000	       708	80000c50	03dbd037	lui	x0,0x3dbd	
        7105000	       709	80000c54	3ca28cb7	lui	x25,0x3ca28	 x25=0x3ca28000
        7115000	       710	80000c58	41348c33	sub	x24,x9,x19	  x9:0x80000000 x19:0x00000001 x24=0x7fffffff
        7125000	       711	80000c5c	02dd5863	bge	x26,x13,80000c8c	 x26:0xfffffee9 x13:0x3d62fbe8
        7135000	       712	80000c60	adcc8a93	addi	x21,x25,-1316	 x25:0x3ca28000 x21=0x3ca27adc
        7145000	       713	80000c64	03f0c463	blt	x1,x31,80000c8c	  x1:0x00000001 x31:0x00000000
        7155000	       714	80000c68	02a9dc63	bge	x19,x10,80000ca0	 x19:0x00000001 x10:0x00000001
        7165000	       715	00000000	00000013	addi	x0,x0,0	  x0:0x00000000
        7175000	       716	80000c9c	00000013	addi	x0,x0,0	  x0:0x00000000
        7185000	       717	80000ca0	10f4b113	sltiu	x2,x9,271	  x9:0x80000000  x2=0x00000000
        7195000	       718	80000ca4	921ccc13	xori	x24,x25,-1759	 x25:0x3ca28000 x24=0xc35d7921
        7205000	       719	80000ca8	41b80bb3	sub	x23,x16,x27	 x16:0xffffffff x27:0xc2bd0418 x23=0x3d42fbe7
        7215000	       720	80000cac	2f4ea313	slti	x6,x29,756	 x29:0x00200000  x6=0x00000000
        7225000	       721	80000cb0	41e685b3	sub	x11,x13,x30	 x13:0x3d62fbe8 x30:0x80009f84 x11=0xbd625c64
        7235000	       722	80000cb4	03134a63	blt	x6,x17,80000ce8	  x6:0x00000000 x17:0x9ddb2000
        7245000	       723	80000cb8	7f9fad13	slti	x26,x31,2041	 x31:0x00000000 x26=0x00000001
        7255000	       724	80000cbc	00439713	slli	x14,x7,0x4	  x7:0x00000000 x14=0x00000000
        7265000	       725	80000cc0	010a9833	sll	x16,x21,x16	 x21:0x3ca27adc x16:0xffffffff x16=0x00000000
        7275000	       726	80000cc4	c6b98d93	addi	x27,x19,-917	 x19:0x00000001 x27=0xfffffc6c
        7285000	       727	80000cc8	00b47263	bgeu	x8,x11,80000ccc	  x8:0xf7eab735 x11:0xbd625c64
        7295000	       728	00000000	00000013	addi	x0,x0,0	  x0:0x00000000
        7305000	       729	80000cc8	00000013	addi	x0,x0,0	  x0:0x00000000
        7315000	       730	80000ccc	e38f2613	slti	x12,x30,-456	 x30:0x80009f84 x12=0x00000001
        7325000	       731	80000cd0	008d7eb3	and	x29,x26,x8	 x26:0x00000001  x8:0xf7eab735 x29=0x00000001
        7335000	       732	80000cd4	01f70533	add	x10,x14,x31	 x14:0x00000000 x31:0x00000000 x10=0x00000000
        7345000	       733	80000cd8	40ac5c93	srai	x25,x24,0xa	 x24:0xc35d7921 x25=0xfff0d75e
        7355000	       734	80000cdc	36348713	addi	x14,x9,867	  x9:0x80000000 x14=0x80000363
        7365000	       735	80000ce0	004004b3	add	x9,x0,x4	  x0:0x00000000  x4:0x77e3522a  x9=0x77e3522a
        7375000	       736	80000ce4	2caf8b13	addi	x22,x31,714	 x31:0x00000000 x22=0x000002ca
        7385000	       737	80000ce8	d3bfa113	slti	x2,x31,-709	 x31:0x00000000  x2=0x00000000
        7395000	       738	80000cec	01bd29b3	slt	x19,x26,x27	 x26:0x00000001 x27:0xfffffc6c x19=0x00000000
        7405000	       739	80000cf0	01783b33	sltu	x22,x16,x23	 x16:0x00000000 x23:0x3d42fbe7 x22=0x00000001
        7415000	       740	80000cf4	01ea2833	slt	x16,x20,x30	 x20:0x80009fc4 x30:0x80009f84 x16=0x00000000
        7425000	       741	80000cf8	38412193	slti	x3,x2,900	  x2:0x00000000  x3=0x00000001
        7435000	       742	80000cfc	008bbeb3	sltu	x29,x23,x8	 x23:0x3d42fbe7  x8:0xf7eab735 x29=0x00000001
        7445000	       743	80000d00	01327d33	and	x26,x4,x19	  x4:0x77e3522a x19:0x00000000 x26=0x00000000
        7455000	       744	80000d04	40e35c13	srai	x24,x6,0xe	  x6:0x00000000 x24=0x00000000
        7465000	       745	80000d08	009d1d33	sll	x26,x26,x9	 x26:0x00000000  x9:0x77e3522a x26=0x00000000
        7475000	       746	80000d0c	00bbd2b3	srl	x5,x23,x11	 x23:0x3d42fbe7 x11:0xbd625c64  x5=0x03d42fbe
        7485000	       747	80000d10	c99d7d93	andi	x27,x26,-871	 x26:0x00000000 x27=0x00000000
        7495000	       748	80000d14	17952693	slti	x13,x10,377	 x10:0x00000000 x13=0x00000001
        7505000	       749	80000d18	006038b3	sltu	x17,x0,x6	  x0:0x00000000  x6:0x00000000 x17=0x00000000
        7515000	       750	80000d1c	0550e663	bltu	x1,x21,80000d68	  x1:0x00000001 x21:0x3ca27adc
        7525000	       751	00000000	00000013	addi	x0,x0,0	  x0:0x00000000
        7535000	       752	80000d64	00000013	addi	x0,x0,0	  x0:0x00000000
        7545000	       753	80000d68	028bec63	bltu	x23,x8,80000da0	 x23:0x3d42fbe7  x8:0xf7eab735
        7555000	       754	00000000	00000013	addi	x0,x0,0	  x0:0x00000000
        7565000	       755	80000d9c	00000013	addi	x0,x0,0	  x0:0x00000000
        7575000	       756	80000da0	05990063	beq	x18,x25,80000de0	 x18:0x80009f84 x25:0xfff0d75e
        7585000	       757	80000da4	02ee4063	blt	x28,x14,80000dc4	 x28:0xa06bcab4 x14:0x80000363
        7595000	       758	80000da8	03881e63	bne	x16,x24,80000de4	 x16:0x00000000 x24:0x00000000
        7605000	       759	80000dac	044b1663	bne	x22,x4,80000df8	 x22:0x00000001  x4:0x77e3522a
        7615000	       760	00000000	00000013	addi	x0,x0,0	  x0:0x00000000
        7625000	       761	80000df4	00000013	addi	x0,x0,0	  x0:0x00000000
        7635000	       762	80000df8	01f6f7b3	and	x15,x13,x31	 x13:0x00000001 x31:0x00000000 x15=0x00000000
        7645000	       763	80000dfc	021d4663	blt	x26,x1,80000e28	 x26:0x00000000  x1:0x00000001
        7655000	       764	00000000	00000013	addi	x0,x0,0	  x0:0x00000000
        7665000	       765	80000e24	00000013	addi	x0,x0,0	  x0:0x00000000
        7675000	       766	80000e28	00f740b3	xor	x1,x14,x15	 x14:0x80000363 x15:0x00000000  x1=0x80000363
        7685000	       767	80000e2c	01f3e463	bltu	x7,x31,80000e34	  x7:0x00000000 x31:0x00000000
        7695000	       768	80000e30	be27cd13	xori	x26,x15,-1054	 x15:0x00000000 x26=0xfffffbe2
        7705000	       769	80000e34	00855513	srli	x10,x10,0x8	 x10:0x00000000 x10=0x00000000
        7715000	       770	80000e38	01d65633	srl	x12,x12,x29	 x12:0x00000001 x29:0x00000001 x12=0x00000000
        7725000	       771	80000e3c	03566463	bltu	x12,x21,80000e64	 x12:0x00000000 x21:0x3ca27adc
        7735000	       772	00000000	00000013	addi	x0,x0,0	  x0:0x00000000
        7745000	       773	80000e60	00000013	addi	x0,x0,0	  x0:0x00000000
        7755000	       774	80000e64	00a19ab3	sll	x21,x3,x10	  x3:0x00000001 x10:0x00000000 x21=0x00000001
        7765000	       775	80000e68	00af63b3	or	x7,x30,x10	 x30:0x80009f84 x10:0x00000000  x7=0x80009f84
        7775000	       776	80000e6c	77b4a213	slti	x4,x9,1915	  x9:0x77e3522a  x4=0x00000000
        7785000	       777	80000e70	018fd713	srli	x14,x31,0x18	 x31:0x00000000 x14=0x00000000
        7795000	       778	80000e74	00d45733	srl	x14,x8,x13	  x8:0xf7eab735 x13:0x00000001 x14=0x7bf55b9a
        7805000	       779	80000e78	012a9593	slli	x11,x21,0x12	 x21:0x00000001 x11=0x00040000
        7815000	       780	80000e7c	40b6d7b3	sra	x15,x13,x11	 x13:0x00000001 x11:0x00040000 x15=0x00000001
        7825000	       781	80000e80	014b1f93	slli	x31,x22,0x14	 x22:0x00000001 x31=0x00100000
        7835000	       782	80000e84	007cd0b3	srl	x1,x25,x7	 x25:0xfff0d75e  x7:0x80009f84  x1=0x0fff0d75
        7845000	       783	80000e88	40775c13	srai	x24,x14,0x7	 x14:0x7bf55b9a x24=0x00f7eab7
        7855000	       784	80000e8c	00d48263	beq	x9,x13,80000e90	  x9:0x77e3522a x13:0x00000001
        7865000	       785	80000e90	01733633	sltu	x12,x6,x23	  x6:0x00000000 x23:0x3d42fbe7 x12=0x00000001
        7875000	       786	80000e94	0002d333	srl	x6,x5,x0	  x5:0x03d42fbe  x0:0x00000000  x6=0x03d42fbe
        7885000	       787	80000e98	01178533	add	x10,x15,x17	 x15:0x00000001 x17:0x00000000 x10=0x00000001
        7895000	       788	80000e9c	311cf893	andi	x17,x25,785	 x25:0xfff0d75e x17=0x00000310
        7905000	       789	80000ea0	7e7c6697	auipc	x13,0x7e7c6	 x13=0xfe7c6e9c
        7915000	       790	80000ea4	00614bb3	xor	x23,x2,x6	  x2:0x00000000  x6:0x03d42fbe x23=0x03d42fbe
        7925000	       791	80000ea8	03199663	bne	x19,x17,80000ed4	 x19:0x00000000 x17:0x00000310
        7935000	       792	00000000	00000013	addi	x0,x0,0	  x0:0x00000000
        7945000	       793	80000ed0	00000013	addi	x0,x0,0	  x0:0x00000000
        7955000	       794	80000ed4	36ce5fb7	lui	x31,0x36ce5	 x31=0x36ce5000
        7965000	       795	80000ed8	01997c33	and	x24,x18,x25	 x18:0x80009f84 x25:0xfff0d75e x24=0x80009704
        7975000	       796	80000edc	00ecf7b3	and	x15,x25,x14	 x25:0xfff0d75e x14:0x7bf55b9a x15=0x7bf0531a
        7985000	       797	80000ee0	40b6de93	srai	x29,x13,0xb	 x13:0xfe7c6e9c x29=0xffffcf8d
        7995000	       798	80000ee4	02b74863	blt	x14,x11,80000f14	 x14:0x7bf55b9a x11:0x00040000
        8005000	       799	80000ee8	e12ced93	ori	x27,x25,-494	 x25:0xfff0d75e x27=0xffffff5e
        8015000	       800	80000eec	00798f33	add	x30,x19,x7	 x19:0x00000000  x7:0x80009f84 x30=0x80009f84
        8025000	       801	80000ef0	019f2533	slt	x10,x30,x25	 x30:0x80009f84 x25:0xfff0d75e x10=0x00000001
        8035000	       802	80000ef4	00239c33	sll	x24,x7,x2	  x7:0x80009f84  x2:0x00000000 x24=0x80009f84
        8045000	       803	80000ef8	afb1b193	sltiu	x3,x3,-1285	  x3:0x00000001  x3=0x00000001
        8055000	       804	80000efc	00e4dd93	srli	x27,x9,0xe	  x9:0x77e3522a x27=0x0001df8d
        8065000	       805	80000f00	01754f33	xor	x30,x10,x23	 x10:0x00000001 x23:0x03d42fbe x30=0x03d42fbf
        8075000	       806	80000f04	4125dbb3	sra	x23,x11,x18	 x11:0x00040000 x18:0x80009f84 x23=0x00004000
        8085000	       807	80000f08	00c536b3	sltu	x13,x10,x12	 x10:0x00000001 x12:0x00000001 x13=0x00000000
        8095000	       808	80000f0c	403f8b33	sub	x22,x31,x3	 x31:0x36ce5000  x3:0x00000001 x22=0x36ce4fff
        8105000	       809	80000f10	00d27cb3	and	x25,x4,x13	  x4:0x00000000 x13:0x00000000 x25=0x00000000
        8115000	       810	80000f14	ac476213	ori	x4,x14,-1340	 x14:0x7bf55b9a  x4=0xfffffbde
        8125000	       811	80000f18	a98d4193	xori	x3,x26,-1384	 x26:0xfffffbe2  x3=0x0000017a
        8135000	       812	80000f1c	00da5693	srli	x13,x20,0xd	 x20:0x80009fc4 x13=0x00040004
        8145000	       813	80000f20	81c88837	lui	x16,0x81c88	 x16=0x81c88000
        8155000	       814	80000f24	01121133	sll	x2,x4,x17	  x4:0xfffffbde x17:0x00000310  x2=0xfbde0000
        8165000	       815	80000f28	00569193	slli	x3,x13,0x5	 x13:0x00040004  x3=0x00800080
        8175000	       816	80000f2c	c3333c13	sltiu	x24,x6,-973	  x6:0x03d42fbe x24=0x00000001
        8185000	       817	80000f30	a3334d93	xori	x27,x6,-1485	  x6:0x03d42fbe x27=0xfc2bd58d
        8195000	       818	80000f34	0057e333	or	x6,x15,x5	 x15:0x7bf0531a  x5:0x03d42fbe  x6=0x7bf47fbe
        8205000	       819	80000f38	010c71b3	and	x3,x24,x16	 x24:0x00000001 x16:0x81c88000  x3=0x00000000
        8215000	       820	80000f3c	01a5d893	srli	x17,x11,0x1a	 x11:0x00040000 x17=0x00000000
        8225000	       821	80000f40	05f5c663	blt	x11,x31,80000f8c	 x11:0x00040000 x31:0x36ce5000
        8235000	       822	00000000	00000013	addi	x0,x0,0	  x0:0x00000000
        8245000	       823	80000f88	00000013	addi	x0,x0,0	  x0:0x00000000
        8255000	       824	80000f8c	01b0d193	srli	x3,x1,0x1b	  x1:0x0fff0d75  x3=0x00000001
        8265000	       825	80000f90	90882693	slti	x13,x16,-1784	 x16:0x81c88000 x13=0x00000001
        8275000	       826	80000f94	00e0d263	bge	x1,x14,80000f98	  x1:0x0fff0d75 x14:0x7bf55b9a
        8285000	       827	80000f98	3dd28f13	addi	x30,x5,989	  x5:0x03d42fbe x30=0x03d4339b
        8295000	       828	80000f9c	011b26b3	slt	x13,x22,x17	 x22:0x36ce4fff x17:0x00000000 x13=0x00000000
        8305000	       829	80000fa0	02107663	bgeu	x0,x1,80000fcc	  x0:0x00000000  x1:0x0fff0d75
        8315000	       830	80000fa4	01901333	sll	x6,x0,x25	  x0:0x00000000 x25:0x00000000  x6=0x00000000
        8325000	       831	80000fa8	01d527b3	slt	x15,x10,x29	 x10:0x00000001 x29:0xffffcf8d x15=0x00000000
        8335000	       832	80000fac	002a0e33	add	x28,x20,x2	 x20:0x80009fc4  x2:0xfbde0000 x28=0x7bde9fc4
        8345000	       833	80000fb0	c95f3793	sltiu	x15,x30,-875	 x30:0x03d4339b x15=0x00000001
        8355000	       834	80000fb4	00349263	bne	x9,x3,80000fb8	  x9:0x77e3522a  x3:0x00000001
        8365000	       835	00000000	00000013	addi	x0,x0,0	  x0:0x00000000
        8375000	       836	80000fb4	00000013	addi	x0,x0,0	  x0:0x00000000
        8385000	       837	80000fb8	00f49833	sll	x16,x9,x15	  x9:0x77e3522a x15:0x00000001 x16=0xefc6a454
        8395000	       838	80000fbc	00ed89b3	add	x19,x27,x14	 x27:0xfc2bd58d x14:0x7bf55b9a x19=0x78213127
        8405000	       839	80000fc0	03ed5663	bge	x26,x30,80000fec	 x26:0xfffffbe2 x30:0x03d4339b
        8415000	       840	80000fc4	00569193	slli	x3,x13,0x5	 x13:0x00000000  x3=0x00000000
        8425000	       841	80000fc8	c36c3517	auipc	x10,0xc36c3	 x10=0x436c3fc4
        8435000	       842	80000fcc	01883c33	sltu	x24,x16,x24	 x16:0xefc6a454 x24:0x00000001 x24=0x00000000
        8445000	       843	80000fd0	02055463	bge	x10,x0,80000ff8	 x10:0x436c3fc4  x0:0x00000000
        8455000	       844	00000000	00000013	addi	x0,x0,0	  x0:0x00000000
        8465000	       845	80000ff4	00000013	addi	x0,x0,0	  x0:0x00000000
        8475000	       846	80000ff8	91058b93	addi	x23,x11,-1776	 x11:0x00040000 x23=0x0003f910
        8485000	       847	80000ffc	41a45ab3	sra	x21,x8,x26	  x8:0xf7eab735 x26:0xfffffbe2 x21=0xfdfaadcd
        8495000	       848	80001000	0326e063	bltu	x13,x18,80001020	 x13:0x00000000 x18:0x80009f84
        8505000	       849	00000000	00000013	addi	x0,x0,0	  x0:0x00000000
        8515000	       850	8000101c	00000013	addi	x0,x0,0	  x0:0x00000000
        8525000	       851	80001020	0c064197	auipc	x3,0xc064	  x3=0x8c06501c
        8535000	       852	80001024	45db3c93	sltiu	x25,x22,1117	 x22:0x36ce4fff x25=0x00000000
        8545000	       853	80001028	502fc6b7	lui	x13,0x502fc	 x13=0x502fc000
        8555000	       854	8000102c	01669463	bne	x13,x22,80001034	 x13:0x502fc000 x22:0x36ce4fff
        8565000	       855	00000000	00000013	addi	x0,x0,0	  x0:0x00000000
        8575000	       856	80001030	00000013	addi	x0,x0,0	  x0:0x00000000
        8585000	       857	80001034	017eb5b3	sltu	x11,x29,x23	 x29:0xffffcf8d x23:0x0003f910 x11=0x00000000
        8595000	       858	80001038	4044de13	srai	x28,x9,0x4	  x9:0x77e3522a x28=0x077e3522
        8605000	       859	8000103c	00812fb3	slt	x31,x2,x8	  x2:0xfbde0000  x8:0xf7eab735 x31=0x00000000
        8615000	       860	80001040	0600fe63	bgeu	x1,x0,800010bc	  x1:0x0fff0d75  x0:0x00000000
        8625000	       861	00000000	00000013	addi	x0,x0,0	  x0:0x00000000
        8635000	       862	800010b8	00000013	addi	x0,x0,0	  x0:0x00000000
        8645000	       863	800010bc	0124fbb3	and	x23,x9,x18	  x9:0x77e3522a x18:0x80009f84 x23=0x00001200
        8655000	       864	800010c0	00c7b6b3	sltu	x13,x15,x12	 x15:0x00000001 x12:0x00000001 x13=0x00000000
        8665000	       865	800010c4	00a5d463	bge	x11,x10,800010cc	 x11:0x00000000 x10:0x436c3fc4
        8675000	       866	800010c8	03267e63	bgeu	x12,x18,80001104	 x12:0x00000001 x18:0x80009f84
        8685000	       867	800010cc	0252cc63	blt	x5,x5,80001104	  x5:0x03d42fbe  x5:0x03d42fbe
        8695000	       868	800010d0	71776d93	ori	x27,x14,1815	 x14:0x7bf55b9a x27=0x7bf55f9f
        8705000	       869	800010d4	24d72e93	slti	x29,x14,589	 x14:0x7bf55b9a x29=0x00000000
        8715000	       870	800010d8	ee045397	auipc	x7,0xee045	  x7=0x6e0460d4
        8725000	       871	800010dc	00ec35b3	sltu	x11,x24,x14	 x24:0x00000000 x14:0x7bf55b9a x11=0x00000001
        8735000	       872	800010e0	006893b3	sll	x7,x17,x6	 x17:0x00000000  x6:0x00000000  x7=0x00000000
        8745000	       873	800010e4	a77706b7	lui	x13,0xa7770	 x13=0xa7770000
        8755000	       874	800010e8	01758833	add	x16,x11,x23	 x11:0x00000001 x23:0x00001200 x16=0x00001201
        8765000	       875	800010ec	01bf49b3	xor	x19,x30,x27	 x30:0x03d4339b x27:0x7bf55f9f x19=0x78216c04
        8775000	       876	800010f0	01452ab3	slt	x21,x10,x20	 x10:0x436c3fc4 x20:0x80009fc4 x21=0x00000000
        8785000	       877	800010f4	0ed005b7	lui	x11,0xed00	 x11=0x0ed00000
        8795000	       878	800010f8	a6ab3393	sltiu	x7,x22,-1430	 x22:0x36ce4fff  x7=0x00000001
        8805000	       879	800010fc	8b63bd93	sltiu	x27,x7,-1866	  x7:0x00000001 x27=0x00000001
        8815000	       880	80001100	01052333	slt	x6,x10,x16	 x10:0x436c3fc4 x16:0x00001201  x6=0x00000000
        8825000	       881	80001104	030d7063	bgeu	x26,x16,80001124	 x26:0xfffffbe2 x16:0x00001201
        8835000	       882	00000000	00000013	addi	x0,x0,0	  x0:0x00000000
        8845000	       883	80001120	00000013	addi	x0,x0,0	  x0:0x00000000
        8855000	       884	80001124	a503cf93	xori	x31,x7,-1456	  x7:0x00000001 x31=0xfffffa51
        8865000	       885	80001128	76befa93	andi	x21,x29,1899	 x29:0x00000000 x21=0x00000000
        8875000	       886	8000112c	0a120663	beq	x4,x1,800011d8	  x4:0xfffffbde  x1:0x0fff0d75
        8885000	       887	80001130	a663ef13	ori	x30,x7,-1434	  x7:0x00000001 x30=0xfffffa67
        8895000	       888	80001134	404bdb33	sra	x22,x23,x4	 x23:0x00001200  x4:0xfffffbde x22=0x00000000
        8905000	       889	80001138	00ea9f13	slli	x30,x21,0xe	 x21:0x00000000 x30=0x00000000
        8915000	       890	8000113c	01cf3bb3	sltu	x23,x30,x28	 x30:0x00000000 x28:0x077e3522 x23=0x00000001
        8925000	       891	80001140	01a9ef33	or	x30,x19,x26	 x19:0x78216c04 x26:0xfffffbe2 x30=0xffffffe6
        8935000	       892	80001144	015d54b3	srl	x9,x26,x21	 x26:0xfffffbe2 x21:0x00000000  x9=0xfffffbe2
        8945000	       893	80001148	1f5af093	andi	x1,x21,501	 x21:0x00000000  x1=0x00000000
        8955000	       894	8000114c	09acd663	bge	x25,x26,800011d8	 x25:0x00000000 x26:0xfffffbe2
        8965000	       895	00000000	00000013	addi	x0,x0,0	  x0:0x00000000
        8975000	       896	800011d4	00000013	addi	x0,x0,0	  x0:0x00000000
        8985000	       897	800011d8	00000013	addi	x0,x0,0	  x0:0x00000000
        8995000	       898	800011dc	358362b7	lui	x5,0x35836	  x5=0x35836000
        9005000	       899	800011e0	41a00fb3	sub	x31,x0,x26	  x0:0x00000000 x26:0xfffffbe2 x31=0x0000041e
        9015000	       900	800011e4	6029a217	auipc	x4,0x6029a	  x4=0xe029b1e0
        9025000	       901	800011e8	15b2b393	sltiu	x7,x5,347	  x5:0x35836000  x7=0x00000000
        9035000	       902	800011ec	015584b3	add	x9,x11,x21	 x11:0x0ed00000 x21:0x00000000  x9=0x0ed00000
        9045000	       903	800011f0	01a18bb3	add	x23,x3,x26	  x3:0x8c06501c x26:0xfffffbe2 x23=0x8c064bfe
        9055000	       904	800011f4	00000013	addi	x0,x0,0	  x0:0x00000000
        9065000	       905	800011f8	01f3c5b3	xor	x11,x7,x31	  x7:0x00000000 x31:0x0000041e x11=0x0000041e
        9075000	       906	800011fc	0171dd93	srli	x27,x3,0x17	  x3:0x8c06501c x27=0x00000118
        9085000	       907	80001200	010198b3	sll	x17,x3,x16	  x3:0x8c06501c x16:0x00001201 x17=0x180ca038
        9095000	       908	80001204	0037dcb3	srl	x25,x15,x3	 x15:0x00000001  x3:0x8c06501c x25=0x00000000
        9105000	       909	80001208	00798e63	beq	x19,x7,80001224	 x19:0x78216c04  x7:0x00000000
        9115000	       910	8000120c	46673893	sltiu	x17,x14,1126	 x14:0x7bf55b9a x17=0x00000000
        9125000	       911	80001210	59dce217	auipc	x4,0x59dce	  x4=0xd9dcf20c
        9135000	       912	80001214	41080ab3	sub	x21,x16,x16	 x16:0x00001201 x16:0x00001201 x21=0x00000000
        9145000	       913	80001218	02bd8a63	beq	x27,x11,8000124c	 x27:0x00000118 x11:0x0000041e
        9155000	       914	8000121c	1a860613	addi	x12,x12,424	 x12:0x00000001 x12=0x000001a9
        9165000	       915	80001220	00c45d33	srl	x26,x8,x12	  x8:0xf7eab735 x12:0x000001a9 x26=0x007bf55b
        9175000	       916	80001224	004582b3	add	x5,x11,x4	 x11:0x0000041e  x4:0xd9dcf20c  x5=0xd9dcf62a
        9185000	       917	80001228	41d5db33	sra	x22,x11,x29	 x11:0x0000041e x29:0x00000000 x22=0x0000041e
        9195000	       918	8000122c	6a0d9097	auipc	x1,0x6a0d9	  x1=0xea0da228
        9205000	       919	80001230	f460e137	lui	x2,0xf460e	  x2=0xf460e000
        9215000	       920	80001234	015224b3	slt	x9,x4,x21	  x4:0xd9dcf20c x21:0x00000000  x9=0x00000001
        9225000	       921	80001238	01bbbe33	sltu	x28,x23,x27	 x23:0x8c064bfe x27:0x00000118 x28=0x00000000
        9235000	       922	8000123c	bd35d797	auipc	x15,0xbd35d	 x15=0x3d35e238
        9245000	       923	80001240	01731313	slli	x6,x6,0x17	  x6:0x00000000  x6=0x00000000
        9255000	       924	80001244	00fe1593	slli	x11,x28,0xf	 x28:0x00000000 x11=0x00000000
        9265000	       925	80001248	01978333	add	x6,x15,x25	 x15:0x3d35e238 x25:0x00000000  x6=0x3d35e238
        9275000	       926	8000124c	042e6663	bltu	x28,x2,80001298	 x28:0x00000000  x2:0xf460e000
        9285000	       927	00000000	00000013	addi	x0,x0,0	  x0:0x00000000
        9295000	       928	80001294	00000013	addi	x0,x0,0	  x0:0x00000000
        9305000	       929	80001298	001f4233	xor	x4,x30,x1	 x30:0xffffffe6  x1:0xea0da228  x4=0x15f25dce
        9315000	       930	8000129c	406583b3	sub	x7,x11,x6	 x11:0x00000000  x6:0x3d35e238  x7=0xc2ca1dc8
        9325000	       931	800012a0	68d16013	ori	x0,x2,1677	  x2:0xf460e000
        9335000	       932	800012a4	55cd8797	auipc	x15,0x55cd8	 x15=0xd5cd92a0
        9345000	       933	800012a8	03017663	bgeu	x2,x16,800012d4	  x2:0xf460e000 x16:0x00001201
        9355000	       934	00000000	00000013	addi	x0,x0,0	  x0:0x00000000
        9365000	       935	800012d0	00000013	addi	x0,x0,0	  x0:0x00000000
        9375000	       936	800012d4	00000013	addi	x0,x0,0	  x0:0x00000000
        9385000	       937	800012d8	00af9533	sll	x10,x31,x10	 x31:0x0000041e x10:0x436c3fc4 x10=0x000041e0
        9395000	       938	800012dc	022b4063	blt	x22,x2,800012fc	 x22:0x0000041e  x2:0xf460e000
        9405000	       939	800012e0	0183d9b3	srl	x19,x7,x24	  x7:0xc2ca1dc8 x24:0x00000000 x19=0xc2ca1dc8
        9415000	       940	800012e4	00332b33	slt	x22,x6,x3	  x6:0x3d35e238  x3:0x8c06501c x22=0x00000000
        9425000	       941	800012e8	00ea4263	blt	x20,x14,800012ec	 x20:0x80009fc4 x14:0x7bf55b9a
        9435000	       942	00000000	00000013	addi	x0,x0,0	  x0:0x00000000
        9445000	       943	800012e8	00000013	addi	x0,x0,0	  x0:0x00000000
        9455000	       944	800012ec	408b8033	sub	x0,x23,x8	 x23:0x8c064bfe  x8:0xf7eab735
        9465000	       945	800012f0	01886db3	or	x27,x16,x24	 x16:0x00001201 x24:0x00000000 x27=0x00001201
        9475000	       946	800012f4	f2d4eb37	lui	x22,0xf2d4e	 x22=0xf2d4e000
        9485000	       947	800012f8	400c8133	sub	x2,x25,x0	 x25:0x00000000  x0:0x00000000  x2=0x00000000
        9495000	       948	800012fc	006c8733	add	x14,x25,x6	 x25:0x00000000  x6:0x3d35e238 x14=0x3d35e238
        9505000	       949	80001300	03688063	beq	x17,x22,80001320	 x17:0x00000000 x22:0xf2d4e000
        9515000	       950	80001304	079ae793	ori	x15,x21,121	 x21:0x00000000 x15=0x00000079
        9525000	       951	80001308	00c071b3	and	x3,x0,x12	  x0:0x00000000 x12:0x000001a9  x3=0x00000000
        9535000	       952	8000130c	04510063	beq	x2,x5,8000134c	  x2:0x00000000  x5:0xd9dcf62a
        9545000	       953	80001310	410d0333	sub	x6,x26,x16	 x26:0x007bf55b x16:0x00001201  x6=0x007be35a
        9555000	       954	80001314	00b0cbb3	xor	x23,x1,x11	  x1:0xea0da228 x11:0x00000000 x23=0xea0da228
        9565000	       955	80001318	0004d463	bge	x9,x0,80001320	  x9:0x00000001  x0:0x00000000
        9575000	       956	00000000	00000013	addi	x0,x0,0	  x0:0x00000000
        9585000	       957	8000131c	00000013	addi	x0,x0,0	  x0:0x00000000
        9595000	       958	80001320	002863b3	or	x7,x16,x2	 x16:0x00001201  x2:0x00000000  x7=0x00001201
        9605000	       959	80001324	ab29ad37	lui	x26,0xab29a	 x26=0xab29a000
        9615000	       960	80001328	b9204f93	xori	x31,x0,-1134	  x0:0x00000000 x31=0xfffffb92
        9625000	       961	8000132c	40a0d533	sra	x10,x1,x10	  x1:0xea0da228 x10:0x000041e0 x10=0xea0da228
        9635000	       962	80001330	04501663	bne	x0,x5,8000137c	  x0:0x00000000  x5:0xd9dcf62a
        9645000	       963	00000000	00000013	addi	x0,x0,0	  x0:0x00000000
        9655000	       964	80001378	00000013	addi	x0,x0,0	  x0:0x00000000
        9665000	       965	8000137c	010a7233	and	x4,x20,x16	 x20:0x80009fc4 x16:0x00001201  x4=0x00001200
        9675000	       966	80001380	01a30db3	add	x27,x6,x26	  x6:0x007be35a x26:0xab29a000 x27=0xaba5835a
        9685000	       967	80001384	029dce63	blt	x27,x9,800013c0	 x27:0xaba5835a  x9:0x00000001
        9695000	       968	00000000	00000013	addi	x0,x0,0	  x0:0x00000000
        9705000	       969	800013bc	00000013	addi	x0,x0,0	  x0:0x00000000
        9715000	       970	800013c0	003382b3	add	x5,x7,x3	  x7:0x00001201  x3:0x00000000  x5=0x00001201
        9725000	       971	800013c4	051d4663	blt	x26,x17,80001410	 x26:0xab29a000 x17:0x00000000
        9735000	       972	00000000	00000013	addi	x0,x0,0	  x0:0x00000000
        9745000	       973	8000140c	00000013	addi	x0,x0,0	  x0:0x00000000
        9755000	       974	80001410	03495863	bge	x18,x20,80001440	 x18:0x80009f84 x20:0x80009fc4
        9765000	       975	80001414	0152d7b3	srl	x15,x5,x21	  x5:0x00001201 x21:0x00000000 x15=0x00001201
        9775000	       976	80001418	14497493	andi	x9,x18,324	 x18:0x80009f84  x9=0x00000104
        9785000	       977	8000141c	046f6663	bltu	x30,x6,80001468	 x30:0xffffffe6  x6:0x007be35a
        9795000	       978	80001420	09930693	addi	x13,x6,153	  x6:0x007be35a x13=0x007be3f3
        9805000	       979	80001424	f63e8197	auipc	x3,0xf63e8	  x3=0x763e9420
        9815000	       980	80001428	ff0f8493	addi	x9,x31,-16	 x31:0xfffffb92  x9=0xfffffb82
        9825000	       981	8000142c	013b1033	sll	x0,x22,x19	 x22:0xf2d4e000 x19:0xc2ca1dc8
        9835000	       982	80001430	aa796113	ori	x2,x18,-1369	 x18:0x80009f84  x2=0xffffffa7
        9845000	       983	80001434	014bef33	or	x30,x23,x20	 x23:0xea0da228 x20:0x80009fc4 x30=0xea0dbfec
        9855000	       984	80001438	65cd4293	xori	x5,x26,1628	 x26:0xab29a000  x5=0xab29a65c
        9865000	       985	8000143c	000f7e33	and	x28,x30,x0	 x30:0xea0dbfec  x0:0x00000000 x28=0x00000000
        9875000	       986	80001440	01790d33	add	x26,x18,x23	 x18:0x80009f84 x23:0xea0da228 x26=0x6a0e41ac
        9885000	       987	80001444	a23ae493	ori	x9,x21,-1501	 x21:0x00000000  x9=0xfffffa23
        9895000	       988	80001448	41920333	sub	x6,x4,x25	  x4:0x00001200 x25:0x00000000  x6=0x00001200
        9905000	       989	8000144c	02f3c263	blt	x7,x15,80001470	  x7:0x00001201 x15:0x00001201
        9915000	       990	80001450	5b193f93	sltiu	x31,x18,1457	 x18:0x80009f84 x31=0x00000000
        9925000	       991	80001454	00941133	sll	x2,x8,x9	  x8:0xf7eab735  x9:0xfffffa23  x2=0xbf55b9a8
        9935000	       992	80001458	01ed3cb3	sltu	x25,x26,x30	 x26:0x6a0e41ac x30:0xea0dbfec x25=0x00000001
        9945000	       993	8000145c	40c587b3	sub	x15,x11,x12	 x11:0x00000000 x12:0x000001a9 x15=0xfffffe57
        9955000	       994	80001460	40065633	sra	x12,x12,x0	 x12:0x000001a9  x0:0x00000000 x12=0x000001a9
        9965000	       995	80001464	0f737a63	bgeu	x6,x23,80001558	  x6:0x00001200 x23:0xea0da228
        9975000	       996	80001468	00121293	slli	x5,x4,0x1	  x4:0x00001200  x5=0x00002400
        9985000	       997	8000146c	01018f33	add	x30,x3,x16	  x3:0x763e9420 x16:0x00001201 x30=0x763ea621
        9995000	       998	80001470	40bc0fb3	sub	x31,x24,x11	 x24:0x00000000 x11:0x00000000 x31=0x00000000
       10005000	       999	80001474	002c26b3	slt	x13,x24,x2	 x24:0x00000000  x2:0xbf55b9a8 x13=0x00000000
       10015000	      1000	80001478	00bfa6b3	slt	x13,x31,x11	 x31:0x00000000 x11:0x00000000 x13=0x00000000
       10025000	      1001	8000147c	003460b3	or	x1,x8,x3	  x8:0xf7eab735  x3:0x763e9420  x1=0xf7feb735
       10035000	      1002	80001480	0ede6a63	bltu	x28,x13,80001574	 x28:0x00000000 x13:0x00000000
       10045000	      1003	80001484	00007217	auipc	x4,0x7	  x4=0x80008480
       10055000	      1004	80001488	cf520213	addi	x4,x4,-779	  x4:0x80008480  x4=0x80008175
       10065000	      1005	8000148c	61c20a23	sb	x28,1556(x4)	  x4:0x80008175 x28:0x00000000 PA:0x80008789
       10075000	      1006	80001490	d98e0e13	addi	x28,x28,-616	 x28:0x00000000 x28=0xfffffd98
       10085000	      1007	80001494	d0938c13	addi	x24,x7,-759	  x7:0x00001201 x24=0x00000f0a
       10095000	      1008	80001498	011467b3	or	x15,x8,x17	  x8:0xf7eab735 x17:0x00000000 x15=0xf7eab735
       10105000	      1009	8000149c	415758b3	sra	x17,x14,x21	 x14:0x3d35e238 x21:0x00000000 x17=0x3d35e238
       10115000	      1010	800014a0	f1520f23	sb	x21,-226(x4)	  x4:0x80008175 x21:0x00000000 PA:0x80008093
       10125000	      1011	800014a4	65420223	sb	x20,1604(x4)	  x4:0x80008175 x20:0x80009fc4 PA:0x800087b9
       10135000	      1012	800014a8	00bedc93	srli	x25,x29,0xb	 x29:0x00000000 x25=0x00000000
       10145000	      1013	800014ac	25f7ed93	ori	x27,x15,607	 x15:0xf7eab735 x27=0xf7eab77f
       10155000	      1014	800014b0	011bc2b3	xor	x5,x23,x17	 x23:0xea0da228 x17:0x3d35e238  x5=0xd7384010
       10165000	      1015	800014b4	44921283	lh	x5,1097(x4)	  x4:0x80008175  x5=0x00007475 PA:0x800085be
       10175000	      1016	800014b8	013dccb3	xor	x25,x27,x19	 x27:0xf7eab77f x19:0xc2ca1dc8 x25=0x3520aab7
       10185000	      1017	800014bc	0156c733	xor	x14,x13,x21	 x13:0x00000000 x21:0x00000000 x14=0x00000000
       10195000	      1018	800014c0	01fad7b3	srl	x15,x21,x31	 x21:0x00000000 x31:0x00000000 x15=0x00000000
       10205000	      1019	800014c4	2c924303	lbu	x6,713(x4)	  x4:0x80008175  x6=0x000000f5 PA:0x8000843e
       10215000	      1020	800014c8	3c020b03	lb	x22,960(x4)	  x4:0x80008175 x22=0xffffffee PA:0x80008535
       10225000	      1021	800014cc	005061b3	or	x3,x0,x5	  x0:0x00000000  x5:0x00007475  x3=0x00007475
       10235000	      1022	800014d0	7bfb4393	xori	x7,x22,1983	 x22:0xffffffee  x7=0xfffff851
       10245000	      1023	800014d4	39b20683	lb	x13,923(x4)	  x4:0x80008175 x13=0xffffffcb PA:0x80008510
       10255000	      1024	800014d8	4a220483	lb	x9,1186(x4)	  x4:0x80008175  x9=0xffffffcc PA:0x80008617
       10265000	      1025	800014dc	8a6beb93	ori	x23,x23,-1882	 x23:0xea0da228 x23=0xfffffaae
       10275000	      1026	800014e0	59e211a3	sh	x30,1411(x4)	  x4:0x80008175 x30:0x763ea621 PA:0x800086f8
       10285000	      1027	800014e4	40d106b3	sub	x13,x2,x13	  x2:0xbf55b9a8 x13:0xffffffcb x13=0xbf55b9dd
       10295000	      1028	800014e8	f9d25683	lhu	x13,-99(x4)	  x4:0x80008175 x13=0x0000c8c9 PA:0x80008112
       10305000	      1029	800014ec	31048f13	addi	x30,x9,784	  x9:0xffffffcc x30=0x000002dc
       10315000	      1030	800014f0	000221b3	slt	x3,x4,x0	  x4:0x80008175  x0:0x00000000  x3=0x00000001
       10325000	      1031	800014f4	254cc093	xori	x1,x25,596	 x25:0x3520aab7  x1=0x3520a8e3
       10335000	      1032	800014f8	07024603	lbu	x12,112(x4)	  x4:0x80008175 x12=0x0000009e PA:0x800081e5
       10345000	      1033	800014fc	01121e03	lh	x28,17(x4)	  x4:0x80008175 x28=0x00003c3d PA:0x80008186
       10355000	      1034	80001500	28820583	lb	x11,648(x4)	  x4:0x80008175 x11=0xffffffb6 PA:0x800083fd
       10365000	      1035	80001504	01728633	add	x12,x5,x23	  x5:0x00007475 x23:0xfffffaae x12=0x00006f23
       10375000	      1036	80001508	01155193	srli	x3,x10,0x11	 x10:0xea0da228  x3=0x00007506
       10385000	      1037	8000150c	47a20d83	lb	x27,1146(x4)	  x4:0x80008175 x27=0xffffffa4 PA:0x800085ef
       10395000	      1038	80001510	00689813	slli	x16,x17,0x6	 x17:0x3d35e238 x16=0x4d788e00
       10405000	      1039	80001514	08dc3293	sltiu	x5,x24,141	 x24:0x00000f0a  x5=0x00000000
       10415000	      1040	80001518	291208a3	sb	x17,657(x4)	  x4:0x80008175 x17:0x3d35e238 PA:0x80008406
       10425000	      1041	8000151c	b23d0637	lui	x12,0xb23d0	 x12=0xb23d0000
       10435000	      1042	80001520	55d25603	lhu	x12,1373(x4)	  x4:0x80008175 x12=0x00008889 PA:0x800086d2
       10445000	      1043	80001524	02320c03	lb	x24,35(x4)	  x4:0x80008175 x24=0x00000053 PA:0x80008198
       10455000	      1044	80001528	48b24603	lbu	x12,1163(x4)	  x4:0x80008175 x12=0x000000bb PA:0x80008600
       10465000	      1045	8000152c	009f9293	slli	x5,x31,0x9	 x31:0x00000000  x5=0x00000000
       10475000	      1046	80001530	3b8f8093	addi	x1,x31,952	 x31:0x00000000  x1=0x000003b8
       10485000	      1047	80001534	00511893	slli	x17,x2,0x5	  x2:0xbf55b9a8 x17=0xeab73500
       10495000	      1048	80001538	97306e13	ori	x28,x0,-1677	  x0:0x00000000 x28=0xfffff973
       10505000	      1049	8000153c	19cc9c37	lui	x24,0x19cc9	 x24=0x19cc9000
       10515000	      1050	80001540	0178d463	bge	x17,x23,80001548	 x17:0xeab73500 x23:0xfffffaae
       10525000	      1051	80001544	012f1493	slli	x9,x30,0x12	 x30:0x000002dc  x9=0x0b700000
       10535000	      1052	80001548	01589a93	slli	x21,x17,0x15	 x17:0xeab73500 x21=0xa0000000
       10545000	      1053	8000154c	00d81613	slli	x12,x16,0xd	 x16:0x4d788e00 x12=0x11c00000
       10555000	      1054	80001550	40f703b3	sub	x7,x14,x15	 x14:0x00000000 x15:0x00000000  x7=0x00000000
       10565000	      1055	80001554	41a9d7b3	sra	x15,x19,x26	 x19:0xc2ca1dc8 x26:0x6a0e41ac x15=0xfffc2ca1
       10575000	      1056	80001558	233ee393	ori	x7,x29,563	 x29:0x00000000  x7=0x00000233
       10585000	      1057	8000155c	03cf6c63	bltu	x30,x28,80001594	 x30:0x000002dc x28:0xfffff973
       10595000	      1058	00000000	00000013	addi	x0,x0,0	  x0:0x00000000
       10605000	      1059	80001590	00000013	addi	x0,x0,0	  x0:0x00000000
       10615000	      1060	80001594	7f89a713	slti	x14,x19,2040	 x19:0xc2ca1dc8 x14=0x00000001
       10625000	      1061	80001598	80862c93	slti	x25,x12,-2040	 x12:0x11c00000 x25=0x00000000
       10635000	      1062	8000159c	03557863	bgeu	x10,x21,800015cc	 x10:0xea0da228 x21:0xa0000000
       10645000	      1063	00000000	00000013	addi	x0,x0,0	  x0:0x00000000
       10655000	      1064	800015c8	00000013	addi	x0,x0,0	  x0:0x00000000
       10665000	      1065	800015cc	7f4f84b7	lui	x9,0x7f4f8	  x9=0x7f4f8000
       10675000	      1066	800015d0	002041b3	xor	x3,x0,x2	  x0:0x00000000  x2:0xbf55b9a8  x3=0xbf55b9a8
       10685000	      1067	800015d4	0c214093	xori	x1,x2,194	  x2:0xbf55b9a8  x1=0xbf55b96a
       10695000	      1068	800015d8	018d2eb3	slt	x29,x26,x24	 x26:0x6a0e41ac x24:0x19cc9000 x29=0x00000000
       10705000	      1069	800015dc	62686393	ori	x7,x16,1574	 x16:0x4d788e00  x7=0x4d788e26
       10715000	      1070	800015e0	0012e6b3	or	x13,x5,x1	  x5:0x00000000  x1:0xbf55b96a x13=0xbf55b96a
       10725000	      1071	800015e4	01386263	bltu	x16,x19,800015e8	 x16:0x4d788e00 x19:0xc2ca1dc8
       10735000	      1072	00000000	00000013	addi	x0,x0,0	  x0:0x00000000
       10745000	      1073	800015e4	00000013	addi	x0,x0,0	  x0:0x00000000
       10755000	      1074	800015e8	02519063	bne	x3,x5,80001608	  x3:0xbf55b9a8  x5:0x00000000
       10765000	      1075	00000000	00000013	addi	x0,x0,0	  x0:0x00000000
       10775000	      1076	80001604	00000013	addi	x0,x0,0	  x0:0x00000000
       10785000	      1077	80001608	002d0833	add	x16,x26,x2	 x26:0x6a0e41ac  x2:0xbf55b9a8 x16=0x2963fb54
       10795000	      1078	8000160c	7930ed37	lui	x26,0x7930e	 x26=0x7930e000
       10805000	      1079	80001610	05def863	bgeu	x29,x29,80001660	 x29:0x00000000 x29:0x00000000
       10815000	      1080	00000000	00000013	addi	x0,x0,0	  x0:0x00000000
       10825000	      1081	8000165c	00000013	addi	x0,x0,0	  x0:0x00000000
       10835000	      1082	80001660	019bcc33	xor	x24,x23,x25	 x23:0xfffffaae x25:0x00000000 x24=0xfffffaae
       10845000	      1083	80001664	c6adbf13	sltiu	x30,x27,-918	 x27:0xffffffa4 x30=0x00000000
       10855000	      1084	80001668	015889b3	add	x19,x17,x21	 x17:0xeab73500 x21:0xa0000000 x19=0x8ab73500
       10865000	      1085	8000166c	0171eab3	or	x21,x3,x23	  x3:0xbf55b9a8 x23:0xfffffaae x21=0xfffffbae
       10875000	      1086	80001670	001a6463	bltu	x20,x1,80001678	 x20:0x80009fc4  x1:0xbf55b96a
       10885000	      1087	00000000	00000013	addi	x0,x0,0	  x0:0x00000000
       10895000	      1088	80001674	00000013	addi	x0,x0,0	  x0:0x00000000
       10905000	      1089	80001678	a8712213	slti	x4,x2,-1401	  x2:0xbf55b9a8  x4=0x00000001
       10915000	      1090	8000167c	00a46d33	or	x26,x8,x10	  x8:0xf7eab735 x10:0xea0da228 x26=0xffefb73d
       10925000	      1091	80001680	bdee3d17	auipc	x26,0xbdee3	 x26=0x3dee467c
       10935000	      1092	80001684	0205d863	bge	x11,x0,800016b4	 x11:0xffffffb6  x0:0x00000000
       10945000	      1093	80001688	013790b3	sll	x1,x15,x19	 x15:0xfffc2ca1 x19:0x8ab73500  x1=0xfffc2ca1
       10955000	      1094	8000168c	04e0e063	bltu	x1,x14,800016cc	  x1:0xfffc2ca1 x14:0x00000001
       10965000	      1095	80001690	76d2cf93	xori	x31,x5,1901	  x5:0x00000000 x31=0x0000076d
       10975000	      1096	80001694	b534a313	slti	x6,x9,-1197	  x9:0x7f4f8000  x6=0x00000000
       10985000	      1097	80001698	00634f33	xor	x30,x6,x6	  x6:0x00000000  x6:0x00000000 x30=0x00000000
       10995000	      1098	8000169c	0562e663	bltu	x5,x22,800016e8	  x5:0x00000000 x22:0xffffffee
       11005000	      1099	00000000	00000013	addi	x0,x0,0	  x0:0x00000000
       11015000	      1100	800016e4	00000013	addi	x0,x0,0	  x0:0x00000000
       11025000	      1101	800016e8	01101393	slli	x7,x0,0x11	  x0:0x00000000  x7=0x00000000
       11035000	      1102	800016ec	0058d2b3	srl	x5,x17,x5	 x17:0xeab73500  x5:0x00000000  x5=0xeab73500
       11045000	      1103	800016f0	0012fe33	and	x28,x5,x1	  x5:0xeab73500  x1:0xfffc2ca1 x28=0xeab42400
       11055000	      1104	800016f4	4000dc13	srai	x24,x1,0x0	  x1:0xfffc2ca1 x24=0xfffc2ca1
       11065000	      1105	800016f8	40058333	sub	x6,x11,x0	 x11:0xffffffb6  x0:0x00000000  x6=0xffffffb6
       11075000	      1106	800016fc	02f0e463	bltu	x1,x15,80001724	  x1:0xfffc2ca1 x15:0xfffc2ca1
       11085000	      1107	80001700	00acd4b3	srl	x9,x25,x10	 x25:0x00000000 x10:0xea0da228  x9=0x00000000
       11095000	      1108	80001704	d1fde693	ori	x13,x27,-737	 x27:0xffffffa4 x13=0xffffffbf
       11105000	      1109	80001708	eebe9497	auipc	x9,0xeebe9	  x9=0x6ebea704
       11115000	      1110	8000170c	051dd663	bge	x27,x17,80001758	 x27:0xffffffa4 x17:0xeab73500
       11125000	      1111	00000000	00000013	addi	x0,x0,0	  x0:0x00000000
       11135000	      1112	80001754	00000013	addi	x0,x0,0	  x0:0x00000000
       11145000	      1113	80001758	00727fb3	and	x31,x4,x7	  x4:0x00000001  x7:0x00000000 x31=0x00000000
       11155000	      1114	8000175c	5a8e6e93	ori	x29,x28,1448	 x28:0xeab42400 x29=0xeab425a8
       11165000	      1115	80001760	4c71a493	slti	x9,x3,1223	  x3:0xbf55b9a8  x9=0x00000001
       11175000	      1116	80001764	41055ab3	sra	x21,x10,x16	 x10:0xea0da228 x16:0x2963fb54 x21=0xfffffea0
       11185000	      1117	80001768	001cd193	srli	x3,x25,0x1	 x25:0x00000000  x3=0x00000000
       11195000	      1118	8000176c	00947463	bgeu	x8,x9,80001774	  x8:0xf7eab735  x9:0x00000001
       11205000	      1119	00000000	00000013	addi	x0,x0,0	  x0:0x00000000
       11215000	      1120	80001770	00000013	addi	x0,x0,0	  x0:0x00000000
       11225000	      1121	80001774	40950233	sub	x4,x10,x9	 x10:0xea0da228  x9:0x00000001  x4=0xea0da227
       11235000	      1122	80001778	00e71c13	slli	x24,x14,0xe	 x14:0x00000001 x24=0x00004000
       11245000	      1123	8000177c	a837f113	andi	x2,x15,-1405	 x15:0xfffc2ca1  x2=0xfffc2881
       11255000	      1124	80001780	01f87bb3	and	x23,x16,x31	 x16:0x2963fb54 x31:0x00000000 x23=0x00000000
       11265000	      1125	80001784	036c0063	beq	x24,x22,800017a4	 x24:0x00004000 x22:0xffffffee
       11275000	      1126	80001788	003e67b3	or	x15,x28,x3	 x28:0xeab42400  x3:0x00000000 x15=0xeab42400
       11285000	      1127	8000178c	005d69b3	or	x19,x26,x5	 x26:0x3dee467c  x5:0xeab73500 x19=0xffff777c
       11295000	      1128	80001790	00085b33	srl	x22,x16,x0	 x16:0x2963fb54  x0:0x00000000 x22=0x2963fb54
       11305000	      1129	80001794	003d1c93	slli	x25,x26,0x3	 x26:0x3dee467c x25=0xef7233e0
       11315000	      1130	80001798	0151bfb3	sltu	x31,x3,x21	  x3:0x00000000 x21:0xfffffea0 x31=0x00000001
       11325000	      1131	8000179c	41c75a93	srai	x21,x14,0x1c	 x14:0x00000001 x21=0x00000000
       11335000	      1132	800017a0	755cd137	lui	x2,0x755cd	  x2=0x755cd000
       11345000	      1133	800017a4	40d78ab3	sub	x21,x15,x13	 x15:0xeab42400 x13:0xffffffbf x21=0xeab42441
       11355000	      1134	800017a8	0445e063	bltu	x11,x4,800017e8	 x11:0xffffffb6  x4:0xea0da227
       11365000	      1135	800017ac	00ff1b13	slli	x22,x30,0xf	 x30:0x00000000 x22=0x00000000
       11375000	      1136	800017b0	00821463	bne	x4,x8,800017b8	  x4:0xea0da227  x8:0xf7eab735
       11385000	      1137	00000000	00000013	addi	x0,x0,0	  x0:0x00000000
       11395000	      1138	800017b4	00000013	addi	x0,x0,0	  x0:0x00000000
       11405000	      1139	800017b8	e38b2013	slti	x0,x22,-456	 x22:0x00000000
       11415000	      1140	800017bc	41785093	srai	x1,x16,0x17	 x16:0x2963fb54  x1=0x00000052
       11425000	      1141	800017c0	4081dfb3	sra	x31,x3,x8	  x3:0x00000000  x8:0xf7eab735 x31=0x00000000
       11435000	      1142	800017c4	be170cb7	lui	x25,0xbe170	 x25=0xbe170000
       11445000	      1143	800017c8	00000013	addi	x0,x0,0	  x0:0x00000000
       11455000	      1144	800017cc	00359bb3	sll	x23,x11,x3	 x11:0xffffffb6  x3:0x00000000 x23=0xffffffb6
       11465000	      1145	800017d0	02c18063	beq	x3,x12,800017f0	  x3:0x00000000 x12:0x11c00000
       11475000	      1146	800017d4	54c53217	auipc	x4,0x54c53	  x4=0xd4c547d0
       11485000	      1147	800017d8	01dd7993	andi	x19,x26,29	 x26:0x3dee467c x19=0x0000001c
       11495000	      1148	800017dc	00d0d7b3	srl	x15,x1,x13	  x1:0x00000052 x13:0xffffffbf x15=0x00000000
       11505000	      1149	800017e0	dfe5bf93	sltiu	x31,x11,-514	 x11:0xffffffb6 x31=0x00000000
       11515000	      1150	800017e4	01aa8463	beq	x21,x26,800017ec	 x21:0xeab42441 x26:0x3dee467c
       11525000	      1151	800017e8	001bd4b3	srl	x9,x23,x1	 x23:0xffffffb6  x1:0x00000052  x9=0x00003fff
       11535000	      1152	800017ec	018cde93	srli	x29,x25,0x18	 x25:0xbe170000 x29=0x000000be
       11545000	      1153	800017f0	7e94b193	sltiu	x3,x9,2025	  x9:0x00003fff  x3=0x00000000
       11555000	      1154	800017f4	4023da93	srai	x21,x7,0x2	  x7:0x00000000 x21=0x00000000
       11565000	      1155	800017f8	98d30593	addi	x11,x6,-1651	  x6:0xffffffb6 x11=0xfffff943
       11575000	      1156	800017fc	00ccb233	sltu	x4,x25,x12	 x25:0xbe170000 x12:0x11c00000  x4=0x00000000
       11585000	      1157	80001800	e6689b37	lui	x22,0xe6689	 x22=0xe6689000
       11595000	      1158	80001804	d659ec93	ori	x25,x19,-667	 x19:0x0000001c x25=0xfffffd7d
       11605000	      1159	80001808	00000013	addi	x0,x0,0	  x0:0x00000000
       11615000	      1160	8000180c	00b10d33	add	x26,x2,x11	  x2:0x755cd000 x11:0xfffff943 x26=0x755cc943
       11625000	      1161	80001810	03708063	beq	x1,x23,80001830	  x1:0x00000052 x23:0xffffffb6
       11635000	      1162	80001814	007f12b3	sll	x5,x30,x7	 x30:0x00000000  x7:0x00000000  x5=0x00000000
       11645000	      1163	80001818	00000013	addi	x0,x0,0	  x0:0x00000000
       11655000	      1164	8000181c	01a71793	slli	x15,x14,0x1a	 x14:0x00000001 x15=0x04000000
       11665000	      1165	80001820	00000013	addi	x0,x0,0	  x0:0x00000000
       11675000	      1166	80001824	b14dcab7	lui	x21,0xb14dc	 x21=0xb14dc000
       11685000	      1167	80001828	580531b7	lui	x3,0x58053	  x3=0x58053000
       11695000	      1168	8000182c	0c41b813	sltiu	x16,x3,196	  x3:0x58053000 x16=0x00000000
       11705000	      1169	80001830	41425e93	srai	x29,x4,0x14	  x4:0x00000000 x29=0x00000000
       11715000	      1170	80001834	007d9263	bne	x27,x7,80001838	 x27:0xffffffa4  x7:0x00000000
       11725000	      1171	00000000	00000013	addi	x0,x0,0	  x0:0x00000000
       11735000	      1172	80001834	00000013	addi	x0,x0,0	  x0:0x00000000
       11745000	      1173	80001838	03805663	bge	x0,x24,80001864	  x0:0x00000000 x24:0x00004000
       11755000	      1174	8000183c	711de993	ori	x19,x27,1809	 x27:0xffffffa4 x19=0xffffffb5
       11765000	      1175	80001840	057b9663	bne	x23,x23,8000188c	 x23:0xffffffb6 x23:0xffffffb6
       11775000	      1176	80001844	41e85233	sra	x4,x16,x30	 x16:0x00000000 x30:0x00000000  x4=0x00000000
       11785000	      1177	80001848	19e4fd93	andi	x27,x9,414	  x9:0x00003fff x27=0x0000019e
       11795000	      1178	8000184c	0071d9b3	srl	x19,x3,x7	  x3:0x58053000  x7:0x00000000 x19=0x58053000
       11805000	      1179	80001850	40cc80b3	sub	x1,x25,x12	 x25:0xfffffd7d x12:0x11c00000  x1=0xee3ffd7d
       11815000	      1180	80001854	03088663	beq	x17,x16,80001880	 x17:0xeab73500 x16:0x00000000
       11825000	      1181	80001858	03d1e463	bltu	x3,x29,80001880	  x3:0x58053000 x29:0x00000000
       11835000	      1182	8000185c	00f16db3	or	x27,x2,x15	  x2:0x755cd000 x15:0x04000000 x27=0x755cd000
       11845000	      1183	80001860	3b725e37	lui	x28,0x3b725	 x28=0x3b725000
       11855000	      1184	80001864	03014a63	blt	x2,x16,80001898	  x2:0x755cd000 x16:0x00000000
       11865000	      1185	80001868	eb780393	addi	x7,x16,-329	 x16:0x00000000  x7=0xfffffeb7
       11875000	      1186	8000186c	dee6ac93	slti	x25,x13,-530	 x13:0xffffffbf x25=0x00000000
       11885000	      1187	80001870	00000013	addi	x0,x0,0	  x0:0x00000000
       11895000	      1188	80001874	8daa24b7	lui	x9,0x8daa2	  x9=0x8daa2000
       11905000	      1189	80001878	04734663	blt	x6,x7,800018c4	  x6:0xffffffb6  x7:0xfffffeb7
       11915000	      1190	8000187c	02837e63	bgeu	x6,x8,800018b8	  x6:0xffffffb6  x8:0xf7eab735
       11925000	      1191	00000000	00000013	addi	x0,x0,0	  x0:0x00000000
       11935000	      1192	800018b4	00000013	addi	x0,x0,0	  x0:0x00000000
       11945000	      1193	800018b8	16b1c617	auipc	x12,0x16b1c	 x12=0x96b1d8b4
       11955000	      1194	800018bc	94d80217	auipc	x4,0x94d80	  x4=0x14d818b8
       11965000	      1195	800018c0	e92ce993	ori	x19,x25,-366	 x25:0x00000000 x19=0xfffffe92
       11975000	      1196	800018c4	001c8733	add	x14,x25,x1	 x25:0x00000000  x1:0xee3ffd7d x14=0xee3ffd7d
       11985000	      1197	800018c8	cf5c7e93	andi	x29,x24,-779	 x24:0x00004000 x29=0x00004000
       11995000	      1198	800018cc	010c8463	beq	x25,x16,800018d4	 x25:0x00000000 x16:0x00000000
       12005000	      1199	00000000	00000013	addi	x0,x0,0	  x0:0x00000000
       12015000	      1200	800018d0	00000013	addi	x0,x0,0	  x0:0x00000000
       12025000	      1201	800018d4	01d95213	srli	x4,x18,0x1d	 x18:0x80009f84  x4=0x00000004
       12035000	      1202	800018d8	4131d893	srai	x17,x3,0x13	  x3:0x58053000 x17=0x00000b00
       12045000	      1203	800018dc	eb2f6293	ori	x5,x30,-334	 x30:0x00000000  x5=0xfffffeb2
       12055000	      1204	800018e0	02b56863	bltu	x10,x11,80001910	 x10:0xea0da228 x11:0xfffff943
       12065000	      1205	00000000	00000013	addi	x0,x0,0	  x0:0x00000000
       12075000	      1206	8000190c	00000013	addi	x0,x0,0	  x0:0x00000000
       12085000	      1207	80001910	05ed7063	bgeu	x26,x30,80001950	 x26:0x755cc943 x30:0x00000000
       12095000	      1208	00000000	00000013	addi	x0,x0,0	  x0:0x00000000
       12105000	      1209	8000194c	00000013	addi	x0,x0,0	  x0:0x00000000
       12115000	      1210	80001950	0029d7b3	srl	x15,x19,x2	 x19:0xfffffe92  x2:0x755cd000 x15=0xfffffe92
       12125000	      1211	80001954	015a5793	srli	x15,x20,0x15	 x20:0x80009fc4 x15=0x00000400
       12135000	      1212	80001958	004cd293	srli	x5,x25,0x4	 x25:0x00000000  x5=0x00000000
       12145000	      1213	8000195c	410b59b3	sra	x19,x22,x16	 x22:0xe6689000 x16:0x00000000 x19=0xe6689000
       12155000	      1214	80001960	009a9c33	sll	x24,x21,x9	 x21:0xb14dc000  x9:0x8daa2000 x24=0xb14dc000
       12165000	      1215	80001964	000be463	bltu	x23,x0,8000196c	 x23:0xffffffb6  x0:0x00000000
       12175000	      1216	80001968	2d6bd517	auipc	x10,0x2d6bd	 x10=0xad6be964
       12185000	      1217	8000196c	41e15e13	srai	x28,x2,0x1e	  x2:0x755cd000 x28=0x00000001
       12195000	      1218	80001970	05ff1663	bne	x30,x31,800019bc	 x30:0x00000000 x31:0x00000000
       12205000	      1219	80001974	43556e93	ori	x29,x10,1077	 x10:0xad6be964 x29=0xad6bed75
       12215000	      1220	80001978	3d3c3113	sltiu	x2,x24,979	 x24:0xb14dc000  x2=0x00000000
       12225000	      1221	8000197c	02751263	bne	x10,x7,800019a0	 x10:0xad6be964  x7:0xfffffeb7
       12235000	      1222	00000000	00000013	addi	x0,x0,0	  x0:0x00000000
       12245000	      1223	8000199c	00000013	addi	x0,x0,0	  x0:0x00000000
       12255000	      1224	800019a0	01b6d113	srli	x2,x13,0x1b	 x13:0xffffffbf  x2=0x0000001f
       12265000	      1225	800019a4	0294c463	blt	x9,x9,800019cc	  x9:0x8daa2000  x9:0x8daa2000
       12275000	      1226	800019a8	032cec63	bltu	x25,x18,800019e0	 x25:0x00000000 x18:0x80009f84
       12285000	      1227	00000000	00000013	addi	x0,x0,0	  x0:0x00000000
       12295000	      1228	800019dc	00000013	addi	x0,x0,0	  x0:0x00000000
       12305000	      1229	800019e0	1be67597	auipc	x11,0x1be67	 x11=0x9be689dc
       12315000	      1230	800019e4	40ef5e93	srai	x29,x30,0xe	 x30:0x00000000 x29=0x00000000
       12325000	      1231	800019e8	5cd6a713	slti	x14,x13,1485	 x13:0xffffffbf x14=0x00000001
       12335000	      1232	800019ec	05a0e663	bltu	x1,x26,80001a38	  x1:0xee3ffd7d x26:0x755cc943
       12345000	      1233	800019f0	00000013	addi	x0,x0,0	  x0:0x00000000
       12355000	      1234	800019f4	0394e263	bltu	x9,x25,80001a18	  x9:0x8daa2000 x25:0x00000000
       12365000	      1235	800019f8	026cd863	bge	x25,x6,80001a28	 x25:0x00000000  x6:0xffffffb6
       12375000	      1236	00000000	00000013	addi	x0,x0,0	  x0:0x00000000
       12385000	      1237	80001a24	00000013	addi	x0,x0,0	  x0:0x00000000
       12395000	      1238	80001a28	19d2ae93	slti	x29,x5,413	  x5:0x00000000 x29=0x00000001
       12405000	      1239	80001a2c	d86b0113	addi	x2,x22,-634	 x22:0xe6689000  x2=0xe6688d86
       12415000	      1240	80001a30	00cf4bb3	xor	x23,x30,x12	 x30:0x00000000 x12:0x96b1d8b4 x23=0x96b1d8b4
       12425000	      1241	80001a34	00d1e0b3	or	x1,x3,x13	  x3:0x58053000 x13:0xffffffbf  x1=0xffffffbf
       12435000	      1242	80001a38	002a9463	bne	x21,x2,80001a40	 x21:0xb14dc000  x2:0xe6688d86
       12445000	      1243	00000000	00000013	addi	x0,x0,0	  x0:0x00000000
       12455000	      1244	80001a3c	00000013	addi	x0,x0,0	  x0:0x00000000
       12465000	      1245	80001a40	0124f4b3	and	x9,x9,x18	  x9:0x8daa2000 x18:0x80009f84  x9=0x80000000
       12475000	      1246	80001a44	0158dc33	srl	x24,x17,x21	 x17:0x00000b00 x21:0xb14dc000 x24=0x00000b00
       12485000	      1247	80001a48	414f8033	sub	x0,x31,x20	 x31:0x00000000 x20:0x80009fc4
       12495000	      1248	80001a4c	009c4233	xor	x4,x24,x9	 x24:0x00000b00  x9:0x80000000  x4=0x80000b00
       12505000	      1249	80001a50	f608e993	ori	x19,x17,-160	 x17:0x00000b00 x19=0xffffff60
       12515000	      1250	80001a54	048ee063	bltu	x29,x8,80001a94	 x29:0x00000001  x8:0xf7eab735
       12525000	      1251	00000000	00000013	addi	x0,x0,0	  x0:0x00000000
       12535000	      1252	80001a90	00000013	addi	x0,x0,0	  x0:0x00000000
       12545000	      1253	80001a94	00969a93	slli	x21,x13,0x9	 x13:0xffffffbf x21=0xffff7e00
       12555000	      1254	80001a98	dfa96193	ori	x3,x18,-518	 x18:0x80009f84  x3=0xfffffffe
       12565000	      1255	80001a9c	014c9cb3	sll	x25,x25,x20	 x25:0x00000000 x20:0x80009fc4 x25=0x00000000
       12575000	      1256	80001aa0	e85f2c93	slti	x25,x30,-379	 x30:0x00000000 x25=0x00000000
       12585000	      1257	80001aa4	018741b3	xor	x3,x14,x24	 x14:0x00000001 x24:0x00000b00  x3=0x00000b01
       12595000	      1258	80001aa8	41bf03b3	sub	x7,x30,x27	 x30:0x00000000 x27:0x755cd000  x7=0x8aa33000
       12605000	      1259	80001aac	01a2d113	srli	x2,x5,0x1a	  x5:0x00000000  x2=0x00000000
       12615000	      1260	80001ab0	40c80e33	sub	x28,x16,x12	 x16:0x00000000 x12:0x96b1d8b4 x28=0x694e274c
       12625000	      1261	80001ab4	2e494893	xori	x17,x18,740	 x18:0x80009f84 x17=0x80009d60
       12635000	      1262	80001ab8	01bbe533	or	x10,x23,x27	 x23:0x96b1d8b4 x27:0x755cd000 x10=0xf7fdd8b4
       12645000	      1263	80001abc	bebb7193	andi	x3,x22,-1045	 x22:0xe6689000  x3=0xe6689000
       12655000	      1264	80001ac0	01618fb3	add	x31,x3,x22	  x3:0xe6689000 x22:0xe6689000 x31=0xccd12000
       12665000	      1265	80001ac4	fddac717	auipc	x14,0xfddac	 x14=0x7ddadac0
       12675000	      1266	80001ac8	026ed463	bge	x29,x6,80001af0	 x29:0x00000001  x6:0xffffffb6
       12685000	      1267	00000000	00000013	addi	x0,x0,0	  x0:0x00000000
       12695000	      1268	80001aec	00000013	addi	x0,x0,0	  x0:0x00000000
       12705000	      1269	80001af0	01c40eb3	add	x29,x8,x28	  x8:0xf7eab735 x28:0x694e274c x29=0x6138de81
       12715000	      1270	80001af4	01041193	slli	x3,x8,0x10	  x8:0xf7eab735  x3=0xb7350000
       12725000	      1271	80001af8	d06b2b93	slti	x23,x22,-762	 x22:0xe6689000 x23=0x00000001
       12735000	      1272	80001afc	0103e333	or	x6,x7,x16	  x7:0x8aa33000 x16:0x00000000  x6=0x8aa33000
       12745000	      1273	80001b00	4b50ba93	sltiu	x21,x1,1205	  x1:0xffffffbf x21=0x00000000
       12755000	      1274	80001b04	53f84497	auipc	x9,0x53f84	  x9=0xd3f85b00
       12765000	      1275	80001b08	0184ec33	or	x24,x9,x24	  x9:0xd3f85b00 x24:0x00000b00 x24=0xd3f85b00
       12775000	      1276	80001b0c	005938b3	sltu	x17,x18,x5	 x18:0x80009f84  x5:0x00000000 x17=0x00000000
       12785000	      1277	80001b10	017fdbb3	srl	x23,x31,x23	 x31:0xccd12000 x23:0x00000001 x23=0x66689000
       12795000	      1278	80001b14	4028dc13	srai	x24,x17,0x2	 x17:0x00000000 x24=0x00000000
       12805000	      1279	80001b18	00eac033	xor	x0,x21,x14	 x21:0x00000000 x14:0x7ddadac0
       12815000	      1280	80001b1c	41025eb3	sra	x29,x4,x16	  x4:0x80000b00 x16:0x00000000 x29=0x80000b00
       12825000	      1281	80001b20	005cda93	srli	x21,x25,0x5	 x25:0x00000000 x21=0x00000000
       12835000	      1282	80001b24	01fe6eb3	or	x29,x28,x31	 x28:0x694e274c x31:0xccd12000 x29=0xeddf274c
       12845000	      1283	80001b28	015c9cb3	sll	x25,x25,x21	 x25:0x00000000 x21:0x00000000 x25=0x00000000
       12855000	      1284	80001b2c	01c13333	sltu	x6,x2,x28	  x2:0x00000000 x28:0x694e274c  x6=0x00000001
       12865000	      1285	80001b30	6e40b793	sltiu	x15,x1,1764	  x1:0xffffffbf x15=0x00000000
       12875000	      1286	80001b34	408edeb3	sra	x29,x29,x8	 x29:0xeddf274c  x8:0xf7eab735 x29=0xffffff6e
       12885000	      1287	80001b38	00000013	addi	x0,x0,0	  x0:0x00000000
       12895000	      1288	80001b3c	003427b3	slt	x15,x8,x3	  x8:0xf7eab735  x3:0xb7350000 x15=0x00000000
       12905000	      1289	80001b40	f24bad93	slti	x27,x23,-220	 x23:0x66689000 x27=0x00000000
       12915000	      1290	80001b44	00e98463	beq	x19,x14,80001b4c	 x19:0xffffff60 x14:0x7ddadac0
       12925000	      1291	80001b48	00000013	addi	x0,x0,0	  x0:0x00000000
       12935000	      1292	80001b4c	014475b3	and	x11,x8,x20	  x8:0xf7eab735 x20:0x80009fc4 x11=0x80009704
       12945000	      1293	80001b50	014eb9b3	sltu	x19,x29,x20	 x29:0xffffff6e x20:0x80009fc4 x19=0x00000000
       12955000	      1294	80001b54	016b1b93	slli	x23,x22,0x16	 x22:0xe6689000 x23=0x00000000
       12965000	      1295	80001b58	0128db13	srli	x22,x17,0x12	 x17:0x00000000 x22=0x00000000
       12975000	      1296	80001b5c	0121f463	bgeu	x3,x18,80001b64	  x3:0xb7350000 x18:0x80009f84
       12985000	      1297	00000000	00000013	addi	x0,x0,0	  x0:0x00000000
       12995000	      1298	80001b60	00000013	addi	x0,x0,0	  x0:0x00000000
       13005000	      1299	80001b64	41e90533	sub	x10,x18,x30	 x18:0x80009f84 x30:0x00000000 x10=0x80009f84
       13015000	      1300	80001b68	052f1863	bne	x30,x18,80001bb8	 x30:0x00000000 x18:0x80009f84
       13025000	      1301	00000000	00000013	addi	x0,x0,0	  x0:0x00000000
       13035000	      1302	80001bb4	00000013	addi	x0,x0,0	  x0:0x00000000
       13045000	      1303	80001bb8	00000013	addi	x0,x0,0	  x0:0x00000000
       13055000	      1304	80001bbc	472cf313	andi	x6,x25,1138	 x25:0x00000000  x6=0x00000000
       13065000	      1305	80001bc0	01595e63	bge	x18,x21,80001bdc	 x18:0x80009f84 x21:0x00000000
       13075000	      1306	80001bc4	0019a0b3	slt	x1,x19,x1	 x19:0x00000000  x1:0xffffffbf  x1=0x00000000
       13085000	      1307	80001bc8	ff433697	auipc	x13,0xff433	 x13=0x7f434bc4
       13095000	      1308	80001bcc	40910bb3	sub	x23,x2,x9	  x2:0x00000000  x9:0xd3f85b00 x23=0x2c07a500
       13105000	      1309	80001bd0	03411863	bne	x2,x20,80001c00	  x2:0x00000000 x20:0x80009fc4
       13115000	      1310	00000000	00000013	addi	x0,x0,0	  x0:0x00000000
       13125000	      1311	80001bfc	00000013	addi	x0,x0,0	  x0:0x00000000
       13135000	      1312	80001c00	0117c133	xor	x2,x15,x17	 x15:0x00000000 x17:0x00000000  x2=0x00000000
       13145000	      1313	80001c04	fec1bb93	sltiu	x23,x3,-20	  x3:0xb7350000 x23=0x00000001
       13155000	      1314	80001c08	45a78393	addi	x7,x15,1114	 x15:0x00000000  x7=0x0000045a
       13165000	      1315	80001c0c	0028b233	sltu	x4,x17,x2	 x17:0x00000000  x2:0x00000000  x4=0x00000000
       13175000	      1316	80001c10	0087d4b3	srl	x9,x15,x8	 x15:0x00000000  x8:0xf7eab735  x9=0x00000000
       13185000	      1317	80001c14	00095c13	srli	x24,x18,0x0	 x18:0x80009f84 x24=0x80009f84
       13195000	      1318	80001c18	01915463	bge	x2,x25,80001c20	  x2:0x00000000 x25:0x00000000
       13205000	      1319	00000000	00000013	addi	x0,x0,0	  x0:0x00000000
       13215000	      1320	80001c1c	00000013	addi	x0,x0,0	  x0:0x00000000
       13225000	      1321	80001c20	05cbf663	bgeu	x23,x28,80001c6c	 x23:0x00000001 x28:0x694e274c
       13235000	      1322	80001c24	0091e263	bltu	x3,x9,80001c28	  x3:0xb7350000  x9:0x00000000
       13245000	      1323	80001c28	99470e13	addi	x28,x14,-1644	 x14:0x7ddadac0 x28=0x7ddad454
       13255000	      1324	80001c2c	428e8b93	addi	x23,x29,1064	 x29:0xffffff6e x23=0x00000396
       13265000	      1325	80001c30	01d85263	bge	x16,x29,80001c34	 x16:0x00000000 x29:0xffffff6e
       13275000	      1326	00000000	00000013	addi	x0,x0,0	  x0:0x00000000
       13285000	      1327	80001c30	00000013	addi	x0,x0,0	  x0:0x00000000
       13295000	      1328	80001c34	7afd0d13	addi	x26,x26,1967	 x26:0x755cc943 x26=0x755cd0f2
       13305000	      1329	80001c38	017c5f13	srli	x30,x24,0x17	 x24:0x80009f84 x30=0x00000100
       13315000	      1330	80001c3c	0333d063	bge	x7,x19,80001c5c	  x7:0x0000045a x19:0x00000000
       13325000	      1331	00000000	00000013	addi	x0,x0,0	  x0:0x00000000
       13335000	      1332	80001c58	00000013	addi	x0,x0,0	  x0:0x00000000
       13345000	      1333	80001c5c	008905b3	add	x11,x18,x8	 x18:0x80009f84  x8:0xf7eab735 x11=0x77eb56b9
       13355000	      1334	80001c60	031d7663	bgeu	x26,x17,80001c8c	 x26:0x755cd0f2 x17:0x00000000
       13365000	      1335	00000000	00000013	addi	x0,x0,0	  x0:0x00000000
       13375000	      1336	80001c88	00000013	addi	x0,x0,0	  x0:0x00000000
       13385000	      1337	80001c8c	9c0e8597	auipc	x11,0x9c0e8	 x11=0x1c0e9c88
       13395000	      1338	80001c90	014e6733	or	x14,x28,x20	 x28:0x7ddad454 x20:0x80009fc4 x14=0xfddadfd4
       13405000	      1339	80001c94	01029d93	slli	x27,x5,0x10	  x5:0x00000000 x27=0x00000000
       13415000	      1340	80001c98	04847663	bgeu	x8,x8,80001ce4	  x8:0xf7eab735  x8:0xf7eab735
       13425000	      1341	00000000	00000013	addi	x0,x0,0	  x0:0x00000000
       13435000	      1342	80001ce0	00000013	addi	x0,x0,0	  x0:0x00000000
       13445000	      1343	80001ce4	411e0d33	sub	x26,x28,x17	 x28:0x7ddad454 x17:0x00000000 x26=0x7ddad454
       13455000	      1344	80001ce8	00000013	addi	x0,x0,0	  x0:0x00000000
       13465000	      1345	80001cec	01d5a833	slt	x16,x11,x29	 x11:0x1c0e9c88 x29:0xffffff6e x16=0x00000000
       13475000	      1346	80001cf0	030ff663	bgeu	x31,x16,80001d1c	 x31:0xccd12000 x16:0x00000000
       13485000	      1347	00000000	00000013	addi	x0,x0,0	  x0:0x00000000
       13495000	      1348	80001d18	00000013	addi	x0,x0,0	  x0:0x00000000
       13505000	      1349	80001d1c	0236de63	bge	x13,x3,80001d58	 x13:0x7f434bc4  x3:0xb7350000
       13515000	      1350	00000000	00000013	addi	x0,x0,0	  x0:0x00000000
       13525000	      1351	80001d54	00000013	addi	x0,x0,0	  x0:0x00000000
       13535000	      1352	80001d58	00b28c33	add	x24,x5,x11	  x5:0x00000000 x11:0x1c0e9c88 x24=0x1c0e9c88
       13545000	      1353	80001d5c	00e305b3	add	x11,x6,x14	  x6:0x00000000 x14:0xfddadfd4 x11=0xfddadfd4
       13555000	      1354	80001d60	04e7e663	bltu	x15,x14,80001dac	 x15:0x00000000 x14:0xfddadfd4
       13565000	      1355	00000000	00000013	addi	x0,x0,0	  x0:0x00000000
       13575000	      1356	80001da8	00000013	addi	x0,x0,0	  x0:0x00000000
       13585000	      1357	80001dac	0154deb3	srl	x29,x9,x21	  x9:0x00000000 x21:0x00000000 x29=0x00000000
       13595000	      1358	80001db0	01dd4463	blt	x26,x29,80001db8	 x26:0x7ddad454 x29:0x00000000
       13605000	      1359	80001db4	02f4d863	bge	x9,x15,80001de4	  x9:0x00000000 x15:0x00000000
       13615000	      1360	00000000	00000013	addi	x0,x0,0	  x0:0x00000000
       13625000	      1361	80001de0	00000013	addi	x0,x0,0	  x0:0x00000000
       13635000	      1362	80001de4	b6528137	lui	x2,0xb6528	  x2=0xb6528000
       13645000	      1363	80001de8	032ec663	blt	x29,x18,80001e14	 x29:0x00000000 x18:0x80009f84
       13655000	      1364	80001dec	0194c233	xor	x4,x9,x25	  x9:0x00000000 x25:0x00000000  x4=0x00000000
       13665000	      1365	80001df0	02dc8463	beq	x25,x13,80001e18	 x25:0x00000000 x13:0x7f434bc4
       13675000	      1366	80001df4	01b5a133	slt	x2,x11,x27	 x11:0xfddadfd4 x27:0x00000000  x2=0x00000001
       13685000	      1367	80001df8	40795cb3	sra	x25,x18,x7	 x18:0x80009f84  x7:0x0000045a x25=0xffffffe0
       13695000	      1368	80001dfc	40478b33	sub	x22,x15,x4	 x15:0x00000000  x4:0x00000000 x22=0x00000000
       13705000	      1369	80001e00	01009f33	sll	x30,x1,x16	  x1:0x00000000 x16:0x00000000 x30=0x00000000
       13715000	      1370	80001e04	00eea633	slt	x12,x29,x14	 x29:0x00000000 x14:0xfddadfd4 x12=0x00000000
       13725000	      1371	80001e08	a1de3113	sltiu	x2,x28,-1507	 x28:0x7ddad454  x2=0x00000001
       13735000	      1372	80001e0c	41f45f33	sra	x30,x8,x31	  x8:0xf7eab735 x31:0xccd12000 x30=0xf7eab735
       13745000	      1373	80001e10	038efa63	bgeu	x29,x24,80001e44	 x29:0x00000000 x24:0x1c0e9c88
       13755000	      1374	80001e14	1837a993	slti	x19,x15,387	 x15:0x00000000 x19=0x00000001
       13765000	      1375	80001e18	01c1ecb3	or	x25,x3,x28	  x3:0xb7350000 x28:0x7ddad454 x25=0xffffd454
       13775000	      1376	80001e1c	00000013	addi	x0,x0,0	  x0:0x00000000
       13785000	      1377	80001e20	050fc863	blt	x31,x16,80001e70	 x31:0xccd12000 x16:0x00000000
       13795000	      1378	00000000	00000013	addi	x0,x0,0	  x0:0x00000000
       13805000	      1379	80001e6c	00000013	addi	x0,x0,0	  x0:0x00000000
       13815000	      1380	80001e70	01257cb3	and	x25,x10,x18	 x10:0x80009f84 x18:0x80009f84 x25=0x80009f84
       13825000	      1381	80001e74	d3958513	addi	x10,x11,-711	 x11:0xfddadfd4 x10=0xfddadd0d
       13835000	      1382	80001e78	00382733	slt	x14,x16,x3	 x16:0x00000000  x3:0xb7350000 x14=0x00000000
       13845000	      1383	80001e7c	37d5a593	slti	x11,x11,893	 x11:0xfddadfd4 x11=0x00000001
       13855000	      1384	80001e80	02f8e063	bltu	x17,x15,80001ea0	 x17:0x00000000 x15:0x00000000
       13865000	      1385	80001e84	4157db13	srai	x22,x15,0x15	 x15:0x00000000 x22=0x00000000
       13875000	      1386	80001e88	c212a797	auipc	x15,0xc212a	 x15=0x4212be84
       13885000	      1387	80001e8c	72f1e013	ori	x0,x3,1839	  x3:0xb7350000
       13895000	      1388	80001e90	40595e33	sra	x28,x18,x5	 x18:0x80009f84  x5:0x00000000 x28=0x80009f84
       13905000	      1389	80001e94	74e00993	addi	x19,x0,1870	  x0:0x00000000 x19=0x0000074e
       13915000	      1390	80001e98	0079d633	srl	x12,x19,x7	 x19:0x0000074e  x7:0x0000045a x12=0x00000000
       13925000	      1391	80001e9c	015ed333	srl	x6,x29,x21	 x29:0x00000000 x21:0x00000000  x6=0x00000000
       13935000	      1392	80001ea0	00000013	addi	x0,x0,0	  x0:0x00000000
       13945000	      1393	80001ea4	01754463	blt	x10,x23,80001eac	 x10:0xfddadd0d x23:0x00000396
       13955000	      1394	00000000	00000013	addi	x0,x0,0	  x0:0x00000000
       13965000	      1395	80001ea8	00000013	addi	x0,x0,0	  x0:0x00000000
       13975000	      1396	80001eac	403cd613	srai	x12,x25,0x3	 x25:0x80009f84 x12=0xf00013f0
       13985000	      1397	80001eb0	56bfad13	slti	x26,x31,1387	 x31:0xccd12000 x26=0x00000001
       13995000	      1398	80001eb4	54cded13	ori	x26,x27,1356	 x27:0x00000000 x26=0x0000054c
       14005000	      1399	80001eb8	23491d97	auipc	x27,0x23491	 x27=0xa3492eb4
       14015000	      1400	80001ebc	0053ae33	slt	x28,x7,x5	  x7:0x0000045a  x5:0x00000000 x28=0x00000000
       14025000	      1401	80001ec0	008a9993	slli	x19,x21,0x8	 x21:0x00000000 x19=0x00000000
       14035000	      1402	80001ec4	01e76833	or	x16,x14,x30	 x14:0x00000000 x30:0xf7eab735 x16=0xf7eab735
       14045000	      1403	80001ec8	04b6d663	bge	x13,x11,80001f14	 x13:0x7f434bc4 x11:0x00000001
       14055000	      1404	00000000	00000013	addi	x0,x0,0	  x0:0x00000000
       14065000	      1405	80001f10	00000013	addi	x0,x0,0	  x0:0x00000000
       14075000	      1406	80001f14	0235bb37	lui	x22,0x235b	 x22=0x0235b000
       14085000	      1407	80001f18	04ccd863	bge	x25,x12,80001f68	 x25:0x80009f84 x12:0xf00013f0
       14095000	      1408	80001f1c	01d49a97	auipc	x21,0x1d49	 x21=0x81d4af18
       14105000	      1409	80001f20	011a6fb3	or	x31,x20,x17	 x20:0x80009fc4 x17:0x00000000 x31=0x80009fc4
       14115000	      1410	80001f24	38630f93	addi	x31,x6,902	  x6:0x00000000 x31=0x00000386
       14125000	      1411	80001f28	467f2b93	slti	x23,x30,1127	 x30:0xf7eab735 x23=0x00000001
       14135000	      1412	80001f2c	0206c293	xori	x5,x13,32	 x13:0x7f434bc4  x5=0x7f434be4
       14145000	      1413	80001f30	00a29a93	slli	x21,x5,0xa	  x5:0x7f434be4 x21=0x0d2f9000
       14155000	      1414	80001f34	017d9313	slli	x6,x27,0x17	 x27:0xa3492eb4  x6=0x5a000000
       14165000	      1415	80001f38	56d37813	andi	x16,x6,1389	  x6:0x5a000000 x16=0x00000000
       14175000	      1416	80001f3c	005c9113	slli	x2,x25,0x5	 x25:0x80009f84  x2=0x0013f080
       14185000	      1417	80001f40	0057e263	bltu	x15,x5,80001f44	 x15:0x4212be84  x5:0x7f434be4
       14195000	      1418	00000000	00000013	addi	x0,x0,0	  x0:0x00000000
       14205000	      1419	80001f40	00000013	addi	x0,x0,0	  x0:0x00000000
       14215000	      1420	80001f44	00bb5c93	srli	x25,x22,0xb	 x22:0x0235b000 x25=0x000046b6
       14225000	      1421	80001f48	0021ddb3	srl	x27,x3,x2	  x3:0xb7350000  x2:0x0013f080 x27=0xb7350000
       14235000	      1422	80001f4c	03db5463	bge	x22,x29,80001f74	 x22:0x0235b000 x29:0x00000000
       14245000	      1423	00000000	00000013	addi	x0,x0,0	  x0:0x00000000
       14255000	      1424	80001f70	00000013	addi	x0,x0,0	  x0:0x00000000
       14265000	      1425	80001f74	f425dc37	lui	x24,0xf425d	 x24=0xf425d000
       14275000	      1426	80001f78	2a9e0693	addi	x13,x28,681	 x28:0x00000000 x13=0x000002a9
       14285000	      1427	80001f7c	842ab013	sltiu	x0,x21,-1982	 x21:0x0d2f9000
       14295000	      1428	80001f80	00a0b733	sltu	x14,x1,x10	  x1:0x00000000 x10:0xfddadd0d x14=0x00000001
       14305000	      1429	80001f84	01e61593	slli	x11,x12,0x1e	 x12:0xf00013f0 x11=0x00000000
       14315000	      1430	80001f88	006cdd93	srli	x27,x25,0x6	 x25:0x000046b6 x27=0x0000011a
       14325000	      1431	80001f8c	01c9ff33	and	x30,x19,x28	 x19:0x00000000 x28:0x00000000 x30=0x00000000
       14335000	      1432	80001f90	0122dfb3	srl	x31,x5,x18	  x5:0x7f434be4 x18:0x80009f84 x31=0x07f434be
       14345000	      1433	80001f94	0044a9b3	slt	x19,x9,x4	  x9:0x00000000  x4:0x00000000 x19=0x00000000
       14355000	      1434	80001f98	9ee10e93	addi	x29,x2,-1554	  x2:0x0013f080 x29=0x0013ea6e
       14365000	      1435	80001f9c	3815ee13	ori	x28,x11,897	 x11:0x00000000 x28=0x00000381
       14375000	      1436	80001fa0	66726113	ori	x2,x4,1639	  x4:0x00000000  x2=0x00000667
       14385000	      1437	80001fa4	fb89e993	ori	x19,x19,-72	 x19:0x00000000 x19=0xffffffb8
       14395000	      1438	80001fa8	07b22b93	slti	x23,x4,123	  x4:0x00000000 x23=0x00000001
       14405000	      1439	80001fac	017af133	and	x2,x21,x23	 x21:0x0d2f9000 x23:0x00000001  x2=0x00000000
       14415000	      1440	80001fb0	03634c63	blt	x6,x22,80001fe8	  x6:0x5a000000 x22:0x0235b000
       14425000	      1441	80001fb4	01ef48b3	xor	x17,x30,x30	 x30:0x00000000 x30:0x00000000 x17=0x00000000
       14435000	      1442	80001fb8	40375493	srai	x9,x14,0x3	 x14:0x00000001  x9=0x00000000
       14445000	      1443	80001fbc	d4fd8a93	addi	x21,x27,-689	 x27:0x0000011a x21=0xfffffe69
       14455000	      1444	80001fc0	014c17b3	sll	x15,x24,x20	 x24:0xf425d000 x20:0x80009fc4 x15=0x425d0000
       14465000	      1445	80001fc4	211ac513	xori	x10,x21,529	 x21:0xfffffe69 x10=0xfffffc78
       14475000	      1446	80001fc8	41b807b3	sub	x15,x16,x27	 x16:0x00000000 x27:0x0000011a x15=0xfffffee6
       14485000	      1447	80001fcc	005850b3	srl	x1,x16,x5	 x16:0x00000000  x5:0x7f434be4  x1=0x00000000
       14495000	      1448	80001fd0	01f7e533	or	x10,x15,x31	 x15:0xfffffee6 x31:0x07f434be x10=0xfffffefe
       14505000	      1449	80001fd4	00f60733	add	x14,x12,x15	 x12:0xf00013f0 x15:0xfffffee6 x14=0xf00012d6
       14515000	      1450	80001fd8	0072d793	srli	x15,x5,0x7	  x5:0x7f434be4 x15=0x00fe8697
       14525000	      1451	80001fdc	7be7f717	auipc	x14,0x7be7f	 x14=0xfbe80fd8
       14535000	      1452	80001fe0	010d5fb3	srl	x31,x26,x16	 x26:0x0000054c x16:0x00000000 x31=0x0000054c
       14545000	      1453	80001fe4	c74a8513	addi	x10,x21,-908	 x21:0xfffffe69 x10=0xfffffadd
       14555000	      1454	80001fe8	01f772b3	and	x5,x14,x31	 x14:0xfbe80fd8 x31:0x0000054c  x5=0x00000548
       14565000	      1455	80001fec	022aca63	blt	x21,x2,80002020	 x21:0xfffffe69  x2:0x00000000
       14575000	      1456	00000000	00000013	addi	x0,x0,0	  x0:0x00000000
       14585000	      1457	8000201c	00000013	addi	x0,x0,0	  x0:0x00000000
       14595000	      1458	80002020	023f1663	bne	x30,x3,8000204c	 x30:0x00000000  x3:0xb7350000
       14605000	      1459	00000000	00000013	addi	x0,x0,0	  x0:0x00000000
       14615000	      1460	80002048	00000013	addi	x0,x0,0	  x0:0x00000000
       14625000	      1461	8000204c	009a5133	srl	x2,x20,x9	 x20:0x80009fc4  x9:0x00000000  x2=0x80009fc4
       14635000	      1462	80002050	0030c233	xor	x4,x1,x3	  x1:0x00000000  x3:0xb7350000  x4=0xb7350000
       14645000	      1463	80002054	0103d3b3	srl	x7,x7,x16	  x7:0x0000045a x16:0x00000000  x7=0x0000045a
       14655000	      1464	80002058	9d03c193	xori	x3,x7,-1584	  x7:0x0000045a  x3=0xfffffd8a
       14665000	      1465	8000205c	01cc7bb3	and	x23,x24,x28	 x24:0xf425d000 x28:0x00000381 x23=0x00000000
       14675000	      1466	80002060	04239663	bne	x7,x2,800020ac	  x7:0x0000045a  x2:0x80009fc4
       14685000	      1467	00000000	00000013	addi	x0,x0,0	  x0:0x00000000
       14695000	      1468	800020a8	00000013	addi	x0,x0,0	  x0:0x00000000
       14705000	      1469	800020ac	87cd4513	xori	x10,x26,-1924	 x26:0x0000054c x10=0xfffffd30
       14715000	      1470	800020b0	04740663	beq	x8,x7,800020fc	  x8:0xf7eab735  x7:0x0000045a
       14725000	      1471	800020b4	003d2ab3	slt	x21,x26,x3	 x26:0x0000054c  x3:0xfffffd8a x21=0x00000000
       14735000	      1472	800020b8	01077033	and	x0,x14,x16	 x14:0xfbe80fd8 x16:0x00000000
       14745000	      1473	800020bc	05f1f663	bgeu	x3,x31,80002108	  x3:0xfffffd8a x31:0x0000054c
       14755000	      1474	00000000	00000013	addi	x0,x0,0	  x0:0x00000000
       14765000	      1475	80002104	00000013	addi	x0,x0,0	  x0:0x00000000
       14775000	      1476	80002108	055bf893	andi	x17,x23,85	 x23:0x00000000 x17=0x00000000
       14785000	      1477	8000210c	4146d1b3	sra	x3,x13,x20	 x13:0x000002a9 x20:0x80009fc4  x3=0x0000002a
       14795000	      1478	80002110	00000013	addi	x0,x0,0	  x0:0x00000000
       14805000	      1479	80002114	007286b3	add	x13,x5,x7	  x5:0x00000548  x7:0x0000045a x13=0x000009a2
       14815000	      1480	80002118	87f07293	andi	x5,x0,-1921	  x0:0x00000000  x5=0x00000000
       14825000	      1481	8000211c	8acf6c93	ori	x25,x30,-1876	 x30:0x00000000 x25=0xfffff8ac
       14835000	      1482	80002120	013c3e33	sltu	x28,x24,x19	 x24:0xf425d000 x19:0xffffffb8 x28=0x00000001
       14845000	      1483	80002124	0381f263	bgeu	x3,x24,80002148	  x3:0x0000002a x24:0xf425d000
       14855000	      1484	80002128	039fc663	blt	x31,x25,80002154	 x31:0x0000054c x25:0xfffff8ac
       14865000	      1485	8000212c	2d2fc9b7	lui	x19,0x2d2fc	 x19=0x2d2fc000
       14875000	      1486	80002130	9f9bc593	xori	x11,x23,-1543	 x23:0x00000000 x11=0xfffff9f9
       14885000	      1487	80002134	00780463	beq	x16,x7,8000213c	 x16:0x00000000  x7:0x0000045a
       14895000	      1488	80002138	00521113	slli	x2,x4,0x5	  x4:0xb7350000  x2=0xe6a00000
       14905000	      1489	8000213c	404b5633	sra	x12,x22,x4	 x22:0x0235b000  x4:0xb7350000 x12=0x0235b000
       14915000	      1490	80002140	0c8a2293	slti	x5,x20,200	 x20:0x80009fc4  x5=0x00000001
       14925000	      1491	80002144	026f4463	blt	x30,x6,8000216c	 x30:0x00000000  x6:0x5a000000
       14935000	      1492	00000000	00000013	addi	x0,x0,0	  x0:0x00000000
       14945000	      1493	80002168	00000013	addi	x0,x0,0	  x0:0x00000000
       14955000	      1494	8000216c	404757b3	sra	x15,x14,x4	 x14:0xfbe80fd8  x4:0xb7350000 x15=0xfbe80fd8
       14965000	      1495	80002170	002f17b3	sll	x15,x30,x2	 x30:0x00000000  x2:0xe6a00000 x15=0x00000000
       14975000	      1496	80002174	03df1e63	bne	x30,x29,800021b0	 x30:0x00000000 x29:0x0013ea6e
       14985000	      1497	00000000	00000013	addi	x0,x0,0	  x0:0x00000000
       14995000	      1498	800021ac	00000013	addi	x0,x0,0	  x0:0x00000000
       15005000	      1499	800021b0	40d45193	srai	x3,x8,0xd	  x8:0xf7eab735  x3=0xffffbf55
       15015000	      1500	800021b4	0b0c8b13	addi	x22,x25,176	 x25:0xfffff8ac x22=0xfffff95c
       15025000	      1501	800021b8	4c0d03b7	lui	x7,0x4c0d0	  x7=0x4c0d0000
       15035000	      1502	800021bc	0165c263	blt	x11,x22,800021c0	 x11:0xfffff9f9 x22:0xfffff95c
       15045000	      1503	800021c0	011b64b3	or	x9,x22,x17	 x22:0xfffff95c x17:0x00000000  x9=0xfffff95c
       15055000	      1504	800021c4	aff88b13	addi	x22,x17,-1281	 x17:0x00000000 x22=0xfffffaff
       15065000	      1505	800021c8	ad0e4c13	xori	x24,x28,-1328	 x28:0x00000001 x24=0xfffffad1
       15075000	      1506	800021cc	d9d17a93	andi	x21,x2,-611	  x2:0xe6a00000 x21=0xe6a00000
       15085000	      1507	800021d0	011d5c93	srli	x25,x26,0x11	 x26:0x0000054c x25=0x00000000
       15095000	      1508	800021d4	79530a93	addi	x21,x6,1941	  x6:0x5a000000 x21=0x5a000795
       15105000	      1509	800021d8	454ea813	slti	x16,x29,1108	 x29:0x0013ea6e x16=0x00000000
       15115000	      1510	800021dc	858c0213	addi	x4,x24,-1960	 x24:0xfffffad1  x4=0xfffff329
       15125000	      1511	800021e0	007418b3	sll	x17,x8,x7	  x8:0xf7eab735  x7:0x4c0d0000 x17=0xf7eab735
       15135000	      1512	800021e4	019b9613	slli	x12,x23,0x19	 x23:0x00000000 x12=0x00000000
       15145000	      1513	800021e8	01ef3b33	sltu	x22,x30,x30	 x30:0x00000000 x30:0x00000000 x22=0x00000000
       15155000	      1514	800021ec	01c54fb3	xor	x31,x10,x28	 x10:0xfffffd30 x28:0x00000001 x31=0xfffffd31
       15165000	      1515	800021f0	00fd5db3	srl	x27,x26,x15	 x26:0x0000054c x15:0x00000000 x27=0x0000054c
       15175000	      1516	800021f4	01ab8e33	add	x28,x23,x26	 x23:0x00000000 x26:0x0000054c x28=0x0000054c
       15185000	      1517	800021f8	00a51463	bne	x10,x10,80002200	 x10:0xfffffd30 x10:0xfffffd30
       15195000	      1518	800021fc	01317f33	and	x30,x2,x19	  x2:0xe6a00000 x19:0x2d2fc000 x30=0x24200000
       15205000	      1519	80002200	40bc0f33	sub	x30,x24,x11	 x24:0xfffffad1 x11:0xfffff9f9 x30=0x000000d8
       15215000	      1520	80002204	0543d063	bge	x7,x20,80002244	  x7:0x4c0d0000 x20:0x80009fc4
       15225000	      1521	00000000	00000013	addi	x0,x0,0	  x0:0x00000000
       15235000	      1522	80002240	00000013	addi	x0,x0,0	  x0:0x00000000
       15245000	      1523	80002244	3b023993	sltiu	x19,x4,944	  x4:0xfffff329 x19=0x00000000
       15255000	      1524	80002248	00000013	addi	x0,x0,0	  x0:0x00000000
       15265000	      1525	8000224c	02c38663	beq	x7,x12,80002278	  x7:0x4c0d0000 x12:0x00000000
       15275000	      1526	80002250	03e94063	blt	x18,x30,80002270	 x18:0x80009f84 x30:0x000000d8
       15285000	      1527	00000000	00000013	addi	x0,x0,0	  x0:0x00000000
       15295000	      1528	8000226c	00000013	addi	x0,x0,0	  x0:0x00000000
       15305000	      1529	80002270	02068463	beq	x13,x0,80002298	 x13:0x000009a2  x0:0x00000000
       15315000	      1530	80002274	03687663	bgeu	x16,x22,800022a0	 x16:0x00000000 x22:0x00000000
       15325000	      1531	00000000	00000013	addi	x0,x0,0	  x0:0x00000000
       15335000	      1532	8000229c	00000013	addi	x0,x0,0	  x0:0x00000000
       15345000	      1533	800022a0	02847463	bgeu	x8,x8,800022c8	  x8:0xf7eab735  x8:0xf7eab735
       15355000	      1534	00000000	00000013	addi	x0,x0,0	  x0:0x00000000
       15365000	      1535	800022c4	00000013	addi	x0,x0,0	  x0:0x00000000
       15375000	      1536	800022c8	0573f663	bgeu	x7,x23,80002314	  x7:0x4c0d0000 x23:0x00000000
       15385000	      1537	00000000	00000013	addi	x0,x0,0	  x0:0x00000000
       15395000	      1538	80002310	00000013	addi	x0,x0,0	  x0:0x00000000
       15405000	      1539	80002314	0b2d4f93	xori	x31,x26,178	 x26:0x0000054c x31=0x000005fe
       15415000	      1540	80002318	f012b7b7	lui	x15,0xf012b	 x15=0xf012b000
       15425000	      1541	8000231c	009b4eb3	xor	x29,x22,x9	 x22:0x00000000  x9:0xfffff95c x29=0xfffff95c
       15435000	      1542	80002320	016f9463	bne	x31,x22,80002328	 x31:0x000005fe x22:0x00000000
       15445000	      1543	00000000	00000013	addi	x0,x0,0	  x0:0x00000000
       15455000	      1544	80002324	00000013	addi	x0,x0,0	  x0:0x00000000
       15465000	      1545	80002328	00a9a333	slt	x6,x19,x10	 x19:0x00000000 x10:0xfffffd30  x6=0x00000000
       15475000	      1546	8000232c	03f3d863	bge	x7,x31,8000235c	  x7:0x4c0d0000 x31:0x000005fe
       15485000	      1547	00000000	00000013	addi	x0,x0,0	  x0:0x00000000
       15495000	      1548	80002358	00000013	addi	x0,x0,0	  x0:0x00000000
       15505000	      1549	8000235c	0085d693	srli	x13,x11,0x8	 x11:0xfffff9f9 x13=0x00fffff9
       15515000	      1550	80002360	05106663	bltu	x0,x17,800023ac	  x0:0x00000000 x17:0xf7eab735
       15525000	      1551	00000000	00000013	addi	x0,x0,0	  x0:0x00000000
       15535000	      1552	800023a8	00000013	addi	x0,x0,0	  x0:0x00000000
       15545000	      1553	800023ac	00d0db93	srli	x23,x1,0xd	  x1:0x00000000 x23=0x00000000
       15555000	      1554	800023b0	00006b17	auipc	x22,0x6	 x22=0x800083ac
       15565000	      1555	800023b4	4f3b0b13	addi	x22,x22,1267	 x22:0x800083ac x22=0x8000889f
       15575000	      1556	800023b8	00000013	addi	x0,x0,0	  x0:0x00000000
       15585000	      1557	800023bc	00060ab3	add	x21,x12,x0	 x12:0x00000000  x0:0x00000000 x21=0x00000000
       15595000	      1558	800023c0	617b4e03	lbu	x28,1559(x22)	 x22:0x8000889f x28=0x0000009d PA:0x80008eb6
       15605000	      1559	800023c4	2a4b0da3	sb	x4,699(x22)	 x22:0x8000889f  x4:0xfffff329 PA:0x80008b5a
       15615000	      1560	800023c8	66db08a3	sb	x13,1649(x22)	 x22:0x8000889f x13:0x00fffff9 PA:0x80008f10
       15625000	      1561	800023cc	14db0003	lb	x0,333(x22)	 x22:0x8000889f PA:0x800089ec
       15635000	      1562	800023d0	7a957093	andi	x1,x10,1961	 x10:0xfffffd30  x1=0x00000520
       15645000	      1563	800023d4	01969213	slli	x4,x13,0x19	 x13:0x00fffff9  x4=0xf2000000
       15655000	      1564	800023d8	01a18e33	add	x28,x3,x26	  x3:0xffffbf55 x26:0x0000054c x28=0xffffc4a1
       15665000	      1565	800023dc	582b4483	lbu	x9,1410(x22)	 x22:0x8000889f  x9=0x0000000a PA:0x80008e21
       15675000	      1566	800023e0	390b4a83	lbu	x21,912(x22)	 x22:0x8000889f x21=0x00000014 PA:0x80008c2f
       15685000	      1567	800023e4	300b0323	sb	x0,774(x22)	 x22:0x8000889f  x0:0x00000000 PA:0x80008ba5
       15695000	      1568	800023e8	71eb0003	lb	x0,1822(x22)	 x22:0x8000889f PA:0x80008fbd
       15705000	      1569	800023ec	9a09cb93	xori	x23,x19,-1632	 x19:0x00000000 x23=0xfffff9a0
       15715000	      1570	800023f0	00ee1d93	slli	x27,x28,0xe	 x28:0xffffc4a1 x27=0xf1284000
       15725000	      1571	800023f4	5e6b0e83	lb	x29,1510(x22)	 x22:0x8000889f x29=0x0000006e PA:0x80008e85
       15735000	      1572	800023f8	006da5b3	slt	x11,x27,x6	 x27:0xf1284000  x6:0x00000000 x11=0x00000001
       15745000	      1573	800023fc	2d7b5c83	lhu	x25,727(x22)	 x22:0x8000889f x25=0x00005c5d PA:0x80008b76
       15755000	      1574	80002400	e43e4e37	lui	x28,0xe43e4	 x28=0xe43e4000
       15765000	      1575	80002404	183b4a83	lbu	x21,387(x22)	 x22:0x8000889f x21=0x00000009 PA:0x80008a22
       15775000	      1576	80002408	019f9f13	slli	x30,x31,0x19	 x31:0x000005fe x30=0xfc000000
       15785000	      1577	8000240c	49bb1c83	lh	x25,1179(x22)	 x22:0x8000889f x25=0x00002021 PA:0x80008d3a
       15795000	      1578	80002410	0165d2b3	srl	x5,x11,x22	 x11:0x00000001 x22:0x8000889f  x5=0x00000000
       15805000	      1579	80002414	56db0083	lb	x1,1389(x22)	 x22:0x8000889f  x1=0xfffffff7 PA:0x80008e0c
       15815000	      1580	80002418	f2693f93	sltiu	x31,x18,-218	 x18:0x80009f84 x31=0x00000001
       15825000	      1581	8000241c	012925b3	slt	x11,x18,x18	 x18:0x80009f84 x18:0x80009f84 x11=0x00000000
       15835000	      1582	80002420	44a656b7	lui	x13,0x44a65	 x13=0x44a65000
       15845000	      1583	80002424	03d75063	bge	x14,x29,80002444	 x14:0xfbe80fd8 x29:0x0000006e
       15855000	      1584	80002428	402ad2b3	sra	x5,x21,x2	 x21:0x00000009  x2:0xe6a00000  x5=0x00000009
       15865000	      1585	8000242c	009b7b33	and	x22,x22,x9	 x22:0x8000889f  x9:0x0000000a x22=0x0000000a
       15875000	      1586	80002430	a6c2a6b7	lui	x13,0xa6c2a	 x13=0xa6c2a000
       15885000	      1587	80002434	0374ca63	blt	x9,x23,80002468	  x9:0x0000000a x23:0xfffff9a0
       15895000	      1588	80002438	0291d863	bge	x3,x9,80002468	  x3:0xffffbf55  x9:0x0000000a
       15905000	      1589	8000243c	9d0c4213	xori	x4,x24,-1584	 x24:0xfffffad1  x4=0x00000301
       15915000	      1590	80002440	f7e7ef37	lui	x30,0xf7e7e	 x30=0xf7e7e000
       15925000	      1591	80002444	000cdf13	srli	x30,x25,0x0	 x25:0x00002021 x30=0x00002021
       15935000	      1592	80002448	0106de63	bge	x13,x16,80002464	 x13:0xa6c2a000 x16:0x00000000
       15945000	      1593	8000244c	00668e63	beq	x13,x6,80002468	 x13:0xa6c2a000  x6:0x00000000
       15955000	      1594	80002450	bd138c13	addi	x24,x7,-1071	  x7:0x4c0d0000 x24=0x4c0cfbd1
       15965000	      1595	80002454	003003b3	add	x7,x0,x3	  x0:0x00000000  x3:0xffffbf55  x7=0xffffbf55
       15975000	      1596	80002458	0122f863	bgeu	x5,x18,80002468	  x5:0x00000009 x18:0x80009f84
       15985000	      1597	8000245c	411a52b3	sra	x5,x20,x17	 x20:0x80009fc4 x17:0xf7eab735  x5=0xfffffc00
       15995000	      1598	80002460	00000013	addi	x0,x0,0	  x0:0x00000000
       16005000	      1599	80002464	418309b3	sub	x19,x6,x24	  x6:0x00000000 x24:0x4c0cfbd1 x19=0xb3f3042f
       16015000	      1600	80002468	017b5113	srli	x2,x22,0x17	 x22:0x0000000a  x2=0x00000000
       16025000	      1601	8000246c	00000417	auipc	x8,0x0	  x8=0x80002468
       16035000	      1602	80002470	00c40413	addi	x8,x8,12	  x8:0x80002468  x8=0x80002474
       16045000	      1603	80002474	00040067	jalr	x0,x8,0	  x8:0x80002474
       16055000	      1604	00000000	00000013	addi	x0,x0,0	  x0:0x00000000
       16065000	      1605	80002474	00000013	addi	x0,x0,0	  x0:0x00000000
       16075000	      1606	80002478	00100193	addi	x3,x0,1	  x0:0x00000000  x3=0x00000001
       16085000	      1607	8000247c	00000073	ecall	
       16095000	      1608	80002480	00e8d533	srl	x10,x17,x14	 x17:0xf7eab735 x14:0xfbe80fd8 x10=0x000000f7
