		Time			Cycle	PC		Insn	Decoded instruction	Register and memory contents
          65000	         5	80000004	00000293	addi	x5,x0,0	  x0:0x00000000  x5=0x00000000
          75000	         6	80000008	00000313	addi	x6,x0,0	  x0:0x00000000  x6=0x00000000
          85000	         7	8000000c	00628263	beq	x5,x6,80000010	  x5:0x00000000  x6:0x00000000
          95000	         8	00000000	00000013	addi	x0,x0,0	  x0:0x00000000
         105000	         9	8000000c	00000013	addi	x0,x0,0	  x0:0x00000000
         115000	        10	80000010	00000297	auipc	x5,0x0	  x5=0x8000000c
         125000	        11	80000014	00c28293	addi	x5,x5,12	  x5:0x8000000c  x5=0x80000018
         135000	        12	80000018	00028067	jalr	x0,x5,0	  x5:0x80000018
         145000	        13	00000000	00000013	addi	x0,x0,0	  x0:0x00000000
         155000	        14	80000018	00000013	addi	x0,x0,0	  x0:0x00000000
         165000	        15	8000001c	40000a37	lui	x20,0x40000	 x20=0x40000000
         175000	        16	80000020	100a0a13	addi	x20,x20,256	 x20:0x40000000 x20=0x40000100
         185000	        17	80000024	00000013	addi	x0,x0,0	  x0:0x00000000
         195000	        18	80000028	0000af97	auipc	x31,0xa	 x31=0x8000a024
         205000	        19	8000002c	fa0f8f93	addi	x31,x31,-96	 x31:0x8000a024 x31=0x80009fc4
         215000	        20	80000030	00007a17	auipc	x20,0x7	 x20=0x8000702c
         225000	        21	80000034	494a0a13	addi	x20,x20,1172	 x20:0x8000702c x20=0x800074c0
         235000	        22	80000038	001a6a13	ori	x20,x20,1	 x20:0x800074c0 x20=0x800074c1
         245000	        23	8000003c	00000013	addi	x0,x0,0	  x0:0x00000000
         255000	        24	80000040	00000a17	auipc	x20,0x0	 x20=0x8000003c
         265000	        25	80000044	020a0a13	addi	x20,x20,32	 x20:0x8000003c x20=0x8000005c
         275000	        26	80000048	00000013	addi	x0,x0,0	  x0:0x00000000
         285000	        27	8000004c	00000013	addi	x0,x0,0	  x0:0x00000000
         295000	        28	80000050	00002a37	lui	x20,0x2	 x20=0x00002000
         305000	        29	80000054	800a0a13	addi	x20,x20,-2048	 x20:0x00002000 x20=0x00001800
         315000	        30	80000058	00000013	addi	x0,x0,0	  x0:0x00000000
         325000	        31	8000005c	00000013	addi	x0,x0,0	  x0:0x00000000
         335000	        32	80000060	fc2a6037	lui	x0,0xfc2a6	
         345000	        33	80000064	ada00013	addi	x0,x0,-1318	  x0:0x00000000
         355000	        34	80000068	800000b7	lui	x1,0x80000	  x1=0x80000000
         365000	        35	8000006c	f19e8137	lui	x2,0xf19e8	  x2=0xf19e8000
         375000	        36	80000070	0a110113	addi	x2,x2,161	  x2:0xf19e8000  x2=0xf19e80a1
         385000	        37	80000074	800001b7	lui	x3,0x80000	  x3=0x80000000
         395000	        38	80000078	00c00213	addi	x4,x0,12	  x0:0x00000000  x4=0x0000000c
         405000	        39	8000007c	00000293	addi	x5,x0,0	  x0:0x00000000  x5=0x00000000
         415000	        40	80000080	6db27337	lui	x6,0x6db27	  x6=0x6db27000
         425000	        41	80000084	e8a30313	addi	x6,x6,-374	  x6:0x6db27000  x6=0x6db26e8a
         435000	        42	80000088	bbb1e3b7	lui	x7,0xbbb1e	  x7=0xbbb1e000
         445000	        43	8000008c	57c38393	addi	x7,x7,1404	  x7:0xbbb1e000  x7=0xbbb1e57c
         455000	        44	80000090	00000413	addi	x8,x0,0	  x0:0x00000000  x8=0x00000000
         465000	        45	80000094	80000537	lui	x10,0x80000	 x10=0x80000000
         475000	        46	80000098	00500593	addi	x11,x0,5	  x0:0x00000000 x11=0x00000005
         485000	        47	8000009c	f407b637	lui	x12,0xf407b	 x12=0xf407b000
         495000	        48	800000a0	67360613	addi	x12,x12,1651	 x12:0xf407b000 x12=0xf407b673
         505000	        49	800000a4	ff7776b7	lui	x13,0xff777	 x13=0xff777000
         515000	        50	800000a8	5f968693	addi	x13,x13,1529	 x13:0xff777000 x13=0xff7775f9
         525000	        51	800000ac	f4def737	lui	x14,0xf4def	 x14=0xf4def000
         535000	        52	800000b0	de670713	addi	x14,x14,-538	 x14:0xf4def000 x14=0xf4deede6
         545000	        53	800000b4	670477b7	lui	x15,0x67047	 x15=0x67047000
         555000	        54	800000b8	6b378793	addi	x15,x15,1715	 x15:0x67047000 x15=0x670476b3
         565000	        55	800000bc	80000837	lui	x16,0x80000	 x16=0x80000000
         575000	        56	800000c0	00d00893	addi	x17,x0,13	  x0:0x00000000 x17=0x0000000d
         585000	        57	800000c4	711c3937	lui	x18,0x711c3	 x18=0x711c3000
         595000	        58	800000c8	fa990913	addi	x18,x18,-87	 x18:0x711c3000 x18=0x711c2fa9
         605000	        59	800000cc	00c00993	addi	x19,x0,12	  x0:0x00000000 x19=0x0000000c
         615000	        60	800000d0	f978da37	lui	x20,0xf978d	 x20=0xf978d000
         625000	        61	800000d4	a0ba0a13	addi	x20,x20,-1525	 x20:0xf978d000 x20=0xf978ca0b
         635000	        62	800000d8	42726ab7	lui	x21,0x42726	 x21=0x42726000
         645000	        63	800000dc	5f9a8a93	addi	x21,x21,1529	 x21:0x42726000 x21=0x427265f9
         655000	        64	800000e0	00c00b13	addi	x22,x0,12	  x0:0x00000000 x22=0x0000000c
         665000	        65	800000e4	00400b93	addi	x23,x0,4	  x0:0x00000000 x23=0x00000004
         675000	        66	800000e8	80000c37	lui	x24,0x80000	 x24=0x80000000
         685000	        67	800000ec	fde25cb7	lui	x25,0xfde25	 x25=0xfde25000
         695000	        68	800000f0	ba8c8c93	addi	x25,x25,-1112	 x25:0xfde25000 x25=0xfde24ba8
         705000	        69	800000f4	80000d37	lui	x26,0x80000	 x26=0x80000000
         715000	        70	800000f8	f167bdb7	lui	x27,0xf167b	 x27=0xf167b000
         725000	        71	800000fc	9b3d8d93	addi	x27,x27,-1613	 x27:0xf167b000 x27=0xf167a9b3
         735000	        72	80000100	f21e5e37	lui	x28,0xf21e5	 x28=0xf21e5000
         745000	        73	80000104	b3be0e13	addi	x28,x28,-1221	 x28:0xf21e5000 x28=0xf21e4b3b
         755000	        74	80000108	00f00e93	addi	x29,x0,15	  x0:0x00000000 x29=0x0000000f
         765000	        75	8000010c	00000f13	addi	x30,x0,0	  x0:0x00000000 x30=0x00000000
         775000	        76	80000110	0000a497	auipc	x9,0xa	  x9=0x8000a10c
         785000	        77	80000114	e7848493	addi	x9,x9,-392	  x9:0x8000a10c  x9=0x80009f84
         795000	        78	80000118	00009117	auipc	x2,0x9	  x2=0x80009114
         805000	        79	8000011c	cb010113	addi	x2,x2,-848	  x2:0x80009114  x2=0x80008dc4
         815000	        80	80000120	aa014003	lbu	x0,-1376(x2)	  x2:0x80008dc4 PA:0x80008864
         825000	        81	80000124	496b0013	addi	x0,x22,1174	 x22:0x0000000c
         835000	        82	80000128	00e55513	srli	x10,x10,0xe	 x10:0x80000000 x10=0x00020000
         845000	        83	8000012c	21f14203	lbu	x4,543(x2)	  x2:0x80008dc4  x4=0x000000c8 PA:0x80008fe3
         855000	        84	80000130	b9114c03	lbu	x24,-1135(x2)	  x2:0x80008dc4 x24=0x0000003e PA:0x80008955
         865000	        85	80000134	e0910a23	sb	x9,-492(x2)	  x2:0x80008dc4  x9:0x80009f84 PA:0x80008bd8
         875000	        86	80000138	beb123b7	lui	x7,0xbeb12	  x7=0xbeb12000
         885000	        87	8000013c	f1110383	lb	x7,-239(x2)	  x2:0x80008dc4  x7=0xffffffbe PA:0x80008cd5
         895000	        88	80000140	c0015303	lhu	x6,-1024(x2)	  x2:0x80008dc4  x6=0x0000aeaf PA:0x800089c4
         905000	        89	80000144	3b97a913	slti	x18,x15,953	 x15:0x670476b3 x18=0x00000000
         915000	        90	80000148	a6514703	lbu	x14,-1435(x2)	  x2:0x80008dc4 x14=0x00000012 PA:0x80008829
         925000	        91	8000014c	06a10f03	lb	x30,106(x2)	  x2:0x80008dc4 x30=0x00000015 PA:0x80008e2e
         935000	        92	80000150	ed812503	lw	x10,-296(x2)	  x2:0x80008dc4 x10=0x84858687 PA:0x80008c9c
         945000	        93	80000154	20711223	sh	x7,516(x2)	  x2:0x80008dc4  x7:0xffffffbe PA:0x80008fc8
         955000	        94	80000158	d7415e03	lhu	x28,-652(x2)	  x2:0x80008dc4 x28=0x00002223 PA:0x80008b38
         965000	        95	8000015c	2c373813	sltiu	x16,x14,707	 x14:0x00000012 x16=0x00000001
         975000	        96	80000160	00dc98b3	sll	x17,x25,x13	 x25:0xfde24ba8 x13:0xff7775f9 x17=0x50000000
         985000	        97	80000164	01457c33	and	x24,x10,x20	 x10:0x84858687 x20:0xf978ca0b x24=0x80008203
         995000	        98	80000168	db110623	sb	x17,-596(x2)	  x2:0x80008dc4 x17:0x50000000 PA:0x80008b70
        1005000	        99	8000016c	016c2233	slt	x4,x24,x22	 x24:0x80008203 x22:0x0000000c  x4=0x00000001
        1015000	       100	80000170	a5610e83	lb	x29,-1450(x2)	  x2:0x80008dc4 x29=0x00000001 PA:0x8000881a
        1025000	       101	80000174	fc5e2b93	slti	x23,x28,-59	 x28:0x00002223 x23=0x00000000
        1035000	       102	80000178	db811723	sh	x24,-594(x2)	  x2:0x80008dc4 x24:0x80008203 PA:0x80008b72
        1045000	       103	8000017c	00000013	addi	x0,x0,0	  x0:0x00000000
        1055000	       104	80000180	407b8933	sub	x18,x23,x7	 x23:0x00000000  x7:0xffffffbe x18=0x00000042
        1065000	       105	80000184	d8c10f23	sb	x12,-610(x2)	  x2:0x80008dc4 x12:0xf407b673 PA:0x80008b62
        1075000	       106	80000188	d27cb513	sltiu	x10,x25,-729	 x25:0xfde24ba8 x10=0x00000001
        1085000	       107	8000018c	8323e417	auipc	x8,0x8323e	  x8=0x0323e188
        1095000	       108	80000190	007ab233	sltu	x4,x21,x7	 x21:0x427265f9  x7:0xffffffbe  x4=0x00000001
        1105000	       109	80000194	01cf5c93	srli	x25,x30,0x1c	 x30:0x00000015 x25=0x00000000
        1115000	       110	80000198	411b5033	sra	x0,x22,x17	 x22:0x0000000c x17:0x50000000
        1125000	       111	8000019c	ac110f03	lb	x30,-1343(x2)	  x2:0x80008dc4 x30=0x0000006e PA:0x80008885
        1135000	       112	800001a0	e9914383	lbu	x7,-359(x2)	  x2:0x80008dc4  x7=0x00000046 PA:0x80008c5d
        1145000	       113	800001a4	5e84ae37	lui	x28,0x5e84a	 x28=0x5e84a000
        1155000	       114	800001a8	0068a433	slt	x8,x17,x6	 x17:0x50000000  x6:0x0000aeaf  x8=0x00000000
        1165000	       115	800001ac	18811003	lh	x0,392(x2)	  x2:0x80008dc4 PA:0x80008f4c
        1175000	       116	800001b0	01ba1cb3	sll	x25,x20,x27	 x20:0xf978ca0b x27:0xf167a9b3 x25=0x50580000
        1185000	       117	800001b4	ebb10e83	lb	x29,-325(x2)	  x2:0x80008dc4 x29=0x00000064 PA:0x80008c7f
        1195000	       118	800001b8	01eb4ab3	xor	x21,x22,x30	 x22:0x0000000c x30:0x0000006e x21=0x00000062
        1205000	       119	800001bc	7ed43717	auipc	x14,0x7ed43	 x14=0xfed431b8
        1215000	       120	800001c0	1a615d03	lhu	x26,422(x2)	  x2:0x80008dc4 x26=0x00005051 PA:0x80008f6a
        1225000	       121	800001c4	06b10f03	lb	x30,107(x2)	  x2:0x80008dc4 x30=0x00000014 PA:0x80008e2f
        1235000	       122	800001c8	f93105a3	sb	x19,-117(x2)	  x2:0x80008dc4 x19:0x0000000c PA:0x80008d4f
        1245000	       123	800001cc	07f11923	sh	x31,114(x2)	  x2:0x80008dc4 x31:0x80009fc4 PA:0x80008e36
        1255000	       124	800001d0	71b67193	andi	x3,x12,1819	 x12:0xf407b673  x3=0x00000613
        1265000	       125	800001d4	d6814a83	lbu	x21,-664(x2)	  x2:0x80008dc4 x21=0x00000017 PA:0x80008b2c
        1275000	       126	800001d8	2779e913	ori	x18,x19,631	 x19:0x0000000c x18=0x0000027f
        1285000	       127	800001dc	f0e11603	lh	x12,-242(x2)	  x2:0x80008dc4 x12=0xffffb8b9 PA:0x80008cd2
        1295000	       128	800001e0	4407dc17	auipc	x24,0x4407d	 x24=0xc407d1dc
        1305000	       129	800001e4	01163d33	sltu	x26,x12,x17	 x12:0xffffb8b9 x17:0x50000000 x26=0x00000000
        1315000	       130	800001e8	00000013	addi	x0,x0,0	  x0:0x00000000
        1325000	       131	800001ec	e2a11203	lh	x4,-470(x2)	  x2:0x80008dc4  x4=0xffffd4d5 PA:0x80008bee
        1335000	       132	800001f0	d8c12703	lw	x14,-628(x2)	  x2:0x80008dc4 x14=0x38393a3b PA:0x80008b50
        1345000	       133	800001f4	c02108a3	sb	x2,-1007(x2)	  x2:0x80008dc4  x2:0x80008dc4 PA:0x800089d5
        1355000	       134	800001f8	00008897	auipc	x17,0x8	 x17=0x800081f4
        1365000	       135	800001fc	5c288893	addi	x17,x17,1474	 x17:0x800081f4 x17=0x800087b6
        1375000	       136	80000200	bbc8a123	sw	x28,-1118(x17)	 x17:0x800087b6 x28:0x5e84a000 PA:0x80008358
        1385000	       137	80000204	00420133	add	x2,x4,x4	  x4:0xffffd4d5  x4:0xffffd4d5  x2=0xffffa9aa
        1395000	       138	80000208	94d88023	sb	x13,-1728(x17)	 x17:0x800087b6 x13:0xff7775f9 PA:0x800080f6
        1405000	       139	8000020c	e828cb83	lbu	x23,-382(x17)	 x17:0x800087b6 x23=0x000000f3 PA:0x80008638
        1415000	       140	80000210	8a188823	sb	x1,-1872(x17)	 x17:0x800087b6  x1:0x80000000 PA:0x80008066
        1425000	       141	80000214	01e0fd33	and	x26,x1,x30	  x1:0x80000000 x30:0x00000014 x26=0x00000000
        1435000	       142	80000218	d6488da3	sb	x4,-645(x17)	 x17:0x800087b6  x4:0xffffd4d5 PA:0x80008531
        1445000	       143	8000021c	eca89203	lh	x4,-310(x17)	 x17:0x800087b6  x4=0x00003a3b PA:0x80008680
        1455000	       144	80000220	c3788603	lb	x12,-969(x17)	 x17:0x800087b6 x12=0xffffffa6 PA:0x800083ed
        1465000	       145	80000224	a798ab23	sw	x25,-1418(x17)	 x17:0x800087b6 x25:0x50580000 PA:0x8000822c
        1475000	       146	80000228	4068d5b3	sra	x11,x17,x6	 x17:0x800087b6  x6:0x0000aeaf x11=0xffff0001
        1485000	       147	8000022c	4bf3b7b7	lui	x15,0x4bf3b	 x15=0x4bf3b000
        1495000	       148	80000230	00209093	slli	x1,x1,0x2	  x1:0x80000000  x1=0x00000000
        1505000	       149	80000234	d778c403	lbu	x8,-649(x17)	 x17:0x800087b6  x8=0x000000e6 PA:0x8000852d
        1515000	       150	80000238	00f67e33	and	x28,x12,x15	 x12:0xffffffa6 x15:0x4bf3b000 x28=0x4bf3b000
        1525000	       151	8000023c	f5588c23	sb	x21,-168(x17)	 x17:0x800087b6 x21:0x00000017 PA:0x8000870e
        1535000	       152	80000240	c0d88023	sb	x13,-1024(x17)	 x17:0x800087b6 x13:0xff7775f9 PA:0x800083b6
        1545000	       153	80000244	ba688383	lb	x7,-1114(x17)	 x17:0x800087b6  x7=0x00000017 PA:0x8000835c
        1555000	       154	80000248	00acd1b3	srl	x3,x25,x10	 x25:0x50580000 x10:0x00000001  x3=0x282c0000
        1565000	       155	8000024c	007b9533	sll	x10,x23,x7	 x23:0x000000f3  x7:0x00000017 x10=0x79800000
        1575000	       156	80000250	00b3ccb3	xor	x25,x7,x11	  x7:0x00000017 x11:0xffff0001 x25=0xffff0016
        1585000	       157	80000254	fa16ca37	lui	x20,0xfa16c	 x20=0xfa16c000
        1595000	       158	80000258	01d2b6b3	sltu	x13,x5,x29	  x5:0x00000000 x29:0x00000064 x13=0x00000001
        1605000	       159	8000025c	d4689683	lh	x13,-698(x17)	 x17:0x800087b6 x13=0xffffb6b7 PA:0x800084fc
        1615000	       160	80000260	9c58cb03	lbu	x22,-1595(x17)	 x17:0x800087b6 x22=0x00000030 PA:0x8000817b
        1625000	       161	80000264	6e56a913	slti	x18,x13,1765	 x13:0xffffb6b7 x18=0x00000001
        1635000	       162	80000268	8cc8c983	lbu	x19,-1844(x17)	 x17:0x800087b6 x19=0x00000039 PA:0x80008082
        1645000	       163	8000026c	014fd133	srl	x2,x31,x20	 x31:0x80009fc4 x20:0xfa16c000  x2=0x80009fc4
        1655000	       164	80000270	8d78ca03	lbu	x20,-1833(x17)	 x17:0x800087b6 x20=0x00000046 PA:0x8000808d
        1665000	       165	80000274	41678e33	sub	x28,x15,x22	 x15:0x4bf3b000 x22:0x00000030 x28=0x4bf3afd0
        1675000	       166	80000278	da889c83	lh	x25,-600(x17)	 x17:0x800087b6 x25=0x00001415 PA:0x8000855e
        1685000	       167	8000027c	bdc89a83	lh	x21,-1060(x17)	 x17:0x800087b6 x21=0x00004849 PA:0x80008392
        1695000	       168	80000280	a2388583	lb	x11,-1501(x17)	 x17:0x800087b6 x11=0xffffff92 PA:0x800081d9
        1705000	       169	80000284	41c16a13	ori	x20,x2,1052	  x2:0x80009fc4 x20=0x80009fdc
        1715000	       170	80000288	9ee88123	sb	x14,-1566(x17)	 x17:0x800087b6 x14:0x38393a3b PA:0x80008198
        1725000	       171	8000028c	1dcdea97	auipc	x21,0x1dcde	 x21=0x9dcde288
        1735000	       172	80000290	fc689b23	sh	x6,-42(x17)	 x17:0x800087b6  x6:0x0000aeaf PA:0x8000878c
        1745000	       173	80000294	00f17333	and	x6,x2,x15	  x2:0x80009fc4 x15:0x4bf3b000  x6=0x00009000
        1755000	       174	80000298	4efcb097	auipc	x1,0x4efcb	  x1=0xcefcb294
        1765000	       175	8000029c	b3c8a923	sw	x28,-1230(x17)	 x17:0x800087b6 x28:0x4bf3afd0 PA:0x800082e8
        1775000	       176	800002a0	41bcdab3	sra	x21,x25,x27	 x25:0x00001415 x27:0xf167a9b3 x21=0x00000000
        1785000	       177	800002a4	40f4d793	srai	x15,x9,0xf	  x9:0x80009f84 x15=0xffff0001
        1795000	       178	800002a8	a748d803	lhu	x16,-1420(x17)	 x17:0x800087b6 x16=0x0000e0e1 PA:0x8000822a
        1805000	       179	800002ac	00009797	auipc	x15,0x9	 x15=0x800092a8
        1815000	       180	800002b0	ca578793	addi	x15,x15,-859	 x15:0x800092a8 x15=0x80008f4d
        1825000	       181	800002b4	bb578583	lb	x11,-1099(x15)	 x15:0x80008f4d x11=0xffffffe9 PA:0x80008b02
        1835000	       182	800002b8	00db2e33	slt	x28,x22,x13	 x22:0x00000030 x13:0xffffb6b7 x28=0x00000000
        1845000	       183	800002bc	bb567013	andi	x0,x12,-1099	 x12:0xffffffa6
        1855000	       184	800002c0	cc67c403	lbu	x8,-826(x15)	 x15:0x80008f4d  x8=0x000000f8 PA:0x80008c13
        1865000	       185	800002c4	b5278823	sb	x18,-1200(x15)	 x15:0x80008f4d x18:0x00000001 PA:0x80008a9d
        1875000	       186	800002c8	01156333	or	x6,x10,x17	 x10:0x79800000 x17:0x800087b6  x6=0xf98087b6
        1885000	       187	800002cc	e1478403	lb	x8,-492(x15)	 x15:0x80008f4d  x8=0x0000004a PA:0x80008d61
        1895000	       188	800002d0	018e1213	slli	x4,x28,0x18	 x28:0x00000000  x4=0x00000000
        1905000	       189	800002d4	f1a46193	ori	x3,x8,-230	  x8:0x0000004a  x3=0xffffff5a
        1915000	       190	800002d8	40da5e93	srai	x29,x20,0xd	 x20:0x80009fdc x29=0xfffc0004
        1925000	       191	800002dc	91ae3d13	sltiu	x26,x28,-1766	 x28:0x00000000 x26=0x00000001
        1935000	       192	800002e0	e257ce03	lbu	x28,-475(x15)	 x15:0x80008f4d x28=0x00000059 PA:0x80008d72
        1945000	       193	800002e4	016b81b3	add	x3,x23,x22	 x23:0x000000f3 x22:0x00000030  x3=0x00000123
        1955000	       194	800002e8	ca7788a3	sb	x7,-847(x15)	 x15:0x80008f4d  x7:0x00000017 PA:0x80008bfe
        1965000	       195	800002ec	9ee7c883	lbu	x17,-1554(x15)	 x15:0x80008f4d x17=0x00000020 PA:0x8000893b
        1975000	       196	800002f0	06e79fa3	sh	x14,127(x15)	 x15:0x80008f4d x14:0x38393a3b PA:0x80008fcc
        1985000	       197	800002f4	91a7cf03	lbu	x30,-1766(x15)	 x15:0x80008f4d x30=0x0000004c PA:0x80008867
        1995000	       198	800002f8	fa27c883	lbu	x17,-94(x15)	 x15:0x80008f4d x17=0x000000d4 PA:0x80008eef
        2005000	       199	800002fc	c6979083	lh	x1,-919(x15)	 x15:0x80008f4d  x1=0xffff9c9d PA:0x80008bb6
        2015000	       200	80000300	e9c7cd83	lbu	x27,-356(x15)	 x15:0x80008f4d x27=0x000000d2 PA:0x80008de9
        2025000	       201	80000304	00587db3	and	x27,x16,x5	 x16:0x0000e0e1  x5:0x00000000 x27=0x00000000
        2035000	       202	80000308	010eb333	sltu	x6,x29,x16	 x29:0xfffc0004 x16:0x0000e0e1  x6=0x00000000
        2045000	       203	8000030c	7761fb93	andi	x23,x3,1910	  x3:0x00000123 x23=0x00000122
        2055000	       204	80000310	015c3f33	sltu	x30,x24,x21	 x24:0xc407d1dc x21:0x00000000 x30=0x00000000
        2065000	       205	80000314	14c7bb13	sltiu	x22,x15,332	 x15:0x80008f4d x22=0x00000000
        2075000	       206	80000318	01e1b033	sltu	x0,x3,x30	  x3:0x00000123 x30:0x00000000
        2085000	       207	8000031c	00b986b3	add	x13,x19,x11	 x19:0x00000039 x11:0xffffffe9 x13=0x00000022
        2095000	       208	80000320	01a45b13	srli	x22,x8,0x1a	  x8:0x0000004a x22=0x00000000
        2105000	       209	80000324	00a10b33	add	x22,x2,x10	  x2:0x80009fc4 x10:0x79800000 x22=0xf9809fc4
        2115000	       210	80000328	d89bea37	lui	x20,0xd89be	 x20=0xd89be000
        2125000	       211	8000032c	ed97c583	lbu	x11,-295(x15)	 x15:0x80008f4d x11=0x0000000d PA:0x80008e26
        2135000	       212	00000000	00000013	addi	x0,x0,0	  x0:0x00000000
        2145000	       213	80000330	9cb79403	lh	x8,-1589(x15)	 x15:0x80008f4d  x8=0x00000203 PA:0x80008918
        2155000	       214	80000334	01a4e233	or	x4,x9,x26	  x9:0x80009f84 x26:0x00000001  x4=0x80009f85
        2165000	       215	80000338	40e60533	sub	x10,x12,x14	 x12:0xffffffa6 x14:0x38393a3b x10=0xc7c6c56b
        2175000	       216	8000033c	08c7c683	lbu	x13,140(x15)	 x15:0x80008f4d x13=0x000000c2 PA:0x80008fd9
        2185000	       217	80000340	01667533	and	x10,x12,x22	 x12:0xffffffa6 x22:0xf9809fc4 x10=0xf9809f84
        2195000	       218	80000344	002003b3	add	x7,x0,x2	  x0:0x00000000  x2:0x80009fc4  x7=0x80009fc4
        2205000	       219	80000348	0178de63	bge	x17,x23,80000364	 x17:0x000000d4 x23:0x00000122
        2215000	       220	8000034c	405b07b3	sub	x15,x22,x5	 x22:0xf9809fc4  x5:0x00000000 x15=0xf9809fc4
        2225000	       221	80000350	03b16263	bltu	x2,x27,80000374	  x2:0x80009fc4 x27:0x00000000
        2235000	       222	80000354	007057b3	srl	x15,x0,x7	  x0:0x00000000  x7:0x80009fc4 x15=0x00000000
        2245000	       223	80000358	c4bbb913	sltiu	x18,x23,-949	 x23:0x00000122 x18=0x00000001
        2255000	       224	8000035c	407957b3	sra	x15,x18,x7	 x18:0x00000001  x7:0x80009fc4 x15=0x00000000
        2265000	       225	80000360	003f63b3	or	x7,x30,x3	 x30:0x00000000  x3:0x00000123  x7=0x00000123
        2275000	       226	80000364	462b8bb7	lui	x23,0x462b8	 x23=0x462b8000
        2285000	       227	80000368	01f81013	slli	x0,x16,0x1f	 x16:0x0000e0e1
        2295000	       228	8000036c	019a83b3	add	x7,x21,x25	 x21:0x00000000 x25:0x00001415  x7=0x00001415
        2305000	       229	80000370	e8bd2693	slti	x13,x26,-373	 x26:0x00000001 x13=0x00000000
        2315000	       230	80000374	2f42ed93	ori	x27,x5,756	  x5:0x00000000 x27=0x000002f4
        2325000	       231	80000378	04449463	bne	x9,x4,800003c0	  x9:0x80009f84  x4:0x80009f85
        2335000	       232	00000000	00000013	addi	x0,x0,0	  x0:0x00000000
        2345000	       233	800003bc	00000013	addi	x0,x0,0	  x0:0x00000000
        2355000	       234	800003c0	c732e013	ori	x0,x5,-909	  x5:0x00000000
        2365000	       235	800003c4	41f2d613	srai	x12,x5,0x1f	  x5:0x00000000 x12=0x00000000
        2375000	       236	800003c8	01165113	srli	x2,x12,0x11	 x12:0x00000000  x2=0x00000000
        2385000	       237	800003cc	5fff6413	ori	x8,x30,1535	 x30:0x00000000  x8=0x000005ff
        2395000	       238	800003d0	00057933	and	x18,x10,x0	 x10:0xf9809f84  x0:0x00000000 x18=0x00000000
        2405000	       239	800003d4	011b9eb3	sll	x29,x23,x17	 x23:0x462b8000 x17:0x000000d4 x29=0x00000000
        2415000	       240	800003d8	01a633b3	sltu	x7,x12,x26	 x12:0x00000000 x26:0x00000001  x7=0x00000001
        2425000	       241	800003dc	689fc097	auipc	x1,0x689fc	  x1=0xe89fc3d8
        2435000	       242	800003e0	00382b33	slt	x22,x16,x3	 x16:0x0000e0e1  x3:0x00000123 x22=0x00000000
        2445000	       243	800003e4	01a69633	sll	x12,x13,x26	 x13:0x00000000 x26:0x00000001 x12=0x00000000
        2455000	       244	800003e8	01c52bb3	slt	x23,x10,x28	 x10:0xf9809f84 x28:0x00000059 x23=0x00000001
        2465000	       245	800003ec	01617233	and	x4,x2,x22	  x2:0x00000000 x22:0x00000000  x4=0x00000000
        2475000	       246	800003f0	01971113	slli	x2,x14,0x19	 x14:0x38393a3b  x2=0x76000000
        2485000	       247	800003f4	01891433	sll	x8,x18,x24	 x18:0x00000000 x24:0xc407d1dc  x8=0x00000000
        2495000	       248	800003f8	456f2193	slti	x3,x30,1110	 x30:0x00000000  x3=0x00000001
        2505000	       249	800003fc	43802793	slti	x15,x0,1080	  x0:0x00000000 x15=0x00000001
        2515000	       250	80000400	01f1d613	srli	x12,x3,0x1f	  x3:0x00000001 x12=0x00000000
        2525000	       251	80000404	001afa63	bgeu	x21,x1,80000418	 x21:0x00000000  x1:0xe89fc3d8
        2535000	       252	80000408	db08c917	auipc	x18,0xdb08c	 x18=0x5b08c404
        2545000	       253	8000040c	640cd897	auipc	x17,0x640cd	 x17=0xe40cd408
        2555000	       254	80000410	007bb8b3	sltu	x17,x23,x7	 x23:0x00000001  x7:0x00000001 x17=0x00000000
        2565000	       255	80000414	011e3233	sltu	x4,x28,x17	 x28:0x00000059 x17:0x00000000  x4=0x00000000
        2575000	       256	80000418	00fd5533	srl	x10,x26,x15	 x26:0x00000001 x15:0x00000001 x10=0x00000000
        2585000	       257	8000041c	006a5193	srli	x3,x20,0x6	 x20:0xd89be000  x3=0x03626f80
        2595000	       258	80000420	e7053f37	lui	x30,0xe7053	 x30=0xe7053000
        2605000	       259	80000424	01869c63	bne	x13,x24,8000043c	 x13:0x00000000 x24:0xc407d1dc
        2615000	       260	00000000	00000013	addi	x0,x0,0	  x0:0x00000000
        2625000	       261	80000438	00000013	addi	x0,x0,0	  x0:0x00000000
        2635000	       262	8000043c	01a9d033	srl	x0,x19,x26	 x19:0x00000039 x26:0x00000001
        2645000	       263	80000440	00c31733	sll	x14,x6,x12	  x6:0x00000000 x12:0x00000000 x14=0x00000000
        2655000	       264	80000444	00a22db3	slt	x27,x4,x10	  x4:0x00000000 x10:0x00000000 x27=0x00000000
        2665000	       265	80000448	00fbfbb3	and	x23,x23,x15	 x23:0x00000001 x15:0x00000001 x23=0x00000001
        2675000	       266	8000044c	015b9993	slli	x19,x23,0x15	 x23:0x00000001 x19=0x00200000
        2685000	       267	80000450	a30ca013	slti	x0,x25,-1488	 x25:0x00001415
        2695000	       268	80000454	00ad85b3	add	x11,x27,x10	 x27:0x00000000 x10:0x00000000 x11=0x00000000
        2705000	       269	80000458	01e53b33	sltu	x22,x10,x30	 x10:0x00000000 x30:0xe7053000 x22=0x00000001
        2715000	       270	8000045c	bb067517	auipc	x10,0xbb067	 x10=0x3b067458
        2725000	       271	80000460	00b583b3	add	x7,x11,x11	 x11:0x00000000 x11:0x00000000  x7=0x00000000
        2735000	       272	80000464	4133dd13	srai	x26,x7,0x13	  x7:0x00000000 x26=0x00000000
        2745000	       273	80000468	01638ab3	add	x21,x7,x22	  x7:0x00000000 x22:0x00000001 x21=0x00000001
        2755000	       274	8000046c	425b7b93	andi	x23,x22,1061	 x22:0x00000001 x23=0x00000001
        2765000	       275	80000470	01b60863	beq	x12,x27,80000480	 x12:0x00000000 x27:0x00000000
        2775000	       276	00000000	00000013	addi	x0,x0,0	  x0:0x00000000
        2785000	       277	8000047c	00000013	addi	x0,x0,0	  x0:0x00000000
        2795000	       278	80000480	07105263	bge	x0,x17,800004e4	  x0:0x00000000 x17:0x00000000
        2805000	       279	00000000	00000013	addi	x0,x0,0	  x0:0x00000000
        2815000	       280	800004e0	00000013	addi	x0,x0,0	  x0:0x00000000
        2825000	       281	800004e4	01806833	or	x16,x0,x24	  x0:0x00000000 x24:0xc407d1dc x16=0xc407d1dc
        2835000	       282	800004e8	03107c63	bgeu	x0,x17,80000520	  x0:0x00000000 x17:0x00000000
        2845000	       283	00000000	00000013	addi	x0,x0,0	  x0:0x00000000
        2855000	       284	8000051c	00000013	addi	x0,x0,0	  x0:0x00000000
        2865000	       285	80000520	89aef313	andi	x6,x29,-1894	 x29:0x00000000  x6=0x00000000
        2875000	       286	80000524	939aa013	slti	x0,x21,-1735	 x21:0x00000001
        2885000	       287	80000528	003f1133	sll	x2,x30,x3	 x30:0xe7053000  x3:0x03626f80  x2=0xe7053000
        2895000	       288	8000052c	018476b3	and	x13,x8,x24	  x8:0x00000000 x24:0xc407d1dc x13=0x00000000
        2905000	       289	80000530	16c67593	andi	x11,x12,364	 x12:0x00000000 x11=0x00000000
        2915000	       290	80000534	54ce4413	xori	x8,x28,1356	 x28:0x00000059  x8=0x00000515
        2925000	       291	80000538	04de0463	beq	x28,x13,80000580	 x28:0x00000059 x13:0x00000000
        2935000	       292	8000053c	004e6eb3	or	x29,x28,x4	 x28:0x00000059  x4:0x00000000 x29=0x00000059
        2945000	       293	80000540	01d3bdb3	sltu	x27,x7,x29	  x7:0x00000000 x29:0x00000059 x27=0x00000001
        2955000	       294	80000544	d1d23393	sltiu	x7,x4,-739	  x4:0x00000000  x7=0x00000001
        2965000	       295	80000548	00b076b3	and	x13,x0,x11	  x0:0x00000000 x11:0x00000000 x13=0x00000000
        2975000	       296	8000054c	a339cb93	xori	x23,x19,-1485	 x19:0x00200000 x23=0xffdffa33
        2985000	       297	80000550	789b55b7	lui	x11,0x789b5	 x11=0x789b5000
        2995000	       298	80000554	01085f33	srl	x30,x16,x16	 x16:0xc407d1dc x16:0xc407d1dc x30=0x0000000c
        3005000	       299	80000558	8af86913	ori	x18,x16,-1873	 x16:0xc407d1dc x18=0xfffff9ff
        3015000	       300	8000055c	19df4e13	xori	x28,x30,413	 x30:0x0000000c x28=0x00000191
        3025000	       301	80000560	00ad5f13	srli	x30,x26,0xa	 x26:0x00000000 x30=0x00000000
        3035000	       302	80000564	00000013	addi	x0,x0,0	  x0:0x00000000
        3045000	       303	80000568	0103e863	bltu	x7,x16,80000578	  x7:0x00000001 x16:0xc407d1dc
        3055000	       304	00000000	00000013	addi	x0,x0,0	  x0:0x00000000
        3065000	       305	80000574	00000013	addi	x0,x0,0	  x0:0x00000000
        3075000	       306	80000578	2e5f6793	ori	x15,x30,741	 x30:0x00000000 x15=0x000002e5
        3085000	       307	8000057c	88fb2093	slti	x1,x22,-1905	 x22:0x00000001  x1=0x00000000
        3095000	       308	80000580	00ed1b13	slli	x22,x26,0xe	 x26:0x00000000 x22=0x00000000
        3105000	       309	80000584	00000013	addi	x0,x0,0	  x0:0x00000000
        3115000	       310	80000588	012490b3	sll	x1,x9,x18	  x9:0x80009f84 x18:0xfffff9ff  x1=0x00000000
        3125000	       311	8000058c	044d0463	beq	x26,x4,800005d4	 x26:0x00000000  x4:0x00000000
        3135000	       312	00000000	00000013	addi	x0,x0,0	  x0:0x00000000
        3145000	       313	800005d0	00000013	addi	x0,x0,0	  x0:0x00000000
        3155000	       314	800005d4	41220c33	sub	x24,x4,x18	  x4:0x00000000 x18:0xfffff9ff x24=0x00000601
        3165000	       315	800005d8	0125eeb3	or	x29,x11,x18	 x11:0x789b5000 x18:0xfffff9ff x29=0xfffff9ff
        3175000	       316	800005dc	000619b3	sll	x19,x12,x0	 x12:0x00000000  x0:0x00000000 x19=0x00000000
        3185000	       317	800005e0	04444263	blt	x8,x4,80000624	  x8:0x00000515  x4:0x00000000
        3195000	       318	800005e4	01c42233	slt	x4,x8,x28	  x8:0x00000515 x28:0x00000191  x4=0x00000000
        3205000	       319	800005e8	01fcec63	bltu	x25,x31,80000600	 x25:0x00001415 x31:0x80009fc4
        3215000	       320	00000000	00000013	addi	x0,x0,0	  x0:0x00000000
        3225000	       321	800005fc	00000013	addi	x0,x0,0	  x0:0x00000000
        3235000	       322	80000600	00748663	beq	x9,x7,8000060c	  x9:0x80009f84  x7:0x00000001
        3245000	       323	80000604	000f5413	srli	x8,x30,0x0	 x30:0x00000000  x8=0x00000000
        3255000	       324	80000608	9e697413	andi	x8,x18,-1562	 x18:0xfffff9ff  x8=0xfffff9e6
        3265000	       325	8000060c	1d9f7d93	andi	x27,x30,473	 x30:0x00000000 x27=0x00000000
        3275000	       326	80000610	16853c13	sltiu	x24,x10,360	 x10:0x3b067458 x24=0x00000000
        3285000	       327	80000614	00febdb3	sltu	x27,x29,x15	 x29:0xfffff9ff x15:0x000002e5 x27=0x00000000
        3295000	       328	80000618	40e7d613	srai	x12,x15,0xe	 x15:0x000002e5 x12=0x00000000
        3305000	       329	8000061c	01c72133	slt	x2,x14,x28	 x14:0x00000000 x28:0x00000191  x2=0x00000001
        3315000	       330	80000620	41b25a93	srai	x21,x4,0x1b	  x4:0x00000000 x21=0x00000000
        3325000	       331	80000624	00511c63	bne	x2,x5,8000063c	  x2:0x00000001  x5:0x00000000
        3335000	       332	00000000	00000013	addi	x0,x0,0	  x0:0x00000000
        3345000	       333	80000638	00000013	addi	x0,x0,0	  x0:0x00000000
        3355000	       334	8000063c	00dca033	slt	x0,x25,x13	 x25:0x00001415 x13:0x00000000
        3365000	       335	80000640	01370463	beq	x14,x19,80000648	 x14:0x00000000 x19:0x00000000
        3375000	       336	00000000	00000013	addi	x0,x0,0	  x0:0x00000000
        3385000	       337	80000644	00000013	addi	x0,x0,0	  x0:0x00000000
        3395000	       338	80000648	01040833	add	x16,x8,x16	  x8:0xfffff9e6 x16:0xc407d1dc x16=0xc407cbc2
        3405000	       339	8000064c	364b4e13	xori	x28,x22,868	 x22:0x00000000 x28=0x00000364
        3415000	       340	80000650	002d9863	bne	x27,x2,80000660	 x27:0x00000000  x2:0x00000001
        3425000	       341	00000000	00000013	addi	x0,x0,0	  x0:0x00000000
        3435000	       342	8000065c	00000013	addi	x0,x0,0	  x0:0x00000000
        3445000	       343	80000660	01359233	sll	x4,x11,x19	 x11:0x789b5000 x19:0x00000000  x4=0x789b5000
        3455000	       344	80000664	016b0863	beq	x22,x22,80000674	 x22:0x00000000 x22:0x00000000
        3465000	       345	00000000	00000013	addi	x0,x0,0	  x0:0x00000000
        3475000	       346	80000670	00000013	addi	x0,x0,0	  x0:0x00000000
        3485000	       347	80000674	41dad7b3	sra	x15,x21,x29	 x21:0x00000000 x29:0xfffff9ff x15=0x00000000
        3495000	       348	80000678	e31e2b13	slti	x22,x28,-463	 x28:0x00000364 x22=0x00000000
        3505000	       349	8000067c	01e73c33	sltu	x24,x14,x30	 x14:0x00000000 x30:0x00000000 x24=0x00000000
        3515000	       350	80000680	00c54233	xor	x4,x10,x12	 x10:0x3b067458 x12:0x00000000  x4=0x3b067458
        3525000	       351	80000684	0153be33	sltu	x28,x7,x21	  x7:0x00000001 x21:0x00000000 x28=0x00000000
        3535000	       352	80000688	3bc6ea13	ori	x20,x13,956	 x13:0x00000000 x20=0x000003bc
        3545000	       353	8000068c	041b4663	blt	x22,x1,800006d8	 x22:0x00000000  x1:0x00000000
        3555000	       354	80000690	c5d8f593	andi	x11,x17,-931	 x17:0x00000000 x11=0x00000000
        3565000	       355	80000694	007e5333	srl	x6,x28,x7	 x28:0x00000000  x7:0x00000001  x6=0x00000000
        3575000	       356	80000698	03fa8663	beq	x21,x31,800006c4	 x21:0x00000000 x31:0x80009fc4
        3585000	       357	8000069c	0106f263	bgeu	x13,x16,800006a0	 x13:0x00000000 x16:0xc407cbc2
        3595000	       358	800006a0	04b2e463	bltu	x5,x11,800006e8	  x5:0x00000000 x11:0x00000000
        3605000	       359	800006a4	6a76e993	ori	x19,x13,1703	 x13:0x00000000 x19=0x000006a7
        3615000	       360	800006a8	00000013	addi	x0,x0,0	  x0:0x00000000
        3625000	       361	800006ac	01936f33	or	x30,x6,x25	  x6:0x00000000 x25:0x00001415 x30=0x00001415
        3635000	       362	800006b0	01261d13	slli	x26,x12,0x12	 x12:0x00000000 x26=0x00000000
        3645000	       363	800006b4	010225b3	slt	x11,x4,x16	  x4:0x3b067458 x16:0xc407cbc2 x11=0x00000000
        3655000	       364	800006b8	409a0533	sub	x10,x20,x9	 x20:0x000003bc  x9:0x80009f84 x10=0x7fff6438
        3665000	       365	800006bc	00925113	srli	x2,x4,0x9	  x4:0x3b067458  x2=0x001d833a
        3675000	       366	800006c0	006a7a33	and	x20,x20,x6	 x20:0x000003bc  x6:0x00000000 x20=0x00000000
        3685000	       367	800006c4	01de4833	xor	x16,x28,x29	 x28:0x00000000 x29:0xfffff9ff x16=0xfffff9ff
        3695000	       368	800006c8	f5dd60b7	lui	x1,0xf5dd6	  x1=0xf5dd6000
        3705000	       369	800006cc	00a85b93	srli	x23,x16,0xa	 x16:0xfffff9ff x23=0x003ffffe
        3715000	       370	800006d0	02bb6263	bltu	x22,x11,800006f4	 x22:0x00000000 x11:0x00000000
        3725000	       371	800006d4	01db0663	beq	x22,x29,800006e0	 x22:0x00000000 x29:0xfffff9ff
        3735000	       372	800006d8	0027fa33	and	x20,x15,x2	 x15:0x00000000  x2:0x001d833a x20=0x00000000
        3745000	       373	800006dc	25a9af13	slti	x30,x19,602	 x19:0x000006a7 x30=0x00000000
        3755000	       374	800006e0	012f8eb3	add	x29,x31,x18	 x31:0x80009fc4 x18:0xfffff9ff x29=0x800099c3
        3765000	       375	800006e4	41960d33	sub	x26,x12,x25	 x12:0x00000000 x25:0x00001415 x26=0xffffebeb
        3775000	       376	800006e8	ce288393	addi	x7,x17,-798	 x17:0x00000000  x7=0xfffffce2
        3785000	       377	800006ec	00d9a833	slt	x16,x19,x13	 x19:0x000006a7 x13:0x00000000 x16=0x00000000
        3795000	       378	800006f0	0135d913	srli	x18,x11,0x13	 x11:0x00000000 x18=0x00000000
        3805000	       379	800006f4	00d02333	slt	x6,x0,x13	  x0:0x00000000 x13:0x00000000  x6=0x00000000
        3815000	       380	800006f8	018ddbb3	srl	x23,x27,x24	 x27:0x00000000 x24:0x00000000 x23=0x00000000
        3825000	       381	800006fc	d872b093	sltiu	x1,x5,-633	  x5:0x00000000  x1=0x00000001
        3835000	       382	80000700	4067d3b3	sra	x7,x15,x6	 x15:0x00000000  x6:0x00000000  x7=0x00000000
        3845000	       383	80000704	ebfafc93	andi	x25,x21,-321	 x21:0x00000000 x25=0x00000000
        3855000	       384	80000708	01623933	sltu	x18,x4,x22	  x4:0x3b067458 x22:0x00000000 x18=0x00000000
        3865000	       385	8000070c	01309cb3	sll	x25,x1,x19	  x1:0x00000001 x19:0x000006a7 x25=0x00000080
        3875000	       386	80000710	00bab733	sltu	x14,x21,x11	 x21:0x00000000 x11:0x00000000 x14=0x00000000
        3885000	       387	80000714	01e43533	sltu	x10,x8,x30	  x8:0xfffff9e6 x30:0x00000000 x10=0x00000000
        3895000	       388	80000718	034f1a63	bne	x30,x20,8000074c	 x30:0x00000000 x20:0x00000000
        3905000	       389	8000071c	40bd8db3	sub	x27,x27,x11	 x27:0x00000000 x11:0x00000000 x27=0x00000000
        3915000	       390	80000720	00780033	add	x0,x16,x7	 x16:0x00000000  x7:0x00000000
        3925000	       391	80000724	0c160393	addi	x7,x12,193	 x12:0x00000000  x7=0x000000c1
        3935000	       392	80000728	01a59933	sll	x18,x11,x26	 x11:0x00000000 x26:0xffffebeb x18=0x00000000
        3945000	       393	8000072c	0571c063	blt	x3,x23,8000076c	  x3:0x03626f80 x23:0x00000000
        3955000	       394	80000730	d1294213	xori	x4,x18,-750	 x18:0x00000000  x4=0xfffffd12
        3965000	       395	80000734	b2e72893	slti	x17,x14,-1234	 x14:0x00000000 x17=0x00000000
        3975000	       396	80000738	01eb05b3	add	x11,x22,x30	 x22:0x00000000 x30:0x00000000 x11=0x00000000
        3985000	       397	8000073c	00a6fa33	and	x20,x13,x10	 x13:0x00000000 x10:0x00000000 x20=0x00000000
        3995000	       398	80000740	3d96f113	andi	x2,x13,985	 x13:0x00000000  x2=0x00000000
        4005000	       399	80000744	0155edb3	or	x27,x11,x21	 x11:0x00000000 x21:0x00000000 x27=0x00000000
        4015000	       400	80000748	00f9bd33	sltu	x26,x19,x15	 x19:0x000006a7 x15:0x00000000 x26=0x00000000
        4025000	       401	8000074c	9fa2be93	sltiu	x29,x5,-1542	  x5:0x00000000 x29=0x00000001
        4035000	       402	80000750	414ed693	srai	x13,x29,0x14	 x29:0x00000001 x13=0x00000000
        4045000	       403	80000754	9ca8c197	auipc	x3,0x9ca8c	  x3=0x1ca8c750
        4055000	       404	80000758	03cc5863	bge	x24,x28,80000788	 x24:0x00000000 x28:0x00000000
        4065000	       405	00000000	00000013	addi	x0,x0,0	  x0:0x00000000
        4075000	       406	80000784	00000013	addi	x0,x0,0	  x0:0x00000000
        4085000	       407	80000788	00000013	addi	x0,x0,0	  x0:0x00000000
        4095000	       408	8000078c	01764eb3	xor	x29,x12,x23	 x12:0x00000000 x23:0x00000000 x29=0x00000000
        4105000	       409	80000790	01e81f33	sll	x30,x16,x30	 x16:0x00000000 x30:0x00000000 x30=0x00000000
        4115000	       410	80000794	2aa9bc13	sltiu	x24,x19,682	 x19:0x000006a7 x24=0x00000000
        4125000	       411	80000798	011fb533	sltu	x10,x31,x17	 x31:0x80009fc4 x17:0x00000000 x10=0x00000000
        4135000	       412	8000079c	077b2a93	slti	x21,x22,119	 x22:0x00000000 x21=0x00000001
        4145000	       413	800007a0	001c4ab3	xor	x21,x24,x1	 x24:0x00000000  x1:0x00000001 x21=0x00000001
        4155000	       414	800007a4	037af263	bgeu	x21,x23,800007c8	 x21:0x00000001 x23:0x00000000
        4165000	       415	00000000	00000013	addi	x0,x0,0	  x0:0x00000000
        4175000	       416	800007c4	00000013	addi	x0,x0,0	  x0:0x00000000
        4185000	       417	800007c8	3d71e413	ori	x8,x3,983	  x3:0x1ca8c750  x8=0x1ca8c7d7
        4195000	       418	800007cc	00221633	sll	x12,x4,x2	  x4:0xfffffd12  x2:0x00000000 x12=0xfffffd12
        4205000	       419	800007d0	355fb237	lui	x4,0x355fb	  x4=0x355fb000
        4215000	       420	800007d4	41fcdab3	sra	x21,x25,x31	 x25:0x00000080 x31:0x80009fc4 x21=0x00000008
        4225000	       421	800007d8	0115cc33	xor	x24,x11,x17	 x11:0x00000000 x17:0x00000000 x24=0x00000000
        4235000	       422	800007dc	411e03b3	sub	x7,x28,x17	 x28:0x00000000 x17:0x00000000  x7=0x00000000
        4245000	       423	800007e0	04c4d263	bge	x9,x12,80000824	  x9:0x80009f84 x12:0xfffffd12
        4255000	       424	800007e4	40cc07b3	sub	x15,x24,x12	 x24:0x00000000 x12:0xfffffd12 x15=0x000002ee
        4265000	       425	800007e8	40c900b3	sub	x1,x18,x12	 x18:0x00000000 x12:0xfffffd12  x1=0x000002ee
        4275000	       426	800007ec	00899333	sll	x6,x19,x8	 x19:0x000006a7  x8:0x1ca8c7d7  x6=0x53800000
        4285000	       427	800007f0	014f1133	sll	x2,x30,x20	 x30:0x00000000 x20:0x00000000  x2=0x00000000
        4295000	       428	800007f4	2a517193	andi	x3,x2,677	  x2:0x00000000  x3=0x00000000
        4305000	       429	800007f8	8f056e93	ori	x29,x10,-1808	 x10:0x00000000 x29=0xfffff8f0
        4315000	       430	800007fc	004f7db3	and	x27,x30,x4	 x30:0x00000000  x4:0x355fb000 x27=0x00000000
        4325000	       431	80000800	00000013	addi	x0,x0,0	  x0:0x00000000
        4335000	       432	80000804	5e9e4193	xori	x3,x28,1513	 x28:0x00000000  x3=0x000005e9
        4345000	       433	80000808	00c68bb3	add	x23,x13,x12	 x13:0x00000000 x12:0xfffffd12 x23=0xfffffd12
        4355000	       434	8000080c	879a6c93	ori	x25,x20,-1927	 x20:0x00000000 x25=0xfffff879
        4365000	       435	80000810	01ec2d33	slt	x26,x24,x30	 x24:0x00000000 x30:0x00000000 x26=0x00000000
        4375000	       436	80000814	4068d433	sra	x8,x17,x6	 x17:0x00000000  x6:0x53800000  x8=0x00000000
        4385000	       437	80000818	735b6e97	auipc	x29,0x735b6	 x29=0xf35b6814
        4395000	       438	8000081c	992aae13	slti	x28,x21,-1646	 x21:0x00000008 x28=0x00000000
        4405000	       439	80000820	0021bd33	sltu	x26,x3,x2	  x3:0x000005e9  x2:0x00000000 x26=0x00000000
        4415000	       440	80000824	05938463	beq	x7,x25,8000086c	  x7:0x00000000 x25:0xfffff879
        4425000	       441	80000828	f2083113	sltiu	x2,x16,-224	 x16:0x00000000  x2=0x00000001
        4435000	       442	8000082c	00aa9db3	sll	x27,x21,x10	 x21:0x00000008 x10:0x00000000 x27=0x00000008
        4445000	       443	80000830	11aa8993	addi	x19,x21,282	 x21:0x00000008 x19=0x00000122
        4455000	       444	80000834	00ffc033	xor	x0,x31,x15	 x31:0x80009fc4 x15:0x000002ee
        4465000	       445	80000838	ae537ab7	lui	x21,0xae537	 x21=0xae537000
        4475000	       446	8000083c	00000013	addi	x0,x0,0	  x0:0x00000000
        4485000	       447	80000840	05608463	beq	x1,x22,80000888	  x1:0x000002ee x22:0x00000000
        4495000	       448	80000844	01285c63	bge	x16,x18,8000085c	 x16:0x00000000 x18:0x00000000
        4505000	       449	00000000	00000013	addi	x0,x0,0	  x0:0x00000000
        4515000	       450	80000858	00000013	addi	x0,x0,0	  x0:0x00000000
        4525000	       451	8000085c	024bc463	blt	x23,x4,80000884	 x23:0xfffffd12  x4:0x355fb000
        4535000	       452	00000000	00000013	addi	x0,x0,0	  x0:0x00000000
        4545000	       453	80000880	00000013	addi	x0,x0,0	  x0:0x00000000
        4555000	       454	80000884	01d1bdb3	sltu	x27,x3,x29	  x3:0x000005e9 x29:0xf35b6814 x27=0x00000001
        4565000	       455	80000888	00df0663	beq	x30,x13,80000894	 x30:0x00000000 x13:0x00000000
        4575000	       456	00000000	00000013	addi	x0,x0,0	  x0:0x00000000
        4585000	       457	80000890	00000013	addi	x0,x0,0	  x0:0x00000000
        4595000	       458	80000894	00000013	addi	x0,x0,0	  x0:0x00000000
        4605000	       459	80000898	01da4263	blt	x20,x29,8000089c	 x20:0x00000000 x29:0xf35b6814
        4615000	       460	8000089c	00a411b3	sll	x3,x8,x10	  x8:0x00000000 x10:0x00000000  x3=0x00000000
        4625000	       461	800008a0	01933133	sltu	x2,x6,x25	  x6:0x53800000 x25:0xfffff879  x2=0x00000001
        4635000	       462	800008a4	02e98663	beq	x19,x14,800008d0	 x19:0x00000122 x14:0x00000000
        4645000	       463	800008a8	00b97833	and	x16,x18,x11	 x18:0x00000000 x11:0x00000000 x16=0x00000000
        4655000	       464	800008ac	00b2b633	sltu	x12,x5,x11	  x5:0x00000000 x11:0x00000000 x12=0x00000000
        4665000	       465	800008b0	40335333	sra	x6,x6,x3	  x6:0x53800000  x3:0x00000000  x6=0x53800000
        4675000	       466	800008b4	69b8a713	slti	x14,x17,1691	 x17:0x00000000 x14=0x00000001
        4685000	       467	800008b8	0117e833	or	x16,x15,x17	 x15:0x000002ee x17:0x00000000 x16=0x000002ee
        4695000	       468	800008bc	bae30213	addi	x4,x6,-1106	  x6:0x53800000  x4=0x537ffbae
        4705000	       469	800008c0	02e0e063	bltu	x1,x14,800008e0	  x1:0x000002ee x14:0x00000001
        4715000	       470	800008c4	01965333	srl	x6,x12,x25	 x12:0x00000000 x25:0xfffff879  x6=0x00000000
        4725000	       471	800008c8	00009863	bne	x1,x0,800008d8	  x1:0x000002ee  x0:0x00000000
        4735000	       472	00000000	00000013	addi	x0,x0,0	  x0:0x00000000
        4745000	       473	800008d4	00000013	addi	x0,x0,0	  x0:0x00000000
        4755000	       474	800008d8	002a7b33	and	x22,x20,x2	 x20:0x00000000  x2:0x00000001 x22=0x00000000
        4765000	       475	800008dc	40e65513	srai	x10,x12,0xe	 x12:0x00000000 x10=0x00000000
        4775000	       476	800008e0	001a7863	bgeu	x20,x1,800008f0	 x20:0x00000000  x1:0x000002ee
        4785000	       477	800008e4	46863e13	sltiu	x28,x12,1128	 x12:0x00000000 x28=0x00000001
        4795000	       478	800008e8	00e54463	blt	x10,x14,800008f0	 x10:0x00000000 x14:0x00000001
        4805000	       479	00000000	00000013	addi	x0,x0,0	  x0:0x00000000
        4815000	       480	800008ec	00000013	addi	x0,x0,0	  x0:0x00000000
        4825000	       481	800008f0	400d5c93	srai	x25,x26,0x0	 x26:0x00000000 x25=0x00000000
        4835000	       482	800008f4	e0977413	andi	x8,x14,-503	 x14:0x00000001  x8=0x00000001
        4845000	       483	800008f8	55483a97	auipc	x21,0x55483	 x21=0xd54838f4
        4855000	       484	800008fc	0027c233	xor	x4,x15,x2	 x15:0x000002ee  x2:0x00000001  x4=0x000002ef
        4865000	       485	80000900	4c324913	xori	x18,x4,1219	  x4:0x000002ef x18=0x0000062c
        4875000	       486	80000904	04467663	bgeu	x12,x4,80000950	 x12:0x00000000  x4:0x000002ef
        4885000	       487	80000908	012076b3	and	x13,x0,x18	  x0:0x00000000 x18:0x0000062c x13=0x00000000
        4895000	       488	8000090c	00896d33	or	x26,x18,x8	 x18:0x0000062c  x8:0x00000001 x26=0x0000062d
        4905000	       489	80000910	406b0033	sub	x0,x22,x6	 x22:0x00000000  x6:0x00000000
        4915000	       490	80000914	0139dd93	srli	x27,x19,0x13	 x19:0x00000122 x27=0x00000000
        4925000	       491	80000918	0103f333	and	x6,x7,x16	  x7:0x00000000 x16:0x000002ee  x6=0x00000000
        4935000	       492	8000091c	00000013	addi	x0,x0,0	  x0:0x00000000
        4945000	       493	80000920	655fce93	xori	x29,x31,1621	 x31:0x80009fc4 x29=0x80009991
        4955000	       494	80000924	00c91593	slli	x11,x18,0xc	 x18:0x0000062c x11=0x0062c000
        4965000	       495	80000928	00229213	slli	x4,x5,0x2	  x5:0x00000000  x4=0x00000000
        4975000	       496	8000092c	00aebc33	sltu	x24,x29,x10	 x29:0x80009991 x10:0x00000000 x24=0x00000000
        4985000	       497	80000930	72894797	auipc	x15,0x72894	 x15=0xf289492c
        4995000	       498	80000934	00f0de13	srli	x28,x1,0xf	  x1:0x000002ee x28=0x00000000
        5005000	       499	80000938	00542f33	slt	x30,x8,x5	  x8:0x00000001  x5:0x00000000 x30=0x00000000
        5015000	       500	8000093c	007bd233	srl	x4,x23,x7	 x23:0xfffffd12  x7:0x00000000  x4=0xfffffd12
        5025000	       501	80000940	0184f3b3	and	x7,x9,x24	  x9:0x80009f84 x24:0x00000000  x7=0x00000000
        5035000	       502	80000944	01792193	slti	x3,x18,23	 x18:0x0000062c  x3=0x00000000
        5045000	       503	80000948	01151ab3	sll	x21,x10,x17	 x10:0x00000000 x17:0x00000000 x21=0x00000000
        5055000	       504	8000094c	f4226b93	ori	x23,x4,-190	  x4:0xfffffd12 x23=0xffffff52
        5065000	       505	80000950	0038d863	bge	x17,x3,80000960	 x17:0x00000000  x3:0x00000000
        5075000	       506	00000000	00000013	addi	x0,x0,0	  x0:0x00000000
        5085000	       507	8000095c	00000013	addi	x0,x0,0	  x0:0x00000000
        5095000	       508	80000960	40a6db13	srai	x22,x13,0xa	 x13:0x00000000 x22=0x00000000
        5105000	       509	80000964	792f4a13	xori	x20,x30,1938	 x30:0x00000000 x20=0x00000792
        5115000	       510	80000968	00289f13	slli	x30,x17,0x2	 x17:0x00000000 x30=0x00000000
        5125000	       511	8000096c	5f9c7813	andi	x16,x24,1529	 x24:0x00000000 x16=0x00000000
        5135000	       512	80000970	024d6c63	bltu	x26,x4,800009a8	 x26:0x0000062d  x4:0xfffffd12
        5145000	       513	00000000	00000013	addi	x0,x0,0	  x0:0x00000000
        5155000	       514	800009a4	00000013	addi	x0,x0,0	  x0:0x00000000
        5165000	       515	800009a8	0323c263	blt	x7,x18,800009cc	  x7:0x00000000 x18:0x0000062c
        5175000	       516	00000000	00000013	addi	x0,x0,0	  x0:0x00000000
        5185000	       517	800009c8	00000013	addi	x0,x0,0	  x0:0x00000000
        5195000	       518	800009cc	80daed13	ori	x26,x21,-2035	 x21:0x00000000 x26=0xfffff80d
        5205000	       519	800009d0	03036e63	bltu	x6,x16,80000a0c	  x6:0x00000000 x16:0x00000000
        5215000	       520	800009d4	55327697	auipc	x13,0x55327	 x13=0xd53279d0
        5225000	       521	800009d8	e164e737	lui	x14,0xe164e	 x14=0xe164e000
        5235000	       522	800009dc	0030bdb3	sltu	x27,x1,x3	  x1:0x000002ee  x3:0x00000000 x27=0x00000000
        5245000	       523	800009e0	ba004593	xori	x11,x0,-1120	  x0:0x00000000 x11=0xfffffba0
        5255000	       524	800009e4	40595d33	sra	x26,x18,x5	 x18:0x0000062c  x5:0x00000000 x26=0x0000062c
        5265000	       525	800009e8	6b0bcf13	xori	x30,x23,1712	 x23:0xffffff52 x30=0xfffff9e2
        5275000	       526	800009ec	c3e90b17	auipc	x22,0xc3e90	 x22=0x43e909e8
        5285000	       527	800009f0	0b32dc63	bge	x5,x19,80000aa8	  x5:0x00000000 x19:0x00000122
        5295000	       528	800009f4	01b9e133	or	x2,x19,x27	 x19:0x00000122 x27:0x00000000  x2=0x00000122
        5305000	       529	800009f8	40a75533	sra	x10,x14,x10	 x14:0xe164e000 x10:0x00000000 x10=0xe164e000
        5315000	       530	800009fc	09b5ce63	blt	x11,x27,80000a98	 x11:0xfffffba0 x27:0x00000000
        5325000	       531	00000000	00000013	addi	x0,x0,0	  x0:0x00000000
        5335000	       532	80000a94	00000013	addi	x0,x0,0	  x0:0x00000000
        5345000	       533	80000a98	9b012793	slti	x15,x2,-1616	  x2:0x00000122 x15=0x00000000
        5355000	       534	80000a9c	03591a63	bne	x18,x21,80000ad0	 x18:0x0000062c x21:0x00000000
        5365000	       535	00000000	00000013	addi	x0,x0,0	  x0:0x00000000
        5375000	       536	80000acc	00000013	addi	x0,x0,0	  x0:0x00000000
        5385000	       537	80000ad0	7cebcc37	lui	x24,0x7cebc	 x24=0x7cebc000
        5395000	       538	80000ad4	a660f0b7	lui	x1,0xa660f	  x1=0xa660f000
        5405000	       539	80000ad8	1771c017	auipc	x0,0x1771c	
        5415000	       540	80000adc	0149acb3	slt	x25,x19,x20	 x19:0x00000122 x20:0x00000792 x25=0x00000001
        5425000	       541	80000ae0	00871b93	slli	x23,x14,0x8	 x14:0xe164e000 x23=0x64e00000
        5435000	       542	80000ae4	0018b533	sltu	x10,x17,x1	 x17:0x00000000  x1:0xa660f000 x10=0x00000001
        5445000	       543	80000ae8	0459e463	bltu	x19,x5,80000b30	 x19:0x00000122  x5:0x00000000
        5455000	       544	80000aec	5c2fdbb7	lui	x23,0x5c2fd	 x23=0x5c2fd000
        5465000	       545	80000af0	1ab1f993	andi	x19,x3,427	  x3:0x00000000 x19=0x00000000
        5475000	       546	80000af4	405d5b93	srai	x23,x26,0x5	 x26:0x0000062c x23=0x00000031
        5485000	       547	80000af8	207cf713	andi	x14,x25,519	 x25:0x00000001 x14=0x00000001
        5495000	       548	80000afc	41fc07b3	sub	x15,x24,x31	 x24:0x7cebc000 x31:0x80009fc4 x15=0xfceb203c
        5505000	       549	80000b00	3d9d6193	ori	x3,x26,985	 x26:0x0000062c  x3=0x000007fd
        5515000	       550	80000b04	e0652913	slti	x18,x10,-506	 x10:0x00000001 x18=0x00000000
        5525000	       551	80000b08	0549d863	bge	x19,x20,80000b58	 x19:0x00000000 x20:0x00000792
        5535000	       552	80000b0c	01560db3	add	x27,x12,x21	 x12:0x00000000 x21:0x00000000 x27=0x00000000
        5545000	       553	80000b10	0007c263	blt	x15,x0,80000b14	 x15:0xfceb203c  x0:0x00000000
        5555000	       554	00000000	00000013	addi	x0,x0,0	  x0:0x00000000
        5565000	       555	80000b10	00000013	addi	x0,x0,0	  x0:0x00000000
        5575000	       556	80000b14	01f25793	srli	x15,x4,0x1f	  x4:0xfffffd12 x15=0x00000001
        5585000	       557	80000b18	e3c20313	addi	x6,x4,-452	  x4:0xfffffd12  x6=0xfffffb4e
        5595000	       558	80000b1c	a0d20d93	addi	x27,x4,-1523	  x4:0xfffffd12 x27=0xfffff71f
        5605000	       559	80000b20	005c2db3	slt	x27,x24,x5	 x24:0x7cebc000  x5:0x00000000 x27=0x00000000
        5615000	       560	80000b24	005b6b33	or	x22,x22,x5	 x22:0x43e909e8  x5:0x00000000 x22=0x43e909e8
        5625000	       561	80000b28	0101ec63	bltu	x3,x16,80000b40	  x3:0x000007fd x16:0x00000000
        5635000	       562	80000b2c	00536863	bltu	x6,x5,80000b3c	  x6:0xfffffb4e  x5:0x00000000
        5645000	       563	80000b30	053f1063	bne	x30,x19,80000b70	 x30:0xfffff9e2 x19:0x00000000
        5655000	       564	00000000	00000013	addi	x0,x0,0	  x0:0x00000000
        5665000	       565	80000b6c	00000013	addi	x0,x0,0	  x0:0x00000000
        5675000	       566	80000b70	01b3bcb3	sltu	x25,x7,x27	  x7:0x00000000 x27:0x00000000 x25=0x00000000
        5685000	       567	80000b74	d0e83613	sltiu	x12,x16,-754	 x16:0x00000000 x12=0x00000001
        5695000	       568	80000b78	00891733	sll	x14,x18,x8	 x18:0x00000000  x8:0x00000001 x14=0x00000000
        5705000	       569	80000b7c	274b8c13	addi	x24,x23,628	 x23:0x00000031 x24=0x000002a5
        5715000	       570	80000b80	c2d47c13	andi	x24,x8,-979	  x8:0x00000001 x24=0x00000001
        5725000	       571	80000b84	00d28cb3	add	x25,x5,x13	  x5:0x00000000 x13:0xd53279d0 x25=0xd53279d0
        5735000	       572	80000b88	018a38b3	sltu	x17,x20,x24	 x20:0x00000792 x24:0x00000001 x17=0x00000000
        5745000	       573	80000b8c	c7124813	xori	x16,x4,-911	  x4:0xfffffd12 x16=0x00000163
        5755000	       574	80000b90	01eee433	or	x8,x29,x30	 x29:0x80009991 x30:0xfffff9e2  x8=0xfffff9f3
        5765000	       575	80000b94	00843d33	sltu	x26,x8,x8	  x8:0xfffff9f3  x8:0xfffff9f3 x26=0x00000000
        5775000	       576	80000b98	01bf8463	beq	x31,x27,80000ba0	 x31:0x80009fc4 x27:0x00000000
        5785000	       577	80000b9c	001dd613	srli	x12,x27,0x1	 x27:0x00000000 x12=0x00000000
        5795000	       578	80000ba0	00831433	sll	x8,x6,x8	  x6:0xfffffb4e  x8:0xfffff9f3  x8=0xda700000
        5805000	       579	80000ba4	00b8d863	bge	x17,x11,80000bb4	 x17:0x00000000 x11:0xfffffba0
        5815000	       580	00000000	00000013	addi	x0,x0,0	  x0:0x00000000
        5825000	       581	80000bb0	00000013	addi	x0,x0,0	  x0:0x00000000
        5835000	       582	80000bb4	05517263	bgeu	x2,x21,80000bf8	  x2:0x00000122 x21:0x00000000
        5845000	       583	00000000	00000013	addi	x0,x0,0	  x0:0x00000000
        5855000	       584	80000bf4	00000013	addi	x0,x0,0	  x0:0x00000000
        5865000	       585	80000bf8	05bc5463	bge	x24,x27,80000c40	 x24:0x00000001 x27:0x00000000
        5875000	       586	00000000	00000013	addi	x0,x0,0	  x0:0x00000000
        5885000	       587	80000c3c	00000013	addi	x0,x0,0	  x0:0x00000000
        5895000	       588	80000c40	01875633	srl	x12,x14,x24	 x14:0x00000000 x24:0x00000001 x12=0x00000000
        5905000	       589	80000c44	b144e113	ori	x2,x9,-1260	  x9:0x80009f84  x2=0xffffff94
        5915000	       590	80000c48	005d5db3	srl	x27,x26,x5	 x26:0x00000000  x5:0x00000000 x27=0x00000000
        5925000	       591	80000c4c	01b32eb3	slt	x29,x6,x27	  x6:0xfffffb4e x27:0x00000000 x29=0x00000001
        5935000	       592	80000c50	403a81b3	sub	x3,x21,x3	 x21:0x00000000  x3:0x000007fd  x3=0xfffff803
        5945000	       593	80000c54	0817ee93	ori	x29,x15,129	 x15:0x00000001 x29=0x00000081
        5955000	       594	80000c58	dfd843b7	lui	x7,0xdfd84	  x7=0xdfd84000
        5965000	       595	80000c5c	00cc37b3	sltu	x15,x24,x12	 x24:0x00000001 x12:0x00000000 x15=0x00000000
        5975000	       596	80000c60	0130cbb3	xor	x23,x1,x19	  x1:0xa660f000 x19:0x00000000 x23=0xa660f000
        5985000	       597	80000c64	01da6033	or	x0,x20,x29	 x20:0x00000792 x29:0x00000081
        5995000	       598	80000c68	0130ebb3	or	x23,x1,x19	  x1:0xa660f000 x19:0x00000000 x23=0xa660f000
        6005000	       599	80000c6c	01c1a033	slt	x0,x3,x28	  x3:0xfffff803 x28:0x00000000
        6015000	       600	80000c70	00000013	addi	x0,x0,0	  x0:0x00000000
        6025000	       601	80000c74	01d31033	sll	x0,x6,x29	  x6:0xfffffb4e x29:0x00000081
        6035000	       602	80000c78	40cddb33	sra	x22,x27,x12	 x27:0x00000000 x12:0x00000000 x22=0x00000000
        6045000	       603	80000c7c	00000013	addi	x0,x0,0	  x0:0x00000000
        6055000	       604	80000c80	01adc233	xor	x4,x27,x26	 x27:0x00000000 x26:0x00000000  x4=0x00000000
        6065000	       605	80000c84	00a62d33	slt	x26,x12,x10	 x12:0x00000000 x10:0x00000001 x26=0x00000001
        6075000	       606	80000c88	70444213	xori	x4,x8,1796	  x8:0xda700000  x4=0xda700704
        6085000	       607	80000c8c	04eb5463	bge	x22,x14,80000cd4	 x22:0x00000000 x14:0x00000000
        6095000	       608	00000000	00000013	addi	x0,x0,0	  x0:0x00000000
        6105000	       609	80000cd0	00000013	addi	x0,x0,0	  x0:0x00000000
        6115000	       610	80000cd4	01031313	slli	x6,x6,0x10	  x6:0xfffffb4e  x6=0xfb4e0000
        6125000	       611	80000cd8	02737863	bgeu	x6,x7,80000d08	  x6:0xfb4e0000  x7:0xdfd84000
        6135000	       612	00000000	00000013	addi	x0,x0,0	  x0:0x00000000
        6145000	       613	80000d04	00000013	addi	x0,x0,0	  x0:0x00000000
        6155000	       614	80000d08	01cf3833	sltu	x16,x30,x28	 x30:0xfffff9e2 x28:0x00000000 x16=0x00000000
        6165000	       615	80000d0c	65917e37	lui	x28,0x65917	 x28=0x65917000
        6175000	       616	80000d10	004a76b3	and	x13,x20,x4	 x20:0x00000792  x4:0xda700704 x13=0x00000700
        6185000	       617	80000d14	41df5113	srai	x2,x30,0x1d	 x30:0xfffff9e2  x2=0xffffffff
        6195000	       618	80000d18	0006bab3	sltu	x21,x13,x0	 x13:0x00000700  x0:0x00000000 x21=0x00000000
        6205000	       619	80000d1c	00000013	addi	x0,x0,0	  x0:0x00000000
        6215000	       620	80000d20	a6c33e93	sltiu	x29,x6,-1428	  x6:0xfb4e0000 x29=0x00000001
        6225000	       621	80000d24	00e75c63	bge	x14,x14,80000d3c	 x14:0x00000000 x14:0x00000000
        6235000	       622	00000000	00000013	addi	x0,x0,0	  x0:0x00000000
        6245000	       623	80000d38	00000013	addi	x0,x0,0	  x0:0x00000000
        6255000	       624	80000d3c	406dd833	sra	x16,x27,x6	 x27:0x00000000  x6:0xfb4e0000 x16=0x00000000
        6265000	       625	80000d40	00000297	auipc	x5,0x0	  x5=0x80000d3c
        6275000	       626	80000d44	00c28293	addi	x5,x5,12	  x5:0x80000d3c  x5=0x80000d48
        6285000	       627	80000d48	00028067	jalr	x0,x5,0	  x5:0x80000d48
        6295000	       628	00000000	00000013	addi	x0,x0,0	  x0:0x00000000
        6305000	       629	80000d48	00000013	addi	x0,x0,0	  x0:0x00000000
        6315000	       630	80000d4c	00100193	addi	x3,x0,1	  x0:0x00000000  x3=0x00000001
        6325000	       631	80000d50	00000073	ecall	
        6335000	       632	80000d54	404f0033	sub	x0,x30,x4	 x30:0xfffff9e2  x4:0xda700704
