		Time			Cycle	PC		Insn	Decoded instruction	Register and memory contents
          65000	         5	80000004	00000293	addi	x5,x0,0	  x0:0x00000000  x5=0x00000000
          75000	         6	80000008	00000313	addi	x6,x0,0	  x0:0x00000000  x6=0x00000000
          85000	         7	8000000c	00628263	beq	x5,x6,80000010	  x5:0x00000000  x6:0x00000000
          95000	         8	00000000	00000013	addi	x0,x0,0	  x0:0x00000000
         105000	         9	8000000c	00000013	addi	x0,x0,0	  x0:0x00000000
         115000	        10	80000010	00000897	auipc	x17,0x0	 x17=0x8000000c
         125000	        11	80000014	00c88893	addi	x17,x17,12	 x17:0x8000000c x17=0x80000018
         135000	        12	80000018	00088067	jalr	x0,x17,0	 x17:0x80000018
         145000	        13	00000000	00000013	addi	x0,x0,0	  x0:0x00000000
         155000	        14	80000018	00000013	addi	x0,x0,0	  x0:0x00000000
         165000	        15	8000001c	40000237	lui	x4,0x40000	  x4=0x40000000
         175000	        16	80000020	10020213	addi	x4,x4,256	  x4:0x40000000  x4=0x40000100
         185000	        17	80000024	00000013	addi	x0,x0,0	  x0:0x00000000
         195000	        18	80000028	0000a517	auipc	x10,0xa	 x10=0x8000a024
         205000	        19	8000002c	fa050513	addi	x10,x10,-96	 x10:0x8000a024 x10=0x80009fc4
         215000	        20	80000030	00007217	auipc	x4,0x7	  x4=0x8000702c
         225000	        21	80000034	47420213	addi	x4,x4,1140	  x4:0x8000702c  x4=0x800074a0
         235000	        22	80000038	00126213	ori	x4,x4,1	  x4:0x800074a0  x4=0x800074a1
         245000	        23	8000003c	00000013	addi	x0,x0,0	  x0:0x00000000
         255000	        24	80000040	00000217	auipc	x4,0x0	  x4=0x8000003c
         265000	        25	80000044	02020213	addi	x4,x4,32	  x4:0x8000003c  x4=0x8000005c
         275000	        26	80000048	00000013	addi	x0,x0,0	  x0:0x00000000
         285000	        27	8000004c	00000013	addi	x0,x0,0	  x0:0x00000000
         295000	        28	80000050	00002237	lui	x4,0x2	  x4=0x00002000
         305000	        29	80000054	80020213	addi	x4,x4,-2048	  x4:0x00002000  x4=0x00001800
         315000	        30	80000058	00000013	addi	x0,x0,0	  x0:0x00000000
         325000	        31	8000005c	00000013	addi	x0,x0,0	  x0:0x00000000
         335000	        32	80000060	00000013	addi	x0,x0,0	  x0:0x00000000
         345000	        33	80000064	00100093	addi	x1,x0,1	  x0:0x00000000  x1=0x00000001
         355000	        34	80000068	039fd137	lui	x2,0x39fd	  x2=0x039fd000
         365000	        35	8000006c	5fd10113	addi	x2,x2,1533	  x2:0x039fd000  x2=0x039fd5fd
         375000	        36	80000070	d58a61b7	lui	x3,0xd58a6	  x3=0xd58a6000
         385000	        37	80000074	adb18193	addi	x3,x3,-1317	  x3:0xd58a6000  x3=0xd58a5adb
         395000	        38	80000078	80000237	lui	x4,0x80000	  x4=0x80000000
         405000	        39	8000007c	800002b7	lui	x5,0x80000	  x5=0x80000000
         415000	        40	80000080	00000313	addi	x6,x0,0	  x0:0x00000000  x6=0x00000000
         425000	        41	80000084	7d4103b7	lui	x7,0x7d410	  x7=0x7d410000
         435000	        42	80000088	36238393	addi	x7,x7,866	  x7:0x7d410000  x7=0x7d410362
         445000	        43	8000008c	fed6c437	lui	x8,0xfed6c	  x8=0xfed6c000
         455000	        44	80000090	4a040413	addi	x8,x8,1184	  x8:0xfed6c000  x8=0xfed6c4a0
         465000	        45	80000094	800004b7	lui	x9,0x80000	  x9=0x80000000
         475000	        46	80000098	f069f5b7	lui	x11,0xf069f	 x11=0xf069f000
         485000	        47	8000009c	2ff58593	addi	x11,x11,767	 x11:0xf069f000 x11=0xf069f2ff
         495000	        48	800000a0	00000613	addi	x12,x0,0	  x0:0x00000000 x12=0x00000000
         505000	        49	800000a4	b8a906b7	lui	x13,0xb8a90	 x13=0xb8a90000
         515000	        50	800000a8	57c68693	addi	x13,x13,1404	 x13:0xb8a90000 x13=0xb8a9057c
         525000	        51	800000ac	00000713	addi	x14,x0,0	  x0:0x00000000 x14=0x00000000
         535000	        52	800000b0	fd7437b7	lui	x15,0xfd743	 x15=0xfd743000
         545000	        53	800000b4	ecf78793	addi	x15,x15,-305	 x15:0xfd743000 x15=0xfd742ecf
         555000	        54	800000b8	80000837	lui	x16,0x80000	 x16=0x80000000
         565000	        55	800000bc	f44008b7	lui	x17,0xf4400	 x17=0xf4400000
         575000	        56	800000c0	34088893	addi	x17,x17,832	 x17:0xf4400000 x17=0xf4400340
         585000	        57	800000c4	00000913	addi	x18,x0,0	  x0:0x00000000 x18=0x00000000
         595000	        58	800000c8	ec9aba37	lui	x20,0xec9ab	 x20=0xec9ab000
         605000	        59	800000cc	007a0a13	addi	x20,x20,7	 x20:0xec9ab000 x20=0xec9ab007
         615000	        60	800000d0	0366aab7	lui	x21,0x366a	 x21=0x0366a000
         625000	        61	800000d4	509a8a93	addi	x21,x21,1289	 x21:0x0366a000 x21=0x0366a509
         635000	        62	800000d8	47216b37	lui	x22,0x47216	 x22=0x47216000
         645000	        63	800000dc	7cfb0b13	addi	x22,x22,1999	 x22:0x47216000 x22=0x472167cf
         655000	        64	800000e0	80000bb7	lui	x23,0x80000	 x23=0x80000000
         665000	        65	800000e4	80000c37	lui	x24,0x80000	 x24=0x80000000
         675000	        66	800000e8	fa87dcb7	lui	x25,0xfa87d	 x25=0xfa87d000
         685000	        67	800000ec	53cc8c93	addi	x25,x25,1340	 x25:0xfa87d000 x25=0xfa87d53c
         695000	        68	800000f0	00000d13	addi	x26,x0,0	  x0:0x00000000 x26=0x00000000
         705000	        69	800000f4	00f00d93	addi	x27,x0,15	  x0:0x00000000 x27=0x0000000f
         715000	        70	800000f8	f238fe37	lui	x28,0xf238f	 x28=0xf238f000
         725000	        71	800000fc	ce1e0e13	addi	x28,x28,-799	 x28:0xf238f000 x28=0xf238ece1
         735000	        72	80000100	f1fc8eb7	lui	x29,0xf1fc8	 x29=0xf1fc8000
         745000	        73	80000104	384e8e93	addi	x29,x29,900	 x29:0xf1fc8000 x29=0xf1fc8384
         755000	        74	80000108	00000f13	addi	x30,x0,0	  x0:0x00000000 x30=0x00000000
         765000	        75	8000010c	00000f93	addi	x31,x0,0	  x0:0x00000000 x31=0x00000000
         775000	        76	80000110	0000a997	auipc	x19,0xa	 x19=0x8000a10c
         785000	        77	80000114	e7898993	addi	x19,x19,-392	 x19:0x8000a10c x19=0x80009f84
         795000	        78	80000118	00008c17	auipc	x24,0x8	 x24=0x80008114
         805000	        79	8000011c	4fdc0c13	addi	x24,x24,1277	 x24:0x80008114 x24=0x80008611
         815000	        80	80000120	048c4303	lbu	x6,72(x24)	 x24:0x80008611  x6=0x00000012 PA:0x80008659
         825000	        81	80000124	f42c0003	lb	x0,-190(x24)	 x24:0x80008611 PA:0x80008553
         835000	        82	80000128	f6dc0c23	sb	x13,-136(x24)	 x24:0x80008611 x13:0xb8a9057c PA:0x80008589
         845000	        83	8000012c	f0bc0723	sb	x11,-242(x24)	 x24:0x80008611 x11:0xf069f2ff PA:0x8000851f
         855000	        84	80000130	4044ddb3	sra	x27,x9,x4	  x9:0x80000000  x4:0x80000000 x27=0x80000000
         865000	        85	80000134	5289c393	xori	x7,x19,1320	 x19:0x80009f84  x7=0x80009aac
         875000	        86	80000138	490eeeb7	lui	x29,0x490ee	 x29=0x490ee000
         885000	        87	8000013c	593ebb13	sltiu	x22,x29,1427	 x29:0x490ee000 x22=0x00000000
         895000	        88	80000140	32260e93	addi	x29,x12,802	 x12:0x00000000 x29=0x00000322
         905000	        89	80000144	01995a13	srli	x20,x18,0x19	 x18:0x00000000 x20=0x00000000
         915000	        90	80000148	037c0583	lb	x11,55(x24)	 x24:0x80008611 x11=0x00000003 PA:0x80008648
         925000	        91	8000014c	0018cd33	xor	x26,x17,x1	 x17:0xf4400340  x1:0x00000001 x26=0xf4400341
         935000	        92	80000150	0c6c07a3	sb	x6,207(x24)	 x24:0x80008611  x6:0x00000012 PA:0x800086e0
         945000	        93	80000154	f49c0923	sb	x9,-174(x24)	 x24:0x80008611  x9:0x80000000 PA:0x80008563
         955000	        94	80000158	f19c0d23	sb	x25,-230(x24)	 x24:0x80008611 x25:0xfa87d53c PA:0x8000852b
         965000	        95	8000015c	06cc4a83	lbu	x21,108(x24)	 x24:0x80008611 x21=0x00000036 PA:0x8000867d
         975000	        96	80000160	f11c1903	lh	x18,-239(x24)	 x24:0x80008611 x18=0xffffd8d9 PA:0x80008522
         985000	        97	80000164	bf1c2413	slti	x8,x24,-1039	 x24:0x80008611  x8=0x00000001
         995000	        98	80000168	bce8e393	ori	x7,x17,-1074	 x17:0xf4400340  x7=0xfffffbce
        1005000	        99	8000016c	f42c0403	lb	x8,-190(x24)	 x24:0x80008611  x8=0x00000008 PA:0x80008553
        1015000	       100	80000170	0ccc4a83	lbu	x21,204(x24)	 x24:0x80008611 x21=0x00000096 PA:0x800086dd
        1025000	       101	80000174	0114edb3	or	x27,x9,x17	  x9:0x80000000 x17:0xf4400340 x27=0xf4400340
        1035000	       102	80000178	00b1f433	and	x8,x3,x11	  x3:0xd58a5adb x11:0x00000003  x8=0x00000003
        1045000	       103	8000017c	f8cc4f03	lbu	x30,-116(x24)	 x24:0x80008611 x30=0x00000056 PA:0x8000859d
        1055000	       104	80000180	0f81a737	lui	x14,0xf81a	 x14=0x0f81a000
        1065000	       105	80000184	fc8c4603	lbu	x12,-56(x24)	 x24:0x80008611 x12=0x00000092 PA:0x800085d9
        1075000	       106	80000188	010f9bb3	sll	x23,x31,x16	 x31:0x00000000 x16:0x80000000 x23=0x00000000
        1085000	       107	8000018c	f14c4683	lbu	x13,-236(x24)	 x24:0x80008611 x13=0x000000de PA:0x80008525
        1095000	       108	80000190	f2cc14a3	sh	x12,-215(x24)	 x24:0x80008611 x12:0x00000092 PA:0x8000853a
        1105000	       109	80000194	0059e833	or	x16,x19,x5	 x19:0x80009f84  x5:0x80000000 x16=0x80009f84
        1115000	       110	80000198	f4bc0223	sb	x11,-188(x24)	 x24:0x80008611 x11:0x00000003 PA:0x80008555
        1125000	       111	8000019c	fa7c0ba3	sb	x7,-73(x24)	 x24:0x80008611  x7:0xfffffbce PA:0x800085c8
        1135000	       112	800001a0	a3418393	addi	x7,x3,-1484	  x3:0xd58a5adb  x7=0xd58a550f
        1145000	       113	800001a4	99fd8613	addi	x12,x27,-1633	 x27:0xf4400340 x12=0xf43ffcdf
        1155000	       114	800001a8	f31c0fa3	sb	x17,-193(x24)	 x24:0x80008611 x17:0xf4400340 PA:0x80008550
        1165000	       115	800001ac	079c14a3	sh	x25,105(x24)	 x24:0x80008611 x25:0xfa87d53c PA:0x8000867a
        1175000	       116	800001b0	fd8c0203	lb	x4,-40(x24)	 x24:0x80008611  x4=0xffffffa2 PA:0x800085e9
        1185000	       117	800001b4	f9bc1383	lh	x7,-101(x24)	 x24:0x80008611  x7=0x00006667 PA:0x800085ac
        1195000	       118	800001b8	002c0c23	sb	x2,24(x24)	 x24:0x80008611  x2:0x039fd5fd PA:0x80008629
        1205000	       119	800001bc	00aa5833	srl	x16,x20,x10	 x20:0x00000000 x10:0x80009fc4 x16=0x00000000
        1215000	       120	800001c0	fb9c1e03	lh	x28,-71(x24)	 x24:0x80008611 x28=0xffff8081 PA:0x800085ca
        1225000	       121	800001c4	02bc5d83	lhu	x27,43(x24)	 x24:0x80008611 x27=0x0000f6f7 PA:0x8000863c
        1235000	       122	800001c8	da5a4d93	xori	x27,x20,-603	 x20:0x00000000 x27=0xfffffda5
        1245000	       123	800001cc	00d8fd33	and	x26,x17,x13	 x17:0xf4400340 x13:0x000000de x26=0x00000040
        1255000	       124	800001d0	c7686c93	ori	x25,x16,-906	 x16:0x00000000 x25=0xfffffc76
        1265000	       125	800001d4	6e98ae17	auipc	x28,0x6e98a	 x28=0xee98a1d0
        1275000	       126	800001d8	8e50be37	lui	x28,0x8e50b	 x28=0x8e50b000
        1285000	       127	800001dc	0151cb33	xor	x22,x3,x21	  x3:0xd58a5adb x21:0x00000096 x22=0xd58a5a4d
        1295000	       128	800001e0	f63c5283	lhu	x5,-157(x24)	 x24:0x80008611  x5=0x00002e2f PA:0x80008574
        1305000	       129	800001e4	019e9913	slli	x18,x29,0x19	 x29:0x00000322 x18=0x44000000
        1315000	       130	800001e8	41875f13	srai	x30,x14,0x18	 x14:0x0f81a000 x30=0x0000000f
        1325000	       131	800001ec	0cdc0d23	sb	x13,218(x24)	 x24:0x80008611 x13:0x000000de PA:0x800086eb
        1335000	       132	800001f0	40bc8833	sub	x16,x25,x11	 x25:0xfffffc76 x11:0x00000003 x16=0xfffffc73
        1345000	       133	800001f4	05ec0b23	sb	x30,86(x24)	 x24:0x80008611 x30:0x0000000f PA:0x80008667
        1355000	       134	800001f8	015c5a83	lhu	x21,21(x24)	 x24:0x80008611 x21=0x0000dcdd PA:0x80008626
        1365000	       135	800001fc	00000013	addi	x0,x0,0	  x0:0x00000000
        1375000	       136	80000200	fffc5803	lhu	x16,-1(x24)	 x24:0x80008611 x16=0x0000cacb PA:0x80008610
        1385000	       137	80000204	00009417	auipc	x8,0x9	  x8=0x80009200
        1395000	       138	80000208	c7d40413	addi	x8,x8,-899	  x8:0x80009200  x8=0x80008e7d
        1405000	       139	8000020c	00340423	sb	x3,8(x8)	  x8:0x80008e7d  x3:0xd58a5adb PA:0x80008e85
        1415000	       140	80000210	7857f393	andi	x7,x15,1925	 x15:0xfd742ecf  x7=0x00000685
        1425000	       141	80000214	005ddbb3	srl	x23,x27,x5	 x27:0xfffffda5  x5:0x00002e2f x23=0x0001ffff
        1435000	       142	80000218	ff744b03	lbu	x22,-9(x8)	  x8:0x80008e7d x22=0x0000005f PA:0x80008e74
        1445000	       143	8000021c	03c40223	sb	x28,36(x8)	  x8:0x80008e7d x28:0x8e50b000 PA:0x80008ea1
        1455000	       144	80000220	02c40223	sb	x12,36(x8)	  x8:0x80008e7d x12:0xf43ffcdf PA:0x80008ea1
        1465000	       145	80000224	01c6d333	srl	x6,x13,x28	 x13:0x000000de x28:0x8e50b000  x6=0x000000de
        1475000	       146	80000228	fd342703	lw	x14,-45(x8)	  x8:0x80008e7d x14=0x38393a3b PA:0x80008e50
        1485000	       147	8000022c	ffa40823	sb	x26,-16(x8)	  x8:0x80008e7d x26:0x00000040 PA:0x80008e6d
        1495000	       148	80000230	00f42903	lw	x18,15(x8)	  x8:0x80008e7d x18=0x74757677 PA:0x80008e8c
        1505000	       149	80000234	00040023	sb	x0,0(x8)	  x8:0x80008e7d  x0:0x00000000 PA:0x80008e7d
        1515000	       150	80000238	d66ffc93	andi	x25,x31,-666	 x31:0x00000000 x25=0x00000000
        1525000	       151	8000023c	fe342b83	lw	x23,-29(x8)	  x8:0x80008e7d x23=0x48494a4b PA:0x80008e60
        1535000	       152	80000240	77033f97	auipc	x31,0x77033	 x31=0xf703323c
        1545000	       153	80000244	0177d013	srli	x0,x15,0x17	 x15:0xfd742ecf
        1555000	       154	80000248	fcb41483	lh	x9,-53(x8)	  x8:0x80008e7d  x9=0x00003233 PA:0x80008e48
        1565000	       155	8000024c	ff244183	lbu	x3,-14(x8)	  x8:0x80008e7d  x3=0x00000054 PA:0x80008e6f
        1575000	       156	80000250	ff140c83	lb	x25,-15(x8)	  x8:0x80008e7d x25=0x00000055 PA:0x80008e6e
        1585000	       157	80000254	03b44903	lbu	x18,59(x8)	  x8:0x80008e7d x18=0x000000a3 PA:0x80008eb8
        1595000	       158	80000258	00000013	addi	x0,x0,0	  x0:0x00000000
        1605000	       159	8000025c	fce44e83	lbu	x29,-50(x8)	  x8:0x80008e7d x29=0x00000030 PA:0x80008e4b
        1615000	       160	80000260	cabb4b13	xori	x22,x22,-853	 x22:0x0000005f x22=0xfffffcf4
        1625000	       161	80000264	fed40583	lb	x11,-19(x8)	  x8:0x80008e7d x11=0x00000051 PA:0x80008e6a
        1635000	       162	80000268	ff745b83	lhu	x23,-9(x8)	  x8:0x80008e7d x23=0x00005e5f PA:0x80008e74
        1645000	       163	8000026c	00000013	addi	x0,x0,0	  x0:0x00000000
        1655000	       164	80000270	01294fb3	xor	x31,x18,x18	 x18:0x000000a3 x18:0x000000a3 x31=0x00000000
        1665000	       165	80000274	fce44283	lbu	x5,-50(x8)	  x8:0x80008e7d  x5=0x00000030 PA:0x80008e4b
        1675000	       166	80000278	ff640f83	lb	x31,-10(x8)	  x8:0x80008e7d x31=0x00000058 PA:0x80008e73
        1685000	       167	8000027c	03b45083	lhu	x1,59(x8)	  x8:0x80008e7d  x1=0x0000a2a3 PA:0x80008eb8
        1695000	       168	00000000	00000013	addi	x0,x0,0	  x0:0x00000000
        1705000	       169	80000280	57c0c693	xori	x13,x1,1404	  x1:0x0000a2a3 x13=0x0000a7df
        1715000	       170	80000284	a6f34793	xori	x15,x6,-1425	  x6:0x000000de x15=0xfffffab1
        1725000	       171	80000288	ff940e23	sb	x25,-4(x8)	  x8:0x80008e7d x25:0x00000055 PA:0x80008e79
        1735000	       172	8000028c	407f5f93	srai	x31,x30,0x7	 x30:0x0000000f x31=0x00000000
        1745000	       173	80000290	01740183	lb	x3,23(x8)	  x8:0x80008e7d  x3=0x0000007f PA:0x80008e94
        1755000	       174	80000294	202d7493	andi	x9,x26,514	 x26:0x00000040  x9=0x00000000
        1765000	       175	80000298	03d44b03	lbu	x22,61(x8)	  x8:0x80008e7d x22=0x000000a1 PA:0x80008eba
        1775000	       176	8000029c	01f2d7b3	srl	x15,x5,x31	  x5:0x00000030 x31:0x00000000 x15=0x00000030
        1785000	       177	800002a0	01b404a3	sb	x27,9(x8)	  x8:0x80008e7d x27:0xfffffda5 PA:0x80008e86
        1795000	       178	800002a4	fe240783	lb	x15,-30(x8)	  x8:0x80008e7d x15=0x00000044 PA:0x80008e5f
        1805000	       179	800002a8	04d40023	sb	x13,64(x8)	  x8:0x80008e7d x13:0x0000a7df PA:0x80008ebd
        1815000	       180	800002ac	ff440283	lb	x5,-12(x8)	  x8:0x80008e7d  x5=0x0000005a PA:0x80008e71
        1825000	       181	800002b0	00009297	auipc	x5,0x9	  x5=0x800092ac
        1835000	       182	800002b4	cb228293	addi	x5,x5,-846	  x5:0x800092ac  x5=0x80008f5e
        1845000	       183	800002b8	ca577493	andi	x9,x14,-859	 x14:0x38393a3b  x9=0x38393821
        1855000	       184	800002bc	00e3dd13	srli	x26,x7,0xe	  x7:0x00000685 x26=0x00000000
        1865000	       185	800002c0	41dc00b3	sub	x1,x24,x29	 x24:0x80008611 x29:0x00000030  x1=0x800085e1
        1875000	       186	800002c4	01bc5c33	srl	x24,x24,x27	 x24:0x80008611 x27:0xfffffda5 x24=0x04000430
        1885000	       187	800002c8	00bcbf33	sltu	x30,x25,x11	 x25:0x00000055 x11:0x00000051 x30=0x00000000
        1895000	       188	800002cc	00538e33	add	x28,x7,x5	  x7:0x00000685  x5:0x80008f5e x28=0x800095e3
        1905000	       189	800002d0	0102db03	lhu	x22,16(x5)	  x5:0x80008f5e x22=0x00005455 PA:0x80008f6e
        1915000	       190	800002d4	01a2db83	lhu	x23,26(x5)	  x5:0x80008f5e x23=0x00006263 PA:0x80008f78
        1925000	       191	800002d8	ec62c913	xori	x18,x5,-314	  x5:0x80008f5e x18=0x7fff7198
        1935000	       192	800002dc	d8d6ea93	ori	x21,x13,-627	 x13:0x0000a7df x21=0xffffffdf
        1945000	       193	800002e0	00000013	addi	x0,x0,0	  x0:0x00000000
        1955000	       194	800002e4	006eb7b3	sltu	x15,x29,x6	 x29:0x00000030  x6:0x000000de x15=0x00000001
        1965000	       195	800002e8	fd929023	sh	x25,-64(x5)	  x5:0x80008f5e x25:0x00000055 PA:0x80008f1e
        1975000	       196	800002ec	007fcd33	xor	x26,x31,x7	 x31:0x00000000  x7:0x00000685 x26=0x00000685
        1985000	       197	800002f0	9368bf13	sltiu	x30,x17,-1738	 x17:0xf4400340 x30=0x00000001
        1995000	       198	800002f4	fe929f23	sh	x9,-2(x5)	  x5:0x80008f5e  x9:0x38393821 PA:0x80008f5c
        2005000	       199	800002f8	a8110c93	addi	x25,x2,-1407	  x2:0x039fd5fd x25=0x039fd07e
        2015000	       200	800002fc	02e28603	lb	x12,46(x5)	  x5:0x80008f5e x12=0x00000077 PA:0x80008f8c
        2025000	       201	80000300	0102c103	lbu	x2,16(x5)	  x5:0x80008f5e  x2=0x00000055 PA:0x80008f6e
        2035000	       202	80000304	7e19a213	slti	x4,x19,2017	 x19:0x80009f84  x4=0x00000001
        2045000	       203	80000308	6f3b2f13	slti	x30,x22,1779	 x22:0x00005455 x30=0x00000000
        2055000	       204	8000030c	00d2cb03	lbu	x22,13(x5)	  x5:0x80008f5e x22=0x00000050 PA:0x80008f6b
        2065000	       205	80000310	fdd28923	sb	x29,-46(x5)	  x5:0x80008f5e x29:0x00000030 PA:0x80008f30
        2075000	       206	80000314	01abe833	or	x16,x23,x26	 x23:0x00006263 x26:0x00000685 x16=0x000066e7
        2085000	       207	80000318	3ea1bb93	sltiu	x23,x3,1002	  x3:0x0000007f x23=0x00000001
        2095000	       208	8000031c	001bdf93	srli	x31,x23,0x1	 x23:0x00000001 x31=0x00000000
        2105000	       209	80000320	011a93b3	sll	x7,x21,x17	 x21:0xffffffdf x17:0xf4400340  x7=0xffffffdf
        2115000	       210	80000324	69fdf793	andi	x15,x27,1695	 x27:0xfffffda5 x15=0x00000485
        2125000	       211	80000328	ff82c703	lbu	x14,-8(x5)	  x5:0x80008f5e x14=0x0000003d PA:0x80008f56
        2135000	       212	8000032c	6b51ee13	ori	x28,x3,1717	  x3:0x0000007f x28=0x000006ff
        2145000	       213	80000330	00328523	sb	x3,10(x5)	  x5:0x80008f5e  x3:0x0000007f PA:0x80008f68
        2155000	       214	80000334	549bac13	slti	x24,x23,1353	 x23:0x00000001 x24=0x00000001
        2165000	       215	80000338	011c1db3	sll	x27,x24,x17	 x24:0x00000001 x17:0xf4400340 x27=0x00000001
        2175000	       216	8000033c	01a28c03	lb	x24,26(x5)	  x5:0x80008f5e x24=0x00000063 PA:0x80008f78
        2185000	       217	80000340	00008d97	auipc	x27,0x8	 x27=0x8000833c
        2195000	       218	80000344	440d8d93	addi	x27,x27,1088	 x27:0x8000833c x27=0x8000877c
        2205000	       219	80000348	0137cb33	xor	x22,x15,x19	 x15:0x00000485 x19:0x80009f84 x22=0x80009b01
        2215000	       220	8000034c	00000013	addi	x0,x0,0	  x0:0x00000000
        2225000	       221	80000350	023dca83	lbu	x21,35(x27)	 x27:0x8000877c x21=0x00000054 PA:0x8000879f
        2235000	       222	80000354	f4fd9d23	sh	x15,-166(x27)	 x27:0x8000877c x15:0x00000485 PA:0x800086d6
        2245000	       223	80000358	00edd683	lhu	x13,14(x27)	 x27:0x8000877c x13=0x00004041 PA:0x8000878a
        2255000	       224	8000035c	010dd203	lhu	x4,16(x27)	 x27:0x8000877c  x4=0x00004647 PA:0x8000878c
        2265000	       225	00000000	00000013	addi	x0,x0,0	  x0:0x00000000
        2275000	       226	80000360	404b5b93	srai	x23,x22,0x4	 x22:0x80009b01 x23=0xf80009b0
        2285000	       227	80000364	a6013213	sltiu	x4,x2,-1440	  x2:0x00000055  x4=0x00000001
        2295000	       228	80000368	04ed82a3	sb	x14,69(x27)	 x27:0x8000877c x14:0x0000003d PA:0x800087c1
        2305000	       229	8000036c	019d8f03	lb	x30,25(x27)	 x27:0x8000877c x30=0x0000004e PA:0x80008795
        2315000	       230	80000370	f9bd8103	lb	x2,-101(x27)	 x27:0x8000877c  x2=0xffffffcc PA:0x80008717
        2325000	       231	80000374	09ad84a3	sb	x26,137(x27)	 x27:0x8000877c x26:0x00000685 PA:0x80008805
        2335000	       232	80000378	f6bdc683	lbu	x13,-149(x27)	 x27:0x8000877c x13=0x0000009c PA:0x800086e7
        2345000	       233	8000037c	f6bd8e83	lb	x29,-149(x27)	 x27:0x8000877c x29=0xffffff9c PA:0x800086e7
        2355000	       234	80000380	f0fd8323	sb	x15,-250(x27)	 x27:0x8000877c x15:0x00000485 PA:0x80008682
        2365000	       235	80000384	05fd8403	lb	x8,95(x27)	 x27:0x8000877c  x8=0xffffff90 PA:0x800087db
        2375000	       236	80000388	01cd5833	srl	x16,x26,x28	 x26:0x00000685 x28:0x000006ff x16=0x00000000
        2385000	       237	8000038c	058d8aa3	sb	x24,85(x27)	 x27:0x8000877c x24:0x00000063 PA:0x800087d1
        2395000	       238	80000390	0190e2b3	or	x5,x1,x25	  x1:0x800085e1 x25:0x039fd07e  x5=0x839fd5ff
        2405000	       239	80000394	fa0d85a3	sb	x0,-85(x27)	 x27:0x8000877c  x0:0x00000000 PA:0x80008727
        2415000	       240	80000398	082d9323	sh	x2,134(x27)	 x27:0x8000877c  x2:0xffffffcc PA:0x80008802
        2425000	       241	8000039c	0132aa33	slt	x20,x5,x19	  x5:0x839fd5ff x19:0x80009f84 x20=0x00000000
        2435000	       242	800003a0	f13d89a3	sb	x19,-237(x27)	 x27:0x8000877c x19:0x80009f84 PA:0x8000868f
        2445000	       243	800003a4	41c9d113	srai	x2,x19,0x1c	 x19:0x80009f84  x2=0xfffffff8
        2455000	       244	800003a8	8b1db417	auipc	x8,0x8b1db	  x8=0x0b1db3a4
        2465000	       245	800003ac	fe0da423	sw	x0,-24(x27)	 x27:0x8000877c  x0:0x00000000 PA:0x80008764
        2475000	       246	800003b0	fcad8aa3	sb	x10,-43(x27)	 x27:0x8000877c x10:0x80009fc4 PA:0x80008751
        2485000	       247	800003b4	06fdc383	lbu	x7,111(x27)	 x27:0x8000877c  x7=0x000000a0 PA:0x800087eb
        2495000	       248	800003b8	fb1dcf83	lbu	x31,-79(x27)	 x27:0x8000877c x31=0x000000e6 PA:0x8000872d
        2505000	       249	800003bc	ff0d87a3	sb	x16,-17(x27)	 x27:0x8000877c x16:0x00000000 PA:0x8000876b
        2515000	       250	800003c0	01dd86a3	sb	x29,13(x27)	 x27:0x8000877c x29:0xffffff9c PA:0x80008789
        2525000	       251	800003c4	569a4213	xori	x4,x20,1385	 x20:0x00000000  x4=0x00000569
        2535000	       252	800003c8	006ddc93	srli	x25,x27,0x6	 x27:0x8000877c x25=0x0200021d
        2545000	       253	800003cc	006ec233	xor	x4,x29,x6	 x29:0xffffff9c  x6:0x000000de  x4=0xffffff42
        2555000	       254	800003d0	4cc36797	auipc	x15,0x4cc36	 x15=0xccc363cc
        2565000	       255	800003d4	002a8f33	add	x30,x21,x2	 x21:0x00000054  x2:0xfffffff8 x30=0x0000004c
        2575000	       256	800003d8	f56dc403	lbu	x8,-170(x27)	 x27:0x8000877c  x8=0x00000089 PA:0x800086d2
        2585000	       257	00000000	00000013	addi	x0,x0,0	  x0:0x00000000
        2595000	       258	800003dc	c0947493	andi	x9,x8,-1015	  x8:0x00000089  x9=0x00000009
        2605000	       259	800003e0	f1edcf83	lbu	x31,-226(x27)	 x27:0x8000877c x31=0x00000051 PA:0x8000869a
        2615000	       260	800003e4	017d8483	lb	x9,23(x27)	 x27:0x8000877c  x9=0x00000048 PA:0x80008793
        2625000	       261	800003e8	00aa6333	or	x6,x20,x10	 x20:0x00000000 x10:0x80009fc4  x6=0x80009fc4
        2635000	       262	800003ec	076dda03	lhu	x20,118(x27)	 x27:0x8000877c x20=0x0000a8a9 PA:0x800087f2
        2645000	       263	800003f0	f30dcb03	lbu	x22,-208(x27)	 x27:0x8000877c x22=0x00000067 PA:0x800086ac
        2655000	       264	800003f4	00000013	addi	x0,x0,0	  x0:0x00000000
        2665000	       265	800003f8	f6cd89a3	sb	x12,-141(x27)	 x27:0x8000877c x12:0x00000077 PA:0x800086ef
        2675000	       266	800003fc	f81d8d03	lb	x26,-127(x27)	 x27:0x8000877c x26=0xffffffb6 PA:0x800086fd
        2685000	       267	80000400	00008217	auipc	x4,0x8	  x4=0x800083fc
        2695000	       268	80000404	08320213	addi	x4,x4,131	  x4:0x800083fc  x4=0x8000847f
        2705000	       269	80000408	01d46bb3	or	x23,x8,x29	  x8:0x00000089 x29:0xffffff9c x23=0xffffff9d
        2715000	       270	8000040c	92553013	sltiu	x0,x10,-1755	 x10:0x80009fc4
        2725000	       271	80000410	0174c0b3	xor	x1,x9,x23	  x9:0x00000048 x23:0xffffff9d  x1=0xffffffd5
        2735000	       272	80000414	01cee433	or	x8,x29,x28	 x29:0xffffff9c x28:0x000006ff  x8=0xffffffff
        2745000	       273	80000418	fdb21583	lh	x11,-37(x4)	  x4:0x8000847f x11=0x00001011 PA:0x8000845a
        2755000	       274	8000041c	03120923	sb	x17,50(x4)	  x4:0x8000847f x17:0xf4400340 PA:0x800084b1
        2765000	       275	80000420	00000013	addi	x0,x0,0	  x0:0x00000000
        2775000	       276	80000424	00000013	addi	x0,x0,0	  x0:0x00000000
        2785000	       277	80000428	01b09b13	slli	x22,x1,0x1b	  x1:0xffffffd5 x22=0xa8000000
        2795000	       278	8000042c	01b25903	lhu	x18,27(x4)	  x4:0x8000847f x18=0x00005051 PA:0x8000849a
        2805000	       279	80000430	fe020b03	lb	x22,-32(x4)	  x4:0x8000847f x22=0x00000014 PA:0x8000845f
        2815000	       280	80000434	63fd1097	auipc	x1,0x63fd1	  x1=0xe3fd1430
        2825000	       281	80000438	01320623	sb	x19,12(x4)	  x4:0x8000847f x19:0x80009f84 PA:0x8000848b
        2835000	       282	8000043c	01f7d433	srl	x8,x15,x31	 x15:0xccc363cc x31:0x00000051  x8=0x00006661
        2845000	       283	80000440	ff220483	lb	x9,-14(x4)	  x4:0x8000847f  x9=0x0000002a PA:0x80008471
        2855000	       284	80000444	01fcbeb3	sltu	x29,x25,x31	 x25:0x0200021d x31:0x00000051 x29=0x00000000
        2865000	       285	80000448	fdd22383	lw	x7,-35(x4)	  x4:0x8000847f  x7=0x14151617 PA:0x8000845c
        2875000	       286	8000044c	ff7204a3	sb	x23,-23(x4)	  x4:0x8000847f x23:0xffffff9d PA:0x80008468
        2885000	       287	80000450	01165433	srl	x8,x12,x17	 x12:0x00000077 x17:0xf4400340  x8=0x00000077
        2895000	       288	80000454	01920c83	lb	x25,25(x4)	  x4:0x8000847f x25=0x00000053 PA:0x80008498
        2905000	       289	00000000	00000013	addi	x0,x0,0	  x0:0x00000000
        2915000	       290	80000458	03924a03	lbu	x20,57(x4)	  x4:0x8000847f x20=0x00000073 PA:0x800084b8
        2925000	       291	8000045c	fda24d03	lbu	x26,-38(x4)	  x4:0x8000847f x26=0x00000012 PA:0x80008459
        2935000	       292	80000460	6b8e5d37	lui	x26,0x6b8e5	 x26=0x6b8e5000
        2945000	       293	80000464	000c90b3	sll	x1,x25,x0	 x25:0x00000053  x0:0x00000000  x1=0x00000053
        2955000	       294	80000468	00c24683	lbu	x13,12(x4)	  x4:0x8000847f x13=0x00000084 PA:0x8000848b
        2965000	       295	8000046c	00120383	lb	x7,1(x4)	  x4:0x8000847f  x7=0x0000003b PA:0x80008480
        2975000	       296	80000470	40918133	sub	x2,x3,x9	  x3:0x0000007f  x9:0x0000002a  x2=0x00000055
        2985000	       297	80000474	fed20f23	sb	x13,-2(x4)	  x4:0x8000847f x13:0x00000084 PA:0x8000847d
        2995000	       298	80000478	2ed24113	xori	x2,x4,749	  x4:0x8000847f  x2=0x80008692
        3005000	       299	8000047c	00e20123	sb	x14,2(x4)	  x4:0x8000847f x14:0x0000003d PA:0x80008481
        3015000	       300	80000480	40a08ab3	sub	x21,x1,x10	  x1:0x00000053 x10:0x80009fc4 x21=0x7fff608f
        3025000	       301	80000484	fd220c83	lb	x25,-46(x4)	  x4:0x8000847f x25=0x0000000a PA:0x80008451
        3035000	       302	80000488	01524d03	lbu	x26,21(x4)	  x4:0x8000847f x26=0x0000004f PA:0x80008494
        3045000	       303	8000048c	40b202b3	sub	x5,x4,x11	  x4:0x8000847f x11:0x00001011  x5=0x8000746e
        3055000	       304	80000490	fef24a03	lbu	x20,-17(x4)	  x4:0x8000847f x20=0x00000025 PA:0x8000846e
        3065000	       305	80000494	00a77bb3	and	x23,x14,x10	 x14:0x0000003d x10:0x80009fc4 x23=0x00000004
        3075000	       306	80000498	fdd25f03	lhu	x30,-35(x4)	  x4:0x8000847f x30=0x00001617 PA:0x8000845c
        3085000	       307	00000000	00000013	addi	x0,x0,0	  x0:0x00000000
        3095000	       308	8000049c	01e24e83	lbu	x29,30(x4)	  x4:0x8000847f x29=0x00000056 PA:0x8000849d
        3105000	       309	800004a0	24158793	addi	x15,x11,577	 x11:0x00001011 x15=0x00001252
        3115000	       310	800004a4	01c58eb3	add	x29,x11,x28	 x11:0x00001011 x28:0x000006ff x29=0x00001710
        3125000	       311	800004a8	417f5e33	sra	x28,x30,x23	 x30:0x00001617 x23:0x00000004 x28=0x00000161
        3135000	       312	800004ac	4184d393	srai	x7,x9,0x18	  x9:0x0000002a  x7=0x00000000
        3145000	       313	800004b0	00fa9093	slli	x1,x21,0xf	 x21:0x7fff608f  x1=0xb0478000
        3155000	       314	800004b4	c3a92f93	slti	x31,x18,-966	 x18:0x00005051 x31=0x00000000
        3165000	       315	800004b8	01920323	sb	x25,6(x4)	  x4:0x8000847f x25:0x0000000a PA:0x80008485
        3175000	       316	800004bc	00008c97	auipc	x25,0x8	 x25=0x800084b8
        3185000	       317	800004c0	e33c8c93	addi	x25,x25,-461	 x25:0x800084b8 x25=0x800082eb
        3195000	       318	800004c4	40678eb3	sub	x29,x15,x6	 x15:0x00001252  x6:0x80009fc4 x29=0x7fff728e
        3205000	       319	800004c8	fd0c8723	sb	x16,-50(x25)	 x25:0x800082eb x16:0x00000000 PA:0x800082b9
        3215000	       320	800004cc	032c8383	lb	x7,50(x25)	 x25:0x800082eb  x7=0xffffffd6 PA:0x8000831d
        3225000	       321	800004d0	fdbcd483	lhu	x9,-37(x25)	 x25:0x800082eb  x9=0x00007c7d PA:0x800082c6
        3235000	       322	800004d4	00167d33	and	x26,x12,x1	 x12:0x00000077  x1:0xb0478000 x26=0x00000000
        3245000	       323	800004d8	08b26f13	ori	x30,x4,139	  x4:0x8000847f x30=0x800084ff
        3255000	       324	800004dc	008c8103	lb	x2,8(x25)	 x25:0x800082eb  x2=0xffffffa8 PA:0x800082f3
        3265000	       325	800004e0	008c97a3	sh	x8,15(x25)	 x25:0x800082eb  x8:0x00000077 PA:0x800082fa
        3275000	       326	800004e4	001ca683	lw	x13,1(x25)	 x25:0x800082eb x13=0xa4a5a6a7 PA:0x800082ec
        3285000	       327	800004e8	fecc8123	sb	x12,-30(x25)	 x25:0x800082eb x12:0x00000077 PA:0x800082cd
        3295000	       328	800004ec	3954fe13	andi	x28,x9,917	  x9:0x00007c7d x28=0x00000015
        3305000	       329	800004f0	026ccf83	lbu	x31,38(x25)	 x25:0x800082eb x31=0x000000ca PA:0x80008311
        3315000	       330	00000000	00000013	addi	x0,x0,0	  x0:0x00000000
        3325000	       331	800004f4	01f56e33	or	x28,x10,x31	 x10:0x80009fc4 x31:0x000000ca x28=0x80009fce
        3335000	       332	800004f8	fcac8d83	lb	x27,-54(x25)	 x25:0x800082eb x27=0x0000006e PA:0x800082b5
        3345000	       333	800004fc	01c8e1b3	or	x3,x17,x28	 x17:0xf4400340 x28:0x80009fce  x3=0xf4409fce
        3355000	       334	80000500	fcacc403	lbu	x8,-54(x25)	 x25:0x800082eb  x8=0x0000006e PA:0x800082b5
        3365000	       335	80000504	01ce7a33	and	x20,x28,x28	 x28:0x80009fce x28:0x80009fce x20=0x80009fce
        3375000	       336	80000508	fe3c8283	lb	x5,-29(x25)	 x25:0x800082eb  x5=0xffffff85 PA:0x800082ce
        3385000	       337	8000050c	40bdd713	srai	x14,x27,0xb	 x27:0x0000006e x14=0x00000000
        3395000	       338	80000510	02dcad03	lw	x26,45(x25)	 x25:0x800082eb x26=0xd0d1d2d3 PA:0x80008318
        3405000	       339	80000514	01fcdd03	lhu	x26,31(x25)	 x25:0x800082eb x26=0x0000c0c1 PA:0x8000830a
        3415000	       340	80000518	ffbc8483	lb	x9,-5(x25)	 x25:0x800082eb  x9=0xffffff9d PA:0x800082e6
        3425000	       341	8000051c	020ccb83	lbu	x23,32(x25)	 x25:0x800082eb x23=0x000000c0 PA:0x8000830b
        3435000	       342	80000520	ffbc82a3	sb	x27,-27(x25)	 x25:0x800082eb x27:0x0000006e PA:0x800082d0
        3445000	       343	80000524	fccca8a3	sw	x12,-47(x25)	 x25:0x800082eb x12:0x00000077 PA:0x800082bc
        3455000	       344	80000528	00077033	and	x0,x14,x0	 x14:0x00000000  x0:0x00000000
        3465000	       345	8000052c	ff7c99a3	sh	x23,-13(x25)	 x25:0x800082eb x23:0x000000c0 PA:0x800082de
        3475000	       346	80000530	017a37b3	sltu	x15,x20,x23	 x20:0x80009fce x23:0x000000c0 x15=0x00000000
        3485000	       347	80000534	8070a813	slti	x16,x1,-2041	  x1:0xb0478000 x16=0x00000001
        3495000	       348	80000538	01371093	slli	x1,x14,0x13	 x14:0x00000000  x1=0x00000000
        3505000	       349	8000053c	fe7c93a3	sh	x7,-25(x25)	 x25:0x800082eb  x7:0xffffffd6 PA:0x800082d2
        3515000	       350	80000540	021c8ca3	sb	x1,57(x25)	 x25:0x800082eb  x1:0x00000000 PA:0x80008324
        3525000	       351	80000544	fd1cd003	lhu	x0,-47(x25)	 x25:0x800082eb PA:0x800082bc
        3535000	       352	80000548	fefcd203	lhu	x4,-17(x25)	 x25:0x800082eb  x4=0x00009091 PA:0x800082da
        3545000	       353	8000054c	fcfcc803	lbu	x16,-49(x25)	 x25:0x800082eb x16=0x00000071 PA:0x800082ba
        3555000	       354	80000550	ffac8b23	sb	x26,-10(x25)	 x25:0x800082eb x26:0x0000c0c1 PA:0x800082e1
        3565000	       355	80000554	fd5cda83	lhu	x21,-43(x25)	 x25:0x800082eb x21=0x00007a7b PA:0x800082c0
        3575000	       356	80000558	00009697	auipc	x13,0x9	 x13=0x80009554
        3585000	       357	8000055c	96b68693	addi	x13,x13,-1685	 x13:0x80009554 x13=0x80008ebf
        3595000	       358	80000560	00956433	or	x8,x10,x9	 x10:0x80009fc4  x9:0xffffff9d  x8=0xffffffdd
        3605000	       359	80000564	40fb84b3	sub	x9,x23,x15	 x23:0x000000c0 x15:0x00000000  x9=0x000000c0
        3615000	       360	80000568	01568f23	sb	x21,30(x13)	 x13:0x80008ebf x21:0x00007a7b PA:0x80008edd
        3625000	       361	8000056c	02969603	lh	x12,41(x13)	 x13:0x80008ebf x12=0xffffd2d3 PA:0x80008ee8
        3635000	       362	80000570	06f70213	addi	x4,x14,111	 x14:0x00000000  x4=0x0000006f
        3645000	       363	80000574	007a5eb3	srl	x29,x20,x7	 x20:0x80009fce  x7:0xffffffd6 x29=0x00000200
        3655000	       364	80000578	fed6a0a3	sw	x13,-31(x13)	 x13:0x80008ebf x13:0x80008ebf PA:0x80008ea0
        3665000	       365	8000057c	b7513213	sltiu	x4,x2,-1163	  x2:0xffffffa8  x4=0x00000000
        3675000	       366	80000580	b633ff13	andi	x30,x7,-1181	  x7:0xffffffd6 x30=0xfffffb42
        3685000	       367	80000584	40d40fb3	sub	x31,x8,x13	  x8:0xffffffdd x13:0x80008ebf x31=0x7fff711e
        3695000	       368	80000588	00068e23	sb	x0,28(x13)	 x13:0x80008ebf  x0:0x00000000 PA:0x80008edb
        3705000	       369	8000058c	40425293	srai	x5,x4,0x4	  x4:0x00000000  x5=0x00000000
        3715000	       370	80000590	fcf690a3	sh	x15,-63(x13)	 x13:0x80008ebf x15:0x00000000 PA:0x80008e80
        3725000	       371	80000594	00729b13	slli	x22,x5,0x7	  x5:0x00000000 x22=0x00000000
        3735000	       372	80000598	fdd6a6a3	sw	x29,-51(x13)	 x13:0x80008ebf x29:0x00000200 PA:0x80008e8c
        3745000	       373	8000059c	00868a23	sb	x8,20(x13)	 x13:0x80008ebf  x8:0xffffffdd PA:0x80008ed3
        3755000	       374	800005a0	4029d013	srai	x0,x19,0x2	 x19:0x80009f84
        3765000	       375	800005a4	02b68823	sb	x11,48(x13)	 x13:0x80008ebf x11:0x00001011 PA:0x80008eef
        3775000	       376	800005a8	03f69603	lh	x12,63(x13)	 x13:0x80008ebf x12=0xffffe4e5 PA:0x80008efe
        3785000	       377	800005ac	02f68323	sb	x15,38(x13)	 x13:0x80008ebf x15:0x00000000 PA:0x80008ee5
        3795000	       378	800005b0	ff869ea3	sh	x24,-3(x13)	 x13:0x80008ebf x24:0x00000063 PA:0x80008ebc
        3805000	       379	800005b4	fe668783	lb	x15,-26(x13)	 x13:0x80008ebf x15=0xffffff8e PA:0x80008ea5
        3815000	       380	800005b8	fd568383	lb	x7,-43(x13)	 x13:0x80008ebf  x7=0x0000007f PA:0x80008e94
        3825000	       381	00000000	00000013	addi	x0,x0,0	  x0:0x00000000
        3835000	       382	800005bc	40705933	sra	x18,x0,x7	  x0:0x00000000  x7:0x0000007f x18=0x00000000
        3845000	       383	800005c0	e2c18a93	addi	x21,x3,-468	  x3:0xf4409fce x21=0xf4409dfa
        3855000	       384	800005c4	02f69903	lh	x18,47(x13)	 x13:0x80008ebf x18=0x000011d5 PA:0x80008eee
        3865000	       385	800005c8	02f6df83	lhu	x31,47(x13)	 x13:0x80008ebf x31=0x000011d5 PA:0x80008eee
        3875000	       386	800005cc	03869aa3	sh	x24,53(x13)	 x13:0x80008ebf x24:0x00000063 PA:0x80008ef4
        3885000	       387	800005d0	010edf93	srli	x31,x29,0x10	 x29:0x00000200 x31=0x00000000
        3895000	       388	800005d4	fd56a703	lw	x14,-43(x13)	 x13:0x80008ebf x14=0x7c7d7e7f PA:0x80008e94
        3905000	       389	800005d8	03168c83	lb	x25,49(x13)	 x13:0x80008ebf x25=0xffffffdb PA:0x80008ef0
        3915000	       390	800005dc	003785b3	add	x11,x15,x3	 x15:0xffffff8e  x3:0xf4409fce x11=0xf4409f5c
        3925000	       391	800005e0	2a97cbb7	lui	x23,0x2a97c	 x23=0x2a97c000
        3935000	       392	800005e4	fcf68523	sb	x15,-54(x13)	 x13:0x80008ebf x15:0xffffff8e PA:0x80008e89
        3945000	       393	800005e8	c0bc4613	xori	x12,x24,-1013	 x24:0x00000063 x12=0xfffffc68
        3955000	       394	800005ec	01e3e3b3	or	x7,x7,x30	  x7:0x0000007f x30:0xfffffb42  x7=0xfffffb7f
        3965000	       395	800005f0	54bd80b7	lui	x1,0x54bd8	  x1=0x54bd8000
        3975000	       396	800005f4	00397a33	and	x20,x18,x3	 x18:0x000011d5  x3:0xf4409fce x20=0x000011c4
        3985000	       397	800005f8	011d8033	add	x0,x27,x17	 x27:0x0000006e x17:0xf4400340
        3995000	       398	800005fc	02a68a83	lb	x21,42(x13)	 x13:0x80008ebf x21=0xffffffd2 PA:0x80008ee9
        4005000	       399	80000600	02368083	lb	x1,35(x13)	 x13:0x80008ebf  x1=0xffffffc9 PA:0x80008ee2
        4015000	       400	80000604	baaa2e93	slti	x29,x20,-1110	 x20:0x000011c4 x29=0x00000000
        4025000	       401	80000608	ff468723	sb	x20,-18(x13)	 x13:0x80008ebf x20:0x000011c4 PA:0x80008ead
        4035000	       402	8000060c	fff68c03	lb	x24,-1(x13)	 x13:0x80008ebf x24=0xffffffa5 PA:0x80008ebe
        4045000	       403	80000610	ff068403	lb	x8,-16(x13)	 x13:0x80008ebf  x8=0xffffff94 PA:0x80008eaf
        4055000	       404	00000000	00000013	addi	x0,x0,0	  x0:0x00000000
        4065000	       405	80000614	00868b23	sb	x8,22(x13)	 x13:0x80008ebf  x8:0xffffff94 PA:0x80008ed5
        4075000	       406	80000618	40395113	srai	x2,x18,0x3	 x18:0x000011d5  x2=0x0000023a
        4085000	       407	8000061c	fe56a483	lw	x9,-27(x13)	 x13:0x80008ebf  x9=0x8c8d8e8f PA:0x80008ea4
        4095000	       408	80000620	004e5733	srl	x14,x28,x4	 x28:0x80009fce  x4:0x00000000 x14=0x80009fce
        4105000	       409	80000624	b2a0fb93	andi	x23,x1,-1238	  x1:0xffffffc9 x23=0xfffffb08
        4115000	       410	80000628	fee68e03	lb	x28,-18(x13)	 x13:0x80008ebf x28=0xffffffc4 PA:0x80008ead
        4125000	       411	8000062c	40118db3	sub	x27,x3,x1	  x3:0xf4409fce  x1:0xffffffc9 x27=0xf440a005
        4135000	       412	80000630	0086a0a3	sw	x8,1(x13)	 x13:0x80008ebf  x8:0xffffff94 PA:0x80008ec0
        4145000	       413	80000634	00f92eb3	slt	x29,x18,x15	 x18:0x000011d5 x15:0xffffff8e x29=0x00000000
        4155000	       414	80000638	03c68383	lb	x7,60(x13)	 x13:0x80008ebf  x7=0xffffffe0 PA:0x80008efb
        4165000	       415	8000063c	fc06c283	lbu	x5,-64(x13)	 x13:0x80008ebf  x5=0x00000064 PA:0x80008e7f
        4175000	       416	80000640	00009697	auipc	x13,0x9	 x13=0x8000963c
        4185000	       417	80000644	83268693	addi	x13,x13,-1998	 x13:0x8000963c x13=0x80008e6e
        4195000	       418	80000648	a6768303	lb	x6,-1433(x13)	 x13:0x80008e6e  x6=0xffffffbe PA:0x800088d5
        4205000	       419	8000064c	9fe6a403	lw	x8,-1538(x13)	 x13:0x80008e6e  x8=0x54555657 PA:0x8000886c
        4215000	       420	80000650	0436c603	lbu	x12,67(x13)	 x13:0x80008e6e x12=0x0000009a PA:0x80008eb1
        4225000	       421	80000654	15968f23	sb	x25,350(x13)	 x13:0x80008e6e x25:0xffffffdb PA:0x80008fcc
        4235000	       422	80000658	b736c303	lbu	x6,-1165(x13)	 x13:0x80008e6e  x6=0x000000ca PA:0x800089e1
        4245000	       423	8000065c	019d41b3	xor	x3,x26,x25	 x26:0x0000c0c1 x25:0xffffffdb  x3=0xffff3f1a
        4255000	       424	80000660	40570b33	sub	x22,x14,x5	 x14:0x80009fce  x5:0x00000064 x22=0x80009f6a
        4265000	       425	80000664	e8c6c283	lbu	x5,-372(x13)	 x13:0x80008e6e  x5=0x000000e1 PA:0x80008cfa
        4275000	       426	80000668	b15683a3	sb	x21,-1273(x13)	 x13:0x80008e6e x21:0xffffffd2 PA:0x80008975
        4285000	       427	8000066c	d4168fa3	sb	x1,-673(x13)	 x13:0x80008e6e  x1:0xffffffc9 PA:0x80008bcd
        4295000	       428	80000670	00af0133	add	x2,x30,x10	 x30:0xfffffb42 x10:0x80009fc4  x2=0x80009b06
        4305000	       429	80000674	d9f68903	lb	x18,-609(x13)	 x13:0x80008e6e x18=0xfffffff6 PA:0x80008c0d
        4315000	       430	80000678	4154d293	srai	x5,x9,0x15	  x9:0x8c8d8e8f  x5=0xfffffc64
        4325000	       431	8000067c	c1b680a3	sb	x27,-1023(x13)	 x13:0x80008e6e x27:0xf440a005 PA:0x80008a6f
        4335000	       432	80000680	01badfb3	srl	x31,x21,x27	 x21:0xffffffd2 x27:0xf440a005 x31=0x07fffffe
        4345000	       433	80000684	9f6688a3	sb	x22,-1551(x13)	 x13:0x80008e6e x22:0x80009f6a PA:0x8000885f
        4355000	       434	80000688	01ee84b3	add	x9,x29,x30	 x29:0x00000000 x30:0xfffffb42  x9=0xfffffb42
        4365000	       435	8000068c	05204b13	xori	x22,x0,82	  x0:0x00000000 x22=0x00000052
        4375000	       436	80000690	afc69403	lh	x8,-1284(x13)	 x13:0x80008e6e  x8=0x00005051 PA:0x8000896a
        4385000	       437	80000694	d6468e03	lb	x28,-668(x13)	 x13:0x80008e6e x28=0xffffffb9 PA:0x80008bd2
        4395000	       438	80000698	d71687a3	sb	x17,-657(x13)	 x13:0x80008e6e x17:0xf4400340 PA:0x80008bdd
        4405000	       439	8000069c	cb669003	lh	x0,-842(x13)	 x13:0x80008e6e PA:0x80008b24
        4415000	       440	800006a0	51de0913	addi	x18,x28,1309	 x28:0xffffffb9 x18=0x000004d6
        4425000	       441	800006a4	4a5fe493	ori	x9,x31,1189	 x31:0x07fffffe  x9=0x07ffffff
        4435000	       442	800006a8	c816cd83	lbu	x27,-895(x13)	 x13:0x80008e6e x27=0x000000d4 PA:0x80008aef
        4445000	       443	800006ac	f466af03	lw	x30,-186(x13)	 x13:0x80008e6e x30=0x9c9d9e9f PA:0x80008db4
        4455000	       444	800006b0	002c9db3	sll	x27,x25,x2	 x25:0xffffffdb  x2:0x80009b06 x27=0xfffff6c0
        4465000	       445	800006b4	74204cb7	lui	x25,0x74204	 x25=0x74204000
        4475000	       446	800006b8	9fe68da3	sb	x30,-1541(x13)	 x13:0x80008e6e x30:0x9c9d9e9f PA:0x80008869
        4485000	       447	800006bc	4011da33	sra	x20,x3,x1	  x3:0xffff3f1a  x1:0xffffffc9 x20=0xffffff9f
        4495000	       448	800006c0	dc168423	sb	x1,-568(x13)	 x13:0x80008e6e  x1:0xffffffc9 PA:0x80008c36
        4505000	       449	800006c4	caa68383	lb	x7,-854(x13)	 x13:0x80008e6e  x7=0x00000003 PA:0x80008b18
        4515000	       450	800006c8	00c9f4b3	and	x9,x19,x12	 x19:0x80009f84 x12:0x0000009a  x9=0x00000080
        4525000	       451	800006cc	03d6cb83	lbu	x23,61(x13)	 x13:0x80008e6e x23=0x00000090 PA:0x80008eab
        4535000	       452	800006d0	01561db3	sll	x27,x12,x21	 x12:0x0000009a x21:0xffffffd2 x27=0x02680000
        4545000	       453	800006d4	08368803	lb	x16,131(x13)	 x13:0x80008e6e x16=0xffffffda PA:0x80008ef1
        4555000	       454	800006d8	015cdd93	srli	x27,x25,0x15	 x25:0x74204000 x27=0x000003a1
        4565000	       455	800006dc	00e45c93	srli	x25,x8,0xe	  x8:0x00005051 x25=0x00000001
        4575000	       456	800006e0	65b6cf13	xori	x30,x13,1627	 x13:0x80008e6e x30=0x80008835
        4585000	       457	800006e4	aca6d483	lhu	x9,-1334(x13)	 x13:0x80008e6e  x9=0x00002223 PA:0x80008938
        4595000	       458	800006e8	ada43e13	sltiu	x28,x8,-1318	  x8:0x00005051 x28=0x00000001
        4605000	       459	800006ec	bc669f83	lh	x31,-1082(x13)	 x13:0x80008e6e x31=0x00001e1f PA:0x80008a34
        4615000	       460	800006f0	00008197	auipc	x3,0x8	  x3=0x800086ec
        4625000	       461	800006f4	0d718193	addi	x3,x3,215	  x3:0x800086ec  x3=0x800087c3
        4635000	       462	800006f8	8f218d03	lb	x26,-1806(x3)	  x3:0x800087c3 x26=0x0000006e PA:0x800080b5
        4645000	       463	800006fc	f9818303	lb	x6,-104(x3)	  x3:0x800087c3  x6=0x00000010 PA:0x8000875b
        4655000	       464	80000700	a9618903	lb	x18,-1386(x3)	  x3:0x800087c3 x18=0x00000012 PA:0x80008259
        4665000	       465	80000704	e2518f23	sb	x5,-450(x3)	  x3:0x800087c3  x5:0xfffffc64 PA:0x80008601
        4675000	       466	80000708	a4818283	lb	x5,-1464(x3)	  x3:0x800087c3  x5=0xffffffc0 PA:0x8000820b
        4685000	       467	8000070c	00f01733	sll	x14,x0,x15	  x0:0x00000000 x15:0xffffff8e x14=0x00000000
        4695000	       468	80000710	83d5a613	slti	x12,x11,-1987	 x11:0xf4409f5c x12=0x00000001
        4705000	       469	80000714	be319483	lh	x9,-1053(x3)	  x3:0x800087c3  x9=0x00005c5d PA:0x800083a6
        4715000	       470	00000000	00000013	addi	x0,x0,0	  x0:0x00000000
        4725000	       471	80000718	92918723	sb	x9,-1746(x3)	  x3:0x800087c3  x9:0x00005c5d PA:0x800080f1
        4735000	       472	8000071c	40288b33	sub	x22,x17,x2	 x17:0xf4400340  x2:0x80009b06 x22=0x743f683a
        4745000	       473	80000720	9391aca3	sw	x25,-1735(x3)	  x3:0x800087c3 x25:0x00000001 PA:0x800080fc
        4755000	       474	80000724	003f1e93	slli	x29,x30,0x3	 x30:0x80008835 x29=0x000441a8
        4765000	       475	80000728	aa71a8a3	sw	x7,-1359(x3)	  x3:0x800087c3  x7:0x00000003 PA:0x80008274
        4775000	       476	8000072c	f8618a23	sb	x6,-108(x3)	  x3:0x800087c3  x6:0x00000010 PA:0x80008757
        4785000	       477	80000730	bf81a2a3	sw	x24,-1051(x3)	  x3:0x800087c3 x24:0xffffffa5 PA:0x800083a8
        4795000	       478	80000734	40400233	sub	x4,x0,x4	  x0:0x00000000  x4:0x00000000  x4=0x00000000
        4805000	       479	80000738	00bd5b93	srli	x23,x26,0xb	 x26:0x0000006e x23=0x00000000
        4815000	       480	8000073c	b7c188a3	sb	x28,-1167(x3)	  x3:0x800087c3 x28:0x00000001 PA:0x80008334
        4825000	       481	80000740	995198a3	sh	x21,-1647(x3)	  x3:0x800087c3 x21:0xffffffd2 PA:0x80008154
        4835000	       482	80000744	cd240117	auipc	x2,0xcd240	  x2=0x4d240740
        4845000	       483	80000748	41130e33	sub	x28,x6,x17	  x6:0x00000010 x17:0xf4400340 x28=0x0bbffcd0
        4855000	       484	8000074c	00093c33	sltu	x24,x18,x0	 x18:0x00000012  x0:0x00000000 x24=0x00000000
        4865000	       485	80000750	406e8e33	sub	x28,x29,x6	 x29:0x000441a8  x6:0x00000010 x28=0x00044198
        4875000	       486	80000754	f99af113	andi	x2,x21,-103	 x21:0xffffffd2  x2=0xffffff90
        4885000	       487	80000758	01142033	slt	x0,x8,x17	  x8:0x00005051 x17:0xf4400340
        4895000	       488	8000075c	00000013	addi	x0,x0,0	  x0:0x00000000
        4905000	       489	80000760	9761ce03	lbu	x28,-1674(x3)	  x3:0x800087c3 x28=0x000000f2 PA:0x80008139
        4915000	       490	80000764	e0418823	sb	x4,-496(x3)	  x3:0x800087c3  x4:0x00000000 PA:0x800085d3
        4925000	       491	80000768	8c61cb03	lbu	x22,-1850(x3)	  x3:0x800087c3 x22=0x00000042 PA:0x80008089
        4935000	       492	8000076c	ce21c903	lbu	x18,-798(x3)	  x3:0x800087c3 x18=0x0000005e PA:0x800084a5
        4945000	       493	80000770	40665b13	srai	x22,x12,0x6	 x12:0x00000001 x22=0x00000000
        4955000	       494	80000774	b9b1d803	lhu	x16,-1125(x3)	  x3:0x800087c3 x16=0x00001415 PA:0x8000835e
        4965000	       495	80000778	94018803	lb	x16,-1728(x3)	  x3:0x800087c3 x16=0xffffffb8 PA:0x80008103
        4975000	       496	8000077c	ee41c283	lbu	x5,-284(x3)	  x3:0x800087c3  x5=0x0000005c PA:0x800086a7
        4985000	       497	80000780	e7418103	lb	x2,-396(x3)	  x3:0x800087c3  x2=0xffffffec PA:0x80008637
        4995000	       498	80000784	41890e33	sub	x28,x18,x24	 x18:0x0000005e x24:0x00000000 x28=0x0000005e
        5005000	       499	80000788	b591de83	lhu	x29,-1191(x3)	  x3:0x800087c3 x29=0x0000d6d7 PA:0x8000831c
        5015000	       500	8000078c	e571ca03	lbu	x20,-425(x3)	  x3:0x800087c3 x20=0x000000d1 PA:0x8000861a
        5025000	       501	80000790	03b19a03	lh	x20,59(x3)	  x3:0x800087c3 x20=0xffffb4b5 PA:0x800087fe
        5035000	       502	80000794	00008717	auipc	x14,0x8	 x14=0x80008790
        5045000	       503	80000798	f2670713	addi	x14,x14,-218	 x14:0x80008790 x14=0x800086b6
        5055000	       504	8000079c	012171b3	and	x3,x2,x18	  x2:0xffffffec x18:0x0000005e  x3=0x0000004c
        5065000	       505	800007a0	01b74583	lbu	x11,27(x14)	 x14:0x800086b6 x11=0x0000008a PA:0x800086d1
        5075000	       506	800007a4	00695e33	srl	x28,x18,x6	 x18:0x0000005e  x6:0x00000010 x28=0x00000000
        5085000	       507	800007a8	4449f217	auipc	x4,0x4449f	  x4=0xc449f7a4
        5095000	       508	800007ac	01270aa3	sb	x18,21(x14)	 x14:0x800086b6 x18:0x0000005e PA:0x800086cb
        5105000	       509	800007b0	0087ce33	xor	x28,x15,x8	 x15:0xffffff8e  x8:0x00005051 x28=0xffffafdf
        5115000	       510	800007b4	fe070e23	sb	x0,-4(x14)	 x14:0x800086b6  x0:0x00000000 PA:0x800086b2
        5125000	       511	800007b8	006be033	or	x0,x23,x6	 x23:0x00000000  x6:0x00000010
        5135000	       512	800007bc	62937613	andi	x12,x6,1577	  x6:0x00000010 x12=0x00000000
        5145000	       513	800007c0	1e360c93	addi	x25,x12,483	 x12:0x00000000 x25=0x000001e3
        5155000	       514	800007c4	40138e33	sub	x28,x7,x1	  x7:0x00000003  x1:0xffffffc9 x28=0x0000003a
        5165000	       515	800007c8	00fc8d33	add	x26,x25,x15	 x25:0x000001e3 x15:0xffffff8e x26=0x00000171
        5175000	       516	800007cc	03674483	lbu	x9,54(x14)	 x14:0x800086b6  x9=0x000000a7 PA:0x800086ec
        5185000	       517	800007d0	ffb74603	lbu	x12,-5(x14)	 x14:0x800086b6 x12=0x0000006a PA:0x800086b1
        5195000	       518	800007d4	b80e2e93	slti	x29,x28,-1152	 x28:0x0000003a x29=0x00000000
        5205000	       519	800007d8	fee74d03	lbu	x26,-18(x14)	 x14:0x800086b6 x26=0x0000005f PA:0x800086a4
        5215000	       520	800007dc	00075d83	lhu	x27,0(x14)	 x14:0x800086b6 x27=0x00006c6d PA:0x800086b6
        5225000	       521	800007e0	40b45433	sra	x8,x8,x11	  x8:0x00005051 x11:0x0000008a  x8=0x00000014
        5235000	       522	800007e4	46cc2e13	slti	x28,x24,1132	 x24:0x00000000 x28=0x00000001
        5245000	       523	800007e8	069b2013	slti	x0,x22,105	 x22:0x00000000
        5255000	       524	800007ec	40ffdd33	sra	x26,x31,x15	 x31:0x00001e1f x15:0xffffff8e x26=0x00000000
        5265000	       525	800007f0	fc172523	sw	x1,-54(x14)	 x14:0x800086b6  x1:0xffffffc9 PA:0x80008680
        5275000	       526	800007f4	01174d03	lbu	x26,17(x14)	 x14:0x800086b6 x26=0x0000007c PA:0x800086c7
        5285000	       527	800007f8	0018e433	or	x8,x17,x1	 x17:0xf4400340  x1:0xffffffc9  x8=0xffffffc9
        5295000	       528	800007fc	27302013	slti	x0,x0,627	  x0:0x00000000
        5305000	       529	80000800	00b74f83	lbu	x31,11(x14)	 x14:0x800086b6 x31=0x0000007a PA:0x800086c1
        5315000	       530	80000804	00008917	auipc	x18,0x8	 x18=0x80008800
        5325000	       531	80000808	61b90913	addi	x18,x18,1563	 x18:0x80008800 x18=0x80008e1b
        5335000	       532	8000080c	00294683	lbu	x13,2(x18)	 x18:0x80008e1b x13=0x00000006 PA:0x80008e1d
        5345000	       533	80000810	00694203	lbu	x4,6(x18)	 x18:0x80008e1b  x4=0x0000000a PA:0x80008e21
        5355000	       534	80000814	fe990e23	sb	x9,-4(x18)	 x18:0x80008e1b  x9:0x000000a7 PA:0x80008e17
        5365000	       535	80000818	41d1d3b3	sra	x7,x3,x29	  x3:0x0000004c x29:0x00000000  x7=0x0000004c
        5375000	       536	8000081c	014e0033	add	x0,x28,x20	 x28:0x00000001 x20:0xffffb4b5
        5385000	       537	80000820	00c90403	lb	x8,12(x18)	 x18:0x80008e1b  x8=0x0000000c PA:0x80008e27
        5395000	       538	80000824	ffd918a3	sh	x29,-15(x18)	 x18:0x80008e1b x29:0x00000000 PA:0x80008e0c
        5405000	       539	80000828	04233c37	lui	x24,0x4233	 x24=0x04233000
        5415000	       540	8000082c	ffe90e03	lb	x28,-2(x18)	 x18:0x80008e1b x28=0x00000002 PA:0x80008e19
        5425000	       541	80000830	00f85bb3	srl	x23,x16,x15	 x16:0xffffffb8 x15:0xffffff8e x23=0x0003ffff
        5435000	       542	80000834	51834013	xori	x0,x6,1304	  x6:0x00000010
        5445000	       543	80000838	40e750b3	sra	x1,x14,x14	 x14:0x800086b6 x14:0x800086b6  x1=0xfffffe00
        5455000	       544	8000083c	00390233	add	x4,x18,x3	 x18:0x80008e1b  x3:0x0000004c  x4=0x80008e67
        5465000	       545	80000840	018031b3	sltu	x3,x0,x24	  x0:0x00000000 x24:0x04233000  x3=0x00000001
        5475000	       546	80000844	ff694103	lbu	x2,-10(x18)	 x18:0x80008e1b  x2=0x000000fa PA:0x80008e11
        5485000	       547	80000848	01bc7133	and	x2,x24,x27	 x24:0x04233000 x27:0x00006c6d  x2=0x00002000
        5495000	       548	8000084c	00ee52b3	srl	x5,x28,x14	 x28:0x00000002 x14:0x800086b6  x5=0x00000000
        5505000	       549	80000850	015bbc33	sltu	x24,x23,x21	 x23:0x0003ffff x21:0xffffffd2 x24=0x00000001
        5515000	       550	80000854	01290223	sb	x18,4(x18)	 x18:0x80008e1b x18:0x80008e1b PA:0x80008e1f
        5525000	       551	80000858	00aaa133	slt	x2,x21,x10	 x21:0xffffffd2 x10:0x80009fc4  x2=0x00000000
        5535000	       552	8000085c	24403217	auipc	x4,0x24403	  x4=0xa4403858
        5545000	       553	80000860	00f90323	sb	x15,6(x18)	 x18:0x80008e1b x15:0xffffff8e PA:0x80008e21
        5555000	       554	80000864	ffc94f83	lbu	x31,-4(x18)	 x18:0x80008e1b x31=0x000000a7 PA:0x80008e17
        5565000	       555	80000868	ff194383	lbu	x7,-15(x18)	 x18:0x80008e1b  x7=0x00000000 PA:0x80008e0c
        5575000	       556	8000086c	62030093	addi	x1,x6,1568	  x6:0x00000010  x1=0x00000630
        5585000	       557	80000870	00594283	lbu	x5,5(x18)	 x18:0x80008e1b  x5=0x0000000b PA:0x80008e20
        5595000	       558	80000874	009de133	or	x2,x27,x9	 x27:0x00006c6d  x9:0x000000a7  x2=0x00006cef
        5605000	       559	80000878	013f5c93	srli	x25,x30,0x13	 x30:0x80008835 x25=0x00001000
        5615000	       560	8000087c	ffe90b83	lb	x23,-2(x18)	 x18:0x80008e1b x23=0x00000002 PA:0x80008e19
        5625000	       561	80000880	ffb94403	lbu	x8,-5(x18)	 x18:0x80008e1b  x8=0x000000fd PA:0x80008e16
        5635000	       562	80000884	006e0db3	add	x27,x28,x6	 x28:0x00000002  x6:0x00000010 x27=0x00000012
        5645000	       563	80000888	00794003	lbu	x0,7(x18)	 x18:0x80008e1b PA:0x80008e22
        5655000	       564	8000088c	3f8ff713	andi	x14,x31,1016	 x31:0x000000a7 x14=0x000000a0
        5665000	       565	80000890	ff192803	lw	x16,-15(x18)	 x18:0x80008e1b x16=0xf4f50000 PA:0x80008e0c
        5675000	       566	80000894	01d2f133	and	x2,x5,x29	  x5:0x0000000b x29:0x00000000  x2=0x00000000
        5685000	       567	80000898	018aafb3	slt	x31,x21,x24	 x21:0xffffffd2 x24:0x00000001 x31=0x00000001
        5695000	       568	8000089c	01bbdab3	srl	x21,x23,x27	 x23:0x00000002 x27:0x00000012 x21=0x00000000
        5705000	       569	800008a0	41fb5a33	sra	x20,x22,x31	 x22:0x00000000 x31:0x00000001 x20=0x00000000
        5715000	       570	800008a4	71260493	addi	x9,x12,1810	 x12:0x0000006a  x9=0x0000077c
        5725000	       571	800008a8	019dbc33	sltu	x24,x27,x25	 x27:0x00000012 x25:0x00001000 x24=0x00000001
        5735000	       572	800008ac	25c7a593	slti	x11,x15,604	 x15:0xffffff8e x11=0x00000001
        5745000	       573	800008b0	fff90603	lb	x12,-1(x18)	 x18:0x80008e1b x12=0x00000001 PA:0x80008e1a
        5755000	       574	800008b4	ff394a03	lbu	x20,-13(x18)	 x18:0x80008e1b x20=0x000000f5 PA:0x80008e0e
        5765000	       575	800008b8	cdfce813	ori	x16,x25,-801	 x25:0x00001000 x16=0xfffffcdf
        5775000	       576	800008bc	3171f013	andi	x0,x3,791	  x3:0x00000001
        5785000	       577	800008c0	0472c463	blt	x5,x7,80000908	  x5:0x0000000b  x7:0x00000000
        5795000	       578	800008c4	0080fc33	and	x24,x1,x8	  x1:0x00000630  x8:0x000000fd x24=0x00000030
        5805000	       579	800008c8	05e8d063	bge	x17,x30,80000908	 x17:0xf4400340 x30:0x80008835
        5815000	       580	00000000	00000013	addi	x0,x0,0	  x0:0x00000000
        5825000	       581	80000904	00000013	addi	x0,x0,0	  x0:0x00000000
        5835000	       582	80000908	01c31a33	sll	x20,x6,x28	  x6:0x00000010 x28:0x00000002 x20=0x00000040
        5845000	       583	8000090c	b7c22493	slti	x9,x4,-1156	  x4:0xa4403858  x9=0x00000001
        5855000	       584	80000910	0473f863	bgeu	x7,x7,80000960	  x7:0x00000000  x7:0x00000000
        5865000	       585	00000000	00000013	addi	x0,x0,0	  x0:0x00000000
        5875000	       586	8000095c	00000013	addi	x0,x0,0	  x0:0x00000000
        5885000	       587	80000960	007cd033	srl	x0,x25,x7	 x25:0x00001000  x7:0x00000000
        5895000	       588	80000964	00527033	and	x0,x4,x5	  x4:0xa4403858  x5:0x0000000b
        5905000	       589	80000968	016957b3	srl	x15,x18,x22	 x18:0x80008e1b x22:0x00000000 x15=0x80008e1b
        5915000	       590	8000096c	03f25263	bge	x4,x31,80000990	  x4:0xa4403858 x31:0x00000001
        5925000	       591	80000970	0ec26113	ori	x2,x4,236	  x4:0xa4403858  x2=0xa44038fc
        5935000	       592	80000974	00a29393	slli	x7,x5,0xa	  x5:0x0000000b  x7=0x00002c00
        5945000	       593	80000978	03487e63	bgeu	x16,x20,800009b4	 x16:0xfffffcdf x20:0x00000040
        5955000	       594	00000000	00000013	addi	x0,x0,0	  x0:0x00000000
        5965000	       595	800009b0	00000013	addi	x0,x0,0	  x0:0x00000000
        5975000	       596	800009b4	2d46df97	auipc	x31,0x2d46d	 x31=0xad46d9b0
        5985000	       597	800009b8	0fbff413	andi	x8,x31,251	 x31:0xad46d9b0  x8=0x000000b0
        5995000	       598	800009bc	015d5013	srli	x0,x26,0x15	 x26:0x0000007c
        6005000	       599	800009c0	000c3d33	sltu	x26,x24,x0	 x24:0x00000030  x0:0x00000000 x26=0x00000000
        6015000	       600	800009c4	8c8d4113	xori	x2,x26,-1848	 x26:0x00000000  x2=0xfffff8c8
        6025000	       601	800009c8	1c29bd13	sltiu	x26,x19,450	 x19:0x80009f84 x26=0x00000000
        6035000	       602	800009cc	0002d0b3	srl	x1,x5,x0	  x5:0x0000000b  x0:0x00000000  x1=0x0000000b
        6045000	       603	800009d0	70253b13	sltiu	x22,x10,1794	 x10:0x80009fc4 x22=0x00000000
        6055000	       604	800009d4	012957b3	srl	x15,x18,x18	 x18:0x80008e1b x18:0x80008e1b x15=0x00000010
        6065000	       605	800009d8	5b8c7113	andi	x2,x24,1464	 x24:0x00000030  x2=0x00000030
        6075000	       606	800009dc	00e0ec63	bltu	x1,x14,800009f4	  x1:0x0000000b x14:0x000000a0
        6085000	       607	00000000	00000013	addi	x0,x0,0	  x0:0x00000000
        6095000	       608	800009f0	00000013	addi	x0,x0,0	  x0:0x00000000
        6105000	       609	800009f4	41a9d213	srai	x4,x19,0x1a	 x19:0x80009f84  x4=0xffffffe0
        6115000	       610	800009f8	01311a63	bne	x2,x19,80000a0c	  x2:0x00000030 x19:0x80009f84
        6125000	       611	00000000	00000013	addi	x0,x0,0	  x0:0x00000000
        6135000	       612	80000a08	00000013	addi	x0,x0,0	  x0:0x00000000
        6145000	       613	80000a0c	407e5d13	srai	x26,x28,0x7	 x28:0x00000002 x26=0x00000000
        6155000	       614	80000a10	404c5e93	srai	x29,x24,0x4	 x24:0x00000030 x29=0x00000003
        6165000	       615	80000a14	76c14a13	xori	x20,x2,1900	  x2:0x00000030 x20=0x0000075c
        6175000	       616	80000a18	015f4663	blt	x30,x21,80000a24	 x30:0x80008835 x21:0x00000000
        6185000	       617	00000000	00000013	addi	x0,x0,0	  x0:0x00000000
        6195000	       618	80000a20	00000013	addi	x0,x0,0	  x0:0x00000000
        6205000	       619	80000a24	00698193	addi	x3,x19,6	 x19:0x80009f84  x3=0x80009f8a
        6215000	       620	80000a28	00880e63	beq	x16,x8,80000a44	 x16:0xfffffcdf  x8:0x000000b0
        6225000	       621	80000a2c	01c33733	sltu	x14,x6,x28	  x6:0x00000010 x28:0x00000002 x14=0x00000000
        6235000	       622	80000a30	02078a63	beq	x15,x0,80000a64	 x15:0x00000010  x0:0x00000000
        6245000	       623	80000a34	84bc8393	addi	x7,x25,-1973	 x25:0x00001000  x7=0x0000084b
        6255000	       624	80000a38	023eac93	slti	x25,x29,35	 x29:0x00000003 x25=0x00000001
        6265000	       625	80000a3c	00be9cb3	sll	x25,x29,x11	 x29:0x00000003 x11:0x00000001 x25=0x00000006
        6275000	       626	80000a40	00c39f93	slli	x31,x7,0xc	  x7:0x0000084b x31=0x0084b000
        6285000	       627	80000a44	03e45a63	bge	x8,x30,80000a78	  x8:0x000000b0 x30:0x80008835
        6295000	       628	00000000	00000013	addi	x0,x0,0	  x0:0x00000000
        6305000	       629	80000a74	00000013	addi	x0,x0,0	  x0:0x00000000
        6315000	       630	80000a78	01338433	add	x8,x7,x19	  x7:0x0000084b x19:0x80009f84  x8=0x8000a7cf
        6325000	       631	80000a7c	9512f393	andi	x7,x5,-1711	  x5:0x0000000b  x7=0x00000001
        6335000	       632	80000a80	62300793	addi	x15,x0,1571	  x0:0x00000000 x15=0x00000623
        6345000	       633	80000a84	010dd413	srli	x8,x27,0x10	 x27:0x00000012  x8=0x00000000
        6355000	       634	80000a88	0202f463	bgeu	x5,x0,80000ab0	  x5:0x0000000b  x0:0x00000000
        6365000	       635	00000000	00000013	addi	x0,x0,0	  x0:0x00000000
        6375000	       636	80000aac	00000013	addi	x0,x0,0	  x0:0x00000000
        6385000	       637	80000ab0	049c4863	blt	x24,x9,80000b00	 x24:0x00000030  x9:0x00000001
        6395000	       638	80000ab4	1b770217	auipc	x4,0x1b770	  x4=0x9b770ab0
        6405000	       639	80000ab8	4cb60d13	addi	x26,x12,1227	 x12:0x00000001 x26=0x000004cc
        6415000	       640	80000abc	004d0733	add	x14,x26,x4	 x26:0x000004cc  x4:0x9b770ab0 x14=0x9b770f7c
        6425000	       641	80000ac0	03605863	bge	x0,x22,80000af0	  x0:0x00000000 x22:0x00000000
        6435000	       642	00000000	00000013	addi	x0,x0,0	  x0:0x00000000
        6445000	       643	80000aec	00000013	addi	x0,x0,0	  x0:0x00000000
        6455000	       644	80000af0	00a5a5b3	slt	x11,x11,x10	 x11:0x00000001 x10:0x80009fc4 x11=0x00000000
        6465000	       645	80000af4	00000013	addi	x0,x0,0	  x0:0x00000000
        6475000	       646	80000af8	59163b13	sltiu	x22,x12,1425	 x12:0x00000001 x22=0x00000001
        6485000	       647	80000afc	001b1713	slli	x14,x22,0x1	 x22:0x00000001 x14=0x00000002
        6495000	       648	80000b00	cbcf7217	auipc	x4,0xcbcf7	  x4=0x4bcf7afc
        6505000	       649	80000b04	01bddd13	srli	x26,x27,0x1b	 x27:0x00000012 x26=0x00000000
        6515000	       650	80000b08	00d5afb3	slt	x31,x11,x13	 x11:0x00000000 x13:0x00000006 x31=0x00000001
        6525000	       651	80000b0c	012b3d33	sltu	x26,x22,x18	 x22:0x00000001 x18:0x80008e1b x26=0x00000001
        6535000	       652	80000b10	41270933	sub	x18,x14,x18	 x14:0x00000002 x18:0x80008e1b x18=0x7fff71e7
        6545000	       653	80000b14	642e9cb7	lui	x25,0x642e9	 x25=0x642e9000
        6555000	       654	80000b18	0061b0b3	sltu	x1,x3,x6	  x3:0x80009f8a  x6:0x00000010  x1=0x00000000
        6565000	       655	80000b1c	012c70b3	and	x1,x24,x18	 x24:0x00000030 x18:0x7fff71e7  x1=0x00000020
        6575000	       656	80000b20	00f48f33	add	x30,x9,x15	  x9:0x00000001 x15:0x00000623 x30=0x00000624
        6585000	       657	80000b24	013f4ab3	xor	x21,x30,x19	 x30:0x00000624 x19:0x80009f84 x21=0x800099a0
        6595000	       658	80000b28	44a24d13	xori	x26,x4,1098	  x4:0x4bcf7afc x26=0x4bcf7eb6
        6605000	       659	80000b2c	1cff2313	slti	x6,x30,463	 x30:0x00000624  x6=0x00000000
        6615000	       660	80000b30	022dea63	bltu	x27,x2,80000b64	 x27:0x00000012  x2:0x00000030
        6625000	       661	00000000	00000013	addi	x0,x0,0	  x0:0x00000000
        6635000	       662	80000b60	00000013	addi	x0,x0,0	  x0:0x00000000
        6645000	       663	80000b64	00b5a5b3	slt	x11,x11,x11	 x11:0x00000000 x11:0x00000000 x11=0x00000000
        6655000	       664	80000b68	00bc4db3	xor	x27,x24,x11	 x24:0x00000030 x11:0x00000000 x27=0x00000030
        6665000	       665	80000b6c	03b37263	bgeu	x6,x27,80000b90	  x6:0x00000000 x27:0x00000030
        6675000	       666	80000b70	00b25213	srli	x4,x4,0xb	  x4:0x4bcf7afc  x4=0x000979ef
        6685000	       667	80000b74	01297663	bgeu	x18,x18,80000b80	 x18:0x7fff71e7 x18:0x7fff71e7
        6695000	       668	00000000	00000013	addi	x0,x0,0	  x0:0x00000000
        6705000	       669	80000b7c	00000013	addi	x0,x0,0	  x0:0x00000000
        6715000	       670	80000b80	4199dd93	srai	x27,x19,0x19	 x19:0x80009f84 x27=0xffffffc0
        6725000	       671	80000b84	b57aea93	ori	x21,x21,-1193	 x21:0x800099a0 x21=0xfffffbf7
        6735000	       672	80000b88	4167d733	sra	x14,x15,x22	 x15:0x00000623 x22:0x00000001 x14=0x00000311
        6745000	       673	80000b8c	533a6c13	ori	x24,x20,1331	 x20:0x0000075c x24=0x0000077f
        6755000	       674	80000b90	00214233	xor	x4,x2,x2	  x2:0x00000030  x2:0x00000030  x4=0x00000000
        6765000	       675	80000b94	00000013	addi	x0,x0,0	  x0:0x00000000
        6775000	       676	80000b98	04691863	bne	x18,x6,80000be8	 x18:0x7fff71e7  x6:0x00000000
        6785000	       677	00000000	00000013	addi	x0,x0,0	  x0:0x00000000
        6795000	       678	80000be4	00000013	addi	x0,x0,0	  x0:0x00000000
        6805000	       679	80000be8	00000013	addi	x0,x0,0	  x0:0x00000000
        6815000	       680	80000bec	002cc5b3	xor	x11,x25,x2	 x25:0x642e9000  x2:0x00000030 x11=0x642e9030
        6825000	       681	80000bf0	01ec7463	bgeu	x24,x30,80000bf8	 x24:0x0000077f x30:0x00000624
        6835000	       682	00000000	00000013	addi	x0,x0,0	  x0:0x00000000
        6845000	       683	80000bf4	00000013	addi	x0,x0,0	  x0:0x00000000
        6855000	       684	80000bf8	0597e463	bltu	x15,x25,80000c40	 x15:0x00000623 x25:0x642e9000
        6865000	       685	00000000	00000013	addi	x0,x0,0	  x0:0x00000000
        6875000	       686	80000c3c	00000013	addi	x0,x0,0	  x0:0x00000000
        6885000	       687	80000c40	00789b13	slli	x22,x17,0x7	 x17:0xf4400340 x22=0x2001a000
        6895000	       688	80000c44	01c49493	slli	x9,x9,0x1c	  x9:0x00000001  x9=0x10000000
        6905000	       689	80000c48	41d906b3	sub	x13,x18,x29	 x18:0x7fff71e7 x29:0x00000003 x13=0x7fff71e4
        6915000	       690	80000c4c	01a18463	beq	x3,x26,80000c54	  x3:0x80009f8a x26:0x4bcf7eb6
        6925000	       691	80000c50	03ed9463	bne	x27,x30,80000c78	 x27:0xffffffc0 x30:0x00000624
        6935000	       692	00000000	00000013	addi	x0,x0,0	  x0:0x00000000
        6945000	       693	80000c74	00000013	addi	x0,x0,0	  x0:0x00000000
        6955000	       694	80000c78	00643e33	sltu	x28,x8,x6	  x8:0x00000000  x6:0x00000000 x28=0x00000000
        6965000	       695	80000c7c	041e7463	bgeu	x28,x1,80000cc4	 x28:0x00000000  x1:0x00000020
        6975000	       696	80000c80	f5856f93	ori	x31,x10,-168	 x10:0x80009fc4 x31=0xffffffdc
        6985000	       697	80000c84	a1113093	sltiu	x1,x2,-1519	  x2:0x00000030  x1=0x00000001
        6995000	       698	80000c88	001a71b3	and	x3,x20,x1	 x20:0x0000075c  x1:0x00000001  x3=0x00000000
        7005000	       699	80000c8c	01019593	slli	x11,x3,0x10	  x3:0x00000000 x11=0x00000000
        7015000	       700	80000c90	93d68d13	addi	x26,x13,-1731	 x13:0x7fff71e4 x26=0x7fff6b21
        7025000	       701	80000c94	01055713	srli	x14,x10,0x10	 x10:0x80009fc4 x14=0x00008000
        7035000	       702	80000c98	01d58863	beq	x11,x29,80000ca8	 x11:0x00000000 x29:0x00000003
        7045000	       703	80000c9c	f1488193	addi	x3,x17,-236	 x17:0xf4400340  x3=0xf4400254
        7055000	       704	80000ca0	01049f93	slli	x31,x9,0x10	  x9:0x10000000 x31=0x00000000
        7065000	       705	80000ca4	00ed9c63	bne	x27,x14,80000cbc	 x27:0xffffffc0 x14:0x00008000
        7075000	       706	00000000	00000013	addi	x0,x0,0	  x0:0x00000000
        7085000	       707	80000cb8	00000013	addi	x0,x0,0	  x0:0x00000000
        7095000	       708	80000cbc	00000013	addi	x0,x0,0	  x0:0x00000000
        7105000	       709	80000cc0	048e7463	bgeu	x28,x8,80000d08	 x28:0x00000000  x8:0x00000000
        7115000	       710	00000000	00000013	addi	x0,x0,0	  x0:0x00000000
        7125000	       711	80000d04	00000013	addi	x0,x0,0	  x0:0x00000000
        7135000	       712	80000d08	fb297593	andi	x11,x18,-78	 x18:0x7fff71e7 x11=0x7fff71a2
        7145000	       713	80000d0c	01bed033	srl	x0,x29,x27	 x29:0x00000003 x27:0xffffffc0
        7155000	       714	80000d10	9168f417	auipc	x8,0x9168f	  x8=0x1168fd0c
        7165000	       715	80000d14	01d71933	sll	x18,x14,x29	 x14:0x00008000 x29:0x00000003 x18=0x00040000
        7175000	       716	80000d18	01f3b6b3	sltu	x13,x7,x31	  x7:0x00000001 x31:0x00000000 x13=0x00000000
        7185000	       717	80000d1c	00003217	auipc	x4,0x3	  x4=0x80003d18
        7195000	       718	80000d20	27020213	addi	x4,x4,624	  x4:0x80003d18  x4=0x80003f88
        7205000	       719	80000d24	d942f7b7	lui	x15,0xd942f	 x15=0xd942f000
        7215000	       720	80000d28	00000013	addi	x0,x0,0	  x0:0x00000000
        7225000	       721	80000d2c	002776b3	and	x13,x14,x2	 x14:0x00008000  x2:0x00000030 x13=0x00000000
        7235000	       722	80000d30	c9420213	addi	x4,x4,-876	  x4:0x80003f88  x4=0x80003c1c
        7245000	       723	80000d34	c8d39b17	auipc	x22,0xc8d39	 x22=0x48d39d30
        7255000	       724	80000d38	bfc4e493	ori	x9,x9,-1028	  x9:0x10000000  x9=0xfffffbfc
        7265000	       725	80000d3c	36d200e7	jalr	x1,x4,877	  x4:0x80003c1c  x1=0x80000d3c
        7275000	       726	00000000	00000013	addi	x0,x0,0	  x0:0x00000000
        7285000	       727	80003f88	00000013	addi	x0,x0,0	  x0:0x00000000
        7295000	       728	80003f8c	0ad3f717	auipc	x14,0xad3f	 x14=0x8ad42f88
        7305000	       729	80003f90	d299a293	slti	x5,x19,-727	 x19:0x80009f84  x5=0x00000001
        7315000	       730	80003f94	003f5b93	srli	x23,x30,0x3	 x30:0x00000624 x23=0x000000c4
        7325000	       731	80003f98	0030c263	blt	x1,x3,80003f9c	  x1:0x80000d3c  x3:0xf4400254
        7335000	       732	00000000	00000013	addi	x0,x0,0	  x0:0x00000000
        7345000	       733	80003f98	00000013	addi	x0,x0,0	  x0:0x00000000
        7355000	       734	80003f9c	fc498993	addi	x19,x19,-60	 x19:0x80009f84 x19=0x80009f48
        7365000	       735	80003fa0	0019a223	sw	x1,4(x19)	 x19:0x80009f48  x1:0x80000d3c PA:0x80009f4c
        7375000	       736	80003fa4	00e59a33	sll	x20,x11,x14	 x11:0x7fff71a2 x14:0x8ad42f88 x20=0xff71a200
        7385000	       737	80003fa8	002533b3	sltu	x7,x10,x2	 x10:0x80009fc4  x2:0x00000030  x7=0x00000000
        7395000	       738	80003fac	0037d233	srl	x4,x15,x3	 x15:0xd942f000  x3:0xf4400254  x4=0x00000d94
        7405000	       739	80003fb0	008ddd93	srli	x27,x27,0x8	 x27:0xffffffc0 x27=0x00ffffff
        7415000	       740	80003fb4	09166417	auipc	x8,0x9166	  x8=0x89169fb0
        7425000	       741	80003fb8	017551b3	srl	x3,x10,x23	 x10:0x80009fc4 x23:0x000000c4  x3=0x080009fc
        7435000	       742	80003fbc	0006dfb3	srl	x31,x13,x0	 x13:0x00000000  x0:0x00000000 x31=0x00000000
        7445000	       743	80003fc0	4aacbf93	sltiu	x31,x25,1194	 x25:0x642e9000 x31=0x00000000
        7455000	       744	80003fc4	01975cb3	srl	x25,x14,x25	 x14:0x8ad42f88 x25:0x642e9000 x25=0x8ad42f88
        7465000	       745	80003fc8	41820b33	sub	x22,x4,x24	  x4:0x00000d94 x24:0x0000077f x22=0x00000615
        7475000	       746	80003fcc	158010ef	jal	x1,80003fcc	  x1=0x80003fcc
        7485000	       747	00000000	00000013	addi	x0,x0,0	  x0:0x00000000
        7495000	       748	80005120	00000013	addi	x0,x0,0	  x0:0x00000000
        7505000	       749	80005124	019f1a13	slli	x20,x30,0x19	 x30:0x00000624 x20=0x48000000
        7515000	       750	80005128	fc498993	addi	x19,x19,-60	 x19:0x80009f48 x19=0x80009f0c
        7525000	       751	8000512c	00761413	slli	x8,x12,0x7	 x12:0x00000001  x8=0x00000080
        7535000	       752	80005130	40efd7b3	sra	x15,x31,x14	 x31:0x00000000 x14:0x8ad42f88 x15=0x00000000
        7545000	       753	80005134	324e6f17	auipc	x30,0x324e6	 x30=0xb24eb130
        7555000	       754	80005138	0019a223	sw	x1,4(x19)	 x19:0x80009f0c  x1:0x80003fcc PA:0x80009f10
        7565000	       755	8000513c	40eb8e33	sub	x28,x23,x14	 x23:0x000000c4 x14:0x8ad42f88 x28=0x752bd13c
        7575000	       756	80005140	01146233	or	x4,x8,x17	  x8:0x00000080 x17:0xf4400340  x4=0xf44003c0
        7585000	       757	80005144	fffff617	auipc	x12,0xfffff	 x12=0x80004140
        7595000	       758	80005148	23860613	addi	x12,x12,568	 x12:0x80004140 x12=0x80004378
        7605000	       759	8000514c	0041d4b3	srl	x9,x3,x4	  x3:0x080009fc  x4:0xf44003c0  x9=0x080009fc
        7615000	       760	80005150	3ee60613	addi	x12,x12,1006	 x12:0x80004378 x12=0x80004766
        7625000	       761	80005154	403dda33	sra	x20,x27,x3	 x27:0x00ffffff  x3:0x080009fc x20=0x00000000
        7635000	       762	80005158	00000013	addi	x0,x0,0	  x0:0x00000000
        7645000	       763	8000515c	4cbec813	xori	x16,x29,1227	 x29:0x00000003 x16=0x000004c8
        7655000	       764	80005160	014c8db3	add	x27,x25,x20	 x25:0x8ad42f88 x20:0x00000000 x27=0x8ad42f88
        7665000	       765	80005164	866a4593	xori	x11,x20,-1946	 x20:0x00000000 x11=0xfffff866
        7675000	       766	80005168	c9c08c93	addi	x25,x1,-868	  x1:0x80003fcc x25=0x80003c68
        7685000	       767	8000516c	01758863	beq	x11,x23,8000517c	 x11:0xfffff866 x23:0x000000c4
        7695000	       768	80005170	0049d033	srl	x0,x19,x4	 x19:0x80009f0c  x4:0xf44003c0
        7705000	       769	80005174	003f8333	add	x6,x31,x3	 x31:0x00000000  x3:0x080009fc  x6=0x080009fc
        7715000	       770	80005178	01cc55b3	srl	x11,x24,x28	 x24:0x0000077f x28:0x752bd13c x11=0x00000000
        7725000	       771	8000517c	c13600e7	jalr	x1,x12,-1005	 x12:0x80004766  x1=0x8000517c
        7735000	       772	00000000	00000013	addi	x0,x0,0	  x0:0x00000000
        7745000	       773	80004378	00000013	addi	x0,x0,0	  x0:0x00000000
        7755000	       774	8000437c	00e45463	bge	x8,x14,80004384	  x8:0x00000080 x14:0x8ad42f88
        7765000	       775	00000000	00000013	addi	x0,x0,0	  x0:0x00000000
        7775000	       776	80004380	00000013	addi	x0,x0,0	  x0:0x00000000
        7785000	       777	80004384	fc498993	addi	x19,x19,-60	 x19:0x80009f0c x19=0x80009ed0
        7795000	       778	80004388	015fc7b3	xor	x15,x31,x21	 x31:0x00000000 x21:0xfffffbf7 x15=0xfffffbf7
        7805000	       779	8000438c	0074a633	slt	x12,x9,x7	  x9:0x080009fc  x7:0x00000000 x12=0x00000000
        7815000	       780	80004390	0019a223	sw	x1,4(x19)	 x19:0x80009ed0  x1:0x8000517c PA:0x80009ed4
        7825000	       781	80004394	00893bb3	sltu	x23,x18,x8	 x18:0x00040000  x8:0x00000080 x23=0x00000000
        7835000	       782	80004398	2b637e93	andi	x29,x6,694	  x6:0x080009fc x29=0x000000b4
        7845000	       783	8000439c	00005117	auipc	x2,0x5	  x2=0x80009398
        7855000	       784	800043a0	b2e10113	addi	x2,x2,-1234	  x2:0x80009398  x2=0x80008ec6
        7865000	       785	800043a4	00710783	lb	x15,7(x2)	  x2:0x80008ec6 x15=0xffffffb6 PA:0x80008ecd
        7875000	       786	800043a8	00000013	addi	x0,x0,0	  x0:0x00000000
        7885000	       787	800043ac	d5fe0393	addi	x7,x28,-673	 x28:0x752bd13c  x7=0x752bce9b
        7895000	       788	800043b0	4018d933	sra	x18,x17,x1	 x17:0xf4400340  x1:0x8000517c x18=0xffffffff
        7905000	       789	800043b4	41062d93	slti	x27,x12,1040	 x12:0x00000000 x27=0x00000001
        7915000	       790	800043b8	01011483	lh	x9,16(x2)	  x2:0x80008ec6  x9=0xffffbcbd PA:0x80008ed6
        7925000	       791	800043bc	ff414a03	lbu	x20,-12(x2)	  x2:0x80008ec6 x20=0x000000a1 PA:0x80008eba
        7935000	       792	800043c0	0047af33	slt	x30,x15,x4	 x15:0xffffffb6  x4:0xf44003c0 x30=0x00000000
        7945000	       793	800043c4	00000013	addi	x0,x0,0	  x0:0x00000000
        7955000	       794	800043c8	40f55a33	sra	x20,x10,x15	 x10:0x80009fc4 x15:0xffffffb6 x20=0xfffffe00
        7965000	       795	800043cc	012103a3	sb	x18,7(x2)	  x2:0x80008ec6 x18:0xffffffff PA:0x80008ecd
        7975000	       796	800043d0	ffe10fa3	sb	x30,-1(x2)	  x2:0x80008ec6 x30:0x00000000 PA:0x80008ec5
        7985000	       797	800043d4	82220e93	addi	x29,x4,-2014	  x4:0xf44003c0 x29=0xf43ffbe2
        7995000	       798	800043d8	746ae193	ori	x3,x21,1862	 x21:0xfffffbf7  x3=0xfffffff7
        8005000	       799	800043dc	01010f83	lb	x31,16(x2)	  x2:0x80008ec6 x31=0xffffffbd PA:0x80008ed6
        8015000	       800	800043e0	480cc017	auipc	x0,0x480cc	
        8025000	       801	800043e4	012665b3	or	x11,x12,x18	 x12:0x00000000 x18:0xffffffff x11=0xffffffff
        8035000	       802	800043e8	00a10123	sb	x10,2(x2)	  x2:0x80008ec6 x10:0x80009fc4 PA:0x80008ec8
        8045000	       803	800043ec	d4bc6c93	ori	x25,x24,-693	 x24:0x0000077f x25=0xffffff7f
        8055000	       804	800043f0	00314a03	lbu	x20,3(x2)	  x2:0x80008ec6 x20=0x000000b2 PA:0x80008ec9
        8065000	       805	800043f4	018357b3	srl	x15,x6,x24	  x6:0x080009fc x24:0x0000077f x15=0x00000000
        8075000	       806	800043f8	0108f6b3	and	x13,x17,x16	 x17:0xf4400340 x16:0x000004c8 x13=0x00000040
        8085000	       807	800043fc	00a15283	lhu	x5,10(x2)	  x2:0x80008ec6  x5=0x0000babb PA:0x80008ed0
        8095000	       808	80004400	00cfdd93	srli	x27,x31,0xc	 x31:0xffffffbd x27=0x000fffff
        8105000	       809	80004404	00914903	lbu	x18,9(x2)	  x2:0x80008ec6 x18=0x000000b4 PA:0x80008ecf
        8115000	       810	80004408	009597b3	sll	x15,x11,x9	 x11:0xffffffff  x9:0xffffbcbd x15=0xe0000000
        8125000	       811	8000440c	b5508e13	addi	x28,x1,-1195	  x1:0x8000517c x28=0x80004cd1
        8135000	       812	80004410	9d6ae1b7	lui	x3,0x9d6ae	  x3=0x9d6ae000
        8145000	       813	80004414	016222b3	slt	x5,x4,x22	  x4:0xf44003c0 x22:0x00000615  x5=0x00000001
        8155000	       814	80004418	00c15db3	srl	x27,x2,x12	  x2:0x80008ec6 x12:0x00000000 x27=0x80008ec6
        8165000	       815	8000441c	01202f33	slt	x30,x0,x18	  x0:0x00000000 x18:0x000000b4 x30=0x00000001
        8175000	       816	80004420	00b69e93	slli	x29,x13,0xb	 x13:0x00000040 x29=0x00020000
        8185000	       817	80004424	ff014403	lbu	x8,-16(x2)	  x2:0x80008ec6  x8=0x0000009d PA:0x80008eb6
        8195000	       818	80004428	11d3b413	sltiu	x8,x7,285	  x7:0x752bce9b  x8=0x00000000
        8205000	       819	8000442c	ffd11c23	sh	x29,-8(x2)	  x2:0x80008ec6 x29:0x00020000 PA:0x80008ebe
        8215000	       820	80004430	00114203	lbu	x4,1(x2)	  x2:0x80008ec6  x4=0x000000ac PA:0x80008ec7
        8225000	       821	80004434	009c7ab3	and	x21,x24,x9	 x24:0x0000077f  x9:0xffffbcbd x21=0x0000043d
        8235000	       822	80004438	ffc11083	lh	x1,-4(x2)	  x2:0x80008ec6  x1=0xffffffff PA:0x80008ec2
        8245000	       823	00000000	00000013	addi	x0,x0,0	  x0:0x00000000
        8255000	       824	8000443c	00114d83	lbu	x27,1(x2)	  x2:0x80008ec6 x27=0x000000ac PA:0x80008ec7
        8265000	       825	80004440	013f2e33	slt	x28,x30,x19	 x30:0x00000001 x19:0x80009ed0 x28=0x00000000
        8275000	       826	80004444	ff4109a3	sb	x20,-13(x2)	  x2:0x80008ec6 x20:0x000000b2 PA:0x80008eb9
        8285000	       827	80004448	01ffa733	slt	x14,x31,x31	 x31:0xffffffbd x31:0xffffffbd x14=0x00000000
        8295000	       828	8000444c	ff710c83	lb	x25,-9(x2)	  x2:0x80008ec6 x25=0x00000000 PA:0x80008ebd
        8305000	       829	80004450	ff211f83	lh	x31,-14(x2)	  x2:0x80008ec6 x31=0xffffb2a3 PA:0x80008eb8
        8315000	       830	80004454	00000013	addi	x0,x0,0	  x0:0x00000000
        8325000	       831	80004458	019bfd33	and	x26,x23,x25	 x23:0x00000000 x25:0x00000000 x26=0x00000000
        8335000	       832	8000445c	ffb14a83	lbu	x21,-5(x2)	  x2:0x80008ec6 x21=0x000000ff PA:0x80008ec1
        8345000	       833	80004460	01011e03	lh	x28,16(x2)	  x2:0x80008ec6 x28=0xffffbcbd PA:0x80008ed6
        8355000	       834	80004464	006107a3	sb	x6,15(x2)	  x2:0x80008ec6  x6:0x080009fc PA:0x80008ed5
        8365000	       835	80004468	00910a03	lb	x20,9(x2)	  x2:0x80008ec6 x20=0xffffffb4 PA:0x80008ecf
        8375000	       836	8000446c	0015ac33	slt	x24,x11,x1	 x11:0xffffffff  x1:0xffffffff x24=0x00000000
        8385000	       837	80004470	ff410783	lb	x15,-12(x2)	  x2:0x80008ec6 x15=0xffffffa1 PA:0x80008eba
        8395000	       838	80004474	01311223	sh	x19,4(x2)	  x2:0x80008ec6 x19:0x80009ed0 PA:0x80008eca
        8405000	       839	80004478	00910c83	lb	x25,9(x2)	  x2:0x80008ec6 x25=0xffffffb4 PA:0x80008ecf
        8415000	       840	8000447c	00004317	auipc	x6,0x4	  x6=0x80008478
        8425000	       841	80004480	2a930313	addi	x6,x6,681	  x6:0x80008478  x6=0x80008721
        8435000	       842	80004484	01f51433	sll	x8,x10,x31	 x10:0x80009fc4 x31:0xffffb2a3  x8=0x0004fe20
        8445000	       843	80004488	9d430f83	lb	x31,-1580(x6)	  x6:0x80008721 x31=0xffffffae PA:0x800080f5
        8455000	       844	8000448c	03b32583	lw	x11,59(x6)	  x6:0x80008721 x11=0x14151617 PA:0x8000875c
        8465000	       845	80004490	09530a23	sb	x21,148(x6)	  x6:0x80008721 x21:0x000000ff PA:0x800087b5
        8475000	       846	80004494	b5230d83	lb	x27,-1198(x6)	  x6:0x80008721 x27=0x00000028 PA:0x80008273
        8485000	       847	80004498	5b8ef4b7	lui	x9,0x5b8ef	  x9=0x5b8ef000
        8495000	       848	8000449c	f0630083	lb	x1,-250(x6)	  x6:0x80008721  x1=0xffffffdc PA:0x80008627
        8505000	       849	800044a0	502df013	andi	x0,x27,1282	 x27:0x00000028
        8515000	       850	800044a4	40ab8f33	sub	x30,x23,x10	 x23:0x00000000 x10:0x80009fc4 x30=0x7fff603c
        8525000	       851	800044a8	c7234203	lbu	x4,-910(x6)	  x6:0x80008721  x4=0x00000048 PA:0x80008393
        8535000	       852	800044ac	00000013	addi	x0,x0,0	  x0:0x00000000
        8545000	       853	800044b0	000c66b3	or	x13,x24,x0	 x24:0x00000000  x0:0x00000000 x13=0x00000000
        8555000	       854	800044b4	c0d92493	slti	x9,x18,-1011	 x18:0x000000b4  x9=0x00000000
        8565000	       855	800044b8	cb730823	sb	x23,-848(x6)	  x6:0x80008721 x23:0x00000000 PA:0x800083d1
        8575000	       856	800044bc	f6c30623	sb	x12,-148(x6)	  x6:0x80008721 x12:0x00000000 PA:0x8000868d
        8585000	       857	800044c0	01f32703	lw	x14,31(x6)	  x6:0x80008721 x14=0xf8f9fafb PA:0x80008740
        8595000	       858	800044c4	006a76b3	and	x13,x20,x6	 x20:0xffffffb4  x6:0x80008721 x13=0x80008720
        8605000	       859	800044c8	a7531703	lh	x14,-1419(x6)	  x6:0x80008721 x14=0x00004c4d PA:0x80008196
        8615000	       860	800044cc	02d31483	lh	x9,45(x6)	  x6:0x80008721  x9=0x00000405 PA:0x8000874e
        8625000	       861	800044d0	98ba0b93	addi	x23,x20,-1653	 x20:0xffffffb4 x23=0xfffff93f
        8635000	       862	800044d4	a9830703	lb	x14,-1384(x6)	  x6:0x80008721 x14=0x00000072 PA:0x800081b9
        8645000	       863	800044d8	01430b23	sb	x20,22(x6)	  x6:0x80008721 x20:0xffffffb4 PA:0x80008737
        8655000	       864	800044dc	a9234203	lbu	x4,-1390(x6)	  x6:0x80008721  x4=0x00000068 PA:0x800081b3
        8665000	       865	800044e0	01968f97	auipc	x31,0x1968	 x31=0x8196c4dc
        8675000	       866	800044e4	00beabb3	slt	x23,x29,x11	 x29:0x00020000 x11:0x14151617 x23=0x00000001
        8685000	       867	800044e8	e3b32103	lw	x2,-453(x6)	  x6:0x80008721  x2=0x14151617 PA:0x8000855c
        8695000	       868	800044ec	cff33593	sltiu	x11,x6,-769	  x6:0x80008721 x11=0x00000001
        8705000	       869	800044f0	d0d31f83	lh	x31,-755(x6)	  x6:0x80008721 x31=0xffffe4e5 PA:0x8000842e
        8715000	       870	800044f4	be1304a3	sb	x1,-1047(x6)	  x6:0x80008721  x1:0xffffffdc PA:0x8000830a
        8725000	       871	800044f8	d4d30823	sb	x13,-688(x6)	  x6:0x80008721 x13:0x80008720 PA:0x80008471
        8735000	       872	800044fc	00a265b3	or	x11,x4,x10	  x4:0x00000068 x10:0x80009fc4 x11=0x80009fec
        8745000	       873	80004500	9f130723	sb	x17,-1554(x6)	  x6:0x80008721 x17:0xf4400340 PA:0x8000810f
        8755000	       874	80004504	0b331183	lh	x3,179(x6)	  x6:0x80008721  x3=0xffff8e8f PA:0x800087d4
        8765000	       875	00000000	00000013	addi	x0,x0,0	  x0:0x00000000
        8775000	       876	80004508	a8335203	lhu	x4,-1405(x6)	  x6:0x80008721  x4=0x00005e5f PA:0x800081a4
        8785000	       877	8000450c	0157eab3	or	x21,x15,x21	 x15:0xffffffa1 x21:0x000000ff x21=0xffffffff
        8795000	       878	80004510	ffa9cb13	xori	x22,x19,-6	 x19:0x80009ed0 x22=0x7fff612a
        8805000	       879	80004514	cfcba793	slti	x15,x23,-772	 x23:0x00000001 x15=0x00000000
        8815000	       880	80004518	00000013	addi	x0,x0,0	  x0:0x00000000
        8825000	       881	8000451c	00ab0633	add	x12,x22,x10	 x22:0x7fff612a x10:0x80009fc4 x12=0x000000ee
        8835000	       882	80004520	f3730d23	sb	x23,-198(x6)	  x6:0x80008721 x23:0x00000001 PA:0x8000865b
        8845000	       883	80004524	41175a33	sra	x20,x14,x17	 x14:0x00000072 x17:0xf4400340 x20=0x00000072
        8855000	       884	80004528	00126113	ori	x2,x4,1	  x4:0x00005e5f  x2=0x00005e5f
        8865000	       885	8000452c	07530423	sb	x21,104(x6)	  x6:0x80008721 x21:0xffffffff PA:0x80008789
        8875000	       886	80004530	01e74433	xor	x8,x14,x30	 x14:0x00000072 x30:0x7fff603c  x8=0x7fff604e
        8885000	       887	80004534	1a58fd13	andi	x26,x17,421	 x17:0xf4400340 x26=0x00000100
        8895000	       888	80004538	9c531103	lh	x2,-1595(x6)	  x6:0x80008721  x2=0xffff9c9d PA:0x800080e6
        8905000	       889	8000453c	fff30103	lb	x2,-1(x6)	  x6:0x80008721  x2=0xffffffdb PA:0x80008720
        8915000	       890	80004540	a2334c83	lbu	x25,-1501(x6)	  x6:0x80008721 x25=0x000000ff PA:0x80008144
        8925000	       891	80004544	c6f68737	lui	x14,0xc6f68	 x14=0xc6f68000
        8935000	       892	80004548	b8e30603	lb	x12,-1138(x6)	  x6:0x80008721 x12=0x00000064 PA:0x800082af
        8945000	       893	8000454c	00e5d013	srli	x0,x11,0xe	 x11:0x80009fec
        8955000	       894	80004550	fb030903	lb	x18,-80(x6)	  x6:0x80008721 x18=0xffffff8a PA:0x800086d1
        8965000	       895	80004554	00005617	auipc	x12,0x5	 x12=0x80009550
        8975000	       896	80004558	8f060613	addi	x12,x12,-1808	 x12:0x80009550 x12=0x80008e40
        8985000	       897	8000455c	fc964d03	lbu	x26,-55(x12)	 x12:0x80008e40 x26=0x000000f2 PA:0x80008e09
        8995000	       898	80004560	fc861103	lh	x2,-56(x12)	 x12:0x80008e40  x2=0xfffff2f3 PA:0x80008e08
        9005000	       899	80004564	0133d2b3	srl	x5,x7,x19	  x7:0x752bce9b x19:0x80009ed0  x5=0x0000752b
        9015000	       900	80004568	02861c23	sh	x8,56(x12)	 x12:0x80008e40  x8:0x7fff604e PA:0x80008e78
        9025000	       901	8000456c	ff665c83	lhu	x25,-10(x12)	 x12:0x80008e40 x25=0x00001c1d PA:0x80008e36
        9035000	       902	80004570	3c7d7e37	lui	x28,0x3c7d7	 x28=0x3c7d7000
        9045000	       903	80004574	fd862b83	lw	x23,-40(x12)	 x12:0x80008e40 x23=0x00010203 PA:0x80008e18
        9055000	       904	80004578	01061e03	lh	x28,16(x12)	 x12:0x80008e40 x28=0x00003a3b PA:0x80008e50
        9065000	       905	8000457c	03160f03	lb	x30,49(x12)	 x12:0x80008e40 x30=0x0000005a PA:0x80008e71
        9075000	       906	80004580	ff861b23	sh	x24,-10(x12)	 x12:0x80008e40 x24:0x00000000 PA:0x80008e36
        9085000	       907	80004584	01664c03	lbu	x24,22(x12)	 x12:0x80008e40 x24=0x0000003d PA:0x80008e56
        9095000	       908	80004588	fd964803	lbu	x16,-39(x12)	 x12:0x80008e40 x16=0x00000002 PA:0x80008e19
        9105000	       909	8000458c	fcb606a3	sb	x11,-51(x12)	 x12:0x80008e40 x11:0x80009fec PA:0x80008e0d
        9115000	       910	80004590	02960d23	sb	x9,58(x12)	 x12:0x80008e40  x9:0x00000405 PA:0x80008e7a
        9125000	       911	80004594	ffe65b83	lhu	x23,-2(x12)	 x12:0x80008e40 x23=0x00002425 PA:0x80008e3e
        9135000	       912	80004598	02861b03	lh	x22,40(x12)	 x12:0x80008e40 x22=0x00005253 PA:0x80008e68
        9145000	       913	8000459c	91922193	slti	x3,x4,-1767	  x4:0x00005e5f  x3=0x00000000
        9155000	       914	800045a0	01b70233	add	x4,x14,x27	 x14:0xc6f68000 x27:0x00000028  x4=0xc6f68028
        9165000	       915	800045a4	03861283	lh	x5,56(x12)	 x12:0x80008e40  x5=0x0000604e PA:0x80008e78
        9175000	       916	800045a8	fcc61023	sh	x12,-64(x12)	 x12:0x80008e40 x12:0x80008e40 PA:0x80008e00
        9185000	       917	800045ac	fee65703	lhu	x14,-18(x12)	 x12:0x80008e40 x14=0x00001415 PA:0x80008e2e
        9195000	       918	800045b0	80959917	auipc	x18,0x80959	 x18=0x0095d5ac
        9205000	       919	800045b4	ff9607a3	sb	x25,-17(x12)	 x12:0x80008e40 x25:0x00001c1d PA:0x80008e2f
        9215000	       920	800045b8	0175bd33	sltu	x26,x11,x23	 x11:0x80009fec x23:0x00002425 x26=0x00000000
        9225000	       921	800045bc	fcf61e23	sh	x15,-36(x12)	 x12:0x80008e40 x15:0x00000000 PA:0x80008e1c
        9235000	       922	800045c0	00d70133	add	x2,x14,x13	 x14:0x00001415 x13:0x80008720  x2=0x80009b35
        9245000	       923	800045c4	00162223	sw	x1,4(x12)	 x12:0x80008e40  x1:0xffffffdc PA:0x80008e44
        9255000	       924	800045c8	002606a3	sb	x2,13(x12)	 x12:0x80008e40  x2:0x80009b35 PA:0x80008e4d
        9265000	       925	800045cc	01c61803	lh	x16,28(x12)	 x12:0x80008e40 x16=0x00004647 PA:0x80008e5c
        9275000	       926	800045d0	fcd60f03	lb	x30,-51(x12)	 x12:0x80008e40 x30=0xffffffec PA:0x80008e0d
        9285000	       927	800045d4	75690c13	addi	x24,x18,1878	 x18:0x0095d5ac x24=0x0095dd02
        9295000	       928	800045d8	fd360a83	lb	x21,-45(x12)	 x12:0x80008e40 x21=0xfffffff8 PA:0x80008e13
        9305000	       929	800045dc	dae18f37	lui	x30,0xdae18	 x30=0xdae18000
        9315000	       930	800045e0	b165ed13	ori	x26,x11,-1258	 x11:0x80009fec x26=0xfffffffe
        9325000	       931	800045e4	7a9c6013	ori	x0,x24,1961	 x24:0x0095dd02
        9335000	       932	800045e8	fc860ba3	sb	x8,-41(x12)	 x12:0x80008e40  x8:0x7fff604e PA:0x80008e17
        9345000	       933	800045ec	410e5213	srai	x4,x28,0x10	 x28:0x00003a3b  x4=0x00000000
        9355000	       934	800045f0	00cf3fb3	sltu	x31,x30,x12	 x30:0xdae18000 x12:0x80008e40 x31=0x00000000
        9365000	       935	800045f4	01e60383	lb	x7,30(x12)	 x12:0x80008e40  x7=0x00000045 PA:0x80008e5e
        9375000	       936	800045f8	011d5133	srl	x2,x26,x17	 x26:0xfffffffe x17:0xf4400340  x2=0xfffffffe
        9385000	       937	800045fc	fcf60b83	lb	x23,-49(x12)	 x12:0x80008e40 x23=0xfffffff4 PA:0x80008e0f
        9395000	       938	80004600	00004e33	xor	x28,x0,x0	  x0:0x00000000  x0:0x00000000 x28=0x00000000
        9405000	       939	80004604	fdb64003	lbu	x0,-37(x12)	 x12:0x80008e40 PA:0x80008e1b
        9415000	       940	80004608	92080113	addi	x2,x16,-1760	 x16:0x00004647  x2=0x00003f67
        9425000	       941	8000460c	00b61023	sh	x11,0(x12)	 x12:0x80008e40 x11:0x80009fec PA:0x80008e40
        9435000	       942	80004610	01b7cd33	xor	x26,x15,x27	 x15:0x00000000 x27:0x00000028 x26=0x00000028
        9445000	       943	80004614	009151b3	srl	x3,x2,x9	  x2:0x00003f67  x9:0x00000405  x3=0x000001fb
        9455000	       944	80004618	87c10e93	addi	x29,x2,-1924	  x2:0x00003f67 x29=0x000037e3
        9465000	       945	8000461c	019e4863	blt	x28,x25,8000462c	 x28:0x00000000 x25:0x00001c1d
        9475000	       946	00000000	00000013	addi	x0,x0,0	  x0:0x00000000
        9485000	       947	80004628	00000013	addi	x0,x0,0	  x0:0x00000000
        9495000	       948	8000462c	0bc3b693	sltiu	x13,x7,188	  x7:0x00000045 x13=0x00000001
        9505000	       949	80004630	01723db3	sltu	x27,x4,x23	  x4:0x00000000 x23:0xfffffff4 x27=0x00000001
        9515000	       950	80004634	00884033	xor	x0,x16,x8	 x16:0x00004647  x8:0x7fff604e
        9525000	       951	80004638	14198f13	addi	x30,x19,321	 x19:0x80009ed0 x30=0x8000a011
        9535000	       952	8000463c	0032e733	or	x14,x5,x3	  x5:0x0000604e  x3:0x000001fb x14=0x000061ff
        9545000	       953	80004640	41258bb3	sub	x23,x11,x18	 x11:0x80009fec x18:0x0095d5ac x23=0x7f6aca40
        9555000	       954	80004644	013f2c33	slt	x24,x30,x19	 x30:0x8000a011 x19:0x80009ed0 x24=0x00000000
        9565000	       955	80004648	04f42a13	slti	x20,x8,79	  x8:0x7fff604e x20=0x00000000
        9575000	       956	8000464c	017007b3	add	x15,x0,x23	  x0:0x00000000 x23:0x7f6aca40 x15=0x7f6aca40
        9585000	       957	80004650	b06e0393	addi	x7,x28,-1274	 x28:0x00000000  x7=0xfffffb06
        9595000	       958	80004654	2ad94d93	xori	x27,x18,685	 x18:0x0095d5ac x27=0x0095d701
        9605000	       959	80004658	4087d0b3	sra	x1,x15,x8	 x15:0x7f6aca40  x8:0x7fff604e  x1=0x0001fdab
        9615000	       960	8000465c	01b501b3	add	x3,x10,x27	 x10:0x80009fc4 x27:0x0095d701  x3=0x809676c5
        9625000	       961	80004660	40895493	srai	x9,x18,0x8	 x18:0x0095d5ac  x9=0x000095d5
        9635000	       962	80004664	028d0a63	beq	x26,x8,80004698	 x26:0x00000028  x8:0x7fff604e
        9645000	       963	80004668	051a4263	blt	x20,x17,800046ac	 x20:0x00000000 x17:0xf4400340
        9655000	       964	8000466c	58d54f93	xori	x31,x10,1421	 x10:0x80009fc4 x31=0x80009a49
        9665000	       965	80004670	00c2de33	srl	x28,x5,x12	  x5:0x0000604e x12:0x80008e40 x28=0x0000604e
        9675000	       966	80004674	41205f33	sra	x30,x0,x18	  x0:0x00000000 x18:0x0095d5ac x30=0x00000000
        9685000	       967	80004678	0317c663	blt	x15,x17,800046a4	 x15:0x7f6aca40 x17:0xf4400340
        9695000	       968	8000467c	4056ddb3	sra	x27,x13,x5	 x13:0x00000001  x5:0x0000604e x27=0x00000000
        9705000	       969	80004680	01372733	slt	x14,x14,x19	 x14:0x000061ff x19:0x80009ed0 x14=0x00000000
        9715000	       970	80004684	01858e63	beq	x11,x24,800046a0	 x11:0x80009fec x24:0x00000000
        9725000	       971	80004688	4050d013	srai	x0,x1,0x5	  x1:0x0001fdab
        9735000	       972	8000468c	015fd713	srli	x14,x31,0x15	 x31:0x80009a49 x14=0x00000400
        9745000	       973	80004690	00ac5033	srl	x0,x24,x10	 x24:0x00000000 x10:0x80009fc4
        9755000	       974	80004694	01045b33	srl	x22,x8,x16	  x8:0x7fff604e x16:0x00004647 x22=0x00fffec0
        9765000	       975	80004698	c02c7c93	andi	x25,x24,-1022	 x24:0x00000000 x25=0x00000000
        9775000	       976	8000469c	e1c3fa93	andi	x21,x7,-484	  x7:0xfffffb06 x21=0xfffffa04
        9785000	       977	800046a0	037aec63	bltu	x21,x23,800046d8	 x21:0xfffffa04 x23:0x7f6aca40
        9795000	       978	800046a4	03164e63	blt	x12,x17,800046e0	 x12:0x80008e40 x17:0xf4400340
        9805000	       979	00000000	00000013	addi	x0,x0,0	  x0:0x00000000
        9815000	       980	800046dc	00000013	addi	x0,x0,0	  x0:0x00000000
        9825000	       981	800046e0	0010c733	xor	x14,x1,x1	  x1:0x0001fdab  x1:0x0001fdab x14=0x00000000
        9835000	       982	800046e4	58afcd13	xori	x26,x31,1418	 x31:0x80009a49 x26=0x80009fc3
        9845000	       983	800046e8	7acc4593	xori	x11,x24,1964	 x24:0x00000000 x11=0x000007ac
        9855000	       984	800046ec	025a4263	blt	x20,x5,80004710	 x20:0x00000000  x5:0x0000604e
        9865000	       985	00000000	00000013	addi	x0,x0,0	  x0:0x00000000
        9875000	       986	8000470c	00000013	addi	x0,x0,0	  x0:0x00000000
        9885000	       987	80004710	1472a317	auipc	x6,0x1472a	  x6=0x9472e70c
        9895000	       988	80004714	000a9233	sll	x4,x21,x0	 x21:0xfffffa04  x0:0x00000000  x4=0xfffffa04
        9905000	       989	80004718	008fd633	srl	x12,x31,x8	 x31:0x80009a49  x8:0x7fff604e x12=0x00020002
        9915000	       990	8000471c	004865b3	or	x11,x16,x4	 x16:0x00004647  x4:0xfffffa04 x11=0xfffffe47
        9925000	       991	80004720	03761c63	bne	x12,x23,80004758	 x12:0x00020002 x23:0x7f6aca40
        9935000	       992	00000000	00000013	addi	x0,x0,0	  x0:0x00000000
        9945000	       993	80004754	00000013	addi	x0,x0,0	  x0:0x00000000
        9955000	       994	80004758	00edf833	and	x16,x27,x14	 x27:0x00000000 x14:0x00000000 x16=0x00000000
        9965000	       995	8000475c	00ab8ab3	add	x21,x23,x10	 x23:0x7f6aca40 x10:0x80009fc4 x21=0xff6b6a04
        9975000	       996	80004760	410d0633	sub	x12,x26,x16	 x26:0x80009fc3 x16:0x00000000 x12=0x80009fc3
        9985000	       997	80004764	40db5e13	srai	x28,x22,0xd	 x22:0x00fffec0 x28=0x000007ff
        9995000	       998	80004768	0352f063	bgeu	x5,x21,80004788	  x5:0x0000604e x21:0xff6b6a04
       10005000	       999	8000476c	01eead33	slt	x26,x29,x30	 x29:0x000037e3 x30:0x00000000 x26=0x00000000
       10015000	      1000	80004770	01219033	sll	x0,x3,x18	  x3:0x809676c5 x18:0x0095d5ac
       10025000	      1001	80004774	02f9e663	bltu	x19,x15,800047a0	 x19:0x80009ed0 x15:0x7f6aca40
       10035000	      1002	80004778	007d66b3	or	x13,x26,x7	 x26:0x00000000  x7:0xfffffb06 x13=0xfffffb06
       10045000	      1003	8000477c	004e4c33	xor	x24,x28,x4	 x28:0x000007ff  x4:0xfffffa04 x24=0xfffffdfb
       10055000	      1004	80004780	000cc033	xor	x0,x25,x0	 x25:0x00000000  x0:0x00000000
       10065000	      1005	80004784	00483433	sltu	x8,x16,x4	 x16:0x00000000  x4:0xfffffa04  x8=0x00000001
       10075000	      1006	80004788	009204b3	add	x9,x4,x9	  x4:0xfffffa04  x9:0x000095d5  x9=0x00008fd9
       10085000	      1007	8000478c	05e5c863	blt	x11,x30,800047dc	 x11:0xfffffe47 x30:0x00000000
       10095000	      1008	00000000	00000013	addi	x0,x0,0	  x0:0x00000000
       10105000	      1009	800047d8	00000013	addi	x0,x0,0	  x0:0x00000000
       10115000	      1010	800047dc	016ffc33	and	x24,x31,x22	 x31:0x80009a49 x22:0x00fffec0 x24=0x00009a40
       10125000	      1011	800047e0	04837063	bgeu	x6,x8,80004820	  x6:0x9472e70c  x8:0x00000001
       10135000	      1012	00000000	00000013	addi	x0,x0,0	  x0:0x00000000
       10145000	      1013	8000481c	00000013	addi	x0,x0,0	  x0:0x00000000
       10155000	      1014	80004820	01456633	or	x12,x10,x20	 x10:0x80009fc4 x20:0x00000000 x12=0x80009fc4
       10165000	      1015	80004824	00ab95b3	sll	x11,x23,x10	 x23:0x7f6aca40 x10:0x80009fc4 x11=0xf6aca400
       10175000	      1016	80004828	d6676293	ori	x5,x14,-666	 x14:0x00000000  x5=0xfffffd66
       10185000	      1017	8000482c	0019f733	and	x14,x19,x1	 x19:0x80009ed0  x1:0x0001fdab x14=0x00009c80
       10195000	      1018	80004830	007f5093	srli	x1,x30,0x7	 x30:0x00000000  x1=0x00000000
       10205000	      1019	80004834	41938833	sub	x16,x7,x25	  x7:0xfffffb06 x25:0x00000000 x16=0xfffffb06
       10215000	      1020	80004838	01ab9093	slli	x1,x23,0x1a	 x23:0x7f6aca40  x1=0x00000000
       10225000	      1021	8000483c	45e8ca93	xori	x21,x17,1118	 x17:0xf4400340 x21=0xf440071e
       10235000	      1022	80004840	01f0f4b3	and	x9,x1,x31	  x1:0x00000000 x31:0x80009a49  x9=0x00000000
       10245000	      1023	80004844	008bf3b3	and	x7,x23,x8	 x23:0x7f6aca40  x8:0x00000001  x7=0x00000000
       10255000	      1024	80004848	01027e33	and	x28,x4,x16	  x4:0xfffffa04 x16:0xfffffb06 x28=0xfffffa04
       10265000	      1025	8000484c	01d43d33	sltu	x26,x8,x29	  x8:0x00000001 x29:0x000037e3 x26=0x00000001
       10275000	      1026	80004850	01907863	bgeu	x0,x25,80004860	  x0:0x00000000 x25:0x00000000
       10285000	      1027	00000000	00000013	addi	x0,x0,0	  x0:0x00000000
       10295000	      1028	8000485c	00000013	addi	x0,x0,0	  x0:0x00000000
       10305000	      1029	80004860	01f6d313	srli	x6,x13,0x1f	 x13:0xfffffb06  x6=0x00000001
       10315000	      1030	80004864	004b3233	sltu	x4,x22,x4	 x22:0x00fffec0  x4:0xfffffa04  x4=0x00000001
       10325000	      1031	80004868	a5956d93	ori	x27,x10,-1447	 x10:0x80009fc4 x27=0xffffffdd
       10335000	      1032	8000486c	031d0663	beq	x26,x17,80004898	 x26:0x00000001 x17:0xf4400340
       10345000	      1033	80004870	00ed0833	add	x16,x26,x14	 x26:0x00000001 x14:0x00009c80 x16=0x00009c81
       10355000	      1034	80004874	bee85737	lui	x14,0xbee85	 x14=0xbee85000
       10365000	      1035	80004878	006b1793	slli	x15,x22,0x6	 x22:0x00fffec0 x15=0x3fffb000
       10375000	      1036	8000487c	41274f93	xori	x31,x14,1042	 x14:0xbee85000 x31=0xbee85412
       10385000	      1037	80004880	40605493	srai	x9,x0,0x6	  x0:0x00000000  x9=0x00000000
       10395000	      1038	80004884	005a4c33	xor	x24,x20,x5	 x20:0x00000000  x5:0xfffffd66 x24=0xfffffd66
       10405000	      1039	80004888	01af5413	srli	x8,x30,0x1a	 x30:0x00000000  x8=0x00000000
       10415000	      1040	8000488c	03579863	bne	x15,x21,800048bc	 x15:0x3fffb000 x21:0xf440071e
       10425000	      1041	00000000	00000013	addi	x0,x0,0	  x0:0x00000000
       10435000	      1042	800048b8	00000013	addi	x0,x0,0	  x0:0x00000000
       10445000	      1043	800048bc	417205b3	sub	x11,x4,x23	  x4:0x00000001 x23:0x7f6aca40 x11=0x809535c1
       10455000	      1044	800048c0	40975113	srai	x2,x14,0x9	 x14:0xbee85000  x2=0xffdf7428
       10465000	      1045	800048c4	018d5733	srl	x14,x26,x24	 x26:0x00000001 x24:0xfffffd66 x14=0x00000000
       10475000	      1046	800048c8	4e42c613	xori	x12,x5,1252	  x5:0xfffffd66 x12=0xfffff982
       10485000	      1047	800048cc	001ca1b3	slt	x3,x25,x1	 x25:0x00000000  x1:0x00000000  x3=0x00000000
       10495000	      1048	800048d0	41f2dd33	sra	x26,x5,x31	  x5:0xfffffd66 x31:0xbee85412 x26=0xffffffff
       10505000	      1049	800048d4	05981063	bne	x16,x25,80004914	 x16:0x00009c81 x25:0x00000000
       10515000	      1050	00000000	00000013	addi	x0,x0,0	  x0:0x00000000
       10525000	      1051	80004910	00000013	addi	x0,x0,0	  x0:0x00000000
       10535000	      1052	80004914	416ad933	sra	x18,x21,x22	 x21:0xf440071e x22:0x00fffec0 x18=0xf440071e
       10545000	      1053	80004918	00897613	andi	x12,x18,8	 x18:0xf440071e x12=0x00000008
       10555000	      1054	8000491c	03befc63	bgeu	x29,x27,80004954	 x29:0x000037e3 x27:0xffffffdd
       10565000	      1055	80004920	003b0433	add	x8,x22,x3	 x22:0x00fffec0  x3:0x00000000  x8=0x00fffec0
       10575000	      1056	80004924	0056ab93	slti	x23,x13,5	 x13:0xfffffb06 x23=0x00000001
       10585000	      1057	80004928	42a92593	slti	x11,x18,1066	 x18:0xf440071e x11=0x00000001
       10595000	      1058	8000492c	00bf3bb3	sltu	x23,x30,x11	 x30:0x00000000 x11:0x00000001 x23=0x00000001
       10605000	      1059	80004930	0599e063	bltu	x19,x25,80004970	 x19:0x80009ed0 x25:0x00000000
       10615000	      1060	80004934	0032ab33	slt	x22,x5,x3	  x5:0xfffffd66  x3:0x00000000 x22=0x00000001
       10625000	      1061	80004938	012e6fb3	or	x31,x28,x18	 x28:0xfffffa04 x18:0xf440071e x31=0xffffff1e
       10635000	      1062	8000493c	03dd6a63	bltu	x26,x29,80004970	 x26:0xffffffff x29:0x000037e3
       10645000	      1063	80004940	f5616113	ori	x2,x2,-170	  x2:0xffdf7428  x2=0xffffff7e
       10655000	      1064	80004944	023ff063	bgeu	x31,x3,80004964	 x31:0xffffff1e  x3:0x00000000
       10665000	      1065	00000000	00000013	addi	x0,x0,0	  x0:0x00000000
       10675000	      1066	80004960	00000013	addi	x0,x0,0	  x0:0x00000000
       10685000	      1067	80004964	0e399697	auipc	x13,0xe399	 x13=0x8e39d960
       10695000	      1068	80004968	01fae033	or	x0,x21,x31	 x21:0xf440071e x31:0xffffff1e
       10705000	      1069	8000496c	05f7c463	blt	x15,x31,800049b4	 x15:0x3fffb000 x31:0xffffff1e
       10715000	      1070	80004970	01abbab3	sltu	x21,x23,x26	 x23:0x00000001 x26:0xffffffff x21=0x00000001
       10725000	      1071	80004974	013af663	bgeu	x21,x19,80004980	 x21:0x00000001 x19:0x80009ed0
       10735000	      1072	80004978	00000013	addi	x0,x0,0	  x0:0x00000000
       10745000	      1073	8000497c	00724233	xor	x4,x4,x7	  x4:0x00000001  x7:0x00000000  x4=0x00000001
       10755000	      1074	80004980	4d88f737	lui	x14,0x4d88f	 x14=0x4d88f000
       10765000	      1075	80004984	054b1663	bne	x22,x20,800049d0	 x22:0x00000001 x20:0x00000000
       10775000	      1076	00000000	00000013	addi	x0,x0,0	  x0:0x00000000
       10785000	      1077	800049cc	00000013	addi	x0,x0,0	  x0:0x00000000
       10795000	      1078	800049d0	01c99413	slli	x8,x19,0x1c	 x19:0x80009ed0  x8=0x00000000
       10805000	      1079	800049d4	41695293	srai	x5,x18,0x16	 x18:0xf440071e  x5=0xffffffd1
       10815000	      1080	800049d8	01e87663	bgeu	x16,x30,800049e4	 x16:0x00009c81 x30:0x00000000
       10825000	      1081	00000000	00000013	addi	x0,x0,0	  x0:0x00000000
       10835000	      1082	800049e0	00000013	addi	x0,x0,0	  x0:0x00000000
       10845000	      1083	800049e4	5b691417	auipc	x8,0x5b691	  x8=0xdb6959e0
       10855000	      1084	800049e8	0157eb33	or	x22,x15,x21	 x15:0x3fffb000 x21:0x00000001 x22=0x3fffb001
       10865000	      1085	800049ec	83bf02b7	lui	x5,0x83bf0	  x5=0x83bf0000
       10875000	      1086	800049f0	0007de33	srl	x28,x15,x0	 x15:0x3fffb000  x0:0x00000000 x28=0x3fffb000
       10885000	      1087	800049f4	01e4bbb3	sltu	x23,x9,x30	  x9:0x00000000 x30:0x00000000 x23=0x00000000
       10895000	      1088	800049f8	41b4d1b3	sra	x3,x9,x27	  x9:0x00000000 x27:0xffffffdd  x3=0x00000000
       10905000	      1089	800049fc	01659663	bne	x11,x22,80004a08	 x11:0x00000001 x22:0x3fffb001
       10915000	      1090	00000000	00000013	addi	x0,x0,0	  x0:0x00000000
       10925000	      1091	80004a04	00000013	addi	x0,x0,0	  x0:0x00000000
       10935000	      1092	80004a08	0195b4b3	sltu	x9,x11,x25	 x11:0x00000001 x25:0x00000000  x9=0x00000000
       10945000	      1093	80004a0c	03d1da63	bge	x3,x29,80004a40	  x3:0x00000000 x29:0x000037e3
       10955000	      1094	80004a10	786a7313	andi	x6,x20,1926	 x20:0x00000000  x6=0x00000000
       10965000	      1095	80004a14	05bd5863	bge	x26,x27,80004a64	 x26:0xffffffff x27:0xffffffdd
       10975000	      1096	00000000	00000013	addi	x0,x0,0	  x0:0x00000000
       10985000	      1097	80004a60	00000013	addi	x0,x0,0	  x0:0x00000000
       10995000	      1098	80004a64	690db293	sltiu	x5,x27,1680	 x27:0xffffffdd  x5=0x00000000
       11005000	      1099	80004a68	00d41ab3	sll	x21,x8,x13	  x8:0xdb6959e0 x13:0x8e39d960 x21=0xdb6959e0
       11015000	      1100	80004a6c	00de0863	beq	x28,x13,80004a7c	 x28:0x3fffb000 x13:0x8e39d960
       11025000	      1101	80004a70	c3263813	sltiu	x16,x12,-974	 x12:0x00000008 x16=0x00000001
       11035000	      1102	80004a74	00299093	slli	x1,x19,0x2	 x19:0x80009ed0  x1=0x00027b40
       11045000	      1103	80004a78	0095c7b3	xor	x15,x11,x9	 x11:0x00000001  x9:0x00000000 x15=0x00000001
       11055000	      1104	80004a7c	00c45db3	srl	x27,x8,x12	  x8:0xdb6959e0 x12:0x00000008 x27=0x00db6959
       11065000	      1105	80004a80	01535e63	bge	x6,x21,80004a9c	  x6:0x00000000 x21:0xdb6959e0
       11075000	      1106	00000000	00000013	addi	x0,x0,0	  x0:0x00000000
       11085000	      1107	80004a98	00000013	addi	x0,x0,0	  x0:0x00000000
       11095000	      1108	80004a9c	db788397	auipc	x7,0xdb788	  x7=0x5b78ca98
       11105000	      1109	80004aa0	00e15113	srli	x2,x2,0xe	  x2:0xffffff7e  x2=0x0003ffff
       11115000	      1110	80004aa4	00ad5e13	srli	x28,x26,0xa	 x26:0xffffffff x28=0x003fffff
       11125000	      1111	80004aa8	015b9e93	slli	x29,x23,0x15	 x23:0x00000000 x29=0x00000000
       11135000	      1112	80004aac	57e1bc93	sltiu	x25,x3,1406	  x3:0x00000000 x25=0x00000001
       11145000	      1113	80004ab0	ae6d3713	sltiu	x14,x26,-1306	 x26:0xffffffff x14=0x00000000
       11155000	      1114	80004ab4	41195ab3	sra	x21,x18,x17	 x18:0xf440071e x17:0xf4400340 x21=0xf440071e
       11165000	      1115	80004ab8	048c9263	bne	x25,x8,80004afc	 x25:0x00000001  x8:0xdb6959e0
       11175000	      1116	00000000	00000013	addi	x0,x0,0	  x0:0x00000000
       11185000	      1117	80004af8	00000013	addi	x0,x0,0	  x0:0x00000000
       11195000	      1118	80004afc	01d45663	bge	x8,x29,80004b08	  x8:0xdb6959e0 x29:0x00000000
       11205000	      1119	80004b00	01cff133	and	x2,x31,x28	 x31:0xffffff1e x28:0x003fffff  x2=0x003fff1e
       11215000	      1120	80004b04	002347b3	xor	x15,x6,x2	  x6:0x00000000  x2:0x003fff1e x15=0x003fff1e
       11225000	      1121	80004b08	01b09d93	slli	x27,x1,0x1b	  x1:0x00027b40 x27=0x00000000
       11235000	      1122	80004b0c	02f4ea63	bltu	x9,x15,80004b40	  x9:0x00000000 x15:0x003fff1e
       11245000	      1123	00000000	00000013	addi	x0,x0,0	  x0:0x00000000
       11255000	      1124	80004b3c	00000013	addi	x0,x0,0	  x0:0x00000000
       11265000	      1125	80004b40	3a9ecf13	xori	x30,x29,937	 x29:0x00000000 x30=0x000003a9
       11275000	      1126	80004b44	e1b24e13	xori	x28,x4,-485	  x4:0x00000001 x28=0xfffffe1a
       11285000	      1127	80004b48	02d3d663	bge	x7,x13,80004b74	  x7:0x5b78ca98 x13:0x8e39d960
       11295000	      1128	00000000	00000013	addi	x0,x0,0	  x0:0x00000000
       11305000	      1129	80004b70	00000013	addi	x0,x0,0	  x0:0x00000000
       11315000	      1130	80004b74	4c4a0d93	addi	x27,x20,1220	 x20:0x00000000 x27=0x000004c4
       11325000	      1131	80004b78	400e5d13	srai	x26,x28,0x0	 x28:0xfffffe1a x26=0xfffffe1a
       11335000	      1132	80004b7c	40795713	srai	x14,x18,0x7	 x18:0xf440071e x14=0xffe8800e
       11345000	      1133	80004b80	bf1bfd13	andi	x26,x23,-1039	 x23:0x00000000 x26=0x00000000
       11355000	      1134	80004b84	a7787313	andi	x6,x16,-1417	 x16:0x00000001  x6=0x00000001
       11365000	      1135	80004b88	00000013	addi	x0,x0,0	  x0:0x00000000
       11375000	      1136	80004b8c	00229733	sll	x14,x5,x2	  x5:0x00000000  x2:0x003fff1e x14=0x00000000
       11385000	      1137	80004b90	00a2b3b3	sltu	x7,x5,x10	  x5:0x00000000 x10:0x80009fc4  x7=0x00000001
       11395000	      1138	80004b94	8f2bd097	auipc	x1,0x8f2bd	  x1=0x0f2c1b90
       11405000	      1139	80004b98	006bf433	and	x8,x23,x6	 x23:0x00000000  x6:0x00000001  x8=0x00000000
       11415000	      1140	80004b9c	529d6f93	ori	x31,x26,1321	 x26:0x00000000 x31=0x00000529
       11425000	      1141	80004ba0	027ada63	bge	x21,x7,80004bd4	 x21:0xf440071e  x7:0x00000001
       11435000	      1142	80004ba4	8f537e37	lui	x28,0x8f537	 x28=0x8f537000
       11445000	      1143	80004ba8	01141313	slli	x6,x8,0x11	  x8:0x00000000  x6=0x00000000
       11455000	      1144	80004bac	031d8063	beq	x27,x17,80004bcc	 x27:0x000004c4 x17:0xf4400340
       11465000	      1145	80004bb0	df6ca017	auipc	x0,0xdf6ca	
       11475000	      1146	80004bb4	cd057637	lui	x12,0xcd057	 x12=0xcd057000
       11485000	      1147	80004bb8	00000013	addi	x0,x0,0	  x0:0x00000000
       11495000	      1148	80004bbc	01c05c33	srl	x24,x0,x28	  x0:0x00000000 x28:0x8f537000 x24=0x00000000
       11505000	      1149	80004bc0	8b3b9817	auipc	x16,0x8b3b9	 x16=0x0b3bdbbc
       11515000	      1150	80004bc4	015b4db3	xor	x27,x22,x21	 x22:0x3fffb001 x21:0xf440071e x27=0xcbbfb71f
       11525000	      1151	80004bc8	005d1bb3	sll	x23,x26,x5	 x26:0x00000000  x5:0x00000000 x23=0x00000000
       11535000	      1152	80004bcc	001c5333	srl	x6,x24,x1	 x24:0x00000000  x1:0x0f2c1b90  x6=0x00000000
       11545000	      1153	80004bd0	00000013	addi	x0,x0,0	  x0:0x00000000
       11555000	      1154	80004bd4	005711b3	sll	x3,x14,x5	 x14:0x00000000  x5:0x00000000  x3=0x00000000
       11565000	      1155	80004bd8	02a6c263	blt	x13,x10,80004bfc	 x13:0x8e39d960 x10:0x80009fc4
       11575000	      1156	80004bdc	001f45b3	xor	x11,x30,x1	 x30:0x000003a9  x1:0x0f2c1b90 x11=0x0f2c1839
       11585000	      1157	80004be0	005d3333	sltu	x6,x26,x5	 x26:0x00000000  x5:0x00000000  x6=0x00000000
       11595000	      1158	80004be4	f9f02713	slti	x14,x0,-97	  x0:0x00000000 x14=0x00000000
       11605000	      1159	80004be8	00b067b3	or	x15,x0,x11	  x0:0x00000000 x11:0x0f2c1839 x15=0x0f2c1839
       11615000	      1160	80004bec	00dfedb3	or	x27,x31,x13	 x31:0x00000529 x13:0x8e39d960 x27=0x8e39dd69
       11625000	      1161	80004bf0	44e5e713	ori	x14,x11,1102	 x11:0x0f2c1839 x14=0x0f2c1c7f
       11635000	      1162	80004bf4	02977c63	bgeu	x14,x9,80004c2c	 x14:0x0f2c1c7f  x9:0x00000000
       11645000	      1163	00000000	00000013	addi	x0,x0,0	  x0:0x00000000
       11655000	      1164	80004c28	00000013	addi	x0,x0,0	  x0:0x00000000
       11665000	      1165	80004c2c	00b10fb3	add	x31,x2,x11	  x2:0x003fff1e x11:0x0f2c1839 x31=0x0f6c1757
       11675000	      1166	80004c30	017da7b3	slt	x15,x27,x23	 x27:0x8e39dd69 x23:0x00000000 x15=0x00000001
       11685000	      1167	80004c34	47f9fb13	andi	x22,x19,1151	 x19:0x80009ed0 x22=0x00000450
       11695000	      1168	80004c38	034b1463	bne	x22,x20,80004c60	 x22:0x00000450 x20:0x00000000
       11705000	      1169	00000000	00000013	addi	x0,x0,0	  x0:0x00000000
       11715000	      1170	80004c5c	00000013	addi	x0,x0,0	  x0:0x00000000
       11725000	      1171	80004c60	03da5863	bge	x20,x29,80004c90	 x20:0x00000000 x29:0x00000000
       11735000	      1172	00000000	00000013	addi	x0,x0,0	  x0:0x00000000
       11745000	      1173	80004c8c	00000013	addi	x0,x0,0	  x0:0x00000000
       11755000	      1174	80004c90	016954b3	srl	x9,x18,x22	 x18:0xf440071e x22:0x00000450  x9=0x0000f440
       11765000	      1175	80004c94	19eecf97	auipc	x31,0x19eec	 x31=0x99ef0c90
       11775000	      1176	80004c98	01d8e663	bltu	x17,x29,80004ca4	 x17:0xf4400340 x29:0x00000000
       11785000	      1177	80004c9c	1fc1ad13	slti	x26,x3,508	  x3:0x00000000 x26=0x00000001
       11795000	      1178	80004ca0	00448e63	beq	x9,x4,80004cbc	  x9:0x0000f440  x4:0x00000001
       11805000	      1179	80004ca4	419d5b13	srai	x22,x26,0x19	 x26:0x00000001 x22=0x00000000
       11815000	      1180	80004ca8	00000013	addi	x0,x0,0	  x0:0x00000000
       11825000	      1181	80004cac	002a40b3	xor	x1,x20,x2	 x20:0x00000000  x2:0x003fff1e  x1=0x003fff1e
       11835000	      1182	80004cb0	f9593713	sltiu	x14,x18,-107	 x18:0xf440071e x14=0x00000001
       11845000	      1183	80004cb4	019ffc63	bgeu	x31,x25,80004ccc	 x31:0x99ef0c90 x25:0x00000001
       11855000	      1184	00000000	00000013	addi	x0,x0,0	  x0:0x00000000
       11865000	      1185	80004cc8	00000013	addi	x0,x0,0	  x0:0x00000000
       11875000	      1186	80004ccc	26ce3f13	sltiu	x30,x28,620	 x28:0x8f537000 x30=0x00000000
       11885000	      1187	80004cd0	10e91663	bne	x18,x14,80004ddc	 x18:0xf440071e x14:0x00000001
       11895000	      1188	00000000	00000013	addi	x0,x0,0	  x0:0x00000000
       11905000	      1189	80004dd8	00000013	addi	x0,x0,0	  x0:0x00000000
       11915000	      1190	80004ddc	c1904813	xori	x16,x0,-999	  x0:0x00000000 x16=0xfffffc19
       11925000	      1191	80004de0	03c9da63	bge	x19,x28,80004e14	 x19:0x80009ed0 x28:0x8f537000
       11935000	      1192	80004de4	03f40a63	beq	x8,x31,80004e18	  x8:0x00000000 x31:0x99ef0c90
       11945000	      1193	80004de8	00000013	addi	x0,x0,0	  x0:0x00000000
       11955000	      1194	80004dec	00960bb3	add	x23,x12,x9	 x12:0xcd057000  x9:0x0000f440 x23=0xcd066440
       11965000	      1195	80004df0	1c1f06b7	lui	x13,0x1c1f0	 x13=0x1c1f0000
       11975000	      1196	80004df4	17a7cd13	xori	x26,x15,378	 x15:0x00000001 x26=0x0000017b
       11985000	      1197	80004df8	015b9ab3	sll	x21,x23,x21	 x23:0xcd066440 x21:0xf440071e x21=0x00000000
       11995000	      1198	80004dfc	409d04b3	sub	x9,x26,x9	 x26:0x0000017b  x9:0x0000f440  x9=0xffff0d3b
       12005000	      1199	80004e00	01c86e33	or	x28,x16,x28	 x16:0xfffffc19 x28:0x8f537000 x28=0xfffffc19
       12015000	      1200	80004e04	00e38d33	add	x26,x7,x14	  x7:0x00000001 x14:0x00000001 x26=0x00000002
       12025000	      1201	80004e08	0014c4b3	xor	x9,x9,x1	  x9:0xffff0d3b  x1:0x003fff1e  x9=0xffc0f225
       12035000	      1202	80004e0c	00000013	addi	x0,x0,0	  x0:0x00000000
       12045000	      1203	80004e10	00f32fb3	slt	x31,x6,x15	  x6:0x00000000 x15:0x00000001 x31=0x00000001
       12055000	      1204	80004e14	01611d13	slli	x26,x2,0x16	  x2:0x003fff1e x26=0xc7800000
       12065000	      1205	80004e18	00f1c4b3	xor	x9,x3,x15	  x3:0x00000000 x15:0x00000001  x9=0x00000001
       12075000	      1206	80004e1c	0512f663	bgeu	x5,x17,80004e68	  x5:0x00000000 x17:0xf4400340
       12085000	      1207	80004e20	07f20713	addi	x14,x4,127	  x4:0x00000001 x14=0x00000080
       12095000	      1208	80004e24	8bc3b037	lui	x0,0x8bc3b	
       12105000	      1209	80004e28	405482b3	sub	x5,x9,x5	  x9:0x00000001  x5:0x00000000  x5=0x00000001
       12115000	      1210	80004e2c	055cc263	blt	x25,x21,80004e70	 x25:0x00000001 x21:0x00000000
       12125000	      1211	80004e30	03041c63	bne	x8,x16,80004e68	  x8:0x00000000 x16:0xfffffc19
       12135000	      1212	00000000	00000013	addi	x0,x0,0	  x0:0x00000000
       12145000	      1213	80004e64	00000013	addi	x0,x0,0	  x0:0x00000000
       12155000	      1214	80004e68	40c80b33	sub	x22,x16,x12	 x16:0xfffffc19 x12:0xcd057000 x22=0x32fa8c19
       12165000	      1215	80004e6c	00a21b33	sll	x22,x4,x10	  x4:0x00000001 x10:0x80009fc4 x22=0x00000010
       12175000	      1216	80004e70	39b27493	andi	x9,x4,923	  x4:0x00000001  x9=0x00000001
       12185000	      1217	80004e74	c654d217	auipc	x4,0xc654d	  x4=0x46551e70
       12195000	      1218	80004e78	01cd57b3	srl	x15,x26,x28	 x26:0xc7800000 x28:0xfffffc19 x15=0x00000063
       12205000	      1219	80004e7c	00000013	addi	x0,x0,0	  x0:0x00000000
       12215000	      1220	80004e80	0284f463	bgeu	x9,x8,80004ea8	  x9:0x00000001  x8:0x00000000
       12225000	      1221	00000000	00000013	addi	x0,x0,0	  x0:0x00000000
       12235000	      1222	80004ea4	00000013	addi	x0,x0,0	  x0:0x00000000
       12245000	      1223	80004ea8	40de5d33	sra	x26,x28,x13	 x28:0xfffffc19 x13:0x1c1f0000 x26=0xfffffc19
       12255000	      1224	80004eac	dd5a0d93	addi	x27,x20,-555	 x20:0x00000000 x27=0xfffffdd5
       12265000	      1225	80004eb0	01f25863	bge	x4,x31,80004ec0	  x4:0x46551e70 x31:0x00000001
       12275000	      1226	00000000	00000013	addi	x0,x0,0	  x0:0x00000000
       12285000	      1227	80004ebc	00000013	addi	x0,x0,0	  x0:0x00000000
       12295000	      1228	80004ec0	0713bc93	sltiu	x25,x7,113	  x7:0x00000001 x25=0x00000001
       12305000	      1229	80004ec4	f741ff13	andi	x30,x3,-140	  x3:0x00000000 x30=0x00000000
       12315000	      1230	80004ec8	02a20663	beq	x4,x10,80004ef4	  x4:0x46551e70 x10:0x80009fc4
       12325000	      1231	80004ecc	01fad2b3	srl	x5,x21,x31	 x21:0x00000000 x31:0x00000001  x5=0x00000000
       12335000	      1232	80004ed0	e55c8d93	addi	x27,x25,-427	 x25:0x00000001 x27=0xfffffe56
       12345000	      1233	80004ed4	35ad0493	addi	x9,x26,858	 x26:0xfffffc19  x9=0xffffff73
       12355000	      1234	80004ed8	5e2ac193	xori	x3,x21,1506	 x21:0x00000000  x3=0x000005e2
       12365000	      1235	80004edc	00b75693	srli	x13,x14,0xb	 x14:0x00000080 x13=0x00000000
       12375000	      1236	80004ee0	007da333	slt	x6,x27,x7	 x27:0xfffffe56  x7:0x00000001  x6=0x00000001
       12385000	      1237	80004ee4	009f82b3	add	x5,x31,x9	 x31:0x00000001  x9:0xffffff73  x5=0xffffff74
       12395000	      1238	80004ee8	8766f193	andi	x3,x13,-1930	 x13:0x00000000  x3=0x00000000
       12405000	      1239	80004eec	014a3133	sltu	x2,x20,x20	 x20:0x00000000 x20:0x00000000  x2=0x00000000
       12415000	      1240	80004ef0	001426b3	slt	x13,x8,x1	  x8:0x00000000  x1:0x003fff1e x13=0x00000001
       12425000	      1241	80004ef4	00632033	slt	x0,x6,x6	  x6:0x00000001  x6:0x00000001
       12435000	      1242	80004ef8	05efc063	blt	x31,x30,80004f38	 x31:0x00000001 x30:0x00000000
       12445000	      1243	80004efc	00c81333	sll	x6,x16,x12	 x16:0xfffffc19 x12:0xcd057000  x6=0xfffffc19
       12455000	      1244	80004f00	60216413	ori	x8,x2,1538	  x2:0x00000000  x8=0x00000602
       12465000	      1245	80004f04	02444a63	blt	x8,x4,80004f38	  x8:0x00000602  x4:0x46551e70
       12475000	      1246	00000000	00000013	addi	x0,x0,0	  x0:0x00000000
       12485000	      1247	80004f34	00000013	addi	x0,x0,0	  x0:0x00000000
       12495000	      1248	80004f38	0588d063	bge	x17,x24,80004f78	 x17:0xf4400340 x24:0x00000000
       12505000	      1249	80004f3c	1c7de013	ori	x0,x27,455	 x27:0xfffffe56
       12515000	      1250	80004f40	0130bf33	sltu	x30,x1,x19	  x1:0x003fff1e x19:0x80009ed0 x30=0x00000001
       12525000	      1251	80004f44	cca66037	lui	x0,0xcca66	
       12535000	      1252	80004f48	40528db3	sub	x27,x5,x5	  x5:0xffffff74  x5:0xffffff74 x27=0x00000000
       12545000	      1253	80004f4c	0534e663	bltu	x9,x19,80004f98	  x9:0xffffff73 x19:0x80009ed0
       12555000	      1254	80004f50	0124ba33	sltu	x20,x9,x18	  x9:0xffffff73 x18:0xf440071e x20=0x00000000
       12565000	      1255	80004f54	b15ca393	slti	x7,x25,-1259	 x25:0x00000001  x7=0x00000000
       12575000	      1256	80004f58	f366e917	auipc	x18,0xf366e	 x18=0x73672f54
       12585000	      1257	80004f5c	56dc6d13	ori	x26,x24,1389	 x24:0x00000000 x26=0x0000056d
       12595000	      1258	80004f60	415fd333	sra	x6,x31,x21	 x31:0x00000001 x21:0x00000000  x6=0x00000001
       12605000	      1259	80004f64	04bf1063	bne	x30,x11,80004fa4	 x30:0x00000001 x11:0x0f2c1839
       12615000	      1260	00000000	00000013	addi	x0,x0,0	  x0:0x00000000
       12625000	      1261	80004fa0	00000013	addi	x0,x0,0	  x0:0x00000000
       12635000	      1262	80004fa4	00e3df33	srl	x30,x7,x14	  x7:0x00000000 x14:0x00000080 x30=0x00000000
       12645000	      1263	80004fa8	04528663	beq	x5,x5,80004ff4	  x5:0xffffff74  x5:0xffffff74
       12655000	      1264	00000000	00000013	addi	x0,x0,0	  x0:0x00000000
       12665000	      1265	80004ff0	00000013	addi	x0,x0,0	  x0:0x00000000
       12675000	      1266	80004ff4	012490b3	sll	x1,x9,x18	  x9:0xffffff73 x18:0x73672f54  x1=0xf7300000
       12685000	      1267	80004ff8	01738f33	add	x30,x7,x23	  x7:0x00000000 x23:0xcd066440 x30=0xcd066440
       12695000	      1268	80004ffc	00000013	addi	x0,x0,0	  x0:0x00000000
       12705000	      1269	80005000	00785393	srli	x7,x16,0x7	 x16:0xfffffc19  x7=0x01fffff8
       12715000	      1270	80005004	034c0663	beq	x24,x20,80005030	 x24:0x00000000 x20:0x00000000
       12725000	      1271	00000000	00000013	addi	x0,x0,0	  x0:0x00000000
       12735000	      1272	8000502c	00000013	addi	x0,x0,0	  x0:0x00000000
       12745000	      1273	80005030	5ed9eb93	ori	x23,x19,1517	 x19:0x80009ed0 x23=0x80009ffd
       12755000	      1274	80005034	008d1e33	sll	x28,x26,x8	 x26:0x0000056d  x8:0x00000602 x28=0x000015b4
       12765000	      1275	80005038	008f4b33	xor	x22,x30,x8	 x30:0xcd066440  x8:0x00000602 x22=0xcd066242
       12775000	      1276	8000503c	01ddf133	and	x2,x27,x29	 x27:0x00000000 x29:0x00000000  x2=0x00000000
       12785000	      1277	80005040	00d70db3	add	x27,x14,x13	 x14:0x00000080 x13:0x00000001 x27=0x00000081
       12795000	      1278	80005044	0064cc63	blt	x9,x6,8000505c	  x9:0xffffff73  x6:0x00000001
       12805000	      1279	00000000	00000013	addi	x0,x0,0	  x0:0x00000000
       12815000	      1280	80005058	00000013	addi	x0,x0,0	  x0:0x00000000
       12825000	      1281	8000505c	01644e63	blt	x8,x22,80005078	  x8:0x00000602 x22:0xcd066242
       12835000	      1282	80005060	41dcd593	srai	x11,x25,0x1d	 x25:0x00000001 x11=0x00000000
       12845000	      1283	80005064	02dae263	bltu	x21,x13,80005088	 x21:0x00000000 x13:0x00000001
       12855000	      1284	00000000	00000013	addi	x0,x0,0	  x0:0x00000000
       12865000	      1285	80005084	00000013	addi	x0,x0,0	  x0:0x00000000
       12875000	      1286	80005088	0018f463	bgeu	x17,x1,80005090	 x17:0xf4400340  x1:0xf7300000
       12885000	      1287	8000508c	bb422f13	slti	x30,x4,-1100	  x4:0x46551e70 x30=0x00000000
       12895000	      1288	80005090	01f31ab3	sll	x21,x6,x31	  x6:0x00000001 x31:0x00000001 x21=0x00000002
       12905000	      1289	80005094	0049a083	lw	x1,4(x19)	 x19:0x80009ed0  x1=0x8000517c PA:0x80009ed4
       12915000	      1290	80005098	0151ff33	and	x30,x3,x21	  x3:0x00000000 x21:0x00000002 x30=0x00000000
       12925000	      1291	8000509c	03c98993	addi	x19,x19,60	 x19:0x80009ed0 x19=0x80009f0c
       12935000	      1292	800050a0	0095af33	slt	x30,x11,x9	 x11:0x00000000  x9:0xffffff73 x30=0x00000000
       12945000	      1293	800050a4	00bfda33	srl	x20,x31,x11	 x31:0x00000001 x11:0x00000000 x20=0x00000001
       12955000	      1294	800050a8	00008613	addi	x12,x1,0	  x1:0x8000517c x12=0x8000517c
       12965000	      1295	800050ac	00060667	jalr	x12,x12,0	 x12:0x8000517c x12=0x800050ac
       12975000	      1296	00000000	00000013	addi	x0,x0,0	  x0:0x00000000
       12985000	      1297	8000517c	00000013	addi	x0,x0,0	  x0:0x00000000
       12995000	      1298	80005180	00003b97	auipc	x23,0x3	 x23=0x8000817c
       13005000	      1299	80005184	0f7b8b93	addi	x23,x23,247	 x23:0x8000817c x23=0x80008273
       13015000	      1300	80005188	45ec76b7	lui	x13,0x45ec7	 x13=0x45ec7000
       13025000	      1301	8000518c	000d9db3	sll	x27,x27,x0	 x27:0x00000081  x0:0x00000000 x27=0x00000081
       13035000	      1302	80005190	00dbda83	lhu	x21,13(x23)	 x23:0x80008273 x21=0x00003a3b PA:0x80008280
       13045000	      1303	80005194	fedbaf03	lw	x30,-19(x23)	 x23:0x80008273 x30=0x18191a1b PA:0x80008260
       13055000	      1304	80005198	00d36d33	or	x26,x6,x13	  x6:0x00000001 x13:0x45ec7000 x26=0x45ec7001
       13065000	      1305	8000519c	ff3bd483	lhu	x9,-13(x23)	 x23:0x80008273  x9=0x00001c1d PA:0x80008266
       13075000	      1306	00000000	00000013	addi	x0,x0,0	  x0:0x00000000
       13085000	      1307	800051a0	c8848717	auipc	x14,0xc8848	 x14=0x4884d19c
       13095000	      1308	800051a4	03fb8ea3	sb	x31,61(x23)	 x23:0x80008273 x31:0x00000001 PA:0x800082b0
       13105000	      1309	800051a8	00e09a13	slli	x20,x1,0xe	  x1:0x8000517c x20=0x145f0000
       13115000	      1310	800051ac	5e2e4e13	xori	x28,x28,1506	 x28:0x000015b4 x28=0x00001056
       13125000	      1311	800051b0	85324793	xori	x15,x4,-1965	  x4:0x46551e70 x15=0xb9aae623
       13135000	      1312	800051b4	f7eb8183	lb	x3,-130(x23)	 x23:0x80008273  x3=0xffffffaa PA:0x800081f1
       13145000	      1313	800051b8	01a9e633	or	x12,x19,x26	 x19:0x80009f0c x26:0x45ec7001 x12=0xc5ecff0d
       13155000	      1314	800051bc	f2eb95a3	sh	x14,-213(x23)	 x23:0x80008273 x14:0x4884d19c PA:0x8000819e
       13165000	      1315	800051c0	fdfb8023	sb	x31,-64(x23)	 x23:0x80008273 x31:0x00000001 PA:0x80008233
       13175000	      1316	800051c4	00d5c793	xori	x15,x11,13	 x11:0x00000000 x15=0x0000000d
       13185000	      1317	800051c8	02c26b13	ori	x22,x4,44	  x4:0x46551e70 x22=0x46551e7c
       13195000	      1318	800051cc	34688913	addi	x18,x17,838	 x17:0xf4400340 x18=0xf4400686
       13205000	      1319	800051d0	0efb9ea3	sh	x15,253(x23)	 x23:0x80008273 x15:0x0000000d PA:0x80008370
       13215000	      1320	800051d4	096b8423	sb	x22,136(x23)	 x23:0x80008273 x22:0x46551e7c PA:0x800082fb
       13225000	      1321	800051d8	ae246613	ori	x12,x8,-1310	  x8:0x00000602 x12=0xfffffee2
       13235000	      1322	800051dc	f31b9583	lh	x11,-207(x23)	 x23:0x80008273 x11=0x00005e5f PA:0x800081a4
       13245000	      1323	800051e0	9ed737b7	lui	x15,0x9ed73	 x15=0x9ed73000
       13255000	      1324	800051e4	4058d193	srai	x3,x17,0x5	 x17:0xf4400340  x3=0xffa2001a
       13265000	      1325	800051e8	fa2b8783	lb	x15,-94(x23)	 x23:0x80008273 x15=0xffffffce PA:0x80008215
       13275000	      1326	800051ec	f69bc283	lbu	x5,-151(x23)	 x23:0x80008273  x5=0x00000097 PA:0x800081dc
       13285000	      1327	800051f0	8c7970b7	lui	x1,0x8c797	  x1=0x8c797000
       13295000	      1328	800051f4	0163f233	and	x4,x7,x22	  x7:0x01fffff8 x22:0x46551e7c  x4=0x00551e78
       13305000	      1329	800051f8	01a24db3	xor	x27,x4,x26	  x4:0x00551e78 x26:0x45ec7001 x27=0x45b96e79
       13315000	      1330	800051fc	c6bfea93	ori	x21,x31,-917	 x31:0x00000001 x21=0xfffffc6b
       13325000	      1331	80005200	00070933	add	x18,x14,x0	 x14:0x4884d19c  x0:0x00000000 x18=0x4884d19c
       13335000	      1332	80005204	000e1493	slli	x9,x28,0x0	 x28:0x00001056  x9=0x00001056
       13345000	      1333	80005208	b50cef93	ori	x31,x25,-1200	 x25:0x00000001 x31=0xfffffb51
       13355000	      1334	8000520c	01cbcf83	lbu	x31,28(x23)	 x23:0x80008273 x31=0x00000044 PA:0x8000828f
       13365000	      1335	80005210	082b8a83	lb	x21,130(x23)	 x23:0x80008273 x21=0xffffffae PA:0x800082f5
       13375000	      1336	80005214	4312c213	xori	x4,x5,1073	  x5:0x00000097  x4=0x000004a6
       13385000	      1337	80005218	31b43793	sltiu	x15,x8,795	  x8:0x00000602 x15=0x00000000
       13395000	      1338	8000521c	c8212313	slti	x6,x2,-894	  x2:0x00000000  x6=0x00000000
       13405000	      1339	80005220	03ebcc03	lbu	x24,62(x23)	 x23:0x80008273 x24=0x0000006a PA:0x800082b1
       13415000	      1340	80005224	009bcd03	lbu	x26,9(x23)	 x23:0x80008273 x26=0x00000037 PA:0x8000827c
       13425000	      1341	80005228	00f0fcb3	and	x25,x1,x15	  x1:0x8c797000 x15:0x00000000 x25=0x00000000
       13435000	      1342	8000522c	00ae1ab3	sll	x21,x28,x10	 x28:0x00001056 x10:0x80009fc4 x21=0x00010560
       13445000	      1343	80005230	0b9ba203	lw	x4,185(x23)	 x23:0x80008273  x4=0xe4e5e6e7 PA:0x8000832c
       13455000	      1344	80005234	002ff733	and	x14,x31,x2	 x31:0x00000044  x2:0x00000000 x14=0x00000000
       13465000	      1345	80005238	04bb9403	lh	x8,75(x23)	 x23:0x80008273  x8=0x00000000 PA:0x800082be
       13475000	      1346	00000000	00000013	addi	x0,x0,0	  x0:0x00000000
       13485000	      1347	8000523c	01f44db3	xor	x27,x8,x31	  x8:0x00000000 x31:0x00000044 x27=0x00000044
       13495000	      1348	80005240	4a38b293	sltiu	x5,x17,1187	 x17:0xf4400340  x5=0x00000000
       13505000	      1349	80005244	95633313	sltiu	x6,x6,-1706	  x6:0x00000000  x6=0x00000001
       13515000	      1350	80005248	0ec37813	andi	x16,x6,236	  x6:0x00000001 x16=0x00000000
       13525000	      1351	8000524c	41f3da93	srai	x21,x7,0x1f	  x7:0x01fffff8 x21=0x00000000
       13535000	      1352	80005250	402b5133	sra	x2,x22,x2	 x22:0x46551e7c  x2:0x00000000  x2=0x46551e7c
       13545000	      1353	80005254	417e5793	srai	x15,x28,0x17	 x28:0x00001056 x15=0x00000000
       13555000	      1354	80005258	03d3f463	bgeu	x7,x29,80005280	  x7:0x01fffff8 x29:0x00000000
       13565000	      1355	00000000	00000013	addi	x0,x0,0	  x0:0x00000000
       13575000	      1356	8000527c	00000013	addi	x0,x0,0	  x0:0x00000000
       13585000	      1357	80005280	4041dd13	srai	x26,x3,0x4	  x3:0xffa2001a x26=0xfffa2001
       13595000	      1358	80005284	01df55b3	srl	x11,x30,x29	 x30:0x18191a1b x29:0x00000000 x11=0x18191a1b
       13605000	      1359	80005288	01ec7c33	and	x24,x24,x30	 x24:0x0000006a x30:0x18191a1b x24=0x0000000a
       13615000	      1360	8000528c	00004197	auipc	x3,0x4	  x3=0x80009288
       13625000	      1361	80005290	c8e18193	addi	x3,x3,-882	  x3:0x80009288  x3=0x80008f16
       13635000	      1362	80005294	01e4e133	or	x2,x9,x30	  x9:0x00001056 x30:0x18191a1b  x2=0x18191a5f
       13645000	      1363	80005298	415ddf93	srai	x31,x27,0x15	 x27:0x00000044 x31=0x00000000
       13655000	      1364	8000529c	0007eab3	or	x21,x15,x0	 x15:0x00000000  x0:0x00000000 x21=0x00000000
       13665000	      1365	800052a0	fd118e03	lb	x28,-47(x3)	  x3:0x80008f16 x28=0xffffffcc PA:0x80008ee7
       13675000	      1366	800052a4	fcc19783	lh	x15,-52(x3)	  x3:0x80008f16 x15=0xffffc8c9 PA:0x80008ee2
       13685000	      1367	800052a8	0201d783	lhu	x15,32(x3)	  x3:0x80008f16 x15=0x00001c1d PA:0x80008f36
       13695000	      1368	800052ac	03618d23	sb	x22,58(x3)	  x3:0x80008f16 x22:0x46551e7c PA:0x80008f50
       13705000	      1369	800052b0	fe61c283	lbu	x5,-26(x3)	  x3:0x80008f16  x5=0x000000e7 PA:0x80008efc
       13715000	      1370	800052b4	0151cc83	lbu	x25,21(x3)	  x3:0x80008f16 x25=0x00000010 PA:0x80008f2b
       13725000	      1371	800052b8	18e6c293	xori	x5,x13,398	 x13:0x45ec7000  x5=0x45ec718e
       13735000	      1372	800052bc	01b09db3	sll	x27,x1,x27	  x1:0x8c797000 x27:0x00000044 x27=0xc7970000
       13745000	      1373	800052c0	642c1eb7	lui	x29,0x642c1	 x29=0x642c1000
       13755000	      1374	800052c4	d8aefcb7	lui	x25,0xd8aef	 x25=0xd8aef000
       13765000	      1375	800052c8	f402c313	xori	x6,x5,-192	  x5:0x45ec718e  x6=0xba138ece
       13775000	      1376	800052cc	02f18803	lb	x16,47(x3)	  x3:0x80008f16 x16=0x0000002e PA:0x80008f45
       13785000	      1377	800052d0	fc618ea3	sb	x6,-35(x3)	  x3:0x80008f16  x6:0xba138ece PA:0x80008ef3
       13795000	      1378	800052d4	029182a3	sb	x9,37(x3)	  x3:0x80008f16  x9:0x00001056 PA:0x80008f3b
       13805000	      1379	800052d8	0121afb3	slt	x31,x3,x18	  x3:0x80008f16 x18:0x4884d19c x31=0x00000001
       13815000	      1380	800052dc	65720f93	addi	x31,x4,1623	  x4:0xe4e5e6e7 x31=0xe4e5ed3e
       13825000	      1381	800052e0	5ffaaf93	slti	x31,x21,1535	 x21:0x00000000 x31=0x00000001
       13835000	      1382	800052e4	75cac393	xori	x7,x21,1884	 x21:0x00000000  x7=0x0000075c
       13845000	      1383	800052e8	02a180a3	sb	x10,33(x3)	  x3:0x80008f16 x10:0x80009fc4 PA:0x80008f37
       13855000	      1384	800052ec	fcb18d83	lb	x27,-53(x3)	  x3:0x80008f16 x27=0xffffffca PA:0x80008ee1
       13865000	      1385	800052f0	40e2d2b3	sra	x5,x5,x14	  x5:0x45ec718e x14:0x00000000  x5=0x45ec718e
       13875000	      1386	800052f4	01f17333	and	x6,x2,x31	  x2:0x18191a5f x31:0x00000001  x6=0x00000001
       13885000	      1387	800052f8	019d1663	bne	x26,x25,80005304	 x26:0xfffa2001 x25:0xd8aef000
       13895000	      1388	00000000	00000013	addi	x0,x0,0	  x0:0x00000000
       13905000	      1389	80005300	00000013	addi	x0,x0,0	  x0:0x00000000
       13915000	      1390	80005304	be761797	auipc	x15,0xbe761	 x15=0x3e766300
       13925000	      1391	80005308	8ed7e393	ori	x7,x15,-1811	 x15:0x3e766300  x7=0xfffffbed
       13935000	      1392	8000530c	01a81f93	slli	x31,x16,0x1a	 x16:0x0000002e x31=0xb8000000
       13945000	      1393	80005310	dee6af13	slti	x30,x13,-530	 x13:0x45ec7000 x30=0x00000000
       13955000	      1394	80005314	00addc33	srl	x24,x27,x10	 x27:0xffffffca x10:0x80009fc4 x24=0x0ffffffc
       13965000	      1395	80005318	007807b3	add	x15,x16,x7	 x16:0x0000002e  x7:0xfffffbed x15=0xfffffc1b
       13975000	      1396	8000531c	011a9a63	bne	x21,x17,80005330	 x21:0x00000000 x17:0xf4400340
       13985000	      1397	00000000	00000013	addi	x0,x0,0	  x0:0x00000000
       13995000	      1398	8000532c	00000013	addi	x0,x0,0	  x0:0x00000000
       14005000	      1399	80005330	00000013	addi	x0,x0,0	  x0:0x00000000
       14015000	      1400	80005334	598b7613	andi	x12,x22,1432	 x22:0x46551e7c x12=0x00000418
       14025000	      1401	80005338	00a957b3	srl	x15,x18,x10	 x18:0x4884d19c x10:0x80009fc4 x15=0x04884d19
       14035000	      1402	8000533c	014a3433	sltu	x8,x20,x20	 x20:0x145f0000 x20:0x145f0000  x8=0x00000000
       14045000	      1403	80005340	f77115b7	lui	x11,0xf7711	 x11=0xf7711000
       14055000	      1404	80005344	024a0663	beq	x20,x4,80005370	 x20:0x145f0000  x4:0xe4e5e6e7
       14065000	      1405	80005348	01bd8a63	beq	x27,x27,8000535c	 x27:0xffffffca x27:0xffffffca
       14075000	      1406	00000000	00000013	addi	x0,x0,0	  x0:0x00000000
       14085000	      1407	80005358	00000013	addi	x0,x0,0	  x0:0x00000000
       14095000	      1408	8000535c	006f2733	slt	x14,x30,x6	 x30:0x00000000  x6:0x00000001 x14=0x00000001
       14105000	      1409	80005360	403c5793	srai	x15,x24,0x3	 x24:0x0ffffffc x15=0x01ffffff
       14115000	      1410	80005364	013c3cb3	sltu	x25,x24,x19	 x24:0x0ffffffc x19:0x80009f0c x25=0x00000001
       14125000	      1411	80005368	001ec133	xor	x2,x29,x1	 x29:0x642c1000  x1:0x8c797000  x2=0xe8556000
       14135000	      1412	8000536c	01bb5613	srli	x12,x22,0x1b	 x22:0x46551e7c x12=0x00000008
       14145000	      1413	80005370	6dd64037	lui	x0,0x6dd64	
       14155000	      1414	80005374	01f07d33	and	x26,x0,x31	  x0:0x00000000 x31:0xb8000000 x26=0x00000000
       14165000	      1415	80005378	01cbfa63	bgeu	x23,x28,8000538c	 x23:0x80008273 x28:0xffffffcc
       14175000	      1416	8000537c	00573ab3	sltu	x21,x14,x5	 x14:0x00000001  x5:0x45ec718e x21=0x00000001
       14185000	      1417	80005380	0155c0b3	xor	x1,x11,x21	 x11:0xf7711000 x21:0x00000001  x1=0xf7711001
       14195000	      1418	80005384	00000013	addi	x0,x0,0	  x0:0x00000000
       14205000	      1419	80005388	017e1013	slli	x0,x28,0x17	 x28:0xffffffcc
       14215000	      1420	8000538c	0176ec63	bltu	x13,x23,800053a4	 x13:0x45ec7000 x23:0x80008273
       14225000	      1421	00000000	00000013	addi	x0,x0,0	  x0:0x00000000
       14235000	      1422	800053a0	00000013	addi	x0,x0,0	  x0:0x00000000
       14245000	      1423	800053a4	01feab33	slt	x22,x29,x31	 x29:0x642c1000 x31:0xb8000000 x22=0x00000000
       14255000	      1424	800053a8	01b67c33	and	x24,x12,x27	 x12:0x00000008 x27:0xffffffca x24=0x00000008
       14265000	      1425	800053ac	01a42a33	slt	x20,x8,x26	  x8:0x00000000 x26:0x00000000 x20=0x00000000
       14275000	      1426	800053b0	007ffa33	and	x20,x31,x7	 x31:0xb8000000  x7:0xfffffbed x20=0xb8000000
       14285000	      1427	800053b4	00016633	or	x12,x2,x0	  x2:0xe8556000  x0:0x00000000 x12=0xe8556000
       14295000	      1428	800053b8	0083dfb3	srl	x31,x7,x8	  x7:0xfffffbed  x8:0x00000000 x31=0xfffffbed
       14305000	      1429	800053bc	521eeb37	lui	x22,0x521ee	 x22=0x521ee000
       14315000	      1430	800053c0	9e03c113	xori	x2,x7,-1568	  x7:0xfffffbed  x2=0x0000020d
       14325000	      1431	800053c4	016a6f33	or	x30,x20,x22	 x20:0xb8000000 x22:0x521ee000 x30=0xfa1ee000
       14335000	      1432	800053c8	00a1e4b3	or	x9,x3,x10	  x3:0x80008f16 x10:0x80009fc4  x9=0x80009fd6
       14345000	      1433	800053cc	40f753b3	sra	x7,x14,x15	 x14:0x00000001 x15:0x01ffffff  x7=0x00000000
       14355000	      1434	800053d0	007b14b3	sll	x9,x22,x7	 x22:0x521ee000  x7:0x00000000  x9=0x521ee000
       14365000	      1435	800053d4	00cac633	xor	x12,x21,x12	 x21:0x00000001 x12:0xe8556000 x12=0xe8556001
       14375000	      1436	800053d8	c87e6913	ori	x18,x28,-889	 x28:0xffffffcc x18=0xffffffcf
       14385000	      1437	800053dc	416bd5b3	sra	x11,x23,x22	 x23:0x80008273 x22:0x521ee000 x11=0x80008273
       14395000	      1438	800053e0	ad1baf97	auipc	x31,0xad1ba	 x31=0x2d1bf3dc
       14405000	      1439	800053e4	e9bd0f37	lui	x30,0xe9bd0	 x30=0xe9bd0000
       14415000	      1440	800053e8	c8e12113	slti	x2,x2,-882	  x2:0x0000020d  x2=0x00000000
       14425000	      1441	800053ec	00a3c833	xor	x16,x7,x10	  x7:0x00000000 x10:0x80009fc4 x16=0x80009fc4
       14435000	      1442	800053f0	53e0bc13	sltiu	x24,x1,1342	  x1:0xf7711001 x24=0x00000000
       14445000	      1443	800053f4	00000013	addi	x0,x0,0	  x0:0x00000000
       14455000	      1444	800053f8	eeeb2737	lui	x14,0xeeeb2	 x14=0xeeeb2000
       14465000	      1445	800053fc	6d233f17	auipc	x30,0x6d233	 x30=0xed2383f8
       14475000	      1446	80005400	00af6733	or	x14,x30,x10	 x30:0xed2383f8 x10:0x80009fc4 x14=0xed239ffc
       14485000	      1447	80005404	1563e597	auipc	x11,0x1563e	 x11=0x95643400
       14495000	      1448	80005408	e8633337	lui	x6,0xe8633	  x6=0xe8633000
       14505000	      1449	8000540c	01a5e133	or	x2,x11,x26	 x11:0x95643400 x26:0x00000000  x2=0x95643400
       14515000	      1450	80005410	b91eb393	sltiu	x7,x29,-1135	 x29:0x642c1000  x7=0x00000001
       14525000	      1451	80005414	41ad8633	sub	x12,x27,x26	 x27:0xffffffca x26:0x00000000 x12=0xffffffca
       14535000	      1452	80005418	5943a337	lui	x6,0x5943a	  x6=0x5943a000
       14545000	      1453	8000541c	40aad693	srai	x13,x21,0xa	 x21:0x00000001 x13=0x00000000
       14555000	      1454	80005420	e07c8d93	addi	x27,x25,-505	 x25:0x00000001 x27=0xfffffe08
       14565000	      1455	80005424	01601c33	sll	x24,x0,x22	  x0:0x00000000 x22:0x521ee000 x24=0x00000000
       14575000	      1456	80005428	00892633	slt	x12,x18,x8	 x18:0xffffffcf  x8:0x00000000 x12=0x00000001
       14585000	      1457	8000542c	3624b493	sltiu	x9,x9,866	  x9:0x521ee000  x9=0x00000000
       14595000	      1458	80005430	01b31b93	slli	x23,x6,0x1b	  x6:0x5943a000 x23=0x00000000
       14605000	      1459	80005434	00157433	and	x8,x10,x1	 x10:0x80009fc4  x1:0xf7711001  x8=0x80001000
       14615000	      1460	80005438	2724c237	lui	x4,0x2724c	  x4=0x2724c000
       14625000	      1461	8000543c	65e42913	slti	x18,x8,1630	  x8:0x80001000 x18=0x00000001
       14635000	      1462	80005440	01aada33	srl	x20,x21,x26	 x21:0x00000001 x26:0x00000000 x20=0x00000001
       14645000	      1463	80005444	418d5493	srai	x9,x26,0x18	 x26:0x00000000  x9=0x00000000
       14655000	      1464	80005448	00cad4b3	srl	x9,x21,x12	 x21:0x00000001 x12:0x00000001  x9=0x00000000
       14665000	      1465	8000544c	07120a63	beq	x4,x17,800054c0	  x4:0x2724c000 x17:0xf4400340
       14675000	      1466	80005450	00f4f433	and	x8,x9,x15	  x9:0x00000000 x15:0x01ffffff  x8=0x00000000
       14685000	      1467	80005454	046bbf13	sltiu	x30,x23,70	 x23:0x00000000 x30=0x00000001
       14695000	      1468	80005458	01ac3ab3	sltu	x21,x24,x26	 x24:0x00000000 x26:0x00000000 x21=0x00000000
       14705000	      1469	8000545c	01d2afb3	slt	x31,x5,x29	  x5:0x45ec718e x29:0x642c1000 x31=0x00000001
       14715000	      1470	80005460	038e7063	bgeu	x28,x24,80005480	 x28:0xffffffcc x24:0x00000000
       14725000	      1471	00000000	00000013	addi	x0,x0,0	  x0:0x00000000
       14735000	      1472	8000547c	00000013	addi	x0,x0,0	  x0:0x00000000
       14745000	      1473	80005480	08721037	lui	x0,0x8721	
       14755000	      1474	80005484	730d30b7	lui	x1,0x730d3	  x1=0x730d3000
       14765000	      1475	80005488	8d44c793	xori	x15,x9,-1836	  x9:0x00000000 x15=0xfffff8d4
       14775000	      1476	8000548c	84cbdc37	lui	x24,0x84cbd	 x24=0x84cbd000
       14785000	      1477	80005490	01f65eb3	srl	x29,x12,x31	 x12:0x00000001 x31:0x00000001 x29=0x00000000
       14795000	      1478	80005494	00b11333	sll	x6,x2,x11	  x2:0x95643400 x11:0x95643400  x6=0x95643400
       14805000	      1479	80005498	002ac5b3	xor	x11,x21,x2	 x21:0x00000000  x2:0x95643400 x11=0x95643400
       14815000	      1480	8000549c	fffff717	auipc	x14,0xfffff	 x14=0x80004498
       14825000	      1481	800054a0	a0470713	addi	x14,x14,-1532	 x14:0x80004498 x14=0x80003e9c
       14835000	      1482	800054a4	21bd0b13	addi	x22,x26,539	 x26:0x00000000 x22=0x0000021b
       14845000	      1483	800054a8	3e470713	addi	x14,x14,996	 x14:0x80003e9c x14=0x80004280
       14855000	      1484	800054ac	00cc70b3	and	x1,x24,x12	 x24:0x84cbd000 x12:0x00000001  x1=0x00000000
       14865000	      1485	800054b0	c1d700e7	jalr	x1,x14,-995	 x14:0x80004280  x1=0x800054b0
       14875000	      1486	00000000	00000013	addi	x0,x0,0	  x0:0x00000000
       14885000	      1487	80003e9c	00000013	addi	x0,x0,0	  x0:0x00000000
       14895000	      1488	80003ea0	fc098993	addi	x19,x19,-64	 x19:0x80009f0c x19=0x80009ecc
       14905000	      1489	80003ea4	4038dc93	srai	x25,x17,0x3	 x17:0xf4400340 x25=0xfe880068
       14915000	      1490	80003ea8	fe232f93	slti	x31,x6,-30	  x6:0x95643400 x31=0x00000001
       14925000	      1491	80003eac	0019a223	sw	x1,4(x19)	 x19:0x80009ecc  x1:0x800054b0 PA:0x80009ed0
       14935000	      1492	80003eb0	01af11b3	sll	x3,x30,x26	 x30:0x00000001 x26:0x00000000  x3=0x00000001
       14945000	      1493	80003eb4	46b86197	auipc	x3,0x46b86	  x3=0xc6b89eb0
       14955000	      1494	80003eb8	ece5cd13	xori	x26,x11,-306	 x11:0x95643400 x26=0x6a9bcace
       14965000	      1495	80003ebc	46b28d93	addi	x27,x5,1131	  x5:0x45ec718e x27=0x45ec75f9
       14975000	      1496	80003ec0	03930663	beq	x6,x25,80003eec	  x6:0x95643400 x25:0xfe880068
       14985000	      1497	80003ec4	01cff0b3	and	x1,x31,x28	 x31:0x00000001 x28:0xffffffcc  x1=0x00000000
       14995000	      1498	80003ec8	0133ab33	slt	x22,x7,x19	  x7:0x00000001 x19:0x80009ecc x22=0x00000000
       15005000	      1499	80003ecc	01789093	slli	x1,x17,0x17	 x17:0xf4400340  x1=0xa0000000
       15015000	      1500	80003ed0	00cee5b3	or	x11,x29,x12	 x29:0x00000000 x12:0x00000001 x11=0x00000001
       15025000	      1501	80003ed4	9c5fe793	ori	x15,x31,-1595	 x31:0x00000001 x15=0xfffff9c5
       15035000	      1502	80003ed8	92522793	slti	x15,x4,-1755	  x4:0x2724c000 x15=0x00000000
       15045000	      1503	80003edc	03ff7e63	bgeu	x30,x31,80003f18	 x30:0x00000001 x31:0x00000001
       15055000	      1504	00000000	00000013	addi	x0,x0,0	  x0:0x00000000
       15065000	      1505	80003f14	00000013	addi	x0,x0,0	  x0:0x00000000
       15075000	      1506	80003f18	53842913	slti	x18,x8,1336	  x8:0x00000000 x18=0x00000001
       15085000	      1507	80003f1c	8410d137	lui	x2,0x8410d	  x2=0x8410d000
       15095000	      1508	80003f20	d194bc93	sltiu	x25,x9,-743	  x9:0x00000000 x25=0x00000001
       15105000	      1509	80003f24	71682a93	slti	x21,x16,1814	 x16:0x80009fc4 x21=0x00000001
       15115000	      1510	80003f28	01827663	bgeu	x4,x24,80003f34	  x4:0x2724c000 x24:0x84cbd000
       15125000	      1511	80003f2c	01c2fd33	and	x26,x5,x28	  x5:0x45ec718e x28:0xffffffcc x26=0x45ec718c
       15135000	      1512	80003f30	00139133	sll	x2,x7,x1	  x7:0x00000001  x1:0xa0000000  x2=0x00000001
       15145000	      1513	80003f34	f1d62a93	slti	x21,x12,-227	 x12:0x00000001 x21=0x00000000
       15155000	      1514	80003f38	2362cc17	auipc	x24,0x2362c	 x24=0xa362ff34
       15165000	      1515	80003f3c	0041a7b3	slt	x15,x3,x4	  x3:0xc6b89eb0  x4:0x2724c000 x15=0x00000001
       15175000	      1516	80003f40	ee6def13	ori	x30,x27,-282	 x27:0x45ec75f9 x30=0xffffffff
       15185000	      1517	80003f44	01f6d263	bge	x13,x31,80003f48	 x13:0x00000000 x31:0x00000001
       15195000	      1518	80003f48	e090b213	sltiu	x4,x1,-503	  x1:0xa0000000  x4=0x00000001
       15205000	      1519	80003f4c	005af733	and	x14,x21,x5	 x21:0x00000000  x5:0x45ec718e x14=0x00000000
       15215000	      1520	80003f50	fff86293	ori	x5,x16,-1	 x16:0x80009fc4  x5=0xffffffff
       15225000	      1521	80003f54	50f47597	auipc	x11,0x50f47	 x11=0xd0f4af50
       15235000	      1522	80003f58	3c778a93	addi	x21,x15,967	 x15:0x00000001 x21=0x000003c8
       15245000	      1523	80003f5c	4bfcf0b7	lui	x1,0x4bfcf	  x1=0x4bfcf000
       15255000	      1524	80003f60	01559cb3	sll	x25,x11,x21	 x11:0xd0f4af50 x21:0x000003c8 x25=0xf4af5000
       15265000	      1525	80003f64	3291fb13	andi	x22,x3,809	  x3:0xc6b89eb0 x22=0x00000220
       15275000	      1526	80003f68	0049a083	lw	x1,4(x19)	 x19:0x80009ecc  x1=0x800054b0 PA:0x80009ed0
       15285000	      1527	80003f6c	04098993	addi	x19,x19,64	 x19:0x80009ecc x19=0x80009f0c
       15295000	      1528	80003f70	d3d3c793	xori	x15,x7,-707	  x7:0x00000001 x15=0xfffffd3c
       15305000	      1529	80003f74	0ff5f493	andi	x9,x11,255	 x11:0xd0f4af50  x9=0x00000050
       15315000	      1530	80003f78	d3932393	slti	x7,x6,-711	  x6:0x95643400  x7=0x00000001
       15325000	      1531	80003f7c	3e8d8c93	addi	x25,x27,1000	 x27:0x45ec75f9 x25=0x45ec79e1
       15335000	      1532	80003f80	41c55913	srai	x18,x10,0x1c	 x10:0x80009fc4 x18=0xfffffff8
       15345000	      1533	80003f84	00008293	addi	x5,x1,0	  x1:0x800054b0  x5=0x800054b0
       15355000	      1534	80003f88	000282e7	jalr	x5,x5,0	  x5:0x800054b0  x5=0x80003f88
       15365000	      1535	00000000	00000013	addi	x0,x0,0	  x0:0x00000000
       15375000	      1536	800054b0	00000013	addi	x0,x0,0	  x0:0x00000000
       15385000	      1537	800054b4	7091fe93	andi	x29,x3,1801	  x3:0xc6b89eb0 x29=0x00000600
       15395000	      1538	800054b8	002d6033	or	x0,x26,x2	 x26:0x45ec718c  x2:0x00000001
       15405000	      1539	800054bc	001db6b3	sltu	x13,x27,x1	 x27:0x45ec75f9  x1:0x800054b0 x13=0x00000001
       15415000	      1540	800054c0	00219633	sll	x12,x3,x2	  x3:0xc6b89eb0  x2:0x00000001 x12=0x8d713d60
       15425000	      1541	800054c4	409bda33	sra	x20,x23,x9	 x23:0x00000000  x9:0x00000050 x20=0x00000000
       15435000	      1542	800054c8	02741a63	bne	x8,x7,800054fc	  x8:0x00000000  x7:0x00000001
       15445000	      1543	00000000	00000013	addi	x0,x0,0	  x0:0x00000000
       15455000	      1544	800054f8	00000013	addi	x0,x0,0	  x0:0x00000000
       15465000	      1545	800054fc	01452233	slt	x4,x10,x20	 x10:0x80009fc4 x20:0x00000000  x4=0x00000001
       15475000	      1546	80005500	407ad693	srai	x13,x21,0x7	 x21:0x000003c8 x13=0x00000007
       15485000	      1547	80005504	b84dc597	auipc	x11,0xb84dc	 x11=0x384e1500
       15495000	      1548	80005508	01eaa5b3	slt	x11,x21,x30	 x21:0x000003c8 x30:0xffffffff x11=0x00000000
       15505000	      1549	8000550c	014fa3b3	slt	x7,x31,x20	 x31:0x00000001 x20:0x00000000  x7=0x00000000
       15515000	      1550	80005510	011afe63	bgeu	x21,x17,8000552c	 x21:0x000003c8 x17:0xf4400340
       15525000	      1551	80005514	01b48e33	add	x28,x9,x27	  x9:0x00000050 x27:0x45ec75f9 x28=0x45ec7649
       15535000	      1552	80005518	00000013	addi	x0,x0,0	  x0:0x00000000
       15545000	      1553	8000551c	c9edaf93	slti	x31,x27,-866	 x27:0x45ec75f9 x31=0x00000000
       15555000	      1554	80005520	84d3c093	xori	x1,x7,-1971	  x7:0x00000000  x1=0xfffff84d
       15565000	      1555	80005524	e4c67d13	andi	x26,x12,-436	 x12:0x8d713d60 x26=0x8d713c40
       15575000	      1556	80005528	011e5263	bge	x28,x17,8000552c	 x28:0x45ec7649 x17:0xf4400340
       15585000	      1557	00000000	00000013	addi	x0,x0,0	  x0:0x00000000
       15595000	      1558	80005528	00000013	addi	x0,x0,0	  x0:0x00000000
       15605000	      1559	8000552c	e9b33293	sltiu	x5,x6,-357	  x6:0x95643400  x5=0x00000001
       15615000	      1560	80005530	39e0d497	auipc	x9,0x39e0d	  x9=0xb9e1252c
       15625000	      1561	80005534	0060cab3	xor	x21,x1,x6	  x1:0xfffff84d  x6:0x95643400 x21=0x6a9bcc4d
       15635000	      1562	80005538	01bf62b3	or	x5,x30,x27	 x30:0xffffffff x27:0x45ec75f9  x5=0xffffffff
       15645000	      1563	8000553c	01f45293	srli	x5,x8,0x1f	  x8:0x00000000  x5=0x00000000
       15655000	      1564	80005540	8f46cd13	xori	x26,x13,-1804	 x13:0x00000007 x26=0xfffff8f3
       15665000	      1565	80005544	703e8c37	lui	x24,0x703e8	 x24=0x703e8000
       15675000	      1566	80005548	019e46b3	xor	x13,x28,x25	 x28:0x45ec7649 x25:0x45ec79e1 x13=0x00000fa8
       15685000	      1567	8000554c	019d5193	srli	x3,x26,0x19	 x26:0xfffff8f3  x3=0x0000007f
       15695000	      1568	80005550	00f7f263	bgeu	x15,x15,80005554	 x15:0xfffffd3c x15:0xfffffd3c
       15705000	      1569	00000000	00000013	addi	x0,x0,0	  x0:0x00000000
       15715000	      1570	80005550	00000013	addi	x0,x0,0	  x0:0x00000000
       15725000	      1571	80005554	017ef433	and	x8,x29,x23	 x29:0x00000600 x23:0x00000000  x8=0x00000000
       15735000	      1572	80005558	11bf7c37	lui	x24,0x11bf7	 x24=0x11bf7000
       15745000	      1573	8000555c	ed7900b7	lui	x1,0xed790	  x1=0xed790000
       15755000	      1574	80005560	bb474d93	xori	x27,x14,-1100	 x14:0x00000000 x27=0xfffffbb4
       15765000	      1575	80005564	00000013	addi	x0,x0,0	  x0:0x00000000
       15775000	      1576	80005568	00df9833	sll	x16,x31,x13	 x31:0x00000000 x13:0x00000fa8 x16=0x00000000
       15785000	      1577	8000556c	01919593	slli	x11,x3,0x19	  x3:0x0000007f x11=0xfe000000
       15795000	      1578	80005570	01ef91b3	sll	x3,x31,x30	 x31:0x00000000 x30:0xffffffff  x3=0x00000000
       15805000	      1579	80005574	65d0a813	slti	x16,x1,1629	  x1:0xed790000 x16=0x00000001
       15815000	      1580	80005578	73504737	lui	x14,0x73504	 x14=0x73504000
       15825000	      1581	8000557c	01cf4263	blt	x30,x28,80005580	 x30:0xffffffff x28:0x45ec7649
       15835000	      1582	00000000	00000013	addi	x0,x0,0	  x0:0x00000000
       15845000	      1583	8000557c	00000013	addi	x0,x0,0	  x0:0x00000000
       15855000	      1584	80005580	026be063	bltu	x23,x6,800055a0	 x23:0x00000000  x6:0x95643400
       15865000	      1585	00000000	00000013	addi	x0,x0,0	  x0:0x00000000
       15875000	      1586	8000559c	00000013	addi	x0,x0,0	  x0:0x00000000
       15885000	      1587	800055a0	76e36b13	ori	x22,x6,1902	  x6:0x95643400 x22=0x9564376e
       15895000	      1588	800055a4	b3034b93	xori	x23,x6,-1232	  x6:0x95643400 x23=0x6a9bcf30
       15905000	      1589	800055a8	00085c13	srli	x24,x16,0x0	 x16:0x00000001 x24=0x00000001
       15915000	      1590	800055ac	01eb5a13	srli	x20,x22,0x1e	 x22:0x9564376e x20=0x00000002
       15925000	      1591	800055b0	00000013	addi	x0,x0,0	  x0:0x00000000
       15935000	      1592	800055b4	f9bff693	andi	x13,x31,-101	 x31:0x00000000 x13=0x00000000
       15945000	      1593	800055b8	419b04b3	sub	x9,x22,x25	 x22:0x9564376e x25:0x45ec79e1  x9=0x4f77bd8d
       15955000	      1594	800055bc	008ed863	bge	x29,x8,800055cc	 x29:0x00000600  x8:0x00000000
       15965000	      1595	00000000	00000013	addi	x0,x0,0	  x0:0x00000000
       15975000	      1596	800055c8	00000013	addi	x0,x0,0	  x0:0x00000000
       15985000	      1597	800055cc	00e992b3	sll	x5,x19,x14	 x19:0x80009f0c x14:0x73504000  x5=0x80009f0c
       15995000	      1598	800055d0	d5ebe593	ori	x11,x23,-674	 x23:0x6a9bcf30 x11=0xffffff7e
       16005000	      1599	800055d4	01cc5113	srli	x2,x24,0x1c	 x24:0x00000001  x2=0x00000000
       16015000	      1600	800055d8	0043ffb3	and	x31,x7,x4	  x7:0x00000000  x4:0x00000001 x31=0x00000000
       16025000	      1601	800055dc	00b06eb3	or	x29,x0,x11	  x0:0x00000000 x11:0xffffff7e x29=0xffffff7e
       16035000	      1602	800055e0	00000013	addi	x0,x0,0	  x0:0x00000000
       16045000	      1603	800055e4	00e43233	sltu	x4,x8,x14	  x8:0x00000000 x14:0x73504000  x4=0x00000001
       16055000	      1604	800055e8	40e6d633	sra	x12,x13,x14	 x13:0x00000000 x14:0x73504000 x12=0x00000000
       16065000	      1605	800055ec	00df6eb3	or	x29,x30,x13	 x30:0xffffffff x13:0x00000000 x29=0xffffffff
       16075000	      1606	800055f0	19974837	lui	x16,0x19974	 x16=0x19974000
       16085000	      1607	800055f4	411e0ab3	sub	x21,x28,x17	 x28:0x45ec7649 x17:0xf4400340 x21=0x51ac7309
       16095000	      1608	800055f8	4102d213	srai	x4,x5,0x10	  x5:0x80009f0c  x4=0xffff8000
       16105000	      1609	800055fc	01d81b93	slli	x23,x16,0x1d	 x16:0x19974000 x23=0x00000000
       16115000	      1610	80005600	b218a913	slti	x18,x17,-1247	 x17:0xf4400340 x18=0x00000001
       16125000	      1611	80005604	03190063	beq	x18,x17,80005624	 x18:0x00000001 x17:0xf4400340
       16135000	      1612	80005608	00571f93	slli	x31,x14,0x5	 x14:0x73504000 x31=0x6a080000
       16145000	      1613	8000560c	40a10d33	sub	x26,x2,x10	  x2:0x00000000 x10:0x80009fc4 x26=0x7fff603c
       16155000	      1614	80005610	0c0f4c63	blt	x30,x0,800056e8	 x30:0xffffffff  x0:0x00000000
       16165000	      1615	00000000	00000013	addi	x0,x0,0	  x0:0x00000000
       16175000	      1616	800056e4	00000013	addi	x0,x0,0	  x0:0x00000000
       16185000	      1617	800056e8	01281a13	slli	x20,x16,0x12	 x16:0x19974000 x20=0x00000000
       16195000	      1618	800056ec	04556463	bltu	x10,x5,80005734	 x10:0x80009fc4  x5:0x80009f0c
       16205000	      1619	800056f0	004a1f93	slli	x31,x20,0x4	 x20:0x00000000 x31=0x00000000
       16215000	      1620	800056f4	00ba5013	srli	x0,x20,0xb	 x20:0x00000000
       16225000	      1621	800056f8	01faee63	bltu	x21,x31,80005714	 x21:0x51ac7309 x31:0x00000000
       16235000	      1622	800056fc	00f17a63	bgeu	x2,x15,80005710	  x2:0x00000000 x15:0xfffffd3c
       16245000	      1623	80005700	24bca093	slti	x1,x25,587	 x25:0x45ec79e1  x1=0x00000000
       16255000	      1624	80005704	419bd093	srai	x1,x23,0x19	 x23:0x00000000  x1=0x00000000
       16265000	      1625	80005708	01a4ccb3	xor	x25,x9,x26	  x9:0x4f77bd8d x26:0x7fff603c x25=0x3088ddb1
       16275000	      1626	8000570c	00241613	slli	x12,x8,0x2	  x8:0x00000000 x12=0x00000000
       16285000	      1627	80005710	01316db3	or	x27,x2,x19	  x2:0x00000000 x19:0x80009f0c x27=0x80009f0c
       16295000	      1628	80005714	02e9fa63	bgeu	x19,x14,80005748	 x19:0x80009f0c x14:0x73504000
       16305000	      1629	00000000	00000013	addi	x0,x0,0	  x0:0x00000000
       16315000	      1630	80005744	00000013	addi	x0,x0,0	  x0:0x00000000
       16325000	      1631	80005748	5aaafb37	lui	x22,0x5aaaf	 x22=0x5aaaf000
       16335000	      1632	8000574c	b4d94113	xori	x2,x18,-1203	 x18:0x00000001  x2=0xfffffb4c
       16345000	      1633	80005750	40050233	sub	x4,x10,x0	 x10:0x80009fc4  x0:0x00000000  x4=0x80009fc4
       16355000	      1634	80005754	405f5fb3	sra	x31,x30,x5	 x30:0xffffffff  x5:0x80009f0c x31=0xffffffff
       16365000	      1635	80005758	012e2d33	slt	x26,x28,x18	 x28:0x45ec7649 x18:0x00000001 x26=0x00000000
       16375000	      1636	8000575c	40f2d433	sra	x8,x5,x15	  x5:0x80009f0c x15:0xfffffd3c  x8=0xfffffff8
       16385000	      1637	80005760	00000013	addi	x0,x0,0	  x0:0x00000000
       16395000	      1638	80005764	01e08263	beq	x1,x30,80005768	  x1:0x00000000 x30:0xffffffff
       16405000	      1639	80005768	02f36c63	bltu	x6,x15,800057a0	  x6:0x95643400 x15:0xfffffd3c
       16415000	      1640	00000000	00000013	addi	x0,x0,0	  x0:0x00000000
       16425000	      1641	8000579c	00000013	addi	x0,x0,0	  x0:0x00000000
       16435000	      1642	800057a0	79d2f093	andi	x1,x5,1949	  x5:0x80009f0c  x1=0x0000070c
       16445000	      1643	800057a4	006f9a13	slli	x20,x31,0x6	 x31:0xffffffff x20=0xffffffc0
       16455000	      1644	800057a8	017b1133	sll	x2,x22,x23	 x22:0x5aaaf000 x23:0x00000000  x2=0x5aaaf000
       16465000	      1645	800057ac	1ee707b7	lui	x15,0x1ee70	 x15=0x1ee70000
       16475000	      1646	800057b0	4018dd13	srai	x26,x17,0x1	 x17:0xf4400340 x26=0xfa2001a0
       16485000	      1647	800057b4	401ed033	sra	x0,x29,x1	 x29:0xffffffff  x1:0x0000070c
       16495000	      1648	800057b8	50022413	slti	x8,x4,1280	  x4:0x80009fc4  x8=0x00000001
       16505000	      1649	800057bc	01a4feb3	and	x29,x9,x26	  x9:0x4f77bd8d x26:0xfa2001a0 x29=0x4a200180
       16515000	      1650	800057c0	01241b33	sll	x22,x8,x18	  x8:0x00000001 x18:0x00000001 x22=0x00000002
       16525000	      1651	800057c4	01d7db33	srl	x22,x15,x29	 x15:0x1ee70000 x29:0x4a200180 x22=0x1ee70000
       16535000	      1652	800057c8	496c6b93	ori	x23,x24,1174	 x24:0x00000001 x23=0x00000497
       16545000	      1653	800057cc	00c81db3	sll	x27,x16,x12	 x16:0x19974000 x12:0x00000000 x27=0x19974000
       16555000	      1654	800057d0	409f8cb3	sub	x25,x31,x9	 x31:0xffffffff  x9:0x4f77bd8d x25=0xb0884272
       16565000	      1655	800057d4	0335d063	bge	x11,x19,800057f4	 x11:0xffffff7e x19:0x80009f0c
       16575000	      1656	00000000	00000013	addi	x0,x0,0	  x0:0x00000000
       16585000	      1657	800057f0	00000013	addi	x0,x0,0	  x0:0x00000000
       16595000	      1658	800057f4	01a65663	bge	x12,x26,80005800	 x12:0x00000000 x26:0xfa2001a0
       16605000	      1659	00000000	00000013	addi	x0,x0,0	  x0:0x00000000
       16615000	      1660	800057fc	00000013	addi	x0,x0,0	  x0:0x00000000
       16625000	      1661	80005800	e82150b7	lui	x1,0xe8215	  x1=0xe8215000
       16635000	      1662	80005804	de44b413	sltiu	x8,x9,-540	  x9:0x4f77bd8d  x8=0x00000001
       16645000	      1663	80005808	00ff4eb3	xor	x29,x30,x15	 x30:0xffffffff x15:0x1ee70000 x29=0xe118ffff
       16655000	      1664	8000580c	83a52397	auipc	x7,0x83a52	  x7=0x03a57808
       16665000	      1665	80005810	e8e74b97	auipc	x23,0xe8e74	 x23=0x68e7980c
       16675000	      1666	80005814	403c8833	sub	x16,x25,x3	 x25:0xb0884272  x3:0x00000000 x16=0xb0884272
       16685000	      1667	80005818	0056b633	sltu	x12,x13,x5	 x13:0x00000000  x5:0x80009f0c x12=0x00000001
       16695000	      1668	8000581c	00ae5a13	srli	x20,x28,0xa	 x28:0x45ec7649 x20=0x00117b1d
       16705000	      1669	80005820	0143fab3	and	x21,x7,x20	  x7:0x03a57808 x20:0x00117b1d x21=0x00017808
       16715000	      1670	80005824	4ac3e2b7	lui	x5,0x4ac3e	  x5=0x4ac3e000
       16725000	      1671	80005828	40865e13	srai	x28,x12,0x8	 x12:0x00000001 x28=0x00000000
       16735000	      1672	8000582c	0559c063	blt	x19,x21,8000586c	 x19:0x80009f0c x21:0x00017808
       16745000	      1673	00000000	00000013	addi	x0,x0,0	  x0:0x00000000
       16755000	      1674	80005868	00000013	addi	x0,x0,0	  x0:0x00000000
       16765000	      1675	8000586c	01484333	xor	x6,x16,x20	 x16:0xb0884272 x20:0x00117b1d  x6=0xb099396f
       16775000	      1676	80005870	d1738d93	addi	x27,x7,-745	  x7:0x03a57808 x27=0x03a5751f
       16785000	      1677	80005874	40a50f33	sub	x30,x10,x10	 x10:0x80009fc4 x10:0x80009fc4 x30=0x00000000
       16795000	      1678	80005878	023a1e63	bne	x20,x3,800058b4	 x20:0x00117b1d  x3:0x00000000
       16805000	      1679	00000000	00000013	addi	x0,x0,0	  x0:0x00000000
       16815000	      1680	800058b0	00000013	addi	x0,x0,0	  x0:0x00000000
       16825000	      1681	800058b4	005d6263	bltu	x26,x5,800058b8	 x26:0xfa2001a0  x5:0x4ac3e000
       16835000	      1682	800058b8	41500eb3	sub	x29,x0,x21	  x0:0x00000000 x21:0x00017808 x29=0xfffe87f8
       16845000	      1683	800058bc	baa90093	addi	x1,x18,-1110	 x18:0x00000001  x1=0xfffffbab
       16855000	      1684	800058c0	d1248eb7	lui	x29,0xd1248	 x29=0xd1248000
       16865000	      1685	800058c4	016fb733	sltu	x14,x31,x22	 x31:0xffffffff x22:0x1ee70000 x14=0x00000000
       16875000	      1686	800058c8	09952193	slti	x3,x10,153	 x10:0x80009fc4  x3=0x00000001
       16885000	      1687	800058cc	032fca63	blt	x31,x18,80005900	 x31:0xffffffff x18:0x00000001
       16895000	      1688	00000000	00000013	addi	x0,x0,0	  x0:0x00000000
       16905000	      1689	800058fc	00000013	addi	x0,x0,0	  x0:0x00000000
       16915000	      1690	80005900	01b01a63	bne	x0,x27,80005914	  x0:0x00000000 x27:0x03a5751f
       16925000	      1691	00000000	00000013	addi	x0,x0,0	  x0:0x00000000
       16935000	      1692	80005910	00000013	addi	x0,x0,0	  x0:0x00000000
       16945000	      1693	80005914	00000013	addi	x0,x0,0	  x0:0x00000000
       16955000	      1694	80005918	00c6d693	srli	x13,x13,0xc	 x13:0x00000000 x13=0x00000000
       16965000	      1695	8000591c	0196d633	srl	x12,x13,x25	 x13:0x00000000 x25:0xb0884272 x12=0x00000000
       16975000	      1696	80005920	016d03b3	add	x7,x26,x22	 x26:0xfa2001a0 x22:0x1ee70000  x7=0x190701a0
       16985000	      1697	80005924	03e66663	bltu	x12,x30,80005950	 x12:0x00000000 x30:0x00000000
       16995000	      1698	80005928	03035c63	bge	x6,x16,80005960	  x6:0xb099396f x16:0xb0884272
       17005000	      1699	00000000	00000013	addi	x0,x0,0	  x0:0x00000000
       17015000	      1700	8000595c	00000013	addi	x0,x0,0	  x0:0x00000000
       17025000	      1701	80005960	006ed213	srli	x4,x29,0x6	 x29:0xd1248000  x4=0x03449200
       17035000	      1702	80005964	a1664e93	xori	x29,x12,-1514	 x12:0x00000000 x29=0xfffffa16
       17045000	      1703	80005968	00847863	bgeu	x8,x8,80005978	  x8:0x00000001  x8:0x00000001
       17055000	      1704	00000000	00000013	addi	x0,x0,0	  x0:0x00000000
       17065000	      1705	80005974	00000013	addi	x0,x0,0	  x0:0x00000000
       17075000	      1706	80005978	fdd5b413	sltiu	x8,x11,-35	 x11:0xffffff7e  x8=0x00000001
       17085000	      1707	8000597c	00087463	bgeu	x16,x0,80005984	 x16:0xb0884272  x0:0x00000000
       17095000	      1708	00000000	00000013	addi	x0,x0,0	  x0:0x00000000
       17105000	      1709	80005980	00000013	addi	x0,x0,0	  x0:0x00000000
       17115000	      1710	80005984	c42c7b93	andi	x23,x24,-958	 x24:0x00000001 x23=0x00000000
       17125000	      1711	80005988	d728ef93	ori	x31,x17,-654	 x17:0xf4400340 x31=0xffffff72
       17135000	      1712	8000598c	011b6663	bltu	x22,x17,80005998	 x22:0x1ee70000 x17:0xf4400340
       17145000	      1713	00000000	00000013	addi	x0,x0,0	  x0:0x00000000
       17155000	      1714	80005994	00000013	addi	x0,x0,0	  x0:0x00000000
       17165000	      1715	80005998	019f6db3	or	x27,x30,x25	 x30:0x00000000 x25:0xb0884272 x27=0xb0884272
       17175000	      1716	8000599c	0105bb33	sltu	x22,x11,x16	 x11:0xffffff7e x16:0xb0884272 x22=0x00000000
       17185000	      1717	800059a0	05468063	beq	x13,x20,800059e0	 x13:0x00000000 x20:0x00117b1d
       17195000	      1718	800059a4	4f323e13	sltiu	x28,x4,1267	  x4:0x03449200 x28=0x00000000
       17205000	      1719	800059a8	00bce733	or	x14,x25,x11	 x25:0xb0884272 x11:0xffffff7e x14=0xffffff7e
       17215000	      1720	800059ac	00000013	addi	x0,x0,0	  x0:0x00000000
       17225000	      1721	800059b0	00063733	sltu	x14,x12,x0	 x12:0x00000000  x0:0x00000000 x14=0x00000000
       17235000	      1722	800059b4	006422b3	slt	x5,x8,x6	  x8:0x00000001  x6:0xb099396f  x5=0x00000000
       17245000	      1723	800059b8	50933713	sltiu	x14,x6,1289	  x6:0xb099396f x14=0x00000000
       17255000	      1724	800059bc	aebe0793	addi	x15,x28,-1301	 x28:0x00000000 x15=0xfffffaeb
       17265000	      1725	800059c0	d8fab613	sltiu	x12,x21,-625	 x21:0x00017808 x12=0x00000001
       17275000	      1726	800059c4	58b6a417	auipc	x8,0x58b6a	  x8=0xd8b6f9c0
       17285000	      1727	800059c8	40485b93	srai	x23,x16,0x4	 x16:0xb0884272 x23=0xfb088427
       17295000	      1728	800059cc	016f5a93	srli	x21,x30,0x16	 x30:0x00000000 x21=0x00000000
       17305000	      1729	800059d0	002b4733	xor	x14,x22,x2	 x22:0x00000000  x2:0x5aaaf000 x14=0x5aaaf000
       17315000	      1730	800059d4	012c9713	slli	x14,x25,0x12	 x25:0xb0884272 x14=0x09c80000
       17325000	      1731	800059d8	400654b3	sra	x9,x12,x0	 x12:0x00000001  x0:0x00000000  x9=0x00000001
       17335000	      1732	800059dc	47bf8193	addi	x3,x31,1147	 x31:0xffffff72  x3=0x000003ed
       17345000	      1733	800059e0	01e3da63	bge	x7,x30,800059f4	  x7:0x190701a0 x30:0x00000000
       17355000	      1734	00000000	00000013	addi	x0,x0,0	  x0:0x00000000
       17365000	      1735	800059f0	00000013	addi	x0,x0,0	  x0:0x00000000
       17375000	      1736	800059f4	01cf0e63	beq	x30,x28,80005a10	 x30:0x00000000 x28:0x00000000
       17385000	      1737	00000000	00000013	addi	x0,x0,0	  x0:0x00000000
       17395000	      1738	80005a0c	00000013	addi	x0,x0,0	  x0:0x00000000
       17405000	      1739	80005a10	0230d663	bge	x1,x3,80005a3c	  x1:0xfffffbab  x3:0x000003ed
       17415000	      1740	80005a14	01845113	srli	x2,x8,0x18	  x8:0xd8b6f9c0  x2=0x000000d8
       17425000	      1741	80005a18	0111c833	xor	x16,x3,x17	  x3:0x000003ed x17:0xf4400340 x16=0xf44000ad
       17435000	      1742	80005a1c	02bd8463	beq	x27,x11,80005a44	 x27:0xb0884272 x11:0xffffff7e
       17445000	      1743	80005a20	0123de33	srl	x28,x7,x18	  x7:0x190701a0 x18:0x00000001 x28=0x0c8380d0
       17455000	      1744	80005a24	00a57a63	bgeu	x10,x10,80005a38	 x10:0x80009fc4 x10:0x80009fc4
       17465000	      1745	00000000	00000013	addi	x0,x0,0	  x0:0x00000000
       17475000	      1746	80005a34	00000013	addi	x0,x0,0	  x0:0x00000000
       17485000	      1747	80005a38	00ae2233	slt	x4,x28,x10	 x28:0x0c8380d0 x10:0x80009fc4  x4=0x00000000
       17495000	      1748	80005a3c	00e516b3	sll	x13,x10,x14	 x10:0x80009fc4 x14:0x09c80000 x13=0x80009fc4
       17505000	      1749	80005a40	00a45813	srli	x16,x8,0xa	  x8:0xd8b6f9c0 x16=0x00362dbe
       17515000	      1750	80005a44	22b68c93	addi	x25,x13,555	 x13:0x80009fc4 x25=0x8000a1ef
       17525000	      1751	80005a48	00826ab3	or	x21,x4,x8	  x4:0x00000000  x8:0xd8b6f9c0 x21=0xd8b6f9c0
       17535000	      1752	80005a4c	7ff4f113	andi	x2,x9,2047	  x9:0x00000001  x2=0x00000001
       17545000	      1753	80005a50	ca9d7213	andi	x4,x26,-855	 x26:0xfa2001a0  x4=0xfa2000a0
       17555000	      1754	80005a54	f96d3617	auipc	x12,0xf96d3	 x12=0x796d8a50
       17565000	      1755	80005a58	03b58c63	beq	x11,x27,80005a90	 x11:0xffffff7e x27:0xb0884272
       17575000	      1756	80005a5c	01c84663	blt	x16,x28,80005a68	 x16:0x00362dbe x28:0x0c8380d0
       17585000	      1757	00000000	00000013	addi	x0,x0,0	  x0:0x00000000
       17595000	      1758	80005a64	00000013	addi	x0,x0,0	  x0:0x00000000
       17605000	      1759	80005a68	40745b93	srai	x23,x8,0x7	  x8:0xd8b6f9c0 x23=0xffb16df3
       17615000	      1760	80005a6c	00e71b13	slli	x22,x14,0xe	 x14:0x09c80000 x22=0x00000000
       17625000	      1761	80005a70	03e84063	blt	x16,x30,80005a90	 x16:0x00362dbe x30:0x00000000
       17635000	      1762	80005a74	411c82b3	sub	x5,x25,x17	 x25:0x8000a1ef x17:0xf4400340  x5=0x8bc09eaf
       17645000	      1763	80005a78	0171fc63	bgeu	x3,x23,80005a90	  x3:0x000003ed x23:0xffb16df3
       17655000	      1764	80005a7c	4b223913	sltiu	x18,x4,1202	  x4:0xfa2000a0 x18=0x00000000
       17665000	      1765	80005a80	00b25793	srli	x15,x4,0xb	  x4:0xfa2000a0 x15=0x001f4400
       17675000	      1766	80005a84	cc692413	slti	x8,x18,-826	 x18:0x00000000  x8=0x00000000
       17685000	      1767	80005a88	01bb3bb3	sltu	x23,x22,x27	 x22:0x00000000 x27:0xb0884272 x23=0x00000001
       17695000	      1768	80005a8c	016ff263	bgeu	x31,x22,80005a90	 x31:0xffffff72 x22:0x00000000
       17705000	      1769	00000000	00000013	addi	x0,x0,0	  x0:0x00000000
       17715000	      1770	80005a8c	00000013	addi	x0,x0,0	  x0:0x00000000
       17725000	      1771	80005a90	002b7833	and	x16,x22,x2	 x22:0x00000000  x2:0x00000001 x16=0x00000000
       17735000	      1772	80005a94	01448e13	addi	x28,x9,20	  x9:0x00000001 x28=0x00000015
       17745000	      1773	80005a98	41b70333	sub	x6,x14,x27	 x14:0x09c80000 x27:0xb0884272  x6=0x593fbd8e
       17755000	      1774	80005a9c	0049a083	lw	x1,4(x19)	 x19:0x80009f0c  x1=0x80003fcc PA:0x80009f10
       17765000	      1775	80005aa0	006f3b33	sltu	x22,x30,x6	 x30:0x00000000  x6:0x593fbd8e x22=0x00000001
       17775000	      1776	80005aa4	281c52b7	lui	x5,0x281c5	  x5=0x281c5000
       17785000	      1777	80005aa8	015b0133	add	x2,x22,x21	 x22:0x00000001 x21:0xd8b6f9c0  x2=0xd8b6f9c1
       17795000	      1778	80005aac	03c98993	addi	x19,x19,60	 x19:0x80009f0c x19=0x80009f48
       17805000	      1779	80005ab0	406d8933	sub	x18,x27,x6	 x27:0xb0884272  x6:0x593fbd8e x18=0x574884e4
       17815000	      1780	80005ab4	008b21b3	slt	x3,x22,x8	 x22:0x00000001  x8:0x00000000  x3=0x00000000
       17825000	      1781	80005ab8	00108093	addi	x1,x1,1	  x1:0x80003fcc  x1=0x80003fcd
       17835000	      1782	80005abc	000080e7	jalr	x1,x1,0	  x1:0x80003fcd  x1=0x80005abc
       17845000	      1783	00000000	00000013	addi	x0,x0,0	  x0:0x00000000
       17855000	      1784	80003fcc	00000013	addi	x0,x0,0	  x0:0x00000000
       17865000	      1785	80003fd0	00005117	auipc	x2,0x5	  x2=0x80008fcc
       17875000	      1786	80003fd4	dab10113	addi	x2,x2,-597	  x2:0x80008fcc  x2=0x80008d77
       17885000	      1787	80003fd8	019da733	slt	x14,x27,x25	 x27:0xb0884272 x25:0x8000a1ef x14=0x00000000
       17895000	      1788	80003fdc	016ff633	and	x12,x31,x22	 x31:0xffffff72 x22:0x00000001 x12=0x00000000
       17905000	      1789	80003fe0	fca10e23	sb	x10,-36(x2)	  x2:0x80008d77 x10:0x80009fc4 PA:0x80008d53
       17915000	      1790	80003fe4	29a79e37	lui	x28,0x29a79	 x28=0x29a79000
       17925000	      1791	80003fe8	fd414203	lbu	x4,-44(x2)	  x2:0x80008d77  x4=0x00000030 PA:0x80008d4b
       17935000	      1792	80003fec	fda14703	lbu	x14,-38(x2)	  x2:0x80008d77 x14=0x0000003a PA:0x80008d51
       17945000	      1793	80003ff0	36318437	lui	x8,0x36318	  x8=0x36318000
       17955000	      1794	80003ff4	02e10f23	sb	x14,62(x2)	  x2:0x80008d77 x14:0x0000003a PA:0x80008db5
       17965000	      1795	80003ff8	019b5233	srl	x4,x22,x25	 x22:0x00000001 x25:0x8000a1ef  x4=0x00000000
       17975000	      1796	80003ffc	01210b83	lb	x23,18(x2)	  x2:0x80008d77 x23=0x00000072 PA:0x80008d89
       17985000	      1797	80004000	fc910423	sb	x9,-56(x2)	  x2:0x80008d77  x9:0x00000001 PA:0x80008d3f
       17995000	      1798	80004004	fca104a3	sb	x10,-55(x2)	  x2:0x80008d77 x10:0x80009fc4 PA:0x80008d40
       18005000	      1799	80004008	0035d633	srl	x12,x11,x3	 x11:0xffffff7e  x3:0x00000000 x12=0xffffff7e
       18015000	      1800	8000400c	006f8f33	add	x30,x31,x6	 x31:0xffffff72  x6:0x593fbd8e x30=0x593fbd00
       18025000	      1801	80004010	02b14603	lbu	x12,43(x2)	  x2:0x80008d77 x12=0x00000089 PA:0x80008da2
       18035000	      1802	80004014	03010b83	lb	x23,48(x2)	  x2:0x80008d77 x23=0xffffff8c PA:0x80008da7
       18045000	      1803	80004018	fd912b83	lw	x23,-39(x2)	  x2:0x80008d77 x23=0xc4393a3b PA:0x80008d50
       18055000	      1804	8000401c	7e326b93	ori	x23,x4,2019	  x4:0x00000000 x23=0x000007e3
       18065000	      1805	80004020	01867eb3	and	x29,x12,x24	 x12:0x00000089 x24:0x00000001 x29=0x00000001
       18075000	      1806	80004024	fd111903	lh	x18,-47(x2)	  x2:0x80008d77 x18=0x00003233 PA:0x80008d48
       18085000	      1807	80004028	408bd1b3	sra	x3,x23,x8	 x23:0x000007e3  x8:0x36318000  x3=0x000007e3
       18095000	      1808	8000402c	411d5b33	sra	x22,x26,x17	 x26:0xfa2001a0 x17:0xf4400340 x22=0xfa2001a0
       18105000	      1809	80004030	4100d1b3	sra	x3,x1,x16	  x1:0x80005abc x16:0x00000000  x3=0x80005abc
       18115000	      1810	80004034	ffb14a03	lbu	x20,-5(x2)	  x2:0x80008d77 x20=0x00000059 PA:0x80008d72
       18125000	      1811	80004038	00714903	lbu	x18,7(x2)	  x2:0x80008d77 x18=0x00000065 PA:0x80008d7e
       18135000	      1812	8000403c	019b0f33	add	x30,x22,x25	 x22:0xfa2001a0 x25:0x8000a1ef x30=0x7a20a38f
       18145000	      1813	80004040	c25c6793	ori	x15,x24,-987	 x24:0x00000001 x15=0xfffffc25
       18155000	      1814	80004044	00f11b83	lh	x23,15(x2)	  x2:0x80008d77 x23=0x00006c6d PA:0x80008d86
       18165000	      1815	80004048	40ba86b3	sub	x13,x21,x11	 x21:0xd8b6f9c0 x11:0xffffff7e x13=0xd8b6fa42
       18175000	      1816	8000404c	0139e833	or	x16,x19,x19	 x19:0x80009f48 x19:0x80009f48 x16=0x80009f48
       18185000	      1817	80004050	7be38413	addi	x8,x7,1982	  x7:0x190701a0  x8=0x1907095e
       18195000	      1818	80004054	00547e33	and	x28,x8,x5	  x8:0x1907095e  x5:0x281c5000 x28=0x08040000
       18205000	      1819	80004058	03820063	beq	x4,x24,80004078	  x4:0x00000000 x24:0x00000001
       18215000	      1820	8000405c	007dd033	srl	x0,x27,x7	 x27:0xb0884272  x7:0x190701a0
       18225000	      1821	80004060	018aaab3	slt	x21,x21,x24	 x21:0xd8b6f9c0 x24:0x00000001 x21=0x00000001
       18235000	      1822	80004064	00a24663	blt	x4,x10,80004070	  x4:0x00000000 x10:0x80009fc4
       18245000	      1823	80004068	01a4d1b3	srl	x3,x9,x26	  x9:0x00000001 x26:0xfa2001a0  x3=0x00000001
       18255000	      1824	8000406c	0168dc93	srli	x25,x17,0x16	 x17:0xf4400340 x25=0x000003d1
       18265000	      1825	80004070	00000013	addi	x0,x0,0	  x0:0x00000000
       18275000	      1826	80004074	b173a093	slti	x1,x7,-1257	  x7:0x190701a0  x1=0x00000000
       18285000	      1827	80004078	4f6ad1b7	lui	x3,0x4f6ad	  x3=0x4f6ad000
       18295000	      1828	8000407c	d1af6013	ori	x0,x30,-742	 x30:0x7a20a38f
       18305000	      1829	80004080	00d9b0b3	sltu	x1,x19,x13	 x19:0x80009f48 x13:0xd8b6fa42  x1=0x00000001
       18315000	      1830	80004084	00b45393	srli	x7,x8,0xb	  x8:0x1907095e  x7=0x000320e1
       18325000	      1831	80004088	0051f2b3	and	x5,x3,x5	  x3:0x4f6ad000  x5:0x281c5000  x5=0x08085000
       18335000	      1832	8000408c	9bddf293	andi	x5,x27,-1603	 x27:0xb0884272  x5=0xb0884030
       18345000	      1833	80004090	012c1d33	sll	x26,x24,x18	 x24:0x00000001 x18:0x00000065 x26=0x00000020
       18355000	      1834	80004094	4164dfb3	sra	x31,x9,x22	  x9:0x00000001 x22:0xfa2001a0 x31=0x00000001
       18365000	      1835	80004098	41225f13	srai	x30,x4,0x12	  x4:0x00000000 x30=0x00000000
       18375000	      1836	8000409c	881bb213	sltiu	x4,x23,-1919	 x23:0x00006c6d  x4=0x00000001
       18385000	      1837	800040a0	db9f3037	lui	x0,0xdb9f3	
       18395000	      1838	800040a4	016fc6b3	xor	x13,x31,x22	 x31:0x00000001 x22:0xfa2001a0 x13=0xfa2001a1
       18405000	      1839	800040a8	019c8b33	add	x22,x25,x25	 x25:0x000003d1 x25:0x000003d1 x22=0x000007a2
       18415000	      1840	800040ac	011327b3	slt	x15,x6,x17	  x6:0x593fbd8e x17:0xf4400340 x15=0x00000000
       18425000	      1841	800040b0	00d6de63	bge	x13,x13,800040cc	 x13:0xfa2001a1 x13:0xfa2001a1
       18435000	      1842	00000000	00000013	addi	x0,x0,0	  x0:0x00000000
       18445000	      1843	800040c8	00000013	addi	x0,x0,0	  x0:0x00000000
       18455000	      1844	800040cc	04278863	beq	x15,x2,8000411c	 x15:0x00000000  x2:0x80008d77
       18465000	      1845	800040d0	00000013	addi	x0,x0,0	  x0:0x00000000
       18475000	      1846	800040d4	40e6ba13	sltiu	x20,x13,1038	 x13:0xfa2001a1 x20=0x00000000
       18485000	      1847	800040d8	40eb5c93	srai	x25,x22,0xe	 x22:0x000007a2 x25=0x00000000
       18495000	      1848	800040dc	05470063	beq	x14,x20,8000411c	 x14:0x0000003a x20:0x00000000
       18505000	      1849	800040e0	4129d733	sra	x14,x19,x18	 x19:0x80009f48 x18:0x00000065 x14=0xfc0004fa
       18515000	      1850	800040e4	4061df13	srai	x30,x3,0x6	  x3:0x4f6ad000 x30=0x013dab40
       18525000	      1851	800040e8	00a40eb3	add	x29,x8,x10	  x8:0x1907095e x10:0x80009fc4 x29=0x9907a922
       18535000	      1852	800040ec	001501b3	add	x3,x10,x1	 x10:0x80009fc4  x1:0x00000001  x3=0x80009fc5
       18545000	      1853	800040f0	01dee193	ori	x3,x29,29	 x29:0x9907a922  x3=0x9907a93f
       18555000	      1854	800040f4	019fddb3	srl	x27,x31,x25	 x31:0x00000001 x25:0x00000000 x27=0x00000001
       18565000	      1855	800040f8	39e3ea93	ori	x21,x7,926	  x7:0x000320e1 x21=0x000323ff
       18575000	      1856	800040fc	01ed0233	add	x4,x26,x30	 x26:0x00000020 x30:0x013dab40  x4=0x013dab60
       18585000	      1857	80004100	38b97693	andi	x13,x18,907	 x18:0x00000065 x13=0x00000001
       18595000	      1858	80004104	8bd30d93	addi	x27,x6,-1859	  x6:0x593fbd8e x27=0x593fb64b
       18605000	      1859	80004108	01736eb3	or	x29,x6,x23	  x6:0x593fbd8e x23:0x00006c6d x29=0x593ffdef
       18615000	      1860	8000410c	1b693793	sltiu	x15,x18,438	 x18:0x00000065 x15=0x00000001
       18625000	      1861	80004110	01f25c33	srl	x24,x4,x31	  x4:0x013dab60 x31:0x00000001 x24=0x009ed5b0
       18635000	      1862	80004114	412f5093	srai	x1,x30,0x12	 x30:0x013dab40  x1=0x0000004f
       18645000	      1863	80004118	40560333	sub	x6,x12,x5	 x12:0x00000089  x5:0xb0884030  x6=0x4f77c059
       18655000	      1864	8000411c	0449e063	bltu	x19,x4,8000415c	 x19:0x80009f48  x4:0x013dab60
       18665000	      1865	80004120	01806a33	or	x20,x0,x24	  x0:0x00000000 x24:0x009ed5b0 x20=0x009ed5b0
       18675000	      1866	80004124	01025433	srl	x8,x4,x16	  x4:0x013dab60 x16:0x80009f48  x8=0x00013dab
       18685000	      1867	80004128	033f8463	beq	x31,x19,80004150	 x31:0x00000001 x19:0x80009f48
       18695000	      1868	8000412c	01f4c7b3	xor	x15,x9,x31	  x9:0x00000001 x31:0x00000001 x15=0x00000000
       18705000	      1869	80004130	00a95493	srli	x9,x18,0xa	 x18:0x00000065  x9=0x00000000
       18715000	      1870	80004134	00d5f633	and	x12,x11,x13	 x11:0xffffff7e x13:0x00000001 x12=0x00000000
       18725000	      1871	80004138	401ddeb3	sra	x29,x27,x1	 x27:0x593fb64b  x1:0x0000004f x29=0x0000b27f
       18735000	      1872	8000413c	0d8b0f93	addi	x31,x22,216	 x22:0x000007a2 x31=0x0000087a
       18745000	      1873	80004140	0170a633	slt	x12,x1,x23	  x1:0x0000004f x23:0x00006c6d x12=0x00000001
       18755000	      1874	80004144	04ce5663	bge	x28,x12,80004190	 x28:0x08040000 x12:0x00000001
       18765000	      1875	00000000	00000013	addi	x0,x0,0	  x0:0x00000000
       18775000	      1876	8000418c	00000013	addi	x0,x0,0	  x0:0x00000000
       18785000	      1877	80004190	41c5deb3	sra	x29,x11,x28	 x11:0xffffff7e x28:0x08040000 x29=0xffffff7e
       18795000	      1878	80004194	014eb033	sltu	x0,x29,x20	 x29:0xffffff7e x20:0x009ed5b0
       18805000	      1879	80004198	00000013	addi	x0,x0,0	  x0:0x00000000
       18815000	      1880	8000419c	3cd2e597	auipc	x11,0x3cd2e	 x11=0xbcd32198
       18825000	      1881	800041a0	020fcc63	blt	x31,x0,800041d8	 x31:0x0000087a  x0:0x00000000
       18835000	      1882	800041a4	fe784b13	xori	x22,x16,-25	 x16:0x80009f48 x22=0x7fff60af
       18845000	      1883	800041a8	bfabe213	ori	x4,x23,-1030	 x23:0x00006c6d  x4=0xffffffff
       18855000	      1884	800041ac	418a5013	srai	x0,x20,0x18	 x20:0x009ed5b0
       18865000	      1885	800041b0	01d5fab3	and	x21,x11,x29	 x11:0xbcd32198 x29:0xffffff7e x21=0xbcd32118
       18875000	      1886	800041b4	003d0a63	beq	x26,x3,800041c8	 x26:0x00000020  x3:0x9907a93f
       18885000	      1887	800041b8	45ae2393	slti	x7,x28,1114	 x28:0x08040000  x7=0x00000000
       18895000	      1888	800041bc	9f4b2e13	slti	x28,x22,-1548	 x22:0x7fff60af x28=0x00000000
       18905000	      1889	800041c0	0116f933	and	x18,x13,x17	 x13:0x00000001 x17:0xf4400340 x18=0x00000000
       18915000	      1890	800041c4	4624c693	xori	x13,x9,1122	  x9:0x00000000 x13=0x00000462
       18925000	      1891	800041c8	02515463	bge	x2,x5,800041f0	  x2:0x80008d77  x5:0xb0884030
       18935000	      1892	800041cc	4190d593	srai	x11,x1,0x19	  x1:0x0000004f x11=0x00000000
       18945000	      1893	800041d0	9c236c13	ori	x24,x6,-1598	  x6:0x4f77c059 x24=0xfffff9db
       18955000	      1894	800041d4	000d9793	slli	x15,x27,0x0	 x27:0x593fb64b x15=0x593fb64b
       18965000	      1895	800041d8	0519d463	bge	x19,x17,80004220	 x19:0x80009f48 x17:0xf4400340
       18975000	      1896	800041dc	01d11593	slli	x11,x2,0x1d	  x2:0x80008d77 x11=0xe0000000
       18985000	      1897	800041e0	fc1eec93	ori	x25,x29,-63	 x29:0xffffff7e x25=0xffffffff
       18995000	      1898	800041e4	00000013	addi	x0,x0,0	  x0:0x00000000
       19005000	      1899	800041e8	01fedf33	srl	x30,x29,x31	 x29:0xffffff7e x31:0x0000087a x30=0x0000003f
       19015000	      1900	800041ec	019e8c63	beq	x29,x25,80004204	 x29:0xffffff7e x25:0xffffffff
       19025000	      1901	800041f0	05f44063	blt	x8,x31,80004230	  x8:0x00013dab x31:0x0000087a
       19035000	      1902	800041f4	007f4663	blt	x30,x7,80004200	 x30:0x0000003f  x7:0x00000000
       19045000	      1903	800041f8	f4589937	lui	x18,0xf4589	 x18=0xf4589000
       19055000	      1904	800041fc	03086863	bltu	x16,x16,8000422c	 x16:0x80009f48 x16:0x80009f48
       19065000	      1905	80004200	46682413	slti	x8,x16,1126	 x16:0x80009f48  x8=0x00000001
       19075000	      1906	80004204	05f65263	bge	x12,x31,80004248	 x12:0x00000001 x31:0x0000087a
       19085000	      1907	80004208	001b8033	add	x0,x23,x1	 x23:0x00006c6d  x1:0x0000004f
       19095000	      1908	8000420c	00000013	addi	x0,x0,0	  x0:0x00000000
       19105000	      1909	80004210	005b06b3	add	x13,x22,x5	 x22:0x7fff60af  x5:0xb0884030 x13=0x3087a0df
       19115000	      1910	80004214	00a45c63	bge	x8,x10,8000422c	  x8:0x00000001 x10:0x80009fc4
       19125000	      1911	00000000	00000013	addi	x0,x0,0	  x0:0x00000000
       19135000	      1912	80004228	00000013	addi	x0,x0,0	  x0:0x00000000
       19145000	      1913	8000422c	1b93c617	auipc	x12,0x1b93c	 x12=0x9b940228
       19155000	      1914	80004230	04951863	bne	x10,x9,80004280	 x10:0x80009fc4  x9:0x00000000
       19165000	      1915	00000000	00000013	addi	x0,x0,0	  x0:0x00000000
       19175000	      1916	8000427c	00000013	addi	x0,x0,0	  x0:0x00000000
       19185000	      1917	80004280	a8a3ac13	slti	x24,x7,-1398	  x7:0x00000000 x24=0x00000000
       19195000	      1918	80004284	019a7433	and	x8,x20,x25	 x20:0x009ed5b0 x25:0xffffffff  x8=0x009ed5b0
       19205000	      1919	80004288	1d47b313	sltiu	x6,x15,468	 x15:0x593fb64b  x6=0x00000000
       19215000	      1920	8000428c	137a3913	sltiu	x18,x20,311	 x20:0x009ed5b0 x18=0x00000000
       19225000	      1921	80004290	01ad1193	slli	x3,x26,0x1a	 x26:0x00000020  x3=0x80000000
       19235000	      1922	80004294	58fa5597	auipc	x11,0x58fa5	 x11=0xd8fa9290
       19245000	      1923	80004298	01b27c63	bgeu	x4,x27,800042b0	  x4:0xffffffff x27:0x593fb64b
       19255000	      1924	00000000	00000013	addi	x0,x0,0	  x0:0x00000000
       19265000	      1925	800042ac	00000013	addi	x0,x0,0	  x0:0x00000000
       19275000	      1926	800042b0	8995cd17	auipc	x26,0x8995c	 x26=0x099602ac
       19285000	      1927	800042b4	0004d433	srl	x8,x9,x0	  x9:0x00000000  x0:0x00000000  x8=0x00000000
       19295000	      1928	800042b8	969eaf93	slti	x31,x29,-1687	 x29:0xffffff7e x31=0x00000000
       19305000	      1929	800042bc	00fd2733	slt	x14,x26,x15	 x26:0x099602ac x15:0x593fb64b x14=0x00000001
       19315000	      1930	800042c0	01a01413	slli	x8,x0,0x1a	  x0:0x00000000  x8=0x00000000
       19325000	      1931	800042c4	00ebd333	srl	x6,x23,x14	 x23:0x00006c6d x14:0x00000001  x6=0x00003636
       19335000	      1932	800042c8	04ebc463	blt	x23,x14,80004310	 x23:0x00006c6d x14:0x00000001
       19345000	      1933	800042cc	0128e933	or	x18,x17,x18	 x17:0xf4400340 x18:0x00000000 x18=0xf4400340
       19355000	      1934	800042d0	fdab2d13	slti	x26,x22,-38	 x22:0x7fff60af x26=0x00000000
       19365000	      1935	800042d4	010bd493	srli	x9,x23,0x10	 x23:0x00006c6d  x9=0x00000000
       19375000	      1936	800042d8	01d13a33	sltu	x20,x2,x29	  x2:0x80008d77 x29:0xffffff7e x20=0x00000001
       19385000	      1937	800042dc	02007c63	bgeu	x0,x0,80004314	  x0:0x00000000  x0:0x00000000
       19395000	      1938	00000000	00000013	addi	x0,x0,0	  x0:0x00000000
       19405000	      1939	80004310	00000013	addi	x0,x0,0	  x0:0x00000000
       19415000	      1940	80004314	01de4733	xor	x14,x28,x29	 x28:0x00000000 x29:0xffffff7e x14=0xffffff7e
       19425000	      1941	80004318	40525013	srai	x0,x4,0x5	  x4:0xffffffff
       19435000	      1942	8000431c	41255093	srai	x1,x10,0x12	 x10:0x80009fc4  x1=0xffffe000
       19445000	      1943	80004320	0142e3b3	or	x7,x5,x20	  x5:0xb0884030 x20:0x00000001  x7=0xb0884031
       19455000	      1944	80004324	0156c933	xor	x18,x13,x21	 x13:0x3087a0df x21:0xbcd32118 x18=0x8c5481c7
       19465000	      1945	80004328	00f164b3	or	x9,x2,x15	  x2:0x80008d77 x15:0x593fb64b  x9=0xd93fbf7f
       19475000	      1946	8000432c	00550a13	addi	x20,x10,5	 x10:0x80009fc4 x20=0x80009fc9
       19485000	      1947	80004330	000d6033	or	x0,x26,x0	 x26:0x00000000  x0:0x00000000
       19495000	      1948	80004334	016bb4b3	sltu	x9,x23,x22	 x23:0x00006c6d x22:0x7fff60af  x9=0x00000001
       19505000	      1949	80004338	019a1713	slli	x14,x20,0x19	 x20:0x80009fc9 x14=0x92000000
       19515000	      1950	8000433c	00897e63	bgeu	x18,x8,80004358	 x18:0x8c5481c7  x8:0x00000000
       19525000	      1951	00000000	00000013	addi	x0,x0,0	  x0:0x00000000
       19535000	      1952	80004354	00000013	addi	x0,x0,0	  x0:0x00000000
       19545000	      1953	80004358	01b97eb3	and	x29,x18,x27	 x18:0x8c5481c7 x27:0x593fb64b x29=0x08148043
       19555000	      1954	8000435c	010abb33	sltu	x22,x21,x16	 x21:0xbcd32118 x16:0x80009f48 x22=0x00000000
       19565000	      1955	80004360	0049a083	lw	x1,4(x19)	 x19:0x80009f48  x1=0x80000d3c PA:0x80009f4c
       19575000	      1956	80004364	03c98993	addi	x19,x19,60	 x19:0x80009f48 x19=0x80009f84
       19585000	      1957	80004368	00d89593	slli	x11,x17,0xd	 x17:0xf4400340 x11=0x00680000
       19595000	      1958	8000436c	6b392b93	slti	x23,x18,1715	 x18:0x8c5481c7 x23=0x00000001
       19605000	      1959	80004370	01550633	add	x12,x10,x21	 x10:0x80009fc4 x21:0xbcd32118 x12=0x3cd3c0dc
       19615000	      1960	80004374	00008593	addi	x11,x1,0	  x1:0x80000d3c x11=0x80000d3c
       19625000	      1961	80004378	000585e7	jalr	x11,x11,0	 x11:0x80000d3c x11=0x80004378
       19635000	      1962	00000000	00000013	addi	x0,x0,0	  x0:0x00000000
       19645000	      1963	80000d3c	00000013	addi	x0,x0,0	  x0:0x00000000
       19655000	      1964	80000d40	0197e7b3	or	x15,x15,x25	 x15:0x593fb64b x25:0xffffffff x15=0xffffffff
       19665000	      1965	80000d44	05a4c263	blt	x9,x26,80000d88	  x9:0x00000001 x26:0x00000000
       19675000	      1966	80000d48	006094b3	sll	x9,x1,x6	  x1:0x80000d3c  x6:0x00003636  x9=0x4f000000
       19685000	      1967	80000d4c	009dbeb3	sltu	x29,x27,x9	 x27:0x593fb64b  x9:0x4f000000 x29=0x00000000
       19695000	      1968	80000d50	9415c813	xori	x16,x11,-1727	 x11:0x80004378 x16=0x7fffba39
       19705000	      1969	80000d54	41005a93	srai	x21,x0,0x10	  x0:0x00000000 x21=0x00000000
       19715000	      1970	80000d58	417282b3	sub	x5,x5,x23	  x5:0xb0884030 x23:0x00000001  x5=0xb088402f
       19725000	      1971	80000d5c	411e8933	sub	x18,x29,x17	 x29:0x00000000 x17:0xf4400340 x18=0x0bbffcc0
       19735000	      1972	80000d60	f304a093	slti	x1,x9,-208	  x9:0x4f000000  x1=0x00000000
       19745000	      1973	80000d64	c91e8693	addi	x13,x29,-879	 x29:0x00000000 x13=0xfffffc91
       19755000	      1974	80000d68	6b106a13	ori	x20,x0,1713	  x0:0x00000000 x20=0x000006b1
       19765000	      1975	80000d6c	01502cb3	slt	x25,x0,x21	  x0:0x00000000 x21:0x00000000 x25=0x00000000
       19775000	      1976	80000d70	02c4d463	bge	x9,x12,80000d98	  x9:0x4f000000 x12:0x3cd3c0dc
       19785000	      1977	00000000	00000013	addi	x0,x0,0	  x0:0x00000000
       19795000	      1978	80000d94	00000013	addi	x0,x0,0	  x0:0x00000000
       19805000	      1979	80000d98	40a401b3	sub	x3,x8,x10	  x8:0x00000000 x10:0x80009fc4  x3=0x7fff603c
       19815000	      1980	80000d9c	01928463	beq	x5,x25,80000da4	  x5:0xb088402f x25:0x00000000
       19825000	      1981	80000da0	03ccf263	bgeu	x25,x28,80000dc4	 x25:0x00000000 x28:0x00000000
       19835000	      1982	00000000	00000013	addi	x0,x0,0	  x0:0x00000000
       19845000	      1983	80000dc0	00000013	addi	x0,x0,0	  x0:0x00000000
       19855000	      1984	80000dc4	010d4a63	blt	x26,x16,80000dd8	 x26:0x00000000 x16:0x7fffba39
       19865000	      1985	00000000	00000013	addi	x0,x0,0	  x0:0x00000000
       19875000	      1986	80000dd4	00000013	addi	x0,x0,0	  x0:0x00000000
       19885000	      1987	80000dd8	000a46b3	xor	x13,x20,x0	 x20:0x000006b1  x0:0x00000000 x13=0x000006b1
       19895000	      1988	80000ddc	cde4b193	sltiu	x3,x9,-802	  x9:0x4f000000  x3=0x00000001
       19905000	      1989	80000de0	010eef33	or	x30,x29,x16	 x29:0x00000000 x16:0x7fffba39 x30=0x7fffba39
       19915000	      1990	80000de4	03b3f863	bgeu	x7,x27,80000e14	  x7:0xb0884031 x27:0x593fb64b
       19925000	      1991	00000000	00000013	addi	x0,x0,0	  x0:0x00000000
       19935000	      1992	80000e10	00000013	addi	x0,x0,0	  x0:0x00000000
       19945000	      1993	80000e14	01cfdc63	bge	x31,x28,80000e2c	 x31:0x00000000 x28:0x00000000
       19955000	      1994	00000000	00000013	addi	x0,x0,0	  x0:0x00000000
       19965000	      1995	80000e28	00000013	addi	x0,x0,0	  x0:0x00000000
       19975000	      1996	80000e2c	03737a63	bgeu	x6,x23,80000e60	  x6:0x00003636 x23:0x00000001
       19985000	      1997	00000000	00000013	addi	x0,x0,0	  x0:0x00000000
       19995000	      1998	80000e5c	00000013	addi	x0,x0,0	  x0:0x00000000
       20005000	      1999	80000e60	7566b693	sltiu	x13,x13,1878	 x13:0x000006b1 x13=0x00000001
       20015000	      2000	80000e64	01fdc2b3	xor	x5,x27,x31	 x27:0x593fb64b x31:0x00000000  x5=0x593fb64b
       20025000	      2001	80000e68	0098bb33	sltu	x22,x17,x9	 x17:0xf4400340  x9:0x4f000000 x22=0x00000000
       20035000	      2002	80000e6c	636ab593	sltiu	x11,x21,1590	 x21:0x00000000 x11=0x00000001
       20045000	      2003	80000e70	01329c33	sll	x24,x5,x19	  x5:0x593fb64b x19:0x80009f84 x24=0x93fb64b0
       20055000	      2004	80000e74	41ea5cb3	sra	x25,x20,x30	 x20:0x000006b1 x30:0x7fffba39 x25=0x00000000
       20065000	      2005	80000e78	40135713	srai	x14,x6,0x1	  x6:0x00003636 x14=0x00001b1b
       20075000	      2006	80000e7c	b9733093	sltiu	x1,x6,-1129	  x6:0x00003636  x1=0x00000001
       20085000	      2007	80000e80	4137d293	srai	x5,x15,0x13	 x15:0xffffffff  x5=0xffffffff
       20095000	      2008	80000e84	00b912b3	sll	x5,x18,x11	 x18:0x0bbffcc0 x11:0x00000001  x5=0x177ff980
       20105000	      2009	80000e88	19919f17	auipc	x30,0x19919	 x30=0x99919e84
       20115000	      2010	80000e8c	15d2be13	sltiu	x28,x5,349	  x5:0x177ff980 x28=0x00000000
       20125000	      2011	80000e90	01ef9bb3	sll	x23,x31,x30	 x31:0x00000000 x30:0x99919e84 x23=0x00000000
       20135000	      2012	80000e94	71666413	ori	x8,x12,1814	 x12:0x3cd3c0dc  x8=0x3cd3c7de
       20145000	      2013	80000e98	10049737	lui	x14,0x10049	 x14=0x10049000
       20155000	      2014	80000e9c	006973b3	and	x7,x18,x6	 x18:0x0bbffcc0  x6:0x00003636  x7=0x00003400
       20165000	      2015	80000ea0	c1c96917	auipc	x18,0xc1c96	 x18=0x41c96e9c
       20175000	      2016	80000ea4	01fe1d33	sll	x26,x28,x31	 x28:0x00000000 x31:0x00000000 x26=0x00000000
       20185000	      2017	80000ea8	32f64493	xori	x9,x12,815	 x12:0x3cd3c0dc  x9=0x3cd3c3f3
       20195000	      2018	80000eac	405e8e33	sub	x28,x29,x5	 x29:0x00000000  x5:0x177ff980 x28=0xe8800680
       20205000	      2019	80000eb0	0041ec63	bltu	x3,x4,80000ec8	  x3:0x00000001  x4:0xffffffff
       20215000	      2020	00000000	00000013	addi	x0,x0,0	  x0:0x00000000
       20225000	      2021	80000ec4	00000013	addi	x0,x0,0	  x0:0x00000000
       20235000	      2022	80000ec8	00f70a33	add	x20,x14,x15	 x14:0x10049000 x15:0xffffffff x20=0x10048fff
       20245000	      2023	80000ecc	80fe4313	xori	x6,x28,-2033	 x28:0xe8800680  x6=0x177ffe8f
       20255000	      2024	80000ed0	0017acb3	slt	x25,x15,x1	 x15:0xffffffff  x1:0x00000001 x25=0x00000001
       20265000	      2025	80000ed4	01704333	xor	x6,x0,x23	  x0:0x00000000 x23:0x00000000  x6=0x00000000
       20275000	      2026	80000ed8	1c72f413	andi	x8,x5,455	  x5:0x177ff980  x8=0x00000180
       20285000	      2027	80000edc	00000013	addi	x0,x0,0	  x0:0x00000000
       20295000	      2028	80000ee0	02915a63	bge	x2,x9,80000f14	  x2:0x80008d77  x9:0x3cd3c3f3
       20305000	      2029	80000ee4	e892ea93	ori	x21,x5,-375	  x5:0x177ff980 x21=0xffffff89
       20315000	      2030	80000ee8	01adaa33	slt	x20,x27,x26	 x27:0x593fb64b x26:0x00000000 x20=0x00000000
       20325000	      2031	80000eec	01fd96b3	sll	x13,x27,x31	 x27:0x593fb64b x31:0x00000000 x13=0x593fb64b
       20335000	      2032	80000ef0	1ed21917	auipc	x18,0x1ed21	 x18=0x9ed21eec
       20345000	      2033	80000ef4	04948463	beq	x9,x9,80000f3c	  x9:0x3cd3c3f3  x9:0x3cd3c3f3
       20355000	      2034	00000000	00000013	addi	x0,x0,0	  x0:0x00000000
       20365000	      2035	80000f38	00000013	addi	x0,x0,0	  x0:0x00000000
       20375000	      2036	80000f3c	03c90a63	beq	x18,x28,80000f70	 x18:0x9ed21eec x28:0xe8800680
       20385000	      2037	80000f40	0f59bb93	sltiu	x23,x19,245	 x19:0x80009f84 x23=0x00000000
       20395000	      2038	80000f44	0025e733	or	x14,x11,x2	 x11:0x00000001  x2:0x80008d77 x14=0x80008d77
       20405000	      2039	80000f48	03f18463	beq	x3,x31,80000f70	  x3:0x00000001 x31:0x00000000
       20415000	      2040	80000f4c	7aa7af93	slti	x31,x15,1962	 x15:0xffffffff x31=0x00000001
       20425000	      2041	80000f50	0073d7b3	srl	x15,x7,x7	  x7:0x00003400  x7:0x00003400 x15=0x00003400
       20435000	      2042	80000f54	a7269f37	lui	x30,0xa7269	 x30=0xa7269000
       20445000	      2043	80000f58	41740d33	sub	x26,x8,x23	  x8:0x00000180 x23:0x00000000 x26=0x00000180
       20455000	      2044	80000f5c	f42a3f13	sltiu	x30,x20,-190	 x20:0x00000000 x30=0x00000001
       20465000	      2045	80000f60	d1374a13	xori	x20,x14,-749	 x14:0x80008d77 x20=0x7fff7064
       20475000	      2046	80000f64	004d5c93	srli	x25,x26,0x4	 x26:0x00000180 x25=0x00000018
       20485000	      2047	80000f68	409cd3b3	sra	x7,x25,x9	 x25:0x00000018  x9:0x3cd3c3f3  x7=0x00000000
       20495000	      2048	80000f6c	6cafa413	slti	x8,x31,1738	 x31:0x00000001  x8=0x00000001
       20505000	      2049	80000f70	014c6f33	or	x30,x24,x20	 x24:0x93fb64b0 x20:0x7fff7064 x30=0xffff74f4
       20515000	      2050	80000f74	01aa8433	add	x8,x21,x26	 x21:0xffffff89 x26:0x00000180  x8=0x00000109
       20525000	      2051	80000f78	01a21bb3	sll	x23,x4,x26	  x4:0xffffffff x26:0x00000180 x23=0xffffffff
       20535000	      2052	80000f7c	41a500b3	sub	x1,x10,x26	 x10:0x80009fc4 x26:0x00000180  x1=0x80009e44
       20545000	      2053	80000f80	2ba3f093	andi	x1,x7,698	  x7:0x00000000  x1=0x00000000
       20555000	      2054	80000f84	9f609117	auipc	x2,0x9f609	  x2=0x1f609f80
       20565000	      2055	80000f88	04136063	bltu	x6,x1,80000fc8	  x6:0x00000000  x1:0x00000000
       20575000	      2056	80000f8c	4042dab3	sra	x21,x5,x4	  x5:0x177ff980  x4:0xffffffff x21=0x00000000
       20585000	      2057	80000f90	019fec33	or	x24,x31,x25	 x31:0x00000001 x25:0x00000018 x24=0x00000019
       20595000	      2058	80000f94	bbe34493	xori	x9,x6,-1090	  x6:0x00000000  x9=0xfffffbbe
       20605000	      2059	80000f98	af897497	auipc	x9,0xaf897	  x9=0x2f897f94
       20615000	      2060	80000f9c	f681fc13	andi	x24,x3,-152	  x3:0x00000001 x24=0x00000000
       20625000	      2061	80000fa0	01165713	srli	x14,x12,0x11	 x12:0x3cd3c0dc x14=0x00001e69
       20635000	      2062	80000fa4	01280a33	add	x20,x16,x18	 x16:0x7fffba39 x18:0x9ed21eec x20=0x1ed1d925
       20645000	      2063	80000fa8	01619a93	slli	x21,x3,0x16	  x3:0x00000001 x21=0x00400000
       20655000	      2064	80000fac	01b3d613	srli	x12,x7,0x1b	  x7:0x00000000 x12=0x00000000
       20665000	      2065	80000fb0	4cfcc293	xori	x5,x25,1231	 x25:0x00000018  x5=0x000004d7
       20675000	      2066	80000fb4	012b1b13	slli	x22,x22,0x12	 x22:0x00000000 x22=0x00000000
       20685000	      2067	80000fb8	00fd5f93	srli	x31,x26,0xf	 x26:0x00000180 x31=0x00000000
       20695000	      2068	80000fbc	01346fb3	or	x31,x8,x19	  x8:0x00000109 x19:0x80009f84 x31=0x80009f8d
       20705000	      2069	80000fc0	d4b6ea93	ori	x21,x13,-693	 x13:0x593fb64b x21=0xffffff4b
       20715000	      2070	80000fc4	00000013	addi	x0,x0,0	  x0:0x00000000
       20725000	      2071	80000fc8	414ddc13	srai	x24,x27,0x14	 x27:0x593fb64b x24=0x00000593
       20735000	      2072	80000fcc	40115093	srai	x1,x2,0x1	  x2:0x1f609f80  x1=0x0fb04fc0
       20745000	      2073	80000fd0	589df313	andi	x6,x27,1417	 x27:0x593fb64b  x6=0x00000409
       20755000	      2074	80000fd4	00008117	auipc	x2,0x8	  x2=0x80008fd0
       20765000	      2075	80000fd8	b9510113	addi	x2,x2,-1131	  x2:0x80008fd0  x2=0x80008b65
       20775000	      2076	80000fdc	001f5313	srli	x6,x30,0x1	 x30:0xffff74f4  x6=0x7fffba7a
       20785000	      2077	80000fe0	010eee33	or	x28,x29,x16	 x29:0x00000000 x16:0x7fffba39 x28=0x7fffba39
       20795000	      2078	80000fe4	00095733	srl	x14,x18,x0	 x18:0x9ed21eec  x0:0x00000000 x14=0x9ed21eec
       20805000	      2079	80000fe8	65a97713	andi	x14,x18,1626	 x18:0x9ed21eec x14=0x00000648
       20815000	      2080	80000fec	00000013	addi	x0,x0,0	  x0:0x00000000
       20825000	      2081	80000ff0	00fbec33	or	x24,x23,x15	 x23:0xffffffff x15:0x00003400 x24=0xffffffff
       20835000	      2082	80000ff4	42758813	addi	x16,x11,1063	 x11:0x00000001 x16=0x00000428
       20845000	      2083	80000ff8	014170b3	and	x1,x2,x20	  x2:0x80008b65 x20:0x1ed1d925  x1=0x00008925
       20855000	      2084	80000ffc	b54daa13	slti	x20,x27,-1196	 x27:0x593fb64b x20=0x00000000
       20865000	      2085	80001000	fec14303	lbu	x6,-20(x2)	  x2:0x80008b65  x6=0x0000003a PA:0x80008b51
       20875000	      2086	80001004	fd314683	lbu	x13,-45(x2)	  x2:0x80008b65 x13=0x00000023 PA:0x80008b38
       20885000	      2087	80001008	fdb10283	lb	x5,-37(x2)	  x2:0x80008b65  x5=0x0000002b PA:0x80008b40
       20895000	      2088	8000100c	40bc8c33	sub	x24,x25,x11	 x25:0x00000018 x11:0x00000001 x24=0x00000017
       20905000	      2089	80001010	6ace3613	sltiu	x12,x28,1708	 x28:0x7fffba39 x12=0x00000000
       20915000	      2090	80001014	01f10223	sb	x31,4(x2)	  x2:0x80008b65 x31:0x80009f8d PA:0x80008b69
       20925000	      2091	80001018	01b58433	add	x8,x11,x27	 x11:0x00000001 x27:0x593fb64b  x8=0x593fb64c
       20935000	      2092	8000101c	0165f4b3	and	x9,x11,x22	 x11:0x00000001 x22:0x00000000  x9=0x00000000
       20945000	      2093	80001020	41635693	srai	x13,x6,0x16	  x6:0x0000003a x13=0x00000000
       20955000	      2094	80001024	fd410083	lb	x1,-44(x2)	  x2:0x80008b65  x1=0x00000022 PA:0x80008b39
       20965000	      2095	80001028	0174ba33	sltu	x20,x9,x23	  x9:0x00000000 x23:0xffffffff x20=0x00000001
       20975000	      2096	8000102c	00210703	lb	x14,2(x2)	  x2:0x80008b65 x14=0x0000004c PA:0x80008b67
       20985000	      2097	80001030	fd214e03	lbu	x28,-46(x2)	  x2:0x80008b65 x28=0x0000001c PA:0x80008b37
       20995000	      2098	80001034	0060d393	srli	x7,x1,0x6	  x1:0x00000022  x7=0x00000000
       21005000	      2099	80001038	db8c0037	lui	x0,0xdb8c0	
       21015000	      2100	8000103c	02810123	sb	x8,34(x2)	  x2:0x80008b65  x8:0x593fb64c PA:0x80008b87
       21025000	      2101	80001040	01705713	srli	x14,x0,0x17	  x0:0x00000000 x14=0x00000000
       21035000	      2102	80001044	4142ddb3	sra	x27,x5,x20	  x5:0x0000002b x20:0x00000001 x27=0x00000015
       21045000	      2103	80001048	00719733	sll	x14,x3,x7	  x3:0x00000001  x7:0x00000000 x14=0x00000001
       21055000	      2104	8000104c	b8588a13	addi	x20,x17,-1147	 x17:0xf4400340 x20=0xf43ffec5
       21065000	      2105	80001050	01b15f83	lhu	x31,27(x2)	  x2:0x80008b65 x31=0x00006a6b PA:0x80008b80
       21075000	      2106	80001054	015b3f33	sltu	x30,x22,x21	 x22:0x00000000 x21:0xffffff4b x30=0x00000001
       21085000	      2107	80001058	00414f83	lbu	x31,4(x2)	  x2:0x80008b65 x31=0x0000008d PA:0x80008b69
       21095000	      2108	8000105c	40b55e13	srai	x28,x10,0xb	 x10:0x80009fc4 x28=0xfff00013
       21105000	      2109	80001060	b7ad4113	xori	x2,x26,-1158	 x26:0x00000180  x2=0xfffffafa
       21115000	      2110	80001064	417e8c33	sub	x24,x29,x23	 x29:0x00000000 x23:0xffffffff x24=0x00000001
       21125000	      2111	80001068	41b35813	srai	x16,x6,0x1b	  x6:0x0000003a x16=0x00000000
       21135000	      2112	8000106c	41bed493	srai	x9,x29,0x1b	 x29:0x00000000  x9=0x00000000
       21145000	      2113	80001070	4110d033	sra	x0,x1,x17	  x1:0x00000022 x17:0xf4400340
       21155000	      2114	80001074	010a3cb3	sltu	x25,x20,x16	 x20:0xf43ffec5 x16:0x00000000 x25=0x00000000
       21165000	      2115	80001078	00027833	and	x16,x4,x0	  x4:0xffffffff  x0:0x00000000 x16=0x00000000
       21175000	      2116	8000107c	af622f97	auipc	x31,0xaf622	 x31=0x2f623078
       21185000	      2117	80001080	40025593	srai	x11,x4,0x0	  x4:0xffffffff x11=0xffffffff
       21195000	      2118	80001084	019401b3	add	x3,x8,x25	  x8:0x593fb64c x25:0x00000000  x3=0x593fb64c
       21205000	      2119	80001088	02e80263	beq	x16,x14,800010ac	 x16:0x00000000 x14:0x00000001
       21215000	      2120	8000108c	01afddb3	srl	x27,x31,x26	 x31:0x2f623078 x26:0x00000180 x27=0x2f623078
       21225000	      2121	80001090	33ea0eb7	lui	x29,0x33ea0	 x29=0x33ea0000
       21235000	      2122	80001094	00129c13	slli	x24,x5,0x1	  x5:0x0000002b x24=0x00000056
       21245000	      2123	80001098	01d75913	srli	x18,x14,0x1d	 x14:0x00000001 x18=0x00000000
       21255000	      2124	8000109c	014f55b3	srl	x11,x30,x20	 x30:0x00000001 x20:0xf43ffec5 x11=0x00000000
       21265000	      2125	800010a0	222ca293	slti	x5,x25,546	 x25:0x00000000  x5=0x00000001
       21275000	      2126	800010a4	01612933	slt	x18,x2,x22	  x2:0xfffffafa x22:0x00000000 x18=0x00000001
       21285000	      2127	800010a8	033de263	bltu	x27,x19,800010cc	 x27:0x2f623078 x19:0x80009f84
       21295000	      2128	00000000	00000013	addi	x0,x0,0	  x0:0x00000000
       21305000	      2129	800010c8	00000013	addi	x0,x0,0	  x0:0x00000000
       21315000	      2130	800010cc	85604113	xori	x2,x0,-1962	  x0:0x00000000  x2=0xfffff856
       21325000	      2131	800010d0	00000013	addi	x0,x0,0	  x0:0x00000000
       21335000	      2132	800010d4	00d1c233	xor	x4,x3,x13	  x3:0x593fb64c x13:0x00000000  x4=0x593fb64c
       21345000	      2133	800010d8	0276da63	bge	x13,x7,8000110c	 x13:0x00000000  x7:0x00000000
       21355000	      2134	00000000	00000013	addi	x0,x0,0	  x0:0x00000000
       21365000	      2135	80001108	00000013	addi	x0,x0,0	  x0:0x00000000
       21375000	      2136	8000110c	008c6663	bltu	x24,x8,80001118	 x24:0x00000056  x8:0x593fb64c
       21385000	      2137	00000000	00000013	addi	x0,x0,0	  x0:0x00000000
       21395000	      2138	80001114	00000013	addi	x0,x0,0	  x0:0x00000000
       21405000	      2139	80001118	9d44f013	andi	x0,x9,-1580	  x9:0x00000000
       21415000	      2140	8000111c	0177c0b3	xor	x1,x15,x23	 x15:0x00003400 x23:0xffffffff  x1=0xffffcbff
       21425000	      2141	80001120	6f9b4593	xori	x11,x22,1785	 x22:0x00000000 x11=0x000006f9
       21435000	      2142	80001124	413a55b3	sra	x11,x20,x19	 x20:0xf43ffec5 x19:0x80009f84 x11=0xff43ffec
       21445000	      2143	80001128	01e6d013	srli	x0,x13,0x1e	 x13:0x00000000
       21455000	      2144	8000112c	0217c263	blt	x15,x1,80001150	 x15:0x00003400  x1:0xffffcbff
       21465000	      2145	80001130	00f8e733	or	x14,x17,x15	 x17:0xf4400340 x15:0x00003400 x14=0xf4403740
       21475000	      2146	80001134	00bc92b3	sll	x5,x25,x11	 x25:0x00000000 x11:0xff43ffec  x5=0x00000000
       21485000	      2147	80001138	022cc263	blt	x25,x2,8000115c	 x25:0x00000000  x2:0xfffff856
       21495000	      2148	8000113c	0051c7b3	xor	x15,x3,x5	  x3:0x593fb64c  x5:0x00000000 x15=0x593fb64c
       21505000	      2149	80001140	00e4fa33	and	x20,x9,x14	  x9:0x00000000 x14:0xf4403740 x20=0x00000000
       21515000	      2150	80001144	9bbef713	andi	x14,x29,-1605	 x29:0x33ea0000 x14=0x33ea0000
       21525000	      2151	80001148	01bac133	xor	x2,x21,x27	 x21:0xffffff4b x27:0x2f623078  x2=0xd09dcf33
       21535000	      2152	8000114c	a4d40093	addi	x1,x8,-1459	  x8:0x593fb64c  x1=0x593fb099
       21545000	      2153	80001150	40170c33	sub	x24,x14,x1	 x14:0x33ea0000  x1:0x593fb099 x24=0xdaaa4f67
       21555000	      2154	80001154	00c9da33	srl	x20,x19,x12	 x19:0x80009f84 x12:0x00000000 x20=0x80009f84
       21565000	      2155	80001158	100a0863	beq	x20,x0,80001268	 x20:0x80009f84  x0:0x00000000
       21575000	      2156	8000115c	db2d0d97	auipc	x27,0xdb2d0	 x27=0x5b2d1158
       21585000	      2157	80001160	005536b3	sltu	x13,x10,x5	 x10:0x80009fc4  x5:0x00000000 x13=0x00000000
       21595000	      2158	80001164	00000013	addi	x0,x0,0	  x0:0x00000000
       21605000	      2159	80001168	0ff5da63	bge	x11,x31,8000125c	 x11:0xff43ffec x31:0x2f623078
       21615000	      2160	8000116c	0e8e5e63	bge	x28,x8,80001268	 x28:0xfff00013  x8:0x593fb64c
       21625000	      2161	80001170	11e58863	beq	x11,x30,80001280	 x11:0xff43ffec x30:0x00000001
       21635000	      2162	80001174	41b38a33	sub	x20,x7,x27	  x7:0x00000000 x27:0x5b2d1158 x20=0xa4d2eea8
       21645000	      2163	80001178	0ca90a63	beq	x18,x10,8000124c	 x18:0x00000001 x10:0x80009fc4
       21655000	      2164	8000117c	00008297	auipc	x5,0x8	  x5=0x80009178
       21665000	      2165	80001180	85028293	addi	x5,x5,-1968	  x5:0x80009178  x5=0x800089c8
       21675000	      2166	80001184	0902dd83	lhu	x27,144(x5)	  x5:0x800089c8 x27=0x00004243 PA:0x80008a58
       21685000	      2167	80001188	02e29923	sh	x14,50(x5)	  x5:0x800089c8 x14:0x33ea0000 PA:0x800089fa
       21695000	      2168	8000118c	00129b23	sh	x1,22(x5)	  x5:0x800089c8  x1:0x593fb099 PA:0x800089de
       21705000	      2169	80001190	019ac4b3	xor	x9,x21,x25	 x21:0xffffff4b x25:0x00000000  x9=0xffffff4b
       21715000	      2170	80001194	02229a23	sh	x2,52(x5)	  x5:0x800089c8  x2:0xd09dcf33 PA:0x800089fc
       21725000	      2171	80001198	06328323	sb	x3,102(x5)	  x5:0x800089c8  x3:0x593fb64c PA:0x80008a2e
       21735000	      2172	8000119c	00255213	srli	x4,x10,0x2	 x10:0x80009fc4  x4=0x200027f1
       21745000	      2173	800011a0	3a8b0113	addi	x2,x22,936	 x22:0x00000000  x2=0x000003a8
       21755000	      2174	800011a4	f3429b23	sh	x20,-202(x5)	  x5:0x800089c8 x20:0xa4d2eea8 PA:0x800088fe
       21765000	      2175	800011a8	0a22d803	lhu	x16,162(x5)	  x5:0x800089c8 x16=0x00005051 PA:0x80008a6a
       21775000	      2176	800011ac	ff628d83	lb	x27,-10(x5)	  x5:0x800089c8 x27=0xffffffa5 PA:0x800089be
       21785000	      2177	800011b0	00ebe0b3	or	x1,x23,x14	 x23:0xffffffff x14:0x33ea0000  x1=0xffffffff
       21795000	      2178	800011b4	01de0833	add	x16,x28,x29	 x28:0xfff00013 x29:0x33ea0000 x16=0x33da0013
       21805000	      2179	800011b8	0952c183	lbu	x3,149(x5)	  x5:0x800089c8  x3=0x00000046 PA:0x80008a5d
       21815000	      2180	800011bc	01955313	srli	x6,x10,0x19	 x10:0x80009fc4  x6=0x00000040
       21825000	      2181	800011c0	0f328183	lb	x3,243(x5)	  x5:0x800089c8  x3=0xffffffa0 PA:0x80008abb
       21835000	      2182	800011c4	00649db3	sll	x27,x9,x6	  x9:0xffffff4b  x6:0x00000040 x27=0xffffff4b
       21845000	      2183	800011c8	41f45a33	sra	x20,x8,x31	  x8:0x593fb64c x31:0x2f623078 x20=0x00000059
       21855000	      2184	800011cc	e0808eb7	lui	x29,0xe0808	 x29=0xe0808000
       21865000	      2185	800011d0	0d328423	sb	x19,200(x5)	  x5:0x800089c8 x19:0x80009f84 PA:0x80008a90
       21875000	      2186	800011d4	3926c493	xori	x9,x13,914	 x13:0x00000000  x9=0x00000392
       21885000	      2187	800011d8	01f16a33	or	x20,x2,x31	  x2:0x000003a8 x31:0x2f623078 x20=0x2f6233f8
       21895000	      2188	800011dc	406d2c93	slti	x25,x26,1030	 x26:0x00000180 x25=0x00000001
       21905000	      2189	800011e0	0722c303	lbu	x6,114(x5)	  x5:0x800089c8  x6=0x00000021 PA:0x80008a3a
       21915000	      2190	800011e4	01528c83	lb	x25,21(x5)	  x5:0x800089c8 x25=0xffffffc6 PA:0x800089dd
       21925000	      2191	800011e8	01781733	sll	x14,x16,x23	 x16:0x33da0013 x23:0xffffffff x14=0x80000000
       21935000	      2192	800011ec	f7a2cd83	lbu	x27,-134(x5)	  x5:0x800089c8 x27=0x00000029 PA:0x80008942
       21945000	      2193	800011f0	fb42cd83	lbu	x27,-76(x5)	  x5:0x800089c8 x27=0x00000067 PA:0x8000897c
       21955000	      2194	800011f4	0ef2c603	lbu	x12,239(x5)	  x5:0x800089c8 x12=0x0000009c PA:0x80008ab7
       21965000	      2195	800011f8	97fe2793	slti	x15,x28,-1665	 x28:0xfff00013 x15=0x00000001
       21975000	      2196	800011fc	fdd2c383	lbu	x7,-35(x5)	  x5:0x800089c8  x7=0x0000008e PA:0x800089a5
       21985000	      2197	80001200	ffc2df83	lhu	x31,-4(x5)	  x5:0x800089c8 x31=0x0000aeaf PA:0x800089c4
       21995000	      2198	80001204	0c429823	sh	x4,208(x5)	  x5:0x800089c8  x4:0x200027f1 PA:0x80008a98
       22005000	      2199	80001208	00829723	sh	x8,14(x5)	  x5:0x800089c8  x8:0x593fb64c PA:0x800089d6
       22015000	      2200	8000120c	8ddaeb13	ori	x22,x21,-1827	 x21:0xffffff4b x22=0xffffffdf
       22025000	      2201	80001210	00a29903	lh	x18,10(x5)	  x5:0x800089c8 x18=0xffffb8b9 PA:0x800089d2
       22035000	      2202	80001214	410f0ab3	sub	x21,x30,x16	 x30:0x00000001 x16:0x33da0013 x21=0xcc25ffee
       22045000	      2203	80001218	f582cc03	lbu	x24,-168(x5)	  x5:0x800089c8 x24=0x0000000b PA:0x80008920
       22055000	      2204	8000121c	f6b28683	lb	x13,-149(x5)	  x5:0x800089c8 x13=0x00000018 PA:0x80008933
       22065000	      2205	80001220	f7a2ca83	lbu	x21,-134(x5)	  x5:0x800089c8 x21=0x00000029 PA:0x80008942
       22075000	      2206	80001224	41395313	srai	x6,x18,0x13	 x18:0xffffb8b9  x6=0xffffffff
       22085000	      2207	80001228	f6529b23	sh	x5,-138(x5)	  x5:0x800089c8  x5:0x800089c8 PA:0x8000893e
       22095000	      2208	8000122c	661a3617	auipc	x12,0x661a3	 x12=0xe61a4228
       22105000	      2209	80001230	f9b2ac23	sw	x27,-104(x5)	  x5:0x800089c8 x27:0x00000067 PA:0x80008960
       22115000	      2210	80001234	fb428da3	sb	x20,-69(x5)	  x5:0x800089c8 x20:0x2f6233f8 PA:0x80008983
       22125000	      2211	80001238	0ea2ae23	sw	x10,252(x5)	  x5:0x800089c8 x10:0x80009fc4 PA:0x80008ac4
       22135000	      2212	8000123c	002acf33	xor	x30,x21,x2	 x21:0x00000029  x2:0x000003a8 x30=0x00000381
       22145000	      2213	80001240	078db093	sltiu	x1,x27,120	 x27:0x00000067  x1=0x00000001
       22155000	      2214	80001244	fcf29e23	sh	x15,-36(x5)	  x5:0x800089c8 x15:0x00000001 PA:0x800089a4
       22165000	      2215	80001248	01d0df33	srl	x30,x1,x29	  x1:0x00000001 x29:0xe0808000 x30=0x00000001
       22175000	      2216	8000124c	d0c54213	xori	x4,x10,-756	 x10:0x80009fc4  x4=0x7fff62c8
       22185000	      2217	80001250	41ca3093	sltiu	x1,x20,1052	 x20:0x2f6233f8  x1=0x00000000
       22195000	      2218	80001254	00bfa7b3	slt	x15,x31,x11	 x31:0x0000aeaf x11:0xff43ffec x15=0x00000000
       22205000	      2219	80001258	411f0ab3	sub	x21,x30,x17	 x30:0x00000001 x17:0xf4400340 x21=0x0bbffcc1
       22215000	      2220	8000125c	00611a93	slli	x21,x2,0x6	  x2:0x000003a8 x21=0x0000ea00
       22225000	      2221	80001260	00078db3	add	x27,x15,x0	 x15:0x00000000  x0:0x00000000 x27=0x00000000
       22235000	      2222	80001264	40f4d0b3	sra	x1,x9,x15	  x9:0x00000392 x15:0x00000000  x1=0x00000392
       22245000	      2223	80001268	565cce93	xori	x29,x25,1381	 x25:0xffffffc6 x29=0xfffffaa3
       22255000	      2224	8000126c	00000013	addi	x0,x0,0	  x0:0x00000000
       22265000	      2225	80001270	01433033	sltu	x0,x6,x20	  x6:0xffffffff x20:0x2f6233f8
       22275000	      2226	80001274	01325093	srli	x1,x4,0x13	  x4:0x7fff62c8  x1=0x00000fff
       22285000	      2227	80001278	01515d93	srli	x27,x2,0x15	  x2:0x000003a8 x27=0x00000000
       22295000	      2228	8000127c	41edd133	sra	x2,x27,x30	 x27:0x00000000 x30:0x00000001  x2=0x00000000
       22305000	      2229	80001280	33af3417	auipc	x8,0x33af3	  x8=0xb3af427c
       22315000	      2230	80001284	01090133	add	x2,x18,x16	 x18:0xffffb8b9 x16:0x33da0013  x2=0x33d9b8cc
       22325000	      2231	80001288	0564c463	blt	x9,x22,800012d0	  x9:0x00000392 x22:0xffffffdf
       22335000	      2232	8000128c	003f86b3	add	x13,x31,x3	 x31:0x0000aeaf  x3:0xffffffa0 x13=0x0000ae4f
       22345000	      2233	80001290	416bdb33	sra	x22,x23,x22	 x23:0xffffffff x22:0xffffffdf x22=0xffffffff
       22355000	      2234	80001294	40df87b3	sub	x15,x31,x13	 x31:0x0000aeaf x13:0x0000ae4f x15=0x00000060
       22365000	      2235	80001298	fe708b93	addi	x23,x1,-25	  x1:0x00000fff x23=0x00000fe6
       22375000	      2236	8000129c	0349ca63	blt	x19,x20,800012d0	 x19:0x80009f84 x20:0x2f6233f8
       22385000	      2237	00000000	00000013	addi	x0,x0,0	  x0:0x00000000
       22395000	      2238	800012cc	00000013	addi	x0,x0,0	  x0:0x00000000
       22405000	      2239	800012d0	41175593	srai	x11,x14,0x11	 x14:0x80000000 x11=0xffffc000
       22415000	      2240	800012d4	41435c13	srai	x24,x6,0x14	  x6:0xffffffff x24=0xffffffff
       22425000	      2241	800012d8	35d1fd17	auipc	x26,0x35d1f	 x26=0xb5d202d4
       22435000	      2242	800012dc	49eaffb7	lui	x31,0x49eaf	 x31=0x49eaf000
       22445000	      2243	800012e0	02b49663	bne	x9,x11,8000130c	  x9:0x00000392 x11:0xffffc000
       22455000	      2244	00000000	00000013	addi	x0,x0,0	  x0:0x00000000
       22465000	      2245	80001308	00000013	addi	x0,x0,0	  x0:0x00000000
       22475000	      2246	8000130c	04020863	beq	x4,x0,8000135c	  x4:0x7fff62c8  x0:0x00000000
       22485000	      2247	80001310	40335d13	srai	x26,x6,0x3	  x6:0xffffffff x26=0xffffffff
       22495000	      2248	80001314	001d10b3	sll	x1,x26,x1	 x26:0xffffffff  x1:0x00000fff  x1=0x80000000
       22505000	      2249	80001318	8e8792b7	lui	x5,0x8e879	  x5=0x8e879000
       22515000	      2250	8000131c	01fc6db3	or	x27,x24,x31	 x24:0xffffffff x31:0x49eaf000 x27=0xffffffff
       22525000	      2251	80001320	03df5a63	bge	x30,x29,80001354	 x30:0x00000001 x29:0xfffffaa3
       22535000	      2252	00000000	00000013	addi	x0,x0,0	  x0:0x00000000
       22545000	      2253	80001350	00000013	addi	x0,x0,0	  x0:0x00000000
       22555000	      2254	80001354	0b5e9637	lui	x12,0xb5e9	 x12=0x0b5e9000
       22565000	      2255	80001358	0017fbb3	and	x23,x15,x1	 x15:0x00000060  x1:0x80000000 x23=0x00000000
       22575000	      2256	8000135c	03e06463	bltu	x0,x30,80001384	  x0:0x00000000 x30:0x00000001
       22585000	      2257	00000000	00000013	addi	x0,x0,0	  x0:0x00000000
       22595000	      2258	80001380	00000013	addi	x0,x0,0	  x0:0x00000000
       22605000	      2259	80001384	00c76f33	or	x30,x14,x12	 x14:0x80000000 x12:0x0b5e9000 x30=0x8b5e9000
       22615000	      2260	80001388	03a75263	bge	x14,x26,800013ac	 x14:0x80000000 x26:0xffffffff
       22625000	      2261	8000138c	018f57b3	srl	x15,x30,x24	 x30:0x8b5e9000 x24:0xffffffff x15=0x00000001
       22635000	      2262	80001390	00e29c13	slli	x24,x5,0xe	  x5:0x8e879000 x24=0xe4000000
       22645000	      2263	80001394	0183d413	srli	x8,x7,0x18	  x7:0x0000008e  x8=0x00000000
       22655000	      2264	80001398	61aaea13	ori	x20,x21,1562	 x21:0x0000ea00 x20=0x0000ee1a
       22665000	      2265	8000139c	014e1e63	bne	x28,x20,800013b8	 x28:0xfff00013 x20:0x0000ee1a
       22675000	      2266	00000000	00000013	addi	x0,x0,0	  x0:0x00000000
       22685000	      2267	800013b4	00000013	addi	x0,x0,0	  x0:0x00000000
       22695000	      2268	800013b8	41175d33	sra	x26,x14,x17	 x14:0x80000000 x17:0xf4400340 x26=0x80000000
       22705000	      2269	800013bc	38aa7e93	andi	x29,x20,906	 x20:0x0000ee1a x29=0x0000020a
       22715000	      2270	800013c0	01a787b3	add	x15,x15,x26	 x15:0x00000001 x26:0x80000000 x15=0x80000001
       22725000	      2271	800013c4	05161863	bne	x12,x17,80001414	 x12:0x0b5e9000 x17:0xf4400340
       22735000	      2272	00000000	00000013	addi	x0,x0,0	  x0:0x00000000
       22745000	      2273	80001410	00000013	addi	x0,x0,0	  x0:0x00000000
       22755000	      2274	80001414	01631193	slli	x3,x6,0x16	  x6:0xffffffff  x3=0xffc00000
       22765000	      2275	80001418	403cd493	srai	x9,x25,0x3	 x25:0xffffffc6  x9=0xfffffff8
       22775000	      2276	8000141c	01e79b33	sll	x22,x15,x30	 x15:0x80000001 x30:0x8b5e9000 x22=0x80000001
       22785000	      2277	80001420	0243da63	bge	x7,x4,80001454	  x7:0x0000008e  x4:0x7fff62c8
       22795000	      2278	80001424	4082d633	sra	x12,x5,x8	  x5:0x8e879000  x8:0x00000000 x12=0x8e879000
       22805000	      2279	80001428	011b9593	slli	x11,x23,0x11	 x23:0x00000000 x11=0x00000000
       22815000	      2280	8000142c	005d5f33	srl	x30,x26,x5	 x26:0x80000000  x5:0x8e879000 x30=0x80000000
       22825000	      2281	80001430	00039093	slli	x1,x7,0x0	  x7:0x0000008e  x1=0x0000008e
       22835000	      2282	80001434	42440413	addi	x8,x8,1060	  x8:0x00000000  x8=0x00000424
       22845000	      2283	80001438	002c5313	srli	x6,x24,0x2	 x24:0xe4000000  x6=0x39000000
       22855000	      2284	8000143c	828c6113	ori	x2,x24,-2008	 x24:0xe4000000  x2=0xfffff828
       22865000	      2285	80001440	146e7037	lui	x0,0x146e7	
       22875000	      2286	80001444	015c6c63	bltu	x24,x21,8000145c	 x24:0xe4000000 x21:0x0000ea00
       22885000	      2287	80001448	00460d33	add	x26,x12,x4	 x12:0x8e879000  x4:0x7fff62c8 x26=0x0e86f2c8
       22895000	      2288	8000144c	00000013	addi	x0,x0,0	  x0:0x00000000
       22905000	      2289	80001450	aa924793	xori	x15,x4,-1367	  x4:0x7fff62c8 x15=0x80009861
       22915000	      2290	80001454	01ad0db3	add	x27,x26,x26	 x26:0x0e86f2c8 x26:0x0e86f2c8 x27=0x1d0de590
       22925000	      2291	80001458	2d239e17	auipc	x28,0x2d239	 x28=0xad23a454
       22935000	      2292	8000145c	05f80063	beq	x16,x31,8000149c	 x16:0x33da0013 x31:0x49eaf000
       22945000	      2293	80001460	1e718013	addi	x0,x3,487	  x3:0xffc00000
       22955000	      2294	80001464	03d3de63	bge	x7,x29,800014a0	  x7:0x0000008e x29:0x0000020a
       22965000	      2295	80001468	00f2e7b3	or	x15,x5,x15	  x5:0x8e879000 x15:0x80009861 x15=0x8e879861
       22975000	      2296	8000146c	40e7db93	srai	x23,x15,0xe	 x15:0x8e879861 x23=0xfffe3a1e
       22985000	      2297	80001470	014edc33	srl	x24,x29,x20	 x29:0x0000020a x20:0x0000ee1a x24=0x00000000
       22995000	      2298	80001474	016b80b3	add	x1,x23,x22	 x23:0xfffe3a1e x22:0x80000001  x1=0x7ffe3a1f
       23005000	      2299	80001478	00b67833	and	x16,x12,x11	 x12:0x8e879000 x11:0x00000000 x16=0x00000000
       23015000	      2300	8000147c	00000013	addi	x0,x0,0	  x0:0x00000000
       23025000	      2301	80001480	00000013	addi	x0,x0,0	  x0:0x00000000
       23035000	      2302	80001484	006c9693	slli	x13,x25,0x6	 x25:0xffffffc6 x13=0xfffff180
       23045000	      2303	80001488	f17fcc93	xori	x25,x31,-233	 x31:0x49eaf000 x25=0xb6150f17
       23055000	      2304	8000148c	6e8cab93	slti	x23,x25,1768	 x25:0xb6150f17 x23=0x00000001
       23065000	      2305	80001490	03db7a63	bgeu	x22,x29,800014c4	 x22:0x80000001 x29:0x0000020a
       23075000	      2306	00000000	00000013	addi	x0,x0,0	  x0:0x00000000
       23085000	      2307	800014c0	00000013	addi	x0,x0,0	  x0:0x00000000
       23095000	      2308	800014c4	002c33b3	sltu	x7,x24,x2	 x24:0x00000000  x2:0xfffff828  x7=0x00000001
       23105000	      2309	800014c8	40ac82b3	sub	x5,x25,x10	 x25:0xb6150f17 x10:0x80009fc4  x5=0x36146f53
       23115000	      2310	800014cc	039e0263	beq	x28,x25,800014f0	 x28:0xad23a454 x25:0xb6150f17
       23125000	      2311	800014d0	40a05e93	srai	x29,x0,0xa	  x0:0x00000000 x29=0x00000000
       23135000	      2312	800014d4	00d587b3	add	x15,x11,x13	 x11:0x00000000 x13:0xfffff180 x15=0xfffff180
       23145000	      2313	800014d8	f5dd0793	addi	x15,x26,-163	 x26:0x0e86f2c8 x15=0x0e86f225
       23155000	      2314	800014dc	52b2f113	andi	x2,x5,1323	  x5:0x36146f53  x2=0x00000503
       23165000	      2315	800014e0	00d1a7b3	slt	x15,x3,x13	  x3:0xffc00000 x13:0xfffff180 x15=0x00000001
       23175000	      2316	800014e4	00dc0a63	beq	x24,x13,800014f8	 x24:0x00000000 x13:0xfffff180
       23185000	      2317	800014e8	35448313	addi	x6,x9,852	  x9:0xfffffff8  x6=0x0000034c
       23195000	      2318	800014ec	9b870493	addi	x9,x14,-1608	 x14:0x80000000  x9=0x7ffff9b8
       23205000	      2319	800014f0	05a85463	bge	x16,x26,80001538	 x16:0x00000000 x26:0x0e86f2c8
       23215000	      2320	800014f4	4e02f313	andi	x6,x5,1248	  x5:0x36146f53  x6=0x00000440
       23225000	      2321	800014f8	0023a333	slt	x6,x7,x2	  x7:0x00000001  x2:0x00000503  x6=0x00000001
       23235000	      2322	800014fc	0193df33	srl	x30,x7,x25	  x7:0x00000001 x25:0xb6150f17 x30=0x00000000
       23245000	      2323	80001500	0498d263	bge	x17,x9,80001544	 x17:0xf4400340  x9:0x7ffff9b8
       23255000	      2324	80001504	05d29863	bne	x5,x29,80001554	  x5:0x36146f53 x29:0x00000000
       23265000	      2325	00000000	00000013	addi	x0,x0,0	  x0:0x00000000
       23275000	      2326	80001550	00000013	addi	x0,x0,0	  x0:0x00000000
       23285000	      2327	80001554	73f8cb13	xori	x22,x17,1855	 x17:0xf4400340 x22=0xf440047f
       23295000	      2328	80001558	01673433	sltu	x8,x14,x22	 x14:0x80000000 x22:0xf440047f  x8=0x00000001
       23305000	      2329	8000155c	05e7d863	bge	x15,x30,800015ac	 x15:0x00000001 x30:0x00000000
       23315000	      2330	00000000	00000013	addi	x0,x0,0	  x0:0x00000000
       23325000	      2331	800015a8	00000013	addi	x0,x0,0	  x0:0x00000000
       23335000	      2332	800015ac	002a9293	slli	x5,x21,0x2	 x21:0x0000ea00  x5=0x0003a800
       23345000	      2333	800015b0	05bf6b93	ori	x23,x30,91	 x30:0x00000000 x23=0x0000005b
       23355000	      2334	800015b4	01981213	slli	x4,x16,0x19	 x16:0x00000000  x4=0x00000000
       23365000	      2335	800015b8	04730463	beq	x6,x7,80001600	  x6:0x00000001  x7:0x00000001
       23375000	      2336	00000000	00000013	addi	x0,x0,0	  x0:0x00000000
       23385000	      2337	800015fc	00000013	addi	x0,x0,0	  x0:0x00000000
       23395000	      2338	80001600	0125b1b3	sltu	x3,x11,x18	 x11:0x00000000 x18:0xffffb8b9  x3=0x00000001
       23405000	      2339	80001604	05118463	beq	x3,x17,8000164c	  x3:0x00000001 x17:0xf4400340
       23415000	      2340	80001608	00e8cab3	xor	x21,x17,x14	 x17:0xf4400340 x14:0x80000000 x21=0x74400340
       23425000	      2341	8000160c	215c4a13	xori	x20,x24,533	 x24:0x00000000 x20=0x00000215
       23435000	      2342	80001610	01e40233	add	x4,x8,x30	  x8:0x00000001 x30:0x00000000  x4=0x00000001
       23445000	      2343	80001614	003f5613	srli	x12,x30,0x3	 x30:0x00000000 x12=0x00000000
       23455000	      2344	80001618	ef0ef137	lui	x2,0xef0ef	  x2=0xef0ef000
       23465000	      2345	8000161c	01469c33	sll	x24,x13,x20	 x13:0xfffff180 x20:0x00000215 x24=0x30000000
       23475000	      2346	80001620	01909793	slli	x15,x1,0x19	  x1:0x7ffe3a1f x15=0x3e000000
       23485000	      2347	80001624	01374c63	blt	x14,x19,8000163c	 x14:0x80000000 x19:0x80009f84
       23495000	      2348	00000000	00000013	addi	x0,x0,0	  x0:0x00000000
       23505000	      2349	80001638	00000013	addi	x0,x0,0	  x0:0x00000000
       23515000	      2350	8000163c	e18c2813	slti	x16,x24,-488	 x24:0x30000000 x16=0x00000000
       23525000	      2351	80001640	00f6bc33	sltu	x24,x13,x15	 x13:0xfffff180 x15:0x3e000000 x24=0x00000000
       23535000	      2352	80001644	0138e5b3	or	x11,x17,x19	 x17:0xf4400340 x19:0x80009f84 x11=0xf4409fc4
       23545000	      2353	80001648	41acd713	srai	x14,x25,0x1a	 x25:0xb6150f17 x14=0xffffffed
       23555000	      2354	8000164c	dc6c7493	andi	x9,x24,-570	 x24:0x00000000  x9=0x00000000
       23565000	      2355	80001650	005f9c93	slli	x25,x31,0x5	 x31:0x49eaf000 x25=0x3d5e0000
       23575000	      2356	80001654	05bd5863	bge	x26,x27,800016a4	 x26:0x0e86f2c8 x27:0x1d0de590
       23585000	      2357	80001658	41510a33	sub	x20,x2,x21	  x2:0xef0ef000 x21:0x74400340 x20=0x7aceecc0
       23595000	      2358	8000165c	00d89fb3	sll	x31,x17,x13	 x17:0xf4400340 x13:0xfffff180 x31=0xf4400340
       23605000	      2359	80001660	b37f3793	sltiu	x15,x30,-1225	 x30:0x00000000 x15=0x00000001
       23615000	      2360	80001664	0467e463	bltu	x15,x6,800016ac	 x15:0x00000001  x6:0x00000001
       23625000	      2361	80001668	015585b3	add	x11,x11,x21	 x11:0xf4409fc4 x21:0x74400340 x11=0x6880a304
       23635000	      2362	8000166c	4005d413	srai	x8,x11,0x0	 x11:0x6880a304  x8=0x6880a304
       23645000	      2363	80001670	024f6263	bltu	x30,x4,80001694	 x30:0x00000000  x4:0x00000001
       23655000	      2364	00000000	00000013	addi	x0,x0,0	  x0:0x00000000
       23665000	      2365	80001690	00000013	addi	x0,x0,0	  x0:0x00000000
       23675000	      2366	80001694	0011d413	srli	x8,x3,0x1	  x3:0x00000001  x8=0x00000000
       23685000	      2367	80001698	01cfa633	slt	x12,x31,x28	 x31:0xf4400340 x28:0xad23a454 x12=0x00000000
       23695000	      2368	8000169c	01882a33	slt	x20,x16,x24	 x16:0x00000000 x24:0x00000000 x20=0x00000000
       23705000	      2369	800016a0	82f76413	ori	x8,x14,-2001	 x14:0xffffffed  x8=0xffffffef
       23715000	      2370	800016a4	761b0813	addi	x16,x22,1889	 x22:0xf440047f x16=0xf4400be0
       23725000	      2371	800016a8	019c7663	bgeu	x24,x25,800016b4	 x24:0x00000000 x25:0x3d5e0000
       23735000	      2372	800016ac	004f04b3	add	x9,x30,x4	 x30:0x00000000  x4:0x00000001  x9=0x00000001
       23745000	      2373	800016b0	04c88863	beq	x17,x12,80001700	 x17:0xf4400340 x12:0x00000000
       23755000	      2374	800016b4	0177b6b3	sltu	x13,x15,x23	 x15:0x00000001 x23:0x0000005b x13=0x00000001
       23765000	      2375	800016b8	00548c63	beq	x9,x5,800016d0	  x9:0x00000001  x5:0x0003a800
       23775000	      2376	800016bc	02b6c463	blt	x13,x11,800016e4	 x13:0x00000001 x11:0x6880a304
       23785000	      2377	00000000	00000013	addi	x0,x0,0	  x0:0x00000000
       23795000	      2378	800016e0	00000013	addi	x0,x0,0	  x0:0x00000000
       23805000	      2379	800016e4	011fb433	sltu	x8,x31,x17	 x31:0xf4400340 x17:0xf4400340  x8=0x00000000
       23815000	      2380	800016e8	016b6ab3	or	x21,x22,x22	 x22:0xf440047f x22:0xf440047f x21=0xf440047f
       23825000	      2381	800016ec	727aa493	slti	x9,x21,1831	 x21:0xf440047f  x9=0x00000001
       23835000	      2382	800016f0	01decab3	xor	x21,x29,x29	 x29:0x00000000 x29:0x00000000 x21=0x00000000
       23845000	      2383	800016f4	1e75ff93	andi	x31,x11,487	 x11:0x6880a304 x31=0x00000104
       23855000	      2384	800016f8	75288b37	lui	x22,0x75288	 x22=0x75288000
       23865000	      2385	800016fc	78b50413	addi	x8,x10,1931	 x10:0x80009fc4  x8=0x8000a74f
       23875000	      2386	80001700	40bf8333	sub	x6,x31,x11	 x31:0x00000104 x11:0x6880a304  x6=0x977f5e00
       23885000	      2387	80001704	0034ac33	slt	x24,x9,x3	  x9:0x00000001  x3:0x00000001 x24=0x00000000
       23895000	      2388	80001708	01381193	slli	x3,x16,0x13	 x16:0xf4400be0  x3=0x5f000000
       23905000	      2389	8000170c	0007ecb3	or	x25,x15,x0	 x15:0x00000001  x0:0x00000000 x25=0x00000001
       23915000	      2390	80001710	00fb87b3	add	x15,x23,x15	 x23:0x0000005b x15:0x00000001 x15=0x0000005c
       23925000	      2391	80001714	e5464013	xori	x0,x12,-428	 x12:0x00000000
       23935000	      2392	80001718	018ad313	srli	x6,x21,0x18	 x21:0x00000000  x6=0x00000000
       23945000	      2393	8000171c	01f07833	and	x16,x0,x31	  x0:0x00000000 x31:0x00000104 x16=0x00000000
       23955000	      2394	80001720	002af733	and	x14,x21,x2	 x21:0x00000000  x2:0xef0ef000 x14=0x00000000
       23965000	      2395	80001724	00294633	xor	x12,x18,x2	 x18:0xffffb8b9  x2:0xef0ef000 x12=0x10f148b9
       23975000	      2396	80001728	8617f793	andi	x15,x15,-1951	 x15:0x0000005c x15=0x00000040
       23985000	      2397	8000172c	410fd433	sra	x8,x31,x16	 x31:0x00000104 x16:0x00000000  x8=0x00000104
       23995000	      2398	80001730	00b3d433	srl	x8,x7,x11	  x7:0x00000001 x11:0x6880a304  x8=0x00000000
       24005000	      2399	80001734	e3774597	auipc	x11,0xe3774	 x11=0x63775730
       24015000	      2400	80001738	5980aa93	slti	x21,x1,1432	  x1:0x7ffe3a1f x21=0x00000000
       24025000	      2401	8000173c	62feb437	lui	x8,0x62feb	  x8=0x62feb000
       24035000	      2402	80001740	00161293	slli	x5,x12,0x1	 x12:0x10f148b9  x5=0x21e29172
       24045000	      2403	80001744	01b504b3	add	x9,x10,x27	 x10:0x80009fc4 x27:0x1d0de590  x9=0x9d0e8554
       24055000	      2404	80001748	01f65e33	srl	x28,x12,x31	 x12:0x10f148b9 x31:0x00000104 x28=0x010f148b
       24065000	      2405	8000174c	4177d2b3	sra	x5,x15,x23	 x15:0x00000040 x23:0x0000005b  x5=0x00000000
       24075000	      2406	80001750	03690a63	beq	x18,x22,80001784	 x18:0xffffb8b9 x22:0x75288000
       24085000	      2407	80001754	c500c693	xori	x13,x1,-944	  x1:0x7ffe3a1f x13=0x8001c64f
       24095000	      2408	80001758	00c7aa33	slt	x20,x15,x12	 x15:0x00000040 x12:0x10f148b9 x20=0x00000001
       24105000	      2409	8000175c	54f1f213	andi	x4,x3,1359	  x3:0x5f000000  x4=0x00000000
       24115000	      2410	80001760	00cdf0b3	and	x1,x27,x12	 x27:0x1d0de590 x12:0x10f148b9  x1=0x10014090
       24125000	      2411	80001764	042a8263	beq	x21,x2,800017a8	 x21:0x00000000  x2:0xef0ef000
       24135000	      2412	80001768	015f1463	bne	x30,x21,80001770	 x30:0x00000000 x21:0x00000000
       24145000	      2413	8000176c	00000013	addi	x0,x0,0	  x0:0x00000000
       24155000	      2414	80001770	9cab3d13	sltiu	x26,x22,-1590	 x22:0x75288000 x26=0x00000001
       24165000	      2415	80001774	2b7a2c93	slti	x25,x20,695	 x20:0x00000001 x25=0x00000001
       24175000	      2416	80001778	c1387b93	andi	x23,x16,-1005	 x16:0x00000000 x23=0x00000000
       24185000	      2417	8000177c	01710463	beq	x2,x23,80001784	  x2:0xef0ef000 x23:0x00000000
       24195000	      2418	80001780	011e2db3	slt	x27,x28,x17	 x28:0x010f148b x17:0xf4400340 x27=0x00000000
       24205000	      2419	80001784	a33b9217	auipc	x4,0xa33b9	  x4=0x233ba780
       24215000	      2420	80001788	00beeab3	or	x21,x29,x11	 x29:0x00000000 x11:0x63775730 x21=0x63775730
       24225000	      2421	8000178c	edfb3493	sltiu	x9,x22,-289	 x22:0x75288000  x9=0x00000001
       24235000	      2422	80001790	01407333	and	x6,x0,x20	  x0:0x00000000 x20:0x00000001  x6=0x00000000
       24245000	      2423	80001794	0190ca63	blt	x1,x25,800017a8	  x1:0x10014090 x25:0x00000001
       24255000	      2424	80001798	00518c63	beq	x3,x5,800017b0	  x3:0x5f000000  x5:0x00000000
       24265000	      2425	8000179c	00000013	addi	x0,x0,0	  x0:0x00000000
       24275000	      2426	800017a0	02580e63	beq	x16,x5,800017dc	 x16:0x00000000  x5:0x00000000
       24285000	      2427	00000000	00000013	addi	x0,x0,0	  x0:0x00000000
       24295000	      2428	800017d8	00000013	addi	x0,x0,0	  x0:0x00000000
       24305000	      2429	800017dc	048f7263	bgeu	x30,x8,80001820	 x30:0x00000000  x8:0x62feb000
       24315000	      2430	800017e0	01819f93	slli	x31,x3,0x18	  x3:0x5f000000 x31=0x00000000
       24325000	      2431	800017e4	006740b3	xor	x1,x14,x6	 x14:0x00000000  x6:0x00000000  x1=0x00000000
       24335000	      2432	800017e8	e6574593	xori	x11,x14,-411	 x14:0x00000000 x11=0xfffffe65
       24345000	      2433	800017ec	002667b3	or	x15,x12,x2	 x12:0x10f148b9  x2:0xef0ef000 x15=0xfffff8b9
       24355000	      2434	800017f0	401f8b33	sub	x22,x31,x1	 x31:0x00000000  x1:0x00000000 x22=0x00000000
       24365000	      2435	800017f4	044d5063	bge	x26,x4,80001834	 x26:0x00000001  x4:0x233ba780
       24375000	      2436	800017f8	c09fc397	auipc	x7,0xc09fc	  x7=0x409fd7f4
       24385000	      2437	800017fc	12b37a13	andi	x20,x6,299	  x6:0x00000000 x20=0x00000000
       24395000	      2438	80001800	bf698013	addi	x0,x19,-1034	 x19:0x80009f84
       24405000	      2439	80001804	03d31663	bne	x6,x29,80001830	  x6:0x00000000 x29:0x00000000
       24415000	      2440	80001808	016e3333	sltu	x6,x28,x22	 x28:0x010f148b x22:0x00000000  x6=0x00000000
       24425000	      2441	8000180c	039b8263	beq	x23,x25,80001830	 x23:0x00000000 x25:0x00000001
       24435000	      2442	80001810	00599c63	bne	x19,x5,80001828	 x19:0x80009f84  x5:0x00000000
       24445000	      2443	00000000	00000013	addi	x0,x0,0	  x0:0x00000000
       24455000	      2444	80001824	00000013	addi	x0,x0,0	  x0:0x00000000
       24465000	      2445	80001828	00900633	add	x12,x0,x9	  x0:0x00000000  x9:0x00000001 x12=0x00000001
       24475000	      2446	8000182c	01001f13	slli	x30,x0,0x10	  x0:0x00000000 x30=0x00000000
       24485000	      2447	80001830	00dcc833	xor	x16,x25,x13	 x25:0x00000001 x13:0x8001c64f x16=0x8001c64e
       24495000	      2448	80001834	40038633	sub	x12,x7,x0	  x7:0x409fd7f4  x0:0x00000000 x12=0x409fd7f4
       24505000	      2449	80001838	047bc063	blt	x23,x7,80001878	 x23:0x00000000  x7:0x409fd7f4
       24515000	      2450	00000000	00000013	addi	x0,x0,0	  x0:0x00000000
       24525000	      2451	80001874	00000013	addi	x0,x0,0	  x0:0x00000000
       24535000	      2452	80001878	7df0ec13	ori	x24,x1,2015	  x1:0x00000000 x24=0x000007df
       24545000	      2453	8000187c	01aa5a93	srli	x21,x20,0x1a	 x20:0x00000000 x21=0x00000000
       24555000	      2454	80001880	01371c63	bne	x14,x19,80001898	 x14:0x00000000 x19:0x80009f84
       24565000	      2455	00000000	00000013	addi	x0,x0,0	  x0:0x00000000
       24575000	      2456	80001894	00000013	addi	x0,x0,0	  x0:0x00000000
       24585000	      2457	80001898	40d9d1b3	sra	x3,x19,x13	 x19:0x80009f84 x13:0x8001c64f  x3=0xffff0001
       24595000	      2458	8000189c	d3efb193	sltiu	x3,x31,-706	 x31:0x00000000  x3=0x00000001
       24605000	      2459	800018a0	03514a63	blt	x2,x21,800018d4	  x2:0xef0ef000 x21:0x00000000
       24615000	      2460	00000000	00000013	addi	x0,x0,0	  x0:0x00000000
       24625000	      2461	800018d0	00000013	addi	x0,x0,0	  x0:0x00000000
       24635000	      2462	800018d4	0178d913	srli	x18,x17,0x17	 x17:0xf4400340 x18=0x000001e8
       24645000	      2463	800018d8	00913bb3	sltu	x23,x2,x9	  x2:0xef0ef000  x9:0x00000001 x23=0x00000000
       24655000	      2464	800018dc	c0e0c313	xori	x6,x1,-1010	  x1:0x00000000  x6=0xfffffc0e
       24665000	      2465	800018e0	04770263	beq	x14,x7,80001924	 x14:0x00000000  x7:0x409fd7f4
       24675000	      2466	800018e4	1b3f7113	andi	x2,x30,435	 x30:0x00000000  x2=0x00000000
       24685000	      2467	800018e8	43ff3317	auipc	x6,0x43ff3	  x6=0xc3ff48e4
       24695000	      2468	800018ec	92063bb7	lui	x23,0x92063	 x23=0x92063000
       24705000	      2469	800018f0	04bd6863	bltu	x26,x11,80001940	 x26:0x00000001 x11:0xfffffe65
       24715000	      2470	00000000	00000013	addi	x0,x0,0	  x0:0x00000000
       24725000	      2471	8000193c	00000013	addi	x0,x0,0	  x0:0x00000000
       24735000	      2472	80001940	01de77b3	and	x15,x28,x29	 x28:0x010f148b x29:0x00000000 x15=0x00000000
       24745000	      2473	80001944	d8e74313	xori	x6,x14,-626	 x14:0x00000000  x6=0xfffffd8e
       24755000	      2474	80001948	c6b3e093	ori	x1,x7,-917	  x7:0x409fd7f4  x1=0xffffffff
       24765000	      2475	8000194c	01aae833	or	x16,x21,x26	 x21:0x00000000 x26:0x00000001 x16=0x00000001
       24775000	      2476	80001950	00000013	addi	x0,x0,0	  x0:0x00000000
       24785000	      2477	80001954	07f0c063	blt	x1,x31,800019b4	  x1:0xffffffff x31:0x00000000
       24795000	      2478	00000000	00000013	addi	x0,x0,0	  x0:0x00000000
       24805000	      2479	800019b0	00000013	addi	x0,x0,0	  x0:0x00000000
       24815000	      2480	800019b4	00000013	addi	x0,x0,0	  x0:0x00000000
       24825000	      2481	800019b8	1d474413	xori	x8,x14,468	 x14:0x00000000  x8=0x000001d4
       24835000	      2482	800019bc	7b0def93	ori	x31,x27,1968	 x27:0x00000000 x31=0x000007b0
       24845000	      2483	800019c0	c06e3193	sltiu	x3,x28,-1018	 x28:0x010f148b  x3=0x00000001
       24855000	      2484	800019c4	ca55cd93	xori	x27,x11,-859	 x11:0xfffffe65 x27=0x000002c0
       24865000	      2485	800019c8	00000013	addi	x0,x0,0	  x0:0x00000000
       24875000	      2486	800019cc	0574d863	bge	x9,x23,80001a1c	  x9:0x00000001 x23:0x92063000
       24885000	      2487	00000000	00000013	addi	x0,x0,0	  x0:0x00000000
       24895000	      2488	80001a18	00000013	addi	x0,x0,0	  x0:0x00000000
       24905000	      2489	80001a1c	485fb493	sltiu	x9,x31,1157	 x31:0x000007b0  x9=0x00000000
       24915000	      2490	80001a20	593d6317	auipc	x6,0x593d6	  x6=0xd93d7a1c
       24925000	      2491	80001a24	001a8833	add	x16,x21,x1	 x21:0x00000000  x1:0xffffffff x16=0xffffffff
       24935000	      2492	80001a28	40238833	sub	x16,x7,x2	  x7:0x409fd7f4  x2:0x00000000 x16=0x409fd7f4
       24945000	      2493	80001a2c	41c851b3	sra	x3,x16,x28	 x16:0x409fd7f4 x28:0x010f148b  x3=0x000813fa
       24955000	      2494	80001a30	02768263	beq	x13,x7,80001a54	 x13:0x8001c64f  x7:0x409fd7f4
       24965000	      2495	80001a34	01277c63	bgeu	x14,x18,80001a4c	 x14:0x00000000 x18:0x000001e8
       24975000	      2496	80001a38	408e8033	sub	x0,x29,x8	 x29:0x00000000  x8:0x000001d4
       24985000	      2497	80001a3c	01a0af33	slt	x30,x1,x26	  x1:0xffffffff x26:0x00000001 x30=0x00000001
       24995000	      2498	80001a40	d5d6c693	xori	x13,x13,-675	 x13:0x8001c64f x13=0x7ffe3b12
       25005000	      2499	80001a44	a5f5bf13	sltiu	x30,x11,-1441	 x11:0xfffffe65 x30=0x00000000
       25015000	      2500	80001a48	00a162b3	or	x5,x2,x10	  x2:0x00000000 x10:0x80009fc4  x5=0x80009fc4
       25025000	      2501	80001a4c	4bdfcb93	xori	x23,x31,1213	 x31:0x000007b0 x23=0x0000030d
       25035000	      2502	80001a50	003c5663	bge	x24,x3,80001a5c	 x24:0x000007df  x3:0x000813fa
       25045000	      2503	80001a54	00b7d033	srl	x0,x15,x11	 x15:0x00000000 x11:0xfffffe65
       25055000	      2504	80001a58	73608eb7	lui	x29,0x73608	 x29=0x73608000
       25065000	      2505	80001a5c	012a6433	or	x8,x20,x18	 x20:0x00000000 x18:0x000001e8  x8=0x000001e8
       25075000	      2506	80001a60	01fd2633	slt	x12,x26,x31	 x26:0x00000001 x31:0x000007b0 x12=0x00000001
       25085000	      2507	80001a64	00000013	addi	x0,x0,0	  x0:0x00000000
       25095000	      2508	80001a68	18d00a93	addi	x21,x0,397	  x0:0x00000000 x21=0x0000018d
       25105000	      2509	80001a6c	7d7c3393	sltiu	x7,x24,2007	 x24:0x000007df  x7=0x00000000
       25115000	      2510	80001a70	419fddb3	sra	x27,x31,x25	 x31:0x000007b0 x25:0x00000001 x27=0x000003d8
       25125000	      2511	80001a74	017c75b3	and	x11,x24,x23	 x24:0x000007df x23:0x0000030d x11=0x0000030d
       25135000	      2512	80001a78	8198e613	ori	x12,x17,-2023	 x17:0xf4400340 x12=0xfffffb59
       25145000	      2513	80001a7c	01b91c13	slli	x24,x18,0x1b	 x18:0x000001e8 x24=0x40000000
       25155000	      2514	80001a80	461d7613	andi	x12,x26,1121	 x26:0x00000001 x12=0x00000001
       25165000	      2515	80001a84	01db0633	add	x12,x22,x29	 x22:0x00000000 x29:0x73608000 x12=0x73608000
       25175000	      2516	80001a88	a77d6e93	ori	x29,x26,-1417	 x26:0x00000001 x29=0xfffffa77
       25185000	      2517	80001a8c	017b46b3	xor	x13,x22,x23	 x22:0x00000000 x23:0x0000030d x13=0x0000030d
       25195000	      2518	80001a90	01dae333	or	x6,x21,x29	 x21:0x0000018d x29:0xfffffa77  x6=0xfffffbff
       25205000	      2519	80001a94	4a50ef93	ori	x31,x1,1189	  x1:0xffffffff x31=0xffffffff
       25215000	      2520	80001a98	03119a63	bne	x3,x17,80001acc	  x3:0x000813fa x17:0xf4400340
       25225000	      2521	00000000	00000013	addi	x0,x0,0	  x0:0x00000000
       25235000	      2522	80001ac8	00000013	addi	x0,x0,0	  x0:0x00000000
       25245000	      2523	80001acc	01599313	slli	x6,x19,0x15	 x19:0x80009f84  x6=0xf0800000
       25255000	      2524	80001ad0	0061de63	bge	x3,x6,80001aec	  x3:0x000813fa  x6:0xf0800000
       25265000	      2525	00000000	00000013	addi	x0,x0,0	  x0:0x00000000
       25275000	      2526	80001ae8	00000013	addi	x0,x0,0	  x0:0x00000000
       25285000	      2527	80001aec	045b9263	bne	x23,x5,80001b30	 x23:0x0000030d  x5:0x80009fc4
       25295000	      2528	00000000	00000013	addi	x0,x0,0	  x0:0x00000000
       25305000	      2529	80001b2c	00000013	addi	x0,x0,0	  x0:0x00000000
       25315000	      2530	80001b30	04a79063	bne	x15,x10,80001b70	 x15:0x00000000 x10:0x80009fc4
       25325000	      2531	00000000	00000013	addi	x0,x0,0	  x0:0x00000000
       25335000	      2532	80001b6c	00000013	addi	x0,x0,0	  x0:0x00000000
       25345000	      2533	80001b70	01c57833	and	x16,x10,x28	 x10:0x80009fc4 x28:0x010f148b x16=0x00001480
       25355000	      2534	80001b74	022c1263	bne	x24,x2,80001b98	 x24:0x40000000  x2:0x00000000
       25365000	      2535	00000000	00000013	addi	x0,x0,0	  x0:0x00000000
       25375000	      2536	80001b94	00000013	addi	x0,x0,0	  x0:0x00000000
       25385000	      2537	80001b98	41b3d813	srai	x16,x7,0x1b	  x7:0x00000000 x16=0x00000000
       25395000	      2538	80001b9c	00a2d7b3	srl	x15,x5,x10	  x5:0x80009fc4 x10:0x80009fc4 x15=0x080009fc
       25405000	      2539	80001ba0	ada73293	sltiu	x5,x14,-1318	 x14:0x00000000  x5=0x00000001
       25415000	      2540	80001ba4	01b71493	slli	x9,x14,0x1b	 x14:0x00000000  x9=0x00000000
       25425000	      2541	80001ba8	b476a393	slti	x7,x13,-1209	 x13:0x0000030d  x7=0x00000000
       25435000	      2542	80001bac	01995f33	srl	x30,x18,x25	 x18:0x000001e8 x25:0x00000001 x30=0x000000f4
       25445000	      2543	80001bb0	403ed193	srai	x3,x29,0x3	 x29:0xfffffa77  x3=0xffffff4e
       25455000	      2544	80001bb4	01390a33	add	x20,x18,x19	 x18:0x000001e8 x19:0x80009f84 x20=0x8000a16c
       25465000	      2545	80001bb8	40610333	sub	x6,x2,x6	  x2:0x00000000  x6:0xf0800000  x6=0x0f800000
       25475000	      2546	80001bbc	00455833	srl	x16,x10,x4	 x10:0x80009fc4  x4:0x233ba780 x16=0x80009fc4
       25485000	      2547	80001bc0	0125a0b3	slt	x1,x11,x18	 x11:0x0000030d x18:0x000001e8  x1=0x00000000
       25495000	      2548	80001bc4	236af737	lui	x14,0x236af	 x14=0x236af000
       25505000	      2549	80001bc8	05fa1263	bne	x20,x31,80001c0c	 x20:0x8000a16c x31:0xffffffff
       25515000	      2550	00000000	00000013	addi	x0,x0,0	  x0:0x00000000
       25525000	      2551	80001c08	00000013	addi	x0,x0,0	  x0:0x00000000
       25535000	      2552	80001c0c	00348e33	add	x28,x9,x3	  x9:0x00000000  x3:0xffffff4e x28=0xffffff4e
       25545000	      2553	80001c10	c72cbc93	sltiu	x25,x25,-910	 x25:0x00000001 x25=0x00000001
       25555000	      2554	80001c14	41cd8db3	sub	x27,x27,x28	 x27:0x000003d8 x28:0xffffff4e x27=0x0000048a
       25565000	      2555	80001c18	e176a213	slti	x4,x13,-489	 x13:0x0000030d  x4=0x00000000
       25575000	      2556	80001c1c	0165d193	srli	x3,x11,0x16	 x11:0x0000030d  x3=0x00000000
       25585000	      2557	80001c20	003dd593	srli	x11,x27,0x3	 x27:0x0000048a x11=0x00000091
       25595000	      2558	80001c24	f36ecb93	xori	x23,x29,-202	 x29:0xfffffa77 x23=0x00000541
       25605000	      2559	80001c28	03c97463	bgeu	x18,x28,80001c50	 x18:0x000001e8 x28:0xffffff4e
       25615000	      2560	80001c2c	0009e863	bltu	x19,x0,80001c3c	 x19:0x80009f84  x0:0x00000000
       25625000	      2561	80001c30	05178863	beq	x15,x17,80001c80	 x15:0x080009fc x17:0xf4400340
       25635000	      2562	80001c34	414dd0b3	sra	x1,x27,x20	 x27:0x0000048a x20:0x8000a16c  x1=0x00000000
       25645000	      2563	80001c38	05c05863	bge	x0,x28,80001c88	  x0:0x00000000 x28:0xffffff4e
       25655000	      2564	00000000	00000013	addi	x0,x0,0	  x0:0x00000000
       25665000	      2565	80001c84	00000013	addi	x0,x0,0	  x0:0x00000000
       25675000	      2566	80001c88	01e76133	or	x2,x14,x30	 x14:0x236af000 x30:0x000000f4  x2=0x236af0f4
       25685000	      2567	80001c8c	00000013	addi	x0,x0,0	  x0:0x00000000
       25695000	      2568	80001c90	41e452b3	sra	x5,x8,x30	  x8:0x000001e8 x30:0x000000f4  x5=0x00000000
       25705000	      2569	80001c94	dd476f37	lui	x30,0xdd476	 x30=0xdd476000
       25715000	      2570	80001c98	01f9f233	and	x4,x19,x31	 x19:0x80009f84 x31:0xffffffff  x4=0x80009f84
       25725000	      2571	80001c9c	401bd733	sra	x14,x23,x1	 x23:0x00000541  x1:0x00000000 x14=0x00000541
       25735000	      2572	80001ca0	014c9863	bne	x25,x20,80001cb0	 x25:0x00000001 x20:0x8000a16c
       25745000	      2573	00000000	00000013	addi	x0,x0,0	  x0:0x00000000
       25755000	      2574	80001cac	00000013	addi	x0,x0,0	  x0:0x00000000
       25765000	      2575	80001cb0	3424e913	ori	x18,x9,834	  x9:0x00000000 x18=0x00000342
       25775000	      2576	80001cb4	8598a693	slti	x13,x17,-1959	 x17:0xf4400340 x13=0x00000001
       25785000	      2577	80001cb8	00a65d13	srli	x26,x12,0xa	 x12:0x73608000 x26=0x001cd820
       25795000	      2578	80001cbc	0562d863	bge	x5,x22,80001d0c	  x5:0x00000000 x22:0x00000000
       25805000	      2579	00000000	00000013	addi	x0,x0,0	  x0:0x00000000
       25815000	      2580	80001d08	00000013	addi	x0,x0,0	  x0:0x00000000
       25825000	      2581	80001d0c	410c8f33	sub	x30,x25,x16	 x25:0x00000001 x16:0x80009fc4 x30=0x7fff603d
       25835000	      2582	80001d10	417d5b33	sra	x22,x26,x23	 x26:0x001cd820 x23:0x00000541 x22=0x000e6c10
       25845000	      2583	80001d14	51c7f713	andi	x14,x15,1308	 x15:0x080009fc x14=0x0000011c
       25855000	      2584	80001d18	4589e337	lui	x6,0x4589e	  x6=0x4589e000
       25865000	      2585	80001d1c	015d9463	bne	x27,x21,80001d24	 x27:0x0000048a x21:0x0000018d
       25875000	      2586	00000000	00000013	addi	x0,x0,0	  x0:0x00000000
       25885000	      2587	80001d20	00000013	addi	x0,x0,0	  x0:0x00000000
       25895000	      2588	80001d24	01ddcc33	xor	x24,x27,x29	 x27:0x0000048a x29:0xfffffa77 x24=0xfffffefd
       25905000	      2589	80001d28	00404933	xor	x18,x0,x4	  x0:0x00000000  x4:0x80009f84 x18=0x80009f84
       25915000	      2590	80001d2c	ddaef393	andi	x7,x29,-550	 x29:0xfffffa77  x7=0xfffff852
       25925000	      2591	80001d30	89bfc813	xori	x16,x31,-1893	 x31:0xffffffff x16=0x00000764
       25935000	      2592	80001d34	004a8d33	add	x26,x21,x4	 x21:0x0000018d  x4:0x80009f84 x26=0x8000a111
       25945000	      2593	80001d38	03326663	bltu	x4,x19,80001d64	  x4:0x80009f84 x19:0x80009f84
       25955000	      2594	80001d3c	510bdb97	auipc	x23,0x510bd	 x23=0xd10bed38
       25965000	      2595	80001d40	85b77c13	andi	x24,x14,-1957	 x14:0x0000011c x24=0x00000018
       25975000	      2596	80001d44	0006e433	or	x8,x13,x0	 x13:0x00000001  x0:0x00000000  x8=0x00000001
       25985000	      2597	80001d48	05ab4863	blt	x22,x26,80001d98	 x22:0x000e6c10 x26:0x8000a111
       25995000	      2598	80001d4c	41cf53b3	sra	x7,x30,x28	 x30:0x7fff603d x28:0xffffff4e  x7=0x0001fffd
       26005000	      2599	80001d50	c5a5ca13	xori	x20,x11,-934	 x11:0x00000091 x20=0xfffffccb
       26015000	      2600	80001d54	40a482b3	sub	x5,x9,x10	  x9:0x00000000 x10:0x80009fc4  x5=0x7fff603c
       26025000	      2601	80001d58	685aa093	slti	x1,x21,1669	 x21:0x0000018d  x1=0x00000001
       26035000	      2602	80001d5c	41d35633	sra	x12,x6,x29	  x6:0x4589e000 x29:0xfffffa77 x12=0x0000008b
       26045000	      2603	80001d60	40be5c93	srai	x25,x28,0xb	 x28:0xffffff4e x25=0xffffffff
       26055000	      2604	80001d64	01d03e33	sltu	x28,x0,x29	  x0:0x00000000 x29:0xfffffa77 x28=0x00000001
       26065000	      2605	80001d68	fc7fe793	ori	x15,x31,-57	 x31:0xffffffff x15=0xffffffff
       26075000	      2606	80001d6c	007e3f33	sltu	x30,x28,x7	 x28:0x00000001  x7:0x0001fffd x30=0x00000001
       26085000	      2607	80001d70	8a30e393	ori	x7,x1,-1885	  x1:0x00000001  x7=0xfffff8a3
       26095000	      2608	80001d74	8b3cb713	sltiu	x14,x25,-1869	 x25:0xffffffff x14=0x00000000
       26105000	      2609	80001d78	00059133	sll	x2,x11,x0	 x11:0x00000091  x0:0x00000000  x2=0x00000091
       26115000	      2610	80001d7c	01265a13	srli	x20,x12,0x12	 x12:0x0000008b x20=0x00000000
       26125000	      2611	80001d80	0270e863	bltu	x1,x7,80001db0	  x1:0x00000001  x7:0xfffff8a3
       26135000	      2612	00000000	00000013	addi	x0,x0,0	  x0:0x00000000
       26145000	      2613	80001dac	00000013	addi	x0,x0,0	  x0:0x00000000
       26155000	      2614	80001db0	016f1d13	slli	x26,x30,0x16	 x30:0x00000001 x26=0x00400000
       26165000	      2615	80001db4	00647733	and	x14,x8,x6	  x8:0x00000001  x6:0x4589e000 x14=0x00000000
       26175000	      2616	80001db8	008c1663	bne	x24,x8,80001dc4	 x24:0x00000018  x8:0x00000001
       26185000	      2617	00000000	00000013	addi	x0,x0,0	  x0:0x00000000
       26195000	      2618	80001dc0	00000013	addi	x0,x0,0	  x0:0x00000000
       26205000	      2619	80001dc4	47a88493	addi	x9,x17,1146	 x17:0xf4400340  x9=0xf44007ba
       26215000	      2620	80001dc8	00000013	addi	x0,x0,0	  x0:0x00000000
       26225000	      2621	80001dcc	7157cc13	xori	x24,x15,1813	 x15:0xffffffff x24=0xfffff8ea
       26235000	      2622	80001dd0	92f0a593	slti	x11,x1,-1745	  x1:0x00000001 x11=0x00000000
       26245000	      2623	80001dd4	00b106b3	add	x13,x2,x11	  x2:0x00000091 x11:0x00000000 x13=0x00000091
       26255000	      2624	80001dd8	012c34b3	sltu	x9,x24,x18	 x24:0xfffff8ea x18:0x80009f84  x9=0x00000000
       26265000	      2625	80001ddc	8d371137	lui	x2,0x8d371	  x2=0x8d371000
       26275000	      2626	80001de0	0144cbb3	xor	x23,x9,x20	  x9:0x00000000 x20:0x00000000 x23=0x00000000
       26285000	      2627	80001de4	a6f5f937	lui	x18,0xa6f5f	 x18=0xa6f5f000
       26295000	      2628	80001de8	000ddb93	srli	x23,x27,0x0	 x27:0x0000048a x23=0x0000048a
       26305000	      2629	80001dec	006b7eb3	and	x29,x22,x6	 x22:0x000e6c10  x6:0x4589e000 x29=0x00086000
       26315000	      2630	80001df0	8743ca13	xori	x20,x7,-1932	  x7:0xfffff8a3 x20=0x000000d7
       26325000	      2631	80001df4	f2f76a97	auipc	x21,0xf2f76	 x21=0x72f77df0
       26335000	      2632	80001df8	0174bdb3	sltu	x27,x9,x23	  x9:0x00000000 x23:0x0000048a x27=0x00000001
       26345000	      2633	80001dfc	00000013	addi	x0,x0,0	  x0:0x00000000
       26355000	      2634	80001e00	00ea36b3	sltu	x13,x20,x14	 x20:0x000000d7 x14:0x00000000 x13=0x00000000
       26365000	      2635	80001e04	02a21a63	bne	x4,x10,80001e38	  x4:0x80009f84 x10:0x80009fc4
       26375000	      2636	00000000	00000013	addi	x0,x0,0	  x0:0x00000000
       26385000	      2637	80001e34	00000013	addi	x0,x0,0	  x0:0x00000000
       26395000	      2638	80001e38	1fa88ab7	lui	x21,0x1fa88	 x21=0x1fa88000
       26405000	      2639	80001e3c	41dedd93	srai	x27,x29,0x1d	 x29:0x00086000 x27=0x00000000
       26415000	      2640	80001e40	bed66413	ori	x8,x12,-1043	 x12:0x0000008b  x8=0xfffffbef
       26425000	      2641	80001e44	8e673713	sltiu	x14,x14,-1818	 x14:0x00000000 x14=0x00000001
       26435000	      2642	80001e48	41aa5ab3	sra	x21,x20,x26	 x20:0x000000d7 x26:0x00400000 x21=0x000000d7
       26445000	      2643	80001e4c	d2a38317	auipc	x6,0xd2a38	  x6=0x52a39e48
       26455000	      2644	80001e50	01020833	add	x16,x4,x16	  x4:0x80009f84 x16:0x00000764 x16=0x8000a6e8
       26465000	      2645	80001e54	012627b3	slt	x15,x12,x18	 x12:0x0000008b x18:0xa6f5f000 x15=0x00000000
       26475000	      2646	80001e58	009fde93	srli	x29,x31,0x9	 x31:0xffffffff x29=0x007fffff
       26485000	      2647	80001e5c	00de9713	slli	x14,x29,0xd	 x29:0x007fffff x14=0xffffe000
       26495000	      2648	80001e60	009b02b3	add	x5,x22,x9	 x22:0x000e6c10  x9:0x00000000  x5=0x000e6c10
       26505000	      2649	80001e64	056b5263	bge	x22,x22,80001ea8	 x22:0x000e6c10 x22:0x000e6c10
       26515000	      2650	00000000	00000013	addi	x0,x0,0	  x0:0x00000000
       26525000	      2651	80001ea4	00000013	addi	x0,x0,0	  x0:0x00000000
       26535000	      2652	80001ea8	003d1e63	bne	x26,x3,80001ec4	 x26:0x00400000  x3:0x00000000
       26545000	      2653	00000000	00000013	addi	x0,x0,0	  x0:0x00000000
       26555000	      2654	80001ec0	00000013	addi	x0,x0,0	  x0:0x00000000
       26565000	      2655	80001ec4	00eb6463	bltu	x22,x14,80001ecc	 x22:0x000e6c10 x14:0xffffe000
       26575000	      2656	00000000	00000013	addi	x0,x0,0	  x0:0x00000000
       26585000	      2657	80001ec8	00000013	addi	x0,x0,0	  x0:0x00000000
       26595000	      2658	80001ecc	015efe33	and	x28,x29,x21	 x29:0x007fffff x21:0x000000d7 x28=0x000000d7
       26605000	      2659	80001ed0	02118463	beq	x3,x1,80001ef8	  x3:0x00000000  x1:0x00000001
       26615000	      2660	80001ed4	056d7863	bgeu	x26,x22,80001f24	 x26:0x00400000 x22:0x000e6c10
       26625000	      2661	00000000	00000013	addi	x0,x0,0	  x0:0x00000000
       26635000	      2662	80001f20	00000013	addi	x0,x0,0	  x0:0x00000000
       26645000	      2663	80001f24	ab43bc13	sltiu	x24,x7,-1356	  x7:0xfffff8a3 x24=0x00000001
       26655000	      2664	80001f28	04c9c263	blt	x19,x12,80001f6c	 x19:0x80009f84 x12:0x0000008b
       26665000	      2665	00000000	00000013	addi	x0,x0,0	  x0:0x00000000
       26675000	      2666	80001f68	00000013	addi	x0,x0,0	  x0:0x00000000
       26685000	      2667	80001f6c	40420bb3	sub	x23,x4,x4	  x4:0x80009f84  x4:0x80009f84 x23=0x00000000
       26695000	      2668	80001f70	5a0ac393	xori	x7,x21,1440	 x21:0x000000d7  x7=0x00000577
       26705000	      2669	80001f74	026d6263	bltu	x26,x6,80001f98	 x26:0x00400000  x6:0x52a39e48
       26715000	      2670	00000000	00000013	addi	x0,x0,0	  x0:0x00000000
       26725000	      2671	80001f94	00000013	addi	x0,x0,0	  x0:0x00000000
       26735000	      2672	80001f98	00a7ee33	or	x28,x15,x10	 x15:0x00000000 x10:0x80009fc4 x28=0x80009fc4
       26745000	      2673	80001f9c	9738c493	xori	x9,x17,-1677	 x17:0xf4400340  x9=0x0bbffa33
       26755000	      2674	80001fa0	01e6bab3	sltu	x21,x13,x30	 x13:0x00000000 x30:0x00000001 x21=0x00000001
       26765000	      2675	80001fa4	000c4eb3	xor	x29,x24,x0	 x24:0x00000001  x0:0x00000000 x29=0x00000001
       26775000	      2676	80001fa8	01e1d193	srli	x3,x3,0x1e	  x3:0x00000000  x3=0x00000000
       26785000	      2677	80001fac	c99fe293	ori	x5,x31,-871	 x31:0xffffffff  x5=0xffffffff
       26795000	      2678	80001fb0	4024d913	srai	x18,x9,0x2	  x9:0x0bbffa33 x18=0x02effe8c
       26805000	      2679	80001fb4	00f5fa63	bgeu	x11,x15,80001fc8	 x11:0x00000000 x15:0x00000000
       26815000	      2680	00000000	00000013	addi	x0,x0,0	  x0:0x00000000
       26825000	      2681	80001fc4	00000013	addi	x0,x0,0	  x0:0x00000000
       26835000	      2682	80001fc8	019e1d33	sll	x26,x28,x25	 x28:0x80009fc4 x25:0xffffffff x26=0x00000000
       26845000	      2683	80001fcc	01bd7eb3	and	x29,x26,x27	 x26:0x00000000 x27:0x00000000 x29=0x00000000
       26855000	      2684	80001fd0	01c75bb3	srl	x23,x14,x28	 x14:0xffffe000 x28:0x80009fc4 x23=0x0ffffe00
       26865000	      2685	80001fd4	00000013	addi	x0,x0,0	  x0:0x00000000
       26875000	      2686	80001fd8	01024633	xor	x12,x4,x16	  x4:0x80009f84 x16:0x8000a6e8 x12=0x0000396c
       26885000	      2687	80001fdc	07ee1e63	bne	x28,x30,80002058	 x28:0x80009fc4 x30:0x00000001
       26895000	      2688	00000000	00000013	addi	x0,x0,0	  x0:0x00000000
       26905000	      2689	80002054	00000013	addi	x0,x0,0	  x0:0x00000000
       26915000	      2690	80002058	00f044b3	xor	x9,x0,x15	  x0:0x00000000 x15:0x00000000  x9=0x00000000
       26925000	      2691	8000205c	011615b3	sll	x11,x12,x17	 x12:0x0000396c x17:0xf4400340 x11=0x0000396c
       26935000	      2692	80002060	edafda37	lui	x20,0xedafd	 x20=0xedafd000
       26945000	      2693	80002064	010b1463	bne	x22,x16,8000206c	 x22:0x000e6c10 x16:0x8000a6e8
       26955000	      2694	00000000	00000013	addi	x0,x0,0	  x0:0x00000000
       26965000	      2695	80002068	00000013	addi	x0,x0,0	  x0:0x00000000
       26975000	      2696	8000206c	001f5193	srli	x3,x30,0x1	 x30:0x00000001  x3=0x00000000
       26985000	      2697	80002070	00000013	addi	x0,x0,0	  x0:0x00000000
       26995000	      2698	80002074	000a27b3	slt	x15,x20,x0	 x20:0xedafd000  x0:0x00000000 x15=0x00000001
       27005000	      2699	80002078	0122fa33	and	x20,x5,x18	  x5:0xffffffff x18:0x02effe8c x20=0x02effe8c
       27015000	      2700	8000207c	019b7ab3	and	x21,x22,x25	 x22:0x000e6c10 x25:0xffffffff x21=0x000e6c10
       27025000	      2701	80002080	41be02b3	sub	x5,x28,x27	 x28:0x80009fc4 x27:0x00000000  x5=0x80009fc4
       27035000	      2702	80002084	05014863	blt	x2,x16,800020d4	  x2:0x8d371000 x16:0x8000a6e8
       27045000	      2703	80002088	eec6ac13	slti	x24,x13,-276	 x13:0x00000000 x24=0x00000000
       27055000	      2704	8000208c	31936713	ori	x14,x6,793	  x6:0x52a39e48 x14=0x52a39f59
       27065000	      2705	80002090	00000013	addi	x0,x0,0	  x0:0x00000000
       27075000	      2706	80002094	401057b3	sra	x15,x0,x1	  x0:0x00000000  x1:0x00000001 x15=0x00000000
       27085000	      2707	80002098	0206fa63	bgeu	x13,x0,800020cc	 x13:0x00000000  x0:0x00000000
       27095000	      2708	00000000	00000013	addi	x0,x0,0	  x0:0x00000000
       27105000	      2709	800020c8	00000013	addi	x0,x0,0	  x0:0x00000000
       27115000	      2710	800020cc	51dae093	ori	x1,x21,1309	 x21:0x000e6c10  x1=0x000e6d1d
       27125000	      2711	800020d0	025be863	bltu	x23,x5,80002100	 x23:0x0ffffe00  x5:0x80009fc4
       27135000	      2712	00000000	00000013	addi	x0,x0,0	  x0:0x00000000
       27145000	      2713	800020fc	00000013	addi	x0,x0,0	  x0:0x00000000
       27155000	      2714	80002100	7b368a93	addi	x21,x13,1971	 x13:0x00000000 x21=0x000007b3
       27165000	      2715	80002104	94eaf393	andi	x7,x21,-1714	 x21:0x000007b3  x7=0x00000102
       27175000	      2716	80002108	05244463	blt	x8,x18,80002150	  x8:0xfffffbef x18:0x02effe8c
       27185000	      2717	00000000	00000013	addi	x0,x0,0	  x0:0x00000000
       27195000	      2718	8000214c	00000013	addi	x0,x0,0	  x0:0x00000000
       27205000	      2719	80002150	01c6cfb3	xor	x31,x13,x28	 x13:0x00000000 x28:0x80009fc4 x31=0x80009fc4
       27215000	      2720	80002154	00f3d0b3	srl	x1,x7,x15	  x7:0x00000102 x15:0x00000000  x1=0x00000102
       27225000	      2721	80002158	00776833	or	x16,x14,x7	 x14:0x52a39f59  x7:0x00000102 x16=0x52a39f5b
       27235000	      2722	8000215c	01c70b33	add	x22,x14,x28	 x14:0x52a39f59 x28:0x80009fc4 x22=0xd2a43f1d
       27245000	      2723	80002160	00f45663	bge	x8,x15,8000216c	  x8:0xfffffbef x15:0x00000000
       27255000	      2724	80002164	00621333	sll	x6,x4,x6	  x4:0x80009f84  x6:0x52a39e48  x6=0x009f8400
       27265000	      2725	80002168	00dc6e63	bltu	x24,x13,80002184	 x24:0x00000000 x13:0x00000000
       27275000	      2726	8000216c	01b264b3	or	x9,x4,x27	  x4:0x80009f84 x27:0x00000000  x9=0x80009f84
       27285000	      2727	80002170	9b0e2593	slti	x11,x28,-1616	 x28:0x80009fc4 x11=0x00000001
       27295000	      2728	80002174	41f1d933	sra	x18,x3,x31	  x3:0x00000000 x31:0x80009fc4 x18=0x00000000
       27305000	      2729	80002178	03a14263	blt	x2,x26,8000219c	  x2:0x8d371000 x26:0x00000000
       27315000	      2730	00000000	00000013	addi	x0,x0,0	  x0:0x00000000
       27325000	      2731	80002198	00000013	addi	x0,x0,0	  x0:0x00000000
       27335000	      2732	8000219c	00405eb3	srl	x29,x0,x4	  x0:0x00000000  x4:0x80009f84 x29=0x00000000
       27345000	      2733	800021a0	4176da93	srai	x21,x13,0x17	 x13:0x00000000 x21=0x00000000
       27355000	      2734	800021a4	01e4e6b3	or	x13,x9,x30	  x9:0x80009f84 x30:0x00000001 x13=0x80009f85
       27365000	      2735	800021a8	40d78a33	sub	x20,x15,x13	 x15:0x00000000 x13:0x80009f85 x20=0x7fff607b
       27375000	      2736	800021ac	663cfd13	andi	x26,x25,1635	 x25:0xffffffff x26=0x00000663
       27385000	      2737	800021b0	04449863	bne	x9,x4,80002200	  x9:0x80009f84  x4:0x80009f84
       27395000	      2738	800021b4	81522713	slti	x14,x4,-2027	  x4:0x80009f84 x14=0x00000001
       27405000	      2739	800021b8	2641a393	slti	x7,x3,612	  x3:0x00000000  x7=0x00000001
       27415000	      2740	800021bc	018f7e33	and	x28,x30,x24	 x30:0x00000001 x24:0x00000000 x28=0x00000000
       27425000	      2741	800021c0	c4a94c13	xori	x24,x18,-950	 x18:0x00000000 x24=0xfffffc4a
       27435000	      2742	800021c4	01575013	srli	x0,x14,0x15	 x14:0x00000001
       27445000	      2743	800021c8	02f25663	bge	x4,x15,800021f4	  x4:0x80009f84 x15:0x00000000
       27455000	      2744	800021cc	403fd193	srai	x3,x31,0x3	 x31:0x80009fc4  x3=0xf00013f8
       27465000	      2745	800021d0	37027413	andi	x8,x4,880	  x4:0x80009f84  x8=0x00000300
       27475000	      2746	800021d4	00034bb3	xor	x23,x6,x0	  x6:0x009f8400  x0:0x00000000 x23=0x009f8400
       27485000	      2747	800021d8	05005263	bge	x0,x16,8000221c	  x0:0x00000000 x16:0x52a39f5b
       27495000	      2748	800021dc	01ad8c33	add	x24,x27,x26	 x27:0x00000000 x26:0x00000663 x24=0x00000663
       27505000	      2749	800021e0	00507133	and	x2,x0,x5	  x0:0x00000000  x5:0x80009fc4  x2=0x00000000
       27515000	      2750	800021e4	7e29a213	slti	x4,x19,2018	 x19:0x80009f84  x4=0x00000001
       27525000	      2751	800021e8	0234e263	bltu	x9,x3,8000220c	  x9:0x80009f84  x3:0xf00013f8
       27535000	      2752	00000000	00000013	addi	x0,x0,0	  x0:0x00000000
       27545000	      2753	80002208	00000013	addi	x0,x0,0	  x0:0x00000000
       27555000	      2754	8000220c	02894a63	blt	x18,x8,80002240	 x18:0x00000000  x8:0x00000300
       27565000	      2755	00000000	00000013	addi	x0,x0,0	  x0:0x00000000
       27575000	      2756	8000223c	00000013	addi	x0,x0,0	  x0:0x00000000
       27585000	      2757	80002240	41c953b3	sra	x7,x18,x28	 x18:0x00000000 x28:0x00000000  x7=0x00000000
       27595000	      2758	80002244	03127a63	bgeu	x4,x17,80002278	  x4:0x00000001 x17:0xf4400340
       27605000	      2759	80002248	03997a63	bgeu	x18,x25,8000227c	 x18:0x00000000 x25:0xffffffff
       27615000	      2760	8000224c	01779c13	slli	x24,x15,0x17	 x15:0x00000000 x24=0x00000000
       27625000	      2761	80002250	0150aab3	slt	x21,x1,x21	  x1:0x00000102 x21:0x00000000 x21=0x00000000
       27635000	      2762	80002254	0211de63	bge	x3,x1,80002290	  x3:0xf00013f8  x1:0x00000102
       27645000	      2763	80002258	003e2233	slt	x4,x28,x3	 x28:0x00000000  x3:0xf00013f8  x4=0x00000000
       27655000	      2764	8000225c	0176bd33	sltu	x26,x13,x23	 x13:0x80009f85 x23:0x009f8400 x26=0x00000000
       27665000	      2765	80002260	00ef4fb3	xor	x31,x30,x14	 x30:0x00000001 x14:0x00000001 x31=0x00000000
       27675000	      2766	80002264	432ec713	xori	x14,x29,1074	 x29:0x00000000 x14=0x00000432
       27685000	      2767	80002268	c68fef37	lui	x30,0xc68fe	 x30=0xc68fe000
       27695000	      2768	8000226c	00000013	addi	x0,x0,0	  x0:0x00000000
       27705000	      2769	80002270	03305463	bge	x0,x19,80002298	  x0:0x00000000 x19:0x80009f84
       27715000	      2770	00000000	00000013	addi	x0,x0,0	  x0:0x00000000
       27725000	      2771	80002294	00000013	addi	x0,x0,0	  x0:0x00000000
       27735000	      2772	80002298	fbb6e713	ori	x14,x13,-69	 x13:0x80009f85 x14=0xffffffbf
       27745000	      2773	8000229c	b84bea13	ori	x20,x23,-1148	 x23:0x009f8400 x20=0xffffff84
       27755000	      2774	800022a0	00966bb3	or	x23,x12,x9	 x12:0x0000396c  x9:0x80009f84 x23=0x8000bfec
       27765000	      2775	800022a4	a1a07c93	andi	x25,x0,-1510	  x0:0x00000000 x25=0x00000000
       27775000	      2776	800022a8	f1030c13	addi	x24,x6,-240	  x6:0x009f8400 x24=0x009f8310
       27785000	      2777	800022ac	78892493	slti	x9,x18,1928	 x18:0x00000000  x9=0x00000001
       27795000	      2778	800022b0	04844463	blt	x8,x8,800022f8	  x8:0x00000300  x8:0x00000300
       27805000	      2779	800022b4	40b1ddb3	sra	x27,x3,x11	  x3:0xf00013f8 x11:0x00000001 x27=0xf80009fc
       27815000	      2780	800022b8	00ee4c63	blt	x28,x14,800022d0	 x28:0x00000000 x14:0xffffffbf
       27825000	      2781	800022bc	0086dc63	bge	x13,x8,800022d4	 x13:0x80009f85  x8:0x00000300
       27835000	      2782	800022c0	00000013	addi	x0,x0,0	  x0:0x00000000
       27845000	      2783	800022c4	0025ccb3	xor	x25,x11,x2	 x11:0x00000001  x2:0x00000000 x25=0x00000001
       27855000	      2784	800022c8	40988b33	sub	x22,x17,x9	 x17:0xf4400340  x9:0x00000001 x22=0xf440033f
       27865000	      2785	800022cc	403bdbb3	sra	x23,x23,x3	 x23:0x8000bfec  x3:0xf00013f8 x23=0xffffff80
       27875000	      2786	800022d0	01909493	slli	x9,x1,0x19	  x1:0x00000102  x9=0x04000000
       27885000	      2787	800022d4	002b3133	sltu	x2,x22,x2	 x22:0xf440033f  x2:0x00000000  x2=0x00000000
       27895000	      2788	800022d8	4c928113	addi	x2,x5,1225	  x5:0x80009fc4  x2=0x8000a48d
       27905000	      2789	800022dc	409251b3	sra	x3,x4,x9	  x4:0x00000000  x9:0x04000000  x3=0x00000000
       27915000	      2790	800022e0	290b3c37	lui	x24,0x290b3	 x24=0x290b3000
       27925000	      2791	800022e4	698c7d93	andi	x27,x24,1688	 x24:0x290b3000 x27=0x00000000
       27935000	      2792	800022e8	0172cc63	blt	x5,x23,80002300	  x5:0x80009fc4 x23:0xffffff80
       27945000	      2793	00000000	00000013	addi	x0,x0,0	  x0:0x00000000
       27955000	      2794	800022fc	00000013	addi	x0,x0,0	  x0:0x00000000
       27965000	      2795	80002300	b16ab913	sltiu	x18,x21,-1258	 x21:0x00000000 x18=0x00000001
       27975000	      2796	80002304	01cea133	slt	x2,x29,x28	 x29:0x00000000 x28:0x00000000  x2=0x00000000
       27985000	      2797	80002308	05796463	bltu	x18,x23,80002350	 x18:0x00000001 x23:0xffffff80
       27995000	      2798	00000000	00000013	addi	x0,x0,0	  x0:0x00000000
       28005000	      2799	8000234c	00000013	addi	x0,x0,0	  x0:0x00000000
       28015000	      2800	80002350	414a8f33	sub	x30,x21,x20	 x21:0x00000000 x20:0xffffff84 x30=0x0000007c
       28025000	      2801	80002354	00161093	slli	x1,x12,0x1	 x12:0x0000396c  x1=0x000072d8
       28035000	      2802	80002358	010eac33	slt	x24,x29,x16	 x29:0x00000000 x16:0x52a39f5b x24=0x00000001
       28045000	      2803	8000235c	0142b7b3	sltu	x15,x5,x20	  x5:0x80009fc4 x20:0xffffff84 x15=0x00000001
       28055000	      2804	80002360	40bf5633	sra	x12,x30,x11	 x30:0x0000007c x11:0x00000001 x12=0x0000003e
       28065000	      2805	80002364	012e1e63	bne	x28,x18,80002380	 x28:0x00000000 x18:0x00000001
       28075000	      2806	00000000	00000013	addi	x0,x0,0	  x0:0x00000000
       28085000	      2807	8000237c	00000013	addi	x0,x0,0	  x0:0x00000000
       28095000	      2808	80002380	18813813	sltiu	x16,x2,392	  x2:0x00000000 x16=0x00000001
       28105000	      2809	80002384	05220063	beq	x4,x18,800023c4	  x4:0x00000000 x18:0x00000001
       28115000	      2810	80002388	008dc0b3	xor	x1,x27,x8	 x27:0x00000000  x8:0x00000300  x1=0x00000300
       28125000	      2811	8000238c	ee0d0693	addi	x13,x26,-288	 x26:0x00000000 x13=0xfffffee0
       28135000	      2812	80002390	00409c93	slli	x25,x1,0x4	  x1:0x00000300 x25=0x00003000
       28145000	      2813	80002394	01851013	slli	x0,x10,0x18	 x10:0x80009fc4
       28155000	      2814	80002398	00b15c33	srl	x24,x2,x11	  x2:0x00000000 x11:0x00000001 x24=0x00000000
       28165000	      2815	8000239c	40378333	sub	x6,x15,x3	 x15:0x00000001  x3:0x00000000  x6=0x00000001
       28175000	      2816	800023a0	40ac84b3	sub	x9,x25,x10	 x25:0x00003000 x10:0x80009fc4  x9=0x7fff903c
       28185000	      2817	800023a4	006186b3	add	x13,x3,x6	  x3:0x00000000  x6:0x00000001 x13=0x00000001
       28195000	      2818	800023a8	5f73e693	ori	x13,x7,1527	  x7:0x00000000 x13=0x000005f7
       28205000	      2819	800023ac	01cdfeb3	and	x29,x27,x28	 x27:0x00000000 x28:0x00000000 x29=0x00000000
       28215000	      2820	800023b0	02d95263	bge	x18,x13,800023d4	 x18:0x00000001 x13:0x000005f7
       28225000	      2821	800023b4	69cc2e13	slti	x28,x24,1692	 x24:0x00000000 x28=0x00000001
       28235000	      2822	800023b8	185e8837	lui	x16,0x185e8	 x16=0x185e8000
       28245000	      2823	800023bc	69d04293	xori	x5,x0,1693	  x0:0x00000000  x5=0x0000069d
       28255000	      2824	800023c0	0250ea63	bltu	x1,x5,800023f4	  x1:0x00000300  x5:0x0000069d
       28265000	      2825	00000000	00000013	addi	x0,x0,0	  x0:0x00000000
       28275000	      2826	800023f0	00000013	addi	x0,x0,0	  x0:0x00000000
       28285000	      2827	800023f4	0071da13	srli	x20,x3,0x7	  x3:0x00000000 x20=0x00000000
       28295000	      2828	800023f8	9f996a93	ori	x21,x18,-1543	 x18:0x00000001 x21=0xfffff9f9
       28305000	      2829	800023fc	012e04b3	add	x9,x28,x18	 x28:0x00000001 x18:0x00000001  x9=0x00000002
       28315000	      2830	80002400	00cd9863	bne	x27,x12,80002410	 x27:0x00000000 x12:0x0000003e
       28325000	      2831	00000000	00000013	addi	x0,x0,0	  x0:0x00000000
       28335000	      2832	8000240c	00000013	addi	x0,x0,0	  x0:0x00000000
       28345000	      2833	80002410	005a5a93	srli	x21,x20,0x5	 x20:0x00000000 x21=0x00000000
       28355000	      2834	80002414	00000897	auipc	x17,0x0	 x17=0x80002410
       28365000	      2835	80002418	00c88893	addi	x17,x17,12	 x17:0x80002410 x17=0x8000241c
       28375000	      2836	8000241c	00088067	jalr	x0,x17,0	 x17:0x8000241c
       28385000	      2837	00000000	00000013	addi	x0,x0,0	  x0:0x00000000
       28395000	      2838	8000241c	00000013	addi	x0,x0,0	  x0:0x00000000
       28405000	      2839	80002420	00100193	addi	x3,x0,1	  x0:0x00000000  x3=0x00000001
       28415000	      2840	80002424	00000073	ecall	
       28425000	      2841	80002428	fd898993	addi	x19,x19,-40	 x19:0x80009f84 x19=0x80009f5c
