		Time			Cycle	PC		Insn	Decoded instruction	Register and memory contents
          65000	         5	80000004	00000293	addi	x5,x0,0	  x0:0x00000000  x5=0x00000000
          75000	         6	80000008	00000313	addi	x6,x0,0	  x0:0x00000000  x6=0x00000000
          85000	         7	8000000c	00628263	beq	x5,x6,80000010	  x5:0x00000000  x6:0x00000000
          95000	         8	00000000	00000013	addi	x0,x0,0	  x0:0x00000000
         105000	         9	8000000c	00000013	addi	x0,x0,0	  x0:0x00000000
         115000	        10	80000010	00000297	auipc	x5,0x0	  x5=0x8000000c
         125000	        11	80000014	00c28293	addi	x5,x5,12	  x5:0x8000000c  x5=0x80000018
         135000	        12	80000018	00028067	jalr	x0,x5,0	  x5:0x80000018
         145000	        13	00000000	00000013	addi	x0,x0,0	  x0:0x00000000
         155000	        14	80000018	00000013	addi	x0,x0,0	  x0:0x00000000
         165000	        15	8000001c	400009b7	lui	x19,0x40000	 x19=0x40000000
         175000	        16	80000020	10098993	addi	x19,x19,256	 x19:0x40000000 x19=0x40000100
         185000	        17	80000024	00000013	addi	x0,x0,0	  x0:0x00000000
         195000	        18	80000028	0000a817	auipc	x16,0xa	 x16=0x8000a024
         205000	        19	8000002c	fa080813	addi	x16,x16,-96	 x16:0x8000a024 x16=0x80009fc4
         215000	        20	80000030	00007997	auipc	x19,0x7	 x19=0x8000702c
         225000	        21	80000034	5d498993	addi	x19,x19,1492	 x19:0x8000702c x19=0x80007600
         235000	        22	80000038	0019e993	ori	x19,x19,1	 x19:0x80007600 x19=0x80007601
         245000	        23	8000003c	00000013	addi	x0,x0,0	  x0:0x00000000
         255000	        24	80000040	00000997	auipc	x19,0x0	 x19=0x8000003c
         265000	        25	80000044	02098993	addi	x19,x19,32	 x19:0x8000003c x19=0x8000005c
         275000	        26	80000048	00000013	addi	x0,x0,0	  x0:0x00000000
         285000	        27	8000004c	00000013	addi	x0,x0,0	  x0:0x00000000
         295000	        28	80000050	000029b7	lui	x19,0x2	 x19=0x00002000
         305000	        29	80000054	80098993	addi	x19,x19,-2048	 x19:0x00002000 x19=0x00001800
         315000	        30	80000058	00000013	addi	x0,x0,0	  x0:0x00000000
         325000	        31	8000005c	00000013	addi	x0,x0,0	  x0:0x00000000
         335000	        32	80000060	00300013	addi	x0,x0,3	  x0:0x00000000
         345000	        33	80000064	800000b7	lui	x1,0x80000	  x1=0x80000000
         355000	        34	80000068	00000113	addi	x2,x0,0	  x0:0x00000000  x2=0x00000000
         365000	        35	8000006c	00000193	addi	x3,x0,0	  x0:0x00000000  x3=0x00000000
         375000	        36	80000070	f27ee237	lui	x4,0xf27ee	  x4=0xf27ee000
         385000	        37	80000074	1bd20213	addi	x4,x4,445	  x4:0xf27ee000  x4=0xf27ee1bd
         395000	        38	80000078	041932b7	lui	x5,0x4193	  x5=0x04193000
         405000	        39	8000007c	34b28293	addi	x5,x5,843	  x5:0x04193000  x5=0x0419334b
         415000	        40	80000080	f3c56337	lui	x6,0xf3c56	  x6=0xf3c56000
         425000	        41	80000084	70b30313	addi	x6,x6,1803	  x6:0xf3c56000  x6=0xf3c5670b
         435000	        42	80000088	00000393	addi	x7,x0,0	  x0:0x00000000  x7=0x00000000
         445000	        43	8000008c	00000413	addi	x8,x0,0	  x0:0x00000000  x8=0x00000000
         455000	        44	80000090	800004b7	lui	x9,0x80000	  x9=0x80000000
         465000	        45	80000094	62f07537	lui	x10,0x62f07	 x10=0x62f07000
         475000	        46	80000098	28b50513	addi	x10,x10,651	 x10:0x62f07000 x10=0x62f0728b
         485000	        47	8000009c	00000593	addi	x11,x0,0	  x0:0x00000000 x11=0x00000000
         495000	        48	800000a0	00d00613	addi	x12,x0,13	  x0:0x00000000 x12=0x0000000d
         505000	        49	800000a4	b58516b7	lui	x13,0xb5851	 x13=0xb5851000
         515000	        50	800000a8	34a68693	addi	x13,x13,842	 x13:0xb5851000 x13=0xb585134a
         525000	        51	800000ac	f5aa2737	lui	x14,0xf5aa2	 x14=0xf5aa2000
         535000	        52	800000b0	f4b70713	addi	x14,x14,-181	 x14:0xf5aa2000 x14=0xf5aa1f4b
         545000	        53	800000b4	fcbf87b7	lui	x15,0xfcbf8	 x15=0xfcbf8000
         555000	        54	800000b8	62f78793	addi	x15,x15,1583	 x15:0xfcbf8000 x15=0xfcbf862f
         565000	        55	800000bc	800008b7	lui	x17,0x80000	 x17=0x80000000
         575000	        56	800000c0	00000913	addi	x18,x0,0	  x0:0x00000000 x18=0x00000000
         585000	        57	800000c4	afdb79b7	lui	x19,0xafdb7	 x19=0xafdb7000
         595000	        58	800000c8	1a998993	addi	x19,x19,425	 x19:0xafdb7000 x19=0xafdb71a9
         605000	        59	800000cc	f612ea37	lui	x20,0xf612e	 x20=0xf612e000
         615000	        60	800000d0	088a0a13	addi	x20,x20,136	 x20:0xf612e000 x20=0xf612e088
         625000	        61	800000d4	58be1ab7	lui	x21,0x58be1	 x21=0x58be1000
         635000	        62	800000d8	e19a8a93	addi	x21,x21,-487	 x21:0x58be1000 x21=0x58be0e19
         645000	        63	800000dc	00000b13	addi	x22,x0,0	  x0:0x00000000 x22=0x00000000
         655000	        64	800000e0	80000bb7	lui	x23,0x80000	 x23=0x80000000
         665000	        65	800000e4	adc8ac37	lui	x24,0xadc8a	 x24=0xadc8a000
         675000	        66	800000e8	37ec0c13	addi	x24,x24,894	 x24:0xadc8a000 x24=0xadc8a37e
         685000	        67	800000ec	631f1cb7	lui	x25,0x631f1	 x25=0x631f1000
         695000	        68	800000f0	29fc8c93	addi	x25,x25,671	 x25:0x631f1000 x25=0x631f129f
         705000	        69	800000f4	00000d13	addi	x26,x0,0	  x0:0x00000000 x26=0x00000000
         715000	        70	800000f8	00000d93	addi	x27,x0,0	  x0:0x00000000 x27=0x00000000
         725000	        71	800000fc	80000e37	lui	x28,0x80000	 x28=0x80000000
         735000	        72	80000100	00c00e93	addi	x29,x0,12	  x0:0x00000000 x29=0x0000000c
         745000	        73	80000104	00b00f13	addi	x30,x0,11	  x0:0x00000000 x30=0x0000000b
         755000	        74	80000108	0000af97	auipc	x31,0xa	 x31=0x8000a104
         765000	        75	8000010c	e80f8f93	addi	x31,x31,-384	 x31:0x8000a104 x31=0x80009f84
         775000	        76	80000110	01485ab3	srl	x21,x16,x20	 x16:0x80009fc4 x20:0xf612e088 x21=0x0080009f
         785000	        77	80000114	013c8f33	add	x30,x25,x19	 x25:0x631f129f x19:0xafdb71a9 x30=0x12fa8448
         795000	        78	80000118	00006e97	auipc	x29,0x6	 x29=0x80006114
         805000	        79	8000011c	8ace8e93	addi	x29,x29,-1876	 x29:0x80006114 x29=0x800059c0
         815000	        80	80000120	007bdbb3	srl	x23,x23,x7	 x23:0x80000000  x7:0x00000000 x23=0x80000000
         825000	        81	80000124	00d18b33	add	x22,x3,x13	  x3:0x00000000 x13:0xb585134a x22=0xb585134a
         835000	        82	80000128	f97b3c93	sltiu	x25,x22,-105	 x22:0xb585134a x25=0x00000001
         845000	        83	8000012c	01ed8033	add	x0,x27,x30	 x27:0x00000000 x30:0x12fa8448
         855000	        84	80000130	dc7e8e93	addi	x29,x29,-569	 x29:0x800059c0 x29=0x80005787
         865000	        85	80000134	0070a433	slt	x8,x1,x7	  x1:0x80000000  x7:0x00000000  x8=0x00000001
         875000	        86	80000138	01bae463	bltu	x21,x27,80000140	 x21:0x0080009f x27:0x00000000
         885000	        87	8000013c	b0ca3ab7	lui	x21,0xb0ca3	 x21=0xb0ca3000
         895000	        88	80000140	239e8367	jalr	x6,x29,569	 x29:0x80005787  x6=0x80000140
         905000	        89	00000000	00000013	addi	x0,x0,0	  x0:0x00000000
         915000	        90	800059c0	00000013	addi	x0,x0,0	  x0:0x00000000
         925000	        91	800059c4	0100f263	bgeu	x1,x16,800059c8	  x1:0x80000000 x16:0x80009fc4
         935000	        92	800059c8	fe0f8f93	addi	x31,x31,-32	 x31:0x80009f84 x31=0x80009f64
         945000	        93	800059cc	d2c4c993	xori	x19,x9,-724	  x9:0x80000000 x19=0x7ffffd2c
         955000	        94	800059d0	01e68d33	add	x26,x13,x30	 x13:0xb585134a x30:0x12fa8448 x26=0xc87f9792
         965000	        95	800059d4	006fa223	sw	x6,4(x31)	 x31:0x80009f64  x6:0x80000140 PA:0x80009f68
         975000	        96	800059d8	d427f013	andi	x0,x15,-702	 x15:0xfcbf862f
         985000	        97	800059dc	00001c17	auipc	x24,0x1	 x24=0x800069d8
         995000	        98	800059e0	b98c0c13	addi	x24,x24,-1128	 x24:0x800069d8 x24=0x80006570
        1005000	        99	800059e4	e18c0c13	addi	x24,x24,-488	 x24:0x80006570 x24=0x80006388
        1015000	       100	800059e8	0170b8b3	sltu	x17,x1,x23	  x1:0x80000000 x23:0x80000000 x17=0x00000000
        1025000	       101	800059ec	e428c513	xori	x10,x17,-446	 x17:0x00000000 x10=0xfffffe42
        1035000	       102	800059f0	812c0893	addi	x17,x24,-2030	 x24:0x80006388 x17=0x80005b9a
        1045000	       103	800059f4	4070db33	sra	x22,x1,x7	  x1:0x80000000  x7:0x00000000 x22=0x80000000
        1055000	       104	800059f8	0014d463	bge	x9,x1,80005a00	  x9:0x80000000  x1:0x80000000
        1065000	       105	00000000	00000013	addi	x0,x0,0	  x0:0x00000000
        1075000	       106	800059fc	00000013	addi	x0,x0,0	  x0:0x00000000
        1085000	       107	80005a00	1e9c0367	jalr	x6,x24,489	 x24:0x80006388  x6=0x80005a00
        1095000	       108	00000000	00000013	addi	x0,x0,0	  x0:0x00000000
        1105000	       109	80006570	00000013	addi	x0,x0,0	  x0:0x00000000
        1115000	       110	80006574	ae57a613	slti	x12,x15,-1307	 x15:0xfcbf862f x12=0x00000001
        1125000	       111	80006578	00b8d493	srli	x9,x17,0xb	 x17:0x80005b9a  x9=0x0010000b
        1135000	       112	8000657c	8a4503b7	lui	x7,0x8a450	  x7=0x8a450000
        1145000	       113	80006580	01729263	bne	x5,x23,80006584	  x5:0x0419334b x23:0x80000000
        1155000	       114	00000000	00000013	addi	x0,x0,0	  x0:0x00000000
        1165000	       115	80006580	00000013	addi	x0,x0,0	  x0:0x00000000
        1175000	       116	80006584	ff0f8f93	addi	x31,x31,-16	 x31:0x80009f64 x31=0x80009f54
        1185000	       117	80006588	006fa223	sw	x6,4(x31)	 x31:0x80009f54  x6:0x80005a00 PA:0x80009f58
        1195000	       118	8000658c	07636393	ori	x7,x6,118	  x6:0x80005a00  x7=0x80005a76
        1205000	       119	80006590	98ef0b93	addi	x23,x30,-1650	 x30:0x12fa8448 x23=0x12fa7dd6
        1215000	       120	80006594	00002b97	auipc	x23,0x2	 x23=0x80008590
        1225000	       121	80006598	1b3b8b93	addi	x23,x23,435	 x23:0x80008590 x23=0x80008743
        1235000	       122	8000659c	415e88b3	sub	x17,x29,x21	 x29:0x80005787 x21:0xb0ca3000 x17=0xcf362787
        1245000	       123	800065a0	0166acb3	slt	x25,x13,x22	 x13:0xb585134a x22:0x80000000 x25=0x00000000
        1255000	       124	800065a4	402ed493	srai	x9,x29,0x2	 x29:0x80005787  x9=0xe00015e1
        1265000	       125	800065a8	af1b9b03	lh	x22,-1295(x23)	 x23:0x80008743 x22=0xffffeeef PA:0x80008234
        1275000	       126	800065ac	41010e33	sub	x28,x2,x16	  x2:0x00000000 x16:0x80009fc4 x28=0x7fff603c
        1285000	       127	800065b0	01c4a9b3	slt	x19,x9,x28	  x9:0xe00015e1 x28:0x7fff603c x19=0x00000001
        1295000	       128	800065b4	41a20233	sub	x4,x4,x26	  x4:0xf27ee1bd x26:0xc87f9792  x4=0x29ff4a2b
        1305000	       129	800065b8	00ea4333	xor	x6,x20,x14	 x20:0xf612e088 x14:0xf5aa1f4b  x6=0x03b8ffc3
        1315000	       130	800065bc	a0f1bd13	sltiu	x26,x3,-1521	  x3:0x00000000 x26=0x00000001
        1325000	       131	800065c0	2826bb13	sltiu	x22,x13,642	 x13:0xb585134a x22=0x00000000
        1335000	       132	800065c4	574e7e17	auipc	x28,0x574e7	 x28=0xd74ed5c0
        1345000	       133	800065c8	00be07b3	add	x15,x28,x11	 x28:0xd74ed5c0 x11:0x00000000 x15=0xd74ed5c0
        1355000	       134	800065cc	0ccbcd03	lbu	x26,204(x23)	 x23:0x80008743 x26=0x000000c4 PA:0x8000880f
        1365000	       135	800065d0	62493693	sltiu	x13,x18,1572	 x18:0x00000000 x13=0x00000001
        1375000	       136	800065d4	00581a93	slli	x21,x16,0x5	 x16:0x80009fc4 x21=0x0013f880
        1385000	       137	800065d8	05ab8c23	sb	x26,88(x23)	 x23:0x80008743 x26:0x000000c4 PA:0x8000879b
        1395000	       138	800065dc	e41b8da3	sb	x1,-421(x23)	 x23:0x80008743  x1:0x80000000 PA:0x8000859e
        1405000	       139	800065e0	00000013	addi	x0,x0,0	  x0:0x00000000
        1415000	       140	800065e4	fabb8b23	sb	x11,-74(x23)	 x23:0x80008743 x11:0x00000000 PA:0x800086f9
        1425000	       141	800065e8	d1b01637	lui	x12,0xd1b01	 x12=0xd1b01000
        1435000	       142	800065ec	e54ba2a3	sw	x20,-443(x23)	 x23:0x80008743 x20:0xf612e088 PA:0x80008588
        1445000	       143	800065f0	01b66533	or	x10,x12,x27	 x12:0xd1b01000 x27:0x00000000 x10=0xd1b01000
        1455000	       144	800065f4	41175d13	srai	x26,x14,0x11	 x14:0xf5aa1f4b x26=0xfffffad5
        1465000	       145	800065f8	00f31c13	slli	x24,x6,0xf	  x6:0x03b8ffc3 x24=0x7fe18000
        1475000	       146	800065fc	41c1d1b3	sra	x3,x3,x28	  x3:0x00000000 x28:0xd74ed5c0  x3=0x00000000
        1485000	       147	80006600	d9a07493	andi	x9,x0,-614	  x0:0x00000000  x9=0x00000000
        1495000	       148	80006604	cb65d197	auipc	x3,0xcb65d	  x3=0x4b663600
        1505000	       149	80006608	de9b8703	lb	x14,-535(x23)	 x23:0x80008743 x14=0xffffffe7 PA:0x8000852c
        1515000	       150	8000660c	c39d69b7	lui	x19,0xc39d6	 x19=0xc39d6000
        1525000	       151	80006610	412050b3	sra	x1,x0,x18	  x0:0x00000000 x18:0x00000000  x1=0x00000000
        1535000	       152	80006614	f85acd13	xori	x26,x21,-123	 x21:0x0013f880 x26=0xffec0705
        1545000	       153	80006618	a54bcc83	lbu	x25,-1452(x23)	 x23:0x80008743 x25=0x0000004c PA:0x80008197
        1555000	       154	8000661c	01b1de93	srli	x29,x3,0x1b	  x3:0x4b663600 x29=0x00000009
        1565000	       155	80006620	e7e77513	andi	x10,x14,-386	 x14:0xffffffe7 x10=0xfffffe66
        1575000	       156	80006624	32a87493	andi	x9,x16,810	 x16:0x80009fc4  x9=0x00000300
        1585000	       157	80006628	954b8c83	lb	x25,-1708(x23)	 x23:0x80008743 x25=0x0000004c PA:0x80008097
        1595000	       158	8000662c	34f587b7	lui	x15,0x34f58	 x15=0x34f58000
        1605000	       159	80006630	01194f33	xor	x30,x18,x17	 x18:0x00000000 x17:0xcf362787 x30=0xcf362787
        1615000	       160	80006634	fc3bcf03	lbu	x30,-61(x23)	 x23:0x80008743 x30=0x000000bd PA:0x80008706
        1625000	       161	80006638	0a2b8a83	lb	x21,162(x23)	 x23:0x80008743 x21=0xffffff9e PA:0x800087e5
        1635000	       162	8000663c	002e6b33	or	x22,x28,x2	 x28:0xd74ed5c0  x2:0x00000000 x22=0xd74ed5c0
        1645000	       163	80006640	cfdb8f03	lb	x30,-771(x23)	 x23:0x80008743 x30=0xfffffffb PA:0x80008440
        1655000	       164	80006644	c3cbcf03	lbu	x30,-964(x23)	 x23:0x80008743 x30=0x00000034 PA:0x8000837f
        1665000	       165	80006648	f48b8103	lb	x2,-184(x23)	 x23:0x80008743  x2=0x00000040 PA:0x8000868b
        1675000	       166	8000664c	00b29113	slli	x2,x5,0xb	  x5:0x0419334b  x2=0xc99a5800
        1685000	       167	80006650	059f1663	bne	x30,x25,8000669c	 x30:0x00000034 x25:0x0000004c
        1695000	       168	00000000	00000013	addi	x0,x0,0	  x0:0x00000000
        1705000	       169	80006698	00000013	addi	x0,x0,0	  x0:0x00000000
        1715000	       170	8000669c	ef496f13	ori	x30,x18,-268	 x18:0x00000000 x30=0xfffffef4
        1725000	       171	800066a0	01e07e63	bgeu	x0,x30,800066bc	  x0:0x00000000 x30:0xfffffef4
        1735000	       172	800066a4	410a8c33	sub	x24,x21,x16	 x21:0xffffff9e x16:0x80009fc4 x24=0x7fff5fda
        1745000	       173	800066a8	8a5b3993	sltiu	x19,x22,-1883	 x22:0xd74ed5c0 x19=0x00000001
        1755000	       174	800066ac	8c053a13	sltiu	x20,x10,-1856	 x10:0xfffffe66 x20=0x00000000
        1765000	       175	800066b0	0015c7b3	xor	x15,x11,x1	 x11:0x00000000  x1:0x00000000 x15=0x00000000
        1775000	       176	800066b4	4e308713	addi	x14,x1,1251	  x1:0x00000000 x14=0x000004e3
        1785000	       177	800066b8	00000013	addi	x0,x0,0	  x0:0x00000000
        1795000	       178	800066bc	418adb33	sra	x22,x21,x24	 x21:0xffffff9e x24:0x7fff5fda x22=0xffffffff
        1805000	       179	800066c0	01d1b1b3	sltu	x3,x3,x29	  x3:0x4b663600 x29:0x00000009  x3=0x00000000
        1815000	       180	800066c4	01598333	add	x6,x19,x21	 x19:0x00000001 x21:0xffffff9e  x6=0xffffff9f
        1825000	       181	800066c8	018edd13	srli	x26,x29,0x18	 x29:0x00000009 x26=0x00000000
        1835000	       182	800066cc	012a3a33	sltu	x20,x20,x18	 x20:0x00000000 x18:0x00000000 x20=0x00000000
        1845000	       183	800066d0	03060263	beq	x12,x16,800066f4	 x12:0xd1b01000 x16:0x80009fc4
        1855000	       184	800066d4	01961db3	sll	x27,x12,x25	 x12:0xd1b01000 x25:0x0000004c x27=0x01000000
        1865000	       185	800066d8	00000013	addi	x0,x0,0	  x0:0x00000000
        1875000	       186	800066dc	00000013	addi	x0,x0,0	  x0:0x00000000
        1885000	       187	800066e0	0034df13	srli	x30,x9,0x3	  x9:0x00000300 x30=0x00000060
        1895000	       188	800066e4	5c1c5f37	lui	x30,0x5c1c5	 x30=0x5c1c5000
        1905000	       189	800066e8	056a4863	blt	x20,x22,80006738	 x20:0x00000000 x22:0xffffffff
        1915000	       190	800066ec	003b3b33	sltu	x22,x22,x3	 x22:0xffffffff  x3:0x00000000 x22=0x00000000
        1925000	       191	800066f0	00000013	addi	x0,x0,0	  x0:0x00000000
        1935000	       192	800066f4	016c19b3	sll	x19,x24,x22	 x24:0x7fff5fda x22:0x00000000 x19=0x7fff5fda
        1945000	       193	800066f8	41f688b3	sub	x17,x13,x31	 x13:0x00000001 x31:0x80009f54 x17=0x7fff60ad
        1955000	       194	800066fc	00e4c463	blt	x9,x14,80006704	  x9:0x00000300 x14:0x000004e3
        1965000	       195	00000000	00000013	addi	x0,x0,0	  x0:0x00000000
        1975000	       196	80006700	00000013	addi	x0,x0,0	  x0:0x00000000
        1985000	       197	80006704	41125d93	srai	x27,x4,0x11	  x4:0x29ff4a2b x27=0x000014ff
        1995000	       198	80006708	00232cb3	slt	x25,x6,x2	  x6:0xffffff9f  x2:0xc99a5800 x25=0x00000000
        2005000	       199	8000670c	04559263	bne	x11,x5,80006750	 x11:0x00000000  x5:0x0419334b
        2015000	       200	00000000	00000013	addi	x0,x0,0	  x0:0x00000000
        2025000	       201	8000674c	00000013	addi	x0,x0,0	  x0:0x00000000
        2035000	       202	80006750	012f5913	srli	x18,x30,0x12	 x30:0x5c1c5000 x18=0x00001707
        2045000	       203	80006754	04cc0b13	addi	x22,x24,76	 x24:0x7fff5fda x22=0x7fff6026
        2055000	       204	80006758	4f4fb193	sltiu	x3,x31,1268	 x31:0x80009f54  x3=0x00000000
        2065000	       205	8000675c	00a2f4b3	and	x9,x5,x10	  x5:0x0419334b x10:0xfffffe66  x9=0x04193242
        2075000	       206	80006760	00000013	addi	x0,x0,0	  x0:0x00000000
        2085000	       207	80006764	00042533	slt	x10,x8,x0	  x8:0x00000001  x0:0x00000000 x10=0x00000000
        2095000	       208	80006768	489b6937	lui	x18,0x489b6	 x18=0x489b6000
        2105000	       209	8000676c	00000013	addi	x0,x0,0	  x0:0x00000000
        2115000	       210	80006770	f8ddaa13	slti	x20,x27,-115	 x27:0x000014ff x20=0x00000000
        2125000	       211	80006774	05b16063	bltu	x2,x27,800067b4	  x2:0xc99a5800 x27:0x000014ff
        2135000	       212	80006778	406c5713	srai	x14,x24,0x6	 x24:0x7fff5fda x14=0x01fffd7f
        2145000	       213	8000677c	01821533	sll	x10,x4,x24	  x4:0x29ff4a2b x24:0x7fff5fda x10=0xac000000
        2155000	       214	80006780	01d06cb3	or	x25,x0,x29	  x0:0x00000000 x29:0x00000009 x25=0x00000009
        2165000	       215	80006784	04e69663	bne	x13,x14,800067d0	 x13:0x00000001 x14:0x01fffd7f
        2175000	       216	00000000	00000013	addi	x0,x0,0	  x0:0x00000000
        2185000	       217	800067cc	00000013	addi	x0,x0,0	  x0:0x00000000
        2195000	       218	800067d0	05e9e863	bltu	x19,x30,80006820	 x19:0x7fff5fda x30:0x5c1c5000
        2205000	       219	800067d4	7f4eb313	sltiu	x6,x29,2036	 x29:0x00000009  x6=0x00000001
        2215000	       220	800067d8	40b7d633	sra	x12,x15,x11	 x15:0x00000000 x11:0x00000000 x12=0x00000000
        2225000	       221	800067dc	4dd84793	xori	x15,x16,1245	 x16:0x80009fc4 x15=0x80009b19
        2235000	       222	800067e0	e53da313	slti	x6,x27,-429	 x27:0x000014ff  x6=0x00000000
        2245000	       223	800067e4	01df4cb3	xor	x25,x30,x29	 x30:0x5c1c5000 x29:0x00000009 x25=0x5c1c5009
        2255000	       224	800067e8	01bc6ab3	or	x21,x24,x27	 x24:0x7fff5fda x27:0x000014ff x21=0x7fff5fff
        2265000	       225	800067ec	035dd463	bge	x27,x21,80006814	 x27:0x000014ff x21:0x7fff5fff
        2275000	       226	800067f0	47aac537	lui	x10,0x47aac	 x10=0x47aac000
        2285000	       227	800067f4	41c1de33	sra	x28,x3,x28	  x3:0x00000000 x28:0xd74ed5c0 x28=0x00000000
        2295000	       228	800067f8	02e45063	bge	x8,x14,80006818	  x8:0x00000001 x14:0x01fffd7f
        2305000	       229	800067fc	413cdeb3	sra	x29,x25,x19	 x25:0x5c1c5009 x19:0x7fff5fda x29=0x00000017
        2315000	       230	80006800	008bcd33	xor	x26,x23,x8	 x23:0x80008743  x8:0x00000001 x26=0x80008742
        2325000	       231	80006804	8003c017	auipc	x0,0x8003c	
        2335000	       232	80006808	5e1b2893	slti	x17,x22,1505	 x22:0x7fff6026 x17=0x00000000
        2345000	       233	8000680c	01160e63	beq	x12,x17,80006828	 x12:0x00000000 x17:0x00000000
        2355000	       234	00000000	00000013	addi	x0,x0,0	  x0:0x00000000
        2365000	       235	80006824	00000013	addi	x0,x0,0	  x0:0x00000000
        2375000	       236	80006828	03014a63	blt	x2,x16,8000685c	  x2:0xc99a5800 x16:0x80009fc4
        2385000	       237	8000682c	037e6663	bltu	x28,x23,80006858	 x28:0x00000000 x23:0x80008743
        2395000	       238	00000000	00000013	addi	x0,x0,0	  x0:0x00000000
        2405000	       239	80006854	00000013	addi	x0,x0,0	  x0:0x00000000
        2415000	       240	80006858	410c8533	sub	x10,x25,x16	 x25:0x5c1c5009 x16:0x80009fc4 x10=0xdc1bb045
        2425000	       241	8000685c	2b9e8693	addi	x13,x29,697	 x29:0x00000017 x13=0x000002d0
        2435000	       242	80006860	307e99b7	lui	x19,0x307e9	 x19=0x307e9000
        2445000	       243	80006864	20e9ea93	ori	x21,x19,526	 x19:0x307e9000 x21=0x307e920e
        2455000	       244	80006868	01f1cf33	xor	x30,x3,x31	  x3:0x00000000 x31:0x80009f54 x30=0x80009f54
        2465000	       245	8000686c	00000013	addi	x0,x0,0	  x0:0x00000000
        2475000	       246	80006870	a87d1c17	auipc	x24,0xa87d1	 x24=0x287d786c
        2485000	       247	80006874	01e97033	and	x0,x18,x30	 x18:0x489b6000 x30:0x80009f54
        2495000	       248	80006878	04f94663	blt	x18,x15,800068c4	 x18:0x489b6000 x15:0x80009b19
        2505000	       249	8000687c	01c84eb3	xor	x29,x16,x28	 x16:0x80009fc4 x28:0x00000000 x29=0x80009fc4
        2515000	       250	80006880	0347ea63	bltu	x15,x20,800068b4	 x15:0x80009b19 x20:0x00000000
        2525000	       251	80006884	e9b17993	andi	x19,x2,-357	  x2:0xc99a5800 x19=0xc99a5800
        2535000	       252	80006888	f16cb713	sltiu	x14,x25,-234	 x25:0x5c1c5009 x14=0x00000001
        2545000	       253	8000688c	ada9f713	andi	x14,x19,-1318	 x19:0xc99a5800 x14=0xc99a5800
        2555000	       254	80006890	98b87637	lui	x12,0x98b87	 x12=0x98b87000
        2565000	       255	80006894	05566063	bltu	x12,x21,800068d4	 x12:0x98b87000 x21:0x307e920e
        2575000	       256	80006898	12132737	lui	x14,0x12132	 x14=0x12132000
        2585000	       257	8000689c	40895713	srai	x14,x18,0x8	 x18:0x489b6000 x14=0x00489b60
        2595000	       258	800068a0	0385fc63	bgeu	x11,x24,800068d8	 x11:0x00000000 x24:0x287d786c
        2605000	       259	800068a4	01b75cb3	srl	x25,x14,x27	 x14:0x00489b60 x27:0x000014ff x25=0x00000000
        2615000	       260	800068a8	ec92cb13	xori	x22,x5,-311	  x5:0x0419334b x22=0xfbe6cd82
        2625000	       261	800068ac	01035c93	srli	x25,x6,0x10	  x6:0x00000000 x25=0x00000000
        2635000	       262	800068b0	c6f82c93	slti	x25,x16,-913	 x16:0x80009fc4 x25=0x00000001
        2645000	       263	800068b4	034a1263	bne	x20,x20,800068d8	 x20:0x00000000 x20:0x00000000
        2655000	       264	800068b8	01c739b3	sltu	x19,x14,x28	 x14:0x00489b60 x28:0x00000000 x19=0x00000000
        2665000	       265	800068bc	10714663	blt	x2,x7,800069c8	  x2:0xc99a5800  x7:0x80005a76
        2675000	       266	800068c0	01770b33	add	x22,x14,x23	 x14:0x00489b60 x23:0x80008743 x22=0x804922a3
        2685000	       267	800068c4	87e92d13	slti	x26,x18,-1922	 x18:0x489b6000 x26=0x00000000
        2695000	       268	800068c8	0073f733	and	x14,x7,x7	  x7:0x80005a76  x7:0x80005a76 x14=0x80005a76
        2705000	       269	800068cc	01a7fcb3	and	x25,x15,x26	 x15:0x80009b19 x26:0x00000000 x25=0x00000000
        2715000	       270	800068d0	d714e393	ori	x7,x9,-655	  x9:0x04193242  x7=0xffffff73
        2725000	       271	800068d4	01585a33	srl	x20,x16,x21	 x16:0x80009fc4 x21:0x307e920e x20=0x00020002
        2735000	       272	800068d8	01a8d493	srli	x9,x17,0x1a	 x17:0x00000000  x9=0x00000000
        2745000	       273	800068dc	0074beb3	sltu	x29,x9,x7	  x9:0x00000000  x7:0xffffff73 x29=0x00000001
        2755000	       274	800068e0	40da5193	srai	x3,x20,0xd	 x20:0x00020002  x3=0x00000010
        2765000	       275	800068e4	40eadc33	sra	x24,x21,x14	 x21:0x307e920e x14:0x80005a76 x24=0x000000c1
        2775000	       276	800068e8	e999f513	andi	x10,x19,-359	 x19:0x00000000 x10=0x00000000
        2785000	       277	800068ec	00a44333	xor	x6,x8,x10	  x8:0x00000001 x10:0x00000000  x6=0x00000001
        2795000	       278	800068f0	e296fd13	andi	x26,x13,-471	 x13:0x000002d0 x26=0x00000200
        2805000	       279	800068f4	1a9aaa13	slti	x20,x21,425	 x21:0x307e920e x20=0x00000000
        2815000	       280	800068f8	00002d97	auipc	x27,0x2	 x27=0x800088f4
        2825000	       281	800068fc	583d8d93	addi	x27,x27,1411	 x27:0x800088f4 x27=0x80008e77
        2835000	       282	80006900	00c43633	sltu	x12,x8,x12	  x8:0x00000001 x12:0x98b87000 x12=0x00000001
        2845000	       283	80006904	019b1413	slli	x8,x22,0x19	 x22:0x804922a3  x8=0x46000000
        2855000	       284	80006908	005ae5b3	or	x11,x21,x5	 x21:0x307e920e  x5:0x0419334b x11=0x347fb34f
        2865000	       285	8000690c	f9ed91a3	sh	x30,-125(x27)	 x27:0x80008e77 x30:0x80009f54 PA:0x80008dfa
        2875000	       286	80006910	e33d8383	lb	x7,-461(x27)	 x27:0x80008e77  x7=0xffffff91 PA:0x80008caa
        2885000	       287	80006914	01d61ab3	sll	x21,x12,x29	 x12:0x00000001 x29:0x00000001 x21=0x00000002
        2895000	       288	80006918	008db7b3	sltu	x15,x27,x8	 x27:0x80008e77  x8:0x46000000 x15=0x00000000
        2905000	       289	8000691c	f33d8783	lb	x15,-205(x27)	 x27:0x80008e77 x15=0xffffff91 PA:0x80008daa
        2915000	       290	80006920	bf1dac83	lw	x25,-1039(x27)	 x27:0x80008e77 x25=0x50515253 PA:0x80008a68
        2925000	       291	00000000	00000013	addi	x0,x0,0	  x0:0x00000000
        2935000	       292	80006924	d99d88a3	sb	x25,-623(x27)	 x27:0x80008e77 x25:0x50515253 PA:0x80008c08
        2945000	       293	80006928	00ad8903	lb	x18,10(x27)	 x27:0x80008e77 x18=0x0000006a PA:0x80008e81
        2955000	       294	8000692c	00a15cb3	srl	x25,x2,x10	  x2:0xc99a5800 x10:0x00000000 x25=0xc99a5800
        2965000	       295	80006930	141d8483	lb	x9,321(x27)	 x27:0x80008e77  x9=0xffffffa3 PA:0x80008fb8
        2975000	       296	80006934	a6edc403	lbu	x8,-1426(x27)	 x27:0x80008e77  x8=0x000000ce PA:0x800088e5
        2985000	       297	80006938	007bdbb3	srl	x23,x23,x7	 x23:0x80008743  x7:0xffffff91 x23=0x00004000
        2995000	       298	8000693c	42806337	lui	x6,0x42806	  x6=0x42806000
        3005000	       299	80006940	01119a33	sll	x20,x3,x17	  x3:0x00000010 x17:0x00000000 x20=0x00000010
        3015000	       300	80006944	a45d8fa3	sb	x5,-1441(x27)	 x27:0x80008e77  x5:0x0419334b PA:0x800088d6
        3025000	       301	80006948	00c51593	slli	x11,x10,0xc	 x10:0x00000000 x11=0x00000000
        3035000	       302	8000694c	fa5dca83	lbu	x21,-91(x27)	 x27:0x80008e77 x21=0x00000007 PA:0x80008e1c
        3045000	       303	80006950	d5ad8983	lb	x19,-678(x27)	 x27:0x80008e77 x19=0xffffffba PA:0x80008bd1
        3055000	       304	80006954	e48d83a3	sb	x8,-441(x27)	 x27:0x80008e77  x8:0x000000ce PA:0x80008cbe
        3065000	       305	80006958	d9ed8a03	lb	x20,-610(x27)	 x27:0x80008e77 x20=0xfffffffe PA:0x80008c15
        3075000	       306	8000695c	c536bab7	lui	x21,0xc536b	 x21=0xc536b000
        3085000	       307	80006960	412f0eb3	sub	x29,x30,x18	 x30:0x80009f54 x18:0x0000006a x29=0x80009eea
        3095000	       308	80006964	0c0d8623	sb	x0,204(x27)	 x27:0x80008e77  x0:0x00000000 PA:0x80008f43
        3105000	       309	80006968	0fa66c93	ori	x25,x12,250	 x12:0x00000001 x25=0x000000fb
        3115000	       310	8000696c	c88d8503	lb	x10,-888(x27)	 x27:0x80008e77 x10=0xffffffe4 PA:0x80008aff
        3125000	       311	80006970	ec8d8403	lb	x8,-312(x27)	 x27:0x80008e77  x8=0x00000024 PA:0x80008d3f
        3135000	       312	80006974	a0bb3893	sltiu	x17,x22,-1525	 x22:0x804922a3 x17=0x00000001
        3145000	       313	80006978	06bd9f03	lh	x30,107(x27)	 x27:0x80008e77 x30=0xffffc8c9 PA:0x80008ee2
        3155000	       314	8000697c	f2fdd103	lhu	x2,-209(x27)	 x27:0x80008e77  x2=0x00008c8d PA:0x80008da6
        3165000	       315	80006980	0dbd92a3	sh	x27,197(x27)	 x27:0x80008e77 x27:0x80008e77 PA:0x80008f3c
        3175000	       316	80006984	df9d8223	sb	x25,-540(x27)	 x27:0x80008e77 x25:0x000000fb PA:0x80008c5b
        3185000	       317	80006988	01bec7b3	xor	x15,x29,x27	 x29:0x80009eea x27:0x80008e77 x15=0x0000109d
        3195000	       318	8000698c	9cbdc583	lbu	x11,-1589(x27)	 x27:0x80008e77 x11=0x00000029 PA:0x80008842
        3205000	       319	80006990	fc8d8203	lb	x4,-56(x27)	 x27:0x80008e77  x4=0x00000024 PA:0x80008e3f
        3215000	       320	80006994	c26d8503	lb	x10,-986(x27)	 x27:0x80008e77 x10=0xffffff86 PA:0x80008a9d
        3225000	       321	80006998	011388b3	add	x17,x7,x17	  x7:0xffffff91 x17:0x00000001 x17=0xffffff92
        3235000	       322	8000699c	e67d8ca3	sb	x7,-391(x27)	 x27:0x80008e77  x7:0xffffff91 PA:0x80008cf0
        3245000	       323	800069a0	b69d9903	lh	x18,-1175(x27)	 x27:0x80008e77 x18=0xffffcacb PA:0x800089e0
        3255000	       324	800069a4	f2dd8a23	sb	x13,-204(x27)	 x27:0x80008e77 x13:0x000002d0 PA:0x80008dab
        3265000	       325	800069a8	00efa133	slt	x2,x31,x14	 x31:0x80009f54 x14:0x80005a76  x2=0x00000000
        3275000	       326	800069ac	b05d8483	lb	x9,-1275(x27)	 x27:0x80008e77  x9=0x00000067 PA:0x8000897c
        3285000	       327	800069b0	decdcb83	lbu	x23,-532(x27)	 x27:0x80008e77 x23=0x00000048 PA:0x80008c63
        3295000	       328	800069b4	107d8a83	lb	x21,263(x27)	 x27:0x80008e77 x21=0x00000065 PA:0x80008f7e
        3305000	       329	800069b8	017e9993	slli	x19,x29,0x17	 x29:0x80009eea x19=0x75000000
        3315000	       330	800069bc	40460db3	sub	x27,x12,x4	 x12:0x00000001  x4:0x00000024 x27=0xffffffdd
        3325000	       331	800069c0	41625b33	sra	x22,x4,x22	  x4:0x00000024 x22:0x804922a3 x22=0x00000004
        3335000	       332	800069c4	7cb74d13	xori	x26,x14,1995	 x14:0x80005a76 x26=0x80005dbd
        3345000	       333	800069c8	00562b33	slt	x22,x12,x5	 x12:0x00000001  x5:0x0419334b x22=0x00000001
        3355000	       334	800069cc	40a88eb3	sub	x29,x17,x10	 x17:0xffffff92 x10:0xffffff86 x29=0x0000000c
        3365000	       335	800069d0	413856b3	sra	x13,x16,x19	 x16:0x80009fc4 x19:0x75000000 x13=0x80009fc4
        3375000	       336	800069d4	04ca8263	beq	x21,x12,80006a18	 x21:0x00000065 x12:0x00000001
        3385000	       337	800069d8	41f2d5b3	sra	x11,x5,x31	  x5:0x0419334b x31:0x80009f54 x11=0x00000041
        3395000	       338	800069dc	52be3793	sltiu	x15,x28,1323	 x28:0x00000000 x15=0x00000001
        3405000	       339	800069e0	011fd213	srli	x4,x31,0x11	 x31:0x80009f54  x4=0x00004000
        3415000	       340	800069e4	e2266b93	ori	x23,x12,-478	 x12:0x00000001 x23=0xfffffe23
        3425000	       341	800069e8	0001c733	xor	x14,x3,x0	  x3:0x00000010  x0:0x00000000 x14=0x00000010
        3435000	       342	800069ec	006a1213	slli	x4,x20,0x6	 x20:0xfffffffe  x4=0xffffff80
        3445000	       343	800069f0	4042d033	sra	x0,x5,x4	  x5:0x0419334b  x4:0xffffff80
        3455000	       344	800069f4	9555d597	auipc	x11,0x9555d	 x11=0x155639f0
        3465000	       345	800069f8	66297c93	andi	x25,x18,1634	 x18:0xffffcacb x25=0x00000242
        3475000	       346	800069fc	ef0aa713	slti	x14,x21,-272	 x21:0x00000065 x14=0x00000000
        3485000	       347	80006a00	c1224893	xori	x17,x4,-1006	  x4:0xffffff80 x17=0x00000392
        3495000	       348	80006a04	0015a433	slt	x8,x11,x1	 x11:0x155639f0  x1:0x00000000  x8=0x00000000
        3505000	       349	80006a08	00701463	bne	x0,x7,80006a10	  x0:0x00000000  x7:0xffffff91
        3515000	       350	00000000	00000013	addi	x0,x0,0	  x0:0x00000000
        3525000	       351	80006a0c	00000013	addi	x0,x0,0	  x0:0x00000000
        3535000	       352	80006a10	0397c063	blt	x15,x25,80006a30	 x15:0x00000001 x25:0x00000242
        3545000	       353	00000000	00000013	addi	x0,x0,0	  x0:0x00000000
        3555000	       354	80006a2c	00000013	addi	x0,x0,0	  x0:0x00000000
        3565000	       355	80006a30	010c8a33	add	x20,x25,x16	 x25:0x00000242 x16:0x80009fc4 x20=0x8000a206
        3575000	       356	80006a34	01b7d213	srli	x4,x15,0x1b	 x15:0x00000001  x4=0x00000000
        3585000	       357	80006a38	27d19737	lui	x14,0x27d19	 x14=0x27d19000
        3595000	       358	80006a3c	cec10013	addi	x0,x2,-788	  x2:0x00000000
        3605000	       359	80006a40	092d6597	auipc	x11,0x92d6	 x11=0x892dca3c
        3615000	       360	80006a44	008225b3	slt	x11,x4,x8	  x4:0x00000000  x8:0x00000000 x11=0x00000000
        3625000	       361	80006a48	00f021b3	slt	x3,x0,x15	  x0:0x00000000 x15:0x00000001  x3=0x00000001
        3635000	       362	80006a4c	037ee263	bltu	x29,x23,80006a70	 x29:0x0000000c x23:0xfffffe23
        3645000	       363	00000000	00000013	addi	x0,x0,0	  x0:0x00000000
        3655000	       364	80006a6c	00000013	addi	x0,x0,0	  x0:0x00000000
        3665000	       365	80006a70	b7ed2593	slti	x11,x26,-1154	 x26:0x80005dbd x11=0x00000001
        3675000	       366	80006a74	01585c93	srli	x25,x16,0x15	 x16:0x80009fc4 x25=0x00000400
        3685000	       367	80006a78	1e243413	sltiu	x8,x8,482	  x8:0x00000000  x8=0x00000001
        3695000	       368	80006a7c	5b54a313	slti	x6,x9,1461	  x9:0x00000067  x6=0x00000001
        3705000	       369	80006a80	0007d533	srl	x10,x15,x0	 x15:0x00000001  x0:0x00000000 x10=0x00000001
        3715000	       370	80006a84	00b83eb3	sltu	x29,x16,x11	 x16:0x80009fc4 x11:0x00000001 x29=0x00000000
        3725000	       371	80006a88	01d2b5b3	sltu	x11,x5,x29	  x5:0x0419334b x29:0x00000000 x11=0x00000000
        3735000	       372	80006a8c	0570d063	bge	x1,x23,80006acc	  x1:0x00000000 x23:0xfffffe23
        3745000	       373	00000000	00000013	addi	x0,x0,0	  x0:0x00000000
        3755000	       374	80006ac8	00000013	addi	x0,x0,0	  x0:0x00000000
        3765000	       375	80006acc	016f0b33	add	x22,x30,x22	 x30:0xffffc8c9 x22:0x00000001 x22=0xffffc8ca
        3775000	       376	80006ad0	0045ec33	or	x24,x11,x4	 x11:0x00000000  x4:0x00000000 x24=0x00000000
        3785000	       377	80006ad4	0143ac33	slt	x24,x7,x20	  x7:0xffffff91 x20:0x8000a206 x24=0x00000000
        3795000	       378	80006ad8	03c1ec63	bltu	x3,x28,80006b10	  x3:0x00000001 x28:0x00000000
        3805000	       379	80006adc	00c22433	slt	x8,x4,x12	  x4:0x00000000 x12:0x00000001  x8=0x00000001
        3815000	       380	80006ae0	67c4c213	xori	x4,x9,1660	  x9:0x00000067  x4=0x0000061b
        3825000	       381	80006ae4	68373a93	sltiu	x21,x14,1667	 x14:0x27d19000 x21=0x00000000
        3835000	       382	80006ae8	4030d513	srai	x10,x1,0x3	  x1:0x00000000 x10=0x00000000
        3845000	       383	80006aec	01ec7933	and	x18,x24,x30	 x24:0x00000000 x30:0xffffc8c9 x18=0x00000000
        3855000	       384	80006af0	7bf24613	xori	x12,x4,1983	  x4:0x0000061b x12=0x000001a4
        3865000	       385	80006af4	001e5d93	srli	x27,x28,0x1	 x28:0x00000000 x27=0x00000000
        3875000	       386	80006af8	e1ba4193	xori	x3,x20,-485	 x20:0x8000a206  x3=0x7fff5c1d
        3885000	       387	80006afc	018fbdb3	sltu	x27,x31,x24	 x31:0x80009f54 x24:0x00000000 x27=0x00000000
        3895000	       388	80006b00	2595a413	slti	x8,x11,601	 x11:0x00000000  x8=0x00000001
        3905000	       389	80006b04	a78b3093	sltiu	x1,x22,-1416	 x22:0xffffc8ca  x1=0x00000001
        3915000	       390	80006b08	01925663	bge	x4,x25,80006b14	  x4:0x0000061b x25:0x00000400
        3925000	       391	00000000	00000013	addi	x0,x0,0	  x0:0x00000000
        3935000	       392	80006b10	00000013	addi	x0,x0,0	  x0:0x00000000
        3945000	       393	80006b14	79499e97	auipc	x29,0x79499	 x29=0xf949fb10
        3955000	       394	80006b18	00985693	srli	x13,x16,0x9	 x16:0x80009fc4 x13=0x0040004f
        3965000	       395	80006b1c	0178d093	srli	x1,x17,0x17	 x17:0x00000392  x1=0x00000000
        3975000	       396	80006b20	00190463	beq	x18,x1,80006b28	 x18:0x00000000  x1:0x00000000
        3985000	       397	00000000	00000013	addi	x0,x0,0	  x0:0x00000000
        3995000	       398	80006b24	00000013	addi	x0,x0,0	  x0:0x00000000
        4005000	       399	80006b28	01c50533	add	x10,x10,x28	 x10:0x00000000 x28:0x00000000 x10=0x00000000
        4015000	       400	80006b2c	f11179b7	lui	x19,0xf1117	 x19=0xf1117000
        4025000	       401	80006b30	000e3633	sltu	x12,x28,x0	 x28:0x00000000  x0:0x00000000 x12=0x00000000
        4035000	       402	80006b34	00ab2733	slt	x14,x22,x10	 x22:0xffffc8ca x10:0x00000000 x14=0x00000001
        4045000	       403	80006b38	f360f093	andi	x1,x1,-202	  x1:0x00000000  x1=0x00000000
        4055000	       404	80006b3c	007d6cb3	or	x25,x26,x7	 x26:0x80005dbd  x7:0xffffff91 x25=0xffffffbd
        4065000	       405	80006b40	02a89e63	bne	x17,x10,80006b7c	 x17:0x00000392 x10:0x00000000
        4075000	       406	00000000	00000013	addi	x0,x0,0	  x0:0x00000000
        4085000	       407	80006b78	00000013	addi	x0,x0,0	  x0:0x00000000
        4095000	       408	80006b7c	7fd9a593	slti	x11,x19,2045	 x19:0xf1117000 x11=0x00000001
        4105000	       409	80006b80	2fe0d217	auipc	x4,0x2fe0d	  x4=0xafe13b7c
        4115000	       410	80006b84	020e4663	blt	x28,x0,80006bb0	 x28:0x00000000  x0:0x00000000
        4125000	       411	80006b88	02305463	bge	x0,x3,80006bb0	  x0:0x00000000  x3:0x7fff5c1d
        4135000	       412	80006b8c	0162e863	bltu	x5,x22,80006b9c	  x5:0x0419334b x22:0xffffc8ca
        4145000	       413	00000000	00000013	addi	x0,x0,0	  x0:0x00000000
        4155000	       414	80006b98	00000013	addi	x0,x0,0	  x0:0x00000000
        4165000	       415	80006b9c	02d00663	beq	x0,x13,80006bc8	  x0:0x00000000 x13:0x0040004f
        4175000	       416	80006ba0	50590517	auipc	x10,0x50590	 x10=0xd0596b9c
        4185000	       417	80006ba4	009d5893	srli	x17,x26,0x9	 x26:0x80005dbd x17=0x0040002e
        4195000	       418	80006ba8	05c49063	bne	x9,x28,80006be8	  x9:0x00000067 x28:0x00000000
        4205000	       419	00000000	00000013	addi	x0,x0,0	  x0:0x00000000
        4215000	       420	80006be4	00000013	addi	x0,x0,0	  x0:0x00000000
        4225000	       421	80006be8	5e8b3b93	sltiu	x23,x22,1512	 x22:0xffffc8ca x23=0x00000000
        4235000	       422	80006bec	4154de13	srai	x28,x9,0x15	  x9:0x00000067 x28=0x00000000
        4245000	       423	80006bf0	01ee2d33	slt	x26,x28,x30	 x28:0x00000000 x30:0xffffc8c9 x26=0x00000000
        4255000	       424	80006bf4	0077bd33	sltu	x26,x15,x7	 x15:0x00000001  x7:0xffffff91 x26=0x00000001
        4265000	       425	80006bf8	0096b733	sltu	x14,x13,x9	 x13:0x0040004f  x9:0x00000067 x14=0x00000000
        4275000	       426	80006bfc	00c49033	sll	x0,x9,x12	  x9:0x00000067 x12:0x00000000
        4285000	       427	80006c00	00495b33	srl	x22,x18,x4	 x18:0x00000000  x4:0xafe13b7c x22=0x00000000
        4295000	       428	80006c04	02b6d063	bge	x13,x11,80006c24	 x13:0x0040004f x11:0x00000001
        4305000	       429	00000000	00000013	addi	x0,x0,0	  x0:0x00000000
        4315000	       430	80006c20	00000013	addi	x0,x0,0	  x0:0x00000000
        4325000	       431	80006c24	00000013	addi	x0,x0,0	  x0:0x00000000
        4335000	       432	80006c28	02916a63	bltu	x2,x9,80006c5c	  x2:0x00000000  x9:0x00000067
        4345000	       433	00000000	00000013	addi	x0,x0,0	  x0:0x00000000
        4355000	       434	80006c58	00000013	addi	x0,x0,0	  x0:0x00000000
        4365000	       435	80006c5c	f103a013	slti	x0,x7,-240	  x7:0xffffff91
        4375000	       436	80006c60	db4b4093	xori	x1,x22,-588	 x22:0x00000000  x1=0xfffffdb4
        4385000	       437	80006c64	004fa303	lw	x6,4(x31)	 x31:0x80009f54  x6=0x80005a00 PA:0x80009f58
        4395000	       438	80006c68	00000013	addi	x0,x0,0	  x0:0x00000000
        4405000	       439	80006c6c	0114e533	or	x10,x9,x17	  x9:0x00000067 x17:0x0040002e x10=0x0040006f
        4415000	       440	80006c70	40540733	sub	x14,x8,x5	  x8:0x00000001  x5:0x0419334b x14=0xfbe6ccb6
        4425000	       441	80006c74	41a05993	srai	x19,x0,0x1a	  x0:0x00000000 x19=0x00000000
        4435000	       442	80006c78	010f8f93	addi	x31,x31,16	 x31:0x80009f54 x31=0x80009f64
        4445000	       443	80006c7c	013b8f33	add	x30,x23,x19	 x23:0x00000000 x19:0x00000000 x30=0x00000000
        4455000	       444	80006c80	00720433	add	x8,x4,x7	  x4:0xafe13b7c  x7:0xffffff91  x8=0xafe13b0d
        4465000	       445	80006c84	00130a13	addi	x20,x6,1	  x6:0x80005a00 x20=0x80005a01
        4475000	       446	80006c88	000a0a67	jalr	x20,x20,0	 x20:0x80005a01 x20=0x80006c88
        4485000	       447	00000000	00000013	addi	x0,x0,0	  x0:0x00000000
        4495000	       448	80005a00	00000013	addi	x0,x0,0	  x0:0x00000000
        4505000	       449	80005a04	00988bb3	add	x23,x17,x9	 x17:0x0040002e  x9:0x00000067 x23=0x00400095
        4515000	       450	80005a08	00001997	auipc	x19,0x1	 x19=0x80006a04
        4525000	       451	80005a0c	b6c98993	addi	x19,x19,-1172	 x19:0x80006a04 x19=0x80006570
        4535000	       452	80005a10	005bd193	srli	x3,x23,0x5	 x23:0x00400095  x3=0x00020004
        4545000	       453	80005a14	4109ddb3	sra	x27,x19,x16	 x19:0x80006570 x16:0x80009fc4 x27=0xf8000657
        4555000	       454	80005a18	41f48e33	sub	x28,x9,x31	  x9:0x00000067 x31:0x80009f64 x28=0x7fff6103
        4565000	       455	80005a1c	d6298993	addi	x19,x19,-670	 x19:0x80006570 x19=0x800062d2
        4575000	       456	80005a20	0192c633	xor	x12,x5,x25	  x5:0x0419334b x25:0xffffffbd x12=0xfbe6ccf6
        4585000	       457	80005a24	29e98367	jalr	x6,x19,670	 x19:0x800062d2  x6=0x80005a24
        4595000	       458	00000000	00000013	addi	x0,x0,0	  x0:0x00000000
        4605000	       459	80006570	00000013	addi	x0,x0,0	  x0:0x00000000
        4615000	       460	80006574	ae57a613	slti	x12,x15,-1307	 x15:0x00000001 x12=0x00000000
        4625000	       461	80006578	00b8d493	srli	x9,x17,0xb	 x17:0x0040002e  x9=0x00000800
        4635000	       462	8000657c	8a4503b7	lui	x7,0x8a450	  x7=0x8a450000
        4645000	       463	80006580	01729263	bne	x5,x23,80006584	  x5:0x0419334b x23:0x00400095
        4655000	       464	00000000	00000013	addi	x0,x0,0	  x0:0x00000000
        4665000	       465	80006580	00000013	addi	x0,x0,0	  x0:0x00000000
        4675000	       466	80006584	ff0f8f93	addi	x31,x31,-16	 x31:0x80009f64 x31=0x80009f54
        4685000	       467	80006588	006fa223	sw	x6,4(x31)	 x31:0x80009f54  x6:0x80005a24 PA:0x80009f58
        4695000	       468	8000658c	07636393	ori	x7,x6,118	  x6:0x80005a24  x7=0x80005a76
        4705000	       469	80006590	98ef0b93	addi	x23,x30,-1650	 x30:0x00000000 x23=0xfffff98e
        4715000	       470	80006594	00002b97	auipc	x23,0x2	 x23=0x80008590
        4725000	       471	80006598	1b3b8b93	addi	x23,x23,435	 x23:0x80008590 x23=0x80008743
        4735000	       472	8000659c	415e88b3	sub	x17,x29,x21	 x29:0xf949fb10 x21:0x00000000 x17=0xf949fb10
        4745000	       473	800065a0	0166acb3	slt	x25,x13,x22	 x13:0x0040004f x22:0x00000000 x25=0x00000000
        4755000	       474	800065a4	402ed493	srai	x9,x29,0x2	 x29:0xf949fb10  x9=0xfe527ec4
        4765000	       475	800065a8	af1b9b03	lh	x22,-1295(x23)	 x23:0x80008743 x22=0xffffeeef PA:0x80008234
        4775000	       476	800065ac	41010e33	sub	x28,x2,x16	  x2:0x00000000 x16:0x80009fc4 x28=0x7fff603c
        4785000	       477	800065b0	01c4a9b3	slt	x19,x9,x28	  x9:0xfe527ec4 x28:0x7fff603c x19=0x00000001
        4795000	       478	800065b4	41a20233	sub	x4,x4,x26	  x4:0xafe13b7c x26:0x00000001  x4=0xafe13b7b
        4805000	       479	800065b8	00ea4333	xor	x6,x20,x14	 x20:0x80006c88 x14:0xfbe6ccb6  x6=0x7be6a03e
        4815000	       480	800065bc	a0f1bd13	sltiu	x26,x3,-1521	  x3:0x00020004 x26=0x00000001
        4825000	       481	800065c0	2826bb13	sltiu	x22,x13,642	 x13:0x0040004f x22=0x00000000
        4835000	       482	800065c4	574e7e17	auipc	x28,0x574e7	 x28=0xd74ed5c0
        4845000	       483	800065c8	00be07b3	add	x15,x28,x11	 x28:0xd74ed5c0 x11:0x00000001 x15=0xd74ed5c1
        4855000	       484	800065cc	0ccbcd03	lbu	x26,204(x23)	 x23:0x80008743 x26=0x000000c4 PA:0x8000880f
        4865000	       485	800065d0	62493693	sltiu	x13,x18,1572	 x18:0x00000000 x13=0x00000001
        4875000	       486	800065d4	00581a93	slli	x21,x16,0x5	 x16:0x80009fc4 x21=0x0013f880
        4885000	       487	800065d8	05ab8c23	sb	x26,88(x23)	 x23:0x80008743 x26:0x000000c4 PA:0x8000879b
        4895000	       488	800065dc	e41b8da3	sb	x1,-421(x23)	 x23:0x80008743  x1:0xfffffdb4 PA:0x8000859e
        4905000	       489	800065e0	00000013	addi	x0,x0,0	  x0:0x00000000
        4915000	       490	800065e4	fabb8b23	sb	x11,-74(x23)	 x23:0x80008743 x11:0x00000001 PA:0x800086f9
        4925000	       491	800065e8	d1b01637	lui	x12,0xd1b01	 x12=0xd1b01000
        4935000	       492	800065ec	e54ba2a3	sw	x20,-443(x23)	 x23:0x80008743 x20:0x80006c88 PA:0x80008588
        4945000	       493	800065f0	01b66533	or	x10,x12,x27	 x12:0xd1b01000 x27:0xf8000657 x10=0xf9b01657
        4955000	       494	800065f4	41175d13	srai	x26,x14,0x11	 x14:0xfbe6ccb6 x26=0xfffffdf3
        4965000	       495	800065f8	00f31c13	slli	x24,x6,0xf	  x6:0x7be6a03e x24=0x501f0000
        4975000	       496	800065fc	41c1d1b3	sra	x3,x3,x28	  x3:0x00020004 x28:0xd74ed5c0  x3=0x00020004
        4985000	       497	80006600	d9a07493	andi	x9,x0,-614	  x0:0x00000000  x9=0x00000000
        4995000	       498	80006604	cb65d197	auipc	x3,0xcb65d	  x3=0x4b663600
        5005000	       499	80006608	de9b8703	lb	x14,-535(x23)	 x23:0x80008743 x14=0xffffffe7 PA:0x8000852c
        5015000	       500	8000660c	c39d69b7	lui	x19,0xc39d6	 x19=0xc39d6000
        5025000	       501	80006610	412050b3	sra	x1,x0,x18	  x0:0x00000000 x18:0x00000000  x1=0x00000000
        5035000	       502	80006614	f85acd13	xori	x26,x21,-123	 x21:0x0013f880 x26=0xffec0705
        5045000	       503	80006618	a54bcc83	lbu	x25,-1452(x23)	 x23:0x80008743 x25=0x0000004c PA:0x80008197
        5055000	       504	8000661c	01b1de93	srli	x29,x3,0x1b	  x3:0x4b663600 x29=0x00000009
        5065000	       505	80006620	e7e77513	andi	x10,x14,-386	 x14:0xffffffe7 x10=0xfffffe66
        5075000	       506	80006624	32a87493	andi	x9,x16,810	 x16:0x80009fc4  x9=0x00000300
        5085000	       507	80006628	954b8c83	lb	x25,-1708(x23)	 x23:0x80008743 x25=0x0000004c PA:0x80008097
        5095000	       508	8000662c	34f587b7	lui	x15,0x34f58	 x15=0x34f58000
        5105000	       509	80006630	01194f33	xor	x30,x18,x17	 x18:0x00000000 x17:0xf949fb10 x30=0xf949fb10
        5115000	       510	80006634	fc3bcf03	lbu	x30,-61(x23)	 x23:0x80008743 x30=0x000000bd PA:0x80008706
        5125000	       511	80006638	0a2b8a83	lb	x21,162(x23)	 x23:0x80008743 x21=0xffffff9e PA:0x800087e5
        5135000	       512	8000663c	002e6b33	or	x22,x28,x2	 x28:0xd74ed5c0  x2:0x00000000 x22=0xd74ed5c0
        5145000	       513	80006640	cfdb8f03	lb	x30,-771(x23)	 x23:0x80008743 x30=0xfffffffb PA:0x80008440
        5155000	       514	80006644	c3cbcf03	lbu	x30,-964(x23)	 x23:0x80008743 x30=0x00000034 PA:0x8000837f
        5165000	       515	80006648	f48b8103	lb	x2,-184(x23)	 x23:0x80008743  x2=0x00000040 PA:0x8000868b
        5175000	       516	8000664c	00b29113	slli	x2,x5,0xb	  x5:0x0419334b  x2=0xc99a5800
        5185000	       517	80006650	059f1663	bne	x30,x25,8000669c	 x30:0x00000034 x25:0x0000004c
        5195000	       518	00000000	00000013	addi	x0,x0,0	  x0:0x00000000
        5205000	       519	80006698	00000013	addi	x0,x0,0	  x0:0x00000000
        5215000	       520	8000669c	ef496f13	ori	x30,x18,-268	 x18:0x00000000 x30=0xfffffef4
        5225000	       521	800066a0	01e07e63	bgeu	x0,x30,800066bc	  x0:0x00000000 x30:0xfffffef4
        5235000	       522	800066a4	410a8c33	sub	x24,x21,x16	 x21:0xffffff9e x16:0x80009fc4 x24=0x7fff5fda
        5245000	       523	800066a8	8a5b3993	sltiu	x19,x22,-1883	 x22:0xd74ed5c0 x19=0x00000001
        5255000	       524	800066ac	8c053a13	sltiu	x20,x10,-1856	 x10:0xfffffe66 x20=0x00000000
        5265000	       525	800066b0	0015c7b3	xor	x15,x11,x1	 x11:0x00000001  x1:0x00000000 x15=0x00000001
        5275000	       526	800066b4	4e308713	addi	x14,x1,1251	  x1:0x00000000 x14=0x000004e3
        5285000	       527	800066b8	00000013	addi	x0,x0,0	  x0:0x00000000
        5295000	       528	800066bc	418adb33	sra	x22,x21,x24	 x21:0xffffff9e x24:0x7fff5fda x22=0xffffffff
        5305000	       529	800066c0	01d1b1b3	sltu	x3,x3,x29	  x3:0x4b663600 x29:0x00000009  x3=0x00000000
        5315000	       530	800066c4	01598333	add	x6,x19,x21	 x19:0x00000001 x21:0xffffff9e  x6=0xffffff9f
        5325000	       531	800066c8	018edd13	srli	x26,x29,0x18	 x29:0x00000009 x26=0x00000000
        5335000	       532	800066cc	012a3a33	sltu	x20,x20,x18	 x20:0x00000000 x18:0x00000000 x20=0x00000000
        5345000	       533	800066d0	03060263	beq	x12,x16,800066f4	 x12:0xd1b01000 x16:0x80009fc4
        5355000	       534	800066d4	01961db3	sll	x27,x12,x25	 x12:0xd1b01000 x25:0x0000004c x27=0x01000000
        5365000	       535	800066d8	00000013	addi	x0,x0,0	  x0:0x00000000
        5375000	       536	800066dc	00000013	addi	x0,x0,0	  x0:0x00000000
        5385000	       537	800066e0	0034df13	srli	x30,x9,0x3	  x9:0x00000300 x30=0x00000060
        5395000	       538	800066e4	5c1c5f37	lui	x30,0x5c1c5	 x30=0x5c1c5000
        5405000	       539	800066e8	056a4863	blt	x20,x22,80006738	 x20:0x00000000 x22:0xffffffff
        5415000	       540	800066ec	003b3b33	sltu	x22,x22,x3	 x22:0xffffffff  x3:0x00000000 x22=0x00000000
        5425000	       541	800066f0	00000013	addi	x0,x0,0	  x0:0x00000000
        5435000	       542	800066f4	016c19b3	sll	x19,x24,x22	 x24:0x7fff5fda x22:0x00000000 x19=0x7fff5fda
        5445000	       543	800066f8	41f688b3	sub	x17,x13,x31	 x13:0x00000001 x31:0x80009f54 x17=0x7fff60ad
        5455000	       544	800066fc	00e4c463	blt	x9,x14,80006704	  x9:0x00000300 x14:0x000004e3
        5465000	       545	00000000	00000013	addi	x0,x0,0	  x0:0x00000000
        5475000	       546	80006700	00000013	addi	x0,x0,0	  x0:0x00000000
        5485000	       547	80006704	41125d93	srai	x27,x4,0x11	  x4:0xafe13b7b x27=0xffffd7f0
        5495000	       548	80006708	00232cb3	slt	x25,x6,x2	  x6:0xffffff9f  x2:0xc99a5800 x25=0x00000000
        5505000	       549	8000670c	04559263	bne	x11,x5,80006750	 x11:0x00000001  x5:0x0419334b
        5515000	       550	00000000	00000013	addi	x0,x0,0	  x0:0x00000000
        5525000	       551	8000674c	00000013	addi	x0,x0,0	  x0:0x00000000
        5535000	       552	80006750	012f5913	srli	x18,x30,0x12	 x30:0x5c1c5000 x18=0x00001707
        5545000	       553	80006754	04cc0b13	addi	x22,x24,76	 x24:0x7fff5fda x22=0x7fff6026
        5555000	       554	80006758	4f4fb193	sltiu	x3,x31,1268	 x31:0x80009f54  x3=0x00000000
        5565000	       555	8000675c	00a2f4b3	and	x9,x5,x10	  x5:0x0419334b x10:0xfffffe66  x9=0x04193242
        5575000	       556	80006760	00000013	addi	x0,x0,0	  x0:0x00000000
        5585000	       557	80006764	00042533	slt	x10,x8,x0	  x8:0xafe13b0d  x0:0x00000000 x10=0x00000001
        5595000	       558	80006768	489b6937	lui	x18,0x489b6	 x18=0x489b6000
        5605000	       559	8000676c	00000013	addi	x0,x0,0	  x0:0x00000000
        5615000	       560	80006770	f8ddaa13	slti	x20,x27,-115	 x27:0xffffd7f0 x20=0x00000001
        5625000	       561	80006774	05b16063	bltu	x2,x27,800067b4	  x2:0xc99a5800 x27:0xffffd7f0
        5635000	       562	00000000	00000013	addi	x0,x0,0	  x0:0x00000000
        5645000	       563	800067b0	00000013	addi	x0,x0,0	  x0:0x00000000
        5655000	       564	800067b4	01203ab3	sltu	x21,x0,x18	  x0:0x00000000 x18:0x489b6000 x21=0x00000001
        5665000	       565	800067b8	0353de63	bge	x7,x21,800067f4	  x7:0x80005a76 x21:0x00000001
        5675000	       566	800067bc	01c63a33	sltu	x20,x12,x28	 x12:0xd1b01000 x28:0xd74ed5c0 x20=0x00000001
        5685000	       567	800067c0	40650133	sub	x2,x10,x6	 x10:0x00000001  x6:0xffffff9f  x2=0x00000062
        5695000	       568	800067c4	02391c63	bne	x18,x3,800067fc	 x18:0x489b6000  x3:0x00000000
        5705000	       569	00000000	00000013	addi	x0,x0,0	  x0:0x00000000
        5715000	       570	800067f8	00000013	addi	x0,x0,0	  x0:0x00000000
        5725000	       571	800067fc	413cdeb3	sra	x29,x25,x19	 x25:0x00000000 x19:0x7fff5fda x29=0x00000000
        5735000	       572	80006800	008bcd33	xor	x26,x23,x8	 x23:0x80008743  x8:0xafe13b0d x26=0x2fe1bc4e
        5745000	       573	80006804	8003c017	auipc	x0,0x8003c	
        5755000	       574	80006808	5e1b2893	slti	x17,x22,1505	 x22:0x7fff6026 x17=0x00000000
        5765000	       575	8000680c	01160e63	beq	x12,x17,80006828	 x12:0xd1b01000 x17:0x00000000
        5775000	       576	80006810	00000013	addi	x0,x0,0	  x0:0x00000000
        5785000	       577	80006814	00000013	addi	x0,x0,0	  x0:0x00000000
        5795000	       578	80006818	01481f33	sll	x30,x16,x20	 x16:0x80009fc4 x20:0x00000001 x30=0x00013f88
        5805000	       579	8000681c	ed3ab193	sltiu	x3,x21,-301	 x21:0x00000001  x3=0x00000001
        5815000	       580	80006820	017ff133	and	x2,x31,x23	 x31:0x80009f54 x23:0x80008743  x2=0x80008740
        5825000	       581	80006824	02fb7e63	bgeu	x22,x15,80006860	 x22:0x7fff6026 x15:0x00000001
        5835000	       582	00000000	00000013	addi	x0,x0,0	  x0:0x00000000
        5845000	       583	8000685c	00000013	addi	x0,x0,0	  x0:0x00000000
        5855000	       584	80006860	307e99b7	lui	x19,0x307e9	 x19=0x307e9000
        5865000	       585	80006864	20e9ea93	ori	x21,x19,526	 x19:0x307e9000 x21=0x307e920e
        5875000	       586	80006868	01f1cf33	xor	x30,x3,x31	  x3:0x00000001 x31:0x80009f54 x30=0x80009f55
        5885000	       587	8000686c	00000013	addi	x0,x0,0	  x0:0x00000000
        5895000	       588	80006870	a87d1c17	auipc	x24,0xa87d1	 x24=0x287d786c
        5905000	       589	80006874	01e97033	and	x0,x18,x30	 x18:0x489b6000 x30:0x80009f55
        5915000	       590	80006878	04f94663	blt	x18,x15,800068c4	 x18:0x489b6000 x15:0x00000001
        5925000	       591	8000687c	01c84eb3	xor	x29,x16,x28	 x16:0x80009fc4 x28:0xd74ed5c0 x29=0x574e4a04
        5935000	       592	80006880	0347ea63	bltu	x15,x20,800068b4	 x15:0x00000001 x20:0x00000001
        5945000	       593	80006884	e9b17993	andi	x19,x2,-357	  x2:0x80008740 x19=0x80008600
        5955000	       594	80006888	f16cb713	sltiu	x14,x25,-234	 x25:0x00000000 x14=0x00000001
        5965000	       595	8000688c	ada9f713	andi	x14,x19,-1318	 x19:0x80008600 x14=0x80008200
        5975000	       596	80006890	98b87637	lui	x12,0x98b87	 x12=0x98b87000
        5985000	       597	80006894	05566063	bltu	x12,x21,800068d4	 x12:0x98b87000 x21:0x307e920e
        5995000	       598	80006898	12132737	lui	x14,0x12132	 x14=0x12132000
        6005000	       599	8000689c	40895713	srai	x14,x18,0x8	 x18:0x489b6000 x14=0x00489b60
        6015000	       600	800068a0	0385fc63	bgeu	x11,x24,800068d8	 x11:0x00000001 x24:0x287d786c
        6025000	       601	800068a4	01b75cb3	srl	x25,x14,x27	 x14:0x00489b60 x27:0xffffd7f0 x25=0x00000048
        6035000	       602	800068a8	ec92cb13	xori	x22,x5,-311	  x5:0x0419334b x22=0xfbe6cd82
        6045000	       603	800068ac	01035c93	srli	x25,x6,0x10	  x6:0xffffff9f x25=0x0000ffff
        6055000	       604	800068b0	c6f82c93	slti	x25,x16,-913	 x16:0x80009fc4 x25=0x00000001
        6065000	       605	800068b4	034a1263	bne	x20,x20,800068d8	 x20:0x00000001 x20:0x00000001
        6075000	       606	800068b8	01c739b3	sltu	x19,x14,x28	 x14:0x00489b60 x28:0xd74ed5c0 x19=0x00000001
        6085000	       607	800068bc	10714663	blt	x2,x7,800069c8	  x2:0x80008740  x7:0x80005a76
        6095000	       608	800068c0	01770b33	add	x22,x14,x23	 x14:0x00489b60 x23:0x80008743 x22=0x804922a3
        6105000	       609	800068c4	87e92d13	slti	x26,x18,-1922	 x18:0x489b6000 x26=0x00000000
        6115000	       610	800068c8	0073f733	and	x14,x7,x7	  x7:0x80005a76  x7:0x80005a76 x14=0x80005a76
        6125000	       611	800068cc	01a7fcb3	and	x25,x15,x26	 x15:0x00000001 x26:0x00000000 x25=0x00000000
        6135000	       612	800068d0	d714e393	ori	x7,x9,-655	  x9:0x04193242  x7=0xffffff73
        6145000	       613	800068d4	01585a33	srl	x20,x16,x21	 x16:0x80009fc4 x21:0x307e920e x20=0x00020002
        6155000	       614	800068d8	01a8d493	srli	x9,x17,0x1a	 x17:0x00000000  x9=0x00000000
        6165000	       615	800068dc	0074beb3	sltu	x29,x9,x7	  x9:0x00000000  x7:0xffffff73 x29=0x00000001
        6175000	       616	800068e0	40da5193	srai	x3,x20,0xd	 x20:0x00020002  x3=0x00000010
        6185000	       617	800068e4	40eadc33	sra	x24,x21,x14	 x21:0x307e920e x14:0x80005a76 x24=0x000000c1
        6195000	       618	800068e8	e999f513	andi	x10,x19,-359	 x19:0x00000001 x10=0x00000001
        6205000	       619	800068ec	00a44333	xor	x6,x8,x10	  x8:0xafe13b0d x10:0x00000001  x6=0xafe13b0c
        6215000	       620	800068f0	e296fd13	andi	x26,x13,-471	 x13:0x00000001 x26=0x00000001
        6225000	       621	800068f4	1a9aaa13	slti	x20,x21,425	 x21:0x307e920e x20=0x00000000
        6235000	       622	800068f8	00002d97	auipc	x27,0x2	 x27=0x800088f4
        6245000	       623	800068fc	583d8d93	addi	x27,x27,1411	 x27:0x800088f4 x27=0x80008e77
        6255000	       624	80006900	00c43633	sltu	x12,x8,x12	  x8:0xafe13b0d x12:0x98b87000 x12=0x00000000
        6265000	       625	80006904	019b1413	slli	x8,x22,0x19	 x22:0x804922a3  x8=0x46000000
        6275000	       626	80006908	005ae5b3	or	x11,x21,x5	 x21:0x307e920e  x5:0x0419334b x11=0x347fb34f
        6285000	       627	8000690c	f9ed91a3	sh	x30,-125(x27)	 x27:0x80008e77 x30:0x80009f55 PA:0x80008dfa
        6295000	       628	80006910	e33d8383	lb	x7,-461(x27)	 x27:0x80008e77  x7=0xffffff91 PA:0x80008caa
        6305000	       629	80006914	01d61ab3	sll	x21,x12,x29	 x12:0x00000000 x29:0x00000001 x21=0x00000000
        6315000	       630	80006918	008db7b3	sltu	x15,x27,x8	 x27:0x80008e77  x8:0x46000000 x15=0x00000000
        6325000	       631	8000691c	f33d8783	lb	x15,-205(x27)	 x27:0x80008e77 x15=0xffffff91 PA:0x80008daa
        6335000	       632	80006920	bf1dac83	lw	x25,-1039(x27)	 x27:0x80008e77 x25=0x50515253 PA:0x80008a68
        6345000	       633	00000000	00000013	addi	x0,x0,0	  x0:0x00000000
        6355000	       634	80006924	d99d88a3	sb	x25,-623(x27)	 x27:0x80008e77 x25:0x50515253 PA:0x80008c08
        6365000	       635	80006928	00ad8903	lb	x18,10(x27)	 x27:0x80008e77 x18=0x0000006a PA:0x80008e81
        6375000	       636	8000692c	00a15cb3	srl	x25,x2,x10	  x2:0x80008740 x10:0x00000001 x25=0x400043a0
        6385000	       637	80006930	141d8483	lb	x9,321(x27)	 x27:0x80008e77  x9=0xffffffa3 PA:0x80008fb8
        6395000	       638	80006934	a6edc403	lbu	x8,-1426(x27)	 x27:0x80008e77  x8=0x000000ce PA:0x800088e5
        6405000	       639	80006938	007bdbb3	srl	x23,x23,x7	 x23:0x80008743  x7:0xffffff91 x23=0x00004000
        6415000	       640	8000693c	42806337	lui	x6,0x42806	  x6=0x42806000
        6425000	       641	80006940	01119a33	sll	x20,x3,x17	  x3:0x00000010 x17:0x00000000 x20=0x00000010
        6435000	       642	80006944	a45d8fa3	sb	x5,-1441(x27)	 x27:0x80008e77  x5:0x0419334b PA:0x800088d6
        6445000	       643	80006948	00c51593	slli	x11,x10,0xc	 x10:0x00000001 x11=0x00001000
        6455000	       644	8000694c	fa5dca83	lbu	x21,-91(x27)	 x27:0x80008e77 x21=0x00000007 PA:0x80008e1c
        6465000	       645	80006950	d5ad8983	lb	x19,-678(x27)	 x27:0x80008e77 x19=0xffffffba PA:0x80008bd1
        6475000	       646	80006954	e48d83a3	sb	x8,-441(x27)	 x27:0x80008e77  x8:0x000000ce PA:0x80008cbe
        6485000	       647	80006958	d9ed8a03	lb	x20,-610(x27)	 x27:0x80008e77 x20=0xfffffffe PA:0x80008c15
        6495000	       648	8000695c	c536bab7	lui	x21,0xc536b	 x21=0xc536b000
        6505000	       649	80006960	412f0eb3	sub	x29,x30,x18	 x30:0x80009f55 x18:0x0000006a x29=0x80009eeb
        6515000	       650	80006964	0c0d8623	sb	x0,204(x27)	 x27:0x80008e77  x0:0x00000000 PA:0x80008f43
        6525000	       651	80006968	0fa66c93	ori	x25,x12,250	 x12:0x00000000 x25=0x000000fa
        6535000	       652	8000696c	c88d8503	lb	x10,-888(x27)	 x27:0x80008e77 x10=0xffffffe4 PA:0x80008aff
        6545000	       653	80006970	ec8d8403	lb	x8,-312(x27)	 x27:0x80008e77  x8=0x00000024 PA:0x80008d3f
        6555000	       654	80006974	a0bb3893	sltiu	x17,x22,-1525	 x22:0x804922a3 x17=0x00000001
        6565000	       655	80006978	06bd9f03	lh	x30,107(x27)	 x27:0x80008e77 x30=0xffffc8c9 PA:0x80008ee2
        6575000	       656	8000697c	f2fdd103	lhu	x2,-209(x27)	 x27:0x80008e77  x2=0x00008c8d PA:0x80008da6
        6585000	       657	80006980	0dbd92a3	sh	x27,197(x27)	 x27:0x80008e77 x27:0x80008e77 PA:0x80008f3c
        6595000	       658	80006984	df9d8223	sb	x25,-540(x27)	 x27:0x80008e77 x25:0x000000fa PA:0x80008c5b
        6605000	       659	80006988	01bec7b3	xor	x15,x29,x27	 x29:0x80009eeb x27:0x80008e77 x15=0x0000109c
        6615000	       660	8000698c	9cbdc583	lbu	x11,-1589(x27)	 x27:0x80008e77 x11=0x00000029 PA:0x80008842
        6625000	       661	80006990	fc8d8203	lb	x4,-56(x27)	 x27:0x80008e77  x4=0x00000024 PA:0x80008e3f
        6635000	       662	80006994	c26d8503	lb	x10,-986(x27)	 x27:0x80008e77 x10=0xffffff86 PA:0x80008a9d
        6645000	       663	80006998	011388b3	add	x17,x7,x17	  x7:0xffffff91 x17:0x00000001 x17=0xffffff92
        6655000	       664	8000699c	e67d8ca3	sb	x7,-391(x27)	 x27:0x80008e77  x7:0xffffff91 PA:0x80008cf0
        6665000	       665	800069a0	b69d9903	lh	x18,-1175(x27)	 x27:0x80008e77 x18=0xffffcacb PA:0x800089e0
        6675000	       666	800069a4	f2dd8a23	sb	x13,-204(x27)	 x27:0x80008e77 x13:0x00000001 PA:0x80008dab
        6685000	       667	800069a8	00efa133	slt	x2,x31,x14	 x31:0x80009f54 x14:0x80005a76  x2=0x00000000
        6695000	       668	800069ac	b05d8483	lb	x9,-1275(x27)	 x27:0x80008e77  x9=0x00000067 PA:0x8000897c
        6705000	       669	800069b0	decdcb83	lbu	x23,-532(x27)	 x27:0x80008e77 x23=0x00000048 PA:0x80008c63
        6715000	       670	800069b4	107d8a83	lb	x21,263(x27)	 x27:0x80008e77 x21=0x00000065 PA:0x80008f7e
        6725000	       671	800069b8	017e9993	slli	x19,x29,0x17	 x29:0x80009eeb x19=0x75800000
        6735000	       672	800069bc	40460db3	sub	x27,x12,x4	 x12:0x00000000  x4:0x00000024 x27=0xffffffdc
        6745000	       673	800069c0	41625b33	sra	x22,x4,x22	  x4:0x00000024 x22:0x804922a3 x22=0x00000004
        6755000	       674	800069c4	7cb74d13	xori	x26,x14,1995	 x14:0x80005a76 x26=0x80005dbd
        6765000	       675	800069c8	00562b33	slt	x22,x12,x5	 x12:0x00000000  x5:0x0419334b x22=0x00000001
        6775000	       676	800069cc	40a88eb3	sub	x29,x17,x10	 x17:0xffffff92 x10:0xffffff86 x29=0x0000000c
        6785000	       677	800069d0	413856b3	sra	x13,x16,x19	 x16:0x80009fc4 x19:0x75800000 x13=0x80009fc4
        6795000	       678	800069d4	04ca8263	beq	x21,x12,80006a18	 x21:0x00000065 x12:0x00000000
        6805000	       679	800069d8	41f2d5b3	sra	x11,x5,x31	  x5:0x0419334b x31:0x80009f54 x11=0x00000041
        6815000	       680	800069dc	52be3793	sltiu	x15,x28,1323	 x28:0xd74ed5c0 x15=0x00000000
        6825000	       681	800069e0	011fd213	srli	x4,x31,0x11	 x31:0x80009f54  x4=0x00004000
        6835000	       682	800069e4	e2266b93	ori	x23,x12,-478	 x12:0x00000000 x23=0xfffffe22
        6845000	       683	800069e8	0001c733	xor	x14,x3,x0	  x3:0x00000010  x0:0x00000000 x14=0x00000010
        6855000	       684	800069ec	006a1213	slli	x4,x20,0x6	 x20:0xfffffffe  x4=0xffffff80
        6865000	       685	800069f0	4042d033	sra	x0,x5,x4	  x5:0x0419334b  x4:0xffffff80
        6875000	       686	800069f4	9555d597	auipc	x11,0x9555d	 x11=0x155639f0
        6885000	       687	800069f8	66297c93	andi	x25,x18,1634	 x18:0xffffcacb x25=0x00000242
        6895000	       688	800069fc	ef0aa713	slti	x14,x21,-272	 x21:0x00000065 x14=0x00000000
        6905000	       689	80006a00	c1224893	xori	x17,x4,-1006	  x4:0xffffff80 x17=0x00000392
        6915000	       690	80006a04	0015a433	slt	x8,x11,x1	 x11:0x155639f0  x1:0x00000000  x8=0x00000000
        6925000	       691	80006a08	00701463	bne	x0,x7,80006a10	  x0:0x00000000  x7:0xffffff91
        6935000	       692	00000000	00000013	addi	x0,x0,0	  x0:0x00000000
        6945000	       693	80006a0c	00000013	addi	x0,x0,0	  x0:0x00000000
        6955000	       694	80006a10	0397c063	blt	x15,x25,80006a30	 x15:0x00000000 x25:0x00000242
        6965000	       695	00000000	00000013	addi	x0,x0,0	  x0:0x00000000
        6975000	       696	80006a2c	00000013	addi	x0,x0,0	  x0:0x00000000
        6985000	       697	80006a30	010c8a33	add	x20,x25,x16	 x25:0x00000242 x16:0x80009fc4 x20=0x8000a206
        6995000	       698	80006a34	01b7d213	srli	x4,x15,0x1b	 x15:0x00000000  x4=0x00000000
        7005000	       699	80006a38	27d19737	lui	x14,0x27d19	 x14=0x27d19000
        7015000	       700	80006a3c	cec10013	addi	x0,x2,-788	  x2:0x00000000
        7025000	       701	80006a40	092d6597	auipc	x11,0x92d6	 x11=0x892dca3c
        7035000	       702	80006a44	008225b3	slt	x11,x4,x8	  x4:0x00000000  x8:0x00000000 x11=0x00000000
        7045000	       703	80006a48	00f021b3	slt	x3,x0,x15	  x0:0x00000000 x15:0x00000000  x3=0x00000000
        7055000	       704	80006a4c	037ee263	bltu	x29,x23,80006a70	 x29:0x0000000c x23:0xfffffe22
        7065000	       705	00000000	00000013	addi	x0,x0,0	  x0:0x00000000
        7075000	       706	80006a6c	00000013	addi	x0,x0,0	  x0:0x00000000
        7085000	       707	80006a70	b7ed2593	slti	x11,x26,-1154	 x26:0x80005dbd x11=0x00000001
        7095000	       708	80006a74	01585c93	srli	x25,x16,0x15	 x16:0x80009fc4 x25=0x00000400
        7105000	       709	80006a78	1e243413	sltiu	x8,x8,482	  x8:0x00000000  x8=0x00000001
        7115000	       710	80006a7c	5b54a313	slti	x6,x9,1461	  x9:0x00000067  x6=0x00000001
        7125000	       711	80006a80	0007d533	srl	x10,x15,x0	 x15:0x00000000  x0:0x00000000 x10=0x00000000
        7135000	       712	80006a84	00b83eb3	sltu	x29,x16,x11	 x16:0x80009fc4 x11:0x00000001 x29=0x00000000
        7145000	       713	80006a88	01d2b5b3	sltu	x11,x5,x29	  x5:0x0419334b x29:0x00000000 x11=0x00000000
        7155000	       714	80006a8c	0570d063	bge	x1,x23,80006acc	  x1:0x00000000 x23:0xfffffe22
        7165000	       715	00000000	00000013	addi	x0,x0,0	  x0:0x00000000
        7175000	       716	80006ac8	00000013	addi	x0,x0,0	  x0:0x00000000
        7185000	       717	80006acc	016f0b33	add	x22,x30,x22	 x30:0xffffc8c9 x22:0x00000001 x22=0xffffc8ca
        7195000	       718	80006ad0	0045ec33	or	x24,x11,x4	 x11:0x00000000  x4:0x00000000 x24=0x00000000
        7205000	       719	80006ad4	0143ac33	slt	x24,x7,x20	  x7:0xffffff91 x20:0x8000a206 x24=0x00000000
        7215000	       720	80006ad8	03c1ec63	bltu	x3,x28,80006b10	  x3:0x00000000 x28:0xd74ed5c0
        7225000	       721	00000000	00000013	addi	x0,x0,0	  x0:0x00000000
        7235000	       722	80006b0c	00000013	addi	x0,x0,0	  x0:0x00000000
        7245000	       723	80006b10	0082d713	srli	x14,x5,0x8	  x5:0x0419334b x14=0x00041933
        7255000	       724	80006b14	79499e97	auipc	x29,0x79499	 x29=0xf949fb10
        7265000	       725	80006b18	00985693	srli	x13,x16,0x9	 x16:0x80009fc4 x13=0x0040004f
        7275000	       726	80006b1c	0178d093	srli	x1,x17,0x17	 x17:0x00000392  x1=0x00000000
        7285000	       727	80006b20	00190463	beq	x18,x1,80006b28	 x18:0xffffcacb  x1:0x00000000
        7295000	       728	80006b24	14545437	lui	x8,0x14545	  x8=0x14545000
        7305000	       729	80006b28	01c50533	add	x10,x10,x28	 x10:0x00000000 x28:0xd74ed5c0 x10=0xd74ed5c0
        7315000	       730	80006b2c	f11179b7	lui	x19,0xf1117	 x19=0xf1117000
        7325000	       731	80006b30	000e3633	sltu	x12,x28,x0	 x28:0xd74ed5c0  x0:0x00000000 x12=0x00000000
        7335000	       732	80006b34	00ab2733	slt	x14,x22,x10	 x22:0xffffc8ca x10:0xd74ed5c0 x14=0x00000000
        7345000	       733	80006b38	f360f093	andi	x1,x1,-202	  x1:0x00000000  x1=0x00000000
        7355000	       734	80006b3c	007d6cb3	or	x25,x26,x7	 x26:0x80005dbd  x7:0xffffff91 x25=0xffffffbd
        7365000	       735	80006b40	02a89e63	bne	x17,x10,80006b7c	 x17:0x00000392 x10:0xd74ed5c0
        7375000	       736	00000000	00000013	addi	x0,x0,0	  x0:0x00000000
        7385000	       737	80006b78	00000013	addi	x0,x0,0	  x0:0x00000000
        7395000	       738	80006b7c	7fd9a593	slti	x11,x19,2045	 x19:0xf1117000 x11=0x00000001
        7405000	       739	80006b80	2fe0d217	auipc	x4,0x2fe0d	  x4=0xafe13b7c
        7415000	       740	80006b84	020e4663	blt	x28,x0,80006bb0	 x28:0xd74ed5c0  x0:0x00000000
        7425000	       741	00000000	00000013	addi	x0,x0,0	  x0:0x00000000
        7435000	       742	80006bac	00000013	addi	x0,x0,0	  x0:0x00000000
        7445000	       743	80006bb0	00000013	addi	x0,x0,0	  x0:0x00000000
        7455000	       744	80006bb4	00e01db3	sll	x27,x0,x14	  x0:0x00000000 x14:0x00000000 x27=0x00000000
        7465000	       745	80006bb8	02825263	bge	x4,x8,80006bdc	  x4:0xafe13b7c  x8:0x14545000
        7475000	       746	80006bbc	409956b3	sra	x13,x18,x9	 x18:0xffffcacb  x9:0x00000067 x13=0xffffff95
        7485000	       747	80006bc0	41615b13	srai	x22,x2,0x16	  x2:0x00000000 x22=0x00000000
        7495000	       748	80006bc4	0177bb33	sltu	x22,x15,x23	 x15:0x00000000 x23:0xfffffe22 x22=0x00000001
        7505000	       749	80006bc8	67b36a17	auipc	x20,0x67b36	 x20=0xe7b3cbc4
        7515000	       750	80006bcc	0125cab3	xor	x21,x11,x18	 x11:0x00000001 x18:0xffffcacb x21=0xffffcaca
        7525000	       751	80006bd0	0023d7b3	srl	x15,x7,x2	  x7:0xffffff91  x2:0x00000000 x15=0xffffff91
        7535000	       752	80006bd4	fc1cf417	auipc	x8,0xfc1cf	  x8=0x7c1d5bd0
        7545000	       753	80006bd8	41f351b3	sra	x3,x6,x31	  x6:0x00000001 x31:0x80009f54  x3=0x00000000
        7555000	       754	80006bdc	417bd993	srai	x19,x23,0x17	 x23:0xfffffe22 x19=0xffffffff
        7565000	       755	80006be0	01448a33	add	x20,x9,x20	  x9:0x00000067 x20:0xe7b3cbc4 x20=0xe7b3cc2b
        7575000	       756	80006be4	c64226b7	lui	x13,0xc6422	 x13=0xc6422000
        7585000	       757	80006be8	5e8b3b93	sltiu	x23,x22,1512	 x22:0x00000001 x23=0x00000001
        7595000	       758	80006bec	4154de13	srai	x28,x9,0x15	  x9:0x00000067 x28=0x00000000
        7605000	       759	80006bf0	01ee2d33	slt	x26,x28,x30	 x28:0x00000000 x30:0xffffc8c9 x26=0x00000000
        7615000	       760	80006bf4	0077bd33	sltu	x26,x15,x7	 x15:0xffffff91  x7:0xffffff91 x26=0x00000000
        7625000	       761	80006bf8	0096b733	sltu	x14,x13,x9	 x13:0xc6422000  x9:0x00000067 x14=0x00000000
        7635000	       762	80006bfc	00c49033	sll	x0,x9,x12	  x9:0x00000067 x12:0x00000000
        7645000	       763	80006c00	00495b33	srl	x22,x18,x4	 x18:0xffffcacb  x4:0xafe13b7c x22=0x0000000f
        7655000	       764	80006c04	02b6d063	bge	x13,x11,80006c24	 x13:0xc6422000 x11:0x00000001
        7665000	       765	80006c08	05a7c863	blt	x15,x26,80006c58	 x15:0xffffff91 x26:0x00000000
        7675000	       766	00000000	00000013	addi	x0,x0,0	  x0:0x00000000
        7685000	       767	80006c54	00000013	addi	x0,x0,0	  x0:0x00000000
        7695000	       768	80006c58	006d5263	bge	x26,x6,80006c5c	 x26:0x00000000  x6:0x00000001
        7705000	       769	80006c5c	f103a013	slti	x0,x7,-240	  x7:0xffffff91
        7715000	       770	80006c60	db4b4093	xori	x1,x22,-588	 x22:0x0000000f  x1=0xfffffdbb
        7725000	       771	80006c64	004fa303	lw	x6,4(x31)	 x31:0x80009f54  x6=0x80005a24 PA:0x80009f58
        7735000	       772	80006c68	00000013	addi	x0,x0,0	  x0:0x00000000
        7745000	       773	80006c6c	0114e533	or	x10,x9,x17	  x9:0x00000067 x17:0x00000392 x10=0x000003f7
        7755000	       774	80006c70	40540733	sub	x14,x8,x5	  x8:0x7c1d5bd0  x5:0x0419334b x14=0x78042885
        7765000	       775	80006c74	41a05993	srai	x19,x0,0x1a	  x0:0x00000000 x19=0x00000000
        7775000	       776	80006c78	010f8f93	addi	x31,x31,16	 x31:0x80009f54 x31=0x80009f64
        7785000	       777	80006c7c	013b8f33	add	x30,x23,x19	 x23:0x00000001 x19:0x00000000 x30=0x00000001
        7795000	       778	80006c80	00720433	add	x8,x4,x7	  x4:0xafe13b7c  x7:0xffffff91  x8=0xafe13b0d
        7805000	       779	80006c84	00130a13	addi	x20,x6,1	  x6:0x80005a24 x20=0x80005a25
        7815000	       780	80006c88	000a0a67	jalr	x20,x20,0	 x20:0x80005a25 x20=0x80006c88
        7825000	       781	00000000	00000013	addi	x0,x0,0	  x0:0x00000000
        7835000	       782	80005a24	00000013	addi	x0,x0,0	  x0:0x00000000
        7845000	       783	80005a28	03eed263	bge	x29,x30,80005a4c	 x29:0xf949fb10 x30:0x00000001
        7855000	       784	80005a2c	1861bc93	sltiu	x25,x3,390	  x3:0x00000000 x25=0x00000001
        7865000	       785	80005a30	417a6993	ori	x19,x20,1047	 x20:0x80006c88 x19=0x80006c9f
        7875000	       786	80005a34	b50dae13	slti	x28,x27,-1200	 x27:0x00000000 x28=0x00000000
        7885000	       787	80005a38	37673d97	auipc	x27,0x37673	 x27=0xb7678a34
        7895000	       788	80005a3c	e053df17	auipc	x30,0xe053d	 x30=0x60542a38
        7905000	       789	80005a40	29dd7693	andi	x13,x26,669	 x26:0x00000000 x13=0x00000000
        7915000	       790	80005a44	011e7e33	and	x28,x28,x17	 x28:0x00000000 x17:0x00000392 x28=0x00000000
        7925000	       791	80005a48	ba907913	andi	x18,x0,-1111	  x0:0x00000000 x18=0x00000000
        7935000	       792	80005a4c	0c40036f	jal	x6,80005a4c	  x6=0x80005a4c
        7945000	       793	00000000	00000013	addi	x0,x0,0	  x0:0x00000000
        7955000	       794	80005b0c	00000013	addi	x0,x0,0	  x0:0x00000000
        7965000	       795	80005b10	2d123213	sltiu	x4,x4,721	  x4:0xafe13b7c  x4=0x00000000
        7975000	       796	80005b14	01f42733	slt	x14,x8,x31	  x8:0xafe13b0d x31:0x80009f64 x14=0x00000000
        7985000	       797	80005b18	41ffd733	sra	x14,x31,x31	 x31:0x80009f64 x31:0x80009f64 x14=0xf80009f6
        7995000	       798	80005b1c	fdcf8f93	addi	x31,x31,-36	 x31:0x80009f64 x31=0x80009f40
        8005000	       799	80005b20	cc934f13	xori	x30,x6,-823	  x6:0x80005a4c x30=0x7fffa685
        8015000	       800	80005b24	cc9ca893	slti	x17,x25,-823	 x25:0x00000001 x17=0x00000000
        8025000	       801	80005b28	978be593	ori	x11,x23,-1672	 x23:0x00000001 x11=0xfffff979
        8035000	       802	80005b2c	6e88c413	xori	x8,x17,1768	 x17:0x00000000  x8=0x000006e8
        8045000	       803	80005b30	006fa223	sw	x6,4(x31)	 x31:0x80009f40  x6:0x80005a4c PA:0x80009f44
        8055000	       804	80005b34	0025a3b3	slt	x7,x11,x2	 x11:0xfffff979  x2:0x00000000  x7=0x00000001
        8065000	       805	80005b38	ea72fd93	andi	x27,x5,-345	  x5:0x0419334b x27=0x04193203
        8075000	       806	80005b3c	00000013	addi	x0,x0,0	  x0:0x00000000
        8085000	       807	80005b40	00003117	auipc	x2,0x3	  x2=0x80008b3c
        8095000	       808	80005b44	0a010113	addi	x2,x2,160	  x2:0x80008b3c  x2=0x80008bdc
        8105000	       809	80005b48	00b10383	lb	x7,11(x2)	  x2:0x80008bdc  x7=0xffffffcc PA:0x80008be7
        8115000	       810	80005b4c	ffa14783	lbu	x15,-6(x2)	  x2:0x80008bdc x15=0x000000bd PA:0x80008bd6
        8125000	       811	80005b50	00811083	lh	x1,8(x2)	  x2:0x80008bdc  x1=0xffffcecf PA:0x80008be4
        8135000	       812	80005b54	013e9333	sll	x6,x29,x19	 x29:0xf949fb10 x19:0x80006c9f  x6=0x00000000
        8145000	       813	80005b58	ff614183	lbu	x3,-10(x2)	  x2:0x80008bdc  x3=0x000000b9 PA:0x80008bd2
        8155000	       814	80005b5c	ff412383	lw	x7,-12(x2)	  x2:0x80008bdc  x7=0xb8b9babb PA:0x80008bd0
        8165000	       815	80005b60	01ae9993	slli	x19,x29,0x1a	 x29:0xf949fb10 x19=0x40000000
        8175000	       816	80005b64	006a46b3	xor	x13,x20,x6	 x20:0x80006c88  x6:0x00000000 x13=0x80006c88
        8185000	       817	80005b68	01faee93	ori	x29,x21,31	 x21:0xffffcaca x29=0xffffcadf
        8195000	       818	80005b6c	ff011783	lh	x15,-16(x2)	  x2:0x80008bdc x15=0xffffb6b7 PA:0x80008bcc
        8205000	       819	80005b70	43370993	addi	x19,x14,1075	 x14:0xf80009f6 x19=0xf8000e29
        8215000	       820	80005b74	9ab74993	xori	x19,x14,-1621	 x14:0xf80009f6 x19=0x07fff05d
        8225000	       821	80005b78	00bdea33	or	x20,x27,x11	 x27:0x04193203 x11:0xfffff979 x20=0xfffffb7b
        8235000	       822	80005b7c	6d09c597	auipc	x11,0x6d09c	 x11=0xed0a1b78
        8245000	       823	80005b80	00c6d193	srli	x3,x13,0xc	 x13:0x80006c88  x3=0x00080006
        8255000	       824	80005b84	00e19093	slli	x1,x3,0xe	  x3:0x00080006  x1=0x00018000
        8265000	       825	80005b88	002974b3	and	x9,x18,x2	 x18:0x00000000  x2:0x80008bdc  x9=0x00000000
        8275000	       826	80005b8c	00e11303	lh	x6,14(x2)	  x2:0x80008bdc  x6=0xffffd0d1 PA:0x80008bea
        8285000	       827	80005b90	ff215b03	lhu	x22,-14(x2)	  x2:0x80008bdc x22=0x0000b4b5 PA:0x80008bce
        8295000	       828	80005b94	fe9108a3	sb	x9,-15(x2)	  x2:0x80008bdc  x9:0x00000000 PA:0x80008bcd
        8305000	       829	80005b98	019057b3	srl	x15,x0,x25	  x0:0x00000000 x25:0x00000001 x15=0x00000000
        8315000	       830	80005b9c	d5cbf317	auipc	x6,0xd5cbf	  x6=0x55cc4b98
        8325000	       831	80005ba0	76ff8cb7	lui	x25,0x76ff8	 x25=0x76ff8000
        8335000	       832	80005ba4	0b6a2793	slti	x15,x20,182	 x20:0xfffffb7b x15=0x00000001
        8345000	       833	80005ba8	00414d83	lbu	x27,4(x2)	  x2:0x80008bdc x27=0x000000cb PA:0x80008be0
        8355000	       834	80005bac	00e15003	lhu	x0,14(x2)	  x2:0x80008bdc PA:0x80008bea
        8365000	       835	80005bb0	00d10983	lb	x19,13(x2)	  x2:0x80008bdc x19=0xffffffd2 PA:0x80008be9
        8375000	       836	80005bb4	fff14583	lbu	x11,-1(x2)	  x2:0x80008bdc x11=0x000000c0 PA:0x80008bdb
        8385000	       837	80005bb8	00d19733	sll	x14,x3,x13	  x3:0x00080006 x13:0x80006c88 x14=0x08000600
        8395000	       838	80005bbc	00110d03	lb	x26,1(x2)	  x2:0x80008bdc x26=0xffffffc6 PA:0x80008bdd
        8405000	       839	80005bc0	c5c3da17	auipc	x20,0xc5c3d	 x20=0x45c42bbc
        8415000	       840	80005bc4	00611023	sh	x6,0(x2)	  x2:0x80008bdc  x6:0x55cc4b98 PA:0x80008bdc
        8425000	       841	80005bc8	60217217	auipc	x4,0x60217	  x4=0xe021cbc4
        8435000	       842	80005bcc	00011d83	lh	x27,0(x2)	  x2:0x80008bdc x27=0x00004b98 PA:0x80008bdc
        8445000	       843	80005bd0	00a106a3	sb	x10,13(x2)	  x2:0x80008bdc x10:0x000003f7 PA:0x80008be9
        8455000	       844	80005bd4	415bd213	srai	x4,x23,0x15	 x23:0x00000001  x4=0x00000000
        8465000	       845	80005bd8	01eb28b3	slt	x17,x22,x30	 x22:0x0000b4b5 x30:0x7fffa685 x17=0x00000001
        8475000	       846	80005bdc	405256b3	sra	x13,x4,x5	  x4:0x00000000  x5:0x0419334b x13=0x00000000
        8485000	       847	80005be0	01ef2933	slt	x18,x30,x30	 x30:0x7fffa685 x30:0x7fffa685 x18=0x00000000
        8495000	       848	80005be4	00710183	lb	x3,7(x2)	  x2:0x80008bdc  x3=0xffffffc8 PA:0x80008be3
        8505000	       849	80005be8	00510b83	lb	x23,5(x2)	  x2:0x80008bdc x23=0xffffffca PA:0x80008be1
        8515000	       850	80005bec	00b14783	lbu	x15,11(x2)	  x2:0x80008bdc x15=0x000000cc PA:0x80008be7
        8525000	       851	00000000	00000013	addi	x0,x0,0	  x0:0x00000000
        8535000	       852	80005bf0	00f14883	lbu	x17,15(x2)	  x2:0x80008bdc x17=0x000000d0 PA:0x80008beb
        8545000	       853	80005bf4	a42a6713	ori	x14,x20,-1470	 x20:0x45c42bbc x14=0xfffffbfe
        8555000	       854	80005bf8	8f3aea93	ori	x21,x21,-1805	 x21:0xffffcaca x21=0xfffffafb
        8565000	       855	80005bfc	41bf56b3	sra	x13,x30,x27	 x30:0x7fffa685 x27:0x00004b98 x13=0x0000007f
        8575000	       856	80005c00	bf6f71b7	lui	x3,0xbf6f7	  x3=0xbf6f7000
        8585000	       857	80005c04	fe210da3	sb	x2,-5(x2)	  x2:0x80008bdc  x2:0x80008bdc PA:0x80008bd7
        8595000	       858	80005c08	a2298713	addi	x14,x19,-1502	 x19:0xffffffd2 x14=0xfffff9f4
        8605000	       859	80005c0c	00c12d83	lw	x27,12(x2)	  x2:0x80008bdc x27=0xd0d1f7d3 PA:0x80008be8
        8615000	       860	80005c10	00002117	auipc	x2,0x2	  x2=0x80007c0c
        8625000	       861	80005c14	73410113	addi	x2,x2,1844	  x2:0x80007c0c  x2=0x80008340
        8635000	       862	80005c18	00776e33	or	x28,x14,x7	 x14:0xfffff9f4  x7:0xb8b9babb x28=0xfffffbff
        8645000	       863	80005c1c	001f1393	slli	x7,x30,0x1	 x30:0x7fffa685  x7=0xffff4d0a
        8655000	       864	80005c20	00114703	lbu	x14,1(x2)	  x2:0x80008340 x14=0x000000fa PA:0x80008341
        8665000	       865	80005c24	014104a3	sb	x20,9(x2)	  x2:0x80008340 x20:0x45c42bbc PA:0x80008349
        8675000	       866	80005c28	ffe15f03	lhu	x30,-2(x2)	  x2:0x80008340 x30=0x0000f4f5 PA:0x8000833e
        8685000	       867	80005c2c	0158c333	xor	x6,x17,x21	 x17:0x000000d0 x21:0xfffffafb  x6=0xfffffa2b
        8695000	       868	80005c30	00000013	addi	x0,x0,0	  x0:0x00000000
        8705000	       869	80005c34	00110783	lb	x15,1(x2)	  x2:0x80008340 x15=0xfffffffa PA:0x80008341
        8715000	       870	80005c38	012102a3	sb	x18,5(x2)	  x2:0x80008340 x18:0x00000000 PA:0x80008345
        8725000	       871	80005c3c	164985b7	lui	x11,0x16498	 x11=0x16498000
        8735000	       872	80005c40	0046ef33	or	x30,x13,x4	 x13:0x0000007f  x4:0x00000000 x30=0x0000007f
        8745000	       873	80005c44	fff10f03	lb	x30,-1(x2)	  x2:0x80008340 x30=0xfffffff4 PA:0x8000833f
        8755000	       874	80005c48	7f63b717	auipc	x14,0x7f63b	 x14=0xff640c44
        8765000	       875	80005c4c	00c2eab3	or	x21,x5,x12	  x5:0x0419334b x12:0x00000000 x21=0x0419334b
        8775000	       876	80005c50	013a9613	slli	x12,x21,0x13	 x21:0x0419334b x12=0x9a580000
        8785000	       877	80005c54	001102a3	sb	x1,5(x2)	  x2:0x80008340  x1:0x00018000 PA:0x80008345
        8795000	       878	80005c58	00069433	sll	x8,x13,x0	 x13:0x0000007f  x0:0x00000000  x8=0x0000007f
        8805000	       879	80005c5c	7d124393	xori	x7,x4,2001	  x4:0x00000000  x7=0x000007d1
        8815000	       880	80005c60	00d14e03	lbu	x28,13(x2)	  x2:0x80008340 x28=0x00000006 PA:0x8000834d
        8825000	       881	80005c64	fe311c23	sh	x3,-8(x2)	  x2:0x80008340  x3:0xbf6f7000 PA:0x80008338
        8835000	       882	80005c68	ffb10783	lb	x15,-5(x2)	  x2:0x80008340 x15=0xfffffff0 PA:0x8000833b
        8845000	       883	80005c6c	00d14583	lbu	x11,13(x2)	  x2:0x80008340 x11=0x00000006 PA:0x8000834d
        8855000	       884	80005c70	0000de13	srli	x28,x1,0x0	  x1:0x00018000 x28=0x00018000
        8865000	       885	80005c74	00514e03	lbu	x28,5(x2)	  x2:0x80008340 x28=0x00000000 PA:0x80008345
        8875000	       886	80005c78	181acd13	xori	x26,x21,385	 x21:0x0419334b x26=0x041932ca
        8885000	       887	80005c7c	ff314e03	lbu	x28,-13(x2)	  x2:0x80008340 x28=0x000000e8 PA:0x80008333
        8895000	       888	80005c80	006c74b3	and	x9,x24,x6	 x24:0x00000000  x6:0xfffffa2b  x9=0x00000000
        8905000	       889	80005c84	00412403	lw	x8,4(x2)	  x2:0x80008340  x8=0xfcfd00ff PA:0x80008344
        8915000	       890	80005c88	40ee5533	sra	x10,x28,x14	 x28:0x000000e8 x14:0xff640c44 x10=0x0000000e
        8925000	       891	80005c8c	00114c83	lbu	x25,1(x2)	  x2:0x80008340 x25=0x000000fa PA:0x80008341
        8935000	       892	00000000	00000013	addi	x0,x0,0	  x0:0x00000000
        8945000	       893	80005c90	01959e13	slli	x28,x11,0x19	 x11:0x00000006 x28=0x0c000000
        8955000	       894	80005c94	40c45b13	srai	x22,x8,0xc	  x8:0xfcfd00ff x22=0xffffcfd0
        8965000	       895	80005c98	ffb12e23	sw	x27,-4(x2)	  x2:0x80008340 x27:0xd0d1f7d3 PA:0x8000833c
        8975000	       896	80005c9c	24878893	addi	x17,x15,584	 x15:0xfffffff0 x17=0x00000238
        8985000	       897	80005ca0	00c0ee33	or	x28,x1,x12	  x1:0x00018000 x12:0x9a580000 x28=0x9a598000
        8995000	       898	80005ca4	b1cd7313	andi	x6,x26,-1252	 x26:0x041932ca  x6=0x04193208
        9005000	       899	80005ca8	01fce0b3	or	x1,x25,x31	 x25:0x000000fa x31:0x80009f40  x1=0x80009ffa
        9015000	       900	80005cac	00214b83	lbu	x23,2(x2)	  x2:0x80008340 x23=0x000000f9 PA:0x80008342
        9025000	       901	80005cb0	00f11123	sh	x15,2(x2)	  x2:0x80008340 x15:0xfffffff0 PA:0x80008342
        9035000	       902	80005cb4	00000013	addi	x0,x0,0	  x0:0x00000000
        9045000	       903	80005cb8	a43a3713	sltiu	x14,x20,-1469	 x20:0x45c42bbc x14=0x00000001
        9055000	       904	80005cbc	00211303	lh	x6,2(x2)	  x2:0x80008340  x6=0xfffffff0 PA:0x80008342
        9065000	       905	80005cc0	01780b33	add	x22,x16,x23	 x16:0x80009fc4 x23:0x000000f9 x22=0x8000a0bd
        9075000	       906	80005cc4	01fc0333	add	x6,x24,x31	 x24:0x00000000 x31:0x80009f40  x6=0x80009f40
        9085000	       907	80005cc8	0194a733	slt	x14,x9,x25	  x9:0x00000000 x25:0x000000fa x14=0x00000001
        9095000	       908	80005ccc	00f10a83	lb	x21,15(x2)	  x2:0x80008340 x21=0x00000004 PA:0x8000834f
        9105000	       909	80005cd0	01010783	lb	x15,16(x2)	  x2:0x80008340 x15=0x0000000b PA:0x80008350
        9115000	       910	80005cd4	23b73013	sltiu	x0,x14,571	 x14:0x00000001
        9125000	       911	80005cd8	8b4f2993	slti	x19,x30,-1868	 x30:0xfffffff4 x19=0x00000000
        9135000	       912	80005cdc	005223b3	slt	x7,x4,x5	  x4:0x00000000  x5:0x0419334b  x7=0x00000001
        9145000	       913	80005ce0	00215303	lhu	x6,2(x2)	  x2:0x80008340  x6=0x0000fff0 PA:0x80008342
        9155000	       914	80005ce4	0056f0b3	and	x1,x13,x5	 x13:0x0000007f  x5:0x0419334b  x1=0x0000004b
        9165000	       915	80005ce8	01617463	bgeu	x2,x22,80005cf0	  x2:0x80008340 x22:0x8000a0bd
        9175000	       916	80005cec	055d3993	sltiu	x19,x26,85	 x26:0x041932ca x19=0x00000000
        9185000	       917	80005cf0	006686b3	add	x13,x13,x6	 x13:0x0000007f  x6:0x0000fff0 x13=0x0001006f
        9195000	       918	80005cf4	001f9333	sll	x6,x31,x1	 x31:0x80009f40  x1:0x0000004b  x6=0x04fa0000
        9205000	       919	80005cf8	c74cbb13	sltiu	x22,x25,-908	 x25:0x000000fa x22=0x00000001
        9215000	       920	80005cfc	2a2936b7	lui	x13,0x2a293	 x13=0x2a293000
        9225000	       921	80005d00	c7b6a013	slti	x0,x13,-901	 x13:0x2a293000
        9235000	       922	80005d04	01de9e33	sll	x28,x29,x29	 x29:0xffffcadf x29:0xffffcadf x28=0x80000000
        9245000	       923	80005d08	41205bb3	sra	x23,x0,x18	  x0:0x00000000 x18:0x00000000 x23=0x00000000
        9255000	       924	80005d0c	0336ee63	bltu	x13,x19,80005d48	 x13:0x2a293000 x19:0x00000000
        9265000	       925	80005d10	0036de93	srli	x29,x13,0x3	 x13:0x2a293000 x29=0x05452600
        9275000	       926	80005d14	019ab9b3	sltu	x19,x21,x25	 x21:0x00000004 x25:0x000000fa x19=0x00000001
        9285000	       927	80005d18	2c062493	slti	x9,x12,704	 x12:0x9a580000  x9=0x00000001
        9295000	       928	80005d1c	724eb137	lui	x2,0x724eb	  x2=0x724eb000
        9305000	       929	80005d20	e7710a93	addi	x21,x2,-393	  x2:0x724eb000 x21=0x724eae77
        9315000	       930	80005d24	00a85663	bge	x16,x10,80005d30	 x16:0x80009fc4 x10:0x0000000e
        9325000	       931	80005d28	416fd693	srai	x13,x31,0x16	 x31:0x80009f40 x13=0xfffffe00
        9335000	       932	80005d2c	c4356d17	auipc	x26,0xc4356	 x26=0x4435bd28
        9345000	       933	80005d30	41ab0d33	sub	x26,x22,x26	 x22:0x00000001 x26:0x4435bd28 x26=0xbbca42d9
        9355000	       934	80005d34	04ee1463	bne	x28,x14,80005d7c	 x28:0x80000000 x14:0x00000001
        9365000	       935	00000000	00000013	addi	x0,x0,0	  x0:0x00000000
        9375000	       936	80005d78	00000013	addi	x0,x0,0	  x0:0x00000000
        9385000	       937	80005d7c	40a28c33	sub	x24,x5,x10	  x5:0x0419334b x10:0x0000000e x24=0x0419333d
        9395000	       938	80005d80	000bc863	blt	x23,x0,80005d90	 x23:0x00000000  x0:0x00000000
        9405000	       939	80005d84	05364063	blt	x12,x19,80005dc4	 x12:0x9a580000 x19:0x00000001
        9415000	       940	00000000	00000013	addi	x0,x0,0	  x0:0x00000000
        9425000	       941	80005dc0	00000013	addi	x0,x0,0	  x0:0x00000000
        9435000	       942	80005dc4	023dea63	bltu	x27,x3,80005df8	 x27:0xd0d1f7d3  x3:0xbf6f7000
        9445000	       943	80005dc8	00b15a93	srli	x21,x2,0xb	  x2:0x724eb000 x21=0x000e49d6
        9455000	       944	80005dcc	977fa913	slti	x18,x31,-1673	 x31:0x80009f40 x18=0x00000001
        9465000	       945	80005dd0	ffa83917	auipc	x18,0xffa83	 x18=0x7fa88dcc
        9475000	       946	80005dd4	1404eb17	auipc	x22,0x1404e	 x22=0x94053dd0
        9485000	       947	80005dd8	92cf1997	auipc	x19,0x92cf1	 x19=0x12cf6dd4
        9495000	       948	80005ddc	0e4c2113	slti	x2,x24,228	 x24:0x0419333d  x2=0x00000000
        9505000	       949	80005de0	00b756b3	srl	x13,x14,x11	 x14:0x00000001 x11:0x00000006 x13=0x00000000
        9515000	       950	80005de4	01871a13	slli	x20,x14,0x18	 x14:0x00000001 x20=0x01000000
        9525000	       951	80005de8	01035613	srli	x12,x6,0x10	  x6:0x04fa0000 x12=0x000004fa
        9535000	       952	80005dec	00000013	addi	x0,x0,0	  x0:0x00000000
        9545000	       953	80005df0	48c12d13	slti	x26,x2,1164	  x2:0x00000000 x26=0x00000001
        9555000	       954	80005df4	00567a33	and	x20,x12,x5	 x12:0x000004fa  x5:0x0419334b x20=0x0000004a
        9565000	       955	80005df8	b1186593	ori	x11,x16,-1263	 x16:0x80009fc4 x11=0xffffffd5
        9575000	       956	80005dfc	41748733	sub	x14,x9,x23	  x9:0x00000001 x23:0x00000000 x14=0x00000001
        9585000	       957	80005e00	00054033	xor	x0,x10,x0	 x10:0x0000000e  x0:0x00000000
        9595000	       958	80005e04	a48f8413	addi	x8,x31,-1464	 x31:0x80009f40  x8=0x80009988
        9605000	       959	80005e08	2b31da17	auipc	x20,0x2b31d	 x20=0xab322e04
        9615000	       960	80005e0c	01b56863	bltu	x10,x27,80005e1c	 x10:0x0000000e x27:0xd0d1f7d3
        9625000	       961	00000000	00000013	addi	x0,x0,0	  x0:0x00000000
        9635000	       962	80005e18	00000013	addi	x0,x0,0	  x0:0x00000000
        9645000	       963	80005e1c	feddd417	auipc	x8,0xfeddd	  x8=0x7ede2e18
        9655000	       964	80005e20	4fc3e213	ori	x4,x7,1276	  x7:0x00000001  x4=0x000004fd
        9665000	       965	80005e24	03305863	bge	x0,x19,80005e54	  x0:0x00000000 x19:0x12cf6dd4
        9675000	       966	80005e28	00000013	addi	x0,x0,0	  x0:0x00000000
        9685000	       967	80005e2c	57093c93	sltiu	x25,x18,1392	 x18:0x7fa88dcc x25=0x00000000
        9695000	       968	80005e30	006ffa33	and	x20,x31,x6	 x31:0x80009f40  x6:0x04fa0000 x20=0x00000000
        9705000	       969	80005e34	6bc28037	lui	x0,0x6bc28	
        9715000	       970	80005e38	00e2dc63	bge	x5,x14,80005e50	  x5:0x0419334b x14:0x00000001
        9725000	       971	00000000	00000013	addi	x0,x0,0	  x0:0x00000000
        9735000	       972	80005e4c	00000013	addi	x0,x0,0	  x0:0x00000000
        9745000	       973	80005e50	a0ed8a97	auipc	x21,0xa0ed8	 x21=0x20edde4c
        9755000	       974	80005e54	f24539b7	lui	x19,0xf2453	 x19=0xf2453000
        9765000	       975	80005e58	01d24c33	xor	x24,x4,x29	  x4:0x000004fd x29:0x05452600 x24=0x054522fd
        9775000	       976	80005e5c	03084263	blt	x16,x16,80005e80	 x16:0x80009fc4 x16:0x80009fc4
        9785000	       977	80005e60	40e68733	sub	x14,x13,x14	 x13:0x00000000 x14:0x00000001 x14=0xffffffff
        9795000	       978	80005e64	411c5393	srai	x7,x24,0x11	 x24:0x054522fd  x7=0x000002a2
        9805000	       979	80005e68	05800263	beq	x0,x24,80005eac	  x0:0x00000000 x24:0x054522fd
        9815000	       980	80005e6c	00059233	sll	x4,x11,x0	 x11:0xffffffd5  x0:0x00000000  x4=0xffffffd5
        9825000	       981	80005e70	048e6063	bltu	x28,x8,80005eb0	 x28:0x80000000  x8:0x7ede2e18
        9835000	       982	80005e74	40690cb3	sub	x25,x18,x6	 x18:0x7fa88dcc  x6:0x04fa0000 x25=0x7aae8dcc
        9845000	       983	80005e78	02ec9e63	bne	x25,x14,80005eb4	 x25:0x7aae8dcc x14:0xffffffff
        9855000	       984	00000000	00000013	addi	x0,x0,0	  x0:0x00000000
        9865000	       985	80005eb0	00000013	addi	x0,x0,0	  x0:0x00000000
        9875000	       986	80005eb4	3ca7f713	andi	x14,x15,970	 x15:0x0000000b x14=0x0000000a
        9885000	       987	80005eb8	01c11e13	slli	x28,x2,0x1c	  x2:0x00000000 x28=0x00000000
        9895000	       988	80005ebc	09de6213	ori	x4,x28,157	 x28:0x00000000  x4=0x0000009d
        9905000	       989	80005ec0	ab35e593	ori	x11,x11,-1357	 x11:0xffffffd5 x11=0xfffffff7
        9915000	       990	80005ec4	89b78d13	addi	x26,x15,-1893	 x15:0x0000000b x26=0xfffff8a6
        9925000	       991	80005ec8	010d07b3	add	x15,x26,x16	 x26:0xfffff8a6 x16:0x80009fc4 x15=0x8000986a
        9935000	       992	80005ecc	030e1263	bne	x28,x16,80005ef0	 x28:0x00000000 x16:0x80009fc4
        9945000	       993	00000000	00000013	addi	x0,x0,0	  x0:0x00000000
        9955000	       994	80005eec	00000013	addi	x0,x0,0	  x0:0x00000000
        9965000	       995	80005ef0	3f396593	ori	x11,x18,1011	 x18:0x7fa88dcc x11=0x7fa88fff
        9975000	       996	80005ef4	03da9263	bne	x21,x29,80005f18	 x21:0x20edde4c x29:0x05452600
        9985000	       997	00000000	00000013	addi	x0,x0,0	  x0:0x00000000
        9995000	       998	80005f14	00000013	addi	x0,x0,0	  x0:0x00000000
       10005000	       999	80005f18	40a95713	srai	x14,x18,0xa	 x18:0x7fa88dcc x14=0x001fea23
       10015000	      1000	80005f1c	41e10533	sub	x10,x2,x30	  x2:0x00000000 x30:0xfffffff4 x10=0x0000000c
       10025000	      1001	80005f20	6c482593	slti	x11,x16,1732	 x16:0x80009fc4 x11=0x00000001
       10035000	      1002	80005f24	01fb2b33	slt	x22,x22,x31	 x22:0x94053dd0 x31:0x80009f40 x22=0x00000000
       10045000	      1003	80005f28	c0456b93	ori	x23,x10,-1020	 x10:0x0000000c x23=0xfffffc0c
       10055000	      1004	80005f2c	be27b393	sltiu	x7,x15,-1054	 x15:0x8000986a  x7=0x00000001
       10065000	      1005	80005f30	0115ec63	bltu	x11,x17,80005f48	 x11:0x00000001 x17:0x00000238
       10075000	      1006	00000000	00000013	addi	x0,x0,0	  x0:0x00000000
       10085000	      1007	80005f44	00000013	addi	x0,x0,0	  x0:0x00000000
       10095000	      1008	80005f48	4086d633	sra	x12,x13,x8	 x13:0x00000000  x8:0x7ede2e18 x12=0x00000000
       10105000	      1009	80005f4c	0449e063	bltu	x19,x4,80005f8c	 x19:0xf2453000  x4:0x0000009d
       10115000	      1010	80005f50	401ed6b3	sra	x13,x29,x1	 x29:0x05452600  x1:0x0000004b x13=0x0000a8a4
       10125000	      1011	80005f54	005fabb3	slt	x23,x31,x5	 x31:0x80009f40  x5:0x0419334b x23=0x00000001
       10135000	      1012	80005f58	01c75413	srli	x8,x14,0x1c	 x14:0x001fea23  x8=0x00000000
       10145000	      1013	80005f5c	f9de2213	slti	x4,x28,-99	 x28:0x00000000  x4=0x00000000
       10155000	      1014	80005f60	ea9a3d13	sltiu	x26,x20,-343	 x20:0x00000000 x26=0x00000001
       10165000	      1015	80005f64	00b565b3	or	x11,x10,x11	 x10:0x0000000c x11:0x00000001 x11=0x0000000d
       10175000	      1016	80005f68	02958063	beq	x11,x9,80005f88	 x11:0x0000000d  x9:0x00000001
       10185000	      1017	80005f6c	41e50633	sub	x12,x10,x30	 x10:0x0000000c x30:0xfffffff4 x12=0x00000018
       10195000	      1018	80005f70	04b2f693	andi	x13,x5,75	  x5:0x0419334b x13=0x0000004b
       10205000	      1019	80005f74	00e8ab33	slt	x22,x17,x14	 x17:0x00000238 x14:0x001fea23 x22=0x00000001
       10215000	      1020	80005f78	00276863	bltu	x14,x2,80005f88	 x14:0x001fea23  x2:0x00000000
       10225000	      1021	80005f7c	4116dd93	srai	x27,x13,0x11	 x13:0x0000004b x27=0x00000000
       10235000	      1022	80005f80	00865e93	srli	x29,x12,0x8	 x12:0x00000018 x29=0x00000000
       10245000	      1023	80005f84	01e1de63	bge	x3,x30,80005fa0	  x3:0xbf6f7000 x30:0xfffffff4
       10255000	      1024	80005f88	7ebc8a13	addi	x20,x25,2027	 x25:0x7aae8dcc x20=0x7aae95b7
       10265000	      1025	80005f8c	00d0a233	slt	x4,x1,x13	  x1:0x0000004b x13:0x0000004b  x4=0x00000000
       10275000	      1026	80005f90	012fe4b3	or	x9,x31,x18	 x31:0x80009f40 x18:0x7fa88dcc  x9=0xffa89fcc
       10285000	      1027	80005f94	7047ed93	ori	x27,x15,1796	 x15:0x8000986a x27=0x80009f6e
       10295000	      1028	80005f98	c1963c13	sltiu	x24,x12,-999	 x12:0x00000018 x24=0x00000001
       10305000	      1029	80005f9c	0079b033	sltu	x0,x19,x7	 x19:0xf2453000  x7:0x00000001
       10315000	      1030	80005fa0	e8d43a93	sltiu	x21,x8,-371	  x8:0x00000000 x21=0x00000001
       10325000	      1031	80005fa4	c1d5fd13	andi	x26,x11,-995	 x11:0x0000000d x26=0x0000000d
       10335000	      1032	80005fa8	d7528e93	addi	x29,x5,-651	  x5:0x0419334b x29=0x041930c0
       10345000	      1033	80005fac	004b8bb3	add	x23,x23,x4	 x23:0x00000001  x4:0x00000000 x23=0x00000001
       10355000	      1034	80005fb0	00834e33	xor	x28,x6,x8	  x6:0x04fa0000  x8:0x00000000 x28=0x04fa0000
       10365000	      1035	80005fb4	a3d18313	addi	x6,x3,-1475	  x3:0xbf6f7000  x6=0xbf6f6a3d
       10375000	      1036	80005fb8	03774e63	blt	x14,x23,80005ff4	 x14:0x001fea23 x23:0x00000001
       10385000	      1037	80005fbc	41398733	sub	x14,x19,x19	 x19:0xf2453000 x19:0xf2453000 x14=0x00000000
       10395000	      1038	80005fc0	00805433	srl	x8,x0,x8	  x0:0x00000000  x8:0x00000000  x8=0x00000000
       10405000	      1039	80005fc4	c92d0093	addi	x1,x26,-878	 x26:0x0000000d  x1=0xfffffc9f
       10415000	      1040	80005fc8	02e97063	bgeu	x18,x14,80005fe8	 x18:0x7fa88dcc x14:0x00000000
       10425000	      1041	00000000	00000013	addi	x0,x0,0	  x0:0x00000000
       10435000	      1042	80005fe4	00000013	addi	x0,x0,0	  x0:0x00000000
       10445000	      1043	80005fe8	032b8e63	beq	x23,x18,80006024	 x23:0x00000001 x18:0x7fa88dcc
       10455000	      1044	80005fec	0057d613	srli	x12,x15,0x5	 x15:0x8000986a x12=0x040004c3
       10465000	      1045	80005ff0	00dbd893	srli	x17,x23,0xd	 x23:0x00000001 x17=0x00000000
       10475000	      1046	80005ff4	00020663	beq	x4,x0,80006000	  x4:0x00000000  x0:0x00000000
       10485000	      1047	00000000	00000013	addi	x0,x0,0	  x0:0x00000000
       10495000	      1048	80005ffc	00000013	addi	x0,x0,0	  x0:0x00000000
       10505000	      1049	80006000	4085de13	srai	x28,x11,0x8	 x11:0x0000000d x28=0x00000000
       10515000	      1050	80006004	004f8533	add	x10,x31,x4	 x31:0x80009f40  x4:0x00000000 x10=0x80009f40
       10525000	      1051	80006008	411086b3	sub	x13,x1,x17	  x1:0xfffffc9f x17:0x00000000 x13=0xfffffc9f
       10535000	      1052	8000600c	0094d513	srli	x10,x9,0x9	  x9:0xffa89fcc x10=0x007fd44f
       10545000	      1053	80006010	51424e93	xori	x29,x4,1300	  x4:0x00000000 x29=0x00000514
       10555000	      1054	80006014	40e98eb3	sub	x29,x19,x14	 x19:0xf2453000 x14:0x00000000 x29=0xf2453000
       10565000	      1055	80006018	c24a2e93	slti	x29,x20,-988	 x20:0x7aae95b7 x29=0x00000000
       10575000	      1056	8000601c	e44bc737	lui	x14,0xe44bc	 x14=0xe44bc000
       10585000	      1057	80006020	410b5a13	srai	x20,x22,0x10	 x22:0x00000001 x20=0x00000000
       10595000	      1058	80006024	00abd0b3	srl	x1,x23,x10	 x23:0x00000001 x10:0x007fd44f  x1=0x00000000
       10605000	      1059	80006028	5f27ec13	ori	x24,x15,1522	 x15:0x8000986a x24=0x80009dfa
       10615000	      1060	8000602c	31863d93	sltiu	x27,x12,792	 x12:0x040004c3 x27=0x00000000
       10625000	      1061	80006030	8b26fa93	andi	x21,x13,-1870	 x13:0xfffffc9f x21=0xfffff892
       10635000	      1062	80006034	4001d713	srai	x14,x3,0x0	  x3:0xbf6f7000 x14=0xbf6f7000
       10645000	      1063	80006038	02778a63	beq	x15,x7,8000606c	 x15:0x8000986a  x7:0x00000001
       10655000	      1064	8000603c	412b0433	sub	x8,x22,x18	 x22:0x00000001 x18:0x7fa88dcc  x8=0x80577235
       10665000	      1065	80006040	62a53d93	sltiu	x27,x10,1578	 x10:0x007fd44f x27=0x00000000
       10675000	      1066	80006044	03c0e863	bltu	x1,x28,80006074	  x1:0x00000000 x28:0x00000000
       10685000	      1067	80006048	020d1863	bne	x26,x0,80006078	 x26:0x0000000d  x0:0x00000000
       10695000	      1068	00000000	00000013	addi	x0,x0,0	  x0:0x00000000
       10705000	      1069	80006074	00000013	addi	x0,x0,0	  x0:0x00000000
       10715000	      1070	80006078	00a45433	srl	x8,x8,x10	  x8:0x80577235 x10:0x007fd44f  x8=0x000100ae
       10725000	      1071	8000607c	0121db93	srli	x23,x3,0x12	  x3:0xbf6f7000 x23=0x00002fdb
       10735000	      1072	80006080	05df4063	blt	x30,x29,800060c0	 x30:0xfffffff4 x29:0x00000000
       10745000	      1073	00000000	00000013	addi	x0,x0,0	  x0:0x00000000
       10755000	      1074	800060bc	00000013	addi	x0,x0,0	  x0:0x00000000
       10765000	      1075	800060c0	41d65a33	sra	x20,x12,x29	 x12:0x040004c3 x29:0x00000000 x20=0x040004c3
       10775000	      1076	800060c4	00450c63	beq	x10,x4,800060dc	 x10:0x007fd44f  x4:0x00000000
       10785000	      1077	800060c8	0133bf33	sltu	x30,x7,x19	  x7:0x00000001 x19:0xf2453000 x30=0x00000001
       10795000	      1078	800060cc	017ac863	blt	x21,x23,800060dc	 x21:0xfffff892 x23:0x00002fdb
       10805000	      1079	00000000	00000013	addi	x0,x0,0	  x0:0x00000000
       10815000	      1080	800060d8	00000013	addi	x0,x0,0	  x0:0x00000000
       10825000	      1081	800060dc	40f7d713	srai	x14,x15,0xf	 x15:0x8000986a x14=0xffff0001
       10835000	      1082	800060e0	95e5e513	ori	x10,x11,-1698	 x11:0x0000000d x10=0xfffff95f
       10845000	      1083	800060e4	00e764b3	or	x9,x14,x14	 x14:0xffff0001 x14:0xffff0001  x9=0xffff0001
       10855000	      1084	800060e8	006d4533	xor	x10,x26,x6	 x26:0x0000000d  x6:0xbf6f6a3d x10=0xbf6f6a30
       10865000	      1085	800060ec	8ad37b93	andi	x23,x6,-1875	  x6:0xbf6f6a3d x23=0xbf6f682d
       10875000	      1086	800060f0	035eea63	bltu	x29,x21,80006124	 x29:0x00000000 x21:0xfffff892
       10885000	      1087	00000000	00000013	addi	x0,x0,0	  x0:0x00000000
       10895000	      1088	80006120	00000013	addi	x0,x0,0	  x0:0x00000000
       10905000	      1089	80006124	cc44ac13	slti	x24,x9,-828	  x9:0xffff0001 x24=0x00000001
       10915000	      1090	80006128	73e3a613	slti	x12,x7,1854	  x7:0x00000001 x12=0x00000001
       10925000	      1091	8000612c	004fa303	lw	x6,4(x31)	 x31:0x80009f40  x6=0x80005a4c PA:0x80009f44
       10935000	      1092	80006130	0043f5b3	and	x11,x7,x4	  x7:0x00000001  x4:0x00000000 x11=0x00000000
       10945000	      1093	80006134	024f8f93	addi	x31,x31,36	 x31:0x80009f40 x31=0x80009f64
       10955000	      1094	80006138	016e94b3	sll	x9,x29,x22	 x29:0x00000000 x22:0x00000001  x9=0x00000000
       10965000	      1095	8000613c	40105db3	sra	x27,x0,x1	  x0:0x00000000  x1:0x00000000 x27=0x00000000
       10975000	      1096	80006140	6bb67713	andi	x14,x12,1723	 x12:0x00000001 x14=0x00000001
       10985000	      1097	80006144	01836db3	or	x27,x6,x24	  x6:0x80005a4c x24:0x00000001 x27=0x80005a4d
       10995000	      1098	80006148	572b8c93	addi	x25,x23,1394	 x23:0xbf6f682d x25=0xbf6f6d9f
       11005000	      1099	8000614c	649abd97	auipc	x27,0x649ab	 x27=0xe49b1148
       11015000	      1100	80006150	00030c13	addi	x24,x6,0	  x6:0x80005a4c x24=0x80005a4c
       11025000	      1101	80006154	000c0c67	jalr	x24,x24,0	 x24:0x80005a4c x24=0x80006154
       11035000	      1102	00000000	00000013	addi	x0,x0,0	  x0:0x00000000
       11045000	      1103	80005a4c	00000013	addi	x0,x0,0	  x0:0x00000000
       11055000	      1104	80005a50	03fd7263	bgeu	x26,x31,80005a74	 x26:0x0000000d x31:0x80009f64
       11065000	      1105	80005a54	406cdb33	sra	x22,x25,x6	 x25:0xbf6f6d9f  x6:0x80005a4c x22=0xfffbf6f6
       11075000	      1106	80005a58	d6a3a737	lui	x14,0xd6a3a	 x14=0xd6a3a000
       11085000	      1107	80005a5c	0188fe63	bgeu	x17,x24,80005a78	 x17:0x00000000 x24:0x80006154
       11095000	      1108	80005a60	00231d13	slli	x26,x6,0x2	  x6:0x80005a4c x26=0x00016930
       11105000	      1109	80005a64	41310db3	sub	x27,x2,x19	  x2:0x00000000 x19:0xf2453000 x27=0x0dbad000
       11115000	      1110	80005a68	0107c7b3	xor	x15,x15,x16	 x15:0x8000986a x16:0x80009fc4 x15=0x000007ae
       11125000	      1111	80005a6c	00e7d113	srli	x2,x15,0xe	 x15:0x000007ae  x2=0x00000000
       11135000	      1112	80005a70	0a4e6793	ori	x15,x28,164	 x28:0x00000000 x15=0x000000a4
       11145000	      1113	80005a74	01684263	blt	x16,x22,80005a78	 x16:0x80009fc4 x22:0xfffbf6f6
       11155000	      1114	00000000	00000013	addi	x0,x0,0	  x0:0x00000000
       11165000	      1115	80005a74	00000013	addi	x0,x0,0	  x0:0x00000000
       11175000	      1116	80005a78	76b18493	addi	x9,x3,1899	  x3:0xbf6f7000  x9=0xbf6f776b
       11185000	      1117	80005a7c	0569f693	andi	x13,x19,86	 x19:0xf2453000 x13=0x00000000
       11195000	      1118	80005a80	91d16d13	ori	x26,x2,-1763	  x2:0x00000000 x26=0xfffff91d
       11205000	      1119	80005a84	004fa303	lw	x6,4(x31)	 x31:0x80009f64  x6=0x80000140 PA:0x80009f68
       11215000	      1120	80005a88	01ba2c33	slt	x24,x20,x27	 x20:0x040004c3 x27:0x0dbad000 x24=0x00000001
       11225000	      1121	80005a8c	dc607593	andi	x11,x0,-570	  x0:0x00000000 x11=0x00000000
       11235000	      1122	80005a90	020f8f93	addi	x31,x31,32	 x31:0x80009f64 x31=0x80009f84
       11245000	      1123	80005a94	00920db3	add	x27,x4,x9	  x4:0x00000000  x9:0xbf6f776b x27=0xbf6f776b
       11255000	      1124	80005a98	67567a13	andi	x20,x12,1653	 x12:0x00000001 x20=0x00000001
       11265000	      1125	80005a9c	001fa033	slt	x0,x31,x1	 x31:0x80009f84  x1:0x00000000
       11275000	      1126	80005aa0	00d09f33	sll	x30,x1,x13	  x1:0x00000000 x13:0x00000000 x30=0x00000000
       11285000	      1127	80005aa4	00030a93	addi	x21,x6,0	  x6:0x80000140 x21=0x80000140
       11295000	      1128	80005aa8	000a8ae7	jalr	x21,x21,0	 x21:0x80000140 x21=0x80005aa8
       11305000	      1129	00000000	00000013	addi	x0,x0,0	  x0:0x00000000
       11315000	      1130	80000140	00000013	addi	x0,x0,0	  x0:0x00000000
       11325000	      1131	80000144	00009117	auipc	x2,0x9	  x2=0x80009140
       11335000	      1132	80000148	a0810113	addi	x2,x2,-1528	  x2:0x80009140  x2=0x80008b48
       11345000	      1133	8000014c	00877b33	and	x22,x14,x8	 x14:0xd6a3a000  x8:0x000100ae x22=0x00010000
       11355000	      1134	80000150	00a10023	sb	x10,0(x2)	  x2:0x80008b48 x10:0xbf6f6a30 PA:0x80008b48
       11365000	      1135	80000154	fed11223	sh	x13,-28(x2)	  x2:0x80008b48 x13:0x00000000 PA:0x80008b2c
       11375000	      1136	80000158	000c4cb3	xor	x25,x24,x0	 x24:0x00000001  x0:0x00000000 x25=0x00000001
       11385000	      1137	8000015c	f1a11d23	sh	x26,-230(x2)	  x2:0x80008b48 x26:0xfffff91d PA:0x80008a62
       11395000	      1138	80000160	fbb10ba3	sb	x27,-73(x2)	  x2:0x80008b48 x27:0xbf6f776b PA:0x80008aff
       11405000	      1139	80000164	0c110b83	lb	x23,193(x2)	  x2:0x80008b48 x23=0xfffffff2 PA:0x80008c09
       11415000	      1140	80000168	fb611f03	lh	x30,-74(x2)	  x2:0x80008b48 x30=0x00006be5 PA:0x80008afe
       11425000	      1141	8000016c	0065aa33	slt	x20,x11,x6	 x11:0x00000000  x6:0x80000140 x20=0x00000000
       11435000	      1142	80000170	016c1eb3	sll	x29,x24,x22	 x24:0x00000001 x22:0x00010000 x29=0x00000001
       11445000	      1143	80000174	00cdaa33	slt	x20,x27,x12	 x27:0xbf6f776b x12:0x00000001 x20=0x00000001
       11455000	      1144	80000178	0cf14603	lbu	x12,207(x2)	  x2:0x80008b48 x12=0x000000fc PA:0x80008c17
       11465000	      1145	8000017c	010a1313	slli	x6,x20,0x10	 x20:0x00000001  x6=0x00010000
       11475000	      1146	80000180	0e612023	sw	x6,224(x2)	  x2:0x80008b48  x6:0x00010000 PA:0x80008c28
       11485000	      1147	80000184	f716b4b7	lui	x9,0xf716b	  x9=0xf716b000
       11495000	      1148	80000188	00865493	srli	x9,x12,0x8	 x12:0x000000fc  x9=0x00000000
       11505000	      1149	8000018c	00611683	lh	x13,6(x2)	  x2:0x80008b48 x13=0x00003435 PA:0x80008b4e
       11515000	      1150	80000190	404405b3	sub	x11,x8,x4	  x8:0x000100ae  x4:0x00000000 x11=0x000100ae
       11525000	      1151	80000194	01749f33	sll	x30,x9,x23	  x9:0x00000000 x23:0xfffffff2 x30=0x00000000
       11535000	      1152	80000198	e7debd13	sltiu	x26,x29,-387	 x29:0x00000001 x26=0x00000001
       11545000	      1153	8000019c	8fe6b317	auipc	x6,0x8fe6b	  x6=0x0fe6b198
       11555000	      1154	800001a0	f4211123	sh	x2,-190(x2)	  x2:0x80008b48  x2:0x80008b48 PA:0x80008a8a
       11565000	      1155	800001a4	01629013	slli	x0,x5,0x16	  x5:0x0419334b
       11575000	      1156	800001a8	01f61133	sll	x2,x12,x31	 x12:0x000000fc x31:0x80009f84  x2=0x00000fc0
       11585000	      1157	800001ac	40f70cb3	sub	x25,x14,x15	 x14:0xd6a3a000 x15:0x000000a4 x25=0xd6a39f5c
       11595000	      1158	800001b0	06971e63	bne	x14,x9,8000022c	 x14:0xd6a3a000  x9:0x00000000
       11605000	      1159	00000000	00000013	addi	x0,x0,0	  x0:0x00000000
       11615000	      1160	80000228	00000013	addi	x0,x0,0	  x0:0x00000000
       11625000	      1161	8000022c	d7144893	xori	x17,x8,-655	  x8:0x000100ae x17=0xfffefddf
       11635000	      1162	80000230	058d1063	bne	x26,x24,80000270	 x26:0x00000001 x24:0x00000001
       11645000	      1163	80000234	d4ffa013	slti	x0,x31,-689	 x31:0x80009f84
       11655000	      1164	80000238	00d39c13	slli	x24,x7,0xd	  x7:0x00000001 x24=0x00002000
       11665000	      1165	8000023c	01437b33	and	x22,x6,x20	  x6:0x0fe6b198 x20:0x00000001 x22=0x00000000
       11675000	      1166	80000240	51f5cb97	auipc	x23,0x51f5c	 x23=0xd1f5c23c
       11685000	      1167	80000244	9ec1a113	slti	x2,x3,-1556	  x3:0xbf6f7000  x2=0x00000001
       11695000	      1168	80000248	01661093	slli	x1,x12,0x16	 x12:0x000000fc  x1=0x3f000000
       11705000	      1169	8000024c	07afc693	xori	x13,x31,122	 x31:0x80009f84 x13=0x80009ffe
       11715000	      1170	80000250	013698b3	sll	x17,x13,x19	 x13:0x80009ffe x19:0xf2453000 x17=0x80009ffe
       11725000	      1171	80000254	00065193	srli	x3,x12,0x0	 x12:0x000000fc  x3=0x000000fc
       11735000	      1172	80000258	40275db3	sra	x27,x14,x2	 x14:0xd6a3a000  x2:0x00000001 x27=0xeb51d000
       11745000	      1173	8000025c	01920a63	beq	x4,x25,80000270	  x4:0x00000000 x25:0xd6a39f5c
       11755000	      1174	80000260	6eacf693	andi	x13,x25,1770	 x25:0xd6a39f5c x13=0x00000648
       11765000	      1175	80000264	011e5f33	srl	x30,x28,x17	 x28:0x00000000 x17:0x80009ffe x30=0x00000000
       11775000	      1176	80000268	0182e4b3	or	x9,x5,x24	  x5:0x0419334b x24:0x00002000  x9=0x0419334b
       11785000	      1177	8000026c	015b9893	slli	x17,x23,0x15	 x23:0xd1f5c23c x17=0x47800000
       11795000	      1178	80000270	00a03733	sltu	x14,x0,x10	  x0:0x00000000 x10:0xbf6f6a30 x14=0x00000001
       11805000	      1179	80000274	03701663	bne	x0,x23,800002a0	  x0:0x00000000 x23:0xd1f5c23c
       11815000	      1180	00000000	00000013	addi	x0,x0,0	  x0:0x00000000
       11825000	      1181	8000029c	00000013	addi	x0,x0,0	  x0:0x00000000
       11835000	      1182	800002a0	407081b3	sub	x3,x1,x7	  x1:0x3f000000  x7:0x00000001  x3=0x3effffff
       11845000	      1183	800002a4	00c2d1b3	srl	x3,x5,x12	  x5:0x0419334b x12:0x000000fc  x3=0x00000000
       11855000	      1184	800002a8	017d1663	bne	x26,x23,800002b4	 x26:0x00000001 x23:0xd1f5c23c
       11865000	      1185	00000000	00000013	addi	x0,x0,0	  x0:0x00000000
       11875000	      1186	800002b0	00000013	addi	x0,x0,0	  x0:0x00000000
       11885000	      1187	800002b4	00a0dc13	srli	x24,x1,0xa	  x1:0x3f000000 x24=0x000fc000
       11895000	      1188	800002b8	02e5e463	bltu	x11,x14,800002e0	 x11:0x000100ae x14:0x00000001
       11905000	      1189	800002bc	01a981b3	add	x3,x19,x26	 x19:0xf2453000 x26:0x00000001  x3=0xf2453001
       11915000	      1190	800002c0	01a643b3	xor	x7,x12,x26	 x12:0x000000fc x26:0x00000001  x7=0x000000fd
       11925000	      1191	800002c4	00ef9bb3	sll	x23,x31,x14	 x31:0x80009f84 x14:0x00000001 x23=0x00013f08
       11935000	      1192	800002c8	05ed6463	bltu	x26,x30,80000310	 x26:0x00000001 x30:0x00000000
       11945000	      1193	800002cc	0348c463	blt	x17,x20,800002f4	 x17:0x47800000 x20:0x00000001
       11955000	      1194	800002d0	407688b3	sub	x17,x13,x7	 x13:0x00000648  x7:0x000000fd x17=0x0000054b
       11965000	      1195	800002d4	2f2d5397	auipc	x7,0x2f2d5	  x7=0xaf2d52d0
       11975000	      1196	800002d8	01a094b3	sll	x9,x1,x26	  x1:0x3f000000 x26:0x00000001  x9=0x7e000000
       11985000	      1197	800002dc	01c3e533	or	x10,x7,x28	  x7:0xaf2d52d0 x28:0x00000000 x10=0xaf2d52d0
       11995000	      1198	800002e0	019fd6b3	srl	x13,x31,x25	 x31:0x80009f84 x25:0xd6a39f5c x13=0x00000008
       12005000	      1199	800002e4	02d37a63	bgeu	x6,x13,80000318	  x6:0x0fe6b198 x13:0x00000008
       12015000	      1200	00000000	00000013	addi	x0,x0,0	  x0:0x00000000
       12025000	      1201	80000314	00000013	addi	x0,x0,0	  x0:0x00000000
       12035000	      1202	80000318	3770fd93	andi	x27,x1,887	  x1:0x3f000000 x27=0x00000000
       12045000	      1203	8000031c	01465933	srl	x18,x12,x20	 x12:0x000000fc x20:0x00000001 x18=0x0000007e
       12055000	      1204	80000320	019a3b33	sltu	x22,x20,x25	 x20:0x00000001 x25:0xd6a39f5c x22=0x00000001
       12065000	      1205	80000324	f5d37d93	andi	x27,x6,-163	  x6:0x0fe6b198 x27=0x0fe6b118
       12075000	      1206	80000328	007796b3	sll	x13,x15,x7	 x15:0x000000a4  x7:0xaf2d52d0 x13=0x00a40000
       12085000	      1207	8000032c	4f762713	slti	x14,x12,1271	 x12:0x000000fc x14=0x00000001
       12095000	      1208	80000330	01555863	bge	x10,x21,80000340	 x10:0xaf2d52d0 x21:0x80005aa8
       12105000	      1209	00000000	00000013	addi	x0,x0,0	  x0:0x00000000
       12115000	      1210	8000033c	00000013	addi	x0,x0,0	  x0:0x00000000
       12125000	      1211	80000340	01e586b3	add	x13,x11,x30	 x11:0x000100ae x30:0x00000000 x13=0x000100ae
       12135000	      1212	80000344	0108f863	bgeu	x17,x16,80000354	 x17:0x0000054b x16:0x80009fc4
       12145000	      1213	80000348	411e0b33	sub	x22,x28,x17	 x28:0x00000000 x17:0x0000054b x22=0xfffffab5
       12155000	      1214	8000034c	00ce7cb3	and	x25,x28,x12	 x28:0x00000000 x12:0x000000fc x25=0x00000000
       12165000	      1215	80000350	01443bb3	sltu	x23,x8,x20	  x8:0x000100ae x20:0x00000001 x23=0x00000000
       12175000	      1216	80000354	2234ac37	lui	x24,0x2234a	 x24=0x2234a000
       12185000	      1217	80000358	00000297	auipc	x5,0x0	  x5=0x80000354
       12195000	      1218	8000035c	00c28293	addi	x5,x5,12	  x5:0x80000354  x5=0x80000360
       12205000	      1219	80000360	00028067	jalr	x0,x5,0	  x5:0x80000360
       12215000	      1220	00000000	00000013	addi	x0,x0,0	  x0:0x00000000
       12225000	      1221	80000360	00000013	addi	x0,x0,0	  x0:0x00000000
       12235000	      1222	80000364	00100193	addi	x3,x0,1	  x0:0x00000000  x3=0x00000001
       12245000	      1223	80000368	00000073	ecall	
       12255000	      1224	8000036c	00101913	slli	x18,x0,0x1	  x0:0x00000000 x18=0x00000000
