		Time			Cycle	PC		Insn	Decoded instruction	Register and memory contents
          65000	         5	80000004	00000293	addi	x5,x0,0	  x0:0x00000000  x5=0x00000000
          75000	         6	80000008	00000313	addi	x6,x0,0	  x0:0x00000000  x6=0x00000000
          85000	         7	8000000c	00628263	beq	x5,x6,80000010	  x5:0x00000000  x6:0x00000000
          95000	         8	00000000	00000013	addi	x0,x0,0	  x0:0x00000000
         105000	         9	8000000c	00000013	addi	x0,x0,0	  x0:0x00000000
         115000	        10	80000010	00000317	auipc	x6,0x0	  x6=0x8000000c
         125000	        11	80000014	00c30313	addi	x6,x6,12	  x6:0x8000000c  x6=0x80000018
         135000	        12	80000018	00030067	jalr	x0,x6,0	  x6:0x80000018
         145000	        13	00000000	00000013	addi	x0,x0,0	  x0:0x00000000
         155000	        14	80000018	00000013	addi	x0,x0,0	  x0:0x00000000
         165000	        15	8000001c	400008b7	lui	x17,0x40000	 x17=0x40000000
         175000	        16	80000020	10088893	addi	x17,x17,256	 x17:0x40000000 x17=0x40000100
         185000	        17	80000024	00000013	addi	x0,x0,0	  x0:0x00000000
         195000	        18	80000028	0000a417	auipc	x8,0xa	  x8=0x8000a024
         205000	        19	8000002c	fa040413	addi	x8,x8,-96	  x8:0x8000a024  x8=0x80009fc4
         215000	        20	80000030	00007897	auipc	x17,0x7	 x17=0x8000702c
         225000	        21	80000034	ae888893	addi	x17,x17,-1304	 x17:0x8000702c x17=0x80006b14
         235000	        22	80000038	0008e893	ori	x17,x17,0	 x17:0x80006b14 x17=0x80006b14
         245000	        23	8000003c	00000013	addi	x0,x0,0	  x0:0x00000000
         255000	        24	80000040	00000897	auipc	x17,0x0	 x17=0x8000003c
         265000	        25	80000044	02088893	addi	x17,x17,32	 x17:0x8000003c x17=0x8000005c
         275000	        26	80000048	00000013	addi	x0,x0,0	  x0:0x00000000
         285000	        27	8000004c	00000013	addi	x0,x0,0	  x0:0x00000000
         295000	        28	80000050	000028b7	lui	x17,0x2	 x17=0x00002000
         305000	        29	80000054	80088893	addi	x17,x17,-2048	 x17:0x00002000 x17=0x00001800
         315000	        30	80000058	00000013	addi	x0,x0,0	  x0:0x00000000
         325000	        31	8000005c	00000013	addi	x0,x0,0	  x0:0x00000000
         335000	        32	80000060	b1b50037	lui	x0,0xb1b50	
         345000	        33	80000064	44500013	addi	x0,x0,1093	  x0:0x00000000
         355000	        34	80000068	f7cef0b7	lui	x1,0xf7cef	  x1=0xf7cef000
         365000	        35	8000006c	9f208093	addi	x1,x1,-1550	  x1:0xf7cef000  x1=0xf7cee9f2
         375000	        36	80000070	91c24137	lui	x2,0x91c24	  x2=0x91c24000
         385000	        37	80000074	b0f10113	addi	x2,x2,-1265	  x2:0x91c24000  x2=0x91c23b0f
         395000	        38	80000078	00000193	addi	x3,x0,0	  x0:0x00000000  x3=0x00000000
         405000	        39	8000007c	80000237	lui	x4,0x80000	  x4=0x80000000
         415000	        40	80000080	10e752b7	lui	x5,0x10e75	  x5=0x10e75000
         425000	        41	80000084	f7528293	addi	x5,x5,-139	  x5:0x10e75000  x5=0x10e74f75
         435000	        42	80000088	00000313	addi	x6,x0,0	  x0:0x00000000  x6=0x00000000
         445000	        43	8000008c	00000393	addi	x7,x0,0	  x0:0x00000000  x7=0x00000000
         455000	        44	80000090	800004b7	lui	x9,0x80000	  x9=0x80000000
         465000	        45	80000094	80000537	lui	x10,0x80000	 x10=0x80000000
         475000	        46	80000098	00000593	addi	x11,x0,0	  x0:0x00000000 x11=0x00000000
         485000	        47	8000009c	f718d637	lui	x12,0xf718d	 x12=0xf718d000
         495000	        48	800000a0	93660613	addi	x12,x12,-1738	 x12:0xf718d000 x12=0xf718c936
         505000	        49	800000a4	00b00693	addi	x13,x0,11	  x0:0x00000000 x13=0x0000000b
         515000	        50	800000a8	ffa86737	lui	x14,0xffa86	 x14=0xffa86000
         525000	        51	800000ac	ce770713	addi	x14,x14,-793	 x14:0xffa86000 x14=0xffa85ce7
         535000	        52	800000b0	f19317b7	lui	x15,0xf1931	 x15=0xf1931000
         545000	        53	800000b4	02578793	addi	x15,x15,37	 x15:0xf1931000 x15=0xf1931025
         555000	        54	800000b8	80000837	lui	x16,0x80000	 x16=0x80000000
         565000	        55	800000bc	00000893	addi	x17,x0,0	  x0:0x00000000 x17=0x00000000
         575000	        56	800000c0	f3dca937	lui	x18,0xf3dca	 x18=0xf3dca000
         585000	        57	800000c4	d2890913	addi	x18,x18,-728	 x18:0xf3dca000 x18=0xf3dc9d28
         595000	        58	800000c8	00b00993	addi	x19,x0,11	  x0:0x00000000 x19=0x0000000b
         605000	        59	800000cc	f696da37	lui	x20,0xf696d	 x20=0xf696d000
         615000	        60	800000d0	0f8a0a13	addi	x20,x20,248	 x20:0xf696d000 x20=0xf696d0f8
         625000	        61	800000d4	f02bfab7	lui	x21,0xf02bf	 x21=0xf02bf000
         635000	        62	800000d8	8d9a8a93	addi	x21,x21,-1831	 x21:0xf02bf000 x21=0xf02be8d9
         645000	        63	800000dc	00a00b13	addi	x22,x0,10	  x0:0x00000000 x22=0x0000000a
         655000	        64	800000e0	00000b93	addi	x23,x0,0	  x0:0x00000000 x23=0x00000000
         665000	        65	800000e4	f1293c37	lui	x24,0xf1293	 x24=0xf1293000
         675000	        66	800000e8	e99c0c13	addi	x24,x24,-359	 x24:0xf1293000 x24=0xf1292e99
         685000	        67	800000ec	80000cb7	lui	x25,0x80000	 x25=0x80000000
         695000	        68	800000f0	00000d13	addi	x26,x0,0	  x0:0x00000000 x26=0x00000000
         705000	        69	800000f4	f68e6db7	lui	x27,0xf68e6	 x27=0xf68e6000
         715000	        70	800000f8	930d8d93	addi	x27,x27,-1744	 x27:0xf68e6000 x27=0xf68e5930
         725000	        71	800000fc	00200e93	addi	x29,x0,2	  x0:0x00000000 x29=0x00000002
         735000	        72	80000100	00700f13	addi	x30,x0,7	  x0:0x00000000 x30=0x00000007
         745000	        73	80000104	80000fb7	lui	x31,0x80000	 x31=0x80000000
         755000	        74	80000108	0000ae17	auipc	x28,0xa	 x28=0x8000a104
         765000	        75	8000010c	e80e0e13	addi	x28,x28,-384	 x28:0x8000a104 x28=0x80009f84
         775000	        76	80000110	00008517	auipc	x10,0x8	 x10=0x8000810c
         785000	        77	80000114	5a050513	addi	x10,x10,1440	 x10:0x8000810c x10=0x800086ac
         795000	        78	80000118	00d50a83	lb	x21,13(x10)	 x10:0x800086ac x21=0x00000000 PA:0x800086b9
         805000	        79	8000011c	14642a13	slti	x20,x8,326	  x8:0x80009fc4 x20=0x00000001
         815000	        80	80000120	00501713	slli	x14,x0,0x5	  x0:0x00000000 x14=0x00000000
         825000	        81	80000124	0decaf13	slti	x30,x25,222	 x25:0x80000000 x30=0x00000001
         835000	        82	80000128	00f64133	xor	x2,x12,x15	 x12:0xf718c936 x15:0xf1931025  x2=0x068bd913
         845000	        83	8000012c	7c4e3693	sltiu	x13,x28,1988	 x28:0x80009f84 x13=0x00000000
         855000	        84	80000130	fe251d23	sh	x2,-6(x10)	 x10:0x800086ac  x2:0x068bd913 PA:0x800086a6
         865000	        85	80000134	fff54083	lbu	x1,-1(x10)	 x10:0x800086ac  x1=0x00000000 PA:0x800086ab
         875000	        86	80000138	00f54083	lbu	x1,15(x10)	 x10:0x800086ac  x1=0x00000000 PA:0x800086bb
         885000	        87	8000013c	01850fa3	sb	x24,31(x10)	 x10:0x800086ac x24:0xf1292e99 PA:0x800086cb
         895000	        88	80000140	00a21293	slli	x5,x4,0xa	  x4:0x80000000  x5=0x00000000
         905000	        89	80000144	fc551f23	sh	x5,-34(x10)	 x10:0x800086ac  x5:0x00000000 PA:0x8000868a
         915000	        90	80000148	fe550ea3	sb	x5,-3(x10)	 x10:0x800086ac  x5:0x00000000 PA:0x800086a9
         925000	        91	8000014c	d857e793	ori	x15,x15,-635	 x15:0xf1931025 x15=0xfffffda5
         935000	        92	80000150	01f7fab3	and	x21,x15,x31	 x15:0xfffffda5 x31:0x80000000 x21=0x80000000
         945000	        93	80000154	00b54483	lbu	x9,11(x10)	 x10:0x800086ac  x9=0x00000000 PA:0x800086b7
         955000	        94	80000158	0062d7b3	srl	x15,x5,x6	  x5:0x00000000  x6:0x00000000 x15=0x00000000
         965000	        95	8000015c	8ff16297	auipc	x5,0x8ff16	  x5=0x0ff16158
         975000	        96	80000160	019215b3	sll	x11,x4,x25	  x4:0x80000000 x25:0x80000000 x11=0x80000000
         985000	        97	80000164	fd150a83	lb	x21,-47(x10)	 x10:0x800086ac x21=0x00000000 PA:0x8000867d
         995000	        98	80000168	40ff5493	srai	x9,x30,0xf	 x30:0x00000001  x9=0x00000000
        1005000	        99	8000016c	3fda3813	sltiu	x16,x20,1021	 x20:0x00000001 x16=0x00000001
        1015000	       100	80000170	fc550aa3	sb	x5,-43(x10)	 x10:0x800086ac  x5:0x0ff16158 PA:0x80008681
        1025000	       101	80000174	03c55783	lhu	x15,60(x10)	 x10:0x800086ac x15=0x00000000 PA:0x800086e8
        1035000	       102	80000178	25a18937	lui	x18,0x25a18	 x18=0x25a18000
        1045000	       103	8000017c	ccc72293	slti	x5,x14,-820	 x14:0x00000000  x5=0x00000000
        1055000	       104	80000180	0070fd33	and	x26,x1,x7	  x1:0x00000000  x7:0x00000000 x26=0x00000000
        1065000	       105	80000184	01255d03	lhu	x26,18(x10)	 x10:0x800086ac x26=0x00000000 PA:0x800086be
        1075000	       106	80000188	00a8fdb3	and	x27,x17,x10	 x17:0x00000000 x10:0x800086ac x27=0x00000000
        1085000	       107	8000018c	01055583	lhu	x11,16(x10)	 x10:0x800086ac x11=0x00000000 PA:0x800086bc
        1095000	       108	00000000	00000013	addi	x0,x0,0	  x0:0x00000000
        1105000	       109	80000190	0005a4b3	slt	x9,x11,x0	 x11:0x00000000  x0:0x00000000  x9=0x00000000
        1115000	       110	80000194	9e007113	andi	x2,x0,-1568	  x0:0x00000000  x2=0x00000000
        1125000	       111	80000198	02f54103	lbu	x2,47(x10)	 x10:0x800086ac  x2=0x00000000 PA:0x800086db
        1135000	       112	8000019c	01050703	lb	x14,16(x10)	 x10:0x800086ac x14=0x00000000 PA:0x800086bc
        1145000	       113	800001a0	0001dc33	srl	x24,x3,x0	  x3:0x00000000  x0:0x00000000 x24=0x00000000
        1155000	       114	800001a4	ffb52623	sw	x27,-20(x10)	 x10:0x800086ac x27:0x00000000 PA:0x80008698
        1165000	       115	800001a8	006a8db3	add	x27,x21,x6	 x21:0x00000000  x6:0x00000000 x27=0x00000000
        1175000	       116	800001ac	ff250003	lb	x0,-14(x10)	 x10:0x800086ac PA:0x8000869e
        1185000	       117	800001b0	01f17d33	and	x26,x2,x31	  x2:0x00000000 x31:0x80000000 x26=0x00000000
        1195000	       118	800001b4	01949e93	slli	x29,x9,0x19	  x9:0x00000000 x29=0x00000000
        1205000	       119	800001b8	00006817	auipc	x16,0x6	 x16=0x800061b4
        1215000	       120	800001bc	59080813	addi	x16,x16,1424	 x16:0x800061b4 x16=0x80006744
        1225000	       121	800001c0	b1bfb393	sltiu	x7,x31,-1253	 x31:0x80000000  x7=0x00000001
        1235000	       122	800001c4	01ff7ab3	and	x21,x30,x31	 x30:0x00000001 x31:0x80000000 x21=0x00000000
        1245000	       123	800001c8	4c9847b7	lui	x15,0x4c984	 x15=0x4c984000
        1255000	       124	800001cc	418f5193	srai	x3,x30,0x18	 x30:0x00000001  x3=0x00000000
        1265000	       125	800001d0	fa180813	addi	x16,x16,-95	 x16:0x80006744 x16=0x800066e5
        1275000	       126	800001d4	016b2db3	slt	x27,x22,x22	 x22:0x0000000a x22:0x0000000a x27=0x00000000
        1285000	       127	800001d8	060800e7	jalr	x1,x16,96	 x16:0x800066e5  x1=0x800001d8
        1295000	       128	00000000	00000013	addi	x0,x0,0	  x0:0x00000000
        1305000	       129	80006744	00000013	addi	x0,x0,0	  x0:0x00000000
        1315000	       130	80006748	010133b3	sltu	x7,x2,x16	  x2:0x00000000 x16:0x800066e5  x7=0x00000001
        1325000	       131	8000674c	00bd7db3	and	x27,x26,x11	 x26:0x00000000 x11:0x00000000 x27=0x00000000
        1335000	       132	80006750	0008e663	bltu	x17,x0,8000675c	 x17:0x00000000  x0:0x00000000
        1345000	       133	80006754	444e9eb7	lui	x29,0x444e9	 x29=0x444e9000
        1355000	       134	80006758	12423a13	sltiu	x20,x4,292	  x4:0x80000000 x20=0x00000000
        1365000	       135	8000675c	fe8e0e13	addi	x28,x28,-24	 x28:0x80009f84 x28=0x80009f6c
        1375000	       136	80006760	00000013	addi	x0,x0,0	  x0:0x00000000
        1385000	       137	80006764	01fedf13	srli	x30,x29,0x1f	 x29:0x444e9000 x30=0x00000000
        1395000	       138	80006768	001e2223	sw	x1,4(x28)	 x28:0x80009f6c  x1:0x800001d8 PA:0x80009f70
        1405000	       139	8000676c	41f05db3	sra	x27,x0,x31	  x0:0x00000000 x31:0x80000000 x27=0x00000000
        1415000	       140	80006770	012154b3	srl	x9,x2,x18	  x2:0x00000000 x18:0x25a18000  x9=0x00000000
        1425000	       141	80006774	429adcb7	lui	x25,0x429ad	 x25=0x429ad000
        1435000	       142	80006778	00ab6ab3	or	x21,x22,x10	 x22:0x0000000a x10:0x800086ac x21=0x800086ae
        1445000	       143	8000677c	ca228713	addi	x14,x5,-862	  x5:0x00000000 x14=0xfffffca2
        1455000	       144	80006780	000f5913	srli	x18,x30,0x0	 x30:0x00000000 x18=0x00000000
        1465000	       145	80006784	005cd213	srli	x4,x25,0x5	 x25:0x429ad000  x4=0x0214d680
        1475000	       146	80006788	00000697	auipc	x13,0x0	 x13=0x80006784
        1485000	       147	8000678c	08068693	addi	x13,x13,128	 x13:0x80006784 x13=0x80006804
        1495000	       148	80006790	419d5f13	srai	x30,x26,0x19	 x26:0x00000000 x30=0x00000000
        1505000	       149	80006794	0102c633	xor	x12,x5,x16	  x5:0x00000000 x16:0x800066e5 x12=0x800066e5
        1515000	       150	80006798	00199a93	slli	x21,x19,0x1	 x19:0x0000000b x21=0x00000016
        1525000	       151	8000679c	ed468693	addi	x13,x13,-300	 x13:0x80006804 x13=0x800066d8
        1535000	       152	800067a0	002afeb3	and	x29,x21,x2	 x21:0x00000016  x2:0x00000000 x29=0x00000000
        1545000	       153	800067a4	008d79b3	and	x19,x26,x8	 x26:0x00000000  x8:0x80009fc4 x19=0x00000000
        1555000	       154	800067a8	cea07b37	lui	x22,0xcea07	 x22=0xcea07000
        1565000	       155	800067ac	01e617b3	sll	x15,x12,x30	 x12:0x800066e5 x30:0x00000000 x15=0x800066e5
        1575000	       156	800067b0	12d680e7	jalr	x1,x13,301	 x13:0x800066d8  x1=0x800067b0
        1585000	       157	00000000	00000013	addi	x0,x0,0	  x0:0x00000000
        1595000	       158	80006804	00000013	addi	x0,x0,0	  x0:0x00000000
        1605000	       159	80006808	01690d33	add	x26,x18,x22	 x18:0x00000000 x22:0xcea07000 x26=0xcea07000
        1615000	       160	8000680c	6b68b613	sltiu	x12,x17,1718	 x17:0x00000000 x12=0x00000001
        1625000	       161	80006810	01c8f263	bgeu	x17,x28,80006814	 x17:0x00000000 x28:0x80009f6c
        1635000	       162	80006814	fc0e0e13	addi	x28,x28,-64	 x28:0x80009f6c x28=0x80009f2c
        1645000	       163	80006818	001e2223	sw	x1,4(x28)	 x28:0x80009f2c  x1:0x800067b0 PA:0x80009f30
        1655000	       164	8000681c	00174133	xor	x2,x14,x1	 x14:0xfffffca2  x1:0x800067b0  x2=0x7fff9b12
        1665000	       165	80006820	003cc733	xor	x14,x25,x3	 x25:0x429ad000  x3:0x00000000 x14=0x429ad000
        1675000	       166	80006824	3a3ca613	slti	x12,x25,931	 x25:0x429ad000 x12=0x00000000
        1685000	       167	80006828	ffffef97	auipc	x31,0xffffe	 x31=0x80004824
        1695000	       168	8000682c	81cf8f93	addi	x31,x31,-2020	 x31:0x80004824 x31=0x80004040
        1705000	       169	80006830	00f25813	srli	x16,x4,0xf	  x4:0x0214d680 x16=0x00000429
        1715000	       170	80006834	416d03b3	sub	x7,x26,x22	 x26:0xcea07000 x22:0xcea07000  x7=0x00000000
        1725000	       171	80006838	011c1d13	slli	x26,x24,0x11	 x24:0x00000000 x26=0x00000000
        1735000	       172	8000683c	0a61db17	auipc	x22,0xa61d	 x22=0x8a623838
        1745000	       173	80006840	e69f8f93	addi	x31,x31,-407	 x31:0x80004040 x31=0x80003ea9
        1755000	       174	80006844	00000013	addi	x0,x0,0	  x0:0x00000000
        1765000	       175	80006848	f8bb8493	addi	x9,x23,-117	 x23:0x00000000  x9=0xffffff8b
        1775000	       176	8000684c	00000013	addi	x0,x0,0	  x0:0x00000000
        1785000	       177	80006850	01bcc3b3	xor	x7,x25,x27	 x25:0x429ad000 x27:0x00000000  x7=0x429ad000
        1795000	       178	80006854	b7bdf513	andi	x10,x27,-1157	 x27:0x00000000 x10=0x00000000
        1805000	       179	80006858	197f80e7	jalr	x1,x31,407	 x31:0x80003ea9  x1=0x80006858
        1815000	       180	00000000	00000013	addi	x0,x0,0	  x0:0x00000000
        1825000	       181	80004040	00000013	addi	x0,x0,0	  x0:0x00000000
        1835000	       182	80004044	40875113	srai	x2,x14,0x8	 x14:0x429ad000  x2=0x00429ad0
        1845000	       183	80004048	00b7a2b3	slt	x5,x15,x11	 x15:0x800066e5 x11:0x00000000  x5=0x00000001
        1855000	       184	8000404c	01bef463	bgeu	x29,x27,80004054	 x29:0x00000000 x27:0x00000000
        1865000	       185	00000000	00000013	addi	x0,x0,0	  x0:0x00000000
        1875000	       186	80004050	00000013	addi	x0,x0,0	  x0:0x00000000
        1885000	       187	80004054	fc8e0e13	addi	x28,x28,-56	 x28:0x80009f2c x28=0x80009ef4
        1895000	       188	80004058	41ea0033	sub	x0,x20,x30	 x20:0x00000000 x30:0x00000000
        1905000	       189	8000405c	006db7b3	sltu	x15,x27,x6	 x27:0x00000000  x6:0x00000000 x15=0x00000000
        1915000	       190	80004060	001e2223	sw	x1,4(x28)	 x28:0x80009ef4  x1:0x80006858 PA:0x80009ef8
        1925000	       191	80004064	01e6fcb3	and	x25,x13,x30	 x13:0x800066d8 x30:0x00000000 x25=0x00000000
        1935000	       192	80004068	00004997	auipc	x19,0x4	 x19=0x80008064
        1945000	       193	8000406c	20098993	addi	x19,x19,512	 x19:0x80008064 x19=0x80008264
        1955000	       194	80004070	40fbdf93	srai	x31,x23,0xf	 x23:0x00000000 x31=0x00000000
        1965000	       195	80004074	f2a92693	slti	x13,x18,-214	 x18:0x00000000 x13=0x00000000
        1975000	       196	80004078	00519693	slli	x13,x3,0x5	  x3:0x00000000 x13=0x00000000
        1985000	       197	8000407c	020982a3	sb	x0,37(x19)	 x19:0x80008264  x0:0x00000000 PA:0x80008289
        1995000	       198	80004080	003e45b3	xor	x11,x28,x3	 x28:0x80009ef4  x3:0x00000000 x11=0x80009ef4
        2005000	       199	80004084	00c80733	add	x14,x16,x12	 x16:0x00000429 x12:0x00000000 x14=0x00000429
        2015000	       200	80004088	a7628d97	auipc	x27,0xa7628	 x27=0x2762c084
        2025000	       201	8000408c	e2ee0213	addi	x4,x28,-466	 x28:0x80009ef4  x4=0x80009d22
        2035000	       202	80004090	fd298e83	lb	x29,-46(x19)	 x19:0x80008264 x29=0x00000000 PA:0x80008236
        2045000	       203	80004094	fe698f83	lb	x31,-26(x19)	 x19:0x80008264 x31=0x00000000 PA:0x8000824a
        2055000	       204	80004098	00000013	addi	x0,x0,0	  x0:0x00000000
        2065000	       205	8000409c	00879cb3	sll	x25,x15,x8	 x15:0x00000000  x8:0x80009fc4 x25=0x00000000
        2075000	       206	800040a0	0329d503	lhu	x10,50(x19)	 x19:0x80008264 x10=0x00000000 PA:0x80008296
        2085000	       207	800040a4	fef987a3	sb	x15,-17(x19)	 x19:0x80008264 x15:0x00000000 PA:0x80008253
        2095000	       208	800040a8	008bc5b3	xor	x11,x23,x8	 x23:0x00000000  x8:0x80009fc4 x11=0x80009fc4
        2105000	       209	800040ac	018bd933	srl	x18,x23,x24	 x23:0x00000000 x24:0x00000000 x18=0x00000000
        2115000	       210	800040b0	fda9c283	lbu	x5,-38(x19)	 x19:0x80008264  x5=0x00000000 PA:0x8000823e
        2125000	       211	800040b4	00000013	addi	x0,x0,0	  x0:0x00000000
        2135000	       212	800040b8	0050c233	xor	x4,x1,x5	  x1:0x80006858  x5:0x00000000  x4=0x80006858
        2145000	       213	800040bc	014fd3b3	srl	x7,x31,x20	 x31:0x00000000 x20:0x00000000  x7=0x00000000
        2155000	       214	800040c0	ff599523	sh	x21,-22(x19)	 x19:0x80008264 x21:0x00000016 PA:0x8000824e
        2165000	       215	800040c4	34494213	xori	x4,x18,836	 x18:0x00000000  x4=0x00000344
        2175000	       216	800040c8	716f3f13	sltiu	x30,x30,1814	 x30:0x00000000 x30=0x00000001
        2185000	       217	800040cc	fd798fa3	sb	x23,-33(x19)	 x19:0x80008264 x23:0x00000000 PA:0x80008243
        2195000	       218	800040d0	f5e24693	xori	x13,x4,-162	  x4:0x00000344 x13=0xfffffc1a
        2205000	       219	800040d4	000adeb3	srl	x29,x21,x0	 x21:0x00000016  x0:0x00000000 x29=0x00000016
        2215000	       220	800040d8	41395133	sra	x2,x18,x19	 x18:0x00000000 x19:0x80008264  x2=0x00000000
        2225000	       221	800040dc	019b05b3	add	x11,x22,x25	 x22:0x8a623838 x25:0x00000000 x11=0x8a623838
        2235000	       222	800040e0	02998103	lb	x2,41(x19)	 x19:0x80008264  x2=0x00000000 PA:0x8000828d
        2245000	       223	800040e4	012000b3	add	x1,x0,x18	  x0:0x00000000 x18:0x00000000  x1=0x00000000
        2255000	       224	800040e8	aa3d0497	auipc	x9,0xaa3d0	  x9=0x2a3d40e4
        2265000	       225	800040ec	01922cb3	slt	x25,x4,x25	  x4:0x00000344 x25:0x00000000 x25=0x00000000
        2275000	       226	800040f0	40d258b3	sra	x17,x4,x13	  x4:0x00000344 x13:0xfffffc1a x17=0x00000000
        2285000	       227	800040f4	063de613	ori	x12,x27,99	 x27:0x2762c084 x12=0x2762c0e7
        2295000	       228	800040f8	fdb98a03	lb	x20,-37(x19)	 x19:0x80008264 x20=0x00000000 PA:0x8000823f
        2305000	       229	800040fc	c3cbeb13	ori	x22,x23,-964	 x23:0x00000000 x22=0xfffffc3c
        2315000	       230	80004100	00c988a3	sb	x12,17(x19)	 x19:0x80008264 x12:0x2762c0e7 PA:0x80008275
        2325000	       231	80004104	1c162f93	slti	x31,x12,449	 x12:0x2762c0e7 x31=0x00000000
        2335000	       232	80004108	24e47613	andi	x12,x8,590	  x8:0x80009fc4 x12=0x00000244
        2345000	       233	8000410c	030e4a63	blt	x28,x16,80004140	 x28:0x80009ef4 x16:0x00000429
        2355000	       234	00000000	00000013	addi	x0,x0,0	  x0:0x00000000
        2365000	       235	8000413c	00000013	addi	x0,x0,0	  x0:0x00000000
        2375000	       236	80004140	d0cd6f93	ori	x31,x26,-756	 x26:0x00000000 x31=0xfffffd0c
        2385000	       237	80004144	60ab6d97	auipc	x27,0x60ab6	 x27=0xe0aba140
        2395000	       238	80004148	01ade4b3	or	x9,x27,x26	 x27:0xe0aba140 x26:0x00000000  x9=0xe0aba140
        2405000	       239	8000414c	8ce07793	andi	x15,x0,-1842	  x0:0x00000000 x15=0x00000000
        2415000	       240	80004150	40980933	sub	x18,x16,x9	 x16:0x00000429  x9:0xe0aba140 x18=0x1f5462e9
        2425000	       241	80004154	035e9463	bne	x29,x21,8000417c	 x29:0x00000016 x21:0x00000016
        2435000	       242	80004158	012181b3	add	x3,x3,x18	  x3:0x00000000 x18:0x1f5462e9  x3=0x1f5462e9
        2445000	       243	8000415c	41a0df13	srai	x30,x1,0x1a	  x1:0x00000000 x30=0x00000000
        2455000	       244	80004160	011b6733	or	x14,x22,x17	 x22:0xfffffc3c x17:0x00000000 x14=0xfffffc3c
        2465000	       245	80004164	00318e63	beq	x3,x3,80004180	  x3:0x1f5462e9  x3:0x1f5462e9
        2475000	       246	00000000	00000013	addi	x0,x0,0	  x0:0x00000000
        2485000	       247	8000417c	00000013	addi	x0,x0,0	  x0:0x00000000
        2495000	       248	80004180	01b94cb3	xor	x25,x18,x27	 x18:0x1f5462e9 x27:0xe0aba140 x25=0xffffc3a9
        2505000	       249	80004184	01ab9513	slli	x10,x23,0x1a	 x23:0x00000000 x10=0x00000000
        2515000	       250	80004188	016537b3	sltu	x15,x10,x22	 x10:0x00000000 x22:0xfffffc3c x15=0x00000001
        2525000	       251	8000418c	01f191b3	sll	x3,x3,x31	  x3:0x1f5462e9 x31:0xfffffd0c  x3=0x462e9000
        2535000	       252	80004190	007f4ab3	xor	x21,x30,x7	 x30:0x00000000  x7:0x00000000 x21=0x00000000
        2545000	       253	80004194	00e46ab3	or	x21,x8,x14	  x8:0x80009fc4 x14:0xfffffc3c x21=0xfffffffc
        2555000	       254	80004198	0101b833	sltu	x16,x3,x16	  x3:0x462e9000 x16:0x00000429 x16=0x00000000
        2565000	       255	8000419c	0123d813	srli	x16,x7,0x12	  x7:0x00000000 x16=0x00000000
        2575000	       256	800041a0	03588663	beq	x17,x21,800041cc	 x17:0x00000000 x21:0xfffffffc
        2585000	       257	800041a4	007f8533	add	x10,x31,x7	 x31:0xfffffd0c  x7:0x00000000 x10=0xfffffd0c
        2595000	       258	800041a8	02056663	bltu	x10,x0,800041d4	 x10:0xfffffd0c  x0:0x00000000
        2605000	       259	800041ac	02836063	bltu	x6,x8,800041cc	  x6:0x00000000  x8:0x80009fc4
        2615000	       260	00000000	00000013	addi	x0,x0,0	  x0:0x00000000
        2625000	       261	800041c8	00000013	addi	x0,x0,0	  x0:0x00000000
        2635000	       262	800041cc	00f01b33	sll	x22,x0,x15	  x0:0x00000000 x15:0x00000001 x22=0x00000000
        2645000	       263	800041d0	4a7b3513	sltiu	x10,x22,1191	 x22:0x00000000 x10=0x00000001
        2655000	       264	800041d4	cf377813	andi	x16,x14,-781	 x14:0xfffffc3c x16=0xfffffc30
        2665000	       265	800041d8	d2849b37	lui	x22,0xd2849	 x22=0xd2849000
        2675000	       266	800041dc	00a60633	add	x12,x12,x10	 x12:0x00000244 x10:0x00000001 x12=0x00000245
        2685000	       267	800041e0	01bd6c63	bltu	x26,x27,800041f8	 x26:0x00000000 x27:0xe0aba140
        2695000	       268	00000000	00000013	addi	x0,x0,0	  x0:0x00000000
        2705000	       269	800041f4	00000013	addi	x0,x0,0	  x0:0x00000000
        2715000	       270	800041f8	410107b3	sub	x15,x2,x16	  x2:0x00000000 x16:0xfffffc30 x15=0x000003d0
        2725000	       271	800041fc	23fd4537	lui	x10,0x23fd4	 x10=0x23fd4000
        2735000	       272	80004200	75694897	auipc	x17,0x75694	 x17=0xf56981fc
        2745000	       273	80004204	00a4aa33	slt	x20,x9,x10	  x9:0xe0aba140 x10:0x23fd4000 x20=0x00000001
        2755000	       274	80004208	5e4bd297	auipc	x5,0x5e4bd	  x5=0xde4c1204
        2765000	       275	8000420c	19184b93	xori	x23,x16,401	 x16:0xfffffc30 x23=0xfffffda1
        2775000	       276	80004210	00ac7093	andi	x1,x24,10	 x24:0x00000000  x1=0x00000000
        2785000	       277	80004214	400f5533	sra	x10,x30,x0	 x30:0x00000000  x0:0x00000000 x10=0x00000000
        2795000	       278	80004218	b2c97513	andi	x10,x18,-1236	 x18:0x1f5462e9 x10=0x1f546228
        2805000	       279	8000421c	01772933	slt	x18,x14,x23	 x14:0xfffffc3c x23:0xfffffda1 x18=0x00000001
        2815000	       280	80004220	00625b93	srli	x23,x4,0x6	  x4:0x00000344 x23=0x0000000d
        2825000	       281	80004224	00208133	add	x2,x1,x2	  x1:0x00000000  x2:0x00000000  x2=0x00000000
        2835000	       282	80004228	02fe6863	bltu	x28,x15,80004258	 x28:0x80009ef4 x15:0x000003d0
        2845000	       283	8000422c	4c483713	sltiu	x14,x16,1220	 x16:0xfffffc30 x14=0x00000000
        2855000	       284	80004230	6e36a513	slti	x10,x13,1763	 x13:0xfffffc1a x10=0x00000001
        2865000	       285	80004234	87271a17	auipc	x20,0x87271	 x20=0x07275230
        2875000	       286	80004238	41fdd6b3	sra	x13,x27,x31	 x27:0xe0aba140 x31:0xfffffd0c x13=0xfffe0aba
        2885000	       287	8000423c	00000013	addi	x0,x0,0	  x0:0x00000000
        2895000	       288	80004240	059f8663	beq	x31,x25,8000428c	 x31:0xfffffd0c x25:0xffffc3a9
        2905000	       289	80004244	004cdc63	bge	x25,x4,8000425c	 x25:0xffffc3a9  x4:0x00000344
        2915000	       290	80004248	04a20863	beq	x4,x10,80004298	  x4:0x00000344 x10:0x00000001
        2925000	       291	8000424c	00000013	addi	x0,x0,0	  x0:0x00000000
        2935000	       292	80004250	40a951b3	sra	x3,x18,x10	 x18:0x00000001 x10:0x00000001  x3=0x00000000
        2945000	       293	80004254	043d5663	bge	x26,x3,800042a0	 x26:0x00000000  x3:0x00000000
        2955000	       294	00000000	00000013	addi	x0,x0,0	  x0:0x00000000
        2965000	       295	8000429c	00000013	addi	x0,x0,0	  x0:0x00000000
        2975000	       296	800042a0	001ac5b3	xor	x11,x21,x1	 x21:0xfffffffc  x1:0x00000000 x11=0xfffffffc
        2985000	       297	800042a4	036a1e63	bne	x20,x22,800042e0	 x20:0x07275230 x22:0xd2849000
        2995000	       298	00000000	00000013	addi	x0,x0,0	  x0:0x00000000
        3005000	       299	800042dc	00000013	addi	x0,x0,0	  x0:0x00000000
        3015000	       300	800042e0	0108ea63	bltu	x17,x16,800042f4	 x17:0xf56981fc x16:0xfffffc30
        3025000	       301	00000000	00000013	addi	x0,x0,0	  x0:0x00000000
        3035000	       302	800042f0	00000013	addi	x0,x0,0	  x0:0x00000000
        3045000	       303	800042f4	00705263	bge	x0,x7,800042f8	  x0:0x00000000  x7:0x00000000
        3055000	       304	00000000	00000013	addi	x0,x0,0	  x0:0x00000000
        3065000	       305	800042f4	00000013	addi	x0,x0,0	  x0:0x00000000
        3075000	       306	800042f8	40095c93	srai	x25,x18,0x0	 x18:0x00000001 x25=0x00000001
        3085000	       307	800042fc	0036db13	srli	x22,x13,0x3	 x13:0xfffe0aba x22=0x1fffc157
        3095000	       308	80004300	41ddd233	sra	x4,x27,x29	 x27:0xe0aba140 x29:0x00000016  x4=0xffffff82
        3105000	       309	80004304	7b075897	auipc	x17,0x7b075	 x17=0xfb079300
        3115000	       310	80004308	ea416613	ori	x12,x2,-348	  x2:0x00000000 x12=0xfffffea4
        3125000	       311	8000430c	004d9c63	bne	x27,x4,80004324	 x27:0xe0aba140  x4:0xffffff82
        3135000	       312	00000000	00000013	addi	x0,x0,0	  x0:0x00000000
        3145000	       313	80004320	00000013	addi	x0,x0,0	  x0:0x00000000
        3155000	       314	80004324	002e5eb3	srl	x29,x28,x2	 x28:0x80009ef4  x2:0x00000000 x29=0x80009ef4
        3165000	       315	80004328	03e16a63	bltu	x2,x30,8000435c	  x2:0x00000000 x30:0x00000000
        3175000	       316	8000432c	01f222b3	slt	x5,x4,x31	  x4:0xffffff82 x31:0xfffffd0c  x5=0x00000000
        3185000	       317	80004330	01abd833	srl	x16,x23,x26	 x23:0x0000000d x26:0x00000000 x16=0x0000000d
        3195000	       318	80004334	03fb9463	bne	x23,x31,8000435c	 x23:0x0000000d x31:0xfffffd0c
        3205000	       319	00000000	00000013	addi	x0,x0,0	  x0:0x00000000
        3215000	       320	80004358	00000013	addi	x0,x0,0	  x0:0x00000000
        3225000	       321	8000435c	00de5993	srli	x19,x28,0xd	 x28:0x80009ef4 x19=0x00040004
        3235000	       322	80004360	7641c213	xori	x4,x3,1892	  x3:0x00000000  x4=0x00000764
        3245000	       323	80004364	0081d1b3	srl	x3,x3,x8	  x3:0x00000000  x8:0x80009fc4  x3=0x00000000
        3255000	       324	80004368	8a55af93	slti	x31,x11,-1883	 x11:0xfffffffc x31=0x00000000
        3265000	       325	8000436c	414e85b3	sub	x11,x29,x20	 x29:0x80009ef4 x20:0x07275230 x11=0x78d94cc4
        3275000	       326	80004370	03277863	bgeu	x14,x18,800043a0	 x14:0x00000000 x18:0x00000001
        3285000	       327	80004374	0039b8b3	sltu	x17,x19,x3	 x19:0x00040004  x3:0x00000000 x17=0x00000000
        3295000	       328	80004378	8445e593	ori	x11,x11,-1980	 x11:0x78d94cc4 x11=0xfffffcc4
        3305000	       329	8000437c	01573b33	sltu	x22,x14,x21	 x14:0x00000000 x21:0xfffffffc x22=0x00000001
        3315000	       330	80004380	e54d7213	andi	x4,x26,-428	 x26:0x00000000  x4=0x00000000
        3325000	       331	80004384	04b04063	blt	x0,x11,800043c4	  x0:0x00000000 x11:0xfffffcc4
        3335000	       332	80004388	01f79233	sll	x4,x15,x31	 x15:0x000003d0 x31:0x00000000  x4=0x000003d0
        3345000	       333	8000438c	379b20b7	lui	x1,0x379b2	  x1=0x379b2000
        3355000	       334	80004390	3b236a13	ori	x20,x6,946	  x6:0x00000000 x20=0x000003b2
        3365000	       335	80004394	41535733	sra	x14,x6,x21	  x6:0x00000000 x21:0xfffffffc x14=0x00000000
        3375000	       336	80004398	02cc1a63	bne	x24,x12,800043cc	 x24:0x00000000 x12:0xfffffea4
        3385000	       337	00000000	00000013	addi	x0,x0,0	  x0:0x00000000
        3395000	       338	800043c8	00000013	addi	x0,x0,0	  x0:0x00000000
        3405000	       339	800043cc	a3f45097	auipc	x1,0xa3f45	  x1=0x23f493c8
        3415000	       340	800043d0	0192cdb3	xor	x27,x5,x25	  x5:0x00000000 x25:0x00000001 x27=0x00000001
        3425000	       341	800043d4	006da933	slt	x18,x27,x6	 x27:0x00000001  x6:0x00000000 x18=0x00000000
        3435000	       342	800043d8	00000013	addi	x0,x0,0	  x0:0x00000000
        3445000	       343	800043dc	004e9f93	slli	x31,x29,0x4	 x29:0x80009ef4 x31=0x0009ef40
        3455000	       344	800043e0	38fdb713	sltiu	x14,x27,911	 x27:0x00000001 x14=0x00000001
        3465000	       345	800043e4	41d189b3	sub	x19,x3,x29	  x3:0x00000000 x29:0x80009ef4 x19=0x7fff610c
        3475000	       346	800043e8	895ec637	lui	x12,0x895ec	 x12=0x895ec000
        3485000	       347	800043ec	00000013	addi	x0,x0,0	  x0:0x00000000
        3495000	       348	800043f0	41ab0eb3	sub	x29,x22,x26	 x22:0x00000001 x26:0x00000000 x29=0x00000001
        3505000	       349	800043f4	01428eb3	add	x29,x5,x20	  x5:0x00000000 x20:0x000003b2 x29=0x000003b2
        3515000	       350	800043f8	01a98c63	beq	x19,x26,80004410	 x19:0x7fff610c x26:0x00000000
        3525000	       351	800043fc	69b1fd93	andi	x27,x3,1691	  x3:0x00000000 x27=0x00000000
        3535000	       352	80004400	800ba393	slti	x7,x23,-2048	 x23:0x0000000d  x7=0x00000000
        3545000	       353	80004404	007aa2b3	slt	x5,x21,x7	 x21:0xfffffffc  x7:0x00000000  x5=0x00000001
        3555000	       354	80004408	0157fb33	and	x22,x15,x21	 x15:0x000003d0 x21:0xfffffffc x22=0x000003d0
        3565000	       355	8000440c	01be5eb3	srl	x29,x28,x27	 x28:0x80009ef4 x27:0x00000000 x29=0x80009ef4
        3575000	       356	80004410	007bb1b3	sltu	x3,x23,x7	 x23:0x0000000d  x7:0x00000000  x3=0x00000000
        3585000	       357	80004414	4021d537	lui	x10,0x4021d	 x10=0x4021d000
        3595000	       358	80004418	04e81463	bne	x16,x14,80004460	 x16:0x0000000d x14:0x00000001
        3605000	       359	00000000	00000013	addi	x0,x0,0	  x0:0x00000000
        3615000	       360	8000445c	00000013	addi	x0,x0,0	  x0:0x00000000
        3625000	       361	80004460	4cab7093	andi	x1,x22,1226	 x22:0x000003d0  x1=0x000000c0
        3635000	       362	80004464	039af463	bgeu	x21,x25,8000448c	 x21:0xfffffffc x25:0x00000001
        3645000	       363	00000000	00000013	addi	x0,x0,0	  x0:0x00000000
        3655000	       364	80004488	00000013	addi	x0,x0,0	  x0:0x00000000
        3665000	       365	8000448c	a0df7997	auipc	x19,0xa0df7	 x19=0x20dfb488
        3675000	       366	80004490	0055c263	blt	x11,x5,80004494	 x11:0xfffffcc4  x5:0x00000001
        3685000	       367	00000000	00000013	addi	x0,x0,0	  x0:0x00000000
        3695000	       368	80004490	00000013	addi	x0,x0,0	  x0:0x00000000
        3705000	       369	80004494	5780b093	sltiu	x1,x1,1400	  x1:0x000000c0  x1=0x00000001
        3715000	       370	80004498	9db22193	slti	x3,x4,-1573	  x4:0x000003d0  x3=0x00000000
        3725000	       371	8000449c	41990933	sub	x18,x18,x25	 x18:0x00000000 x25:0x00000001 x18=0xffffffff
        3735000	       372	800044a0	011d3533	sltu	x10,x26,x17	 x26:0x00000000 x17:0x00000000 x10=0x00000000
        3745000	       373	800044a4	002799b3	sll	x19,x15,x2	 x15:0x000003d0  x2:0x00000000 x19=0x000003d0
        3755000	       374	800044a8	86c9d937	lui	x18,0x86c9d	 x18=0x86c9d000
        3765000	       375	800044ac	00335613	srli	x12,x6,0x3	  x6:0x00000000 x12=0x00000000
        3775000	       376	800044b0	004e2083	lw	x1,4(x28)	 x28:0x80009ef4  x1=0x80006858 PA:0x80009ef8
        3785000	       377	800044b4	b8490517	auipc	x10,0xb8490	 x10=0x384944b0
        3795000	       378	800044b8	038e0e13	addi	x28,x28,56	 x28:0x80009ef4 x28=0x80009f2c
        3805000	       379	800044bc	1fe5fc93	andi	x25,x11,510	 x11:0xfffffcc4 x25=0x000000c4
        3815000	       380	800044c0	d24d7537	lui	x10,0xd24d7	 x10=0xd24d7000
        3825000	       381	800044c4	00d85a93	srli	x21,x16,0xd	 x16:0x0000000d x21=0x00000000
        3835000	       382	800044c8	00008993	addi	x19,x1,0	  x1:0x80006858 x19=0x80006858
        3845000	       383	800044cc	000989e7	jalr	x19,x19,0	 x19:0x80006858 x19=0x800044cc
        3855000	       384	00000000	00000013	addi	x0,x0,0	  x0:0x00000000
        3865000	       385	80006858	00000013	addi	x0,x0,0	  x0:0x00000000
        3875000	       386	8000685c	40280ab3	sub	x21,x16,x2	 x16:0x0000000d  x2:0x00000000 x21=0x0000000d
        3885000	       387	80006860	fffff697	auipc	x13,0xfffff	 x13=0x8000585c
        3895000	       388	80006864	9ac68693	addi	x13,x13,-1620	 x13:0x8000585c x13=0x80005208
        3905000	       389	80006868	4196d613	srai	x12,x13,0x19	 x13:0x80005208 x12=0xffffffc0
        3915000	       390	8000686c	2e868693	addi	x13,x13,744	 x13:0x80005208 x13=0x800054f0
        3925000	       391	80006870	014be4b3	or	x9,x23,x20	 x23:0x0000000d x20:0x000003b2  x9=0x000003bf
        3935000	       392	80006874	0090f533	and	x10,x1,x9	  x1:0x80006858  x9:0x000003bf x10=0x00000018
        3945000	       393	80006878	017ed9b3	srl	x19,x29,x23	 x29:0x80009ef4 x23:0x0000000d x19=0x00040004
        3955000	       394	8000687c	5ffa7d93	andi	x27,x20,1535	 x20:0x000003b2 x27=0x000001b2
        3965000	       395	80006880	0062f133	and	x2,x5,x6	  x5:0x00000001  x6:0x00000000  x2=0x00000000
        3975000	       396	80006884	d19680e7	jalr	x1,x13,-743	 x13:0x800054f0  x1=0x80006884
        3985000	       397	00000000	00000013	addi	x0,x0,0	  x0:0x00000000
        3995000	       398	80005208	00000013	addi	x0,x0,0	  x0:0x00000000
        4005000	       399	8000520c	41560c33	sub	x24,x12,x21	 x12:0xffffffc0 x21:0x0000000d x24=0xffffffb3
        4015000	       400	80005210	016f9393	slli	x7,x31,0x16	 x31:0x0009ef40  x7=0xd0000000
        4025000	       401	80005214	fcce0e13	addi	x28,x28,-52	 x28:0x80009f2c x28=0x80009ef8
        4035000	       402	80005218	00764033	xor	x0,x12,x7	 x12:0xffffffc0  x7:0xd0000000
        4045000	       403	8000521c	01111f13	slli	x30,x2,0x11	  x2:0x00000000 x30=0x00000000
        4055000	       404	80005220	00000013	addi	x0,x0,0	  x0:0x00000000
        4065000	       405	80005224	00d78733	add	x14,x15,x13	 x15:0x000003d0 x13:0x800054f0 x14=0x800058c0
        4075000	       406	80005228	001e2223	sw	x1,4(x28)	 x28:0x80009ef8  x1:0x80006884 PA:0x80009efc
        4085000	       407	8000522c	00f0d733	srl	x14,x1,x15	  x1:0x80006884 x15:0x000003d0 x14=0x00008000
        4095000	       408	80005230	bc8ff893	andi	x17,x31,-1080	 x31:0x0009ef40 x17=0x0009eb40
        4105000	       409	80005234	c0a6ee93	ori	x29,x13,-1014	 x13:0x800054f0 x29=0xfffffcfa
        4115000	       410	80005238	f9a20c13	addi	x24,x4,-102	  x4:0x000003d0 x24=0x0000036a
        4125000	       411	8000523c	71002b17	auipc	x22,0x71002	 x22=0xf1007238
        4135000	       412	80005240	0115d2b3	srl	x5,x11,x17	 x11:0xfffffcc4 x17:0x0009eb40  x5=0xfffffcc4
        4145000	       413	80005244	726bc793	xori	x15,x23,1830	 x23:0x0000000d x15=0x0000072b
        4155000	       414	80005248	412a55b3	sra	x11,x20,x18	 x20:0x000003b2 x18:0x86c9d000 x11=0x000003b2
        4165000	       415	8000524c	2b8b0f97	auipc	x31,0x2b8b0	 x31=0xab8b5248
        4175000	       416	80005250	474010ef	jal	x1,80005250	  x1=0x80005250
        4185000	       417	00000000	00000013	addi	x0,x0,0	  x0:0x00000000
        4195000	       418	800066c0	00000013	addi	x0,x0,0	  x0:0x00000000
        4205000	       419	800066c4	012fb133	sltu	x2,x31,x18	 x31:0xab8b5248 x18:0x86c9d000  x2=0x00000000
        4215000	       420	800066c8	a8132b13	slti	x22,x6,-1407	  x6:0x00000000 x22=0x00000000
        4225000	       421	800066cc	b48c7493	andi	x9,x24,-1208	 x24:0x0000036a  x9=0x00000348
        4235000	       422	800066d0	402fd193	srai	x3,x31,0x2	 x31:0xab8b5248  x3=0xeae2d492
        4245000	       423	800066d4	8d07a9b7	lui	x19,0x8d07a	 x19=0x8d07a000
        4255000	       424	800066d8	00b66db3	or	x27,x12,x11	 x12:0xffffffc0 x11:0x000003b2 x27=0xfffffff2
        4265000	       425	800066dc	01f05fb3	srl	x31,x0,x31	  x0:0x00000000 x31:0xab8b5248 x31=0x00000000
        4275000	       426	800066e0	40645cb3	sra	x25,x8,x6	  x8:0x80009fc4  x6:0x00000000 x25=0x80009fc4
        4285000	       427	800066e4	4040df93	srai	x31,x1,0x4	  x1:0x80005250 x31=0xf8000525
        4295000	       428	800066e8	fd4e0e13	addi	x28,x28,-44	 x28:0x80009ef8 x28=0x80009ecc
        4305000	       429	800066ec	001e2223	sw	x1,4(x28)	 x28:0x80009ecc  x1:0x80005250 PA:0x80009ed0
        4315000	       430	800066f0	76b34493	xori	x9,x6,1899	  x6:0x00000000  x9=0x0000076b
        4325000	       431	800066f4	ef0e3693	sltiu	x13,x28,-272	 x28:0x80009ecc x13=0x00000001
        4335000	       432	800066f8	01fa05b3	add	x11,x20,x31	 x20:0x000003b2 x31:0xf8000525 x11=0xf80008d7
        4345000	       433	800066fc	00000013	addi	x0,x0,0	  x0:0x00000000
        4355000	       434	80006700	211e6f13	ori	x30,x28,529	 x28:0x80009ecc x30=0x80009edd
        4365000	       435	80006704	01e8de63	bge	x17,x30,80006720	 x17:0x0009eb40 x30:0x80009edd
        4375000	       436	00000000	00000013	addi	x0,x0,0	  x0:0x00000000
        4385000	       437	8000671c	00000013	addi	x0,x0,0	  x0:0x00000000
        4395000	       438	80006720	01bff3b3	and	x7,x31,x27	 x31:0xf8000525 x27:0xfffffff2  x7=0xf8000520
        4405000	       439	80006724	01683b33	sltu	x22,x16,x22	 x16:0x0000000d x22:0x00000000 x22=0x00000000
        4415000	       440	80006728	004e2083	lw	x1,4(x28)	 x28:0x80009ecc  x1=0x80005250 PA:0x80009ed0
        4425000	       441	8000672c	41125893	srai	x17,x4,0x11	  x4:0x000003d0 x17=0x00000000
        4435000	       442	80006730	02ce0e13	addi	x28,x28,44	 x28:0x80009ecc x28=0x80009ef8
        4445000	       443	80006734	34354b93	xori	x23,x10,835	 x10:0x00000018 x23=0x0000035b
        4455000	       444	80006738	00a4d813	srli	x16,x9,0xa	  x9:0x0000076b x16=0x00000001
        4465000	       445	8000673c	41035233	sra	x4,x6,x16	  x6:0x00000000 x16:0x00000001  x4=0x00000000
        4475000	       446	80006740	00008c93	addi	x25,x1,0	  x1:0x80005250 x25=0x80005250
        4485000	       447	80006744	000c8ce7	jalr	x25,x25,0	 x25:0x80005250 x25=0x80006744
        4495000	       448	00000000	00000013	addi	x0,x0,0	  x0:0x00000000
        4505000	       449	80005250	00000013	addi	x0,x0,0	  x0:0x00000000
        4515000	       450	80005254	00004117	auipc	x2,0x4	  x2=0x80009250
        4525000	       451	80005258	a6d10113	addi	x2,x2,-1427	  x2:0x80009250  x2=0x80008cbd
        4535000	       452	8000525c	07e14003	lbu	x0,126(x2)	  x2:0x80008cbd PA:0x80008d3b
        4545000	       453	80005260	0a814503	lbu	x10,168(x2)	  x2:0x80008cbd x10=0x00000000 PA:0x80008d65
        4555000	       454	80005264	f1e14783	lbu	x15,-226(x2)	  x2:0x80008cbd x15=0x00000000 PA:0x80008bdb
        4565000	       455	80005268	69904913	xori	x18,x0,1689	  x0:0x00000000 x18=0x00000699
        4575000	       456	8000526c	01ee8533	add	x10,x29,x30	 x29:0xfffffcfa x30:0x80009edd x10=0x80009bd7
        4585000	       457	80005270	00000013	addi	x0,x0,0	  x0:0x00000000
        4595000	       458	80005274	00f00eb3	add	x29,x0,x15	  x0:0x00000000 x15:0x00000000 x29=0x00000000
        4605000	       459	80005278	f8d10823	sb	x13,-112(x2)	  x2:0x80008cbd x13:0x00000001 PA:0x80008c4d
        4615000	       460	8000527c	01a56ab3	or	x21,x10,x26	 x10:0x80009bd7 x26:0x00000000 x21=0x80009bd7
        4625000	       461	80005280	0071d033	srl	x0,x3,x7	  x3:0xeae2d492  x7:0xf8000520
        4635000	       462	80005284	fdc10203	lb	x4,-36(x2)	  x2:0x80008cbd  x4=0x00000000 PA:0x80008c99
        4645000	       463	80005288	ff410a03	lb	x20,-12(x2)	  x2:0x80008cbd x20=0x00000000 PA:0x80008cb1
        4655000	       464	8000528c	05115483	lhu	x9,81(x2)	  x2:0x80008cbd  x9=0x00000000 PA:0x80008d0e
        4665000	       465	80005290	04d14c83	lbu	x25,77(x2)	  x2:0x80008cbd x25=0x00000000 PA:0x80008d0a
        4675000	       466	80005294	00146733	or	x14,x8,x1	  x8:0x80009fc4  x1:0x80005250 x14=0x8000dfd4
        4685000	       467	80005298	35cfba13	sltiu	x20,x31,860	 x31:0xf8000525 x20=0x00000000
        4695000	       468	8000529c	02515083	lhu	x1,37(x2)	  x2:0x80008cbd  x1=0x00000000 PA:0x80008ce2
        4705000	       469	00000000	00000013	addi	x0,x0,0	  x0:0x00000000
        4715000	       470	800052a0	00179db3	sll	x27,x15,x1	 x15:0x00000000  x1:0x00000000 x27=0x00000000
        4725000	       471	800052a4	41abdfb3	sra	x31,x23,x26	 x23:0x0000035b x26:0x00000000 x31=0x0000035b
        4735000	       472	800052a8	08a14183	lbu	x3,138(x2)	  x2:0x80008cbd  x3=0x00000000 PA:0x80008d47
        4745000	       473	800052ac	41cbdcb3	sra	x25,x23,x28	 x23:0x0000035b x28:0x80009ef8 x25=0x00000000
        4755000	       474	800052b0	00495fb3	srl	x31,x18,x4	 x18:0x00000699  x4:0x00000000 x31=0x00000699
        4765000	       475	800052b4	018807b3	add	x15,x16,x24	 x16:0x00000001 x24:0x0000036a x15=0x0000036b
        4775000	       476	800052b8	0cd15d03	lhu	x26,205(x2)	  x2:0x80008cbd x26=0x00000000 PA:0x80008d8a
        4785000	       477	800052bc	f49125a3	sw	x9,-181(x2)	  x2:0x80008cbd  x9:0x00000000 PA:0x80008c08
        4795000	       478	800052c0	00000013	addi	x0,x0,0	  x0:0x00000000
        4805000	       479	800052c4	40a25cb3	sra	x25,x4,x10	  x4:0x00000000 x10:0x80009bd7 x25=0x00000000
        4815000	       480	800052c8	f5a14b03	lbu	x22,-166(x2)	  x2:0x80008cbd x22=0x00000000 PA:0x80008c17
        4825000	       481	800052cc	00004517	auipc	x10,0x4	 x10=0x800092c8
        4835000	       482	800052d0	81750513	addi	x10,x10,-2025	 x10:0x800092c8 x10=0x80008adf
        4845000	       483	800052d4	96376b93	ori	x23,x14,-1693	 x14:0x8000dfd4 x23=0xfffffff7
        4855000	       484	800052d8	3a822493	slti	x9,x4,936	  x4:0x00000000  x9=0x00000001
        4865000	       485	800052dc	1c4a0493	addi	x9,x20,452	 x20:0x00000000  x9=0x000001c4
        4875000	       486	800052e0	40090c33	sub	x24,x18,x0	 x18:0x00000699  x0:0x00000000 x24=0x00000699
        4885000	       487	800052e4	00c50f83	lb	x31,12(x10)	 x10:0x80008adf x31=0x00000000 PA:0x80008aeb
        4895000	       488	800052e8	000985b3	add	x11,x19,x0	 x19:0x8d07a000  x0:0x00000000 x11=0x8d07a000
        4905000	       489	800052ec	00000013	addi	x0,x0,0	  x0:0x00000000
        4915000	       490	800052f0	01150123	sb	x17,2(x10)	 x10:0x80008adf x17:0x00000000 PA:0x80008ae1
        4925000	       491	800052f4	4011d933	sra	x18,x3,x1	  x3:0x00000000  x1:0x00000000 x18=0x00000000
        4935000	       492	800052f8	4c1d75b7	lui	x11,0x4c1d7	 x11=0x4c1d7000
        4945000	       493	800052fc	01fc5d33	srl	x26,x24,x31	 x24:0x00000699 x31:0x00000000 x26=0x00000699
        4955000	       494	80005300	00b6e833	or	x16,x13,x11	 x13:0x00000001 x11:0x4c1d7000 x16=0x4c1d7001
        4965000	       495	80005304	01a507a3	sb	x26,15(x10)	 x10:0x80008adf x26:0x00000699 PA:0x80008aee
        4975000	       496	80005308	01795193	srli	x3,x18,0x17	 x18:0x00000000  x3=0x00000000
        4985000	       497	8000530c	01050223	sb	x16,4(x10)	 x10:0x80008adf x16:0x4c1d7001 PA:0x80008ae3
        4995000	       498	80005310	00951d03	lh	x26,9(x10)	 x10:0x80008adf x26=0x00000000 PA:0x80008ae8
        5005000	       499	80005314	003591b3	sll	x3,x11,x3	 x11:0x4c1d7000  x3:0x00000000  x3=0x4c1d7000
        5015000	       500	80005318	014512a3	sh	x20,5(x10)	 x10:0x80008adf x20:0x00000000 PA:0x80008ae4
        5025000	       501	8000531c	00107db3	and	x27,x0,x1	  x0:0x00000000  x1:0x00000000 x27=0x00000000
        5035000	       502	80005320	40a950b3	sra	x1,x18,x10	 x18:0x00000000 x10:0x80008adf  x1=0x00000000
        5045000	       503	80005324	ff054203	lbu	x4,-16(x10)	 x10:0x80008adf  x4=0x00000000 PA:0x80008acf
        5055000	       504	80005328	fe850fa3	sb	x8,-1(x10)	 x10:0x80008adf  x8:0x80009fc4 PA:0x80008ade
        5065000	       505	8000532c	ffe54b83	lbu	x23,-2(x10)	 x10:0x80008adf x23=0x00000000 PA:0x80008add
        5075000	       506	80005330	401751b3	sra	x3,x14,x1	 x14:0x8000dfd4  x1:0x00000000  x3=0x8000dfd4
        5085000	       507	80005334	012e57b3	srl	x15,x28,x18	 x28:0x80009ef8 x18:0x00000000 x15=0x80009ef8
        5095000	       508	80005338	06453793	sltiu	x15,x10,100	 x10:0x80008adf x15=0x00000000
        5105000	       509	8000533c	00000013	addi	x0,x0,0	  x0:0x00000000
        5115000	       510	80005340	00c510a3	sh	x12,1(x10)	 x10:0x80008adf x12:0xffffffc0 PA:0x80008ae0
        5125000	       511	80005344	00050f03	lb	x30,0(x10)	 x10:0x80008adf x30=0x00000000 PA:0x80008adf
        5135000	       512	80005348	40d60eb3	sub	x29,x12,x13	 x12:0xffffffc0 x13:0x00000001 x29=0xffffffbf
        5145000	       513	8000534c	01054e83	lbu	x29,16(x10)	 x10:0x80008adf x29=0x00000000 PA:0x80008aef
        5155000	       514	80005350	00976733	or	x14,x14,x9	 x14:0x8000dfd4  x9:0x000001c4 x14=0x8000dfd4
        5165000	       515	80005354	052a3613	sltiu	x12,x20,82	 x20:0x00000000 x12=0x00000001
        5175000	       516	80005358	400cd613	srai	x12,x25,0x0	 x25:0x00000000 x12=0x00000000
        5185000	       517	8000535c	44bc3693	sltiu	x13,x24,1099	 x24:0x00000699 x13=0x00000000
        5195000	       518	80005360	fff50e83	lb	x29,-1(x10)	 x10:0x80008adf x29=0xffffffc4 PA:0x80008ade
        5205000	       519	80005364	01a50423	sb	x26,8(x10)	 x10:0x80008adf x26:0x00000000 PA:0x80008ae7
        5215000	       520	80005368	01850423	sb	x24,8(x10)	 x10:0x80008adf x24:0x00000699 PA:0x80008ae7
        5225000	       521	8000536c	00003617	auipc	x12,0x3	 x12=0x80008368
        5235000	       522	80005370	f8160613	addi	x12,x12,-127	 x12:0x80008368 x12=0x800082e9
        5245000	       523	80005374	00a01ab3	sll	x21,x0,x10	  x0:0x00000000 x10:0x80008adf x21=0x00000000
        5255000	       524	80005378	fd565b83	lhu	x23,-43(x12)	 x12:0x800082e9 x23=0x00000000 PA:0x800082be
        5265000	       525	8000537c	00684833	xor	x16,x16,x6	 x16:0x4c1d7001  x6:0x00000000 x16=0x4c1d7001
        5275000	       526	80005380	0ac611a3	sh	x12,163(x12)	 x12:0x800082e9 x12:0x800082e9 PA:0x8000838c
        5285000	       527	80005384	fb960483	lb	x9,-71(x12)	 x12:0x800082e9  x9=0x00000000 PA:0x800082a2
        5295000	       528	80005388	00221293	slli	x5,x4,0x2	  x4:0x00000000  x5=0x00000000
        5305000	       529	8000538c	2aa907b7	lui	x15,0x2aa90	 x15=0x2aa90000
        5315000	       530	80005390	c1f4f793	andi	x15,x9,-993	  x9:0x00000000 x15=0x00000000
        5325000	       531	80005394	017af3b3	and	x7,x21,x23	 x21:0x00000000 x23:0x00000000  x7=0x00000000
        5335000	       532	80005398	01a12533	slt	x10,x2,x26	  x2:0x80008cbd x26:0x00000000 x10=0x00000001
        5345000	       533	8000539c	1d6bea17	auipc	x20,0x1d6be	 x20=0x9d6c3398
        5355000	       534	800053a0	0de60203	lb	x4,222(x12)	 x12:0x800082e9  x4=0x00000000 PA:0x800083c7
        5365000	       535	800053a4	f1260d03	lb	x26,-238(x12)	 x12:0x800082e9 x26=0x00000000 PA:0x800081fb
        5375000	       536	800053a8	11ca8b13	addi	x22,x21,284	 x21:0x00000000 x22=0x0000011c
        5385000	       537	800053ac	fe360e23	sb	x3,-4(x12)	 x12:0x800082e9  x3:0x8000dfd4 PA:0x800082e5
        5395000	       538	800053b0	0fb60b03	lb	x22,251(x12)	 x12:0x800082e9 x22=0x00000000 PA:0x800083e4
        5405000	       539	800053b4	00177b33	and	x22,x14,x1	 x14:0x8000dfd4  x1:0x00000000 x22=0x00000000
        5415000	       540	800053b8	2141fe93	andi	x29,x3,532	  x3:0x8000dfd4 x29=0x00000214
        5425000	       541	800053bc	0197d6b3	srl	x13,x15,x25	 x15:0x00000000 x25:0x00000000 x13=0x00000000
        5435000	       542	800053c0	0f872893	slti	x17,x14,248	 x14:0x8000dfd4 x17=0x00000001
        5445000	       543	800053c4	00c1a4b3	slt	x9,x3,x12	  x3:0x8000dfd4 x12:0x800082e9  x9=0x00000000
        5455000	       544	800053c8	00e25993	srli	x19,x4,0xe	  x4:0x00000000 x19=0x00000000
        5465000	       545	800053cc	07a618a3	sh	x26,113(x12)	 x12:0x800082e9 x26:0x00000000 PA:0x8000835a
        5475000	       546	800053d0	411fd913	srai	x18,x31,0x11	 x31:0x00000000 x18=0x00000000
        5485000	       547	800053d4	03b60623	sb	x27,44(x12)	 x12:0x800082e9 x27:0x00000000 PA:0x80008315
        5495000	       548	800053d8	fa064c03	lbu	x24,-96(x12)	 x12:0x800082e9 x24=0x00000000 PA:0x80008289
        5505000	       549	800053dc	f6c60b03	lb	x22,-148(x12)	 x12:0x800082e9 x22=0x00000000 PA:0x80008255
        5515000	       550	800053e0	0d460483	lb	x9,212(x12)	 x12:0x800082e9  x9=0x00000000 PA:0x800083bd
        5525000	       551	800053e4	007ae533	or	x10,x21,x7	 x21:0x00000000  x7:0x00000000 x10=0x00000000
        5535000	       552	800053e8	0086c1b3	xor	x3,x13,x8	 x13:0x00000000  x8:0x80009fc4  x3=0x80009fc4
        5545000	       553	800053ec	fa760523	sb	x7,-86(x12)	 x12:0x800082e9  x7:0x00000000 PA:0x80008293
        5555000	       554	800053f0	09861ea3	sh	x24,157(x12)	 x12:0x800082e9 x24:0x00000000 PA:0x80008386
        5565000	       555	800053f4	09b65983	lhu	x19,155(x12)	 x12:0x800082e9 x19=0x00000000 PA:0x80008384
        5575000	       556	800053f8	4014d1b3	sra	x3,x9,x1	  x9:0x00000000  x1:0x00000000  x3=0x00000000
        5585000	       557	800053fc	f2a60383	lb	x7,-214(x12)	 x12:0x800082e9  x7=0x00000000 PA:0x80008213
        5595000	       558	80005400	19f9ceb7	lui	x29,0x19f9c	 x29=0x19f9c000
        5605000	       559	80005404	f5b64d83	lbu	x27,-165(x12)	 x12:0x800082e9 x27=0x00000000 PA:0x80008244
        5615000	       560	80005408	03a60883	lb	x17,58(x12)	 x12:0x800082e9 x17=0x00000000 PA:0x80008323
        5625000	       561	8000540c	0d960b23	sb	x25,214(x12)	 x12:0x800082e9 x25:0x00000000 PA:0x800083bf
        5635000	       562	80005410	f6c61ba3	sh	x12,-137(x12)	 x12:0x800082e9 x12:0x800082e9 PA:0x80008260
        5645000	       563	80005414	0da616a3	sh	x26,205(x12)	 x12:0x800082e9 x26:0x00000000 PA:0x800083b6
        5655000	       564	80005418	405dd0b3	sra	x1,x27,x5	 x27:0x00000000  x5:0x00000000  x1=0x00000000
        5665000	       565	8000541c	00cb1e93	slli	x29,x22,0xc	 x22:0x00000000 x29=0x00000000
        5675000	       566	80005420	fc460ea3	sb	x4,-35(x12)	 x12:0x800082e9  x4:0x00000000 PA:0x800082c6
        5685000	       567	80005424	41025213	srai	x4,x4,0x10	  x4:0x00000000  x4=0x00000000
        5695000	       568	80005428	f1464f03	lbu	x30,-236(x12)	 x12:0x800082e9 x30=0x00000000 PA:0x800081fd
        5705000	       569	8000542c	01b04a33	xor	x20,x0,x27	  x0:0x00000000 x27:0x00000000 x20=0x00000000
        5715000	       570	80005430	ffc60b23	sb	x28,-10(x12)	 x12:0x800082e9 x28:0x80009ef8 PA:0x800082df
        5725000	       571	80005434	fd960323	sb	x25,-58(x12)	 x12:0x800082e9 x25:0x00000000 PA:0x800082af
        5735000	       572	80005438	013c5893	srli	x17,x24,0x13	 x24:0x00000000 x17=0x00000000
        5745000	       573	8000543c	000a92b3	sll	x5,x21,x0	 x21:0x00000000  x0:0x00000000  x5=0x00000000
        5755000	       574	80005440	415bd893	srai	x17,x23,0x15	 x23:0x00000000 x17=0x00000000
        5765000	       575	80005444	04a60c03	lb	x24,74(x12)	 x12:0x800082e9 x24=0x00000000 PA:0x80008333
        5775000	       576	80005448	00003817	auipc	x16,0x3	 x16=0x80008444
        5785000	       577	8000544c	26680813	addi	x16,x16,614	 x16:0x80008444 x16=0x800086aa
        5795000	       578	80005450	04d84983	lbu	x19,77(x16)	 x16:0x800086aa x19=0x00000000 PA:0x800086f7
        5805000	       579	80005454	05984283	lbu	x5,89(x16)	 x16:0x800086aa  x5=0x00000000 PA:0x80008703
        5815000	       580	80005458	f92fb593	sltiu	x11,x31,-110	 x31:0x00000000 x11=0x00000001
        5825000	       581	8000545c	00b05293	srli	x5,x0,0xb	  x0:0x00000000  x5=0x00000000
        5835000	       582	80005460	0ed84b83	lbu	x23,237(x16)	 x16:0x800086aa x23=0x00000000 PA:0x80008797
        5845000	       583	80005464	018e0933	add	x18,x28,x24	 x28:0x80009ef8 x24:0x00000000 x18=0x80009ef8
        5855000	       584	80005468	0ff80b83	lb	x23,255(x16)	 x16:0x800086aa x23=0x00000000 PA:0x800087a9
        5865000	       585	8000546c	0090ceb3	xor	x29,x1,x9	  x1:0x00000000  x9:0x00000000 x29=0x00000000
        5875000	       586	80005470	01db4f33	xor	x30,x22,x29	 x22:0x00000000 x29:0x00000000 x30=0x00000000
        5885000	       587	80005474	feb84f83	lbu	x31,-21(x16)	 x16:0x800086aa x31=0x00000000 PA:0x80008695
        5895000	       588	80005478	4086d9b3	sra	x19,x13,x8	 x13:0x00000000  x8:0x80009fc4 x19=0x00000000
        5905000	       589	8000547c	ef0eaa13	slti	x20,x29,-272	 x29:0x00000000 x20=0x00000000
        5915000	       590	80005480	1f19f617	auipc	x12,0x1f19f	 x12=0x9f1a447c
        5925000	       591	80005484	f4980e23	sb	x9,-164(x16)	 x16:0x800086aa  x9:0x00000000 PA:0x80008606
        5935000	       592	80005488	007fd393	srli	x7,x31,0x7	 x31:0x00000000  x7=0x00000000
        5945000	       593	8000548c	011bd3b3	srl	x7,x23,x17	 x23:0x00000000 x17:0x00000000  x7=0x00000000
        5955000	       594	80005490	00ce61b3	or	x3,x28,x12	 x28:0x80009ef8 x12:0x9f1a447c  x3=0x9f1adefc
        5965000	       595	80005494	06380ea3	sb	x3,125(x16)	 x16:0x800086aa  x3:0x9f1adefc PA:0x80008727
        5975000	       596	80005498	0c384203	lbu	x4,195(x16)	 x16:0x800086aa  x4=0x00000000 PA:0x8000876d
        5985000	       597	8000549c	00000013	addi	x0,x0,0	  x0:0x00000000
        5995000	       598	800054a0	01c9cc33	xor	x24,x19,x28	 x19:0x00000000 x28:0x80009ef8 x24=0x80009ef8
        6005000	       599	800054a4	f6c85183	lhu	x3,-148(x16)	 x16:0x800086aa  x3=0x00000000 PA:0x80008616
        6015000	       600	800054a8	406bd133	sra	x2,x23,x6	 x23:0x00000000  x6:0x00000000  x2=0x00000000
        6025000	       601	800054ac	0dc81123	sh	x28,194(x16)	 x16:0x800086aa x28:0x80009ef8 PA:0x8000876c
        6035000	       602	800054b0	fe081483	lh	x9,-32(x16)	 x16:0x800086aa  x9=0x00000000 PA:0x8000868a
        6045000	       603	800054b4	f9380c03	lb	x24,-109(x16)	 x16:0x800086aa x24=0x00000000 PA:0x8000863d
        6055000	       604	800054b8	40578eb3	sub	x29,x15,x5	 x15:0x00000000  x5:0x00000000 x29=0x00000000
        6065000	       605	800054bc	f3d807a3	sb	x29,-209(x16)	 x16:0x800086aa x29:0x00000000 PA:0x800085d9
        6075000	       606	800054c0	fb082923	sw	x16,-78(x16)	 x16:0x800086aa x16:0x800086aa PA:0x8000865c
        6085000	       607	800054c4	f6282323	sw	x2,-154(x16)	 x16:0x800086aa  x2:0x00000000 PA:0x80008610
        6095000	       608	800054c8	d2883093	sltiu	x1,x16,-728	 x16:0x800086aa  x1=0x00000001
        6105000	       609	800054cc	f6382d23	sw	x3,-134(x16)	 x16:0x800086aa  x3:0x00000000 PA:0x80008624
        6115000	       610	800054d0	f4282f23	sw	x2,-162(x16)	 x16:0x800086aa  x2:0x00000000 PA:0x80008608
        6125000	       611	800054d4	a2cb0993	addi	x19,x22,-1492	 x22:0x00000000 x19=0xfffffa2c
        6135000	       612	800054d8	33142713	slti	x14,x8,817	  x8:0x80009fc4 x14=0x00000001
        6145000	       613	800054dc	f4980983	lb	x19,-183(x16)	 x16:0x800086aa x19=0x00000000 PA:0x800085f3
        6155000	       614	800054e0	005843b3	xor	x7,x16,x5	 x16:0x800086aa  x5:0x00000000  x7=0x800086aa
        6165000	       615	800054e4	f6884183	lbu	x3,-152(x16)	 x16:0x800086aa  x3=0x00000000 PA:0x80008612
        6175000	       616	800054e8	fcd80b03	lb	x22,-51(x16)	 x16:0x800086aa x22=0x00000000 PA:0x80008677
        6185000	       617	800054ec	f3480723	sb	x20,-210(x16)	 x16:0x800086aa x20:0x00000000 PA:0x800085d8
        6195000	       618	800054f0	01781823	sh	x23,16(x16)	 x16:0x800086aa x23:0x00000000 PA:0x800086ba
        6205000	       619	800054f4	0a8dc717	auipc	x14,0xa8dc	 x14=0x8a8e14f0
        6215000	       620	800054f8	07080ba3	sb	x16,119(x16)	 x16:0x800086aa x16:0x800086aa PA:0x80008721
        6225000	       621	800054fc	07984603	lbu	x12,121(x16)	 x16:0x800086aa x12=0x00000000 PA:0x80008723
        6235000	       622	00000000	00000013	addi	x0,x0,0	  x0:0x00000000
        6245000	       623	80005500	14c3b893	sltiu	x17,x7,332	  x7:0x800086aa x17=0x00000000
        6255000	       624	80005504	6d9cb013	sltiu	x0,x25,1753	 x25:0x00000000
        6265000	       625	80005508	04f84a83	lbu	x21,79(x16)	 x16:0x800086aa x21=0x00000000 PA:0x800086f9
        6275000	       626	8000550c	00003397	auipc	x7,0x3	  x7=0x80008508
        6285000	       627	80005510	e8138393	addi	x7,x7,-383	  x7:0x80008508  x7=0x80008389
        6295000	       628	80005514	4124bd37	lui	x26,0x4124b	 x26=0x4124b000
        6305000	       629	80005518	0ddfa893	slti	x17,x31,221	 x31:0x00000000 x17=0x00000001
        6315000	       630	8000551c	d8d88713	addi	x14,x17,-627	 x17:0x00000001 x14=0xfffffd8e
        6325000	       631	80005520	1c139c83	lh	x25,449(x7)	  x7:0x80008389 x25=0x00000000 PA:0x8000854a
        6335000	       632	00000000	00000013	addi	x0,x0,0	  x0:0x00000000
        6345000	       633	80005524	17939083	lh	x1,377(x7)	  x7:0x80008389  x1=0x00000000 PA:0x80008502
        6355000	       634	80005528	413ddcb3	sra	x25,x27,x19	 x27:0x00000000 x19:0x00000000 x25=0x00000000
        6365000	       635	8000552c	17d396a3	sh	x29,365(x7)	  x7:0x80008389 x29:0x00000000 PA:0x800084f6
        6375000	       636	80005530	4127d1b3	sra	x3,x15,x18	 x15:0x00000000 x18:0x80009ef8  x3=0x00000000
        6385000	       637	80005534	cfa3cb83	lbu	x23,-774(x7)	  x7:0x80008389 x23=0x00000000 PA:0x80008083
        6395000	       638	80005538	f6538603	lb	x12,-155(x7)	  x7:0x80008389 x12=0x00000000 PA:0x800082ee
        6405000	       639	8000553c	00f7d293	srli	x5,x15,0xf	 x15:0x00000000  x5=0x00000000
        6415000	       640	80005540	00000013	addi	x0,x0,0	  x0:0x00000000
        6425000	       641	80005544	e7438d23	sb	x20,-390(x7)	  x7:0x80008389 x20:0x00000000 PA:0x80008203
        6435000	       642	80005548	f1338103	lb	x2,-237(x7)	  x7:0x80008389  x2=0x00000000 PA:0x8000829c
        6445000	       643	8000554c	01cb9b13	slli	x22,x23,0x1c	 x23:0x00000000 x22=0x00000000
        6455000	       644	80005550	40de5c93	srai	x25,x28,0xd	 x28:0x80009ef8 x25=0xfffc0004
        6465000	       645	80005554	41e50f33	sub	x30,x10,x30	 x10:0x00000000 x30:0x00000000 x30=0x00000000
        6475000	       646	80005558	403e5913	srai	x18,x28,0x3	 x28:0x80009ef8 x18=0xf00013df
        6485000	       647	8000555c	e9a38f83	lb	x31,-358(x7)	  x7:0x80008389 x31=0x00000000 PA:0x80008223
        6495000	       648	80005560	5a024c13	xori	x24,x4,1440	  x4:0x00000000 x24=0x000005a0
        6505000	       649	80005564	0154f1b3	and	x3,x9,x21	  x9:0x00000000 x21:0x00000000  x3=0x00000000
        6515000	       650	80005568	5474f293	andi	x5,x9,1351	  x9:0x00000000  x5=0x00000000
        6525000	       651	8000556c	0b06a093	slti	x1,x13,176	 x13:0x00000000  x1=0x00000001
        6535000	       652	80005570	0e53c883	lbu	x17,229(x7)	  x7:0x80008389 x17=0x00000000 PA:0x8000846e
        6545000	       653	80005574	32138723	sb	x1,814(x7)	  x7:0x80008389  x1:0x00000001 PA:0x800086b7
        6555000	       654	80005578	01f25113	srli	x2,x4,0x1f	  x4:0x00000000  x2=0x00000000
        6565000	       655	8000557c	3b13db83	lhu	x23,945(x7)	  x7:0x80008389 x23=0x00000000 PA:0x8000873a
        6575000	       656	80005580	030e6863	bltu	x28,x16,800055b0	 x28:0x80009ef8 x16:0x800086aa
        6585000	       657	80005584	01928db3	add	x27,x5,x25	  x5:0x00000000 x25:0xfffc0004 x27=0xfffc0004
        6595000	       658	80005588	69c5f593	andi	x11,x11,1692	 x11:0x00000001 x11=0x00000000
        6605000	       659	8000558c	02955a63	bge	x10,x9,800055c0	 x10:0x00000000  x9:0x00000000
        6615000	       660	00000000	00000013	addi	x0,x0,0	  x0:0x00000000
        6625000	       661	800055bc	00000013	addi	x0,x0,0	  x0:0x00000000
        6635000	       662	800055c0	40e25633	sra	x12,x4,x14	  x4:0x00000000 x14:0xfffffd8e x12=0x00000000
        6645000	       663	800055c4	8270e593	ori	x11,x1,-2009	  x1:0x00000001 x11=0xfffff827
        6655000	       664	800055c8	030ad263	bge	x21,x16,800055ec	 x21:0x00000000 x16:0x800086aa
        6665000	       665	00000000	00000013	addi	x0,x0,0	  x0:0x00000000
        6675000	       666	800055e8	00000013	addi	x0,x0,0	  x0:0x00000000
        6685000	       667	800055ec	295f6493	ori	x9,x30,661	 x30:0x00000000  x9=0x00000295
        6695000	       668	800055f0	1647bd13	sltiu	x26,x15,356	 x15:0x00000000 x26=0x00000001
        6705000	       669	800055f4	c7f4c713	xori	x14,x9,-897	  x9:0x00000295 x14=0xfffffeea
        6715000	       670	800055f8	0076a733	slt	x14,x13,x7	 x13:0x00000000  x7:0x80008389 x14=0x00000000
        6725000	       671	800055fc	00f15d13	srli	x26,x2,0xf	  x2:0x00000000 x26=0x00000000
        6735000	       672	80005600	0128e5b3	or	x11,x17,x18	 x17:0x00000000 x18:0xf00013df x11=0xf00013df
        6745000	       673	80005604	00461a63	bne	x12,x4,80005618	 x12:0x00000000  x4:0x00000000
        6755000	       674	80005608	010a9393	slli	x7,x21,0x10	 x21:0x00000000  x7=0x00000000
        6765000	       675	8000560c	ac76e493	ori	x9,x13,-1337	 x13:0x00000000  x9=0xfffffac7
        6775000	       676	80005610	059bf663	bgeu	x23,x25,8000565c	 x23:0x00000000 x25:0xfffc0004
        6785000	       677	80005614	41435cb3	sra	x25,x6,x20	  x6:0x00000000 x20:0x00000000 x25=0x00000000
        6795000	       678	80005618	41b582b3	sub	x5,x11,x27	 x11:0xf00013df x27:0xfffc0004  x5=0xf00413db
        6805000	       679	8000561c	3f6c9737	lui	x14,0x3f6c9	 x14=0x3f6c9000
        6815000	       680	80005620	017334b3	sltu	x9,x6,x23	  x6:0x00000000 x23:0x00000000  x9=0x00000000
        6825000	       681	80005624	0195fbb3	and	x23,x11,x25	 x11:0xf00013df x25:0x00000000 x23=0x00000000
        6835000	       682	80005628	8b7af013	andi	x0,x21,-1865	 x21:0x00000000
        6845000	       683	8000562c	010577b3	and	x15,x10,x16	 x10:0x00000000 x16:0x800086aa x15=0x00000000
        6855000	       684	80005630	03364463	blt	x12,x19,80005658	 x12:0x00000000 x19:0x00000000
        6865000	       685	80005634	01714263	blt	x2,x23,80005638	  x2:0x00000000 x23:0x00000000
        6875000	       686	80005638	00000013	addi	x0,x0,0	  x0:0x00000000
        6885000	       687	8000563c	00159c63	bne	x11,x1,80005654	 x11:0xf00013df  x1:0x00000001
        6895000	       688	00000000	00000013	addi	x0,x0,0	  x0:0x00000000
        6905000	       689	80005650	00000013	addi	x0,x0,0	  x0:0x00000000
        6915000	       690	80005654	40ac8c33	sub	x24,x25,x10	 x25:0x00000000 x10:0x00000000 x24=0x00000000
        6925000	       691	80005658	4f1ee097	auipc	x1,0x4f1ee	  x1=0xcf1f3654
        6935000	       692	8000565c	00f26263	bltu	x4,x15,80005660	  x4:0x00000000 x15:0x00000000
        6945000	       693	80005660	401807b3	sub	x15,x16,x1	 x16:0x800086aa  x1:0xcf1f3654 x15=0xb0e15056
        6955000	       694	80005664	c9ff5f37	lui	x30,0xc9ff5	 x30=0xc9ff5000
        6965000	       695	80005668	417584b3	sub	x9,x11,x23	 x11:0xf00013df x23:0x00000000  x9=0xf00013df
        6975000	       696	8000566c	015368b3	or	x17,x6,x21	  x6:0x00000000 x21:0x00000000 x17=0x00000000
        6985000	       697	80005670	4015d793	srai	x15,x11,0x1	 x11:0xf00013df x15=0xf80009ef
        6995000	       698	80005674	00ab2033	slt	x0,x22,x10	 x22:0x00000000 x10:0x00000000
        7005000	       699	80005678	40495033	sra	x0,x18,x4	 x18:0xf00013df  x4:0x00000000
        7015000	       700	8000567c	00b3da13	srli	x20,x7,0xb	  x7:0x00000000 x20=0x00000000
        7025000	       701	80005680	010267b3	or	x15,x4,x16	  x4:0x00000000 x16:0x800086aa x15=0x800086aa
        7035000	       702	80005684	fa190593	addi	x11,x18,-95	 x18:0xf00013df x11=0xf0001380
        7045000	       703	80005688	41b35e93	srai	x29,x6,0x1b	  x6:0x00000000 x29=0x00000000
        7055000	       704	8000568c	00d49033	sll	x0,x9,x13	  x9:0xf00013df x13:0x00000000
        7065000	       705	80005690	511d3293	sltiu	x5,x26,1297	 x26:0x00000000  x5=0x00000001
        7075000	       706	80005694	0176e533	or	x10,x13,x23	 x13:0x00000000 x23:0x00000000 x10=0x00000000
        7085000	       707	80005698	41e681b3	sub	x3,x13,x30	 x13:0x00000000 x30:0xc9ff5000  x3=0x3600b000
        7095000	       708	8000569c	00b9a813	slti	x16,x19,11	 x19:0x00000000 x16=0x00000001
        7105000	       709	800056a0	8c5fd0ef	jal	x1,800056a0	  x1=0x800056a0
        7115000	       710	00000000	00000013	addi	x0,x0,0	  x0:0x00000000
        7125000	       711	80002f60	00000013	addi	x0,x0,0	  x0:0x00000000
        7135000	       712	80002f64	009d9263	bne	x27,x9,80002f68	 x27:0xfffc0004  x9:0xf00013df
        7145000	       713	00000000	00000013	addi	x0,x0,0	  x0:0x00000000
        7155000	       714	80002f64	00000013	addi	x0,x0,0	  x0:0x00000000
        7165000	       715	80002f68	fece0e13	addi	x28,x28,-20	 x28:0x80009ef8 x28=0x80009ee4
        7175000	       716	80002f6c	36c0be93	sltiu	x29,x1,876	  x1:0x800056a0 x29=0x00000000
        7185000	       717	80002f70	01a1c633	xor	x12,x3,x26	  x3:0x3600b000 x26:0x00000000 x12=0x3600b000
        7195000	       718	80002f74	405e5c13	srai	x24,x28,0x5	 x28:0x80009ee4 x24=0xfc0004f7
        7205000	       719	80002f78	412d53b3	sra	x7,x26,x18	 x26:0x00000000 x18:0xf00013df  x7=0x00000000
        7215000	       720	80002f7c	001e2223	sw	x1,4(x28)	 x28:0x80009ee4  x1:0x800056a0 PA:0x80009ee8
        7225000	       721	80002f80	40ecd2b3	sra	x5,x25,x14	 x25:0x00000000 x14:0x3f6c9000  x5=0x00000000
        7235000	       722	80002f84	9db86813	ori	x16,x16,-1573	 x16:0x00000001 x16=0xfffff9db
        7245000	       723	80002f88	00c87bb3	and	x23,x16,x12	 x16:0xfffff9db x12:0x3600b000 x23=0x3600b000
        7255000	       724	80002f8c	0195f233	and	x4,x11,x25	 x11:0xf0001380 x25:0x00000000  x4=0x00000000
        7265000	       725	80002f90	01b9b6b3	sltu	x13,x19,x27	 x19:0x00000000 x27:0xfffc0004 x13=0x00000001
        7275000	       726	80002f94	01436b33	or	x22,x6,x20	  x6:0x00000000 x20:0x00000000 x22=0x00000000
        7285000	       727	80002f98	01756fb3	or	x31,x10,x23	 x10:0x00000000 x23:0x3600b000 x31=0x3600b000
        7295000	       728	80002f9c	01b8ca63	blt	x17,x27,80002fb0	 x17:0x00000000 x27:0xfffc0004
        7305000	       729	80002fa0	3d894913	xori	x18,x18,984	 x18:0xf00013df x18=0xf0001007
        7315000	       730	80002fa4	0086e4b3	or	x9,x13,x8	 x13:0x00000001  x8:0x80009fc4  x9=0x80009fc5
        7325000	       731	80002fa8	01f9bb33	sltu	x22,x19,x31	 x19:0x00000000 x31:0x3600b000 x22=0x00000001
        7335000	       732	80002fac	00c25613	srli	x12,x4,0xc	  x4:0x00000000 x12=0x00000000
        7345000	       733	80002fb0	2d5030ef	jal	x1,80002fb0	  x1=0x80002fb0
        7355000	       734	00000000	00000013	addi	x0,x0,0	  x0:0x00000000
        7365000	       735	80006a80	00000013	addi	x0,x0,0	  x0:0x00000000
        7375000	       736	80006a84	000e0033	add	x0,x28,x0	 x28:0x80009ee4  x0:0x00000000
        7385000	       737	80006a88	00bc2533	slt	x10,x24,x11	 x24:0xfc0004f7 x11:0xf0001380 x10=0x00000000
        7395000	       738	80006a8c	f80d7813	andi	x16,x26,-128	 x26:0x00000000 x16=0x00000000
        7405000	       739	80006a90	00e51033	sll	x0,x10,x14	 x10:0x00000000 x14:0x3f6c9000
        7415000	       740	80006a94	fe4e0e13	addi	x28,x28,-28	 x28:0x80009ee4 x28=0x80009ec8
        7425000	       741	80006a98	001e2223	sw	x1,4(x28)	 x28:0x80009ec8  x1:0x80002fb0 PA:0x80009ecc
        7435000	       742	80006a9c	eeff2193	slti	x3,x30,-273	 x30:0xc9ff5000  x3=0x00000001
        7445000	       743	80006aa0	40e6ddb3	sra	x27,x13,x14	 x13:0x00000001 x14:0x3f6c9000 x27=0x00000001
        7455000	       744	80006aa4	f506cdb7	lui	x27,0xf506c	 x27=0xf506c000
        7465000	       745	80006aa8	29f5f093	andi	x1,x11,671	 x11:0xf0001380  x1=0x00000280
        7475000	       746	80006aac	69826813	ori	x16,x4,1688	  x4:0x00000000 x16=0x00000698
        7485000	       747	80006ab0	7c8eea13	ori	x20,x29,1992	 x29:0x00000000 x20=0x000007c8
        7495000	       748	80006ab4	010b9833	sll	x16,x23,x16	 x23:0x3600b000 x16:0x00000698 x16=0x00000000
        7505000	       749	80006ab8	007e94b3	sll	x9,x29,x7	 x29:0x00000000  x7:0x00000000  x9=0x00000000
        7515000	       750	80006abc	40415793	srai	x15,x2,0x4	  x2:0x00000000 x15=0x00000000
        7525000	       751	80006ac0	01bf5793	srli	x15,x30,0x1b	 x30:0xc9ff5000 x15=0x00000019
        7535000	       752	80006ac4	01650a63	beq	x10,x22,80006ad8	 x10:0x00000000 x22:0x00000001
        7545000	       753	80006ac8	c6d53c93	sltiu	x25,x10,-915	 x10:0x00000000 x25=0x00000001
        7555000	       754	80006acc	0063cc33	xor	x24,x7,x6	  x7:0x00000000  x6:0x00000000 x24=0x00000000
        7565000	       755	80006ad0	d1fe6cb7	lui	x25,0xd1fe6	 x25=0xd1fe6000
        7575000	       756	80006ad4	e60f9197	auipc	x3,0xe60f9	  x3=0x660ffad0
        7585000	       757	80006ad8	0048ac33	slt	x24,x17,x4	 x17:0x00000000  x4:0x00000000 x24=0x00000000
        7595000	       758	80006adc	00650cb3	add	x25,x10,x6	 x10:0x00000000  x6:0x00000000 x25=0x00000000
        7605000	       759	80006ae0	0139d793	srli	x15,x19,0x13	 x19:0x00000000 x15=0x00000000
        7615000	       760	80006ae4	004e2083	lw	x1,4(x28)	 x28:0x80009ec8  x1=0x80002fb0 PA:0x80009ecc
        7625000	       761	80006ae8	40f7dfb3	sra	x31,x15,x15	 x15:0x00000000 x15:0x00000000 x31=0x00000000
        7635000	       762	80006aec	40345613	srai	x12,x8,0x3	  x8:0x80009fc4 x12=0xf00013f8
        7645000	       763	80006af0	c1522f13	slti	x30,x4,-1003	  x4:0x00000000 x30=0x00000000
        7655000	       764	80006af4	00000013	addi	x0,x0,0	  x0:0x00000000
        7665000	       765	80006af8	01ce0e13	addi	x28,x28,28	 x28:0x80009ec8 x28=0x80009ee4
        7675000	       766	80006afc	019f3fb3	sltu	x31,x30,x25	 x30:0x00000000 x25:0x00000000 x31=0x00000000
        7685000	       767	80006b00	00008f93	addi	x31,x1,0	  x1:0x80002fb0 x31=0x80002fb0
        7695000	       768	80006b04	000f8fe7	jalr	x31,x31,0	 x31:0x80002fb0 x31=0x80006b04
        7705000	       769	00000000	00000013	addi	x0,x0,0	  x0:0x00000000
        7715000	       770	80002fb0	00000013	addi	x0,x0,0	  x0:0x00000000
        7725000	       771	80002fb4	00006617	auipc	x12,0x6	 x12=0x80008fb0
        7735000	       772	80002fb8	c3060613	addi	x12,x12,-976	 x12:0x80008fb0 x12=0x80008be0
        7745000	       773	80002fbc	00b64803	lbu	x16,11(x12)	 x12:0x80008be0 x16=0x00000000 PA:0x80008beb
        7755000	       774	80002fc0	00e61783	lh	x15,14(x12)	 x12:0x80008be0 x15=0x00000000 PA:0x80008bee
        7765000	       775	80002fc4	40260d33	sub	x26,x12,x2	 x12:0x80008be0  x2:0x00000000 x26=0x80008be0
        7775000	       776	80002fc8	41a20d33	sub	x26,x4,x26	  x4:0x00000000 x26:0x80008be0 x26=0x7fff7420
        7785000	       777	80002fcc	ffc62703	lw	x14,-4(x12)	 x12:0x80008be0 x14=0x00000000 PA:0x80008bdc
        7795000	       778	80002fd0	ff462203	lw	x4,-12(x12)	 x12:0x80008be0  x4=0x00000000 PA:0x80008bd4
        7805000	       779	80002fd4	0087dd33	srl	x26,x15,x8	 x15:0x00000000  x8:0x80009fc4 x26=0x00000000
        7815000	       780	80002fd8	017601a3	sb	x23,3(x12)	 x12:0x80008be0 x23:0x3600b000 PA:0x80008be3
        7825000	       781	80002fdc	01ce3733	sltu	x14,x28,x28	 x28:0x80009ee4 x28:0x80009ee4 x14=0x00000000
        7835000	       782	80002fe0	00c64283	lbu	x5,12(x12)	 x12:0x80008be0  x5=0x00000000 PA:0x80008bec
        7845000	       783	80002fe4	00364903	lbu	x18,3(x12)	 x12:0x80008be0 x18=0x00000000 PA:0x80008be3
        7855000	       784	80002fe8	ff360983	lb	x19,-13(x12)	 x12:0x80008be0 x19=0x00000000 PA:0x80008bd3
        7865000	       785	80002fec	00062803	lw	x16,0(x12)	 x12:0x80008be0 x16=0x00000000 PA:0x80008be0
        7875000	       786	80002ff0	00b60383	lb	x7,11(x12)	 x12:0x80008be0  x7=0x00000000 PA:0x80008beb
        7885000	       787	80002ff4	41105113	srai	x2,x0,0x11	  x0:0x00000000  x2=0x00000000
        7895000	       788	80002ff8	013e0d33	add	x26,x28,x19	 x28:0x80009ee4 x19:0x00000000 x26=0x80009ee4
        7905000	       789	80002ffc	ff160d03	lb	x26,-15(x12)	 x12:0x80008be0 x26=0x00000000 PA:0x80008bd1
        7915000	       790	80003000	ff760483	lb	x9,-9(x12)	 x12:0x80008be0  x9=0x00000000 PA:0x80008bd7
        7925000	       791	80003004	05115517	auipc	x10,0x5115	 x10=0x85118000
        7935000	       792	80003008	85e57993	andi	x19,x10,-1954	 x10:0x85118000 x19=0x85118000
        7945000	       793	8000300c	40b5df33	sra	x30,x11,x11	 x11:0xf0001380 x11:0xf0001380 x30=0xf0001380
        7955000	       794	80003010	01362423	sw	x19,8(x12)	 x12:0x80008be0 x19:0x85118000 PA:0x80008be8
        7965000	       795	80003014	ff960f03	lb	x30,-7(x12)	 x12:0x80008be0 x30=0x00000000 PA:0x80008bd9
        7975000	       796	80003018	00e61803	lh	x16,14(x12)	 x12:0x80008be0 x16=0x00000000 PA:0x80008bee
        7985000	       797	8000301c	007605a3	sb	x7,11(x12)	 x12:0x80008be0  x7:0x00000000 PA:0x80008beb
        7995000	       798	80003020	ffd64b03	lbu	x22,-3(x12)	 x12:0x80008be0 x22=0x00000000 PA:0x80008bdd
        8005000	       799	80003024	00560503	lb	x10,5(x12)	 x12:0x80008be0 x10=0x00000000 PA:0x80008be5
        8015000	       800	80003028	fe460ea3	sb	x4,-3(x12)	 x12:0x80008be0  x4:0x00000000 PA:0x80008bdd
        8025000	       801	8000302c	ff461883	lh	x17,-12(x12)	 x12:0x80008be0 x17=0x00000000 PA:0x80008bd4
        8035000	       802	80003030	0095e133	or	x2,x11,x9	 x11:0xf0001380  x9:0x00000000  x2=0xf0001380
        8045000	       803	80003034	007ac5b3	xor	x11,x21,x7	 x21:0x00000000  x7:0x00000000 x11=0x00000000
        8055000	       804	80003038	00c65483	lhu	x9,12(x12)	 x12:0x80008be0  x9=0x00000000 PA:0x80008bec
        8065000	       805	8000303c	00006b17	auipc	x22,0x6	 x22=0x80009038
        8075000	       806	80003040	885b0b13	addi	x22,x22,-1915	 x22:0x80009038 x22=0x800088bd
        8085000	       807	80003044	003b2003	lw	x0,3(x22)	 x22:0x800088bd PA:0x800088c0
        8095000	       808	80003048	ffab0603	lb	x12,-6(x22)	 x22:0x800088bd x12=0x00000000 PA:0x800088b7
        8105000	       809	8000304c	0186c533	xor	x10,x13,x24	 x13:0x00000001 x24:0x00000000 x10=0x00000001
        8115000	       810	80003050	88386d93	ori	x27,x16,-1917	 x16:0x00000000 x27=0xfffff883
        8125000	       811	80003054	cb6711b7	lui	x3,0xcb671	  x3=0xcb671000
        8135000	       812	80003058	4c64f513	andi	x10,x9,1222	  x9:0x00000000 x10=0x00000000
        8145000	       813	8000305c	009b0203	lb	x4,9(x22)	 x22:0x800088bd  x4=0x00000000 PA:0x800088c6
        8155000	       814	80003060	00f8b9b3	sltu	x19,x17,x15	 x17:0x00000000 x15:0x00000000 x19=0x00000000
        8165000	       815	80003064	011b16a3	sh	x17,13(x22)	 x22:0x800088bd x17:0x00000000 PA:0x800088ca
        8175000	       816	80003068	51232637	lui	x12,0x51232	 x12=0x51232000
        8185000	       817	8000306c	007092b3	sll	x5,x1,x7	  x1:0x80002fb0  x7:0x00000000  x5=0x80002fb0
        8195000	       818	80003070	012a5033	srl	x0,x20,x18	 x20:0x000007c8 x18:0x00000000
        8205000	       819	80003074	ffbb5683	lhu	x13,-5(x22)	 x22:0x800088bd x13=0x00000000 PA:0x800088b8
        8215000	       820	80003078	017732b3	sltu	x5,x14,x23	 x14:0x00000000 x23:0x3600b000  x5=0x00000001
        8225000	       821	8000307c	ff6b0183	lb	x3,-10(x22)	 x22:0x800088bd  x3=0x00000000 PA:0x800088b3
        8235000	       822	80003080	006fffb3	and	x31,x31,x6	 x31:0x80006b04  x6:0x00000000 x31=0x00000000
        8245000	       823	80003084	001b1883	lh	x17,1(x22)	 x22:0x800088bd x17=0x00000000 PA:0x800088be
        8255000	       824	00000000	00000013	addi	x0,x0,0	  x0:0x00000000
        8265000	       825	80003088	41105113	srai	x2,x0,0x11	  x0:0x00000000  x2=0x00000000
        8275000	       826	8000308c	00cb4883	lbu	x17,12(x22)	 x22:0x800088bd x17=0x00000000 PA:0x800088c9
        8285000	       827	00000000	00000013	addi	x0,x0,0	  x0:0x00000000
        8295000	       828	80003090	41180bb3	sub	x23,x16,x17	 x16:0x00000000 x17:0x00000000 x23=0x00000000
        8305000	       829	80003094	ffab0583	lb	x11,-6(x22)	 x22:0x800088bd x11=0x00000000 PA:0x800088b7
        8315000	       830	80003098	005b1903	lh	x18,5(x22)	 x22:0x800088bd x18=0x00000000 PA:0x800088c2
        8325000	       831	8000309c	010b12a3	sh	x16,5(x22)	 x22:0x800088bd x16:0x00000000 PA:0x800088c2
        8335000	       832	800030a0	fffb2683	lw	x13,-1(x22)	 x22:0x800088bd x13=0x00000000 PA:0x800088bc
        8345000	       833	800030a4	00000013	addi	x0,x0,0	  x0:0x00000000
        8355000	       834	800030a8	0368e713	ori	x14,x17,54	 x17:0x00000000 x14=0x00000036
        8365000	       835	800030ac	00eb4083	lbu	x1,14(x22)	 x22:0x800088bd  x1=0x00000000 PA:0x800088cb
        8375000	       836	800030b0	0d174837	lui	x16,0xd174	 x16=0x0d174000
        8385000	       837	800030b4	010b4483	lbu	x9,16(x22)	 x22:0x800088bd  x9=0x00000000 PA:0x800088cd
        8395000	       838	800030b8	002b00a3	sb	x2,1(x22)	 x22:0x800088bd  x2:0x00000000 PA:0x800088be
        8405000	       839	800030bc	ff9b5183	lhu	x3,-7(x22)	 x22:0x800088bd  x3=0x00000000 PA:0x800088b6
        8415000	       840	800030c0	00000013	addi	x0,x0,0	  x0:0x00000000
        8425000	       841	800030c4	006b4d03	lbu	x26,6(x22)	 x22:0x800088bd x26=0x00000000 PA:0x800088c3
        8435000	       842	800030c8	fe9b0e23	sb	x9,-4(x22)	 x22:0x800088bd  x9:0x00000000 PA:0x800088b9
        8445000	       843	800030cc	ff6b08a3	sb	x22,-15(x22)	 x22:0x800088bd x22:0x800088bd PA:0x800088ae
        8455000	       844	800030d0	00f13d33	sltu	x26,x2,x15	  x2:0x00000000 x15:0x00000000 x26=0x00000000
        8465000	       845	800030d4	006b02a3	sb	x6,5(x22)	 x22:0x800088bd  x6:0x00000000 PA:0x800088c2
        8475000	       846	800030d8	001edc93	srli	x25,x29,0x1	 x29:0x00000000 x25=0x00000000
        8485000	       847	800030dc	01c59813	slli	x16,x11,0x1c	 x11:0x00000000 x16=0x00000000
        8495000	       848	800030e0	006b4783	lbu	x15,6(x22)	 x22:0x800088bd x15=0x00000000 PA:0x800088c3
        8505000	       849	800030e4	a1a97e93	andi	x29,x18,-1510	 x18:0x00000000 x29=0x00000000
        8515000	       850	800030e8	00cb15a3	sh	x12,11(x22)	 x22:0x800088bd x12:0x51232000 PA:0x800088c8
        8525000	       851	800030ec	002b0d03	lb	x26,2(x22)	 x22:0x800088bd x26=0x00000000 PA:0x800088bf
        8535000	       852	800030f0	015b25a3	sw	x21,11(x22)	 x22:0x800088bd x21:0x00000000 PA:0x800088c8
        8545000	       853	800030f4	80b7ee93	ori	x29,x15,-2037	 x15:0x00000000 x29=0xfffff80b
        8555000	       854	800030f8	014a4033	xor	x0,x20,x20	 x20:0x000007c8 x20:0x000007c8
        8565000	       855	800030fc	00cb06a3	sb	x12,13(x22)	 x22:0x800088bd x12:0x51232000 PA:0x800088ca
        8575000	       856	80003100	0140ea33	or	x20,x1,x20	  x1:0x00000000 x20:0x000007c8 x20=0x000007c8
        8585000	       857	80003104	ffbb0383	lb	x7,-5(x22)	 x22:0x800088bd  x7=0x00000000 PA:0x800088b8
        8595000	       858	80003108	00005797	auipc	x15,0x5	 x15=0x80008104
        8605000	       859	8000310c	77b78793	addi	x15,x15,1915	 x15:0x80008104 x15=0x8000887f
        8615000	       860	80003110	01542d33	slt	x26,x8,x21	  x8:0x80009fc4 x21:0x00000000 x26=0x00000001
        8625000	       861	80003114	0227a4a3	sw	x2,41(x15)	 x15:0x8000887f  x2:0x00000000 PA:0x800088a8
        8635000	       862	80003118	fec78803	lb	x16,-20(x15)	 x15:0x8000887f x16=0x00000000 PA:0x8000886b
        8645000	       863	8000311c	fe071b97	auipc	x23,0xfe071	 x23=0x7e074118
        8655000	       864	80003120	f4fbac13	slti	x24,x23,-177	 x23:0x7e074118 x24=0x00000000
        8665000	       865	80003124	00702b33	slt	x22,x0,x7	  x0:0x00000000  x7:0x00000000 x22=0x00000000
        8675000	       866	80003128	88550293	addi	x5,x10,-1915	 x10:0x00000000  x5=0xfffff885
        8685000	       867	8000312c	40a95c93	srai	x25,x18,0xa	 x18:0x00000000 x25=0x00000000
        8695000	       868	80003130	01878703	lb	x14,24(x15)	 x15:0x8000887f x14=0x00000000 PA:0x80008897
        8705000	       869	80003134	a8838a93	addi	x21,x7,-1400	  x7:0x00000000 x21=0xfffffa88
        8715000	       870	80003138	7398aa13	slti	x20,x17,1849	 x17:0x00000000 x20=0x00000001
        8725000	       871	8000313c	01239e93	slli	x29,x7,0x12	  x7:0x00000000 x29=0x00000000
        8735000	       872	80003140	00d07b33	and	x22,x0,x13	  x0:0x00000000 x13:0x00000000 x22=0x00000000
        8745000	       873	80003144	01a7c483	lbu	x9,26(x15)	 x15:0x8000887f  x9=0x00000000 PA:0x80008899
        8755000	       874	80003148	fd67c703	lbu	x14,-42(x15)	 x15:0x8000887f x14=0x00000000 PA:0x80008855
        8765000	       875	8000314c	00b79803	lh	x16,11(x15)	 x15:0x8000887f x16=0x00000000 PA:0x8000888a
        8775000	       876	80003150	009166b3	or	x13,x2,x9	  x2:0x00000000  x9:0x00000000 x13=0x00000000
        8785000	       877	80003154	00efeab3	or	x21,x31,x14	 x31:0x00000000 x14:0x00000000 x21=0x00000000
        8795000	       878	80003158	fdc78903	lb	x18,-36(x15)	 x15:0x8000887f x18=0x00000000 PA:0x8000885b
        8805000	       879	8000315c	ab7a2f37	lui	x30,0xab7a2	 x30=0xab7a2000
        8815000	       880	80003160	40d9df13	srai	x30,x19,0xd	 x19:0x00000000 x30=0x00000000
        8825000	       881	80003164	017b1913	slli	x18,x22,0x17	 x22:0x00000000 x18=0x00000000
        8835000	       882	80003168	00478a83	lb	x21,4(x15)	 x15:0x8000887f x21=0x00000000 PA:0x80008883
        8845000	       883	8000316c	91702a93	slti	x21,x0,-1769	  x0:0x00000000 x21=0x00000000
        8855000	       884	80003170	0177d503	lhu	x10,23(x15)	 x15:0x8000887f x10=0x00000000 PA:0x80008896
        8865000	       885	80003174	412f5eb3	sra	x29,x30,x18	 x30:0x00000000 x18:0x00000000 x29=0x00000000
        8875000	       886	80003178	f51fd6b7	lui	x13,0xf51fd	 x13=0xf51fd000
        8885000	       887	8000317c	01dcc2b3	xor	x5,x25,x29	 x25:0x00000000 x29:0x00000000  x5=0x00000000
        8895000	       888	80003180	b79e3017	auipc	x0,0xb79e3	
        8905000	       889	80003184	86107097	auipc	x1,0x86107	  x1=0x0610a180
        8915000	       890	80003188	bc63fb93	andi	x23,x7,-1082	  x7:0x00000000 x23=0x00000000
        8925000	       891	8000318c	db0b4593	xori	x11,x22,-592	 x22:0x00000000 x11=0xfffffdb0
        8935000	       892	80003190	00c78c03	lb	x24,12(x15)	 x15:0x8000887f x24=0x00000000 PA:0x8000888b
        8945000	       893	80003194	fc278283	lb	x5,-62(x15)	 x15:0x8000887f  x5=0x00000000 PA:0x80008841
        8955000	       894	80003198	fed79203	lh	x4,-19(x15)	 x15:0x8000887f  x4=0x00000000 PA:0x8000886c
        8965000	       895	8000319c	0037adb3	slt	x27,x15,x3	 x15:0x8000887f  x3:0x00000000 x27=0x00000001
        8975000	       896	800031a0	ffe78523	sb	x30,-22(x15)	 x15:0x8000887f x30:0x00000000 PA:0x80008869
        8985000	       897	800031a4	18d5f193	andi	x3,x11,397	 x11:0xfffffdb0  x3=0x00000180
        8995000	       898	800031a8	ffc7c383	lbu	x7,-4(x15)	 x15:0x8000887f  x7=0x00000000 PA:0x8000887b
        9005000	       899	800031ac	00a78103	lb	x2,10(x15)	 x15:0x8000887f  x2=0x00000000 PA:0x80008889
        9015000	       900	800031b0	00006517	auipc	x10,0x6	 x10=0x800091ac
        9025000	       901	800031b4	a0b50513	addi	x10,x10,-1525	 x10:0x800091ac x10=0x80008bb7
        9035000	       902	800031b8	8299a493	slti	x9,x19,-2007	 x19:0x00000000  x9=0x00000000
        9045000	       903	800031bc	1d3a6b17	auipc	x22,0x1d3a6	 x22=0x9d3a91b8
        9055000	       904	800031c0	dad51103	lh	x2,-595(x10)	 x10:0x80008bb7  x2=0x00000000 PA:0x80008964
        9065000	       905	800031c4	4073d4b3	sra	x9,x7,x7	  x7:0x00000000  x7:0x00000000  x9=0x00000000
        9075000	       906	800031c8	eed52f03	lw	x30,-275(x10)	 x10:0x80008bb7 x30=0x00000000 PA:0x80008aa4
        9085000	       907	800031cc	116a2d93	slti	x27,x20,278	 x20:0x00000001 x27=0x00000001
        9095000	       908	800031d0	f7650183	lb	x3,-138(x10)	 x10:0x80008bb7  x3=0x00000000 PA:0x80008b2d
        9105000	       909	800031d4	00e24f33	xor	x30,x4,x14	  x4:0x00000000 x14:0x00000000 x30=0x00000000
        9115000	       910	800031d8	38650803	lb	x16,902(x10)	 x10:0x80008bb7 x16=0x00000000 PA:0x80008f3d
        9125000	       911	800031dc	fe951683	lh	x13,-23(x10)	 x10:0x80008bb7 x13=0x00000000 PA:0x80008ba0
        9135000	       912	800031e0	08b0cc93	xori	x25,x1,139	  x1:0x0610a180 x25=0x0610a10b
        9145000	       913	800031e4	43d520a3	sw	x29,1057(x10)	 x10:0x80008bb7 x29:0x00000000 PA:0x80008fd8
        9155000	       914	800031e8	e6fafe93	andi	x29,x21,-401	 x21:0x00000000 x29=0x00000000
        9165000	       915	800031ec	e3551903	lh	x18,-459(x10)	 x10:0x80008bb7 x18=0x00000000 PA:0x800089ec
        9175000	       916	800031f0	f9f54703	lbu	x14,-97(x10)	 x10:0x80008bb7 x14=0x00000000 PA:0x80008b56
        9185000	       917	800031f4	40705f13	srai	x30,x0,0x7	  x0:0x00000000 x30=0x00000000
        9195000	       918	800031f8	05c52aa3	sw	x28,85(x10)	 x10:0x80008bb7 x28:0x80009ee4 PA:0x80008c0c
        9205000	       919	800031fc	2b050a83	lb	x21,688(x10)	 x10:0x80008bb7 x21=0x00000000 PA:0x80008e67
        9215000	       920	80003200	19c54803	lbu	x16,412(x10)	 x10:0x80008bb7 x16=0x00000000 PA:0x80008d53
        9225000	       921	80003204	d1454203	lbu	x4,-748(x10)	 x10:0x80008bb7  x4=0x00000000 PA:0x800088cb
        9235000	       922	80003208	9cec3f13	sltiu	x30,x24,-1586	 x24:0x00000000 x30=0x00000001
        9245000	       923	8000320c	15254603	lbu	x12,338(x10)	 x10:0x80008bb7 x12=0x00000000 PA:0x80008d09
        9255000	       924	80003210	e7f55883	lhu	x17,-385(x10)	 x10:0x80008bb7 x17=0x00000000 PA:0x80008a36
        9265000	       925	80003214	63223c93	sltiu	x25,x4,1586	  x4:0x00000000 x25=0x00000001
        9275000	       926	80003218	04150823	sb	x1,80(x10)	 x10:0x80008bb7  x1:0x0610a180 PA:0x80008c07
        9285000	       927	8000321c	01850c83	lb	x25,24(x10)	 x10:0x80008bb7 x25=0x00000000 PA:0x80008bcf
        9295000	       928	80003220	3ea50783	lb	x15,1002(x10)	 x10:0x80008bb7 x15=0x00000000 PA:0x80008fa1
        9305000	       929	80003224	00000013	addi	x0,x0,0	  x0:0x00000000
        9315000	       930	80003228	ec454783	lbu	x15,-316(x10)	 x10:0x80008bb7 x15=0x00000000 PA:0x80008a7b
        9325000	       931	8000322c	40c75f33	sra	x30,x14,x12	 x14:0x00000000 x12:0x00000000 x30=0x00000000
        9335000	       932	80003230	0e552783	lw	x15,229(x10)	 x10:0x80008bb7 x15=0x00000000 PA:0x80008c9c
        9345000	       933	80003234	00e522a3	sw	x14,5(x10)	 x10:0x80008bb7 x14:0x00000000 PA:0x80008bbc
        9355000	       934	80003238	b840e093	ori	x1,x1,-1148	  x1:0x0610a180  x1=0xfffffb84
        9365000	       935	8000323c	0a454083	lbu	x1,164(x10)	 x10:0x80008bb7  x1=0x00000000 PA:0x80008c5b
        9375000	       936	80003240	00005117	auipc	x2,0x5	  x2=0x8000823c
        9385000	       937	80003244	11e10113	addi	x2,x2,286	  x2:0x8000823c  x2=0x8000835a
        9395000	       938	80003248	f9a14483	lbu	x9,-102(x2)	  x2:0x8000835a  x9=0x00000000 PA:0x800082f4
        9405000	       939	8000324c	07f10903	lb	x18,127(x2)	  x2:0x8000835a x18=0x00000000 PA:0x800083d9
        9415000	       940	80003250	18d7b613	sltiu	x12,x15,397	 x15:0x00000000 x12=0x00000001
        9425000	       941	80003254	01f212b3	sll	x5,x4,x31	  x4:0x00000000 x31:0x00000000  x5=0x00000000
        9435000	       942	80003258	08810aa3	sb	x8,149(x2)	  x2:0x8000835a  x8:0x80009fc4 PA:0x800083ef
        9445000	       943	8000325c	cd3ef593	andi	x11,x29,-813	 x29:0x00000000 x11=0x00000000
        9455000	       944	80003260	4093d613	srai	x12,x7,0x9	  x7:0x00000000 x12=0x00000000
        9465000	       945	80003264	008d1593	slli	x11,x26,0x8	 x26:0x00000001 x11=0x00000100
        9475000	       946	80003268	02211583	lh	x11,34(x2)	  x2:0x8000835a x11=0x00000000 PA:0x8000837c
        9485000	       947	8000326c	0ae11703	lh	x14,174(x2)	  x2:0x8000835a x14=0x00000000 PA:0x80008408
        9495000	       948	80003270	0a910383	lb	x7,169(x2)	  x2:0x8000835a  x7=0x00000000 PA:0x80008403
        9505000	       949	80003274	00000013	addi	x0,x0,0	  x0:0x00000000
        9515000	       950	80003278	00000013	addi	x0,x0,0	  x0:0x00000000
        9525000	       951	8000327c	00000013	addi	x0,x0,0	  x0:0x00000000
        9535000	       952	80003280	5b43d1b7	lui	x3,0x5b43d	  x3=0x5b43d000
        9545000	       953	80003284	f6c11183	lh	x3,-148(x2)	  x2:0x8000835a  x3=0x00000000 PA:0x800082c6
        9555000	       954	80003288	05e12883	lw	x17,94(x2)	  x2:0x8000835a x17=0x00000000 PA:0x800083b8
        9565000	       955	8000328c	007d5eb3	srl	x29,x26,x7	 x26:0x00000001  x7:0x00000000 x29=0x00000001
        9575000	       956	80003290	00000013	addi	x0,x0,0	  x0:0x00000000
        9585000	       957	80003294	41cf0a33	sub	x20,x30,x28	 x30:0x00000000 x28:0x80009ee4 x20=0x7fff611c
        9595000	       958	80003298	009a6633	or	x12,x20,x9	 x20:0x7fff611c  x9:0x00000000 x12=0x7fff611c
        9605000	       959	8000329c	fc615203	lhu	x4,-58(x2)	  x2:0x8000835a  x4=0x00000000 PA:0x80008320
        9615000	       960	800032a0	003e9d13	slli	x26,x29,0x3	 x29:0x00000001 x26=0x00000008
        9625000	       961	800032a4	f443b893	sltiu	x17,x7,-188	  x7:0x00000000 x17=0x00000001
        9635000	       962	800032a8	cbf0c713	xori	x14,x1,-833	  x1:0x00000000 x14=0xfffffcbf
        9645000	       963	800032ac	016b29b3	slt	x19,x22,x22	 x22:0x9d3a91b8 x22:0x9d3a91b8 x19=0x00000000
        9655000	       964	800032b0	0e2cfb13	andi	x22,x25,226	 x25:0x00000000 x22=0x00000000
        9665000	       965	800032b4	03611783	lh	x15,54(x2)	  x2:0x8000835a x15=0x00000000 PA:0x80008390
        9675000	       966	800032b8	f3514603	lbu	x12,-203(x2)	  x2:0x8000835a x12=0x00000000 PA:0x8000828f
        9685000	       967	800032bc	008110b3	sll	x1,x2,x8	  x2:0x8000835a  x8:0x80009fc4  x1=0x000835a0
        9695000	       968	800032c0	254a3293	sltiu	x5,x20,596	 x20:0x7fff611c  x5=0x00000000
        9705000	       969	800032c4	00000013	addi	x0,x0,0	  x0:0x00000000
        9715000	       970	800032c8	0fa14883	lbu	x17,250(x2)	  x2:0x8000835a x17=0x00000000 PA:0x80008454
        9725000	       971	800032cc	4100d7b3	sra	x15,x1,x16	  x1:0x000835a0 x16:0x00000000 x15=0x000835a0
        9735000	       972	800032d0	1e12f193	andi	x3,x5,481	  x5:0x00000000  x3=0x00000000
        9745000	       973	800032d4	0117a633	slt	x12,x15,x17	 x15:0x000835a0 x17:0x00000000 x12=0x00000000
        9755000	       974	800032d8	01fbfdb3	and	x27,x23,x31	 x23:0x00000000 x31:0x00000000 x27=0x00000000
        9765000	       975	800032dc	01003d33	sltu	x26,x0,x16	  x0:0x00000000 x16:0x00000000 x26=0x00000000
        9775000	       976	800032e0	6173bf13	sltiu	x30,x7,1559	  x7:0x00000000 x30=0x00000001
        9785000	       977	800032e4	03f05a63	bge	x0,x31,80003318	  x0:0x00000000 x31:0x00000000
        9795000	       978	00000000	00000013	addi	x0,x0,0	  x0:0x00000000
        9805000	       979	80003314	00000013	addi	x0,x0,0	  x0:0x00000000
        9815000	       980	80003318	90430393	addi	x7,x6,-1788	  x6:0x00000000  x7=0xfffff904
        9825000	       981	8000331c	0053e0b3	or	x1,x7,x5	  x7:0xfffff904  x5:0x00000000  x1=0xfffff904
        9835000	       982	80003320	01055fb3	srl	x31,x10,x16	 x10:0x80008bb7 x16:0x00000000 x31=0x80008bb7
        9845000	       983	80003324	00000013	addi	x0,x0,0	  x0:0x00000000
        9855000	       984	80003328	01075fb3	srl	x31,x14,x16	 x14:0xfffffcbf x16:0x00000000 x31=0xfffffcbf
        9865000	       985	8000332c	008f6a63	bltu	x30,x8,80003340	 x30:0x00000001  x8:0x80009fc4
        9875000	       986	00000000	00000013	addi	x0,x0,0	  x0:0x00000000
        9885000	       987	8000333c	00000013	addi	x0,x0,0	  x0:0x00000000
        9895000	       988	80003340	00a682b3	add	x5,x13,x10	 x13:0x00000000 x10:0x80008bb7  x5=0x80008bb7
        9905000	       989	80003344	057fe863	bltu	x31,x23,80003394	 x31:0xfffffcbf x23:0x00000000
        9915000	       990	80003348	00e3fd33	and	x26,x7,x14	  x7:0xfffff904 x14:0xfffffcbf x26=0xfffff804
        9925000	       991	8000334c	00bd0733	add	x14,x26,x11	 x26:0xfffff804 x11:0x00000000 x14=0xfffff804
        9935000	       992	80003350	05536863	bltu	x6,x21,800033a0	  x6:0x00000000 x21:0x00000000
        9945000	       993	80003354	01f29f93	slli	x31,x5,0x1f	  x5:0x80008bb7 x31=0x80000000
        9955000	       994	80003358	6e646a93	ori	x21,x8,1766	  x8:0x80009fc4 x21=0x80009fe6
        9965000	       995	8000335c	a85a2913	slti	x18,x20,-1403	 x20:0x7fff611c x18=0x00000000
        9975000	       996	80003360	607aba13	sltiu	x20,x21,1543	 x21:0x80009fe6 x20=0x00000000
        9985000	       997	80003364	01d9ba33	sltu	x20,x19,x29	 x19:0x00000000 x29:0x00000001 x20=0x00000001
        9995000	       998	80003368	01769033	sll	x0,x13,x23	 x13:0x00000000 x23:0x00000000
       10005000	       999	8000336c	ed507f17	auipc	x30,0xed507	 x30=0x6d50a368
       10015000	      1000	80003370	6a8dd097	auipc	x1,0x6a8dd	  x1=0xea8e036c
       10025000	      1001	80003374	00000013	addi	x0,x0,0	  x0:0x00000000
       10035000	      1002	80003378	01b84033	xor	x0,x16,x27	 x16:0x00000000 x27:0x00000000
       10045000	      1003	8000337c	e77e2b17	auipc	x22,0xe77e2	 x22=0x677e5378
       10055000	      1004	80003380	00674663	blt	x14,x6,8000338c	 x14:0xfffff804  x6:0x00000000
       10065000	      1005	00000000	00000013	addi	x0,x0,0	  x0:0x00000000
       10075000	      1006	80003388	00000013	addi	x0,x0,0	  x0:0x00000000
       10085000	      1007	8000338c	7c214013	xori	x0,x2,1986	  x2:0x8000835a
       10095000	      1008	80003390	1f7378b7	lui	x17,0x1f737	 x17=0x1f737000
       10105000	      1009	80003394	004b2ab3	slt	x21,x22,x4	 x22:0x677e5378  x4:0x00000000 x21=0x00000000
       10115000	      1010	80003398	01dbc4b3	xor	x9,x23,x29	 x23:0x00000000 x29:0x00000001  x9=0x00000001
       10125000	      1011	8000339c	0089a633	slt	x12,x19,x8	 x19:0x00000000  x8:0x80009fc4 x12=0x00000000
       10135000	      1012	800033a0	41afd8b3	sra	x17,x31,x26	 x31:0x80000000 x26:0xfffff804 x17=0xf8000000
       10145000	      1013	800033a4	00005117	auipc	x2,0x5	  x2=0x800083a0
       10155000	      1014	800033a8	e8810113	addi	x2,x2,-376	  x2:0x800083a0  x2=0x80008228
       10165000	      1015	800033ac	005a1fb3	sll	x31,x20,x5	 x20:0x00000001  x5:0x80008bb7 x31=0x00800000
       10175000	      1016	800033b0	e678c197	auipc	x3,0xe678c	  x3=0x6678f3ac
       10185000	      1017	800033b4	fd314383	lbu	x7,-45(x2)	  x2:0x80008228  x7=0x00000000 PA:0x800081fb
       10195000	      1018	800033b8	018e74b3	and	x9,x28,x24	 x28:0x80009ee4 x24:0x00000000  x9=0x00000000
       10205000	      1019	800033bc	f4614e83	lbu	x29,-186(x2)	  x2:0x80008228 x29=0x00000000 PA:0x8000816e
       10215000	      1020	00000000	00000013	addi	x0,x0,0	  x0:0x00000000
       10225000	      1021	800033c0	002ecfb3	xor	x31,x29,x2	 x29:0x00000000  x2:0x80008228 x31=0x80008228
       10235000	      1022	800033c4	0e811123	sh	x8,226(x2)	  x2:0x80008228  x8:0x80009fc4 PA:0x8000830a
       10245000	      1023	800033c8	0c810c23	sb	x8,216(x2)	  x2:0x80008228  x8:0x80009fc4 PA:0x80008300
       10255000	      1024	800033cc	00114003	lbu	x0,1(x2)	  x2:0x80008228 PA:0x80008229
       10265000	      1025	800033d0	41ffd493	srai	x9,x31,0x1f	 x31:0x80008228  x9=0xffffffff
       10275000	      1026	800033d4	fe211623	sh	x2,-20(x2)	  x2:0x80008228  x2:0x80008228 PA:0x80008214
       10285000	      1027	800033d8	0dd12023	sw	x29,192(x2)	  x2:0x80008228 x29:0x00000000 PA:0x800082e8
       10295000	      1028	800033dc	01520eb3	add	x29,x4,x21	  x4:0x00000000 x21:0x00000000 x29=0x00000000
       10305000	      1029	800033e0	634563b7	lui	x7,0x63456	  x7=0x63456000
       10315000	      1030	800033e4	0095e6b3	or	x13,x11,x9	 x11:0x00000000  x9:0xffffffff x13=0xffffffff
       10325000	      1031	800033e8	53daf293	andi	x5,x21,1341	 x21:0x00000000  x5=0x00000000
       10335000	      1032	800033ec	f1b14a83	lbu	x21,-229(x2)	  x2:0x80008228 x21=0x00000000 PA:0x80008143
       10345000	      1033	800033f0	03a100a3	sb	x26,33(x2)	  x2:0x80008228 x26:0xfffff804 PA:0x80008249
       10355000	      1034	800033f4	03811623	sh	x24,44(x2)	  x2:0x80008228 x24:0x00000000 PA:0x80008254
       10365000	      1035	800033f8	03710783	lb	x15,55(x2)	  x2:0x80008228 x15=0x00000000 PA:0x8000825f
       10375000	      1036	800033fc	41d9d213	srai	x4,x19,0x1d	 x19:0x00000000  x4=0x00000000
       10385000	      1037	80003400	588b6397	auipc	x7,0x588b6	  x7=0xd88b93fc
       10395000	      1038	80003404	b17caa93	slti	x21,x25,-1257	 x25:0x00000000 x21=0x00000000
       10405000	      1039	80003408	fa110003	lb	x0,-95(x2)	  x2:0x80008228 PA:0x800081c9
       10415000	      1040	8000340c	09110483	lb	x9,145(x2)	  x2:0x80008228  x9=0x00000000 PA:0x800082b9
       10425000	      1041	80003410	08d10e23	sb	x13,156(x2)	  x2:0x80008228 x13:0xffffffff PA:0x800082c4
       10435000	      1042	80003414	f8e10f83	lb	x31,-114(x2)	  x2:0x80008228 x31=0x00000000 PA:0x800081b6
       10445000	      1043	00000000	00000013	addi	x0,x0,0	  x0:0x00000000
       10455000	      1044	80003418	03fe9e63	bne	x29,x31,80003454	 x29:0x00000000 x31:0x00000000
       10465000	      1045	8000341c	009ee263	bltu	x29,x9,80003420	 x29:0x00000000  x9:0x00000000
       10475000	      1046	80003420	409a0c33	sub	x24,x20,x9	 x20:0x00000001  x9:0x00000000 x24=0x00000001
       10485000	      1047	80003424	6d0c2f93	slti	x31,x24,1744	 x24:0x00000001 x31=0x00000001
       10495000	      1048	80003428	4046e793	ori	x15,x13,1028	 x13:0xffffffff x15=0xffffffff
       10505000	      1049	8000342c	0d4f4d13	xori	x26,x30,212	 x30:0x6d50a368 x26=0x6d50a3bc
       10515000	      1050	80003430	00dfd2b3	srl	x5,x31,x13	 x31:0x00000001 x13:0xffffffff  x5=0x00000000
       10525000	      1051	80003434	415c5593	srai	x11,x24,0x15	 x24:0x00000001 x11=0x00000000
       10535000	      1052	80003438	02830263	beq	x6,x8,8000345c	  x6:0x00000000  x8:0x80009fc4
       10545000	      1053	8000343c	018bc233	xor	x4,x23,x24	 x23:0x00000000 x24:0x00000001  x4=0x00000001
       10555000	      1054	80003440	03c51663	bne	x10,x28,8000346c	 x10:0x80008bb7 x28:0x80009ee4
       10565000	      1055	00000000	00000013	addi	x0,x0,0	  x0:0x00000000
       10575000	      1056	80003468	00000013	addi	x0,x0,0	  x0:0x00000000
       10585000	      1057	8000346c	b25a0893	addi	x17,x20,-1243	 x20:0x00000001 x17=0xfffffb26
       10595000	      1058	80003470	018a13b3	sll	x7,x20,x24	 x20:0x00000001 x24:0x00000001  x7=0x00000002
       10605000	      1059	80003474	b8477c97	auipc	x25,0xb8477	 x25=0x3847a470
       10615000	      1060	80003478	c93d0893	addi	x17,x26,-877	 x26:0x6d50a3bc x17=0x6d50a04f
       10625000	      1061	8000347c	000e17b3	sll	x15,x28,x0	 x28:0x80009ee4  x0:0x00000000 x15=0x80009ee4
       10635000	      1062	80003480	006cc493	xori	x9,x25,6	 x25:0x3847a470  x9=0x3847a476
       10645000	      1063	80003484	00c19713	slli	x14,x3,0xc	  x3:0x6678f3ac x14=0x8f3ac000
       10655000	      1064	80003488	40688c33	sub	x24,x17,x6	 x17:0x6d50a04f  x6:0x00000000 x24=0x6d50a04f
       10665000	      1065	8000348c	dde0f593	andi	x11,x1,-546	  x1:0xea8e036c x11=0xea8e014c
       10675000	      1066	80003490	9ba84237	lui	x4,0x9ba84	  x4=0x9ba84000
       10685000	      1067	80003494	010cdcb3	srl	x25,x25,x16	 x25:0x3847a470 x16:0x00000000 x25=0x3847a470
       10695000	      1068	80003498	00288463	beq	x17,x2,800034a0	 x17:0x6d50a04f  x2:0x80008228
       10705000	      1069	8000349c	f1543593	sltiu	x11,x8,-235	  x8:0x80009fc4 x11=0x00000001
       10715000	      1070	800034a0	05768063	beq	x13,x23,800034e0	 x13:0xffffffff x23:0x00000000
       10725000	      1071	800034a4	055bd863	bge	x23,x21,800034f4	 x23:0x00000000 x21:0x00000000
       10735000	      1072	00000000	00000013	addi	x0,x0,0	  x0:0x00000000
       10745000	      1073	800034f0	00000013	addi	x0,x0,0	  x0:0x00000000
       10755000	      1074	800034f4	01fd6263	bltu	x26,x31,800034f8	 x26:0x6d50a3bc x31:0x00000001
       10765000	      1075	800034f8	4100dd93	srai	x27,x1,0x10	  x1:0xea8e036c x27=0xffffea8e
       10775000	      1076	800034fc	40345db3	sra	x27,x8,x3	  x8:0x80009fc4  x3:0x6678f3ac x27=0xfff80009
       10785000	      1077	80003500	f94aa293	slti	x5,x21,-108	 x21:0x00000000  x5=0x00000000
       10795000	      1078	80003504	e396ba93	sltiu	x21,x13,-455	 x13:0xffffffff x21=0x00000000
       10805000	      1079	80003508	be3f6d13	ori	x26,x30,-1053	 x30:0x6d50a368 x26=0xfffffbeb
       10815000	      1080	8000350c	40338db3	sub	x27,x7,x3	  x7:0x00000002  x3:0x6678f3ac x27=0x99870c56
       10825000	      1081	80003510	717d9217	auipc	x4,0x717d9	  x4=0xf17dc50c
       10835000	      1082	80003514	00000013	addi	x0,x0,0	  x0:0x00000000
       10845000	      1083	80003518	02b96063	bltu	x18,x11,80003538	 x18:0x00000000 x11:0x00000001
       10855000	      1084	00000000	00000013	addi	x0,x0,0	  x0:0x00000000
       10865000	      1085	80003534	00000013	addi	x0,x0,0	  x0:0x00000000
       10875000	      1086	80003538	00e68a33	add	x20,x13,x14	 x13:0xffffffff x14:0x8f3ac000 x20=0x8f3abfff
       10885000	      1087	8000353c	00000013	addi	x0,x0,0	  x0:0x00000000
       10895000	      1088	80003540	0155cfb3	xor	x31,x11,x21	 x11:0x00000001 x21:0x00000000 x31=0x00000001
       10905000	      1089	80003544	01708633	add	x12,x1,x23	  x1:0xea8e036c x23:0x00000000 x12=0xea8e036c
       10915000	      1090	80003548	03e80e63	beq	x16,x30,80003584	 x16:0x00000000 x30:0x6d50a368
       10925000	      1091	8000354c	03976c63	bltu	x14,x25,80003584	 x14:0x8f3ac000 x25:0x3847a470
       10935000	      1092	80003550	6b877297	auipc	x5,0x6b877	  x5=0xeb87a54c
       10945000	      1093	80003554	40c88fb3	sub	x31,x17,x12	 x17:0x6d50a04f x12:0xea8e036c x31=0x82c29ce3
       10955000	      1094	80003558	3079ba13	sltiu	x20,x19,775	 x19:0x00000000 x20=0x00000001
       10965000	      1095	8000355c	01df5933	srl	x18,x30,x29	 x30:0x6d50a368 x29:0x00000000 x18=0x6d50a368
       10975000	      1096	80003560	41d85693	srai	x13,x16,0x1d	 x16:0x00000000 x13=0x00000000
       10985000	      1097	80003564	0068c9b3	xor	x19,x17,x6	 x17:0x6d50a04f  x6:0x00000000 x19=0x6d50a04f
       10995000	      1098	80003568	01311013	slli	x0,x2,0x13	  x2:0x80008228
       11005000	      1099	8000356c	dc988113	addi	x2,x17,-567	 x17:0x6d50a04f  x2=0x6d509e18
       11015000	      1100	80003570	002b9463	bne	x23,x2,80003578	 x23:0x00000000  x2:0x6d509e18
       11025000	      1101	00000000	00000013	addi	x0,x0,0	  x0:0x00000000
       11035000	      1102	80003574	00000013	addi	x0,x0,0	  x0:0x00000000
       11045000	      1103	80003578	40eedc93	srai	x25,x29,0xe	 x29:0x00000000 x25=0x00000000
       11055000	      1104	8000357c	017483b3	add	x7,x9,x23	  x9:0x3847a476 x23:0x00000000  x7=0x3847a476
       11065000	      1105	80003580	208a8e93	addi	x29,x21,520	 x21:0x00000000 x29=0x00000208
       11075000	      1106	80003584	40375013	srai	x0,x14,0x3	 x14:0x8f3ac000
       11085000	      1107	80003588	01cbb633	sltu	x12,x23,x28	 x23:0x00000000 x28:0x80009ee4 x12=0x00000001
       11095000	      1108	8000358c	0128cc63	blt	x17,x18,800035a4	 x17:0x6d50a04f x18:0x6d50a368
       11105000	      1109	00000000	00000013	addi	x0,x0,0	  x0:0x00000000
       11115000	      1110	800035a0	00000013	addi	x0,x0,0	  x0:0x00000000
       11125000	      1111	800035a4	00f7dfb3	srl	x31,x15,x15	 x15:0x80009ee4 x15:0x80009ee4 x31=0x080009ee
       11135000	      1112	800035a8	0017acb3	slt	x25,x15,x1	 x15:0x80009ee4  x1:0xea8e036c x25=0x00000001
       11145000	      1113	800035ac	015bd893	srli	x17,x23,0x15	 x23:0x00000000 x17=0x00000000
       11155000	      1114	800035b0	00000013	addi	x0,x0,0	  x0:0x00000000
       11165000	      1115	800035b4	015ab1b3	sltu	x3,x21,x21	 x21:0x00000000 x21:0x00000000  x3=0x00000000
       11175000	      1116	800035b8	018d2933	slt	x18,x26,x24	 x26:0xfffffbeb x24:0x6d50a04f x18=0x00000001
       11185000	      1117	800035bc	01dfd463	bge	x31,x29,800035c4	 x31:0x080009ee x29:0x00000208
       11195000	      1118	00000000	00000013	addi	x0,x0,0	  x0:0x00000000
       11205000	      1119	800035c0	00000013	addi	x0,x0,0	  x0:0x00000000
       11215000	      1120	800035c4	00ce1913	slli	x18,x28,0xc	 x28:0x80009ee4 x18=0x09ee4000
       11225000	      1121	800035c8	03ba9263	bne	x21,x27,800035ec	 x21:0x00000000 x27:0x99870c56
       11235000	      1122	00000000	00000013	addi	x0,x0,0	  x0:0x00000000
       11245000	      1123	800035e8	00000013	addi	x0,x0,0	  x0:0x00000000
       11255000	      1124	800035ec	00d23733	sltu	x14,x4,x13	  x4:0xf17dc50c x13:0x00000000 x14=0x00000000
       11265000	      1125	800035f0	00f91a33	sll	x20,x18,x15	 x18:0x09ee4000 x15:0x80009ee4 x20=0x9ee40000
       11275000	      1126	800035f4	0102bcb3	sltu	x25,x5,x16	  x5:0xeb87a54c x16:0x00000000 x25=0x00000000
       11285000	      1127	800035f8	01307633	and	x12,x0,x19	  x0:0x00000000 x19:0x6d50a04f x12=0x00000000
       11295000	      1128	800035fc	0157c033	xor	x0,x15,x21	 x15:0x80009ee4 x21:0x00000000
       11305000	      1129	80003600	00000013	addi	x0,x0,0	  x0:0x00000000
       11315000	      1130	80003604	ccec4513	xori	x10,x24,-818	 x24:0x6d50a04f x10=0x92af5c81
       11325000	      1131	80003608	02ed5063	bge	x26,x14,80003628	 x26:0xfffffbeb x14:0x00000000
       11335000	      1132	8000360c	01dce663	bltu	x25,x29,80003618	 x25:0x00000000 x29:0x00000208
       11345000	      1133	00000000	00000013	addi	x0,x0,0	  x0:0x00000000
       11355000	      1134	80003614	00000013	addi	x0,x0,0	  x0:0x00000000
       11365000	      1135	80003618	01bcfd33	and	x26,x25,x27	 x25:0x00000000 x27:0x99870c56 x26=0x00000000
       11375000	      1136	8000361c	008101b3	add	x3,x2,x8	  x2:0x6d509e18  x8:0x80009fc4  x3=0xed513ddc
       11385000	      1137	80003620	003d54b3	srl	x9,x26,x3	 x26:0x00000000  x3:0xed513ddc  x9=0x00000000
       11395000	      1138	80003624	01bac6b3	xor	x13,x21,x27	 x21:0x00000000 x27:0x99870c56 x13=0x99870c56
       11405000	      1139	80003628	036a6a63	bltu	x20,x22,8000365c	 x20:0x9ee40000 x22:0x677e5378
       11415000	      1140	8000362c	e256b493	sltiu	x9,x13,-475	 x13:0x99870c56  x9=0x00000001
       11425000	      1141	80003630	00419cb3	sll	x25,x3,x4	  x3:0xed513ddc  x4:0xf17dc50c x25=0x13ddc000
       11435000	      1142	80003634	c02c3d13	sltiu	x26,x24,-1022	 x24:0x6d50a04f x26=0x00000001
       11445000	      1143	80003638	04bb5863	bge	x22,x11,80003688	 x22:0x677e5378 x11:0x00000001
       11455000	      1144	00000000	00000013	addi	x0,x0,0	  x0:0x00000000
       11465000	      1145	80003684	00000013	addi	x0,x0,0	  x0:0x00000000
       11475000	      1146	80003688	04cec463	blt	x29,x12,800036d0	 x29:0x00000208 x12:0x00000000
       11485000	      1147	8000368c	00000013	addi	x0,x0,0	  x0:0x00000000
       11495000	      1148	80003690	41a38933	sub	x18,x7,x26	  x7:0x3847a476 x26:0x00000001 x18=0x3847a475
       11505000	      1149	80003694	00ecbeb3	sltu	x29,x25,x14	 x25:0x13ddc000 x14:0x00000000 x29=0x00000000
       11515000	      1150	80003698	9eed2093	slti	x1,x26,-1554	 x26:0x00000001  x1=0x00000000
       11525000	      1151	8000369c	013121b3	slt	x3,x2,x19	  x2:0x6d509e18 x19:0x6d50a04f  x3=0x00000001
       11535000	      1152	800036a0	f27a6a37	lui	x20,0xf27a6	 x20=0xf27a6000
       11545000	      1153	800036a4	34c47937	lui	x18,0x34c47	 x18=0x34c47000
       11555000	      1154	800036a8	5f6d4693	xori	x13,x26,1526	 x26:0x00000001 x13=0x000005f7
       11565000	      1155	800036ac	02519463	bne	x3,x5,800036d4	  x3:0x00000001  x5:0xeb87a54c
       11575000	      1156	00000000	00000013	addi	x0,x0,0	  x0:0x00000000
       11585000	      1157	800036d0	00000013	addi	x0,x0,0	  x0:0x00000000
       11595000	      1158	800036d4	00c60a63	beq	x12,x12,800036e8	 x12:0x00000000 x12:0x00000000
       11605000	      1159	00000000	00000013	addi	x0,x0,0	  x0:0x00000000
       11615000	      1160	800036e4	00000013	addi	x0,x0,0	  x0:0x00000000
       11625000	      1161	800036e8	01cb1833	sll	x16,x22,x28	 x22:0x677e5378 x28:0x80009ee4 x16=0x77e53780
       11635000	      1162	800036ec	032ca213	slti	x4,x25,50	 x25:0x13ddc000  x4=0x00000000
       11645000	      1163	800036f0	41420933	sub	x18,x4,x20	  x4:0x00000000 x20:0xf27a6000 x18=0x0d85a000
       11655000	      1164	800036f4	4009d913	srai	x18,x19,0x0	 x19:0x6d50a04f x18=0x6d50a04f
       11665000	      1165	800036f8	02b10c63	beq	x2,x11,80003730	  x2:0x6d509e18 x11:0x00000001
       11675000	      1166	800036fc	4104deb3	sra	x29,x9,x16	  x9:0x00000001 x16:0x77e53780 x29=0x00000001
       11685000	      1167	80003700	e1825c17	auipc	x24,0xe1825	 x24=0x618286fc
       11695000	      1168	80003704	8aa14a93	xori	x21,x2,-1878	  x2:0x6d509e18 x21=0x92af66b2
       11705000	      1169	80003708	3b90fc13	andi	x24,x1,953	  x1:0x00000000 x24=0x00000000
       11715000	      1170	8000370c	26eafe93	andi	x29,x21,622	 x21:0x92af66b2 x29=0x00000222
       11725000	      1171	80003710	52c5e6b7	lui	x13,0x52c5e	 x13=0x52c5e000
       11735000	      1172	80003714	01ce5913	srli	x18,x28,0x1c	 x28:0x80009ee4 x18=0x00000008
       11745000	      1173	80003718	03c5f463	bgeu	x11,x28,80003740	 x11:0x00000001 x28:0x80009ee4
       11755000	      1174	8000371c	00c20663	beq	x4,x12,80003728	  x4:0x00000000 x12:0x00000000
       11765000	      1175	00000000	00000013	addi	x0,x0,0	  x0:0x00000000
       11775000	      1176	80003724	00000013	addi	x0,x0,0	  x0:0x00000000
       11785000	      1177	80003728	c57ce813	ori	x16,x25,-937	 x25:0x13ddc000 x16=0xfffffc57
       11795000	      1178	8000372c	cae32c13	slti	x24,x6,-850	  x6:0x00000000 x24=0x00000000
       11805000	      1179	80003730	00b498b3	sll	x17,x9,x11	  x9:0x00000001 x11:0x00000001 x17=0x00000002
       11815000	      1180	80003734	0083d263	bge	x7,x8,80003738	  x7:0x3847a476  x8:0x80009fc4
       11825000	      1181	00000000	00000013	addi	x0,x0,0	  x0:0x00000000
       11835000	      1182	80003734	00000013	addi	x0,x0,0	  x0:0x00000000
       11845000	      1183	80003738	007332b3	sltu	x5,x6,x7	  x6:0x00000000  x7:0x3847a476  x5=0x00000001
       11855000	      1184	8000373c	55f64c93	xori	x25,x12,1375	 x12:0x00000000 x25=0x0000055f
       11865000	      1185	80003740	04cf4863	blt	x30,x12,80003790	 x30:0x6d50a368 x12:0x00000000
       11875000	      1186	80003744	01f092b3	sll	x5,x1,x31	  x1:0x00000000 x31:0x080009ee  x5=0x00000000
       11885000	      1187	80003748	41f85033	sra	x0,x16,x31	 x16:0xfffffc57 x31:0x080009ee
       11895000	      1188	8000374c	01ff6263	bltu	x30,x31,80003750	 x30:0x6d50a368 x31:0x080009ee
       11905000	      1189	80003750	13d27293	andi	x5,x4,317	  x4:0x00000000  x5=0x00000000
       11915000	      1190	80003754	d36a6a13	ori	x20,x20,-714	 x20:0xf27a6000 x20=0xfffffd36
       11925000	      1191	80003758	0016ab33	slt	x22,x13,x1	 x13:0x52c5e000  x1:0x00000000 x22=0x00000000
       11935000	      1192	8000375c	38f14b17	auipc	x22,0x38f14	 x22=0xb8f17758
       11945000	      1193	80003760	40910cb3	sub	x25,x2,x9	  x2:0x6d509e18  x9:0x00000001 x25=0x6d509e17
       11955000	      1194	80003764	001714b3	sll	x9,x14,x1	 x14:0x00000000  x1:0x00000000  x9=0x00000000
       11965000	      1195	80003768	05358863	beq	x11,x19,800037b8	 x11:0x00000001 x19:0x6d50a04f
       11975000	      1196	8000376c	01361693	slli	x13,x12,0x13	 x12:0x00000000 x13=0x00000000
       11985000	      1197	80003770	018b8933	add	x18,x23,x24	 x23:0x00000000 x24:0x00000000 x18=0x00000000
       11995000	      1198	80003774	018204b3	add	x9,x4,x24	  x4:0x00000000 x24:0x00000000  x9=0x00000000
       12005000	      1199	80003778	0039e663	bltu	x19,x3,80003784	 x19:0x6d50a04f  x3:0x00000001
       12015000	      1200	8000377c	023ad663	bge	x21,x3,800037a8	 x21:0x92af66b2  x3:0x00000001
       12025000	      1201	80003780	014b8fb3	add	x31,x23,x20	 x23:0x00000000 x20:0xfffffd36 x31=0xfffffd36
       12035000	      1202	80003784	01609c63	bne	x1,x22,8000379c	  x1:0x00000000 x22:0xb8f17758
       12045000	      1203	00000000	00000013	addi	x0,x0,0	  x0:0x00000000
       12055000	      1204	80003798	00000013	addi	x0,x0,0	  x0:0x00000000
       12065000	      1205	8000379c	00846663	bltu	x8,x8,800037a8	  x8:0x80009fc4  x8:0x80009fc4
       12075000	      1206	800037a0	0c284713	xori	x14,x16,194	 x16:0xfffffc57 x14=0xfffffc95
       12085000	      1207	800037a4	cb456193	ori	x3,x10,-844	 x10:0x92af5c81  x3=0xfffffcb5
       12095000	      1208	800037a8	00097b13	andi	x22,x18,0	 x18:0x00000000 x22=0x00000000
       12105000	      1209	800037ac	de3ba613	slti	x12,x23,-541	 x23:0x00000000 x12=0x00000000
       12115000	      1210	800037b0	4087d013	srai	x0,x15,0x8	 x15:0x80009ee4
       12125000	      1211	800037b4	266e8037	lui	x0,0x266e8	
       12135000	      1212	800037b8	0311e493	ori	x9,x3,49	  x3:0xfffffcb5  x9=0xfffffcb5
       12145000	      1213	800037bc	0221f463	bgeu	x3,x2,800037e4	  x3:0xfffffcb5  x2:0x6d509e18
       12155000	      1214	00000000	00000013	addi	x0,x0,0	  x0:0x00000000
       12165000	      1215	800037e0	00000013	addi	x0,x0,0	  x0:0x00000000
       12175000	      1216	800037e4	40ba0f33	sub	x30,x20,x11	 x20:0xfffffd36 x11:0x00000001 x30=0xfffffd35
       12185000	      1217	800037e8	01e813b3	sll	x7,x16,x30	 x16:0xfffffc57 x30:0xfffffd35  x7=0x8ae00000
       12195000	      1218	800037ec	3e16c7b7	lui	x15,0x3e16c	 x15=0x3e16c000
       12205000	      1219	800037f0	8d6b2013	slti	x0,x22,-1834	 x22:0x00000000
       12215000	      1220	800037f4	87df1137	lui	x2,0x87df1	  x2=0x87df1000
       12225000	      1221	800037f8	4916fa93	andi	x21,x13,1169	 x13:0x00000000 x21=0x00000000
       12235000	      1222	800037fc	00d9ed33	or	x26,x19,x13	 x19:0x6d50a04f x13:0x00000000 x26=0x6d50a04f
       12245000	      1223	80003800	01b0ca33	xor	x20,x1,x27	  x1:0x00000000 x27:0x99870c56 x20=0x99870c56
       12255000	      1224	80003804	27848613	addi	x12,x9,632	  x9:0xfffffcb5 x12=0xffffff2d
       12265000	      1225	80003808	406204b3	sub	x9,x4,x6	  x4:0x00000000  x6:0x00000000  x9=0x00000000
       12275000	      1226	8000380c	01d44d33	xor	x26,x8,x29	  x8:0x80009fc4 x29:0x00000222 x26=0x80009de6
       12285000	      1227	80003810	406188b3	sub	x17,x3,x6	  x3:0xfffffcb5  x6:0x00000000 x17=0xfffffcb5
       12295000	      1228	80003814	0090c533	xor	x10,x1,x9	  x1:0x00000000  x9:0x00000000 x10=0x00000000
       12305000	      1229	80003818	15fa4993	xori	x19,x20,351	 x20:0x99870c56 x19=0x99870d09
       12315000	      1230	8000381c	16b11cb7	lui	x25,0x16b11	 x25=0x16b11000
       12325000	      1231	80003820	9e1f9cb7	lui	x25,0x9e1f9	 x25=0x9e1f9000
       12335000	      1232	80003824	a4fab4b7	lui	x9,0xa4fab	  x9=0xa4fab000
       12345000	      1233	80003828	0099ec33	or	x24,x19,x9	 x19:0x99870d09  x9:0xa4fab000 x24=0xbdffbd09
       12355000	      1234	8000382c	017911b3	sll	x3,x18,x23	 x18:0x00000000 x23:0x00000000  x3=0x00000000
       12365000	      1235	80003830	012a9c13	slli	x24,x21,0x12	 x21:0x00000000 x24=0x00000000
       12375000	      1236	80003834	3fa54613	xori	x12,x10,1018	 x10:0x00000000 x12=0x000003fa
       12385000	      1237	80003838	16ca8bb7	lui	x23,0x16ca8	 x23=0x16ca8000
       12395000	      1238	8000383c	009410b3	sll	x1,x8,x9	  x8:0x80009fc4  x9:0xa4fab000  x1=0x80009fc4
       12405000	      1239	80003840	04528863	beq	x5,x5,80003890	  x5:0x00000000  x5:0x00000000
       12415000	      1240	00000000	00000013	addi	x0,x0,0	  x0:0x00000000
       12425000	      1241	8000388c	00000013	addi	x0,x0,0	  x0:0x00000000
       12435000	      1242	80003890	00000013	addi	x0,x0,0	  x0:0x00000000
       12445000	      1243	80003894	03c59263	bne	x11,x28,800038b8	 x11:0x00000001 x28:0x80009ee4
       12455000	      1244	00000000	00000013	addi	x0,x0,0	  x0:0x00000000
       12465000	      1245	800038b4	00000013	addi	x0,x0,0	  x0:0x00000000
       12475000	      1246	800038b8	05a7d463	bge	x15,x26,80003900	 x15:0x3e16c000 x26:0x80009de6
       12485000	      1247	00000000	00000013	addi	x0,x0,0	  x0:0x00000000
       12495000	      1248	800038fc	00000013	addi	x0,x0,0	  x0:0x00000000
       12505000	      1249	80003900	a5fea813	slti	x16,x29,-1441	 x29:0x00000222 x16=0x00000000
       12515000	      1250	80003904	40ee07b3	sub	x15,x28,x14	 x28:0x80009ee4 x14:0xfffffc95 x15=0x8000a24f
       12525000	      1251	80003908	04c44863	blt	x8,x12,80003958	  x8:0x80009fc4 x12:0x000003fa
       12535000	      1252	00000000	00000013	addi	x0,x0,0	  x0:0x00000000
       12545000	      1253	80003954	00000013	addi	x0,x0,0	  x0:0x00000000
       12555000	      1254	80003958	01cacab3	xor	x21,x21,x28	 x21:0x00000000 x28:0x80009ee4 x21=0x80009ee4
       12565000	      1255	8000395c	41848db3	sub	x27,x9,x24	  x9:0xa4fab000 x24:0x00000000 x27=0xa4fab000
       12575000	      1256	80003960	00000013	addi	x0,x0,0	  x0:0x00000000
       12585000	      1257	80003964	d98c0817	auipc	x16,0xd98c0	 x16=0x598c3960
       12595000	      1258	80003968	cb87c793	xori	x15,x15,-840	 x15:0x8000a24f x15=0x7fff5ef7
       12605000	      1259	8000396c	013fff33	and	x30,x31,x19	 x31:0xfffffd36 x19:0x99870d09 x30=0x99870d00
       12615000	      1260	80003970	8b53d3b7	lui	x7,0x8b53d	  x7=0x8b53d000
       12625000	      1261	80003974	0162e033	or	x0,x5,x22	  x5:0x00000000 x22:0x00000000
       12635000	      1262	80003978	13887f13	andi	x30,x16,312	 x16:0x598c3960 x30=0x00000120
       12645000	      1263	8000397c	40b55b33	sra	x22,x10,x11	 x10:0x00000000 x11:0x00000001 x22=0x00000000
       12655000	      1264	80003980	01a578b3	and	x17,x10,x26	 x10:0x00000000 x26:0x80009de6 x17=0x00000000
       12665000	      1265	80003984	4020d7b3	sra	x15,x1,x2	  x1:0x80009fc4  x2:0x87df1000 x15=0x80009fc4
       12675000	      1266	80003988	411a5833	sra	x16,x20,x17	 x20:0x99870c56 x17:0x00000000 x16=0x99870c56
       12685000	      1267	8000398c	70612a13	slti	x20,x2,1798	  x2:0x87df1000 x20=0x00000001
       12695000	      1268	80003990	4161dab3	sra	x21,x3,x22	  x3:0x00000000 x22:0x00000000 x21=0x00000000
       12705000	      1269	80003994	3ec0ff93	andi	x31,x1,1004	  x1:0x80009fc4 x31=0x000003c4
       12715000	      1270	80003998	418ad013	srai	x0,x21,0x18	 x21:0x00000000
       12725000	      1271	8000399c	00ee67b3	or	x15,x28,x14	 x28:0x80009ee4 x14:0xfffffc95 x15=0xfffffef5
       12735000	      1272	800039a0	dab30493	addi	x9,x6,-597	  x6:0x00000000  x9=0xfffffdab
       12745000	      1273	800039a4	015216b3	sll	x13,x4,x21	  x4:0x00000000 x21:0x00000000 x13=0x00000000
       12755000	      1274	800039a8	40408b33	sub	x22,x1,x4	  x1:0x80009fc4  x4:0x00000000 x22=0x80009fc4
       12765000	      1275	800039ac	01e3a3b3	slt	x7,x7,x30	  x7:0x8b53d000 x30:0x00000120  x7=0x00000001
       12775000	      1276	800039b0	02b8e663	bltu	x17,x11,800039dc	 x17:0x00000000 x11:0x00000001
       12785000	      1277	00000000	00000013	addi	x0,x0,0	  x0:0x00000000
       12795000	      1278	800039d8	00000013	addi	x0,x0,0	  x0:0x00000000
       12805000	      1279	800039dc	2435f117	auipc	x2,0x2435f	  x2=0xa43629d8
       12815000	      1280	800039e0	411556b3	sra	x13,x10,x17	 x10:0x00000000 x17:0x00000000 x13=0x00000000
       12825000	      1281	800039e4	56a74b13	xori	x22,x14,1386	 x14:0xfffffc95 x22=0xfffff9ff
       12835000	      1282	800039e8	fc78e793	ori	x15,x17,-57	 x17:0x00000000 x15=0xffffffc7
       12845000	      1283	800039ec	003a23b3	slt	x7,x20,x3	 x20:0x00000001  x3:0x00000000  x7=0x00000000
       12855000	      1284	800039f0	67e91037	lui	x0,0x67e91	
       12865000	      1285	800039f4	40efda33	sra	x20,x31,x14	 x31:0x000003c4 x14:0xfffffc95 x20=0x00000000
       12875000	      1286	800039f8	01398263	beq	x19,x19,800039fc	 x19:0x99870d09 x19:0x99870d09
       12885000	      1287	00000000	00000013	addi	x0,x0,0	  x0:0x00000000
       12895000	      1288	800039f8	00000013	addi	x0,x0,0	  x0:0x00000000
       12905000	      1289	800039fc	00000013	addi	x0,x0,0	  x0:0x00000000
       12915000	      1290	80003a00	020d8663	beq	x27,x0,80003a2c	 x27:0xa4fab000  x0:0x00000000
       12925000	      1291	80003a04	fb736c93	ori	x25,x6,-73	  x6:0x00000000 x25=0xffffffb7
       12935000	      1292	80003a08	00f05693	srli	x13,x0,0xf	  x0:0x00000000 x13=0x00000000
       12945000	      1293	80003a0c	40248cb3	sub	x25,x9,x2	  x9:0xfffffdab  x2:0xa43629d8 x25=0x5bc9d3d3
       12955000	      1294	80003a10	00639133	sll	x2,x7,x6	  x7:0x00000000  x6:0x00000000  x2=0x00000000
       12965000	      1295	80003a14	01bc5793	srli	x15,x24,0x1b	 x24:0x00000000 x15=0x00000000
       12975000	      1296	80003a18	001a09b3	add	x19,x20,x1	 x20:0x00000000  x1:0x80009fc4 x19=0x80009fc4
       12985000	      1297	80003a1c	02f4c863	blt	x9,x15,80003a4c	  x9:0xfffffdab x15:0x00000000
       12995000	      1298	00000000	00000013	addi	x0,x0,0	  x0:0x00000000
       13005000	      1299	80003a48	00000013	addi	x0,x0,0	  x0:0x00000000
       13015000	      1300	80003a4c	00cc1913	slli	x18,x24,0xc	 x24:0x00000000 x18=0x00000000
       13025000	      1301	80003a50	eaf735b7	lui	x11,0xeaf73	 x11=0xeaf73000
       13035000	      1302	80003a54	0185e4b3	or	x9,x11,x24	 x11:0xeaf73000 x24:0x00000000  x9=0xeaf73000
       13045000	      1303	80003a58	8651e393	ori	x7,x3,-1947	  x3:0x00000000  x7=0xfffff865
       13055000	      1304	80003a5c	b1620a13	addi	x20,x4,-1258	  x4:0x00000000 x20=0xfffffb16
       13065000	      1305	80003a60	004ed8b3	srl	x17,x29,x4	 x29:0x00000222  x4:0x00000000 x17=0x00000222
       13075000	      1306	80003a64	0170df13	srli	x30,x1,0x17	  x1:0x80009fc4 x30=0x00000100
       13085000	      1307	80003a68	015c4fb3	xor	x31,x24,x21	 x24:0x00000000 x21:0x00000000 x31=0x00000000
       13095000	      1308	80003a6c	01d026b3	slt	x13,x0,x29	  x0:0x00000000 x29:0x00000222 x13=0x00000001
       13105000	      1309	80003a70	40c68933	sub	x18,x13,x12	 x13:0x00000001 x12:0x000003fa x18=0xfffffc07
       13115000	      1310	80003a74	005a3833	sltu	x16,x20,x5	 x20:0xfffffb16  x5:0x00000000 x16=0x00000000
       13125000	      1311	80003a78	42a4cd13	xori	x26,x9,1066	  x9:0xeaf73000 x26=0xeaf7342a
       13135000	      1312	80003a7c	003e5833	srl	x16,x28,x3	 x28:0x80009ee4  x3:0x00000000 x16=0x80009ee4
       13145000	      1313	80003a80	25f672b7	lui	x5,0x25f67	  x5=0x25f67000
       13155000	      1314	80003a84	009dadb3	slt	x27,x27,x9	 x27:0xa4fab000  x9:0xeaf73000 x27=0x00000001
       13165000	      1315	80003a88	a73dc8b7	lui	x17,0xa73dc	 x17=0xa73dc000
       13175000	      1316	80003a8c	dd9926b7	lui	x13,0xdd992	 x13=0xdd992000
       13185000	      1317	80003a90	00605a63	bge	x0,x6,80003aa4	  x0:0x00000000  x6:0x00000000
       13195000	      1318	00000000	00000013	addi	x0,x0,0	  x0:0x00000000
       13205000	      1319	80003aa0	00000013	addi	x0,x0,0	  x0:0x00000000
       13215000	      1320	80003aa4	f9a30493	addi	x9,x6,-102	  x6:0x00000000  x9=0xffffff9a
       13225000	      1321	80003aa8	2a0c8597	auipc	x11,0x2a0c8	 x11=0xaa0cbaa4
       13235000	      1322	80003aac	4110d833	sra	x16,x1,x17	  x1:0x80009fc4 x17:0xa73dc000 x16=0x80009fc4
       13245000	      1323	80003ab0	00ef67b3	or	x15,x30,x14	 x30:0x00000100 x14:0xfffffc95 x15=0xfffffd95
       13255000	      1324	80003ab4	8498da17	auipc	x20,0x8498d	 x20=0x04990ab0
       13265000	      1325	80003ab8	dad67817	auipc	x16,0xdad67	 x16=0x5ad6aab4
       13275000	      1326	80003abc	01785c63	bge	x16,x23,80003ad4	 x16:0x5ad6aab4 x23:0x16ca8000
       13285000	      1327	00000000	00000013	addi	x0,x0,0	  x0:0x00000000
       13295000	      1328	80003ad0	00000013	addi	x0,x0,0	  x0:0x00000000
       13305000	      1329	80003ad4	1efcbf93	sltiu	x31,x25,495	 x25:0x5bc9d3d3 x31=0x00000000
       13315000	      1330	80003ad8	0061b833	sltu	x16,x3,x6	  x3:0x00000000  x6:0x00000000 x16=0x00000000
       13325000	      1331	80003adc	00d40463	beq	x8,x13,80003ae4	  x8:0x80009fc4 x13:0xdd992000
       13335000	      1332	80003ae0	c086e793	ori	x15,x13,-1016	 x13:0xdd992000 x15=0xfffffc08
       13345000	      1333	80003ae4	00d087b3	add	x15,x1,x13	  x1:0x80009fc4 x13:0xdd992000 x15=0x5d99bfc4
       13355000	      1334	80003ae8	02c45a63	bge	x8,x12,80003b1c	  x8:0x80009fc4 x12:0x000003fa
       13365000	      1335	80003aec	00000013	addi	x0,x0,0	  x0:0x00000000
       13375000	      1336	80003af0	742e4d93	xori	x27,x28,1858	 x28:0x80009ee4 x27=0x800099a6
       13385000	      1337	80003af4	a037e713	ori	x14,x15,-1533	 x15:0x5d99bfc4 x14=0xffffffc7
       13395000	      1338	80003af8	f6ab2f37	lui	x30,0xf6ab2	 x30=0xf6ab2000
       13405000	      1339	80003afc	02fff263	bgeu	x31,x15,80003b20	 x31:0x00000000 x15:0x5d99bfc4
       13415000	      1340	80003b00	1bd9b613	sltiu	x12,x19,445	 x19:0x80009fc4 x12=0x00000000
       13425000	      1341	80003b04	00179eb3	sll	x29,x15,x1	 x15:0x5d99bfc4  x1:0x80009fc4 x29=0xd99bfc40
       13435000	      1342	80003b08	04546863	bltu	x8,x5,80003b58	  x8:0x80009fc4  x5:0x25f67000
       13445000	      1343	80003b0c	40788133	sub	x2,x17,x7	 x17:0xa73dc000  x7:0xfffff865  x2=0xa73dc79b
       13455000	      1344	80003b10	00cb5cb3	srl	x25,x22,x12	 x22:0xfffff9ff x12:0x00000000 x25=0xfffff9ff
       13465000	      1345	80003b14	0016d013	srli	x0,x13,0x1	 x13:0xdd992000
       13475000	      1346	80003b18	41005113	srai	x2,x0,0x10	  x0:0x00000000  x2=0x00000000
       13485000	      1347	80003b1c	00ff7633	and	x12,x30,x15	 x30:0xf6ab2000 x15:0x5d99bfc4 x12=0x54892000
       13495000	      1348	80003b20	00b20263	beq	x4,x11,80003b24	  x4:0x00000000 x11:0xaa0cbaa4
       13505000	      1349	80003b24	01aba933	slt	x18,x23,x26	 x23:0x16ca8000 x26:0xeaf7342a x18=0x00000000
       13515000	      1350	80003b28	00aa7833	and	x16,x20,x10	 x20:0x04990ab0 x10:0x00000000 x16=0x00000000
       13525000	      1351	80003b2c	21cacf93	xori	x31,x21,540	 x21:0x00000000 x31=0x0000021c
       13535000	      1352	80003b30	6e08a813	slti	x16,x17,1760	 x17:0xa73dc000 x16=0x00000001
       13545000	      1353	80003b34	00cb9893	slli	x17,x23,0xc	 x23:0x16ca8000 x17=0xa8000000
       13555000	      1354	80003b38	cc144d17	auipc	x26,0xcc144	 x26=0x4c147b34
       13565000	      1355	80003b3c	54308617	auipc	x12,0x54308	 x12=0xd430bb38
       13575000	      1356	80003b40	341fa7b7	lui	x15,0x341fa	 x15=0x341fa000
       13585000	      1357	80003b44	019679b3	and	x19,x12,x25	 x12:0xd430bb38 x25:0xfffff9ff x19=0xd430b938
       13595000	      1358	80003b48	05858863	beq	x11,x24,80003b98	 x11:0xaa0cbaa4 x24:0x00000000
       13605000	      1359	80003b4c	194e3193	sltiu	x3,x28,404	 x28:0x80009ee4  x3=0x00000000
       13615000	      1360	80003b50	02976063	bltu	x14,x9,80003b70	 x14:0xffffffc7  x9:0xffffff9a
       13625000	      1361	80003b54	005ca2b3	slt	x5,x25,x5	 x25:0xfffff9ff  x5:0x25f67000  x5=0x00000001
       13635000	      1362	80003b58	9b4ac113	xori	x2,x21,-1612	 x21:0x00000000  x2=0xfffff9b4
       13645000	      1363	80003b5c	0162c6b3	xor	x13,x5,x22	  x5:0x00000001 x22:0xfffff9ff x13=0xfffff9fe
       13655000	      1364	80003b60	00178533	add	x10,x15,x1	 x15:0x341fa000  x1:0x80009fc4 x10=0xb4203fc4
       13665000	      1365	80003b64	e75ab893	sltiu	x17,x21,-395	 x21:0x00000000 x17=0x00000001
       13675000	      1366	80003b68	ddb43113	sltiu	x2,x8,-549	  x8:0x80009fc4  x2=0x00000001
       13685000	      1367	80003b6c	b3548b17	auipc	x22,0xb3548	 x22=0x3354bb68
       13695000	      1368	80003b70	40e40233	sub	x4,x8,x14	  x8:0x80009fc4 x14:0xffffffc7  x4=0x80009ffd
       13705000	      1369	80003b74	01813033	sltu	x0,x2,x24	  x2:0x00000001 x24:0x00000000
       13715000	      1370	80003b78	936c7f13	andi	x30,x24,-1738	 x24:0x00000000 x30=0x00000000
       13725000	      1371	80003b7c	4dd44637	lui	x12,0x4dd44	 x12=0x4dd44000
       13735000	      1372	80003b80	01d57d33	and	x26,x10,x29	 x10:0xb4203fc4 x29:0xd99bfc40 x26=0x90003c40
       13745000	      1373	80003b84	40ab0eb3	sub	x29,x22,x10	 x22:0x3354bb68 x10:0xb4203fc4 x29=0x7f347ba4
       13755000	      1374	80003b88	03bb7463	bgeu	x22,x27,80003bb0	 x22:0x3354bb68 x27:0x800099a6
       13765000	      1375	80003b8c	04758463	beq	x11,x7,80003bd4	 x11:0xaa0cbaa4  x7:0xfffff865
       13775000	      1376	80003b90	006db033	sltu	x0,x27,x6	 x27:0x800099a6  x6:0x00000000
       13785000	      1377	80003b94	b1b80713	addi	x14,x16,-1253	 x16:0x00000001 x14=0xfffffb1c
       13795000	      1378	80003b98	af79ba13	sltiu	x20,x19,-1289	 x19:0xd430b938 x20=0x00000001
       13805000	      1379	80003b9c	013c7663	bgeu	x24,x19,80003ba8	 x24:0x00000000 x19:0xd430b938
       13815000	      1380	80003ba0	6c7d0f13	addi	x30,x26,1735	 x26:0x90003c40 x30=0x90004307
       13825000	      1381	80003ba4	3cb77b93	andi	x23,x14,971	 x14:0xfffffb1c x23=0x00000308
       13835000	      1382	80003ba8	002b5663	bge	x22,x2,80003bb4	 x22:0x3354bb68  x2:0x00000001
       13845000	      1383	00000000	00000013	addi	x0,x0,0	  x0:0x00000000
       13855000	      1384	80003bb0	00000013	addi	x0,x0,0	  x0:0x00000000
       13865000	      1385	80003bb4	0105bbb3	sltu	x23,x11,x16	 x11:0xaa0cbaa4 x16:0x00000001 x23=0x00000000
       13875000	      1386	80003bb8	010f1db3	sll	x27,x30,x16	 x30:0x90004307 x16:0x00000001 x27=0x2000860e
       13885000	      1387	80003bbc	00ba4db3	xor	x27,x20,x11	 x20:0x00000001 x11:0xaa0cbaa4 x27=0xaa0cbaa5
       13895000	      1388	80003bc0	406d0eb3	sub	x29,x26,x6	 x26:0x90003c40  x6:0x00000000 x29=0x90003c40
       13905000	      1389	80003bc4	04bcf063	bgeu	x25,x11,80003c04	 x25:0xfffff9ff x11:0xaa0cbaa4
       13915000	      1390	00000000	00000013	addi	x0,x0,0	  x0:0x00000000
       13925000	      1391	80003c00	00000013	addi	x0,x0,0	  x0:0x00000000
       13935000	      1392	80003c04	838d3737	lui	x14,0x838d3	 x14=0x838d3000
       13945000	      1393	80003c08	016130b3	sltu	x1,x2,x22	  x2:0x00000001 x22:0x3354bb68  x1=0x00000001
       13955000	      1394	80003c0c	40895133	sra	x2,x18,x8	 x18:0x00000000  x8:0x80009fc4  x2=0x00000000
       13965000	      1395	80003c10	411ad933	sra	x18,x21,x17	 x21:0x00000000 x17:0x00000001 x18=0x00000000
       13975000	      1396	80003c14	0076e463	bltu	x13,x7,80003c1c	 x13:0xfffff9fe  x7:0xfffff865
       13985000	      1397	80003c18	4039dc33	sra	x24,x19,x3	 x19:0xd430b938  x3:0x00000000 x24=0xd430b938
       13995000	      1398	80003c1c	01e571b3	and	x3,x10,x30	 x10:0xb4203fc4 x30:0x90004307  x3=0x90000304
       14005000	      1399	80003c20	02015c63	bge	x2,x0,80003c58	  x2:0x00000000  x0:0x00000000
       14015000	      1400	00000000	00000013	addi	x0,x0,0	  x0:0x00000000
       14025000	      1401	80003c54	00000013	addi	x0,x0,0	  x0:0x00000000
       14035000	      1402	80003c58	b101e0b7	lui	x1,0xb101e	  x1=0xb101e000
       14045000	      1403	80003c5c	55a7f113	andi	x2,x15,1370	 x15:0x341fa000  x2=0x00000000
       14055000	      1404	80003c60	c3e0b293	sltiu	x5,x1,-962	  x1:0xb101e000  x5=0x00000001
       14065000	      1405	80003c64	400603b3	sub	x7,x12,x0	 x12:0x4dd44000  x0:0x00000000  x7=0x4dd44000
       14075000	      1406	80003c68	00a55233	srl	x4,x10,x10	 x10:0xb4203fc4 x10:0xb4203fc4  x4=0x0b4203fc
       14085000	      1407	80003c6c	8d71dc97	auipc	x25,0x8d71d	 x25=0x0d720c68
       14095000	      1408	80003c70	a78fc713	xori	x14,x31,-1416	 x31:0x0000021c x14=0xfffff864
       14105000	      1409	80003c74	02def263	bgeu	x29,x13,80003c98	 x29:0x90003c40 x13:0xfffff9fe
       14115000	      1410	80003c78	02908e63	beq	x1,x9,80003cb4	  x1:0xb101e000  x9:0xffffff9a
       14125000	      1411	80003c7c	faca2593	slti	x11,x20,-84	 x20:0x00000001 x11=0x00000000
       14135000	      1412	80003c80	017faa33	slt	x20,x31,x23	 x31:0x0000021c x23:0x00000000 x20=0x00000000
       14145000	      1413	80003c84	011b5813	srli	x16,x22,0x11	 x22:0x3354bb68 x16=0x000019aa
       14155000	      1414	80003c88	00000013	addi	x0,x0,0	  x0:0x00000000
       14165000	      1415	80003c8c	00ba54b3	srl	x9,x20,x11	 x20:0x00000000 x11:0x00000000  x9=0x00000000
       14175000	      1416	80003c90	011df033	and	x0,x27,x17	 x27:0xaa0cbaa5 x17:0x00000001
       14185000	      1417	80003c94	2c02a6b7	lui	x13,0x2c02a	 x13=0x2c02a000
       14195000	      1418	80003c98	b0900113	addi	x2,x0,-1271	  x0:0x00000000  x2=0xfffffb09
       14205000	      1419	80003c9c	06b3cb13	xori	x22,x7,107	  x7:0x4dd44000 x22=0x4dd4406b
       14215000	      1420	80003ca0	01bbb9b3	sltu	x19,x23,x27	 x23:0x00000000 x27:0xaa0cbaa5 x19=0x00000001
       14225000	      1421	80003ca4	e6072813	slti	x16,x14,-416	 x14:0xfffff864 x16=0x00000001
       14235000	      1422	80003ca8	012d1393	slli	x7,x26,0x12	 x26:0x90003c40  x7=0xf1000000
       14245000	      1423	80003cac	91a6ba13	sltiu	x20,x13,-1766	 x13:0x2c02a000 x20=0x00000001
       14255000	      1424	80003cb0	74352093	slti	x1,x10,1859	 x10:0xb4203fc4  x1=0x00000001
       14265000	      1425	80003cb4	152cee93	ori	x29,x25,338	 x25:0x0d720c68 x29=0x0d720d7a
       14275000	      1426	80003cb8	01548c13	addi	x24,x9,21	  x9:0x00000000 x24=0x00000015
       14285000	      1427	80003cbc	9a8c3a93	sltiu	x21,x24,-1624	 x24:0x00000015 x21=0x00000001
       14295000	      1428	80003cc0	00000013	addi	x0,x0,0	  x0:0x00000000
       14305000	      1429	80003cc4	14b7cf13	xori	x30,x15,331	 x15:0x341fa000 x30=0x341fa14b
       14315000	      1430	80003cc8	015dda33	srl	x20,x27,x21	 x27:0xaa0cbaa5 x21:0x00000001 x20=0x55065d52
       14325000	      1431	80003ccc	01c32633	slt	x12,x6,x28	  x6:0x00000000 x28:0x80009ee4 x12=0x00000000
       14335000	      1432	80003cd0	3afc3793	sltiu	x15,x24,943	 x24:0x00000015 x15=0x00000001
       14345000	      1433	80003cd4	01a2f8b3	and	x17,x5,x26	  x5:0x00000001 x26:0x90003c40 x17=0x00000000
       14355000	      1434	80003cd8	1a78f813	andi	x16,x17,423	 x17:0x00000000 x16=0x00000000
       14365000	      1435	80003cdc	0162d263	bge	x5,x22,80003ce0	  x5:0x00000001 x22:0x4dd4406b
       14375000	      1436	80003ce0	025bca63	blt	x23,x5,80003d14	 x23:0x00000000  x5:0x00000001
       14385000	      1437	00000000	00000013	addi	x0,x0,0	  x0:0x00000000
       14395000	      1438	80003d10	00000013	addi	x0,x0,0	  x0:0x00000000
       14405000	      1439	80003d14	040a8063	beq	x21,x0,80003d54	 x21:0x00000001  x0:0x00000000
       14415000	      1440	80003d18	41dbcc93	xori	x25,x23,1053	 x23:0x00000000 x25=0x0000041d
       14425000	      1441	80003d1c	26d10293	addi	x5,x2,621	  x2:0xfffffb09  x5=0xfffffd76
       14435000	      1442	80003d20	02067e63	bgeu	x12,x0,80003d5c	 x12:0x00000000  x0:0x00000000
       14445000	      1443	00000000	00000013	addi	x0,x0,0	  x0:0x00000000
       14455000	      1444	80003d58	00000013	addi	x0,x0,0	  x0:0x00000000
       14465000	      1445	80003d5c	05ab7463	bgeu	x22,x26,80003da4	 x22:0x4dd4406b x26:0x90003c40
       14475000	      1446	80003d60	03a8ea63	bltu	x17,x26,80003d94	 x17:0x00000000 x26:0x90003c40
       14485000	      1447	00000000	00000013	addi	x0,x0,0	  x0:0x00000000
       14495000	      1448	80003d90	00000013	addi	x0,x0,0	  x0:0x00000000
       14505000	      1449	80003d94	76344713	xori	x14,x8,1891	  x8:0x80009fc4 x14=0x800098a7
       14515000	      1450	80003d98	00f3d833	srl	x16,x7,x15	  x7:0xf1000000 x15:0x00000001 x16=0x78800000
       14525000	      1451	80003d9c	6f723997	auipc	x19,0x6f723	 x19=0xef726d98
       14535000	      1452	80003da0	02e0fa63	bgeu	x1,x14,80003dd4	  x1:0x00000001 x14:0x800098a7
       14545000	      1453	80003da4	00f07733	and	x14,x0,x15	  x0:0x00000000 x15:0x00000001 x14=0x00000000
       14555000	      1454	80003da8	01cf9d33	sll	x26,x31,x28	 x31:0x0000021c x28:0x80009ee4 x26=0x000021c0
       14565000	      1455	80003dac	0122e5b3	or	x11,x5,x18	  x5:0xfffffd76 x18:0x00000000 x11=0xfffffd76
       14575000	      1456	80003db0	41115b93	srai	x23,x2,0x11	  x2:0xfffffb09 x23=0xffffffff
       14585000	      1457	80003db4	003cac33	slt	x24,x25,x3	 x25:0x0000041d  x3:0x90000304 x24=0x00000000
       14595000	      1458	80003db8	68e56b13	ori	x22,x10,1678	 x10:0xb4203fc4 x22=0xb4203fce
       14605000	      1459	80003dbc	00b792b3	sll	x5,x15,x11	 x15:0x00000001 x11:0xfffffd76  x5=0x00400000
       14615000	      1460	80003dc0	007b1663	bne	x22,x7,80003dcc	 x22:0xb4203fce  x7:0xf1000000
       14625000	      1461	00000000	00000013	addi	x0,x0,0	  x0:0x00000000
       14635000	      1462	80003dc8	00000013	addi	x0,x0,0	  x0:0x00000000
       14645000	      1463	80003dcc	41dd5d93	srai	x27,x26,0x1d	 x26:0x000021c0 x27=0x00000000
       14655000	      1464	80003dd0	005d32b3	sltu	x5,x26,x5	 x26:0x000021c0  x5:0x00400000  x5=0x00000001
       14665000	      1465	80003dd4	007e1793	slli	x15,x28,0x7	 x28:0x80009ee4 x15=0x004f7200
       14675000	      1466	80003dd8	600ff093	andi	x1,x31,1536	 x31:0x0000021c  x1=0x00000200
       14685000	      1467	80003ddc	0190bd33	sltu	x26,x1,x25	  x1:0x00000200 x25:0x0000041d x26=0x00000001
       14695000	      1468	80003de0	4429aa13	slti	x20,x19,1090	 x19:0xef726d98 x20=0x00000001
       14705000	      1469	80003de4	014d4a63	blt	x26,x20,80003df8	 x26:0x00000001 x20:0x00000001
       14715000	      1470	80003de8	00000013	addi	x0,x0,0	  x0:0x00000000
       14725000	      1471	80003dec	010bd633	srl	x12,x23,x16	 x23:0xffffffff x16:0x78800000 x12=0xffffffff
       14735000	      1472	80003df0	018640b3	xor	x1,x12,x24	 x12:0xffffffff x24:0x00000000  x1=0xffffffff
       14745000	      1473	80003df4	1172da37	lui	x20,0x1172d	 x20=0x1172d000
       14755000	      1474	80003df8	00319263	bne	x3,x3,80003dfc	  x3:0x90000304  x3:0x90000304
       14765000	      1475	80003dfc	516d1c17	auipc	x24,0x516d1	 x24=0xd16d4df8
       14775000	      1476	80003e00	021a4663	blt	x20,x1,80003e2c	 x20:0x1172d000  x1:0xffffffff
       14785000	      1477	80003e04	00b130b3	sltu	x1,x2,x11	  x2:0xfffffb09 x11:0xfffffd76  x1=0x00000001
       14795000	      1478	80003e08	01c35093	srli	x1,x6,0x1c	  x6:0x00000000  x1=0x00000000
       14805000	      1479	80003e0c	03e21463	bne	x4,x30,80003e34	  x4:0x0b4203fc x30:0x341fa14b
       14815000	      1480	00000000	00000013	addi	x0,x0,0	  x0:0x00000000
       14825000	      1481	80003e30	00000013	addi	x0,x0,0	  x0:0x00000000
       14835000	      1482	80003e34	018d3733	sltu	x14,x26,x24	 x26:0x00000001 x24:0xd16d4df8 x14=0x00000001
       14845000	      1483	80003e38	00d7c033	xor	x0,x15,x13	 x15:0x004f7200 x13:0x2c02a000
       14855000	      1484	80003e3c	014904b3	add	x9,x18,x20	 x18:0x00000000 x20:0x1172d000  x9=0x1172d000
       14865000	      1485	80003e40	543b2f13	slti	x30,x22,1347	 x22:0xb4203fce x30=0x00000001
       14875000	      1486	80003e44	05e89863	bne	x17,x30,80003e94	 x17:0x00000000 x30:0x00000001
       14885000	      1487	00000000	00000013	addi	x0,x0,0	  x0:0x00000000
       14895000	      1488	80003e90	00000013	addi	x0,x0,0	  x0:0x00000000
       14905000	      1489	80003e94	a9a57713	andi	x14,x10,-1382	 x10:0xb4203fc4 x14=0xb4203a80
       14915000	      1490	80003e98	00391513	slli	x10,x18,0x3	 x18:0x00000000 x10=0x00000000
       14925000	      1491	80003e9c	07f5ae93	slti	x29,x11,127	 x11:0xfffffd76 x29=0x00000001
       14935000	      1492	80003ea0	01ff5913	srli	x18,x30,0x1f	 x30:0x00000001 x18=0x00000000
       14945000	      1493	80003ea4	00c37263	bgeu	x6,x12,80003ea8	  x6:0x00000000 x12:0xffffffff
       14955000	      1494	80003ea8	020fe063	bltu	x31,x0,80003ec8	 x31:0x0000021c  x0:0x00000000
       14965000	      1495	80003eac	012513b3	sll	x7,x10,x18	 x10:0x00000000 x18:0x00000000  x7=0x00000000
       14975000	      1496	80003eb0	01a35c63	bge	x6,x26,80003ec8	  x6:0x00000000 x26:0x00000001
       14985000	      1497	80003eb4	411b0c33	sub	x24,x22,x17	 x22:0xb4203fce x17:0x00000000 x24=0xb4203fce
       14995000	      1498	80003eb8	df356c17	auipc	x24,0xdf356	 x24=0x5f359eb4
       15005000	      1499	80003ebc	016c9cb3	sll	x25,x25,x22	 x25:0x0000041d x22:0xb4203fce x25=0x01074000
       15015000	      1500	80003ec0	afd77a97	auipc	x21,0xafd77	 x21=0x2fd7aebc
       15025000	      1501	80003ec4	00000013	addi	x0,x0,0	  x0:0x00000000
       15035000	      1502	80003ec8	402e84b3	sub	x9,x29,x2	 x29:0x00000001  x2:0xfffffb09  x9=0x000004f8
       15045000	      1503	80003ecc	0587e863	bltu	x15,x24,80003f1c	 x15:0x004f7200 x24:0x5f359eb4
       15055000	      1504	00000000	00000013	addi	x0,x0,0	  x0:0x00000000
       15065000	      1505	80003f18	00000013	addi	x0,x0,0	  x0:0x00000000
       15075000	      1506	80003f1c	01f79733	sll	x14,x15,x31	 x15:0x004f7200 x31:0x0000021c x14=0x00000000
       15085000	      1507	80003f20	012ad593	srli	x11,x21,0x12	 x21:0x2fd7aebc x11=0x00000bf5
       15095000	      1508	80003f24	00000013	addi	x0,x0,0	  x0:0x00000000
       15105000	      1509	80003f28	77c551b7	lui	x3,0x77c55	  x3=0x77c55000
       15115000	      1510	80003f2c	00381263	bne	x16,x3,80003f30	 x16:0x78800000  x3:0x77c55000
       15125000	      1511	00000000	00000013	addi	x0,x0,0	  x0:0x00000000
       15135000	      1512	80003f2c	00000013	addi	x0,x0,0	  x0:0x00000000
       15145000	      1513	80003f30	40d08533	sub	x10,x1,x13	  x1:0x00000000 x13:0x2c02a000 x10=0xd3fd6000
       15155000	      1514	80003f34	14dce113	ori	x2,x25,333	 x25:0x01074000  x2=0x0107414d
       15165000	      1515	80003f38	019dbd33	sltu	x26,x27,x25	 x27:0x00000000 x25:0x01074000 x26=0x00000001
       15175000	      1516	80003f3c	85f9f513	andi	x10,x19,-1953	 x19:0xef726d98 x10=0xef726818
       15185000	      1517	80003f40	010b51b3	srl	x3,x22,x16	 x22:0xb4203fce x16:0x78800000  x3=0xb4203fce
       15195000	      1518	80003f44	bf392893	slti	x17,x18,-1037	 x18:0x00000000 x17=0x00000000
       15205000	      1519	80003f48	014e8c63	beq	x29,x20,80003f60	 x29:0x00000001 x20:0x1172d000
       15215000	      1520	80003f4c	00000013	addi	x0,x0,0	  x0:0x00000000
       15225000	      1521	80003f50	00ee5213	srli	x4,x28,0xe	 x28:0x80009ee4  x4=0x00020002
       15235000	      1522	80003f54	0128c663	blt	x17,x18,80003f60	 x17:0x00000000 x18:0x00000000
       15245000	      1523	80003f58	003be2b3	or	x5,x23,x3	 x23:0xffffffff  x3:0xb4203fce  x5=0xffffffff
       15255000	      1524	80003f5c	00338c33	add	x24,x7,x3	  x7:0x00000000  x3:0xb4203fce x24=0xb4203fce
       15265000	      1525	80003f60	c1d9ca13	xori	x20,x19,-995	 x19:0xef726d98 x20=0x108d9185
       15275000	      1526	80003f64	00765a63	bge	x12,x7,80003f78	 x12:0xffffffff  x7:0x00000000
       15285000	      1527	80003f68	95a78d13	addi	x26,x15,-1702	 x15:0x004f7200 x26=0x004f6b5a
       15295000	      1528	80003f6c	861e7993	andi	x19,x28,-1951	 x28:0x80009ee4 x19=0x80009860
       15305000	      1529	80003f70	17700293	addi	x5,x0,375	  x0:0x00000000  x5=0x00000177
       15315000	      1530	80003f74	3f6b4393	xori	x7,x22,1014	 x22:0xb4203fce  x7=0xb4203c38
       15325000	      1531	80003f78	00fff3b3	and	x7,x31,x15	 x31:0x0000021c x15:0x004f7200  x7=0x00000200
       15335000	      1532	80003f7c	ac58b793	sltiu	x15,x17,-1339	 x17:0x00000000 x15=0x00000001
       15345000	      1533	80003f80	01de9a63	bne	x29,x29,80003f94	 x29:0x00000001 x29:0x00000001
       15355000	      1534	80003f84	02b97263	bgeu	x18,x11,80003fa8	 x18:0x00000000 x11:0x00000bf5
       15365000	      1535	80003f88	01c27663	bgeu	x4,x28,80003f94	  x4:0x00020002 x28:0x80009ee4
       15375000	      1536	80003f8c	871e50b7	lui	x1,0x871e5	  x1=0x871e5000
       15385000	      1537	80003f90	f82d0b93	addi	x23,x26,-126	 x26:0x004f6b5a x23=0x004f6adc
       15395000	      1538	80003f94	0576f463	bgeu	x13,x23,80003fdc	 x13:0x2c02a000 x23:0x004f6adc
       15405000	      1539	00000000	00000013	addi	x0,x0,0	  x0:0x00000000
       15415000	      1540	80003fd8	00000013	addi	x0,x0,0	  x0:0x00000000
       15425000	      1541	80003fdc	dbd4e113	ori	x2,x9,-579	  x9:0x000004f8  x2=0xfffffdfd
       15435000	      1542	80003fe0	00000013	addi	x0,x0,0	  x0:0x00000000
       15445000	      1543	80003fe4	41f15093	srai	x1,x2,0x1f	  x2:0xfffffdfd  x1=0xffffffff
       15455000	      1544	80003fe8	416b8eb3	sub	x29,x23,x22	 x23:0x004f6adc x22:0xb4203fce x29=0x4c2f2b0e
       15465000	      1545	80003fec	03585063	bge	x16,x21,8000400c	 x16:0x78800000 x21:0x2fd7aebc
       15475000	      1546	00000000	00000013	addi	x0,x0,0	  x0:0x00000000
       15485000	      1547	80004008	00000013	addi	x0,x0,0	  x0:0x00000000
       15495000	      1548	8000400c	002b1213	slli	x4,x22,0x2	 x22:0xb4203fce  x4=0xd080ff38
       15505000	      1549	80004010	004e2083	lw	x1,4(x28)	 x28:0x80009ee4  x1=0x800056a0 PA:0x80009ee8
       15515000	      1550	80004014	004854b3	srl	x9,x16,x4	 x16:0x78800000  x4:0xd080ff38  x9=0x00000078
       15525000	      1551	80004018	014e0e13	addi	x28,x28,20	 x28:0x80009ee4 x28=0x80009ef8
       15535000	      1552	8000401c	bd34ec17	auipc	x24,0xbd34e	 x24=0x3d352018
       15545000	      1553	80004020	4121d593	srai	x11,x3,0x12	  x3:0xb4203fce x11=0xffffed08
       15555000	      1554	80004024	409e8833	sub	x16,x29,x9	 x29:0x4c2f2b0e  x9:0x00000078 x16=0x4c2f2a96
       15565000	      1555	80004028	41930fb3	sub	x31,x6,x25	  x6:0x00000000 x25:0x01074000 x31=0xfef8c000
       15575000	      1556	8000402c	01901513	slli	x10,x0,0x19	  x0:0x00000000 x10=0x00000000
       15585000	      1557	80004030	49928393	addi	x7,x5,1177	  x5:0x00000177  x7=0x00000610
       15595000	      1558	80004034	6bdac213	xori	x4,x21,1725	 x21:0x2fd7aebc  x4=0x2fd7a801
       15605000	      1559	80004038	41ccdb13	srai	x22,x25,0x1c	 x25:0x01074000 x22=0x00000000
       15615000	      1560	8000403c	00108893	addi	x17,x1,1	  x1:0x800056a0 x17=0x800056a1
       15625000	      1561	80004040	000888e7	jalr	x17,x17,0	 x17:0x800056a1 x17=0x80004040
       15635000	      1562	00000000	00000013	addi	x0,x0,0	  x0:0x00000000
       15645000	      1563	800056a0	00000013	addi	x0,x0,0	  x0:0x00000000
       15655000	      1564	800056a4	5bdfa193	slti	x3,x31,1469	 x31:0xfef8c000  x3=0x00000001
       15665000	      1565	800056a8	0166d863	bge	x13,x22,800056b8	 x13:0x2c02a000 x22:0x00000000
       15675000	      1566	00000000	00000013	addi	x0,x0,0	  x0:0x00000000
       15685000	      1567	800056b4	00000013	addi	x0,x0,0	  x0:0x00000000
       15695000	      1568	800056b8	00f3a733	slt	x14,x7,x15	  x7:0x00000610 x15:0x00000001 x14=0x00000000
       15705000	      1569	800056bc	402dd793	srai	x15,x27,0x2	 x27:0x00000000 x15=0x00000000
       15715000	      1570	800056c0	00538fb3	add	x31,x7,x5	  x7:0x00000610  x5:0x00000177 x31=0x00000787
       15725000	      1571	800056c4	00685893	srli	x17,x16,0x6	 x16:0x4c2f2a96 x17=0x0130bcaa
       15735000	      1572	800056c8	4151d593	srai	x11,x3,0x15	  x3:0x00000001 x11=0x00000000
       15745000	      1573	800056cc	00389a63	bne	x17,x3,800056e0	 x17:0x0130bcaa  x3:0x00000001
       15755000	      1574	00000000	00000013	addi	x0,x0,0	  x0:0x00000000
       15765000	      1575	800056dc	00000013	addi	x0,x0,0	  x0:0x00000000
       15775000	      1576	800056e0	015cd663	bge	x25,x21,800056ec	 x25:0x01074000 x21:0x2fd7aebc
       15785000	      1577	800056e4	02df6063	bltu	x30,x13,80005704	 x30:0x00000001 x13:0x2c02a000
       15795000	      1578	00000000	00000013	addi	x0,x0,0	  x0:0x00000000
       15805000	      1579	80005700	00000013	addi	x0,x0,0	  x0:0x00000000
       15815000	      1580	80005704	00aafe63	bgeu	x21,x10,80005720	 x21:0x2fd7aebc x10:0x00000000
       15825000	      1581	00000000	00000013	addi	x0,x0,0	  x0:0x00000000
       15835000	      1582	8000571c	00000013	addi	x0,x0,0	  x0:0x00000000
       15845000	      1583	80005720	836cc093	xori	x1,x25,-1994	 x25:0x01074000  x1=0xfef8b836
       15855000	      1584	80005724	016e1863	bne	x28,x22,80005734	 x28:0x80009ef8 x22:0x00000000
       15865000	      1585	00000000	00000013	addi	x0,x0,0	  x0:0x00000000
       15875000	      1586	80005730	00000013	addi	x0,x0,0	  x0:0x00000000
       15885000	      1587	80005734	2eb6a693	slti	x13,x13,747	 x13:0x2c02a000 x13=0x00000000
       15895000	      1588	80005738	00da8b33	add	x22,x21,x13	 x21:0x2fd7aebc x13:0x00000000 x22=0x2fd7aebc
       15905000	      1589	8000573c	018f1b13	slli	x22,x30,0x18	 x30:0x00000001 x22=0x01000000
       15915000	      1590	80005740	00e86f33	or	x30,x16,x14	 x16:0x4c2f2a96 x14:0x00000000 x30=0x4c2f2a96
       15925000	      1591	80005744	41878733	sub	x14,x15,x24	 x15:0x00000000 x24:0x3d352018 x14=0xc2cadfe8
       15935000	      1592	80005748	013bf933	and	x18,x23,x19	 x23:0x004f6adc x19:0x80009860 x18=0x00000840
       15945000	      1593	8000574c	00357833	and	x16,x10,x3	 x10:0x00000000  x3:0x00000001 x16=0x00000000
       15955000	      1594	80005750	017a9f13	slli	x30,x21,0x17	 x21:0x2fd7aebc x30=0x5e000000
       15965000	      1595	80005754	00a54233	xor	x4,x10,x10	 x10:0x00000000 x10:0x00000000  x4=0x00000000
       15975000	      1596	80005758	0189e7b3	or	x15,x19,x24	 x19:0x80009860 x24:0x3d352018 x15=0xbd35b878
       15985000	      1597	8000575c	4f62ac13	slti	x24,x5,1270	  x5:0x00000177 x24=0x00000001
       15995000	      1598	80005760	68c1cc93	xori	x25,x3,1676	  x3:0x00000001 x25=0x0000068d
       16005000	      1599	80005764	bfa10b97	auipc	x23,0xbfa10	 x23=0x3fa15760
       16015000	      1600	80005768	00000013	addi	x0,x0,0	  x0:0x00000000
       16025000	      1601	8000576c	02b54663	blt	x10,x11,80005798	 x10:0x00000000 x11:0x00000000
       16035000	      1602	80005770	20542013	slti	x0,x8,517	  x8:0x80009fc4
       16045000	      1603	80005774	3bb4b213	sltiu	x4,x9,955	  x9:0x00000078  x4=0x00000001
       16055000	      1604	80005778	02b10a63	beq	x2,x11,800057ac	  x2:0xfffffdfd x11:0x00000000
       16065000	      1605	8000577c	40c18d33	sub	x26,x3,x12	  x3:0x00000001 x12:0xffffffff x26=0x00000002
       16075000	      1606	80005780	012a23b3	slt	x7,x20,x18	 x20:0x108d9185 x18:0x00000840  x7=0x00000000
       16085000	      1607	80005784	0254fa63	bgeu	x9,x5,800057b8	  x9:0x00000078  x5:0x00000177
       16095000	      1608	80005788	008afcb3	and	x25,x21,x8	 x21:0x2fd7aebc  x8:0x80009fc4 x25=0x00008e84
       16105000	      1609	8000578c	0042d863	bge	x5,x4,8000579c	  x5:0x00000177  x4:0x00000001
       16115000	      1610	00000000	00000013	addi	x0,x0,0	  x0:0x00000000
       16125000	      1611	80005798	00000013	addi	x0,x0,0	  x0:0x00000000
       16135000	      1612	8000579c	01aef7b3	and	x15,x29,x26	 x29:0x4c2f2b0e x26:0x00000002 x15=0x00000002
       16145000	      1613	800057a0	00395593	srli	x11,x18,0x3	 x18:0x00000840 x11=0x00000108
       16155000	      1614	800057a4	410308b3	sub	x17,x6,x16	  x6:0x00000000 x16:0x00000000 x17=0x00000000
       16165000	      1615	800057a8	c2264893	xori	x17,x12,-990	 x12:0xffffffff x17=0x000003dd
       16175000	      1616	800057ac	55fa0c93	addi	x25,x20,1375	 x20:0x108d9185 x25=0x108d96e4
       16185000	      1617	800057b0	03d3c663	blt	x7,x29,800057dc	  x7:0x00000000 x29:0x4c2f2b0e
       16195000	      1618	00000000	00000013	addi	x0,x0,0	  x0:0x00000000
       16205000	      1619	800057d8	00000013	addi	x0,x0,0	  x0:0x00000000
       16215000	      1620	800057dc	78402e93	slti	x29,x0,1924	  x0:0x00000000 x29=0x00000001
       16225000	      1621	800057e0	6eae0f17	auipc	x30,0x6eae0	 x30=0xeeae57dc
       16235000	      1622	800057e4	33abc993	xori	x19,x23,826	 x23:0x3fa15760 x19=0x3fa1545a
       16245000	      1623	800057e8	428fc913	xori	x18,x31,1064	 x31:0x00000787 x18=0x000003af
       16255000	      1624	800057ec	00678033	add	x0,x15,x6	 x15:0x00000002  x6:0x00000000
       16265000	      1625	800057f0	402d05b3	sub	x11,x26,x2	 x26:0x00000002  x2:0xfffffdfd x11=0x00000205
       16275000	      1626	800057f4	02638613	addi	x12,x7,38	  x7:0x00000000 x12=0x00000026
       16285000	      1627	800057f8	000a0a63	beq	x20,x0,8000580c	 x20:0x108d9185  x0:0x00000000
       16295000	      1628	800057fc	00bb5b93	srli	x23,x22,0xb	 x22:0x01000000 x23=0x00002000
       16305000	      1629	80005800	50f2b597	auipc	x11,0x50f2b	 x11=0xd0f307fc
       16315000	      1630	80005804	01a0d9b3	srl	x19,x1,x26	  x1:0xfef8b836 x26:0x00000002 x19=0x3fbe2e0d
       16325000	      1631	80005808	4a79b713	sltiu	x14,x19,1191	 x19:0x3fbe2e0d x14=0x00000000
       16335000	      1632	8000580c	138ba993	slti	x19,x23,312	 x23:0x00002000 x19=0x00000000
       16345000	      1633	80005810	22880493	addi	x9,x16,552	 x16:0x00000000  x9=0x00000228
       16355000	      1634	80005814	45794f13	xori	x30,x18,1111	 x18:0x000003af x30=0x000007f8
       16365000	      1635	80005818	01167f33	and	x30,x12,x17	 x12:0x00000026 x17:0x000003dd x30=0x00000004
       16375000	      1636	8000581c	343f3c93	sltiu	x25,x30,835	 x30:0x00000004 x25=0x00000001
       16385000	      1637	80005820	00000013	addi	x0,x0,0	  x0:0x00000000
       16395000	      1638	80005824	01eaf7b3	and	x15,x21,x30	 x21:0x2fd7aebc x30:0x00000004 x15=0x00000004
       16405000	      1639	80005828	01be5663	bge	x28,x27,80005834	 x28:0x80009ef8 x27:0x00000000
       16415000	      1640	8000582c	01d0c863	blt	x1,x29,8000583c	  x1:0xfef8b836 x29:0x00000001
       16425000	      1641	00000000	00000013	addi	x0,x0,0	  x0:0x00000000
       16435000	      1642	80005838	00000013	addi	x0,x0,0	  x0:0x00000000
       16445000	      1643	8000583c	00938b33	add	x22,x7,x9	  x7:0x00000000  x9:0x00000228 x22=0x00000228
       16455000	      1644	80005840	00cc88b3	add	x17,x25,x12	 x25:0x00000001 x12:0x00000026 x17=0x00000027
       16465000	      1645	80005844	02886663	bltu	x16,x8,80005870	 x16:0x00000000  x8:0x80009fc4
       16475000	      1646	00000000	00000013	addi	x0,x0,0	  x0:0x00000000
       16485000	      1647	8000586c	00000013	addi	x0,x0,0	  x0:0x00000000
       16495000	      1648	80005870	011022b3	slt	x5,x0,x17	  x0:0x00000000 x17:0x00000027  x5=0x00000001
       16505000	      1649	80005874	0560c463	blt	x1,x22,800058bc	  x1:0xfef8b836 x22:0x00000228
       16515000	      1650	00000000	00000013	addi	x0,x0,0	  x0:0x00000000
       16525000	      1651	800058b8	00000013	addi	x0,x0,0	  x0:0x00000000
       16535000	      1652	800058bc	bcf84293	xori	x5,x16,-1073	 x16:0x00000000  x5=0xfffffbcf
       16545000	      1653	800058c0	04d50663	beq	x10,x13,8000590c	 x10:0x00000000 x13:0x00000000
       16555000	      1654	00000000	00000013	addi	x0,x0,0	  x0:0x00000000
       16565000	      1655	80005908	00000013	addi	x0,x0,0	  x0:0x00000000
       16575000	      1656	8000590c	40695513	srai	x10,x18,0x6	 x18:0x000003af x10=0x0000000e
       16585000	      1657	80005910	01f61993	slli	x19,x12,0x1f	 x12:0x00000026 x19=0x00000000
       16595000	      1658	80005914	01110b33	add	x22,x2,x17	  x2:0xfffffdfd x17:0x00000027 x22=0xfffffe24
       16605000	      1659	80005918	f8467b13	andi	x22,x12,-124	 x12:0x00000026 x22=0x00000004
       16615000	      1660	8000591c	00000013	addi	x0,x0,0	  x0:0x00000000
       16625000	      1661	80005920	42d53513	sltiu	x10,x10,1069	 x10:0x0000000e x10=0x00000001
       16635000	      1662	80005924	019e94b3	sll	x9,x29,x25	 x29:0x00000001 x25:0x00000001  x9=0x00000002
       16645000	      1663	80005928	cf5f3893	sltiu	x17,x30,-779	 x30:0x00000004 x17=0x00000001
       16655000	      1664	8000592c	408dd913	srai	x18,x27,0x8	 x27:0x00000000 x18=0x00000000
       16665000	      1665	80005930	01499813	slli	x16,x19,0x14	 x19:0x00000000 x16=0x00000000
       16675000	      1666	80005934	8a9f0013	addi	x0,x30,-1879	 x30:0x00000004
       16685000	      1667	80005938	006f1913	slli	x18,x30,0x6	 x30:0x00000004 x18=0x00000100
       16695000	      1668	8000593c	000c1f93	slli	x31,x24,0x0	 x24:0x00000001 x31=0x00000001
       16705000	      1669	80005940	c8c82713	slti	x14,x16,-884	 x16:0x00000000 x14=0x00000000
       16715000	      1670	80005944	00515a13	srli	x20,x2,0x5	  x2:0xfffffdfd x20=0x07ffffef
       16725000	      1671	80005948	416c5eb3	sra	x29,x24,x22	 x24:0x00000001 x22:0x00000004 x29=0x00000000
       16735000	      1672	8000594c	3e79c893	xori	x17,x19,999	 x19:0x00000000 x17=0x000003e7
       16745000	      1673	80005950	00b71733	sll	x14,x14,x11	 x14:0x00000000 x11:0xd0f307fc x14=0x00000000
       16755000	      1674	80005954	056e5263	bge	x28,x22,80005998	 x28:0x80009ef8 x22:0x00000004
       16765000	      1675	80005958	01021263	bne	x4,x16,8000595c	  x4:0x00000001 x16:0x00000000
       16775000	      1676	00000000	00000013	addi	x0,x0,0	  x0:0x00000000
       16785000	      1677	80005958	00000013	addi	x0,x0,0	  x0:0x00000000
       16795000	      1678	8000595c	02f31863	bne	x6,x15,8000598c	  x6:0x00000000 x15:0x00000004
       16805000	      1679	00000000	00000013	addi	x0,x0,0	  x0:0x00000000
       16815000	      1680	80005988	00000013	addi	x0,x0,0	  x0:0x00000000
       16825000	      1681	8000598c	00b01a33	sll	x20,x0,x11	  x0:0x00000000 x11:0xd0f307fc x20=0x00000000
       16835000	      1682	80005990	03876263	bltu	x14,x24,800059b4	 x14:0x00000000 x24:0x00000001
       16845000	      1683	00000000	00000013	addi	x0,x0,0	  x0:0x00000000
       16855000	      1684	800059b0	00000013	addi	x0,x0,0	  x0:0x00000000
       16865000	      1685	800059b4	00dec2b3	xor	x5,x29,x13	 x29:0x00000000 x13:0x00000000  x5=0x00000000
       16875000	      1686	800059b8	1c804117	auipc	x2,0x1c804	  x2=0x9c8099b4
       16885000	      1687	800059bc	2a1d7113	andi	x2,x26,673	 x26:0x00000002  x2=0x00000000
       16895000	      1688	800059c0	cb2731b7	lui	x3,0xcb273	  x3=0xcb273000
       16905000	      1689	800059c4	41a70fb3	sub	x31,x14,x26	 x14:0x00000000 x26:0x00000002 x31=0xfffffffe
       16915000	      1690	800059c8	403285b3	sub	x11,x5,x3	  x5:0x00000000  x3:0xcb273000 x11=0x34d8d000
       16925000	      1691	800059cc	02685a63	bge	x16,x6,80005a00	 x16:0x00000000  x6:0x00000000
       16935000	      1692	00000000	00000013	addi	x0,x0,0	  x0:0x00000000
       16945000	      1693	800059fc	00000013	addi	x0,x0,0	  x0:0x00000000
       16955000	      1694	80005a00	80816913	ori	x18,x2,-2040	  x2:0x00000000 x18=0xfffff808
       16965000	      1695	80005a04	0111f263	bgeu	x3,x17,80005a08	  x3:0xcb273000 x17:0x000003e7
       16975000	      1696	00000000	00000013	addi	x0,x0,0	  x0:0x00000000
       16985000	      1697	80005a04	00000013	addi	x0,x0,0	  x0:0x00000000
       16995000	      1698	80005a08	417f09b3	sub	x19,x30,x23	 x30:0x00000004 x23:0x00002000 x19=0xffffe004
       17005000	      1699	80005a0c	fd84ce93	xori	x29,x9,-40	  x9:0x00000002 x29=0xffffffda
       17015000	      1700	80005a10	08e70293	addi	x5,x14,142	 x14:0x00000000  x5=0x0000008e
       17025000	      1701	80005a14	018a16b3	sll	x13,x20,x24	 x20:0x00000000 x24:0x00000001 x13=0x00000000
       17035000	      1702	80005a18	2f06a117	auipc	x2,0x2f06a	  x2=0xaf06fa14
       17045000	      1703	80005a1c	051a8663	beq	x21,x17,80005a68	 x21:0x2fd7aebc x17:0x000003e7
       17055000	      1704	80005a20	00f46e63	bltu	x8,x15,80005a3c	  x8:0x80009fc4 x15:0x00000004
       17065000	      1705	80005a24	00115633	srl	x12,x2,x1	  x2:0xaf06fa14  x1:0xfef8b836 x12=0x000002bc
       17075000	      1706	80005a28	aaa3dfb7	lui	x31,0xaaa3d	 x31=0xaaa3d000
       17085000	      1707	80005a2c	7a954a13	xori	x20,x10,1961	 x10:0x00000001 x20=0x000007a8
       17095000	      1708	80005a30	007edf33	srl	x30,x29,x7	 x29:0xffffffda  x7:0x00000000 x30=0xffffffda
       17105000	      1709	80005a34	014096b3	sll	x13,x1,x20	  x1:0xfef8b836 x20:0x000007a8 x13=0xf8b83600
       17115000	      1710	80005a38	016c1ab3	sll	x21,x24,x22	 x24:0x00000001 x22:0x00000004 x21=0x00000010
       17125000	      1711	80005a3c	00000013	addi	x0,x0,0	  x0:0x00000000
       17135000	      1712	80005a40	00add6b3	srl	x13,x27,x10	 x27:0x00000000 x10:0x00000001 x13=0x00000000
       17145000	      1713	80005a44	013bf663	bgeu	x23,x19,80005a50	 x23:0x00002000 x19:0xffffe004
       17155000	      1714	80005a48	4036d993	srai	x19,x13,0x3	 x13:0x00000000 x19=0x00000000
       17165000	      1715	80005a4c	0132df33	srl	x30,x5,x19	  x5:0x0000008e x19:0x00000000 x30=0x0000008e
       17175000	      1716	80005a50	b3e1b893	sltiu	x17,x3,-1218	  x3:0xcb273000 x17=0x00000001
       17185000	      1717	80005a54	01f49033	sll	x0,x9,x31	  x9:0x00000002 x31:0xaaa3d000
       17195000	      1718	80005a58	b4f57217	auipc	x4,0xb4f57	  x4=0x34f5ca54
       17205000	      1719	80005a5c	00e4da63	bge	x9,x14,80005a70	  x9:0x00000002 x14:0x00000000
       17215000	      1720	00000000	00000013	addi	x0,x0,0	  x0:0x00000000
       17225000	      1721	80005a6c	00000013	addi	x0,x0,0	  x0:0x00000000
       17235000	      1722	80005a70	687f2493	slti	x9,x30,1671	 x30:0x0000008e  x9=0x00000001
       17245000	      1723	80005a74	0a7d3813	sltiu	x16,x26,167	 x26:0x00000002 x16=0x00000001
       17255000	      1724	80005a78	a2576737	lui	x14,0xa2576	 x14=0xa2576000
       17265000	      1725	80005a7c	01888133	add	x2,x17,x24	 x17:0x00000001 x24:0x00000001  x2=0x00000002
       17275000	      1726	80005a80	40ee0fb3	sub	x31,x28,x14	 x28:0x80009ef8 x14:0xa2576000 x31=0xdda93ef8
       17285000	      1727	80005a84	043d1263	bne	x26,x3,80005ac8	 x26:0x00000002  x3:0xcb273000
       17295000	      1728	00000000	00000013	addi	x0,x0,0	  x0:0x00000000
       17305000	      1729	80005ac4	00000013	addi	x0,x0,0	  x0:0x00000000
       17315000	      1730	80005ac8	408fd033	sra	x0,x31,x8	 x31:0xdda93ef8  x8:0x80009fc4
       17325000	      1731	80005acc	00000013	addi	x0,x0,0	  x0:0x00000000
       17335000	      1732	80005ad0	011dab33	slt	x22,x27,x17	 x27:0x00000000 x17:0x00000001 x22=0x00000001
       17345000	      1733	80005ad4	01696bb3	or	x23,x18,x22	 x18:0xfffff808 x22:0x00000001 x23=0xfffff809
       17355000	      1734	80005ad8	0115df33	srl	x30,x11,x17	 x11:0x34d8d000 x17:0x00000001 x30=0x1a6c6800
       17365000	      1735	80005adc	0cb5ea63	bltu	x11,x11,80005bb0	 x11:0x34d8d000 x11:0x34d8d000
       17375000	      1736	80005ae0	40515593	srai	x11,x2,0x5	  x2:0x00000002 x11=0x00000000
       17385000	      1737	80005ae4	009a9993	slli	x19,x21,0x9	 x21:0x00000010 x19=0x00002000
       17395000	      1738	80005ae8	003bfeb3	and	x29,x23,x3	 x23:0xfffff809  x3:0xcb273000 x29=0xcb273000
       17405000	      1739	80005aec	86913b13	sltiu	x22,x2,-1943	  x2:0x00000002 x22=0x00000001
       17415000	      1740	80005af0	014d91b3	sll	x3,x27,x20	 x27:0x00000000 x20:0x000007a8  x3=0x00000000
       17425000	      1741	80005af4	00002117	auipc	x2,0x2	  x2=0x80007af0
       17435000	      1742	80005af8	66510113	addi	x2,x2,1637	  x2:0x80007af0  x2=0x80008155
       17445000	      1743	80005afc	00f15e83	lhu	x29,15(x2)	  x2:0x80008155 x29=0x00000000 PA:0x80008164
       17455000	      1744	80005b00	fff110a3	sh	x31,-31(x2)	  x2:0x80008155 x31:0xdda93ef8 PA:0x80008136
       17465000	      1745	80005b04	010e9b93	slli	x23,x29,0x10	 x29:0x00000000 x23=0x00000000
       17475000	      1746	80005b08	403c0b33	sub	x22,x24,x3	 x24:0x00000001  x3:0x00000000 x22=0x00000001
       17485000	      1747	80005b0c	00d8dd33	srl	x26,x17,x13	 x17:0x00000001 x13:0x00000000 x26=0x00000001
       17495000	      1748	80005b10	fc915183	lhu	x3,-55(x2)	  x2:0x80008155  x3=0x00000000 PA:0x8000811e
       17505000	      1749	80005b14	00d4ebb3	or	x23,x9,x13	  x9:0x00000001 x13:0x00000000 x23=0x00000001
       17515000	      1750	80005b18	413d87b3	sub	x15,x27,x19	 x27:0x00000000 x19:0x00002000 x15=0xffffe000
       17525000	      1751	80005b1c	00000013	addi	x0,x0,0	  x0:0x00000000
       17535000	      1752	80005b20	80d66813	ori	x16,x12,-2035	 x12:0x000002bc x16=0xfffffabd
       17545000	      1753	80005b24	00de9193	slli	x3,x29,0xd	 x29:0x00000000  x3=0x00000000
       17555000	      1754	80005b28	01e49eb3	sll	x29,x9,x30	  x9:0x00000001 x30:0x1a6c6800 x29=0x00000001
       17565000	      1755	80005b2c	031118a3	sh	x17,49(x2)	  x2:0x80008155 x17:0x00000001 PA:0x80008186
       17575000	      1756	80005b30	fe210203	lb	x4,-30(x2)	  x2:0x80008155  x4=0x0000003e PA:0x80008137
       17585000	      1757	80005b34	012bd993	srli	x19,x23,0x12	 x23:0x00000001 x19=0x00000000
       17595000	      1758	80005b38	00014f03	lbu	x30,0(x2)	  x2:0x80008155 x30=0x00000000 PA:0x80008155
       17605000	      1759	80005b3c	97da8f37	lui	x30,0x97da8	 x30=0x97da8000
       17615000	      1760	80005b40	007e9d33	sll	x26,x29,x7	 x29:0x00000001  x7:0x00000000 x26=0x00000001
       17625000	      1761	80005b44	00b59913	slli	x18,x11,0xb	 x11:0x00000000 x18=0x00000000
       17635000	      1762	80005b48	5ace3813	sltiu	x16,x28,1452	 x28:0x80009ef8 x16=0x00000000
       17645000	      1763	80005b4c	0068dbb3	srl	x23,x17,x6	 x17:0x00000001  x6:0x00000000 x23=0x00000001
       17655000	      1764	80005b50	0012d733	srl	x14,x5,x1	  x5:0x0000008e  x1:0xfef8b836 x14=0x00000000
       17665000	      1765	80005b54	4c640093	addi	x1,x8,1222	  x8:0x80009fc4  x1=0x8000a48a
       17675000	      1766	80005b58	fc610603	lb	x12,-58(x2)	  x2:0x80008155 x12=0x00000000 PA:0x8000811b
       17685000	      1767	80005b5c	40445493	srai	x9,x8,0x4	  x8:0x80009fc4  x9=0xf80009fc
       17695000	      1768	80005b60	417a54b3	sra	x9,x20,x23	 x20:0x000007a8 x23:0x00000001  x9=0x000003d4
       17705000	      1769	80005b64	fd910c83	lb	x25,-39(x2)	  x2:0x80008155 x25=0x00000000 PA:0x8000812e
       17715000	      1770	80005b68	014069b3	or	x19,x0,x20	  x0:0x00000000 x20:0x000007a8 x19=0x000007a8
       17725000	      1771	80005b6c	01a70cb3	add	x25,x14,x26	 x14:0x00000000 x26:0x00000001 x25=0x00000001
       17735000	      1772	80005b70	a390ec93	ori	x25,x1,-1479	  x1:0x8000a48a x25=0xfffffebb
       17745000	      1773	80005b74	01e250b3	srl	x1,x4,x30	  x4:0x0000003e x30:0x97da8000  x1=0x0000003e
       17755000	      1774	80005b78	01d645b3	xor	x11,x12,x29	 x12:0x00000000 x29:0x00000001 x11=0x00000001
       17765000	      1775	80005b7c	0124e733	or	x14,x9,x18	  x9:0x000003d4 x18:0x00000000 x14=0x000003d4
       17775000	      1776	80005b80	01363ab3	sltu	x21,x12,x19	 x12:0x00000000 x19:0x000007a8 x21=0x00000001
       17785000	      1777	80005b84	41c1df93	srai	x31,x3,0x1c	  x3:0x00000000 x31=0x00000000
       17795000	      1778	80005b88	ff714803	lbu	x16,-9(x2)	  x2:0x80008155 x16=0x00000000 PA:0x8000814c
       17805000	      1779	80005b8c	1b76ad13	slti	x26,x13,439	 x13:0x00000000 x26=0x00000001
       17815000	      1780	80005b90	00610b03	lb	x22,6(x2)	  x2:0x80008155 x22=0x00000000 PA:0x8000815b
       17825000	      1781	80005b94	2c828b93	addi	x23,x5,712	  x5:0x0000008e x23=0x00000356
       17835000	      1782	80005b98	00b96663	bltu	x18,x11,80005ba4	 x18:0x00000000 x11:0x00000001
       17845000	      1783	00000000	00000013	addi	x0,x0,0	  x0:0x00000000
       17855000	      1784	80005ba0	00000013	addi	x0,x0,0	  x0:0x00000000
       17865000	      1785	80005ba4	75ac7b93	andi	x23,x24,1882	 x24:0x00000001 x23=0x00000000
       17875000	      1786	80005ba8	03a6da63	bge	x13,x26,80005bdc	 x13:0x00000000 x26:0x00000001
       17885000	      1787	80005bac	00ff1933	sll	x18,x30,x15	 x30:0x97da8000 x15:0xffffe000 x18=0x97da8000
       17895000	      1788	80005bb0	00971593	slli	x11,x14,0x9	 x14:0x000003d4 x11=0x0007a800
       17905000	      1789	80005bb4	0393d663	bge	x7,x25,80005be0	  x7:0x00000000 x25:0xfffffebb
       17915000	      1790	00000000	00000013	addi	x0,x0,0	  x0:0x00000000
       17925000	      1791	80005bdc	00000013	addi	x0,x0,0	  x0:0x00000000
       17935000	      1792	80005be0	03681863	bne	x16,x22,80005c10	 x16:0x00000000 x22:0x00000000
       17945000	      1793	80005be4	00000013	addi	x0,x0,0	  x0:0x00000000
       17955000	      1794	80005be8	014a59b3	srl	x19,x20,x20	 x20:0x000007a8 x20:0x000007a8 x19=0x00000007
       17965000	      1795	80005bec	01500db3	add	x27,x0,x21	  x0:0x00000000 x21:0x00000001 x27=0x00000001
       17975000	      1796	80005bf0	00207533	and	x10,x0,x2	  x0:0x00000000  x2:0x80008155 x10=0x00000000
       17985000	      1797	80005bf4	01774a63	blt	x14,x23,80005c08	 x14:0x000003d4 x23:0x00000000
       17995000	      1798	80005bf8	402a0a33	sub	x20,x20,x2	 x20:0x000007a8  x2:0x80008155 x20=0x7fff8653
       18005000	      1799	80005bfc	01c54eb3	xor	x29,x10,x28	 x10:0x00000000 x28:0x80009ef8 x29=0x80009ef8
       18015000	      1800	80005c00	03458a63	beq	x11,x20,80005c34	 x11:0x0007a800 x20:0x7fff8653
       18025000	      1801	80005c04	014c8a33	add	x20,x25,x20	 x25:0xfffffebb x20:0x7fff8653 x20=0x7fff850e
       18035000	      1802	80005c08	0187e863	bltu	x15,x24,80005c18	 x15:0xffffe000 x24:0x00000001
       18045000	      1803	80005c0c	004ba833	slt	x16,x23,x4	 x23:0x00000000  x4:0x0000003e x16=0x00000001
       18055000	      1804	80005c10	00fd8f33	add	x30,x27,x15	 x27:0x00000001 x15:0xffffe000 x30=0xffffe001
       18065000	      1805	80005c14	d2306a13	ori	x20,x0,-733	  x0:0x00000000 x20=0xfffffd23
       18075000	      1806	80005c18	00156263	bltu	x10,x1,80005c1c	 x10:0x00000000  x1:0x0000003e
       18085000	      1807	00000000	00000013	addi	x0,x0,0	  x0:0x00000000
       18095000	      1808	80005c18	00000013	addi	x0,x0,0	  x0:0x00000000
       18105000	      1809	80005c1c	e6853597	auipc	x11,0xe6853	 x11=0x66858c18
       18115000	      1810	80005c20	cff41217	auipc	x4,0xcff41	  x4=0x4ff46c1c
       18125000	      1811	80005c24	01971133	sll	x2,x14,x25	 x14:0x000003d4 x25:0xfffffebb  x2=0xa0000000
       18135000	      1812	80005c28	01f2f2b3	and	x5,x5,x31	  x5:0x0000008e x31:0x00000000  x5=0x00000000
       18145000	      1813	80005c2c	0032e6b3	or	x13,x5,x3	  x5:0x00000000  x3:0x00000000 x13=0x00000000
       18155000	      1814	80005c30	55106a93	ori	x21,x0,1361	  x0:0x00000000 x21=0x00000551
       18165000	      1815	80005c34	0074f863	bgeu	x9,x7,80005c44	  x9:0x000003d4  x7:0x00000000
       18175000	      1816	00000000	00000013	addi	x0,x0,0	  x0:0x00000000
       18185000	      1817	80005c40	00000013	addi	x0,x0,0	  x0:0x00000000
       18195000	      1818	80005c44	de3d4e97	auipc	x29,0xde3d4	 x29=0x5e3d9c40
       18205000	      1819	80005c48	008fdd13	srli	x26,x31,0x8	 x31:0x00000000 x26=0x00000000
       18215000	      1820	80005c4c	004346b3	xor	x13,x6,x4	  x6:0x00000000  x4:0x4ff46c1c x13=0x4ff46c1c
       18225000	      1821	80005c50	c4f72093	slti	x1,x14,-945	 x14:0x000003d4  x1=0x00000000
       18235000	      1822	80005c54	01ba49b3	xor	x19,x20,x27	 x20:0xfffffd23 x27:0x00000001 x19=0xfffffd22
       18245000	      1823	80005c58	00e11a13	slli	x20,x2,0xe	  x2:0xa0000000 x20=0x00000000
       18255000	      1824	80005c5c	da30ac37	lui	x24,0xda30a	 x24=0xda30a000
       18265000	      1825	80005c60	0185b233	sltu	x4,x11,x24	 x11:0x66858c18 x24:0xda30a000  x4=0x00000001
       18275000	      1826	80005c64	e75fcf17	auipc	x30,0xe75fc	 x30=0x67601c60
       18285000	      1827	80005c68	004b1f13	slli	x30,x22,0x4	 x22:0x00000000 x30=0x00000000
       18295000	      1828	80005c6c	006ac863	blt	x21,x6,80005c7c	 x21:0x00000551  x6:0x00000000
       18305000	      1829	80005c70	00079993	slli	x19,x15,0x0	 x15:0xffffe000 x19=0xffffe000
       18315000	      1830	80005c74	d442ee93	ori	x29,x5,-700	  x5:0x00000000 x29=0xfffffd44
       18325000	      1831	80005c78	008fd3b3	srl	x7,x31,x8	 x31:0x00000000  x8:0x80009fc4  x7=0x00000000
       18335000	      1832	80005c7c	01a49c93	slli	x25,x9,0x1a	  x9:0x000003d4 x25=0x50000000
       18345000	      1833	80005c80	7e313917	auipc	x18,0x7e313	 x18=0xfe318c7c
       18355000	      1834	80005c84	015b5d13	srli	x26,x22,0x15	 x22:0x00000000 x26=0x00000000
       18365000	      1835	80005c88	fd603b93	sltiu	x23,x0,-42	  x0:0x00000000 x23=0x00000001
       18375000	      1836	80005c8c	012835b3	sltu	x11,x16,x18	 x16:0x00000001 x18:0xfe318c7c x11=0x00000001
       18385000	      1837	80005c90	533653b7	lui	x7,0x53365	  x7=0x53365000
       18395000	      1838	80005c94	57c8f293	andi	x5,x17,1404	 x17:0x00000001  x5=0x00000000
       18405000	      1839	80005c98	4090d833	sra	x16,x1,x9	  x1:0x00000000  x9:0x000003d4 x16=0x00000000
       18415000	      1840	80005c9c	400e5193	srai	x3,x28,0x0	 x28:0x80009ef8  x3=0x80009ef8
       18425000	      1841	80005ca0	011b8863	beq	x23,x17,80005cb0	 x23:0x00000001 x17:0x00000001
       18435000	      1842	00000000	00000013	addi	x0,x0,0	  x0:0x00000000
       18445000	      1843	80005cac	00000013	addi	x0,x0,0	  x0:0x00000000
       18455000	      1844	80005cb0	001d17b3	sll	x15,x26,x1	 x26:0x00000000  x1:0x00000000 x15=0x00000000
       18465000	      1845	80005cb4	008ead33	slt	x26,x29,x8	 x29:0xfffffd44  x8:0x80009fc4 x26=0x00000000
       18475000	      1846	80005cb8	8bdc0397	auipc	x7,0x8bdc0	  x7=0x0bdc5cb4
       18485000	      1847	80005cbc	04cda493	slti	x9,x27,76	 x27:0x00000001  x9=0x00000001
       18495000	      1848	80005cc0	00000013	addi	x0,x0,0	  x0:0x00000000
       18505000	      1849	80005cc4	00a29db3	sll	x27,x5,x10	  x5:0x00000000 x10:0x00000000 x27=0x00000000
       18515000	      1850	80005cc8	4024d1b3	sra	x3,x9,x2	  x9:0x00000001  x2:0xa0000000  x3=0x00000001
       18525000	      1851	80005ccc	35370137	lui	x2,0x35370	  x2=0x35370000
       18535000	      1852	80005cd0	01c19eb3	sll	x29,x3,x28	  x3:0x00000001 x28:0x80009ef8 x29=0x01000000
       18545000	      1853	80005cd4	00cb0c63	beq	x22,x12,80005cec	 x22:0x00000000 x12:0x00000000
       18555000	      1854	00000000	00000013	addi	x0,x0,0	  x0:0x00000000
       18565000	      1855	80005ce8	00000013	addi	x0,x0,0	  x0:0x00000000
       18575000	      1856	80005cec	0051d593	srli	x11,x3,0x5	  x3:0x00000001 x11=0x00000000
       18585000	      1857	80005cf0	003f3033	sltu	x0,x30,x3	 x30:0x00000000  x3:0x00000001
       18595000	      1858	80005cf4	013a9393	slli	x7,x21,0x13	 x21:0x00000551  x7=0x2a880000
       18605000	      1859	80005cf8	78b5f117	auipc	x2,0x78b5f	  x2=0xf8b64cf4
       18615000	      1860	80005cfc	0159fc63	bgeu	x19,x21,80005d14	 x19:0xffffe000 x21:0x00000551
       18625000	      1861	00000000	00000013	addi	x0,x0,0	  x0:0x00000000
       18635000	      1862	80005d10	00000013	addi	x0,x0,0	  x0:0x00000000
       18645000	      1863	80005d14	8530b613	sltiu	x12,x1,-1965	  x1:0x00000000 x12=0x00000001
       18655000	      1864	80005d18	012331b3	sltu	x3,x6,x18	  x6:0x00000000 x18:0xfe318c7c  x3=0x00000001
       18665000	      1865	80005d1c	00dee3b3	or	x7,x29,x13	 x29:0x01000000 x13:0x4ff46c1c  x7=0x4ff46c1c
       18675000	      1866	80005d20	01b067b3	or	x15,x0,x27	  x0:0x00000000 x27:0x00000000 x15=0x00000000
       18685000	      1867	80005d24	000a5ab3	srl	x21,x20,x0	 x20:0x00000000  x0:0x00000000 x21=0x00000000
       18695000	      1868	80005d28	39992a13	slti	x20,x18,921	 x18:0xfe318c7c x20=0x00000001
       18705000	      1869	80005d2c	00bd1013	slli	x0,x26,0xb	 x26:0x00000000
       18715000	      1870	80005d30	00907663	bgeu	x0,x9,80005d3c	  x0:0x00000000  x9:0x00000001
       18725000	      1871	80005d34	00863233	sltu	x4,x12,x8	 x12:0x00000001  x8:0x80009fc4  x4=0x00000001
       18735000	      1872	80005d38	03340a63	beq	x8,x19,80005d6c	  x8:0x80009fc4 x19:0xffffe000
       18745000	      1873	80005d3c	0162d1b3	srl	x3,x5,x22	  x5:0x00000000 x22:0x00000000  x3=0x00000000
       18755000	      1874	80005d40	0066d693	srli	x13,x13,0x6	 x13:0x4ff46c1c x13=0x013fd1b0
       18765000	      1875	80005d44	03028863	beq	x5,x16,80005d74	  x5:0x00000000 x16:0x00000000
       18775000	      1876	00000000	00000013	addi	x0,x0,0	  x0:0x00000000
       18785000	      1877	80005d70	00000013	addi	x0,x0,0	  x0:0x00000000
       18795000	      1878	80005d74	65bb3297	auipc	x5,0x65bb3	  x5=0xe5bb8d70
       18805000	      1879	80005d78	01f854b3	srl	x9,x16,x31	 x16:0x00000000 x31:0x00000000  x9=0x00000000
       18815000	      1880	80005d7c	01f2c033	xor	x0,x5,x31	  x5:0xe5bb8d70 x31:0x00000000
       18825000	      1881	80005d80	00000013	addi	x0,x0,0	  x0:0x00000000
       18835000	      1882	80005d84	003e87b3	add	x15,x29,x3	 x29:0x01000000  x3:0x00000000 x15=0x01000000
       18845000	      1883	80005d88	00b39933	sll	x18,x7,x11	  x7:0x4ff46c1c x11:0x00000000 x18=0x4ff46c1c
       18855000	      1884	80005d8c	01edb133	sltu	x2,x27,x30	 x27:0x00000000 x30:0x00000000  x2=0x00000000
       18865000	      1885	80005d90	01d4c933	xor	x18,x9,x29	  x9:0x00000000 x29:0x01000000 x18=0x01000000
       18875000	      1886	80005d94	01fd33b3	sltu	x7,x26,x31	 x26:0x00000000 x31:0x00000000  x7=0x00000000
       18885000	      1887	80005d98	41a55b93	srai	x23,x10,0x1a	 x10:0x00000000 x23=0x00000000
       18895000	      1888	80005d9c	013b83b3	add	x7,x23,x19	 x23:0x00000000 x19:0xffffe000  x7=0xffffe000
       18905000	      1889	80005da0	009a1913	slli	x18,x20,0x9	 x20:0x00000001 x18=0x00000200
       18915000	      1890	80005da4	41d45793	srai	x15,x8,0x1d	  x8:0x80009fc4 x15=0xfffffffc
       18925000	      1891	80005da8	05624263	blt	x4,x22,80005dec	  x4:0x00000001 x22:0x00000000
       18935000	      1892	80005dac	4166d593	srai	x11,x13,0x16	 x13:0x013fd1b0 x11=0x00000004
       18945000	      1893	80005db0	01042533	slt	x10,x8,x16	  x8:0x80009fc4 x16:0x00000000 x10=0x00000001
       18955000	      1894	80005db4	41d38c33	sub	x24,x7,x29	  x7:0xffffe000 x29:0x01000000 x24=0xfeffe000
       18965000	      1895	80005db8	43d85837	lui	x16,0x43d85	 x16=0x43d85000
       18975000	      1896	80005dbc	01619793	slli	x15,x3,0x16	  x3:0x00000000 x15=0x00000000
       18985000	      1897	80005dc0	00716eb3	or	x29,x2,x7	  x2:0x00000000  x7:0xffffe000 x29=0xffffe000
       18995000	      1898	80005dc4	220e7213	andi	x4,x28,544	 x28:0x80009ef8  x4=0x00000220
       19005000	      1899	80005dc8	01c85863	bge	x16,x28,80005dd8	 x16:0x43d85000 x28:0x80009ef8
       19015000	      1900	00000000	00000013	addi	x0,x0,0	  x0:0x00000000
       19025000	      1901	80005dd4	00000013	addi	x0,x0,0	  x0:0x00000000
       19035000	      1902	80005dd8	0321da63	bge	x3,x18,80005e0c	  x3:0x00000000 x18:0x00000200
       19045000	      1903	80005ddc	023d5663	bge	x26,x3,80005e08	 x26:0x00000000  x3:0x00000000
       19055000	      1904	00000000	00000013	addi	x0,x0,0	  x0:0x00000000
       19065000	      1905	80005e04	00000013	addi	x0,x0,0	  x0:0x00000000
       19075000	      1906	80005e08	01d18263	beq	x3,x29,80005e0c	  x3:0x00000000 x29:0xffffe000
       19085000	      1907	80005e0c	01694663	blt	x18,x22,80005e18	 x18:0x00000200 x22:0x00000000
       19095000	      1908	80005e10	01ec4263	blt	x24,x30,80005e14	 x24:0xfeffe000 x30:0x00000000
       19105000	      1909	00000000	00000013	addi	x0,x0,0	  x0:0x00000000
       19115000	      1910	80005e10	00000013	addi	x0,x0,0	  x0:0x00000000
       19125000	      1911	80005e14	0025fc63	bgeu	x11,x2,80005e2c	 x11:0x00000004  x2:0x00000000
       19135000	      1912	00000000	00000013	addi	x0,x0,0	  x0:0x00000000
       19145000	      1913	80005e28	00000013	addi	x0,x0,0	  x0:0x00000000
       19155000	      1914	80005e2c	0174db13	srli	x22,x9,0x17	  x9:0x00000000 x22=0x00000000
       19165000	      1915	80005e30	c1d75817	auipc	x16,0xc1d75	 x16=0x41d7ae2c
       19175000	      1916	80005e34	00612733	slt	x14,x2,x6	  x2:0x00000000  x6:0x00000000 x14=0x00000000
       19185000	      1917	80005e38	85a701b7	lui	x3,0x85a70	  x3=0x85a70000
       19195000	      1918	80005e3c	019a7e63	bgeu	x20,x25,80005e58	 x20:0x00000001 x25:0x50000000
       19205000	      1919	80005e40	309a7f13	andi	x30,x20,777	 x20:0x00000001 x30=0x00000001
       19215000	      1920	80005e44	01fb8ab3	add	x21,x23,x31	 x23:0x00000000 x31:0x00000000 x21=0x00000000
       19225000	      1921	80005e48	40da07b3	sub	x15,x20,x13	 x20:0x00000001 x13:0x013fd1b0 x15=0xfec02e51
       19235000	      1922	80005e4c	e1b53f17	auipc	x30,0xe1b53	 x30=0x61b58e48
       19245000	      1923	80005e50	402f8233	sub	x4,x31,x2	 x31:0x00000000  x2:0x00000000  x4=0x00000000
       19255000	      1924	80005e54	017ed5b3	srl	x11,x29,x23	 x29:0xffffe000 x23:0x00000000 x11=0xffffe000
       19265000	      1925	80005e58	00000013	addi	x0,x0,0	  x0:0x00000000
       19275000	      1926	80005e5c	01264d33	xor	x26,x12,x18	 x12:0x00000001 x18:0x00000200 x26=0x00000201
       19285000	      1927	80005e60	e81e4f93	xori	x31,x28,-383	 x28:0x80009ef8 x31=0x7fff6079
       19295000	      1928	80005e64	01cac8b3	xor	x17,x21,x28	 x21:0x00000000 x28:0x80009ef8 x17=0x80009ef8
       19305000	      1929	80005e68	0139b7b3	sltu	x15,x19,x19	 x19:0xffffe000 x19:0xffffe000 x15=0x00000000
       19315000	      1930	80005e6c	00ed7f33	and	x30,x26,x14	 x26:0x00000201 x14:0x00000000 x30=0x00000000
       19325000	      1931	80005e70	10fdcf13	xori	x30,x27,271	 x27:0x00000000 x30=0x0000010f
       19335000	      1932	80005e74	f656b217	auipc	x4,0xf656b	  x4=0x76570e70
       19345000	      1933	80005e78	021d7a63	bgeu	x26,x1,80005eac	 x26:0x00000201  x1:0x00000000
       19355000	      1934	00000000	00000013	addi	x0,x0,0	  x0:0x00000000
       19365000	      1935	80005ea8	00000013	addi	x0,x0,0	  x0:0x00000000
       19375000	      1936	80005eac	415dd733	sra	x14,x27,x21	 x27:0x00000000 x21:0x00000000 x14=0x00000000
       19385000	      1937	80005eb0	40ee5eb3	sra	x29,x28,x14	 x28:0x80009ef8 x14:0x00000000 x29=0x80009ef8
       19395000	      1938	80005eb4	00931b13	slli	x22,x6,0x9	  x6:0x00000000 x22=0x00000000
       19405000	      1939	80005eb8	2e3ccf93	xori	x31,x25,739	 x25:0x50000000 x31=0x500002e3
       19415000	      1940	80005ebc	35d13c93	sltiu	x25,x2,861	  x2:0x00000000 x25=0x00000001
       19425000	      1941	80005ec0	00128233	add	x4,x5,x1	  x5:0xe5bb8d70  x1:0x00000000  x4=0xe5bb8d70
       19435000	      1942	80005ec4	00cab4b3	sltu	x9,x21,x12	 x21:0x00000000 x12:0x00000001  x9=0x00000001
       19445000	      1943	80005ec8	00f00f33	add	x30,x0,x15	  x0:0x00000000 x15:0x00000000 x30=0x00000000
       19455000	      1944	80005ecc	007b1863	bne	x22,x7,80005edc	 x22:0x00000000  x7:0xffffe000
       19465000	      1945	00000000	00000013	addi	x0,x0,0	  x0:0x00000000
       19475000	      1946	80005ed8	00000013	addi	x0,x0,0	  x0:0x00000000
       19485000	      1947	80005edc	003a4c33	xor	x24,x20,x3	 x20:0x00000001  x3:0x85a70000 x24=0x85a70001
       19495000	      1948	80005ee0	01370863	beq	x14,x19,80005ef0	 x14:0x00000000 x19:0xffffe000
       19505000	      1949	80005ee4	009ba7b3	slt	x15,x23,x9	 x23:0x00000000  x9:0x00000001 x15=0x00000001
       19515000	      1950	80005ee8	00e162b3	or	x5,x2,x14	  x2:0x00000000 x14:0x00000000  x5=0x00000000
       19525000	      1951	80005eec	404c5c13	srai	x24,x24,0x4	 x24:0x85a70001 x24=0xf85a7000
       19535000	      1952	80005ef0	0163c933	xor	x18,x7,x22	  x7:0xffffe000 x22:0x00000000 x18=0xffffe000
       19545000	      1953	80005ef4	cdbfe613	ori	x12,x31,-805	 x31:0x500002e3 x12=0xfffffefb
       19555000	      1954	80005ef8	44c6e193	ori	x3,x13,1100	 x13:0x013fd1b0  x3=0x013fd5fc
       19565000	      1955	80005efc	004a5263	bge	x20,x4,80005f00	 x20:0x00000001  x4:0xe5bb8d70
       19575000	      1956	00000000	00000013	addi	x0,x0,0	  x0:0x00000000
       19585000	      1957	80005efc	00000013	addi	x0,x0,0	  x0:0x00000000
       19595000	      1958	80005f00	40278c33	sub	x24,x15,x2	 x15:0x00000001  x2:0x00000000 x24=0x00000001
       19605000	      1959	80005f04	01e0e3b3	or	x7,x1,x30	  x1:0x00000000 x30:0x00000000  x7=0x00000000
       19615000	      1960	80005f08	03748a63	beq	x9,x23,80005f3c	  x9:0x00000001 x23:0x00000000
       19625000	      1961	80005f0c	021cd063	bge	x25,x1,80005f2c	 x25:0x00000001  x1:0x00000000
       19635000	      1962	00000000	00000013	addi	x0,x0,0	  x0:0x00000000
       19645000	      1963	80005f28	00000013	addi	x0,x0,0	  x0:0x00000000
       19655000	      1964	80005f2c	16ecc993	xori	x19,x25,366	 x25:0x00000001 x19=0x0000016f
       19665000	      1965	80005f30	0174e863	bltu	x9,x23,80005f40	  x9:0x00000001 x23:0x00000000
       19675000	      1966	80005f34	00e27fb3	and	x31,x4,x14	  x4:0xe5bb8d70 x14:0x00000000 x31=0x00000000
       19685000	      1967	80005f38	014c4263	blt	x24,x20,80005f3c	 x24:0x00000001 x20:0x00000001
       19695000	      1968	80005f3c	67f10393	addi	x7,x2,1663	  x2:0x00000000  x7=0x0000067f
       19705000	      1969	80005f40	68581cb7	lui	x25,0x68581	 x25=0x68581000
       19715000	      1970	80005f44	008a4a63	blt	x20,x8,80005f58	 x20:0x00000001  x8:0x80009fc4
       19725000	      1971	80005f48	00c25663	bge	x4,x12,80005f54	  x4:0xe5bb8d70 x12:0xfffffefb
       19735000	      1972	80005f4c	26de0793	addi	x15,x28,621	 x28:0x80009ef8 x15=0x8000a165
       19745000	      1973	80005f50	db47fc93	andi	x25,x15,-588	 x15:0x8000a165 x25=0x8000a124
       19755000	      1974	80005f54	0131ec63	bltu	x3,x19,80005f6c	  x3:0x013fd5fc x19:0x0000016f
       19765000	      1975	80005f58	00c8acb3	slt	x25,x17,x12	 x17:0x80009ef8 x12:0xfffffefb x25=0x00000001
       19775000	      1976	80005f5c	012fb1b3	sltu	x3,x31,x18	 x31:0x00000000 x18:0xffffe000  x3=0x00000001
       19785000	      1977	80005f60	00019613	slli	x12,x3,0x0	  x3:0x00000001 x12=0x00000001
       19795000	      1978	80005f64	007152b3	srl	x5,x2,x7	  x2:0x00000000  x7:0x0000067f  x5=0x00000000
       19805000	      1979	80005f68	0075d013	srli	x0,x11,0x7	 x11:0xffffe000
       19815000	      1980	80005f6c	004a4663	blt	x20,x4,80005f78	 x20:0x00000001  x4:0xe5bb8d70
       19825000	      1981	80005f70	0117b133	sltu	x2,x15,x17	 x15:0x8000a165 x17:0x80009ef8  x2=0x00000000
       19835000	      1982	80005f74	01147c63	bgeu	x8,x17,80005f8c	  x8:0x80009fc4 x17:0x80009ef8
       19845000	      1983	00000000	00000013	addi	x0,x0,0	  x0:0x00000000
       19855000	      1984	80005f88	00000013	addi	x0,x0,0	  x0:0x00000000
       19865000	      1985	80005f8c	05db6663	bltu	x22,x29,80005fd8	 x22:0x00000000 x29:0x80009ef8
       19875000	      1986	00000000	00000013	addi	x0,x0,0	  x0:0x00000000
       19885000	      1987	80005fd4	00000013	addi	x0,x0,0	  x0:0x00000000
       19895000	      1988	80005fd8	eb408b13	addi	x22,x1,-332	  x1:0x00000000 x22=0xfffffeb4
       19905000	      1989	80005fdc	0014c863	blt	x9,x1,80005fec	  x9:0x00000001  x1:0x00000000
       19915000	      1990	80005fe0	01f97eb3	and	x29,x18,x31	 x18:0xffffe000 x31:0x00000000 x29=0x00000000
       19925000	      1991	80005fe4	018435b3	sltu	x11,x8,x24	  x8:0x80009fc4 x24:0x00000001 x11=0x00000000
       19935000	      1992	80005fe8	02924a63	blt	x4,x9,8000601c	  x4:0xe5bb8d70  x9:0x00000001
       19945000	      1993	00000000	00000013	addi	x0,x0,0	  x0:0x00000000
       19955000	      1994	80006018	00000013	addi	x0,x0,0	  x0:0x00000000
       19965000	      1995	8000601c	2bab0a97	auipc	x21,0x2bab0	 x21=0xabab6018
       19975000	      1996	80006020	018639b3	sltu	x19,x12,x24	 x12:0x00000001 x24:0x00000001 x19=0x00000000
       19985000	      1997	80006024	008b5113	srli	x2,x22,0x8	 x22:0xfffffeb4  x2=0x00fffffe
       19995000	      1998	80006028	05aad263	bge	x21,x26,8000606c	 x21:0xabab6018 x26:0x00000201
       20005000	      1999	8000602c	01e86863	bltu	x16,x30,8000603c	 x16:0x41d7ae2c x30:0x00000000
       20015000	      2000	80006030	41bf56b3	sra	x13,x30,x27	 x30:0x00000000 x27:0x00000000 x13=0x00000000
       20025000	      2001	80006034	3b78af97	auipc	x31,0x3b78a	 x31=0xbb790030
       20035000	      2002	80006038	73a68893	addi	x17,x13,1850	 x13:0x00000000 x17=0x0000073a
       20045000	      2003	8000603c	004b1863	bne	x22,x4,8000604c	 x22:0xfffffeb4  x4:0xe5bb8d70
       20055000	      2004	00000000	00000013	addi	x0,x0,0	  x0:0x00000000
       20065000	      2005	80006048	00000013	addi	x0,x0,0	  x0:0x00000000
       20075000	      2006	8000604c	027b8663	beq	x23,x7,80006078	 x23:0x00000000  x7:0x0000067f
       20085000	      2007	80006050	02c97263	bgeu	x18,x12,80006074	 x18:0xffffe000 x12:0x00000001
       20095000	      2008	00000000	00000013	addi	x0,x0,0	  x0:0x00000000
       20105000	      2009	80006070	00000013	addi	x0,x0,0	  x0:0x00000000
       20115000	      2010	80006074	015c5613	srli	x12,x24,0x15	 x24:0x00000001 x12=0x00000000
       20125000	      2011	80006078	01297cb3	and	x25,x18,x18	 x18:0xffffe000 x18:0xffffe000 x25=0xffffe000
       20135000	      2012	8000607c	41f3dc33	sra	x24,x7,x31	  x7:0x0000067f x31:0xbb790030 x24=0x00000000
       20145000	      2013	80006080	1fea3f93	sltiu	x31,x20,510	 x20:0x00000001 x31=0x00000001
       20155000	      2014	80006084	03a9d863	bge	x19,x26,800060b4	 x19:0x00000000 x26:0x00000201
       20165000	      2015	80006088	02f09063	bne	x1,x15,800060a8	  x1:0x00000000 x15:0x8000a165
       20175000	      2016	00000000	00000013	addi	x0,x0,0	  x0:0x00000000
       20185000	      2017	800060a4	00000013	addi	x0,x0,0	  x0:0x00000000
       20195000	      2018	800060a8	04d44663	blt	x8,x13,800060f4	  x8:0x80009fc4 x13:0x00000000
       20205000	      2019	00000000	00000013	addi	x0,x0,0	  x0:0x00000000
       20215000	      2020	800060f0	00000013	addi	x0,x0,0	  x0:0x00000000
       20225000	      2021	800060f4	0113b033	sltu	x0,x7,x17	  x7:0x0000067f x17:0x0000073a
       20235000	      2022	800060f8	3ec61897	auipc	x17,0x3ec61	 x17=0xbec670f4
       20245000	      2023	800060fc	00ca9a33	sll	x20,x21,x12	 x21:0xabab6018 x12:0x00000000 x20=0xabab6018
       20255000	      2024	80006100	00025a13	srli	x20,x4,0x0	  x4:0xe5bb8d70 x20=0xe5bb8d70
       20265000	      2025	80006104	41b5c093	xori	x1,x11,1051	 x11:0x00000000  x1=0x0000041b
       20275000	      2026	80006108	0032d7b3	srl	x15,x5,x3	  x5:0x00000000  x3:0x00000001 x15=0x00000000
       20285000	      2027	8000610c	0111ab33	slt	x22,x3,x17	  x3:0x00000001 x17:0xbec670f4 x22=0x00000000
       20295000	      2028	80006110	d3e9ff13	andi	x30,x19,-706	 x19:0x00000000 x30=0x00000000
       20305000	      2029	80006114	003d5f13	srli	x30,x26,0x3	 x26:0x00000201 x30=0x00000040
       20315000	      2030	80006118	0159d613	srli	x12,x19,0x15	 x19:0x00000000 x12=0x00000000
       20325000	      2031	8000611c	2181eb93	ori	x23,x3,536	  x3:0x00000001 x23=0x00000219
       20335000	      2032	80006120	00265293	srli	x5,x12,0x2	 x12:0x00000000  x5=0x00000000
       20345000	      2033	80006124	01746633	or	x12,x8,x23	  x8:0x80009fc4 x23:0x00000219 x12=0x80009fdd
       20355000	      2034	80006128	00519e63	bne	x3,x5,80006144	  x3:0x00000001  x5:0x00000000
       20365000	      2035	00000000	00000013	addi	x0,x0,0	  x0:0x00000000
       20375000	      2036	80006140	00000013	addi	x0,x0,0	  x0:0x00000000
       20385000	      2037	80006144	04c8d263	bge	x17,x12,80006188	 x17:0xbec670f4 x12:0x80009fdd
       20395000	      2038	00000000	00000013	addi	x0,x0,0	  x0:0x00000000
       20405000	      2039	80006184	00000013	addi	x0,x0,0	  x0:0x00000000
       20415000	      2040	80006188	d1b90f93	addi	x31,x18,-741	 x18:0xffffe000 x31=0xffffdd1b
       20425000	      2041	8000618c	411ad893	srai	x17,x21,0x11	 x21:0xabab6018 x17=0xffffd5d5
       20435000	      2042	80006190	40ed51b3	sra	x3,x26,x14	 x26:0x00000201 x14:0x00000000  x3=0x00000201
       20445000	      2043	80006194	0017d093	srli	x1,x15,0x1	 x15:0x00000000  x1=0x00000000
       20455000	      2044	80006198	00000013	addi	x0,x0,0	  x0:0x00000000
       20465000	      2045	8000619c	00000013	addi	x0,x0,0	  x0:0x00000000
       20475000	      2046	800061a0	020a6663	bltu	x20,x0,800061cc	 x20:0xe5bb8d70  x0:0x00000000
       20485000	      2047	800061a4	0171d5b3	srl	x11,x3,x23	  x3:0x00000201 x23:0x00000219 x11=0x00000000
       20495000	      2048	800061a8	0057d733	srl	x14,x15,x5	 x15:0x00000000  x5:0x00000000 x14=0x00000000
       20505000	      2049	800061ac	01b5c263	blt	x11,x27,800061b0	 x11:0x00000000 x27:0x00000000
       20515000	      2050	800061b0	d69d3893	sltiu	x17,x26,-663	 x26:0x00000201 x17=0x00000001
       20525000	      2051	800061b4	03a77663	bgeu	x14,x26,800061e0	 x14:0x00000000 x26:0x00000201
       20535000	      2052	800061b8	010521b3	slt	x3,x10,x16	 x10:0x00000001 x16:0x41d7ae2c  x3=0x00000001
       20545000	      2053	800061bc	0182d863	bge	x5,x24,800061cc	  x5:0x00000000 x24:0x00000000
       20555000	      2054	00000000	00000013	addi	x0,x0,0	  x0:0x00000000
       20565000	      2055	800061c8	00000013	addi	x0,x0,0	  x0:0x00000000
       20575000	      2056	800061cc	93a4fa93	andi	x21,x9,-1734	  x9:0x00000001 x21=0x00000000
       20585000	      2057	800061d0	013e4bb3	xor	x23,x28,x19	 x28:0x80009ef8 x19:0x00000000 x23=0x80009ef8
       20595000	      2058	800061d4	58464b93	xori	x23,x12,1412	 x12:0x80009fdd x23=0x80009a59
       20605000	      2059	800061d8	012b28b3	slt	x17,x22,x18	 x22:0x00000000 x18:0xffffe000 x17=0x00000000
       20615000	      2060	800061dc	0038ec63	bltu	x17,x3,800061f4	 x17:0x00000000  x3:0x00000001
       20625000	      2061	00000000	00000013	addi	x0,x0,0	  x0:0x00000000
       20635000	      2062	800061f0	00000013	addi	x0,x0,0	  x0:0x00000000
       20645000	      2063	800061f4	00000013	addi	x0,x0,0	  x0:0x00000000
       20655000	      2064	800061f8	41fd5d33	sra	x26,x26,x31	 x26:0x00000201 x31:0xffffdd1b x26=0x00000000
       20665000	      2065	800061fc	00cadcb3	srl	x25,x21,x12	 x21:0x00000000 x12:0x80009fdd x25=0x00000000
       20675000	      2066	80006200	a802a293	slti	x5,x5,-1408	  x5:0x00000000  x5=0x00000000
       20685000	      2067	80006204	0576f663	bgeu	x13,x23,80006250	 x13:0x00000000 x23:0x80009a59
       20695000	      2068	80006208	01c6b533	sltu	x10,x13,x28	 x13:0x00000000 x28:0x80009ef8 x10=0x00000001
       20705000	      2069	8000620c	0076b6b3	sltu	x13,x13,x7	 x13:0x00000000  x7:0x0000067f x13=0x00000001
       20715000	      2070	80006210	00f21db3	sll	x27,x4,x15	  x4:0xe5bb8d70 x15:0x00000000 x27=0xe5bb8d70
       20725000	      2071	80006214	0212c663	blt	x5,x1,80006240	  x5:0x00000000  x1:0x00000000
       20735000	      2072	80006218	a14a56b7	lui	x13,0xa14a5	 x13=0xa14a5000
       20745000	      2073	8000621c	00d17a63	bgeu	x2,x13,80006230	  x2:0x00fffffe x13:0xa14a5000
       20755000	      2074	80006220	0366da63	bge	x13,x22,80006254	 x13:0xa14a5000 x22:0x00000000
       20765000	      2075	80006224	418d0ab3	sub	x21,x26,x24	 x26:0x00000000 x24:0x00000000 x21=0x00000000
       20775000	      2076	80006228	c2ada613	slti	x12,x27,-982	 x27:0xe5bb8d70 x12=0x00000001
       20785000	      2077	8000622c	f798a393	slti	x7,x17,-135	 x17:0x00000000  x7=0x00000000
       20795000	      2078	80006230	00000013	addi	x0,x0,0	  x0:0x00000000
       20805000	      2079	80006234	135efc93	andi	x25,x29,309	 x29:0x00000000 x25=0x00000000
       20815000	      2080	80006238	006848b3	xor	x17,x16,x6	 x16:0x41d7ae2c  x6:0x00000000 x17=0x41d7ae2c
       20825000	      2081	8000623c	4184bc93	sltiu	x25,x9,1048	  x9:0x00000001 x25=0x00000001
       20835000	      2082	80006240	01a26c63	bltu	x4,x26,80006258	  x4:0xe5bb8d70 x26:0x00000000
       20845000	      2083	80006244	01ad2db3	slt	x27,x26,x26	 x26:0x00000000 x26:0x00000000 x27=0x00000000
       20855000	      2084	80006248	00f0d2b3	srl	x5,x1,x15	  x1:0x00000000 x15:0x00000000  x5=0x00000000
       20865000	      2085	8000624c	0c880863	beq	x16,x8,8000631c	 x16:0x41d7ae2c  x8:0x80009fc4
       20875000	      2086	80006250	01e102b3	add	x5,x2,x30	  x2:0x00fffffe x30:0x00000040  x5=0x0100003e
       20885000	      2087	80006254	00f5a6b3	slt	x13,x11,x15	 x11:0x00000000 x15:0x00000000 x13=0x00000000
       20895000	      2088	80006258	0a489663	bne	x17,x4,80006304	 x17:0x41d7ae2c  x4:0xe5bb8d70
       20905000	      2089	00000000	00000013	addi	x0,x0,0	  x0:0x00000000
       20915000	      2090	80006300	00000013	addi	x0,x0,0	  x0:0x00000000
       20925000	      2091	80006304	01ed0663	beq	x26,x30,80006310	 x26:0x00000000 x30:0x00000040
       20935000	      2092	80006308	025cea63	bltu	x25,x5,8000633c	 x25:0x00000001  x5:0x0100003e
       20945000	      2093	00000000	00000013	addi	x0,x0,0	  x0:0x00000000
       20955000	      2094	80006338	00000013	addi	x0,x0,0	  x0:0x00000000
       20965000	      2095	8000633c	00259263	bne	x11,x2,80006340	 x11:0x00000000  x2:0x00fffffe
       20975000	      2096	00000000	00000013	addi	x0,x0,0	  x0:0x00000000
       20985000	      2097	8000633c	00000013	addi	x0,x0,0	  x0:0x00000000
       20995000	      2098	80006340	41755db3	sra	x27,x10,x23	 x10:0x00000001 x23:0x80009a59 x27=0x00000000
       21005000	      2099	80006344	409055b3	sra	x11,x0,x9	  x0:0x00000000  x9:0x00000001 x11=0x00000000
       21015000	      2100	80006348	01979663	bne	x15,x25,80006354	 x15:0x00000000 x25:0x00000001
       21025000	      2101	00000000	00000013	addi	x0,x0,0	  x0:0x00000000
       21035000	      2102	80006350	00000013	addi	x0,x0,0	  x0:0x00000000
       21045000	      2103	80006354	0009ec63	bltu	x19,x0,8000636c	 x19:0x00000000  x0:0x00000000
       21055000	      2104	80006358	00000013	addi	x0,x0,0	  x0:0x00000000
       21065000	      2105	8000635c	03b3d663	bge	x7,x27,80006388	  x7:0x00000000 x27:0x00000000
       21075000	      2106	00000000	00000013	addi	x0,x0,0	  x0:0x00000000
       21085000	      2107	80006384	00000013	addi	x0,x0,0	  x0:0x00000000
       21095000	      2108	80006388	00f90263	beq	x18,x15,8000638c	 x18:0xffffe000 x15:0x00000000
       21105000	      2109	8000638c	00000013	addi	x0,x0,0	  x0:0x00000000
       21115000	      2110	80006390	051b6263	bltu	x22,x17,800063d4	 x22:0x00000000 x17:0x41d7ae2c
       21125000	      2111	00000000	00000013	addi	x0,x0,0	  x0:0x00000000
       21135000	      2112	800063d0	00000013	addi	x0,x0,0	  x0:0x00000000
       21145000	      2113	800063d4	01f428b3	slt	x17,x8,x31	  x8:0x80009fc4 x31:0xffffdd1b x17=0x00000001
       21155000	      2114	800063d8	00b9d533	srl	x10,x19,x11	 x19:0x00000000 x11:0x00000000 x10=0x00000000
       21165000	      2115	800063dc	00000013	addi	x0,x0,0	  x0:0x00000000
       21175000	      2116	800063e0	045c5663	bge	x24,x5,8000642c	 x24:0x00000000  x5:0x0100003e
       21185000	      2117	800063e4	017b33b3	sltu	x7,x22,x23	 x22:0x00000000 x23:0x80009a59  x7=0x00000001
       21195000	      2118	800063e8	00c70633	add	x12,x14,x12	 x14:0x00000000 x12:0x00000001 x12=0x00000001
       21205000	      2119	800063ec	f42df493	andi	x9,x27,-190	 x27:0x00000000  x9=0x00000000
       21215000	      2120	800063f0	0157d613	srli	x12,x15,0x15	 x15:0x00000000 x12=0x00000000
       21225000	      2121	800063f4	d6e6ca17	auipc	x20,0xd6e6c	 x20=0x56e723f0
       21235000	      2122	800063f8	00000013	addi	x0,x0,0	  x0:0x00000000
       21245000	      2123	800063fc	008f5663	bge	x30,x8,80006408	 x30:0x00000040  x8:0x80009fc4
       21255000	      2124	00000000	00000013	addi	x0,x0,0	  x0:0x00000000
       21265000	      2125	80006404	00000013	addi	x0,x0,0	  x0:0x00000000
       21275000	      2126	80006408	401c87b3	sub	x15,x25,x1	 x25:0x00000001  x1:0x00000000 x15=0x00000001
       21285000	      2127	8000640c	031c1263	bne	x24,x17,80006430	 x24:0x00000000 x17:0x00000001
       21295000	      2128	00000000	00000013	addi	x0,x0,0	  x0:0x00000000
       21305000	      2129	8000642c	00000013	addi	x0,x0,0	  x0:0x00000000
       21315000	      2130	80006430	019b9693	slli	x13,x23,0x19	 x23:0x80009a59 x13=0xb2000000
       21325000	      2131	80006434	04cd4263	blt	x26,x12,80006478	 x26:0x00000000 x12:0x00000000
       21335000	      2132	80006438	00000013	addi	x0,x0,0	  x0:0x00000000
       21345000	      2133	8000643c	85c92593	slti	x11,x18,-1956	 x18:0xffffe000 x11=0x00000001
       21355000	      2134	80006440	00631c93	slli	x25,x6,0x6	  x6:0x00000000 x25=0x00000000
       21365000	      2135	80006444	00ec63b3	or	x7,x24,x14	 x24:0x00000000 x14:0x00000000  x7=0x00000000
       21375000	      2136	80006448	03c1c463	blt	x3,x28,80006470	  x3:0x00000001 x28:0x80009ef8
       21385000	      2137	8000644c	6fcce893	ori	x17,x25,1788	 x25:0x00000000 x17=0x000006fc
       21395000	      2138	80006450	03a2fa63	bgeu	x5,x26,80006484	  x5:0x0100003e x26:0x00000000
       21405000	      2139	00000000	00000013	addi	x0,x0,0	  x0:0x00000000
       21415000	      2140	80006480	00000013	addi	x0,x0,0	  x0:0x00000000
       21425000	      2141	80006484	75e96793	ori	x15,x18,1886	 x18:0xffffe000 x15=0xffffe75e
       21435000	      2142	80006488	02b85a63	bge	x16,x11,800064bc	 x16:0x41d7ae2c x11:0x00000001
       21445000	      2143	00000000	00000013	addi	x0,x0,0	  x0:0x00000000
       21455000	      2144	800064b8	00000013	addi	x0,x0,0	  x0:0x00000000
       21465000	      2145	800064bc	00ac5033	srl	x0,x24,x10	 x24:0x00000000 x10:0x00000000
       21475000	      2146	800064c0	01229f13	slli	x30,x5,0x12	  x5:0x0100003e x30=0x00f80000
       21485000	      2147	800064c4	419d5833	sra	x16,x26,x25	 x26:0x00000000 x25:0x00000000 x16=0x00000000
       21495000	      2148	800064c8	005ca933	slt	x18,x25,x5	 x25:0x00000000  x5:0x0100003e x18=0x00000001
       21505000	      2149	800064cc	0c92b593	sltiu	x11,x5,201	  x5:0x0100003e x11=0x00000000
       21515000	      2150	800064d0	fc34bc93	sltiu	x25,x9,-61	  x9:0x00000000 x25=0x00000001
       21525000	      2151	800064d4	000d5e63	bge	x26,x0,800064f0	 x26:0x00000000  x0:0x00000000
       21535000	      2152	00000000	00000013	addi	x0,x0,0	  x0:0x00000000
       21545000	      2153	800064ec	00000013	addi	x0,x0,0	  x0:0x00000000
       21555000	      2154	800064f0	400bdb93	srai	x23,x23,0x0	 x23:0x80009a59 x23=0x80009a59
       21565000	      2155	800064f4	01741cb3	sll	x25,x8,x23	  x8:0x80009fc4 x23:0x80009a59 x25=0x88000000
       21575000	      2156	800064f8	675d3613	sltiu	x12,x26,1653	 x26:0x00000000 x12=0x00000001
       21585000	      2157	800064fc	183d3913	sltiu	x18,x26,387	 x26:0x00000000 x18=0x00000001
       21595000	      2158	80006500	00000013	addi	x0,x0,0	  x0:0x00000000
       21605000	      2159	80006504	02e5da63	bge	x11,x14,80006538	 x11:0x00000000 x14:0x00000000
       21615000	      2160	00000000	00000013	addi	x0,x0,0	  x0:0x00000000
       21625000	      2161	80006534	00000013	addi	x0,x0,0	  x0:0x00000000
       21635000	      2162	80006538	03805a63	bge	x0,x24,8000656c	  x0:0x00000000 x24:0x00000000
       21645000	      2163	00000000	00000013	addi	x0,x0,0	  x0:0x00000000
       21655000	      2164	80006568	00000013	addi	x0,x0,0	  x0:0x00000000
       21665000	      2165	8000656c	02b2fa63	bgeu	x5,x11,800065a0	  x5:0x0100003e x11:0x00000000
       21675000	      2166	00000000	00000013	addi	x0,x0,0	  x0:0x00000000
       21685000	      2167	8000659c	00000013	addi	x0,x0,0	  x0:0x00000000
       21695000	      2168	800065a0	01834533	xor	x10,x6,x24	  x6:0x00000000 x24:0x00000000 x10=0x00000000
       21705000	      2169	800065a4	413e5933	sra	x18,x28,x19	 x28:0x80009ef8 x19:0x00000000 x18=0x80009ef8
       21715000	      2170	800065a8	7ef88393	addi	x7,x17,2031	 x17:0x000006fc  x7=0x00000eeb
       21725000	      2171	800065ac	019fea33	or	x20,x31,x25	 x31:0xffffdd1b x25:0x88000000 x20=0xffffdd1b
       21735000	      2172	800065b0	01d87a33	and	x20,x16,x29	 x16:0x00000000 x29:0x00000000 x20=0x00000000
       21745000	      2173	800065b4	ed443b37	lui	x22,0xed443	 x22=0xed443000
       21755000	      2174	800065b8	38bab293	sltiu	x5,x21,907	 x21:0x00000000  x5=0x00000001
       21765000	      2175	800065bc	00225eb3	srl	x29,x4,x2	  x4:0xe5bb8d70  x2:0x00fffffe x29=0x00000003
       21775000	      2176	800065c0	85542b93	slti	x23,x8,-1963	  x8:0x80009fc4 x23=0x00000001
       21785000	      2177	800065c4	df05e2b7	lui	x5,0xdf05e	  x5=0xdf05e000
       21795000	      2178	800065c8	eb8a6a13	ori	x20,x20,-328	 x20:0x00000000 x20=0xfffffeb8
       21805000	      2179	800065cc	00525233	srl	x4,x4,x5	  x4:0xe5bb8d70  x5:0xdf05e000  x4=0xe5bb8d70
       21815000	      2180	800065d0	e4116913	ori	x18,x2,-447	  x2:0x00fffffe x18=0xffffffff
       21825000	      2181	800065d4	03cae463	bltu	x21,x28,800065fc	 x21:0x00000000 x28:0x80009ef8
       21835000	      2182	00000000	00000013	addi	x0,x0,0	  x0:0x00000000
       21845000	      2183	800065f8	00000013	addi	x0,x0,0	  x0:0x00000000
       21855000	      2184	800065fc	00faa633	slt	x12,x21,x15	 x21:0x00000000 x15:0xffffe75e x12=0x00000000
       21865000	      2185	80006600	64272493	slti	x9,x14,1602	 x14:0x00000000  x9=0x00000001
       21875000	      2186	80006604	004e2083	lw	x1,4(x28)	 x28:0x80009ef8  x1=0x80006884 PA:0x80009efc
       21885000	      2187	80006608	006586b3	add	x13,x11,x6	 x11:0x00000000  x6:0x00000000 x13=0x00000000
       21895000	      2188	8000660c	1cbab997	auipc	x19,0x1cbab	 x19=0x9cbb1608
       21905000	      2189	80006610	d1378d17	auipc	x26,0xd1378	 x26=0x5137e60c
       21915000	      2190	80006614	034e0e13	addi	x28,x28,52	 x28:0x80009ef8 x28=0x80009f2c
       21925000	      2191	80006618	e3e24293	xori	x5,x4,-450	  x4:0xe5bb8d70  x5=0x1a44734e
       21935000	      2192	8000661c	01668a33	add	x20,x13,x22	 x13:0x00000000 x22:0xed443000 x20=0xed443000
       21945000	      2193	80006620	01b8cab3	xor	x21,x17,x27	 x17:0x000006fc x27:0x00000000 x21=0x000006fc
       21955000	      2194	80006624	016a2ab3	slt	x21,x20,x22	 x20:0xed443000 x22:0xed443000 x21=0x00000000
       21965000	      2195	80006628	00b91993	slli	x19,x18,0xb	 x18:0xffffffff x19=0xfffff800
       21975000	      2196	8000662c	00108493	addi	x9,x1,1	  x1:0x80006884  x9=0x80006885
       21985000	      2197	80006630	000484e7	jalr	x9,x9,0	  x9:0x80006885  x9=0x80006630
       21995000	      2198	00000000	00000013	addi	x0,x0,0	  x0:0x00000000
       22005000	      2199	80006884	00000013	addi	x0,x0,0	  x0:0x00000000
       22015000	      2200	80006888	fc4d6993	ori	x19,x26,-60	 x26:0x5137e60c x19=0xffffffcc
       22025000	      2201	8000688c	00546ab3	or	x21,x8,x5	  x8:0x80009fc4  x5:0x1a44734e x21=0x9a44ffce
       22035000	      2202	80006890	01b17633	and	x12,x2,x27	  x2:0x00fffffe x27:0x00000000 x12=0x00000000
       22045000	      2203	80006894	00458b33	add	x22,x11,x4	 x11:0x00000000  x4:0xe5bb8d70 x22=0xe5bb8d70
       22055000	      2204	80006898	d492c713	xori	x14,x5,-695	  x5:0x1a44734e x14=0xe5bb8e07
       22065000	      2205	8000689c	04da4863	blt	x20,x13,800068ec	 x20:0xed443000 x13:0x00000000
       22075000	      2206	00000000	00000013	addi	x0,x0,0	  x0:0x00000000
       22085000	      2207	800068e8	00000013	addi	x0,x0,0	  x0:0x00000000
       22095000	      2208	800068ec	40855713	srai	x14,x10,0x8	 x10:0x00000000 x14=0x00000000
       22105000	      2209	800068f0	9fb14013	xori	x0,x2,-1541	  x2:0x00fffffe
       22115000	      2210	800068f4	00ec9633	sll	x12,x25,x14	 x25:0x88000000 x14:0x00000000 x12=0x88000000
       22125000	      2211	800068f8	03ee5a63	bge	x28,x30,8000692c	 x28:0x80009f2c x30:0x00f80000
       22135000	      2212	800068fc	01ea70b3	and	x1,x20,x30	 x20:0xed443000 x30:0x00f80000  x1=0x00400000
       22145000	      2213	80006900	31368b93	addi	x23,x13,787	 x13:0x00000000 x23=0x00000313
       22155000	      2214	80006904	014d1f13	slli	x30,x26,0x14	 x26:0x5137e60c x30=0x60c00000
       22165000	      2215	80006908	297db193	sltiu	x3,x27,663	 x27:0x00000000  x3=0x00000001
       22175000	      2216	8000690c	024ec663	blt	x29,x4,80006938	 x29:0x00000003  x4:0xe5bb8d70
       22185000	      2217	80006910	00afd593	srli	x11,x31,0xa	 x31:0xffffdd1b x11=0x003ffff7
       22195000	      2218	80006914	00037f33	and	x30,x6,x0	  x6:0x00000000  x0:0x00000000 x30=0x00000000
       22205000	      2219	80006918	003d5913	srli	x18,x26,0x3	 x26:0x5137e60c x18=0x0a26fcc1
       22215000	      2220	8000691c	01bcf833	and	x16,x25,x27	 x25:0x88000000 x27:0x00000000 x16=0x00000000
       22225000	      2221	80006920	018a69b3	or	x19,x20,x24	 x20:0xed443000 x24:0x00000000 x19=0xed443000
       22235000	      2222	80006924	01b5dfb3	srl	x31,x11,x27	 x11:0x003ffff7 x27:0x00000000 x31=0x003ffff7
       22245000	      2223	80006928	d8266113	ori	x2,x12,-638	 x12:0x88000000  x2=0xfffffd82
       22255000	      2224	8000692c	c0494093	xori	x1,x18,-1020	 x18:0x0a26fcc1  x1=0xf5d900c5
       22265000	      2225	80006930	037d8463	beq	x27,x23,80006958	 x27:0x00000000 x23:0x00000313
       22275000	      2226	80006934	047c7863	bgeu	x24,x7,80006984	 x24:0x00000000  x7:0x00000eeb
       22285000	      2227	80006938	01f5a633	slt	x12,x11,x31	 x11:0x003ffff7 x31:0x003ffff7 x12=0x00000000
       22295000	      2228	8000693c	54a67913	andi	x18,x12,1354	 x12:0x00000000 x18=0x00000000
       22305000	      2229	80006940	0140af33	slt	x30,x1,x20	  x1:0xf5d900c5 x20:0xed443000 x30=0x00000000
       22315000	      2230	80006944	05e38663	beq	x7,x30,80006990	  x7:0x00000eeb x30:0x00000000
       22325000	      2231	80006948	000a78b3	and	x17,x20,x0	 x20:0xed443000  x0:0x00000000 x17=0x00000000
       22335000	      2232	8000694c	00000013	addi	x0,x0,0	  x0:0x00000000
       22345000	      2233	80006950	01c46e63	bltu	x8,x28,8000696c	  x8:0x80009fc4 x28:0x80009f2c
       22355000	      2234	80006954	df5b9917	auipc	x18,0xdf5b9	 x18=0x5f5bf950
       22365000	      2235	80006958	05761263	bne	x12,x23,8000699c	 x12:0x00000000 x23:0x00000313
       22375000	      2236	00000000	00000013	addi	x0,x0,0	  x0:0x00000000
       22385000	      2237	80006998	00000013	addi	x0,x0,0	  x0:0x00000000
       22395000	      2238	8000699c	0151e2b3	or	x5,x3,x21	  x3:0x00000001 x21:0x9a44ffce  x5=0x9a44ffcf
       22405000	      2239	800069a0	004e9bb3	sll	x23,x29,x4	 x29:0x00000003  x4:0xe5bb8d70 x23=0x00030000
       22415000	      2240	800069a4	13b1b137	lui	x2,0x13b1b	  x2=0x13b1b000
       22425000	      2241	800069a8	00129a63	bne	x5,x1,800069bc	  x5:0x9a44ffcf  x1:0xf5d900c5
       22435000	      2242	00000000	00000013	addi	x0,x0,0	  x0:0x00000000
       22445000	      2243	800069b8	00000013	addi	x0,x0,0	  x0:0x00000000
       22455000	      2244	800069bc	006653b3	srl	x7,x12,x6	 x12:0x00000000  x6:0x00000000  x7=0x00000000
       22465000	      2245	800069c0	37840193	addi	x3,x8,888	  x8:0x80009fc4  x3=0x8000a33c
       22475000	      2246	800069c4	d1f6cc37	lui	x24,0xd1f6c	 x24=0xd1f6c000
       22485000	      2247	800069c8	009bc2b3	xor	x5,x23,x9	 x23:0x00030000  x9:0x80006630  x5=0x80036630
       22495000	      2248	800069cc	01402233	slt	x4,x0,x20	  x0:0x00000000 x20:0xed443000  x4=0x00000000
       22505000	      2249	800069d0	2c976f13	ori	x30,x14,713	 x14:0x00000000 x30=0x000002c9
       22515000	      2250	800069d4	018ba7b3	slt	x15,x23,x24	 x23:0x00030000 x24:0xd1f6c000 x15=0x00000000
       22525000	      2251	800069d8	01978933	add	x18,x15,x25	 x15:0x00000000 x25:0x88000000 x18=0x88000000
       22535000	      2252	800069dc	006a9233	sll	x4,x21,x6	 x21:0x9a44ffce  x6:0x00000000  x4=0x9a44ffce
       22545000	      2253	800069e0	01e3a833	slt	x16,x7,x30	  x7:0x00000000 x30:0x000002c9 x16=0x00000001
       22555000	      2254	800069e4	00b66c63	bltu	x12,x11,800069fc	 x12:0x00000000 x11:0x003ffff7
       22565000	      2255	00000000	00000013	addi	x0,x0,0	  x0:0x00000000
       22575000	      2256	800069f8	00000013	addi	x0,x0,0	  x0:0x00000000
       22585000	      2257	800069fc	053ce263	bltu	x25,x19,80006a40	 x25:0x88000000 x19:0xed443000
       22595000	      2258	00000000	00000013	addi	x0,x0,0	  x0:0x00000000
       22605000	      2259	80006a3c	00000013	addi	x0,x0,0	  x0:0x00000000
       22615000	      2260	80006a40	01515f93	srli	x31,x2,0x15	  x2:0x13b1b000 x31=0x0000009d
       22625000	      2261	80006a44	00000013	addi	x0,x0,0	  x0:0x00000000
       22635000	      2262	80006a48	00408fb3	add	x31,x1,x4	  x1:0xf5d900c5  x4:0x9a44ffce x31=0x901e0093
       22645000	      2263	80006a4c	6123ae93	slti	x29,x7,1554	  x7:0x00000000 x29=0x00000001
       22655000	      2264	80006a50	2a7375b7	lui	x11,0x2a737	 x11=0x2a737000
       22665000	      2265	80006a54	40e453b3	sra	x7,x8,x14	  x8:0x80009fc4 x14:0x00000000  x7=0x80009fc4
       22675000	      2266	80006a58	0f336513	ori	x10,x6,243	  x6:0x00000000 x10=0x000000f3
       22685000	      2267	80006a5c	004e2083	lw	x1,4(x28)	 x28:0x80009f2c  x1=0x800067b0 PA:0x80009f30
       22695000	      2268	80006a60	266a3d93	sltiu	x27,x20,614	 x20:0xed443000 x27=0x00000000
       22705000	      2269	80006a64	40c982b3	sub	x5,x19,x12	 x19:0xed443000 x12:0x00000000  x5=0xed443000
       22715000	      2270	80006a68	00381493	slli	x9,x16,0x3	 x16:0x00000001  x9=0x00000008
       22725000	      2271	80006a6c	4a17ef93	ori	x31,x15,1185	 x15:0x00000000 x31=0x000004a1
       22735000	      2272	80006a70	040e0e13	addi	x28,x28,64	 x28:0x80009f2c x28=0x80009f6c
       22745000	      2273	80006a74	00857933	and	x18,x10,x8	 x10:0x000000f3  x8:0x80009fc4 x18=0x000000c0
       22755000	      2274	80006a78	016e57b3	srl	x15,x28,x22	 x28:0x80009f6c x22:0xe5bb8d70 x15=0x00008000
       22765000	      2275	80006a7c	00008d93	addi	x27,x1,0	  x1:0x800067b0 x27=0x800067b0
       22775000	      2276	80006a80	000d8de7	jalr	x27,x27,0	 x27:0x800067b0 x27=0x80006a80
       22785000	      2277	00000000	00000013	addi	x0,x0,0	  x0:0x00000000
       22795000	      2278	800067b0	00000013	addi	x0,x0,0	  x0:0x00000000
       22805000	      2279	800067b4	003bd9b3	srl	x19,x23,x3	 x23:0x00030000  x3:0x8000a33c x19=0x00000000
       22815000	      2280	800067b8	01364c63	blt	x12,x19,800067d0	 x12:0x00000000 x19:0x00000000
       22825000	      2281	800067bc	0102a633	slt	x12,x5,x16	  x5:0xed443000 x16:0x00000001 x12=0x00000001
       22835000	      2282	800067c0	01b687b3	add	x15,x13,x27	 x13:0x00000000 x27:0x80006a80 x15=0x80006a80
       22845000	      2283	800067c4	5a6da913	slti	x18,x27,1446	 x27:0x80006a80 x18=0x00000001
       22855000	      2284	800067c8	0153f3b3	and	x7,x7,x21	  x7:0x80009fc4 x21:0x9a44ffce  x7=0x80009fc4
       22865000	      2285	800067cc	0053cdb3	xor	x27,x7,x5	  x7:0x80009fc4  x5:0xed443000 x27=0x6d44afc4
       22875000	      2286	800067d0	00216533	or	x10,x2,x2	  x2:0x13b1b000  x2:0x13b1b000 x10=0x13b1b000
       22885000	      2287	800067d4	00000013	addi	x0,x0,0	  x0:0x00000000
       22895000	      2288	800067d8	68be4513	xori	x10,x28,1675	 x28:0x80009f6c x10=0x800099e7
       22905000	      2289	800067dc	004e2083	lw	x1,4(x28)	 x28:0x80009f6c  x1=0x800001d8 PA:0x80009f70
       22915000	      2290	800067e0	888b3a13	sltiu	x20,x22,-1912	 x22:0xe5bb8d70 x20=0x00000001
       22925000	      2291	800067e4	0163deb3	srl	x29,x7,x22	  x7:0x80009fc4 x22:0xe5bb8d70 x29=0x00008000
       22935000	      2292	800067e8	effeb593	sltiu	x11,x29,-257	 x29:0x00008000 x11=0x00000001
       22945000	      2293	800067ec	4096d533	sra	x10,x13,x9	 x13:0x00000000  x9:0x00000008 x10=0x00000000
       22955000	      2294	800067f0	01b1cf33	xor	x30,x3,x27	  x3:0x8000a33c x27:0x6d44afc4 x30=0xed440cf8
       22965000	      2295	800067f4	018e0e13	addi	x28,x28,24	 x28:0x80009f6c x28=0x80009f84
       22975000	      2296	800067f8	8b12cd13	xori	x26,x5,-1871	  x5:0xed443000 x26=0x12bbc8b1
       22985000	      2297	800067fc	0048e813	ori	x16,x17,4	 x17:0x00000000 x16=0x00000004
       22995000	      2298	80006800	00108213	addi	x4,x1,1	  x1:0x800001d8  x4=0x800001d9
       23005000	      2299	80006804	00020267	jalr	x4,x4,0	  x4:0x800001d9  x4=0x80006804
       23015000	      2300	00000000	00000013	addi	x0,x0,0	  x0:0x00000000
       23025000	      2301	800001d8	00000013	addi	x0,x0,0	  x0:0x00000000
       23035000	      2302	800001dc	92d3a893	slti	x17,x7,-1747	  x7:0x80009fc4 x17=0x00000001
       23045000	      2303	800001e0	00000013	addi	x0,x0,0	  x0:0x00000000
       23055000	      2304	800001e4	001ce463	bltu	x25,x1,800001ec	 x25:0x88000000  x1:0x800001d8
       23065000	      2305	800001e8	ba096113	ori	x2,x18,-1120	 x18:0x00000001  x2=0xfffffba1
       23075000	      2306	800001ec	00602cb3	slt	x25,x0,x6	  x0:0x00000000  x6:0x00000000 x25=0x00000000
       23085000	      2307	800001f0	4044df93	srai	x31,x9,0x4	  x9:0x00000008 x31=0x00000000
       23095000	      2308	800001f4	00000013	addi	x0,x0,0	  x0:0x00000000
       23105000	      2309	800001f8	04dd8463	beq	x27,x13,80000240	 x27:0x6d44afc4 x13:0x00000000
       23115000	      2310	800001fc	04211663	bne	x2,x2,80000248	  x2:0xfffffba1  x2:0xfffffba1
       23125000	      2311	80000200	05827663	bgeu	x4,x24,8000024c	  x4:0x80006804 x24:0xd1f6c000
       23135000	      2312	80000204	3798f837	lui	x16,0x3798f	 x16=0x3798f000
       23145000	      2313	80000208	01129993	slli	x19,x5,0x11	  x5:0xed443000 x19=0x60000000
       23155000	      2314	8000020c	e165fb13	andi	x22,x11,-490	 x11:0x00000001 x22=0x00000000
       23165000	      2315	80000210	02d58263	beq	x11,x13,80000234	 x11:0x00000001 x13:0x00000000
       23175000	      2316	80000214	cff48f93	addi	x31,x9,-769	  x9:0x00000008 x31=0xfffffd07
       23185000	      2317	80000218	406ed2b3	sra	x5,x29,x6	 x29:0x00008000  x6:0x00000000  x5=0x00008000
       23195000	      2318	8000021c	03026c63	bltu	x4,x16,80000254	  x4:0x80006804 x16:0x3798f000
       23205000	      2319	80000220	0375e663	bltu	x11,x23,8000024c	 x11:0x00000001 x23:0x00030000
       23215000	      2320	00000000	00000013	addi	x0,x0,0	  x0:0x00000000
       23225000	      2321	80000248	00000013	addi	x0,x0,0	  x0:0x00000000
       23235000	      2322	8000024c	eb9dcc93	xori	x25,x27,-327	 x27:0x6d44afc4 x25=0x92bb517d
       23245000	      2323	80000250	00dd7833	and	x16,x26,x13	 x26:0x12bbc8b1 x13:0x00000000 x16=0x00000000
       23255000	      2324	80000254	00285833	srl	x16,x16,x2	 x16:0x00000000  x2:0xfffffba1 x16=0x00000000
       23265000	      2325	80000258	40a40633	sub	x12,x8,x10	  x8:0x80009fc4 x10:0x00000000 x12=0x80009fc4
       23275000	      2326	8000025c	009c5c93	srli	x25,x24,0x9	 x24:0xd1f6c000 x25=0x0068fb60
       23285000	      2327	80000260	0065ff33	and	x30,x11,x6	 x11:0x00000001  x6:0x00000000 x30=0x00000000
       23295000	      2328	80000264	41fdd013	srai	x0,x27,0x1f	 x27:0x6d44afc4
       23305000	      2329	80000268	01dc5263	bge	x24,x29,8000026c	 x24:0xd1f6c000 x29:0x00008000
       23315000	      2330	8000026c	0160f233	and	x4,x1,x22	  x1:0x800001d8 x22:0x00000000  x4=0x00000000
       23325000	      2331	80000270	40968fb3	sub	x31,x13,x9	 x13:0x00000000  x9:0x00000008 x31=0xfffffff8
       23335000	      2332	80000274	41155093	srai	x1,x10,0x11	 x10:0x00000000  x1=0x00000000
       23345000	      2333	80000278	b8116613	ori	x12,x2,-1151	  x2:0xfffffba1 x12=0xfffffba1
       23355000	      2334	8000027c	e520ae93	slti	x29,x1,-430	  x1:0x00000000 x29=0x00000000
       23365000	      2335	80000280	08bcb993	sltiu	x19,x25,139	 x25:0x0068fb60 x19=0x00000000
       23375000	      2336	80000284	05980663	beq	x16,x25,800002d0	 x16:0x00000000 x25:0x0068fb60
       23385000	      2337	80000288	99567b93	andi	x23,x12,-1643	 x12:0xfffffba1 x23=0xfffff981
       23395000	      2338	8000028c	19c60813	addi	x16,x12,412	 x12:0xfffffba1 x16=0xfffffd3d
       23405000	      2339	80000290	02bb8463	beq	x23,x11,800002b8	 x23:0xfffff981 x11:0x00000001
       23415000	      2340	80000294	0128dab3	srl	x21,x17,x18	 x17:0x00000001 x18:0x00000001 x21=0x00000000
       23425000	      2341	80000298	00722d33	slt	x26,x4,x7	  x4:0x00000000  x7:0x80009fc4 x26=0x00000000
       23435000	      2342	8000029c	4b660e97	auipc	x29,0x4b660	 x29=0xcb660298
       23445000	      2343	800002a0	50c50713	addi	x14,x10,1292	 x10:0x00000000 x14=0x0000050c
       23455000	      2344	800002a4	00668263	beq	x13,x6,800002a8	 x13:0x00000000  x6:0x00000000
       23465000	      2345	00000000	00000013	addi	x0,x0,0	  x0:0x00000000
       23475000	      2346	800002a4	00000013	addi	x0,x0,0	  x0:0x00000000
       23485000	      2347	800002a8	010088b3	add	x17,x1,x16	  x1:0x00000000 x16:0xfffffd3d x17=0xfffffd3d
       23495000	      2348	800002ac	57eb3613	sltiu	x12,x22,1406	 x22:0x00000000 x12=0x00000001
       23505000	      2349	800002b0	046fd663	bge	x31,x6,800002fc	 x31:0xfffffff8  x6:0x00000000
       23515000	      2350	800002b4	416fd693	srai	x13,x31,0x16	 x31:0xfffffff8 x13=0xffffffff
       23525000	      2351	800002b8	98764917	auipc	x18,0x98764	 x18=0x187642b4
       23535000	      2352	800002bc	b344b697	auipc	x13,0xb344b	 x13=0x3344b2b8
       23545000	      2353	800002c0	00105293	srli	x5,x0,0x1	  x0:0x00000000  x5=0x00000000
       23555000	      2354	800002c4	00ebeb33	or	x22,x23,x14	 x23:0xfffff981 x14:0x0000050c x22=0xfffffd8d
       23565000	      2355	800002c8	01ded093	srli	x1,x29,0x1d	 x29:0xcb660298  x1=0x00000006
       23575000	      2356	800002cc	6e6d0993	addi	x19,x26,1766	 x26:0x00000000 x19=0x000006e6
       23585000	      2357	800002d0	feabc793	xori	x15,x23,-22	 x23:0xfffff981 x15=0x0000066b
       23595000	      2358	800002d4	01bd1293	slli	x5,x26,0x1b	 x26:0x00000000  x5=0x00000000
       23605000	      2359	800002d8	41a25093	srai	x1,x4,0x1a	  x4:0x00000000  x1=0x00000000
       23615000	      2360	800002dc	0121f6b3	and	x13,x3,x18	  x3:0x8000a33c x18:0x187642b4 x13=0x00000234
       23625000	      2361	800002e0	04bf4263	blt	x30,x11,80000324	 x30:0x00000000 x11:0x00000001
       23635000	      2362	00000000	00000013	addi	x0,x0,0	  x0:0x00000000
       23645000	      2363	80000320	00000013	addi	x0,x0,0	  x0:0x00000000
       23655000	      2364	80000324	01506833	or	x16,x0,x21	  x0:0x00000000 x21:0x00000000 x16=0x00000000
       23665000	      2365	80000328	5d592793	slti	x15,x18,1493	 x18:0x187642b4 x15=0x00000000
       23675000	      2366	8000032c	efd13a13	sltiu	x20,x2,-259	  x2:0xfffffba1 x20=0x00000001
       23685000	      2367	80000330	01460233	add	x4,x12,x20	 x12:0x00000001 x20:0x00000001  x4=0x00000002
       23695000	      2368	80000334	00b7d863	bge	x15,x11,80000344	 x15:0x00000000 x11:0x00000001
       23705000	      2369	80000338	16626913	ori	x18,x4,358	  x4:0x00000002 x18=0x00000166
       23715000	      2370	8000033c	504fcf93	xori	x31,x31,1284	 x31:0xfffffff8 x31=0xfffffafc
       23725000	      2371	80000340	06055463	bge	x10,x0,800003a8	 x10:0x00000000  x0:0x00000000
       23735000	      2372	00000000	00000013	addi	x0,x0,0	  x0:0x00000000
       23745000	      2373	800003a4	00000013	addi	x0,x0,0	  x0:0x00000000
       23755000	      2374	800003a8	ecd5aa13	slti	x20,x11,-307	 x11:0x00000001 x20=0x00000000
       23765000	      2375	800003ac	01f28a33	add	x20,x5,x31	  x5:0x00000000 x31:0xfffffafc x20=0xfffffafc
       23775000	      2376	800003b0	40f38533	sub	x10,x7,x15	  x7:0x80009fc4 x15:0x00000000 x10=0x80009fc4
       23785000	      2377	800003b4	f3794793	xori	x15,x18,-201	 x18:0x00000166 x15=0xfffffe51
       23795000	      2378	800003b8	0075dc33	srl	x24,x11,x7	 x11:0x00000001  x7:0x80009fc4 x24=0x00000000
       23805000	      2379	800003bc	00000013	addi	x0,x0,0	  x0:0x00000000
       23815000	      2380	800003c0	00000013	addi	x0,x0,0	  x0:0x00000000
       23825000	      2381	800003c4	048e6863	bltu	x28,x8,80000414	 x28:0x80009f84  x8:0x80009fc4
       23835000	      2382	00000000	00000013	addi	x0,x0,0	  x0:0x00000000
       23845000	      2383	80000410	00000013	addi	x0,x0,0	  x0:0x00000000
       23855000	      2384	80000414	011b1493	slli	x9,x22,0x11	 x22:0xfffffd8d  x9=0xfb1a0000
       23865000	      2385	80000418	01bd9eb3	sll	x29,x27,x27	 x27:0x6d44afc4 x27:0x6d44afc4 x29=0xd44afc40
       23875000	      2386	8000041c	013e5f93	srli	x31,x28,0x13	 x28:0x80009f84 x31=0x00001000
       23885000	      2387	80000420	89ddf513	andi	x10,x27,-1891	 x27:0x6d44afc4 x10=0x6d44a884
       23895000	      2388	80000424	016cafb3	slt	x31,x25,x22	 x25:0x0068fb60 x22:0xfffffd8d x31=0x00000000
       23905000	      2389	80000428	00eb5613	srli	x12,x22,0xe	 x22:0xfffffd8d x12=0x0003ffff
       23915000	      2390	8000042c	00000317	auipc	x6,0x0	  x6=0x80000428
       23925000	      2391	80000430	00c30313	addi	x6,x6,12	  x6:0x80000428  x6=0x80000434
       23935000	      2392	80000434	00030067	jalr	x0,x6,0	  x6:0x80000434
       23945000	      2393	00000000	00000013	addi	x0,x0,0	  x0:0x00000000
       23955000	      2394	80000434	00000013	addi	x0,x0,0	  x0:0x00000000
       23965000	      2395	80000438	00100193	addi	x3,x0,1	  x0:0x00000000  x3=0x00000001
       23975000	      2396	8000043c	00000073	ecall	
       23985000	      2397	80000440	abe80513	addi	x10,x16,-1346	 x16:0x00000000 x10=0xfffffabe
